<?xml version="1.0" encoding="UTF-8"?>
<testsuite xmlns:xsi="http://www.w3.org/2001/XMLSchema-instance" xsi:noNamespaceSchemaLocation="https://maven.apache.org/surefire/maven-surefire-plugin/xsd/surefire-test-report-3.0.xsd" version="3.0" name="org.apache.hadoop.ozone.client.rpc.TestOzoneAtRestEncryption" time="183.409" tests="22" errors="1" skipped="0" failures="0">
  <properties>
    <property name="awt.toolkit" value="sun.awt.X11.XToolkit"/>
    <property name="log4j.configuration" value="kms-log4j.properties"/>
    <property name="java.specification.version" value="1.8"/>
    <property name="file.encoding.pkg" value="sun.io"/>
    <property name="sun.cpu.isalist" value=""/>
    <property name="sun.jnu.encoding" value="UTF-8"/>
    <property name="java.class.path" value="/home/runner/work/ozone/ozone/hadoop-ozone/integration-test/target/test-classes:/home/runner/work/ozone/ozone/hadoop-ozone/integration-test/target/classes:/home/runner/.m2/repository/org/apache/ozone/ozone-common/1.4.0-SNAPSHOT/ozone-common-1.4.0-SNAPSHOT.jar:/home/runner/.m2/repository/io/grpc/grpc-netty/1.51.1/grpc-netty-1.51.1.jar:/home/runner/.m2/repository/io/grpc/grpc-core/1.51.1/grpc-core-1.51.1.jar:/home/runner/.m2/repository/com/google/android/annotations/4.1.1.4/annotations-4.1.1.4.jar:/home/runner/.m2/repository/org/codehaus/mojo/animal-sniffer-annotations/1.21/animal-sniffer-annotations-1.21.jar:/home/runner/.m2/repository/com/google/errorprone/error_prone_annotations/2.2.0/error_prone_annotations-2.2.0.jar:/home/runner/.m2/repository/io/perfmark/perfmark-api/0.25.0/perfmark-api-0.25.0.jar:/home/runner/.m2/repository/io/netty/netty-codec-http2/4.1.94.Final/netty-codec-http2-4.1.94.Final.jar:/home/runner/.m2/repository/io/netty/netty-common/4.1.94.Final/netty-common-4.1.94.Final.jar:/home/runner/.m2/repository/io/netty/netty-buffer/4.1.94.Final/netty-buffer-4.1.94.Final.jar:/home/runner/.m2/repository/io/netty/netty-codec-http/4.1.94.Final/netty-codec-http-4.1.94.Final.jar:/home/runner/.m2/repository/io/netty/netty-handler-proxy/4.1.94.Final/netty-handler-proxy-4.1.94.Final.jar:/home/runner/.m2/repository/io/netty/netty-codec-socks/4.1.94.Final/netty-codec-socks-4.1.94.Final.jar:/home/runner/.m2/repository/io/netty/netty-tcnative-boringssl-static/2.0.61.Final/netty-tcnative-boringssl-static-2.0.61.Final.jar:/home/runner/.m2/repository/io/netty/netty-tcnative-classes/2.0.61.Final/netty-tcnative-classes-2.0.61.Final.jar:/home/runner/.m2/repository/io/netty/netty-tcnative-boringssl-static/2.0.61.Final/netty-tcnative-boringssl-static-2.0.61.Final-linux-x86_64.jar:/home/runner/.m2/repository/io/netty/netty-tcnative-boringssl-static/2.0.61.Final/netty-tcnative-boringssl-static-2.0.61.Final-linux-aarch_64.jar:/home/runner/.m2/repository/io/netty/netty-tcnative-boringssl-static/2.0.61.Final/netty-tcnative-boringssl-static-2.0.61.Final-osx-x86_64.jar:/home/runner/.m2/repository/io/netty/netty-tcnative-boringssl-static/2.0.61.Final/netty-tcnative-boringssl-static-2.0.61.Final-osx-aarch_64.jar:/home/runner/.m2/repository/io/netty/netty-tcnative-boringssl-static/2.0.61.Final/netty-tcnative-boringssl-static-2.0.61.Final-windows-x86_64.jar:/home/runner/.m2/repository/org/apache/commons/commons-compress/1.21/commons-compress-1.21.jar:/home/runner/.m2/repository/org/apache/ozone/hdds-common/1.4.0-SNAPSHOT/hdds-common-1.4.0-SNAPSHOT.jar:/home/runner/.m2/repository/org/apache/ozone/hdds-client/1.4.0-SNAPSHOT/hdds-client-1.4.0-SNAPSHOT.jar:/home/runner/.m2/repository/org/apache/ozone/ozone-interface-client/1.4.0-SNAPSHOT/ozone-interface-client-1.4.0-SNAPSHOT.jar:/home/runner/.m2/repository/org/apache/hadoop/hadoop-hdfs-client/3.3.6/hadoop-hdfs-client-3.3.6.jar:/home/runner/.m2/repository/com/squareup/okhttp3/okhttp/4.9.3/okhttp-4.9.3.jar:/home/runner/.m2/repository/com/squareup/okio/okio/3.4.0/okio-3.4.0.jar:/home/runner/.m2/repository/com/squareup/okio/okio-jvm/3.4.0/okio-jvm-3.4.0.jar:/home/runner/.m2/repository/org/jetbrains/kotlin/kotlin-stdlib-jdk8/1.8.0/kotlin-stdlib-jdk8-1.8.0.jar:/home/runner/.m2/repository/org/jetbrains/kotlin/kotlin-stdlib-jdk7/1.8.0/kotlin-stdlib-jdk7-1.8.0.jar:/home/runner/.m2/repository/org/jetbrains/kotlin/kotlin-stdlib-common/1.6.21/kotlin-stdlib-common-1.6.21.jar:/home/runner/.m2/repository/org/apache/ozone/hdds-test-utils/1.4.0-SNAPSHOT/hdds-test-utils-1.4.0-SNAPSHOT.jar:/home/runner/.m2/repository/com/google/guava/guava/32.0.0-jre/guava-32.0.0-jre.jar:/home/runner/.m2/repository/com/google/guava/failureaccess/1.0.1/failureaccess-1.0.1.jar:/home/runner/.m2/repository/com/google/guava/listenablefuture/9999.0-empty-to-avoid-conflict-with-guava/listenablefuture-9999.0-empty-to-avoid-conflict-with-guava.jar:/home/runner/.m2/repository/com/google/code/findbugs/jsr305/3.0.0/jsr305-3.0.0.jar:/home/runner/.m2/repository/org/checkerframework/checker-qual/3.33.0/checker-qual-3.33.0.jar:/home/runner/.m2/repository/com/google/j2objc/j2objc-annotations/2.8/j2objc-annotations-2.8.jar:/home/runner/.m2/repository/commons-io/commons-io/2.11.0/commons-io-2.11.0.jar:/home/runner/.m2/repository/commons-logging/commons-logging/1.2/commons-logging-1.2.jar:/home/runner/.m2/repository/ch/qos/reload4j/reload4j/1.2.22/reload4j-1.2.22.jar:/home/runner/.m2/repository/org/slf4j/slf4j-api/1.7.36/slf4j-api-1.7.36.jar:/home/runner/.m2/repository/org/apache/logging/log4j/log4j-api/2.17.1/log4j-api-2.17.1.jar:/home/runner/.m2/repository/org/apache/ozone/hdds-server-scm/1.4.0-SNAPSHOT/hdds-server-scm-1.4.0-SNAPSHOT.jar:/home/runner/.m2/repository/org/apache/ozone/hdds-container-service/1.4.0-SNAPSHOT/hdds-container-service-1.4.0-SNAPSHOT.jar:/home/runner/.m2/repository/org/apache/ozone/hdds-hadoop-dependency-server/1.4.0-SNAPSHOT/hdds-hadoop-dependency-server-1.4.0-SNAPSHOT.jar:/home/runner/.m2/repository/org/apache/hadoop/hadoop-hdfs/3.3.6/hadoop-hdfs-3.3.6.jar:/home/runner/.m2/repository/commons-daemon/commons-daemon/1.0.13/commons-daemon-1.0.13.jar:/home/runner/.m2/repository/org/apache/ozone/hdds-server-framework/1.4.0-SNAPSHOT/hdds-server-framework-1.4.0-SNAPSHOT.jar:/home/runner/.m2/repository/io/dropwizard/metrics/metrics-core/3.2.4/metrics-core-3.2.4.jar:/home/runner/.m2/repository/org/apache/commons/commons-text/1.10.0/commons-text-1.10.0.jar:/home/runner/.m2/repository/org/bouncycastle/bcprov-jdk15on/1.67/bcprov-jdk15on-1.67.jar:/home/runner/.m2/repository/com/google/protobuf/protobuf-java/2.5.0/protobuf-java-2.5.0.jar:/home/runner/.m2/repository/org/apache/ozone/hdds-server-framework/1.4.0-SNAPSHOT/hdds-server-framework-1.4.0-SNAPSHOT-tests.jar:/home/runner/.m2/repository/org/apache/ozone/hdds-interface-server/1.4.0-SNAPSHOT/hdds-interface-server-1.4.0-SNAPSHOT.jar:/home/runner/.m2/repository/org/apache/ozone/hdds-interface-admin/1.4.0-SNAPSHOT/hdds-interface-admin-1.4.0-SNAPSHOT.jar:/home/runner/.m2/repository/org/apache/ozone/hdds-managed-rocksdb/1.4.0-SNAPSHOT/hdds-managed-rocksdb-1.4.0-SNAPSHOT.jar:/home/runner/.m2/repository/org/rocksdb/rocksdbjni/7.7.3/rocksdbjni-7.7.3.jar:/home/runner/.m2/repository/org/slf4j/slf4j-reload4j/1.7.36/slf4j-reload4j-1.7.36.jar:/home/runner/.m2/repository/org/apache/commons/commons-configuration2/2.1.1/commons-configuration2-2.1.1.jar:/home/runner/.m2/repository/commons-fileupload/commons-fileupload/1.5/commons-fileupload-1.5.jar:/home/runner/.m2/repository/org/apache/logging/log4j/log4j-core/2.17.1/log4j-core-2.17.1.jar:/home/runner/.m2/repository/com/lmax/disruptor/3.4.2/disruptor-3.4.2.jar:/home/runner/.m2/repository/org/eclipse/jetty/jetty-util/9.4.52.v20230823/jetty-util-9.4.52.v20230823.jar:/home/runner/.m2/repository/org/eclipse/jetty/jetty-server/9.4.52.v20230823/jetty-server-9.4.52.v20230823.jar:/home/runner/.m2/repository/org/eclipse/jetty/jetty-http/9.4.52.v20230823/jetty-http-9.4.52.v20230823.jar:/home/runner/.m2/repository/org/eclipse/jetty/jetty-io/9.4.52.v20230823/jetty-io-9.4.52.v20230823.jar:/home/runner/.m2/repository/org/eclipse/jetty/jetty-servlet/9.4.52.v20230823/jetty-servlet-9.4.52.v20230823.jar:/home/runner/.m2/repository/org/eclipse/jetty/jetty-security/9.4.52.v20230823/jetty-security-9.4.52.v20230823.jar:/home/runner/.m2/repository/org/eclipse/jetty/jetty-util-ajax/9.4.52.v20230823/jetty-util-ajax-9.4.52.v20230823.jar:/home/runner/.m2/repository/org/eclipse/jetty/jetty-webapp/9.4.52.v20230823/jetty-webapp-9.4.52.v20230823.jar:/home/runner/.m2/repository/org/eclipse/jetty/jetty-xml/9.4.52.v20230823/jetty-xml-9.4.52.v20230823.jar:/home/runner/.m2/repository/org/apache/ratis/ratis-server/2.5.1/ratis-server-2.5.1.jar:/home/runner/.m2/repository/org/apache/ratis/ratis-thirdparty-misc/1.0.4/ratis-thirdparty-misc-1.0.4.jar:/home/runner/.m2/repository/org/apache/ratis/ratis-proto/2.5.1/ratis-proto-2.5.1.jar:/home/runner/.m2/repository/org/apache/ratis/ratis-common/2.5.1/ratis-common-2.5.1.jar:/home/runner/.m2/repository/org/apache/ratis/ratis-client/2.5.1/ratis-client-2.5.1.jar:/home/runner/.m2/repository/org/apache/ratis/ratis-server-api/2.5.1/ratis-server-api-2.5.1.jar:/home/runner/.m2/repository/org/apache/ratis/ratis-metrics/2.5.1/ratis-metrics-2.5.1.jar:/home/runner/.m2/repository/io/prometheus/simpleclient_dropwizard/0.7.0/simpleclient_dropwizard-0.7.0.jar:/home/runner/.m2/repository/io/prometheus/simpleclient/0.7.0/simpleclient-0.7.0.jar:/home/runner/.m2/repository/io/prometheus/simpleclient_common/0.7.0/simpleclient_common-0.7.0.jar:/home/runner/.m2/repository/com/fasterxml/jackson/datatype/jackson-datatype-jsr310/2.13.4/jackson-datatype-jsr310-2.13.4.jar:/home/runner/.m2/repository/com/fasterxml/jackson/core/jackson-core/2.13.4/jackson-core-2.13.4.jar:/home/runner/.m2/repository/com/github/spotbugs/spotbugs-annotations/3.1.12/spotbugs-annotations-3.1.12.jar:/home/runner/.m2/repository/org/apache/ozone/rocksdb-checkpoint-differ/1.4.0-SNAPSHOT/rocksdb-checkpoint-differ-1.4.0-SNAPSHOT.jar:/home/runner/.m2/repository/org/jgrapht/jgrapht-core/1.0.1/jgrapht-core-1.0.1.jar:/home/runner/.m2/repository/org/jgrapht/jgrapht-ext/1.0.1/jgrapht-ext-1.0.1.jar:/home/runner/.m2/repository/org/tinyjee/jgraphx/jgraphx/2.0.0.1/jgraphx-2.0.0.1.jar:/home/runner/.m2/repository/jgraph/jgraph/5.13.0.0/jgraph-5.13.0.0.jar:/home/runner/.m2/repository/org/antlr/antlr4-runtime/4.5.3/antlr4-runtime-4.5.3.jar:/home/runner/.m2/repository/org/awaitility/awaitility/4.2.0/awaitility-4.2.0.jar:/home/runner/.m2/repository/org/hamcrest/hamcrest/2.1/hamcrest-2.1.jar:/home/runner/.m2/repository/org/apache/ozone/ozone-manager/1.4.0-SNAPSHOT/ozone-manager-1.4.0-SNAPSHOT.jar:/home/runner/.m2/repository/org/aspectj/aspectjrt/1.9.7/aspectjrt-1.9.7.jar:/home/runner/.m2/repository/org/aspectj/aspectjweaver/1.9.7/aspectjweaver-1.9.7.jar:/home/runner/.m2/repository/org/apache/ozone/hdds-interface-client/1.4.0-SNAPSHOT/hdds-interface-client-1.4.0-SNAPSHOT.jar:/home/runner/.m2/repository/org/apache/hadoop/thirdparty/hadoop-shaded-protobuf_3_7/1.1.1/hadoop-shaded-protobuf_3_7-1.1.1.jar:/home/runner/.m2/repository/org/apache/ozone/ozone-interface-storage/1.4.0-SNAPSHOT/ozone-interface-storage-1.4.0-SNAPSHOT.jar:/home/runner/.m2/repository/org/reflections/reflections/0.9.11/reflections-0.9.11.jar:/home/runner/.m2/repository/com/sun/jersey/jersey-client/1.19/jersey-client-1.19.jar:/home/runner/.m2/repository/org/codehaus/jackson/jackson-core-asl/1.9.13/jackson-core-asl-1.9.13.jar:/home/runner/.m2/repository/org/codehaus/jackson/jackson-mapper-asl/1.9.13/jackson-mapper-asl-1.9.13.jar:/home/runner/.m2/repository/org/codehaus/jackson/jackson-jaxrs/1.9.13/jackson-jaxrs-1.9.13.jar:/home/runner/.m2/repository/org/apache/ranger/ranger-intg/2.3.0/ranger-intg-2.3.0.jar:/home/runner/.m2/repository/org/apache/ranger/ranger-plugins-common/2.3.0/ranger-plugins-common-2.3.0.jar:/home/runner/.m2/repository/commons-lang/commons-lang/2.6/commons-lang-2.6.jar:/home/runner/.m2/repository/org/apache/ranger/ranger-plugins-cred/2.3.0/ranger-plugins-cred-2.3.0.jar:/home/runner/.m2/repository/org/apache/ranger/ranger-plugins-audit/2.3.0/ranger-plugins-audit-2.3.0.jar:/home/runner/.m2/repository/org/eclipse/jetty/jetty-client/9.4.52.v20230823/jetty-client-9.4.52.v20230823.jar:/home/runner/.m2/repository/org/apache/httpcomponents/httpmime/4.5.6/httpmime-4.5.6.jar:/home/runner/.m2/repository/org/apache/httpcomponents/httpcore-nio/4.4.13/httpcore-nio-4.4.13.jar:/home/runner/.m2/repository/org/apache/httpcomponents/httpasyncclient/4.1.3/httpasyncclient-4.1.3.jar:/home/runner/.m2/repository/com/carrotsearch/hppc/0.8.0/hppc-0.8.0.jar:/home/runner/.m2/repository/org/apache/orc/orc-core/1.5.8/orc-core-1.5.8.jar:/home/runner/.m2/repository/net/java/dev/jna/jna/5.2.0/jna-5.2.0.jar:/home/runner/.m2/repository/net/java/dev/jna/jna-platform/5.2.0/jna-platform-5.2.0.jar:/home/runner/.m2/repository/com/kstruct/gethostname4j/0.0.2/gethostname4j-0.0.2.jar:/home/runner/.m2/repository/org/apache/ranger/ranger-plugin-classloader/2.3.0/ranger-plugin-classloader-2.3.0.jar:/home/runner/.m2/repository/org/apache/ozone/hdds-rocks-native/1.4.0-SNAPSHOT/hdds-rocks-native-1.4.0-SNAPSHOT.jar:/home/runner/.m2/repository/org/apache/hadoop/hadoop-minikdc/3.3.6/hadoop-minikdc-3.3.6.jar:/home/runner/.m2/repository/org/apache/kerby/kerb-simplekdc/1.0.1/kerb-simplekdc-1.0.1.jar:/home/runner/.m2/repository/org/apache/kerby/kerb-client/1.0.1/kerb-client-1.0.1.jar:/home/runner/.m2/repository/org/apache/kerby/kerby-config/1.0.1/kerby-config-1.0.1.jar:/home/runner/.m2/repository/org/apache/kerby/kerb-common/1.0.1/kerb-common-1.0.1.jar:/home/runner/.m2/repository/org/apache/kerby/kerb-crypto/1.0.1/kerb-crypto-1.0.1.jar:/home/runner/.m2/repository/org/apache/kerby/kerb-util/1.0.1/kerb-util-1.0.1.jar:/home/runner/.m2/repository/org/apache/kerby/token-provider/1.0.1/token-provider-1.0.1.jar:/home/runner/.m2/repository/org/apache/kerby/kerb-admin/1.0.1/kerb-admin-1.0.1.jar:/home/runner/.m2/repository/org/apache/kerby/kerb-server/1.0.1/kerb-server-1.0.1.jar:/home/runner/.m2/repository/org/apache/kerby/kerb-identity/1.0.1/kerb-identity-1.0.1.jar:/home/runner/.m2/repository/org/apache/kerby/kerby-xdr/1.0.1/kerby-xdr-1.0.1.jar:/home/runner/.m2/repository/org/apache/ozone/ozone-s3gateway/1.4.0-SNAPSHOT/ozone-s3gateway-1.4.0-SNAPSHOT.jar:/home/runner/.m2/repository/org/javassist/javassist/3.21.0-GA/javassist-3.21.0-GA.jar:/home/runner/.m2/repository/org/jboss/weld/servlet/weld-servlet-shaded/3.1.9.Final/weld-servlet-shaded-3.1.9.Final.jar:/home/runner/.m2/repository/org/glassfish/jersey/containers/jersey-container-servlet-core/2.34/jersey-container-servlet-core-2.34.jar:/home/runner/.m2/repository/org/glassfish/hk2/external/jakarta.inject/2.6.1/jakarta.inject-2.6.1.jar:/home/runner/.m2/repository/org/glassfish/jersey/core/jersey-common/2.34/jersey-common-2.34.jar:/home/runner/.m2/repository/jakarta/ws/rs/jakarta.ws.rs-api/2.1.6/jakarta.ws.rs-api-2.1.6.jar:/home/runner/.m2/repository/org/glassfish/jersey/ext/cdi/jersey-cdi1x/2.34/jersey-cdi1x-2.34.jar:/home/runner/.m2/repository/org/glassfish/jersey/inject/jersey-hk2/2.34/jersey-hk2-2.34.jar:/home/runner/.m2/repository/org/glassfish/hk2/hk2-locator/2.6.1/hk2-locator-2.6.1.jar:/home/runner/.m2/repository/org/glassfish/jersey/media/jersey-media-jaxb/2.34/jersey-media-jaxb-2.34.jar:/home/runner/.m2/repository/org/glassfish/hk2/osgi-resource-locator/1.0.3/osgi-resource-locator-1.0.3.jar:/home/runner/.m2/repository/org/glassfish/hk2/hk2-api/2.5.0/hk2-api-2.5.0.jar:/home/runner/.m2/repository/org/glassfish/hk2/hk2-utils/2.5.0/hk2-utils-2.5.0.jar:/home/runner/.m2/repository/org/glassfish/hk2/external/aopalliance-repackaged/2.5.0/aopalliance-repackaged-2.5.0.jar:/home/runner/.m2/repository/com/fasterxml/jackson/dataformat/jackson-dataformat-xml/2.13.4/jackson-dataformat-xml-2.13.4.jar:/home/runner/.m2/repository/org/codehaus/woodstox/stax2-api/4.2.1/stax2-api-4.2.1.jar:/home/runner/.m2/repository/com/fasterxml/woodstox/woodstox-core/5.4.0/woodstox-core-5.4.0.jar:/home/runner/.m2/repository/com/fasterxml/jackson/module/jackson-module-jaxb-annotations/2.13.4/jackson-module-jaxb-annotations-2.13.4.jar:/home/runner/.m2/repository/jakarta/xml/bind/jakarta.xml.bind-api/2.3.3/jakarta.xml.bind-api-2.3.3.jar:/home/runner/.m2/repository/jakarta/activation/jakarta.activation-api/1.2.2/jakarta.activation-api-1.2.2.jar:/home/runner/.m2/repository/javax/enterprise/cdi-api/2.0/cdi-api-2.0.jar:/home/runner/.m2/repository/javax/el/javax.el-api/3.0.0/javax.el-api-3.0.0.jar:/home/runner/.m2/repository/javax/interceptor/javax.interceptor-api/1.2/javax.interceptor-api-1.2.jar:/home/runner/.m2/repository/javax/inject/javax.inject/1/javax.inject-1.jar:/home/runner/.m2/repository/javax/xml/bind/jaxb-api/2.3.0/jaxb-api-2.3.0.jar:/home/runner/.m2/repository/org/glassfish/jaxb/jaxb-runtime/2.3.0.1/jaxb-runtime-2.3.0.1.jar:/home/runner/.m2/repository/org/glassfish/jaxb/jaxb-core/2.3.0.1/jaxb-core-2.3.0.1.jar:/home/runner/.m2/repository/org/glassfish/jaxb/txw2/2.3.0.1/txw2-2.3.0.1.jar:/home/runner/.m2/repository/com/sun/istack/istack-commons-runtime/3.0.5/istack-commons-runtime-3.0.5.jar:/home/runner/.m2/repository/org/jvnet/staxex/stax-ex/1.7.8/stax-ex-1.7.8.jar:/home/runner/.m2/repository/com/sun/xml/fastinfoset/FastInfoset/1.2.13/FastInfoset-1.2.13.jar:/home/runner/.m2/repository/javax/activation/activation/1.1.1/activation-1.1.1.jar:/home/runner/.m2/repository/io/grpc/grpc-protobuf/1.51.1/grpc-protobuf-1.51.1.jar:/home/runner/.m2/repository/com/google/api/grpc/proto-google-common-protos/2.9.0/proto-google-common-protos-2.9.0.jar:/home/runner/.m2/repository/io/grpc/grpc-protobuf-lite/1.51.1/grpc-protobuf-lite-1.51.1.jar:/home/runner/.m2/repository/io/grpc/grpc-stub/1.51.1/grpc-stub-1.51.1.jar:/home/runner/.m2/repository/io/netty/netty-transport/4.1.94.Final/netty-transport-4.1.94.Final.jar:/home/runner/.m2/repository/io/netty/netty-resolver/4.1.94.Final/netty-resolver-4.1.94.Final.jar:/home/runner/.m2/repository/org/apache/ozone/ozone-csi/1.4.0-SNAPSHOT/ozone-csi-1.4.0-SNAPSHOT.jar:/home/runner/.m2/repository/com/google/protobuf/protobuf-java-util/3.19.6/protobuf-java-util-3.19.6.jar:/home/runner/.m2/repository/com/google/code/gson/gson/2.9.0/gson-2.9.0.jar:/home/runner/.m2/repository/org/apache/ozone/hdds-config/1.4.0-SNAPSHOT/hdds-config-1.4.0-SNAPSHOT.jar:/home/runner/.m2/repository/io/netty/netty-transport-native-epoll/4.1.94.Final/netty-transport-native-epoll-4.1.94.Final-linux-x86_64.jar:/home/runner/.m2/repository/io/netty/netty-transport-classes-epoll/4.1.94.Final/netty-transport-classes-epoll-4.1.94.Final.jar:/home/runner/.m2/repository/io/netty/netty-transport-native-unix-common/4.1.94.Final/netty-transport-native-unix-common-4.1.94.Final.jar:/home/runner/.m2/repository/org/apache/ozone/ozone-recon/1.4.0-SNAPSHOT/ozone-recon-1.4.0-SNAPSHOT.jar:/home/runner/.m2/repository/org/apache/ozone/ozone-reconcodegen/1.4.0-SNAPSHOT/ozone-reconcodegen-1.4.0-SNAPSHOT.jar:/home/runner/.m2/repository/com/google/inject/guice/5.1.0/guice-5.1.0.jar:/home/runner/.m2/repository/aopalliance/aopalliance/1.0/aopalliance-1.0.jar:/home/runner/.m2/repository/com/google/inject/extensions/guice-assistedinject/5.1.0/guice-assistedinject-5.1.0.jar:/home/runner/.m2/repository/com/google/inject/extensions/guice-servlet/5.1.0/guice-servlet-5.1.0.jar:/home/runner/.m2/repository/org/glassfish/jersey/containers/jersey-container-servlet/2.34/jersey-container-servlet-2.34.jar:/home/runner/.m2/repository/org/glassfish/hk2/guice-bridge/2.5.0/guice-bridge-2.5.0.jar:/home/runner/.m2/repository/org/glassfish/jersey/core/jersey-server/2.34/jersey-server-2.34.jar:/home/runner/.m2/repository/org/glassfish/jersey/core/jersey-client/2.34/jersey-client-2.34.jar:/home/runner/.m2/repository/jakarta/annotation/jakarta.annotation-api/1.3.5/jakarta.annotation-api-1.3.5.jar:/home/runner/.m2/repository/jakarta/validation/jakarta.validation-api/2.0.2/jakarta.validation-api-2.0.2.jar:/home/runner/.m2/repository/org/glassfish/jersey/media/jersey-media-json-jackson/2.34/jersey-media-json-jackson-2.34.jar:/home/runner/.m2/repository/org/glassfish/jersey/ext/jersey-entity-filtering/2.34/jersey-entity-filtering-2.34.jar:/home/runner/.m2/repository/org/jooq/jooq/3.11.10/jooq-3.11.10.jar:/home/runner/.m2/repository/org/jooq/jooq-meta/3.11.10/jooq-meta-3.11.10.jar:/home/runner/.m2/repository/org/jooq/jooq-codegen/3.11.10/jooq-codegen-3.11.10.jar:/home/runner/.m2/repository/com/jolbox/bonecp/0.8.0.RELEASE/bonecp-0.8.0.RELEASE.jar:/home/runner/.m2/repository/org/apache/derby/derby/10.14.2.0/derby-10.14.2.0.jar:/home/runner/.m2/repository/org/xerial/sqlite-jdbc/3.41.2.2/sqlite-jdbc-3.41.2.2.jar:/home/runner/.m2/repository/org/springframework/spring-jdbc/5.3.27/spring-jdbc-5.3.27.jar:/home/runner/.m2/repository/org/springframework/spring-beans/5.3.27/spring-beans-5.3.27.jar:/home/runner/.m2/repository/org/springframework/spring-core/5.3.27/spring-core-5.3.27.jar:/home/runner/.m2/repository/org/springframework/spring-tx/5.3.27/spring-tx-5.3.27.jar:/home/runner/.m2/repository/org/apache/ozone/ozone-client/1.4.0-SNAPSHOT/ozone-client-1.4.0-SNAPSHOT.jar:/home/runner/.m2/repository/org/apache/ozone/hdds-erasurecode/1.4.0-SNAPSHOT/hdds-erasurecode-1.4.0-SNAPSHOT.jar:/home/runner/.m2/repository/org/apache/ozone/ozone-filesystem/1.4.0-SNAPSHOT/ozone-filesystem-1.4.0-SNAPSHOT.jar:/home/runner/.m2/repository/org/apache/ozone/ozone-filesystem-common/1.4.0-SNAPSHOT/ozone-filesystem-common-1.4.0-SNAPSHOT.jar:/home/runner/.m2/repository/org/apache/ozone/ozone-tools/1.4.0-SNAPSHOT/ozone-tools-1.4.0-SNAPSHOT.jar:/home/runner/.m2/repository/com/amazonaws/aws-java-sdk-core/1.12.261/aws-java-sdk-core-1.12.261.jar:/home/runner/.m2/repository/org/apache/httpcomponents/httpclient/4.5.13/httpclient-4.5.13.jar:/home/runner/.m2/repository/org/apache/httpcomponents/httpcore/4.4.13/httpcore-4.4.13.jar:/home/runner/.m2/repository/software/amazon/ion/ion-java/1.0.2/ion-java-1.0.2.jar:/home/runner/.m2/repository/com/fasterxml/jackson/dataformat/jackson-dataformat-cbor/2.13.4/jackson-dataformat-cbor-2.13.4.jar:/home/runner/.m2/repository/joda-time/joda-time/2.10.6/joda-time-2.10.6.jar:/home/runner/.m2/repository/com/amazonaws/aws-java-sdk-s3/1.12.261/aws-java-sdk-s3-1.12.261.jar:/home/runner/.m2/repository/com/amazonaws/aws-java-sdk-kms/1.12.261/aws-java-sdk-kms-1.12.261.jar:/home/runner/.m2/repository/com/amazonaws/jmespath-java/1.12.261/jmespath-java-1.12.261.jar:/home/runner/.m2/repository/org/kohsuke/metainf-services/metainf-services/1.8/metainf-services-1.8.jar:/home/runner/.m2/repository/org/apache/ozone/hdds-tools/1.4.0-SNAPSHOT/hdds-tools-1.4.0-SNAPSHOT.jar:/home/runner/.m2/repository/org/apache/ratis/ratis-tools/2.5.1/ratis-tools-2.5.1.jar:/home/runner/.m2/repository/commons-cli/commons-cli/1.2/commons-cli-1.2.jar:/home/runner/.m2/repository/org/apache/commons/commons-lang3/3.7/commons-lang3-3.7.jar:/home/runner/.m2/repository/org/apache/ozone/ozone-manager/1.4.0-SNAPSHOT/ozone-manager-1.4.0-SNAPSHOT-tests.jar:/home/runner/.m2/repository/org/apache/ozone/hdds-common/1.4.0-SNAPSHOT/hdds-common-1.4.0-SNAPSHOT-tests.jar:/home/runner/.m2/repository/org/apache/ozone/hdds-hadoop-dependency-client/1.4.0-SNAPSHOT/hdds-hadoop-dependency-client-1.4.0-SNAPSHOT.jar:/home/runner/.m2/repository/info/picocli/picocli/4.6.1/picocli-4.6.1.jar:/home/runner/.m2/repository/com/fasterxml/jackson/core/jackson-annotations/2.13.4/jackson-annotations-2.13.4.jar:/home/runner/.m2/repository/org/apache/ozone/hdds-annotation-processing/1.4.0-SNAPSHOT/hdds-annotation-processing-1.4.0-SNAPSHOT.jar:/home/runner/.m2/repository/javax/annotation/javax.annotation-api/1.2/javax.annotation-api-1.2.jar:/home/runner/.m2/repository/org/apache/ratis/ratis-netty/2.5.1/ratis-netty-2.5.1.jar:/home/runner/.m2/repository/org/apache/ratis/ratis-grpc/2.5.1/ratis-grpc-2.5.1.jar:/home/runner/.m2/repository/org/apache/commons/commons-pool2/2.6.0/commons-pool2-2.6.0.jar:/home/runner/.m2/repository/org/bouncycastle/bcpkix-jdk15on/1.67/bcpkix-jdk15on-1.67.jar:/home/runner/.m2/repository/commons-validator/commons-validator/1.6/commons-validator-1.6.jar:/home/runner/.m2/repository/commons-beanutils/commons-beanutils/1.9.4/commons-beanutils-1.9.4.jar:/home/runner/.m2/repository/commons-digester/commons-digester/1.8.1/commons-digester-1.8.1.jar:/home/runner/.m2/repository/commons-collections/commons-collections/3.2.2/commons-collections-3.2.2.jar:/home/runner/.m2/repository/io/jaegertracing/jaeger-client/1.6.0/jaeger-client-1.6.0.jar:/home/runner/.m2/repository/io/jaegertracing/jaeger-thrift/1.6.0/jaeger-thrift-1.6.0.jar:/home/runner/.m2/repository/org/apache/thrift/libthrift/0.14.1/libthrift-0.14.1.jar:/home/runner/.m2/repository/io/jaegertracing/jaeger-core/1.6.0/jaeger-core-1.6.0.jar:/home/runner/.m2/repository/io/jaegertracing/jaeger-tracerresolver/1.6.0/jaeger-tracerresolver-1.6.0.jar:/home/runner/.m2/repository/io/opentracing/contrib/opentracing-tracerresolver/0.1.8/opentracing-tracerresolver-0.1.8.jar:/home/runner/.m2/repository/org/jetbrains/kotlin/kotlin-stdlib/1.6.21/kotlin-stdlib-1.6.21.jar:/home/runner/.m2/repository/org/jetbrains/annotations/13.0/annotations-13.0.jar:/home/runner/.m2/repository/io/opentracing/opentracing-util/0.33.0/opentracing-util-0.33.0.jar:/home/runner/.m2/repository/io/opentracing/opentracing-api/0.33.0/opentracing-api-0.33.0.jar:/home/runner/.m2/repository/io/opentracing/opentracing-noop/0.33.0/opentracing-noop-0.33.0.jar:/home/runner/.m2/repository/org/yaml/snakeyaml/2.0/snakeyaml-2.0.jar:/home/runner/.m2/repository/io/grpc/grpc-api/1.51.1/grpc-api-1.51.1.jar:/home/runner/.m2/repository/io/grpc/grpc-context/1.51.1/grpc-context-1.51.1.jar:/home/runner/.m2/repository/junit/junit/4.13.1/junit-4.13.1.jar:/home/runner/.m2/repository/org/hamcrest/hamcrest-core/1.3/hamcrest-core-1.3.jar:/home/runner/.m2/repository/org/junit/jupiter/junit-jupiter-api/5.8.2/junit-jupiter-api-5.8.2.jar:/home/runner/.m2/repository/org/opentest4j/opentest4j/1.2.0/opentest4j-1.2.0.jar:/home/runner/.m2/repository/org/junit/platform/junit-platform-commons/1.8.2/junit-platform-commons-1.8.2.jar:/home/runner/.m2/repository/org/apiguardian/apiguardian-api/1.1.2/apiguardian-api-1.1.2.jar:/home/runner/.m2/repository/org/junit/jupiter/junit-jupiter-params/5.8.2/junit-jupiter-params-5.8.2.jar:/home/runner/.m2/repository/org/junit/jupiter/junit-jupiter-migrationsupport/5.8.2/junit-jupiter-migrationsupport-5.8.2.jar:/home/runner/.m2/repository/org/junit/jupiter/junit-jupiter-engine/5.8.2/junit-jupiter-engine-5.8.2.jar:/home/runner/.m2/repository/org/junit/platform/junit-platform-engine/1.8.2/junit-platform-engine-1.8.2.jar:/home/runner/.m2/repository/org/junit/vintage/junit-vintage-engine/5.8.2/junit-vintage-engine-5.8.2.jar:/home/runner/.m2/repository/org/junit/platform/junit-platform-launcher/1.8.2/junit-platform-launcher-1.8.2.jar:/home/runner/.m2/repository/org/mockito/mockito-core/3.5.9/mockito-core-3.5.9.jar:/home/runner/.m2/repository/net/bytebuddy/byte-buddy/1.10.13/byte-buddy-1.10.13.jar:/home/runner/.m2/repository/net/bytebuddy/byte-buddy-agent/1.10.13/byte-buddy-agent-1.10.13.jar:/home/runner/.m2/repository/org/objenesis/objenesis/1.0/objenesis-1.0.jar:/home/runner/.m2/repository/org/apache/hadoop/hadoop-kms/3.3.6/hadoop-kms-3.3.6.jar:/home/runner/.m2/repository/org/apache/hadoop/hadoop-auth/3.3.6/hadoop-auth-3.3.6.jar:/home/runner/.m2/repository/com/nimbusds/nimbus-jose-jwt/9.8.1/nimbus-jose-jwt-9.8.1.jar:/home/runner/.m2/repository/com/github/stephenc/jcip/jcip-annotations/1.0-1/jcip-annotations-1.0-1.jar:/home/runner/.m2/repository/org/apache/zookeeper/zookeeper/3.5.6/zookeeper-3.5.6.jar:/home/runner/.m2/repository/org/apache/zookeeper/zookeeper-jute/3.5.6/zookeeper-jute-3.5.6.jar:/home/runner/.m2/repository/org/apache/yetus/audience-annotations/0.5.0/audience-annotations-0.5.0.jar:/home/runner/.m2/repository/org/apache/curator/curator-framework/4.2.0/curator-framework-4.2.0.jar:/home/runner/.m2/repository/org/apache/hadoop/thirdparty/hadoop-shaded-guava/1.1.1/hadoop-shaded-guava-1.1.1.jar:/home/runner/.m2/repository/com/sun/jersey/jersey-core/1.19/jersey-core-1.19.jar:/home/runner/.m2/repository/javax/ws/rs/jsr311-api/1.1.1/jsr311-api-1.1.1.jar:/home/runner/.m2/repository/com/sun/jersey/jersey-server/1.19/jersey-server-1.19.jar:/home/runner/.m2/repository/javax/servlet/javax.servlet-api/3.1.0/javax.servlet-api-3.1.0.jar:/home/runner/.m2/repository/org/apache/hadoop/hadoop-common/3.3.6/hadoop-common-3.3.6.jar:/home/runner/.m2/repository/org/apache/commons/commons-math3/3.1.1/commons-math3-3.1.1.jar:/home/runner/.m2/repository/commons-net/commons-net/3.9.0/commons-net-3.9.0.jar:/home/runner/.m2/repository/com/sun/jersey/jersey-servlet/1.19/jersey-servlet-1.19.jar:/home/runner/.m2/repository/com/github/pjfanning/jersey-json/1.20/jersey-json-1.20.jar:/home/runner/.m2/repository/org/codehaus/jettison/jettison/1.1/jettison-1.1.jar:/home/runner/.m2/repository/com/sun/xml/bind/jaxb-impl/2.2.3-1/jaxb-impl-2.2.3-1.jar:/home/runner/.m2/repository/com/google/re2j/re2j/1.1/re2j-1.1.jar:/home/runner/.m2/repository/com/jcraft/jsch/0.1.54/jsch-0.1.54.jar:/home/runner/.m2/repository/org/apache/curator/curator-client/4.2.0/curator-client-4.2.0.jar:/home/runner/.m2/repository/org/apache/curator/curator-recipes/5.2.0/curator-recipes-5.2.0.jar:/home/runner/.m2/repository/org/apache/kerby/kerb-core/1.0.1/kerb-core-1.0.1.jar:/home/runner/.m2/repository/org/apache/kerby/kerby-pkix/1.0.1/kerby-pkix-1.0.1.jar:/home/runner/.m2/repository/org/apache/kerby/kerby-asn1/1.0.1/kerby-asn1-1.0.1.jar:/home/runner/.m2/repository/org/apache/kerby/kerby-util/1.0.1/kerby-util-1.0.1.jar:/home/runner/.m2/repository/dnsjava/dnsjava/2.1.7/dnsjava-2.1.7.jar:/home/runner/.m2/repository/org/xerial/snappy/snappy-java/1.1.8.2/snappy-java-1.1.8.2.jar:/home/runner/.m2/repository/com/fasterxml/jackson/core/jackson-databind/2.13.4.2/jackson-databind-2.13.4.2.jar:/home/runner/.m2/repository/org/apache/hadoop/hadoop-kms/3.3.6/hadoop-kms-3.3.6-tests.jar:/home/runner/.m2/repository/org/apache/ozone/hdds-server-scm/1.4.0-SNAPSHOT/hdds-server-scm-1.4.0-SNAPSHOT-tests.jar:/home/runner/.m2/repository/org/apache/ozone/hdds-container-service/1.4.0-SNAPSHOT/hdds-container-service-1.4.0-SNAPSHOT-tests.jar:/home/runner/.m2/repository/com/github/luben/zstd-jni/1.5.2-5/zstd-jni-1.5.2-5.jar:/home/runner/.m2/repository/commons-codec/commons-codec/1.15/commons-codec-1.15.jar:/home/runner/.m2/repository/io/netty/netty-codec/4.1.94.Final/netty-codec-4.1.94.Final.jar:/home/runner/.m2/repository/io/netty/netty-handler/4.1.94.Final/netty-handler-4.1.94.Final.jar:/home/runner/.m2/repository/org/apache/ozone/hdds-hadoop-dependency-test/1.4.0-SNAPSHOT/hdds-hadoop-dependency-test-1.4.0-SNAPSHOT.jar:/home/runner/.m2/repository/org/apache/hadoop/hadoop-common/3.3.6/hadoop-common-3.3.6-tests.jar:/home/runner/.m2/repository/org/apache/hadoop/hadoop-hdfs/3.3.6/hadoop-hdfs-3.3.6-tests.jar:/home/runner/.m2/repository/org/assertj/assertj-core/3.12.2/assertj-core-3.12.2.jar:/home/runner/.m2/repository/org/apache/hadoop/hadoop-distcp/3.3.6/hadoop-distcp-3.3.6.jar:/home/runner/.m2/repository/org/apache/hadoop/hadoop-mapreduce-client-jobclient/3.3.6/hadoop-mapreduce-client-jobclient-3.3.6.jar:/home/runner/.m2/repository/org/apache/hadoop/hadoop-mapreduce-client-common/3.3.6/hadoop-mapreduce-client-common-3.3.6.jar:/home/runner/.m2/repository/org/apache/hadoop/hadoop-yarn-common/3.3.6/hadoop-yarn-common-3.3.6.jar:/home/runner/.m2/repository/org/apache/hadoop/hadoop-yarn-api/3.3.6/hadoop-yarn-api-3.3.6.jar:/home/runner/.m2/repository/com/sun/jersey/contribs/jersey-guice/1.19/jersey-guice-1.19.jar:/home/runner/.m2/repository/com/fasterxml/jackson/jaxrs/jackson-jaxrs-json-provider/2.13.4/jackson-jaxrs-json-provider-2.13.4.jar:/home/runner/.m2/repository/com/fasterxml/jackson/jaxrs/jackson-jaxrs-base/2.13.4/jackson-jaxrs-base-2.13.4.jar:/home/runner/.m2/repository/org/apache/hadoop/hadoop-yarn-client/3.3.6/hadoop-yarn-client-3.3.6.jar:/home/runner/.m2/repository/org/eclipse/jetty/websocket/websocket-client/9.4.51.v20230217/websocket-client-9.4.51.v20230217.jar:/home/runner/.m2/repository/org/eclipse/jetty/websocket/websocket-common/9.4.51.v20230217/websocket-common-9.4.51.v20230217.jar:/home/runner/.m2/repository/org/eclipse/jetty/websocket/websocket-api/9.4.51.v20230217/websocket-api-9.4.51.v20230217.jar:/home/runner/.m2/repository/org/jline/jline/3.9.0/jline-3.9.0.jar:/home/runner/.m2/repository/org/apache/hadoop/hadoop-mapreduce-client-core/3.3.6/hadoop-mapreduce-client-core-3.3.6.jar:/home/runner/.m2/repository/org/apache/avro/avro/1.7.7/avro-1.7.7.jar:/home/runner/.m2/repository/com/thoughtworks/paranamer/paranamer/2.3/paranamer-2.3.jar:/home/runner/.m2/repository/org/apache/hadoop/hadoop-annotations/3.3.6/hadoop-annotations-3.3.6.jar:/usr/lib/jvm/temurin-8-jdk-amd64/jre/../lib/tools.jar:/home/runner/.m2/repository/io/netty/netty/3.10.6.Final/netty-3.10.6.Final.jar:/home/runner/.m2/repository/org/apache/hadoop/hadoop-distcp/3.3.6/hadoop-distcp-3.3.6-tests.jar:/home/runner/.m2/repository/org/slf4j/jul-to-slf4j/1.7.36/jul-to-slf4j-1.7.36.jar:"/>
    <property name="java.vm.vendor" value="Temurin"/>
    <property name="sun.arch.data.model" value="64"/>
    <property name="jceks.key.serialFilter" value="java.lang.Enum;java.security.KeyRep;java.security.KeyRep$Type;javax.crypto.spec.SecretKeySpec;org.apache.hadoop.crypto.key.JavaKeyStoreProvider$KeyMetadata;!*"/>
    <property name="test.build.dir" value="/home/runner/work/ozone/ozone/hadoop-ozone/integration-test/target/test-dir"/>
    <property name="test.cache.data" value=""/>
    <property name="java.vendor.url" value="https://adoptium.net/"/>
    <property name="user.timezone" value="Etc/UTC"/>
    <property name="os.name" value="Linux"/>
    <property name="java.vm.specification.version" value="1.8"/>
    <property name="test.build.data" value="/home/runner/work/ozone/ozone/hadoop-ozone/integration-test/target/test-dir"/>
    <property name="sun.java.launcher" value="SUN_STANDARD"/>
    <property name="sun.boot.library.path" value="/usr/lib/jvm/temurin-8-jdk-amd64/jre/lib/amd64"/>
    <property name="sun.java.command" value="/home/runner/work/ozone/ozone/hadoop-ozone/integration-test/target/surefire/surefirebooter4454535238059078315.jar /home/runner/work/ozone/ozone/hadoop-ozone/integration-test/target/surefire 2023-09-29T12-27-37_463-jvmRun1 surefire1400342255667391068tmp surefire_203895256608969295333tmp"/>
    <property name="native.lib.tmp.dir" value="/tmp"/>
    <property name="surefire.test.class.path" value="/home/runner/work/ozone/ozone/hadoop-ozone/integration-test/target/test-classes:/home/runner/work/ozone/ozone/hadoop-ozone/integration-test/target/classes:/home/runner/.m2/repository/org/apache/ozone/ozone-common/1.4.0-SNAPSHOT/ozone-common-1.4.0-SNAPSHOT.jar:/home/runner/.m2/repository/io/grpc/grpc-netty/1.51.1/grpc-netty-1.51.1.jar:/home/runner/.m2/repository/io/grpc/grpc-core/1.51.1/grpc-core-1.51.1.jar:/home/runner/.m2/repository/com/google/android/annotations/4.1.1.4/annotations-4.1.1.4.jar:/home/runner/.m2/repository/org/codehaus/mojo/animal-sniffer-annotations/1.21/animal-sniffer-annotations-1.21.jar:/home/runner/.m2/repository/com/google/errorprone/error_prone_annotations/2.2.0/error_prone_annotations-2.2.0.jar:/home/runner/.m2/repository/io/perfmark/perfmark-api/0.25.0/perfmark-api-0.25.0.jar:/home/runner/.m2/repository/io/netty/netty-codec-http2/4.1.94.Final/netty-codec-http2-4.1.94.Final.jar:/home/runner/.m2/repository/io/netty/netty-common/4.1.94.Final/netty-common-4.1.94.Final.jar:/home/runner/.m2/repository/io/netty/netty-buffer/4.1.94.Final/netty-buffer-4.1.94.Final.jar:/home/runner/.m2/repository/io/netty/netty-codec-http/4.1.94.Final/netty-codec-http-4.1.94.Final.jar:/home/runner/.m2/repository/io/netty/netty-handler-proxy/4.1.94.Final/netty-handler-proxy-4.1.94.Final.jar:/home/runner/.m2/repository/io/netty/netty-codec-socks/4.1.94.Final/netty-codec-socks-4.1.94.Final.jar:/home/runner/.m2/repository/io/netty/netty-tcnative-boringssl-static/2.0.61.Final/netty-tcnative-boringssl-static-2.0.61.Final.jar:/home/runner/.m2/repository/io/netty/netty-tcnative-classes/2.0.61.Final/netty-tcnative-classes-2.0.61.Final.jar:/home/runner/.m2/repository/io/netty/netty-tcnative-boringssl-static/2.0.61.Final/netty-tcnative-boringssl-static-2.0.61.Final-linux-x86_64.jar:/home/runner/.m2/repository/io/netty/netty-tcnative-boringssl-static/2.0.61.Final/netty-tcnative-boringssl-static-2.0.61.Final-linux-aarch_64.jar:/home/runner/.m2/repository/io/netty/netty-tcnative-boringssl-static/2.0.61.Final/netty-tcnative-boringssl-static-2.0.61.Final-osx-x86_64.jar:/home/runner/.m2/repository/io/netty/netty-tcnative-boringssl-static/2.0.61.Final/netty-tcnative-boringssl-static-2.0.61.Final-osx-aarch_64.jar:/home/runner/.m2/repository/io/netty/netty-tcnative-boringssl-static/2.0.61.Final/netty-tcnative-boringssl-static-2.0.61.Final-windows-x86_64.jar:/home/runner/.m2/repository/org/apache/commons/commons-compress/1.21/commons-compress-1.21.jar:/home/runner/.m2/repository/org/apache/ozone/hdds-common/1.4.0-SNAPSHOT/hdds-common-1.4.0-SNAPSHOT.jar:/home/runner/.m2/repository/org/apache/ozone/hdds-client/1.4.0-SNAPSHOT/hdds-client-1.4.0-SNAPSHOT.jar:/home/runner/.m2/repository/org/apache/ozone/ozone-interface-client/1.4.0-SNAPSHOT/ozone-interface-client-1.4.0-SNAPSHOT.jar:/home/runner/.m2/repository/org/apache/hadoop/hadoop-hdfs-client/3.3.6/hadoop-hdfs-client-3.3.6.jar:/home/runner/.m2/repository/com/squareup/okhttp3/okhttp/4.9.3/okhttp-4.9.3.jar:/home/runner/.m2/repository/com/squareup/okio/okio/3.4.0/okio-3.4.0.jar:/home/runner/.m2/repository/com/squareup/okio/okio-jvm/3.4.0/okio-jvm-3.4.0.jar:/home/runner/.m2/repository/org/jetbrains/kotlin/kotlin-stdlib-jdk8/1.8.0/kotlin-stdlib-jdk8-1.8.0.jar:/home/runner/.m2/repository/org/jetbrains/kotlin/kotlin-stdlib-jdk7/1.8.0/kotlin-stdlib-jdk7-1.8.0.jar:/home/runner/.m2/repository/org/jetbrains/kotlin/kotlin-stdlib-common/1.6.21/kotlin-stdlib-common-1.6.21.jar:/home/runner/.m2/repository/org/apache/ozone/hdds-test-utils/1.4.0-SNAPSHOT/hdds-test-utils-1.4.0-SNAPSHOT.jar:/home/runner/.m2/repository/com/google/guava/guava/32.0.0-jre/guava-32.0.0-jre.jar:/home/runner/.m2/repository/com/google/guava/failureaccess/1.0.1/failureaccess-1.0.1.jar:/home/runner/.m2/repository/com/google/guava/listenablefuture/9999.0-empty-to-avoid-conflict-with-guava/listenablefuture-9999.0-empty-to-avoid-conflict-with-guava.jar:/home/runner/.m2/repository/com/google/code/findbugs/jsr305/3.0.0/jsr305-3.0.0.jar:/home/runner/.m2/repository/org/checkerframework/checker-qual/3.33.0/checker-qual-3.33.0.jar:/home/runner/.m2/repository/com/google/j2objc/j2objc-annotations/2.8/j2objc-annotations-2.8.jar:/home/runner/.m2/repository/commons-io/commons-io/2.11.0/commons-io-2.11.0.jar:/home/runner/.m2/repository/commons-logging/commons-logging/1.2/commons-logging-1.2.jar:/home/runner/.m2/repository/ch/qos/reload4j/reload4j/1.2.22/reload4j-1.2.22.jar:/home/runner/.m2/repository/org/slf4j/slf4j-api/1.7.36/slf4j-api-1.7.36.jar:/home/runner/.m2/repository/org/apache/logging/log4j/log4j-api/2.17.1/log4j-api-2.17.1.jar:/home/runner/.m2/repository/org/apache/ozone/hdds-server-scm/1.4.0-SNAPSHOT/hdds-server-scm-1.4.0-SNAPSHOT.jar:/home/runner/.m2/repository/org/apache/ozone/hdds-container-service/1.4.0-SNAPSHOT/hdds-container-service-1.4.0-SNAPSHOT.jar:/home/runner/.m2/repository/org/apache/ozone/hdds-hadoop-dependency-server/1.4.0-SNAPSHOT/hdds-hadoop-dependency-server-1.4.0-SNAPSHOT.jar:/home/runner/.m2/repository/org/apache/hadoop/hadoop-hdfs/3.3.6/hadoop-hdfs-3.3.6.jar:/home/runner/.m2/repository/commons-daemon/commons-daemon/1.0.13/commons-daemon-1.0.13.jar:/home/runner/.m2/repository/org/apache/ozone/hdds-server-framework/1.4.0-SNAPSHOT/hdds-server-framework-1.4.0-SNAPSHOT.jar:/home/runner/.m2/repository/io/dropwizard/metrics/metrics-core/3.2.4/metrics-core-3.2.4.jar:/home/runner/.m2/repository/org/apache/commons/commons-text/1.10.0/commons-text-1.10.0.jar:/home/runner/.m2/repository/org/bouncycastle/bcprov-jdk15on/1.67/bcprov-jdk15on-1.67.jar:/home/runner/.m2/repository/com/google/protobuf/protobuf-java/2.5.0/protobuf-java-2.5.0.jar:/home/runner/.m2/repository/org/apache/ozone/hdds-server-framework/1.4.0-SNAPSHOT/hdds-server-framework-1.4.0-SNAPSHOT-tests.jar:/home/runner/.m2/repository/org/apache/ozone/hdds-interface-server/1.4.0-SNAPSHOT/hdds-interface-server-1.4.0-SNAPSHOT.jar:/home/runner/.m2/repository/org/apache/ozone/hdds-interface-admin/1.4.0-SNAPSHOT/hdds-interface-admin-1.4.0-SNAPSHOT.jar:/home/runner/.m2/repository/org/apache/ozone/hdds-managed-rocksdb/1.4.0-SNAPSHOT/hdds-managed-rocksdb-1.4.0-SNAPSHOT.jar:/home/runner/.m2/repository/org/rocksdb/rocksdbjni/7.7.3/rocksdbjni-7.7.3.jar:/home/runner/.m2/repository/org/slf4j/slf4j-reload4j/1.7.36/slf4j-reload4j-1.7.36.jar:/home/runner/.m2/repository/org/apache/commons/commons-configuration2/2.1.1/commons-configuration2-2.1.1.jar:/home/runner/.m2/repository/commons-fileupload/commons-fileupload/1.5/commons-fileupload-1.5.jar:/home/runner/.m2/repository/org/apache/logging/log4j/log4j-core/2.17.1/log4j-core-2.17.1.jar:/home/runner/.m2/repository/com/lmax/disruptor/3.4.2/disruptor-3.4.2.jar:/home/runner/.m2/repository/org/eclipse/jetty/jetty-util/9.4.52.v20230823/jetty-util-9.4.52.v20230823.jar:/home/runner/.m2/repository/org/eclipse/jetty/jetty-server/9.4.52.v20230823/jetty-server-9.4.52.v20230823.jar:/home/runner/.m2/repository/org/eclipse/jetty/jetty-http/9.4.52.v20230823/jetty-http-9.4.52.v20230823.jar:/home/runner/.m2/repository/org/eclipse/jetty/jetty-io/9.4.52.v20230823/jetty-io-9.4.52.v20230823.jar:/home/runner/.m2/repository/org/eclipse/jetty/jetty-servlet/9.4.52.v20230823/jetty-servlet-9.4.52.v20230823.jar:/home/runner/.m2/repository/org/eclipse/jetty/jetty-security/9.4.52.v20230823/jetty-security-9.4.52.v20230823.jar:/home/runner/.m2/repository/org/eclipse/jetty/jetty-util-ajax/9.4.52.v20230823/jetty-util-ajax-9.4.52.v20230823.jar:/home/runner/.m2/repository/org/eclipse/jetty/jetty-webapp/9.4.52.v20230823/jetty-webapp-9.4.52.v20230823.jar:/home/runner/.m2/repository/org/eclipse/jetty/jetty-xml/9.4.52.v20230823/jetty-xml-9.4.52.v20230823.jar:/home/runner/.m2/repository/org/apache/ratis/ratis-server/2.5.1/ratis-server-2.5.1.jar:/home/runner/.m2/repository/org/apache/ratis/ratis-thirdparty-misc/1.0.4/ratis-thirdparty-misc-1.0.4.jar:/home/runner/.m2/repository/org/apache/ratis/ratis-proto/2.5.1/ratis-proto-2.5.1.jar:/home/runner/.m2/repository/org/apache/ratis/ratis-common/2.5.1/ratis-common-2.5.1.jar:/home/runner/.m2/repository/org/apache/ratis/ratis-client/2.5.1/ratis-client-2.5.1.jar:/home/runner/.m2/repository/org/apache/ratis/ratis-server-api/2.5.1/ratis-server-api-2.5.1.jar:/home/runner/.m2/repository/org/apache/ratis/ratis-metrics/2.5.1/ratis-metrics-2.5.1.jar:/home/runner/.m2/repository/io/prometheus/simpleclient_dropwizard/0.7.0/simpleclient_dropwizard-0.7.0.jar:/home/runner/.m2/repository/io/prometheus/simpleclient/0.7.0/simpleclient-0.7.0.jar:/home/runner/.m2/repository/io/prometheus/simpleclient_common/0.7.0/simpleclient_common-0.7.0.jar:/home/runner/.m2/repository/com/fasterxml/jackson/datatype/jackson-datatype-jsr310/2.13.4/jackson-datatype-jsr310-2.13.4.jar:/home/runner/.m2/repository/com/fasterxml/jackson/core/jackson-core/2.13.4/jackson-core-2.13.4.jar:/home/runner/.m2/repository/com/github/spotbugs/spotbugs-annotations/3.1.12/spotbugs-annotations-3.1.12.jar:/home/runner/.m2/repository/org/apache/ozone/rocksdb-checkpoint-differ/1.4.0-SNAPSHOT/rocksdb-checkpoint-differ-1.4.0-SNAPSHOT.jar:/home/runner/.m2/repository/org/jgrapht/jgrapht-core/1.0.1/jgrapht-core-1.0.1.jar:/home/runner/.m2/repository/org/jgrapht/jgrapht-ext/1.0.1/jgrapht-ext-1.0.1.jar:/home/runner/.m2/repository/org/tinyjee/jgraphx/jgraphx/2.0.0.1/jgraphx-2.0.0.1.jar:/home/runner/.m2/repository/jgraph/jgraph/5.13.0.0/jgraph-5.13.0.0.jar:/home/runner/.m2/repository/org/antlr/antlr4-runtime/4.5.3/antlr4-runtime-4.5.3.jar:/home/runner/.m2/repository/org/awaitility/awaitility/4.2.0/awaitility-4.2.0.jar:/home/runner/.m2/repository/org/hamcrest/hamcrest/2.1/hamcrest-2.1.jar:/home/runner/.m2/repository/org/apache/ozone/ozone-manager/1.4.0-SNAPSHOT/ozone-manager-1.4.0-SNAPSHOT.jar:/home/runner/.m2/repository/org/aspectj/aspectjrt/1.9.7/aspectjrt-1.9.7.jar:/home/runner/.m2/repository/org/aspectj/aspectjweaver/1.9.7/aspectjweaver-1.9.7.jar:/home/runner/.m2/repository/org/apache/ozone/hdds-interface-client/1.4.0-SNAPSHOT/hdds-interface-client-1.4.0-SNAPSHOT.jar:/home/runner/.m2/repository/org/apache/hadoop/thirdparty/hadoop-shaded-protobuf_3_7/1.1.1/hadoop-shaded-protobuf_3_7-1.1.1.jar:/home/runner/.m2/repository/org/apache/ozone/ozone-interface-storage/1.4.0-SNAPSHOT/ozone-interface-storage-1.4.0-SNAPSHOT.jar:/home/runner/.m2/repository/org/reflections/reflections/0.9.11/reflections-0.9.11.jar:/home/runner/.m2/repository/com/sun/jersey/jersey-client/1.19/jersey-client-1.19.jar:/home/runner/.m2/repository/org/codehaus/jackson/jackson-core-asl/1.9.13/jackson-core-asl-1.9.13.jar:/home/runner/.m2/repository/org/codehaus/jackson/jackson-mapper-asl/1.9.13/jackson-mapper-asl-1.9.13.jar:/home/runner/.m2/repository/org/codehaus/jackson/jackson-jaxrs/1.9.13/jackson-jaxrs-1.9.13.jar:/home/runner/.m2/repository/org/apache/ranger/ranger-intg/2.3.0/ranger-intg-2.3.0.jar:/home/runner/.m2/repository/org/apache/ranger/ranger-plugins-common/2.3.0/ranger-plugins-common-2.3.0.jar:/home/runner/.m2/repository/commons-lang/commons-lang/2.6/commons-lang-2.6.jar:/home/runner/.m2/repository/org/apache/ranger/ranger-plugins-cred/2.3.0/ranger-plugins-cred-2.3.0.jar:/home/runner/.m2/repository/org/apache/ranger/ranger-plugins-audit/2.3.0/ranger-plugins-audit-2.3.0.jar:/home/runner/.m2/repository/org/eclipse/jetty/jetty-client/9.4.52.v20230823/jetty-client-9.4.52.v20230823.jar:/home/runner/.m2/repository/org/apache/httpcomponents/httpmime/4.5.6/httpmime-4.5.6.jar:/home/runner/.m2/repository/org/apache/httpcomponents/httpcore-nio/4.4.13/httpcore-nio-4.4.13.jar:/home/runner/.m2/repository/org/apache/httpcomponents/httpasyncclient/4.1.3/httpasyncclient-4.1.3.jar:/home/runner/.m2/repository/com/carrotsearch/hppc/0.8.0/hppc-0.8.0.jar:/home/runner/.m2/repository/org/apache/orc/orc-core/1.5.8/orc-core-1.5.8.jar:/home/runner/.m2/repository/net/java/dev/jna/jna/5.2.0/jna-5.2.0.jar:/home/runner/.m2/repository/net/java/dev/jna/jna-platform/5.2.0/jna-platform-5.2.0.jar:/home/runner/.m2/repository/com/kstruct/gethostname4j/0.0.2/gethostname4j-0.0.2.jar:/home/runner/.m2/repository/org/apache/ranger/ranger-plugin-classloader/2.3.0/ranger-plugin-classloader-2.3.0.jar:/home/runner/.m2/repository/org/apache/ozone/hdds-rocks-native/1.4.0-SNAPSHOT/hdds-rocks-native-1.4.0-SNAPSHOT.jar:/home/runner/.m2/repository/org/apache/hadoop/hadoop-minikdc/3.3.6/hadoop-minikdc-3.3.6.jar:/home/runner/.m2/repository/org/apache/kerby/kerb-simplekdc/1.0.1/kerb-simplekdc-1.0.1.jar:/home/runner/.m2/repository/org/apache/kerby/kerb-client/1.0.1/kerb-client-1.0.1.jar:/home/runner/.m2/repository/org/apache/kerby/kerby-config/1.0.1/kerby-config-1.0.1.jar:/home/runner/.m2/repository/org/apache/kerby/kerb-common/1.0.1/kerb-common-1.0.1.jar:/home/runner/.m2/repository/org/apache/kerby/kerb-crypto/1.0.1/kerb-crypto-1.0.1.jar:/home/runner/.m2/repository/org/apache/kerby/kerb-util/1.0.1/kerb-util-1.0.1.jar:/home/runner/.m2/repository/org/apache/kerby/token-provider/1.0.1/token-provider-1.0.1.jar:/home/runner/.m2/repository/org/apache/kerby/kerb-admin/1.0.1/kerb-admin-1.0.1.jar:/home/runner/.m2/repository/org/apache/kerby/kerb-server/1.0.1/kerb-server-1.0.1.jar:/home/runner/.m2/repository/org/apache/kerby/kerb-identity/1.0.1/kerb-identity-1.0.1.jar:/home/runner/.m2/repository/org/apache/kerby/kerby-xdr/1.0.1/kerby-xdr-1.0.1.jar:/home/runner/.m2/repository/org/apache/ozone/ozone-s3gateway/1.4.0-SNAPSHOT/ozone-s3gateway-1.4.0-SNAPSHOT.jar:/home/runner/.m2/repository/org/javassist/javassist/3.21.0-GA/javassist-3.21.0-GA.jar:/home/runner/.m2/repository/org/jboss/weld/servlet/weld-servlet-shaded/3.1.9.Final/weld-servlet-shaded-3.1.9.Final.jar:/home/runner/.m2/repository/org/glassfish/jersey/containers/jersey-container-servlet-core/2.34/jersey-container-servlet-core-2.34.jar:/home/runner/.m2/repository/org/glassfish/hk2/external/jakarta.inject/2.6.1/jakarta.inject-2.6.1.jar:/home/runner/.m2/repository/org/glassfish/jersey/core/jersey-common/2.34/jersey-common-2.34.jar:/home/runner/.m2/repository/jakarta/ws/rs/jakarta.ws.rs-api/2.1.6/jakarta.ws.rs-api-2.1.6.jar:/home/runner/.m2/repository/org/glassfish/jersey/ext/cdi/jersey-cdi1x/2.34/jersey-cdi1x-2.34.jar:/home/runner/.m2/repository/org/glassfish/jersey/inject/jersey-hk2/2.34/jersey-hk2-2.34.jar:/home/runner/.m2/repository/org/glassfish/hk2/hk2-locator/2.6.1/hk2-locator-2.6.1.jar:/home/runner/.m2/repository/org/glassfish/jersey/media/jersey-media-jaxb/2.34/jersey-media-jaxb-2.34.jar:/home/runner/.m2/repository/org/glassfish/hk2/osgi-resource-locator/1.0.3/osgi-resource-locator-1.0.3.jar:/home/runner/.m2/repository/org/glassfish/hk2/hk2-api/2.5.0/hk2-api-2.5.0.jar:/home/runner/.m2/repository/org/glassfish/hk2/hk2-utils/2.5.0/hk2-utils-2.5.0.jar:/home/runner/.m2/repository/org/glassfish/hk2/external/aopalliance-repackaged/2.5.0/aopalliance-repackaged-2.5.0.jar:/home/runner/.m2/repository/com/fasterxml/jackson/dataformat/jackson-dataformat-xml/2.13.4/jackson-dataformat-xml-2.13.4.jar:/home/runner/.m2/repository/org/codehaus/woodstox/stax2-api/4.2.1/stax2-api-4.2.1.jar:/home/runner/.m2/repository/com/fasterxml/woodstox/woodstox-core/5.4.0/woodstox-core-5.4.0.jar:/home/runner/.m2/repository/com/fasterxml/jackson/module/jackson-module-jaxb-annotations/2.13.4/jackson-module-jaxb-annotations-2.13.4.jar:/home/runner/.m2/repository/jakarta/xml/bind/jakarta.xml.bind-api/2.3.3/jakarta.xml.bind-api-2.3.3.jar:/home/runner/.m2/repository/jakarta/activation/jakarta.activation-api/1.2.2/jakarta.activation-api-1.2.2.jar:/home/runner/.m2/repository/javax/enterprise/cdi-api/2.0/cdi-api-2.0.jar:/home/runner/.m2/repository/javax/el/javax.el-api/3.0.0/javax.el-api-3.0.0.jar:/home/runner/.m2/repository/javax/interceptor/javax.interceptor-api/1.2/javax.interceptor-api-1.2.jar:/home/runner/.m2/repository/javax/inject/javax.inject/1/javax.inject-1.jar:/home/runner/.m2/repository/javax/xml/bind/jaxb-api/2.3.0/jaxb-api-2.3.0.jar:/home/runner/.m2/repository/org/glassfish/jaxb/jaxb-runtime/2.3.0.1/jaxb-runtime-2.3.0.1.jar:/home/runner/.m2/repository/org/glassfish/jaxb/jaxb-core/2.3.0.1/jaxb-core-2.3.0.1.jar:/home/runner/.m2/repository/org/glassfish/jaxb/txw2/2.3.0.1/txw2-2.3.0.1.jar:/home/runner/.m2/repository/com/sun/istack/istack-commons-runtime/3.0.5/istack-commons-runtime-3.0.5.jar:/home/runner/.m2/repository/org/jvnet/staxex/stax-ex/1.7.8/stax-ex-1.7.8.jar:/home/runner/.m2/repository/com/sun/xml/fastinfoset/FastInfoset/1.2.13/FastInfoset-1.2.13.jar:/home/runner/.m2/repository/javax/activation/activation/1.1.1/activation-1.1.1.jar:/home/runner/.m2/repository/io/grpc/grpc-protobuf/1.51.1/grpc-protobuf-1.51.1.jar:/home/runner/.m2/repository/com/google/api/grpc/proto-google-common-protos/2.9.0/proto-google-common-protos-2.9.0.jar:/home/runner/.m2/repository/io/grpc/grpc-protobuf-lite/1.51.1/grpc-protobuf-lite-1.51.1.jar:/home/runner/.m2/repository/io/grpc/grpc-stub/1.51.1/grpc-stub-1.51.1.jar:/home/runner/.m2/repository/io/netty/netty-transport/4.1.94.Final/netty-transport-4.1.94.Final.jar:/home/runner/.m2/repository/io/netty/netty-resolver/4.1.94.Final/netty-resolver-4.1.94.Final.jar:/home/runner/.m2/repository/org/apache/ozone/ozone-csi/1.4.0-SNAPSHOT/ozone-csi-1.4.0-SNAPSHOT.jar:/home/runner/.m2/repository/com/google/protobuf/protobuf-java-util/3.19.6/protobuf-java-util-3.19.6.jar:/home/runner/.m2/repository/com/google/code/gson/gson/2.9.0/gson-2.9.0.jar:/home/runner/.m2/repository/org/apache/ozone/hdds-config/1.4.0-SNAPSHOT/hdds-config-1.4.0-SNAPSHOT.jar:/home/runner/.m2/repository/io/netty/netty-transport-native-epoll/4.1.94.Final/netty-transport-native-epoll-4.1.94.Final-linux-x86_64.jar:/home/runner/.m2/repository/io/netty/netty-transport-classes-epoll/4.1.94.Final/netty-transport-classes-epoll-4.1.94.Final.jar:/home/runner/.m2/repository/io/netty/netty-transport-native-unix-common/4.1.94.Final/netty-transport-native-unix-common-4.1.94.Final.jar:/home/runner/.m2/repository/org/apache/ozone/ozone-recon/1.4.0-SNAPSHOT/ozone-recon-1.4.0-SNAPSHOT.jar:/home/runner/.m2/repository/org/apache/ozone/ozone-reconcodegen/1.4.0-SNAPSHOT/ozone-reconcodegen-1.4.0-SNAPSHOT.jar:/home/runner/.m2/repository/com/google/inject/guice/5.1.0/guice-5.1.0.jar:/home/runner/.m2/repository/aopalliance/aopalliance/1.0/aopalliance-1.0.jar:/home/runner/.m2/repository/com/google/inject/extensions/guice-assistedinject/5.1.0/guice-assistedinject-5.1.0.jar:/home/runner/.m2/repository/com/google/inject/extensions/guice-servlet/5.1.0/guice-servlet-5.1.0.jar:/home/runner/.m2/repository/org/glassfish/jersey/containers/jersey-container-servlet/2.34/jersey-container-servlet-2.34.jar:/home/runner/.m2/repository/org/glassfish/hk2/guice-bridge/2.5.0/guice-bridge-2.5.0.jar:/home/runner/.m2/repository/org/glassfish/jersey/core/jersey-server/2.34/jersey-server-2.34.jar:/home/runner/.m2/repository/org/glassfish/jersey/core/jersey-client/2.34/jersey-client-2.34.jar:/home/runner/.m2/repository/jakarta/annotation/jakarta.annotation-api/1.3.5/jakarta.annotation-api-1.3.5.jar:/home/runner/.m2/repository/jakarta/validation/jakarta.validation-api/2.0.2/jakarta.validation-api-2.0.2.jar:/home/runner/.m2/repository/org/glassfish/jersey/media/jersey-media-json-jackson/2.34/jersey-media-json-jackson-2.34.jar:/home/runner/.m2/repository/org/glassfish/jersey/ext/jersey-entity-filtering/2.34/jersey-entity-filtering-2.34.jar:/home/runner/.m2/repository/org/jooq/jooq/3.11.10/jooq-3.11.10.jar:/home/runner/.m2/repository/org/jooq/jooq-meta/3.11.10/jooq-meta-3.11.10.jar:/home/runner/.m2/repository/org/jooq/jooq-codegen/3.11.10/jooq-codegen-3.11.10.jar:/home/runner/.m2/repository/com/jolbox/bonecp/0.8.0.RELEASE/bonecp-0.8.0.RELEASE.jar:/home/runner/.m2/repository/org/apache/derby/derby/10.14.2.0/derby-10.14.2.0.jar:/home/runner/.m2/repository/org/xerial/sqlite-jdbc/3.41.2.2/sqlite-jdbc-3.41.2.2.jar:/home/runner/.m2/repository/org/springframework/spring-jdbc/5.3.27/spring-jdbc-5.3.27.jar:/home/runner/.m2/repository/org/springframework/spring-beans/5.3.27/spring-beans-5.3.27.jar:/home/runner/.m2/repository/org/springframework/spring-core/5.3.27/spring-core-5.3.27.jar:/home/runner/.m2/repository/org/springframework/spring-tx/5.3.27/spring-tx-5.3.27.jar:/home/runner/.m2/repository/org/apache/ozone/ozone-client/1.4.0-SNAPSHOT/ozone-client-1.4.0-SNAPSHOT.jar:/home/runner/.m2/repository/org/apache/ozone/hdds-erasurecode/1.4.0-SNAPSHOT/hdds-erasurecode-1.4.0-SNAPSHOT.jar:/home/runner/.m2/repository/org/apache/ozone/ozone-filesystem/1.4.0-SNAPSHOT/ozone-filesystem-1.4.0-SNAPSHOT.jar:/home/runner/.m2/repository/org/apache/ozone/ozone-filesystem-common/1.4.0-SNAPSHOT/ozone-filesystem-common-1.4.0-SNAPSHOT.jar:/home/runner/.m2/repository/org/apache/ozone/ozone-tools/1.4.0-SNAPSHOT/ozone-tools-1.4.0-SNAPSHOT.jar:/home/runner/.m2/repository/com/amazonaws/aws-java-sdk-core/1.12.261/aws-java-sdk-core-1.12.261.jar:/home/runner/.m2/repository/org/apache/httpcomponents/httpclient/4.5.13/httpclient-4.5.13.jar:/home/runner/.m2/repository/org/apache/httpcomponents/httpcore/4.4.13/httpcore-4.4.13.jar:/home/runner/.m2/repository/software/amazon/ion/ion-java/1.0.2/ion-java-1.0.2.jar:/home/runner/.m2/repository/com/fasterxml/jackson/dataformat/jackson-dataformat-cbor/2.13.4/jackson-dataformat-cbor-2.13.4.jar:/home/runner/.m2/repository/joda-time/joda-time/2.10.6/joda-time-2.10.6.jar:/home/runner/.m2/repository/com/amazonaws/aws-java-sdk-s3/1.12.261/aws-java-sdk-s3-1.12.261.jar:/home/runner/.m2/repository/com/amazonaws/aws-java-sdk-kms/1.12.261/aws-java-sdk-kms-1.12.261.jar:/home/runner/.m2/repository/com/amazonaws/jmespath-java/1.12.261/jmespath-java-1.12.261.jar:/home/runner/.m2/repository/org/kohsuke/metainf-services/metainf-services/1.8/metainf-services-1.8.jar:/home/runner/.m2/repository/org/apache/ozone/hdds-tools/1.4.0-SNAPSHOT/hdds-tools-1.4.0-SNAPSHOT.jar:/home/runner/.m2/repository/org/apache/ratis/ratis-tools/2.5.1/ratis-tools-2.5.1.jar:/home/runner/.m2/repository/commons-cli/commons-cli/1.2/commons-cli-1.2.jar:/home/runner/.m2/repository/org/apache/commons/commons-lang3/3.7/commons-lang3-3.7.jar:/home/runner/.m2/repository/org/apache/ozone/ozone-manager/1.4.0-SNAPSHOT/ozone-manager-1.4.0-SNAPSHOT-tests.jar:/home/runner/.m2/repository/org/apache/ozone/hdds-common/1.4.0-SNAPSHOT/hdds-common-1.4.0-SNAPSHOT-tests.jar:/home/runner/.m2/repository/org/apache/ozone/hdds-hadoop-dependency-client/1.4.0-SNAPSHOT/hdds-hadoop-dependency-client-1.4.0-SNAPSHOT.jar:/home/runner/.m2/repository/info/picocli/picocli/4.6.1/picocli-4.6.1.jar:/home/runner/.m2/repository/com/fasterxml/jackson/core/jackson-annotations/2.13.4/jackson-annotations-2.13.4.jar:/home/runner/.m2/repository/org/apache/ozone/hdds-annotation-processing/1.4.0-SNAPSHOT/hdds-annotation-processing-1.4.0-SNAPSHOT.jar:/home/runner/.m2/repository/javax/annotation/javax.annotation-api/1.2/javax.annotation-api-1.2.jar:/home/runner/.m2/repository/org/apache/ratis/ratis-netty/2.5.1/ratis-netty-2.5.1.jar:/home/runner/.m2/repository/org/apache/ratis/ratis-grpc/2.5.1/ratis-grpc-2.5.1.jar:/home/runner/.m2/repository/org/apache/commons/commons-pool2/2.6.0/commons-pool2-2.6.0.jar:/home/runner/.m2/repository/org/bouncycastle/bcpkix-jdk15on/1.67/bcpkix-jdk15on-1.67.jar:/home/runner/.m2/repository/commons-validator/commons-validator/1.6/commons-validator-1.6.jar:/home/runner/.m2/repository/commons-beanutils/commons-beanutils/1.9.4/commons-beanutils-1.9.4.jar:/home/runner/.m2/repository/commons-digester/commons-digester/1.8.1/commons-digester-1.8.1.jar:/home/runner/.m2/repository/commons-collections/commons-collections/3.2.2/commons-collections-3.2.2.jar:/home/runner/.m2/repository/io/jaegertracing/jaeger-client/1.6.0/jaeger-client-1.6.0.jar:/home/runner/.m2/repository/io/jaegertracing/jaeger-thrift/1.6.0/jaeger-thrift-1.6.0.jar:/home/runner/.m2/repository/org/apache/thrift/libthrift/0.14.1/libthrift-0.14.1.jar:/home/runner/.m2/repository/io/jaegertracing/jaeger-core/1.6.0/jaeger-core-1.6.0.jar:/home/runner/.m2/repository/io/jaegertracing/jaeger-tracerresolver/1.6.0/jaeger-tracerresolver-1.6.0.jar:/home/runner/.m2/repository/io/opentracing/contrib/opentracing-tracerresolver/0.1.8/opentracing-tracerresolver-0.1.8.jar:/home/runner/.m2/repository/org/jetbrains/kotlin/kotlin-stdlib/1.6.21/kotlin-stdlib-1.6.21.jar:/home/runner/.m2/repository/org/jetbrains/annotations/13.0/annotations-13.0.jar:/home/runner/.m2/repository/io/opentracing/opentracing-util/0.33.0/opentracing-util-0.33.0.jar:/home/runner/.m2/repository/io/opentracing/opentracing-api/0.33.0/opentracing-api-0.33.0.jar:/home/runner/.m2/repository/io/opentracing/opentracing-noop/0.33.0/opentracing-noop-0.33.0.jar:/home/runner/.m2/repository/org/yaml/snakeyaml/2.0/snakeyaml-2.0.jar:/home/runner/.m2/repository/io/grpc/grpc-api/1.51.1/grpc-api-1.51.1.jar:/home/runner/.m2/repository/io/grpc/grpc-context/1.51.1/grpc-context-1.51.1.jar:/home/runner/.m2/repository/junit/junit/4.13.1/junit-4.13.1.jar:/home/runner/.m2/repository/org/hamcrest/hamcrest-core/1.3/hamcrest-core-1.3.jar:/home/runner/.m2/repository/org/junit/jupiter/junit-jupiter-api/5.8.2/junit-jupiter-api-5.8.2.jar:/home/runner/.m2/repository/org/opentest4j/opentest4j/1.2.0/opentest4j-1.2.0.jar:/home/runner/.m2/repository/org/junit/platform/junit-platform-commons/1.8.2/junit-platform-commons-1.8.2.jar:/home/runner/.m2/repository/org/apiguardian/apiguardian-api/1.1.2/apiguardian-api-1.1.2.jar:/home/runner/.m2/repository/org/junit/jupiter/junit-jupiter-params/5.8.2/junit-jupiter-params-5.8.2.jar:/home/runner/.m2/repository/org/junit/jupiter/junit-jupiter-migrationsupport/5.8.2/junit-jupiter-migrationsupport-5.8.2.jar:/home/runner/.m2/repository/org/junit/jupiter/junit-jupiter-engine/5.8.2/junit-jupiter-engine-5.8.2.jar:/home/runner/.m2/repository/org/junit/platform/junit-platform-engine/1.8.2/junit-platform-engine-1.8.2.jar:/home/runner/.m2/repository/org/junit/vintage/junit-vintage-engine/5.8.2/junit-vintage-engine-5.8.2.jar:/home/runner/.m2/repository/org/junit/platform/junit-platform-launcher/1.8.2/junit-platform-launcher-1.8.2.jar:/home/runner/.m2/repository/org/mockito/mockito-core/3.5.9/mockito-core-3.5.9.jar:/home/runner/.m2/repository/net/bytebuddy/byte-buddy/1.10.13/byte-buddy-1.10.13.jar:/home/runner/.m2/repository/net/bytebuddy/byte-buddy-agent/1.10.13/byte-buddy-agent-1.10.13.jar:/home/runner/.m2/repository/org/objenesis/objenesis/1.0/objenesis-1.0.jar:/home/runner/.m2/repository/org/apache/hadoop/hadoop-kms/3.3.6/hadoop-kms-3.3.6.jar:/home/runner/.m2/repository/org/apache/hadoop/hadoop-auth/3.3.6/hadoop-auth-3.3.6.jar:/home/runner/.m2/repository/com/nimbusds/nimbus-jose-jwt/9.8.1/nimbus-jose-jwt-9.8.1.jar:/home/runner/.m2/repository/com/github/stephenc/jcip/jcip-annotations/1.0-1/jcip-annotations-1.0-1.jar:/home/runner/.m2/repository/org/apache/zookeeper/zookeeper/3.5.6/zookeeper-3.5.6.jar:/home/runner/.m2/repository/org/apache/zookeeper/zookeeper-jute/3.5.6/zookeeper-jute-3.5.6.jar:/home/runner/.m2/repository/org/apache/yetus/audience-annotations/0.5.0/audience-annotations-0.5.0.jar:/home/runner/.m2/repository/org/apache/curator/curator-framework/4.2.0/curator-framework-4.2.0.jar:/home/runner/.m2/repository/org/apache/hadoop/thirdparty/hadoop-shaded-guava/1.1.1/hadoop-shaded-guava-1.1.1.jar:/home/runner/.m2/repository/com/sun/jersey/jersey-core/1.19/jersey-core-1.19.jar:/home/runner/.m2/repository/javax/ws/rs/jsr311-api/1.1.1/jsr311-api-1.1.1.jar:/home/runner/.m2/repository/com/sun/jersey/jersey-server/1.19/jersey-server-1.19.jar:/home/runner/.m2/repository/javax/servlet/javax.servlet-api/3.1.0/javax.servlet-api-3.1.0.jar:/home/runner/.m2/repository/org/apache/hadoop/hadoop-common/3.3.6/hadoop-common-3.3.6.jar:/home/runner/.m2/repository/org/apache/commons/commons-math3/3.1.1/commons-math3-3.1.1.jar:/home/runner/.m2/repository/commons-net/commons-net/3.9.0/commons-net-3.9.0.jar:/home/runner/.m2/repository/com/sun/jersey/jersey-servlet/1.19/jersey-servlet-1.19.jar:/home/runner/.m2/repository/com/github/pjfanning/jersey-json/1.20/jersey-json-1.20.jar:/home/runner/.m2/repository/org/codehaus/jettison/jettison/1.1/jettison-1.1.jar:/home/runner/.m2/repository/com/sun/xml/bind/jaxb-impl/2.2.3-1/jaxb-impl-2.2.3-1.jar:/home/runner/.m2/repository/com/google/re2j/re2j/1.1/re2j-1.1.jar:/home/runner/.m2/repository/com/jcraft/jsch/0.1.54/jsch-0.1.54.jar:/home/runner/.m2/repository/org/apache/curator/curator-client/4.2.0/curator-client-4.2.0.jar:/home/runner/.m2/repository/org/apache/curator/curator-recipes/5.2.0/curator-recipes-5.2.0.jar:/home/runner/.m2/repository/org/apache/kerby/kerb-core/1.0.1/kerb-core-1.0.1.jar:/home/runner/.m2/repository/org/apache/kerby/kerby-pkix/1.0.1/kerby-pkix-1.0.1.jar:/home/runner/.m2/repository/org/apache/kerby/kerby-asn1/1.0.1/kerby-asn1-1.0.1.jar:/home/runner/.m2/repository/org/apache/kerby/kerby-util/1.0.1/kerby-util-1.0.1.jar:/home/runner/.m2/repository/dnsjava/dnsjava/2.1.7/dnsjava-2.1.7.jar:/home/runner/.m2/repository/org/xerial/snappy/snappy-java/1.1.8.2/snappy-java-1.1.8.2.jar:/home/runner/.m2/repository/com/fasterxml/jackson/core/jackson-databind/2.13.4.2/jackson-databind-2.13.4.2.jar:/home/runner/.m2/repository/org/apache/hadoop/hadoop-kms/3.3.6/hadoop-kms-3.3.6-tests.jar:/home/runner/.m2/repository/org/apache/ozone/hdds-server-scm/1.4.0-SNAPSHOT/hdds-server-scm-1.4.0-SNAPSHOT-tests.jar:/home/runner/.m2/repository/org/apache/ozone/hdds-container-service/1.4.0-SNAPSHOT/hdds-container-service-1.4.0-SNAPSHOT-tests.jar:/home/runner/.m2/repository/com/github/luben/zstd-jni/1.5.2-5/zstd-jni-1.5.2-5.jar:/home/runner/.m2/repository/commons-codec/commons-codec/1.15/commons-codec-1.15.jar:/home/runner/.m2/repository/io/netty/netty-codec/4.1.94.Final/netty-codec-4.1.94.Final.jar:/home/runner/.m2/repository/io/netty/netty-handler/4.1.94.Final/netty-handler-4.1.94.Final.jar:/home/runner/.m2/repository/org/apache/ozone/hdds-hadoop-dependency-test/1.4.0-SNAPSHOT/hdds-hadoop-dependency-test-1.4.0-SNAPSHOT.jar:/home/runner/.m2/repository/org/apache/hadoop/hadoop-common/3.3.6/hadoop-common-3.3.6-tests.jar:/home/runner/.m2/repository/org/apache/hadoop/hadoop-hdfs/3.3.6/hadoop-hdfs-3.3.6-tests.jar:/home/runner/.m2/repository/org/assertj/assertj-core/3.12.2/assertj-core-3.12.2.jar:/home/runner/.m2/repository/org/apache/hadoop/hadoop-distcp/3.3.6/hadoop-distcp-3.3.6.jar:/home/runner/.m2/repository/org/apache/hadoop/hadoop-mapreduce-client-jobclient/3.3.6/hadoop-mapreduce-client-jobclient-3.3.6.jar:/home/runner/.m2/repository/org/apache/hadoop/hadoop-mapreduce-client-common/3.3.6/hadoop-mapreduce-client-common-3.3.6.jar:/home/runner/.m2/repository/org/apache/hadoop/hadoop-yarn-common/3.3.6/hadoop-yarn-common-3.3.6.jar:/home/runner/.m2/repository/org/apache/hadoop/hadoop-yarn-api/3.3.6/hadoop-yarn-api-3.3.6.jar:/home/runner/.m2/repository/com/sun/jersey/contribs/jersey-guice/1.19/jersey-guice-1.19.jar:/home/runner/.m2/repository/com/fasterxml/jackson/jaxrs/jackson-jaxrs-json-provider/2.13.4/jackson-jaxrs-json-provider-2.13.4.jar:/home/runner/.m2/repository/com/fasterxml/jackson/jaxrs/jackson-jaxrs-base/2.13.4/jackson-jaxrs-base-2.13.4.jar:/home/runner/.m2/repository/org/apache/hadoop/hadoop-yarn-client/3.3.6/hadoop-yarn-client-3.3.6.jar:/home/runner/.m2/repository/org/eclipse/jetty/websocket/websocket-client/9.4.51.v20230217/websocket-client-9.4.51.v20230217.jar:/home/runner/.m2/repository/org/eclipse/jetty/websocket/websocket-common/9.4.51.v20230217/websocket-common-9.4.51.v20230217.jar:/home/runner/.m2/repository/org/eclipse/jetty/websocket/websocket-api/9.4.51.v20230217/websocket-api-9.4.51.v20230217.jar:/home/runner/.m2/repository/org/jline/jline/3.9.0/jline-3.9.0.jar:/home/runner/.m2/repository/org/apache/hadoop/hadoop-mapreduce-client-core/3.3.6/hadoop-mapreduce-client-core-3.3.6.jar:/home/runner/.m2/repository/org/apache/avro/avro/1.7.7/avro-1.7.7.jar:/home/runner/.m2/repository/com/thoughtworks/paranamer/paranamer/2.3/paranamer-2.3.jar:/home/runner/.m2/repository/org/apache/hadoop/hadoop-annotations/3.3.6/hadoop-annotations-3.3.6.jar:/usr/lib/jvm/temurin-8-jdk-amd64/jre/../lib/tools.jar:/home/runner/.m2/repository/io/netty/netty/3.10.6.Final/netty-3.10.6.Final.jar:/home/runner/.m2/repository/org/apache/hadoop/hadoop-distcp/3.3.6/hadoop-distcp-3.3.6-tests.jar:/home/runner/.m2/repository/org/slf4j/jul-to-slf4j/1.7.36/jul-to-slf4j-1.7.36.jar:"/>
    <property name="sun.cpu.endian" value="little"/>
    <property name="user.home" value="/home/runner"/>
    <property name="user.language" value="en"/>
    <property name="java.specification.vendor" value="Oracle Corporation"/>
    <property name="java.home" value="/usr/lib/jvm/temurin-8-jdk-amd64/jre"/>
    <property name="java.security.krb5.conf" value="/home/runner/work/ozone/ozone/hadoop-ozone/integration-test/target/test-classes/krb5.conf"/>
    <property name="file.separator" value="/"/>
    <property name="basedir" value="/home/runner/work/ozone/ozone/hadoop-ozone/integration-test"/>
    <property name="line.separator" value="&#10;"/>
    <property name="java.vm.specification.vendor" value="Oracle Corporation"/>
    <property name="java.specification.name" value="Java Platform API Specification"/>
    <property name="skip.installnpx" value="true"/>
    <property name="java.awt.graphicsenv" value="sun.awt.X11GraphicsEnvironment"/>
    <property name="surefire.real.class.path" value="/home/runner/work/ozone/ozone/hadoop-ozone/integration-test/target/surefire/surefirebooter4454535238059078315.jar:/home/runner/.m2/repository/org/jacoco/org.jacoco.agent/0.8.5/org.jacoco.agent-0.8.5-runtime.jar"/>
    <property name="sun.boot.class.path" value="/usr/lib/jvm/temurin-8-jdk-amd64/jre/lib/resources.jar:/usr/lib/jvm/temurin-8-jdk-amd64/jre/lib/rt.jar:/usr/lib/jvm/temurin-8-jdk-amd64/jre/lib/sunrsasign.jar:/usr/lib/jvm/temurin-8-jdk-amd64/jre/lib/jsse.jar:/usr/lib/jvm/temurin-8-jdk-amd64/jre/lib/jce.jar:/usr/lib/jvm/temurin-8-jdk-amd64/jre/lib/charsets.jar:/usr/lib/jvm/temurin-8-jdk-amd64/jre/lib/jfr.jar:/usr/lib/jvm/temurin-8-jdk-amd64/jre/classes"/>
    <property name="hadoop.log.dir" value="/home/runner/work/ozone/ozone/hadoop-ozone/integration-test/target/log"/>
    <property name="sun.management.compiler" value="HotSpot 64-Bit Tiered Compilers"/>
    <property name="java.runtime.version" value="1.8.0_382-b05"/>
    <property name="skip.npx" value="true"/>
    <property name="user.name" value="runner"/>
    <property name="java.net.preferIPv4Stack" value="true"/>
    <property name="path.separator" value=":"/>
    <property name="java.security.egd" value="file:///dev/urandom"/>
    <property name="os.version" value="5.15.0-1047-azure"/>
    <property name="java.endorsed.dirs" value="/usr/lib/jvm/temurin-8-jdk-amd64/jre/lib/endorsed"/>
    <property name="java.runtime.name" value="OpenJDK Runtime Environment"/>
    <property name="file.encoding" value="UTF-8"/>
    <property name="java.vm.name" value="OpenJDK 64-Bit Server VM"/>
    <property name="test.build.webapps" value=""/>
    <property name="log4j1.compatibility" value="true"/>
    <property name="localRepository" value="/home/runner/.m2/repository"/>
    <property name="jetty.git.hash" value="abdcda73818a1a2c705da276edb0bf6581e7997e"/>
    <property name="java.vendor.url.bug" value="https://github.com/adoptium/adoptium-support/issues"/>
    <property name="require.test.libhadoop" value=""/>
    <property name="java.io.tmpdir" value="/tmp"/>
    <property name="java.version" value="1.8.0_382"/>
    <property name="user.dir" value="/home/runner/work/ozone/ozone/hadoop-ozone/integration-test"/>
    <property name="os.arch" value="amd64"/>
    <property name="test.build.classes" value="/home/runner/work/ozone/ozone/hadoop-ozone/integration-test/target/test-classes"/>
    <property name="java.vm.specification.name" value="Java Virtual Machine Specification"/>
    <property name="java.awt.printerjob" value="sun.print.PSPrinterJob"/>
    <property name="sun.os.patch.level" value="unknown"/>
    <property name="org.apache.ratis.thirdparty.io.netty.allocator.useCacheForAllThreads" value="false"/>
    <property name="hadoop.tmp.dir" value="/home/runner/work/ozone/ozone/hadoop-ozone/integration-test/target/tmp"/>
    <property name="java.library.path" value="/usr/java/packages/lib/amd64:/usr/lib64:/lib64:/lib:/usr/lib"/>
    <property name="java.vendor" value="Temurin"/>
    <property name="java.vm.info" value="mixed mode"/>
    <property name="java.vm.version" value="25.382-b05"/>
    <property name="java.specification.maintenance.version" value="5"/>
    <property name="sun.io.unicode.encoding" value="UnicodeLittle"/>
    <property name="java.ext.dirs" value="/usr/lib/jvm/temurin-8-jdk-amd64/jre/lib/ext:/usr/java/packages/lib/ext"/>
    <property name="java.class.version" value="52.0"/>
    <property name="kms.config.dir" value="/home/runner/work/ozone/ozone/hadoop-ozone/integration-test/target/test-dir/TestSecureOzoneRpcClient/8c411e6c-6ec7-424f-9c4b-55ac9e9ecdd1"/>
  </properties>
  <testcase name="testPutKeyWithEncryption(BucketLayout)[1]" classname="org.apache.hadoop.ozone.client.rpc.TestOzoneAtRestEncryption" time="2.006">
    <system-out><![CDATA[2023-09-29 12:51:01,840 [main] INFO  util.log (Log.java:initialized(170)) - Logging initialized @1999ms to org.eclipse.jetty.util.log.Slf4jLog
2023-09-29 12:51:02,060 [main] INFO  http.HttpRequestLog (HttpRequestLog.java:getRequestLog(82)) - Http request log for http.requests.kms is not defined
2023-09-29 12:51:02,070 [main] INFO  http.HttpServer2 (HttpServer2.java:addGlobalFilter(1124)) - Added global filter 'safety' (class=org.apache.hadoop.http.HttpServer2$QuotingInputFilter)
2023-09-29 12:51:02,072 [main] INFO  http.HttpServer2 (HttpServer2.java:addFilter(1097)) - Added filter static_user_filter (class=org.apache.hadoop.http.lib.StaticUserWebFilter$StaticUserFilter) to context kms
2023-09-29 12:51:02,073 [main] INFO  http.HttpServer2 (HttpServer2.java:addFilter(1107)) - Added filter static_user_filter (class=org.apache.hadoop.http.lib.StaticUserWebFilter$StaticUserFilter) to context logs
2023-09-29 12:51:02,073 [main] INFO  http.HttpServer2 (HttpServer2.java:addFilter(1107)) - Added filter static_user_filter (class=org.apache.hadoop.http.lib.StaticUserWebFilter$StaticUserFilter) to context static
2023-09-29 12:51:02,112 [main] INFO  http.HttpServer2 (HttpServer2.java:bindListener(1357)) - Jetty bound to port 41927
2023-09-29 12:51:02,113 [main] INFO  server.Server (Server.java:doStart(375)) - jetty-9.4.52.v20230823; built: 2023-08-23T19:29:37.669Z; git: abdcda73818a1a2c705da276edb0bf6581e7997e; jvm 1.8.0_382-b05
2023-09-29 12:51:02,140 [main] INFO  server.session (DefaultSessionIdManager.java:doStart(334)) - DefaultSessionIdManager workerName=node0
2023-09-29 12:51:02,140 [main] INFO  server.session (DefaultSessionIdManager.java:doStart(339)) - No SessionScavenger set, using defaults
2023-09-29 12:51:02,142 [main] INFO  server.session (HouseKeeper.java:startScavenging(132)) - node0 Scavenging every 600000ms
2023-09-29 12:51:02,156 [main] INFO  handler.ContextHandler (ContextHandler.java:doStart(921)) - Started o.e.j.s.ServletContextHandler@102efc59{logs,/logs,file:///home/runner/work/ozone/ozone/hadoop-ozone/integration-test/target/log,AVAILABLE}
2023-09-29 12:51:02,157 [main] INFO  handler.ContextHandler (ContextHandler.java:doStart(921)) - Started o.e.j.s.ServletContextHandler@75fa1be3{static,/static,jar:file:/home/runner/.m2/repository/org/apache/hadoop/hadoop-kms/3.3.6/hadoop-kms-3.3.6.jar!/webapps/static,AVAILABLE}
2023-09-29 12:51:02,286 [main] INFO  server.KMSWebApp (KMSWebApp.java:contextInitialized(94)) - -------------------------------------------------------------
2023-09-29 12:51:02,287 [main] INFO  server.KMSWebApp (KMSWebApp.java:contextInitialized(95)) -   Java runtime version : 1.8.0_382-b05
2023-09-29 12:51:02,287 [main] INFO  server.KMSWebApp (KMSWebApp.java:contextInitialized(97)) -   User: runner
2023-09-29 12:51:02,290 [main] INFO  server.KMSWebApp (KMSWebApp.java:contextInitialized(98)) -   KMS Hadoop Version: 3.3.6
2023-09-29 12:51:02,290 [main] INFO  server.KMSWebApp (KMSWebApp.java:contextInitialized(99)) - -------------------------------------------------------------
2023-09-29 12:51:02,304 [main] INFO  server.KMSACLs (KMSACLs.java:setKMSACLs(107)) - 'CREATE' ACL '*'
2023-09-29 12:51:02,305 [main] INFO  server.KMSACLs (KMSACLs.java:setKMSACLs(107)) - 'DELETE' ACL '*'
2023-09-29 12:51:02,305 [main] INFO  server.KMSACLs (KMSACLs.java:setKMSACLs(107)) - 'ROLLOVER' ACL '*'
2023-09-29 12:51:02,305 [main] INFO  server.KMSACLs (KMSACLs.java:setKMSACLs(107)) - 'GET' ACL '*'
2023-09-29 12:51:02,306 [main] INFO  server.KMSACLs (KMSACLs.java:setKMSACLs(107)) - 'GET_KEYS' ACL '*'
2023-09-29 12:51:02,306 [main] INFO  server.KMSACLs (KMSACLs.java:setKMSACLs(107)) - 'GET_METADATA' ACL '*'
2023-09-29 12:51:02,306 [main] INFO  server.KMSACLs (KMSACLs.java:setKMSACLs(107)) - 'SET_KEY_MATERIAL' ACL '*'
2023-09-29 12:51:02,306 [main] INFO  server.KMSACLs (KMSACLs.java:setKMSACLs(107)) - 'GENERATE_EEK' ACL '*'
2023-09-29 12:51:02,307 [main] INFO  server.KMSACLs (KMSACLs.java:setKMSACLs(107)) - 'DECRYPT_EEK' ACL '*'
2023-09-29 12:51:02,308 [main] INFO  server.KMSACLs (KMSACLs.java:parseAclsWithPrefix(185)) - default.key.acl. for KEY_OP 'READ' is set to '*'
2023-09-29 12:51:02,308 [main] INFO  server.KMSACLs (KMSACLs.java:parseAclsWithPrefix(185)) - default.key.acl. for KEY_OP 'MANAGEMENT' is set to '*'
2023-09-29 12:51:02,309 [main] INFO  server.KMSACLs (KMSACLs.java:parseAclsWithPrefix(185)) - default.key.acl. for KEY_OP 'GENERATE_EEK' is set to '*'
2023-09-29 12:51:02,309 [main] INFO  server.KMSACLs (KMSACLs.java:parseAclsWithPrefix(185)) - default.key.acl. for KEY_OP 'DECRYPT_EEK' is set to '*'
2023-09-29 12:51:02,383 [main] INFO  server.KMSAudit (KMSAudit.java:initializeAuditLoggers(157)) - Initializing audit logger class org.apache.hadoop.crypto.key.kms.server.SimpleKMSAuditLogger
2023-09-29 12:51:02,629 [main] INFO  server.KMSWebApp (KMSWebApp.java:contextInitialized(149)) - Initialized KeyProvider CachingKeyProvider: jceks://file@/home/runner/work/ozone/ozone/hadoop-ozone/integration-test/target/test-dir/TestSecureOzoneRpcClient/8c411e6c-6ec7-424f-9c4b-55ac9e9ecdd1/kms.keystore
2023-09-29 12:51:02,639 [main] INFO  server.KMSWebApp (KMSWebApp.java:contextInitialized(163)) - Initialized KeyProviderCryptoExtension org.apache.hadoop.crypto.key.kms.server.KeyAuthorizationKeyProvider: EagerKeyGeneratorKeyProviderCryptoExtension: KeyProviderCryptoExtension: CachingKeyProvider: jceks://file@/home/runner/work/ozone/ozone/hadoop-ozone/integration-test/target/test-dir/TestSecureOzoneRpcClient/8c411e6c-6ec7-424f-9c4b-55ac9e9ecdd1/kms.keystore
2023-09-29 12:51:02,640 [main] INFO  server.KMSWebApp (KMSWebApp.java:contextInitialized(168)) - Default key bitlength is 128
2023-09-29 12:51:02,640 [main] INFO  server.KMSWebApp (KMSWebApp.java:contextInitialized(169)) - KMS Started
2023-09-29 12:51:02,698 [main] INFO  delegation.AbstractDelegationTokenSecretManager (AbstractDelegationTokenSecretManager.java:updateCurrentKey(415)) - Updating the current master key for generating delegation tokens
2023-09-29 12:51:02,707 [Thread[Thread-14,5,main]] INFO  delegation.AbstractDelegationTokenSecretManager (AbstractDelegationTokenSecretManager.java:run(797)) - Starting expired delegation token remover thread, tokenRemoverScanInterval=60 min(s)
2023-09-29 12:51:02,708 [Thread[Thread-14,5,main]] INFO  delegation.AbstractDelegationTokenSecretManager (AbstractDelegationTokenSecretManager.java:updateCurrentKey(415)) - Updating the current master key for generating delegation tokens
2023-09-29 12:51:02,767 [main] INFO  core.PackagesResourceConfig (PackagesResourceConfig.java:init(101)) - Scanning for root resource and provider classes in the packages:
  org.apache.hadoop.crypto.key.kms.server
2023-09-29 12:51:02,862 [main] INFO  core.ScanningResourceConfig (ScanningResourceConfig.java:logClasses(153)) - Root resource classes found:
  class org.apache.hadoop.crypto.key.kms.server.KMS
2023-09-29 12:51:02,862 [main] INFO  core.ScanningResourceConfig (ScanningResourceConfig.java:logClasses(153)) - Provider classes found:
  class org.apache.hadoop.crypto.key.kms.server.KMSExceptionsProvider
  class org.apache.hadoop.crypto.key.kms.server.KMSJSONWriter
  class org.apache.hadoop.crypto.key.kms.server.KMSJSONReader
2023-09-29 12:51:02,972 [main] INFO  application.WebApplicationImpl (WebApplicationImpl.java:_initiate(815)) - Initiating Jersey application, version 'Jersey: 1.19 02/11/2015 03:25 AM'
2023-09-29 12:51:03,846 [main] INFO  handler.ContextHandler (ContextHandler.java:doStart(921)) - Started o.e.j.w.WebAppContext@6e9a0bea{kms,/,file:///home/runner/work/ozone/ozone/hadoop-ozone/integration-test/target/tmp/kms/webapp/,AVAILABLE}{jar:file:/home/runner/.m2/repository/org/apache/hadoop/hadoop-kms/3.3.6/hadoop-kms-3.3.6.jar!/webapps/kms}
2023-09-29 12:51:03,857 [main] INFO  server.AbstractConnector (AbstractConnector.java:doStart(333)) - Started ServerConnector@688d411b{HTTP/1.1, (http/1.1)}{localhost:41927}
2023-09-29 12:51:03,857 [main] INFO  server.Server (Server.java:doStart(415)) - Started @4018ms
2023-09-29 12:51:03,996 [main] WARN  impl.MetricsConfig (MetricsConfig.java:loadFirst(136)) - Cannot locate configuration: tried hadoop-metrics2-kms.properties,hadoop-metrics2.properties
2023-09-29 12:51:04,012 [main] INFO  impl.MetricsSystemImpl (MetricsSystemImpl.java:startTimer(378)) - Scheduled Metric snapshot period at 10 second(s).
2023-09-29 12:51:04,012 [main] INFO  impl.MetricsSystemImpl (MetricsSystemImpl.java:start(191)) - KMS metrics system started
2023-09-29 12:51:04,052 [org.apache.hadoop.util.JvmPauseMonitor$Monitor@1c5d3a37] INFO  util.JvmPauseMonitor (JvmPauseMonitor.java:run(188)) - Starting JVM pause monitor
2023-09-29 12:51:04,358 [main] INFO  audit.AuditLogger (AuditLogger.java:refreshDebugCmdSet(126)) - Refresh DebugCmdSet for OMAudit to [].
2023-09-29 12:51:06,432 [main] INFO  utils.SelfSignedCertificate (SelfSignedCertificate.java:generateCertificate(157)) - Certificate 1 is issued by CN=rootCA@localhost,OU=scm1,O=cluster1 to CN=rootCA@localhost,OU=scm1,O=cluster1, valid from Fri Sep 29 12:51:06 UTC 2023 to Mon Nov 06 12:51:06 UTC 2028
2023-09-29 12:51:06,474 [main] INFO  authority.DefaultApprover (DefaultApprover.java:sign(154)) - Extensions in CSR: 2.5.29.15
2023-09-29 12:51:06,475 [main] INFO  authority.DefaultApprover (DefaultApprover.java:sign(158)) - Extensions to add to the certificate if they present in CSR: 2.5.29.17, 1.3.6.1.5.5.7.1.12, 2.5.29.35, 2.5.29.37, 2.5.29.15
2023-09-29 12:51:06,497 [main] INFO  ssl.ReloadingX509KeyManager (ReloadingX509KeyManager.java:loadKeyManager(222)) - Key manager is loaded with certificate chain
2023-09-29 12:51:06,500 [main] INFO  ssl.ReloadingX509KeyManager (ReloadingX509KeyManager.java:loadKeyManager(224)) - [
[
  Version: V3
  Subject: O=cluster1, OU=scm1, CN=localhost
  Signature Algorithm: SHA256withRSA, OID = 1.2.840.113549.1.1.11

  Key:  Sun RSA public key, 2048 bits
  params: null
  modulus: 25771852163444385667292022784056834866223777047489080235526052696979868790625544339464641870830036077722923260162962243638511313435067010170821817632304267923239490395755786367763721565792413242584860860728030637548673841634291230528066340364839259079477328619229295747307342125593407164335905498440524806681851930833869466538928029746013617209281925939096416770139436914833338530260305116132117394252515374724249484261847530710169758745092150639148318520907724974302811371501258347386459312887474727855258182140536153000944446865586730793247536615523976286214386649259227866501195564016373226596346042776251300123441
  public exponent: 65537
  Validity: [From: Fri Sep 29 12:51:06 UTC 2023,
               To: Sat Sep 28 12:51:06 UTC 2024]
  Issuer: O=cluster1, OU=scm1, CN=rootCA@localhost
  SerialNumber: [    02554de8 3142]

Certificate Extensions: 1
[1]: ObjectId: 2.5.29.15 Criticality=true
KeyUsage [
  DigitalSignature
  Key_Encipherment
  Data_Encipherment
  Key_Agreement
]

]
  Algorithm: [SHA256withRSA]
  Signature:
0000: 96 48 34 84 FC 90 33 67   87 3F AC FC 97 C9 BF 64  .H4...3g.?.....d
0010: 5F 70 A6 8E 08 3D DF 92   3A 75 0D 8B 25 FF 5B 75  _p...=..:u..%.[u
0020: EA 09 91 FA 3C 34 C1 8C   36 E9 E6 89 63 24 55 28  ....<4..6...c$U(
0030: 97 E3 CF 8E 54 5A C0 D2   BC 86 F5 D8 CC DE 1F 76  ....TZ.........v
0040: 58 CC 47 7A F6 3A C7 D9   F4 54 B4 E3 2F 01 95 5E  X.Gz.:...T../..^
0050: 96 69 9F 58 58 C6 D5 F3   42 24 BC A6 5E AD CB 96  .i.XX...B$..^...
0060: 5E DC F0 4C C4 17 57 0B   4A 0E 00 94 DC 0B F8 89  ^..L..W.J.......
0070: F2 D9 1B 01 6D 28 88 19   43 1D 28 94 B9 DB B8 EE  ....m(..C.(.....
0080: E2 E1 4F 1D 1D 40 1F AB   99 32 73 24 74 EE 7C 26  ..O..@...2s$t..&
0090: 83 85 B9 D9 0C 10 74 40   2E AB C3 0E 3A 4A 6C DC  ......t@....:Jl.
00A0: 35 4E CE F1 D5 3E 07 DD   4F AE 74 13 75 79 77 31  5N...>..O.t.uyw1
00B0: 0B 64 45 BB 13 8E 1E B7   33 B2 0C 8D 52 52 9C 8E  .dE.....3...RR..
00C0: 7B 56 A3 A4 8C FD 13 58   DB CA 7D A8 F4 9F 71 27  .V.....X......q'
00D0: 8E 08 3B 3D 52 A8 DF 27   33 6C CB 62 84 AA F3 F6  ..;=R..'3l.b....
00E0: B8 85 CA 7E 9A 60 11 EC   FE D5 23 19 0D 4E 77 6A  .....`....#..Nwj
00F0: 31 88 52 E9 77 1C D3 36   D1 EC 00 68 68 D1 8F 71  1.R.w..6...hh..q

]
2023-09-29 12:51:06,501 [main] INFO  ssl.ReloadingX509KeyManager (ReloadingX509KeyManager.java:loadKeyManager(224)) - [
[
  Version: V3
  Subject: O=cluster1, OU=scm1, CN=rootCA@localhost
  Signature Algorithm: SHA256withRSA, OID = 1.2.840.113549.1.1.11

  Key:  Sun RSA public key, 2048 bits
  params: null
  modulus: 19817303196637145559846815340183469199495820281530038530833734700759463751738632393897154540956159936647280046417722902655535038891974108513257922531064271227467515947388903498775143095913136206843578155477542920109068258513844310806809826731757911132303900015853966318483147258657820063256829532486934618317192579949137695784937710134900580931780146544443756802412861495267837828652100262073289897455957671936841146777499887880665595965763007308269366431676933481270700625160674676124431962577065746669044349135336896955234954274031858461071339756096132102426847293880651167845134659966088641719832482625562719480189
  public exponent: 65537
  Validity: [From: Fri Sep 29 12:51:06 UTC 2023,
               To: Mon Nov 06 12:51:06 UTC 2028]
  Issuer: O=cluster1, OU=scm1, CN=rootCA@localhost
  SerialNumber: [    01]

Certificate Extensions: 2
[1]: ObjectId: 2.5.29.19 Criticality=true
BasicConstraints:[
  CA:true
  PathLen:2147483647
]

[2]: ObjectId: 2.5.29.15 Criticality=true
KeyUsage [
  Key_CertSign
  Crl_Sign
]

]
  Algorithm: [SHA256withRSA]
  Signature:
0000: 0B 10 BC D5 2A 99 36 A1   0F B2 0A DE 2A 80 D9 C8  ....*.6.....*...
0010: 65 37 E2 18 F2 39 61 84   53 BA 20 36 6F 06 16 AB  e7...9a.S. 6o...
0020: CC 3A 60 3A 78 2E 8B A5   81 40 C3 DC 7E 65 47 7A  .:`:x....@...eGz
0030: CC 73 3A 44 09 66 D3 45   9F 5D A8 FD 64 4A F5 3B  .s:D.f.E.]..dJ.;
0040: B0 05 96 54 08 FF A7 71   01 31 51 56 21 CC 54 03  ...T...q.1QV!.T.
0050: 35 13 2F BF C4 D6 34 49   86 E5 A3 7C 38 5C 9A 69  5./...4I....8\.i
0060: E4 D6 A9 8E 56 F2 0B 1C   D4 18 C2 82 5C 50 AB 91  ....V.......\P..
0070: 45 B4 1B 3A 7F BF 32 FE   24 93 7D ED 14 09 7F 5A  E..:..2.$......Z
0080: 7C 03 02 79 B5 23 37 CB   4E 74 23 C2 DF 77 C6 DA  ...y.#7.Nt#..w..
0090: 63 50 AB 89 A4 BE 56 0B   13 59 04 7E B8 B1 73 76  cP....V..Y....sv
00A0: 76 4D F1 D6 AD 42 1B 7A   9A 06 98 D7 6A 2C E7 90  vM...B.z....j,..
00B0: 29 46 16 FA C9 5F 34 C2   02 2A 74 DA 94 D5 F6 44  )F..._4..*t....D
00C0: A9 8F D2 EB 3B D6 5B 39   3B B5 4C 4E 8B C5 30 08  ....;.[9;.LN..0.
00D0: 5F 49 5E 42 58 33 7A 44   90 3A 16 4B 4C 86 CF 34  _I^BX3zD.:.KL..4
00E0: 58 B9 46 F4 99 E4 34 DD   9B 5E F2 A8 5A C4 70 BE  X.F...4..^..Z.p.
00F0: 54 14 AC 63 7F F5 91 98   DB 00 64 4E CF 63 15 41  T..c......dN.c.A

]
2023-09-29 12:51:06,505 [main] INFO  ssl.ReloadingX509TrustManager (ReloadingX509TrustManager.java:insertCertsToKeystore(188)) - Trust manager is loaded with certificates
2023-09-29 12:51:06,506 [main] INFO  ssl.ReloadingX509TrustManager (ReloadingX509TrustManager.java:insertCertsToKeystore(192)) - [
[
  Version: V3
  Subject: O=cluster1, OU=scm1, CN=rootCA@localhost
  Signature Algorithm: SHA256withRSA, OID = 1.2.840.113549.1.1.11

  Key:  Sun RSA public key, 2048 bits
  params: null
  modulus: 19817303196637145559846815340183469199495820281530038530833734700759463751738632393897154540956159936647280046417722902655535038891974108513257922531064271227467515947388903498775143095913136206843578155477542920109068258513844310806809826731757911132303900015853966318483147258657820063256829532486934618317192579949137695784937710134900580931780146544443756802412861495267837828652100262073289897455957671936841146777499887880665595965763007308269366431676933481270700625160674676124431962577065746669044349135336896955234954274031858461071339756096132102426847293880651167845134659966088641719832482625562719480189
  public exponent: 65537
  Validity: [From: Fri Sep 29 12:51:06 UTC 2023,
               To: Mon Nov 06 12:51:06 UTC 2028]
  Issuer: O=cluster1, OU=scm1, CN=rootCA@localhost
  SerialNumber: [    01]

Certificate Extensions: 2
[1]: ObjectId: 2.5.29.19 Criticality=true
BasicConstraints:[
  CA:true
  PathLen:2147483647
]

[2]: ObjectId: 2.5.29.15 Criticality=true
KeyUsage [
  Key_CertSign
  Crl_Sign
]

]
  Algorithm: [SHA256withRSA]
  Signature:
0000: 0B 10 BC D5 2A 99 36 A1   0F B2 0A DE 2A 80 D9 C8  ....*.6.....*...
0010: 65 37 E2 18 F2 39 61 84   53 BA 20 36 6F 06 16 AB  e7...9a.S. 6o...
0020: CC 3A 60 3A 78 2E 8B A5   81 40 C3 DC 7E 65 47 7A  .:`:x....@...eGz
0030: CC 73 3A 44 09 66 D3 45   9F 5D A8 FD 64 4A F5 3B  .s:D.f.E.]..dJ.;
0040: B0 05 96 54 08 FF A7 71   01 31 51 56 21 CC 54 03  ...T...q.1QV!.T.
0050: 35 13 2F BF C4 D6 34 49   86 E5 A3 7C 38 5C 9A 69  5./...4I....8\.i
0060: E4 D6 A9 8E 56 F2 0B 1C   D4 18 C2 82 5C 50 AB 91  ....V.......\P..
0070: 45 B4 1B 3A 7F BF 32 FE   24 93 7D ED 14 09 7F 5A  E..:..2.$......Z
0080: 7C 03 02 79 B5 23 37 CB   4E 74 23 C2 DF 77 C6 DA  ...y.#7.Nt#..w..
0090: 63 50 AB 89 A4 BE 56 0B   13 59 04 7E B8 B1 73 76  cP....V..Y....sv
00A0: 76 4D F1 D6 AD 42 1B 7A   9A 06 98 D7 6A 2C E7 90  vM...B.z....j,..
00B0: 29 46 16 FA C9 5F 34 C2   02 2A 74 DA 94 D5 F6 44  )F..._4..*t....D
00C0: A9 8F D2 EB 3B D6 5B 39   3B B5 4C 4E 8B C5 30 08  ....;.[9;.LN..0.
00D0: 5F 49 5E 42 58 33 7A 44   90 3A 16 4B 4C 86 CF 34  _I^BX3zD.:.KL..4
00E0: 58 B9 46 F4 99 E4 34 DD   9B 5E F2 A8 5A C4 70 BE  X.F...4..^..Z.p.
00F0: 54 14 AC 63 7F F5 91 98   DB 00 64 4E CF 63 15 41  T..c......dN.c.A

]
2023-09-29 12:51:06,509 [main] INFO  ssl.ReloadingX509KeyManager (ReloadingX509KeyManager.java:loadKeyManager(222)) - Key manager is loaded with certificate chain
2023-09-29 12:51:06,509 [main] INFO  ssl.ReloadingX509KeyManager (ReloadingX509KeyManager.java:loadKeyManager(224)) - [
[
  Version: V3
  Subject: O=cluster1, OU=scm1, CN=localhost
  Signature Algorithm: SHA256withRSA, OID = 1.2.840.113549.1.1.11

  Key:  Sun RSA public key, 2048 bits
  params: null
  modulus: 25771852163444385667292022784056834866223777047489080235526052696979868790625544339464641870830036077722923260162962243638511313435067010170821817632304267923239490395755786367763721565792413242584860860728030637548673841634291230528066340364839259079477328619229295747307342125593407164335905498440524806681851930833869466538928029746013617209281925939096416770139436914833338530260305116132117394252515374724249484261847530710169758745092150639148318520907724974302811371501258347386459312887474727855258182140536153000944446865586730793247536615523976286214386649259227866501195564016373226596346042776251300123441
  public exponent: 65537
  Validity: [From: Fri Sep 29 12:51:06 UTC 2023,
               To: Sat Sep 28 12:51:06 UTC 2024]
  Issuer: O=cluster1, OU=scm1, CN=rootCA@localhost
  SerialNumber: [    02554de8 3142]

Certificate Extensions: 1
[1]: ObjectId: 2.5.29.15 Criticality=true
KeyUsage [
  DigitalSignature
  Key_Encipherment
  Data_Encipherment
  Key_Agreement
]

]
  Algorithm: [SHA256withRSA]
  Signature:
0000: 96 48 34 84 FC 90 33 67   87 3F AC FC 97 C9 BF 64  .H4...3g.?.....d
0010: 5F 70 A6 8E 08 3D DF 92   3A 75 0D 8B 25 FF 5B 75  _p...=..:u..%.[u
0020: EA 09 91 FA 3C 34 C1 8C   36 E9 E6 89 63 24 55 28  ....<4..6...c$U(
0030: 97 E3 CF 8E 54 5A C0 D2   BC 86 F5 D8 CC DE 1F 76  ....TZ.........v
0040: 58 CC 47 7A F6 3A C7 D9   F4 54 B4 E3 2F 01 95 5E  X.Gz.:...T../..^
0050: 96 69 9F 58 58 C6 D5 F3   42 24 BC A6 5E AD CB 96  .i.XX...B$..^...
0060: 5E DC F0 4C C4 17 57 0B   4A 0E 00 94 DC 0B F8 89  ^..L..W.J.......
0070: F2 D9 1B 01 6D 28 88 19   43 1D 28 94 B9 DB B8 EE  ....m(..C.(.....
0080: E2 E1 4F 1D 1D 40 1F AB   99 32 73 24 74 EE 7C 26  ..O..@...2s$t..&
0090: 83 85 B9 D9 0C 10 74 40   2E AB C3 0E 3A 4A 6C DC  ......t@....:Jl.
00A0: 35 4E CE F1 D5 3E 07 DD   4F AE 74 13 75 79 77 31  5N...>..O.t.uyw1
00B0: 0B 64 45 BB 13 8E 1E B7   33 B2 0C 8D 52 52 9C 8E  .dE.....3...RR..
00C0: 7B 56 A3 A4 8C FD 13 58   DB CA 7D A8 F4 9F 71 27  .V.....X......q'
00D0: 8E 08 3B 3D 52 A8 DF 27   33 6C CB 62 84 AA F3 F6  ..;=R..'3l.b....
00E0: B8 85 CA 7E 9A 60 11 EC   FE D5 23 19 0D 4E 77 6A  .....`....#..Nwj
00F0: 31 88 52 E9 77 1C D3 36   D1 EC 00 68 68 D1 8F 71  1.R.w..6...hh..q

]
2023-09-29 12:51:06,510 [main] INFO  ssl.ReloadingX509KeyManager (ReloadingX509KeyManager.java:loadKeyManager(224)) - [
[
  Version: V3
  Subject: O=cluster1, OU=scm1, CN=rootCA@localhost
  Signature Algorithm: SHA256withRSA, OID = 1.2.840.113549.1.1.11

  Key:  Sun RSA public key, 2048 bits
  params: null
  modulus: 19817303196637145559846815340183469199495820281530038530833734700759463751738632393897154540956159936647280046417722902655535038891974108513257922531064271227467515947388903498775143095913136206843578155477542920109068258513844310806809826731757911132303900015853966318483147258657820063256829532486934618317192579949137695784937710134900580931780146544443756802412861495267837828652100262073289897455957671936841146777499887880665595965763007308269366431676933481270700625160674676124431962577065746669044349135336896955234954274031858461071339756096132102426847293880651167845134659966088641719832482625562719480189
  public exponent: 65537
  Validity: [From: Fri Sep 29 12:51:06 UTC 2023,
               To: Mon Nov 06 12:51:06 UTC 2028]
  Issuer: O=cluster1, OU=scm1, CN=rootCA@localhost
  SerialNumber: [    01]

Certificate Extensions: 2
[1]: ObjectId: 2.5.29.19 Criticality=true
BasicConstraints:[
  CA:true
  PathLen:2147483647
]

[2]: ObjectId: 2.5.29.15 Criticality=true
KeyUsage [
  Key_CertSign
  Crl_Sign
]

]
  Algorithm: [SHA256withRSA]
  Signature:
0000: 0B 10 BC D5 2A 99 36 A1   0F B2 0A DE 2A 80 D9 C8  ....*.6.....*...
0010: 65 37 E2 18 F2 39 61 84   53 BA 20 36 6F 06 16 AB  e7...9a.S. 6o...
0020: CC 3A 60 3A 78 2E 8B A5   81 40 C3 DC 7E 65 47 7A  .:`:x....@...eGz
0030: CC 73 3A 44 09 66 D3 45   9F 5D A8 FD 64 4A F5 3B  .s:D.f.E.]..dJ.;
0040: B0 05 96 54 08 FF A7 71   01 31 51 56 21 CC 54 03  ...T...q.1QV!.T.
0050: 35 13 2F BF C4 D6 34 49   86 E5 A3 7C 38 5C 9A 69  5./...4I....8\.i
0060: E4 D6 A9 8E 56 F2 0B 1C   D4 18 C2 82 5C 50 AB 91  ....V.......\P..
0070: 45 B4 1B 3A 7F BF 32 FE   24 93 7D ED 14 09 7F 5A  E..:..2.$......Z
0080: 7C 03 02 79 B5 23 37 CB   4E 74 23 C2 DF 77 C6 DA  ...y.#7.Nt#..w..
0090: 63 50 AB 89 A4 BE 56 0B   13 59 04 7E B8 B1 73 76  cP....V..Y....sv
00A0: 76 4D F1 D6 AD 42 1B 7A   9A 06 98 D7 6A 2C E7 90  vM...B.z....j,..
00B0: 29 46 16 FA C9 5F 34 C2   02 2A 74 DA 94 D5 F6 44  )F..._4..*t....D
00C0: A9 8F D2 EB 3B D6 5B 39   3B B5 4C 4E 8B C5 30 08  ....;.[9;.LN..0.
00D0: 5F 49 5E 42 58 33 7A 44   90 3A 16 4B 4C 86 CF 34  _I^BX3zD.:.KL..4
00E0: 58 B9 46 F4 99 E4 34 DD   9B 5E F2 A8 5A C4 70 BE  X.F...4..^..Z.p.
00F0: 54 14 AC 63 7F F5 91 98   DB 00 64 4E CF 63 15 41  T..c......dN.c.A

]
2023-09-29 12:51:06,511 [main] INFO  ssl.ReloadingX509TrustManager (ReloadingX509TrustManager.java:insertCertsToKeystore(188)) - Trust manager is loaded with certificates
2023-09-29 12:51:06,511 [main] INFO  ssl.ReloadingX509TrustManager (ReloadingX509TrustManager.java:insertCertsToKeystore(192)) - [
[
  Version: V3
  Subject: O=cluster1, OU=scm1, CN=rootCA@localhost
  Signature Algorithm: SHA256withRSA, OID = 1.2.840.113549.1.1.11

  Key:  Sun RSA public key, 2048 bits
  params: null
  modulus: 19817303196637145559846815340183469199495820281530038530833734700759463751738632393897154540956159936647280046417722902655535038891974108513257922531064271227467515947388903498775143095913136206843578155477542920109068258513844310806809826731757911132303900015853966318483147258657820063256829532486934618317192579949137695784937710134900580931780146544443756802412861495267837828652100262073289897455957671936841146777499887880665595965763007308269366431676933481270700625160674676124431962577065746669044349135336896955234954274031858461071339756096132102426847293880651167845134659966088641719832482625562719480189
  public exponent: 65537
  Validity: [From: Fri Sep 29 12:51:06 UTC 2023,
               To: Mon Nov 06 12:51:06 UTC 2028]
  Issuer: O=cluster1, OU=scm1, CN=rootCA@localhost
  SerialNumber: [    01]

Certificate Extensions: 2
[1]: ObjectId: 2.5.29.19 Criticality=true
BasicConstraints:[
  CA:true
  PathLen:2147483647
]

[2]: ObjectId: 2.5.29.15 Criticality=true
KeyUsage [
  Key_CertSign
  Crl_Sign
]

]
  Algorithm: [SHA256withRSA]
  Signature:
0000: 0B 10 BC D5 2A 99 36 A1   0F B2 0A DE 2A 80 D9 C8  ....*.6.....*...
0010: 65 37 E2 18 F2 39 61 84   53 BA 20 36 6F 06 16 AB  e7...9a.S. 6o...
0020: CC 3A 60 3A 78 2E 8B A5   81 40 C3 DC 7E 65 47 7A  .:`:x....@...eGz
0030: CC 73 3A 44 09 66 D3 45   9F 5D A8 FD 64 4A F5 3B  .s:D.f.E.]..dJ.;
0040: B0 05 96 54 08 FF A7 71   01 31 51 56 21 CC 54 03  ...T...q.1QV!.T.
0050: 35 13 2F BF C4 D6 34 49   86 E5 A3 7C 38 5C 9A 69  5./...4I....8\.i
0060: E4 D6 A9 8E 56 F2 0B 1C   D4 18 C2 82 5C 50 AB 91  ....V.......\P..
0070: 45 B4 1B 3A 7F BF 32 FE   24 93 7D ED 14 09 7F 5A  E..:..2.$......Z
0080: 7C 03 02 79 B5 23 37 CB   4E 74 23 C2 DF 77 C6 DA  ...y.#7.Nt#..w..
0090: 63 50 AB 89 A4 BE 56 0B   13 59 04 7E B8 B1 73 76  cP....V..Y....sv
00A0: 76 4D F1 D6 AD 42 1B 7A   9A 06 98 D7 6A 2C E7 90  vM...B.z....j,..
00B0: 29 46 16 FA C9 5F 34 C2   02 2A 74 DA 94 D5 F6 44  )F..._4..*t....D
00C0: A9 8F D2 EB 3B D6 5B 39   3B B5 4C 4E 8B C5 30 08  ....;.[9;.LN..0.
00D0: 5F 49 5E 42 58 33 7A 44   90 3A 16 4B 4C 86 CF 34  _I^BX3zD.:.KL..4
00E0: 58 B9 46 F4 99 E4 34 DD   9B 5E F2 A8 5A C4 70 BE  X.F...4..^..Z.p.
00F0: 54 14 AC 63 7F F5 91 98   DB 00 64 4E CF 63 15 41  T..c......dN.c.A

]
2023-09-29 12:51:06,572 [main] WARN  server.ServerUtils (ServerUtils.java:getScmDbDir(155)) - ozone.scm.db.dirs is not configured. We recommend adding this setting. Falling back to ozone.metadata.dirs instead.
2023-09-29 12:51:06,755 [main] INFO  reflections.Reflections (Reflections.java:scan(232)) - Reflections took 147 ms to scan 7 urls, producing 164 keys and 383 values 
2023-09-29 12:51:06,875 [main] WARN  server.ServerUtils (ServerUtils.java:getScmDbDir(155)) - ozone.scm.db.dirs is not configured. We recommend adding this setting. Falling back to ozone.metadata.dirs instead.
2023-09-29 12:51:06,879 [main] INFO  ha.SCMHANodeDetails (SCMHANodeDetails.java:loadSCMHAConfig(210)) - ServiceID for StorageContainerManager is null
2023-09-29 12:51:06,888 [main] WARN  ha.SCMHANodeDetails (SCMHANodeDetails.java:validateSCMHAConfig(183)) - Invalid config ozone.scm.ratis.enable. The config was not specified, but the default value true conflicts with the expected config value false. Falling back to the expected value. Current State of SCM: SCM is running in Non-HA without Ratis Ratis SCM -> Non Ratis SCM or Non HA SCM -> HA SCM is not supported
2023-09-29 12:51:06,889 [main] INFO  ha.SCMHANodeDetails (SCMHANodeDetails.java:loadSCMHAConfig(215)) - ozone.scm.default.service.id is not defined, falling back to ozone.scm.service.ids to find serviceID for StorageContainerManager if it is HA enabled cluster
2023-09-29 12:51:07,054 [main] WARN  utils.HAUtils (HAUtils.java:getMetaDir(339)) - ozone.scm.db.dirs is not configured. We recommend adding this setting. Falling back to ozone.metadata.dirs instead.
2023-09-29 12:51:07,224 [main] WARN  db.DBStoreBuilder (DBStoreBuilder.java:applyDBDefinition(166)) - ozone.scm.db.dirs is not configured. We recommend adding this setting. Falling back to ozone.metadata.dirs instead.
2023-09-29 12:51:07,544 [main] INFO  net.NodeSchemaLoader (NodeSchemaLoader.java:loadSchemaFromFile(129)) - Loading schema from [jar:file:/home/runner/.m2/repository/org/apache/ozone/hdds-common/1.4.0-SNAPSHOT/hdds-common-1.4.0-SNAPSHOT.jar!/network-topology-default.xml]
2023-09-29 12:51:07,546 [main] INFO  net.NodeSchemaLoader (NodeSchemaLoader.java:loadSchema(176)) - Loading network topology layer schema file
2023-09-29 12:51:07,614 [main] INFO  metrics.MetricRegistries (MetricRegistriesLoader.java:load(64)) - Loaded MetricRegistries class org.apache.ratis.metrics.impl.MetricRegistriesImpl
2023-09-29 12:51:07,637 [main] INFO  upgrade.AbstractLayoutVersionManager (AbstractLayoutVersionManager.java:init(83)) - Initializing Layout version manager with metadata layout = HADOOP_PRC_PORTS_IN_DATANODEDETAILS (version = 7), software layout = HADOOP_PRC_PORTS_IN_DATANODEDETAILS (version = 7)
2023-09-29 12:51:07,818 [main] INFO  ha.SequenceIdGenerator (SequenceIdGenerator.java:upgradeToSequenceId(365)) - upgrade localId to 111677748019200000
2023-09-29 12:51:07,823 [main] INFO  ha.SequenceIdGenerator (SequenceIdGenerator.java:upgradeToSequenceId(375)) - upgrade delTxnId to 0
2023-09-29 12:51:07,833 [main] INFO  ha.SequenceIdGenerator (SequenceIdGenerator.java:upgradeToSequenceId(392)) - upgrade containerId to 0
2023-09-29 12:51:07,837 [main] INFO  ha.SequenceIdGenerator (SequenceIdGenerator.java:upgradeToSequenceId(428)) - upgrade rootCertificateId to 1
2023-09-29 12:51:07,840 [main] INFO  ha.SequenceIdGenerator (SequenceIdGenerator.java:<init>(236)) - Init the HA SequenceIdGenerator.
2023-09-29 12:51:07,907 [main] WARN  server.ServerUtils (ServerUtils.java:sanitizeUserArgs(80)) - ozone.scm.stale.node.interval value = 300000 is larger than max = 100000 based on the key value of ozone.scm.heartbeat.thread.interval, reset to the max value 100000.
2023-09-29 12:51:07,908 [main] WARN  server.ServerUtils (ServerUtils.java:sanitizeUserArgs(80)) - ozone.scm.stale.node.interval value = 300000 is larger than max = 100000 based on the key value of ozone.scm.heartbeat.thread.interval, reset to the max value 100000.
2023-09-29 12:51:07,916 [main] INFO  node.SCMNodeManager (SCMNodeManager.java:<init>(157)) - Entering startup safe mode.
2023-09-29 12:51:07,942 [main] INFO  algorithms.ContainerPlacementPolicyFactory (ContainerPlacementPolicyFactory.java:getPolicyInternal(86)) - Create container placement policy of type org.apache.hadoop.hdds.scm.container.placement.algorithms.SCMContainerPlacementRackAware
2023-09-29 12:51:07,946 [main] INFO  algorithms.ContainerPlacementPolicyFactory (ContainerPlacementPolicyFactory.java:getPolicyInternal(86)) - Create container placement policy of type org.apache.hadoop.hdds.scm.container.placement.algorithms.SCMContainerPlacementRackScatter
2023-09-29 12:51:07,959 [main] INFO  pipeline.PipelineStateManagerImpl (PipelineStateManagerImpl.java:initialize(78)) - No pipeline exists in current db
2023-09-29 12:51:07,978 [main] INFO  algorithms.LeaderChoosePolicyFactory (LeaderChoosePolicyFactory.java:getPolicy(57)) - Create leader choose policy of type org.apache.hadoop.hdds.scm.pipeline.leader.choose.algorithms.MinLeaderCountChoosePolicy
2023-09-29 12:51:07,978 [main] INFO  algorithms.ContainerPlacementPolicyFactory (ContainerPlacementPolicyFactory.java:getPolicyInternal(86)) - Create container placement policy of type org.apache.hadoop.hdds.scm.container.placement.algorithms.SCMContainerPlacementRackScatter
2023-09-29 12:51:07,989 [main] INFO  ha.SCMServiceManager (SCMServiceManager.java:register(42)) - Registering service BackgroundPipelineCreator.
2023-09-29 12:51:07,990 [main] INFO  pipeline.BackgroundPipelineCreator (BackgroundPipelineCreator.java:start(124)) - Starting RatisPipelineUtilsThread.
2023-09-29 12:51:07,997 [main] INFO  BackgroundPipelineScrubber (BackgroundSCMService.java:start(68)) - Starting BackgroundPipelineScrubber Service.
2023-09-29 12:51:07,998 [main] INFO  ha.SCMServiceManager (SCMServiceManager.java:register(42)) - Registering service BackgroundPipelineScrubber.
2023-09-29 12:51:08,006 [main] INFO  ExpiredContainerReplicaOpScrubber (BackgroundSCMService.java:start(68)) - Starting ExpiredContainerReplicaOpScrubber Service.
2023-09-29 12:51:08,007 [main] INFO  ha.SCMServiceManager (SCMServiceManager.java:register(42)) - Registering service ExpiredContainerReplicaOpScrubber.
2023-09-29 12:51:08,049 [main] INFO  algorithms.PipelineChoosePolicyFactory (PipelineChoosePolicyFactory.java:createPipelineChoosePolicyFromClass(78)) - Create pipeline choose policy of type org.apache.hadoop.hdds.scm.pipeline.choose.algorithms.RandomPipelineChoosePolicy
2023-09-29 12:51:08,049 [main] INFO  algorithms.PipelineChoosePolicyFactory (PipelineChoosePolicyFactory.java:createPipelineChoosePolicyFromClass(78)) - Create pipeline choose policy of type org.apache.hadoop.hdds.scm.pipeline.choose.algorithms.RandomPipelineChoosePolicy
2023-09-29 12:51:08,071 [main] INFO  ha.SCMServiceManager (SCMServiceManager.java:register(42)) - Registering service SCMBlockDeletingService.
2023-09-29 12:51:08,145 [main] INFO  replication.ReplicationManager (ReplicationManager.java:start(291)) - Starting Replication Monitor Thread.
2023-09-29 12:51:08,146 [main] INFO  ha.SCMServiceManager (SCMServiceManager.java:register(42)) - Registering service ReplicationManager.
2023-09-29 12:51:08,152 [ReplicationMonitor] INFO  replication.ReplicationManager (ReplicationManager.java:processAll(365)) - Replication Manager is not ready to run until 3000ms after safemode exit
2023-09-29 12:51:08,168 [main] INFO  safemode.ContainerSafeModeRule (ContainerSafeModeRule.java:<init>(90)) - containers with one replica threshold count 0
2023-09-29 12:51:08,174 [main] INFO  safemode.HealthyPipelineSafeModeRule (HealthyPipelineSafeModeRule.java:initializeRule(169)) - Total pipeline count is 0, healthy pipeline threshold count is 1
2023-09-29 12:51:08,179 [main] INFO  safemode.OneReplicaPipelineSafeModeRule (OneReplicaPipelineSafeModeRule.java:initializeRule(180)) - Total pipeline count is 0, pipeline's with at least one datanode reported threshold count is 0
2023-09-29 12:51:08,194 [main] INFO  server.StorageContainerManager (StorageContainerManager.java:<init>(425)) - SCM start with adminUsers: [runner]
2023-09-29 12:51:08,228 [main] INFO  audit.AuditLogger (AuditLogger.java:refreshDebugCmdSet(126)) - Refresh DebugCmdSet for SCMAudit to [].
2023-09-29 12:51:08,266 [main] INFO  ipc.CallQueueManager (CallQueueManager.java:<init>(90)) - Using callQueue: class java.util.concurrent.LinkedBlockingQueue, queueCapacity: 2000, scheduler: class org.apache.hadoop.ipc.DefaultRpcScheduler, ipcBackoff: false.
2023-09-29 12:51:08,305 [main] INFO  ipc.Server (Server.java:<init>(1287)) - Listener at 0.0.0.0:15002
2023-09-29 12:51:08,308 [Socket Reader #1 for port 15002] INFO  ipc.Server (Server.java:run(1323)) - Starting Socket Reader #1 for port 15002
2023-09-29 12:51:08,399 [main] INFO  audit.AuditLogger (AuditLogger.java:refreshDebugCmdSet(126)) - Refresh DebugCmdSet for SCMAudit to [].
2023-09-29 12:51:08,404 [main] INFO  ipc.CallQueueManager (CallQueueManager.java:<init>(90)) - Using callQueue: class java.util.concurrent.LinkedBlockingQueue, queueCapacity: 2000, scheduler: class org.apache.hadoop.ipc.DefaultRpcScheduler, ipcBackoff: false.
2023-09-29 12:51:08,405 [main] INFO  ipc.Server (Server.java:<init>(1287)) - Listener at 0.0.0.0:15001
2023-09-29 12:51:08,405 [Socket Reader #1 for port 15001] INFO  ipc.Server (Server.java:run(1323)) - Starting Socket Reader #1 for port 15001
2023-09-29 12:51:08,456 [main] INFO  audit.AuditLogger (AuditLogger.java:refreshDebugCmdSet(126)) - Refresh DebugCmdSet for SCMAudit to [].
2023-09-29 12:51:08,471 [main] INFO  ipc.CallQueueManager (CallQueueManager.java:<init>(90)) - Using callQueue: class java.util.concurrent.LinkedBlockingQueue, queueCapacity: 2000, scheduler: class org.apache.hadoop.ipc.DefaultRpcScheduler, ipcBackoff: false.
2023-09-29 12:51:08,471 [main] INFO  ipc.Server (Server.java:<init>(1287)) - Listener at 0.0.0.0:15000
2023-09-29 12:51:08,472 [Socket Reader #1 for port 15000] INFO  ipc.Server (Server.java:run(1323)) - Starting Socket Reader #1 for port 15000
2023-09-29 12:51:08,562 [main] INFO  ha.SCMServiceManager (SCMServiceManager.java:register(42)) - Registering service ContainerBalancer.
2023-09-29 12:51:08,567 [main] INFO  server.StorageContainerManager (StorageContainerManager.java:<init>(438)) - 
Container Balancer status:
Key                            Value
Running                        false
Container Balancer Configuration values:
Key                                                Value
Threshold                                          10
Max Datanodes to Involve per Iteration(percent)    20
Max Size to Move per Iteration                     500GB
Max Size Entering Target per Iteration             26GB
Max Size Leaving Source per Iteration              26GB
Number of Iterations                               10
Time Limit for Single Container's Movement         65min
Time Limit for Single Container's Replication      50min
Interval between each Iteration                    70min
Whether to Enable Network Topology                 false
Whether to Trigger Refresh Datanode Usage Info     false
Container IDs to Exclude from Balancing            None
Datanodes Specified to be Balanced                 None
Datanodes Excluded from Balancing                  None

2023-09-29 12:51:08,568 [main] INFO  ha.SCMContext (SCMContext.java:updateSafeModeStatus(228)) - Update SafeModeStatus from SafeModeStatus{safeModeStatus=true, preCheckPassed=false} to SafeModeStatus{safeModeStatus=true, preCheckPassed=false}.
2023-09-29 12:51:08,575 [main] INFO  server.StorageContainerManager (StorageContainerManager.java:start(1483)) - StorageContainerLocationProtocol RPC server is listening at /0.0.0.0:15000
2023-09-29 12:51:08,575 [main] INFO  impl.MetricsSystemImpl (MetricsSystemImpl.java:init(158)) - StorageContainerManager metrics system started (again)
2023-09-29 12:51:08,608 [main] INFO  server.SCMClientProtocolServer (SCMClientProtocolServer.java:start(201)) - RPC server for Client  is listening at /0.0.0.0:15000
2023-09-29 12:51:08,609 [IPC Server Responder] INFO  ipc.Server (Server.java:run(1562)) - IPC Server Responder: starting
2023-09-29 12:51:08,617 [main] INFO  server.StorageContainerManager (StorageContainerManager.java:start(1496)) - ScmBlockLocationProtocol RPC server is listening at /0.0.0.0:15001
2023-09-29 12:51:08,623 [main] INFO  server.SCMBlockProtocolServer (SCMBlockProtocolServer.java:start(154)) - RPC server for Block Protocol is listening at /0.0.0.0:15001
2023-09-29 12:51:08,610 [IPC Server listener on 15000] INFO  ipc.Server (Server.java:run(1402)) - IPC Server listener on 15000: starting
2023-09-29 12:51:08,625 [IPC Server Responder] INFO  ipc.Server (Server.java:run(1562)) - IPC Server Responder: starting
2023-09-29 12:51:08,626 [IPC Server listener on 15001] INFO  ipc.Server (Server.java:run(1402)) - IPC Server listener on 15001: starting
2023-09-29 12:51:08,631 [main] INFO  server.SCMDatanodeProtocolServer (SCMDatanodeProtocolServer.java:start(193)) - ScmDatanodeProtocol RPC server for DataNodes is listening at /0.0.0.0:15002
2023-09-29 12:51:08,659 [IPC Server listener on 15002] INFO  ipc.Server (Server.java:run(1402)) - IPC Server listener on 15002: starting
2023-09-29 12:51:08,659 [IPC Server Responder] INFO  ipc.Server (Server.java:run(1562)) - IPC Server Responder: starting
2023-09-29 12:51:08,679 [JvmPauseMonitor0] INFO  util.JvmPauseMonitor (JvmPauseMonitor.java:run(103)) - JvmPauseMonitor-07a9c960-736d-4242-be12-0b6846a319f4: Started
2023-09-29 12:51:08,682 [main] INFO  http.BaseHttpServer (BaseHttpServer.java:newHttpServer2BuilderForOzone(223)) - Starting Web-server for scm at: http://0.0.0.0:15003
2023-09-29 12:51:08,683 [main] INFO  http.BaseHttpServer (BaseHttpServer.java:<init>(110)) - Hadoop Security Enabled: false Ozone Security Enabled: false Ozone HTTP Security Enabled: false 
2023-09-29 12:51:08,722 [main] WARN  server.AuthenticationFilter (AuthenticationFilter.java:constructSecretProvider(240)) - Unable to initialize FileSignerSecretProvider, falling back to use random secrets. Reason: Could not read signature secret file: /home/runner/hadoop-http-auth-signature-secret
2023-09-29 12:51:08,726 [main] INFO  http.HttpRequestLog (HttpRequestLog.java:getRequestLog(86)) - Http request log for http.requests.scm is not defined
2023-09-29 12:51:08,734 [main] INFO  http.HttpServer2 (HttpServer2.java:addGlobalFilter(1031)) - Added global filter 'safety' (class=org.apache.hadoop.hdds.server.http.HttpServer2$QuotingInputFilter)
2023-09-29 12:51:08,736 [main] INFO  http.HttpServer2 (HttpServer2.java:addFilter(1007)) - Added filter static_user_filter (class=org.apache.hadoop.http.lib.StaticUserWebFilter$StaticUserFilter) to context scm
2023-09-29 12:51:08,736 [main] INFO  http.HttpServer2 (HttpServer2.java:addFilter(1015)) - Added filter static_user_filter (class=org.apache.hadoop.http.lib.StaticUserWebFilter$StaticUserFilter) to context static
2023-09-29 12:51:08,736 [main] INFO  http.HttpServer2 (HttpServer2.java:addFilter(1015)) - Added filter static_user_filter (class=org.apache.hadoop.http.lib.StaticUserWebFilter$StaticUserFilter) to context logs
2023-09-29 12:51:08,744 [main] INFO  http.BaseHttpServer (BaseHttpServer.java:<init>(189)) - HTTP server of scm uses base directory /home/runner/work/ozone/ozone/hadoop-ozone/integration-test/target/test-dir/MiniOzoneClusterImpl-811b16cb-c214-4c75-bdb2-1b437bba6cdf/ozone-meta/webserver
2023-09-29 12:51:08,744 [main] INFO  http.HttpServer2 (HttpServer2.java:bindListener(1231)) - Jetty bound to port 15003
2023-09-29 12:51:08,745 [main] INFO  server.Server (Server.java:doStart(375)) - jetty-9.4.52.v20230823; built: 2023-08-23T19:29:37.669Z; git: abdcda73818a1a2c705da276edb0bf6581e7997e; jvm 1.8.0_382-b05
2023-09-29 12:51:08,748 [main] INFO  server.session (DefaultSessionIdManager.java:doStart(334)) - DefaultSessionIdManager workerName=node0
2023-09-29 12:51:08,748 [main] INFO  server.session (DefaultSessionIdManager.java:doStart(339)) - No SessionScavenger set, using defaults
2023-09-29 12:51:08,749 [main] INFO  server.session (HouseKeeper.java:startScavenging(132)) - node0 Scavenging every 660000ms
2023-09-29 12:51:08,751 [main] INFO  handler.ContextHandler (ContextHandler.java:doStart(921)) - Started o.e.j.s.ServletContextHandler@77480751{logs,/logs,file:///home/runner/work/ozone/ozone/hadoop-ozone/integration-test/target/log,AVAILABLE}
2023-09-29 12:51:08,752 [main] INFO  handler.ContextHandler (ContextHandler.java:doStart(921)) - Started o.e.j.s.ServletContextHandler@3f92977a{static,/static,file:///home/runner/work/ozone/ozone/hadoop-ozone/integration-test/target/test-classes/webapps/static,AVAILABLE}
2023-09-29 12:51:08,760 [main] INFO  handler.ContextHandler (ContextHandler.java:doStart(921)) - Started o.e.j.w.WebAppContext@7c8ec235{scm,/,file:///home/runner/work/ozone/ozone/hadoop-ozone/integration-test/target/test-classes/webapps/scm/,AVAILABLE}{file:/home/runner/work/ozone/ozone/hadoop-ozone/integration-test/target/test-classes/webapps/scm}
2023-09-29 12:51:08,765 [main] INFO  server.AbstractConnector (AbstractConnector.java:doStart(333)) - Started ServerConnector@2ba3b4a6{HTTP/1.1, (http/1.1)}{0.0.0.0:15003}
2023-09-29 12:51:08,771 [main] INFO  server.Server (Server.java:doStart(415)) - Started @8932ms
2023-09-29 12:51:08,774 [main] INFO  impl.MetricsSinkAdapter (MetricsSinkAdapter.java:start(204)) - Sink prometheus started
2023-09-29 12:51:08,774 [main] INFO  impl.MetricsSystemImpl (MetricsSystemImpl.java:registerSink(305)) - Registered sink prometheus
2023-09-29 12:51:08,775 [main] INFO  http.BaseHttpServer (BaseHttpServer.java:updateConnectorAddress(354)) - HTTP server of scm listening at http://0.0.0.0:15003
2023-09-29 12:51:08,778 [main] WARN  server.ServerUtils (ServerUtils.java:getDBPath(311)) - ozone.om.db.dirs is not configured. We recommend adding this setting. Falling back to ozone.metadata.dirs instead.
2023-09-29 12:51:08,790 [main] INFO  ha.OMHANodeDetails (OMHANodeDetails.java:loadOMHAConfig(115)) - ozone.om.internal.service.id is not defined, falling back to ozone.om.service.ids to find serviceID for OzoneManager if it is HA enabled cluster
2023-09-29 12:51:08,795 [main] INFO  ha.OMHANodeDetails (OMHANodeDetails.java:loadOMHAConfig(226)) - Configuration does not have ozone.om.address set. Falling back to the default OM address /127.0.0.1:15004
2023-09-29 12:51:08,795 [main] INFO  ha.OMHANodeDetails (OMHANodeDetails.java:getOMNodeDetailsForNonHA(254)) - OM Service ID is not set. Setting it to the default ID: omServiceIdDefault
2023-09-29 12:51:08,795 [main] INFO  ha.OMHANodeDetails (OMHANodeDetails.java:getOMNodeDetailsForNonHA(261)) - OM Node ID is not set. Setting it to the default ID: om1
2023-09-29 12:51:08,799 [main] WARN  server.ServerUtils (ServerUtils.java:getDBPath(311)) - ozone.om.db.dirs is not configured. We recommend adding this setting. Falling back to ozone.metadata.dirs instead.
2023-09-29 12:51:08,805 [main] INFO  upgrade.AbstractLayoutVersionManager (AbstractLayoutVersionManager.java:init(83)) - Initializing Layout version manager with metadata layout = QUOTA (version = 6), software layout = QUOTA (version = 6)
2023-09-29 12:51:08,916 [main] INFO  reflections.Reflections (Reflections.java:scan(232)) - Reflections took 107 ms to scan 2 urls, producing 188 keys and 516 values [using 2 cores]
2023-09-29 12:51:08,923 [main] INFO  upgrade.OMLayoutVersionManager (OMLayoutVersionManager.java:lambda$0(115)) - Skipping Upgrade Action QuotaRepairUpgradeAction since it has been finalized.
2023-09-29 12:51:08,926 [main] INFO  upgrade.OMLayoutVersionManager (OMLayoutVersionManager.java:lambda$0(115)) - Skipping Upgrade Action MockOmUpgradeAction since it has been finalized.
2023-09-29 12:51:08,935 [main] WARN  server.ServerUtils (ServerUtils.java:getDBPath(311)) - ozone.om.db.dirs is not configured. We recommend adding this setting. Falling back to ozone.metadata.dirs instead.
2023-09-29 12:51:09,113 [main] INFO  proxy.SCMBlockLocationFailoverProxyProvider (SCMBlockLocationFailoverProxyProvider.java:<init>(114)) - Created block location fail-over proxy with 1 nodes: [nodeId=scmNodeId,nodeAddress=/0.0.0.0:15001]
2023-09-29 12:51:09,201 [main] INFO  om.OzoneManager (OzoneManager.java:<init>(668)) - OM start with adminUsers: [runner]
2023-09-29 12:51:09,222 [main] WARN  server.ServerUtils (ServerUtils.java:getDBPath(311)) - ozone.om.db.dirs is not configured. We recommend adding this setting. Falling back to ozone.metadata.dirs instead.
2023-09-29 12:51:09,432 [main] INFO  helpers.OmKeyInfo (OmKeyInfo.java:getCodec(71)) - OmKeyInfo.getCodec ignorePipeline = true
2023-09-29 12:51:09,815 [main] INFO  om.OzoneManager (OzoneManager.java:instantiateServices(797)) - S3 Multi-Tenancy is disabled
2023-09-29 12:51:09,828 [main] INFO  security.OzoneSecretStore (OzoneSecretStore.java:loadState(69)) - Loaded 0 tokens
2023-09-29 12:51:09,828 [main] INFO  security.OzoneDelegationTokenSecretManager (OzoneDelegationTokenSecretManager.java:loadTokenSecretState(530)) - Loading token state into token manager.
2023-09-29 12:51:09,857 [main] INFO  om.OmSnapshotManager (OmSnapshotManager.java:<init>(174)) - Ozone filesystem snapshot feature is enabled.
2023-09-29 12:51:09,865 [main] WARN  server.ServerUtils (ServerUtils.java:getDBPath(311)) - ozone.om.snapshot.diff.db.dir is not configured. We recommend adding this setting. Falling back to ozone.metadata.dirs instead.
2023-09-29 12:51:09,917 [main] INFO  utils.NativeLibraryLoader (NativeLibraryLoader.java:loadLibrary(108)) - Loading Library: ozone_rocksdb_tools
2023-09-29 12:51:09,918 [main] INFO  snapshot.SnapshotDiffManager (SnapshotDiffManager.java:closeExecutorService(1718)) - Shutting down executorService: 'SstDumpToolExecutor'
2023-09-29 12:51:10,006 [main] INFO  om.OzoneManager (OzoneManager.java:addS3GVolumeToDB(4324)) - Created Volume s3v With Owner runner required for S3Gateway operations.
2023-09-29 12:51:10,080 [main] WARN  server.ServerUtils (ServerUtils.java:getDefaultRatisDirectory(323)) - Storage directory for Ratis is not configured. It is a good idea to map this to an SSD disk. Falling back to ozone.metadata.dirs
2023-09-29 12:51:10,081 [main] WARN  utils.OzoneManagerRatisUtils (OzoneManagerRatisUtils.java:getOMRatisSnapshotDirectory(464)) - ozone.om.ratis.snapshot.dir is not configured. Falling back to ozone.metadata.dirs config
2023-09-29 12:51:10,100 [main] WARN  server.ServerUtils (ServerUtils.java:getDefaultRatisDirectory(323)) - Storage directory for Ratis is not configured. It is a good idea to map this to an SSD disk. Falling back to ozone.metadata.dirs
2023-09-29 12:51:10,128 [main] INFO  ratis.OzoneManagerRatisServer (OzoneManagerRatisServer.java:<init>(163)) - Instantiating OM Ratis server with groupID: omServiceIdDefault and peers: localhost:15007
2023-09-29 12:51:10,139 [main] INFO  ratis.OzoneManagerStateMachine (OzoneManagerStateMachine.java:loadSnapshotInfoFromDB(687)) - LastAppliedIndex is set from TransactionInfo from OM DB as (t:0, i:~)
2023-09-29 12:51:10,213 [main] INFO  server.RaftServer (ConfUtils.java:logGet(46)) - raft.rpc.type = GRPC (default)
2023-09-29 12:51:10,224 [main] INFO  grpc.GrpcConfigKeys (ConfUtils.java:logFallback(53)) - raft.grpc.admin.host = null (fallback to raft.grpc.server.host)
2023-09-29 12:51:10,226 [main] INFO  grpc.GrpcConfigKeys (ConfUtils.java:logFallback(53)) - raft.grpc.admin.port = 15007 (fallback to raft.grpc.server.port)
2023-09-29 12:51:10,226 [main] INFO  grpc.GrpcConfigKeys (ConfUtils.java:logFallback(53)) - raft.grpc.client.host = null (fallback to raft.grpc.server.host)
2023-09-29 12:51:10,227 [main] INFO  grpc.GrpcConfigKeys (ConfUtils.java:logFallback(53)) - raft.grpc.client.port = 15007 (fallback to raft.grpc.server.port)
2023-09-29 12:51:10,227 [main] INFO  grpc.GrpcConfigKeys (ConfUtils.java:logGet(46)) - raft.grpc.server.host = null (default)
2023-09-29 12:51:10,228 [main] INFO  grpc.GrpcConfigKeys (ConfUtils.java:logGet(46)) - raft.grpc.server.port = 15007 (custom)
2023-09-29 12:51:10,229 [main] INFO  server.GrpcService (ConfUtils.java:logGet(46)) - raft.grpc.message.size.max = 33554432 (custom)
2023-09-29 12:51:10,230 [main] INFO  server.RaftServerConfigKeys (ConfUtils.java:logGet(46)) - raft.server.log.appender.buffer.byte-limit = 33554432 (custom)
2023-09-29 12:51:10,231 [main] INFO  server.GrpcService (ConfUtils.java:logGet(46)) - raft.grpc.flow.control.window = 1MB (=1048576) (default)
2023-09-29 12:51:10,232 [main] INFO  server.RaftServerConfigKeys (ConfUtils.java:logGet(46)) - raft.server.rpc.request.timeout = 3000ms (default)
2023-09-29 12:51:10,246 [main] INFO  grpc.GrpcConfigKeys (ConfUtils.java:logGet(46)) - raft.grpc.server.heartbeat.channel = true (default)
2023-09-29 12:51:10,250 [main] INFO  grpc.GrpcConfigKeys (ConfUtils.java:logGet(46)) - raft.grpc.server.async.request.thread.pool.cached = true (default)
2023-09-29 12:51:10,251 [main] INFO  grpc.GrpcConfigKeys (ConfUtils.java:logGet(46)) - raft.grpc.server.async.request.thread.pool.size = 32 (default)
2023-09-29 12:51:10,503 [main] INFO  impl.DataStreamServerImpl (ConfUtils.java:logGet(46)) - raft.datastream.type = DISABLED (default)
2023-09-29 12:51:10,507 [main] INFO  server.RaftServerConfigKeys (ConfUtils.java:logGet(46)) - raft.server.threadpool.proxy.cached = true (default)
2023-09-29 12:51:10,507 [main] INFO  server.RaftServerConfigKeys (ConfUtils.java:logGet(46)) - raft.server.threadpool.proxy.size = 0 (default)
2023-09-29 12:51:10,508 [main] INFO  server.RaftServerConfigKeys (ConfUtils.java:logGet(46)) - raft.server.rpc.slowness.timeout = 120s (custom)
2023-09-29 12:51:10,508 [main] INFO  server.RaftServerConfigKeys (ConfUtils.java:logGet(46)) - raft.server.leaderelection.leader.step-down.wait-time = 10s (default)
2023-09-29 12:51:10,510 [main] INFO  server.RaftServerConfigKeys (ConfUtils.java:logGet(46)) - raft.server.storage.dir = [/home/runner/work/ozone/ozone/hadoop-ozone/integration-test/target/test-dir/MiniOzoneClusterImpl-811b16cb-c214-4c75-bdb2-1b437bba6cdf/ozone-meta/ratis] (custom)
2023-09-29 12:51:10,519 [main] INFO  server.RaftServer (RaftServerProxy.java:addNew(98)) - om1: addNew group-C5BA1605619E:[om1|rpc:localhost:15007|priority:0|startupRole:FOLLOWER] returns group-C5BA1605619E:java.util.concurrent.CompletableFuture@276bba19[Not completed]
2023-09-29 12:51:10,519 [main] INFO  om.OzoneManager (OzoneManager.java:initializeRatisServer(2151)) - OzoneManager Ratis server initialized at port 15007
2023-09-29 12:51:10,523 [main] INFO  om.OzoneManager (OzoneManager.java:getRpcServer(1199)) - Creating RPC Server
2023-09-29 12:51:10,560 [om1-groupManagement] INFO  server.RaftServer$Division (RaftServerImpl.java:<init>(198)) - om1: new RaftServerImpl for group-C5BA1605619E:[om1|rpc:localhost:15007|priority:0|startupRole:FOLLOWER] with OzoneManagerStateMachine:uninitialized
2023-09-29 12:51:10,561 [om1-groupManagement] INFO  server.RaftServerConfigKeys (ConfUtils.java:logGet(46)) - raft.server.rpc.timeout.min = 1s (custom)
2023-09-29 12:51:10,562 [om1-groupManagement] INFO  server.RaftServerConfigKeys (ConfUtils.java:logGet(46)) - raft.server.rpc.timeout.max = 1200ms (custom)
2023-09-29 12:51:10,562 [om1-groupManagement] INFO  server.RaftServerConfigKeys (ConfUtils.java:logGet(46)) - raft.server.rpc.sleep.time = 25ms (default)
2023-09-29 12:51:10,562 [om1-groupManagement] INFO  server.RaftServerConfigKeys (ConfUtils.java:logGet(46)) - raft.server.rpc.slowness.timeout = 120s (custom)
2023-09-29 12:51:10,562 [om1-groupManagement] INFO  server.RaftServerConfigKeys (ConfUtils.java:logGet(46)) - raft.server.leaderelection.leader.step-down.wait-time = 10s (default)
2023-09-29 12:51:10,562 [om1-groupManagement] INFO  server.RaftServerConfigKeys (ConfUtils.java:logGet(46)) - raft.server.sleep.deviation.threshold = 300ms (default)
2023-09-29 12:51:10,592 [om1-groupManagement] INFO  server.RaftServer$Division (ServerState.java:<init>(120)) - om1@group-C5BA1605619E: ConfigurationManager, init=-1: peers:[om1|rpc:localhost:15007|priority:0|startupRole:FOLLOWER]|listeners:[], old=null, confs=<EMPTY_MAP>
2023-09-29 12:51:10,592 [om1-groupManagement] INFO  server.RaftServerConfigKeys (ConfUtils.java:logGet(46)) - raft.server.storage.dir = [/home/runner/work/ozone/ozone/hadoop-ozone/integration-test/target/test-dir/MiniOzoneClusterImpl-811b16cb-c214-4c75-bdb2-1b437bba6cdf/ozone-meta/ratis] (custom)
2023-09-29 12:51:10,610 [om1-groupManagement] INFO  server.RaftServerConfigKeys (ConfUtils.java:logGet(46)) - raft.server.log.corruption.policy = EXCEPTION (default)
2023-09-29 12:51:10,611 [om1-groupManagement] INFO  server.RaftServerConfigKeys (ConfUtils.java:logGet(46)) - raft.server.storage.free-space.min = 0MB (=0) (default)
2023-09-29 12:51:10,622 [om1-groupManagement] INFO  server.RaftServerConfigKeys (ConfUtils.java:logGet(46)) - raft.server.notification.no-leader.timeout = 120s (custom)
2023-09-29 12:51:10,632 [om1-groupManagement] INFO  server.RaftServerConfigKeys (ConfUtils.java:logGet(46)) - raft.server.read.timeout = 10s (default)
2023-09-29 12:51:10,638 [om1-groupManagement] INFO  server.RaftServerConfigKeys (ConfUtils.java:logGet(46)) - raft.server.retrycache.expirytime = 300s (custom)
2023-09-29 12:51:10,638 [om1-groupManagement] INFO  server.RaftServerConfigKeys (ConfUtils.java:logGet(46)) - raft.server.retrycache.statistics.expirytime = 100μs (default)
2023-09-29 12:51:10,746 [om1-groupManagement] INFO  server.RaftServerConfigKeys (ConfUtils.java:logGet(46)) - raft.server.read.option = DEFAULT (default)
2023-09-29 12:51:10,806 [om1-groupManagement] INFO  server.RaftServerConfigKeys (ConfUtils.java:logGet(46)) - raft.server.rpc.request.timeout = 3000ms (default)
2023-09-29 12:51:10,816 [om1-groupManagement] INFO  server.RaftServerConfigKeys (ConfUtils.java:logGet(46)) - raft.server.log.appender.install.snapshot.enabled = false (custom)
2023-09-29 12:51:10,816 [om1-groupManagement] INFO  server.RaftServerConfigKeys (ConfUtils.java:logGet(46)) - raft.server.threadpool.server.cached = true (default)
2023-09-29 12:51:10,819 [om1-groupManagement] INFO  server.RaftServerConfigKeys (ConfUtils.java:logGet(46)) - raft.server.threadpool.server.size = 0 (default)
2023-09-29 12:51:10,819 [om1-groupManagement] INFO  server.RaftServerConfigKeys (ConfUtils.java:logGet(46)) - raft.server.threadpool.client.cached = true (default)
2023-09-29 12:51:10,822 [om1-groupManagement] INFO  server.RaftServerConfigKeys (ConfUtils.java:logGet(46)) - raft.server.threadpool.client.size = 0 (default)
2023-09-29 12:51:11,458 [main] INFO  reflections.Reflections (Reflections.java:scan(232)) - Reflections took 822 ms to scan 20 urls, producing 71 keys and 6039 values [using 2 cores]
2023-09-29 12:51:11,663 [main] INFO  ipc.CallQueueManager (CallQueueManager.java:<init>(90)) - Using callQueue: class java.util.concurrent.LinkedBlockingQueue, queueCapacity: 2000, scheduler: class org.apache.hadoop.ipc.DefaultRpcScheduler, ipcBackoff: false.
2023-09-29 12:51:11,671 [main] INFO  ipc.Server (Server.java:<init>(1287)) - Listener at 127.0.0.1:15004
2023-09-29 12:51:11,672 [Socket Reader #1 for port 15004] INFO  ipc.Server (Server.java:run(1323)) - Starting Socket Reader #1 for port 15004
2023-09-29 12:51:11,717 [main] INFO  impl.MetricsSystemImpl (MetricsSystemImpl.java:init(158)) - OzoneManager metrics system started (again)
2023-09-29 12:51:11,733 [main] INFO  om.OzoneManager (OzoneManager.java:start(1636)) - OzoneManager RPC server is listening at localhost/127.0.0.1:15004
2023-09-29 12:51:11,734 [main] INFO  ratis.OzoneManagerRatisServer (OzoneManagerRatisServer.java:start(558)) - Starting OzoneManagerRatisServer om1 at port 15007
2023-09-29 12:51:11,737 [om1-impl-thread1] INFO  storage.RaftStorageDirectory (RaftStorageDirectoryImpl.java:analyzeStorage(137)) - The storage directory /home/runner/work/ozone/ozone/hadoop-ozone/integration-test/target/test-dir/MiniOzoneClusterImpl-811b16cb-c214-4c75-bdb2-1b437bba6cdf/ozone-meta/ratis/bf265839-605b-3f16-9796-c5ba1605619e does not exist. Creating ...
2023-09-29 12:51:11,742 [om1-impl-thread1] INFO  storage.RaftStorageDirectory (RaftStorageDirectoryImpl.java:tryLock(231)) - Lock on /home/runner/work/ozone/ozone/hadoop-ozone/integration-test/target/test-dir/MiniOzoneClusterImpl-811b16cb-c214-4c75-bdb2-1b437bba6cdf/ozone-meta/ratis/bf265839-605b-3f16-9796-c5ba1605619e/in_use.lock acquired by nodename 70928@fv-az238-384
2023-09-29 12:51:11,749 [om1-impl-thread1] INFO  storage.RaftStorage (RaftStorageImpl.java:format(96)) - Storage directory /home/runner/work/ozone/ozone/hadoop-ozone/integration-test/target/test-dir/MiniOzoneClusterImpl-811b16cb-c214-4c75-bdb2-1b437bba6cdf/ozone-meta/ratis/bf265839-605b-3f16-9796-c5ba1605619e has been successfully formatted.
2023-09-29 12:51:11,752 [om1-impl-thread1] INFO  server.RaftServerConfigKeys (ConfUtils.java:logGet(46)) - raft.server.log.use.memory = false (default)
2023-09-29 12:51:11,760 [om1-impl-thread1] INFO  server.RaftServerConfigKeys (ConfUtils.java:logGet(46)) - raft.server.log.purge.gap = 1000000 (custom)
2023-09-29 12:51:11,761 [om1-impl-thread1] INFO  server.RaftServerConfigKeys (ConfUtils.java:logGet(46)) - raft.server.log.appender.buffer.byte-limit = 33554432 (custom)
2023-09-29 12:51:11,762 [om1-impl-thread1] INFO  server.RaftServerConfigKeys (ConfUtils.java:logGet(46)) - raft.server.log.statemachine.data.read.timeout = 1000ms (default)
2023-09-29 12:51:11,763 [om1-impl-thread1] INFO  server.RaftServerConfigKeys (ConfUtils.java:logGet(46)) - raft.server.log.purge.preservation.log.num = 0 (default)
2023-09-29 12:51:11,769 [om1-impl-thread1] INFO  server.RaftServerConfigKeys (ConfUtils.java:logGet(46)) - raft.server.log.segment.size.max = 4194304 (custom)
2023-09-29 12:51:11,778 [om1-impl-thread1] INFO  server.RaftServerConfigKeys (ConfUtils.java:logGet(46)) - raft.server.log.segment.cache.num.max = 2 (custom)
2023-09-29 12:51:11,778 [om1-impl-thread1] INFO  server.RaftServerConfigKeys (ConfUtils.java:logGet(46)) - raft.server.log.segment.cache.size.max = 200MB (=209715200) (default)
2023-09-29 12:51:11,779 [om1-impl-thread1] INFO  server.RaftServerConfigKeys (ConfUtils.java:logGet(46)) - raft.server.log.appender.buffer.byte-limit = 33554432 (custom)
2023-09-29 12:51:11,785 [om1-impl-thread1] INFO  segmented.SegmentedRaftLogWorker (SegmentedRaftLogWorker.java:<init>(188)) - new om1@group-C5BA1605619E-SegmentedRaftLogWorker for RaftStorageImpl:Storage Directory /home/runner/work/ozone/ozone/hadoop-ozone/integration-test/target/test-dir/MiniOzoneClusterImpl-811b16cb-c214-4c75-bdb2-1b437bba6cdf/ozone-meta/ratis/bf265839-605b-3f16-9796-c5ba1605619e
2023-09-29 12:51:11,786 [om1-impl-thread1] INFO  server.RaftServerConfigKeys (ConfUtils.java:logGet(46)) - raft.server.log.queue.byte-limit = 64MB (=67108864) (default)
2023-09-29 12:51:11,787 [om1-impl-thread1] INFO  server.RaftServerConfigKeys (ConfUtils.java:logGet(46)) - raft.server.log.queue.element-limit = 4096 (default)
2023-09-29 12:51:11,789 [om1-impl-thread1] INFO  server.RaftServerConfigKeys (ConfUtils.java:logGet(46)) - raft.server.log.segment.size.max = 4194304 (custom)
2023-09-29 12:51:11,790 [om1-impl-thread1] INFO  server.RaftServerConfigKeys (ConfUtils.java:logGet(46)) - raft.server.log.preallocated.size = 4194304 (custom)
2023-09-29 12:51:11,794 [om1-impl-thread1] INFO  server.RaftServerConfigKeys (ConfUtils.java:logGet(46)) - raft.server.log.force.sync.num = 128 (default)
2023-09-29 12:51:11,795 [om1-impl-thread1] INFO  server.RaftServerConfigKeys (ConfUtils.java:logGet(46)) - raft.server.log.statemachine.data.sync = true (default)
2023-09-29 12:51:11,798 [om1-impl-thread1] INFO  server.RaftServerConfigKeys (ConfUtils.java:logGet(46)) - raft.server.log.statemachine.data.sync.timeout = 10s (default)
2023-09-29 12:51:11,799 [om1-impl-thread1] INFO  server.RaftServerConfigKeys (ConfUtils.java:logGet(46)) - raft.server.log.statemachine.data.sync.timeout.retry = -1 (default)
2023-09-29 12:51:11,810 [om1-impl-thread1] INFO  server.RaftServerConfigKeys (ConfUtils.java:logGet(46)) - raft.server.log.write.buffer.size = 64KB (=65536) (default)
2023-09-29 12:51:11,810 [om1-impl-thread1] INFO  server.RaftServerConfigKeys (ConfUtils.java:logGet(46)) - raft.server.log.appender.buffer.byte-limit = 33554432 (custom)
2023-09-29 12:51:11,817 [om1-impl-thread1] INFO  server.RaftServerConfigKeys (ConfUtils.java:logGet(46)) - raft.server.log.unsafe-flush.enabled = false (default)
2023-09-29 12:51:11,817 [om1-impl-thread1] INFO  server.RaftServerConfigKeys (ConfUtils.java:logGet(46)) - raft.server.log.async-flush.enabled = false (default)
2023-09-29 12:51:11,818 [om1-impl-thread1] INFO  server.RaftServerConfigKeys (ConfUtils.java:logGet(46)) - raft.server.log.statemachine.data.caching.enabled = false (default)
2023-09-29 12:51:11,825 [om1-impl-thread1] INFO  segmented.SegmentedRaftLogWorker (SegmentedRaftLogWorker.java:lambda$new$0(135)) - om1@group-C5BA1605619E-SegmentedRaftLogWorker: flushIndex: setUnconditionally 0 -> -1
2023-09-29 12:51:11,825 [om1-impl-thread1] INFO  segmented.SegmentedRaftLogWorker (SegmentedRaftLogWorker.java:lambda$new$0(135)) - om1@group-C5BA1605619E-SegmentedRaftLogWorker: safeCacheEvictIndex: setUnconditionally 0 -> -1
2023-09-29 12:51:11,827 [om1-impl-thread1] INFO  server.RaftServer$Division (RaftServerImpl.java:start(342)) - om1@group-C5BA1605619E: start as a follower, conf=-1: peers:[om1|rpc:localhost:15007|priority:0|startupRole:FOLLOWER]|listeners:[], old=null
2023-09-29 12:51:11,828 [om1-impl-thread1] INFO  server.RaftServer$Division (RaftServerImpl.java:setRole(329)) - om1@group-C5BA1605619E: changes role from      null to FOLLOWER at term 0 for startAsFollower
2023-09-29 12:51:11,829 [om1-impl-thread1] INFO  impl.RoleInfo (RoleInfo.java:updateAndGet(139)) - om1: start om1@group-C5BA1605619E-FollowerState
2023-09-29 12:51:11,832 [om1-impl-thread1] INFO  util.JmxRegister (JmxRegister.java:tryRegister(44)) - Successfully registered JMX Bean with object name Ratis:service=RaftServer,group=group-C5BA1605619E,id=om1
2023-09-29 12:51:11,834 [om1-impl-thread1] INFO  server.RaftServerConfigKeys (ConfUtils.java:logGet(46)) - raft.server.snapshot.auto.trigger.enabled = true (custom)
2023-09-29 12:51:11,836 [om1-impl-thread1] INFO  server.RaftServerConfigKeys (ConfUtils.java:logGet(46)) - raft.server.snapshot.auto.trigger.threshold = 400000 (default)
2023-09-29 12:51:11,837 [om1-impl-thread1] INFO  server.RaftServerConfigKeys (ConfUtils.java:logGet(46)) - raft.server.snapshot.retention.file.num = -1 (default)
2023-09-29 12:51:11,837 [om1-impl-thread1] INFO  server.RaftServerConfigKeys (ConfUtils.java:logGet(46)) - raft.server.log.purge.upto.snapshot.index = true (custom)
2023-09-29 12:51:11,839 [om1@group-C5BA1605619E-FollowerState] INFO  server.RaftServerConfigKeys (ConfUtils.java:logFallback(53)) - raft.server.rpc.first-election.timeout.min = 1s (fallback to raft.server.rpc.timeout.min)
2023-09-29 12:51:11,839 [om1@group-C5BA1605619E-FollowerState] INFO  server.RaftServerConfigKeys (ConfUtils.java:logFallback(53)) - raft.server.rpc.first-election.timeout.max = 1200ms (fallback to raft.server.rpc.timeout.max)
2023-09-29 12:51:11,843 [main] INFO  server.RaftServer (RaftServerProxy.java:startImpl(400)) - om1: start RPC server
2023-09-29 12:51:11,933 [main] INFO  server.GrpcService (GrpcService.java:startImpl(302)) - om1: GrpcService started, listening on 15007
2023-09-29 12:51:11,936 [main] INFO  om.OzoneManager (OzoneManager.java:start(1652)) - Version File has different layout version (6) than OM DB (null). That is expected if this OM has never been finalized to a newer layout version.
2023-09-29 12:51:11,943 [JvmPauseMonitor1] INFO  util.JvmPauseMonitor (JvmPauseMonitor.java:run(103)) - JvmPauseMonitor-om1: Started
2023-09-29 12:51:11,978 [main] INFO  http.BaseHttpServer (BaseHttpServer.java:newHttpServer2BuilderForOzone(223)) - Starting Web-server for ozoneManager at: http://0.0.0.0:15005
2023-09-29 12:51:11,979 [main] INFO  http.BaseHttpServer (BaseHttpServer.java:<init>(110)) - Hadoop Security Enabled: false Ozone Security Enabled: false Ozone HTTP Security Enabled: false 
2023-09-29 12:51:11,981 [main] WARN  server.AuthenticationFilter (AuthenticationFilter.java:constructSecretProvider(240)) - Unable to initialize FileSignerSecretProvider, falling back to use random secrets. Reason: Could not read signature secret file: /home/runner/hadoop-http-auth-signature-secret
2023-09-29 12:51:11,982 [main] INFO  http.HttpRequestLog (HttpRequestLog.java:getRequestLog(86)) - Http request log for http.requests.ozoneManager is not defined
2023-09-29 12:51:11,984 [main] INFO  http.HttpServer2 (HttpServer2.java:addGlobalFilter(1031)) - Added global filter 'safety' (class=org.apache.hadoop.hdds.server.http.HttpServer2$QuotingInputFilter)
2023-09-29 12:51:11,985 [main] INFO  http.HttpServer2 (HttpServer2.java:addFilter(1007)) - Added filter static_user_filter (class=org.apache.hadoop.http.lib.StaticUserWebFilter$StaticUserFilter) to context ozoneManager
2023-09-29 12:51:11,985 [main] INFO  http.HttpServer2 (HttpServer2.java:addFilter(1015)) - Added filter static_user_filter (class=org.apache.hadoop.http.lib.StaticUserWebFilter$StaticUserFilter) to context static
2023-09-29 12:51:11,986 [main] INFO  http.HttpServer2 (HttpServer2.java:addFilter(1015)) - Added filter static_user_filter (class=org.apache.hadoop.http.lib.StaticUserWebFilter$StaticUserFilter) to context logs
2023-09-29 12:51:11,987 [main] INFO  http.BaseHttpServer (BaseHttpServer.java:<init>(189)) - HTTP server of ozoneManager uses base directory /home/runner/work/ozone/ozone/hadoop-ozone/integration-test/target/test-dir/MiniOzoneClusterImpl-811b16cb-c214-4c75-bdb2-1b437bba6cdf/ozone-meta/webserver
2023-09-29 12:51:11,990 [main] INFO  http.HttpServer2 (HttpServer2.java:bindListener(1231)) - Jetty bound to port 15005
2023-09-29 12:51:11,991 [main] INFO  server.Server (Server.java:doStart(375)) - jetty-9.4.52.v20230823; built: 2023-08-23T19:29:37.669Z; git: abdcda73818a1a2c705da276edb0bf6581e7997e; jvm 1.8.0_382-b05
2023-09-29 12:51:12,000 [main] INFO  server.session (DefaultSessionIdManager.java:doStart(334)) - DefaultSessionIdManager workerName=node0
2023-09-29 12:51:12,000 [main] INFO  server.session (DefaultSessionIdManager.java:doStart(339)) - No SessionScavenger set, using defaults
2023-09-29 12:51:12,001 [main] INFO  server.session (HouseKeeper.java:startScavenging(132)) - node0 Scavenging every 660000ms
2023-09-29 12:51:12,002 [main] INFO  handler.ContextHandler (ContextHandler.java:doStart(921)) - Started o.e.j.s.ServletContextHandler@4d9e293c{logs,/logs,file:///home/runner/work/ozone/ozone/hadoop-ozone/integration-test/target/log,AVAILABLE}
2023-09-29 12:51:12,002 [main] INFO  handler.ContextHandler (ContextHandler.java:doStart(921)) - Started o.e.j.s.ServletContextHandler@72f97b38{static,/static,file:///home/runner/work/ozone/ozone/hadoop-ozone/integration-test/target/test-classes/webapps/static,AVAILABLE}
2023-09-29 12:51:12,008 [main] INFO  handler.ContextHandler (ContextHandler.java:doStart(921)) - Started o.e.j.w.WebAppContext@38d7e9ec{ozoneManager,/,file:///home/runner/work/ozone/ozone/hadoop-ozone/integration-test/target/test-classes/webapps/ozoneManager/,AVAILABLE}{file:/home/runner/work/ozone/ozone/hadoop-ozone/integration-test/target/test-classes/webapps/ozoneManager}
2023-09-29 12:51:12,010 [main] INFO  server.AbstractConnector (AbstractConnector.java:doStart(333)) - Started ServerConnector@53c4497d{HTTP/1.1, (http/1.1)}{0.0.0.0:15005}
2023-09-29 12:51:12,010 [main] INFO  server.Server (Server.java:doStart(415)) - Started @12171ms
2023-09-29 12:51:12,010 [main] WARN  impl.MetricsSystemImpl (MetricsSystemImpl.java:register(279)) - Sink prometheus already exists!
2023-09-29 12:51:12,011 [main] INFO  http.BaseHttpServer (BaseHttpServer.java:updateConnectorAddress(354)) - HTTP server of ozoneManager listening at http://0.0.0.0:15005
2023-09-29 12:51:12,012 [IPC Server Responder] INFO  ipc.Server (Server.java:run(1562)) - IPC Server Responder: starting
2023-09-29 12:51:12,012 [IPC Server listener on 15004] INFO  ipc.Server (Server.java:run(1402)) - IPC Server listener on 15004: starting
2023-09-29 12:51:12,017 [main] INFO  om.OzoneManager (OzoneManager.java:startTrashEmptier(2104)) - Trash Interval set to 0. Files deleted won't move to trash
2023-09-29 12:51:12,215 [main] INFO  db.CodecBuffer (CodecBuffer.java:set(60)) - Successfully set constructor to org.apache.hadoop.hdds.utils.db.CodecBuffer$$Lambda$874/106819604@74bfba13
2023-09-29 12:51:12,216 [main] WARN  impl.MetricRegistriesImpl (MetricRegistriesImpl.java:addReporterRegistration(111)) - New reporters are added after registries were created. Some metrics will be missing from the reporter. Please add reporter before adding any new registry.
2023-09-29 12:51:12,216 [main] WARN  impl.MetricRegistriesImpl (MetricRegistriesImpl.java:addReporterRegistration(111)) - New reporters are added after registries were created. Some metrics will be missing from the reporter. Please add reporter before adding any new registry.
2023-09-29 12:51:12,217 [main] INFO  impl.MetricsSystemImpl (MetricsSystemImpl.java:init(158)) - HddsDatanode metrics system started (again)
2023-09-29 12:51:12,244 [main] INFO  ozone.HddsDatanodeService (HddsDatanodeService.java:start(237)) - HddsDatanodeService host:fv-az238-384.lrtv1j1tcsgurjp4mtmc3vvjre.gx.internal.cloudapp.net ip:10.1.0.70
2023-09-29 12:51:12,290 [main] INFO  upgrade.AbstractLayoutVersionManager (AbstractLayoutVersionManager.java:init(83)) - Initializing Layout version manager with metadata layout = HADOOP_PRC_PORTS_IN_DATANODEDETAILS (version = 7), software layout = HADOOP_PRC_PORTS_IN_DATANODEDETAILS (version = 7)
2023-09-29 12:51:12,294 [main] INFO  statemachine.DatanodeStateMachine (DatanodeStateMachine.java:getEndPointTaskThreadPoolSize(283)) - Datanode State Machine Task Thread Pool size 2
2023-09-29 12:51:12,442 [main] INFO  volume.HddsVolume (HddsVolume.java:<init>(126)) - Creating HddsVolume: /home/runner/work/ozone/ozone/hadoop-ozone/integration-test/target/test-dir/MiniOzoneClusterImpl-811b16cb-c214-4c75-bdb2-1b437bba6cdf/datanode-0/data-0/containers/hdds of storage type : DISK capacity : 9223372036854775807
2023-09-29 12:51:12,446 [main] INFO  volume.MutableVolumeSet (MutableVolumeSet.java:initializeVolumeSet(173)) - Added Volume : /home/runner/work/ozone/ozone/hadoop-ozone/integration-test/target/test-dir/MiniOzoneClusterImpl-811b16cb-c214-4c75-bdb2-1b437bba6cdf/datanode-0/data-0/containers/hdds to VolumeSet
2023-09-29 12:51:12,451 [main] INFO  volume.MutableVolumeSet (MutableVolumeSet.java:initializeVolumeSet(173)) - Added Volume : /home/runner/work/ozone/ozone/hadoop-ozone/integration-test/target/test-dir/MiniOzoneClusterImpl-811b16cb-c214-4c75-bdb2-1b437bba6cdf/datanode-0/data/ratis to VolumeSet
2023-09-29 12:51:12,630 [Thread-152] INFO  ozoneimpl.ContainerReader (ContainerReader.java:readVolume(177)) - Finish verifying containers on volume /home/runner/work/ozone/ozone/hadoop-ozone/integration-test/target/test-dir/MiniOzoneClusterImpl-811b16cb-c214-4c75-bdb2-1b437bba6cdf/datanode-0/data-0/containers/hdds
2023-09-29 12:51:12,630 [main] INFO  ozoneimpl.OzoneContainer (OzoneContainer.java:buildContainerSet(314)) - Build ContainerSet costs 0s
2023-09-29 12:51:12,705 [main] INFO  audit.AuditLogger (AuditLogger.java:refreshDebugCmdSet(126)) - Refresh DebugCmdSet for DNAudit to [].
2023-09-29 12:51:12,743 [main] INFO  server.RaftServer (ConfUtils.java:logGet(46)) - raft.rpc.type = GRPC (default)
2023-09-29 12:51:12,744 [main] INFO  grpc.GrpcConfigKeys (ConfUtils.java:logFallback(53)) - raft.grpc.admin.host = null (fallback to raft.grpc.server.host)
2023-09-29 12:51:12,744 [main] INFO  grpc.GrpcConfigKeys (ConfUtils.java:logGet(46)) - raft.grpc.admin.port = 15013 (custom)
2023-09-29 12:51:12,744 [main] INFO  grpc.GrpcConfigKeys (ConfUtils.java:logFallback(53)) - raft.grpc.client.host = null (fallback to raft.grpc.server.host)
2023-09-29 12:51:12,745 [main] INFO  grpc.GrpcConfigKeys (ConfUtils.java:logGet(46)) - raft.grpc.client.port = 15012 (custom)
2023-09-29 12:51:12,745 [main] INFO  grpc.GrpcConfigKeys (ConfUtils.java:logGet(46)) - raft.grpc.server.host = null (default)
2023-09-29 12:51:12,745 [main] INFO  grpc.GrpcConfigKeys (ConfUtils.java:logGet(46)) - raft.grpc.server.port = 15014 (custom)
2023-09-29 12:51:12,745 [main] INFO  server.GrpcService (ConfUtils.java:logGet(46)) - raft.grpc.message.size.max = 32MB (=33554432) (custom)
2023-09-29 12:51:12,746 [main] INFO  server.RaftServerConfigKeys (ConfUtils.java:logGet(46)) - raft.server.log.appender.buffer.byte-limit = 33554432 (custom)
2023-09-29 12:51:12,746 [main] INFO  server.GrpcService (ConfUtils.java:logGet(46)) - raft.grpc.flow.control.window = 5MB (=5242880) (custom)
2023-09-29 12:51:12,746 [main] INFO  server.RaftServerConfigKeys (ConfUtils.java:logGet(46)) - raft.server.rpc.request.timeout = 60s (custom)
2023-09-29 12:51:12,746 [main] INFO  grpc.GrpcConfigKeys (ConfUtils.java:logGet(46)) - raft.grpc.server.heartbeat.channel = true (default)
2023-09-29 12:51:12,746 [main] INFO  grpc.GrpcConfigKeys (ConfUtils.java:logGet(46)) - raft.grpc.server.async.request.thread.pool.cached = true (default)
2023-09-29 12:51:12,747 [main] INFO  grpc.GrpcConfigKeys (ConfUtils.java:logGet(46)) - raft.grpc.server.async.request.thread.pool.size = 32 (default)
2023-09-29 12:51:12,750 [main] INFO  impl.DataStreamServerImpl (ConfUtils.java:logGet(46)) - raft.datastream.type = NETTY (custom)
2023-09-29 12:51:12,761 [main] INFO  server.RaftServerConfigKeys (ConfUtils.java:logGet(46)) - raft.server.data-stream.async.request.thread.pool.cached = false (default)
2023-09-29 12:51:12,761 [main] INFO  server.RaftServerConfigKeys (ConfUtils.java:logGet(46)) - raft.server.data-stream.async.request.thread.pool.size = 20 (custom)
2023-09-29 12:51:12,762 [main] INFO  server.RaftServerConfigKeys (ConfUtils.java:logGet(46)) - raft.server.data-stream.async.write.thread.pool.size = 16 (default)
2023-09-29 12:51:12,763 [main] INFO  server.RaftServerConfigKeys (ConfUtils.java:logGet(46)) - raft.server.data-stream.client.pool.size = 10 (default)
2023-09-29 12:51:12,766 [main] INFO  netty.NettyConfigKeys$DataStream (ConfUtils.java:logGet(46)) - raft.netty.dataStream.server.use-epoll = false (default)
2023-09-29 12:51:12,767 [main] INFO  netty.NettyConfigKeys$DataStream (ConfUtils.java:logGet(46)) - raft.netty.dataStream.server.boss-group.size = 0 (default)
2023-09-29 12:51:12,774 [main] INFO  netty.NettyConfigKeys$DataStream (ConfUtils.java:logGet(46)) - raft.netty.dataStream.server.worker-group.size = 0 (default)
2023-09-29 12:51:12,792 [main] INFO  netty.NettyConfigKeys$DataStream (ConfUtils.java:logGet(46)) - raft.netty.dataStream.server.tls.conf = null (default)
2023-09-29 12:51:12,796 [main] INFO  netty.NettyConfigKeys$DataStream (ConfUtils.java:logGet(46)) - raft.netty.dataStream.host = null (default)
2023-09-29 12:51:12,796 [main] INFO  netty.NettyConfigKeys$DataStream (ConfUtils.java:logGet(46)) - raft.netty.dataStream.port = 15015 (custom)
2023-09-29 12:51:12,807 [main] INFO  server.RaftServerConfigKeys (ConfUtils.java:logGet(46)) - raft.server.threadpool.proxy.cached = true (default)
2023-09-29 12:51:12,807 [main] INFO  server.RaftServerConfigKeys (ConfUtils.java:logGet(46)) - raft.server.threadpool.proxy.size = 0 (default)
2023-09-29 12:51:12,808 [main] INFO  server.RaftServerConfigKeys (ConfUtils.java:logGet(46)) - raft.server.rpc.slowness.timeout = 300s (custom)
2023-09-29 12:51:12,808 [main] INFO  server.RaftServerConfigKeys (ConfUtils.java:logGet(46)) - raft.server.leaderelection.leader.step-down.wait-time = 10s (default)
2023-09-29 12:51:12,808 [main] INFO  server.RaftServerConfigKeys (ConfUtils.java:logGet(46)) - raft.server.storage.dir = [/home/runner/work/ozone/ozone/hadoop-ozone/integration-test/target/test-dir/MiniOzoneClusterImpl-811b16cb-c214-4c75-bdb2-1b437bba6cdf/datanode-0/data/ratis] (custom)
2023-09-29 12:51:12,815 [28fc21f1-0f1b-4853-8334-7fb4bdc0ccf0-impl-thread1] INFO  server.RaftServer (RaftServerProxy.java:initGroupDir(258)) - 28fc21f1-0f1b-4853-8334-7fb4bdc0ccf0: found a subdirectory /home/runner/work/ozone/ozone/hadoop-ozone/integration-test/target/test-dir/MiniOzoneClusterImpl-811b16cb-c214-4c75-bdb2-1b437bba6cdf/datanode-0/data/ratis/tmp
2023-09-29 12:51:12,816 [28fc21f1-0f1b-4853-8334-7fb4bdc0ccf0-impl-thread1] INFO  server.RaftServer (RaftServerProxy.java:initGroupDir(263)) - 28fc21f1-0f1b-4853-8334-7fb4bdc0ccf0: The directory /home/runner/work/ozone/ozone/hadoop-ozone/integration-test/target/test-dir/MiniOzoneClusterImpl-811b16cb-c214-4c75-bdb2-1b437bba6cdf/datanode-0/data/ratis/tmp is not a group directory; ignoring it. 
2023-09-29 12:51:12,819 [main] INFO  replication.ReplicationServer (ReplicationServer.java:<init>(83)) - Initializing replication server with thread count = 10 queue length = 4096
2023-09-29 12:51:12,823 [28fc21f1-0f1b-4853-8334-7fb4bdc0ccf0-NettyServerStreamRpc-bossGroup--thread1] INFO  logging.LoggingHandler (AbstractInternalLogger.java:log(148)) - [id: 0xad3ed1b0] REGISTERED
2023-09-29 12:51:12,823 [28fc21f1-0f1b-4853-8334-7fb4bdc0ccf0-NettyServerStreamRpc-bossGroup--thread1] INFO  logging.LoggingHandler (AbstractInternalLogger.java:log(148)) - [id: 0xad3ed1b0] BIND: 0.0.0.0/0.0.0.0:15015
2023-09-29 12:51:12,824 [28fc21f1-0f1b-4853-8334-7fb4bdc0ccf0-NettyServerStreamRpc-bossGroup--thread1] INFO  logging.LoggingHandler (AbstractInternalLogger.java:log(148)) - [id: 0xad3ed1b0, L:/0:0:0:0:0:0:0:0:15015] ACTIVE
2023-09-29 12:51:12,853 [main] INFO  server.XceiverServerGrpc (XceiverServerGrpc.java:<init>(132)) - GrpcServer channel type EpollServerSocketChannel
2023-09-29 12:51:12,904 [main] INFO  replication.ReplicationSupervisor (ReplicationSupervisor.java:build(155)) - Initializing replication supervisor with thread count = 10
2023-09-29 12:51:12,907 [main] INFO  replication.ReplicationSupervisor (ReplicationSupervisor.java:nodeStateUpdated(307)) - Node state updated to IN_SERVICE, scaling executor pool size to 10
2023-09-29 12:51:12,940 [om1@group-C5BA1605619E-FollowerState] INFO  impl.FollowerState (FollowerState.java:run(143)) - om1@group-C5BA1605619E-FollowerState: change to CANDIDATE, lastRpcElapsedTime:1110762993ns, electionTimeout:1099ms
2023-09-29 12:51:12,941 [om1@group-C5BA1605619E-FollowerState] INFO  impl.RoleInfo (RoleInfo.java:shutdownFollowerState(110)) - om1: shutdown om1@group-C5BA1605619E-FollowerState
2023-09-29 12:51:12,943 [om1@group-C5BA1605619E-FollowerState] INFO  server.RaftServer$Division (RaftServerImpl.java:setRole(329)) - om1@group-C5BA1605619E: changes role from  FOLLOWER to CANDIDATE at term 0 for changeToCandidate
2023-09-29 12:51:12,948 [om1@group-C5BA1605619E-FollowerState] INFO  server.RaftServerConfigKeys (ConfUtils.java:logGet(46)) - raft.server.leaderelection.pre-vote = true (default)
2023-09-29 12:51:12,948 [om1@group-C5BA1605619E-FollowerState] INFO  impl.RoleInfo (RoleInfo.java:updateAndGet(139)) - om1: start om1@group-C5BA1605619E-LeaderElection1
2023-09-29 12:51:12,955 [om1@group-C5BA1605619E-LeaderElection1] INFO  impl.LeaderElection (LeaderElection.java:askForVotes(321)) - om1@group-C5BA1605619E-LeaderElection1 PRE_VOTE round 0: submit vote requests at term 0 for -1: peers:[om1|rpc:localhost:15007|priority:0|startupRole:FOLLOWER]|listeners:[], old=null
2023-09-29 12:51:12,956 [om1@group-C5BA1605619E-LeaderElection1] INFO  impl.LeaderElection (LeaderElection.java:askForVotes(323)) - om1@group-C5BA1605619E-LeaderElection1 PRE_VOTE round 0: result PASSED (term=0)
2023-09-29 12:51:12,958 [om1@group-C5BA1605619E-LeaderElection1] INFO  impl.LeaderElection (LeaderElection.java:askForVotes(321)) - om1@group-C5BA1605619E-LeaderElection1 ELECTION round 0: submit vote requests at term 1 for -1: peers:[om1|rpc:localhost:15007|priority:0|startupRole:FOLLOWER]|listeners:[], old=null
2023-09-29 12:51:12,959 [om1@group-C5BA1605619E-LeaderElection1] INFO  impl.LeaderElection (LeaderElection.java:askForVotes(323)) - om1@group-C5BA1605619E-LeaderElection1 ELECTION round 0: result PASSED (term=1)
2023-09-29 12:51:12,959 [om1@group-C5BA1605619E-LeaderElection1] INFO  impl.RoleInfo (RoleInfo.java:shutdownLeaderElection(130)) - om1: shutdown om1@group-C5BA1605619E-LeaderElection1
2023-09-29 12:51:12,959 [om1@group-C5BA1605619E-LeaderElection1] INFO  server.RaftServer$Division (RaftServerImpl.java:setRole(329)) - om1@group-C5BA1605619E: changes role from CANDIDATE to LEADER at term 1 for changeToLeader
2023-09-29 12:51:12,962 [om1@group-C5BA1605619E-LeaderElection1] INFO  server.RaftServer$Division (ServerState.java:setLeader(317)) - om1@group-C5BA1605619E: change Leader from null to om1 at term 1 for becomeLeader, leader elected after 2337ms
2023-09-29 12:51:12,971 [om1@group-C5BA1605619E-LeaderElection1] INFO  server.RaftServerConfigKeys (ConfUtils.java:logGet(46)) - raft.server.staging.catchup.gap = 1000 (default)
2023-09-29 12:51:12,989 [om1@group-C5BA1605619E-LeaderElection1] INFO  server.RaftServerConfigKeys (ConfUtils.java:logGet(46)) - raft.server.write.element-limit = 4096 (default)
2023-09-29 12:51:12,991 [om1@group-C5BA1605619E-LeaderElection1] INFO  server.RaftServerConfigKeys (ConfUtils.java:logGet(46)) - raft.server.write.byte-limit = 64MB (=67108864) (default)
2023-09-29 12:51:13,002 [om1@group-C5BA1605619E-LeaderElection1] INFO  server.RaftServerConfigKeys (ConfUtils.java:logGet(46)) - raft.server.watch.timeout = 10s (default)
2023-09-29 12:51:13,003 [om1@group-C5BA1605619E-LeaderElection1] INFO  server.RaftServerConfigKeys (ConfUtils.java:logGet(46)) - raft.server.watch.timeout.denomination = 1s (default)
2023-09-29 12:51:13,005 [om1@group-C5BA1605619E-LeaderElection1] INFO  server.RaftServerConfigKeys (ConfUtils.java:logGet(46)) - raft.server.watch.element-limit = 65536 (default)
2023-09-29 12:51:13,019 [om1@group-C5BA1605619E-LeaderElection1] INFO  server.RaftServerConfigKeys (ConfUtils.java:logGet(46)) - raft.server.write.element-limit = 4096 (default)
2023-09-29 12:51:13,023 [om1@group-C5BA1605619E-LeaderElection1] INFO  server.RaftServerConfigKeys (ConfUtils.java:logGet(46)) - raft.server.write.follower.gap.ratio.max = -1.0 (default)
2023-09-29 12:51:13,026 [om1@group-C5BA1605619E-LeaderElection1] INFO  impl.RoleInfo (RoleInfo.java:updateAndGet(139)) - om1: start om1@group-C5BA1605619E-LeaderStateImpl
2023-09-29 12:51:13,039 [main] INFO  http.BaseHttpServer (BaseHttpServer.java:newHttpServer2BuilderForOzone(223)) - Starting Web-server for hddsDatanode at: http://0.0.0.0:15009
2023-09-29 12:51:13,039 [main] INFO  http.BaseHttpServer (BaseHttpServer.java:<init>(110)) - Hadoop Security Enabled: false Ozone Security Enabled: false Ozone HTTP Security Enabled: false 
2023-09-29 12:51:13,041 [main] WARN  server.AuthenticationFilter (AuthenticationFilter.java:constructSecretProvider(240)) - Unable to initialize FileSignerSecretProvider, falling back to use random secrets. Reason: Could not read signature secret file: /home/runner/hadoop-http-auth-signature-secret
2023-09-29 12:51:13,052 [main] INFO  http.HttpRequestLog (HttpRequestLog.java:getRequestLog(86)) - Http request log for http.requests.hddsDatanode is not defined
2023-09-29 12:51:13,055 [main] INFO  http.HttpServer2 (HttpServer2.java:addGlobalFilter(1031)) - Added global filter 'safety' (class=org.apache.hadoop.hdds.server.http.HttpServer2$QuotingInputFilter)
2023-09-29 12:51:13,057 [main] INFO  http.HttpServer2 (HttpServer2.java:addFilter(1007)) - Added filter static_user_filter (class=org.apache.hadoop.http.lib.StaticUserWebFilter$StaticUserFilter) to context hddsDatanode
2023-09-29 12:51:13,057 [main] INFO  http.HttpServer2 (HttpServer2.java:addFilter(1015)) - Added filter static_user_filter (class=org.apache.hadoop.http.lib.StaticUserWebFilter$StaticUserFilter) to context logs
2023-09-29 12:51:13,057 [main] INFO  http.HttpServer2 (HttpServer2.java:addFilter(1015)) - Added filter static_user_filter (class=org.apache.hadoop.http.lib.StaticUserWebFilter$StaticUserFilter) to context static
2023-09-29 12:51:13,058 [main] INFO  http.BaseHttpServer (BaseHttpServer.java:<init>(189)) - HTTP server of hddsDatanode uses base directory /home/runner/work/ozone/ozone/hadoop-ozone/integration-test/target/test-dir/MiniOzoneClusterImpl-811b16cb-c214-4c75-bdb2-1b437bba6cdf/datanode-0/meta/webserver
2023-09-29 12:51:13,058 [main] INFO  http.HttpServer2 (HttpServer2.java:bindListener(1231)) - Jetty bound to port 15009
2023-09-29 12:51:13,058 [main] INFO  server.Server (Server.java:doStart(375)) - jetty-9.4.52.v20230823; built: 2023-08-23T19:29:37.669Z; git: abdcda73818a1a2c705da276edb0bf6581e7997e; jvm 1.8.0_382-b05
2023-09-29 12:51:13,091 [om1@group-C5BA1605619E-LeaderElection1] INFO  segmented.SegmentedRaftLogWorker (SegmentedRaftLogWorker.java:startLogSegment(447)) - om1@group-C5BA1605619E-SegmentedRaftLogWorker: Starting segment from index:0
2023-09-29 12:51:13,101 [main] INFO  server.session (DefaultSessionIdManager.java:doStart(334)) - DefaultSessionIdManager workerName=node0
2023-09-29 12:51:13,101 [main] INFO  server.session (DefaultSessionIdManager.java:doStart(339)) - No SessionScavenger set, using defaults
2023-09-29 12:51:13,101 [main] INFO  server.session (HouseKeeper.java:startScavenging(132)) - node0 Scavenging every 600000ms
2023-09-29 12:51:13,109 [main] INFO  handler.ContextHandler (ContextHandler.java:doStart(921)) - Started o.e.j.s.ServletContextHandler@62702965{logs,/logs,file:///home/runner/work/ozone/ozone/hadoop-ozone/integration-test/target/log,AVAILABLE}
2023-09-29 12:51:13,109 [main] INFO  handler.ContextHandler (ContextHandler.java:doStart(921)) - Started o.e.j.s.ServletContextHandler@3f1e1a83{static,/static,jar:file:/home/runner/.m2/repository/org/apache/ozone/hdds-container-service/1.4.0-SNAPSHOT/hdds-container-service-1.4.0-SNAPSHOT.jar!/webapps/static,AVAILABLE}
2023-09-29 12:51:13,176 [om1@group-C5BA1605619E-LeaderElection1] INFO  server.RaftServer$Division (ServerState.java:setRaftConf(434)) - om1@group-C5BA1605619E: set configuration 0: peers:[om1|rpc:localhost:15007|admin:|client:|dataStream:|priority:0|startupRole:FOLLOWER]|listeners:[], old=null
2023-09-29 12:51:13,254 [om1@group-C5BA1605619E-SegmentedRaftLogWorker] INFO  segmented.SegmentedRaftLogWorker (SegmentedRaftLogWorker.java:execute(651)) - om1@group-C5BA1605619E-SegmentedRaftLogWorker: created new log segment /home/runner/work/ozone/ozone/hadoop-ozone/integration-test/target/test-dir/MiniOzoneClusterImpl-811b16cb-c214-4c75-bdb2-1b437bba6cdf/ozone-meta/ratis/bf265839-605b-3f16-9796-c5ba1605619e/current/log_inprogress_0
2023-09-29 12:51:13,397 [om1@group-C5BA1605619E-StateMachineUpdater] INFO  ratis.OzoneManagerStateMachine (OzoneManagerStateMachine.java:notifyConfigurationChanged(202)) - Received Configuration change notification from Ratis. New Peer list:
[id: "om1"
address: "localhost:15007"
startupRole: FOLLOWER
]
2023-09-29 12:51:13,422 [main] INFO  handler.ContextHandler (ContextHandler.java:doStart(921)) - Started o.e.j.w.WebAppContext@cbaa846{hddsDatanode,/,file:///home/runner/work/ozone/ozone/hadoop-ozone/integration-test/target/tmp/kms/webapp/,AVAILABLE}{jar:file:/home/runner/.m2/repository/org/apache/ozone/hdds-container-service/1.4.0-SNAPSHOT/hdds-container-service-1.4.0-SNAPSHOT.jar!/webapps/hddsDatanode}
2023-09-29 12:51:13,424 [main] INFO  server.AbstractConnector (AbstractConnector.java:doStart(333)) - Started ServerConnector@23df6ad8{HTTP/1.1, (http/1.1)}{0.0.0.0:15009}
2023-09-29 12:51:13,425 [main] INFO  server.Server (Server.java:doStart(415)) - Started @13585ms
2023-09-29 12:51:13,425 [main] WARN  impl.MetricsSystemImpl (MetricsSystemImpl.java:register(279)) - Sink prometheus already exists!
2023-09-29 12:51:13,426 [main] INFO  http.BaseHttpServer (BaseHttpServer.java:updateConnectorAddress(354)) - HTTP server of hddsDatanode listening at http://0.0.0.0:15009
2023-09-29 12:51:13,431 [main] INFO  ipc.CallQueueManager (CallQueueManager.java:<init>(90)) - Using callQueue: class java.util.concurrent.LinkedBlockingQueue, queueCapacity: 100, scheduler: class org.apache.hadoop.ipc.DefaultRpcScheduler, ipcBackoff: false.
2023-09-29 12:51:13,431 [main] INFO  ipc.Server (Server.java:<init>(1287)) - Listener at 0.0.0.0:15010
2023-09-29 12:51:13,431 [Socket Reader #1 for port 15010] INFO  ipc.Server (Server.java:run(1323)) - Starting Socket Reader #1 for port 15010
2023-09-29 12:51:13,437 [main] INFO  ozone.HddsDatanodeService (HddsDatanodeService.java:start(315)) - Datanode start with admins: [runner]
2023-09-29 12:51:13,439 [main] INFO  ozone.HddsDatanodeClientProtocolServer (HddsDatanodeClientProtocolServer.java:start(72)) - RPC server for Client /0.0.0.0:15010
2023-09-29 12:51:13,447 [IPC Server Responder] INFO  ipc.Server (Server.java:run(1562)) - IPC Server Responder: starting
2023-09-29 12:51:13,450 [IPC Server listener on 15010] INFO  ipc.Server (Server.java:run(1402)) - IPC Server listener on 15010: starting
2023-09-29 12:51:13,453 [Datanode State Machine Daemon Thread] INFO  statemachine.DatanodeStateMachine (DatanodeStateMachine.java:lambda$startDaemon$0(539)) - Ozone container server started.
2023-09-29 12:51:13,454 [main] WARN  impl.MetricRegistriesImpl (MetricRegistriesImpl.java:addReporterRegistration(111)) - New reporters are added after registries were created. Some metrics will be missing from the reporter. Please add reporter before adding any new registry.
2023-09-29 12:51:13,456 [main] WARN  impl.MetricRegistriesImpl (MetricRegistriesImpl.java:addReporterRegistration(111)) - New reporters are added after registries were created. Some metrics will be missing from the reporter. Please add reporter before adding any new registry.
2023-09-29 12:51:13,456 [main] INFO  impl.MetricsSystemImpl (MetricsSystemImpl.java:init(158)) - HddsDatanode metrics system started (again)
2023-09-29 12:51:13,488 [main] INFO  ozone.HddsDatanodeService (HddsDatanodeService.java:start(237)) - HddsDatanodeService host:fv-az238-384.lrtv1j1tcsgurjp4mtmc3vvjre.gx.internal.cloudapp.net ip:10.1.0.70
2023-09-29 12:51:13,537 [main] INFO  upgrade.AbstractLayoutVersionManager (AbstractLayoutVersionManager.java:init(83)) - Initializing Layout version manager with metadata layout = HADOOP_PRC_PORTS_IN_DATANODEDETAILS (version = 7), software layout = HADOOP_PRC_PORTS_IN_DATANODEDETAILS (version = 7)
2023-09-29 12:51:13,538 [main] INFO  statemachine.DatanodeStateMachine (DatanodeStateMachine.java:getEndPointTaskThreadPoolSize(283)) - Datanode State Machine Task Thread Pool size 2
2023-09-29 12:51:13,543 [main] INFO  volume.HddsVolume (HddsVolume.java:<init>(126)) - Creating HddsVolume: /home/runner/work/ozone/ozone/hadoop-ozone/integration-test/target/test-dir/MiniOzoneClusterImpl-811b16cb-c214-4c75-bdb2-1b437bba6cdf/datanode-1/data-0/containers/hdds of storage type : DISK capacity : 9223372036854775807
2023-09-29 12:51:13,544 [main] INFO  volume.MutableVolumeSet (MutableVolumeSet.java:initializeVolumeSet(173)) - Added Volume : /home/runner/work/ozone/ozone/hadoop-ozone/integration-test/target/test-dir/MiniOzoneClusterImpl-811b16cb-c214-4c75-bdb2-1b437bba6cdf/datanode-1/data-0/containers/hdds to VolumeSet
2023-09-29 12:51:13,546 [main] INFO  volume.MutableVolumeSet (MutableVolumeSet.java:initializeVolumeSet(173)) - Added Volume : /home/runner/work/ozone/ozone/hadoop-ozone/integration-test/target/test-dir/MiniOzoneClusterImpl-811b16cb-c214-4c75-bdb2-1b437bba6cdf/datanode-1/data/ratis to VolumeSet
2023-09-29 12:51:13,552 [Thread-171] INFO  ozoneimpl.ContainerReader (ContainerReader.java:readVolume(177)) - Finish verifying containers on volume /home/runner/work/ozone/ozone/hadoop-ozone/integration-test/target/test-dir/MiniOzoneClusterImpl-811b16cb-c214-4c75-bdb2-1b437bba6cdf/datanode-1/data-0/containers/hdds
2023-09-29 12:51:13,553 [main] INFO  ozoneimpl.OzoneContainer (OzoneContainer.java:buildContainerSet(314)) - Build ContainerSet costs 0s
2023-09-29 12:51:13,558 [main] INFO  server.RaftServer (ConfUtils.java:logGet(46)) - raft.rpc.type = GRPC (default)
2023-09-29 12:51:13,558 [main] INFO  grpc.GrpcConfigKeys (ConfUtils.java:logFallback(53)) - raft.grpc.admin.host = null (fallback to raft.grpc.server.host)
2023-09-29 12:51:13,559 [main] INFO  grpc.GrpcConfigKeys (ConfUtils.java:logGet(46)) - raft.grpc.admin.port = 15022 (custom)
2023-09-29 12:51:13,559 [main] INFO  grpc.GrpcConfigKeys (ConfUtils.java:logFallback(53)) - raft.grpc.client.host = null (fallback to raft.grpc.server.host)
2023-09-29 12:51:13,559 [main] INFO  grpc.GrpcConfigKeys (ConfUtils.java:logGet(46)) - raft.grpc.client.port = 15021 (custom)
2023-09-29 12:51:13,560 [main] INFO  grpc.GrpcConfigKeys (ConfUtils.java:logGet(46)) - raft.grpc.server.host = null (default)
2023-09-29 12:51:13,560 [main] INFO  grpc.GrpcConfigKeys (ConfUtils.java:logGet(46)) - raft.grpc.server.port = 15023 (custom)
2023-09-29 12:51:13,561 [main] INFO  server.GrpcService (ConfUtils.java:logGet(46)) - raft.grpc.message.size.max = 32MB (=33554432) (custom)
2023-09-29 12:51:13,562 [main] INFO  server.RaftServerConfigKeys (ConfUtils.java:logGet(46)) - raft.server.log.appender.buffer.byte-limit = 33554432 (custom)
2023-09-29 12:51:13,562 [main] INFO  server.GrpcService (ConfUtils.java:logGet(46)) - raft.grpc.flow.control.window = 5MB (=5242880) (custom)
2023-09-29 12:51:13,562 [main] INFO  server.RaftServerConfigKeys (ConfUtils.java:logGet(46)) - raft.server.rpc.request.timeout = 60s (custom)
2023-09-29 12:51:13,562 [main] INFO  grpc.GrpcConfigKeys (ConfUtils.java:logGet(46)) - raft.grpc.server.heartbeat.channel = true (default)
2023-09-29 12:51:13,564 [main] INFO  grpc.GrpcConfigKeys (ConfUtils.java:logGet(46)) - raft.grpc.server.async.request.thread.pool.cached = true (default)
2023-09-29 12:51:13,564 [main] INFO  grpc.GrpcConfigKeys (ConfUtils.java:logGet(46)) - raft.grpc.server.async.request.thread.pool.size = 32 (default)
2023-09-29 12:51:13,570 [main] INFO  impl.DataStreamServerImpl (ConfUtils.java:logGet(46)) - raft.datastream.type = NETTY (custom)
2023-09-29 12:51:13,570 [main] INFO  server.RaftServerConfigKeys (ConfUtils.java:logGet(46)) - raft.server.data-stream.async.request.thread.pool.cached = false (default)
2023-09-29 12:51:13,572 [main] INFO  server.RaftServerConfigKeys (ConfUtils.java:logGet(46)) - raft.server.data-stream.async.request.thread.pool.size = 20 (custom)
2023-09-29 12:51:13,572 [main] INFO  server.RaftServerConfigKeys (ConfUtils.java:logGet(46)) - raft.server.data-stream.async.write.thread.pool.size = 16 (default)
2023-09-29 12:51:13,572 [main] INFO  server.RaftServerConfigKeys (ConfUtils.java:logGet(46)) - raft.server.data-stream.client.pool.size = 10 (default)
2023-09-29 12:51:13,572 [main] INFO  netty.NettyConfigKeys$DataStream (ConfUtils.java:logGet(46)) - raft.netty.dataStream.server.use-epoll = false (default)
2023-09-29 12:51:13,572 [main] INFO  netty.NettyConfigKeys$DataStream (ConfUtils.java:logGet(46)) - raft.netty.dataStream.server.boss-group.size = 0 (default)
2023-09-29 12:51:13,574 [main] INFO  netty.NettyConfigKeys$DataStream (ConfUtils.java:logGet(46)) - raft.netty.dataStream.server.worker-group.size = 0 (default)
2023-09-29 12:51:13,575 [main] INFO  netty.NettyConfigKeys$DataStream (ConfUtils.java:logGet(46)) - raft.netty.dataStream.server.tls.conf = null (default)
2023-09-29 12:51:13,576 [main] INFO  netty.NettyConfigKeys$DataStream (ConfUtils.java:logGet(46)) - raft.netty.dataStream.host = null (default)
2023-09-29 12:51:13,576 [main] INFO  netty.NettyConfigKeys$DataStream (ConfUtils.java:logGet(46)) - raft.netty.dataStream.port = 15024 (custom)
2023-09-29 12:51:13,581 [main] INFO  server.RaftServerConfigKeys (ConfUtils.java:logGet(46)) - raft.server.threadpool.proxy.cached = true (default)
2023-09-29 12:51:13,582 [main] INFO  server.RaftServerConfigKeys (ConfUtils.java:logGet(46)) - raft.server.threadpool.proxy.size = 0 (default)
2023-09-29 12:51:13,582 [main] INFO  server.RaftServerConfigKeys (ConfUtils.java:logGet(46)) - raft.server.rpc.slowness.timeout = 300s (custom)
2023-09-29 12:51:13,582 [main] INFO  server.RaftServerConfigKeys (ConfUtils.java:logGet(46)) - raft.server.leaderelection.leader.step-down.wait-time = 10s (default)
2023-09-29 12:51:13,582 [main] INFO  server.RaftServerConfigKeys (ConfUtils.java:logGet(46)) - raft.server.storage.dir = [/home/runner/work/ozone/ozone/hadoop-ozone/integration-test/target/test-dir/MiniOzoneClusterImpl-811b16cb-c214-4c75-bdb2-1b437bba6cdf/datanode-1/data/ratis] (custom)
2023-09-29 12:51:13,589 [5317d628-7528-4015-930b-d89d4a444778-NettyServerStreamRpc-bossGroup--thread1] INFO  logging.LoggingHandler (AbstractInternalLogger.java:log(148)) - [id: 0x12246753] REGISTERED
2023-09-29 12:51:13,589 [5317d628-7528-4015-930b-d89d4a444778-NettyServerStreamRpc-bossGroup--thread1] INFO  logging.LoggingHandler (AbstractInternalLogger.java:log(148)) - [id: 0x12246753] BIND: 0.0.0.0/0.0.0.0:15024
2023-09-29 12:51:13,590 [5317d628-7528-4015-930b-d89d4a444778-NettyServerStreamRpc-bossGroup--thread1] INFO  logging.LoggingHandler (AbstractInternalLogger.java:log(148)) - [id: 0x12246753, L:/0:0:0:0:0:0:0:0:15024] ACTIVE
2023-09-29 12:51:13,591 [5317d628-7528-4015-930b-d89d4a444778-impl-thread1] INFO  server.RaftServer (RaftServerProxy.java:initGroupDir(258)) - 5317d628-7528-4015-930b-d89d4a444778: found a subdirectory /home/runner/work/ozone/ozone/hadoop-ozone/integration-test/target/test-dir/MiniOzoneClusterImpl-811b16cb-c214-4c75-bdb2-1b437bba6cdf/datanode-1/data/ratis/tmp
2023-09-29 12:51:13,591 [5317d628-7528-4015-930b-d89d4a444778-impl-thread1] INFO  server.RaftServer (RaftServerProxy.java:initGroupDir(263)) - 5317d628-7528-4015-930b-d89d4a444778: The directory /home/runner/work/ozone/ozone/hadoop-ozone/integration-test/target/test-dir/MiniOzoneClusterImpl-811b16cb-c214-4c75-bdb2-1b437bba6cdf/datanode-1/data/ratis/tmp is not a group directory; ignoring it. 
2023-09-29 12:51:13,591 [main] INFO  replication.ReplicationServer (ReplicationServer.java:<init>(83)) - Initializing replication server with thread count = 10 queue length = 4096
2023-09-29 12:51:13,593 [main] INFO  server.XceiverServerGrpc (XceiverServerGrpc.java:<init>(132)) - GrpcServer channel type EpollServerSocketChannel
2023-09-29 12:51:13,596 [main] INFO  replication.ReplicationSupervisor (ReplicationSupervisor.java:build(155)) - Initializing replication supervisor with thread count = 10
2023-09-29 12:51:13,596 [main] INFO  replication.ReplicationSupervisor (ReplicationSupervisor.java:nodeStateUpdated(307)) - Node state updated to IN_SERVICE, scaling executor pool size to 10
2023-09-29 12:51:13,604 [main] INFO  http.BaseHttpServer (BaseHttpServer.java:newHttpServer2BuilderForOzone(223)) - Starting Web-server for hddsDatanode at: http://0.0.0.0:15018
2023-09-29 12:51:13,604 [main] INFO  http.BaseHttpServer (BaseHttpServer.java:<init>(110)) - Hadoop Security Enabled: false Ozone Security Enabled: false Ozone HTTP Security Enabled: false 
2023-09-29 12:51:13,606 [main] WARN  server.AuthenticationFilter (AuthenticationFilter.java:constructSecretProvider(240)) - Unable to initialize FileSignerSecretProvider, falling back to use random secrets. Reason: Could not read signature secret file: /home/runner/hadoop-http-auth-signature-secret
2023-09-29 12:51:13,612 [Datanode State Machine Task Thread - 0] INFO  datanode.InitDatanodeState (InitDatanodeState.java:persistContainerDatanodeDetails(138)) - DatanodeDetails is persisted to /home/runner/work/ozone/ozone/hadoop-ozone/integration-test/target/test-dir/MiniOzoneClusterImpl-811b16cb-c214-4c75-bdb2-1b437bba6cdf/datanode-0/meta/datanode.id
2023-09-29 12:51:13,612 [main] INFO  http.HttpRequestLog (HttpRequestLog.java:getRequestLog(86)) - Http request log for http.requests.hddsDatanode is not defined
2023-09-29 12:51:13,614 [main] INFO  http.HttpServer2 (HttpServer2.java:addGlobalFilter(1031)) - Added global filter 'safety' (class=org.apache.hadoop.hdds.server.http.HttpServer2$QuotingInputFilter)
2023-09-29 12:51:13,615 [main] INFO  http.HttpServer2 (HttpServer2.java:addFilter(1007)) - Added filter static_user_filter (class=org.apache.hadoop.http.lib.StaticUserWebFilter$StaticUserFilter) to context hddsDatanode
2023-09-29 12:51:13,615 [main] INFO  http.HttpServer2 (HttpServer2.java:addFilter(1015)) - Added filter static_user_filter (class=org.apache.hadoop.http.lib.StaticUserWebFilter$StaticUserFilter) to context static
2023-09-29 12:51:13,615 [main] INFO  http.HttpServer2 (HttpServer2.java:addFilter(1015)) - Added filter static_user_filter (class=org.apache.hadoop.http.lib.StaticUserWebFilter$StaticUserFilter) to context logs
2023-09-29 12:51:13,616 [main] INFO  http.BaseHttpServer (BaseHttpServer.java:<init>(189)) - HTTP server of hddsDatanode uses base directory /home/runner/work/ozone/ozone/hadoop-ozone/integration-test/target/test-dir/MiniOzoneClusterImpl-811b16cb-c214-4c75-bdb2-1b437bba6cdf/datanode-1/meta/webserver
2023-09-29 12:51:13,617 [main] INFO  http.HttpServer2 (HttpServer2.java:bindListener(1231)) - Jetty bound to port 15018
2023-09-29 12:51:13,617 [main] INFO  server.Server (Server.java:doStart(375)) - jetty-9.4.52.v20230823; built: 2023-08-23T19:29:37.669Z; git: abdcda73818a1a2c705da276edb0bf6581e7997e; jvm 1.8.0_382-b05
2023-09-29 12:51:13,624 [main] INFO  server.session (DefaultSessionIdManager.java:doStart(334)) - DefaultSessionIdManager workerName=node0
2023-09-29 12:51:13,624 [main] INFO  server.session (DefaultSessionIdManager.java:doStart(339)) - No SessionScavenger set, using defaults
2023-09-29 12:51:13,624 [main] INFO  server.session (HouseKeeper.java:startScavenging(132)) - node0 Scavenging every 660000ms
2023-09-29 12:51:13,625 [main] INFO  handler.ContextHandler (ContextHandler.java:doStart(921)) - Started o.e.j.s.ServletContextHandler@4457fec{logs,/logs,file:///home/runner/work/ozone/ozone/hadoop-ozone/integration-test/target/log,AVAILABLE}
2023-09-29 12:51:13,626 [main] INFO  handler.ContextHandler (ContextHandler.java:doStart(921)) - Started o.e.j.s.ServletContextHandler@5d113435{static,/static,jar:file:/home/runner/.m2/repository/org/apache/ozone/hdds-container-service/1.4.0-SNAPSHOT/hdds-container-service-1.4.0-SNAPSHOT.jar!/webapps/static,AVAILABLE}
2023-09-29 12:51:13,891 [main] INFO  handler.ContextHandler (ContextHandler.java:doStart(921)) - Started o.e.j.w.WebAppContext@268d586a{hddsDatanode,/,file:///home/runner/work/ozone/ozone/hadoop-ozone/integration-test/target/tmp/kms/webapp/,AVAILABLE}{jar:file:/home/runner/.m2/repository/org/apache/ozone/hdds-container-service/1.4.0-SNAPSHOT/hdds-container-service-1.4.0-SNAPSHOT.jar!/webapps/hddsDatanode}
2023-09-29 12:51:13,893 [main] INFO  server.AbstractConnector (AbstractConnector.java:doStart(333)) - Started ServerConnector@59a45b95{HTTP/1.1, (http/1.1)}{0.0.0.0:15018}
2023-09-29 12:51:13,894 [main] INFO  server.Server (Server.java:doStart(415)) - Started @14054ms
2023-09-29 12:51:13,894 [main] WARN  impl.MetricsSystemImpl (MetricsSystemImpl.java:register(279)) - Sink prometheus already exists!
2023-09-29 12:51:13,895 [main] INFO  http.BaseHttpServer (BaseHttpServer.java:updateConnectorAddress(354)) - HTTP server of hddsDatanode listening at http://0.0.0.0:15018
2023-09-29 12:51:13,895 [main] INFO  ipc.CallQueueManager (CallQueueManager.java:<init>(90)) - Using callQueue: class java.util.concurrent.LinkedBlockingQueue, queueCapacity: 100, scheduler: class org.apache.hadoop.ipc.DefaultRpcScheduler, ipcBackoff: false.
2023-09-29 12:51:13,896 [main] INFO  ipc.Server (Server.java:<init>(1287)) - Listener at 0.0.0.0:15019
2023-09-29 12:51:13,899 [Socket Reader #1 for port 15019] INFO  ipc.Server (Server.java:run(1323)) - Starting Socket Reader #1 for port 15019
2023-09-29 12:51:13,904 [main] INFO  ozone.HddsDatanodeService (HddsDatanodeService.java:start(315)) - Datanode start with admins: [runner]
2023-09-29 12:51:13,905 [main] INFO  ozone.HddsDatanodeClientProtocolServer (HddsDatanodeClientProtocolServer.java:start(72)) - RPC server for Client /0.0.0.0:15019
2023-09-29 12:51:13,906 [IPC Server Responder] INFO  ipc.Server (Server.java:run(1562)) - IPC Server Responder: starting
2023-09-29 12:51:13,906 [IPC Server listener on 15019] INFO  ipc.Server (Server.java:run(1402)) - IPC Server listener on 15019: starting
2023-09-29 12:51:13,907 [main] WARN  impl.MetricRegistriesImpl (MetricRegistriesImpl.java:addReporterRegistration(111)) - New reporters are added after registries were created. Some metrics will be missing from the reporter. Please add reporter before adding any new registry.
2023-09-29 12:51:13,907 [main] WARN  impl.MetricRegistriesImpl (MetricRegistriesImpl.java:addReporterRegistration(111)) - New reporters are added after registries were created. Some metrics will be missing from the reporter. Please add reporter before adding any new registry.
2023-09-29 12:51:13,907 [main] INFO  impl.MetricsSystemImpl (MetricsSystemImpl.java:init(158)) - HddsDatanode metrics system started (again)
2023-09-29 12:51:13,923 [Datanode State Machine Daemon Thread] INFO  statemachine.DatanodeStateMachine (DatanodeStateMachine.java:lambda$startDaemon$0(539)) - Ozone container server started.
2023-09-29 12:51:13,938 [main] INFO  ozone.HddsDatanodeService (HddsDatanodeService.java:start(237)) - HddsDatanodeService host:fv-az238-384.lrtv1j1tcsgurjp4mtmc3vvjre.gx.internal.cloudapp.net ip:10.1.0.70
2023-09-29 12:51:13,957 [Datanode State Machine Task Thread - 0] INFO  datanode.InitDatanodeState (InitDatanodeState.java:persistContainerDatanodeDetails(138)) - DatanodeDetails is persisted to /home/runner/work/ozone/ozone/hadoop-ozone/integration-test/target/test-dir/MiniOzoneClusterImpl-811b16cb-c214-4c75-bdb2-1b437bba6cdf/datanode-1/meta/datanode.id
2023-09-29 12:51:13,976 [main] INFO  upgrade.AbstractLayoutVersionManager (AbstractLayoutVersionManager.java:init(83)) - Initializing Layout version manager with metadata layout = HADOOP_PRC_PORTS_IN_DATANODEDETAILS (version = 7), software layout = HADOOP_PRC_PORTS_IN_DATANODEDETAILS (version = 7)
2023-09-29 12:51:13,977 [main] INFO  statemachine.DatanodeStateMachine (DatanodeStateMachine.java:getEndPointTaskThreadPoolSize(283)) - Datanode State Machine Task Thread Pool size 2
2023-09-29 12:51:13,982 [main] INFO  volume.HddsVolume (HddsVolume.java:<init>(126)) - Creating HddsVolume: /home/runner/work/ozone/ozone/hadoop-ozone/integration-test/target/test-dir/MiniOzoneClusterImpl-811b16cb-c214-4c75-bdb2-1b437bba6cdf/datanode-2/data-0/containers/hdds of storage type : DISK capacity : 9223372036854775807
2023-09-29 12:51:13,983 [main] INFO  volume.MutableVolumeSet (MutableVolumeSet.java:initializeVolumeSet(173)) - Added Volume : /home/runner/work/ozone/ozone/hadoop-ozone/integration-test/target/test-dir/MiniOzoneClusterImpl-811b16cb-c214-4c75-bdb2-1b437bba6cdf/datanode-2/data-0/containers/hdds to VolumeSet
2023-09-29 12:51:13,984 [main] INFO  volume.MutableVolumeSet (MutableVolumeSet.java:initializeVolumeSet(173)) - Added Volume : /home/runner/work/ozone/ozone/hadoop-ozone/integration-test/target/test-dir/MiniOzoneClusterImpl-811b16cb-c214-4c75-bdb2-1b437bba6cdf/datanode-2/data/ratis to VolumeSet
2023-09-29 12:51:13,985 [Thread-188] INFO  ozoneimpl.ContainerReader (ContainerReader.java:readVolume(177)) - Finish verifying containers on volume /home/runner/work/ozone/ozone/hadoop-ozone/integration-test/target/test-dir/MiniOzoneClusterImpl-811b16cb-c214-4c75-bdb2-1b437bba6cdf/datanode-2/data-0/containers/hdds
2023-09-29 12:51:13,985 [main] INFO  ozoneimpl.OzoneContainer (OzoneContainer.java:buildContainerSet(314)) - Build ContainerSet costs 0s
2023-09-29 12:51:13,989 [main] INFO  server.RaftServer (ConfUtils.java:logGet(46)) - raft.rpc.type = GRPC (default)
2023-09-29 12:51:13,989 [main] INFO  grpc.GrpcConfigKeys (ConfUtils.java:logFallback(53)) - raft.grpc.admin.host = null (fallback to raft.grpc.server.host)
2023-09-29 12:51:13,990 [main] INFO  grpc.GrpcConfigKeys (ConfUtils.java:logGet(46)) - raft.grpc.admin.port = 15031 (custom)
2023-09-29 12:51:13,990 [main] INFO  grpc.GrpcConfigKeys (ConfUtils.java:logFallback(53)) - raft.grpc.client.host = null (fallback to raft.grpc.server.host)
2023-09-29 12:51:13,990 [main] INFO  grpc.GrpcConfigKeys (ConfUtils.java:logGet(46)) - raft.grpc.client.port = 15030 (custom)
2023-09-29 12:51:13,990 [main] INFO  grpc.GrpcConfigKeys (ConfUtils.java:logGet(46)) - raft.grpc.server.host = null (default)
2023-09-29 12:51:13,990 [main] INFO  grpc.GrpcConfigKeys (ConfUtils.java:logGet(46)) - raft.grpc.server.port = 15032 (custom)
2023-09-29 12:51:13,992 [main] INFO  server.GrpcService (ConfUtils.java:logGet(46)) - raft.grpc.message.size.max = 32MB (=33554432) (custom)
2023-09-29 12:51:13,993 [main] INFO  server.RaftServerConfigKeys (ConfUtils.java:logGet(46)) - raft.server.log.appender.buffer.byte-limit = 33554432 (custom)
2023-09-29 12:51:13,993 [main] INFO  server.GrpcService (ConfUtils.java:logGet(46)) - raft.grpc.flow.control.window = 5MB (=5242880) (custom)
2023-09-29 12:51:13,994 [main] INFO  server.RaftServerConfigKeys (ConfUtils.java:logGet(46)) - raft.server.rpc.request.timeout = 60s (custom)
2023-09-29 12:51:13,997 [main] INFO  grpc.GrpcConfigKeys (ConfUtils.java:logGet(46)) - raft.grpc.server.heartbeat.channel = true (default)
2023-09-29 12:51:13,997 [main] INFO  grpc.GrpcConfigKeys (ConfUtils.java:logGet(46)) - raft.grpc.server.async.request.thread.pool.cached = true (default)
2023-09-29 12:51:13,998 [main] INFO  grpc.GrpcConfigKeys (ConfUtils.java:logGet(46)) - raft.grpc.server.async.request.thread.pool.size = 32 (default)
2023-09-29 12:51:14,001 [main] INFO  impl.DataStreamServerImpl (ConfUtils.java:logGet(46)) - raft.datastream.type = NETTY (custom)
2023-09-29 12:51:14,001 [main] INFO  server.RaftServerConfigKeys (ConfUtils.java:logGet(46)) - raft.server.data-stream.async.request.thread.pool.cached = false (default)
2023-09-29 12:51:14,002 [main] INFO  server.RaftServerConfigKeys (ConfUtils.java:logGet(46)) - raft.server.data-stream.async.request.thread.pool.size = 20 (custom)
2023-09-29 12:51:14,002 [main] INFO  server.RaftServerConfigKeys (ConfUtils.java:logGet(46)) - raft.server.data-stream.async.write.thread.pool.size = 16 (default)
2023-09-29 12:51:14,003 [main] INFO  server.RaftServerConfigKeys (ConfUtils.java:logGet(46)) - raft.server.data-stream.client.pool.size = 10 (default)
2023-09-29 12:51:14,003 [main] INFO  netty.NettyConfigKeys$DataStream (ConfUtils.java:logGet(46)) - raft.netty.dataStream.server.use-epoll = false (default)
2023-09-29 12:51:14,003 [main] INFO  netty.NettyConfigKeys$DataStream (ConfUtils.java:logGet(46)) - raft.netty.dataStream.server.boss-group.size = 0 (default)
2023-09-29 12:51:14,004 [main] INFO  netty.NettyConfigKeys$DataStream (ConfUtils.java:logGet(46)) - raft.netty.dataStream.server.worker-group.size = 0 (default)
2023-09-29 12:51:14,005 [main] INFO  netty.NettyConfigKeys$DataStream (ConfUtils.java:logGet(46)) - raft.netty.dataStream.server.tls.conf = null (default)
2023-09-29 12:51:14,005 [main] INFO  netty.NettyConfigKeys$DataStream (ConfUtils.java:logGet(46)) - raft.netty.dataStream.host = null (default)
2023-09-29 12:51:14,005 [main] INFO  netty.NettyConfigKeys$DataStream (ConfUtils.java:logGet(46)) - raft.netty.dataStream.port = 15033 (custom)
2023-09-29 12:51:14,006 [main] INFO  server.RaftServerConfigKeys (ConfUtils.java:logGet(46)) - raft.server.threadpool.proxy.cached = true (default)
2023-09-29 12:51:14,006 [main] INFO  server.RaftServerConfigKeys (ConfUtils.java:logGet(46)) - raft.server.threadpool.proxy.size = 0 (default)
2023-09-29 12:51:14,006 [main] INFO  server.RaftServerConfigKeys (ConfUtils.java:logGet(46)) - raft.server.rpc.slowness.timeout = 300s (custom)
2023-09-29 12:51:14,006 [main] INFO  server.RaftServerConfigKeys (ConfUtils.java:logGet(46)) - raft.server.leaderelection.leader.step-down.wait-time = 10s (default)
2023-09-29 12:51:14,007 [main] INFO  server.RaftServerConfigKeys (ConfUtils.java:logGet(46)) - raft.server.storage.dir = [/home/runner/work/ozone/ozone/hadoop-ozone/integration-test/target/test-dir/MiniOzoneClusterImpl-811b16cb-c214-4c75-bdb2-1b437bba6cdf/datanode-2/data/ratis] (custom)
2023-09-29 12:51:14,008 [9305807b-68e0-4de4-9f06-795e0c374ac6-NettyServerStreamRpc-bossGroup--thread1] INFO  logging.LoggingHandler (AbstractInternalLogger.java:log(148)) - [id: 0x061bffb6] REGISTERED
2023-09-29 12:51:14,009 [9305807b-68e0-4de4-9f06-795e0c374ac6-NettyServerStreamRpc-bossGroup--thread1] INFO  logging.LoggingHandler (AbstractInternalLogger.java:log(148)) - [id: 0x061bffb6] BIND: 0.0.0.0/0.0.0.0:15033
2023-09-29 12:51:14,009 [9305807b-68e0-4de4-9f06-795e0c374ac6-impl-thread1] INFO  server.RaftServer (RaftServerProxy.java:initGroupDir(258)) - 9305807b-68e0-4de4-9f06-795e0c374ac6: found a subdirectory /home/runner/work/ozone/ozone/hadoop-ozone/integration-test/target/test-dir/MiniOzoneClusterImpl-811b16cb-c214-4c75-bdb2-1b437bba6cdf/datanode-2/data/ratis/tmp
2023-09-29 12:51:14,009 [9305807b-68e0-4de4-9f06-795e0c374ac6-impl-thread1] INFO  server.RaftServer (RaftServerProxy.java:initGroupDir(263)) - 9305807b-68e0-4de4-9f06-795e0c374ac6: The directory /home/runner/work/ozone/ozone/hadoop-ozone/integration-test/target/test-dir/MiniOzoneClusterImpl-811b16cb-c214-4c75-bdb2-1b437bba6cdf/datanode-2/data/ratis/tmp is not a group directory; ignoring it. 
2023-09-29 12:51:14,009 [main] INFO  replication.ReplicationServer (ReplicationServer.java:<init>(83)) - Initializing replication server with thread count = 10 queue length = 4096
2023-09-29 12:51:14,009 [9305807b-68e0-4de4-9f06-795e0c374ac6-NettyServerStreamRpc-bossGroup--thread1] INFO  logging.LoggingHandler (AbstractInternalLogger.java:log(148)) - [id: 0x061bffb6, L:/0:0:0:0:0:0:0:0:15033] ACTIVE
2023-09-29 12:51:14,011 [main] INFO  server.XceiverServerGrpc (XceiverServerGrpc.java:<init>(132)) - GrpcServer channel type EpollServerSocketChannel
2023-09-29 12:51:14,070 [main] INFO  replication.ReplicationSupervisor (ReplicationSupervisor.java:build(155)) - Initializing replication supervisor with thread count = 10
2023-09-29 12:51:14,071 [main] INFO  replication.ReplicationSupervisor (ReplicationSupervisor.java:nodeStateUpdated(307)) - Node state updated to IN_SERVICE, scaling executor pool size to 10
2023-09-29 12:51:14,082 [main] INFO  http.BaseHttpServer (BaseHttpServer.java:newHttpServer2BuilderForOzone(223)) - Starting Web-server for hddsDatanode at: http://0.0.0.0:15027
2023-09-29 12:51:14,082 [main] INFO  http.BaseHttpServer (BaseHttpServer.java:<init>(110)) - Hadoop Security Enabled: false Ozone Security Enabled: false Ozone HTTP Security Enabled: false 
2023-09-29 12:51:14,084 [main] WARN  server.AuthenticationFilter (AuthenticationFilter.java:constructSecretProvider(240)) - Unable to initialize FileSignerSecretProvider, falling back to use random secrets. Reason: Could not read signature secret file: /home/runner/hadoop-http-auth-signature-secret
2023-09-29 12:51:14,091 [main] INFO  http.HttpRequestLog (HttpRequestLog.java:getRequestLog(86)) - Http request log for http.requests.hddsDatanode is not defined
2023-09-29 12:51:14,093 [main] INFO  http.HttpServer2 (HttpServer2.java:addGlobalFilter(1031)) - Added global filter 'safety' (class=org.apache.hadoop.hdds.server.http.HttpServer2$QuotingInputFilter)
2023-09-29 12:51:14,094 [main] INFO  http.HttpServer2 (HttpServer2.java:addFilter(1007)) - Added filter static_user_filter (class=org.apache.hadoop.http.lib.StaticUserWebFilter$StaticUserFilter) to context hddsDatanode
2023-09-29 12:51:14,094 [main] INFO  http.HttpServer2 (HttpServer2.java:addFilter(1015)) - Added filter static_user_filter (class=org.apache.hadoop.http.lib.StaticUserWebFilter$StaticUserFilter) to context static
2023-09-29 12:51:14,094 [main] INFO  http.HttpServer2 (HttpServer2.java:addFilter(1015)) - Added filter static_user_filter (class=org.apache.hadoop.http.lib.StaticUserWebFilter$StaticUserFilter) to context logs
2023-09-29 12:51:14,095 [main] INFO  http.BaseHttpServer (BaseHttpServer.java:<init>(189)) - HTTP server of hddsDatanode uses base directory /home/runner/work/ozone/ozone/hadoop-ozone/integration-test/target/test-dir/MiniOzoneClusterImpl-811b16cb-c214-4c75-bdb2-1b437bba6cdf/datanode-2/meta/webserver
2023-09-29 12:51:14,095 [main] INFO  http.HttpServer2 (HttpServer2.java:bindListener(1231)) - Jetty bound to port 15027
2023-09-29 12:51:14,095 [main] INFO  server.Server (Server.java:doStart(375)) - jetty-9.4.52.v20230823; built: 2023-08-23T19:29:37.669Z; git: abdcda73818a1a2c705da276edb0bf6581e7997e; jvm 1.8.0_382-b05
2023-09-29 12:51:14,123 [main] INFO  server.session (DefaultSessionIdManager.java:doStart(334)) - DefaultSessionIdManager workerName=node0
2023-09-29 12:51:14,124 [main] INFO  server.session (DefaultSessionIdManager.java:doStart(339)) - No SessionScavenger set, using defaults
2023-09-29 12:51:14,124 [main] INFO  server.session (HouseKeeper.java:startScavenging(132)) - node0 Scavenging every 660000ms
2023-09-29 12:51:14,126 [main] INFO  handler.ContextHandler (ContextHandler.java:doStart(921)) - Started o.e.j.s.ServletContextHandler@317162ca{logs,/logs,file:///home/runner/work/ozone/ozone/hadoop-ozone/integration-test/target/log,AVAILABLE}
2023-09-29 12:51:14,127 [main] INFO  handler.ContextHandler (ContextHandler.java:doStart(921)) - Started o.e.j.s.ServletContextHandler@25453882{static,/static,jar:file:/home/runner/.m2/repository/org/apache/ozone/hdds-container-service/1.4.0-SNAPSHOT/hdds-container-service-1.4.0-SNAPSHOT.jar!/webapps/static,AVAILABLE}
2023-09-29 12:51:14,415 [main] INFO  handler.ContextHandler (ContextHandler.java:doStart(921)) - Started o.e.j.w.WebAppContext@2a9be4b9{hddsDatanode,/,file:///home/runner/work/ozone/ozone/hadoop-ozone/integration-test/target/tmp/kms/webapp/,AVAILABLE}{jar:file:/home/runner/.m2/repository/org/apache/ozone/hdds-container-service/1.4.0-SNAPSHOT/hdds-container-service-1.4.0-SNAPSHOT.jar!/webapps/hddsDatanode}
2023-09-29 12:51:14,416 [main] INFO  server.AbstractConnector (AbstractConnector.java:doStart(333)) - Started ServerConnector@7d895d8e{HTTP/1.1, (http/1.1)}{0.0.0.0:15027}
2023-09-29 12:51:14,416 [main] INFO  server.Server (Server.java:doStart(415)) - Started @14577ms
2023-09-29 12:51:14,417 [main] WARN  impl.MetricsSystemImpl (MetricsSystemImpl.java:register(279)) - Sink prometheus already exists!
2023-09-29 12:51:14,417 [main] INFO  http.BaseHttpServer (BaseHttpServer.java:updateConnectorAddress(354)) - HTTP server of hddsDatanode listening at http://0.0.0.0:15027
2023-09-29 12:51:14,418 [main] INFO  ipc.CallQueueManager (CallQueueManager.java:<init>(90)) - Using callQueue: class java.util.concurrent.LinkedBlockingQueue, queueCapacity: 100, scheduler: class org.apache.hadoop.ipc.DefaultRpcScheduler, ipcBackoff: false.
2023-09-29 12:51:14,418 [main] INFO  ipc.Server (Server.java:<init>(1287)) - Listener at 0.0.0.0:15028
2023-09-29 12:51:14,419 [Socket Reader #1 for port 15028] INFO  ipc.Server (Server.java:run(1323)) - Starting Socket Reader #1 for port 15028
2023-09-29 12:51:14,421 [main] INFO  ozone.HddsDatanodeService (HddsDatanodeService.java:start(315)) - Datanode start with admins: [runner]
2023-09-29 12:51:14,422 [main] INFO  ozone.HddsDatanodeClientProtocolServer (HddsDatanodeClientProtocolServer.java:start(72)) - RPC server for Client /0.0.0.0:15028
2023-09-29 12:51:14,422 [IPC Server Responder] INFO  ipc.Server (Server.java:run(1562)) - IPC Server Responder: starting
2023-09-29 12:51:14,427 [IPC Server listener on 15028] INFO  ipc.Server (Server.java:run(1402)) - IPC Server listener on 15028: starting
2023-09-29 12:51:14,427 [Datanode State Machine Daemon Thread] INFO  statemachine.DatanodeStateMachine (DatanodeStateMachine.java:lambda$startDaemon$0(539)) - Ozone container server started.
2023-09-29 12:51:14,427 [main] WARN  impl.MetricRegistriesImpl (MetricRegistriesImpl.java:addReporterRegistration(111)) - New reporters are added after registries were created. Some metrics will be missing from the reporter. Please add reporter before adding any new registry.
2023-09-29 12:51:14,429 [main] WARN  impl.MetricRegistriesImpl (MetricRegistriesImpl.java:addReporterRegistration(111)) - New reporters are added after registries were created. Some metrics will be missing from the reporter. Please add reporter before adding any new registry.
2023-09-29 12:51:14,430 [main] INFO  impl.MetricsSystemImpl (MetricsSystemImpl.java:init(158)) - HddsDatanode metrics system started (again)
2023-09-29 12:51:14,457 [Datanode State Machine Task Thread - 0] INFO  datanode.InitDatanodeState (InitDatanodeState.java:persistContainerDatanodeDetails(138)) - DatanodeDetails is persisted to /home/runner/work/ozone/ozone/hadoop-ozone/integration-test/target/test-dir/MiniOzoneClusterImpl-811b16cb-c214-4c75-bdb2-1b437bba6cdf/datanode-2/meta/datanode.id
2023-09-29 12:51:14,461 [main] INFO  ozone.HddsDatanodeService (HddsDatanodeService.java:start(237)) - HddsDatanodeService host:fv-az238-384.lrtv1j1tcsgurjp4mtmc3vvjre.gx.internal.cloudapp.net ip:10.1.0.70
2023-09-29 12:51:14,498 [main] INFO  upgrade.AbstractLayoutVersionManager (AbstractLayoutVersionManager.java:init(83)) - Initializing Layout version manager with metadata layout = HADOOP_PRC_PORTS_IN_DATANODEDETAILS (version = 7), software layout = HADOOP_PRC_PORTS_IN_DATANODEDETAILS (version = 7)
2023-09-29 12:51:14,500 [main] INFO  statemachine.DatanodeStateMachine (DatanodeStateMachine.java:getEndPointTaskThreadPoolSize(283)) - Datanode State Machine Task Thread Pool size 2
2023-09-29 12:51:14,504 [main] INFO  volume.HddsVolume (HddsVolume.java:<init>(126)) - Creating HddsVolume: /home/runner/work/ozone/ozone/hadoop-ozone/integration-test/target/test-dir/MiniOzoneClusterImpl-811b16cb-c214-4c75-bdb2-1b437bba6cdf/datanode-3/data-0/containers/hdds of storage type : DISK capacity : 9223372036854775807
2023-09-29 12:51:14,504 [main] INFO  volume.MutableVolumeSet (MutableVolumeSet.java:initializeVolumeSet(173)) - Added Volume : /home/runner/work/ozone/ozone/hadoop-ozone/integration-test/target/test-dir/MiniOzoneClusterImpl-811b16cb-c214-4c75-bdb2-1b437bba6cdf/datanode-3/data-0/containers/hdds to VolumeSet
2023-09-29 12:51:14,512 [main] INFO  volume.MutableVolumeSet (MutableVolumeSet.java:initializeVolumeSet(173)) - Added Volume : /home/runner/work/ozone/ozone/hadoop-ozone/integration-test/target/test-dir/MiniOzoneClusterImpl-811b16cb-c214-4c75-bdb2-1b437bba6cdf/datanode-3/data/ratis to VolumeSet
2023-09-29 12:51:14,518 [Thread-205] INFO  ozoneimpl.ContainerReader (ContainerReader.java:readVolume(177)) - Finish verifying containers on volume /home/runner/work/ozone/ozone/hadoop-ozone/integration-test/target/test-dir/MiniOzoneClusterImpl-811b16cb-c214-4c75-bdb2-1b437bba6cdf/datanode-3/data-0/containers/hdds
2023-09-29 12:51:14,518 [main] INFO  ozoneimpl.OzoneContainer (OzoneContainer.java:buildContainerSet(314)) - Build ContainerSet costs 0s
2023-09-29 12:51:14,522 [main] INFO  server.RaftServer (ConfUtils.java:logGet(46)) - raft.rpc.type = GRPC (default)
2023-09-29 12:51:14,522 [main] INFO  grpc.GrpcConfigKeys (ConfUtils.java:logFallback(53)) - raft.grpc.admin.host = null (fallback to raft.grpc.server.host)
2023-09-29 12:51:14,523 [main] INFO  grpc.GrpcConfigKeys (ConfUtils.java:logGet(46)) - raft.grpc.admin.port = 15040 (custom)
2023-09-29 12:51:14,523 [main] INFO  grpc.GrpcConfigKeys (ConfUtils.java:logFallback(53)) - raft.grpc.client.host = null (fallback to raft.grpc.server.host)
2023-09-29 12:51:14,523 [main] INFO  grpc.GrpcConfigKeys (ConfUtils.java:logGet(46)) - raft.grpc.client.port = 15039 (custom)
2023-09-29 12:51:14,523 [main] INFO  grpc.GrpcConfigKeys (ConfUtils.java:logGet(46)) - raft.grpc.server.host = null (default)
2023-09-29 12:51:14,524 [main] INFO  grpc.GrpcConfigKeys (ConfUtils.java:logGet(46)) - raft.grpc.server.port = 15041 (custom)
2023-09-29 12:51:14,524 [main] INFO  server.GrpcService (ConfUtils.java:logGet(46)) - raft.grpc.message.size.max = 32MB (=33554432) (custom)
2023-09-29 12:51:14,525 [main] INFO  server.RaftServerConfigKeys (ConfUtils.java:logGet(46)) - raft.server.log.appender.buffer.byte-limit = 33554432 (custom)
2023-09-29 12:51:14,525 [main] INFO  server.GrpcService (ConfUtils.java:logGet(46)) - raft.grpc.flow.control.window = 5MB (=5242880) (custom)
2023-09-29 12:51:14,525 [main] INFO  server.RaftServerConfigKeys (ConfUtils.java:logGet(46)) - raft.server.rpc.request.timeout = 60s (custom)
2023-09-29 12:51:14,526 [main] INFO  grpc.GrpcConfigKeys (ConfUtils.java:logGet(46)) - raft.grpc.server.heartbeat.channel = true (default)
2023-09-29 12:51:14,526 [main] INFO  grpc.GrpcConfigKeys (ConfUtils.java:logGet(46)) - raft.grpc.server.async.request.thread.pool.cached = true (default)
2023-09-29 12:51:14,527 [main] INFO  grpc.GrpcConfigKeys (ConfUtils.java:logGet(46)) - raft.grpc.server.async.request.thread.pool.size = 32 (default)
2023-09-29 12:51:14,535 [main] INFO  impl.DataStreamServerImpl (ConfUtils.java:logGet(46)) - raft.datastream.type = NETTY (custom)
2023-09-29 12:51:14,536 [main] INFO  server.RaftServerConfigKeys (ConfUtils.java:logGet(46)) - raft.server.data-stream.async.request.thread.pool.cached = false (default)
2023-09-29 12:51:14,536 [main] INFO  server.RaftServerConfigKeys (ConfUtils.java:logGet(46)) - raft.server.data-stream.async.request.thread.pool.size = 20 (custom)
2023-09-29 12:51:14,537 [main] INFO  server.RaftServerConfigKeys (ConfUtils.java:logGet(46)) - raft.server.data-stream.async.write.thread.pool.size = 16 (default)
2023-09-29 12:51:14,537 [main] INFO  server.RaftServerConfigKeys (ConfUtils.java:logGet(46)) - raft.server.data-stream.client.pool.size = 10 (default)
2023-09-29 12:51:14,538 [main] INFO  netty.NettyConfigKeys$DataStream (ConfUtils.java:logGet(46)) - raft.netty.dataStream.server.use-epoll = false (default)
2023-09-29 12:51:14,538 [main] INFO  netty.NettyConfigKeys$DataStream (ConfUtils.java:logGet(46)) - raft.netty.dataStream.server.boss-group.size = 0 (default)
2023-09-29 12:51:14,540 [main] INFO  netty.NettyConfigKeys$DataStream (ConfUtils.java:logGet(46)) - raft.netty.dataStream.server.worker-group.size = 0 (default)
2023-09-29 12:51:14,540 [main] INFO  netty.NettyConfigKeys$DataStream (ConfUtils.java:logGet(46)) - raft.netty.dataStream.server.tls.conf = null (default)
2023-09-29 12:51:14,540 [main] INFO  netty.NettyConfigKeys$DataStream (ConfUtils.java:logGet(46)) - raft.netty.dataStream.host = null (default)
2023-09-29 12:51:14,541 [main] INFO  netty.NettyConfigKeys$DataStream (ConfUtils.java:logGet(46)) - raft.netty.dataStream.port = 15042 (custom)
2023-09-29 12:51:14,546 [main] INFO  server.RaftServerConfigKeys (ConfUtils.java:logGet(46)) - raft.server.threadpool.proxy.cached = true (default)
2023-09-29 12:51:14,546 [main] INFO  server.RaftServerConfigKeys (ConfUtils.java:logGet(46)) - raft.server.threadpool.proxy.size = 0 (default)
2023-09-29 12:51:14,546 [main] INFO  server.RaftServerConfigKeys (ConfUtils.java:logGet(46)) - raft.server.rpc.slowness.timeout = 300s (custom)
2023-09-29 12:51:14,546 [main] INFO  server.RaftServerConfigKeys (ConfUtils.java:logGet(46)) - raft.server.leaderelection.leader.step-down.wait-time = 10s (default)
2023-09-29 12:51:14,547 [main] INFO  server.RaftServerConfigKeys (ConfUtils.java:logGet(46)) - raft.server.storage.dir = [/home/runner/work/ozone/ozone/hadoop-ozone/integration-test/target/test-dir/MiniOzoneClusterImpl-811b16cb-c214-4c75-bdb2-1b437bba6cdf/datanode-3/data/ratis] (custom)
2023-09-29 12:51:14,553 [6f9d3266-b874-4586-a718-9027df6ff647-NettyServerStreamRpc-bossGroup--thread1] INFO  logging.LoggingHandler (AbstractInternalLogger.java:log(148)) - [id: 0x3492111a] REGISTERED
2023-09-29 12:51:14,554 [6f9d3266-b874-4586-a718-9027df6ff647-NettyServerStreamRpc-bossGroup--thread1] INFO  logging.LoggingHandler (AbstractInternalLogger.java:log(148)) - [id: 0x3492111a] BIND: 0.0.0.0/0.0.0.0:15042
2023-09-29 12:51:14,554 [6f9d3266-b874-4586-a718-9027df6ff647-NettyServerStreamRpc-bossGroup--thread1] INFO  logging.LoggingHandler (AbstractInternalLogger.java:log(148)) - [id: 0x3492111a, L:/0:0:0:0:0:0:0:0:15042] ACTIVE
2023-09-29 12:51:14,559 [6f9d3266-b874-4586-a718-9027df6ff647-impl-thread1] INFO  server.RaftServer (RaftServerProxy.java:initGroupDir(258)) - 6f9d3266-b874-4586-a718-9027df6ff647: found a subdirectory /home/runner/work/ozone/ozone/hadoop-ozone/integration-test/target/test-dir/MiniOzoneClusterImpl-811b16cb-c214-4c75-bdb2-1b437bba6cdf/datanode-3/data/ratis/tmp
2023-09-29 12:51:14,559 [6f9d3266-b874-4586-a718-9027df6ff647-impl-thread1] INFO  server.RaftServer (RaftServerProxy.java:initGroupDir(263)) - 6f9d3266-b874-4586-a718-9027df6ff647: The directory /home/runner/work/ozone/ozone/hadoop-ozone/integration-test/target/test-dir/MiniOzoneClusterImpl-811b16cb-c214-4c75-bdb2-1b437bba6cdf/datanode-3/data/ratis/tmp is not a group directory; ignoring it. 
2023-09-29 12:51:14,559 [main] INFO  replication.ReplicationServer (ReplicationServer.java:<init>(83)) - Initializing replication server with thread count = 10 queue length = 4096
2023-09-29 12:51:14,561 [main] INFO  server.XceiverServerGrpc (XceiverServerGrpc.java:<init>(132)) - GrpcServer channel type EpollServerSocketChannel
2023-09-29 12:51:14,564 [main] INFO  replication.ReplicationSupervisor (ReplicationSupervisor.java:build(155)) - Initializing replication supervisor with thread count = 10
2023-09-29 12:51:14,564 [main] INFO  replication.ReplicationSupervisor (ReplicationSupervisor.java:nodeStateUpdated(307)) - Node state updated to IN_SERVICE, scaling executor pool size to 10
2023-09-29 12:51:14,568 [main] INFO  http.BaseHttpServer (BaseHttpServer.java:newHttpServer2BuilderForOzone(223)) - Starting Web-server for hddsDatanode at: http://0.0.0.0:15036
2023-09-29 12:51:14,568 [main] INFO  http.BaseHttpServer (BaseHttpServer.java:<init>(110)) - Hadoop Security Enabled: false Ozone Security Enabled: false Ozone HTTP Security Enabled: false 
2023-09-29 12:51:14,570 [main] WARN  server.AuthenticationFilter (AuthenticationFilter.java:constructSecretProvider(240)) - Unable to initialize FileSignerSecretProvider, falling back to use random secrets. Reason: Could not read signature secret file: /home/runner/hadoop-http-auth-signature-secret
2023-09-29 12:51:14,575 [main] INFO  http.HttpRequestLog (HttpRequestLog.java:getRequestLog(86)) - Http request log for http.requests.hddsDatanode is not defined
2023-09-29 12:51:14,576 [main] INFO  http.HttpServer2 (HttpServer2.java:addGlobalFilter(1031)) - Added global filter 'safety' (class=org.apache.hadoop.hdds.server.http.HttpServer2$QuotingInputFilter)
2023-09-29 12:51:14,577 [main] INFO  http.HttpServer2 (HttpServer2.java:addFilter(1007)) - Added filter static_user_filter (class=org.apache.hadoop.http.lib.StaticUserWebFilter$StaticUserFilter) to context hddsDatanode
2023-09-29 12:51:14,577 [main] INFO  http.HttpServer2 (HttpServer2.java:addFilter(1015)) - Added filter static_user_filter (class=org.apache.hadoop.http.lib.StaticUserWebFilter$StaticUserFilter) to context static
2023-09-29 12:51:14,578 [main] INFO  http.HttpServer2 (HttpServer2.java:addFilter(1015)) - Added filter static_user_filter (class=org.apache.hadoop.http.lib.StaticUserWebFilter$StaticUserFilter) to context logs
2023-09-29 12:51:14,578 [main] INFO  http.BaseHttpServer (BaseHttpServer.java:<init>(189)) - HTTP server of hddsDatanode uses base directory /home/runner/work/ozone/ozone/hadoop-ozone/integration-test/target/test-dir/MiniOzoneClusterImpl-811b16cb-c214-4c75-bdb2-1b437bba6cdf/datanode-3/meta/webserver
2023-09-29 12:51:14,578 [main] INFO  http.HttpServer2 (HttpServer2.java:bindListener(1231)) - Jetty bound to port 15036
2023-09-29 12:51:14,579 [main] INFO  server.Server (Server.java:doStart(375)) - jetty-9.4.52.v20230823; built: 2023-08-23T19:29:37.669Z; git: abdcda73818a1a2c705da276edb0bf6581e7997e; jvm 1.8.0_382-b05
2023-09-29 12:51:14,599 [main] INFO  server.session (DefaultSessionIdManager.java:doStart(334)) - DefaultSessionIdManager workerName=node0
2023-09-29 12:51:14,599 [main] INFO  server.session (DefaultSessionIdManager.java:doStart(339)) - No SessionScavenger set, using defaults
2023-09-29 12:51:14,600 [main] INFO  server.session (HouseKeeper.java:startScavenging(132)) - node0 Scavenging every 600000ms
2023-09-29 12:51:14,603 [main] INFO  handler.ContextHandler (ContextHandler.java:doStart(921)) - Started o.e.j.s.ServletContextHandler@5711c8e6{logs,/logs,file:///home/runner/work/ozone/ozone/hadoop-ozone/integration-test/target/log,AVAILABLE}
2023-09-29 12:51:14,604 [main] INFO  handler.ContextHandler (ContextHandler.java:doStart(921)) - Started o.e.j.s.ServletContextHandler@68cf49ac{static,/static,jar:file:/home/runner/.m2/repository/org/apache/ozone/hdds-container-service/1.4.0-SNAPSHOT/hdds-container-service-1.4.0-SNAPSHOT.jar!/webapps/static,AVAILABLE}
2023-09-29 12:51:14,857 [main] INFO  handler.ContextHandler (ContextHandler.java:doStart(921)) - Started o.e.j.w.WebAppContext@31a6626f{hddsDatanode,/,file:///home/runner/work/ozone/ozone/hadoop-ozone/integration-test/target/tmp/kms/webapp/,AVAILABLE}{jar:file:/home/runner/.m2/repository/org/apache/ozone/hdds-container-service/1.4.0-SNAPSHOT/hdds-container-service-1.4.0-SNAPSHOT.jar!/webapps/hddsDatanode}
2023-09-29 12:51:14,859 [main] INFO  server.AbstractConnector (AbstractConnector.java:doStart(333)) - Started ServerConnector@5a6003b1{HTTP/1.1, (http/1.1)}{0.0.0.0:15036}
2023-09-29 12:51:14,859 [main] INFO  server.Server (Server.java:doStart(415)) - Started @15020ms
2023-09-29 12:51:14,860 [main] WARN  impl.MetricsSystemImpl (MetricsSystemImpl.java:register(279)) - Sink prometheus already exists!
2023-09-29 12:51:14,860 [main] INFO  http.BaseHttpServer (BaseHttpServer.java:updateConnectorAddress(354)) - HTTP server of hddsDatanode listening at http://0.0.0.0:15036
2023-09-29 12:51:14,861 [main] INFO  ipc.CallQueueManager (CallQueueManager.java:<init>(90)) - Using callQueue: class java.util.concurrent.LinkedBlockingQueue, queueCapacity: 100, scheduler: class org.apache.hadoop.ipc.DefaultRpcScheduler, ipcBackoff: false.
2023-09-29 12:51:14,861 [main] INFO  ipc.Server (Server.java:<init>(1287)) - Listener at 0.0.0.0:15037
2023-09-29 12:51:14,867 [Socket Reader #1 for port 15037] INFO  ipc.Server (Server.java:run(1323)) - Starting Socket Reader #1 for port 15037
2023-09-29 12:51:14,878 [main] INFO  ozone.HddsDatanodeService (HddsDatanodeService.java:start(315)) - Datanode start with admins: [runner]
2023-09-29 12:51:14,878 [main] INFO  ozone.HddsDatanodeClientProtocolServer (HddsDatanodeClientProtocolServer.java:start(72)) - RPC server for Client /0.0.0.0:15037
2023-09-29 12:51:14,878 [IPC Server Responder] INFO  ipc.Server (Server.java:run(1562)) - IPC Server Responder: starting
2023-09-29 12:51:14,878 [IPC Server listener on 15037] INFO  ipc.Server (Server.java:run(1402)) - IPC Server listener on 15037: starting
2023-09-29 12:51:14,879 [main] WARN  impl.MetricRegistriesImpl (MetricRegistriesImpl.java:addReporterRegistration(111)) - New reporters are added after registries were created. Some metrics will be missing from the reporter. Please add reporter before adding any new registry.
2023-09-29 12:51:14,880 [main] WARN  impl.MetricRegistriesImpl (MetricRegistriesImpl.java:addReporterRegistration(111)) - New reporters are added after registries were created. Some metrics will be missing from the reporter. Please add reporter before adding any new registry.
2023-09-29 12:51:14,880 [main] INFO  impl.MetricsSystemImpl (MetricsSystemImpl.java:init(158)) - HddsDatanode metrics system started (again)
2023-09-29 12:51:14,880 [Datanode State Machine Daemon Thread] INFO  statemachine.DatanodeStateMachine (DatanodeStateMachine.java:lambda$startDaemon$0(539)) - Ozone container server started.
2023-09-29 12:51:14,904 [main] INFO  ozone.HddsDatanodeService (HddsDatanodeService.java:start(237)) - HddsDatanodeService host:fv-az238-384.lrtv1j1tcsgurjp4mtmc3vvjre.gx.internal.cloudapp.net ip:10.1.0.70
2023-09-29 12:51:14,909 [Datanode State Machine Task Thread - 0] INFO  datanode.InitDatanodeState (InitDatanodeState.java:persistContainerDatanodeDetails(138)) - DatanodeDetails is persisted to /home/runner/work/ozone/ozone/hadoop-ozone/integration-test/target/test-dir/MiniOzoneClusterImpl-811b16cb-c214-4c75-bdb2-1b437bba6cdf/datanode-3/meta/datanode.id
2023-09-29 12:51:14,938 [main] INFO  upgrade.AbstractLayoutVersionManager (AbstractLayoutVersionManager.java:init(83)) - Initializing Layout version manager with metadata layout = HADOOP_PRC_PORTS_IN_DATANODEDETAILS (version = 7), software layout = HADOOP_PRC_PORTS_IN_DATANODEDETAILS (version = 7)
2023-09-29 12:51:14,939 [main] INFO  statemachine.DatanodeStateMachine (DatanodeStateMachine.java:getEndPointTaskThreadPoolSize(283)) - Datanode State Machine Task Thread Pool size 2
2023-09-29 12:51:14,942 [main] INFO  volume.HddsVolume (HddsVolume.java:<init>(126)) - Creating HddsVolume: /home/runner/work/ozone/ozone/hadoop-ozone/integration-test/target/test-dir/MiniOzoneClusterImpl-811b16cb-c214-4c75-bdb2-1b437bba6cdf/datanode-4/data-0/containers/hdds of storage type : DISK capacity : 9223372036854775807
2023-09-29 12:51:14,942 [main] INFO  volume.MutableVolumeSet (MutableVolumeSet.java:initializeVolumeSet(173)) - Added Volume : /home/runner/work/ozone/ozone/hadoop-ozone/integration-test/target/test-dir/MiniOzoneClusterImpl-811b16cb-c214-4c75-bdb2-1b437bba6cdf/datanode-4/data-0/containers/hdds to VolumeSet
2023-09-29 12:51:14,946 [main] INFO  volume.MutableVolumeSet (MutableVolumeSet.java:initializeVolumeSet(173)) - Added Volume : /home/runner/work/ozone/ozone/hadoop-ozone/integration-test/target/test-dir/MiniOzoneClusterImpl-811b16cb-c214-4c75-bdb2-1b437bba6cdf/datanode-4/data/ratis to VolumeSet
2023-09-29 12:51:14,947 [Thread-222] INFO  ozoneimpl.ContainerReader (ContainerReader.java:readVolume(177)) - Finish verifying containers on volume /home/runner/work/ozone/ozone/hadoop-ozone/integration-test/target/test-dir/MiniOzoneClusterImpl-811b16cb-c214-4c75-bdb2-1b437bba6cdf/datanode-4/data-0/containers/hdds
2023-09-29 12:51:14,948 [main] INFO  ozoneimpl.OzoneContainer (OzoneContainer.java:buildContainerSet(314)) - Build ContainerSet costs 0s
2023-09-29 12:51:14,955 [main] INFO  server.RaftServer (ConfUtils.java:logGet(46)) - raft.rpc.type = GRPC (default)
2023-09-29 12:51:14,955 [main] INFO  grpc.GrpcConfigKeys (ConfUtils.java:logFallback(53)) - raft.grpc.admin.host = null (fallback to raft.grpc.server.host)
2023-09-29 12:51:14,956 [main] INFO  grpc.GrpcConfigKeys (ConfUtils.java:logGet(46)) - raft.grpc.admin.port = 15049 (custom)
2023-09-29 12:51:14,956 [main] INFO  grpc.GrpcConfigKeys (ConfUtils.java:logFallback(53)) - raft.grpc.client.host = null (fallback to raft.grpc.server.host)
2023-09-29 12:51:14,956 [main] INFO  grpc.GrpcConfigKeys (ConfUtils.java:logGet(46)) - raft.grpc.client.port = 15048 (custom)
2023-09-29 12:51:14,956 [main] INFO  grpc.GrpcConfigKeys (ConfUtils.java:logGet(46)) - raft.grpc.server.host = null (default)
2023-09-29 12:51:14,956 [main] INFO  grpc.GrpcConfigKeys (ConfUtils.java:logGet(46)) - raft.grpc.server.port = 15050 (custom)
2023-09-29 12:51:14,957 [main] INFO  server.GrpcService (ConfUtils.java:logGet(46)) - raft.grpc.message.size.max = 32MB (=33554432) (custom)
2023-09-29 12:51:14,957 [main] INFO  server.RaftServerConfigKeys (ConfUtils.java:logGet(46)) - raft.server.log.appender.buffer.byte-limit = 33554432 (custom)
2023-09-29 12:51:14,957 [main] INFO  server.GrpcService (ConfUtils.java:logGet(46)) - raft.grpc.flow.control.window = 5MB (=5242880) (custom)
2023-09-29 12:51:14,957 [main] INFO  server.RaftServerConfigKeys (ConfUtils.java:logGet(46)) - raft.server.rpc.request.timeout = 60s (custom)
2023-09-29 12:51:14,958 [main] INFO  grpc.GrpcConfigKeys (ConfUtils.java:logGet(46)) - raft.grpc.server.heartbeat.channel = true (default)
2023-09-29 12:51:14,958 [main] INFO  grpc.GrpcConfigKeys (ConfUtils.java:logGet(46)) - raft.grpc.server.async.request.thread.pool.cached = true (default)
2023-09-29 12:51:14,958 [main] INFO  grpc.GrpcConfigKeys (ConfUtils.java:logGet(46)) - raft.grpc.server.async.request.thread.pool.size = 32 (default)
2023-09-29 12:51:14,961 [main] INFO  impl.DataStreamServerImpl (ConfUtils.java:logGet(46)) - raft.datastream.type = NETTY (custom)
2023-09-29 12:51:14,966 [main] INFO  server.RaftServerConfigKeys (ConfUtils.java:logGet(46)) - raft.server.data-stream.async.request.thread.pool.cached = false (default)
2023-09-29 12:51:14,966 [main] INFO  server.RaftServerConfigKeys (ConfUtils.java:logGet(46)) - raft.server.data-stream.async.request.thread.pool.size = 20 (custom)
2023-09-29 12:51:14,966 [main] INFO  server.RaftServerConfigKeys (ConfUtils.java:logGet(46)) - raft.server.data-stream.async.write.thread.pool.size = 16 (default)
2023-09-29 12:51:14,967 [main] INFO  server.RaftServerConfigKeys (ConfUtils.java:logGet(46)) - raft.server.data-stream.client.pool.size = 10 (default)
2023-09-29 12:51:14,967 [main] INFO  netty.NettyConfigKeys$DataStream (ConfUtils.java:logGet(46)) - raft.netty.dataStream.server.use-epoll = false (default)
2023-09-29 12:51:14,967 [main] INFO  netty.NettyConfigKeys$DataStream (ConfUtils.java:logGet(46)) - raft.netty.dataStream.server.boss-group.size = 0 (default)
2023-09-29 12:51:14,968 [main] INFO  netty.NettyConfigKeys$DataStream (ConfUtils.java:logGet(46)) - raft.netty.dataStream.server.worker-group.size = 0 (default)
2023-09-29 12:51:14,969 [main] INFO  netty.NettyConfigKeys$DataStream (ConfUtils.java:logGet(46)) - raft.netty.dataStream.server.tls.conf = null (default)
2023-09-29 12:51:14,969 [main] INFO  netty.NettyConfigKeys$DataStream (ConfUtils.java:logGet(46)) - raft.netty.dataStream.host = null (default)
2023-09-29 12:51:14,971 [main] INFO  netty.NettyConfigKeys$DataStream (ConfUtils.java:logGet(46)) - raft.netty.dataStream.port = 15051 (custom)
2023-09-29 12:51:14,975 [main] INFO  server.RaftServerConfigKeys (ConfUtils.java:logGet(46)) - raft.server.threadpool.proxy.cached = true (default)
2023-09-29 12:51:14,975 [main] INFO  server.RaftServerConfigKeys (ConfUtils.java:logGet(46)) - raft.server.threadpool.proxy.size = 0 (default)
2023-09-29 12:51:14,975 [main] INFO  server.RaftServerConfigKeys (ConfUtils.java:logGet(46)) - raft.server.rpc.slowness.timeout = 300s (custom)
2023-09-29 12:51:14,975 [main] INFO  server.RaftServerConfigKeys (ConfUtils.java:logGet(46)) - raft.server.leaderelection.leader.step-down.wait-time = 10s (default)
2023-09-29 12:51:14,976 [main] INFO  server.RaftServerConfigKeys (ConfUtils.java:logGet(46)) - raft.server.storage.dir = [/home/runner/work/ozone/ozone/hadoop-ozone/integration-test/target/test-dir/MiniOzoneClusterImpl-811b16cb-c214-4c75-bdb2-1b437bba6cdf/datanode-4/data/ratis] (custom)
2023-09-29 12:51:14,991 [6220322b-c54d-4ba8-95d6-5fd9b706d663-impl-thread1] INFO  server.RaftServer (RaftServerProxy.java:initGroupDir(258)) - 6220322b-c54d-4ba8-95d6-5fd9b706d663: found a subdirectory /home/runner/work/ozone/ozone/hadoop-ozone/integration-test/target/test-dir/MiniOzoneClusterImpl-811b16cb-c214-4c75-bdb2-1b437bba6cdf/datanode-4/data/ratis/tmp
2023-09-29 12:51:14,991 [6220322b-c54d-4ba8-95d6-5fd9b706d663-impl-thread1] INFO  server.RaftServer (RaftServerProxy.java:initGroupDir(263)) - 6220322b-c54d-4ba8-95d6-5fd9b706d663: The directory /home/runner/work/ozone/ozone/hadoop-ozone/integration-test/target/test-dir/MiniOzoneClusterImpl-811b16cb-c214-4c75-bdb2-1b437bba6cdf/datanode-4/data/ratis/tmp is not a group directory; ignoring it. 
2023-09-29 12:51:14,992 [main] INFO  replication.ReplicationServer (ReplicationServer.java:<init>(83)) - Initializing replication server with thread count = 10 queue length = 4096
2023-09-29 12:51:14,994 [main] INFO  server.XceiverServerGrpc (XceiverServerGrpc.java:<init>(132)) - GrpcServer channel type EpollServerSocketChannel
2023-09-29 12:51:14,996 [6220322b-c54d-4ba8-95d6-5fd9b706d663-NettyServerStreamRpc-bossGroup--thread1] INFO  logging.LoggingHandler (AbstractInternalLogger.java:log(148)) - [id: 0xfdfb8837] REGISTERED
2023-09-29 12:51:14,997 [6220322b-c54d-4ba8-95d6-5fd9b706d663-NettyServerStreamRpc-bossGroup--thread1] INFO  logging.LoggingHandler (AbstractInternalLogger.java:log(148)) - [id: 0xfdfb8837] BIND: 0.0.0.0/0.0.0.0:15051
2023-09-29 12:51:14,997 [6220322b-c54d-4ba8-95d6-5fd9b706d663-NettyServerStreamRpc-bossGroup--thread1] INFO  logging.LoggingHandler (AbstractInternalLogger.java:log(148)) - [id: 0xfdfb8837, L:/0:0:0:0:0:0:0:0:15051] ACTIVE
2023-09-29 12:51:14,998 [main] INFO  replication.ReplicationSupervisor (ReplicationSupervisor.java:build(155)) - Initializing replication supervisor with thread count = 10
2023-09-29 12:51:14,998 [main] INFO  replication.ReplicationSupervisor (ReplicationSupervisor.java:nodeStateUpdated(307)) - Node state updated to IN_SERVICE, scaling executor pool size to 10
2023-09-29 12:51:15,003 [main] INFO  http.BaseHttpServer (BaseHttpServer.java:newHttpServer2BuilderForOzone(223)) - Starting Web-server for hddsDatanode at: http://0.0.0.0:15045
2023-09-29 12:51:15,004 [main] INFO  http.BaseHttpServer (BaseHttpServer.java:<init>(110)) - Hadoop Security Enabled: false Ozone Security Enabled: false Ozone HTTP Security Enabled: false 
2023-09-29 12:51:15,008 [main] WARN  server.AuthenticationFilter (AuthenticationFilter.java:constructSecretProvider(240)) - Unable to initialize FileSignerSecretProvider, falling back to use random secrets. Reason: Could not read signature secret file: /home/runner/hadoop-http-auth-signature-secret
2023-09-29 12:51:15,009 [main] INFO  http.HttpRequestLog (HttpRequestLog.java:getRequestLog(86)) - Http request log for http.requests.hddsDatanode is not defined
2023-09-29 12:51:15,012 [main] INFO  http.HttpServer2 (HttpServer2.java:addGlobalFilter(1031)) - Added global filter 'safety' (class=org.apache.hadoop.hdds.server.http.HttpServer2$QuotingInputFilter)
2023-09-29 12:51:15,013 [main] INFO  http.HttpServer2 (HttpServer2.java:addFilter(1007)) - Added filter static_user_filter (class=org.apache.hadoop.http.lib.StaticUserWebFilter$StaticUserFilter) to context hddsDatanode
2023-09-29 12:51:15,013 [main] INFO  http.HttpServer2 (HttpServer2.java:addFilter(1015)) - Added filter static_user_filter (class=org.apache.hadoop.http.lib.StaticUserWebFilter$StaticUserFilter) to context logs
2023-09-29 12:51:15,013 [main] INFO  http.HttpServer2 (HttpServer2.java:addFilter(1015)) - Added filter static_user_filter (class=org.apache.hadoop.http.lib.StaticUserWebFilter$StaticUserFilter) to context static
2023-09-29 12:51:15,015 [main] INFO  http.BaseHttpServer (BaseHttpServer.java:<init>(189)) - HTTP server of hddsDatanode uses base directory /home/runner/work/ozone/ozone/hadoop-ozone/integration-test/target/test-dir/MiniOzoneClusterImpl-811b16cb-c214-4c75-bdb2-1b437bba6cdf/datanode-4/meta/webserver
2023-09-29 12:51:15,016 [main] INFO  http.HttpServer2 (HttpServer2.java:bindListener(1231)) - Jetty bound to port 15045
2023-09-29 12:51:15,016 [main] INFO  server.Server (Server.java:doStart(375)) - jetty-9.4.52.v20230823; built: 2023-08-23T19:29:37.669Z; git: abdcda73818a1a2c705da276edb0bf6581e7997e; jvm 1.8.0_382-b05
2023-09-29 12:51:15,018 [main] INFO  server.session (DefaultSessionIdManager.java:doStart(334)) - DefaultSessionIdManager workerName=node0
2023-09-29 12:51:15,018 [main] INFO  server.session (DefaultSessionIdManager.java:doStart(339)) - No SessionScavenger set, using defaults
2023-09-29 12:51:15,018 [main] INFO  server.session (HouseKeeper.java:startScavenging(132)) - node0 Scavenging every 660000ms
2023-09-29 12:51:15,020 [main] INFO  handler.ContextHandler (ContextHandler.java:doStart(921)) - Started o.e.j.s.ServletContextHandler@413eb0a6{logs,/logs,file:///home/runner/work/ozone/ozone/hadoop-ozone/integration-test/target/log,AVAILABLE}
2023-09-29 12:51:15,021 [main] INFO  handler.ContextHandler (ContextHandler.java:doStart(921)) - Started o.e.j.s.ServletContextHandler@74b5a79b{static,/static,jar:file:/home/runner/.m2/repository/org/apache/ozone/hdds-container-service/1.4.0-SNAPSHOT/hdds-container-service-1.4.0-SNAPSHOT.jar!/webapps/static,AVAILABLE}
2023-09-29 12:51:15,280 [main] INFO  handler.ContextHandler (ContextHandler.java:doStart(921)) - Started o.e.j.w.WebAppContext@49a86da{hddsDatanode,/,file:///home/runner/work/ozone/ozone/hadoop-ozone/integration-test/target/tmp/kms/webapp/,AVAILABLE}{jar:file:/home/runner/.m2/repository/org/apache/ozone/hdds-container-service/1.4.0-SNAPSHOT/hdds-container-service-1.4.0-SNAPSHOT.jar!/webapps/hddsDatanode}
2023-09-29 12:51:15,282 [main] INFO  server.AbstractConnector (AbstractConnector.java:doStart(333)) - Started ServerConnector@11933c65{HTTP/1.1, (http/1.1)}{0.0.0.0:15045}
2023-09-29 12:51:15,282 [main] INFO  server.Server (Server.java:doStart(415)) - Started @15443ms
2023-09-29 12:51:15,282 [main] WARN  impl.MetricsSystemImpl (MetricsSystemImpl.java:register(279)) - Sink prometheus already exists!
2023-09-29 12:51:15,283 [main] INFO  http.BaseHttpServer (BaseHttpServer.java:updateConnectorAddress(354)) - HTTP server of hddsDatanode listening at http://0.0.0.0:15045
2023-09-29 12:51:15,284 [main] INFO  ipc.CallQueueManager (CallQueueManager.java:<init>(90)) - Using callQueue: class java.util.concurrent.LinkedBlockingQueue, queueCapacity: 100, scheduler: class org.apache.hadoop.ipc.DefaultRpcScheduler, ipcBackoff: false.
2023-09-29 12:51:15,284 [main] INFO  ipc.Server (Server.java:<init>(1287)) - Listener at 0.0.0.0:15046
2023-09-29 12:51:15,285 [Socket Reader #1 for port 15046] INFO  ipc.Server (Server.java:run(1323)) - Starting Socket Reader #1 for port 15046
2023-09-29 12:51:15,295 [main] INFO  ozone.HddsDatanodeService (HddsDatanodeService.java:start(315)) - Datanode start with admins: [runner]
2023-09-29 12:51:15,295 [main] INFO  ozone.HddsDatanodeClientProtocolServer (HddsDatanodeClientProtocolServer.java:start(72)) - RPC server for Client /0.0.0.0:15046
2023-09-29 12:51:15,295 [IPC Server Responder] INFO  ipc.Server (Server.java:run(1562)) - IPC Server Responder: starting
2023-09-29 12:51:15,303 [IPC Server listener on 15046] INFO  ipc.Server (Server.java:run(1402)) - IPC Server listener on 15046: starting
2023-09-29 12:51:15,309 [main] WARN  impl.MetricRegistriesImpl (MetricRegistriesImpl.java:addReporterRegistration(111)) - New reporters are added after registries were created. Some metrics will be missing from the reporter. Please add reporter before adding any new registry.
2023-09-29 12:51:15,309 [main] WARN  impl.MetricRegistriesImpl (MetricRegistriesImpl.java:addReporterRegistration(111)) - New reporters are added after registries were created. Some metrics will be missing from the reporter. Please add reporter before adding any new registry.
2023-09-29 12:51:15,309 [main] INFO  impl.MetricsSystemImpl (MetricsSystemImpl.java:init(158)) - HddsDatanode metrics system started (again)
2023-09-29 12:51:15,315 [Datanode State Machine Daemon Thread] INFO  statemachine.DatanodeStateMachine (DatanodeStateMachine.java:lambda$startDaemon$0(539)) - Ozone container server started.
2023-09-29 12:51:15,329 [main] INFO  ozone.HddsDatanodeService (HddsDatanodeService.java:start(237)) - HddsDatanodeService host:fv-az238-384.lrtv1j1tcsgurjp4mtmc3vvjre.gx.internal.cloudapp.net ip:10.1.0.70
2023-09-29 12:51:15,332 [Datanode State Machine Task Thread - 0] INFO  datanode.InitDatanodeState (InitDatanodeState.java:persistContainerDatanodeDetails(138)) - DatanodeDetails is persisted to /home/runner/work/ozone/ozone/hadoop-ozone/integration-test/target/test-dir/MiniOzoneClusterImpl-811b16cb-c214-4c75-bdb2-1b437bba6cdf/datanode-4/meta/datanode.id
2023-09-29 12:51:15,359 [main] INFO  upgrade.AbstractLayoutVersionManager (AbstractLayoutVersionManager.java:init(83)) - Initializing Layout version manager with metadata layout = HADOOP_PRC_PORTS_IN_DATANODEDETAILS (version = 7), software layout = HADOOP_PRC_PORTS_IN_DATANODEDETAILS (version = 7)
2023-09-29 12:51:15,360 [main] INFO  statemachine.DatanodeStateMachine (DatanodeStateMachine.java:getEndPointTaskThreadPoolSize(283)) - Datanode State Machine Task Thread Pool size 2
2023-09-29 12:51:15,362 [main] INFO  volume.HddsVolume (HddsVolume.java:<init>(126)) - Creating HddsVolume: /home/runner/work/ozone/ozone/hadoop-ozone/integration-test/target/test-dir/MiniOzoneClusterImpl-811b16cb-c214-4c75-bdb2-1b437bba6cdf/datanode-5/data-0/containers/hdds of storage type : DISK capacity : 9223372036854775807
2023-09-29 12:51:15,362 [main] INFO  volume.MutableVolumeSet (MutableVolumeSet.java:initializeVolumeSet(173)) - Added Volume : /home/runner/work/ozone/ozone/hadoop-ozone/integration-test/target/test-dir/MiniOzoneClusterImpl-811b16cb-c214-4c75-bdb2-1b437bba6cdf/datanode-5/data-0/containers/hdds to VolumeSet
2023-09-29 12:51:15,363 [main] INFO  volume.MutableVolumeSet (MutableVolumeSet.java:initializeVolumeSet(173)) - Added Volume : /home/runner/work/ozone/ozone/hadoop-ozone/integration-test/target/test-dir/MiniOzoneClusterImpl-811b16cb-c214-4c75-bdb2-1b437bba6cdf/datanode-5/data/ratis to VolumeSet
2023-09-29 12:51:15,364 [Thread-239] INFO  ozoneimpl.ContainerReader (ContainerReader.java:readVolume(177)) - Finish verifying containers on volume /home/runner/work/ozone/ozone/hadoop-ozone/integration-test/target/test-dir/MiniOzoneClusterImpl-811b16cb-c214-4c75-bdb2-1b437bba6cdf/datanode-5/data-0/containers/hdds
2023-09-29 12:51:15,364 [main] INFO  ozoneimpl.OzoneContainer (OzoneContainer.java:buildContainerSet(314)) - Build ContainerSet costs 0s
2023-09-29 12:51:15,368 [main] INFO  server.RaftServer (ConfUtils.java:logGet(46)) - raft.rpc.type = GRPC (default)
2023-09-29 12:51:15,368 [main] INFO  grpc.GrpcConfigKeys (ConfUtils.java:logFallback(53)) - raft.grpc.admin.host = null (fallback to raft.grpc.server.host)
2023-09-29 12:51:15,368 [main] INFO  grpc.GrpcConfigKeys (ConfUtils.java:logGet(46)) - raft.grpc.admin.port = 15058 (custom)
2023-09-29 12:51:15,369 [main] INFO  grpc.GrpcConfigKeys (ConfUtils.java:logFallback(53)) - raft.grpc.client.host = null (fallback to raft.grpc.server.host)
2023-09-29 12:51:15,369 [main] INFO  grpc.GrpcConfigKeys (ConfUtils.java:logGet(46)) - raft.grpc.client.port = 15057 (custom)
2023-09-29 12:51:15,369 [main] INFO  grpc.GrpcConfigKeys (ConfUtils.java:logGet(46)) - raft.grpc.server.host = null (default)
2023-09-29 12:51:15,369 [main] INFO  grpc.GrpcConfigKeys (ConfUtils.java:logGet(46)) - raft.grpc.server.port = 15059 (custom)
2023-09-29 12:51:15,369 [main] INFO  server.GrpcService (ConfUtils.java:logGet(46)) - raft.grpc.message.size.max = 32MB (=33554432) (custom)
2023-09-29 12:51:15,369 [main] INFO  server.RaftServerConfigKeys (ConfUtils.java:logGet(46)) - raft.server.log.appender.buffer.byte-limit = 33554432 (custom)
2023-09-29 12:51:15,370 [main] INFO  server.GrpcService (ConfUtils.java:logGet(46)) - raft.grpc.flow.control.window = 5MB (=5242880) (custom)
2023-09-29 12:51:15,370 [main] INFO  server.RaftServerConfigKeys (ConfUtils.java:logGet(46)) - raft.server.rpc.request.timeout = 60s (custom)
2023-09-29 12:51:15,370 [main] INFO  grpc.GrpcConfigKeys (ConfUtils.java:logGet(46)) - raft.grpc.server.heartbeat.channel = true (default)
2023-09-29 12:51:15,370 [main] INFO  grpc.GrpcConfigKeys (ConfUtils.java:logGet(46)) - raft.grpc.server.async.request.thread.pool.cached = true (default)
2023-09-29 12:51:15,370 [main] INFO  grpc.GrpcConfigKeys (ConfUtils.java:logGet(46)) - raft.grpc.server.async.request.thread.pool.size = 32 (default)
2023-09-29 12:51:15,373 [main] INFO  impl.DataStreamServerImpl (ConfUtils.java:logGet(46)) - raft.datastream.type = NETTY (custom)
2023-09-29 12:51:15,373 [main] INFO  server.RaftServerConfigKeys (ConfUtils.java:logGet(46)) - raft.server.data-stream.async.request.thread.pool.cached = false (default)
2023-09-29 12:51:15,374 [main] INFO  server.RaftServerConfigKeys (ConfUtils.java:logGet(46)) - raft.server.data-stream.async.request.thread.pool.size = 20 (custom)
2023-09-29 12:51:15,374 [main] INFO  server.RaftServerConfigKeys (ConfUtils.java:logGet(46)) - raft.server.data-stream.async.write.thread.pool.size = 16 (default)
2023-09-29 12:51:15,374 [main] INFO  server.RaftServerConfigKeys (ConfUtils.java:logGet(46)) - raft.server.data-stream.client.pool.size = 10 (default)
2023-09-29 12:51:15,374 [main] INFO  netty.NettyConfigKeys$DataStream (ConfUtils.java:logGet(46)) - raft.netty.dataStream.server.use-epoll = false (default)
2023-09-29 12:51:15,375 [main] INFO  netty.NettyConfigKeys$DataStream (ConfUtils.java:logGet(46)) - raft.netty.dataStream.server.boss-group.size = 0 (default)
2023-09-29 12:51:15,375 [main] INFO  netty.NettyConfigKeys$DataStream (ConfUtils.java:logGet(46)) - raft.netty.dataStream.server.worker-group.size = 0 (default)
2023-09-29 12:51:15,376 [main] INFO  netty.NettyConfigKeys$DataStream (ConfUtils.java:logGet(46)) - raft.netty.dataStream.server.tls.conf = null (default)
2023-09-29 12:51:15,376 [main] INFO  netty.NettyConfigKeys$DataStream (ConfUtils.java:logGet(46)) - raft.netty.dataStream.host = null (default)
2023-09-29 12:51:15,376 [main] INFO  netty.NettyConfigKeys$DataStream (ConfUtils.java:logGet(46)) - raft.netty.dataStream.port = 15060 (custom)
2023-09-29 12:51:15,377 [main] INFO  server.RaftServerConfigKeys (ConfUtils.java:logGet(46)) - raft.server.threadpool.proxy.cached = true (default)
2023-09-29 12:51:15,377 [main] INFO  server.RaftServerConfigKeys (ConfUtils.java:logGet(46)) - raft.server.threadpool.proxy.size = 0 (default)
2023-09-29 12:51:15,378 [main] INFO  server.RaftServerConfigKeys (ConfUtils.java:logGet(46)) - raft.server.rpc.slowness.timeout = 300s (custom)
2023-09-29 12:51:15,378 [main] INFO  server.RaftServerConfigKeys (ConfUtils.java:logGet(46)) - raft.server.leaderelection.leader.step-down.wait-time = 10s (default)
2023-09-29 12:51:15,378 [80a9a8fe-8ad4-444c-8e90-e2ced2b3ac02-NettyServerStreamRpc-bossGroup--thread1] INFO  logging.LoggingHandler (AbstractInternalLogger.java:log(148)) - [id: 0xcb9a9e54] REGISTERED
2023-09-29 12:51:15,379 [main] INFO  server.RaftServerConfigKeys (ConfUtils.java:logGet(46)) - raft.server.storage.dir = [/home/runner/work/ozone/ozone/hadoop-ozone/integration-test/target/test-dir/MiniOzoneClusterImpl-811b16cb-c214-4c75-bdb2-1b437bba6cdf/datanode-5/data/ratis] (custom)
2023-09-29 12:51:15,379 [80a9a8fe-8ad4-444c-8e90-e2ced2b3ac02-NettyServerStreamRpc-bossGroup--thread1] INFO  logging.LoggingHandler (AbstractInternalLogger.java:log(148)) - [id: 0xcb9a9e54] BIND: 0.0.0.0/0.0.0.0:15060
2023-09-29 12:51:15,379 [80a9a8fe-8ad4-444c-8e90-e2ced2b3ac02-NettyServerStreamRpc-bossGroup--thread1] INFO  logging.LoggingHandler (AbstractInternalLogger.java:log(148)) - [id: 0xcb9a9e54, L:/0:0:0:0:0:0:0:0:15060] ACTIVE
2023-09-29 12:51:15,380 [80a9a8fe-8ad4-444c-8e90-e2ced2b3ac02-impl-thread1] INFO  server.RaftServer (RaftServerProxy.java:initGroupDir(258)) - 80a9a8fe-8ad4-444c-8e90-e2ced2b3ac02: found a subdirectory /home/runner/work/ozone/ozone/hadoop-ozone/integration-test/target/test-dir/MiniOzoneClusterImpl-811b16cb-c214-4c75-bdb2-1b437bba6cdf/datanode-5/data/ratis/tmp
2023-09-29 12:51:15,380 [80a9a8fe-8ad4-444c-8e90-e2ced2b3ac02-impl-thread1] INFO  server.RaftServer (RaftServerProxy.java:initGroupDir(263)) - 80a9a8fe-8ad4-444c-8e90-e2ced2b3ac02: The directory /home/runner/work/ozone/ozone/hadoop-ozone/integration-test/target/test-dir/MiniOzoneClusterImpl-811b16cb-c214-4c75-bdb2-1b437bba6cdf/datanode-5/data/ratis/tmp is not a group directory; ignoring it. 
2023-09-29 12:51:15,380 [main] INFO  replication.ReplicationServer (ReplicationServer.java:<init>(83)) - Initializing replication server with thread count = 10 queue length = 4096
2023-09-29 12:51:15,381 [main] INFO  server.XceiverServerGrpc (XceiverServerGrpc.java:<init>(132)) - GrpcServer channel type EpollServerSocketChannel
2023-09-29 12:51:15,384 [main] INFO  replication.ReplicationSupervisor (ReplicationSupervisor.java:build(155)) - Initializing replication supervisor with thread count = 10
2023-09-29 12:51:15,384 [main] INFO  replication.ReplicationSupervisor (ReplicationSupervisor.java:nodeStateUpdated(307)) - Node state updated to IN_SERVICE, scaling executor pool size to 10
2023-09-29 12:51:15,388 [main] INFO  http.BaseHttpServer (BaseHttpServer.java:newHttpServer2BuilderForOzone(223)) - Starting Web-server for hddsDatanode at: http://0.0.0.0:15054
2023-09-29 12:51:15,388 [main] INFO  http.BaseHttpServer (BaseHttpServer.java:<init>(110)) - Hadoop Security Enabled: false Ozone Security Enabled: false Ozone HTTP Security Enabled: false 
2023-09-29 12:51:15,389 [main] WARN  server.AuthenticationFilter (AuthenticationFilter.java:constructSecretProvider(240)) - Unable to initialize FileSignerSecretProvider, falling back to use random secrets. Reason: Could not read signature secret file: /home/runner/hadoop-http-auth-signature-secret
2023-09-29 12:51:15,393 [main] INFO  http.HttpRequestLog (HttpRequestLog.java:getRequestLog(86)) - Http request log for http.requests.hddsDatanode is not defined
2023-09-29 12:51:15,396 [main] INFO  http.HttpServer2 (HttpServer2.java:addGlobalFilter(1031)) - Added global filter 'safety' (class=org.apache.hadoop.hdds.server.http.HttpServer2$QuotingInputFilter)
2023-09-29 12:51:15,397 [main] INFO  http.HttpServer2 (HttpServer2.java:addFilter(1007)) - Added filter static_user_filter (class=org.apache.hadoop.http.lib.StaticUserWebFilter$StaticUserFilter) to context hddsDatanode
2023-09-29 12:51:15,398 [main] INFO  http.HttpServer2 (HttpServer2.java:addFilter(1015)) - Added filter static_user_filter (class=org.apache.hadoop.http.lib.StaticUserWebFilter$StaticUserFilter) to context static
2023-09-29 12:51:15,398 [main] INFO  http.HttpServer2 (HttpServer2.java:addFilter(1015)) - Added filter static_user_filter (class=org.apache.hadoop.http.lib.StaticUserWebFilter$StaticUserFilter) to context logs
2023-09-29 12:51:15,400 [main] INFO  http.BaseHttpServer (BaseHttpServer.java:<init>(189)) - HTTP server of hddsDatanode uses base directory /home/runner/work/ozone/ozone/hadoop-ozone/integration-test/target/test-dir/MiniOzoneClusterImpl-811b16cb-c214-4c75-bdb2-1b437bba6cdf/datanode-5/meta/webserver
2023-09-29 12:51:15,400 [main] INFO  http.HttpServer2 (HttpServer2.java:bindListener(1231)) - Jetty bound to port 15054
2023-09-29 12:51:15,400 [main] INFO  server.Server (Server.java:doStart(375)) - jetty-9.4.52.v20230823; built: 2023-08-23T19:29:37.669Z; git: abdcda73818a1a2c705da276edb0bf6581e7997e; jvm 1.8.0_382-b05
2023-09-29 12:51:15,402 [main] INFO  server.session (DefaultSessionIdManager.java:doStart(334)) - DefaultSessionIdManager workerName=node0
2023-09-29 12:51:15,403 [main] INFO  server.session (DefaultSessionIdManager.java:doStart(339)) - No SessionScavenger set, using defaults
2023-09-29 12:51:15,403 [main] INFO  server.session (HouseKeeper.java:startScavenging(132)) - node0 Scavenging every 600000ms
2023-09-29 12:51:15,404 [main] INFO  handler.ContextHandler (ContextHandler.java:doStart(921)) - Started o.e.j.s.ServletContextHandler@3f44c469{logs,/logs,file:///home/runner/work/ozone/ozone/hadoop-ozone/integration-test/target/log,AVAILABLE}
2023-09-29 12:51:15,405 [main] INFO  handler.ContextHandler (ContextHandler.java:doStart(921)) - Started o.e.j.s.ServletContextHandler@7d5561c3{static,/static,jar:file:/home/runner/.m2/repository/org/apache/ozone/hdds-container-service/1.4.0-SNAPSHOT/hdds-container-service-1.4.0-SNAPSHOT.jar!/webapps/static,AVAILABLE}
2023-09-29 12:51:15,767 [main] INFO  handler.ContextHandler (ContextHandler.java:doStart(921)) - Started o.e.j.w.WebAppContext@7bff3786{hddsDatanode,/,file:///home/runner/work/ozone/ozone/hadoop-ozone/integration-test/target/tmp/kms/webapp/,AVAILABLE}{jar:file:/home/runner/.m2/repository/org/apache/ozone/hdds-container-service/1.4.0-SNAPSHOT/hdds-container-service-1.4.0-SNAPSHOT.jar!/webapps/hddsDatanode}
2023-09-29 12:51:15,772 [main] INFO  server.AbstractConnector (AbstractConnector.java:doStart(333)) - Started ServerConnector@dce1556{HTTP/1.1, (http/1.1)}{0.0.0.0:15054}
2023-09-29 12:51:15,772 [main] INFO  server.Server (Server.java:doStart(415)) - Started @15933ms
2023-09-29 12:51:15,773 [main] WARN  impl.MetricsSystemImpl (MetricsSystemImpl.java:register(279)) - Sink prometheus already exists!
2023-09-29 12:51:15,774 [main] INFO  http.BaseHttpServer (BaseHttpServer.java:updateConnectorAddress(354)) - HTTP server of hddsDatanode listening at http://0.0.0.0:15054
2023-09-29 12:51:15,775 [main] INFO  ipc.CallQueueManager (CallQueueManager.java:<init>(90)) - Using callQueue: class java.util.concurrent.LinkedBlockingQueue, queueCapacity: 100, scheduler: class org.apache.hadoop.ipc.DefaultRpcScheduler, ipcBackoff: false.
2023-09-29 12:51:15,777 [main] INFO  ipc.Server (Server.java:<init>(1287)) - Listener at 0.0.0.0:15055
2023-09-29 12:51:15,779 [Socket Reader #1 for port 15055] INFO  ipc.Server (Server.java:run(1323)) - Starting Socket Reader #1 for port 15055
2023-09-29 12:51:15,793 [main] INFO  ozone.HddsDatanodeService (HddsDatanodeService.java:start(315)) - Datanode start with admins: [runner]
2023-09-29 12:51:15,793 [main] INFO  ozone.HddsDatanodeClientProtocolServer (HddsDatanodeClientProtocolServer.java:start(72)) - RPC server for Client /0.0.0.0:15055
2023-09-29 12:51:15,798 [IPC Server Responder] INFO  ipc.Server (Server.java:run(1562)) - IPC Server Responder: starting
2023-09-29 12:51:15,799 [IPC Server listener on 15055] INFO  ipc.Server (Server.java:run(1402)) - IPC Server listener on 15055: starting
2023-09-29 12:51:15,803 [main] WARN  impl.MetricRegistriesImpl (MetricRegistriesImpl.java:addReporterRegistration(111)) - New reporters are added after registries were created. Some metrics will be missing from the reporter. Please add reporter before adding any new registry.
2023-09-29 12:51:15,803 [main] WARN  impl.MetricRegistriesImpl (MetricRegistriesImpl.java:addReporterRegistration(111)) - New reporters are added after registries were created. Some metrics will be missing from the reporter. Please add reporter before adding any new registry.
2023-09-29 12:51:15,803 [main] INFO  impl.MetricsSystemImpl (MetricsSystemImpl.java:init(158)) - HddsDatanode metrics system started (again)
2023-09-29 12:51:15,815 [EndpointStateMachine task thread for /0.0.0.0:15002 - 0 ] INFO  utils.DatanodeStoreCache (DatanodeStoreCache.java:addDB(66)) - Added db /home/runner/work/ozone/ozone/hadoop-ozone/integration-test/target/test-dir/MiniOzoneClusterImpl-811b16cb-c214-4c75-bdb2-1b437bba6cdf/datanode-0/data-0/containers/hdds/811b16cb-c214-4c75-bdb2-1b437bba6cdf/DS-c99f768a-dce7-45a4-8035-277204ad882a/container.db to cache
2023-09-29 12:51:15,818 [Datanode State Machine Daemon Thread] INFO  statemachine.DatanodeStateMachine (DatanodeStateMachine.java:lambda$startDaemon$0(539)) - Ozone container server started.
2023-09-29 12:51:15,815 [EndpointStateMachine task thread for /0.0.0.0:15002 - 0 ] INFO  volume.HddsVolume (HddsVolume.java:createDbStore(422)) - SchemaV3 db is created and loaded at /home/runner/work/ozone/ozone/hadoop-ozone/integration-test/target/test-dir/MiniOzoneClusterImpl-811b16cb-c214-4c75-bdb2-1b437bba6cdf/datanode-0/data-0/containers/hdds/811b16cb-c214-4c75-bdb2-1b437bba6cdf/DS-c99f768a-dce7-45a4-8035-277204ad882a/container.db for volume DS-c99f768a-dce7-45a4-8035-277204ad882a
2023-09-29 12:51:15,827 [EndpointStateMachine task thread for /0.0.0.0:15002 - 0 ] INFO  volume.ThrottledAsyncChecker (ThrottledAsyncChecker.java:schedule(141)) - Scheduling a check for /home/runner/work/ozone/ozone/hadoop-ozone/integration-test/target/test-dir/MiniOzoneClusterImpl-811b16cb-c214-4c75-bdb2-1b437bba6cdf/datanode-0/data-0/containers/hdds
2023-09-29 12:51:15,840 [main] INFO  ozone.HddsDatanodeService (HddsDatanodeService.java:start(237)) - HddsDatanodeService host:fv-az238-384.lrtv1j1tcsgurjp4mtmc3vvjre.gx.internal.cloudapp.net ip:10.1.0.70
2023-09-29 12:51:15,843 [Datanode State Machine Task Thread - 0] INFO  datanode.InitDatanodeState (InitDatanodeState.java:persistContainerDatanodeDetails(138)) - DatanodeDetails is persisted to /home/runner/work/ozone/ozone/hadoop-ozone/integration-test/target/test-dir/MiniOzoneClusterImpl-811b16cb-c214-4c75-bdb2-1b437bba6cdf/datanode-5/meta/datanode.id
2023-09-29 12:51:15,858 [EndpointStateMachine task thread for /0.0.0.0:15002 - 0 ] INFO  volume.StorageVolumeChecker (StorageVolumeChecker.java:checkAllVolumes(213)) - Scheduled health check for volume /home/runner/work/ozone/ozone/hadoop-ozone/integration-test/target/test-dir/MiniOzoneClusterImpl-811b16cb-c214-4c75-bdb2-1b437bba6cdf/datanode-0/data-0/containers/hdds
2023-09-29 12:51:15,861 [EndpointStateMachine task thread for /0.0.0.0:15002 - 0 ] INFO  volume.ThrottledAsyncChecker (ThrottledAsyncChecker.java:schedule(141)) - Scheduling a check for /home/runner/work/ozone/ozone/hadoop-ozone/integration-test/target/test-dir/MiniOzoneClusterImpl-811b16cb-c214-4c75-bdb2-1b437bba6cdf/datanode-0/data/ratis
2023-09-29 12:51:15,861 [EndpointStateMachine task thread for /0.0.0.0:15002 - 0 ] INFO  volume.StorageVolumeChecker (StorageVolumeChecker.java:checkAllVolumes(213)) - Scheduled health check for volume /home/runner/work/ozone/ozone/hadoop-ozone/integration-test/target/test-dir/MiniOzoneClusterImpl-811b16cb-c214-4c75-bdb2-1b437bba6cdf/datanode-0/data/ratis
2023-09-29 12:51:15,863 [EndpointStateMachine task thread for /0.0.0.0:15002 - 0 ] INFO  ozoneimpl.OzoneContainer (OzoneContainer.java:start(429)) - Attempting to start container services.
2023-09-29 12:51:15,865 [EndpointStateMachine task thread for /0.0.0.0:15002 - 0 ] INFO  ozoneimpl.OzoneContainer (OzoneContainer.java:startContainerScrub(325)) - Scheduled background container scanners and the on-demand container scanner have been disabled.
2023-09-29 12:51:15,868 [EndpointStateMachine task thread for /0.0.0.0:15002 - 0 ] INFO  replication.ReplicationServer (ReplicationServer.java:start(134)) - ReplicationServer is started using port 15016
2023-09-29 12:51:15,869 [EndpointStateMachine task thread for /0.0.0.0:15002 - 0 ] INFO  ratis.XceiverServerRatis (XceiverServerRatis.java:start(517)) - Starting XceiverServerRatis 28fc21f1-0f1b-4853-8334-7fb4bdc0ccf0
2023-09-29 12:51:15,873 [EndpointStateMachine task thread for /0.0.0.0:15002 - 0 ] INFO  server.RaftServer (RaftServerProxy.java:startImpl(400)) - 28fc21f1-0f1b-4853-8334-7fb4bdc0ccf0: start RPC server
2023-09-29 12:51:15,876 [EndpointStateMachine task thread for /0.0.0.0:15002 - 0 ] INFO  server.GrpcService (GrpcService.java:startImpl(302)) - 28fc21f1-0f1b-4853-8334-7fb4bdc0ccf0: GrpcService started, listening on 15012
2023-09-29 12:51:15,880 [EndpointStateMachine task thread for /0.0.0.0:15002 - 0 ] INFO  server.GrpcService (GrpcService.java:startImpl(302)) - 28fc21f1-0f1b-4853-8334-7fb4bdc0ccf0: GrpcService started, listening on 15014
2023-09-29 12:51:15,882 [EndpointStateMachine task thread for /0.0.0.0:15002 - 0 ] INFO  server.GrpcService (GrpcService.java:startImpl(302)) - 28fc21f1-0f1b-4853-8334-7fb4bdc0ccf0: GrpcService started, listening on 15013
2023-09-29 12:51:15,883 [EndpointStateMachine task thread for /0.0.0.0:15002 - 0 ] INFO  ratis.XceiverServerRatis (XceiverServerRatis.java:getRealPort(543)) - XceiverServerRatis 28fc21f1-0f1b-4853-8334-7fb4bdc0ccf0 is started using port 15012 for RATIS
2023-09-29 12:51:15,883 [EndpointStateMachine task thread for /0.0.0.0:15002 - 0 ] INFO  ratis.XceiverServerRatis (XceiverServerRatis.java:getRealPort(543)) - XceiverServerRatis 28fc21f1-0f1b-4853-8334-7fb4bdc0ccf0 is started using port 15013 for RATIS_ADMIN
2023-09-29 12:51:15,883 [EndpointStateMachine task thread for /0.0.0.0:15002 - 0 ] INFO  ratis.XceiverServerRatis (XceiverServerRatis.java:getRealPort(543)) - XceiverServerRatis 28fc21f1-0f1b-4853-8334-7fb4bdc0ccf0 is started using port 15014 for RATIS_SERVER
2023-09-29 12:51:15,883 [EndpointStateMachine task thread for /0.0.0.0:15002 - 0 ] INFO  ratis.XceiverServerRatis (XceiverServerRatis.java:getRealPort(543)) - XceiverServerRatis 28fc21f1-0f1b-4853-8334-7fb4bdc0ccf0 is started using port 15015 for RATIS_DATASTREAM
2023-09-29 12:51:15,885 [main] INFO  upgrade.AbstractLayoutVersionManager (AbstractLayoutVersionManager.java:init(83)) - Initializing Layout version manager with metadata layout = HADOOP_PRC_PORTS_IN_DATANODEDETAILS (version = 7), software layout = HADOOP_PRC_PORTS_IN_DATANODEDETAILS (version = 7)
2023-09-29 12:51:15,886 [main] INFO  statemachine.DatanodeStateMachine (DatanodeStateMachine.java:getEndPointTaskThreadPoolSize(283)) - Datanode State Machine Task Thread Pool size 2
2023-09-29 12:51:15,888 [JvmPauseMonitor2] INFO  util.JvmPauseMonitor (JvmPauseMonitor.java:run(103)) - JvmPauseMonitor-28fc21f1-0f1b-4853-8334-7fb4bdc0ccf0: Started
2023-09-29 12:51:15,892 [main] INFO  volume.HddsVolume (HddsVolume.java:<init>(126)) - Creating HddsVolume: /home/runner/work/ozone/ozone/hadoop-ozone/integration-test/target/test-dir/MiniOzoneClusterImpl-811b16cb-c214-4c75-bdb2-1b437bba6cdf/datanode-6/data-0/containers/hdds of storage type : DISK capacity : 9223372036854775807
2023-09-29 12:51:15,892 [main] INFO  volume.MutableVolumeSet (MutableVolumeSet.java:initializeVolumeSet(173)) - Added Volume : /home/runner/work/ozone/ozone/hadoop-ozone/integration-test/target/test-dir/MiniOzoneClusterImpl-811b16cb-c214-4c75-bdb2-1b437bba6cdf/datanode-6/data-0/containers/hdds to VolumeSet
2023-09-29 12:51:15,893 [main] INFO  volume.MutableVolumeSet (MutableVolumeSet.java:initializeVolumeSet(173)) - Added Volume : /home/runner/work/ozone/ozone/hadoop-ozone/integration-test/target/test-dir/MiniOzoneClusterImpl-811b16cb-c214-4c75-bdb2-1b437bba6cdf/datanode-6/data/ratis to VolumeSet
2023-09-29 12:51:15,900 [Thread-258] INFO  ozoneimpl.ContainerReader (ContainerReader.java:readVolume(177)) - Finish verifying containers on volume /home/runner/work/ozone/ozone/hadoop-ozone/integration-test/target/test-dir/MiniOzoneClusterImpl-811b16cb-c214-4c75-bdb2-1b437bba6cdf/datanode-6/data-0/containers/hdds
2023-09-29 12:51:15,900 [main] INFO  ozoneimpl.OzoneContainer (OzoneContainer.java:buildContainerSet(314)) - Build ContainerSet costs 0s
2023-09-29 12:51:15,904 [main] INFO  server.RaftServer (ConfUtils.java:logGet(46)) - raft.rpc.type = GRPC (default)
2023-09-29 12:51:15,904 [main] INFO  grpc.GrpcConfigKeys (ConfUtils.java:logFallback(53)) - raft.grpc.admin.host = null (fallback to raft.grpc.server.host)
2023-09-29 12:51:15,904 [main] INFO  grpc.GrpcConfigKeys (ConfUtils.java:logGet(46)) - raft.grpc.admin.port = 15067 (custom)
2023-09-29 12:51:15,905 [main] INFO  grpc.GrpcConfigKeys (ConfUtils.java:logFallback(53)) - raft.grpc.client.host = null (fallback to raft.grpc.server.host)
2023-09-29 12:51:15,905 [main] INFO  grpc.GrpcConfigKeys (ConfUtils.java:logGet(46)) - raft.grpc.client.port = 15066 (custom)
2023-09-29 12:51:15,905 [main] INFO  grpc.GrpcConfigKeys (ConfUtils.java:logGet(46)) - raft.grpc.server.host = null (default)
2023-09-29 12:51:15,905 [main] INFO  grpc.GrpcConfigKeys (ConfUtils.java:logGet(46)) - raft.grpc.server.port = 15068 (custom)
2023-09-29 12:51:15,905 [main] INFO  server.GrpcService (ConfUtils.java:logGet(46)) - raft.grpc.message.size.max = 32MB (=33554432) (custom)
2023-09-29 12:51:15,905 [main] INFO  server.RaftServerConfigKeys (ConfUtils.java:logGet(46)) - raft.server.log.appender.buffer.byte-limit = 33554432 (custom)
2023-09-29 12:51:15,906 [main] INFO  server.GrpcService (ConfUtils.java:logGet(46)) - raft.grpc.flow.control.window = 5MB (=5242880) (custom)
2023-09-29 12:51:15,906 [main] INFO  server.RaftServerConfigKeys (ConfUtils.java:logGet(46)) - raft.server.rpc.request.timeout = 60s (custom)
2023-09-29 12:51:15,914 [main] INFO  grpc.GrpcConfigKeys (ConfUtils.java:logGet(46)) - raft.grpc.server.heartbeat.channel = true (default)
2023-09-29 12:51:15,914 [main] INFO  grpc.GrpcConfigKeys (ConfUtils.java:logGet(46)) - raft.grpc.server.async.request.thread.pool.cached = true (default)
2023-09-29 12:51:15,914 [main] INFO  grpc.GrpcConfigKeys (ConfUtils.java:logGet(46)) - raft.grpc.server.async.request.thread.pool.size = 32 (default)
2023-09-29 12:51:15,913 [BlockDeletingService#0] INFO  interfaces.ContainerDeletionChoosingPolicyTemplate (ContainerDeletionChoosingPolicyTemplate.java:chooseContainerForBlockDeletion(85)) - Chosen 0/5000 blocks from 0 candidate containers.
2023-09-29 12:51:15,919 [main] INFO  impl.DataStreamServerImpl (ConfUtils.java:logGet(46)) - raft.datastream.type = NETTY (custom)
2023-09-29 12:51:15,920 [main] INFO  server.RaftServerConfigKeys (ConfUtils.java:logGet(46)) - raft.server.data-stream.async.request.thread.pool.cached = false (default)
2023-09-29 12:51:15,920 [main] INFO  server.RaftServerConfigKeys (ConfUtils.java:logGet(46)) - raft.server.data-stream.async.request.thread.pool.size = 20 (custom)
2023-09-29 12:51:15,921 [main] INFO  server.RaftServerConfigKeys (ConfUtils.java:logGet(46)) - raft.server.data-stream.async.write.thread.pool.size = 16 (default)
2023-09-29 12:51:15,921 [main] INFO  server.RaftServerConfigKeys (ConfUtils.java:logGet(46)) - raft.server.data-stream.client.pool.size = 10 (default)
2023-09-29 12:51:15,921 [main] INFO  netty.NettyConfigKeys$DataStream (ConfUtils.java:logGet(46)) - raft.netty.dataStream.server.use-epoll = false (default)
2023-09-29 12:51:15,922 [main] INFO  netty.NettyConfigKeys$DataStream (ConfUtils.java:logGet(46)) - raft.netty.dataStream.server.boss-group.size = 0 (default)
2023-09-29 12:51:15,923 [main] INFO  netty.NettyConfigKeys$DataStream (ConfUtils.java:logGet(46)) - raft.netty.dataStream.server.worker-group.size = 0 (default)
2023-09-29 12:51:15,923 [main] INFO  netty.NettyConfigKeys$DataStream (ConfUtils.java:logGet(46)) - raft.netty.dataStream.server.tls.conf = null (default)
2023-09-29 12:51:15,924 [main] INFO  netty.NettyConfigKeys$DataStream (ConfUtils.java:logGet(46)) - raft.netty.dataStream.host = null (default)
2023-09-29 12:51:15,924 [main] INFO  netty.NettyConfigKeys$DataStream (ConfUtils.java:logGet(46)) - raft.netty.dataStream.port = 15069 (custom)
2023-09-29 12:51:15,925 [main] INFO  server.RaftServerConfigKeys (ConfUtils.java:logGet(46)) - raft.server.threadpool.proxy.cached = true (default)
2023-09-29 12:51:15,925 [main] INFO  server.RaftServerConfigKeys (ConfUtils.java:logGet(46)) - raft.server.threadpool.proxy.size = 0 (default)
2023-09-29 12:51:15,926 [main] INFO  server.RaftServerConfigKeys (ConfUtils.java:logGet(46)) - raft.server.rpc.slowness.timeout = 300s (custom)
2023-09-29 12:51:15,926 [main] INFO  server.RaftServerConfigKeys (ConfUtils.java:logGet(46)) - raft.server.leaderelection.leader.step-down.wait-time = 10s (default)
2023-09-29 12:51:15,926 [main] INFO  server.RaftServerConfigKeys (ConfUtils.java:logGet(46)) - raft.server.storage.dir = [/home/runner/work/ozone/ozone/hadoop-ozone/integration-test/target/test-dir/MiniOzoneClusterImpl-811b16cb-c214-4c75-bdb2-1b437bba6cdf/datanode-6/data/ratis] (custom)
2023-09-29 12:51:15,932 [b431013d-a75d-44b2-a41a-a2e98e506a92-NettyServerStreamRpc-bossGroup--thread1] INFO  logging.LoggingHandler (AbstractInternalLogger.java:log(148)) - [id: 0x61967e90] REGISTERED
2023-09-29 12:51:15,932 [b431013d-a75d-44b2-a41a-a2e98e506a92-impl-thread1] INFO  server.RaftServer (RaftServerProxy.java:initGroupDir(258)) - b431013d-a75d-44b2-a41a-a2e98e506a92: found a subdirectory /home/runner/work/ozone/ozone/hadoop-ozone/integration-test/target/test-dir/MiniOzoneClusterImpl-811b16cb-c214-4c75-bdb2-1b437bba6cdf/datanode-6/data/ratis/tmp
2023-09-29 12:51:15,932 [b431013d-a75d-44b2-a41a-a2e98e506a92-impl-thread1] INFO  server.RaftServer (RaftServerProxy.java:initGroupDir(263)) - b431013d-a75d-44b2-a41a-a2e98e506a92: The directory /home/runner/work/ozone/ozone/hadoop-ozone/integration-test/target/test-dir/MiniOzoneClusterImpl-811b16cb-c214-4c75-bdb2-1b437bba6cdf/datanode-6/data/ratis/tmp is not a group directory; ignoring it. 
2023-09-29 12:51:15,933 [b431013d-a75d-44b2-a41a-a2e98e506a92-NettyServerStreamRpc-bossGroup--thread1] INFO  logging.LoggingHandler (AbstractInternalLogger.java:log(148)) - [id: 0x61967e90] BIND: 0.0.0.0/0.0.0.0:15069
2023-09-29 12:51:15,933 [b431013d-a75d-44b2-a41a-a2e98e506a92-NettyServerStreamRpc-bossGroup--thread1] INFO  logging.LoggingHandler (AbstractInternalLogger.java:log(148)) - [id: 0x61967e90, L:/0:0:0:0:0:0:0:0:15069] ACTIVE
2023-09-29 12:51:15,934 [main] INFO  replication.ReplicationServer (ReplicationServer.java:<init>(83)) - Initializing replication server with thread count = 10 queue length = 4096
2023-09-29 12:51:15,936 [main] INFO  server.XceiverServerGrpc (XceiverServerGrpc.java:<init>(132)) - GrpcServer channel type EpollServerSocketChannel
2023-09-29 12:51:15,943 [main] INFO  replication.ReplicationSupervisor (ReplicationSupervisor.java:build(155)) - Initializing replication supervisor with thread count = 10
2023-09-29 12:51:15,943 [main] INFO  replication.ReplicationSupervisor (ReplicationSupervisor.java:nodeStateUpdated(307)) - Node state updated to IN_SERVICE, scaling executor pool size to 10
2023-09-29 12:51:15,948 [main] INFO  http.BaseHttpServer (BaseHttpServer.java:newHttpServer2BuilderForOzone(223)) - Starting Web-server for hddsDatanode at: http://0.0.0.0:15063
2023-09-29 12:51:15,949 [main] INFO  http.BaseHttpServer (BaseHttpServer.java:<init>(110)) - Hadoop Security Enabled: false Ozone Security Enabled: false Ozone HTTP Security Enabled: false 
2023-09-29 12:51:15,951 [main] WARN  server.AuthenticationFilter (AuthenticationFilter.java:constructSecretProvider(240)) - Unable to initialize FileSignerSecretProvider, falling back to use random secrets. Reason: Could not read signature secret file: /home/runner/hadoop-http-auth-signature-secret
2023-09-29 12:51:15,952 [main] INFO  http.HttpRequestLog (HttpRequestLog.java:getRequestLog(86)) - Http request log for http.requests.hddsDatanode is not defined
2023-09-29 12:51:15,953 [main] INFO  http.HttpServer2 (HttpServer2.java:addGlobalFilter(1031)) - Added global filter 'safety' (class=org.apache.hadoop.hdds.server.http.HttpServer2$QuotingInputFilter)
2023-09-29 12:51:15,956 [main] INFO  http.HttpServer2 (HttpServer2.java:addFilter(1007)) - Added filter static_user_filter (class=org.apache.hadoop.http.lib.StaticUserWebFilter$StaticUserFilter) to context hddsDatanode
2023-09-29 12:51:15,957 [main] INFO  http.HttpServer2 (HttpServer2.java:addFilter(1015)) - Added filter static_user_filter (class=org.apache.hadoop.http.lib.StaticUserWebFilter$StaticUserFilter) to context logs
2023-09-29 12:51:15,957 [main] INFO  http.HttpServer2 (HttpServer2.java:addFilter(1015)) - Added filter static_user_filter (class=org.apache.hadoop.http.lib.StaticUserWebFilter$StaticUserFilter) to context static
2023-09-29 12:51:15,958 [main] INFO  http.BaseHttpServer (BaseHttpServer.java:<init>(189)) - HTTP server of hddsDatanode uses base directory /home/runner/work/ozone/ozone/hadoop-ozone/integration-test/target/test-dir/MiniOzoneClusterImpl-811b16cb-c214-4c75-bdb2-1b437bba6cdf/datanode-6/meta/webserver
2023-09-29 12:51:15,958 [main] INFO  http.HttpServer2 (HttpServer2.java:bindListener(1231)) - Jetty bound to port 15063
2023-09-29 12:51:15,958 [main] INFO  server.Server (Server.java:doStart(375)) - jetty-9.4.52.v20230823; built: 2023-08-23T19:29:37.669Z; git: abdcda73818a1a2c705da276edb0bf6581e7997e; jvm 1.8.0_382-b05
2023-09-29 12:51:15,963 [main] INFO  server.session (DefaultSessionIdManager.java:doStart(334)) - DefaultSessionIdManager workerName=node0
2023-09-29 12:51:15,964 [main] INFO  server.session (DefaultSessionIdManager.java:doStart(339)) - No SessionScavenger set, using defaults
2023-09-29 12:51:15,964 [main] INFO  server.session (HouseKeeper.java:startScavenging(132)) - node0 Scavenging every 660000ms
2023-09-29 12:51:15,966 [main] INFO  handler.ContextHandler (ContextHandler.java:doStart(921)) - Started o.e.j.s.ServletContextHandler@1d19cad9{logs,/logs,file:///home/runner/work/ozone/ozone/hadoop-ozone/integration-test/target/log,AVAILABLE}
2023-09-29 12:51:15,966 [main] INFO  handler.ContextHandler (ContextHandler.java:doStart(921)) - Started o.e.j.s.ServletContextHandler@38644646{static,/static,jar:file:/home/runner/.m2/repository/org/apache/ozone/hdds-container-service/1.4.0-SNAPSHOT/hdds-container-service-1.4.0-SNAPSHOT.jar!/webapps/static,AVAILABLE}
2023-09-29 12:51:16,006 [EndpointStateMachine task thread for /0.0.0.0:15002 - 0 ] INFO  utils.DatanodeStoreCache (DatanodeStoreCache.java:addDB(66)) - Added db /home/runner/work/ozone/ozone/hadoop-ozone/integration-test/target/test-dir/MiniOzoneClusterImpl-811b16cb-c214-4c75-bdb2-1b437bba6cdf/datanode-1/data-0/containers/hdds/811b16cb-c214-4c75-bdb2-1b437bba6cdf/DS-f0782524-0690-4d84-a08f-61b60d5423ee/container.db to cache
2023-09-29 12:51:16,011 [EndpointStateMachine task thread for /0.0.0.0:15002 - 0 ] INFO  volume.HddsVolume (HddsVolume.java:createDbStore(422)) - SchemaV3 db is created and loaded at /home/runner/work/ozone/ozone/hadoop-ozone/integration-test/target/test-dir/MiniOzoneClusterImpl-811b16cb-c214-4c75-bdb2-1b437bba6cdf/datanode-1/data-0/containers/hdds/811b16cb-c214-4c75-bdb2-1b437bba6cdf/DS-f0782524-0690-4d84-a08f-61b60d5423ee/container.db for volume DS-f0782524-0690-4d84-a08f-61b60d5423ee
2023-09-29 12:51:16,012 [EndpointStateMachine task thread for /0.0.0.0:15002 - 0 ] INFO  volume.ThrottledAsyncChecker (ThrottledAsyncChecker.java:schedule(141)) - Scheduling a check for /home/runner/work/ozone/ozone/hadoop-ozone/integration-test/target/test-dir/MiniOzoneClusterImpl-811b16cb-c214-4c75-bdb2-1b437bba6cdf/datanode-1/data-0/containers/hdds
2023-09-29 12:51:16,016 [EndpointStateMachine task thread for /0.0.0.0:15002 - 0 ] INFO  volume.StorageVolumeChecker (StorageVolumeChecker.java:checkAllVolumes(213)) - Scheduled health check for volume /home/runner/work/ozone/ozone/hadoop-ozone/integration-test/target/test-dir/MiniOzoneClusterImpl-811b16cb-c214-4c75-bdb2-1b437bba6cdf/datanode-1/data-0/containers/hdds
2023-09-29 12:51:16,025 [EndpointStateMachine task thread for /0.0.0.0:15002 - 0 ] INFO  volume.ThrottledAsyncChecker (ThrottledAsyncChecker.java:schedule(141)) - Scheduling a check for /home/runner/work/ozone/ozone/hadoop-ozone/integration-test/target/test-dir/MiniOzoneClusterImpl-811b16cb-c214-4c75-bdb2-1b437bba6cdf/datanode-1/data/ratis
2023-09-29 12:51:16,026 [EndpointStateMachine task thread for /0.0.0.0:15002 - 0 ] INFO  volume.StorageVolumeChecker (StorageVolumeChecker.java:checkAllVolumes(213)) - Scheduled health check for volume /home/runner/work/ozone/ozone/hadoop-ozone/integration-test/target/test-dir/MiniOzoneClusterImpl-811b16cb-c214-4c75-bdb2-1b437bba6cdf/datanode-1/data/ratis
2023-09-29 12:51:16,032 [EndpointStateMachine task thread for /0.0.0.0:15002 - 0 ] INFO  ozoneimpl.OzoneContainer (OzoneContainer.java:start(429)) - Attempting to start container services.
2023-09-29 12:51:16,032 [EndpointStateMachine task thread for /0.0.0.0:15002 - 0 ] INFO  ozoneimpl.OzoneContainer (OzoneContainer.java:startContainerScrub(325)) - Scheduled background container scanners and the on-demand container scanner have been disabled.
2023-09-29 12:51:16,034 [EndpointStateMachine task thread for /0.0.0.0:15002 - 0 ] INFO  replication.ReplicationServer (ReplicationServer.java:start(134)) - ReplicationServer is started using port 15025
2023-09-29 12:51:16,034 [EndpointStateMachine task thread for /0.0.0.0:15002 - 0 ] INFO  ratis.XceiverServerRatis (XceiverServerRatis.java:start(517)) - Starting XceiverServerRatis 5317d628-7528-4015-930b-d89d4a444778
2023-09-29 12:51:16,042 [EndpointStateMachine task thread for /0.0.0.0:15002 - 0 ] INFO  server.RaftServer (RaftServerProxy.java:startImpl(400)) - 5317d628-7528-4015-930b-d89d4a444778: start RPC server
2023-09-29 12:51:16,050 [EndpointStateMachine task thread for /0.0.0.0:15002 - 0 ] INFO  server.GrpcService (GrpcService.java:startImpl(302)) - 5317d628-7528-4015-930b-d89d4a444778: GrpcService started, listening on 15021
2023-09-29 12:51:16,051 [EndpointStateMachine task thread for /0.0.0.0:15002 - 0 ] INFO  server.GrpcService (GrpcService.java:startImpl(302)) - 5317d628-7528-4015-930b-d89d4a444778: GrpcService started, listening on 15023
2023-09-29 12:51:16,058 [EndpointStateMachine task thread for /0.0.0.0:15002 - 0 ] INFO  server.GrpcService (GrpcService.java:startImpl(302)) - 5317d628-7528-4015-930b-d89d4a444778: GrpcService started, listening on 15022
2023-09-29 12:51:16,062 [EndpointStateMachine task thread for /0.0.0.0:15002 - 0 ] INFO  ratis.XceiverServerRatis (XceiverServerRatis.java:getRealPort(543)) - XceiverServerRatis 5317d628-7528-4015-930b-d89d4a444778 is started using port 15021 for RATIS
2023-09-29 12:51:16,062 [EndpointStateMachine task thread for /0.0.0.0:15002 - 0 ] INFO  ratis.XceiverServerRatis (XceiverServerRatis.java:getRealPort(543)) - XceiverServerRatis 5317d628-7528-4015-930b-d89d4a444778 is started using port 15022 for RATIS_ADMIN
2023-09-29 12:51:16,062 [EndpointStateMachine task thread for /0.0.0.0:15002 - 0 ] INFO  ratis.XceiverServerRatis (XceiverServerRatis.java:getRealPort(543)) - XceiverServerRatis 5317d628-7528-4015-930b-d89d4a444778 is started using port 15023 for RATIS_SERVER
2023-09-29 12:51:16,062 [EndpointStateMachine task thread for /0.0.0.0:15002 - 0 ] INFO  ratis.XceiverServerRatis (XceiverServerRatis.java:getRealPort(543)) - XceiverServerRatis 5317d628-7528-4015-930b-d89d4a444778 is started using port 15024 for RATIS_DATASTREAM
2023-09-29 12:51:16,062 [JvmPauseMonitor3] INFO  util.JvmPauseMonitor (JvmPauseMonitor.java:run(103)) - JvmPauseMonitor-5317d628-7528-4015-930b-d89d4a444778: Started
2023-09-29 12:51:16,071 [BlockDeletingService#0] INFO  interfaces.ContainerDeletionChoosingPolicyTemplate (ContainerDeletionChoosingPolicyTemplate.java:chooseContainerForBlockDeletion(85)) - Chosen 0/5000 blocks from 0 candidate containers.
2023-09-29 12:51:16,268 [main] INFO  handler.ContextHandler (ContextHandler.java:doStart(921)) - Started o.e.j.w.WebAppContext@b19ceae{hddsDatanode,/,file:///home/runner/work/ozone/ozone/hadoop-ozone/integration-test/target/tmp/kms/webapp/,AVAILABLE}{jar:file:/home/runner/.m2/repository/org/apache/ozone/hdds-container-service/1.4.0-SNAPSHOT/hdds-container-service-1.4.0-SNAPSHOT.jar!/webapps/hddsDatanode}
2023-09-29 12:51:16,270 [main] INFO  server.AbstractConnector (AbstractConnector.java:doStart(333)) - Started ServerConnector@2bf95bf1{HTTP/1.1, (http/1.1)}{0.0.0.0:15063}
2023-09-29 12:51:16,270 [main] INFO  server.Server (Server.java:doStart(415)) - Started @16431ms
2023-09-29 12:51:16,271 [main] WARN  impl.MetricsSystemImpl (MetricsSystemImpl.java:register(279)) - Sink prometheus already exists!
2023-09-29 12:51:16,271 [main] INFO  http.BaseHttpServer (BaseHttpServer.java:updateConnectorAddress(354)) - HTTP server of hddsDatanode listening at http://0.0.0.0:15063
2023-09-29 12:51:16,272 [main] INFO  ipc.CallQueueManager (CallQueueManager.java:<init>(90)) - Using callQueue: class java.util.concurrent.LinkedBlockingQueue, queueCapacity: 100, scheduler: class org.apache.hadoop.ipc.DefaultRpcScheduler, ipcBackoff: false.
2023-09-29 12:51:16,272 [main] INFO  ipc.Server (Server.java:<init>(1287)) - Listener at 0.0.0.0:15064
2023-09-29 12:51:16,273 [Socket Reader #1 for port 15064] INFO  ipc.Server (Server.java:run(1323)) - Starting Socket Reader #1 for port 15064
2023-09-29 12:51:16,281 [main] INFO  ozone.HddsDatanodeService (HddsDatanodeService.java:start(315)) - Datanode start with admins: [runner]
2023-09-29 12:51:16,281 [main] INFO  ozone.HddsDatanodeClientProtocolServer (HddsDatanodeClientProtocolServer.java:start(72)) - RPC server for Client /0.0.0.0:15064
2023-09-29 12:51:16,282 [IPC Server Responder] INFO  ipc.Server (Server.java:run(1562)) - IPC Server Responder: starting
2023-09-29 12:51:16,282 [IPC Server listener on 15064] INFO  ipc.Server (Server.java:run(1402)) - IPC Server listener on 15064: starting
2023-09-29 12:51:16,283 [main] WARN  impl.MetricRegistriesImpl (MetricRegistriesImpl.java:addReporterRegistration(111)) - New reporters are added after registries were created. Some metrics will be missing from the reporter. Please add reporter before adding any new registry.
2023-09-29 12:51:16,283 [main] WARN  impl.MetricRegistriesImpl (MetricRegistriesImpl.java:addReporterRegistration(111)) - New reporters are added after registries were created. Some metrics will be missing from the reporter. Please add reporter before adding any new registry.
2023-09-29 12:51:16,283 [main] INFO  impl.MetricsSystemImpl (MetricsSystemImpl.java:init(158)) - HddsDatanode metrics system started (again)
2023-09-29 12:51:16,294 [Datanode State Machine Daemon Thread] INFO  statemachine.DatanodeStateMachine (DatanodeStateMachine.java:lambda$startDaemon$0(539)) - Ozone container server started.
2023-09-29 12:51:16,308 [main] INFO  ozone.HddsDatanodeService (HddsDatanodeService.java:start(237)) - HddsDatanodeService host:fv-az238-384.lrtv1j1tcsgurjp4mtmc3vvjre.gx.internal.cloudapp.net ip:10.1.0.70
2023-09-29 12:51:16,315 [Datanode State Machine Task Thread - 0] INFO  datanode.InitDatanodeState (InitDatanodeState.java:persistContainerDatanodeDetails(138)) - DatanodeDetails is persisted to /home/runner/work/ozone/ozone/hadoop-ozone/integration-test/target/test-dir/MiniOzoneClusterImpl-811b16cb-c214-4c75-bdb2-1b437bba6cdf/datanode-6/meta/datanode.id
2023-09-29 12:51:16,347 [main] INFO  upgrade.AbstractLayoutVersionManager (AbstractLayoutVersionManager.java:init(83)) - Initializing Layout version manager with metadata layout = HADOOP_PRC_PORTS_IN_DATANODEDETAILS (version = 7), software layout = HADOOP_PRC_PORTS_IN_DATANODEDETAILS (version = 7)
2023-09-29 12:51:16,348 [main] INFO  statemachine.DatanodeStateMachine (DatanodeStateMachine.java:getEndPointTaskThreadPoolSize(283)) - Datanode State Machine Task Thread Pool size 2
2023-09-29 12:51:16,350 [main] INFO  volume.HddsVolume (HddsVolume.java:<init>(126)) - Creating HddsVolume: /home/runner/work/ozone/ozone/hadoop-ozone/integration-test/target/test-dir/MiniOzoneClusterImpl-811b16cb-c214-4c75-bdb2-1b437bba6cdf/datanode-7/data-0/containers/hdds of storage type : DISK capacity : 9223372036854775807
2023-09-29 12:51:16,350 [main] INFO  volume.MutableVolumeSet (MutableVolumeSet.java:initializeVolumeSet(173)) - Added Volume : /home/runner/work/ozone/ozone/hadoop-ozone/integration-test/target/test-dir/MiniOzoneClusterImpl-811b16cb-c214-4c75-bdb2-1b437bba6cdf/datanode-7/data-0/containers/hdds to VolumeSet
2023-09-29 12:51:16,352 [main] INFO  volume.MutableVolumeSet (MutableVolumeSet.java:initializeVolumeSet(173)) - Added Volume : /home/runner/work/ozone/ozone/hadoop-ozone/integration-test/target/test-dir/MiniOzoneClusterImpl-811b16cb-c214-4c75-bdb2-1b437bba6cdf/datanode-7/data/ratis to VolumeSet
2023-09-29 12:51:16,352 [Thread-284] INFO  ozoneimpl.ContainerReader (ContainerReader.java:readVolume(177)) - Finish verifying containers on volume /home/runner/work/ozone/ozone/hadoop-ozone/integration-test/target/test-dir/MiniOzoneClusterImpl-811b16cb-c214-4c75-bdb2-1b437bba6cdf/datanode-7/data-0/containers/hdds
2023-09-29 12:51:16,352 [main] INFO  ozoneimpl.OzoneContainer (OzoneContainer.java:buildContainerSet(314)) - Build ContainerSet costs 0s
2023-09-29 12:51:16,355 [main] INFO  server.RaftServer (ConfUtils.java:logGet(46)) - raft.rpc.type = GRPC (default)
2023-09-29 12:51:16,356 [main] INFO  grpc.GrpcConfigKeys (ConfUtils.java:logFallback(53)) - raft.grpc.admin.host = null (fallback to raft.grpc.server.host)
2023-09-29 12:51:16,356 [main] INFO  grpc.GrpcConfigKeys (ConfUtils.java:logGet(46)) - raft.grpc.admin.port = 15076 (custom)
2023-09-29 12:51:16,356 [main] INFO  grpc.GrpcConfigKeys (ConfUtils.java:logFallback(53)) - raft.grpc.client.host = null (fallback to raft.grpc.server.host)
2023-09-29 12:51:16,356 [main] INFO  grpc.GrpcConfigKeys (ConfUtils.java:logGet(46)) - raft.grpc.client.port = 15075 (custom)
2023-09-29 12:51:16,357 [main] INFO  grpc.GrpcConfigKeys (ConfUtils.java:logGet(46)) - raft.grpc.server.host = null (default)
2023-09-29 12:51:16,357 [main] INFO  grpc.GrpcConfigKeys (ConfUtils.java:logGet(46)) - raft.grpc.server.port = 15077 (custom)
2023-09-29 12:51:16,357 [main] INFO  server.GrpcService (ConfUtils.java:logGet(46)) - raft.grpc.message.size.max = 32MB (=33554432) (custom)
2023-09-29 12:51:16,357 [main] INFO  server.RaftServerConfigKeys (ConfUtils.java:logGet(46)) - raft.server.log.appender.buffer.byte-limit = 33554432 (custom)
2023-09-29 12:51:16,357 [main] INFO  server.GrpcService (ConfUtils.java:logGet(46)) - raft.grpc.flow.control.window = 5MB (=5242880) (custom)
2023-09-29 12:51:16,358 [main] INFO  server.RaftServerConfigKeys (ConfUtils.java:logGet(46)) - raft.server.rpc.request.timeout = 60s (custom)
2023-09-29 12:51:16,358 [main] INFO  grpc.GrpcConfigKeys (ConfUtils.java:logGet(46)) - raft.grpc.server.heartbeat.channel = true (default)
2023-09-29 12:51:16,358 [main] INFO  grpc.GrpcConfigKeys (ConfUtils.java:logGet(46)) - raft.grpc.server.async.request.thread.pool.cached = true (default)
2023-09-29 12:51:16,358 [main] INFO  grpc.GrpcConfigKeys (ConfUtils.java:logGet(46)) - raft.grpc.server.async.request.thread.pool.size = 32 (default)
2023-09-29 12:51:16,361 [main] INFO  impl.DataStreamServerImpl (ConfUtils.java:logGet(46)) - raft.datastream.type = NETTY (custom)
2023-09-29 12:51:16,362 [main] INFO  server.RaftServerConfigKeys (ConfUtils.java:logGet(46)) - raft.server.data-stream.async.request.thread.pool.cached = false (default)
2023-09-29 12:51:16,362 [main] INFO  server.RaftServerConfigKeys (ConfUtils.java:logGet(46)) - raft.server.data-stream.async.request.thread.pool.size = 20 (custom)
2023-09-29 12:51:16,362 [main] INFO  server.RaftServerConfigKeys (ConfUtils.java:logGet(46)) - raft.server.data-stream.async.write.thread.pool.size = 16 (default)
2023-09-29 12:51:16,363 [main] INFO  server.RaftServerConfigKeys (ConfUtils.java:logGet(46)) - raft.server.data-stream.client.pool.size = 10 (default)
2023-09-29 12:51:16,363 [main] INFO  netty.NettyConfigKeys$DataStream (ConfUtils.java:logGet(46)) - raft.netty.dataStream.server.use-epoll = false (default)
2023-09-29 12:51:16,363 [main] INFO  netty.NettyConfigKeys$DataStream (ConfUtils.java:logGet(46)) - raft.netty.dataStream.server.boss-group.size = 0 (default)
2023-09-29 12:51:16,364 [main] INFO  netty.NettyConfigKeys$DataStream (ConfUtils.java:logGet(46)) - raft.netty.dataStream.server.worker-group.size = 0 (default)
2023-09-29 12:51:16,364 [main] INFO  netty.NettyConfigKeys$DataStream (ConfUtils.java:logGet(46)) - raft.netty.dataStream.server.tls.conf = null (default)
2023-09-29 12:51:16,364 [main] INFO  netty.NettyConfigKeys$DataStream (ConfUtils.java:logGet(46)) - raft.netty.dataStream.host = null (default)
2023-09-29 12:51:16,365 [main] INFO  netty.NettyConfigKeys$DataStream (ConfUtils.java:logGet(46)) - raft.netty.dataStream.port = 15078 (custom)
2023-09-29 12:51:16,365 [main] INFO  server.RaftServerConfigKeys (ConfUtils.java:logGet(46)) - raft.server.threadpool.proxy.cached = true (default)
2023-09-29 12:51:16,367 [main] INFO  server.RaftServerConfigKeys (ConfUtils.java:logGet(46)) - raft.server.threadpool.proxy.size = 0 (default)
2023-09-29 12:51:16,367 [main] INFO  server.RaftServerConfigKeys (ConfUtils.java:logGet(46)) - raft.server.rpc.slowness.timeout = 300s (custom)
2023-09-29 12:51:16,367 [main] INFO  server.RaftServerConfigKeys (ConfUtils.java:logGet(46)) - raft.server.leaderelection.leader.step-down.wait-time = 10s (default)
2023-09-29 12:51:16,367 [main] INFO  server.RaftServerConfigKeys (ConfUtils.java:logGet(46)) - raft.server.storage.dir = [/home/runner/work/ozone/ozone/hadoop-ozone/integration-test/target/test-dir/MiniOzoneClusterImpl-811b16cb-c214-4c75-bdb2-1b437bba6cdf/datanode-7/data/ratis] (custom)
2023-09-29 12:51:16,376 [9fc007ee-6328-4e66-a7f4-dfd370a25fec-NettyServerStreamRpc-bossGroup--thread1] INFO  logging.LoggingHandler (AbstractInternalLogger.java:log(148)) - [id: 0x96e664bc] REGISTERED
2023-09-29 12:51:16,376 [9fc007ee-6328-4e66-a7f4-dfd370a25fec-NettyServerStreamRpc-bossGroup--thread1] INFO  logging.LoggingHandler (AbstractInternalLogger.java:log(148)) - [id: 0x96e664bc] BIND: 0.0.0.0/0.0.0.0:15078
2023-09-29 12:51:16,377 [9fc007ee-6328-4e66-a7f4-dfd370a25fec-NettyServerStreamRpc-bossGroup--thread1] INFO  logging.LoggingHandler (AbstractInternalLogger.java:log(148)) - [id: 0x96e664bc, L:/0:0:0:0:0:0:0:0:15078] ACTIVE
2023-09-29 12:51:16,377 [9fc007ee-6328-4e66-a7f4-dfd370a25fec-impl-thread1] INFO  server.RaftServer (RaftServerProxy.java:initGroupDir(258)) - 9fc007ee-6328-4e66-a7f4-dfd370a25fec: found a subdirectory /home/runner/work/ozone/ozone/hadoop-ozone/integration-test/target/test-dir/MiniOzoneClusterImpl-811b16cb-c214-4c75-bdb2-1b437bba6cdf/datanode-7/data/ratis/tmp
2023-09-29 12:51:16,377 [9fc007ee-6328-4e66-a7f4-dfd370a25fec-impl-thread1] INFO  server.RaftServer (RaftServerProxy.java:initGroupDir(263)) - 9fc007ee-6328-4e66-a7f4-dfd370a25fec: The directory /home/runner/work/ozone/ozone/hadoop-ozone/integration-test/target/test-dir/MiniOzoneClusterImpl-811b16cb-c214-4c75-bdb2-1b437bba6cdf/datanode-7/data/ratis/tmp is not a group directory; ignoring it. 
2023-09-29 12:51:16,378 [main] INFO  replication.ReplicationServer (ReplicationServer.java:<init>(83)) - Initializing replication server with thread count = 10 queue length = 4096
2023-09-29 12:51:16,380 [main] INFO  server.XceiverServerGrpc (XceiverServerGrpc.java:<init>(132)) - GrpcServer channel type EpollServerSocketChannel
2023-09-29 12:51:16,382 [main] INFO  replication.ReplicationSupervisor (ReplicationSupervisor.java:build(155)) - Initializing replication supervisor with thread count = 10
2023-09-29 12:51:16,383 [main] INFO  replication.ReplicationSupervisor (ReplicationSupervisor.java:nodeStateUpdated(307)) - Node state updated to IN_SERVICE, scaling executor pool size to 10
2023-09-29 12:51:16,386 [main] INFO  http.BaseHttpServer (BaseHttpServer.java:newHttpServer2BuilderForOzone(223)) - Starting Web-server for hddsDatanode at: http://0.0.0.0:15072
2023-09-29 12:51:16,386 [main] INFO  http.BaseHttpServer (BaseHttpServer.java:<init>(110)) - Hadoop Security Enabled: false Ozone Security Enabled: false Ozone HTTP Security Enabled: false 
2023-09-29 12:51:16,388 [main] WARN  server.AuthenticationFilter (AuthenticationFilter.java:constructSecretProvider(240)) - Unable to initialize FileSignerSecretProvider, falling back to use random secrets. Reason: Could not read signature secret file: /home/runner/hadoop-http-auth-signature-secret
2023-09-29 12:51:16,389 [main] INFO  http.HttpRequestLog (HttpRequestLog.java:getRequestLog(86)) - Http request log for http.requests.hddsDatanode is not defined
2023-09-29 12:51:16,390 [main] INFO  http.HttpServer2 (HttpServer2.java:addGlobalFilter(1031)) - Added global filter 'safety' (class=org.apache.hadoop.hdds.server.http.HttpServer2$QuotingInputFilter)
2023-09-29 12:51:16,391 [main] INFO  http.HttpServer2 (HttpServer2.java:addFilter(1007)) - Added filter static_user_filter (class=org.apache.hadoop.http.lib.StaticUserWebFilter$StaticUserFilter) to context hddsDatanode
2023-09-29 12:51:16,392 [main] INFO  http.HttpServer2 (HttpServer2.java:addFilter(1015)) - Added filter static_user_filter (class=org.apache.hadoop.http.lib.StaticUserWebFilter$StaticUserFilter) to context static
2023-09-29 12:51:16,392 [main] INFO  http.HttpServer2 (HttpServer2.java:addFilter(1015)) - Added filter static_user_filter (class=org.apache.hadoop.http.lib.StaticUserWebFilter$StaticUserFilter) to context logs
2023-09-29 12:51:16,393 [main] INFO  http.BaseHttpServer (BaseHttpServer.java:<init>(189)) - HTTP server of hddsDatanode uses base directory /home/runner/work/ozone/ozone/hadoop-ozone/integration-test/target/test-dir/MiniOzoneClusterImpl-811b16cb-c214-4c75-bdb2-1b437bba6cdf/datanode-7/meta/webserver
2023-09-29 12:51:16,393 [main] INFO  http.HttpServer2 (HttpServer2.java:bindListener(1231)) - Jetty bound to port 15072
2023-09-29 12:51:16,393 [main] INFO  server.Server (Server.java:doStart(375)) - jetty-9.4.52.v20230823; built: 2023-08-23T19:29:37.669Z; git: abdcda73818a1a2c705da276edb0bf6581e7997e; jvm 1.8.0_382-b05
2023-09-29 12:51:16,395 [main] INFO  server.session (DefaultSessionIdManager.java:doStart(334)) - DefaultSessionIdManager workerName=node0
2023-09-29 12:51:16,395 [main] INFO  server.session (DefaultSessionIdManager.java:doStart(339)) - No SessionScavenger set, using defaults
2023-09-29 12:51:16,395 [main] INFO  server.session (HouseKeeper.java:startScavenging(132)) - node0 Scavenging every 600000ms
2023-09-29 12:51:16,396 [main] INFO  handler.ContextHandler (ContextHandler.java:doStart(921)) - Started o.e.j.s.ServletContextHandler@76efa553{logs,/logs,file:///home/runner/work/ozone/ozone/hadoop-ozone/integration-test/target/log,AVAILABLE}
2023-09-29 12:51:16,396 [main] INFO  handler.ContextHandler (ContextHandler.java:doStart(921)) - Started o.e.j.s.ServletContextHandler@1bdd496f{static,/static,jar:file:/home/runner/.m2/repository/org/apache/ozone/hdds-container-service/1.4.0-SNAPSHOT/hdds-container-service-1.4.0-SNAPSHOT.jar!/webapps/static,AVAILABLE}
2023-09-29 12:51:16,506 [EndpointStateMachine task thread for /0.0.0.0:15002 - 0 ] INFO  utils.DatanodeStoreCache (DatanodeStoreCache.java:addDB(66)) - Added db /home/runner/work/ozone/ozone/hadoop-ozone/integration-test/target/test-dir/MiniOzoneClusterImpl-811b16cb-c214-4c75-bdb2-1b437bba6cdf/datanode-2/data-0/containers/hdds/811b16cb-c214-4c75-bdb2-1b437bba6cdf/DS-7db2af4a-3480-4614-a4c1-fc0268a4a308/container.db to cache
2023-09-29 12:51:16,506 [EndpointStateMachine task thread for /0.0.0.0:15002 - 0 ] INFO  volume.HddsVolume (HddsVolume.java:createDbStore(422)) - SchemaV3 db is created and loaded at /home/runner/work/ozone/ozone/hadoop-ozone/integration-test/target/test-dir/MiniOzoneClusterImpl-811b16cb-c214-4c75-bdb2-1b437bba6cdf/datanode-2/data-0/containers/hdds/811b16cb-c214-4c75-bdb2-1b437bba6cdf/DS-7db2af4a-3480-4614-a4c1-fc0268a4a308/container.db for volume DS-7db2af4a-3480-4614-a4c1-fc0268a4a308
2023-09-29 12:51:16,507 [EndpointStateMachine task thread for /0.0.0.0:15002 - 0 ] INFO  volume.ThrottledAsyncChecker (ThrottledAsyncChecker.java:schedule(141)) - Scheduling a check for /home/runner/work/ozone/ozone/hadoop-ozone/integration-test/target/test-dir/MiniOzoneClusterImpl-811b16cb-c214-4c75-bdb2-1b437bba6cdf/datanode-2/data-0/containers/hdds
2023-09-29 12:51:16,511 [EndpointStateMachine task thread for /0.0.0.0:15002 - 0 ] INFO  volume.StorageVolumeChecker (StorageVolumeChecker.java:checkAllVolumes(213)) - Scheduled health check for volume /home/runner/work/ozone/ozone/hadoop-ozone/integration-test/target/test-dir/MiniOzoneClusterImpl-811b16cb-c214-4c75-bdb2-1b437bba6cdf/datanode-2/data-0/containers/hdds
2023-09-29 12:51:16,517 [EndpointStateMachine task thread for /0.0.0.0:15002 - 0 ] INFO  volume.ThrottledAsyncChecker (ThrottledAsyncChecker.java:schedule(141)) - Scheduling a check for /home/runner/work/ozone/ozone/hadoop-ozone/integration-test/target/test-dir/MiniOzoneClusterImpl-811b16cb-c214-4c75-bdb2-1b437bba6cdf/datanode-2/data/ratis
2023-09-29 12:51:16,517 [EndpointStateMachine task thread for /0.0.0.0:15002 - 0 ] INFO  volume.StorageVolumeChecker (StorageVolumeChecker.java:checkAllVolumes(213)) - Scheduled health check for volume /home/runner/work/ozone/ozone/hadoop-ozone/integration-test/target/test-dir/MiniOzoneClusterImpl-811b16cb-c214-4c75-bdb2-1b437bba6cdf/datanode-2/data/ratis
2023-09-29 12:51:16,526 [EndpointStateMachine task thread for /0.0.0.0:15002 - 0 ] INFO  ozoneimpl.OzoneContainer (OzoneContainer.java:start(429)) - Attempting to start container services.
2023-09-29 12:51:16,526 [EndpointStateMachine task thread for /0.0.0.0:15002 - 0 ] INFO  ozoneimpl.OzoneContainer (OzoneContainer.java:startContainerScrub(325)) - Scheduled background container scanners and the on-demand container scanner have been disabled.
2023-09-29 12:51:16,530 [EndpointStateMachine task thread for /0.0.0.0:15002 - 0 ] INFO  replication.ReplicationServer (ReplicationServer.java:start(134)) - ReplicationServer is started using port 15034
2023-09-29 12:51:16,530 [EndpointStateMachine task thread for /0.0.0.0:15002 - 0 ] INFO  ratis.XceiverServerRatis (XceiverServerRatis.java:start(517)) - Starting XceiverServerRatis 9305807b-68e0-4de4-9f06-795e0c374ac6
2023-09-29 12:51:16,535 [EndpointStateMachine task thread for /0.0.0.0:15002 - 0 ] INFO  server.RaftServer (RaftServerProxy.java:startImpl(400)) - 9305807b-68e0-4de4-9f06-795e0c374ac6: start RPC server
2023-09-29 12:51:16,537 [EndpointStateMachine task thread for /0.0.0.0:15002 - 0 ] INFO  server.GrpcService (GrpcService.java:startImpl(302)) - 9305807b-68e0-4de4-9f06-795e0c374ac6: GrpcService started, listening on 15030
2023-09-29 12:51:16,540 [EndpointStateMachine task thread for /0.0.0.0:15002 - 0 ] INFO  server.GrpcService (GrpcService.java:startImpl(302)) - 9305807b-68e0-4de4-9f06-795e0c374ac6: GrpcService started, listening on 15032
2023-09-29 12:51:16,543 [EndpointStateMachine task thread for /0.0.0.0:15002 - 0 ] INFO  server.GrpcService (GrpcService.java:startImpl(302)) - 9305807b-68e0-4de4-9f06-795e0c374ac6: GrpcService started, listening on 15031
2023-09-29 12:51:16,544 [EndpointStateMachine task thread for /0.0.0.0:15002 - 0 ] INFO  ratis.XceiverServerRatis (XceiverServerRatis.java:getRealPort(543)) - XceiverServerRatis 9305807b-68e0-4de4-9f06-795e0c374ac6 is started using port 15030 for RATIS
2023-09-29 12:51:16,544 [EndpointStateMachine task thread for /0.0.0.0:15002 - 0 ] INFO  ratis.XceiverServerRatis (XceiverServerRatis.java:getRealPort(543)) - XceiverServerRatis 9305807b-68e0-4de4-9f06-795e0c374ac6 is started using port 15031 for RATIS_ADMIN
2023-09-29 12:51:16,544 [EndpointStateMachine task thread for /0.0.0.0:15002 - 0 ] INFO  ratis.XceiverServerRatis (XceiverServerRatis.java:getRealPort(543)) - XceiverServerRatis 9305807b-68e0-4de4-9f06-795e0c374ac6 is started using port 15032 for RATIS_SERVER
2023-09-29 12:51:16,544 [EndpointStateMachine task thread for /0.0.0.0:15002 - 0 ] INFO  ratis.XceiverServerRatis (XceiverServerRatis.java:getRealPort(543)) - XceiverServerRatis 9305807b-68e0-4de4-9f06-795e0c374ac6 is started using port 15033 for RATIS_DATASTREAM
2023-09-29 12:51:16,549 [JvmPauseMonitor4] INFO  util.JvmPauseMonitor (JvmPauseMonitor.java:run(103)) - JvmPauseMonitor-9305807b-68e0-4de4-9f06-795e0c374ac6: Started
2023-09-29 12:51:16,557 [BlockDeletingService#0] INFO  interfaces.ContainerDeletionChoosingPolicyTemplate (ContainerDeletionChoosingPolicyTemplate.java:chooseContainerForBlockDeletion(85)) - Chosen 0/5000 blocks from 0 candidate containers.
2023-09-29 12:51:16,695 [main] INFO  handler.ContextHandler (ContextHandler.java:doStart(921)) - Started o.e.j.w.WebAppContext@5b4932c8{hddsDatanode,/,file:///home/runner/work/ozone/ozone/hadoop-ozone/integration-test/target/tmp/kms/webapp/,AVAILABLE}{jar:file:/home/runner/.m2/repository/org/apache/ozone/hdds-container-service/1.4.0-SNAPSHOT/hdds-container-service-1.4.0-SNAPSHOT.jar!/webapps/hddsDatanode}
2023-09-29 12:51:16,698 [main] INFO  server.AbstractConnector (AbstractConnector.java:doStart(333)) - Started ServerConnector@320f6f8c{HTTP/1.1, (http/1.1)}{0.0.0.0:15072}
2023-09-29 12:51:16,698 [main] INFO  server.Server (Server.java:doStart(415)) - Started @16858ms
2023-09-29 12:51:16,698 [main] WARN  impl.MetricsSystemImpl (MetricsSystemImpl.java:register(279)) - Sink prometheus already exists!
2023-09-29 12:51:16,699 [main] INFO  http.BaseHttpServer (BaseHttpServer.java:updateConnectorAddress(354)) - HTTP server of hddsDatanode listening at http://0.0.0.0:15072
2023-09-29 12:51:16,699 [main] INFO  ipc.CallQueueManager (CallQueueManager.java:<init>(90)) - Using callQueue: class java.util.concurrent.LinkedBlockingQueue, queueCapacity: 100, scheduler: class org.apache.hadoop.ipc.DefaultRpcScheduler, ipcBackoff: false.
2023-09-29 12:51:16,700 [main] INFO  ipc.Server (Server.java:<init>(1287)) - Listener at 0.0.0.0:15073
2023-09-29 12:51:16,701 [Socket Reader #1 for port 15073] INFO  ipc.Server (Server.java:run(1323)) - Starting Socket Reader #1 for port 15073
2023-09-29 12:51:16,703 [main] INFO  ozone.HddsDatanodeService (HddsDatanodeService.java:start(315)) - Datanode start with admins: [runner]
2023-09-29 12:51:16,703 [main] INFO  ozone.HddsDatanodeClientProtocolServer (HddsDatanodeClientProtocolServer.java:start(72)) - RPC server for Client /0.0.0.0:15073
2023-09-29 12:51:16,704 [IPC Server Responder] INFO  ipc.Server (Server.java:run(1562)) - IPC Server Responder: starting
2023-09-29 12:51:16,704 [IPC Server listener on 15073] INFO  ipc.Server (Server.java:run(1402)) - IPC Server listener on 15073: starting
2023-09-29 12:51:16,705 [Datanode State Machine Daemon Thread] INFO  statemachine.DatanodeStateMachine (DatanodeStateMachine.java:lambda$startDaemon$0(539)) - Ozone container server started.
2023-09-29 12:51:16,705 [main] WARN  impl.MetricRegistriesImpl (MetricRegistriesImpl.java:addReporterRegistration(111)) - New reporters are added after registries were created. Some metrics will be missing from the reporter. Please add reporter before adding any new registry.
2023-09-29 12:51:16,707 [main] WARN  impl.MetricRegistriesImpl (MetricRegistriesImpl.java:addReporterRegistration(111)) - New reporters are added after registries were created. Some metrics will be missing from the reporter. Please add reporter before adding any new registry.
2023-09-29 12:51:16,707 [main] INFO  impl.MetricsSystemImpl (MetricsSystemImpl.java:init(158)) - HddsDatanode metrics system started (again)
2023-09-29 12:51:16,720 [Datanode State Machine Task Thread - 0] INFO  datanode.InitDatanodeState (InitDatanodeState.java:persistContainerDatanodeDetails(138)) - DatanodeDetails is persisted to /home/runner/work/ozone/ozone/hadoop-ozone/integration-test/target/test-dir/MiniOzoneClusterImpl-811b16cb-c214-4c75-bdb2-1b437bba6cdf/datanode-7/meta/datanode.id
2023-09-29 12:51:16,721 [main] INFO  ozone.HddsDatanodeService (HddsDatanodeService.java:start(237)) - HddsDatanodeService host:fv-az238-384.lrtv1j1tcsgurjp4mtmc3vvjre.gx.internal.cloudapp.net ip:10.1.0.70
2023-09-29 12:51:16,748 [main] INFO  upgrade.AbstractLayoutVersionManager (AbstractLayoutVersionManager.java:init(83)) - Initializing Layout version manager with metadata layout = HADOOP_PRC_PORTS_IN_DATANODEDETAILS (version = 7), software layout = HADOOP_PRC_PORTS_IN_DATANODEDETAILS (version = 7)
2023-09-29 12:51:16,749 [main] INFO  statemachine.DatanodeStateMachine (DatanodeStateMachine.java:getEndPointTaskThreadPoolSize(283)) - Datanode State Machine Task Thread Pool size 2
2023-09-29 12:51:16,751 [main] INFO  volume.HddsVolume (HddsVolume.java:<init>(126)) - Creating HddsVolume: /home/runner/work/ozone/ozone/hadoop-ozone/integration-test/target/test-dir/MiniOzoneClusterImpl-811b16cb-c214-4c75-bdb2-1b437bba6cdf/datanode-8/data-0/containers/hdds of storage type : DISK capacity : 9223372036854775807
2023-09-29 12:51:16,751 [main] INFO  volume.MutableVolumeSet (MutableVolumeSet.java:initializeVolumeSet(173)) - Added Volume : /home/runner/work/ozone/ozone/hadoop-ozone/integration-test/target/test-dir/MiniOzoneClusterImpl-811b16cb-c214-4c75-bdb2-1b437bba6cdf/datanode-8/data-0/containers/hdds to VolumeSet
2023-09-29 12:51:16,752 [main] INFO  volume.MutableVolumeSet (MutableVolumeSet.java:initializeVolumeSet(173)) - Added Volume : /home/runner/work/ozone/ozone/hadoop-ozone/integration-test/target/test-dir/MiniOzoneClusterImpl-811b16cb-c214-4c75-bdb2-1b437bba6cdf/datanode-8/data/ratis to VolumeSet
2023-09-29 12:51:16,753 [Thread-306] INFO  ozoneimpl.ContainerReader (ContainerReader.java:readVolume(177)) - Finish verifying containers on volume /home/runner/work/ozone/ozone/hadoop-ozone/integration-test/target/test-dir/MiniOzoneClusterImpl-811b16cb-c214-4c75-bdb2-1b437bba6cdf/datanode-8/data-0/containers/hdds
2023-09-29 12:51:16,753 [main] INFO  ozoneimpl.OzoneContainer (OzoneContainer.java:buildContainerSet(314)) - Build ContainerSet costs 0s
2023-09-29 12:51:16,757 [main] INFO  server.RaftServer (ConfUtils.java:logGet(46)) - raft.rpc.type = GRPC (default)
2023-09-29 12:51:16,758 [main] INFO  grpc.GrpcConfigKeys (ConfUtils.java:logFallback(53)) - raft.grpc.admin.host = null (fallback to raft.grpc.server.host)
2023-09-29 12:51:16,758 [main] INFO  grpc.GrpcConfigKeys (ConfUtils.java:logGet(46)) - raft.grpc.admin.port = 15085 (custom)
2023-09-29 12:51:16,758 [main] INFO  grpc.GrpcConfigKeys (ConfUtils.java:logFallback(53)) - raft.grpc.client.host = null (fallback to raft.grpc.server.host)
2023-09-29 12:51:16,758 [main] INFO  grpc.GrpcConfigKeys (ConfUtils.java:logGet(46)) - raft.grpc.client.port = 15084 (custom)
2023-09-29 12:51:16,759 [main] INFO  grpc.GrpcConfigKeys (ConfUtils.java:logGet(46)) - raft.grpc.server.host = null (default)
2023-09-29 12:51:16,759 [main] INFO  grpc.GrpcConfigKeys (ConfUtils.java:logGet(46)) - raft.grpc.server.port = 15086 (custom)
2023-09-29 12:51:16,759 [main] INFO  server.GrpcService (ConfUtils.java:logGet(46)) - raft.grpc.message.size.max = 32MB (=33554432) (custom)
2023-09-29 12:51:16,759 [main] INFO  server.RaftServerConfigKeys (ConfUtils.java:logGet(46)) - raft.server.log.appender.buffer.byte-limit = 33554432 (custom)
2023-09-29 12:51:16,759 [main] INFO  server.GrpcService (ConfUtils.java:logGet(46)) - raft.grpc.flow.control.window = 5MB (=5242880) (custom)
2023-09-29 12:51:16,760 [main] INFO  server.RaftServerConfigKeys (ConfUtils.java:logGet(46)) - raft.server.rpc.request.timeout = 60s (custom)
2023-09-29 12:51:16,760 [main] INFO  grpc.GrpcConfigKeys (ConfUtils.java:logGet(46)) - raft.grpc.server.heartbeat.channel = true (default)
2023-09-29 12:51:16,760 [main] INFO  grpc.GrpcConfigKeys (ConfUtils.java:logGet(46)) - raft.grpc.server.async.request.thread.pool.cached = true (default)
2023-09-29 12:51:16,760 [main] INFO  grpc.GrpcConfigKeys (ConfUtils.java:logGet(46)) - raft.grpc.server.async.request.thread.pool.size = 32 (default)
2023-09-29 12:51:16,763 [main] INFO  impl.DataStreamServerImpl (ConfUtils.java:logGet(46)) - raft.datastream.type = NETTY (custom)
2023-09-29 12:51:16,764 [main] INFO  server.RaftServerConfigKeys (ConfUtils.java:logGet(46)) - raft.server.data-stream.async.request.thread.pool.cached = false (default)
2023-09-29 12:51:16,764 [main] INFO  server.RaftServerConfigKeys (ConfUtils.java:logGet(46)) - raft.server.data-stream.async.request.thread.pool.size = 20 (custom)
2023-09-29 12:51:16,764 [main] INFO  server.RaftServerConfigKeys (ConfUtils.java:logGet(46)) - raft.server.data-stream.async.write.thread.pool.size = 16 (default)
2023-09-29 12:51:16,764 [main] INFO  server.RaftServerConfigKeys (ConfUtils.java:logGet(46)) - raft.server.data-stream.client.pool.size = 10 (default)
2023-09-29 12:51:16,765 [main] INFO  netty.NettyConfigKeys$DataStream (ConfUtils.java:logGet(46)) - raft.netty.dataStream.server.use-epoll = false (default)
2023-09-29 12:51:16,765 [main] INFO  netty.NettyConfigKeys$DataStream (ConfUtils.java:logGet(46)) - raft.netty.dataStream.server.boss-group.size = 0 (default)
2023-09-29 12:51:16,765 [main] INFO  netty.NettyConfigKeys$DataStream (ConfUtils.java:logGet(46)) - raft.netty.dataStream.server.worker-group.size = 0 (default)
2023-09-29 12:51:16,766 [main] INFO  netty.NettyConfigKeys$DataStream (ConfUtils.java:logGet(46)) - raft.netty.dataStream.server.tls.conf = null (default)
2023-09-29 12:51:16,766 [main] INFO  netty.NettyConfigKeys$DataStream (ConfUtils.java:logGet(46)) - raft.netty.dataStream.host = null (default)
2023-09-29 12:51:16,766 [main] INFO  netty.NettyConfigKeys$DataStream (ConfUtils.java:logGet(46)) - raft.netty.dataStream.port = 15087 (custom)
2023-09-29 12:51:16,767 [main] INFO  server.RaftServerConfigKeys (ConfUtils.java:logGet(46)) - raft.server.threadpool.proxy.cached = true (default)
2023-09-29 12:51:16,767 [main] INFO  server.RaftServerConfigKeys (ConfUtils.java:logGet(46)) - raft.server.threadpool.proxy.size = 0 (default)
2023-09-29 12:51:16,767 [main] INFO  server.RaftServerConfigKeys (ConfUtils.java:logGet(46)) - raft.server.rpc.slowness.timeout = 300s (custom)
2023-09-29 12:51:16,767 [main] INFO  server.RaftServerConfigKeys (ConfUtils.java:logGet(46)) - raft.server.leaderelection.leader.step-down.wait-time = 10s (default)
2023-09-29 12:51:16,768 [main] INFO  server.RaftServerConfigKeys (ConfUtils.java:logGet(46)) - raft.server.storage.dir = [/home/runner/work/ozone/ozone/hadoop-ozone/integration-test/target/test-dir/MiniOzoneClusterImpl-811b16cb-c214-4c75-bdb2-1b437bba6cdf/datanode-8/data/ratis] (custom)
2023-09-29 12:51:16,772 [4dfacd3a-85e6-4f60-aa9f-15a17a1c954a-NettyServerStreamRpc-bossGroup--thread1] INFO  logging.LoggingHandler (AbstractInternalLogger.java:log(148)) - [id: 0xfefc2ab5] REGISTERED
2023-09-29 12:51:16,772 [4dfacd3a-85e6-4f60-aa9f-15a17a1c954a-NettyServerStreamRpc-bossGroup--thread1] INFO  logging.LoggingHandler (AbstractInternalLogger.java:log(148)) - [id: 0xfefc2ab5] BIND: 0.0.0.0/0.0.0.0:15087
2023-09-29 12:51:16,772 [4dfacd3a-85e6-4f60-aa9f-15a17a1c954a-impl-thread1] INFO  server.RaftServer (RaftServerProxy.java:initGroupDir(258)) - 4dfacd3a-85e6-4f60-aa9f-15a17a1c954a: found a subdirectory /home/runner/work/ozone/ozone/hadoop-ozone/integration-test/target/test-dir/MiniOzoneClusterImpl-811b16cb-c214-4c75-bdb2-1b437bba6cdf/datanode-8/data/ratis/tmp
2023-09-29 12:51:16,772 [4dfacd3a-85e6-4f60-aa9f-15a17a1c954a-NettyServerStreamRpc-bossGroup--thread1] INFO  logging.LoggingHandler (AbstractInternalLogger.java:log(148)) - [id: 0xfefc2ab5, L:/0:0:0:0:0:0:0:0:15087] ACTIVE
2023-09-29 12:51:16,772 [4dfacd3a-85e6-4f60-aa9f-15a17a1c954a-impl-thread1] INFO  server.RaftServer (RaftServerProxy.java:initGroupDir(263)) - 4dfacd3a-85e6-4f60-aa9f-15a17a1c954a: The directory /home/runner/work/ozone/ozone/hadoop-ozone/integration-test/target/test-dir/MiniOzoneClusterImpl-811b16cb-c214-4c75-bdb2-1b437bba6cdf/datanode-8/data/ratis/tmp is not a group directory; ignoring it. 
2023-09-29 12:51:16,773 [main] INFO  replication.ReplicationServer (ReplicationServer.java:<init>(83)) - Initializing replication server with thread count = 10 queue length = 4096
2023-09-29 12:51:16,775 [main] INFO  server.XceiverServerGrpc (XceiverServerGrpc.java:<init>(132)) - GrpcServer channel type EpollServerSocketChannel
2023-09-29 12:51:16,777 [main] INFO  replication.ReplicationSupervisor (ReplicationSupervisor.java:build(155)) - Initializing replication supervisor with thread count = 10
2023-09-29 12:51:16,777 [main] INFO  replication.ReplicationSupervisor (ReplicationSupervisor.java:nodeStateUpdated(307)) - Node state updated to IN_SERVICE, scaling executor pool size to 10
2023-09-29 12:51:16,780 [main] INFO  http.BaseHttpServer (BaseHttpServer.java:newHttpServer2BuilderForOzone(223)) - Starting Web-server for hddsDatanode at: http://0.0.0.0:15081
2023-09-29 12:51:16,780 [main] INFO  http.BaseHttpServer (BaseHttpServer.java:<init>(110)) - Hadoop Security Enabled: false Ozone Security Enabled: false Ozone HTTP Security Enabled: false 
2023-09-29 12:51:16,782 [main] WARN  server.AuthenticationFilter (AuthenticationFilter.java:constructSecretProvider(240)) - Unable to initialize FileSignerSecretProvider, falling back to use random secrets. Reason: Could not read signature secret file: /home/runner/hadoop-http-auth-signature-secret
2023-09-29 12:51:16,783 [main] INFO  http.HttpRequestLog (HttpRequestLog.java:getRequestLog(86)) - Http request log for http.requests.hddsDatanode is not defined
2023-09-29 12:51:16,785 [main] INFO  http.HttpServer2 (HttpServer2.java:addGlobalFilter(1031)) - Added global filter 'safety' (class=org.apache.hadoop.hdds.server.http.HttpServer2$QuotingInputFilter)
2023-09-29 12:51:16,786 [main] INFO  http.HttpServer2 (HttpServer2.java:addFilter(1007)) - Added filter static_user_filter (class=org.apache.hadoop.http.lib.StaticUserWebFilter$StaticUserFilter) to context hddsDatanode
2023-09-29 12:51:16,786 [main] INFO  http.HttpServer2 (HttpServer2.java:addFilter(1015)) - Added filter static_user_filter (class=org.apache.hadoop.http.lib.StaticUserWebFilter$StaticUserFilter) to context logs
2023-09-29 12:51:16,786 [main] INFO  http.HttpServer2 (HttpServer2.java:addFilter(1015)) - Added filter static_user_filter (class=org.apache.hadoop.http.lib.StaticUserWebFilter$StaticUserFilter) to context static
2023-09-29 12:51:16,787 [main] INFO  http.BaseHttpServer (BaseHttpServer.java:<init>(189)) - HTTP server of hddsDatanode uses base directory /home/runner/work/ozone/ozone/hadoop-ozone/integration-test/target/test-dir/MiniOzoneClusterImpl-811b16cb-c214-4c75-bdb2-1b437bba6cdf/datanode-8/meta/webserver
2023-09-29 12:51:16,787 [main] INFO  http.HttpServer2 (HttpServer2.java:bindListener(1231)) - Jetty bound to port 15081
2023-09-29 12:51:16,787 [main] INFO  server.Server (Server.java:doStart(375)) - jetty-9.4.52.v20230823; built: 2023-08-23T19:29:37.669Z; git: abdcda73818a1a2c705da276edb0bf6581e7997e; jvm 1.8.0_382-b05
2023-09-29 12:51:16,789 [main] INFO  server.session (DefaultSessionIdManager.java:doStart(334)) - DefaultSessionIdManager workerName=node0
2023-09-29 12:51:16,789 [main] INFO  server.session (DefaultSessionIdManager.java:doStart(339)) - No SessionScavenger set, using defaults
2023-09-29 12:51:16,789 [main] INFO  server.session (HouseKeeper.java:startScavenging(132)) - node0 Scavenging every 600000ms
2023-09-29 12:51:16,790 [main] INFO  handler.ContextHandler (ContextHandler.java:doStart(921)) - Started o.e.j.s.ServletContextHandler@4947843e{logs,/logs,file:///home/runner/work/ozone/ozone/hadoop-ozone/integration-test/target/log,AVAILABLE}
2023-09-29 12:51:16,791 [main] INFO  handler.ContextHandler (ContextHandler.java:doStart(921)) - Started o.e.j.s.ServletContextHandler@56c8cc3{static,/static,jar:file:/home/runner/.m2/repository/org/apache/ozone/hdds-container-service/1.4.0-SNAPSHOT/hdds-container-service-1.4.0-SNAPSHOT.jar!/webapps/static,AVAILABLE}
2023-09-29 12:51:16,934 [EndpointStateMachine task thread for /0.0.0.0:15002 - 0 ] INFO  utils.DatanodeStoreCache (DatanodeStoreCache.java:addDB(66)) - Added db /home/runner/work/ozone/ozone/hadoop-ozone/integration-test/target/test-dir/MiniOzoneClusterImpl-811b16cb-c214-4c75-bdb2-1b437bba6cdf/datanode-3/data-0/containers/hdds/811b16cb-c214-4c75-bdb2-1b437bba6cdf/DS-61cedca2-9aa1-4d06-804e-d9576b100571/container.db to cache
2023-09-29 12:51:16,934 [EndpointStateMachine task thread for /0.0.0.0:15002 - 0 ] INFO  volume.HddsVolume (HddsVolume.java:createDbStore(422)) - SchemaV3 db is created and loaded at /home/runner/work/ozone/ozone/hadoop-ozone/integration-test/target/test-dir/MiniOzoneClusterImpl-811b16cb-c214-4c75-bdb2-1b437bba6cdf/datanode-3/data-0/containers/hdds/811b16cb-c214-4c75-bdb2-1b437bba6cdf/DS-61cedca2-9aa1-4d06-804e-d9576b100571/container.db for volume DS-61cedca2-9aa1-4d06-804e-d9576b100571
2023-09-29 12:51:16,936 [EndpointStateMachine task thread for /0.0.0.0:15002 - 0 ] INFO  volume.ThrottledAsyncChecker (ThrottledAsyncChecker.java:schedule(141)) - Scheduling a check for /home/runner/work/ozone/ozone/hadoop-ozone/integration-test/target/test-dir/MiniOzoneClusterImpl-811b16cb-c214-4c75-bdb2-1b437bba6cdf/datanode-3/data-0/containers/hdds
2023-09-29 12:51:16,941 [EndpointStateMachine task thread for /0.0.0.0:15002 - 0 ] INFO  volume.StorageVolumeChecker (StorageVolumeChecker.java:checkAllVolumes(213)) - Scheduled health check for volume /home/runner/work/ozone/ozone/hadoop-ozone/integration-test/target/test-dir/MiniOzoneClusterImpl-811b16cb-c214-4c75-bdb2-1b437bba6cdf/datanode-3/data-0/containers/hdds
2023-09-29 12:51:16,948 [EndpointStateMachine task thread for /0.0.0.0:15002 - 0 ] INFO  volume.ThrottledAsyncChecker (ThrottledAsyncChecker.java:schedule(141)) - Scheduling a check for /home/runner/work/ozone/ozone/hadoop-ozone/integration-test/target/test-dir/MiniOzoneClusterImpl-811b16cb-c214-4c75-bdb2-1b437bba6cdf/datanode-3/data/ratis
2023-09-29 12:51:16,948 [EndpointStateMachine task thread for /0.0.0.0:15002 - 0 ] INFO  volume.StorageVolumeChecker (StorageVolumeChecker.java:checkAllVolumes(213)) - Scheduled health check for volume /home/runner/work/ozone/ozone/hadoop-ozone/integration-test/target/test-dir/MiniOzoneClusterImpl-811b16cb-c214-4c75-bdb2-1b437bba6cdf/datanode-3/data/ratis
2023-09-29 12:51:16,951 [EndpointStateMachine task thread for /0.0.0.0:15002 - 0 ] INFO  ozoneimpl.OzoneContainer (OzoneContainer.java:start(429)) - Attempting to start container services.
2023-09-29 12:51:16,951 [EndpointStateMachine task thread for /0.0.0.0:15002 - 0 ] INFO  ozoneimpl.OzoneContainer (OzoneContainer.java:startContainerScrub(325)) - Scheduled background container scanners and the on-demand container scanner have been disabled.
2023-09-29 12:51:16,955 [EndpointStateMachine task thread for /0.0.0.0:15002 - 0 ] INFO  replication.ReplicationServer (ReplicationServer.java:start(134)) - ReplicationServer is started using port 15043
2023-09-29 12:51:16,955 [EndpointStateMachine task thread for /0.0.0.0:15002 - 0 ] INFO  ratis.XceiverServerRatis (XceiverServerRatis.java:start(517)) - Starting XceiverServerRatis 6f9d3266-b874-4586-a718-9027df6ff647
2023-09-29 12:51:16,959 [EndpointStateMachine task thread for /0.0.0.0:15002 - 0 ] INFO  server.RaftServer (RaftServerProxy.java:startImpl(400)) - 6f9d3266-b874-4586-a718-9027df6ff647: start RPC server
2023-09-29 12:51:16,965 [EndpointStateMachine task thread for /0.0.0.0:15002 - 0 ] INFO  server.GrpcService (GrpcService.java:startImpl(302)) - 6f9d3266-b874-4586-a718-9027df6ff647: GrpcService started, listening on 15039
2023-09-29 12:51:16,967 [EndpointStateMachine task thread for /0.0.0.0:15002 - 0 ] INFO  server.GrpcService (GrpcService.java:startImpl(302)) - 6f9d3266-b874-4586-a718-9027df6ff647: GrpcService started, listening on 15041
2023-09-29 12:51:16,973 [EndpointStateMachine task thread for /0.0.0.0:15002 - 0 ] INFO  server.GrpcService (GrpcService.java:startImpl(302)) - 6f9d3266-b874-4586-a718-9027df6ff647: GrpcService started, listening on 15040
2023-09-29 12:51:16,978 [EndpointStateMachine task thread for /0.0.0.0:15002 - 0 ] INFO  ratis.XceiverServerRatis (XceiverServerRatis.java:getRealPort(543)) - XceiverServerRatis 6f9d3266-b874-4586-a718-9027df6ff647 is started using port 15039 for RATIS
2023-09-29 12:51:16,978 [EndpointStateMachine task thread for /0.0.0.0:15002 - 0 ] INFO  ratis.XceiverServerRatis (XceiverServerRatis.java:getRealPort(543)) - XceiverServerRatis 6f9d3266-b874-4586-a718-9027df6ff647 is started using port 15040 for RATIS_ADMIN
2023-09-29 12:51:16,978 [EndpointStateMachine task thread for /0.0.0.0:15002 - 0 ] INFO  ratis.XceiverServerRatis (XceiverServerRatis.java:getRealPort(543)) - XceiverServerRatis 6f9d3266-b874-4586-a718-9027df6ff647 is started using port 15041 for RATIS_SERVER
2023-09-29 12:51:16,978 [EndpointStateMachine task thread for /0.0.0.0:15002 - 0 ] INFO  ratis.XceiverServerRatis (XceiverServerRatis.java:getRealPort(543)) - XceiverServerRatis 6f9d3266-b874-4586-a718-9027df6ff647 is started using port 15042 for RATIS_DATASTREAM
2023-09-29 12:51:16,978 [JvmPauseMonitor5] INFO  util.JvmPauseMonitor (JvmPauseMonitor.java:run(103)) - JvmPauseMonitor-6f9d3266-b874-4586-a718-9027df6ff647: Started
2023-09-29 12:51:16,985 [BlockDeletingService#0] INFO  interfaces.ContainerDeletionChoosingPolicyTemplate (ContainerDeletionChoosingPolicyTemplate.java:chooseContainerForBlockDeletion(85)) - Chosen 0/5000 blocks from 0 candidate containers.
2023-09-29 12:51:17,083 [main] INFO  handler.ContextHandler (ContextHandler.java:doStart(921)) - Started o.e.j.w.WebAppContext@1bd3906e{hddsDatanode,/,file:///home/runner/work/ozone/ozone/hadoop-ozone/integration-test/target/tmp/kms/webapp/,AVAILABLE}{jar:file:/home/runner/.m2/repository/org/apache/ozone/hdds-container-service/1.4.0-SNAPSHOT/hdds-container-service-1.4.0-SNAPSHOT.jar!/webapps/hddsDatanode}
2023-09-29 12:51:17,085 [main] INFO  server.AbstractConnector (AbstractConnector.java:doStart(333)) - Started ServerConnector@40165da2{HTTP/1.1, (http/1.1)}{0.0.0.0:15081}
2023-09-29 12:51:17,085 [main] INFO  server.Server (Server.java:doStart(415)) - Started @17246ms
2023-09-29 12:51:17,085 [main] WARN  impl.MetricsSystemImpl (MetricsSystemImpl.java:register(279)) - Sink prometheus already exists!
2023-09-29 12:51:17,086 [main] INFO  http.BaseHttpServer (BaseHttpServer.java:updateConnectorAddress(354)) - HTTP server of hddsDatanode listening at http://0.0.0.0:15081
2023-09-29 12:51:17,087 [main] INFO  ipc.CallQueueManager (CallQueueManager.java:<init>(90)) - Using callQueue: class java.util.concurrent.LinkedBlockingQueue, queueCapacity: 100, scheduler: class org.apache.hadoop.ipc.DefaultRpcScheduler, ipcBackoff: false.
2023-09-29 12:51:17,087 [main] INFO  ipc.Server (Server.java:<init>(1287)) - Listener at 0.0.0.0:15082
2023-09-29 12:51:17,087 [Socket Reader #1 for port 15082] INFO  ipc.Server (Server.java:run(1323)) - Starting Socket Reader #1 for port 15082
2023-09-29 12:51:17,094 [main] INFO  ozone.HddsDatanodeService (HddsDatanodeService.java:start(315)) - Datanode start with admins: [runner]
2023-09-29 12:51:17,094 [main] INFO  ozone.HddsDatanodeClientProtocolServer (HddsDatanodeClientProtocolServer.java:start(72)) - RPC server for Client /0.0.0.0:15082
2023-09-29 12:51:17,094 [IPC Server Responder] INFO  ipc.Server (Server.java:run(1562)) - IPC Server Responder: starting
2023-09-29 12:51:17,095 [IPC Server listener on 15082] INFO  ipc.Server (Server.java:run(1402)) - IPC Server listener on 15082: starting
2023-09-29 12:51:17,103 [Datanode State Machine Daemon Thread] INFO  statemachine.DatanodeStateMachine (DatanodeStateMachine.java:lambda$startDaemon$0(539)) - Ozone container server started.
2023-09-29 12:51:17,103 [main] WARN  impl.MetricRegistriesImpl (MetricRegistriesImpl.java:addReporterRegistration(111)) - New reporters are added after registries were created. Some metrics will be missing from the reporter. Please add reporter before adding any new registry.
2023-09-29 12:51:17,104 [main] WARN  impl.MetricRegistriesImpl (MetricRegistriesImpl.java:addReporterRegistration(111)) - New reporters are added after registries were created. Some metrics will be missing from the reporter. Please add reporter before adding any new registry.
2023-09-29 12:51:17,104 [main] INFO  impl.MetricsSystemImpl (MetricsSystemImpl.java:init(158)) - HddsDatanode metrics system started (again)
2023-09-29 12:51:17,117 [Datanode State Machine Task Thread - 0] INFO  datanode.InitDatanodeState (InitDatanodeState.java:persistContainerDatanodeDetails(138)) - DatanodeDetails is persisted to /home/runner/work/ozone/ozone/hadoop-ozone/integration-test/target/test-dir/MiniOzoneClusterImpl-811b16cb-c214-4c75-bdb2-1b437bba6cdf/datanode-8/meta/datanode.id
2023-09-29 12:51:17,123 [main] INFO  ozone.HddsDatanodeService (HddsDatanodeService.java:start(237)) - HddsDatanodeService host:fv-az238-384.lrtv1j1tcsgurjp4mtmc3vvjre.gx.internal.cloudapp.net ip:10.1.0.70
2023-09-29 12:51:17,149 [main] INFO  upgrade.AbstractLayoutVersionManager (AbstractLayoutVersionManager.java:init(83)) - Initializing Layout version manager with metadata layout = HADOOP_PRC_PORTS_IN_DATANODEDETAILS (version = 7), software layout = HADOOP_PRC_PORTS_IN_DATANODEDETAILS (version = 7)
2023-09-29 12:51:17,151 [main] INFO  statemachine.DatanodeStateMachine (DatanodeStateMachine.java:getEndPointTaskThreadPoolSize(283)) - Datanode State Machine Task Thread Pool size 2
2023-09-29 12:51:17,154 [main] INFO  volume.HddsVolume (HddsVolume.java:<init>(126)) - Creating HddsVolume: /home/runner/work/ozone/ozone/hadoop-ozone/integration-test/target/test-dir/MiniOzoneClusterImpl-811b16cb-c214-4c75-bdb2-1b437bba6cdf/datanode-9/data-0/containers/hdds of storage type : DISK capacity : 9223372036854775807
2023-09-29 12:51:17,155 [main] INFO  volume.MutableVolumeSet (MutableVolumeSet.java:initializeVolumeSet(173)) - Added Volume : /home/runner/work/ozone/ozone/hadoop-ozone/integration-test/target/test-dir/MiniOzoneClusterImpl-811b16cb-c214-4c75-bdb2-1b437bba6cdf/datanode-9/data-0/containers/hdds to VolumeSet
2023-09-29 12:51:17,156 [main] INFO  volume.MutableVolumeSet (MutableVolumeSet.java:initializeVolumeSet(173)) - Added Volume : /home/runner/work/ozone/ozone/hadoop-ozone/integration-test/target/test-dir/MiniOzoneClusterImpl-811b16cb-c214-4c75-bdb2-1b437bba6cdf/datanode-9/data/ratis to VolumeSet
2023-09-29 12:51:17,156 [Thread-328] INFO  ozoneimpl.ContainerReader (ContainerReader.java:readVolume(177)) - Finish verifying containers on volume /home/runner/work/ozone/ozone/hadoop-ozone/integration-test/target/test-dir/MiniOzoneClusterImpl-811b16cb-c214-4c75-bdb2-1b437bba6cdf/datanode-9/data-0/containers/hdds
2023-09-29 12:51:17,156 [main] INFO  ozoneimpl.OzoneContainer (OzoneContainer.java:buildContainerSet(314)) - Build ContainerSet costs 0s
2023-09-29 12:51:17,159 [main] INFO  server.RaftServer (ConfUtils.java:logGet(46)) - raft.rpc.type = GRPC (default)
2023-09-29 12:51:17,159 [main] INFO  grpc.GrpcConfigKeys (ConfUtils.java:logFallback(53)) - raft.grpc.admin.host = null (fallback to raft.grpc.server.host)
2023-09-29 12:51:17,159 [main] INFO  grpc.GrpcConfigKeys (ConfUtils.java:logGet(46)) - raft.grpc.admin.port = 15094 (custom)
2023-09-29 12:51:17,160 [main] INFO  grpc.GrpcConfigKeys (ConfUtils.java:logFallback(53)) - raft.grpc.client.host = null (fallback to raft.grpc.server.host)
2023-09-29 12:51:17,160 [main] INFO  grpc.GrpcConfigKeys (ConfUtils.java:logGet(46)) - raft.grpc.client.port = 15093 (custom)
2023-09-29 12:51:17,160 [main] INFO  grpc.GrpcConfigKeys (ConfUtils.java:logGet(46)) - raft.grpc.server.host = null (default)
2023-09-29 12:51:17,160 [main] INFO  grpc.GrpcConfigKeys (ConfUtils.java:logGet(46)) - raft.grpc.server.port = 15095 (custom)
2023-09-29 12:51:17,161 [main] INFO  server.GrpcService (ConfUtils.java:logGet(46)) - raft.grpc.message.size.max = 32MB (=33554432) (custom)
2023-09-29 12:51:17,161 [main] INFO  server.RaftServerConfigKeys (ConfUtils.java:logGet(46)) - raft.server.log.appender.buffer.byte-limit = 33554432 (custom)
2023-09-29 12:51:17,161 [main] INFO  server.GrpcService (ConfUtils.java:logGet(46)) - raft.grpc.flow.control.window = 5MB (=5242880) (custom)
2023-09-29 12:51:17,161 [main] INFO  server.RaftServerConfigKeys (ConfUtils.java:logGet(46)) - raft.server.rpc.request.timeout = 60s (custom)
2023-09-29 12:51:17,161 [main] INFO  grpc.GrpcConfigKeys (ConfUtils.java:logGet(46)) - raft.grpc.server.heartbeat.channel = true (default)
2023-09-29 12:51:17,162 [main] INFO  grpc.GrpcConfigKeys (ConfUtils.java:logGet(46)) - raft.grpc.server.async.request.thread.pool.cached = true (default)
2023-09-29 12:51:17,162 [main] INFO  grpc.GrpcConfigKeys (ConfUtils.java:logGet(46)) - raft.grpc.server.async.request.thread.pool.size = 32 (default)
2023-09-29 12:51:17,165 [main] INFO  impl.DataStreamServerImpl (ConfUtils.java:logGet(46)) - raft.datastream.type = NETTY (custom)
2023-09-29 12:51:17,165 [main] INFO  server.RaftServerConfigKeys (ConfUtils.java:logGet(46)) - raft.server.data-stream.async.request.thread.pool.cached = false (default)
2023-09-29 12:51:17,166 [main] INFO  server.RaftServerConfigKeys (ConfUtils.java:logGet(46)) - raft.server.data-stream.async.request.thread.pool.size = 20 (custom)
2023-09-29 12:51:17,166 [main] INFO  server.RaftServerConfigKeys (ConfUtils.java:logGet(46)) - raft.server.data-stream.async.write.thread.pool.size = 16 (default)
2023-09-29 12:51:17,166 [main] INFO  server.RaftServerConfigKeys (ConfUtils.java:logGet(46)) - raft.server.data-stream.client.pool.size = 10 (default)
2023-09-29 12:51:17,166 [main] INFO  netty.NettyConfigKeys$DataStream (ConfUtils.java:logGet(46)) - raft.netty.dataStream.server.use-epoll = false (default)
2023-09-29 12:51:17,166 [main] INFO  netty.NettyConfigKeys$DataStream (ConfUtils.java:logGet(46)) - raft.netty.dataStream.server.boss-group.size = 0 (default)
2023-09-29 12:51:17,183 [main] INFO  netty.NettyConfigKeys$DataStream (ConfUtils.java:logGet(46)) - raft.netty.dataStream.server.worker-group.size = 0 (default)
2023-09-29 12:51:17,183 [main] INFO  netty.NettyConfigKeys$DataStream (ConfUtils.java:logGet(46)) - raft.netty.dataStream.server.tls.conf = null (default)
2023-09-29 12:51:17,184 [main] INFO  netty.NettyConfigKeys$DataStream (ConfUtils.java:logGet(46)) - raft.netty.dataStream.host = null (default)
2023-09-29 12:51:17,184 [main] INFO  netty.NettyConfigKeys$DataStream (ConfUtils.java:logGet(46)) - raft.netty.dataStream.port = 15096 (custom)
2023-09-29 12:51:17,184 [main] INFO  server.RaftServerConfigKeys (ConfUtils.java:logGet(46)) - raft.server.threadpool.proxy.cached = true (default)
2023-09-29 12:51:17,186 [main] INFO  server.RaftServerConfigKeys (ConfUtils.java:logGet(46)) - raft.server.threadpool.proxy.size = 0 (default)
2023-09-29 12:51:17,187 [f6fa4039-8fe9-46ca-92f5-bb04d02dc273-NettyServerStreamRpc-bossGroup--thread1] INFO  logging.LoggingHandler (AbstractInternalLogger.java:log(148)) - [id: 0x6b573fd6] REGISTERED
2023-09-29 12:51:17,187 [main] INFO  server.RaftServerConfigKeys (ConfUtils.java:logGet(46)) - raft.server.rpc.slowness.timeout = 300s (custom)
2023-09-29 12:51:17,187 [f6fa4039-8fe9-46ca-92f5-bb04d02dc273-NettyServerStreamRpc-bossGroup--thread1] INFO  logging.LoggingHandler (AbstractInternalLogger.java:log(148)) - [id: 0x6b573fd6] BIND: 0.0.0.0/0.0.0.0:15096
2023-09-29 12:51:17,187 [f6fa4039-8fe9-46ca-92f5-bb04d02dc273-NettyServerStreamRpc-bossGroup--thread1] INFO  logging.LoggingHandler (AbstractInternalLogger.java:log(148)) - [id: 0x6b573fd6, L:/0:0:0:0:0:0:0:0:15096] ACTIVE
2023-09-29 12:51:17,187 [main] INFO  server.RaftServerConfigKeys (ConfUtils.java:logGet(46)) - raft.server.leaderelection.leader.step-down.wait-time = 10s (default)
2023-09-29 12:51:17,188 [main] INFO  server.RaftServerConfigKeys (ConfUtils.java:logGet(46)) - raft.server.storage.dir = [/home/runner/work/ozone/ozone/hadoop-ozone/integration-test/target/test-dir/MiniOzoneClusterImpl-811b16cb-c214-4c75-bdb2-1b437bba6cdf/datanode-9/data/ratis] (custom)
2023-09-29 12:51:17,189 [f6fa4039-8fe9-46ca-92f5-bb04d02dc273-impl-thread1] INFO  server.RaftServer (RaftServerProxy.java:initGroupDir(258)) - f6fa4039-8fe9-46ca-92f5-bb04d02dc273: found a subdirectory /home/runner/work/ozone/ozone/hadoop-ozone/integration-test/target/test-dir/MiniOzoneClusterImpl-811b16cb-c214-4c75-bdb2-1b437bba6cdf/datanode-9/data/ratis/tmp
2023-09-29 12:51:17,189 [f6fa4039-8fe9-46ca-92f5-bb04d02dc273-impl-thread1] INFO  server.RaftServer (RaftServerProxy.java:initGroupDir(263)) - f6fa4039-8fe9-46ca-92f5-bb04d02dc273: The directory /home/runner/work/ozone/ozone/hadoop-ozone/integration-test/target/test-dir/MiniOzoneClusterImpl-811b16cb-c214-4c75-bdb2-1b437bba6cdf/datanode-9/data/ratis/tmp is not a group directory; ignoring it. 
2023-09-29 12:51:17,191 [main] INFO  replication.ReplicationServer (ReplicationServer.java:<init>(83)) - Initializing replication server with thread count = 10 queue length = 4096
2023-09-29 12:51:17,193 [main] INFO  server.XceiverServerGrpc (XceiverServerGrpc.java:<init>(132)) - GrpcServer channel type EpollServerSocketChannel
2023-09-29 12:51:17,196 [main] INFO  replication.ReplicationSupervisor (ReplicationSupervisor.java:build(155)) - Initializing replication supervisor with thread count = 10
2023-09-29 12:51:17,196 [main] INFO  replication.ReplicationSupervisor (ReplicationSupervisor.java:nodeStateUpdated(307)) - Node state updated to IN_SERVICE, scaling executor pool size to 10
2023-09-29 12:51:17,200 [main] INFO  http.BaseHttpServer (BaseHttpServer.java:newHttpServer2BuilderForOzone(223)) - Starting Web-server for hddsDatanode at: http://0.0.0.0:15090
2023-09-29 12:51:17,200 [main] INFO  http.BaseHttpServer (BaseHttpServer.java:<init>(110)) - Hadoop Security Enabled: false Ozone Security Enabled: false Ozone HTTP Security Enabled: false 
2023-09-29 12:51:17,202 [main] WARN  server.AuthenticationFilter (AuthenticationFilter.java:constructSecretProvider(240)) - Unable to initialize FileSignerSecretProvider, falling back to use random secrets. Reason: Could not read signature secret file: /home/runner/hadoop-http-auth-signature-secret
2023-09-29 12:51:17,206 [main] INFO  http.HttpRequestLog (HttpRequestLog.java:getRequestLog(86)) - Http request log for http.requests.hddsDatanode is not defined
2023-09-29 12:51:17,209 [main] INFO  http.HttpServer2 (HttpServer2.java:addGlobalFilter(1031)) - Added global filter 'safety' (class=org.apache.hadoop.hdds.server.http.HttpServer2$QuotingInputFilter)
2023-09-29 12:51:17,210 [main] INFO  http.HttpServer2 (HttpServer2.java:addFilter(1007)) - Added filter static_user_filter (class=org.apache.hadoop.http.lib.StaticUserWebFilter$StaticUserFilter) to context hddsDatanode
2023-09-29 12:51:17,210 [main] INFO  http.HttpServer2 (HttpServer2.java:addFilter(1015)) - Added filter static_user_filter (class=org.apache.hadoop.http.lib.StaticUserWebFilter$StaticUserFilter) to context static
2023-09-29 12:51:17,217 [main] INFO  http.HttpServer2 (HttpServer2.java:addFilter(1015)) - Added filter static_user_filter (class=org.apache.hadoop.http.lib.StaticUserWebFilter$StaticUserFilter) to context logs
2023-09-29 12:51:17,219 [main] INFO  http.BaseHttpServer (BaseHttpServer.java:<init>(189)) - HTTP server of hddsDatanode uses base directory /home/runner/work/ozone/ozone/hadoop-ozone/integration-test/target/test-dir/MiniOzoneClusterImpl-811b16cb-c214-4c75-bdb2-1b437bba6cdf/datanode-9/meta/webserver
2023-09-29 12:51:17,219 [main] INFO  http.HttpServer2 (HttpServer2.java:bindListener(1231)) - Jetty bound to port 15090
2023-09-29 12:51:17,220 [main] INFO  server.Server (Server.java:doStart(375)) - jetty-9.4.52.v20230823; built: 2023-08-23T19:29:37.669Z; git: abdcda73818a1a2c705da276edb0bf6581e7997e; jvm 1.8.0_382-b05
2023-09-29 12:51:17,267 [main] INFO  server.session (DefaultSessionIdManager.java:doStart(334)) - DefaultSessionIdManager workerName=node0
2023-09-29 12:51:17,267 [main] INFO  server.session (DefaultSessionIdManager.java:doStart(339)) - No SessionScavenger set, using defaults
2023-09-29 12:51:17,267 [main] INFO  server.session (HouseKeeper.java:startScavenging(132)) - node0 Scavenging every 600000ms
2023-09-29 12:51:17,268 [main] INFO  handler.ContextHandler (ContextHandler.java:doStart(921)) - Started o.e.j.s.ServletContextHandler@1b2c8a67{logs,/logs,file:///home/runner/work/ozone/ozone/hadoop-ozone/integration-test/target/log,AVAILABLE}
2023-09-29 12:51:17,269 [main] INFO  handler.ContextHandler (ContextHandler.java:doStart(921)) - Started o.e.j.s.ServletContextHandler@28a63d05{static,/static,jar:file:/home/runner/.m2/repository/org/apache/ozone/hdds-container-service/1.4.0-SNAPSHOT/hdds-container-service-1.4.0-SNAPSHOT.jar!/webapps/static,AVAILABLE}
2023-09-29 12:51:17,417 [EndpointStateMachine task thread for /0.0.0.0:15002 - 0 ] INFO  utils.DatanodeStoreCache (DatanodeStoreCache.java:addDB(66)) - Added db /home/runner/work/ozone/ozone/hadoop-ozone/integration-test/target/test-dir/MiniOzoneClusterImpl-811b16cb-c214-4c75-bdb2-1b437bba6cdf/datanode-4/data-0/containers/hdds/811b16cb-c214-4c75-bdb2-1b437bba6cdf/DS-549e1136-433e-48d6-8da3-127831c762f7/container.db to cache
2023-09-29 12:51:17,417 [EndpointStateMachine task thread for /0.0.0.0:15002 - 0 ] INFO  volume.HddsVolume (HddsVolume.java:createDbStore(422)) - SchemaV3 db is created and loaded at /home/runner/work/ozone/ozone/hadoop-ozone/integration-test/target/test-dir/MiniOzoneClusterImpl-811b16cb-c214-4c75-bdb2-1b437bba6cdf/datanode-4/data-0/containers/hdds/811b16cb-c214-4c75-bdb2-1b437bba6cdf/DS-549e1136-433e-48d6-8da3-127831c762f7/container.db for volume DS-549e1136-433e-48d6-8da3-127831c762f7
2023-09-29 12:51:17,423 [EndpointStateMachine task thread for /0.0.0.0:15002 - 0 ] INFO  volume.ThrottledAsyncChecker (ThrottledAsyncChecker.java:schedule(141)) - Scheduling a check for /home/runner/work/ozone/ozone/hadoop-ozone/integration-test/target/test-dir/MiniOzoneClusterImpl-811b16cb-c214-4c75-bdb2-1b437bba6cdf/datanode-4/data-0/containers/hdds
2023-09-29 12:51:17,423 [EndpointStateMachine task thread for /0.0.0.0:15002 - 0 ] INFO  volume.StorageVolumeChecker (StorageVolumeChecker.java:checkAllVolumes(213)) - Scheduled health check for volume /home/runner/work/ozone/ozone/hadoop-ozone/integration-test/target/test-dir/MiniOzoneClusterImpl-811b16cb-c214-4c75-bdb2-1b437bba6cdf/datanode-4/data-0/containers/hdds
2023-09-29 12:51:17,428 [EndpointStateMachine task thread for /0.0.0.0:15002 - 0 ] INFO  volume.ThrottledAsyncChecker (ThrottledAsyncChecker.java:schedule(141)) - Scheduling a check for /home/runner/work/ozone/ozone/hadoop-ozone/integration-test/target/test-dir/MiniOzoneClusterImpl-811b16cb-c214-4c75-bdb2-1b437bba6cdf/datanode-4/data/ratis
2023-09-29 12:51:17,428 [EndpointStateMachine task thread for /0.0.0.0:15002 - 0 ] INFO  volume.StorageVolumeChecker (StorageVolumeChecker.java:checkAllVolumes(213)) - Scheduled health check for volume /home/runner/work/ozone/ozone/hadoop-ozone/integration-test/target/test-dir/MiniOzoneClusterImpl-811b16cb-c214-4c75-bdb2-1b437bba6cdf/datanode-4/data/ratis
2023-09-29 12:51:17,430 [EndpointStateMachine task thread for /0.0.0.0:15002 - 0 ] INFO  ozoneimpl.OzoneContainer (OzoneContainer.java:start(429)) - Attempting to start container services.
2023-09-29 12:51:17,430 [EndpointStateMachine task thread for /0.0.0.0:15002 - 0 ] INFO  ozoneimpl.OzoneContainer (OzoneContainer.java:startContainerScrub(325)) - Scheduled background container scanners and the on-demand container scanner have been disabled.
2023-09-29 12:51:17,432 [EndpointStateMachine task thread for /0.0.0.0:15002 - 0 ] INFO  replication.ReplicationServer (ReplicationServer.java:start(134)) - ReplicationServer is started using port 15052
2023-09-29 12:51:17,432 [EndpointStateMachine task thread for /0.0.0.0:15002 - 0 ] INFO  ratis.XceiverServerRatis (XceiverServerRatis.java:start(517)) - Starting XceiverServerRatis 6220322b-c54d-4ba8-95d6-5fd9b706d663
2023-09-29 12:51:17,432 [EndpointStateMachine task thread for /0.0.0.0:15002 - 0 ] INFO  server.RaftServer (RaftServerProxy.java:startImpl(400)) - 6220322b-c54d-4ba8-95d6-5fd9b706d663: start RPC server
2023-09-29 12:51:17,434 [EndpointStateMachine task thread for /0.0.0.0:15002 - 0 ] INFO  server.GrpcService (GrpcService.java:startImpl(302)) - 6220322b-c54d-4ba8-95d6-5fd9b706d663: GrpcService started, listening on 15048
2023-09-29 12:51:17,445 [EndpointStateMachine task thread for /0.0.0.0:15002 - 0 ] INFO  server.GrpcService (GrpcService.java:startImpl(302)) - 6220322b-c54d-4ba8-95d6-5fd9b706d663: GrpcService started, listening on 15050
2023-09-29 12:51:17,447 [EndpointStateMachine task thread for /0.0.0.0:15002 - 0 ] INFO  server.GrpcService (GrpcService.java:startImpl(302)) - 6220322b-c54d-4ba8-95d6-5fd9b706d663: GrpcService started, listening on 15049
2023-09-29 12:51:17,448 [EndpointStateMachine task thread for /0.0.0.0:15002 - 0 ] INFO  ratis.XceiverServerRatis (XceiverServerRatis.java:getRealPort(543)) - XceiverServerRatis 6220322b-c54d-4ba8-95d6-5fd9b706d663 is started using port 15048 for RATIS
2023-09-29 12:51:17,448 [EndpointStateMachine task thread for /0.0.0.0:15002 - 0 ] INFO  ratis.XceiverServerRatis (XceiverServerRatis.java:getRealPort(543)) - XceiverServerRatis 6220322b-c54d-4ba8-95d6-5fd9b706d663 is started using port 15049 for RATIS_ADMIN
2023-09-29 12:51:17,448 [EndpointStateMachine task thread for /0.0.0.0:15002 - 0 ] INFO  ratis.XceiverServerRatis (XceiverServerRatis.java:getRealPort(543)) - XceiverServerRatis 6220322b-c54d-4ba8-95d6-5fd9b706d663 is started using port 15050 for RATIS_SERVER
2023-09-29 12:51:17,448 [EndpointStateMachine task thread for /0.0.0.0:15002 - 0 ] INFO  ratis.XceiverServerRatis (XceiverServerRatis.java:getRealPort(543)) - XceiverServerRatis 6220322b-c54d-4ba8-95d6-5fd9b706d663 is started using port 15051 for RATIS_DATASTREAM
2023-09-29 12:51:17,448 [JvmPauseMonitor6] INFO  util.JvmPauseMonitor (JvmPauseMonitor.java:run(103)) - JvmPauseMonitor-6220322b-c54d-4ba8-95d6-5fd9b706d663: Started
2023-09-29 12:51:17,455 [BlockDeletingService#0] INFO  interfaces.ContainerDeletionChoosingPolicyTemplate (ContainerDeletionChoosingPolicyTemplate.java:chooseContainerForBlockDeletion(85)) - Chosen 0/5000 blocks from 0 candidate containers.
2023-09-29 12:51:17,500 [IPC Server handler 14 on default port 15002] INFO  net.NetworkTopologyImpl (NetworkTopologyImpl.java:add(112)) - Added a new node: /default-rack/28fc21f1-0f1b-4853-8334-7fb4bdc0ccf0
2023-09-29 12:51:17,503 [IPC Server handler 14 on default port 15002] INFO  node.SCMNodeManager (SCMNodeManager.java:register(405)) - Registered Data node : 28fc21f1-0f1b-4853-8334-7fb4bdc0ccf0{ip: 10.1.0.70, host: fv-az238-384.lrtv1j1tcsgurjp4mtmc3vvjre.gx.internal.cloudapp.net, ports: [HTTP=15009, CLIENT_RPC=15010, REPLICATION=15016, RATIS=15012, RATIS_ADMIN=15013, RATIS_SERVER=15014, RATIS_DATASTREAM=15015, STANDALONE=15011], networkLocation: /default-rack, certSerialId: null, persistedOpState: null, persistedOpStateExpiryEpochSec: 0}
2023-09-29 12:51:17,512 [EventQueue-NodeRegistrationContainerReportForDataNodeSafeModeRule] INFO  safemode.SCMSafeModeManager (DataNodeSafeModeRule.java:process(71)) - SCM in safe mode. 1 DataNodes registered, 3 required.
2023-09-29 12:51:17,512 [EventQueue-NodeRegistrationContainerReportForContainerSafeModeRule] INFO  safemode.SCMSafeModeManager (SCMSafeModeManager.java:validateSafeModeExitRules(200)) - ContainerSafeModeRule rule is successfully validated
2023-09-29 12:51:17,519 [EventQueue-NewNodeForNewNodeHandler] INFO  pipeline.BackgroundPipelineCreator (BackgroundPipelineCreator.java:notifyEventTriggered(277)) - trigger a one-shot run on RatisPipelineUtilsThread.
2023-09-29 12:51:17,526 [EventQueue-PipelineReportForOneReplicaPipelineSafeModeRule] INFO  safemode.SCMSafeModeManager (SCMSafeModeManager.java:validateSafeModeExitRules(200)) - AtleastOneDatanodeReportedRule rule is successfully validated
2023-09-29 12:51:17,546 [RatisPipelineUtilsThread - 0] INFO  pipeline.RatisPipelineProvider (RatisPipelineProvider.java:lambda$create$0(206)) - Sending CreatePipelineCommand for pipeline:PipelineID=4f955fc0-ea69-486a-8109-13976fd52583 to datanode:28fc21f1-0f1b-4853-8334-7fb4bdc0ccf0
2023-09-29 12:51:17,563 [RatisPipelineUtilsThread - 0] INFO  pipeline.BackgroundPipelineCreator (BackgroundPipelineCreator.java:createPipelines(233)) - Created new pipeline Pipeline[ Id: 4f955fc0-ea69-486a-8109-13976fd52583, Nodes: 28fc21f1-0f1b-4853-8334-7fb4bdc0ccf0(fv-az238-384.lrtv1j1tcsgurjp4mtmc3vvjre.gx.internal.cloudapp.net/10.1.0.70), ReplicationConfig: RATIS/ONE, State:ALLOCATED, leaderId:, CreationTimestamp2023-09-29T12:51:17.543Z[Etc/UTC]]
2023-09-29 12:51:17,619 [main] INFO  handler.ContextHandler (ContextHandler.java:doStart(921)) - Started o.e.j.w.WebAppContext@1f91d378{hddsDatanode,/,file:///home/runner/work/ozone/ozone/hadoop-ozone/integration-test/target/tmp/kms/webapp/,AVAILABLE}{jar:file:/home/runner/.m2/repository/org/apache/ozone/hdds-container-service/1.4.0-SNAPSHOT/hdds-container-service-1.4.0-SNAPSHOT.jar!/webapps/hddsDatanode}
2023-09-29 12:51:17,622 [main] INFO  server.AbstractConnector (AbstractConnector.java:doStart(333)) - Started ServerConnector@4a269062{HTTP/1.1, (http/1.1)}{0.0.0.0:15090}
2023-09-29 12:51:17,622 [main] INFO  server.Server (Server.java:doStart(415)) - Started @17782ms
2023-09-29 12:51:17,622 [main] WARN  impl.MetricsSystemImpl (MetricsSystemImpl.java:register(279)) - Sink prometheus already exists!
2023-09-29 12:51:17,623 [main] INFO  http.BaseHttpServer (BaseHttpServer.java:updateConnectorAddress(354)) - HTTP server of hddsDatanode listening at http://0.0.0.0:15090
2023-09-29 12:51:17,623 [main] INFO  ipc.CallQueueManager (CallQueueManager.java:<init>(90)) - Using callQueue: class java.util.concurrent.LinkedBlockingQueue, queueCapacity: 100, scheduler: class org.apache.hadoop.ipc.DefaultRpcScheduler, ipcBackoff: false.
2023-09-29 12:51:17,624 [main] INFO  ipc.Server (Server.java:<init>(1287)) - Listener at 0.0.0.0:15091
2023-09-29 12:51:17,625 [Socket Reader #1 for port 15091] INFO  ipc.Server (Server.java:run(1323)) - Starting Socket Reader #1 for port 15091
2023-09-29 12:51:17,631 [main] INFO  ozone.HddsDatanodeService (HddsDatanodeService.java:start(315)) - Datanode start with admins: [runner]
2023-09-29 12:51:17,631 [main] INFO  ozone.HddsDatanodeClientProtocolServer (HddsDatanodeClientProtocolServer.java:start(72)) - RPC server for Client /0.0.0.0:15091
2023-09-29 12:51:17,631 [IPC Server Responder] INFO  ipc.Server (Server.java:run(1562)) - IPC Server Responder: starting
2023-09-29 12:51:17,631 [IPC Server listener on 15091] INFO  ipc.Server (Server.java:run(1402)) - IPC Server listener on 15091: starting
2023-09-29 12:51:17,632 [main] INFO  om.OzoneManager (OzoneManager.java:startSecretManager(1098)) - Starting secret key client.
2023-09-29 12:51:17,632 [Datanode State Machine Daemon Thread] INFO  statemachine.DatanodeStateMachine (DatanodeStateMachine.java:lambda$startDaemon$0(539)) - Ozone container server started.
2023-09-29 12:51:17,633 [main] INFO  om.OzoneManager (OzoneManager.java:startSecretManager(1109)) - Starting OM delegation token secret manager
2023-09-29 12:51:17,639 [main] INFO  security.OzoneDelegationTokenSecretManager (OzoneSecretManager.java:updateCurrentKey(175)) - Updating current master key for generating tokens. Cert id 2565402538306
2023-09-29 12:51:17,655 [Thread[Thread-355,5,main]] INFO  security.OzoneDelegationTokenSecretManager (OzoneDelegationTokenSecretManager.java:run(636)) - Starting expired delegation token remover thread, tokenRemoverScanInterval=60 min(s)
2023-09-29 12:51:17,657 [main] INFO  ozone.MiniOzoneClusterImpl (MiniOzoneClusterImpl.java:lambda$waitForClusterToBeReady$0(229)) - Waiting for nodes to be ready. Got 1 of 10 DN Heartbeats.
2023-09-29 12:51:17,657 [main] INFO  ozone.MiniOzoneClusterImpl (MiniOzoneClusterImpl.java:lambda$waitForClusterToBeReady$0(232)) - Waiting for cluster to exit safe mode
2023-09-29 12:51:17,657 [main] INFO  ozone.MiniOzoneClusterImpl (MiniOzoneClusterImpl.java:lambda$waitForClusterToBeReady$0(234)) - SCM became leader
2023-09-29 12:51:17,662 [Datanode State Machine Task Thread - 0] INFO  datanode.InitDatanodeState (InitDatanodeState.java:persistContainerDatanodeDetails(138)) - DatanodeDetails is persisted to /home/runner/work/ozone/ozone/hadoop-ozone/integration-test/target/test-dir/MiniOzoneClusterImpl-811b16cb-c214-4c75-bdb2-1b437bba6cdf/datanode-9/meta/datanode.id
2023-09-29 12:51:17,875 [EndpointStateMachine task thread for /0.0.0.0:15002 - 0 ] INFO  utils.DatanodeStoreCache (DatanodeStoreCache.java:addDB(66)) - Added db /home/runner/work/ozone/ozone/hadoop-ozone/integration-test/target/test-dir/MiniOzoneClusterImpl-811b16cb-c214-4c75-bdb2-1b437bba6cdf/datanode-5/data-0/containers/hdds/811b16cb-c214-4c75-bdb2-1b437bba6cdf/DS-99fb3f0d-cf18-41ac-8957-747b60fe280a/container.db to cache
2023-09-29 12:51:17,875 [EndpointStateMachine task thread for /0.0.0.0:15002 - 0 ] INFO  volume.HddsVolume (HddsVolume.java:createDbStore(422)) - SchemaV3 db is created and loaded at /home/runner/work/ozone/ozone/hadoop-ozone/integration-test/target/test-dir/MiniOzoneClusterImpl-811b16cb-c214-4c75-bdb2-1b437bba6cdf/datanode-5/data-0/containers/hdds/811b16cb-c214-4c75-bdb2-1b437bba6cdf/DS-99fb3f0d-cf18-41ac-8957-747b60fe280a/container.db for volume DS-99fb3f0d-cf18-41ac-8957-747b60fe280a
2023-09-29 12:51:17,876 [EndpointStateMachine task thread for /0.0.0.0:15002 - 0 ] INFO  volume.ThrottledAsyncChecker (ThrottledAsyncChecker.java:schedule(141)) - Scheduling a check for /home/runner/work/ozone/ozone/hadoop-ozone/integration-test/target/test-dir/MiniOzoneClusterImpl-811b16cb-c214-4c75-bdb2-1b437bba6cdf/datanode-5/data-0/containers/hdds
2023-09-29 12:51:17,876 [EndpointStateMachine task thread for /0.0.0.0:15002 - 0 ] INFO  volume.StorageVolumeChecker (StorageVolumeChecker.java:checkAllVolumes(213)) - Scheduled health check for volume /home/runner/work/ozone/ozone/hadoop-ozone/integration-test/target/test-dir/MiniOzoneClusterImpl-811b16cb-c214-4c75-bdb2-1b437bba6cdf/datanode-5/data-0/containers/hdds
2023-09-29 12:51:17,881 [EndpointStateMachine task thread for /0.0.0.0:15002 - 0 ] INFO  volume.ThrottledAsyncChecker (ThrottledAsyncChecker.java:schedule(141)) - Scheduling a check for /home/runner/work/ozone/ozone/hadoop-ozone/integration-test/target/test-dir/MiniOzoneClusterImpl-811b16cb-c214-4c75-bdb2-1b437bba6cdf/datanode-5/data/ratis
2023-09-29 12:51:17,881 [EndpointStateMachine task thread for /0.0.0.0:15002 - 0 ] INFO  volume.StorageVolumeChecker (StorageVolumeChecker.java:checkAllVolumes(213)) - Scheduled health check for volume /home/runner/work/ozone/ozone/hadoop-ozone/integration-test/target/test-dir/MiniOzoneClusterImpl-811b16cb-c214-4c75-bdb2-1b437bba6cdf/datanode-5/data/ratis
2023-09-29 12:51:17,882 [EndpointStateMachine task thread for /0.0.0.0:15002 - 0 ] INFO  ozoneimpl.OzoneContainer (OzoneContainer.java:start(429)) - Attempting to start container services.
2023-09-29 12:51:17,882 [EndpointStateMachine task thread for /0.0.0.0:15002 - 0 ] INFO  ozoneimpl.OzoneContainer (OzoneContainer.java:startContainerScrub(325)) - Scheduled background container scanners and the on-demand container scanner have been disabled.
2023-09-29 12:51:17,884 [EndpointStateMachine task thread for /0.0.0.0:15002 - 0 ] INFO  replication.ReplicationServer (ReplicationServer.java:start(134)) - ReplicationServer is started using port 15061
2023-09-29 12:51:17,884 [EndpointStateMachine task thread for /0.0.0.0:15002 - 0 ] INFO  ratis.XceiverServerRatis (XceiverServerRatis.java:start(517)) - Starting XceiverServerRatis 80a9a8fe-8ad4-444c-8e90-e2ced2b3ac02
2023-09-29 12:51:17,885 [EndpointStateMachine task thread for /0.0.0.0:15002 - 0 ] INFO  server.RaftServer (RaftServerProxy.java:startImpl(400)) - 80a9a8fe-8ad4-444c-8e90-e2ced2b3ac02: start RPC server
2023-09-29 12:51:17,887 [EndpointStateMachine task thread for /0.0.0.0:15002 - 0 ] INFO  server.GrpcService (GrpcService.java:startImpl(302)) - 80a9a8fe-8ad4-444c-8e90-e2ced2b3ac02: GrpcService started, listening on 15057
2023-09-29 12:51:17,888 [EndpointStateMachine task thread for /0.0.0.0:15002 - 0 ] INFO  server.GrpcService (GrpcService.java:startImpl(302)) - 80a9a8fe-8ad4-444c-8e90-e2ced2b3ac02: GrpcService started, listening on 15059
2023-09-29 12:51:17,889 [EndpointStateMachine task thread for /0.0.0.0:15002 - 0 ] INFO  server.GrpcService (GrpcService.java:startImpl(302)) - 80a9a8fe-8ad4-444c-8e90-e2ced2b3ac02: GrpcService started, listening on 15058
2023-09-29 12:51:17,889 [EndpointStateMachine task thread for /0.0.0.0:15002 - 0 ] INFO  ratis.XceiverServerRatis (XceiverServerRatis.java:getRealPort(543)) - XceiverServerRatis 80a9a8fe-8ad4-444c-8e90-e2ced2b3ac02 is started using port 15057 for RATIS
2023-09-29 12:51:17,889 [JvmPauseMonitor7] INFO  util.JvmPauseMonitor (JvmPauseMonitor.java:run(103)) - JvmPauseMonitor-80a9a8fe-8ad4-444c-8e90-e2ced2b3ac02: Started
2023-09-29 12:51:17,889 [EndpointStateMachine task thread for /0.0.0.0:15002 - 0 ] INFO  ratis.XceiverServerRatis (XceiverServerRatis.java:getRealPort(543)) - XceiverServerRatis 80a9a8fe-8ad4-444c-8e90-e2ced2b3ac02 is started using port 15058 for RATIS_ADMIN
2023-09-29 12:51:17,890 [EndpointStateMachine task thread for /0.0.0.0:15002 - 0 ] INFO  ratis.XceiverServerRatis (XceiverServerRatis.java:getRealPort(543)) - XceiverServerRatis 80a9a8fe-8ad4-444c-8e90-e2ced2b3ac02 is started using port 15059 for RATIS_SERVER
2023-09-29 12:51:17,890 [EndpointStateMachine task thread for /0.0.0.0:15002 - 0 ] INFO  ratis.XceiverServerRatis (XceiverServerRatis.java:getRealPort(543)) - XceiverServerRatis 80a9a8fe-8ad4-444c-8e90-e2ced2b3ac02 is started using port 15060 for RATIS_DATASTREAM
2023-09-29 12:51:17,900 [BlockDeletingService#0] INFO  interfaces.ContainerDeletionChoosingPolicyTemplate (ContainerDeletionChoosingPolicyTemplate.java:chooseContainerForBlockDeletion(85)) - Chosen 0/5000 blocks from 0 candidate containers.
2023-09-29 12:51:17,943 [IPC Server handler 16 on default port 15002] INFO  net.NetworkTopologyImpl (NetworkTopologyImpl.java:add(112)) - Added a new node: /default-rack/5317d628-7528-4015-930b-d89d4a444778
2023-09-29 12:51:17,944 [IPC Server handler 16 on default port 15002] INFO  node.SCMNodeManager (SCMNodeManager.java:register(405)) - Registered Data node : 5317d628-7528-4015-930b-d89d4a444778{ip: 10.1.0.70, host: fv-az238-384.lrtv1j1tcsgurjp4mtmc3vvjre.gx.internal.cloudapp.net, ports: [HTTP=15018, CLIENT_RPC=15019, REPLICATION=15025, RATIS=15021, RATIS_ADMIN=15022, RATIS_SERVER=15023, RATIS_DATASTREAM=15024, STANDALONE=15020], networkLocation: /default-rack, certSerialId: null, persistedOpState: null, persistedOpStateExpiryEpochSec: 0}
2023-09-29 12:51:17,946 [EventQueue-NodeRegistrationContainerReportForDataNodeSafeModeRule] INFO  safemode.SCMSafeModeManager (DataNodeSafeModeRule.java:process(71)) - SCM in safe mode. 2 DataNodes registered, 3 required.
2023-09-29 12:51:17,948 [EventQueue-NewNodeForNewNodeHandler] INFO  pipeline.BackgroundPipelineCreator (BackgroundPipelineCreator.java:notifyEventTriggered(277)) - trigger a one-shot run on RatisPipelineUtilsThread.
2023-09-29 12:51:17,953 [RatisPipelineUtilsThread - 0] INFO  pipeline.RatisPipelineProvider (RatisPipelineProvider.java:lambda$create$0(206)) - Sending CreatePipelineCommand for pipeline:PipelineID=761249f9-8bb6-41bf-974d-4398accf5932 to datanode:5317d628-7528-4015-930b-d89d4a444778
2023-09-29 12:51:17,955 [RatisPipelineUtilsThread - 0] INFO  pipeline.BackgroundPipelineCreator (BackgroundPipelineCreator.java:createPipelines(233)) - Created new pipeline Pipeline[ Id: 761249f9-8bb6-41bf-974d-4398accf5932, Nodes: 5317d628-7528-4015-930b-d89d4a444778(fv-az238-384.lrtv1j1tcsgurjp4mtmc3vvjre.gx.internal.cloudapp.net/10.1.0.70), ReplicationConfig: RATIS/ONE, State:ALLOCATED, leaderId:, CreationTimestamp2023-09-29T12:51:17.953Z[Etc/UTC]]
2023-09-29 12:51:18,350 [EndpointStateMachine task thread for /0.0.0.0:15002 - 0 ] INFO  utils.DatanodeStoreCache (DatanodeStoreCache.java:addDB(66)) - Added db /home/runner/work/ozone/ozone/hadoop-ozone/integration-test/target/test-dir/MiniOzoneClusterImpl-811b16cb-c214-4c75-bdb2-1b437bba6cdf/datanode-6/data-0/containers/hdds/811b16cb-c214-4c75-bdb2-1b437bba6cdf/DS-4d1f0ff2-6356-4f39-90bb-1c128b267f77/container.db to cache
2023-09-29 12:51:18,350 [EndpointStateMachine task thread for /0.0.0.0:15002 - 0 ] INFO  volume.HddsVolume (HddsVolume.java:createDbStore(422)) - SchemaV3 db is created and loaded at /home/runner/work/ozone/ozone/hadoop-ozone/integration-test/target/test-dir/MiniOzoneClusterImpl-811b16cb-c214-4c75-bdb2-1b437bba6cdf/datanode-6/data-0/containers/hdds/811b16cb-c214-4c75-bdb2-1b437bba6cdf/DS-4d1f0ff2-6356-4f39-90bb-1c128b267f77/container.db for volume DS-4d1f0ff2-6356-4f39-90bb-1c128b267f77
2023-09-29 12:51:18,350 [EndpointStateMachine task thread for /0.0.0.0:15002 - 0 ] INFO  volume.ThrottledAsyncChecker (ThrottledAsyncChecker.java:schedule(141)) - Scheduling a check for /home/runner/work/ozone/ozone/hadoop-ozone/integration-test/target/test-dir/MiniOzoneClusterImpl-811b16cb-c214-4c75-bdb2-1b437bba6cdf/datanode-6/data-0/containers/hdds
2023-09-29 12:51:18,355 [EndpointStateMachine task thread for /0.0.0.0:15002 - 0 ] INFO  volume.StorageVolumeChecker (StorageVolumeChecker.java:checkAllVolumes(213)) - Scheduled health check for volume /home/runner/work/ozone/ozone/hadoop-ozone/integration-test/target/test-dir/MiniOzoneClusterImpl-811b16cb-c214-4c75-bdb2-1b437bba6cdf/datanode-6/data-0/containers/hdds
2023-09-29 12:51:18,357 [EndpointStateMachine task thread for /0.0.0.0:15002 - 0 ] INFO  volume.ThrottledAsyncChecker (ThrottledAsyncChecker.java:schedule(141)) - Scheduling a check for /home/runner/work/ozone/ozone/hadoop-ozone/integration-test/target/test-dir/MiniOzoneClusterImpl-811b16cb-c214-4c75-bdb2-1b437bba6cdf/datanode-6/data/ratis
2023-09-29 12:51:18,357 [EndpointStateMachine task thread for /0.0.0.0:15002 - 0 ] INFO  volume.StorageVolumeChecker (StorageVolumeChecker.java:checkAllVolumes(213)) - Scheduled health check for volume /home/runner/work/ozone/ozone/hadoop-ozone/integration-test/target/test-dir/MiniOzoneClusterImpl-811b16cb-c214-4c75-bdb2-1b437bba6cdf/datanode-6/data/ratis
2023-09-29 12:51:18,359 [EndpointStateMachine task thread for /0.0.0.0:15002 - 0 ] INFO  ozoneimpl.OzoneContainer (OzoneContainer.java:start(429)) - Attempting to start container services.
2023-09-29 12:51:18,359 [EndpointStateMachine task thread for /0.0.0.0:15002 - 0 ] INFO  ozoneimpl.OzoneContainer (OzoneContainer.java:startContainerScrub(325)) - Scheduled background container scanners and the on-demand container scanner have been disabled.
2023-09-29 12:51:18,360 [EndpointStateMachine task thread for /0.0.0.0:15002 - 0 ] INFO  replication.ReplicationServer (ReplicationServer.java:start(134)) - ReplicationServer is started using port 15070
2023-09-29 12:51:18,360 [EndpointStateMachine task thread for /0.0.0.0:15002 - 0 ] INFO  ratis.XceiverServerRatis (XceiverServerRatis.java:start(517)) - Starting XceiverServerRatis b431013d-a75d-44b2-a41a-a2e98e506a92
2023-09-29 12:51:18,361 [EndpointStateMachine task thread for /0.0.0.0:15002 - 0 ] INFO  server.RaftServer (RaftServerProxy.java:startImpl(400)) - b431013d-a75d-44b2-a41a-a2e98e506a92: start RPC server
2023-09-29 12:51:18,367 [EndpointStateMachine task thread for /0.0.0.0:15002 - 0 ] INFO  server.GrpcService (GrpcService.java:startImpl(302)) - b431013d-a75d-44b2-a41a-a2e98e506a92: GrpcService started, listening on 15066
2023-09-29 12:51:18,368 [EndpointStateMachine task thread for /0.0.0.0:15002 - 0 ] INFO  server.GrpcService (GrpcService.java:startImpl(302)) - b431013d-a75d-44b2-a41a-a2e98e506a92: GrpcService started, listening on 15068
2023-09-29 12:51:18,369 [EndpointStateMachine task thread for /0.0.0.0:15002 - 0 ] INFO  server.GrpcService (GrpcService.java:startImpl(302)) - b431013d-a75d-44b2-a41a-a2e98e506a92: GrpcService started, listening on 15067
2023-09-29 12:51:18,370 [EndpointStateMachine task thread for /0.0.0.0:15002 - 0 ] INFO  ratis.XceiverServerRatis (XceiverServerRatis.java:getRealPort(543)) - XceiverServerRatis b431013d-a75d-44b2-a41a-a2e98e506a92 is started using port 15066 for RATIS
2023-09-29 12:51:18,370 [EndpointStateMachine task thread for /0.0.0.0:15002 - 0 ] INFO  ratis.XceiverServerRatis (XceiverServerRatis.java:getRealPort(543)) - XceiverServerRatis b431013d-a75d-44b2-a41a-a2e98e506a92 is started using port 15067 for RATIS_ADMIN
2023-09-29 12:51:18,370 [EndpointStateMachine task thread for /0.0.0.0:15002 - 0 ] INFO  ratis.XceiverServerRatis (XceiverServerRatis.java:getRealPort(543)) - XceiverServerRatis b431013d-a75d-44b2-a41a-a2e98e506a92 is started using port 15068 for RATIS_SERVER
2023-09-29 12:51:18,370 [JvmPauseMonitor8] INFO  util.JvmPauseMonitor (JvmPauseMonitor.java:run(103)) - JvmPauseMonitor-b431013d-a75d-44b2-a41a-a2e98e506a92: Started
2023-09-29 12:51:18,370 [EndpointStateMachine task thread for /0.0.0.0:15002 - 0 ] INFO  ratis.XceiverServerRatis (XceiverServerRatis.java:getRealPort(543)) - XceiverServerRatis b431013d-a75d-44b2-a41a-a2e98e506a92 is started using port 15069 for RATIS_DATASTREAM
2023-09-29 12:51:18,374 [BlockDeletingService#0] INFO  interfaces.ContainerDeletionChoosingPolicyTemplate (ContainerDeletionChoosingPolicyTemplate.java:chooseContainerForBlockDeletion(85)) - Chosen 0/5000 blocks from 0 candidate containers.
2023-09-29 12:51:18,446 [IPC Server handler 13 on default port 15002] INFO  net.NetworkTopologyImpl (NetworkTopologyImpl.java:add(112)) - Added a new node: /default-rack/9305807b-68e0-4de4-9f06-795e0c374ac6
2023-09-29 12:51:18,446 [IPC Server handler 13 on default port 15002] INFO  node.SCMNodeManager (SCMNodeManager.java:register(405)) - Registered Data node : 9305807b-68e0-4de4-9f06-795e0c374ac6{ip: 10.1.0.70, host: fv-az238-384.lrtv1j1tcsgurjp4mtmc3vvjre.gx.internal.cloudapp.net, ports: [HTTP=15027, CLIENT_RPC=15028, REPLICATION=15034, RATIS=15030, RATIS_ADMIN=15031, RATIS_SERVER=15032, RATIS_DATASTREAM=15033, STANDALONE=15029], networkLocation: /default-rack, certSerialId: null, persistedOpState: null, persistedOpStateExpiryEpochSec: 0}
2023-09-29 12:51:18,446 [EventQueue-NewNodeForNewNodeHandler] INFO  pipeline.BackgroundPipelineCreator (BackgroundPipelineCreator.java:notifyEventTriggered(277)) - trigger a one-shot run on RatisPipelineUtilsThread.
2023-09-29 12:51:18,448 [EventQueue-NodeRegistrationContainerReportForDataNodeSafeModeRule] INFO  safemode.SCMSafeModeManager (DataNodeSafeModeRule.java:process(71)) - SCM in safe mode. 3 DataNodes registered, 3 required.
2023-09-29 12:51:18,449 [EventQueue-NodeRegistrationContainerReportForDataNodeSafeModeRule] INFO  safemode.SCMSafeModeManager (SCMSafeModeManager.java:validateSafeModeExitRules(200)) - DataNodeSafeModeRule rule is successfully validated
2023-09-29 12:51:18,449 [EventQueue-NodeRegistrationContainerReportForDataNodeSafeModeRule] INFO  safemode.SCMSafeModeManager (SCMSafeModeManager.java:completePreCheck(229)) - All SCM safe mode pre check rules have passed
2023-09-29 12:51:18,449 [EventQueue-NodeRegistrationContainerReportForDataNodeSafeModeRule] INFO  ha.SCMContext (SCMContext.java:updateSafeModeStatus(228)) - Update SafeModeStatus from SafeModeStatus{safeModeStatus=true, preCheckPassed=false} to SafeModeStatus{safeModeStatus=true, preCheckPassed=true}.
2023-09-29 12:51:18,449 [EventQueue-NodeRegistrationContainerReportForDataNodeSafeModeRule] INFO  pipeline.BackgroundPipelineCreator (BackgroundPipelineCreator.java:notifyEventTriggered(277)) - trigger a one-shot run on RatisPipelineUtilsThread.
2023-09-29 12:51:18,450 [RatisPipelineUtilsThread - 0] INFO  pipeline.RatisPipelineProvider (RatisPipelineProvider.java:lambda$create$0(206)) - Sending CreatePipelineCommand for pipeline:PipelineID=00044fda-cf71-4d00-9eb5-8cc713da5931 to datanode:9305807b-68e0-4de4-9f06-795e0c374ac6
2023-09-29 12:51:18,451 [RatisPipelineUtilsThread - 0] INFO  pipeline.BackgroundPipelineCreator (BackgroundPipelineCreator.java:createPipelines(233)) - Created new pipeline Pipeline[ Id: 00044fda-cf71-4d00-9eb5-8cc713da5931, Nodes: 9305807b-68e0-4de4-9f06-795e0c374ac6(fv-az238-384.lrtv1j1tcsgurjp4mtmc3vvjre.gx.internal.cloudapp.net/10.1.0.70), ReplicationConfig: RATIS/ONE, State:ALLOCATED, leaderId:, CreationTimestamp2023-09-29T12:51:18.450Z[Etc/UTC]]
2023-09-29 12:51:18,456 [RatisPipelineUtilsThread - 0] INFO  pipeline.RatisPipelineProvider (RatisPipelineProvider.java:lambda$create$0(206)) - Sending CreatePipelineCommand for pipeline:PipelineID=f1bd389d-45ed-4fca-9700-d84cb1adcb76 to datanode:28fc21f1-0f1b-4853-8334-7fb4bdc0ccf0
2023-09-29 12:51:18,456 [RatisPipelineUtilsThread - 0] INFO  pipeline.RatisPipelineProvider (RatisPipelineProvider.java:lambda$create$0(206)) - Sending CreatePipelineCommand for pipeline:PipelineID=f1bd389d-45ed-4fca-9700-d84cb1adcb76 to datanode:9305807b-68e0-4de4-9f06-795e0c374ac6
2023-09-29 12:51:18,456 [RatisPipelineUtilsThread - 0] INFO  pipeline.RatisPipelineProvider (RatisPipelineProvider.java:lambda$create$0(206)) - Sending CreatePipelineCommand for pipeline:PipelineID=f1bd389d-45ed-4fca-9700-d84cb1adcb76 to datanode:5317d628-7528-4015-930b-d89d4a444778
2023-09-29 12:51:18,458 [RatisPipelineUtilsThread - 0] INFO  pipeline.BackgroundPipelineCreator (BackgroundPipelineCreator.java:createPipelines(233)) - Created new pipeline Pipeline[ Id: f1bd389d-45ed-4fca-9700-d84cb1adcb76, Nodes: 28fc21f1-0f1b-4853-8334-7fb4bdc0ccf0(fv-az238-384.lrtv1j1tcsgurjp4mtmc3vvjre.gx.internal.cloudapp.net/10.1.0.70)9305807b-68e0-4de4-9f06-795e0c374ac6(fv-az238-384.lrtv1j1tcsgurjp4mtmc3vvjre.gx.internal.cloudapp.net/10.1.0.70)5317d628-7528-4015-930b-d89d4a444778(fv-az238-384.lrtv1j1tcsgurjp4mtmc3vvjre.gx.internal.cloudapp.net/10.1.0.70), ReplicationConfig: RATIS/THREE, State:ALLOCATED, leaderId:, CreationTimestamp2023-09-29T12:51:18.456Z[Etc/UTC]]
2023-09-29 12:51:18,459 [RatisPipelineUtilsThread - 0] INFO  pipeline.RatisPipelineProvider (RatisPipelineProvider.java:lambda$create$0(206)) - Sending CreatePipelineCommand for pipeline:PipelineID=12312537-43cd-480b-977c-bac3d6a46238 to datanode:9305807b-68e0-4de4-9f06-795e0c374ac6
2023-09-29 12:51:18,459 [RatisPipelineUtilsThread - 0] INFO  pipeline.RatisPipelineProvider (RatisPipelineProvider.java:lambda$create$0(206)) - Sending CreatePipelineCommand for pipeline:PipelineID=12312537-43cd-480b-977c-bac3d6a46238 to datanode:5317d628-7528-4015-930b-d89d4a444778
2023-09-29 12:51:18,459 [RatisPipelineUtilsThread - 0] INFO  pipeline.RatisPipelineProvider (RatisPipelineProvider.java:lambda$create$0(206)) - Sending CreatePipelineCommand for pipeline:PipelineID=12312537-43cd-480b-977c-bac3d6a46238 to datanode:28fc21f1-0f1b-4853-8334-7fb4bdc0ccf0
2023-09-29 12:51:18,461 [RatisPipelineUtilsThread - 0] INFO  pipeline.PipelineManagerImpl (PipelineManagerImpl.java:recordMetricsForPipeline(895)) - Pipeline: PipelineID=12312537-43cd-480b-977c-bac3d6a46238 contains same datanodes as previous pipelines: PipelineID=f1bd389d-45ed-4fca-9700-d84cb1adcb76 nodeIds: 9305807b-68e0-4de4-9f06-795e0c374ac6, 5317d628-7528-4015-930b-d89d4a444778, 28fc21f1-0f1b-4853-8334-7fb4bdc0ccf0
2023-09-29 12:51:18,461 [RatisPipelineUtilsThread - 0] INFO  pipeline.BackgroundPipelineCreator (BackgroundPipelineCreator.java:createPipelines(233)) - Created new pipeline Pipeline[ Id: 12312537-43cd-480b-977c-bac3d6a46238, Nodes: 9305807b-68e0-4de4-9f06-795e0c374ac6(fv-az238-384.lrtv1j1tcsgurjp4mtmc3vvjre.gx.internal.cloudapp.net/10.1.0.70)5317d628-7528-4015-930b-d89d4a444778(fv-az238-384.lrtv1j1tcsgurjp4mtmc3vvjre.gx.internal.cloudapp.net/10.1.0.70)28fc21f1-0f1b-4853-8334-7fb4bdc0ccf0(fv-az238-384.lrtv1j1tcsgurjp4mtmc3vvjre.gx.internal.cloudapp.net/10.1.0.70), ReplicationConfig: RATIS/THREE, State:ALLOCATED, leaderId:, CreationTimestamp2023-09-29T12:51:18.459Z[Etc/UTC]]
2023-09-29 12:51:18,658 [main] INFO  ozone.MiniOzoneClusterImpl (MiniOzoneClusterImpl.java:lambda$waitForClusterToBeReady$0(229)) - Waiting for nodes to be ready. Got 3 of 10 DN Heartbeats.
2023-09-29 12:51:18,659 [main] INFO  ozone.MiniOzoneClusterImpl (MiniOzoneClusterImpl.java:lambda$waitForClusterToBeReady$0(232)) - Waiting for cluster to exit safe mode
2023-09-29 12:51:18,659 [main] INFO  ozone.MiniOzoneClusterImpl (MiniOzoneClusterImpl.java:lambda$waitForClusterToBeReady$0(234)) - SCM became leader
2023-09-29 12:51:18,778 [EndpointStateMachine task thread for /0.0.0.0:15002 - 0 ] INFO  utils.DatanodeStoreCache (DatanodeStoreCache.java:addDB(66)) - Added db /home/runner/work/ozone/ozone/hadoop-ozone/integration-test/target/test-dir/MiniOzoneClusterImpl-811b16cb-c214-4c75-bdb2-1b437bba6cdf/datanode-7/data-0/containers/hdds/811b16cb-c214-4c75-bdb2-1b437bba6cdf/DS-4a1c994e-8ae2-4dc2-8850-ed01a75b1450/container.db to cache
2023-09-29 12:51:18,780 [EndpointStateMachine task thread for /0.0.0.0:15002 - 0 ] INFO  volume.HddsVolume (HddsVolume.java:createDbStore(422)) - SchemaV3 db is created and loaded at /home/runner/work/ozone/ozone/hadoop-ozone/integration-test/target/test-dir/MiniOzoneClusterImpl-811b16cb-c214-4c75-bdb2-1b437bba6cdf/datanode-7/data-0/containers/hdds/811b16cb-c214-4c75-bdb2-1b437bba6cdf/DS-4a1c994e-8ae2-4dc2-8850-ed01a75b1450/container.db for volume DS-4a1c994e-8ae2-4dc2-8850-ed01a75b1450
2023-09-29 12:51:18,781 [EndpointStateMachine task thread for /0.0.0.0:15002 - 0 ] INFO  volume.ThrottledAsyncChecker (ThrottledAsyncChecker.java:schedule(141)) - Scheduling a check for /home/runner/work/ozone/ozone/hadoop-ozone/integration-test/target/test-dir/MiniOzoneClusterImpl-811b16cb-c214-4c75-bdb2-1b437bba6cdf/datanode-7/data-0/containers/hdds
2023-09-29 12:51:18,781 [EndpointStateMachine task thread for /0.0.0.0:15002 - 0 ] INFO  volume.StorageVolumeChecker (StorageVolumeChecker.java:checkAllVolumes(213)) - Scheduled health check for volume /home/runner/work/ozone/ozone/hadoop-ozone/integration-test/target/test-dir/MiniOzoneClusterImpl-811b16cb-c214-4c75-bdb2-1b437bba6cdf/datanode-7/data-0/containers/hdds
2023-09-29 12:51:18,785 [EndpointStateMachine task thread for /0.0.0.0:15002 - 0 ] INFO  volume.ThrottledAsyncChecker (ThrottledAsyncChecker.java:schedule(141)) - Scheduling a check for /home/runner/work/ozone/ozone/hadoop-ozone/integration-test/target/test-dir/MiniOzoneClusterImpl-811b16cb-c214-4c75-bdb2-1b437bba6cdf/datanode-7/data/ratis
2023-09-29 12:51:18,785 [EndpointStateMachine task thread for /0.0.0.0:15002 - 0 ] INFO  volume.StorageVolumeChecker (StorageVolumeChecker.java:checkAllVolumes(213)) - Scheduled health check for volume /home/runner/work/ozone/ozone/hadoop-ozone/integration-test/target/test-dir/MiniOzoneClusterImpl-811b16cb-c214-4c75-bdb2-1b437bba6cdf/datanode-7/data/ratis
2023-09-29 12:51:18,786 [EndpointStateMachine task thread for /0.0.0.0:15002 - 0 ] INFO  ozoneimpl.OzoneContainer (OzoneContainer.java:start(429)) - Attempting to start container services.
2023-09-29 12:51:18,786 [EndpointStateMachine task thread for /0.0.0.0:15002 - 0 ] INFO  ozoneimpl.OzoneContainer (OzoneContainer.java:startContainerScrub(325)) - Scheduled background container scanners and the on-demand container scanner have been disabled.
2023-09-29 12:51:18,787 [EndpointStateMachine task thread for /0.0.0.0:15002 - 0 ] INFO  replication.ReplicationServer (ReplicationServer.java:start(134)) - ReplicationServer is started using port 15079
2023-09-29 12:51:18,787 [EndpointStateMachine task thread for /0.0.0.0:15002 - 0 ] INFO  ratis.XceiverServerRatis (XceiverServerRatis.java:start(517)) - Starting XceiverServerRatis 9fc007ee-6328-4e66-a7f4-dfd370a25fec
2023-09-29 12:51:18,788 [EndpointStateMachine task thread for /0.0.0.0:15002 - 0 ] INFO  server.RaftServer (RaftServerProxy.java:startImpl(400)) - 9fc007ee-6328-4e66-a7f4-dfd370a25fec: start RPC server
2023-09-29 12:51:18,789 [EndpointStateMachine task thread for /0.0.0.0:15002 - 0 ] INFO  server.GrpcService (GrpcService.java:startImpl(302)) - 9fc007ee-6328-4e66-a7f4-dfd370a25fec: GrpcService started, listening on 15075
2023-09-29 12:51:18,791 [EndpointStateMachine task thread for /0.0.0.0:15002 - 0 ] INFO  server.GrpcService (GrpcService.java:startImpl(302)) - 9fc007ee-6328-4e66-a7f4-dfd370a25fec: GrpcService started, listening on 15077
2023-09-29 12:51:18,796 [EndpointStateMachine task thread for /0.0.0.0:15002 - 0 ] INFO  server.GrpcService (GrpcService.java:startImpl(302)) - 9fc007ee-6328-4e66-a7f4-dfd370a25fec: GrpcService started, listening on 15076
2023-09-29 12:51:18,796 [EndpointStateMachine task thread for /0.0.0.0:15002 - 0 ] INFO  ratis.XceiverServerRatis (XceiverServerRatis.java:getRealPort(543)) - XceiverServerRatis 9fc007ee-6328-4e66-a7f4-dfd370a25fec is started using port 15075 for RATIS
2023-09-29 12:51:18,796 [JvmPauseMonitor9] INFO  util.JvmPauseMonitor (JvmPauseMonitor.java:run(103)) - JvmPauseMonitor-9fc007ee-6328-4e66-a7f4-dfd370a25fec: Started
2023-09-29 12:51:18,796 [EndpointStateMachine task thread for /0.0.0.0:15002 - 0 ] INFO  ratis.XceiverServerRatis (XceiverServerRatis.java:getRealPort(543)) - XceiverServerRatis 9fc007ee-6328-4e66-a7f4-dfd370a25fec is started using port 15076 for RATIS_ADMIN
2023-09-29 12:51:18,797 [EndpointStateMachine task thread for /0.0.0.0:15002 - 0 ] INFO  ratis.XceiverServerRatis (XceiverServerRatis.java:getRealPort(543)) - XceiverServerRatis 9fc007ee-6328-4e66-a7f4-dfd370a25fec is started using port 15077 for RATIS_SERVER
2023-09-29 12:51:18,797 [EndpointStateMachine task thread for /0.0.0.0:15002 - 0 ] INFO  ratis.XceiverServerRatis (XceiverServerRatis.java:getRealPort(543)) - XceiverServerRatis 9fc007ee-6328-4e66-a7f4-dfd370a25fec is started using port 15078 for RATIS_DATASTREAM
2023-09-29 12:51:18,801 [BlockDeletingService#0] INFO  interfaces.ContainerDeletionChoosingPolicyTemplate (ContainerDeletionChoosingPolicyTemplate.java:chooseContainerForBlockDeletion(85)) - Chosen 0/5000 blocks from 0 candidate containers.
2023-09-29 12:51:18,894 [IPC Server handler 16 on default port 15002] INFO  net.NetworkTopologyImpl (NetworkTopologyImpl.java:add(112)) - Added a new node: /default-rack/6f9d3266-b874-4586-a718-9027df6ff647
2023-09-29 12:51:18,895 [IPC Server handler 16 on default port 15002] INFO  node.SCMNodeManager (SCMNodeManager.java:register(405)) - Registered Data node : 6f9d3266-b874-4586-a718-9027df6ff647{ip: 10.1.0.70, host: fv-az238-384.lrtv1j1tcsgurjp4mtmc3vvjre.gx.internal.cloudapp.net, ports: [HTTP=15036, CLIENT_RPC=15037, REPLICATION=15043, RATIS=15039, RATIS_ADMIN=15040, RATIS_SERVER=15041, RATIS_DATASTREAM=15042, STANDALONE=15038], networkLocation: /default-rack, certSerialId: null, persistedOpState: null, persistedOpStateExpiryEpochSec: 0}
2023-09-29 12:51:18,897 [EventQueue-NewNodeForNewNodeHandler] INFO  pipeline.BackgroundPipelineCreator (BackgroundPipelineCreator.java:notifyEventTriggered(277)) - trigger a one-shot run on RatisPipelineUtilsThread.
2023-09-29 12:51:18,897 [RatisPipelineUtilsThread - 0] INFO  pipeline.RatisPipelineProvider (RatisPipelineProvider.java:lambda$create$0(206)) - Sending CreatePipelineCommand for pipeline:PipelineID=2755eb04-fdd9-4243-a794-7fd84471ba85 to datanode:6f9d3266-b874-4586-a718-9027df6ff647
2023-09-29 12:51:18,899 [RatisPipelineUtilsThread - 0] INFO  pipeline.BackgroundPipelineCreator (BackgroundPipelineCreator.java:createPipelines(233)) - Created new pipeline Pipeline[ Id: 2755eb04-fdd9-4243-a794-7fd84471ba85, Nodes: 6f9d3266-b874-4586-a718-9027df6ff647(fv-az238-384.lrtv1j1tcsgurjp4mtmc3vvjre.gx.internal.cloudapp.net/10.1.0.70), ReplicationConfig: RATIS/ONE, State:ALLOCATED, leaderId:, CreationTimestamp2023-09-29T12:51:18.897Z[Etc/UTC]]
2023-09-29 12:51:19,157 [EndpointStateMachine task thread for /0.0.0.0:15002 - 0 ] INFO  utils.DatanodeStoreCache (DatanodeStoreCache.java:addDB(66)) - Added db /home/runner/work/ozone/ozone/hadoop-ozone/integration-test/target/test-dir/MiniOzoneClusterImpl-811b16cb-c214-4c75-bdb2-1b437bba6cdf/datanode-8/data-0/containers/hdds/811b16cb-c214-4c75-bdb2-1b437bba6cdf/DS-cf52afb9-4d27-43c2-a955-5bf0e9a3821a/container.db to cache
2023-09-29 12:51:19,157 [EndpointStateMachine task thread for /0.0.0.0:15002 - 0 ] INFO  volume.HddsVolume (HddsVolume.java:createDbStore(422)) - SchemaV3 db is created and loaded at /home/runner/work/ozone/ozone/hadoop-ozone/integration-test/target/test-dir/MiniOzoneClusterImpl-811b16cb-c214-4c75-bdb2-1b437bba6cdf/datanode-8/data-0/containers/hdds/811b16cb-c214-4c75-bdb2-1b437bba6cdf/DS-cf52afb9-4d27-43c2-a955-5bf0e9a3821a/container.db for volume DS-cf52afb9-4d27-43c2-a955-5bf0e9a3821a
2023-09-29 12:51:19,158 [EndpointStateMachine task thread for /0.0.0.0:15002 - 0 ] INFO  volume.ThrottledAsyncChecker (ThrottledAsyncChecker.java:schedule(141)) - Scheduling a check for /home/runner/work/ozone/ozone/hadoop-ozone/integration-test/target/test-dir/MiniOzoneClusterImpl-811b16cb-c214-4c75-bdb2-1b437bba6cdf/datanode-8/data-0/containers/hdds
2023-09-29 12:51:19,159 [EndpointStateMachine task thread for /0.0.0.0:15002 - 0 ] INFO  volume.StorageVolumeChecker (StorageVolumeChecker.java:checkAllVolumes(213)) - Scheduled health check for volume /home/runner/work/ozone/ozone/hadoop-ozone/integration-test/target/test-dir/MiniOzoneClusterImpl-811b16cb-c214-4c75-bdb2-1b437bba6cdf/datanode-8/data-0/containers/hdds
2023-09-29 12:51:19,162 [EndpointStateMachine task thread for /0.0.0.0:15002 - 0 ] INFO  volume.ThrottledAsyncChecker (ThrottledAsyncChecker.java:schedule(141)) - Scheduling a check for /home/runner/work/ozone/ozone/hadoop-ozone/integration-test/target/test-dir/MiniOzoneClusterImpl-811b16cb-c214-4c75-bdb2-1b437bba6cdf/datanode-8/data/ratis
2023-09-29 12:51:19,162 [EndpointStateMachine task thread for /0.0.0.0:15002 - 0 ] INFO  volume.StorageVolumeChecker (StorageVolumeChecker.java:checkAllVolumes(213)) - Scheduled health check for volume /home/runner/work/ozone/ozone/hadoop-ozone/integration-test/target/test-dir/MiniOzoneClusterImpl-811b16cb-c214-4c75-bdb2-1b437bba6cdf/datanode-8/data/ratis
2023-09-29 12:51:19,163 [EndpointStateMachine task thread for /0.0.0.0:15002 - 0 ] INFO  ozoneimpl.OzoneContainer (OzoneContainer.java:start(429)) - Attempting to start container services.
2023-09-29 12:51:19,164 [EndpointStateMachine task thread for /0.0.0.0:15002 - 0 ] INFO  ozoneimpl.OzoneContainer (OzoneContainer.java:startContainerScrub(325)) - Scheduled background container scanners and the on-demand container scanner have been disabled.
2023-09-29 12:51:19,164 [EndpointStateMachine task thread for /0.0.0.0:15002 - 0 ] INFO  replication.ReplicationServer (ReplicationServer.java:start(134)) - ReplicationServer is started using port 15088
2023-09-29 12:51:19,164 [EndpointStateMachine task thread for /0.0.0.0:15002 - 0 ] INFO  ratis.XceiverServerRatis (XceiverServerRatis.java:start(517)) - Starting XceiverServerRatis 4dfacd3a-85e6-4f60-aa9f-15a17a1c954a
2023-09-29 12:51:19,165 [EndpointStateMachine task thread for /0.0.0.0:15002 - 0 ] INFO  server.RaftServer (RaftServerProxy.java:startImpl(400)) - 4dfacd3a-85e6-4f60-aa9f-15a17a1c954a: start RPC server
2023-09-29 12:51:19,165 [EndpointStateMachine task thread for /0.0.0.0:15002 - 0 ] INFO  server.GrpcService (GrpcService.java:startImpl(302)) - 4dfacd3a-85e6-4f60-aa9f-15a17a1c954a: GrpcService started, listening on 15084
2023-09-29 12:51:19,166 [EndpointStateMachine task thread for /0.0.0.0:15002 - 0 ] INFO  server.GrpcService (GrpcService.java:startImpl(302)) - 4dfacd3a-85e6-4f60-aa9f-15a17a1c954a: GrpcService started, listening on 15086
2023-09-29 12:51:19,166 [EndpointStateMachine task thread for /0.0.0.0:15002 - 0 ] INFO  server.GrpcService (GrpcService.java:startImpl(302)) - 4dfacd3a-85e6-4f60-aa9f-15a17a1c954a: GrpcService started, listening on 15085
2023-09-29 12:51:19,169 [EndpointStateMachine task thread for /0.0.0.0:15002 - 0 ] INFO  ratis.XceiverServerRatis (XceiverServerRatis.java:getRealPort(543)) - XceiverServerRatis 4dfacd3a-85e6-4f60-aa9f-15a17a1c954a is started using port 15084 for RATIS
2023-09-29 12:51:19,170 [JvmPauseMonitor10] INFO  util.JvmPauseMonitor (JvmPauseMonitor.java:run(103)) - JvmPauseMonitor-4dfacd3a-85e6-4f60-aa9f-15a17a1c954a: Started
2023-09-29 12:51:19,170 [EndpointStateMachine task thread for /0.0.0.0:15002 - 0 ] INFO  ratis.XceiverServerRatis (XceiverServerRatis.java:getRealPort(543)) - XceiverServerRatis 4dfacd3a-85e6-4f60-aa9f-15a17a1c954a is started using port 15085 for RATIS_ADMIN
2023-09-29 12:51:19,170 [EndpointStateMachine task thread for /0.0.0.0:15002 - 0 ] INFO  ratis.XceiverServerRatis (XceiverServerRatis.java:getRealPort(543)) - XceiverServerRatis 4dfacd3a-85e6-4f60-aa9f-15a17a1c954a is started using port 15086 for RATIS_SERVER
2023-09-29 12:51:19,170 [EndpointStateMachine task thread for /0.0.0.0:15002 - 0 ] INFO  ratis.XceiverServerRatis (XceiverServerRatis.java:getRealPort(543)) - XceiverServerRatis 4dfacd3a-85e6-4f60-aa9f-15a17a1c954a is started using port 15087 for RATIS_DATASTREAM
2023-09-29 12:51:19,180 [BlockDeletingService#0] INFO  interfaces.ContainerDeletionChoosingPolicyTemplate (ContainerDeletionChoosingPolicyTemplate.java:chooseContainerForBlockDeletion(85)) - Chosen 0/5000 blocks from 0 candidate containers.
2023-09-29 12:51:19,323 [IPC Server handler 13 on default port 15002] INFO  net.NetworkTopologyImpl (NetworkTopologyImpl.java:add(112)) - Added a new node: /default-rack/6220322b-c54d-4ba8-95d6-5fd9b706d663
2023-09-29 12:51:19,323 [IPC Server handler 13 on default port 15002] INFO  node.SCMNodeManager (SCMNodeManager.java:register(405)) - Registered Data node : 6220322b-c54d-4ba8-95d6-5fd9b706d663{ip: 10.1.0.70, host: fv-az238-384.lrtv1j1tcsgurjp4mtmc3vvjre.gx.internal.cloudapp.net, ports: [HTTP=15045, CLIENT_RPC=15046, REPLICATION=15052, RATIS=15048, RATIS_ADMIN=15049, RATIS_SERVER=15050, RATIS_DATASTREAM=15051, STANDALONE=15047], networkLocation: /default-rack, certSerialId: null, persistedOpState: null, persistedOpStateExpiryEpochSec: 0}
2023-09-29 12:51:19,325 [EventQueue-NewNodeForNewNodeHandler] INFO  pipeline.BackgroundPipelineCreator (BackgroundPipelineCreator.java:notifyEventTriggered(277)) - trigger a one-shot run on RatisPipelineUtilsThread.
2023-09-29 12:51:19,325 [RatisPipelineUtilsThread - 0] INFO  pipeline.RatisPipelineProvider (RatisPipelineProvider.java:lambda$create$0(206)) - Sending CreatePipelineCommand for pipeline:PipelineID=88f45a07-8f45-4f74-a1d0-23200bb8a37d to datanode:6220322b-c54d-4ba8-95d6-5fd9b706d663
2023-09-29 12:51:19,328 [RatisPipelineUtilsThread - 0] INFO  pipeline.BackgroundPipelineCreator (BackgroundPipelineCreator.java:createPipelines(233)) - Created new pipeline Pipeline[ Id: 88f45a07-8f45-4f74-a1d0-23200bb8a37d, Nodes: 6220322b-c54d-4ba8-95d6-5fd9b706d663(fv-az238-384.lrtv1j1tcsgurjp4mtmc3vvjre.gx.internal.cloudapp.net/10.1.0.70), ReplicationConfig: RATIS/ONE, State:ALLOCATED, leaderId:, CreationTimestamp2023-09-29T12:51:19.325Z[Etc/UTC]]
2023-09-29 12:51:19,660 [main] INFO  ozone.MiniOzoneClusterImpl (MiniOzoneClusterImpl.java:lambda$waitForClusterToBeReady$0(229)) - Waiting for nodes to be ready. Got 5 of 10 DN Heartbeats.
2023-09-29 12:51:19,660 [main] INFO  ozone.MiniOzoneClusterImpl (MiniOzoneClusterImpl.java:lambda$waitForClusterToBeReady$0(232)) - Waiting for cluster to exit safe mode
2023-09-29 12:51:19,660 [main] INFO  ozone.MiniOzoneClusterImpl (MiniOzoneClusterImpl.java:lambda$waitForClusterToBeReady$0(234)) - SCM became leader
2023-09-29 12:51:19,706 [EndpointStateMachine task thread for /0.0.0.0:15002 - 0 ] INFO  utils.DatanodeStoreCache (DatanodeStoreCache.java:addDB(66)) - Added db /home/runner/work/ozone/ozone/hadoop-ozone/integration-test/target/test-dir/MiniOzoneClusterImpl-811b16cb-c214-4c75-bdb2-1b437bba6cdf/datanode-9/data-0/containers/hdds/811b16cb-c214-4c75-bdb2-1b437bba6cdf/DS-b70fe348-916d-4ed1-b4c0-2f4f7f359935/container.db to cache
2023-09-29 12:51:19,706 [EndpointStateMachine task thread for /0.0.0.0:15002 - 0 ] INFO  volume.HddsVolume (HddsVolume.java:createDbStore(422)) - SchemaV3 db is created and loaded at /home/runner/work/ozone/ozone/hadoop-ozone/integration-test/target/test-dir/MiniOzoneClusterImpl-811b16cb-c214-4c75-bdb2-1b437bba6cdf/datanode-9/data-0/containers/hdds/811b16cb-c214-4c75-bdb2-1b437bba6cdf/DS-b70fe348-916d-4ed1-b4c0-2f4f7f359935/container.db for volume DS-b70fe348-916d-4ed1-b4c0-2f4f7f359935
2023-09-29 12:51:19,707 [EndpointStateMachine task thread for /0.0.0.0:15002 - 0 ] INFO  volume.ThrottledAsyncChecker (ThrottledAsyncChecker.java:schedule(141)) - Scheduling a check for /home/runner/work/ozone/ozone/hadoop-ozone/integration-test/target/test-dir/MiniOzoneClusterImpl-811b16cb-c214-4c75-bdb2-1b437bba6cdf/datanode-9/data-0/containers/hdds
2023-09-29 12:51:19,708 [EndpointStateMachine task thread for /0.0.0.0:15002 - 0 ] INFO  volume.StorageVolumeChecker (StorageVolumeChecker.java:checkAllVolumes(213)) - Scheduled health check for volume /home/runner/work/ozone/ozone/hadoop-ozone/integration-test/target/test-dir/MiniOzoneClusterImpl-811b16cb-c214-4c75-bdb2-1b437bba6cdf/datanode-9/data-0/containers/hdds
2023-09-29 12:51:19,711 [EndpointStateMachine task thread for /0.0.0.0:15002 - 0 ] INFO  volume.ThrottledAsyncChecker (ThrottledAsyncChecker.java:schedule(141)) - Scheduling a check for /home/runner/work/ozone/ozone/hadoop-ozone/integration-test/target/test-dir/MiniOzoneClusterImpl-811b16cb-c214-4c75-bdb2-1b437bba6cdf/datanode-9/data/ratis
2023-09-29 12:51:19,711 [EndpointStateMachine task thread for /0.0.0.0:15002 - 0 ] INFO  volume.StorageVolumeChecker (StorageVolumeChecker.java:checkAllVolumes(213)) - Scheduled health check for volume /home/runner/work/ozone/ozone/hadoop-ozone/integration-test/target/test-dir/MiniOzoneClusterImpl-811b16cb-c214-4c75-bdb2-1b437bba6cdf/datanode-9/data/ratis
2023-09-29 12:51:19,713 [EndpointStateMachine task thread for /0.0.0.0:15002 - 0 ] INFO  ozoneimpl.OzoneContainer (OzoneContainer.java:start(429)) - Attempting to start container services.
2023-09-29 12:51:19,713 [EndpointStateMachine task thread for /0.0.0.0:15002 - 0 ] INFO  ozoneimpl.OzoneContainer (OzoneContainer.java:startContainerScrub(325)) - Scheduled background container scanners and the on-demand container scanner have been disabled.
2023-09-29 12:51:19,714 [EndpointStateMachine task thread for /0.0.0.0:15002 - 0 ] INFO  replication.ReplicationServer (ReplicationServer.java:start(134)) - ReplicationServer is started using port 15097
2023-09-29 12:51:19,714 [EndpointStateMachine task thread for /0.0.0.0:15002 - 0 ] INFO  ratis.XceiverServerRatis (XceiverServerRatis.java:start(517)) - Starting XceiverServerRatis f6fa4039-8fe9-46ca-92f5-bb04d02dc273
2023-09-29 12:51:19,715 [EndpointStateMachine task thread for /0.0.0.0:15002 - 0 ] INFO  server.RaftServer (RaftServerProxy.java:startImpl(400)) - f6fa4039-8fe9-46ca-92f5-bb04d02dc273: start RPC server
2023-09-29 12:51:19,716 [EndpointStateMachine task thread for /0.0.0.0:15002 - 0 ] INFO  server.GrpcService (GrpcService.java:startImpl(302)) - f6fa4039-8fe9-46ca-92f5-bb04d02dc273: GrpcService started, listening on 15093
2023-09-29 12:51:19,717 [EndpointStateMachine task thread for /0.0.0.0:15002 - 0 ] INFO  server.GrpcService (GrpcService.java:startImpl(302)) - f6fa4039-8fe9-46ca-92f5-bb04d02dc273: GrpcService started, listening on 15095
2023-09-29 12:51:19,717 [EndpointStateMachine task thread for /0.0.0.0:15002 - 0 ] INFO  server.GrpcService (GrpcService.java:startImpl(302)) - f6fa4039-8fe9-46ca-92f5-bb04d02dc273: GrpcService started, listening on 15094
2023-09-29 12:51:19,718 [EndpointStateMachine task thread for /0.0.0.0:15002 - 0 ] INFO  ratis.XceiverServerRatis (XceiverServerRatis.java:getRealPort(543)) - XceiverServerRatis f6fa4039-8fe9-46ca-92f5-bb04d02dc273 is started using port 15093 for RATIS
2023-09-29 12:51:19,718 [JvmPauseMonitor11] INFO  util.JvmPauseMonitor (JvmPauseMonitor.java:run(103)) - JvmPauseMonitor-f6fa4039-8fe9-46ca-92f5-bb04d02dc273: Started
2023-09-29 12:51:19,718 [EndpointStateMachine task thread for /0.0.0.0:15002 - 0 ] INFO  ratis.XceiverServerRatis (XceiverServerRatis.java:getRealPort(543)) - XceiverServerRatis f6fa4039-8fe9-46ca-92f5-bb04d02dc273 is started using port 15094 for RATIS_ADMIN
2023-09-29 12:51:19,719 [EndpointStateMachine task thread for /0.0.0.0:15002 - 0 ] INFO  ratis.XceiverServerRatis (XceiverServerRatis.java:getRealPort(543)) - XceiverServerRatis f6fa4039-8fe9-46ca-92f5-bb04d02dc273 is started using port 15095 for RATIS_SERVER
2023-09-29 12:51:19,719 [EndpointStateMachine task thread for /0.0.0.0:15002 - 0 ] INFO  ratis.XceiverServerRatis (XceiverServerRatis.java:getRealPort(543)) - XceiverServerRatis f6fa4039-8fe9-46ca-92f5-bb04d02dc273 is started using port 15096 for RATIS_DATASTREAM
2023-09-29 12:51:19,722 [BlockDeletingService#0] INFO  interfaces.ContainerDeletionChoosingPolicyTemplate (ContainerDeletionChoosingPolicyTemplate.java:chooseContainerForBlockDeletion(85)) - Chosen 0/5000 blocks from 0 candidate containers.
2023-09-29 12:51:19,837 [IPC Server handler 16 on default port 15002] INFO  net.NetworkTopologyImpl (NetworkTopologyImpl.java:add(112)) - Added a new node: /default-rack/80a9a8fe-8ad4-444c-8e90-e2ced2b3ac02
2023-09-29 12:51:19,837 [IPC Server handler 16 on default port 15002] INFO  node.SCMNodeManager (SCMNodeManager.java:register(405)) - Registered Data node : 80a9a8fe-8ad4-444c-8e90-e2ced2b3ac02{ip: 10.1.0.70, host: fv-az238-384.lrtv1j1tcsgurjp4mtmc3vvjre.gx.internal.cloudapp.net, ports: [HTTP=15054, CLIENT_RPC=15055, REPLICATION=15061, RATIS=15057, RATIS_ADMIN=15058, RATIS_SERVER=15059, RATIS_DATASTREAM=15060, STANDALONE=15056], networkLocation: /default-rack, certSerialId: null, persistedOpState: null, persistedOpStateExpiryEpochSec: 0}
2023-09-29 12:51:19,838 [EventQueue-NewNodeForNewNodeHandler] INFO  pipeline.BackgroundPipelineCreator (BackgroundPipelineCreator.java:notifyEventTriggered(277)) - trigger a one-shot run on RatisPipelineUtilsThread.
2023-09-29 12:51:19,838 [RatisPipelineUtilsThread - 0] INFO  pipeline.RatisPipelineProvider (RatisPipelineProvider.java:lambda$create$0(206)) - Sending CreatePipelineCommand for pipeline:PipelineID=870a759f-8d79-46e0-9830-9a5c66ffce8a to datanode:80a9a8fe-8ad4-444c-8e90-e2ced2b3ac02
2023-09-29 12:51:19,841 [RatisPipelineUtilsThread - 0] INFO  pipeline.BackgroundPipelineCreator (BackgroundPipelineCreator.java:createPipelines(233)) - Created new pipeline Pipeline[ Id: 870a759f-8d79-46e0-9830-9a5c66ffce8a, Nodes: 80a9a8fe-8ad4-444c-8e90-e2ced2b3ac02(fv-az238-384.lrtv1j1tcsgurjp4mtmc3vvjre.gx.internal.cloudapp.net/10.1.0.70), ReplicationConfig: RATIS/ONE, State:ALLOCATED, leaderId:, CreationTimestamp2023-09-29T12:51:19.838Z[Etc/UTC]]
2023-09-29 12:51:19,842 [RatisPipelineUtilsThread - 0] INFO  pipeline.RatisPipelineProvider (RatisPipelineProvider.java:lambda$create$0(206)) - Sending CreatePipelineCommand for pipeline:PipelineID=a759158d-7527-4318-bea8-e0a3cffd1989 to datanode:6f9d3266-b874-4586-a718-9027df6ff647
2023-09-29 12:51:19,842 [RatisPipelineUtilsThread - 0] INFO  pipeline.RatisPipelineProvider (RatisPipelineProvider.java:lambda$create$0(206)) - Sending CreatePipelineCommand for pipeline:PipelineID=a759158d-7527-4318-bea8-e0a3cffd1989 to datanode:80a9a8fe-8ad4-444c-8e90-e2ced2b3ac02
2023-09-29 12:51:19,842 [RatisPipelineUtilsThread - 0] INFO  pipeline.RatisPipelineProvider (RatisPipelineProvider.java:lambda$create$0(206)) - Sending CreatePipelineCommand for pipeline:PipelineID=a759158d-7527-4318-bea8-e0a3cffd1989 to datanode:6220322b-c54d-4ba8-95d6-5fd9b706d663
2023-09-29 12:51:19,843 [RatisPipelineUtilsThread - 0] INFO  pipeline.BackgroundPipelineCreator (BackgroundPipelineCreator.java:createPipelines(233)) - Created new pipeline Pipeline[ Id: a759158d-7527-4318-bea8-e0a3cffd1989, Nodes: 6f9d3266-b874-4586-a718-9027df6ff647(fv-az238-384.lrtv1j1tcsgurjp4mtmc3vvjre.gx.internal.cloudapp.net/10.1.0.70)80a9a8fe-8ad4-444c-8e90-e2ced2b3ac02(fv-az238-384.lrtv1j1tcsgurjp4mtmc3vvjre.gx.internal.cloudapp.net/10.1.0.70)6220322b-c54d-4ba8-95d6-5fd9b706d663(fv-az238-384.lrtv1j1tcsgurjp4mtmc3vvjre.gx.internal.cloudapp.net/10.1.0.70), ReplicationConfig: RATIS/THREE, State:ALLOCATED, leaderId:, CreationTimestamp2023-09-29T12:51:19.842Z[Etc/UTC]]
2023-09-29 12:51:19,844 [RatisPipelineUtilsThread - 0] INFO  pipeline.RatisPipelineProvider (RatisPipelineProvider.java:lambda$create$0(206)) - Sending CreatePipelineCommand for pipeline:PipelineID=b313363b-d4f1-44cf-bc12-956efead089c to datanode:6f9d3266-b874-4586-a718-9027df6ff647
2023-09-29 12:51:19,844 [RatisPipelineUtilsThread - 0] INFO  pipeline.RatisPipelineProvider (RatisPipelineProvider.java:lambda$create$0(206)) - Sending CreatePipelineCommand for pipeline:PipelineID=b313363b-d4f1-44cf-bc12-956efead089c to datanode:80a9a8fe-8ad4-444c-8e90-e2ced2b3ac02
2023-09-29 12:51:19,844 [RatisPipelineUtilsThread - 0] INFO  pipeline.RatisPipelineProvider (RatisPipelineProvider.java:lambda$create$0(206)) - Sending CreatePipelineCommand for pipeline:PipelineID=b313363b-d4f1-44cf-bc12-956efead089c to datanode:6220322b-c54d-4ba8-95d6-5fd9b706d663
2023-09-29 12:51:19,846 [RatisPipelineUtilsThread - 0] INFO  pipeline.PipelineManagerImpl (PipelineManagerImpl.java:recordMetricsForPipeline(895)) - Pipeline: PipelineID=b313363b-d4f1-44cf-bc12-956efead089c contains same datanodes as previous pipelines: PipelineID=a759158d-7527-4318-bea8-e0a3cffd1989 nodeIds: 6f9d3266-b874-4586-a718-9027df6ff647, 80a9a8fe-8ad4-444c-8e90-e2ced2b3ac02, 6220322b-c54d-4ba8-95d6-5fd9b706d663
2023-09-29 12:51:19,846 [RatisPipelineUtilsThread - 0] INFO  pipeline.BackgroundPipelineCreator (BackgroundPipelineCreator.java:createPipelines(233)) - Created new pipeline Pipeline[ Id: b313363b-d4f1-44cf-bc12-956efead089c, Nodes: 6f9d3266-b874-4586-a718-9027df6ff647(fv-az238-384.lrtv1j1tcsgurjp4mtmc3vvjre.gx.internal.cloudapp.net/10.1.0.70)80a9a8fe-8ad4-444c-8e90-e2ced2b3ac02(fv-az238-384.lrtv1j1tcsgurjp4mtmc3vvjre.gx.internal.cloudapp.net/10.1.0.70)6220322b-c54d-4ba8-95d6-5fd9b706d663(fv-az238-384.lrtv1j1tcsgurjp4mtmc3vvjre.gx.internal.cloudapp.net/10.1.0.70), ReplicationConfig: RATIS/THREE, State:ALLOCATED, leaderId:, CreationTimestamp2023-09-29T12:51:19.844Z[Etc/UTC]]
2023-09-29 12:51:20,310 [IPC Server handler 13 on default port 15002] INFO  net.NetworkTopologyImpl (NetworkTopologyImpl.java:add(112)) - Added a new node: /default-rack/b431013d-a75d-44b2-a41a-a2e98e506a92
2023-09-29 12:51:20,311 [IPC Server handler 13 on default port 15002] INFO  node.SCMNodeManager (SCMNodeManager.java:register(405)) - Registered Data node : b431013d-a75d-44b2-a41a-a2e98e506a92{ip: 10.1.0.70, host: fv-az238-384.lrtv1j1tcsgurjp4mtmc3vvjre.gx.internal.cloudapp.net, ports: [HTTP=15063, CLIENT_RPC=15064, REPLICATION=15070, RATIS=15066, RATIS_ADMIN=15067, RATIS_SERVER=15068, RATIS_DATASTREAM=15069, STANDALONE=15065], networkLocation: /default-rack, certSerialId: null, persistedOpState: null, persistedOpStateExpiryEpochSec: 0}
2023-09-29 12:51:20,311 [EventQueue-NewNodeForNewNodeHandler] INFO  pipeline.BackgroundPipelineCreator (BackgroundPipelineCreator.java:notifyEventTriggered(277)) - trigger a one-shot run on RatisPipelineUtilsThread.
2023-09-29 12:51:20,313 [RatisPipelineUtilsThread - 0] INFO  pipeline.RatisPipelineProvider (RatisPipelineProvider.java:lambda$create$0(206)) - Sending CreatePipelineCommand for pipeline:PipelineID=2091c0d9-35bc-4ce5-bb07-565827c47cd0 to datanode:b431013d-a75d-44b2-a41a-a2e98e506a92
2023-09-29 12:51:20,315 [RatisPipelineUtilsThread - 0] INFO  pipeline.BackgroundPipelineCreator (BackgroundPipelineCreator.java:createPipelines(233)) - Created new pipeline Pipeline[ Id: 2091c0d9-35bc-4ce5-bb07-565827c47cd0, Nodes: b431013d-a75d-44b2-a41a-a2e98e506a92(fv-az238-384.lrtv1j1tcsgurjp4mtmc3vvjre.gx.internal.cloudapp.net/10.1.0.70), ReplicationConfig: RATIS/ONE, State:ALLOCATED, leaderId:, CreationTimestamp2023-09-29T12:51:20.313Z[Etc/UTC]]
2023-09-29 12:51:20,508 [PipelineCommandHandlerThread-0] INFO  server.RaftServer (RaftServerProxy.java:addNew(98)) - 28fc21f1-0f1b-4853-8334-7fb4bdc0ccf0: addNew group-13976FD52583:[28fc21f1-0f1b-4853-8334-7fb4bdc0ccf0|rpc:10.1.0.70:15014|admin:10.1.0.70:15013|client:10.1.0.70:15012|dataStream:10.1.0.70:15015|priority:1|startupRole:FOLLOWER] returns group-13976FD52583:java.util.concurrent.CompletableFuture@54aa4a33[Not completed]
2023-09-29 12:51:20,519 [28fc21f1-0f1b-4853-8334-7fb4bdc0ccf0-groupManagement] INFO  server.RaftServer$Division (RaftServerImpl.java:<init>(198)) - 28fc21f1-0f1b-4853-8334-7fb4bdc0ccf0: new RaftServerImpl for group-13976FD52583:[28fc21f1-0f1b-4853-8334-7fb4bdc0ccf0|rpc:10.1.0.70:15014|admin:10.1.0.70:15013|client:10.1.0.70:15012|dataStream:10.1.0.70:15015|priority:1|startupRole:FOLLOWER] with ContainerStateMachine:uninitialized
2023-09-29 12:51:20,519 [28fc21f1-0f1b-4853-8334-7fb4bdc0ccf0-groupManagement] INFO  server.RaftServerConfigKeys (ConfUtils.java:logGet(46)) - raft.server.rpc.timeout.min = 5s (custom)
2023-09-29 12:51:20,519 [28fc21f1-0f1b-4853-8334-7fb4bdc0ccf0-groupManagement] INFO  server.RaftServerConfigKeys (ConfUtils.java:logGet(46)) - raft.server.rpc.timeout.max = 5200ms (custom)
2023-09-29 12:51:20,519 [28fc21f1-0f1b-4853-8334-7fb4bdc0ccf0-groupManagement] INFO  server.RaftServerConfigKeys (ConfUtils.java:logGet(46)) - raft.server.rpc.sleep.time = 25ms (default)
2023-09-29 12:51:20,519 [28fc21f1-0f1b-4853-8334-7fb4bdc0ccf0-groupManagement] INFO  server.RaftServerConfigKeys (ConfUtils.java:logGet(46)) - raft.server.rpc.slowness.timeout = 300s (custom)
2023-09-29 12:51:20,519 [28fc21f1-0f1b-4853-8334-7fb4bdc0ccf0-groupManagement] INFO  server.RaftServerConfigKeys (ConfUtils.java:logGet(46)) - raft.server.leaderelection.leader.step-down.wait-time = 10s (default)
2023-09-29 12:51:20,519 [28fc21f1-0f1b-4853-8334-7fb4bdc0ccf0-groupManagement] INFO  server.RaftServerConfigKeys (ConfUtils.java:logGet(46)) - raft.server.sleep.deviation.threshold = 300ms (default)
2023-09-29 12:51:20,520 [28fc21f1-0f1b-4853-8334-7fb4bdc0ccf0-groupManagement] INFO  server.RaftServer$Division (ServerState.java:<init>(120)) - 28fc21f1-0f1b-4853-8334-7fb4bdc0ccf0@group-13976FD52583: ConfigurationManager, init=-1: peers:[28fc21f1-0f1b-4853-8334-7fb4bdc0ccf0|rpc:10.1.0.70:15014|admin:10.1.0.70:15013|client:10.1.0.70:15012|dataStream:10.1.0.70:15015|priority:1|startupRole:FOLLOWER]|listeners:[], old=null, confs=<EMPTY_MAP>
2023-09-29 12:51:20,520 [28fc21f1-0f1b-4853-8334-7fb4bdc0ccf0-groupManagement] INFO  server.RaftServerConfigKeys (ConfUtils.java:logGet(46)) - raft.server.storage.dir = [/home/runner/work/ozone/ozone/hadoop-ozone/integration-test/target/test-dir/MiniOzoneClusterImpl-811b16cb-c214-4c75-bdb2-1b437bba6cdf/datanode-0/data/ratis] (custom)
2023-09-29 12:51:20,520 [28fc21f1-0f1b-4853-8334-7fb4bdc0ccf0-groupManagement] INFO  server.RaftServerConfigKeys (ConfUtils.java:logGet(46)) - raft.server.log.corruption.policy = EXCEPTION (default)
2023-09-29 12:51:20,520 [28fc21f1-0f1b-4853-8334-7fb4bdc0ccf0-groupManagement] INFO  server.RaftServerConfigKeys (ConfUtils.java:logGet(46)) - raft.server.storage.free-space.min = 0MB (=0) (default)
2023-09-29 12:51:20,520 [28fc21f1-0f1b-4853-8334-7fb4bdc0ccf0-groupManagement] INFO  server.RaftServerConfigKeys (ConfUtils.java:logGet(46)) - raft.server.notification.no-leader.timeout = 300s (custom)
2023-09-29 12:51:20,520 [28fc21f1-0f1b-4853-8334-7fb4bdc0ccf0-groupManagement] INFO  server.RaftServerConfigKeys (ConfUtils.java:logGet(46)) - raft.server.read.timeout = 10s (default)
2023-09-29 12:51:20,520 [28fc21f1-0f1b-4853-8334-7fb4bdc0ccf0-groupManagement] INFO  server.RaftServerConfigKeys (ConfUtils.java:logGet(46)) - raft.server.retrycache.expirytime = 600000ms (custom)
2023-09-29 12:51:20,520 [28fc21f1-0f1b-4853-8334-7fb4bdc0ccf0-groupManagement] INFO  server.RaftServerConfigKeys (ConfUtils.java:logGet(46)) - raft.server.retrycache.statistics.expirytime = 100μs (default)
2023-09-29 12:51:20,521 [28fc21f1-0f1b-4853-8334-7fb4bdc0ccf0-groupManagement] INFO  server.RaftServerConfigKeys (ConfUtils.java:logGet(46)) - raft.server.read.option = DEFAULT (default)
2023-09-29 12:51:20,524 [28fc21f1-0f1b-4853-8334-7fb4bdc0ccf0-groupManagement] INFO  server.RaftServerConfigKeys (ConfUtils.java:logGet(46)) - raft.server.rpc.request.timeout = 60s (custom)
2023-09-29 12:51:20,524 [28fc21f1-0f1b-4853-8334-7fb4bdc0ccf0-groupManagement] INFO  server.RaftServerConfigKeys (ConfUtils.java:logGet(46)) - raft.server.log.appender.install.snapshot.enabled = false (custom)
2023-09-29 12:51:20,525 [28fc21f1-0f1b-4853-8334-7fb4bdc0ccf0-groupManagement] INFO  server.RaftServerConfigKeys (ConfUtils.java:logGet(46)) - raft.server.threadpool.server.cached = true (default)
2023-09-29 12:51:20,525 [28fc21f1-0f1b-4853-8334-7fb4bdc0ccf0-groupManagement] INFO  server.RaftServerConfigKeys (ConfUtils.java:logGet(46)) - raft.server.threadpool.server.size = 0 (default)
2023-09-29 12:51:20,525 [28fc21f1-0f1b-4853-8334-7fb4bdc0ccf0-groupManagement] INFO  server.RaftServerConfigKeys (ConfUtils.java:logGet(46)) - raft.server.threadpool.client.cached = true (default)
2023-09-29 12:51:20,525 [28fc21f1-0f1b-4853-8334-7fb4bdc0ccf0-groupManagement] INFO  server.RaftServerConfigKeys (ConfUtils.java:logGet(46)) - raft.server.threadpool.client.size = 0 (default)
2023-09-29 12:51:20,525 [28fc21f1-0f1b-4853-8334-7fb4bdc0ccf0-groupManagement] INFO  storage.RaftStorageDirectory (RaftStorageDirectoryImpl.java:analyzeStorage(137)) - The storage directory /home/runner/work/ozone/ozone/hadoop-ozone/integration-test/target/test-dir/MiniOzoneClusterImpl-811b16cb-c214-4c75-bdb2-1b437bba6cdf/datanode-0/data/ratis/4f955fc0-ea69-486a-8109-13976fd52583 does not exist. Creating ...
2023-09-29 12:51:20,527 [28fc21f1-0f1b-4853-8334-7fb4bdc0ccf0-groupManagement] INFO  storage.RaftStorageDirectory (RaftStorageDirectoryImpl.java:tryLock(231)) - Lock on /home/runner/work/ozone/ozone/hadoop-ozone/integration-test/target/test-dir/MiniOzoneClusterImpl-811b16cb-c214-4c75-bdb2-1b437bba6cdf/datanode-0/data/ratis/4f955fc0-ea69-486a-8109-13976fd52583/in_use.lock acquired by nodename 70928@fv-az238-384
2023-09-29 12:51:20,528 [28fc21f1-0f1b-4853-8334-7fb4bdc0ccf0-groupManagement] INFO  storage.RaftStorage (RaftStorageImpl.java:format(96)) - Storage directory /home/runner/work/ozone/ozone/hadoop-ozone/integration-test/target/test-dir/MiniOzoneClusterImpl-811b16cb-c214-4c75-bdb2-1b437bba6cdf/datanode-0/data/ratis/4f955fc0-ea69-486a-8109-13976fd52583 has been successfully formatted.
2023-09-29 12:51:20,533 [28fc21f1-0f1b-4853-8334-7fb4bdc0ccf0-groupManagement] INFO  ratis.ContainerStateMachine (ContainerStateMachine.java:loadSnapshot(262)) - group-13976FD52583: The snapshot info is null. Setting the last applied indexto:(t:0, i:~)
2023-09-29 12:51:20,533 [28fc21f1-0f1b-4853-8334-7fb4bdc0ccf0-groupManagement] INFO  server.RaftServerConfigKeys (ConfUtils.java:logGet(46)) - raft.server.log.use.memory = false (default)
2023-09-29 12:51:20,534 [28fc21f1-0f1b-4853-8334-7fb4bdc0ccf0-groupManagement] INFO  server.RaftServerConfigKeys (ConfUtils.java:logGet(46)) - raft.server.log.purge.gap = 1000000 (custom)
2023-09-29 12:51:20,534 [28fc21f1-0f1b-4853-8334-7fb4bdc0ccf0-groupManagement] INFO  server.RaftServerConfigKeys (ConfUtils.java:logGet(46)) - raft.server.log.appender.buffer.byte-limit = 33554432 (custom)
2023-09-29 12:51:20,534 [28fc21f1-0f1b-4853-8334-7fb4bdc0ccf0-groupManagement] INFO  server.RaftServerConfigKeys (ConfUtils.java:logGet(46)) - raft.server.log.statemachine.data.read.timeout = 1000ms (default)
2023-09-29 12:51:20,534 [28fc21f1-0f1b-4853-8334-7fb4bdc0ccf0-groupManagement] INFO  server.RaftServerConfigKeys (ConfUtils.java:logGet(46)) - raft.server.log.purge.preservation.log.num = 0 (default)
2023-09-29 12:51:20,534 [28fc21f1-0f1b-4853-8334-7fb4bdc0ccf0-groupManagement] INFO  server.RaftServerConfigKeys (ConfUtils.java:logGet(46)) - raft.server.log.segment.size.max = 1048576 (custom)
2023-09-29 12:51:20,535 [28fc21f1-0f1b-4853-8334-7fb4bdc0ccf0-groupManagement] INFO  server.RaftServerConfigKeys (ConfUtils.java:logGet(46)) - raft.server.log.segment.cache.num.max = 2 (custom)
2023-09-29 12:51:20,536 [28fc21f1-0f1b-4853-8334-7fb4bdc0ccf0-groupManagement] INFO  server.RaftServerConfigKeys (ConfUtils.java:logGet(46)) - raft.server.log.segment.cache.size.max = 200MB (=209715200) (default)
2023-09-29 12:51:20,536 [28fc21f1-0f1b-4853-8334-7fb4bdc0ccf0-groupManagement] INFO  server.RaftServerConfigKeys (ConfUtils.java:logGet(46)) - raft.server.log.appender.buffer.byte-limit = 33554432 (custom)
2023-09-29 12:51:20,536 [28fc21f1-0f1b-4853-8334-7fb4bdc0ccf0-groupManagement] INFO  segmented.SegmentedRaftLogWorker (SegmentedRaftLogWorker.java:<init>(188)) - new 28fc21f1-0f1b-4853-8334-7fb4bdc0ccf0@group-13976FD52583-SegmentedRaftLogWorker for RaftStorageImpl:Storage Directory /home/runner/work/ozone/ozone/hadoop-ozone/integration-test/target/test-dir/MiniOzoneClusterImpl-811b16cb-c214-4c75-bdb2-1b437bba6cdf/datanode-0/data/ratis/4f955fc0-ea69-486a-8109-13976fd52583
2023-09-29 12:51:20,536 [28fc21f1-0f1b-4853-8334-7fb4bdc0ccf0-groupManagement] INFO  server.RaftServerConfigKeys (ConfUtils.java:logGet(46)) - raft.server.log.queue.byte-limit = 4294967296 (custom)
2023-09-29 12:51:20,536 [28fc21f1-0f1b-4853-8334-7fb4bdc0ccf0-groupManagement] INFO  server.RaftServerConfigKeys (ConfUtils.java:logGet(46)) - raft.server.log.queue.element-limit = 1024 (custom)
2023-09-29 12:51:20,536 [28fc21f1-0f1b-4853-8334-7fb4bdc0ccf0-groupManagement] INFO  server.RaftServerConfigKeys (ConfUtils.java:logGet(46)) - raft.server.log.segment.size.max = 1048576 (custom)
2023-09-29 12:51:20,536 [28fc21f1-0f1b-4853-8334-7fb4bdc0ccf0-groupManagement] INFO  server.RaftServerConfigKeys (ConfUtils.java:logGet(46)) - raft.server.log.preallocated.size = 16384 (custom)
2023-09-29 12:51:20,536 [28fc21f1-0f1b-4853-8334-7fb4bdc0ccf0-groupManagement] INFO  server.RaftServerConfigKeys (ConfUtils.java:logGet(46)) - raft.server.log.force.sync.num = 128 (default)
2023-09-29 12:51:20,536 [28fc21f1-0f1b-4853-8334-7fb4bdc0ccf0-groupManagement] INFO  server.RaftServerConfigKeys (ConfUtils.java:logGet(46)) - raft.server.log.statemachine.data.sync = true (default)
2023-09-29 12:51:20,536 [28fc21f1-0f1b-4853-8334-7fb4bdc0ccf0-groupManagement] INFO  server.RaftServerConfigKeys (ConfUtils.java:logGet(46)) - raft.server.log.statemachine.data.sync.timeout = 10s (default)
2023-09-29 12:51:20,537 [28fc21f1-0f1b-4853-8334-7fb4bdc0ccf0-groupManagement] INFO  server.RaftServerConfigKeys (ConfUtils.java:logGet(46)) - raft.server.log.statemachine.data.sync.timeout.retry = -1 (default)
2023-09-29 12:51:20,539 [28fc21f1-0f1b-4853-8334-7fb4bdc0ccf0-groupManagement] INFO  server.RaftServerConfigKeys (ConfUtils.java:logGet(46)) - raft.server.log.write.buffer.size = 1048576 (custom)
2023-09-29 12:51:20,540 [28fc21f1-0f1b-4853-8334-7fb4bdc0ccf0-groupManagement] INFO  server.RaftServerConfigKeys (ConfUtils.java:logGet(46)) - raft.server.log.appender.buffer.byte-limit = 33554432 (custom)
2023-09-29 12:51:20,546 [28fc21f1-0f1b-4853-8334-7fb4bdc0ccf0-groupManagement] INFO  server.RaftServerConfigKeys (ConfUtils.java:logGet(46)) - raft.server.log.unsafe-flush.enabled = false (default)
2023-09-29 12:51:20,546 [28fc21f1-0f1b-4853-8334-7fb4bdc0ccf0-groupManagement] INFO  server.RaftServerConfigKeys (ConfUtils.java:logGet(46)) - raft.server.log.async-flush.enabled = false (default)
2023-09-29 12:51:20,546 [28fc21f1-0f1b-4853-8334-7fb4bdc0ccf0-groupManagement] INFO  server.RaftServerConfigKeys (ConfUtils.java:logGet(46)) - raft.server.log.statemachine.data.caching.enabled = true (custom)
2023-09-29 12:51:20,546 [28fc21f1-0f1b-4853-8334-7fb4bdc0ccf0-groupManagement] INFO  segmented.SegmentedRaftLogWorker (SegmentedRaftLogWorker.java:lambda$new$0(135)) - 28fc21f1-0f1b-4853-8334-7fb4bdc0ccf0@group-13976FD52583-SegmentedRaftLogWorker: flushIndex: setUnconditionally 0 -> -1
2023-09-29 12:51:20,546 [28fc21f1-0f1b-4853-8334-7fb4bdc0ccf0-groupManagement] INFO  segmented.SegmentedRaftLogWorker (SegmentedRaftLogWorker.java:lambda$new$0(135)) - 28fc21f1-0f1b-4853-8334-7fb4bdc0ccf0@group-13976FD52583-SegmentedRaftLogWorker: safeCacheEvictIndex: setUnconditionally 0 -> -1
2023-09-29 12:51:20,547 [28fc21f1-0f1b-4853-8334-7fb4bdc0ccf0-groupManagement] INFO  server.RaftServer$Division (RaftServerImpl.java:start(342)) - 28fc21f1-0f1b-4853-8334-7fb4bdc0ccf0@group-13976FD52583: start as a follower, conf=-1: peers:[28fc21f1-0f1b-4853-8334-7fb4bdc0ccf0|rpc:10.1.0.70:15014|admin:10.1.0.70:15013|client:10.1.0.70:15012|dataStream:10.1.0.70:15015|priority:1|startupRole:FOLLOWER]|listeners:[], old=null
2023-09-29 12:51:20,547 [28fc21f1-0f1b-4853-8334-7fb4bdc0ccf0-groupManagement] INFO  server.RaftServer$Division (RaftServerImpl.java:setRole(329)) - 28fc21f1-0f1b-4853-8334-7fb4bdc0ccf0@group-13976FD52583: changes role from      null to FOLLOWER at term 0 for startAsFollower
2023-09-29 12:51:20,547 [28fc21f1-0f1b-4853-8334-7fb4bdc0ccf0-groupManagement] INFO  impl.RoleInfo (RoleInfo.java:updateAndGet(139)) - 28fc21f1-0f1b-4853-8334-7fb4bdc0ccf0: start 28fc21f1-0f1b-4853-8334-7fb4bdc0ccf0@group-13976FD52583-FollowerState
2023-09-29 12:51:20,548 [28fc21f1-0f1b-4853-8334-7fb4bdc0ccf0-groupManagement] INFO  util.JmxRegister (JmxRegister.java:tryRegister(44)) - Successfully registered JMX Bean with object name Ratis:service=RaftServer,group=group-13976FD52583,id=28fc21f1-0f1b-4853-8334-7fb4bdc0ccf0
2023-09-29 12:51:20,549 [28fc21f1-0f1b-4853-8334-7fb4bdc0ccf0-groupManagement] INFO  server.RaftServerConfigKeys (ConfUtils.java:logGet(46)) - raft.server.snapshot.auto.trigger.enabled = true (custom)
2023-09-29 12:51:20,549 [28fc21f1-0f1b-4853-8334-7fb4bdc0ccf0-groupManagement] INFO  server.RaftServerConfigKeys (ConfUtils.java:logGet(46)) - raft.server.snapshot.auto.trigger.threshold = 10000 (custom)
2023-09-29 12:51:20,549 [28fc21f1-0f1b-4853-8334-7fb4bdc0ccf0-groupManagement] INFO  server.RaftServerConfigKeys (ConfUtils.java:logGet(46)) - raft.server.snapshot.retention.file.num = 5 (custom)
2023-09-29 12:51:20,549 [28fc21f1-0f1b-4853-8334-7fb4bdc0ccf0-groupManagement] INFO  server.RaftServerConfigKeys (ConfUtils.java:logGet(46)) - raft.server.log.purge.upto.snapshot.index = false (default)
2023-09-29 12:51:20,550 [28fc21f1-0f1b-4853-8334-7fb4bdc0ccf0@group-13976FD52583-FollowerState] INFO  server.RaftServerConfigKeys (ConfUtils.java:logFallback(53)) - raft.server.rpc.first-election.timeout.min = 5s (fallback to raft.server.rpc.timeout.min)
2023-09-29 12:51:20,550 [28fc21f1-0f1b-4853-8334-7fb4bdc0ccf0@group-13976FD52583-FollowerState] INFO  server.RaftServerConfigKeys (ConfUtils.java:logFallback(53)) - raft.server.rpc.first-election.timeout.max = 5200ms (fallback to raft.server.rpc.timeout.max)
2023-09-29 12:51:20,566 [EventQueue-PipelineReportForPipelineReportHandler] INFO  pipeline.PipelineReportHandler (PipelineReportHandler.java:processPipelineReport(136)) - Opened pipeline PipelineID=4f955fc0-ea69-486a-8109-13976fd52583
2023-09-29 12:51:20,575 [EventQueue-OpenPipelineForHealthyPipelineSafeModeRule] INFO  safemode.SCMSafeModeManager (HealthyPipelineSafeModeRule.java:process(137)) - SCM in safe mode. Healthy pipelines reported count is 0, required healthy pipeline reported count is 1
2023-09-29 12:51:20,578 [PipelineCommandHandlerThread-0] INFO  ratis.XceiverServerRatis (XceiverServerRatis.java:addGroup(804)) - Created group PipelineID=4f955fc0-ea69-486a-8109-13976fd52583
2023-09-29 12:51:20,579 [PipelineCommandHandlerThread-0] INFO  commandhandler.CreatePipelineCommandHandler (CreatePipelineCommandHandler.java:lambda$handle$2(124)) - Created Pipeline RATIS ONE PipelineID=4f955fc0-ea69-486a-8109-13976fd52583.
2023-09-29 12:51:20,579 [PipelineCommandHandlerThread-0] INFO  server.RaftServer (RaftServerProxy.java:addNew(98)) - 28fc21f1-0f1b-4853-8334-7fb4bdc0ccf0: addNew group-D84CB1ADCB76:[5317d628-7528-4015-930b-d89d4a444778|rpc:10.1.0.70:15023|admin:10.1.0.70:15022|client:10.1.0.70:15021|dataStream:10.1.0.70:15024|priority:0|startupRole:FOLLOWER, 9305807b-68e0-4de4-9f06-795e0c374ac6|rpc:10.1.0.70:15032|admin:10.1.0.70:15031|client:10.1.0.70:15030|dataStream:10.1.0.70:15033|priority:1|startupRole:FOLLOWER, 28fc21f1-0f1b-4853-8334-7fb4bdc0ccf0|rpc:10.1.0.70:15014|admin:10.1.0.70:15013|client:10.1.0.70:15012|dataStream:10.1.0.70:15015|priority:0|startupRole:FOLLOWER] returns group-D84CB1ADCB76:java.util.concurrent.CompletableFuture@58da698c[Not completed]
2023-09-29 12:51:20,583 [28fc21f1-0f1b-4853-8334-7fb4bdc0ccf0-groupManagement] INFO  server.RaftServer$Division (RaftServerImpl.java:<init>(198)) - 28fc21f1-0f1b-4853-8334-7fb4bdc0ccf0: new RaftServerImpl for group-D84CB1ADCB76:[5317d628-7528-4015-930b-d89d4a444778|rpc:10.1.0.70:15023|admin:10.1.0.70:15022|client:10.1.0.70:15021|dataStream:10.1.0.70:15024|priority:0|startupRole:FOLLOWER, 9305807b-68e0-4de4-9f06-795e0c374ac6|rpc:10.1.0.70:15032|admin:10.1.0.70:15031|client:10.1.0.70:15030|dataStream:10.1.0.70:15033|priority:1|startupRole:FOLLOWER, 28fc21f1-0f1b-4853-8334-7fb4bdc0ccf0|rpc:10.1.0.70:15014|admin:10.1.0.70:15013|client:10.1.0.70:15012|dataStream:10.1.0.70:15015|priority:0|startupRole:FOLLOWER] with ContainerStateMachine:uninitialized
2023-09-29 12:51:20,583 [28fc21f1-0f1b-4853-8334-7fb4bdc0ccf0-groupManagement] INFO  server.RaftServerConfigKeys (ConfUtils.java:logGet(46)) - raft.server.rpc.timeout.min = 5s (custom)
2023-09-29 12:51:20,583 [28fc21f1-0f1b-4853-8334-7fb4bdc0ccf0-groupManagement] INFO  server.RaftServerConfigKeys (ConfUtils.java:logGet(46)) - raft.server.rpc.timeout.max = 5200ms (custom)
2023-09-29 12:51:20,584 [28fc21f1-0f1b-4853-8334-7fb4bdc0ccf0-groupManagement] INFO  server.RaftServerConfigKeys (ConfUtils.java:logGet(46)) - raft.server.rpc.sleep.time = 25ms (default)
2023-09-29 12:51:20,584 [28fc21f1-0f1b-4853-8334-7fb4bdc0ccf0-groupManagement] INFO  server.RaftServerConfigKeys (ConfUtils.java:logGet(46)) - raft.server.rpc.slowness.timeout = 300s (custom)
2023-09-29 12:51:20,584 [28fc21f1-0f1b-4853-8334-7fb4bdc0ccf0-groupManagement] INFO  server.RaftServerConfigKeys (ConfUtils.java:logGet(46)) - raft.server.leaderelection.leader.step-down.wait-time = 10s (default)
2023-09-29 12:51:20,584 [28fc21f1-0f1b-4853-8334-7fb4bdc0ccf0-groupManagement] INFO  server.RaftServerConfigKeys (ConfUtils.java:logGet(46)) - raft.server.sleep.deviation.threshold = 300ms (default)
2023-09-29 12:51:20,584 [28fc21f1-0f1b-4853-8334-7fb4bdc0ccf0-groupManagement] INFO  server.RaftServer$Division (ServerState.java:<init>(120)) - 28fc21f1-0f1b-4853-8334-7fb4bdc0ccf0@group-D84CB1ADCB76: ConfigurationManager, init=-1: peers:[5317d628-7528-4015-930b-d89d4a444778|rpc:10.1.0.70:15023|admin:10.1.0.70:15022|client:10.1.0.70:15021|dataStream:10.1.0.70:15024|priority:0|startupRole:FOLLOWER, 9305807b-68e0-4de4-9f06-795e0c374ac6|rpc:10.1.0.70:15032|admin:10.1.0.70:15031|client:10.1.0.70:15030|dataStream:10.1.0.70:15033|priority:1|startupRole:FOLLOWER, 28fc21f1-0f1b-4853-8334-7fb4bdc0ccf0|rpc:10.1.0.70:15014|admin:10.1.0.70:15013|client:10.1.0.70:15012|dataStream:10.1.0.70:15015|priority:0|startupRole:FOLLOWER]|listeners:[], old=null, confs=<EMPTY_MAP>
2023-09-29 12:51:20,585 [28fc21f1-0f1b-4853-8334-7fb4bdc0ccf0-groupManagement] INFO  server.RaftServerConfigKeys (ConfUtils.java:logGet(46)) - raft.server.storage.dir = [/home/runner/work/ozone/ozone/hadoop-ozone/integration-test/target/test-dir/MiniOzoneClusterImpl-811b16cb-c214-4c75-bdb2-1b437bba6cdf/datanode-0/data/ratis] (custom)
2023-09-29 12:51:20,585 [28fc21f1-0f1b-4853-8334-7fb4bdc0ccf0-groupManagement] INFO  server.RaftServerConfigKeys (ConfUtils.java:logGet(46)) - raft.server.log.corruption.policy = EXCEPTION (default)
2023-09-29 12:51:20,585 [28fc21f1-0f1b-4853-8334-7fb4bdc0ccf0-groupManagement] INFO  server.RaftServerConfigKeys (ConfUtils.java:logGet(46)) - raft.server.storage.free-space.min = 0MB (=0) (default)
2023-09-29 12:51:20,585 [28fc21f1-0f1b-4853-8334-7fb4bdc0ccf0-groupManagement] INFO  server.RaftServerConfigKeys (ConfUtils.java:logGet(46)) - raft.server.notification.no-leader.timeout = 300s (custom)
2023-09-29 12:51:20,586 [28fc21f1-0f1b-4853-8334-7fb4bdc0ccf0-groupManagement] INFO  server.RaftServerConfigKeys (ConfUtils.java:logGet(46)) - raft.server.read.timeout = 10s (default)
2023-09-29 12:51:20,586 [28fc21f1-0f1b-4853-8334-7fb4bdc0ccf0-groupManagement] INFO  server.RaftServerConfigKeys (ConfUtils.java:logGet(46)) - raft.server.retrycache.expirytime = 600000ms (custom)
2023-09-29 12:51:20,586 [28fc21f1-0f1b-4853-8334-7fb4bdc0ccf0-groupManagement] INFO  server.RaftServerConfigKeys (ConfUtils.java:logGet(46)) - raft.server.retrycache.statistics.expirytime = 100μs (default)
2023-09-29 12:51:20,586 [28fc21f1-0f1b-4853-8334-7fb4bdc0ccf0-groupManagement] INFO  server.RaftServerConfigKeys (ConfUtils.java:logGet(46)) - raft.server.read.option = DEFAULT (default)
2023-09-29 12:51:20,597 [28fc21f1-0f1b-4853-8334-7fb4bdc0ccf0-groupManagement] INFO  server.RaftServerConfigKeys (ConfUtils.java:logGet(46)) - raft.server.rpc.request.timeout = 60s (custom)
2023-09-29 12:51:20,597 [28fc21f1-0f1b-4853-8334-7fb4bdc0ccf0-groupManagement] INFO  server.RaftServerConfigKeys (ConfUtils.java:logGet(46)) - raft.server.log.appender.install.snapshot.enabled = false (custom)
2023-09-29 12:51:20,597 [28fc21f1-0f1b-4853-8334-7fb4bdc0ccf0-groupManagement] INFO  server.RaftServerConfigKeys (ConfUtils.java:logGet(46)) - raft.server.threadpool.server.cached = true (default)
2023-09-29 12:51:20,597 [28fc21f1-0f1b-4853-8334-7fb4bdc0ccf0-groupManagement] INFO  server.RaftServerConfigKeys (ConfUtils.java:logGet(46)) - raft.server.threadpool.server.size = 0 (default)
2023-09-29 12:51:20,597 [28fc21f1-0f1b-4853-8334-7fb4bdc0ccf0-groupManagement] INFO  server.RaftServerConfigKeys (ConfUtils.java:logGet(46)) - raft.server.threadpool.client.cached = true (default)
2023-09-29 12:51:20,597 [28fc21f1-0f1b-4853-8334-7fb4bdc0ccf0-groupManagement] INFO  server.RaftServerConfigKeys (ConfUtils.java:logGet(46)) - raft.server.threadpool.client.size = 0 (default)
2023-09-29 12:51:20,597 [28fc21f1-0f1b-4853-8334-7fb4bdc0ccf0-groupManagement] INFO  storage.RaftStorageDirectory (RaftStorageDirectoryImpl.java:analyzeStorage(137)) - The storage directory /home/runner/work/ozone/ozone/hadoop-ozone/integration-test/target/test-dir/MiniOzoneClusterImpl-811b16cb-c214-4c75-bdb2-1b437bba6cdf/datanode-0/data/ratis/f1bd389d-45ed-4fca-9700-d84cb1adcb76 does not exist. Creating ...
2023-09-29 12:51:20,601 [28fc21f1-0f1b-4853-8334-7fb4bdc0ccf0-groupManagement] INFO  storage.RaftStorageDirectory (RaftStorageDirectoryImpl.java:tryLock(231)) - Lock on /home/runner/work/ozone/ozone/hadoop-ozone/integration-test/target/test-dir/MiniOzoneClusterImpl-811b16cb-c214-4c75-bdb2-1b437bba6cdf/datanode-0/data/ratis/f1bd389d-45ed-4fca-9700-d84cb1adcb76/in_use.lock acquired by nodename 70928@fv-az238-384
2023-09-29 12:51:20,603 [28fc21f1-0f1b-4853-8334-7fb4bdc0ccf0-groupManagement] INFO  storage.RaftStorage (RaftStorageImpl.java:format(96)) - Storage directory /home/runner/work/ozone/ozone/hadoop-ozone/integration-test/target/test-dir/MiniOzoneClusterImpl-811b16cb-c214-4c75-bdb2-1b437bba6cdf/datanode-0/data/ratis/f1bd389d-45ed-4fca-9700-d84cb1adcb76 has been successfully formatted.
2023-09-29 12:51:20,604 [28fc21f1-0f1b-4853-8334-7fb4bdc0ccf0-groupManagement] INFO  ratis.ContainerStateMachine (ContainerStateMachine.java:loadSnapshot(262)) - group-D84CB1ADCB76: The snapshot info is null. Setting the last applied indexto:(t:0, i:~)
2023-09-29 12:51:20,604 [28fc21f1-0f1b-4853-8334-7fb4bdc0ccf0-groupManagement] INFO  server.RaftServerConfigKeys (ConfUtils.java:logGet(46)) - raft.server.log.use.memory = false (default)
2023-09-29 12:51:20,604 [28fc21f1-0f1b-4853-8334-7fb4bdc0ccf0-groupManagement] INFO  server.RaftServerConfigKeys (ConfUtils.java:logGet(46)) - raft.server.log.purge.gap = 1000000 (custom)
2023-09-29 12:51:20,604 [28fc21f1-0f1b-4853-8334-7fb4bdc0ccf0-groupManagement] INFO  server.RaftServerConfigKeys (ConfUtils.java:logGet(46)) - raft.server.log.appender.buffer.byte-limit = 33554432 (custom)
2023-09-29 12:51:20,604 [28fc21f1-0f1b-4853-8334-7fb4bdc0ccf0-groupManagement] INFO  server.RaftServerConfigKeys (ConfUtils.java:logGet(46)) - raft.server.log.statemachine.data.read.timeout = 1000ms (default)
2023-09-29 12:51:20,604 [28fc21f1-0f1b-4853-8334-7fb4bdc0ccf0-groupManagement] INFO  server.RaftServerConfigKeys (ConfUtils.java:logGet(46)) - raft.server.log.purge.preservation.log.num = 0 (default)
2023-09-29 12:51:20,605 [28fc21f1-0f1b-4853-8334-7fb4bdc0ccf0-groupManagement] INFO  server.RaftServerConfigKeys (ConfUtils.java:logGet(46)) - raft.server.log.segment.size.max = 1048576 (custom)
2023-09-29 12:51:20,607 [EventQueue-OpenPipelineForHealthyPipelineSafeModeRule] INFO  safemode.SCMSafeModeManager (HealthyPipelineSafeModeRule.java:process(137)) - SCM in safe mode. Healthy pipelines reported count is 0, required healthy pipeline reported count is 1
2023-09-29 12:51:20,609 [28fc21f1-0f1b-4853-8334-7fb4bdc0ccf0-groupManagement] INFO  server.RaftServerConfigKeys (ConfUtils.java:logGet(46)) - raft.server.log.segment.cache.num.max = 2 (custom)
2023-09-29 12:51:20,609 [28fc21f1-0f1b-4853-8334-7fb4bdc0ccf0-groupManagement] INFO  server.RaftServerConfigKeys (ConfUtils.java:logGet(46)) - raft.server.log.segment.cache.size.max = 200MB (=209715200) (default)
2023-09-29 12:51:20,610 [28fc21f1-0f1b-4853-8334-7fb4bdc0ccf0-groupManagement] INFO  server.RaftServerConfigKeys (ConfUtils.java:logGet(46)) - raft.server.log.appender.buffer.byte-limit = 33554432 (custom)
2023-09-29 12:51:20,611 [28fc21f1-0f1b-4853-8334-7fb4bdc0ccf0-groupManagement] INFO  segmented.SegmentedRaftLogWorker (SegmentedRaftLogWorker.java:<init>(188)) - new 28fc21f1-0f1b-4853-8334-7fb4bdc0ccf0@group-D84CB1ADCB76-SegmentedRaftLogWorker for RaftStorageImpl:Storage Directory /home/runner/work/ozone/ozone/hadoop-ozone/integration-test/target/test-dir/MiniOzoneClusterImpl-811b16cb-c214-4c75-bdb2-1b437bba6cdf/datanode-0/data/ratis/f1bd389d-45ed-4fca-9700-d84cb1adcb76
2023-09-29 12:51:20,611 [28fc21f1-0f1b-4853-8334-7fb4bdc0ccf0-groupManagement] INFO  server.RaftServerConfigKeys (ConfUtils.java:logGet(46)) - raft.server.log.queue.byte-limit = 4294967296 (custom)
2023-09-29 12:51:20,611 [28fc21f1-0f1b-4853-8334-7fb4bdc0ccf0-groupManagement] INFO  server.RaftServerConfigKeys (ConfUtils.java:logGet(46)) - raft.server.log.queue.element-limit = 1024 (custom)
2023-09-29 12:51:20,611 [28fc21f1-0f1b-4853-8334-7fb4bdc0ccf0-groupManagement] INFO  server.RaftServerConfigKeys (ConfUtils.java:logGet(46)) - raft.server.log.segment.size.max = 1048576 (custom)
2023-09-29 12:51:20,611 [28fc21f1-0f1b-4853-8334-7fb4bdc0ccf0-groupManagement] INFO  server.RaftServerConfigKeys (ConfUtils.java:logGet(46)) - raft.server.log.preallocated.size = 16384 (custom)
2023-09-29 12:51:20,611 [28fc21f1-0f1b-4853-8334-7fb4bdc0ccf0-groupManagement] INFO  server.RaftServerConfigKeys (ConfUtils.java:logGet(46)) - raft.server.log.force.sync.num = 128 (default)
2023-09-29 12:51:20,611 [28fc21f1-0f1b-4853-8334-7fb4bdc0ccf0-groupManagement] INFO  server.RaftServerConfigKeys (ConfUtils.java:logGet(46)) - raft.server.log.statemachine.data.sync = true (default)
2023-09-29 12:51:20,611 [28fc21f1-0f1b-4853-8334-7fb4bdc0ccf0-groupManagement] INFO  server.RaftServerConfigKeys (ConfUtils.java:logGet(46)) - raft.server.log.statemachine.data.sync.timeout = 10s (default)
2023-09-29 12:51:20,612 [28fc21f1-0f1b-4853-8334-7fb4bdc0ccf0-groupManagement] INFO  server.RaftServerConfigKeys (ConfUtils.java:logGet(46)) - raft.server.log.statemachine.data.sync.timeout.retry = -1 (default)
2023-09-29 12:51:20,617 [28fc21f1-0f1b-4853-8334-7fb4bdc0ccf0-groupManagement] INFO  server.RaftServerConfigKeys (ConfUtils.java:logGet(46)) - raft.server.log.write.buffer.size = 1048576 (custom)
2023-09-29 12:51:20,618 [28fc21f1-0f1b-4853-8334-7fb4bdc0ccf0-groupManagement] INFO  server.RaftServerConfigKeys (ConfUtils.java:logGet(46)) - raft.server.log.appender.buffer.byte-limit = 33554432 (custom)
2023-09-29 12:51:20,629 [28fc21f1-0f1b-4853-8334-7fb4bdc0ccf0-groupManagement] INFO  server.RaftServerConfigKeys (ConfUtils.java:logGet(46)) - raft.server.log.unsafe-flush.enabled = false (default)
2023-09-29 12:51:20,629 [28fc21f1-0f1b-4853-8334-7fb4bdc0ccf0-groupManagement] INFO  server.RaftServerConfigKeys (ConfUtils.java:logGet(46)) - raft.server.log.async-flush.enabled = false (default)
2023-09-29 12:51:20,629 [28fc21f1-0f1b-4853-8334-7fb4bdc0ccf0-groupManagement] INFO  server.RaftServerConfigKeys (ConfUtils.java:logGet(46)) - raft.server.log.statemachine.data.caching.enabled = true (custom)
2023-09-29 12:51:20,629 [28fc21f1-0f1b-4853-8334-7fb4bdc0ccf0-groupManagement] INFO  segmented.SegmentedRaftLogWorker (SegmentedRaftLogWorker.java:lambda$new$0(135)) - 28fc21f1-0f1b-4853-8334-7fb4bdc0ccf0@group-D84CB1ADCB76-SegmentedRaftLogWorker: flushIndex: setUnconditionally 0 -> -1
2023-09-29 12:51:20,629 [28fc21f1-0f1b-4853-8334-7fb4bdc0ccf0-groupManagement] INFO  segmented.SegmentedRaftLogWorker (SegmentedRaftLogWorker.java:lambda$new$0(135)) - 28fc21f1-0f1b-4853-8334-7fb4bdc0ccf0@group-D84CB1ADCB76-SegmentedRaftLogWorker: safeCacheEvictIndex: setUnconditionally 0 -> -1
2023-09-29 12:51:20,631 [28fc21f1-0f1b-4853-8334-7fb4bdc0ccf0-groupManagement] INFO  server.RaftServer$Division (RaftServerImpl.java:start(342)) - 28fc21f1-0f1b-4853-8334-7fb4bdc0ccf0@group-D84CB1ADCB76: start as a follower, conf=-1: peers:[5317d628-7528-4015-930b-d89d4a444778|rpc:10.1.0.70:15023|admin:10.1.0.70:15022|client:10.1.0.70:15021|dataStream:10.1.0.70:15024|priority:0|startupRole:FOLLOWER, 9305807b-68e0-4de4-9f06-795e0c374ac6|rpc:10.1.0.70:15032|admin:10.1.0.70:15031|client:10.1.0.70:15030|dataStream:10.1.0.70:15033|priority:1|startupRole:FOLLOWER, 28fc21f1-0f1b-4853-8334-7fb4bdc0ccf0|rpc:10.1.0.70:15014|admin:10.1.0.70:15013|client:10.1.0.70:15012|dataStream:10.1.0.70:15015|priority:0|startupRole:FOLLOWER]|listeners:[], old=null
2023-09-29 12:51:20,631 [28fc21f1-0f1b-4853-8334-7fb4bdc0ccf0-groupManagement] INFO  server.RaftServer$Division (RaftServerImpl.java:setRole(329)) - 28fc21f1-0f1b-4853-8334-7fb4bdc0ccf0@group-D84CB1ADCB76: changes role from      null to FOLLOWER at term 0 for startAsFollower
2023-09-29 12:51:20,631 [28fc21f1-0f1b-4853-8334-7fb4bdc0ccf0-groupManagement] INFO  impl.RoleInfo (RoleInfo.java:updateAndGet(139)) - 28fc21f1-0f1b-4853-8334-7fb4bdc0ccf0: start 28fc21f1-0f1b-4853-8334-7fb4bdc0ccf0@group-D84CB1ADCB76-FollowerState
2023-09-29 12:51:20,632 [28fc21f1-0f1b-4853-8334-7fb4bdc0ccf0-groupManagement] INFO  util.JmxRegister (JmxRegister.java:tryRegister(44)) - Successfully registered JMX Bean with object name Ratis:service=RaftServer,group=group-D84CB1ADCB76,id=28fc21f1-0f1b-4853-8334-7fb4bdc0ccf0
2023-09-29 12:51:20,632 [28fc21f1-0f1b-4853-8334-7fb4bdc0ccf0@group-D84CB1ADCB76-FollowerState] INFO  server.RaftServerConfigKeys (ConfUtils.java:logFallback(53)) - raft.server.rpc.first-election.timeout.min = 5s (fallback to raft.server.rpc.timeout.min)
2023-09-29 12:51:20,633 [28fc21f1-0f1b-4853-8334-7fb4bdc0ccf0-groupManagement] INFO  server.RaftServerConfigKeys (ConfUtils.java:logGet(46)) - raft.server.snapshot.auto.trigger.enabled = true (custom)
2023-09-29 12:51:20,634 [28fc21f1-0f1b-4853-8334-7fb4bdc0ccf0@group-D84CB1ADCB76-FollowerState] INFO  server.RaftServerConfigKeys (ConfUtils.java:logFallback(53)) - raft.server.rpc.first-election.timeout.max = 5200ms (fallback to raft.server.rpc.timeout.max)
2023-09-29 12:51:20,634 [28fc21f1-0f1b-4853-8334-7fb4bdc0ccf0-groupManagement] INFO  server.RaftServerConfigKeys (ConfUtils.java:logGet(46)) - raft.server.snapshot.auto.trigger.threshold = 10000 (custom)
2023-09-29 12:51:20,634 [28fc21f1-0f1b-4853-8334-7fb4bdc0ccf0-groupManagement] INFO  server.RaftServerConfigKeys (ConfUtils.java:logGet(46)) - raft.server.snapshot.retention.file.num = 5 (custom)
2023-09-29 12:51:20,634 [28fc21f1-0f1b-4853-8334-7fb4bdc0ccf0-groupManagement] INFO  server.RaftServerConfigKeys (ConfUtils.java:logGet(46)) - raft.server.log.purge.upto.snapshot.index = false (default)
2023-09-29 12:51:20,636 [PipelineCommandHandlerThread-0] INFO  ratis.XceiverServerRatis (XceiverServerRatis.java:addGroup(804)) - Created group PipelineID=f1bd389d-45ed-4fca-9700-d84cb1adcb76
2023-09-29 12:51:20,660 [main] INFO  ozone.MiniOzoneClusterImpl (MiniOzoneClusterImpl.java:lambda$waitForClusterToBeReady$0(229)) - Waiting for nodes to be ready. Got 7 of 10 DN Heartbeats.
2023-09-29 12:51:20,661 [main] INFO  ozone.MiniOzoneClusterImpl (MiniOzoneClusterImpl.java:lambda$waitForClusterToBeReady$0(232)) - Waiting for cluster to exit safe mode
2023-09-29 12:51:20,661 [main] INFO  ozone.MiniOzoneClusterImpl (MiniOzoneClusterImpl.java:lambda$waitForClusterToBeReady$0(234)) - SCM became leader
2023-09-29 12:51:20,719 [IPC Server handler 16 on default port 15002] INFO  net.NetworkTopologyImpl (NetworkTopologyImpl.java:add(112)) - Added a new node: /default-rack/9fc007ee-6328-4e66-a7f4-dfd370a25fec
2023-09-29 12:51:20,720 [IPC Server handler 16 on default port 15002] INFO  node.SCMNodeManager (SCMNodeManager.java:register(405)) - Registered Data node : 9fc007ee-6328-4e66-a7f4-dfd370a25fec{ip: 10.1.0.70, host: fv-az238-384.lrtv1j1tcsgurjp4mtmc3vvjre.gx.internal.cloudapp.net, ports: [HTTP=15072, CLIENT_RPC=15073, REPLICATION=15079, RATIS=15075, RATIS_ADMIN=15076, RATIS_SERVER=15077, RATIS_DATASTREAM=15078, STANDALONE=15074], networkLocation: /default-rack, certSerialId: null, persistedOpState: null, persistedOpStateExpiryEpochSec: 0}
2023-09-29 12:51:20,720 [EventQueue-NewNodeForNewNodeHandler] INFO  pipeline.BackgroundPipelineCreator (BackgroundPipelineCreator.java:notifyEventTriggered(277)) - trigger a one-shot run on RatisPipelineUtilsThread.
2023-09-29 12:51:20,721 [RatisPipelineUtilsThread - 0] INFO  pipeline.RatisPipelineProvider (RatisPipelineProvider.java:lambda$create$0(206)) - Sending CreatePipelineCommand for pipeline:PipelineID=9e39b8f2-dd05-49f1-bf9a-d1a0b4f7e96e to datanode:9fc007ee-6328-4e66-a7f4-dfd370a25fec
2023-09-29 12:51:20,723 [RatisPipelineUtilsThread - 0] INFO  pipeline.BackgroundPipelineCreator (BackgroundPipelineCreator.java:createPipelines(233)) - Created new pipeline Pipeline[ Id: 9e39b8f2-dd05-49f1-bf9a-d1a0b4f7e96e, Nodes: 9fc007ee-6328-4e66-a7f4-dfd370a25fec(fv-az238-384.lrtv1j1tcsgurjp4mtmc3vvjre.gx.internal.cloudapp.net/10.1.0.70), ReplicationConfig: RATIS/ONE, State:ALLOCATED, leaderId:, CreationTimestamp2023-09-29T12:51:20.721Z[Etc/UTC]]
2023-09-29 12:51:20,967 [PipelineCommandHandlerThread-0] INFO  server.RaftServer (RaftServerProxy.java:addNew(98)) - 5317d628-7528-4015-930b-d89d4a444778: addNew group-4398ACCF5932:[5317d628-7528-4015-930b-d89d4a444778|rpc:10.1.0.70:15023|admin:10.1.0.70:15022|client:10.1.0.70:15021|dataStream:10.1.0.70:15024|priority:1|startupRole:FOLLOWER] returns group-4398ACCF5932:java.util.concurrent.CompletableFuture@48deac[Not completed]
2023-09-29 12:51:20,970 [5317d628-7528-4015-930b-d89d4a444778-groupManagement] INFO  server.RaftServer$Division (RaftServerImpl.java:<init>(198)) - 5317d628-7528-4015-930b-d89d4a444778: new RaftServerImpl for group-4398ACCF5932:[5317d628-7528-4015-930b-d89d4a444778|rpc:10.1.0.70:15023|admin:10.1.0.70:15022|client:10.1.0.70:15021|dataStream:10.1.0.70:15024|priority:1|startupRole:FOLLOWER] with ContainerStateMachine:uninitialized
2023-09-29 12:51:20,970 [5317d628-7528-4015-930b-d89d4a444778-groupManagement] INFO  server.RaftServerConfigKeys (ConfUtils.java:logGet(46)) - raft.server.rpc.timeout.min = 5s (custom)
2023-09-29 12:51:20,970 [5317d628-7528-4015-930b-d89d4a444778-groupManagement] INFO  server.RaftServerConfigKeys (ConfUtils.java:logGet(46)) - raft.server.rpc.timeout.max = 5200ms (custom)
2023-09-29 12:51:20,970 [5317d628-7528-4015-930b-d89d4a444778-groupManagement] INFO  server.RaftServerConfigKeys (ConfUtils.java:logGet(46)) - raft.server.rpc.sleep.time = 25ms (default)
2023-09-29 12:51:20,972 [5317d628-7528-4015-930b-d89d4a444778-groupManagement] INFO  server.RaftServerConfigKeys (ConfUtils.java:logGet(46)) - raft.server.rpc.slowness.timeout = 300s (custom)
2023-09-29 12:51:20,973 [5317d628-7528-4015-930b-d89d4a444778-groupManagement] INFO  server.RaftServerConfigKeys (ConfUtils.java:logGet(46)) - raft.server.leaderelection.leader.step-down.wait-time = 10s (default)
2023-09-29 12:51:20,973 [5317d628-7528-4015-930b-d89d4a444778-groupManagement] INFO  server.RaftServerConfigKeys (ConfUtils.java:logGet(46)) - raft.server.sleep.deviation.threshold = 300ms (default)
2023-09-29 12:51:20,973 [5317d628-7528-4015-930b-d89d4a444778-groupManagement] INFO  server.RaftServer$Division (ServerState.java:<init>(120)) - 5317d628-7528-4015-930b-d89d4a444778@group-4398ACCF5932: ConfigurationManager, init=-1: peers:[5317d628-7528-4015-930b-d89d4a444778|rpc:10.1.0.70:15023|admin:10.1.0.70:15022|client:10.1.0.70:15021|dataStream:10.1.0.70:15024|priority:1|startupRole:FOLLOWER]|listeners:[], old=null, confs=<EMPTY_MAP>
2023-09-29 12:51:20,973 [5317d628-7528-4015-930b-d89d4a444778-groupManagement] INFO  server.RaftServerConfigKeys (ConfUtils.java:logGet(46)) - raft.server.storage.dir = [/home/runner/work/ozone/ozone/hadoop-ozone/integration-test/target/test-dir/MiniOzoneClusterImpl-811b16cb-c214-4c75-bdb2-1b437bba6cdf/datanode-1/data/ratis] (custom)
2023-09-29 12:51:20,973 [5317d628-7528-4015-930b-d89d4a444778-groupManagement] INFO  server.RaftServerConfigKeys (ConfUtils.java:logGet(46)) - raft.server.log.corruption.policy = EXCEPTION (default)
2023-09-29 12:51:20,973 [5317d628-7528-4015-930b-d89d4a444778-groupManagement] INFO  server.RaftServerConfigKeys (ConfUtils.java:logGet(46)) - raft.server.storage.free-space.min = 0MB (=0) (default)
2023-09-29 12:51:20,973 [5317d628-7528-4015-930b-d89d4a444778-groupManagement] INFO  server.RaftServerConfigKeys (ConfUtils.java:logGet(46)) - raft.server.notification.no-leader.timeout = 300s (custom)
2023-09-29 12:51:20,974 [5317d628-7528-4015-930b-d89d4a444778-groupManagement] INFO  server.RaftServerConfigKeys (ConfUtils.java:logGet(46)) - raft.server.read.timeout = 10s (default)
2023-09-29 12:51:20,974 [5317d628-7528-4015-930b-d89d4a444778-groupManagement] INFO  server.RaftServerConfigKeys (ConfUtils.java:logGet(46)) - raft.server.retrycache.expirytime = 600000ms (custom)
2023-09-29 12:51:20,974 [5317d628-7528-4015-930b-d89d4a444778-groupManagement] INFO  server.RaftServerConfigKeys (ConfUtils.java:logGet(46)) - raft.server.retrycache.statistics.expirytime = 100μs (default)
2023-09-29 12:51:20,974 [5317d628-7528-4015-930b-d89d4a444778-groupManagement] INFO  server.RaftServerConfigKeys (ConfUtils.java:logGet(46)) - raft.server.read.option = DEFAULT (default)
2023-09-29 12:51:20,980 [5317d628-7528-4015-930b-d89d4a444778-groupManagement] INFO  server.RaftServerConfigKeys (ConfUtils.java:logGet(46)) - raft.server.rpc.request.timeout = 60s (custom)
2023-09-29 12:51:20,981 [5317d628-7528-4015-930b-d89d4a444778-groupManagement] INFO  server.RaftServerConfigKeys (ConfUtils.java:logGet(46)) - raft.server.log.appender.install.snapshot.enabled = false (custom)
2023-09-29 12:51:20,981 [5317d628-7528-4015-930b-d89d4a444778-groupManagement] INFO  server.RaftServerConfigKeys (ConfUtils.java:logGet(46)) - raft.server.threadpool.server.cached = true (default)
2023-09-29 12:51:20,981 [5317d628-7528-4015-930b-d89d4a444778-groupManagement] INFO  server.RaftServerConfigKeys (ConfUtils.java:logGet(46)) - raft.server.threadpool.server.size = 0 (default)
2023-09-29 12:51:20,981 [5317d628-7528-4015-930b-d89d4a444778-groupManagement] INFO  server.RaftServerConfigKeys (ConfUtils.java:logGet(46)) - raft.server.threadpool.client.cached = true (default)
2023-09-29 12:51:20,981 [5317d628-7528-4015-930b-d89d4a444778-groupManagement] INFO  server.RaftServerConfigKeys (ConfUtils.java:logGet(46)) - raft.server.threadpool.client.size = 0 (default)
2023-09-29 12:51:20,982 [5317d628-7528-4015-930b-d89d4a444778-groupManagement] INFO  storage.RaftStorageDirectory (RaftStorageDirectoryImpl.java:analyzeStorage(137)) - The storage directory /home/runner/work/ozone/ozone/hadoop-ozone/integration-test/target/test-dir/MiniOzoneClusterImpl-811b16cb-c214-4c75-bdb2-1b437bba6cdf/datanode-1/data/ratis/761249f9-8bb6-41bf-974d-4398accf5932 does not exist. Creating ...
2023-09-29 12:51:20,990 [5317d628-7528-4015-930b-d89d4a444778-groupManagement] INFO  storage.RaftStorageDirectory (RaftStorageDirectoryImpl.java:tryLock(231)) - Lock on /home/runner/work/ozone/ozone/hadoop-ozone/integration-test/target/test-dir/MiniOzoneClusterImpl-811b16cb-c214-4c75-bdb2-1b437bba6cdf/datanode-1/data/ratis/761249f9-8bb6-41bf-974d-4398accf5932/in_use.lock acquired by nodename 70928@fv-az238-384
2023-09-29 12:51:20,993 [5317d628-7528-4015-930b-d89d4a444778-groupManagement] INFO  storage.RaftStorage (RaftStorageImpl.java:format(96)) - Storage directory /home/runner/work/ozone/ozone/hadoop-ozone/integration-test/target/test-dir/MiniOzoneClusterImpl-811b16cb-c214-4c75-bdb2-1b437bba6cdf/datanode-1/data/ratis/761249f9-8bb6-41bf-974d-4398accf5932 has been successfully formatted.
2023-09-29 12:51:20,995 [5317d628-7528-4015-930b-d89d4a444778-groupManagement] INFO  ratis.ContainerStateMachine (ContainerStateMachine.java:loadSnapshot(262)) - group-4398ACCF5932: The snapshot info is null. Setting the last applied indexto:(t:0, i:~)
2023-09-29 12:51:20,996 [5317d628-7528-4015-930b-d89d4a444778-groupManagement] INFO  server.RaftServerConfigKeys (ConfUtils.java:logGet(46)) - raft.server.log.use.memory = false (default)
2023-09-29 12:51:20,996 [5317d628-7528-4015-930b-d89d4a444778-groupManagement] INFO  server.RaftServerConfigKeys (ConfUtils.java:logGet(46)) - raft.server.log.purge.gap = 1000000 (custom)
2023-09-29 12:51:20,996 [5317d628-7528-4015-930b-d89d4a444778-groupManagement] INFO  server.RaftServerConfigKeys (ConfUtils.java:logGet(46)) - raft.server.log.appender.buffer.byte-limit = 33554432 (custom)
2023-09-29 12:51:20,997 [5317d628-7528-4015-930b-d89d4a444778-groupManagement] INFO  server.RaftServerConfigKeys (ConfUtils.java:logGet(46)) - raft.server.log.statemachine.data.read.timeout = 1000ms (default)
2023-09-29 12:51:20,997 [5317d628-7528-4015-930b-d89d4a444778-groupManagement] INFO  server.RaftServerConfigKeys (ConfUtils.java:logGet(46)) - raft.server.log.purge.preservation.log.num = 0 (default)
2023-09-29 12:51:20,997 [5317d628-7528-4015-930b-d89d4a444778-groupManagement] INFO  server.RaftServerConfigKeys (ConfUtils.java:logGet(46)) - raft.server.log.segment.size.max = 1048576 (custom)
2023-09-29 12:51:20,998 [5317d628-7528-4015-930b-d89d4a444778-groupManagement] INFO  server.RaftServerConfigKeys (ConfUtils.java:logGet(46)) - raft.server.log.segment.cache.num.max = 2 (custom)
2023-09-29 12:51:20,998 [5317d628-7528-4015-930b-d89d4a444778-groupManagement] INFO  server.RaftServerConfigKeys (ConfUtils.java:logGet(46)) - raft.server.log.segment.cache.size.max = 200MB (=209715200) (default)
2023-09-29 12:51:20,998 [5317d628-7528-4015-930b-d89d4a444778-groupManagement] INFO  server.RaftServerConfigKeys (ConfUtils.java:logGet(46)) - raft.server.log.appender.buffer.byte-limit = 33554432 (custom)
2023-09-29 12:51:20,998 [5317d628-7528-4015-930b-d89d4a444778-groupManagement] INFO  segmented.SegmentedRaftLogWorker (SegmentedRaftLogWorker.java:<init>(188)) - new 5317d628-7528-4015-930b-d89d4a444778@group-4398ACCF5932-SegmentedRaftLogWorker for RaftStorageImpl:Storage Directory /home/runner/work/ozone/ozone/hadoop-ozone/integration-test/target/test-dir/MiniOzoneClusterImpl-811b16cb-c214-4c75-bdb2-1b437bba6cdf/datanode-1/data/ratis/761249f9-8bb6-41bf-974d-4398accf5932
2023-09-29 12:51:20,998 [5317d628-7528-4015-930b-d89d4a444778-groupManagement] INFO  server.RaftServerConfigKeys (ConfUtils.java:logGet(46)) - raft.server.log.queue.byte-limit = 4294967296 (custom)
2023-09-29 12:51:21,006 [EventQueue-PipelineReportForPipelineReportHandler] INFO  pipeline.PipelineReportHandler (PipelineReportHandler.java:processPipelineReport(136)) - Opened pipeline PipelineID=761249f9-8bb6-41bf-974d-4398accf5932
2023-09-29 12:51:21,007 [EventQueue-OpenPipelineForHealthyPipelineSafeModeRule] INFO  safemode.SCMSafeModeManager (HealthyPipelineSafeModeRule.java:process(137)) - SCM in safe mode. Healthy pipelines reported count is 0, required healthy pipeline reported count is 1
2023-09-29 12:51:21,007 [5317d628-7528-4015-930b-d89d4a444778-groupManagement] INFO  server.RaftServerConfigKeys (ConfUtils.java:logGet(46)) - raft.server.log.queue.element-limit = 1024 (custom)
2023-09-29 12:51:21,007 [5317d628-7528-4015-930b-d89d4a444778-groupManagement] INFO  server.RaftServerConfigKeys (ConfUtils.java:logGet(46)) - raft.server.log.segment.size.max = 1048576 (custom)
2023-09-29 12:51:21,007 [5317d628-7528-4015-930b-d89d4a444778-groupManagement] INFO  server.RaftServerConfigKeys (ConfUtils.java:logGet(46)) - raft.server.log.preallocated.size = 16384 (custom)
2023-09-29 12:51:21,007 [5317d628-7528-4015-930b-d89d4a444778-groupManagement] INFO  server.RaftServerConfigKeys (ConfUtils.java:logGet(46)) - raft.server.log.force.sync.num = 128 (default)
2023-09-29 12:51:21,007 [5317d628-7528-4015-930b-d89d4a444778-groupManagement] INFO  server.RaftServerConfigKeys (ConfUtils.java:logGet(46)) - raft.server.log.statemachine.data.sync = true (default)
2023-09-29 12:51:21,007 [5317d628-7528-4015-930b-d89d4a444778-groupManagement] INFO  server.RaftServerConfigKeys (ConfUtils.java:logGet(46)) - raft.server.log.statemachine.data.sync.timeout = 10s (default)
2023-09-29 12:51:21,007 [5317d628-7528-4015-930b-d89d4a444778-groupManagement] INFO  server.RaftServerConfigKeys (ConfUtils.java:logGet(46)) - raft.server.log.statemachine.data.sync.timeout.retry = -1 (default)
2023-09-29 12:51:21,010 [5317d628-7528-4015-930b-d89d4a444778-groupManagement] INFO  server.RaftServerConfigKeys (ConfUtils.java:logGet(46)) - raft.server.log.write.buffer.size = 1048576 (custom)
2023-09-29 12:51:21,010 [5317d628-7528-4015-930b-d89d4a444778-groupManagement] INFO  server.RaftServerConfigKeys (ConfUtils.java:logGet(46)) - raft.server.log.appender.buffer.byte-limit = 33554432 (custom)
2023-09-29 12:51:21,016 [5317d628-7528-4015-930b-d89d4a444778-groupManagement] INFO  server.RaftServerConfigKeys (ConfUtils.java:logGet(46)) - raft.server.log.unsafe-flush.enabled = false (default)
2023-09-29 12:51:21,016 [5317d628-7528-4015-930b-d89d4a444778-groupManagement] INFO  server.RaftServerConfigKeys (ConfUtils.java:logGet(46)) - raft.server.log.async-flush.enabled = false (default)
2023-09-29 12:51:21,016 [5317d628-7528-4015-930b-d89d4a444778-groupManagement] INFO  server.RaftServerConfigKeys (ConfUtils.java:logGet(46)) - raft.server.log.statemachine.data.caching.enabled = true (custom)
2023-09-29 12:51:21,017 [5317d628-7528-4015-930b-d89d4a444778-groupManagement] INFO  segmented.SegmentedRaftLogWorker (SegmentedRaftLogWorker.java:lambda$new$0(135)) - 5317d628-7528-4015-930b-d89d4a444778@group-4398ACCF5932-SegmentedRaftLogWorker: flushIndex: setUnconditionally 0 -> -1
2023-09-29 12:51:21,017 [5317d628-7528-4015-930b-d89d4a444778-groupManagement] INFO  segmented.SegmentedRaftLogWorker (SegmentedRaftLogWorker.java:lambda$new$0(135)) - 5317d628-7528-4015-930b-d89d4a444778@group-4398ACCF5932-SegmentedRaftLogWorker: safeCacheEvictIndex: setUnconditionally 0 -> -1
2023-09-29 12:51:21,017 [5317d628-7528-4015-930b-d89d4a444778-groupManagement] INFO  server.RaftServer$Division (RaftServerImpl.java:start(342)) - 5317d628-7528-4015-930b-d89d4a444778@group-4398ACCF5932: start as a follower, conf=-1: peers:[5317d628-7528-4015-930b-d89d4a444778|rpc:10.1.0.70:15023|admin:10.1.0.70:15022|client:10.1.0.70:15021|dataStream:10.1.0.70:15024|priority:1|startupRole:FOLLOWER]|listeners:[], old=null
2023-09-29 12:51:21,018 [5317d628-7528-4015-930b-d89d4a444778-groupManagement] INFO  server.RaftServer$Division (RaftServerImpl.java:setRole(329)) - 5317d628-7528-4015-930b-d89d4a444778@group-4398ACCF5932: changes role from      null to FOLLOWER at term 0 for startAsFollower
2023-09-29 12:51:21,018 [5317d628-7528-4015-930b-d89d4a444778-groupManagement] INFO  impl.RoleInfo (RoleInfo.java:updateAndGet(139)) - 5317d628-7528-4015-930b-d89d4a444778: start 5317d628-7528-4015-930b-d89d4a444778@group-4398ACCF5932-FollowerState
2023-09-29 12:51:21,018 [5317d628-7528-4015-930b-d89d4a444778-groupManagement] INFO  util.JmxRegister (JmxRegister.java:tryRegister(44)) - Successfully registered JMX Bean with object name Ratis:service=RaftServer,group=group-4398ACCF5932,id=5317d628-7528-4015-930b-d89d4a444778
2023-09-29 12:51:21,024 [5317d628-7528-4015-930b-d89d4a444778-groupManagement] INFO  server.RaftServerConfigKeys (ConfUtils.java:logGet(46)) - raft.server.snapshot.auto.trigger.enabled = true (custom)
2023-09-29 12:51:21,024 [5317d628-7528-4015-930b-d89d4a444778@group-4398ACCF5932-FollowerState] INFO  server.RaftServerConfigKeys (ConfUtils.java:logFallback(53)) - raft.server.rpc.first-election.timeout.min = 5s (fallback to raft.server.rpc.timeout.min)
2023-09-29 12:51:21,024 [5317d628-7528-4015-930b-d89d4a444778-groupManagement] INFO  server.RaftServerConfigKeys (ConfUtils.java:logGet(46)) - raft.server.snapshot.auto.trigger.threshold = 10000 (custom)
2023-09-29 12:51:21,024 [5317d628-7528-4015-930b-d89d4a444778-groupManagement] INFO  server.RaftServerConfigKeys (ConfUtils.java:logGet(46)) - raft.server.snapshot.retention.file.num = 5 (custom)
2023-09-29 12:51:21,024 [5317d628-7528-4015-930b-d89d4a444778-groupManagement] INFO  server.RaftServerConfigKeys (ConfUtils.java:logGet(46)) - raft.server.log.purge.upto.snapshot.index = false (default)
2023-09-29 12:51:21,025 [PipelineCommandHandlerThread-0] INFO  ratis.XceiverServerRatis (XceiverServerRatis.java:addGroup(804)) - Created group PipelineID=761249f9-8bb6-41bf-974d-4398accf5932
2023-09-29 12:51:21,024 [5317d628-7528-4015-930b-d89d4a444778@group-4398ACCF5932-FollowerState] INFO  server.RaftServerConfigKeys (ConfUtils.java:logFallback(53)) - raft.server.rpc.first-election.timeout.max = 5200ms (fallback to raft.server.rpc.timeout.max)
2023-09-29 12:51:21,026 [PipelineCommandHandlerThread-0] INFO  commandhandler.CreatePipelineCommandHandler (CreatePipelineCommandHandler.java:lambda$handle$2(124)) - Created Pipeline RATIS ONE PipelineID=761249f9-8bb6-41bf-974d-4398accf5932.
2023-09-29 12:51:21,033 [PipelineCommandHandlerThread-0] INFO  server.RaftServer (RaftServerProxy.java:addNew(98)) - 5317d628-7528-4015-930b-d89d4a444778: addNew group-D84CB1ADCB76:[5317d628-7528-4015-930b-d89d4a444778|rpc:10.1.0.70:15023|admin:10.1.0.70:15022|client:10.1.0.70:15021|dataStream:10.1.0.70:15024|priority:0|startupRole:FOLLOWER, 9305807b-68e0-4de4-9f06-795e0c374ac6|rpc:10.1.0.70:15032|admin:10.1.0.70:15031|client:10.1.0.70:15030|dataStream:10.1.0.70:15033|priority:1|startupRole:FOLLOWER, 28fc21f1-0f1b-4853-8334-7fb4bdc0ccf0|rpc:10.1.0.70:15014|admin:10.1.0.70:15013|client:10.1.0.70:15012|dataStream:10.1.0.70:15015|priority:0|startupRole:FOLLOWER] returns group-D84CB1ADCB76:java.util.concurrent.CompletableFuture@4775a7d[Not completed]
2023-09-29 12:51:21,035 [5317d628-7528-4015-930b-d89d4a444778-groupManagement] INFO  server.RaftServer$Division (RaftServerImpl.java:<init>(198)) - 5317d628-7528-4015-930b-d89d4a444778: new RaftServerImpl for group-D84CB1ADCB76:[5317d628-7528-4015-930b-d89d4a444778|rpc:10.1.0.70:15023|admin:10.1.0.70:15022|client:10.1.0.70:15021|dataStream:10.1.0.70:15024|priority:0|startupRole:FOLLOWER, 9305807b-68e0-4de4-9f06-795e0c374ac6|rpc:10.1.0.70:15032|admin:10.1.0.70:15031|client:10.1.0.70:15030|dataStream:10.1.0.70:15033|priority:1|startupRole:FOLLOWER, 28fc21f1-0f1b-4853-8334-7fb4bdc0ccf0|rpc:10.1.0.70:15014|admin:10.1.0.70:15013|client:10.1.0.70:15012|dataStream:10.1.0.70:15015|priority:0|startupRole:FOLLOWER] with ContainerStateMachine:uninitialized
2023-09-29 12:51:21,035 [5317d628-7528-4015-930b-d89d4a444778-groupManagement] INFO  server.RaftServerConfigKeys (ConfUtils.java:logGet(46)) - raft.server.rpc.timeout.min = 5s (custom)
2023-09-29 12:51:21,035 [5317d628-7528-4015-930b-d89d4a444778-groupManagement] INFO  server.RaftServerConfigKeys (ConfUtils.java:logGet(46)) - raft.server.rpc.timeout.max = 5200ms (custom)
2023-09-29 12:51:21,035 [5317d628-7528-4015-930b-d89d4a444778-groupManagement] INFO  server.RaftServerConfigKeys (ConfUtils.java:logGet(46)) - raft.server.rpc.sleep.time = 25ms (default)
2023-09-29 12:51:21,035 [5317d628-7528-4015-930b-d89d4a444778-groupManagement] INFO  server.RaftServerConfigKeys (ConfUtils.java:logGet(46)) - raft.server.rpc.slowness.timeout = 300s (custom)
2023-09-29 12:51:21,035 [5317d628-7528-4015-930b-d89d4a444778-groupManagement] INFO  server.RaftServerConfigKeys (ConfUtils.java:logGet(46)) - raft.server.leaderelection.leader.step-down.wait-time = 10s (default)
2023-09-29 12:51:21,035 [5317d628-7528-4015-930b-d89d4a444778-groupManagement] INFO  server.RaftServerConfigKeys (ConfUtils.java:logGet(46)) - raft.server.sleep.deviation.threshold = 300ms (default)
2023-09-29 12:51:21,035 [5317d628-7528-4015-930b-d89d4a444778-groupManagement] INFO  server.RaftServer$Division (ServerState.java:<init>(120)) - 5317d628-7528-4015-930b-d89d4a444778@group-D84CB1ADCB76: ConfigurationManager, init=-1: peers:[5317d628-7528-4015-930b-d89d4a444778|rpc:10.1.0.70:15023|admin:10.1.0.70:15022|client:10.1.0.70:15021|dataStream:10.1.0.70:15024|priority:0|startupRole:FOLLOWER, 9305807b-68e0-4de4-9f06-795e0c374ac6|rpc:10.1.0.70:15032|admin:10.1.0.70:15031|client:10.1.0.70:15030|dataStream:10.1.0.70:15033|priority:1|startupRole:FOLLOWER, 28fc21f1-0f1b-4853-8334-7fb4bdc0ccf0|rpc:10.1.0.70:15014|admin:10.1.0.70:15013|client:10.1.0.70:15012|dataStream:10.1.0.70:15015|priority:0|startupRole:FOLLOWER]|listeners:[], old=null, confs=<EMPTY_MAP>
2023-09-29 12:51:21,036 [5317d628-7528-4015-930b-d89d4a444778-groupManagement] INFO  server.RaftServerConfigKeys (ConfUtils.java:logGet(46)) - raft.server.storage.dir = [/home/runner/work/ozone/ozone/hadoop-ozone/integration-test/target/test-dir/MiniOzoneClusterImpl-811b16cb-c214-4c75-bdb2-1b437bba6cdf/datanode-1/data/ratis] (custom)
2023-09-29 12:51:21,036 [5317d628-7528-4015-930b-d89d4a444778-groupManagement] INFO  server.RaftServerConfigKeys (ConfUtils.java:logGet(46)) - raft.server.log.corruption.policy = EXCEPTION (default)
2023-09-29 12:51:21,036 [5317d628-7528-4015-930b-d89d4a444778-groupManagement] INFO  server.RaftServerConfigKeys (ConfUtils.java:logGet(46)) - raft.server.storage.free-space.min = 0MB (=0) (default)
2023-09-29 12:51:21,036 [5317d628-7528-4015-930b-d89d4a444778-groupManagement] INFO  server.RaftServerConfigKeys (ConfUtils.java:logGet(46)) - raft.server.notification.no-leader.timeout = 300s (custom)
2023-09-29 12:51:21,036 [5317d628-7528-4015-930b-d89d4a444778-groupManagement] INFO  server.RaftServerConfigKeys (ConfUtils.java:logGet(46)) - raft.server.read.timeout = 10s (default)
2023-09-29 12:51:21,036 [5317d628-7528-4015-930b-d89d4a444778-groupManagement] INFO  server.RaftServerConfigKeys (ConfUtils.java:logGet(46)) - raft.server.retrycache.expirytime = 600000ms (custom)
2023-09-29 12:51:21,036 [5317d628-7528-4015-930b-d89d4a444778-groupManagement] INFO  server.RaftServerConfigKeys (ConfUtils.java:logGet(46)) - raft.server.retrycache.statistics.expirytime = 100μs (default)
2023-09-29 12:51:21,036 [5317d628-7528-4015-930b-d89d4a444778-groupManagement] INFO  server.RaftServerConfigKeys (ConfUtils.java:logGet(46)) - raft.server.read.option = DEFAULT (default)
2023-09-29 12:51:21,038 [5317d628-7528-4015-930b-d89d4a444778-groupManagement] INFO  server.RaftServerConfigKeys (ConfUtils.java:logGet(46)) - raft.server.rpc.request.timeout = 60s (custom)
2023-09-29 12:51:21,039 [5317d628-7528-4015-930b-d89d4a444778-groupManagement] INFO  server.RaftServerConfigKeys (ConfUtils.java:logGet(46)) - raft.server.log.appender.install.snapshot.enabled = false (custom)
2023-09-29 12:51:21,039 [5317d628-7528-4015-930b-d89d4a444778-groupManagement] INFO  server.RaftServerConfigKeys (ConfUtils.java:logGet(46)) - raft.server.threadpool.server.cached = true (default)
2023-09-29 12:51:21,039 [5317d628-7528-4015-930b-d89d4a444778-groupManagement] INFO  server.RaftServerConfigKeys (ConfUtils.java:logGet(46)) - raft.server.threadpool.server.size = 0 (default)
2023-09-29 12:51:21,039 [5317d628-7528-4015-930b-d89d4a444778-groupManagement] INFO  server.RaftServerConfigKeys (ConfUtils.java:logGet(46)) - raft.server.threadpool.client.cached = true (default)
2023-09-29 12:51:21,039 [5317d628-7528-4015-930b-d89d4a444778-groupManagement] INFO  server.RaftServerConfigKeys (ConfUtils.java:logGet(46)) - raft.server.threadpool.client.size = 0 (default)
2023-09-29 12:51:21,039 [5317d628-7528-4015-930b-d89d4a444778-groupManagement] INFO  storage.RaftStorageDirectory (RaftStorageDirectoryImpl.java:analyzeStorage(137)) - The storage directory /home/runner/work/ozone/ozone/hadoop-ozone/integration-test/target/test-dir/MiniOzoneClusterImpl-811b16cb-c214-4c75-bdb2-1b437bba6cdf/datanode-1/data/ratis/f1bd389d-45ed-4fca-9700-d84cb1adcb76 does not exist. Creating ...
2023-09-29 12:51:21,041 [5317d628-7528-4015-930b-d89d4a444778-groupManagement] INFO  storage.RaftStorageDirectory (RaftStorageDirectoryImpl.java:tryLock(231)) - Lock on /home/runner/work/ozone/ozone/hadoop-ozone/integration-test/target/test-dir/MiniOzoneClusterImpl-811b16cb-c214-4c75-bdb2-1b437bba6cdf/datanode-1/data/ratis/f1bd389d-45ed-4fca-9700-d84cb1adcb76/in_use.lock acquired by nodename 70928@fv-az238-384
2023-09-29 12:51:21,043 [5317d628-7528-4015-930b-d89d4a444778-groupManagement] INFO  storage.RaftStorage (RaftStorageImpl.java:format(96)) - Storage directory /home/runner/work/ozone/ozone/hadoop-ozone/integration-test/target/test-dir/MiniOzoneClusterImpl-811b16cb-c214-4c75-bdb2-1b437bba6cdf/datanode-1/data/ratis/f1bd389d-45ed-4fca-9700-d84cb1adcb76 has been successfully formatted.
2023-09-29 12:51:21,046 [5317d628-7528-4015-930b-d89d4a444778-groupManagement] INFO  ratis.ContainerStateMachine (ContainerStateMachine.java:loadSnapshot(262)) - group-D84CB1ADCB76: The snapshot info is null. Setting the last applied indexto:(t:0, i:~)
2023-09-29 12:51:21,047 [EventQueue-OpenPipelineForHealthyPipelineSafeModeRule] INFO  safemode.SCMSafeModeManager (HealthyPipelineSafeModeRule.java:process(137)) - SCM in safe mode. Healthy pipelines reported count is 0, required healthy pipeline reported count is 1
2023-09-29 12:51:21,048 [5317d628-7528-4015-930b-d89d4a444778-groupManagement] INFO  server.RaftServerConfigKeys (ConfUtils.java:logGet(46)) - raft.server.log.use.memory = false (default)
2023-09-29 12:51:21,049 [5317d628-7528-4015-930b-d89d4a444778-groupManagement] INFO  server.RaftServerConfigKeys (ConfUtils.java:logGet(46)) - raft.server.log.purge.gap = 1000000 (custom)
2023-09-29 12:51:21,049 [5317d628-7528-4015-930b-d89d4a444778-groupManagement] INFO  server.RaftServerConfigKeys (ConfUtils.java:logGet(46)) - raft.server.log.appender.buffer.byte-limit = 33554432 (custom)
2023-09-29 12:51:21,049 [5317d628-7528-4015-930b-d89d4a444778-groupManagement] INFO  server.RaftServerConfigKeys (ConfUtils.java:logGet(46)) - raft.server.log.statemachine.data.read.timeout = 1000ms (default)
2023-09-29 12:51:21,049 [5317d628-7528-4015-930b-d89d4a444778-groupManagement] INFO  server.RaftServerConfigKeys (ConfUtils.java:logGet(46)) - raft.server.log.purge.preservation.log.num = 0 (default)
2023-09-29 12:51:21,050 [5317d628-7528-4015-930b-d89d4a444778-groupManagement] INFO  server.RaftServerConfigKeys (ConfUtils.java:logGet(46)) - raft.server.log.segment.size.max = 1048576 (custom)
2023-09-29 12:51:21,051 [5317d628-7528-4015-930b-d89d4a444778-groupManagement] INFO  server.RaftServerConfigKeys (ConfUtils.java:logGet(46)) - raft.server.log.segment.cache.num.max = 2 (custom)
2023-09-29 12:51:21,052 [5317d628-7528-4015-930b-d89d4a444778-groupManagement] INFO  server.RaftServerConfigKeys (ConfUtils.java:logGet(46)) - raft.server.log.segment.cache.size.max = 200MB (=209715200) (default)
2023-09-29 12:51:21,052 [5317d628-7528-4015-930b-d89d4a444778-groupManagement] INFO  server.RaftServerConfigKeys (ConfUtils.java:logGet(46)) - raft.server.log.appender.buffer.byte-limit = 33554432 (custom)
2023-09-29 12:51:21,052 [5317d628-7528-4015-930b-d89d4a444778-groupManagement] INFO  segmented.SegmentedRaftLogWorker (SegmentedRaftLogWorker.java:<init>(188)) - new 5317d628-7528-4015-930b-d89d4a444778@group-D84CB1ADCB76-SegmentedRaftLogWorker for RaftStorageImpl:Storage Directory /home/runner/work/ozone/ozone/hadoop-ozone/integration-test/target/test-dir/MiniOzoneClusterImpl-811b16cb-c214-4c75-bdb2-1b437bba6cdf/datanode-1/data/ratis/f1bd389d-45ed-4fca-9700-d84cb1adcb76
2023-09-29 12:51:21,052 [5317d628-7528-4015-930b-d89d4a444778-groupManagement] INFO  server.RaftServerConfigKeys (ConfUtils.java:logGet(46)) - raft.server.log.queue.byte-limit = 4294967296 (custom)
2023-09-29 12:51:21,052 [5317d628-7528-4015-930b-d89d4a444778-groupManagement] INFO  server.RaftServerConfigKeys (ConfUtils.java:logGet(46)) - raft.server.log.queue.element-limit = 1024 (custom)
2023-09-29 12:51:21,052 [5317d628-7528-4015-930b-d89d4a444778-groupManagement] INFO  server.RaftServerConfigKeys (ConfUtils.java:logGet(46)) - raft.server.log.segment.size.max = 1048576 (custom)
2023-09-29 12:51:21,052 [5317d628-7528-4015-930b-d89d4a444778-groupManagement] INFO  server.RaftServerConfigKeys (ConfUtils.java:logGet(46)) - raft.server.log.preallocated.size = 16384 (custom)
2023-09-29 12:51:21,053 [5317d628-7528-4015-930b-d89d4a444778-groupManagement] INFO  server.RaftServerConfigKeys (ConfUtils.java:logGet(46)) - raft.server.log.force.sync.num = 128 (default)
2023-09-29 12:51:21,053 [5317d628-7528-4015-930b-d89d4a444778-groupManagement] INFO  server.RaftServerConfigKeys (ConfUtils.java:logGet(46)) - raft.server.log.statemachine.data.sync = true (default)
2023-09-29 12:51:21,053 [5317d628-7528-4015-930b-d89d4a444778-groupManagement] INFO  server.RaftServerConfigKeys (ConfUtils.java:logGet(46)) - raft.server.log.statemachine.data.sync.timeout = 10s (default)
2023-09-29 12:51:21,054 [5317d628-7528-4015-930b-d89d4a444778-groupManagement] INFO  server.RaftServerConfigKeys (ConfUtils.java:logGet(46)) - raft.server.log.statemachine.data.sync.timeout.retry = -1 (default)
2023-09-29 12:51:21,058 [5317d628-7528-4015-930b-d89d4a444778-groupManagement] INFO  server.RaftServerConfigKeys (ConfUtils.java:logGet(46)) - raft.server.log.write.buffer.size = 1048576 (custom)
2023-09-29 12:51:21,058 [5317d628-7528-4015-930b-d89d4a444778-groupManagement] INFO  server.RaftServerConfigKeys (ConfUtils.java:logGet(46)) - raft.server.log.appender.buffer.byte-limit = 33554432 (custom)
2023-09-29 12:51:21,072 [5317d628-7528-4015-930b-d89d4a444778-groupManagement] INFO  server.RaftServerConfigKeys (ConfUtils.java:logGet(46)) - raft.server.log.unsafe-flush.enabled = false (default)
2023-09-29 12:51:21,072 [5317d628-7528-4015-930b-d89d4a444778-groupManagement] INFO  server.RaftServerConfigKeys (ConfUtils.java:logGet(46)) - raft.server.log.async-flush.enabled = false (default)
2023-09-29 12:51:21,072 [5317d628-7528-4015-930b-d89d4a444778-groupManagement] INFO  server.RaftServerConfigKeys (ConfUtils.java:logGet(46)) - raft.server.log.statemachine.data.caching.enabled = true (custom)
2023-09-29 12:51:21,073 [5317d628-7528-4015-930b-d89d4a444778-groupManagement] INFO  segmented.SegmentedRaftLogWorker (SegmentedRaftLogWorker.java:lambda$new$0(135)) - 5317d628-7528-4015-930b-d89d4a444778@group-D84CB1ADCB76-SegmentedRaftLogWorker: flushIndex: setUnconditionally 0 -> -1
2023-09-29 12:51:21,074 [5317d628-7528-4015-930b-d89d4a444778-groupManagement] INFO  segmented.SegmentedRaftLogWorker (SegmentedRaftLogWorker.java:lambda$new$0(135)) - 5317d628-7528-4015-930b-d89d4a444778@group-D84CB1ADCB76-SegmentedRaftLogWorker: safeCacheEvictIndex: setUnconditionally 0 -> -1
2023-09-29 12:51:21,083 [5317d628-7528-4015-930b-d89d4a444778-groupManagement] INFO  server.RaftServer$Division (RaftServerImpl.java:start(342)) - 5317d628-7528-4015-930b-d89d4a444778@group-D84CB1ADCB76: start as a follower, conf=-1: peers:[5317d628-7528-4015-930b-d89d4a444778|rpc:10.1.0.70:15023|admin:10.1.0.70:15022|client:10.1.0.70:15021|dataStream:10.1.0.70:15024|priority:0|startupRole:FOLLOWER, 9305807b-68e0-4de4-9f06-795e0c374ac6|rpc:10.1.0.70:15032|admin:10.1.0.70:15031|client:10.1.0.70:15030|dataStream:10.1.0.70:15033|priority:1|startupRole:FOLLOWER, 28fc21f1-0f1b-4853-8334-7fb4bdc0ccf0|rpc:10.1.0.70:15014|admin:10.1.0.70:15013|client:10.1.0.70:15012|dataStream:10.1.0.70:15015|priority:0|startupRole:FOLLOWER]|listeners:[], old=null
2023-09-29 12:51:21,083 [5317d628-7528-4015-930b-d89d4a444778-groupManagement] INFO  server.RaftServer$Division (RaftServerImpl.java:setRole(329)) - 5317d628-7528-4015-930b-d89d4a444778@group-D84CB1ADCB76: changes role from      null to FOLLOWER at term 0 for startAsFollower
2023-09-29 12:51:21,083 [5317d628-7528-4015-930b-d89d4a444778-groupManagement] INFO  impl.RoleInfo (RoleInfo.java:updateAndGet(139)) - 5317d628-7528-4015-930b-d89d4a444778: start 5317d628-7528-4015-930b-d89d4a444778@group-D84CB1ADCB76-FollowerState
2023-09-29 12:51:21,091 [5317d628-7528-4015-930b-d89d4a444778-groupManagement] INFO  util.JmxRegister (JmxRegister.java:tryRegister(44)) - Successfully registered JMX Bean with object name Ratis:service=RaftServer,group=group-D84CB1ADCB76,id=5317d628-7528-4015-930b-d89d4a444778
2023-09-29 12:51:21,091 [5317d628-7528-4015-930b-d89d4a444778@group-D84CB1ADCB76-FollowerState] INFO  server.RaftServerConfigKeys (ConfUtils.java:logFallback(53)) - raft.server.rpc.first-election.timeout.min = 5s (fallback to raft.server.rpc.timeout.min)
2023-09-29 12:51:21,091 [5317d628-7528-4015-930b-d89d4a444778-groupManagement] INFO  server.RaftServerConfigKeys (ConfUtils.java:logGet(46)) - raft.server.snapshot.auto.trigger.enabled = true (custom)
2023-09-29 12:51:21,093 [5317d628-7528-4015-930b-d89d4a444778@group-D84CB1ADCB76-FollowerState] INFO  server.RaftServerConfigKeys (ConfUtils.java:logFallback(53)) - raft.server.rpc.first-election.timeout.max = 5200ms (fallback to raft.server.rpc.timeout.max)
2023-09-29 12:51:21,093 [5317d628-7528-4015-930b-d89d4a444778-groupManagement] INFO  server.RaftServerConfigKeys (ConfUtils.java:logGet(46)) - raft.server.snapshot.auto.trigger.threshold = 10000 (custom)
2023-09-29 12:51:21,093 [5317d628-7528-4015-930b-d89d4a444778-groupManagement] INFO  server.RaftServerConfigKeys (ConfUtils.java:logGet(46)) - raft.server.snapshot.retention.file.num = 5 (custom)
2023-09-29 12:51:21,093 [5317d628-7528-4015-930b-d89d4a444778-groupManagement] INFO  server.RaftServerConfigKeys (ConfUtils.java:logGet(46)) - raft.server.log.purge.upto.snapshot.index = false (default)
2023-09-29 12:51:21,095 [PipelineCommandHandlerThread-0] INFO  ratis.XceiverServerRatis (XceiverServerRatis.java:addGroup(804)) - Created group PipelineID=f1bd389d-45ed-4fca-9700-d84cb1adcb76
2023-09-29 12:51:21,117 [IPC Server handler 10 on default port 15002] INFO  net.NetworkTopologyImpl (NetworkTopologyImpl.java:add(112)) - Added a new node: /default-rack/4dfacd3a-85e6-4f60-aa9f-15a17a1c954a
2023-09-29 12:51:21,117 [IPC Server handler 10 on default port 15002] INFO  node.SCMNodeManager (SCMNodeManager.java:register(405)) - Registered Data node : 4dfacd3a-85e6-4f60-aa9f-15a17a1c954a{ip: 10.1.0.70, host: fv-az238-384.lrtv1j1tcsgurjp4mtmc3vvjre.gx.internal.cloudapp.net, ports: [HTTP=15081, CLIENT_RPC=15082, REPLICATION=15088, RATIS=15084, RATIS_ADMIN=15085, RATIS_SERVER=15086, RATIS_DATASTREAM=15087, STANDALONE=15083], networkLocation: /default-rack, certSerialId: null, persistedOpState: null, persistedOpStateExpiryEpochSec: 0}
2023-09-29 12:51:21,120 [EventQueue-NewNodeForNewNodeHandler] INFO  pipeline.BackgroundPipelineCreator (BackgroundPipelineCreator.java:notifyEventTriggered(277)) - trigger a one-shot run on RatisPipelineUtilsThread.
2023-09-29 12:51:21,120 [RatisPipelineUtilsThread - 0] INFO  pipeline.RatisPipelineProvider (RatisPipelineProvider.java:lambda$create$0(206)) - Sending CreatePipelineCommand for pipeline:PipelineID=13838721-bcae-49cb-b2fe-fcf027d0e9d3 to datanode:4dfacd3a-85e6-4f60-aa9f-15a17a1c954a
2023-09-29 12:51:21,123 [RatisPipelineUtilsThread - 0] INFO  pipeline.BackgroundPipelineCreator (BackgroundPipelineCreator.java:createPipelines(233)) - Created new pipeline Pipeline[ Id: 13838721-bcae-49cb-b2fe-fcf027d0e9d3, Nodes: 4dfacd3a-85e6-4f60-aa9f-15a17a1c954a(fv-az238-384.lrtv1j1tcsgurjp4mtmc3vvjre.gx.internal.cloudapp.net/10.1.0.70), ReplicationConfig: RATIS/ONE, State:ALLOCATED, leaderId:, CreationTimestamp2023-09-29T12:51:21.120Z[Etc/UTC]]
2023-09-29 12:51:21,123 [RatisPipelineUtilsThread - 0] INFO  pipeline.RatisPipelineProvider (RatisPipelineProvider.java:lambda$create$0(206)) - Sending CreatePipelineCommand for pipeline:PipelineID=b5d7346f-7812-4e83-9273-8a617cca13df to datanode:4dfacd3a-85e6-4f60-aa9f-15a17a1c954a
2023-09-29 12:51:21,124 [RatisPipelineUtilsThread - 0] INFO  pipeline.RatisPipelineProvider (RatisPipelineProvider.java:lambda$create$0(206)) - Sending CreatePipelineCommand for pipeline:PipelineID=b5d7346f-7812-4e83-9273-8a617cca13df to datanode:b431013d-a75d-44b2-a41a-a2e98e506a92
2023-09-29 12:51:21,124 [RatisPipelineUtilsThread - 0] INFO  pipeline.RatisPipelineProvider (RatisPipelineProvider.java:lambda$create$0(206)) - Sending CreatePipelineCommand for pipeline:PipelineID=b5d7346f-7812-4e83-9273-8a617cca13df to datanode:9fc007ee-6328-4e66-a7f4-dfd370a25fec
2023-09-29 12:51:21,125 [RatisPipelineUtilsThread - 0] INFO  pipeline.BackgroundPipelineCreator (BackgroundPipelineCreator.java:createPipelines(233)) - Created new pipeline Pipeline[ Id: b5d7346f-7812-4e83-9273-8a617cca13df, Nodes: 4dfacd3a-85e6-4f60-aa9f-15a17a1c954a(fv-az238-384.lrtv1j1tcsgurjp4mtmc3vvjre.gx.internal.cloudapp.net/10.1.0.70)b431013d-a75d-44b2-a41a-a2e98e506a92(fv-az238-384.lrtv1j1tcsgurjp4mtmc3vvjre.gx.internal.cloudapp.net/10.1.0.70)9fc007ee-6328-4e66-a7f4-dfd370a25fec(fv-az238-384.lrtv1j1tcsgurjp4mtmc3vvjre.gx.internal.cloudapp.net/10.1.0.70), ReplicationConfig: RATIS/THREE, State:ALLOCATED, leaderId:, CreationTimestamp2023-09-29T12:51:21.123Z[Etc/UTC]]
2023-09-29 12:51:21,126 [RatisPipelineUtilsThread - 0] INFO  pipeline.RatisPipelineProvider (RatisPipelineProvider.java:lambda$create$0(206)) - Sending CreatePipelineCommand for pipeline:PipelineID=7d0c1310-c4a7-4065-8b62-95b153cb0731 to datanode:4dfacd3a-85e6-4f60-aa9f-15a17a1c954a
2023-09-29 12:51:21,126 [RatisPipelineUtilsThread - 0] INFO  pipeline.RatisPipelineProvider (RatisPipelineProvider.java:lambda$create$0(206)) - Sending CreatePipelineCommand for pipeline:PipelineID=7d0c1310-c4a7-4065-8b62-95b153cb0731 to datanode:9fc007ee-6328-4e66-a7f4-dfd370a25fec
2023-09-29 12:51:21,126 [RatisPipelineUtilsThread - 0] INFO  pipeline.RatisPipelineProvider (RatisPipelineProvider.java:lambda$create$0(206)) - Sending CreatePipelineCommand for pipeline:PipelineID=7d0c1310-c4a7-4065-8b62-95b153cb0731 to datanode:b431013d-a75d-44b2-a41a-a2e98e506a92
2023-09-29 12:51:21,127 [RatisPipelineUtilsThread - 0] INFO  pipeline.PipelineManagerImpl (PipelineManagerImpl.java:recordMetricsForPipeline(895)) - Pipeline: PipelineID=7d0c1310-c4a7-4065-8b62-95b153cb0731 contains same datanodes as previous pipelines: PipelineID=b5d7346f-7812-4e83-9273-8a617cca13df nodeIds: 4dfacd3a-85e6-4f60-aa9f-15a17a1c954a, 9fc007ee-6328-4e66-a7f4-dfd370a25fec, b431013d-a75d-44b2-a41a-a2e98e506a92
2023-09-29 12:51:21,127 [RatisPipelineUtilsThread - 0] INFO  pipeline.BackgroundPipelineCreator (BackgroundPipelineCreator.java:createPipelines(233)) - Created new pipeline Pipeline[ Id: 7d0c1310-c4a7-4065-8b62-95b153cb0731, Nodes: 4dfacd3a-85e6-4f60-aa9f-15a17a1c954a(fv-az238-384.lrtv1j1tcsgurjp4mtmc3vvjre.gx.internal.cloudapp.net/10.1.0.70)9fc007ee-6328-4e66-a7f4-dfd370a25fec(fv-az238-384.lrtv1j1tcsgurjp4mtmc3vvjre.gx.internal.cloudapp.net/10.1.0.70)b431013d-a75d-44b2-a41a-a2e98e506a92(fv-az238-384.lrtv1j1tcsgurjp4mtmc3vvjre.gx.internal.cloudapp.net/10.1.0.70), ReplicationConfig: RATIS/THREE, State:ALLOCATED, leaderId:, CreationTimestamp2023-09-29T12:51:21.126Z[Etc/UTC]]
2023-09-29 12:51:21,315 [grpc-default-executor-1] INFO  server.RaftServer (RaftServerProxy.java:addNew(98)) - 9305807b-68e0-4de4-9f06-795e0c374ac6: addNew group-D84CB1ADCB76:[5317d628-7528-4015-930b-d89d4a444778|rpc:10.1.0.70:15023|admin:10.1.0.70:15022|client:10.1.0.70:15021|dataStream:10.1.0.70:15024|priority:0|startupRole:FOLLOWER, 9305807b-68e0-4de4-9f06-795e0c374ac6|rpc:10.1.0.70:15032|admin:10.1.0.70:15031|client:10.1.0.70:15030|dataStream:10.1.0.70:15033|priority:1|startupRole:FOLLOWER, 28fc21f1-0f1b-4853-8334-7fb4bdc0ccf0|rpc:10.1.0.70:15014|admin:10.1.0.70:15013|client:10.1.0.70:15012|dataStream:10.1.0.70:15015|priority:0|startupRole:FOLLOWER] returns group-D84CB1ADCB76:java.util.concurrent.CompletableFuture@3e23125[Not completed]
2023-09-29 12:51:21,322 [9305807b-68e0-4de4-9f06-795e0c374ac6-groupManagement] INFO  server.RaftServer$Division (RaftServerImpl.java:<init>(198)) - 9305807b-68e0-4de4-9f06-795e0c374ac6: new RaftServerImpl for group-D84CB1ADCB76:[5317d628-7528-4015-930b-d89d4a444778|rpc:10.1.0.70:15023|admin:10.1.0.70:15022|client:10.1.0.70:15021|dataStream:10.1.0.70:15024|priority:0|startupRole:FOLLOWER, 9305807b-68e0-4de4-9f06-795e0c374ac6|rpc:10.1.0.70:15032|admin:10.1.0.70:15031|client:10.1.0.70:15030|dataStream:10.1.0.70:15033|priority:1|startupRole:FOLLOWER, 28fc21f1-0f1b-4853-8334-7fb4bdc0ccf0|rpc:10.1.0.70:15014|admin:10.1.0.70:15013|client:10.1.0.70:15012|dataStream:10.1.0.70:15015|priority:0|startupRole:FOLLOWER] with ContainerStateMachine:uninitialized
2023-09-29 12:51:21,323 [9305807b-68e0-4de4-9f06-795e0c374ac6-groupManagement] INFO  server.RaftServerConfigKeys (ConfUtils.java:logGet(46)) - raft.server.rpc.timeout.min = 5s (custom)
2023-09-29 12:51:21,323 [9305807b-68e0-4de4-9f06-795e0c374ac6-groupManagement] INFO  server.RaftServerConfigKeys (ConfUtils.java:logGet(46)) - raft.server.rpc.timeout.max = 5200ms (custom)
2023-09-29 12:51:21,323 [9305807b-68e0-4de4-9f06-795e0c374ac6-groupManagement] INFO  server.RaftServerConfigKeys (ConfUtils.java:logGet(46)) - raft.server.rpc.sleep.time = 25ms (default)
2023-09-29 12:51:21,323 [9305807b-68e0-4de4-9f06-795e0c374ac6-groupManagement] INFO  server.RaftServerConfigKeys (ConfUtils.java:logGet(46)) - raft.server.rpc.slowness.timeout = 300s (custom)
2023-09-29 12:51:21,323 [9305807b-68e0-4de4-9f06-795e0c374ac6-groupManagement] INFO  server.RaftServerConfigKeys (ConfUtils.java:logGet(46)) - raft.server.leaderelection.leader.step-down.wait-time = 10s (default)
2023-09-29 12:51:21,324 [9305807b-68e0-4de4-9f06-795e0c374ac6-groupManagement] INFO  server.RaftServerConfigKeys (ConfUtils.java:logGet(46)) - raft.server.sleep.deviation.threshold = 300ms (default)
2023-09-29 12:51:21,324 [9305807b-68e0-4de4-9f06-795e0c374ac6-groupManagement] INFO  server.RaftServer$Division (ServerState.java:<init>(120)) - 9305807b-68e0-4de4-9f06-795e0c374ac6@group-D84CB1ADCB76: ConfigurationManager, init=-1: peers:[5317d628-7528-4015-930b-d89d4a444778|rpc:10.1.0.70:15023|admin:10.1.0.70:15022|client:10.1.0.70:15021|dataStream:10.1.0.70:15024|priority:0|startupRole:FOLLOWER, 9305807b-68e0-4de4-9f06-795e0c374ac6|rpc:10.1.0.70:15032|admin:10.1.0.70:15031|client:10.1.0.70:15030|dataStream:10.1.0.70:15033|priority:1|startupRole:FOLLOWER, 28fc21f1-0f1b-4853-8334-7fb4bdc0ccf0|rpc:10.1.0.70:15014|admin:10.1.0.70:15013|client:10.1.0.70:15012|dataStream:10.1.0.70:15015|priority:0|startupRole:FOLLOWER]|listeners:[], old=null, confs=<EMPTY_MAP>
2023-09-29 12:51:21,324 [9305807b-68e0-4de4-9f06-795e0c374ac6-groupManagement] INFO  server.RaftServerConfigKeys (ConfUtils.java:logGet(46)) - raft.server.storage.dir = [/home/runner/work/ozone/ozone/hadoop-ozone/integration-test/target/test-dir/MiniOzoneClusterImpl-811b16cb-c214-4c75-bdb2-1b437bba6cdf/datanode-2/data/ratis] (custom)
2023-09-29 12:51:21,324 [9305807b-68e0-4de4-9f06-795e0c374ac6-groupManagement] INFO  server.RaftServerConfigKeys (ConfUtils.java:logGet(46)) - raft.server.log.corruption.policy = EXCEPTION (default)
2023-09-29 12:51:21,324 [9305807b-68e0-4de4-9f06-795e0c374ac6-groupManagement] INFO  server.RaftServerConfigKeys (ConfUtils.java:logGet(46)) - raft.server.storage.free-space.min = 0MB (=0) (default)
2023-09-29 12:51:21,324 [9305807b-68e0-4de4-9f06-795e0c374ac6-groupManagement] INFO  server.RaftServerConfigKeys (ConfUtils.java:logGet(46)) - raft.server.notification.no-leader.timeout = 300s (custom)
2023-09-29 12:51:21,324 [9305807b-68e0-4de4-9f06-795e0c374ac6-groupManagement] INFO  server.RaftServerConfigKeys (ConfUtils.java:logGet(46)) - raft.server.read.timeout = 10s (default)
2023-09-29 12:51:21,325 [9305807b-68e0-4de4-9f06-795e0c374ac6-groupManagement] INFO  server.RaftServerConfigKeys (ConfUtils.java:logGet(46)) - raft.server.retrycache.expirytime = 600000ms (custom)
2023-09-29 12:51:21,325 [9305807b-68e0-4de4-9f06-795e0c374ac6-groupManagement] INFO  server.RaftServerConfigKeys (ConfUtils.java:logGet(46)) - raft.server.retrycache.statistics.expirytime = 100μs (default)
2023-09-29 12:51:21,325 [9305807b-68e0-4de4-9f06-795e0c374ac6-groupManagement] INFO  server.RaftServerConfigKeys (ConfUtils.java:logGet(46)) - raft.server.read.option = DEFAULT (default)
2023-09-29 12:51:21,332 [9305807b-68e0-4de4-9f06-795e0c374ac6-groupManagement] INFO  server.RaftServerConfigKeys (ConfUtils.java:logGet(46)) - raft.server.rpc.request.timeout = 60s (custom)
2023-09-29 12:51:21,332 [9305807b-68e0-4de4-9f06-795e0c374ac6-groupManagement] INFO  server.RaftServerConfigKeys (ConfUtils.java:logGet(46)) - raft.server.log.appender.install.snapshot.enabled = false (custom)
2023-09-29 12:51:21,332 [9305807b-68e0-4de4-9f06-795e0c374ac6-groupManagement] INFO  server.RaftServerConfigKeys (ConfUtils.java:logGet(46)) - raft.server.threadpool.server.cached = true (default)
2023-09-29 12:51:21,332 [9305807b-68e0-4de4-9f06-795e0c374ac6-groupManagement] INFO  server.RaftServerConfigKeys (ConfUtils.java:logGet(46)) - raft.server.threadpool.server.size = 0 (default)
2023-09-29 12:51:21,332 [9305807b-68e0-4de4-9f06-795e0c374ac6-groupManagement] INFO  server.RaftServerConfigKeys (ConfUtils.java:logGet(46)) - raft.server.threadpool.client.cached = true (default)
2023-09-29 12:51:21,332 [9305807b-68e0-4de4-9f06-795e0c374ac6-groupManagement] INFO  server.RaftServerConfigKeys (ConfUtils.java:logGet(46)) - raft.server.threadpool.client.size = 0 (default)
2023-09-29 12:51:21,332 [9305807b-68e0-4de4-9f06-795e0c374ac6-groupManagement] INFO  storage.RaftStorageDirectory (RaftStorageDirectoryImpl.java:analyzeStorage(137)) - The storage directory /home/runner/work/ozone/ozone/hadoop-ozone/integration-test/target/test-dir/MiniOzoneClusterImpl-811b16cb-c214-4c75-bdb2-1b437bba6cdf/datanode-2/data/ratis/f1bd389d-45ed-4fca-9700-d84cb1adcb76 does not exist. Creating ...
2023-09-29 12:51:21,339 [9305807b-68e0-4de4-9f06-795e0c374ac6-groupManagement] INFO  storage.RaftStorageDirectory (RaftStorageDirectoryImpl.java:tryLock(231)) - Lock on /home/runner/work/ozone/ozone/hadoop-ozone/integration-test/target/test-dir/MiniOzoneClusterImpl-811b16cb-c214-4c75-bdb2-1b437bba6cdf/datanode-2/data/ratis/f1bd389d-45ed-4fca-9700-d84cb1adcb76/in_use.lock acquired by nodename 70928@fv-az238-384
2023-09-29 12:51:21,344 [9305807b-68e0-4de4-9f06-795e0c374ac6-groupManagement] INFO  storage.RaftStorage (RaftStorageImpl.java:format(96)) - Storage directory /home/runner/work/ozone/ozone/hadoop-ozone/integration-test/target/test-dir/MiniOzoneClusterImpl-811b16cb-c214-4c75-bdb2-1b437bba6cdf/datanode-2/data/ratis/f1bd389d-45ed-4fca-9700-d84cb1adcb76 has been successfully formatted.
2023-09-29 12:51:21,347 [9305807b-68e0-4de4-9f06-795e0c374ac6-groupManagement] INFO  ratis.ContainerStateMachine (ContainerStateMachine.java:loadSnapshot(262)) - group-D84CB1ADCB76: The snapshot info is null. Setting the last applied indexto:(t:0, i:~)
2023-09-29 12:51:21,350 [9305807b-68e0-4de4-9f06-795e0c374ac6-groupManagement] INFO  server.RaftServerConfigKeys (ConfUtils.java:logGet(46)) - raft.server.log.use.memory = false (default)
2023-09-29 12:51:21,351 [9305807b-68e0-4de4-9f06-795e0c374ac6-groupManagement] INFO  server.RaftServerConfigKeys (ConfUtils.java:logGet(46)) - raft.server.log.purge.gap = 1000000 (custom)
2023-09-29 12:51:21,351 [9305807b-68e0-4de4-9f06-795e0c374ac6-groupManagement] INFO  server.RaftServerConfigKeys (ConfUtils.java:logGet(46)) - raft.server.log.appender.buffer.byte-limit = 33554432 (custom)
2023-09-29 12:51:21,351 [9305807b-68e0-4de4-9f06-795e0c374ac6-groupManagement] INFO  server.RaftServerConfigKeys (ConfUtils.java:logGet(46)) - raft.server.log.statemachine.data.read.timeout = 1000ms (default)
2023-09-29 12:51:21,351 [9305807b-68e0-4de4-9f06-795e0c374ac6-groupManagement] INFO  server.RaftServerConfigKeys (ConfUtils.java:logGet(46)) - raft.server.log.purge.preservation.log.num = 0 (default)
2023-09-29 12:51:21,351 [9305807b-68e0-4de4-9f06-795e0c374ac6-groupManagement] INFO  server.RaftServerConfigKeys (ConfUtils.java:logGet(46)) - raft.server.log.segment.size.max = 1048576 (custom)
2023-09-29 12:51:21,352 [9305807b-68e0-4de4-9f06-795e0c374ac6-groupManagement] INFO  server.RaftServerConfigKeys (ConfUtils.java:logGet(46)) - raft.server.log.segment.cache.num.max = 2 (custom)
2023-09-29 12:51:21,352 [9305807b-68e0-4de4-9f06-795e0c374ac6-groupManagement] INFO  server.RaftServerConfigKeys (ConfUtils.java:logGet(46)) - raft.server.log.segment.cache.size.max = 200MB (=209715200) (default)
2023-09-29 12:51:21,354 [9305807b-68e0-4de4-9f06-795e0c374ac6-groupManagement] INFO  server.RaftServerConfigKeys (ConfUtils.java:logGet(46)) - raft.server.log.appender.buffer.byte-limit = 33554432 (custom)
2023-09-29 12:51:21,354 [9305807b-68e0-4de4-9f06-795e0c374ac6-groupManagement] INFO  segmented.SegmentedRaftLogWorker (SegmentedRaftLogWorker.java:<init>(188)) - new 9305807b-68e0-4de4-9f06-795e0c374ac6@group-D84CB1ADCB76-SegmentedRaftLogWorker for RaftStorageImpl:Storage Directory /home/runner/work/ozone/ozone/hadoop-ozone/integration-test/target/test-dir/MiniOzoneClusterImpl-811b16cb-c214-4c75-bdb2-1b437bba6cdf/datanode-2/data/ratis/f1bd389d-45ed-4fca-9700-d84cb1adcb76
2023-09-29 12:51:21,354 [9305807b-68e0-4de4-9f06-795e0c374ac6-groupManagement] INFO  server.RaftServerConfigKeys (ConfUtils.java:logGet(46)) - raft.server.log.queue.byte-limit = 4294967296 (custom)
2023-09-29 12:51:21,355 [9305807b-68e0-4de4-9f06-795e0c374ac6-groupManagement] INFO  server.RaftServerConfigKeys (ConfUtils.java:logGet(46)) - raft.server.log.queue.element-limit = 1024 (custom)
2023-09-29 12:51:21,355 [9305807b-68e0-4de4-9f06-795e0c374ac6-groupManagement] INFO  server.RaftServerConfigKeys (ConfUtils.java:logGet(46)) - raft.server.log.segment.size.max = 1048576 (custom)
2023-09-29 12:51:21,355 [9305807b-68e0-4de4-9f06-795e0c374ac6-groupManagement] INFO  server.RaftServerConfigKeys (ConfUtils.java:logGet(46)) - raft.server.log.preallocated.size = 16384 (custom)
2023-09-29 12:51:21,355 [9305807b-68e0-4de4-9f06-795e0c374ac6-groupManagement] INFO  server.RaftServerConfigKeys (ConfUtils.java:logGet(46)) - raft.server.log.force.sync.num = 128 (default)
2023-09-29 12:51:21,355 [9305807b-68e0-4de4-9f06-795e0c374ac6-groupManagement] INFO  server.RaftServerConfigKeys (ConfUtils.java:logGet(46)) - raft.server.log.statemachine.data.sync = true (default)
2023-09-29 12:51:21,355 [9305807b-68e0-4de4-9f06-795e0c374ac6-groupManagement] INFO  server.RaftServerConfigKeys (ConfUtils.java:logGet(46)) - raft.server.log.statemachine.data.sync.timeout = 10s (default)
2023-09-29 12:51:21,355 [9305807b-68e0-4de4-9f06-795e0c374ac6-groupManagement] INFO  server.RaftServerConfigKeys (ConfUtils.java:logGet(46)) - raft.server.log.statemachine.data.sync.timeout.retry = -1 (default)
2023-09-29 12:51:21,360 [9305807b-68e0-4de4-9f06-795e0c374ac6-groupManagement] INFO  server.RaftServerConfigKeys (ConfUtils.java:logGet(46)) - raft.server.log.write.buffer.size = 1048576 (custom)
2023-09-29 12:51:21,361 [9305807b-68e0-4de4-9f06-795e0c374ac6-groupManagement] INFO  server.RaftServerConfigKeys (ConfUtils.java:logGet(46)) - raft.server.log.appender.buffer.byte-limit = 33554432 (custom)
2023-09-29 12:51:21,375 [9305807b-68e0-4de4-9f06-795e0c374ac6-groupManagement] INFO  server.RaftServerConfigKeys (ConfUtils.java:logGet(46)) - raft.server.log.unsafe-flush.enabled = false (default)
2023-09-29 12:51:21,375 [9305807b-68e0-4de4-9f06-795e0c374ac6-groupManagement] INFO  server.RaftServerConfigKeys (ConfUtils.java:logGet(46)) - raft.server.log.async-flush.enabled = false (default)
2023-09-29 12:51:21,375 [9305807b-68e0-4de4-9f06-795e0c374ac6-groupManagement] INFO  server.RaftServerConfigKeys (ConfUtils.java:logGet(46)) - raft.server.log.statemachine.data.caching.enabled = true (custom)
2023-09-29 12:51:21,375 [9305807b-68e0-4de4-9f06-795e0c374ac6-groupManagement] INFO  segmented.SegmentedRaftLogWorker (SegmentedRaftLogWorker.java:lambda$new$0(135)) - 9305807b-68e0-4de4-9f06-795e0c374ac6@group-D84CB1ADCB76-SegmentedRaftLogWorker: flushIndex: setUnconditionally 0 -> -1
2023-09-29 12:51:21,377 [9305807b-68e0-4de4-9f06-795e0c374ac6-groupManagement] INFO  segmented.SegmentedRaftLogWorker (SegmentedRaftLogWorker.java:lambda$new$0(135)) - 9305807b-68e0-4de4-9f06-795e0c374ac6@group-D84CB1ADCB76-SegmentedRaftLogWorker: safeCacheEvictIndex: setUnconditionally 0 -> -1
2023-09-29 12:51:21,387 [9305807b-68e0-4de4-9f06-795e0c374ac6-groupManagement] INFO  server.RaftServer$Division (RaftServerImpl.java:start(342)) - 9305807b-68e0-4de4-9f06-795e0c374ac6@group-D84CB1ADCB76: start as a follower, conf=-1: peers:[5317d628-7528-4015-930b-d89d4a444778|rpc:10.1.0.70:15023|admin:10.1.0.70:15022|client:10.1.0.70:15021|dataStream:10.1.0.70:15024|priority:0|startupRole:FOLLOWER, 9305807b-68e0-4de4-9f06-795e0c374ac6|rpc:10.1.0.70:15032|admin:10.1.0.70:15031|client:10.1.0.70:15030|dataStream:10.1.0.70:15033|priority:1|startupRole:FOLLOWER, 28fc21f1-0f1b-4853-8334-7fb4bdc0ccf0|rpc:10.1.0.70:15014|admin:10.1.0.70:15013|client:10.1.0.70:15012|dataStream:10.1.0.70:15015|priority:0|startupRole:FOLLOWER]|listeners:[], old=null
2023-09-29 12:51:21,387 [9305807b-68e0-4de4-9f06-795e0c374ac6-groupManagement] INFO  server.RaftServer$Division (RaftServerImpl.java:setRole(329)) - 9305807b-68e0-4de4-9f06-795e0c374ac6@group-D84CB1ADCB76: changes role from      null to FOLLOWER at term 0 for startAsFollower
2023-09-29 12:51:21,387 [9305807b-68e0-4de4-9f06-795e0c374ac6-groupManagement] INFO  impl.RoleInfo (RoleInfo.java:updateAndGet(139)) - 9305807b-68e0-4de4-9f06-795e0c374ac6: start 9305807b-68e0-4de4-9f06-795e0c374ac6@group-D84CB1ADCB76-FollowerState
2023-09-29 12:51:21,391 [9305807b-68e0-4de4-9f06-795e0c374ac6-groupManagement] INFO  util.JmxRegister (JmxRegister.java:tryRegister(44)) - Successfully registered JMX Bean with object name Ratis:service=RaftServer,group=group-D84CB1ADCB76,id=9305807b-68e0-4de4-9f06-795e0c374ac6
2023-09-29 12:51:21,391 [9305807b-68e0-4de4-9f06-795e0c374ac6-groupManagement] INFO  server.RaftServerConfigKeys (ConfUtils.java:logGet(46)) - raft.server.snapshot.auto.trigger.enabled = true (custom)
2023-09-29 12:51:21,391 [9305807b-68e0-4de4-9f06-795e0c374ac6-groupManagement] INFO  server.RaftServerConfigKeys (ConfUtils.java:logGet(46)) - raft.server.snapshot.auto.trigger.threshold = 10000 (custom)
2023-09-29 12:51:21,391 [9305807b-68e0-4de4-9f06-795e0c374ac6-groupManagement] INFO  server.RaftServerConfigKeys (ConfUtils.java:logGet(46)) - raft.server.snapshot.retention.file.num = 5 (custom)
2023-09-29 12:51:21,391 [9305807b-68e0-4de4-9f06-795e0c374ac6-groupManagement] INFO  server.RaftServerConfigKeys (ConfUtils.java:logGet(46)) - raft.server.log.purge.upto.snapshot.index = false (default)
2023-09-29 12:51:21,392 [9305807b-68e0-4de4-9f06-795e0c374ac6@group-D84CB1ADCB76-FollowerState] INFO  server.RaftServerConfigKeys (ConfUtils.java:logFallback(53)) - raft.server.rpc.first-election.timeout.min = 5s (fallback to raft.server.rpc.timeout.min)
2023-09-29 12:51:21,397 [9305807b-68e0-4de4-9f06-795e0c374ac6@group-D84CB1ADCB76-FollowerState] INFO  server.RaftServerConfigKeys (ConfUtils.java:logFallback(53)) - raft.server.rpc.first-election.timeout.max = 5200ms (fallback to raft.server.rpc.timeout.max)
2023-09-29 12:51:21,445 [9305807b-68e0-4de4-9f06-795e0c374ac6-groupManagement] INFO  server.RaftServer$Division (RaftServerImpl.java:<init>(198)) - 9305807b-68e0-4de4-9f06-795e0c374ac6: new RaftServerImpl for group-8CC713DA5931:[9305807b-68e0-4de4-9f06-795e0c374ac6|rpc:10.1.0.70:15032|admin:10.1.0.70:15031|client:10.1.0.70:15030|dataStream:10.1.0.70:15033|priority:1|startupRole:FOLLOWER] with ContainerStateMachine:uninitialized
2023-09-29 12:51:21,445 [9305807b-68e0-4de4-9f06-795e0c374ac6-groupManagement] INFO  server.RaftServerConfigKeys (ConfUtils.java:logGet(46)) - raft.server.rpc.timeout.min = 5s (custom)
2023-09-29 12:51:21,445 [9305807b-68e0-4de4-9f06-795e0c374ac6-groupManagement] INFO  server.RaftServerConfigKeys (ConfUtils.java:logGet(46)) - raft.server.rpc.timeout.max = 5200ms (custom)
2023-09-29 12:51:21,445 [9305807b-68e0-4de4-9f06-795e0c374ac6-groupManagement] INFO  server.RaftServerConfigKeys (ConfUtils.java:logGet(46)) - raft.server.rpc.sleep.time = 25ms (default)
2023-09-29 12:51:21,445 [9305807b-68e0-4de4-9f06-795e0c374ac6-groupManagement] INFO  server.RaftServerConfigKeys (ConfUtils.java:logGet(46)) - raft.server.rpc.slowness.timeout = 300s (custom)
2023-09-29 12:51:21,445 [9305807b-68e0-4de4-9f06-795e0c374ac6-groupManagement] INFO  server.RaftServerConfigKeys (ConfUtils.java:logGet(46)) - raft.server.leaderelection.leader.step-down.wait-time = 10s (default)
2023-09-29 12:51:21,445 [9305807b-68e0-4de4-9f06-795e0c374ac6-groupManagement] INFO  server.RaftServerConfigKeys (ConfUtils.java:logGet(46)) - raft.server.sleep.deviation.threshold = 300ms (default)
2023-09-29 12:51:21,446 [9305807b-68e0-4de4-9f06-795e0c374ac6-groupManagement] INFO  server.RaftServer$Division (ServerState.java:<init>(120)) - 9305807b-68e0-4de4-9f06-795e0c374ac6@group-8CC713DA5931: ConfigurationManager, init=-1: peers:[9305807b-68e0-4de4-9f06-795e0c374ac6|rpc:10.1.0.70:15032|admin:10.1.0.70:15031|client:10.1.0.70:15030|dataStream:10.1.0.70:15033|priority:1|startupRole:FOLLOWER]|listeners:[], old=null, confs=<EMPTY_MAP>
2023-09-29 12:51:21,446 [9305807b-68e0-4de4-9f06-795e0c374ac6-groupManagement] INFO  server.RaftServerConfigKeys (ConfUtils.java:logGet(46)) - raft.server.storage.dir = [/home/runner/work/ozone/ozone/hadoop-ozone/integration-test/target/test-dir/MiniOzoneClusterImpl-811b16cb-c214-4c75-bdb2-1b437bba6cdf/datanode-2/data/ratis] (custom)
2023-09-29 12:51:21,446 [9305807b-68e0-4de4-9f06-795e0c374ac6-groupManagement] INFO  server.RaftServerConfigKeys (ConfUtils.java:logGet(46)) - raft.server.log.corruption.policy = EXCEPTION (default)
2023-09-29 12:51:21,446 [9305807b-68e0-4de4-9f06-795e0c374ac6-groupManagement] INFO  server.RaftServerConfigKeys (ConfUtils.java:logGet(46)) - raft.server.storage.free-space.min = 0MB (=0) (default)
2023-09-29 12:51:21,446 [9305807b-68e0-4de4-9f06-795e0c374ac6-groupManagement] INFO  server.RaftServerConfigKeys (ConfUtils.java:logGet(46)) - raft.server.notification.no-leader.timeout = 300s (custom)
2023-09-29 12:51:21,446 [9305807b-68e0-4de4-9f06-795e0c374ac6-groupManagement] INFO  server.RaftServerConfigKeys (ConfUtils.java:logGet(46)) - raft.server.read.timeout = 10s (default)
2023-09-29 12:51:21,446 [9305807b-68e0-4de4-9f06-795e0c374ac6-groupManagement] INFO  server.RaftServerConfigKeys (ConfUtils.java:logGet(46)) - raft.server.retrycache.expirytime = 600000ms (custom)
2023-09-29 12:51:21,446 [9305807b-68e0-4de4-9f06-795e0c374ac6-groupManagement] INFO  server.RaftServerConfigKeys (ConfUtils.java:logGet(46)) - raft.server.retrycache.statistics.expirytime = 100μs (default)
2023-09-29 12:51:21,446 [9305807b-68e0-4de4-9f06-795e0c374ac6-groupManagement] INFO  server.RaftServerConfigKeys (ConfUtils.java:logGet(46)) - raft.server.read.option = DEFAULT (default)
2023-09-29 12:51:21,455 [9305807b-68e0-4de4-9f06-795e0c374ac6-groupManagement] INFO  server.RaftServerConfigKeys (ConfUtils.java:logGet(46)) - raft.server.rpc.request.timeout = 60s (custom)
2023-09-29 12:51:21,455 [9305807b-68e0-4de4-9f06-795e0c374ac6-groupManagement] INFO  server.RaftServerConfigKeys (ConfUtils.java:logGet(46)) - raft.server.log.appender.install.snapshot.enabled = false (custom)
2023-09-29 12:51:21,455 [9305807b-68e0-4de4-9f06-795e0c374ac6-groupManagement] INFO  server.RaftServerConfigKeys (ConfUtils.java:logGet(46)) - raft.server.threadpool.server.cached = true (default)
2023-09-29 12:51:21,455 [9305807b-68e0-4de4-9f06-795e0c374ac6-groupManagement] INFO  server.RaftServerConfigKeys (ConfUtils.java:logGet(46)) - raft.server.threadpool.server.size = 0 (default)
2023-09-29 12:51:21,455 [9305807b-68e0-4de4-9f06-795e0c374ac6-groupManagement] INFO  server.RaftServerConfigKeys (ConfUtils.java:logGet(46)) - raft.server.threadpool.client.cached = true (default)
2023-09-29 12:51:21,456 [9305807b-68e0-4de4-9f06-795e0c374ac6-groupManagement] INFO  server.RaftServerConfigKeys (ConfUtils.java:logGet(46)) - raft.server.threadpool.client.size = 0 (default)
2023-09-29 12:51:21,460 [PipelineCommandHandlerThread-0] INFO  server.RaftServer (RaftServerProxy.java:addNew(98)) - 9305807b-68e0-4de4-9f06-795e0c374ac6: addNew group-8CC713DA5931:[9305807b-68e0-4de4-9f06-795e0c374ac6|rpc:10.1.0.70:15032|admin:10.1.0.70:15031|client:10.1.0.70:15030|dataStream:10.1.0.70:15033|priority:1|startupRole:FOLLOWER] returns group-8CC713DA5931:java.util.concurrent.CompletableFuture@40d0d1c3[Not completed]
2023-09-29 12:51:21,461 [9305807b-68e0-4de4-9f06-795e0c374ac6-groupManagement] INFO  storage.RaftStorageDirectory (RaftStorageDirectoryImpl.java:analyzeStorage(137)) - The storage directory /home/runner/work/ozone/ozone/hadoop-ozone/integration-test/target/test-dir/MiniOzoneClusterImpl-811b16cb-c214-4c75-bdb2-1b437bba6cdf/datanode-2/data/ratis/00044fda-cf71-4d00-9eb5-8cc713da5931 does not exist. Creating ...
2023-09-29 12:51:21,464 [9305807b-68e0-4de4-9f06-795e0c374ac6-groupManagement] INFO  storage.RaftStorageDirectory (RaftStorageDirectoryImpl.java:tryLock(231)) - Lock on /home/runner/work/ozone/ozone/hadoop-ozone/integration-test/target/test-dir/MiniOzoneClusterImpl-811b16cb-c214-4c75-bdb2-1b437bba6cdf/datanode-2/data/ratis/00044fda-cf71-4d00-9eb5-8cc713da5931/in_use.lock acquired by nodename 70928@fv-az238-384
2023-09-29 12:51:21,469 [9305807b-68e0-4de4-9f06-795e0c374ac6-groupManagement] INFO  storage.RaftStorage (RaftStorageImpl.java:format(96)) - Storage directory /home/runner/work/ozone/ozone/hadoop-ozone/integration-test/target/test-dir/MiniOzoneClusterImpl-811b16cb-c214-4c75-bdb2-1b437bba6cdf/datanode-2/data/ratis/00044fda-cf71-4d00-9eb5-8cc713da5931 has been successfully formatted.
2023-09-29 12:51:21,469 [9305807b-68e0-4de4-9f06-795e0c374ac6-groupManagement] INFO  ratis.ContainerStateMachine (ContainerStateMachine.java:loadSnapshot(262)) - group-8CC713DA5931: The snapshot info is null. Setting the last applied indexto:(t:0, i:~)
2023-09-29 12:51:21,469 [9305807b-68e0-4de4-9f06-795e0c374ac6-groupManagement] INFO  server.RaftServerConfigKeys (ConfUtils.java:logGet(46)) - raft.server.log.use.memory = false (default)
2023-09-29 12:51:21,469 [9305807b-68e0-4de4-9f06-795e0c374ac6-groupManagement] INFO  server.RaftServerConfigKeys (ConfUtils.java:logGet(46)) - raft.server.log.purge.gap = 1000000 (custom)
2023-09-29 12:51:21,469 [9305807b-68e0-4de4-9f06-795e0c374ac6-groupManagement] INFO  server.RaftServerConfigKeys (ConfUtils.java:logGet(46)) - raft.server.log.appender.buffer.byte-limit = 33554432 (custom)
2023-09-29 12:51:21,469 [9305807b-68e0-4de4-9f06-795e0c374ac6-groupManagement] INFO  server.RaftServerConfigKeys (ConfUtils.java:logGet(46)) - raft.server.log.statemachine.data.read.timeout = 1000ms (default)
2023-09-29 12:51:21,470 [9305807b-68e0-4de4-9f06-795e0c374ac6-groupManagement] INFO  server.RaftServerConfigKeys (ConfUtils.java:logGet(46)) - raft.server.log.purge.preservation.log.num = 0 (default)
2023-09-29 12:51:21,470 [9305807b-68e0-4de4-9f06-795e0c374ac6-groupManagement] INFO  server.RaftServerConfigKeys (ConfUtils.java:logGet(46)) - raft.server.log.segment.size.max = 1048576 (custom)
2023-09-29 12:51:21,473 [9305807b-68e0-4de4-9f06-795e0c374ac6-groupManagement] INFO  server.RaftServerConfigKeys (ConfUtils.java:logGet(46)) - raft.server.log.segment.cache.num.max = 2 (custom)
2023-09-29 12:51:21,473 [9305807b-68e0-4de4-9f06-795e0c374ac6-groupManagement] INFO  server.RaftServerConfigKeys (ConfUtils.java:logGet(46)) - raft.server.log.segment.cache.size.max = 200MB (=209715200) (default)
2023-09-29 12:51:21,473 [9305807b-68e0-4de4-9f06-795e0c374ac6-groupManagement] INFO  server.RaftServerConfigKeys (ConfUtils.java:logGet(46)) - raft.server.log.appender.buffer.byte-limit = 33554432 (custom)
2023-09-29 12:51:21,473 [9305807b-68e0-4de4-9f06-795e0c374ac6-groupManagement] INFO  segmented.SegmentedRaftLogWorker (SegmentedRaftLogWorker.java:<init>(188)) - new 9305807b-68e0-4de4-9f06-795e0c374ac6@group-8CC713DA5931-SegmentedRaftLogWorker for RaftStorageImpl:Storage Directory /home/runner/work/ozone/ozone/hadoop-ozone/integration-test/target/test-dir/MiniOzoneClusterImpl-811b16cb-c214-4c75-bdb2-1b437bba6cdf/datanode-2/data/ratis/00044fda-cf71-4d00-9eb5-8cc713da5931
2023-09-29 12:51:21,473 [9305807b-68e0-4de4-9f06-795e0c374ac6-groupManagement] INFO  server.RaftServerConfigKeys (ConfUtils.java:logGet(46)) - raft.server.log.queue.byte-limit = 4294967296 (custom)
2023-09-29 12:51:21,473 [9305807b-68e0-4de4-9f06-795e0c374ac6-groupManagement] INFO  server.RaftServerConfigKeys (ConfUtils.java:logGet(46)) - raft.server.log.queue.element-limit = 1024 (custom)
2023-09-29 12:51:21,474 [9305807b-68e0-4de4-9f06-795e0c374ac6-groupManagement] INFO  server.RaftServerConfigKeys (ConfUtils.java:logGet(46)) - raft.server.log.segment.size.max = 1048576 (custom)
2023-09-29 12:51:21,474 [9305807b-68e0-4de4-9f06-795e0c374ac6-groupManagement] INFO  server.RaftServerConfigKeys (ConfUtils.java:logGet(46)) - raft.server.log.preallocated.size = 16384 (custom)
2023-09-29 12:51:21,474 [9305807b-68e0-4de4-9f06-795e0c374ac6-groupManagement] INFO  server.RaftServerConfigKeys (ConfUtils.java:logGet(46)) - raft.server.log.force.sync.num = 128 (default)
2023-09-29 12:51:21,474 [9305807b-68e0-4de4-9f06-795e0c374ac6-groupManagement] INFO  server.RaftServerConfigKeys (ConfUtils.java:logGet(46)) - raft.server.log.statemachine.data.sync = true (default)
2023-09-29 12:51:21,474 [9305807b-68e0-4de4-9f06-795e0c374ac6-groupManagement] INFO  server.RaftServerConfigKeys (ConfUtils.java:logGet(46)) - raft.server.log.statemachine.data.sync.timeout = 10s (default)
2023-09-29 12:51:21,474 [9305807b-68e0-4de4-9f06-795e0c374ac6-groupManagement] INFO  server.RaftServerConfigKeys (ConfUtils.java:logGet(46)) - raft.server.log.statemachine.data.sync.timeout.retry = -1 (default)
2023-09-29 12:51:21,474 [EventQueue-PipelineReportForPipelineReportHandler] INFO  pipeline.PipelineReportHandler (PipelineReportHandler.java:processPipelineReport(136)) - Opened pipeline PipelineID=00044fda-cf71-4d00-9eb5-8cc713da5931
2023-09-29 12:51:21,474 [EventQueue-OpenPipelineForHealthyPipelineSafeModeRule] INFO  safemode.SCMSafeModeManager (HealthyPipelineSafeModeRule.java:process(137)) - SCM in safe mode. Healthy pipelines reported count is 0, required healthy pipeline reported count is 1
2023-09-29 12:51:21,478 [9305807b-68e0-4de4-9f06-795e0c374ac6-groupManagement] INFO  server.RaftServerConfigKeys (ConfUtils.java:logGet(46)) - raft.server.log.write.buffer.size = 1048576 (custom)
2023-09-29 12:51:21,478 [9305807b-68e0-4de4-9f06-795e0c374ac6-groupManagement] INFO  server.RaftServerConfigKeys (ConfUtils.java:logGet(46)) - raft.server.log.appender.buffer.byte-limit = 33554432 (custom)
2023-09-29 12:51:21,491 [9305807b-68e0-4de4-9f06-795e0c374ac6-groupManagement] INFO  server.RaftServerConfigKeys (ConfUtils.java:logGet(46)) - raft.server.log.unsafe-flush.enabled = false (default)
2023-09-29 12:51:21,491 [9305807b-68e0-4de4-9f06-795e0c374ac6-groupManagement] INFO  server.RaftServerConfigKeys (ConfUtils.java:logGet(46)) - raft.server.log.async-flush.enabled = false (default)
2023-09-29 12:51:21,491 [9305807b-68e0-4de4-9f06-795e0c374ac6-groupManagement] INFO  server.RaftServerConfigKeys (ConfUtils.java:logGet(46)) - raft.server.log.statemachine.data.caching.enabled = true (custom)
2023-09-29 12:51:21,492 [9305807b-68e0-4de4-9f06-795e0c374ac6-groupManagement] INFO  segmented.SegmentedRaftLogWorker (SegmentedRaftLogWorker.java:lambda$new$0(135)) - 9305807b-68e0-4de4-9f06-795e0c374ac6@group-8CC713DA5931-SegmentedRaftLogWorker: flushIndex: setUnconditionally 0 -> -1
2023-09-29 12:51:21,492 [9305807b-68e0-4de4-9f06-795e0c374ac6-groupManagement] INFO  segmented.SegmentedRaftLogWorker (SegmentedRaftLogWorker.java:lambda$new$0(135)) - 9305807b-68e0-4de4-9f06-795e0c374ac6@group-8CC713DA5931-SegmentedRaftLogWorker: safeCacheEvictIndex: setUnconditionally 0 -> -1
2023-09-29 12:51:21,493 [9305807b-68e0-4de4-9f06-795e0c374ac6-groupManagement] INFO  server.RaftServer$Division (RaftServerImpl.java:start(342)) - 9305807b-68e0-4de4-9f06-795e0c374ac6@group-8CC713DA5931: start as a follower, conf=-1: peers:[9305807b-68e0-4de4-9f06-795e0c374ac6|rpc:10.1.0.70:15032|admin:10.1.0.70:15031|client:10.1.0.70:15030|dataStream:10.1.0.70:15033|priority:1|startupRole:FOLLOWER]|listeners:[], old=null
2023-09-29 12:51:21,493 [9305807b-68e0-4de4-9f06-795e0c374ac6-groupManagement] INFO  server.RaftServer$Division (RaftServerImpl.java:setRole(329)) - 9305807b-68e0-4de4-9f06-795e0c374ac6@group-8CC713DA5931: changes role from      null to FOLLOWER at term 0 for startAsFollower
2023-09-29 12:51:21,493 [9305807b-68e0-4de4-9f06-795e0c374ac6-groupManagement] INFO  impl.RoleInfo (RoleInfo.java:updateAndGet(139)) - 9305807b-68e0-4de4-9f06-795e0c374ac6: start 9305807b-68e0-4de4-9f06-795e0c374ac6@group-8CC713DA5931-FollowerState
2023-09-29 12:51:21,495 [9305807b-68e0-4de4-9f06-795e0c374ac6-groupManagement] INFO  util.JmxRegister (JmxRegister.java:tryRegister(44)) - Successfully registered JMX Bean with object name Ratis:service=RaftServer,group=group-8CC713DA5931,id=9305807b-68e0-4de4-9f06-795e0c374ac6
2023-09-29 12:51:21,495 [9305807b-68e0-4de4-9f06-795e0c374ac6-groupManagement] INFO  server.RaftServerConfigKeys (ConfUtils.java:logGet(46)) - raft.server.snapshot.auto.trigger.enabled = true (custom)
2023-09-29 12:51:21,495 [9305807b-68e0-4de4-9f06-795e0c374ac6-groupManagement] INFO  server.RaftServerConfigKeys (ConfUtils.java:logGet(46)) - raft.server.snapshot.auto.trigger.threshold = 10000 (custom)
2023-09-29 12:51:21,495 [9305807b-68e0-4de4-9f06-795e0c374ac6-groupManagement] INFO  server.RaftServerConfigKeys (ConfUtils.java:logGet(46)) - raft.server.snapshot.retention.file.num = 5 (custom)
2023-09-29 12:51:21,495 [9305807b-68e0-4de4-9f06-795e0c374ac6-groupManagement] INFO  server.RaftServerConfigKeys (ConfUtils.java:logGet(46)) - raft.server.log.purge.upto.snapshot.index = false (default)
2023-09-29 12:51:21,496 [9305807b-68e0-4de4-9f06-795e0c374ac6@group-8CC713DA5931-FollowerState] INFO  server.RaftServerConfigKeys (ConfUtils.java:logFallback(53)) - raft.server.rpc.first-election.timeout.min = 5s (fallback to raft.server.rpc.timeout.min)
2023-09-29 12:51:21,496 [9305807b-68e0-4de4-9f06-795e0c374ac6@group-8CC713DA5931-FollowerState] INFO  server.RaftServerConfigKeys (ConfUtils.java:logFallback(53)) - raft.server.rpc.first-election.timeout.max = 5200ms (fallback to raft.server.rpc.timeout.max)
2023-09-29 12:51:21,500 [PipelineCommandHandlerThread-0] INFO  ratis.XceiverServerRatis (XceiverServerRatis.java:addGroup(804)) - Created group PipelineID=00044fda-cf71-4d00-9eb5-8cc713da5931
2023-09-29 12:51:21,500 [PipelineCommandHandlerThread-0] INFO  commandhandler.CreatePipelineCommandHandler (CreatePipelineCommandHandler.java:lambda$handle$2(124)) - Created Pipeline RATIS ONE PipelineID=00044fda-cf71-4d00-9eb5-8cc713da5931.
2023-09-29 12:51:21,500 [PipelineCommandHandlerThread-0] INFO  server.RaftServer (RaftServerProxy.java:addNew(98)) - 9305807b-68e0-4de4-9f06-795e0c374ac6: addNew group-BAC3D6A46238:[5317d628-7528-4015-930b-d89d4a444778|rpc:10.1.0.70:15023|admin:10.1.0.70:15022|client:10.1.0.70:15021|dataStream:10.1.0.70:15024|priority:0|startupRole:FOLLOWER, 9305807b-68e0-4de4-9f06-795e0c374ac6|rpc:10.1.0.70:15032|admin:10.1.0.70:15031|client:10.1.0.70:15030|dataStream:10.1.0.70:15033|priority:0|startupRole:FOLLOWER, 28fc21f1-0f1b-4853-8334-7fb4bdc0ccf0|rpc:10.1.0.70:15014|admin:10.1.0.70:15013|client:10.1.0.70:15012|dataStream:10.1.0.70:15015|priority:1|startupRole:FOLLOWER] returns group-BAC3D6A46238:java.util.concurrent.CompletableFuture@4e1727a9[Not completed]
2023-09-29 12:51:21,515 [9305807b-68e0-4de4-9f06-795e0c374ac6-groupManagement] INFO  server.RaftServer$Division (RaftServerImpl.java:<init>(198)) - 9305807b-68e0-4de4-9f06-795e0c374ac6: new RaftServerImpl for group-BAC3D6A46238:[5317d628-7528-4015-930b-d89d4a444778|rpc:10.1.0.70:15023|admin:10.1.0.70:15022|client:10.1.0.70:15021|dataStream:10.1.0.70:15024|priority:0|startupRole:FOLLOWER, 9305807b-68e0-4de4-9f06-795e0c374ac6|rpc:10.1.0.70:15032|admin:10.1.0.70:15031|client:10.1.0.70:15030|dataStream:10.1.0.70:15033|priority:0|startupRole:FOLLOWER, 28fc21f1-0f1b-4853-8334-7fb4bdc0ccf0|rpc:10.1.0.70:15014|admin:10.1.0.70:15013|client:10.1.0.70:15012|dataStream:10.1.0.70:15015|priority:1|startupRole:FOLLOWER] with ContainerStateMachine:uninitialized
2023-09-29 12:51:21,515 [9305807b-68e0-4de4-9f06-795e0c374ac6-groupManagement] INFO  server.RaftServerConfigKeys (ConfUtils.java:logGet(46)) - raft.server.rpc.timeout.min = 5s (custom)
2023-09-29 12:51:21,515 [9305807b-68e0-4de4-9f06-795e0c374ac6-groupManagement] INFO  server.RaftServerConfigKeys (ConfUtils.java:logGet(46)) - raft.server.rpc.timeout.max = 5200ms (custom)
2023-09-29 12:51:21,515 [9305807b-68e0-4de4-9f06-795e0c374ac6-groupManagement] INFO  server.RaftServerConfigKeys (ConfUtils.java:logGet(46)) - raft.server.rpc.sleep.time = 25ms (default)
2023-09-29 12:51:21,515 [9305807b-68e0-4de4-9f06-795e0c374ac6-groupManagement] INFO  server.RaftServerConfigKeys (ConfUtils.java:logGet(46)) - raft.server.rpc.slowness.timeout = 300s (custom)
2023-09-29 12:51:21,515 [9305807b-68e0-4de4-9f06-795e0c374ac6-groupManagement] INFO  server.RaftServerConfigKeys (ConfUtils.java:logGet(46)) - raft.server.leaderelection.leader.step-down.wait-time = 10s (default)
2023-09-29 12:51:21,516 [9305807b-68e0-4de4-9f06-795e0c374ac6-groupManagement] INFO  server.RaftServerConfigKeys (ConfUtils.java:logGet(46)) - raft.server.sleep.deviation.threshold = 300ms (default)
2023-09-29 12:51:21,516 [9305807b-68e0-4de4-9f06-795e0c374ac6-groupManagement] INFO  server.RaftServer$Division (ServerState.java:<init>(120)) - 9305807b-68e0-4de4-9f06-795e0c374ac6@group-BAC3D6A46238: ConfigurationManager, init=-1: peers:[5317d628-7528-4015-930b-d89d4a444778|rpc:10.1.0.70:15023|admin:10.1.0.70:15022|client:10.1.0.70:15021|dataStream:10.1.0.70:15024|priority:0|startupRole:FOLLOWER, 9305807b-68e0-4de4-9f06-795e0c374ac6|rpc:10.1.0.70:15032|admin:10.1.0.70:15031|client:10.1.0.70:15030|dataStream:10.1.0.70:15033|priority:0|startupRole:FOLLOWER, 28fc21f1-0f1b-4853-8334-7fb4bdc0ccf0|rpc:10.1.0.70:15014|admin:10.1.0.70:15013|client:10.1.0.70:15012|dataStream:10.1.0.70:15015|priority:1|startupRole:FOLLOWER]|listeners:[], old=null, confs=<EMPTY_MAP>
2023-09-29 12:51:21,518 [9305807b-68e0-4de4-9f06-795e0c374ac6-groupManagement] INFO  server.RaftServerConfigKeys (ConfUtils.java:logGet(46)) - raft.server.storage.dir = [/home/runner/work/ozone/ozone/hadoop-ozone/integration-test/target/test-dir/MiniOzoneClusterImpl-811b16cb-c214-4c75-bdb2-1b437bba6cdf/datanode-2/data/ratis] (custom)
2023-09-29 12:51:21,519 [9305807b-68e0-4de4-9f06-795e0c374ac6-groupManagement] INFO  server.RaftServerConfigKeys (ConfUtils.java:logGet(46)) - raft.server.log.corruption.policy = EXCEPTION (default)
2023-09-29 12:51:21,519 [9305807b-68e0-4de4-9f06-795e0c374ac6-groupManagement] INFO  server.RaftServerConfigKeys (ConfUtils.java:logGet(46)) - raft.server.storage.free-space.min = 0MB (=0) (default)
2023-09-29 12:51:21,519 [9305807b-68e0-4de4-9f06-795e0c374ac6-groupManagement] INFO  server.RaftServerConfigKeys (ConfUtils.java:logGet(46)) - raft.server.notification.no-leader.timeout = 300s (custom)
2023-09-29 12:51:21,519 [9305807b-68e0-4de4-9f06-795e0c374ac6-groupManagement] INFO  server.RaftServerConfigKeys (ConfUtils.java:logGet(46)) - raft.server.read.timeout = 10s (default)
2023-09-29 12:51:21,520 [9305807b-68e0-4de4-9f06-795e0c374ac6-groupManagement] INFO  server.RaftServerConfigKeys (ConfUtils.java:logGet(46)) - raft.server.retrycache.expirytime = 600000ms (custom)
2023-09-29 12:51:21,520 [9305807b-68e0-4de4-9f06-795e0c374ac6-groupManagement] INFO  server.RaftServerConfigKeys (ConfUtils.java:logGet(46)) - raft.server.retrycache.statistics.expirytime = 100μs (default)
2023-09-29 12:51:21,520 [9305807b-68e0-4de4-9f06-795e0c374ac6-groupManagement] INFO  server.RaftServerConfigKeys (ConfUtils.java:logGet(46)) - raft.server.read.option = DEFAULT (default)
2023-09-29 12:51:21,522 [PipelineCommandHandlerThread-0] INFO  commandhandler.CreatePipelineCommandHandler (CreatePipelineCommandHandler.java:lambda$handle$2(124)) - Created Pipeline RATIS THREE PipelineID=f1bd389d-45ed-4fca-9700-d84cb1adcb76.
2023-09-29 12:51:21,523 [PipelineCommandHandlerThread-0] INFO  server.RaftServer (RaftServerProxy.java:addNew(98)) - 5317d628-7528-4015-930b-d89d4a444778: addNew group-BAC3D6A46238:[5317d628-7528-4015-930b-d89d4a444778|rpc:10.1.0.70:15023|admin:10.1.0.70:15022|client:10.1.0.70:15021|dataStream:10.1.0.70:15024|priority:0|startupRole:FOLLOWER, 9305807b-68e0-4de4-9f06-795e0c374ac6|rpc:10.1.0.70:15032|admin:10.1.0.70:15031|client:10.1.0.70:15030|dataStream:10.1.0.70:15033|priority:0|startupRole:FOLLOWER, 28fc21f1-0f1b-4853-8334-7fb4bdc0ccf0|rpc:10.1.0.70:15014|admin:10.1.0.70:15013|client:10.1.0.70:15012|dataStream:10.1.0.70:15015|priority:1|startupRole:FOLLOWER] returns group-BAC3D6A46238:java.util.concurrent.CompletableFuture@4118616d[Not completed]
2023-09-29 12:51:21,524 [5317d628-7528-4015-930b-d89d4a444778-groupManagement] INFO  server.RaftServer$Division (RaftServerImpl.java:<init>(198)) - 5317d628-7528-4015-930b-d89d4a444778: new RaftServerImpl for group-BAC3D6A46238:[5317d628-7528-4015-930b-d89d4a444778|rpc:10.1.0.70:15023|admin:10.1.0.70:15022|client:10.1.0.70:15021|dataStream:10.1.0.70:15024|priority:0|startupRole:FOLLOWER, 9305807b-68e0-4de4-9f06-795e0c374ac6|rpc:10.1.0.70:15032|admin:10.1.0.70:15031|client:10.1.0.70:15030|dataStream:10.1.0.70:15033|priority:0|startupRole:FOLLOWER, 28fc21f1-0f1b-4853-8334-7fb4bdc0ccf0|rpc:10.1.0.70:15014|admin:10.1.0.70:15013|client:10.1.0.70:15012|dataStream:10.1.0.70:15015|priority:1|startupRole:FOLLOWER] with ContainerStateMachine:uninitialized
2023-09-29 12:51:21,524 [5317d628-7528-4015-930b-d89d4a444778-groupManagement] INFO  server.RaftServerConfigKeys (ConfUtils.java:logGet(46)) - raft.server.rpc.timeout.min = 5s (custom)
2023-09-29 12:51:21,524 [5317d628-7528-4015-930b-d89d4a444778-groupManagement] INFO  server.RaftServerConfigKeys (ConfUtils.java:logGet(46)) - raft.server.rpc.timeout.max = 5200ms (custom)
2023-09-29 12:51:21,525 [5317d628-7528-4015-930b-d89d4a444778-groupManagement] INFO  server.RaftServerConfigKeys (ConfUtils.java:logGet(46)) - raft.server.rpc.sleep.time = 25ms (default)
2023-09-29 12:51:21,525 [5317d628-7528-4015-930b-d89d4a444778-groupManagement] INFO  server.RaftServerConfigKeys (ConfUtils.java:logGet(46)) - raft.server.rpc.slowness.timeout = 300s (custom)
2023-09-29 12:51:21,525 [5317d628-7528-4015-930b-d89d4a444778-groupManagement] INFO  server.RaftServerConfigKeys (ConfUtils.java:logGet(46)) - raft.server.leaderelection.leader.step-down.wait-time = 10s (default)
2023-09-29 12:51:21,525 [5317d628-7528-4015-930b-d89d4a444778-groupManagement] INFO  server.RaftServerConfigKeys (ConfUtils.java:logGet(46)) - raft.server.sleep.deviation.threshold = 300ms (default)
2023-09-29 12:51:21,525 [5317d628-7528-4015-930b-d89d4a444778-groupManagement] INFO  server.RaftServer$Division (ServerState.java:<init>(120)) - 5317d628-7528-4015-930b-d89d4a444778@group-BAC3D6A46238: ConfigurationManager, init=-1: peers:[5317d628-7528-4015-930b-d89d4a444778|rpc:10.1.0.70:15023|admin:10.1.0.70:15022|client:10.1.0.70:15021|dataStream:10.1.0.70:15024|priority:0|startupRole:FOLLOWER, 9305807b-68e0-4de4-9f06-795e0c374ac6|rpc:10.1.0.70:15032|admin:10.1.0.70:15031|client:10.1.0.70:15030|dataStream:10.1.0.70:15033|priority:0|startupRole:FOLLOWER, 28fc21f1-0f1b-4853-8334-7fb4bdc0ccf0|rpc:10.1.0.70:15014|admin:10.1.0.70:15013|client:10.1.0.70:15012|dataStream:10.1.0.70:15015|priority:1|startupRole:FOLLOWER]|listeners:[], old=null, confs=<EMPTY_MAP>
2023-09-29 12:51:21,525 [5317d628-7528-4015-930b-d89d4a444778-groupManagement] INFO  server.RaftServerConfigKeys (ConfUtils.java:logGet(46)) - raft.server.storage.dir = [/home/runner/work/ozone/ozone/hadoop-ozone/integration-test/target/test-dir/MiniOzoneClusterImpl-811b16cb-c214-4c75-bdb2-1b437bba6cdf/datanode-1/data/ratis] (custom)
2023-09-29 12:51:21,525 [5317d628-7528-4015-930b-d89d4a444778-groupManagement] INFO  server.RaftServerConfigKeys (ConfUtils.java:logGet(46)) - raft.server.log.corruption.policy = EXCEPTION (default)
2023-09-29 12:51:21,525 [5317d628-7528-4015-930b-d89d4a444778-groupManagement] INFO  server.RaftServerConfigKeys (ConfUtils.java:logGet(46)) - raft.server.storage.free-space.min = 0MB (=0) (default)
2023-09-29 12:51:21,525 [5317d628-7528-4015-930b-d89d4a444778-groupManagement] INFO  server.RaftServerConfigKeys (ConfUtils.java:logGet(46)) - raft.server.notification.no-leader.timeout = 300s (custom)
2023-09-29 12:51:21,525 [5317d628-7528-4015-930b-d89d4a444778-groupManagement] INFO  server.RaftServerConfigKeys (ConfUtils.java:logGet(46)) - raft.server.read.timeout = 10s (default)
2023-09-29 12:51:21,525 [5317d628-7528-4015-930b-d89d4a444778-groupManagement] INFO  server.RaftServerConfigKeys (ConfUtils.java:logGet(46)) - raft.server.retrycache.expirytime = 600000ms (custom)
2023-09-29 12:51:21,525 [5317d628-7528-4015-930b-d89d4a444778-groupManagement] INFO  server.RaftServerConfigKeys (ConfUtils.java:logGet(46)) - raft.server.retrycache.statistics.expirytime = 100μs (default)
2023-09-29 12:51:21,526 [5317d628-7528-4015-930b-d89d4a444778-groupManagement] INFO  server.RaftServerConfigKeys (ConfUtils.java:logGet(46)) - raft.server.read.option = DEFAULT (default)
2023-09-29 12:51:21,533 [5317d628-7528-4015-930b-d89d4a444778-groupManagement] INFO  server.RaftServerConfigKeys (ConfUtils.java:logGet(46)) - raft.server.rpc.request.timeout = 60s (custom)
2023-09-29 12:51:21,534 [5317d628-7528-4015-930b-d89d4a444778-groupManagement] INFO  server.RaftServerConfigKeys (ConfUtils.java:logGet(46)) - raft.server.log.appender.install.snapshot.enabled = false (custom)
2023-09-29 12:51:21,534 [5317d628-7528-4015-930b-d89d4a444778-groupManagement] INFO  server.RaftServerConfigKeys (ConfUtils.java:logGet(46)) - raft.server.threadpool.server.cached = true (default)
2023-09-29 12:51:21,534 [5317d628-7528-4015-930b-d89d4a444778-groupManagement] INFO  server.RaftServerConfigKeys (ConfUtils.java:logGet(46)) - raft.server.threadpool.server.size = 0 (default)
2023-09-29 12:51:21,534 [5317d628-7528-4015-930b-d89d4a444778-groupManagement] INFO  server.RaftServerConfigKeys (ConfUtils.java:logGet(46)) - raft.server.threadpool.client.cached = true (default)
2023-09-29 12:51:21,534 [5317d628-7528-4015-930b-d89d4a444778-groupManagement] INFO  server.RaftServerConfigKeys (ConfUtils.java:logGet(46)) - raft.server.threadpool.client.size = 0 (default)
2023-09-29 12:51:21,534 [5317d628-7528-4015-930b-d89d4a444778-groupManagement] INFO  storage.RaftStorageDirectory (RaftStorageDirectoryImpl.java:analyzeStorage(137)) - The storage directory /home/runner/work/ozone/ozone/hadoop-ozone/integration-test/target/test-dir/MiniOzoneClusterImpl-811b16cb-c214-4c75-bdb2-1b437bba6cdf/datanode-1/data/ratis/12312537-43cd-480b-977c-bac3d6a46238 does not exist. Creating ...
2023-09-29 12:51:21,535 [9305807b-68e0-4de4-9f06-795e0c374ac6-groupManagement] INFO  server.RaftServerConfigKeys (ConfUtils.java:logGet(46)) - raft.server.rpc.request.timeout = 60s (custom)
2023-09-29 12:51:21,540 [9305807b-68e0-4de4-9f06-795e0c374ac6-groupManagement] INFO  server.RaftServerConfigKeys (ConfUtils.java:logGet(46)) - raft.server.log.appender.install.snapshot.enabled = false (custom)
2023-09-29 12:51:21,540 [9305807b-68e0-4de4-9f06-795e0c374ac6-groupManagement] INFO  server.RaftServerConfigKeys (ConfUtils.java:logGet(46)) - raft.server.threadpool.server.cached = true (default)
2023-09-29 12:51:21,540 [9305807b-68e0-4de4-9f06-795e0c374ac6-groupManagement] INFO  server.RaftServerConfigKeys (ConfUtils.java:logGet(46)) - raft.server.threadpool.server.size = 0 (default)
2023-09-29 12:51:21,540 [9305807b-68e0-4de4-9f06-795e0c374ac6-groupManagement] INFO  server.RaftServerConfigKeys (ConfUtils.java:logGet(46)) - raft.server.threadpool.client.cached = true (default)
2023-09-29 12:51:21,540 [9305807b-68e0-4de4-9f06-795e0c374ac6-groupManagement] INFO  server.RaftServerConfigKeys (ConfUtils.java:logGet(46)) - raft.server.threadpool.client.size = 0 (default)
2023-09-29 12:51:21,540 [9305807b-68e0-4de4-9f06-795e0c374ac6-groupManagement] INFO  storage.RaftStorageDirectory (RaftStorageDirectoryImpl.java:analyzeStorage(137)) - The storage directory /home/runner/work/ozone/ozone/hadoop-ozone/integration-test/target/test-dir/MiniOzoneClusterImpl-811b16cb-c214-4c75-bdb2-1b437bba6cdf/datanode-2/data/ratis/12312537-43cd-480b-977c-bac3d6a46238 does not exist. Creating ...
2023-09-29 12:51:21,541 [5317d628-7528-4015-930b-d89d4a444778-groupManagement] INFO  storage.RaftStorageDirectory (RaftStorageDirectoryImpl.java:tryLock(231)) - Lock on /home/runner/work/ozone/ozone/hadoop-ozone/integration-test/target/test-dir/MiniOzoneClusterImpl-811b16cb-c214-4c75-bdb2-1b437bba6cdf/datanode-1/data/ratis/12312537-43cd-480b-977c-bac3d6a46238/in_use.lock acquired by nodename 70928@fv-az238-384
2023-09-29 12:51:21,545 [5317d628-7528-4015-930b-d89d4a444778-groupManagement] INFO  storage.RaftStorage (RaftStorageImpl.java:format(96)) - Storage directory /home/runner/work/ozone/ozone/hadoop-ozone/integration-test/target/test-dir/MiniOzoneClusterImpl-811b16cb-c214-4c75-bdb2-1b437bba6cdf/datanode-1/data/ratis/12312537-43cd-480b-977c-bac3d6a46238 has been successfully formatted.
2023-09-29 12:51:21,545 [5317d628-7528-4015-930b-d89d4a444778-groupManagement] INFO  ratis.ContainerStateMachine (ContainerStateMachine.java:loadSnapshot(262)) - group-BAC3D6A46238: The snapshot info is null. Setting the last applied indexto:(t:0, i:~)
2023-09-29 12:51:21,545 [5317d628-7528-4015-930b-d89d4a444778-groupManagement] INFO  server.RaftServerConfigKeys (ConfUtils.java:logGet(46)) - raft.server.log.use.memory = false (default)
2023-09-29 12:51:21,546 [5317d628-7528-4015-930b-d89d4a444778-groupManagement] INFO  server.RaftServerConfigKeys (ConfUtils.java:logGet(46)) - raft.server.log.purge.gap = 1000000 (custom)
2023-09-29 12:51:21,546 [5317d628-7528-4015-930b-d89d4a444778-groupManagement] INFO  server.RaftServerConfigKeys (ConfUtils.java:logGet(46)) - raft.server.log.appender.buffer.byte-limit = 33554432 (custom)
2023-09-29 12:51:21,546 [5317d628-7528-4015-930b-d89d4a444778-groupManagement] INFO  server.RaftServerConfigKeys (ConfUtils.java:logGet(46)) - raft.server.log.statemachine.data.read.timeout = 1000ms (default)
2023-09-29 12:51:21,546 [5317d628-7528-4015-930b-d89d4a444778-groupManagement] INFO  server.RaftServerConfigKeys (ConfUtils.java:logGet(46)) - raft.server.log.purge.preservation.log.num = 0 (default)
2023-09-29 12:51:21,546 [5317d628-7528-4015-930b-d89d4a444778-groupManagement] INFO  server.RaftServerConfigKeys (ConfUtils.java:logGet(46)) - raft.server.log.segment.size.max = 1048576 (custom)
2023-09-29 12:51:21,547 [9305807b-68e0-4de4-9f06-795e0c374ac6-groupManagement] INFO  storage.RaftStorageDirectory (RaftStorageDirectoryImpl.java:tryLock(231)) - Lock on /home/runner/work/ozone/ozone/hadoop-ozone/integration-test/target/test-dir/MiniOzoneClusterImpl-811b16cb-c214-4c75-bdb2-1b437bba6cdf/datanode-2/data/ratis/12312537-43cd-480b-977c-bac3d6a46238/in_use.lock acquired by nodename 70928@fv-az238-384
2023-09-29 12:51:21,548 [5317d628-7528-4015-930b-d89d4a444778-groupManagement] INFO  server.RaftServerConfigKeys (ConfUtils.java:logGet(46)) - raft.server.log.segment.cache.num.max = 2 (custom)
2023-09-29 12:51:21,548 [5317d628-7528-4015-930b-d89d4a444778-groupManagement] INFO  server.RaftServerConfigKeys (ConfUtils.java:logGet(46)) - raft.server.log.segment.cache.size.max = 200MB (=209715200) (default)
2023-09-29 12:51:21,548 [5317d628-7528-4015-930b-d89d4a444778-groupManagement] INFO  server.RaftServerConfigKeys (ConfUtils.java:logGet(46)) - raft.server.log.appender.buffer.byte-limit = 33554432 (custom)
2023-09-29 12:51:21,548 [5317d628-7528-4015-930b-d89d4a444778-groupManagement] INFO  segmented.SegmentedRaftLogWorker (SegmentedRaftLogWorker.java:<init>(188)) - new 5317d628-7528-4015-930b-d89d4a444778@group-BAC3D6A46238-SegmentedRaftLogWorker for RaftStorageImpl:Storage Directory /home/runner/work/ozone/ozone/hadoop-ozone/integration-test/target/test-dir/MiniOzoneClusterImpl-811b16cb-c214-4c75-bdb2-1b437bba6cdf/datanode-1/data/ratis/12312537-43cd-480b-977c-bac3d6a46238
2023-09-29 12:51:21,550 [5317d628-7528-4015-930b-d89d4a444778-groupManagement] INFO  server.RaftServerConfigKeys (ConfUtils.java:logGet(46)) - raft.server.log.queue.byte-limit = 4294967296 (custom)
2023-09-29 12:51:21,550 [5317d628-7528-4015-930b-d89d4a444778-groupManagement] INFO  server.RaftServerConfigKeys (ConfUtils.java:logGet(46)) - raft.server.log.queue.element-limit = 1024 (custom)
2023-09-29 12:51:21,550 [5317d628-7528-4015-930b-d89d4a444778-groupManagement] INFO  server.RaftServerConfigKeys (ConfUtils.java:logGet(46)) - raft.server.log.segment.size.max = 1048576 (custom)
2023-09-29 12:51:21,550 [5317d628-7528-4015-930b-d89d4a444778-groupManagement] INFO  server.RaftServerConfigKeys (ConfUtils.java:logGet(46)) - raft.server.log.preallocated.size = 16384 (custom)
2023-09-29 12:51:21,550 [5317d628-7528-4015-930b-d89d4a444778-groupManagement] INFO  server.RaftServerConfigKeys (ConfUtils.java:logGet(46)) - raft.server.log.force.sync.num = 128 (default)
2023-09-29 12:51:21,550 [5317d628-7528-4015-930b-d89d4a444778-groupManagement] INFO  server.RaftServerConfigKeys (ConfUtils.java:logGet(46)) - raft.server.log.statemachine.data.sync = true (default)
2023-09-29 12:51:21,550 [5317d628-7528-4015-930b-d89d4a444778-groupManagement] INFO  server.RaftServerConfigKeys (ConfUtils.java:logGet(46)) - raft.server.log.statemachine.data.sync.timeout = 10s (default)
2023-09-29 12:51:21,550 [9305807b-68e0-4de4-9f06-795e0c374ac6-groupManagement] INFO  storage.RaftStorage (RaftStorageImpl.java:format(96)) - Storage directory /home/runner/work/ozone/ozone/hadoop-ozone/integration-test/target/test-dir/MiniOzoneClusterImpl-811b16cb-c214-4c75-bdb2-1b437bba6cdf/datanode-2/data/ratis/12312537-43cd-480b-977c-bac3d6a46238 has been successfully formatted.
2023-09-29 12:51:21,551 [9305807b-68e0-4de4-9f06-795e0c374ac6-groupManagement] INFO  ratis.ContainerStateMachine (ContainerStateMachine.java:loadSnapshot(262)) - group-BAC3D6A46238: The snapshot info is null. Setting the last applied indexto:(t:0, i:~)
2023-09-29 12:51:21,551 [9305807b-68e0-4de4-9f06-795e0c374ac6-groupManagement] INFO  server.RaftServerConfigKeys (ConfUtils.java:logGet(46)) - raft.server.log.use.memory = false (default)
2023-09-29 12:51:21,551 [9305807b-68e0-4de4-9f06-795e0c374ac6-groupManagement] INFO  server.RaftServerConfigKeys (ConfUtils.java:logGet(46)) - raft.server.log.purge.gap = 1000000 (custom)
2023-09-29 12:51:21,551 [9305807b-68e0-4de4-9f06-795e0c374ac6-groupManagement] INFO  server.RaftServerConfigKeys (ConfUtils.java:logGet(46)) - raft.server.log.appender.buffer.byte-limit = 33554432 (custom)
2023-09-29 12:51:21,551 [9305807b-68e0-4de4-9f06-795e0c374ac6-groupManagement] INFO  server.RaftServerConfigKeys (ConfUtils.java:logGet(46)) - raft.server.log.statemachine.data.read.timeout = 1000ms (default)
2023-09-29 12:51:21,551 [9305807b-68e0-4de4-9f06-795e0c374ac6-groupManagement] INFO  server.RaftServerConfigKeys (ConfUtils.java:logGet(46)) - raft.server.log.purge.preservation.log.num = 0 (default)
2023-09-29 12:51:21,552 [9305807b-68e0-4de4-9f06-795e0c374ac6-groupManagement] INFO  server.RaftServerConfigKeys (ConfUtils.java:logGet(46)) - raft.server.log.segment.size.max = 1048576 (custom)
2023-09-29 12:51:21,552 [9305807b-68e0-4de4-9f06-795e0c374ac6-groupManagement] INFO  server.RaftServerConfigKeys (ConfUtils.java:logGet(46)) - raft.server.log.segment.cache.num.max = 2 (custom)
2023-09-29 12:51:21,552 [9305807b-68e0-4de4-9f06-795e0c374ac6-groupManagement] INFO  server.RaftServerConfigKeys (ConfUtils.java:logGet(46)) - raft.server.log.segment.cache.size.max = 200MB (=209715200) (default)
2023-09-29 12:51:21,552 [9305807b-68e0-4de4-9f06-795e0c374ac6-groupManagement] INFO  server.RaftServerConfigKeys (ConfUtils.java:logGet(46)) - raft.server.log.appender.buffer.byte-limit = 33554432 (custom)
2023-09-29 12:51:21,552 [9305807b-68e0-4de4-9f06-795e0c374ac6-groupManagement] INFO  segmented.SegmentedRaftLogWorker (SegmentedRaftLogWorker.java:<init>(188)) - new 9305807b-68e0-4de4-9f06-795e0c374ac6@group-BAC3D6A46238-SegmentedRaftLogWorker for RaftStorageImpl:Storage Directory /home/runner/work/ozone/ozone/hadoop-ozone/integration-test/target/test-dir/MiniOzoneClusterImpl-811b16cb-c214-4c75-bdb2-1b437bba6cdf/datanode-2/data/ratis/12312537-43cd-480b-977c-bac3d6a46238
2023-09-29 12:51:21,552 [9305807b-68e0-4de4-9f06-795e0c374ac6-groupManagement] INFO  server.RaftServerConfigKeys (ConfUtils.java:logGet(46)) - raft.server.log.queue.byte-limit = 4294967296 (custom)
2023-09-29 12:51:21,553 [9305807b-68e0-4de4-9f06-795e0c374ac6-groupManagement] INFO  server.RaftServerConfigKeys (ConfUtils.java:logGet(46)) - raft.server.log.queue.element-limit = 1024 (custom)
2023-09-29 12:51:21,553 [9305807b-68e0-4de4-9f06-795e0c374ac6-groupManagement] INFO  server.RaftServerConfigKeys (ConfUtils.java:logGet(46)) - raft.server.log.segment.size.max = 1048576 (custom)
2023-09-29 12:51:21,553 [9305807b-68e0-4de4-9f06-795e0c374ac6-groupManagement] INFO  server.RaftServerConfigKeys (ConfUtils.java:logGet(46)) - raft.server.log.preallocated.size = 16384 (custom)
2023-09-29 12:51:21,553 [9305807b-68e0-4de4-9f06-795e0c374ac6-groupManagement] INFO  server.RaftServerConfigKeys (ConfUtils.java:logGet(46)) - raft.server.log.force.sync.num = 128 (default)
2023-09-29 12:51:21,553 [9305807b-68e0-4de4-9f06-795e0c374ac6-groupManagement] INFO  server.RaftServerConfigKeys (ConfUtils.java:logGet(46)) - raft.server.log.statemachine.data.sync = true (default)
2023-09-29 12:51:21,553 [9305807b-68e0-4de4-9f06-795e0c374ac6-groupManagement] INFO  server.RaftServerConfigKeys (ConfUtils.java:logGet(46)) - raft.server.log.statemachine.data.sync.timeout = 10s (default)
2023-09-29 12:51:21,553 [9305807b-68e0-4de4-9f06-795e0c374ac6-groupManagement] INFO  server.RaftServerConfigKeys (ConfUtils.java:logGet(46)) - raft.server.log.statemachine.data.sync.timeout.retry = -1 (default)
2023-09-29 12:51:21,554 [5317d628-7528-4015-930b-d89d4a444778-groupManagement] INFO  server.RaftServerConfigKeys (ConfUtils.java:logGet(46)) - raft.server.log.statemachine.data.sync.timeout.retry = -1 (default)
2023-09-29 12:51:21,560 [PipelineCommandHandlerThread-0] INFO  commandhandler.CreatePipelineCommandHandler (CreatePipelineCommandHandler.java:lambda$handle$2(124)) - Created Pipeline RATIS THREE PipelineID=f1bd389d-45ed-4fca-9700-d84cb1adcb76.
2023-09-29 12:51:21,563 [EventQueue-OpenPipelineForHealthyPipelineSafeModeRule] INFO  safemode.SCMSafeModeManager (HealthyPipelineSafeModeRule.java:process(137)) - SCM in safe mode. Healthy pipelines reported count is 0, required healthy pipeline reported count is 1
2023-09-29 12:51:21,563 [EventQueue-OpenPipelineForHealthyPipelineSafeModeRule] INFO  safemode.SCMSafeModeManager (HealthyPipelineSafeModeRule.java:process(137)) - SCM in safe mode. Healthy pipelines reported count is 0, required healthy pipeline reported count is 1
2023-09-29 12:51:21,565 [28fc21f1-0f1b-4853-8334-7fb4bdc0ccf0-groupManagement] INFO  server.RaftServer$Division (RaftServerImpl.java:<init>(198)) - 28fc21f1-0f1b-4853-8334-7fb4bdc0ccf0: new RaftServerImpl for group-BAC3D6A46238:[5317d628-7528-4015-930b-d89d4a444778|rpc:10.1.0.70:15023|admin:10.1.0.70:15022|client:10.1.0.70:15021|dataStream:10.1.0.70:15024|priority:0|startupRole:FOLLOWER, 9305807b-68e0-4de4-9f06-795e0c374ac6|rpc:10.1.0.70:15032|admin:10.1.0.70:15031|client:10.1.0.70:15030|dataStream:10.1.0.70:15033|priority:0|startupRole:FOLLOWER, 28fc21f1-0f1b-4853-8334-7fb4bdc0ccf0|rpc:10.1.0.70:15014|admin:10.1.0.70:15013|client:10.1.0.70:15012|dataStream:10.1.0.70:15015|priority:1|startupRole:FOLLOWER] with ContainerStateMachine:uninitialized
2023-09-29 12:51:21,565 [28fc21f1-0f1b-4853-8334-7fb4bdc0ccf0-groupManagement] INFO  server.RaftServerConfigKeys (ConfUtils.java:logGet(46)) - raft.server.rpc.timeout.min = 5s (custom)
2023-09-29 12:51:21,565 [28fc21f1-0f1b-4853-8334-7fb4bdc0ccf0-groupManagement] INFO  server.RaftServerConfigKeys (ConfUtils.java:logGet(46)) - raft.server.rpc.timeout.max = 5200ms (custom)
2023-09-29 12:51:21,565 [28fc21f1-0f1b-4853-8334-7fb4bdc0ccf0-groupManagement] INFO  server.RaftServerConfigKeys (ConfUtils.java:logGet(46)) - raft.server.rpc.sleep.time = 25ms (default)
2023-09-29 12:51:21,565 [28fc21f1-0f1b-4853-8334-7fb4bdc0ccf0-groupManagement] INFO  server.RaftServerConfigKeys (ConfUtils.java:logGet(46)) - raft.server.rpc.slowness.timeout = 300s (custom)
2023-09-29 12:51:21,565 [9305807b-68e0-4de4-9f06-795e0c374ac6-groupManagement] INFO  server.RaftServerConfigKeys (ConfUtils.java:logGet(46)) - raft.server.log.write.buffer.size = 1048576 (custom)
2023-09-29 12:51:21,561 [5317d628-7528-4015-930b-d89d4a444778-groupManagement] INFO  server.RaftServerConfigKeys (ConfUtils.java:logGet(46)) - raft.server.log.write.buffer.size = 1048576 (custom)
2023-09-29 12:51:21,567 [9305807b-68e0-4de4-9f06-795e0c374ac6-groupManagement] INFO  server.RaftServerConfigKeys (ConfUtils.java:logGet(46)) - raft.server.log.appender.buffer.byte-limit = 33554432 (custom)
2023-09-29 12:51:21,565 [28fc21f1-0f1b-4853-8334-7fb4bdc0ccf0-groupManagement] INFO  server.RaftServerConfigKeys (ConfUtils.java:logGet(46)) - raft.server.leaderelection.leader.step-down.wait-time = 10s (default)
2023-09-29 12:51:21,567 [28fc21f1-0f1b-4853-8334-7fb4bdc0ccf0-groupManagement] INFO  server.RaftServerConfigKeys (ConfUtils.java:logGet(46)) - raft.server.sleep.deviation.threshold = 300ms (default)
2023-09-29 12:51:21,567 [28fc21f1-0f1b-4853-8334-7fb4bdc0ccf0-groupManagement] INFO  server.RaftServer$Division (ServerState.java:<init>(120)) - 28fc21f1-0f1b-4853-8334-7fb4bdc0ccf0@group-BAC3D6A46238: ConfigurationManager, init=-1: peers:[5317d628-7528-4015-930b-d89d4a444778|rpc:10.1.0.70:15023|admin:10.1.0.70:15022|client:10.1.0.70:15021|dataStream:10.1.0.70:15024|priority:0|startupRole:FOLLOWER, 9305807b-68e0-4de4-9f06-795e0c374ac6|rpc:10.1.0.70:15032|admin:10.1.0.70:15031|client:10.1.0.70:15030|dataStream:10.1.0.70:15033|priority:0|startupRole:FOLLOWER, 28fc21f1-0f1b-4853-8334-7fb4bdc0ccf0|rpc:10.1.0.70:15014|admin:10.1.0.70:15013|client:10.1.0.70:15012|dataStream:10.1.0.70:15015|priority:1|startupRole:FOLLOWER]|listeners:[], old=null, confs=<EMPTY_MAP>
2023-09-29 12:51:21,568 [28fc21f1-0f1b-4853-8334-7fb4bdc0ccf0-groupManagement] INFO  server.RaftServerConfigKeys (ConfUtils.java:logGet(46)) - raft.server.storage.dir = [/home/runner/work/ozone/ozone/hadoop-ozone/integration-test/target/test-dir/MiniOzoneClusterImpl-811b16cb-c214-4c75-bdb2-1b437bba6cdf/datanode-0/data/ratis] (custom)
2023-09-29 12:51:21,568 [28fc21f1-0f1b-4853-8334-7fb4bdc0ccf0-groupManagement] INFO  server.RaftServerConfigKeys (ConfUtils.java:logGet(46)) - raft.server.log.corruption.policy = EXCEPTION (default)
2023-09-29 12:51:21,568 [28fc21f1-0f1b-4853-8334-7fb4bdc0ccf0-groupManagement] INFO  server.RaftServerConfigKeys (ConfUtils.java:logGet(46)) - raft.server.storage.free-space.min = 0MB (=0) (default)
2023-09-29 12:51:21,568 [28fc21f1-0f1b-4853-8334-7fb4bdc0ccf0-groupManagement] INFO  server.RaftServerConfigKeys (ConfUtils.java:logGet(46)) - raft.server.notification.no-leader.timeout = 300s (custom)
2023-09-29 12:51:21,568 [28fc21f1-0f1b-4853-8334-7fb4bdc0ccf0-groupManagement] INFO  server.RaftServerConfigKeys (ConfUtils.java:logGet(46)) - raft.server.read.timeout = 10s (default)
2023-09-29 12:51:21,568 [28fc21f1-0f1b-4853-8334-7fb4bdc0ccf0-groupManagement] INFO  server.RaftServerConfigKeys (ConfUtils.java:logGet(46)) - raft.server.retrycache.expirytime = 600000ms (custom)
2023-09-29 12:51:21,568 [28fc21f1-0f1b-4853-8334-7fb4bdc0ccf0-groupManagement] INFO  server.RaftServerConfigKeys (ConfUtils.java:logGet(46)) - raft.server.retrycache.statistics.expirytime = 100μs (default)
2023-09-29 12:51:21,568 [28fc21f1-0f1b-4853-8334-7fb4bdc0ccf0-groupManagement] INFO  server.RaftServerConfigKeys (ConfUtils.java:logGet(46)) - raft.server.read.option = DEFAULT (default)
2023-09-29 12:51:21,563 [PipelineCommandHandlerThread-0] INFO  server.RaftServer (RaftServerProxy.java:addNew(98)) - 28fc21f1-0f1b-4853-8334-7fb4bdc0ccf0: addNew group-BAC3D6A46238:[5317d628-7528-4015-930b-d89d4a444778|rpc:10.1.0.70:15023|admin:10.1.0.70:15022|client:10.1.0.70:15021|dataStream:10.1.0.70:15024|priority:0|startupRole:FOLLOWER, 9305807b-68e0-4de4-9f06-795e0c374ac6|rpc:10.1.0.70:15032|admin:10.1.0.70:15031|client:10.1.0.70:15030|dataStream:10.1.0.70:15033|priority:0|startupRole:FOLLOWER, 28fc21f1-0f1b-4853-8334-7fb4bdc0ccf0|rpc:10.1.0.70:15014|admin:10.1.0.70:15013|client:10.1.0.70:15012|dataStream:10.1.0.70:15015|priority:1|startupRole:FOLLOWER] returns group-BAC3D6A46238:java.util.concurrent.CompletableFuture@6764e844[Not completed]
2023-09-29 12:51:21,574 [9305807b-68e0-4de4-9f06-795e0c374ac6-groupManagement] INFO  server.RaftServerConfigKeys (ConfUtils.java:logGet(46)) - raft.server.log.unsafe-flush.enabled = false (default)
2023-09-29 12:51:21,574 [9305807b-68e0-4de4-9f06-795e0c374ac6-groupManagement] INFO  server.RaftServerConfigKeys (ConfUtils.java:logGet(46)) - raft.server.log.async-flush.enabled = false (default)
2023-09-29 12:51:21,574 [9305807b-68e0-4de4-9f06-795e0c374ac6-groupManagement] INFO  server.RaftServerConfigKeys (ConfUtils.java:logGet(46)) - raft.server.log.statemachine.data.caching.enabled = true (custom)
2023-09-29 12:51:21,574 [5317d628-7528-4015-930b-d89d4a444778-groupManagement] INFO  server.RaftServerConfigKeys (ConfUtils.java:logGet(46)) - raft.server.log.appender.buffer.byte-limit = 33554432 (custom)
2023-09-29 12:51:21,579 [28fc21f1-0f1b-4853-8334-7fb4bdc0ccf0-groupManagement] INFO  server.RaftServerConfigKeys (ConfUtils.java:logGet(46)) - raft.server.rpc.request.timeout = 60s (custom)
2023-09-29 12:51:21,579 [28fc21f1-0f1b-4853-8334-7fb4bdc0ccf0-groupManagement] INFO  server.RaftServerConfigKeys (ConfUtils.java:logGet(46)) - raft.server.log.appender.install.snapshot.enabled = false (custom)
2023-09-29 12:51:21,579 [28fc21f1-0f1b-4853-8334-7fb4bdc0ccf0-groupManagement] INFO  server.RaftServerConfigKeys (ConfUtils.java:logGet(46)) - raft.server.threadpool.server.cached = true (default)
2023-09-29 12:51:21,579 [28fc21f1-0f1b-4853-8334-7fb4bdc0ccf0-groupManagement] INFO  server.RaftServerConfigKeys (ConfUtils.java:logGet(46)) - raft.server.threadpool.server.size = 0 (default)
2023-09-29 12:51:21,579 [28fc21f1-0f1b-4853-8334-7fb4bdc0ccf0-groupManagement] INFO  server.RaftServerConfigKeys (ConfUtils.java:logGet(46)) - raft.server.threadpool.client.cached = true (default)
2023-09-29 12:51:21,579 [28fc21f1-0f1b-4853-8334-7fb4bdc0ccf0-groupManagement] INFO  server.RaftServerConfigKeys (ConfUtils.java:logGet(46)) - raft.server.threadpool.client.size = 0 (default)
2023-09-29 12:51:21,580 [28fc21f1-0f1b-4853-8334-7fb4bdc0ccf0-groupManagement] INFO  storage.RaftStorageDirectory (RaftStorageDirectoryImpl.java:analyzeStorage(137)) - The storage directory /home/runner/work/ozone/ozone/hadoop-ozone/integration-test/target/test-dir/MiniOzoneClusterImpl-811b16cb-c214-4c75-bdb2-1b437bba6cdf/datanode-0/data/ratis/12312537-43cd-480b-977c-bac3d6a46238 does not exist. Creating ...
2023-09-29 12:51:21,580 [9305807b-68e0-4de4-9f06-795e0c374ac6-groupManagement] INFO  segmented.SegmentedRaftLogWorker (SegmentedRaftLogWorker.java:lambda$new$0(135)) - 9305807b-68e0-4de4-9f06-795e0c374ac6@group-BAC3D6A46238-SegmentedRaftLogWorker: flushIndex: setUnconditionally 0 -> -1
2023-09-29 12:51:21,580 [9305807b-68e0-4de4-9f06-795e0c374ac6-groupManagement] INFO  segmented.SegmentedRaftLogWorker (SegmentedRaftLogWorker.java:lambda$new$0(135)) - 9305807b-68e0-4de4-9f06-795e0c374ac6@group-BAC3D6A46238-SegmentedRaftLogWorker: safeCacheEvictIndex: setUnconditionally 0 -> -1
2023-09-29 12:51:21,581 [9305807b-68e0-4de4-9f06-795e0c374ac6-groupManagement] INFO  server.RaftServer$Division (RaftServerImpl.java:start(342)) - 9305807b-68e0-4de4-9f06-795e0c374ac6@group-BAC3D6A46238: start as a follower, conf=-1: peers:[5317d628-7528-4015-930b-d89d4a444778|rpc:10.1.0.70:15023|admin:10.1.0.70:15022|client:10.1.0.70:15021|dataStream:10.1.0.70:15024|priority:0|startupRole:FOLLOWER, 9305807b-68e0-4de4-9f06-795e0c374ac6|rpc:10.1.0.70:15032|admin:10.1.0.70:15031|client:10.1.0.70:15030|dataStream:10.1.0.70:15033|priority:0|startupRole:FOLLOWER, 28fc21f1-0f1b-4853-8334-7fb4bdc0ccf0|rpc:10.1.0.70:15014|admin:10.1.0.70:15013|client:10.1.0.70:15012|dataStream:10.1.0.70:15015|priority:1|startupRole:FOLLOWER]|listeners:[], old=null
2023-09-29 12:51:21,582 [9305807b-68e0-4de4-9f06-795e0c374ac6-groupManagement] INFO  server.RaftServer$Division (RaftServerImpl.java:setRole(329)) - 9305807b-68e0-4de4-9f06-795e0c374ac6@group-BAC3D6A46238: changes role from      null to FOLLOWER at term 0 for startAsFollower
2023-09-29 12:51:21,582 [9305807b-68e0-4de4-9f06-795e0c374ac6-groupManagement] INFO  impl.RoleInfo (RoleInfo.java:updateAndGet(139)) - 9305807b-68e0-4de4-9f06-795e0c374ac6: start 9305807b-68e0-4de4-9f06-795e0c374ac6@group-BAC3D6A46238-FollowerState
2023-09-29 12:51:21,583 [28fc21f1-0f1b-4853-8334-7fb4bdc0ccf0-groupManagement] INFO  storage.RaftStorageDirectory (RaftStorageDirectoryImpl.java:tryLock(231)) - Lock on /home/runner/work/ozone/ozone/hadoop-ozone/integration-test/target/test-dir/MiniOzoneClusterImpl-811b16cb-c214-4c75-bdb2-1b437bba6cdf/datanode-0/data/ratis/12312537-43cd-480b-977c-bac3d6a46238/in_use.lock acquired by nodename 70928@fv-az238-384
2023-09-29 12:51:21,588 [9305807b-68e0-4de4-9f06-795e0c374ac6-groupManagement] INFO  util.JmxRegister (JmxRegister.java:tryRegister(44)) - Successfully registered JMX Bean with object name Ratis:service=RaftServer,group=group-BAC3D6A46238,id=9305807b-68e0-4de4-9f06-795e0c374ac6
2023-09-29 12:51:21,588 [9305807b-68e0-4de4-9f06-795e0c374ac6-groupManagement] INFO  server.RaftServerConfigKeys (ConfUtils.java:logGet(46)) - raft.server.snapshot.auto.trigger.enabled = true (custom)
2023-09-29 12:51:21,588 [9305807b-68e0-4de4-9f06-795e0c374ac6-groupManagement] INFO  server.RaftServerConfigKeys (ConfUtils.java:logGet(46)) - raft.server.snapshot.auto.trigger.threshold = 10000 (custom)
2023-09-29 12:51:21,588 [9305807b-68e0-4de4-9f06-795e0c374ac6-groupManagement] INFO  server.RaftServerConfigKeys (ConfUtils.java:logGet(46)) - raft.server.snapshot.retention.file.num = 5 (custom)
2023-09-29 12:51:21,588 [9305807b-68e0-4de4-9f06-795e0c374ac6-groupManagement] INFO  server.RaftServerConfigKeys (ConfUtils.java:logGet(46)) - raft.server.log.purge.upto.snapshot.index = false (default)
2023-09-29 12:51:21,589 [9305807b-68e0-4de4-9f06-795e0c374ac6@group-BAC3D6A46238-FollowerState] INFO  server.RaftServerConfigKeys (ConfUtils.java:logFallback(53)) - raft.server.rpc.first-election.timeout.min = 5s (fallback to raft.server.rpc.timeout.min)
2023-09-29 12:51:21,586 [5317d628-7528-4015-930b-d89d4a444778-groupManagement] INFO  server.RaftServerConfigKeys (ConfUtils.java:logGet(46)) - raft.server.log.unsafe-flush.enabled = false (default)
2023-09-29 12:51:21,590 [5317d628-7528-4015-930b-d89d4a444778-groupManagement] INFO  server.RaftServerConfigKeys (ConfUtils.java:logGet(46)) - raft.server.log.async-flush.enabled = false (default)
2023-09-29 12:51:21,590 [28fc21f1-0f1b-4853-8334-7fb4bdc0ccf0-groupManagement] INFO  storage.RaftStorage (RaftStorageImpl.java:format(96)) - Storage directory /home/runner/work/ozone/ozone/hadoop-ozone/integration-test/target/test-dir/MiniOzoneClusterImpl-811b16cb-c214-4c75-bdb2-1b437bba6cdf/datanode-0/data/ratis/12312537-43cd-480b-977c-bac3d6a46238 has been successfully formatted.
2023-09-29 12:51:21,591 [28fc21f1-0f1b-4853-8334-7fb4bdc0ccf0-groupManagement] INFO  ratis.ContainerStateMachine (ContainerStateMachine.java:loadSnapshot(262)) - group-BAC3D6A46238: The snapshot info is null. Setting the last applied indexto:(t:0, i:~)
2023-09-29 12:51:21,591 [28fc21f1-0f1b-4853-8334-7fb4bdc0ccf0-groupManagement] INFO  server.RaftServerConfigKeys (ConfUtils.java:logGet(46)) - raft.server.log.use.memory = false (default)
2023-09-29 12:51:21,591 [28fc21f1-0f1b-4853-8334-7fb4bdc0ccf0-groupManagement] INFO  server.RaftServerConfigKeys (ConfUtils.java:logGet(46)) - raft.server.log.purge.gap = 1000000 (custom)
2023-09-29 12:51:21,591 [28fc21f1-0f1b-4853-8334-7fb4bdc0ccf0-groupManagement] INFO  server.RaftServerConfigKeys (ConfUtils.java:logGet(46)) - raft.server.log.appender.buffer.byte-limit = 33554432 (custom)
2023-09-29 12:51:21,591 [28fc21f1-0f1b-4853-8334-7fb4bdc0ccf0-groupManagement] INFO  server.RaftServerConfigKeys (ConfUtils.java:logGet(46)) - raft.server.log.statemachine.data.read.timeout = 1000ms (default)
2023-09-29 12:51:21,591 [28fc21f1-0f1b-4853-8334-7fb4bdc0ccf0-groupManagement] INFO  server.RaftServerConfigKeys (ConfUtils.java:logGet(46)) - raft.server.log.purge.preservation.log.num = 0 (default)
2023-09-29 12:51:21,592 [28fc21f1-0f1b-4853-8334-7fb4bdc0ccf0-groupManagement] INFO  server.RaftServerConfigKeys (ConfUtils.java:logGet(46)) - raft.server.log.segment.size.max = 1048576 (custom)
2023-09-29 12:51:21,590 [9305807b-68e0-4de4-9f06-795e0c374ac6@group-BAC3D6A46238-FollowerState] INFO  server.RaftServerConfigKeys (ConfUtils.java:logFallback(53)) - raft.server.rpc.first-election.timeout.max = 5200ms (fallback to raft.server.rpc.timeout.max)
2023-09-29 12:51:21,592 [PipelineCommandHandlerThread-0] INFO  ratis.XceiverServerRatis (XceiverServerRatis.java:addGroup(804)) - Created group PipelineID=12312537-43cd-480b-977c-bac3d6a46238
2023-09-29 12:51:21,590 [5317d628-7528-4015-930b-d89d4a444778-groupManagement] INFO  server.RaftServerConfigKeys (ConfUtils.java:logGet(46)) - raft.server.log.statemachine.data.caching.enabled = true (custom)
2023-09-29 12:51:21,592 [5317d628-7528-4015-930b-d89d4a444778-groupManagement] INFO  segmented.SegmentedRaftLogWorker (SegmentedRaftLogWorker.java:lambda$new$0(135)) - 5317d628-7528-4015-930b-d89d4a444778@group-BAC3D6A46238-SegmentedRaftLogWorker: flushIndex: setUnconditionally 0 -> -1
2023-09-29 12:51:21,593 [5317d628-7528-4015-930b-d89d4a444778-groupManagement] INFO  segmented.SegmentedRaftLogWorker (SegmentedRaftLogWorker.java:lambda$new$0(135)) - 5317d628-7528-4015-930b-d89d4a444778@group-BAC3D6A46238-SegmentedRaftLogWorker: safeCacheEvictIndex: setUnconditionally 0 -> -1
2023-09-29 12:51:21,593 [5317d628-7528-4015-930b-d89d4a444778-groupManagement] INFO  server.RaftServer$Division (RaftServerImpl.java:start(342)) - 5317d628-7528-4015-930b-d89d4a444778@group-BAC3D6A46238: start as a follower, conf=-1: peers:[5317d628-7528-4015-930b-d89d4a444778|rpc:10.1.0.70:15023|admin:10.1.0.70:15022|client:10.1.0.70:15021|dataStream:10.1.0.70:15024|priority:0|startupRole:FOLLOWER, 9305807b-68e0-4de4-9f06-795e0c374ac6|rpc:10.1.0.70:15032|admin:10.1.0.70:15031|client:10.1.0.70:15030|dataStream:10.1.0.70:15033|priority:0|startupRole:FOLLOWER, 28fc21f1-0f1b-4853-8334-7fb4bdc0ccf0|rpc:10.1.0.70:15014|admin:10.1.0.70:15013|client:10.1.0.70:15012|dataStream:10.1.0.70:15015|priority:1|startupRole:FOLLOWER]|listeners:[], old=null
2023-09-29 12:51:21,593 [5317d628-7528-4015-930b-d89d4a444778-groupManagement] INFO  server.RaftServer$Division (RaftServerImpl.java:setRole(329)) - 5317d628-7528-4015-930b-d89d4a444778@group-BAC3D6A46238: changes role from      null to FOLLOWER at term 0 for startAsFollower
2023-09-29 12:51:21,593 [5317d628-7528-4015-930b-d89d4a444778-groupManagement] INFO  impl.RoleInfo (RoleInfo.java:updateAndGet(139)) - 5317d628-7528-4015-930b-d89d4a444778: start 5317d628-7528-4015-930b-d89d4a444778@group-BAC3D6A46238-FollowerState
2023-09-29 12:51:21,593 [28fc21f1-0f1b-4853-8334-7fb4bdc0ccf0-groupManagement] INFO  server.RaftServerConfigKeys (ConfUtils.java:logGet(46)) - raft.server.log.segment.cache.num.max = 2 (custom)
2023-09-29 12:51:21,596 [28fc21f1-0f1b-4853-8334-7fb4bdc0ccf0-groupManagement] INFO  server.RaftServerConfigKeys (ConfUtils.java:logGet(46)) - raft.server.log.segment.cache.size.max = 200MB (=209715200) (default)
2023-09-29 12:51:21,597 [28fc21f1-0f1b-4853-8334-7fb4bdc0ccf0-groupManagement] INFO  server.RaftServerConfigKeys (ConfUtils.java:logGet(46)) - raft.server.log.appender.buffer.byte-limit = 33554432 (custom)
2023-09-29 12:51:21,597 [28fc21f1-0f1b-4853-8334-7fb4bdc0ccf0-groupManagement] INFO  segmented.SegmentedRaftLogWorker (SegmentedRaftLogWorker.java:<init>(188)) - new 28fc21f1-0f1b-4853-8334-7fb4bdc0ccf0@group-BAC3D6A46238-SegmentedRaftLogWorker for RaftStorageImpl:Storage Directory /home/runner/work/ozone/ozone/hadoop-ozone/integration-test/target/test-dir/MiniOzoneClusterImpl-811b16cb-c214-4c75-bdb2-1b437bba6cdf/datanode-0/data/ratis/12312537-43cd-480b-977c-bac3d6a46238
2023-09-29 12:51:21,597 [28fc21f1-0f1b-4853-8334-7fb4bdc0ccf0-groupManagement] INFO  server.RaftServerConfigKeys (ConfUtils.java:logGet(46)) - raft.server.log.queue.byte-limit = 4294967296 (custom)
2023-09-29 12:51:21,597 [28fc21f1-0f1b-4853-8334-7fb4bdc0ccf0-groupManagement] INFO  server.RaftServerConfigKeys (ConfUtils.java:logGet(46)) - raft.server.log.queue.element-limit = 1024 (custom)
2023-09-29 12:51:21,597 [28fc21f1-0f1b-4853-8334-7fb4bdc0ccf0-groupManagement] INFO  server.RaftServerConfigKeys (ConfUtils.java:logGet(46)) - raft.server.log.segment.size.max = 1048576 (custom)
2023-09-29 12:51:21,597 [28fc21f1-0f1b-4853-8334-7fb4bdc0ccf0-groupManagement] INFO  server.RaftServerConfigKeys (ConfUtils.java:logGet(46)) - raft.server.log.preallocated.size = 16384 (custom)
2023-09-29 12:51:21,597 [28fc21f1-0f1b-4853-8334-7fb4bdc0ccf0-groupManagement] INFO  server.RaftServerConfigKeys (ConfUtils.java:logGet(46)) - raft.server.log.force.sync.num = 128 (default)
2023-09-29 12:51:21,597 [28fc21f1-0f1b-4853-8334-7fb4bdc0ccf0-groupManagement] INFO  server.RaftServerConfigKeys (ConfUtils.java:logGet(46)) - raft.server.log.statemachine.data.sync = true (default)
2023-09-29 12:51:21,597 [28fc21f1-0f1b-4853-8334-7fb4bdc0ccf0-groupManagement] INFO  server.RaftServerConfigKeys (ConfUtils.java:logGet(46)) - raft.server.log.statemachine.data.sync.timeout = 10s (default)
2023-09-29 12:51:21,597 [28fc21f1-0f1b-4853-8334-7fb4bdc0ccf0-groupManagement] INFO  server.RaftServerConfigKeys (ConfUtils.java:logGet(46)) - raft.server.log.statemachine.data.sync.timeout.retry = -1 (default)
2023-09-29 12:51:21,594 [5317d628-7528-4015-930b-d89d4a444778-groupManagement] INFO  util.JmxRegister (JmxRegister.java:tryRegister(44)) - Successfully registered JMX Bean with object name Ratis:service=RaftServer,group=group-BAC3D6A46238,id=5317d628-7528-4015-930b-d89d4a444778
2023-09-29 12:51:21,605 [5317d628-7528-4015-930b-d89d4a444778-groupManagement] INFO  server.RaftServerConfigKeys (ConfUtils.java:logGet(46)) - raft.server.snapshot.auto.trigger.enabled = true (custom)
2023-09-29 12:51:21,605 [5317d628-7528-4015-930b-d89d4a444778-groupManagement] INFO  server.RaftServerConfigKeys (ConfUtils.java:logGet(46)) - raft.server.snapshot.auto.trigger.threshold = 10000 (custom)
2023-09-29 12:51:21,605 [5317d628-7528-4015-930b-d89d4a444778-groupManagement] INFO  server.RaftServerConfigKeys (ConfUtils.java:logGet(46)) - raft.server.snapshot.retention.file.num = 5 (custom)
2023-09-29 12:51:21,605 [5317d628-7528-4015-930b-d89d4a444778-groupManagement] INFO  server.RaftServerConfigKeys (ConfUtils.java:logGet(46)) - raft.server.log.purge.upto.snapshot.index = false (default)
2023-09-29 12:51:21,605 [EventQueue-OpenPipelineForHealthyPipelineSafeModeRule] INFO  safemode.SCMSafeModeManager (HealthyPipelineSafeModeRule.java:process(137)) - SCM in safe mode. Healthy pipelines reported count is 0, required healthy pipeline reported count is 1
2023-09-29 12:51:21,611 [PipelineCommandHandlerThread-0] INFO  ratis.XceiverServerRatis (XceiverServerRatis.java:addGroup(804)) - Created group PipelineID=12312537-43cd-480b-977c-bac3d6a46238
2023-09-29 12:51:21,612 [28fc21f1-0f1b-4853-8334-7fb4bdc0ccf0-groupManagement] INFO  server.RaftServerConfigKeys (ConfUtils.java:logGet(46)) - raft.server.log.write.buffer.size = 1048576 (custom)
2023-09-29 12:51:21,613 [28fc21f1-0f1b-4853-8334-7fb4bdc0ccf0-groupManagement] INFO  server.RaftServerConfigKeys (ConfUtils.java:logGet(46)) - raft.server.log.appender.buffer.byte-limit = 33554432 (custom)
2023-09-29 12:51:21,614 [5317d628-7528-4015-930b-d89d4a444778@group-BAC3D6A46238-FollowerState] INFO  server.RaftServerConfigKeys (ConfUtils.java:logFallback(53)) - raft.server.rpc.first-election.timeout.min = 5s (fallback to raft.server.rpc.timeout.min)
2023-09-29 12:51:21,615 [5317d628-7528-4015-930b-d89d4a444778@group-BAC3D6A46238-FollowerState] INFO  server.RaftServerConfigKeys (ConfUtils.java:logFallback(53)) - raft.server.rpc.first-election.timeout.max = 5200ms (fallback to raft.server.rpc.timeout.max)
2023-09-29 12:51:21,621 [28fc21f1-0f1b-4853-8334-7fb4bdc0ccf0-groupManagement] INFO  server.RaftServerConfigKeys (ConfUtils.java:logGet(46)) - raft.server.log.unsafe-flush.enabled = false (default)
2023-09-29 12:51:21,621 [28fc21f1-0f1b-4853-8334-7fb4bdc0ccf0-groupManagement] INFO  server.RaftServerConfigKeys (ConfUtils.java:logGet(46)) - raft.server.log.async-flush.enabled = false (default)
2023-09-29 12:51:21,621 [28fc21f1-0f1b-4853-8334-7fb4bdc0ccf0-groupManagement] INFO  server.RaftServerConfigKeys (ConfUtils.java:logGet(46)) - raft.server.log.statemachine.data.caching.enabled = true (custom)
2023-09-29 12:51:21,622 [28fc21f1-0f1b-4853-8334-7fb4bdc0ccf0-groupManagement] INFO  segmented.SegmentedRaftLogWorker (SegmentedRaftLogWorker.java:lambda$new$0(135)) - 28fc21f1-0f1b-4853-8334-7fb4bdc0ccf0@group-BAC3D6A46238-SegmentedRaftLogWorker: flushIndex: setUnconditionally 0 -> -1
2023-09-29 12:51:21,622 [28fc21f1-0f1b-4853-8334-7fb4bdc0ccf0-groupManagement] INFO  segmented.SegmentedRaftLogWorker (SegmentedRaftLogWorker.java:lambda$new$0(135)) - 28fc21f1-0f1b-4853-8334-7fb4bdc0ccf0@group-BAC3D6A46238-SegmentedRaftLogWorker: safeCacheEvictIndex: setUnconditionally 0 -> -1
2023-09-29 12:51:21,625 [28fc21f1-0f1b-4853-8334-7fb4bdc0ccf0-groupManagement] INFO  server.RaftServer$Division (RaftServerImpl.java:start(342)) - 28fc21f1-0f1b-4853-8334-7fb4bdc0ccf0@group-BAC3D6A46238: start as a follower, conf=-1: peers:[5317d628-7528-4015-930b-d89d4a444778|rpc:10.1.0.70:15023|admin:10.1.0.70:15022|client:10.1.0.70:15021|dataStream:10.1.0.70:15024|priority:0|startupRole:FOLLOWER, 9305807b-68e0-4de4-9f06-795e0c374ac6|rpc:10.1.0.70:15032|admin:10.1.0.70:15031|client:10.1.0.70:15030|dataStream:10.1.0.70:15033|priority:0|startupRole:FOLLOWER, 28fc21f1-0f1b-4853-8334-7fb4bdc0ccf0|rpc:10.1.0.70:15014|admin:10.1.0.70:15013|client:10.1.0.70:15012|dataStream:10.1.0.70:15015|priority:1|startupRole:FOLLOWER]|listeners:[], old=null
2023-09-29 12:51:21,625 [28fc21f1-0f1b-4853-8334-7fb4bdc0ccf0-groupManagement] INFO  server.RaftServer$Division (RaftServerImpl.java:setRole(329)) - 28fc21f1-0f1b-4853-8334-7fb4bdc0ccf0@group-BAC3D6A46238: changes role from      null to FOLLOWER at term 0 for startAsFollower
2023-09-29 12:51:21,625 [28fc21f1-0f1b-4853-8334-7fb4bdc0ccf0-groupManagement] INFO  impl.RoleInfo (RoleInfo.java:updateAndGet(139)) - 28fc21f1-0f1b-4853-8334-7fb4bdc0ccf0: start 28fc21f1-0f1b-4853-8334-7fb4bdc0ccf0@group-BAC3D6A46238-FollowerState
2023-09-29 12:51:21,625 [28fc21f1-0f1b-4853-8334-7fb4bdc0ccf0-groupManagement] INFO  util.JmxRegister (JmxRegister.java:tryRegister(44)) - Successfully registered JMX Bean with object name Ratis:service=RaftServer,group=group-BAC3D6A46238,id=28fc21f1-0f1b-4853-8334-7fb4bdc0ccf0
2023-09-29 12:51:21,626 [28fc21f1-0f1b-4853-8334-7fb4bdc0ccf0-groupManagement] INFO  server.RaftServerConfigKeys (ConfUtils.java:logGet(46)) - raft.server.snapshot.auto.trigger.enabled = true (custom)
2023-09-29 12:51:21,626 [28fc21f1-0f1b-4853-8334-7fb4bdc0ccf0-groupManagement] INFO  server.RaftServerConfigKeys (ConfUtils.java:logGet(46)) - raft.server.snapshot.auto.trigger.threshold = 10000 (custom)
2023-09-29 12:51:21,626 [28fc21f1-0f1b-4853-8334-7fb4bdc0ccf0-groupManagement] INFO  server.RaftServerConfigKeys (ConfUtils.java:logGet(46)) - raft.server.snapshot.retention.file.num = 5 (custom)
2023-09-29 12:51:21,626 [28fc21f1-0f1b-4853-8334-7fb4bdc0ccf0-groupManagement] INFO  server.RaftServerConfigKeys (ConfUtils.java:logGet(46)) - raft.server.log.purge.upto.snapshot.index = false (default)
2023-09-29 12:51:21,626 [28fc21f1-0f1b-4853-8334-7fb4bdc0ccf0@group-BAC3D6A46238-FollowerState] INFO  server.RaftServerConfigKeys (ConfUtils.java:logFallback(53)) - raft.server.rpc.first-election.timeout.min = 5s (fallback to raft.server.rpc.timeout.min)
2023-09-29 12:51:21,632 [28fc21f1-0f1b-4853-8334-7fb4bdc0ccf0@group-BAC3D6A46238-FollowerState] INFO  server.RaftServerConfigKeys (ConfUtils.java:logFallback(53)) - raft.server.rpc.first-election.timeout.max = 5200ms (fallback to raft.server.rpc.timeout.max)
2023-09-29 12:51:21,631 [PipelineCommandHandlerThread-0] INFO  ratis.XceiverServerRatis (XceiverServerRatis.java:addGroup(804)) - Created group PipelineID=12312537-43cd-480b-977c-bac3d6a46238
2023-09-29 12:51:21,661 [main] INFO  ozone.MiniOzoneClusterImpl (MiniOzoneClusterImpl.java:lambda$waitForClusterToBeReady$0(229)) - Waiting for nodes to be ready. Got 9 of 10 DN Heartbeats.
2023-09-29 12:51:21,662 [main] INFO  ozone.MiniOzoneClusterImpl (MiniOzoneClusterImpl.java:lambda$waitForClusterToBeReady$0(232)) - Waiting for cluster to exit safe mode
2023-09-29 12:51:21,662 [main] INFO  ozone.MiniOzoneClusterImpl (MiniOzoneClusterImpl.java:lambda$waitForClusterToBeReady$0(234)) - SCM became leader
2023-09-29 12:51:21,666 [IPC Server handler 19 on default port 15002] INFO  net.NetworkTopologyImpl (NetworkTopologyImpl.java:add(112)) - Added a new node: /default-rack/f6fa4039-8fe9-46ca-92f5-bb04d02dc273
2023-09-29 12:51:21,666 [IPC Server handler 19 on default port 15002] INFO  node.SCMNodeManager (SCMNodeManager.java:register(405)) - Registered Data node : f6fa4039-8fe9-46ca-92f5-bb04d02dc273{ip: 10.1.0.70, host: fv-az238-384.lrtv1j1tcsgurjp4mtmc3vvjre.gx.internal.cloudapp.net, ports: [HTTP=15090, CLIENT_RPC=15091, REPLICATION=15097, RATIS=15093, RATIS_ADMIN=15094, RATIS_SERVER=15095, RATIS_DATASTREAM=15096, STANDALONE=15092], networkLocation: /default-rack, certSerialId: null, persistedOpState: null, persistedOpStateExpiryEpochSec: 0}
2023-09-29 12:51:21,669 [EventQueue-NewNodeForNewNodeHandler] INFO  pipeline.BackgroundPipelineCreator (BackgroundPipelineCreator.java:notifyEventTriggered(277)) - trigger a one-shot run on RatisPipelineUtilsThread.
2023-09-29 12:51:21,670 [RatisPipelineUtilsThread - 0] INFO  pipeline.RatisPipelineProvider (RatisPipelineProvider.java:lambda$create$0(206)) - Sending CreatePipelineCommand for pipeline:PipelineID=c91f7595-1a01-480b-b225-52482a170bd1 to datanode:f6fa4039-8fe9-46ca-92f5-bb04d02dc273
2023-09-29 12:51:21,676 [RatisPipelineUtilsThread - 0] INFO  pipeline.BackgroundPipelineCreator (BackgroundPipelineCreator.java:createPipelines(233)) - Created new pipeline Pipeline[ Id: c91f7595-1a01-480b-b225-52482a170bd1, Nodes: f6fa4039-8fe9-46ca-92f5-bb04d02dc273(fv-az238-384.lrtv1j1tcsgurjp4mtmc3vvjre.gx.internal.cloudapp.net/10.1.0.70), ReplicationConfig: RATIS/ONE, State:ALLOCATED, leaderId:, CreationTimestamp2023-09-29T12:51:21.670Z[Etc/UTC]]
2023-09-29 12:51:21,793 [PipelineCommandHandlerThread-0] INFO  commandhandler.CreatePipelineCommandHandler (CreatePipelineCommandHandler.java:lambda$handle$2(124)) - Created Pipeline RATIS THREE PipelineID=12312537-43cd-480b-977c-bac3d6a46238.
2023-09-29 12:51:21,796 [PipelineCommandHandlerThread-0] INFO  commandhandler.CreatePipelineCommandHandler (CreatePipelineCommandHandler.java:lambda$handle$2(124)) - Created Pipeline RATIS THREE PipelineID=12312537-43cd-480b-977c-bac3d6a46238.
2023-09-29 12:51:21,798 [PipelineCommandHandlerThread-0] INFO  commandhandler.CreatePipelineCommandHandler (CreatePipelineCommandHandler.java:lambda$handle$2(124)) - Created Pipeline RATIS THREE PipelineID=12312537-43cd-480b-977c-bac3d6a46238.
2023-09-29 12:51:21,894 [PipelineCommandHandlerThread-0] INFO  server.RaftServer (RaftServerProxy.java:addNew(98)) - 6f9d3266-b874-4586-a718-9027df6ff647: addNew group-7FD84471BA85:[6f9d3266-b874-4586-a718-9027df6ff647|rpc:10.1.0.70:15041|admin:10.1.0.70:15040|client:10.1.0.70:15039|dataStream:10.1.0.70:15042|priority:1|startupRole:FOLLOWER] returns group-7FD84471BA85:java.util.concurrent.CompletableFuture@e28891f[Not completed]
2023-09-29 12:51:21,897 [6f9d3266-b874-4586-a718-9027df6ff647-groupManagement] INFO  server.RaftServer$Division (RaftServerImpl.java:<init>(198)) - 6f9d3266-b874-4586-a718-9027df6ff647: new RaftServerImpl for group-7FD84471BA85:[6f9d3266-b874-4586-a718-9027df6ff647|rpc:10.1.0.70:15041|admin:10.1.0.70:15040|client:10.1.0.70:15039|dataStream:10.1.0.70:15042|priority:1|startupRole:FOLLOWER] with ContainerStateMachine:uninitialized
2023-09-29 12:51:21,899 [6f9d3266-b874-4586-a718-9027df6ff647-groupManagement] INFO  server.RaftServerConfigKeys (ConfUtils.java:logGet(46)) - raft.server.rpc.timeout.min = 5s (custom)
2023-09-29 12:51:21,899 [6f9d3266-b874-4586-a718-9027df6ff647-groupManagement] INFO  server.RaftServerConfigKeys (ConfUtils.java:logGet(46)) - raft.server.rpc.timeout.max = 5200ms (custom)
2023-09-29 12:51:21,899 [6f9d3266-b874-4586-a718-9027df6ff647-groupManagement] INFO  server.RaftServerConfigKeys (ConfUtils.java:logGet(46)) - raft.server.rpc.sleep.time = 25ms (default)
2023-09-29 12:51:21,900 [6f9d3266-b874-4586-a718-9027df6ff647-groupManagement] INFO  server.RaftServerConfigKeys (ConfUtils.java:logGet(46)) - raft.server.rpc.slowness.timeout = 300s (custom)
2023-09-29 12:51:21,900 [6f9d3266-b874-4586-a718-9027df6ff647-groupManagement] INFO  server.RaftServerConfigKeys (ConfUtils.java:logGet(46)) - raft.server.leaderelection.leader.step-down.wait-time = 10s (default)
2023-09-29 12:51:21,900 [6f9d3266-b874-4586-a718-9027df6ff647-groupManagement] INFO  server.RaftServerConfigKeys (ConfUtils.java:logGet(46)) - raft.server.sleep.deviation.threshold = 300ms (default)
2023-09-29 12:51:21,900 [6f9d3266-b874-4586-a718-9027df6ff647-groupManagement] INFO  server.RaftServer$Division (ServerState.java:<init>(120)) - 6f9d3266-b874-4586-a718-9027df6ff647@group-7FD84471BA85: ConfigurationManager, init=-1: peers:[6f9d3266-b874-4586-a718-9027df6ff647|rpc:10.1.0.70:15041|admin:10.1.0.70:15040|client:10.1.0.70:15039|dataStream:10.1.0.70:15042|priority:1|startupRole:FOLLOWER]|listeners:[], old=null, confs=<EMPTY_MAP>
2023-09-29 12:51:21,900 [6f9d3266-b874-4586-a718-9027df6ff647-groupManagement] INFO  server.RaftServerConfigKeys (ConfUtils.java:logGet(46)) - raft.server.storage.dir = [/home/runner/work/ozone/ozone/hadoop-ozone/integration-test/target/test-dir/MiniOzoneClusterImpl-811b16cb-c214-4c75-bdb2-1b437bba6cdf/datanode-3/data/ratis] (custom)
2023-09-29 12:51:21,900 [6f9d3266-b874-4586-a718-9027df6ff647-groupManagement] INFO  server.RaftServerConfigKeys (ConfUtils.java:logGet(46)) - raft.server.log.corruption.policy = EXCEPTION (default)
2023-09-29 12:51:21,900 [6f9d3266-b874-4586-a718-9027df6ff647-groupManagement] INFO  server.RaftServerConfigKeys (ConfUtils.java:logGet(46)) - raft.server.storage.free-space.min = 0MB (=0) (default)
2023-09-29 12:51:21,900 [6f9d3266-b874-4586-a718-9027df6ff647-groupManagement] INFO  server.RaftServerConfigKeys (ConfUtils.java:logGet(46)) - raft.server.notification.no-leader.timeout = 300s (custom)
2023-09-29 12:51:21,901 [6f9d3266-b874-4586-a718-9027df6ff647-groupManagement] INFO  server.RaftServerConfigKeys (ConfUtils.java:logGet(46)) - raft.server.read.timeout = 10s (default)
2023-09-29 12:51:21,901 [6f9d3266-b874-4586-a718-9027df6ff647-groupManagement] INFO  server.RaftServerConfigKeys (ConfUtils.java:logGet(46)) - raft.server.retrycache.expirytime = 600000ms (custom)
2023-09-29 12:51:21,901 [6f9d3266-b874-4586-a718-9027df6ff647-groupManagement] INFO  server.RaftServerConfigKeys (ConfUtils.java:logGet(46)) - raft.server.retrycache.statistics.expirytime = 100μs (default)
2023-09-29 12:51:21,901 [6f9d3266-b874-4586-a718-9027df6ff647-groupManagement] INFO  server.RaftServerConfigKeys (ConfUtils.java:logGet(46)) - raft.server.read.option = DEFAULT (default)
2023-09-29 12:51:21,906 [6f9d3266-b874-4586-a718-9027df6ff647-groupManagement] INFO  server.RaftServerConfigKeys (ConfUtils.java:logGet(46)) - raft.server.rpc.request.timeout = 60s (custom)
2023-09-29 12:51:21,906 [6f9d3266-b874-4586-a718-9027df6ff647-groupManagement] INFO  server.RaftServerConfigKeys (ConfUtils.java:logGet(46)) - raft.server.log.appender.install.snapshot.enabled = false (custom)
2023-09-29 12:51:21,906 [6f9d3266-b874-4586-a718-9027df6ff647-groupManagement] INFO  server.RaftServerConfigKeys (ConfUtils.java:logGet(46)) - raft.server.threadpool.server.cached = true (default)
2023-09-29 12:51:21,906 [6f9d3266-b874-4586-a718-9027df6ff647-groupManagement] INFO  server.RaftServerConfigKeys (ConfUtils.java:logGet(46)) - raft.server.threadpool.server.size = 0 (default)
2023-09-29 12:51:21,906 [6f9d3266-b874-4586-a718-9027df6ff647-groupManagement] INFO  server.RaftServerConfigKeys (ConfUtils.java:logGet(46)) - raft.server.threadpool.client.cached = true (default)
2023-09-29 12:51:21,906 [6f9d3266-b874-4586-a718-9027df6ff647-groupManagement] INFO  server.RaftServerConfigKeys (ConfUtils.java:logGet(46)) - raft.server.threadpool.client.size = 0 (default)
2023-09-29 12:51:21,907 [6f9d3266-b874-4586-a718-9027df6ff647-groupManagement] INFO  storage.RaftStorageDirectory (RaftStorageDirectoryImpl.java:analyzeStorage(137)) - The storage directory /home/runner/work/ozone/ozone/hadoop-ozone/integration-test/target/test-dir/MiniOzoneClusterImpl-811b16cb-c214-4c75-bdb2-1b437bba6cdf/datanode-3/data/ratis/2755eb04-fdd9-4243-a794-7fd84471ba85 does not exist. Creating ...
2023-09-29 12:51:21,911 [6f9d3266-b874-4586-a718-9027df6ff647-groupManagement] INFO  storage.RaftStorageDirectory (RaftStorageDirectoryImpl.java:tryLock(231)) - Lock on /home/runner/work/ozone/ozone/hadoop-ozone/integration-test/target/test-dir/MiniOzoneClusterImpl-811b16cb-c214-4c75-bdb2-1b437bba6cdf/datanode-3/data/ratis/2755eb04-fdd9-4243-a794-7fd84471ba85/in_use.lock acquired by nodename 70928@fv-az238-384
2023-09-29 12:51:21,915 [6f9d3266-b874-4586-a718-9027df6ff647-groupManagement] INFO  storage.RaftStorage (RaftStorageImpl.java:format(96)) - Storage directory /home/runner/work/ozone/ozone/hadoop-ozone/integration-test/target/test-dir/MiniOzoneClusterImpl-811b16cb-c214-4c75-bdb2-1b437bba6cdf/datanode-3/data/ratis/2755eb04-fdd9-4243-a794-7fd84471ba85 has been successfully formatted.
2023-09-29 12:51:21,916 [6f9d3266-b874-4586-a718-9027df6ff647-groupManagement] INFO  ratis.ContainerStateMachine (ContainerStateMachine.java:loadSnapshot(262)) - group-7FD84471BA85: The snapshot info is null. Setting the last applied indexto:(t:0, i:~)
2023-09-29 12:51:21,921 [EventQueue-PipelineReportForPipelineReportHandler] INFO  pipeline.PipelineReportHandler (PipelineReportHandler.java:processPipelineReport(136)) - Opened pipeline PipelineID=2755eb04-fdd9-4243-a794-7fd84471ba85
2023-09-29 12:51:21,921 [EventQueue-OpenPipelineForHealthyPipelineSafeModeRule] INFO  safemode.SCMSafeModeManager (HealthyPipelineSafeModeRule.java:process(137)) - SCM in safe mode. Healthy pipelines reported count is 0, required healthy pipeline reported count is 1
2023-09-29 12:51:21,927 [6f9d3266-b874-4586-a718-9027df6ff647-groupManagement] INFO  server.RaftServerConfigKeys (ConfUtils.java:logGet(46)) - raft.server.log.use.memory = false (default)
2023-09-29 12:51:21,928 [6f9d3266-b874-4586-a718-9027df6ff647-groupManagement] INFO  server.RaftServerConfigKeys (ConfUtils.java:logGet(46)) - raft.server.log.purge.gap = 1000000 (custom)
2023-09-29 12:51:21,928 [6f9d3266-b874-4586-a718-9027df6ff647-groupManagement] INFO  server.RaftServerConfigKeys (ConfUtils.java:logGet(46)) - raft.server.log.appender.buffer.byte-limit = 33554432 (custom)
2023-09-29 12:51:21,928 [6f9d3266-b874-4586-a718-9027df6ff647-groupManagement] INFO  server.RaftServerConfigKeys (ConfUtils.java:logGet(46)) - raft.server.log.statemachine.data.read.timeout = 1000ms (default)
2023-09-29 12:51:21,928 [6f9d3266-b874-4586-a718-9027df6ff647-groupManagement] INFO  server.RaftServerConfigKeys (ConfUtils.java:logGet(46)) - raft.server.log.purge.preservation.log.num = 0 (default)
2023-09-29 12:51:21,929 [6f9d3266-b874-4586-a718-9027df6ff647-groupManagement] INFO  server.RaftServerConfigKeys (ConfUtils.java:logGet(46)) - raft.server.log.segment.size.max = 1048576 (custom)
2023-09-29 12:51:21,930 [6f9d3266-b874-4586-a718-9027df6ff647-groupManagement] INFO  server.RaftServerConfigKeys (ConfUtils.java:logGet(46)) - raft.server.log.segment.cache.num.max = 2 (custom)
2023-09-29 12:51:21,930 [6f9d3266-b874-4586-a718-9027df6ff647-groupManagement] INFO  server.RaftServerConfigKeys (ConfUtils.java:logGet(46)) - raft.server.log.segment.cache.size.max = 200MB (=209715200) (default)
2023-09-29 12:51:21,930 [6f9d3266-b874-4586-a718-9027df6ff647-groupManagement] INFO  server.RaftServerConfigKeys (ConfUtils.java:logGet(46)) - raft.server.log.appender.buffer.byte-limit = 33554432 (custom)
2023-09-29 12:51:21,930 [6f9d3266-b874-4586-a718-9027df6ff647-groupManagement] INFO  segmented.SegmentedRaftLogWorker (SegmentedRaftLogWorker.java:<init>(188)) - new 6f9d3266-b874-4586-a718-9027df6ff647@group-7FD84471BA85-SegmentedRaftLogWorker for RaftStorageImpl:Storage Directory /home/runner/work/ozone/ozone/hadoop-ozone/integration-test/target/test-dir/MiniOzoneClusterImpl-811b16cb-c214-4c75-bdb2-1b437bba6cdf/datanode-3/data/ratis/2755eb04-fdd9-4243-a794-7fd84471ba85
2023-09-29 12:51:21,930 [6f9d3266-b874-4586-a718-9027df6ff647-groupManagement] INFO  server.RaftServerConfigKeys (ConfUtils.java:logGet(46)) - raft.server.log.queue.byte-limit = 4294967296 (custom)
2023-09-29 12:51:21,930 [6f9d3266-b874-4586-a718-9027df6ff647-groupManagement] INFO  server.RaftServerConfigKeys (ConfUtils.java:logGet(46)) - raft.server.log.queue.element-limit = 1024 (custom)
2023-09-29 12:51:21,932 [6f9d3266-b874-4586-a718-9027df6ff647-groupManagement] INFO  server.RaftServerConfigKeys (ConfUtils.java:logGet(46)) - raft.server.log.segment.size.max = 1048576 (custom)
2023-09-29 12:51:21,932 [6f9d3266-b874-4586-a718-9027df6ff647-groupManagement] INFO  server.RaftServerConfigKeys (ConfUtils.java:logGet(46)) - raft.server.log.preallocated.size = 16384 (custom)
2023-09-29 12:51:21,932 [6f9d3266-b874-4586-a718-9027df6ff647-groupManagement] INFO  server.RaftServerConfigKeys (ConfUtils.java:logGet(46)) - raft.server.log.force.sync.num = 128 (default)
2023-09-29 12:51:21,932 [6f9d3266-b874-4586-a718-9027df6ff647-groupManagement] INFO  server.RaftServerConfigKeys (ConfUtils.java:logGet(46)) - raft.server.log.statemachine.data.sync = true (default)
2023-09-29 12:51:21,932 [6f9d3266-b874-4586-a718-9027df6ff647-groupManagement] INFO  server.RaftServerConfigKeys (ConfUtils.java:logGet(46)) - raft.server.log.statemachine.data.sync.timeout = 10s (default)
2023-09-29 12:51:21,932 [6f9d3266-b874-4586-a718-9027df6ff647-groupManagement] INFO  server.RaftServerConfigKeys (ConfUtils.java:logGet(46)) - raft.server.log.statemachine.data.sync.timeout.retry = -1 (default)
2023-09-29 12:51:21,937 [6f9d3266-b874-4586-a718-9027df6ff647-groupManagement] INFO  server.RaftServerConfigKeys (ConfUtils.java:logGet(46)) - raft.server.log.write.buffer.size = 1048576 (custom)
2023-09-29 12:51:21,940 [6f9d3266-b874-4586-a718-9027df6ff647-groupManagement] INFO  server.RaftServerConfigKeys (ConfUtils.java:logGet(46)) - raft.server.log.appender.buffer.byte-limit = 33554432 (custom)
2023-09-29 12:51:21,945 [6f9d3266-b874-4586-a718-9027df6ff647-groupManagement] INFO  server.RaftServerConfigKeys (ConfUtils.java:logGet(46)) - raft.server.log.unsafe-flush.enabled = false (default)
2023-09-29 12:51:21,946 [6f9d3266-b874-4586-a718-9027df6ff647-groupManagement] INFO  server.RaftServerConfigKeys (ConfUtils.java:logGet(46)) - raft.server.log.async-flush.enabled = false (default)
2023-09-29 12:51:21,946 [6f9d3266-b874-4586-a718-9027df6ff647-groupManagement] INFO  server.RaftServerConfigKeys (ConfUtils.java:logGet(46)) - raft.server.log.statemachine.data.caching.enabled = true (custom)
2023-09-29 12:51:21,946 [6f9d3266-b874-4586-a718-9027df6ff647-groupManagement] INFO  segmented.SegmentedRaftLogWorker (SegmentedRaftLogWorker.java:lambda$new$0(135)) - 6f9d3266-b874-4586-a718-9027df6ff647@group-7FD84471BA85-SegmentedRaftLogWorker: flushIndex: setUnconditionally 0 -> -1
2023-09-29 12:51:21,946 [6f9d3266-b874-4586-a718-9027df6ff647-groupManagement] INFO  segmented.SegmentedRaftLogWorker (SegmentedRaftLogWorker.java:lambda$new$0(135)) - 6f9d3266-b874-4586-a718-9027df6ff647@group-7FD84471BA85-SegmentedRaftLogWorker: safeCacheEvictIndex: setUnconditionally 0 -> -1
2023-09-29 12:51:21,947 [6f9d3266-b874-4586-a718-9027df6ff647-groupManagement] INFO  server.RaftServer$Division (RaftServerImpl.java:start(342)) - 6f9d3266-b874-4586-a718-9027df6ff647@group-7FD84471BA85: start as a follower, conf=-1: peers:[6f9d3266-b874-4586-a718-9027df6ff647|rpc:10.1.0.70:15041|admin:10.1.0.70:15040|client:10.1.0.70:15039|dataStream:10.1.0.70:15042|priority:1|startupRole:FOLLOWER]|listeners:[], old=null
2023-09-29 12:51:21,947 [6f9d3266-b874-4586-a718-9027df6ff647-groupManagement] INFO  server.RaftServer$Division (RaftServerImpl.java:setRole(329)) - 6f9d3266-b874-4586-a718-9027df6ff647@group-7FD84471BA85: changes role from      null to FOLLOWER at term 0 for startAsFollower
2023-09-29 12:51:21,947 [6f9d3266-b874-4586-a718-9027df6ff647-groupManagement] INFO  impl.RoleInfo (RoleInfo.java:updateAndGet(139)) - 6f9d3266-b874-4586-a718-9027df6ff647: start 6f9d3266-b874-4586-a718-9027df6ff647@group-7FD84471BA85-FollowerState
2023-09-29 12:51:21,951 [6f9d3266-b874-4586-a718-9027df6ff647-groupManagement] INFO  util.JmxRegister (JmxRegister.java:tryRegister(44)) - Successfully registered JMX Bean with object name Ratis:service=RaftServer,group=group-7FD84471BA85,id=6f9d3266-b874-4586-a718-9027df6ff647
2023-09-29 12:51:21,951 [6f9d3266-b874-4586-a718-9027df6ff647-groupManagement] INFO  server.RaftServerConfigKeys (ConfUtils.java:logGet(46)) - raft.server.snapshot.auto.trigger.enabled = true (custom)
2023-09-29 12:51:21,951 [6f9d3266-b874-4586-a718-9027df6ff647-groupManagement] INFO  server.RaftServerConfigKeys (ConfUtils.java:logGet(46)) - raft.server.snapshot.auto.trigger.threshold = 10000 (custom)
2023-09-29 12:51:21,951 [6f9d3266-b874-4586-a718-9027df6ff647-groupManagement] INFO  server.RaftServerConfigKeys (ConfUtils.java:logGet(46)) - raft.server.snapshot.retention.file.num = 5 (custom)
2023-09-29 12:51:21,951 [6f9d3266-b874-4586-a718-9027df6ff647-groupManagement] INFO  server.RaftServerConfigKeys (ConfUtils.java:logGet(46)) - raft.server.log.purge.upto.snapshot.index = false (default)
2023-09-29 12:51:21,952 [6f9d3266-b874-4586-a718-9027df6ff647@group-7FD84471BA85-FollowerState] INFO  server.RaftServerConfigKeys (ConfUtils.java:logFallback(53)) - raft.server.rpc.first-election.timeout.min = 5s (fallback to raft.server.rpc.timeout.min)
2023-09-29 12:51:21,952 [6f9d3266-b874-4586-a718-9027df6ff647@group-7FD84471BA85-FollowerState] INFO  server.RaftServerConfigKeys (ConfUtils.java:logFallback(53)) - raft.server.rpc.first-election.timeout.max = 5200ms (fallback to raft.server.rpc.timeout.max)
2023-09-29 12:51:21,954 [PipelineCommandHandlerThread-0] INFO  ratis.XceiverServerRatis (XceiverServerRatis.java:addGroup(804)) - Created group PipelineID=2755eb04-fdd9-4243-a794-7fd84471ba85
2023-09-29 12:51:21,954 [PipelineCommandHandlerThread-0] INFO  commandhandler.CreatePipelineCommandHandler (CreatePipelineCommandHandler.java:lambda$handle$2(124)) - Created Pipeline RATIS ONE PipelineID=2755eb04-fdd9-4243-a794-7fd84471ba85.
2023-09-29 12:51:21,955 [PipelineCommandHandlerThread-0] INFO  server.RaftServer (RaftServerProxy.java:addNew(98)) - 6f9d3266-b874-4586-a718-9027df6ff647: addNew group-E0A3CFFD1989:[6220322b-c54d-4ba8-95d6-5fd9b706d663|rpc:10.1.0.70:15050|admin:10.1.0.70:15049|client:10.1.0.70:15048|dataStream:10.1.0.70:15051|priority:0|startupRole:FOLLOWER, 6f9d3266-b874-4586-a718-9027df6ff647|rpc:10.1.0.70:15041|admin:10.1.0.70:15040|client:10.1.0.70:15039|dataStream:10.1.0.70:15042|priority:0|startupRole:FOLLOWER, 80a9a8fe-8ad4-444c-8e90-e2ced2b3ac02|rpc:10.1.0.70:15059|admin:10.1.0.70:15058|client:10.1.0.70:15057|dataStream:10.1.0.70:15060|priority:1|startupRole:FOLLOWER] returns group-E0A3CFFD1989:java.util.concurrent.CompletableFuture@a170c02[Not completed]
2023-09-29 12:51:21,956 [6f9d3266-b874-4586-a718-9027df6ff647-groupManagement] INFO  server.RaftServer$Division (RaftServerImpl.java:<init>(198)) - 6f9d3266-b874-4586-a718-9027df6ff647: new RaftServerImpl for group-E0A3CFFD1989:[6220322b-c54d-4ba8-95d6-5fd9b706d663|rpc:10.1.0.70:15050|admin:10.1.0.70:15049|client:10.1.0.70:15048|dataStream:10.1.0.70:15051|priority:0|startupRole:FOLLOWER, 6f9d3266-b874-4586-a718-9027df6ff647|rpc:10.1.0.70:15041|admin:10.1.0.70:15040|client:10.1.0.70:15039|dataStream:10.1.0.70:15042|priority:0|startupRole:FOLLOWER, 80a9a8fe-8ad4-444c-8e90-e2ced2b3ac02|rpc:10.1.0.70:15059|admin:10.1.0.70:15058|client:10.1.0.70:15057|dataStream:10.1.0.70:15060|priority:1|startupRole:FOLLOWER] with ContainerStateMachine:uninitialized
2023-09-29 12:51:21,956 [6f9d3266-b874-4586-a718-9027df6ff647-groupManagement] INFO  server.RaftServerConfigKeys (ConfUtils.java:logGet(46)) - raft.server.rpc.timeout.min = 5s (custom)
2023-09-29 12:51:21,956 [6f9d3266-b874-4586-a718-9027df6ff647-groupManagement] INFO  server.RaftServerConfigKeys (ConfUtils.java:logGet(46)) - raft.server.rpc.timeout.max = 5200ms (custom)
2023-09-29 12:51:21,956 [6f9d3266-b874-4586-a718-9027df6ff647-groupManagement] INFO  server.RaftServerConfigKeys (ConfUtils.java:logGet(46)) - raft.server.rpc.sleep.time = 25ms (default)
2023-09-29 12:51:21,957 [6f9d3266-b874-4586-a718-9027df6ff647-groupManagement] INFO  server.RaftServerConfigKeys (ConfUtils.java:logGet(46)) - raft.server.rpc.slowness.timeout = 300s (custom)
2023-09-29 12:51:21,957 [6f9d3266-b874-4586-a718-9027df6ff647-groupManagement] INFO  server.RaftServerConfigKeys (ConfUtils.java:logGet(46)) - raft.server.leaderelection.leader.step-down.wait-time = 10s (default)
2023-09-29 12:51:21,957 [6f9d3266-b874-4586-a718-9027df6ff647-groupManagement] INFO  server.RaftServerConfigKeys (ConfUtils.java:logGet(46)) - raft.server.sleep.deviation.threshold = 300ms (default)
2023-09-29 12:51:21,957 [6f9d3266-b874-4586-a718-9027df6ff647-groupManagement] INFO  server.RaftServer$Division (ServerState.java:<init>(120)) - 6f9d3266-b874-4586-a718-9027df6ff647@group-E0A3CFFD1989: ConfigurationManager, init=-1: peers:[6220322b-c54d-4ba8-95d6-5fd9b706d663|rpc:10.1.0.70:15050|admin:10.1.0.70:15049|client:10.1.0.70:15048|dataStream:10.1.0.70:15051|priority:0|startupRole:FOLLOWER, 6f9d3266-b874-4586-a718-9027df6ff647|rpc:10.1.0.70:15041|admin:10.1.0.70:15040|client:10.1.0.70:15039|dataStream:10.1.0.70:15042|priority:0|startupRole:FOLLOWER, 80a9a8fe-8ad4-444c-8e90-e2ced2b3ac02|rpc:10.1.0.70:15059|admin:10.1.0.70:15058|client:10.1.0.70:15057|dataStream:10.1.0.70:15060|priority:1|startupRole:FOLLOWER]|listeners:[], old=null, confs=<EMPTY_MAP>
2023-09-29 12:51:21,957 [6f9d3266-b874-4586-a718-9027df6ff647-groupManagement] INFO  server.RaftServerConfigKeys (ConfUtils.java:logGet(46)) - raft.server.storage.dir = [/home/runner/work/ozone/ozone/hadoop-ozone/integration-test/target/test-dir/MiniOzoneClusterImpl-811b16cb-c214-4c75-bdb2-1b437bba6cdf/datanode-3/data/ratis] (custom)
2023-09-29 12:51:21,957 [6f9d3266-b874-4586-a718-9027df6ff647-groupManagement] INFO  server.RaftServerConfigKeys (ConfUtils.java:logGet(46)) - raft.server.log.corruption.policy = EXCEPTION (default)
2023-09-29 12:51:21,957 [6f9d3266-b874-4586-a718-9027df6ff647-groupManagement] INFO  server.RaftServerConfigKeys (ConfUtils.java:logGet(46)) - raft.server.storage.free-space.min = 0MB (=0) (default)
2023-09-29 12:51:21,958 [6f9d3266-b874-4586-a718-9027df6ff647-groupManagement] INFO  server.RaftServerConfigKeys (ConfUtils.java:logGet(46)) - raft.server.notification.no-leader.timeout = 300s (custom)
2023-09-29 12:51:21,958 [6f9d3266-b874-4586-a718-9027df6ff647-groupManagement] INFO  server.RaftServerConfigKeys (ConfUtils.java:logGet(46)) - raft.server.read.timeout = 10s (default)
2023-09-29 12:51:21,958 [6f9d3266-b874-4586-a718-9027df6ff647-groupManagement] INFO  server.RaftServerConfigKeys (ConfUtils.java:logGet(46)) - raft.server.retrycache.expirytime = 600000ms (custom)
2023-09-29 12:51:21,958 [6f9d3266-b874-4586-a718-9027df6ff647-groupManagement] INFO  server.RaftServerConfigKeys (ConfUtils.java:logGet(46)) - raft.server.retrycache.statistics.expirytime = 100μs (default)
2023-09-29 12:51:21,958 [6f9d3266-b874-4586-a718-9027df6ff647-groupManagement] INFO  server.RaftServerConfigKeys (ConfUtils.java:logGet(46)) - raft.server.read.option = DEFAULT (default)
2023-09-29 12:51:21,959 [6f9d3266-b874-4586-a718-9027df6ff647-groupManagement] INFO  server.RaftServerConfigKeys (ConfUtils.java:logGet(46)) - raft.server.rpc.request.timeout = 60s (custom)
2023-09-29 12:51:21,959 [6f9d3266-b874-4586-a718-9027df6ff647-groupManagement] INFO  server.RaftServerConfigKeys (ConfUtils.java:logGet(46)) - raft.server.log.appender.install.snapshot.enabled = false (custom)
2023-09-29 12:51:21,959 [6f9d3266-b874-4586-a718-9027df6ff647-groupManagement] INFO  server.RaftServerConfigKeys (ConfUtils.java:logGet(46)) - raft.server.threadpool.server.cached = true (default)
2023-09-29 12:51:21,959 [6f9d3266-b874-4586-a718-9027df6ff647-groupManagement] INFO  server.RaftServerConfigKeys (ConfUtils.java:logGet(46)) - raft.server.threadpool.server.size = 0 (default)
2023-09-29 12:51:21,960 [6f9d3266-b874-4586-a718-9027df6ff647-groupManagement] INFO  server.RaftServerConfigKeys (ConfUtils.java:logGet(46)) - raft.server.threadpool.client.cached = true (default)
2023-09-29 12:51:21,960 [6f9d3266-b874-4586-a718-9027df6ff647-groupManagement] INFO  server.RaftServerConfigKeys (ConfUtils.java:logGet(46)) - raft.server.threadpool.client.size = 0 (default)
2023-09-29 12:51:21,960 [6f9d3266-b874-4586-a718-9027df6ff647-groupManagement] INFO  storage.RaftStorageDirectory (RaftStorageDirectoryImpl.java:analyzeStorage(137)) - The storage directory /home/runner/work/ozone/ozone/hadoop-ozone/integration-test/target/test-dir/MiniOzoneClusterImpl-811b16cb-c214-4c75-bdb2-1b437bba6cdf/datanode-3/data/ratis/a759158d-7527-4318-bea8-e0a3cffd1989 does not exist. Creating ...
2023-09-29 12:51:21,961 [6f9d3266-b874-4586-a718-9027df6ff647-groupManagement] INFO  storage.RaftStorageDirectory (RaftStorageDirectoryImpl.java:tryLock(231)) - Lock on /home/runner/work/ozone/ozone/hadoop-ozone/integration-test/target/test-dir/MiniOzoneClusterImpl-811b16cb-c214-4c75-bdb2-1b437bba6cdf/datanode-3/data/ratis/a759158d-7527-4318-bea8-e0a3cffd1989/in_use.lock acquired by nodename 70928@fv-az238-384
2023-09-29 12:51:21,963 [6f9d3266-b874-4586-a718-9027df6ff647-groupManagement] INFO  storage.RaftStorage (RaftStorageImpl.java:format(96)) - Storage directory /home/runner/work/ozone/ozone/hadoop-ozone/integration-test/target/test-dir/MiniOzoneClusterImpl-811b16cb-c214-4c75-bdb2-1b437bba6cdf/datanode-3/data/ratis/a759158d-7527-4318-bea8-e0a3cffd1989 has been successfully formatted.
2023-09-29 12:51:21,964 [6f9d3266-b874-4586-a718-9027df6ff647-groupManagement] INFO  ratis.ContainerStateMachine (ContainerStateMachine.java:loadSnapshot(262)) - group-E0A3CFFD1989: The snapshot info is null. Setting the last applied indexto:(t:0, i:~)
2023-09-29 12:51:21,964 [6f9d3266-b874-4586-a718-9027df6ff647-groupManagement] INFO  server.RaftServerConfigKeys (ConfUtils.java:logGet(46)) - raft.server.log.use.memory = false (default)
2023-09-29 12:51:21,964 [6f9d3266-b874-4586-a718-9027df6ff647-groupManagement] INFO  server.RaftServerConfigKeys (ConfUtils.java:logGet(46)) - raft.server.log.purge.gap = 1000000 (custom)
2023-09-29 12:51:21,971 [6f9d3266-b874-4586-a718-9027df6ff647-groupManagement] INFO  server.RaftServerConfigKeys (ConfUtils.java:logGet(46)) - raft.server.log.appender.buffer.byte-limit = 33554432 (custom)
2023-09-29 12:51:21,974 [6f9d3266-b874-4586-a718-9027df6ff647-groupManagement] INFO  server.RaftServerConfigKeys (ConfUtils.java:logGet(46)) - raft.server.log.statemachine.data.read.timeout = 1000ms (default)
2023-09-29 12:51:21,974 [6f9d3266-b874-4586-a718-9027df6ff647-groupManagement] INFO  server.RaftServerConfigKeys (ConfUtils.java:logGet(46)) - raft.server.log.purge.preservation.log.num = 0 (default)
2023-09-29 12:51:21,975 [EventQueue-OpenPipelineForHealthyPipelineSafeModeRule] INFO  safemode.SCMSafeModeManager (HealthyPipelineSafeModeRule.java:process(137)) - SCM in safe mode. Healthy pipelines reported count is 0, required healthy pipeline reported count is 1
2023-09-29 12:51:21,975 [6f9d3266-b874-4586-a718-9027df6ff647-groupManagement] INFO  server.RaftServerConfigKeys (ConfUtils.java:logGet(46)) - raft.server.log.segment.size.max = 1048576 (custom)
2023-09-29 12:51:21,978 [6f9d3266-b874-4586-a718-9027df6ff647-groupManagement] INFO  server.RaftServerConfigKeys (ConfUtils.java:logGet(46)) - raft.server.log.segment.cache.num.max = 2 (custom)
2023-09-29 12:51:21,978 [6f9d3266-b874-4586-a718-9027df6ff647-groupManagement] INFO  server.RaftServerConfigKeys (ConfUtils.java:logGet(46)) - raft.server.log.segment.cache.size.max = 200MB (=209715200) (default)
2023-09-29 12:51:21,978 [6f9d3266-b874-4586-a718-9027df6ff647-groupManagement] INFO  server.RaftServerConfigKeys (ConfUtils.java:logGet(46)) - raft.server.log.appender.buffer.byte-limit = 33554432 (custom)
2023-09-29 12:51:21,978 [6f9d3266-b874-4586-a718-9027df6ff647-groupManagement] INFO  segmented.SegmentedRaftLogWorker (SegmentedRaftLogWorker.java:<init>(188)) - new 6f9d3266-b874-4586-a718-9027df6ff647@group-E0A3CFFD1989-SegmentedRaftLogWorker for RaftStorageImpl:Storage Directory /home/runner/work/ozone/ozone/hadoop-ozone/integration-test/target/test-dir/MiniOzoneClusterImpl-811b16cb-c214-4c75-bdb2-1b437bba6cdf/datanode-3/data/ratis/a759158d-7527-4318-bea8-e0a3cffd1989
2023-09-29 12:51:21,979 [6f9d3266-b874-4586-a718-9027df6ff647-groupManagement] INFO  server.RaftServerConfigKeys (ConfUtils.java:logGet(46)) - raft.server.log.queue.byte-limit = 4294967296 (custom)
2023-09-29 12:51:21,979 [6f9d3266-b874-4586-a718-9027df6ff647-groupManagement] INFO  server.RaftServerConfigKeys (ConfUtils.java:logGet(46)) - raft.server.log.queue.element-limit = 1024 (custom)
2023-09-29 12:51:21,979 [6f9d3266-b874-4586-a718-9027df6ff647-groupManagement] INFO  server.RaftServerConfigKeys (ConfUtils.java:logGet(46)) - raft.server.log.segment.size.max = 1048576 (custom)
2023-09-29 12:51:21,979 [6f9d3266-b874-4586-a718-9027df6ff647-groupManagement] INFO  server.RaftServerConfigKeys (ConfUtils.java:logGet(46)) - raft.server.log.preallocated.size = 16384 (custom)
2023-09-29 12:51:21,979 [6f9d3266-b874-4586-a718-9027df6ff647-groupManagement] INFO  server.RaftServerConfigKeys (ConfUtils.java:logGet(46)) - raft.server.log.force.sync.num = 128 (default)
2023-09-29 12:51:21,979 [6f9d3266-b874-4586-a718-9027df6ff647-groupManagement] INFO  server.RaftServerConfigKeys (ConfUtils.java:logGet(46)) - raft.server.log.statemachine.data.sync = true (default)
2023-09-29 12:51:21,980 [6f9d3266-b874-4586-a718-9027df6ff647-groupManagement] INFO  server.RaftServerConfigKeys (ConfUtils.java:logGet(46)) - raft.server.log.statemachine.data.sync.timeout = 10s (default)
2023-09-29 12:51:21,980 [6f9d3266-b874-4586-a718-9027df6ff647-groupManagement] INFO  server.RaftServerConfigKeys (ConfUtils.java:logGet(46)) - raft.server.log.statemachine.data.sync.timeout.retry = -1 (default)
2023-09-29 12:51:21,982 [6f9d3266-b874-4586-a718-9027df6ff647-groupManagement] INFO  server.RaftServerConfigKeys (ConfUtils.java:logGet(46)) - raft.server.log.write.buffer.size = 1048576 (custom)
2023-09-29 12:51:21,983 [6f9d3266-b874-4586-a718-9027df6ff647-groupManagement] INFO  server.RaftServerConfigKeys (ConfUtils.java:logGet(46)) - raft.server.log.appender.buffer.byte-limit = 33554432 (custom)
2023-09-29 12:51:21,993 [6f9d3266-b874-4586-a718-9027df6ff647-groupManagement] INFO  server.RaftServerConfigKeys (ConfUtils.java:logGet(46)) - raft.server.log.unsafe-flush.enabled = false (default)
2023-09-29 12:51:21,994 [6f9d3266-b874-4586-a718-9027df6ff647-groupManagement] INFO  server.RaftServerConfigKeys (ConfUtils.java:logGet(46)) - raft.server.log.async-flush.enabled = false (default)
2023-09-29 12:51:21,994 [6f9d3266-b874-4586-a718-9027df6ff647-groupManagement] INFO  server.RaftServerConfigKeys (ConfUtils.java:logGet(46)) - raft.server.log.statemachine.data.caching.enabled = true (custom)
2023-09-29 12:51:21,994 [6f9d3266-b874-4586-a718-9027df6ff647-groupManagement] INFO  segmented.SegmentedRaftLogWorker (SegmentedRaftLogWorker.java:lambda$new$0(135)) - 6f9d3266-b874-4586-a718-9027df6ff647@group-E0A3CFFD1989-SegmentedRaftLogWorker: flushIndex: setUnconditionally 0 -> -1
2023-09-29 12:51:21,994 [6f9d3266-b874-4586-a718-9027df6ff647-groupManagement] INFO  segmented.SegmentedRaftLogWorker (SegmentedRaftLogWorker.java:lambda$new$0(135)) - 6f9d3266-b874-4586-a718-9027df6ff647@group-E0A3CFFD1989-SegmentedRaftLogWorker: safeCacheEvictIndex: setUnconditionally 0 -> -1
2023-09-29 12:51:21,995 [6f9d3266-b874-4586-a718-9027df6ff647-groupManagement] INFO  server.RaftServer$Division (RaftServerImpl.java:start(342)) - 6f9d3266-b874-4586-a718-9027df6ff647@group-E0A3CFFD1989: start as a follower, conf=-1: peers:[6220322b-c54d-4ba8-95d6-5fd9b706d663|rpc:10.1.0.70:15050|admin:10.1.0.70:15049|client:10.1.0.70:15048|dataStream:10.1.0.70:15051|priority:0|startupRole:FOLLOWER, 6f9d3266-b874-4586-a718-9027df6ff647|rpc:10.1.0.70:15041|admin:10.1.0.70:15040|client:10.1.0.70:15039|dataStream:10.1.0.70:15042|priority:0|startupRole:FOLLOWER, 80a9a8fe-8ad4-444c-8e90-e2ced2b3ac02|rpc:10.1.0.70:15059|admin:10.1.0.70:15058|client:10.1.0.70:15057|dataStream:10.1.0.70:15060|priority:1|startupRole:FOLLOWER]|listeners:[], old=null
2023-09-29 12:51:21,995 [6f9d3266-b874-4586-a718-9027df6ff647-groupManagement] INFO  server.RaftServer$Division (RaftServerImpl.java:setRole(329)) - 6f9d3266-b874-4586-a718-9027df6ff647@group-E0A3CFFD1989: changes role from      null to FOLLOWER at term 0 for startAsFollower
2023-09-29 12:51:21,995 [6f9d3266-b874-4586-a718-9027df6ff647-groupManagement] INFO  impl.RoleInfo (RoleInfo.java:updateAndGet(139)) - 6f9d3266-b874-4586-a718-9027df6ff647: start 6f9d3266-b874-4586-a718-9027df6ff647@group-E0A3CFFD1989-FollowerState
2023-09-29 12:51:21,995 [6f9d3266-b874-4586-a718-9027df6ff647-groupManagement] INFO  util.JmxRegister (JmxRegister.java:tryRegister(44)) - Successfully registered JMX Bean with object name Ratis:service=RaftServer,group=group-E0A3CFFD1989,id=6f9d3266-b874-4586-a718-9027df6ff647
2023-09-29 12:51:21,995 [6f9d3266-b874-4586-a718-9027df6ff647-groupManagement] INFO  server.RaftServerConfigKeys (ConfUtils.java:logGet(46)) - raft.server.snapshot.auto.trigger.enabled = true (custom)
2023-09-29 12:51:21,995 [6f9d3266-b874-4586-a718-9027df6ff647-groupManagement] INFO  server.RaftServerConfigKeys (ConfUtils.java:logGet(46)) - raft.server.snapshot.auto.trigger.threshold = 10000 (custom)
2023-09-29 12:51:21,995 [6f9d3266-b874-4586-a718-9027df6ff647-groupManagement] INFO  server.RaftServerConfigKeys (ConfUtils.java:logGet(46)) - raft.server.snapshot.retention.file.num = 5 (custom)
2023-09-29 12:51:21,996 [6f9d3266-b874-4586-a718-9027df6ff647-groupManagement] INFO  server.RaftServerConfigKeys (ConfUtils.java:logGet(46)) - raft.server.log.purge.upto.snapshot.index = false (default)
2023-09-29 12:51:22,000 [PipelineCommandHandlerThread-0] INFO  ratis.XceiverServerRatis (XceiverServerRatis.java:addGroup(804)) - Created group PipelineID=a759158d-7527-4318-bea8-e0a3cffd1989
2023-09-29 12:51:22,004 [6f9d3266-b874-4586-a718-9027df6ff647@group-E0A3CFFD1989-FollowerState] INFO  server.RaftServerConfigKeys (ConfUtils.java:logFallback(53)) - raft.server.rpc.first-election.timeout.min = 5s (fallback to raft.server.rpc.timeout.min)
2023-09-29 12:51:22,005 [6f9d3266-b874-4586-a718-9027df6ff647@group-E0A3CFFD1989-FollowerState] INFO  server.RaftServerConfigKeys (ConfUtils.java:logFallback(53)) - raft.server.rpc.first-election.timeout.max = 5200ms (fallback to raft.server.rpc.timeout.max)
2023-09-29 12:51:22,025 [grpc-default-executor-2] INFO  server.RaftServer (RaftServerProxy.java:addNew(98)) - 80a9a8fe-8ad4-444c-8e90-e2ced2b3ac02: addNew group-E0A3CFFD1989:[6220322b-c54d-4ba8-95d6-5fd9b706d663|rpc:10.1.0.70:15050|admin:10.1.0.70:15049|client:10.1.0.70:15048|dataStream:10.1.0.70:15051|priority:0|startupRole:FOLLOWER, 6f9d3266-b874-4586-a718-9027df6ff647|rpc:10.1.0.70:15041|admin:10.1.0.70:15040|client:10.1.0.70:15039|dataStream:10.1.0.70:15042|priority:0|startupRole:FOLLOWER, 80a9a8fe-8ad4-444c-8e90-e2ced2b3ac02|rpc:10.1.0.70:15059|admin:10.1.0.70:15058|client:10.1.0.70:15057|dataStream:10.1.0.70:15060|priority:1|startupRole:FOLLOWER] returns group-E0A3CFFD1989:java.util.concurrent.CompletableFuture@78242e48[Not completed]
2023-09-29 12:51:22,031 [80a9a8fe-8ad4-444c-8e90-e2ced2b3ac02-groupManagement] INFO  server.RaftServer$Division (RaftServerImpl.java:<init>(198)) - 80a9a8fe-8ad4-444c-8e90-e2ced2b3ac02: new RaftServerImpl for group-E0A3CFFD1989:[6220322b-c54d-4ba8-95d6-5fd9b706d663|rpc:10.1.0.70:15050|admin:10.1.0.70:15049|client:10.1.0.70:15048|dataStream:10.1.0.70:15051|priority:0|startupRole:FOLLOWER, 6f9d3266-b874-4586-a718-9027df6ff647|rpc:10.1.0.70:15041|admin:10.1.0.70:15040|client:10.1.0.70:15039|dataStream:10.1.0.70:15042|priority:0|startupRole:FOLLOWER, 80a9a8fe-8ad4-444c-8e90-e2ced2b3ac02|rpc:10.1.0.70:15059|admin:10.1.0.70:15058|client:10.1.0.70:15057|dataStream:10.1.0.70:15060|priority:1|startupRole:FOLLOWER] with ContainerStateMachine:uninitialized
2023-09-29 12:51:22,032 [80a9a8fe-8ad4-444c-8e90-e2ced2b3ac02-groupManagement] INFO  server.RaftServerConfigKeys (ConfUtils.java:logGet(46)) - raft.server.rpc.timeout.min = 5s (custom)
2023-09-29 12:51:22,032 [80a9a8fe-8ad4-444c-8e90-e2ced2b3ac02-groupManagement] INFO  server.RaftServerConfigKeys (ConfUtils.java:logGet(46)) - raft.server.rpc.timeout.max = 5200ms (custom)
2023-09-29 12:51:22,032 [80a9a8fe-8ad4-444c-8e90-e2ced2b3ac02-groupManagement] INFO  server.RaftServerConfigKeys (ConfUtils.java:logGet(46)) - raft.server.rpc.sleep.time = 25ms (default)
2023-09-29 12:51:22,032 [80a9a8fe-8ad4-444c-8e90-e2ced2b3ac02-groupManagement] INFO  server.RaftServerConfigKeys (ConfUtils.java:logGet(46)) - raft.server.rpc.slowness.timeout = 300s (custom)
2023-09-29 12:51:22,032 [80a9a8fe-8ad4-444c-8e90-e2ced2b3ac02-groupManagement] INFO  server.RaftServerConfigKeys (ConfUtils.java:logGet(46)) - raft.server.leaderelection.leader.step-down.wait-time = 10s (default)
2023-09-29 12:51:22,032 [80a9a8fe-8ad4-444c-8e90-e2ced2b3ac02-groupManagement] INFO  server.RaftServerConfigKeys (ConfUtils.java:logGet(46)) - raft.server.sleep.deviation.threshold = 300ms (default)
2023-09-29 12:51:22,032 [80a9a8fe-8ad4-444c-8e90-e2ced2b3ac02-groupManagement] INFO  server.RaftServer$Division (ServerState.java:<init>(120)) - 80a9a8fe-8ad4-444c-8e90-e2ced2b3ac02@group-E0A3CFFD1989: ConfigurationManager, init=-1: peers:[6220322b-c54d-4ba8-95d6-5fd9b706d663|rpc:10.1.0.70:15050|admin:10.1.0.70:15049|client:10.1.0.70:15048|dataStream:10.1.0.70:15051|priority:0|startupRole:FOLLOWER, 6f9d3266-b874-4586-a718-9027df6ff647|rpc:10.1.0.70:15041|admin:10.1.0.70:15040|client:10.1.0.70:15039|dataStream:10.1.0.70:15042|priority:0|startupRole:FOLLOWER, 80a9a8fe-8ad4-444c-8e90-e2ced2b3ac02|rpc:10.1.0.70:15059|admin:10.1.0.70:15058|client:10.1.0.70:15057|dataStream:10.1.0.70:15060|priority:1|startupRole:FOLLOWER]|listeners:[], old=null, confs=<EMPTY_MAP>
2023-09-29 12:51:22,032 [80a9a8fe-8ad4-444c-8e90-e2ced2b3ac02-groupManagement] INFO  server.RaftServerConfigKeys (ConfUtils.java:logGet(46)) - raft.server.storage.dir = [/home/runner/work/ozone/ozone/hadoop-ozone/integration-test/target/test-dir/MiniOzoneClusterImpl-811b16cb-c214-4c75-bdb2-1b437bba6cdf/datanode-5/data/ratis] (custom)
2023-09-29 12:51:22,033 [80a9a8fe-8ad4-444c-8e90-e2ced2b3ac02-groupManagement] INFO  server.RaftServerConfigKeys (ConfUtils.java:logGet(46)) - raft.server.log.corruption.policy = EXCEPTION (default)
2023-09-29 12:51:22,033 [80a9a8fe-8ad4-444c-8e90-e2ced2b3ac02-groupManagement] INFO  server.RaftServerConfigKeys (ConfUtils.java:logGet(46)) - raft.server.storage.free-space.min = 0MB (=0) (default)
2023-09-29 12:51:22,033 [80a9a8fe-8ad4-444c-8e90-e2ced2b3ac02-groupManagement] INFO  server.RaftServerConfigKeys (ConfUtils.java:logGet(46)) - raft.server.notification.no-leader.timeout = 300s (custom)
2023-09-29 12:51:22,033 [80a9a8fe-8ad4-444c-8e90-e2ced2b3ac02-groupManagement] INFO  server.RaftServerConfigKeys (ConfUtils.java:logGet(46)) - raft.server.read.timeout = 10s (default)
2023-09-29 12:51:22,033 [80a9a8fe-8ad4-444c-8e90-e2ced2b3ac02-groupManagement] INFO  server.RaftServerConfigKeys (ConfUtils.java:logGet(46)) - raft.server.retrycache.expirytime = 600000ms (custom)
2023-09-29 12:51:22,033 [80a9a8fe-8ad4-444c-8e90-e2ced2b3ac02-groupManagement] INFO  server.RaftServerConfigKeys (ConfUtils.java:logGet(46)) - raft.server.retrycache.statistics.expirytime = 100μs (default)
2023-09-29 12:51:22,033 [80a9a8fe-8ad4-444c-8e90-e2ced2b3ac02-groupManagement] INFO  server.RaftServerConfigKeys (ConfUtils.java:logGet(46)) - raft.server.read.option = DEFAULT (default)
2023-09-29 12:51:22,037 [80a9a8fe-8ad4-444c-8e90-e2ced2b3ac02-groupManagement] INFO  server.RaftServerConfigKeys (ConfUtils.java:logGet(46)) - raft.server.rpc.request.timeout = 60s (custom)
2023-09-29 12:51:22,037 [80a9a8fe-8ad4-444c-8e90-e2ced2b3ac02-groupManagement] INFO  server.RaftServerConfigKeys (ConfUtils.java:logGet(46)) - raft.server.log.appender.install.snapshot.enabled = false (custom)
2023-09-29 12:51:22,037 [80a9a8fe-8ad4-444c-8e90-e2ced2b3ac02-groupManagement] INFO  server.RaftServerConfigKeys (ConfUtils.java:logGet(46)) - raft.server.threadpool.server.cached = true (default)
2023-09-29 12:51:22,037 [80a9a8fe-8ad4-444c-8e90-e2ced2b3ac02-groupManagement] INFO  server.RaftServerConfigKeys (ConfUtils.java:logGet(46)) - raft.server.threadpool.server.size = 0 (default)
2023-09-29 12:51:22,038 [80a9a8fe-8ad4-444c-8e90-e2ced2b3ac02-groupManagement] INFO  server.RaftServerConfigKeys (ConfUtils.java:logGet(46)) - raft.server.threadpool.client.cached = true (default)
2023-09-29 12:51:22,038 [80a9a8fe-8ad4-444c-8e90-e2ced2b3ac02-groupManagement] INFO  server.RaftServerConfigKeys (ConfUtils.java:logGet(46)) - raft.server.threadpool.client.size = 0 (default)
2023-09-29 12:51:22,038 [80a9a8fe-8ad4-444c-8e90-e2ced2b3ac02-groupManagement] INFO  storage.RaftStorageDirectory (RaftStorageDirectoryImpl.java:analyzeStorage(137)) - The storage directory /home/runner/work/ozone/ozone/hadoop-ozone/integration-test/target/test-dir/MiniOzoneClusterImpl-811b16cb-c214-4c75-bdb2-1b437bba6cdf/datanode-5/data/ratis/a759158d-7527-4318-bea8-e0a3cffd1989 does not exist. Creating ...
2023-09-29 12:51:22,041 [80a9a8fe-8ad4-444c-8e90-e2ced2b3ac02-groupManagement] INFO  storage.RaftStorageDirectory (RaftStorageDirectoryImpl.java:tryLock(231)) - Lock on /home/runner/work/ozone/ozone/hadoop-ozone/integration-test/target/test-dir/MiniOzoneClusterImpl-811b16cb-c214-4c75-bdb2-1b437bba6cdf/datanode-5/data/ratis/a759158d-7527-4318-bea8-e0a3cffd1989/in_use.lock acquired by nodename 70928@fv-az238-384
2023-09-29 12:51:22,046 [80a9a8fe-8ad4-444c-8e90-e2ced2b3ac02-groupManagement] INFO  storage.RaftStorage (RaftStorageImpl.java:format(96)) - Storage directory /home/runner/work/ozone/ozone/hadoop-ozone/integration-test/target/test-dir/MiniOzoneClusterImpl-811b16cb-c214-4c75-bdb2-1b437bba6cdf/datanode-5/data/ratis/a759158d-7527-4318-bea8-e0a3cffd1989 has been successfully formatted.
2023-09-29 12:51:22,048 [80a9a8fe-8ad4-444c-8e90-e2ced2b3ac02-groupManagement] INFO  ratis.ContainerStateMachine (ContainerStateMachine.java:loadSnapshot(262)) - group-E0A3CFFD1989: The snapshot info is null. Setting the last applied indexto:(t:0, i:~)
2023-09-29 12:51:22,048 [80a9a8fe-8ad4-444c-8e90-e2ced2b3ac02-groupManagement] INFO  server.RaftServerConfigKeys (ConfUtils.java:logGet(46)) - raft.server.log.use.memory = false (default)
2023-09-29 12:51:22,048 [80a9a8fe-8ad4-444c-8e90-e2ced2b3ac02-groupManagement] INFO  server.RaftServerConfigKeys (ConfUtils.java:logGet(46)) - raft.server.log.purge.gap = 1000000 (custom)
2023-09-29 12:51:22,048 [80a9a8fe-8ad4-444c-8e90-e2ced2b3ac02-groupManagement] INFO  server.RaftServerConfigKeys (ConfUtils.java:logGet(46)) - raft.server.log.appender.buffer.byte-limit = 33554432 (custom)
2023-09-29 12:51:22,048 [80a9a8fe-8ad4-444c-8e90-e2ced2b3ac02-groupManagement] INFO  server.RaftServerConfigKeys (ConfUtils.java:logGet(46)) - raft.server.log.statemachine.data.read.timeout = 1000ms (default)
2023-09-29 12:51:22,049 [80a9a8fe-8ad4-444c-8e90-e2ced2b3ac02-groupManagement] INFO  server.RaftServerConfigKeys (ConfUtils.java:logGet(46)) - raft.server.log.purge.preservation.log.num = 0 (default)
2023-09-29 12:51:22,049 [80a9a8fe-8ad4-444c-8e90-e2ced2b3ac02-groupManagement] INFO  server.RaftServerConfigKeys (ConfUtils.java:logGet(46)) - raft.server.log.segment.size.max = 1048576 (custom)
2023-09-29 12:51:22,049 [80a9a8fe-8ad4-444c-8e90-e2ced2b3ac02-groupManagement] INFO  server.RaftServerConfigKeys (ConfUtils.java:logGet(46)) - raft.server.log.segment.cache.num.max = 2 (custom)
2023-09-29 12:51:22,050 [80a9a8fe-8ad4-444c-8e90-e2ced2b3ac02-groupManagement] INFO  server.RaftServerConfigKeys (ConfUtils.java:logGet(46)) - raft.server.log.segment.cache.size.max = 200MB (=209715200) (default)
2023-09-29 12:51:22,050 [80a9a8fe-8ad4-444c-8e90-e2ced2b3ac02-groupManagement] INFO  server.RaftServerConfigKeys (ConfUtils.java:logGet(46)) - raft.server.log.appender.buffer.byte-limit = 33554432 (custom)
2023-09-29 12:51:22,050 [80a9a8fe-8ad4-444c-8e90-e2ced2b3ac02-groupManagement] INFO  segmented.SegmentedRaftLogWorker (SegmentedRaftLogWorker.java:<init>(188)) - new 80a9a8fe-8ad4-444c-8e90-e2ced2b3ac02@group-E0A3CFFD1989-SegmentedRaftLogWorker for RaftStorageImpl:Storage Directory /home/runner/work/ozone/ozone/hadoop-ozone/integration-test/target/test-dir/MiniOzoneClusterImpl-811b16cb-c214-4c75-bdb2-1b437bba6cdf/datanode-5/data/ratis/a759158d-7527-4318-bea8-e0a3cffd1989
2023-09-29 12:51:22,050 [80a9a8fe-8ad4-444c-8e90-e2ced2b3ac02-groupManagement] INFO  server.RaftServerConfigKeys (ConfUtils.java:logGet(46)) - raft.server.log.queue.byte-limit = 4294967296 (custom)
2023-09-29 12:51:22,050 [80a9a8fe-8ad4-444c-8e90-e2ced2b3ac02-groupManagement] INFO  server.RaftServerConfigKeys (ConfUtils.java:logGet(46)) - raft.server.log.queue.element-limit = 1024 (custom)
2023-09-29 12:51:22,050 [80a9a8fe-8ad4-444c-8e90-e2ced2b3ac02-groupManagement] INFO  server.RaftServerConfigKeys (ConfUtils.java:logGet(46)) - raft.server.log.segment.size.max = 1048576 (custom)
2023-09-29 12:51:22,050 [80a9a8fe-8ad4-444c-8e90-e2ced2b3ac02-groupManagement] INFO  server.RaftServerConfigKeys (ConfUtils.java:logGet(46)) - raft.server.log.preallocated.size = 16384 (custom)
2023-09-29 12:51:22,050 [80a9a8fe-8ad4-444c-8e90-e2ced2b3ac02-groupManagement] INFO  server.RaftServerConfigKeys (ConfUtils.java:logGet(46)) - raft.server.log.force.sync.num = 128 (default)
2023-09-29 12:51:22,050 [80a9a8fe-8ad4-444c-8e90-e2ced2b3ac02-groupManagement] INFO  server.RaftServerConfigKeys (ConfUtils.java:logGet(46)) - raft.server.log.statemachine.data.sync = true (default)
2023-09-29 12:51:22,050 [80a9a8fe-8ad4-444c-8e90-e2ced2b3ac02-groupManagement] INFO  server.RaftServerConfigKeys (ConfUtils.java:logGet(46)) - raft.server.log.statemachine.data.sync.timeout = 10s (default)
2023-09-29 12:51:22,053 [80a9a8fe-8ad4-444c-8e90-e2ced2b3ac02-groupManagement] INFO  server.RaftServerConfigKeys (ConfUtils.java:logGet(46)) - raft.server.log.statemachine.data.sync.timeout.retry = -1 (default)
2023-09-29 12:51:22,054 [80a9a8fe-8ad4-444c-8e90-e2ced2b3ac02-groupManagement] INFO  server.RaftServerConfigKeys (ConfUtils.java:logGet(46)) - raft.server.log.write.buffer.size = 1048576 (custom)
2023-09-29 12:51:22,055 [80a9a8fe-8ad4-444c-8e90-e2ced2b3ac02-groupManagement] INFO  server.RaftServerConfigKeys (ConfUtils.java:logGet(46)) - raft.server.log.appender.buffer.byte-limit = 33554432 (custom)
2023-09-29 12:51:22,494 [JvmPauseMonitor10] WARN  util.JvmPauseMonitor (JvmPauseMonitor.java:detectPause(124)) - JvmPauseMonitor-4dfacd3a-85e6-4f60-aa9f-15a17a1c954a: Detected pause in JVM or host machine approximately 0.321s with 0.434s GC time.
GC pool 'PS MarkSweep' had collection(s): count=1 time=344ms
GC pool 'PS Scavenge' had collection(s): count=1 time=90ms
2023-09-29 12:51:22,510 [6220322b-c54d-4ba8-95d6-5fd9b706d663-groupManagement] INFO  server.RaftServer$Division (RaftServerImpl.java:<init>(198)) - 6220322b-c54d-4ba8-95d6-5fd9b706d663: new RaftServerImpl for group-23200BB8A37D:[6220322b-c54d-4ba8-95d6-5fd9b706d663|rpc:10.1.0.70:15050|admin:10.1.0.70:15049|client:10.1.0.70:15048|dataStream:10.1.0.70:15051|priority:1|startupRole:FOLLOWER] with ContainerStateMachine:uninitialized
2023-09-29 12:51:22,509 [PipelineCommandHandlerThread-0] INFO  server.RaftServer (RaftServerProxy.java:addNew(98)) - 6220322b-c54d-4ba8-95d6-5fd9b706d663: addNew group-23200BB8A37D:[6220322b-c54d-4ba8-95d6-5fd9b706d663|rpc:10.1.0.70:15050|admin:10.1.0.70:15049|client:10.1.0.70:15048|dataStream:10.1.0.70:15051|priority:1|startupRole:FOLLOWER] returns group-23200BB8A37D:java.util.concurrent.CompletableFuture@27be99d[Not completed]
2023-09-29 12:51:22,508 [80a9a8fe-8ad4-444c-8e90-e2ced2b3ac02-groupManagement] INFO  server.RaftServerConfigKeys (ConfUtils.java:logGet(46)) - raft.server.log.unsafe-flush.enabled = false (default)
2023-09-29 12:51:22,500 [JvmPauseMonitor4] WARN  util.JvmPauseMonitor (JvmPauseMonitor.java:detectPause(124)) - JvmPauseMonitor-9305807b-68e0-4de4-9f06-795e0c374ac6: Detected pause in JVM or host machine approximately 0.434s with 0.434s GC time.
GC pool 'PS MarkSweep' had collection(s): count=1 time=344ms
GC pool 'PS Scavenge' had collection(s): count=1 time=90ms
2023-09-29 12:51:22,514 [80a9a8fe-8ad4-444c-8e90-e2ced2b3ac02-groupManagement] INFO  server.RaftServerConfigKeys (ConfUtils.java:logGet(46)) - raft.server.log.async-flush.enabled = false (default)
2023-09-29 12:51:22,495 [JvmPauseMonitor11] WARN  util.JvmPauseMonitor (JvmPauseMonitor.java:detectPause(124)) - JvmPauseMonitor-f6fa4039-8fe9-46ca-92f5-bb04d02dc273: Detected pause in JVM or host machine approximately 0.272s with 0.434s GC time.
GC pool 'PS MarkSweep' had collection(s): count=1 time=344ms
GC pool 'PS Scavenge' had collection(s): count=1 time=90ms
2023-09-29 12:51:22,514 [80a9a8fe-8ad4-444c-8e90-e2ced2b3ac02-groupManagement] INFO  server.RaftServerConfigKeys (ConfUtils.java:logGet(46)) - raft.server.log.statemachine.data.caching.enabled = true (custom)
2023-09-29 12:51:22,494 [JvmPauseMonitor3] WARN  util.JvmPauseMonitor (JvmPauseMonitor.java:detectPause(124)) - JvmPauseMonitor-5317d628-7528-4015-930b-d89d4a444778: Detected pause in JVM or host machine approximately 0.427s with 0.434s GC time.
GC pool 'PS MarkSweep' had collection(s): count=1 time=344ms
GC pool 'PS Scavenge' had collection(s): count=1 time=90ms
2023-09-29 12:51:22,494 [JvmPauseMonitor0] WARN  util.JvmPauseMonitor (JvmPauseMonitor.java:detectPause(124)) - JvmPauseMonitor-07a9c960-736d-4242-be12-0b6846a319f4: Detected pause in JVM or host machine approximately 0.293s with 0.434s GC time.
GC pool 'PS MarkSweep' had collection(s): count=1 time=344ms
GC pool 'PS Scavenge' had collection(s): count=1 time=90ms
2023-09-29 12:51:22,494 [JvmPauseMonitor9] WARN  util.JvmPauseMonitor (JvmPauseMonitor.java:detectPause(124)) - JvmPauseMonitor-9fc007ee-6328-4e66-a7f4-dfd370a25fec: Detected pause in JVM or host machine approximately 0.195s with 0.434s GC time.
GC pool 'PS MarkSweep' had collection(s): count=1 time=344ms
GC pool 'PS Scavenge' had collection(s): count=1 time=90ms
2023-09-29 12:51:22,515 [6220322b-c54d-4ba8-95d6-5fd9b706d663-groupManagement] INFO  server.RaftServerConfigKeys (ConfUtils.java:logGet(46)) - raft.server.rpc.timeout.min = 5s (custom)
2023-09-29 12:51:22,516 [6220322b-c54d-4ba8-95d6-5fd9b706d663-groupManagement] INFO  server.RaftServerConfigKeys (ConfUtils.java:logGet(46)) - raft.server.rpc.timeout.max = 5200ms (custom)
2023-09-29 12:51:22,516 [6220322b-c54d-4ba8-95d6-5fd9b706d663-groupManagement] INFO  server.RaftServerConfigKeys (ConfUtils.java:logGet(46)) - raft.server.rpc.sleep.time = 25ms (default)
2023-09-29 12:51:22,516 [6220322b-c54d-4ba8-95d6-5fd9b706d663-groupManagement] INFO  server.RaftServerConfigKeys (ConfUtils.java:logGet(46)) - raft.server.rpc.slowness.timeout = 300s (custom)
2023-09-29 12:51:22,516 [6220322b-c54d-4ba8-95d6-5fd9b706d663-groupManagement] INFO  server.RaftServerConfigKeys (ConfUtils.java:logGet(46)) - raft.server.leaderelection.leader.step-down.wait-time = 10s (default)
2023-09-29 12:51:22,517 [6220322b-c54d-4ba8-95d6-5fd9b706d663-groupManagement] INFO  server.RaftServerConfigKeys (ConfUtils.java:logGet(46)) - raft.server.sleep.deviation.threshold = 300ms (default)
2023-09-29 12:51:22,517 [6220322b-c54d-4ba8-95d6-5fd9b706d663-groupManagement] INFO  server.RaftServer$Division (ServerState.java:<init>(120)) - 6220322b-c54d-4ba8-95d6-5fd9b706d663@group-23200BB8A37D: ConfigurationManager, init=-1: peers:[6220322b-c54d-4ba8-95d6-5fd9b706d663|rpc:10.1.0.70:15050|admin:10.1.0.70:15049|client:10.1.0.70:15048|dataStream:10.1.0.70:15051|priority:1|startupRole:FOLLOWER]|listeners:[], old=null, confs=<EMPTY_MAP>
2023-09-29 12:51:22,517 [6220322b-c54d-4ba8-95d6-5fd9b706d663-groupManagement] INFO  server.RaftServerConfigKeys (ConfUtils.java:logGet(46)) - raft.server.storage.dir = [/home/runner/work/ozone/ozone/hadoop-ozone/integration-test/target/test-dir/MiniOzoneClusterImpl-811b16cb-c214-4c75-bdb2-1b437bba6cdf/datanode-4/data/ratis] (custom)
2023-09-29 12:51:22,517 [6220322b-c54d-4ba8-95d6-5fd9b706d663-groupManagement] INFO  server.RaftServerConfigKeys (ConfUtils.java:logGet(46)) - raft.server.log.corruption.policy = EXCEPTION (default)
2023-09-29 12:51:22,517 [6220322b-c54d-4ba8-95d6-5fd9b706d663-groupManagement] INFO  server.RaftServerConfigKeys (ConfUtils.java:logGet(46)) - raft.server.storage.free-space.min = 0MB (=0) (default)
2023-09-29 12:51:22,517 [6220322b-c54d-4ba8-95d6-5fd9b706d663-groupManagement] INFO  server.RaftServerConfigKeys (ConfUtils.java:logGet(46)) - raft.server.notification.no-leader.timeout = 300s (custom)
2023-09-29 12:51:22,517 [6220322b-c54d-4ba8-95d6-5fd9b706d663-groupManagement] INFO  server.RaftServerConfigKeys (ConfUtils.java:logGet(46)) - raft.server.read.timeout = 10s (default)
2023-09-29 12:51:22,517 [6220322b-c54d-4ba8-95d6-5fd9b706d663-groupManagement] INFO  server.RaftServerConfigKeys (ConfUtils.java:logGet(46)) - raft.server.retrycache.expirytime = 600000ms (custom)
2023-09-29 12:51:22,518 [6220322b-c54d-4ba8-95d6-5fd9b706d663-groupManagement] INFO  server.RaftServerConfigKeys (ConfUtils.java:logGet(46)) - raft.server.retrycache.statistics.expirytime = 100μs (default)
2023-09-29 12:51:22,518 [6220322b-c54d-4ba8-95d6-5fd9b706d663-groupManagement] INFO  server.RaftServerConfigKeys (ConfUtils.java:logGet(46)) - raft.server.read.option = DEFAULT (default)
2023-09-29 12:51:22,517 [80a9a8fe-8ad4-444c-8e90-e2ced2b3ac02-groupManagement] INFO  segmented.SegmentedRaftLogWorker (SegmentedRaftLogWorker.java:lambda$new$0(135)) - 80a9a8fe-8ad4-444c-8e90-e2ced2b3ac02@group-E0A3CFFD1989-SegmentedRaftLogWorker: flushIndex: setUnconditionally 0 -> -1
2023-09-29 12:51:22,523 [80a9a8fe-8ad4-444c-8e90-e2ced2b3ac02-groupManagement] INFO  segmented.SegmentedRaftLogWorker (SegmentedRaftLogWorker.java:lambda$new$0(135)) - 80a9a8fe-8ad4-444c-8e90-e2ced2b3ac02@group-E0A3CFFD1989-SegmentedRaftLogWorker: safeCacheEvictIndex: setUnconditionally 0 -> -1
2023-09-29 12:51:22,528 [6220322b-c54d-4ba8-95d6-5fd9b706d663-groupManagement] INFO  server.RaftServerConfigKeys (ConfUtils.java:logGet(46)) - raft.server.rpc.request.timeout = 60s (custom)
2023-09-29 12:51:22,528 [6220322b-c54d-4ba8-95d6-5fd9b706d663-groupManagement] INFO  server.RaftServerConfigKeys (ConfUtils.java:logGet(46)) - raft.server.log.appender.install.snapshot.enabled = false (custom)
2023-09-29 12:51:22,528 [6220322b-c54d-4ba8-95d6-5fd9b706d663-groupManagement] INFO  server.RaftServerConfigKeys (ConfUtils.java:logGet(46)) - raft.server.threadpool.server.cached = true (default)
2023-09-29 12:51:22,528 [6220322b-c54d-4ba8-95d6-5fd9b706d663-groupManagement] INFO  server.RaftServerConfigKeys (ConfUtils.java:logGet(46)) - raft.server.threadpool.server.size = 0 (default)
2023-09-29 12:51:22,528 [6220322b-c54d-4ba8-95d6-5fd9b706d663-groupManagement] INFO  server.RaftServerConfigKeys (ConfUtils.java:logGet(46)) - raft.server.threadpool.client.cached = true (default)
2023-09-29 12:51:22,528 [6220322b-c54d-4ba8-95d6-5fd9b706d663-groupManagement] INFO  server.RaftServerConfigKeys (ConfUtils.java:logGet(46)) - raft.server.threadpool.client.size = 0 (default)
2023-09-29 12:51:22,529 [6220322b-c54d-4ba8-95d6-5fd9b706d663-groupManagement] INFO  storage.RaftStorageDirectory (RaftStorageDirectoryImpl.java:analyzeStorage(137)) - The storage directory /home/runner/work/ozone/ozone/hadoop-ozone/integration-test/target/test-dir/MiniOzoneClusterImpl-811b16cb-c214-4c75-bdb2-1b437bba6cdf/datanode-4/data/ratis/88f45a07-8f45-4f74-a1d0-23200bb8a37d does not exist. Creating ...
2023-09-29 12:51:22,530 [80a9a8fe-8ad4-444c-8e90-e2ced2b3ac02-groupManagement] INFO  server.RaftServer$Division (RaftServerImpl.java:start(342)) - 80a9a8fe-8ad4-444c-8e90-e2ced2b3ac02@group-E0A3CFFD1989: start as a follower, conf=-1: peers:[6220322b-c54d-4ba8-95d6-5fd9b706d663|rpc:10.1.0.70:15050|admin:10.1.0.70:15049|client:10.1.0.70:15048|dataStream:10.1.0.70:15051|priority:0|startupRole:FOLLOWER, 6f9d3266-b874-4586-a718-9027df6ff647|rpc:10.1.0.70:15041|admin:10.1.0.70:15040|client:10.1.0.70:15039|dataStream:10.1.0.70:15042|priority:0|startupRole:FOLLOWER, 80a9a8fe-8ad4-444c-8e90-e2ced2b3ac02|rpc:10.1.0.70:15059|admin:10.1.0.70:15058|client:10.1.0.70:15057|dataStream:10.1.0.70:15060|priority:1|startupRole:FOLLOWER]|listeners:[], old=null
2023-09-29 12:51:22,530 [80a9a8fe-8ad4-444c-8e90-e2ced2b3ac02-groupManagement] INFO  server.RaftServer$Division (RaftServerImpl.java:setRole(329)) - 80a9a8fe-8ad4-444c-8e90-e2ced2b3ac02@group-E0A3CFFD1989: changes role from      null to FOLLOWER at term 0 for startAsFollower
2023-09-29 12:51:22,530 [6220322b-c54d-4ba8-95d6-5fd9b706d663-groupManagement] INFO  storage.RaftStorageDirectory (RaftStorageDirectoryImpl.java:tryLock(231)) - Lock on /home/runner/work/ozone/ozone/hadoop-ozone/integration-test/target/test-dir/MiniOzoneClusterImpl-811b16cb-c214-4c75-bdb2-1b437bba6cdf/datanode-4/data/ratis/88f45a07-8f45-4f74-a1d0-23200bb8a37d/in_use.lock acquired by nodename 70928@fv-az238-384
2023-09-29 12:51:22,530 [80a9a8fe-8ad4-444c-8e90-e2ced2b3ac02-groupManagement] INFO  impl.RoleInfo (RoleInfo.java:updateAndGet(139)) - 80a9a8fe-8ad4-444c-8e90-e2ced2b3ac02: start 80a9a8fe-8ad4-444c-8e90-e2ced2b3ac02@group-E0A3CFFD1989-FollowerState
2023-09-29 12:51:22,532 [80a9a8fe-8ad4-444c-8e90-e2ced2b3ac02-groupManagement] INFO  util.JmxRegister (JmxRegister.java:tryRegister(44)) - Successfully registered JMX Bean with object name Ratis:service=RaftServer,group=group-E0A3CFFD1989,id=80a9a8fe-8ad4-444c-8e90-e2ced2b3ac02
2023-09-29 12:51:22,532 [80a9a8fe-8ad4-444c-8e90-e2ced2b3ac02@group-E0A3CFFD1989-FollowerState] INFO  server.RaftServerConfigKeys (ConfUtils.java:logFallback(53)) - raft.server.rpc.first-election.timeout.min = 5s (fallback to raft.server.rpc.timeout.min)
2023-09-29 12:51:22,532 [80a9a8fe-8ad4-444c-8e90-e2ced2b3ac02@group-E0A3CFFD1989-FollowerState] INFO  server.RaftServerConfigKeys (ConfUtils.java:logFallback(53)) - raft.server.rpc.first-election.timeout.max = 5200ms (fallback to raft.server.rpc.timeout.max)
2023-09-29 12:51:22,532 [80a9a8fe-8ad4-444c-8e90-e2ced2b3ac02-groupManagement] INFO  server.RaftServerConfigKeys (ConfUtils.java:logGet(46)) - raft.server.snapshot.auto.trigger.enabled = true (custom)
2023-09-29 12:51:22,532 [80a9a8fe-8ad4-444c-8e90-e2ced2b3ac02-groupManagement] INFO  server.RaftServerConfigKeys (ConfUtils.java:logGet(46)) - raft.server.snapshot.auto.trigger.threshold = 10000 (custom)
2023-09-29 12:51:22,532 [80a9a8fe-8ad4-444c-8e90-e2ced2b3ac02-groupManagement] INFO  server.RaftServerConfigKeys (ConfUtils.java:logGet(46)) - raft.server.snapshot.retention.file.num = 5 (custom)
2023-09-29 12:51:22,532 [80a9a8fe-8ad4-444c-8e90-e2ced2b3ac02-groupManagement] INFO  server.RaftServerConfigKeys (ConfUtils.java:logGet(46)) - raft.server.log.purge.upto.snapshot.index = false (default)
2023-09-29 12:51:22,533 [6220322b-c54d-4ba8-95d6-5fd9b706d663-groupManagement] INFO  storage.RaftStorage (RaftStorageImpl.java:format(96)) - Storage directory /home/runner/work/ozone/ozone/hadoop-ozone/integration-test/target/test-dir/MiniOzoneClusterImpl-811b16cb-c214-4c75-bdb2-1b437bba6cdf/datanode-4/data/ratis/88f45a07-8f45-4f74-a1d0-23200bb8a37d has been successfully formatted.
2023-09-29 12:51:22,535 [6220322b-c54d-4ba8-95d6-5fd9b706d663-groupManagement] INFO  ratis.ContainerStateMachine (ContainerStateMachine.java:loadSnapshot(262)) - group-23200BB8A37D: The snapshot info is null. Setting the last applied indexto:(t:0, i:~)
2023-09-29 12:51:22,535 [6220322b-c54d-4ba8-95d6-5fd9b706d663-groupManagement] INFO  server.RaftServerConfigKeys (ConfUtils.java:logGet(46)) - raft.server.log.use.memory = false (default)
2023-09-29 12:51:22,535 [6220322b-c54d-4ba8-95d6-5fd9b706d663-groupManagement] INFO  server.RaftServerConfigKeys (ConfUtils.java:logGet(46)) - raft.server.log.purge.gap = 1000000 (custom)
2023-09-29 12:51:22,535 [6220322b-c54d-4ba8-95d6-5fd9b706d663-groupManagement] INFO  server.RaftServerConfigKeys (ConfUtils.java:logGet(46)) - raft.server.log.appender.buffer.byte-limit = 33554432 (custom)
2023-09-29 12:51:22,535 [6220322b-c54d-4ba8-95d6-5fd9b706d663-groupManagement] INFO  server.RaftServerConfigKeys (ConfUtils.java:logGet(46)) - raft.server.log.statemachine.data.read.timeout = 1000ms (default)
2023-09-29 12:51:22,535 [6220322b-c54d-4ba8-95d6-5fd9b706d663-groupManagement] INFO  server.RaftServerConfigKeys (ConfUtils.java:logGet(46)) - raft.server.log.purge.preservation.log.num = 0 (default)
2023-09-29 12:51:22,535 [6220322b-c54d-4ba8-95d6-5fd9b706d663-groupManagement] INFO  server.RaftServerConfigKeys (ConfUtils.java:logGet(46)) - raft.server.log.segment.size.max = 1048576 (custom)
2023-09-29 12:51:22,536 [6220322b-c54d-4ba8-95d6-5fd9b706d663-groupManagement] INFO  server.RaftServerConfigKeys (ConfUtils.java:logGet(46)) - raft.server.log.segment.cache.num.max = 2 (custom)
2023-09-29 12:51:22,536 [6220322b-c54d-4ba8-95d6-5fd9b706d663-groupManagement] INFO  server.RaftServerConfigKeys (ConfUtils.java:logGet(46)) - raft.server.log.segment.cache.size.max = 200MB (=209715200) (default)
2023-09-29 12:51:22,536 [6220322b-c54d-4ba8-95d6-5fd9b706d663-groupManagement] INFO  server.RaftServerConfigKeys (ConfUtils.java:logGet(46)) - raft.server.log.appender.buffer.byte-limit = 33554432 (custom)
2023-09-29 12:51:22,536 [6220322b-c54d-4ba8-95d6-5fd9b706d663-groupManagement] INFO  segmented.SegmentedRaftLogWorker (SegmentedRaftLogWorker.java:<init>(188)) - new 6220322b-c54d-4ba8-95d6-5fd9b706d663@group-23200BB8A37D-SegmentedRaftLogWorker for RaftStorageImpl:Storage Directory /home/runner/work/ozone/ozone/hadoop-ozone/integration-test/target/test-dir/MiniOzoneClusterImpl-811b16cb-c214-4c75-bdb2-1b437bba6cdf/datanode-4/data/ratis/88f45a07-8f45-4f74-a1d0-23200bb8a37d
2023-09-29 12:51:22,536 [6220322b-c54d-4ba8-95d6-5fd9b706d663-groupManagement] INFO  server.RaftServerConfigKeys (ConfUtils.java:logGet(46)) - raft.server.log.queue.byte-limit = 4294967296 (custom)
2023-09-29 12:51:22,536 [6220322b-c54d-4ba8-95d6-5fd9b706d663-groupManagement] INFO  server.RaftServerConfigKeys (ConfUtils.java:logGet(46)) - raft.server.log.queue.element-limit = 1024 (custom)
2023-09-29 12:51:22,536 [6220322b-c54d-4ba8-95d6-5fd9b706d663-groupManagement] INFO  server.RaftServerConfigKeys (ConfUtils.java:logGet(46)) - raft.server.log.segment.size.max = 1048576 (custom)
2023-09-29 12:51:22,536 [6220322b-c54d-4ba8-95d6-5fd9b706d663-groupManagement] INFO  server.RaftServerConfigKeys (ConfUtils.java:logGet(46)) - raft.server.log.preallocated.size = 16384 (custom)
2023-09-29 12:51:22,537 [6220322b-c54d-4ba8-95d6-5fd9b706d663-groupManagement] INFO  server.RaftServerConfigKeys (ConfUtils.java:logGet(46)) - raft.server.log.force.sync.num = 128 (default)
2023-09-29 12:51:22,537 [6220322b-c54d-4ba8-95d6-5fd9b706d663-groupManagement] INFO  server.RaftServerConfigKeys (ConfUtils.java:logGet(46)) - raft.server.log.statemachine.data.sync = true (default)
2023-09-29 12:51:22,537 [6220322b-c54d-4ba8-95d6-5fd9b706d663-groupManagement] INFO  server.RaftServerConfigKeys (ConfUtils.java:logGet(46)) - raft.server.log.statemachine.data.sync.timeout = 10s (default)
2023-09-29 12:51:22,537 [6220322b-c54d-4ba8-95d6-5fd9b706d663-groupManagement] INFO  server.RaftServerConfigKeys (ConfUtils.java:logGet(46)) - raft.server.log.statemachine.data.sync.timeout.retry = -1 (default)
2023-09-29 12:51:22,538 [6220322b-c54d-4ba8-95d6-5fd9b706d663-groupManagement] INFO  server.RaftServerConfigKeys (ConfUtils.java:logGet(46)) - raft.server.log.write.buffer.size = 1048576 (custom)
2023-09-29 12:51:22,538 [6220322b-c54d-4ba8-95d6-5fd9b706d663-groupManagement] INFO  server.RaftServerConfigKeys (ConfUtils.java:logGet(46)) - raft.server.log.appender.buffer.byte-limit = 33554432 (custom)
2023-09-29 12:51:22,543 [EventQueue-PipelineReportForPipelineReportHandler] INFO  pipeline.PipelineReportHandler (PipelineReportHandler.java:processPipelineReport(136)) - Opened pipeline PipelineID=88f45a07-8f45-4f74-a1d0-23200bb8a37d
2023-09-29 12:51:22,544 [EventQueue-OpenPipelineForHealthyPipelineSafeModeRule] INFO  safemode.SCMSafeModeManager (HealthyPipelineSafeModeRule.java:process(137)) - SCM in safe mode. Healthy pipelines reported count is 0, required healthy pipeline reported count is 1
2023-09-29 12:51:22,545 [6220322b-c54d-4ba8-95d6-5fd9b706d663-groupManagement] INFO  server.RaftServerConfigKeys (ConfUtils.java:logGet(46)) - raft.server.log.unsafe-flush.enabled = false (default)
2023-09-29 12:51:22,545 [6220322b-c54d-4ba8-95d6-5fd9b706d663-groupManagement] INFO  server.RaftServerConfigKeys (ConfUtils.java:logGet(46)) - raft.server.log.async-flush.enabled = false (default)
2023-09-29 12:51:22,546 [6220322b-c54d-4ba8-95d6-5fd9b706d663-groupManagement] INFO  server.RaftServerConfigKeys (ConfUtils.java:logGet(46)) - raft.server.log.statemachine.data.caching.enabled = true (custom)
2023-09-29 12:51:22,546 [6220322b-c54d-4ba8-95d6-5fd9b706d663-groupManagement] INFO  segmented.SegmentedRaftLogWorker (SegmentedRaftLogWorker.java:lambda$new$0(135)) - 6220322b-c54d-4ba8-95d6-5fd9b706d663@group-23200BB8A37D-SegmentedRaftLogWorker: flushIndex: setUnconditionally 0 -> -1
2023-09-29 12:51:22,546 [6220322b-c54d-4ba8-95d6-5fd9b706d663-groupManagement] INFO  segmented.SegmentedRaftLogWorker (SegmentedRaftLogWorker.java:lambda$new$0(135)) - 6220322b-c54d-4ba8-95d6-5fd9b706d663@group-23200BB8A37D-SegmentedRaftLogWorker: safeCacheEvictIndex: setUnconditionally 0 -> -1
2023-09-29 12:51:22,546 [6220322b-c54d-4ba8-95d6-5fd9b706d663-groupManagement] INFO  server.RaftServer$Division (RaftServerImpl.java:start(342)) - 6220322b-c54d-4ba8-95d6-5fd9b706d663@group-23200BB8A37D: start as a follower, conf=-1: peers:[6220322b-c54d-4ba8-95d6-5fd9b706d663|rpc:10.1.0.70:15050|admin:10.1.0.70:15049|client:10.1.0.70:15048|dataStream:10.1.0.70:15051|priority:1|startupRole:FOLLOWER]|listeners:[], old=null
2023-09-29 12:51:22,546 [6220322b-c54d-4ba8-95d6-5fd9b706d663-groupManagement] INFO  server.RaftServer$Division (RaftServerImpl.java:setRole(329)) - 6220322b-c54d-4ba8-95d6-5fd9b706d663@group-23200BB8A37D: changes role from      null to FOLLOWER at term 0 for startAsFollower
2023-09-29 12:51:22,546 [6220322b-c54d-4ba8-95d6-5fd9b706d663-groupManagement] INFO  impl.RoleInfo (RoleInfo.java:updateAndGet(139)) - 6220322b-c54d-4ba8-95d6-5fd9b706d663: start 6220322b-c54d-4ba8-95d6-5fd9b706d663@group-23200BB8A37D-FollowerState
2023-09-29 12:51:22,554 [6220322b-c54d-4ba8-95d6-5fd9b706d663-groupManagement] INFO  util.JmxRegister (JmxRegister.java:tryRegister(44)) - Successfully registered JMX Bean with object name Ratis:service=RaftServer,group=group-23200BB8A37D,id=6220322b-c54d-4ba8-95d6-5fd9b706d663
2023-09-29 12:51:22,554 [6220322b-c54d-4ba8-95d6-5fd9b706d663@group-23200BB8A37D-FollowerState] INFO  server.RaftServerConfigKeys (ConfUtils.java:logFallback(53)) - raft.server.rpc.first-election.timeout.min = 5s (fallback to raft.server.rpc.timeout.min)
2023-09-29 12:51:22,554 [6220322b-c54d-4ba8-95d6-5fd9b706d663-groupManagement] INFO  server.RaftServerConfigKeys (ConfUtils.java:logGet(46)) - raft.server.snapshot.auto.trigger.enabled = true (custom)
2023-09-29 12:51:22,555 [6220322b-c54d-4ba8-95d6-5fd9b706d663-groupManagement] INFO  server.RaftServerConfigKeys (ConfUtils.java:logGet(46)) - raft.server.snapshot.auto.trigger.threshold = 10000 (custom)
2023-09-29 12:51:22,555 [6220322b-c54d-4ba8-95d6-5fd9b706d663-groupManagement] INFO  server.RaftServerConfigKeys (ConfUtils.java:logGet(46)) - raft.server.snapshot.retention.file.num = 5 (custom)
2023-09-29 12:51:22,555 [6220322b-c54d-4ba8-95d6-5fd9b706d663-groupManagement] INFO  server.RaftServerConfigKeys (ConfUtils.java:logGet(46)) - raft.server.log.purge.upto.snapshot.index = false (default)
2023-09-29 12:51:22,555 [6220322b-c54d-4ba8-95d6-5fd9b706d663@group-23200BB8A37D-FollowerState] INFO  server.RaftServerConfigKeys (ConfUtils.java:logFallback(53)) - raft.server.rpc.first-election.timeout.max = 5200ms (fallback to raft.server.rpc.timeout.max)
2023-09-29 12:51:22,564 [PipelineCommandHandlerThread-0] INFO  ratis.XceiverServerRatis (XceiverServerRatis.java:addGroup(804)) - Created group PipelineID=88f45a07-8f45-4f74-a1d0-23200bb8a37d
2023-09-29 12:51:22,564 [PipelineCommandHandlerThread-0] INFO  commandhandler.CreatePipelineCommandHandler (CreatePipelineCommandHandler.java:lambda$handle$2(124)) - Created Pipeline RATIS ONE PipelineID=88f45a07-8f45-4f74-a1d0-23200bb8a37d.
2023-09-29 12:51:22,564 [PipelineCommandHandlerThread-0] INFO  server.RaftServer (RaftServerProxy.java:addNew(98)) - 6220322b-c54d-4ba8-95d6-5fd9b706d663: addNew group-E0A3CFFD1989:[6220322b-c54d-4ba8-95d6-5fd9b706d663|rpc:10.1.0.70:15050|admin:10.1.0.70:15049|client:10.1.0.70:15048|dataStream:10.1.0.70:15051|priority:0|startupRole:FOLLOWER, 6f9d3266-b874-4586-a718-9027df6ff647|rpc:10.1.0.70:15041|admin:10.1.0.70:15040|client:10.1.0.70:15039|dataStream:10.1.0.70:15042|priority:0|startupRole:FOLLOWER, 80a9a8fe-8ad4-444c-8e90-e2ced2b3ac02|rpc:10.1.0.70:15059|admin:10.1.0.70:15058|client:10.1.0.70:15057|dataStream:10.1.0.70:15060|priority:1|startupRole:FOLLOWER] returns group-E0A3CFFD1989:java.util.concurrent.CompletableFuture@6446d0a[Not completed]
2023-09-29 12:51:22,565 [6220322b-c54d-4ba8-95d6-5fd9b706d663-groupManagement] INFO  server.RaftServer$Division (RaftServerImpl.java:<init>(198)) - 6220322b-c54d-4ba8-95d6-5fd9b706d663: new RaftServerImpl for group-E0A3CFFD1989:[6220322b-c54d-4ba8-95d6-5fd9b706d663|rpc:10.1.0.70:15050|admin:10.1.0.70:15049|client:10.1.0.70:15048|dataStream:10.1.0.70:15051|priority:0|startupRole:FOLLOWER, 6f9d3266-b874-4586-a718-9027df6ff647|rpc:10.1.0.70:15041|admin:10.1.0.70:15040|client:10.1.0.70:15039|dataStream:10.1.0.70:15042|priority:0|startupRole:FOLLOWER, 80a9a8fe-8ad4-444c-8e90-e2ced2b3ac02|rpc:10.1.0.70:15059|admin:10.1.0.70:15058|client:10.1.0.70:15057|dataStream:10.1.0.70:15060|priority:1|startupRole:FOLLOWER] with ContainerStateMachine:uninitialized
2023-09-29 12:51:22,565 [6220322b-c54d-4ba8-95d6-5fd9b706d663-groupManagement] INFO  server.RaftServerConfigKeys (ConfUtils.java:logGet(46)) - raft.server.rpc.timeout.min = 5s (custom)
2023-09-29 12:51:22,565 [6220322b-c54d-4ba8-95d6-5fd9b706d663-groupManagement] INFO  server.RaftServerConfigKeys (ConfUtils.java:logGet(46)) - raft.server.rpc.timeout.max = 5200ms (custom)
2023-09-29 12:51:22,565 [6220322b-c54d-4ba8-95d6-5fd9b706d663-groupManagement] INFO  server.RaftServerConfigKeys (ConfUtils.java:logGet(46)) - raft.server.rpc.sleep.time = 25ms (default)
2023-09-29 12:51:22,565 [6220322b-c54d-4ba8-95d6-5fd9b706d663-groupManagement] INFO  server.RaftServerConfigKeys (ConfUtils.java:logGet(46)) - raft.server.rpc.slowness.timeout = 300s (custom)
2023-09-29 12:51:22,566 [6220322b-c54d-4ba8-95d6-5fd9b706d663-groupManagement] INFO  server.RaftServerConfigKeys (ConfUtils.java:logGet(46)) - raft.server.leaderelection.leader.step-down.wait-time = 10s (default)
2023-09-29 12:51:22,566 [6220322b-c54d-4ba8-95d6-5fd9b706d663-groupManagement] INFO  server.RaftServerConfigKeys (ConfUtils.java:logGet(46)) - raft.server.sleep.deviation.threshold = 300ms (default)
2023-09-29 12:51:22,566 [6220322b-c54d-4ba8-95d6-5fd9b706d663-groupManagement] INFO  server.RaftServer$Division (ServerState.java:<init>(120)) - 6220322b-c54d-4ba8-95d6-5fd9b706d663@group-E0A3CFFD1989: ConfigurationManager, init=-1: peers:[6220322b-c54d-4ba8-95d6-5fd9b706d663|rpc:10.1.0.70:15050|admin:10.1.0.70:15049|client:10.1.0.70:15048|dataStream:10.1.0.70:15051|priority:0|startupRole:FOLLOWER, 6f9d3266-b874-4586-a718-9027df6ff647|rpc:10.1.0.70:15041|admin:10.1.0.70:15040|client:10.1.0.70:15039|dataStream:10.1.0.70:15042|priority:0|startupRole:FOLLOWER, 80a9a8fe-8ad4-444c-8e90-e2ced2b3ac02|rpc:10.1.0.70:15059|admin:10.1.0.70:15058|client:10.1.0.70:15057|dataStream:10.1.0.70:15060|priority:1|startupRole:FOLLOWER]|listeners:[], old=null, confs=<EMPTY_MAP>
2023-09-29 12:51:22,566 [6220322b-c54d-4ba8-95d6-5fd9b706d663-groupManagement] INFO  server.RaftServerConfigKeys (ConfUtils.java:logGet(46)) - raft.server.storage.dir = [/home/runner/work/ozone/ozone/hadoop-ozone/integration-test/target/test-dir/MiniOzoneClusterImpl-811b16cb-c214-4c75-bdb2-1b437bba6cdf/datanode-4/data/ratis] (custom)
2023-09-29 12:51:22,566 [6220322b-c54d-4ba8-95d6-5fd9b706d663-groupManagement] INFO  server.RaftServerConfigKeys (ConfUtils.java:logGet(46)) - raft.server.log.corruption.policy = EXCEPTION (default)
2023-09-29 12:51:22,566 [6220322b-c54d-4ba8-95d6-5fd9b706d663-groupManagement] INFO  server.RaftServerConfigKeys (ConfUtils.java:logGet(46)) - raft.server.storage.free-space.min = 0MB (=0) (default)
2023-09-29 12:51:22,566 [6220322b-c54d-4ba8-95d6-5fd9b706d663-groupManagement] INFO  server.RaftServerConfigKeys (ConfUtils.java:logGet(46)) - raft.server.notification.no-leader.timeout = 300s (custom)
2023-09-29 12:51:22,566 [6220322b-c54d-4ba8-95d6-5fd9b706d663-groupManagement] INFO  server.RaftServerConfigKeys (ConfUtils.java:logGet(46)) - raft.server.read.timeout = 10s (default)
2023-09-29 12:51:22,566 [6220322b-c54d-4ba8-95d6-5fd9b706d663-groupManagement] INFO  server.RaftServerConfigKeys (ConfUtils.java:logGet(46)) - raft.server.retrycache.expirytime = 600000ms (custom)
2023-09-29 12:51:22,566 [6220322b-c54d-4ba8-95d6-5fd9b706d663-groupManagement] INFO  server.RaftServerConfigKeys (ConfUtils.java:logGet(46)) - raft.server.retrycache.statistics.expirytime = 100μs (default)
2023-09-29 12:51:22,567 [6220322b-c54d-4ba8-95d6-5fd9b706d663-groupManagement] INFO  server.RaftServerConfigKeys (ConfUtils.java:logGet(46)) - raft.server.read.option = DEFAULT (default)
2023-09-29 12:51:22,568 [6220322b-c54d-4ba8-95d6-5fd9b706d663-groupManagement] INFO  server.RaftServerConfigKeys (ConfUtils.java:logGet(46)) - raft.server.rpc.request.timeout = 60s (custom)
2023-09-29 12:51:22,568 [6220322b-c54d-4ba8-95d6-5fd9b706d663-groupManagement] INFO  server.RaftServerConfigKeys (ConfUtils.java:logGet(46)) - raft.server.log.appender.install.snapshot.enabled = false (custom)
2023-09-29 12:51:22,568 [6220322b-c54d-4ba8-95d6-5fd9b706d663-groupManagement] INFO  server.RaftServerConfigKeys (ConfUtils.java:logGet(46)) - raft.server.threadpool.server.cached = true (default)
2023-09-29 12:51:22,568 [6220322b-c54d-4ba8-95d6-5fd9b706d663-groupManagement] INFO  server.RaftServerConfigKeys (ConfUtils.java:logGet(46)) - raft.server.threadpool.server.size = 0 (default)
2023-09-29 12:51:22,568 [6220322b-c54d-4ba8-95d6-5fd9b706d663-groupManagement] INFO  server.RaftServerConfigKeys (ConfUtils.java:logGet(46)) - raft.server.threadpool.client.cached = true (default)
2023-09-29 12:51:22,568 [6220322b-c54d-4ba8-95d6-5fd9b706d663-groupManagement] INFO  server.RaftServerConfigKeys (ConfUtils.java:logGet(46)) - raft.server.threadpool.client.size = 0 (default)
2023-09-29 12:51:22,568 [6220322b-c54d-4ba8-95d6-5fd9b706d663-groupManagement] INFO  storage.RaftStorageDirectory (RaftStorageDirectoryImpl.java:analyzeStorage(137)) - The storage directory /home/runner/work/ozone/ozone/hadoop-ozone/integration-test/target/test-dir/MiniOzoneClusterImpl-811b16cb-c214-4c75-bdb2-1b437bba6cdf/datanode-4/data/ratis/a759158d-7527-4318-bea8-e0a3cffd1989 does not exist. Creating ...
2023-09-29 12:51:22,573 [6220322b-c54d-4ba8-95d6-5fd9b706d663-groupManagement] INFO  storage.RaftStorageDirectory (RaftStorageDirectoryImpl.java:tryLock(231)) - Lock on /home/runner/work/ozone/ozone/hadoop-ozone/integration-test/target/test-dir/MiniOzoneClusterImpl-811b16cb-c214-4c75-bdb2-1b437bba6cdf/datanode-4/data/ratis/a759158d-7527-4318-bea8-e0a3cffd1989/in_use.lock acquired by nodename 70928@fv-az238-384
2023-09-29 12:51:22,577 [6220322b-c54d-4ba8-95d6-5fd9b706d663-groupManagement] INFO  storage.RaftStorage (RaftStorageImpl.java:format(96)) - Storage directory /home/runner/work/ozone/ozone/hadoop-ozone/integration-test/target/test-dir/MiniOzoneClusterImpl-811b16cb-c214-4c75-bdb2-1b437bba6cdf/datanode-4/data/ratis/a759158d-7527-4318-bea8-e0a3cffd1989 has been successfully formatted.
2023-09-29 12:51:22,582 [6220322b-c54d-4ba8-95d6-5fd9b706d663-groupManagement] INFO  ratis.ContainerStateMachine (ContainerStateMachine.java:loadSnapshot(262)) - group-E0A3CFFD1989: The snapshot info is null. Setting the last applied indexto:(t:0, i:~)
2023-09-29 12:51:22,582 [6220322b-c54d-4ba8-95d6-5fd9b706d663-groupManagement] INFO  server.RaftServerConfigKeys (ConfUtils.java:logGet(46)) - raft.server.log.use.memory = false (default)
2023-09-29 12:51:22,583 [6220322b-c54d-4ba8-95d6-5fd9b706d663-groupManagement] INFO  server.RaftServerConfigKeys (ConfUtils.java:logGet(46)) - raft.server.log.purge.gap = 1000000 (custom)
2023-09-29 12:51:22,583 [6220322b-c54d-4ba8-95d6-5fd9b706d663-groupManagement] INFO  server.RaftServerConfigKeys (ConfUtils.java:logGet(46)) - raft.server.log.appender.buffer.byte-limit = 33554432 (custom)
2023-09-29 12:51:22,583 [6220322b-c54d-4ba8-95d6-5fd9b706d663-groupManagement] INFO  server.RaftServerConfigKeys (ConfUtils.java:logGet(46)) - raft.server.log.statemachine.data.read.timeout = 1000ms (default)
2023-09-29 12:51:22,583 [6220322b-c54d-4ba8-95d6-5fd9b706d663-groupManagement] INFO  server.RaftServerConfigKeys (ConfUtils.java:logGet(46)) - raft.server.log.purge.preservation.log.num = 0 (default)
2023-09-29 12:51:22,583 [6220322b-c54d-4ba8-95d6-5fd9b706d663-groupManagement] INFO  server.RaftServerConfigKeys (ConfUtils.java:logGet(46)) - raft.server.log.segment.size.max = 1048576 (custom)
2023-09-29 12:51:22,584 [EventQueue-OpenPipelineForHealthyPipelineSafeModeRule] INFO  safemode.SCMSafeModeManager (HealthyPipelineSafeModeRule.java:process(137)) - SCM in safe mode. Healthy pipelines reported count is 0, required healthy pipeline reported count is 1
2023-09-29 12:51:22,590 [6220322b-c54d-4ba8-95d6-5fd9b706d663-groupManagement] INFO  server.RaftServerConfigKeys (ConfUtils.java:logGet(46)) - raft.server.log.segment.cache.num.max = 2 (custom)
2023-09-29 12:51:22,591 [6220322b-c54d-4ba8-95d6-5fd9b706d663-groupManagement] INFO  server.RaftServerConfigKeys (ConfUtils.java:logGet(46)) - raft.server.log.segment.cache.size.max = 200MB (=209715200) (default)
2023-09-29 12:51:22,591 [6220322b-c54d-4ba8-95d6-5fd9b706d663-groupManagement] INFO  server.RaftServerConfigKeys (ConfUtils.java:logGet(46)) - raft.server.log.appender.buffer.byte-limit = 33554432 (custom)
2023-09-29 12:51:22,591 [6220322b-c54d-4ba8-95d6-5fd9b706d663-groupManagement] INFO  segmented.SegmentedRaftLogWorker (SegmentedRaftLogWorker.java:<init>(188)) - new 6220322b-c54d-4ba8-95d6-5fd9b706d663@group-E0A3CFFD1989-SegmentedRaftLogWorker for RaftStorageImpl:Storage Directory /home/runner/work/ozone/ozone/hadoop-ozone/integration-test/target/test-dir/MiniOzoneClusterImpl-811b16cb-c214-4c75-bdb2-1b437bba6cdf/datanode-4/data/ratis/a759158d-7527-4318-bea8-e0a3cffd1989
2023-09-29 12:51:22,591 [6220322b-c54d-4ba8-95d6-5fd9b706d663-groupManagement] INFO  server.RaftServerConfigKeys (ConfUtils.java:logGet(46)) - raft.server.log.queue.byte-limit = 4294967296 (custom)
2023-09-29 12:51:22,591 [6220322b-c54d-4ba8-95d6-5fd9b706d663-groupManagement] INFO  server.RaftServerConfigKeys (ConfUtils.java:logGet(46)) - raft.server.log.queue.element-limit = 1024 (custom)
2023-09-29 12:51:22,591 [6220322b-c54d-4ba8-95d6-5fd9b706d663-groupManagement] INFO  server.RaftServerConfigKeys (ConfUtils.java:logGet(46)) - raft.server.log.segment.size.max = 1048576 (custom)
2023-09-29 12:51:22,591 [6220322b-c54d-4ba8-95d6-5fd9b706d663-groupManagement] INFO  server.RaftServerConfigKeys (ConfUtils.java:logGet(46)) - raft.server.log.preallocated.size = 16384 (custom)
2023-09-29 12:51:22,592 [6220322b-c54d-4ba8-95d6-5fd9b706d663-groupManagement] INFO  server.RaftServerConfigKeys (ConfUtils.java:logGet(46)) - raft.server.log.force.sync.num = 128 (default)
2023-09-29 12:51:22,592 [6220322b-c54d-4ba8-95d6-5fd9b706d663-groupManagement] INFO  server.RaftServerConfigKeys (ConfUtils.java:logGet(46)) - raft.server.log.statemachine.data.sync = true (default)
2023-09-29 12:51:22,593 [6220322b-c54d-4ba8-95d6-5fd9b706d663-groupManagement] INFO  server.RaftServerConfigKeys (ConfUtils.java:logGet(46)) - raft.server.log.statemachine.data.sync.timeout = 10s (default)
2023-09-29 12:51:22,593 [6220322b-c54d-4ba8-95d6-5fd9b706d663-groupManagement] INFO  server.RaftServerConfigKeys (ConfUtils.java:logGet(46)) - raft.server.log.statemachine.data.sync.timeout.retry = -1 (default)
2023-09-29 12:51:22,596 [6220322b-c54d-4ba8-95d6-5fd9b706d663-groupManagement] INFO  server.RaftServerConfigKeys (ConfUtils.java:logGet(46)) - raft.server.log.write.buffer.size = 1048576 (custom)
2023-09-29 12:51:22,600 [6220322b-c54d-4ba8-95d6-5fd9b706d663-groupManagement] INFO  server.RaftServerConfigKeys (ConfUtils.java:logGet(46)) - raft.server.log.appender.buffer.byte-limit = 33554432 (custom)
2023-09-29 12:51:22,605 [6220322b-c54d-4ba8-95d6-5fd9b706d663-groupManagement] INFO  server.RaftServerConfigKeys (ConfUtils.java:logGet(46)) - raft.server.log.unsafe-flush.enabled = false (default)
2023-09-29 12:51:22,605 [6220322b-c54d-4ba8-95d6-5fd9b706d663-groupManagement] INFO  server.RaftServerConfigKeys (ConfUtils.java:logGet(46)) - raft.server.log.async-flush.enabled = false (default)
2023-09-29 12:51:22,605 [6220322b-c54d-4ba8-95d6-5fd9b706d663-groupManagement] INFO  server.RaftServerConfigKeys (ConfUtils.java:logGet(46)) - raft.server.log.statemachine.data.caching.enabled = true (custom)
2023-09-29 12:51:22,605 [6220322b-c54d-4ba8-95d6-5fd9b706d663-groupManagement] INFO  segmented.SegmentedRaftLogWorker (SegmentedRaftLogWorker.java:lambda$new$0(135)) - 6220322b-c54d-4ba8-95d6-5fd9b706d663@group-E0A3CFFD1989-SegmentedRaftLogWorker: flushIndex: setUnconditionally 0 -> -1
2023-09-29 12:51:22,605 [6220322b-c54d-4ba8-95d6-5fd9b706d663-groupManagement] INFO  segmented.SegmentedRaftLogWorker (SegmentedRaftLogWorker.java:lambda$new$0(135)) - 6220322b-c54d-4ba8-95d6-5fd9b706d663@group-E0A3CFFD1989-SegmentedRaftLogWorker: safeCacheEvictIndex: setUnconditionally 0 -> -1
2023-09-29 12:51:22,612 [PipelineCommandHandlerThread-0] INFO  commandhandler.CreatePipelineCommandHandler (CreatePipelineCommandHandler.java:lambda$handle$2(124)) - Created Pipeline RATIS THREE PipelineID=a759158d-7527-4318-bea8-e0a3cffd1989.
2023-09-29 12:51:22,613 [PipelineCommandHandlerThread-0] INFO  server.RaftServer (RaftServerProxy.java:addNew(98)) - 6f9d3266-b874-4586-a718-9027df6ff647: addNew group-956EFEAD089C:[6220322b-c54d-4ba8-95d6-5fd9b706d663|rpc:10.1.0.70:15050|admin:10.1.0.70:15049|client:10.1.0.70:15048|dataStream:10.1.0.70:15051|priority:1|startupRole:FOLLOWER, 6f9d3266-b874-4586-a718-9027df6ff647|rpc:10.1.0.70:15041|admin:10.1.0.70:15040|client:10.1.0.70:15039|dataStream:10.1.0.70:15042|priority:0|startupRole:FOLLOWER, 80a9a8fe-8ad4-444c-8e90-e2ced2b3ac02|rpc:10.1.0.70:15059|admin:10.1.0.70:15058|client:10.1.0.70:15057|dataStream:10.1.0.70:15060|priority:0|startupRole:FOLLOWER] returns group-956EFEAD089C:java.util.concurrent.CompletableFuture@1dc26c41[Not completed]
2023-09-29 12:51:22,614 [6f9d3266-b874-4586-a718-9027df6ff647-groupManagement] INFO  server.RaftServer$Division (RaftServerImpl.java:<init>(198)) - 6f9d3266-b874-4586-a718-9027df6ff647: new RaftServerImpl for group-956EFEAD089C:[6220322b-c54d-4ba8-95d6-5fd9b706d663|rpc:10.1.0.70:15050|admin:10.1.0.70:15049|client:10.1.0.70:15048|dataStream:10.1.0.70:15051|priority:1|startupRole:FOLLOWER, 6f9d3266-b874-4586-a718-9027df6ff647|rpc:10.1.0.70:15041|admin:10.1.0.70:15040|client:10.1.0.70:15039|dataStream:10.1.0.70:15042|priority:0|startupRole:FOLLOWER, 80a9a8fe-8ad4-444c-8e90-e2ced2b3ac02|rpc:10.1.0.70:15059|admin:10.1.0.70:15058|client:10.1.0.70:15057|dataStream:10.1.0.70:15060|priority:0|startupRole:FOLLOWER] with ContainerStateMachine:uninitialized
2023-09-29 12:51:22,614 [6f9d3266-b874-4586-a718-9027df6ff647-groupManagement] INFO  server.RaftServerConfigKeys (ConfUtils.java:logGet(46)) - raft.server.rpc.timeout.min = 5s (custom)
2023-09-29 12:51:22,614 [6f9d3266-b874-4586-a718-9027df6ff647-groupManagement] INFO  server.RaftServerConfigKeys (ConfUtils.java:logGet(46)) - raft.server.rpc.timeout.max = 5200ms (custom)
2023-09-29 12:51:22,614 [6f9d3266-b874-4586-a718-9027df6ff647-groupManagement] INFO  server.RaftServerConfigKeys (ConfUtils.java:logGet(46)) - raft.server.rpc.sleep.time = 25ms (default)
2023-09-29 12:51:22,614 [6f9d3266-b874-4586-a718-9027df6ff647-groupManagement] INFO  server.RaftServerConfigKeys (ConfUtils.java:logGet(46)) - raft.server.rpc.slowness.timeout = 300s (custom)
2023-09-29 12:51:22,614 [6f9d3266-b874-4586-a718-9027df6ff647-groupManagement] INFO  server.RaftServerConfigKeys (ConfUtils.java:logGet(46)) - raft.server.leaderelection.leader.step-down.wait-time = 10s (default)
2023-09-29 12:51:22,614 [6f9d3266-b874-4586-a718-9027df6ff647-groupManagement] INFO  server.RaftServerConfigKeys (ConfUtils.java:logGet(46)) - raft.server.sleep.deviation.threshold = 300ms (default)
2023-09-29 12:51:22,615 [6f9d3266-b874-4586-a718-9027df6ff647-groupManagement] INFO  server.RaftServer$Division (ServerState.java:<init>(120)) - 6f9d3266-b874-4586-a718-9027df6ff647@group-956EFEAD089C: ConfigurationManager, init=-1: peers:[6220322b-c54d-4ba8-95d6-5fd9b706d663|rpc:10.1.0.70:15050|admin:10.1.0.70:15049|client:10.1.0.70:15048|dataStream:10.1.0.70:15051|priority:1|startupRole:FOLLOWER, 6f9d3266-b874-4586-a718-9027df6ff647|rpc:10.1.0.70:15041|admin:10.1.0.70:15040|client:10.1.0.70:15039|dataStream:10.1.0.70:15042|priority:0|startupRole:FOLLOWER, 80a9a8fe-8ad4-444c-8e90-e2ced2b3ac02|rpc:10.1.0.70:15059|admin:10.1.0.70:15058|client:10.1.0.70:15057|dataStream:10.1.0.70:15060|priority:0|startupRole:FOLLOWER]|listeners:[], old=null, confs=<EMPTY_MAP>
2023-09-29 12:51:22,615 [6f9d3266-b874-4586-a718-9027df6ff647-groupManagement] INFO  server.RaftServerConfigKeys (ConfUtils.java:logGet(46)) - raft.server.storage.dir = [/home/runner/work/ozone/ozone/hadoop-ozone/integration-test/target/test-dir/MiniOzoneClusterImpl-811b16cb-c214-4c75-bdb2-1b437bba6cdf/datanode-3/data/ratis] (custom)
2023-09-29 12:51:22,615 [6f9d3266-b874-4586-a718-9027df6ff647-groupManagement] INFO  server.RaftServerConfigKeys (ConfUtils.java:logGet(46)) - raft.server.log.corruption.policy = EXCEPTION (default)
2023-09-29 12:51:22,615 [6f9d3266-b874-4586-a718-9027df6ff647-groupManagement] INFO  server.RaftServerConfigKeys (ConfUtils.java:logGet(46)) - raft.server.storage.free-space.min = 0MB (=0) (default)
2023-09-29 12:51:22,615 [6220322b-c54d-4ba8-95d6-5fd9b706d663-groupManagement] INFO  server.RaftServer$Division (RaftServerImpl.java:start(342)) - 6220322b-c54d-4ba8-95d6-5fd9b706d663@group-E0A3CFFD1989: start as a follower, conf=-1: peers:[6220322b-c54d-4ba8-95d6-5fd9b706d663|rpc:10.1.0.70:15050|admin:10.1.0.70:15049|client:10.1.0.70:15048|dataStream:10.1.0.70:15051|priority:0|startupRole:FOLLOWER, 6f9d3266-b874-4586-a718-9027df6ff647|rpc:10.1.0.70:15041|admin:10.1.0.70:15040|client:10.1.0.70:15039|dataStream:10.1.0.70:15042|priority:0|startupRole:FOLLOWER, 80a9a8fe-8ad4-444c-8e90-e2ced2b3ac02|rpc:10.1.0.70:15059|admin:10.1.0.70:15058|client:10.1.0.70:15057|dataStream:10.1.0.70:15060|priority:1|startupRole:FOLLOWER]|listeners:[], old=null
2023-09-29 12:51:22,616 [6220322b-c54d-4ba8-95d6-5fd9b706d663-groupManagement] INFO  server.RaftServer$Division (RaftServerImpl.java:setRole(329)) - 6220322b-c54d-4ba8-95d6-5fd9b706d663@group-E0A3CFFD1989: changes role from      null to FOLLOWER at term 0 for startAsFollower
2023-09-29 12:51:22,617 [6220322b-c54d-4ba8-95d6-5fd9b706d663-groupManagement] INFO  impl.RoleInfo (RoleInfo.java:updateAndGet(139)) - 6220322b-c54d-4ba8-95d6-5fd9b706d663: start 6220322b-c54d-4ba8-95d6-5fd9b706d663@group-E0A3CFFD1989-FollowerState
2023-09-29 12:51:22,617 [6220322b-c54d-4ba8-95d6-5fd9b706d663-groupManagement] INFO  util.JmxRegister (JmxRegister.java:tryRegister(44)) - Successfully registered JMX Bean with object name Ratis:service=RaftServer,group=group-E0A3CFFD1989,id=6220322b-c54d-4ba8-95d6-5fd9b706d663
2023-09-29 12:51:22,617 [6220322b-c54d-4ba8-95d6-5fd9b706d663-groupManagement] INFO  server.RaftServerConfigKeys (ConfUtils.java:logGet(46)) - raft.server.snapshot.auto.trigger.enabled = true (custom)
2023-09-29 12:51:22,617 [6220322b-c54d-4ba8-95d6-5fd9b706d663-groupManagement] INFO  server.RaftServerConfigKeys (ConfUtils.java:logGet(46)) - raft.server.snapshot.auto.trigger.threshold = 10000 (custom)
2023-09-29 12:51:22,617 [6220322b-c54d-4ba8-95d6-5fd9b706d663-groupManagement] INFO  server.RaftServerConfigKeys (ConfUtils.java:logGet(46)) - raft.server.snapshot.retention.file.num = 5 (custom)
2023-09-29 12:51:22,617 [6220322b-c54d-4ba8-95d6-5fd9b706d663-groupManagement] INFO  server.RaftServerConfigKeys (ConfUtils.java:logGet(46)) - raft.server.log.purge.upto.snapshot.index = false (default)
2023-09-29 12:51:22,618 [6220322b-c54d-4ba8-95d6-5fd9b706d663@group-E0A3CFFD1989-FollowerState] INFO  server.RaftServerConfigKeys (ConfUtils.java:logFallback(53)) - raft.server.rpc.first-election.timeout.min = 5s (fallback to raft.server.rpc.timeout.min)
2023-09-29 12:51:22,620 [6220322b-c54d-4ba8-95d6-5fd9b706d663@group-E0A3CFFD1989-FollowerState] INFO  server.RaftServerConfigKeys (ConfUtils.java:logFallback(53)) - raft.server.rpc.first-election.timeout.max = 5200ms (fallback to raft.server.rpc.timeout.max)
2023-09-29 12:51:22,620 [6f9d3266-b874-4586-a718-9027df6ff647-groupManagement] INFO  server.RaftServerConfigKeys (ConfUtils.java:logGet(46)) - raft.server.notification.no-leader.timeout = 300s (custom)
2023-09-29 12:51:22,620 [6f9d3266-b874-4586-a718-9027df6ff647-groupManagement] INFO  server.RaftServerConfigKeys (ConfUtils.java:logGet(46)) - raft.server.read.timeout = 10s (default)
2023-09-29 12:51:22,618 [PipelineCommandHandlerThread-0] INFO  ratis.XceiverServerRatis (XceiverServerRatis.java:addGroup(804)) - Created group PipelineID=a759158d-7527-4318-bea8-e0a3cffd1989
2023-09-29 12:51:22,621 [6f9d3266-b874-4586-a718-9027df6ff647-groupManagement] INFO  server.RaftServerConfigKeys (ConfUtils.java:logGet(46)) - raft.server.retrycache.expirytime = 600000ms (custom)
2023-09-29 12:51:22,621 [6f9d3266-b874-4586-a718-9027df6ff647-groupManagement] INFO  server.RaftServerConfigKeys (ConfUtils.java:logGet(46)) - raft.server.retrycache.statistics.expirytime = 100μs (default)
2023-09-29 12:51:22,621 [6f9d3266-b874-4586-a718-9027df6ff647-groupManagement] INFO  server.RaftServerConfigKeys (ConfUtils.java:logGet(46)) - raft.server.read.option = DEFAULT (default)
2023-09-29 12:51:22,622 [6f9d3266-b874-4586-a718-9027df6ff647-groupManagement] INFO  server.RaftServerConfigKeys (ConfUtils.java:logGet(46)) - raft.server.rpc.request.timeout = 60s (custom)
2023-09-29 12:51:22,622 [6f9d3266-b874-4586-a718-9027df6ff647-groupManagement] INFO  server.RaftServerConfigKeys (ConfUtils.java:logGet(46)) - raft.server.log.appender.install.snapshot.enabled = false (custom)
2023-09-29 12:51:22,622 [6f9d3266-b874-4586-a718-9027df6ff647-groupManagement] INFO  server.RaftServerConfigKeys (ConfUtils.java:logGet(46)) - raft.server.threadpool.server.cached = true (default)
2023-09-29 12:51:22,622 [6f9d3266-b874-4586-a718-9027df6ff647-groupManagement] INFO  server.RaftServerConfigKeys (ConfUtils.java:logGet(46)) - raft.server.threadpool.server.size = 0 (default)
2023-09-29 12:51:22,622 [6f9d3266-b874-4586-a718-9027df6ff647-groupManagement] INFO  server.RaftServerConfigKeys (ConfUtils.java:logGet(46)) - raft.server.threadpool.client.cached = true (default)
2023-09-29 12:51:22,622 [6f9d3266-b874-4586-a718-9027df6ff647-groupManagement] INFO  server.RaftServerConfigKeys (ConfUtils.java:logGet(46)) - raft.server.threadpool.client.size = 0 (default)
2023-09-29 12:51:22,623 [6f9d3266-b874-4586-a718-9027df6ff647-groupManagement] INFO  storage.RaftStorageDirectory (RaftStorageDirectoryImpl.java:analyzeStorage(137)) - The storage directory /home/runner/work/ozone/ozone/hadoop-ozone/integration-test/target/test-dir/MiniOzoneClusterImpl-811b16cb-c214-4c75-bdb2-1b437bba6cdf/datanode-3/data/ratis/b313363b-d4f1-44cf-bc12-956efead089c does not exist. Creating ...
2023-09-29 12:51:22,624 [6f9d3266-b874-4586-a718-9027df6ff647-groupManagement] INFO  storage.RaftStorageDirectory (RaftStorageDirectoryImpl.java:tryLock(231)) - Lock on /home/runner/work/ozone/ozone/hadoop-ozone/integration-test/target/test-dir/MiniOzoneClusterImpl-811b16cb-c214-4c75-bdb2-1b437bba6cdf/datanode-3/data/ratis/b313363b-d4f1-44cf-bc12-956efead089c/in_use.lock acquired by nodename 70928@fv-az238-384
2023-09-29 12:51:22,628 [6f9d3266-b874-4586-a718-9027df6ff647-groupManagement] INFO  storage.RaftStorage (RaftStorageImpl.java:format(96)) - Storage directory /home/runner/work/ozone/ozone/hadoop-ozone/integration-test/target/test-dir/MiniOzoneClusterImpl-811b16cb-c214-4c75-bdb2-1b437bba6cdf/datanode-3/data/ratis/b313363b-d4f1-44cf-bc12-956efead089c has been successfully formatted.
2023-09-29 12:51:22,630 [6f9d3266-b874-4586-a718-9027df6ff647-groupManagement] INFO  ratis.ContainerStateMachine (ContainerStateMachine.java:loadSnapshot(262)) - group-956EFEAD089C: The snapshot info is null. Setting the last applied indexto:(t:0, i:~)
2023-09-29 12:51:22,630 [6f9d3266-b874-4586-a718-9027df6ff647-groupManagement] INFO  server.RaftServerConfigKeys (ConfUtils.java:logGet(46)) - raft.server.log.use.memory = false (default)
2023-09-29 12:51:22,632 [EventQueue-OpenPipelineForHealthyPipelineSafeModeRule] INFO  safemode.SCMSafeModeManager (HealthyPipelineSafeModeRule.java:process(137)) - SCM in safe mode. Healthy pipelines reported count is 0, required healthy pipeline reported count is 1
2023-09-29 12:51:22,634 [6f9d3266-b874-4586-a718-9027df6ff647-groupManagement] INFO  server.RaftServerConfigKeys (ConfUtils.java:logGet(46)) - raft.server.log.purge.gap = 1000000 (custom)
2023-09-29 12:51:22,635 [6f9d3266-b874-4586-a718-9027df6ff647-groupManagement] INFO  server.RaftServerConfigKeys (ConfUtils.java:logGet(46)) - raft.server.log.appender.buffer.byte-limit = 33554432 (custom)
2023-09-29 12:51:22,635 [6f9d3266-b874-4586-a718-9027df6ff647-groupManagement] INFO  server.RaftServerConfigKeys (ConfUtils.java:logGet(46)) - raft.server.log.statemachine.data.read.timeout = 1000ms (default)
2023-09-29 12:51:22,635 [6f9d3266-b874-4586-a718-9027df6ff647-groupManagement] INFO  server.RaftServerConfigKeys (ConfUtils.java:logGet(46)) - raft.server.log.purge.preservation.log.num = 0 (default)
2023-09-29 12:51:22,635 [6f9d3266-b874-4586-a718-9027df6ff647-groupManagement] INFO  server.RaftServerConfigKeys (ConfUtils.java:logGet(46)) - raft.server.log.segment.size.max = 1048576 (custom)
2023-09-29 12:51:22,638 [6f9d3266-b874-4586-a718-9027df6ff647-groupManagement] INFO  server.RaftServerConfigKeys (ConfUtils.java:logGet(46)) - raft.server.log.segment.cache.num.max = 2 (custom)
2023-09-29 12:51:22,638 [6f9d3266-b874-4586-a718-9027df6ff647-groupManagement] INFO  server.RaftServerConfigKeys (ConfUtils.java:logGet(46)) - raft.server.log.segment.cache.size.max = 200MB (=209715200) (default)
2023-09-29 12:51:22,638 [6f9d3266-b874-4586-a718-9027df6ff647-groupManagement] INFO  server.RaftServerConfigKeys (ConfUtils.java:logGet(46)) - raft.server.log.appender.buffer.byte-limit = 33554432 (custom)
2023-09-29 12:51:22,638 [6f9d3266-b874-4586-a718-9027df6ff647-groupManagement] INFO  segmented.SegmentedRaftLogWorker (SegmentedRaftLogWorker.java:<init>(188)) - new 6f9d3266-b874-4586-a718-9027df6ff647@group-956EFEAD089C-SegmentedRaftLogWorker for RaftStorageImpl:Storage Directory /home/runner/work/ozone/ozone/hadoop-ozone/integration-test/target/test-dir/MiniOzoneClusterImpl-811b16cb-c214-4c75-bdb2-1b437bba6cdf/datanode-3/data/ratis/b313363b-d4f1-44cf-bc12-956efead089c
2023-09-29 12:51:22,638 [6f9d3266-b874-4586-a718-9027df6ff647-groupManagement] INFO  server.RaftServerConfigKeys (ConfUtils.java:logGet(46)) - raft.server.log.queue.byte-limit = 4294967296 (custom)
2023-09-29 12:51:22,638 [6f9d3266-b874-4586-a718-9027df6ff647-groupManagement] INFO  server.RaftServerConfigKeys (ConfUtils.java:logGet(46)) - raft.server.log.queue.element-limit = 1024 (custom)
2023-09-29 12:51:22,638 [6f9d3266-b874-4586-a718-9027df6ff647-groupManagement] INFO  server.RaftServerConfigKeys (ConfUtils.java:logGet(46)) - raft.server.log.segment.size.max = 1048576 (custom)
2023-09-29 12:51:22,639 [6f9d3266-b874-4586-a718-9027df6ff647-groupManagement] INFO  server.RaftServerConfigKeys (ConfUtils.java:logGet(46)) - raft.server.log.preallocated.size = 16384 (custom)
2023-09-29 12:51:22,639 [6f9d3266-b874-4586-a718-9027df6ff647-groupManagement] INFO  server.RaftServerConfigKeys (ConfUtils.java:logGet(46)) - raft.server.log.force.sync.num = 128 (default)
2023-09-29 12:51:22,644 [6f9d3266-b874-4586-a718-9027df6ff647-groupManagement] INFO  server.RaftServerConfigKeys (ConfUtils.java:logGet(46)) - raft.server.log.statemachine.data.sync = true (default)
2023-09-29 12:51:22,644 [6f9d3266-b874-4586-a718-9027df6ff647-groupManagement] INFO  server.RaftServerConfigKeys (ConfUtils.java:logGet(46)) - raft.server.log.statemachine.data.sync.timeout = 10s (default)
2023-09-29 12:51:22,644 [6f9d3266-b874-4586-a718-9027df6ff647-groupManagement] INFO  server.RaftServerConfigKeys (ConfUtils.java:logGet(46)) - raft.server.log.statemachine.data.sync.timeout.retry = -1 (default)
2023-09-29 12:51:22,646 [6f9d3266-b874-4586-a718-9027df6ff647-groupManagement] INFO  server.RaftServerConfigKeys (ConfUtils.java:logGet(46)) - raft.server.log.write.buffer.size = 1048576 (custom)
2023-09-29 12:51:22,648 [6f9d3266-b874-4586-a718-9027df6ff647-groupManagement] INFO  server.RaftServerConfigKeys (ConfUtils.java:logGet(46)) - raft.server.log.appender.buffer.byte-limit = 33554432 (custom)
2023-09-29 12:51:22,655 [6f9d3266-b874-4586-a718-9027df6ff647-groupManagement] INFO  server.RaftServerConfigKeys (ConfUtils.java:logGet(46)) - raft.server.log.unsafe-flush.enabled = false (default)
2023-09-29 12:51:22,655 [6f9d3266-b874-4586-a718-9027df6ff647-groupManagement] INFO  server.RaftServerConfigKeys (ConfUtils.java:logGet(46)) - raft.server.log.async-flush.enabled = false (default)
2023-09-29 12:51:22,661 [6f9d3266-b874-4586-a718-9027df6ff647-groupManagement] INFO  server.RaftServerConfigKeys (ConfUtils.java:logGet(46)) - raft.server.log.statemachine.data.caching.enabled = true (custom)
2023-09-29 12:51:22,662 [main] INFO  ozone.MiniOzoneClusterImpl (MiniOzoneClusterImpl.java:lambda$waitForClusterToBeReady$0(229)) - Nodes are ready. Got 10 of 10 DN Heartbeats.
2023-09-29 12:51:22,662 [main] INFO  ozone.MiniOzoneClusterImpl (MiniOzoneClusterImpl.java:lambda$waitForClusterToBeReady$0(232)) - Waiting for cluster to exit safe mode
2023-09-29 12:51:22,662 [main] INFO  ozone.MiniOzoneClusterImpl (MiniOzoneClusterImpl.java:lambda$waitForClusterToBeReady$0(234)) - SCM became leader
2023-09-29 12:51:22,663 [6f9d3266-b874-4586-a718-9027df6ff647-groupManagement] INFO  segmented.SegmentedRaftLogWorker (SegmentedRaftLogWorker.java:lambda$new$0(135)) - 6f9d3266-b874-4586-a718-9027df6ff647@group-956EFEAD089C-SegmentedRaftLogWorker: flushIndex: setUnconditionally 0 -> -1
2023-09-29 12:51:22,663 [6f9d3266-b874-4586-a718-9027df6ff647-groupManagement] INFO  segmented.SegmentedRaftLogWorker (SegmentedRaftLogWorker.java:lambda$new$0(135)) - 6f9d3266-b874-4586-a718-9027df6ff647@group-956EFEAD089C-SegmentedRaftLogWorker: safeCacheEvictIndex: setUnconditionally 0 -> -1
2023-09-29 12:51:22,665 [6f9d3266-b874-4586-a718-9027df6ff647-groupManagement] INFO  server.RaftServer$Division (RaftServerImpl.java:start(342)) - 6f9d3266-b874-4586-a718-9027df6ff647@group-956EFEAD089C: start as a follower, conf=-1: peers:[6220322b-c54d-4ba8-95d6-5fd9b706d663|rpc:10.1.0.70:15050|admin:10.1.0.70:15049|client:10.1.0.70:15048|dataStream:10.1.0.70:15051|priority:1|startupRole:FOLLOWER, 6f9d3266-b874-4586-a718-9027df6ff647|rpc:10.1.0.70:15041|admin:10.1.0.70:15040|client:10.1.0.70:15039|dataStream:10.1.0.70:15042|priority:0|startupRole:FOLLOWER, 80a9a8fe-8ad4-444c-8e90-e2ced2b3ac02|rpc:10.1.0.70:15059|admin:10.1.0.70:15058|client:10.1.0.70:15057|dataStream:10.1.0.70:15060|priority:0|startupRole:FOLLOWER]|listeners:[], old=null
2023-09-29 12:51:22,665 [6f9d3266-b874-4586-a718-9027df6ff647-groupManagement] INFO  server.RaftServer$Division (RaftServerImpl.java:setRole(329)) - 6f9d3266-b874-4586-a718-9027df6ff647@group-956EFEAD089C: changes role from      null to FOLLOWER at term 0 for startAsFollower
2023-09-29 12:51:22,665 [6f9d3266-b874-4586-a718-9027df6ff647-groupManagement] INFO  impl.RoleInfo (RoleInfo.java:updateAndGet(139)) - 6f9d3266-b874-4586-a718-9027df6ff647: start 6f9d3266-b874-4586-a718-9027df6ff647@group-956EFEAD089C-FollowerState
2023-09-29 12:51:22,666 [6f9d3266-b874-4586-a718-9027df6ff647-groupManagement] INFO  util.JmxRegister (JmxRegister.java:tryRegister(44)) - Successfully registered JMX Bean with object name Ratis:service=RaftServer,group=group-956EFEAD089C,id=6f9d3266-b874-4586-a718-9027df6ff647
2023-09-29 12:51:22,666 [6f9d3266-b874-4586-a718-9027df6ff647-groupManagement] INFO  server.RaftServerConfigKeys (ConfUtils.java:logGet(46)) - raft.server.snapshot.auto.trigger.enabled = true (custom)
2023-09-29 12:51:22,666 [6f9d3266-b874-4586-a718-9027df6ff647-groupManagement] INFO  server.RaftServerConfigKeys (ConfUtils.java:logGet(46)) - raft.server.snapshot.auto.trigger.threshold = 10000 (custom)
2023-09-29 12:51:22,666 [6f9d3266-b874-4586-a718-9027df6ff647-groupManagement] INFO  server.RaftServerConfigKeys (ConfUtils.java:logGet(46)) - raft.server.snapshot.retention.file.num = 5 (custom)
2023-09-29 12:51:22,666 [6f9d3266-b874-4586-a718-9027df6ff647-groupManagement] INFO  server.RaftServerConfigKeys (ConfUtils.java:logGet(46)) - raft.server.log.purge.upto.snapshot.index = false (default)
2023-09-29 12:51:22,668 [6f9d3266-b874-4586-a718-9027df6ff647@group-956EFEAD089C-FollowerState] INFO  server.RaftServerConfigKeys (ConfUtils.java:logFallback(53)) - raft.server.rpc.first-election.timeout.min = 5s (fallback to raft.server.rpc.timeout.min)
2023-09-29 12:51:22,676 [6f9d3266-b874-4586-a718-9027df6ff647@group-956EFEAD089C-FollowerState] INFO  server.RaftServerConfigKeys (ConfUtils.java:logFallback(53)) - raft.server.rpc.first-election.timeout.max = 5200ms (fallback to raft.server.rpc.timeout.max)
2023-09-29 12:51:22,676 [PipelineCommandHandlerThread-0] INFO  ratis.XceiverServerRatis (XceiverServerRatis.java:addGroup(804)) - Created group PipelineID=b313363b-d4f1-44cf-bc12-956efead089c
2023-09-29 12:51:22,692 [grpc-default-executor-2] INFO  server.RaftServer (RaftServerProxy.java:addNew(98)) - 80a9a8fe-8ad4-444c-8e90-e2ced2b3ac02: addNew group-956EFEAD089C:[6220322b-c54d-4ba8-95d6-5fd9b706d663|rpc:10.1.0.70:15050|admin:10.1.0.70:15049|client:10.1.0.70:15048|dataStream:10.1.0.70:15051|priority:1|startupRole:FOLLOWER, 6f9d3266-b874-4586-a718-9027df6ff647|rpc:10.1.0.70:15041|admin:10.1.0.70:15040|client:10.1.0.70:15039|dataStream:10.1.0.70:15042|priority:0|startupRole:FOLLOWER, 80a9a8fe-8ad4-444c-8e90-e2ced2b3ac02|rpc:10.1.0.70:15059|admin:10.1.0.70:15058|client:10.1.0.70:15057|dataStream:10.1.0.70:15060|priority:0|startupRole:FOLLOWER] returns group-956EFEAD089C:java.util.concurrent.CompletableFuture@69729a4[Not completed]
2023-09-29 12:51:22,693 [80a9a8fe-8ad4-444c-8e90-e2ced2b3ac02-groupManagement] INFO  server.RaftServer$Division (RaftServerImpl.java:<init>(198)) - 80a9a8fe-8ad4-444c-8e90-e2ced2b3ac02: new RaftServerImpl for group-956EFEAD089C:[6220322b-c54d-4ba8-95d6-5fd9b706d663|rpc:10.1.0.70:15050|admin:10.1.0.70:15049|client:10.1.0.70:15048|dataStream:10.1.0.70:15051|priority:1|startupRole:FOLLOWER, 6f9d3266-b874-4586-a718-9027df6ff647|rpc:10.1.0.70:15041|admin:10.1.0.70:15040|client:10.1.0.70:15039|dataStream:10.1.0.70:15042|priority:0|startupRole:FOLLOWER, 80a9a8fe-8ad4-444c-8e90-e2ced2b3ac02|rpc:10.1.0.70:15059|admin:10.1.0.70:15058|client:10.1.0.70:15057|dataStream:10.1.0.70:15060|priority:0|startupRole:FOLLOWER] with ContainerStateMachine:uninitialized
2023-09-29 12:51:22,693 [80a9a8fe-8ad4-444c-8e90-e2ced2b3ac02-groupManagement] INFO  server.RaftServerConfigKeys (ConfUtils.java:logGet(46)) - raft.server.rpc.timeout.min = 5s (custom)
2023-09-29 12:51:22,693 [80a9a8fe-8ad4-444c-8e90-e2ced2b3ac02-groupManagement] INFO  server.RaftServerConfigKeys (ConfUtils.java:logGet(46)) - raft.server.rpc.timeout.max = 5200ms (custom)
2023-09-29 12:51:22,693 [80a9a8fe-8ad4-444c-8e90-e2ced2b3ac02-groupManagement] INFO  server.RaftServerConfigKeys (ConfUtils.java:logGet(46)) - raft.server.rpc.sleep.time = 25ms (default)
2023-09-29 12:51:22,693 [80a9a8fe-8ad4-444c-8e90-e2ced2b3ac02-groupManagement] INFO  server.RaftServerConfigKeys (ConfUtils.java:logGet(46)) - raft.server.rpc.slowness.timeout = 300s (custom)
2023-09-29 12:51:22,694 [80a9a8fe-8ad4-444c-8e90-e2ced2b3ac02-groupManagement] INFO  server.RaftServerConfigKeys (ConfUtils.java:logGet(46)) - raft.server.leaderelection.leader.step-down.wait-time = 10s (default)
2023-09-29 12:51:22,694 [80a9a8fe-8ad4-444c-8e90-e2ced2b3ac02-groupManagement] INFO  server.RaftServerConfigKeys (ConfUtils.java:logGet(46)) - raft.server.sleep.deviation.threshold = 300ms (default)
2023-09-29 12:51:22,694 [80a9a8fe-8ad4-444c-8e90-e2ced2b3ac02-groupManagement] INFO  server.RaftServer$Division (ServerState.java:<init>(120)) - 80a9a8fe-8ad4-444c-8e90-e2ced2b3ac02@group-956EFEAD089C: ConfigurationManager, init=-1: peers:[6220322b-c54d-4ba8-95d6-5fd9b706d663|rpc:10.1.0.70:15050|admin:10.1.0.70:15049|client:10.1.0.70:15048|dataStream:10.1.0.70:15051|priority:1|startupRole:FOLLOWER, 6f9d3266-b874-4586-a718-9027df6ff647|rpc:10.1.0.70:15041|admin:10.1.0.70:15040|client:10.1.0.70:15039|dataStream:10.1.0.70:15042|priority:0|startupRole:FOLLOWER, 80a9a8fe-8ad4-444c-8e90-e2ced2b3ac02|rpc:10.1.0.70:15059|admin:10.1.0.70:15058|client:10.1.0.70:15057|dataStream:10.1.0.70:15060|priority:0|startupRole:FOLLOWER]|listeners:[], old=null, confs=<EMPTY_MAP>
2023-09-29 12:51:22,694 [80a9a8fe-8ad4-444c-8e90-e2ced2b3ac02-groupManagement] INFO  server.RaftServerConfigKeys (ConfUtils.java:logGet(46)) - raft.server.storage.dir = [/home/runner/work/ozone/ozone/hadoop-ozone/integration-test/target/test-dir/MiniOzoneClusterImpl-811b16cb-c214-4c75-bdb2-1b437bba6cdf/datanode-5/data/ratis] (custom)
2023-09-29 12:51:22,694 [80a9a8fe-8ad4-444c-8e90-e2ced2b3ac02-groupManagement] INFO  server.RaftServerConfigKeys (ConfUtils.java:logGet(46)) - raft.server.log.corruption.policy = EXCEPTION (default)
2023-09-29 12:51:22,694 [80a9a8fe-8ad4-444c-8e90-e2ced2b3ac02-groupManagement] INFO  server.RaftServerConfigKeys (ConfUtils.java:logGet(46)) - raft.server.storage.free-space.min = 0MB (=0) (default)
2023-09-29 12:51:22,694 [80a9a8fe-8ad4-444c-8e90-e2ced2b3ac02-groupManagement] INFO  server.RaftServerConfigKeys (ConfUtils.java:logGet(46)) - raft.server.notification.no-leader.timeout = 300s (custom)
2023-09-29 12:51:22,694 [80a9a8fe-8ad4-444c-8e90-e2ced2b3ac02-groupManagement] INFO  server.RaftServerConfigKeys (ConfUtils.java:logGet(46)) - raft.server.read.timeout = 10s (default)
2023-09-29 12:51:22,695 [80a9a8fe-8ad4-444c-8e90-e2ced2b3ac02-groupManagement] INFO  server.RaftServerConfigKeys (ConfUtils.java:logGet(46)) - raft.server.retrycache.expirytime = 600000ms (custom)
2023-09-29 12:51:22,695 [80a9a8fe-8ad4-444c-8e90-e2ced2b3ac02-groupManagement] INFO  server.RaftServerConfigKeys (ConfUtils.java:logGet(46)) - raft.server.retrycache.statistics.expirytime = 100μs (default)
2023-09-29 12:51:22,695 [80a9a8fe-8ad4-444c-8e90-e2ced2b3ac02-groupManagement] INFO  server.RaftServerConfigKeys (ConfUtils.java:logGet(46)) - raft.server.read.option = DEFAULT (default)
2023-09-29 12:51:22,698 [80a9a8fe-8ad4-444c-8e90-e2ced2b3ac02-groupManagement] INFO  server.RaftServerConfigKeys (ConfUtils.java:logGet(46)) - raft.server.rpc.request.timeout = 60s (custom)
2023-09-29 12:51:22,699 [80a9a8fe-8ad4-444c-8e90-e2ced2b3ac02-groupManagement] INFO  server.RaftServerConfigKeys (ConfUtils.java:logGet(46)) - raft.server.log.appender.install.snapshot.enabled = false (custom)
2023-09-29 12:51:22,699 [80a9a8fe-8ad4-444c-8e90-e2ced2b3ac02-groupManagement] INFO  server.RaftServerConfigKeys (ConfUtils.java:logGet(46)) - raft.server.threadpool.server.cached = true (default)
2023-09-29 12:51:22,699 [80a9a8fe-8ad4-444c-8e90-e2ced2b3ac02-groupManagement] INFO  server.RaftServerConfigKeys (ConfUtils.java:logGet(46)) - raft.server.threadpool.server.size = 0 (default)
2023-09-29 12:51:22,699 [80a9a8fe-8ad4-444c-8e90-e2ced2b3ac02-groupManagement] INFO  server.RaftServerConfigKeys (ConfUtils.java:logGet(46)) - raft.server.threadpool.client.cached = true (default)
2023-09-29 12:51:22,699 [80a9a8fe-8ad4-444c-8e90-e2ced2b3ac02-groupManagement] INFO  server.RaftServerConfigKeys (ConfUtils.java:logGet(46)) - raft.server.threadpool.client.size = 0 (default)
2023-09-29 12:51:22,699 [80a9a8fe-8ad4-444c-8e90-e2ced2b3ac02-groupManagement] INFO  storage.RaftStorageDirectory (RaftStorageDirectoryImpl.java:analyzeStorage(137)) - The storage directory /home/runner/work/ozone/ozone/hadoop-ozone/integration-test/target/test-dir/MiniOzoneClusterImpl-811b16cb-c214-4c75-bdb2-1b437bba6cdf/datanode-5/data/ratis/b313363b-d4f1-44cf-bc12-956efead089c does not exist. Creating ...
2023-09-29 12:51:22,702 [80a9a8fe-8ad4-444c-8e90-e2ced2b3ac02-groupManagement] INFO  storage.RaftStorageDirectory (RaftStorageDirectoryImpl.java:tryLock(231)) - Lock on /home/runner/work/ozone/ozone/hadoop-ozone/integration-test/target/test-dir/MiniOzoneClusterImpl-811b16cb-c214-4c75-bdb2-1b437bba6cdf/datanode-5/data/ratis/b313363b-d4f1-44cf-bc12-956efead089c/in_use.lock acquired by nodename 70928@fv-az238-384
2023-09-29 12:51:22,707 [80a9a8fe-8ad4-444c-8e90-e2ced2b3ac02-groupManagement] INFO  storage.RaftStorage (RaftStorageImpl.java:format(96)) - Storage directory /home/runner/work/ozone/ozone/hadoop-ozone/integration-test/target/test-dir/MiniOzoneClusterImpl-811b16cb-c214-4c75-bdb2-1b437bba6cdf/datanode-5/data/ratis/b313363b-d4f1-44cf-bc12-956efead089c has been successfully formatted.
2023-09-29 12:51:22,709 [80a9a8fe-8ad4-444c-8e90-e2ced2b3ac02-groupManagement] INFO  ratis.ContainerStateMachine (ContainerStateMachine.java:loadSnapshot(262)) - group-956EFEAD089C: The snapshot info is null. Setting the last applied indexto:(t:0, i:~)
2023-09-29 12:51:22,709 [80a9a8fe-8ad4-444c-8e90-e2ced2b3ac02-groupManagement] INFO  server.RaftServerConfigKeys (ConfUtils.java:logGet(46)) - raft.server.log.use.memory = false (default)
2023-09-29 12:51:22,710 [80a9a8fe-8ad4-444c-8e90-e2ced2b3ac02-groupManagement] INFO  server.RaftServerConfigKeys (ConfUtils.java:logGet(46)) - raft.server.log.purge.gap = 1000000 (custom)
2023-09-29 12:51:22,710 [80a9a8fe-8ad4-444c-8e90-e2ced2b3ac02-groupManagement] INFO  server.RaftServerConfigKeys (ConfUtils.java:logGet(46)) - raft.server.log.appender.buffer.byte-limit = 33554432 (custom)
2023-09-29 12:51:22,710 [80a9a8fe-8ad4-444c-8e90-e2ced2b3ac02-groupManagement] INFO  server.RaftServerConfigKeys (ConfUtils.java:logGet(46)) - raft.server.log.statemachine.data.read.timeout = 1000ms (default)
2023-09-29 12:51:22,710 [80a9a8fe-8ad4-444c-8e90-e2ced2b3ac02-groupManagement] INFO  server.RaftServerConfigKeys (ConfUtils.java:logGet(46)) - raft.server.log.purge.preservation.log.num = 0 (default)
2023-09-29 12:51:22,710 [80a9a8fe-8ad4-444c-8e90-e2ced2b3ac02-groupManagement] INFO  server.RaftServerConfigKeys (ConfUtils.java:logGet(46)) - raft.server.log.segment.size.max = 1048576 (custom)
2023-09-29 12:51:22,711 [80a9a8fe-8ad4-444c-8e90-e2ced2b3ac02-groupManagement] INFO  server.RaftServerConfigKeys (ConfUtils.java:logGet(46)) - raft.server.log.segment.cache.num.max = 2 (custom)
2023-09-29 12:51:22,711 [80a9a8fe-8ad4-444c-8e90-e2ced2b3ac02-groupManagement] INFO  server.RaftServerConfigKeys (ConfUtils.java:logGet(46)) - raft.server.log.segment.cache.size.max = 200MB (=209715200) (default)
2023-09-29 12:51:22,711 [80a9a8fe-8ad4-444c-8e90-e2ced2b3ac02-groupManagement] INFO  server.RaftServerConfigKeys (ConfUtils.java:logGet(46)) - raft.server.log.appender.buffer.byte-limit = 33554432 (custom)
2023-09-29 12:51:22,711 [80a9a8fe-8ad4-444c-8e90-e2ced2b3ac02-groupManagement] INFO  segmented.SegmentedRaftLogWorker (SegmentedRaftLogWorker.java:<init>(188)) - new 80a9a8fe-8ad4-444c-8e90-e2ced2b3ac02@group-956EFEAD089C-SegmentedRaftLogWorker for RaftStorageImpl:Storage Directory /home/runner/work/ozone/ozone/hadoop-ozone/integration-test/target/test-dir/MiniOzoneClusterImpl-811b16cb-c214-4c75-bdb2-1b437bba6cdf/datanode-5/data/ratis/b313363b-d4f1-44cf-bc12-956efead089c
2023-09-29 12:51:22,711 [80a9a8fe-8ad4-444c-8e90-e2ced2b3ac02-groupManagement] INFO  server.RaftServerConfigKeys (ConfUtils.java:logGet(46)) - raft.server.log.queue.byte-limit = 4294967296 (custom)
2023-09-29 12:51:22,712 [80a9a8fe-8ad4-444c-8e90-e2ced2b3ac02-groupManagement] INFO  server.RaftServerConfigKeys (ConfUtils.java:logGet(46)) - raft.server.log.queue.element-limit = 1024 (custom)
2023-09-29 12:51:22,713 [80a9a8fe-8ad4-444c-8e90-e2ced2b3ac02-groupManagement] INFO  server.RaftServerConfigKeys (ConfUtils.java:logGet(46)) - raft.server.log.segment.size.max = 1048576 (custom)
2023-09-29 12:51:22,713 [80a9a8fe-8ad4-444c-8e90-e2ced2b3ac02-groupManagement] INFO  server.RaftServerConfigKeys (ConfUtils.java:logGet(46)) - raft.server.log.preallocated.size = 16384 (custom)
2023-09-29 12:51:22,715 [80a9a8fe-8ad4-444c-8e90-e2ced2b3ac02-groupManagement] INFO  server.RaftServerConfigKeys (ConfUtils.java:logGet(46)) - raft.server.log.force.sync.num = 128 (default)
2023-09-29 12:51:22,715 [80a9a8fe-8ad4-444c-8e90-e2ced2b3ac02-groupManagement] INFO  server.RaftServerConfigKeys (ConfUtils.java:logGet(46)) - raft.server.log.statemachine.data.sync = true (default)
2023-09-29 12:51:22,720 [80a9a8fe-8ad4-444c-8e90-e2ced2b3ac02-groupManagement] INFO  server.RaftServerConfigKeys (ConfUtils.java:logGet(46)) - raft.server.log.statemachine.data.sync.timeout = 10s (default)
2023-09-29 12:51:22,720 [80a9a8fe-8ad4-444c-8e90-e2ced2b3ac02-groupManagement] INFO  server.RaftServerConfigKeys (ConfUtils.java:logGet(46)) - raft.server.log.statemachine.data.sync.timeout.retry = -1 (default)
2023-09-29 12:51:22,722 [80a9a8fe-8ad4-444c-8e90-e2ced2b3ac02-groupManagement] INFO  server.RaftServerConfigKeys (ConfUtils.java:logGet(46)) - raft.server.log.write.buffer.size = 1048576 (custom)
2023-09-29 12:51:22,722 [80a9a8fe-8ad4-444c-8e90-e2ced2b3ac02-groupManagement] INFO  server.RaftServerConfigKeys (ConfUtils.java:logGet(46)) - raft.server.log.appender.buffer.byte-limit = 33554432 (custom)
2023-09-29 12:51:22,730 [80a9a8fe-8ad4-444c-8e90-e2ced2b3ac02-groupManagement] INFO  server.RaftServerConfigKeys (ConfUtils.java:logGet(46)) - raft.server.log.unsafe-flush.enabled = false (default)
2023-09-29 12:51:22,742 [80a9a8fe-8ad4-444c-8e90-e2ced2b3ac02-groupManagement] INFO  server.RaftServerConfigKeys (ConfUtils.java:logGet(46)) - raft.server.log.async-flush.enabled = false (default)
2023-09-29 12:51:22,742 [80a9a8fe-8ad4-444c-8e90-e2ced2b3ac02-groupManagement] INFO  server.RaftServerConfigKeys (ConfUtils.java:logGet(46)) - raft.server.log.statemachine.data.caching.enabled = true (custom)
2023-09-29 12:51:22,742 [80a9a8fe-8ad4-444c-8e90-e2ced2b3ac02-groupManagement] INFO  segmented.SegmentedRaftLogWorker (SegmentedRaftLogWorker.java:lambda$new$0(135)) - 80a9a8fe-8ad4-444c-8e90-e2ced2b3ac02@group-956EFEAD089C-SegmentedRaftLogWorker: flushIndex: setUnconditionally 0 -> -1
2023-09-29 12:51:22,744 [80a9a8fe-8ad4-444c-8e90-e2ced2b3ac02-groupManagement] INFO  segmented.SegmentedRaftLogWorker (SegmentedRaftLogWorker.java:lambda$new$0(135)) - 80a9a8fe-8ad4-444c-8e90-e2ced2b3ac02@group-956EFEAD089C-SegmentedRaftLogWorker: safeCacheEvictIndex: setUnconditionally 0 -> -1
2023-09-29 12:51:22,745 [80a9a8fe-8ad4-444c-8e90-e2ced2b3ac02-groupManagement] INFO  server.RaftServer$Division (RaftServerImpl.java:start(342)) - 80a9a8fe-8ad4-444c-8e90-e2ced2b3ac02@group-956EFEAD089C: start as a follower, conf=-1: peers:[6220322b-c54d-4ba8-95d6-5fd9b706d663|rpc:10.1.0.70:15050|admin:10.1.0.70:15049|client:10.1.0.70:15048|dataStream:10.1.0.70:15051|priority:1|startupRole:FOLLOWER, 6f9d3266-b874-4586-a718-9027df6ff647|rpc:10.1.0.70:15041|admin:10.1.0.70:15040|client:10.1.0.70:15039|dataStream:10.1.0.70:15042|priority:0|startupRole:FOLLOWER, 80a9a8fe-8ad4-444c-8e90-e2ced2b3ac02|rpc:10.1.0.70:15059|admin:10.1.0.70:15058|client:10.1.0.70:15057|dataStream:10.1.0.70:15060|priority:0|startupRole:FOLLOWER]|listeners:[], old=null
2023-09-29 12:51:22,745 [80a9a8fe-8ad4-444c-8e90-e2ced2b3ac02-groupManagement] INFO  server.RaftServer$Division (RaftServerImpl.java:setRole(329)) - 80a9a8fe-8ad4-444c-8e90-e2ced2b3ac02@group-956EFEAD089C: changes role from      null to FOLLOWER at term 0 for startAsFollower
2023-09-29 12:51:22,747 [80a9a8fe-8ad4-444c-8e90-e2ced2b3ac02-groupManagement] INFO  impl.RoleInfo (RoleInfo.java:updateAndGet(139)) - 80a9a8fe-8ad4-444c-8e90-e2ced2b3ac02: start 80a9a8fe-8ad4-444c-8e90-e2ced2b3ac02@group-956EFEAD089C-FollowerState
2023-09-29 12:51:22,749 [80a9a8fe-8ad4-444c-8e90-e2ced2b3ac02-groupManagement] INFO  util.JmxRegister (JmxRegister.java:tryRegister(44)) - Successfully registered JMX Bean with object name Ratis:service=RaftServer,group=group-956EFEAD089C,id=80a9a8fe-8ad4-444c-8e90-e2ced2b3ac02
2023-09-29 12:51:22,749 [80a9a8fe-8ad4-444c-8e90-e2ced2b3ac02-groupManagement] INFO  server.RaftServerConfigKeys (ConfUtils.java:logGet(46)) - raft.server.snapshot.auto.trigger.enabled = true (custom)
2023-09-29 12:51:22,749 [80a9a8fe-8ad4-444c-8e90-e2ced2b3ac02@group-956EFEAD089C-FollowerState] INFO  server.RaftServerConfigKeys (ConfUtils.java:logFallback(53)) - raft.server.rpc.first-election.timeout.min = 5s (fallback to raft.server.rpc.timeout.min)
2023-09-29 12:51:22,754 [PipelineCommandHandlerThread-0] INFO  commandhandler.CreatePipelineCommandHandler (CreatePipelineCommandHandler.java:lambda$handle$2(124)) - Created Pipeline RATIS THREE PipelineID=a759158d-7527-4318-bea8-e0a3cffd1989.
2023-09-29 12:51:22,755 [PipelineCommandHandlerThread-0] INFO  server.RaftServer (RaftServerProxy.java:addNew(98)) - 6220322b-c54d-4ba8-95d6-5fd9b706d663: addNew group-956EFEAD089C:[6220322b-c54d-4ba8-95d6-5fd9b706d663|rpc:10.1.0.70:15050|admin:10.1.0.70:15049|client:10.1.0.70:15048|dataStream:10.1.0.70:15051|priority:1|startupRole:FOLLOWER, 6f9d3266-b874-4586-a718-9027df6ff647|rpc:10.1.0.70:15041|admin:10.1.0.70:15040|client:10.1.0.70:15039|dataStream:10.1.0.70:15042|priority:0|startupRole:FOLLOWER, 80a9a8fe-8ad4-444c-8e90-e2ced2b3ac02|rpc:10.1.0.70:15059|admin:10.1.0.70:15058|client:10.1.0.70:15057|dataStream:10.1.0.70:15060|priority:0|startupRole:FOLLOWER] returns group-956EFEAD089C:java.util.concurrent.CompletableFuture@6f004a48[Not completed]
2023-09-29 12:51:22,756 [6220322b-c54d-4ba8-95d6-5fd9b706d663-groupManagement] INFO  server.RaftServer$Division (RaftServerImpl.java:<init>(198)) - 6220322b-c54d-4ba8-95d6-5fd9b706d663: new RaftServerImpl for group-956EFEAD089C:[6220322b-c54d-4ba8-95d6-5fd9b706d663|rpc:10.1.0.70:15050|admin:10.1.0.70:15049|client:10.1.0.70:15048|dataStream:10.1.0.70:15051|priority:1|startupRole:FOLLOWER, 6f9d3266-b874-4586-a718-9027df6ff647|rpc:10.1.0.70:15041|admin:10.1.0.70:15040|client:10.1.0.70:15039|dataStream:10.1.0.70:15042|priority:0|startupRole:FOLLOWER, 80a9a8fe-8ad4-444c-8e90-e2ced2b3ac02|rpc:10.1.0.70:15059|admin:10.1.0.70:15058|client:10.1.0.70:15057|dataStream:10.1.0.70:15060|priority:0|startupRole:FOLLOWER] with ContainerStateMachine:uninitialized
2023-09-29 12:51:22,756 [6220322b-c54d-4ba8-95d6-5fd9b706d663-groupManagement] INFO  server.RaftServerConfigKeys (ConfUtils.java:logGet(46)) - raft.server.rpc.timeout.min = 5s (custom)
2023-09-29 12:51:22,756 [6220322b-c54d-4ba8-95d6-5fd9b706d663-groupManagement] INFO  server.RaftServerConfigKeys (ConfUtils.java:logGet(46)) - raft.server.rpc.timeout.max = 5200ms (custom)
2023-09-29 12:51:22,756 [6220322b-c54d-4ba8-95d6-5fd9b706d663-groupManagement] INFO  server.RaftServerConfigKeys (ConfUtils.java:logGet(46)) - raft.server.rpc.sleep.time = 25ms (default)
2023-09-29 12:51:22,749 [80a9a8fe-8ad4-444c-8e90-e2ced2b3ac02-groupManagement] INFO  server.RaftServerConfigKeys (ConfUtils.java:logGet(46)) - raft.server.snapshot.auto.trigger.threshold = 10000 (custom)
2023-09-29 12:51:22,756 [6220322b-c54d-4ba8-95d6-5fd9b706d663-groupManagement] INFO  server.RaftServerConfigKeys (ConfUtils.java:logGet(46)) - raft.server.rpc.slowness.timeout = 300s (custom)
2023-09-29 12:51:22,756 [80a9a8fe-8ad4-444c-8e90-e2ced2b3ac02-groupManagement] INFO  server.RaftServerConfigKeys (ConfUtils.java:logGet(46)) - raft.server.snapshot.retention.file.num = 5 (custom)
2023-09-29 12:51:22,757 [80a9a8fe-8ad4-444c-8e90-e2ced2b3ac02@group-956EFEAD089C-FollowerState] INFO  server.RaftServerConfigKeys (ConfUtils.java:logFallback(53)) - raft.server.rpc.first-election.timeout.max = 5200ms (fallback to raft.server.rpc.timeout.max)
2023-09-29 12:51:22,757 [80a9a8fe-8ad4-444c-8e90-e2ced2b3ac02-groupManagement] INFO  server.RaftServerConfigKeys (ConfUtils.java:logGet(46)) - raft.server.log.purge.upto.snapshot.index = false (default)
2023-09-29 12:51:22,757 [6220322b-c54d-4ba8-95d6-5fd9b706d663-groupManagement] INFO  server.RaftServerConfigKeys (ConfUtils.java:logGet(46)) - raft.server.leaderelection.leader.step-down.wait-time = 10s (default)
2023-09-29 12:51:22,757 [6220322b-c54d-4ba8-95d6-5fd9b706d663-groupManagement] INFO  server.RaftServerConfigKeys (ConfUtils.java:logGet(46)) - raft.server.sleep.deviation.threshold = 300ms (default)
2023-09-29 12:51:22,757 [6220322b-c54d-4ba8-95d6-5fd9b706d663-groupManagement] INFO  server.RaftServer$Division (ServerState.java:<init>(120)) - 6220322b-c54d-4ba8-95d6-5fd9b706d663@group-956EFEAD089C: ConfigurationManager, init=-1: peers:[6220322b-c54d-4ba8-95d6-5fd9b706d663|rpc:10.1.0.70:15050|admin:10.1.0.70:15049|client:10.1.0.70:15048|dataStream:10.1.0.70:15051|priority:1|startupRole:FOLLOWER, 6f9d3266-b874-4586-a718-9027df6ff647|rpc:10.1.0.70:15041|admin:10.1.0.70:15040|client:10.1.0.70:15039|dataStream:10.1.0.70:15042|priority:0|startupRole:FOLLOWER, 80a9a8fe-8ad4-444c-8e90-e2ced2b3ac02|rpc:10.1.0.70:15059|admin:10.1.0.70:15058|client:10.1.0.70:15057|dataStream:10.1.0.70:15060|priority:0|startupRole:FOLLOWER]|listeners:[], old=null, confs=<EMPTY_MAP>
2023-09-29 12:51:22,758 [6220322b-c54d-4ba8-95d6-5fd9b706d663-groupManagement] INFO  server.RaftServerConfigKeys (ConfUtils.java:logGet(46)) - raft.server.storage.dir = [/home/runner/work/ozone/ozone/hadoop-ozone/integration-test/target/test-dir/MiniOzoneClusterImpl-811b16cb-c214-4c75-bdb2-1b437bba6cdf/datanode-4/data/ratis] (custom)
2023-09-29 12:51:22,758 [6220322b-c54d-4ba8-95d6-5fd9b706d663-groupManagement] INFO  server.RaftServerConfigKeys (ConfUtils.java:logGet(46)) - raft.server.log.corruption.policy = EXCEPTION (default)
2023-09-29 12:51:22,758 [6220322b-c54d-4ba8-95d6-5fd9b706d663-groupManagement] INFO  server.RaftServerConfigKeys (ConfUtils.java:logGet(46)) - raft.server.storage.free-space.min = 0MB (=0) (default)
2023-09-29 12:51:22,758 [6220322b-c54d-4ba8-95d6-5fd9b706d663-groupManagement] INFO  server.RaftServerConfigKeys (ConfUtils.java:logGet(46)) - raft.server.notification.no-leader.timeout = 300s (custom)
2023-09-29 12:51:22,758 [6220322b-c54d-4ba8-95d6-5fd9b706d663-groupManagement] INFO  server.RaftServerConfigKeys (ConfUtils.java:logGet(46)) - raft.server.read.timeout = 10s (default)
2023-09-29 12:51:22,758 [6220322b-c54d-4ba8-95d6-5fd9b706d663-groupManagement] INFO  server.RaftServerConfigKeys (ConfUtils.java:logGet(46)) - raft.server.retrycache.expirytime = 600000ms (custom)
2023-09-29 12:51:22,758 [6220322b-c54d-4ba8-95d6-5fd9b706d663-groupManagement] INFO  server.RaftServerConfigKeys (ConfUtils.java:logGet(46)) - raft.server.retrycache.statistics.expirytime = 100μs (default)
2023-09-29 12:51:22,758 [6220322b-c54d-4ba8-95d6-5fd9b706d663-groupManagement] INFO  server.RaftServerConfigKeys (ConfUtils.java:logGet(46)) - raft.server.read.option = DEFAULT (default)
2023-09-29 12:51:22,761 [6220322b-c54d-4ba8-95d6-5fd9b706d663-groupManagement] INFO  server.RaftServerConfigKeys (ConfUtils.java:logGet(46)) - raft.server.rpc.request.timeout = 60s (custom)
2023-09-29 12:51:22,761 [6220322b-c54d-4ba8-95d6-5fd9b706d663-groupManagement] INFO  server.RaftServerConfigKeys (ConfUtils.java:logGet(46)) - raft.server.log.appender.install.snapshot.enabled = false (custom)
2023-09-29 12:51:22,762 [6220322b-c54d-4ba8-95d6-5fd9b706d663-groupManagement] INFO  server.RaftServerConfigKeys (ConfUtils.java:logGet(46)) - raft.server.threadpool.server.cached = true (default)
2023-09-29 12:51:22,770 [6220322b-c54d-4ba8-95d6-5fd9b706d663-groupManagement] INFO  server.RaftServerConfigKeys (ConfUtils.java:logGet(46)) - raft.server.threadpool.server.size = 0 (default)
2023-09-29 12:51:22,770 [6220322b-c54d-4ba8-95d6-5fd9b706d663-groupManagement] INFO  server.RaftServerConfigKeys (ConfUtils.java:logGet(46)) - raft.server.threadpool.client.cached = true (default)
2023-09-29 12:51:22,770 [6220322b-c54d-4ba8-95d6-5fd9b706d663-groupManagement] INFO  server.RaftServerConfigKeys (ConfUtils.java:logGet(46)) - raft.server.threadpool.client.size = 0 (default)
2023-09-29 12:51:22,770 [6220322b-c54d-4ba8-95d6-5fd9b706d663-groupManagement] INFO  storage.RaftStorageDirectory (RaftStorageDirectoryImpl.java:analyzeStorage(137)) - The storage directory /home/runner/work/ozone/ozone/hadoop-ozone/integration-test/target/test-dir/MiniOzoneClusterImpl-811b16cb-c214-4c75-bdb2-1b437bba6cdf/datanode-4/data/ratis/b313363b-d4f1-44cf-bc12-956efead089c does not exist. Creating ...
2023-09-29 12:51:22,772 [6220322b-c54d-4ba8-95d6-5fd9b706d663-groupManagement] INFO  storage.RaftStorageDirectory (RaftStorageDirectoryImpl.java:tryLock(231)) - Lock on /home/runner/work/ozone/ozone/hadoop-ozone/integration-test/target/test-dir/MiniOzoneClusterImpl-811b16cb-c214-4c75-bdb2-1b437bba6cdf/datanode-4/data/ratis/b313363b-d4f1-44cf-bc12-956efead089c/in_use.lock acquired by nodename 70928@fv-az238-384
2023-09-29 12:51:22,773 [6220322b-c54d-4ba8-95d6-5fd9b706d663-groupManagement] INFO  storage.RaftStorage (RaftStorageImpl.java:format(96)) - Storage directory /home/runner/work/ozone/ozone/hadoop-ozone/integration-test/target/test-dir/MiniOzoneClusterImpl-811b16cb-c214-4c75-bdb2-1b437bba6cdf/datanode-4/data/ratis/b313363b-d4f1-44cf-bc12-956efead089c has been successfully formatted.
2023-09-29 12:51:22,774 [6220322b-c54d-4ba8-95d6-5fd9b706d663-groupManagement] INFO  ratis.ContainerStateMachine (ContainerStateMachine.java:loadSnapshot(262)) - group-956EFEAD089C: The snapshot info is null. Setting the last applied indexto:(t:0, i:~)
2023-09-29 12:51:22,774 [6220322b-c54d-4ba8-95d6-5fd9b706d663-groupManagement] INFO  server.RaftServerConfigKeys (ConfUtils.java:logGet(46)) - raft.server.log.use.memory = false (default)
2023-09-29 12:51:22,774 [6220322b-c54d-4ba8-95d6-5fd9b706d663-groupManagement] INFO  server.RaftServerConfigKeys (ConfUtils.java:logGet(46)) - raft.server.log.purge.gap = 1000000 (custom)
2023-09-29 12:51:22,774 [6220322b-c54d-4ba8-95d6-5fd9b706d663-groupManagement] INFO  server.RaftServerConfigKeys (ConfUtils.java:logGet(46)) - raft.server.log.appender.buffer.byte-limit = 33554432 (custom)
2023-09-29 12:51:22,774 [6220322b-c54d-4ba8-95d6-5fd9b706d663-groupManagement] INFO  server.RaftServerConfigKeys (ConfUtils.java:logGet(46)) - raft.server.log.statemachine.data.read.timeout = 1000ms (default)
2023-09-29 12:51:22,774 [6220322b-c54d-4ba8-95d6-5fd9b706d663-groupManagement] INFO  server.RaftServerConfigKeys (ConfUtils.java:logGet(46)) - raft.server.log.purge.preservation.log.num = 0 (default)
2023-09-29 12:51:22,775 [6220322b-c54d-4ba8-95d6-5fd9b706d663-groupManagement] INFO  server.RaftServerConfigKeys (ConfUtils.java:logGet(46)) - raft.server.log.segment.size.max = 1048576 (custom)
2023-09-29 12:51:22,776 [6220322b-c54d-4ba8-95d6-5fd9b706d663-groupManagement] INFO  server.RaftServerConfigKeys (ConfUtils.java:logGet(46)) - raft.server.log.segment.cache.num.max = 2 (custom)
2023-09-29 12:51:22,776 [6220322b-c54d-4ba8-95d6-5fd9b706d663-groupManagement] INFO  server.RaftServerConfigKeys (ConfUtils.java:logGet(46)) - raft.server.log.segment.cache.size.max = 200MB (=209715200) (default)
2023-09-29 12:51:22,776 [EventQueue-OpenPipelineForHealthyPipelineSafeModeRule] INFO  safemode.SCMSafeModeManager (HealthyPipelineSafeModeRule.java:process(137)) - SCM in safe mode. Healthy pipelines reported count is 0, required healthy pipeline reported count is 1
2023-09-29 12:51:22,776 [6220322b-c54d-4ba8-95d6-5fd9b706d663-groupManagement] INFO  server.RaftServerConfigKeys (ConfUtils.java:logGet(46)) - raft.server.log.appender.buffer.byte-limit = 33554432 (custom)
2023-09-29 12:51:22,776 [6220322b-c54d-4ba8-95d6-5fd9b706d663-groupManagement] INFO  segmented.SegmentedRaftLogWorker (SegmentedRaftLogWorker.java:<init>(188)) - new 6220322b-c54d-4ba8-95d6-5fd9b706d663@group-956EFEAD089C-SegmentedRaftLogWorker for RaftStorageImpl:Storage Directory /home/runner/work/ozone/ozone/hadoop-ozone/integration-test/target/test-dir/MiniOzoneClusterImpl-811b16cb-c214-4c75-bdb2-1b437bba6cdf/datanode-4/data/ratis/b313363b-d4f1-44cf-bc12-956efead089c
2023-09-29 12:51:22,776 [6220322b-c54d-4ba8-95d6-5fd9b706d663-groupManagement] INFO  server.RaftServerConfigKeys (ConfUtils.java:logGet(46)) - raft.server.log.queue.byte-limit = 4294967296 (custom)
2023-09-29 12:51:22,776 [6220322b-c54d-4ba8-95d6-5fd9b706d663-groupManagement] INFO  server.RaftServerConfigKeys (ConfUtils.java:logGet(46)) - raft.server.log.queue.element-limit = 1024 (custom)
2023-09-29 12:51:22,776 [6220322b-c54d-4ba8-95d6-5fd9b706d663-groupManagement] INFO  server.RaftServerConfigKeys (ConfUtils.java:logGet(46)) - raft.server.log.segment.size.max = 1048576 (custom)
2023-09-29 12:51:22,776 [6220322b-c54d-4ba8-95d6-5fd9b706d663-groupManagement] INFO  server.RaftServerConfigKeys (ConfUtils.java:logGet(46)) - raft.server.log.preallocated.size = 16384 (custom)
2023-09-29 12:51:22,776 [6220322b-c54d-4ba8-95d6-5fd9b706d663-groupManagement] INFO  server.RaftServerConfigKeys (ConfUtils.java:logGet(46)) - raft.server.log.force.sync.num = 128 (default)
2023-09-29 12:51:22,776 [6220322b-c54d-4ba8-95d6-5fd9b706d663-groupManagement] INFO  server.RaftServerConfigKeys (ConfUtils.java:logGet(46)) - raft.server.log.statemachine.data.sync = true (default)
2023-09-29 12:51:22,777 [6220322b-c54d-4ba8-95d6-5fd9b706d663-groupManagement] INFO  server.RaftServerConfigKeys (ConfUtils.java:logGet(46)) - raft.server.log.statemachine.data.sync.timeout = 10s (default)
2023-09-29 12:51:22,777 [6220322b-c54d-4ba8-95d6-5fd9b706d663-groupManagement] INFO  server.RaftServerConfigKeys (ConfUtils.java:logGet(46)) - raft.server.log.statemachine.data.sync.timeout.retry = -1 (default)
2023-09-29 12:51:22,778 [6220322b-c54d-4ba8-95d6-5fd9b706d663-groupManagement] INFO  server.RaftServerConfigKeys (ConfUtils.java:logGet(46)) - raft.server.log.write.buffer.size = 1048576 (custom)
2023-09-29 12:51:22,784 [6220322b-c54d-4ba8-95d6-5fd9b706d663-groupManagement] INFO  server.RaftServerConfigKeys (ConfUtils.java:logGet(46)) - raft.server.log.appender.buffer.byte-limit = 33554432 (custom)
2023-09-29 12:51:22,793 [6220322b-c54d-4ba8-95d6-5fd9b706d663-groupManagement] INFO  server.RaftServerConfigKeys (ConfUtils.java:logGet(46)) - raft.server.log.unsafe-flush.enabled = false (default)
2023-09-29 12:51:22,793 [6220322b-c54d-4ba8-95d6-5fd9b706d663-groupManagement] INFO  server.RaftServerConfigKeys (ConfUtils.java:logGet(46)) - raft.server.log.async-flush.enabled = false (default)
2023-09-29 12:51:22,793 [6220322b-c54d-4ba8-95d6-5fd9b706d663-groupManagement] INFO  server.RaftServerConfigKeys (ConfUtils.java:logGet(46)) - raft.server.log.statemachine.data.caching.enabled = true (custom)
2023-09-29 12:51:22,793 [6220322b-c54d-4ba8-95d6-5fd9b706d663-groupManagement] INFO  segmented.SegmentedRaftLogWorker (SegmentedRaftLogWorker.java:lambda$new$0(135)) - 6220322b-c54d-4ba8-95d6-5fd9b706d663@group-956EFEAD089C-SegmentedRaftLogWorker: flushIndex: setUnconditionally 0 -> -1
2023-09-29 12:51:22,793 [6220322b-c54d-4ba8-95d6-5fd9b706d663-groupManagement] INFO  segmented.SegmentedRaftLogWorker (SegmentedRaftLogWorker.java:lambda$new$0(135)) - 6220322b-c54d-4ba8-95d6-5fd9b706d663@group-956EFEAD089C-SegmentedRaftLogWorker: safeCacheEvictIndex: setUnconditionally 0 -> -1
2023-09-29 12:51:22,794 [6220322b-c54d-4ba8-95d6-5fd9b706d663-groupManagement] INFO  server.RaftServer$Division (RaftServerImpl.java:start(342)) - 6220322b-c54d-4ba8-95d6-5fd9b706d663@group-956EFEAD089C: start as a follower, conf=-1: peers:[6220322b-c54d-4ba8-95d6-5fd9b706d663|rpc:10.1.0.70:15050|admin:10.1.0.70:15049|client:10.1.0.70:15048|dataStream:10.1.0.70:15051|priority:1|startupRole:FOLLOWER, 6f9d3266-b874-4586-a718-9027df6ff647|rpc:10.1.0.70:15041|admin:10.1.0.70:15040|client:10.1.0.70:15039|dataStream:10.1.0.70:15042|priority:0|startupRole:FOLLOWER, 80a9a8fe-8ad4-444c-8e90-e2ced2b3ac02|rpc:10.1.0.70:15059|admin:10.1.0.70:15058|client:10.1.0.70:15057|dataStream:10.1.0.70:15060|priority:0|startupRole:FOLLOWER]|listeners:[], old=null
2023-09-29 12:51:22,794 [6220322b-c54d-4ba8-95d6-5fd9b706d663-groupManagement] INFO  server.RaftServer$Division (RaftServerImpl.java:setRole(329)) - 6220322b-c54d-4ba8-95d6-5fd9b706d663@group-956EFEAD089C: changes role from      null to FOLLOWER at term 0 for startAsFollower
2023-09-29 12:51:22,794 [6220322b-c54d-4ba8-95d6-5fd9b706d663-groupManagement] INFO  impl.RoleInfo (RoleInfo.java:updateAndGet(139)) - 6220322b-c54d-4ba8-95d6-5fd9b706d663: start 6220322b-c54d-4ba8-95d6-5fd9b706d663@group-956EFEAD089C-FollowerState
2023-09-29 12:51:22,794 [6220322b-c54d-4ba8-95d6-5fd9b706d663-groupManagement] INFO  util.JmxRegister (JmxRegister.java:tryRegister(44)) - Successfully registered JMX Bean with object name Ratis:service=RaftServer,group=group-956EFEAD089C,id=6220322b-c54d-4ba8-95d6-5fd9b706d663
2023-09-29 12:51:22,794 [6220322b-c54d-4ba8-95d6-5fd9b706d663-groupManagement] INFO  server.RaftServerConfigKeys (ConfUtils.java:logGet(46)) - raft.server.snapshot.auto.trigger.enabled = true (custom)
2023-09-29 12:51:22,794 [6220322b-c54d-4ba8-95d6-5fd9b706d663-groupManagement] INFO  server.RaftServerConfigKeys (ConfUtils.java:logGet(46)) - raft.server.snapshot.auto.trigger.threshold = 10000 (custom)
2023-09-29 12:51:22,795 [6220322b-c54d-4ba8-95d6-5fd9b706d663-groupManagement] INFO  server.RaftServerConfigKeys (ConfUtils.java:logGet(46)) - raft.server.snapshot.retention.file.num = 5 (custom)
2023-09-29 12:51:22,795 [6220322b-c54d-4ba8-95d6-5fd9b706d663-groupManagement] INFO  server.RaftServerConfigKeys (ConfUtils.java:logGet(46)) - raft.server.log.purge.upto.snapshot.index = false (default)
2023-09-29 12:51:22,795 [6220322b-c54d-4ba8-95d6-5fd9b706d663@group-956EFEAD089C-FollowerState] INFO  server.RaftServerConfigKeys (ConfUtils.java:logFallback(53)) - raft.server.rpc.first-election.timeout.min = 5s (fallback to raft.server.rpc.timeout.min)
2023-09-29 12:51:22,795 [6220322b-c54d-4ba8-95d6-5fd9b706d663@group-956EFEAD089C-FollowerState] INFO  server.RaftServerConfigKeys (ConfUtils.java:logFallback(53)) - raft.server.rpc.first-election.timeout.max = 5200ms (fallback to raft.server.rpc.timeout.max)
2023-09-29 12:51:22,803 [PipelineCommandHandlerThread-0] INFO  ratis.XceiverServerRatis (XceiverServerRatis.java:addGroup(804)) - Created group PipelineID=b313363b-d4f1-44cf-bc12-956efead089c
2023-09-29 12:51:22,847 [PipelineCommandHandlerThread-0] INFO  commandhandler.CreatePipelineCommandHandler (CreatePipelineCommandHandler.java:lambda$handle$2(124)) - Created Pipeline RATIS THREE PipelineID=b313363b-d4f1-44cf-bc12-956efead089c.
2023-09-29 12:51:22,848 [PipelineCommandHandlerThread-0] INFO  server.RaftServer (RaftServerProxy.java:addNew(98)) - 80a9a8fe-8ad4-444c-8e90-e2ced2b3ac02: addNew group-9A5C66FFCE8A:[80a9a8fe-8ad4-444c-8e90-e2ced2b3ac02|rpc:10.1.0.70:15059|admin:10.1.0.70:15058|client:10.1.0.70:15057|dataStream:10.1.0.70:15060|priority:1|startupRole:FOLLOWER] returns group-9A5C66FFCE8A:java.util.concurrent.CompletableFuture@1392e219[Not completed]
2023-09-29 12:51:22,849 [80a9a8fe-8ad4-444c-8e90-e2ced2b3ac02-groupManagement] INFO  server.RaftServer$Division (RaftServerImpl.java:<init>(198)) - 80a9a8fe-8ad4-444c-8e90-e2ced2b3ac02: new RaftServerImpl for group-9A5C66FFCE8A:[80a9a8fe-8ad4-444c-8e90-e2ced2b3ac02|rpc:10.1.0.70:15059|admin:10.1.0.70:15058|client:10.1.0.70:15057|dataStream:10.1.0.70:15060|priority:1|startupRole:FOLLOWER] with ContainerStateMachine:uninitialized
2023-09-29 12:51:22,849 [80a9a8fe-8ad4-444c-8e90-e2ced2b3ac02-groupManagement] INFO  server.RaftServerConfigKeys (ConfUtils.java:logGet(46)) - raft.server.rpc.timeout.min = 5s (custom)
2023-09-29 12:51:22,849 [80a9a8fe-8ad4-444c-8e90-e2ced2b3ac02-groupManagement] INFO  server.RaftServerConfigKeys (ConfUtils.java:logGet(46)) - raft.server.rpc.timeout.max = 5200ms (custom)
2023-09-29 12:51:22,849 [80a9a8fe-8ad4-444c-8e90-e2ced2b3ac02-groupManagement] INFO  server.RaftServerConfigKeys (ConfUtils.java:logGet(46)) - raft.server.rpc.sleep.time = 25ms (default)
2023-09-29 12:51:22,849 [80a9a8fe-8ad4-444c-8e90-e2ced2b3ac02-groupManagement] INFO  server.RaftServerConfigKeys (ConfUtils.java:logGet(46)) - raft.server.rpc.slowness.timeout = 300s (custom)
2023-09-29 12:51:22,849 [80a9a8fe-8ad4-444c-8e90-e2ced2b3ac02-groupManagement] INFO  server.RaftServerConfigKeys (ConfUtils.java:logGet(46)) - raft.server.leaderelection.leader.step-down.wait-time = 10s (default)
2023-09-29 12:51:22,849 [80a9a8fe-8ad4-444c-8e90-e2ced2b3ac02-groupManagement] INFO  server.RaftServerConfigKeys (ConfUtils.java:logGet(46)) - raft.server.sleep.deviation.threshold = 300ms (default)
2023-09-29 12:51:22,850 [80a9a8fe-8ad4-444c-8e90-e2ced2b3ac02-groupManagement] INFO  server.RaftServer$Division (ServerState.java:<init>(120)) - 80a9a8fe-8ad4-444c-8e90-e2ced2b3ac02@group-9A5C66FFCE8A: ConfigurationManager, init=-1: peers:[80a9a8fe-8ad4-444c-8e90-e2ced2b3ac02|rpc:10.1.0.70:15059|admin:10.1.0.70:15058|client:10.1.0.70:15057|dataStream:10.1.0.70:15060|priority:1|startupRole:FOLLOWER]|listeners:[], old=null, confs=<EMPTY_MAP>
2023-09-29 12:51:22,850 [80a9a8fe-8ad4-444c-8e90-e2ced2b3ac02-groupManagement] INFO  server.RaftServerConfigKeys (ConfUtils.java:logGet(46)) - raft.server.storage.dir = [/home/runner/work/ozone/ozone/hadoop-ozone/integration-test/target/test-dir/MiniOzoneClusterImpl-811b16cb-c214-4c75-bdb2-1b437bba6cdf/datanode-5/data/ratis] (custom)
2023-09-29 12:51:22,850 [80a9a8fe-8ad4-444c-8e90-e2ced2b3ac02-groupManagement] INFO  server.RaftServerConfigKeys (ConfUtils.java:logGet(46)) - raft.server.log.corruption.policy = EXCEPTION (default)
2023-09-29 12:51:22,850 [80a9a8fe-8ad4-444c-8e90-e2ced2b3ac02-groupManagement] INFO  server.RaftServerConfigKeys (ConfUtils.java:logGet(46)) - raft.server.storage.free-space.min = 0MB (=0) (default)
2023-09-29 12:51:22,850 [80a9a8fe-8ad4-444c-8e90-e2ced2b3ac02-groupManagement] INFO  server.RaftServerConfigKeys (ConfUtils.java:logGet(46)) - raft.server.notification.no-leader.timeout = 300s (custom)
2023-09-29 12:51:22,850 [80a9a8fe-8ad4-444c-8e90-e2ced2b3ac02-groupManagement] INFO  server.RaftServerConfigKeys (ConfUtils.java:logGet(46)) - raft.server.read.timeout = 10s (default)
2023-09-29 12:51:22,850 [80a9a8fe-8ad4-444c-8e90-e2ced2b3ac02-groupManagement] INFO  server.RaftServerConfigKeys (ConfUtils.java:logGet(46)) - raft.server.retrycache.expirytime = 600000ms (custom)
2023-09-29 12:51:22,850 [80a9a8fe-8ad4-444c-8e90-e2ced2b3ac02-groupManagement] INFO  server.RaftServerConfigKeys (ConfUtils.java:logGet(46)) - raft.server.retrycache.statistics.expirytime = 100μs (default)
2023-09-29 12:51:22,850 [80a9a8fe-8ad4-444c-8e90-e2ced2b3ac02-groupManagement] INFO  server.RaftServerConfigKeys (ConfUtils.java:logGet(46)) - raft.server.read.option = DEFAULT (default)
2023-09-29 12:51:22,853 [80a9a8fe-8ad4-444c-8e90-e2ced2b3ac02-groupManagement] INFO  server.RaftServerConfigKeys (ConfUtils.java:logGet(46)) - raft.server.rpc.request.timeout = 60s (custom)
2023-09-29 12:51:22,853 [80a9a8fe-8ad4-444c-8e90-e2ced2b3ac02-groupManagement] INFO  server.RaftServerConfigKeys (ConfUtils.java:logGet(46)) - raft.server.log.appender.install.snapshot.enabled = false (custom)
2023-09-29 12:51:22,853 [80a9a8fe-8ad4-444c-8e90-e2ced2b3ac02-groupManagement] INFO  server.RaftServerConfigKeys (ConfUtils.java:logGet(46)) - raft.server.threadpool.server.cached = true (default)
2023-09-29 12:51:22,853 [80a9a8fe-8ad4-444c-8e90-e2ced2b3ac02-groupManagement] INFO  server.RaftServerConfigKeys (ConfUtils.java:logGet(46)) - raft.server.threadpool.server.size = 0 (default)
2023-09-29 12:51:22,853 [80a9a8fe-8ad4-444c-8e90-e2ced2b3ac02-groupManagement] INFO  server.RaftServerConfigKeys (ConfUtils.java:logGet(46)) - raft.server.threadpool.client.cached = true (default)
2023-09-29 12:51:22,853 [80a9a8fe-8ad4-444c-8e90-e2ced2b3ac02-groupManagement] INFO  server.RaftServerConfigKeys (ConfUtils.java:logGet(46)) - raft.server.threadpool.client.size = 0 (default)
2023-09-29 12:51:22,853 [80a9a8fe-8ad4-444c-8e90-e2ced2b3ac02-groupManagement] INFO  storage.RaftStorageDirectory (RaftStorageDirectoryImpl.java:analyzeStorage(137)) - The storage directory /home/runner/work/ozone/ozone/hadoop-ozone/integration-test/target/test-dir/MiniOzoneClusterImpl-811b16cb-c214-4c75-bdb2-1b437bba6cdf/datanode-5/data/ratis/870a759f-8d79-46e0-9830-9a5c66ffce8a does not exist. Creating ...
2023-09-29 12:51:22,860 [80a9a8fe-8ad4-444c-8e90-e2ced2b3ac02-groupManagement] INFO  storage.RaftStorageDirectory (RaftStorageDirectoryImpl.java:tryLock(231)) - Lock on /home/runner/work/ozone/ozone/hadoop-ozone/integration-test/target/test-dir/MiniOzoneClusterImpl-811b16cb-c214-4c75-bdb2-1b437bba6cdf/datanode-5/data/ratis/870a759f-8d79-46e0-9830-9a5c66ffce8a/in_use.lock acquired by nodename 70928@fv-az238-384
2023-09-29 12:51:22,865 [80a9a8fe-8ad4-444c-8e90-e2ced2b3ac02-groupManagement] INFO  storage.RaftStorage (RaftStorageImpl.java:format(96)) - Storage directory /home/runner/work/ozone/ozone/hadoop-ozone/integration-test/target/test-dir/MiniOzoneClusterImpl-811b16cb-c214-4c75-bdb2-1b437bba6cdf/datanode-5/data/ratis/870a759f-8d79-46e0-9830-9a5c66ffce8a has been successfully formatted.
2023-09-29 12:51:22,866 [80a9a8fe-8ad4-444c-8e90-e2ced2b3ac02-groupManagement] INFO  ratis.ContainerStateMachine (ContainerStateMachine.java:loadSnapshot(262)) - group-9A5C66FFCE8A: The snapshot info is null. Setting the last applied indexto:(t:0, i:~)
2023-09-29 12:51:22,866 [80a9a8fe-8ad4-444c-8e90-e2ced2b3ac02-groupManagement] INFO  server.RaftServerConfigKeys (ConfUtils.java:logGet(46)) - raft.server.log.use.memory = false (default)
2023-09-29 12:51:22,866 [80a9a8fe-8ad4-444c-8e90-e2ced2b3ac02-groupManagement] INFO  server.RaftServerConfigKeys (ConfUtils.java:logGet(46)) - raft.server.log.purge.gap = 1000000 (custom)
2023-09-29 12:51:22,867 [80a9a8fe-8ad4-444c-8e90-e2ced2b3ac02-groupManagement] INFO  server.RaftServerConfigKeys (ConfUtils.java:logGet(46)) - raft.server.log.appender.buffer.byte-limit = 33554432 (custom)
2023-09-29 12:51:22,867 [80a9a8fe-8ad4-444c-8e90-e2ced2b3ac02-groupManagement] INFO  server.RaftServerConfigKeys (ConfUtils.java:logGet(46)) - raft.server.log.statemachine.data.read.timeout = 1000ms (default)
2023-09-29 12:51:22,867 [80a9a8fe-8ad4-444c-8e90-e2ced2b3ac02-groupManagement] INFO  server.RaftServerConfigKeys (ConfUtils.java:logGet(46)) - raft.server.log.purge.preservation.log.num = 0 (default)
2023-09-29 12:51:22,867 [80a9a8fe-8ad4-444c-8e90-e2ced2b3ac02-groupManagement] INFO  server.RaftServerConfigKeys (ConfUtils.java:logGet(46)) - raft.server.log.segment.size.max = 1048576 (custom)
2023-09-29 12:51:22,868 [80a9a8fe-8ad4-444c-8e90-e2ced2b3ac02-groupManagement] INFO  server.RaftServerConfigKeys (ConfUtils.java:logGet(46)) - raft.server.log.segment.cache.num.max = 2 (custom)
2023-09-29 12:51:22,868 [EventQueue-PipelineReportForPipelineReportHandler] INFO  pipeline.PipelineReportHandler (PipelineReportHandler.java:processPipelineReport(136)) - Opened pipeline PipelineID=870a759f-8d79-46e0-9830-9a5c66ffce8a
2023-09-29 12:51:22,868 [80a9a8fe-8ad4-444c-8e90-e2ced2b3ac02-groupManagement] INFO  server.RaftServerConfigKeys (ConfUtils.java:logGet(46)) - raft.server.log.segment.cache.size.max = 200MB (=209715200) (default)
2023-09-29 12:51:22,868 [EventQueue-OpenPipelineForHealthyPipelineSafeModeRule] INFO  safemode.SCMSafeModeManager (HealthyPipelineSafeModeRule.java:process(137)) - SCM in safe mode. Healthy pipelines reported count is 0, required healthy pipeline reported count is 1
2023-09-29 12:51:22,868 [80a9a8fe-8ad4-444c-8e90-e2ced2b3ac02-groupManagement] INFO  server.RaftServerConfigKeys (ConfUtils.java:logGet(46)) - raft.server.log.appender.buffer.byte-limit = 33554432 (custom)
2023-09-29 12:51:22,868 [80a9a8fe-8ad4-444c-8e90-e2ced2b3ac02-groupManagement] INFO  segmented.SegmentedRaftLogWorker (SegmentedRaftLogWorker.java:<init>(188)) - new 80a9a8fe-8ad4-444c-8e90-e2ced2b3ac02@group-9A5C66FFCE8A-SegmentedRaftLogWorker for RaftStorageImpl:Storage Directory /home/runner/work/ozone/ozone/hadoop-ozone/integration-test/target/test-dir/MiniOzoneClusterImpl-811b16cb-c214-4c75-bdb2-1b437bba6cdf/datanode-5/data/ratis/870a759f-8d79-46e0-9830-9a5c66ffce8a
2023-09-29 12:51:22,868 [80a9a8fe-8ad4-444c-8e90-e2ced2b3ac02-groupManagement] INFO  server.RaftServerConfigKeys (ConfUtils.java:logGet(46)) - raft.server.log.queue.byte-limit = 4294967296 (custom)
2023-09-29 12:51:22,869 [80a9a8fe-8ad4-444c-8e90-e2ced2b3ac02-groupManagement] INFO  server.RaftServerConfigKeys (ConfUtils.java:logGet(46)) - raft.server.log.queue.element-limit = 1024 (custom)
2023-09-29 12:51:22,869 [80a9a8fe-8ad4-444c-8e90-e2ced2b3ac02-groupManagement] INFO  server.RaftServerConfigKeys (ConfUtils.java:logGet(46)) - raft.server.log.segment.size.max = 1048576 (custom)
2023-09-29 12:51:22,869 [80a9a8fe-8ad4-444c-8e90-e2ced2b3ac02-groupManagement] INFO  server.RaftServerConfigKeys (ConfUtils.java:logGet(46)) - raft.server.log.preallocated.size = 16384 (custom)
2023-09-29 12:51:22,869 [80a9a8fe-8ad4-444c-8e90-e2ced2b3ac02-groupManagement] INFO  server.RaftServerConfigKeys (ConfUtils.java:logGet(46)) - raft.server.log.force.sync.num = 128 (default)
2023-09-29 12:51:22,869 [80a9a8fe-8ad4-444c-8e90-e2ced2b3ac02-groupManagement] INFO  server.RaftServerConfigKeys (ConfUtils.java:logGet(46)) - raft.server.log.statemachine.data.sync = true (default)
2023-09-29 12:51:22,869 [80a9a8fe-8ad4-444c-8e90-e2ced2b3ac02-groupManagement] INFO  server.RaftServerConfigKeys (ConfUtils.java:logGet(46)) - raft.server.log.statemachine.data.sync.timeout = 10s (default)
2023-09-29 12:51:22,869 [80a9a8fe-8ad4-444c-8e90-e2ced2b3ac02-groupManagement] INFO  server.RaftServerConfigKeys (ConfUtils.java:logGet(46)) - raft.server.log.statemachine.data.sync.timeout.retry = -1 (default)
2023-09-29 12:51:22,875 [80a9a8fe-8ad4-444c-8e90-e2ced2b3ac02-groupManagement] INFO  server.RaftServerConfigKeys (ConfUtils.java:logGet(46)) - raft.server.log.write.buffer.size = 1048576 (custom)
2023-09-29 12:51:22,877 [80a9a8fe-8ad4-444c-8e90-e2ced2b3ac02-groupManagement] INFO  server.RaftServerConfigKeys (ConfUtils.java:logGet(46)) - raft.server.log.appender.buffer.byte-limit = 33554432 (custom)
2023-09-29 12:51:22,886 [80a9a8fe-8ad4-444c-8e90-e2ced2b3ac02-groupManagement] INFO  server.RaftServerConfigKeys (ConfUtils.java:logGet(46)) - raft.server.log.unsafe-flush.enabled = false (default)
2023-09-29 12:51:22,888 [80a9a8fe-8ad4-444c-8e90-e2ced2b3ac02-groupManagement] INFO  server.RaftServerConfigKeys (ConfUtils.java:logGet(46)) - raft.server.log.async-flush.enabled = false (default)
2023-09-29 12:51:22,888 [80a9a8fe-8ad4-444c-8e90-e2ced2b3ac02-groupManagement] INFO  server.RaftServerConfigKeys (ConfUtils.java:logGet(46)) - raft.server.log.statemachine.data.caching.enabled = true (custom)
2023-09-29 12:51:22,889 [80a9a8fe-8ad4-444c-8e90-e2ced2b3ac02-groupManagement] INFO  segmented.SegmentedRaftLogWorker (SegmentedRaftLogWorker.java:lambda$new$0(135)) - 80a9a8fe-8ad4-444c-8e90-e2ced2b3ac02@group-9A5C66FFCE8A-SegmentedRaftLogWorker: flushIndex: setUnconditionally 0 -> -1
2023-09-29 12:51:22,889 [80a9a8fe-8ad4-444c-8e90-e2ced2b3ac02-groupManagement] INFO  segmented.SegmentedRaftLogWorker (SegmentedRaftLogWorker.java:lambda$new$0(135)) - 80a9a8fe-8ad4-444c-8e90-e2ced2b3ac02@group-9A5C66FFCE8A-SegmentedRaftLogWorker: safeCacheEvictIndex: setUnconditionally 0 -> -1
2023-09-29 12:51:22,889 [80a9a8fe-8ad4-444c-8e90-e2ced2b3ac02-groupManagement] INFO  server.RaftServer$Division (RaftServerImpl.java:start(342)) - 80a9a8fe-8ad4-444c-8e90-e2ced2b3ac02@group-9A5C66FFCE8A: start as a follower, conf=-1: peers:[80a9a8fe-8ad4-444c-8e90-e2ced2b3ac02|rpc:10.1.0.70:15059|admin:10.1.0.70:15058|client:10.1.0.70:15057|dataStream:10.1.0.70:15060|priority:1|startupRole:FOLLOWER]|listeners:[], old=null
2023-09-29 12:51:22,889 [80a9a8fe-8ad4-444c-8e90-e2ced2b3ac02-groupManagement] INFO  server.RaftServer$Division (RaftServerImpl.java:setRole(329)) - 80a9a8fe-8ad4-444c-8e90-e2ced2b3ac02@group-9A5C66FFCE8A: changes role from      null to FOLLOWER at term 0 for startAsFollower
2023-09-29 12:51:22,889 [80a9a8fe-8ad4-444c-8e90-e2ced2b3ac02-groupManagement] INFO  impl.RoleInfo (RoleInfo.java:updateAndGet(139)) - 80a9a8fe-8ad4-444c-8e90-e2ced2b3ac02: start 80a9a8fe-8ad4-444c-8e90-e2ced2b3ac02@group-9A5C66FFCE8A-FollowerState
2023-09-29 12:51:22,890 [80a9a8fe-8ad4-444c-8e90-e2ced2b3ac02-groupManagement] INFO  util.JmxRegister (JmxRegister.java:tryRegister(44)) - Successfully registered JMX Bean with object name Ratis:service=RaftServer,group=group-9A5C66FFCE8A,id=80a9a8fe-8ad4-444c-8e90-e2ced2b3ac02
2023-09-29 12:51:22,890 [80a9a8fe-8ad4-444c-8e90-e2ced2b3ac02-groupManagement] INFO  server.RaftServerConfigKeys (ConfUtils.java:logGet(46)) - raft.server.snapshot.auto.trigger.enabled = true (custom)
2023-09-29 12:51:22,890 [80a9a8fe-8ad4-444c-8e90-e2ced2b3ac02-groupManagement] INFO  server.RaftServerConfigKeys (ConfUtils.java:logGet(46)) - raft.server.snapshot.auto.trigger.threshold = 10000 (custom)
2023-09-29 12:51:22,890 [80a9a8fe-8ad4-444c-8e90-e2ced2b3ac02-groupManagement] INFO  server.RaftServerConfigKeys (ConfUtils.java:logGet(46)) - raft.server.snapshot.retention.file.num = 5 (custom)
2023-09-29 12:51:22,890 [80a9a8fe-8ad4-444c-8e90-e2ced2b3ac02-groupManagement] INFO  server.RaftServerConfigKeys (ConfUtils.java:logGet(46)) - raft.server.log.purge.upto.snapshot.index = false (default)
2023-09-29 12:51:22,891 [80a9a8fe-8ad4-444c-8e90-e2ced2b3ac02@group-9A5C66FFCE8A-FollowerState] INFO  server.RaftServerConfigKeys (ConfUtils.java:logFallback(53)) - raft.server.rpc.first-election.timeout.min = 5s (fallback to raft.server.rpc.timeout.min)
2023-09-29 12:51:22,891 [80a9a8fe-8ad4-444c-8e90-e2ced2b3ac02@group-9A5C66FFCE8A-FollowerState] INFO  server.RaftServerConfigKeys (ConfUtils.java:logFallback(53)) - raft.server.rpc.first-election.timeout.max = 5200ms (fallback to raft.server.rpc.timeout.max)
2023-09-29 12:51:22,893 [PipelineCommandHandlerThread-0] INFO  ratis.XceiverServerRatis (XceiverServerRatis.java:addGroup(804)) - Created group PipelineID=870a759f-8d79-46e0-9830-9a5c66ffce8a
2023-09-29 12:51:22,893 [PipelineCommandHandlerThread-0] INFO  commandhandler.CreatePipelineCommandHandler (CreatePipelineCommandHandler.java:lambda$handle$2(124)) - Created Pipeline RATIS ONE PipelineID=870a759f-8d79-46e0-9830-9a5c66ffce8a.
2023-09-29 12:51:22,899 [PipelineCommandHandlerThread-0] INFO  commandhandler.CreatePipelineCommandHandler (CreatePipelineCommandHandler.java:lambda$handle$2(124)) - Created Pipeline RATIS THREE PipelineID=b313363b-d4f1-44cf-bc12-956efead089c.
2023-09-29 12:51:23,309 [PipelineCommandHandlerThread-0] INFO  server.RaftServer (RaftServerProxy.java:addNew(98)) - b431013d-a75d-44b2-a41a-a2e98e506a92: addNew group-565827C47CD0:[b431013d-a75d-44b2-a41a-a2e98e506a92|rpc:10.1.0.70:15068|admin:10.1.0.70:15067|client:10.1.0.70:15066|dataStream:10.1.0.70:15069|priority:1|startupRole:FOLLOWER] returns group-565827C47CD0:java.util.concurrent.CompletableFuture@2ee3a6dc[Not completed]
2023-09-29 12:51:23,311 [b431013d-a75d-44b2-a41a-a2e98e506a92-groupManagement] INFO  server.RaftServer$Division (RaftServerImpl.java:<init>(198)) - b431013d-a75d-44b2-a41a-a2e98e506a92: new RaftServerImpl for group-565827C47CD0:[b431013d-a75d-44b2-a41a-a2e98e506a92|rpc:10.1.0.70:15068|admin:10.1.0.70:15067|client:10.1.0.70:15066|dataStream:10.1.0.70:15069|priority:1|startupRole:FOLLOWER] with ContainerStateMachine:uninitialized
2023-09-29 12:51:23,311 [b431013d-a75d-44b2-a41a-a2e98e506a92-groupManagement] INFO  server.RaftServerConfigKeys (ConfUtils.java:logGet(46)) - raft.server.rpc.timeout.min = 5s (custom)
2023-09-29 12:51:23,311 [b431013d-a75d-44b2-a41a-a2e98e506a92-groupManagement] INFO  server.RaftServerConfigKeys (ConfUtils.java:logGet(46)) - raft.server.rpc.timeout.max = 5200ms (custom)
2023-09-29 12:51:23,311 [b431013d-a75d-44b2-a41a-a2e98e506a92-groupManagement] INFO  server.RaftServerConfigKeys (ConfUtils.java:logGet(46)) - raft.server.rpc.sleep.time = 25ms (default)
2023-09-29 12:51:23,311 [b431013d-a75d-44b2-a41a-a2e98e506a92-groupManagement] INFO  server.RaftServerConfigKeys (ConfUtils.java:logGet(46)) - raft.server.rpc.slowness.timeout = 300s (custom)
2023-09-29 12:51:23,311 [b431013d-a75d-44b2-a41a-a2e98e506a92-groupManagement] INFO  server.RaftServerConfigKeys (ConfUtils.java:logGet(46)) - raft.server.leaderelection.leader.step-down.wait-time = 10s (default)
2023-09-29 12:51:23,311 [b431013d-a75d-44b2-a41a-a2e98e506a92-groupManagement] INFO  server.RaftServerConfigKeys (ConfUtils.java:logGet(46)) - raft.server.sleep.deviation.threshold = 300ms (default)
2023-09-29 12:51:23,311 [b431013d-a75d-44b2-a41a-a2e98e506a92-groupManagement] INFO  server.RaftServer$Division (ServerState.java:<init>(120)) - b431013d-a75d-44b2-a41a-a2e98e506a92@group-565827C47CD0: ConfigurationManager, init=-1: peers:[b431013d-a75d-44b2-a41a-a2e98e506a92|rpc:10.1.0.70:15068|admin:10.1.0.70:15067|client:10.1.0.70:15066|dataStream:10.1.0.70:15069|priority:1|startupRole:FOLLOWER]|listeners:[], old=null, confs=<EMPTY_MAP>
2023-09-29 12:51:23,311 [b431013d-a75d-44b2-a41a-a2e98e506a92-groupManagement] INFO  server.RaftServerConfigKeys (ConfUtils.java:logGet(46)) - raft.server.storage.dir = [/home/runner/work/ozone/ozone/hadoop-ozone/integration-test/target/test-dir/MiniOzoneClusterImpl-811b16cb-c214-4c75-bdb2-1b437bba6cdf/datanode-6/data/ratis] (custom)
2023-09-29 12:51:23,312 [b431013d-a75d-44b2-a41a-a2e98e506a92-groupManagement] INFO  server.RaftServerConfigKeys (ConfUtils.java:logGet(46)) - raft.server.log.corruption.policy = EXCEPTION (default)
2023-09-29 12:51:23,312 [b431013d-a75d-44b2-a41a-a2e98e506a92-groupManagement] INFO  server.RaftServerConfigKeys (ConfUtils.java:logGet(46)) - raft.server.storage.free-space.min = 0MB (=0) (default)
2023-09-29 12:51:23,312 [b431013d-a75d-44b2-a41a-a2e98e506a92-groupManagement] INFO  server.RaftServerConfigKeys (ConfUtils.java:logGet(46)) - raft.server.notification.no-leader.timeout = 300s (custom)
2023-09-29 12:51:23,312 [b431013d-a75d-44b2-a41a-a2e98e506a92-groupManagement] INFO  server.RaftServerConfigKeys (ConfUtils.java:logGet(46)) - raft.server.read.timeout = 10s (default)
2023-09-29 12:51:23,312 [b431013d-a75d-44b2-a41a-a2e98e506a92-groupManagement] INFO  server.RaftServerConfigKeys (ConfUtils.java:logGet(46)) - raft.server.retrycache.expirytime = 600000ms (custom)
2023-09-29 12:51:23,312 [b431013d-a75d-44b2-a41a-a2e98e506a92-groupManagement] INFO  server.RaftServerConfigKeys (ConfUtils.java:logGet(46)) - raft.server.retrycache.statistics.expirytime = 100μs (default)
2023-09-29 12:51:23,312 [b431013d-a75d-44b2-a41a-a2e98e506a92-groupManagement] INFO  server.RaftServerConfigKeys (ConfUtils.java:logGet(46)) - raft.server.read.option = DEFAULT (default)
2023-09-29 12:51:23,315 [b431013d-a75d-44b2-a41a-a2e98e506a92-groupManagement] INFO  server.RaftServerConfigKeys (ConfUtils.java:logGet(46)) - raft.server.rpc.request.timeout = 60s (custom)
2023-09-29 12:51:23,315 [b431013d-a75d-44b2-a41a-a2e98e506a92-groupManagement] INFO  server.RaftServerConfigKeys (ConfUtils.java:logGet(46)) - raft.server.log.appender.install.snapshot.enabled = false (custom)
2023-09-29 12:51:23,315 [b431013d-a75d-44b2-a41a-a2e98e506a92-groupManagement] INFO  server.RaftServerConfigKeys (ConfUtils.java:logGet(46)) - raft.server.threadpool.server.cached = true (default)
2023-09-29 12:51:23,315 [b431013d-a75d-44b2-a41a-a2e98e506a92-groupManagement] INFO  server.RaftServerConfigKeys (ConfUtils.java:logGet(46)) - raft.server.threadpool.server.size = 0 (default)
2023-09-29 12:51:23,315 [b431013d-a75d-44b2-a41a-a2e98e506a92-groupManagement] INFO  server.RaftServerConfigKeys (ConfUtils.java:logGet(46)) - raft.server.threadpool.client.cached = true (default)
2023-09-29 12:51:23,315 [b431013d-a75d-44b2-a41a-a2e98e506a92-groupManagement] INFO  server.RaftServerConfigKeys (ConfUtils.java:logGet(46)) - raft.server.threadpool.client.size = 0 (default)
2023-09-29 12:51:23,316 [b431013d-a75d-44b2-a41a-a2e98e506a92-groupManagement] INFO  storage.RaftStorageDirectory (RaftStorageDirectoryImpl.java:analyzeStorage(137)) - The storage directory /home/runner/work/ozone/ozone/hadoop-ozone/integration-test/target/test-dir/MiniOzoneClusterImpl-811b16cb-c214-4c75-bdb2-1b437bba6cdf/datanode-6/data/ratis/2091c0d9-35bc-4ce5-bb07-565827c47cd0 does not exist. Creating ...
2023-09-29 12:51:23,317 [b431013d-a75d-44b2-a41a-a2e98e506a92-groupManagement] INFO  storage.RaftStorageDirectory (RaftStorageDirectoryImpl.java:tryLock(231)) - Lock on /home/runner/work/ozone/ozone/hadoop-ozone/integration-test/target/test-dir/MiniOzoneClusterImpl-811b16cb-c214-4c75-bdb2-1b437bba6cdf/datanode-6/data/ratis/2091c0d9-35bc-4ce5-bb07-565827c47cd0/in_use.lock acquired by nodename 70928@fv-az238-384
2023-09-29 12:51:23,318 [b431013d-a75d-44b2-a41a-a2e98e506a92-groupManagement] INFO  storage.RaftStorage (RaftStorageImpl.java:format(96)) - Storage directory /home/runner/work/ozone/ozone/hadoop-ozone/integration-test/target/test-dir/MiniOzoneClusterImpl-811b16cb-c214-4c75-bdb2-1b437bba6cdf/datanode-6/data/ratis/2091c0d9-35bc-4ce5-bb07-565827c47cd0 has been successfully formatted.
2023-09-29 12:51:23,320 [b431013d-a75d-44b2-a41a-a2e98e506a92-groupManagement] INFO  ratis.ContainerStateMachine (ContainerStateMachine.java:loadSnapshot(262)) - group-565827C47CD0: The snapshot info is null. Setting the last applied indexto:(t:0, i:~)
2023-09-29 12:51:23,320 [b431013d-a75d-44b2-a41a-a2e98e506a92-groupManagement] INFO  server.RaftServerConfigKeys (ConfUtils.java:logGet(46)) - raft.server.log.use.memory = false (default)
2023-09-29 12:51:23,320 [b431013d-a75d-44b2-a41a-a2e98e506a92-groupManagement] INFO  server.RaftServerConfigKeys (ConfUtils.java:logGet(46)) - raft.server.log.purge.gap = 1000000 (custom)
2023-09-29 12:51:23,320 [b431013d-a75d-44b2-a41a-a2e98e506a92-groupManagement] INFO  server.RaftServerConfigKeys (ConfUtils.java:logGet(46)) - raft.server.log.appender.buffer.byte-limit = 33554432 (custom)
2023-09-29 12:51:23,320 [b431013d-a75d-44b2-a41a-a2e98e506a92-groupManagement] INFO  server.RaftServerConfigKeys (ConfUtils.java:logGet(46)) - raft.server.log.statemachine.data.read.timeout = 1000ms (default)
2023-09-29 12:51:23,322 [EventQueue-PipelineReportForPipelineReportHandler] INFO  pipeline.PipelineReportHandler (PipelineReportHandler.java:processPipelineReport(136)) - Opened pipeline PipelineID=2091c0d9-35bc-4ce5-bb07-565827c47cd0
2023-09-29 12:51:23,323 [EventQueue-OpenPipelineForHealthyPipelineSafeModeRule] INFO  safemode.SCMSafeModeManager (HealthyPipelineSafeModeRule.java:process(137)) - SCM in safe mode. Healthy pipelines reported count is 0, required healthy pipeline reported count is 1
2023-09-29 12:51:23,325 [b431013d-a75d-44b2-a41a-a2e98e506a92-groupManagement] INFO  server.RaftServerConfigKeys (ConfUtils.java:logGet(46)) - raft.server.log.purge.preservation.log.num = 0 (default)
2023-09-29 12:51:23,325 [b431013d-a75d-44b2-a41a-a2e98e506a92-groupManagement] INFO  server.RaftServerConfigKeys (ConfUtils.java:logGet(46)) - raft.server.log.segment.size.max = 1048576 (custom)
2023-09-29 12:51:23,325 [b431013d-a75d-44b2-a41a-a2e98e506a92-groupManagement] INFO  server.RaftServerConfigKeys (ConfUtils.java:logGet(46)) - raft.server.log.segment.cache.num.max = 2 (custom)
2023-09-29 12:51:23,326 [b431013d-a75d-44b2-a41a-a2e98e506a92-groupManagement] INFO  server.RaftServerConfigKeys (ConfUtils.java:logGet(46)) - raft.server.log.segment.cache.size.max = 200MB (=209715200) (default)
2023-09-29 12:51:23,326 [b431013d-a75d-44b2-a41a-a2e98e506a92-groupManagement] INFO  server.RaftServerConfigKeys (ConfUtils.java:logGet(46)) - raft.server.log.appender.buffer.byte-limit = 33554432 (custom)
2023-09-29 12:51:23,326 [b431013d-a75d-44b2-a41a-a2e98e506a92-groupManagement] INFO  segmented.SegmentedRaftLogWorker (SegmentedRaftLogWorker.java:<init>(188)) - new b431013d-a75d-44b2-a41a-a2e98e506a92@group-565827C47CD0-SegmentedRaftLogWorker for RaftStorageImpl:Storage Directory /home/runner/work/ozone/ozone/hadoop-ozone/integration-test/target/test-dir/MiniOzoneClusterImpl-811b16cb-c214-4c75-bdb2-1b437bba6cdf/datanode-6/data/ratis/2091c0d9-35bc-4ce5-bb07-565827c47cd0
2023-09-29 12:51:23,326 [b431013d-a75d-44b2-a41a-a2e98e506a92-groupManagement] INFO  server.RaftServerConfigKeys (ConfUtils.java:logGet(46)) - raft.server.log.queue.byte-limit = 4294967296 (custom)
2023-09-29 12:51:23,326 [b431013d-a75d-44b2-a41a-a2e98e506a92-groupManagement] INFO  server.RaftServerConfigKeys (ConfUtils.java:logGet(46)) - raft.server.log.queue.element-limit = 1024 (custom)
2023-09-29 12:51:23,326 [b431013d-a75d-44b2-a41a-a2e98e506a92-groupManagement] INFO  server.RaftServerConfigKeys (ConfUtils.java:logGet(46)) - raft.server.log.segment.size.max = 1048576 (custom)
2023-09-29 12:51:23,326 [b431013d-a75d-44b2-a41a-a2e98e506a92-groupManagement] INFO  server.RaftServerConfigKeys (ConfUtils.java:logGet(46)) - raft.server.log.preallocated.size = 16384 (custom)
2023-09-29 12:51:23,326 [b431013d-a75d-44b2-a41a-a2e98e506a92-groupManagement] INFO  server.RaftServerConfigKeys (ConfUtils.java:logGet(46)) - raft.server.log.force.sync.num = 128 (default)
2023-09-29 12:51:23,326 [b431013d-a75d-44b2-a41a-a2e98e506a92-groupManagement] INFO  server.RaftServerConfigKeys (ConfUtils.java:logGet(46)) - raft.server.log.statemachine.data.sync = true (default)
2023-09-29 12:51:23,326 [b431013d-a75d-44b2-a41a-a2e98e506a92-groupManagement] INFO  server.RaftServerConfigKeys (ConfUtils.java:logGet(46)) - raft.server.log.statemachine.data.sync.timeout = 10s (default)
2023-09-29 12:51:23,326 [b431013d-a75d-44b2-a41a-a2e98e506a92-groupManagement] INFO  server.RaftServerConfigKeys (ConfUtils.java:logGet(46)) - raft.server.log.statemachine.data.sync.timeout.retry = -1 (default)
2023-09-29 12:51:23,328 [b431013d-a75d-44b2-a41a-a2e98e506a92-groupManagement] INFO  server.RaftServerConfigKeys (ConfUtils.java:logGet(46)) - raft.server.log.write.buffer.size = 1048576 (custom)
2023-09-29 12:51:23,328 [b431013d-a75d-44b2-a41a-a2e98e506a92-groupManagement] INFO  server.RaftServerConfigKeys (ConfUtils.java:logGet(46)) - raft.server.log.appender.buffer.byte-limit = 33554432 (custom)
2023-09-29 12:51:23,334 [b431013d-a75d-44b2-a41a-a2e98e506a92-groupManagement] INFO  server.RaftServerConfigKeys (ConfUtils.java:logGet(46)) - raft.server.log.unsafe-flush.enabled = false (default)
2023-09-29 12:51:23,334 [b431013d-a75d-44b2-a41a-a2e98e506a92-groupManagement] INFO  server.RaftServerConfigKeys (ConfUtils.java:logGet(46)) - raft.server.log.async-flush.enabled = false (default)
2023-09-29 12:51:23,334 [b431013d-a75d-44b2-a41a-a2e98e506a92-groupManagement] INFO  server.RaftServerConfigKeys (ConfUtils.java:logGet(46)) - raft.server.log.statemachine.data.caching.enabled = true (custom)
2023-09-29 12:51:23,334 [b431013d-a75d-44b2-a41a-a2e98e506a92-groupManagement] INFO  segmented.SegmentedRaftLogWorker (SegmentedRaftLogWorker.java:lambda$new$0(135)) - b431013d-a75d-44b2-a41a-a2e98e506a92@group-565827C47CD0-SegmentedRaftLogWorker: flushIndex: setUnconditionally 0 -> -1
2023-09-29 12:51:23,334 [b431013d-a75d-44b2-a41a-a2e98e506a92-groupManagement] INFO  segmented.SegmentedRaftLogWorker (SegmentedRaftLogWorker.java:lambda$new$0(135)) - b431013d-a75d-44b2-a41a-a2e98e506a92@group-565827C47CD0-SegmentedRaftLogWorker: safeCacheEvictIndex: setUnconditionally 0 -> -1
2023-09-29 12:51:23,335 [b431013d-a75d-44b2-a41a-a2e98e506a92-groupManagement] INFO  server.RaftServer$Division (RaftServerImpl.java:start(342)) - b431013d-a75d-44b2-a41a-a2e98e506a92@group-565827C47CD0: start as a follower, conf=-1: peers:[b431013d-a75d-44b2-a41a-a2e98e506a92|rpc:10.1.0.70:15068|admin:10.1.0.70:15067|client:10.1.0.70:15066|dataStream:10.1.0.70:15069|priority:1|startupRole:FOLLOWER]|listeners:[], old=null
2023-09-29 12:51:23,335 [b431013d-a75d-44b2-a41a-a2e98e506a92-groupManagement] INFO  server.RaftServer$Division (RaftServerImpl.java:setRole(329)) - b431013d-a75d-44b2-a41a-a2e98e506a92@group-565827C47CD0: changes role from      null to FOLLOWER at term 0 for startAsFollower
2023-09-29 12:51:23,335 [b431013d-a75d-44b2-a41a-a2e98e506a92-groupManagement] INFO  impl.RoleInfo (RoleInfo.java:updateAndGet(139)) - b431013d-a75d-44b2-a41a-a2e98e506a92: start b431013d-a75d-44b2-a41a-a2e98e506a92@group-565827C47CD0-FollowerState
2023-09-29 12:51:23,339 [b431013d-a75d-44b2-a41a-a2e98e506a92@group-565827C47CD0-FollowerState] INFO  server.RaftServerConfigKeys (ConfUtils.java:logFallback(53)) - raft.server.rpc.first-election.timeout.min = 5s (fallback to raft.server.rpc.timeout.min)
2023-09-29 12:51:23,343 [b431013d-a75d-44b2-a41a-a2e98e506a92-groupManagement] INFO  util.JmxRegister (JmxRegister.java:tryRegister(44)) - Successfully registered JMX Bean with object name Ratis:service=RaftServer,group=group-565827C47CD0,id=b431013d-a75d-44b2-a41a-a2e98e506a92
2023-09-29 12:51:23,343 [b431013d-a75d-44b2-a41a-a2e98e506a92-groupManagement] INFO  server.RaftServerConfigKeys (ConfUtils.java:logGet(46)) - raft.server.snapshot.auto.trigger.enabled = true (custom)
2023-09-29 12:51:23,343 [b431013d-a75d-44b2-a41a-a2e98e506a92-groupManagement] INFO  server.RaftServerConfigKeys (ConfUtils.java:logGet(46)) - raft.server.snapshot.auto.trigger.threshold = 10000 (custom)
2023-09-29 12:51:23,343 [b431013d-a75d-44b2-a41a-a2e98e506a92-groupManagement] INFO  server.RaftServerConfigKeys (ConfUtils.java:logGet(46)) - raft.server.snapshot.retention.file.num = 5 (custom)
2023-09-29 12:51:23,343 [b431013d-a75d-44b2-a41a-a2e98e506a92-groupManagement] INFO  server.RaftServerConfigKeys (ConfUtils.java:logGet(46)) - raft.server.log.purge.upto.snapshot.index = false (default)
2023-09-29 12:51:23,344 [b431013d-a75d-44b2-a41a-a2e98e506a92@group-565827C47CD0-FollowerState] INFO  server.RaftServerConfigKeys (ConfUtils.java:logFallback(53)) - raft.server.rpc.first-election.timeout.max = 5200ms (fallback to raft.server.rpc.timeout.max)
2023-09-29 12:51:23,344 [PipelineCommandHandlerThread-0] INFO  ratis.XceiverServerRatis (XceiverServerRatis.java:addGroup(804)) - Created group PipelineID=2091c0d9-35bc-4ce5-bb07-565827c47cd0
2023-09-29 12:51:23,344 [PipelineCommandHandlerThread-0] INFO  commandhandler.CreatePipelineCommandHandler (CreatePipelineCommandHandler.java:lambda$handle$2(124)) - Created Pipeline RATIS ONE PipelineID=2091c0d9-35bc-4ce5-bb07-565827c47cd0.
2023-09-29 12:51:23,345 [PipelineCommandHandlerThread-0] INFO  server.RaftServer (RaftServerProxy.java:addNew(98)) - b431013d-a75d-44b2-a41a-a2e98e506a92: addNew group-8A617CCA13DF:[b431013d-a75d-44b2-a41a-a2e98e506a92|rpc:10.1.0.70:15068|admin:10.1.0.70:15067|client:10.1.0.70:15066|dataStream:10.1.0.70:15069|priority:1|startupRole:FOLLOWER, 9fc007ee-6328-4e66-a7f4-dfd370a25fec|rpc:10.1.0.70:15077|admin:10.1.0.70:15076|client:10.1.0.70:15075|dataStream:10.1.0.70:15078|priority:0|startupRole:FOLLOWER, 4dfacd3a-85e6-4f60-aa9f-15a17a1c954a|rpc:10.1.0.70:15086|admin:10.1.0.70:15085|client:10.1.0.70:15084|dataStream:10.1.0.70:15087|priority:0|startupRole:FOLLOWER] returns group-8A617CCA13DF:java.util.concurrent.CompletableFuture@2adc27d8[Not completed]
2023-09-29 12:51:23,346 [b431013d-a75d-44b2-a41a-a2e98e506a92-groupManagement] INFO  server.RaftServer$Division (RaftServerImpl.java:<init>(198)) - b431013d-a75d-44b2-a41a-a2e98e506a92: new RaftServerImpl for group-8A617CCA13DF:[b431013d-a75d-44b2-a41a-a2e98e506a92|rpc:10.1.0.70:15068|admin:10.1.0.70:15067|client:10.1.0.70:15066|dataStream:10.1.0.70:15069|priority:1|startupRole:FOLLOWER, 9fc007ee-6328-4e66-a7f4-dfd370a25fec|rpc:10.1.0.70:15077|admin:10.1.0.70:15076|client:10.1.0.70:15075|dataStream:10.1.0.70:15078|priority:0|startupRole:FOLLOWER, 4dfacd3a-85e6-4f60-aa9f-15a17a1c954a|rpc:10.1.0.70:15086|admin:10.1.0.70:15085|client:10.1.0.70:15084|dataStream:10.1.0.70:15087|priority:0|startupRole:FOLLOWER] with ContainerStateMachine:uninitialized
2023-09-29 12:51:23,346 [b431013d-a75d-44b2-a41a-a2e98e506a92-groupManagement] INFO  server.RaftServerConfigKeys (ConfUtils.java:logGet(46)) - raft.server.rpc.timeout.min = 5s (custom)
2023-09-29 12:51:23,346 [b431013d-a75d-44b2-a41a-a2e98e506a92-groupManagement] INFO  server.RaftServerConfigKeys (ConfUtils.java:logGet(46)) - raft.server.rpc.timeout.max = 5200ms (custom)
2023-09-29 12:51:23,347 [b431013d-a75d-44b2-a41a-a2e98e506a92-groupManagement] INFO  server.RaftServerConfigKeys (ConfUtils.java:logGet(46)) - raft.server.rpc.sleep.time = 25ms (default)
2023-09-29 12:51:23,347 [b431013d-a75d-44b2-a41a-a2e98e506a92-groupManagement] INFO  server.RaftServerConfigKeys (ConfUtils.java:logGet(46)) - raft.server.rpc.slowness.timeout = 300s (custom)
2023-09-29 12:51:23,347 [b431013d-a75d-44b2-a41a-a2e98e506a92-groupManagement] INFO  server.RaftServerConfigKeys (ConfUtils.java:logGet(46)) - raft.server.leaderelection.leader.step-down.wait-time = 10s (default)
2023-09-29 12:51:23,347 [b431013d-a75d-44b2-a41a-a2e98e506a92-groupManagement] INFO  server.RaftServerConfigKeys (ConfUtils.java:logGet(46)) - raft.server.sleep.deviation.threshold = 300ms (default)
2023-09-29 12:51:23,347 [b431013d-a75d-44b2-a41a-a2e98e506a92-groupManagement] INFO  server.RaftServer$Division (ServerState.java:<init>(120)) - b431013d-a75d-44b2-a41a-a2e98e506a92@group-8A617CCA13DF: ConfigurationManager, init=-1: peers:[b431013d-a75d-44b2-a41a-a2e98e506a92|rpc:10.1.0.70:15068|admin:10.1.0.70:15067|client:10.1.0.70:15066|dataStream:10.1.0.70:15069|priority:1|startupRole:FOLLOWER, 9fc007ee-6328-4e66-a7f4-dfd370a25fec|rpc:10.1.0.70:15077|admin:10.1.0.70:15076|client:10.1.0.70:15075|dataStream:10.1.0.70:15078|priority:0|startupRole:FOLLOWER, 4dfacd3a-85e6-4f60-aa9f-15a17a1c954a|rpc:10.1.0.70:15086|admin:10.1.0.70:15085|client:10.1.0.70:15084|dataStream:10.1.0.70:15087|priority:0|startupRole:FOLLOWER]|listeners:[], old=null, confs=<EMPTY_MAP>
2023-09-29 12:51:23,347 [b431013d-a75d-44b2-a41a-a2e98e506a92-groupManagement] INFO  server.RaftServerConfigKeys (ConfUtils.java:logGet(46)) - raft.server.storage.dir = [/home/runner/work/ozone/ozone/hadoop-ozone/integration-test/target/test-dir/MiniOzoneClusterImpl-811b16cb-c214-4c75-bdb2-1b437bba6cdf/datanode-6/data/ratis] (custom)
2023-09-29 12:51:23,347 [b431013d-a75d-44b2-a41a-a2e98e506a92-groupManagement] INFO  server.RaftServerConfigKeys (ConfUtils.java:logGet(46)) - raft.server.log.corruption.policy = EXCEPTION (default)
2023-09-29 12:51:23,347 [b431013d-a75d-44b2-a41a-a2e98e506a92-groupManagement] INFO  server.RaftServerConfigKeys (ConfUtils.java:logGet(46)) - raft.server.storage.free-space.min = 0MB (=0) (default)
2023-09-29 12:51:23,347 [b431013d-a75d-44b2-a41a-a2e98e506a92-groupManagement] INFO  server.RaftServerConfigKeys (ConfUtils.java:logGet(46)) - raft.server.notification.no-leader.timeout = 300s (custom)
2023-09-29 12:51:23,347 [b431013d-a75d-44b2-a41a-a2e98e506a92-groupManagement] INFO  server.RaftServerConfigKeys (ConfUtils.java:logGet(46)) - raft.server.read.timeout = 10s (default)
2023-09-29 12:51:23,348 [b431013d-a75d-44b2-a41a-a2e98e506a92-groupManagement] INFO  server.RaftServerConfigKeys (ConfUtils.java:logGet(46)) - raft.server.retrycache.expirytime = 600000ms (custom)
2023-09-29 12:51:23,348 [b431013d-a75d-44b2-a41a-a2e98e506a92-groupManagement] INFO  server.RaftServerConfigKeys (ConfUtils.java:logGet(46)) - raft.server.retrycache.statistics.expirytime = 100μs (default)
2023-09-29 12:51:23,348 [b431013d-a75d-44b2-a41a-a2e98e506a92-groupManagement] INFO  server.RaftServerConfigKeys (ConfUtils.java:logGet(46)) - raft.server.read.option = DEFAULT (default)
2023-09-29 12:51:23,354 [b431013d-a75d-44b2-a41a-a2e98e506a92-groupManagement] INFO  server.RaftServerConfigKeys (ConfUtils.java:logGet(46)) - raft.server.rpc.request.timeout = 60s (custom)
2023-09-29 12:51:23,354 [b431013d-a75d-44b2-a41a-a2e98e506a92-groupManagement] INFO  server.RaftServerConfigKeys (ConfUtils.java:logGet(46)) - raft.server.log.appender.install.snapshot.enabled = false (custom)
2023-09-29 12:51:23,354 [b431013d-a75d-44b2-a41a-a2e98e506a92-groupManagement] INFO  server.RaftServerConfigKeys (ConfUtils.java:logGet(46)) - raft.server.threadpool.server.cached = true (default)
2023-09-29 12:51:23,354 [b431013d-a75d-44b2-a41a-a2e98e506a92-groupManagement] INFO  server.RaftServerConfigKeys (ConfUtils.java:logGet(46)) - raft.server.threadpool.server.size = 0 (default)
2023-09-29 12:51:23,354 [b431013d-a75d-44b2-a41a-a2e98e506a92-groupManagement] INFO  server.RaftServerConfigKeys (ConfUtils.java:logGet(46)) - raft.server.threadpool.client.cached = true (default)
2023-09-29 12:51:23,354 [b431013d-a75d-44b2-a41a-a2e98e506a92-groupManagement] INFO  server.RaftServerConfigKeys (ConfUtils.java:logGet(46)) - raft.server.threadpool.client.size = 0 (default)
2023-09-29 12:51:23,355 [b431013d-a75d-44b2-a41a-a2e98e506a92-groupManagement] INFO  storage.RaftStorageDirectory (RaftStorageDirectoryImpl.java:analyzeStorage(137)) - The storage directory /home/runner/work/ozone/ozone/hadoop-ozone/integration-test/target/test-dir/MiniOzoneClusterImpl-811b16cb-c214-4c75-bdb2-1b437bba6cdf/datanode-6/data/ratis/b5d7346f-7812-4e83-9273-8a617cca13df does not exist. Creating ...
2023-09-29 12:51:23,357 [b431013d-a75d-44b2-a41a-a2e98e506a92-groupManagement] INFO  storage.RaftStorageDirectory (RaftStorageDirectoryImpl.java:tryLock(231)) - Lock on /home/runner/work/ozone/ozone/hadoop-ozone/integration-test/target/test-dir/MiniOzoneClusterImpl-811b16cb-c214-4c75-bdb2-1b437bba6cdf/datanode-6/data/ratis/b5d7346f-7812-4e83-9273-8a617cca13df/in_use.lock acquired by nodename 70928@fv-az238-384
2023-09-29 12:51:23,360 [b431013d-a75d-44b2-a41a-a2e98e506a92-groupManagement] INFO  storage.RaftStorage (RaftStorageImpl.java:format(96)) - Storage directory /home/runner/work/ozone/ozone/hadoop-ozone/integration-test/target/test-dir/MiniOzoneClusterImpl-811b16cb-c214-4c75-bdb2-1b437bba6cdf/datanode-6/data/ratis/b5d7346f-7812-4e83-9273-8a617cca13df has been successfully formatted.
2023-09-29 12:51:23,361 [b431013d-a75d-44b2-a41a-a2e98e506a92-groupManagement] INFO  ratis.ContainerStateMachine (ContainerStateMachine.java:loadSnapshot(262)) - group-8A617CCA13DF: The snapshot info is null. Setting the last applied indexto:(t:0, i:~)
2023-09-29 12:51:23,361 [b431013d-a75d-44b2-a41a-a2e98e506a92-groupManagement] INFO  server.RaftServerConfigKeys (ConfUtils.java:logGet(46)) - raft.server.log.use.memory = false (default)
2023-09-29 12:51:23,361 [b431013d-a75d-44b2-a41a-a2e98e506a92-groupManagement] INFO  server.RaftServerConfigKeys (ConfUtils.java:logGet(46)) - raft.server.log.purge.gap = 1000000 (custom)
2023-09-29 12:51:23,361 [b431013d-a75d-44b2-a41a-a2e98e506a92-groupManagement] INFO  server.RaftServerConfigKeys (ConfUtils.java:logGet(46)) - raft.server.log.appender.buffer.byte-limit = 33554432 (custom)
2023-09-29 12:51:23,361 [b431013d-a75d-44b2-a41a-a2e98e506a92-groupManagement] INFO  server.RaftServerConfigKeys (ConfUtils.java:logGet(46)) - raft.server.log.statemachine.data.read.timeout = 1000ms (default)
2023-09-29 12:51:23,361 [b431013d-a75d-44b2-a41a-a2e98e506a92-groupManagement] INFO  server.RaftServerConfigKeys (ConfUtils.java:logGet(46)) - raft.server.log.purge.preservation.log.num = 0 (default)
2023-09-29 12:51:23,362 [b431013d-a75d-44b2-a41a-a2e98e506a92-groupManagement] INFO  server.RaftServerConfigKeys (ConfUtils.java:logGet(46)) - raft.server.log.segment.size.max = 1048576 (custom)
2023-09-29 12:51:23,362 [EventQueue-OpenPipelineForHealthyPipelineSafeModeRule] INFO  safemode.SCMSafeModeManager (HealthyPipelineSafeModeRule.java:process(137)) - SCM in safe mode. Healthy pipelines reported count is 0, required healthy pipeline reported count is 1
2023-09-29 12:51:23,362 [b431013d-a75d-44b2-a41a-a2e98e506a92-groupManagement] INFO  server.RaftServerConfigKeys (ConfUtils.java:logGet(46)) - raft.server.log.segment.cache.num.max = 2 (custom)
2023-09-29 12:51:23,363 [b431013d-a75d-44b2-a41a-a2e98e506a92-groupManagement] INFO  server.RaftServerConfigKeys (ConfUtils.java:logGet(46)) - raft.server.log.segment.cache.size.max = 200MB (=209715200) (default)
2023-09-29 12:51:23,363 [b431013d-a75d-44b2-a41a-a2e98e506a92-groupManagement] INFO  server.RaftServerConfigKeys (ConfUtils.java:logGet(46)) - raft.server.log.appender.buffer.byte-limit = 33554432 (custom)
2023-09-29 12:51:23,363 [b431013d-a75d-44b2-a41a-a2e98e506a92-groupManagement] INFO  segmented.SegmentedRaftLogWorker (SegmentedRaftLogWorker.java:<init>(188)) - new b431013d-a75d-44b2-a41a-a2e98e506a92@group-8A617CCA13DF-SegmentedRaftLogWorker for RaftStorageImpl:Storage Directory /home/runner/work/ozone/ozone/hadoop-ozone/integration-test/target/test-dir/MiniOzoneClusterImpl-811b16cb-c214-4c75-bdb2-1b437bba6cdf/datanode-6/data/ratis/b5d7346f-7812-4e83-9273-8a617cca13df
2023-09-29 12:51:23,363 [b431013d-a75d-44b2-a41a-a2e98e506a92-groupManagement] INFO  server.RaftServerConfigKeys (ConfUtils.java:logGet(46)) - raft.server.log.queue.byte-limit = 4294967296 (custom)
2023-09-29 12:51:23,363 [b431013d-a75d-44b2-a41a-a2e98e506a92-groupManagement] INFO  server.RaftServerConfigKeys (ConfUtils.java:logGet(46)) - raft.server.log.queue.element-limit = 1024 (custom)
2023-09-29 12:51:23,363 [b431013d-a75d-44b2-a41a-a2e98e506a92-groupManagement] INFO  server.RaftServerConfigKeys (ConfUtils.java:logGet(46)) - raft.server.log.segment.size.max = 1048576 (custom)
2023-09-29 12:51:23,363 [b431013d-a75d-44b2-a41a-a2e98e506a92-groupManagement] INFO  server.RaftServerConfigKeys (ConfUtils.java:logGet(46)) - raft.server.log.preallocated.size = 16384 (custom)
2023-09-29 12:51:23,363 [b431013d-a75d-44b2-a41a-a2e98e506a92-groupManagement] INFO  server.RaftServerConfigKeys (ConfUtils.java:logGet(46)) - raft.server.log.force.sync.num = 128 (default)
2023-09-29 12:51:23,363 [b431013d-a75d-44b2-a41a-a2e98e506a92-groupManagement] INFO  server.RaftServerConfigKeys (ConfUtils.java:logGet(46)) - raft.server.log.statemachine.data.sync = true (default)
2023-09-29 12:51:23,363 [b431013d-a75d-44b2-a41a-a2e98e506a92-groupManagement] INFO  server.RaftServerConfigKeys (ConfUtils.java:logGet(46)) - raft.server.log.statemachine.data.sync.timeout = 10s (default)
2023-09-29 12:51:23,363 [b431013d-a75d-44b2-a41a-a2e98e506a92-groupManagement] INFO  server.RaftServerConfigKeys (ConfUtils.java:logGet(46)) - raft.server.log.statemachine.data.sync.timeout.retry = -1 (default)
2023-09-29 12:51:23,365 [b431013d-a75d-44b2-a41a-a2e98e506a92-groupManagement] INFO  server.RaftServerConfigKeys (ConfUtils.java:logGet(46)) - raft.server.log.write.buffer.size = 1048576 (custom)
2023-09-29 12:51:23,365 [b431013d-a75d-44b2-a41a-a2e98e506a92-groupManagement] INFO  server.RaftServerConfigKeys (ConfUtils.java:logGet(46)) - raft.server.log.appender.buffer.byte-limit = 33554432 (custom)
2023-09-29 12:51:23,371 [b431013d-a75d-44b2-a41a-a2e98e506a92-groupManagement] INFO  server.RaftServerConfigKeys (ConfUtils.java:logGet(46)) - raft.server.log.unsafe-flush.enabled = false (default)
2023-09-29 12:51:23,371 [b431013d-a75d-44b2-a41a-a2e98e506a92-groupManagement] INFO  server.RaftServerConfigKeys (ConfUtils.java:logGet(46)) - raft.server.log.async-flush.enabled = false (default)
2023-09-29 12:51:23,371 [b431013d-a75d-44b2-a41a-a2e98e506a92-groupManagement] INFO  server.RaftServerConfigKeys (ConfUtils.java:logGet(46)) - raft.server.log.statemachine.data.caching.enabled = true (custom)
2023-09-29 12:51:23,371 [b431013d-a75d-44b2-a41a-a2e98e506a92-groupManagement] INFO  segmented.SegmentedRaftLogWorker (SegmentedRaftLogWorker.java:lambda$new$0(135)) - b431013d-a75d-44b2-a41a-a2e98e506a92@group-8A617CCA13DF-SegmentedRaftLogWorker: flushIndex: setUnconditionally 0 -> -1
2023-09-29 12:51:23,372 [b431013d-a75d-44b2-a41a-a2e98e506a92-groupManagement] INFO  segmented.SegmentedRaftLogWorker (SegmentedRaftLogWorker.java:lambda$new$0(135)) - b431013d-a75d-44b2-a41a-a2e98e506a92@group-8A617CCA13DF-SegmentedRaftLogWorker: safeCacheEvictIndex: setUnconditionally 0 -> -1
2023-09-29 12:51:23,372 [b431013d-a75d-44b2-a41a-a2e98e506a92-groupManagement] INFO  server.RaftServer$Division (RaftServerImpl.java:start(342)) - b431013d-a75d-44b2-a41a-a2e98e506a92@group-8A617CCA13DF: start as a follower, conf=-1: peers:[b431013d-a75d-44b2-a41a-a2e98e506a92|rpc:10.1.0.70:15068|admin:10.1.0.70:15067|client:10.1.0.70:15066|dataStream:10.1.0.70:15069|priority:1|startupRole:FOLLOWER, 9fc007ee-6328-4e66-a7f4-dfd370a25fec|rpc:10.1.0.70:15077|admin:10.1.0.70:15076|client:10.1.0.70:15075|dataStream:10.1.0.70:15078|priority:0|startupRole:FOLLOWER, 4dfacd3a-85e6-4f60-aa9f-15a17a1c954a|rpc:10.1.0.70:15086|admin:10.1.0.70:15085|client:10.1.0.70:15084|dataStream:10.1.0.70:15087|priority:0|startupRole:FOLLOWER]|listeners:[], old=null
2023-09-29 12:51:23,372 [b431013d-a75d-44b2-a41a-a2e98e506a92-groupManagement] INFO  server.RaftServer$Division (RaftServerImpl.java:setRole(329)) - b431013d-a75d-44b2-a41a-a2e98e506a92@group-8A617CCA13DF: changes role from      null to FOLLOWER at term 0 for startAsFollower
2023-09-29 12:51:23,372 [b431013d-a75d-44b2-a41a-a2e98e506a92-groupManagement] INFO  impl.RoleInfo (RoleInfo.java:updateAndGet(139)) - b431013d-a75d-44b2-a41a-a2e98e506a92: start b431013d-a75d-44b2-a41a-a2e98e506a92@group-8A617CCA13DF-FollowerState
2023-09-29 12:51:23,373 [b431013d-a75d-44b2-a41a-a2e98e506a92-groupManagement] INFO  util.JmxRegister (JmxRegister.java:tryRegister(44)) - Successfully registered JMX Bean with object name Ratis:service=RaftServer,group=group-8A617CCA13DF,id=b431013d-a75d-44b2-a41a-a2e98e506a92
2023-09-29 12:51:23,373 [b431013d-a75d-44b2-a41a-a2e98e506a92-groupManagement] INFO  server.RaftServerConfigKeys (ConfUtils.java:logGet(46)) - raft.server.snapshot.auto.trigger.enabled = true (custom)
2023-09-29 12:51:23,373 [b431013d-a75d-44b2-a41a-a2e98e506a92-groupManagement] INFO  server.RaftServerConfigKeys (ConfUtils.java:logGet(46)) - raft.server.snapshot.auto.trigger.threshold = 10000 (custom)
2023-09-29 12:51:23,373 [b431013d-a75d-44b2-a41a-a2e98e506a92-groupManagement] INFO  server.RaftServerConfigKeys (ConfUtils.java:logGet(46)) - raft.server.snapshot.retention.file.num = 5 (custom)
2023-09-29 12:51:23,373 [b431013d-a75d-44b2-a41a-a2e98e506a92-groupManagement] INFO  server.RaftServerConfigKeys (ConfUtils.java:logGet(46)) - raft.server.log.purge.upto.snapshot.index = false (default)
2023-09-29 12:51:23,374 [b431013d-a75d-44b2-a41a-a2e98e506a92@group-8A617CCA13DF-FollowerState] INFO  server.RaftServerConfigKeys (ConfUtils.java:logFallback(53)) - raft.server.rpc.first-election.timeout.min = 5s (fallback to raft.server.rpc.timeout.min)
2023-09-29 12:51:23,374 [b431013d-a75d-44b2-a41a-a2e98e506a92@group-8A617CCA13DF-FollowerState] INFO  server.RaftServerConfigKeys (ConfUtils.java:logFallback(53)) - raft.server.rpc.first-election.timeout.max = 5200ms (fallback to raft.server.rpc.timeout.max)
2023-09-29 12:51:23,374 [PipelineCommandHandlerThread-0] INFO  ratis.XceiverServerRatis (XceiverServerRatis.java:addGroup(804)) - Created group PipelineID=b5d7346f-7812-4e83-9273-8a617cca13df
2023-09-29 12:51:23,393 [grpc-default-executor-2] INFO  server.RaftServer (RaftServerProxy.java:addNew(98)) - 4dfacd3a-85e6-4f60-aa9f-15a17a1c954a: addNew group-8A617CCA13DF:[b431013d-a75d-44b2-a41a-a2e98e506a92|rpc:10.1.0.70:15068|admin:10.1.0.70:15067|client:10.1.0.70:15066|dataStream:10.1.0.70:15069|priority:1|startupRole:FOLLOWER, 9fc007ee-6328-4e66-a7f4-dfd370a25fec|rpc:10.1.0.70:15077|admin:10.1.0.70:15076|client:10.1.0.70:15075|dataStream:10.1.0.70:15078|priority:0|startupRole:FOLLOWER, 4dfacd3a-85e6-4f60-aa9f-15a17a1c954a|rpc:10.1.0.70:15086|admin:10.1.0.70:15085|client:10.1.0.70:15084|dataStream:10.1.0.70:15087|priority:0|startupRole:FOLLOWER] returns group-8A617CCA13DF:java.util.concurrent.CompletableFuture@16eaca4[Not completed]
2023-09-29 12:51:23,395 [4dfacd3a-85e6-4f60-aa9f-15a17a1c954a-groupManagement] INFO  server.RaftServer$Division (RaftServerImpl.java:<init>(198)) - 4dfacd3a-85e6-4f60-aa9f-15a17a1c954a: new RaftServerImpl for group-8A617CCA13DF:[b431013d-a75d-44b2-a41a-a2e98e506a92|rpc:10.1.0.70:15068|admin:10.1.0.70:15067|client:10.1.0.70:15066|dataStream:10.1.0.70:15069|priority:1|startupRole:FOLLOWER, 9fc007ee-6328-4e66-a7f4-dfd370a25fec|rpc:10.1.0.70:15077|admin:10.1.0.70:15076|client:10.1.0.70:15075|dataStream:10.1.0.70:15078|priority:0|startupRole:FOLLOWER, 4dfacd3a-85e6-4f60-aa9f-15a17a1c954a|rpc:10.1.0.70:15086|admin:10.1.0.70:15085|client:10.1.0.70:15084|dataStream:10.1.0.70:15087|priority:0|startupRole:FOLLOWER] with ContainerStateMachine:uninitialized
2023-09-29 12:51:23,395 [4dfacd3a-85e6-4f60-aa9f-15a17a1c954a-groupManagement] INFO  server.RaftServerConfigKeys (ConfUtils.java:logGet(46)) - raft.server.rpc.timeout.min = 5s (custom)
2023-09-29 12:51:23,396 [4dfacd3a-85e6-4f60-aa9f-15a17a1c954a-groupManagement] INFO  server.RaftServerConfigKeys (ConfUtils.java:logGet(46)) - raft.server.rpc.timeout.max = 5200ms (custom)
2023-09-29 12:51:23,396 [4dfacd3a-85e6-4f60-aa9f-15a17a1c954a-groupManagement] INFO  server.RaftServerConfigKeys (ConfUtils.java:logGet(46)) - raft.server.rpc.sleep.time = 25ms (default)
2023-09-29 12:51:23,396 [4dfacd3a-85e6-4f60-aa9f-15a17a1c954a-groupManagement] INFO  server.RaftServerConfigKeys (ConfUtils.java:logGet(46)) - raft.server.rpc.slowness.timeout = 300s (custom)
2023-09-29 12:51:23,396 [4dfacd3a-85e6-4f60-aa9f-15a17a1c954a-groupManagement] INFO  server.RaftServerConfigKeys (ConfUtils.java:logGet(46)) - raft.server.leaderelection.leader.step-down.wait-time = 10s (default)
2023-09-29 12:51:23,396 [4dfacd3a-85e6-4f60-aa9f-15a17a1c954a-groupManagement] INFO  server.RaftServerConfigKeys (ConfUtils.java:logGet(46)) - raft.server.sleep.deviation.threshold = 300ms (default)
2023-09-29 12:51:23,396 [4dfacd3a-85e6-4f60-aa9f-15a17a1c954a-groupManagement] INFO  server.RaftServer$Division (ServerState.java:<init>(120)) - 4dfacd3a-85e6-4f60-aa9f-15a17a1c954a@group-8A617CCA13DF: ConfigurationManager, init=-1: peers:[b431013d-a75d-44b2-a41a-a2e98e506a92|rpc:10.1.0.70:15068|admin:10.1.0.70:15067|client:10.1.0.70:15066|dataStream:10.1.0.70:15069|priority:1|startupRole:FOLLOWER, 9fc007ee-6328-4e66-a7f4-dfd370a25fec|rpc:10.1.0.70:15077|admin:10.1.0.70:15076|client:10.1.0.70:15075|dataStream:10.1.0.70:15078|priority:0|startupRole:FOLLOWER, 4dfacd3a-85e6-4f60-aa9f-15a17a1c954a|rpc:10.1.0.70:15086|admin:10.1.0.70:15085|client:10.1.0.70:15084|dataStream:10.1.0.70:15087|priority:0|startupRole:FOLLOWER]|listeners:[], old=null, confs=<EMPTY_MAP>
2023-09-29 12:51:23,396 [4dfacd3a-85e6-4f60-aa9f-15a17a1c954a-groupManagement] INFO  server.RaftServerConfigKeys (ConfUtils.java:logGet(46)) - raft.server.storage.dir = [/home/runner/work/ozone/ozone/hadoop-ozone/integration-test/target/test-dir/MiniOzoneClusterImpl-811b16cb-c214-4c75-bdb2-1b437bba6cdf/datanode-8/data/ratis] (custom)
2023-09-29 12:51:23,396 [4dfacd3a-85e6-4f60-aa9f-15a17a1c954a-groupManagement] INFO  server.RaftServerConfigKeys (ConfUtils.java:logGet(46)) - raft.server.log.corruption.policy = EXCEPTION (default)
2023-09-29 12:51:23,396 [4dfacd3a-85e6-4f60-aa9f-15a17a1c954a-groupManagement] INFO  server.RaftServerConfigKeys (ConfUtils.java:logGet(46)) - raft.server.storage.free-space.min = 0MB (=0) (default)
2023-09-29 12:51:23,397 [4dfacd3a-85e6-4f60-aa9f-15a17a1c954a-groupManagement] INFO  server.RaftServerConfigKeys (ConfUtils.java:logGet(46)) - raft.server.notification.no-leader.timeout = 300s (custom)
2023-09-29 12:51:23,397 [4dfacd3a-85e6-4f60-aa9f-15a17a1c954a-groupManagement] INFO  server.RaftServerConfigKeys (ConfUtils.java:logGet(46)) - raft.server.read.timeout = 10s (default)
2023-09-29 12:51:23,397 [4dfacd3a-85e6-4f60-aa9f-15a17a1c954a-groupManagement] INFO  server.RaftServerConfigKeys (ConfUtils.java:logGet(46)) - raft.server.retrycache.expirytime = 600000ms (custom)
2023-09-29 12:51:23,397 [4dfacd3a-85e6-4f60-aa9f-15a17a1c954a-groupManagement] INFO  server.RaftServerConfigKeys (ConfUtils.java:logGet(46)) - raft.server.retrycache.statistics.expirytime = 100μs (default)
2023-09-29 12:51:23,397 [4dfacd3a-85e6-4f60-aa9f-15a17a1c954a-groupManagement] INFO  server.RaftServerConfigKeys (ConfUtils.java:logGet(46)) - raft.server.read.option = DEFAULT (default)
2023-09-29 12:51:23,399 [4dfacd3a-85e6-4f60-aa9f-15a17a1c954a-groupManagement] INFO  server.RaftServerConfigKeys (ConfUtils.java:logGet(46)) - raft.server.rpc.request.timeout = 60s (custom)
2023-09-29 12:51:23,399 [4dfacd3a-85e6-4f60-aa9f-15a17a1c954a-groupManagement] INFO  server.RaftServerConfigKeys (ConfUtils.java:logGet(46)) - raft.server.log.appender.install.snapshot.enabled = false (custom)
2023-09-29 12:51:23,399 [4dfacd3a-85e6-4f60-aa9f-15a17a1c954a-groupManagement] INFO  server.RaftServerConfigKeys (ConfUtils.java:logGet(46)) - raft.server.threadpool.server.cached = true (default)
2023-09-29 12:51:23,399 [4dfacd3a-85e6-4f60-aa9f-15a17a1c954a-groupManagement] INFO  server.RaftServerConfigKeys (ConfUtils.java:logGet(46)) - raft.server.threadpool.server.size = 0 (default)
2023-09-29 12:51:23,399 [4dfacd3a-85e6-4f60-aa9f-15a17a1c954a-groupManagement] INFO  server.RaftServerConfigKeys (ConfUtils.java:logGet(46)) - raft.server.threadpool.client.cached = true (default)
2023-09-29 12:51:23,400 [4dfacd3a-85e6-4f60-aa9f-15a17a1c954a-groupManagement] INFO  server.RaftServerConfigKeys (ConfUtils.java:logGet(46)) - raft.server.threadpool.client.size = 0 (default)
2023-09-29 12:51:23,400 [4dfacd3a-85e6-4f60-aa9f-15a17a1c954a-groupManagement] INFO  storage.RaftStorageDirectory (RaftStorageDirectoryImpl.java:analyzeStorage(137)) - The storage directory /home/runner/work/ozone/ozone/hadoop-ozone/integration-test/target/test-dir/MiniOzoneClusterImpl-811b16cb-c214-4c75-bdb2-1b437bba6cdf/datanode-8/data/ratis/b5d7346f-7812-4e83-9273-8a617cca13df does not exist. Creating ...
2023-09-29 12:51:23,401 [4dfacd3a-85e6-4f60-aa9f-15a17a1c954a-groupManagement] INFO  storage.RaftStorageDirectory (RaftStorageDirectoryImpl.java:tryLock(231)) - Lock on /home/runner/work/ozone/ozone/hadoop-ozone/integration-test/target/test-dir/MiniOzoneClusterImpl-811b16cb-c214-4c75-bdb2-1b437bba6cdf/datanode-8/data/ratis/b5d7346f-7812-4e83-9273-8a617cca13df/in_use.lock acquired by nodename 70928@fv-az238-384
2023-09-29 12:51:23,403 [4dfacd3a-85e6-4f60-aa9f-15a17a1c954a-groupManagement] INFO  storage.RaftStorage (RaftStorageImpl.java:format(96)) - Storage directory /home/runner/work/ozone/ozone/hadoop-ozone/integration-test/target/test-dir/MiniOzoneClusterImpl-811b16cb-c214-4c75-bdb2-1b437bba6cdf/datanode-8/data/ratis/b5d7346f-7812-4e83-9273-8a617cca13df has been successfully formatted.
2023-09-29 12:51:23,408 [4dfacd3a-85e6-4f60-aa9f-15a17a1c954a-groupManagement] INFO  ratis.ContainerStateMachine (ContainerStateMachine.java:loadSnapshot(262)) - group-8A617CCA13DF: The snapshot info is null. Setting the last applied indexto:(t:0, i:~)
2023-09-29 12:51:23,408 [4dfacd3a-85e6-4f60-aa9f-15a17a1c954a-groupManagement] INFO  server.RaftServerConfigKeys (ConfUtils.java:logGet(46)) - raft.server.log.use.memory = false (default)
2023-09-29 12:51:23,408 [4dfacd3a-85e6-4f60-aa9f-15a17a1c954a-groupManagement] INFO  server.RaftServerConfigKeys (ConfUtils.java:logGet(46)) - raft.server.log.purge.gap = 1000000 (custom)
2023-09-29 12:51:23,408 [4dfacd3a-85e6-4f60-aa9f-15a17a1c954a-groupManagement] INFO  server.RaftServerConfigKeys (ConfUtils.java:logGet(46)) - raft.server.log.appender.buffer.byte-limit = 33554432 (custom)
2023-09-29 12:51:23,408 [4dfacd3a-85e6-4f60-aa9f-15a17a1c954a-groupManagement] INFO  server.RaftServerConfigKeys (ConfUtils.java:logGet(46)) - raft.server.log.statemachine.data.read.timeout = 1000ms (default)
2023-09-29 12:51:23,408 [4dfacd3a-85e6-4f60-aa9f-15a17a1c954a-groupManagement] INFO  server.RaftServerConfigKeys (ConfUtils.java:logGet(46)) - raft.server.log.purge.preservation.log.num = 0 (default)
2023-09-29 12:51:23,408 [4dfacd3a-85e6-4f60-aa9f-15a17a1c954a-groupManagement] INFO  server.RaftServerConfigKeys (ConfUtils.java:logGet(46)) - raft.server.log.segment.size.max = 1048576 (custom)
2023-09-29 12:51:23,409 [4dfacd3a-85e6-4f60-aa9f-15a17a1c954a-groupManagement] INFO  server.RaftServerConfigKeys (ConfUtils.java:logGet(46)) - raft.server.log.segment.cache.num.max = 2 (custom)
2023-09-29 12:51:23,409 [4dfacd3a-85e6-4f60-aa9f-15a17a1c954a-groupManagement] INFO  server.RaftServerConfigKeys (ConfUtils.java:logGet(46)) - raft.server.log.segment.cache.size.max = 200MB (=209715200) (default)
2023-09-29 12:51:23,409 [4dfacd3a-85e6-4f60-aa9f-15a17a1c954a-groupManagement] INFO  server.RaftServerConfigKeys (ConfUtils.java:logGet(46)) - raft.server.log.appender.buffer.byte-limit = 33554432 (custom)
2023-09-29 12:51:23,409 [4dfacd3a-85e6-4f60-aa9f-15a17a1c954a-groupManagement] INFO  segmented.SegmentedRaftLogWorker (SegmentedRaftLogWorker.java:<init>(188)) - new 4dfacd3a-85e6-4f60-aa9f-15a17a1c954a@group-8A617CCA13DF-SegmentedRaftLogWorker for RaftStorageImpl:Storage Directory /home/runner/work/ozone/ozone/hadoop-ozone/integration-test/target/test-dir/MiniOzoneClusterImpl-811b16cb-c214-4c75-bdb2-1b437bba6cdf/datanode-8/data/ratis/b5d7346f-7812-4e83-9273-8a617cca13df
2023-09-29 12:51:23,409 [4dfacd3a-85e6-4f60-aa9f-15a17a1c954a-groupManagement] INFO  server.RaftServerConfigKeys (ConfUtils.java:logGet(46)) - raft.server.log.queue.byte-limit = 4294967296 (custom)
2023-09-29 12:51:23,409 [4dfacd3a-85e6-4f60-aa9f-15a17a1c954a-groupManagement] INFO  server.RaftServerConfigKeys (ConfUtils.java:logGet(46)) - raft.server.log.queue.element-limit = 1024 (custom)
2023-09-29 12:51:23,409 [4dfacd3a-85e6-4f60-aa9f-15a17a1c954a-groupManagement] INFO  server.RaftServerConfigKeys (ConfUtils.java:logGet(46)) - raft.server.log.segment.size.max = 1048576 (custom)
2023-09-29 12:51:23,409 [4dfacd3a-85e6-4f60-aa9f-15a17a1c954a-groupManagement] INFO  server.RaftServerConfigKeys (ConfUtils.java:logGet(46)) - raft.server.log.preallocated.size = 16384 (custom)
2023-09-29 12:51:23,409 [4dfacd3a-85e6-4f60-aa9f-15a17a1c954a-groupManagement] INFO  server.RaftServerConfigKeys (ConfUtils.java:logGet(46)) - raft.server.log.force.sync.num = 128 (default)
2023-09-29 12:51:23,409 [4dfacd3a-85e6-4f60-aa9f-15a17a1c954a-groupManagement] INFO  server.RaftServerConfigKeys (ConfUtils.java:logGet(46)) - raft.server.log.statemachine.data.sync = true (default)
2023-09-29 12:51:23,410 [4dfacd3a-85e6-4f60-aa9f-15a17a1c954a-groupManagement] INFO  server.RaftServerConfigKeys (ConfUtils.java:logGet(46)) - raft.server.log.statemachine.data.sync.timeout = 10s (default)
2023-09-29 12:51:23,410 [4dfacd3a-85e6-4f60-aa9f-15a17a1c954a-groupManagement] INFO  server.RaftServerConfigKeys (ConfUtils.java:logGet(46)) - raft.server.log.statemachine.data.sync.timeout.retry = -1 (default)
2023-09-29 12:51:23,411 [4dfacd3a-85e6-4f60-aa9f-15a17a1c954a-groupManagement] INFO  server.RaftServerConfigKeys (ConfUtils.java:logGet(46)) - raft.server.log.write.buffer.size = 1048576 (custom)
2023-09-29 12:51:23,412 [4dfacd3a-85e6-4f60-aa9f-15a17a1c954a-groupManagement] INFO  server.RaftServerConfigKeys (ConfUtils.java:logGet(46)) - raft.server.log.appender.buffer.byte-limit = 33554432 (custom)
2023-09-29 12:51:23,417 [4dfacd3a-85e6-4f60-aa9f-15a17a1c954a-groupManagement] INFO  server.RaftServerConfigKeys (ConfUtils.java:logGet(46)) - raft.server.log.unsafe-flush.enabled = false (default)
2023-09-29 12:51:23,417 [4dfacd3a-85e6-4f60-aa9f-15a17a1c954a-groupManagement] INFO  server.RaftServerConfigKeys (ConfUtils.java:logGet(46)) - raft.server.log.async-flush.enabled = false (default)
2023-09-29 12:51:23,417 [4dfacd3a-85e6-4f60-aa9f-15a17a1c954a-groupManagement] INFO  server.RaftServerConfigKeys (ConfUtils.java:logGet(46)) - raft.server.log.statemachine.data.caching.enabled = true (custom)
2023-09-29 12:51:23,418 [4dfacd3a-85e6-4f60-aa9f-15a17a1c954a-groupManagement] INFO  segmented.SegmentedRaftLogWorker (SegmentedRaftLogWorker.java:lambda$new$0(135)) - 4dfacd3a-85e6-4f60-aa9f-15a17a1c954a@group-8A617CCA13DF-SegmentedRaftLogWorker: flushIndex: setUnconditionally 0 -> -1
2023-09-29 12:51:23,418 [4dfacd3a-85e6-4f60-aa9f-15a17a1c954a-groupManagement] INFO  segmented.SegmentedRaftLogWorker (SegmentedRaftLogWorker.java:lambda$new$0(135)) - 4dfacd3a-85e6-4f60-aa9f-15a17a1c954a@group-8A617CCA13DF-SegmentedRaftLogWorker: safeCacheEvictIndex: setUnconditionally 0 -> -1
2023-09-29 12:51:23,419 [4dfacd3a-85e6-4f60-aa9f-15a17a1c954a-groupManagement] INFO  server.RaftServer$Division (RaftServerImpl.java:start(342)) - 4dfacd3a-85e6-4f60-aa9f-15a17a1c954a@group-8A617CCA13DF: start as a follower, conf=-1: peers:[b431013d-a75d-44b2-a41a-a2e98e506a92|rpc:10.1.0.70:15068|admin:10.1.0.70:15067|client:10.1.0.70:15066|dataStream:10.1.0.70:15069|priority:1|startupRole:FOLLOWER, 9fc007ee-6328-4e66-a7f4-dfd370a25fec|rpc:10.1.0.70:15077|admin:10.1.0.70:15076|client:10.1.0.70:15075|dataStream:10.1.0.70:15078|priority:0|startupRole:FOLLOWER, 4dfacd3a-85e6-4f60-aa9f-15a17a1c954a|rpc:10.1.0.70:15086|admin:10.1.0.70:15085|client:10.1.0.70:15084|dataStream:10.1.0.70:15087|priority:0|startupRole:FOLLOWER]|listeners:[], old=null
2023-09-29 12:51:23,419 [4dfacd3a-85e6-4f60-aa9f-15a17a1c954a-groupManagement] INFO  server.RaftServer$Division (RaftServerImpl.java:setRole(329)) - 4dfacd3a-85e6-4f60-aa9f-15a17a1c954a@group-8A617CCA13DF: changes role from      null to FOLLOWER at term 0 for startAsFollower
2023-09-29 12:51:23,419 [4dfacd3a-85e6-4f60-aa9f-15a17a1c954a-groupManagement] INFO  impl.RoleInfo (RoleInfo.java:updateAndGet(139)) - 4dfacd3a-85e6-4f60-aa9f-15a17a1c954a: start 4dfacd3a-85e6-4f60-aa9f-15a17a1c954a@group-8A617CCA13DF-FollowerState
2023-09-29 12:51:23,421 [4dfacd3a-85e6-4f60-aa9f-15a17a1c954a-groupManagement] INFO  util.JmxRegister (JmxRegister.java:tryRegister(44)) - Successfully registered JMX Bean with object name Ratis:service=RaftServer,group=group-8A617CCA13DF,id=4dfacd3a-85e6-4f60-aa9f-15a17a1c954a
2023-09-29 12:51:23,421 [4dfacd3a-85e6-4f60-aa9f-15a17a1c954a@group-8A617CCA13DF-FollowerState] INFO  server.RaftServerConfigKeys (ConfUtils.java:logFallback(53)) - raft.server.rpc.first-election.timeout.min = 5s (fallback to raft.server.rpc.timeout.min)
2023-09-29 12:51:23,421 [4dfacd3a-85e6-4f60-aa9f-15a17a1c954a-groupManagement] INFO  server.RaftServerConfigKeys (ConfUtils.java:logGet(46)) - raft.server.snapshot.auto.trigger.enabled = true (custom)
2023-09-29 12:51:23,421 [4dfacd3a-85e6-4f60-aa9f-15a17a1c954a@group-8A617CCA13DF-FollowerState] INFO  server.RaftServerConfigKeys (ConfUtils.java:logFallback(53)) - raft.server.rpc.first-election.timeout.max = 5200ms (fallback to raft.server.rpc.timeout.max)
2023-09-29 12:51:23,421 [4dfacd3a-85e6-4f60-aa9f-15a17a1c954a-groupManagement] INFO  server.RaftServerConfigKeys (ConfUtils.java:logGet(46)) - raft.server.snapshot.auto.trigger.threshold = 10000 (custom)
2023-09-29 12:51:23,421 [4dfacd3a-85e6-4f60-aa9f-15a17a1c954a-groupManagement] INFO  server.RaftServerConfigKeys (ConfUtils.java:logGet(46)) - raft.server.snapshot.retention.file.num = 5 (custom)
2023-09-29 12:51:23,421 [4dfacd3a-85e6-4f60-aa9f-15a17a1c954a-groupManagement] INFO  server.RaftServerConfigKeys (ConfUtils.java:logGet(46)) - raft.server.log.purge.upto.snapshot.index = false (default)
2023-09-29 12:51:23,450 [grpc-default-executor-2] INFO  server.RaftServer (RaftServerProxy.java:addNew(98)) - 9fc007ee-6328-4e66-a7f4-dfd370a25fec: addNew group-8A617CCA13DF:[b431013d-a75d-44b2-a41a-a2e98e506a92|rpc:10.1.0.70:15068|admin:10.1.0.70:15067|client:10.1.0.70:15066|dataStream:10.1.0.70:15069|priority:1|startupRole:FOLLOWER, 9fc007ee-6328-4e66-a7f4-dfd370a25fec|rpc:10.1.0.70:15077|admin:10.1.0.70:15076|client:10.1.0.70:15075|dataStream:10.1.0.70:15078|priority:0|startupRole:FOLLOWER, 4dfacd3a-85e6-4f60-aa9f-15a17a1c954a|rpc:10.1.0.70:15086|admin:10.1.0.70:15085|client:10.1.0.70:15084|dataStream:10.1.0.70:15087|priority:0|startupRole:FOLLOWER] returns group-8A617CCA13DF:java.util.concurrent.CompletableFuture@64b1c76d[Not completed]
2023-09-29 12:51:23,459 [9fc007ee-6328-4e66-a7f4-dfd370a25fec-groupManagement] INFO  server.RaftServer$Division (RaftServerImpl.java:<init>(198)) - 9fc007ee-6328-4e66-a7f4-dfd370a25fec: new RaftServerImpl for group-8A617CCA13DF:[b431013d-a75d-44b2-a41a-a2e98e506a92|rpc:10.1.0.70:15068|admin:10.1.0.70:15067|client:10.1.0.70:15066|dataStream:10.1.0.70:15069|priority:1|startupRole:FOLLOWER, 9fc007ee-6328-4e66-a7f4-dfd370a25fec|rpc:10.1.0.70:15077|admin:10.1.0.70:15076|client:10.1.0.70:15075|dataStream:10.1.0.70:15078|priority:0|startupRole:FOLLOWER, 4dfacd3a-85e6-4f60-aa9f-15a17a1c954a|rpc:10.1.0.70:15086|admin:10.1.0.70:15085|client:10.1.0.70:15084|dataStream:10.1.0.70:15087|priority:0|startupRole:FOLLOWER] with ContainerStateMachine:uninitialized
2023-09-29 12:51:23,459 [9fc007ee-6328-4e66-a7f4-dfd370a25fec-groupManagement] INFO  server.RaftServerConfigKeys (ConfUtils.java:logGet(46)) - raft.server.rpc.timeout.min = 5s (custom)
2023-09-29 12:51:23,460 [9fc007ee-6328-4e66-a7f4-dfd370a25fec-groupManagement] INFO  server.RaftServerConfigKeys (ConfUtils.java:logGet(46)) - raft.server.rpc.timeout.max = 5200ms (custom)
2023-09-29 12:51:23,460 [9fc007ee-6328-4e66-a7f4-dfd370a25fec-groupManagement] INFO  server.RaftServerConfigKeys (ConfUtils.java:logGet(46)) - raft.server.rpc.sleep.time = 25ms (default)
2023-09-29 12:51:23,460 [9fc007ee-6328-4e66-a7f4-dfd370a25fec-groupManagement] INFO  server.RaftServerConfigKeys (ConfUtils.java:logGet(46)) - raft.server.rpc.slowness.timeout = 300s (custom)
2023-09-29 12:51:23,460 [9fc007ee-6328-4e66-a7f4-dfd370a25fec-groupManagement] INFO  server.RaftServerConfigKeys (ConfUtils.java:logGet(46)) - raft.server.leaderelection.leader.step-down.wait-time = 10s (default)
2023-09-29 12:51:23,460 [9fc007ee-6328-4e66-a7f4-dfd370a25fec-groupManagement] INFO  server.RaftServerConfigKeys (ConfUtils.java:logGet(46)) - raft.server.sleep.deviation.threshold = 300ms (default)
2023-09-29 12:51:23,460 [9fc007ee-6328-4e66-a7f4-dfd370a25fec-groupManagement] INFO  server.RaftServer$Division (ServerState.java:<init>(120)) - 9fc007ee-6328-4e66-a7f4-dfd370a25fec@group-8A617CCA13DF: ConfigurationManager, init=-1: peers:[b431013d-a75d-44b2-a41a-a2e98e506a92|rpc:10.1.0.70:15068|admin:10.1.0.70:15067|client:10.1.0.70:15066|dataStream:10.1.0.70:15069|priority:1|startupRole:FOLLOWER, 9fc007ee-6328-4e66-a7f4-dfd370a25fec|rpc:10.1.0.70:15077|admin:10.1.0.70:15076|client:10.1.0.70:15075|dataStream:10.1.0.70:15078|priority:0|startupRole:FOLLOWER, 4dfacd3a-85e6-4f60-aa9f-15a17a1c954a|rpc:10.1.0.70:15086|admin:10.1.0.70:15085|client:10.1.0.70:15084|dataStream:10.1.0.70:15087|priority:0|startupRole:FOLLOWER]|listeners:[], old=null, confs=<EMPTY_MAP>
2023-09-29 12:51:23,460 [9fc007ee-6328-4e66-a7f4-dfd370a25fec-groupManagement] INFO  server.RaftServerConfigKeys (ConfUtils.java:logGet(46)) - raft.server.storage.dir = [/home/runner/work/ozone/ozone/hadoop-ozone/integration-test/target/test-dir/MiniOzoneClusterImpl-811b16cb-c214-4c75-bdb2-1b437bba6cdf/datanode-7/data/ratis] (custom)
2023-09-29 12:51:23,461 [9fc007ee-6328-4e66-a7f4-dfd370a25fec-groupManagement] INFO  server.RaftServerConfigKeys (ConfUtils.java:logGet(46)) - raft.server.log.corruption.policy = EXCEPTION (default)
2023-09-29 12:51:23,461 [9fc007ee-6328-4e66-a7f4-dfd370a25fec-groupManagement] INFO  server.RaftServerConfigKeys (ConfUtils.java:logGet(46)) - raft.server.storage.free-space.min = 0MB (=0) (default)
2023-09-29 12:51:23,461 [9fc007ee-6328-4e66-a7f4-dfd370a25fec-groupManagement] INFO  server.RaftServerConfigKeys (ConfUtils.java:logGet(46)) - raft.server.notification.no-leader.timeout = 300s (custom)
2023-09-29 12:51:23,461 [9fc007ee-6328-4e66-a7f4-dfd370a25fec-groupManagement] INFO  server.RaftServerConfigKeys (ConfUtils.java:logGet(46)) - raft.server.read.timeout = 10s (default)
2023-09-29 12:51:23,461 [9fc007ee-6328-4e66-a7f4-dfd370a25fec-groupManagement] INFO  server.RaftServerConfigKeys (ConfUtils.java:logGet(46)) - raft.server.retrycache.expirytime = 600000ms (custom)
2023-09-29 12:51:23,461 [9fc007ee-6328-4e66-a7f4-dfd370a25fec-groupManagement] INFO  server.RaftServerConfigKeys (ConfUtils.java:logGet(46)) - raft.server.retrycache.statistics.expirytime = 100μs (default)
2023-09-29 12:51:23,462 [9fc007ee-6328-4e66-a7f4-dfd370a25fec-groupManagement] INFO  server.RaftServerConfigKeys (ConfUtils.java:logGet(46)) - raft.server.read.option = DEFAULT (default)
2023-09-29 12:51:23,465 [9fc007ee-6328-4e66-a7f4-dfd370a25fec-groupManagement] INFO  server.RaftServerConfigKeys (ConfUtils.java:logGet(46)) - raft.server.rpc.request.timeout = 60s (custom)
2023-09-29 12:51:23,465 [9fc007ee-6328-4e66-a7f4-dfd370a25fec-groupManagement] INFO  server.RaftServerConfigKeys (ConfUtils.java:logGet(46)) - raft.server.log.appender.install.snapshot.enabled = false (custom)
2023-09-29 12:51:23,465 [9fc007ee-6328-4e66-a7f4-dfd370a25fec-groupManagement] INFO  server.RaftServerConfigKeys (ConfUtils.java:logGet(46)) - raft.server.threadpool.server.cached = true (default)
2023-09-29 12:51:23,465 [9fc007ee-6328-4e66-a7f4-dfd370a25fec-groupManagement] INFO  server.RaftServerConfigKeys (ConfUtils.java:logGet(46)) - raft.server.threadpool.server.size = 0 (default)
2023-09-29 12:51:23,465 [9fc007ee-6328-4e66-a7f4-dfd370a25fec-groupManagement] INFO  server.RaftServerConfigKeys (ConfUtils.java:logGet(46)) - raft.server.threadpool.client.cached = true (default)
2023-09-29 12:51:23,465 [9fc007ee-6328-4e66-a7f4-dfd370a25fec-groupManagement] INFO  server.RaftServerConfigKeys (ConfUtils.java:logGet(46)) - raft.server.threadpool.client.size = 0 (default)
2023-09-29 12:51:23,466 [9fc007ee-6328-4e66-a7f4-dfd370a25fec-groupManagement] INFO  storage.RaftStorageDirectory (RaftStorageDirectoryImpl.java:analyzeStorage(137)) - The storage directory /home/runner/work/ozone/ozone/hadoop-ozone/integration-test/target/test-dir/MiniOzoneClusterImpl-811b16cb-c214-4c75-bdb2-1b437bba6cdf/datanode-7/data/ratis/b5d7346f-7812-4e83-9273-8a617cca13df does not exist. Creating ...
2023-09-29 12:51:23,468 [9fc007ee-6328-4e66-a7f4-dfd370a25fec-groupManagement] INFO  storage.RaftStorageDirectory (RaftStorageDirectoryImpl.java:tryLock(231)) - Lock on /home/runner/work/ozone/ozone/hadoop-ozone/integration-test/target/test-dir/MiniOzoneClusterImpl-811b16cb-c214-4c75-bdb2-1b437bba6cdf/datanode-7/data/ratis/b5d7346f-7812-4e83-9273-8a617cca13df/in_use.lock acquired by nodename 70928@fv-az238-384
2023-09-29 12:51:23,470 [9fc007ee-6328-4e66-a7f4-dfd370a25fec-groupManagement] INFO  storage.RaftStorage (RaftStorageImpl.java:format(96)) - Storage directory /home/runner/work/ozone/ozone/hadoop-ozone/integration-test/target/test-dir/MiniOzoneClusterImpl-811b16cb-c214-4c75-bdb2-1b437bba6cdf/datanode-7/data/ratis/b5d7346f-7812-4e83-9273-8a617cca13df has been successfully formatted.
2023-09-29 12:51:23,475 [9fc007ee-6328-4e66-a7f4-dfd370a25fec-groupManagement] INFO  ratis.ContainerStateMachine (ContainerStateMachine.java:loadSnapshot(262)) - group-8A617CCA13DF: The snapshot info is null. Setting the last applied indexto:(t:0, i:~)
2023-09-29 12:51:23,475 [9fc007ee-6328-4e66-a7f4-dfd370a25fec-groupManagement] INFO  server.RaftServerConfigKeys (ConfUtils.java:logGet(46)) - raft.server.log.use.memory = false (default)
2023-09-29 12:51:23,475 [9fc007ee-6328-4e66-a7f4-dfd370a25fec-groupManagement] INFO  server.RaftServerConfigKeys (ConfUtils.java:logGet(46)) - raft.server.log.purge.gap = 1000000 (custom)
2023-09-29 12:51:23,476 [9fc007ee-6328-4e66-a7f4-dfd370a25fec-groupManagement] INFO  server.RaftServerConfigKeys (ConfUtils.java:logGet(46)) - raft.server.log.appender.buffer.byte-limit = 33554432 (custom)
2023-09-29 12:51:23,476 [9fc007ee-6328-4e66-a7f4-dfd370a25fec-groupManagement] INFO  server.RaftServerConfigKeys (ConfUtils.java:logGet(46)) - raft.server.log.statemachine.data.read.timeout = 1000ms (default)
2023-09-29 12:51:23,476 [9fc007ee-6328-4e66-a7f4-dfd370a25fec-groupManagement] INFO  server.RaftServerConfigKeys (ConfUtils.java:logGet(46)) - raft.server.log.purge.preservation.log.num = 0 (default)
2023-09-29 12:51:23,476 [9fc007ee-6328-4e66-a7f4-dfd370a25fec-groupManagement] INFO  server.RaftServerConfigKeys (ConfUtils.java:logGet(46)) - raft.server.log.segment.size.max = 1048576 (custom)
2023-09-29 12:51:23,477 [9fc007ee-6328-4e66-a7f4-dfd370a25fec-groupManagement] INFO  server.RaftServerConfigKeys (ConfUtils.java:logGet(46)) - raft.server.log.segment.cache.num.max = 2 (custom)
2023-09-29 12:51:23,477 [9fc007ee-6328-4e66-a7f4-dfd370a25fec-groupManagement] INFO  server.RaftServerConfigKeys (ConfUtils.java:logGet(46)) - raft.server.log.segment.cache.size.max = 200MB (=209715200) (default)
2023-09-29 12:51:23,477 [9fc007ee-6328-4e66-a7f4-dfd370a25fec-groupManagement] INFO  server.RaftServerConfigKeys (ConfUtils.java:logGet(46)) - raft.server.log.appender.buffer.byte-limit = 33554432 (custom)
2023-09-29 12:51:23,478 [9fc007ee-6328-4e66-a7f4-dfd370a25fec-groupManagement] INFO  segmented.SegmentedRaftLogWorker (SegmentedRaftLogWorker.java:<init>(188)) - new 9fc007ee-6328-4e66-a7f4-dfd370a25fec@group-8A617CCA13DF-SegmentedRaftLogWorker for RaftStorageImpl:Storage Directory /home/runner/work/ozone/ozone/hadoop-ozone/integration-test/target/test-dir/MiniOzoneClusterImpl-811b16cb-c214-4c75-bdb2-1b437bba6cdf/datanode-7/data/ratis/b5d7346f-7812-4e83-9273-8a617cca13df
2023-09-29 12:51:23,478 [9fc007ee-6328-4e66-a7f4-dfd370a25fec-groupManagement] INFO  server.RaftServerConfigKeys (ConfUtils.java:logGet(46)) - raft.server.log.queue.byte-limit = 4294967296 (custom)
2023-09-29 12:51:23,478 [9fc007ee-6328-4e66-a7f4-dfd370a25fec-groupManagement] INFO  server.RaftServerConfigKeys (ConfUtils.java:logGet(46)) - raft.server.log.queue.element-limit = 1024 (custom)
2023-09-29 12:51:23,478 [9fc007ee-6328-4e66-a7f4-dfd370a25fec-groupManagement] INFO  server.RaftServerConfigKeys (ConfUtils.java:logGet(46)) - raft.server.log.segment.size.max = 1048576 (custom)
2023-09-29 12:51:23,478 [9fc007ee-6328-4e66-a7f4-dfd370a25fec-groupManagement] INFO  server.RaftServerConfigKeys (ConfUtils.java:logGet(46)) - raft.server.log.preallocated.size = 16384 (custom)
2023-09-29 12:51:23,478 [9fc007ee-6328-4e66-a7f4-dfd370a25fec-groupManagement] INFO  server.RaftServerConfigKeys (ConfUtils.java:logGet(46)) - raft.server.log.force.sync.num = 128 (default)
2023-09-29 12:51:23,478 [9fc007ee-6328-4e66-a7f4-dfd370a25fec-groupManagement] INFO  server.RaftServerConfigKeys (ConfUtils.java:logGet(46)) - raft.server.log.statemachine.data.sync = true (default)
2023-09-29 12:51:23,478 [9fc007ee-6328-4e66-a7f4-dfd370a25fec-groupManagement] INFO  server.RaftServerConfigKeys (ConfUtils.java:logGet(46)) - raft.server.log.statemachine.data.sync.timeout = 10s (default)
2023-09-29 12:51:23,478 [9fc007ee-6328-4e66-a7f4-dfd370a25fec-groupManagement] INFO  server.RaftServerConfigKeys (ConfUtils.java:logGet(46)) - raft.server.log.statemachine.data.sync.timeout.retry = -1 (default)
2023-09-29 12:51:23,480 [9fc007ee-6328-4e66-a7f4-dfd370a25fec-groupManagement] INFO  server.RaftServerConfigKeys (ConfUtils.java:logGet(46)) - raft.server.log.write.buffer.size = 1048576 (custom)
2023-09-29 12:51:23,481 [9fc007ee-6328-4e66-a7f4-dfd370a25fec-groupManagement] INFO  server.RaftServerConfigKeys (ConfUtils.java:logGet(46)) - raft.server.log.appender.buffer.byte-limit = 33554432 (custom)
2023-09-29 12:51:23,879 [PipelineCommandHandlerThread-0] INFO  server.RaftServer (RaftServerProxy.java:addNew(98)) - 9fc007ee-6328-4e66-a7f4-dfd370a25fec: addNew group-D1A0B4F7E96E:[9fc007ee-6328-4e66-a7f4-dfd370a25fec|rpc:10.1.0.70:15077|admin:10.1.0.70:15076|client:10.1.0.70:15075|dataStream:10.1.0.70:15078|priority:1|startupRole:FOLLOWER] returns group-D1A0B4F7E96E:java.util.concurrent.CompletableFuture@1e833cee[Not completed]
2023-09-29 12:51:23,879 [main] INFO  ozone.MiniOzoneClusterImpl (MiniOzoneClusterImpl.java:lambda$waitForClusterToBeReady$0(229)) - Nodes are ready. Got 10 of 10 DN Heartbeats.
2023-09-29 12:51:23,880 [main] INFO  ozone.MiniOzoneClusterImpl (MiniOzoneClusterImpl.java:lambda$waitForClusterToBeReady$0(232)) - Waiting for cluster to exit safe mode
2023-09-29 12:51:23,880 [main] INFO  ozone.MiniOzoneClusterImpl (MiniOzoneClusterImpl.java:lambda$waitForClusterToBeReady$0(234)) - SCM became leader
2023-09-29 12:51:23,883 [JvmPauseMonitor9] WARN  util.JvmPauseMonitor (JvmPauseMonitor.java:detectPause(124)) - JvmPauseMonitor-9fc007ee-6328-4e66-a7f4-dfd370a25fec: Detected pause in JVM or host machine approximately 0.368s with 0.394s GC time.
GC pool 'PS MarkSweep' had collection(s): count=1 time=287ms
GC pool 'PS Scavenge' had collection(s): count=1 time=107ms
2023-09-29 12:51:23,883 [JvmPauseMonitor0] WARN  util.JvmPauseMonitor (JvmPauseMonitor.java:detectPause(124)) - JvmPauseMonitor-07a9c960-736d-4242-be12-0b6846a319f4: Detected pause in JVM or host machine approximately 0.369s with 0.394s GC time.
GC pool 'PS MarkSweep' had collection(s): count=1 time=287ms
GC pool 'PS Scavenge' had collection(s): count=1 time=107ms
2023-09-29 12:51:23,883 [JvmPauseMonitor3] WARN  util.JvmPauseMonitor (JvmPauseMonitor.java:detectPause(124)) - JvmPauseMonitor-5317d628-7528-4015-930b-d89d4a444778: Detected pause in JVM or host machine approximately 0.369s with 0.394s GC time.
GC pool 'PS MarkSweep' had collection(s): count=1 time=287ms
GC pool 'PS Scavenge' had collection(s): count=1 time=107ms
2023-09-29 12:51:23,883 [JvmPauseMonitor11] WARN  util.JvmPauseMonitor (JvmPauseMonitor.java:detectPause(124)) - JvmPauseMonitor-f6fa4039-8fe9-46ca-92f5-bb04d02dc273: Detected pause in JVM or host machine approximately 0.369s with 0.394s GC time.
GC pool 'PS MarkSweep' had collection(s): count=1 time=287ms
GC pool 'PS Scavenge' had collection(s): count=1 time=107ms
2023-09-29 12:51:23,884 [JvmPauseMonitor4] WARN  util.JvmPauseMonitor (JvmPauseMonitor.java:detectPause(124)) - JvmPauseMonitor-9305807b-68e0-4de4-9f06-795e0c374ac6: Detected pause in JVM or host machine approximately 0.370s with 0.394s GC time.
GC pool 'PS MarkSweep' had collection(s): count=1 time=287ms
GC pool 'PS Scavenge' had collection(s): count=1 time=107ms
2023-09-29 12:51:23,885 [JvmPauseMonitor10] WARN  util.JvmPauseMonitor (JvmPauseMonitor.java:detectPause(124)) - JvmPauseMonitor-4dfacd3a-85e6-4f60-aa9f-15a17a1c954a: Detected pause in JVM or host machine approximately 0.372s with 0.394s GC time.
GC pool 'PS MarkSweep' had collection(s): count=1 time=287ms
GC pool 'PS Scavenge' had collection(s): count=1 time=107ms
2023-09-29 12:51:23,886 [JvmPauseMonitor2] WARN  util.JvmPauseMonitor (JvmPauseMonitor.java:detectPause(124)) - JvmPauseMonitor-28fc21f1-0f1b-4853-8334-7fb4bdc0ccf0: Detected pause in JVM or host machine approximately 0.394s with 0.394s GC time.
GC pool 'PS MarkSweep' had collection(s): count=1 time=287ms
GC pool 'PS Scavenge' had collection(s): count=1 time=107ms
2023-09-29 12:51:23,886 [JvmPauseMonitor8] WARN  util.JvmPauseMonitor (JvmPauseMonitor.java:detectPause(124)) - JvmPauseMonitor-b431013d-a75d-44b2-a41a-a2e98e506a92: Detected pause in JVM or host machine approximately 0.395s with 0.394s GC time.
GC pool 'PS MarkSweep' had collection(s): count=1 time=287ms
GC pool 'PS Scavenge' had collection(s): count=1 time=107ms
2023-09-29 12:51:23,886 [JvmPauseMonitor1] WARN  util.JvmPauseMonitor (JvmPauseMonitor.java:detectPause(124)) - JvmPauseMonitor-om1: Detected pause in JVM or host machine approximately 0.395s with 0.394s GC time.
GC pool 'PS MarkSweep' had collection(s): count=1 time=287ms
GC pool 'PS Scavenge' had collection(s): count=1 time=107ms
2023-09-29 12:51:23,887 [JvmPauseMonitor7] WARN  util.JvmPauseMonitor (JvmPauseMonitor.java:detectPause(124)) - JvmPauseMonitor-80a9a8fe-8ad4-444c-8e90-e2ced2b3ac02: Detected pause in JVM or host machine approximately 0.395s with 0.394s GC time.
GC pool 'PS MarkSweep' had collection(s): count=1 time=287ms
GC pool 'PS Scavenge' had collection(s): count=1 time=107ms
2023-09-29 12:51:23,887 [JvmPauseMonitor6] WARN  util.JvmPauseMonitor (JvmPauseMonitor.java:detectPause(124)) - JvmPauseMonitor-6220322b-c54d-4ba8-95d6-5fd9b706d663: Detected pause in JVM or host machine approximately 0.395s with 0.394s GC time.
GC pool 'PS MarkSweep' had collection(s): count=1 time=287ms
GC pool 'PS Scavenge' had collection(s): count=1 time=107ms
2023-09-29 12:51:23,887 [JvmPauseMonitor5] WARN  util.JvmPauseMonitor (JvmPauseMonitor.java:detectPause(124)) - JvmPauseMonitor-6f9d3266-b874-4586-a718-9027df6ff647: Detected pause in JVM or host machine approximately 0.395s with 0.394s GC time.
GC pool 'PS MarkSweep' had collection(s): count=1 time=287ms
GC pool 'PS Scavenge' had collection(s): count=1 time=107ms
2023-09-29 12:51:23,899 [9fc007ee-6328-4e66-a7f4-dfd370a25fec-groupManagement] INFO  server.RaftServerConfigKeys (ConfUtils.java:logGet(46)) - raft.server.log.unsafe-flush.enabled = false (default)
2023-09-29 12:51:23,899 [9fc007ee-6328-4e66-a7f4-dfd370a25fec-groupManagement] INFO  server.RaftServerConfigKeys (ConfUtils.java:logGet(46)) - raft.server.log.async-flush.enabled = false (default)
2023-09-29 12:51:23,899 [9fc007ee-6328-4e66-a7f4-dfd370a25fec-groupManagement] INFO  server.RaftServerConfigKeys (ConfUtils.java:logGet(46)) - raft.server.log.statemachine.data.caching.enabled = true (custom)
2023-09-29 12:51:23,899 [9fc007ee-6328-4e66-a7f4-dfd370a25fec-groupManagement] INFO  segmented.SegmentedRaftLogWorker (SegmentedRaftLogWorker.java:lambda$new$0(135)) - 9fc007ee-6328-4e66-a7f4-dfd370a25fec@group-8A617CCA13DF-SegmentedRaftLogWorker: flushIndex: setUnconditionally 0 -> -1
2023-09-29 12:51:23,899 [9fc007ee-6328-4e66-a7f4-dfd370a25fec-groupManagement] INFO  segmented.SegmentedRaftLogWorker (SegmentedRaftLogWorker.java:lambda$new$0(135)) - 9fc007ee-6328-4e66-a7f4-dfd370a25fec@group-8A617CCA13DF-SegmentedRaftLogWorker: safeCacheEvictIndex: setUnconditionally 0 -> -1
2023-09-29 12:51:23,900 [9fc007ee-6328-4e66-a7f4-dfd370a25fec-groupManagement] INFO  server.RaftServer$Division (RaftServerImpl.java:start(342)) - 9fc007ee-6328-4e66-a7f4-dfd370a25fec@group-8A617CCA13DF: start as a follower, conf=-1: peers:[b431013d-a75d-44b2-a41a-a2e98e506a92|rpc:10.1.0.70:15068|admin:10.1.0.70:15067|client:10.1.0.70:15066|dataStream:10.1.0.70:15069|priority:1|startupRole:FOLLOWER, 9fc007ee-6328-4e66-a7f4-dfd370a25fec|rpc:10.1.0.70:15077|admin:10.1.0.70:15076|client:10.1.0.70:15075|dataStream:10.1.0.70:15078|priority:0|startupRole:FOLLOWER, 4dfacd3a-85e6-4f60-aa9f-15a17a1c954a|rpc:10.1.0.70:15086|admin:10.1.0.70:15085|client:10.1.0.70:15084|dataStream:10.1.0.70:15087|priority:0|startupRole:FOLLOWER]|listeners:[], old=null
2023-09-29 12:51:23,900 [9fc007ee-6328-4e66-a7f4-dfd370a25fec-groupManagement] INFO  server.RaftServer$Division (RaftServerImpl.java:setRole(329)) - 9fc007ee-6328-4e66-a7f4-dfd370a25fec@group-8A617CCA13DF: changes role from      null to FOLLOWER at term 0 for startAsFollower
2023-09-29 12:51:23,900 [9fc007ee-6328-4e66-a7f4-dfd370a25fec-groupManagement] INFO  impl.RoleInfo (RoleInfo.java:updateAndGet(139)) - 9fc007ee-6328-4e66-a7f4-dfd370a25fec: start 9fc007ee-6328-4e66-a7f4-dfd370a25fec@group-8A617CCA13DF-FollowerState
2023-09-29 12:51:23,901 [9fc007ee-6328-4e66-a7f4-dfd370a25fec-groupManagement] INFO  util.JmxRegister (JmxRegister.java:tryRegister(44)) - Successfully registered JMX Bean with object name Ratis:service=RaftServer,group=group-8A617CCA13DF,id=9fc007ee-6328-4e66-a7f4-dfd370a25fec
2023-09-29 12:51:23,901 [9fc007ee-6328-4e66-a7f4-dfd370a25fec-groupManagement] INFO  server.RaftServerConfigKeys (ConfUtils.java:logGet(46)) - raft.server.snapshot.auto.trigger.enabled = true (custom)
2023-09-29 12:51:23,901 [9fc007ee-6328-4e66-a7f4-dfd370a25fec-groupManagement] INFO  server.RaftServerConfigKeys (ConfUtils.java:logGet(46)) - raft.server.snapshot.auto.trigger.threshold = 10000 (custom)
2023-09-29 12:51:23,901 [9fc007ee-6328-4e66-a7f4-dfd370a25fec-groupManagement] INFO  server.RaftServerConfigKeys (ConfUtils.java:logGet(46)) - raft.server.snapshot.retention.file.num = 5 (custom)
2023-09-29 12:51:23,901 [9fc007ee-6328-4e66-a7f4-dfd370a25fec-groupManagement] INFO  server.RaftServerConfigKeys (ConfUtils.java:logGet(46)) - raft.server.log.purge.upto.snapshot.index = false (default)
2023-09-29 12:51:23,902 [9fc007ee-6328-4e66-a7f4-dfd370a25fec@group-8A617CCA13DF-FollowerState] INFO  server.RaftServerConfigKeys (ConfUtils.java:logFallback(53)) - raft.server.rpc.first-election.timeout.min = 5s (fallback to raft.server.rpc.timeout.min)
2023-09-29 12:51:23,902 [9fc007ee-6328-4e66-a7f4-dfd370a25fec@group-8A617CCA13DF-FollowerState] INFO  server.RaftServerConfigKeys (ConfUtils.java:logFallback(53)) - raft.server.rpc.first-election.timeout.max = 5200ms (fallback to raft.server.rpc.timeout.max)
2023-09-29 12:51:23,908 [9fc007ee-6328-4e66-a7f4-dfd370a25fec-groupManagement] INFO  server.RaftServer$Division (RaftServerImpl.java:<init>(198)) - 9fc007ee-6328-4e66-a7f4-dfd370a25fec: new RaftServerImpl for group-D1A0B4F7E96E:[9fc007ee-6328-4e66-a7f4-dfd370a25fec|rpc:10.1.0.70:15077|admin:10.1.0.70:15076|client:10.1.0.70:15075|dataStream:10.1.0.70:15078|priority:1|startupRole:FOLLOWER] with ContainerStateMachine:uninitialized
2023-09-29 12:51:23,908 [9fc007ee-6328-4e66-a7f4-dfd370a25fec-groupManagement] INFO  server.RaftServerConfigKeys (ConfUtils.java:logGet(46)) - raft.server.rpc.timeout.min = 5s (custom)
2023-09-29 12:51:23,908 [9fc007ee-6328-4e66-a7f4-dfd370a25fec-groupManagement] INFO  server.RaftServerConfigKeys (ConfUtils.java:logGet(46)) - raft.server.rpc.timeout.max = 5200ms (custom)
2023-09-29 12:51:23,908 [9fc007ee-6328-4e66-a7f4-dfd370a25fec-groupManagement] INFO  server.RaftServerConfigKeys (ConfUtils.java:logGet(46)) - raft.server.rpc.sleep.time = 25ms (default)
2023-09-29 12:51:23,908 [9fc007ee-6328-4e66-a7f4-dfd370a25fec-groupManagement] INFO  server.RaftServerConfigKeys (ConfUtils.java:logGet(46)) - raft.server.rpc.slowness.timeout = 300s (custom)
2023-09-29 12:51:23,908 [9fc007ee-6328-4e66-a7f4-dfd370a25fec-groupManagement] INFO  server.RaftServerConfigKeys (ConfUtils.java:logGet(46)) - raft.server.leaderelection.leader.step-down.wait-time = 10s (default)
2023-09-29 12:51:23,908 [9fc007ee-6328-4e66-a7f4-dfd370a25fec-groupManagement] INFO  server.RaftServerConfigKeys (ConfUtils.java:logGet(46)) - raft.server.sleep.deviation.threshold = 300ms (default)
2023-09-29 12:51:23,909 [9fc007ee-6328-4e66-a7f4-dfd370a25fec-groupManagement] INFO  server.RaftServer$Division (ServerState.java:<init>(120)) - 9fc007ee-6328-4e66-a7f4-dfd370a25fec@group-D1A0B4F7E96E: ConfigurationManager, init=-1: peers:[9fc007ee-6328-4e66-a7f4-dfd370a25fec|rpc:10.1.0.70:15077|admin:10.1.0.70:15076|client:10.1.0.70:15075|dataStream:10.1.0.70:15078|priority:1|startupRole:FOLLOWER]|listeners:[], old=null, confs=<EMPTY_MAP>
2023-09-29 12:51:23,909 [9fc007ee-6328-4e66-a7f4-dfd370a25fec-groupManagement] INFO  server.RaftServerConfigKeys (ConfUtils.java:logGet(46)) - raft.server.storage.dir = [/home/runner/work/ozone/ozone/hadoop-ozone/integration-test/target/test-dir/MiniOzoneClusterImpl-811b16cb-c214-4c75-bdb2-1b437bba6cdf/datanode-7/data/ratis] (custom)
2023-09-29 12:51:23,909 [9fc007ee-6328-4e66-a7f4-dfd370a25fec-groupManagement] INFO  server.RaftServerConfigKeys (ConfUtils.java:logGet(46)) - raft.server.log.corruption.policy = EXCEPTION (default)
2023-09-29 12:51:23,909 [9fc007ee-6328-4e66-a7f4-dfd370a25fec-groupManagement] INFO  server.RaftServerConfigKeys (ConfUtils.java:logGet(46)) - raft.server.storage.free-space.min = 0MB (=0) (default)
2023-09-29 12:51:23,909 [9fc007ee-6328-4e66-a7f4-dfd370a25fec-groupManagement] INFO  server.RaftServerConfigKeys (ConfUtils.java:logGet(46)) - raft.server.notification.no-leader.timeout = 300s (custom)
2023-09-29 12:51:23,909 [9fc007ee-6328-4e66-a7f4-dfd370a25fec-groupManagement] INFO  server.RaftServerConfigKeys (ConfUtils.java:logGet(46)) - raft.server.read.timeout = 10s (default)
2023-09-29 12:51:23,909 [9fc007ee-6328-4e66-a7f4-dfd370a25fec-groupManagement] INFO  server.RaftServerConfigKeys (ConfUtils.java:logGet(46)) - raft.server.retrycache.expirytime = 600000ms (custom)
2023-09-29 12:51:23,909 [9fc007ee-6328-4e66-a7f4-dfd370a25fec-groupManagement] INFO  server.RaftServerConfigKeys (ConfUtils.java:logGet(46)) - raft.server.retrycache.statistics.expirytime = 100μs (default)
2023-09-29 12:51:23,909 [9fc007ee-6328-4e66-a7f4-dfd370a25fec-groupManagement] INFO  server.RaftServerConfigKeys (ConfUtils.java:logGet(46)) - raft.server.read.option = DEFAULT (default)
2023-09-29 12:51:23,911 [9fc007ee-6328-4e66-a7f4-dfd370a25fec-groupManagement] INFO  server.RaftServerConfigKeys (ConfUtils.java:logGet(46)) - raft.server.rpc.request.timeout = 60s (custom)
2023-09-29 12:51:23,911 [9fc007ee-6328-4e66-a7f4-dfd370a25fec-groupManagement] INFO  server.RaftServerConfigKeys (ConfUtils.java:logGet(46)) - raft.server.log.appender.install.snapshot.enabled = false (custom)
2023-09-29 12:51:23,911 [9fc007ee-6328-4e66-a7f4-dfd370a25fec-groupManagement] INFO  server.RaftServerConfigKeys (ConfUtils.java:logGet(46)) - raft.server.threadpool.server.cached = true (default)
2023-09-29 12:51:23,911 [9fc007ee-6328-4e66-a7f4-dfd370a25fec-groupManagement] INFO  server.RaftServerConfigKeys (ConfUtils.java:logGet(46)) - raft.server.threadpool.server.size = 0 (default)
2023-09-29 12:51:23,911 [9fc007ee-6328-4e66-a7f4-dfd370a25fec-groupManagement] INFO  server.RaftServerConfigKeys (ConfUtils.java:logGet(46)) - raft.server.threadpool.client.cached = true (default)
2023-09-29 12:51:23,911 [9fc007ee-6328-4e66-a7f4-dfd370a25fec-groupManagement] INFO  server.RaftServerConfigKeys (ConfUtils.java:logGet(46)) - raft.server.threadpool.client.size = 0 (default)
2023-09-29 12:51:23,911 [9fc007ee-6328-4e66-a7f4-dfd370a25fec-groupManagement] INFO  storage.RaftStorageDirectory (RaftStorageDirectoryImpl.java:analyzeStorage(137)) - The storage directory /home/runner/work/ozone/ozone/hadoop-ozone/integration-test/target/test-dir/MiniOzoneClusterImpl-811b16cb-c214-4c75-bdb2-1b437bba6cdf/datanode-7/data/ratis/9e39b8f2-dd05-49f1-bf9a-d1a0b4f7e96e does not exist. Creating ...
2023-09-29 12:51:23,913 [9fc007ee-6328-4e66-a7f4-dfd370a25fec-groupManagement] INFO  storage.RaftStorageDirectory (RaftStorageDirectoryImpl.java:tryLock(231)) - Lock on /home/runner/work/ozone/ozone/hadoop-ozone/integration-test/target/test-dir/MiniOzoneClusterImpl-811b16cb-c214-4c75-bdb2-1b437bba6cdf/datanode-7/data/ratis/9e39b8f2-dd05-49f1-bf9a-d1a0b4f7e96e/in_use.lock acquired by nodename 70928@fv-az238-384
2023-09-29 12:51:23,916 [9fc007ee-6328-4e66-a7f4-dfd370a25fec-groupManagement] INFO  storage.RaftStorage (RaftStorageImpl.java:format(96)) - Storage directory /home/runner/work/ozone/ozone/hadoop-ozone/integration-test/target/test-dir/MiniOzoneClusterImpl-811b16cb-c214-4c75-bdb2-1b437bba6cdf/datanode-7/data/ratis/9e39b8f2-dd05-49f1-bf9a-d1a0b4f7e96e has been successfully formatted.
2023-09-29 12:51:23,918 [9fc007ee-6328-4e66-a7f4-dfd370a25fec-groupManagement] INFO  ratis.ContainerStateMachine (ContainerStateMachine.java:loadSnapshot(262)) - group-D1A0B4F7E96E: The snapshot info is null. Setting the last applied indexto:(t:0, i:~)
2023-09-29 12:51:23,918 [9fc007ee-6328-4e66-a7f4-dfd370a25fec-groupManagement] INFO  server.RaftServerConfigKeys (ConfUtils.java:logGet(46)) - raft.server.log.use.memory = false (default)
2023-09-29 12:51:23,918 [9fc007ee-6328-4e66-a7f4-dfd370a25fec-groupManagement] INFO  server.RaftServerConfigKeys (ConfUtils.java:logGet(46)) - raft.server.log.purge.gap = 1000000 (custom)
2023-09-29 12:51:23,918 [9fc007ee-6328-4e66-a7f4-dfd370a25fec-groupManagement] INFO  server.RaftServerConfigKeys (ConfUtils.java:logGet(46)) - raft.server.log.appender.buffer.byte-limit = 33554432 (custom)
2023-09-29 12:51:23,918 [9fc007ee-6328-4e66-a7f4-dfd370a25fec-groupManagement] INFO  server.RaftServerConfigKeys (ConfUtils.java:logGet(46)) - raft.server.log.statemachine.data.read.timeout = 1000ms (default)
2023-09-29 12:51:23,918 [9fc007ee-6328-4e66-a7f4-dfd370a25fec-groupManagement] INFO  server.RaftServerConfigKeys (ConfUtils.java:logGet(46)) - raft.server.log.purge.preservation.log.num = 0 (default)
2023-09-29 12:51:23,918 [9fc007ee-6328-4e66-a7f4-dfd370a25fec-groupManagement] INFO  server.RaftServerConfigKeys (ConfUtils.java:logGet(46)) - raft.server.log.segment.size.max = 1048576 (custom)
2023-09-29 12:51:23,919 [9fc007ee-6328-4e66-a7f4-dfd370a25fec-groupManagement] INFO  server.RaftServerConfigKeys (ConfUtils.java:logGet(46)) - raft.server.log.segment.cache.num.max = 2 (custom)
2023-09-29 12:51:23,919 [9fc007ee-6328-4e66-a7f4-dfd370a25fec-groupManagement] INFO  server.RaftServerConfigKeys (ConfUtils.java:logGet(46)) - raft.server.log.segment.cache.size.max = 200MB (=209715200) (default)
2023-09-29 12:51:23,919 [9fc007ee-6328-4e66-a7f4-dfd370a25fec-groupManagement] INFO  server.RaftServerConfigKeys (ConfUtils.java:logGet(46)) - raft.server.log.appender.buffer.byte-limit = 33554432 (custom)
2023-09-29 12:51:23,919 [9fc007ee-6328-4e66-a7f4-dfd370a25fec-groupManagement] INFO  segmented.SegmentedRaftLogWorker (SegmentedRaftLogWorker.java:<init>(188)) - new 9fc007ee-6328-4e66-a7f4-dfd370a25fec@group-D1A0B4F7E96E-SegmentedRaftLogWorker for RaftStorageImpl:Storage Directory /home/runner/work/ozone/ozone/hadoop-ozone/integration-test/target/test-dir/MiniOzoneClusterImpl-811b16cb-c214-4c75-bdb2-1b437bba6cdf/datanode-7/data/ratis/9e39b8f2-dd05-49f1-bf9a-d1a0b4f7e96e
2023-09-29 12:51:23,919 [9fc007ee-6328-4e66-a7f4-dfd370a25fec-groupManagement] INFO  server.RaftServerConfigKeys (ConfUtils.java:logGet(46)) - raft.server.log.queue.byte-limit = 4294967296 (custom)
2023-09-29 12:51:23,919 [9fc007ee-6328-4e66-a7f4-dfd370a25fec-groupManagement] INFO  server.RaftServerConfigKeys (ConfUtils.java:logGet(46)) - raft.server.log.queue.element-limit = 1024 (custom)
2023-09-29 12:51:23,919 [9fc007ee-6328-4e66-a7f4-dfd370a25fec-groupManagement] INFO  server.RaftServerConfigKeys (ConfUtils.java:logGet(46)) - raft.server.log.segment.size.max = 1048576 (custom)
2023-09-29 12:51:23,919 [9fc007ee-6328-4e66-a7f4-dfd370a25fec-groupManagement] INFO  server.RaftServerConfigKeys (ConfUtils.java:logGet(46)) - raft.server.log.preallocated.size = 16384 (custom)
2023-09-29 12:51:23,919 [9fc007ee-6328-4e66-a7f4-dfd370a25fec-groupManagement] INFO  server.RaftServerConfigKeys (ConfUtils.java:logGet(46)) - raft.server.log.force.sync.num = 128 (default)
2023-09-29 12:51:23,920 [9fc007ee-6328-4e66-a7f4-dfd370a25fec-groupManagement] INFO  server.RaftServerConfigKeys (ConfUtils.java:logGet(46)) - raft.server.log.statemachine.data.sync = true (default)
2023-09-29 12:51:23,920 [9fc007ee-6328-4e66-a7f4-dfd370a25fec-groupManagement] INFO  server.RaftServerConfigKeys (ConfUtils.java:logGet(46)) - raft.server.log.statemachine.data.sync.timeout = 10s (default)
2023-09-29 12:51:23,920 [9fc007ee-6328-4e66-a7f4-dfd370a25fec-groupManagement] INFO  server.RaftServerConfigKeys (ConfUtils.java:logGet(46)) - raft.server.log.statemachine.data.sync.timeout.retry = -1 (default)
2023-09-29 12:51:23,921 [9fc007ee-6328-4e66-a7f4-dfd370a25fec-groupManagement] INFO  server.RaftServerConfigKeys (ConfUtils.java:logGet(46)) - raft.server.log.write.buffer.size = 1048576 (custom)
2023-09-29 12:51:23,921 [9fc007ee-6328-4e66-a7f4-dfd370a25fec-groupManagement] INFO  server.RaftServerConfigKeys (ConfUtils.java:logGet(46)) - raft.server.log.appender.buffer.byte-limit = 33554432 (custom)
2023-09-29 12:51:23,924 [EventQueue-PipelineReportForPipelineReportHandler] INFO  pipeline.PipelineReportHandler (PipelineReportHandler.java:processPipelineReport(136)) - Opened pipeline PipelineID=9e39b8f2-dd05-49f1-bf9a-d1a0b4f7e96e
2023-09-29 12:51:23,924 [EventQueue-OpenPipelineForHealthyPipelineSafeModeRule] INFO  safemode.SCMSafeModeManager (HealthyPipelineSafeModeRule.java:process(137)) - SCM in safe mode. Healthy pipelines reported count is 0, required healthy pipeline reported count is 1
2023-09-29 12:51:23,936 [9fc007ee-6328-4e66-a7f4-dfd370a25fec-groupManagement] INFO  server.RaftServerConfigKeys (ConfUtils.java:logGet(46)) - raft.server.log.unsafe-flush.enabled = false (default)
2023-09-29 12:51:23,936 [9fc007ee-6328-4e66-a7f4-dfd370a25fec-groupManagement] INFO  server.RaftServerConfigKeys (ConfUtils.java:logGet(46)) - raft.server.log.async-flush.enabled = false (default)
2023-09-29 12:51:23,936 [9fc007ee-6328-4e66-a7f4-dfd370a25fec-groupManagement] INFO  server.RaftServerConfigKeys (ConfUtils.java:logGet(46)) - raft.server.log.statemachine.data.caching.enabled = true (custom)
2023-09-29 12:51:23,937 [9fc007ee-6328-4e66-a7f4-dfd370a25fec-groupManagement] INFO  segmented.SegmentedRaftLogWorker (SegmentedRaftLogWorker.java:lambda$new$0(135)) - 9fc007ee-6328-4e66-a7f4-dfd370a25fec@group-D1A0B4F7E96E-SegmentedRaftLogWorker: flushIndex: setUnconditionally 0 -> -1
2023-09-29 12:51:23,937 [9fc007ee-6328-4e66-a7f4-dfd370a25fec-groupManagement] INFO  segmented.SegmentedRaftLogWorker (SegmentedRaftLogWorker.java:lambda$new$0(135)) - 9fc007ee-6328-4e66-a7f4-dfd370a25fec@group-D1A0B4F7E96E-SegmentedRaftLogWorker: safeCacheEvictIndex: setUnconditionally 0 -> -1
2023-09-29 12:51:23,937 [9fc007ee-6328-4e66-a7f4-dfd370a25fec-groupManagement] INFO  server.RaftServer$Division (RaftServerImpl.java:start(342)) - 9fc007ee-6328-4e66-a7f4-dfd370a25fec@group-D1A0B4F7E96E: start as a follower, conf=-1: peers:[9fc007ee-6328-4e66-a7f4-dfd370a25fec|rpc:10.1.0.70:15077|admin:10.1.0.70:15076|client:10.1.0.70:15075|dataStream:10.1.0.70:15078|priority:1|startupRole:FOLLOWER]|listeners:[], old=null
2023-09-29 12:51:23,937 [9fc007ee-6328-4e66-a7f4-dfd370a25fec-groupManagement] INFO  server.RaftServer$Division (RaftServerImpl.java:setRole(329)) - 9fc007ee-6328-4e66-a7f4-dfd370a25fec@group-D1A0B4F7E96E: changes role from      null to FOLLOWER at term 0 for startAsFollower
2023-09-29 12:51:23,937 [9fc007ee-6328-4e66-a7f4-dfd370a25fec-groupManagement] INFO  impl.RoleInfo (RoleInfo.java:updateAndGet(139)) - 9fc007ee-6328-4e66-a7f4-dfd370a25fec: start 9fc007ee-6328-4e66-a7f4-dfd370a25fec@group-D1A0B4F7E96E-FollowerState
2023-09-29 12:51:23,937 [9fc007ee-6328-4e66-a7f4-dfd370a25fec-groupManagement] INFO  util.JmxRegister (JmxRegister.java:tryRegister(44)) - Successfully registered JMX Bean with object name Ratis:service=RaftServer,group=group-D1A0B4F7E96E,id=9fc007ee-6328-4e66-a7f4-dfd370a25fec
2023-09-29 12:51:23,938 [9fc007ee-6328-4e66-a7f4-dfd370a25fec-groupManagement] INFO  server.RaftServerConfigKeys (ConfUtils.java:logGet(46)) - raft.server.snapshot.auto.trigger.enabled = true (custom)
2023-09-29 12:51:23,938 [9fc007ee-6328-4e66-a7f4-dfd370a25fec-groupManagement] INFO  server.RaftServerConfigKeys (ConfUtils.java:logGet(46)) - raft.server.snapshot.auto.trigger.threshold = 10000 (custom)
2023-09-29 12:51:23,938 [9fc007ee-6328-4e66-a7f4-dfd370a25fec-groupManagement] INFO  server.RaftServerConfigKeys (ConfUtils.java:logGet(46)) - raft.server.snapshot.retention.file.num = 5 (custom)
2023-09-29 12:51:23,938 [9fc007ee-6328-4e66-a7f4-dfd370a25fec-groupManagement] INFO  server.RaftServerConfigKeys (ConfUtils.java:logGet(46)) - raft.server.log.purge.upto.snapshot.index = false (default)
2023-09-29 12:51:23,939 [9fc007ee-6328-4e66-a7f4-dfd370a25fec@group-D1A0B4F7E96E-FollowerState] INFO  server.RaftServerConfigKeys (ConfUtils.java:logFallback(53)) - raft.server.rpc.first-election.timeout.min = 5s (fallback to raft.server.rpc.timeout.min)
2023-09-29 12:51:23,939 [9fc007ee-6328-4e66-a7f4-dfd370a25fec@group-D1A0B4F7E96E-FollowerState] INFO  server.RaftServerConfigKeys (ConfUtils.java:logFallback(53)) - raft.server.rpc.first-election.timeout.max = 5200ms (fallback to raft.server.rpc.timeout.max)
2023-09-29 12:51:23,939 [PipelineCommandHandlerThread-0] INFO  ratis.XceiverServerRatis (XceiverServerRatis.java:addGroup(804)) - Created group PipelineID=9e39b8f2-dd05-49f1-bf9a-d1a0b4f7e96e
2023-09-29 12:51:23,944 [PipelineCommandHandlerThread-0] INFO  commandhandler.CreatePipelineCommandHandler (CreatePipelineCommandHandler.java:lambda$handle$2(124)) - Created Pipeline RATIS ONE PipelineID=9e39b8f2-dd05-49f1-bf9a-d1a0b4f7e96e.
2023-09-29 12:51:23,945 [PipelineCommandHandlerThread-0] INFO  server.RaftServer (RaftServerProxy.java:addNew(98)) - 9fc007ee-6328-4e66-a7f4-dfd370a25fec: addNew group-95B153CB0731:[b431013d-a75d-44b2-a41a-a2e98e506a92|rpc:10.1.0.70:15068|admin:10.1.0.70:15067|client:10.1.0.70:15066|dataStream:10.1.0.70:15069|priority:0|startupRole:FOLLOWER, 9fc007ee-6328-4e66-a7f4-dfd370a25fec|rpc:10.1.0.70:15077|admin:10.1.0.70:15076|client:10.1.0.70:15075|dataStream:10.1.0.70:15078|priority:1|startupRole:FOLLOWER, 4dfacd3a-85e6-4f60-aa9f-15a17a1c954a|rpc:10.1.0.70:15086|admin:10.1.0.70:15085|client:10.1.0.70:15084|dataStream:10.1.0.70:15087|priority:0|startupRole:FOLLOWER] returns group-95B153CB0731:java.util.concurrent.CompletableFuture@1044c14e[Not completed]
2023-09-29 12:51:23,944 [PipelineCommandHandlerThread-0] INFO  commandhandler.CreatePipelineCommandHandler (CreatePipelineCommandHandler.java:lambda$handle$2(124)) - Created Pipeline RATIS THREE PipelineID=b5d7346f-7812-4e83-9273-8a617cca13df.
2023-09-29 12:51:23,945 [PipelineCommandHandlerThread-0] INFO  server.RaftServer (RaftServerProxy.java:addNew(98)) - b431013d-a75d-44b2-a41a-a2e98e506a92: addNew group-95B153CB0731:[b431013d-a75d-44b2-a41a-a2e98e506a92|rpc:10.1.0.70:15068|admin:10.1.0.70:15067|client:10.1.0.70:15066|dataStream:10.1.0.70:15069|priority:0|startupRole:FOLLOWER, 9fc007ee-6328-4e66-a7f4-dfd370a25fec|rpc:10.1.0.70:15077|admin:10.1.0.70:15076|client:10.1.0.70:15075|dataStream:10.1.0.70:15078|priority:1|startupRole:FOLLOWER, 4dfacd3a-85e6-4f60-aa9f-15a17a1c954a|rpc:10.1.0.70:15086|admin:10.1.0.70:15085|client:10.1.0.70:15084|dataStream:10.1.0.70:15087|priority:0|startupRole:FOLLOWER] returns group-95B153CB0731:java.util.concurrent.CompletableFuture@6d270f34[Not completed]
2023-09-29 12:51:23,946 [9fc007ee-6328-4e66-a7f4-dfd370a25fec-groupManagement] INFO  server.RaftServer$Division (RaftServerImpl.java:<init>(198)) - 9fc007ee-6328-4e66-a7f4-dfd370a25fec: new RaftServerImpl for group-95B153CB0731:[b431013d-a75d-44b2-a41a-a2e98e506a92|rpc:10.1.0.70:15068|admin:10.1.0.70:15067|client:10.1.0.70:15066|dataStream:10.1.0.70:15069|priority:0|startupRole:FOLLOWER, 9fc007ee-6328-4e66-a7f4-dfd370a25fec|rpc:10.1.0.70:15077|admin:10.1.0.70:15076|client:10.1.0.70:15075|dataStream:10.1.0.70:15078|priority:1|startupRole:FOLLOWER, 4dfacd3a-85e6-4f60-aa9f-15a17a1c954a|rpc:10.1.0.70:15086|admin:10.1.0.70:15085|client:10.1.0.70:15084|dataStream:10.1.0.70:15087|priority:0|startupRole:FOLLOWER] with ContainerStateMachine:uninitialized
2023-09-29 12:51:23,947 [9fc007ee-6328-4e66-a7f4-dfd370a25fec-groupManagement] INFO  server.RaftServerConfigKeys (ConfUtils.java:logGet(46)) - raft.server.rpc.timeout.min = 5s (custom)
2023-09-29 12:51:23,947 [b431013d-a75d-44b2-a41a-a2e98e506a92-groupManagement] INFO  server.RaftServer$Division (RaftServerImpl.java:<init>(198)) - b431013d-a75d-44b2-a41a-a2e98e506a92: new RaftServerImpl for group-95B153CB0731:[b431013d-a75d-44b2-a41a-a2e98e506a92|rpc:10.1.0.70:15068|admin:10.1.0.70:15067|client:10.1.0.70:15066|dataStream:10.1.0.70:15069|priority:0|startupRole:FOLLOWER, 9fc007ee-6328-4e66-a7f4-dfd370a25fec|rpc:10.1.0.70:15077|admin:10.1.0.70:15076|client:10.1.0.70:15075|dataStream:10.1.0.70:15078|priority:1|startupRole:FOLLOWER, 4dfacd3a-85e6-4f60-aa9f-15a17a1c954a|rpc:10.1.0.70:15086|admin:10.1.0.70:15085|client:10.1.0.70:15084|dataStream:10.1.0.70:15087|priority:0|startupRole:FOLLOWER] with ContainerStateMachine:uninitialized
2023-09-29 12:51:23,947 [9fc007ee-6328-4e66-a7f4-dfd370a25fec-groupManagement] INFO  server.RaftServerConfigKeys (ConfUtils.java:logGet(46)) - raft.server.rpc.timeout.max = 5200ms (custom)
2023-09-29 12:51:23,947 [b431013d-a75d-44b2-a41a-a2e98e506a92-groupManagement] INFO  server.RaftServerConfigKeys (ConfUtils.java:logGet(46)) - raft.server.rpc.timeout.min = 5s (custom)
2023-09-29 12:51:23,947 [9fc007ee-6328-4e66-a7f4-dfd370a25fec-groupManagement] INFO  server.RaftServerConfigKeys (ConfUtils.java:logGet(46)) - raft.server.rpc.sleep.time = 25ms (default)
2023-09-29 12:51:23,947 [b431013d-a75d-44b2-a41a-a2e98e506a92-groupManagement] INFO  server.RaftServerConfigKeys (ConfUtils.java:logGet(46)) - raft.server.rpc.timeout.max = 5200ms (custom)
2023-09-29 12:51:23,947 [9fc007ee-6328-4e66-a7f4-dfd370a25fec-groupManagement] INFO  server.RaftServerConfigKeys (ConfUtils.java:logGet(46)) - raft.server.rpc.slowness.timeout = 300s (custom)
2023-09-29 12:51:23,947 [b431013d-a75d-44b2-a41a-a2e98e506a92-groupManagement] INFO  server.RaftServerConfigKeys (ConfUtils.java:logGet(46)) - raft.server.rpc.sleep.time = 25ms (default)
2023-09-29 12:51:23,947 [9fc007ee-6328-4e66-a7f4-dfd370a25fec-groupManagement] INFO  server.RaftServerConfigKeys (ConfUtils.java:logGet(46)) - raft.server.leaderelection.leader.step-down.wait-time = 10s (default)
2023-09-29 12:51:23,947 [b431013d-a75d-44b2-a41a-a2e98e506a92-groupManagement] INFO  server.RaftServerConfigKeys (ConfUtils.java:logGet(46)) - raft.server.rpc.slowness.timeout = 300s (custom)
2023-09-29 12:51:23,947 [9fc007ee-6328-4e66-a7f4-dfd370a25fec-groupManagement] INFO  server.RaftServerConfigKeys (ConfUtils.java:logGet(46)) - raft.server.sleep.deviation.threshold = 300ms (default)
2023-09-29 12:51:23,947 [b431013d-a75d-44b2-a41a-a2e98e506a92-groupManagement] INFO  server.RaftServerConfigKeys (ConfUtils.java:logGet(46)) - raft.server.leaderelection.leader.step-down.wait-time = 10s (default)
2023-09-29 12:51:23,947 [b431013d-a75d-44b2-a41a-a2e98e506a92-groupManagement] INFO  server.RaftServerConfigKeys (ConfUtils.java:logGet(46)) - raft.server.sleep.deviation.threshold = 300ms (default)
2023-09-29 12:51:23,947 [9fc007ee-6328-4e66-a7f4-dfd370a25fec-groupManagement] INFO  server.RaftServer$Division (ServerState.java:<init>(120)) - 9fc007ee-6328-4e66-a7f4-dfd370a25fec@group-95B153CB0731: ConfigurationManager, init=-1: peers:[b431013d-a75d-44b2-a41a-a2e98e506a92|rpc:10.1.0.70:15068|admin:10.1.0.70:15067|client:10.1.0.70:15066|dataStream:10.1.0.70:15069|priority:0|startupRole:FOLLOWER, 9fc007ee-6328-4e66-a7f4-dfd370a25fec|rpc:10.1.0.70:15077|admin:10.1.0.70:15076|client:10.1.0.70:15075|dataStream:10.1.0.70:15078|priority:1|startupRole:FOLLOWER, 4dfacd3a-85e6-4f60-aa9f-15a17a1c954a|rpc:10.1.0.70:15086|admin:10.1.0.70:15085|client:10.1.0.70:15084|dataStream:10.1.0.70:15087|priority:0|startupRole:FOLLOWER]|listeners:[], old=null, confs=<EMPTY_MAP>
2023-09-29 12:51:23,948 [b431013d-a75d-44b2-a41a-a2e98e506a92-groupManagement] INFO  server.RaftServer$Division (ServerState.java:<init>(120)) - b431013d-a75d-44b2-a41a-a2e98e506a92@group-95B153CB0731: ConfigurationManager, init=-1: peers:[b431013d-a75d-44b2-a41a-a2e98e506a92|rpc:10.1.0.70:15068|admin:10.1.0.70:15067|client:10.1.0.70:15066|dataStream:10.1.0.70:15069|priority:0|startupRole:FOLLOWER, 9fc007ee-6328-4e66-a7f4-dfd370a25fec|rpc:10.1.0.70:15077|admin:10.1.0.70:15076|client:10.1.0.70:15075|dataStream:10.1.0.70:15078|priority:1|startupRole:FOLLOWER, 4dfacd3a-85e6-4f60-aa9f-15a17a1c954a|rpc:10.1.0.70:15086|admin:10.1.0.70:15085|client:10.1.0.70:15084|dataStream:10.1.0.70:15087|priority:0|startupRole:FOLLOWER]|listeners:[], old=null, confs=<EMPTY_MAP>
2023-09-29 12:51:23,948 [b431013d-a75d-44b2-a41a-a2e98e506a92-groupManagement] INFO  server.RaftServerConfigKeys (ConfUtils.java:logGet(46)) - raft.server.storage.dir = [/home/runner/work/ozone/ozone/hadoop-ozone/integration-test/target/test-dir/MiniOzoneClusterImpl-811b16cb-c214-4c75-bdb2-1b437bba6cdf/datanode-6/data/ratis] (custom)
2023-09-29 12:51:23,948 [b431013d-a75d-44b2-a41a-a2e98e506a92-groupManagement] INFO  server.RaftServerConfigKeys (ConfUtils.java:logGet(46)) - raft.server.log.corruption.policy = EXCEPTION (default)
2023-09-29 12:51:23,948 [b431013d-a75d-44b2-a41a-a2e98e506a92-groupManagement] INFO  server.RaftServerConfigKeys (ConfUtils.java:logGet(46)) - raft.server.storage.free-space.min = 0MB (=0) (default)
2023-09-29 12:51:23,948 [b431013d-a75d-44b2-a41a-a2e98e506a92-groupManagement] INFO  server.RaftServerConfigKeys (ConfUtils.java:logGet(46)) - raft.server.notification.no-leader.timeout = 300s (custom)
2023-09-29 12:51:23,949 [b431013d-a75d-44b2-a41a-a2e98e506a92-groupManagement] INFO  server.RaftServerConfigKeys (ConfUtils.java:logGet(46)) - raft.server.read.timeout = 10s (default)
2023-09-29 12:51:23,948 [9fc007ee-6328-4e66-a7f4-dfd370a25fec-groupManagement] INFO  server.RaftServerConfigKeys (ConfUtils.java:logGet(46)) - raft.server.storage.dir = [/home/runner/work/ozone/ozone/hadoop-ozone/integration-test/target/test-dir/MiniOzoneClusterImpl-811b16cb-c214-4c75-bdb2-1b437bba6cdf/datanode-7/data/ratis] (custom)
2023-09-29 12:51:23,949 [b431013d-a75d-44b2-a41a-a2e98e506a92-groupManagement] INFO  server.RaftServerConfigKeys (ConfUtils.java:logGet(46)) - raft.server.retrycache.expirytime = 600000ms (custom)
2023-09-29 12:51:23,950 [b431013d-a75d-44b2-a41a-a2e98e506a92-groupManagement] INFO  server.RaftServerConfigKeys (ConfUtils.java:logGet(46)) - raft.server.retrycache.statistics.expirytime = 100μs (default)
2023-09-29 12:51:23,950 [9fc007ee-6328-4e66-a7f4-dfd370a25fec-groupManagement] INFO  server.RaftServerConfigKeys (ConfUtils.java:logGet(46)) - raft.server.log.corruption.policy = EXCEPTION (default)
2023-09-29 12:51:23,950 [b431013d-a75d-44b2-a41a-a2e98e506a92-groupManagement] INFO  server.RaftServerConfigKeys (ConfUtils.java:logGet(46)) - raft.server.read.option = DEFAULT (default)
2023-09-29 12:51:23,950 [9fc007ee-6328-4e66-a7f4-dfd370a25fec-groupManagement] INFO  server.RaftServerConfigKeys (ConfUtils.java:logGet(46)) - raft.server.storage.free-space.min = 0MB (=0) (default)
2023-09-29 12:51:23,950 [9fc007ee-6328-4e66-a7f4-dfd370a25fec-groupManagement] INFO  server.RaftServerConfigKeys (ConfUtils.java:logGet(46)) - raft.server.notification.no-leader.timeout = 300s (custom)
2023-09-29 12:51:23,950 [9fc007ee-6328-4e66-a7f4-dfd370a25fec-groupManagement] INFO  server.RaftServerConfigKeys (ConfUtils.java:logGet(46)) - raft.server.read.timeout = 10s (default)
2023-09-29 12:51:23,950 [9fc007ee-6328-4e66-a7f4-dfd370a25fec-groupManagement] INFO  server.RaftServerConfigKeys (ConfUtils.java:logGet(46)) - raft.server.retrycache.expirytime = 600000ms (custom)
2023-09-29 12:51:23,950 [9fc007ee-6328-4e66-a7f4-dfd370a25fec-groupManagement] INFO  server.RaftServerConfigKeys (ConfUtils.java:logGet(46)) - raft.server.retrycache.statistics.expirytime = 100μs (default)
2023-09-29 12:51:23,951 [9fc007ee-6328-4e66-a7f4-dfd370a25fec-groupManagement] INFO  server.RaftServerConfigKeys (ConfUtils.java:logGet(46)) - raft.server.read.option = DEFAULT (default)
2023-09-29 12:51:23,952 [b431013d-a75d-44b2-a41a-a2e98e506a92-groupManagement] INFO  server.RaftServerConfigKeys (ConfUtils.java:logGet(46)) - raft.server.rpc.request.timeout = 60s (custom)
2023-09-29 12:51:23,952 [b431013d-a75d-44b2-a41a-a2e98e506a92-groupManagement] INFO  server.RaftServerConfigKeys (ConfUtils.java:logGet(46)) - raft.server.log.appender.install.snapshot.enabled = false (custom)
2023-09-29 12:51:23,952 [b431013d-a75d-44b2-a41a-a2e98e506a92-groupManagement] INFO  server.RaftServerConfigKeys (ConfUtils.java:logGet(46)) - raft.server.threadpool.server.cached = true (default)
2023-09-29 12:51:23,952 [b431013d-a75d-44b2-a41a-a2e98e506a92-groupManagement] INFO  server.RaftServerConfigKeys (ConfUtils.java:logGet(46)) - raft.server.threadpool.server.size = 0 (default)
2023-09-29 12:51:23,952 [b431013d-a75d-44b2-a41a-a2e98e506a92-groupManagement] INFO  server.RaftServerConfigKeys (ConfUtils.java:logGet(46)) - raft.server.threadpool.client.cached = true (default)
2023-09-29 12:51:23,952 [b431013d-a75d-44b2-a41a-a2e98e506a92-groupManagement] INFO  server.RaftServerConfigKeys (ConfUtils.java:logGet(46)) - raft.server.threadpool.client.size = 0 (default)
2023-09-29 12:51:23,952 [9fc007ee-6328-4e66-a7f4-dfd370a25fec-groupManagement] INFO  server.RaftServerConfigKeys (ConfUtils.java:logGet(46)) - raft.server.rpc.request.timeout = 60s (custom)
2023-09-29 12:51:23,952 [9fc007ee-6328-4e66-a7f4-dfd370a25fec-groupManagement] INFO  server.RaftServerConfigKeys (ConfUtils.java:logGet(46)) - raft.server.log.appender.install.snapshot.enabled = false (custom)
2023-09-29 12:51:23,952 [b431013d-a75d-44b2-a41a-a2e98e506a92-groupManagement] INFO  storage.RaftStorageDirectory (RaftStorageDirectoryImpl.java:analyzeStorage(137)) - The storage directory /home/runner/work/ozone/ozone/hadoop-ozone/integration-test/target/test-dir/MiniOzoneClusterImpl-811b16cb-c214-4c75-bdb2-1b437bba6cdf/datanode-6/data/ratis/7d0c1310-c4a7-4065-8b62-95b153cb0731 does not exist. Creating ...
2023-09-29 12:51:23,952 [9fc007ee-6328-4e66-a7f4-dfd370a25fec-groupManagement] INFO  server.RaftServerConfigKeys (ConfUtils.java:logGet(46)) - raft.server.threadpool.server.cached = true (default)
2023-09-29 12:51:23,953 [9fc007ee-6328-4e66-a7f4-dfd370a25fec-groupManagement] INFO  server.RaftServerConfigKeys (ConfUtils.java:logGet(46)) - raft.server.threadpool.server.size = 0 (default)
2023-09-29 12:51:23,953 [9fc007ee-6328-4e66-a7f4-dfd370a25fec-groupManagement] INFO  server.RaftServerConfigKeys (ConfUtils.java:logGet(46)) - raft.server.threadpool.client.cached = true (default)
2023-09-29 12:51:23,953 [9fc007ee-6328-4e66-a7f4-dfd370a25fec-groupManagement] INFO  server.RaftServerConfigKeys (ConfUtils.java:logGet(46)) - raft.server.threadpool.client.size = 0 (default)
2023-09-29 12:51:23,953 [9fc007ee-6328-4e66-a7f4-dfd370a25fec-groupManagement] INFO  storage.RaftStorageDirectory (RaftStorageDirectoryImpl.java:analyzeStorage(137)) - The storage directory /home/runner/work/ozone/ozone/hadoop-ozone/integration-test/target/test-dir/MiniOzoneClusterImpl-811b16cb-c214-4c75-bdb2-1b437bba6cdf/datanode-7/data/ratis/7d0c1310-c4a7-4065-8b62-95b153cb0731 does not exist. Creating ...
2023-09-29 12:51:23,954 [b431013d-a75d-44b2-a41a-a2e98e506a92-groupManagement] INFO  storage.RaftStorageDirectory (RaftStorageDirectoryImpl.java:tryLock(231)) - Lock on /home/runner/work/ozone/ozone/hadoop-ozone/integration-test/target/test-dir/MiniOzoneClusterImpl-811b16cb-c214-4c75-bdb2-1b437bba6cdf/datanode-6/data/ratis/7d0c1310-c4a7-4065-8b62-95b153cb0731/in_use.lock acquired by nodename 70928@fv-az238-384
2023-09-29 12:51:23,955 [9fc007ee-6328-4e66-a7f4-dfd370a25fec-groupManagement] INFO  storage.RaftStorageDirectory (RaftStorageDirectoryImpl.java:tryLock(231)) - Lock on /home/runner/work/ozone/ozone/hadoop-ozone/integration-test/target/test-dir/MiniOzoneClusterImpl-811b16cb-c214-4c75-bdb2-1b437bba6cdf/datanode-7/data/ratis/7d0c1310-c4a7-4065-8b62-95b153cb0731/in_use.lock acquired by nodename 70928@fv-az238-384
2023-09-29 12:51:23,956 [b431013d-a75d-44b2-a41a-a2e98e506a92-groupManagement] INFO  storage.RaftStorage (RaftStorageImpl.java:format(96)) - Storage directory /home/runner/work/ozone/ozone/hadoop-ozone/integration-test/target/test-dir/MiniOzoneClusterImpl-811b16cb-c214-4c75-bdb2-1b437bba6cdf/datanode-6/data/ratis/7d0c1310-c4a7-4065-8b62-95b153cb0731 has been successfully formatted.
2023-09-29 12:51:23,957 [9fc007ee-6328-4e66-a7f4-dfd370a25fec-groupManagement] INFO  storage.RaftStorage (RaftStorageImpl.java:format(96)) - Storage directory /home/runner/work/ozone/ozone/hadoop-ozone/integration-test/target/test-dir/MiniOzoneClusterImpl-811b16cb-c214-4c75-bdb2-1b437bba6cdf/datanode-7/data/ratis/7d0c1310-c4a7-4065-8b62-95b153cb0731 has been successfully formatted.
2023-09-29 12:51:23,959 [EventQueue-OpenPipelineForHealthyPipelineSafeModeRule] INFO  safemode.SCMSafeModeManager (HealthyPipelineSafeModeRule.java:process(137)) - SCM in safe mode. Healthy pipelines reported count is 0, required healthy pipeline reported count is 1
2023-09-29 12:51:23,959 [b431013d-a75d-44b2-a41a-a2e98e506a92-groupManagement] INFO  ratis.ContainerStateMachine (ContainerStateMachine.java:loadSnapshot(262)) - group-95B153CB0731: The snapshot info is null. Setting the last applied indexto:(t:0, i:~)
2023-09-29 12:51:23,959 [b431013d-a75d-44b2-a41a-a2e98e506a92-groupManagement] INFO  server.RaftServerConfigKeys (ConfUtils.java:logGet(46)) - raft.server.log.use.memory = false (default)
2023-09-29 12:51:23,960 [9fc007ee-6328-4e66-a7f4-dfd370a25fec-groupManagement] INFO  ratis.ContainerStateMachine (ContainerStateMachine.java:loadSnapshot(262)) - group-95B153CB0731: The snapshot info is null. Setting the last applied indexto:(t:0, i:~)
2023-09-29 12:51:23,960 [9fc007ee-6328-4e66-a7f4-dfd370a25fec-groupManagement] INFO  server.RaftServerConfigKeys (ConfUtils.java:logGet(46)) - raft.server.log.use.memory = false (default)
2023-09-29 12:51:23,960 [9fc007ee-6328-4e66-a7f4-dfd370a25fec-groupManagement] INFO  server.RaftServerConfigKeys (ConfUtils.java:logGet(46)) - raft.server.log.purge.gap = 1000000 (custom)
2023-09-29 12:51:23,960 [9fc007ee-6328-4e66-a7f4-dfd370a25fec-groupManagement] INFO  server.RaftServerConfigKeys (ConfUtils.java:logGet(46)) - raft.server.log.appender.buffer.byte-limit = 33554432 (custom)
2023-09-29 12:51:23,960 [9fc007ee-6328-4e66-a7f4-dfd370a25fec-groupManagement] INFO  server.RaftServerConfigKeys (ConfUtils.java:logGet(46)) - raft.server.log.statemachine.data.read.timeout = 1000ms (default)
2023-09-29 12:51:23,960 [9fc007ee-6328-4e66-a7f4-dfd370a25fec-groupManagement] INFO  server.RaftServerConfigKeys (ConfUtils.java:logGet(46)) - raft.server.log.purge.preservation.log.num = 0 (default)
2023-09-29 12:51:23,960 [9fc007ee-6328-4e66-a7f4-dfd370a25fec-groupManagement] INFO  server.RaftServerConfigKeys (ConfUtils.java:logGet(46)) - raft.server.log.segment.size.max = 1048576 (custom)
2023-09-29 12:51:23,961 [EventQueue-OpenPipelineForHealthyPipelineSafeModeRule] INFO  safemode.SCMSafeModeManager (HealthyPipelineSafeModeRule.java:process(137)) - SCM in safe mode. Healthy pipelines reported count is 0, required healthy pipeline reported count is 1
2023-09-29 12:51:23,961 [b431013d-a75d-44b2-a41a-a2e98e506a92-groupManagement] INFO  server.RaftServerConfigKeys (ConfUtils.java:logGet(46)) - raft.server.log.purge.gap = 1000000 (custom)
2023-09-29 12:51:23,961 [b431013d-a75d-44b2-a41a-a2e98e506a92-groupManagement] INFO  server.RaftServerConfigKeys (ConfUtils.java:logGet(46)) - raft.server.log.appender.buffer.byte-limit = 33554432 (custom)
2023-09-29 12:51:23,962 [b431013d-a75d-44b2-a41a-a2e98e506a92-groupManagement] INFO  server.RaftServerConfigKeys (ConfUtils.java:logGet(46)) - raft.server.log.statemachine.data.read.timeout = 1000ms (default)
2023-09-29 12:51:23,962 [b431013d-a75d-44b2-a41a-a2e98e506a92-groupManagement] INFO  server.RaftServerConfigKeys (ConfUtils.java:logGet(46)) - raft.server.log.purge.preservation.log.num = 0 (default)
2023-09-29 12:51:23,962 [9fc007ee-6328-4e66-a7f4-dfd370a25fec-groupManagement] INFO  server.RaftServerConfigKeys (ConfUtils.java:logGet(46)) - raft.server.log.segment.cache.num.max = 2 (custom)
2023-09-29 12:51:23,962 [9fc007ee-6328-4e66-a7f4-dfd370a25fec-groupManagement] INFO  server.RaftServerConfigKeys (ConfUtils.java:logGet(46)) - raft.server.log.segment.cache.size.max = 200MB (=209715200) (default)
2023-09-29 12:51:23,962 [b431013d-a75d-44b2-a41a-a2e98e506a92-groupManagement] INFO  server.RaftServerConfigKeys (ConfUtils.java:logGet(46)) - raft.server.log.segment.size.max = 1048576 (custom)
2023-09-29 12:51:23,962 [b431013d-a75d-44b2-a41a-a2e98e506a92-groupManagement] INFO  server.RaftServerConfigKeys (ConfUtils.java:logGet(46)) - raft.server.log.segment.cache.num.max = 2 (custom)
2023-09-29 12:51:23,963 [b431013d-a75d-44b2-a41a-a2e98e506a92-groupManagement] INFO  server.RaftServerConfigKeys (ConfUtils.java:logGet(46)) - raft.server.log.segment.cache.size.max = 200MB (=209715200) (default)
2023-09-29 12:51:23,963 [b431013d-a75d-44b2-a41a-a2e98e506a92-groupManagement] INFO  server.RaftServerConfigKeys (ConfUtils.java:logGet(46)) - raft.server.log.appender.buffer.byte-limit = 33554432 (custom)
2023-09-29 12:51:23,963 [b431013d-a75d-44b2-a41a-a2e98e506a92-groupManagement] INFO  segmented.SegmentedRaftLogWorker (SegmentedRaftLogWorker.java:<init>(188)) - new b431013d-a75d-44b2-a41a-a2e98e506a92@group-95B153CB0731-SegmentedRaftLogWorker for RaftStorageImpl:Storage Directory /home/runner/work/ozone/ozone/hadoop-ozone/integration-test/target/test-dir/MiniOzoneClusterImpl-811b16cb-c214-4c75-bdb2-1b437bba6cdf/datanode-6/data/ratis/7d0c1310-c4a7-4065-8b62-95b153cb0731
2023-09-29 12:51:23,963 [b431013d-a75d-44b2-a41a-a2e98e506a92-groupManagement] INFO  server.RaftServerConfigKeys (ConfUtils.java:logGet(46)) - raft.server.log.queue.byte-limit = 4294967296 (custom)
2023-09-29 12:51:23,963 [b431013d-a75d-44b2-a41a-a2e98e506a92-groupManagement] INFO  server.RaftServerConfigKeys (ConfUtils.java:logGet(46)) - raft.server.log.queue.element-limit = 1024 (custom)
2023-09-29 12:51:23,963 [b431013d-a75d-44b2-a41a-a2e98e506a92-groupManagement] INFO  server.RaftServerConfigKeys (ConfUtils.java:logGet(46)) - raft.server.log.segment.size.max = 1048576 (custom)
2023-09-29 12:51:23,963 [b431013d-a75d-44b2-a41a-a2e98e506a92-groupManagement] INFO  server.RaftServerConfigKeys (ConfUtils.java:logGet(46)) - raft.server.log.preallocated.size = 16384 (custom)
2023-09-29 12:51:23,963 [b431013d-a75d-44b2-a41a-a2e98e506a92-groupManagement] INFO  server.RaftServerConfigKeys (ConfUtils.java:logGet(46)) - raft.server.log.force.sync.num = 128 (default)
2023-09-29 12:51:23,963 [b431013d-a75d-44b2-a41a-a2e98e506a92-groupManagement] INFO  server.RaftServerConfigKeys (ConfUtils.java:logGet(46)) - raft.server.log.statemachine.data.sync = true (default)
2023-09-29 12:51:23,963 [b431013d-a75d-44b2-a41a-a2e98e506a92-groupManagement] INFO  server.RaftServerConfigKeys (ConfUtils.java:logGet(46)) - raft.server.log.statemachine.data.sync.timeout = 10s (default)
2023-09-29 12:51:23,964 [9fc007ee-6328-4e66-a7f4-dfd370a25fec-groupManagement] INFO  server.RaftServerConfigKeys (ConfUtils.java:logGet(46)) - raft.server.log.appender.buffer.byte-limit = 33554432 (custom)
2023-09-29 12:51:23,964 [b431013d-a75d-44b2-a41a-a2e98e506a92-groupManagement] INFO  server.RaftServerConfigKeys (ConfUtils.java:logGet(46)) - raft.server.log.statemachine.data.sync.timeout.retry = -1 (default)
2023-09-29 12:51:23,964 [9fc007ee-6328-4e66-a7f4-dfd370a25fec-groupManagement] INFO  segmented.SegmentedRaftLogWorker (SegmentedRaftLogWorker.java:<init>(188)) - new 9fc007ee-6328-4e66-a7f4-dfd370a25fec@group-95B153CB0731-SegmentedRaftLogWorker for RaftStorageImpl:Storage Directory /home/runner/work/ozone/ozone/hadoop-ozone/integration-test/target/test-dir/MiniOzoneClusterImpl-811b16cb-c214-4c75-bdb2-1b437bba6cdf/datanode-7/data/ratis/7d0c1310-c4a7-4065-8b62-95b153cb0731
2023-09-29 12:51:23,964 [9fc007ee-6328-4e66-a7f4-dfd370a25fec-groupManagement] INFO  server.RaftServerConfigKeys (ConfUtils.java:logGet(46)) - raft.server.log.queue.byte-limit = 4294967296 (custom)
2023-09-29 12:51:23,964 [9fc007ee-6328-4e66-a7f4-dfd370a25fec-groupManagement] INFO  server.RaftServerConfigKeys (ConfUtils.java:logGet(46)) - raft.server.log.queue.element-limit = 1024 (custom)
2023-09-29 12:51:23,964 [9fc007ee-6328-4e66-a7f4-dfd370a25fec-groupManagement] INFO  server.RaftServerConfigKeys (ConfUtils.java:logGet(46)) - raft.server.log.segment.size.max = 1048576 (custom)
2023-09-29 12:51:23,964 [9fc007ee-6328-4e66-a7f4-dfd370a25fec-groupManagement] INFO  server.RaftServerConfigKeys (ConfUtils.java:logGet(46)) - raft.server.log.preallocated.size = 16384 (custom)
2023-09-29 12:51:23,964 [9fc007ee-6328-4e66-a7f4-dfd370a25fec-groupManagement] INFO  server.RaftServerConfigKeys (ConfUtils.java:logGet(46)) - raft.server.log.force.sync.num = 128 (default)
2023-09-29 12:51:23,964 [9fc007ee-6328-4e66-a7f4-dfd370a25fec-groupManagement] INFO  server.RaftServerConfigKeys (ConfUtils.java:logGet(46)) - raft.server.log.statemachine.data.sync = true (default)
2023-09-29 12:51:23,964 [9fc007ee-6328-4e66-a7f4-dfd370a25fec-groupManagement] INFO  server.RaftServerConfigKeys (ConfUtils.java:logGet(46)) - raft.server.log.statemachine.data.sync.timeout = 10s (default)
2023-09-29 12:51:23,964 [9fc007ee-6328-4e66-a7f4-dfd370a25fec-groupManagement] INFO  server.RaftServerConfigKeys (ConfUtils.java:logGet(46)) - raft.server.log.statemachine.data.sync.timeout.retry = -1 (default)
2023-09-29 12:51:23,969 [b431013d-a75d-44b2-a41a-a2e98e506a92-groupManagement] INFO  server.RaftServerConfigKeys (ConfUtils.java:logGet(46)) - raft.server.log.write.buffer.size = 1048576 (custom)
2023-09-29 12:51:23,970 [b431013d-a75d-44b2-a41a-a2e98e506a92-groupManagement] INFO  server.RaftServerConfigKeys (ConfUtils.java:logGet(46)) - raft.server.log.appender.buffer.byte-limit = 33554432 (custom)
2023-09-29 12:51:23,970 [9fc007ee-6328-4e66-a7f4-dfd370a25fec-groupManagement] INFO  server.RaftServerConfigKeys (ConfUtils.java:logGet(46)) - raft.server.log.write.buffer.size = 1048576 (custom)
2023-09-29 12:51:23,971 [9fc007ee-6328-4e66-a7f4-dfd370a25fec-groupManagement] INFO  server.RaftServerConfigKeys (ConfUtils.java:logGet(46)) - raft.server.log.appender.buffer.byte-limit = 33554432 (custom)
2023-09-29 12:51:23,975 [b431013d-a75d-44b2-a41a-a2e98e506a92-groupManagement] INFO  server.RaftServerConfigKeys (ConfUtils.java:logGet(46)) - raft.server.log.unsafe-flush.enabled = false (default)
2023-09-29 12:51:23,976 [b431013d-a75d-44b2-a41a-a2e98e506a92-groupManagement] INFO  server.RaftServerConfigKeys (ConfUtils.java:logGet(46)) - raft.server.log.async-flush.enabled = false (default)
2023-09-29 12:51:23,976 [b431013d-a75d-44b2-a41a-a2e98e506a92-groupManagement] INFO  server.RaftServerConfigKeys (ConfUtils.java:logGet(46)) - raft.server.log.statemachine.data.caching.enabled = true (custom)
2023-09-29 12:51:23,976 [b431013d-a75d-44b2-a41a-a2e98e506a92-groupManagement] INFO  segmented.SegmentedRaftLogWorker (SegmentedRaftLogWorker.java:lambda$new$0(135)) - b431013d-a75d-44b2-a41a-a2e98e506a92@group-95B153CB0731-SegmentedRaftLogWorker: flushIndex: setUnconditionally 0 -> -1
2023-09-29 12:51:23,976 [b431013d-a75d-44b2-a41a-a2e98e506a92-groupManagement] INFO  segmented.SegmentedRaftLogWorker (SegmentedRaftLogWorker.java:lambda$new$0(135)) - b431013d-a75d-44b2-a41a-a2e98e506a92@group-95B153CB0731-SegmentedRaftLogWorker: safeCacheEvictIndex: setUnconditionally 0 -> -1
2023-09-29 12:51:23,977 [b431013d-a75d-44b2-a41a-a2e98e506a92-groupManagement] INFO  server.RaftServer$Division (RaftServerImpl.java:start(342)) - b431013d-a75d-44b2-a41a-a2e98e506a92@group-95B153CB0731: start as a follower, conf=-1: peers:[b431013d-a75d-44b2-a41a-a2e98e506a92|rpc:10.1.0.70:15068|admin:10.1.0.70:15067|client:10.1.0.70:15066|dataStream:10.1.0.70:15069|priority:0|startupRole:FOLLOWER, 9fc007ee-6328-4e66-a7f4-dfd370a25fec|rpc:10.1.0.70:15077|admin:10.1.0.70:15076|client:10.1.0.70:15075|dataStream:10.1.0.70:15078|priority:1|startupRole:FOLLOWER, 4dfacd3a-85e6-4f60-aa9f-15a17a1c954a|rpc:10.1.0.70:15086|admin:10.1.0.70:15085|client:10.1.0.70:15084|dataStream:10.1.0.70:15087|priority:0|startupRole:FOLLOWER]|listeners:[], old=null
2023-09-29 12:51:23,977 [b431013d-a75d-44b2-a41a-a2e98e506a92-groupManagement] INFO  server.RaftServer$Division (RaftServerImpl.java:setRole(329)) - b431013d-a75d-44b2-a41a-a2e98e506a92@group-95B153CB0731: changes role from      null to FOLLOWER at term 0 for startAsFollower
2023-09-29 12:51:23,977 [b431013d-a75d-44b2-a41a-a2e98e506a92-groupManagement] INFO  impl.RoleInfo (RoleInfo.java:updateAndGet(139)) - b431013d-a75d-44b2-a41a-a2e98e506a92: start b431013d-a75d-44b2-a41a-a2e98e506a92@group-95B153CB0731-FollowerState
2023-09-29 12:51:23,979 [b431013d-a75d-44b2-a41a-a2e98e506a92-groupManagement] INFO  util.JmxRegister (JmxRegister.java:tryRegister(44)) - Successfully registered JMX Bean with object name Ratis:service=RaftServer,group=group-95B153CB0731,id=b431013d-a75d-44b2-a41a-a2e98e506a92
2023-09-29 12:51:23,979 [b431013d-a75d-44b2-a41a-a2e98e506a92-groupManagement] INFO  server.RaftServerConfigKeys (ConfUtils.java:logGet(46)) - raft.server.snapshot.auto.trigger.enabled = true (custom)
2023-09-29 12:51:23,979 [b431013d-a75d-44b2-a41a-a2e98e506a92-groupManagement] INFO  server.RaftServerConfigKeys (ConfUtils.java:logGet(46)) - raft.server.snapshot.auto.trigger.threshold = 10000 (custom)
2023-09-29 12:51:23,979 [b431013d-a75d-44b2-a41a-a2e98e506a92-groupManagement] INFO  server.RaftServerConfigKeys (ConfUtils.java:logGet(46)) - raft.server.snapshot.retention.file.num = 5 (custom)
2023-09-29 12:51:23,979 [b431013d-a75d-44b2-a41a-a2e98e506a92-groupManagement] INFO  server.RaftServerConfigKeys (ConfUtils.java:logGet(46)) - raft.server.log.purge.upto.snapshot.index = false (default)
2023-09-29 12:51:23,980 [b431013d-a75d-44b2-a41a-a2e98e506a92@group-95B153CB0731-FollowerState] INFO  server.RaftServerConfigKeys (ConfUtils.java:logFallback(53)) - raft.server.rpc.first-election.timeout.min = 5s (fallback to raft.server.rpc.timeout.min)
2023-09-29 12:51:23,980 [b431013d-a75d-44b2-a41a-a2e98e506a92@group-95B153CB0731-FollowerState] INFO  server.RaftServerConfigKeys (ConfUtils.java:logFallback(53)) - raft.server.rpc.first-election.timeout.max = 5200ms (fallback to raft.server.rpc.timeout.max)
2023-09-29 12:51:23,980 [PipelineCommandHandlerThread-0] INFO  ratis.XceiverServerRatis (XceiverServerRatis.java:addGroup(804)) - Created group PipelineID=7d0c1310-c4a7-4065-8b62-95b153cb0731
2023-09-29 12:51:23,984 [9fc007ee-6328-4e66-a7f4-dfd370a25fec-groupManagement] INFO  server.RaftServerConfigKeys (ConfUtils.java:logGet(46)) - raft.server.log.unsafe-flush.enabled = false (default)
2023-09-29 12:51:23,984 [9fc007ee-6328-4e66-a7f4-dfd370a25fec-groupManagement] INFO  server.RaftServerConfigKeys (ConfUtils.java:logGet(46)) - raft.server.log.async-flush.enabled = false (default)
2023-09-29 12:51:23,984 [9fc007ee-6328-4e66-a7f4-dfd370a25fec-groupManagement] INFO  server.RaftServerConfigKeys (ConfUtils.java:logGet(46)) - raft.server.log.statemachine.data.caching.enabled = true (custom)
2023-09-29 12:51:23,985 [9fc007ee-6328-4e66-a7f4-dfd370a25fec-groupManagement] INFO  segmented.SegmentedRaftLogWorker (SegmentedRaftLogWorker.java:lambda$new$0(135)) - 9fc007ee-6328-4e66-a7f4-dfd370a25fec@group-95B153CB0731-SegmentedRaftLogWorker: flushIndex: setUnconditionally 0 -> -1
2023-09-29 12:51:23,985 [9fc007ee-6328-4e66-a7f4-dfd370a25fec-groupManagement] INFO  segmented.SegmentedRaftLogWorker (SegmentedRaftLogWorker.java:lambda$new$0(135)) - 9fc007ee-6328-4e66-a7f4-dfd370a25fec@group-95B153CB0731-SegmentedRaftLogWorker: safeCacheEvictIndex: setUnconditionally 0 -> -1
2023-09-29 12:51:24,004 [grpc-default-executor-2] INFO  server.RaftServer (RaftServerProxy.java:addNew(98)) - 4dfacd3a-85e6-4f60-aa9f-15a17a1c954a: addNew group-95B153CB0731:[b431013d-a75d-44b2-a41a-a2e98e506a92|rpc:10.1.0.70:15068|admin:10.1.0.70:15067|client:10.1.0.70:15066|dataStream:10.1.0.70:15069|priority:0|startupRole:FOLLOWER, 9fc007ee-6328-4e66-a7f4-dfd370a25fec|rpc:10.1.0.70:15077|admin:10.1.0.70:15076|client:10.1.0.70:15075|dataStream:10.1.0.70:15078|priority:1|startupRole:FOLLOWER, 4dfacd3a-85e6-4f60-aa9f-15a17a1c954a|rpc:10.1.0.70:15086|admin:10.1.0.70:15085|client:10.1.0.70:15084|dataStream:10.1.0.70:15087|priority:0|startupRole:FOLLOWER] returns group-95B153CB0731:java.util.concurrent.CompletableFuture@231e1555[Not completed]
2023-09-29 12:51:24,005 [4dfacd3a-85e6-4f60-aa9f-15a17a1c954a-groupManagement] INFO  server.RaftServer$Division (RaftServerImpl.java:<init>(198)) - 4dfacd3a-85e6-4f60-aa9f-15a17a1c954a: new RaftServerImpl for group-95B153CB0731:[b431013d-a75d-44b2-a41a-a2e98e506a92|rpc:10.1.0.70:15068|admin:10.1.0.70:15067|client:10.1.0.70:15066|dataStream:10.1.0.70:15069|priority:0|startupRole:FOLLOWER, 9fc007ee-6328-4e66-a7f4-dfd370a25fec|rpc:10.1.0.70:15077|admin:10.1.0.70:15076|client:10.1.0.70:15075|dataStream:10.1.0.70:15078|priority:1|startupRole:FOLLOWER, 4dfacd3a-85e6-4f60-aa9f-15a17a1c954a|rpc:10.1.0.70:15086|admin:10.1.0.70:15085|client:10.1.0.70:15084|dataStream:10.1.0.70:15087|priority:0|startupRole:FOLLOWER] with ContainerStateMachine:uninitialized
2023-09-29 12:51:24,005 [4dfacd3a-85e6-4f60-aa9f-15a17a1c954a-groupManagement] INFO  server.RaftServerConfigKeys (ConfUtils.java:logGet(46)) - raft.server.rpc.timeout.min = 5s (custom)
2023-09-29 12:51:24,005 [4dfacd3a-85e6-4f60-aa9f-15a17a1c954a-groupManagement] INFO  server.RaftServerConfigKeys (ConfUtils.java:logGet(46)) - raft.server.rpc.timeout.max = 5200ms (custom)
2023-09-29 12:51:24,005 [4dfacd3a-85e6-4f60-aa9f-15a17a1c954a-groupManagement] INFO  server.RaftServerConfigKeys (ConfUtils.java:logGet(46)) - raft.server.rpc.sleep.time = 25ms (default)
2023-09-29 12:51:24,005 [4dfacd3a-85e6-4f60-aa9f-15a17a1c954a-groupManagement] INFO  server.RaftServerConfigKeys (ConfUtils.java:logGet(46)) - raft.server.rpc.slowness.timeout = 300s (custom)
2023-09-29 12:51:24,005 [4dfacd3a-85e6-4f60-aa9f-15a17a1c954a-groupManagement] INFO  server.RaftServerConfigKeys (ConfUtils.java:logGet(46)) - raft.server.leaderelection.leader.step-down.wait-time = 10s (default)
2023-09-29 12:51:24,005 [4dfacd3a-85e6-4f60-aa9f-15a17a1c954a-groupManagement] INFO  server.RaftServerConfigKeys (ConfUtils.java:logGet(46)) - raft.server.sleep.deviation.threshold = 300ms (default)
2023-09-29 12:51:24,006 [4dfacd3a-85e6-4f60-aa9f-15a17a1c954a-groupManagement] INFO  server.RaftServer$Division (ServerState.java:<init>(120)) - 4dfacd3a-85e6-4f60-aa9f-15a17a1c954a@group-95B153CB0731: ConfigurationManager, init=-1: peers:[b431013d-a75d-44b2-a41a-a2e98e506a92|rpc:10.1.0.70:15068|admin:10.1.0.70:15067|client:10.1.0.70:15066|dataStream:10.1.0.70:15069|priority:0|startupRole:FOLLOWER, 9fc007ee-6328-4e66-a7f4-dfd370a25fec|rpc:10.1.0.70:15077|admin:10.1.0.70:15076|client:10.1.0.70:15075|dataStream:10.1.0.70:15078|priority:1|startupRole:FOLLOWER, 4dfacd3a-85e6-4f60-aa9f-15a17a1c954a|rpc:10.1.0.70:15086|admin:10.1.0.70:15085|client:10.1.0.70:15084|dataStream:10.1.0.70:15087|priority:0|startupRole:FOLLOWER]|listeners:[], old=null, confs=<EMPTY_MAP>
2023-09-29 12:51:24,006 [4dfacd3a-85e6-4f60-aa9f-15a17a1c954a-groupManagement] INFO  server.RaftServerConfigKeys (ConfUtils.java:logGet(46)) - raft.server.storage.dir = [/home/runner/work/ozone/ozone/hadoop-ozone/integration-test/target/test-dir/MiniOzoneClusterImpl-811b16cb-c214-4c75-bdb2-1b437bba6cdf/datanode-8/data/ratis] (custom)
2023-09-29 12:51:24,006 [4dfacd3a-85e6-4f60-aa9f-15a17a1c954a-groupManagement] INFO  server.RaftServerConfigKeys (ConfUtils.java:logGet(46)) - raft.server.log.corruption.policy = EXCEPTION (default)
2023-09-29 12:51:24,006 [4dfacd3a-85e6-4f60-aa9f-15a17a1c954a-groupManagement] INFO  server.RaftServerConfigKeys (ConfUtils.java:logGet(46)) - raft.server.storage.free-space.min = 0MB (=0) (default)
2023-09-29 12:51:24,006 [4dfacd3a-85e6-4f60-aa9f-15a17a1c954a-groupManagement] INFO  server.RaftServerConfigKeys (ConfUtils.java:logGet(46)) - raft.server.notification.no-leader.timeout = 300s (custom)
2023-09-29 12:51:24,006 [4dfacd3a-85e6-4f60-aa9f-15a17a1c954a-groupManagement] INFO  server.RaftServerConfigKeys (ConfUtils.java:logGet(46)) - raft.server.read.timeout = 10s (default)
2023-09-29 12:51:24,006 [4dfacd3a-85e6-4f60-aa9f-15a17a1c954a-groupManagement] INFO  server.RaftServerConfigKeys (ConfUtils.java:logGet(46)) - raft.server.retrycache.expirytime = 600000ms (custom)
2023-09-29 12:51:24,006 [4dfacd3a-85e6-4f60-aa9f-15a17a1c954a-groupManagement] INFO  server.RaftServerConfigKeys (ConfUtils.java:logGet(46)) - raft.server.retrycache.statistics.expirytime = 100μs (default)
2023-09-29 12:51:24,006 [4dfacd3a-85e6-4f60-aa9f-15a17a1c954a-groupManagement] INFO  server.RaftServerConfigKeys (ConfUtils.java:logGet(46)) - raft.server.read.option = DEFAULT (default)
2023-09-29 12:51:24,007 [9fc007ee-6328-4e66-a7f4-dfd370a25fec-groupManagement] INFO  server.RaftServer$Division (RaftServerImpl.java:start(342)) - 9fc007ee-6328-4e66-a7f4-dfd370a25fec@group-95B153CB0731: start as a follower, conf=-1: peers:[b431013d-a75d-44b2-a41a-a2e98e506a92|rpc:10.1.0.70:15068|admin:10.1.0.70:15067|client:10.1.0.70:15066|dataStream:10.1.0.70:15069|priority:0|startupRole:FOLLOWER, 9fc007ee-6328-4e66-a7f4-dfd370a25fec|rpc:10.1.0.70:15077|admin:10.1.0.70:15076|client:10.1.0.70:15075|dataStream:10.1.0.70:15078|priority:1|startupRole:FOLLOWER, 4dfacd3a-85e6-4f60-aa9f-15a17a1c954a|rpc:10.1.0.70:15086|admin:10.1.0.70:15085|client:10.1.0.70:15084|dataStream:10.1.0.70:15087|priority:0|startupRole:FOLLOWER]|listeners:[], old=null
2023-09-29 12:51:24,007 [9fc007ee-6328-4e66-a7f4-dfd370a25fec-groupManagement] INFO  server.RaftServer$Division (RaftServerImpl.java:setRole(329)) - 9fc007ee-6328-4e66-a7f4-dfd370a25fec@group-95B153CB0731: changes role from      null to FOLLOWER at term 0 for startAsFollower
2023-09-29 12:51:24,007 [9fc007ee-6328-4e66-a7f4-dfd370a25fec-groupManagement] INFO  impl.RoleInfo (RoleInfo.java:updateAndGet(139)) - 9fc007ee-6328-4e66-a7f4-dfd370a25fec: start 9fc007ee-6328-4e66-a7f4-dfd370a25fec@group-95B153CB0731-FollowerState
2023-09-29 12:51:24,008 [4dfacd3a-85e6-4f60-aa9f-15a17a1c954a-groupManagement] INFO  server.RaftServerConfigKeys (ConfUtils.java:logGet(46)) - raft.server.rpc.request.timeout = 60s (custom)
2023-09-29 12:51:24,008 [4dfacd3a-85e6-4f60-aa9f-15a17a1c954a-groupManagement] INFO  server.RaftServerConfigKeys (ConfUtils.java:logGet(46)) - raft.server.log.appender.install.snapshot.enabled = false (custom)
2023-09-29 12:51:24,008 [4dfacd3a-85e6-4f60-aa9f-15a17a1c954a-groupManagement] INFO  server.RaftServerConfigKeys (ConfUtils.java:logGet(46)) - raft.server.threadpool.server.cached = true (default)
2023-09-29 12:51:24,008 [4dfacd3a-85e6-4f60-aa9f-15a17a1c954a-groupManagement] INFO  server.RaftServerConfigKeys (ConfUtils.java:logGet(46)) - raft.server.threadpool.server.size = 0 (default)
2023-09-29 12:51:24,008 [4dfacd3a-85e6-4f60-aa9f-15a17a1c954a-groupManagement] INFO  server.RaftServerConfigKeys (ConfUtils.java:logGet(46)) - raft.server.threadpool.client.cached = true (default)
2023-09-29 12:51:24,008 [4dfacd3a-85e6-4f60-aa9f-15a17a1c954a-groupManagement] INFO  server.RaftServerConfigKeys (ConfUtils.java:logGet(46)) - raft.server.threadpool.client.size = 0 (default)
2023-09-29 12:51:24,008 [4dfacd3a-85e6-4f60-aa9f-15a17a1c954a-groupManagement] INFO  storage.RaftStorageDirectory (RaftStorageDirectoryImpl.java:analyzeStorage(137)) - The storage directory /home/runner/work/ozone/ozone/hadoop-ozone/integration-test/target/test-dir/MiniOzoneClusterImpl-811b16cb-c214-4c75-bdb2-1b437bba6cdf/datanode-8/data/ratis/7d0c1310-c4a7-4065-8b62-95b153cb0731 does not exist. Creating ...
2023-09-29 12:51:24,009 [9fc007ee-6328-4e66-a7f4-dfd370a25fec-groupManagement] INFO  util.JmxRegister (JmxRegister.java:tryRegister(44)) - Successfully registered JMX Bean with object name Ratis:service=RaftServer,group=group-95B153CB0731,id=9fc007ee-6328-4e66-a7f4-dfd370a25fec
2023-09-29 12:51:24,009 [9fc007ee-6328-4e66-a7f4-dfd370a25fec-groupManagement] INFO  server.RaftServerConfigKeys (ConfUtils.java:logGet(46)) - raft.server.snapshot.auto.trigger.enabled = true (custom)
2023-09-29 12:51:24,009 [9fc007ee-6328-4e66-a7f4-dfd370a25fec-groupManagement] INFO  server.RaftServerConfigKeys (ConfUtils.java:logGet(46)) - raft.server.snapshot.auto.trigger.threshold = 10000 (custom)
2023-09-29 12:51:24,009 [9fc007ee-6328-4e66-a7f4-dfd370a25fec-groupManagement] INFO  server.RaftServerConfigKeys (ConfUtils.java:logGet(46)) - raft.server.snapshot.retention.file.num = 5 (custom)
2023-09-29 12:51:24,009 [9fc007ee-6328-4e66-a7f4-dfd370a25fec-groupManagement] INFO  server.RaftServerConfigKeys (ConfUtils.java:logGet(46)) - raft.server.log.purge.upto.snapshot.index = false (default)
2023-09-29 12:51:24,010 [4dfacd3a-85e6-4f60-aa9f-15a17a1c954a-groupManagement] INFO  storage.RaftStorageDirectory (RaftStorageDirectoryImpl.java:tryLock(231)) - Lock on /home/runner/work/ozone/ozone/hadoop-ozone/integration-test/target/test-dir/MiniOzoneClusterImpl-811b16cb-c214-4c75-bdb2-1b437bba6cdf/datanode-8/data/ratis/7d0c1310-c4a7-4065-8b62-95b153cb0731/in_use.lock acquired by nodename 70928@fv-az238-384
2023-09-29 12:51:24,011 [9fc007ee-6328-4e66-a7f4-dfd370a25fec@group-95B153CB0731-FollowerState] INFO  server.RaftServerConfigKeys (ConfUtils.java:logFallback(53)) - raft.server.rpc.first-election.timeout.min = 5s (fallback to raft.server.rpc.timeout.min)
2023-09-29 12:51:24,011 [9fc007ee-6328-4e66-a7f4-dfd370a25fec@group-95B153CB0731-FollowerState] INFO  server.RaftServerConfigKeys (ConfUtils.java:logFallback(53)) - raft.server.rpc.first-election.timeout.max = 5200ms (fallback to raft.server.rpc.timeout.max)
2023-09-29 12:51:24,011 [PipelineCommandHandlerThread-0] INFO  ratis.XceiverServerRatis (XceiverServerRatis.java:addGroup(804)) - Created group PipelineID=7d0c1310-c4a7-4065-8b62-95b153cb0731
2023-09-29 12:51:24,012 [4dfacd3a-85e6-4f60-aa9f-15a17a1c954a-groupManagement] INFO  storage.RaftStorage (RaftStorageImpl.java:format(96)) - Storage directory /home/runner/work/ozone/ozone/hadoop-ozone/integration-test/target/test-dir/MiniOzoneClusterImpl-811b16cb-c214-4c75-bdb2-1b437bba6cdf/datanode-8/data/ratis/7d0c1310-c4a7-4065-8b62-95b153cb0731 has been successfully formatted.
2023-09-29 12:51:24,013 [4dfacd3a-85e6-4f60-aa9f-15a17a1c954a-groupManagement] INFO  ratis.ContainerStateMachine (ContainerStateMachine.java:loadSnapshot(262)) - group-95B153CB0731: The snapshot info is null. Setting the last applied indexto:(t:0, i:~)
2023-09-29 12:51:24,013 [4dfacd3a-85e6-4f60-aa9f-15a17a1c954a-groupManagement] INFO  server.RaftServerConfigKeys (ConfUtils.java:logGet(46)) - raft.server.log.use.memory = false (default)
2023-09-29 12:51:24,013 [4dfacd3a-85e6-4f60-aa9f-15a17a1c954a-groupManagement] INFO  server.RaftServerConfigKeys (ConfUtils.java:logGet(46)) - raft.server.log.purge.gap = 1000000 (custom)
2023-09-29 12:51:24,013 [4dfacd3a-85e6-4f60-aa9f-15a17a1c954a-groupManagement] INFO  server.RaftServerConfigKeys (ConfUtils.java:logGet(46)) - raft.server.log.appender.buffer.byte-limit = 33554432 (custom)
2023-09-29 12:51:24,013 [4dfacd3a-85e6-4f60-aa9f-15a17a1c954a-groupManagement] INFO  server.RaftServerConfigKeys (ConfUtils.java:logGet(46)) - raft.server.log.statemachine.data.read.timeout = 1000ms (default)
2023-09-29 12:51:24,013 [4dfacd3a-85e6-4f60-aa9f-15a17a1c954a-groupManagement] INFO  server.RaftServerConfigKeys (ConfUtils.java:logGet(46)) - raft.server.log.purge.preservation.log.num = 0 (default)
2023-09-29 12:51:24,013 [4dfacd3a-85e6-4f60-aa9f-15a17a1c954a-groupManagement] INFO  server.RaftServerConfigKeys (ConfUtils.java:logGet(46)) - raft.server.log.segment.size.max = 1048576 (custom)
2023-09-29 12:51:24,014 [4dfacd3a-85e6-4f60-aa9f-15a17a1c954a-groupManagement] INFO  server.RaftServerConfigKeys (ConfUtils.java:logGet(46)) - raft.server.log.segment.cache.num.max = 2 (custom)
2023-09-29 12:51:24,014 [4dfacd3a-85e6-4f60-aa9f-15a17a1c954a-groupManagement] INFO  server.RaftServerConfigKeys (ConfUtils.java:logGet(46)) - raft.server.log.segment.cache.size.max = 200MB (=209715200) (default)
2023-09-29 12:51:24,014 [4dfacd3a-85e6-4f60-aa9f-15a17a1c954a-groupManagement] INFO  server.RaftServerConfigKeys (ConfUtils.java:logGet(46)) - raft.server.log.appender.buffer.byte-limit = 33554432 (custom)
2023-09-29 12:51:24,014 [4dfacd3a-85e6-4f60-aa9f-15a17a1c954a-groupManagement] INFO  segmented.SegmentedRaftLogWorker (SegmentedRaftLogWorker.java:<init>(188)) - new 4dfacd3a-85e6-4f60-aa9f-15a17a1c954a@group-95B153CB0731-SegmentedRaftLogWorker for RaftStorageImpl:Storage Directory /home/runner/work/ozone/ozone/hadoop-ozone/integration-test/target/test-dir/MiniOzoneClusterImpl-811b16cb-c214-4c75-bdb2-1b437bba6cdf/datanode-8/data/ratis/7d0c1310-c4a7-4065-8b62-95b153cb0731
2023-09-29 12:51:24,014 [4dfacd3a-85e6-4f60-aa9f-15a17a1c954a-groupManagement] INFO  server.RaftServerConfigKeys (ConfUtils.java:logGet(46)) - raft.server.log.queue.byte-limit = 4294967296 (custom)
2023-09-29 12:51:24,014 [4dfacd3a-85e6-4f60-aa9f-15a17a1c954a-groupManagement] INFO  server.RaftServerConfigKeys (ConfUtils.java:logGet(46)) - raft.server.log.queue.element-limit = 1024 (custom)
2023-09-29 12:51:24,014 [4dfacd3a-85e6-4f60-aa9f-15a17a1c954a-groupManagement] INFO  server.RaftServerConfigKeys (ConfUtils.java:logGet(46)) - raft.server.log.segment.size.max = 1048576 (custom)
2023-09-29 12:51:24,014 [4dfacd3a-85e6-4f60-aa9f-15a17a1c954a-groupManagement] INFO  server.RaftServerConfigKeys (ConfUtils.java:logGet(46)) - raft.server.log.preallocated.size = 16384 (custom)
2023-09-29 12:51:24,014 [4dfacd3a-85e6-4f60-aa9f-15a17a1c954a-groupManagement] INFO  server.RaftServerConfigKeys (ConfUtils.java:logGet(46)) - raft.server.log.force.sync.num = 128 (default)
2023-09-29 12:51:24,014 [4dfacd3a-85e6-4f60-aa9f-15a17a1c954a-groupManagement] INFO  server.RaftServerConfigKeys (ConfUtils.java:logGet(46)) - raft.server.log.statemachine.data.sync = true (default)
2023-09-29 12:51:24,025 [4dfacd3a-85e6-4f60-aa9f-15a17a1c954a-groupManagement] INFO  server.RaftServerConfigKeys (ConfUtils.java:logGet(46)) - raft.server.log.statemachine.data.sync.timeout = 10s (default)
2023-09-29 12:51:24,025 [4dfacd3a-85e6-4f60-aa9f-15a17a1c954a-groupManagement] INFO  server.RaftServerConfigKeys (ConfUtils.java:logGet(46)) - raft.server.log.statemachine.data.sync.timeout.retry = -1 (default)
2023-09-29 12:51:24,026 [4dfacd3a-85e6-4f60-aa9f-15a17a1c954a-groupManagement] INFO  server.RaftServerConfigKeys (ConfUtils.java:logGet(46)) - raft.server.log.write.buffer.size = 1048576 (custom)
2023-09-29 12:51:24,027 [4dfacd3a-85e6-4f60-aa9f-15a17a1c954a-groupManagement] INFO  server.RaftServerConfigKeys (ConfUtils.java:logGet(46)) - raft.server.log.appender.buffer.byte-limit = 33554432 (custom)
2023-09-29 12:51:24,033 [4dfacd3a-85e6-4f60-aa9f-15a17a1c954a-groupManagement] INFO  server.RaftServerConfigKeys (ConfUtils.java:logGet(46)) - raft.server.log.unsafe-flush.enabled = false (default)
2023-09-29 12:51:24,033 [4dfacd3a-85e6-4f60-aa9f-15a17a1c954a-groupManagement] INFO  server.RaftServerConfigKeys (ConfUtils.java:logGet(46)) - raft.server.log.async-flush.enabled = false (default)
2023-09-29 12:51:24,033 [4dfacd3a-85e6-4f60-aa9f-15a17a1c954a-groupManagement] INFO  server.RaftServerConfigKeys (ConfUtils.java:logGet(46)) - raft.server.log.statemachine.data.caching.enabled = true (custom)
2023-09-29 12:51:24,051 [4dfacd3a-85e6-4f60-aa9f-15a17a1c954a-groupManagement] INFO  segmented.SegmentedRaftLogWorker (SegmentedRaftLogWorker.java:lambda$new$0(135)) - 4dfacd3a-85e6-4f60-aa9f-15a17a1c954a@group-95B153CB0731-SegmentedRaftLogWorker: flushIndex: setUnconditionally 0 -> -1
2023-09-29 12:51:24,051 [4dfacd3a-85e6-4f60-aa9f-15a17a1c954a-groupManagement] INFO  segmented.SegmentedRaftLogWorker (SegmentedRaftLogWorker.java:lambda$new$0(135)) - 4dfacd3a-85e6-4f60-aa9f-15a17a1c954a@group-95B153CB0731-SegmentedRaftLogWorker: safeCacheEvictIndex: setUnconditionally 0 -> -1
2023-09-29 12:51:24,055 [4dfacd3a-85e6-4f60-aa9f-15a17a1c954a-groupManagement] INFO  server.RaftServer$Division (RaftServerImpl.java:start(342)) - 4dfacd3a-85e6-4f60-aa9f-15a17a1c954a@group-95B153CB0731: start as a follower, conf=-1: peers:[b431013d-a75d-44b2-a41a-a2e98e506a92|rpc:10.1.0.70:15068|admin:10.1.0.70:15067|client:10.1.0.70:15066|dataStream:10.1.0.70:15069|priority:0|startupRole:FOLLOWER, 9fc007ee-6328-4e66-a7f4-dfd370a25fec|rpc:10.1.0.70:15077|admin:10.1.0.70:15076|client:10.1.0.70:15075|dataStream:10.1.0.70:15078|priority:1|startupRole:FOLLOWER, 4dfacd3a-85e6-4f60-aa9f-15a17a1c954a|rpc:10.1.0.70:15086|admin:10.1.0.70:15085|client:10.1.0.70:15084|dataStream:10.1.0.70:15087|priority:0|startupRole:FOLLOWER]|listeners:[], old=null
2023-09-29 12:51:24,055 [4dfacd3a-85e6-4f60-aa9f-15a17a1c954a-groupManagement] INFO  server.RaftServer$Division (RaftServerImpl.java:setRole(329)) - 4dfacd3a-85e6-4f60-aa9f-15a17a1c954a@group-95B153CB0731: changes role from      null to FOLLOWER at term 0 for startAsFollower
2023-09-29 12:51:24,055 [4dfacd3a-85e6-4f60-aa9f-15a17a1c954a-groupManagement] INFO  impl.RoleInfo (RoleInfo.java:updateAndGet(139)) - 4dfacd3a-85e6-4f60-aa9f-15a17a1c954a: start 4dfacd3a-85e6-4f60-aa9f-15a17a1c954a@group-95B153CB0731-FollowerState
2023-09-29 12:51:24,056 [4dfacd3a-85e6-4f60-aa9f-15a17a1c954a-groupManagement] INFO  util.JmxRegister (JmxRegister.java:tryRegister(44)) - Successfully registered JMX Bean with object name Ratis:service=RaftServer,group=group-95B153CB0731,id=4dfacd3a-85e6-4f60-aa9f-15a17a1c954a
2023-09-29 12:51:24,056 [4dfacd3a-85e6-4f60-aa9f-15a17a1c954a-groupManagement] INFO  server.RaftServerConfigKeys (ConfUtils.java:logGet(46)) - raft.server.snapshot.auto.trigger.enabled = true (custom)
2023-09-29 12:51:24,056 [4dfacd3a-85e6-4f60-aa9f-15a17a1c954a-groupManagement] INFO  server.RaftServerConfigKeys (ConfUtils.java:logGet(46)) - raft.server.snapshot.auto.trigger.threshold = 10000 (custom)
2023-09-29 12:51:24,057 [4dfacd3a-85e6-4f60-aa9f-15a17a1c954a-groupManagement] INFO  server.RaftServerConfigKeys (ConfUtils.java:logGet(46)) - raft.server.snapshot.retention.file.num = 5 (custom)
2023-09-29 12:51:24,057 [4dfacd3a-85e6-4f60-aa9f-15a17a1c954a-groupManagement] INFO  server.RaftServerConfigKeys (ConfUtils.java:logGet(46)) - raft.server.log.purge.upto.snapshot.index = false (default)
2023-09-29 12:51:24,057 [4dfacd3a-85e6-4f60-aa9f-15a17a1c954a@group-95B153CB0731-FollowerState] INFO  server.RaftServerConfigKeys (ConfUtils.java:logFallback(53)) - raft.server.rpc.first-election.timeout.min = 5s (fallback to raft.server.rpc.timeout.min)
2023-09-29 12:51:24,057 [4dfacd3a-85e6-4f60-aa9f-15a17a1c954a@group-95B153CB0731-FollowerState] INFO  server.RaftServerConfigKeys (ConfUtils.java:logFallback(53)) - raft.server.rpc.first-election.timeout.max = 5200ms (fallback to raft.server.rpc.timeout.max)
2023-09-29 12:51:24,119 [PipelineCommandHandlerThread-0] INFO  server.RaftServer (RaftServerProxy.java:addNew(98)) - 4dfacd3a-85e6-4f60-aa9f-15a17a1c954a: addNew group-FCF027D0E9D3:[4dfacd3a-85e6-4f60-aa9f-15a17a1c954a|rpc:10.1.0.70:15086|admin:10.1.0.70:15085|client:10.1.0.70:15084|dataStream:10.1.0.70:15087|priority:1|startupRole:FOLLOWER] returns group-FCF027D0E9D3:java.util.concurrent.CompletableFuture@71204201[Not completed]
2023-09-29 12:51:24,175 [PipelineCommandHandlerThread-0] INFO  commandhandler.CreatePipelineCommandHandler (CreatePipelineCommandHandler.java:lambda$handle$2(124)) - Created Pipeline RATIS THREE PipelineID=7d0c1310-c4a7-4065-8b62-95b153cb0731.
2023-09-29 12:51:24,204 [PipelineCommandHandlerThread-0] INFO  commandhandler.CreatePipelineCommandHandler (CreatePipelineCommandHandler.java:lambda$handle$2(124)) - Created Pipeline RATIS THREE PipelineID=7d0c1310-c4a7-4065-8b62-95b153cb0731.
2023-09-29 12:51:24,247 [4dfacd3a-85e6-4f60-aa9f-15a17a1c954a-groupManagement] INFO  server.RaftServer$Division (RaftServerImpl.java:<init>(198)) - 4dfacd3a-85e6-4f60-aa9f-15a17a1c954a: new RaftServerImpl for group-FCF027D0E9D3:[4dfacd3a-85e6-4f60-aa9f-15a17a1c954a|rpc:10.1.0.70:15086|admin:10.1.0.70:15085|client:10.1.0.70:15084|dataStream:10.1.0.70:15087|priority:1|startupRole:FOLLOWER] with ContainerStateMachine:uninitialized
2023-09-29 12:51:24,247 [4dfacd3a-85e6-4f60-aa9f-15a17a1c954a-groupManagement] INFO  server.RaftServerConfigKeys (ConfUtils.java:logGet(46)) - raft.server.rpc.timeout.min = 5s (custom)
2023-09-29 12:51:24,247 [4dfacd3a-85e6-4f60-aa9f-15a17a1c954a-groupManagement] INFO  server.RaftServerConfigKeys (ConfUtils.java:logGet(46)) - raft.server.rpc.timeout.max = 5200ms (custom)
2023-09-29 12:51:24,247 [4dfacd3a-85e6-4f60-aa9f-15a17a1c954a-groupManagement] INFO  server.RaftServerConfigKeys (ConfUtils.java:logGet(46)) - raft.server.rpc.sleep.time = 25ms (default)
2023-09-29 12:51:24,248 [4dfacd3a-85e6-4f60-aa9f-15a17a1c954a-groupManagement] INFO  server.RaftServerConfigKeys (ConfUtils.java:logGet(46)) - raft.server.rpc.slowness.timeout = 300s (custom)
2023-09-29 12:51:24,248 [4dfacd3a-85e6-4f60-aa9f-15a17a1c954a-groupManagement] INFO  server.RaftServerConfigKeys (ConfUtils.java:logGet(46)) - raft.server.leaderelection.leader.step-down.wait-time = 10s (default)
2023-09-29 12:51:24,248 [4dfacd3a-85e6-4f60-aa9f-15a17a1c954a-groupManagement] INFO  server.RaftServerConfigKeys (ConfUtils.java:logGet(46)) - raft.server.sleep.deviation.threshold = 300ms (default)
2023-09-29 12:51:24,248 [4dfacd3a-85e6-4f60-aa9f-15a17a1c954a-groupManagement] INFO  server.RaftServer$Division (ServerState.java:<init>(120)) - 4dfacd3a-85e6-4f60-aa9f-15a17a1c954a@group-FCF027D0E9D3: ConfigurationManager, init=-1: peers:[4dfacd3a-85e6-4f60-aa9f-15a17a1c954a|rpc:10.1.0.70:15086|admin:10.1.0.70:15085|client:10.1.0.70:15084|dataStream:10.1.0.70:15087|priority:1|startupRole:FOLLOWER]|listeners:[], old=null, confs=<EMPTY_MAP>
2023-09-29 12:51:24,248 [4dfacd3a-85e6-4f60-aa9f-15a17a1c954a-groupManagement] INFO  server.RaftServerConfigKeys (ConfUtils.java:logGet(46)) - raft.server.storage.dir = [/home/runner/work/ozone/ozone/hadoop-ozone/integration-test/target/test-dir/MiniOzoneClusterImpl-811b16cb-c214-4c75-bdb2-1b437bba6cdf/datanode-8/data/ratis] (custom)
2023-09-29 12:51:24,248 [4dfacd3a-85e6-4f60-aa9f-15a17a1c954a-groupManagement] INFO  server.RaftServerConfigKeys (ConfUtils.java:logGet(46)) - raft.server.log.corruption.policy = EXCEPTION (default)
2023-09-29 12:51:24,248 [4dfacd3a-85e6-4f60-aa9f-15a17a1c954a-groupManagement] INFO  server.RaftServerConfigKeys (ConfUtils.java:logGet(46)) - raft.server.storage.free-space.min = 0MB (=0) (default)
2023-09-29 12:51:24,248 [4dfacd3a-85e6-4f60-aa9f-15a17a1c954a-groupManagement] INFO  server.RaftServerConfigKeys (ConfUtils.java:logGet(46)) - raft.server.notification.no-leader.timeout = 300s (custom)
2023-09-29 12:51:24,248 [4dfacd3a-85e6-4f60-aa9f-15a17a1c954a-groupManagement] INFO  server.RaftServerConfigKeys (ConfUtils.java:logGet(46)) - raft.server.read.timeout = 10s (default)
2023-09-29 12:51:24,249 [4dfacd3a-85e6-4f60-aa9f-15a17a1c954a-groupManagement] INFO  server.RaftServerConfigKeys (ConfUtils.java:logGet(46)) - raft.server.retrycache.expirytime = 600000ms (custom)
2023-09-29 12:51:24,249 [4dfacd3a-85e6-4f60-aa9f-15a17a1c954a-groupManagement] INFO  server.RaftServerConfigKeys (ConfUtils.java:logGet(46)) - raft.server.retrycache.statistics.expirytime = 100μs (default)
2023-09-29 12:51:24,249 [4dfacd3a-85e6-4f60-aa9f-15a17a1c954a-groupManagement] INFO  server.RaftServerConfigKeys (ConfUtils.java:logGet(46)) - raft.server.read.option = DEFAULT (default)
2023-09-29 12:51:24,256 [4dfacd3a-85e6-4f60-aa9f-15a17a1c954a-groupManagement] INFO  server.RaftServerConfigKeys (ConfUtils.java:logGet(46)) - raft.server.rpc.request.timeout = 60s (custom)
2023-09-29 12:51:24,256 [4dfacd3a-85e6-4f60-aa9f-15a17a1c954a-groupManagement] INFO  server.RaftServerConfigKeys (ConfUtils.java:logGet(46)) - raft.server.log.appender.install.snapshot.enabled = false (custom)
2023-09-29 12:51:24,256 [4dfacd3a-85e6-4f60-aa9f-15a17a1c954a-groupManagement] INFO  server.RaftServerConfigKeys (ConfUtils.java:logGet(46)) - raft.server.threadpool.server.cached = true (default)
2023-09-29 12:51:24,261 [4dfacd3a-85e6-4f60-aa9f-15a17a1c954a-groupManagement] INFO  server.RaftServerConfigKeys (ConfUtils.java:logGet(46)) - raft.server.threadpool.server.size = 0 (default)
2023-09-29 12:51:24,262 [4dfacd3a-85e6-4f60-aa9f-15a17a1c954a-groupManagement] INFO  server.RaftServerConfigKeys (ConfUtils.java:logGet(46)) - raft.server.threadpool.client.cached = true (default)
2023-09-29 12:51:24,262 [4dfacd3a-85e6-4f60-aa9f-15a17a1c954a-groupManagement] INFO  server.RaftServerConfigKeys (ConfUtils.java:logGet(46)) - raft.server.threadpool.client.size = 0 (default)
2023-09-29 12:51:24,262 [4dfacd3a-85e6-4f60-aa9f-15a17a1c954a-groupManagement] INFO  storage.RaftStorageDirectory (RaftStorageDirectoryImpl.java:analyzeStorage(137)) - The storage directory /home/runner/work/ozone/ozone/hadoop-ozone/integration-test/target/test-dir/MiniOzoneClusterImpl-811b16cb-c214-4c75-bdb2-1b437bba6cdf/datanode-8/data/ratis/13838721-bcae-49cb-b2fe-fcf027d0e9d3 does not exist. Creating ...
2023-09-29 12:51:24,266 [4dfacd3a-85e6-4f60-aa9f-15a17a1c954a-groupManagement] INFO  storage.RaftStorageDirectory (RaftStorageDirectoryImpl.java:tryLock(231)) - Lock on /home/runner/work/ozone/ozone/hadoop-ozone/integration-test/target/test-dir/MiniOzoneClusterImpl-811b16cb-c214-4c75-bdb2-1b437bba6cdf/datanode-8/data/ratis/13838721-bcae-49cb-b2fe-fcf027d0e9d3/in_use.lock acquired by nodename 70928@fv-az238-384
2023-09-29 12:51:24,268 [4dfacd3a-85e6-4f60-aa9f-15a17a1c954a-groupManagement] INFO  storage.RaftStorage (RaftStorageImpl.java:format(96)) - Storage directory /home/runner/work/ozone/ozone/hadoop-ozone/integration-test/target/test-dir/MiniOzoneClusterImpl-811b16cb-c214-4c75-bdb2-1b437bba6cdf/datanode-8/data/ratis/13838721-bcae-49cb-b2fe-fcf027d0e9d3 has been successfully formatted.
2023-09-29 12:51:24,271 [EventQueue-PipelineReportForPipelineReportHandler] INFO  pipeline.PipelineReportHandler (PipelineReportHandler.java:processPipelineReport(136)) - Opened pipeline PipelineID=13838721-bcae-49cb-b2fe-fcf027d0e9d3
2023-09-29 12:51:24,271 [EventQueue-OpenPipelineForHealthyPipelineSafeModeRule] INFO  safemode.SCMSafeModeManager (HealthyPipelineSafeModeRule.java:process(137)) - SCM in safe mode. Healthy pipelines reported count is 0, required healthy pipeline reported count is 1
2023-09-29 12:51:24,272 [4dfacd3a-85e6-4f60-aa9f-15a17a1c954a-groupManagement] INFO  ratis.ContainerStateMachine (ContainerStateMachine.java:loadSnapshot(262)) - group-FCF027D0E9D3: The snapshot info is null. Setting the last applied indexto:(t:0, i:~)
2023-09-29 12:51:24,272 [4dfacd3a-85e6-4f60-aa9f-15a17a1c954a-groupManagement] INFO  server.RaftServerConfigKeys (ConfUtils.java:logGet(46)) - raft.server.log.use.memory = false (default)
2023-09-29 12:51:24,272 [4dfacd3a-85e6-4f60-aa9f-15a17a1c954a-groupManagement] INFO  server.RaftServerConfigKeys (ConfUtils.java:logGet(46)) - raft.server.log.purge.gap = 1000000 (custom)
2023-09-29 12:51:24,272 [4dfacd3a-85e6-4f60-aa9f-15a17a1c954a-groupManagement] INFO  server.RaftServerConfigKeys (ConfUtils.java:logGet(46)) - raft.server.log.appender.buffer.byte-limit = 33554432 (custom)
2023-09-29 12:51:24,273 [4dfacd3a-85e6-4f60-aa9f-15a17a1c954a-groupManagement] INFO  server.RaftServerConfigKeys (ConfUtils.java:logGet(46)) - raft.server.log.statemachine.data.read.timeout = 1000ms (default)
2023-09-29 12:51:24,273 [4dfacd3a-85e6-4f60-aa9f-15a17a1c954a-groupManagement] INFO  server.RaftServerConfigKeys (ConfUtils.java:logGet(46)) - raft.server.log.purge.preservation.log.num = 0 (default)
2023-09-29 12:51:24,273 [4dfacd3a-85e6-4f60-aa9f-15a17a1c954a-groupManagement] INFO  server.RaftServerConfigKeys (ConfUtils.java:logGet(46)) - raft.server.log.segment.size.max = 1048576 (custom)
2023-09-29 12:51:24,273 [4dfacd3a-85e6-4f60-aa9f-15a17a1c954a-groupManagement] INFO  server.RaftServerConfigKeys (ConfUtils.java:logGet(46)) - raft.server.log.segment.cache.num.max = 2 (custom)
2023-09-29 12:51:24,273 [4dfacd3a-85e6-4f60-aa9f-15a17a1c954a-groupManagement] INFO  server.RaftServerConfigKeys (ConfUtils.java:logGet(46)) - raft.server.log.segment.cache.size.max = 200MB (=209715200) (default)
2023-09-29 12:51:24,273 [4dfacd3a-85e6-4f60-aa9f-15a17a1c954a-groupManagement] INFO  server.RaftServerConfigKeys (ConfUtils.java:logGet(46)) - raft.server.log.appender.buffer.byte-limit = 33554432 (custom)
2023-09-29 12:51:24,274 [4dfacd3a-85e6-4f60-aa9f-15a17a1c954a-groupManagement] INFO  segmented.SegmentedRaftLogWorker (SegmentedRaftLogWorker.java:<init>(188)) - new 4dfacd3a-85e6-4f60-aa9f-15a17a1c954a@group-FCF027D0E9D3-SegmentedRaftLogWorker for RaftStorageImpl:Storage Directory /home/runner/work/ozone/ozone/hadoop-ozone/integration-test/target/test-dir/MiniOzoneClusterImpl-811b16cb-c214-4c75-bdb2-1b437bba6cdf/datanode-8/data/ratis/13838721-bcae-49cb-b2fe-fcf027d0e9d3
2023-09-29 12:51:24,274 [4dfacd3a-85e6-4f60-aa9f-15a17a1c954a-groupManagement] INFO  server.RaftServerConfigKeys (ConfUtils.java:logGet(46)) - raft.server.log.queue.byte-limit = 4294967296 (custom)
2023-09-29 12:51:24,274 [4dfacd3a-85e6-4f60-aa9f-15a17a1c954a-groupManagement] INFO  server.RaftServerConfigKeys (ConfUtils.java:logGet(46)) - raft.server.log.queue.element-limit = 1024 (custom)
2023-09-29 12:51:24,274 [4dfacd3a-85e6-4f60-aa9f-15a17a1c954a-groupManagement] INFO  server.RaftServerConfigKeys (ConfUtils.java:logGet(46)) - raft.server.log.segment.size.max = 1048576 (custom)
2023-09-29 12:51:24,274 [4dfacd3a-85e6-4f60-aa9f-15a17a1c954a-groupManagement] INFO  server.RaftServerConfigKeys (ConfUtils.java:logGet(46)) - raft.server.log.preallocated.size = 16384 (custom)
2023-09-29 12:51:24,274 [4dfacd3a-85e6-4f60-aa9f-15a17a1c954a-groupManagement] INFO  server.RaftServerConfigKeys (ConfUtils.java:logGet(46)) - raft.server.log.force.sync.num = 128 (default)
2023-09-29 12:51:24,274 [4dfacd3a-85e6-4f60-aa9f-15a17a1c954a-groupManagement] INFO  server.RaftServerConfigKeys (ConfUtils.java:logGet(46)) - raft.server.log.statemachine.data.sync = true (default)
2023-09-29 12:51:24,274 [4dfacd3a-85e6-4f60-aa9f-15a17a1c954a-groupManagement] INFO  server.RaftServerConfigKeys (ConfUtils.java:logGet(46)) - raft.server.log.statemachine.data.sync.timeout = 10s (default)
2023-09-29 12:51:24,274 [4dfacd3a-85e6-4f60-aa9f-15a17a1c954a-groupManagement] INFO  server.RaftServerConfigKeys (ConfUtils.java:logGet(46)) - raft.server.log.statemachine.data.sync.timeout.retry = -1 (default)
2023-09-29 12:51:24,276 [4dfacd3a-85e6-4f60-aa9f-15a17a1c954a-groupManagement] INFO  server.RaftServerConfigKeys (ConfUtils.java:logGet(46)) - raft.server.log.write.buffer.size = 1048576 (custom)
2023-09-29 12:51:24,277 [4dfacd3a-85e6-4f60-aa9f-15a17a1c954a-groupManagement] INFO  server.RaftServerConfigKeys (ConfUtils.java:logGet(46)) - raft.server.log.appender.buffer.byte-limit = 33554432 (custom)
2023-09-29 12:51:24,283 [4dfacd3a-85e6-4f60-aa9f-15a17a1c954a-groupManagement] INFO  server.RaftServerConfigKeys (ConfUtils.java:logGet(46)) - raft.server.log.unsafe-flush.enabled = false (default)
2023-09-29 12:51:24,283 [4dfacd3a-85e6-4f60-aa9f-15a17a1c954a-groupManagement] INFO  server.RaftServerConfigKeys (ConfUtils.java:logGet(46)) - raft.server.log.async-flush.enabled = false (default)
2023-09-29 12:51:24,283 [4dfacd3a-85e6-4f60-aa9f-15a17a1c954a-groupManagement] INFO  server.RaftServerConfigKeys (ConfUtils.java:logGet(46)) - raft.server.log.statemachine.data.caching.enabled = true (custom)
2023-09-29 12:51:24,284 [4dfacd3a-85e6-4f60-aa9f-15a17a1c954a-groupManagement] INFO  segmented.SegmentedRaftLogWorker (SegmentedRaftLogWorker.java:lambda$new$0(135)) - 4dfacd3a-85e6-4f60-aa9f-15a17a1c954a@group-FCF027D0E9D3-SegmentedRaftLogWorker: flushIndex: setUnconditionally 0 -> -1
2023-09-29 12:51:24,284 [4dfacd3a-85e6-4f60-aa9f-15a17a1c954a-groupManagement] INFO  segmented.SegmentedRaftLogWorker (SegmentedRaftLogWorker.java:lambda$new$0(135)) - 4dfacd3a-85e6-4f60-aa9f-15a17a1c954a@group-FCF027D0E9D3-SegmentedRaftLogWorker: safeCacheEvictIndex: setUnconditionally 0 -> -1
2023-09-29 12:51:24,284 [4dfacd3a-85e6-4f60-aa9f-15a17a1c954a-groupManagement] INFO  server.RaftServer$Division (RaftServerImpl.java:start(342)) - 4dfacd3a-85e6-4f60-aa9f-15a17a1c954a@group-FCF027D0E9D3: start as a follower, conf=-1: peers:[4dfacd3a-85e6-4f60-aa9f-15a17a1c954a|rpc:10.1.0.70:15086|admin:10.1.0.70:15085|client:10.1.0.70:15084|dataStream:10.1.0.70:15087|priority:1|startupRole:FOLLOWER]|listeners:[], old=null
2023-09-29 12:51:24,284 [4dfacd3a-85e6-4f60-aa9f-15a17a1c954a-groupManagement] INFO  server.RaftServer$Division (RaftServerImpl.java:setRole(329)) - 4dfacd3a-85e6-4f60-aa9f-15a17a1c954a@group-FCF027D0E9D3: changes role from      null to FOLLOWER at term 0 for startAsFollower
2023-09-29 12:51:24,284 [4dfacd3a-85e6-4f60-aa9f-15a17a1c954a-groupManagement] INFO  impl.RoleInfo (RoleInfo.java:updateAndGet(139)) - 4dfacd3a-85e6-4f60-aa9f-15a17a1c954a: start 4dfacd3a-85e6-4f60-aa9f-15a17a1c954a@group-FCF027D0E9D3-FollowerState
2023-09-29 12:51:24,284 [4dfacd3a-85e6-4f60-aa9f-15a17a1c954a-groupManagement] INFO  util.JmxRegister (JmxRegister.java:tryRegister(44)) - Successfully registered JMX Bean with object name Ratis:service=RaftServer,group=group-FCF027D0E9D3,id=4dfacd3a-85e6-4f60-aa9f-15a17a1c954a
2023-09-29 12:51:24,285 [4dfacd3a-85e6-4f60-aa9f-15a17a1c954a-groupManagement] INFO  server.RaftServerConfigKeys (ConfUtils.java:logGet(46)) - raft.server.snapshot.auto.trigger.enabled = true (custom)
2023-09-29 12:51:24,285 [4dfacd3a-85e6-4f60-aa9f-15a17a1c954a-groupManagement] INFO  server.RaftServerConfigKeys (ConfUtils.java:logGet(46)) - raft.server.snapshot.auto.trigger.threshold = 10000 (custom)
2023-09-29 12:51:24,285 [4dfacd3a-85e6-4f60-aa9f-15a17a1c954a-groupManagement] INFO  server.RaftServerConfigKeys (ConfUtils.java:logGet(46)) - raft.server.snapshot.retention.file.num = 5 (custom)
2023-09-29 12:51:24,285 [4dfacd3a-85e6-4f60-aa9f-15a17a1c954a-groupManagement] INFO  server.RaftServerConfigKeys (ConfUtils.java:logGet(46)) - raft.server.log.purge.upto.snapshot.index = false (default)
2023-09-29 12:51:24,285 [4dfacd3a-85e6-4f60-aa9f-15a17a1c954a@group-FCF027D0E9D3-FollowerState] INFO  server.RaftServerConfigKeys (ConfUtils.java:logFallback(53)) - raft.server.rpc.first-election.timeout.min = 5s (fallback to raft.server.rpc.timeout.min)
2023-09-29 12:51:24,285 [4dfacd3a-85e6-4f60-aa9f-15a17a1c954a@group-FCF027D0E9D3-FollowerState] INFO  server.RaftServerConfigKeys (ConfUtils.java:logFallback(53)) - raft.server.rpc.first-election.timeout.max = 5200ms (fallback to raft.server.rpc.timeout.max)
2023-09-29 12:51:24,293 [PipelineCommandHandlerThread-0] INFO  ratis.XceiverServerRatis (XceiverServerRatis.java:addGroup(804)) - Created group PipelineID=13838721-bcae-49cb-b2fe-fcf027d0e9d3
2023-09-29 12:51:24,293 [PipelineCommandHandlerThread-0] INFO  commandhandler.CreatePipelineCommandHandler (CreatePipelineCommandHandler.java:lambda$handle$2(124)) - Created Pipeline RATIS ONE PipelineID=13838721-bcae-49cb-b2fe-fcf027d0e9d3.
2023-09-29 12:51:24,661 [PipelineCommandHandlerThread-0] INFO  server.RaftServer (RaftServerProxy.java:addNew(98)) - f6fa4039-8fe9-46ca-92f5-bb04d02dc273: addNew group-52482A170BD1:[f6fa4039-8fe9-46ca-92f5-bb04d02dc273|rpc:10.1.0.70:15095|admin:10.1.0.70:15094|client:10.1.0.70:15093|dataStream:10.1.0.70:15096|priority:1|startupRole:FOLLOWER] returns group-52482A170BD1:java.util.concurrent.CompletableFuture@3e583b37[Not completed]
2023-09-29 12:51:24,663 [f6fa4039-8fe9-46ca-92f5-bb04d02dc273-groupManagement] INFO  server.RaftServer$Division (RaftServerImpl.java:<init>(198)) - f6fa4039-8fe9-46ca-92f5-bb04d02dc273: new RaftServerImpl for group-52482A170BD1:[f6fa4039-8fe9-46ca-92f5-bb04d02dc273|rpc:10.1.0.70:15095|admin:10.1.0.70:15094|client:10.1.0.70:15093|dataStream:10.1.0.70:15096|priority:1|startupRole:FOLLOWER] with ContainerStateMachine:uninitialized
2023-09-29 12:51:24,663 [f6fa4039-8fe9-46ca-92f5-bb04d02dc273-groupManagement] INFO  server.RaftServerConfigKeys (ConfUtils.java:logGet(46)) - raft.server.rpc.timeout.min = 5s (custom)
2023-09-29 12:51:24,663 [f6fa4039-8fe9-46ca-92f5-bb04d02dc273-groupManagement] INFO  server.RaftServerConfigKeys (ConfUtils.java:logGet(46)) - raft.server.rpc.timeout.max = 5200ms (custom)
2023-09-29 12:51:24,663 [f6fa4039-8fe9-46ca-92f5-bb04d02dc273-groupManagement] INFO  server.RaftServerConfigKeys (ConfUtils.java:logGet(46)) - raft.server.rpc.sleep.time = 25ms (default)
2023-09-29 12:51:24,663 [f6fa4039-8fe9-46ca-92f5-bb04d02dc273-groupManagement] INFO  server.RaftServerConfigKeys (ConfUtils.java:logGet(46)) - raft.server.rpc.slowness.timeout = 300s (custom)
2023-09-29 12:51:24,663 [f6fa4039-8fe9-46ca-92f5-bb04d02dc273-groupManagement] INFO  server.RaftServerConfigKeys (ConfUtils.java:logGet(46)) - raft.server.leaderelection.leader.step-down.wait-time = 10s (default)
2023-09-29 12:51:24,663 [f6fa4039-8fe9-46ca-92f5-bb04d02dc273-groupManagement] INFO  server.RaftServerConfigKeys (ConfUtils.java:logGet(46)) - raft.server.sleep.deviation.threshold = 300ms (default)
2023-09-29 12:51:24,663 [f6fa4039-8fe9-46ca-92f5-bb04d02dc273-groupManagement] INFO  server.RaftServer$Division (ServerState.java:<init>(120)) - f6fa4039-8fe9-46ca-92f5-bb04d02dc273@group-52482A170BD1: ConfigurationManager, init=-1: peers:[f6fa4039-8fe9-46ca-92f5-bb04d02dc273|rpc:10.1.0.70:15095|admin:10.1.0.70:15094|client:10.1.0.70:15093|dataStream:10.1.0.70:15096|priority:1|startupRole:FOLLOWER]|listeners:[], old=null, confs=<EMPTY_MAP>
2023-09-29 12:51:24,664 [f6fa4039-8fe9-46ca-92f5-bb04d02dc273-groupManagement] INFO  server.RaftServerConfigKeys (ConfUtils.java:logGet(46)) - raft.server.storage.dir = [/home/runner/work/ozone/ozone/hadoop-ozone/integration-test/target/test-dir/MiniOzoneClusterImpl-811b16cb-c214-4c75-bdb2-1b437bba6cdf/datanode-9/data/ratis] (custom)
2023-09-29 12:51:24,664 [f6fa4039-8fe9-46ca-92f5-bb04d02dc273-groupManagement] INFO  server.RaftServerConfigKeys (ConfUtils.java:logGet(46)) - raft.server.log.corruption.policy = EXCEPTION (default)
2023-09-29 12:51:24,664 [f6fa4039-8fe9-46ca-92f5-bb04d02dc273-groupManagement] INFO  server.RaftServerConfigKeys (ConfUtils.java:logGet(46)) - raft.server.storage.free-space.min = 0MB (=0) (default)
2023-09-29 12:51:24,664 [f6fa4039-8fe9-46ca-92f5-bb04d02dc273-groupManagement] INFO  server.RaftServerConfigKeys (ConfUtils.java:logGet(46)) - raft.server.notification.no-leader.timeout = 300s (custom)
2023-09-29 12:51:24,664 [f6fa4039-8fe9-46ca-92f5-bb04d02dc273-groupManagement] INFO  server.RaftServerConfigKeys (ConfUtils.java:logGet(46)) - raft.server.read.timeout = 10s (default)
2023-09-29 12:51:24,664 [f6fa4039-8fe9-46ca-92f5-bb04d02dc273-groupManagement] INFO  server.RaftServerConfigKeys (ConfUtils.java:logGet(46)) - raft.server.retrycache.expirytime = 600000ms (custom)
2023-09-29 12:51:24,664 [f6fa4039-8fe9-46ca-92f5-bb04d02dc273-groupManagement] INFO  server.RaftServerConfigKeys (ConfUtils.java:logGet(46)) - raft.server.retrycache.statistics.expirytime = 100μs (default)
2023-09-29 12:51:24,664 [f6fa4039-8fe9-46ca-92f5-bb04d02dc273-groupManagement] INFO  server.RaftServerConfigKeys (ConfUtils.java:logGet(46)) - raft.server.read.option = DEFAULT (default)
2023-09-29 12:51:24,666 [f6fa4039-8fe9-46ca-92f5-bb04d02dc273-groupManagement] INFO  server.RaftServerConfigKeys (ConfUtils.java:logGet(46)) - raft.server.rpc.request.timeout = 60s (custom)
2023-09-29 12:51:24,666 [f6fa4039-8fe9-46ca-92f5-bb04d02dc273-groupManagement] INFO  server.RaftServerConfigKeys (ConfUtils.java:logGet(46)) - raft.server.log.appender.install.snapshot.enabled = false (custom)
2023-09-29 12:51:24,666 [f6fa4039-8fe9-46ca-92f5-bb04d02dc273-groupManagement] INFO  server.RaftServerConfigKeys (ConfUtils.java:logGet(46)) - raft.server.threadpool.server.cached = true (default)
2023-09-29 12:51:24,666 [f6fa4039-8fe9-46ca-92f5-bb04d02dc273-groupManagement] INFO  server.RaftServerConfigKeys (ConfUtils.java:logGet(46)) - raft.server.threadpool.server.size = 0 (default)
2023-09-29 12:51:24,666 [f6fa4039-8fe9-46ca-92f5-bb04d02dc273-groupManagement] INFO  server.RaftServerConfigKeys (ConfUtils.java:logGet(46)) - raft.server.threadpool.client.cached = true (default)
2023-09-29 12:51:24,666 [f6fa4039-8fe9-46ca-92f5-bb04d02dc273-groupManagement] INFO  server.RaftServerConfigKeys (ConfUtils.java:logGet(46)) - raft.server.threadpool.client.size = 0 (default)
2023-09-29 12:51:24,666 [f6fa4039-8fe9-46ca-92f5-bb04d02dc273-groupManagement] INFO  storage.RaftStorageDirectory (RaftStorageDirectoryImpl.java:analyzeStorage(137)) - The storage directory /home/runner/work/ozone/ozone/hadoop-ozone/integration-test/target/test-dir/MiniOzoneClusterImpl-811b16cb-c214-4c75-bdb2-1b437bba6cdf/datanode-9/data/ratis/c91f7595-1a01-480b-b225-52482a170bd1 does not exist. Creating ...
2023-09-29 12:51:24,668 [f6fa4039-8fe9-46ca-92f5-bb04d02dc273-groupManagement] INFO  storage.RaftStorageDirectory (RaftStorageDirectoryImpl.java:tryLock(231)) - Lock on /home/runner/work/ozone/ozone/hadoop-ozone/integration-test/target/test-dir/MiniOzoneClusterImpl-811b16cb-c214-4c75-bdb2-1b437bba6cdf/datanode-9/data/ratis/c91f7595-1a01-480b-b225-52482a170bd1/in_use.lock acquired by nodename 70928@fv-az238-384
2023-09-29 12:51:24,669 [f6fa4039-8fe9-46ca-92f5-bb04d02dc273-groupManagement] INFO  storage.RaftStorage (RaftStorageImpl.java:format(96)) - Storage directory /home/runner/work/ozone/ozone/hadoop-ozone/integration-test/target/test-dir/MiniOzoneClusterImpl-811b16cb-c214-4c75-bdb2-1b437bba6cdf/datanode-9/data/ratis/c91f7595-1a01-480b-b225-52482a170bd1 has been successfully formatted.
2023-09-29 12:51:24,671 [f6fa4039-8fe9-46ca-92f5-bb04d02dc273-groupManagement] INFO  ratis.ContainerStateMachine (ContainerStateMachine.java:loadSnapshot(262)) - group-52482A170BD1: The snapshot info is null. Setting the last applied indexto:(t:0, i:~)
2023-09-29 12:51:24,671 [f6fa4039-8fe9-46ca-92f5-bb04d02dc273-groupManagement] INFO  server.RaftServerConfigKeys (ConfUtils.java:logGet(46)) - raft.server.log.use.memory = false (default)
2023-09-29 12:51:24,672 [f6fa4039-8fe9-46ca-92f5-bb04d02dc273-groupManagement] INFO  server.RaftServerConfigKeys (ConfUtils.java:logGet(46)) - raft.server.log.purge.gap = 1000000 (custom)
2023-09-29 12:51:24,672 [f6fa4039-8fe9-46ca-92f5-bb04d02dc273-groupManagement] INFO  server.RaftServerConfigKeys (ConfUtils.java:logGet(46)) - raft.server.log.appender.buffer.byte-limit = 33554432 (custom)
2023-09-29 12:51:24,672 [f6fa4039-8fe9-46ca-92f5-bb04d02dc273-groupManagement] INFO  server.RaftServerConfigKeys (ConfUtils.java:logGet(46)) - raft.server.log.statemachine.data.read.timeout = 1000ms (default)
2023-09-29 12:51:24,672 [f6fa4039-8fe9-46ca-92f5-bb04d02dc273-groupManagement] INFO  server.RaftServerConfigKeys (ConfUtils.java:logGet(46)) - raft.server.log.purge.preservation.log.num = 0 (default)
2023-09-29 12:51:24,672 [f6fa4039-8fe9-46ca-92f5-bb04d02dc273-groupManagement] INFO  server.RaftServerConfigKeys (ConfUtils.java:logGet(46)) - raft.server.log.segment.size.max = 1048576 (custom)
2023-09-29 12:51:24,674 [EventQueue-PipelineReportForPipelineReportHandler] INFO  pipeline.PipelineReportHandler (PipelineReportHandler.java:processPipelineReport(136)) - Opened pipeline PipelineID=c91f7595-1a01-480b-b225-52482a170bd1
2023-09-29 12:51:24,677 [EventQueue-OpenPipelineForHealthyPipelineSafeModeRule] INFO  safemode.SCMSafeModeManager (HealthyPipelineSafeModeRule.java:process(137)) - SCM in safe mode. Healthy pipelines reported count is 0, required healthy pipeline reported count is 1
2023-09-29 12:51:24,678 [f6fa4039-8fe9-46ca-92f5-bb04d02dc273-groupManagement] INFO  server.RaftServerConfigKeys (ConfUtils.java:logGet(46)) - raft.server.log.segment.cache.num.max = 2 (custom)
2023-09-29 12:51:24,678 [f6fa4039-8fe9-46ca-92f5-bb04d02dc273-groupManagement] INFO  server.RaftServerConfigKeys (ConfUtils.java:logGet(46)) - raft.server.log.segment.cache.size.max = 200MB (=209715200) (default)
2023-09-29 12:51:24,678 [f6fa4039-8fe9-46ca-92f5-bb04d02dc273-groupManagement] INFO  server.RaftServerConfigKeys (ConfUtils.java:logGet(46)) - raft.server.log.appender.buffer.byte-limit = 33554432 (custom)
2023-09-29 12:51:24,678 [f6fa4039-8fe9-46ca-92f5-bb04d02dc273-groupManagement] INFO  segmented.SegmentedRaftLogWorker (SegmentedRaftLogWorker.java:<init>(188)) - new f6fa4039-8fe9-46ca-92f5-bb04d02dc273@group-52482A170BD1-SegmentedRaftLogWorker for RaftStorageImpl:Storage Directory /home/runner/work/ozone/ozone/hadoop-ozone/integration-test/target/test-dir/MiniOzoneClusterImpl-811b16cb-c214-4c75-bdb2-1b437bba6cdf/datanode-9/data/ratis/c91f7595-1a01-480b-b225-52482a170bd1
2023-09-29 12:51:24,678 [f6fa4039-8fe9-46ca-92f5-bb04d02dc273-groupManagement] INFO  server.RaftServerConfigKeys (ConfUtils.java:logGet(46)) - raft.server.log.queue.byte-limit = 4294967296 (custom)
2023-09-29 12:51:24,678 [f6fa4039-8fe9-46ca-92f5-bb04d02dc273-groupManagement] INFO  server.RaftServerConfigKeys (ConfUtils.java:logGet(46)) - raft.server.log.queue.element-limit = 1024 (custom)
2023-09-29 12:51:24,678 [f6fa4039-8fe9-46ca-92f5-bb04d02dc273-groupManagement] INFO  server.RaftServerConfigKeys (ConfUtils.java:logGet(46)) - raft.server.log.segment.size.max = 1048576 (custom)
2023-09-29 12:51:24,679 [f6fa4039-8fe9-46ca-92f5-bb04d02dc273-groupManagement] INFO  server.RaftServerConfigKeys (ConfUtils.java:logGet(46)) - raft.server.log.preallocated.size = 16384 (custom)
2023-09-29 12:51:24,679 [f6fa4039-8fe9-46ca-92f5-bb04d02dc273-groupManagement] INFO  server.RaftServerConfigKeys (ConfUtils.java:logGet(46)) - raft.server.log.force.sync.num = 128 (default)
2023-09-29 12:51:24,679 [f6fa4039-8fe9-46ca-92f5-bb04d02dc273-groupManagement] INFO  server.RaftServerConfigKeys (ConfUtils.java:logGet(46)) - raft.server.log.statemachine.data.sync = true (default)
2023-09-29 12:51:24,679 [f6fa4039-8fe9-46ca-92f5-bb04d02dc273-groupManagement] INFO  server.RaftServerConfigKeys (ConfUtils.java:logGet(46)) - raft.server.log.statemachine.data.sync.timeout = 10s (default)
2023-09-29 12:51:24,679 [f6fa4039-8fe9-46ca-92f5-bb04d02dc273-groupManagement] INFO  server.RaftServerConfigKeys (ConfUtils.java:logGet(46)) - raft.server.log.statemachine.data.sync.timeout.retry = -1 (default)
2023-09-29 12:51:24,680 [f6fa4039-8fe9-46ca-92f5-bb04d02dc273-groupManagement] INFO  server.RaftServerConfigKeys (ConfUtils.java:logGet(46)) - raft.server.log.write.buffer.size = 1048576 (custom)
2023-09-29 12:51:24,681 [f6fa4039-8fe9-46ca-92f5-bb04d02dc273-groupManagement] INFO  server.RaftServerConfigKeys (ConfUtils.java:logGet(46)) - raft.server.log.appender.buffer.byte-limit = 33554432 (custom)
2023-09-29 12:51:24,687 [f6fa4039-8fe9-46ca-92f5-bb04d02dc273-groupManagement] INFO  server.RaftServerConfigKeys (ConfUtils.java:logGet(46)) - raft.server.log.unsafe-flush.enabled = false (default)
2023-09-29 12:51:24,687 [f6fa4039-8fe9-46ca-92f5-bb04d02dc273-groupManagement] INFO  server.RaftServerConfigKeys (ConfUtils.java:logGet(46)) - raft.server.log.async-flush.enabled = false (default)
2023-09-29 12:51:24,687 [f6fa4039-8fe9-46ca-92f5-bb04d02dc273-groupManagement] INFO  server.RaftServerConfigKeys (ConfUtils.java:logGet(46)) - raft.server.log.statemachine.data.caching.enabled = true (custom)
2023-09-29 12:51:24,688 [f6fa4039-8fe9-46ca-92f5-bb04d02dc273-groupManagement] INFO  segmented.SegmentedRaftLogWorker (SegmentedRaftLogWorker.java:lambda$new$0(135)) - f6fa4039-8fe9-46ca-92f5-bb04d02dc273@group-52482A170BD1-SegmentedRaftLogWorker: flushIndex: setUnconditionally 0 -> -1
2023-09-29 12:51:24,688 [f6fa4039-8fe9-46ca-92f5-bb04d02dc273-groupManagement] INFO  segmented.SegmentedRaftLogWorker (SegmentedRaftLogWorker.java:lambda$new$0(135)) - f6fa4039-8fe9-46ca-92f5-bb04d02dc273@group-52482A170BD1-SegmentedRaftLogWorker: safeCacheEvictIndex: setUnconditionally 0 -> -1
2023-09-29 12:51:24,688 [f6fa4039-8fe9-46ca-92f5-bb04d02dc273-groupManagement] INFO  server.RaftServer$Division (RaftServerImpl.java:start(342)) - f6fa4039-8fe9-46ca-92f5-bb04d02dc273@group-52482A170BD1: start as a follower, conf=-1: peers:[f6fa4039-8fe9-46ca-92f5-bb04d02dc273|rpc:10.1.0.70:15095|admin:10.1.0.70:15094|client:10.1.0.70:15093|dataStream:10.1.0.70:15096|priority:1|startupRole:FOLLOWER]|listeners:[], old=null
2023-09-29 12:51:24,688 [f6fa4039-8fe9-46ca-92f5-bb04d02dc273-groupManagement] INFO  server.RaftServer$Division (RaftServerImpl.java:setRole(329)) - f6fa4039-8fe9-46ca-92f5-bb04d02dc273@group-52482A170BD1: changes role from      null to FOLLOWER at term 0 for startAsFollower
2023-09-29 12:51:24,688 [f6fa4039-8fe9-46ca-92f5-bb04d02dc273-groupManagement] INFO  impl.RoleInfo (RoleInfo.java:updateAndGet(139)) - f6fa4039-8fe9-46ca-92f5-bb04d02dc273: start f6fa4039-8fe9-46ca-92f5-bb04d02dc273@group-52482A170BD1-FollowerState
2023-09-29 12:51:24,689 [f6fa4039-8fe9-46ca-92f5-bb04d02dc273-groupManagement] INFO  util.JmxRegister (JmxRegister.java:tryRegister(44)) - Successfully registered JMX Bean with object name Ratis:service=RaftServer,group=group-52482A170BD1,id=f6fa4039-8fe9-46ca-92f5-bb04d02dc273
2023-09-29 12:51:24,689 [f6fa4039-8fe9-46ca-92f5-bb04d02dc273@group-52482A170BD1-FollowerState] INFO  server.RaftServerConfigKeys (ConfUtils.java:logFallback(53)) - raft.server.rpc.first-election.timeout.min = 5s (fallback to raft.server.rpc.timeout.min)
2023-09-29 12:51:24,689 [f6fa4039-8fe9-46ca-92f5-bb04d02dc273-groupManagement] INFO  server.RaftServerConfigKeys (ConfUtils.java:logGet(46)) - raft.server.snapshot.auto.trigger.enabled = true (custom)
2023-09-29 12:51:24,689 [f6fa4039-8fe9-46ca-92f5-bb04d02dc273@group-52482A170BD1-FollowerState] INFO  server.RaftServerConfigKeys (ConfUtils.java:logFallback(53)) - raft.server.rpc.first-election.timeout.max = 5200ms (fallback to raft.server.rpc.timeout.max)
2023-09-29 12:51:24,689 [f6fa4039-8fe9-46ca-92f5-bb04d02dc273-groupManagement] INFO  server.RaftServerConfigKeys (ConfUtils.java:logGet(46)) - raft.server.snapshot.auto.trigger.threshold = 10000 (custom)
2023-09-29 12:51:24,689 [f6fa4039-8fe9-46ca-92f5-bb04d02dc273-groupManagement] INFO  server.RaftServerConfigKeys (ConfUtils.java:logGet(46)) - raft.server.snapshot.retention.file.num = 5 (custom)
2023-09-29 12:51:24,689 [f6fa4039-8fe9-46ca-92f5-bb04d02dc273-groupManagement] INFO  server.RaftServerConfigKeys (ConfUtils.java:logGet(46)) - raft.server.log.purge.upto.snapshot.index = false (default)
2023-09-29 12:51:24,690 [PipelineCommandHandlerThread-0] INFO  ratis.XceiverServerRatis (XceiverServerRatis.java:addGroup(804)) - Created group PipelineID=c91f7595-1a01-480b-b225-52482a170bd1
2023-09-29 12:51:24,690 [PipelineCommandHandlerThread-0] INFO  commandhandler.CreatePipelineCommandHandler (CreatePipelineCommandHandler.java:lambda$handle$2(124)) - Created Pipeline RATIS ONE PipelineID=c91f7595-1a01-480b-b225-52482a170bd1.
2023-09-29 12:51:24,880 [main] INFO  ozone.MiniOzoneClusterImpl (MiniOzoneClusterImpl.java:lambda$waitForClusterToBeReady$0(229)) - Nodes are ready. Got 10 of 10 DN Heartbeats.
2023-09-29 12:51:24,880 [main] INFO  ozone.MiniOzoneClusterImpl (MiniOzoneClusterImpl.java:lambda$waitForClusterToBeReady$0(232)) - Waiting for cluster to exit safe mode
2023-09-29 12:51:24,880 [main] INFO  ozone.MiniOzoneClusterImpl (MiniOzoneClusterImpl.java:lambda$waitForClusterToBeReady$0(234)) - SCM became leader
2023-09-29 12:51:25,652 [28fc21f1-0f1b-4853-8334-7fb4bdc0ccf0@group-13976FD52583-FollowerState] INFO  impl.FollowerState (FollowerState.java:run(143)) - 28fc21f1-0f1b-4853-8334-7fb4bdc0ccf0@group-13976FD52583-FollowerState: change to CANDIDATE, lastRpcElapsedTime:5104590438ns, electionTimeout:5101ms
2023-09-29 12:51:25,652 [28fc21f1-0f1b-4853-8334-7fb4bdc0ccf0@group-13976FD52583-FollowerState] INFO  impl.RoleInfo (RoleInfo.java:shutdownFollowerState(110)) - 28fc21f1-0f1b-4853-8334-7fb4bdc0ccf0: shutdown 28fc21f1-0f1b-4853-8334-7fb4bdc0ccf0@group-13976FD52583-FollowerState
2023-09-29 12:51:25,652 [28fc21f1-0f1b-4853-8334-7fb4bdc0ccf0@group-13976FD52583-FollowerState] INFO  server.RaftServer$Division (RaftServerImpl.java:setRole(329)) - 28fc21f1-0f1b-4853-8334-7fb4bdc0ccf0@group-13976FD52583: changes role from  FOLLOWER to CANDIDATE at term 0 for changeToCandidate
2023-09-29 12:51:25,652 [28fc21f1-0f1b-4853-8334-7fb4bdc0ccf0@group-13976FD52583-FollowerState] INFO  server.RaftServerConfigKeys (ConfUtils.java:logGet(46)) - raft.server.leaderelection.pre-vote = true (default)
2023-09-29 12:51:25,652 [28fc21f1-0f1b-4853-8334-7fb4bdc0ccf0@group-13976FD52583-FollowerState] INFO  impl.RoleInfo (RoleInfo.java:updateAndGet(139)) - 28fc21f1-0f1b-4853-8334-7fb4bdc0ccf0: start 28fc21f1-0f1b-4853-8334-7fb4bdc0ccf0@group-13976FD52583-LeaderElection2
2023-09-29 12:51:25,656 [28fc21f1-0f1b-4853-8334-7fb4bdc0ccf0@group-13976FD52583-LeaderElection2] INFO  impl.LeaderElection (LeaderElection.java:askForVotes(321)) - 28fc21f1-0f1b-4853-8334-7fb4bdc0ccf0@group-13976FD52583-LeaderElection2 PRE_VOTE round 0: submit vote requests at term 0 for -1: peers:[28fc21f1-0f1b-4853-8334-7fb4bdc0ccf0|rpc:10.1.0.70:15014|admin:10.1.0.70:15013|client:10.1.0.70:15012|dataStream:10.1.0.70:15015|priority:1|startupRole:FOLLOWER]|listeners:[], old=null
2023-09-29 12:51:25,656 [28fc21f1-0f1b-4853-8334-7fb4bdc0ccf0@group-13976FD52583-LeaderElection2] INFO  impl.LeaderElection (LeaderElection.java:askForVotes(323)) - 28fc21f1-0f1b-4853-8334-7fb4bdc0ccf0@group-13976FD52583-LeaderElection2 PRE_VOTE round 0: result PASSED (term=0)
2023-09-29 12:51:25,657 [28fc21f1-0f1b-4853-8334-7fb4bdc0ccf0@group-13976FD52583-LeaderElection2] INFO  impl.LeaderElection (LeaderElection.java:askForVotes(321)) - 28fc21f1-0f1b-4853-8334-7fb4bdc0ccf0@group-13976FD52583-LeaderElection2 ELECTION round 0: submit vote requests at term 1 for -1: peers:[28fc21f1-0f1b-4853-8334-7fb4bdc0ccf0|rpc:10.1.0.70:15014|admin:10.1.0.70:15013|client:10.1.0.70:15012|dataStream:10.1.0.70:15015|priority:1|startupRole:FOLLOWER]|listeners:[], old=null
2023-09-29 12:51:25,657 [28fc21f1-0f1b-4853-8334-7fb4bdc0ccf0@group-13976FD52583-LeaderElection2] INFO  impl.LeaderElection (LeaderElection.java:askForVotes(323)) - 28fc21f1-0f1b-4853-8334-7fb4bdc0ccf0@group-13976FD52583-LeaderElection2 ELECTION round 0: result PASSED (term=1)
2023-09-29 12:51:25,657 [28fc21f1-0f1b-4853-8334-7fb4bdc0ccf0@group-13976FD52583-LeaderElection2] INFO  impl.RoleInfo (RoleInfo.java:shutdownLeaderElection(130)) - 28fc21f1-0f1b-4853-8334-7fb4bdc0ccf0: shutdown 28fc21f1-0f1b-4853-8334-7fb4bdc0ccf0@group-13976FD52583-LeaderElection2
2023-09-29 12:51:25,658 [28fc21f1-0f1b-4853-8334-7fb4bdc0ccf0@group-13976FD52583-LeaderElection2] INFO  server.RaftServer$Division (RaftServerImpl.java:setRole(329)) - 28fc21f1-0f1b-4853-8334-7fb4bdc0ccf0@group-13976FD52583: changes role from CANDIDATE to LEADER at term 1 for changeToLeader
2023-09-29 12:51:25,658 [28fc21f1-0f1b-4853-8334-7fb4bdc0ccf0@group-13976FD52583-LeaderElection2] INFO  ratis.XceiverServerRatis (XceiverServerRatis.java:handleLeaderChangedNotification(902)) - Leader change notification received for group: group-13976FD52583 with new leaderId: 28fc21f1-0f1b-4853-8334-7fb4bdc0ccf0
2023-09-29 12:51:25,658 [28fc21f1-0f1b-4853-8334-7fb4bdc0ccf0@group-13976FD52583-LeaderElection2] INFO  server.RaftServer$Division (ServerState.java:setLeader(317)) - 28fc21f1-0f1b-4853-8334-7fb4bdc0ccf0@group-13976FD52583: change Leader from null to 28fc21f1-0f1b-4853-8334-7fb4bdc0ccf0 at term 1 for becomeLeader, leader elected after 5137ms
2023-09-29 12:51:25,658 [28fc21f1-0f1b-4853-8334-7fb4bdc0ccf0@group-13976FD52583-LeaderElection2] INFO  server.RaftServerConfigKeys (ConfUtils.java:logGet(46)) - raft.server.staging.catchup.gap = 1000 (default)
2023-09-29 12:51:25,658 [28fc21f1-0f1b-4853-8334-7fb4bdc0ccf0@group-13976FD52583-LeaderElection2] INFO  server.RaftServerConfigKeys (ConfUtils.java:logGet(46)) - raft.server.write.element-limit = 1024 (custom)
2023-09-29 12:51:25,659 [28fc21f1-0f1b-4853-8334-7fb4bdc0ccf0@group-13976FD52583-LeaderElection2] INFO  server.RaftServerConfigKeys (ConfUtils.java:logGet(46)) - raft.server.write.byte-limit = 1024 M (=1073741824) (custom)
2023-09-29 12:51:25,659 [28fc21f1-0f1b-4853-8334-7fb4bdc0ccf0@group-13976FD52583-LeaderElection2] INFO  server.RaftServerConfigKeys (ConfUtils.java:logGet(46)) - raft.server.watch.timeout = 180s (custom)
2023-09-29 12:51:25,659 [28fc21f1-0f1b-4853-8334-7fb4bdc0ccf0@group-13976FD52583-LeaderElection2] INFO  server.RaftServerConfigKeys (ConfUtils.java:logGet(46)) - raft.server.watch.timeout.denomination = 1s (default)
2023-09-29 12:51:25,659 [28fc21f1-0f1b-4853-8334-7fb4bdc0ccf0@group-13976FD52583-LeaderElection2] INFO  server.RaftServerConfigKeys (ConfUtils.java:logGet(46)) - raft.server.watch.element-limit = 65536 (default)
2023-09-29 12:51:25,659 [28fc21f1-0f1b-4853-8334-7fb4bdc0ccf0@group-13976FD52583-LeaderElection2] INFO  server.RaftServerConfigKeys (ConfUtils.java:logGet(46)) - raft.server.write.element-limit = 1024 (custom)
2023-09-29 12:51:25,659 [28fc21f1-0f1b-4853-8334-7fb4bdc0ccf0@group-13976FD52583-LeaderElection2] INFO  server.RaftServerConfigKeys (ConfUtils.java:logGet(46)) - raft.server.write.follower.gap.ratio.max = -1.0 (default)
2023-09-29 12:51:25,660 [28fc21f1-0f1b-4853-8334-7fb4bdc0ccf0@group-13976FD52583-LeaderElection2] INFO  impl.RoleInfo (RoleInfo.java:updateAndGet(139)) - 28fc21f1-0f1b-4853-8334-7fb4bdc0ccf0: start 28fc21f1-0f1b-4853-8334-7fb4bdc0ccf0@group-13976FD52583-LeaderStateImpl
2023-09-29 12:51:25,660 [28fc21f1-0f1b-4853-8334-7fb4bdc0ccf0@group-13976FD52583-LeaderElection2] INFO  segmented.SegmentedRaftLogWorker (SegmentedRaftLogWorker.java:startLogSegment(447)) - 28fc21f1-0f1b-4853-8334-7fb4bdc0ccf0@group-13976FD52583-SegmentedRaftLogWorker: Starting segment from index:0
2023-09-29 12:51:25,661 [EventQueue-OpenPipelineForHealthyPipelineSafeModeRule] INFO  safemode.SCMSafeModeManager (HealthyPipelineSafeModeRule.java:process(137)) - SCM in safe mode. Healthy pipelines reported count is 0, required healthy pipeline reported count is 1
2023-09-29 12:51:25,668 [28fc21f1-0f1b-4853-8334-7fb4bdc0ccf0@group-13976FD52583-LeaderElection2] INFO  server.RaftServer$Division (ServerState.java:setRaftConf(434)) - 28fc21f1-0f1b-4853-8334-7fb4bdc0ccf0@group-13976FD52583: set configuration 0: peers:[28fc21f1-0f1b-4853-8334-7fb4bdc0ccf0|rpc:10.1.0.70:15014|admin:10.1.0.70:15013|client:10.1.0.70:15012|dataStream:10.1.0.70:15015|priority:1|startupRole:FOLLOWER]|listeners:[], old=null
2023-09-29 12:51:25,668 [28fc21f1-0f1b-4853-8334-7fb4bdc0ccf0@group-13976FD52583-SegmentedRaftLogWorker] INFO  segmented.SegmentedRaftLogWorker (SegmentedRaftLogWorker.java:execute(651)) - 28fc21f1-0f1b-4853-8334-7fb4bdc0ccf0@group-13976FD52583-SegmentedRaftLogWorker: created new log segment /home/runner/work/ozone/ozone/hadoop-ozone/integration-test/target/test-dir/MiniOzoneClusterImpl-811b16cb-c214-4c75-bdb2-1b437bba6cdf/datanode-0/data/ratis/4f955fc0-ea69-486a-8109-13976fd52583/current/log_inprogress_0
2023-09-29 12:51:25,744 [28fc21f1-0f1b-4853-8334-7fb4bdc0ccf0@group-D84CB1ADCB76-FollowerState] INFO  impl.FollowerState (FollowerState.java:run(143)) - 28fc21f1-0f1b-4853-8334-7fb4bdc0ccf0@group-D84CB1ADCB76-FollowerState: change to CANDIDATE, lastRpcElapsedTime:5113558876ns, electionTimeout:5110ms
2023-09-29 12:51:25,747 [28fc21f1-0f1b-4853-8334-7fb4bdc0ccf0@group-D84CB1ADCB76-FollowerState] INFO  impl.RoleInfo (RoleInfo.java:shutdownFollowerState(110)) - 28fc21f1-0f1b-4853-8334-7fb4bdc0ccf0: shutdown 28fc21f1-0f1b-4853-8334-7fb4bdc0ccf0@group-D84CB1ADCB76-FollowerState
2023-09-29 12:51:25,747 [28fc21f1-0f1b-4853-8334-7fb4bdc0ccf0@group-D84CB1ADCB76-FollowerState] INFO  server.RaftServer$Division (RaftServerImpl.java:setRole(329)) - 28fc21f1-0f1b-4853-8334-7fb4bdc0ccf0@group-D84CB1ADCB76: changes role from  FOLLOWER to CANDIDATE at term 0 for changeToCandidate
2023-09-29 12:51:25,747 [28fc21f1-0f1b-4853-8334-7fb4bdc0ccf0@group-D84CB1ADCB76-FollowerState] INFO  server.RaftServerConfigKeys (ConfUtils.java:logGet(46)) - raft.server.leaderelection.pre-vote = true (default)
2023-09-29 12:51:25,747 [28fc21f1-0f1b-4853-8334-7fb4bdc0ccf0@group-D84CB1ADCB76-FollowerState] INFO  impl.RoleInfo (RoleInfo.java:updateAndGet(139)) - 28fc21f1-0f1b-4853-8334-7fb4bdc0ccf0: start 28fc21f1-0f1b-4853-8334-7fb4bdc0ccf0@group-D84CB1ADCB76-LeaderElection3
2023-09-29 12:51:25,750 [28fc21f1-0f1b-4853-8334-7fb4bdc0ccf0@group-D84CB1ADCB76-LeaderElection3] INFO  impl.LeaderElection (LeaderElection.java:askForVotes(321)) - 28fc21f1-0f1b-4853-8334-7fb4bdc0ccf0@group-D84CB1ADCB76-LeaderElection3 PRE_VOTE round 0: submit vote requests at term 0 for -1: peers:[5317d628-7528-4015-930b-d89d4a444778|rpc:10.1.0.70:15023|admin:10.1.0.70:15022|client:10.1.0.70:15021|dataStream:10.1.0.70:15024|priority:0|startupRole:FOLLOWER, 9305807b-68e0-4de4-9f06-795e0c374ac6|rpc:10.1.0.70:15032|admin:10.1.0.70:15031|client:10.1.0.70:15030|dataStream:10.1.0.70:15033|priority:1|startupRole:FOLLOWER, 28fc21f1-0f1b-4853-8334-7fb4bdc0ccf0|rpc:10.1.0.70:15014|admin:10.1.0.70:15013|client:10.1.0.70:15012|dataStream:10.1.0.70:15015|priority:0|startupRole:FOLLOWER]|listeners:[], old=null
2023-09-29 12:51:25,755 [28fc21f1-0f1b-4853-8334-7fb4bdc0ccf0@group-D84CB1ADCB76-LeaderElection3] INFO  server.RaftServerConfigKeys (ConfUtils.java:logFallback(53)) - raft.server.rpc.first-election.timeout.min = 5s (fallback to raft.server.rpc.timeout.min)
2023-09-29 12:51:25,755 [28fc21f1-0f1b-4853-8334-7fb4bdc0ccf0@group-D84CB1ADCB76-LeaderElection3] INFO  server.RaftServerConfigKeys (ConfUtils.java:logFallback(53)) - raft.server.rpc.first-election.timeout.max = 5200ms (fallback to raft.server.rpc.timeout.max)
2023-09-29 12:51:25,755 [28fc21f1-0f1b-4853-8334-7fb4bdc0ccf0@group-D84CB1ADCB76-LeaderElection3-1] INFO  server.GrpcServerProtocolClient (GrpcServerProtocolClient.java:<init>(65)) - Build channel for 5317d628-7528-4015-930b-d89d4a444778
2023-09-29 12:51:25,757 [28fc21f1-0f1b-4853-8334-7fb4bdc0ccf0@group-D84CB1ADCB76-LeaderElection3-2] INFO  server.GrpcServerProtocolClient (GrpcServerProtocolClient.java:<init>(65)) - Build channel for 9305807b-68e0-4de4-9f06-795e0c374ac6
2023-09-29 12:51:25,770 [grpc-default-executor-2] INFO  server.RaftServer$Division (RaftServerImpl.java:requestVote(1302)) - 9305807b-68e0-4de4-9f06-795e0c374ac6@group-D84CB1ADCB76: receive requestVote(PRE_VOTE, 28fc21f1-0f1b-4853-8334-7fb4bdc0ccf0, group-D84CB1ADCB76, 0, (t:0, i:0))
2023-09-29 12:51:25,776 [grpc-default-executor-0] INFO  server.RaftServer$Division (RaftServerImpl.java:requestVote(1302)) - 5317d628-7528-4015-930b-d89d4a444778@group-D84CB1ADCB76: receive requestVote(PRE_VOTE, 28fc21f1-0f1b-4853-8334-7fb4bdc0ccf0, group-D84CB1ADCB76, 0, (t:0, i:0))
2023-09-29 12:51:25,777 [grpc-default-executor-0] INFO  impl.VoteContext (VoteContext.java:log(49)) - 5317d628-7528-4015-930b-d89d4a444778@group-D84CB1ADCB76-FOLLOWER: accept PRE_VOTE from 28fc21f1-0f1b-4853-8334-7fb4bdc0ccf0: our priority 0 <= candidate's priority 0
2023-09-29 12:51:25,781 [grpc-default-executor-0] INFO  server.RaftServer$Division (RaftServerImpl.java:requestVote(1335)) - 5317d628-7528-4015-930b-d89d4a444778@group-D84CB1ADCB76 replies to PRE_VOTE vote request: 28fc21f1-0f1b-4853-8334-7fb4bdc0ccf0<-5317d628-7528-4015-930b-d89d4a444778#0:OK-t0. Peer's state: 5317d628-7528-4015-930b-d89d4a444778@group-D84CB1ADCB76:t0, leader=null, voted=, raftlog=Memoized:5317d628-7528-4015-930b-d89d4a444778@group-D84CB1ADCB76-SegmentedRaftLog:OPENED:c-1, conf=-1: peers:[5317d628-7528-4015-930b-d89d4a444778|rpc:10.1.0.70:15023|admin:10.1.0.70:15022|client:10.1.0.70:15021|dataStream:10.1.0.70:15024|priority:0|startupRole:FOLLOWER, 9305807b-68e0-4de4-9f06-795e0c374ac6|rpc:10.1.0.70:15032|admin:10.1.0.70:15031|client:10.1.0.70:15030|dataStream:10.1.0.70:15033|priority:1|startupRole:FOLLOWER, 28fc21f1-0f1b-4853-8334-7fb4bdc0ccf0|rpc:10.1.0.70:15014|admin:10.1.0.70:15013|client:10.1.0.70:15012|dataStream:10.1.0.70:15015|priority:0|startupRole:FOLLOWER]|listeners:[], old=null
2023-09-29 12:51:25,779 [grpc-default-executor-2] INFO  impl.VoteContext (VoteContext.java:log(49)) - 9305807b-68e0-4de4-9f06-795e0c374ac6@group-D84CB1ADCB76-FOLLOWER: reject PRE_VOTE from 28fc21f1-0f1b-4853-8334-7fb4bdc0ccf0: our priority 1 > candidate's priority 0
2023-09-29 12:51:25,783 [grpc-default-executor-2] INFO  server.RaftServer$Division (RaftServerImpl.java:requestVote(1335)) - 9305807b-68e0-4de4-9f06-795e0c374ac6@group-D84CB1ADCB76 replies to PRE_VOTE vote request: 28fc21f1-0f1b-4853-8334-7fb4bdc0ccf0<-9305807b-68e0-4de4-9f06-795e0c374ac6#0:FAIL-t0. Peer's state: 9305807b-68e0-4de4-9f06-795e0c374ac6@group-D84CB1ADCB76:t0, leader=null, voted=, raftlog=Memoized:9305807b-68e0-4de4-9f06-795e0c374ac6@group-D84CB1ADCB76-SegmentedRaftLog:OPENED:c-1, conf=-1: peers:[5317d628-7528-4015-930b-d89d4a444778|rpc:10.1.0.70:15023|admin:10.1.0.70:15022|client:10.1.0.70:15021|dataStream:10.1.0.70:15024|priority:0|startupRole:FOLLOWER, 9305807b-68e0-4de4-9f06-795e0c374ac6|rpc:10.1.0.70:15032|admin:10.1.0.70:15031|client:10.1.0.70:15030|dataStream:10.1.0.70:15033|priority:1|startupRole:FOLLOWER, 28fc21f1-0f1b-4853-8334-7fb4bdc0ccf0|rpc:10.1.0.70:15014|admin:10.1.0.70:15013|client:10.1.0.70:15012|dataStream:10.1.0.70:15015|priority:0|startupRole:FOLLOWER]|listeners:[], old=null
2023-09-29 12:51:25,787 [28fc21f1-0f1b-4853-8334-7fb4bdc0ccf0@group-D84CB1ADCB76-LeaderElection3] INFO  impl.LeaderElection (LeaderElection.java:logAndReturn(90)) - 28fc21f1-0f1b-4853-8334-7fb4bdc0ccf0@group-D84CB1ADCB76-LeaderElection3: PRE_VOTE REJECTED received 1 response(s) and 0 exception(s):
2023-09-29 12:51:25,787 [28fc21f1-0f1b-4853-8334-7fb4bdc0ccf0@group-D84CB1ADCB76-LeaderElection3] INFO  impl.LeaderElection (LeaderElection.java:logAndReturn(94)) -   Response 0: 28fc21f1-0f1b-4853-8334-7fb4bdc0ccf0<-9305807b-68e0-4de4-9f06-795e0c374ac6#0:FAIL-t0
2023-09-29 12:51:25,787 [28fc21f1-0f1b-4853-8334-7fb4bdc0ccf0@group-D84CB1ADCB76-LeaderElection3] INFO  impl.LeaderElection (LeaderElection.java:askForVotes(323)) - 28fc21f1-0f1b-4853-8334-7fb4bdc0ccf0@group-D84CB1ADCB76-LeaderElection3 PRE_VOTE round 0: result REJECTED
2023-09-29 12:51:25,787 [28fc21f1-0f1b-4853-8334-7fb4bdc0ccf0@group-D84CB1ADCB76-LeaderElection3] INFO  server.RaftServer$Division (RaftServerImpl.java:setRole(329)) - 28fc21f1-0f1b-4853-8334-7fb4bdc0ccf0@group-D84CB1ADCB76: changes role from CANDIDATE to FOLLOWER at term 0 for REJECTED
2023-09-29 12:51:25,787 [28fc21f1-0f1b-4853-8334-7fb4bdc0ccf0@group-D84CB1ADCB76-LeaderElection3] INFO  impl.RoleInfo (RoleInfo.java:shutdownLeaderElection(130)) - 28fc21f1-0f1b-4853-8334-7fb4bdc0ccf0: shutdown 28fc21f1-0f1b-4853-8334-7fb4bdc0ccf0@group-D84CB1ADCB76-LeaderElection3
2023-09-29 12:51:25,787 [28fc21f1-0f1b-4853-8334-7fb4bdc0ccf0@group-D84CB1ADCB76-LeaderElection3] INFO  impl.RoleInfo (RoleInfo.java:updateAndGet(139)) - 28fc21f1-0f1b-4853-8334-7fb4bdc0ccf0: start 28fc21f1-0f1b-4853-8334-7fb4bdc0ccf0@group-D84CB1ADCB76-FollowerState
2023-09-29 12:51:25,881 [main] INFO  ozone.MiniOzoneClusterImpl (MiniOzoneClusterImpl.java:lambda$waitForClusterToBeReady$0(229)) - Nodes are ready. Got 10 of 10 DN Heartbeats.
2023-09-29 12:51:25,881 [main] INFO  ozone.MiniOzoneClusterImpl (MiniOzoneClusterImpl.java:lambda$waitForClusterToBeReady$0(232)) - Waiting for cluster to exit safe mode
2023-09-29 12:51:25,881 [main] INFO  ozone.MiniOzoneClusterImpl (MiniOzoneClusterImpl.java:lambda$waitForClusterToBeReady$0(234)) - SCM became leader
2023-09-29 12:51:26,078 [5317d628-7528-4015-930b-d89d4a444778@group-4398ACCF5932-FollowerState] INFO  impl.FollowerState (FollowerState.java:run(143)) - 5317d628-7528-4015-930b-d89d4a444778@group-4398ACCF5932-FollowerState: change to CANDIDATE, lastRpcElapsedTime:5060375649ns, electionTimeout:5045ms
2023-09-29 12:51:26,078 [5317d628-7528-4015-930b-d89d4a444778@group-4398ACCF5932-FollowerState] INFO  impl.RoleInfo (RoleInfo.java:shutdownFollowerState(110)) - 5317d628-7528-4015-930b-d89d4a444778: shutdown 5317d628-7528-4015-930b-d89d4a444778@group-4398ACCF5932-FollowerState
2023-09-29 12:51:26,079 [5317d628-7528-4015-930b-d89d4a444778@group-4398ACCF5932-FollowerState] INFO  server.RaftServer$Division (RaftServerImpl.java:setRole(329)) - 5317d628-7528-4015-930b-d89d4a444778@group-4398ACCF5932: changes role from  FOLLOWER to CANDIDATE at term 0 for changeToCandidate
2023-09-29 12:51:26,079 [5317d628-7528-4015-930b-d89d4a444778@group-4398ACCF5932-FollowerState] INFO  server.RaftServerConfigKeys (ConfUtils.java:logGet(46)) - raft.server.leaderelection.pre-vote = true (default)
2023-09-29 12:51:26,079 [5317d628-7528-4015-930b-d89d4a444778@group-4398ACCF5932-FollowerState] INFO  impl.RoleInfo (RoleInfo.java:updateAndGet(139)) - 5317d628-7528-4015-930b-d89d4a444778: start 5317d628-7528-4015-930b-d89d4a444778@group-4398ACCF5932-LeaderElection4
2023-09-29 12:51:26,082 [5317d628-7528-4015-930b-d89d4a444778@group-4398ACCF5932-LeaderElection4] INFO  impl.LeaderElection (LeaderElection.java:askForVotes(321)) - 5317d628-7528-4015-930b-d89d4a444778@group-4398ACCF5932-LeaderElection4 PRE_VOTE round 0: submit vote requests at term 0 for -1: peers:[5317d628-7528-4015-930b-d89d4a444778|rpc:10.1.0.70:15023|admin:10.1.0.70:15022|client:10.1.0.70:15021|dataStream:10.1.0.70:15024|priority:1|startupRole:FOLLOWER]|listeners:[], old=null
2023-09-29 12:51:26,082 [5317d628-7528-4015-930b-d89d4a444778@group-4398ACCF5932-LeaderElection4] INFO  impl.LeaderElection (LeaderElection.java:askForVotes(323)) - 5317d628-7528-4015-930b-d89d4a444778@group-4398ACCF5932-LeaderElection4 PRE_VOTE round 0: result PASSED (term=0)
2023-09-29 12:51:26,084 [5317d628-7528-4015-930b-d89d4a444778@group-4398ACCF5932-LeaderElection4] INFO  impl.LeaderElection (LeaderElection.java:askForVotes(321)) - 5317d628-7528-4015-930b-d89d4a444778@group-4398ACCF5932-LeaderElection4 ELECTION round 0: submit vote requests at term 1 for -1: peers:[5317d628-7528-4015-930b-d89d4a444778|rpc:10.1.0.70:15023|admin:10.1.0.70:15022|client:10.1.0.70:15021|dataStream:10.1.0.70:15024|priority:1|startupRole:FOLLOWER]|listeners:[], old=null
2023-09-29 12:51:26,084 [5317d628-7528-4015-930b-d89d4a444778@group-4398ACCF5932-LeaderElection4] INFO  impl.LeaderElection (LeaderElection.java:askForVotes(323)) - 5317d628-7528-4015-930b-d89d4a444778@group-4398ACCF5932-LeaderElection4 ELECTION round 0: result PASSED (term=1)
2023-09-29 12:51:26,084 [5317d628-7528-4015-930b-d89d4a444778@group-4398ACCF5932-LeaderElection4] INFO  impl.RoleInfo (RoleInfo.java:shutdownLeaderElection(130)) - 5317d628-7528-4015-930b-d89d4a444778: shutdown 5317d628-7528-4015-930b-d89d4a444778@group-4398ACCF5932-LeaderElection4
2023-09-29 12:51:26,084 [5317d628-7528-4015-930b-d89d4a444778@group-4398ACCF5932-LeaderElection4] INFO  server.RaftServer$Division (RaftServerImpl.java:setRole(329)) - 5317d628-7528-4015-930b-d89d4a444778@group-4398ACCF5932: changes role from CANDIDATE to LEADER at term 1 for changeToLeader
2023-09-29 12:51:26,084 [5317d628-7528-4015-930b-d89d4a444778@group-4398ACCF5932-LeaderElection4] INFO  ratis.XceiverServerRatis (XceiverServerRatis.java:handleLeaderChangedNotification(902)) - Leader change notification received for group: group-4398ACCF5932 with new leaderId: 5317d628-7528-4015-930b-d89d4a444778
2023-09-29 12:51:26,084 [5317d628-7528-4015-930b-d89d4a444778@group-4398ACCF5932-LeaderElection4] INFO  server.RaftServer$Division (ServerState.java:setLeader(317)) - 5317d628-7528-4015-930b-d89d4a444778@group-4398ACCF5932: change Leader from null to 5317d628-7528-4015-930b-d89d4a444778 at term 1 for becomeLeader, leader elected after 5110ms
2023-09-29 12:51:26,085 [5317d628-7528-4015-930b-d89d4a444778@group-4398ACCF5932-LeaderElection4] INFO  server.RaftServerConfigKeys (ConfUtils.java:logGet(46)) - raft.server.staging.catchup.gap = 1000 (default)
2023-09-29 12:51:26,085 [5317d628-7528-4015-930b-d89d4a444778@group-4398ACCF5932-LeaderElection4] INFO  server.RaftServerConfigKeys (ConfUtils.java:logGet(46)) - raft.server.write.element-limit = 1024 (custom)
2023-09-29 12:51:26,085 [5317d628-7528-4015-930b-d89d4a444778@group-4398ACCF5932-LeaderElection4] INFO  server.RaftServerConfigKeys (ConfUtils.java:logGet(46)) - raft.server.write.byte-limit = 1024 M (=1073741824) (custom)
2023-09-29 12:51:26,086 [5317d628-7528-4015-930b-d89d4a444778@group-4398ACCF5932-LeaderElection4] INFO  server.RaftServerConfigKeys (ConfUtils.java:logGet(46)) - raft.server.watch.timeout = 180s (custom)
2023-09-29 12:51:26,086 [5317d628-7528-4015-930b-d89d4a444778@group-4398ACCF5932-LeaderElection4] INFO  server.RaftServerConfigKeys (ConfUtils.java:logGet(46)) - raft.server.watch.timeout.denomination = 1s (default)
2023-09-29 12:51:26,086 [5317d628-7528-4015-930b-d89d4a444778@group-4398ACCF5932-LeaderElection4] INFO  server.RaftServerConfigKeys (ConfUtils.java:logGet(46)) - raft.server.watch.element-limit = 65536 (default)
2023-09-29 12:51:26,086 [5317d628-7528-4015-930b-d89d4a444778@group-4398ACCF5932-LeaderElection4] INFO  server.RaftServerConfigKeys (ConfUtils.java:logGet(46)) - raft.server.write.element-limit = 1024 (custom)
2023-09-29 12:51:26,086 [5317d628-7528-4015-930b-d89d4a444778@group-4398ACCF5932-LeaderElection4] INFO  server.RaftServerConfigKeys (ConfUtils.java:logGet(46)) - raft.server.write.follower.gap.ratio.max = -1.0 (default)
2023-09-29 12:51:26,086 [5317d628-7528-4015-930b-d89d4a444778@group-4398ACCF5932-LeaderElection4] INFO  impl.RoleInfo (RoleInfo.java:updateAndGet(139)) - 5317d628-7528-4015-930b-d89d4a444778: start 5317d628-7528-4015-930b-d89d4a444778@group-4398ACCF5932-LeaderStateImpl
2023-09-29 12:51:26,086 [EventQueue-OpenPipelineForHealthyPipelineSafeModeRule] INFO  safemode.SCMSafeModeManager (HealthyPipelineSafeModeRule.java:process(137)) - SCM in safe mode. Healthy pipelines reported count is 0, required healthy pipeline reported count is 1
2023-09-29 12:51:26,087 [5317d628-7528-4015-930b-d89d4a444778@group-4398ACCF5932-LeaderElection4] INFO  segmented.SegmentedRaftLogWorker (SegmentedRaftLogWorker.java:startLogSegment(447)) - 5317d628-7528-4015-930b-d89d4a444778@group-4398ACCF5932-SegmentedRaftLogWorker: Starting segment from index:0
2023-09-29 12:51:26,089 [5317d628-7528-4015-930b-d89d4a444778@group-4398ACCF5932-SegmentedRaftLogWorker] INFO  segmented.SegmentedRaftLogWorker (SegmentedRaftLogWorker.java:execute(651)) - 5317d628-7528-4015-930b-d89d4a444778@group-4398ACCF5932-SegmentedRaftLogWorker: created new log segment /home/runner/work/ozone/ozone/hadoop-ozone/integration-test/target/test-dir/MiniOzoneClusterImpl-811b16cb-c214-4c75-bdb2-1b437bba6cdf/datanode-1/data/ratis/761249f9-8bb6-41bf-974d-4398accf5932/current/log_inprogress_0
2023-09-29 12:51:26,089 [5317d628-7528-4015-930b-d89d4a444778@group-4398ACCF5932-LeaderElection4] INFO  server.RaftServer$Division (ServerState.java:setRaftConf(434)) - 5317d628-7528-4015-930b-d89d4a444778@group-4398ACCF5932: set configuration 0: peers:[5317d628-7528-4015-930b-d89d4a444778|rpc:10.1.0.70:15023|admin:10.1.0.70:15022|client:10.1.0.70:15021|dataStream:10.1.0.70:15024|priority:1|startupRole:FOLLOWER]|listeners:[], old=null
2023-09-29 12:51:26,151 [5317d628-7528-4015-930b-d89d4a444778@group-D84CB1ADCB76-FollowerState] INFO  server.RaftServerConfigKeys (ConfUtils.java:logFallback(53)) - raft.server.rpc.first-election.timeout.min = 5s (fallback to raft.server.rpc.timeout.min)
2023-09-29 12:51:26,151 [5317d628-7528-4015-930b-d89d4a444778@group-D84CB1ADCB76-FollowerState] INFO  server.RaftServerConfigKeys (ConfUtils.java:logFallback(53)) - raft.server.rpc.first-election.timeout.max = 5200ms (fallback to raft.server.rpc.timeout.max)
2023-09-29 12:51:26,527 [9305807b-68e0-4de4-9f06-795e0c374ac6@group-D84CB1ADCB76-FollowerState] INFO  impl.FollowerState (FollowerState.java:run(143)) - 9305807b-68e0-4de4-9f06-795e0c374ac6@group-D84CB1ADCB76-FollowerState: change to CANDIDATE, lastRpcElapsedTime:5139642089ns, electionTimeout:5128ms
2023-09-29 12:51:26,527 [9305807b-68e0-4de4-9f06-795e0c374ac6@group-D84CB1ADCB76-FollowerState] INFO  impl.RoleInfo (RoleInfo.java:shutdownFollowerState(110)) - 9305807b-68e0-4de4-9f06-795e0c374ac6: shutdown 9305807b-68e0-4de4-9f06-795e0c374ac6@group-D84CB1ADCB76-FollowerState
2023-09-29 12:51:26,527 [9305807b-68e0-4de4-9f06-795e0c374ac6@group-D84CB1ADCB76-FollowerState] INFO  server.RaftServer$Division (RaftServerImpl.java:setRole(329)) - 9305807b-68e0-4de4-9f06-795e0c374ac6@group-D84CB1ADCB76: changes role from  FOLLOWER to CANDIDATE at term 0 for changeToCandidate
2023-09-29 12:51:26,527 [9305807b-68e0-4de4-9f06-795e0c374ac6@group-D84CB1ADCB76-FollowerState] INFO  server.RaftServerConfigKeys (ConfUtils.java:logGet(46)) - raft.server.leaderelection.pre-vote = true (default)
2023-09-29 12:51:26,527 [9305807b-68e0-4de4-9f06-795e0c374ac6@group-D84CB1ADCB76-FollowerState] INFO  impl.RoleInfo (RoleInfo.java:updateAndGet(139)) - 9305807b-68e0-4de4-9f06-795e0c374ac6: start 9305807b-68e0-4de4-9f06-795e0c374ac6@group-D84CB1ADCB76-LeaderElection5
2023-09-29 12:51:26,529 [9305807b-68e0-4de4-9f06-795e0c374ac6@group-D84CB1ADCB76-LeaderElection5] INFO  impl.LeaderElection (LeaderElection.java:askForVotes(321)) - 9305807b-68e0-4de4-9f06-795e0c374ac6@group-D84CB1ADCB76-LeaderElection5 PRE_VOTE round 0: submit vote requests at term 0 for -1: peers:[5317d628-7528-4015-930b-d89d4a444778|rpc:10.1.0.70:15023|admin:10.1.0.70:15022|client:10.1.0.70:15021|dataStream:10.1.0.70:15024|priority:0|startupRole:FOLLOWER, 9305807b-68e0-4de4-9f06-795e0c374ac6|rpc:10.1.0.70:15032|admin:10.1.0.70:15031|client:10.1.0.70:15030|dataStream:10.1.0.70:15033|priority:1|startupRole:FOLLOWER, 28fc21f1-0f1b-4853-8334-7fb4bdc0ccf0|rpc:10.1.0.70:15014|admin:10.1.0.70:15013|client:10.1.0.70:15012|dataStream:10.1.0.70:15015|priority:0|startupRole:FOLLOWER]|listeners:[], old=null
2023-09-29 12:51:26,530 [9305807b-68e0-4de4-9f06-795e0c374ac6@group-D84CB1ADCB76-LeaderElection5-1] INFO  server.GrpcServerProtocolClient (GrpcServerProtocolClient.java:<init>(65)) - Build channel for 5317d628-7528-4015-930b-d89d4a444778
2023-09-29 12:51:26,530 [9305807b-68e0-4de4-9f06-795e0c374ac6@group-D84CB1ADCB76-LeaderElection5] INFO  server.RaftServerConfigKeys (ConfUtils.java:logFallback(53)) - raft.server.rpc.first-election.timeout.min = 5s (fallback to raft.server.rpc.timeout.min)
2023-09-29 12:51:26,530 [9305807b-68e0-4de4-9f06-795e0c374ac6@group-D84CB1ADCB76-LeaderElection5] INFO  server.RaftServerConfigKeys (ConfUtils.java:logFallback(53)) - raft.server.rpc.first-election.timeout.max = 5200ms (fallback to raft.server.rpc.timeout.max)
2023-09-29 12:51:26,531 [9305807b-68e0-4de4-9f06-795e0c374ac6@group-D84CB1ADCB76-LeaderElection5-2] INFO  server.GrpcServerProtocolClient (GrpcServerProtocolClient.java:<init>(65)) - Build channel for 28fc21f1-0f1b-4853-8334-7fb4bdc0ccf0
2023-09-29 12:51:26,543 [grpc-default-executor-2] INFO  server.RaftServer$Division (RaftServerImpl.java:requestVote(1302)) - 5317d628-7528-4015-930b-d89d4a444778@group-D84CB1ADCB76: receive requestVote(PRE_VOTE, 9305807b-68e0-4de4-9f06-795e0c374ac6, group-D84CB1ADCB76, 0, (t:0, i:0))
2023-09-29 12:51:26,544 [grpc-default-executor-2] INFO  impl.VoteContext (VoteContext.java:log(49)) - 5317d628-7528-4015-930b-d89d4a444778@group-D84CB1ADCB76-FOLLOWER: accept PRE_VOTE from 9305807b-68e0-4de4-9f06-795e0c374ac6: our priority 0 <= candidate's priority 1
2023-09-29 12:51:26,544 [grpc-default-executor-2] INFO  server.RaftServer$Division (RaftServerImpl.java:requestVote(1335)) - 5317d628-7528-4015-930b-d89d4a444778@group-D84CB1ADCB76 replies to PRE_VOTE vote request: 9305807b-68e0-4de4-9f06-795e0c374ac6<-5317d628-7528-4015-930b-d89d4a444778#0:OK-t0. Peer's state: 5317d628-7528-4015-930b-d89d4a444778@group-D84CB1ADCB76:t0, leader=null, voted=, raftlog=Memoized:5317d628-7528-4015-930b-d89d4a444778@group-D84CB1ADCB76-SegmentedRaftLog:OPENED:c-1, conf=-1: peers:[5317d628-7528-4015-930b-d89d4a444778|rpc:10.1.0.70:15023|admin:10.1.0.70:15022|client:10.1.0.70:15021|dataStream:10.1.0.70:15024|priority:0|startupRole:FOLLOWER, 9305807b-68e0-4de4-9f06-795e0c374ac6|rpc:10.1.0.70:15032|admin:10.1.0.70:15031|client:10.1.0.70:15030|dataStream:10.1.0.70:15033|priority:1|startupRole:FOLLOWER, 28fc21f1-0f1b-4853-8334-7fb4bdc0ccf0|rpc:10.1.0.70:15014|admin:10.1.0.70:15013|client:10.1.0.70:15012|dataStream:10.1.0.70:15015|priority:0|startupRole:FOLLOWER]|listeners:[], old=null
2023-09-29 12:51:26,551 [9305807b-68e0-4de4-9f06-795e0c374ac6@group-D84CB1ADCB76-LeaderElection5] INFO  impl.LeaderElection (LeaderElection.java:logAndReturn(90)) - 9305807b-68e0-4de4-9f06-795e0c374ac6@group-D84CB1ADCB76-LeaderElection5: PRE_VOTE PASSED received 1 response(s) and 0 exception(s):
2023-09-29 12:51:26,551 [9305807b-68e0-4de4-9f06-795e0c374ac6@group-D84CB1ADCB76-LeaderElection5] INFO  impl.LeaderElection (LeaderElection.java:logAndReturn(94)) -   Response 0: 9305807b-68e0-4de4-9f06-795e0c374ac6<-5317d628-7528-4015-930b-d89d4a444778#0:OK-t0
2023-09-29 12:51:26,551 [9305807b-68e0-4de4-9f06-795e0c374ac6@group-D84CB1ADCB76-LeaderElection5] INFO  impl.LeaderElection (LeaderElection.java:askForVotes(323)) - 9305807b-68e0-4de4-9f06-795e0c374ac6@group-D84CB1ADCB76-LeaderElection5 PRE_VOTE round 0: result PASSED
2023-09-29 12:51:26,553 [9305807b-68e0-4de4-9f06-795e0c374ac6@group-D84CB1ADCB76-LeaderElection5] INFO  impl.LeaderElection (LeaderElection.java:askForVotes(321)) - 9305807b-68e0-4de4-9f06-795e0c374ac6@group-D84CB1ADCB76-LeaderElection5 ELECTION round 0: submit vote requests at term 1 for -1: peers:[5317d628-7528-4015-930b-d89d4a444778|rpc:10.1.0.70:15023|admin:10.1.0.70:15022|client:10.1.0.70:15021|dataStream:10.1.0.70:15024|priority:0|startupRole:FOLLOWER, 9305807b-68e0-4de4-9f06-795e0c374ac6|rpc:10.1.0.70:15032|admin:10.1.0.70:15031|client:10.1.0.70:15030|dataStream:10.1.0.70:15033|priority:1|startupRole:FOLLOWER, 28fc21f1-0f1b-4853-8334-7fb4bdc0ccf0|rpc:10.1.0.70:15014|admin:10.1.0.70:15013|client:10.1.0.70:15012|dataStream:10.1.0.70:15015|priority:0|startupRole:FOLLOWER]|listeners:[], old=null
2023-09-29 12:51:26,556 [9305807b-68e0-4de4-9f06-795e0c374ac6@group-D84CB1ADCB76-LeaderElection5] INFO  server.RaftServerConfigKeys (ConfUtils.java:logFallback(53)) - raft.server.rpc.first-election.timeout.min = 5s (fallback to raft.server.rpc.timeout.min)
2023-09-29 12:51:26,556 [9305807b-68e0-4de4-9f06-795e0c374ac6@group-D84CB1ADCB76-LeaderElection5] INFO  server.RaftServerConfigKeys (ConfUtils.java:logFallback(53)) - raft.server.rpc.first-election.timeout.max = 5200ms (fallback to raft.server.rpc.timeout.max)
2023-09-29 12:51:26,556 [grpc-default-executor-2] INFO  server.RaftServer$Division (RaftServerImpl.java:requestVote(1302)) - 28fc21f1-0f1b-4853-8334-7fb4bdc0ccf0@group-D84CB1ADCB76: receive requestVote(PRE_VOTE, 9305807b-68e0-4de4-9f06-795e0c374ac6, group-D84CB1ADCB76, 0, (t:0, i:0))
2023-09-29 12:51:26,556 [grpc-default-executor-2] INFO  impl.VoteContext (VoteContext.java:log(49)) - 28fc21f1-0f1b-4853-8334-7fb4bdc0ccf0@group-D84CB1ADCB76-FOLLOWER: accept PRE_VOTE from 9305807b-68e0-4de4-9f06-795e0c374ac6: our priority 0 <= candidate's priority 1
2023-09-29 12:51:26,557 [grpc-default-executor-2] INFO  server.RaftServer$Division (RaftServerImpl.java:requestVote(1335)) - 28fc21f1-0f1b-4853-8334-7fb4bdc0ccf0@group-D84CB1ADCB76 replies to PRE_VOTE vote request: 9305807b-68e0-4de4-9f06-795e0c374ac6<-28fc21f1-0f1b-4853-8334-7fb4bdc0ccf0#0:OK-t0. Peer's state: 28fc21f1-0f1b-4853-8334-7fb4bdc0ccf0@group-D84CB1ADCB76:t0, leader=null, voted=, raftlog=Memoized:28fc21f1-0f1b-4853-8334-7fb4bdc0ccf0@group-D84CB1ADCB76-SegmentedRaftLog:OPENED:c-1, conf=-1: peers:[5317d628-7528-4015-930b-d89d4a444778|rpc:10.1.0.70:15023|admin:10.1.0.70:15022|client:10.1.0.70:15021|dataStream:10.1.0.70:15024|priority:0|startupRole:FOLLOWER, 9305807b-68e0-4de4-9f06-795e0c374ac6|rpc:10.1.0.70:15032|admin:10.1.0.70:15031|client:10.1.0.70:15030|dataStream:10.1.0.70:15033|priority:1|startupRole:FOLLOWER, 28fc21f1-0f1b-4853-8334-7fb4bdc0ccf0|rpc:10.1.0.70:15014|admin:10.1.0.70:15013|client:10.1.0.70:15012|dataStream:10.1.0.70:15015|priority:0|startupRole:FOLLOWER]|listeners:[], old=null
2023-09-29 12:51:26,572 [grpc-default-executor-0] INFO  server.RaftServer$Division (RaftServerImpl.java:requestVote(1302)) - 28fc21f1-0f1b-4853-8334-7fb4bdc0ccf0@group-D84CB1ADCB76: receive requestVote(ELECTION, 9305807b-68e0-4de4-9f06-795e0c374ac6, group-D84CB1ADCB76, 1, (t:0, i:0))
2023-09-29 12:51:26,572 [grpc-default-executor-2] INFO  server.RaftServer$Division (RaftServerImpl.java:requestVote(1302)) - 5317d628-7528-4015-930b-d89d4a444778@group-D84CB1ADCB76: receive requestVote(ELECTION, 9305807b-68e0-4de4-9f06-795e0c374ac6, group-D84CB1ADCB76, 1, (t:0, i:0))
2023-09-29 12:51:26,573 [grpc-default-executor-0] INFO  impl.VoteContext (VoteContext.java:log(49)) - 28fc21f1-0f1b-4853-8334-7fb4bdc0ccf0@group-D84CB1ADCB76-FOLLOWER: accept ELECTION from 9305807b-68e0-4de4-9f06-795e0c374ac6: our priority 0 <= candidate's priority 1
2023-09-29 12:51:26,573 [grpc-default-executor-2] INFO  impl.VoteContext (VoteContext.java:log(49)) - 5317d628-7528-4015-930b-d89d4a444778@group-D84CB1ADCB76-FOLLOWER: accept ELECTION from 9305807b-68e0-4de4-9f06-795e0c374ac6: our priority 0 <= candidate's priority 1
2023-09-29 12:51:26,573 [grpc-default-executor-0] INFO  server.RaftServer$Division (RaftServerImpl.java:setRole(329)) - 28fc21f1-0f1b-4853-8334-7fb4bdc0ccf0@group-D84CB1ADCB76: changes role from  FOLLOWER to FOLLOWER at term 1 for candidate:9305807b-68e0-4de4-9f06-795e0c374ac6
2023-09-29 12:51:26,573 [grpc-default-executor-2] INFO  server.RaftServer$Division (RaftServerImpl.java:setRole(329)) - 5317d628-7528-4015-930b-d89d4a444778@group-D84CB1ADCB76: changes role from  FOLLOWER to FOLLOWER at term 1 for candidate:9305807b-68e0-4de4-9f06-795e0c374ac6
2023-09-29 12:51:26,573 [grpc-default-executor-2] INFO  impl.RoleInfo (RoleInfo.java:shutdownFollowerState(110)) - 5317d628-7528-4015-930b-d89d4a444778: shutdown 5317d628-7528-4015-930b-d89d4a444778@group-D84CB1ADCB76-FollowerState
2023-09-29 12:51:26,573 [grpc-default-executor-0] INFO  impl.RoleInfo (RoleInfo.java:shutdownFollowerState(110)) - 28fc21f1-0f1b-4853-8334-7fb4bdc0ccf0: shutdown 28fc21f1-0f1b-4853-8334-7fb4bdc0ccf0@group-D84CB1ADCB76-FollowerState
2023-09-29 12:51:26,573 [grpc-default-executor-2] INFO  impl.RoleInfo (RoleInfo.java:updateAndGet(139)) - 5317d628-7528-4015-930b-d89d4a444778: start 5317d628-7528-4015-930b-d89d4a444778@group-D84CB1ADCB76-FollowerState
2023-09-29 12:51:26,573 [grpc-default-executor-0] INFO  impl.RoleInfo (RoleInfo.java:updateAndGet(139)) - 28fc21f1-0f1b-4853-8334-7fb4bdc0ccf0: start 28fc21f1-0f1b-4853-8334-7fb4bdc0ccf0@group-D84CB1ADCB76-FollowerState
2023-09-29 12:51:26,573 [5317d628-7528-4015-930b-d89d4a444778@group-D84CB1ADCB76-FollowerState] INFO  impl.FollowerState (FollowerState.java:run(152)) - 5317d628-7528-4015-930b-d89d4a444778@group-D84CB1ADCB76-FollowerState was interrupted
2023-09-29 12:51:26,573 [28fc21f1-0f1b-4853-8334-7fb4bdc0ccf0@group-D84CB1ADCB76-FollowerState] INFO  impl.FollowerState (FollowerState.java:run(152)) - 28fc21f1-0f1b-4853-8334-7fb4bdc0ccf0@group-D84CB1ADCB76-FollowerState was interrupted
2023-09-29 12:51:26,578 [grpc-default-executor-2] INFO  server.RaftServer$Division (RaftServerImpl.java:requestVote(1335)) - 5317d628-7528-4015-930b-d89d4a444778@group-D84CB1ADCB76 replies to ELECTION vote request: 9305807b-68e0-4de4-9f06-795e0c374ac6<-5317d628-7528-4015-930b-d89d4a444778#0:OK-t1. Peer's state: 5317d628-7528-4015-930b-d89d4a444778@group-D84CB1ADCB76:t1, leader=null, voted=9305807b-68e0-4de4-9f06-795e0c374ac6, raftlog=Memoized:5317d628-7528-4015-930b-d89d4a444778@group-D84CB1ADCB76-SegmentedRaftLog:OPENED:c-1, conf=-1: peers:[5317d628-7528-4015-930b-d89d4a444778|rpc:10.1.0.70:15023|admin:10.1.0.70:15022|client:10.1.0.70:15021|dataStream:10.1.0.70:15024|priority:0|startupRole:FOLLOWER, 9305807b-68e0-4de4-9f06-795e0c374ac6|rpc:10.1.0.70:15032|admin:10.1.0.70:15031|client:10.1.0.70:15030|dataStream:10.1.0.70:15033|priority:1|startupRole:FOLLOWER, 28fc21f1-0f1b-4853-8334-7fb4bdc0ccf0|rpc:10.1.0.70:15014|admin:10.1.0.70:15013|client:10.1.0.70:15012|dataStream:10.1.0.70:15015|priority:0|startupRole:FOLLOWER]|listeners:[], old=null
2023-09-29 12:51:26,580 [grpc-default-executor-0] INFO  server.RaftServer$Division (RaftServerImpl.java:requestVote(1335)) - 28fc21f1-0f1b-4853-8334-7fb4bdc0ccf0@group-D84CB1ADCB76 replies to ELECTION vote request: 9305807b-68e0-4de4-9f06-795e0c374ac6<-28fc21f1-0f1b-4853-8334-7fb4bdc0ccf0#0:OK-t1. Peer's state: 28fc21f1-0f1b-4853-8334-7fb4bdc0ccf0@group-D84CB1ADCB76:t1, leader=null, voted=9305807b-68e0-4de4-9f06-795e0c374ac6, raftlog=Memoized:28fc21f1-0f1b-4853-8334-7fb4bdc0ccf0@group-D84CB1ADCB76-SegmentedRaftLog:OPENED:c-1, conf=-1: peers:[5317d628-7528-4015-930b-d89d4a444778|rpc:10.1.0.70:15023|admin:10.1.0.70:15022|client:10.1.0.70:15021|dataStream:10.1.0.70:15024|priority:0|startupRole:FOLLOWER, 9305807b-68e0-4de4-9f06-795e0c374ac6|rpc:10.1.0.70:15032|admin:10.1.0.70:15031|client:10.1.0.70:15030|dataStream:10.1.0.70:15033|priority:1|startupRole:FOLLOWER, 28fc21f1-0f1b-4853-8334-7fb4bdc0ccf0|rpc:10.1.0.70:15014|admin:10.1.0.70:15013|client:10.1.0.70:15012|dataStream:10.1.0.70:15015|priority:0|startupRole:FOLLOWER]|listeners:[], old=null
2023-09-29 12:51:26,581 [9305807b-68e0-4de4-9f06-795e0c374ac6@group-D84CB1ADCB76-LeaderElection5] INFO  impl.LeaderElection (LeaderElection.java:logAndReturn(90)) - 9305807b-68e0-4de4-9f06-795e0c374ac6@group-D84CB1ADCB76-LeaderElection5: ELECTION PASSED received 1 response(s) and 0 exception(s):
2023-09-29 12:51:26,581 [9305807b-68e0-4de4-9f06-795e0c374ac6@group-D84CB1ADCB76-LeaderElection5] INFO  impl.LeaderElection (LeaderElection.java:logAndReturn(94)) -   Response 0: 9305807b-68e0-4de4-9f06-795e0c374ac6<-5317d628-7528-4015-930b-d89d4a444778#0:OK-t1
2023-09-29 12:51:26,581 [9305807b-68e0-4de4-9f06-795e0c374ac6@group-D84CB1ADCB76-LeaderElection5] INFO  impl.LeaderElection (LeaderElection.java:askForVotes(323)) - 9305807b-68e0-4de4-9f06-795e0c374ac6@group-D84CB1ADCB76-LeaderElection5 ELECTION round 0: result PASSED
2023-09-29 12:51:26,581 [9305807b-68e0-4de4-9f06-795e0c374ac6@group-D84CB1ADCB76-LeaderElection5] INFO  impl.RoleInfo (RoleInfo.java:shutdownLeaderElection(130)) - 9305807b-68e0-4de4-9f06-795e0c374ac6: shutdown 9305807b-68e0-4de4-9f06-795e0c374ac6@group-D84CB1ADCB76-LeaderElection5
2023-09-29 12:51:26,581 [9305807b-68e0-4de4-9f06-795e0c374ac6@group-D84CB1ADCB76-LeaderElection5] INFO  server.RaftServer$Division (RaftServerImpl.java:setRole(329)) - 9305807b-68e0-4de4-9f06-795e0c374ac6@group-D84CB1ADCB76: changes role from CANDIDATE to LEADER at term 1 for changeToLeader
2023-09-29 12:51:26,581 [9305807b-68e0-4de4-9f06-795e0c374ac6@group-D84CB1ADCB76-LeaderElection5] INFO  ratis.XceiverServerRatis (XceiverServerRatis.java:handleLeaderChangedNotification(902)) - Leader change notification received for group: group-D84CB1ADCB76 with new leaderId: 9305807b-68e0-4de4-9f06-795e0c374ac6
2023-09-29 12:51:26,581 [9305807b-68e0-4de4-9f06-795e0c374ac6@group-D84CB1ADCB76-LeaderElection5] INFO  server.RaftServer$Division (ServerState.java:setLeader(317)) - 9305807b-68e0-4de4-9f06-795e0c374ac6@group-D84CB1ADCB76: change Leader from null to 9305807b-68e0-4de4-9f06-795e0c374ac6 at term 1 for becomeLeader, leader elected after 5256ms
2023-09-29 12:51:26,581 [9305807b-68e0-4de4-9f06-795e0c374ac6@group-D84CB1ADCB76-LeaderElection5] INFO  server.RaftServerConfigKeys (ConfUtils.java:logGet(46)) - raft.server.staging.catchup.gap = 1000 (default)
2023-09-29 12:51:26,581 [9305807b-68e0-4de4-9f06-795e0c374ac6@group-D84CB1ADCB76-LeaderElection5] INFO  server.RaftServerConfigKeys (ConfUtils.java:logGet(46)) - raft.server.write.element-limit = 1024 (custom)
2023-09-29 12:51:26,582 [9305807b-68e0-4de4-9f06-795e0c374ac6@group-D84CB1ADCB76-LeaderElection5] INFO  server.RaftServerConfigKeys (ConfUtils.java:logGet(46)) - raft.server.write.byte-limit = 1024 M (=1073741824) (custom)
2023-09-29 12:51:26,582 [9305807b-68e0-4de4-9f06-795e0c374ac6@group-D84CB1ADCB76-LeaderElection5] INFO  server.RaftServerConfigKeys (ConfUtils.java:logGet(46)) - raft.server.watch.timeout = 180s (custom)
2023-09-29 12:51:26,582 [9305807b-68e0-4de4-9f06-795e0c374ac6@group-D84CB1ADCB76-LeaderElection5] INFO  server.RaftServerConfigKeys (ConfUtils.java:logGet(46)) - raft.server.watch.timeout.denomination = 1s (default)
2023-09-29 12:51:26,582 [9305807b-68e0-4de4-9f06-795e0c374ac6@group-D84CB1ADCB76-LeaderElection5] INFO  server.RaftServerConfigKeys (ConfUtils.java:logGet(46)) - raft.server.watch.element-limit = 65536 (default)
2023-09-29 12:51:26,582 [9305807b-68e0-4de4-9f06-795e0c374ac6@group-D84CB1ADCB76-LeaderElection5] INFO  server.RaftServerConfigKeys (ConfUtils.java:logGet(46)) - raft.server.write.element-limit = 1024 (custom)
2023-09-29 12:51:26,582 [9305807b-68e0-4de4-9f06-795e0c374ac6@group-D84CB1ADCB76-LeaderElection5] INFO  server.RaftServerConfigKeys (ConfUtils.java:logGet(46)) - raft.server.write.follower.gap.ratio.max = -1.0 (default)
2023-09-29 12:51:26,586 [EventQueue-PipelineReportForPipelineReportHandler] INFO  pipeline.PipelineReportHandler (PipelineReportHandler.java:processPipelineReport(136)) - Opened pipeline PipelineID=f1bd389d-45ed-4fca-9700-d84cb1adcb76
2023-09-29 12:51:26,586 [EventQueue-OpenPipelineForHealthyPipelineSafeModeRule] INFO  safemode.SCMSafeModeManager (HealthyPipelineSafeModeRule.java:process(137)) - SCM in safe mode. Healthy pipelines reported count is 1, required healthy pipeline reported count is 1
2023-09-29 12:51:26,586 [EventQueue-OpenPipelineForHealthyPipelineSafeModeRule] INFO  safemode.SCMSafeModeManager (SCMSafeModeManager.java:validateSafeModeExitRules(200)) - HealthyPipelineSafeModeRule rule is successfully validated
2023-09-29 12:51:26,587 [EventQueue-OpenPipelineForHealthyPipelineSafeModeRule] INFO  safemode.SCMSafeModeManager (SCMSafeModeManager.java:validateSafeModeExitRules(215)) - ScmSafeModeManager, all rules are successfully validated
2023-09-29 12:51:26,587 [EventQueue-OpenPipelineForHealthyPipelineSafeModeRule] INFO  safemode.SCMSafeModeManager (SCMSafeModeManager.java:exitSafeMode(244)) - SCM exiting safe mode.
2023-09-29 12:51:26,595 [9305807b-68e0-4de4-9f06-795e0c374ac6@group-D84CB1ADCB76-LeaderElection5] INFO  server.RaftServerConfigKeys (ConfUtils.java:logGet(46)) - raft.server.log.appender.snapshot.chunk.size.max = 16MB (=16777216) (default)
2023-09-29 12:51:26,596 [9305807b-68e0-4de4-9f06-795e0c374ac6@group-D84CB1ADCB76-LeaderElection5] INFO  server.RaftServerConfigKeys (ConfUtils.java:logGet(46)) - raft.server.log.appender.buffer.byte-limit = 33554432 (custom)
2023-09-29 12:51:26,587 [EventQueue-OpenPipelineForHealthyPipelineSafeModeRule] INFO  ha.SCMContext (SCMContext.java:updateSafeModeStatus(228)) - Update SafeModeStatus from SafeModeStatus{safeModeStatus=true, preCheckPassed=true} to SafeModeStatus{safeModeStatus=false, preCheckPassed=true}.
2023-09-29 12:51:26,598 [EventQueue-OpenPipelineForHealthyPipelineSafeModeRule] INFO  pipeline.BackgroundPipelineCreator (BackgroundPipelineCreator.java:notifyStatusChanged(255)) - Service BackgroundPipelineCreator transitions to RUNNING.
2023-09-29 12:51:26,598 [EventQueue-OpenPipelineForHealthyPipelineSafeModeRule] INFO  BackgroundPipelineScrubber (BackgroundSCMService.java:notifyStatusChanged(82)) - Service BackgroundPipelineScrubber transitions to RUNNING.
2023-09-29 12:51:26,598 [9305807b-68e0-4de4-9f06-795e0c374ac6@group-D84CB1ADCB76-LeaderElection5] INFO  server.RaftServerConfigKeys (ConfUtils.java:logGet(46)) - raft.server.log.appender.buffer.element-limit = 1 (custom)
2023-09-29 12:51:26,598 [EventQueue-OpenPipelineForHealthyPipelineSafeModeRule] INFO  ExpiredContainerReplicaOpScrubber (BackgroundSCMService.java:notifyStatusChanged(82)) - Service ExpiredContainerReplicaOpScrubber transitions to RUNNING.
2023-09-29 12:51:26,598 [EventQueue-OpenPipelineForHealthyPipelineSafeModeRule] INFO  replication.ReplicationManager (ReplicationManager.java:notifyStatusChanged(1370)) - Service ReplicationManager transitions to RUNNING.
2023-09-29 12:51:26,601 [9305807b-68e0-4de4-9f06-795e0c374ac6@group-D84CB1ADCB76-LeaderElection5] INFO  server.RaftServerConfigKeys (ConfUtils.java:logGet(46)) - raft.server.log.appender.wait-time.min = 10ms (default)
2023-09-29 12:51:26,603 [EventQueue-OpenPipelineForHealthyPipelineSafeModeRule] WARN  balancer.ContainerBalancer (ContainerBalancer.java:shouldRun(134)) - Could not find persisted configuration for ContainerBalancer when checking if ContainerBalancer should run. ContainerBalancer should not run now.
2023-09-29 12:51:26,602 [9305807b-68e0-4de4-9f06-795e0c374ac6@group-D84CB1ADCB76-LeaderElection5] INFO  grpc.GrpcConfigKeys (ConfUtils.java:logGet(46)) - raft.grpc.server.leader.outstanding.appends.max = 128 (default)
2023-09-29 12:51:26,608 [9305807b-68e0-4de4-9f06-795e0c374ac6@group-D84CB1ADCB76-LeaderElection5] INFO  server.RaftServerConfigKeys (ConfUtils.java:logGet(46)) - raft.server.rpc.request.timeout = 60s (custom)
2023-09-29 12:51:26,609 [9305807b-68e0-4de4-9f06-795e0c374ac6@group-D84CB1ADCB76-LeaderElection5] INFO  grpc.GrpcConfigKeys (ConfUtils.java:logGet(46)) - raft.grpc.server.install_snapshot.request.element-limit = 8 (default)
2023-09-29 12:51:26,609 [9305807b-68e0-4de4-9f06-795e0c374ac6@group-D84CB1ADCB76-LeaderElection5] INFO  grpc.GrpcConfigKeys (ConfUtils.java:logGet(46)) - raft.grpc.server.install_snapshot.request.timeout = 3000ms (default)
2023-09-29 12:51:26,609 [9305807b-68e0-4de4-9f06-795e0c374ac6@group-D84CB1ADCB76-LeaderElection5] INFO  server.RaftServerConfigKeys (ConfUtils.java:logGet(46)) - raft.server.log.appender.install.snapshot.enabled = false (custom)
2023-09-29 12:51:26,609 [9305807b-68e0-4de4-9f06-795e0c374ac6@group-D84CB1ADCB76-LeaderElection5] INFO  grpc.GrpcConfigKeys (ConfUtils.java:logGet(46)) - raft.grpc.server.heartbeat.channel = true (default)
2023-09-29 12:51:26,612 [9305807b-68e0-4de4-9f06-795e0c374ac6@group-D84CB1ADCB76-LeaderElection5] INFO  server.RaftServerConfigKeys (ConfUtils.java:logGet(46)) - raft.server.log.appender.snapshot.chunk.size.max = 16MB (=16777216) (default)
2023-09-29 12:51:26,612 [9305807b-68e0-4de4-9f06-795e0c374ac6@group-D84CB1ADCB76-LeaderElection5] INFO  server.RaftServerConfigKeys (ConfUtils.java:logGet(46)) - raft.server.log.appender.buffer.byte-limit = 33554432 (custom)
2023-09-29 12:51:26,612 [9305807b-68e0-4de4-9f06-795e0c374ac6@group-D84CB1ADCB76-LeaderElection5] INFO  server.RaftServerConfigKeys (ConfUtils.java:logGet(46)) - raft.server.log.appender.buffer.element-limit = 1 (custom)
2023-09-29 12:51:26,613 [9305807b-68e0-4de4-9f06-795e0c374ac6@group-D84CB1ADCB76-LeaderElection5] INFO  server.RaftServerConfigKeys (ConfUtils.java:logGet(46)) - raft.server.log.appender.wait-time.min = 10ms (default)
2023-09-29 12:51:26,613 [9305807b-68e0-4de4-9f06-795e0c374ac6@group-D84CB1ADCB76-LeaderElection5] INFO  grpc.GrpcConfigKeys (ConfUtils.java:logGet(46)) - raft.grpc.server.leader.outstanding.appends.max = 128 (default)
2023-09-29 12:51:26,613 [9305807b-68e0-4de4-9f06-795e0c374ac6@group-D84CB1ADCB76-LeaderElection5] INFO  server.RaftServerConfigKeys (ConfUtils.java:logGet(46)) - raft.server.rpc.request.timeout = 60s (custom)
2023-09-29 12:51:26,613 [9305807b-68e0-4de4-9f06-795e0c374ac6@group-D84CB1ADCB76-LeaderElection5] INFO  grpc.GrpcConfigKeys (ConfUtils.java:logGet(46)) - raft.grpc.server.install_snapshot.request.element-limit = 8 (default)
2023-09-29 12:51:26,613 [9305807b-68e0-4de4-9f06-795e0c374ac6@group-D84CB1ADCB76-LeaderElection5] INFO  grpc.GrpcConfigKeys (ConfUtils.java:logGet(46)) - raft.grpc.server.install_snapshot.request.timeout = 3000ms (default)
2023-09-29 12:51:26,613 [9305807b-68e0-4de4-9f06-795e0c374ac6@group-D84CB1ADCB76-LeaderElection5] INFO  server.RaftServerConfigKeys (ConfUtils.java:logGet(46)) - raft.server.log.appender.install.snapshot.enabled = false (custom)
2023-09-29 12:51:26,613 [9305807b-68e0-4de4-9f06-795e0c374ac6@group-D84CB1ADCB76-LeaderElection5] INFO  grpc.GrpcConfigKeys (ConfUtils.java:logGet(46)) - raft.grpc.server.heartbeat.channel = true (default)
2023-09-29 12:51:26,614 [9305807b-68e0-4de4-9f06-795e0c374ac6@group-D84CB1ADCB76-LeaderElection5] INFO  impl.RoleInfo (RoleInfo.java:updateAndGet(139)) - 9305807b-68e0-4de4-9f06-795e0c374ac6: start 9305807b-68e0-4de4-9f06-795e0c374ac6@group-D84CB1ADCB76-LeaderStateImpl
2023-09-29 12:51:26,615 [9305807b-68e0-4de4-9f06-795e0c374ac6@group-D84CB1ADCB76-LeaderElection5] INFO  segmented.SegmentedRaftLogWorker (SegmentedRaftLogWorker.java:startLogSegment(447)) - 9305807b-68e0-4de4-9f06-795e0c374ac6@group-D84CB1ADCB76-SegmentedRaftLogWorker: Starting segment from index:0
2023-09-29 12:51:26,617 [9305807b-68e0-4de4-9f06-795e0c374ac6@group-D84CB1ADCB76-SegmentedRaftLogWorker] INFO  segmented.SegmentedRaftLogWorker (SegmentedRaftLogWorker.java:execute(651)) - 9305807b-68e0-4de4-9f06-795e0c374ac6@group-D84CB1ADCB76-SegmentedRaftLogWorker: created new log segment /home/runner/work/ozone/ozone/hadoop-ozone/integration-test/target/test-dir/MiniOzoneClusterImpl-811b16cb-c214-4c75-bdb2-1b437bba6cdf/datanode-2/data/ratis/f1bd389d-45ed-4fca-9700-d84cb1adcb76/current/log_inprogress_0
2023-09-29 12:51:26,633 [9305807b-68e0-4de4-9f06-795e0c374ac6@group-D84CB1ADCB76-LeaderElection5] INFO  server.RaftServer$Division (ServerState.java:setRaftConf(434)) - 9305807b-68e0-4de4-9f06-795e0c374ac6@group-D84CB1ADCB76: set configuration 0: peers:[5317d628-7528-4015-930b-d89d4a444778|rpc:10.1.0.70:15023|admin:10.1.0.70:15022|client:10.1.0.70:15021|dataStream:10.1.0.70:15024|priority:0|startupRole:FOLLOWER, 9305807b-68e0-4de4-9f06-795e0c374ac6|rpc:10.1.0.70:15032|admin:10.1.0.70:15031|client:10.1.0.70:15030|dataStream:10.1.0.70:15033|priority:1|startupRole:FOLLOWER, 28fc21f1-0f1b-4853-8334-7fb4bdc0ccf0|rpc:10.1.0.70:15014|admin:10.1.0.70:15013|client:10.1.0.70:15012|dataStream:10.1.0.70:15015|priority:0|startupRole:FOLLOWER]|listeners:[], old=null
2023-09-29 12:51:26,666 [9305807b-68e0-4de4-9f06-795e0c374ac6@group-BAC3D6A46238-FollowerState] INFO  impl.FollowerState (FollowerState.java:run(143)) - 9305807b-68e0-4de4-9f06-795e0c374ac6@group-BAC3D6A46238-FollowerState: change to CANDIDATE, lastRpcElapsedTime:5083848242ns, electionTimeout:5073ms
2023-09-29 12:51:26,666 [9305807b-68e0-4de4-9f06-795e0c374ac6@group-BAC3D6A46238-FollowerState] INFO  impl.RoleInfo (RoleInfo.java:shutdownFollowerState(110)) - 9305807b-68e0-4de4-9f06-795e0c374ac6: shutdown 9305807b-68e0-4de4-9f06-795e0c374ac6@group-BAC3D6A46238-FollowerState
2023-09-29 12:51:26,666 [9305807b-68e0-4de4-9f06-795e0c374ac6@group-BAC3D6A46238-FollowerState] INFO  server.RaftServer$Division (RaftServerImpl.java:setRole(329)) - 9305807b-68e0-4de4-9f06-795e0c374ac6@group-BAC3D6A46238: changes role from  FOLLOWER to CANDIDATE at term 0 for changeToCandidate
2023-09-29 12:51:26,668 [9305807b-68e0-4de4-9f06-795e0c374ac6@group-BAC3D6A46238-FollowerState] INFO  server.RaftServerConfigKeys (ConfUtils.java:logGet(46)) - raft.server.leaderelection.pre-vote = true (default)
2023-09-29 12:51:26,668 [9305807b-68e0-4de4-9f06-795e0c374ac6@group-BAC3D6A46238-FollowerState] INFO  impl.RoleInfo (RoleInfo.java:updateAndGet(139)) - 9305807b-68e0-4de4-9f06-795e0c374ac6: start 9305807b-68e0-4de4-9f06-795e0c374ac6@group-BAC3D6A46238-LeaderElection6
2023-09-29 12:51:26,681 [5317d628-7528-4015-930b-d89d4a444778-server-thread1] INFO  ratis.XceiverServerRatis (XceiverServerRatis.java:handleLeaderChangedNotification(902)) - Leader change notification received for group: group-D84CB1ADCB76 with new leaderId: 9305807b-68e0-4de4-9f06-795e0c374ac6
2023-09-29 12:51:26,681 [5317d628-7528-4015-930b-d89d4a444778-server-thread1] INFO  server.RaftServer$Division (ServerState.java:setLeader(317)) - 5317d628-7528-4015-930b-d89d4a444778@group-D84CB1ADCB76: change Leader from null to 9305807b-68e0-4de4-9f06-795e0c374ac6 at term 1 for appendEntries, leader elected after 5645ms
2023-09-29 12:51:26,687 [9305807b-68e0-4de4-9f06-795e0c374ac6@group-8CC713DA5931-FollowerState] INFO  impl.FollowerState (FollowerState.java:run(143)) - 9305807b-68e0-4de4-9f06-795e0c374ac6@group-8CC713DA5931-FollowerState: change to CANDIDATE, lastRpcElapsedTime:5194074012ns, electionTimeout:5191ms
2023-09-29 12:51:26,687 [9305807b-68e0-4de4-9f06-795e0c374ac6@group-8CC713DA5931-FollowerState] INFO  impl.RoleInfo (RoleInfo.java:shutdownFollowerState(110)) - 9305807b-68e0-4de4-9f06-795e0c374ac6: shutdown 9305807b-68e0-4de4-9f06-795e0c374ac6@group-8CC713DA5931-FollowerState
2023-09-29 12:51:26,688 [9305807b-68e0-4de4-9f06-795e0c374ac6@group-8CC713DA5931-FollowerState] INFO  server.RaftServer$Division (RaftServerImpl.java:setRole(329)) - 9305807b-68e0-4de4-9f06-795e0c374ac6@group-8CC713DA5931: changes role from  FOLLOWER to CANDIDATE at term 0 for changeToCandidate
2023-09-29 12:51:26,688 [9305807b-68e0-4de4-9f06-795e0c374ac6@group-8CC713DA5931-FollowerState] INFO  server.RaftServerConfigKeys (ConfUtils.java:logGet(46)) - raft.server.leaderelection.pre-vote = true (default)
2023-09-29 12:51:26,688 [9305807b-68e0-4de4-9f06-795e0c374ac6@group-8CC713DA5931-FollowerState] INFO  impl.RoleInfo (RoleInfo.java:updateAndGet(139)) - 9305807b-68e0-4de4-9f06-795e0c374ac6: start 9305807b-68e0-4de4-9f06-795e0c374ac6@group-8CC713DA5931-LeaderElection7
2023-09-29 12:51:26,689 [28fc21f1-0f1b-4853-8334-7fb4bdc0ccf0-server-thread1] INFO  ratis.XceiverServerRatis (XceiverServerRatis.java:handleLeaderChangedNotification(902)) - Leader change notification received for group: group-D84CB1ADCB76 with new leaderId: 9305807b-68e0-4de4-9f06-795e0c374ac6
2023-09-29 12:51:26,689 [28fc21f1-0f1b-4853-8334-7fb4bdc0ccf0-server-thread1] INFO  server.RaftServer$Division (ServerState.java:setLeader(317)) - 28fc21f1-0f1b-4853-8334-7fb4bdc0ccf0@group-D84CB1ADCB76: change Leader from null to 9305807b-68e0-4de4-9f06-795e0c374ac6 at term 1 for appendEntries, leader elected after 6100ms
2023-09-29 12:51:26,699 [9305807b-68e0-4de4-9f06-795e0c374ac6@group-BAC3D6A46238-LeaderElection6] INFO  impl.LeaderElection (LeaderElection.java:askForVotes(321)) - 9305807b-68e0-4de4-9f06-795e0c374ac6@group-BAC3D6A46238-LeaderElection6 PRE_VOTE round 0: submit vote requests at term 0 for -1: peers:[5317d628-7528-4015-930b-d89d4a444778|rpc:10.1.0.70:15023|admin:10.1.0.70:15022|client:10.1.0.70:15021|dataStream:10.1.0.70:15024|priority:0|startupRole:FOLLOWER, 9305807b-68e0-4de4-9f06-795e0c374ac6|rpc:10.1.0.70:15032|admin:10.1.0.70:15031|client:10.1.0.70:15030|dataStream:10.1.0.70:15033|priority:0|startupRole:FOLLOWER, 28fc21f1-0f1b-4853-8334-7fb4bdc0ccf0|rpc:10.1.0.70:15014|admin:10.1.0.70:15013|client:10.1.0.70:15012|dataStream:10.1.0.70:15015|priority:1|startupRole:FOLLOWER]|listeners:[], old=null
2023-09-29 12:51:26,701 [5317d628-7528-4015-930b-d89d4a444778-server-thread1] INFO  server.RaftServer$Division (ServerState.java:setRaftConf(434)) - 5317d628-7528-4015-930b-d89d4a444778@group-D84CB1ADCB76: set configuration 0: peers:[5317d628-7528-4015-930b-d89d4a444778|rpc:10.1.0.70:15023|admin:10.1.0.70:15022|client:10.1.0.70:15021|dataStream:10.1.0.70:15024|priority:0|startupRole:FOLLOWER, 9305807b-68e0-4de4-9f06-795e0c374ac6|rpc:10.1.0.70:15032|admin:10.1.0.70:15031|client:10.1.0.70:15030|dataStream:10.1.0.70:15033|priority:1|startupRole:FOLLOWER, 28fc21f1-0f1b-4853-8334-7fb4bdc0ccf0|rpc:10.1.0.70:15014|admin:10.1.0.70:15013|client:10.1.0.70:15012|dataStream:10.1.0.70:15015|priority:0|startupRole:FOLLOWER]|listeners:[], old=null
2023-09-29 12:51:26,700 [9305807b-68e0-4de4-9f06-795e0c374ac6@group-8CC713DA5931-LeaderElection7] INFO  impl.LeaderElection (LeaderElection.java:askForVotes(321)) - 9305807b-68e0-4de4-9f06-795e0c374ac6@group-8CC713DA5931-LeaderElection7 PRE_VOTE round 0: submit vote requests at term 0 for -1: peers:[9305807b-68e0-4de4-9f06-795e0c374ac6|rpc:10.1.0.70:15032|admin:10.1.0.70:15031|client:10.1.0.70:15030|dataStream:10.1.0.70:15033|priority:1|startupRole:FOLLOWER]|listeners:[], old=null
2023-09-29 12:51:26,702 [9305807b-68e0-4de4-9f06-795e0c374ac6@group-8CC713DA5931-LeaderElection7] INFO  impl.LeaderElection (LeaderElection.java:askForVotes(323)) - 9305807b-68e0-4de4-9f06-795e0c374ac6@group-8CC713DA5931-LeaderElection7 PRE_VOTE round 0: result PASSED (term=0)
2023-09-29 12:51:26,702 [5317d628-7528-4015-930b-d89d4a444778-server-thread1] INFO  segmented.SegmentedRaftLogWorker (SegmentedRaftLogWorker.java:startLogSegment(447)) - 5317d628-7528-4015-930b-d89d4a444778@group-D84CB1ADCB76-SegmentedRaftLogWorker: Starting segment from index:0
2023-09-29 12:51:26,703 [9305807b-68e0-4de4-9f06-795e0c374ac6@group-BAC3D6A46238-LeaderElection6] INFO  server.RaftServerConfigKeys (ConfUtils.java:logFallback(53)) - raft.server.rpc.first-election.timeout.min = 5s (fallback to raft.server.rpc.timeout.min)
2023-09-29 12:51:26,703 [9305807b-68e0-4de4-9f06-795e0c374ac6@group-BAC3D6A46238-LeaderElection6] INFO  server.RaftServerConfigKeys (ConfUtils.java:logFallback(53)) - raft.server.rpc.first-election.timeout.max = 5200ms (fallback to raft.server.rpc.timeout.max)
2023-09-29 12:51:26,708 [9305807b-68e0-4de4-9f06-795e0c374ac6@group-8CC713DA5931-LeaderElection7] INFO  impl.LeaderElection (LeaderElection.java:askForVotes(321)) - 9305807b-68e0-4de4-9f06-795e0c374ac6@group-8CC713DA5931-LeaderElection7 ELECTION round 0: submit vote requests at term 1 for -1: peers:[9305807b-68e0-4de4-9f06-795e0c374ac6|rpc:10.1.0.70:15032|admin:10.1.0.70:15031|client:10.1.0.70:15030|dataStream:10.1.0.70:15033|priority:1|startupRole:FOLLOWER]|listeners:[], old=null
2023-09-29 12:51:26,708 [9305807b-68e0-4de4-9f06-795e0c374ac6@group-8CC713DA5931-LeaderElection7] INFO  impl.LeaderElection (LeaderElection.java:askForVotes(323)) - 9305807b-68e0-4de4-9f06-795e0c374ac6@group-8CC713DA5931-LeaderElection7 ELECTION round 0: result PASSED (term=1)
2023-09-29 12:51:26,708 [9305807b-68e0-4de4-9f06-795e0c374ac6@group-8CC713DA5931-LeaderElection7] INFO  impl.RoleInfo (RoleInfo.java:shutdownLeaderElection(130)) - 9305807b-68e0-4de4-9f06-795e0c374ac6: shutdown 9305807b-68e0-4de4-9f06-795e0c374ac6@group-8CC713DA5931-LeaderElection7
2023-09-29 12:51:26,708 [9305807b-68e0-4de4-9f06-795e0c374ac6@group-8CC713DA5931-LeaderElection7] INFO  server.RaftServer$Division (RaftServerImpl.java:setRole(329)) - 9305807b-68e0-4de4-9f06-795e0c374ac6@group-8CC713DA5931: changes role from CANDIDATE to LEADER at term 1 for changeToLeader
2023-09-29 12:51:26,708 [9305807b-68e0-4de4-9f06-795e0c374ac6@group-8CC713DA5931-LeaderElection7] INFO  ratis.XceiverServerRatis (XceiverServerRatis.java:handleLeaderChangedNotification(902)) - Leader change notification received for group: group-8CC713DA5931 with new leaderId: 9305807b-68e0-4de4-9f06-795e0c374ac6
2023-09-29 12:51:26,709 [9305807b-68e0-4de4-9f06-795e0c374ac6@group-8CC713DA5931-LeaderElection7] INFO  server.RaftServer$Division (ServerState.java:setLeader(317)) - 9305807b-68e0-4de4-9f06-795e0c374ac6@group-8CC713DA5931: change Leader from null to 9305807b-68e0-4de4-9f06-795e0c374ac6 at term 1 for becomeLeader, leader elected after 5262ms
2023-09-29 12:51:26,709 [9305807b-68e0-4de4-9f06-795e0c374ac6@group-8CC713DA5931-LeaderElection7] INFO  server.RaftServerConfigKeys (ConfUtils.java:logGet(46)) - raft.server.staging.catchup.gap = 1000 (default)
2023-09-29 12:51:26,709 [9305807b-68e0-4de4-9f06-795e0c374ac6@group-8CC713DA5931-LeaderElection7] INFO  server.RaftServerConfigKeys (ConfUtils.java:logGet(46)) - raft.server.write.element-limit = 1024 (custom)
2023-09-29 12:51:26,709 [9305807b-68e0-4de4-9f06-795e0c374ac6@group-8CC713DA5931-LeaderElection7] INFO  server.RaftServerConfigKeys (ConfUtils.java:logGet(46)) - raft.server.write.byte-limit = 1024 M (=1073741824) (custom)
2023-09-29 12:51:26,713 [9305807b-68e0-4de4-9f06-795e0c374ac6@group-8CC713DA5931-LeaderElection7] INFO  server.RaftServerConfigKeys (ConfUtils.java:logGet(46)) - raft.server.watch.timeout = 180s (custom)
2023-09-29 12:51:26,713 [9305807b-68e0-4de4-9f06-795e0c374ac6@group-8CC713DA5931-LeaderElection7] INFO  server.RaftServerConfigKeys (ConfUtils.java:logGet(46)) - raft.server.watch.timeout.denomination = 1s (default)
2023-09-29 12:51:26,713 [9305807b-68e0-4de4-9f06-795e0c374ac6@group-8CC713DA5931-LeaderElection7] INFO  server.RaftServerConfigKeys (ConfUtils.java:logGet(46)) - raft.server.watch.element-limit = 65536 (default)
2023-09-29 12:51:26,714 [9305807b-68e0-4de4-9f06-795e0c374ac6@group-8CC713DA5931-LeaderElection7] INFO  server.RaftServerConfigKeys (ConfUtils.java:logGet(46)) - raft.server.write.element-limit = 1024 (custom)
2023-09-29 12:51:26,714 [9305807b-68e0-4de4-9f06-795e0c374ac6@group-8CC713DA5931-LeaderElection7] INFO  server.RaftServerConfigKeys (ConfUtils.java:logGet(46)) - raft.server.write.follower.gap.ratio.max = -1.0 (default)
2023-09-29 12:51:26,714 [9305807b-68e0-4de4-9f06-795e0c374ac6@group-8CC713DA5931-LeaderElection7] INFO  impl.RoleInfo (RoleInfo.java:updateAndGet(139)) - 9305807b-68e0-4de4-9f06-795e0c374ac6: start 9305807b-68e0-4de4-9f06-795e0c374ac6@group-8CC713DA5931-LeaderStateImpl
2023-09-29 12:51:26,714 [9305807b-68e0-4de4-9f06-795e0c374ac6@group-8CC713DA5931-LeaderElection7] INFO  segmented.SegmentedRaftLogWorker (SegmentedRaftLogWorker.java:startLogSegment(447)) - 9305807b-68e0-4de4-9f06-795e0c374ac6@group-8CC713DA5931-SegmentedRaftLogWorker: Starting segment from index:0
2023-09-29 12:51:26,714 [5317d628-7528-4015-930b-d89d4a444778@group-D84CB1ADCB76-SegmentedRaftLogWorker] INFO  segmented.SegmentedRaftLogWorker (SegmentedRaftLogWorker.java:execute(651)) - 5317d628-7528-4015-930b-d89d4a444778@group-D84CB1ADCB76-SegmentedRaftLogWorker: created new log segment /home/runner/work/ozone/ozone/hadoop-ozone/integration-test/target/test-dir/MiniOzoneClusterImpl-811b16cb-c214-4c75-bdb2-1b437bba6cdf/datanode-1/data/ratis/f1bd389d-45ed-4fca-9700-d84cb1adcb76/current/log_inprogress_0
2023-09-29 12:51:26,715 [grpc-default-executor-2] INFO  server.RaftServer$Division (RaftServerImpl.java:requestVote(1302)) - 28fc21f1-0f1b-4853-8334-7fb4bdc0ccf0@group-BAC3D6A46238: receive requestVote(PRE_VOTE, 9305807b-68e0-4de4-9f06-795e0c374ac6, group-BAC3D6A46238, 0, (t:0, i:0))
2023-09-29 12:51:26,715 [grpc-default-executor-0] INFO  server.RaftServer$Division (RaftServerImpl.java:requestVote(1302)) - 5317d628-7528-4015-930b-d89d4a444778@group-BAC3D6A46238: receive requestVote(PRE_VOTE, 9305807b-68e0-4de4-9f06-795e0c374ac6, group-BAC3D6A46238, 0, (t:0, i:0))
2023-09-29 12:51:26,720 [grpc-default-executor-2] INFO  impl.VoteContext (VoteContext.java:log(49)) - 28fc21f1-0f1b-4853-8334-7fb4bdc0ccf0@group-BAC3D6A46238-FOLLOWER: reject PRE_VOTE from 9305807b-68e0-4de4-9f06-795e0c374ac6: our priority 1 > candidate's priority 0
2023-09-29 12:51:26,720 [grpc-default-executor-0] INFO  impl.VoteContext (VoteContext.java:log(49)) - 5317d628-7528-4015-930b-d89d4a444778@group-BAC3D6A46238-FOLLOWER: accept PRE_VOTE from 9305807b-68e0-4de4-9f06-795e0c374ac6: our priority 0 <= candidate's priority 0
2023-09-29 12:51:26,720 [grpc-default-executor-2] INFO  server.RaftServer$Division (RaftServerImpl.java:requestVote(1335)) - 28fc21f1-0f1b-4853-8334-7fb4bdc0ccf0@group-BAC3D6A46238 replies to PRE_VOTE vote request: 9305807b-68e0-4de4-9f06-795e0c374ac6<-28fc21f1-0f1b-4853-8334-7fb4bdc0ccf0#0:FAIL-t0. Peer's state: 28fc21f1-0f1b-4853-8334-7fb4bdc0ccf0@group-BAC3D6A46238:t0, leader=null, voted=, raftlog=Memoized:28fc21f1-0f1b-4853-8334-7fb4bdc0ccf0@group-BAC3D6A46238-SegmentedRaftLog:OPENED:c-1, conf=-1: peers:[5317d628-7528-4015-930b-d89d4a444778|rpc:10.1.0.70:15023|admin:10.1.0.70:15022|client:10.1.0.70:15021|dataStream:10.1.0.70:15024|priority:0|startupRole:FOLLOWER, 9305807b-68e0-4de4-9f06-795e0c374ac6|rpc:10.1.0.70:15032|admin:10.1.0.70:15031|client:10.1.0.70:15030|dataStream:10.1.0.70:15033|priority:0|startupRole:FOLLOWER, 28fc21f1-0f1b-4853-8334-7fb4bdc0ccf0|rpc:10.1.0.70:15014|admin:10.1.0.70:15013|client:10.1.0.70:15012|dataStream:10.1.0.70:15015|priority:1|startupRole:FOLLOWER]|listeners:[], old=null
2023-09-29 12:51:26,720 [grpc-default-executor-0] INFO  server.RaftServer$Division (RaftServerImpl.java:requestVote(1335)) - 5317d628-7528-4015-930b-d89d4a444778@group-BAC3D6A46238 replies to PRE_VOTE vote request: 9305807b-68e0-4de4-9f06-795e0c374ac6<-5317d628-7528-4015-930b-d89d4a444778#0:OK-t0. Peer's state: 5317d628-7528-4015-930b-d89d4a444778@group-BAC3D6A46238:t0, leader=null, voted=, raftlog=Memoized:5317d628-7528-4015-930b-d89d4a444778@group-BAC3D6A46238-SegmentedRaftLog:OPENED:c-1, conf=-1: peers:[5317d628-7528-4015-930b-d89d4a444778|rpc:10.1.0.70:15023|admin:10.1.0.70:15022|client:10.1.0.70:15021|dataStream:10.1.0.70:15024|priority:0|startupRole:FOLLOWER, 9305807b-68e0-4de4-9f06-795e0c374ac6|rpc:10.1.0.70:15032|admin:10.1.0.70:15031|client:10.1.0.70:15030|dataStream:10.1.0.70:15033|priority:0|startupRole:FOLLOWER, 28fc21f1-0f1b-4853-8334-7fb4bdc0ccf0|rpc:10.1.0.70:15014|admin:10.1.0.70:15013|client:10.1.0.70:15012|dataStream:10.1.0.70:15015|priority:1|startupRole:FOLLOWER]|listeners:[], old=null
2023-09-29 12:51:26,720 [9305807b-68e0-4de4-9f06-795e0c374ac6@group-8CC713DA5931-SegmentedRaftLogWorker] INFO  segmented.SegmentedRaftLogWorker (SegmentedRaftLogWorker.java:execute(651)) - 9305807b-68e0-4de4-9f06-795e0c374ac6@group-8CC713DA5931-SegmentedRaftLogWorker: created new log segment /home/runner/work/ozone/ozone/hadoop-ozone/integration-test/target/test-dir/MiniOzoneClusterImpl-811b16cb-c214-4c75-bdb2-1b437bba6cdf/datanode-2/data/ratis/00044fda-cf71-4d00-9eb5-8cc713da5931/current/log_inprogress_0
2023-09-29 12:51:26,721 [28fc21f1-0f1b-4853-8334-7fb4bdc0ccf0-server-thread2] INFO  server.RaftServer$Division (ServerState.java:setRaftConf(434)) - 28fc21f1-0f1b-4853-8334-7fb4bdc0ccf0@group-D84CB1ADCB76: set configuration 0: peers:[5317d628-7528-4015-930b-d89d4a444778|rpc:10.1.0.70:15023|admin:10.1.0.70:15022|client:10.1.0.70:15021|dataStream:10.1.0.70:15024|priority:0|startupRole:FOLLOWER, 9305807b-68e0-4de4-9f06-795e0c374ac6|rpc:10.1.0.70:15032|admin:10.1.0.70:15031|client:10.1.0.70:15030|dataStream:10.1.0.70:15033|priority:1|startupRole:FOLLOWER, 28fc21f1-0f1b-4853-8334-7fb4bdc0ccf0|rpc:10.1.0.70:15014|admin:10.1.0.70:15013|client:10.1.0.70:15012|dataStream:10.1.0.70:15015|priority:0|startupRole:FOLLOWER]|listeners:[], old=null
2023-09-29 12:51:26,721 [28fc21f1-0f1b-4853-8334-7fb4bdc0ccf0-server-thread2] INFO  segmented.SegmentedRaftLogWorker (SegmentedRaftLogWorker.java:startLogSegment(447)) - 28fc21f1-0f1b-4853-8334-7fb4bdc0ccf0@group-D84CB1ADCB76-SegmentedRaftLogWorker: Starting segment from index:0
2023-09-29 12:51:26,724 [28fc21f1-0f1b-4853-8334-7fb4bdc0ccf0@group-D84CB1ADCB76-SegmentedRaftLogWorker] INFO  segmented.SegmentedRaftLogWorker (SegmentedRaftLogWorker.java:execute(651)) - 28fc21f1-0f1b-4853-8334-7fb4bdc0ccf0@group-D84CB1ADCB76-SegmentedRaftLogWorker: created new log segment /home/runner/work/ozone/ozone/hadoop-ozone/integration-test/target/test-dir/MiniOzoneClusterImpl-811b16cb-c214-4c75-bdb2-1b437bba6cdf/datanode-0/data/ratis/f1bd389d-45ed-4fca-9700-d84cb1adcb76/current/log_inprogress_0
2023-09-29 12:51:26,727 [9305807b-68e0-4de4-9f06-795e0c374ac6@group-8CC713DA5931-LeaderElection7] INFO  server.RaftServer$Division (ServerState.java:setRaftConf(434)) - 9305807b-68e0-4de4-9f06-795e0c374ac6@group-8CC713DA5931: set configuration 0: peers:[9305807b-68e0-4de4-9f06-795e0c374ac6|rpc:10.1.0.70:15032|admin:10.1.0.70:15031|client:10.1.0.70:15030|dataStream:10.1.0.70:15033|priority:1|startupRole:FOLLOWER]|listeners:[], old=null
2023-09-29 12:51:26,739 [9305807b-68e0-4de4-9f06-795e0c374ac6@group-BAC3D6A46238-LeaderElection6] INFO  impl.LeaderElection (LeaderElection.java:logAndReturn(90)) - 9305807b-68e0-4de4-9f06-795e0c374ac6@group-BAC3D6A46238-LeaderElection6: PRE_VOTE REJECTED received 2 response(s) and 0 exception(s):
2023-09-29 12:51:26,739 [9305807b-68e0-4de4-9f06-795e0c374ac6@group-BAC3D6A46238-LeaderElection6] INFO  impl.LeaderElection (LeaderElection.java:logAndReturn(94)) -   Response 0: 9305807b-68e0-4de4-9f06-795e0c374ac6<-5317d628-7528-4015-930b-d89d4a444778#0:OK-t0
2023-09-29 12:51:26,739 [9305807b-68e0-4de4-9f06-795e0c374ac6@group-BAC3D6A46238-LeaderElection6] INFO  impl.LeaderElection (LeaderElection.java:logAndReturn(94)) -   Response 1: 9305807b-68e0-4de4-9f06-795e0c374ac6<-28fc21f1-0f1b-4853-8334-7fb4bdc0ccf0#0:FAIL-t0
2023-09-29 12:51:26,739 [9305807b-68e0-4de4-9f06-795e0c374ac6@group-BAC3D6A46238-LeaderElection6] INFO  impl.LeaderElection (LeaderElection.java:askForVotes(323)) - 9305807b-68e0-4de4-9f06-795e0c374ac6@group-BAC3D6A46238-LeaderElection6 PRE_VOTE round 0: result REJECTED
2023-09-29 12:51:26,741 [9305807b-68e0-4de4-9f06-795e0c374ac6@group-BAC3D6A46238-LeaderElection6] INFO  server.RaftServer$Division (RaftServerImpl.java:setRole(329)) - 9305807b-68e0-4de4-9f06-795e0c374ac6@group-BAC3D6A46238: changes role from CANDIDATE to FOLLOWER at term 0 for REJECTED
2023-09-29 12:51:26,741 [9305807b-68e0-4de4-9f06-795e0c374ac6@group-BAC3D6A46238-LeaderElection6] INFO  impl.RoleInfo (RoleInfo.java:shutdownLeaderElection(130)) - 9305807b-68e0-4de4-9f06-795e0c374ac6: shutdown 9305807b-68e0-4de4-9f06-795e0c374ac6@group-BAC3D6A46238-LeaderElection6
2023-09-29 12:51:26,741 [9305807b-68e0-4de4-9f06-795e0c374ac6@group-BAC3D6A46238-LeaderElection6] INFO  impl.RoleInfo (RoleInfo.java:updateAndGet(139)) - 9305807b-68e0-4de4-9f06-795e0c374ac6: start 9305807b-68e0-4de4-9f06-795e0c374ac6@group-BAC3D6A46238-FollowerState
2023-09-29 12:51:26,757 [5317d628-7528-4015-930b-d89d4a444778@group-BAC3D6A46238-FollowerState] INFO  server.RaftServerConfigKeys (ConfUtils.java:logFallback(53)) - raft.server.rpc.first-election.timeout.min = 5s (fallback to raft.server.rpc.timeout.min)
2023-09-29 12:51:26,757 [5317d628-7528-4015-930b-d89d4a444778@group-BAC3D6A46238-FollowerState] INFO  server.RaftServerConfigKeys (ConfUtils.java:logFallback(53)) - raft.server.rpc.first-election.timeout.max = 5200ms (fallback to raft.server.rpc.timeout.max)
2023-09-29 12:51:26,829 [28fc21f1-0f1b-4853-8334-7fb4bdc0ccf0@group-BAC3D6A46238-FollowerState] INFO  impl.FollowerState (FollowerState.java:run(143)) - 28fc21f1-0f1b-4853-8334-7fb4bdc0ccf0@group-BAC3D6A46238-FollowerState: change to CANDIDATE, lastRpcElapsedTime:5204041247ns, electionTimeout:5195ms
2023-09-29 12:51:26,830 [28fc21f1-0f1b-4853-8334-7fb4bdc0ccf0@group-BAC3D6A46238-FollowerState] INFO  impl.RoleInfo (RoleInfo.java:shutdownFollowerState(110)) - 28fc21f1-0f1b-4853-8334-7fb4bdc0ccf0: shutdown 28fc21f1-0f1b-4853-8334-7fb4bdc0ccf0@group-BAC3D6A46238-FollowerState
2023-09-29 12:51:26,830 [28fc21f1-0f1b-4853-8334-7fb4bdc0ccf0@group-BAC3D6A46238-FollowerState] INFO  server.RaftServer$Division (RaftServerImpl.java:setRole(329)) - 28fc21f1-0f1b-4853-8334-7fb4bdc0ccf0@group-BAC3D6A46238: changes role from  FOLLOWER to CANDIDATE at term 0 for changeToCandidate
2023-09-29 12:51:26,830 [28fc21f1-0f1b-4853-8334-7fb4bdc0ccf0@group-BAC3D6A46238-FollowerState] INFO  server.RaftServerConfigKeys (ConfUtils.java:logGet(46)) - raft.server.leaderelection.pre-vote = true (default)
2023-09-29 12:51:26,830 [28fc21f1-0f1b-4853-8334-7fb4bdc0ccf0@group-BAC3D6A46238-FollowerState] INFO  impl.RoleInfo (RoleInfo.java:updateAndGet(139)) - 28fc21f1-0f1b-4853-8334-7fb4bdc0ccf0: start 28fc21f1-0f1b-4853-8334-7fb4bdc0ccf0@group-BAC3D6A46238-LeaderElection8
2023-09-29 12:51:26,834 [28fc21f1-0f1b-4853-8334-7fb4bdc0ccf0@group-BAC3D6A46238-LeaderElection8] INFO  impl.LeaderElection (LeaderElection.java:askForVotes(321)) - 28fc21f1-0f1b-4853-8334-7fb4bdc0ccf0@group-BAC3D6A46238-LeaderElection8 PRE_VOTE round 0: submit vote requests at term 0 for -1: peers:[5317d628-7528-4015-930b-d89d4a444778|rpc:10.1.0.70:15023|admin:10.1.0.70:15022|client:10.1.0.70:15021|dataStream:10.1.0.70:15024|priority:0|startupRole:FOLLOWER, 9305807b-68e0-4de4-9f06-795e0c374ac6|rpc:10.1.0.70:15032|admin:10.1.0.70:15031|client:10.1.0.70:15030|dataStream:10.1.0.70:15033|priority:0|startupRole:FOLLOWER, 28fc21f1-0f1b-4853-8334-7fb4bdc0ccf0|rpc:10.1.0.70:15014|admin:10.1.0.70:15013|client:10.1.0.70:15012|dataStream:10.1.0.70:15015|priority:1|startupRole:FOLLOWER]|listeners:[], old=null
2023-09-29 12:51:26,840 [28fc21f1-0f1b-4853-8334-7fb4bdc0ccf0@group-BAC3D6A46238-LeaderElection8] INFO  server.RaftServerConfigKeys (ConfUtils.java:logFallback(53)) - raft.server.rpc.first-election.timeout.min = 5s (fallback to raft.server.rpc.timeout.min)
2023-09-29 12:51:26,840 [grpc-default-executor-4] INFO  server.RaftServer$Division (RaftServerImpl.java:requestVote(1302)) - 5317d628-7528-4015-930b-d89d4a444778@group-BAC3D6A46238: receive requestVote(PRE_VOTE, 28fc21f1-0f1b-4853-8334-7fb4bdc0ccf0, group-BAC3D6A46238, 0, (t:0, i:0))
2023-09-29 12:51:26,841 [grpc-default-executor-4] INFO  impl.VoteContext (VoteContext.java:log(49)) - 5317d628-7528-4015-930b-d89d4a444778@group-BAC3D6A46238-FOLLOWER: accept PRE_VOTE from 28fc21f1-0f1b-4853-8334-7fb4bdc0ccf0: our priority 0 <= candidate's priority 1
2023-09-29 12:51:26,841 [grpc-default-executor-4] INFO  server.RaftServer$Division (RaftServerImpl.java:requestVote(1335)) - 5317d628-7528-4015-930b-d89d4a444778@group-BAC3D6A46238 replies to PRE_VOTE vote request: 28fc21f1-0f1b-4853-8334-7fb4bdc0ccf0<-5317d628-7528-4015-930b-d89d4a444778#0:OK-t0. Peer's state: 5317d628-7528-4015-930b-d89d4a444778@group-BAC3D6A46238:t0, leader=null, voted=, raftlog=Memoized:5317d628-7528-4015-930b-d89d4a444778@group-BAC3D6A46238-SegmentedRaftLog:OPENED:c-1, conf=-1: peers:[5317d628-7528-4015-930b-d89d4a444778|rpc:10.1.0.70:15023|admin:10.1.0.70:15022|client:10.1.0.70:15021|dataStream:10.1.0.70:15024|priority:0|startupRole:FOLLOWER, 9305807b-68e0-4de4-9f06-795e0c374ac6|rpc:10.1.0.70:15032|admin:10.1.0.70:15031|client:10.1.0.70:15030|dataStream:10.1.0.70:15033|priority:0|startupRole:FOLLOWER, 28fc21f1-0f1b-4853-8334-7fb4bdc0ccf0|rpc:10.1.0.70:15014|admin:10.1.0.70:15013|client:10.1.0.70:15012|dataStream:10.1.0.70:15015|priority:1|startupRole:FOLLOWER]|listeners:[], old=null
2023-09-29 12:51:26,840 [28fc21f1-0f1b-4853-8334-7fb4bdc0ccf0@group-BAC3D6A46238-LeaderElection8] INFO  server.RaftServerConfigKeys (ConfUtils.java:logFallback(53)) - raft.server.rpc.first-election.timeout.max = 5200ms (fallback to raft.server.rpc.timeout.max)
2023-09-29 12:51:26,842 [28fc21f1-0f1b-4853-8334-7fb4bdc0ccf0@group-BAC3D6A46238-LeaderElection8] INFO  impl.LeaderElection (LeaderElection.java:logAndReturn(90)) - 28fc21f1-0f1b-4853-8334-7fb4bdc0ccf0@group-BAC3D6A46238-LeaderElection8: PRE_VOTE PASSED received 1 response(s) and 0 exception(s):
2023-09-29 12:51:26,842 [28fc21f1-0f1b-4853-8334-7fb4bdc0ccf0@group-BAC3D6A46238-LeaderElection8] INFO  impl.LeaderElection (LeaderElection.java:logAndReturn(94)) -   Response 0: 28fc21f1-0f1b-4853-8334-7fb4bdc0ccf0<-5317d628-7528-4015-930b-d89d4a444778#0:OK-t0
2023-09-29 12:51:26,842 [28fc21f1-0f1b-4853-8334-7fb4bdc0ccf0@group-BAC3D6A46238-LeaderElection8] INFO  impl.LeaderElection (LeaderElection.java:askForVotes(323)) - 28fc21f1-0f1b-4853-8334-7fb4bdc0ccf0@group-BAC3D6A46238-LeaderElection8 PRE_VOTE round 0: result PASSED
2023-09-29 12:51:26,844 [28fc21f1-0f1b-4853-8334-7fb4bdc0ccf0@group-BAC3D6A46238-LeaderElection8] INFO  impl.LeaderElection (LeaderElection.java:askForVotes(321)) - 28fc21f1-0f1b-4853-8334-7fb4bdc0ccf0@group-BAC3D6A46238-LeaderElection8 ELECTION round 0: submit vote requests at term 1 for -1: peers:[5317d628-7528-4015-930b-d89d4a444778|rpc:10.1.0.70:15023|admin:10.1.0.70:15022|client:10.1.0.70:15021|dataStream:10.1.0.70:15024|priority:0|startupRole:FOLLOWER, 9305807b-68e0-4de4-9f06-795e0c374ac6|rpc:10.1.0.70:15032|admin:10.1.0.70:15031|client:10.1.0.70:15030|dataStream:10.1.0.70:15033|priority:0|startupRole:FOLLOWER, 28fc21f1-0f1b-4853-8334-7fb4bdc0ccf0|rpc:10.1.0.70:15014|admin:10.1.0.70:15013|client:10.1.0.70:15012|dataStream:10.1.0.70:15015|priority:1|startupRole:FOLLOWER]|listeners:[], old=null
2023-09-29 12:51:26,846 [28fc21f1-0f1b-4853-8334-7fb4bdc0ccf0@group-BAC3D6A46238-LeaderElection8] INFO  server.RaftServerConfigKeys (ConfUtils.java:logFallback(53)) - raft.server.rpc.first-election.timeout.min = 5s (fallback to raft.server.rpc.timeout.min)
2023-09-29 12:51:26,846 [28fc21f1-0f1b-4853-8334-7fb4bdc0ccf0@group-BAC3D6A46238-LeaderElection8] INFO  server.RaftServerConfigKeys (ConfUtils.java:logFallback(53)) - raft.server.rpc.first-election.timeout.max = 5200ms (fallback to raft.server.rpc.timeout.max)
2023-09-29 12:51:26,847 [grpc-default-executor-4] INFO  server.RaftServer$Division (RaftServerImpl.java:requestVote(1302)) - 5317d628-7528-4015-930b-d89d4a444778@group-BAC3D6A46238: receive requestVote(ELECTION, 28fc21f1-0f1b-4853-8334-7fb4bdc0ccf0, group-BAC3D6A46238, 1, (t:0, i:0))
2023-09-29 12:51:26,848 [grpc-default-executor-4] INFO  impl.VoteContext (VoteContext.java:log(49)) - 5317d628-7528-4015-930b-d89d4a444778@group-BAC3D6A46238-FOLLOWER: accept ELECTION from 28fc21f1-0f1b-4853-8334-7fb4bdc0ccf0: our priority 0 <= candidate's priority 1
2023-09-29 12:51:26,848 [grpc-default-executor-4] INFO  server.RaftServer$Division (RaftServerImpl.java:setRole(329)) - 5317d628-7528-4015-930b-d89d4a444778@group-BAC3D6A46238: changes role from  FOLLOWER to FOLLOWER at term 1 for candidate:28fc21f1-0f1b-4853-8334-7fb4bdc0ccf0
2023-09-29 12:51:26,848 [grpc-default-executor-4] INFO  impl.RoleInfo (RoleInfo.java:shutdownFollowerState(110)) - 5317d628-7528-4015-930b-d89d4a444778: shutdown 5317d628-7528-4015-930b-d89d4a444778@group-BAC3D6A46238-FollowerState
2023-09-29 12:51:26,848 [grpc-default-executor-4] INFO  impl.RoleInfo (RoleInfo.java:updateAndGet(139)) - 5317d628-7528-4015-930b-d89d4a444778: start 5317d628-7528-4015-930b-d89d4a444778@group-BAC3D6A46238-FollowerState
2023-09-29 12:51:26,849 [5317d628-7528-4015-930b-d89d4a444778@group-BAC3D6A46238-FollowerState] INFO  impl.FollowerState (FollowerState.java:run(152)) - 5317d628-7528-4015-930b-d89d4a444778@group-BAC3D6A46238-FollowerState was interrupted
2023-09-29 12:51:26,856 [grpc-default-executor-4] INFO  server.RaftServer$Division (RaftServerImpl.java:requestVote(1335)) - 5317d628-7528-4015-930b-d89d4a444778@group-BAC3D6A46238 replies to ELECTION vote request: 28fc21f1-0f1b-4853-8334-7fb4bdc0ccf0<-5317d628-7528-4015-930b-d89d4a444778#0:OK-t1. Peer's state: 5317d628-7528-4015-930b-d89d4a444778@group-BAC3D6A46238:t1, leader=null, voted=28fc21f1-0f1b-4853-8334-7fb4bdc0ccf0, raftlog=Memoized:5317d628-7528-4015-930b-d89d4a444778@group-BAC3D6A46238-SegmentedRaftLog:OPENED:c-1, conf=-1: peers:[5317d628-7528-4015-930b-d89d4a444778|rpc:10.1.0.70:15023|admin:10.1.0.70:15022|client:10.1.0.70:15021|dataStream:10.1.0.70:15024|priority:0|startupRole:FOLLOWER, 9305807b-68e0-4de4-9f06-795e0c374ac6|rpc:10.1.0.70:15032|admin:10.1.0.70:15031|client:10.1.0.70:15030|dataStream:10.1.0.70:15033|priority:0|startupRole:FOLLOWER, 28fc21f1-0f1b-4853-8334-7fb4bdc0ccf0|rpc:10.1.0.70:15014|admin:10.1.0.70:15013|client:10.1.0.70:15012|dataStream:10.1.0.70:15015|priority:1|startupRole:FOLLOWER]|listeners:[], old=null
2023-09-29 12:51:26,856 [grpc-default-executor-0] INFO  server.RaftServer$Division (RaftServerImpl.java:requestVote(1302)) - 9305807b-68e0-4de4-9f06-795e0c374ac6@group-BAC3D6A46238: receive requestVote(ELECTION, 28fc21f1-0f1b-4853-8334-7fb4bdc0ccf0, group-BAC3D6A46238, 1, (t:0, i:0))
2023-09-29 12:51:26,857 [grpc-default-executor-0] INFO  impl.VoteContext (VoteContext.java:log(49)) - 9305807b-68e0-4de4-9f06-795e0c374ac6@group-BAC3D6A46238-FOLLOWER: accept ELECTION from 28fc21f1-0f1b-4853-8334-7fb4bdc0ccf0: our priority 0 <= candidate's priority 1
2023-09-29 12:51:26,857 [grpc-default-executor-0] INFO  server.RaftServer$Division (RaftServerImpl.java:setRole(329)) - 9305807b-68e0-4de4-9f06-795e0c374ac6@group-BAC3D6A46238: changes role from  FOLLOWER to FOLLOWER at term 1 for candidate:28fc21f1-0f1b-4853-8334-7fb4bdc0ccf0
2023-09-29 12:51:26,857 [grpc-default-executor-0] INFO  impl.RoleInfo (RoleInfo.java:shutdownFollowerState(110)) - 9305807b-68e0-4de4-9f06-795e0c374ac6: shutdown 9305807b-68e0-4de4-9f06-795e0c374ac6@group-BAC3D6A46238-FollowerState
2023-09-29 12:51:26,857 [grpc-default-executor-0] INFO  impl.RoleInfo (RoleInfo.java:updateAndGet(139)) - 9305807b-68e0-4de4-9f06-795e0c374ac6: start 9305807b-68e0-4de4-9f06-795e0c374ac6@group-BAC3D6A46238-FollowerState
2023-09-29 12:51:26,858 [9305807b-68e0-4de4-9f06-795e0c374ac6@group-BAC3D6A46238-FollowerState] INFO  impl.FollowerState (FollowerState.java:run(152)) - 9305807b-68e0-4de4-9f06-795e0c374ac6@group-BAC3D6A46238-FollowerState was interrupted
2023-09-29 12:51:26,856 [grpc-default-executor-5] INFO  server.RaftServer$Division (RaftServerImpl.java:requestVote(1302)) - 9305807b-68e0-4de4-9f06-795e0c374ac6@group-BAC3D6A46238: receive requestVote(PRE_VOTE, 28fc21f1-0f1b-4853-8334-7fb4bdc0ccf0, group-BAC3D6A46238, 0, (t:0, i:0))
2023-09-29 12:51:26,860 [28fc21f1-0f1b-4853-8334-7fb4bdc0ccf0@group-BAC3D6A46238-LeaderElection8] INFO  impl.LeaderElection (LeaderElection.java:logAndReturn(90)) - 28fc21f1-0f1b-4853-8334-7fb4bdc0ccf0@group-BAC3D6A46238-LeaderElection8: ELECTION PASSED received 1 response(s) and 0 exception(s):
2023-09-29 12:51:26,860 [28fc21f1-0f1b-4853-8334-7fb4bdc0ccf0@group-BAC3D6A46238-LeaderElection8] INFO  impl.LeaderElection (LeaderElection.java:logAndReturn(94)) -   Response 0: 28fc21f1-0f1b-4853-8334-7fb4bdc0ccf0<-5317d628-7528-4015-930b-d89d4a444778#0:OK-t1
2023-09-29 12:51:26,860 [28fc21f1-0f1b-4853-8334-7fb4bdc0ccf0@group-BAC3D6A46238-LeaderElection8] INFO  impl.LeaderElection (LeaderElection.java:askForVotes(323)) - 28fc21f1-0f1b-4853-8334-7fb4bdc0ccf0@group-BAC3D6A46238-LeaderElection8 ELECTION round 0: result PASSED
2023-09-29 12:51:26,860 [28fc21f1-0f1b-4853-8334-7fb4bdc0ccf0@group-BAC3D6A46238-LeaderElection8] INFO  impl.RoleInfo (RoleInfo.java:shutdownLeaderElection(130)) - 28fc21f1-0f1b-4853-8334-7fb4bdc0ccf0: shutdown 28fc21f1-0f1b-4853-8334-7fb4bdc0ccf0@group-BAC3D6A46238-LeaderElection8
2023-09-29 12:51:26,860 [28fc21f1-0f1b-4853-8334-7fb4bdc0ccf0@group-BAC3D6A46238-LeaderElection8] INFO  server.RaftServer$Division (RaftServerImpl.java:setRole(329)) - 28fc21f1-0f1b-4853-8334-7fb4bdc0ccf0@group-BAC3D6A46238: changes role from CANDIDATE to LEADER at term 1 for changeToLeader
2023-09-29 12:51:26,860 [28fc21f1-0f1b-4853-8334-7fb4bdc0ccf0@group-BAC3D6A46238-LeaderElection8] INFO  ratis.XceiverServerRatis (XceiverServerRatis.java:handleLeaderChangedNotification(902)) - Leader change notification received for group: group-BAC3D6A46238 with new leaderId: 28fc21f1-0f1b-4853-8334-7fb4bdc0ccf0
2023-09-29 12:51:26,861 [28fc21f1-0f1b-4853-8334-7fb4bdc0ccf0@group-BAC3D6A46238-LeaderElection8] INFO  server.RaftServer$Division (ServerState.java:setLeader(317)) - 28fc21f1-0f1b-4853-8334-7fb4bdc0ccf0@group-BAC3D6A46238: change Leader from null to 28fc21f1-0f1b-4853-8334-7fb4bdc0ccf0 at term 1 for becomeLeader, leader elected after 5292ms
2023-09-29 12:51:26,861 [28fc21f1-0f1b-4853-8334-7fb4bdc0ccf0@group-BAC3D6A46238-LeaderElection8] INFO  server.RaftServerConfigKeys (ConfUtils.java:logGet(46)) - raft.server.staging.catchup.gap = 1000 (default)
2023-09-29 12:51:26,861 [28fc21f1-0f1b-4853-8334-7fb4bdc0ccf0@group-BAC3D6A46238-LeaderElection8] INFO  server.RaftServerConfigKeys (ConfUtils.java:logGet(46)) - raft.server.write.element-limit = 1024 (custom)
2023-09-29 12:51:26,861 [28fc21f1-0f1b-4853-8334-7fb4bdc0ccf0@group-BAC3D6A46238-LeaderElection8] INFO  server.RaftServerConfigKeys (ConfUtils.java:logGet(46)) - raft.server.write.byte-limit = 1024 M (=1073741824) (custom)
2023-09-29 12:51:26,861 [28fc21f1-0f1b-4853-8334-7fb4bdc0ccf0@group-BAC3D6A46238-LeaderElection8] INFO  server.RaftServerConfigKeys (ConfUtils.java:logGet(46)) - raft.server.watch.timeout = 180s (custom)
2023-09-29 12:51:26,862 [28fc21f1-0f1b-4853-8334-7fb4bdc0ccf0@group-BAC3D6A46238-LeaderElection8] INFO  server.RaftServerConfigKeys (ConfUtils.java:logGet(46)) - raft.server.watch.timeout.denomination = 1s (default)
2023-09-29 12:51:26,862 [28fc21f1-0f1b-4853-8334-7fb4bdc0ccf0@group-BAC3D6A46238-LeaderElection8] INFO  server.RaftServerConfigKeys (ConfUtils.java:logGet(46)) - raft.server.watch.element-limit = 65536 (default)
2023-09-29 12:51:26,862 [28fc21f1-0f1b-4853-8334-7fb4bdc0ccf0@group-BAC3D6A46238-LeaderElection8] INFO  server.RaftServerConfigKeys (ConfUtils.java:logGet(46)) - raft.server.write.element-limit = 1024 (custom)
2023-09-29 12:51:26,862 [28fc21f1-0f1b-4853-8334-7fb4bdc0ccf0@group-BAC3D6A46238-LeaderElection8] INFO  server.RaftServerConfigKeys (ConfUtils.java:logGet(46)) - raft.server.write.follower.gap.ratio.max = -1.0 (default)
2023-09-29 12:51:26,862 [28fc21f1-0f1b-4853-8334-7fb4bdc0ccf0@group-BAC3D6A46238-LeaderElection8] INFO  server.RaftServerConfigKeys (ConfUtils.java:logGet(46)) - raft.server.log.appender.snapshot.chunk.size.max = 16MB (=16777216) (default)
2023-09-29 12:51:26,866 [28fc21f1-0f1b-4853-8334-7fb4bdc0ccf0@group-BAC3D6A46238-LeaderElection8] INFO  server.RaftServerConfigKeys (ConfUtils.java:logGet(46)) - raft.server.log.appender.buffer.byte-limit = 33554432 (custom)
2023-09-29 12:51:26,866 [28fc21f1-0f1b-4853-8334-7fb4bdc0ccf0@group-BAC3D6A46238-LeaderElection8] INFO  server.RaftServerConfigKeys (ConfUtils.java:logGet(46)) - raft.server.log.appender.buffer.element-limit = 1 (custom)
2023-09-29 12:51:26,866 [28fc21f1-0f1b-4853-8334-7fb4bdc0ccf0@group-BAC3D6A46238-LeaderElection8] INFO  server.RaftServerConfigKeys (ConfUtils.java:logGet(46)) - raft.server.log.appender.wait-time.min = 10ms (default)
2023-09-29 12:51:26,866 [28fc21f1-0f1b-4853-8334-7fb4bdc0ccf0@group-BAC3D6A46238-LeaderElection8] INFO  grpc.GrpcConfigKeys (ConfUtils.java:logGet(46)) - raft.grpc.server.leader.outstanding.appends.max = 128 (default)
2023-09-29 12:51:26,866 [28fc21f1-0f1b-4853-8334-7fb4bdc0ccf0@group-BAC3D6A46238-LeaderElection8] INFO  server.RaftServerConfigKeys (ConfUtils.java:logGet(46)) - raft.server.rpc.request.timeout = 60s (custom)
2023-09-29 12:51:26,866 [28fc21f1-0f1b-4853-8334-7fb4bdc0ccf0@group-BAC3D6A46238-LeaderElection8] INFO  grpc.GrpcConfigKeys (ConfUtils.java:logGet(46)) - raft.grpc.server.install_snapshot.request.element-limit = 8 (default)
2023-09-29 12:51:26,865 [EventQueue-PipelineReportForPipelineReportHandler] INFO  pipeline.PipelineReportHandler (PipelineReportHandler.java:processPipelineReport(136)) - Opened pipeline PipelineID=12312537-43cd-480b-977c-bac3d6a46238
2023-09-29 12:51:26,863 [grpc-default-executor-0] INFO  server.RaftServer$Division (RaftServerImpl.java:requestVote(1335)) - 9305807b-68e0-4de4-9f06-795e0c374ac6@group-BAC3D6A46238 replies to ELECTION vote request: 28fc21f1-0f1b-4853-8334-7fb4bdc0ccf0<-9305807b-68e0-4de4-9f06-795e0c374ac6#0:OK-t1. Peer's state: 9305807b-68e0-4de4-9f06-795e0c374ac6@group-BAC3D6A46238:t1, leader=null, voted=28fc21f1-0f1b-4853-8334-7fb4bdc0ccf0, raftlog=Memoized:9305807b-68e0-4de4-9f06-795e0c374ac6@group-BAC3D6A46238-SegmentedRaftLog:OPENED:c-1, conf=-1: peers:[5317d628-7528-4015-930b-d89d4a444778|rpc:10.1.0.70:15023|admin:10.1.0.70:15022|client:10.1.0.70:15021|dataStream:10.1.0.70:15024|priority:0|startupRole:FOLLOWER, 9305807b-68e0-4de4-9f06-795e0c374ac6|rpc:10.1.0.70:15032|admin:10.1.0.70:15031|client:10.1.0.70:15030|dataStream:10.1.0.70:15033|priority:0|startupRole:FOLLOWER, 28fc21f1-0f1b-4853-8334-7fb4bdc0ccf0|rpc:10.1.0.70:15014|admin:10.1.0.70:15013|client:10.1.0.70:15012|dataStream:10.1.0.70:15015|priority:1|startupRole:FOLLOWER]|listeners:[], old=null
2023-09-29 12:51:26,868 [28fc21f1-0f1b-4853-8334-7fb4bdc0ccf0@group-BAC3D6A46238-LeaderElection8] INFO  grpc.GrpcConfigKeys (ConfUtils.java:logGet(46)) - raft.grpc.server.install_snapshot.request.timeout = 3000ms (default)
2023-09-29 12:51:26,868 [grpc-default-executor-5] INFO  impl.VoteContext (VoteContext.java:log(49)) - 9305807b-68e0-4de4-9f06-795e0c374ac6@group-BAC3D6A46238-FOLLOWER: accept PRE_VOTE from 28fc21f1-0f1b-4853-8334-7fb4bdc0ccf0: our priority 0 <= candidate's priority 1
2023-09-29 12:51:26,871 [grpc-default-executor-5] INFO  server.RaftServer$Division (RaftServerImpl.java:requestVote(1335)) - 9305807b-68e0-4de4-9f06-795e0c374ac6@group-BAC3D6A46238 replies to PRE_VOTE vote request: 28fc21f1-0f1b-4853-8334-7fb4bdc0ccf0<-9305807b-68e0-4de4-9f06-795e0c374ac6#0:OK-t1. Peer's state: 9305807b-68e0-4de4-9f06-795e0c374ac6@group-BAC3D6A46238:t1, leader=null, voted=28fc21f1-0f1b-4853-8334-7fb4bdc0ccf0, raftlog=Memoized:9305807b-68e0-4de4-9f06-795e0c374ac6@group-BAC3D6A46238-SegmentedRaftLog:OPENED:c-1, conf=-1: peers:[5317d628-7528-4015-930b-d89d4a444778|rpc:10.1.0.70:15023|admin:10.1.0.70:15022|client:10.1.0.70:15021|dataStream:10.1.0.70:15024|priority:0|startupRole:FOLLOWER, 9305807b-68e0-4de4-9f06-795e0c374ac6|rpc:10.1.0.70:15032|admin:10.1.0.70:15031|client:10.1.0.70:15030|dataStream:10.1.0.70:15033|priority:0|startupRole:FOLLOWER, 28fc21f1-0f1b-4853-8334-7fb4bdc0ccf0|rpc:10.1.0.70:15014|admin:10.1.0.70:15013|client:10.1.0.70:15012|dataStream:10.1.0.70:15015|priority:1|startupRole:FOLLOWER]|listeners:[], old=null
2023-09-29 12:51:26,873 [28fc21f1-0f1b-4853-8334-7fb4bdc0ccf0@group-BAC3D6A46238-LeaderElection8] INFO  server.RaftServerConfigKeys (ConfUtils.java:logGet(46)) - raft.server.log.appender.install.snapshot.enabled = false (custom)
2023-09-29 12:51:26,873 [28fc21f1-0f1b-4853-8334-7fb4bdc0ccf0@group-BAC3D6A46238-LeaderElection8] INFO  grpc.GrpcConfigKeys (ConfUtils.java:logGet(46)) - raft.grpc.server.heartbeat.channel = true (default)
2023-09-29 12:51:26,874 [28fc21f1-0f1b-4853-8334-7fb4bdc0ccf0@group-BAC3D6A46238-LeaderElection8] INFO  server.RaftServerConfigKeys (ConfUtils.java:logGet(46)) - raft.server.log.appender.snapshot.chunk.size.max = 16MB (=16777216) (default)
2023-09-29 12:51:26,874 [28fc21f1-0f1b-4853-8334-7fb4bdc0ccf0@group-BAC3D6A46238-LeaderElection8] INFO  server.RaftServerConfigKeys (ConfUtils.java:logGet(46)) - raft.server.log.appender.buffer.byte-limit = 33554432 (custom)
2023-09-29 12:51:26,874 [28fc21f1-0f1b-4853-8334-7fb4bdc0ccf0@group-BAC3D6A46238-LeaderElection8] INFO  server.RaftServerConfigKeys (ConfUtils.java:logGet(46)) - raft.server.log.appender.buffer.element-limit = 1 (custom)
2023-09-29 12:51:26,874 [28fc21f1-0f1b-4853-8334-7fb4bdc0ccf0@group-BAC3D6A46238-LeaderElection8] INFO  server.RaftServerConfigKeys (ConfUtils.java:logGet(46)) - raft.server.log.appender.wait-time.min = 10ms (default)
2023-09-29 12:51:26,874 [28fc21f1-0f1b-4853-8334-7fb4bdc0ccf0@group-BAC3D6A46238-LeaderElection8] INFO  grpc.GrpcConfigKeys (ConfUtils.java:logGet(46)) - raft.grpc.server.leader.outstanding.appends.max = 128 (default)
2023-09-29 12:51:26,874 [28fc21f1-0f1b-4853-8334-7fb4bdc0ccf0@group-BAC3D6A46238-LeaderElection8] INFO  server.RaftServerConfigKeys (ConfUtils.java:logGet(46)) - raft.server.rpc.request.timeout = 60s (custom)
2023-09-29 12:51:26,874 [28fc21f1-0f1b-4853-8334-7fb4bdc0ccf0@group-BAC3D6A46238-LeaderElection8] INFO  grpc.GrpcConfigKeys (ConfUtils.java:logGet(46)) - raft.grpc.server.install_snapshot.request.element-limit = 8 (default)
2023-09-29 12:51:26,874 [28fc21f1-0f1b-4853-8334-7fb4bdc0ccf0@group-BAC3D6A46238-LeaderElection8] INFO  grpc.GrpcConfigKeys (ConfUtils.java:logGet(46)) - raft.grpc.server.install_snapshot.request.timeout = 3000ms (default)
2023-09-29 12:51:26,874 [28fc21f1-0f1b-4853-8334-7fb4bdc0ccf0@group-BAC3D6A46238-LeaderElection8] INFO  server.RaftServerConfigKeys (ConfUtils.java:logGet(46)) - raft.server.log.appender.install.snapshot.enabled = false (custom)
2023-09-29 12:51:26,874 [28fc21f1-0f1b-4853-8334-7fb4bdc0ccf0@group-BAC3D6A46238-LeaderElection8] INFO  grpc.GrpcConfigKeys (ConfUtils.java:logGet(46)) - raft.grpc.server.heartbeat.channel = true (default)
2023-09-29 12:51:26,875 [28fc21f1-0f1b-4853-8334-7fb4bdc0ccf0@group-BAC3D6A46238-LeaderElection8] INFO  impl.RoleInfo (RoleInfo.java:updateAndGet(139)) - 28fc21f1-0f1b-4853-8334-7fb4bdc0ccf0: start 28fc21f1-0f1b-4853-8334-7fb4bdc0ccf0@group-BAC3D6A46238-LeaderStateImpl
2023-09-29 12:51:26,875 [28fc21f1-0f1b-4853-8334-7fb4bdc0ccf0@group-BAC3D6A46238-LeaderElection8] INFO  segmented.SegmentedRaftLogWorker (SegmentedRaftLogWorker.java:startLogSegment(447)) - 28fc21f1-0f1b-4853-8334-7fb4bdc0ccf0@group-BAC3D6A46238-SegmentedRaftLogWorker: Starting segment from index:0
2023-09-29 12:51:26,881 [28fc21f1-0f1b-4853-8334-7fb4bdc0ccf0@group-BAC3D6A46238-SegmentedRaftLogWorker] INFO  segmented.SegmentedRaftLogWorker (SegmentedRaftLogWorker.java:execute(651)) - 28fc21f1-0f1b-4853-8334-7fb4bdc0ccf0@group-BAC3D6A46238-SegmentedRaftLogWorker: created new log segment /home/runner/work/ozone/ozone/hadoop-ozone/integration-test/target/test-dir/MiniOzoneClusterImpl-811b16cb-c214-4c75-bdb2-1b437bba6cdf/datanode-0/data/ratis/12312537-43cd-480b-977c-bac3d6a46238/current/log_inprogress_0
2023-09-29 12:51:26,881 [main] INFO  ozone.MiniOzoneClusterImpl (MiniOzoneClusterImpl.java:lambda$waitForClusterToBeReady$0(229)) - Nodes are ready. Got 10 of 10 DN Heartbeats.
2023-09-29 12:51:26,882 [main] INFO  ozone.MiniOzoneClusterImpl (MiniOzoneClusterImpl.java:lambda$waitForClusterToBeReady$0(232)) - Cluster exits safe mode
2023-09-29 12:51:26,882 [main] INFO  ozone.MiniOzoneClusterImpl (MiniOzoneClusterImpl.java:lambda$waitForClusterToBeReady$0(234)) - SCM became leader
2023-09-29 12:51:26,901 [5317d628-7528-4015-930b-d89d4a444778-server-thread1] INFO  ratis.XceiverServerRatis (XceiverServerRatis.java:handleLeaderChangedNotification(902)) - Leader change notification received for group: group-BAC3D6A46238 with new leaderId: 28fc21f1-0f1b-4853-8334-7fb4bdc0ccf0
2023-09-29 12:51:26,901 [5317d628-7528-4015-930b-d89d4a444778-server-thread1] INFO  server.RaftServer$Division (ServerState.java:setLeader(317)) - 5317d628-7528-4015-930b-d89d4a444778@group-BAC3D6A46238: change Leader from null to 28fc21f1-0f1b-4853-8334-7fb4bdc0ccf0 at term 1 for appendEntries, leader elected after 5375ms
2023-09-29 12:51:26,918 [28fc21f1-0f1b-4853-8334-7fb4bdc0ccf0@group-BAC3D6A46238-LeaderElection8] INFO  server.RaftServer$Division (ServerState.java:setRaftConf(434)) - 28fc21f1-0f1b-4853-8334-7fb4bdc0ccf0@group-BAC3D6A46238: set configuration 0: peers:[5317d628-7528-4015-930b-d89d4a444778|rpc:10.1.0.70:15023|admin:10.1.0.70:15022|client:10.1.0.70:15021|dataStream:10.1.0.70:15024|priority:0|startupRole:FOLLOWER, 9305807b-68e0-4de4-9f06-795e0c374ac6|rpc:10.1.0.70:15032|admin:10.1.0.70:15031|client:10.1.0.70:15030|dataStream:10.1.0.70:15033|priority:0|startupRole:FOLLOWER, 28fc21f1-0f1b-4853-8334-7fb4bdc0ccf0|rpc:10.1.0.70:15014|admin:10.1.0.70:15013|client:10.1.0.70:15012|dataStream:10.1.0.70:15015|priority:1|startupRole:FOLLOWER]|listeners:[], old=null
2023-09-29 12:51:26,933 [9305807b-68e0-4de4-9f06-795e0c374ac6-server-thread1] INFO  ratis.XceiverServerRatis (XceiverServerRatis.java:handleLeaderChangedNotification(902)) - Leader change notification received for group: group-BAC3D6A46238 with new leaderId: 28fc21f1-0f1b-4853-8334-7fb4bdc0ccf0
2023-09-29 12:51:26,933 [9305807b-68e0-4de4-9f06-795e0c374ac6-server-thread1] INFO  server.RaftServer$Division (ServerState.java:setLeader(317)) - 9305807b-68e0-4de4-9f06-795e0c374ac6@group-BAC3D6A46238: change Leader from null to 28fc21f1-0f1b-4853-8334-7fb4bdc0ccf0 at term 1 for appendEntries, leader elected after 5413ms
2023-09-29 12:51:26,939 [5317d628-7528-4015-930b-d89d4a444778-server-thread2] INFO  server.RaftServer$Division (ServerState.java:setRaftConf(434)) - 5317d628-7528-4015-930b-d89d4a444778@group-BAC3D6A46238: set configuration 0: peers:[5317d628-7528-4015-930b-d89d4a444778|rpc:10.1.0.70:15023|admin:10.1.0.70:15022|client:10.1.0.70:15021|dataStream:10.1.0.70:15024|priority:0|startupRole:FOLLOWER, 9305807b-68e0-4de4-9f06-795e0c374ac6|rpc:10.1.0.70:15032|admin:10.1.0.70:15031|client:10.1.0.70:15030|dataStream:10.1.0.70:15033|priority:0|startupRole:FOLLOWER, 28fc21f1-0f1b-4853-8334-7fb4bdc0ccf0|rpc:10.1.0.70:15014|admin:10.1.0.70:15013|client:10.1.0.70:15012|dataStream:10.1.0.70:15015|priority:1|startupRole:FOLLOWER]|listeners:[], old=null
2023-09-29 12:51:26,941 [5317d628-7528-4015-930b-d89d4a444778-server-thread2] INFO  segmented.SegmentedRaftLogWorker (SegmentedRaftLogWorker.java:startLogSegment(447)) - 5317d628-7528-4015-930b-d89d4a444778@group-BAC3D6A46238-SegmentedRaftLogWorker: Starting segment from index:0
2023-09-29 12:51:26,939 [9305807b-68e0-4de4-9f06-795e0c374ac6-server-thread2] INFO  server.RaftServer$Division (ServerState.java:setRaftConf(434)) - 9305807b-68e0-4de4-9f06-795e0c374ac6@group-BAC3D6A46238: set configuration 0: peers:[5317d628-7528-4015-930b-d89d4a444778|rpc:10.1.0.70:15023|admin:10.1.0.70:15022|client:10.1.0.70:15021|dataStream:10.1.0.70:15024|priority:0|startupRole:FOLLOWER, 9305807b-68e0-4de4-9f06-795e0c374ac6|rpc:10.1.0.70:15032|admin:10.1.0.70:15031|client:10.1.0.70:15030|dataStream:10.1.0.70:15033|priority:0|startupRole:FOLLOWER, 28fc21f1-0f1b-4853-8334-7fb4bdc0ccf0|rpc:10.1.0.70:15014|admin:10.1.0.70:15013|client:10.1.0.70:15012|dataStream:10.1.0.70:15015|priority:1|startupRole:FOLLOWER]|listeners:[], old=null
2023-09-29 12:51:26,943 [9305807b-68e0-4de4-9f06-795e0c374ac6-server-thread2] INFO  segmented.SegmentedRaftLogWorker (SegmentedRaftLogWorker.java:startLogSegment(447)) - 9305807b-68e0-4de4-9f06-795e0c374ac6@group-BAC3D6A46238-SegmentedRaftLogWorker: Starting segment from index:0
2023-09-29 12:51:26,947 [9305807b-68e0-4de4-9f06-795e0c374ac6@group-BAC3D6A46238-SegmentedRaftLogWorker] INFO  segmented.SegmentedRaftLogWorker (SegmentedRaftLogWorker.java:execute(651)) - 9305807b-68e0-4de4-9f06-795e0c374ac6@group-BAC3D6A46238-SegmentedRaftLogWorker: created new log segment /home/runner/work/ozone/ozone/hadoop-ozone/integration-test/target/test-dir/MiniOzoneClusterImpl-811b16cb-c214-4c75-bdb2-1b437bba6cdf/datanode-2/data/ratis/12312537-43cd-480b-977c-bac3d6a46238/current/log_inprogress_0
2023-09-29 12:51:26,947 [5317d628-7528-4015-930b-d89d4a444778@group-BAC3D6A46238-SegmentedRaftLogWorker] INFO  segmented.SegmentedRaftLogWorker (SegmentedRaftLogWorker.java:execute(651)) - 5317d628-7528-4015-930b-d89d4a444778@group-BAC3D6A46238-SegmentedRaftLogWorker: created new log segment /home/runner/work/ozone/ozone/hadoop-ozone/integration-test/target/test-dir/MiniOzoneClusterImpl-811b16cb-c214-4c75-bdb2-1b437bba6cdf/datanode-1/data/ratis/12312537-43cd-480b-977c-bac3d6a46238/current/log_inprogress_0
2023-09-29 12:51:27,086 [6f9d3266-b874-4586-a718-9027df6ff647@group-7FD84471BA85-FollowerState] INFO  impl.FollowerState (FollowerState.java:run(143)) - 6f9d3266-b874-4586-a718-9027df6ff647@group-7FD84471BA85-FollowerState: change to CANDIDATE, lastRpcElapsedTime:5139510057ns, electionTimeout:5134ms
2023-09-29 12:51:27,087 [6f9d3266-b874-4586-a718-9027df6ff647@group-7FD84471BA85-FollowerState] INFO  impl.RoleInfo (RoleInfo.java:shutdownFollowerState(110)) - 6f9d3266-b874-4586-a718-9027df6ff647: shutdown 6f9d3266-b874-4586-a718-9027df6ff647@group-7FD84471BA85-FollowerState
2023-09-29 12:51:27,087 [6f9d3266-b874-4586-a718-9027df6ff647@group-7FD84471BA85-FollowerState] INFO  server.RaftServer$Division (RaftServerImpl.java:setRole(329)) - 6f9d3266-b874-4586-a718-9027df6ff647@group-7FD84471BA85: changes role from  FOLLOWER to CANDIDATE at term 0 for changeToCandidate
2023-09-29 12:51:27,087 [6f9d3266-b874-4586-a718-9027df6ff647@group-7FD84471BA85-FollowerState] INFO  server.RaftServerConfigKeys (ConfUtils.java:logGet(46)) - raft.server.leaderelection.pre-vote = true (default)
2023-09-29 12:51:27,087 [6f9d3266-b874-4586-a718-9027df6ff647@group-7FD84471BA85-FollowerState] INFO  impl.RoleInfo (RoleInfo.java:updateAndGet(139)) - 6f9d3266-b874-4586-a718-9027df6ff647: start 6f9d3266-b874-4586-a718-9027df6ff647@group-7FD84471BA85-LeaderElection9
2023-09-29 12:51:27,097 [6f9d3266-b874-4586-a718-9027df6ff647@group-7FD84471BA85-LeaderElection9] INFO  impl.LeaderElection (LeaderElection.java:askForVotes(321)) - 6f9d3266-b874-4586-a718-9027df6ff647@group-7FD84471BA85-LeaderElection9 PRE_VOTE round 0: submit vote requests at term 0 for -1: peers:[6f9d3266-b874-4586-a718-9027df6ff647|rpc:10.1.0.70:15041|admin:10.1.0.70:15040|client:10.1.0.70:15039|dataStream:10.1.0.70:15042|priority:1|startupRole:FOLLOWER]|listeners:[], old=null
2023-09-29 12:51:27,097 [6f9d3266-b874-4586-a718-9027df6ff647@group-7FD84471BA85-LeaderElection9] INFO  impl.LeaderElection (LeaderElection.java:askForVotes(323)) - 6f9d3266-b874-4586-a718-9027df6ff647@group-7FD84471BA85-LeaderElection9 PRE_VOTE round 0: result PASSED (term=0)
2023-09-29 12:51:27,099 [6f9d3266-b874-4586-a718-9027df6ff647@group-7FD84471BA85-LeaderElection9] INFO  impl.LeaderElection (LeaderElection.java:askForVotes(321)) - 6f9d3266-b874-4586-a718-9027df6ff647@group-7FD84471BA85-LeaderElection9 ELECTION round 0: submit vote requests at term 1 for -1: peers:[6f9d3266-b874-4586-a718-9027df6ff647|rpc:10.1.0.70:15041|admin:10.1.0.70:15040|client:10.1.0.70:15039|dataStream:10.1.0.70:15042|priority:1|startupRole:FOLLOWER]|listeners:[], old=null
2023-09-29 12:51:27,099 [6f9d3266-b874-4586-a718-9027df6ff647@group-7FD84471BA85-LeaderElection9] INFO  impl.LeaderElection (LeaderElection.java:askForVotes(323)) - 6f9d3266-b874-4586-a718-9027df6ff647@group-7FD84471BA85-LeaderElection9 ELECTION round 0: result PASSED (term=1)
2023-09-29 12:51:27,099 [6f9d3266-b874-4586-a718-9027df6ff647@group-7FD84471BA85-LeaderElection9] INFO  impl.RoleInfo (RoleInfo.java:shutdownLeaderElection(130)) - 6f9d3266-b874-4586-a718-9027df6ff647: shutdown 6f9d3266-b874-4586-a718-9027df6ff647@group-7FD84471BA85-LeaderElection9
2023-09-29 12:51:27,099 [6f9d3266-b874-4586-a718-9027df6ff647@group-7FD84471BA85-LeaderElection9] INFO  server.RaftServer$Division (RaftServerImpl.java:setRole(329)) - 6f9d3266-b874-4586-a718-9027df6ff647@group-7FD84471BA85: changes role from CANDIDATE to LEADER at term 1 for changeToLeader
2023-09-29 12:51:27,099 [6f9d3266-b874-4586-a718-9027df6ff647@group-7FD84471BA85-LeaderElection9] INFO  ratis.XceiverServerRatis (XceiverServerRatis.java:handleLeaderChangedNotification(902)) - Leader change notification received for group: group-7FD84471BA85 with new leaderId: 6f9d3266-b874-4586-a718-9027df6ff647
2023-09-29 12:51:27,099 [6f9d3266-b874-4586-a718-9027df6ff647@group-7FD84471BA85-LeaderElection9] INFO  server.RaftServer$Division (ServerState.java:setLeader(317)) - 6f9d3266-b874-4586-a718-9027df6ff647@group-7FD84471BA85: change Leader from null to 6f9d3266-b874-4586-a718-9027df6ff647 at term 1 for becomeLeader, leader elected after 5198ms
2023-09-29 12:51:27,099 [6f9d3266-b874-4586-a718-9027df6ff647@group-7FD84471BA85-LeaderElection9] INFO  server.RaftServerConfigKeys (ConfUtils.java:logGet(46)) - raft.server.staging.catchup.gap = 1000 (default)
2023-09-29 12:51:27,099 [6f9d3266-b874-4586-a718-9027df6ff647@group-7FD84471BA85-LeaderElection9] INFO  server.RaftServerConfigKeys (ConfUtils.java:logGet(46)) - raft.server.write.element-limit = 1024 (custom)
2023-09-29 12:51:27,100 [6f9d3266-b874-4586-a718-9027df6ff647@group-7FD84471BA85-LeaderElection9] INFO  server.RaftServerConfigKeys (ConfUtils.java:logGet(46)) - raft.server.write.byte-limit = 1024 M (=1073741824) (custom)
2023-09-29 12:51:27,100 [6f9d3266-b874-4586-a718-9027df6ff647@group-7FD84471BA85-LeaderElection9] INFO  server.RaftServerConfigKeys (ConfUtils.java:logGet(46)) - raft.server.watch.timeout = 180s (custom)
2023-09-29 12:51:27,100 [6f9d3266-b874-4586-a718-9027df6ff647@group-7FD84471BA85-LeaderElection9] INFO  server.RaftServerConfigKeys (ConfUtils.java:logGet(46)) - raft.server.watch.timeout.denomination = 1s (default)
2023-09-29 12:51:27,100 [6f9d3266-b874-4586-a718-9027df6ff647@group-7FD84471BA85-LeaderElection9] INFO  server.RaftServerConfigKeys (ConfUtils.java:logGet(46)) - raft.server.watch.element-limit = 65536 (default)
2023-09-29 12:51:27,100 [6f9d3266-b874-4586-a718-9027df6ff647@group-7FD84471BA85-LeaderElection9] INFO  server.RaftServerConfigKeys (ConfUtils.java:logGet(46)) - raft.server.write.element-limit = 1024 (custom)
2023-09-29 12:51:27,100 [6f9d3266-b874-4586-a718-9027df6ff647@group-7FD84471BA85-LeaderElection9] INFO  server.RaftServerConfigKeys (ConfUtils.java:logGet(46)) - raft.server.write.follower.gap.ratio.max = -1.0 (default)
2023-09-29 12:51:27,100 [6f9d3266-b874-4586-a718-9027df6ff647@group-7FD84471BA85-LeaderElection9] INFO  impl.RoleInfo (RoleInfo.java:updateAndGet(139)) - 6f9d3266-b874-4586-a718-9027df6ff647: start 6f9d3266-b874-4586-a718-9027df6ff647@group-7FD84471BA85-LeaderStateImpl
2023-09-29 12:51:27,102 [6f9d3266-b874-4586-a718-9027df6ff647@group-7FD84471BA85-LeaderElection9] INFO  segmented.SegmentedRaftLogWorker (SegmentedRaftLogWorker.java:startLogSegment(447)) - 6f9d3266-b874-4586-a718-9027df6ff647@group-7FD84471BA85-SegmentedRaftLogWorker: Starting segment from index:0
2023-09-29 12:51:27,105 [6f9d3266-b874-4586-a718-9027df6ff647@group-7FD84471BA85-LeaderElection9] INFO  server.RaftServer$Division (ServerState.java:setRaftConf(434)) - 6f9d3266-b874-4586-a718-9027df6ff647@group-7FD84471BA85: set configuration 0: peers:[6f9d3266-b874-4586-a718-9027df6ff647|rpc:10.1.0.70:15041|admin:10.1.0.70:15040|client:10.1.0.70:15039|dataStream:10.1.0.70:15042|priority:1|startupRole:FOLLOWER]|listeners:[], old=null
2023-09-29 12:51:27,106 [6f9d3266-b874-4586-a718-9027df6ff647@group-7FD84471BA85-SegmentedRaftLogWorker] INFO  segmented.SegmentedRaftLogWorker (SegmentedRaftLogWorker.java:execute(651)) - 6f9d3266-b874-4586-a718-9027df6ff647@group-7FD84471BA85-SegmentedRaftLogWorker: created new log segment /home/runner/work/ozone/ozone/hadoop-ozone/integration-test/target/test-dir/MiniOzoneClusterImpl-811b16cb-c214-4c75-bdb2-1b437bba6cdf/datanode-3/data/ratis/2755eb04-fdd9-4243-a794-7fd84471ba85/current/log_inprogress_0
2023-09-29 12:51:27,163 [6f9d3266-b874-4586-a718-9027df6ff647@group-E0A3CFFD1989-FollowerState] INFO  impl.FollowerState (FollowerState.java:run(143)) - 6f9d3266-b874-4586-a718-9027df6ff647@group-E0A3CFFD1989-FollowerState: change to CANDIDATE, lastRpcElapsedTime:5168164675ns, electionTimeout:5158ms
2023-09-29 12:51:27,163 [6f9d3266-b874-4586-a718-9027df6ff647@group-E0A3CFFD1989-FollowerState] INFO  impl.RoleInfo (RoleInfo.java:shutdownFollowerState(110)) - 6f9d3266-b874-4586-a718-9027df6ff647: shutdown 6f9d3266-b874-4586-a718-9027df6ff647@group-E0A3CFFD1989-FollowerState
2023-09-29 12:51:27,163 [6f9d3266-b874-4586-a718-9027df6ff647@group-E0A3CFFD1989-FollowerState] INFO  server.RaftServer$Division (RaftServerImpl.java:setRole(329)) - 6f9d3266-b874-4586-a718-9027df6ff647@group-E0A3CFFD1989: changes role from  FOLLOWER to CANDIDATE at term 0 for changeToCandidate
2023-09-29 12:51:27,163 [6f9d3266-b874-4586-a718-9027df6ff647@group-E0A3CFFD1989-FollowerState] INFO  server.RaftServerConfigKeys (ConfUtils.java:logGet(46)) - raft.server.leaderelection.pre-vote = true (default)
2023-09-29 12:51:27,164 [6f9d3266-b874-4586-a718-9027df6ff647@group-E0A3CFFD1989-FollowerState] INFO  impl.RoleInfo (RoleInfo.java:updateAndGet(139)) - 6f9d3266-b874-4586-a718-9027df6ff647: start 6f9d3266-b874-4586-a718-9027df6ff647@group-E0A3CFFD1989-LeaderElection10
2023-09-29 12:51:27,167 [6f9d3266-b874-4586-a718-9027df6ff647@group-E0A3CFFD1989-LeaderElection10] INFO  impl.LeaderElection (LeaderElection.java:askForVotes(321)) - 6f9d3266-b874-4586-a718-9027df6ff647@group-E0A3CFFD1989-LeaderElection10 PRE_VOTE round 0: submit vote requests at term 0 for -1: peers:[6220322b-c54d-4ba8-95d6-5fd9b706d663|rpc:10.1.0.70:15050|admin:10.1.0.70:15049|client:10.1.0.70:15048|dataStream:10.1.0.70:15051|priority:0|startupRole:FOLLOWER, 6f9d3266-b874-4586-a718-9027df6ff647|rpc:10.1.0.70:15041|admin:10.1.0.70:15040|client:10.1.0.70:15039|dataStream:10.1.0.70:15042|priority:0|startupRole:FOLLOWER, 80a9a8fe-8ad4-444c-8e90-e2ced2b3ac02|rpc:10.1.0.70:15059|admin:10.1.0.70:15058|client:10.1.0.70:15057|dataStream:10.1.0.70:15060|priority:1|startupRole:FOLLOWER]|listeners:[], old=null
2023-09-29 12:51:27,168 [6f9d3266-b874-4586-a718-9027df6ff647@group-E0A3CFFD1989-LeaderElection10-1] INFO  server.GrpcServerProtocolClient (GrpcServerProtocolClient.java:<init>(65)) - Build channel for 6220322b-c54d-4ba8-95d6-5fd9b706d663
2023-09-29 12:51:27,174 [6f9d3266-b874-4586-a718-9027df6ff647@group-E0A3CFFD1989-LeaderElection10] INFO  server.RaftServerConfigKeys (ConfUtils.java:logFallback(53)) - raft.server.rpc.first-election.timeout.min = 5s (fallback to raft.server.rpc.timeout.min)
2023-09-29 12:51:27,174 [6f9d3266-b874-4586-a718-9027df6ff647@group-E0A3CFFD1989-LeaderElection10] INFO  server.RaftServerConfigKeys (ConfUtils.java:logFallback(53)) - raft.server.rpc.first-election.timeout.max = 5200ms (fallback to raft.server.rpc.timeout.max)
2023-09-29 12:51:27,176 [6f9d3266-b874-4586-a718-9027df6ff647@group-E0A3CFFD1989-LeaderElection10-2] INFO  server.GrpcServerProtocolClient (GrpcServerProtocolClient.java:<init>(65)) - Build channel for 80a9a8fe-8ad4-444c-8e90-e2ced2b3ac02
2023-09-29 12:51:27,181 [grpc-default-executor-5] INFO  server.RaftServer$Division (RaftServerImpl.java:requestVote(1302)) - 6220322b-c54d-4ba8-95d6-5fd9b706d663@group-E0A3CFFD1989: receive requestVote(PRE_VOTE, 6f9d3266-b874-4586-a718-9027df6ff647, group-E0A3CFFD1989, 0, (t:0, i:0))
2023-09-29 12:51:27,181 [grpc-default-executor-5] INFO  impl.VoteContext (VoteContext.java:log(49)) - 6220322b-c54d-4ba8-95d6-5fd9b706d663@group-E0A3CFFD1989-FOLLOWER: accept PRE_VOTE from 6f9d3266-b874-4586-a718-9027df6ff647: our priority 0 <= candidate's priority 0
2023-09-29 12:51:27,181 [grpc-default-executor-5] INFO  server.RaftServer$Division (RaftServerImpl.java:requestVote(1335)) - 6220322b-c54d-4ba8-95d6-5fd9b706d663@group-E0A3CFFD1989 replies to PRE_VOTE vote request: 6f9d3266-b874-4586-a718-9027df6ff647<-6220322b-c54d-4ba8-95d6-5fd9b706d663#0:OK-t0. Peer's state: 6220322b-c54d-4ba8-95d6-5fd9b706d663@group-E0A3CFFD1989:t0, leader=null, voted=, raftlog=Memoized:6220322b-c54d-4ba8-95d6-5fd9b706d663@group-E0A3CFFD1989-SegmentedRaftLog:OPENED:c-1, conf=-1: peers:[6220322b-c54d-4ba8-95d6-5fd9b706d663|rpc:10.1.0.70:15050|admin:10.1.0.70:15049|client:10.1.0.70:15048|dataStream:10.1.0.70:15051|priority:0|startupRole:FOLLOWER, 6f9d3266-b874-4586-a718-9027df6ff647|rpc:10.1.0.70:15041|admin:10.1.0.70:15040|client:10.1.0.70:15039|dataStream:10.1.0.70:15042|priority:0|startupRole:FOLLOWER, 80a9a8fe-8ad4-444c-8e90-e2ced2b3ac02|rpc:10.1.0.70:15059|admin:10.1.0.70:15058|client:10.1.0.70:15057|dataStream:10.1.0.70:15060|priority:1|startupRole:FOLLOWER]|listeners:[], old=null
2023-09-29 12:51:27,195 [grpc-default-executor-5] INFO  server.RaftServer$Division (RaftServerImpl.java:requestVote(1302)) - 80a9a8fe-8ad4-444c-8e90-e2ced2b3ac02@group-E0A3CFFD1989: receive requestVote(PRE_VOTE, 6f9d3266-b874-4586-a718-9027df6ff647, group-E0A3CFFD1989, 0, (t:0, i:0))
2023-09-29 12:51:27,196 [grpc-default-executor-5] INFO  impl.VoteContext (VoteContext.java:log(49)) - 80a9a8fe-8ad4-444c-8e90-e2ced2b3ac02@group-E0A3CFFD1989-FOLLOWER: reject PRE_VOTE from 6f9d3266-b874-4586-a718-9027df6ff647: our priority 1 > candidate's priority 0
2023-09-29 12:51:27,196 [grpc-default-executor-5] INFO  server.RaftServer$Division (RaftServerImpl.java:requestVote(1335)) - 80a9a8fe-8ad4-444c-8e90-e2ced2b3ac02@group-E0A3CFFD1989 replies to PRE_VOTE vote request: 6f9d3266-b874-4586-a718-9027df6ff647<-80a9a8fe-8ad4-444c-8e90-e2ced2b3ac02#0:FAIL-t0. Peer's state: 80a9a8fe-8ad4-444c-8e90-e2ced2b3ac02@group-E0A3CFFD1989:t0, leader=null, voted=, raftlog=Memoized:80a9a8fe-8ad4-444c-8e90-e2ced2b3ac02@group-E0A3CFFD1989-SegmentedRaftLog:OPENED:c-1, conf=-1: peers:[6220322b-c54d-4ba8-95d6-5fd9b706d663|rpc:10.1.0.70:15050|admin:10.1.0.70:15049|client:10.1.0.70:15048|dataStream:10.1.0.70:15051|priority:0|startupRole:FOLLOWER, 6f9d3266-b874-4586-a718-9027df6ff647|rpc:10.1.0.70:15041|admin:10.1.0.70:15040|client:10.1.0.70:15039|dataStream:10.1.0.70:15042|priority:0|startupRole:FOLLOWER, 80a9a8fe-8ad4-444c-8e90-e2ced2b3ac02|rpc:10.1.0.70:15059|admin:10.1.0.70:15058|client:10.1.0.70:15057|dataStream:10.1.0.70:15060|priority:1|startupRole:FOLLOWER]|listeners:[], old=null
2023-09-29 12:51:27,198 [6f9d3266-b874-4586-a718-9027df6ff647@group-E0A3CFFD1989-LeaderElection10] INFO  impl.LeaderElection (LeaderElection.java:logAndReturn(90)) - 6f9d3266-b874-4586-a718-9027df6ff647@group-E0A3CFFD1989-LeaderElection10: PRE_VOTE REJECTED received 2 response(s) and 0 exception(s):
2023-09-29 12:51:27,198 [6f9d3266-b874-4586-a718-9027df6ff647@group-E0A3CFFD1989-LeaderElection10] INFO  impl.LeaderElection (LeaderElection.java:logAndReturn(94)) -   Response 0: 6f9d3266-b874-4586-a718-9027df6ff647<-6220322b-c54d-4ba8-95d6-5fd9b706d663#0:OK-t0
2023-09-29 12:51:27,198 [6f9d3266-b874-4586-a718-9027df6ff647@group-E0A3CFFD1989-LeaderElection10] INFO  impl.LeaderElection (LeaderElection.java:logAndReturn(94)) -   Response 1: 6f9d3266-b874-4586-a718-9027df6ff647<-80a9a8fe-8ad4-444c-8e90-e2ced2b3ac02#0:FAIL-t0
2023-09-29 12:51:27,198 [6f9d3266-b874-4586-a718-9027df6ff647@group-E0A3CFFD1989-LeaderElection10] INFO  impl.LeaderElection (LeaderElection.java:askForVotes(323)) - 6f9d3266-b874-4586-a718-9027df6ff647@group-E0A3CFFD1989-LeaderElection10 PRE_VOTE round 0: result REJECTED
2023-09-29 12:51:27,198 [6f9d3266-b874-4586-a718-9027df6ff647@group-E0A3CFFD1989-LeaderElection10] INFO  server.RaftServer$Division (RaftServerImpl.java:setRole(329)) - 6f9d3266-b874-4586-a718-9027df6ff647@group-E0A3CFFD1989: changes role from CANDIDATE to FOLLOWER at term 0 for REJECTED
2023-09-29 12:51:27,200 [6f9d3266-b874-4586-a718-9027df6ff647@group-E0A3CFFD1989-LeaderElection10] INFO  impl.RoleInfo (RoleInfo.java:shutdownLeaderElection(130)) - 6f9d3266-b874-4586-a718-9027df6ff647: shutdown 6f9d3266-b874-4586-a718-9027df6ff647@group-E0A3CFFD1989-LeaderElection10
2023-09-29 12:51:27,200 [6f9d3266-b874-4586-a718-9027df6ff647@group-E0A3CFFD1989-LeaderElection10] INFO  impl.RoleInfo (RoleInfo.java:updateAndGet(139)) - 6f9d3266-b874-4586-a718-9027df6ff647: start 6f9d3266-b874-4586-a718-9027df6ff647@group-E0A3CFFD1989-FollowerState
2023-09-29 12:51:27,535 [80a9a8fe-8ad4-444c-8e90-e2ced2b3ac02@group-E0A3CFFD1989-FollowerState] INFO  impl.FollowerState (FollowerState.java:run(143)) - 80a9a8fe-8ad4-444c-8e90-e2ced2b3ac02@group-E0A3CFFD1989-FollowerState: change to CANDIDATE, lastRpcElapsedTime:5004735655ns, electionTimeout:5001ms
2023-09-29 12:51:27,535 [80a9a8fe-8ad4-444c-8e90-e2ced2b3ac02@group-E0A3CFFD1989-FollowerState] INFO  impl.RoleInfo (RoleInfo.java:shutdownFollowerState(110)) - 80a9a8fe-8ad4-444c-8e90-e2ced2b3ac02: shutdown 80a9a8fe-8ad4-444c-8e90-e2ced2b3ac02@group-E0A3CFFD1989-FollowerState
2023-09-29 12:51:27,535 [80a9a8fe-8ad4-444c-8e90-e2ced2b3ac02@group-E0A3CFFD1989-FollowerState] INFO  server.RaftServer$Division (RaftServerImpl.java:setRole(329)) - 80a9a8fe-8ad4-444c-8e90-e2ced2b3ac02@group-E0A3CFFD1989: changes role from  FOLLOWER to CANDIDATE at term 0 for changeToCandidate
2023-09-29 12:51:27,535 [80a9a8fe-8ad4-444c-8e90-e2ced2b3ac02@group-E0A3CFFD1989-FollowerState] INFO  server.RaftServerConfigKeys (ConfUtils.java:logGet(46)) - raft.server.leaderelection.pre-vote = true (default)
2023-09-29 12:51:27,536 [80a9a8fe-8ad4-444c-8e90-e2ced2b3ac02@group-E0A3CFFD1989-FollowerState] INFO  impl.RoleInfo (RoleInfo.java:updateAndGet(139)) - 80a9a8fe-8ad4-444c-8e90-e2ced2b3ac02: start 80a9a8fe-8ad4-444c-8e90-e2ced2b3ac02@group-E0A3CFFD1989-LeaderElection11
2023-09-29 12:51:27,546 [80a9a8fe-8ad4-444c-8e90-e2ced2b3ac02@group-E0A3CFFD1989-LeaderElection11] INFO  impl.LeaderElection (LeaderElection.java:askForVotes(321)) - 80a9a8fe-8ad4-444c-8e90-e2ced2b3ac02@group-E0A3CFFD1989-LeaderElection11 PRE_VOTE round 0: submit vote requests at term 0 for -1: peers:[6220322b-c54d-4ba8-95d6-5fd9b706d663|rpc:10.1.0.70:15050|admin:10.1.0.70:15049|client:10.1.0.70:15048|dataStream:10.1.0.70:15051|priority:0|startupRole:FOLLOWER, 6f9d3266-b874-4586-a718-9027df6ff647|rpc:10.1.0.70:15041|admin:10.1.0.70:15040|client:10.1.0.70:15039|dataStream:10.1.0.70:15042|priority:0|startupRole:FOLLOWER, 80a9a8fe-8ad4-444c-8e90-e2ced2b3ac02|rpc:10.1.0.70:15059|admin:10.1.0.70:15058|client:10.1.0.70:15057|dataStream:10.1.0.70:15060|priority:1|startupRole:FOLLOWER]|listeners:[], old=null
2023-09-29 12:51:27,552 [80a9a8fe-8ad4-444c-8e90-e2ced2b3ac02@group-E0A3CFFD1989-LeaderElection11-1] INFO  server.GrpcServerProtocolClient (GrpcServerProtocolClient.java:<init>(65)) - Build channel for 6220322b-c54d-4ba8-95d6-5fd9b706d663
2023-09-29 12:51:27,556 [80a9a8fe-8ad4-444c-8e90-e2ced2b3ac02@group-E0A3CFFD1989-LeaderElection11] INFO  server.RaftServerConfigKeys (ConfUtils.java:logFallback(53)) - raft.server.rpc.first-election.timeout.min = 5s (fallback to raft.server.rpc.timeout.min)
2023-09-29 12:51:27,556 [80a9a8fe-8ad4-444c-8e90-e2ced2b3ac02@group-E0A3CFFD1989-LeaderElection11] INFO  server.RaftServerConfigKeys (ConfUtils.java:logFallback(53)) - raft.server.rpc.first-election.timeout.max = 5200ms (fallback to raft.server.rpc.timeout.max)
2023-09-29 12:51:27,556 [80a9a8fe-8ad4-444c-8e90-e2ced2b3ac02@group-E0A3CFFD1989-LeaderElection11-2] INFO  server.GrpcServerProtocolClient (GrpcServerProtocolClient.java:<init>(65)) - Build channel for 6f9d3266-b874-4586-a718-9027df6ff647
2023-09-29 12:51:27,578 [grpc-default-executor-5] INFO  server.RaftServer$Division (RaftServerImpl.java:requestVote(1302)) - 6f9d3266-b874-4586-a718-9027df6ff647@group-E0A3CFFD1989: receive requestVote(PRE_VOTE, 80a9a8fe-8ad4-444c-8e90-e2ced2b3ac02, group-E0A3CFFD1989, 0, (t:0, i:0))
2023-09-29 12:51:27,578 [grpc-default-executor-5] INFO  impl.VoteContext (VoteContext.java:log(49)) - 6f9d3266-b874-4586-a718-9027df6ff647@group-E0A3CFFD1989-FOLLOWER: accept PRE_VOTE from 80a9a8fe-8ad4-444c-8e90-e2ced2b3ac02: our priority 0 <= candidate's priority 1
2023-09-29 12:51:27,578 [grpc-default-executor-5] INFO  server.RaftServer$Division (RaftServerImpl.java:requestVote(1335)) - 6f9d3266-b874-4586-a718-9027df6ff647@group-E0A3CFFD1989 replies to PRE_VOTE vote request: 80a9a8fe-8ad4-444c-8e90-e2ced2b3ac02<-6f9d3266-b874-4586-a718-9027df6ff647#0:OK-t0. Peer's state: 6f9d3266-b874-4586-a718-9027df6ff647@group-E0A3CFFD1989:t0, leader=null, voted=, raftlog=Memoized:6f9d3266-b874-4586-a718-9027df6ff647@group-E0A3CFFD1989-SegmentedRaftLog:OPENED:c-1, conf=-1: peers:[6220322b-c54d-4ba8-95d6-5fd9b706d663|rpc:10.1.0.70:15050|admin:10.1.0.70:15049|client:10.1.0.70:15048|dataStream:10.1.0.70:15051|priority:0|startupRole:FOLLOWER, 6f9d3266-b874-4586-a718-9027df6ff647|rpc:10.1.0.70:15041|admin:10.1.0.70:15040|client:10.1.0.70:15039|dataStream:10.1.0.70:15042|priority:0|startupRole:FOLLOWER, 80a9a8fe-8ad4-444c-8e90-e2ced2b3ac02|rpc:10.1.0.70:15059|admin:10.1.0.70:15058|client:10.1.0.70:15057|dataStream:10.1.0.70:15060|priority:1|startupRole:FOLLOWER]|listeners:[], old=null
2023-09-29 12:51:27,591 [80a9a8fe-8ad4-444c-8e90-e2ced2b3ac02@group-E0A3CFFD1989-LeaderElection11] INFO  impl.LeaderElection (LeaderElection.java:logAndReturn(90)) - 80a9a8fe-8ad4-444c-8e90-e2ced2b3ac02@group-E0A3CFFD1989-LeaderElection11: PRE_VOTE PASSED received 1 response(s) and 0 exception(s):
2023-09-29 12:51:27,591 [80a9a8fe-8ad4-444c-8e90-e2ced2b3ac02@group-E0A3CFFD1989-LeaderElection11] INFO  impl.LeaderElection (LeaderElection.java:logAndReturn(94)) -   Response 0: 80a9a8fe-8ad4-444c-8e90-e2ced2b3ac02<-6f9d3266-b874-4586-a718-9027df6ff647#0:OK-t0
2023-09-29 12:51:27,591 [80a9a8fe-8ad4-444c-8e90-e2ced2b3ac02@group-E0A3CFFD1989-LeaderElection11] INFO  impl.LeaderElection (LeaderElection.java:askForVotes(323)) - 80a9a8fe-8ad4-444c-8e90-e2ced2b3ac02@group-E0A3CFFD1989-LeaderElection11 PRE_VOTE round 0: result PASSED
2023-09-29 12:51:27,593 [80a9a8fe-8ad4-444c-8e90-e2ced2b3ac02@group-E0A3CFFD1989-LeaderElection11] INFO  impl.LeaderElection (LeaderElection.java:askForVotes(321)) - 80a9a8fe-8ad4-444c-8e90-e2ced2b3ac02@group-E0A3CFFD1989-LeaderElection11 ELECTION round 0: submit vote requests at term 1 for -1: peers:[6220322b-c54d-4ba8-95d6-5fd9b706d663|rpc:10.1.0.70:15050|admin:10.1.0.70:15049|client:10.1.0.70:15048|dataStream:10.1.0.70:15051|priority:0|startupRole:FOLLOWER, 6f9d3266-b874-4586-a718-9027df6ff647|rpc:10.1.0.70:15041|admin:10.1.0.70:15040|client:10.1.0.70:15039|dataStream:10.1.0.70:15042|priority:0|startupRole:FOLLOWER, 80a9a8fe-8ad4-444c-8e90-e2ced2b3ac02|rpc:10.1.0.70:15059|admin:10.1.0.70:15058|client:10.1.0.70:15057|dataStream:10.1.0.70:15060|priority:1|startupRole:FOLLOWER]|listeners:[], old=null
2023-09-29 12:51:27,596 [80a9a8fe-8ad4-444c-8e90-e2ced2b3ac02@group-E0A3CFFD1989-LeaderElection11] INFO  server.RaftServerConfigKeys (ConfUtils.java:logFallback(53)) - raft.server.rpc.first-election.timeout.min = 5s (fallback to raft.server.rpc.timeout.min)
2023-09-29 12:51:27,596 [80a9a8fe-8ad4-444c-8e90-e2ced2b3ac02@group-E0A3CFFD1989-LeaderElection11] INFO  server.RaftServerConfigKeys (ConfUtils.java:logFallback(53)) - raft.server.rpc.first-election.timeout.max = 5200ms (fallback to raft.server.rpc.timeout.max)
2023-09-29 12:51:27,601 [grpc-default-executor-4] INFO  server.RaftServer$Division (RaftServerImpl.java:requestVote(1302)) - 6220322b-c54d-4ba8-95d6-5fd9b706d663@group-E0A3CFFD1989: receive requestVote(ELECTION, 80a9a8fe-8ad4-444c-8e90-e2ced2b3ac02, group-E0A3CFFD1989, 1, (t:0, i:0))
2023-09-29 12:51:27,604 [grpc-default-executor-5] INFO  server.RaftServer$Division (RaftServerImpl.java:requestVote(1302)) - 6220322b-c54d-4ba8-95d6-5fd9b706d663@group-E0A3CFFD1989: receive requestVote(PRE_VOTE, 80a9a8fe-8ad4-444c-8e90-e2ced2b3ac02, group-E0A3CFFD1989, 0, (t:0, i:0))
2023-09-29 12:51:27,604 [grpc-default-executor-5] INFO  impl.VoteContext (VoteContext.java:log(49)) - 6220322b-c54d-4ba8-95d6-5fd9b706d663@group-E0A3CFFD1989-FOLLOWER: accept PRE_VOTE from 80a9a8fe-8ad4-444c-8e90-e2ced2b3ac02: our priority 0 <= candidate's priority 1
2023-09-29 12:51:27,604 [grpc-default-executor-5] INFO  server.RaftServer$Division (RaftServerImpl.java:requestVote(1335)) - 6220322b-c54d-4ba8-95d6-5fd9b706d663@group-E0A3CFFD1989 replies to PRE_VOTE vote request: 80a9a8fe-8ad4-444c-8e90-e2ced2b3ac02<-6220322b-c54d-4ba8-95d6-5fd9b706d663#0:OK-t0. Peer's state: 6220322b-c54d-4ba8-95d6-5fd9b706d663@group-E0A3CFFD1989:t0, leader=null, voted=, raftlog=Memoized:6220322b-c54d-4ba8-95d6-5fd9b706d663@group-E0A3CFFD1989-SegmentedRaftLog:OPENED:c-1, conf=-1: peers:[6220322b-c54d-4ba8-95d6-5fd9b706d663|rpc:10.1.0.70:15050|admin:10.1.0.70:15049|client:10.1.0.70:15048|dataStream:10.1.0.70:15051|priority:0|startupRole:FOLLOWER, 6f9d3266-b874-4586-a718-9027df6ff647|rpc:10.1.0.70:15041|admin:10.1.0.70:15040|client:10.1.0.70:15039|dataStream:10.1.0.70:15042|priority:0|startupRole:FOLLOWER, 80a9a8fe-8ad4-444c-8e90-e2ced2b3ac02|rpc:10.1.0.70:15059|admin:10.1.0.70:15058|client:10.1.0.70:15057|dataStream:10.1.0.70:15060|priority:1|startupRole:FOLLOWER]|listeners:[], old=null
2023-09-29 12:51:27,607 [grpc-default-executor-5] INFO  server.RaftServer$Division (RaftServerImpl.java:requestVote(1302)) - 6f9d3266-b874-4586-a718-9027df6ff647@group-E0A3CFFD1989: receive requestVote(ELECTION, 80a9a8fe-8ad4-444c-8e90-e2ced2b3ac02, group-E0A3CFFD1989, 1, (t:0, i:0))
2023-09-29 12:51:27,607 [grpc-default-executor-5] INFO  impl.VoteContext (VoteContext.java:log(49)) - 6f9d3266-b874-4586-a718-9027df6ff647@group-E0A3CFFD1989-FOLLOWER: accept ELECTION from 80a9a8fe-8ad4-444c-8e90-e2ced2b3ac02: our priority 0 <= candidate's priority 1
2023-09-29 12:51:27,607 [grpc-default-executor-5] INFO  server.RaftServer$Division (RaftServerImpl.java:setRole(329)) - 6f9d3266-b874-4586-a718-9027df6ff647@group-E0A3CFFD1989: changes role from  FOLLOWER to FOLLOWER at term 1 for candidate:80a9a8fe-8ad4-444c-8e90-e2ced2b3ac02
2023-09-29 12:51:27,607 [grpc-default-executor-5] INFO  impl.RoleInfo (RoleInfo.java:shutdownFollowerState(110)) - 6f9d3266-b874-4586-a718-9027df6ff647: shutdown 6f9d3266-b874-4586-a718-9027df6ff647@group-E0A3CFFD1989-FollowerState
2023-09-29 12:51:27,608 [grpc-default-executor-5] INFO  impl.RoleInfo (RoleInfo.java:updateAndGet(139)) - 6f9d3266-b874-4586-a718-9027df6ff647: start 6f9d3266-b874-4586-a718-9027df6ff647@group-E0A3CFFD1989-FollowerState
2023-09-29 12:51:27,608 [6f9d3266-b874-4586-a718-9027df6ff647@group-E0A3CFFD1989-FollowerState] INFO  impl.FollowerState (FollowerState.java:run(152)) - 6f9d3266-b874-4586-a718-9027df6ff647@group-E0A3CFFD1989-FollowerState was interrupted
2023-09-29 12:51:27,611 [grpc-default-executor-5] INFO  server.RaftServer$Division (RaftServerImpl.java:requestVote(1335)) - 6f9d3266-b874-4586-a718-9027df6ff647@group-E0A3CFFD1989 replies to ELECTION vote request: 80a9a8fe-8ad4-444c-8e90-e2ced2b3ac02<-6f9d3266-b874-4586-a718-9027df6ff647#0:OK-t1. Peer's state: 6f9d3266-b874-4586-a718-9027df6ff647@group-E0A3CFFD1989:t1, leader=null, voted=80a9a8fe-8ad4-444c-8e90-e2ced2b3ac02, raftlog=Memoized:6f9d3266-b874-4586-a718-9027df6ff647@group-E0A3CFFD1989-SegmentedRaftLog:OPENED:c-1, conf=-1: peers:[6220322b-c54d-4ba8-95d6-5fd9b706d663|rpc:10.1.0.70:15050|admin:10.1.0.70:15049|client:10.1.0.70:15048|dataStream:10.1.0.70:15051|priority:0|startupRole:FOLLOWER, 6f9d3266-b874-4586-a718-9027df6ff647|rpc:10.1.0.70:15041|admin:10.1.0.70:15040|client:10.1.0.70:15039|dataStream:10.1.0.70:15042|priority:0|startupRole:FOLLOWER, 80a9a8fe-8ad4-444c-8e90-e2ced2b3ac02|rpc:10.1.0.70:15059|admin:10.1.0.70:15058|client:10.1.0.70:15057|dataStream:10.1.0.70:15060|priority:1|startupRole:FOLLOWER]|listeners:[], old=null
2023-09-29 12:51:27,612 [grpc-default-executor-4] INFO  impl.VoteContext (VoteContext.java:log(49)) - 6220322b-c54d-4ba8-95d6-5fd9b706d663@group-E0A3CFFD1989-FOLLOWER: accept ELECTION from 80a9a8fe-8ad4-444c-8e90-e2ced2b3ac02: our priority 0 <= candidate's priority 1
2023-09-29 12:51:27,612 [grpc-default-executor-4] INFO  server.RaftServer$Division (RaftServerImpl.java:setRole(329)) - 6220322b-c54d-4ba8-95d6-5fd9b706d663@group-E0A3CFFD1989: changes role from  FOLLOWER to FOLLOWER at term 1 for candidate:80a9a8fe-8ad4-444c-8e90-e2ced2b3ac02
2023-09-29 12:51:27,612 [grpc-default-executor-4] INFO  impl.RoleInfo (RoleInfo.java:shutdownFollowerState(110)) - 6220322b-c54d-4ba8-95d6-5fd9b706d663: shutdown 6220322b-c54d-4ba8-95d6-5fd9b706d663@group-E0A3CFFD1989-FollowerState
2023-09-29 12:51:27,612 [grpc-default-executor-4] INFO  impl.RoleInfo (RoleInfo.java:updateAndGet(139)) - 6220322b-c54d-4ba8-95d6-5fd9b706d663: start 6220322b-c54d-4ba8-95d6-5fd9b706d663@group-E0A3CFFD1989-FollowerState
2023-09-29 12:51:27,612 [6220322b-c54d-4ba8-95d6-5fd9b706d663@group-E0A3CFFD1989-FollowerState] INFO  impl.FollowerState (FollowerState.java:run(152)) - 6220322b-c54d-4ba8-95d6-5fd9b706d663@group-E0A3CFFD1989-FollowerState was interrupted
2023-09-29 12:51:27,624 [80a9a8fe-8ad4-444c-8e90-e2ced2b3ac02@group-E0A3CFFD1989-LeaderElection11] INFO  impl.LeaderElection (LeaderElection.java:logAndReturn(90)) - 80a9a8fe-8ad4-444c-8e90-e2ced2b3ac02@group-E0A3CFFD1989-LeaderElection11: ELECTION PASSED received 1 response(s) and 0 exception(s):
2023-09-29 12:51:27,624 [80a9a8fe-8ad4-444c-8e90-e2ced2b3ac02@group-E0A3CFFD1989-LeaderElection11] INFO  impl.LeaderElection (LeaderElection.java:logAndReturn(94)) -   Response 0: 80a9a8fe-8ad4-444c-8e90-e2ced2b3ac02<-6f9d3266-b874-4586-a718-9027df6ff647#0:OK-t1
2023-09-29 12:51:27,624 [80a9a8fe-8ad4-444c-8e90-e2ced2b3ac02@group-E0A3CFFD1989-LeaderElection11] INFO  impl.LeaderElection (LeaderElection.java:askForVotes(323)) - 80a9a8fe-8ad4-444c-8e90-e2ced2b3ac02@group-E0A3CFFD1989-LeaderElection11 ELECTION round 0: result PASSED
2023-09-29 12:51:27,625 [80a9a8fe-8ad4-444c-8e90-e2ced2b3ac02@group-E0A3CFFD1989-LeaderElection11] INFO  impl.RoleInfo (RoleInfo.java:shutdownLeaderElection(130)) - 80a9a8fe-8ad4-444c-8e90-e2ced2b3ac02: shutdown 80a9a8fe-8ad4-444c-8e90-e2ced2b3ac02@group-E0A3CFFD1989-LeaderElection11
2023-09-29 12:51:27,625 [80a9a8fe-8ad4-444c-8e90-e2ced2b3ac02@group-E0A3CFFD1989-LeaderElection11] INFO  server.RaftServer$Division (RaftServerImpl.java:setRole(329)) - 80a9a8fe-8ad4-444c-8e90-e2ced2b3ac02@group-E0A3CFFD1989: changes role from CANDIDATE to LEADER at term 1 for changeToLeader
2023-09-29 12:51:27,625 [80a9a8fe-8ad4-444c-8e90-e2ced2b3ac02@group-E0A3CFFD1989-LeaderElection11] INFO  ratis.XceiverServerRatis (XceiverServerRatis.java:handleLeaderChangedNotification(902)) - Leader change notification received for group: group-E0A3CFFD1989 with new leaderId: 80a9a8fe-8ad4-444c-8e90-e2ced2b3ac02
2023-09-29 12:51:27,625 [80a9a8fe-8ad4-444c-8e90-e2ced2b3ac02@group-E0A3CFFD1989-LeaderElection11] INFO  server.RaftServer$Division (ServerState.java:setLeader(317)) - 80a9a8fe-8ad4-444c-8e90-e2ced2b3ac02@group-E0A3CFFD1989: change Leader from null to 80a9a8fe-8ad4-444c-8e90-e2ced2b3ac02 at term 1 for becomeLeader, leader elected after 5591ms
2023-09-29 12:51:27,625 [80a9a8fe-8ad4-444c-8e90-e2ced2b3ac02@group-E0A3CFFD1989-LeaderElection11] INFO  server.RaftServerConfigKeys (ConfUtils.java:logGet(46)) - raft.server.staging.catchup.gap = 1000 (default)
2023-09-29 12:51:27,625 [80a9a8fe-8ad4-444c-8e90-e2ced2b3ac02@group-E0A3CFFD1989-LeaderElection11] INFO  server.RaftServerConfigKeys (ConfUtils.java:logGet(46)) - raft.server.write.element-limit = 1024 (custom)
2023-09-29 12:51:27,625 [80a9a8fe-8ad4-444c-8e90-e2ced2b3ac02@group-E0A3CFFD1989-LeaderElection11] INFO  server.RaftServerConfigKeys (ConfUtils.java:logGet(46)) - raft.server.write.byte-limit = 1024 M (=1073741824) (custom)
2023-09-29 12:51:27,626 [80a9a8fe-8ad4-444c-8e90-e2ced2b3ac02@group-E0A3CFFD1989-LeaderElection11] INFO  server.RaftServerConfigKeys (ConfUtils.java:logGet(46)) - raft.server.watch.timeout = 180s (custom)
2023-09-29 12:51:27,626 [80a9a8fe-8ad4-444c-8e90-e2ced2b3ac02@group-E0A3CFFD1989-LeaderElection11] INFO  server.RaftServerConfigKeys (ConfUtils.java:logGet(46)) - raft.server.watch.timeout.denomination = 1s (default)
2023-09-29 12:51:27,626 [80a9a8fe-8ad4-444c-8e90-e2ced2b3ac02@group-E0A3CFFD1989-LeaderElection11] INFO  server.RaftServerConfigKeys (ConfUtils.java:logGet(46)) - raft.server.watch.element-limit = 65536 (default)
2023-09-29 12:51:27,626 [80a9a8fe-8ad4-444c-8e90-e2ced2b3ac02@group-E0A3CFFD1989-LeaderElection11] INFO  server.RaftServerConfigKeys (ConfUtils.java:logGet(46)) - raft.server.write.element-limit = 1024 (custom)
2023-09-29 12:51:27,626 [80a9a8fe-8ad4-444c-8e90-e2ced2b3ac02@group-E0A3CFFD1989-LeaderElection11] INFO  server.RaftServerConfigKeys (ConfUtils.java:logGet(46)) - raft.server.write.follower.gap.ratio.max = -1.0 (default)
2023-09-29 12:51:27,626 [grpc-default-executor-4] INFO  server.RaftServer$Division (RaftServerImpl.java:requestVote(1335)) - 6220322b-c54d-4ba8-95d6-5fd9b706d663@group-E0A3CFFD1989 replies to ELECTION vote request: 80a9a8fe-8ad4-444c-8e90-e2ced2b3ac02<-6220322b-c54d-4ba8-95d6-5fd9b706d663#0:OK-t1. Peer's state: 6220322b-c54d-4ba8-95d6-5fd9b706d663@group-E0A3CFFD1989:t1, leader=null, voted=80a9a8fe-8ad4-444c-8e90-e2ced2b3ac02, raftlog=Memoized:6220322b-c54d-4ba8-95d6-5fd9b706d663@group-E0A3CFFD1989-SegmentedRaftLog:OPENED:c-1, conf=-1: peers:[6220322b-c54d-4ba8-95d6-5fd9b706d663|rpc:10.1.0.70:15050|admin:10.1.0.70:15049|client:10.1.0.70:15048|dataStream:10.1.0.70:15051|priority:0|startupRole:FOLLOWER, 6f9d3266-b874-4586-a718-9027df6ff647|rpc:10.1.0.70:15041|admin:10.1.0.70:15040|client:10.1.0.70:15039|dataStream:10.1.0.70:15042|priority:0|startupRole:FOLLOWER, 80a9a8fe-8ad4-444c-8e90-e2ced2b3ac02|rpc:10.1.0.70:15059|admin:10.1.0.70:15058|client:10.1.0.70:15057|dataStream:10.1.0.70:15060|priority:1|startupRole:FOLLOWER]|listeners:[], old=null
2023-09-29 12:51:27,627 [80a9a8fe-8ad4-444c-8e90-e2ced2b3ac02@group-E0A3CFFD1989-LeaderElection11] INFO  server.RaftServerConfigKeys (ConfUtils.java:logGet(46)) - raft.server.log.appender.snapshot.chunk.size.max = 16MB (=16777216) (default)
2023-09-29 12:51:27,627 [80a9a8fe-8ad4-444c-8e90-e2ced2b3ac02@group-E0A3CFFD1989-LeaderElection11] INFO  server.RaftServerConfigKeys (ConfUtils.java:logGet(46)) - raft.server.log.appender.buffer.byte-limit = 33554432 (custom)
2023-09-29 12:51:27,627 [80a9a8fe-8ad4-444c-8e90-e2ced2b3ac02@group-E0A3CFFD1989-LeaderElection11] INFO  server.RaftServerConfigKeys (ConfUtils.java:logGet(46)) - raft.server.log.appender.buffer.element-limit = 1 (custom)
2023-09-29 12:51:27,627 [80a9a8fe-8ad4-444c-8e90-e2ced2b3ac02@group-E0A3CFFD1989-LeaderElection11] INFO  server.RaftServerConfigKeys (ConfUtils.java:logGet(46)) - raft.server.log.appender.wait-time.min = 10ms (default)
2023-09-29 12:51:27,627 [80a9a8fe-8ad4-444c-8e90-e2ced2b3ac02@group-E0A3CFFD1989-LeaderElection11] INFO  grpc.GrpcConfigKeys (ConfUtils.java:logGet(46)) - raft.grpc.server.leader.outstanding.appends.max = 128 (default)
2023-09-29 12:51:27,627 [80a9a8fe-8ad4-444c-8e90-e2ced2b3ac02@group-E0A3CFFD1989-LeaderElection11] INFO  server.RaftServerConfigKeys (ConfUtils.java:logGet(46)) - raft.server.rpc.request.timeout = 60s (custom)
2023-09-29 12:51:27,627 [80a9a8fe-8ad4-444c-8e90-e2ced2b3ac02@group-E0A3CFFD1989-LeaderElection11] INFO  grpc.GrpcConfigKeys (ConfUtils.java:logGet(46)) - raft.grpc.server.install_snapshot.request.element-limit = 8 (default)
2023-09-29 12:51:27,627 [80a9a8fe-8ad4-444c-8e90-e2ced2b3ac02@group-E0A3CFFD1989-LeaderElection11] INFO  grpc.GrpcConfigKeys (ConfUtils.java:logGet(46)) - raft.grpc.server.install_snapshot.request.timeout = 3000ms (default)
2023-09-29 12:51:27,627 [80a9a8fe-8ad4-444c-8e90-e2ced2b3ac02@group-E0A3CFFD1989-LeaderElection11] INFO  server.RaftServerConfigKeys (ConfUtils.java:logGet(46)) - raft.server.log.appender.install.snapshot.enabled = false (custom)
2023-09-29 12:51:27,627 [80a9a8fe-8ad4-444c-8e90-e2ced2b3ac02@group-E0A3CFFD1989-LeaderElection11] INFO  grpc.GrpcConfigKeys (ConfUtils.java:logGet(46)) - raft.grpc.server.heartbeat.channel = true (default)
2023-09-29 12:51:27,628 [80a9a8fe-8ad4-444c-8e90-e2ced2b3ac02@group-E0A3CFFD1989-LeaderElection11] INFO  server.RaftServerConfigKeys (ConfUtils.java:logGet(46)) - raft.server.log.appender.snapshot.chunk.size.max = 16MB (=16777216) (default)
2023-09-29 12:51:27,628 [80a9a8fe-8ad4-444c-8e90-e2ced2b3ac02@group-E0A3CFFD1989-LeaderElection11] INFO  server.RaftServerConfigKeys (ConfUtils.java:logGet(46)) - raft.server.log.appender.buffer.byte-limit = 33554432 (custom)
2023-09-29 12:51:27,628 [80a9a8fe-8ad4-444c-8e90-e2ced2b3ac02@group-E0A3CFFD1989-LeaderElection11] INFO  server.RaftServerConfigKeys (ConfUtils.java:logGet(46)) - raft.server.log.appender.buffer.element-limit = 1 (custom)
2023-09-29 12:51:27,628 [80a9a8fe-8ad4-444c-8e90-e2ced2b3ac02@group-E0A3CFFD1989-LeaderElection11] INFO  server.RaftServerConfigKeys (ConfUtils.java:logGet(46)) - raft.server.log.appender.wait-time.min = 10ms (default)
2023-09-29 12:51:27,629 [80a9a8fe-8ad4-444c-8e90-e2ced2b3ac02@group-E0A3CFFD1989-LeaderElection11] INFO  grpc.GrpcConfigKeys (ConfUtils.java:logGet(46)) - raft.grpc.server.leader.outstanding.appends.max = 128 (default)
2023-09-29 12:51:27,629 [80a9a8fe-8ad4-444c-8e90-e2ced2b3ac02@group-E0A3CFFD1989-LeaderElection11] INFO  server.RaftServerConfigKeys (ConfUtils.java:logGet(46)) - raft.server.rpc.request.timeout = 60s (custom)
2023-09-29 12:51:27,629 [80a9a8fe-8ad4-444c-8e90-e2ced2b3ac02@group-E0A3CFFD1989-LeaderElection11] INFO  grpc.GrpcConfigKeys (ConfUtils.java:logGet(46)) - raft.grpc.server.install_snapshot.request.element-limit = 8 (default)
2023-09-29 12:51:27,629 [80a9a8fe-8ad4-444c-8e90-e2ced2b3ac02@group-E0A3CFFD1989-LeaderElection11] INFO  grpc.GrpcConfigKeys (ConfUtils.java:logGet(46)) - raft.grpc.server.install_snapshot.request.timeout = 3000ms (default)
2023-09-29 12:51:27,629 [80a9a8fe-8ad4-444c-8e90-e2ced2b3ac02@group-E0A3CFFD1989-LeaderElection11] INFO  server.RaftServerConfigKeys (ConfUtils.java:logGet(46)) - raft.server.log.appender.install.snapshot.enabled = false (custom)
2023-09-29 12:51:27,629 [80a9a8fe-8ad4-444c-8e90-e2ced2b3ac02@group-E0A3CFFD1989-LeaderElection11] INFO  grpc.GrpcConfigKeys (ConfUtils.java:logGet(46)) - raft.grpc.server.heartbeat.channel = true (default)
2023-09-29 12:51:27,629 [80a9a8fe-8ad4-444c-8e90-e2ced2b3ac02@group-E0A3CFFD1989-LeaderElection11] INFO  impl.RoleInfo (RoleInfo.java:updateAndGet(139)) - 80a9a8fe-8ad4-444c-8e90-e2ced2b3ac02: start 80a9a8fe-8ad4-444c-8e90-e2ced2b3ac02@group-E0A3CFFD1989-LeaderStateImpl
2023-09-29 12:51:27,630 [80a9a8fe-8ad4-444c-8e90-e2ced2b3ac02@group-E0A3CFFD1989-LeaderElection11] INFO  segmented.SegmentedRaftLogWorker (SegmentedRaftLogWorker.java:startLogSegment(447)) - 80a9a8fe-8ad4-444c-8e90-e2ced2b3ac02@group-E0A3CFFD1989-SegmentedRaftLogWorker: Starting segment from index:0
2023-09-29 12:51:27,633 [EventQueue-PipelineReportForPipelineReportHandler] INFO  pipeline.PipelineReportHandler (PipelineReportHandler.java:processPipelineReport(136)) - Opened pipeline PipelineID=a759158d-7527-4318-bea8-e0a3cffd1989
2023-09-29 12:51:27,638 [6220322b-c54d-4ba8-95d6-5fd9b706d663@group-23200BB8A37D-FollowerState] INFO  impl.FollowerState (FollowerState.java:run(143)) - 6220322b-c54d-4ba8-95d6-5fd9b706d663@group-23200BB8A37D-FollowerState: change to CANDIDATE, lastRpcElapsedTime:5091892622ns, electionTimeout:5083ms
2023-09-29 12:51:27,638 [6220322b-c54d-4ba8-95d6-5fd9b706d663@group-23200BB8A37D-FollowerState] INFO  impl.RoleInfo (RoleInfo.java:shutdownFollowerState(110)) - 6220322b-c54d-4ba8-95d6-5fd9b706d663: shutdown 6220322b-c54d-4ba8-95d6-5fd9b706d663@group-23200BB8A37D-FollowerState
2023-09-29 12:51:27,639 [6220322b-c54d-4ba8-95d6-5fd9b706d663@group-23200BB8A37D-FollowerState] INFO  server.RaftServer$Division (RaftServerImpl.java:setRole(329)) - 6220322b-c54d-4ba8-95d6-5fd9b706d663@group-23200BB8A37D: changes role from  FOLLOWER to CANDIDATE at term 0 for changeToCandidate
2023-09-29 12:51:27,639 [6220322b-c54d-4ba8-95d6-5fd9b706d663@group-23200BB8A37D-FollowerState] INFO  server.RaftServerConfigKeys (ConfUtils.java:logGet(46)) - raft.server.leaderelection.pre-vote = true (default)
2023-09-29 12:51:27,639 [6220322b-c54d-4ba8-95d6-5fd9b706d663@group-23200BB8A37D-FollowerState] INFO  impl.RoleInfo (RoleInfo.java:updateAndGet(139)) - 6220322b-c54d-4ba8-95d6-5fd9b706d663: start 6220322b-c54d-4ba8-95d6-5fd9b706d663@group-23200BB8A37D-LeaderElection12
2023-09-29 12:51:27,644 [80a9a8fe-8ad4-444c-8e90-e2ced2b3ac02@group-E0A3CFFD1989-SegmentedRaftLogWorker] INFO  segmented.SegmentedRaftLogWorker (SegmentedRaftLogWorker.java:execute(651)) - 80a9a8fe-8ad4-444c-8e90-e2ced2b3ac02@group-E0A3CFFD1989-SegmentedRaftLogWorker: created new log segment /home/runner/work/ozone/ozone/hadoop-ozone/integration-test/target/test-dir/MiniOzoneClusterImpl-811b16cb-c214-4c75-bdb2-1b437bba6cdf/datanode-5/data/ratis/a759158d-7527-4318-bea8-e0a3cffd1989/current/log_inprogress_0
2023-09-29 12:51:27,656 [80a9a8fe-8ad4-444c-8e90-e2ced2b3ac02@group-E0A3CFFD1989-LeaderElection11] INFO  server.RaftServer$Division (ServerState.java:setRaftConf(434)) - 80a9a8fe-8ad4-444c-8e90-e2ced2b3ac02@group-E0A3CFFD1989: set configuration 0: peers:[6220322b-c54d-4ba8-95d6-5fd9b706d663|rpc:10.1.0.70:15050|admin:10.1.0.70:15049|client:10.1.0.70:15048|dataStream:10.1.0.70:15051|priority:0|startupRole:FOLLOWER, 6f9d3266-b874-4586-a718-9027df6ff647|rpc:10.1.0.70:15041|admin:10.1.0.70:15040|client:10.1.0.70:15039|dataStream:10.1.0.70:15042|priority:0|startupRole:FOLLOWER, 80a9a8fe-8ad4-444c-8e90-e2ced2b3ac02|rpc:10.1.0.70:15059|admin:10.1.0.70:15058|client:10.1.0.70:15057|dataStream:10.1.0.70:15060|priority:1|startupRole:FOLLOWER]|listeners:[], old=null
2023-09-29 12:51:27,661 [6220322b-c54d-4ba8-95d6-5fd9b706d663-server-thread1] INFO  ratis.XceiverServerRatis (XceiverServerRatis.java:handleLeaderChangedNotification(902)) - Leader change notification received for group: group-E0A3CFFD1989 with new leaderId: 80a9a8fe-8ad4-444c-8e90-e2ced2b3ac02
2023-09-29 12:51:27,661 [6220322b-c54d-4ba8-95d6-5fd9b706d663-server-thread1] INFO  server.RaftServer$Division (ServerState.java:setLeader(317)) - 6220322b-c54d-4ba8-95d6-5fd9b706d663@group-E0A3CFFD1989: change Leader from null to 80a9a8fe-8ad4-444c-8e90-e2ced2b3ac02 at term 1 for appendEntries, leader elected after 5094ms
2023-09-29 12:51:27,665 [6220322b-c54d-4ba8-95d6-5fd9b706d663-server-thread2] INFO  server.RaftServer$Division (ServerState.java:setRaftConf(434)) - 6220322b-c54d-4ba8-95d6-5fd9b706d663@group-E0A3CFFD1989: set configuration 0: peers:[6220322b-c54d-4ba8-95d6-5fd9b706d663|rpc:10.1.0.70:15050|admin:10.1.0.70:15049|client:10.1.0.70:15048|dataStream:10.1.0.70:15051|priority:0|startupRole:FOLLOWER, 6f9d3266-b874-4586-a718-9027df6ff647|rpc:10.1.0.70:15041|admin:10.1.0.70:15040|client:10.1.0.70:15039|dataStream:10.1.0.70:15042|priority:0|startupRole:FOLLOWER, 80a9a8fe-8ad4-444c-8e90-e2ced2b3ac02|rpc:10.1.0.70:15059|admin:10.1.0.70:15058|client:10.1.0.70:15057|dataStream:10.1.0.70:15060|priority:1|startupRole:FOLLOWER]|listeners:[], old=null
2023-09-29 12:51:27,665 [6220322b-c54d-4ba8-95d6-5fd9b706d663-server-thread2] INFO  segmented.SegmentedRaftLogWorker (SegmentedRaftLogWorker.java:startLogSegment(447)) - 6220322b-c54d-4ba8-95d6-5fd9b706d663@group-E0A3CFFD1989-SegmentedRaftLogWorker: Starting segment from index:0
2023-09-29 12:51:27,665 [6220322b-c54d-4ba8-95d6-5fd9b706d663@group-23200BB8A37D-LeaderElection12] INFO  impl.LeaderElection (LeaderElection.java:askForVotes(321)) - 6220322b-c54d-4ba8-95d6-5fd9b706d663@group-23200BB8A37D-LeaderElection12 PRE_VOTE round 0: submit vote requests at term 0 for -1: peers:[6220322b-c54d-4ba8-95d6-5fd9b706d663|rpc:10.1.0.70:15050|admin:10.1.0.70:15049|client:10.1.0.70:15048|dataStream:10.1.0.70:15051|priority:1|startupRole:FOLLOWER]|listeners:[], old=null
2023-09-29 12:51:27,665 [6220322b-c54d-4ba8-95d6-5fd9b706d663@group-23200BB8A37D-LeaderElection12] INFO  impl.LeaderElection (LeaderElection.java:askForVotes(323)) - 6220322b-c54d-4ba8-95d6-5fd9b706d663@group-23200BB8A37D-LeaderElection12 PRE_VOTE round 0: result PASSED (term=0)
2023-09-29 12:51:27,668 [6220322b-c54d-4ba8-95d6-5fd9b706d663@group-23200BB8A37D-LeaderElection12] INFO  impl.LeaderElection (LeaderElection.java:askForVotes(321)) - 6220322b-c54d-4ba8-95d6-5fd9b706d663@group-23200BB8A37D-LeaderElection12 ELECTION round 0: submit vote requests at term 1 for -1: peers:[6220322b-c54d-4ba8-95d6-5fd9b706d663|rpc:10.1.0.70:15050|admin:10.1.0.70:15049|client:10.1.0.70:15048|dataStream:10.1.0.70:15051|priority:1|startupRole:FOLLOWER]|listeners:[], old=null
2023-09-29 12:51:27,668 [6220322b-c54d-4ba8-95d6-5fd9b706d663@group-23200BB8A37D-LeaderElection12] INFO  impl.LeaderElection (LeaderElection.java:askForVotes(323)) - 6220322b-c54d-4ba8-95d6-5fd9b706d663@group-23200BB8A37D-LeaderElection12 ELECTION round 0: result PASSED (term=1)
2023-09-29 12:51:27,668 [6220322b-c54d-4ba8-95d6-5fd9b706d663@group-23200BB8A37D-LeaderElection12] INFO  impl.RoleInfo (RoleInfo.java:shutdownLeaderElection(130)) - 6220322b-c54d-4ba8-95d6-5fd9b706d663: shutdown 6220322b-c54d-4ba8-95d6-5fd9b706d663@group-23200BB8A37D-LeaderElection12
2023-09-29 12:51:27,668 [6220322b-c54d-4ba8-95d6-5fd9b706d663@group-23200BB8A37D-LeaderElection12] INFO  server.RaftServer$Division (RaftServerImpl.java:setRole(329)) - 6220322b-c54d-4ba8-95d6-5fd9b706d663@group-23200BB8A37D: changes role from CANDIDATE to LEADER at term 1 for changeToLeader
2023-09-29 12:51:27,668 [6220322b-c54d-4ba8-95d6-5fd9b706d663@group-23200BB8A37D-LeaderElection12] INFO  ratis.XceiverServerRatis (XceiverServerRatis.java:handleLeaderChangedNotification(902)) - Leader change notification received for group: group-23200BB8A37D with new leaderId: 6220322b-c54d-4ba8-95d6-5fd9b706d663
2023-09-29 12:51:27,682 [6220322b-c54d-4ba8-95d6-5fd9b706d663@group-23200BB8A37D-LeaderElection12] INFO  server.RaftServer$Division (ServerState.java:setLeader(317)) - 6220322b-c54d-4ba8-95d6-5fd9b706d663@group-23200BB8A37D: change Leader from null to 6220322b-c54d-4ba8-95d6-5fd9b706d663 at term 1 for becomeLeader, leader elected after 5150ms
2023-09-29 12:51:27,682 [6220322b-c54d-4ba8-95d6-5fd9b706d663@group-23200BB8A37D-LeaderElection12] INFO  server.RaftServerConfigKeys (ConfUtils.java:logGet(46)) - raft.server.staging.catchup.gap = 1000 (default)
2023-09-29 12:51:27,682 [6220322b-c54d-4ba8-95d6-5fd9b706d663@group-23200BB8A37D-LeaderElection12] INFO  server.RaftServerConfigKeys (ConfUtils.java:logGet(46)) - raft.server.write.element-limit = 1024 (custom)
2023-09-29 12:51:27,682 [6220322b-c54d-4ba8-95d6-5fd9b706d663@group-23200BB8A37D-LeaderElection12] INFO  server.RaftServerConfigKeys (ConfUtils.java:logGet(46)) - raft.server.write.byte-limit = 1024 M (=1073741824) (custom)
2023-09-29 12:51:27,683 [6220322b-c54d-4ba8-95d6-5fd9b706d663@group-23200BB8A37D-LeaderElection12] INFO  server.RaftServerConfigKeys (ConfUtils.java:logGet(46)) - raft.server.watch.timeout = 180s (custom)
2023-09-29 12:51:27,683 [6220322b-c54d-4ba8-95d6-5fd9b706d663@group-23200BB8A37D-LeaderElection12] INFO  server.RaftServerConfigKeys (ConfUtils.java:logGet(46)) - raft.server.watch.timeout.denomination = 1s (default)
2023-09-29 12:51:27,683 [6220322b-c54d-4ba8-95d6-5fd9b706d663@group-23200BB8A37D-LeaderElection12] INFO  server.RaftServerConfigKeys (ConfUtils.java:logGet(46)) - raft.server.watch.element-limit = 65536 (default)
2023-09-29 12:51:27,683 [6220322b-c54d-4ba8-95d6-5fd9b706d663@group-23200BB8A37D-LeaderElection12] INFO  server.RaftServerConfigKeys (ConfUtils.java:logGet(46)) - raft.server.write.element-limit = 1024 (custom)
2023-09-29 12:51:27,683 [6220322b-c54d-4ba8-95d6-5fd9b706d663@group-23200BB8A37D-LeaderElection12] INFO  server.RaftServerConfigKeys (ConfUtils.java:logGet(46)) - raft.server.write.follower.gap.ratio.max = -1.0 (default)
2023-09-29 12:51:27,683 [6220322b-c54d-4ba8-95d6-5fd9b706d663@group-23200BB8A37D-LeaderElection12] INFO  impl.RoleInfo (RoleInfo.java:updateAndGet(139)) - 6220322b-c54d-4ba8-95d6-5fd9b706d663: start 6220322b-c54d-4ba8-95d6-5fd9b706d663@group-23200BB8A37D-LeaderStateImpl
2023-09-29 12:51:27,699 [6220322b-c54d-4ba8-95d6-5fd9b706d663@group-23200BB8A37D-LeaderElection12] INFO  segmented.SegmentedRaftLogWorker (SegmentedRaftLogWorker.java:startLogSegment(447)) - 6220322b-c54d-4ba8-95d6-5fd9b706d663@group-23200BB8A37D-SegmentedRaftLogWorker: Starting segment from index:0
2023-09-29 12:51:27,702 [6f9d3266-b874-4586-a718-9027df6ff647-server-thread1] INFO  ratis.XceiverServerRatis (XceiverServerRatis.java:handleLeaderChangedNotification(902)) - Leader change notification received for group: group-E0A3CFFD1989 with new leaderId: 80a9a8fe-8ad4-444c-8e90-e2ced2b3ac02
2023-09-29 12:51:27,702 [6220322b-c54d-4ba8-95d6-5fd9b706d663@group-E0A3CFFD1989-SegmentedRaftLogWorker] INFO  segmented.SegmentedRaftLogWorker (SegmentedRaftLogWorker.java:execute(651)) - 6220322b-c54d-4ba8-95d6-5fd9b706d663@group-E0A3CFFD1989-SegmentedRaftLogWorker: created new log segment /home/runner/work/ozone/ozone/hadoop-ozone/integration-test/target/test-dir/MiniOzoneClusterImpl-811b16cb-c214-4c75-bdb2-1b437bba6cdf/datanode-4/data/ratis/a759158d-7527-4318-bea8-e0a3cffd1989/current/log_inprogress_0
2023-09-29 12:51:27,703 [6f9d3266-b874-4586-a718-9027df6ff647-server-thread1] INFO  server.RaftServer$Division (ServerState.java:setLeader(317)) - 6f9d3266-b874-4586-a718-9027df6ff647@group-E0A3CFFD1989: change Leader from null to 80a9a8fe-8ad4-444c-8e90-e2ced2b3ac02 at term 1 for appendEntries, leader elected after 5744ms
2023-09-29 12:51:27,704 [6220322b-c54d-4ba8-95d6-5fd9b706d663@group-23200BB8A37D-SegmentedRaftLogWorker] INFO  segmented.SegmentedRaftLogWorker (SegmentedRaftLogWorker.java:execute(651)) - 6220322b-c54d-4ba8-95d6-5fd9b706d663@group-23200BB8A37D-SegmentedRaftLogWorker: created new log segment /home/runner/work/ozone/ozone/hadoop-ozone/integration-test/target/test-dir/MiniOzoneClusterImpl-811b16cb-c214-4c75-bdb2-1b437bba6cdf/datanode-4/data/ratis/88f45a07-8f45-4f74-a1d0-23200bb8a37d/current/log_inprogress_0
2023-09-29 12:51:27,727 [6220322b-c54d-4ba8-95d6-5fd9b706d663@group-23200BB8A37D-LeaderElection12] INFO  server.RaftServer$Division (ServerState.java:setRaftConf(434)) - 6220322b-c54d-4ba8-95d6-5fd9b706d663@group-23200BB8A37D: set configuration 0: peers:[6220322b-c54d-4ba8-95d6-5fd9b706d663|rpc:10.1.0.70:15050|admin:10.1.0.70:15049|client:10.1.0.70:15048|dataStream:10.1.0.70:15051|priority:1|startupRole:FOLLOWER]|listeners:[], old=null
2023-09-29 12:51:27,727 [6f9d3266-b874-4586-a718-9027df6ff647-server-thread1] INFO  server.RaftServer$Division (ServerState.java:setRaftConf(434)) - 6f9d3266-b874-4586-a718-9027df6ff647@group-E0A3CFFD1989: set configuration 0: peers:[6220322b-c54d-4ba8-95d6-5fd9b706d663|rpc:10.1.0.70:15050|admin:10.1.0.70:15049|client:10.1.0.70:15048|dataStream:10.1.0.70:15051|priority:0|startupRole:FOLLOWER, 6f9d3266-b874-4586-a718-9027df6ff647|rpc:10.1.0.70:15041|admin:10.1.0.70:15040|client:10.1.0.70:15039|dataStream:10.1.0.70:15042|priority:0|startupRole:FOLLOWER, 80a9a8fe-8ad4-444c-8e90-e2ced2b3ac02|rpc:10.1.0.70:15059|admin:10.1.0.70:15058|client:10.1.0.70:15057|dataStream:10.1.0.70:15060|priority:1|startupRole:FOLLOWER]|listeners:[], old=null
2023-09-29 12:51:27,728 [6f9d3266-b874-4586-a718-9027df6ff647-server-thread1] INFO  segmented.SegmentedRaftLogWorker (SegmentedRaftLogWorker.java:startLogSegment(447)) - 6f9d3266-b874-4586-a718-9027df6ff647@group-E0A3CFFD1989-SegmentedRaftLogWorker: Starting segment from index:0
2023-09-29 12:51:27,735 [6f9d3266-b874-4586-a718-9027df6ff647@group-E0A3CFFD1989-SegmentedRaftLogWorker] INFO  segmented.SegmentedRaftLogWorker (SegmentedRaftLogWorker.java:execute(651)) - 6f9d3266-b874-4586-a718-9027df6ff647@group-E0A3CFFD1989-SegmentedRaftLogWorker: created new log segment /home/runner/work/ozone/ozone/hadoop-ozone/integration-test/target/test-dir/MiniOzoneClusterImpl-811b16cb-c214-4c75-bdb2-1b437bba6cdf/datanode-3/data/ratis/a759158d-7527-4318-bea8-e0a3cffd1989/current/log_inprogress_0
2023-09-29 12:51:27,800 [6220322b-c54d-4ba8-95d6-5fd9b706d663@group-956EFEAD089C-FollowerState] INFO  impl.FollowerState (FollowerState.java:run(143)) - 6220322b-c54d-4ba8-95d6-5fd9b706d663@group-956EFEAD089C-FollowerState: change to CANDIDATE, lastRpcElapsedTime:5005744144ns, electionTimeout:5004ms
2023-09-29 12:51:27,800 [6220322b-c54d-4ba8-95d6-5fd9b706d663@group-956EFEAD089C-FollowerState] INFO  impl.RoleInfo (RoleInfo.java:shutdownFollowerState(110)) - 6220322b-c54d-4ba8-95d6-5fd9b706d663: shutdown 6220322b-c54d-4ba8-95d6-5fd9b706d663@group-956EFEAD089C-FollowerState
2023-09-29 12:51:27,800 [6220322b-c54d-4ba8-95d6-5fd9b706d663@group-956EFEAD089C-FollowerState] INFO  server.RaftServer$Division (RaftServerImpl.java:setRole(329)) - 6220322b-c54d-4ba8-95d6-5fd9b706d663@group-956EFEAD089C: changes role from  FOLLOWER to CANDIDATE at term 0 for changeToCandidate
2023-09-29 12:51:27,800 [6220322b-c54d-4ba8-95d6-5fd9b706d663@group-956EFEAD089C-FollowerState] INFO  server.RaftServerConfigKeys (ConfUtils.java:logGet(46)) - raft.server.leaderelection.pre-vote = true (default)
2023-09-29 12:51:27,800 [6220322b-c54d-4ba8-95d6-5fd9b706d663@group-956EFEAD089C-FollowerState] INFO  impl.RoleInfo (RoleInfo.java:updateAndGet(139)) - 6220322b-c54d-4ba8-95d6-5fd9b706d663: start 6220322b-c54d-4ba8-95d6-5fd9b706d663@group-956EFEAD089C-LeaderElection13
2023-09-29 12:51:27,815 [6220322b-c54d-4ba8-95d6-5fd9b706d663@group-956EFEAD089C-LeaderElection13] INFO  impl.LeaderElection (LeaderElection.java:askForVotes(321)) - 6220322b-c54d-4ba8-95d6-5fd9b706d663@group-956EFEAD089C-LeaderElection13 PRE_VOTE round 0: submit vote requests at term 0 for -1: peers:[6220322b-c54d-4ba8-95d6-5fd9b706d663|rpc:10.1.0.70:15050|admin:10.1.0.70:15049|client:10.1.0.70:15048|dataStream:10.1.0.70:15051|priority:1|startupRole:FOLLOWER, 6f9d3266-b874-4586-a718-9027df6ff647|rpc:10.1.0.70:15041|admin:10.1.0.70:15040|client:10.1.0.70:15039|dataStream:10.1.0.70:15042|priority:0|startupRole:FOLLOWER, 80a9a8fe-8ad4-444c-8e90-e2ced2b3ac02|rpc:10.1.0.70:15059|admin:10.1.0.70:15058|client:10.1.0.70:15057|dataStream:10.1.0.70:15060|priority:0|startupRole:FOLLOWER]|listeners:[], old=null
2023-09-29 12:51:27,820 [6220322b-c54d-4ba8-95d6-5fd9b706d663@group-956EFEAD089C-LeaderElection13-1] INFO  server.GrpcServerProtocolClient (GrpcServerProtocolClient.java:<init>(65)) - Build channel for 6f9d3266-b874-4586-a718-9027df6ff647
2023-09-29 12:51:27,825 [6220322b-c54d-4ba8-95d6-5fd9b706d663@group-956EFEAD089C-LeaderElection13] INFO  server.RaftServerConfigKeys (ConfUtils.java:logFallback(53)) - raft.server.rpc.first-election.timeout.min = 5s (fallback to raft.server.rpc.timeout.min)
2023-09-29 12:51:28,344 [6220322b-c54d-4ba8-95d6-5fd9b706d663@group-956EFEAD089C-LeaderElection13] INFO  server.RaftServerConfigKeys (ConfUtils.java:logFallback(53)) - raft.server.rpc.first-election.timeout.max = 5200ms (fallback to raft.server.rpc.timeout.max)
2023-09-29 12:51:28,351 [80a9a8fe-8ad4-444c-8e90-e2ced2b3ac02@group-9A5C66FFCE8A-FollowerState] WARN  impl.FollowerState (FollowerState.java:run(130)) - Unexpected long sleep: sleep 5097ms but took extra 363050257ns (> threshold = 300ms)
2023-09-29 12:51:28,351 [80a9a8fe-8ad4-444c-8e90-e2ced2b3ac02@group-9A5C66FFCE8A-FollowerState] INFO  server.RaftServerConfigKeys (ConfUtils.java:logFallback(53)) - raft.server.rpc.first-election.timeout.min = 5s (fallback to raft.server.rpc.timeout.min)
2023-09-29 12:51:28,351 [80a9a8fe-8ad4-444c-8e90-e2ced2b3ac02@group-9A5C66FFCE8A-FollowerState] INFO  server.RaftServerConfigKeys (ConfUtils.java:logFallback(53)) - raft.server.rpc.first-election.timeout.max = 5200ms (fallback to raft.server.rpc.timeout.max)
2023-09-29 12:51:28,353 [JvmPauseMonitor6] WARN  util.JvmPauseMonitor (JvmPauseMonitor.java:detectPause(124)) - JvmPauseMonitor-6220322b-c54d-4ba8-95d6-5fd9b706d663: Detected pause in JVM or host machine approximately 0.464s with 0.510s GC time.
GC pool 'PS MarkSweep' had collection(s): count=1 time=386ms
GC pool 'PS Scavenge' had collection(s): count=1 time=124ms
2023-09-29 12:51:28,353 [JvmPauseMonitor7] WARN  util.JvmPauseMonitor (JvmPauseMonitor.java:detectPause(124)) - JvmPauseMonitor-80a9a8fe-8ad4-444c-8e90-e2ced2b3ac02: Detected pause in JVM or host machine approximately 0.464s with 0.510s GC time.
GC pool 'PS MarkSweep' had collection(s): count=1 time=386ms
GC pool 'PS Scavenge' had collection(s): count=1 time=124ms
2023-09-29 12:51:28,353 [JvmPauseMonitor2] WARN  util.JvmPauseMonitor (JvmPauseMonitor.java:detectPause(124)) - JvmPauseMonitor-28fc21f1-0f1b-4853-8334-7fb4bdc0ccf0: Detected pause in JVM or host machine approximately 0.464s with 0.510s GC time.
GC pool 'PS MarkSweep' had collection(s): count=1 time=386ms
GC pool 'PS Scavenge' had collection(s): count=1 time=124ms
2023-09-29 12:51:28,353 [JvmPauseMonitor5] WARN  util.JvmPauseMonitor (JvmPauseMonitor.java:detectPause(124)) - JvmPauseMonitor-6f9d3266-b874-4586-a718-9027df6ff647: Detected pause in JVM or host machine approximately 0.464s with 0.510s GC time.
GC pool 'PS MarkSweep' had collection(s): count=1 time=386ms
GC pool 'PS Scavenge' had collection(s): count=1 time=124ms
2023-09-29 12:51:28,353 [JvmPauseMonitor1] WARN  util.JvmPauseMonitor (JvmPauseMonitor.java:detectPause(124)) - JvmPauseMonitor-om1: Detected pause in JVM or host machine approximately 0.464s with 0.510s GC time.
GC pool 'PS MarkSweep' had collection(s): count=1 time=386ms
GC pool 'PS Scavenge' had collection(s): count=1 time=124ms
2023-09-29 12:51:28,353 [JvmPauseMonitor8] WARN  util.JvmPauseMonitor (JvmPauseMonitor.java:detectPause(124)) - JvmPauseMonitor-b431013d-a75d-44b2-a41a-a2e98e506a92: Detected pause in JVM or host machine approximately 0.464s with 0.510s GC time.
GC pool 'PS MarkSweep' had collection(s): count=1 time=386ms
GC pool 'PS Scavenge' had collection(s): count=1 time=124ms
2023-09-29 12:51:28,353 [JvmPauseMonitor4] WARN  util.JvmPauseMonitor (JvmPauseMonitor.java:detectPause(124)) - JvmPauseMonitor-9305807b-68e0-4de4-9f06-795e0c374ac6: Detected pause in JVM or host machine approximately 0.466s with 0.510s GC time.
GC pool 'PS MarkSweep' had collection(s): count=1 time=386ms
GC pool 'PS Scavenge' had collection(s): count=1 time=124ms
2023-09-29 12:51:28,354 [JvmPauseMonitor10] WARN  util.JvmPauseMonitor (JvmPauseMonitor.java:detectPause(124)) - JvmPauseMonitor-4dfacd3a-85e6-4f60-aa9f-15a17a1c954a: Detected pause in JVM or host machine approximately 0.467s with 0.510s GC time.
GC pool 'PS MarkSweep' had collection(s): count=1 time=386ms
GC pool 'PS Scavenge' had collection(s): count=1 time=124ms
2023-09-29 12:51:28,354 [JvmPauseMonitor9] WARN  util.JvmPauseMonitor (JvmPauseMonitor.java:detectPause(124)) - JvmPauseMonitor-9fc007ee-6328-4e66-a7f4-dfd370a25fec: Detected pause in JVM or host machine approximately 0.469s with 0.510s GC time.
GC pool 'PS MarkSweep' had collection(s): count=1 time=386ms
GC pool 'PS Scavenge' had collection(s): count=1 time=124ms
2023-09-29 12:51:28,354 [JvmPauseMonitor11] WARN  util.JvmPauseMonitor (JvmPauseMonitor.java:detectPause(124)) - JvmPauseMonitor-f6fa4039-8fe9-46ca-92f5-bb04d02dc273: Detected pause in JVM or host machine approximately 0.469s with 0.510s GC time.
GC pool 'PS MarkSweep' had collection(s): count=1 time=386ms
GC pool 'PS Scavenge' had collection(s): count=1 time=124ms
2023-09-29 12:51:28,354 [JvmPauseMonitor0] WARN  util.JvmPauseMonitor (JvmPauseMonitor.java:detectPause(124)) - JvmPauseMonitor-07a9c960-736d-4242-be12-0b6846a319f4: Detected pause in JVM or host machine approximately 0.469s with 0.510s GC time.
GC pool 'PS MarkSweep' had collection(s): count=1 time=386ms
GC pool 'PS Scavenge' had collection(s): count=1 time=124ms
2023-09-29 12:51:28,354 [JvmPauseMonitor3] WARN  util.JvmPauseMonitor (JvmPauseMonitor.java:detectPause(124)) - JvmPauseMonitor-5317d628-7528-4015-930b-d89d4a444778: Detected pause in JVM or host machine approximately 0.469s with 0.510s GC time.
GC pool 'PS MarkSweep' had collection(s): count=1 time=386ms
GC pool 'PS Scavenge' had collection(s): count=1 time=124ms
2023-09-29 12:51:28,355 [80a9a8fe-8ad4-444c-8e90-e2ced2b3ac02@group-956EFEAD089C-FollowerState] WARN  impl.FollowerState (FollowerState.java:run(130)) - Unexpected long sleep: sleep 5109ms but took extra 489542950ns (> threshold = 300ms)
2023-09-29 12:51:28,355 [80a9a8fe-8ad4-444c-8e90-e2ced2b3ac02@group-956EFEAD089C-FollowerState] INFO  server.RaftServerConfigKeys (ConfUtils.java:logFallback(53)) - raft.server.rpc.first-election.timeout.min = 5s (fallback to raft.server.rpc.timeout.min)
2023-09-29 12:51:28,355 [80a9a8fe-8ad4-444c-8e90-e2ced2b3ac02@group-956EFEAD089C-FollowerState] INFO  server.RaftServerConfigKeys (ConfUtils.java:logFallback(53)) - raft.server.rpc.first-election.timeout.max = 5200ms (fallback to raft.server.rpc.timeout.max)
2023-09-29 12:51:28,359 [6f9d3266-b874-4586-a718-9027df6ff647@group-956EFEAD089C-FollowerState] WARN  impl.FollowerState (FollowerState.java:run(130)) - Unexpected long sleep: sleep 5156ms but took extra 526827110ns (> threshold = 300ms)
2023-09-29 12:51:28,359 [6f9d3266-b874-4586-a718-9027df6ff647@group-956EFEAD089C-FollowerState] INFO  server.RaftServerConfigKeys (ConfUtils.java:logFallback(53)) - raft.server.rpc.first-election.timeout.min = 5s (fallback to raft.server.rpc.timeout.min)
2023-09-29 12:51:28,359 [6220322b-c54d-4ba8-95d6-5fd9b706d663@group-956EFEAD089C-LeaderElection13-2] INFO  server.GrpcServerProtocolClient (GrpcServerProtocolClient.java:<init>(65)) - Build channel for 80a9a8fe-8ad4-444c-8e90-e2ced2b3ac02
2023-09-29 12:51:28,364 [6f9d3266-b874-4586-a718-9027df6ff647@group-956EFEAD089C-FollowerState] INFO  server.RaftServerConfigKeys (ConfUtils.java:logFallback(53)) - raft.server.rpc.first-election.timeout.max = 5200ms (fallback to raft.server.rpc.timeout.max)
2023-09-29 12:51:28,378 [grpc-default-executor-4] INFO  server.RaftServer$Division (RaftServerImpl.java:requestVote(1302)) - 80a9a8fe-8ad4-444c-8e90-e2ced2b3ac02@group-956EFEAD089C: receive requestVote(PRE_VOTE, 6220322b-c54d-4ba8-95d6-5fd9b706d663, group-956EFEAD089C, 0, (t:0, i:0))
2023-09-29 12:51:28,378 [grpc-default-executor-4] INFO  impl.VoteContext (VoteContext.java:log(49)) - 80a9a8fe-8ad4-444c-8e90-e2ced2b3ac02@group-956EFEAD089C-FOLLOWER: accept PRE_VOTE from 6220322b-c54d-4ba8-95d6-5fd9b706d663: our priority 0 <= candidate's priority 1
2023-09-29 12:51:28,378 [grpc-default-executor-4] INFO  server.RaftServer$Division (RaftServerImpl.java:requestVote(1335)) - 80a9a8fe-8ad4-444c-8e90-e2ced2b3ac02@group-956EFEAD089C replies to PRE_VOTE vote request: 6220322b-c54d-4ba8-95d6-5fd9b706d663<-80a9a8fe-8ad4-444c-8e90-e2ced2b3ac02#0:OK-t0. Peer's state: 80a9a8fe-8ad4-444c-8e90-e2ced2b3ac02@group-956EFEAD089C:t0, leader=null, voted=, raftlog=Memoized:80a9a8fe-8ad4-444c-8e90-e2ced2b3ac02@group-956EFEAD089C-SegmentedRaftLog:OPENED:c-1, conf=-1: peers:[6220322b-c54d-4ba8-95d6-5fd9b706d663|rpc:10.1.0.70:15050|admin:10.1.0.70:15049|client:10.1.0.70:15048|dataStream:10.1.0.70:15051|priority:1|startupRole:FOLLOWER, 6f9d3266-b874-4586-a718-9027df6ff647|rpc:10.1.0.70:15041|admin:10.1.0.70:15040|client:10.1.0.70:15039|dataStream:10.1.0.70:15042|priority:0|startupRole:FOLLOWER, 80a9a8fe-8ad4-444c-8e90-e2ced2b3ac02|rpc:10.1.0.70:15059|admin:10.1.0.70:15058|client:10.1.0.70:15057|dataStream:10.1.0.70:15060|priority:0|startupRole:FOLLOWER]|listeners:[], old=null
2023-09-29 12:51:28,382 [6220322b-c54d-4ba8-95d6-5fd9b706d663@group-956EFEAD089C-LeaderElection13] INFO  impl.LeaderElection (LeaderElection.java:logAndReturn(90)) - 6220322b-c54d-4ba8-95d6-5fd9b706d663@group-956EFEAD089C-LeaderElection13: PRE_VOTE PASSED received 1 response(s) and 0 exception(s):
2023-09-29 12:51:28,382 [6220322b-c54d-4ba8-95d6-5fd9b706d663@group-956EFEAD089C-LeaderElection13] INFO  impl.LeaderElection (LeaderElection.java:logAndReturn(94)) -   Response 0: 6220322b-c54d-4ba8-95d6-5fd9b706d663<-80a9a8fe-8ad4-444c-8e90-e2ced2b3ac02#0:OK-t0
2023-09-29 12:51:28,382 [6220322b-c54d-4ba8-95d6-5fd9b706d663@group-956EFEAD089C-LeaderElection13] INFO  impl.LeaderElection (LeaderElection.java:askForVotes(323)) - 6220322b-c54d-4ba8-95d6-5fd9b706d663@group-956EFEAD089C-LeaderElection13 PRE_VOTE round 0: result PASSED
2023-09-29 12:51:28,382 [grpc-default-executor-4] INFO  server.RaftServer$Division (RaftServerImpl.java:requestVote(1302)) - 6f9d3266-b874-4586-a718-9027df6ff647@group-956EFEAD089C: receive requestVote(PRE_VOTE, 6220322b-c54d-4ba8-95d6-5fd9b706d663, group-956EFEAD089C, 0, (t:0, i:0))
2023-09-29 12:51:28,383 [grpc-default-executor-4] INFO  impl.VoteContext (VoteContext.java:log(49)) - 6f9d3266-b874-4586-a718-9027df6ff647@group-956EFEAD089C-FOLLOWER: accept PRE_VOTE from 6220322b-c54d-4ba8-95d6-5fd9b706d663: our priority 0 <= candidate's priority 1
2023-09-29 12:51:28,383 [grpc-default-executor-4] INFO  server.RaftServer$Division (RaftServerImpl.java:requestVote(1335)) - 6f9d3266-b874-4586-a718-9027df6ff647@group-956EFEAD089C replies to PRE_VOTE vote request: 6220322b-c54d-4ba8-95d6-5fd9b706d663<-6f9d3266-b874-4586-a718-9027df6ff647#0:OK-t0. Peer's state: 6f9d3266-b874-4586-a718-9027df6ff647@group-956EFEAD089C:t0, leader=null, voted=, raftlog=Memoized:6f9d3266-b874-4586-a718-9027df6ff647@group-956EFEAD089C-SegmentedRaftLog:OPENED:c-1, conf=-1: peers:[6220322b-c54d-4ba8-95d6-5fd9b706d663|rpc:10.1.0.70:15050|admin:10.1.0.70:15049|client:10.1.0.70:15048|dataStream:10.1.0.70:15051|priority:1|startupRole:FOLLOWER, 6f9d3266-b874-4586-a718-9027df6ff647|rpc:10.1.0.70:15041|admin:10.1.0.70:15040|client:10.1.0.70:15039|dataStream:10.1.0.70:15042|priority:0|startupRole:FOLLOWER, 80a9a8fe-8ad4-444c-8e90-e2ced2b3ac02|rpc:10.1.0.70:15059|admin:10.1.0.70:15058|client:10.1.0.70:15057|dataStream:10.1.0.70:15060|priority:0|startupRole:FOLLOWER]|listeners:[], old=null
2023-09-29 12:51:28,386 [6220322b-c54d-4ba8-95d6-5fd9b706d663@group-956EFEAD089C-LeaderElection13] INFO  impl.LeaderElection (LeaderElection.java:askForVotes(321)) - 6220322b-c54d-4ba8-95d6-5fd9b706d663@group-956EFEAD089C-LeaderElection13 ELECTION round 0: submit vote requests at term 1 for -1: peers:[6220322b-c54d-4ba8-95d6-5fd9b706d663|rpc:10.1.0.70:15050|admin:10.1.0.70:15049|client:10.1.0.70:15048|dataStream:10.1.0.70:15051|priority:1|startupRole:FOLLOWER, 6f9d3266-b874-4586-a718-9027df6ff647|rpc:10.1.0.70:15041|admin:10.1.0.70:15040|client:10.1.0.70:15039|dataStream:10.1.0.70:15042|priority:0|startupRole:FOLLOWER, 80a9a8fe-8ad4-444c-8e90-e2ced2b3ac02|rpc:10.1.0.70:15059|admin:10.1.0.70:15058|client:10.1.0.70:15057|dataStream:10.1.0.70:15060|priority:0|startupRole:FOLLOWER]|listeners:[], old=null
2023-09-29 12:51:28,387 [6220322b-c54d-4ba8-95d6-5fd9b706d663@group-956EFEAD089C-LeaderElection13] INFO  server.RaftServerConfigKeys (ConfUtils.java:logFallback(53)) - raft.server.rpc.first-election.timeout.min = 5s (fallback to raft.server.rpc.timeout.min)
2023-09-29 12:51:28,387 [6220322b-c54d-4ba8-95d6-5fd9b706d663@group-956EFEAD089C-LeaderElection13] INFO  server.RaftServerConfigKeys (ConfUtils.java:logFallback(53)) - raft.server.rpc.first-election.timeout.max = 5200ms (fallback to raft.server.rpc.timeout.max)
2023-09-29 12:51:28,388 [grpc-default-executor-4] INFO  server.RaftServer$Division (RaftServerImpl.java:requestVote(1302)) - 6f9d3266-b874-4586-a718-9027df6ff647@group-956EFEAD089C: receive requestVote(ELECTION, 6220322b-c54d-4ba8-95d6-5fd9b706d663, group-956EFEAD089C, 1, (t:0, i:0))
2023-09-29 12:51:28,388 [grpc-default-executor-4] INFO  impl.VoteContext (VoteContext.java:log(49)) - 6f9d3266-b874-4586-a718-9027df6ff647@group-956EFEAD089C-FOLLOWER: accept ELECTION from 6220322b-c54d-4ba8-95d6-5fd9b706d663: our priority 0 <= candidate's priority 1
2023-09-29 12:51:28,388 [grpc-default-executor-4] INFO  server.RaftServer$Division (RaftServerImpl.java:setRole(329)) - 6f9d3266-b874-4586-a718-9027df6ff647@group-956EFEAD089C: changes role from  FOLLOWER to FOLLOWER at term 1 for candidate:6220322b-c54d-4ba8-95d6-5fd9b706d663
2023-09-29 12:51:28,388 [grpc-default-executor-4] INFO  impl.RoleInfo (RoleInfo.java:shutdownFollowerState(110)) - 6f9d3266-b874-4586-a718-9027df6ff647: shutdown 6f9d3266-b874-4586-a718-9027df6ff647@group-956EFEAD089C-FollowerState
2023-09-29 12:51:28,388 [grpc-default-executor-4] INFO  impl.RoleInfo (RoleInfo.java:updateAndGet(139)) - 6f9d3266-b874-4586-a718-9027df6ff647: start 6f9d3266-b874-4586-a718-9027df6ff647@group-956EFEAD089C-FollowerState
2023-09-29 12:51:28,391 [6f9d3266-b874-4586-a718-9027df6ff647@group-956EFEAD089C-FollowerState] INFO  impl.FollowerState (FollowerState.java:run(152)) - 6f9d3266-b874-4586-a718-9027df6ff647@group-956EFEAD089C-FollowerState was interrupted
2023-09-29 12:51:28,392 [grpc-default-executor-0] INFO  server.RaftServer$Division (RaftServerImpl.java:requestVote(1302)) - 80a9a8fe-8ad4-444c-8e90-e2ced2b3ac02@group-956EFEAD089C: receive requestVote(ELECTION, 6220322b-c54d-4ba8-95d6-5fd9b706d663, group-956EFEAD089C, 1, (t:0, i:0))
2023-09-29 12:51:28,399 [grpc-default-executor-0] INFO  impl.VoteContext (VoteContext.java:log(49)) - 80a9a8fe-8ad4-444c-8e90-e2ced2b3ac02@group-956EFEAD089C-FOLLOWER: accept ELECTION from 6220322b-c54d-4ba8-95d6-5fd9b706d663: our priority 0 <= candidate's priority 1
2023-09-29 12:51:28,400 [grpc-default-executor-4] INFO  server.RaftServer$Division (RaftServerImpl.java:requestVote(1335)) - 6f9d3266-b874-4586-a718-9027df6ff647@group-956EFEAD089C replies to ELECTION vote request: 6220322b-c54d-4ba8-95d6-5fd9b706d663<-6f9d3266-b874-4586-a718-9027df6ff647#0:OK-t1. Peer's state: 6f9d3266-b874-4586-a718-9027df6ff647@group-956EFEAD089C:t1, leader=null, voted=6220322b-c54d-4ba8-95d6-5fd9b706d663, raftlog=Memoized:6f9d3266-b874-4586-a718-9027df6ff647@group-956EFEAD089C-SegmentedRaftLog:OPENED:c-1, conf=-1: peers:[6220322b-c54d-4ba8-95d6-5fd9b706d663|rpc:10.1.0.70:15050|admin:10.1.0.70:15049|client:10.1.0.70:15048|dataStream:10.1.0.70:15051|priority:1|startupRole:FOLLOWER, 6f9d3266-b874-4586-a718-9027df6ff647|rpc:10.1.0.70:15041|admin:10.1.0.70:15040|client:10.1.0.70:15039|dataStream:10.1.0.70:15042|priority:0|startupRole:FOLLOWER, 80a9a8fe-8ad4-444c-8e90-e2ced2b3ac02|rpc:10.1.0.70:15059|admin:10.1.0.70:15058|client:10.1.0.70:15057|dataStream:10.1.0.70:15060|priority:0|startupRole:FOLLOWER]|listeners:[], old=null
2023-09-29 12:51:28,400 [grpc-default-executor-0] INFO  server.RaftServer$Division (RaftServerImpl.java:setRole(329)) - 80a9a8fe-8ad4-444c-8e90-e2ced2b3ac02@group-956EFEAD089C: changes role from  FOLLOWER to FOLLOWER at term 1 for candidate:6220322b-c54d-4ba8-95d6-5fd9b706d663
2023-09-29 12:51:28,400 [grpc-default-executor-0] INFO  impl.RoleInfo (RoleInfo.java:shutdownFollowerState(110)) - 80a9a8fe-8ad4-444c-8e90-e2ced2b3ac02: shutdown 80a9a8fe-8ad4-444c-8e90-e2ced2b3ac02@group-956EFEAD089C-FollowerState
2023-09-29 12:51:28,400 [grpc-default-executor-0] INFO  impl.RoleInfo (RoleInfo.java:updateAndGet(139)) - 80a9a8fe-8ad4-444c-8e90-e2ced2b3ac02: start 80a9a8fe-8ad4-444c-8e90-e2ced2b3ac02@group-956EFEAD089C-FollowerState
2023-09-29 12:51:28,400 [80a9a8fe-8ad4-444c-8e90-e2ced2b3ac02@group-956EFEAD089C-FollowerState] INFO  impl.FollowerState (FollowerState.java:run(152)) - 80a9a8fe-8ad4-444c-8e90-e2ced2b3ac02@group-956EFEAD089C-FollowerState was interrupted
2023-09-29 12:51:28,401 [6220322b-c54d-4ba8-95d6-5fd9b706d663@group-956EFEAD089C-LeaderElection13] INFO  impl.LeaderElection (LeaderElection.java:logAndReturn(90)) - 6220322b-c54d-4ba8-95d6-5fd9b706d663@group-956EFEAD089C-LeaderElection13: ELECTION PASSED received 1 response(s) and 0 exception(s):
2023-09-29 12:51:28,401 [6220322b-c54d-4ba8-95d6-5fd9b706d663@group-956EFEAD089C-LeaderElection13] INFO  impl.LeaderElection (LeaderElection.java:logAndReturn(94)) -   Response 0: 6220322b-c54d-4ba8-95d6-5fd9b706d663<-6f9d3266-b874-4586-a718-9027df6ff647#0:OK-t1
2023-09-29 12:51:28,401 [6220322b-c54d-4ba8-95d6-5fd9b706d663@group-956EFEAD089C-LeaderElection13] INFO  impl.LeaderElection (LeaderElection.java:askForVotes(323)) - 6220322b-c54d-4ba8-95d6-5fd9b706d663@group-956EFEAD089C-LeaderElection13 ELECTION round 0: result PASSED
2023-09-29 12:51:28,401 [6220322b-c54d-4ba8-95d6-5fd9b706d663@group-956EFEAD089C-LeaderElection13] INFO  impl.RoleInfo (RoleInfo.java:shutdownLeaderElection(130)) - 6220322b-c54d-4ba8-95d6-5fd9b706d663: shutdown 6220322b-c54d-4ba8-95d6-5fd9b706d663@group-956EFEAD089C-LeaderElection13
2023-09-29 12:51:28,401 [6220322b-c54d-4ba8-95d6-5fd9b706d663@group-956EFEAD089C-LeaderElection13] INFO  server.RaftServer$Division (RaftServerImpl.java:setRole(329)) - 6220322b-c54d-4ba8-95d6-5fd9b706d663@group-956EFEAD089C: changes role from CANDIDATE to LEADER at term 1 for changeToLeader
2023-09-29 12:51:28,411 [6220322b-c54d-4ba8-95d6-5fd9b706d663@group-956EFEAD089C-LeaderElection13] INFO  ratis.XceiverServerRatis (XceiverServerRatis.java:handleLeaderChangedNotification(902)) - Leader change notification received for group: group-956EFEAD089C with new leaderId: 6220322b-c54d-4ba8-95d6-5fd9b706d663
2023-09-29 12:51:28,411 [grpc-default-executor-0] INFO  server.RaftServer$Division (RaftServerImpl.java:requestVote(1335)) - 80a9a8fe-8ad4-444c-8e90-e2ced2b3ac02@group-956EFEAD089C replies to ELECTION vote request: 6220322b-c54d-4ba8-95d6-5fd9b706d663<-80a9a8fe-8ad4-444c-8e90-e2ced2b3ac02#0:OK-t1. Peer's state: 80a9a8fe-8ad4-444c-8e90-e2ced2b3ac02@group-956EFEAD089C:t1, leader=null, voted=6220322b-c54d-4ba8-95d6-5fd9b706d663, raftlog=Memoized:80a9a8fe-8ad4-444c-8e90-e2ced2b3ac02@group-956EFEAD089C-SegmentedRaftLog:OPENED:c-1, conf=-1: peers:[6220322b-c54d-4ba8-95d6-5fd9b706d663|rpc:10.1.0.70:15050|admin:10.1.0.70:15049|client:10.1.0.70:15048|dataStream:10.1.0.70:15051|priority:1|startupRole:FOLLOWER, 6f9d3266-b874-4586-a718-9027df6ff647|rpc:10.1.0.70:15041|admin:10.1.0.70:15040|client:10.1.0.70:15039|dataStream:10.1.0.70:15042|priority:0|startupRole:FOLLOWER, 80a9a8fe-8ad4-444c-8e90-e2ced2b3ac02|rpc:10.1.0.70:15059|admin:10.1.0.70:15058|client:10.1.0.70:15057|dataStream:10.1.0.70:15060|priority:0|startupRole:FOLLOWER]|listeners:[], old=null
2023-09-29 12:51:28,415 [6220322b-c54d-4ba8-95d6-5fd9b706d663@group-956EFEAD089C-LeaderElection13] INFO  server.RaftServer$Division (ServerState.java:setLeader(317)) - 6220322b-c54d-4ba8-95d6-5fd9b706d663@group-956EFEAD089C: change Leader from null to 6220322b-c54d-4ba8-95d6-5fd9b706d663 at term 1 for becomeLeader, leader elected after 5652ms
2023-09-29 12:51:28,415 [6220322b-c54d-4ba8-95d6-5fd9b706d663@group-956EFEAD089C-LeaderElection13] INFO  server.RaftServerConfigKeys (ConfUtils.java:logGet(46)) - raft.server.staging.catchup.gap = 1000 (default)
2023-09-29 12:51:28,415 [6220322b-c54d-4ba8-95d6-5fd9b706d663@group-956EFEAD089C-LeaderElection13] INFO  server.RaftServerConfigKeys (ConfUtils.java:logGet(46)) - raft.server.write.element-limit = 1024 (custom)
2023-09-29 12:51:28,415 [6220322b-c54d-4ba8-95d6-5fd9b706d663@group-956EFEAD089C-LeaderElection13] INFO  server.RaftServerConfigKeys (ConfUtils.java:logGet(46)) - raft.server.write.byte-limit = 1024 M (=1073741824) (custom)
2023-09-29 12:51:28,416 [6220322b-c54d-4ba8-95d6-5fd9b706d663@group-956EFEAD089C-LeaderElection13] INFO  server.RaftServerConfigKeys (ConfUtils.java:logGet(46)) - raft.server.watch.timeout = 180s (custom)
2023-09-29 12:51:28,416 [6220322b-c54d-4ba8-95d6-5fd9b706d663@group-956EFEAD089C-LeaderElection13] INFO  server.RaftServerConfigKeys (ConfUtils.java:logGet(46)) - raft.server.watch.timeout.denomination = 1s (default)
2023-09-29 12:51:28,416 [6220322b-c54d-4ba8-95d6-5fd9b706d663@group-956EFEAD089C-LeaderElection13] INFO  server.RaftServerConfigKeys (ConfUtils.java:logGet(46)) - raft.server.watch.element-limit = 65536 (default)
2023-09-29 12:51:28,416 [6220322b-c54d-4ba8-95d6-5fd9b706d663@group-956EFEAD089C-LeaderElection13] INFO  server.RaftServerConfigKeys (ConfUtils.java:logGet(46)) - raft.server.write.element-limit = 1024 (custom)
2023-09-29 12:51:28,416 [6220322b-c54d-4ba8-95d6-5fd9b706d663@group-956EFEAD089C-LeaderElection13] INFO  server.RaftServerConfigKeys (ConfUtils.java:logGet(46)) - raft.server.write.follower.gap.ratio.max = -1.0 (default)
2023-09-29 12:51:28,417 [6220322b-c54d-4ba8-95d6-5fd9b706d663@group-956EFEAD089C-LeaderElection13] INFO  server.RaftServerConfigKeys (ConfUtils.java:logGet(46)) - raft.server.log.appender.snapshot.chunk.size.max = 16MB (=16777216) (default)
2023-09-29 12:51:28,417 [6220322b-c54d-4ba8-95d6-5fd9b706d663@group-956EFEAD089C-LeaderElection13] INFO  server.RaftServerConfigKeys (ConfUtils.java:logGet(46)) - raft.server.log.appender.buffer.byte-limit = 33554432 (custom)
2023-09-29 12:51:28,417 [6220322b-c54d-4ba8-95d6-5fd9b706d663@group-956EFEAD089C-LeaderElection13] INFO  server.RaftServerConfigKeys (ConfUtils.java:logGet(46)) - raft.server.log.appender.buffer.element-limit = 1 (custom)
2023-09-29 12:51:28,417 [6220322b-c54d-4ba8-95d6-5fd9b706d663@group-956EFEAD089C-LeaderElection13] INFO  server.RaftServerConfigKeys (ConfUtils.java:logGet(46)) - raft.server.log.appender.wait-time.min = 10ms (default)
2023-09-29 12:51:28,417 [6220322b-c54d-4ba8-95d6-5fd9b706d663@group-956EFEAD089C-LeaderElection13] INFO  grpc.GrpcConfigKeys (ConfUtils.java:logGet(46)) - raft.grpc.server.leader.outstanding.appends.max = 128 (default)
2023-09-29 12:51:28,417 [6220322b-c54d-4ba8-95d6-5fd9b706d663@group-956EFEAD089C-LeaderElection13] INFO  server.RaftServerConfigKeys (ConfUtils.java:logGet(46)) - raft.server.rpc.request.timeout = 60s (custom)
2023-09-29 12:51:28,417 [6220322b-c54d-4ba8-95d6-5fd9b706d663@group-956EFEAD089C-LeaderElection13] INFO  grpc.GrpcConfigKeys (ConfUtils.java:logGet(46)) - raft.grpc.server.install_snapshot.request.element-limit = 8 (default)
2023-09-29 12:51:28,418 [6220322b-c54d-4ba8-95d6-5fd9b706d663@group-956EFEAD089C-LeaderElection13] INFO  grpc.GrpcConfigKeys (ConfUtils.java:logGet(46)) - raft.grpc.server.install_snapshot.request.timeout = 3000ms (default)
2023-09-29 12:51:28,418 [6220322b-c54d-4ba8-95d6-5fd9b706d663@group-956EFEAD089C-LeaderElection13] INFO  server.RaftServerConfigKeys (ConfUtils.java:logGet(46)) - raft.server.log.appender.install.snapshot.enabled = false (custom)
2023-09-29 12:51:28,418 [6220322b-c54d-4ba8-95d6-5fd9b706d663@group-956EFEAD089C-LeaderElection13] INFO  grpc.GrpcConfigKeys (ConfUtils.java:logGet(46)) - raft.grpc.server.heartbeat.channel = true (default)
2023-09-29 12:51:28,420 [EventQueue-PipelineReportForPipelineReportHandler] INFO  pipeline.PipelineReportHandler (PipelineReportHandler.java:processPipelineReport(136)) - Opened pipeline PipelineID=b313363b-d4f1-44cf-bc12-956efead089c
2023-09-29 12:51:28,421 [6220322b-c54d-4ba8-95d6-5fd9b706d663@group-956EFEAD089C-LeaderElection13] INFO  server.RaftServerConfigKeys (ConfUtils.java:logGet(46)) - raft.server.log.appender.snapshot.chunk.size.max = 16MB (=16777216) (default)
2023-09-29 12:51:28,421 [6220322b-c54d-4ba8-95d6-5fd9b706d663@group-956EFEAD089C-LeaderElection13] INFO  server.RaftServerConfigKeys (ConfUtils.java:logGet(46)) - raft.server.log.appender.buffer.byte-limit = 33554432 (custom)
2023-09-29 12:51:28,421 [6220322b-c54d-4ba8-95d6-5fd9b706d663@group-956EFEAD089C-LeaderElection13] INFO  server.RaftServerConfigKeys (ConfUtils.java:logGet(46)) - raft.server.log.appender.buffer.element-limit = 1 (custom)
2023-09-29 12:51:28,421 [6220322b-c54d-4ba8-95d6-5fd9b706d663@group-956EFEAD089C-LeaderElection13] INFO  server.RaftServerConfigKeys (ConfUtils.java:logGet(46)) - raft.server.log.appender.wait-time.min = 10ms (default)
2023-09-29 12:51:28,421 [6220322b-c54d-4ba8-95d6-5fd9b706d663@group-956EFEAD089C-LeaderElection13] INFO  grpc.GrpcConfigKeys (ConfUtils.java:logGet(46)) - raft.grpc.server.leader.outstanding.appends.max = 128 (default)
2023-09-29 12:51:28,421 [6220322b-c54d-4ba8-95d6-5fd9b706d663@group-956EFEAD089C-LeaderElection13] INFO  server.RaftServerConfigKeys (ConfUtils.java:logGet(46)) - raft.server.rpc.request.timeout = 60s (custom)
2023-09-29 12:51:28,421 [6220322b-c54d-4ba8-95d6-5fd9b706d663@group-956EFEAD089C-LeaderElection13] INFO  grpc.GrpcConfigKeys (ConfUtils.java:logGet(46)) - raft.grpc.server.install_snapshot.request.element-limit = 8 (default)
2023-09-29 12:51:28,421 [6220322b-c54d-4ba8-95d6-5fd9b706d663@group-956EFEAD089C-LeaderElection13] INFO  grpc.GrpcConfigKeys (ConfUtils.java:logGet(46)) - raft.grpc.server.install_snapshot.request.timeout = 3000ms (default)
2023-09-29 12:51:28,421 [6220322b-c54d-4ba8-95d6-5fd9b706d663@group-956EFEAD089C-LeaderElection13] INFO  server.RaftServerConfigKeys (ConfUtils.java:logGet(46)) - raft.server.log.appender.install.snapshot.enabled = false (custom)
2023-09-29 12:51:28,421 [6220322b-c54d-4ba8-95d6-5fd9b706d663@group-956EFEAD089C-LeaderElection13] INFO  grpc.GrpcConfigKeys (ConfUtils.java:logGet(46)) - raft.grpc.server.heartbeat.channel = true (default)
2023-09-29 12:51:28,423 [6220322b-c54d-4ba8-95d6-5fd9b706d663@group-956EFEAD089C-LeaderElection13] INFO  impl.RoleInfo (RoleInfo.java:updateAndGet(139)) - 6220322b-c54d-4ba8-95d6-5fd9b706d663: start 6220322b-c54d-4ba8-95d6-5fd9b706d663@group-956EFEAD089C-LeaderStateImpl
2023-09-29 12:51:28,423 [6220322b-c54d-4ba8-95d6-5fd9b706d663@group-956EFEAD089C-LeaderElection13] INFO  segmented.SegmentedRaftLogWorker (SegmentedRaftLogWorker.java:startLogSegment(447)) - 6220322b-c54d-4ba8-95d6-5fd9b706d663@group-956EFEAD089C-SegmentedRaftLogWorker: Starting segment from index:0
2023-09-29 12:51:28,426 [6220322b-c54d-4ba8-95d6-5fd9b706d663@group-956EFEAD089C-SegmentedRaftLogWorker] INFO  segmented.SegmentedRaftLogWorker (SegmentedRaftLogWorker.java:execute(651)) - 6220322b-c54d-4ba8-95d6-5fd9b706d663@group-956EFEAD089C-SegmentedRaftLogWorker: created new log segment /home/runner/work/ozone/ozone/hadoop-ozone/integration-test/target/test-dir/MiniOzoneClusterImpl-811b16cb-c214-4c75-bdb2-1b437bba6cdf/datanode-4/data/ratis/b313363b-d4f1-44cf-bc12-956efead089c/current/log_inprogress_0
2023-09-29 12:51:28,426 [b431013d-a75d-44b2-a41a-a2e98e506a92@group-8A617CCA13DF-FollowerState] INFO  impl.FollowerState (FollowerState.java:run(143)) - b431013d-a75d-44b2-a41a-a2e98e506a92@group-8A617CCA13DF-FollowerState: change to CANDIDATE, lastRpcElapsedTime:5054343918ns, electionTimeout:5052ms
2023-09-29 12:51:28,427 [b431013d-a75d-44b2-a41a-a2e98e506a92@group-8A617CCA13DF-FollowerState] INFO  impl.RoleInfo (RoleInfo.java:shutdownFollowerState(110)) - b431013d-a75d-44b2-a41a-a2e98e506a92: shutdown b431013d-a75d-44b2-a41a-a2e98e506a92@group-8A617CCA13DF-FollowerState
2023-09-29 12:51:28,427 [b431013d-a75d-44b2-a41a-a2e98e506a92@group-8A617CCA13DF-FollowerState] INFO  server.RaftServer$Division (RaftServerImpl.java:setRole(329)) - b431013d-a75d-44b2-a41a-a2e98e506a92@group-8A617CCA13DF: changes role from  FOLLOWER to CANDIDATE at term 0 for changeToCandidate
2023-09-29 12:51:28,431 [b431013d-a75d-44b2-a41a-a2e98e506a92@group-8A617CCA13DF-FollowerState] INFO  server.RaftServerConfigKeys (ConfUtils.java:logGet(46)) - raft.server.leaderelection.pre-vote = true (default)
2023-09-29 12:51:28,431 [b431013d-a75d-44b2-a41a-a2e98e506a92@group-8A617CCA13DF-FollowerState] INFO  impl.RoleInfo (RoleInfo.java:updateAndGet(139)) - b431013d-a75d-44b2-a41a-a2e98e506a92: start b431013d-a75d-44b2-a41a-a2e98e506a92@group-8A617CCA13DF-LeaderElection14
2023-09-29 12:51:28,449 [6220322b-c54d-4ba8-95d6-5fd9b706d663@group-956EFEAD089C-LeaderElection13] INFO  server.RaftServer$Division (ServerState.java:setRaftConf(434)) - 6220322b-c54d-4ba8-95d6-5fd9b706d663@group-956EFEAD089C: set configuration 0: peers:[6220322b-c54d-4ba8-95d6-5fd9b706d663|rpc:10.1.0.70:15050|admin:10.1.0.70:15049|client:10.1.0.70:15048|dataStream:10.1.0.70:15051|priority:1|startupRole:FOLLOWER, 6f9d3266-b874-4586-a718-9027df6ff647|rpc:10.1.0.70:15041|admin:10.1.0.70:15040|client:10.1.0.70:15039|dataStream:10.1.0.70:15042|priority:0|startupRole:FOLLOWER, 80a9a8fe-8ad4-444c-8e90-e2ced2b3ac02|rpc:10.1.0.70:15059|admin:10.1.0.70:15058|client:10.1.0.70:15057|dataStream:10.1.0.70:15060|priority:0|startupRole:FOLLOWER]|listeners:[], old=null
2023-09-29 12:51:28,452 [b431013d-a75d-44b2-a41a-a2e98e506a92@group-8A617CCA13DF-LeaderElection14] INFO  impl.LeaderElection (LeaderElection.java:askForVotes(321)) - b431013d-a75d-44b2-a41a-a2e98e506a92@group-8A617CCA13DF-LeaderElection14 PRE_VOTE round 0: submit vote requests at term 0 for -1: peers:[b431013d-a75d-44b2-a41a-a2e98e506a92|rpc:10.1.0.70:15068|admin:10.1.0.70:15067|client:10.1.0.70:15066|dataStream:10.1.0.70:15069|priority:1|startupRole:FOLLOWER, 9fc007ee-6328-4e66-a7f4-dfd370a25fec|rpc:10.1.0.70:15077|admin:10.1.0.70:15076|client:10.1.0.70:15075|dataStream:10.1.0.70:15078|priority:0|startupRole:FOLLOWER, 4dfacd3a-85e6-4f60-aa9f-15a17a1c954a|rpc:10.1.0.70:15086|admin:10.1.0.70:15085|client:10.1.0.70:15084|dataStream:10.1.0.70:15087|priority:0|startupRole:FOLLOWER]|listeners:[], old=null
2023-09-29 12:51:28,460 [b431013d-a75d-44b2-a41a-a2e98e506a92@group-8A617CCA13DF-LeaderElection14-1] INFO  server.GrpcServerProtocolClient (GrpcServerProtocolClient.java:<init>(65)) - Build channel for 9fc007ee-6328-4e66-a7f4-dfd370a25fec
2023-09-29 12:51:28,468 [6f9d3266-b874-4586-a718-9027df6ff647-server-thread1] INFO  ratis.XceiverServerRatis (XceiverServerRatis.java:handleLeaderChangedNotification(902)) - Leader change notification received for group: group-956EFEAD089C with new leaderId: 6220322b-c54d-4ba8-95d6-5fd9b706d663
2023-09-29 12:51:28,468 [6f9d3266-b874-4586-a718-9027df6ff647-server-thread1] INFO  server.RaftServer$Division (ServerState.java:setLeader(317)) - 6f9d3266-b874-4586-a718-9027df6ff647@group-956EFEAD089C: change Leader from null to 6220322b-c54d-4ba8-95d6-5fd9b706d663 at term 1 for appendEntries, leader elected after 5847ms
2023-09-29 12:51:28,470 [80a9a8fe-8ad4-444c-8e90-e2ced2b3ac02-server-thread1] INFO  ratis.XceiverServerRatis (XceiverServerRatis.java:handleLeaderChangedNotification(902)) - Leader change notification received for group: group-956EFEAD089C with new leaderId: 6220322b-c54d-4ba8-95d6-5fd9b706d663
2023-09-29 12:51:28,470 [80a9a8fe-8ad4-444c-8e90-e2ced2b3ac02-server-thread1] INFO  server.RaftServer$Division (ServerState.java:setLeader(317)) - 80a9a8fe-8ad4-444c-8e90-e2ced2b3ac02@group-956EFEAD089C: change Leader from null to 6220322b-c54d-4ba8-95d6-5fd9b706d663 at term 1 for appendEntries, leader elected after 5775ms
2023-09-29 12:51:28,482 [grpc-default-executor-1] INFO  server.RaftServer$Division (RaftServerImpl.java:requestVote(1302)) - 9fc007ee-6328-4e66-a7f4-dfd370a25fec@group-8A617CCA13DF: receive requestVote(PRE_VOTE, b431013d-a75d-44b2-a41a-a2e98e506a92, group-8A617CCA13DF, 0, (t:0, i:0))
2023-09-29 12:51:28,483 [grpc-default-executor-1] INFO  impl.VoteContext (VoteContext.java:log(49)) - 9fc007ee-6328-4e66-a7f4-dfd370a25fec@group-8A617CCA13DF-FOLLOWER: accept PRE_VOTE from b431013d-a75d-44b2-a41a-a2e98e506a92: our priority 0 <= candidate's priority 1
2023-09-29 12:51:28,483 [grpc-default-executor-1] INFO  server.RaftServer$Division (RaftServerImpl.java:requestVote(1335)) - 9fc007ee-6328-4e66-a7f4-dfd370a25fec@group-8A617CCA13DF replies to PRE_VOTE vote request: b431013d-a75d-44b2-a41a-a2e98e506a92<-9fc007ee-6328-4e66-a7f4-dfd370a25fec#0:OK-t0. Peer's state: 9fc007ee-6328-4e66-a7f4-dfd370a25fec@group-8A617CCA13DF:t0, leader=null, voted=, raftlog=Memoized:9fc007ee-6328-4e66-a7f4-dfd370a25fec@group-8A617CCA13DF-SegmentedRaftLog:OPENED:c-1, conf=-1: peers:[b431013d-a75d-44b2-a41a-a2e98e506a92|rpc:10.1.0.70:15068|admin:10.1.0.70:15067|client:10.1.0.70:15066|dataStream:10.1.0.70:15069|priority:1|startupRole:FOLLOWER, 9fc007ee-6328-4e66-a7f4-dfd370a25fec|rpc:10.1.0.70:15077|admin:10.1.0.70:15076|client:10.1.0.70:15075|dataStream:10.1.0.70:15078|priority:0|startupRole:FOLLOWER, 4dfacd3a-85e6-4f60-aa9f-15a17a1c954a|rpc:10.1.0.70:15086|admin:10.1.0.70:15085|client:10.1.0.70:15084|dataStream:10.1.0.70:15087|priority:0|startupRole:FOLLOWER]|listeners:[], old=null
2023-09-29 12:51:28,486 [6f9d3266-b874-4586-a718-9027df6ff647-server-thread2] INFO  server.RaftServer$Division (ServerState.java:setRaftConf(434)) - 6f9d3266-b874-4586-a718-9027df6ff647@group-956EFEAD089C: set configuration 0: peers:[6220322b-c54d-4ba8-95d6-5fd9b706d663|rpc:10.1.0.70:15050|admin:10.1.0.70:15049|client:10.1.0.70:15048|dataStream:10.1.0.70:15051|priority:1|startupRole:FOLLOWER, 6f9d3266-b874-4586-a718-9027df6ff647|rpc:10.1.0.70:15041|admin:10.1.0.70:15040|client:10.1.0.70:15039|dataStream:10.1.0.70:15042|priority:0|startupRole:FOLLOWER, 80a9a8fe-8ad4-444c-8e90-e2ced2b3ac02|rpc:10.1.0.70:15059|admin:10.1.0.70:15058|client:10.1.0.70:15057|dataStream:10.1.0.70:15060|priority:0|startupRole:FOLLOWER]|listeners:[], old=null
2023-09-29 12:51:28,486 [6f9d3266-b874-4586-a718-9027df6ff647-server-thread2] INFO  segmented.SegmentedRaftLogWorker (SegmentedRaftLogWorker.java:startLogSegment(447)) - 6f9d3266-b874-4586-a718-9027df6ff647@group-956EFEAD089C-SegmentedRaftLogWorker: Starting segment from index:0
2023-09-29 12:51:28,486 [80a9a8fe-8ad4-444c-8e90-e2ced2b3ac02-server-thread1] INFO  server.RaftServer$Division (ServerState.java:setRaftConf(434)) - 80a9a8fe-8ad4-444c-8e90-e2ced2b3ac02@group-956EFEAD089C: set configuration 0: peers:[6220322b-c54d-4ba8-95d6-5fd9b706d663|rpc:10.1.0.70:15050|admin:10.1.0.70:15049|client:10.1.0.70:15048|dataStream:10.1.0.70:15051|priority:1|startupRole:FOLLOWER, 6f9d3266-b874-4586-a718-9027df6ff647|rpc:10.1.0.70:15041|admin:10.1.0.70:15040|client:10.1.0.70:15039|dataStream:10.1.0.70:15042|priority:0|startupRole:FOLLOWER, 80a9a8fe-8ad4-444c-8e90-e2ced2b3ac02|rpc:10.1.0.70:15059|admin:10.1.0.70:15058|client:10.1.0.70:15057|dataStream:10.1.0.70:15060|priority:0|startupRole:FOLLOWER]|listeners:[], old=null
2023-09-29 12:51:28,487 [80a9a8fe-8ad4-444c-8e90-e2ced2b3ac02-server-thread1] INFO  segmented.SegmentedRaftLogWorker (SegmentedRaftLogWorker.java:startLogSegment(447)) - 80a9a8fe-8ad4-444c-8e90-e2ced2b3ac02@group-956EFEAD089C-SegmentedRaftLogWorker: Starting segment from index:0
2023-09-29 12:51:28,487 [b431013d-a75d-44b2-a41a-a2e98e506a92@group-8A617CCA13DF-LeaderElection14] INFO  server.RaftServerConfigKeys (ConfUtils.java:logFallback(53)) - raft.server.rpc.first-election.timeout.min = 5s (fallback to raft.server.rpc.timeout.min)
2023-09-29 12:51:28,488 [b431013d-a75d-44b2-a41a-a2e98e506a92@group-8A617CCA13DF-LeaderElection14] INFO  server.RaftServerConfigKeys (ConfUtils.java:logFallback(53)) - raft.server.rpc.first-election.timeout.max = 5200ms (fallback to raft.server.rpc.timeout.max)
2023-09-29 12:51:28,488 [6f9d3266-b874-4586-a718-9027df6ff647@group-956EFEAD089C-SegmentedRaftLogWorker] INFO  segmented.SegmentedRaftLogWorker (SegmentedRaftLogWorker.java:execute(651)) - 6f9d3266-b874-4586-a718-9027df6ff647@group-956EFEAD089C-SegmentedRaftLogWorker: created new log segment /home/runner/work/ozone/ozone/hadoop-ozone/integration-test/target/test-dir/MiniOzoneClusterImpl-811b16cb-c214-4c75-bdb2-1b437bba6cdf/datanode-3/data/ratis/b313363b-d4f1-44cf-bc12-956efead089c/current/log_inprogress_0
2023-09-29 12:51:28,488 [b431013d-a75d-44b2-a41a-a2e98e506a92@group-8A617CCA13DF-LeaderElection14-2] INFO  server.GrpcServerProtocolClient (GrpcServerProtocolClient.java:<init>(65)) - Build channel for 4dfacd3a-85e6-4f60-aa9f-15a17a1c954a
2023-09-29 12:51:28,506 [grpc-default-executor-2] INFO  server.RaftServer$Division (RaftServerImpl.java:requestVote(1302)) - 4dfacd3a-85e6-4f60-aa9f-15a17a1c954a@group-8A617CCA13DF: receive requestVote(PRE_VOTE, b431013d-a75d-44b2-a41a-a2e98e506a92, group-8A617CCA13DF, 0, (t:0, i:0))
2023-09-29 12:51:28,506 [grpc-default-executor-2] INFO  impl.VoteContext (VoteContext.java:log(49)) - 4dfacd3a-85e6-4f60-aa9f-15a17a1c954a@group-8A617CCA13DF-FOLLOWER: accept PRE_VOTE from b431013d-a75d-44b2-a41a-a2e98e506a92: our priority 0 <= candidate's priority 1
2023-09-29 12:51:28,506 [grpc-default-executor-2] INFO  server.RaftServer$Division (RaftServerImpl.java:requestVote(1335)) - 4dfacd3a-85e6-4f60-aa9f-15a17a1c954a@group-8A617CCA13DF replies to PRE_VOTE vote request: b431013d-a75d-44b2-a41a-a2e98e506a92<-4dfacd3a-85e6-4f60-aa9f-15a17a1c954a#0:OK-t0. Peer's state: 4dfacd3a-85e6-4f60-aa9f-15a17a1c954a@group-8A617CCA13DF:t0, leader=null, voted=, raftlog=Memoized:4dfacd3a-85e6-4f60-aa9f-15a17a1c954a@group-8A617CCA13DF-SegmentedRaftLog:OPENED:c-1, conf=-1: peers:[b431013d-a75d-44b2-a41a-a2e98e506a92|rpc:10.1.0.70:15068|admin:10.1.0.70:15067|client:10.1.0.70:15066|dataStream:10.1.0.70:15069|priority:1|startupRole:FOLLOWER, 9fc007ee-6328-4e66-a7f4-dfd370a25fec|rpc:10.1.0.70:15077|admin:10.1.0.70:15076|client:10.1.0.70:15075|dataStream:10.1.0.70:15078|priority:0|startupRole:FOLLOWER, 4dfacd3a-85e6-4f60-aa9f-15a17a1c954a|rpc:10.1.0.70:15086|admin:10.1.0.70:15085|client:10.1.0.70:15084|dataStream:10.1.0.70:15087|priority:0|startupRole:FOLLOWER]|listeners:[], old=null
2023-09-29 12:51:28,507 [80a9a8fe-8ad4-444c-8e90-e2ced2b3ac02@group-956EFEAD089C-SegmentedRaftLogWorker] INFO  segmented.SegmentedRaftLogWorker (SegmentedRaftLogWorker.java:execute(651)) - 80a9a8fe-8ad4-444c-8e90-e2ced2b3ac02@group-956EFEAD089C-SegmentedRaftLogWorker: created new log segment /home/runner/work/ozone/ozone/hadoop-ozone/integration-test/target/test-dir/MiniOzoneClusterImpl-811b16cb-c214-4c75-bdb2-1b437bba6cdf/datanode-5/data/ratis/b313363b-d4f1-44cf-bc12-956efead089c/current/log_inprogress_0
2023-09-29 12:51:28,511 [b431013d-a75d-44b2-a41a-a2e98e506a92@group-8A617CCA13DF-LeaderElection14] INFO  impl.LeaderElection (LeaderElection.java:logAndReturn(90)) - b431013d-a75d-44b2-a41a-a2e98e506a92@group-8A617CCA13DF-LeaderElection14: PRE_VOTE PASSED received 1 response(s) and 0 exception(s):
2023-09-29 12:51:28,511 [b431013d-a75d-44b2-a41a-a2e98e506a92@group-8A617CCA13DF-LeaderElection14] INFO  impl.LeaderElection (LeaderElection.java:logAndReturn(94)) -   Response 0: b431013d-a75d-44b2-a41a-a2e98e506a92<-9fc007ee-6328-4e66-a7f4-dfd370a25fec#0:OK-t0
2023-09-29 12:51:28,511 [b431013d-a75d-44b2-a41a-a2e98e506a92@group-8A617CCA13DF-LeaderElection14] INFO  impl.LeaderElection (LeaderElection.java:askForVotes(323)) - b431013d-a75d-44b2-a41a-a2e98e506a92@group-8A617CCA13DF-LeaderElection14 PRE_VOTE round 0: result PASSED
2023-09-29 12:51:28,511 [b431013d-a75d-44b2-a41a-a2e98e506a92@group-565827C47CD0-FollowerState] INFO  impl.FollowerState (FollowerState.java:run(143)) - b431013d-a75d-44b2-a41a-a2e98e506a92@group-565827C47CD0-FollowerState: change to CANDIDATE, lastRpcElapsedTime:5176375135ns, electionTimeout:5167ms
2023-09-29 12:51:28,511 [b431013d-a75d-44b2-a41a-a2e98e506a92@group-565827C47CD0-FollowerState] INFO  impl.RoleInfo (RoleInfo.java:shutdownFollowerState(110)) - b431013d-a75d-44b2-a41a-a2e98e506a92: shutdown b431013d-a75d-44b2-a41a-a2e98e506a92@group-565827C47CD0-FollowerState
2023-09-29 12:51:28,511 [b431013d-a75d-44b2-a41a-a2e98e506a92@group-565827C47CD0-FollowerState] INFO  server.RaftServer$Division (RaftServerImpl.java:setRole(329)) - b431013d-a75d-44b2-a41a-a2e98e506a92@group-565827C47CD0: changes role from  FOLLOWER to CANDIDATE at term 0 for changeToCandidate
2023-09-29 12:51:28,512 [b431013d-a75d-44b2-a41a-a2e98e506a92@group-565827C47CD0-FollowerState] INFO  server.RaftServerConfigKeys (ConfUtils.java:logGet(46)) - raft.server.leaderelection.pre-vote = true (default)
2023-09-29 12:51:28,512 [b431013d-a75d-44b2-a41a-a2e98e506a92@group-565827C47CD0-FollowerState] INFO  impl.RoleInfo (RoleInfo.java:updateAndGet(139)) - b431013d-a75d-44b2-a41a-a2e98e506a92: start b431013d-a75d-44b2-a41a-a2e98e506a92@group-565827C47CD0-LeaderElection15
2023-09-29 12:51:28,514 [b431013d-a75d-44b2-a41a-a2e98e506a92@group-8A617CCA13DF-LeaderElection14] INFO  impl.LeaderElection (LeaderElection.java:askForVotes(321)) - b431013d-a75d-44b2-a41a-a2e98e506a92@group-8A617CCA13DF-LeaderElection14 ELECTION round 0: submit vote requests at term 1 for -1: peers:[b431013d-a75d-44b2-a41a-a2e98e506a92|rpc:10.1.0.70:15068|admin:10.1.0.70:15067|client:10.1.0.70:15066|dataStream:10.1.0.70:15069|priority:1|startupRole:FOLLOWER, 9fc007ee-6328-4e66-a7f4-dfd370a25fec|rpc:10.1.0.70:15077|admin:10.1.0.70:15076|client:10.1.0.70:15075|dataStream:10.1.0.70:15078|priority:0|startupRole:FOLLOWER, 4dfacd3a-85e6-4f60-aa9f-15a17a1c954a|rpc:10.1.0.70:15086|admin:10.1.0.70:15085|client:10.1.0.70:15084|dataStream:10.1.0.70:15087|priority:0|startupRole:FOLLOWER]|listeners:[], old=null
2023-09-29 12:51:28,523 [4dfacd3a-85e6-4f60-aa9f-15a17a1c954a@group-8A617CCA13DF-FollowerState] INFO  server.RaftServerConfigKeys (ConfUtils.java:logFallback(53)) - raft.server.rpc.first-election.timeout.min = 5s (fallback to raft.server.rpc.timeout.min)
2023-09-29 12:51:28,524 [4dfacd3a-85e6-4f60-aa9f-15a17a1c954a@group-8A617CCA13DF-FollowerState] INFO  server.RaftServerConfigKeys (ConfUtils.java:logFallback(53)) - raft.server.rpc.first-election.timeout.max = 5200ms (fallback to raft.server.rpc.timeout.max)
2023-09-29 12:51:28,525 [b431013d-a75d-44b2-a41a-a2e98e506a92@group-565827C47CD0-LeaderElection15] INFO  impl.LeaderElection (LeaderElection.java:askForVotes(321)) - b431013d-a75d-44b2-a41a-a2e98e506a92@group-565827C47CD0-LeaderElection15 PRE_VOTE round 0: submit vote requests at term 0 for -1: peers:[b431013d-a75d-44b2-a41a-a2e98e506a92|rpc:10.1.0.70:15068|admin:10.1.0.70:15067|client:10.1.0.70:15066|dataStream:10.1.0.70:15069|priority:1|startupRole:FOLLOWER]|listeners:[], old=null
2023-09-29 12:51:28,525 [b431013d-a75d-44b2-a41a-a2e98e506a92@group-565827C47CD0-LeaderElection15] INFO  impl.LeaderElection (LeaderElection.java:askForVotes(323)) - b431013d-a75d-44b2-a41a-a2e98e506a92@group-565827C47CD0-LeaderElection15 PRE_VOTE round 0: result PASSED (term=0)
2023-09-29 12:51:28,529 [grpc-default-executor-6] INFO  server.RaftServer$Division (RaftServerImpl.java:requestVote(1302)) - 9fc007ee-6328-4e66-a7f4-dfd370a25fec@group-8A617CCA13DF: receive requestVote(ELECTION, b431013d-a75d-44b2-a41a-a2e98e506a92, group-8A617CCA13DF, 1, (t:0, i:0))
2023-09-29 12:51:28,529 [grpc-default-executor-6] INFO  impl.VoteContext (VoteContext.java:log(49)) - 9fc007ee-6328-4e66-a7f4-dfd370a25fec@group-8A617CCA13DF-FOLLOWER: accept ELECTION from b431013d-a75d-44b2-a41a-a2e98e506a92: our priority 0 <= candidate's priority 1
2023-09-29 12:51:28,529 [grpc-default-executor-6] INFO  server.RaftServer$Division (RaftServerImpl.java:setRole(329)) - 9fc007ee-6328-4e66-a7f4-dfd370a25fec@group-8A617CCA13DF: changes role from  FOLLOWER to FOLLOWER at term 1 for candidate:b431013d-a75d-44b2-a41a-a2e98e506a92
2023-09-29 12:51:28,529 [grpc-default-executor-6] INFO  impl.RoleInfo (RoleInfo.java:shutdownFollowerState(110)) - 9fc007ee-6328-4e66-a7f4-dfd370a25fec: shutdown 9fc007ee-6328-4e66-a7f4-dfd370a25fec@group-8A617CCA13DF-FollowerState
2023-09-29 12:51:28,531 [b431013d-a75d-44b2-a41a-a2e98e506a92@group-565827C47CD0-LeaderElection15] INFO  impl.LeaderElection (LeaderElection.java:askForVotes(321)) - b431013d-a75d-44b2-a41a-a2e98e506a92@group-565827C47CD0-LeaderElection15 ELECTION round 0: submit vote requests at term 1 for -1: peers:[b431013d-a75d-44b2-a41a-a2e98e506a92|rpc:10.1.0.70:15068|admin:10.1.0.70:15067|client:10.1.0.70:15066|dataStream:10.1.0.70:15069|priority:1|startupRole:FOLLOWER]|listeners:[], old=null
2023-09-29 12:51:28,531 [b431013d-a75d-44b2-a41a-a2e98e506a92@group-565827C47CD0-LeaderElection15] INFO  impl.LeaderElection (LeaderElection.java:askForVotes(323)) - b431013d-a75d-44b2-a41a-a2e98e506a92@group-565827C47CD0-LeaderElection15 ELECTION round 0: result PASSED (term=1)
2023-09-29 12:51:28,531 [b431013d-a75d-44b2-a41a-a2e98e506a92@group-565827C47CD0-LeaderElection15] INFO  impl.RoleInfo (RoleInfo.java:shutdownLeaderElection(130)) - b431013d-a75d-44b2-a41a-a2e98e506a92: shutdown b431013d-a75d-44b2-a41a-a2e98e506a92@group-565827C47CD0-LeaderElection15
2023-09-29 12:51:28,531 [b431013d-a75d-44b2-a41a-a2e98e506a92@group-565827C47CD0-LeaderElection15] INFO  server.RaftServer$Division (RaftServerImpl.java:setRole(329)) - b431013d-a75d-44b2-a41a-a2e98e506a92@group-565827C47CD0: changes role from CANDIDATE to LEADER at term 1 for changeToLeader
2023-09-29 12:51:28,531 [b431013d-a75d-44b2-a41a-a2e98e506a92@group-565827C47CD0-LeaderElection15] INFO  ratis.XceiverServerRatis (XceiverServerRatis.java:handleLeaderChangedNotification(902)) - Leader change notification received for group: group-565827C47CD0 with new leaderId: b431013d-a75d-44b2-a41a-a2e98e506a92
2023-09-29 12:51:28,538 [b431013d-a75d-44b2-a41a-a2e98e506a92@group-8A617CCA13DF-LeaderElection14] INFO  server.RaftServerConfigKeys (ConfUtils.java:logFallback(53)) - raft.server.rpc.first-election.timeout.min = 5s (fallback to raft.server.rpc.timeout.min)
2023-09-29 12:51:28,538 [b431013d-a75d-44b2-a41a-a2e98e506a92@group-8A617CCA13DF-LeaderElection14] INFO  server.RaftServerConfigKeys (ConfUtils.java:logFallback(53)) - raft.server.rpc.first-election.timeout.max = 5200ms (fallback to raft.server.rpc.timeout.max)
2023-09-29 12:51:28,539 [grpc-default-executor-6] INFO  impl.RoleInfo (RoleInfo.java:updateAndGet(139)) - 9fc007ee-6328-4e66-a7f4-dfd370a25fec: start 9fc007ee-6328-4e66-a7f4-dfd370a25fec@group-8A617CCA13DF-FollowerState
2023-09-29 12:51:28,539 [9fc007ee-6328-4e66-a7f4-dfd370a25fec@group-8A617CCA13DF-FollowerState] INFO  impl.FollowerState (FollowerState.java:run(152)) - 9fc007ee-6328-4e66-a7f4-dfd370a25fec@group-8A617CCA13DF-FollowerState was interrupted
2023-09-29 12:51:28,539 [b431013d-a75d-44b2-a41a-a2e98e506a92@group-565827C47CD0-LeaderElection15] INFO  server.RaftServer$Division (ServerState.java:setLeader(317)) - b431013d-a75d-44b2-a41a-a2e98e506a92@group-565827C47CD0: change Leader from null to b431013d-a75d-44b2-a41a-a2e98e506a92 at term 1 for becomeLeader, leader elected after 5219ms
2023-09-29 12:51:28,539 [b431013d-a75d-44b2-a41a-a2e98e506a92@group-565827C47CD0-LeaderElection15] INFO  server.RaftServerConfigKeys (ConfUtils.java:logGet(46)) - raft.server.staging.catchup.gap = 1000 (default)
2023-09-29 12:51:28,542 [grpc-default-executor-2] INFO  server.RaftServer$Division (RaftServerImpl.java:requestVote(1302)) - 4dfacd3a-85e6-4f60-aa9f-15a17a1c954a@group-8A617CCA13DF: receive requestVote(ELECTION, b431013d-a75d-44b2-a41a-a2e98e506a92, group-8A617CCA13DF, 1, (t:0, i:0))
2023-09-29 12:51:28,544 [b431013d-a75d-44b2-a41a-a2e98e506a92@group-565827C47CD0-LeaderElection15] INFO  server.RaftServerConfigKeys (ConfUtils.java:logGet(46)) - raft.server.write.element-limit = 1024 (custom)
2023-09-29 12:51:28,544 [b431013d-a75d-44b2-a41a-a2e98e506a92@group-565827C47CD0-LeaderElection15] INFO  server.RaftServerConfigKeys (ConfUtils.java:logGet(46)) - raft.server.write.byte-limit = 1024 M (=1073741824) (custom)
2023-09-29 12:51:28,545 [b431013d-a75d-44b2-a41a-a2e98e506a92@group-565827C47CD0-LeaderElection15] INFO  server.RaftServerConfigKeys (ConfUtils.java:logGet(46)) - raft.server.watch.timeout = 180s (custom)
2023-09-29 12:51:28,545 [b431013d-a75d-44b2-a41a-a2e98e506a92@group-565827C47CD0-LeaderElection15] INFO  server.RaftServerConfigKeys (ConfUtils.java:logGet(46)) - raft.server.watch.timeout.denomination = 1s (default)
2023-09-29 12:51:28,545 [b431013d-a75d-44b2-a41a-a2e98e506a92@group-565827C47CD0-LeaderElection15] INFO  server.RaftServerConfigKeys (ConfUtils.java:logGet(46)) - raft.server.watch.element-limit = 65536 (default)
2023-09-29 12:51:28,545 [b431013d-a75d-44b2-a41a-a2e98e506a92@group-565827C47CD0-LeaderElection15] INFO  server.RaftServerConfigKeys (ConfUtils.java:logGet(46)) - raft.server.write.element-limit = 1024 (custom)
2023-09-29 12:51:28,545 [b431013d-a75d-44b2-a41a-a2e98e506a92@group-565827C47CD0-LeaderElection15] INFO  server.RaftServerConfigKeys (ConfUtils.java:logGet(46)) - raft.server.write.follower.gap.ratio.max = -1.0 (default)
2023-09-29 12:51:28,545 [b431013d-a75d-44b2-a41a-a2e98e506a92@group-565827C47CD0-LeaderElection15] INFO  impl.RoleInfo (RoleInfo.java:updateAndGet(139)) - b431013d-a75d-44b2-a41a-a2e98e506a92: start b431013d-a75d-44b2-a41a-a2e98e506a92@group-565827C47CD0-LeaderStateImpl
2023-09-29 12:51:28,546 [b431013d-a75d-44b2-a41a-a2e98e506a92@group-565827C47CD0-LeaderElection15] INFO  segmented.SegmentedRaftLogWorker (SegmentedRaftLogWorker.java:startLogSegment(447)) - b431013d-a75d-44b2-a41a-a2e98e506a92@group-565827C47CD0-SegmentedRaftLogWorker: Starting segment from index:0
2023-09-29 12:51:28,547 [grpc-default-executor-2] INFO  impl.VoteContext (VoteContext.java:log(49)) - 4dfacd3a-85e6-4f60-aa9f-15a17a1c954a@group-8A617CCA13DF-FOLLOWER: accept ELECTION from b431013d-a75d-44b2-a41a-a2e98e506a92: our priority 0 <= candidate's priority 1
2023-09-29 12:51:28,547 [grpc-default-executor-6] INFO  server.RaftServer$Division (RaftServerImpl.java:requestVote(1335)) - 9fc007ee-6328-4e66-a7f4-dfd370a25fec@group-8A617CCA13DF replies to ELECTION vote request: b431013d-a75d-44b2-a41a-a2e98e506a92<-9fc007ee-6328-4e66-a7f4-dfd370a25fec#0:OK-t1. Peer's state: 9fc007ee-6328-4e66-a7f4-dfd370a25fec@group-8A617CCA13DF:t1, leader=null, voted=b431013d-a75d-44b2-a41a-a2e98e506a92, raftlog=Memoized:9fc007ee-6328-4e66-a7f4-dfd370a25fec@group-8A617CCA13DF-SegmentedRaftLog:OPENED:c-1, conf=-1: peers:[b431013d-a75d-44b2-a41a-a2e98e506a92|rpc:10.1.0.70:15068|admin:10.1.0.70:15067|client:10.1.0.70:15066|dataStream:10.1.0.70:15069|priority:1|startupRole:FOLLOWER, 9fc007ee-6328-4e66-a7f4-dfd370a25fec|rpc:10.1.0.70:15077|admin:10.1.0.70:15076|client:10.1.0.70:15075|dataStream:10.1.0.70:15078|priority:0|startupRole:FOLLOWER, 4dfacd3a-85e6-4f60-aa9f-15a17a1c954a|rpc:10.1.0.70:15086|admin:10.1.0.70:15085|client:10.1.0.70:15084|dataStream:10.1.0.70:15087|priority:0|startupRole:FOLLOWER]|listeners:[], old=null
2023-09-29 12:51:28,547 [grpc-default-executor-2] INFO  server.RaftServer$Division (RaftServerImpl.java:setRole(329)) - 4dfacd3a-85e6-4f60-aa9f-15a17a1c954a@group-8A617CCA13DF: changes role from  FOLLOWER to FOLLOWER at term 1 for candidate:b431013d-a75d-44b2-a41a-a2e98e506a92
2023-09-29 12:51:28,548 [grpc-default-executor-2] INFO  impl.RoleInfo (RoleInfo.java:shutdownFollowerState(110)) - 4dfacd3a-85e6-4f60-aa9f-15a17a1c954a: shutdown 4dfacd3a-85e6-4f60-aa9f-15a17a1c954a@group-8A617CCA13DF-FollowerState
2023-09-29 12:51:28,550 [b431013d-a75d-44b2-a41a-a2e98e506a92@group-565827C47CD0-SegmentedRaftLogWorker] INFO  segmented.SegmentedRaftLogWorker (SegmentedRaftLogWorker.java:execute(651)) - b431013d-a75d-44b2-a41a-a2e98e506a92@group-565827C47CD0-SegmentedRaftLogWorker: created new log segment /home/runner/work/ozone/ozone/hadoop-ozone/integration-test/target/test-dir/MiniOzoneClusterImpl-811b16cb-c214-4c75-bdb2-1b437bba6cdf/datanode-6/data/ratis/2091c0d9-35bc-4ce5-bb07-565827c47cd0/current/log_inprogress_0
2023-09-29 12:51:28,557 [b431013d-a75d-44b2-a41a-a2e98e506a92@group-565827C47CD0-LeaderElection15] INFO  server.RaftServer$Division (ServerState.java:setRaftConf(434)) - b431013d-a75d-44b2-a41a-a2e98e506a92@group-565827C47CD0: set configuration 0: peers:[b431013d-a75d-44b2-a41a-a2e98e506a92|rpc:10.1.0.70:15068|admin:10.1.0.70:15067|client:10.1.0.70:15066|dataStream:10.1.0.70:15069|priority:1|startupRole:FOLLOWER]|listeners:[], old=null
2023-09-29 12:51:28,557 [4dfacd3a-85e6-4f60-aa9f-15a17a1c954a@group-8A617CCA13DF-FollowerState] INFO  impl.FollowerState (FollowerState.java:run(152)) - 4dfacd3a-85e6-4f60-aa9f-15a17a1c954a@group-8A617CCA13DF-FollowerState was interrupted
2023-09-29 12:51:28,557 [b431013d-a75d-44b2-a41a-a2e98e506a92@group-8A617CCA13DF-LeaderElection14] INFO  impl.LeaderElection (LeaderElection.java:logAndReturn(90)) - b431013d-a75d-44b2-a41a-a2e98e506a92@group-8A617CCA13DF-LeaderElection14: ELECTION PASSED received 1 response(s) and 0 exception(s):
2023-09-29 12:51:28,557 [b431013d-a75d-44b2-a41a-a2e98e506a92@group-8A617CCA13DF-LeaderElection14] INFO  impl.LeaderElection (LeaderElection.java:logAndReturn(94)) -   Response 0: b431013d-a75d-44b2-a41a-a2e98e506a92<-9fc007ee-6328-4e66-a7f4-dfd370a25fec#0:OK-t1
2023-09-29 12:51:28,557 [b431013d-a75d-44b2-a41a-a2e98e506a92@group-8A617CCA13DF-LeaderElection14] INFO  impl.LeaderElection (LeaderElection.java:askForVotes(323)) - b431013d-a75d-44b2-a41a-a2e98e506a92@group-8A617CCA13DF-LeaderElection14 ELECTION round 0: result PASSED
2023-09-29 12:51:28,569 [b431013d-a75d-44b2-a41a-a2e98e506a92@group-8A617CCA13DF-LeaderElection14] INFO  impl.RoleInfo (RoleInfo.java:shutdownLeaderElection(130)) - b431013d-a75d-44b2-a41a-a2e98e506a92: shutdown b431013d-a75d-44b2-a41a-a2e98e506a92@group-8A617CCA13DF-LeaderElection14
2023-09-29 12:51:28,569 [b431013d-a75d-44b2-a41a-a2e98e506a92@group-8A617CCA13DF-LeaderElection14] INFO  server.RaftServer$Division (RaftServerImpl.java:setRole(329)) - b431013d-a75d-44b2-a41a-a2e98e506a92@group-8A617CCA13DF: changes role from CANDIDATE to LEADER at term 1 for changeToLeader
2023-09-29 12:51:28,569 [b431013d-a75d-44b2-a41a-a2e98e506a92@group-8A617CCA13DF-LeaderElection14] INFO  ratis.XceiverServerRatis (XceiverServerRatis.java:handleLeaderChangedNotification(902)) - Leader change notification received for group: group-8A617CCA13DF with new leaderId: b431013d-a75d-44b2-a41a-a2e98e506a92
2023-09-29 12:51:28,569 [b431013d-a75d-44b2-a41a-a2e98e506a92@group-8A617CCA13DF-LeaderElection14] INFO  server.RaftServer$Division (ServerState.java:setLeader(317)) - b431013d-a75d-44b2-a41a-a2e98e506a92@group-8A617CCA13DF: change Leader from null to b431013d-a75d-44b2-a41a-a2e98e506a92 at term 1 for becomeLeader, leader elected after 5221ms
2023-09-29 12:51:28,569 [b431013d-a75d-44b2-a41a-a2e98e506a92@group-8A617CCA13DF-LeaderElection14] INFO  server.RaftServerConfigKeys (ConfUtils.java:logGet(46)) - raft.server.staging.catchup.gap = 1000 (default)
2023-09-29 12:51:28,570 [b431013d-a75d-44b2-a41a-a2e98e506a92@group-8A617CCA13DF-LeaderElection14] INFO  server.RaftServerConfigKeys (ConfUtils.java:logGet(46)) - raft.server.write.element-limit = 1024 (custom)
2023-09-29 12:51:28,570 [b431013d-a75d-44b2-a41a-a2e98e506a92@group-8A617CCA13DF-LeaderElection14] INFO  server.RaftServerConfigKeys (ConfUtils.java:logGet(46)) - raft.server.write.byte-limit = 1024 M (=1073741824) (custom)
2023-09-29 12:51:28,570 [b431013d-a75d-44b2-a41a-a2e98e506a92@group-8A617CCA13DF-LeaderElection14] INFO  server.RaftServerConfigKeys (ConfUtils.java:logGet(46)) - raft.server.watch.timeout = 180s (custom)
2023-09-29 12:51:28,570 [b431013d-a75d-44b2-a41a-a2e98e506a92@group-8A617CCA13DF-LeaderElection14] INFO  server.RaftServerConfigKeys (ConfUtils.java:logGet(46)) - raft.server.watch.timeout.denomination = 1s (default)
2023-09-29 12:51:28,570 [b431013d-a75d-44b2-a41a-a2e98e506a92@group-8A617CCA13DF-LeaderElection14] INFO  server.RaftServerConfigKeys (ConfUtils.java:logGet(46)) - raft.server.watch.element-limit = 65536 (default)
2023-09-29 12:51:28,570 [b431013d-a75d-44b2-a41a-a2e98e506a92@group-8A617CCA13DF-LeaderElection14] INFO  server.RaftServerConfigKeys (ConfUtils.java:logGet(46)) - raft.server.write.element-limit = 1024 (custom)
2023-09-29 12:51:28,570 [b431013d-a75d-44b2-a41a-a2e98e506a92@group-8A617CCA13DF-LeaderElection14] INFO  server.RaftServerConfigKeys (ConfUtils.java:logGet(46)) - raft.server.write.follower.gap.ratio.max = -1.0 (default)
2023-09-29 12:51:28,557 [grpc-default-executor-2] INFO  impl.RoleInfo (RoleInfo.java:updateAndGet(139)) - 4dfacd3a-85e6-4f60-aa9f-15a17a1c954a: start 4dfacd3a-85e6-4f60-aa9f-15a17a1c954a@group-8A617CCA13DF-FollowerState
2023-09-29 12:51:28,577 [b431013d-a75d-44b2-a41a-a2e98e506a92@group-8A617CCA13DF-LeaderElection14] INFO  server.RaftServerConfigKeys (ConfUtils.java:logGet(46)) - raft.server.log.appender.snapshot.chunk.size.max = 16MB (=16777216) (default)
2023-09-29 12:51:28,577 [b431013d-a75d-44b2-a41a-a2e98e506a92@group-8A617CCA13DF-LeaderElection14] INFO  server.RaftServerConfigKeys (ConfUtils.java:logGet(46)) - raft.server.log.appender.buffer.byte-limit = 33554432 (custom)
2023-09-29 12:51:28,577 [b431013d-a75d-44b2-a41a-a2e98e506a92@group-8A617CCA13DF-LeaderElection14] INFO  server.RaftServerConfigKeys (ConfUtils.java:logGet(46)) - raft.server.log.appender.buffer.element-limit = 1 (custom)
2023-09-29 12:51:28,577 [b431013d-a75d-44b2-a41a-a2e98e506a92@group-8A617CCA13DF-LeaderElection14] INFO  server.RaftServerConfigKeys (ConfUtils.java:logGet(46)) - raft.server.log.appender.wait-time.min = 10ms (default)
2023-09-29 12:51:28,578 [b431013d-a75d-44b2-a41a-a2e98e506a92@group-8A617CCA13DF-LeaderElection14] INFO  grpc.GrpcConfigKeys (ConfUtils.java:logGet(46)) - raft.grpc.server.leader.outstanding.appends.max = 128 (default)
2023-09-29 12:51:28,578 [b431013d-a75d-44b2-a41a-a2e98e506a92@group-8A617CCA13DF-LeaderElection14] INFO  server.RaftServerConfigKeys (ConfUtils.java:logGet(46)) - raft.server.rpc.request.timeout = 60s (custom)
2023-09-29 12:51:28,578 [b431013d-a75d-44b2-a41a-a2e98e506a92@group-8A617CCA13DF-LeaderElection14] INFO  grpc.GrpcConfigKeys (ConfUtils.java:logGet(46)) - raft.grpc.server.install_snapshot.request.element-limit = 8 (default)
2023-09-29 12:51:28,578 [b431013d-a75d-44b2-a41a-a2e98e506a92@group-8A617CCA13DF-LeaderElection14] INFO  grpc.GrpcConfigKeys (ConfUtils.java:logGet(46)) - raft.grpc.server.install_snapshot.request.timeout = 3000ms (default)
2023-09-29 12:51:28,578 [b431013d-a75d-44b2-a41a-a2e98e506a92@group-8A617CCA13DF-LeaderElection14] INFO  server.RaftServerConfigKeys (ConfUtils.java:logGet(46)) - raft.server.log.appender.install.snapshot.enabled = false (custom)
2023-09-29 12:51:28,578 [b431013d-a75d-44b2-a41a-a2e98e506a92@group-8A617CCA13DF-LeaderElection14] INFO  grpc.GrpcConfigKeys (ConfUtils.java:logGet(46)) - raft.grpc.server.heartbeat.channel = true (default)
2023-09-29 12:51:28,578 [grpc-default-executor-2] INFO  server.RaftServer$Division (RaftServerImpl.java:requestVote(1335)) - 4dfacd3a-85e6-4f60-aa9f-15a17a1c954a@group-8A617CCA13DF replies to ELECTION vote request: b431013d-a75d-44b2-a41a-a2e98e506a92<-4dfacd3a-85e6-4f60-aa9f-15a17a1c954a#0:OK-t1. Peer's state: 4dfacd3a-85e6-4f60-aa9f-15a17a1c954a@group-8A617CCA13DF:t1, leader=null, voted=b431013d-a75d-44b2-a41a-a2e98e506a92, raftlog=Memoized:4dfacd3a-85e6-4f60-aa9f-15a17a1c954a@group-8A617CCA13DF-SegmentedRaftLog:OPENED:c-1, conf=-1: peers:[b431013d-a75d-44b2-a41a-a2e98e506a92|rpc:10.1.0.70:15068|admin:10.1.0.70:15067|client:10.1.0.70:15066|dataStream:10.1.0.70:15069|priority:1|startupRole:FOLLOWER, 9fc007ee-6328-4e66-a7f4-dfd370a25fec|rpc:10.1.0.70:15077|admin:10.1.0.70:15076|client:10.1.0.70:15075|dataStream:10.1.0.70:15078|priority:0|startupRole:FOLLOWER, 4dfacd3a-85e6-4f60-aa9f-15a17a1c954a|rpc:10.1.0.70:15086|admin:10.1.0.70:15085|client:10.1.0.70:15084|dataStream:10.1.0.70:15087|priority:0|startupRole:FOLLOWER]|listeners:[], old=null
2023-09-29 12:51:28,579 [EventQueue-PipelineReportForPipelineReportHandler] INFO  pipeline.PipelineReportHandler (PipelineReportHandler.java:processPipelineReport(136)) - Opened pipeline PipelineID=b5d7346f-7812-4e83-9273-8a617cca13df
2023-09-29 12:51:28,588 [b431013d-a75d-44b2-a41a-a2e98e506a92@group-8A617CCA13DF-LeaderElection14] INFO  server.RaftServerConfigKeys (ConfUtils.java:logGet(46)) - raft.server.log.appender.snapshot.chunk.size.max = 16MB (=16777216) (default)
2023-09-29 12:51:28,588 [b431013d-a75d-44b2-a41a-a2e98e506a92@group-8A617CCA13DF-LeaderElection14] INFO  server.RaftServerConfigKeys (ConfUtils.java:logGet(46)) - raft.server.log.appender.buffer.byte-limit = 33554432 (custom)
2023-09-29 12:51:28,588 [b431013d-a75d-44b2-a41a-a2e98e506a92@group-8A617CCA13DF-LeaderElection14] INFO  server.RaftServerConfigKeys (ConfUtils.java:logGet(46)) - raft.server.log.appender.buffer.element-limit = 1 (custom)
2023-09-29 12:51:28,588 [b431013d-a75d-44b2-a41a-a2e98e506a92@group-8A617CCA13DF-LeaderElection14] INFO  server.RaftServerConfigKeys (ConfUtils.java:logGet(46)) - raft.server.log.appender.wait-time.min = 10ms (default)
2023-09-29 12:51:28,589 [b431013d-a75d-44b2-a41a-a2e98e506a92@group-8A617CCA13DF-LeaderElection14] INFO  grpc.GrpcConfigKeys (ConfUtils.java:logGet(46)) - raft.grpc.server.leader.outstanding.appends.max = 128 (default)
2023-09-29 12:51:28,589 [b431013d-a75d-44b2-a41a-a2e98e506a92@group-8A617CCA13DF-LeaderElection14] INFO  server.RaftServerConfigKeys (ConfUtils.java:logGet(46)) - raft.server.rpc.request.timeout = 60s (custom)
2023-09-29 12:51:28,589 [b431013d-a75d-44b2-a41a-a2e98e506a92@group-8A617CCA13DF-LeaderElection14] INFO  grpc.GrpcConfigKeys (ConfUtils.java:logGet(46)) - raft.grpc.server.install_snapshot.request.element-limit = 8 (default)
2023-09-29 12:51:28,589 [b431013d-a75d-44b2-a41a-a2e98e506a92@group-8A617CCA13DF-LeaderElection14] INFO  grpc.GrpcConfigKeys (ConfUtils.java:logGet(46)) - raft.grpc.server.install_snapshot.request.timeout = 3000ms (default)
2023-09-29 12:51:28,589 [b431013d-a75d-44b2-a41a-a2e98e506a92@group-8A617CCA13DF-LeaderElection14] INFO  server.RaftServerConfigKeys (ConfUtils.java:logGet(46)) - raft.server.log.appender.install.snapshot.enabled = false (custom)
2023-09-29 12:51:28,589 [b431013d-a75d-44b2-a41a-a2e98e506a92@group-8A617CCA13DF-LeaderElection14] INFO  grpc.GrpcConfigKeys (ConfUtils.java:logGet(46)) - raft.grpc.server.heartbeat.channel = true (default)
2023-09-29 12:51:28,589 [b431013d-a75d-44b2-a41a-a2e98e506a92@group-8A617CCA13DF-LeaderElection14] INFO  impl.RoleInfo (RoleInfo.java:updateAndGet(139)) - b431013d-a75d-44b2-a41a-a2e98e506a92: start b431013d-a75d-44b2-a41a-a2e98e506a92@group-8A617CCA13DF-LeaderStateImpl
2023-09-29 12:51:28,589 [b431013d-a75d-44b2-a41a-a2e98e506a92@group-8A617CCA13DF-LeaderElection14] INFO  segmented.SegmentedRaftLogWorker (SegmentedRaftLogWorker.java:startLogSegment(447)) - b431013d-a75d-44b2-a41a-a2e98e506a92@group-8A617CCA13DF-SegmentedRaftLogWorker: Starting segment from index:0
2023-09-29 12:51:28,598 [b431013d-a75d-44b2-a41a-a2e98e506a92@group-8A617CCA13DF-SegmentedRaftLogWorker] INFO  segmented.SegmentedRaftLogWorker (SegmentedRaftLogWorker.java:execute(651)) - b431013d-a75d-44b2-a41a-a2e98e506a92@group-8A617CCA13DF-SegmentedRaftLogWorker: created new log segment /home/runner/work/ozone/ozone/hadoop-ozone/integration-test/target/test-dir/MiniOzoneClusterImpl-811b16cb-c214-4c75-bdb2-1b437bba6cdf/datanode-6/data/ratis/b5d7346f-7812-4e83-9273-8a617cca13df/current/log_inprogress_0
2023-09-29 12:51:28,598 [b431013d-a75d-44b2-a41a-a2e98e506a92@group-8A617CCA13DF-LeaderElection14] INFO  server.RaftServer$Division (ServerState.java:setRaftConf(434)) - b431013d-a75d-44b2-a41a-a2e98e506a92@group-8A617CCA13DF: set configuration 0: peers:[b431013d-a75d-44b2-a41a-a2e98e506a92|rpc:10.1.0.70:15068|admin:10.1.0.70:15067|client:10.1.0.70:15066|dataStream:10.1.0.70:15069|priority:1|startupRole:FOLLOWER, 9fc007ee-6328-4e66-a7f4-dfd370a25fec|rpc:10.1.0.70:15077|admin:10.1.0.70:15076|client:10.1.0.70:15075|dataStream:10.1.0.70:15078|priority:0|startupRole:FOLLOWER, 4dfacd3a-85e6-4f60-aa9f-15a17a1c954a|rpc:10.1.0.70:15086|admin:10.1.0.70:15085|client:10.1.0.70:15084|dataStream:10.1.0.70:15087|priority:0|startupRole:FOLLOWER]|listeners:[], old=null
2023-09-29 12:51:28,617 [4dfacd3a-85e6-4f60-aa9f-15a17a1c954a-server-thread1] INFO  ratis.XceiverServerRatis (XceiverServerRatis.java:handleLeaderChangedNotification(902)) - Leader change notification received for group: group-8A617CCA13DF with new leaderId: b431013d-a75d-44b2-a41a-a2e98e506a92
2023-09-29 12:51:28,617 [4dfacd3a-85e6-4f60-aa9f-15a17a1c954a-server-thread1] INFO  server.RaftServer$Division (ServerState.java:setLeader(317)) - 4dfacd3a-85e6-4f60-aa9f-15a17a1c954a@group-8A617CCA13DF: change Leader from null to b431013d-a75d-44b2-a41a-a2e98e506a92 at term 1 for appendEntries, leader elected after 5220ms
2023-09-29 12:51:28,618 [4dfacd3a-85e6-4f60-aa9f-15a17a1c954a-server-thread1] INFO  server.RaftServer$Division (ServerState.java:setRaftConf(434)) - 4dfacd3a-85e6-4f60-aa9f-15a17a1c954a@group-8A617CCA13DF: set configuration 0: peers:[b431013d-a75d-44b2-a41a-a2e98e506a92|rpc:10.1.0.70:15068|admin:10.1.0.70:15067|client:10.1.0.70:15066|dataStream:10.1.0.70:15069|priority:1|startupRole:FOLLOWER, 9fc007ee-6328-4e66-a7f4-dfd370a25fec|rpc:10.1.0.70:15077|admin:10.1.0.70:15076|client:10.1.0.70:15075|dataStream:10.1.0.70:15078|priority:0|startupRole:FOLLOWER, 4dfacd3a-85e6-4f60-aa9f-15a17a1c954a|rpc:10.1.0.70:15086|admin:10.1.0.70:15085|client:10.1.0.70:15084|dataStream:10.1.0.70:15087|priority:0|startupRole:FOLLOWER]|listeners:[], old=null
2023-09-29 12:51:28,618 [4dfacd3a-85e6-4f60-aa9f-15a17a1c954a-server-thread1] INFO  segmented.SegmentedRaftLogWorker (SegmentedRaftLogWorker.java:startLogSegment(447)) - 4dfacd3a-85e6-4f60-aa9f-15a17a1c954a@group-8A617CCA13DF-SegmentedRaftLogWorker: Starting segment from index:0
2023-09-29 12:51:28,621 [9fc007ee-6328-4e66-a7f4-dfd370a25fec-server-thread2] INFO  ratis.XceiverServerRatis (XceiverServerRatis.java:handleLeaderChangedNotification(902)) - Leader change notification received for group: group-8A617CCA13DF with new leaderId: b431013d-a75d-44b2-a41a-a2e98e506a92
2023-09-29 12:51:28,621 [9fc007ee-6328-4e66-a7f4-dfd370a25fec-server-thread2] INFO  server.RaftServer$Division (ServerState.java:setLeader(317)) - 9fc007ee-6328-4e66-a7f4-dfd370a25fec@group-8A617CCA13DF: change Leader from null to b431013d-a75d-44b2-a41a-a2e98e506a92 at term 1 for appendEntries, leader elected after 5159ms
2023-09-29 12:51:28,621 [9fc007ee-6328-4e66-a7f4-dfd370a25fec-server-thread1] INFO  server.RaftServer$Division (ServerState.java:setRaftConf(434)) - 9fc007ee-6328-4e66-a7f4-dfd370a25fec@group-8A617CCA13DF: set configuration 0: peers:[b431013d-a75d-44b2-a41a-a2e98e506a92|rpc:10.1.0.70:15068|admin:10.1.0.70:15067|client:10.1.0.70:15066|dataStream:10.1.0.70:15069|priority:1|startupRole:FOLLOWER, 9fc007ee-6328-4e66-a7f4-dfd370a25fec|rpc:10.1.0.70:15077|admin:10.1.0.70:15076|client:10.1.0.70:15075|dataStream:10.1.0.70:15078|priority:0|startupRole:FOLLOWER, 4dfacd3a-85e6-4f60-aa9f-15a17a1c954a|rpc:10.1.0.70:15086|admin:10.1.0.70:15085|client:10.1.0.70:15084|dataStream:10.1.0.70:15087|priority:0|startupRole:FOLLOWER]|listeners:[], old=null
2023-09-29 12:51:28,621 [9fc007ee-6328-4e66-a7f4-dfd370a25fec-server-thread1] INFO  segmented.SegmentedRaftLogWorker (SegmentedRaftLogWorker.java:startLogSegment(447)) - 9fc007ee-6328-4e66-a7f4-dfd370a25fec@group-8A617CCA13DF-SegmentedRaftLogWorker: Starting segment from index:0
2023-09-29 12:51:28,627 [9fc007ee-6328-4e66-a7f4-dfd370a25fec@group-8A617CCA13DF-SegmentedRaftLogWorker] INFO  segmented.SegmentedRaftLogWorker (SegmentedRaftLogWorker.java:execute(651)) - 9fc007ee-6328-4e66-a7f4-dfd370a25fec@group-8A617CCA13DF-SegmentedRaftLogWorker: created new log segment /home/runner/work/ozone/ozone/hadoop-ozone/integration-test/target/test-dir/MiniOzoneClusterImpl-811b16cb-c214-4c75-bdb2-1b437bba6cdf/datanode-7/data/ratis/b5d7346f-7812-4e83-9273-8a617cca13df/current/log_inprogress_0
2023-09-29 12:51:28,628 [4dfacd3a-85e6-4f60-aa9f-15a17a1c954a@group-8A617CCA13DF-SegmentedRaftLogWorker] INFO  segmented.SegmentedRaftLogWorker (SegmentedRaftLogWorker.java:execute(651)) - 4dfacd3a-85e6-4f60-aa9f-15a17a1c954a@group-8A617CCA13DF-SegmentedRaftLogWorker: created new log segment /home/runner/work/ozone/ozone/hadoop-ozone/integration-test/target/test-dir/MiniOzoneClusterImpl-811b16cb-c214-4c75-bdb2-1b437bba6cdf/datanode-8/data/ratis/b5d7346f-7812-4e83-9273-8a617cca13df/current/log_inprogress_0
2023-09-29 12:51:28,709 [qtp1873189623-15] ERROR generators.WadlGeneratorJAXBGrammarGenerator (WadlGeneratorJAXBGrammarGenerator.java:buildModelAndSchemas(207)) - Failed to generate the schema for the JAX-B elements
com.sun.xml.bind.v2.runtime.IllegalAnnotationsException: 1 counts of IllegalAnnotationExceptions
java.util.Map is an interface, and JAXB can't handle interfaces.
	this problem is related to the following location:
		at java.util.Map

	at com.sun.xml.bind.v2.runtime.IllegalAnnotationsException$Builder.check(IllegalAnnotationsException.java:106)
	at com.sun.xml.bind.v2.runtime.JAXBContextImpl.getTypeInfoSet(JAXBContextImpl.java:471)
	at com.sun.xml.bind.v2.runtime.JAXBContextImpl.<init>(JAXBContextImpl.java:303)
	at com.sun.xml.bind.v2.runtime.JAXBContextImpl.<init>(JAXBContextImpl.java:139)
	at com.sun.xml.bind.v2.runtime.JAXBContextImpl$JAXBContextBuilder.build(JAXBContextImpl.java:1156)
	at com.sun.xml.bind.v2.ContextFactory.createContext(ContextFactory.java:165)
	at sun.reflect.NativeMethodAccessorImpl.invoke0(Native Method)
	at sun.reflect.NativeMethodAccessorImpl.invoke(NativeMethodAccessorImpl.java:62)
	at sun.reflect.DelegatingMethodAccessorImpl.invoke(DelegatingMethodAccessorImpl.java:43)
	at java.lang.reflect.Method.invoke(Method.java:498)
	at javax.xml.bind.ContextFinder.newInstance(ContextFinder.java:247)
	at javax.xml.bind.ContextFinder.newInstance(ContextFinder.java:234)
	at javax.xml.bind.ContextFinder.find(ContextFinder.java:441)
	at javax.xml.bind.JAXBContext.newInstance(JAXBContext.java:641)
	at javax.xml.bind.JAXBContext.newInstance(JAXBContext.java:584)
	at com.sun.jersey.server.wadl.generators.WadlGeneratorJAXBGrammarGenerator.buildModelAndSchemas(WadlGeneratorJAXBGrammarGenerator.java:169)
	at com.sun.jersey.server.wadl.generators.AbstractWadlGeneratorGrammarGenerator.createExternalGrammar(AbstractWadlGeneratorGrammarGenerator.java:405)
	at com.sun.jersey.server.wadl.WadlBuilder.generate(WadlBuilder.java:149)
	at com.sun.jersey.server.impl.wadl.WadlApplicationContextImpl.getApplication(WadlApplicationContextImpl.java:119)
	at com.sun.jersey.server.impl.wadl.WadlApplicationContextImpl.getApplication(WadlApplicationContextImpl.java:138)
	at com.sun.jersey.server.impl.wadl.WadlMethodFactory$WadlOptionsMethodDispatcher.dispatch(WadlMethodFactory.java:110)
	at com.sun.jersey.server.impl.uri.rules.HttpMethodRule.accept(HttpMethodRule.java:302)
	at com.sun.jersey.server.impl.uri.rules.RightHandPathRule.accept(RightHandPathRule.java:147)
	at com.sun.jersey.server.impl.uri.rules.ResourceClassRule.accept(ResourceClassRule.java:108)
	at com.sun.jersey.server.impl.uri.rules.RightHandPathRule.accept(RightHandPathRule.java:147)
	at com.sun.jersey.server.impl.uri.rules.RootResourceClassesRule.accept(RootResourceClassesRule.java:84)
	at com.sun.jersey.server.impl.application.WebApplicationImpl._handleRequest(WebApplicationImpl.java:1542)
	at com.sun.jersey.server.impl.application.WebApplicationImpl._handleRequest(WebApplicationImpl.java:1473)
	at com.sun.jersey.server.impl.application.WebApplicationImpl.handleRequest(WebApplicationImpl.java:1419)
	at com.sun.jersey.server.impl.application.WebApplicationImpl.handleRequest(WebApplicationImpl.java:1409)
	at com.sun.jersey.spi.container.servlet.WebComponent.service(WebComponent.java:409)
	at com.sun.jersey.spi.container.servlet.ServletContainer.service(ServletContainer.java:558)
	at com.sun.jersey.spi.container.servlet.ServletContainer.service(ServletContainer.java:733)
	at javax.servlet.http.HttpServlet.service(HttpServlet.java:590)
	at org.eclipse.jetty.servlet.ServletHolder$NotAsync.service(ServletHolder.java:1459)
	at org.eclipse.jetty.servlet.ServletHolder.handle(ServletHolder.java:799)
	at org.eclipse.jetty.servlet.ServletHandler$ChainEnd.doFilter(ServletHandler.java:1656)
	at org.apache.hadoop.crypto.key.kms.server.KMSMDCFilter.doFilter(KMSMDCFilter.java:98)
	at org.eclipse.jetty.servlet.FilterHolder.doFilter(FilterHolder.java:193)
	at org.eclipse.jetty.servlet.ServletHandler$Chain.doFilter(ServletHandler.java:1626)
	at org.apache.hadoop.security.authentication.server.AuthenticationFilter.doFilter(AuthenticationFilter.java:650)
	at org.apache.hadoop.security.token.delegation.web.DelegationTokenAuthenticationFilter.doFilter(DelegationTokenAuthenticationFilter.java:305)
	at org.apache.hadoop.security.authentication.server.AuthenticationFilter.doFilter(AuthenticationFilter.java:592)
	at org.apache.hadoop.crypto.key.kms.server.KMSAuthenticationFilter.doFilter(KMSAuthenticationFilter.java:162)
	at org.eclipse.jetty.servlet.FilterHolder.doFilter(FilterHolder.java:201)
	at org.eclipse.jetty.servlet.ServletHandler$Chain.doFilter(ServletHandler.java:1626)
	at org.apache.hadoop.http.lib.StaticUserWebFilter$StaticUserFilter.doFilter(StaticUserWebFilter.java:110)
	at org.eclipse.jetty.servlet.FilterHolder.doFilter(FilterHolder.java:193)
	at org.eclipse.jetty.servlet.ServletHandler$Chain.doFilter(ServletHandler.java:1626)
	at org.apache.hadoop.http.HttpServer2$QuotingInputFilter.doFilter(HttpServer2.java:1794)
	at org.eclipse.jetty.servlet.FilterHolder.doFilter(FilterHolder.java:193)
	at org.eclipse.jetty.servlet.ServletHandler$Chain.doFilter(ServletHandler.java:1626)
	at org.apache.hadoop.http.NoCacheFilter.doFilter(NoCacheFilter.java:45)
	at org.eclipse.jetty.servlet.FilterHolder.doFilter(FilterHolder.java:193)
	at org.eclipse.jetty.servlet.ServletHandler$Chain.doFilter(ServletHandler.java:1626)
	at org.eclipse.jetty.servlet.ServletHandler.doHandle(ServletHandler.java:552)
	at org.eclipse.jetty.server.handler.ScopedHandler.handle(ScopedHandler.java:143)
	at org.eclipse.jetty.security.SecurityHandler.handle(SecurityHandler.java:600)
	at org.eclipse.jetty.server.handler.HandlerWrapper.handle(HandlerWrapper.java:127)
	at org.eclipse.jetty.server.handler.ScopedHandler.nextHandle(ScopedHandler.java:235)
	at org.eclipse.jetty.server.session.SessionHandler.doHandle(SessionHandler.java:1624)
	at org.eclipse.jetty.server.handler.ScopedHandler.nextHandle(ScopedHandler.java:233)
	at org.eclipse.jetty.server.handler.ContextHandler.doHandle(ContextHandler.java:1440)
	at org.eclipse.jetty.server.handler.ScopedHandler.nextScope(ScopedHandler.java:188)
	at org.eclipse.jetty.servlet.ServletHandler.doScope(ServletHandler.java:505)
	at org.eclipse.jetty.server.session.SessionHandler.doScope(SessionHandler.java:1594)
	at org.eclipse.jetty.server.handler.ScopedHandler.nextScope(ScopedHandler.java:186)
	at org.eclipse.jetty.server.handler.ContextHandler.doScope(ContextHandler.java:1355)
	at org.eclipse.jetty.server.handler.ScopedHandler.handle(ScopedHandler.java:141)
	at org.eclipse.jetty.server.handler.HandlerCollection.handle(HandlerCollection.java:146)
	at org.eclipse.jetty.server.handler.HandlerWrapper.handle(HandlerWrapper.java:127)
	at org.eclipse.jetty.server.Server.handle(Server.java:512)
	at org.eclipse.jetty.server.HttpChannel.lambda$handle$1(HttpChannel.java:487)
	at org.eclipse.jetty.server.HttpChannel.dispatch(HttpChannel.java:732)
	at org.eclipse.jetty.server.HttpChannel.handle(HttpChannel.java:479)
	at org.eclipse.jetty.server.HttpConnection.onFillable(HttpConnection.java:277)
	at org.eclipse.jetty.io.AbstractConnection$ReadCallback.succeeded(AbstractConnection.java:311)
	at org.eclipse.jetty.io.FillInterest.fillable(FillInterest.java:105)
	at org.eclipse.jetty.io.ChannelEndPoint$1.run(ChannelEndPoint.java:104)
	at org.eclipse.jetty.util.thread.strategy.EatWhatYouKill.runTask(EatWhatYouKill.java:338)
	at org.eclipse.jetty.util.thread.strategy.EatWhatYouKill.doProduce(EatWhatYouKill.java:315)
	at org.eclipse.jetty.util.thread.strategy.EatWhatYouKill.tryProduce(EatWhatYouKill.java:173)
	at org.eclipse.jetty.util.thread.strategy.EatWhatYouKill.produce(EatWhatYouKill.java:137)
	at org.eclipse.jetty.util.thread.QueuedThreadPool.runJob(QueuedThreadPool.java:883)
	at org.eclipse.jetty.util.thread.QueuedThreadPool$Runner.run(QueuedThreadPool.java:1034)
	at java.lang.Thread.run(Thread.java:750)
2023-09-29 12:51:28,717 [qtp1873189623-15] INFO  generators.AbstractWadlGeneratorGrammarGenerator (AbstractWadlGeneratorGrammarGenerator.java:attachTypes(479)) - Couldn't find grammar element for class java.util.Map
2023-09-29 12:51:28,717 [qtp1873189623-15] INFO  generators.AbstractWadlGeneratorGrammarGenerator (AbstractWadlGeneratorGrammarGenerator.java:attachTypes(479)) - Couldn't find grammar element for class javax.ws.rs.core.Response
2023-09-29 12:51:28,718 [qtp1873189623-15] INFO  generators.AbstractWadlGeneratorGrammarGenerator (AbstractWadlGeneratorGrammarGenerator.java:attachTypes(479)) - Couldn't find grammar element for class java.util.Map
2023-09-29 12:51:28,718 [qtp1873189623-15] INFO  generators.AbstractWadlGeneratorGrammarGenerator (AbstractWadlGeneratorGrammarGenerator.java:attachTypes(479)) - Couldn't find grammar element for class javax.ws.rs.core.Response
2023-09-29 12:51:28,718 [qtp1873189623-15] INFO  generators.AbstractWadlGeneratorGrammarGenerator (AbstractWadlGeneratorGrammarGenerator.java:attachTypes(479)) - Couldn't find grammar element for class java.util.Map
2023-09-29 12:51:28,718 [qtp1873189623-15] INFO  generators.AbstractWadlGeneratorGrammarGenerator (AbstractWadlGeneratorGrammarGenerator.java:attachTypes(479)) - Couldn't find grammar element for class java.util.Map
2023-09-29 12:51:28,718 [qtp1873189623-15] INFO  generators.AbstractWadlGeneratorGrammarGenerator (AbstractWadlGeneratorGrammarGenerator.java:attachTypes(479)) - Couldn't find grammar element for class javax.ws.rs.core.Response
2023-09-29 12:51:28,719 [qtp1873189623-15] INFO  generators.AbstractWadlGeneratorGrammarGenerator (AbstractWadlGeneratorGrammarGenerator.java:attachTypes(479)) - Couldn't find grammar element for class java.util.Map
2023-09-29 12:51:28,992 [9fc007ee-6328-4e66-a7f4-dfd370a25fec@group-D1A0B4F7E96E-FollowerState] INFO  impl.FollowerState (FollowerState.java:run(143)) - 9fc007ee-6328-4e66-a7f4-dfd370a25fec@group-D1A0B4F7E96E-FollowerState: change to CANDIDATE, lastRpcElapsedTime:5054959289ns, electionTimeout:5053ms
2023-09-29 12:51:28,992 [9fc007ee-6328-4e66-a7f4-dfd370a25fec@group-D1A0B4F7E96E-FollowerState] INFO  impl.RoleInfo (RoleInfo.java:shutdownFollowerState(110)) - 9fc007ee-6328-4e66-a7f4-dfd370a25fec: shutdown 9fc007ee-6328-4e66-a7f4-dfd370a25fec@group-D1A0B4F7E96E-FollowerState
2023-09-29 12:51:28,993 [9fc007ee-6328-4e66-a7f4-dfd370a25fec@group-D1A0B4F7E96E-FollowerState] INFO  server.RaftServer$Division (RaftServerImpl.java:setRole(329)) - 9fc007ee-6328-4e66-a7f4-dfd370a25fec@group-D1A0B4F7E96E: changes role from  FOLLOWER to CANDIDATE at term 0 for changeToCandidate
2023-09-29 12:51:28,993 [9fc007ee-6328-4e66-a7f4-dfd370a25fec@group-D1A0B4F7E96E-FollowerState] INFO  server.RaftServerConfigKeys (ConfUtils.java:logGet(46)) - raft.server.leaderelection.pre-vote = true (default)
2023-09-29 12:51:28,993 [9fc007ee-6328-4e66-a7f4-dfd370a25fec@group-D1A0B4F7E96E-FollowerState] INFO  impl.RoleInfo (RoleInfo.java:updateAndGet(139)) - 9fc007ee-6328-4e66-a7f4-dfd370a25fec: start 9fc007ee-6328-4e66-a7f4-dfd370a25fec@group-D1A0B4F7E96E-LeaderElection16
2023-09-29 12:51:28,996 [9fc007ee-6328-4e66-a7f4-dfd370a25fec@group-D1A0B4F7E96E-LeaderElection16] INFO  impl.LeaderElection (LeaderElection.java:askForVotes(321)) - 9fc007ee-6328-4e66-a7f4-dfd370a25fec@group-D1A0B4F7E96E-LeaderElection16 PRE_VOTE round 0: submit vote requests at term 0 for -1: peers:[9fc007ee-6328-4e66-a7f4-dfd370a25fec|rpc:10.1.0.70:15077|admin:10.1.0.70:15076|client:10.1.0.70:15075|dataStream:10.1.0.70:15078|priority:1|startupRole:FOLLOWER]|listeners:[], old=null
2023-09-29 12:51:28,996 [9fc007ee-6328-4e66-a7f4-dfd370a25fec@group-D1A0B4F7E96E-LeaderElection16] INFO  impl.LeaderElection (LeaderElection.java:askForVotes(323)) - 9fc007ee-6328-4e66-a7f4-dfd370a25fec@group-D1A0B4F7E96E-LeaderElection16 PRE_VOTE round 0: result PASSED (term=0)
2023-09-29 12:51:28,998 [9fc007ee-6328-4e66-a7f4-dfd370a25fec@group-D1A0B4F7E96E-LeaderElection16] INFO  impl.LeaderElection (LeaderElection.java:askForVotes(321)) - 9fc007ee-6328-4e66-a7f4-dfd370a25fec@group-D1A0B4F7E96E-LeaderElection16 ELECTION round 0: submit vote requests at term 1 for -1: peers:[9fc007ee-6328-4e66-a7f4-dfd370a25fec|rpc:10.1.0.70:15077|admin:10.1.0.70:15076|client:10.1.0.70:15075|dataStream:10.1.0.70:15078|priority:1|startupRole:FOLLOWER]|listeners:[], old=null
2023-09-29 12:51:28,998 [9fc007ee-6328-4e66-a7f4-dfd370a25fec@group-D1A0B4F7E96E-LeaderElection16] INFO  impl.LeaderElection (LeaderElection.java:askForVotes(323)) - 9fc007ee-6328-4e66-a7f4-dfd370a25fec@group-D1A0B4F7E96E-LeaderElection16 ELECTION round 0: result PASSED (term=1)
2023-09-29 12:51:28,998 [9fc007ee-6328-4e66-a7f4-dfd370a25fec@group-D1A0B4F7E96E-LeaderElection16] INFO  impl.RoleInfo (RoleInfo.java:shutdownLeaderElection(130)) - 9fc007ee-6328-4e66-a7f4-dfd370a25fec: shutdown 9fc007ee-6328-4e66-a7f4-dfd370a25fec@group-D1A0B4F7E96E-LeaderElection16
2023-09-29 12:51:28,998 [9fc007ee-6328-4e66-a7f4-dfd370a25fec@group-D1A0B4F7E96E-LeaderElection16] INFO  server.RaftServer$Division (RaftServerImpl.java:setRole(329)) - 9fc007ee-6328-4e66-a7f4-dfd370a25fec@group-D1A0B4F7E96E: changes role from CANDIDATE to LEADER at term 1 for changeToLeader
2023-09-29 12:51:28,998 [9fc007ee-6328-4e66-a7f4-dfd370a25fec@group-D1A0B4F7E96E-LeaderElection16] INFO  ratis.XceiverServerRatis (XceiverServerRatis.java:handleLeaderChangedNotification(902)) - Leader change notification received for group: group-D1A0B4F7E96E with new leaderId: 9fc007ee-6328-4e66-a7f4-dfd370a25fec
2023-09-29 12:51:28,998 [9fc007ee-6328-4e66-a7f4-dfd370a25fec@group-D1A0B4F7E96E-LeaderElection16] INFO  server.RaftServer$Division (ServerState.java:setLeader(317)) - 9fc007ee-6328-4e66-a7f4-dfd370a25fec@group-D1A0B4F7E96E: change Leader from null to 9fc007ee-6328-4e66-a7f4-dfd370a25fec at term 1 for becomeLeader, leader elected after 5088ms
2023-09-29 12:51:28,998 [9fc007ee-6328-4e66-a7f4-dfd370a25fec@group-D1A0B4F7E96E-LeaderElection16] INFO  server.RaftServerConfigKeys (ConfUtils.java:logGet(46)) - raft.server.staging.catchup.gap = 1000 (default)
2023-09-29 12:51:29,002 [9fc007ee-6328-4e66-a7f4-dfd370a25fec@group-D1A0B4F7E96E-LeaderElection16] INFO  server.RaftServerConfigKeys (ConfUtils.java:logGet(46)) - raft.server.write.element-limit = 1024 (custom)
2023-09-29 12:51:29,003 [9fc007ee-6328-4e66-a7f4-dfd370a25fec@group-D1A0B4F7E96E-LeaderElection16] INFO  server.RaftServerConfigKeys (ConfUtils.java:logGet(46)) - raft.server.write.byte-limit = 1024 M (=1073741824) (custom)
2023-09-29 12:51:29,003 [9fc007ee-6328-4e66-a7f4-dfd370a25fec@group-D1A0B4F7E96E-LeaderElection16] INFO  server.RaftServerConfigKeys (ConfUtils.java:logGet(46)) - raft.server.watch.timeout = 180s (custom)
2023-09-29 12:51:29,003 [9fc007ee-6328-4e66-a7f4-dfd370a25fec@group-D1A0B4F7E96E-LeaderElection16] INFO  server.RaftServerConfigKeys (ConfUtils.java:logGet(46)) - raft.server.watch.timeout.denomination = 1s (default)
2023-09-29 12:51:29,004 [9fc007ee-6328-4e66-a7f4-dfd370a25fec@group-D1A0B4F7E96E-LeaderElection16] INFO  server.RaftServerConfigKeys (ConfUtils.java:logGet(46)) - raft.server.watch.element-limit = 65536 (default)
2023-09-29 12:51:29,004 [9fc007ee-6328-4e66-a7f4-dfd370a25fec@group-D1A0B4F7E96E-LeaderElection16] INFO  server.RaftServerConfigKeys (ConfUtils.java:logGet(46)) - raft.server.write.element-limit = 1024 (custom)
2023-09-29 12:51:29,004 [9fc007ee-6328-4e66-a7f4-dfd370a25fec@group-D1A0B4F7E96E-LeaderElection16] INFO  server.RaftServerConfigKeys (ConfUtils.java:logGet(46)) - raft.server.write.follower.gap.ratio.max = -1.0 (default)
2023-09-29 12:51:29,004 [9fc007ee-6328-4e66-a7f4-dfd370a25fec@group-D1A0B4F7E96E-LeaderElection16] INFO  impl.RoleInfo (RoleInfo.java:updateAndGet(139)) - 9fc007ee-6328-4e66-a7f4-dfd370a25fec: start 9fc007ee-6328-4e66-a7f4-dfd370a25fec@group-D1A0B4F7E96E-LeaderStateImpl
2023-09-29 12:51:29,005 [9fc007ee-6328-4e66-a7f4-dfd370a25fec@group-D1A0B4F7E96E-LeaderElection16] INFO  segmented.SegmentedRaftLogWorker (SegmentedRaftLogWorker.java:startLogSegment(447)) - 9fc007ee-6328-4e66-a7f4-dfd370a25fec@group-D1A0B4F7E96E-SegmentedRaftLogWorker: Starting segment from index:0
2023-09-29 12:51:29,006 [9fc007ee-6328-4e66-a7f4-dfd370a25fec@group-D1A0B4F7E96E-LeaderElection16] INFO  server.RaftServer$Division (ServerState.java:setRaftConf(434)) - 9fc007ee-6328-4e66-a7f4-dfd370a25fec@group-D1A0B4F7E96E: set configuration 0: peers:[9fc007ee-6328-4e66-a7f4-dfd370a25fec|rpc:10.1.0.70:15077|admin:10.1.0.70:15076|client:10.1.0.70:15075|dataStream:10.1.0.70:15078|priority:1|startupRole:FOLLOWER]|listeners:[], old=null
2023-09-29 12:51:29,007 [9fc007ee-6328-4e66-a7f4-dfd370a25fec@group-D1A0B4F7E96E-SegmentedRaftLogWorker] INFO  segmented.SegmentedRaftLogWorker (SegmentedRaftLogWorker.java:execute(651)) - 9fc007ee-6328-4e66-a7f4-dfd370a25fec@group-D1A0B4F7E96E-SegmentedRaftLogWorker: created new log segment /home/runner/work/ozone/ozone/hadoop-ozone/integration-test/target/test-dir/MiniOzoneClusterImpl-811b16cb-c214-4c75-bdb2-1b437bba6cdf/datanode-7/data/ratis/9e39b8f2-dd05-49f1-bf9a-d1a0b4f7e96e/current/log_inprogress_0
2023-09-29 12:51:29,121 [b431013d-a75d-44b2-a41a-a2e98e506a92@group-95B153CB0731-FollowerState] INFO  impl.FollowerState (FollowerState.java:run(143)) - b431013d-a75d-44b2-a41a-a2e98e506a92@group-95B153CB0731-FollowerState: change to CANDIDATE, lastRpcElapsedTime:5144583965ns, electionTimeout:5141ms
2023-09-29 12:51:29,122 [b431013d-a75d-44b2-a41a-a2e98e506a92@group-95B153CB0731-FollowerState] INFO  impl.RoleInfo (RoleInfo.java:shutdownFollowerState(110)) - b431013d-a75d-44b2-a41a-a2e98e506a92: shutdown b431013d-a75d-44b2-a41a-a2e98e506a92@group-95B153CB0731-FollowerState
2023-09-29 12:51:29,122 [b431013d-a75d-44b2-a41a-a2e98e506a92@group-95B153CB0731-FollowerState] INFO  server.RaftServer$Division (RaftServerImpl.java:setRole(329)) - b431013d-a75d-44b2-a41a-a2e98e506a92@group-95B153CB0731: changes role from  FOLLOWER to CANDIDATE at term 0 for changeToCandidate
2023-09-29 12:51:29,122 [b431013d-a75d-44b2-a41a-a2e98e506a92@group-95B153CB0731-FollowerState] INFO  server.RaftServerConfigKeys (ConfUtils.java:logGet(46)) - raft.server.leaderelection.pre-vote = true (default)
2023-09-29 12:51:29,122 [b431013d-a75d-44b2-a41a-a2e98e506a92@group-95B153CB0731-FollowerState] INFO  impl.RoleInfo (RoleInfo.java:updateAndGet(139)) - b431013d-a75d-44b2-a41a-a2e98e506a92: start b431013d-a75d-44b2-a41a-a2e98e506a92@group-95B153CB0731-LeaderElection17
2023-09-29 12:51:29,125 [b431013d-a75d-44b2-a41a-a2e98e506a92@group-95B153CB0731-LeaderElection17] INFO  impl.LeaderElection (LeaderElection.java:askForVotes(321)) - b431013d-a75d-44b2-a41a-a2e98e506a92@group-95B153CB0731-LeaderElection17 PRE_VOTE round 0: submit vote requests at term 0 for -1: peers:[b431013d-a75d-44b2-a41a-a2e98e506a92|rpc:10.1.0.70:15068|admin:10.1.0.70:15067|client:10.1.0.70:15066|dataStream:10.1.0.70:15069|priority:0|startupRole:FOLLOWER, 9fc007ee-6328-4e66-a7f4-dfd370a25fec|rpc:10.1.0.70:15077|admin:10.1.0.70:15076|client:10.1.0.70:15075|dataStream:10.1.0.70:15078|priority:1|startupRole:FOLLOWER, 4dfacd3a-85e6-4f60-aa9f-15a17a1c954a|rpc:10.1.0.70:15086|admin:10.1.0.70:15085|client:10.1.0.70:15084|dataStream:10.1.0.70:15087|priority:0|startupRole:FOLLOWER]|listeners:[], old=null
2023-09-29 12:51:29,129 [grpc-default-executor-5] INFO  server.RaftServer$Division (RaftServerImpl.java:requestVote(1302)) - 9fc007ee-6328-4e66-a7f4-dfd370a25fec@group-95B153CB0731: receive requestVote(PRE_VOTE, b431013d-a75d-44b2-a41a-a2e98e506a92, group-95B153CB0731, 0, (t:0, i:0))
2023-09-29 12:51:29,129 [grpc-default-executor-5] INFO  impl.VoteContext (VoteContext.java:log(49)) - 9fc007ee-6328-4e66-a7f4-dfd370a25fec@group-95B153CB0731-FOLLOWER: reject PRE_VOTE from b431013d-a75d-44b2-a41a-a2e98e506a92: our priority 1 > candidate's priority 0
2023-09-29 12:51:29,129 [b431013d-a75d-44b2-a41a-a2e98e506a92@group-95B153CB0731-LeaderElection17] INFO  server.RaftServerConfigKeys (ConfUtils.java:logFallback(53)) - raft.server.rpc.first-election.timeout.min = 5s (fallback to raft.server.rpc.timeout.min)
2023-09-29 12:51:29,129 [grpc-default-executor-5] INFO  server.RaftServer$Division (RaftServerImpl.java:requestVote(1335)) - 9fc007ee-6328-4e66-a7f4-dfd370a25fec@group-95B153CB0731 replies to PRE_VOTE vote request: b431013d-a75d-44b2-a41a-a2e98e506a92<-9fc007ee-6328-4e66-a7f4-dfd370a25fec#0:FAIL-t0. Peer's state: 9fc007ee-6328-4e66-a7f4-dfd370a25fec@group-95B153CB0731:t0, leader=null, voted=, raftlog=Memoized:9fc007ee-6328-4e66-a7f4-dfd370a25fec@group-95B153CB0731-SegmentedRaftLog:OPENED:c-1, conf=-1: peers:[b431013d-a75d-44b2-a41a-a2e98e506a92|rpc:10.1.0.70:15068|admin:10.1.0.70:15067|client:10.1.0.70:15066|dataStream:10.1.0.70:15069|priority:0|startupRole:FOLLOWER, 9fc007ee-6328-4e66-a7f4-dfd370a25fec|rpc:10.1.0.70:15077|admin:10.1.0.70:15076|client:10.1.0.70:15075|dataStream:10.1.0.70:15078|priority:1|startupRole:FOLLOWER, 4dfacd3a-85e6-4f60-aa9f-15a17a1c954a|rpc:10.1.0.70:15086|admin:10.1.0.70:15085|client:10.1.0.70:15084|dataStream:10.1.0.70:15087|priority:0|startupRole:FOLLOWER]|listeners:[], old=null
2023-09-29 12:51:29,133 [b431013d-a75d-44b2-a41a-a2e98e506a92@group-95B153CB0731-LeaderElection17] INFO  server.RaftServerConfigKeys (ConfUtils.java:logFallback(53)) - raft.server.rpc.first-election.timeout.max = 5200ms (fallback to raft.server.rpc.timeout.max)
2023-09-29 12:51:29,134 [b431013d-a75d-44b2-a41a-a2e98e506a92@group-95B153CB0731-LeaderElection17] INFO  impl.LeaderElection (LeaderElection.java:logAndReturn(90)) - b431013d-a75d-44b2-a41a-a2e98e506a92@group-95B153CB0731-LeaderElection17: PRE_VOTE REJECTED received 1 response(s) and 0 exception(s):
2023-09-29 12:51:29,134 [b431013d-a75d-44b2-a41a-a2e98e506a92@group-95B153CB0731-LeaderElection17] INFO  impl.LeaderElection (LeaderElection.java:logAndReturn(94)) -   Response 0: b431013d-a75d-44b2-a41a-a2e98e506a92<-9fc007ee-6328-4e66-a7f4-dfd370a25fec#0:FAIL-t0
2023-09-29 12:51:29,134 [b431013d-a75d-44b2-a41a-a2e98e506a92@group-95B153CB0731-LeaderElection17] INFO  impl.LeaderElection (LeaderElection.java:askForVotes(323)) - b431013d-a75d-44b2-a41a-a2e98e506a92@group-95B153CB0731-LeaderElection17 PRE_VOTE round 0: result REJECTED
2023-09-29 12:51:29,134 [b431013d-a75d-44b2-a41a-a2e98e506a92@group-95B153CB0731-LeaderElection17] INFO  server.RaftServer$Division (RaftServerImpl.java:setRole(329)) - b431013d-a75d-44b2-a41a-a2e98e506a92@group-95B153CB0731: changes role from CANDIDATE to FOLLOWER at term 0 for REJECTED
2023-09-29 12:51:29,134 [b431013d-a75d-44b2-a41a-a2e98e506a92@group-95B153CB0731-LeaderElection17] INFO  impl.RoleInfo (RoleInfo.java:shutdownLeaderElection(130)) - b431013d-a75d-44b2-a41a-a2e98e506a92: shutdown b431013d-a75d-44b2-a41a-a2e98e506a92@group-95B153CB0731-LeaderElection17
2023-09-29 12:51:29,134 [b431013d-a75d-44b2-a41a-a2e98e506a92@group-95B153CB0731-LeaderElection17] INFO  impl.RoleInfo (RoleInfo.java:updateAndGet(139)) - b431013d-a75d-44b2-a41a-a2e98e506a92: start b431013d-a75d-44b2-a41a-a2e98e506a92@group-95B153CB0731-FollowerState
2023-09-29 12:51:29,136 [grpc-default-executor-5] INFO  server.RaftServer$Division (RaftServerImpl.java:requestVote(1302)) - 4dfacd3a-85e6-4f60-aa9f-15a17a1c954a@group-95B153CB0731: receive requestVote(PRE_VOTE, b431013d-a75d-44b2-a41a-a2e98e506a92, group-95B153CB0731, 0, (t:0, i:0))
2023-09-29 12:51:29,136 [grpc-default-executor-5] INFO  impl.VoteContext (VoteContext.java:log(49)) - 4dfacd3a-85e6-4f60-aa9f-15a17a1c954a@group-95B153CB0731-FOLLOWER: accept PRE_VOTE from b431013d-a75d-44b2-a41a-a2e98e506a92: our priority 0 <= candidate's priority 0
2023-09-29 12:51:29,136 [grpc-default-executor-5] INFO  server.RaftServer$Division (RaftServerImpl.java:requestVote(1335)) - 4dfacd3a-85e6-4f60-aa9f-15a17a1c954a@group-95B153CB0731 replies to PRE_VOTE vote request: b431013d-a75d-44b2-a41a-a2e98e506a92<-4dfacd3a-85e6-4f60-aa9f-15a17a1c954a#0:OK-t0. Peer's state: 4dfacd3a-85e6-4f60-aa9f-15a17a1c954a@group-95B153CB0731:t0, leader=null, voted=, raftlog=Memoized:4dfacd3a-85e6-4f60-aa9f-15a17a1c954a@group-95B153CB0731-SegmentedRaftLog:OPENED:c-1, conf=-1: peers:[b431013d-a75d-44b2-a41a-a2e98e506a92|rpc:10.1.0.70:15068|admin:10.1.0.70:15067|client:10.1.0.70:15066|dataStream:10.1.0.70:15069|priority:0|startupRole:FOLLOWER, 9fc007ee-6328-4e66-a7f4-dfd370a25fec|rpc:10.1.0.70:15077|admin:10.1.0.70:15076|client:10.1.0.70:15075|dataStream:10.1.0.70:15078|priority:1|startupRole:FOLLOWER, 4dfacd3a-85e6-4f60-aa9f-15a17a1c954a|rpc:10.1.0.70:15086|admin:10.1.0.70:15085|client:10.1.0.70:15084|dataStream:10.1.0.70:15087|priority:0|startupRole:FOLLOWER]|listeners:[], old=null
2023-09-29 12:51:29,155 [9fc007ee-6328-4e66-a7f4-dfd370a25fec@group-95B153CB0731-FollowerState] INFO  impl.FollowerState (FollowerState.java:run(143)) - 9fc007ee-6328-4e66-a7f4-dfd370a25fec@group-95B153CB0731-FollowerState: change to CANDIDATE, lastRpcElapsedTime:5147766376ns, electionTimeout:5142ms
2023-09-29 12:51:29,155 [9fc007ee-6328-4e66-a7f4-dfd370a25fec@group-95B153CB0731-FollowerState] INFO  impl.RoleInfo (RoleInfo.java:shutdownFollowerState(110)) - 9fc007ee-6328-4e66-a7f4-dfd370a25fec: shutdown 9fc007ee-6328-4e66-a7f4-dfd370a25fec@group-95B153CB0731-FollowerState
2023-09-29 12:51:29,155 [9fc007ee-6328-4e66-a7f4-dfd370a25fec@group-95B153CB0731-FollowerState] INFO  server.RaftServer$Division (RaftServerImpl.java:setRole(329)) - 9fc007ee-6328-4e66-a7f4-dfd370a25fec@group-95B153CB0731: changes role from  FOLLOWER to CANDIDATE at term 0 for changeToCandidate
2023-09-29 12:51:29,155 [9fc007ee-6328-4e66-a7f4-dfd370a25fec@group-95B153CB0731-FollowerState] INFO  server.RaftServerConfigKeys (ConfUtils.java:logGet(46)) - raft.server.leaderelection.pre-vote = true (default)
2023-09-29 12:51:29,155 [9fc007ee-6328-4e66-a7f4-dfd370a25fec@group-95B153CB0731-FollowerState] INFO  impl.RoleInfo (RoleInfo.java:updateAndGet(139)) - 9fc007ee-6328-4e66-a7f4-dfd370a25fec: start 9fc007ee-6328-4e66-a7f4-dfd370a25fec@group-95B153CB0731-LeaderElection18
2023-09-29 12:51:29,156 [9fc007ee-6328-4e66-a7f4-dfd370a25fec@group-95B153CB0731-LeaderElection18] INFO  impl.LeaderElection (LeaderElection.java:askForVotes(321)) - 9fc007ee-6328-4e66-a7f4-dfd370a25fec@group-95B153CB0731-LeaderElection18 PRE_VOTE round 0: submit vote requests at term 0 for -1: peers:[b431013d-a75d-44b2-a41a-a2e98e506a92|rpc:10.1.0.70:15068|admin:10.1.0.70:15067|client:10.1.0.70:15066|dataStream:10.1.0.70:15069|priority:0|startupRole:FOLLOWER, 9fc007ee-6328-4e66-a7f4-dfd370a25fec|rpc:10.1.0.70:15077|admin:10.1.0.70:15076|client:10.1.0.70:15075|dataStream:10.1.0.70:15078|priority:1|startupRole:FOLLOWER, 4dfacd3a-85e6-4f60-aa9f-15a17a1c954a|rpc:10.1.0.70:15086|admin:10.1.0.70:15085|client:10.1.0.70:15084|dataStream:10.1.0.70:15087|priority:0|startupRole:FOLLOWER]|listeners:[], old=null
2023-09-29 12:51:29,156 [9fc007ee-6328-4e66-a7f4-dfd370a25fec@group-95B153CB0731-LeaderElection18-1] INFO  server.GrpcServerProtocolClient (GrpcServerProtocolClient.java:<init>(65)) - Build channel for b431013d-a75d-44b2-a41a-a2e98e506a92
2023-09-29 12:51:29,163 [grpc-default-executor-5] INFO  server.RaftServer$Division (RaftServerImpl.java:requestVote(1302)) - b431013d-a75d-44b2-a41a-a2e98e506a92@group-95B153CB0731: receive requestVote(PRE_VOTE, 9fc007ee-6328-4e66-a7f4-dfd370a25fec, group-95B153CB0731, 0, (t:0, i:0))
2023-09-29 12:51:29,163 [grpc-default-executor-5] INFO  impl.VoteContext (VoteContext.java:log(49)) - b431013d-a75d-44b2-a41a-a2e98e506a92@group-95B153CB0731-FOLLOWER: accept PRE_VOTE from 9fc007ee-6328-4e66-a7f4-dfd370a25fec: our priority 0 <= candidate's priority 1
2023-09-29 12:51:29,163 [grpc-default-executor-5] INFO  server.RaftServer$Division (RaftServerImpl.java:requestVote(1335)) - b431013d-a75d-44b2-a41a-a2e98e506a92@group-95B153CB0731 replies to PRE_VOTE vote request: 9fc007ee-6328-4e66-a7f4-dfd370a25fec<-b431013d-a75d-44b2-a41a-a2e98e506a92#0:OK-t0. Peer's state: b431013d-a75d-44b2-a41a-a2e98e506a92@group-95B153CB0731:t0, leader=null, voted=, raftlog=Memoized:b431013d-a75d-44b2-a41a-a2e98e506a92@group-95B153CB0731-SegmentedRaftLog:OPENED:c-1, conf=-1: peers:[b431013d-a75d-44b2-a41a-a2e98e506a92|rpc:10.1.0.70:15068|admin:10.1.0.70:15067|client:10.1.0.70:15066|dataStream:10.1.0.70:15069|priority:0|startupRole:FOLLOWER, 9fc007ee-6328-4e66-a7f4-dfd370a25fec|rpc:10.1.0.70:15077|admin:10.1.0.70:15076|client:10.1.0.70:15075|dataStream:10.1.0.70:15078|priority:1|startupRole:FOLLOWER, 4dfacd3a-85e6-4f60-aa9f-15a17a1c954a|rpc:10.1.0.70:15086|admin:10.1.0.70:15085|client:10.1.0.70:15084|dataStream:10.1.0.70:15087|priority:0|startupRole:FOLLOWER]|listeners:[], old=null
2023-09-29 12:51:29,165 [9fc007ee-6328-4e66-a7f4-dfd370a25fec@group-95B153CB0731-LeaderElection18] INFO  server.RaftServerConfigKeys (ConfUtils.java:logFallback(53)) - raft.server.rpc.first-election.timeout.min = 5s (fallback to raft.server.rpc.timeout.min)
2023-09-29 12:51:29,165 [9fc007ee-6328-4e66-a7f4-dfd370a25fec@group-95B153CB0731-LeaderElection18] INFO  server.RaftServerConfigKeys (ConfUtils.java:logFallback(53)) - raft.server.rpc.first-election.timeout.max = 5200ms (fallback to raft.server.rpc.timeout.max)
2023-09-29 12:51:29,165 [9fc007ee-6328-4e66-a7f4-dfd370a25fec@group-95B153CB0731-LeaderElection18] INFO  impl.LeaderElection (LeaderElection.java:logAndReturn(90)) - 9fc007ee-6328-4e66-a7f4-dfd370a25fec@group-95B153CB0731-LeaderElection18: PRE_VOTE PASSED received 1 response(s) and 0 exception(s):
2023-09-29 12:51:29,165 [9fc007ee-6328-4e66-a7f4-dfd370a25fec@group-95B153CB0731-LeaderElection18] INFO  impl.LeaderElection (LeaderElection.java:logAndReturn(94)) -   Response 0: 9fc007ee-6328-4e66-a7f4-dfd370a25fec<-b431013d-a75d-44b2-a41a-a2e98e506a92#0:OK-t0
2023-09-29 12:51:29,166 [9fc007ee-6328-4e66-a7f4-dfd370a25fec@group-95B153CB0731-LeaderElection18] INFO  impl.LeaderElection (LeaderElection.java:askForVotes(323)) - 9fc007ee-6328-4e66-a7f4-dfd370a25fec@group-95B153CB0731-LeaderElection18 PRE_VOTE round 0: result PASSED
2023-09-29 12:51:29,167 [9fc007ee-6328-4e66-a7f4-dfd370a25fec@group-95B153CB0731-LeaderElection18-2] INFO  server.GrpcServerProtocolClient (GrpcServerProtocolClient.java:<init>(65)) - Build channel for 4dfacd3a-85e6-4f60-aa9f-15a17a1c954a
2023-09-29 12:51:29,170 [9fc007ee-6328-4e66-a7f4-dfd370a25fec@group-95B153CB0731-LeaderElection18] INFO  impl.LeaderElection (LeaderElection.java:askForVotes(321)) - 9fc007ee-6328-4e66-a7f4-dfd370a25fec@group-95B153CB0731-LeaderElection18 ELECTION round 0: submit vote requests at term 1 for -1: peers:[b431013d-a75d-44b2-a41a-a2e98e506a92|rpc:10.1.0.70:15068|admin:10.1.0.70:15067|client:10.1.0.70:15066|dataStream:10.1.0.70:15069|priority:0|startupRole:FOLLOWER, 9fc007ee-6328-4e66-a7f4-dfd370a25fec|rpc:10.1.0.70:15077|admin:10.1.0.70:15076|client:10.1.0.70:15075|dataStream:10.1.0.70:15078|priority:1|startupRole:FOLLOWER, 4dfacd3a-85e6-4f60-aa9f-15a17a1c954a|rpc:10.1.0.70:15086|admin:10.1.0.70:15085|client:10.1.0.70:15084|dataStream:10.1.0.70:15087|priority:0|startupRole:FOLLOWER]|listeners:[], old=null
2023-09-29 12:51:29,181 [9fc007ee-6328-4e66-a7f4-dfd370a25fec@group-95B153CB0731-LeaderElection18] INFO  server.RaftServerConfigKeys (ConfUtils.java:logFallback(53)) - raft.server.rpc.first-election.timeout.min = 5s (fallback to raft.server.rpc.timeout.min)
2023-09-29 12:51:29,181 [9fc007ee-6328-4e66-a7f4-dfd370a25fec@group-95B153CB0731-LeaderElection18] INFO  server.RaftServerConfigKeys (ConfUtils.java:logFallback(53)) - raft.server.rpc.first-election.timeout.max = 5200ms (fallback to raft.server.rpc.timeout.max)
2023-09-29 12:51:29,187 [grpc-default-executor-1] INFO  server.RaftServer$Division (RaftServerImpl.java:requestVote(1302)) - b431013d-a75d-44b2-a41a-a2e98e506a92@group-95B153CB0731: receive requestVote(ELECTION, 9fc007ee-6328-4e66-a7f4-dfd370a25fec, group-95B153CB0731, 1, (t:0, i:0))
2023-09-29 12:51:29,187 [grpc-default-executor-5] INFO  server.RaftServer$Division (RaftServerImpl.java:requestVote(1302)) - 4dfacd3a-85e6-4f60-aa9f-15a17a1c954a@group-95B153CB0731: receive requestVote(PRE_VOTE, 9fc007ee-6328-4e66-a7f4-dfd370a25fec, group-95B153CB0731, 0, (t:0, i:0))
2023-09-29 12:51:29,187 [grpc-default-executor-1] INFO  impl.VoteContext (VoteContext.java:log(49)) - b431013d-a75d-44b2-a41a-a2e98e506a92@group-95B153CB0731-FOLLOWER: accept ELECTION from 9fc007ee-6328-4e66-a7f4-dfd370a25fec: our priority 0 <= candidate's priority 1
2023-09-29 12:51:29,187 [grpc-default-executor-5] INFO  impl.VoteContext (VoteContext.java:log(49)) - 4dfacd3a-85e6-4f60-aa9f-15a17a1c954a@group-95B153CB0731-FOLLOWER: accept PRE_VOTE from 9fc007ee-6328-4e66-a7f4-dfd370a25fec: our priority 0 <= candidate's priority 1
2023-09-29 12:51:29,187 [grpc-default-executor-1] INFO  server.RaftServer$Division (RaftServerImpl.java:setRole(329)) - b431013d-a75d-44b2-a41a-a2e98e506a92@group-95B153CB0731: changes role from  FOLLOWER to FOLLOWER at term 1 for candidate:9fc007ee-6328-4e66-a7f4-dfd370a25fec
2023-09-29 12:51:29,187 [grpc-default-executor-5] INFO  server.RaftServer$Division (RaftServerImpl.java:requestVote(1335)) - 4dfacd3a-85e6-4f60-aa9f-15a17a1c954a@group-95B153CB0731 replies to PRE_VOTE vote request: 9fc007ee-6328-4e66-a7f4-dfd370a25fec<-4dfacd3a-85e6-4f60-aa9f-15a17a1c954a#0:OK-t0. Peer's state: 4dfacd3a-85e6-4f60-aa9f-15a17a1c954a@group-95B153CB0731:t0, leader=null, voted=, raftlog=Memoized:4dfacd3a-85e6-4f60-aa9f-15a17a1c954a@group-95B153CB0731-SegmentedRaftLog:OPENED:c-1, conf=-1: peers:[b431013d-a75d-44b2-a41a-a2e98e506a92|rpc:10.1.0.70:15068|admin:10.1.0.70:15067|client:10.1.0.70:15066|dataStream:10.1.0.70:15069|priority:0|startupRole:FOLLOWER, 9fc007ee-6328-4e66-a7f4-dfd370a25fec|rpc:10.1.0.70:15077|admin:10.1.0.70:15076|client:10.1.0.70:15075|dataStream:10.1.0.70:15078|priority:1|startupRole:FOLLOWER, 4dfacd3a-85e6-4f60-aa9f-15a17a1c954a|rpc:10.1.0.70:15086|admin:10.1.0.70:15085|client:10.1.0.70:15084|dataStream:10.1.0.70:15087|priority:0|startupRole:FOLLOWER]|listeners:[], old=null
2023-09-29 12:51:29,187 [grpc-default-executor-1] INFO  impl.RoleInfo (RoleInfo.java:shutdownFollowerState(110)) - b431013d-a75d-44b2-a41a-a2e98e506a92: shutdown b431013d-a75d-44b2-a41a-a2e98e506a92@group-95B153CB0731-FollowerState
2023-09-29 12:51:29,187 [grpc-default-executor-1] INFO  impl.RoleInfo (RoleInfo.java:updateAndGet(139)) - b431013d-a75d-44b2-a41a-a2e98e506a92: start b431013d-a75d-44b2-a41a-a2e98e506a92@group-95B153CB0731-FollowerState
2023-09-29 12:51:29,188 [b431013d-a75d-44b2-a41a-a2e98e506a92@group-95B153CB0731-FollowerState] INFO  impl.FollowerState (FollowerState.java:run(152)) - b431013d-a75d-44b2-a41a-a2e98e506a92@group-95B153CB0731-FollowerState was interrupted
2023-09-29 12:51:29,191 [grpc-default-executor-1] INFO  server.RaftServer$Division (RaftServerImpl.java:requestVote(1335)) - b431013d-a75d-44b2-a41a-a2e98e506a92@group-95B153CB0731 replies to ELECTION vote request: 9fc007ee-6328-4e66-a7f4-dfd370a25fec<-b431013d-a75d-44b2-a41a-a2e98e506a92#0:OK-t1. Peer's state: b431013d-a75d-44b2-a41a-a2e98e506a92@group-95B153CB0731:t1, leader=null, voted=9fc007ee-6328-4e66-a7f4-dfd370a25fec, raftlog=Memoized:b431013d-a75d-44b2-a41a-a2e98e506a92@group-95B153CB0731-SegmentedRaftLog:OPENED:c-1, conf=-1: peers:[b431013d-a75d-44b2-a41a-a2e98e506a92|rpc:10.1.0.70:15068|admin:10.1.0.70:15067|client:10.1.0.70:15066|dataStream:10.1.0.70:15069|priority:0|startupRole:FOLLOWER, 9fc007ee-6328-4e66-a7f4-dfd370a25fec|rpc:10.1.0.70:15077|admin:10.1.0.70:15076|client:10.1.0.70:15075|dataStream:10.1.0.70:15078|priority:1|startupRole:FOLLOWER, 4dfacd3a-85e6-4f60-aa9f-15a17a1c954a|rpc:10.1.0.70:15086|admin:10.1.0.70:15085|client:10.1.0.70:15084|dataStream:10.1.0.70:15087|priority:0|startupRole:FOLLOWER]|listeners:[], old=null
2023-09-29 12:51:29,192 [grpc-default-executor-1] INFO  server.RaftServer$Division (RaftServerImpl.java:requestVote(1302)) - 4dfacd3a-85e6-4f60-aa9f-15a17a1c954a@group-95B153CB0731: receive requestVote(ELECTION, 9fc007ee-6328-4e66-a7f4-dfd370a25fec, group-95B153CB0731, 1, (t:0, i:0))
2023-09-29 12:51:29,192 [9fc007ee-6328-4e66-a7f4-dfd370a25fec@group-95B153CB0731-LeaderElection18] INFO  impl.LeaderElection (LeaderElection.java:logAndReturn(90)) - 9fc007ee-6328-4e66-a7f4-dfd370a25fec@group-95B153CB0731-LeaderElection18: ELECTION PASSED received 1 response(s) and 0 exception(s):
2023-09-29 12:51:29,193 [9fc007ee-6328-4e66-a7f4-dfd370a25fec@group-95B153CB0731-LeaderElection18] INFO  impl.LeaderElection (LeaderElection.java:logAndReturn(94)) -   Response 0: 9fc007ee-6328-4e66-a7f4-dfd370a25fec<-b431013d-a75d-44b2-a41a-a2e98e506a92#0:OK-t1
2023-09-29 12:51:29,193 [9fc007ee-6328-4e66-a7f4-dfd370a25fec@group-95B153CB0731-LeaderElection18] INFO  impl.LeaderElection (LeaderElection.java:askForVotes(323)) - 9fc007ee-6328-4e66-a7f4-dfd370a25fec@group-95B153CB0731-LeaderElection18 ELECTION round 0: result PASSED
2023-09-29 12:51:29,193 [9fc007ee-6328-4e66-a7f4-dfd370a25fec@group-95B153CB0731-LeaderElection18] INFO  impl.RoleInfo (RoleInfo.java:shutdownLeaderElection(130)) - 9fc007ee-6328-4e66-a7f4-dfd370a25fec: shutdown 9fc007ee-6328-4e66-a7f4-dfd370a25fec@group-95B153CB0731-LeaderElection18
2023-09-29 12:51:29,193 [9fc007ee-6328-4e66-a7f4-dfd370a25fec@group-95B153CB0731-LeaderElection18] INFO  server.RaftServer$Division (RaftServerImpl.java:setRole(329)) - 9fc007ee-6328-4e66-a7f4-dfd370a25fec@group-95B153CB0731: changes role from CANDIDATE to LEADER at term 1 for changeToLeader
2023-09-29 12:51:29,193 [9fc007ee-6328-4e66-a7f4-dfd370a25fec@group-95B153CB0731-LeaderElection18] INFO  ratis.XceiverServerRatis (XceiverServerRatis.java:handleLeaderChangedNotification(902)) - Leader change notification received for group: group-95B153CB0731 with new leaderId: 9fc007ee-6328-4e66-a7f4-dfd370a25fec
2023-09-29 12:51:29,193 [9fc007ee-6328-4e66-a7f4-dfd370a25fec@group-95B153CB0731-LeaderElection18] INFO  server.RaftServer$Division (ServerState.java:setLeader(317)) - 9fc007ee-6328-4e66-a7f4-dfd370a25fec@group-95B153CB0731: change Leader from null to 9fc007ee-6328-4e66-a7f4-dfd370a25fec at term 1 for becomeLeader, leader elected after 5242ms
2023-09-29 12:51:29,193 [9fc007ee-6328-4e66-a7f4-dfd370a25fec@group-95B153CB0731-LeaderElection18] INFO  server.RaftServerConfigKeys (ConfUtils.java:logGet(46)) - raft.server.staging.catchup.gap = 1000 (default)
2023-09-29 12:51:29,193 [9fc007ee-6328-4e66-a7f4-dfd370a25fec@group-95B153CB0731-LeaderElection18] INFO  server.RaftServerConfigKeys (ConfUtils.java:logGet(46)) - raft.server.write.element-limit = 1024 (custom)
2023-09-29 12:51:29,193 [9fc007ee-6328-4e66-a7f4-dfd370a25fec@group-95B153CB0731-LeaderElection18] INFO  server.RaftServerConfigKeys (ConfUtils.java:logGet(46)) - raft.server.write.byte-limit = 1024 M (=1073741824) (custom)
2023-09-29 12:51:29,194 [9fc007ee-6328-4e66-a7f4-dfd370a25fec@group-95B153CB0731-LeaderElection18] INFO  server.RaftServerConfigKeys (ConfUtils.java:logGet(46)) - raft.server.watch.timeout = 180s (custom)
2023-09-29 12:51:29,194 [9fc007ee-6328-4e66-a7f4-dfd370a25fec@group-95B153CB0731-LeaderElection18] INFO  server.RaftServerConfigKeys (ConfUtils.java:logGet(46)) - raft.server.watch.timeout.denomination = 1s (default)
2023-09-29 12:51:29,194 [9fc007ee-6328-4e66-a7f4-dfd370a25fec@group-95B153CB0731-LeaderElection18] INFO  server.RaftServerConfigKeys (ConfUtils.java:logGet(46)) - raft.server.watch.element-limit = 65536 (default)
2023-09-29 12:51:29,194 [9fc007ee-6328-4e66-a7f4-dfd370a25fec@group-95B153CB0731-LeaderElection18] INFO  server.RaftServerConfigKeys (ConfUtils.java:logGet(46)) - raft.server.write.element-limit = 1024 (custom)
2023-09-29 12:51:29,194 [9fc007ee-6328-4e66-a7f4-dfd370a25fec@group-95B153CB0731-LeaderElection18] INFO  server.RaftServerConfigKeys (ConfUtils.java:logGet(46)) - raft.server.write.follower.gap.ratio.max = -1.0 (default)
2023-09-29 12:51:29,196 [9fc007ee-6328-4e66-a7f4-dfd370a25fec@group-95B153CB0731-LeaderElection18] INFO  server.RaftServerConfigKeys (ConfUtils.java:logGet(46)) - raft.server.log.appender.snapshot.chunk.size.max = 16MB (=16777216) (default)
2023-09-29 12:51:29,196 [9fc007ee-6328-4e66-a7f4-dfd370a25fec@group-95B153CB0731-LeaderElection18] INFO  server.RaftServerConfigKeys (ConfUtils.java:logGet(46)) - raft.server.log.appender.buffer.byte-limit = 33554432 (custom)
2023-09-29 12:51:29,196 [9fc007ee-6328-4e66-a7f4-dfd370a25fec@group-95B153CB0731-LeaderElection18] INFO  server.RaftServerConfigKeys (ConfUtils.java:logGet(46)) - raft.server.log.appender.buffer.element-limit = 1 (custom)
2023-09-29 12:51:29,197 [9fc007ee-6328-4e66-a7f4-dfd370a25fec@group-95B153CB0731-LeaderElection18] INFO  server.RaftServerConfigKeys (ConfUtils.java:logGet(46)) - raft.server.log.appender.wait-time.min = 10ms (default)
2023-09-29 12:51:29,197 [9fc007ee-6328-4e66-a7f4-dfd370a25fec@group-95B153CB0731-LeaderElection18] INFO  grpc.GrpcConfigKeys (ConfUtils.java:logGet(46)) - raft.grpc.server.leader.outstanding.appends.max = 128 (default)
2023-09-29 12:51:29,197 [9fc007ee-6328-4e66-a7f4-dfd370a25fec@group-95B153CB0731-LeaderElection18] INFO  server.RaftServerConfigKeys (ConfUtils.java:logGet(46)) - raft.server.rpc.request.timeout = 60s (custom)
2023-09-29 12:51:29,197 [9fc007ee-6328-4e66-a7f4-dfd370a25fec@group-95B153CB0731-LeaderElection18] INFO  grpc.GrpcConfigKeys (ConfUtils.java:logGet(46)) - raft.grpc.server.install_snapshot.request.element-limit = 8 (default)
2023-09-29 12:51:29,197 [9fc007ee-6328-4e66-a7f4-dfd370a25fec@group-95B153CB0731-LeaderElection18] INFO  grpc.GrpcConfigKeys (ConfUtils.java:logGet(46)) - raft.grpc.server.install_snapshot.request.timeout = 3000ms (default)
2023-09-29 12:51:29,198 [EventQueue-PipelineReportForPipelineReportHandler] INFO  pipeline.PipelineReportHandler (PipelineReportHandler.java:processPipelineReport(136)) - Opened pipeline PipelineID=7d0c1310-c4a7-4065-8b62-95b153cb0731
2023-09-29 12:51:29,198 [9fc007ee-6328-4e66-a7f4-dfd370a25fec@group-95B153CB0731-LeaderElection18] INFO  server.RaftServerConfigKeys (ConfUtils.java:logGet(46)) - raft.server.log.appender.install.snapshot.enabled = false (custom)
2023-09-29 12:51:29,198 [9fc007ee-6328-4e66-a7f4-dfd370a25fec@group-95B153CB0731-LeaderElection18] INFO  grpc.GrpcConfigKeys (ConfUtils.java:logGet(46)) - raft.grpc.server.heartbeat.channel = true (default)
2023-09-29 12:51:29,204 [grpc-default-executor-1] INFO  impl.VoteContext (VoteContext.java:log(49)) - 4dfacd3a-85e6-4f60-aa9f-15a17a1c954a@group-95B153CB0731-FOLLOWER: accept ELECTION from 9fc007ee-6328-4e66-a7f4-dfd370a25fec: our priority 0 <= candidate's priority 1
2023-09-29 12:51:29,205 [grpc-default-executor-1] INFO  server.RaftServer$Division (RaftServerImpl.java:setRole(329)) - 4dfacd3a-85e6-4f60-aa9f-15a17a1c954a@group-95B153CB0731: changes role from  FOLLOWER to FOLLOWER at term 1 for candidate:9fc007ee-6328-4e66-a7f4-dfd370a25fec
2023-09-29 12:51:29,205 [grpc-default-executor-1] INFO  impl.RoleInfo (RoleInfo.java:shutdownFollowerState(110)) - 4dfacd3a-85e6-4f60-aa9f-15a17a1c954a: shutdown 4dfacd3a-85e6-4f60-aa9f-15a17a1c954a@group-95B153CB0731-FollowerState
2023-09-29 12:51:29,205 [grpc-default-executor-1] INFO  impl.RoleInfo (RoleInfo.java:updateAndGet(139)) - 4dfacd3a-85e6-4f60-aa9f-15a17a1c954a: start 4dfacd3a-85e6-4f60-aa9f-15a17a1c954a@group-95B153CB0731-FollowerState
2023-09-29 12:51:29,210 [9fc007ee-6328-4e66-a7f4-dfd370a25fec@group-95B153CB0731-LeaderElection18] INFO  server.RaftServerConfigKeys (ConfUtils.java:logGet(46)) - raft.server.log.appender.snapshot.chunk.size.max = 16MB (=16777216) (default)
2023-09-29 12:51:29,210 [9fc007ee-6328-4e66-a7f4-dfd370a25fec@group-95B153CB0731-LeaderElection18] INFO  server.RaftServerConfigKeys (ConfUtils.java:logGet(46)) - raft.server.log.appender.buffer.byte-limit = 33554432 (custom)
2023-09-29 12:51:29,210 [9fc007ee-6328-4e66-a7f4-dfd370a25fec@group-95B153CB0731-LeaderElection18] INFO  server.RaftServerConfigKeys (ConfUtils.java:logGet(46)) - raft.server.log.appender.buffer.element-limit = 1 (custom)
2023-09-29 12:51:29,210 [9fc007ee-6328-4e66-a7f4-dfd370a25fec@group-95B153CB0731-LeaderElection18] INFO  server.RaftServerConfigKeys (ConfUtils.java:logGet(46)) - raft.server.log.appender.wait-time.min = 10ms (default)
2023-09-29 12:51:29,211 [9fc007ee-6328-4e66-a7f4-dfd370a25fec@group-95B153CB0731-LeaderElection18] INFO  grpc.GrpcConfigKeys (ConfUtils.java:logGet(46)) - raft.grpc.server.leader.outstanding.appends.max = 128 (default)
2023-09-29 12:51:29,211 [9fc007ee-6328-4e66-a7f4-dfd370a25fec@group-95B153CB0731-LeaderElection18] INFO  server.RaftServerConfigKeys (ConfUtils.java:logGet(46)) - raft.server.rpc.request.timeout = 60s (custom)
2023-09-29 12:51:29,211 [9fc007ee-6328-4e66-a7f4-dfd370a25fec@group-95B153CB0731-LeaderElection18] INFO  grpc.GrpcConfigKeys (ConfUtils.java:logGet(46)) - raft.grpc.server.install_snapshot.request.element-limit = 8 (default)
2023-09-29 12:51:29,211 [9fc007ee-6328-4e66-a7f4-dfd370a25fec@group-95B153CB0731-LeaderElection18] INFO  grpc.GrpcConfigKeys (ConfUtils.java:logGet(46)) - raft.grpc.server.install_snapshot.request.timeout = 3000ms (default)
2023-09-29 12:51:29,211 [9fc007ee-6328-4e66-a7f4-dfd370a25fec@group-95B153CB0731-LeaderElection18] INFO  server.RaftServerConfigKeys (ConfUtils.java:logGet(46)) - raft.server.log.appender.install.snapshot.enabled = false (custom)
2023-09-29 12:51:29,211 [9fc007ee-6328-4e66-a7f4-dfd370a25fec@group-95B153CB0731-LeaderElection18] INFO  grpc.GrpcConfigKeys (ConfUtils.java:logGet(46)) - raft.grpc.server.heartbeat.channel = true (default)
2023-09-29 12:51:29,211 [9fc007ee-6328-4e66-a7f4-dfd370a25fec@group-95B153CB0731-LeaderElection18] INFO  impl.RoleInfo (RoleInfo.java:updateAndGet(139)) - 9fc007ee-6328-4e66-a7f4-dfd370a25fec: start 9fc007ee-6328-4e66-a7f4-dfd370a25fec@group-95B153CB0731-LeaderStateImpl
2023-09-29 12:51:29,212 [9fc007ee-6328-4e66-a7f4-dfd370a25fec@group-95B153CB0731-LeaderElection18] INFO  segmented.SegmentedRaftLogWorker (SegmentedRaftLogWorker.java:startLogSegment(447)) - 9fc007ee-6328-4e66-a7f4-dfd370a25fec@group-95B153CB0731-SegmentedRaftLogWorker: Starting segment from index:0
2023-09-29 12:51:29,217 [grpc-default-executor-1] INFO  server.RaftServer$Division (RaftServerImpl.java:requestVote(1335)) - 4dfacd3a-85e6-4f60-aa9f-15a17a1c954a@group-95B153CB0731 replies to ELECTION vote request: 9fc007ee-6328-4e66-a7f4-dfd370a25fec<-4dfacd3a-85e6-4f60-aa9f-15a17a1c954a#0:OK-t1. Peer's state: 4dfacd3a-85e6-4f60-aa9f-15a17a1c954a@group-95B153CB0731:t1, leader=null, voted=9fc007ee-6328-4e66-a7f4-dfd370a25fec, raftlog=Memoized:4dfacd3a-85e6-4f60-aa9f-15a17a1c954a@group-95B153CB0731-SegmentedRaftLog:OPENED:c-1, conf=-1: peers:[b431013d-a75d-44b2-a41a-a2e98e506a92|rpc:10.1.0.70:15068|admin:10.1.0.70:15067|client:10.1.0.70:15066|dataStream:10.1.0.70:15069|priority:0|startupRole:FOLLOWER, 9fc007ee-6328-4e66-a7f4-dfd370a25fec|rpc:10.1.0.70:15077|admin:10.1.0.70:15076|client:10.1.0.70:15075|dataStream:10.1.0.70:15078|priority:1|startupRole:FOLLOWER, 4dfacd3a-85e6-4f60-aa9f-15a17a1c954a|rpc:10.1.0.70:15086|admin:10.1.0.70:15085|client:10.1.0.70:15084|dataStream:10.1.0.70:15087|priority:0|startupRole:FOLLOWER]|listeners:[], old=null
2023-09-29 12:51:29,218 [4dfacd3a-85e6-4f60-aa9f-15a17a1c954a@group-95B153CB0731-FollowerState] INFO  impl.FollowerState (FollowerState.java:shouldRun(117)) - 4dfacd3a-85e6-4f60-aa9f-15a17a1c954a@group-95B153CB0731-FollowerState: Stopping now (isRunning? false, role = FOLLOWER)
2023-09-29 12:51:29,219 [9fc007ee-6328-4e66-a7f4-dfd370a25fec@group-95B153CB0731-SegmentedRaftLogWorker] INFO  segmented.SegmentedRaftLogWorker (SegmentedRaftLogWorker.java:execute(651)) - 9fc007ee-6328-4e66-a7f4-dfd370a25fec@group-95B153CB0731-SegmentedRaftLogWorker: created new log segment /home/runner/work/ozone/ozone/hadoop-ozone/integration-test/target/test-dir/MiniOzoneClusterImpl-811b16cb-c214-4c75-bdb2-1b437bba6cdf/datanode-7/data/ratis/7d0c1310-c4a7-4065-8b62-95b153cb0731/current/log_inprogress_0
2023-09-29 12:51:29,234 [9fc007ee-6328-4e66-a7f4-dfd370a25fec@group-95B153CB0731-LeaderElection18] INFO  server.RaftServer$Division (ServerState.java:setRaftConf(434)) - 9fc007ee-6328-4e66-a7f4-dfd370a25fec@group-95B153CB0731: set configuration 0: peers:[b431013d-a75d-44b2-a41a-a2e98e506a92|rpc:10.1.0.70:15068|admin:10.1.0.70:15067|client:10.1.0.70:15066|dataStream:10.1.0.70:15069|priority:0|startupRole:FOLLOWER, 9fc007ee-6328-4e66-a7f4-dfd370a25fec|rpc:10.1.0.70:15077|admin:10.1.0.70:15076|client:10.1.0.70:15075|dataStream:10.1.0.70:15078|priority:1|startupRole:FOLLOWER, 4dfacd3a-85e6-4f60-aa9f-15a17a1c954a|rpc:10.1.0.70:15086|admin:10.1.0.70:15085|client:10.1.0.70:15084|dataStream:10.1.0.70:15087|priority:0|startupRole:FOLLOWER]|listeners:[], old=null
2023-09-29 12:51:29,263 [b431013d-a75d-44b2-a41a-a2e98e506a92-server-thread1] INFO  ratis.XceiverServerRatis (XceiverServerRatis.java:handleLeaderChangedNotification(902)) - Leader change notification received for group: group-95B153CB0731 with new leaderId: 9fc007ee-6328-4e66-a7f4-dfd370a25fec
2023-09-29 12:51:29,263 [b431013d-a75d-44b2-a41a-a2e98e506a92-server-thread1] INFO  server.RaftServer$Division (ServerState.java:setLeader(317)) - b431013d-a75d-44b2-a41a-a2e98e506a92@group-95B153CB0731: change Leader from null to 9fc007ee-6328-4e66-a7f4-dfd370a25fec at term 1 for appendEntries, leader elected after 5314ms
2023-09-29 12:51:29,265 [4dfacd3a-85e6-4f60-aa9f-15a17a1c954a-server-thread2] INFO  ratis.XceiverServerRatis (XceiverServerRatis.java:handleLeaderChangedNotification(902)) - Leader change notification received for group: group-95B153CB0731 with new leaderId: 9fc007ee-6328-4e66-a7f4-dfd370a25fec
2023-09-29 12:51:29,265 [4dfacd3a-85e6-4f60-aa9f-15a17a1c954a-server-thread2] INFO  server.RaftServer$Division (ServerState.java:setLeader(317)) - 4dfacd3a-85e6-4f60-aa9f-15a17a1c954a@group-95B153CB0731: change Leader from null to 9fc007ee-6328-4e66-a7f4-dfd370a25fec at term 1 for appendEntries, leader elected after 5258ms
2023-09-29 12:51:29,265 [b431013d-a75d-44b2-a41a-a2e98e506a92-server-thread1] INFO  server.RaftServer$Division (ServerState.java:setRaftConf(434)) - b431013d-a75d-44b2-a41a-a2e98e506a92@group-95B153CB0731: set configuration 0: peers:[b431013d-a75d-44b2-a41a-a2e98e506a92|rpc:10.1.0.70:15068|admin:10.1.0.70:15067|client:10.1.0.70:15066|dataStream:10.1.0.70:15069|priority:0|startupRole:FOLLOWER, 9fc007ee-6328-4e66-a7f4-dfd370a25fec|rpc:10.1.0.70:15077|admin:10.1.0.70:15076|client:10.1.0.70:15075|dataStream:10.1.0.70:15078|priority:1|startupRole:FOLLOWER, 4dfacd3a-85e6-4f60-aa9f-15a17a1c954a|rpc:10.1.0.70:15086|admin:10.1.0.70:15085|client:10.1.0.70:15084|dataStream:10.1.0.70:15087|priority:0|startupRole:FOLLOWER]|listeners:[], old=null
2023-09-29 12:51:29,265 [b431013d-a75d-44b2-a41a-a2e98e506a92-server-thread1] INFO  segmented.SegmentedRaftLogWorker (SegmentedRaftLogWorker.java:startLogSegment(447)) - b431013d-a75d-44b2-a41a-a2e98e506a92@group-95B153CB0731-SegmentedRaftLogWorker: Starting segment from index:0
2023-09-29 12:51:29,267 [4dfacd3a-85e6-4f60-aa9f-15a17a1c954a-server-thread2] INFO  server.RaftServer$Division (ServerState.java:setRaftConf(434)) - 4dfacd3a-85e6-4f60-aa9f-15a17a1c954a@group-95B153CB0731: set configuration 0: peers:[b431013d-a75d-44b2-a41a-a2e98e506a92|rpc:10.1.0.70:15068|admin:10.1.0.70:15067|client:10.1.0.70:15066|dataStream:10.1.0.70:15069|priority:0|startupRole:FOLLOWER, 9fc007ee-6328-4e66-a7f4-dfd370a25fec|rpc:10.1.0.70:15077|admin:10.1.0.70:15076|client:10.1.0.70:15075|dataStream:10.1.0.70:15078|priority:1|startupRole:FOLLOWER, 4dfacd3a-85e6-4f60-aa9f-15a17a1c954a|rpc:10.1.0.70:15086|admin:10.1.0.70:15085|client:10.1.0.70:15084|dataStream:10.1.0.70:15087|priority:0|startupRole:FOLLOWER]|listeners:[], old=null
2023-09-29 12:51:29,267 [4dfacd3a-85e6-4f60-aa9f-15a17a1c954a-server-thread2] INFO  segmented.SegmentedRaftLogWorker (SegmentedRaftLogWorker.java:startLogSegment(447)) - 4dfacd3a-85e6-4f60-aa9f-15a17a1c954a@group-95B153CB0731-SegmentedRaftLogWorker: Starting segment from index:0
2023-09-29 12:51:29,277 [4dfacd3a-85e6-4f60-aa9f-15a17a1c954a@group-95B153CB0731-SegmentedRaftLogWorker] INFO  segmented.SegmentedRaftLogWorker (SegmentedRaftLogWorker.java:execute(651)) - 4dfacd3a-85e6-4f60-aa9f-15a17a1c954a@group-95B153CB0731-SegmentedRaftLogWorker: created new log segment /home/runner/work/ozone/ozone/hadoop-ozone/integration-test/target/test-dir/MiniOzoneClusterImpl-811b16cb-c214-4c75-bdb2-1b437bba6cdf/datanode-8/data/ratis/7d0c1310-c4a7-4065-8b62-95b153cb0731/current/log_inprogress_0
2023-09-29 12:51:29,285 [b431013d-a75d-44b2-a41a-a2e98e506a92@group-95B153CB0731-SegmentedRaftLogWorker] INFO  segmented.SegmentedRaftLogWorker (SegmentedRaftLogWorker.java:execute(651)) - b431013d-a75d-44b2-a41a-a2e98e506a92@group-95B153CB0731-SegmentedRaftLogWorker: created new log segment /home/runner/work/ozone/ozone/hadoop-ozone/integration-test/target/test-dir/MiniOzoneClusterImpl-811b16cb-c214-4c75-bdb2-1b437bba6cdf/datanode-6/data/ratis/7d0c1310-c4a7-4065-8b62-95b153cb0731/current/log_inprogress_0
2023-09-29 12:51:29,339 [4dfacd3a-85e6-4f60-aa9f-15a17a1c954a@group-FCF027D0E9D3-FollowerState] INFO  impl.FollowerState (FollowerState.java:run(143)) - 4dfacd3a-85e6-4f60-aa9f-15a17a1c954a@group-FCF027D0E9D3-FollowerState: change to CANDIDATE, lastRpcElapsedTime:5055138369ns, electionTimeout:5052ms
2023-09-29 12:51:29,339 [4dfacd3a-85e6-4f60-aa9f-15a17a1c954a@group-FCF027D0E9D3-FollowerState] INFO  impl.RoleInfo (RoleInfo.java:shutdownFollowerState(110)) - 4dfacd3a-85e6-4f60-aa9f-15a17a1c954a: shutdown 4dfacd3a-85e6-4f60-aa9f-15a17a1c954a@group-FCF027D0E9D3-FollowerState
2023-09-29 12:51:29,340 [4dfacd3a-85e6-4f60-aa9f-15a17a1c954a@group-FCF027D0E9D3-FollowerState] INFO  server.RaftServer$Division (RaftServerImpl.java:setRole(329)) - 4dfacd3a-85e6-4f60-aa9f-15a17a1c954a@group-FCF027D0E9D3: changes role from  FOLLOWER to CANDIDATE at term 0 for changeToCandidate
2023-09-29 12:51:29,349 [4dfacd3a-85e6-4f60-aa9f-15a17a1c954a@group-FCF027D0E9D3-FollowerState] INFO  server.RaftServerConfigKeys (ConfUtils.java:logGet(46)) - raft.server.leaderelection.pre-vote = true (default)
2023-09-29 12:51:29,349 [4dfacd3a-85e6-4f60-aa9f-15a17a1c954a@group-FCF027D0E9D3-FollowerState] INFO  impl.RoleInfo (RoleInfo.java:updateAndGet(139)) - 4dfacd3a-85e6-4f60-aa9f-15a17a1c954a: start 4dfacd3a-85e6-4f60-aa9f-15a17a1c954a@group-FCF027D0E9D3-LeaderElection19
2023-09-29 12:51:29,368 [4dfacd3a-85e6-4f60-aa9f-15a17a1c954a@group-FCF027D0E9D3-LeaderElection19] INFO  impl.LeaderElection (LeaderElection.java:askForVotes(321)) - 4dfacd3a-85e6-4f60-aa9f-15a17a1c954a@group-FCF027D0E9D3-LeaderElection19 PRE_VOTE round 0: submit vote requests at term 0 for -1: peers:[4dfacd3a-85e6-4f60-aa9f-15a17a1c954a|rpc:10.1.0.70:15086|admin:10.1.0.70:15085|client:10.1.0.70:15084|dataStream:10.1.0.70:15087|priority:1|startupRole:FOLLOWER]|listeners:[], old=null
2023-09-29 12:51:29,368 [4dfacd3a-85e6-4f60-aa9f-15a17a1c954a@group-FCF027D0E9D3-LeaderElection19] INFO  impl.LeaderElection (LeaderElection.java:askForVotes(323)) - 4dfacd3a-85e6-4f60-aa9f-15a17a1c954a@group-FCF027D0E9D3-LeaderElection19 PRE_VOTE round 0: result PASSED (term=0)
2023-09-29 12:51:29,371 [4dfacd3a-85e6-4f60-aa9f-15a17a1c954a@group-FCF027D0E9D3-LeaderElection19] INFO  impl.LeaderElection (LeaderElection.java:askForVotes(321)) - 4dfacd3a-85e6-4f60-aa9f-15a17a1c954a@group-FCF027D0E9D3-LeaderElection19 ELECTION round 0: submit vote requests at term 1 for -1: peers:[4dfacd3a-85e6-4f60-aa9f-15a17a1c954a|rpc:10.1.0.70:15086|admin:10.1.0.70:15085|client:10.1.0.70:15084|dataStream:10.1.0.70:15087|priority:1|startupRole:FOLLOWER]|listeners:[], old=null
2023-09-29 12:51:29,371 [4dfacd3a-85e6-4f60-aa9f-15a17a1c954a@group-FCF027D0E9D3-LeaderElection19] INFO  impl.LeaderElection (LeaderElection.java:askForVotes(323)) - 4dfacd3a-85e6-4f60-aa9f-15a17a1c954a@group-FCF027D0E9D3-LeaderElection19 ELECTION round 0: result PASSED (term=1)
2023-09-29 12:51:29,371 [4dfacd3a-85e6-4f60-aa9f-15a17a1c954a@group-FCF027D0E9D3-LeaderElection19] INFO  impl.RoleInfo (RoleInfo.java:shutdownLeaderElection(130)) - 4dfacd3a-85e6-4f60-aa9f-15a17a1c954a: shutdown 4dfacd3a-85e6-4f60-aa9f-15a17a1c954a@group-FCF027D0E9D3-LeaderElection19
2023-09-29 12:51:29,371 [4dfacd3a-85e6-4f60-aa9f-15a17a1c954a@group-FCF027D0E9D3-LeaderElection19] INFO  server.RaftServer$Division (RaftServerImpl.java:setRole(329)) - 4dfacd3a-85e6-4f60-aa9f-15a17a1c954a@group-FCF027D0E9D3: changes role from CANDIDATE to LEADER at term 1 for changeToLeader
2023-09-29 12:51:29,371 [4dfacd3a-85e6-4f60-aa9f-15a17a1c954a@group-FCF027D0E9D3-LeaderElection19] INFO  ratis.XceiverServerRatis (XceiverServerRatis.java:handleLeaderChangedNotification(902)) - Leader change notification received for group: group-FCF027D0E9D3 with new leaderId: 4dfacd3a-85e6-4f60-aa9f-15a17a1c954a
2023-09-29 12:51:29,371 [4dfacd3a-85e6-4f60-aa9f-15a17a1c954a@group-FCF027D0E9D3-LeaderElection19] INFO  server.RaftServer$Division (ServerState.java:setLeader(317)) - 4dfacd3a-85e6-4f60-aa9f-15a17a1c954a@group-FCF027D0E9D3: change Leader from null to 4dfacd3a-85e6-4f60-aa9f-15a17a1c954a at term 1 for becomeLeader, leader elected after 5122ms
2023-09-29 12:51:29,371 [4dfacd3a-85e6-4f60-aa9f-15a17a1c954a@group-FCF027D0E9D3-LeaderElection19] INFO  server.RaftServerConfigKeys (ConfUtils.java:logGet(46)) - raft.server.staging.catchup.gap = 1000 (default)
2023-09-29 12:51:29,372 [4dfacd3a-85e6-4f60-aa9f-15a17a1c954a@group-FCF027D0E9D3-LeaderElection19] INFO  server.RaftServerConfigKeys (ConfUtils.java:logGet(46)) - raft.server.write.element-limit = 1024 (custom)
2023-09-29 12:51:29,372 [4dfacd3a-85e6-4f60-aa9f-15a17a1c954a@group-FCF027D0E9D3-LeaderElection19] INFO  server.RaftServerConfigKeys (ConfUtils.java:logGet(46)) - raft.server.write.byte-limit = 1024 M (=1073741824) (custom)
2023-09-29 12:51:29,373 [4dfacd3a-85e6-4f60-aa9f-15a17a1c954a@group-FCF027D0E9D3-LeaderElection19] INFO  server.RaftServerConfigKeys (ConfUtils.java:logGet(46)) - raft.server.watch.timeout = 180s (custom)
2023-09-29 12:51:29,373 [4dfacd3a-85e6-4f60-aa9f-15a17a1c954a@group-FCF027D0E9D3-LeaderElection19] INFO  server.RaftServerConfigKeys (ConfUtils.java:logGet(46)) - raft.server.watch.timeout.denomination = 1s (default)
2023-09-29 12:51:29,373 [4dfacd3a-85e6-4f60-aa9f-15a17a1c954a@group-FCF027D0E9D3-LeaderElection19] INFO  server.RaftServerConfigKeys (ConfUtils.java:logGet(46)) - raft.server.watch.element-limit = 65536 (default)
2023-09-29 12:51:29,373 [4dfacd3a-85e6-4f60-aa9f-15a17a1c954a@group-FCF027D0E9D3-LeaderElection19] INFO  server.RaftServerConfigKeys (ConfUtils.java:logGet(46)) - raft.server.write.element-limit = 1024 (custom)
2023-09-29 12:51:29,373 [4dfacd3a-85e6-4f60-aa9f-15a17a1c954a@group-FCF027D0E9D3-LeaderElection19] INFO  server.RaftServerConfigKeys (ConfUtils.java:logGet(46)) - raft.server.write.follower.gap.ratio.max = -1.0 (default)
2023-09-29 12:51:29,373 [4dfacd3a-85e6-4f60-aa9f-15a17a1c954a@group-FCF027D0E9D3-LeaderElection19] INFO  impl.RoleInfo (RoleInfo.java:updateAndGet(139)) - 4dfacd3a-85e6-4f60-aa9f-15a17a1c954a: start 4dfacd3a-85e6-4f60-aa9f-15a17a1c954a@group-FCF027D0E9D3-LeaderStateImpl
2023-09-29 12:51:29,373 [4dfacd3a-85e6-4f60-aa9f-15a17a1c954a@group-FCF027D0E9D3-LeaderElection19] INFO  segmented.SegmentedRaftLogWorker (SegmentedRaftLogWorker.java:startLogSegment(447)) - 4dfacd3a-85e6-4f60-aa9f-15a17a1c954a@group-FCF027D0E9D3-SegmentedRaftLogWorker: Starting segment from index:0
2023-09-29 12:51:29,376 [4dfacd3a-85e6-4f60-aa9f-15a17a1c954a@group-FCF027D0E9D3-LeaderElection19] INFO  server.RaftServer$Division (ServerState.java:setRaftConf(434)) - 4dfacd3a-85e6-4f60-aa9f-15a17a1c954a@group-FCF027D0E9D3: set configuration 0: peers:[4dfacd3a-85e6-4f60-aa9f-15a17a1c954a|rpc:10.1.0.70:15086|admin:10.1.0.70:15085|client:10.1.0.70:15084|dataStream:10.1.0.70:15087|priority:1|startupRole:FOLLOWER]|listeners:[], old=null
2023-09-29 12:51:29,377 [4dfacd3a-85e6-4f60-aa9f-15a17a1c954a@group-FCF027D0E9D3-SegmentedRaftLogWorker] INFO  segmented.SegmentedRaftLogWorker (SegmentedRaftLogWorker.java:execute(651)) - 4dfacd3a-85e6-4f60-aa9f-15a17a1c954a@group-FCF027D0E9D3-SegmentedRaftLogWorker: created new log segment /home/runner/work/ozone/ozone/hadoop-ozone/integration-test/target/test-dir/MiniOzoneClusterImpl-811b16cb-c214-4c75-bdb2-1b437bba6cdf/datanode-8/data/ratis/13838721-bcae-49cb-b2fe-fcf027d0e9d3/current/log_inprogress_0
2023-09-29 12:51:29,381 [qtp1873189623-18] INFO  kms-audit (SimpleKMSAuditLogger.java:logAuditSimpleFormat(93)) - OK[op=CREATE_KEY, key=key1, user=runner] UserProvidedMaterial:false Description:key1
2023-09-29 12:51:29,469 [main] INFO  rpc.RpcClient (RpcClient.java:createVolume(462)) - Creating Volume: 8175ef7a-4c7b-4546-8e96-634987894ff7, with runner as owner and space quota set to -1 bytes, counts quota set to -1
2023-09-29 12:51:29,523 [OM StateMachine ApplyTransaction Thread - 0] INFO  volume.OMVolumeCreateRequest (OMVolumeCreateRequest.java:validateAndUpdateCache(196)) - created volume:8175ef7a-4c7b-4546-8e96-634987894ff7 for user:runner
2023-09-29 12:51:29,548 [main] INFO  rpc.RpcClient (RpcClient.java:createBucket(689)) - Creating Bucket: 8175ef7a-4c7b-4546-8e96-634987894ff7/5be91311-a414-427b-8286-a56073101c21, with bucket layout FILE_SYSTEM_OPTIMIZED, runner as owner, Versioning false, Storage Type set to DISK and Encryption set to true, Replication Type set to server-side default replication type, Namespace Quota set to -1, Space Quota set to -1 
2023-09-29 12:51:29,585 [qtp1873189623-20] INFO  kms-audit (SimpleKMSAuditLogger.java:logAuditSimpleFormat(93)) - OK[op=GET_METADATA, key=key1, user=runner] 
2023-09-29 12:51:29,723 [f6fa4039-8fe9-46ca-92f5-bb04d02dc273@group-52482A170BD1-FollowerState] INFO  impl.FollowerState (FollowerState.java:run(143)) - f6fa4039-8fe9-46ca-92f5-bb04d02dc273@group-52482A170BD1-FollowerState: change to CANDIDATE, lastRpcElapsedTime:5034793861ns, electionTimeout:5034ms
2023-09-29 12:51:29,723 [f6fa4039-8fe9-46ca-92f5-bb04d02dc273@group-52482A170BD1-FollowerState] INFO  impl.RoleInfo (RoleInfo.java:shutdownFollowerState(110)) - f6fa4039-8fe9-46ca-92f5-bb04d02dc273: shutdown f6fa4039-8fe9-46ca-92f5-bb04d02dc273@group-52482A170BD1-FollowerState
2023-09-29 12:51:29,723 [f6fa4039-8fe9-46ca-92f5-bb04d02dc273@group-52482A170BD1-FollowerState] INFO  server.RaftServer$Division (RaftServerImpl.java:setRole(329)) - f6fa4039-8fe9-46ca-92f5-bb04d02dc273@group-52482A170BD1: changes role from  FOLLOWER to CANDIDATE at term 0 for changeToCandidate
2023-09-29 12:51:29,724 [f6fa4039-8fe9-46ca-92f5-bb04d02dc273@group-52482A170BD1-FollowerState] INFO  server.RaftServerConfigKeys (ConfUtils.java:logGet(46)) - raft.server.leaderelection.pre-vote = true (default)
2023-09-29 12:51:29,724 [f6fa4039-8fe9-46ca-92f5-bb04d02dc273@group-52482A170BD1-FollowerState] INFO  impl.RoleInfo (RoleInfo.java:updateAndGet(139)) - f6fa4039-8fe9-46ca-92f5-bb04d02dc273: start f6fa4039-8fe9-46ca-92f5-bb04d02dc273@group-52482A170BD1-LeaderElection20
2023-09-29 12:51:29,732 [f6fa4039-8fe9-46ca-92f5-bb04d02dc273@group-52482A170BD1-LeaderElection20] INFO  impl.LeaderElection (LeaderElection.java:askForVotes(321)) - f6fa4039-8fe9-46ca-92f5-bb04d02dc273@group-52482A170BD1-LeaderElection20 PRE_VOTE round 0: submit vote requests at term 0 for -1: peers:[f6fa4039-8fe9-46ca-92f5-bb04d02dc273|rpc:10.1.0.70:15095|admin:10.1.0.70:15094|client:10.1.0.70:15093|dataStream:10.1.0.70:15096|priority:1|startupRole:FOLLOWER]|listeners:[], old=null
2023-09-29 12:51:29,732 [f6fa4039-8fe9-46ca-92f5-bb04d02dc273@group-52482A170BD1-LeaderElection20] INFO  impl.LeaderElection (LeaderElection.java:askForVotes(323)) - f6fa4039-8fe9-46ca-92f5-bb04d02dc273@group-52482A170BD1-LeaderElection20 PRE_VOTE round 0: result PASSED (term=0)
2023-09-29 12:51:29,735 [f6fa4039-8fe9-46ca-92f5-bb04d02dc273@group-52482A170BD1-LeaderElection20] INFO  impl.LeaderElection (LeaderElection.java:askForVotes(321)) - f6fa4039-8fe9-46ca-92f5-bb04d02dc273@group-52482A170BD1-LeaderElection20 ELECTION round 0: submit vote requests at term 1 for -1: peers:[f6fa4039-8fe9-46ca-92f5-bb04d02dc273|rpc:10.1.0.70:15095|admin:10.1.0.70:15094|client:10.1.0.70:15093|dataStream:10.1.0.70:15096|priority:1|startupRole:FOLLOWER]|listeners:[], old=null
2023-09-29 12:51:29,735 [f6fa4039-8fe9-46ca-92f5-bb04d02dc273@group-52482A170BD1-LeaderElection20] INFO  impl.LeaderElection (LeaderElection.java:askForVotes(323)) - f6fa4039-8fe9-46ca-92f5-bb04d02dc273@group-52482A170BD1-LeaderElection20 ELECTION round 0: result PASSED (term=1)
2023-09-29 12:51:29,735 [f6fa4039-8fe9-46ca-92f5-bb04d02dc273@group-52482A170BD1-LeaderElection20] INFO  impl.RoleInfo (RoleInfo.java:shutdownLeaderElection(130)) - f6fa4039-8fe9-46ca-92f5-bb04d02dc273: shutdown f6fa4039-8fe9-46ca-92f5-bb04d02dc273@group-52482A170BD1-LeaderElection20
2023-09-29 12:51:29,736 [f6fa4039-8fe9-46ca-92f5-bb04d02dc273@group-52482A170BD1-LeaderElection20] INFO  server.RaftServer$Division (RaftServerImpl.java:setRole(329)) - f6fa4039-8fe9-46ca-92f5-bb04d02dc273@group-52482A170BD1: changes role from CANDIDATE to LEADER at term 1 for changeToLeader
2023-09-29 12:51:29,736 [f6fa4039-8fe9-46ca-92f5-bb04d02dc273@group-52482A170BD1-LeaderElection20] INFO  ratis.XceiverServerRatis (XceiverServerRatis.java:handleLeaderChangedNotification(902)) - Leader change notification received for group: group-52482A170BD1 with new leaderId: f6fa4039-8fe9-46ca-92f5-bb04d02dc273
2023-09-29 12:51:29,736 [f6fa4039-8fe9-46ca-92f5-bb04d02dc273@group-52482A170BD1-LeaderElection20] INFO  server.RaftServer$Division (ServerState.java:setLeader(317)) - f6fa4039-8fe9-46ca-92f5-bb04d02dc273@group-52482A170BD1: change Leader from null to f6fa4039-8fe9-46ca-92f5-bb04d02dc273 at term 1 for becomeLeader, leader elected after 5071ms
2023-09-29 12:51:29,736 [f6fa4039-8fe9-46ca-92f5-bb04d02dc273@group-52482A170BD1-LeaderElection20] INFO  server.RaftServerConfigKeys (ConfUtils.java:logGet(46)) - raft.server.staging.catchup.gap = 1000 (default)
2023-09-29 12:51:29,737 [f6fa4039-8fe9-46ca-92f5-bb04d02dc273@group-52482A170BD1-LeaderElection20] INFO  server.RaftServerConfigKeys (ConfUtils.java:logGet(46)) - raft.server.write.element-limit = 1024 (custom)
2023-09-29 12:51:29,737 [f6fa4039-8fe9-46ca-92f5-bb04d02dc273@group-52482A170BD1-LeaderElection20] INFO  server.RaftServerConfigKeys (ConfUtils.java:logGet(46)) - raft.server.write.byte-limit = 1024 M (=1073741824) (custom)
2023-09-29 12:51:29,737 [f6fa4039-8fe9-46ca-92f5-bb04d02dc273@group-52482A170BD1-LeaderElection20] INFO  server.RaftServerConfigKeys (ConfUtils.java:logGet(46)) - raft.server.watch.timeout = 180s (custom)
2023-09-29 12:51:29,738 [f6fa4039-8fe9-46ca-92f5-bb04d02dc273@group-52482A170BD1-LeaderElection20] INFO  server.RaftServerConfigKeys (ConfUtils.java:logGet(46)) - raft.server.watch.timeout.denomination = 1s (default)
2023-09-29 12:51:29,738 [f6fa4039-8fe9-46ca-92f5-bb04d02dc273@group-52482A170BD1-LeaderElection20] INFO  server.RaftServerConfigKeys (ConfUtils.java:logGet(46)) - raft.server.watch.element-limit = 65536 (default)
2023-09-29 12:51:29,738 [f6fa4039-8fe9-46ca-92f5-bb04d02dc273@group-52482A170BD1-LeaderElection20] INFO  server.RaftServerConfigKeys (ConfUtils.java:logGet(46)) - raft.server.write.element-limit = 1024 (custom)
2023-09-29 12:51:29,738 [f6fa4039-8fe9-46ca-92f5-bb04d02dc273@group-52482A170BD1-LeaderElection20] INFO  server.RaftServerConfigKeys (ConfUtils.java:logGet(46)) - raft.server.write.follower.gap.ratio.max = -1.0 (default)
2023-09-29 12:51:29,739 [f6fa4039-8fe9-46ca-92f5-bb04d02dc273@group-52482A170BD1-LeaderElection20] INFO  impl.RoleInfo (RoleInfo.java:updateAndGet(139)) - f6fa4039-8fe9-46ca-92f5-bb04d02dc273: start f6fa4039-8fe9-46ca-92f5-bb04d02dc273@group-52482A170BD1-LeaderStateImpl
2023-09-29 12:51:29,739 [f6fa4039-8fe9-46ca-92f5-bb04d02dc273@group-52482A170BD1-LeaderElection20] INFO  segmented.SegmentedRaftLogWorker (SegmentedRaftLogWorker.java:startLogSegment(447)) - f6fa4039-8fe9-46ca-92f5-bb04d02dc273@group-52482A170BD1-SegmentedRaftLogWorker: Starting segment from index:0
2023-09-29 12:51:29,744 [f6fa4039-8fe9-46ca-92f5-bb04d02dc273@group-52482A170BD1-SegmentedRaftLogWorker] INFO  segmented.SegmentedRaftLogWorker (SegmentedRaftLogWorker.java:execute(651)) - f6fa4039-8fe9-46ca-92f5-bb04d02dc273@group-52482A170BD1-SegmentedRaftLogWorker: created new log segment /home/runner/work/ozone/ozone/hadoop-ozone/integration-test/target/test-dir/MiniOzoneClusterImpl-811b16cb-c214-4c75-bdb2-1b437bba6cdf/datanode-9/data/ratis/c91f7595-1a01-480b-b225-52482a170bd1/current/log_inprogress_0
2023-09-29 12:51:29,748 [f6fa4039-8fe9-46ca-92f5-bb04d02dc273@group-52482A170BD1-LeaderElection20] INFO  server.RaftServer$Division (ServerState.java:setRaftConf(434)) - f6fa4039-8fe9-46ca-92f5-bb04d02dc273@group-52482A170BD1: set configuration 0: peers:[f6fa4039-8fe9-46ca-92f5-bb04d02dc273|rpc:10.1.0.70:15095|admin:10.1.0.70:15094|client:10.1.0.70:15093|dataStream:10.1.0.70:15096|priority:1|startupRole:FOLLOWER]|listeners:[], old=null
2023-09-29 12:51:29,802 [qtp1873189623-18] INFO  kms-audit (SimpleKMSAuditLogger.java:logAuditEvent(59)) - OK[op=GENERATE_EEK, key=key1, user=runner, accessCount=1, interval=0ms] 
2023-09-29 12:51:29,848 [OM StateMachine ApplyTransaction Thread - 0] INFO  bucket.OMBucketCreateRequest (OMBucketCreateRequest.java:validateAndUpdateCache(270)) - created bucket: 5be91311-a414-427b-8286-a56073101c21 of layout FILE_SYSTEM_OPTIMIZED in volume: 8175ef7a-4c7b-4546-8e96-634987894ff7
2023-09-29 12:51:29,952 [IPC Server handler 1 on default port 15001] INFO  ha.SequenceIdGenerator (SequenceIdGenerator.java:getNextId(140)) - Allocate a batch for containerId, change lastId from 0 to 1000.
2023-09-29 12:51:29,964 [IPC Server handler 1 on default port 15001] WARN  ha.SequenceIdGenerator (SequenceIdGenerator.java:allocateBatch(253)) - Failed to allocate a batch for localId, expected lastId is 0, actual lastId is 111677748019200000.
2023-09-29 12:51:29,964 [IPC Server handler 1 on default port 15001] INFO  ha.SequenceIdGenerator (SequenceIdGenerator.java:getNextId(140)) - Allocate a batch for localId, change lastId from 111677748019200000 to 111677748019201000.
2023-09-29 12:51:30,171 [qtp1873189623-20] ERROR generators.WadlGeneratorJAXBGrammarGenerator (WadlGeneratorJAXBGrammarGenerator.java:buildModelAndSchemas(207)) - Failed to generate the schema for the JAX-B elements
com.sun.xml.bind.v2.runtime.IllegalAnnotationsException: 1 counts of IllegalAnnotationExceptions
java.util.Map is an interface, and JAXB can't handle interfaces.
	this problem is related to the following location:
		at java.util.Map

	at com.sun.xml.bind.v2.runtime.IllegalAnnotationsException$Builder.check(IllegalAnnotationsException.java:106)
	at com.sun.xml.bind.v2.runtime.JAXBContextImpl.getTypeInfoSet(JAXBContextImpl.java:471)
	at com.sun.xml.bind.v2.runtime.JAXBContextImpl.<init>(JAXBContextImpl.java:303)
	at com.sun.xml.bind.v2.runtime.JAXBContextImpl.<init>(JAXBContextImpl.java:139)
	at com.sun.xml.bind.v2.runtime.JAXBContextImpl$JAXBContextBuilder.build(JAXBContextImpl.java:1156)
	at com.sun.xml.bind.v2.ContextFactory.createContext(ContextFactory.java:165)
	at sun.reflect.NativeMethodAccessorImpl.invoke0(Native Method)
	at sun.reflect.NativeMethodAccessorImpl.invoke(NativeMethodAccessorImpl.java:62)
	at sun.reflect.DelegatingMethodAccessorImpl.invoke(DelegatingMethodAccessorImpl.java:43)
	at java.lang.reflect.Method.invoke(Method.java:498)
	at javax.xml.bind.ContextFinder.newInstance(ContextFinder.java:247)
	at javax.xml.bind.ContextFinder.newInstance(ContextFinder.java:234)
	at javax.xml.bind.ContextFinder.find(ContextFinder.java:441)
	at javax.xml.bind.JAXBContext.newInstance(JAXBContext.java:641)
	at javax.xml.bind.JAXBContext.newInstance(JAXBContext.java:584)
	at com.sun.jersey.server.wadl.generators.WadlGeneratorJAXBGrammarGenerator.buildModelAndSchemas(WadlGeneratorJAXBGrammarGenerator.java:169)
	at com.sun.jersey.server.wadl.generators.AbstractWadlGeneratorGrammarGenerator.createExternalGrammar(AbstractWadlGeneratorGrammarGenerator.java:405)
	at com.sun.jersey.server.wadl.WadlBuilder.generate(WadlBuilder.java:149)
	at com.sun.jersey.server.impl.wadl.WadlApplicationContextImpl.getApplication(WadlApplicationContextImpl.java:119)
	at com.sun.jersey.server.impl.wadl.WadlApplicationContextImpl.getApplication(WadlApplicationContextImpl.java:138)
	at com.sun.jersey.server.impl.wadl.WadlMethodFactory$WadlOptionsMethodDispatcher.dispatch(WadlMethodFactory.java:110)
	at com.sun.jersey.server.impl.uri.rules.HttpMethodRule.accept(HttpMethodRule.java:302)
	at com.sun.jersey.server.impl.uri.rules.RightHandPathRule.accept(RightHandPathRule.java:147)
	at com.sun.jersey.server.impl.uri.rules.ResourceClassRule.accept(ResourceClassRule.java:108)
	at com.sun.jersey.server.impl.uri.rules.RightHandPathRule.accept(RightHandPathRule.java:147)
	at com.sun.jersey.server.impl.uri.rules.RootResourceClassesRule.accept(RootResourceClassesRule.java:84)
	at com.sun.jersey.server.impl.application.WebApplicationImpl._handleRequest(WebApplicationImpl.java:1542)
	at com.sun.jersey.server.impl.application.WebApplicationImpl._handleRequest(WebApplicationImpl.java:1473)
	at com.sun.jersey.server.impl.application.WebApplicationImpl.handleRequest(WebApplicationImpl.java:1419)
	at com.sun.jersey.server.impl.application.WebApplicationImpl.handleRequest(WebApplicationImpl.java:1409)
	at com.sun.jersey.spi.container.servlet.WebComponent.service(WebComponent.java:409)
	at com.sun.jersey.spi.container.servlet.ServletContainer.service(ServletContainer.java:558)
	at com.sun.jersey.spi.container.servlet.ServletContainer.service(ServletContainer.java:733)
	at javax.servlet.http.HttpServlet.service(HttpServlet.java:590)
	at org.eclipse.jetty.servlet.ServletHolder$NotAsync.service(ServletHolder.java:1459)
	at org.eclipse.jetty.servlet.ServletHolder.handle(ServletHolder.java:799)
	at org.eclipse.jetty.servlet.ServletHandler$ChainEnd.doFilter(ServletHandler.java:1656)
	at org.apache.hadoop.crypto.key.kms.server.KMSMDCFilter.doFilter(KMSMDCFilter.java:98)
	at org.eclipse.jetty.servlet.FilterHolder.doFilter(FilterHolder.java:193)
	at org.eclipse.jetty.servlet.ServletHandler$Chain.doFilter(ServletHandler.java:1626)
	at org.apache.hadoop.security.authentication.server.AuthenticationFilter.doFilter(AuthenticationFilter.java:650)
	at org.apache.hadoop.security.token.delegation.web.DelegationTokenAuthenticationFilter.doFilter(DelegationTokenAuthenticationFilter.java:305)
	at org.apache.hadoop.security.authentication.server.AuthenticationFilter.doFilter(AuthenticationFilter.java:592)
	at org.apache.hadoop.crypto.key.kms.server.KMSAuthenticationFilter.doFilter(KMSAuthenticationFilter.java:162)
	at org.eclipse.jetty.servlet.FilterHolder.doFilter(FilterHolder.java:201)
	at org.eclipse.jetty.servlet.ServletHandler$Chain.doFilter(ServletHandler.java:1626)
	at org.apache.hadoop.http.lib.StaticUserWebFilter$StaticUserFilter.doFilter(StaticUserWebFilter.java:110)
	at org.eclipse.jetty.servlet.FilterHolder.doFilter(FilterHolder.java:193)
	at org.eclipse.jetty.servlet.ServletHandler$Chain.doFilter(ServletHandler.java:1626)
	at org.apache.hadoop.http.HttpServer2$QuotingInputFilter.doFilter(HttpServer2.java:1794)
	at org.eclipse.jetty.servlet.FilterHolder.doFilter(FilterHolder.java:193)
	at org.eclipse.jetty.servlet.ServletHandler$Chain.doFilter(ServletHandler.java:1626)
	at org.apache.hadoop.http.NoCacheFilter.doFilter(NoCacheFilter.java:45)
	at org.eclipse.jetty.servlet.FilterHolder.doFilter(FilterHolder.java:193)
	at org.eclipse.jetty.servlet.ServletHandler$Chain.doFilter(ServletHandler.java:1626)
	at org.eclipse.jetty.servlet.ServletHandler.doHandle(ServletHandler.java:552)
	at org.eclipse.jetty.server.handler.ScopedHandler.handle(ScopedHandler.java:143)
	at org.eclipse.jetty.security.SecurityHandler.handle(SecurityHandler.java:600)
	at org.eclipse.jetty.server.handler.HandlerWrapper.handle(HandlerWrapper.java:127)
	at org.eclipse.jetty.server.handler.ScopedHandler.nextHandle(ScopedHandler.java:235)
	at org.eclipse.jetty.server.session.SessionHandler.doHandle(SessionHandler.java:1624)
	at org.eclipse.jetty.server.handler.ScopedHandler.nextHandle(ScopedHandler.java:233)
	at org.eclipse.jetty.server.handler.ContextHandler.doHandle(ContextHandler.java:1440)
	at org.eclipse.jetty.server.handler.ScopedHandler.nextScope(ScopedHandler.java:188)
	at org.eclipse.jetty.servlet.ServletHandler.doScope(ServletHandler.java:505)
	at org.eclipse.jetty.server.session.SessionHandler.doScope(SessionHandler.java:1594)
	at org.eclipse.jetty.server.handler.ScopedHandler.nextScope(ScopedHandler.java:186)
	at org.eclipse.jetty.server.handler.ContextHandler.doScope(ContextHandler.java:1355)
	at org.eclipse.jetty.server.handler.ScopedHandler.handle(ScopedHandler.java:141)
	at org.eclipse.jetty.server.handler.HandlerCollection.handle(HandlerCollection.java:146)
	at org.eclipse.jetty.server.handler.HandlerWrapper.handle(HandlerWrapper.java:127)
	at org.eclipse.jetty.server.Server.handle(Server.java:512)
	at org.eclipse.jetty.server.HttpChannel.lambda$handle$1(HttpChannel.java:487)
	at org.eclipse.jetty.server.HttpChannel.dispatch(HttpChannel.java:732)
	at org.eclipse.jetty.server.HttpChannel.handle(HttpChannel.java:479)
	at org.eclipse.jetty.server.HttpConnection.onFillable(HttpConnection.java:277)
	at org.eclipse.jetty.io.AbstractConnection$ReadCallback.succeeded(AbstractConnection.java:311)
	at org.eclipse.jetty.io.FillInterest.fillable(FillInterest.java:105)
	at org.eclipse.jetty.io.ChannelEndPoint$1.run(ChannelEndPoint.java:104)
	at org.eclipse.jetty.util.thread.strategy.EatWhatYouKill.runTask(EatWhatYouKill.java:338)
	at org.eclipse.jetty.util.thread.strategy.EatWhatYouKill.doProduce(EatWhatYouKill.java:315)
	at org.eclipse.jetty.util.thread.strategy.EatWhatYouKill.tryProduce(EatWhatYouKill.java:173)
	at org.eclipse.jetty.util.thread.strategy.EatWhatYouKill.run(EatWhatYouKill.java:131)
	at org.eclipse.jetty.util.thread.ReservedThreadExecutor$ReservedThread.run(ReservedThreadExecutor.java:409)
	at org.eclipse.jetty.util.thread.QueuedThreadPool.runJob(QueuedThreadPool.java:883)
	at org.eclipse.jetty.util.thread.QueuedThreadPool$Runner.run(QueuedThreadPool.java:1034)
	at java.lang.Thread.run(Thread.java:750)
2023-09-29 12:51:30,177 [qtp1873189623-20] INFO  generators.AbstractWadlGeneratorGrammarGenerator (AbstractWadlGeneratorGrammarGenerator.java:attachTypes(479)) - Couldn't find grammar element for class java.util.Map
2023-09-29 12:51:30,178 [qtp1873189623-20] INFO  generators.AbstractWadlGeneratorGrammarGenerator (AbstractWadlGeneratorGrammarGenerator.java:attachTypes(479)) - Couldn't find grammar element for class javax.ws.rs.core.Response
2023-09-29 12:51:30,178 [qtp1873189623-20] INFO  generators.AbstractWadlGeneratorGrammarGenerator (AbstractWadlGeneratorGrammarGenerator.java:attachTypes(479)) - Couldn't find grammar element for class java.util.Map
2023-09-29 12:51:30,178 [qtp1873189623-20] INFO  generators.AbstractWadlGeneratorGrammarGenerator (AbstractWadlGeneratorGrammarGenerator.java:attachTypes(479)) - Couldn't find grammar element for class javax.ws.rs.core.Response
2023-09-29 12:51:30,178 [qtp1873189623-20] INFO  generators.AbstractWadlGeneratorGrammarGenerator (AbstractWadlGeneratorGrammarGenerator.java:attachTypes(479)) - Couldn't find grammar element for class java.util.Map
2023-09-29 12:51:30,179 [qtp1873189623-20] INFO  generators.AbstractWadlGeneratorGrammarGenerator (AbstractWadlGeneratorGrammarGenerator.java:attachTypes(479)) - Couldn't find grammar element for class java.util.Map
2023-09-29 12:51:30,179 [qtp1873189623-20] INFO  generators.AbstractWadlGeneratorGrammarGenerator (AbstractWadlGeneratorGrammarGenerator.java:attachTypes(479)) - Couldn't find grammar element for class javax.ws.rs.core.Response
2023-09-29 12:51:30,179 [qtp1873189623-20] INFO  generators.AbstractWadlGeneratorGrammarGenerator (AbstractWadlGeneratorGrammarGenerator.java:attachTypes(479)) - Couldn't find grammar element for class java.util.Map
2023-09-29 12:51:30,314 [qtp1873189623-18] INFO  kms-audit (SimpleKMSAuditLogger.java:logAuditEvent(59)) - OK[op=DECRYPT_EEK, key=key1, user=runner, accessCount=1, interval=0ms] 
2023-09-29 12:51:30,347 [main] INFO  impl.MetricsSystemImpl (MetricsSystemImpl.java:init(158)) - XceiverClientMetrics metrics system started (again)
2023-09-29 12:51:30,348 [main] INFO  lib.Interns (Interns.java:removeEldestEntry(50)) - Metrics intern cache overflow at 2011 for MetricsSystem={MetricsSystem=MetricsInfoImpl{name=MetricsSystem, description=MetricsSystem}, MetricsSystem record=MetricsInfoImpl{name=MetricsSystem, description=MetricsSystem record}}
2023-09-29 12:51:30,899 [IPC Server handler 1 on default port 15001] WARN  node.SCMNodeManager (SCMNodeManager.java:getNodesByAddress(1373)) - Cannot find node for address 127.0.0.1
2023-09-29 12:51:30,917 [IPC Server handler 0 on default port 15001] WARN  node.SCMNodeManager (SCMNodeManager.java:getNodesByAddress(1373)) - Cannot find node for address 127.0.0.1
2023-09-29 12:51:31,130 [main] INFO  client.DataStreamClient (ConfUtils.java:logGet(46)) - raft.datastream.type = NETTY (custom)
2023-09-29 12:51:31,142 [main] INFO  netty.NettyConfigKeys$DataStream (ConfUtils.java:logGet(46)) - raft.netty.dataStream.client.tls.conf = null (default)
2023-09-29 12:51:31,143 [main] INFO  netty.NettyConfigKeys$DataStream (ConfUtils.java:logGet(46)) - raft.netty.dataStream.client.reply.queue.grace-period = 1s (default)
2023-09-29 12:51:31,147 [main] INFO  netty.NettyConfigKeys$DataStream (ConfUtils.java:logGet(46)) - raft.netty.dataStream.client.worker-group.share = false (default)
2023-09-29 12:51:31,147 [main] INFO  netty.NettyConfigKeys$DataStream (ConfUtils.java:logGet(46)) - raft.netty.dataStream.client.worker-group.size = 4 (default)
2023-09-29 12:51:31,173 [9305807b-68e0-4de4-9f06-795e0c374ac6-NettyServerStreamRpc-bossGroup--thread1] INFO  logging.LoggingHandler (AbstractInternalLogger.java:log(148)) - [id: 0x061bffb6, L:/0:0:0:0:0:0:0:0:15033] READ: [id: 0xf03f9979, L:/10.1.0.70:15033 - R:/10.1.0.70:52274]
2023-09-29 12:51:31,177 [9305807b-68e0-4de4-9f06-795e0c374ac6-NettyServerStreamRpc-bossGroup--thread1] INFO  logging.LoggingHandler (AbstractInternalLogger.java:log(148)) - [id: 0x061bffb6, L:/0:0:0:0:0:0:0:0:15033] READ COMPLETE
2023-09-29 12:51:31,345 [IPC Server handler 16 on default port 15001] WARN  node.SCMNodeManager (SCMNodeManager.java:getNodesByAddress(1373)) - Cannot find node for address 127.0.0.1
2023-09-29 12:51:31,359 [IPC Server handler 1 on default port 15001] WARN  node.SCMNodeManager (SCMNodeManager.java:getNodesByAddress(1373)) - Cannot find node for address 127.0.0.1
]]></system-out>
    <system-err><![CDATA[ERROR StatusLogger Reconfiguration failed: No configuration found for '18b4aac2' at 'null' in 'null'
]]></system-err>
  </testcase>
  <testcase name="testPutKeyWithEncryption(BucketLayout)[2]" classname="org.apache.hadoop.ozone.client.rpc.TestOzoneAtRestEncryption" time="0.352">
    <system-out><![CDATA[2023-09-29 12:51:31,443 [main] INFO  rpc.RpcClient (RpcClient.java:createVolume(462)) - Creating Volume: c290440d-c2ab-42a8-904c-dd280a71e21c, with runner as owner and space quota set to -1 bytes, counts quota set to -1
2023-09-29 12:51:31,448 [OM StateMachine ApplyTransaction Thread - 0] INFO  volume.OMVolumeCreateRequest (OMVolumeCreateRequest.java:validateAndUpdateCache(196)) - created volume:c290440d-c2ab-42a8-904c-dd280a71e21c for user:runner
2023-09-29 12:51:31,455 [main] INFO  rpc.RpcClient (RpcClient.java:createBucket(689)) - Creating Bucket: c290440d-c2ab-42a8-904c-dd280a71e21c/a6fca3d4-4798-4ed9-b4ea-a818b2a4d0cc, with bucket layout OBJECT_STORE, runner as owner, Versioning false, Storage Type set to DISK and Encryption set to true, Replication Type set to server-side default replication type, Namespace Quota set to -1, Space Quota set to -1 
2023-09-29 12:51:31,465 [qtp1873189623-18] INFO  kms-audit (SimpleKMSAuditLogger.java:logAuditSimpleFormat(93)) - OK[op=GET_METADATA, key=key1, user=runner] 
2023-09-29 12:51:31,471 [OM StateMachine ApplyTransaction Thread - 0] INFO  bucket.OMBucketCreateRequest (OMBucketCreateRequest.java:validateAndUpdateCache(270)) - created bucket: a6fca3d4-4798-4ed9-b4ea-a818b2a4d0cc of layout OBJECT_STORE in volume: c290440d-c2ab-42a8-904c-dd280a71e21c
2023-09-29 12:51:31,568 [IPC Server handler 10 on default port 15001] WARN  node.SCMNodeManager (SCMNodeManager.java:getNodesByAddress(1373)) - Cannot find node for address 127.0.0.1
2023-09-29 12:51:31,572 [IPC Server handler 16 on default port 15001] WARN  node.SCMNodeManager (SCMNodeManager.java:getNodesByAddress(1373)) - Cannot find node for address 127.0.0.1
2023-09-29 12:51:31,628 [main] INFO  client.DataStreamClient (ConfUtils.java:logGet(46)) - raft.datastream.type = NETTY (custom)
2023-09-29 12:51:31,628 [main] INFO  netty.NettyConfigKeys$DataStream (ConfUtils.java:logGet(46)) - raft.netty.dataStream.client.tls.conf = null (default)
2023-09-29 12:51:31,628 [main] INFO  netty.NettyConfigKeys$DataStream (ConfUtils.java:logGet(46)) - raft.netty.dataStream.client.reply.queue.grace-period = 1s (default)
2023-09-29 12:51:31,629 [main] INFO  netty.NettyConfigKeys$DataStream (ConfUtils.java:logGet(46)) - raft.netty.dataStream.client.worker-group.share = false (default)
2023-09-29 12:51:31,629 [main] INFO  netty.NettyConfigKeys$DataStream (ConfUtils.java:logGet(46)) - raft.netty.dataStream.client.worker-group.size = 4 (default)
2023-09-29 12:51:31,638 [6220322b-c54d-4ba8-95d6-5fd9b706d663-NettyServerStreamRpc-bossGroup--thread1] INFO  logging.LoggingHandler (AbstractInternalLogger.java:log(148)) - [id: 0xfdfb8837, L:/0:0:0:0:0:0:0:0:15051] READ: [id: 0x63a427f2, L:/10.1.0.70:15051 - R:/10.1.0.70:57160]
2023-09-29 12:51:31,639 [6220322b-c54d-4ba8-95d6-5fd9b706d663-NettyServerStreamRpc-bossGroup--thread1] INFO  logging.LoggingHandler (AbstractInternalLogger.java:log(148)) - [id: 0xfdfb8837, L:/0:0:0:0:0:0:0:0:15051] READ COMPLETE
2023-09-29 12:51:31,755 [IPC Server handler 13 on default port 15001] WARN  node.SCMNodeManager (SCMNodeManager.java:getNodesByAddress(1373)) - Cannot find node for address 127.0.0.1
2023-09-29 12:51:31,759 [IPC Server handler 19 on default port 15001] WARN  node.SCMNodeManager (SCMNodeManager.java:getNodesByAddress(1373)) - Cannot find node for address 127.0.0.1
]]></system-out>
  </testcase>
  <testcase name="testPutKeyWithEncryption(BucketLayout)[3]" classname="org.apache.hadoop.ozone.client.rpc.TestOzoneAtRestEncryption" time="0.304">
    <system-out><![CDATA[2023-09-29 12:51:31,803 [main] INFO  rpc.RpcClient (RpcClient.java:createVolume(462)) - Creating Volume: 115c8793-cc49-4368-bc4f-26351125255b, with runner as owner and space quota set to -1 bytes, counts quota set to -1
2023-09-29 12:51:31,807 [OM StateMachine ApplyTransaction Thread - 0] INFO  volume.OMVolumeCreateRequest (OMVolumeCreateRequest.java:validateAndUpdateCache(196)) - created volume:115c8793-cc49-4368-bc4f-26351125255b for user:runner
2023-09-29 12:51:31,810 [main] INFO  rpc.RpcClient (RpcClient.java:createBucket(689)) - Creating Bucket: 115c8793-cc49-4368-bc4f-26351125255b/a31cb7e4-e118-4661-8aec-7a77f047dd6f, with bucket layout LEGACY, runner as owner, Versioning false, Storage Type set to DISK and Encryption set to true, Replication Type set to server-side default replication type, Namespace Quota set to -1, Space Quota set to -1 
2023-09-29 12:51:31,814 [qtp1873189623-20] INFO  kms-audit (SimpleKMSAuditLogger.java:logAuditSimpleFormat(93)) - OK[op=GET_METADATA, key=key1, user=runner] 
2023-09-29 12:51:31,818 [OM StateMachine ApplyTransaction Thread - 0] INFO  bucket.OMBucketCreateRequest (OMBucketCreateRequest.java:validateAndUpdateCache(270)) - created bucket: a31cb7e4-e118-4661-8aec-7a77f047dd6f of layout LEGACY in volume: 115c8793-cc49-4368-bc4f-26351125255b
2023-09-29 12:51:31,877 [IPC Server handler 5 on default port 15001] WARN  node.SCMNodeManager (SCMNodeManager.java:getNodesByAddress(1373)) - Cannot find node for address 127.0.0.1
2023-09-29 12:51:31,881 [IPC Server handler 6 on default port 15001] WARN  node.SCMNodeManager (SCMNodeManager.java:getNodesByAddress(1373)) - Cannot find node for address 127.0.0.1
2023-09-29 12:51:31,924 [main] INFO  client.DataStreamClient (ConfUtils.java:logGet(46)) - raft.datastream.type = NETTY (custom)
2023-09-29 12:51:31,924 [main] INFO  netty.NettyConfigKeys$DataStream (ConfUtils.java:logGet(46)) - raft.netty.dataStream.client.tls.conf = null (default)
2023-09-29 12:51:31,924 [main] INFO  netty.NettyConfigKeys$DataStream (ConfUtils.java:logGet(46)) - raft.netty.dataStream.client.reply.queue.grace-period = 1s (default)
2023-09-29 12:51:31,925 [main] INFO  netty.NettyConfigKeys$DataStream (ConfUtils.java:logGet(46)) - raft.netty.dataStream.client.worker-group.share = false (default)
2023-09-29 12:51:31,925 [main] INFO  netty.NettyConfigKeys$DataStream (ConfUtils.java:logGet(46)) - raft.netty.dataStream.client.worker-group.size = 4 (default)
2023-09-29 12:51:31,929 [6f9d3266-b874-4586-a718-9027df6ff647-NettyServerStreamRpc-bossGroup--thread1] INFO  logging.LoggingHandler (AbstractInternalLogger.java:log(148)) - [id: 0x3492111a, L:/0:0:0:0:0:0:0:0:15042] READ: [id: 0x321cc9f5, L:/10.1.0.70:15042 - R:/10.1.0.70:59560]
2023-09-29 12:51:31,931 [6f9d3266-b874-4586-a718-9027df6ff647-NettyServerStreamRpc-bossGroup--thread1] INFO  logging.LoggingHandler (AbstractInternalLogger.java:log(148)) - [id: 0x3492111a, L:/0:0:0:0:0:0:0:0:15042] READ COMPLETE
2023-09-29 12:51:32,065 [IPC Server handler 18 on default port 15001] WARN  node.SCMNodeManager (SCMNodeManager.java:getNodesByAddress(1373)) - Cannot find node for address 127.0.0.1
2023-09-29 12:51:32,069 [IPC Server handler 2 on default port 15001] WARN  node.SCMNodeManager (SCMNodeManager.java:getNodesByAddress(1373)) - Cannot find node for address 127.0.0.1
]]></system-out>
  </testcase>
  <testcase name="mpuWithLink(BucketLayout)[1]" classname="org.apache.hadoop.ozone.client.rpc.TestOzoneAtRestEncryption" time="17.167">
    <system-out><![CDATA[2023-09-29 12:51:32,110 [main] INFO  rpc.RpcClient (RpcClient.java:createVolume(462)) - Creating Volume: 7d280ce1-0ae5-40c7-9d12-7f8d4bafdf77, with runner as owner and space quota set to -1 bytes, counts quota set to -1
2023-09-29 12:51:32,116 [OM StateMachine ApplyTransaction Thread - 0] INFO  volume.OMVolumeCreateRequest (OMVolumeCreateRequest.java:validateAndUpdateCache(196)) - created volume:7d280ce1-0ae5-40c7-9d12-7f8d4bafdf77 for user:runner
2023-09-29 12:51:32,118 [main] INFO  rpc.RpcClient (RpcClient.java:createBucket(689)) - Creating Bucket: 7d280ce1-0ae5-40c7-9d12-7f8d4bafdf77/56b01ba2-8fdb-4cec-b8e4-1de557e9f105, with bucket layout FILE_SYSTEM_OPTIMIZED, runner as owner, Versioning false, Storage Type set to DISK and Encryption set to true, Replication Type set to server-side default replication type, Namespace Quota set to -1, Space Quota set to -1 
2023-09-29 12:51:32,121 [qtp1873189623-20] INFO  kms-audit (SimpleKMSAuditLogger.java:logAuditSimpleFormat(93)) - OK[op=GET_METADATA, key=key1, user=runner] 
2023-09-29 12:51:32,126 [OM StateMachine ApplyTransaction Thread - 0] INFO  bucket.OMBucketCreateRequest (OMBucketCreateRequest.java:validateAndUpdateCache(270)) - created bucket: 56b01ba2-8fdb-4cec-b8e4-1de557e9f105 of layout FILE_SYSTEM_OPTIMIZED in volume: 7d280ce1-0ae5-40c7-9d12-7f8d4bafdf77
2023-09-29 12:51:32,128 [main] INFO  rpc.RpcClient (RpcClient.java:createVolume(462)) - Creating Volume: c014f3a7-3578-4a61-8ec8-98140ae685e6, with runner as owner and space quota set to -1 bytes, counts quota set to -1
2023-09-29 12:51:32,132 [OM StateMachine ApplyTransaction Thread - 0] INFO  volume.OMVolumeCreateRequest (OMVolumeCreateRequest.java:validateAndUpdateCache(196)) - created volume:c014f3a7-3578-4a61-8ec8-98140ae685e6 for user:runner
2023-09-29 12:51:32,135 [main] INFO  rpc.RpcClient (RpcClient.java:createBucket(689)) - Creating Bucket: c014f3a7-3578-4a61-8ec8-98140ae685e6/79534814-8d09-4287-8ad7-318ea9b8f126, with server-side default bucket layout, runner as owner, Versioning false, Storage Type set to DISK and Encryption set to false, Replication Type set to server-side default replication type, Namespace Quota set to -1, Space Quota set to -1 
2023-09-29 12:51:32,140 [OM StateMachine ApplyTransaction Thread - 0] INFO  bucket.OMBucketCreateRequest (OMBucketCreateRequest.java:validateAndUpdateCache(270)) - created bucket: 79534814-8d09-4287-8ad7-318ea9b8f126 of layout FILE_SYSTEM_OPTIMIZED in volume: c014f3a7-3578-4a61-8ec8-98140ae685e6
2023-09-29 12:51:33,408 [80a9a8fe-8ad4-444c-8e90-e2ced2b3ac02@group-9A5C66FFCE8A-FollowerState] INFO  impl.FollowerState (FollowerState.java:run(143)) - 80a9a8fe-8ad4-444c-8e90-e2ced2b3ac02@group-9A5C66FFCE8A-FollowerState: change to CANDIDATE, lastRpcElapsedTime:10518394815ns, electionTimeout:5056ms
2023-09-29 12:51:33,408 [80a9a8fe-8ad4-444c-8e90-e2ced2b3ac02@group-9A5C66FFCE8A-FollowerState] INFO  impl.RoleInfo (RoleInfo.java:shutdownFollowerState(110)) - 80a9a8fe-8ad4-444c-8e90-e2ced2b3ac02: shutdown 80a9a8fe-8ad4-444c-8e90-e2ced2b3ac02@group-9A5C66FFCE8A-FollowerState
2023-09-29 12:51:33,408 [80a9a8fe-8ad4-444c-8e90-e2ced2b3ac02@group-9A5C66FFCE8A-FollowerState] INFO  server.RaftServer$Division (RaftServerImpl.java:setRole(329)) - 80a9a8fe-8ad4-444c-8e90-e2ced2b3ac02@group-9A5C66FFCE8A: changes role from  FOLLOWER to CANDIDATE at term 0 for changeToCandidate
2023-09-29 12:51:33,408 [80a9a8fe-8ad4-444c-8e90-e2ced2b3ac02@group-9A5C66FFCE8A-FollowerState] INFO  server.RaftServerConfigKeys (ConfUtils.java:logGet(46)) - raft.server.leaderelection.pre-vote = true (default)
2023-09-29 12:51:33,408 [80a9a8fe-8ad4-444c-8e90-e2ced2b3ac02@group-9A5C66FFCE8A-FollowerState] INFO  impl.RoleInfo (RoleInfo.java:updateAndGet(139)) - 80a9a8fe-8ad4-444c-8e90-e2ced2b3ac02: start 80a9a8fe-8ad4-444c-8e90-e2ced2b3ac02@group-9A5C66FFCE8A-LeaderElection21
2023-09-29 12:51:33,411 [80a9a8fe-8ad4-444c-8e90-e2ced2b3ac02@group-9A5C66FFCE8A-LeaderElection21] INFO  impl.LeaderElection (LeaderElection.java:askForVotes(321)) - 80a9a8fe-8ad4-444c-8e90-e2ced2b3ac02@group-9A5C66FFCE8A-LeaderElection21 PRE_VOTE round 0: submit vote requests at term 0 for -1: peers:[80a9a8fe-8ad4-444c-8e90-e2ced2b3ac02|rpc:10.1.0.70:15059|admin:10.1.0.70:15058|client:10.1.0.70:15057|dataStream:10.1.0.70:15060|priority:1|startupRole:FOLLOWER]|listeners:[], old=null
2023-09-29 12:51:33,411 [80a9a8fe-8ad4-444c-8e90-e2ced2b3ac02@group-9A5C66FFCE8A-LeaderElection21] INFO  impl.LeaderElection (LeaderElection.java:askForVotes(323)) - 80a9a8fe-8ad4-444c-8e90-e2ced2b3ac02@group-9A5C66FFCE8A-LeaderElection21 PRE_VOTE round 0: result PASSED (term=0)
2023-09-29 12:51:33,413 [80a9a8fe-8ad4-444c-8e90-e2ced2b3ac02@group-9A5C66FFCE8A-LeaderElection21] INFO  impl.LeaderElection (LeaderElection.java:askForVotes(321)) - 80a9a8fe-8ad4-444c-8e90-e2ced2b3ac02@group-9A5C66FFCE8A-LeaderElection21 ELECTION round 0: submit vote requests at term 1 for -1: peers:[80a9a8fe-8ad4-444c-8e90-e2ced2b3ac02|rpc:10.1.0.70:15059|admin:10.1.0.70:15058|client:10.1.0.70:15057|dataStream:10.1.0.70:15060|priority:1|startupRole:FOLLOWER]|listeners:[], old=null
2023-09-29 12:51:33,413 [80a9a8fe-8ad4-444c-8e90-e2ced2b3ac02@group-9A5C66FFCE8A-LeaderElection21] INFO  impl.LeaderElection (LeaderElection.java:askForVotes(323)) - 80a9a8fe-8ad4-444c-8e90-e2ced2b3ac02@group-9A5C66FFCE8A-LeaderElection21 ELECTION round 0: result PASSED (term=1)
2023-09-29 12:51:33,413 [80a9a8fe-8ad4-444c-8e90-e2ced2b3ac02@group-9A5C66FFCE8A-LeaderElection21] INFO  impl.RoleInfo (RoleInfo.java:shutdownLeaderElection(130)) - 80a9a8fe-8ad4-444c-8e90-e2ced2b3ac02: shutdown 80a9a8fe-8ad4-444c-8e90-e2ced2b3ac02@group-9A5C66FFCE8A-LeaderElection21
2023-09-29 12:51:33,413 [80a9a8fe-8ad4-444c-8e90-e2ced2b3ac02@group-9A5C66FFCE8A-LeaderElection21] INFO  server.RaftServer$Division (RaftServerImpl.java:setRole(329)) - 80a9a8fe-8ad4-444c-8e90-e2ced2b3ac02@group-9A5C66FFCE8A: changes role from CANDIDATE to LEADER at term 1 for changeToLeader
2023-09-29 12:51:33,413 [80a9a8fe-8ad4-444c-8e90-e2ced2b3ac02@group-9A5C66FFCE8A-LeaderElection21] INFO  ratis.XceiverServerRatis (XceiverServerRatis.java:handleLeaderChangedNotification(902)) - Leader change notification received for group: group-9A5C66FFCE8A with new leaderId: 80a9a8fe-8ad4-444c-8e90-e2ced2b3ac02
2023-09-29 12:51:33,413 [80a9a8fe-8ad4-444c-8e90-e2ced2b3ac02@group-9A5C66FFCE8A-LeaderElection21] INFO  server.RaftServer$Division (ServerState.java:setLeader(317)) - 80a9a8fe-8ad4-444c-8e90-e2ced2b3ac02@group-9A5C66FFCE8A: change Leader from null to 80a9a8fe-8ad4-444c-8e90-e2ced2b3ac02 at term 1 for becomeLeader, leader elected after 10562ms
2023-09-29 12:51:33,413 [80a9a8fe-8ad4-444c-8e90-e2ced2b3ac02@group-9A5C66FFCE8A-LeaderElection21] INFO  server.RaftServerConfigKeys (ConfUtils.java:logGet(46)) - raft.server.staging.catchup.gap = 1000 (default)
2023-09-29 12:51:33,413 [80a9a8fe-8ad4-444c-8e90-e2ced2b3ac02@group-9A5C66FFCE8A-LeaderElection21] INFO  server.RaftServerConfigKeys (ConfUtils.java:logGet(46)) - raft.server.write.element-limit = 1024 (custom)
2023-09-29 12:51:33,414 [80a9a8fe-8ad4-444c-8e90-e2ced2b3ac02@group-9A5C66FFCE8A-LeaderElection21] INFO  server.RaftServerConfigKeys (ConfUtils.java:logGet(46)) - raft.server.write.byte-limit = 1024 M (=1073741824) (custom)
2023-09-29 12:51:33,414 [80a9a8fe-8ad4-444c-8e90-e2ced2b3ac02@group-9A5C66FFCE8A-LeaderElection21] INFO  server.RaftServerConfigKeys (ConfUtils.java:logGet(46)) - raft.server.watch.timeout = 180s (custom)
2023-09-29 12:51:33,414 [80a9a8fe-8ad4-444c-8e90-e2ced2b3ac02@group-9A5C66FFCE8A-LeaderElection21] INFO  server.RaftServerConfigKeys (ConfUtils.java:logGet(46)) - raft.server.watch.timeout.denomination = 1s (default)
2023-09-29 12:51:33,414 [80a9a8fe-8ad4-444c-8e90-e2ced2b3ac02@group-9A5C66FFCE8A-LeaderElection21] INFO  server.RaftServerConfigKeys (ConfUtils.java:logGet(46)) - raft.server.watch.element-limit = 65536 (default)
2023-09-29 12:51:33,414 [80a9a8fe-8ad4-444c-8e90-e2ced2b3ac02@group-9A5C66FFCE8A-LeaderElection21] INFO  server.RaftServerConfigKeys (ConfUtils.java:logGet(46)) - raft.server.write.element-limit = 1024 (custom)
2023-09-29 12:51:33,414 [80a9a8fe-8ad4-444c-8e90-e2ced2b3ac02@group-9A5C66FFCE8A-LeaderElection21] INFO  server.RaftServerConfigKeys (ConfUtils.java:logGet(46)) - raft.server.write.follower.gap.ratio.max = -1.0 (default)
2023-09-29 12:51:33,414 [80a9a8fe-8ad4-444c-8e90-e2ced2b3ac02@group-9A5C66FFCE8A-LeaderElection21] INFO  impl.RoleInfo (RoleInfo.java:updateAndGet(139)) - 80a9a8fe-8ad4-444c-8e90-e2ced2b3ac02: start 80a9a8fe-8ad4-444c-8e90-e2ced2b3ac02@group-9A5C66FFCE8A-LeaderStateImpl
2023-09-29 12:51:33,415 [80a9a8fe-8ad4-444c-8e90-e2ced2b3ac02@group-9A5C66FFCE8A-LeaderElection21] INFO  segmented.SegmentedRaftLogWorker (SegmentedRaftLogWorker.java:startLogSegment(447)) - 80a9a8fe-8ad4-444c-8e90-e2ced2b3ac02@group-9A5C66FFCE8A-SegmentedRaftLogWorker: Starting segment from index:0
2023-09-29 12:51:33,416 [80a9a8fe-8ad4-444c-8e90-e2ced2b3ac02@group-9A5C66FFCE8A-LeaderElection21] INFO  server.RaftServer$Division (ServerState.java:setRaftConf(434)) - 80a9a8fe-8ad4-444c-8e90-e2ced2b3ac02@group-9A5C66FFCE8A: set configuration 0: peers:[80a9a8fe-8ad4-444c-8e90-e2ced2b3ac02|rpc:10.1.0.70:15059|admin:10.1.0.70:15058|client:10.1.0.70:15057|dataStream:10.1.0.70:15060|priority:1|startupRole:FOLLOWER]|listeners:[], old=null
2023-09-29 12:51:33,417 [80a9a8fe-8ad4-444c-8e90-e2ced2b3ac02@group-9A5C66FFCE8A-SegmentedRaftLogWorker] INFO  segmented.SegmentedRaftLogWorker (SegmentedRaftLogWorker.java:execute(651)) - 80a9a8fe-8ad4-444c-8e90-e2ced2b3ac02@group-9A5C66FFCE8A-SegmentedRaftLogWorker: created new log segment /home/runner/work/ozone/ozone/hadoop-ozone/integration-test/target/test-dir/MiniOzoneClusterImpl-811b16cb-c214-4c75-bdb2-1b437bba6cdf/datanode-5/data/ratis/870a759f-8d79-46e0-9830-9a5c66ffce8a/current/log_inprogress_0
2023-09-29 12:51:40,385 [kms-audit_thread] INFO  kms-audit (SimpleKMSAuditLogger.java:logAuditEvent(59)) - OK[op=GENERATE_EEK, key=key1, user=runner, accessCount=2, interval=10584ms] 
2023-09-29 12:51:40,385 [kms-audit_thread] INFO  kms-audit (SimpleKMSAuditLogger.java:logAuditEvent(59)) - OK[op=DECRYPT_EEK, key=key1, user=runner, accessCount=13, interval=10071ms] 
2023-09-29 12:51:47,910 [OM StateMachine ApplyTransaction Thread - 0] DEBUG db.CodecBuffer (CodecBuffer.java:setCapacity(254)) - setCapacity: 4096 -> 10905, max=2147483647
2023-09-29 12:51:47,953 [IPC Server handler 18 on default port 15001] WARN  node.SCMNodeManager (SCMNodeManager.java:getNodesByAddress(1373)) - Cannot find node for address 127.0.0.1
2023-09-29 12:51:47,954 [IPC Server handler 9 on default port 15001] WARN  node.SCMNodeManager (SCMNodeManager.java:getNodesByAddress(1373)) - Cannot find node for address 127.0.0.1
2023-09-29 12:51:47,955 [IPC Server handler 17 on default port 15001] WARN  node.SCMNodeManager (SCMNodeManager.java:getNodesByAddress(1373)) - Cannot find node for address 127.0.0.1
2023-09-29 12:51:47,956 [IPC Server handler 4 on default port 15001] WARN  node.SCMNodeManager (SCMNodeManager.java:getNodesByAddress(1373)) - Cannot find node for address 127.0.0.1
2023-09-29 12:51:47,957 [IPC Server handler 12 on default port 15001] WARN  node.SCMNodeManager (SCMNodeManager.java:getNodesByAddress(1373)) - Cannot find node for address 127.0.0.1
2023-09-29 12:51:47,958 [IPC Server handler 15 on default port 15001] WARN  node.SCMNodeManager (SCMNodeManager.java:getNodesByAddress(1373)) - Cannot find node for address 127.0.0.1
2023-09-29 12:51:47,959 [IPC Server handler 14 on default port 15001] WARN  node.SCMNodeManager (SCMNodeManager.java:getNodesByAddress(1373)) - Cannot find node for address 127.0.0.1
]]></system-out>
  </testcase>
  <testcase name="mpuWithLink(BucketLayout)[2]" classname="org.apache.hadoop.ozone.client.rpc.TestOzoneAtRestEncryption" time="1.944">
    <system-out><![CDATA[2023-09-29 12:51:49,278 [main] INFO  rpc.RpcClient (RpcClient.java:createVolume(462)) - Creating Volume: 3067d496-ca60-4973-92dd-6fa7d8b7d81a, with runner as owner and space quota set to -1 bytes, counts quota set to -1
2023-09-29 12:51:49,283 [OM StateMachine ApplyTransaction Thread - 0] INFO  volume.OMVolumeCreateRequest (OMVolumeCreateRequest.java:validateAndUpdateCache(196)) - created volume:3067d496-ca60-4973-92dd-6fa7d8b7d81a for user:runner
2023-09-29 12:51:49,285 [main] INFO  rpc.RpcClient (RpcClient.java:createBucket(689)) - Creating Bucket: 3067d496-ca60-4973-92dd-6fa7d8b7d81a/2af27a61-1e2e-47e5-940f-093d90ded583, with bucket layout OBJECT_STORE, runner as owner, Versioning false, Storage Type set to DISK and Encryption set to true, Replication Type set to server-side default replication type, Namespace Quota set to -1, Space Quota set to -1 
2023-09-29 12:51:49,303 [qtp1873189623-18] INFO  kms-audit (SimpleKMSAuditLogger.java:logAuditSimpleFormat(93)) - OK[op=GET_METADATA, key=key1, user=runner] 
2023-09-29 12:51:49,309 [OM StateMachine ApplyTransaction Thread - 0] INFO  bucket.OMBucketCreateRequest (OMBucketCreateRequest.java:validateAndUpdateCache(270)) - created bucket: 2af27a61-1e2e-47e5-940f-093d90ded583 of layout OBJECT_STORE in volume: 3067d496-ca60-4973-92dd-6fa7d8b7d81a
2023-09-29 12:51:49,314 [main] INFO  rpc.RpcClient (RpcClient.java:createVolume(462)) - Creating Volume: c76d0204-4b39-45d9-a8c2-8c5a658c1283, with runner as owner and space quota set to -1 bytes, counts quota set to -1
2023-09-29 12:51:49,316 [OM StateMachine ApplyTransaction Thread - 0] INFO  volume.OMVolumeCreateRequest (OMVolumeCreateRequest.java:validateAndUpdateCache(196)) - created volume:c76d0204-4b39-45d9-a8c2-8c5a658c1283 for user:runner
2023-09-29 12:51:49,319 [main] INFO  rpc.RpcClient (RpcClient.java:createBucket(689)) - Creating Bucket: c76d0204-4b39-45d9-a8c2-8c5a658c1283/2f6471da-c890-4129-bc37-cb3f91e67316, with server-side default bucket layout, runner as owner, Versioning false, Storage Type set to DISK and Encryption set to false, Replication Type set to server-side default replication type, Namespace Quota set to -1, Space Quota set to -1 
2023-09-29 12:51:49,323 [OM StateMachine ApplyTransaction Thread - 0] INFO  bucket.OMBucketCreateRequest (OMBucketCreateRequest.java:validateAndUpdateCache(270)) - created bucket: 2f6471da-c890-4129-bc37-cb3f91e67316 of layout FILE_SYSTEM_OPTIMIZED in volume: c76d0204-4b39-45d9-a8c2-8c5a658c1283
2023-09-29 12:51:50,033 [OM StateMachine ApplyTransaction Thread - 0] DEBUG db.CodecBuffer (CodecBuffer.java:setCapacity(254)) - setCapacity: 4096 -> 10879, max=2147483647
2023-09-29 12:51:50,041 [IPC Server handler 1 on default port 15001] WARN  node.SCMNodeManager (SCMNodeManager.java:getNodesByAddress(1373)) - Cannot find node for address 127.0.0.1
2023-09-29 12:51:50,042 [IPC Server handler 0 on default port 15001] WARN  node.SCMNodeManager (SCMNodeManager.java:getNodesByAddress(1373)) - Cannot find node for address 127.0.0.1
2023-09-29 12:51:50,043 [IPC Server handler 10 on default port 15001] WARN  node.SCMNodeManager (SCMNodeManager.java:getNodesByAddress(1373)) - Cannot find node for address 127.0.0.1
2023-09-29 12:51:50,045 [IPC Server handler 16 on default port 15001] WARN  node.SCMNodeManager (SCMNodeManager.java:getNodesByAddress(1373)) - Cannot find node for address 127.0.0.1
2023-09-29 12:51:50,046 [IPC Server handler 7 on default port 15001] WARN  node.SCMNodeManager (SCMNodeManager.java:getNodesByAddress(1373)) - Cannot find node for address 127.0.0.1
2023-09-29 12:51:50,046 [IPC Server handler 13 on default port 15001] WARN  node.SCMNodeManager (SCMNodeManager.java:getNodesByAddress(1373)) - Cannot find node for address 127.0.0.1
]]></system-out>
  </testcase>
  <testcase name="mpuWithLink(BucketLayout)[3]" classname="org.apache.hadoop.ozone.client.rpc.TestOzoneAtRestEncryption" time="1.752">
    <system-out><![CDATA[2023-09-29 12:51:51,223 [main] INFO  rpc.RpcClient (RpcClient.java:createVolume(462)) - Creating Volume: 3a6784fc-b01a-4fba-814b-a1c0c2cdc91f, with runner as owner and space quota set to -1 bytes, counts quota set to -1
2023-09-29 12:51:51,227 [OM StateMachine ApplyTransaction Thread - 0] INFO  volume.OMVolumeCreateRequest (OMVolumeCreateRequest.java:validateAndUpdateCache(196)) - created volume:3a6784fc-b01a-4fba-814b-a1c0c2cdc91f for user:runner
2023-09-29 12:51:51,230 [main] INFO  rpc.RpcClient (RpcClient.java:createBucket(689)) - Creating Bucket: 3a6784fc-b01a-4fba-814b-a1c0c2cdc91f/e93b8483-eb25-4202-9d38-1eacd7c36fb3, with bucket layout LEGACY, runner as owner, Versioning false, Storage Type set to DISK and Encryption set to true, Replication Type set to server-side default replication type, Namespace Quota set to -1, Space Quota set to -1 
2023-09-29 12:51:51,233 [qtp1873189623-20] INFO  kms-audit (SimpleKMSAuditLogger.java:logAuditSimpleFormat(93)) - OK[op=GET_METADATA, key=key1, user=runner] 
2023-09-29 12:51:51,236 [OM StateMachine ApplyTransaction Thread - 0] INFO  bucket.OMBucketCreateRequest (OMBucketCreateRequest.java:validateAndUpdateCache(270)) - created bucket: e93b8483-eb25-4202-9d38-1eacd7c36fb3 of layout LEGACY in volume: 3a6784fc-b01a-4fba-814b-a1c0c2cdc91f
2023-09-29 12:51:51,239 [main] INFO  rpc.RpcClient (RpcClient.java:createVolume(462)) - Creating Volume: 09f42efc-2fb0-40c1-953a-cadb2c9be5ae, with runner as owner and space quota set to -1 bytes, counts quota set to -1
2023-09-29 12:51:51,242 [OM StateMachine ApplyTransaction Thread - 0] INFO  volume.OMVolumeCreateRequest (OMVolumeCreateRequest.java:validateAndUpdateCache(196)) - created volume:09f42efc-2fb0-40c1-953a-cadb2c9be5ae for user:runner
2023-09-29 12:51:51,245 [main] INFO  rpc.RpcClient (RpcClient.java:createBucket(689)) - Creating Bucket: 09f42efc-2fb0-40c1-953a-cadb2c9be5ae/1f8c1bcb-04d1-4235-82f8-40243f171edd, with server-side default bucket layout, runner as owner, Versioning false, Storage Type set to DISK and Encryption set to false, Replication Type set to server-side default replication type, Namespace Quota set to -1, Space Quota set to -1 
2023-09-29 12:51:51,250 [OM StateMachine ApplyTransaction Thread - 0] INFO  bucket.OMBucketCreateRequest (OMBucketCreateRequest.java:validateAndUpdateCache(270)) - created bucket: 1f8c1bcb-04d1-4235-82f8-40243f171edd of layout FILE_SYSTEM_OPTIMIZED in volume: 09f42efc-2fb0-40c1-953a-cadb2c9be5ae
2023-09-29 12:51:51,276 [qtp1873189623-18] INFO  kms-audit (SimpleKMSAuditLogger.java:logAuditEvent(59)) - OK[op=DECRYPT_EEK, key=key1, user=runner, accessCount=5, interval=20962ms] 
2023-09-29 12:51:51,279 [qtp1873189623-18] INFO  kms-audit (SimpleKMSAuditLogger.java:logAuditEvent(59)) - OK[op=DECRYPT_EEK, key=key1, user=runner, accessCount=1, interval=3ms] 
2023-09-29 12:51:51,944 [OM StateMachine ApplyTransaction Thread - 0] DEBUG db.CodecBuffer (CodecBuffer.java:setCapacity(254)) - setCapacity: 4096 -> 10887, max=2147483647
2023-09-29 12:51:51,953 [IPC Server handler 1 on default port 15001] WARN  node.SCMNodeManager (SCMNodeManager.java:getNodesByAddress(1373)) - Cannot find node for address 127.0.0.1
2023-09-29 12:51:51,954 [IPC Server handler 0 on default port 15001] WARN  node.SCMNodeManager (SCMNodeManager.java:getNodesByAddress(1373)) - Cannot find node for address 127.0.0.1
2023-09-29 12:51:51,955 [IPC Server handler 10 on default port 15001] WARN  node.SCMNodeManager (SCMNodeManager.java:getNodesByAddress(1373)) - Cannot find node for address 127.0.0.1
2023-09-29 12:51:51,960 [IPC Server handler 16 on default port 15001] WARN  node.SCMNodeManager (SCMNodeManager.java:getNodesByAddress(1373)) - Cannot find node for address 127.0.0.1
2023-09-29 12:51:51,961 [IPC Server handler 7 on default port 15001] WARN  node.SCMNodeManager (SCMNodeManager.java:getNodesByAddress(1373)) - Cannot find node for address 127.0.0.1
2023-09-29 12:51:51,962 [IPC Server handler 13 on default port 15001] WARN  node.SCMNodeManager (SCMNodeManager.java:getNodesByAddress(1373)) - Cannot find node for address 127.0.0.1
2023-09-29 12:51:51,963 [IPC Server handler 19 on default port 15001] WARN  node.SCMNodeManager (SCMNodeManager.java:getNodesByAddress(1373)) - Cannot find node for address 127.0.0.1
]]></system-out>
  </testcase>
  <testcase name="testLinkEncryptedBuckets(BucketLayout)[1]" classname="org.apache.hadoop.ozone.client.rpc.TestOzoneAtRestEncryption" time="0.227">
    <system-out><![CDATA[2023-09-29 12:51:52,983 [main] INFO  rpc.RpcClient (RpcClient.java:createVolume(462)) - Creating Volume: a941a04d-a9f1-4855-ab51-87156b7a7f72, with runner as owner and space quota set to -1 bytes, counts quota set to -1
2023-09-29 12:51:52,988 [OM StateMachine ApplyTransaction Thread - 0] INFO  volume.OMVolumeCreateRequest (OMVolumeCreateRequest.java:validateAndUpdateCache(196)) - created volume:a941a04d-a9f1-4855-ab51-87156b7a7f72 for user:runner
2023-09-29 12:51:52,994 [main] INFO  rpc.RpcClient (RpcClient.java:createBucket(689)) - Creating Bucket: a941a04d-a9f1-4855-ab51-87156b7a7f72/624a90ac-5fd2-42f9-8e16-7cc5e925cc8d, with bucket layout FILE_SYSTEM_OPTIMIZED, runner as owner, Versioning false, Storage Type set to DISK and Encryption set to true, Replication Type set to server-side default replication type, Namespace Quota set to -1, Space Quota set to -1 
2023-09-29 12:51:52,998 [qtp1873189623-20] INFO  kms-audit (SimpleKMSAuditLogger.java:logAuditSimpleFormat(93)) - OK[op=GET_METADATA, key=key1, user=runner] 
2023-09-29 12:51:53,002 [OM StateMachine ApplyTransaction Thread - 0] INFO  bucket.OMBucketCreateRequest (OMBucketCreateRequest.java:validateAndUpdateCache(270)) - created bucket: 624a90ac-5fd2-42f9-8e16-7cc5e925cc8d of layout FILE_SYSTEM_OPTIMIZED in volume: a941a04d-a9f1-4855-ab51-87156b7a7f72
2023-09-29 12:51:53,005 [main] INFO  rpc.RpcClient (RpcClient.java:createVolume(462)) - Creating Volume: 93f433d8-07af-4243-996b-139910a579b7, with runner as owner and space quota set to -1 bytes, counts quota set to -1
2023-09-29 12:51:53,008 [OM StateMachine ApplyTransaction Thread - 0] INFO  volume.OMVolumeCreateRequest (OMVolumeCreateRequest.java:validateAndUpdateCache(196)) - created volume:93f433d8-07af-4243-996b-139910a579b7 for user:runner
2023-09-29 12:51:53,012 [main] INFO  rpc.RpcClient (RpcClient.java:createBucket(689)) - Creating Bucket: 93f433d8-07af-4243-996b-139910a579b7/a54130a6-57dd-4cc4-b40e-304312174ba5, with server-side default bucket layout, runner as owner, Versioning false, Storage Type set to DISK and Encryption set to false, Replication Type set to server-side default replication type, Namespace Quota set to -1, Space Quota set to -1 
2023-09-29 12:51:53,015 [OM StateMachine ApplyTransaction Thread - 0] INFO  bucket.OMBucketCreateRequest (OMBucketCreateRequest.java:validateAndUpdateCache(270)) - created bucket: a54130a6-57dd-4cc4-b40e-304312174ba5 of layout FILE_SYSTEM_OPTIMIZED in volume: 93f433d8-07af-4243-996b-139910a579b7
2023-09-29 12:51:53,051 [IPC Server handler 5 on default port 15001] WARN  node.SCMNodeManager (SCMNodeManager.java:getNodesByAddress(1373)) - Cannot find node for address 127.0.0.1
2023-09-29 12:51:53,055 [IPC Server handler 6 on default port 15001] WARN  node.SCMNodeManager (SCMNodeManager.java:getNodesByAddress(1373)) - Cannot find node for address 127.0.0.1
2023-09-29 12:51:53,102 [main] INFO  client.DataStreamClient (ConfUtils.java:logGet(46)) - raft.datastream.type = NETTY (custom)
2023-09-29 12:51:53,102 [main] INFO  netty.NettyConfigKeys$DataStream (ConfUtils.java:logGet(46)) - raft.netty.dataStream.client.tls.conf = null (default)
2023-09-29 12:51:53,102 [main] INFO  netty.NettyConfigKeys$DataStream (ConfUtils.java:logGet(46)) - raft.netty.dataStream.client.reply.queue.grace-period = 1s (default)
2023-09-29 12:51:53,103 [main] INFO  netty.NettyConfigKeys$DataStream (ConfUtils.java:logGet(46)) - raft.netty.dataStream.client.worker-group.share = false (default)
2023-09-29 12:51:53,103 [main] INFO  netty.NettyConfigKeys$DataStream (ConfUtils.java:logGet(46)) - raft.netty.dataStream.client.worker-group.size = 4 (default)
2023-09-29 12:51:53,109 [80a9a8fe-8ad4-444c-8e90-e2ced2b3ac02-NettyServerStreamRpc-bossGroup--thread1] INFO  logging.LoggingHandler (AbstractInternalLogger.java:log(148)) - [id: 0xcb9a9e54, L:/0:0:0:0:0:0:0:0:15060] READ: [id: 0x0ecd71e6, L:/10.1.0.70:15060 - R:/10.1.0.70:52428]
2023-09-29 12:51:53,113 [80a9a8fe-8ad4-444c-8e90-e2ced2b3ac02-NettyServerStreamRpc-bossGroup--thread1] INFO  logging.LoggingHandler (AbstractInternalLogger.java:log(148)) - [id: 0xcb9a9e54, L:/0:0:0:0:0:0:0:0:15060] READ COMPLETE
2023-09-29 12:51:53,186 [IPC Server handler 2 on default port 15001] WARN  node.SCMNodeManager (SCMNodeManager.java:getNodesByAddress(1373)) - Cannot find node for address 127.0.0.1
2023-09-29 12:51:53,190 [IPC Server handler 18 on default port 15001] WARN  node.SCMNodeManager (SCMNodeManager.java:getNodesByAddress(1373)) - Cannot find node for address 127.0.0.1
]]></system-out>
  </testcase>
  <testcase name="testLinkEncryptedBuckets(BucketLayout)[2]" classname="org.apache.hadoop.ozone.client.rpc.TestOzoneAtRestEncryption" time="0.203">
    <system-out><![CDATA[2023-09-29 12:51:53,210 [main] INFO  rpc.RpcClient (RpcClient.java:createVolume(462)) - Creating Volume: 60aa6050-5bf7-4bc7-8654-113dc2d0e542, with runner as owner and space quota set to -1 bytes, counts quota set to -1
2023-09-29 12:51:53,218 [OM StateMachine ApplyTransaction Thread - 0] INFO  volume.OMVolumeCreateRequest (OMVolumeCreateRequest.java:validateAndUpdateCache(196)) - created volume:60aa6050-5bf7-4bc7-8654-113dc2d0e542 for user:runner
2023-09-29 12:51:53,221 [main] INFO  rpc.RpcClient (RpcClient.java:createBucket(689)) - Creating Bucket: 60aa6050-5bf7-4bc7-8654-113dc2d0e542/fc90e81c-f857-471e-bece-017c0c54afe0, with bucket layout OBJECT_STORE, runner as owner, Versioning false, Storage Type set to DISK and Encryption set to true, Replication Type set to server-side default replication type, Namespace Quota set to -1, Space Quota set to -1 
2023-09-29 12:51:53,224 [qtp1873189623-18] INFO  kms-audit (SimpleKMSAuditLogger.java:logAuditSimpleFormat(93)) - OK[op=GET_METADATA, key=key1, user=runner] 
2023-09-29 12:51:53,228 [OM StateMachine ApplyTransaction Thread - 0] INFO  bucket.OMBucketCreateRequest (OMBucketCreateRequest.java:validateAndUpdateCache(270)) - created bucket: fc90e81c-f857-471e-bece-017c0c54afe0 of layout OBJECT_STORE in volume: 60aa6050-5bf7-4bc7-8654-113dc2d0e542
2023-09-29 12:51:53,232 [main] INFO  rpc.RpcClient (RpcClient.java:createVolume(462)) - Creating Volume: b20101bd-7a69-4521-8fc5-ab2583f6dce6, with runner as owner and space quota set to -1 bytes, counts quota set to -1
2023-09-29 12:51:53,235 [OM StateMachine ApplyTransaction Thread - 0] INFO  volume.OMVolumeCreateRequest (OMVolumeCreateRequest.java:validateAndUpdateCache(196)) - created volume:b20101bd-7a69-4521-8fc5-ab2583f6dce6 for user:runner
2023-09-29 12:51:53,239 [main] INFO  rpc.RpcClient (RpcClient.java:createBucket(689)) - Creating Bucket: b20101bd-7a69-4521-8fc5-ab2583f6dce6/53b5ed43-5ff0-4943-b0e8-54c15d1845e5, with server-side default bucket layout, runner as owner, Versioning false, Storage Type set to DISK and Encryption set to false, Replication Type set to server-side default replication type, Namespace Quota set to -1, Space Quota set to -1 
2023-09-29 12:51:53,241 [OM StateMachine ApplyTransaction Thread - 0] INFO  bucket.OMBucketCreateRequest (OMBucketCreateRequest.java:validateAndUpdateCache(270)) - created bucket: 53b5ed43-5ff0-4943-b0e8-54c15d1845e5 of layout FILE_SYSTEM_OPTIMIZED in volume: b20101bd-7a69-4521-8fc5-ab2583f6dce6
2023-09-29 12:51:53,280 [IPC Server handler 17 on default port 15001] WARN  node.SCMNodeManager (SCMNodeManager.java:getNodesByAddress(1373)) - Cannot find node for address 127.0.0.1
2023-09-29 12:51:53,284 [IPC Server handler 12 on default port 15001] WARN  node.SCMNodeManager (SCMNodeManager.java:getNodesByAddress(1373)) - Cannot find node for address 127.0.0.1
2023-09-29 12:51:53,314 [main] INFO  client.DataStreamClient (ConfUtils.java:logGet(46)) - raft.datastream.type = NETTY (custom)
2023-09-29 12:51:53,314 [main] INFO  netty.NettyConfigKeys$DataStream (ConfUtils.java:logGet(46)) - raft.netty.dataStream.client.tls.conf = null (default)
2023-09-29 12:51:53,314 [main] INFO  netty.NettyConfigKeys$DataStream (ConfUtils.java:logGet(46)) - raft.netty.dataStream.client.reply.queue.grace-period = 1s (default)
2023-09-29 12:51:53,315 [main] INFO  netty.NettyConfigKeys$DataStream (ConfUtils.java:logGet(46)) - raft.netty.dataStream.client.worker-group.share = false (default)
2023-09-29 12:51:53,315 [main] INFO  netty.NettyConfigKeys$DataStream (ConfUtils.java:logGet(46)) - raft.netty.dataStream.client.worker-group.size = 4 (default)
2023-09-29 12:51:53,323 [9fc007ee-6328-4e66-a7f4-dfd370a25fec-NettyServerStreamRpc-bossGroup--thread1] INFO  logging.LoggingHandler (AbstractInternalLogger.java:log(148)) - [id: 0x96e664bc, L:/0:0:0:0:0:0:0:0:15078] READ: [id: 0xb54ba020, L:/10.1.0.70:15078 - R:/10.1.0.70:50122]
2023-09-29 12:51:53,325 [9fc007ee-6328-4e66-a7f4-dfd370a25fec-NettyServerStreamRpc-bossGroup--thread1] INFO  logging.LoggingHandler (AbstractInternalLogger.java:log(148)) - [id: 0x96e664bc, L:/0:0:0:0:0:0:0:0:15078] READ COMPLETE
2023-09-29 12:51:53,392 [IPC Server handler 15 on default port 15001] WARN  node.SCMNodeManager (SCMNodeManager.java:getNodesByAddress(1373)) - Cannot find node for address 127.0.0.1
2023-09-29 12:51:53,395 [IPC Server handler 14 on default port 15001] WARN  node.SCMNodeManager (SCMNodeManager.java:getNodesByAddress(1373)) - Cannot find node for address 127.0.0.1
]]></system-out>
  </testcase>
  <testcase name="testLinkEncryptedBuckets(BucketLayout)[3]" classname="org.apache.hadoop.ozone.client.rpc.TestOzoneAtRestEncryption" time="0.227">
    <system-out><![CDATA[2023-09-29 12:51:53,415 [main] INFO  rpc.RpcClient (RpcClient.java:createVolume(462)) - Creating Volume: 1c61fe73-9b11-4289-91af-e3fd1d1e0564, with runner as owner and space quota set to -1 bytes, counts quota set to -1
2023-09-29 12:51:53,419 [OM StateMachine ApplyTransaction Thread - 0] INFO  volume.OMVolumeCreateRequest (OMVolumeCreateRequest.java:validateAndUpdateCache(196)) - created volume:1c61fe73-9b11-4289-91af-e3fd1d1e0564 for user:runner
2023-09-29 12:51:53,422 [main] INFO  rpc.RpcClient (RpcClient.java:createBucket(689)) - Creating Bucket: 1c61fe73-9b11-4289-91af-e3fd1d1e0564/b1310112-d470-4dcc-8069-5591728b2af0, with bucket layout LEGACY, runner as owner, Versioning false, Storage Type set to DISK and Encryption set to true, Replication Type set to server-side default replication type, Namespace Quota set to -1, Space Quota set to -1 
2023-09-29 12:51:53,425 [qtp1873189623-18] INFO  kms-audit (SimpleKMSAuditLogger.java:logAuditSimpleFormat(93)) - OK[op=GET_METADATA, key=key1, user=runner] 
2023-09-29 12:51:53,428 [OM StateMachine ApplyTransaction Thread - 0] INFO  bucket.OMBucketCreateRequest (OMBucketCreateRequest.java:validateAndUpdateCache(270)) - created bucket: b1310112-d470-4dcc-8069-5591728b2af0 of layout LEGACY in volume: 1c61fe73-9b11-4289-91af-e3fd1d1e0564
2023-09-29 12:51:53,432 [main] INFO  rpc.RpcClient (RpcClient.java:createVolume(462)) - Creating Volume: 95cbe83a-504a-4750-8f64-b3cd321deb9d, with runner as owner and space quota set to -1 bytes, counts quota set to -1
2023-09-29 12:51:53,435 [OM StateMachine ApplyTransaction Thread - 0] INFO  volume.OMVolumeCreateRequest (OMVolumeCreateRequest.java:validateAndUpdateCache(196)) - created volume:95cbe83a-504a-4750-8f64-b3cd321deb9d for user:runner
2023-09-29 12:51:53,437 [main] INFO  rpc.RpcClient (RpcClient.java:createBucket(689)) - Creating Bucket: 95cbe83a-504a-4750-8f64-b3cd321deb9d/0f70ffff-e456-4df8-9c1a-aa0823a7e115, with server-side default bucket layout, runner as owner, Versioning false, Storage Type set to DISK and Encryption set to false, Replication Type set to server-side default replication type, Namespace Quota set to -1, Space Quota set to -1 
2023-09-29 12:51:53,440 [OM StateMachine ApplyTransaction Thread - 0] INFO  bucket.OMBucketCreateRequest (OMBucketCreateRequest.java:validateAndUpdateCache(270)) - created bucket: 0f70ffff-e456-4df8-9c1a-aa0823a7e115 of layout FILE_SYSTEM_OPTIMIZED in volume: 95cbe83a-504a-4750-8f64-b3cd321deb9d
2023-09-29 12:51:53,483 [IPC Server handler 1 on default port 15001] WARN  node.SCMNodeManager (SCMNodeManager.java:getNodesByAddress(1373)) - Cannot find node for address 127.0.0.1
2023-09-29 12:51:53,486 [IPC Server handler 0 on default port 15001] WARN  node.SCMNodeManager (SCMNodeManager.java:getNodesByAddress(1373)) - Cannot find node for address 127.0.0.1
2023-09-29 12:51:53,518 [main] INFO  client.DataStreamClient (ConfUtils.java:logGet(46)) - raft.datastream.type = NETTY (custom)
2023-09-29 12:51:53,519 [main] INFO  netty.NettyConfigKeys$DataStream (ConfUtils.java:logGet(46)) - raft.netty.dataStream.client.tls.conf = null (default)
2023-09-29 12:51:53,519 [main] INFO  netty.NettyConfigKeys$DataStream (ConfUtils.java:logGet(46)) - raft.netty.dataStream.client.reply.queue.grace-period = 1s (default)
2023-09-29 12:51:53,519 [main] INFO  netty.NettyConfigKeys$DataStream (ConfUtils.java:logGet(46)) - raft.netty.dataStream.client.worker-group.share = false (default)
2023-09-29 12:51:53,519 [main] INFO  netty.NettyConfigKeys$DataStream (ConfUtils.java:logGet(46)) - raft.netty.dataStream.client.worker-group.size = 4 (default)
2023-09-29 12:51:53,524 [f6fa4039-8fe9-46ca-92f5-bb04d02dc273-NettyServerStreamRpc-bossGroup--thread1] INFO  logging.LoggingHandler (AbstractInternalLogger.java:log(148)) - [id: 0x6b573fd6, L:/0:0:0:0:0:0:0:0:15096] READ: [id: 0x3638960c, L:/10.1.0.70:15096 - R:/10.1.0.70:54754]
2023-09-29 12:51:53,525 [f6fa4039-8fe9-46ca-92f5-bb04d02dc273-NettyServerStreamRpc-bossGroup--thread1] INFO  logging.LoggingHandler (AbstractInternalLogger.java:log(148)) - [id: 0x6b573fd6, L:/0:0:0:0:0:0:0:0:15096] READ COMPLETE
2023-09-29 12:51:53,622 [IPC Server handler 16 on default port 15001] WARN  node.SCMNodeManager (SCMNodeManager.java:getNodesByAddress(1373)) - Cannot find node for address 127.0.0.1
2023-09-29 12:51:53,626 [IPC Server handler 7 on default port 15001] WARN  node.SCMNodeManager (SCMNodeManager.java:getNodesByAddress(1373)) - Cannot find node for address 127.0.0.1
]]></system-out>
  </testcase>
  <testcase name="testGetKeyProvider" classname="org.apache.hadoop.ozone.client.rpc.TestOzoneAtRestEncryption" time="2.266"/>
  <testcase name="mpuThreePartsOverride(BucketLayout)[1]" classname="org.apache.hadoop.ozone.client.rpc.TestOzoneAtRestEncryption" time="7.006">
    <system-out><![CDATA[2023-09-29 12:51:55,947 [main] INFO  rpc.RpcClient (RpcClient.java:createVolume(462)) - Creating Volume: 3b1714fa-867b-46c2-a263-ccde53d9f5b8, with runner as owner and space quota set to -1 bytes, counts quota set to -1
2023-09-29 12:51:55,958 [OM StateMachine ApplyTransaction Thread - 0] INFO  volume.OMVolumeCreateRequest (OMVolumeCreateRequest.java:validateAndUpdateCache(196)) - created volume:3b1714fa-867b-46c2-a263-ccde53d9f5b8 for user:runner
2023-09-29 12:51:55,965 [main] INFO  rpc.RpcClient (RpcClient.java:createBucket(689)) - Creating Bucket: 3b1714fa-867b-46c2-a263-ccde53d9f5b8/a52f4eb4-98f3-4d79-9dc0-6c3b991c208b, with bucket layout FILE_SYSTEM_OPTIMIZED, runner as owner, Versioning false, Storage Type set to DISK and Encryption set to true, Replication Type set to server-side default replication type, Namespace Quota set to -1, Space Quota set to -1 
2023-09-29 12:51:55,973 [qtp1873189623-18] INFO  kms-audit (SimpleKMSAuditLogger.java:logAuditSimpleFormat(93)) - OK[op=GET_METADATA, key=key1, user=runner] 
2023-09-29 12:51:55,980 [OM StateMachine ApplyTransaction Thread - 0] INFO  bucket.OMBucketCreateRequest (OMBucketCreateRequest.java:validateAndUpdateCache(270)) - created bucket: a52f4eb4-98f3-4d79-9dc0-6c3b991c208b of layout FILE_SYSTEM_OPTIMIZED in volume: 3b1714fa-867b-46c2-a263-ccde53d9f5b8
2023-09-29 12:51:56,067 [qtp1873189623-18] ERROR generators.WadlGeneratorJAXBGrammarGenerator (WadlGeneratorJAXBGrammarGenerator.java:buildModelAndSchemas(207)) - Failed to generate the schema for the JAX-B elements
com.sun.xml.bind.v2.runtime.IllegalAnnotationsException: 1 counts of IllegalAnnotationExceptions
java.util.Map is an interface, and JAXB can't handle interfaces.
	this problem is related to the following location:
		at java.util.Map

	at com.sun.xml.bind.v2.runtime.IllegalAnnotationsException$Builder.check(IllegalAnnotationsException.java:106)
	at com.sun.xml.bind.v2.runtime.JAXBContextImpl.getTypeInfoSet(JAXBContextImpl.java:471)
	at com.sun.xml.bind.v2.runtime.JAXBContextImpl.<init>(JAXBContextImpl.java:303)
	at com.sun.xml.bind.v2.runtime.JAXBContextImpl.<init>(JAXBContextImpl.java:139)
	at com.sun.xml.bind.v2.runtime.JAXBContextImpl$JAXBContextBuilder.build(JAXBContextImpl.java:1156)
	at com.sun.xml.bind.v2.ContextFactory.createContext(ContextFactory.java:165)
	at sun.reflect.NativeMethodAccessorImpl.invoke0(Native Method)
	at sun.reflect.NativeMethodAccessorImpl.invoke(NativeMethodAccessorImpl.java:62)
	at sun.reflect.DelegatingMethodAccessorImpl.invoke(DelegatingMethodAccessorImpl.java:43)
	at java.lang.reflect.Method.invoke(Method.java:498)
	at javax.xml.bind.ContextFinder.newInstance(ContextFinder.java:247)
	at javax.xml.bind.ContextFinder.newInstance(ContextFinder.java:234)
	at javax.xml.bind.ContextFinder.find(ContextFinder.java:441)
	at javax.xml.bind.JAXBContext.newInstance(JAXBContext.java:641)
	at javax.xml.bind.JAXBContext.newInstance(JAXBContext.java:584)
	at com.sun.jersey.server.wadl.generators.WadlGeneratorJAXBGrammarGenerator.buildModelAndSchemas(WadlGeneratorJAXBGrammarGenerator.java:169)
	at com.sun.jersey.server.wadl.generators.AbstractWadlGeneratorGrammarGenerator.createExternalGrammar(AbstractWadlGeneratorGrammarGenerator.java:405)
	at com.sun.jersey.server.wadl.WadlBuilder.generate(WadlBuilder.java:149)
	at com.sun.jersey.server.impl.wadl.WadlApplicationContextImpl.getApplication(WadlApplicationContextImpl.java:119)
	at com.sun.jersey.server.impl.wadl.WadlApplicationContextImpl.getApplication(WadlApplicationContextImpl.java:138)
	at com.sun.jersey.server.impl.wadl.WadlMethodFactory$WadlOptionsMethodDispatcher.dispatch(WadlMethodFactory.java:110)
	at com.sun.jersey.server.impl.uri.rules.HttpMethodRule.accept(HttpMethodRule.java:302)
	at com.sun.jersey.server.impl.uri.rules.RightHandPathRule.accept(RightHandPathRule.java:147)
	at com.sun.jersey.server.impl.uri.rules.ResourceClassRule.accept(ResourceClassRule.java:108)
	at com.sun.jersey.server.impl.uri.rules.RightHandPathRule.accept(RightHandPathRule.java:147)
	at com.sun.jersey.server.impl.uri.rules.RootResourceClassesRule.accept(RootResourceClassesRule.java:84)
	at com.sun.jersey.server.impl.application.WebApplicationImpl._handleRequest(WebApplicationImpl.java:1542)
	at com.sun.jersey.server.impl.application.WebApplicationImpl._handleRequest(WebApplicationImpl.java:1473)
	at com.sun.jersey.server.impl.application.WebApplicationImpl.handleRequest(WebApplicationImpl.java:1419)
	at com.sun.jersey.server.impl.application.WebApplicationImpl.handleRequest(WebApplicationImpl.java:1409)
	at com.sun.jersey.spi.container.servlet.WebComponent.service(WebComponent.java:409)
	at com.sun.jersey.spi.container.servlet.ServletContainer.service(ServletContainer.java:558)
	at com.sun.jersey.spi.container.servlet.ServletContainer.service(ServletContainer.java:733)
	at javax.servlet.http.HttpServlet.service(HttpServlet.java:590)
	at org.eclipse.jetty.servlet.ServletHolder$NotAsync.service(ServletHolder.java:1459)
	at org.eclipse.jetty.servlet.ServletHolder.handle(ServletHolder.java:799)
	at org.eclipse.jetty.servlet.ServletHandler$ChainEnd.doFilter(ServletHandler.java:1656)
	at org.apache.hadoop.crypto.key.kms.server.KMSMDCFilter.doFilter(KMSMDCFilter.java:98)
	at org.eclipse.jetty.servlet.FilterHolder.doFilter(FilterHolder.java:193)
	at org.eclipse.jetty.servlet.ServletHandler$Chain.doFilter(ServletHandler.java:1626)
	at org.apache.hadoop.security.authentication.server.AuthenticationFilter.doFilter(AuthenticationFilter.java:650)
	at org.apache.hadoop.security.token.delegation.web.DelegationTokenAuthenticationFilter.doFilter(DelegationTokenAuthenticationFilter.java:305)
	at org.apache.hadoop.security.authentication.server.AuthenticationFilter.doFilter(AuthenticationFilter.java:592)
	at org.apache.hadoop.crypto.key.kms.server.KMSAuthenticationFilter.doFilter(KMSAuthenticationFilter.java:162)
	at org.eclipse.jetty.servlet.FilterHolder.doFilter(FilterHolder.java:201)
	at org.eclipse.jetty.servlet.ServletHandler$Chain.doFilter(ServletHandler.java:1626)
	at org.apache.hadoop.http.lib.StaticUserWebFilter$StaticUserFilter.doFilter(StaticUserWebFilter.java:110)
	at org.eclipse.jetty.servlet.FilterHolder.doFilter(FilterHolder.java:193)
	at org.eclipse.jetty.servlet.ServletHandler$Chain.doFilter(ServletHandler.java:1626)
	at org.apache.hadoop.http.HttpServer2$QuotingInputFilter.doFilter(HttpServer2.java:1794)
	at org.eclipse.jetty.servlet.FilterHolder.doFilter(FilterHolder.java:193)
	at org.eclipse.jetty.servlet.ServletHandler$Chain.doFilter(ServletHandler.java:1626)
	at org.apache.hadoop.http.NoCacheFilter.doFilter(NoCacheFilter.java:45)
	at org.eclipse.jetty.servlet.FilterHolder.doFilter(FilterHolder.java:193)
	at org.eclipse.jetty.servlet.ServletHandler$Chain.doFilter(ServletHandler.java:1626)
	at org.eclipse.jetty.servlet.ServletHandler.doHandle(ServletHandler.java:552)
	at org.eclipse.jetty.server.handler.ScopedHandler.handle(ScopedHandler.java:143)
	at org.eclipse.jetty.security.SecurityHandler.handle(SecurityHandler.java:600)
	at org.eclipse.jetty.server.handler.HandlerWrapper.handle(HandlerWrapper.java:127)
	at org.eclipse.jetty.server.handler.ScopedHandler.nextHandle(ScopedHandler.java:235)
	at org.eclipse.jetty.server.session.SessionHandler.doHandle(SessionHandler.java:1624)
	at org.eclipse.jetty.server.handler.ScopedHandler.nextHandle(ScopedHandler.java:233)
	at org.eclipse.jetty.server.handler.ContextHandler.doHandle(ContextHandler.java:1440)
	at org.eclipse.jetty.server.handler.ScopedHandler.nextScope(ScopedHandler.java:188)
	at org.eclipse.jetty.servlet.ServletHandler.doScope(ServletHandler.java:505)
	at org.eclipse.jetty.server.session.SessionHandler.doScope(SessionHandler.java:1594)
	at org.eclipse.jetty.server.handler.ScopedHandler.nextScope(ScopedHandler.java:186)
	at org.eclipse.jetty.server.handler.ContextHandler.doScope(ContextHandler.java:1355)
	at org.eclipse.jetty.server.handler.ScopedHandler.handle(ScopedHandler.java:141)
	at org.eclipse.jetty.server.handler.HandlerCollection.handle(HandlerCollection.java:146)
	at org.eclipse.jetty.server.handler.HandlerWrapper.handle(HandlerWrapper.java:127)
	at org.eclipse.jetty.server.Server.handle(Server.java:512)
	at org.eclipse.jetty.server.HttpChannel.lambda$handle$1(HttpChannel.java:487)
	at org.eclipse.jetty.server.HttpChannel.dispatch(HttpChannel.java:732)
	at org.eclipse.jetty.server.HttpChannel.handle(HttpChannel.java:479)
	at org.eclipse.jetty.server.HttpConnection.onFillable(HttpConnection.java:277)
	at org.eclipse.jetty.io.AbstractConnection$ReadCallback.succeeded(AbstractConnection.java:311)
	at org.eclipse.jetty.io.FillInterest.fillable(FillInterest.java:105)
	at org.eclipse.jetty.io.ChannelEndPoint$1.run(ChannelEndPoint.java:104)
	at org.eclipse.jetty.util.thread.strategy.EatWhatYouKill.runTask(EatWhatYouKill.java:338)
	at org.eclipse.jetty.util.thread.strategy.EatWhatYouKill.doProduce(EatWhatYouKill.java:315)
	at org.eclipse.jetty.util.thread.strategy.EatWhatYouKill.tryProduce(EatWhatYouKill.java:173)
	at org.eclipse.jetty.util.thread.strategy.EatWhatYouKill.run(EatWhatYouKill.java:131)
	at org.eclipse.jetty.util.thread.ReservedThreadExecutor$ReservedThread.run(ReservedThreadExecutor.java:409)
	at org.eclipse.jetty.util.thread.QueuedThreadPool.runJob(QueuedThreadPool.java:883)
	at org.eclipse.jetty.util.thread.QueuedThreadPool$Runner.run(QueuedThreadPool.java:1034)
	at java.lang.Thread.run(Thread.java:750)
2023-09-29 12:51:56,071 [qtp1873189623-18] INFO  generators.AbstractWadlGeneratorGrammarGenerator (AbstractWadlGeneratorGrammarGenerator.java:attachTypes(479)) - Couldn't find grammar element for class java.util.Map
2023-09-29 12:51:56,071 [qtp1873189623-18] INFO  generators.AbstractWadlGeneratorGrammarGenerator (AbstractWadlGeneratorGrammarGenerator.java:attachTypes(479)) - Couldn't find grammar element for class javax.ws.rs.core.Response
2023-09-29 12:51:56,071 [qtp1873189623-18] INFO  generators.AbstractWadlGeneratorGrammarGenerator (AbstractWadlGeneratorGrammarGenerator.java:attachTypes(479)) - Couldn't find grammar element for class java.util.Map
2023-09-29 12:51:56,072 [qtp1873189623-18] INFO  generators.AbstractWadlGeneratorGrammarGenerator (AbstractWadlGeneratorGrammarGenerator.java:attachTypes(479)) - Couldn't find grammar element for class javax.ws.rs.core.Response
2023-09-29 12:51:56,072 [qtp1873189623-18] INFO  generators.AbstractWadlGeneratorGrammarGenerator (AbstractWadlGeneratorGrammarGenerator.java:attachTypes(479)) - Couldn't find grammar element for class java.util.Map
2023-09-29 12:51:56,072 [qtp1873189623-18] INFO  generators.AbstractWadlGeneratorGrammarGenerator (AbstractWadlGeneratorGrammarGenerator.java:attachTypes(479)) - Couldn't find grammar element for class java.util.Map
2023-09-29 12:51:56,073 [qtp1873189623-18] INFO  generators.AbstractWadlGeneratorGrammarGenerator (AbstractWadlGeneratorGrammarGenerator.java:attachTypes(479)) - Couldn't find grammar element for class javax.ws.rs.core.Response
2023-09-29 12:51:56,075 [qtp1873189623-18] INFO  generators.AbstractWadlGeneratorGrammarGenerator (AbstractWadlGeneratorGrammarGenerator.java:attachTypes(479)) - Couldn't find grammar element for class java.util.Map
2023-09-29 12:51:58,472 [OM StateMachine ApplyTransaction Thread - 0] DEBUG db.CodecBuffer (CodecBuffer.java:setCapacity(254)) - setCapacity: 4096 -> 10916, max=2147483647
2023-09-29 12:51:58,488 [OM StateMachine ApplyTransaction Thread - 0] DEBUG db.CodecBuffer (CodecBuffer.java:setCapacity(254)) - setCapacity: 4096 -> 20586, max=2147483647
2023-09-29 12:51:58,511 [IPC Server handler 16 on default port 15001] WARN  node.SCMNodeManager (SCMNodeManager.java:getNodesByAddress(1373)) - Cannot find node for address 127.0.0.1
2023-09-29 12:51:58,515 [IPC Server handler 7 on default port 15001] WARN  node.SCMNodeManager (SCMNodeManager.java:getNodesByAddress(1373)) - Cannot find node for address 127.0.0.1
2023-09-29 12:51:58,517 [IPC Server handler 13 on default port 15001] WARN  node.SCMNodeManager (SCMNodeManager.java:getNodesByAddress(1373)) - Cannot find node for address 127.0.0.1
2023-09-29 12:51:58,518 [IPC Server handler 19 on default port 15001] WARN  node.SCMNodeManager (SCMNodeManager.java:getNodesByAddress(1373)) - Cannot find node for address 127.0.0.1
2023-09-29 12:51:58,519 [IPC Server handler 15 on default port 15001] WARN  node.SCMNodeManager (SCMNodeManager.java:getNodesByAddress(1373)) - Cannot find node for address 127.0.0.1
2023-09-29 12:51:58,521 [IPC Server handler 14 on default port 15001] WARN  node.SCMNodeManager (SCMNodeManager.java:getNodesByAddress(1373)) - Cannot find node for address 127.0.0.1
2023-09-29 12:51:58,522 [IPC Server handler 4 on default port 15001] WARN  node.SCMNodeManager (SCMNodeManager.java:getNodesByAddress(1373)) - Cannot find node for address 127.0.0.1
2023-09-29 12:51:58,524 [IPC Server handler 12 on default port 15001] WARN  node.SCMNodeManager (SCMNodeManager.java:getNodesByAddress(1373)) - Cannot find node for address 127.0.0.1
2023-09-29 12:51:58,525 [IPC Server handler 17 on default port 15001] WARN  node.SCMNodeManager (SCMNodeManager.java:getNodesByAddress(1373)) - Cannot find node for address 127.0.0.1
2023-09-29 12:51:58,527 [IPC Server handler 9 on default port 15001] WARN  node.SCMNodeManager (SCMNodeManager.java:getNodesByAddress(1373)) - Cannot find node for address 127.0.0.1
2023-09-29 12:52:01,381 [kms-audit_thread] INFO  kms-audit (SimpleKMSAuditLogger.java:logAuditEvent(59)) - OK[op=DECRYPT_EEK, key=key1, user=runner, accessCount=21, interval=31067ms] 
2023-09-29 12:52:01,635 [OM StateMachine ApplyTransaction Thread - 0] DEBUG db.CodecBuffer (CodecBuffer.java:setCapacity(254)) - setCapacity: 4096 -> 10915, max=2147483647
2023-09-29 12:52:01,645 [OM StateMachine ApplyTransaction Thread - 0] DEBUG db.CodecBuffer (CodecBuffer.java:setCapacity(254)) - setCapacity: 4096 -> 20596, max=2147483647
2023-09-29 12:52:01,667 [IPC Server handler 1 on default port 15001] WARN  node.SCMNodeManager (SCMNodeManager.java:getNodesByAddress(1373)) - Cannot find node for address 127.0.0.1
2023-09-29 12:52:01,668 [IPC Server handler 3 on default port 15001] WARN  node.SCMNodeManager (SCMNodeManager.java:getNodesByAddress(1373)) - Cannot find node for address 127.0.0.1
2023-09-29 12:52:01,669 [IPC Server handler 10 on default port 15001] WARN  node.SCMNodeManager (SCMNodeManager.java:getNodesByAddress(1373)) - Cannot find node for address 127.0.0.1
2023-09-29 12:52:01,670 [IPC Server handler 16 on default port 15001] WARN  node.SCMNodeManager (SCMNodeManager.java:getNodesByAddress(1373)) - Cannot find node for address 127.0.0.1
2023-09-29 12:52:01,671 [IPC Server handler 7 on default port 15001] WARN  node.SCMNodeManager (SCMNodeManager.java:getNodesByAddress(1373)) - Cannot find node for address 127.0.0.1
2023-09-29 12:52:01,672 [IPC Server handler 13 on default port 15001] WARN  node.SCMNodeManager (SCMNodeManager.java:getNodesByAddress(1373)) - Cannot find node for address 127.0.0.1
2023-09-29 12:52:01,673 [IPC Server handler 19 on default port 15001] WARN  node.SCMNodeManager (SCMNodeManager.java:getNodesByAddress(1373)) - Cannot find node for address 127.0.0.1
2023-09-29 12:52:01,674 [IPC Server handler 15 on default port 15001] WARN  node.SCMNodeManager (SCMNodeManager.java:getNodesByAddress(1373)) - Cannot find node for address 127.0.0.1
2023-09-29 12:52:01,674 [IPC Server handler 14 on default port 15001] WARN  node.SCMNodeManager (SCMNodeManager.java:getNodesByAddress(1373)) - Cannot find node for address 127.0.0.1
]]></system-out>
  </testcase>
  <testcase name="mpuThreePartsOverride(BucketLayout)[2]" classname="org.apache.hadoop.ozone.client.rpc.TestOzoneAtRestEncryption" time="4.785">
    <system-out><![CDATA[2023-09-29 12:52:02,946 [main] INFO  rpc.RpcClient (RpcClient.java:createVolume(462)) - Creating Volume: 157534d4-b107-40ea-957b-3b06947d055c, with runner as owner and space quota set to -1 bytes, counts quota set to -1
2023-09-29 12:52:02,950 [OM StateMachine ApplyTransaction Thread - 0] INFO  volume.OMVolumeCreateRequest (OMVolumeCreateRequest.java:validateAndUpdateCache(196)) - created volume:157534d4-b107-40ea-957b-3b06947d055c for user:runner
2023-09-29 12:52:02,953 [main] INFO  rpc.RpcClient (RpcClient.java:createBucket(689)) - Creating Bucket: 157534d4-b107-40ea-957b-3b06947d055c/d8f36407-010c-4259-9516-2a7f1aeb6cbd, with bucket layout OBJECT_STORE, runner as owner, Versioning false, Storage Type set to DISK and Encryption set to true, Replication Type set to server-side default replication type, Namespace Quota set to -1, Space Quota set to -1 
2023-09-29 12:52:02,968 [qtp1873189623-18] INFO  kms-audit (SimpleKMSAuditLogger.java:logAuditSimpleFormat(93)) - OK[op=GET_METADATA, key=key1, user=runner] 
2023-09-29 12:52:02,972 [OM StateMachine ApplyTransaction Thread - 0] INFO  bucket.OMBucketCreateRequest (OMBucketCreateRequest.java:validateAndUpdateCache(270)) - created bucket: d8f36407-010c-4259-9516-2a7f1aeb6cbd of layout OBJECT_STORE in volume: 157534d4-b107-40ea-957b-3b06947d055c
2023-09-29 12:52:04,093 [OM StateMachine ApplyTransaction Thread - 0] DEBUG db.CodecBuffer (CodecBuffer.java:setCapacity(254)) - setCapacity: 4096 -> 10895, max=2147483647
2023-09-29 12:52:04,102 [OM StateMachine ApplyTransaction Thread - 0] DEBUG db.CodecBuffer (CodecBuffer.java:setCapacity(254)) - setCapacity: 4096 -> 20576, max=2147483647
2023-09-29 12:52:04,117 [IPC Server handler 5 on default port 15001] WARN  node.SCMNodeManager (SCMNodeManager.java:getNodesByAddress(1373)) - Cannot find node for address 127.0.0.1
2023-09-29 12:52:04,118 [IPC Server handler 11 on default port 15001] WARN  node.SCMNodeManager (SCMNodeManager.java:getNodesByAddress(1373)) - Cannot find node for address 127.0.0.1
2023-09-29 12:52:04,119 [IPC Server handler 0 on default port 15001] WARN  node.SCMNodeManager (SCMNodeManager.java:getNodesByAddress(1373)) - Cannot find node for address 127.0.0.1
2023-09-29 12:52:04,120 [IPC Server handler 1 on default port 15001] WARN  node.SCMNodeManager (SCMNodeManager.java:getNodesByAddress(1373)) - Cannot find node for address 127.0.0.1
2023-09-29 12:52:04,121 [IPC Server handler 3 on default port 15001] WARN  node.SCMNodeManager (SCMNodeManager.java:getNodesByAddress(1373)) - Cannot find node for address 127.0.0.1
2023-09-29 12:52:04,122 [IPC Server handler 10 on default port 15001] WARN  node.SCMNodeManager (SCMNodeManager.java:getNodesByAddress(1373)) - Cannot find node for address 127.0.0.1
2023-09-29 12:52:04,122 [IPC Server handler 16 on default port 15001] WARN  node.SCMNodeManager (SCMNodeManager.java:getNodesByAddress(1373)) - Cannot find node for address 127.0.0.1
2023-09-29 12:52:04,123 [IPC Server handler 7 on default port 15001] WARN  node.SCMNodeManager (SCMNodeManager.java:getNodesByAddress(1373)) - Cannot find node for address 127.0.0.1
2023-09-29 12:52:04,124 [IPC Server handler 13 on default port 15001] WARN  node.SCMNodeManager (SCMNodeManager.java:getNodesByAddress(1373)) - Cannot find node for address 127.0.0.1
2023-09-29 12:52:04,125 [IPC Server handler 19 on default port 15001] WARN  node.SCMNodeManager (SCMNodeManager.java:getNodesByAddress(1373)) - Cannot find node for address 127.0.0.1
2023-09-29 12:52:06,370 [OM StateMachine ApplyTransaction Thread - 0] DEBUG db.CodecBuffer (CodecBuffer.java:setCapacity(254)) - setCapacity: 4096 -> 10889, max=2147483647
2023-09-29 12:52:06,377 [OM StateMachine ApplyTransaction Thread - 0] DEBUG db.CodecBuffer (CodecBuffer.java:setCapacity(254)) - setCapacity: 4096 -> 20573, max=2147483647
2023-09-29 12:52:06,387 [IPC Server handler 8 on default port 15001] WARN  node.SCMNodeManager (SCMNodeManager.java:getNodesByAddress(1373)) - Cannot find node for address 127.0.0.1
2023-09-29 12:52:06,388 [IPC Server handler 6 on default port 15001] WARN  node.SCMNodeManager (SCMNodeManager.java:getNodesByAddress(1373)) - Cannot find node for address 127.0.0.1
2023-09-29 12:52:06,389 [IPC Server handler 5 on default port 15001] WARN  node.SCMNodeManager (SCMNodeManager.java:getNodesByAddress(1373)) - Cannot find node for address 127.0.0.1
2023-09-29 12:52:06,390 [IPC Server handler 11 on default port 15001] WARN  node.SCMNodeManager (SCMNodeManager.java:getNodesByAddress(1373)) - Cannot find node for address 127.0.0.1
2023-09-29 12:52:06,391 [IPC Server handler 0 on default port 15001] WARN  node.SCMNodeManager (SCMNodeManager.java:getNodesByAddress(1373)) - Cannot find node for address 127.0.0.1
2023-09-29 12:52:06,392 [IPC Server handler 1 on default port 15001] WARN  node.SCMNodeManager (SCMNodeManager.java:getNodesByAddress(1373)) - Cannot find node for address 127.0.0.1
2023-09-29 12:52:06,392 [IPC Server handler 3 on default port 15001] WARN  node.SCMNodeManager (SCMNodeManager.java:getNodesByAddress(1373)) - Cannot find node for address 127.0.0.1
2023-09-29 12:52:06,393 [IPC Server handler 10 on default port 15001] WARN  node.SCMNodeManager (SCMNodeManager.java:getNodesByAddress(1373)) - Cannot find node for address 127.0.0.1
2023-09-29 12:52:06,394 [IPC Server handler 16 on default port 15001] WARN  node.SCMNodeManager (SCMNodeManager.java:getNodesByAddress(1373)) - Cannot find node for address 127.0.0.1
2023-09-29 12:52:06,395 [IPC Server handler 7 on default port 15001] WARN  node.SCMNodeManager (SCMNodeManager.java:getNodesByAddress(1373)) - Cannot find node for address 127.0.0.1
]]></system-out>
  </testcase>
  <testcase name="mpuThreePartsOverride(BucketLayout)[3]" classname="org.apache.hadoop.ozone.client.rpc.TestOzoneAtRestEncryption" time="3.912">
    <system-out><![CDATA[2023-09-29 12:52:07,734 [main] INFO  rpc.RpcClient (RpcClient.java:createVolume(462)) - Creating Volume: 0d60ed98-1bc7-484e-b86a-bb49dacb7968, with runner as owner and space quota set to -1 bytes, counts quota set to -1
2023-09-29 12:52:07,740 [OM StateMachine ApplyTransaction Thread - 0] INFO  volume.OMVolumeCreateRequest (OMVolumeCreateRequest.java:validateAndUpdateCache(196)) - created volume:0d60ed98-1bc7-484e-b86a-bb49dacb7968 for user:runner
2023-09-29 12:52:07,744 [main] INFO  rpc.RpcClient (RpcClient.java:createBucket(689)) - Creating Bucket: 0d60ed98-1bc7-484e-b86a-bb49dacb7968/655ad781-da2b-400d-81f2-323efc27fce9, with bucket layout LEGACY, runner as owner, Versioning false, Storage Type set to DISK and Encryption set to true, Replication Type set to server-side default replication type, Namespace Quota set to -1, Space Quota set to -1 
2023-09-29 12:52:07,759 [qtp1873189623-22] INFO  kms-audit (SimpleKMSAuditLogger.java:logAuditSimpleFormat(93)) - OK[op=GET_METADATA, key=key1, user=runner] 
2023-09-29 12:52:07,764 [OM StateMachine ApplyTransaction Thread - 0] INFO  bucket.OMBucketCreateRequest (OMBucketCreateRequest.java:validateAndUpdateCache(270)) - created bucket: 655ad781-da2b-400d-81f2-323efc27fce9 of layout LEGACY in volume: 0d60ed98-1bc7-484e-b86a-bb49dacb7968
2023-09-29 12:52:08,565 [OM StateMachine ApplyTransaction Thread - 0] DEBUG db.CodecBuffer (CodecBuffer.java:setCapacity(254)) - setCapacity: 4096 -> 10893, max=2147483647
2023-09-29 12:52:08,574 [OM StateMachine ApplyTransaction Thread - 0] DEBUG db.CodecBuffer (CodecBuffer.java:setCapacity(254)) - setCapacity: 4096 -> 20568, max=2147483647
2023-09-29 12:52:08,580 [IPC Server handler 9 on default port 15001] WARN  node.SCMNodeManager (SCMNodeManager.java:getNodesByAddress(1373)) - Cannot find node for address 127.0.0.1
2023-09-29 12:52:08,581 [IPC Server handler 18 on default port 15001] WARN  node.SCMNodeManager (SCMNodeManager.java:getNodesByAddress(1373)) - Cannot find node for address 127.0.0.1
2023-09-29 12:52:08,582 [IPC Server handler 2 on default port 15001] WARN  node.SCMNodeManager (SCMNodeManager.java:getNodesByAddress(1373)) - Cannot find node for address 127.0.0.1
2023-09-29 12:52:08,583 [IPC Server handler 8 on default port 15001] WARN  node.SCMNodeManager (SCMNodeManager.java:getNodesByAddress(1373)) - Cannot find node for address 127.0.0.1
2023-09-29 12:52:08,584 [IPC Server handler 6 on default port 15001] WARN  node.SCMNodeManager (SCMNodeManager.java:getNodesByAddress(1373)) - Cannot find node for address 127.0.0.1
2023-09-29 12:52:08,585 [IPC Server handler 5 on default port 15001] WARN  node.SCMNodeManager (SCMNodeManager.java:getNodesByAddress(1373)) - Cannot find node for address 127.0.0.1
2023-09-29 12:52:08,585 [IPC Server handler 11 on default port 15001] WARN  node.SCMNodeManager (SCMNodeManager.java:getNodesByAddress(1373)) - Cannot find node for address 127.0.0.1
2023-09-29 12:52:08,586 [IPC Server handler 0 on default port 15001] WARN  node.SCMNodeManager (SCMNodeManager.java:getNodesByAddress(1373)) - Cannot find node for address 127.0.0.1
2023-09-29 12:52:08,587 [IPC Server handler 1 on default port 15001] WARN  node.SCMNodeManager (SCMNodeManager.java:getNodesByAddress(1373)) - Cannot find node for address 127.0.0.1
2023-09-29 12:52:10,507 [OM StateMachine ApplyTransaction Thread - 0] DEBUG db.CodecBuffer (CodecBuffer.java:setCapacity(254)) - setCapacity: 4096 -> 10918, max=2147483647
2023-09-29 12:52:10,514 [OM StateMachine ApplyTransaction Thread - 0] DEBUG db.CodecBuffer (CodecBuffer.java:setCapacity(254)) - setCapacity: 4096 -> 20581, max=2147483647
2023-09-29 12:52:10,520 [IPC Server handler 14 on default port 15001] WARN  node.SCMNodeManager (SCMNodeManager.java:getNodesByAddress(1373)) - Cannot find node for address 127.0.0.1
2023-09-29 12:52:10,521 [IPC Server handler 4 on default port 15001] WARN  node.SCMNodeManager (SCMNodeManager.java:getNodesByAddress(1373)) - Cannot find node for address 127.0.0.1
2023-09-29 12:52:10,521 [IPC Server handler 12 on default port 15001] WARN  node.SCMNodeManager (SCMNodeManager.java:getNodesByAddress(1373)) - Cannot find node for address 127.0.0.1
2023-09-29 12:52:10,522 [IPC Server handler 17 on default port 15001] WARN  node.SCMNodeManager (SCMNodeManager.java:getNodesByAddress(1373)) - Cannot find node for address 127.0.0.1
2023-09-29 12:52:10,523 [IPC Server handler 1 on default port 15001] WARN  node.SCMNodeManager (SCMNodeManager.java:getNodesByAddress(1373)) - Cannot find node for address 127.0.0.1
2023-09-29 12:52:10,523 [IPC Server handler 0 on default port 15001] WARN  node.SCMNodeManager (SCMNodeManager.java:getNodesByAddress(1373)) - Cannot find node for address 127.0.0.1
2023-09-29 12:52:10,524 [IPC Server handler 11 on default port 15001] WARN  node.SCMNodeManager (SCMNodeManager.java:getNodesByAddress(1373)) - Cannot find node for address 127.0.0.1
2023-09-29 12:52:10,525 [IPC Server handler 5 on default port 15001] WARN  node.SCMNodeManager (SCMNodeManager.java:getNodesByAddress(1373)) - Cannot find node for address 127.0.0.1
2023-09-29 12:52:10,525 [IPC Server handler 6 on default port 15001] WARN  node.SCMNodeManager (SCMNodeManager.java:getNodesByAddress(1373)) - Cannot find node for address 127.0.0.1
]]></system-out>
  </testcase>
  <testcase name="testKeyWithEncryptionAndGdpr(BucketLayout)[1]" classname="org.apache.hadoop.ozone.client.rpc.TestOzoneAtRestEncryption" time="0.189">
    <system-out><![CDATA[2023-09-29 12:52:11,658 [main] INFO  rpc.RpcClient (RpcClient.java:createVolume(462)) - Creating Volume: aa6364c1-32c0-48a2-a06b-1fc90d6b8344, with runner as owner and space quota set to -1 bytes, counts quota set to -1
2023-09-29 12:52:11,665 [OM StateMachine ApplyTransaction Thread - 0] INFO  volume.OMVolumeCreateRequest (OMVolumeCreateRequest.java:validateAndUpdateCache(196)) - created volume:aa6364c1-32c0-48a2-a06b-1fc90d6b8344 for user:runner
2023-09-29 12:52:11,668 [main] INFO  rpc.RpcClient (RpcClient.java:createBucket(689)) - Creating Bucket: aa6364c1-32c0-48a2-a06b-1fc90d6b8344/63125336-efdb-40ef-b9ca-dac8bb64df74, with bucket layout FILE_SYSTEM_OPTIMIZED, runner as owner, Versioning false, Storage Type set to DISK and Encryption set to true, Replication Type set to server-side default replication type, Namespace Quota set to -1, Space Quota set to -1 
2023-09-29 12:52:11,673 [qtp1873189623-18] INFO  kms-audit (SimpleKMSAuditLogger.java:logAuditSimpleFormat(93)) - OK[op=GET_METADATA, key=key1, user=runner] 
2023-09-29 12:52:11,678 [OM StateMachine ApplyTransaction Thread - 0] INFO  bucket.OMBucketCreateRequest (OMBucketCreateRequest.java:validateAndUpdateCache(270)) - created bucket: 63125336-efdb-40ef-b9ca-dac8bb64df74 of layout FILE_SYSTEM_OPTIMIZED in volume: aa6364c1-32c0-48a2-a06b-1fc90d6b8344
2023-09-29 12:52:11,720 [qtp1873189623-18] INFO  kms-audit (SimpleKMSAuditLogger.java:logAuditEvent(59)) - OK[op=DECRYPT_EEK, key=key1, user=runner, accessCount=17, interval=41406ms] 
2023-09-29 12:52:11,720 [qtp1873189623-18] INFO  kms-audit (SimpleKMSAuditLogger.java:logAuditEvent(59)) - OK[op=DECRYPT_EEK, key=key1, user=runner, accessCount=1, interval=0ms] 
2023-09-29 12:52:11,741 [IPC Server handler 2 on default port 15001] WARN  node.SCMNodeManager (SCMNodeManager.java:getNodesByAddress(1373)) - Cannot find node for address 127.0.0.1
2023-09-29 12:52:11,744 [IPC Server handler 18 on default port 15001] WARN  node.SCMNodeManager (SCMNodeManager.java:getNodesByAddress(1373)) - Cannot find node for address 127.0.0.1
]]></system-out>
  </testcase>
  <testcase name="testKeyWithEncryptionAndGdpr(BucketLayout)[2]" classname="org.apache.hadoop.ozone.client.rpc.TestOzoneAtRestEncryption" time="100.373">
    <error type="java.util.concurrent.TimeoutException"><![CDATA[java.util.concurrent.TimeoutException: 
Timed out waiting for condition. Thread diagnostics:
Timestamp: 2023-09-29 12:53:52,098

"pool-318-thread-1" daemon prio=5 tid=641 timed_waiting
java.lang.Thread.State: TIMED_WAITING
        at sun.misc.Unsafe.park(Native Method)
        at java.util.concurrent.locks.LockSupport.parkNanos(LockSupport.java:215)
        at java.util.concurrent.locks.AbstractQueuedSynchronizer$ConditionObject.awaitNanos(AbstractQueuedSynchronizer.java:2078)
        at java.util.concurrent.ScheduledThreadPoolExecutor$DelayedWorkQueue.take(ScheduledThreadPoolExecutor.java:1093)
        at java.util.concurrent.ScheduledThreadPoolExecutor$DelayedWorkQueue.take(ScheduledThreadPoolExecutor.java:809)
        at java.util.concurrent.ThreadPoolExecutor.getTask(ThreadPoolExecutor.java:1074)
        at java.util.concurrent.ThreadPoolExecutor.runWorker(ThreadPoolExecutor.java:1134)
        at java.util.concurrent.ThreadPoolExecutor$Worker.run(ThreadPoolExecutor.java:624)
        at java.lang.Thread.run(Thread.java:750)
"Command processor thread" daemon prio=5 tid=521 timed_waiting
java.lang.Thread.State: TIMED_WAITING
        at java.lang.Thread.sleep(Native Method)
        at org.apache.hadoop.ozone.container.common.statemachine.DatanodeStateMachine.lambda$initCommandHandlerThread$3(DatanodeStateMachine.java:667)
        at org.apache.hadoop.ozone.container.common.statemachine.DatanodeStateMachine$$Lambda$1043/1121353957.run(Unknown Source)
        at java.lang.Thread.run(Thread.java:750)
"ChunkReader-5" daemon prio=5 tid=1269 in Object.wait()
java.lang.Thread.State: WAITING (on object monitor)
        at sun.misc.Unsafe.park(Native Method)
        at java.util.concurrent.locks.LockSupport.park(LockSupport.java:175)
        at java.util.concurrent.locks.AbstractQueuedSynchronizer$ConditionObject.await(AbstractQueuedSynchronizer.java:2039)
        at java.util.concurrent.LinkedBlockingQueue.take(LinkedBlockingQueue.java:442)
        at java.util.concurrent.ThreadPoolExecutor.getTask(ThreadPoolExecutor.java:1074)
        at java.util.concurrent.ThreadPoolExecutor.runWorker(ThreadPoolExecutor.java:1134)
        at java.util.concurrent.ThreadPoolExecutor$Worker.run(ThreadPoolExecutor.java:624)
        at java.lang.Thread.run(Thread.java:750)
"ContainerOp-c91f7595-1a01-480b-b225-52482a170bd1-8"  prio=5 tid=1243 in Object.wait()
java.lang.Thread.State: WAITING (on object monitor)
        at sun.misc.Unsafe.park(Native Method)
        at java.util.concurrent.locks.LockSupport.park(LockSupport.java:175)
        at java.util.concurrent.locks.AbstractQueuedSynchronizer$ConditionObject.await(AbstractQueuedSynchronizer.java:2039)
        at java.util.concurrent.LinkedBlockingQueue.take(LinkedBlockingQueue.java:442)
        at java.util.concurrent.ThreadPoolExecutor.getTask(ThreadPoolExecutor.java:1074)
        at java.util.concurrent.ThreadPoolExecutor.runWorker(ThreadPoolExecutor.java:1134)
        at java.util.concurrent.ThreadPoolExecutor$Worker.run(ThreadPoolExecutor.java:624)
        at java.lang.Thread.run(Thread.java:750)
"qtp1002279474-134" daemon prio=5 tid=134 timed_waiting
java.lang.Thread.State: TIMED_WAITING
        at sun.misc.Unsafe.park(Native Method)
        at java.util.concurrent.locks.LockSupport.parkNanos(LockSupport.java:215)
        at java.util.concurrent.locks.AbstractQueuedSynchronizer$ConditionObject.awaitNanos(AbstractQueuedSynchronizer.java:2078)
        at org.eclipse.jetty.util.BlockingArrayQueue.poll(BlockingArrayQueue.java:382)
        at org.eclipse.jetty.util.thread.QueuedThreadPool$Runner.idleJobPoll(QueuedThreadPool.java:974)
        at org.eclipse.jetty.util.thread.QueuedThreadPool$Runner.run(QueuedThreadPool.java:1018)
        at java.lang.Thread.run(Thread.java:750)
"BlockDeletingService#1" daemon prio=5 tid=603 in Object.wait()
java.lang.Thread.State: WAITING (on object monitor)
        at sun.misc.Unsafe.park(Native Method)
        at java.util.concurrent.locks.LockSupport.park(LockSupport.java:175)
        at java.util.concurrent.locks.AbstractQueuedSynchronizer$ConditionObject.await(AbstractQueuedSynchronizer.java:2039)
        at java.util.concurrent.ScheduledThreadPoolExecutor$DelayedWorkQueue.take(ScheduledThreadPoolExecutor.java:1088)
        at java.util.concurrent.ScheduledThreadPoolExecutor$DelayedWorkQueue.take(ScheduledThreadPoolExecutor.java:809)
        at java.util.concurrent.ThreadPoolExecutor.getTask(ThreadPoolExecutor.java:1074)
        at java.util.concurrent.ThreadPoolExecutor.runWorker(ThreadPoolExecutor.java:1134)
        at java.util.concurrent.ThreadPoolExecutor$Worker.run(ThreadPoolExecutor.java:624)
        at java.lang.Thread.run(Thread.java:750)
"IPC Server handler 1 on default port 15001" daemon prio=5 tid=87 timed_waiting
java.lang.Thread.State: TIMED_WAITING
        at sun.misc.Unsafe.park(Native Method)
        at java.util.concurrent.locks.LockSupport.parkNanos(LockSupport.java:215)
        at java.util.concurrent.locks.AbstractQueuedSynchronizer$ConditionObject.awaitNanos(AbstractQueuedSynchronizer.java:2078)
        at java.util.concurrent.LinkedBlockingQueue.poll(LinkedBlockingQueue.java:467)
        at org.apache.hadoop.ipc.CallQueueManager.take(CallQueueManager.java:317)
        at org.apache.hadoop.ipc.Server$Handler.run(Server.java:3014)
"StaleRecoveringContainerScrubbingService#3" daemon prio=5 tid=1652 in Object.wait()
java.lang.Thread.State: WAITING (on object monitor)
        at sun.misc.Unsafe.park(Native Method)
        at java.util.concurrent.locks.LockSupport.park(LockSupport.java:175)
        at java.util.concurrent.locks.AbstractQueuedSynchronizer$ConditionObject.await(AbstractQueuedSynchronizer.java:2039)
        at java.util.concurrent.ScheduledThreadPoolExecutor$DelayedWorkQueue.take(ScheduledThreadPoolExecutor.java:1088)
        at java.util.concurrent.ScheduledThreadPoolExecutor$DelayedWorkQueue.take(ScheduledThreadPoolExecutor.java:809)
        at java.util.concurrent.ThreadPoolExecutor.getTask(ThreadPoolExecutor.java:1074)
        at java.util.concurrent.ThreadPoolExecutor.runWorker(ThreadPoolExecutor.java:1134)
        at java.util.concurrent.ThreadPoolExecutor$Worker.run(ThreadPoolExecutor.java:624)
        at java.lang.Thread.run(Thread.java:750)
"ChunkReader-5" daemon prio=5 tid=1259 in Object.wait()
java.lang.Thread.State: WAITING (on object monitor)
        at sun.misc.Unsafe.park(Native Method)
        at java.util.concurrent.locks.LockSupport.park(LockSupport.java:175)
        at java.util.concurrent.locks.AbstractQueuedSynchronizer$ConditionObject.await(AbstractQueuedSynchronizer.java:2039)
        at java.util.concurrent.LinkedBlockingQueue.take(LinkedBlockingQueue.java:442)
        at java.util.concurrent.ThreadPoolExecutor.getTask(ThreadPoolExecutor.java:1074)
        at java.util.concurrent.ThreadPoolExecutor.runWorker(ThreadPoolExecutor.java:1134)
        at java.util.concurrent.ThreadPoolExecutor$Worker.run(ThreadPoolExecutor.java:624)
        at java.lang.Thread.run(Thread.java:750)
"4dfacd3a-85e6-4f60-aa9f-15a17a1c954a-groupManagement" daemon prio=5 tid=804 in Object.wait()
java.lang.Thread.State: WAITING (on object monitor)
        at sun.misc.Unsafe.park(Native Method)
        at java.util.concurrent.locks.LockSupport.park(LockSupport.java:175)
        at java.util.concurrent.locks.AbstractQueuedSynchronizer$ConditionObject.await(AbstractQueuedSynchronizer.java:2039)
        at java.util.concurrent.LinkedBlockingQueue.take(LinkedBlockingQueue.java:442)
        at java.util.concurrent.ThreadPoolExecutor.getTask(ThreadPoolExecutor.java:1074)
        at java.util.concurrent.ThreadPoolExecutor.runWorker(ThreadPoolExecutor.java:1134)
        at java.util.concurrent.ThreadPoolExecutor$Worker.run(ThreadPoolExecutor.java:624)
        at java.lang.Thread.run(Thread.java:750)
"BlockDeletingService#3" daemon prio=5 tid=1648 in Object.wait()
java.lang.Thread.State: WAITING (on object monitor)
        at sun.misc.Unsafe.park(Native Method)
        at java.util.concurrent.locks.LockSupport.park(LockSupport.java:175)
        at java.util.concurrent.locks.AbstractQueuedSynchronizer$ConditionObject.await(AbstractQueuedSynchronizer.java:2039)
        at java.util.concurrent.ScheduledThreadPoolExecutor$DelayedWorkQueue.take(ScheduledThreadPoolExecutor.java:1088)
        at java.util.concurrent.ScheduledThreadPoolExecutor$DelayedWorkQueue.take(ScheduledThreadPoolExecutor.java:809)
        at java.util.concurrent.ThreadPoolExecutor.getTask(ThreadPoolExecutor.java:1074)
        at java.util.concurrent.ThreadPoolExecutor.runWorker(ThreadPoolExecutor.java:1134)
        at java.util.concurrent.ThreadPoolExecutor$Worker.run(ThreadPoolExecutor.java:624)
        at java.lang.Thread.run(Thread.java:750)
"EndpointStateMachine task thread for /0.0.0.0:15002 - 0 "  prio=5 tid=576 in Object.wait()
java.lang.Thread.State: WAITING (on object monitor)
        at sun.misc.Unsafe.park(Native Method)
        at java.util.concurrent.locks.LockSupport.park(LockSupport.java:175)
        at java.util.concurrent.locks.AbstractQueuedSynchronizer$ConditionObject.await(AbstractQueuedSynchronizer.java:2039)
        at java.util.concurrent.LinkedBlockingQueue.take(LinkedBlockingQueue.java:442)
        at java.util.concurrent.ThreadPoolExecutor.getTask(ThreadPoolExecutor.java:1074)
        at java.util.concurrent.ThreadPoolExecutor.runWorker(ThreadPoolExecutor.java:1134)
        at java.util.concurrent.ThreadPoolExecutor$Worker.run(ThreadPoolExecutor.java:624)
        at java.lang.Thread.run(Thread.java:750)
"Datanode ReportManager Thread - 1" daemon prio=5 tid=309 in Object.wait()
java.lang.Thread.State: WAITING (on object monitor)
        at sun.misc.Unsafe.park(Native Method)
        at java.util.concurrent.locks.LockSupport.park(LockSupport.java:175)
        at java.util.concurrent.locks.AbstractQueuedSynchronizer$ConditionObject.await(AbstractQueuedSynchronizer.java:2039)
        at java.util.concurrent.ScheduledThreadPoolExecutor$DelayedWorkQueue.take(ScheduledThreadPoolExecutor.java:1088)
        at java.util.concurrent.ScheduledThreadPoolExecutor$DelayedWorkQueue.take(ScheduledThreadPoolExecutor.java:809)
        at java.util.concurrent.ThreadPoolExecutor.getTask(ThreadPoolExecutor.java:1074)
        at java.util.concurrent.ThreadPoolExecutor.runWorker(ThreadPoolExecutor.java:1134)
        at java.util.concurrent.ThreadPoolExecutor$Worker.run(ThreadPoolExecutor.java:624)
        at java.lang.Thread.run(Thread.java:750)
"Datanode State Machine Daemon Thread" daemon prio=5 tid=369 timed_waiting
java.lang.Thread.State: TIMED_WAITING
        at java.lang.Thread.sleep(Native Method)
        at org.apache.hadoop.ozone.container.common.statemachine.DatanodeStateMachine.startStateMachineThread(DatanodeStateMachine.java:353)
        at org.apache.hadoop.ozone.container.common.statemachine.DatanodeStateMachine.lambda$startDaemon$0(DatanodeStateMachine.java:540)
        at org.apache.hadoop.ozone.container.common.statemachine.DatanodeStateMachine$$Lambda$1041/1491309043.run(Unknown Source)
        at java.lang.Thread.run(Thread.java:750)
"4dfacd3a-85e6-4f60-aa9f-15a17a1c954a@group-95B153CB0731-FollowerState" daemon prio=5 tid=989 timed_waiting
java.lang.Thread.State: TIMED_WAITING
        at java.lang.Thread.sleep(Native Method)
        at java.lang.Thread.sleep(Thread.java:342)
        at java.util.concurrent.TimeUnit.sleep(TimeUnit.java:386)
        at org.apache.ratis.util.TimeDuration.sleep(TimeDuration.java:325)
        at org.apache.ratis.util.TimeDuration.sleep(TimeDuration.java:310)
        at org.apache.ratis.server.impl.FollowerState.run(FollowerState.java:128)
"6220322b-c54d-4ba8-95d6-5fd9b706d663@group-E0A3CFFD1989-SegmentedRaftLogWorker"  prio=5 tid=756 timed_waiting
java.lang.Thread.State: TIMED_WAITING
        at sun.misc.Unsafe.park(Native Method)
        at java.util.concurrent.locks.LockSupport.parkNanos(LockSupport.java:215)
        at java.util.concurrent.locks.AbstractQueuedSynchronizer$ConditionObject.awaitNanos(AbstractQueuedSynchronizer.java:2078)
        at org.apache.ratis.util.DataBlockingQueue.poll(DataBlockingQueue.java:148)
        at org.apache.ratis.server.raftlog.segmented.SegmentedRaftLogWorker.run(SegmentedRaftLogWorker.java:307)
        at org.apache.ratis.server.raftlog.segmented.SegmentedRaftLogWorker$$Lambda$841/2058580550.run(Unknown Source)
        at java.util.concurrent.Executors$RunnableAdapter.call(Executors.java:511)
        at java.util.concurrent.FutureTask.run(FutureTask.java:266)
        at java.util.concurrent.ThreadPoolExecutor.runWorker(ThreadPoolExecutor.java:1149)
        at java.util.concurrent.ThreadPoolExecutor$Worker.run(ThreadPoolExecutor.java:624)
        at java.lang.Thread.run(Thread.java:750)
"Hadoop-Metrics-Updater-0" daemon prio=5 tid=425 timed_waiting
java.lang.Thread.State: TIMED_WAITING
        at sun.misc.Unsafe.park(Native Method)
        at java.util.concurrent.locks.LockSupport.parkNanos(LockSupport.java:215)
        at java.util.concurrent.locks.AbstractQueuedSynchronizer$ConditionObject.awaitNanos(AbstractQueuedSynchronizer.java:2078)
        at java.util.concurrent.ScheduledThreadPoolExecutor$DelayedWorkQueue.take(ScheduledThreadPoolExecutor.java:1093)
        at java.util.concurrent.ScheduledThreadPoolExecutor$DelayedWorkQueue.take(ScheduledThreadPoolExecutor.java:809)
        at java.util.concurrent.ThreadPoolExecutor.getTask(ThreadPoolExecutor.java:1074)
        at java.util.concurrent.ThreadPoolExecutor.runWorker(ThreadPoolExecutor.java:1134)
        at java.util.concurrent.ThreadPoolExecutor$Worker.run(ThreadPoolExecutor.java:624)
        at java.lang.Thread.run(Thread.java:750)
"PipelineCommandHandlerThread-0"  prio=5 tid=853 in Object.wait()
java.lang.Thread.State: WAITING (on object monitor)
        at sun.misc.Unsafe.park(Native Method)
        at java.util.concurrent.locks.LockSupport.park(LockSupport.java:175)
        at java.util.concurrent.locks.AbstractQueuedSynchronizer$ConditionObject.await(AbstractQueuedSynchronizer.java:2039)
        at java.util.concurrent.LinkedBlockingQueue.take(LinkedBlockingQueue.java:442)
        at java.util.concurrent.ThreadPoolExecutor.getTask(ThreadPoolExecutor.java:1074)
        at java.util.concurrent.ThreadPoolExecutor.runWorker(ThreadPoolExecutor.java:1134)
        at java.util.concurrent.ThreadPoolExecutor$Worker.run(ThreadPoolExecutor.java:624)
        at java.lang.Thread.run(Thread.java:750)
"org.apache.hadoop.util.JvmPauseMonitor$Monitor@1c5d3a37" daemon prio=5 tid=31 timed_waiting
java.lang.Thread.State: TIMED_WAITING
        at java.lang.Thread.sleep(Native Method)
        at org.apache.hadoop.util.JvmPauseMonitor$Monitor.run(JvmPauseMonitor.java:192)
        at java.lang.Thread.run(Thread.java:750)
"qtp658444087-206-acceptor-0@2e54bfb9-ServerConnector@23df6ad8{HTTP/1.1, (http/1.1)}{0.0.0.0:15009}" daemon prio=3 tid=206 runnable
java.lang.Thread.State: RUNNABLE
        at sun.nio.ch.ServerSocketChannelImpl.accept0(Native Method)
        at sun.nio.ch.ServerSocketChannelImpl.accept(ServerSocketChannelImpl.java:421)
        at sun.nio.ch.ServerSocketChannelImpl.accept(ServerSocketChannelImpl.java:249)
        at org.eclipse.jetty.server.ServerConnector.accept(ServerConnector.java:388)
        at org.eclipse.jetty.server.AbstractConnector$Acceptor.run(AbstractConnector.java:704)
        at org.eclipse.jetty.util.thread.QueuedThreadPool.runJob(QueuedThreadPool.java:883)
        at org.eclipse.jetty.util.thread.QueuedThreadPool$Runner.run(QueuedThreadPool.java:1034)
        at java.lang.Thread.run(Thread.java:750)
"FixedThreadPoolWithAffinityExecutor-6-0" daemon prio=5 tid=62 timed_waiting
java.lang.Thread.State: TIMED_WAITING
        at sun.misc.Unsafe.park(Native Method)
        at java.util.concurrent.locks.LockSupport.parkNanos(LockSupport.java:215)
        at java.util.concurrent.locks.AbstractQueuedSynchronizer$ConditionObject.awaitNanos(AbstractQueuedSynchronizer.java:2078)
        at java.util.concurrent.LinkedBlockingQueue.poll(LinkedBlockingQueue.java:467)
        at org.apache.hadoop.hdds.scm.server.ContainerReportQueue.poll(ContainerReportQueue.java:266)
        at org.apache.hadoop.hdds.scm.server.ContainerReportQueue.poll(ContainerReportQueue.java:42)
        at org.apache.hadoop.hdds.server.events.FixedThreadPoolWithAffinityExecutor$ContainerReportProcessTask.run(FixedThreadPoolWithAffinityExecutor.java:247)
        at java.util.concurrent.Executors$RunnableAdapter.call(Executors.java:511)
        at java.util.concurrent.FutureTask.run(FutureTask.java:266)
        at java.util.concurrent.ThreadPoolExecutor.runWorker(ThreadPoolExecutor.java:1149)
        at java.util.concurrent.ThreadPoolExecutor$Worker.run(ThreadPoolExecutor.java:624)
        at java.lang.Thread.run(Thread.java:750)
"ChunkReader-7" daemon prio=5 tid=1297 in Object.wait()
java.lang.Thread.State: WAITING (on object monitor)
        at sun.misc.Unsafe.park(Native Method)
        at java.util.concurrent.locks.LockSupport.park(LockSupport.java:175)
        at java.util.concurrent.locks.AbstractQueuedSynchronizer$ConditionObject.await(AbstractQueuedSynchronizer.java:2039)
        at java.util.concurrent.LinkedBlockingQueue.take(LinkedBlockingQueue.java:442)
        at java.util.concurrent.ThreadPoolExecutor.getTask(ThreadPoolExecutor.java:1074)
        at java.util.concurrent.ThreadPoolExecutor.runWorker(ThreadPoolExecutor.java:1134)
        at java.util.concurrent.ThreadPoolExecutor$Worker.run(ThreadPoolExecutor.java:624)
        at java.lang.Thread.run(Thread.java:750)
"4dfacd3a-85e6-4f60-aa9f-15a17a1c954a@group-8A617CCA13DF-SegmentedRaftLogWorker" daemon prio=5 tid=805 timed_waiting
java.lang.Thread.State: TIMED_WAITING
        at sun.misc.Unsafe.park(Native Method)
        at java.util.concurrent.locks.LockSupport.parkNanos(LockSupport.java:215)
        at java.util.concurrent.locks.AbstractQueuedSynchronizer$ConditionObject.awaitNanos(AbstractQueuedSynchronizer.java:2078)
        at org.apache.ratis.util.DataBlockingQueue.poll(DataBlockingQueue.java:148)
        at org.apache.ratis.server.raftlog.segmented.SegmentedRaftLogWorker.run(SegmentedRaftLogWorker.java:307)
        at org.apache.ratis.server.raftlog.segmented.SegmentedRaftLogWorker$$Lambda$841/2058580550.run(Unknown Source)
        at java.util.concurrent.Executors$RunnableAdapter.call(Executors.java:511)
        at java.util.concurrent.FutureTask.run(FutureTask.java:266)
        at java.util.concurrent.ThreadPoolExecutor.runWorker(ThreadPoolExecutor.java:1149)
        at java.util.concurrent.ThreadPoolExecutor$Worker.run(ThreadPoolExecutor.java:624)
        at java.lang.Thread.run(Thread.java:750)
"FixedThreadPoolWithAffinityExecutor-3-0" daemon prio=5 tid=59 timed_waiting
java.lang.Thread.State: TIMED_WAITING
        at sun.misc.Unsafe.park(Native Method)
        at java.util.concurrent.locks.LockSupport.parkNanos(LockSupport.java:215)
        at java.util.concurrent.locks.AbstractQueuedSynchronizer$ConditionObject.awaitNanos(AbstractQueuedSynchronizer.java:2078)
        at java.util.concurrent.LinkedBlockingQueue.poll(LinkedBlockingQueue.java:467)
        at org.apache.hadoop.hdds.scm.server.ContainerReportQueue.poll(ContainerReportQueue.java:266)
        at org.apache.hadoop.hdds.scm.server.ContainerReportQueue.poll(ContainerReportQueue.java:42)
        at org.apache.hadoop.hdds.server.events.FixedThreadPoolWithAffinityExecutor$ContainerReportProcessTask.run(FixedThreadPoolWithAffinityExecutor.java:247)
        at java.util.concurrent.Executors$RunnableAdapter.call(Executors.java:511)
        at java.util.concurrent.FutureTask.run(FutureTask.java:266)
        at java.util.concurrent.ThreadPoolExecutor.runWorker(ThreadPoolExecutor.java:1149)
        at java.util.concurrent.ThreadPoolExecutor$Worker.run(ThreadPoolExecutor.java:624)
        at java.lang.Thread.run(Thread.java:750)
"ChunkWriter-0-0" daemon prio=5 tid=611 in Object.wait()
java.lang.Thread.State: WAITING (on object monitor)
        at sun.misc.Unsafe.park(Native Method)
        at java.util.concurrent.locks.LockSupport.park(LockSupport.java:175)
        at java.util.concurrent.locks.AbstractQueuedSynchronizer$ConditionObject.await(AbstractQueuedSynchronizer.java:2039)
        at java.util.concurrent.LinkedBlockingDeque.takeFirst(LinkedBlockingDeque.java:492)
        at java.util.concurrent.LinkedBlockingDeque.take(LinkedBlockingDeque.java:680)
        at java.util.concurrent.ThreadPoolExecutor.getTask(ThreadPoolExecutor.java:1074)
        at java.util.concurrent.ThreadPoolExecutor.runWorker(ThreadPoolExecutor.java:1134)
        at java.util.concurrent.ThreadPoolExecutor$Worker.run(ThreadPoolExecutor.java:624)
        at java.lang.Thread.run(Thread.java:750)
"IPC Server handler 18 on default port 15002" daemon prio=5 tid=124 timed_waiting
java.lang.Thread.State: TIMED_WAITING
        at sun.misc.Unsafe.park(Native Method)
        at java.util.concurrent.locks.LockSupport.parkNanos(LockSupport.java:215)
        at java.util.concurrent.locks.AbstractQueuedSynchronizer$ConditionObject.awaitNanos(AbstractQueuedSynchronizer.java:2078)
        at java.util.concurrent.LinkedBlockingQueue.poll(LinkedBlockingQueue.java:467)
        at org.apache.hadoop.ipc.CallQueueManager.take(CallQueueManager.java:317)
        at org.apache.hadoop.ipc.Server$Handler.run(Server.java:3014)
"StaleRecoveringContainerScrubbingService#2" daemon prio=5 tid=1619 in Object.wait()
java.lang.Thread.State: WAITING (on object monitor)
        at sun.misc.Unsafe.park(Native Method)
        at java.util.concurrent.locks.LockSupport.park(LockSupport.java:175)
        at java.util.concurrent.locks.AbstractQueuedSynchronizer$ConditionObject.await(AbstractQueuedSynchronizer.java:2039)
        at java.util.concurrent.ScheduledThreadPoolExecutor$DelayedWorkQueue.take(ScheduledThreadPoolExecutor.java:1088)
        at java.util.concurrent.ScheduledThreadPoolExecutor$DelayedWorkQueue.take(ScheduledThreadPoolExecutor.java:809)
        at java.util.concurrent.ThreadPoolExecutor.getTask(ThreadPoolExecutor.java:1074)
        at java.util.concurrent.ThreadPoolExecutor.runWorker(ThreadPoolExecutor.java:1134)
        at java.util.concurrent.ThreadPoolExecutor$Worker.run(ThreadPoolExecutor.java:624)
        at java.lang.Thread.run(Thread.java:750)
"9305807b-68e0-4de4-9f06-795e0c374ac6-DataStreamManagement-request--thread9" daemon prio=5 tid=1053 in Object.wait()
java.lang.Thread.State: WAITING (on object monitor)
        at sun.misc.Unsafe.park(Native Method)
        at java.util.concurrent.locks.LockSupport.park(LockSupport.java:175)
        at java.util.concurrent.locks.AbstractQueuedSynchronizer$ConditionObject.await(AbstractQueuedSynchronizer.java:2039)
        at java.util.concurrent.LinkedBlockingQueue.take(LinkedBlockingQueue.java:442)
        at java.util.concurrent.ThreadPoolExecutor.getTask(ThreadPoolExecutor.java:1074)
        at java.util.concurrent.ThreadPoolExecutor.runWorker(ThreadPoolExecutor.java:1134)
        at java.util.concurrent.ThreadPoolExecutor$Worker.run(ThreadPoolExecutor.java:624)
        at java.lang.Thread.run(Thread.java:750)
"Hadoop-Metrics-Updater-0" daemon prio=5 tid=55 timed_waiting
java.lang.Thread.State: TIMED_WAITING
        at sun.misc.Unsafe.park(Native Method)
        at java.util.concurrent.locks.LockSupport.parkNanos(LockSupport.java:215)
        at java.util.concurrent.locks.AbstractQueuedSynchronizer$ConditionObject.awaitNanos(AbstractQueuedSynchronizer.java:2078)
        at java.util.concurrent.ScheduledThreadPoolExecutor$DelayedWorkQueue.take(ScheduledThreadPoolExecutor.java:1093)
        at java.util.concurrent.ScheduledThreadPoolExecutor$DelayedWorkQueue.take(ScheduledThreadPoolExecutor.java:809)
        at java.util.concurrent.ThreadPoolExecutor.getTask(ThreadPoolExecutor.java:1074)
        at java.util.concurrent.ThreadPoolExecutor.runWorker(ThreadPoolExecutor.java:1134)
        at java.util.concurrent.ThreadPoolExecutor$Worker.run(ThreadPoolExecutor.java:624)
        at java.lang.Thread.run(Thread.java:750)
"qtp1249457989-444" daemon prio=5 tid=444 timed_waiting
java.lang.Thread.State: TIMED_WAITING
        at sun.misc.Unsafe.park(Native Method)
        at java.util.concurrent.locks.LockSupport.parkNanos(LockSupport.java:215)
        at java.util.concurrent.locks.AbstractQueuedSynchronizer$ConditionObject.awaitNanos(AbstractQueuedSynchronizer.java:2078)
        at org.eclipse.jetty.util.BlockingArrayQueue.poll(BlockingArrayQueue.java:382)
        at org.eclipse.jetty.util.thread.QueuedThreadPool$Runner.idleJobPoll(QueuedThreadPool.java:974)
        at org.eclipse.jetty.util.thread.QueuedThreadPool$Runner.run(QueuedThreadPool.java:1018)
        at java.lang.Thread.run(Thread.java:750)
"Session-HouseKeeper-69391e08-1"  prio=5 tid=23 timed_waiting
java.lang.Thread.State: TIMED_WAITING
        at sun.misc.Unsafe.park(Native Method)
        at java.util.concurrent.locks.LockSupport.parkNanos(LockSupport.java:215)
        at java.util.concurrent.locks.AbstractQueuedSynchronizer$ConditionObject.awaitNanos(AbstractQueuedSynchronizer.java:2078)
        at java.util.concurrent.ScheduledThreadPoolExecutor$DelayedWorkQueue.take(ScheduledThreadPoolExecutor.java:1093)
        at java.util.concurrent.ScheduledThreadPoolExecutor$DelayedWorkQueue.take(ScheduledThreadPoolExecutor.java:809)
        at java.util.concurrent.ThreadPoolExecutor.getTask(ThreadPoolExecutor.java:1074)
        at java.util.concurrent.ThreadPoolExecutor.runWorker(ThreadPoolExecutor.java:1134)
        at java.util.concurrent.ThreadPoolExecutor$Worker.run(ThreadPoolExecutor.java:624)
        at java.lang.Thread.run(Thread.java:750)
"ContainerOp-88f45a07-8f45-4f74-a1d0-23200bb8a37d-3"  prio=5 tid=1088 in Object.wait()
java.lang.Thread.State: WAITING (on object monitor)
        at sun.misc.Unsafe.park(Native Method)
        at java.util.concurrent.locks.LockSupport.park(LockSupport.java:175)
        at java.util.concurrent.locks.AbstractQueuedSynchronizer$ConditionObject.await(AbstractQueuedSynchronizer.java:2039)
        at java.util.concurrent.LinkedBlockingQueue.take(LinkedBlockingQueue.java:442)
        at java.util.concurrent.ThreadPoolExecutor.getTask(ThreadPoolExecutor.java:1074)
        at java.util.concurrent.ThreadPoolExecutor.runWorker(ThreadPoolExecutor.java:1134)
        at java.util.concurrent.ThreadPoolExecutor$Worker.run(ThreadPoolExecutor.java:624)
        at java.lang.Thread.run(Thread.java:750)
"ContainerOp-c91f7595-1a01-480b-b225-52482a170bd1-3"  prio=5 tid=1238 in Object.wait()
java.lang.Thread.State: WAITING (on object monitor)
        at sun.misc.Unsafe.park(Native Method)
        at java.util.concurrent.locks.LockSupport.park(LockSupport.java:175)
        at java.util.concurrent.locks.AbstractQueuedSynchronizer$ConditionObject.await(AbstractQueuedSynchronizer.java:2039)
        at java.util.concurrent.LinkedBlockingQueue.take(LinkedBlockingQueue.java:442)
        at java.util.concurrent.ThreadPoolExecutor.getTask(ThreadPoolExecutor.java:1074)
        at java.util.concurrent.ThreadPoolExecutor.runWorker(ThreadPoolExecutor.java:1134)
        at java.util.concurrent.ThreadPoolExecutor$Worker.run(ThreadPoolExecutor.java:624)
        at java.lang.Thread.run(Thread.java:750)
"IPC Server idle connection scanner for port 15064" daemon prio=5 tid=423 timed_waiting
java.lang.Thread.State: TIMED_WAITING
        at java.lang.Object.wait(Native Method)
        at java.util.TimerThread.mainLoop(Timer.java:552)
        at java.util.TimerThread.run(Timer.java:505)
"ContainerOp-2091c0d9-35bc-4ce5-bb07-565827c47cd0-4"  prio=5 tid=1148 in Object.wait()
java.lang.Thread.State: WAITING (on object monitor)
        at sun.misc.Unsafe.park(Native Method)
        at java.util.concurrent.locks.LockSupport.park(LockSupport.java:175)
        at java.util.concurrent.locks.AbstractQueuedSynchronizer$ConditionObject.await(AbstractQueuedSynchronizer.java:2039)
        at java.util.concurrent.LinkedBlockingQueue.take(LinkedBlockingQueue.java:442)
        at java.util.concurrent.ThreadPoolExecutor.getTask(ThreadPoolExecutor.java:1074)
        at java.util.concurrent.ThreadPoolExecutor.runWorker(ThreadPoolExecutor.java:1134)
        at java.util.concurrent.ThreadPoolExecutor$Worker.run(ThreadPoolExecutor.java:624)
        at java.lang.Thread.run(Thread.java:750)
"FullTableCache Cleanup Thread - 0" daemon prio=5 tid=1010 in Object.wait()
java.lang.Thread.State: WAITING (on object monitor)
        at sun.misc.Unsafe.park(Native Method)
        at java.util.concurrent.locks.LockSupport.park(LockSupport.java:175)
        at java.util.concurrent.locks.AbstractQueuedSynchronizer$ConditionObject.await(AbstractQueuedSynchronizer.java:2039)
        at java.util.concurrent.LinkedBlockingQueue.take(LinkedBlockingQueue.java:442)
        at java.util.concurrent.ThreadPoolExecutor.getTask(ThreadPoolExecutor.java:1074)
        at java.util.concurrent.ThreadPoolExecutor.runWorker(ThreadPoolExecutor.java:1134)
        at java.util.concurrent.ThreadPoolExecutor$Worker.run(ThreadPoolExecutor.java:624)
        at java.lang.Thread.run(Thread.java:750)
"Datanode ReportManager Thread - 3" daemon prio=5 tid=311 in Object.wait()
java.lang.Thread.State: WAITING (on object monitor)
        at sun.misc.Unsafe.park(Native Method)
        at java.util.concurrent.locks.LockSupport.park(LockSupport.java:175)
        at java.util.concurrent.locks.AbstractQueuedSynchronizer$ConditionObject.await(AbstractQueuedSynchronizer.java:2039)
        at java.util.concurrent.ScheduledThreadPoolExecutor$DelayedWorkQueue.take(ScheduledThreadPoolExecutor.java:1088)
        at java.util.concurrent.ScheduledThreadPoolExecutor$DelayedWorkQueue.take(ScheduledThreadPoolExecutor.java:809)
        at java.util.concurrent.ThreadPoolExecutor.getTask(ThreadPoolExecutor.java:1074)
        at java.util.concurrent.ThreadPoolExecutor.runWorker(ThreadPoolExecutor.java:1134)
        at java.util.concurrent.ThreadPoolExecutor$Worker.run(ThreadPoolExecutor.java:624)
        at java.lang.Thread.run(Thread.java:750)
"6220322b-c54d-4ba8-95d6-5fd9b706d663@group-23200BB8A37D-StateMachineUpdater" daemon prio=5 tid=751 timed_waiting
java.lang.Thread.State: TIMED_WAITING
        at sun.misc.Unsafe.park(Native Method)
        at java.util.concurrent.locks.LockSupport.parkNanos(LockSupport.java:215)
        at java.util.concurrent.locks.AbstractQueuedSynchronizer$ConditionObject.await(AbstractQueuedSynchronizer.java:2163)
        at org.apache.ratis.util.AwaitForSignal.await(AwaitForSignal.java:62)
        at org.apache.ratis.server.impl.StateMachineUpdater.waitForCommit(StateMachineUpdater.java:209)
        at org.apache.ratis.server.impl.StateMachineUpdater.run(StateMachineUpdater.java:178)
        at java.lang.Thread.run(Thread.java:750)
"Timer-0"  prio=5 tid=161 timed_waiting
java.lang.Thread.State: TIMED_WAITING
        at java.lang.Object.wait(Native Method)
        at java.util.TimerThread.mainLoop(Timer.java:552)
        at java.util.TimerThread.run(Timer.java:505)
"BlockDeletingService#0" daemon prio=5 tid=388 timed_waiting
java.lang.Thread.State: TIMED_WAITING
        at sun.misc.Unsafe.park(Native Method)
        at java.util.concurrent.locks.LockSupport.parkNanos(LockSupport.java:215)
        at java.util.concurrent.locks.AbstractQueuedSynchronizer$ConditionObject.awaitNanos(AbstractQueuedSynchronizer.java:2078)
        at java.util.concurrent.ScheduledThreadPoolExecutor$DelayedWorkQueue.take(ScheduledThreadPoolExecutor.java:1093)
        at java.util.concurrent.ScheduledThreadPoolExecutor$DelayedWorkQueue.take(ScheduledThreadPoolExecutor.java:809)
        at java.util.concurrent.ThreadPoolExecutor.getTask(ThreadPoolExecutor.java:1074)
        at java.util.concurrent.ThreadPoolExecutor.runWorker(ThreadPoolExecutor.java:1134)
        at java.util.concurrent.ThreadPoolExecutor$Worker.run(ThreadPoolExecutor.java:624)
        at java.lang.Thread.run(Thread.java:750)
"ChunkReader-9" daemon prio=5 tid=1474 in Object.wait()
java.lang.Thread.State: WAITING (on object monitor)
        at sun.misc.Unsafe.park(Native Method)
        at java.util.concurrent.locks.LockSupport.park(LockSupport.java:175)
        at java.util.concurrent.locks.AbstractQueuedSynchronizer$ConditionObject.await(AbstractQueuedSynchronizer.java:2039)
        at java.util.concurrent.LinkedBlockingQueue.take(LinkedBlockingQueue.java:442)
        at java.util.concurrent.ThreadPoolExecutor.getTask(ThreadPoolExecutor.java:1074)
        at java.util.concurrent.ThreadPoolExecutor.runWorker(ThreadPoolExecutor.java:1134)
        at java.util.concurrent.ThreadPoolExecutor$Worker.run(ThreadPoolExecutor.java:624)
        at java.lang.Thread.run(Thread.java:750)
"qtp658444087-209" daemon prio=5 tid=209 timed_waiting
java.lang.Thread.State: TIMED_WAITING
        at sun.misc.Unsafe.park(Native Method)
        at java.util.concurrent.locks.LockSupport.parkNanos(LockSupport.java:215)
        at java.util.concurrent.locks.AbstractQueuedSynchronizer$ConditionObject.awaitNanos(AbstractQueuedSynchronizer.java:2078)
        at org.eclipse.jetty.util.BlockingArrayQueue.poll(BlockingArrayQueue.java:382)
        at org.eclipse.jetty.util.thread.QueuedThreadPool$Runner.idleJobPoll(QueuedThreadPool.java:974)
        at org.eclipse.jetty.util.thread.QueuedThreadPool$Runner.run(QueuedThreadPool.java:1018)
        at java.lang.Thread.run(Thread.java:750)
"SnapshotDiffCleanupService#0" daemon prio=5 tid=143 timed_waiting
java.lang.Thread.State: TIMED_WAITING
        at sun.misc.Unsafe.park(Native Method)
        at java.util.concurrent.locks.LockSupport.parkNanos(LockSupport.java:215)
        at java.util.concurrent.locks.AbstractQueuedSynchronizer$ConditionObject.awaitNanos(AbstractQueuedSynchronizer.java:2078)
        at java.util.concurrent.ScheduledThreadPoolExecutor$DelayedWorkQueue.take(ScheduledThreadPoolExecutor.java:1093)
        at java.util.concurrent.ScheduledThreadPoolExecutor$DelayedWorkQueue.take(ScheduledThreadPoolExecutor.java:809)
        at java.util.concurrent.ThreadPoolExecutor.getTask(ThreadPoolExecutor.java:1074)
        at java.util.concurrent.ThreadPoolExecutor.runWorker(ThreadPoolExecutor.java:1134)
        at java.util.concurrent.ThreadPoolExecutor$Worker.run(ThreadPoolExecutor.java:624)
        at java.lang.Thread.run(Thread.java:750)
"ChunkReader-ELG-0" daemon prio=5 tid=616 runnable
java.lang.Thread.State: RUNNABLE
        at org.apache.ratis.thirdparty.io.netty.channel.epoll.Native.epollWait0(Native Method)
        at org.apache.ratis.thirdparty.io.netty.channel.epoll.Native.epollWait(Native.java:182)
        at org.apache.ratis.thirdparty.io.netty.channel.epoll.EpollEventLoop.epollWait(EpollEventLoop.java:302)
        at org.apache.ratis.thirdparty.io.netty.channel.epoll.EpollEventLoop.run(EpollEventLoop.java:366)
        at org.apache.ratis.thirdparty.io.netty.util.concurrent.SingleThreadEventExecutor$4.run(SingleThreadEventExecutor.java:997)
        at org.apache.ratis.thirdparty.io.netty.util.internal.ThreadExecutorMap$2.run(ThreadExecutorMap.java:74)
        at java.lang.Thread.run(Thread.java:750)
"f6fa4039-8fe9-46ca-92f5-bb04d02dc273-DataStreamManagement-request--thread6"  prio=5 tid=1406 in Object.wait()
java.lang.Thread.State: WAITING (on object monitor)
        at sun.misc.Unsafe.park(Native Method)
        at java.util.concurrent.locks.LockSupport.park(LockSupport.java:175)
        at java.util.concurrent.locks.AbstractQueuedSynchronizer$ConditionObject.await(AbstractQueuedSynchronizer.java:2039)
        at java.util.concurrent.LinkedBlockingQueue.take(LinkedBlockingQueue.java:442)
        at java.util.concurrent.ThreadPoolExecutor.getTask(ThreadPoolExecutor.java:1074)
        at java.util.concurrent.ThreadPoolExecutor.runWorker(ThreadPoolExecutor.java:1134)
        at java.util.concurrent.ThreadPoolExecutor$Worker.run(ThreadPoolExecutor.java:624)
        at java.lang.Thread.run(Thread.java:750)
"PartialTableCache Cleanup Thread - 0" daemon prio=5 tid=1125 in Object.wait()
java.lang.Thread.State: WAITING (on object monitor)
        at sun.misc.Unsafe.park(Native Method)
        at java.util.concurrent.locks.LockSupport.park(LockSupport.java:175)
        at java.util.concurrent.locks.AbstractQueuedSynchronizer$ConditionObject.await(AbstractQueuedSynchronizer.java:2039)
        at java.util.concurrent.LinkedBlockingQueue.take(LinkedBlockingQueue.java:442)
        at java.util.concurrent.ThreadPoolExecutor.getTask(ThreadPoolExecutor.java:1074)
        at java.util.concurrent.ThreadPoolExecutor.runWorker(ThreadPoolExecutor.java:1134)
        at java.util.concurrent.ThreadPoolExecutor$Worker.run(ThreadPoolExecutor.java:624)
        at java.lang.Thread.run(Thread.java:750)
"IPC Server handler 11 on default port 15000" daemon prio=5 tid=77 timed_waiting
java.lang.Thread.State: TIMED_WAITING
        at sun.misc.Unsafe.park(Native Method)
        at java.util.concurrent.locks.LockSupport.parkNanos(LockSupport.java:215)
        at java.util.concurrent.locks.AbstractQueuedSynchronizer$ConditionObject.awaitNanos(AbstractQueuedSynchronizer.java:2078)
        at java.util.concurrent.LinkedBlockingQueue.poll(LinkedBlockingQueue.java:467)
        at org.apache.hadoop.ipc.CallQueueManager.take(CallQueueManager.java:317)
        at org.apache.hadoop.ipc.Server$Handler.run(Server.java:3014)
"qtp955442053-536" daemon prio=5 tid=536 timed_waiting
java.lang.Thread.State: TIMED_WAITING
        at sun.misc.Unsafe.park(Native Method)
        at java.util.concurrent.locks.LockSupport.parkNanos(LockSupport.java:215)
        at java.util.concurrent.locks.AbstractQueuedSynchronizer$ConditionObject.awaitNanos(AbstractQueuedSynchronizer.java:2078)
        at org.eclipse.jetty.util.BlockingArrayQueue.poll(BlockingArrayQueue.java:382)
        at org.eclipse.jetty.util.thread.QueuedThreadPool$Runner.idleJobPoll(QueuedThreadPool.java:974)
        at org.eclipse.jetty.util.thread.QueuedThreadPool$Runner.run(QueuedThreadPool.java:1018)
        at java.lang.Thread.run(Thread.java:750)
"IPC Server handler 0 on default port 15064" daemon prio=5 tid=426 timed_waiting
java.lang.Thread.State: TIMED_WAITING
        at sun.misc.Unsafe.park(Native Method)
        at java.util.concurrent.locks.LockSupport.parkNanos(LockSupport.java:215)
        at java.util.concurrent.locks.AbstractQueuedSynchronizer$ConditionObject.awaitNanos(AbstractQueuedSynchronizer.java:2078)
        at java.util.concurrent.LinkedBlockingQueue.poll(LinkedBlockingQueue.java:467)
        at org.apache.hadoop.ipc.CallQueueManager.take(CallQueueManager.java:317)
        at org.apache.hadoop.ipc.Server$Handler.run(Server.java:3014)
"ChunkReader-3" daemon prio=5 tid=1250 in Object.wait()
java.lang.Thread.State: WAITING (on object monitor)
        at sun.misc.Unsafe.park(Native Method)
        at java.util.concurrent.locks.LockSupport.park(LockSupport.java:175)
        at java.util.concurrent.locks.AbstractQueuedSynchronizer$ConditionObject.await(AbstractQueuedSynchronizer.java:2039)
        at java.util.concurrent.LinkedBlockingQueue.take(LinkedBlockingQueue.java:442)
        at java.util.concurrent.ThreadPoolExecutor.getTask(ThreadPoolExecutor.java:1074)
        at java.util.concurrent.ThreadPoolExecutor.runWorker(ThreadPoolExecutor.java:1134)
        at java.util.concurrent.ThreadPoolExecutor$Worker.run(ThreadPoolExecutor.java:624)
        at java.lang.Thread.run(Thread.java:750)
"ContainerOp-4f955fc0-ea69-486a-8109-13976fd52583-2"  prio=5 tid=1131 in Object.wait()
java.lang.Thread.State: WAITING (on object monitor)
        at sun.misc.Unsafe.park(Native Method)
        at java.util.concurrent.locks.LockSupport.park(LockSupport.java:175)
        at java.util.concurrent.locks.AbstractQueuedSynchronizer$ConditionObject.await(AbstractQueuedSynchronizer.java:2039)
        at java.util.concurrent.LinkedBlockingQueue.take(LinkedBlockingQueue.java:442)
        at java.util.concurrent.ThreadPoolExecutor.getTask(ThreadPoolExecutor.java:1074)
        at java.util.concurrent.ThreadPoolExecutor.runWorker(ThreadPoolExecutor.java:1134)
        at java.util.concurrent.ThreadPoolExecutor$Worker.run(ThreadPoolExecutor.java:624)
        at java.lang.Thread.run(Thread.java:750)
"PipelineCommandHandlerThread-0"  prio=5 tid=785 in Object.wait()
java.lang.Thread.State: WAITING (on object monitor)
        at sun.misc.Unsafe.park(Native Method)
        at java.util.concurrent.locks.LockSupport.park(LockSupport.java:175)
        at java.util.concurrent.locks.AbstractQueuedSynchronizer$ConditionObject.await(AbstractQueuedSynchronizer.java:2039)
        at java.util.concurrent.LinkedBlockingQueue.take(LinkedBlockingQueue.java:442)
        at java.util.concurrent.ThreadPoolExecutor.getTask(ThreadPoolExecutor.java:1074)
        at java.util.concurrent.ThreadPoolExecutor.runWorker(ThreadPoolExecutor.java:1134)
        at java.util.concurrent.ThreadPoolExecutor$Worker.run(ThreadPoolExecutor.java:624)
        at java.lang.Thread.run(Thread.java:750)
"ChunkReader-4" daemon prio=5 tid=1030 in Object.wait()
java.lang.Thread.State: WAITING (on object monitor)
        at sun.misc.Unsafe.park(Native Method)
        at java.util.concurrent.locks.LockSupport.park(LockSupport.java:175)
        at java.util.concurrent.locks.AbstractQueuedSynchronizer$ConditionObject.await(AbstractQueuedSynchronizer.java:2039)
        at java.util.concurrent.LinkedBlockingQueue.take(LinkedBlockingQueue.java:442)
        at java.util.concurrent.ThreadPoolExecutor.getTask(ThreadPoolExecutor.java:1074)
        at java.util.concurrent.ThreadPoolExecutor.runWorker(ThreadPoolExecutor.java:1134)
        at java.util.concurrent.ThreadPoolExecutor$Worker.run(ThreadPoolExecutor.java:624)
        at java.lang.Thread.run(Thread.java:750)
"Socket Reader #1 for port 15073"  prio=5 tid=466 runnable
java.lang.Thread.State: RUNNABLE
        at sun.nio.ch.EPollArrayWrapper.epollWait(Native Method)
        at sun.nio.ch.EPollArrayWrapper.poll(EPollArrayWrapper.java:269)
        at sun.nio.ch.EPollSelectorImpl.doSelect(EPollSelectorImpl.java:93)
        at sun.nio.ch.SelectorImpl.lockAndDoSelect(SelectorImpl.java:86)
        at sun.nio.ch.SelectorImpl.select(SelectorImpl.java:97)
        at sun.nio.ch.SelectorImpl.select(SelectorImpl.java:101)
        at org.apache.hadoop.ipc.Server$Listener$Reader.doRunLoop(Server.java:1346)
        at org.apache.hadoop.ipc.Server$Listener$Reader.run(Server.java:1325)
"80a9a8fe-8ad4-444c-8e90-e2ced2b3ac02-NettyServerStreamRpc-bossGroup--thread1"  prio=5 tid=346 runnable
java.lang.Thread.State: RUNNABLE
        at sun.nio.ch.EPollArrayWrapper.epollWait(Native Method)
        at sun.nio.ch.EPollArrayWrapper.poll(EPollArrayWrapper.java:269)
        at sun.nio.ch.EPollSelectorImpl.doSelect(EPollSelectorImpl.java:93)
        at sun.nio.ch.SelectorImpl.lockAndDoSelect(SelectorImpl.java:86)
        at sun.nio.ch.SelectorImpl.select(SelectorImpl.java:97)
        at sun.nio.ch.SelectorImpl.select(SelectorImpl.java:101)
        at org.apache.ratis.thirdparty.io.netty.channel.nio.SelectedSelectionKeySetSelector.select(SelectedSelectionKeySetSelector.java:68)
        at org.apache.ratis.thirdparty.io.netty.channel.nio.NioEventLoop.select(NioEventLoop.java:879)
        at org.apache.ratis.thirdparty.io.netty.channel.nio.NioEventLoop.run(NioEventLoop.java:526)
        at org.apache.ratis.thirdparty.io.netty.util.concurrent.SingleThreadEventExecutor$4.run(SingleThreadEventExecutor.java:997)
        at org.apache.ratis.thirdparty.io.netty.util.internal.ThreadExecutorMap$2.run(ThreadExecutorMap.java:74)
        at java.lang.Thread.run(Thread.java:750)
"PartialTableCache Cleanup Thread - 0" daemon prio=5 tid=1022 in Object.wait()
java.lang.Thread.State: WAITING (on object monitor)
        at sun.misc.Unsafe.park(Native Method)
        at java.util.concurrent.locks.LockSupport.park(LockSupport.java:175)
        at java.util.concurrent.locks.AbstractQueuedSynchronizer$ConditionObject.await(AbstractQueuedSynchronizer.java:2039)
        at java.util.concurrent.LinkedBlockingQueue.take(LinkedBlockingQueue.java:442)
        at java.util.concurrent.ThreadPoolExecutor.getTask(ThreadPoolExecutor.java:1074)
        at java.util.concurrent.ThreadPoolExecutor.runWorker(ThreadPoolExecutor.java:1134)
        at java.util.concurrent.ThreadPoolExecutor$Worker.run(ThreadPoolExecutor.java:624)
        at java.lang.Thread.run(Thread.java:750)
"qtp1002279474-136" daemon prio=5 tid=136 timed_waiting
java.lang.Thread.State: TIMED_WAITING
        at sun.misc.Unsafe.park(Native Method)
        at java.util.concurrent.locks.LockSupport.parkNanos(LockSupport.java:215)
        at java.util.concurrent.locks.AbstractQueuedSynchronizer$ConditionObject.awaitNanos(AbstractQueuedSynchronizer.java:2078)
        at org.eclipse.jetty.util.BlockingArrayQueue.poll(BlockingArrayQueue.java:382)
        at org.eclipse.jetty.util.thread.QueuedThreadPool$Runner.idleJobPoll(QueuedThreadPool.java:974)
        at org.eclipse.jetty.util.thread.QueuedThreadPool$Runner.run(QueuedThreadPool.java:1018)
        at java.lang.Thread.run(Thread.java:750)
"BlockDeletingService#0" daemon prio=5 tid=632 in Object.wait()
java.lang.Thread.State: WAITING (on object monitor)
        at sun.misc.Unsafe.park(Native Method)
        at java.util.concurrent.locks.LockSupport.park(LockSupport.java:175)
        at java.util.concurrent.locks.AbstractQueuedSynchronizer$ConditionObject.await(AbstractQueuedSynchronizer.java:2039)
        at java.util.concurrent.ScheduledThreadPoolExecutor$DelayedWorkQueue.take(ScheduledThreadPoolExecutor.java:1088)
        at java.util.concurrent.ScheduledThreadPoolExecutor$DelayedWorkQueue.take(ScheduledThreadPoolExecutor.java:809)
        at java.util.concurrent.ThreadPoolExecutor.getTask(ThreadPoolExecutor.java:1074)
        at java.util.concurrent.ThreadPoolExecutor.runWorker(ThreadPoolExecutor.java:1134)
        at java.util.concurrent.ThreadPoolExecutor$Worker.run(ThreadPoolExecutor.java:624)
        at java.lang.Thread.run(Thread.java:750)
"qtp547239460-488" daemon prio=5 tid=488 timed_waiting
java.lang.Thread.State: TIMED_WAITING
        at sun.misc.Unsafe.park(Native Method)
        at java.util.concurrent.locks.LockSupport.parkNanos(LockSupport.java:215)
        at java.util.concurrent.locks.AbstractQueuedSynchronizer$ConditionObject.awaitNanos(AbstractQueuedSynchronizer.java:2078)
        at org.eclipse.jetty.util.BlockingArrayQueue.poll(BlockingArrayQueue.java:382)
        at org.eclipse.jetty.util.thread.QueuedThreadPool$Runner.idleJobPoll(QueuedThreadPool.java:974)
        at org.eclipse.jetty.util.thread.QueuedThreadPool$Runner.run(QueuedThreadPool.java:1018)
        at java.lang.Thread.run(Thread.java:750)
"28fc21f1-0f1b-4853-8334-7fb4bdc0ccf0-server-thread3" daemon prio=5 tid=889 timed_waiting
java.lang.Thread.State: TIMED_WAITING
        at sun.misc.Unsafe.park(Native Method)
        at java.util.concurrent.locks.LockSupport.parkNanos(LockSupport.java:215)
        at java.util.concurrent.SynchronousQueue$TransferStack.awaitFulfill(SynchronousQueue.java:460)
        at java.util.concurrent.SynchronousQueue$TransferStack.transfer(SynchronousQueue.java:362)
        at java.util.concurrent.SynchronousQueue.poll(SynchronousQueue.java:941)
        at java.util.concurrent.ThreadPoolExecutor.getTask(ThreadPoolExecutor.java:1073)
        at java.util.concurrent.ThreadPoolExecutor.runWorker(ThreadPoolExecutor.java:1134)
        at java.util.concurrent.ThreadPoolExecutor$Worker.run(ThreadPoolExecutor.java:624)
        at java.lang.Thread.run(Thread.java:750)
"qtp547239460-489" daemon prio=5 tid=489 timed_waiting
java.lang.Thread.State: TIMED_WAITING
        at sun.misc.Unsafe.park(Native Method)
        at java.util.concurrent.locks.LockSupport.parkNanos(LockSupport.java:215)
        at java.util.concurrent.locks.AbstractQueuedSynchronizer$ConditionObject.awaitNanos(AbstractQueuedSynchronizer.java:2078)
        at org.eclipse.jetty.util.BlockingArrayQueue.poll(BlockingArrayQueue.java:382)
        at org.eclipse.jetty.util.thread.QueuedThreadPool$Runner.idleJobPoll(QueuedThreadPool.java:974)
        at org.eclipse.jetty.util.thread.QueuedThreadPool$Runner.run(QueuedThreadPool.java:1018)
        at java.lang.Thread.run(Thread.java:750)
"Datanode ReportManager Thread - 0" daemon prio=5 tid=428 in Object.wait()
java.lang.Thread.State: WAITING (on object monitor)
        at sun.misc.Unsafe.park(Native Method)
        at java.util.concurrent.locks.LockSupport.park(LockSupport.java:175)
        at java.util.concurrent.locks.AbstractQueuedSynchronizer$ConditionObject.await(AbstractQueuedSynchronizer.java:2039)
        at java.util.concurrent.ScheduledThreadPoolExecutor$DelayedWorkQueue.take(ScheduledThreadPoolExecutor.java:1088)
        at java.util.concurrent.ScheduledThreadPoolExecutor$DelayedWorkQueue.take(ScheduledThreadPoolExecutor.java:809)
        at java.util.concurrent.ThreadPoolExecutor.getTask(ThreadPoolExecutor.java:1074)
        at java.util.concurrent.ThreadPoolExecutor.runWorker(ThreadPoolExecutor.java:1134)
        at java.util.concurrent.ThreadPoolExecutor$Worker.run(ThreadPoolExecutor.java:624)
        at java.lang.Thread.run(Thread.java:750)
"28fc21f1-0f1b-4853-8334-7fb4bdc0ccf0@group-BAC3D6A46238-SegmentedRaftLogWorker"  prio=5 tid=703 timed_waiting
java.lang.Thread.State: TIMED_WAITING
        at sun.misc.Unsafe.park(Native Method)
        at java.util.concurrent.locks.LockSupport.parkNanos(LockSupport.java:215)
        at java.util.concurrent.locks.AbstractQueuedSynchronizer$ConditionObject.awaitNanos(AbstractQueuedSynchronizer.java:2078)
        at org.apache.ratis.util.DataBlockingQueue.poll(DataBlockingQueue.java:148)
        at org.apache.ratis.server.raftlog.segmented.SegmentedRaftLogWorker.run(SegmentedRaftLogWorker.java:307)
        at org.apache.ratis.server.raftlog.segmented.SegmentedRaftLogWorker$$Lambda$841/2058580550.run(Unknown Source)
        at java.util.concurrent.Executors$RunnableAdapter.call(Executors.java:511)
        at java.util.concurrent.FutureTask.run(FutureTask.java:266)
        at java.util.concurrent.ThreadPoolExecutor.runWorker(ThreadPoolExecutor.java:1149)
        at java.util.concurrent.ThreadPoolExecutor$Worker.run(ThreadPoolExecutor.java:624)
        at java.lang.Thread.run(Thread.java:750)
"Datanode ReportManager Thread - 2" daemon prio=5 tid=570 in Object.wait()
java.lang.Thread.State: WAITING (on object monitor)
        at sun.misc.Unsafe.park(Native Method)
        at java.util.concurrent.locks.LockSupport.park(LockSupport.java:175)
        at java.util.concurrent.locks.AbstractQueuedSynchronizer$ConditionObject.await(AbstractQueuedSynchronizer.java:2039)
        at java.util.concurrent.ScheduledThreadPoolExecutor$DelayedWorkQueue.take(ScheduledThreadPoolExecutor.java:1088)
        at java.util.concurrent.ScheduledThreadPoolExecutor$DelayedWorkQueue.take(ScheduledThreadPoolExecutor.java:809)
        at java.util.concurrent.ThreadPoolExecutor.getTask(ThreadPoolExecutor.java:1074)
        at java.util.concurrent.ThreadPoolExecutor.runWorker(ThreadPoolExecutor.java:1134)
        at java.util.concurrent.ThreadPoolExecutor$Worker.run(ThreadPoolExecutor.java:624)
        at java.lang.Thread.run(Thread.java:750)
"Hadoop-Metrics-Updater-0" daemon prio=5 tid=367 timed_waiting
java.lang.Thread.State: TIMED_WAITING
        at sun.misc.Unsafe.park(Native Method)
        at java.util.concurrent.locks.LockSupport.parkNanos(LockSupport.java:215)
        at java.util.concurrent.locks.AbstractQueuedSynchronizer$ConditionObject.awaitNanos(AbstractQueuedSynchronizer.java:2078)
        at java.util.concurrent.ScheduledThreadPoolExecutor$DelayedWorkQueue.take(ScheduledThreadPoolExecutor.java:1093)
        at java.util.concurrent.ScheduledThreadPoolExecutor$DelayedWorkQueue.take(ScheduledThreadPoolExecutor.java:809)
        at java.util.concurrent.ThreadPoolExecutor.getTask(ThreadPoolExecutor.java:1074)
        at java.util.concurrent.ThreadPoolExecutor.runWorker(ThreadPoolExecutor.java:1134)
        at java.util.concurrent.ThreadPoolExecutor$Worker.run(ThreadPoolExecutor.java:624)
        at java.lang.Thread.run(Thread.java:750)
"Datanode ReportManager Thread - 2" daemon prio=5 tid=339 in Object.wait()
java.lang.Thread.State: WAITING (on object monitor)
        at sun.misc.Unsafe.park(Native Method)
        at java.util.concurrent.locks.LockSupport.park(LockSupport.java:175)
        at java.util.concurrent.locks.AbstractQueuedSynchronizer$ConditionObject.await(AbstractQueuedSynchronizer.java:2039)
        at java.util.concurrent.ScheduledThreadPoolExecutor$DelayedWorkQueue.take(ScheduledThreadPoolExecutor.java:1088)
        at java.util.concurrent.ScheduledThreadPoolExecutor$DelayedWorkQueue.take(ScheduledThreadPoolExecutor.java:809)
        at java.util.concurrent.ThreadPoolExecutor.getTask(ThreadPoolExecutor.java:1074)
        at java.util.concurrent.ThreadPoolExecutor.runWorker(ThreadPoolExecutor.java:1134)
        at java.util.concurrent.ThreadPoolExecutor$Worker.run(ThreadPoolExecutor.java:624)
        at java.lang.Thread.run(Thread.java:750)
"IPC Server Responder" daemon prio=5 tid=44 runnable
java.lang.Thread.State: RUNNABLE
        at sun.nio.ch.EPollArrayWrapper.epollWait(Native Method)
        at sun.nio.ch.EPollArrayWrapper.poll(EPollArrayWrapper.java:269)
        at sun.nio.ch.EPollSelectorImpl.doSelect(EPollSelectorImpl.java:93)
        at sun.nio.ch.SelectorImpl.lockAndDoSelect(SelectorImpl.java:86)
        at sun.nio.ch.SelectorImpl.select(SelectorImpl.java:97)
        at org.apache.hadoop.ipc.Server$Responder.doRunLoop(Server.java:1582)
        at org.apache.hadoop.ipc.Server$Responder.run(Server.java:1565)
"ChunkReader-1" daemon prio=5 tid=1055 in Object.wait()
java.lang.Thread.State: WAITING (on object monitor)
        at sun.misc.Unsafe.park(Native Method)
        at java.util.concurrent.locks.LockSupport.park(LockSupport.java:175)
        at java.util.concurrent.locks.AbstractQueuedSynchronizer$ConditionObject.await(AbstractQueuedSynchronizer.java:2039)
        at java.util.concurrent.LinkedBlockingQueue.take(LinkedBlockingQueue.java:442)
        at java.util.concurrent.ThreadPoolExecutor.getTask(ThreadPoolExecutor.java:1074)
        at java.util.concurrent.ThreadPoolExecutor.runWorker(ThreadPoolExecutor.java:1134)
        at java.util.concurrent.ThreadPoolExecutor$Worker.run(ThreadPoolExecutor.java:624)
        at java.lang.Thread.run(Thread.java:750)
"Datanode ReportManager Thread - 3" daemon prio=5 tid=224 in Object.wait()
java.lang.Thread.State: WAITING (on object monitor)
        at sun.misc.Unsafe.park(Native Method)
        at java.util.concurrent.locks.LockSupport.park(LockSupport.java:175)
        at java.util.concurrent.locks.AbstractQueuedSynchronizer$ConditionObject.await(AbstractQueuedSynchronizer.java:2039)
        at java.util.concurrent.ScheduledThreadPoolExecutor$DelayedWorkQueue.take(ScheduledThreadPoolExecutor.java:1088)
        at java.util.concurrent.ScheduledThreadPoolExecutor$DelayedWorkQueue.take(ScheduledThreadPoolExecutor.java:809)
        at java.util.concurrent.ThreadPoolExecutor.getTask(ThreadPoolExecutor.java:1074)
        at java.util.concurrent.ThreadPoolExecutor.runWorker(ThreadPoolExecutor.java:1134)
        at java.util.concurrent.ThreadPoolExecutor$Worker.run(ThreadPoolExecutor.java:624)
        at java.lang.Thread.run(Thread.java:750)
"Datanode State Machine Task Thread - 1"  prio=5 tid=591 in Object.wait()
java.lang.Thread.State: WAITING (on object monitor)
        at sun.misc.Unsafe.park(Native Method)
        at java.util.concurrent.locks.LockSupport.park(LockSupport.java:175)
        at java.util.concurrent.locks.AbstractQueuedSynchronizer$ConditionObject.await(AbstractQueuedSynchronizer.java:2039)
        at java.util.concurrent.LinkedBlockingQueue.take(LinkedBlockingQueue.java:442)
        at java.util.concurrent.ThreadPoolExecutor.getTask(ThreadPoolExecutor.java:1074)
        at java.util.concurrent.ThreadPoolExecutor.runWorker(ThreadPoolExecutor.java:1134)
        at java.util.concurrent.ThreadPoolExecutor$Worker.run(ThreadPoolExecutor.java:624)
        at java.lang.Thread.run(Thread.java:750)
"6f9d3266-b874-4586-a718-9027df6ff647@group-956EFEAD089C-FollowerState" daemon prio=5 tid=945 timed_waiting
java.lang.Thread.State: TIMED_WAITING
        at java.lang.Thread.sleep(Native Method)
        at java.lang.Thread.sleep(Thread.java:342)
        at java.util.concurrent.TimeUnit.sleep(TimeUnit.java:386)
        at org.apache.ratis.util.TimeDuration.sleep(TimeDuration.java:325)
        at org.apache.ratis.util.TimeDuration.sleep(TimeDuration.java:310)
        at org.apache.ratis.server.impl.FollowerState.run(FollowerState.java:128)
"FixedThreadPoolWithAffinityExecutor-4-0" daemon prio=5 tid=60 timed_waiting
java.lang.Thread.State: TIMED_WAITING
        at sun.misc.Unsafe.park(Native Method)
        at java.util.concurrent.locks.LockSupport.parkNanos(LockSupport.java:215)
        at java.util.concurrent.locks.AbstractQueuedSynchronizer$ConditionObject.awaitNanos(AbstractQueuedSynchronizer.java:2078)
        at java.util.concurrent.LinkedBlockingQueue.poll(LinkedBlockingQueue.java:467)
        at org.apache.hadoop.hdds.scm.server.ContainerReportQueue.poll(ContainerReportQueue.java:266)
        at org.apache.hadoop.hdds.scm.server.ContainerReportQueue.poll(ContainerReportQueue.java:42)
        at org.apache.hadoop.hdds.server.events.FixedThreadPoolWithAffinityExecutor$ContainerReportProcessTask.run(FixedThreadPoolWithAffinityExecutor.java:247)
        at java.util.concurrent.Executors$RunnableAdapter.call(Executors.java:511)
        at java.util.concurrent.FutureTask.run(FutureTask.java:266)
        at java.util.concurrent.ThreadPoolExecutor.runWorker(ThreadPoolExecutor.java:1149)
        at java.util.concurrent.ThreadPoolExecutor$Worker.run(ThreadPoolExecutor.java:624)
        at java.lang.Thread.run(Thread.java:750)
"9305807b-68e0-4de4-9f06-795e0c374ac6-NettyServerStreamRpc-bossGroup--thread1"  prio=5 tid=259 runnable
java.lang.Thread.State: RUNNABLE
        at sun.nio.ch.EPollArrayWrapper.epollWait(Native Method)
        at sun.nio.ch.EPollArrayWrapper.poll(EPollArrayWrapper.java:269)
        at sun.nio.ch.EPollSelectorImpl.doSelect(EPollSelectorImpl.java:93)
        at sun.nio.ch.SelectorImpl.lockAndDoSelect(SelectorImpl.java:86)
        at sun.nio.ch.SelectorImpl.select(SelectorImpl.java:97)
        at sun.nio.ch.SelectorImpl.select(SelectorImpl.java:101)
        at org.apache.ratis.thirdparty.io.netty.channel.nio.SelectedSelectionKeySetSelector.select(SelectedSelectionKeySetSelector.java:68)
        at org.apache.ratis.thirdparty.io.netty.channel.nio.NioEventLoop.select(NioEventLoop.java:879)
        at org.apache.ratis.thirdparty.io.netty.channel.nio.NioEventLoop.run(NioEventLoop.java:526)
        at org.apache.ratis.thirdparty.io.netty.util.concurrent.SingleThreadEventExecutor$4.run(SingleThreadEventExecutor.java:997)
        at org.apache.ratis.thirdparty.io.netty.util.internal.ThreadExecutorMap$2.run(ThreadExecutorMap.java:74)
        at java.lang.Thread.run(Thread.java:750)
"IPC Server Responder" daemon prio=5 tid=153 runnable
java.lang.Thread.State: RUNNABLE
        at sun.nio.ch.EPollArrayWrapper.epollWait(Native Method)
        at sun.nio.ch.EPollArrayWrapper.poll(EPollArrayWrapper.java:269)
        at sun.nio.ch.EPollSelectorImpl.doSelect(EPollSelectorImpl.java:93)
        at sun.nio.ch.SelectorImpl.lockAndDoSelect(SelectorImpl.java:86)
        at sun.nio.ch.SelectorImpl.select(SelectorImpl.java:97)
        at org.apache.hadoop.ipc.Server$Responder.doRunLoop(Server.java:1582)
        at org.apache.hadoop.ipc.Server$Responder.run(Server.java:1565)
"qtp997606897-171" daemon prio=5 tid=171 timed_waiting
java.lang.Thread.State: TIMED_WAITING
        at sun.misc.Unsafe.park(Native Method)
        at java.util.concurrent.locks.LockSupport.parkNanos(LockSupport.java:215)
        at java.util.concurrent.locks.AbstractQueuedSynchronizer$ConditionObject.awaitNanos(AbstractQueuedSynchronizer.java:2078)
        at org.eclipse.jetty.util.BlockingArrayQueue.poll(BlockingArrayQueue.java:382)
        at org.eclipse.jetty.util.thread.QueuedThreadPool$Runner.idleJobPoll(QueuedThreadPool.java:974)
        at org.eclipse.jetty.util.thread.QueuedThreadPool$Runner.run(QueuedThreadPool.java:1018)
        at java.lang.Thread.run(Thread.java:750)
"ChunkReader-8" daemon prio=5 tid=1292 in Object.wait()
java.lang.Thread.State: WAITING (on object monitor)
        at sun.misc.Unsafe.park(Native Method)
        at java.util.concurrent.locks.LockSupport.park(LockSupport.java:175)
        at java.util.concurrent.locks.AbstractQueuedSynchronizer$ConditionObject.await(AbstractQueuedSynchronizer.java:2039)
        at java.util.concurrent.LinkedBlockingQueue.take(LinkedBlockingQueue.java:442)
        at java.util.concurrent.ThreadPoolExecutor.getTask(ThreadPoolExecutor.java:1074)
        at java.util.concurrent.ThreadPoolExecutor.runWorker(ThreadPoolExecutor.java:1134)
        at java.util.concurrent.ThreadPoolExecutor$Worker.run(ThreadPoolExecutor.java:624)
        at java.lang.Thread.run(Thread.java:750)
"qtp110826259-267" daemon prio=5 tid=267 timed_waiting
java.lang.Thread.State: TIMED_WAITING
        at sun.misc.Unsafe.park(Native Method)
        at java.util.concurrent.locks.LockSupport.parkNanos(LockSupport.java:215)
        at java.util.concurrent.locks.AbstractQueuedSynchronizer$ConditionObject.awaitNanos(AbstractQueuedSynchronizer.java:2078)
        at org.eclipse.jetty.util.BlockingArrayQueue.poll(BlockingArrayQueue.java:382)
        at org.eclipse.jetty.util.thread.QueuedThreadPool$Runner.idleJobPoll(QueuedThreadPool.java:974)
        at org.eclipse.jetty.util.thread.QueuedThreadPool$Runner.run(QueuedThreadPool.java:1018)
        at java.lang.Thread.run(Thread.java:750)
"IPC Server listener on 15091" daemon prio=5 tid=559 runnable
java.lang.Thread.State: RUNNABLE
        at sun.nio.ch.EPollArrayWrapper.epollWait(Native Method)
        at sun.nio.ch.EPollArrayWrapper.poll(EPollArrayWrapper.java:269)
        at sun.nio.ch.EPollSelectorImpl.doSelect(EPollSelectorImpl.java:93)
        at sun.nio.ch.SelectorImpl.lockAndDoSelect(SelectorImpl.java:86)
        at sun.nio.ch.SelectorImpl.select(SelectorImpl.java:97)
        at sun.nio.ch.SelectorImpl.select(SelectorImpl.java:101)
        at org.apache.hadoop.ipc.Server$Listener.run(Server.java:1408)
"6220322b-c54d-4ba8-95d6-5fd9b706d663@group-E0A3CFFD1989-StateMachineUpdater" daemon prio=5 tid=758 timed_waiting
java.lang.Thread.State: TIMED_WAITING
        at sun.misc.Unsafe.park(Native Method)
        at java.util.concurrent.locks.LockSupport.parkNanos(LockSupport.java:215)
        at java.util.concurrent.locks.AbstractQueuedSynchronizer$ConditionObject.await(AbstractQueuedSynchronizer.java:2163)
        at org.apache.ratis.util.AwaitForSignal.await(AwaitForSignal.java:62)
        at org.apache.ratis.server.impl.StateMachineUpdater.waitForCommit(StateMachineUpdater.java:209)
        at org.apache.ratis.server.impl.StateMachineUpdater.run(StateMachineUpdater.java:178)
        at java.lang.Thread.run(Thread.java:750)
"EventQueue-OpenPipelineForHealthyPipelineSafeModeRule" daemon prio=5 tid=657 in Object.wait()
java.lang.Thread.State: WAITING (on object monitor)
        at sun.misc.Unsafe.park(Native Method)
        at java.util.concurrent.locks.LockSupport.park(LockSupport.java:175)
        at java.util.concurrent.locks.AbstractQueuedSynchronizer$ConditionObject.await(AbstractQueuedSynchronizer.java:2039)
        at java.util.concurrent.LinkedBlockingQueue.take(LinkedBlockingQueue.java:442)
        at java.util.concurrent.ThreadPoolExecutor.getTask(ThreadPoolExecutor.java:1074)
        at java.util.concurrent.ThreadPoolExecutor.runWorker(ThreadPoolExecutor.java:1134)
        at java.util.concurrent.ThreadPoolExecutor$Worker.run(ThreadPoolExecutor.java:624)
        at java.lang.Thread.run(Thread.java:750)
"ContainerOp-00044fda-cf71-4d00-9eb5-8cc713da5931-1"  prio=5 tid=1050 in Object.wait()
java.lang.Thread.State: WAITING (on object monitor)
        at sun.misc.Unsafe.park(Native Method)
        at java.util.concurrent.locks.LockSupport.park(LockSupport.java:175)
        at java.util.concurrent.locks.AbstractQueuedSynchronizer$ConditionObject.await(AbstractQueuedSynchronizer.java:2039)
        at java.util.concurrent.LinkedBlockingQueue.take(LinkedBlockingQueue.java:442)
        at java.util.concurrent.ThreadPoolExecutor.getTask(ThreadPoolExecutor.java:1074)
        at java.util.concurrent.ThreadPoolExecutor.runWorker(ThreadPoolExecutor.java:1134)
        at java.util.concurrent.ThreadPoolExecutor$Worker.run(ThreadPoolExecutor.java:624)
        at java.lang.Thread.run(Thread.java:750)
"IPC Server handler 0 on default port 15010" daemon prio=5 tid=219 timed_waiting
java.lang.Thread.State: TIMED_WAITING
        at sun.misc.Unsafe.park(Native Method)
        at java.util.concurrent.locks.LockSupport.parkNanos(LockSupport.java:215)
        at java.util.concurrent.locks.AbstractQueuedSynchronizer$ConditionObject.awaitNanos(AbstractQueuedSynchronizer.java:2078)
        at java.util.concurrent.LinkedBlockingQueue.poll(LinkedBlockingQueue.java:467)
        at org.apache.hadoop.ipc.CallQueueManager.take(CallQueueManager.java:317)
        at org.apache.hadoop.ipc.Server$Handler.run(Server.java:3014)
"Datanode ReportManager Thread - 3" daemon prio=5 tid=571 in Object.wait()
java.lang.Thread.State: WAITING (on object monitor)
        at sun.misc.Unsafe.park(Native Method)
        at java.util.concurrent.locks.LockSupport.park(LockSupport.java:175)
        at java.util.concurrent.locks.AbstractQueuedSynchronizer$ConditionObject.await(AbstractQueuedSynchronizer.java:2039)
        at java.util.concurrent.ScheduledThreadPoolExecutor$DelayedWorkQueue.take(ScheduledThreadPoolExecutor.java:1088)
        at java.util.concurrent.ScheduledThreadPoolExecutor$DelayedWorkQueue.take(ScheduledThreadPoolExecutor.java:809)
        at java.util.concurrent.ThreadPoolExecutor.getTask(ThreadPoolExecutor.java:1074)
        at java.util.concurrent.ThreadPoolExecutor.runWorker(ThreadPoolExecutor.java:1134)
        at java.util.concurrent.ThreadPoolExecutor$Worker.run(ThreadPoolExecutor.java:624)
        at java.lang.Thread.run(Thread.java:750)
"qtp1890737819-351-acceptor-0@60b8eb67-ServerConnector@dce1556{HTTP/1.1, (http/1.1)}{0.0.0.0:15054}" daemon prio=3 tid=351 runnable
java.lang.Thread.State: RUNNABLE
        at sun.nio.ch.ServerSocketChannelImpl.accept0(Native Method)
        at sun.nio.ch.ServerSocketChannelImpl.accept(ServerSocketChannelImpl.java:421)
        at sun.nio.ch.ServerSocketChannelImpl.accept(ServerSocketChannelImpl.java:249)
        at org.eclipse.jetty.server.ServerConnector.accept(ServerConnector.java:388)
        at org.eclipse.jetty.server.AbstractConnector$Acceptor.run(AbstractConnector.java:704)
        at org.eclipse.jetty.util.thread.QueuedThreadPool.runJob(QueuedThreadPool.java:883)
        at org.eclipse.jetty.util.thread.QueuedThreadPool$Runner.run(QueuedThreadPool.java:1034)
        at java.lang.Thread.run(Thread.java:750)
"ContainerOp-870a759f-8d79-46e0-9830-9a5c66ffce8a-2"  prio=5 tid=1160 in Object.wait()
java.lang.Thread.State: WAITING (on object monitor)
        at sun.misc.Unsafe.park(Native Method)
        at java.util.concurrent.locks.LockSupport.park(LockSupport.java:175)
        at java.util.concurrent.locks.AbstractQueuedSynchronizer$ConditionObject.await(AbstractQueuedSynchronizer.java:2039)
        at java.util.concurrent.LinkedBlockingQueue.take(LinkedBlockingQueue.java:442)
        at java.util.concurrent.ThreadPoolExecutor.getTask(ThreadPoolExecutor.java:1074)
        at java.util.concurrent.ThreadPoolExecutor.runWorker(ThreadPoolExecutor.java:1134)
        at java.util.concurrent.ThreadPoolExecutor$Worker.run(ThreadPoolExecutor.java:624)
        at java.lang.Thread.run(Thread.java:750)
"IPC Server listener on 15073" daemon prio=5 tid=465 runnable
java.lang.Thread.State: RUNNABLE
        at sun.nio.ch.EPollArrayWrapper.epollWait(Native Method)
        at sun.nio.ch.EPollArrayWrapper.poll(EPollArrayWrapper.java:269)
        at sun.nio.ch.EPollSelectorImpl.doSelect(EPollSelectorImpl.java:93)
        at sun.nio.ch.SelectorImpl.lockAndDoSelect(SelectorImpl.java:86)
        at sun.nio.ch.SelectorImpl.select(SelectorImpl.java:97)
        at sun.nio.ch.SelectorImpl.select(SelectorImpl.java:101)
        at org.apache.hadoop.ipc.Server$Listener.run(Server.java:1408)
"ChunkReader-4" daemon prio=5 tid=1288 in Object.wait()
java.lang.Thread.State: WAITING (on object monitor)
        at sun.misc.Unsafe.park(Native Method)
        at java.util.concurrent.locks.LockSupport.park(LockSupport.java:175)
        at java.util.concurrent.locks.AbstractQueuedSynchronizer$ConditionObject.await(AbstractQueuedSynchronizer.java:2039)
        at java.util.concurrent.LinkedBlockingQueue.take(LinkedBlockingQueue.java:442)
        at java.util.concurrent.ThreadPoolExecutor.getTask(ThreadPoolExecutor.java:1074)
        at java.util.concurrent.ThreadPoolExecutor.runWorker(ThreadPoolExecutor.java:1134)
        at java.util.concurrent.ThreadPoolExecutor$Worker.run(ThreadPoolExecutor.java:624)
        at java.lang.Thread.run(Thread.java:750)
"PartialTableCache Cleanup Thread - 0" daemon prio=5 tid=1616 in Object.wait()
java.lang.Thread.State: WAITING (on object monitor)
        at sun.misc.Unsafe.park(Native Method)
        at java.util.concurrent.locks.LockSupport.park(LockSupport.java:175)
        at java.util.concurrent.locks.AbstractQueuedSynchronizer$ConditionObject.await(AbstractQueuedSynchronizer.java:2039)
        at java.util.concurrent.LinkedBlockingQueue.take(LinkedBlockingQueue.java:442)
        at java.util.concurrent.ThreadPoolExecutor.getTask(ThreadPoolExecutor.java:1074)
        at java.util.concurrent.ThreadPoolExecutor.runWorker(ThreadPoolExecutor.java:1134)
        at java.util.concurrent.ThreadPoolExecutor$Worker.run(ThreadPoolExecutor.java:624)
        at java.lang.Thread.run(Thread.java:750)
"BlockDeletingService#1" daemon prio=5 tid=507 in Object.wait()
java.lang.Thread.State: WAITING (on object monitor)
        at sun.misc.Unsafe.park(Native Method)
        at java.util.concurrent.locks.LockSupport.park(LockSupport.java:175)
        at java.util.concurrent.locks.AbstractQueuedSynchronizer$ConditionObject.await(AbstractQueuedSynchronizer.java:2039)
        at java.util.concurrent.ScheduledThreadPoolExecutor$DelayedWorkQueue.take(ScheduledThreadPoolExecutor.java:1088)
        at java.util.concurrent.ScheduledThreadPoolExecutor$DelayedWorkQueue.take(ScheduledThreadPoolExecutor.java:809)
        at java.util.concurrent.ThreadPoolExecutor.getTask(ThreadPoolExecutor.java:1074)
        at java.util.concurrent.ThreadPoolExecutor.runWorker(ThreadPoolExecutor.java:1134)
        at java.util.concurrent.ThreadPoolExecutor$Worker.run(ThreadPoolExecutor.java:624)
        at java.lang.Thread.run(Thread.java:750)
"IPC Server handler 19 on default port 15004" daemon prio=5 tid=196 timed_waiting
java.lang.Thread.State: TIMED_WAITING
        at sun.misc.Unsafe.park(Native Method)
        at java.util.concurrent.locks.LockSupport.parkNanos(LockSupport.java:215)
        at java.util.concurrent.locks.AbstractQueuedSynchronizer$ConditionObject.awaitNanos(AbstractQueuedSynchronizer.java:2078)
        at java.util.concurrent.LinkedBlockingQueue.poll(LinkedBlockingQueue.java:467)
        at org.apache.hadoop.ipc.CallQueueManager.take(CallQueueManager.java:317)
        at org.apache.hadoop.ipc.Server$Handler.run(Server.java:3014)
"ChunkWriter-1-0" daemon prio=5 tid=581 in Object.wait()
java.lang.Thread.State: WAITING (on object monitor)
        at sun.misc.Unsafe.park(Native Method)
        at java.util.concurrent.locks.LockSupport.park(LockSupport.java:175)
        at java.util.concurrent.locks.AbstractQueuedSynchronizer$ConditionObject.await(AbstractQueuedSynchronizer.java:2039)
        at java.util.concurrent.LinkedBlockingDeque.takeFirst(LinkedBlockingDeque.java:492)
        at java.util.concurrent.LinkedBlockingDeque.take(LinkedBlockingDeque.java:680)
        at java.util.concurrent.ThreadPoolExecutor.getTask(ThreadPoolExecutor.java:1074)
        at java.util.concurrent.ThreadPoolExecutor.runWorker(ThreadPoolExecutor.java:1134)
        at java.util.concurrent.ThreadPoolExecutor$Worker.run(ThreadPoolExecutor.java:624)
        at java.lang.Thread.run(Thread.java:750)
"80a9a8fe-8ad4-444c-8e90-e2ced2b3ac02-DataStreamManagement-request--thread7"  prio=5 tid=1375 in Object.wait()
java.lang.Thread.State: WAITING (on object monitor)
        at sun.misc.Unsafe.park(Native Method)
        at java.util.concurrent.locks.LockSupport.park(LockSupport.java:175)
        at java.util.concurrent.locks.AbstractQueuedSynchronizer$ConditionObject.await(AbstractQueuedSynchronizer.java:2039)
        at java.util.concurrent.LinkedBlockingQueue.take(LinkedBlockingQueue.java:442)
        at java.util.concurrent.ThreadPoolExecutor.getTask(ThreadPoolExecutor.java:1074)
        at java.util.concurrent.ThreadPoolExecutor.runWorker(ThreadPoolExecutor.java:1134)
        at java.util.concurrent.ThreadPoolExecutor$Worker.run(ThreadPoolExecutor.java:624)
        at java.lang.Thread.run(Thread.java:750)
"Datanode ReportManager Thread - 2" daemon prio=5 tid=281 in Object.wait()
java.lang.Thread.State: WAITING (on object monitor)
        at sun.misc.Unsafe.park(Native Method)
        at java.util.concurrent.locks.LockSupport.park(LockSupport.java:175)
        at java.util.concurrent.locks.AbstractQueuedSynchronizer$ConditionObject.await(AbstractQueuedSynchronizer.java:2039)
        at java.util.concurrent.ScheduledThreadPoolExecutor$DelayedWorkQueue.take(ScheduledThreadPoolExecutor.java:1088)
        at java.util.concurrent.ScheduledThreadPoolExecutor$DelayedWorkQueue.take(ScheduledThreadPoolExecutor.java:809)
        at java.util.concurrent.ThreadPoolExecutor.getTask(ThreadPoolExecutor.java:1074)
        at java.util.concurrent.ThreadPoolExecutor.runWorker(ThreadPoolExecutor.java:1134)
        at java.util.concurrent.ThreadPoolExecutor$Worker.run(ThreadPoolExecutor.java:624)
        at java.lang.Thread.run(Thread.java:750)
"StaleRecoveringContainerScrubbingService#3" daemon prio=5 tid=1647 in Object.wait()
java.lang.Thread.State: WAITING (on object monitor)
        at sun.misc.Unsafe.park(Native Method)
        at java.util.concurrent.locks.LockSupport.park(LockSupport.java:175)
        at java.util.concurrent.locks.AbstractQueuedSynchronizer$ConditionObject.await(AbstractQueuedSynchronizer.java:2039)
        at java.util.concurrent.ScheduledThreadPoolExecutor$DelayedWorkQueue.take(ScheduledThreadPoolExecutor.java:1088)
        at java.util.concurrent.ScheduledThreadPoolExecutor$DelayedWorkQueue.take(ScheduledThreadPoolExecutor.java:809)
        at java.util.concurrent.ThreadPoolExecutor.getTask(ThreadPoolExecutor.java:1074)
        at java.util.concurrent.ThreadPoolExecutor.runWorker(ThreadPoolExecutor.java:1134)
        at java.util.concurrent.ThreadPoolExecutor$Worker.run(ThreadPoolExecutor.java:624)
        at java.lang.Thread.run(Thread.java:750)
"qtp1249457989-442-acceptor-0@55effbdb-ServerConnector@320f6f8c{HTTP/1.1, (http/1.1)}{0.0.0.0:15072}" daemon prio=3 tid=442 runnable
java.lang.Thread.State: RUNNABLE
        at sun.nio.ch.ServerSocketChannelImpl.accept0(Native Method)
        at sun.nio.ch.ServerSocketChannelImpl.accept(ServerSocketChannelImpl.java:421)
        at sun.nio.ch.ServerSocketChannelImpl.accept(ServerSocketChannelImpl.java:249)
        at org.eclipse.jetty.server.ServerConnector.accept(ServerConnector.java:388)
        at org.eclipse.jetty.server.AbstractConnector$Acceptor.run(AbstractConnector.java:704)
        at org.eclipse.jetty.util.thread.QueuedThreadPool.runJob(QueuedThreadPool.java:883)
        at org.eclipse.jetty.util.thread.QueuedThreadPool$Runner.run(QueuedThreadPool.java:1034)
        at java.lang.Thread.run(Thread.java:750)
"ChunkWriter-0-0" daemon prio=5 tid=543 in Object.wait()
java.lang.Thread.State: WAITING (on object monitor)
        at sun.misc.Unsafe.park(Native Method)
        at java.util.concurrent.locks.LockSupport.park(LockSupport.java:175)
        at java.util.concurrent.locks.AbstractQueuedSynchronizer$ConditionObject.await(AbstractQueuedSynchronizer.java:2039)
        at java.util.concurrent.LinkedBlockingDeque.takeFirst(LinkedBlockingDeque.java:492)
        at java.util.concurrent.LinkedBlockingDeque.take(LinkedBlockingDeque.java:680)
        at java.util.concurrent.ThreadPoolExecutor.getTask(ThreadPoolExecutor.java:1074)
        at java.util.concurrent.ThreadPoolExecutor.runWorker(ThreadPoolExecutor.java:1134)
        at java.util.concurrent.ThreadPoolExecutor$Worker.run(ThreadPoolExecutor.java:624)
        at java.lang.Thread.run(Thread.java:750)
"80a9a8fe-8ad4-444c-8e90-e2ced2b3ac02@group-9A5C66FFCE8A-SegmentedRaftLogWorker" daemon prio=5 tid=790 timed_waiting
java.lang.Thread.State: TIMED_WAITING
        at sun.misc.Unsafe.park(Native Method)
        at java.util.concurrent.locks.LockSupport.parkNanos(LockSupport.java:215)
        at java.util.concurrent.locks.AbstractQueuedSynchronizer$ConditionObject.awaitNanos(AbstractQueuedSynchronizer.java:2078)
        at org.apache.ratis.util.DataBlockingQueue.poll(DataBlockingQueue.java:148)
        at org.apache.ratis.server.raftlog.segmented.SegmentedRaftLogWorker.run(SegmentedRaftLogWorker.java:307)
        at org.apache.ratis.server.raftlog.segmented.SegmentedRaftLogWorker$$Lambda$841/2058580550.run(Unknown Source)
        at java.util.concurrent.Executors$RunnableAdapter.call(Executors.java:511)
        at java.util.concurrent.FutureTask.run(FutureTask.java:266)
        at java.util.concurrent.ThreadPoolExecutor.runWorker(ThreadPoolExecutor.java:1149)
        at java.util.concurrent.ThreadPoolExecutor$Worker.run(ThreadPoolExecutor.java:624)
        at java.lang.Thread.run(Thread.java:750)
"IPC Server handler 11 on default port 15001" daemon prio=5 tid=97 timed_waiting
java.lang.Thread.State: TIMED_WAITING
        at sun.misc.Unsafe.park(Native Method)
        at java.util.concurrent.locks.LockSupport.parkNanos(LockSupport.java:215)
        at java.util.concurrent.locks.AbstractQueuedSynchronizer$ConditionObject.awaitNanos(AbstractQueuedSynchronizer.java:2078)
        at java.util.concurrent.LinkedBlockingQueue.poll(LinkedBlockingQueue.java:467)
        at org.apache.hadoop.ipc.CallQueueManager.take(CallQueueManager.java:317)
        at org.apache.hadoop.ipc.Server$Handler.run(Server.java:3014)
"BlockDeletingService#2" daemon prio=5 tid=1630 in Object.wait()
java.lang.Thread.State: WAITING (on object monitor)
        at sun.misc.Unsafe.park(Native Method)
        at java.util.concurrent.locks.LockSupport.park(LockSupport.java:175)
        at java.util.concurrent.locks.AbstractQueuedSynchronizer$ConditionObject.await(AbstractQueuedSynchronizer.java:2039)
        at java.util.concurrent.ScheduledThreadPoolExecutor$DelayedWorkQueue.take(ScheduledThreadPoolExecutor.java:1088)
        at java.util.concurrent.ScheduledThreadPoolExecutor$DelayedWorkQueue.take(ScheduledThreadPoolExecutor.java:809)
        at java.util.concurrent.ThreadPoolExecutor.getTask(ThreadPoolExecutor.java:1074)
        at java.util.concurrent.ThreadPoolExecutor.runWorker(ThreadPoolExecutor.java:1134)
        at java.util.concurrent.ThreadPoolExecutor$Worker.run(ThreadPoolExecutor.java:624)
        at java.lang.Thread.run(Thread.java:750)
"ChunkReader-0" daemon prio=5 tid=1274 in Object.wait()
java.lang.Thread.State: WAITING (on object monitor)
        at sun.misc.Unsafe.park(Native Method)
        at java.util.concurrent.locks.LockSupport.park(LockSupport.java:175)
        at java.util.concurrent.locks.AbstractQueuedSynchronizer$ConditionObject.await(AbstractQueuedSynchronizer.java:2039)
        at java.util.concurrent.LinkedBlockingQueue.take(LinkedBlockingQueue.java:442)
        at java.util.concurrent.ThreadPoolExecutor.getTask(ThreadPoolExecutor.java:1074)
        at java.util.concurrent.ThreadPoolExecutor.runWorker(ThreadPoolExecutor.java:1134)
        at java.util.concurrent.ThreadPoolExecutor$Worker.run(ThreadPoolExecutor.java:624)
        at java.lang.Thread.run(Thread.java:750)
"ContainerOp-88f45a07-8f45-4f74-a1d0-23200bb8a37d-4"  prio=5 tid=1205 in Object.wait()
java.lang.Thread.State: WAITING (on object monitor)
        at sun.misc.Unsafe.park(Native Method)
        at java.util.concurrent.locks.LockSupport.park(LockSupport.java:175)
        at java.util.concurrent.locks.AbstractQueuedSynchronizer$ConditionObject.await(AbstractQueuedSynchronizer.java:2039)
        at java.util.concurrent.LinkedBlockingQueue.take(LinkedBlockingQueue.java:442)
        at java.util.concurrent.ThreadPoolExecutor.getTask(ThreadPoolExecutor.java:1074)
        at java.util.concurrent.ThreadPoolExecutor.runWorker(ThreadPoolExecutor.java:1134)
        at java.util.concurrent.ThreadPoolExecutor$Worker.run(ThreadPoolExecutor.java:624)
        at java.lang.Thread.run(Thread.java:750)
"pool-248-thread-1"  prio=5 tid=397 timed_waiting
java.lang.Thread.State: TIMED_WAITING
        at sun.misc.Unsafe.park(Native Method)
        at java.util.concurrent.locks.LockSupport.parkNanos(LockSupport.java:215)
        at java.util.concurrent.locks.AbstractQueuedSynchronizer$ConditionObject.awaitNanos(AbstractQueuedSynchronizer.java:2078)
        at java.util.concurrent.ScheduledThreadPoolExecutor$DelayedWorkQueue.take(ScheduledThreadPoolExecutor.java:1093)
        at java.util.concurrent.ScheduledThreadPoolExecutor$DelayedWorkQueue.take(ScheduledThreadPoolExecutor.java:809)
        at java.util.concurrent.ThreadPoolExecutor.getTask(ThreadPoolExecutor.java:1074)
        at java.util.concurrent.ThreadPoolExecutor.runWorker(ThreadPoolExecutor.java:1134)
        at java.util.concurrent.ThreadPoolExecutor$Worker.run(ThreadPoolExecutor.java:624)
        at java.lang.Thread.run(Thread.java:750)
"Datanode ReportManager Thread - 2" daemon prio=5 tid=310 in Object.wait()
java.lang.Thread.State: WAITING (on object monitor)
        at sun.misc.Unsafe.park(Native Method)
        at java.util.concurrent.locks.LockSupport.park(LockSupport.java:175)
        at java.util.concurrent.locks.AbstractQueuedSynchronizer$ConditionObject.await(AbstractQueuedSynchronizer.java:2039)
        at java.util.concurrent.ScheduledThreadPoolExecutor$DelayedWorkQueue.take(ScheduledThreadPoolExecutor.java:1088)
        at java.util.concurrent.ScheduledThreadPoolExecutor$DelayedWorkQueue.take(ScheduledThreadPoolExecutor.java:809)
        at java.util.concurrent.ThreadPoolExecutor.getTask(ThreadPoolExecutor.java:1074)
        at java.util.concurrent.ThreadPoolExecutor.runWorker(ThreadPoolExecutor.java:1134)
        at java.util.concurrent.ThreadPoolExecutor$Worker.run(ThreadPoolExecutor.java:624)
        at java.lang.Thread.run(Thread.java:750)
"pool-306-thread-1"  prio=5 tid=484 timed_waiting
java.lang.Thread.State: TIMED_WAITING
        at sun.misc.Unsafe.park(Native Method)
        at java.util.concurrent.locks.LockSupport.parkNanos(LockSupport.java:215)
        at java.util.concurrent.locks.AbstractQueuedSynchronizer$ConditionObject.awaitNanos(AbstractQueuedSynchronizer.java:2078)
        at java.util.concurrent.ScheduledThreadPoolExecutor$DelayedWorkQueue.take(ScheduledThreadPoolExecutor.java:1093)
        at java.util.concurrent.ScheduledThreadPoolExecutor$DelayedWorkQueue.take(ScheduledThreadPoolExecutor.java:809)
        at java.util.concurrent.ThreadPoolExecutor.getTask(ThreadPoolExecutor.java:1074)
        at java.util.concurrent.ThreadPoolExecutor.runWorker(ThreadPoolExecutor.java:1134)
        at java.util.concurrent.ThreadPoolExecutor$Worker.run(ThreadPoolExecutor.java:624)
        at java.lang.Thread.run(Thread.java:750)
"BlockDeletingService#2" daemon prio=5 tid=1637 in Object.wait()
java.lang.Thread.State: WAITING (on object monitor)
        at sun.misc.Unsafe.park(Native Method)
        at java.util.concurrent.locks.LockSupport.park(LockSupport.java:175)
        at java.util.concurrent.locks.AbstractQueuedSynchronizer$ConditionObject.await(AbstractQueuedSynchronizer.java:2039)
        at java.util.concurrent.ScheduledThreadPoolExecutor$DelayedWorkQueue.take(ScheduledThreadPoolExecutor.java:1088)
        at java.util.concurrent.ScheduledThreadPoolExecutor$DelayedWorkQueue.take(ScheduledThreadPoolExecutor.java:809)
        at java.util.concurrent.ThreadPoolExecutor.getTask(ThreadPoolExecutor.java:1074)
        at java.util.concurrent.ThreadPoolExecutor.runWorker(ThreadPoolExecutor.java:1134)
        at java.util.concurrent.ThreadPoolExecutor$Worker.run(ThreadPoolExecutor.java:624)
        at java.lang.Thread.run(Thread.java:750)
"IPC Server listener on 15064" daemon prio=5 tid=421 runnable
java.lang.Thread.State: RUNNABLE
        at sun.nio.ch.EPollArrayWrapper.epollWait(Native Method)
        at sun.nio.ch.EPollArrayWrapper.poll(EPollArrayWrapper.java:269)
        at sun.nio.ch.EPollSelectorImpl.doSelect(EPollSelectorImpl.java:93)
        at sun.nio.ch.SelectorImpl.lockAndDoSelect(SelectorImpl.java:86)
        at sun.nio.ch.SelectorImpl.select(SelectorImpl.java:97)
        at sun.nio.ch.SelectorImpl.select(SelectorImpl.java:101)
        at org.apache.hadoop.ipc.Server$Listener.run(Server.java:1408)
"FixedThreadPoolWithAffinityExecutor-7-0" daemon prio=5 tid=63 timed_waiting
java.lang.Thread.State: TIMED_WAITING
        at sun.misc.Unsafe.park(Native Method)
        at java.util.concurrent.locks.LockSupport.parkNanos(LockSupport.java:215)
        at java.util.concurrent.locks.AbstractQueuedSynchronizer$ConditionObject.awaitNanos(AbstractQueuedSynchronizer.java:2078)
        at java.util.concurrent.LinkedBlockingQueue.poll(LinkedBlockingQueue.java:467)
        at org.apache.hadoop.hdds.scm.server.ContainerReportQueue.poll(ContainerReportQueue.java:266)
        at org.apache.hadoop.hdds.scm.server.ContainerReportQueue.poll(ContainerReportQueue.java:42)
        at org.apache.hadoop.hdds.server.events.FixedThreadPoolWithAffinityExecutor$ContainerReportProcessTask.run(FixedThreadPoolWithAffinityExecutor.java:247)
        at java.util.concurrent.Executors$RunnableAdapter.call(Executors.java:511)
        at java.util.concurrent.FutureTask.run(FutureTask.java:266)
        at java.util.concurrent.ThreadPoolExecutor.runWorker(ThreadPoolExecutor.java:1149)
        at java.util.concurrent.ThreadPoolExecutor$Worker.run(ThreadPoolExecutor.java:624)
        at java.lang.Thread.run(Thread.java:750)
"org.apache.hadoop.ozone.container.common.statemachine.commandhandler.DeleteBlocksCommandHandler$DeleteCmdWorker@685c2ee6" daemon prio=5 tid=290 timed_waiting
java.lang.Thread.State: TIMED_WAITING
        at java.lang.Thread.sleep(Native Method)
        at org.apache.hadoop.ozone.container.common.statemachine.commandhandler.DeleteBlocksCommandHandler$DeleteCmdWorker.run(DeleteBlocksCommandHandler.java:233)
        at java.lang.Thread.run(Thread.java:750)
"80a9a8fe-8ad4-444c-8e90-e2ced2b3ac02-server-thread1" daemon prio=5 tid=956 timed_waiting
java.lang.Thread.State: TIMED_WAITING
        at sun.misc.Unsafe.park(Native Method)
        at java.util.concurrent.locks.LockSupport.parkNanos(LockSupport.java:215)
        at java.util.concurrent.SynchronousQueue$TransferStack.awaitFulfill(SynchronousQueue.java:460)
        at java.util.concurrent.SynchronousQueue$TransferStack.transfer(SynchronousQueue.java:362)
        at java.util.concurrent.SynchronousQueue.poll(SynchronousQueue.java:941)
        at java.util.concurrent.ThreadPoolExecutor.getTask(ThreadPoolExecutor.java:1073)
        at java.util.concurrent.ThreadPoolExecutor.runWorker(ThreadPoolExecutor.java:1134)
        at java.util.concurrent.ThreadPoolExecutor$Worker.run(ThreadPoolExecutor.java:624)
        at java.lang.Thread.run(Thread.java:750)
"StaleRecoveringContainerScrubbingService#1" daemon prio=5 tid=419 in Object.wait()
java.lang.Thread.State: WAITING (on object monitor)
        at sun.misc.Unsafe.park(Native Method)
        at java.util.concurrent.locks.LockSupport.park(LockSupport.java:175)
        at java.util.concurrent.locks.AbstractQueuedSynchronizer$ConditionObject.await(AbstractQueuedSynchronizer.java:2039)
        at java.util.concurrent.ScheduledThreadPoolExecutor$DelayedWorkQueue.take(ScheduledThreadPoolExecutor.java:1088)
        at java.util.concurrent.ScheduledThreadPoolExecutor$DelayedWorkQueue.take(ScheduledThreadPoolExecutor.java:809)
        at java.util.concurrent.ThreadPoolExecutor.getTask(ThreadPoolExecutor.java:1074)
        at java.util.concurrent.ThreadPoolExecutor.runWorker(ThreadPoolExecutor.java:1134)
        at java.util.concurrent.ThreadPoolExecutor$Worker.run(ThreadPoolExecutor.java:624)
        at java.lang.Thread.run(Thread.java:750)
"80a9a8fe-8ad4-444c-8e90-e2ced2b3ac02-server-thread3" daemon prio=5 tid=958 timed_waiting
java.lang.Thread.State: TIMED_WAITING
        at sun.misc.Unsafe.park(Native Method)
        at java.util.concurrent.locks.LockSupport.parkNanos(LockSupport.java:215)
        at java.util.concurrent.SynchronousQueue$TransferStack.awaitFulfill(SynchronousQueue.java:460)
        at java.util.concurrent.SynchronousQueue$TransferStack.transfer(SynchronousQueue.java:362)
        at java.util.concurrent.SynchronousQueue.poll(SynchronousQueue.java:941)
        at java.util.concurrent.ThreadPoolExecutor.getTask(ThreadPoolExecutor.java:1073)
        at java.util.concurrent.ThreadPoolExecutor.runWorker(ThreadPoolExecutor.java:1134)
        at java.util.concurrent.ThreadPoolExecutor$Worker.run(ThreadPoolExecutor.java:624)
        at java.lang.Thread.run(Thread.java:750)
"org.apache.hadoop.ozone.container.common.statemachine.commandhandler.DeleteBlocksCommandHandler$DeleteCmdWorker@10f25b2" daemon prio=5 tid=348 timed_waiting
java.lang.Thread.State: TIMED_WAITING
        at java.lang.Thread.sleep(Native Method)
        at org.apache.hadoop.ozone.container.common.statemachine.commandhandler.DeleteBlocksCommandHandler$DeleteCmdWorker.run(DeleteBlocksCommandHandler.java:233)
        at java.lang.Thread.run(Thread.java:750)
"PipelineCommandHandlerThread-0"  prio=5 tid=664 in Object.wait()
java.lang.Thread.State: WAITING (on object monitor)
        at sun.misc.Unsafe.park(Native Method)
        at java.util.concurrent.locks.LockSupport.park(LockSupport.java:175)
        at java.util.concurrent.locks.AbstractQueuedSynchronizer$ConditionObject.await(AbstractQueuedSynchronizer.java:2039)
        at java.util.concurrent.LinkedBlockingQueue.take(LinkedBlockingQueue.java:442)
        at java.util.concurrent.ThreadPoolExecutor.getTask(ThreadPoolExecutor.java:1074)
        at java.util.concurrent.ThreadPoolExecutor.runWorker(ThreadPoolExecutor.java:1134)
        at java.util.concurrent.ThreadPoolExecutor$Worker.run(ThreadPoolExecutor.java:624)
        at java.lang.Thread.run(Thread.java:750)
"Datanode State Machine Task Thread - 1"  prio=5 tid=621 in Object.wait()
java.lang.Thread.State: WAITING (on object monitor)
        at sun.misc.Unsafe.park(Native Method)
        at java.util.concurrent.locks.LockSupport.park(LockSupport.java:175)
        at java.util.concurrent.locks.AbstractQueuedSynchronizer$ConditionObject.await(AbstractQueuedSynchronizer.java:2039)
        at java.util.concurrent.LinkedBlockingQueue.take(LinkedBlockingQueue.java:442)
        at java.util.concurrent.ThreadPoolExecutor.getTask(ThreadPoolExecutor.java:1074)
        at java.util.concurrent.ThreadPoolExecutor.runWorker(ThreadPoolExecutor.java:1134)
        at java.util.concurrent.ThreadPoolExecutor$Worker.run(ThreadPoolExecutor.java:624)
        at java.lang.Thread.run(Thread.java:750)
"qtp188592776-401" daemon prio=5 tid=401 timed_waiting
java.lang.Thread.State: TIMED_WAITING
        at sun.misc.Unsafe.park(Native Method)
        at java.util.concurrent.locks.LockSupport.parkNanos(LockSupport.java:215)
        at java.util.concurrent.locks.AbstractQueuedSynchronizer$ConditionObject.awaitNanos(AbstractQueuedSynchronizer.java:2078)
        at org.eclipse.jetty.util.BlockingArrayQueue.poll(BlockingArrayQueue.java:382)
        at org.eclipse.jetty.util.thread.QueuedThreadPool$Runner.idleJobPoll(QueuedThreadPool.java:974)
        at org.eclipse.jetty.util.thread.QueuedThreadPool$Runner.run(QueuedThreadPool.java:1018)
        at java.lang.Thread.run(Thread.java:750)
"qtp508662500-295" daemon prio=5 tid=295 timed_waiting
java.lang.Thread.State: TIMED_WAITING
        at sun.misc.Unsafe.park(Native Method)
        at java.util.concurrent.locks.LockSupport.parkNanos(LockSupport.java:215)
        at java.util.concurrent.locks.AbstractQueuedSynchronizer$ConditionObject.awaitNanos(AbstractQueuedSynchronizer.java:2078)
        at org.eclipse.jetty.util.BlockingArrayQueue.poll(BlockingArrayQueue.java:382)
        at org.eclipse.jetty.util.thread.QueuedThreadPool$Runner.idleJobPoll(QueuedThreadPool.java:974)
        at org.eclipse.jetty.util.thread.QueuedThreadPool$Runner.run(QueuedThreadPool.java:1018)
        at java.lang.Thread.run(Thread.java:750)
"Datanode State Machine Daemon Thread" daemon prio=5 tid=515 timed_waiting
java.lang.Thread.State: TIMED_WAITING
        at java.lang.Thread.sleep(Native Method)
        at org.apache.hadoop.ozone.container.common.statemachine.DatanodeStateMachine.startStateMachineThread(DatanodeStateMachine.java:353)
        at org.apache.hadoop.ozone.container.common.statemachine.DatanodeStateMachine.lambda$startDaemon$0(DatanodeStateMachine.java:540)
        at org.apache.hadoop.ozone.container.common.statemachine.DatanodeStateMachine$$Lambda$1041/1491309043.run(Unknown Source)
        at java.lang.Thread.run(Thread.java:750)
"StaleRecoveringContainerScrubbingService#1" daemon prio=5 tid=605 in Object.wait()
java.lang.Thread.State: WAITING (on object monitor)
        at sun.misc.Unsafe.park(Native Method)
        at java.util.concurrent.locks.LockSupport.park(LockSupport.java:175)
        at java.util.concurrent.locks.AbstractQueuedSynchronizer$ConditionObject.await(AbstractQueuedSynchronizer.java:2039)
        at java.util.concurrent.ScheduledThreadPoolExecutor$DelayedWorkQueue.take(ScheduledThreadPoolExecutor.java:1088)
        at java.util.concurrent.ScheduledThreadPoolExecutor$DelayedWorkQueue.take(ScheduledThreadPoolExecutor.java:809)
        at java.util.concurrent.ThreadPoolExecutor.getTask(ThreadPoolExecutor.java:1074)
        at java.util.concurrent.ThreadPoolExecutor.runWorker(ThreadPoolExecutor.java:1134)
        at java.util.concurrent.ThreadPoolExecutor$Worker.run(ThreadPoolExecutor.java:624)
        at java.lang.Thread.run(Thread.java:750)
"qtp997606897-173" daemon prio=5 tid=173 timed_waiting
java.lang.Thread.State: TIMED_WAITING
        at sun.misc.Unsafe.park(Native Method)
        at java.util.concurrent.locks.LockSupport.parkNanos(LockSupport.java:215)
        at java.util.concurrent.locks.AbstractQueuedSynchronizer$ConditionObject.awaitNanos(AbstractQueuedSynchronizer.java:2078)
        at org.eclipse.jetty.util.BlockingArrayQueue.poll(BlockingArrayQueue.java:382)
        at org.eclipse.jetty.util.thread.QueuedThreadPool$Runner.idleJobPoll(QueuedThreadPool.java:974)
        at org.eclipse.jetty.util.thread.QueuedThreadPool$Runner.run(QueuedThreadPool.java:1018)
        at java.lang.Thread.run(Thread.java:750)
"6220322b-c54d-4ba8-95d6-5fd9b706d663@group-956EFEAD089C-LeaderStateImpl" daemon prio=5 tid=947 timed_waiting
java.lang.Thread.State: TIMED_WAITING
        at sun.misc.Unsafe.park(Native Method)
        at java.util.concurrent.locks.LockSupport.parkNanos(LockSupport.java:215)
        at java.util.concurrent.locks.AbstractQueuedSynchronizer$ConditionObject.awaitNanos(AbstractQueuedSynchronizer.java:2078)
        at java.util.concurrent.ArrayBlockingQueue.poll(ArrayBlockingQueue.java:418)
        at org.apache.ratis.server.impl.LeaderStateImpl$EventQueue.poll(LeaderStateImpl.java:164)
        at org.apache.ratis.server.impl.LeaderStateImpl$EventProcessor.run(LeaderStateImpl.java:702)
"IPC Server handler 0 on default port 15055" daemon prio=5 tid=368 timed_waiting
java.lang.Thread.State: TIMED_WAITING
        at sun.misc.Unsafe.park(Native Method)
        at java.util.concurrent.locks.LockSupport.parkNanos(LockSupport.java:215)
        at java.util.concurrent.locks.AbstractQueuedSynchronizer$ConditionObject.awaitNanos(AbstractQueuedSynchronizer.java:2078)
        at java.util.concurrent.LinkedBlockingQueue.poll(LinkedBlockingQueue.java:467)
        at org.apache.hadoop.ipc.CallQueueManager.take(CallQueueManager.java:317)
        at org.apache.hadoop.ipc.Server$Handler.run(Server.java:3014)
"IPC Server handler 15 on default port 15002" daemon prio=5 tid=121 timed_waiting
java.lang.Thread.State: TIMED_WAITING
        at sun.misc.Unsafe.park(Native Method)
        at java.util.concurrent.locks.LockSupport.parkNanos(LockSupport.java:215)
        at java.util.concurrent.locks.AbstractQueuedSynchronizer$ConditionObject.awaitNanos(AbstractQueuedSynchronizer.java:2078)
        at java.util.concurrent.LinkedBlockingQueue.poll(LinkedBlockingQueue.java:467)
        at org.apache.hadoop.ipc.CallQueueManager.take(CallQueueManager.java:317)
        at org.apache.hadoop.ipc.Server$Handler.run(Server.java:3014)
"pool-3-thread-1"  prio=5 tid=24 timed_waiting
java.lang.Thread.State: TIMED_WAITING
        at sun.misc.Unsafe.park(Native Method)
        at java.util.concurrent.locks.LockSupport.parkNanos(LockSupport.java:215)
        at java.util.concurrent.locks.AbstractQueuedSynchronizer$ConditionObject.awaitNanos(AbstractQueuedSynchronizer.java:2078)
        at java.util.concurrent.ScheduledThreadPoolExecutor$DelayedWorkQueue.take(ScheduledThreadPoolExecutor.java:1093)
        at java.util.concurrent.ScheduledThreadPoolExecutor$DelayedWorkQueue.take(ScheduledThreadPoolExecutor.java:809)
        at java.util.concurrent.ThreadPoolExecutor.getTask(ThreadPoolExecutor.java:1074)
        at java.util.concurrent.ThreadPoolExecutor.runWorker(ThreadPoolExecutor.java:1134)
        at java.util.concurrent.ThreadPoolExecutor$Worker.run(ThreadPoolExecutor.java:624)
        at java.lang.Thread.run(Thread.java:750)
"Periodic HDDS volume checker" daemon prio=5 tid=452 timed_waiting
java.lang.Thread.State: TIMED_WAITING
        at sun.misc.Unsafe.park(Native Method)
        at java.util.concurrent.locks.LockSupport.parkNanos(LockSupport.java:215)
        at java.util.concurrent.locks.AbstractQueuedSynchronizer$ConditionObject.awaitNanos(AbstractQueuedSynchronizer.java:2078)
        at java.util.concurrent.ScheduledThreadPoolExecutor$DelayedWorkQueue.take(ScheduledThreadPoolExecutor.java:1093)
        at java.util.concurrent.ScheduledThreadPoolExecutor$DelayedWorkQueue.take(ScheduledThreadPoolExecutor.java:809)
        at java.util.concurrent.ThreadPoolExecutor.getTask(ThreadPoolExecutor.java:1074)
        at java.util.concurrent.ThreadPoolExecutor.runWorker(ThreadPoolExecutor.java:1134)
        at java.util.concurrent.ThreadPoolExecutor$Worker.run(ThreadPoolExecutor.java:624)
        at java.lang.Thread.run(Thread.java:750)
"ContainerOp-88f45a07-8f45-4f74-a1d0-23200bb8a37d-7"  prio=5 tid=1209 in Object.wait()
java.lang.Thread.State: WAITING (on object monitor)
        at sun.misc.Unsafe.park(Native Method)
        at java.util.concurrent.locks.LockSupport.park(LockSupport.java:175)
        at java.util.concurrent.locks.AbstractQueuedSynchronizer$ConditionObject.await(AbstractQueuedSynchronizer.java:2039)
        at java.util.concurrent.LinkedBlockingQueue.take(LinkedBlockingQueue.java:442)
        at java.util.concurrent.ThreadPoolExecutor.getTask(ThreadPoolExecutor.java:1074)
        at java.util.concurrent.ThreadPoolExecutor.runWorker(ThreadPoolExecutor.java:1134)
        at java.util.concurrent.ThreadPoolExecutor$Worker.run(ThreadPoolExecutor.java:624)
        at java.lang.Thread.run(Thread.java:750)
"timer4" daemon prio=5 tid=886 timed_waiting
java.lang.Thread.State: TIMED_WAITING
        at java.lang.Object.wait(Native Method)
        at java.util.TimerThread.mainLoop(Timer.java:552)
        at java.util.TimerThread.run(Timer.java:505)
"StaleRecoveringContainerScrubbingService#3" daemon prio=5 tid=1653 in Object.wait()
java.lang.Thread.State: WAITING (on object monitor)
        at sun.misc.Unsafe.park(Native Method)
        at java.util.concurrent.locks.LockSupport.park(LockSupport.java:175)
        at java.util.concurrent.locks.AbstractQueuedSynchronizer$ConditionObject.await(AbstractQueuedSynchronizer.java:2039)
        at java.util.concurrent.ScheduledThreadPoolExecutor$DelayedWorkQueue.take(ScheduledThreadPoolExecutor.java:1088)
        at java.util.concurrent.ScheduledThreadPoolExecutor$DelayedWorkQueue.take(ScheduledThreadPoolExecutor.java:809)
        at java.util.concurrent.ThreadPoolExecutor.getTask(ThreadPoolExecutor.java:1074)
        at java.util.concurrent.ThreadPoolExecutor.runWorker(ThreadPoolExecutor.java:1134)
        at java.util.concurrent.ThreadPoolExecutor$Worker.run(ThreadPoolExecutor.java:624)
        at java.lang.Thread.run(Thread.java:750)
"Session-HouseKeeper-55f0e377-1"  prio=5 tid=176 timed_waiting
java.lang.Thread.State: TIMED_WAITING
        at sun.misc.Unsafe.park(Native Method)
        at java.util.concurrent.locks.LockSupport.parkNanos(LockSupport.java:215)
        at java.util.concurrent.locks.AbstractQueuedSynchronizer$ConditionObject.awaitNanos(AbstractQueuedSynchronizer.java:2078)
        at java.util.concurrent.ScheduledThreadPoolExecutor$DelayedWorkQueue.take(ScheduledThreadPoolExecutor.java:1093)
        at java.util.concurrent.ScheduledThreadPoolExecutor$DelayedWorkQueue.take(ScheduledThreadPoolExecutor.java:809)
        at java.util.concurrent.ThreadPoolExecutor.getTask(ThreadPoolExecutor.java:1074)
        at java.util.concurrent.ThreadPoolExecutor.runWorker(ThreadPoolExecutor.java:1134)
        at java.util.concurrent.ThreadPoolExecutor$Worker.run(ThreadPoolExecutor.java:624)
        at java.lang.Thread.run(Thread.java:750)
"PartialTableCache Cleanup Thread - 0" daemon prio=5 tid=1016 in Object.wait()
java.lang.Thread.State: WAITING (on object monitor)
        at sun.misc.Unsafe.park(Native Method)
        at java.util.concurrent.locks.LockSupport.park(LockSupport.java:175)
        at java.util.concurrent.locks.AbstractQueuedSynchronizer$ConditionObject.await(AbstractQueuedSynchronizer.java:2039)
        at java.util.concurrent.LinkedBlockingQueue.take(LinkedBlockingQueue.java:442)
        at java.util.concurrent.ThreadPoolExecutor.getTask(ThreadPoolExecutor.java:1074)
        at java.util.concurrent.ThreadPoolExecutor.runWorker(ThreadPoolExecutor.java:1134)
        at java.util.concurrent.ThreadPoolExecutor$Worker.run(ThreadPoolExecutor.java:624)
        at java.lang.Thread.run(Thread.java:750)
"Session-HouseKeeper-13d664e7-1"  prio=5 tid=242 timed_waiting
java.lang.Thread.State: TIMED_WAITING
        at sun.misc.Unsafe.park(Native Method)
        at java.util.concurrent.locks.LockSupport.parkNanos(LockSupport.java:215)
        at java.util.concurrent.locks.AbstractQueuedSynchronizer$ConditionObject.awaitNanos(AbstractQueuedSynchronizer.java:2078)
        at java.util.concurrent.ScheduledThreadPoolExecutor$DelayedWorkQueue.take(ScheduledThreadPoolExecutor.java:1093)
        at java.util.concurrent.ScheduledThreadPoolExecutor$DelayedWorkQueue.take(ScheduledThreadPoolExecutor.java:809)
        at java.util.concurrent.ThreadPoolExecutor.getTask(ThreadPoolExecutor.java:1074)
        at java.util.concurrent.ThreadPoolExecutor.runWorker(ThreadPoolExecutor.java:1134)
        at java.util.concurrent.ThreadPoolExecutor$Worker.run(ThreadPoolExecutor.java:624)
        at java.lang.Thread.run(Thread.java:750)
"pool-260-thread-1" daemon prio=5 tid=610 timed_waiting
java.lang.Thread.State: TIMED_WAITING
        at sun.misc.Unsafe.park(Native Method)
        at java.util.concurrent.locks.LockSupport.parkNanos(LockSupport.java:215)
        at java.util.concurrent.locks.AbstractQueuedSynchronizer$ConditionObject.awaitNanos(AbstractQueuedSynchronizer.java:2078)
        at java.util.concurrent.ScheduledThreadPoolExecutor$DelayedWorkQueue.take(ScheduledThreadPoolExecutor.java:1093)
        at java.util.concurrent.ScheduledThreadPoolExecutor$DelayedWorkQueue.take(ScheduledThreadPoolExecutor.java:809)
        at java.util.concurrent.ThreadPoolExecutor.getTask(ThreadPoolExecutor.java:1074)
        at java.util.concurrent.ThreadPoolExecutor.runWorker(ThreadPoolExecutor.java:1134)
        at java.util.concurrent.ThreadPoolExecutor$Worker.run(ThreadPoolExecutor.java:624)
        at java.lang.Thread.run(Thread.java:750)
"Session-HouseKeeper-3625386f-1"  prio=5 tid=358 timed_waiting
java.lang.Thread.State: TIMED_WAITING
        at sun.misc.Unsafe.park(Native Method)
        at java.util.concurrent.locks.LockSupport.parkNanos(LockSupport.java:215)
        at java.util.concurrent.locks.AbstractQueuedSynchronizer$ConditionObject.awaitNanos(AbstractQueuedSynchronizer.java:2078)
        at java.util.concurrent.ScheduledThreadPoolExecutor$DelayedWorkQueue.take(ScheduledThreadPoolExecutor.java:1093)
        at java.util.concurrent.ScheduledThreadPoolExecutor$DelayedWorkQueue.take(ScheduledThreadPoolExecutor.java:809)
        at java.util.concurrent.ThreadPoolExecutor.getTask(ThreadPoolExecutor.java:1074)
        at java.util.concurrent.ThreadPoolExecutor.runWorker(ThreadPoolExecutor.java:1134)
        at java.util.concurrent.ThreadPoolExecutor$Worker.run(ThreadPoolExecutor.java:624)
        at java.lang.Thread.run(Thread.java:750)
"qtp1538487153-326" daemon prio=5 tid=326 timed_waiting
java.lang.Thread.State: TIMED_WAITING
        at sun.misc.Unsafe.park(Native Method)
        at java.util.concurrent.locks.LockSupport.parkNanos(LockSupport.java:215)
        at java.util.concurrent.locks.AbstractQueuedSynchronizer$ConditionObject.awaitNanos(AbstractQueuedSynchronizer.java:2078)
        at org.eclipse.jetty.util.BlockingArrayQueue.poll(BlockingArrayQueue.java:382)
        at org.eclipse.jetty.util.thread.QueuedThreadPool$Runner.idleJobPoll(QueuedThreadPool.java:974)
        at org.eclipse.jetty.util.thread.QueuedThreadPool$Runner.run(QueuedThreadPool.java:1018)
        at java.lang.Thread.run(Thread.java:750)
"ContainerOp-2755eb04-fdd9-4243-a794-7fd84471ba85-9"  prio=5 tid=1444 in Object.wait()
java.lang.Thread.State: WAITING (on object monitor)
        at sun.misc.Unsafe.park(Native Method)
        at java.util.concurrent.locks.LockSupport.park(LockSupport.java:175)
        at java.util.concurrent.locks.AbstractQueuedSynchronizer$ConditionObject.await(AbstractQueuedSynchronizer.java:2039)
        at java.util.concurrent.LinkedBlockingQueue.take(LinkedBlockingQueue.java:442)
        at java.util.concurrent.ThreadPoolExecutor.getTask(ThreadPoolExecutor.java:1074)
        at java.util.concurrent.ThreadPoolExecutor.runWorker(ThreadPoolExecutor.java:1134)
        at java.util.concurrent.ThreadPoolExecutor$Worker.run(ThreadPoolExecutor.java:624)
        at java.lang.Thread.run(Thread.java:750)
"StaleRecoveringContainerScrubbingService#1" daemon prio=5 tid=463 in Object.wait()
java.lang.Thread.State: WAITING (on object monitor)
        at sun.misc.Unsafe.park(Native Method)
        at java.util.concurrent.locks.LockSupport.park(LockSupport.java:175)
        at java.util.concurrent.locks.AbstractQueuedSynchronizer$ConditionObject.await(AbstractQueuedSynchronizer.java:2039)
        at java.util.concurrent.ScheduledThreadPoolExecutor$DelayedWorkQueue.take(ScheduledThreadPoolExecutor.java:1088)
        at java.util.concurrent.ScheduledThreadPoolExecutor$DelayedWorkQueue.take(ScheduledThreadPoolExecutor.java:809)
        at java.util.concurrent.ThreadPoolExecutor.getTask(ThreadPoolExecutor.java:1074)
        at java.util.concurrent.ThreadPoolExecutor.runWorker(ThreadPoolExecutor.java:1134)
        at java.util.concurrent.ThreadPoolExecutor$Worker.run(ThreadPoolExecutor.java:624)
        at java.lang.Thread.run(Thread.java:750)
"IPC Server idle connection scanner for port 15037" daemon prio=5 tid=303 timed_waiting
java.lang.Thread.State: TIMED_WAITING
        at java.lang.Object.wait(Native Method)
        at java.util.TimerThread.mainLoop(Timer.java:552)
        at java.util.TimerThread.run(Timer.java:505)
"ChunkReader-1" daemon prio=5 tid=1275 in Object.wait()
java.lang.Thread.State: WAITING (on object monitor)
        at sun.misc.Unsafe.park(Native Method)
        at java.util.concurrent.locks.LockSupport.park(LockSupport.java:175)
        at java.util.concurrent.locks.AbstractQueuedSynchronizer$ConditionObject.await(AbstractQueuedSynchronizer.java:2039)
        at java.util.concurrent.LinkedBlockingQueue.take(LinkedBlockingQueue.java:442)
        at java.util.concurrent.ThreadPoolExecutor.getTask(ThreadPoolExecutor.java:1074)
        at java.util.concurrent.ThreadPoolExecutor.runWorker(ThreadPoolExecutor.java:1134)
        at java.util.concurrent.ThreadPoolExecutor$Worker.run(ThreadPoolExecutor.java:624)
        at java.lang.Thread.run(Thread.java:750)
"9305807b-68e0-4de4-9f06-795e0c374ac6-DataStreamManagement-request--thread8"  prio=5 tid=1047 in Object.wait()
java.lang.Thread.State: WAITING (on object monitor)
        at sun.misc.Unsafe.park(Native Method)
        at java.util.concurrent.locks.LockSupport.park(LockSupport.java:175)
        at java.util.concurrent.locks.AbstractQueuedSynchronizer$ConditionObject.await(AbstractQueuedSynchronizer.java:2039)
        at java.util.concurrent.LinkedBlockingQueue.take(LinkedBlockingQueue.java:442)
        at java.util.concurrent.ThreadPoolExecutor.getTask(ThreadPoolExecutor.java:1074)
        at java.util.concurrent.ThreadPoolExecutor.runWorker(ThreadPoolExecutor.java:1134)
        at java.util.concurrent.ThreadPoolExecutor$Worker.run(ThreadPoolExecutor.java:624)
        at java.lang.Thread.run(Thread.java:750)
"Socket Reader #1 for port 15082"  prio=5 tid=510 runnable
java.lang.Thread.State: RUNNABLE
        at sun.nio.ch.EPollArrayWrapper.epollWait(Native Method)
        at sun.nio.ch.EPollArrayWrapper.poll(EPollArrayWrapper.java:269)
        at sun.nio.ch.EPollSelectorImpl.doSelect(EPollSelectorImpl.java:93)
        at sun.nio.ch.SelectorImpl.lockAndDoSelect(SelectorImpl.java:86)
        at sun.nio.ch.SelectorImpl.select(SelectorImpl.java:97)
        at sun.nio.ch.SelectorImpl.select(SelectorImpl.java:101)
        at org.apache.hadoop.ipc.Server$Listener$Reader.doRunLoop(Server.java:1346)
        at org.apache.hadoop.ipc.Server$Listener$Reader.run(Server.java:1325)
"f6fa4039-8fe9-46ca-92f5-bb04d02dc273-DataStreamManagement-request--thread7"  prio=5 tid=1407 in Object.wait()
java.lang.Thread.State: WAITING (on object monitor)
        at sun.misc.Unsafe.park(Native Method)
        at java.util.concurrent.locks.LockSupport.park(LockSupport.java:175)
        at java.util.concurrent.locks.AbstractQueuedSynchronizer$ConditionObject.await(AbstractQueuedSynchronizer.java:2039)
        at java.util.concurrent.LinkedBlockingQueue.take(LinkedBlockingQueue.java:442)
        at java.util.concurrent.ThreadPoolExecutor.getTask(ThreadPoolExecutor.java:1074)
        at java.util.concurrent.ThreadPoolExecutor.runWorker(ThreadPoolExecutor.java:1134)
        at java.util.concurrent.ThreadPoolExecutor$Worker.run(ThreadPoolExecutor.java:624)
        at java.lang.Thread.run(Thread.java:750)
"28fc21f1-0f1b-4853-8334-7fb4bdc0ccf0@group-13976FD52583-SegmentedRaftLogWorker"  prio=5 tid=654 timed_waiting
java.lang.Thread.State: TIMED_WAITING
        at sun.misc.Unsafe.park(Native Method)
        at java.util.concurrent.locks.LockSupport.parkNanos(LockSupport.java:215)
        at java.util.concurrent.locks.AbstractQueuedSynchronizer$ConditionObject.awaitNanos(AbstractQueuedSynchronizer.java:2078)
        at org.apache.ratis.util.DataBlockingQueue.poll(DataBlockingQueue.java:148)
        at org.apache.ratis.server.raftlog.segmented.SegmentedRaftLogWorker.run(SegmentedRaftLogWorker.java:307)
        at org.apache.ratis.server.raftlog.segmented.SegmentedRaftLogWorker$$Lambda$841/2058580550.run(Unknown Source)
        at java.util.concurrent.Executors$RunnableAdapter.call(Executors.java:511)
        at java.util.concurrent.FutureTask.run(FutureTask.java:266)
        at java.util.concurrent.ThreadPoolExecutor.runWorker(ThreadPoolExecutor.java:1149)
        at java.util.concurrent.ThreadPoolExecutor$Worker.run(ThreadPoolExecutor.java:624)
        at java.lang.Thread.run(Thread.java:750)
"Datanode ReportManager Thread - 1" daemon prio=5 tid=569 timed_waiting
java.lang.Thread.State: TIMED_WAITING
        at sun.misc.Unsafe.park(Native Method)
        at java.util.concurrent.locks.LockSupport.parkNanos(LockSupport.java:215)
        at java.util.concurrent.locks.AbstractQueuedSynchronizer$ConditionObject.awaitNanos(AbstractQueuedSynchronizer.java:2078)
        at java.util.concurrent.ScheduledThreadPoolExecutor$DelayedWorkQueue.take(ScheduledThreadPoolExecutor.java:1093)
        at java.util.concurrent.ScheduledThreadPoolExecutor$DelayedWorkQueue.take(ScheduledThreadPoolExecutor.java:809)
        at java.util.concurrent.ThreadPoolExecutor.getTask(ThreadPoolExecutor.java:1074)
        at java.util.concurrent.ThreadPoolExecutor.runWorker(ThreadPoolExecutor.java:1134)
        at java.util.concurrent.ThreadPoolExecutor$Worker.run(ThreadPoolExecutor.java:624)
        at java.lang.Thread.run(Thread.java:750)
"ChunkReader-3" daemon prio=5 tid=1057 in Object.wait()
java.lang.Thread.State: WAITING (on object monitor)
        at sun.misc.Unsafe.park(Native Method)
        at java.util.concurrent.locks.LockSupport.park(LockSupport.java:175)
        at java.util.concurrent.locks.AbstractQueuedSynchronizer$ConditionObject.await(AbstractQueuedSynchronizer.java:2039)
        at java.util.concurrent.LinkedBlockingQueue.take(LinkedBlockingQueue.java:442)
        at java.util.concurrent.ThreadPoolExecutor.getTask(ThreadPoolExecutor.java:1074)
        at java.util.concurrent.ThreadPoolExecutor.runWorker(ThreadPoolExecutor.java:1134)
        at java.util.concurrent.ThreadPoolExecutor$Worker.run(ThreadPoolExecutor.java:624)
        at java.lang.Thread.run(Thread.java:750)
"qtp188592776-398" daemon prio=5 tid=398 runnable
java.lang.Thread.State: RUNNABLE
        at sun.nio.ch.EPollArrayWrapper.epollWait(Native Method)
        at sun.nio.ch.EPollArrayWrapper.poll(EPollArrayWrapper.java:269)
        at sun.nio.ch.EPollSelectorImpl.doSelect(EPollSelectorImpl.java:93)
        at sun.nio.ch.SelectorImpl.lockAndDoSelect(SelectorImpl.java:86)
        at sun.nio.ch.SelectorImpl.select(SelectorImpl.java:97)
        at sun.nio.ch.SelectorImpl.select(SelectorImpl.java:101)
        at org.eclipse.jetty.io.ManagedSelector.nioSelect(ManagedSelector.java:183)
        at org.eclipse.jetty.io.ManagedSelector.select(ManagedSelector.java:190)
        at org.eclipse.jetty.io.ManagedSelector$SelectorProducer.select(ManagedSelector.java:606)
        at org.eclipse.jetty.io.ManagedSelector$SelectorProducer.produce(ManagedSelector.java:543)
        at org.eclipse.jetty.util.thread.strategy.EatWhatYouKill.produceTask(EatWhatYouKill.java:362)
        at org.eclipse.jetty.util.thread.strategy.EatWhatYouKill.doProduce(EatWhatYouKill.java:186)
        at org.eclipse.jetty.util.thread.strategy.EatWhatYouKill.tryProduce(EatWhatYouKill.java:173)
        at org.eclipse.jetty.util.thread.strategy.EatWhatYouKill.produce(EatWhatYouKill.java:137)
        at org.eclipse.jetty.io.ManagedSelector$$Lambda$406/113042195.run(Unknown Source)
        at org.eclipse.jetty.util.thread.QueuedThreadPool.runJob(QueuedThreadPool.java:883)
        at org.eclipse.jetty.util.thread.QueuedThreadPool$Runner.run(QueuedThreadPool.java:1034)
        at java.lang.Thread.run(Thread.java:750)
"StaleRecoveringContainerScrubbingService#0" daemon prio=5 tid=389 timed_waiting
java.lang.Thread.State: TIMED_WAITING
        at sun.misc.Unsafe.park(Native Method)
        at java.util.concurrent.locks.LockSupport.parkNanos(LockSupport.java:215)
        at java.util.concurrent.locks.AbstractQueuedSynchronizer$ConditionObject.awaitNanos(AbstractQueuedSynchronizer.java:2078)
        at java.util.concurrent.ScheduledThreadPoolExecutor$DelayedWorkQueue.take(ScheduledThreadPoolExecutor.java:1093)
        at java.util.concurrent.ScheduledThreadPoolExecutor$DelayedWorkQueue.take(ScheduledThreadPoolExecutor.java:809)
        at java.util.concurrent.ThreadPoolExecutor.getTask(ThreadPoolExecutor.java:1074)
        at java.util.concurrent.ThreadPoolExecutor.runWorker(ThreadPoolExecutor.java:1134)
        at java.util.concurrent.ThreadPoolExecutor$Worker.run(ThreadPoolExecutor.java:624)
        at java.lang.Thread.run(Thread.java:750)
"ContainerOp-88f45a07-8f45-4f74-a1d0-23200bb8a37d-2"  prio=5 tid=1087 in Object.wait()
java.lang.Thread.State: WAITING (on object monitor)
        at sun.misc.Unsafe.park(Native Method)
        at java.util.concurrent.locks.LockSupport.park(LockSupport.java:175)
        at java.util.concurrent.locks.AbstractQueuedSynchronizer$ConditionObject.await(AbstractQueuedSynchronizer.java:2039)
        at java.util.concurrent.LinkedBlockingQueue.take(LinkedBlockingQueue.java:442)
        at java.util.concurrent.ThreadPoolExecutor.getTask(ThreadPoolExecutor.java:1074)
        at java.util.concurrent.ThreadPoolExecutor.runWorker(ThreadPoolExecutor.java:1134)
        at java.util.concurrent.ThreadPoolExecutor$Worker.run(ThreadPoolExecutor.java:624)
        at java.lang.Thread.run(Thread.java:750)
"EventQueue-DatanodeCommandQueueUpdatedForDatanodeCommandCountUpdatedHandler" daemon prio=5 tid=636 in Object.wait()
java.lang.Thread.State: WAITING (on object monitor)
        at sun.misc.Unsafe.park(Native Method)
        at java.util.concurrent.locks.LockSupport.park(LockSupport.java:175)
        at java.util.concurrent.locks.AbstractQueuedSynchronizer$ConditionObject.await(AbstractQueuedSynchronizer.java:2039)
        at java.util.concurrent.LinkedBlockingQueue.take(LinkedBlockingQueue.java:442)
        at java.util.concurrent.ThreadPoolExecutor.getTask(ThreadPoolExecutor.java:1074)
        at java.util.concurrent.ThreadPoolExecutor.runWorker(ThreadPoolExecutor.java:1134)
        at java.util.concurrent.ThreadPoolExecutor$Worker.run(ThreadPoolExecutor.java:624)
        at java.lang.Thread.run(Thread.java:750)
"IPC Server handler 5 on default port 15004" daemon prio=5 tid=182 timed_waiting
java.lang.Thread.State: TIMED_WAITING
        at sun.misc.Unsafe.park(Native Method)
        at java.util.concurrent.locks.LockSupport.parkNanos(LockSupport.java:215)
        at java.util.concurrent.locks.AbstractQueuedSynchronizer$ConditionObject.awaitNanos(AbstractQueuedSynchronizer.java:2078)
        at java.util.concurrent.LinkedBlockingQueue.poll(LinkedBlockingQueue.java:467)
        at org.apache.hadoop.ipc.CallQueueManager.take(CallQueueManager.java:317)
        at org.apache.hadoop.ipc.Server$Handler.run(Server.java:3014)
"qtp547239460-485" daemon prio=5 tid=485 runnable
java.lang.Thread.State: RUNNABLE
        at sun.nio.ch.EPollArrayWrapper.epollWait(Native Method)
        at sun.nio.ch.EPollArrayWrapper.poll(EPollArrayWrapper.java:269)
        at sun.nio.ch.EPollSelectorImpl.doSelect(EPollSelectorImpl.java:93)
        at sun.nio.ch.SelectorImpl.lockAndDoSelect(SelectorImpl.java:86)
        at sun.nio.ch.SelectorImpl.select(SelectorImpl.java:97)
        at sun.nio.ch.SelectorImpl.select(SelectorImpl.java:101)
        at org.eclipse.jetty.io.ManagedSelector.nioSelect(ManagedSelector.java:183)
        at org.eclipse.jetty.io.ManagedSelector.select(ManagedSelector.java:190)
        at org.eclipse.jetty.io.ManagedSelector$SelectorProducer.select(ManagedSelector.java:606)
        at org.eclipse.jetty.io.ManagedSelector$SelectorProducer.produce(ManagedSelector.java:543)
        at org.eclipse.jetty.util.thread.strategy.EatWhatYouKill.produceTask(EatWhatYouKill.java:362)
        at org.eclipse.jetty.util.thread.strategy.EatWhatYouKill.doProduce(EatWhatYouKill.java:186)
        at org.eclipse.jetty.util.thread.strategy.EatWhatYouKill.tryProduce(EatWhatYouKill.java:173)
        at org.eclipse.jetty.util.thread.strategy.EatWhatYouKill.produce(EatWhatYouKill.java:137)
        at org.eclipse.jetty.io.ManagedSelector$$Lambda$406/113042195.run(Unknown Source)
        at org.eclipse.jetty.util.thread.QueuedThreadPool.runJob(QueuedThreadPool.java:883)
        at org.eclipse.jetty.util.thread.QueuedThreadPool$Runner.run(QueuedThreadPool.java:1034)
        at java.lang.Thread.run(Thread.java:750)
"ContainerOp-88f45a07-8f45-4f74-a1d0-23200bb8a37d-5"  prio=5 tid=1206 in Object.wait()
java.lang.Thread.State: WAITING (on object monitor)
        at sun.misc.Unsafe.park(Native Method)
        at java.util.concurrent.locks.LockSupport.park(LockSupport.java:175)
        at java.util.concurrent.locks.AbstractQueuedSynchronizer$ConditionObject.await(AbstractQueuedSynchronizer.java:2039)
        at java.util.concurrent.LinkedBlockingQueue.take(LinkedBlockingQueue.java:442)
        at java.util.concurrent.ThreadPoolExecutor.getTask(ThreadPoolExecutor.java:1074)
        at java.util.concurrent.ThreadPoolExecutor.runWorker(ThreadPoolExecutor.java:1134)
        at java.util.concurrent.ThreadPoolExecutor$Worker.run(ThreadPoolExecutor.java:624)
        at java.lang.Thread.run(Thread.java:750)
"BlockDeletingService#3" daemon prio=5 tid=1651 in Object.wait()
java.lang.Thread.State: WAITING (on object monitor)
        at sun.misc.Unsafe.park(Native Method)
        at java.util.concurrent.locks.LockSupport.park(LockSupport.java:175)
        at java.util.concurrent.locks.AbstractQueuedSynchronizer$ConditionObject.await(AbstractQueuedSynchronizer.java:2039)
        at java.util.concurrent.ScheduledThreadPoolExecutor$DelayedWorkQueue.take(ScheduledThreadPoolExecutor.java:1088)
        at java.util.concurrent.ScheduledThreadPoolExecutor$DelayedWorkQueue.take(ScheduledThreadPoolExecutor.java:809)
        at java.util.concurrent.ThreadPoolExecutor.getTask(ThreadPoolExecutor.java:1074)
        at java.util.concurrent.ThreadPoolExecutor.runWorker(ThreadPoolExecutor.java:1134)
        at java.util.concurrent.ThreadPoolExecutor$Worker.run(ThreadPoolExecutor.java:624)
        at java.lang.Thread.run(Thread.java:750)
"qtp1871212187-236" daemon prio=5 tid=236 timed_waiting
java.lang.Thread.State: TIMED_WAITING
        at sun.misc.Unsafe.park(Native Method)
        at java.util.concurrent.locks.LockSupport.parkNanos(LockSupport.java:215)
        at java.util.concurrent.locks.AbstractQueuedSynchronizer$ConditionObject.awaitNanos(AbstractQueuedSynchronizer.java:2078)
        at org.eclipse.jetty.util.BlockingArrayQueue.poll(BlockingArrayQueue.java:382)
        at org.eclipse.jetty.util.thread.QueuedThreadPool$Runner.idleJobPoll(QueuedThreadPool.java:974)
        at org.eclipse.jetty.util.thread.QueuedThreadPool$Runner.run(QueuedThreadPool.java:1018)
        at java.lang.Thread.run(Thread.java:750)
"ContainerOp-00044fda-cf71-4d00-9eb5-8cc713da5931-7"  prio=5 tid=1340 in Object.wait()
java.lang.Thread.State: WAITING (on object monitor)
        at sun.misc.Unsafe.park(Native Method)
        at java.util.concurrent.locks.LockSupport.park(LockSupport.java:175)
        at java.util.concurrent.locks.AbstractQueuedSynchronizer$ConditionObject.await(AbstractQueuedSynchronizer.java:2039)
        at java.util.concurrent.LinkedBlockingQueue.take(LinkedBlockingQueue.java:442)
        at java.util.concurrent.ThreadPoolExecutor.getTask(ThreadPoolExecutor.java:1074)
        at java.util.concurrent.ThreadPoolExecutor.runWorker(ThreadPoolExecutor.java:1134)
        at java.util.concurrent.ThreadPoolExecutor$Worker.run(ThreadPoolExecutor.java:624)
        at java.lang.Thread.run(Thread.java:750)
"Command processor thread" daemon prio=5 tid=342 timed_waiting
java.lang.Thread.State: TIMED_WAITING
        at java.lang.Thread.sleep(Native Method)
        at org.apache.hadoop.ozone.container.common.statemachine.DatanodeStateMachine.lambda$initCommandHandlerThread$3(DatanodeStateMachine.java:667)
        at org.apache.hadoop.ozone.container.common.statemachine.DatanodeStateMachine$$Lambda$1043/1121353957.run(Unknown Source)
        at java.lang.Thread.run(Thread.java:750)
"qtp1538487153-327" daemon prio=5 tid=327 timed_waiting
java.lang.Thread.State: TIMED_WAITING
        at sun.misc.Unsafe.park(Native Method)
        at java.util.concurrent.locks.LockSupport.parkNanos(LockSupport.java:215)
        at java.util.concurrent.locks.AbstractQueuedSynchronizer$ConditionObject.awaitNanos(AbstractQueuedSynchronizer.java:2078)
        at org.eclipse.jetty.util.BlockingArrayQueue.poll(BlockingArrayQueue.java:382)
        at org.eclipse.jetty.util.thread.QueuedThreadPool$Runner.idleJobPoll(QueuedThreadPool.java:974)
        at org.eclipse.jetty.util.thread.QueuedThreadPool$Runner.run(QueuedThreadPool.java:1018)
        at java.lang.Thread.run(Thread.java:750)
"4dfacd3a-85e6-4f60-aa9f-15a17a1c954a@group-FCF027D0E9D3-LeaderStateImpl" daemon prio=5 tid=1002 timed_waiting
java.lang.Thread.State: TIMED_WAITING
        at sun.misc.Unsafe.park(Native Method)
        at java.util.concurrent.locks.LockSupport.parkNanos(LockSupport.java:215)
        at java.util.concurrent.locks.AbstractQueuedSynchronizer$ConditionObject.awaitNanos(AbstractQueuedSynchronizer.java:2078)
        at java.util.concurrent.ArrayBlockingQueue.poll(ArrayBlockingQueue.java:418)
        at org.apache.ratis.server.impl.LeaderStateImpl$EventQueue.poll(LeaderStateImpl.java:164)
        at org.apache.ratis.server.impl.LeaderStateImpl$EventProcessor.run(LeaderStateImpl.java:702)
"ChunkWriter-0-0" daemon prio=5 tid=642 in Object.wait()
java.lang.Thread.State: WAITING (on object monitor)
        at sun.misc.Unsafe.park(Native Method)
        at java.util.concurrent.locks.LockSupport.park(LockSupport.java:175)
        at java.util.concurrent.locks.AbstractQueuedSynchronizer$ConditionObject.await(AbstractQueuedSynchronizer.java:2039)
        at java.util.concurrent.LinkedBlockingDeque.takeFirst(LinkedBlockingDeque.java:492)
        at java.util.concurrent.LinkedBlockingDeque.take(LinkedBlockingDeque.java:680)
        at java.util.concurrent.ThreadPoolExecutor.getTask(ThreadPoolExecutor.java:1074)
        at java.util.concurrent.ThreadPoolExecutor.runWorker(ThreadPoolExecutor.java:1134)
        at java.util.concurrent.ThreadPoolExecutor$Worker.run(ThreadPoolExecutor.java:624)
        at java.lang.Thread.run(Thread.java:750)
"ContainerOp-00044fda-cf71-4d00-9eb5-8cc713da5931-2"  prio=5 tid=1051 in Object.wait()
java.lang.Thread.State: WAITING (on object monitor)
        at sun.misc.Unsafe.park(Native Method)
        at java.util.concurrent.locks.LockSupport.park(LockSupport.java:175)
        at java.util.concurrent.locks.AbstractQueuedSynchronizer$ConditionObject.await(AbstractQueuedSynchronizer.java:2039)
        at java.util.concurrent.LinkedBlockingQueue.take(LinkedBlockingQueue.java:442)
        at java.util.concurrent.ThreadPoolExecutor.getTask(ThreadPoolExecutor.java:1074)
        at java.util.concurrent.ThreadPoolExecutor.runWorker(ThreadPoolExecutor.java:1134)
        at java.util.concurrent.ThreadPoolExecutor$Worker.run(ThreadPoolExecutor.java:624)
        at java.lang.Thread.run(Thread.java:750)
"IPC Server handler 16 on default port 15000" daemon prio=5 tid=82 timed_waiting
java.lang.Thread.State: TIMED_WAITING
        at sun.misc.Unsafe.park(Native Method)
        at java.util.concurrent.locks.LockSupport.parkNanos(LockSupport.java:215)
        at java.util.concurrent.locks.AbstractQueuedSynchronizer$ConditionObject.awaitNanos(AbstractQueuedSynchronizer.java:2078)
        at java.util.concurrent.LinkedBlockingQueue.poll(LinkedBlockingQueue.java:467)
        at org.apache.hadoop.ipc.CallQueueManager.take(CallQueueManager.java:317)
        at org.apache.hadoop.ipc.Server$Handler.run(Server.java:3014)
"ChunkReader-0" daemon prio=5 tid=1264 in Object.wait()
java.lang.Thread.State: WAITING (on object monitor)
        at sun.misc.Unsafe.park(Native Method)
        at java.util.concurrent.locks.LockSupport.park(LockSupport.java:175)
        at java.util.concurrent.locks.AbstractQueuedSynchronizer$ConditionObject.await(AbstractQueuedSynchronizer.java:2039)
        at java.util.concurrent.LinkedBlockingQueue.take(LinkedBlockingQueue.java:442)
        at java.util.concurrent.ThreadPoolExecutor.getTask(ThreadPoolExecutor.java:1074)
        at java.util.concurrent.ThreadPoolExecutor.runWorker(ThreadPoolExecutor.java:1134)
        at java.util.concurrent.ThreadPoolExecutor$Worker.run(ThreadPoolExecutor.java:624)
        at java.lang.Thread.run(Thread.java:750)
"IPC Server handler 7 on default port 15001" daemon prio=5 tid=93 timed_waiting
java.lang.Thread.State: TIMED_WAITING
        at sun.misc.Unsafe.park(Native Method)
        at java.util.concurrent.locks.LockSupport.parkNanos(LockSupport.java:215)
        at java.util.concurrent.locks.AbstractQueuedSynchronizer$ConditionObject.awaitNanos(AbstractQueuedSynchronizer.java:2078)
        at java.util.concurrent.LinkedBlockingQueue.poll(LinkedBlockingQueue.java:467)
        at org.apache.hadoop.ipc.CallQueueManager.take(CallQueueManager.java:317)
        at org.apache.hadoop.ipc.Server$Handler.run(Server.java:3014)
"ChunkReader-7" daemon prio=5 tid=1281 in Object.wait()
java.lang.Thread.State: WAITING (on object monitor)
        at sun.misc.Unsafe.park(Native Method)
        at java.util.concurrent.locks.LockSupport.park(LockSupport.java:175)
        at java.util.concurrent.locks.AbstractQueuedSynchronizer$ConditionObject.await(AbstractQueuedSynchronizer.java:2039)
        at java.util.concurrent.LinkedBlockingQueue.take(LinkedBlockingQueue.java:442)
        at java.util.concurrent.ThreadPoolExecutor.getTask(ThreadPoolExecutor.java:1074)
        at java.util.concurrent.ThreadPoolExecutor.runWorker(ThreadPoolExecutor.java:1134)
        at java.util.concurrent.ThreadPoolExecutor$Worker.run(ThreadPoolExecutor.java:624)
        at java.lang.Thread.run(Thread.java:750)
"Datanode State Machine Task Thread - 0"  prio=5 tid=574 in Object.wait()
java.lang.Thread.State: WAITING (on object monitor)
        at sun.misc.Unsafe.park(Native Method)
        at java.util.concurrent.locks.LockSupport.park(LockSupport.java:175)
        at java.util.concurrent.locks.AbstractQueuedSynchronizer$ConditionObject.await(AbstractQueuedSynchronizer.java:2039)
        at java.util.concurrent.LinkedBlockingQueue.take(LinkedBlockingQueue.java:442)
        at java.util.concurrent.ThreadPoolExecutor.getTask(ThreadPoolExecutor.java:1074)
        at java.util.concurrent.ThreadPoolExecutor.runWorker(ThreadPoolExecutor.java:1134)
        at java.util.concurrent.ThreadPoolExecutor$Worker.run(ThreadPoolExecutor.java:624)
        at java.lang.Thread.run(Thread.java:750)
"ChunkReader-8" daemon prio=5 tid=1473 in Object.wait()
java.lang.Thread.State: WAITING (on object monitor)
        at sun.misc.Unsafe.park(Native Method)
        at java.util.concurrent.locks.LockSupport.park(LockSupport.java:175)
        at java.util.concurrent.locks.AbstractQueuedSynchronizer$ConditionObject.await(AbstractQueuedSynchronizer.java:2039)
        at java.util.concurrent.LinkedBlockingQueue.take(LinkedBlockingQueue.java:442)
        at java.util.concurrent.ThreadPoolExecutor.getTask(ThreadPoolExecutor.java:1074)
        at java.util.concurrent.ThreadPoolExecutor.runWorker(ThreadPoolExecutor.java:1134)
        at java.util.concurrent.ThreadPoolExecutor$Worker.run(ThreadPoolExecutor.java:624)
        at java.lang.Thread.run(Thread.java:750)
"5317d628-7528-4015-930b-d89d4a444778@group-4398ACCF5932-LeaderStateImpl" daemon prio=5 tid=865 timed_waiting
java.lang.Thread.State: TIMED_WAITING
        at sun.misc.Unsafe.park(Native Method)
        at java.util.concurrent.locks.LockSupport.parkNanos(LockSupport.java:215)
        at java.util.concurrent.locks.AbstractQueuedSynchronizer$ConditionObject.awaitNanos(AbstractQueuedSynchronizer.java:2078)
        at java.util.concurrent.ArrayBlockingQueue.poll(ArrayBlockingQueue.java:418)
        at org.apache.ratis.server.impl.LeaderStateImpl$EventQueue.poll(LeaderStateImpl.java:164)
        at org.apache.ratis.server.impl.LeaderStateImpl$EventProcessor.run(LeaderStateImpl.java:702)
"timer0" daemon prio=5 tid=911 timed_waiting
java.lang.Thread.State: TIMED_WAITING
        at java.lang.Object.wait(Native Method)
        at java.util.TimerThread.mainLoop(Timer.java:552)
        at java.util.TimerThread.run(Timer.java:505)
"IPC Server listener on 15002" daemon prio=5 tid=41 runnable
java.lang.Thread.State: RUNNABLE
        at sun.nio.ch.EPollArrayWrapper.epollWait(Native Method)
        at sun.nio.ch.EPollArrayWrapper.poll(EPollArrayWrapper.java:269)
        at sun.nio.ch.EPollSelectorImpl.doSelect(EPollSelectorImpl.java:93)
        at sun.nio.ch.SelectorImpl.lockAndDoSelect(SelectorImpl.java:86)
        at sun.nio.ch.SelectorImpl.select(SelectorImpl.java:97)
        at sun.nio.ch.SelectorImpl.select(SelectorImpl.java:101)
        at org.apache.hadoop.ipc.Server$Listener.run(Server.java:1408)
"IPC Server handler 0 on default port 15091" daemon prio=5 tid=564 timed_waiting
java.lang.Thread.State: TIMED_WAITING
        at sun.misc.Unsafe.park(Native Method)
        at java.util.concurrent.locks.LockSupport.parkNanos(LockSupport.java:215)
        at java.util.concurrent.locks.AbstractQueuedSynchronizer$ConditionObject.awaitNanos(AbstractQueuedSynchronizer.java:2078)
        at java.util.concurrent.LinkedBlockingQueue.poll(LinkedBlockingQueue.java:467)
        at org.apache.hadoop.ipc.CallQueueManager.take(CallQueueManager.java:317)
        at org.apache.hadoop.ipc.Server$Handler.run(Server.java:3014)
"b431013d-a75d-44b2-a41a-a2e98e506a92-server-thread2" daemon prio=5 tid=992 timed_waiting
java.lang.Thread.State: TIMED_WAITING
        at sun.misc.Unsafe.park(Native Method)
        at java.util.concurrent.locks.LockSupport.parkNanos(LockSupport.java:215)
        at java.util.concurrent.SynchronousQueue$TransferStack.awaitFulfill(SynchronousQueue.java:460)
        at java.util.concurrent.SynchronousQueue$TransferStack.transfer(SynchronousQueue.java:362)
        at java.util.concurrent.SynchronousQueue.poll(SynchronousQueue.java:941)
        at java.util.concurrent.ThreadPoolExecutor.getTask(ThreadPoolExecutor.java:1073)
        at java.util.concurrent.ThreadPoolExecutor.runWorker(ThreadPoolExecutor.java:1134)
        at java.util.concurrent.ThreadPoolExecutor$Worker.run(ThreadPoolExecutor.java:624)
        at java.lang.Thread.run(Thread.java:750)
"StaleRecoveringContainerScrubbingService#2" daemon prio=5 tid=1626 in Object.wait()
java.lang.Thread.State: WAITING (on object monitor)
        at sun.misc.Unsafe.park(Native Method)
        at java.util.concurrent.locks.LockSupport.park(LockSupport.java:175)
        at java.util.concurrent.locks.AbstractQueuedSynchronizer$ConditionObject.await(AbstractQueuedSynchronizer.java:2039)
        at java.util.concurrent.ScheduledThreadPoolExecutor$DelayedWorkQueue.take(ScheduledThreadPoolExecutor.java:1088)
        at java.util.concurrent.ScheduledThreadPoolExecutor$DelayedWorkQueue.take(ScheduledThreadPoolExecutor.java:809)
        at java.util.concurrent.ThreadPoolExecutor.getTask(ThreadPoolExecutor.java:1074)
        at java.util.concurrent.ThreadPoolExecutor.runWorker(ThreadPoolExecutor.java:1134)
        at java.util.concurrent.ThreadPoolExecutor$Worker.run(ThreadPoolExecutor.java:624)
        at java.lang.Thread.run(Thread.java:750)
"KeyDeletingService#0" daemon prio=5 tid=163 timed_waiting
java.lang.Thread.State: TIMED_WAITING
        at sun.misc.Unsafe.park(Native Method)
        at java.util.concurrent.locks.LockSupport.parkNanos(LockSupport.java:215)
        at java.util.concurrent.locks.AbstractQueuedSynchronizer$ConditionObject.awaitNanos(AbstractQueuedSynchronizer.java:2078)
        at java.util.concurrent.ScheduledThreadPoolExecutor$DelayedWorkQueue.take(ScheduledThreadPoolExecutor.java:1093)
        at java.util.concurrent.ScheduledThreadPoolExecutor$DelayedWorkQueue.take(ScheduledThreadPoolExecutor.java:809)
        at java.util.concurrent.ThreadPoolExecutor.getTask(ThreadPoolExecutor.java:1074)
        at java.util.concurrent.ThreadPoolExecutor.runWorker(ThreadPoolExecutor.java:1134)
        at java.util.concurrent.ThreadPoolExecutor$Worker.run(ThreadPoolExecutor.java:624)
        at java.lang.Thread.run(Thread.java:750)
"4dfacd3a-85e6-4f60-aa9f-15a17a1c954a@group-8A617CCA13DF-StateMachineUpdater" daemon prio=5 tid=807 timed_waiting
java.lang.Thread.State: TIMED_WAITING
        at sun.misc.Unsafe.park(Native Method)
        at java.util.concurrent.locks.LockSupport.parkNanos(LockSupport.java:215)
        at java.util.concurrent.locks.AbstractQueuedSynchronizer$ConditionObject.await(AbstractQueuedSynchronizer.java:2163)
        at org.apache.ratis.util.AwaitForSignal.await(AwaitForSignal.java:62)
        at org.apache.ratis.server.impl.StateMachineUpdater.waitForCommit(StateMachineUpdater.java:209)
        at org.apache.ratis.server.impl.StateMachineUpdater.run(StateMachineUpdater.java:178)
        at java.lang.Thread.run(Thread.java:750)
"qtp955442053-531" daemon prio=5 tid=531 timed_waiting
java.lang.Thread.State: TIMED_WAITING
        at sun.misc.Unsafe.park(Native Method)
        at java.util.concurrent.locks.LockSupport.parkNanos(LockSupport.java:215)
        at java.util.concurrent.locks.AbstractQueuedSynchronizer$ConditionObject.awaitNanos(AbstractQueuedSynchronizer.java:2078)
        at org.eclipse.jetty.util.BlockingArrayQueue.poll(BlockingArrayQueue.java:382)
        at org.eclipse.jetty.util.thread.QueuedThreadPool$Runner.idleJobPoll(QueuedThreadPool.java:974)
        at org.eclipse.jetty.util.thread.QueuedThreadPool$Runner.run(QueuedThreadPool.java:1018)
        at java.lang.Thread.run(Thread.java:750)
"FixedThreadPoolWithAffinityExecutor-5-0" daemon prio=5 tid=61 timed_waiting
java.lang.Thread.State: TIMED_WAITING
        at sun.misc.Unsafe.park(Native Method)
        at java.util.concurrent.locks.LockSupport.parkNanos(LockSupport.java:215)
        at java.util.concurrent.locks.AbstractQueuedSynchronizer$ConditionObject.awaitNanos(AbstractQueuedSynchronizer.java:2078)
        at java.util.concurrent.LinkedBlockingQueue.poll(LinkedBlockingQueue.java:467)
        at org.apache.hadoop.hdds.scm.server.ContainerReportQueue.poll(ContainerReportQueue.java:266)
        at org.apache.hadoop.hdds.scm.server.ContainerReportQueue.poll(ContainerReportQueue.java:42)
        at org.apache.hadoop.hdds.server.events.FixedThreadPoolWithAffinityExecutor$ContainerReportProcessTask.run(FixedThreadPoolWithAffinityExecutor.java:247)
        at java.util.concurrent.Executors$RunnableAdapter.call(Executors.java:511)
        at java.util.concurrent.FutureTask.run(FutureTask.java:266)
        at java.util.concurrent.ThreadPoolExecutor.runWorker(ThreadPoolExecutor.java:1149)
        at java.util.concurrent.ThreadPoolExecutor$Worker.run(ThreadPoolExecutor.java:624)
        at java.lang.Thread.run(Thread.java:750)
"ChunkReader-6" daemon prio=5 tid=1306 in Object.wait()
java.lang.Thread.State: WAITING (on object monitor)
        at sun.misc.Unsafe.park(Native Method)
        at java.util.concurrent.locks.LockSupport.park(LockSupport.java:175)
        at java.util.concurrent.locks.AbstractQueuedSynchronizer$ConditionObject.await(AbstractQueuedSynchronizer.java:2039)
        at java.util.concurrent.LinkedBlockingQueue.take(LinkedBlockingQueue.java:442)
        at java.util.concurrent.ThreadPoolExecutor.getTask(ThreadPoolExecutor.java:1074)
        at java.util.concurrent.ThreadPoolExecutor.runWorker(ThreadPoolExecutor.java:1134)
        at java.util.concurrent.ThreadPoolExecutor$Worker.run(ThreadPoolExecutor.java:624)
        at java.lang.Thread.run(Thread.java:750)
"ContainerOp-4f955fc0-ea69-486a-8109-13976fd52583-8"  prio=5 tid=1139 in Object.wait()
java.lang.Thread.State: WAITING (on object monitor)
        at sun.misc.Unsafe.park(Native Method)
        at java.util.concurrent.locks.LockSupport.park(LockSupport.java:175)
        at java.util.concurrent.locks.AbstractQueuedSynchronizer$ConditionObject.await(AbstractQueuedSynchronizer.java:2039)
        at java.util.concurrent.LinkedBlockingQueue.take(LinkedBlockingQueue.java:442)
        at java.util.concurrent.ThreadPoolExecutor.getTask(ThreadPoolExecutor.java:1074)
        at java.util.concurrent.ThreadPoolExecutor.runWorker(ThreadPoolExecutor.java:1134)
        at java.util.concurrent.ThreadPoolExecutor$Worker.run(ThreadPoolExecutor.java:624)
        at java.lang.Thread.run(Thread.java:750)
"qtp1873189623-20" daemon prio=5 tid=20 timed_waiting
java.lang.Thread.State: TIMED_WAITING
        at sun.misc.Unsafe.park(Native Method)
        at java.util.concurrent.locks.LockSupport.parkNanos(LockSupport.java:215)
        at java.util.concurrent.locks.AbstractQueuedSynchronizer$ConditionObject.awaitNanos(AbstractQueuedSynchronizer.java:2078)
        at org.eclipse.jetty.util.BlockingArrayQueue.poll(BlockingArrayQueue.java:382)
        at org.eclipse.jetty.util.thread.QueuedThreadPool$Runner.idleJobPoll(QueuedThreadPool.java:974)
        at org.eclipse.jetty.util.thread.QueuedThreadPool$Runner.run(QueuedThreadPool.java:1018)
        at java.lang.Thread.run(Thread.java:750)
"EndpointStateMachine task thread for /0.0.0.0:15002 - 0 "  prio=5 tid=622 in Object.wait()
java.lang.Thread.State: WAITING (on object monitor)
        at sun.misc.Unsafe.park(Native Method)
        at java.util.concurrent.locks.LockSupport.park(LockSupport.java:175)
        at java.util.concurrent.locks.AbstractQueuedSynchronizer$ConditionObject.await(AbstractQueuedSynchronizer.java:2039)
        at java.util.concurrent.LinkedBlockingQueue.take(LinkedBlockingQueue.java:442)
        at java.util.concurrent.ThreadPoolExecutor.getTask(ThreadPoolExecutor.java:1074)
        at java.util.concurrent.ThreadPoolExecutor.runWorker(ThreadPoolExecutor.java:1134)
        at java.util.concurrent.ThreadPoolExecutor$Worker.run(ThreadPoolExecutor.java:624)
        at java.lang.Thread.run(Thread.java:750)
"om1-groupManagement"  prio=5 tid=147 in Object.wait()
java.lang.Thread.State: WAITING (on object monitor)
        at sun.misc.Unsafe.park(Native Method)
        at java.util.concurrent.locks.LockSupport.park(LockSupport.java:175)
        at java.util.concurrent.locks.AbstractQueuedSynchronizer$ConditionObject.await(AbstractQueuedSynchronizer.java:2039)
        at java.util.concurrent.LinkedBlockingQueue.take(LinkedBlockingQueue.java:442)
        at java.util.concurrent.ThreadPoolExecutor.getTask(ThreadPoolExecutor.java:1074)
        at java.util.concurrent.ThreadPoolExecutor.runWorker(ThreadPoolExecutor.java:1134)
        at java.util.concurrent.ThreadPoolExecutor$Worker.run(ThreadPoolExecutor.java:624)
        at java.lang.Thread.run(Thread.java:750)
"StaleRecoveringContainerScrubbingService#2" daemon prio=5 tid=1632 in Object.wait()
java.lang.Thread.State: WAITING (on object monitor)
        at sun.misc.Unsafe.park(Native Method)
        at java.util.concurrent.locks.LockSupport.park(LockSupport.java:175)
        at java.util.concurrent.locks.AbstractQueuedSynchronizer$ConditionObject.await(AbstractQueuedSynchronizer.java:2039)
        at java.util.concurrent.ScheduledThreadPoolExecutor$DelayedWorkQueue.take(ScheduledThreadPoolExecutor.java:1088)
        at java.util.concurrent.ScheduledThreadPoolExecutor$DelayedWorkQueue.take(ScheduledThreadPoolExecutor.java:809)
        at java.util.concurrent.ThreadPoolExecutor.getTask(ThreadPoolExecutor.java:1074)
        at java.util.concurrent.ThreadPoolExecutor.runWorker(ThreadPoolExecutor.java:1134)
        at java.util.concurrent.ThreadPoolExecutor$Worker.run(ThreadPoolExecutor.java:624)
        at java.lang.Thread.run(Thread.java:750)
"ChunkReader-9" daemon prio=5 tid=1299 in Object.wait()
java.lang.Thread.State: WAITING (on object monitor)
        at sun.misc.Unsafe.park(Native Method)
        at java.util.concurrent.locks.LockSupport.park(LockSupport.java:175)
        at java.util.concurrent.locks.AbstractQueuedSynchronizer$ConditionObject.await(AbstractQueuedSynchronizer.java:2039)
        at java.util.concurrent.LinkedBlockingQueue.take(LinkedBlockingQueue.java:442)
        at java.util.concurrent.ThreadPoolExecutor.getTask(ThreadPoolExecutor.java:1074)
        at java.util.concurrent.ThreadPoolExecutor.runWorker(ThreadPoolExecutor.java:1134)
        at java.util.concurrent.ThreadPoolExecutor$Worker.run(ThreadPoolExecutor.java:624)
        at java.lang.Thread.run(Thread.java:750)
"IPC Server handler 16 on default port 15004" daemon prio=5 tid=193 timed_waiting
java.lang.Thread.State: TIMED_WAITING
        at sun.misc.Unsafe.park(Native Method)
        at java.util.concurrent.locks.LockSupport.parkNanos(LockSupport.java:215)
        at java.util.concurrent.locks.AbstractQueuedSynchronizer$ConditionObject.awaitNanos(AbstractQueuedSynchronizer.java:2078)
        at java.util.concurrent.LinkedBlockingQueue.poll(LinkedBlockingQueue.java:467)
        at org.apache.hadoop.ipc.CallQueueManager.take(CallQueueManager.java:317)
        at org.apache.hadoop.ipc.Server$Handler.run(Server.java:3014)
"IPC Server Responder" daemon prio=5 tid=512 runnable
java.lang.Thread.State: RUNNABLE
        at sun.nio.ch.EPollArrayWrapper.epollWait(Native Method)
        at sun.nio.ch.EPollArrayWrapper.poll(EPollArrayWrapper.java:269)
        at sun.nio.ch.EPollSelectorImpl.doSelect(EPollSelectorImpl.java:93)
        at sun.nio.ch.SelectorImpl.lockAndDoSelect(SelectorImpl.java:86)
        at sun.nio.ch.SelectorImpl.select(SelectorImpl.java:97)
        at org.apache.hadoop.ipc.Server$Responder.doRunLoop(Server.java:1582)
        at org.apache.hadoop.ipc.Server$Responder.run(Server.java:1565)
"ChunkWriter-1-0" daemon prio=5 tid=643 in Object.wait()
java.lang.Thread.State: WAITING (on object monitor)
        at sun.misc.Unsafe.park(Native Method)
        at java.util.concurrent.locks.LockSupport.park(LockSupport.java:175)
        at java.util.concurrent.locks.AbstractQueuedSynchronizer$ConditionObject.await(AbstractQueuedSynchronizer.java:2039)
        at java.util.concurrent.LinkedBlockingDeque.takeFirst(LinkedBlockingDeque.java:492)
        at java.util.concurrent.LinkedBlockingDeque.take(LinkedBlockingDeque.java:680)
        at java.util.concurrent.ThreadPoolExecutor.getTask(ThreadPoolExecutor.java:1074)
        at java.util.concurrent.ThreadPoolExecutor.runWorker(ThreadPoolExecutor.java:1134)
        at java.util.concurrent.ThreadPoolExecutor$Worker.run(ThreadPoolExecutor.java:624)
        at java.lang.Thread.run(Thread.java:750)
"ContainerOp-13838721-bcae-49cb-b2fe-fcf027d0e9d3-4"  prio=5 tid=1220 in Object.wait()
java.lang.Thread.State: WAITING (on object monitor)
        at sun.misc.Unsafe.park(Native Method)
        at java.util.concurrent.locks.LockSupport.park(LockSupport.java:175)
        at java.util.concurrent.locks.AbstractQueuedSynchronizer$ConditionObject.await(AbstractQueuedSynchronizer.java:2039)
        at java.util.concurrent.LinkedBlockingQueue.take(LinkedBlockingQueue.java:442)
        at java.util.concurrent.ThreadPoolExecutor.getTask(ThreadPoolExecutor.java:1074)
        at java.util.concurrent.ThreadPoolExecutor.runWorker(ThreadPoolExecutor.java:1134)
        at java.util.concurrent.ThreadPoolExecutor$Worker.run(ThreadPoolExecutor.java:624)
        at java.lang.Thread.run(Thread.java:750)
"6220322b-c54d-4ba8-95d6-5fd9b706d663@group-956EFEAD089C->80a9a8fe-8ad4-444c-8e90-e2ced2b3ac02-GrpcLogAppender-LogAppenderDaemon" daemon prio=5 tid=949 timed_waiting
java.lang.Thread.State: TIMED_WAITING
        at sun.misc.Unsafe.park(Native Method)
        at java.util.concurrent.locks.LockSupport.parkNanos(LockSupport.java:215)
        at java.util.concurrent.locks.AbstractQueuedSynchronizer$ConditionObject.await(AbstractQueuedSynchronizer.java:2163)
        at org.apache.ratis.util.AwaitForSignal.await(AwaitForSignal.java:62)
        at org.apache.ratis.grpc.server.GrpcLogAppender.mayWait(GrpcLogAppender.java:197)
        at org.apache.ratis.grpc.server.GrpcLogAppender.run(GrpcLogAppender.java:148)
        at org.apache.ratis.server.leader.LogAppenderDaemon.run(LogAppenderDaemon.java:78)
        at org.apache.ratis.server.leader.LogAppenderDaemon$$Lambda$1267/2040149817.run(Unknown Source)
        at java.lang.Thread.run(Thread.java:750)
"ChunkReader-7" daemon prio=5 tid=1291 in Object.wait()
java.lang.Thread.State: WAITING (on object monitor)
        at sun.misc.Unsafe.park(Native Method)
        at java.util.concurrent.locks.LockSupport.park(LockSupport.java:175)
        at java.util.concurrent.locks.AbstractQueuedSynchronizer$ConditionObject.await(AbstractQueuedSynchronizer.java:2039)
        at java.util.concurrent.LinkedBlockingQueue.take(LinkedBlockingQueue.java:442)
        at java.util.concurrent.ThreadPoolExecutor.getTask(ThreadPoolExecutor.java:1074)
        at java.util.concurrent.ThreadPoolExecutor.runWorker(ThreadPoolExecutor.java:1134)
        at java.util.concurrent.ThreadPoolExecutor$Worker.run(ThreadPoolExecutor.java:624)
        at java.lang.Thread.run(Thread.java:750)
"IPC Server handler 8 on default port 15000" daemon prio=5 tid=74 timed_waiting
java.lang.Thread.State: TIMED_WAITING
        at sun.misc.Unsafe.park(Native Method)
        at java.util.concurrent.locks.LockSupport.parkNanos(LockSupport.java:215)
        at java.util.concurrent.locks.AbstractQueuedSynchronizer$ConditionObject.awaitNanos(AbstractQueuedSynchronizer.java:2078)
        at java.util.concurrent.LinkedBlockingQueue.poll(LinkedBlockingQueue.java:467)
        at org.apache.hadoop.ipc.CallQueueManager.take(CallQueueManager.java:317)
        at org.apache.hadoop.ipc.Server$Handler.run(Server.java:3014)
"ContainerOp-9e39b8f2-dd05-49f1-bf9a-d1a0b4f7e96e-3"  prio=5 tid=1094 in Object.wait()
java.lang.Thread.State: WAITING (on object monitor)
        at sun.misc.Unsafe.park(Native Method)
        at java.util.concurrent.locks.LockSupport.park(LockSupport.java:175)
        at java.util.concurrent.locks.AbstractQueuedSynchronizer$ConditionObject.await(AbstractQueuedSynchronizer.java:2039)
        at java.util.concurrent.LinkedBlockingQueue.take(LinkedBlockingQueue.java:442)
        at java.util.concurrent.ThreadPoolExecutor.getTask(ThreadPoolExecutor.java:1074)
        at java.util.concurrent.ThreadPoolExecutor.runWorker(ThreadPoolExecutor.java:1134)
        at java.util.concurrent.ThreadPoolExecutor$Worker.run(ThreadPoolExecutor.java:624)
        at java.lang.Thread.run(Thread.java:750)
"IPC Server handler 2 on default port 15002" daemon prio=5 tid=108 timed_waiting
java.lang.Thread.State: TIMED_WAITING
        at sun.misc.Unsafe.park(Native Method)
        at java.util.concurrent.locks.LockSupport.parkNanos(LockSupport.java:215)
        at java.util.concurrent.locks.AbstractQueuedSynchronizer$ConditionObject.awaitNanos(AbstractQueuedSynchronizer.java:2078)
        at java.util.concurrent.LinkedBlockingQueue.poll(LinkedBlockingQueue.java:467)
        at org.apache.hadoop.ipc.CallQueueManager.take(CallQueueManager.java:317)
        at org.apache.hadoop.ipc.Server$Handler.run(Server.java:3014)
"Datanode ReportManager Thread - 4" daemon prio=5 tid=520 in Object.wait()
java.lang.Thread.State: WAITING (on object monitor)
        at sun.misc.Unsafe.park(Native Method)
        at java.util.concurrent.locks.LockSupport.park(LockSupport.java:175)
        at java.util.concurrent.locks.AbstractQueuedSynchronizer$ConditionObject.await(AbstractQueuedSynchronizer.java:2039)
        at java.util.concurrent.ScheduledThreadPoolExecutor$DelayedWorkQueue.take(ScheduledThreadPoolExecutor.java:1088)
        at java.util.concurrent.ScheduledThreadPoolExecutor$DelayedWorkQueue.take(ScheduledThreadPoolExecutor.java:809)
        at java.util.concurrent.ThreadPoolExecutor.getTask(ThreadPoolExecutor.java:1074)
        at java.util.concurrent.ThreadPoolExecutor.runWorker(ThreadPoolExecutor.java:1134)
        at java.util.concurrent.ThreadPoolExecutor$Worker.run(ThreadPoolExecutor.java:624)
        at java.lang.Thread.run(Thread.java:750)
"Datanode State Machine Task Thread - 0"  prio=5 tid=256 in Object.wait()
java.lang.Thread.State: WAITING (on object monitor)
        at sun.misc.Unsafe.park(Native Method)
        at java.util.concurrent.locks.LockSupport.park(LockSupport.java:175)
        at java.util.concurrent.locks.AbstractQueuedSynchronizer$ConditionObject.await(AbstractQueuedSynchronizer.java:2039)
        at java.util.concurrent.LinkedBlockingQueue.take(LinkedBlockingQueue.java:442)
        at java.util.concurrent.ThreadPoolExecutor.getTask(ThreadPoolExecutor.java:1074)
        at java.util.concurrent.ThreadPoolExecutor.runWorker(ThreadPoolExecutor.java:1134)
        at java.util.concurrent.ThreadPoolExecutor$Worker.run(ThreadPoolExecutor.java:624)
        at java.lang.Thread.run(Thread.java:750)
"StaleRecoveringContainerScrubbingService#3" daemon prio=5 tid=1658 in Object.wait()
java.lang.Thread.State: WAITING (on object monitor)
        at sun.misc.Unsafe.park(Native Method)
        at java.util.concurrent.locks.LockSupport.park(LockSupport.java:175)
        at java.util.concurrent.locks.AbstractQueuedSynchronizer$ConditionObject.await(AbstractQueuedSynchronizer.java:2039)
        at java.util.concurrent.ScheduledThreadPoolExecutor$DelayedWorkQueue.take(ScheduledThreadPoolExecutor.java:1088)
        at java.util.concurrent.ScheduledThreadPoolExecutor$DelayedWorkQueue.take(ScheduledThreadPoolExecutor.java:809)
        at java.util.concurrent.ThreadPoolExecutor.getTask(ThreadPoolExecutor.java:1074)
        at java.util.concurrent.ThreadPoolExecutor.runWorker(ThreadPoolExecutor.java:1134)
        at java.util.concurrent.ThreadPoolExecutor$Worker.run(ThreadPoolExecutor.java:624)
        at java.lang.Thread.run(Thread.java:750)
"Over Replicated Processor" daemon prio=5 tid=39 timed_waiting
java.lang.Thread.State: TIMED_WAITING
        at java.lang.Object.wait(Native Method)
        at org.apache.hadoop.hdds.scm.container.replication.UnhealthyReplicationProcessor.run(UnhealthyReplicationProcessor.java:174)
        at java.lang.Thread.run(Thread.java:750)
"qtp1890737819-350" daemon prio=5 tid=350 runnable
java.lang.Thread.State: RUNNABLE
        at sun.nio.ch.EPollArrayWrapper.epollWait(Native Method)
        at sun.nio.ch.EPollArrayWrapper.poll(EPollArrayWrapper.java:269)
        at sun.nio.ch.EPollSelectorImpl.doSelect(EPollSelectorImpl.java:93)
        at sun.nio.ch.SelectorImpl.lockAndDoSelect(SelectorImpl.java:86)
        at sun.nio.ch.SelectorImpl.select(SelectorImpl.java:97)
        at sun.nio.ch.SelectorImpl.select(SelectorImpl.java:101)
        at org.eclipse.jetty.io.ManagedSelector.nioSelect(ManagedSelector.java:183)
        at org.eclipse.jetty.io.ManagedSelector.select(ManagedSelector.java:190)
        at org.eclipse.jetty.io.ManagedSelector$SelectorProducer.select(ManagedSelector.java:606)
        at org.eclipse.jetty.io.ManagedSelector$SelectorProducer.produce(ManagedSelector.java:543)
        at org.eclipse.jetty.util.thread.strategy.EatWhatYouKill.produceTask(EatWhatYouKill.java:362)
        at org.eclipse.jetty.util.thread.strategy.EatWhatYouKill.doProduce(EatWhatYouKill.java:186)
        at org.eclipse.jetty.util.thread.strategy.EatWhatYouKill.tryProduce(EatWhatYouKill.java:173)
        at org.eclipse.jetty.util.thread.strategy.EatWhatYouKill.produce(EatWhatYouKill.java:137)
        at org.eclipse.jetty.io.ManagedSelector$$Lambda$406/113042195.run(Unknown Source)
        at org.eclipse.jetty.util.thread.QueuedThreadPool.runJob(QueuedThreadPool.java:883)
        at org.eclipse.jetty.util.thread.QueuedThreadPool$Runner.run(QueuedThreadPool.java:1034)
        at java.lang.Thread.run(Thread.java:750)
"BlockDeletingService#2" daemon prio=5 tid=1620 in Object.wait()
java.lang.Thread.State: WAITING (on object monitor)
        at sun.misc.Unsafe.park(Native Method)
        at java.util.concurrent.locks.LockSupport.park(LockSupport.java:175)
        at java.util.concurrent.locks.AbstractQueuedSynchronizer$ConditionObject.await(AbstractQueuedSynchronizer.java:2039)
        at java.util.concurrent.ScheduledThreadPoolExecutor$DelayedWorkQueue.take(ScheduledThreadPoolExecutor.java:1088)
        at java.util.concurrent.ScheduledThreadPoolExecutor$DelayedWorkQueue.take(ScheduledThreadPoolExecutor.java:809)
        at java.util.concurrent.ThreadPoolExecutor.getTask(ThreadPoolExecutor.java:1074)
        at java.util.concurrent.ThreadPoolExecutor.runWorker(ThreadPoolExecutor.java:1134)
        at java.util.concurrent.ThreadPoolExecutor$Worker.run(ThreadPoolExecutor.java:624)
        at java.lang.Thread.run(Thread.java:750)
"BlockDeletingService#0" daemon prio=5 tid=648 timed_waiting
java.lang.Thread.State: TIMED_WAITING
        at sun.misc.Unsafe.park(Native Method)
        at java.util.concurrent.locks.LockSupport.parkNanos(LockSupport.java:215)
        at java.util.concurrent.locks.AbstractQueuedSynchronizer$ConditionObject.awaitNanos(AbstractQueuedSynchronizer.java:2078)
        at java.util.concurrent.ScheduledThreadPoolExecutor$DelayedWorkQueue.take(ScheduledThreadPoolExecutor.java:1093)
        at java.util.concurrent.ScheduledThreadPoolExecutor$DelayedWorkQueue.take(ScheduledThreadPoolExecutor.java:809)
        at java.util.concurrent.ThreadPoolExecutor.getTask(ThreadPoolExecutor.java:1074)
        at java.util.concurrent.ThreadPoolExecutor.runWorker(ThreadPoolExecutor.java:1134)
        at java.util.concurrent.ThreadPoolExecutor$Worker.run(ThreadPoolExecutor.java:624)
        at java.lang.Thread.run(Thread.java:750)
"9fc007ee-6328-4e66-a7f4-dfd370a25fec@group-95B153CB0731-SegmentedRaftLogWorker" daemon prio=5 tid=827 timed_waiting
java.lang.Thread.State: TIMED_WAITING
        at sun.misc.Unsafe.park(Native Method)
        at java.util.concurrent.locks.LockSupport.parkNanos(LockSupport.java:215)
        at java.util.concurrent.locks.AbstractQueuedSynchronizer$ConditionObject.awaitNanos(AbstractQueuedSynchronizer.java:2078)
        at org.apache.ratis.util.DataBlockingQueue.poll(DataBlockingQueue.java:148)
        at org.apache.ratis.server.raftlog.segmented.SegmentedRaftLogWorker.run(SegmentedRaftLogWorker.java:307)
        at org.apache.ratis.server.raftlog.segmented.SegmentedRaftLogWorker$$Lambda$841/2058580550.run(Unknown Source)
        at java.util.concurrent.Executors$RunnableAdapter.call(Executors.java:511)
        at java.util.concurrent.FutureTask.run(FutureTask.java:266)
        at java.util.concurrent.ThreadPoolExecutor.runWorker(ThreadPoolExecutor.java:1149)
        at java.util.concurrent.ThreadPoolExecutor$Worker.run(ThreadPoolExecutor.java:624)
        at java.lang.Thread.run(Thread.java:750)
"6f9d3266-b874-4586-a718-9027df6ff647@group-E0A3CFFD1989-StateMachineUpdater" daemon prio=5 tid=738 timed_waiting
java.lang.Thread.State: TIMED_WAITING
        at sun.misc.Unsafe.park(Native Method)
        at java.util.concurrent.locks.LockSupport.parkNanos(LockSupport.java:215)
        at java.util.concurrent.locks.AbstractQueuedSynchronizer$ConditionObject.await(AbstractQueuedSynchronizer.java:2163)
        at org.apache.ratis.util.AwaitForSignal.await(AwaitForSignal.java:62)
        at org.apache.ratis.server.impl.StateMachineUpdater.waitForCommit(StateMachineUpdater.java:209)
        at org.apache.ratis.server.impl.StateMachineUpdater.run(StateMachineUpdater.java:178)
        at java.lang.Thread.run(Thread.java:750)
"JvmPauseMonitor3" daemon prio=5 tid=415 timed_waiting
java.lang.Thread.State: TIMED_WAITING
        at java.lang.Thread.sleep(Native Method)
        at java.lang.Thread.sleep(Thread.java:342)
        at java.util.concurrent.TimeUnit.sleep(TimeUnit.java:386)
        at org.apache.ratis.util.TimeDuration.sleep(TimeDuration.java:325)
        at org.apache.ratis.util.TimeDuration.sleep(TimeDuration.java:310)
        at org.apache.ratis.util.JvmPauseMonitor.detectPause(JvmPauseMonitor.java:117)
        at org.apache.ratis.util.JvmPauseMonitor.run(JvmPauseMonitor.java:106)
        at org.apache.ratis.util.JvmPauseMonitor$$Lambda$540/1204910476.run(Unknown Source)
        at java.lang.Thread.run(Thread.java:750)
"ChunkReader-4" daemon prio=5 tid=1294 in Object.wait()
java.lang.Thread.State: WAITING (on object monitor)
        at sun.misc.Unsafe.park(Native Method)
        at java.util.concurrent.locks.LockSupport.park(LockSupport.java:175)
        at java.util.concurrent.locks.AbstractQueuedSynchronizer$ConditionObject.await(AbstractQueuedSynchronizer.java:2039)
        at java.util.concurrent.LinkedBlockingQueue.take(LinkedBlockingQueue.java:442)
        at java.util.concurrent.ThreadPoolExecutor.getTask(ThreadPoolExecutor.java:1074)
        at java.util.concurrent.ThreadPoolExecutor.runWorker(ThreadPoolExecutor.java:1134)
        at java.util.concurrent.ThreadPoolExecutor$Worker.run(ThreadPoolExecutor.java:624)
        at java.lang.Thread.run(Thread.java:750)
"ContainerOp-2091c0d9-35bc-4ce5-bb07-565827c47cd0-1"  prio=5 tid=1144 in Object.wait()
java.lang.Thread.State: WAITING (on object monitor)
        at sun.misc.Unsafe.park(Native Method)
        at java.util.concurrent.locks.LockSupport.park(LockSupport.java:175)
        at java.util.concurrent.locks.AbstractQueuedSynchronizer$ConditionObject.await(AbstractQueuedSynchronizer.java:2039)
        at java.util.concurrent.LinkedBlockingQueue.take(LinkedBlockingQueue.java:442)
        at java.util.concurrent.ThreadPoolExecutor.getTask(ThreadPoolExecutor.java:1074)
        at java.util.concurrent.ThreadPoolExecutor.runWorker(ThreadPoolExecutor.java:1134)
        at java.util.concurrent.ThreadPoolExecutor$Worker.run(ThreadPoolExecutor.java:624)
        at java.lang.Thread.run(Thread.java:750)
"ChunkReader-6" daemon prio=5 tid=1270 in Object.wait()
java.lang.Thread.State: WAITING (on object monitor)
        at sun.misc.Unsafe.park(Native Method)
        at java.util.concurrent.locks.LockSupport.park(LockSupport.java:175)
        at java.util.concurrent.locks.AbstractQueuedSynchronizer$ConditionObject.await(AbstractQueuedSynchronizer.java:2039)
        at java.util.concurrent.LinkedBlockingQueue.take(LinkedBlockingQueue.java:442)
        at java.util.concurrent.ThreadPoolExecutor.getTask(ThreadPoolExecutor.java:1074)
        at java.util.concurrent.ThreadPoolExecutor.runWorker(ThreadPoolExecutor.java:1134)
        at java.util.concurrent.ThreadPoolExecutor$Worker.run(ThreadPoolExecutor.java:624)
        at java.lang.Thread.run(Thread.java:750)
"qtp658444087-205" daemon prio=5 tid=205 runnable
java.lang.Thread.State: RUNNABLE
        at sun.nio.ch.EPollArrayWrapper.epollWait(Native Method)
        at sun.nio.ch.EPollArrayWrapper.poll(EPollArrayWrapper.java:269)
        at sun.nio.ch.EPollSelectorImpl.doSelect(EPollSelectorImpl.java:93)
        at sun.nio.ch.SelectorImpl.lockAndDoSelect(SelectorImpl.java:86)
        at sun.nio.ch.SelectorImpl.select(SelectorImpl.java:97)
        at sun.nio.ch.SelectorImpl.select(SelectorImpl.java:101)
        at org.eclipse.jetty.io.ManagedSelector.nioSelect(ManagedSelector.java:183)
        at org.eclipse.jetty.io.ManagedSelector.select(ManagedSelector.java:190)
        at org.eclipse.jetty.io.ManagedSelector$SelectorProducer.select(ManagedSelector.java:606)
        at org.eclipse.jetty.io.ManagedSelector$SelectorProducer.produce(ManagedSelector.java:543)
        at org.eclipse.jetty.util.thread.strategy.EatWhatYouKill.produceTask(EatWhatYouKill.java:362)
        at org.eclipse.jetty.util.thread.strategy.EatWhatYouKill.doProduce(EatWhatYouKill.java:186)
        at org.eclipse.jetty.util.thread.strategy.EatWhatYouKill.tryProduce(EatWhatYouKill.java:173)
        at org.eclipse.jetty.util.thread.strategy.EatWhatYouKill.produce(EatWhatYouKill.java:137)
        at org.eclipse.jetty.io.ManagedSelector$$Lambda$406/113042195.run(Unknown Source)
        at org.eclipse.jetty.util.thread.QueuedThreadPool.runJob(QueuedThreadPool.java:883)
        at org.eclipse.jetty.util.thread.QueuedThreadPool$Runner.run(QueuedThreadPool.java:1034)
        at java.lang.Thread.run(Thread.java:750)
"ChunkReader-4" daemon prio=5 tid=1354 in Object.wait()
java.lang.Thread.State: WAITING (on object monitor)
        at sun.misc.Unsafe.park(Native Method)
        at java.util.concurrent.locks.LockSupport.park(LockSupport.java:175)
        at java.util.concurrent.locks.AbstractQueuedSynchronizer$ConditionObject.await(AbstractQueuedSynchronizer.java:2039)
        at java.util.concurrent.LinkedBlockingQueue.take(LinkedBlockingQueue.java:442)
        at java.util.concurrent.ThreadPoolExecutor.getTask(ThreadPoolExecutor.java:1074)
        at java.util.concurrent.ThreadPoolExecutor.runWorker(ThreadPoolExecutor.java:1134)
        at java.util.concurrent.ThreadPoolExecutor$Worker.run(ThreadPoolExecutor.java:624)
        at java.lang.Thread.run(Thread.java:750)
"9305807b-68e0-4de4-9f06-795e0c374ac6@group-8CC713DA5931-LeaderStateImpl" daemon prio=5 tid=893 timed_waiting
java.lang.Thread.State: TIMED_WAITING
        at sun.misc.Unsafe.park(Native Method)
        at java.util.concurrent.locks.LockSupport.parkNanos(LockSupport.java:215)
        at java.util.concurrent.locks.AbstractQueuedSynchronizer$ConditionObject.awaitNanos(AbstractQueuedSynchronizer.java:2078)
        at java.util.concurrent.ArrayBlockingQueue.poll(ArrayBlockingQueue.java:418)
        at org.apache.ratis.server.impl.LeaderStateImpl$EventQueue.poll(LeaderStateImpl.java:164)
        at org.apache.ratis.server.impl.LeaderStateImpl$EventProcessor.run(LeaderStateImpl.java:702)
"ChunkReader-0" daemon prio=5 tid=1090 in Object.wait()
java.lang.Thread.State: WAITING (on object monitor)
        at sun.misc.Unsafe.park(Native Method)
        at java.util.concurrent.locks.LockSupport.park(LockSupport.java:175)
        at java.util.concurrent.locks.AbstractQueuedSynchronizer$ConditionObject.await(AbstractQueuedSynchronizer.java:2039)
        at java.util.concurrent.LinkedBlockingQueue.take(LinkedBlockingQueue.java:442)
        at java.util.concurrent.ThreadPoolExecutor.getTask(ThreadPoolExecutor.java:1074)
        at java.util.concurrent.ThreadPoolExecutor.runWorker(ThreadPoolExecutor.java:1134)
        at java.util.concurrent.ThreadPoolExecutor$Worker.run(ThreadPoolExecutor.java:624)
        at java.lang.Thread.run(Thread.java:750)
"qtp1871212187-240" daemon prio=5 tid=240 timed_waiting
java.lang.Thread.State: TIMED_WAITING
        at sun.misc.Unsafe.park(Native Method)
        at java.util.concurrent.locks.LockSupport.parkNanos(LockSupport.java:215)
        at java.util.concurrent.locks.AbstractQueuedSynchronizer$ConditionObject.awaitNanos(AbstractQueuedSynchronizer.java:2078)
        at org.eclipse.jetty.util.BlockingArrayQueue.poll(BlockingArrayQueue.java:382)
        at org.eclipse.jetty.util.thread.QueuedThreadPool$Runner.idleJobPoll(QueuedThreadPool.java:974)
        at org.eclipse.jetty.util.thread.QueuedThreadPool$Runner.run(QueuedThreadPool.java:1018)
        at java.lang.Thread.run(Thread.java:750)
"Under Replicated Processor" daemon prio=5 tid=38 timed_waiting
java.lang.Thread.State: TIMED_WAITING
        at java.lang.Object.wait(Native Method)
        at org.apache.hadoop.hdds.scm.container.replication.UnhealthyReplicationProcessor.run(UnhealthyReplicationProcessor.java:174)
        at java.lang.Thread.run(Thread.java:750)
"ChunkReader-2" daemon prio=5 tid=1056 in Object.wait()
java.lang.Thread.State: WAITING (on object monitor)
        at sun.misc.Unsafe.park(Native Method)
        at java.util.concurrent.locks.LockSupport.park(LockSupport.java:175)
        at java.util.concurrent.locks.AbstractQueuedSynchronizer$ConditionObject.await(AbstractQueuedSynchronizer.java:2039)
        at java.util.concurrent.LinkedBlockingQueue.take(LinkedBlockingQueue.java:442)
        at java.util.concurrent.ThreadPoolExecutor.getTask(ThreadPoolExecutor.java:1074)
        at java.util.concurrent.ThreadPoolExecutor.runWorker(ThreadPoolExecutor.java:1134)
        at java.util.concurrent.ThreadPoolExecutor$Worker.run(ThreadPoolExecutor.java:624)
        at java.lang.Thread.run(Thread.java:750)
"pool-194-thread-1"  prio=5 tid=320 timed_waiting
java.lang.Thread.State: TIMED_WAITING
        at sun.misc.Unsafe.park(Native Method)
        at java.util.concurrent.locks.LockSupport.parkNanos(LockSupport.java:215)
        at java.util.concurrent.locks.AbstractQueuedSynchronizer$ConditionObject.awaitNanos(AbstractQueuedSynchronizer.java:2078)
        at java.util.concurrent.ScheduledThreadPoolExecutor$DelayedWorkQueue.take(ScheduledThreadPoolExecutor.java:1093)
        at java.util.concurrent.ScheduledThreadPoolExecutor$DelayedWorkQueue.take(ScheduledThreadPoolExecutor.java:809)
        at java.util.concurrent.ThreadPoolExecutor.getTask(ThreadPoolExecutor.java:1074)
        at java.util.concurrent.ThreadPoolExecutor.runWorker(ThreadPoolExecutor.java:1134)
        at java.util.concurrent.ThreadPoolExecutor$Worker.run(ThreadPoolExecutor.java:624)
        at java.lang.Thread.run(Thread.java:750)
"Thread[Thread-14,5,main]" daemon prio=5 tid=29 timed_waiting
java.lang.Thread.State: TIMED_WAITING
        at java.lang.Thread.sleep(Native Method)
        at org.apache.hadoop.security.token.delegation.AbstractDelegationTokenSecretManager$ExpiredTokenRemover.run(AbstractDelegationTokenSecretManager.java:816)
        at java.lang.Thread.run(Thread.java:750)
"IPC Server handler 0 on default port 15028" daemon prio=5 tid=277 timed_waiting
java.lang.Thread.State: TIMED_WAITING
        at sun.misc.Unsafe.park(Native Method)
        at java.util.concurrent.locks.LockSupport.parkNanos(LockSupport.java:215)
        at java.util.concurrent.locks.AbstractQueuedSynchronizer$ConditionObject.awaitNanos(AbstractQueuedSynchronizer.java:2078)
        at java.util.concurrent.LinkedBlockingQueue.poll(LinkedBlockingQueue.java:467)
        at org.apache.hadoop.ipc.CallQueueManager.take(CallQueueManager.java:317)
        at org.apache.hadoop.ipc.Server$Handler.run(Server.java:3014)
"ContainerOp-9e39b8f2-dd05-49f1-bf9a-d1a0b4f7e96e-7"  prio=5 tid=1316 in Object.wait()
java.lang.Thread.State: WAITING (on object monitor)
        at sun.misc.Unsafe.park(Native Method)
        at java.util.concurrent.locks.LockSupport.park(LockSupport.java:175)
        at java.util.concurrent.locks.AbstractQueuedSynchronizer$ConditionObject.await(AbstractQueuedSynchronizer.java:2039)
        at java.util.concurrent.LinkedBlockingQueue.take(LinkedBlockingQueue.java:442)
        at java.util.concurrent.ThreadPoolExecutor.getTask(ThreadPoolExecutor.java:1074)
        at java.util.concurrent.ThreadPoolExecutor.runWorker(ThreadPoolExecutor.java:1134)
        at java.util.concurrent.ThreadPoolExecutor$Worker.run(ThreadPoolExecutor.java:624)
        at java.lang.Thread.run(Thread.java:750)
"ContainerOp-761249f9-8bb6-41bf-974d-4398accf5932-5"  prio=5 tid=1187 in Object.wait()
java.lang.Thread.State: WAITING (on object monitor)
        at sun.misc.Unsafe.park(Native Method)
        at java.util.concurrent.locks.LockSupport.park(LockSupport.java:175)
        at java.util.concurrent.locks.AbstractQueuedSynchronizer$ConditionObject.await(AbstractQueuedSynchronizer.java:2039)
        at java.util.concurrent.LinkedBlockingQueue.take(LinkedBlockingQueue.java:442)
        at java.util.concurrent.ThreadPoolExecutor.getTask(ThreadPoolExecutor.java:1074)
        at java.util.concurrent.ThreadPoolExecutor.runWorker(ThreadPoolExecutor.java:1134)
        at java.util.concurrent.ThreadPoolExecutor$Worker.run(ThreadPoolExecutor.java:624)
        at java.lang.Thread.run(Thread.java:750)
"Socket Reader #1 for port 15010"  prio=5 tid=215 runnable
java.lang.Thread.State: RUNNABLE
        at sun.nio.ch.EPollArrayWrapper.epollWait(Native Method)
        at sun.nio.ch.EPollArrayWrapper.poll(EPollArrayWrapper.java:269)
        at sun.nio.ch.EPollSelectorImpl.doSelect(EPollSelectorImpl.java:93)
        at sun.nio.ch.SelectorImpl.lockAndDoSelect(SelectorImpl.java:86)
        at sun.nio.ch.SelectorImpl.select(SelectorImpl.java:97)
        at sun.nio.ch.SelectorImpl.select(SelectorImpl.java:101)
        at org.apache.hadoop.ipc.Server$Listener$Reader.doRunLoop(Server.java:1346)
        at org.apache.hadoop.ipc.Server$Listener$Reader.run(Server.java:1325)
"ChunkWriter-1-0" daemon prio=5 tid=597 in Object.wait()
java.lang.Thread.State: WAITING (on object monitor)
        at sun.misc.Unsafe.park(Native Method)
        at java.util.concurrent.locks.LockSupport.park(LockSupport.java:175)
        at java.util.concurrent.locks.AbstractQueuedSynchronizer$ConditionObject.await(AbstractQueuedSynchronizer.java:2039)
        at java.util.concurrent.LinkedBlockingDeque.takeFirst(LinkedBlockingDeque.java:492)
        at java.util.concurrent.LinkedBlockingDeque.take(LinkedBlockingDeque.java:680)
        at java.util.concurrent.ThreadPoolExecutor.getTask(ThreadPoolExecutor.java:1074)
        at java.util.concurrent.ThreadPoolExecutor.runWorker(ThreadPoolExecutor.java:1134)
        at java.util.concurrent.ThreadPoolExecutor$Worker.run(ThreadPoolExecutor.java:624)
        at java.lang.Thread.run(Thread.java:750)
"IPC Server handler 8 on default port 15001" daemon prio=5 tid=94 timed_waiting
java.lang.Thread.State: TIMED_WAITING
        at sun.misc.Unsafe.park(Native Method)
        at java.util.concurrent.locks.LockSupport.parkNanos(LockSupport.java:215)
        at java.util.concurrent.locks.AbstractQueuedSynchronizer$ConditionObject.awaitNanos(AbstractQueuedSynchronizer.java:2078)
        at java.util.concurrent.LinkedBlockingQueue.poll(LinkedBlockingQueue.java:467)
        at org.apache.hadoop.ipc.CallQueueManager.take(CallQueueManager.java:317)
        at org.apache.hadoop.ipc.Server$Handler.run(Server.java:3014)
"ContainerOp-2091c0d9-35bc-4ce5-bb07-565827c47cd0-2"  prio=5 tid=1146 in Object.wait()
java.lang.Thread.State: WAITING (on object monitor)
        at sun.misc.Unsafe.park(Native Method)
        at java.util.concurrent.locks.LockSupport.park(LockSupport.java:175)
        at java.util.concurrent.locks.AbstractQueuedSynchronizer$ConditionObject.await(AbstractQueuedSynchronizer.java:2039)
        at java.util.concurrent.LinkedBlockingQueue.take(LinkedBlockingQueue.java:442)
        at java.util.concurrent.ThreadPoolExecutor.getTask(ThreadPoolExecutor.java:1074)
        at java.util.concurrent.ThreadPoolExecutor.runWorker(ThreadPoolExecutor.java:1134)
        at java.util.concurrent.ThreadPoolExecutor$Worker.run(ThreadPoolExecutor.java:624)
        at java.lang.Thread.run(Thread.java:750)
"EventQueue-NodeRegistrationContainerReportForDataNodeSafeModeRule" daemon prio=5 tid=554 in Object.wait()
java.lang.Thread.State: WAITING (on object monitor)
        at sun.misc.Unsafe.park(Native Method)
        at java.util.concurrent.locks.LockSupport.park(LockSupport.java:175)
        at java.util.concurrent.locks.AbstractQueuedSynchronizer$ConditionObject.await(AbstractQueuedSynchronizer.java:2039)
        at java.util.concurrent.LinkedBlockingQueue.take(LinkedBlockingQueue.java:442)
        at java.util.concurrent.ThreadPoolExecutor.getTask(ThreadPoolExecutor.java:1074)
        at java.util.concurrent.ThreadPoolExecutor.runWorker(ThreadPoolExecutor.java:1134)
        at java.util.concurrent.ThreadPoolExecutor$Worker.run(ThreadPoolExecutor.java:624)
        at java.lang.Thread.run(Thread.java:750)
"6f9d3266-b874-4586-a718-9027df6ff647-DataStreamManagement-request--thread1"  prio=5 tid=1103 in Object.wait()
java.lang.Thread.State: WAITING (on object monitor)
        at sun.misc.Unsafe.park(Native Method)
        at java.util.concurrent.locks.LockSupport.park(LockSupport.java:175)
        at java.util.concurrent.locks.AbstractQueuedSynchronizer$ConditionObject.await(AbstractQueuedSynchronizer.java:2039)
        at java.util.concurrent.LinkedBlockingQueue.take(LinkedBlockingQueue.java:442)
        at java.util.concurrent.ThreadPoolExecutor.getTask(ThreadPoolExecutor.java:1074)
        at java.util.concurrent.ThreadPoolExecutor.runWorker(ThreadPoolExecutor.java:1134)
        at java.util.concurrent.ThreadPoolExecutor$Worker.run(ThreadPoolExecutor.java:624)
        at java.lang.Thread.run(Thread.java:750)
"IPC Server handler 7 on default port 15000" daemon prio=5 tid=73 timed_waiting
java.lang.Thread.State: TIMED_WAITING
        at sun.misc.Unsafe.park(Native Method)
        at java.util.concurrent.locks.LockSupport.parkNanos(LockSupport.java:215)
        at java.util.concurrent.locks.AbstractQueuedSynchronizer$ConditionObject.awaitNanos(AbstractQueuedSynchronizer.java:2078)
        at java.util.concurrent.LinkedBlockingQueue.poll(LinkedBlockingQueue.java:467)
        at org.apache.hadoop.ipc.CallQueueManager.take(CallQueueManager.java:317)
        at org.apache.hadoop.ipc.Server$Handler.run(Server.java:3014)
"surefire-forkedjvm-command-thread" daemon prio=5 tid=10 runnable
java.lang.Thread.State: RUNNABLE
        at java.io.FileInputStream.readBytes(Native Method)
        at java.io.FileInputStream.read(FileInputStream.java:255)
        at java.io.BufferedInputStream.read1(BufferedInputStream.java:284)
        at java.io.BufferedInputStream.read(BufferedInputStream.java:345)
        at java.io.BufferedInputStream.fill(BufferedInputStream.java:246)
        at java.io.BufferedInputStream.read1(BufferedInputStream.java:286)
        at java.io.BufferedInputStream.read(BufferedInputStream.java:345)
        at org.apache.maven.surefire.api.util.internal.Channels$3.readImpl(Channels.java:214)
        at org.apache.maven.surefire.api.util.internal.AbstractNoninterruptibleReadableChannel.read(AbstractNoninterruptibleReadableChannel.java:54)
        at org.apache.maven.surefire.booter.spi.LegacyMasterProcessChannelDecoder.decode(LegacyMasterProcessChannelDecoder.java:80)
        at org.apache.maven.surefire.booter.CommandReader$CommandRunnable.run(CommandReader.java:343)
        at java.lang.Thread.run(Thread.java:750)
"ContainerOp-2091c0d9-35bc-4ce5-bb07-565827c47cd0-6"  prio=5 tid=1150 in Object.wait()
java.lang.Thread.State: WAITING (on object monitor)
        at sun.misc.Unsafe.park(Native Method)
        at java.util.concurrent.locks.LockSupport.park(LockSupport.java:175)
        at java.util.concurrent.locks.AbstractQueuedSynchronizer$ConditionObject.await(AbstractQueuedSynchronizer.java:2039)
        at java.util.concurrent.LinkedBlockingQueue.take(LinkedBlockingQueue.java:442)
        at java.util.concurrent.ThreadPoolExecutor.getTask(ThreadPoolExecutor.java:1074)
        at java.util.concurrent.ThreadPoolExecutor.runWorker(ThreadPoolExecutor.java:1134)
        at java.util.concurrent.ThreadPoolExecutor$Worker.run(ThreadPoolExecutor.java:624)
        at java.lang.Thread.run(Thread.java:750)
"ChunkWriter-1-0" daemon prio=5 tid=456 in Object.wait()
java.lang.Thread.State: WAITING (on object monitor)
        at sun.misc.Unsafe.park(Native Method)
        at java.util.concurrent.locks.LockSupport.park(LockSupport.java:175)
        at java.util.concurrent.locks.AbstractQueuedSynchronizer$ConditionObject.await(AbstractQueuedSynchronizer.java:2039)
        at java.util.concurrent.LinkedBlockingDeque.takeFirst(LinkedBlockingDeque.java:492)
        at java.util.concurrent.LinkedBlockingDeque.take(LinkedBlockingDeque.java:680)
        at java.util.concurrent.ThreadPoolExecutor.getTask(ThreadPoolExecutor.java:1074)
        at java.util.concurrent.ThreadPoolExecutor.runWorker(ThreadPoolExecutor.java:1134)
        at java.util.concurrent.ThreadPoolExecutor$Worker.run(ThreadPoolExecutor.java:624)
        at java.lang.Thread.run(Thread.java:750)
"80a9a8fe-8ad4-444c-8e90-e2ced2b3ac02@group-956EFEAD089C-FollowerState" daemon prio=5 tid=946 timed_waiting
java.lang.Thread.State: TIMED_WAITING
        at java.lang.Thread.sleep(Native Method)
        at java.lang.Thread.sleep(Thread.java:342)
        at java.util.concurrent.TimeUnit.sleep(TimeUnit.java:386)
        at org.apache.ratis.util.TimeDuration.sleep(TimeDuration.java:325)
        at org.apache.ratis.util.TimeDuration.sleep(TimeDuration.java:310)
        at org.apache.ratis.server.impl.FollowerState.run(FollowerState.java:128)
"qtp1871212187-237" daemon prio=5 tid=237 timed_waiting
java.lang.Thread.State: TIMED_WAITING
        at sun.misc.Unsafe.park(Native Method)
        at java.util.concurrent.locks.LockSupport.parkNanos(LockSupport.java:215)
        at java.util.concurrent.locks.AbstractQueuedSynchronizer$ConditionObject.awaitNanos(AbstractQueuedSynchronizer.java:2078)
        at org.eclipse.jetty.util.BlockingArrayQueue.poll(BlockingArrayQueue.java:382)
        at org.eclipse.jetty.util.thread.QueuedThreadPool$Runner.idleJobPoll(QueuedThreadPool.java:974)
        at org.eclipse.jetty.util.thread.QueuedThreadPool$Runner.run(QueuedThreadPool.java:1018)
        at java.lang.Thread.run(Thread.java:750)
"Session-HouseKeeper-758fafb5-1"  prio=5 tid=449 timed_waiting
java.lang.Thread.State: TIMED_WAITING
        at sun.misc.Unsafe.park(Native Method)
        at java.util.concurrent.locks.LockSupport.parkNanos(LockSupport.java:215)
        at java.util.concurrent.locks.AbstractQueuedSynchronizer$ConditionObject.awaitNanos(AbstractQueuedSynchronizer.java:2078)
        at java.util.concurrent.ScheduledThreadPoolExecutor$DelayedWorkQueue.take(ScheduledThreadPoolExecutor.java:1093)
        at java.util.concurrent.ScheduledThreadPoolExecutor$DelayedWorkQueue.take(ScheduledThreadPoolExecutor.java:809)
        at java.util.concurrent.ThreadPoolExecutor.getTask(ThreadPoolExecutor.java:1074)
        at java.util.concurrent.ThreadPoolExecutor.runWorker(ThreadPoolExecutor.java:1134)
        at java.util.concurrent.ThreadPoolExecutor$Worker.run(ThreadPoolExecutor.java:624)
        at java.lang.Thread.run(Thread.java:750)
"ContainerOp-9e39b8f2-dd05-49f1-bf9a-d1a0b4f7e96e-6"  prio=5 tid=1315 in Object.wait()
java.lang.Thread.State: WAITING (on object monitor)
        at sun.misc.Unsafe.park(Native Method)
        at java.util.concurrent.locks.LockSupport.park(LockSupport.java:175)
        at java.util.concurrent.locks.AbstractQueuedSynchronizer$ConditionObject.await(AbstractQueuedSynchronizer.java:2039)
        at java.util.concurrent.LinkedBlockingQueue.take(LinkedBlockingQueue.java:442)
        at java.util.concurrent.ThreadPoolExecutor.getTask(ThreadPoolExecutor.java:1074)
        at java.util.concurrent.ThreadPoolExecutor.runWorker(ThreadPoolExecutor.java:1134)
        at java.util.concurrent.ThreadPoolExecutor$Worker.run(ThreadPoolExecutor.java:624)
        at java.lang.Thread.run(Thread.java:750)
"Session-HouseKeeper-4cdb80b0-1"  prio=5 tid=406 timed_waiting
java.lang.Thread.State: TIMED_WAITING
        at sun.misc.Unsafe.park(Native Method)
        at java.util.concurrent.locks.LockSupport.parkNanos(LockSupport.java:215)
        at java.util.concurrent.locks.AbstractQueuedSynchronizer$ConditionObject.awaitNanos(AbstractQueuedSynchronizer.java:2078)
        at java.util.concurrent.ScheduledThreadPoolExecutor$DelayedWorkQueue.take(ScheduledThreadPoolExecutor.java:1093)
        at java.util.concurrent.ScheduledThreadPoolExecutor$DelayedWorkQueue.take(ScheduledThreadPoolExecutor.java:809)
        at java.util.concurrent.ThreadPoolExecutor.getTask(ThreadPoolExecutor.java:1074)
        at java.util.concurrent.ThreadPoolExecutor.runWorker(ThreadPoolExecutor.java:1134)
        at java.util.concurrent.ThreadPoolExecutor$Worker.run(ThreadPoolExecutor.java:624)
        at java.lang.Thread.run(Thread.java:750)
"om1@group-C5BA1605619E-SegmentedRaftLogWorker"  prio=5 tid=156 timed_waiting
java.lang.Thread.State: TIMED_WAITING
        at sun.misc.Unsafe.park(Native Method)
        at java.util.concurrent.locks.LockSupport.parkNanos(LockSupport.java:215)
        at java.util.concurrent.locks.AbstractQueuedSynchronizer$ConditionObject.awaitNanos(AbstractQueuedSynchronizer.java:2078)
        at org.apache.ratis.util.DataBlockingQueue.poll(DataBlockingQueue.java:148)
        at org.apache.ratis.server.raftlog.segmented.SegmentedRaftLogWorker.run(SegmentedRaftLogWorker.java:307)
        at org.apache.ratis.server.raftlog.segmented.SegmentedRaftLogWorker$$Lambda$841/2058580550.run(Unknown Source)
        at java.util.concurrent.Executors$RunnableAdapter.call(Executors.java:511)
        at java.util.concurrent.FutureTask.run(FutureTask.java:266)
        at java.util.concurrent.ThreadPoolExecutor.runWorker(ThreadPoolExecutor.java:1149)
        at java.util.concurrent.ThreadPoolExecutor$Worker.run(ThreadPoolExecutor.java:624)
        at java.lang.Thread.run(Thread.java:750)
"ChunkReader-3" daemon prio=5 tid=1303 in Object.wait()
java.lang.Thread.State: WAITING (on object monitor)
        at sun.misc.Unsafe.park(Native Method)
        at java.util.concurrent.locks.LockSupport.park(LockSupport.java:175)
        at java.util.concurrent.locks.AbstractQueuedSynchronizer$ConditionObject.await(AbstractQueuedSynchronizer.java:2039)
        at java.util.concurrent.LinkedBlockingQueue.take(LinkedBlockingQueue.java:442)
        at java.util.concurrent.ThreadPoolExecutor.getTask(ThreadPoolExecutor.java:1074)
        at java.util.concurrent.ThreadPoolExecutor.runWorker(ThreadPoolExecutor.java:1134)
        at java.util.concurrent.ThreadPoolExecutor$Worker.run(ThreadPoolExecutor.java:624)
        at java.lang.Thread.run(Thread.java:750)
"org.apache.hadoop.ozone.container.common.statemachine.commandhandler.DeleteBlocksCommandHandler$DeleteCmdWorker@719f35fe" daemon prio=5 tid=439 timed_waiting
java.lang.Thread.State: TIMED_WAITING
        at java.lang.Thread.sleep(Native Method)
        at org.apache.hadoop.ozone.container.common.statemachine.commandhandler.DeleteBlocksCommandHandler$DeleteCmdWorker.run(DeleteBlocksCommandHandler.java:233)
        at java.lang.Thread.run(Thread.java:750)
"ContainerOp-2091c0d9-35bc-4ce5-bb07-565827c47cd0-3"  prio=5 tid=1147 in Object.wait()
java.lang.Thread.State: WAITING (on object monitor)
        at sun.misc.Unsafe.park(Native Method)
        at java.util.concurrent.locks.LockSupport.park(LockSupport.java:175)
        at java.util.concurrent.locks.AbstractQueuedSynchronizer$ConditionObject.await(AbstractQueuedSynchronizer.java:2039)
        at java.util.concurrent.LinkedBlockingQueue.take(LinkedBlockingQueue.java:442)
        at java.util.concurrent.ThreadPoolExecutor.getTask(ThreadPoolExecutor.java:1074)
        at java.util.concurrent.ThreadPoolExecutor.runWorker(ThreadPoolExecutor.java:1134)
        at java.util.concurrent.ThreadPoolExecutor$Worker.run(ThreadPoolExecutor.java:624)
        at java.lang.Thread.run(Thread.java:750)
"Datanode ReportManager Thread - 4" daemon prio=5 tid=476 in Object.wait()
java.lang.Thread.State: WAITING (on object monitor)
        at sun.misc.Unsafe.park(Native Method)
        at java.util.concurrent.locks.LockSupport.park(LockSupport.java:175)
        at java.util.concurrent.locks.AbstractQueuedSynchronizer$ConditionObject.await(AbstractQueuedSynchronizer.java:2039)
        at java.util.concurrent.ScheduledThreadPoolExecutor$DelayedWorkQueue.take(ScheduledThreadPoolExecutor.java:1088)
        at java.util.concurrent.ScheduledThreadPoolExecutor$DelayedWorkQueue.take(ScheduledThreadPoolExecutor.java:809)
        at java.util.concurrent.ThreadPoolExecutor.getTask(ThreadPoolExecutor.java:1074)
        at java.util.concurrent.ThreadPoolExecutor.runWorker(ThreadPoolExecutor.java:1134)
        at java.util.concurrent.ThreadPoolExecutor$Worker.run(ThreadPoolExecutor.java:624)
        at java.lang.Thread.run(Thread.java:750)
"Datanode ReportManager Thread - 3" daemon prio=5 tid=374 in Object.wait()
java.lang.Thread.State: WAITING (on object monitor)
        at sun.misc.Unsafe.park(Native Method)
        at java.util.concurrent.locks.LockSupport.park(LockSupport.java:175)
        at java.util.concurrent.locks.AbstractQueuedSynchronizer$ConditionObject.await(AbstractQueuedSynchronizer.java:2039)
        at java.util.concurrent.ScheduledThreadPoolExecutor$DelayedWorkQueue.take(ScheduledThreadPoolExecutor.java:1088)
        at java.util.concurrent.ScheduledThreadPoolExecutor$DelayedWorkQueue.take(ScheduledThreadPoolExecutor.java:809)
        at java.util.concurrent.ThreadPoolExecutor.getTask(ThreadPoolExecutor.java:1074)
        at java.util.concurrent.ThreadPoolExecutor.runWorker(ThreadPoolExecutor.java:1134)
        at java.util.concurrent.ThreadPoolExecutor$Worker.run(ThreadPoolExecutor.java:624)
        at java.lang.Thread.run(Thread.java:750)
"ContainerOp-2091c0d9-35bc-4ce5-bb07-565827c47cd0-9"  prio=5 tid=1201 in Object.wait()
java.lang.Thread.State: WAITING (on object monitor)
        at sun.misc.Unsafe.park(Native Method)
        at java.util.concurrent.locks.LockSupport.park(LockSupport.java:175)
        at java.util.concurrent.locks.AbstractQueuedSynchronizer$ConditionObject.await(AbstractQueuedSynchronizer.java:2039)
        at java.util.concurrent.LinkedBlockingQueue.take(LinkedBlockingQueue.java:442)
        at java.util.concurrent.ThreadPoolExecutor.getTask(ThreadPoolExecutor.java:1074)
        at java.util.concurrent.ThreadPoolExecutor.runWorker(ThreadPoolExecutor.java:1134)
        at java.util.concurrent.ThreadPoolExecutor$Worker.run(ThreadPoolExecutor.java:624)
        at java.lang.Thread.run(Thread.java:750)
"qtp997606897-172" daemon prio=5 tid=172 timed_waiting
java.lang.Thread.State: TIMED_WAITING
        at sun.misc.Unsafe.park(Native Method)
        at java.util.concurrent.locks.LockSupport.parkNanos(LockSupport.java:215)
        at java.util.concurrent.locks.AbstractQueuedSynchronizer$ConditionObject.awaitNanos(AbstractQueuedSynchronizer.java:2078)
        at org.eclipse.jetty.util.BlockingArrayQueue.poll(BlockingArrayQueue.java:382)
        at org.eclipse.jetty.util.thread.QueuedThreadPool$Runner.idleJobPoll(QueuedThreadPool.java:974)
        at org.eclipse.jetty.util.thread.QueuedThreadPool$Runner.run(QueuedThreadPool.java:1018)
        at java.lang.Thread.run(Thread.java:750)
"Datanode State Machine Task Thread - 1"  prio=5 tid=538 in Object.wait()
java.lang.Thread.State: WAITING (on object monitor)
        at sun.misc.Unsafe.park(Native Method)
        at java.util.concurrent.locks.LockSupport.park(LockSupport.java:175)
        at java.util.concurrent.locks.AbstractQueuedSynchronizer$ConditionObject.await(AbstractQueuedSynchronizer.java:2039)
        at java.util.concurrent.LinkedBlockingQueue.take(LinkedBlockingQueue.java:442)
        at java.util.concurrent.ThreadPoolExecutor.getTask(ThreadPoolExecutor.java:1074)
        at java.util.concurrent.ThreadPoolExecutor.runWorker(ThreadPoolExecutor.java:1134)
        at java.util.concurrent.ThreadPoolExecutor$Worker.run(ThreadPoolExecutor.java:624)
        at java.lang.Thread.run(Thread.java:750)
"Datanode ReportManager Thread - 4" daemon prio=5 tid=312 in Object.wait()
java.lang.Thread.State: WAITING (on object monitor)
        at sun.misc.Unsafe.park(Native Method)
        at java.util.concurrent.locks.LockSupport.park(LockSupport.java:175)
        at java.util.concurrent.locks.AbstractQueuedSynchronizer$ConditionObject.await(AbstractQueuedSynchronizer.java:2039)
        at java.util.concurrent.ScheduledThreadPoolExecutor$DelayedWorkQueue.take(ScheduledThreadPoolExecutor.java:1088)
        at java.util.concurrent.ScheduledThreadPoolExecutor$DelayedWorkQueue.take(ScheduledThreadPoolExecutor.java:809)
        at java.util.concurrent.ThreadPoolExecutor.getTask(ThreadPoolExecutor.java:1074)
        at java.util.concurrent.ThreadPoolExecutor.runWorker(ThreadPoolExecutor.java:1134)
        at java.util.concurrent.ThreadPoolExecutor$Worker.run(ThreadPoolExecutor.java:624)
        at java.lang.Thread.run(Thread.java:750)
"qtp508662500-292" daemon prio=5 tid=292 runnable
java.lang.Thread.State: RUNNABLE
        at sun.nio.ch.EPollArrayWrapper.epollWait(Native Method)
        at sun.nio.ch.EPollArrayWrapper.poll(EPollArrayWrapper.java:269)
        at sun.nio.ch.EPollSelectorImpl.doSelect(EPollSelectorImpl.java:93)
        at sun.nio.ch.SelectorImpl.lockAndDoSelect(SelectorImpl.java:86)
        at sun.nio.ch.SelectorImpl.select(SelectorImpl.java:97)
        at sun.nio.ch.SelectorImpl.select(SelectorImpl.java:101)
        at org.eclipse.jetty.io.ManagedSelector.nioSelect(ManagedSelector.java:183)
        at org.eclipse.jetty.io.ManagedSelector.select(ManagedSelector.java:190)
        at org.eclipse.jetty.io.ManagedSelector$SelectorProducer.select(ManagedSelector.java:606)
        at org.eclipse.jetty.io.ManagedSelector$SelectorProducer.produce(ManagedSelector.java:543)
        at org.eclipse.jetty.util.thread.strategy.EatWhatYouKill.produceTask(EatWhatYouKill.java:362)
        at org.eclipse.jetty.util.thread.strategy.EatWhatYouKill.doProduce(EatWhatYouKill.java:186)
        at org.eclipse.jetty.util.thread.strategy.EatWhatYouKill.tryProduce(EatWhatYouKill.java:173)
        at org.eclipse.jetty.util.thread.strategy.EatWhatYouKill.produce(EatWhatYouKill.java:137)
        at org.eclipse.jetty.io.ManagedSelector$$Lambda$406/113042195.run(Unknown Source)
        at org.eclipse.jetty.util.thread.QueuedThreadPool.runJob(QueuedThreadPool.java:883)
        at org.eclipse.jetty.util.thread.QueuedThreadPool$Runner.run(QueuedThreadPool.java:1034)
        at java.lang.Thread.run(Thread.java:750)
"JvmPauseMonitor2" daemon prio=5 tid=384 timed_waiting
java.lang.Thread.State: TIMED_WAITING
        at java.lang.Thread.sleep(Native Method)
        at java.lang.Thread.sleep(Thread.java:342)
        at java.util.concurrent.TimeUnit.sleep(TimeUnit.java:386)
        at org.apache.ratis.util.TimeDuration.sleep(TimeDuration.java:325)
        at org.apache.ratis.util.TimeDuration.sleep(TimeDuration.java:310)
        at org.apache.ratis.util.JvmPauseMonitor.detectPause(JvmPauseMonitor.java:117)
        at org.apache.ratis.util.JvmPauseMonitor.run(JvmPauseMonitor.java:106)
        at org.apache.ratis.util.JvmPauseMonitor$$Lambda$540/1204910476.run(Unknown Source)
        at java.lang.Thread.run(Thread.java:750)
"PipelineCommandHandlerThread-0"  prio=5 tid=813 in Object.wait()
java.lang.Thread.State: WAITING (on object monitor)
        at sun.misc.Unsafe.park(Native Method)
        at java.util.concurrent.locks.LockSupport.park(LockSupport.java:175)
        at java.util.concurrent.locks.AbstractQueuedSynchronizer$ConditionObject.await(AbstractQueuedSynchronizer.java:2039)
        at java.util.concurrent.LinkedBlockingQueue.take(LinkedBlockingQueue.java:442)
        at java.util.concurrent.ThreadPoolExecutor.getTask(ThreadPoolExecutor.java:1074)
        at java.util.concurrent.ThreadPoolExecutor.runWorker(ThreadPoolExecutor.java:1134)
        at java.util.concurrent.ThreadPoolExecutor$Worker.run(ThreadPoolExecutor.java:624)
        at java.lang.Thread.run(Thread.java:750)
"9fc007ee-6328-4e66-a7f4-dfd370a25fec-DataStreamManagement-request--thread2"  prio=5 tid=1382 in Object.wait()
java.lang.Thread.State: WAITING (on object monitor)
        at sun.misc.Unsafe.park(Native Method)
        at java.util.concurrent.locks.LockSupport.park(LockSupport.java:175)
        at java.util.concurrent.locks.AbstractQueuedSynchronizer$ConditionObject.await(AbstractQueuedSynchronizer.java:2039)
        at java.util.concurrent.LinkedBlockingQueue.take(LinkedBlockingQueue.java:442)
        at java.util.concurrent.ThreadPoolExecutor.getTask(ThreadPoolExecutor.java:1074)
        at java.util.concurrent.ThreadPoolExecutor.runWorker(ThreadPoolExecutor.java:1134)
        at java.util.concurrent.ThreadPoolExecutor$Worker.run(ThreadPoolExecutor.java:624)
        at java.lang.Thread.run(Thread.java:750)
"ChunkReader-1" daemon prio=5 tid=1265 in Object.wait()
java.lang.Thread.State: WAITING (on object monitor)
        at sun.misc.Unsafe.park(Native Method)
        at java.util.concurrent.locks.LockSupport.park(LockSupport.java:175)
        at java.util.concurrent.locks.AbstractQueuedSynchronizer$ConditionObject.await(AbstractQueuedSynchronizer.java:2039)
        at java.util.concurrent.LinkedBlockingQueue.take(LinkedBlockingQueue.java:442)
        at java.util.concurrent.ThreadPoolExecutor.getTask(ThreadPoolExecutor.java:1074)
        at java.util.concurrent.ThreadPoolExecutor.runWorker(ThreadPoolExecutor.java:1134)
        at java.util.concurrent.ThreadPoolExecutor$Worker.run(ThreadPoolExecutor.java:624)
        at java.lang.Thread.run(Thread.java:750)
"StaleRecoveringContainerScrubbingService#3" daemon prio=5 tid=1643 in Object.wait()
java.lang.Thread.State: WAITING (on object monitor)
        at sun.misc.Unsafe.park(Native Method)
        at java.util.concurrent.locks.LockSupport.park(LockSupport.java:175)
        at java.util.concurrent.locks.AbstractQueuedSynchronizer$ConditionObject.await(AbstractQueuedSynchronizer.java:2039)
        at java.util.concurrent.ScheduledThreadPoolExecutor$DelayedWorkQueue.take(ScheduledThreadPoolExecutor.java:1088)
        at java.util.concurrent.ScheduledThreadPoolExecutor$DelayedWorkQueue.take(ScheduledThreadPoolExecutor.java:809)
        at java.util.concurrent.ThreadPoolExecutor.getTask(ThreadPoolExecutor.java:1074)
        at java.util.concurrent.ThreadPoolExecutor.runWorker(ThreadPoolExecutor.java:1134)
        at java.util.concurrent.ThreadPoolExecutor$Worker.run(ThreadPoolExecutor.java:624)
        at java.lang.Thread.run(Thread.java:750)
"Datanode ReportManager Thread - 1" daemon prio=5 tid=372 timed_waiting
java.lang.Thread.State: TIMED_WAITING
        at sun.misc.Unsafe.park(Native Method)
        at java.util.concurrent.locks.LockSupport.parkNanos(LockSupport.java:215)
        at java.util.concurrent.locks.AbstractQueuedSynchronizer$ConditionObject.awaitNanos(AbstractQueuedSynchronizer.java:2078)
        at java.util.concurrent.ScheduledThreadPoolExecutor$DelayedWorkQueue.take(ScheduledThreadPoolExecutor.java:1093)
        at java.util.concurrent.ScheduledThreadPoolExecutor$DelayedWorkQueue.take(ScheduledThreadPoolExecutor.java:809)
        at java.util.concurrent.ThreadPoolExecutor.getTask(ThreadPoolExecutor.java:1074)
        at java.util.concurrent.ThreadPoolExecutor.runWorker(ThreadPoolExecutor.java:1134)
        at java.util.concurrent.ThreadPoolExecutor$Worker.run(ThreadPoolExecutor.java:624)
        at java.lang.Thread.run(Thread.java:750)
"6f9d3266-b874-4586-a718-9027df6ff647-DataStreamManagement-request--thread5"  prio=5 tid=1110 in Object.wait()
java.lang.Thread.State: WAITING (on object monitor)
        at sun.misc.Unsafe.park(Native Method)
        at java.util.concurrent.locks.LockSupport.park(LockSupport.java:175)
        at java.util.concurrent.locks.AbstractQueuedSynchronizer$ConditionObject.await(AbstractQueuedSynchronizer.java:2039)
        at java.util.concurrent.LinkedBlockingQueue.take(LinkedBlockingQueue.java:442)
        at java.util.concurrent.ThreadPoolExecutor.getTask(ThreadPoolExecutor.java:1074)
        at java.util.concurrent.ThreadPoolExecutor.runWorker(ThreadPoolExecutor.java:1134)
        at java.util.concurrent.ThreadPoolExecutor$Worker.run(ThreadPoolExecutor.java:624)
        at java.lang.Thread.run(Thread.java:750)
"FixedThreadPoolWithAffinityExecutor-8-0" daemon prio=5 tid=64 timed_waiting
java.lang.Thread.State: TIMED_WAITING
        at sun.misc.Unsafe.park(Native Method)
        at java.util.concurrent.locks.LockSupport.parkNanos(LockSupport.java:215)
        at java.util.concurrent.locks.AbstractQueuedSynchronizer$ConditionObject.awaitNanos(AbstractQueuedSynchronizer.java:2078)
        at java.util.concurrent.LinkedBlockingQueue.poll(LinkedBlockingQueue.java:467)
        at org.apache.hadoop.hdds.scm.server.ContainerReportQueue.poll(ContainerReportQueue.java:266)
        at org.apache.hadoop.hdds.scm.server.ContainerReportQueue.poll(ContainerReportQueue.java:42)
        at org.apache.hadoop.hdds.server.events.FixedThreadPoolWithAffinityExecutor$ContainerReportProcessTask.run(FixedThreadPoolWithAffinityExecutor.java:247)
        at java.util.concurrent.Executors$RunnableAdapter.call(Executors.java:511)
        at java.util.concurrent.FutureTask.run(FutureTask.java:266)
        at java.util.concurrent.ThreadPoolExecutor.runWorker(ThreadPoolExecutor.java:1149)
        at java.util.concurrent.ThreadPoolExecutor$Worker.run(ThreadPoolExecutor.java:624)
        at java.lang.Thread.run(Thread.java:750)
"qtp1249457989-441" daemon prio=5 tid=441 runnable
java.lang.Thread.State: RUNNABLE
        at sun.nio.ch.EPollArrayWrapper.epollWait(Native Method)
        at sun.nio.ch.EPollArrayWrapper.poll(EPollArrayWrapper.java:269)
        at sun.nio.ch.EPollSelectorImpl.doSelect(EPollSelectorImpl.java:93)
        at sun.nio.ch.SelectorImpl.lockAndDoSelect(SelectorImpl.java:86)
        at sun.nio.ch.SelectorImpl.select(SelectorImpl.java:97)
        at sun.nio.ch.SelectorImpl.select(SelectorImpl.java:101)
        at org.eclipse.jetty.io.ManagedSelector.nioSelect(ManagedSelector.java:183)
        at org.eclipse.jetty.io.ManagedSelector.select(ManagedSelector.java:190)
        at org.eclipse.jetty.io.ManagedSelector$SelectorProducer.select(ManagedSelector.java:606)
        at org.eclipse.jetty.io.ManagedSelector$SelectorProducer.produce(ManagedSelector.java:543)
        at org.eclipse.jetty.util.thread.strategy.EatWhatYouKill.produceTask(EatWhatYouKill.java:362)
        at org.eclipse.jetty.util.thread.strategy.EatWhatYouKill.doProduce(EatWhatYouKill.java:186)
        at org.eclipse.jetty.util.thread.strategy.EatWhatYouKill.tryProduce(EatWhatYouKill.java:173)
        at org.eclipse.jetty.util.thread.strategy.EatWhatYouKill.produce(EatWhatYouKill.java:137)
        at org.eclipse.jetty.io.ManagedSelector$$Lambda$406/113042195.run(Unknown Source)
        at org.eclipse.jetty.util.thread.QueuedThreadPool.runJob(QueuedThreadPool.java:883)
        at org.eclipse.jetty.util.thread.QueuedThreadPool$Runner.run(QueuedThreadPool.java:1034)
        at java.lang.Thread.run(Thread.java:750)
"ChunkReader-2" daemon prio=5 tid=1266 in Object.wait()
java.lang.Thread.State: WAITING (on object monitor)
        at sun.misc.Unsafe.park(Native Method)
        at java.util.concurrent.locks.LockSupport.park(LockSupport.java:175)
        at java.util.concurrent.locks.AbstractQueuedSynchronizer$ConditionObject.await(AbstractQueuedSynchronizer.java:2039)
        at java.util.concurrent.LinkedBlockingQueue.take(LinkedBlockingQueue.java:442)
        at java.util.concurrent.ThreadPoolExecutor.getTask(ThreadPoolExecutor.java:1074)
        at java.util.concurrent.ThreadPoolExecutor.runWorker(ThreadPoolExecutor.java:1134)
        at java.util.concurrent.ThreadPoolExecutor$Worker.run(ThreadPoolExecutor.java:624)
        at java.lang.Thread.run(Thread.java:750)
"BlockDeletingService#0" daemon prio=5 tid=602 timed_waiting
java.lang.Thread.State: TIMED_WAITING
        at sun.misc.Unsafe.park(Native Method)
        at java.util.concurrent.locks.LockSupport.parkNanos(LockSupport.java:215)
        at java.util.concurrent.locks.AbstractQueuedSynchronizer$ConditionObject.awaitNanos(AbstractQueuedSynchronizer.java:2078)
        at java.util.concurrent.ScheduledThreadPoolExecutor$DelayedWorkQueue.take(ScheduledThreadPoolExecutor.java:1093)
        at java.util.concurrent.ScheduledThreadPoolExecutor$DelayedWorkQueue.take(ScheduledThreadPoolExecutor.java:809)
        at java.util.concurrent.ThreadPoolExecutor.getTask(ThreadPoolExecutor.java:1074)
        at java.util.concurrent.ThreadPoolExecutor.runWorker(ThreadPoolExecutor.java:1134)
        at java.util.concurrent.ThreadPoolExecutor$Worker.run(ThreadPoolExecutor.java:624)
        at java.lang.Thread.run(Thread.java:750)
"Hadoop-Metrics-Updater-0" daemon prio=5 tid=45 timed_waiting
java.lang.Thread.State: TIMED_WAITING
        at sun.misc.Unsafe.park(Native Method)
        at java.util.concurrent.locks.LockSupport.parkNanos(LockSupport.java:215)
        at java.util.concurrent.locks.AbstractQueuedSynchronizer$ConditionObject.awaitNanos(AbstractQueuedSynchronizer.java:2078)
        at java.util.concurrent.ScheduledThreadPoolExecutor$DelayedWorkQueue.take(ScheduledThreadPoolExecutor.java:1093)
        at java.util.concurrent.ScheduledThreadPoolExecutor$DelayedWorkQueue.take(ScheduledThreadPoolExecutor.java:809)
        at java.util.concurrent.ThreadPoolExecutor.getTask(ThreadPoolExecutor.java:1074)
        at java.util.concurrent.ThreadPoolExecutor.runWorker(ThreadPoolExecutor.java:1134)
        at java.util.concurrent.ThreadPoolExecutor$Worker.run(ThreadPoolExecutor.java:624)
        at java.lang.Thread.run(Thread.java:750)
"ChunkReader-8" daemon prio=5 tid=1099 in Object.wait()
java.lang.Thread.State: WAITING (on object monitor)
        at sun.misc.Unsafe.park(Native Method)
        at java.util.concurrent.locks.LockSupport.park(LockSupport.java:175)
        at java.util.concurrent.locks.AbstractQueuedSynchronizer$ConditionObject.await(AbstractQueuedSynchronizer.java:2039)
        at java.util.concurrent.LinkedBlockingQueue.take(LinkedBlockingQueue.java:442)
        at java.util.concurrent.ThreadPoolExecutor.getTask(ThreadPoolExecutor.java:1074)
        at java.util.concurrent.ThreadPoolExecutor.runWorker(ThreadPoolExecutor.java:1134)
        at java.util.concurrent.ThreadPoolExecutor$Worker.run(ThreadPoolExecutor.java:624)
        at java.lang.Thread.run(Thread.java:750)
"Datanode ReportManager Thread - 4" daemon prio=5 tid=225 in Object.wait()
java.lang.Thread.State: WAITING (on object monitor)
        at sun.misc.Unsafe.park(Native Method)
        at java.util.concurrent.locks.LockSupport.park(LockSupport.java:175)
        at java.util.concurrent.locks.AbstractQueuedSynchronizer$ConditionObject.await(AbstractQueuedSynchronizer.java:2039)
        at java.util.concurrent.ScheduledThreadPoolExecutor$DelayedWorkQueue.take(ScheduledThreadPoolExecutor.java:1088)
        at java.util.concurrent.ScheduledThreadPoolExecutor$DelayedWorkQueue.take(ScheduledThreadPoolExecutor.java:809)
        at java.util.concurrent.ThreadPoolExecutor.getTask(ThreadPoolExecutor.java:1074)
        at java.util.concurrent.ThreadPoolExecutor.runWorker(ThreadPoolExecutor.java:1134)
        at java.util.concurrent.ThreadPoolExecutor$Worker.run(ThreadPoolExecutor.java:624)
        at java.lang.Thread.run(Thread.java:750)
"ContainerOp-2755eb04-fdd9-4243-a794-7fd84471ba85-8"  prio=5 tid=1443 in Object.wait()
java.lang.Thread.State: WAITING (on object monitor)
        at sun.misc.Unsafe.park(Native Method)
        at java.util.concurrent.locks.LockSupport.park(LockSupport.java:175)
        at java.util.concurrent.locks.AbstractQueuedSynchronizer$ConditionObject.await(AbstractQueuedSynchronizer.java:2039)
        at java.util.concurrent.LinkedBlockingQueue.take(LinkedBlockingQueue.java:442)
        at java.util.concurrent.ThreadPoolExecutor.getTask(ThreadPoolExecutor.java:1074)
        at java.util.concurrent.ThreadPoolExecutor.runWorker(ThreadPoolExecutor.java:1134)
        at java.util.concurrent.ThreadPoolExecutor$Worker.run(ThreadPoolExecutor.java:624)
        at java.lang.Thread.run(Thread.java:750)
"ChunkWriter-2-0" daemon prio=5 tid=613 in Object.wait()
java.lang.Thread.State: WAITING (on object monitor)
        at sun.misc.Unsafe.park(Native Method)
        at java.util.concurrent.locks.LockSupport.park(LockSupport.java:175)
        at java.util.concurrent.locks.AbstractQueuedSynchronizer$ConditionObject.await(AbstractQueuedSynchronizer.java:2039)
        at java.util.concurrent.LinkedBlockingDeque.takeFirst(LinkedBlockingDeque.java:492)
        at java.util.concurrent.LinkedBlockingDeque.take(LinkedBlockingDeque.java:680)
        at java.util.concurrent.ThreadPoolExecutor.getTask(ThreadPoolExecutor.java:1074)
        at java.util.concurrent.ThreadPoolExecutor.runWorker(ThreadPoolExecutor.java:1134)
        at java.util.concurrent.ThreadPoolExecutor$Worker.run(ThreadPoolExecutor.java:624)
        at java.lang.Thread.run(Thread.java:750)
"6f9d3266-b874-4586-a718-9027df6ff647@group-7FD84471BA85-StateMachineUpdater" daemon prio=5 tid=735 timed_waiting
java.lang.Thread.State: TIMED_WAITING
        at sun.misc.Unsafe.park(Native Method)
        at java.util.concurrent.locks.LockSupport.parkNanos(LockSupport.java:215)
        at java.util.concurrent.locks.AbstractQueuedSynchronizer$ConditionObject.await(AbstractQueuedSynchronizer.java:2163)
        at org.apache.ratis.util.AwaitForSignal.await(AwaitForSignal.java:62)
        at org.apache.ratis.server.impl.StateMachineUpdater.waitForCommit(StateMachineUpdater.java:209)
        at org.apache.ratis.server.impl.StateMachineUpdater.run(StateMachineUpdater.java:178)
        at java.lang.Thread.run(Thread.java:750)
"Command processor thread" daemon prio=5 tid=477 timed_waiting
java.lang.Thread.State: TIMED_WAITING
        at java.lang.Thread.sleep(Native Method)
        at org.apache.hadoop.ozone.container.common.statemachine.DatanodeStateMachine.lambda$initCommandHandlerThread$3(DatanodeStateMachine.java:667)
        at org.apache.hadoop.ozone.container.common.statemachine.DatanodeStateMachine$$Lambda$1043/1121353957.run(Unknown Source)
        at java.lang.Thread.run(Thread.java:750)
"org.apache.hadoop.crypto.key.kms.ValueQueue_thread" daemon prio=5 tid=1009 in Object.wait()
java.lang.Thread.State: WAITING (on object monitor)
        at sun.misc.Unsafe.park(Native Method)
        at java.util.concurrent.locks.LockSupport.park(LockSupport.java:175)
        at java.util.concurrent.locks.AbstractQueuedSynchronizer$ConditionObject.await(AbstractQueuedSynchronizer.java:2039)
        at java.util.concurrent.LinkedBlockingQueue.take(LinkedBlockingQueue.java:442)
        at org.apache.hadoop.crypto.key.kms.ValueQueue$UniqueKeyBlockingQueue.take(ValueQueue.java:169)
        at org.apache.hadoop.crypto.key.kms.ValueQueue$UniqueKeyBlockingQueue.take(ValueQueue.java:153)
        at java.util.concurrent.ThreadPoolExecutor.getTask(ThreadPoolExecutor.java:1074)
        at java.util.concurrent.ThreadPoolExecutor.runWorker(ThreadPoolExecutor.java:1134)
        at java.util.concurrent.ThreadPoolExecutor$Worker.run(ThreadPoolExecutor.java:624)
        at java.lang.Thread.run(Thread.java:750)
"ChunkReader-6" daemon prio=5 tid=1356 in Object.wait()
java.lang.Thread.State: WAITING (on object monitor)
        at sun.misc.Unsafe.park(Native Method)
        at java.util.concurrent.locks.LockSupport.park(LockSupport.java:175)
        at java.util.concurrent.locks.AbstractQueuedSynchronizer$ConditionObject.await(AbstractQueuedSynchronizer.java:2039)
        at java.util.concurrent.LinkedBlockingQueue.take(LinkedBlockingQueue.java:442)
        at java.util.concurrent.ThreadPoolExecutor.getTask(ThreadPoolExecutor.java:1074)
        at java.util.concurrent.ThreadPoolExecutor.runWorker(ThreadPoolExecutor.java:1134)
        at java.util.concurrent.ThreadPoolExecutor$Worker.run(ThreadPoolExecutor.java:624)
        at java.lang.Thread.run(Thread.java:750)
"Hadoop-Metrics-Updater-0" daemon prio=5 tid=154 timed_waiting
java.lang.Thread.State: TIMED_WAITING
        at sun.misc.Unsafe.park(Native Method)
        at java.util.concurrent.locks.LockSupport.parkNanos(LockSupport.java:215)
        at java.util.concurrent.locks.AbstractQueuedSynchronizer$ConditionObject.awaitNanos(AbstractQueuedSynchronizer.java:2078)
        at java.util.concurrent.ScheduledThreadPoolExecutor$DelayedWorkQueue.take(ScheduledThreadPoolExecutor.java:1093)
        at java.util.concurrent.ScheduledThreadPoolExecutor$DelayedWorkQueue.take(ScheduledThreadPoolExecutor.java:809)
        at java.util.concurrent.ThreadPoolExecutor.getTask(ThreadPoolExecutor.java:1074)
        at java.util.concurrent.ThreadPoolExecutor.runWorker(ThreadPoolExecutor.java:1134)
        at java.util.concurrent.ThreadPoolExecutor$Worker.run(ThreadPoolExecutor.java:624)
        at java.lang.Thread.run(Thread.java:750)
"qtp1249457989-448" daemon prio=5 tid=448 timed_waiting
java.lang.Thread.State: TIMED_WAITING
        at sun.misc.Unsafe.park(Native Method)
        at java.util.concurrent.locks.LockSupport.parkNanos(LockSupport.java:215)
        at java.util.concurrent.locks.AbstractQueuedSynchronizer$ConditionObject.awaitNanos(AbstractQueuedSynchronizer.java:2078)
        at org.eclipse.jetty.util.BlockingArrayQueue.poll(BlockingArrayQueue.java:382)
        at org.eclipse.jetty.util.thread.QueuedThreadPool$Runner.idleJobPoll(QueuedThreadPool.java:974)
        at org.eclipse.jetty.util.thread.QueuedThreadPool$Runner.run(QueuedThreadPool.java:1018)
        at java.lang.Thread.run(Thread.java:750)
"ChunkWriter-0-0" daemon prio=5 tid=380 in Object.wait()
java.lang.Thread.State: WAITING (on object monitor)
        at sun.misc.Unsafe.park(Native Method)
        at java.util.concurrent.locks.LockSupport.park(LockSupport.java:175)
        at java.util.concurrent.locks.AbstractQueuedSynchronizer$ConditionObject.await(AbstractQueuedSynchronizer.java:2039)
        at java.util.concurrent.LinkedBlockingDeque.takeFirst(LinkedBlockingDeque.java:492)
        at java.util.concurrent.LinkedBlockingDeque.take(LinkedBlockingDeque.java:680)
        at java.util.concurrent.ThreadPoolExecutor.getTask(ThreadPoolExecutor.java:1074)
        at java.util.concurrent.ThreadPoolExecutor.runWorker(ThreadPoolExecutor.java:1134)
        at java.util.concurrent.ThreadPoolExecutor$Worker.run(ThreadPoolExecutor.java:624)
        at java.lang.Thread.run(Thread.java:750)
"IPC Server handler 3 on default port 15001" daemon prio=5 tid=89 timed_waiting
java.lang.Thread.State: TIMED_WAITING
        at sun.misc.Unsafe.park(Native Method)
        at java.util.concurrent.locks.LockSupport.parkNanos(LockSupport.java:215)
        at java.util.concurrent.locks.AbstractQueuedSynchronizer$ConditionObject.awaitNanos(AbstractQueuedSynchronizer.java:2078)
        at java.util.concurrent.LinkedBlockingQueue.poll(LinkedBlockingQueue.java:467)
        at org.apache.hadoop.ipc.CallQueueManager.take(CallQueueManager.java:317)
        at org.apache.hadoop.ipc.Server$Handler.run(Server.java:3014)
"f6fa4039-8fe9-46ca-92f5-bb04d02dc273@group-52482A170BD1-SegmentedRaftLogWorker"  prio=5 tid=855 timed_waiting
java.lang.Thread.State: TIMED_WAITING
        at sun.misc.Unsafe.park(Native Method)
        at java.util.concurrent.locks.LockSupport.parkNanos(LockSupport.java:215)
        at java.util.concurrent.locks.AbstractQueuedSynchronizer$ConditionObject.awaitNanos(AbstractQueuedSynchronizer.java:2078)
        at org.apache.ratis.util.DataBlockingQueue.poll(DataBlockingQueue.java:148)
        at org.apache.ratis.server.raftlog.segmented.SegmentedRaftLogWorker.run(SegmentedRaftLogWorker.java:307)
        at org.apache.ratis.server.raftlog.segmented.SegmentedRaftLogWorker$$Lambda$841/2058580550.run(Unknown Source)
        at java.util.concurrent.Executors$RunnableAdapter.call(Executors.java:511)
        at java.util.concurrent.FutureTask.run(FutureTask.java:266)
        at java.util.concurrent.ThreadPoolExecutor.runWorker(ThreadPoolExecutor.java:1149)
        at java.util.concurrent.ThreadPoolExecutor$Worker.run(ThreadPoolExecutor.java:624)
        at java.lang.Thread.run(Thread.java:750)
"IPC Server handler 14 on default port 15004" daemon prio=5 tid=191 timed_waiting
java.lang.Thread.State: TIMED_WAITING
        at sun.misc.Unsafe.park(Native Method)
        at java.util.concurrent.locks.LockSupport.parkNanos(LockSupport.java:215)
        at java.util.concurrent.locks.AbstractQueuedSynchronizer$ConditionObject.awaitNanos(AbstractQueuedSynchronizer.java:2078)
        at java.util.concurrent.LinkedBlockingQueue.poll(LinkedBlockingQueue.java:467)
        at org.apache.hadoop.ipc.CallQueueManager.take(CallQueueManager.java:317)
        at org.apache.hadoop.ipc.Server$Handler.run(Server.java:3014)
"ChunkReader-3" daemon prio=5 tid=1257 in Object.wait()
java.lang.Thread.State: WAITING (on object monitor)
        at sun.misc.Unsafe.park(Native Method)
        at java.util.concurrent.locks.LockSupport.park(LockSupport.java:175)
        at java.util.concurrent.locks.AbstractQueuedSynchronizer$ConditionObject.await(AbstractQueuedSynchronizer.java:2039)
        at java.util.concurrent.LinkedBlockingQueue.take(LinkedBlockingQueue.java:442)
        at java.util.concurrent.ThreadPoolExecutor.getTask(ThreadPoolExecutor.java:1074)
        at java.util.concurrent.ThreadPoolExecutor.runWorker(ThreadPoolExecutor.java:1134)
        at java.util.concurrent.ThreadPoolExecutor$Worker.run(ThreadPoolExecutor.java:624)
        at java.lang.Thread.run(Thread.java:750)
"Datanode State Machine Daemon Thread" daemon prio=5 tid=278 timed_waiting
java.lang.Thread.State: TIMED_WAITING
        at java.lang.Thread.sleep(Native Method)
        at org.apache.hadoop.ozone.container.common.statemachine.DatanodeStateMachine.startStateMachineThread(DatanodeStateMachine.java:353)
        at org.apache.hadoop.ozone.container.common.statemachine.DatanodeStateMachine.lambda$startDaemon$0(DatanodeStateMachine.java:540)
        at org.apache.hadoop.ozone.container.common.statemachine.DatanodeStateMachine$$Lambda$1041/1491309043.run(Unknown Source)
        at java.lang.Thread.run(Thread.java:750)
"FixedThreadPoolWithAffinityExecutor-9-0" daemon prio=5 tid=65 timed_waiting
java.lang.Thread.State: TIMED_WAITING
        at sun.misc.Unsafe.park(Native Method)
        at java.util.concurrent.locks.LockSupport.parkNanos(LockSupport.java:215)
        at java.util.concurrent.locks.AbstractQueuedSynchronizer$ConditionObject.awaitNanos(AbstractQueuedSynchronizer.java:2078)
        at java.util.concurrent.LinkedBlockingQueue.poll(LinkedBlockingQueue.java:467)
        at org.apache.hadoop.hdds.scm.server.ContainerReportQueue.poll(ContainerReportQueue.java:266)
        at org.apache.hadoop.hdds.scm.server.ContainerReportQueue.poll(ContainerReportQueue.java:42)
        at org.apache.hadoop.hdds.server.events.FixedThreadPoolWithAffinityExecutor$ContainerReportProcessTask.run(FixedThreadPoolWithAffinityExecutor.java:247)
        at java.util.concurrent.Executors$RunnableAdapter.call(Executors.java:511)
        at java.util.concurrent.FutureTask.run(FutureTask.java:266)
        at java.util.concurrent.ThreadPoolExecutor.runWorker(ThreadPoolExecutor.java:1149)
        at java.util.concurrent.ThreadPoolExecutor$Worker.run(ThreadPoolExecutor.java:624)
        at java.lang.Thread.run(Thread.java:750)
"ContainerOp-761249f9-8bb6-41bf-974d-4398accf5932-7"  prio=5 tid=1189 in Object.wait()
java.lang.Thread.State: WAITING (on object monitor)
        at sun.misc.Unsafe.park(Native Method)
        at java.util.concurrent.locks.LockSupport.park(LockSupport.java:175)
        at java.util.concurrent.locks.AbstractQueuedSynchronizer$ConditionObject.await(AbstractQueuedSynchronizer.java:2039)
        at java.util.concurrent.LinkedBlockingQueue.take(LinkedBlockingQueue.java:442)
        at java.util.concurrent.ThreadPoolExecutor.getTask(ThreadPoolExecutor.java:1074)
        at java.util.concurrent.ThreadPoolExecutor.runWorker(ThreadPoolExecutor.java:1134)
        at java.util.concurrent.ThreadPoolExecutor$Worker.run(ThreadPoolExecutor.java:624)
        at java.lang.Thread.run(Thread.java:750)
"ContainerOp-761249f9-8bb6-41bf-974d-4398accf5932-4"  prio=5 tid=1186 in Object.wait()
java.lang.Thread.State: WAITING (on object monitor)
        at sun.misc.Unsafe.park(Native Method)
        at java.util.concurrent.locks.LockSupport.park(LockSupport.java:175)
        at java.util.concurrent.locks.AbstractQueuedSynchronizer$ConditionObject.await(AbstractQueuedSynchronizer.java:2039)
        at java.util.concurrent.LinkedBlockingQueue.take(LinkedBlockingQueue.java:442)
        at java.util.concurrent.ThreadPoolExecutor.getTask(ThreadPoolExecutor.java:1074)
        at java.util.concurrent.ThreadPoolExecutor.runWorker(ThreadPoolExecutor.java:1134)
        at java.util.concurrent.ThreadPoolExecutor$Worker.run(ThreadPoolExecutor.java:624)
        at java.lang.Thread.run(Thread.java:750)
"9fc007ee-6328-4e66-a7f4-dfd370a25fec@group-8A617CCA13DF-StateMachineUpdater" daemon prio=5 tid=816 timed_waiting
java.lang.Thread.State: TIMED_WAITING
        at sun.misc.Unsafe.park(Native Method)
        at java.util.concurrent.locks.LockSupport.parkNanos(LockSupport.java:215)
        at java.util.concurrent.locks.AbstractQueuedSynchronizer$ConditionObject.await(AbstractQueuedSynchronizer.java:2163)
        at org.apache.ratis.util.AwaitForSignal.await(AwaitForSignal.java:62)
        at org.apache.ratis.server.impl.StateMachineUpdater.waitForCommit(StateMachineUpdater.java:209)
        at org.apache.ratis.server.impl.StateMachineUpdater.run(StateMachineUpdater.java:178)
        at java.lang.Thread.run(Thread.java:750)
"IPC Server handler 10 on default port 15001" daemon prio=5 tid=96 timed_waiting
java.lang.Thread.State: TIMED_WAITING
        at sun.misc.Unsafe.park(Native Method)
        at java.util.concurrent.locks.LockSupport.parkNanos(LockSupport.java:215)
        at java.util.concurrent.locks.AbstractQueuedSynchronizer$ConditionObject.awaitNanos(AbstractQueuedSynchronizer.java:2078)
        at java.util.concurrent.LinkedBlockingQueue.poll(LinkedBlockingQueue.java:467)
        at org.apache.hadoop.ipc.CallQueueManager.take(CallQueueManager.java:317)
        at org.apache.hadoop.ipc.Server$Handler.run(Server.java:3014)
"StaleRecoveringContainerScrubbingService#3" daemon prio=5 tid=1646 in Object.wait()
java.lang.Thread.State: WAITING (on object monitor)
        at sun.misc.Unsafe.park(Native Method)
        at java.util.concurrent.locks.LockSupport.park(LockSupport.java:175)
        at java.util.concurrent.locks.AbstractQueuedSynchronizer$ConditionObject.await(AbstractQueuedSynchronizer.java:2039)
        at java.util.concurrent.ScheduledThreadPoolExecutor$DelayedWorkQueue.take(ScheduledThreadPoolExecutor.java:1088)
        at java.util.concurrent.ScheduledThreadPoolExecutor$DelayedWorkQueue.take(ScheduledThreadPoolExecutor.java:809)
        at java.util.concurrent.ThreadPoolExecutor.getTask(ThreadPoolExecutor.java:1074)
        at java.util.concurrent.ThreadPoolExecutor.runWorker(ThreadPoolExecutor.java:1134)
        at java.util.concurrent.ThreadPoolExecutor$Worker.run(ThreadPoolExecutor.java:624)
        at java.lang.Thread.run(Thread.java:750)
"ContainerOp-13838721-bcae-49cb-b2fe-fcf027d0e9d3-6"  prio=5 tid=1222 in Object.wait()
java.lang.Thread.State: WAITING (on object monitor)
        at sun.misc.Unsafe.park(Native Method)
        at java.util.concurrent.locks.LockSupport.park(LockSupport.java:175)
        at java.util.concurrent.locks.AbstractQueuedSynchronizer$ConditionObject.await(AbstractQueuedSynchronizer.java:2039)
        at java.util.concurrent.LinkedBlockingQueue.take(LinkedBlockingQueue.java:442)
        at java.util.concurrent.ThreadPoolExecutor.getTask(ThreadPoolExecutor.java:1074)
        at java.util.concurrent.ThreadPoolExecutor.runWorker(ThreadPoolExecutor.java:1134)
        at java.util.concurrent.ThreadPoolExecutor$Worker.run(ThreadPoolExecutor.java:624)
        at java.lang.Thread.run(Thread.java:750)
"PipelineCommandHandlerThread-0"  prio=5 tid=652 in Object.wait()
java.lang.Thread.State: WAITING (on object monitor)
        at sun.misc.Unsafe.park(Native Method)
        at java.util.concurrent.locks.LockSupport.park(LockSupport.java:175)
        at java.util.concurrent.locks.AbstractQueuedSynchronizer$ConditionObject.await(AbstractQueuedSynchronizer.java:2039)
        at java.util.concurrent.LinkedBlockingQueue.take(LinkedBlockingQueue.java:442)
        at java.util.concurrent.ThreadPoolExecutor.getTask(ThreadPoolExecutor.java:1074)
        at java.util.concurrent.ThreadPoolExecutor.runWorker(ThreadPoolExecutor.java:1134)
        at java.util.concurrent.ThreadPoolExecutor$Worker.run(ThreadPoolExecutor.java:624)
        at java.lang.Thread.run(Thread.java:750)
"IPC Server handler 18 on default port 15000" daemon prio=5 tid=84 timed_waiting
java.lang.Thread.State: TIMED_WAITING
        at sun.misc.Unsafe.park(Native Method)
        at java.util.concurrent.locks.LockSupport.parkNanos(LockSupport.java:215)
        at java.util.concurrent.locks.AbstractQueuedSynchronizer$ConditionObject.awaitNanos(AbstractQueuedSynchronizer.java:2078)
        at java.util.concurrent.LinkedBlockingQueue.poll(LinkedBlockingQueue.java:467)
        at org.apache.hadoop.ipc.CallQueueManager.take(CallQueueManager.java:317)
        at org.apache.hadoop.ipc.Server$Handler.run(Server.java:3014)
"ChunkReader-1" daemon prio=5 tid=1066 in Object.wait()
java.lang.Thread.State: WAITING (on object monitor)
        at sun.misc.Unsafe.park(Native Method)
        at java.util.concurrent.locks.LockSupport.park(LockSupport.java:175)
        at java.util.concurrent.locks.AbstractQueuedSynchronizer$ConditionObject.await(AbstractQueuedSynchronizer.java:2039)
        at java.util.concurrent.LinkedBlockingQueue.take(LinkedBlockingQueue.java:442)
        at java.util.concurrent.ThreadPoolExecutor.getTask(ThreadPoolExecutor.java:1074)
        at java.util.concurrent.ThreadPoolExecutor.runWorker(ThreadPoolExecutor.java:1134)
        at java.util.concurrent.ThreadPoolExecutor$Worker.run(ThreadPoolExecutor.java:624)
        at java.lang.Thread.run(Thread.java:750)
"IPC Server Responder" daemon prio=5 tid=333 runnable
java.lang.Thread.State: RUNNABLE
        at sun.nio.ch.EPollArrayWrapper.epollWait(Native Method)
        at sun.nio.ch.EPollArrayWrapper.poll(EPollArrayWrapper.java:269)
        at sun.nio.ch.EPollSelectorImpl.doSelect(EPollSelectorImpl.java:93)
        at sun.nio.ch.SelectorImpl.lockAndDoSelect(SelectorImpl.java:86)
        at sun.nio.ch.SelectorImpl.select(SelectorImpl.java:97)
        at org.apache.hadoop.ipc.Server$Responder.doRunLoop(Server.java:1582)
        at org.apache.hadoop.ipc.Server$Responder.run(Server.java:1565)
"ChunkReader-2" daemon prio=5 tid=1256 in Object.wait()
java.lang.Thread.State: WAITING (on object monitor)
        at sun.misc.Unsafe.park(Native Method)
        at java.util.concurrent.locks.LockSupport.park(LockSupport.java:175)
        at java.util.concurrent.locks.AbstractQueuedSynchronizer$ConditionObject.await(AbstractQueuedSynchronizer.java:2039)
        at java.util.concurrent.LinkedBlockingQueue.take(LinkedBlockingQueue.java:442)
        at java.util.concurrent.ThreadPoolExecutor.getTask(ThreadPoolExecutor.java:1074)
        at java.util.concurrent.ThreadPoolExecutor.runWorker(ThreadPoolExecutor.java:1134)
        at java.util.concurrent.ThreadPoolExecutor$Worker.run(ThreadPoolExecutor.java:624)
        at java.lang.Thread.run(Thread.java:750)
"StaleRecoveringContainerScrubbingService#3" daemon prio=5 tid=1649 in Object.wait()
java.lang.Thread.State: WAITING (on object monitor)
        at sun.misc.Unsafe.park(Native Method)
        at java.util.concurrent.locks.LockSupport.park(LockSupport.java:175)
        at java.util.concurrent.locks.AbstractQueuedSynchronizer$ConditionObject.await(AbstractQueuedSynchronizer.java:2039)
        at java.util.concurrent.ScheduledThreadPoolExecutor$DelayedWorkQueue.take(ScheduledThreadPoolExecutor.java:1088)
        at java.util.concurrent.ScheduledThreadPoolExecutor$DelayedWorkQueue.take(ScheduledThreadPoolExecutor.java:809)
        at java.util.concurrent.ThreadPoolExecutor.getTask(ThreadPoolExecutor.java:1074)
        at java.util.concurrent.ThreadPoolExecutor.runWorker(ThreadPoolExecutor.java:1134)
        at java.util.concurrent.ThreadPoolExecutor$Worker.run(ThreadPoolExecutor.java:624)
        at java.lang.Thread.run(Thread.java:750)
"Periodic HDDS volume checker" daemon prio=5 tid=639 timed_waiting
java.lang.Thread.State: TIMED_WAITING
        at sun.misc.Unsafe.park(Native Method)
        at java.util.concurrent.locks.LockSupport.parkNanos(LockSupport.java:215)
        at java.util.concurrent.locks.AbstractQueuedSynchronizer$ConditionObject.awaitNanos(AbstractQueuedSynchronizer.java:2078)
        at java.util.concurrent.ScheduledThreadPoolExecutor$DelayedWorkQueue.take(ScheduledThreadPoolExecutor.java:1093)
        at java.util.concurrent.ScheduledThreadPoolExecutor$DelayedWorkQueue.take(ScheduledThreadPoolExecutor.java:809)
        at java.util.concurrent.ThreadPoolExecutor.getTask(ThreadPoolExecutor.java:1074)
        at java.util.concurrent.ThreadPoolExecutor.runWorker(ThreadPoolExecutor.java:1134)
        at java.util.concurrent.ThreadPoolExecutor$Worker.run(ThreadPoolExecutor.java:624)
        at java.lang.Thread.run(Thread.java:750)
"qtp188592776-400" daemon prio=5 tid=400 timed_waiting
java.lang.Thread.State: TIMED_WAITING
        at sun.misc.Unsafe.park(Native Method)
        at java.util.concurrent.locks.LockSupport.parkNanos(LockSupport.java:215)
        at java.util.concurrent.locks.AbstractQueuedSynchronizer$ConditionObject.awaitNanos(AbstractQueuedSynchronizer.java:2078)
        at org.eclipse.jetty.util.BlockingArrayQueue.poll(BlockingArrayQueue.java:382)
        at org.eclipse.jetty.util.thread.QueuedThreadPool$Runner.idleJobPoll(QueuedThreadPool.java:974)
        at org.eclipse.jetty.util.thread.QueuedThreadPool$Runner.run(QueuedThreadPool.java:1018)
        at java.lang.Thread.run(Thread.java:750)
"pool-144-thread-1"  prio=5 tid=262 timed_waiting
java.lang.Thread.State: TIMED_WAITING
        at sun.misc.Unsafe.park(Native Method)
        at java.util.concurrent.locks.LockSupport.parkNanos(LockSupport.java:215)
        at java.util.concurrent.locks.AbstractQueuedSynchronizer$ConditionObject.awaitNanos(AbstractQueuedSynchronizer.java:2078)
        at java.util.concurrent.ScheduledThreadPoolExecutor$DelayedWorkQueue.take(ScheduledThreadPoolExecutor.java:1093)
        at java.util.concurrent.ScheduledThreadPoolExecutor$DelayedWorkQueue.take(ScheduledThreadPoolExecutor.java:809)
        at java.util.concurrent.ThreadPoolExecutor.getTask(ThreadPoolExecutor.java:1074)
        at java.util.concurrent.ThreadPoolExecutor.runWorker(ThreadPoolExecutor.java:1134)
        at java.util.concurrent.ThreadPoolExecutor$Worker.run(ThreadPoolExecutor.java:624)
        at java.lang.Thread.run(Thread.java:750)
"BlockDeletingService#0" daemon prio=5 tid=617 timed_waiting
java.lang.Thread.State: TIMED_WAITING
        at sun.misc.Unsafe.park(Native Method)
        at java.util.concurrent.locks.LockSupport.parkNanos(LockSupport.java:215)
        at java.util.concurrent.locks.AbstractQueuedSynchronizer$ConditionObject.awaitNanos(AbstractQueuedSynchronizer.java:2078)
        at java.util.concurrent.ScheduledThreadPoolExecutor$DelayedWorkQueue.take(ScheduledThreadPoolExecutor.java:1093)
        at java.util.concurrent.ScheduledThreadPoolExecutor$DelayedWorkQueue.take(ScheduledThreadPoolExecutor.java:809)
        at java.util.concurrent.ThreadPoolExecutor.getTask(ThreadPoolExecutor.java:1074)
        at java.util.concurrent.ThreadPoolExecutor.runWorker(ThreadPoolExecutor.java:1134)
        at java.util.concurrent.ThreadPoolExecutor$Worker.run(ThreadPoolExecutor.java:624)
        at java.lang.Thread.run(Thread.java:750)
"FixedThreadPoolWithAffinityExecutor-1-0" daemon prio=5 tid=57 timed_waiting
java.lang.Thread.State: TIMED_WAITING
        at sun.misc.Unsafe.park(Native Method)
        at java.util.concurrent.locks.LockSupport.parkNanos(LockSupport.java:215)
        at java.util.concurrent.locks.AbstractQueuedSynchronizer$ConditionObject.awaitNanos(AbstractQueuedSynchronizer.java:2078)
        at java.util.concurrent.LinkedBlockingQueue.poll(LinkedBlockingQueue.java:467)
        at org.apache.hadoop.hdds.scm.server.ContainerReportQueue.poll(ContainerReportQueue.java:266)
        at org.apache.hadoop.hdds.scm.server.ContainerReportQueue.poll(ContainerReportQueue.java:42)
        at org.apache.hadoop.hdds.server.events.FixedThreadPoolWithAffinityExecutor$ContainerReportProcessTask.run(FixedThreadPoolWithAffinityExecutor.java:247)
        at java.util.concurrent.Executors$RunnableAdapter.call(Executors.java:511)
        at java.util.concurrent.FutureTask.run(FutureTask.java:266)
        at java.util.concurrent.ThreadPoolExecutor.runWorker(ThreadPoolExecutor.java:1149)
        at java.util.concurrent.ThreadPoolExecutor$Worker.run(ThreadPoolExecutor.java:624)
        at java.lang.Thread.run(Thread.java:750)
"9305807b-68e0-4de4-9f06-795e0c374ac6@group-D84CB1ADCB76-LeaderStateImpl" daemon prio=5 tid=873 timed_waiting
java.lang.Thread.State: TIMED_WAITING
        at sun.misc.Unsafe.park(Native Method)
        at java.util.concurrent.locks.LockSupport.parkNanos(LockSupport.java:215)
        at java.util.concurrent.locks.AbstractQueuedSynchronizer$ConditionObject.awaitNanos(AbstractQueuedSynchronizer.java:2078)
        at java.util.concurrent.ArrayBlockingQueue.poll(ArrayBlockingQueue.java:418)
        at org.apache.ratis.server.impl.LeaderStateImpl$EventQueue.poll(LeaderStateImpl.java:164)
        at org.apache.ratis.server.impl.LeaderStateImpl$EventProcessor.run(LeaderStateImpl.java:702)
"PartialTableCache Cleanup Thread - 0" daemon prio=5 tid=1023 in Object.wait()
java.lang.Thread.State: WAITING (on object monitor)
        at sun.misc.Unsafe.park(Native Method)
        at java.util.concurrent.locks.LockSupport.park(LockSupport.java:175)
        at java.util.concurrent.locks.AbstractQueuedSynchronizer$ConditionObject.await(AbstractQueuedSynchronizer.java:2039)
        at java.util.concurrent.LinkedBlockingQueue.take(LinkedBlockingQueue.java:442)
        at java.util.concurrent.ThreadPoolExecutor.getTask(ThreadPoolExecutor.java:1074)
        at java.util.concurrent.ThreadPoolExecutor.runWorker(ThreadPoolExecutor.java:1134)
        at java.util.concurrent.ThreadPoolExecutor$Worker.run(ThreadPoolExecutor.java:624)
        at java.lang.Thread.run(Thread.java:750)
"EventQueue-NewNodeForNewNodeHandler" daemon prio=5 tid=553 in Object.wait()
java.lang.Thread.State: WAITING (on object monitor)
        at sun.misc.Unsafe.park(Native Method)
        at java.util.concurrent.locks.LockSupport.park(LockSupport.java:175)
        at java.util.concurrent.locks.AbstractQueuedSynchronizer$ConditionObject.await(AbstractQueuedSynchronizer.java:2039)
        at java.util.concurrent.LinkedBlockingQueue.take(LinkedBlockingQueue.java:442)
        at java.util.concurrent.ThreadPoolExecutor.getTask(ThreadPoolExecutor.java:1074)
        at java.util.concurrent.ThreadPoolExecutor.runWorker(ThreadPoolExecutor.java:1134)
        at java.util.concurrent.ThreadPoolExecutor$Worker.run(ThreadPoolExecutor.java:624)
        at java.lang.Thread.run(Thread.java:750)
"ContainerOp-870a759f-8d79-46e0-9830-9a5c66ffce8a-3"  prio=5 tid=1161 in Object.wait()
java.lang.Thread.State: WAITING (on object monitor)
        at sun.misc.Unsafe.park(Native Method)
        at java.util.concurrent.locks.LockSupport.park(LockSupport.java:175)
        at java.util.concurrent.locks.AbstractQueuedSynchronizer$ConditionObject.await(AbstractQueuedSynchronizer.java:2039)
        at java.util.concurrent.LinkedBlockingQueue.take(LinkedBlockingQueue.java:442)
        at java.util.concurrent.ThreadPoolExecutor.getTask(ThreadPoolExecutor.java:1074)
        at java.util.concurrent.ThreadPoolExecutor.runWorker(ThreadPoolExecutor.java:1134)
        at java.util.concurrent.ThreadPoolExecutor$Worker.run(ThreadPoolExecutor.java:624)
        at java.lang.Thread.run(Thread.java:750)
"Datanode State Machine Task Thread - 0"  prio=5 tid=285 in Object.wait()
java.lang.Thread.State: WAITING (on object monitor)
        at sun.misc.Unsafe.park(Native Method)
        at java.util.concurrent.locks.LockSupport.park(LockSupport.java:175)
        at java.util.concurrent.locks.AbstractQueuedSynchronizer$ConditionObject.await(AbstractQueuedSynchronizer.java:2039)
        at java.util.concurrent.LinkedBlockingQueue.take(LinkedBlockingQueue.java:442)
        at java.util.concurrent.ThreadPoolExecutor.getTask(ThreadPoolExecutor.java:1074)
        at java.util.concurrent.ThreadPoolExecutor.runWorker(ThreadPoolExecutor.java:1134)
        at java.util.concurrent.ThreadPoolExecutor$Worker.run(ThreadPoolExecutor.java:624)
        at java.lang.Thread.run(Thread.java:750)
"Session-HouseKeeper-f11fe28-1"  prio=5 tid=138 timed_waiting
java.lang.Thread.State: TIMED_WAITING
        at sun.misc.Unsafe.park(Native Method)
        at java.util.concurrent.locks.LockSupport.parkNanos(LockSupport.java:215)
        at java.util.concurrent.locks.AbstractQueuedSynchronizer$ConditionObject.awaitNanos(AbstractQueuedSynchronizer.java:2078)
        at java.util.concurrent.ScheduledThreadPoolExecutor$DelayedWorkQueue.take(ScheduledThreadPoolExecutor.java:1093)
        at java.util.concurrent.ScheduledThreadPoolExecutor$DelayedWorkQueue.take(ScheduledThreadPoolExecutor.java:809)
        at java.util.concurrent.ThreadPoolExecutor.getTask(ThreadPoolExecutor.java:1074)
        at java.util.concurrent.ThreadPoolExecutor.runWorker(ThreadPoolExecutor.java:1134)
        at java.util.concurrent.ThreadPoolExecutor$Worker.run(ThreadPoolExecutor.java:624)
        at java.lang.Thread.run(Thread.java:750)
"Datanode ReportManager Thread - 3" daemon prio=5 tid=519 in Object.wait()
java.lang.Thread.State: WAITING (on object monitor)
        at sun.misc.Unsafe.park(Native Method)
        at java.util.concurrent.locks.LockSupport.park(LockSupport.java:175)
        at java.util.concurrent.locks.AbstractQueuedSynchronizer$ConditionObject.await(AbstractQueuedSynchronizer.java:2039)
        at java.util.concurrent.ScheduledThreadPoolExecutor$DelayedWorkQueue.take(ScheduledThreadPoolExecutor.java:1088)
        at java.util.concurrent.ScheduledThreadPoolExecutor$DelayedWorkQueue.take(ScheduledThreadPoolExecutor.java:809)
        at java.util.concurrent.ThreadPoolExecutor.getTask(ThreadPoolExecutor.java:1074)
        at java.util.concurrent.ThreadPoolExecutor.runWorker(ThreadPoolExecutor.java:1134)
        at java.util.concurrent.ThreadPoolExecutor$Worker.run(ThreadPoolExecutor.java:624)
        at java.lang.Thread.run(Thread.java:750)
"ChunkReader-4" daemon prio=5 tid=1251 in Object.wait()
java.lang.Thread.State: WAITING (on object monitor)
        at sun.misc.Unsafe.park(Native Method)
        at java.util.concurrent.locks.LockSupport.park(LockSupport.java:175)
        at java.util.concurrent.locks.AbstractQueuedSynchronizer$ConditionObject.await(AbstractQueuedSynchronizer.java:2039)
        at java.util.concurrent.LinkedBlockingQueue.take(LinkedBlockingQueue.java:442)
        at java.util.concurrent.ThreadPoolExecutor.getTask(ThreadPoolExecutor.java:1074)
        at java.util.concurrent.ThreadPoolExecutor.runWorker(ThreadPoolExecutor.java:1134)
        at java.util.concurrent.ThreadPoolExecutor$Worker.run(ThreadPoolExecutor.java:624)
        at java.lang.Thread.run(Thread.java:750)
"qtp658444087-210" daemon prio=5 tid=210 timed_waiting
java.lang.Thread.State: TIMED_WAITING
        at sun.misc.Unsafe.park(Native Method)
        at java.util.concurrent.locks.LockSupport.parkNanos(LockSupport.java:215)
        at java.util.concurrent.locks.AbstractQueuedSynchronizer$ConditionObject.awaitNanos(AbstractQueuedSynchronizer.java:2078)
        at org.eclipse.jetty.util.BlockingArrayQueue.poll(BlockingArrayQueue.java:382)
        at org.eclipse.jetty.util.thread.QueuedThreadPool$Runner.idleJobPoll(QueuedThreadPool.java:974)
        at org.eclipse.jetty.util.thread.QueuedThreadPool$Runner.run(QueuedThreadPool.java:1018)
        at java.lang.Thread.run(Thread.java:750)
"BlockDeletingService#3" daemon prio=5 tid=1640 in Object.wait()
java.lang.Thread.State: WAITING (on object monitor)
        at sun.misc.Unsafe.park(Native Method)
        at java.util.concurrent.locks.LockSupport.park(LockSupport.java:175)
        at java.util.concurrent.locks.AbstractQueuedSynchronizer$ConditionObject.await(AbstractQueuedSynchronizer.java:2039)
        at java.util.concurrent.ScheduledThreadPoolExecutor$DelayedWorkQueue.take(ScheduledThreadPoolExecutor.java:1088)
        at java.util.concurrent.ScheduledThreadPoolExecutor$DelayedWorkQueue.take(ScheduledThreadPoolExecutor.java:809)
        at java.util.concurrent.ThreadPoolExecutor.getTask(ThreadPoolExecutor.java:1074)
        at java.util.concurrent.ThreadPoolExecutor.runWorker(ThreadPoolExecutor.java:1134)
        at java.util.concurrent.ThreadPoolExecutor$Worker.run(ThreadPoolExecutor.java:624)
        at java.lang.Thread.run(Thread.java:750)
"ContainerOp-2091c0d9-35bc-4ce5-bb07-565827c47cd0-0"  prio=5 tid=1143 in Object.wait()
java.lang.Thread.State: WAITING (on object monitor)
        at sun.misc.Unsafe.park(Native Method)
        at java.util.concurrent.locks.LockSupport.park(LockSupport.java:175)
        at java.util.concurrent.locks.AbstractQueuedSynchronizer$ConditionObject.await(AbstractQueuedSynchronizer.java:2039)
        at java.util.concurrent.LinkedBlockingQueue.take(LinkedBlockingQueue.java:442)
        at java.util.concurrent.ThreadPoolExecutor.getTask(ThreadPoolExecutor.java:1074)
        at java.util.concurrent.ThreadPoolExecutor.runWorker(ThreadPoolExecutor.java:1134)
        at java.util.concurrent.ThreadPoolExecutor$Worker.run(ThreadPoolExecutor.java:624)
        at java.lang.Thread.run(Thread.java:750)
"Periodic HDDS volume checker" daemon prio=5 tid=540 timed_waiting
java.lang.Thread.State: TIMED_WAITING
        at sun.misc.Unsafe.park(Native Method)
        at java.util.concurrent.locks.LockSupport.parkNanos(LockSupport.java:215)
        at java.util.concurrent.locks.AbstractQueuedSynchronizer$ConditionObject.awaitNanos(AbstractQueuedSynchronizer.java:2078)
        at java.util.concurrent.ScheduledThreadPoolExecutor$DelayedWorkQueue.take(ScheduledThreadPoolExecutor.java:1093)
        at java.util.concurrent.ScheduledThreadPoolExecutor$DelayedWorkQueue.take(ScheduledThreadPoolExecutor.java:809)
        at java.util.concurrent.ThreadPoolExecutor.getTask(ThreadPoolExecutor.java:1074)
        at java.util.concurrent.ThreadPoolExecutor.runWorker(ThreadPoolExecutor.java:1134)
        at java.util.concurrent.ThreadPoolExecutor$Worker.run(ThreadPoolExecutor.java:624)
        at java.lang.Thread.run(Thread.java:750)
"pool-39-thread-1"  prio=5 tid=129 timed_waiting
java.lang.Thread.State: TIMED_WAITING
        at sun.misc.Unsafe.park(Native Method)
        at java.util.concurrent.locks.LockSupport.parkNanos(LockSupport.java:215)
        at java.util.concurrent.locks.AbstractQueuedSynchronizer$ConditionObject.awaitNanos(AbstractQueuedSynchronizer.java:2078)
        at java.util.concurrent.ScheduledThreadPoolExecutor$DelayedWorkQueue.take(ScheduledThreadPoolExecutor.java:1093)
        at java.util.concurrent.ScheduledThreadPoolExecutor$DelayedWorkQueue.take(ScheduledThreadPoolExecutor.java:809)
        at java.util.concurrent.ThreadPoolExecutor.getTask(ThreadPoolExecutor.java:1074)
        at java.util.concurrent.ThreadPoolExecutor.runWorker(ThreadPoolExecutor.java:1134)
        at java.util.concurrent.ThreadPoolExecutor$Worker.run(ThreadPoolExecutor.java:624)
        at java.lang.Thread.run(Thread.java:750)
"Periodic HDDS volume checker" daemon prio=5 tid=496 timed_waiting
java.lang.Thread.State: TIMED_WAITING
        at sun.misc.Unsafe.park(Native Method)
        at java.util.concurrent.locks.LockSupport.parkNanos(LockSupport.java:215)
        at java.util.concurrent.locks.AbstractQueuedSynchronizer$ConditionObject.awaitNanos(AbstractQueuedSynchronizer.java:2078)
        at java.util.concurrent.ScheduledThreadPoolExecutor$DelayedWorkQueue.take(ScheduledThreadPoolExecutor.java:1093)
        at java.util.concurrent.ScheduledThreadPoolExecutor$DelayedWorkQueue.take(ScheduledThreadPoolExecutor.java:809)
        at java.util.concurrent.ThreadPoolExecutor.getTask(ThreadPoolExecutor.java:1074)
        at java.util.concurrent.ThreadPoolExecutor.runWorker(ThreadPoolExecutor.java:1134)
        at java.util.concurrent.ThreadPoolExecutor$Worker.run(ThreadPoolExecutor.java:624)
        at java.lang.Thread.run(Thread.java:750)
"ContainerOp-13838721-bcae-49cb-b2fe-fcf027d0e9d3-2"  prio=5 tid=1217 in Object.wait()
java.lang.Thread.State: WAITING (on object monitor)
        at sun.misc.Unsafe.park(Native Method)
        at java.util.concurrent.locks.LockSupport.park(LockSupport.java:175)
        at java.util.concurrent.locks.AbstractQueuedSynchronizer$ConditionObject.await(AbstractQueuedSynchronizer.java:2039)
        at java.util.concurrent.LinkedBlockingQueue.take(LinkedBlockingQueue.java:442)
        at java.util.concurrent.ThreadPoolExecutor.getTask(ThreadPoolExecutor.java:1074)
        at java.util.concurrent.ThreadPoolExecutor.runWorker(ThreadPoolExecutor.java:1134)
        at java.util.concurrent.ThreadPoolExecutor$Worker.run(ThreadPoolExecutor.java:624)
        at java.lang.Thread.run(Thread.java:750)
"org.apache.hadoop.ozone.container.common.statemachine.commandhandler.DeleteBlocksCommandHandler$DeleteCmdWorker@f915ab3" daemon prio=5 tid=232 timed_waiting
java.lang.Thread.State: TIMED_WAITING
        at java.lang.Thread.sleep(Native Method)
        at org.apache.hadoop.ozone.container.common.statemachine.commandhandler.DeleteBlocksCommandHandler$DeleteCmdWorker.run(DeleteBlocksCommandHandler.java:233)
        at java.lang.Thread.run(Thread.java:750)
"JvmPauseMonitor11" daemon prio=5 tid=646 timed_waiting
java.lang.Thread.State: TIMED_WAITING
        at java.lang.Thread.sleep(Native Method)
        at java.lang.Thread.sleep(Thread.java:342)
        at java.util.concurrent.TimeUnit.sleep(TimeUnit.java:386)
        at org.apache.ratis.util.TimeDuration.sleep(TimeDuration.java:325)
        at org.apache.ratis.util.TimeDuration.sleep(TimeDuration.java:310)
        at org.apache.ratis.util.JvmPauseMonitor.detectPause(JvmPauseMonitor.java:117)
        at org.apache.ratis.util.JvmPauseMonitor.run(JvmPauseMonitor.java:106)
        at org.apache.ratis.util.JvmPauseMonitor$$Lambda$540/1204910476.run(Unknown Source)
        at java.lang.Thread.run(Thread.java:750)
"ChunkWriter-2-0" daemon prio=5 tid=382 in Object.wait()
java.lang.Thread.State: WAITING (on object monitor)
        at sun.misc.Unsafe.park(Native Method)
        at java.util.concurrent.locks.LockSupport.park(LockSupport.java:175)
        at java.util.concurrent.locks.AbstractQueuedSynchronizer$ConditionObject.await(AbstractQueuedSynchronizer.java:2039)
        at java.util.concurrent.LinkedBlockingDeque.takeFirst(LinkedBlockingDeque.java:492)
        at java.util.concurrent.LinkedBlockingDeque.take(LinkedBlockingDeque.java:680)
        at java.util.concurrent.ThreadPoolExecutor.getTask(ThreadPoolExecutor.java:1074)
        at java.util.concurrent.ThreadPoolExecutor.runWorker(ThreadPoolExecutor.java:1134)
        at java.util.concurrent.ThreadPoolExecutor$Worker.run(ThreadPoolExecutor.java:624)
        at java.lang.Thread.run(Thread.java:750)
"ChunkReader-7" daemon prio=5 tid=1472 in Object.wait()
java.lang.Thread.State: WAITING (on object monitor)
        at sun.misc.Unsafe.park(Native Method)
        at java.util.concurrent.locks.LockSupport.park(LockSupport.java:175)
        at java.util.concurrent.locks.AbstractQueuedSynchronizer$ConditionObject.await(AbstractQueuedSynchronizer.java:2039)
        at java.util.concurrent.LinkedBlockingQueue.take(LinkedBlockingQueue.java:442)
        at java.util.concurrent.ThreadPoolExecutor.getTask(ThreadPoolExecutor.java:1074)
        at java.util.concurrent.ThreadPoolExecutor.runWorker(ThreadPoolExecutor.java:1134)
        at java.util.concurrent.ThreadPoolExecutor$Worker.run(ThreadPoolExecutor.java:624)
        at java.lang.Thread.run(Thread.java:750)
"9305807b-68e0-4de4-9f06-795e0c374ac6-DataStreamManagement-request--thread4" daemon prio=5 tid=1040 in Object.wait()
java.lang.Thread.State: WAITING (on object monitor)
        at sun.misc.Unsafe.park(Native Method)
        at java.util.concurrent.locks.LockSupport.park(LockSupport.java:175)
        at java.util.concurrent.locks.AbstractQueuedSynchronizer$ConditionObject.await(AbstractQueuedSynchronizer.java:2039)
        at java.util.concurrent.LinkedBlockingQueue.take(LinkedBlockingQueue.java:442)
        at java.util.concurrent.ThreadPoolExecutor.getTask(ThreadPoolExecutor.java:1074)
        at java.util.concurrent.ThreadPoolExecutor.runWorker(ThreadPoolExecutor.java:1134)
        at java.util.concurrent.ThreadPoolExecutor$Worker.run(ThreadPoolExecutor.java:624)
        at java.lang.Thread.run(Thread.java:750)
"org.apache.hadoop.fs.FileSystem$Statistics$StatisticsDataReferenceCleaner" daemon prio=5 tid=26 in Object.wait()
java.lang.Thread.State: WAITING (on object monitor)
        at java.lang.Object.wait(Native Method)
        at java.lang.ref.ReferenceQueue.remove(ReferenceQueue.java:144)
        at java.lang.ref.ReferenceQueue.remove(ReferenceQueue.java:165)
        at org.apache.hadoop.fs.FileSystem$Statistics$StatisticsDataReferenceCleaner.run(FileSystem.java:4159)
        at java.lang.Thread.run(Thread.java:750)
"ChunkWriter-1-0" daemon prio=5 tid=412 in Object.wait()
java.lang.Thread.State: WAITING (on object monitor)
        at sun.misc.Unsafe.park(Native Method)
        at java.util.concurrent.locks.LockSupport.park(LockSupport.java:175)
        at java.util.concurrent.locks.AbstractQueuedSynchronizer$ConditionObject.await(AbstractQueuedSynchronizer.java:2039)
        at java.util.concurrent.LinkedBlockingDeque.takeFirst(LinkedBlockingDeque.java:492)
        at java.util.concurrent.LinkedBlockingDeque.take(LinkedBlockingDeque.java:680)
        at java.util.concurrent.ThreadPoolExecutor.getTask(ThreadPoolExecutor.java:1074)
        at java.util.concurrent.ThreadPoolExecutor.runWorker(ThreadPoolExecutor.java:1134)
        at java.util.concurrent.ThreadPoolExecutor$Worker.run(ThreadPoolExecutor.java:624)
        at java.lang.Thread.run(Thread.java:750)
"Hadoop-Metrics-Updater-0" daemon prio=5 tid=218 timed_waiting
java.lang.Thread.State: TIMED_WAITING
        at sun.misc.Unsafe.park(Native Method)
        at java.util.concurrent.locks.LockSupport.parkNanos(LockSupport.java:215)
        at java.util.concurrent.locks.AbstractQueuedSynchronizer$ConditionObject.awaitNanos(AbstractQueuedSynchronizer.java:2078)
        at java.util.concurrent.ScheduledThreadPoolExecutor$DelayedWorkQueue.take(ScheduledThreadPoolExecutor.java:1093)
        at java.util.concurrent.ScheduledThreadPoolExecutor$DelayedWorkQueue.take(ScheduledThreadPoolExecutor.java:809)
        at java.util.concurrent.ThreadPoolExecutor.getTask(ThreadPoolExecutor.java:1074)
        at java.util.concurrent.ThreadPoolExecutor.runWorker(ThreadPoolExecutor.java:1134)
        at java.util.concurrent.ThreadPoolExecutor$Worker.run(ThreadPoolExecutor.java:624)
        at java.lang.Thread.run(Thread.java:750)
"ContainerOp-13838721-bcae-49cb-b2fe-fcf027d0e9d3-0"  prio=5 tid=1062 in Object.wait()
java.lang.Thread.State: WAITING (on object monitor)
        at sun.misc.Unsafe.park(Native Method)
        at java.util.concurrent.locks.LockSupport.park(LockSupport.java:175)
        at java.util.concurrent.locks.AbstractQueuedSynchronizer$ConditionObject.await(AbstractQueuedSynchronizer.java:2039)
        at java.util.concurrent.LinkedBlockingQueue.take(LinkedBlockingQueue.java:442)
        at java.util.concurrent.ThreadPoolExecutor.getTask(ThreadPoolExecutor.java:1074)
        at java.util.concurrent.ThreadPoolExecutor.runWorker(ThreadPoolExecutor.java:1134)
        at java.util.concurrent.ThreadPoolExecutor$Worker.run(ThreadPoolExecutor.java:624)
        at java.lang.Thread.run(Thread.java:750)
"Datanode ReportManager Thread - 4" daemon prio=5 tid=283 timed_waiting
java.lang.Thread.State: TIMED_WAITING
        at sun.misc.Unsafe.park(Native Method)
        at java.util.concurrent.locks.LockSupport.parkNanos(LockSupport.java:215)
        at java.util.concurrent.locks.AbstractQueuedSynchronizer$ConditionObject.awaitNanos(AbstractQueuedSynchronizer.java:2078)
        at java.util.concurrent.ScheduledThreadPoolExecutor$DelayedWorkQueue.take(ScheduledThreadPoolExecutor.java:1093)
        at java.util.concurrent.ScheduledThreadPoolExecutor$DelayedWorkQueue.take(ScheduledThreadPoolExecutor.java:809)
        at java.util.concurrent.ThreadPoolExecutor.getTask(ThreadPoolExecutor.java:1074)
        at java.util.concurrent.ThreadPoolExecutor.runWorker(ThreadPoolExecutor.java:1134)
        at java.util.concurrent.ThreadPoolExecutor$Worker.run(ThreadPoolExecutor.java:624)
        at java.lang.Thread.run(Thread.java:750)
"IPC Server handler 0 on default port 15004" daemon prio=5 tid=177 timed_waiting
java.lang.Thread.State: TIMED_WAITING
        at sun.misc.Unsafe.park(Native Method)
        at java.util.concurrent.locks.LockSupport.parkNanos(LockSupport.java:215)
        at java.util.concurrent.locks.AbstractQueuedSynchronizer$ConditionObject.awaitNanos(AbstractQueuedSynchronizer.java:2078)
        at java.util.concurrent.LinkedBlockingQueue.poll(LinkedBlockingQueue.java:467)
        at org.apache.hadoop.ipc.CallQueueManager.take(CallQueueManager.java:317)
        at org.apache.hadoop.ipc.Server$Handler.run(Server.java:3014)
"BlockDeletingService#2" daemon prio=5 tid=1628 in Object.wait()
java.lang.Thread.State: WAITING (on object monitor)
        at sun.misc.Unsafe.park(Native Method)
        at java.util.concurrent.locks.LockSupport.park(LockSupport.java:175)
        at java.util.concurrent.locks.AbstractQueuedSynchronizer$ConditionObject.await(AbstractQueuedSynchronizer.java:2039)
        at java.util.concurrent.ScheduledThreadPoolExecutor$DelayedWorkQueue.take(ScheduledThreadPoolExecutor.java:1088)
        at java.util.concurrent.ScheduledThreadPoolExecutor$DelayedWorkQueue.take(ScheduledThreadPoolExecutor.java:809)
        at java.util.concurrent.ThreadPoolExecutor.getTask(ThreadPoolExecutor.java:1074)
        at java.util.concurrent.ThreadPoolExecutor.runWorker(ThreadPoolExecutor.java:1134)
        at java.util.concurrent.ThreadPoolExecutor$Worker.run(ThreadPoolExecutor.java:624)
        at java.lang.Thread.run(Thread.java:750)
"9fc007ee-6328-4e66-a7f4-dfd370a25fec@group-95B153CB0731->4dfacd3a-85e6-4f60-aa9f-15a17a1c954a-GrpcLogAppender-LogAppenderDaemon" daemon prio=5 tid=990 timed_waiting
java.lang.Thread.State: TIMED_WAITING
        at sun.misc.Unsafe.park(Native Method)
        at java.util.concurrent.locks.LockSupport.parkNanos(LockSupport.java:215)
        at java.util.concurrent.locks.AbstractQueuedSynchronizer$ConditionObject.await(AbstractQueuedSynchronizer.java:2163)
        at org.apache.ratis.util.AwaitForSignal.await(AwaitForSignal.java:62)
        at org.apache.ratis.grpc.server.GrpcLogAppender.mayWait(GrpcLogAppender.java:197)
        at org.apache.ratis.grpc.server.GrpcLogAppender.run(GrpcLogAppender.java:148)
        at org.apache.ratis.server.leader.LogAppenderDaemon.run(LogAppenderDaemon.java:78)
        at org.apache.ratis.server.leader.LogAppenderDaemon$$Lambda$1267/2040149817.run(Unknown Source)
        at java.lang.Thread.run(Thread.java:750)
"IPC Server Responder" daemon prio=5 tid=217 runnable
java.lang.Thread.State: RUNNABLE
        at sun.nio.ch.EPollArrayWrapper.epollWait(Native Method)
        at sun.nio.ch.EPollArrayWrapper.poll(EPollArrayWrapper.java:269)
        at sun.nio.ch.EPollSelectorImpl.doSelect(EPollSelectorImpl.java:93)
        at sun.nio.ch.SelectorImpl.lockAndDoSelect(SelectorImpl.java:86)
        at sun.nio.ch.SelectorImpl.select(SelectorImpl.java:97)
        at org.apache.hadoop.ipc.Server$Responder.doRunLoop(Server.java:1582)
        at org.apache.hadoop.ipc.Server$Responder.run(Server.java:1565)
"pool-72-thread-1"  prio=5 tid=167 timed_waiting
java.lang.Thread.State: TIMED_WAITING
        at sun.misc.Unsafe.park(Native Method)
        at java.util.concurrent.locks.LockSupport.parkNanos(LockSupport.java:215)
        at java.util.concurrent.locks.AbstractQueuedSynchronizer$ConditionObject.awaitNanos(AbstractQueuedSynchronizer.java:2078)
        at java.util.concurrent.ScheduledThreadPoolExecutor$DelayedWorkQueue.take(ScheduledThreadPoolExecutor.java:1093)
        at java.util.concurrent.ScheduledThreadPoolExecutor$DelayedWorkQueue.take(ScheduledThreadPoolExecutor.java:809)
        at java.util.concurrent.ThreadPoolExecutor.getTask(ThreadPoolExecutor.java:1074)
        at java.util.concurrent.ThreadPoolExecutor.runWorker(ThreadPoolExecutor.java:1134)
        at java.util.concurrent.ThreadPoolExecutor$Worker.run(ThreadPoolExecutor.java:624)
        at java.lang.Thread.run(Thread.java:750)
"80a9a8fe-8ad4-444c-8e90-e2ced2b3ac02-NettyServerStreamRpc-workerGroup--thread1"  prio=5 tid=1364 runnable
java.lang.Thread.State: RUNNABLE
        at sun.nio.ch.EPollArrayWrapper.epollWait(Native Method)
        at sun.nio.ch.EPollArrayWrapper.poll(EPollArrayWrapper.java:269)
        at sun.nio.ch.EPollSelectorImpl.doSelect(EPollSelectorImpl.java:93)
        at sun.nio.ch.SelectorImpl.lockAndDoSelect(SelectorImpl.java:86)
        at sun.nio.ch.SelectorImpl.select(SelectorImpl.java:97)
        at sun.nio.ch.SelectorImpl.select(SelectorImpl.java:101)
        at org.apache.ratis.thirdparty.io.netty.channel.nio.SelectedSelectionKeySetSelector.select(SelectedSelectionKeySetSelector.java:68)
        at org.apache.ratis.thirdparty.io.netty.channel.nio.NioEventLoop.select(NioEventLoop.java:879)
        at org.apache.ratis.thirdparty.io.netty.channel.nio.NioEventLoop.run(NioEventLoop.java:526)
        at org.apache.ratis.thirdparty.io.netty.util.concurrent.SingleThreadEventExecutor$4.run(SingleThreadEventExecutor.java:997)
        at org.apache.ratis.thirdparty.io.netty.util.internal.ThreadExecutorMap$2.run(ThreadExecutorMap.java:74)
        at java.lang.Thread.run(Thread.java:750)
"Datanode ReportManager Thread - 0" daemon prio=5 tid=516 in Object.wait()
java.lang.Thread.State: WAITING (on object monitor)
        at sun.misc.Unsafe.park(Native Method)
        at java.util.concurrent.locks.LockSupport.park(LockSupport.java:175)
        at java.util.concurrent.locks.AbstractQueuedSynchronizer$ConditionObject.await(AbstractQueuedSynchronizer.java:2039)
        at java.util.concurrent.ScheduledThreadPoolExecutor$DelayedWorkQueue.take(ScheduledThreadPoolExecutor.java:1088)
        at java.util.concurrent.ScheduledThreadPoolExecutor$DelayedWorkQueue.take(ScheduledThreadPoolExecutor.java:809)
        at java.util.concurrent.ThreadPoolExecutor.getTask(ThreadPoolExecutor.java:1074)
        at java.util.concurrent.ThreadPoolExecutor.runWorker(ThreadPoolExecutor.java:1134)
        at java.util.concurrent.ThreadPoolExecutor$Worker.run(ThreadPoolExecutor.java:624)
        at java.lang.Thread.run(Thread.java:750)
"Datanode State Machine Daemon Thread" daemon prio=5 tid=220 timed_waiting
java.lang.Thread.State: TIMED_WAITING
        at java.lang.Thread.sleep(Native Method)
        at org.apache.hadoop.ozone.container.common.statemachine.DatanodeStateMachine.startStateMachineThread(DatanodeStateMachine.java:353)
        at org.apache.hadoop.ozone.container.common.statemachine.DatanodeStateMachine.lambda$startDaemon$0(DatanodeStateMachine.java:540)
        at org.apache.hadoop.ozone.container.common.statemachine.DatanodeStateMachine$$Lambda$1041/1491309043.run(Unknown Source)
        at java.lang.Thread.run(Thread.java:750)
"Command processor thread" daemon prio=5 tid=255 timed_waiting
java.lang.Thread.State: TIMED_WAITING
        at java.lang.Thread.sleep(Native Method)
        at org.apache.hadoop.ozone.container.common.statemachine.DatanodeStateMachine.lambda$initCommandHandlerThread$3(DatanodeStateMachine.java:667)
        at org.apache.hadoop.ozone.container.common.statemachine.DatanodeStateMachine$$Lambda$1043/1121353957.run(Unknown Source)
        at java.lang.Thread.run(Thread.java:750)
"IPC Server listener on 15004" daemon prio=5 tid=150 runnable
java.lang.Thread.State: RUNNABLE
        at sun.nio.ch.EPollArrayWrapper.epollWait(Native Method)
        at sun.nio.ch.EPollArrayWrapper.poll(EPollArrayWrapper.java:269)
        at sun.nio.ch.EPollSelectorImpl.doSelect(EPollSelectorImpl.java:93)
        at sun.nio.ch.SelectorImpl.lockAndDoSelect(SelectorImpl.java:86)
        at sun.nio.ch.SelectorImpl.select(SelectorImpl.java:97)
        at sun.nio.ch.SelectorImpl.select(SelectorImpl.java:101)
        at org.apache.hadoop.ipc.Server$Listener.run(Server.java:1408)
"9fc007ee-6328-4e66-a7f4-dfd370a25fec-DataStreamManagement-request--thread3"  prio=5 tid=1384 in Object.wait()
java.lang.Thread.State: WAITING (on object monitor)
        at sun.misc.Unsafe.park(Native Method)
        at java.util.concurrent.locks.LockSupport.park(LockSupport.java:175)
        at java.util.concurrent.locks.AbstractQueuedSynchronizer$ConditionObject.await(AbstractQueuedSynchronizer.java:2039)
        at java.util.concurrent.LinkedBlockingQueue.take(LinkedBlockingQueue.java:442)
        at java.util.concurrent.ThreadPoolExecutor.getTask(ThreadPoolExecutor.java:1074)
        at java.util.concurrent.ThreadPoolExecutor.runWorker(ThreadPoolExecutor.java:1134)
        at java.util.concurrent.ThreadPoolExecutor$Worker.run(ThreadPoolExecutor.java:624)
        at java.lang.Thread.run(Thread.java:750)
"StaleRecoveringContainerScrubbingService#0" daemon prio=5 tid=418 timed_waiting
java.lang.Thread.State: TIMED_WAITING
        at sun.misc.Unsafe.park(Native Method)
        at java.util.concurrent.locks.LockSupport.parkNanos(LockSupport.java:215)
        at java.util.concurrent.locks.AbstractQueuedSynchronizer$ConditionObject.awaitNanos(AbstractQueuedSynchronizer.java:2078)
        at java.util.concurrent.ScheduledThreadPoolExecutor$DelayedWorkQueue.take(ScheduledThreadPoolExecutor.java:1093)
        at java.util.concurrent.ScheduledThreadPoolExecutor$DelayedWorkQueue.take(ScheduledThreadPoolExecutor.java:809)
        at java.util.concurrent.ThreadPoolExecutor.getTask(ThreadPoolExecutor.java:1074)
        at java.util.concurrent.ThreadPoolExecutor.runWorker(ThreadPoolExecutor.java:1134)
        at java.util.concurrent.ThreadPoolExecutor$Worker.run(ThreadPoolExecutor.java:624)
        at java.lang.Thread.run(Thread.java:750)
"f6fa4039-8fe9-46ca-92f5-bb04d02dc273-DataStreamManagement-request--thread8"  prio=5 tid=1408 in Object.wait()
java.lang.Thread.State: WAITING (on object monitor)
        at sun.misc.Unsafe.park(Native Method)
        at java.util.concurrent.locks.LockSupport.park(LockSupport.java:175)
        at java.util.concurrent.locks.AbstractQueuedSynchronizer$ConditionObject.await(AbstractQueuedSynchronizer.java:2039)
        at java.util.concurrent.LinkedBlockingQueue.take(LinkedBlockingQueue.java:442)
        at java.util.concurrent.ThreadPoolExecutor.getTask(ThreadPoolExecutor.java:1074)
        at java.util.concurrent.ThreadPoolExecutor.runWorker(ThreadPoolExecutor.java:1134)
        at java.util.concurrent.ThreadPoolExecutor$Worker.run(ThreadPoolExecutor.java:624)
        at java.lang.Thread.run(Thread.java:750)
"ChunkWriter-3-0" daemon prio=5 tid=583 in Object.wait()
java.lang.Thread.State: WAITING (on object monitor)
        at sun.misc.Unsafe.park(Native Method)
        at java.util.concurrent.locks.LockSupport.park(LockSupport.java:175)
        at java.util.concurrent.locks.AbstractQueuedSynchronizer$ConditionObject.await(AbstractQueuedSynchronizer.java:2039)
        at java.util.concurrent.LinkedBlockingDeque.takeFirst(LinkedBlockingDeque.java:492)
        at java.util.concurrent.LinkedBlockingDeque.take(LinkedBlockingDeque.java:680)
        at java.util.concurrent.ThreadPoolExecutor.getTask(ThreadPoolExecutor.java:1074)
        at java.util.concurrent.ThreadPoolExecutor.runWorker(ThreadPoolExecutor.java:1134)
        at java.util.concurrent.ThreadPoolExecutor$Worker.run(ThreadPoolExecutor.java:624)
        at java.lang.Thread.run(Thread.java:750)
"EndpointStateMachine task thread for /0.0.0.0:15002 - 0 "  prio=5 tid=607 in Object.wait()
java.lang.Thread.State: WAITING (on object monitor)
        at sun.misc.Unsafe.park(Native Method)
        at java.util.concurrent.locks.LockSupport.park(LockSupport.java:175)
        at java.util.concurrent.locks.AbstractQueuedSynchronizer$ConditionObject.await(AbstractQueuedSynchronizer.java:2039)
        at java.util.concurrent.LinkedBlockingQueue.take(LinkedBlockingQueue.java:442)
        at java.util.concurrent.ThreadPoolExecutor.getTask(ThreadPoolExecutor.java:1074)
        at java.util.concurrent.ThreadPoolExecutor.runWorker(ThreadPoolExecutor.java:1134)
        at java.util.concurrent.ThreadPoolExecutor$Worker.run(ThreadPoolExecutor.java:624)
        at java.lang.Thread.run(Thread.java:750)
"ContainerOp-13838721-bcae-49cb-b2fe-fcf027d0e9d3-3"  prio=5 tid=1218 in Object.wait()
java.lang.Thread.State: WAITING (on object monitor)
        at sun.misc.Unsafe.park(Native Method)
        at java.util.concurrent.locks.LockSupport.park(LockSupport.java:175)
        at java.util.concurrent.locks.AbstractQueuedSynchronizer$ConditionObject.await(AbstractQueuedSynchronizer.java:2039)
        at java.util.concurrent.LinkedBlockingQueue.take(LinkedBlockingQueue.java:442)
        at java.util.concurrent.ThreadPoolExecutor.getTask(ThreadPoolExecutor.java:1074)
        at java.util.concurrent.ThreadPoolExecutor.runWorker(ThreadPoolExecutor.java:1134)
        at java.util.concurrent.ThreadPoolExecutor$Worker.run(ThreadPoolExecutor.java:624)
        at java.lang.Thread.run(Thread.java:750)
"Reference Handler" daemon prio=10 tid=2 in Object.wait()
java.lang.Thread.State: WAITING (on object monitor)
        at java.lang.Object.wait(Native Method)
        at java.lang.Object.wait(Object.java:502)
        at java.lang.ref.Reference.tryHandlePending(Reference.java:191)
        at java.lang.ref.Reference$ReferenceHandler.run(Reference.java:153)
"ContainerOp-2091c0d9-35bc-4ce5-bb07-565827c47cd0-7"  prio=5 tid=1151 in Object.wait()
java.lang.Thread.State: WAITING (on object monitor)
        at sun.misc.Unsafe.park(Native Method)
        at java.util.concurrent.locks.LockSupport.park(LockSupport.java:175)
        at java.util.concurrent.locks.AbstractQueuedSynchronizer$ConditionObject.await(AbstractQueuedSynchronizer.java:2039)
        at java.util.concurrent.LinkedBlockingQueue.take(LinkedBlockingQueue.java:442)
        at java.util.concurrent.ThreadPoolExecutor.getTask(ThreadPoolExecutor.java:1074)
        at java.util.concurrent.ThreadPoolExecutor.runWorker(ThreadPoolExecutor.java:1134)
        at java.util.concurrent.ThreadPoolExecutor$Worker.run(ThreadPoolExecutor.java:624)
        at java.lang.Thread.run(Thread.java:750)
"ContainerOp-00044fda-cf71-4d00-9eb5-8cc713da5931-4"  prio=5 tid=1336 in Object.wait()
java.lang.Thread.State: WAITING (on object monitor)
        at sun.misc.Unsafe.park(Native Method)
        at java.util.concurrent.locks.LockSupport.park(LockSupport.java:175)
        at java.util.concurrent.locks.AbstractQueuedSynchronizer$ConditionObject.await(AbstractQueuedSynchronizer.java:2039)
        at java.util.concurrent.LinkedBlockingQueue.take(LinkedBlockingQueue.java:442)
        at java.util.concurrent.ThreadPoolExecutor.getTask(ThreadPoolExecutor.java:1074)
        at java.util.concurrent.ThreadPoolExecutor.runWorker(ThreadPoolExecutor.java:1134)
        at java.util.concurrent.ThreadPoolExecutor$Worker.run(ThreadPoolExecutor.java:624)
        at java.lang.Thread.run(Thread.java:750)
"qtp508662500-296" daemon prio=5 tid=296 timed_waiting
java.lang.Thread.State: TIMED_WAITING
        at sun.misc.Unsafe.park(Native Method)
        at java.util.concurrent.locks.LockSupport.parkNanos(LockSupport.java:215)
        at java.util.concurrent.locks.AbstractQueuedSynchronizer$ConditionObject.awaitNanos(AbstractQueuedSynchronizer.java:2078)
        at org.eclipse.jetty.util.BlockingArrayQueue.poll(BlockingArrayQueue.java:382)
        at org.eclipse.jetty.util.thread.QueuedThreadPool$Runner.idleJobPoll(QueuedThreadPool.java:974)
        at org.eclipse.jetty.util.thread.QueuedThreadPool$Runner.run(QueuedThreadPool.java:1018)
        at java.lang.Thread.run(Thread.java:750)
"DatanodeAdminManager-0" daemon prio=5 tid=40 timed_waiting
java.lang.Thread.State: TIMED_WAITING
        at sun.misc.Unsafe.park(Native Method)
        at java.util.concurrent.locks.LockSupport.parkNanos(LockSupport.java:215)
        at java.util.concurrent.locks.AbstractQueuedSynchronizer$ConditionObject.awaitNanos(AbstractQueuedSynchronizer.java:2078)
        at java.util.concurrent.ScheduledThreadPoolExecutor$DelayedWorkQueue.take(ScheduledThreadPoolExecutor.java:1093)
        at java.util.concurrent.ScheduledThreadPoolExecutor$DelayedWorkQueue.take(ScheduledThreadPoolExecutor.java:809)
        at java.util.concurrent.ThreadPoolExecutor.getTask(ThreadPoolExecutor.java:1074)
        at java.util.concurrent.ThreadPoolExecutor.runWorker(ThreadPoolExecutor.java:1134)
        at java.util.concurrent.ThreadPoolExecutor$Worker.run(ThreadPoolExecutor.java:624)
        at java.lang.Thread.run(Thread.java:750)
"ChunkReader-2" daemon prio=5 tid=1123 in Object.wait()
java.lang.Thread.State: WAITING (on object monitor)
        at sun.misc.Unsafe.park(Native Method)
        at java.util.concurrent.locks.LockSupport.park(LockSupport.java:175)
        at java.util.concurrent.locks.AbstractQueuedSynchronizer$ConditionObject.await(AbstractQueuedSynchronizer.java:2039)
        at java.util.concurrent.LinkedBlockingQueue.take(LinkedBlockingQueue.java:442)
        at java.util.concurrent.ThreadPoolExecutor.getTask(ThreadPoolExecutor.java:1074)
        at java.util.concurrent.ThreadPoolExecutor.runWorker(ThreadPoolExecutor.java:1134)
        at java.util.concurrent.ThreadPoolExecutor$Worker.run(ThreadPoolExecutor.java:624)
        at java.lang.Thread.run(Thread.java:750)
"IPC Server Responder" daemon prio=5 tid=246 runnable
java.lang.Thread.State: RUNNABLE
        at sun.nio.ch.EPollArrayWrapper.epollWait(Native Method)
        at sun.nio.ch.EPollArrayWrapper.poll(EPollArrayWrapper.java:269)
        at sun.nio.ch.EPollSelectorImpl.doSelect(EPollSelectorImpl.java:93)
        at sun.nio.ch.SelectorImpl.lockAndDoSelect(SelectorImpl.java:86)
        at sun.nio.ch.SelectorImpl.select(SelectorImpl.java:97)
        at org.apache.hadoop.ipc.Server$Responder.doRunLoop(Server.java:1582)
        at org.apache.hadoop.ipc.Server$Responder.run(Server.java:1565)
"IPC Server idle connection scanner for port 15010" daemon prio=5 tid=216 timed_waiting
java.lang.Thread.State: TIMED_WAITING
        at java.lang.Object.wait(Native Method)
        at java.util.TimerThread.mainLoop(Timer.java:552)
        at java.util.TimerThread.run(Timer.java:505)
"80a9a8fe-8ad4-444c-8e90-e2ced2b3ac02-DataStreamManagement-request--thread5"  prio=5 tid=1372 in Object.wait()
java.lang.Thread.State: WAITING (on object monitor)
        at sun.misc.Unsafe.park(Native Method)
        at java.util.concurrent.locks.LockSupport.park(LockSupport.java:175)
        at java.util.concurrent.locks.AbstractQueuedSynchronizer$ConditionObject.await(AbstractQueuedSynchronizer.java:2039)
        at java.util.concurrent.LinkedBlockingQueue.take(LinkedBlockingQueue.java:442)
        at java.util.concurrent.ThreadPoolExecutor.getTask(ThreadPoolExecutor.java:1074)
        at java.util.concurrent.ThreadPoolExecutor.runWorker(ThreadPoolExecutor.java:1134)
        at java.util.concurrent.ThreadPoolExecutor$Worker.run(ThreadPoolExecutor.java:624)
        at java.lang.Thread.run(Thread.java:750)
"org.apache.hadoop.ozone.container.common.statemachine.commandhandler.DeleteBlocksCommandHandler$DeleteCmdWorker@28203154" daemon prio=5 tid=202 timed_waiting
java.lang.Thread.State: TIMED_WAITING
        at java.lang.Thread.sleep(Native Method)
        at org.apache.hadoop.ozone.container.common.statemachine.commandhandler.DeleteBlocksCommandHandler$DeleteCmdWorker.run(DeleteBlocksCommandHandler.java:233)
        at java.lang.Thread.run(Thread.java:750)
"org.apache.hadoop.ozone.container.common.statemachine.commandhandler.DeleteBlocksCommandHandler$DeleteCmdWorker@750b856c" daemon prio=5 tid=396 timed_waiting
java.lang.Thread.State: TIMED_WAITING
        at java.lang.Thread.sleep(Native Method)
        at org.apache.hadoop.ozone.container.common.statemachine.commandhandler.DeleteBlocksCommandHandler$DeleteCmdWorker.run(DeleteBlocksCommandHandler.java:233)
        at java.lang.Thread.run(Thread.java:750)
"StaleRecoveringContainerScrubbingService#1" daemon prio=5 tid=508 in Object.wait()
java.lang.Thread.State: WAITING (on object monitor)
        at sun.misc.Unsafe.park(Native Method)
        at java.util.concurrent.locks.LockSupport.park(LockSupport.java:175)
        at java.util.concurrent.locks.AbstractQueuedSynchronizer$ConditionObject.await(AbstractQueuedSynchronizer.java:2039)
        at java.util.concurrent.ScheduledThreadPoolExecutor$DelayedWorkQueue.take(ScheduledThreadPoolExecutor.java:1088)
        at java.util.concurrent.ScheduledThreadPoolExecutor$DelayedWorkQueue.take(ScheduledThreadPoolExecutor.java:809)
        at java.util.concurrent.ThreadPoolExecutor.getTask(ThreadPoolExecutor.java:1074)
        at java.util.concurrent.ThreadPoolExecutor.runWorker(ThreadPoolExecutor.java:1134)
        at java.util.concurrent.ThreadPoolExecutor$Worker.run(ThreadPoolExecutor.java:624)
        at java.lang.Thread.run(Thread.java:750)
"ChunkReader-8" daemon prio=5 tid=1272 in Object.wait()
java.lang.Thread.State: WAITING (on object monitor)
        at sun.misc.Unsafe.park(Native Method)
        at java.util.concurrent.locks.LockSupport.park(LockSupport.java:175)
        at java.util.concurrent.locks.AbstractQueuedSynchronizer$ConditionObject.await(AbstractQueuedSynchronizer.java:2039)
        at java.util.concurrent.LinkedBlockingQueue.take(LinkedBlockingQueue.java:442)
        at java.util.concurrent.ThreadPoolExecutor.getTask(ThreadPoolExecutor.java:1074)
        at java.util.concurrent.ThreadPoolExecutor.runWorker(ThreadPoolExecutor.java:1134)
        at java.util.concurrent.ThreadPoolExecutor$Worker.run(ThreadPoolExecutor.java:624)
        at java.lang.Thread.run(Thread.java:750)
"BlockDeletingService#0" daemon prio=5 tid=549 timed_waiting
java.lang.Thread.State: TIMED_WAITING
        at sun.misc.Unsafe.park(Native Method)
        at java.util.concurrent.locks.LockSupport.parkNanos(LockSupport.java:215)
        at java.util.concurrent.locks.AbstractQueuedSynchronizer$ConditionObject.awaitNanos(AbstractQueuedSynchronizer.java:2078)
        at java.util.concurrent.ScheduledThreadPoolExecutor$DelayedWorkQueue.take(ScheduledThreadPoolExecutor.java:1093)
        at java.util.concurrent.ScheduledThreadPoolExecutor$DelayedWorkQueue.take(ScheduledThreadPoolExecutor.java:809)
        at java.util.concurrent.ThreadPoolExecutor.getTask(ThreadPoolExecutor.java:1074)
        at java.util.concurrent.ThreadPoolExecutor.runWorker(ThreadPoolExecutor.java:1134)
        at java.util.concurrent.ThreadPoolExecutor$Worker.run(ThreadPoolExecutor.java:624)
        at java.lang.Thread.run(Thread.java:750)
"prometheus" daemon prio=5 tid=139 in Object.wait()
java.lang.Thread.State: WAITING (on object monitor)
        at java.lang.Object.wait(Native Method)
        at java.lang.Object.wait(Object.java:502)
        at org.apache.hadoop.metrics2.impl.SinkQueue.waitForData(SinkQueue.java:114)
        at org.apache.hadoop.metrics2.impl.SinkQueue.consumeAll(SinkQueue.java:83)
        at org.apache.hadoop.metrics2.impl.MetricsSinkAdapter.publishMetricsFromQueue(MetricsSinkAdapter.java:135)
        at org.apache.hadoop.metrics2.impl.MetricsSinkAdapter$1.run(MetricsSinkAdapter.java:89)
"5317d628-7528-4015-930b-d89d4a444778@group-BAC3D6A46238-StateMachineUpdater" daemon prio=5 tid=702 timed_waiting
java.lang.Thread.State: TIMED_WAITING
        at sun.misc.Unsafe.park(Native Method)
        at java.util.concurrent.locks.LockSupport.parkNanos(LockSupport.java:215)
        at java.util.concurrent.locks.AbstractQueuedSynchronizer$ConditionObject.await(AbstractQueuedSynchronizer.java:2163)
        at org.apache.ratis.util.AwaitForSignal.await(AwaitForSignal.java:62)
        at org.apache.ratis.server.impl.StateMachineUpdater.waitForCommit(StateMachineUpdater.java:209)
        at org.apache.ratis.server.impl.StateMachineUpdater.run(StateMachineUpdater.java:178)
        at java.lang.Thread.run(Thread.java:750)
"Datanode State Machine Daemon Thread" daemon prio=5 tid=249 timed_waiting
java.lang.Thread.State: TIMED_WAITING
        at java.lang.Thread.sleep(Native Method)
        at org.apache.hadoop.ozone.container.common.statemachine.DatanodeStateMachine.startStateMachineThread(DatanodeStateMachine.java:353)
        at org.apache.hadoop.ozone.container.common.statemachine.DatanodeStateMachine.lambda$startDaemon$0(DatanodeStateMachine.java:540)
        at org.apache.hadoop.ozone.container.common.statemachine.DatanodeStateMachine$$Lambda$1041/1491309043.run(Unknown Source)
        at java.lang.Thread.run(Thread.java:750)
"ChunkWriter-3-0" daemon prio=5 tid=502 in Object.wait()
java.lang.Thread.State: WAITING (on object monitor)
        at sun.misc.Unsafe.park(Native Method)
        at java.util.concurrent.locks.LockSupport.park(LockSupport.java:175)
        at java.util.concurrent.locks.AbstractQueuedSynchronizer$ConditionObject.await(AbstractQueuedSynchronizer.java:2039)
        at java.util.concurrent.LinkedBlockingDeque.takeFirst(LinkedBlockingDeque.java:492)
        at java.util.concurrent.LinkedBlockingDeque.take(LinkedBlockingDeque.java:680)
        at java.util.concurrent.ThreadPoolExecutor.getTask(ThreadPoolExecutor.java:1074)
        at java.util.concurrent.ThreadPoolExecutor.runWorker(ThreadPoolExecutor.java:1134)
        at java.util.concurrent.ThreadPoolExecutor$Worker.run(ThreadPoolExecutor.java:624)
        at java.lang.Thread.run(Thread.java:750)
"ChunkReader-ELG-0" daemon prio=5 tid=460 runnable
java.lang.Thread.State: RUNNABLE
        at org.apache.ratis.thirdparty.io.netty.channel.epoll.Native.epollWait0(Native Method)
        at org.apache.ratis.thirdparty.io.netty.channel.epoll.Native.epollWait(Native.java:182)
        at org.apache.ratis.thirdparty.io.netty.channel.epoll.EpollEventLoop.epollWait(EpollEventLoop.java:302)
        at org.apache.ratis.thirdparty.io.netty.channel.epoll.EpollEventLoop.run(EpollEventLoop.java:366)
        at org.apache.ratis.thirdparty.io.netty.util.concurrent.SingleThreadEventExecutor$4.run(SingleThreadEventExecutor.java:997)
        at org.apache.ratis.thirdparty.io.netty.util.internal.ThreadExecutorMap$2.run(ThreadExecutorMap.java:74)
        at java.lang.Thread.run(Thread.java:750)
"qtp1890737819-354" daemon prio=5 tid=354 timed_waiting
java.lang.Thread.State: TIMED_WAITING
        at sun.misc.Unsafe.park(Native Method)
        at java.util.concurrent.locks.LockSupport.parkNanos(LockSupport.java:215)
        at java.util.concurrent.locks.AbstractQueuedSynchronizer$ConditionObject.awaitNanos(AbstractQueuedSynchronizer.java:2078)
        at org.eclipse.jetty.util.BlockingArrayQueue.poll(BlockingArrayQueue.java:382)
        at org.eclipse.jetty.util.thread.QueuedThreadPool$Runner.idleJobPoll(QueuedThreadPool.java:974)
        at org.eclipse.jetty.util.thread.QueuedThreadPool$Runner.run(QueuedThreadPool.java:1018)
        at java.lang.Thread.run(Thread.java:750)
"ContainerOp-4f955fc0-ea69-486a-8109-13976fd52583-6"  prio=5 tid=1137 in Object.wait()
java.lang.Thread.State: WAITING (on object monitor)
        at sun.misc.Unsafe.park(Native Method)
        at java.util.concurrent.locks.LockSupport.park(LockSupport.java:175)
        at java.util.concurrent.locks.AbstractQueuedSynchronizer$ConditionObject.await(AbstractQueuedSynchronizer.java:2039)
        at java.util.concurrent.LinkedBlockingQueue.take(LinkedBlockingQueue.java:442)
        at java.util.concurrent.ThreadPoolExecutor.getTask(ThreadPoolExecutor.java:1074)
        at java.util.concurrent.ThreadPoolExecutor.runWorker(ThreadPoolExecutor.java:1134)
        at java.util.concurrent.ThreadPoolExecutor$Worker.run(ThreadPoolExecutor.java:624)
        at java.lang.Thread.run(Thread.java:750)
"EventQueue-NodeRegistrationContainerReportForContainerSafeModeRule" daemon prio=5 tid=555 in Object.wait()
java.lang.Thread.State: WAITING (on object monitor)
        at sun.misc.Unsafe.park(Native Method)
        at java.util.concurrent.locks.LockSupport.park(LockSupport.java:175)
        at java.util.concurrent.locks.AbstractQueuedSynchronizer$ConditionObject.await(AbstractQueuedSynchronizer.java:2039)
        at java.util.concurrent.LinkedBlockingQueue.take(LinkedBlockingQueue.java:442)
        at java.util.concurrent.ThreadPoolExecutor.getTask(ThreadPoolExecutor.java:1074)
        at java.util.concurrent.ThreadPoolExecutor.runWorker(ThreadPoolExecutor.java:1134)
        at java.util.concurrent.ThreadPoolExecutor$Worker.run(ThreadPoolExecutor.java:624)
        at java.lang.Thread.run(Thread.java:750)
"ChunkReader-5" daemon prio=5 tid=1305 in Object.wait()
java.lang.Thread.State: WAITING (on object monitor)
        at sun.misc.Unsafe.park(Native Method)
        at java.util.concurrent.locks.LockSupport.park(LockSupport.java:175)
        at java.util.concurrent.locks.AbstractQueuedSynchronizer$ConditionObject.await(AbstractQueuedSynchronizer.java:2039)
        at java.util.concurrent.LinkedBlockingQueue.take(LinkedBlockingQueue.java:442)
        at java.util.concurrent.ThreadPoolExecutor.getTask(ThreadPoolExecutor.java:1074)
        at java.util.concurrent.ThreadPoolExecutor.runWorker(ThreadPoolExecutor.java:1134)
        at java.util.concurrent.ThreadPoolExecutor$Worker.run(ThreadPoolExecutor.java:624)
        at java.lang.Thread.run(Thread.java:750)
"Datanode State Machine Task Thread - 1"  prio=5 tid=494 in Object.wait()
java.lang.Thread.State: WAITING (on object monitor)
        at sun.misc.Unsafe.park(Native Method)
        at java.util.concurrent.locks.LockSupport.park(LockSupport.java:175)
        at java.util.concurrent.locks.AbstractQueuedSynchronizer$ConditionObject.await(AbstractQueuedSynchronizer.java:2039)
        at java.util.concurrent.LinkedBlockingQueue.take(LinkedBlockingQueue.java:442)
        at java.util.concurrent.ThreadPoolExecutor.getTask(ThreadPoolExecutor.java:1074)
        at java.util.concurrent.ThreadPoolExecutor.runWorker(ThreadPoolExecutor.java:1134)
        at java.util.concurrent.ThreadPoolExecutor$Worker.run(ThreadPoolExecutor.java:624)
        at java.lang.Thread.run(Thread.java:750)
"9305807b-68e0-4de4-9f06-795e0c374ac6@group-8CC713DA5931-SegmentedRaftLogWorker" daemon prio=5 tid=687 timed_waiting
java.lang.Thread.State: TIMED_WAITING
        at sun.misc.Unsafe.park(Native Method)
        at java.util.concurrent.locks.LockSupport.parkNanos(LockSupport.java:215)
        at java.util.concurrent.locks.AbstractQueuedSynchronizer$ConditionObject.awaitNanos(AbstractQueuedSynchronizer.java:2078)
        at org.apache.ratis.util.DataBlockingQueue.poll(DataBlockingQueue.java:148)
        at org.apache.ratis.server.raftlog.segmented.SegmentedRaftLogWorker.run(SegmentedRaftLogWorker.java:307)
        at org.apache.ratis.server.raftlog.segmented.SegmentedRaftLogWorker$$Lambda$841/2058580550.run(Unknown Source)
        at java.util.concurrent.Executors$RunnableAdapter.call(Executors.java:511)
        at java.util.concurrent.FutureTask.run(FutureTask.java:266)
        at java.util.concurrent.ThreadPoolExecutor.runWorker(ThreadPoolExecutor.java:1149)
        at java.util.concurrent.ThreadPoolExecutor$Worker.run(ThreadPoolExecutor.java:624)
        at java.lang.Thread.run(Thread.java:750)
"ChunkReader-2" daemon prio=5 tid=1092 in Object.wait()
java.lang.Thread.State: WAITING (on object monitor)
        at sun.misc.Unsafe.park(Native Method)
        at java.util.concurrent.locks.LockSupport.park(LockSupport.java:175)
        at java.util.concurrent.locks.AbstractQueuedSynchronizer$ConditionObject.await(AbstractQueuedSynchronizer.java:2039)
        at java.util.concurrent.LinkedBlockingQueue.take(LinkedBlockingQueue.java:442)
        at java.util.concurrent.ThreadPoolExecutor.getTask(ThreadPoolExecutor.java:1074)
        at java.util.concurrent.ThreadPoolExecutor.runWorker(ThreadPoolExecutor.java:1134)
        at java.util.concurrent.ThreadPoolExecutor$Worker.run(ThreadPoolExecutor.java:624)
        at java.lang.Thread.run(Thread.java:750)
"ChunkReader-0" daemon prio=5 tid=1247 in Object.wait()
java.lang.Thread.State: WAITING (on object monitor)
        at sun.misc.Unsafe.park(Native Method)
        at java.util.concurrent.locks.LockSupport.park(LockSupport.java:175)
        at java.util.concurrent.locks.AbstractQueuedSynchronizer$ConditionObject.await(AbstractQueuedSynchronizer.java:2039)
        at java.util.concurrent.LinkedBlockingQueue.take(LinkedBlockingQueue.java:442)
        at java.util.concurrent.ThreadPoolExecutor.getTask(ThreadPoolExecutor.java:1074)
        at java.util.concurrent.ThreadPoolExecutor.runWorker(ThreadPoolExecutor.java:1134)
        at java.util.concurrent.ThreadPoolExecutor$Worker.run(ThreadPoolExecutor.java:624)
        at java.lang.Thread.run(Thread.java:750)
"Session-HouseKeeper-6b9b4c19-1"  prio=5 tid=300 timed_waiting
java.lang.Thread.State: TIMED_WAITING
        at sun.misc.Unsafe.park(Native Method)
        at java.util.concurrent.locks.LockSupport.parkNanos(LockSupport.java:215)
        at java.util.concurrent.locks.AbstractQueuedSynchronizer$ConditionObject.awaitNanos(AbstractQueuedSynchronizer.java:2078)
        at java.util.concurrent.ScheduledThreadPoolExecutor$DelayedWorkQueue.take(ScheduledThreadPoolExecutor.java:1093)
        at java.util.concurrent.ScheduledThreadPoolExecutor$DelayedWorkQueue.take(ScheduledThreadPoolExecutor.java:809)
        at java.util.concurrent.ThreadPoolExecutor.getTask(ThreadPoolExecutor.java:1074)
        at java.util.concurrent.ThreadPoolExecutor.runWorker(ThreadPoolExecutor.java:1134)
        at java.util.concurrent.ThreadPoolExecutor$Worker.run(ThreadPoolExecutor.java:624)
        at java.lang.Thread.run(Thread.java:750)
"9fc007ee-6328-4e66-a7f4-dfd370a25fec@group-8A617CCA13DF-SegmentedRaftLogWorker" daemon prio=5 tid=814 timed_waiting
java.lang.Thread.State: TIMED_WAITING
        at sun.misc.Unsafe.park(Native Method)
        at java.util.concurrent.locks.LockSupport.parkNanos(LockSupport.java:215)
        at java.util.concurrent.locks.AbstractQueuedSynchronizer$ConditionObject.awaitNanos(AbstractQueuedSynchronizer.java:2078)
        at org.apache.ratis.util.DataBlockingQueue.poll(DataBlockingQueue.java:148)
        at org.apache.ratis.server.raftlog.segmented.SegmentedRaftLogWorker.run(SegmentedRaftLogWorker.java:307)
        at org.apache.ratis.server.raftlog.segmented.SegmentedRaftLogWorker$$Lambda$841/2058580550.run(Unknown Source)
        at java.util.concurrent.Executors$RunnableAdapter.call(Executors.java:511)
        at java.util.concurrent.FutureTask.run(FutureTask.java:266)
        at java.util.concurrent.ThreadPoolExecutor.runWorker(ThreadPoolExecutor.java:1149)
        at java.util.concurrent.ThreadPoolExecutor$Worker.run(ThreadPoolExecutor.java:624)
        at java.lang.Thread.run(Thread.java:750)
"IPC Server idle connection scanner for port 15028" daemon prio=5 tid=274 timed_waiting
java.lang.Thread.State: TIMED_WAITING
        at java.lang.Object.wait(Native Method)
        at java.util.TimerThread.mainLoop(Timer.java:552)
        at java.util.TimerThread.run(Timer.java:505)
"6f9d3266-b874-4586-a718-9027df6ff647-server-thread2" daemon prio=5 tid=955 timed_waiting
java.lang.Thread.State: TIMED_WAITING
        at sun.misc.Unsafe.park(Native Method)
        at java.util.concurrent.locks.LockSupport.parkNanos(LockSupport.java:215)
        at java.util.concurrent.SynchronousQueue$TransferStack.awaitFulfill(SynchronousQueue.java:460)
        at java.util.concurrent.SynchronousQueue$TransferStack.transfer(SynchronousQueue.java:362)
        at java.util.concurrent.SynchronousQueue.poll(SynchronousQueue.java:941)
        at java.util.concurrent.ThreadPoolExecutor.getTask(ThreadPoolExecutor.java:1073)
        at java.util.concurrent.ThreadPoolExecutor.runWorker(ThreadPoolExecutor.java:1134)
        at java.util.concurrent.ThreadPoolExecutor$Worker.run(ThreadPoolExecutor.java:624)
        at java.lang.Thread.run(Thread.java:750)
"b431013d-a75d-44b2-a41a-a2e98e506a92@group-8A617CCA13DF->9fc007ee-6328-4e66-a7f4-dfd370a25fec-GrpcLogAppender-LogAppenderDaemon" daemon prio=5 tid=967 timed_waiting
java.lang.Thread.State: TIMED_WAITING
        at sun.misc.Unsafe.park(Native Method)
        at java.util.concurrent.locks.LockSupport.parkNanos(LockSupport.java:215)
        at java.util.concurrent.locks.AbstractQueuedSynchronizer$ConditionObject.await(AbstractQueuedSynchronizer.java:2163)
        at org.apache.ratis.util.AwaitForSignal.await(AwaitForSignal.java:62)
        at org.apache.ratis.grpc.server.GrpcLogAppender.mayWait(GrpcLogAppender.java:197)
        at org.apache.ratis.grpc.server.GrpcLogAppender.run(GrpcLogAppender.java:148)
        at org.apache.ratis.server.leader.LogAppenderDaemon.run(LogAppenderDaemon.java:78)
        at org.apache.ratis.server.leader.LogAppenderDaemon$$Lambda$1267/2040149817.run(Unknown Source)
        at java.lang.Thread.run(Thread.java:750)
"StaleRecoveringContainerScrubbingService#2" daemon prio=5 tid=1629 in Object.wait()
java.lang.Thread.State: WAITING (on object monitor)
        at sun.misc.Unsafe.park(Native Method)
        at java.util.concurrent.locks.LockSupport.park(LockSupport.java:175)
        at java.util.concurrent.locks.AbstractQueuedSynchronizer$ConditionObject.await(AbstractQueuedSynchronizer.java:2039)
        at java.util.concurrent.ScheduledThreadPoolExecutor$DelayedWorkQueue.take(ScheduledThreadPoolExecutor.java:1088)
        at java.util.concurrent.ScheduledThreadPoolExecutor$DelayedWorkQueue.take(ScheduledThreadPoolExecutor.java:809)
        at java.util.concurrent.ThreadPoolExecutor.getTask(ThreadPoolExecutor.java:1074)
        at java.util.concurrent.ThreadPoolExecutor.runWorker(ThreadPoolExecutor.java:1134)
        at java.util.concurrent.ThreadPoolExecutor$Worker.run(ThreadPoolExecutor.java:624)
        at java.lang.Thread.run(Thread.java:750)
"IPC Server handler 0 on default port 15046" daemon prio=5 tid=335 timed_waiting
java.lang.Thread.State: TIMED_WAITING
        at sun.misc.Unsafe.park(Native Method)
        at java.util.concurrent.locks.LockSupport.parkNanos(LockSupport.java:215)
        at java.util.concurrent.locks.AbstractQueuedSynchronizer$ConditionObject.awaitNanos(AbstractQueuedSynchronizer.java:2078)
        at java.util.concurrent.LinkedBlockingQueue.poll(LinkedBlockingQueue.java:467)
        at org.apache.hadoop.ipc.CallQueueManager.take(CallQueueManager.java:317)
        at org.apache.hadoop.ipc.Server$Handler.run(Server.java:3014)
"ChunkWriter-0-0" daemon prio=5 tid=596 in Object.wait()
java.lang.Thread.State: WAITING (on object monitor)
        at sun.misc.Unsafe.park(Native Method)
        at java.util.concurrent.locks.LockSupport.park(LockSupport.java:175)
        at java.util.concurrent.locks.AbstractQueuedSynchronizer$ConditionObject.await(AbstractQueuedSynchronizer.java:2039)
        at java.util.concurrent.LinkedBlockingDeque.takeFirst(LinkedBlockingDeque.java:492)
        at java.util.concurrent.LinkedBlockingDeque.take(LinkedBlockingDeque.java:680)
        at java.util.concurrent.ThreadPoolExecutor.getTask(ThreadPoolExecutor.java:1074)
        at java.util.concurrent.ThreadPoolExecutor.runWorker(ThreadPoolExecutor.java:1134)
        at java.util.concurrent.ThreadPoolExecutor$Worker.run(ThreadPoolExecutor.java:624)
        at java.lang.Thread.run(Thread.java:750)
"IPC Server handler 17 on default port 15001" daemon prio=5 tid=103 timed_waiting
java.lang.Thread.State: TIMED_WAITING
        at sun.misc.Unsafe.park(Native Method)
        at java.util.concurrent.locks.LockSupport.parkNanos(LockSupport.java:215)
        at java.util.concurrent.locks.AbstractQueuedSynchronizer$ConditionObject.awaitNanos(AbstractQueuedSynchronizer.java:2078)
        at java.util.concurrent.LinkedBlockingQueue.poll(LinkedBlockingQueue.java:467)
        at org.apache.hadoop.ipc.CallQueueManager.take(CallQueueManager.java:317)
        at org.apache.hadoop.ipc.Server$Handler.run(Server.java:3014)
"Command processor thread" daemon prio=5 tid=313 timed_waiting
java.lang.Thread.State: TIMED_WAITING
        at java.lang.Thread.sleep(Native Method)
        at org.apache.hadoop.ozone.container.common.statemachine.DatanodeStateMachine.lambda$initCommandHandlerThread$3(DatanodeStateMachine.java:667)
        at org.apache.hadoop.ozone.container.common.statemachine.DatanodeStateMachine$$Lambda$1043/1121353957.run(Unknown Source)
        at java.lang.Thread.run(Thread.java:750)
"ContainerOp-00044fda-cf71-4d00-9eb5-8cc713da5931-0"  prio=5 tid=1035 in Object.wait()
java.lang.Thread.State: WAITING (on object monitor)
        at sun.misc.Unsafe.park(Native Method)
        at java.util.concurrent.locks.LockSupport.park(LockSupport.java:175)
        at java.util.concurrent.locks.AbstractQueuedSynchronizer$ConditionObject.await(AbstractQueuedSynchronizer.java:2039)
        at java.util.concurrent.LinkedBlockingQueue.take(LinkedBlockingQueue.java:442)
        at java.util.concurrent.ThreadPoolExecutor.getTask(ThreadPoolExecutor.java:1074)
        at java.util.concurrent.ThreadPoolExecutor.runWorker(ThreadPoolExecutor.java:1134)
        at java.util.concurrent.ThreadPoolExecutor$Worker.run(ThreadPoolExecutor.java:624)
        at java.lang.Thread.run(Thread.java:750)
"Datanode ReportManager Thread - 1" daemon prio=5 tid=280 in Object.wait()
java.lang.Thread.State: WAITING (on object monitor)
        at sun.misc.Unsafe.park(Native Method)
        at java.util.concurrent.locks.LockSupport.park(LockSupport.java:175)
        at java.util.concurrent.locks.AbstractQueuedSynchronizer$ConditionObject.await(AbstractQueuedSynchronizer.java:2039)
        at java.util.concurrent.ScheduledThreadPoolExecutor$DelayedWorkQueue.take(ScheduledThreadPoolExecutor.java:1088)
        at java.util.concurrent.ScheduledThreadPoolExecutor$DelayedWorkQueue.take(ScheduledThreadPoolExecutor.java:809)
        at java.util.concurrent.ThreadPoolExecutor.getTask(ThreadPoolExecutor.java:1074)
        at java.util.concurrent.ThreadPoolExecutor.runWorker(ThreadPoolExecutor.java:1134)
        at java.util.concurrent.ThreadPoolExecutor$Worker.run(ThreadPoolExecutor.java:624)
        at java.lang.Thread.run(Thread.java:750)
"ChunkWriter-0-0" daemon prio=5 tid=580 in Object.wait()
java.lang.Thread.State: WAITING (on object monitor)
        at sun.misc.Unsafe.park(Native Method)
        at java.util.concurrent.locks.LockSupport.park(LockSupport.java:175)
        at java.util.concurrent.locks.AbstractQueuedSynchronizer$ConditionObject.await(AbstractQueuedSynchronizer.java:2039)
        at java.util.concurrent.LinkedBlockingDeque.takeFirst(LinkedBlockingDeque.java:492)
        at java.util.concurrent.LinkedBlockingDeque.take(LinkedBlockingDeque.java:680)
        at java.util.concurrent.ThreadPoolExecutor.getTask(ThreadPoolExecutor.java:1074)
        at java.util.concurrent.ThreadPoolExecutor.runWorker(ThreadPoolExecutor.java:1134)
        at java.util.concurrent.ThreadPoolExecutor$Worker.run(ThreadPoolExecutor.java:624)
        at java.lang.Thread.run(Thread.java:750)
"5317d628-7528-4015-930b-d89d4a444778@group-4398ACCF5932-SegmentedRaftLogWorker"  prio=5 tid=666 timed_waiting
java.lang.Thread.State: TIMED_WAITING
        at sun.misc.Unsafe.park(Native Method)
        at java.util.concurrent.locks.LockSupport.parkNanos(LockSupport.java:215)
        at java.util.concurrent.locks.AbstractQueuedSynchronizer$ConditionObject.awaitNanos(AbstractQueuedSynchronizer.java:2078)
        at org.apache.ratis.util.DataBlockingQueue.poll(DataBlockingQueue.java:148)
        at org.apache.ratis.server.raftlog.segmented.SegmentedRaftLogWorker.run(SegmentedRaftLogWorker.java:307)
        at org.apache.ratis.server.raftlog.segmented.SegmentedRaftLogWorker$$Lambda$841/2058580550.run(Unknown Source)
        at java.util.concurrent.Executors$RunnableAdapter.call(Executors.java:511)
        at java.util.concurrent.FutureTask.run(FutureTask.java:266)
        at java.util.concurrent.ThreadPoolExecutor.runWorker(ThreadPoolExecutor.java:1149)
        at java.util.concurrent.ThreadPoolExecutor$Worker.run(ThreadPoolExecutor.java:624)
        at java.lang.Thread.run(Thread.java:750)
"pool-202-thread-1" daemon prio=5 tid=579 timed_waiting
java.lang.Thread.State: TIMED_WAITING
        at sun.misc.Unsafe.park(Native Method)
        at java.util.concurrent.locks.LockSupport.parkNanos(LockSupport.java:215)
        at java.util.concurrent.locks.AbstractQueuedSynchronizer$ConditionObject.awaitNanos(AbstractQueuedSynchronizer.java:2078)
        at java.util.concurrent.ScheduledThreadPoolExecutor$DelayedWorkQueue.take(ScheduledThreadPoolExecutor.java:1093)
        at java.util.concurrent.ScheduledThreadPoolExecutor$DelayedWorkQueue.take(ScheduledThreadPoolExecutor.java:809)
        at java.util.concurrent.ThreadPoolExecutor.getTask(ThreadPoolExecutor.java:1074)
        at java.util.concurrent.ThreadPoolExecutor.runWorker(ThreadPoolExecutor.java:1134)
        at java.util.concurrent.ThreadPoolExecutor$Worker.run(ThreadPoolExecutor.java:624)
        at java.lang.Thread.run(Thread.java:750)
"5317d628-7528-4015-930b-d89d4a444778@group-D84CB1ADCB76-StateMachineUpdater" daemon prio=5 tid=671 timed_waiting
java.lang.Thread.State: TIMED_WAITING
        at sun.misc.Unsafe.park(Native Method)
        at java.util.concurrent.locks.LockSupport.parkNanos(LockSupport.java:215)
        at java.util.concurrent.locks.AbstractQueuedSynchronizer$ConditionObject.await(AbstractQueuedSynchronizer.java:2163)
        at org.apache.ratis.util.AwaitForSignal.await(AwaitForSignal.java:62)
        at org.apache.ratis.server.impl.StateMachineUpdater.waitForCommit(StateMachineUpdater.java:209)
        at org.apache.ratis.server.impl.StateMachineUpdater.run(StateMachineUpdater.java:178)
        at java.lang.Thread.run(Thread.java:750)
"ContainerOp-88f45a07-8f45-4f74-a1d0-23200bb8a37d-0"  prio=5 tid=1071 in Object.wait()
java.lang.Thread.State: WAITING (on object monitor)
        at sun.misc.Unsafe.park(Native Method)
        at java.util.concurrent.locks.LockSupport.park(LockSupport.java:175)
        at java.util.concurrent.locks.AbstractQueuedSynchronizer$ConditionObject.await(AbstractQueuedSynchronizer.java:2039)
        at java.util.concurrent.LinkedBlockingQueue.take(LinkedBlockingQueue.java:442)
        at java.util.concurrent.ThreadPoolExecutor.getTask(ThreadPoolExecutor.java:1074)
        at java.util.concurrent.ThreadPoolExecutor.runWorker(ThreadPoolExecutor.java:1134)
        at java.util.concurrent.ThreadPoolExecutor$Worker.run(ThreadPoolExecutor.java:624)
        at java.lang.Thread.run(Thread.java:750)
"ChunkReader-8" daemon prio=5 tid=1282 in Object.wait()
java.lang.Thread.State: WAITING (on object monitor)
        at sun.misc.Unsafe.park(Native Method)
        at java.util.concurrent.locks.LockSupport.park(LockSupport.java:175)
        at java.util.concurrent.locks.AbstractQueuedSynchronizer$ConditionObject.await(AbstractQueuedSynchronizer.java:2039)
        at java.util.concurrent.LinkedBlockingQueue.take(LinkedBlockingQueue.java:442)
        at java.util.concurrent.ThreadPoolExecutor.getTask(ThreadPoolExecutor.java:1074)
        at java.util.concurrent.ThreadPoolExecutor.runWorker(ThreadPoolExecutor.java:1134)
        at java.util.concurrent.ThreadPoolExecutor$Worker.run(ThreadPoolExecutor.java:624)
        at java.lang.Thread.run(Thread.java:750)
"9305807b-68e0-4de4-9f06-795e0c374ac6-server-thread2" daemon prio=5 tid=912 timed_waiting
java.lang.Thread.State: TIMED_WAITING
        at sun.misc.Unsafe.park(Native Method)
        at java.util.concurrent.locks.LockSupport.parkNanos(LockSupport.java:215)
        at java.util.concurrent.SynchronousQueue$TransferStack.awaitFulfill(SynchronousQueue.java:460)
        at java.util.concurrent.SynchronousQueue$TransferStack.transfer(SynchronousQueue.java:362)
        at java.util.concurrent.SynchronousQueue.poll(SynchronousQueue.java:941)
        at java.util.concurrent.ThreadPoolExecutor.getTask(ThreadPoolExecutor.java:1073)
        at java.util.concurrent.ThreadPoolExecutor.runWorker(ThreadPoolExecutor.java:1134)
        at java.util.concurrent.ThreadPoolExecutor$Worker.run(ThreadPoolExecutor.java:624)
        at java.lang.Thread.run(Thread.java:750)
"ContainerOp-761249f9-8bb6-41bf-974d-4398accf5932-8"  prio=5 tid=1190 in Object.wait()
java.lang.Thread.State: WAITING (on object monitor)
        at sun.misc.Unsafe.park(Native Method)
        at java.util.concurrent.locks.LockSupport.park(LockSupport.java:175)
        at java.util.concurrent.locks.AbstractQueuedSynchronizer$ConditionObject.await(AbstractQueuedSynchronizer.java:2039)
        at java.util.concurrent.LinkedBlockingQueue.take(LinkedBlockingQueue.java:442)
        at java.util.concurrent.ThreadPoolExecutor.getTask(ThreadPoolExecutor.java:1074)
        at java.util.concurrent.ThreadPoolExecutor.runWorker(ThreadPoolExecutor.java:1134)
        at java.util.concurrent.ThreadPoolExecutor$Worker.run(ThreadPoolExecutor.java:624)
        at java.lang.Thread.run(Thread.java:750)
"9305807b-68e0-4de4-9f06-795e0c374ac6@group-D84CB1ADCB76-StateMachineUpdater" daemon prio=5 tid=677 timed_waiting
java.lang.Thread.State: TIMED_WAITING
        at sun.misc.Unsafe.park(Native Method)
        at java.util.concurrent.locks.LockSupport.parkNanos(LockSupport.java:215)
        at java.util.concurrent.locks.AbstractQueuedSynchronizer$ConditionObject.await(AbstractQueuedSynchronizer.java:2163)
        at org.apache.ratis.util.AwaitForSignal.await(AwaitForSignal.java:62)
        at org.apache.ratis.server.impl.StateMachineUpdater.waitForCommit(StateMachineUpdater.java:209)
        at org.apache.ratis.server.impl.StateMachineUpdater.run(StateMachineUpdater.java:178)
        at java.lang.Thread.run(Thread.java:750)
"9305807b-68e0-4de4-9f06-795e0c374ac6-DataStreamManagement-request--thread5"  prio=5 tid=1043 in Object.wait()
java.lang.Thread.State: WAITING (on object monitor)
        at sun.misc.Unsafe.park(Native Method)
        at java.util.concurrent.locks.LockSupport.park(LockSupport.java:175)
        at java.util.concurrent.locks.AbstractQueuedSynchronizer$ConditionObject.await(AbstractQueuedSynchronizer.java:2039)
        at java.util.concurrent.LinkedBlockingQueue.take(LinkedBlockingQueue.java:442)
        at java.util.concurrent.ThreadPoolExecutor.getTask(ThreadPoolExecutor.java:1074)
        at java.util.concurrent.ThreadPoolExecutor.runWorker(ThreadPoolExecutor.java:1134)
        at java.util.concurrent.ThreadPoolExecutor$Worker.run(ThreadPoolExecutor.java:624)
        at java.lang.Thread.run(Thread.java:750)
"pool-169-thread-1"  prio=5 tid=291 timed_waiting
java.lang.Thread.State: TIMED_WAITING
        at sun.misc.Unsafe.park(Native Method)
        at java.util.concurrent.locks.LockSupport.parkNanos(LockSupport.java:215)
        at java.util.concurrent.locks.AbstractQueuedSynchronizer$ConditionObject.awaitNanos(AbstractQueuedSynchronizer.java:2078)
        at java.util.concurrent.ScheduledThreadPoolExecutor$DelayedWorkQueue.take(ScheduledThreadPoolExecutor.java:1093)
        at java.util.concurrent.ScheduledThreadPoolExecutor$DelayedWorkQueue.take(ScheduledThreadPoolExecutor.java:809)
        at java.util.concurrent.ThreadPoolExecutor.getTask(ThreadPoolExecutor.java:1074)
        at java.util.concurrent.ThreadPoolExecutor.runWorker(ThreadPoolExecutor.java:1134)
        at java.util.concurrent.ThreadPoolExecutor$Worker.run(ThreadPoolExecutor.java:624)
        at java.lang.Thread.run(Thread.java:750)
"EventQueue-PipelineReportForOneReplicaPipelineSafeModeRule" daemon prio=5 tid=557 in Object.wait()
java.lang.Thread.State: WAITING (on object monitor)
        at sun.misc.Unsafe.park(Native Method)
        at java.util.concurrent.locks.LockSupport.park(LockSupport.java:175)
        at java.util.concurrent.locks.AbstractQueuedSynchronizer$ConditionObject.await(AbstractQueuedSynchronizer.java:2039)
        at java.util.concurrent.LinkedBlockingQueue.take(LinkedBlockingQueue.java:442)
        at java.util.concurrent.ThreadPoolExecutor.getTask(ThreadPoolExecutor.java:1074)
        at java.util.concurrent.ThreadPoolExecutor.runWorker(ThreadPoolExecutor.java:1134)
        at java.util.concurrent.ThreadPoolExecutor$Worker.run(ThreadPoolExecutor.java:624)
        at java.lang.Thread.run(Thread.java:750)
"6f9d3266-b874-4586-a718-9027df6ff647@group-E0A3CFFD1989-SegmentedRaftLogWorker"  prio=5 tid=736 timed_waiting
java.lang.Thread.State: TIMED_WAITING
        at sun.misc.Unsafe.park(Native Method)
        at java.util.concurrent.locks.LockSupport.parkNanos(LockSupport.java:215)
        at java.util.concurrent.locks.AbstractQueuedSynchronizer$ConditionObject.awaitNanos(AbstractQueuedSynchronizer.java:2078)
        at org.apache.ratis.util.DataBlockingQueue.poll(DataBlockingQueue.java:148)
        at org.apache.ratis.server.raftlog.segmented.SegmentedRaftLogWorker.run(SegmentedRaftLogWorker.java:307)
        at org.apache.ratis.server.raftlog.segmented.SegmentedRaftLogWorker$$Lambda$841/2058580550.run(Unknown Source)
        at java.util.concurrent.Executors$RunnableAdapter.call(Executors.java:511)
        at java.util.concurrent.FutureTask.run(FutureTask.java:266)
        at java.util.concurrent.ThreadPoolExecutor.runWorker(ThreadPoolExecutor.java:1149)
        at java.util.concurrent.ThreadPoolExecutor$Worker.run(ThreadPoolExecutor.java:624)
        at java.lang.Thread.run(Thread.java:750)
"IPC Server handler 1 on default port 15004" daemon prio=5 tid=178 timed_waiting
java.lang.Thread.State: TIMED_WAITING
        at sun.misc.Unsafe.park(Native Method)
        at java.util.concurrent.locks.LockSupport.parkNanos(LockSupport.java:215)
        at java.util.concurrent.locks.AbstractQueuedSynchronizer$ConditionObject.awaitNanos(AbstractQueuedSynchronizer.java:2078)
        at java.util.concurrent.LinkedBlockingQueue.poll(LinkedBlockingQueue.java:467)
        at org.apache.hadoop.ipc.CallQueueManager.take(CallQueueManager.java:317)
        at org.apache.hadoop.ipc.Server$Handler.run(Server.java:3014)
"6f9d3266-b874-4586-a718-9027df6ff647-DataStreamManagement-request--thread6"  prio=5 tid=1112 in Object.wait()
java.lang.Thread.State: WAITING (on object monitor)
        at sun.misc.Unsafe.park(Native Method)
        at java.util.concurrent.locks.LockSupport.park(LockSupport.java:175)
        at java.util.concurrent.locks.AbstractQueuedSynchronizer$ConditionObject.await(AbstractQueuedSynchronizer.java:2039)
        at java.util.concurrent.LinkedBlockingQueue.take(LinkedBlockingQueue.java:442)
        at java.util.concurrent.ThreadPoolExecutor.getTask(ThreadPoolExecutor.java:1074)
        at java.util.concurrent.ThreadPoolExecutor.runWorker(ThreadPoolExecutor.java:1134)
        at java.util.concurrent.ThreadPoolExecutor$Worker.run(ThreadPoolExecutor.java:624)
        at java.lang.Thread.run(Thread.java:750)
"Datanode ReportManager Thread - 1" daemon prio=5 tid=251 in Object.wait()
java.lang.Thread.State: WAITING (on object monitor)
        at sun.misc.Unsafe.park(Native Method)
        at java.util.concurrent.locks.LockSupport.park(LockSupport.java:175)
        at java.util.concurrent.locks.AbstractQueuedSynchronizer$ConditionObject.await(AbstractQueuedSynchronizer.java:2039)
        at java.util.concurrent.ScheduledThreadPoolExecutor$DelayedWorkQueue.take(ScheduledThreadPoolExecutor.java:1088)
        at java.util.concurrent.ScheduledThreadPoolExecutor$DelayedWorkQueue.take(ScheduledThreadPoolExecutor.java:809)
        at java.util.concurrent.ThreadPoolExecutor.getTask(ThreadPoolExecutor.java:1074)
        at java.util.concurrent.ThreadPoolExecutor.runWorker(ThreadPoolExecutor.java:1134)
        at java.util.concurrent.ThreadPoolExecutor$Worker.run(ThreadPoolExecutor.java:624)
        at java.lang.Thread.run(Thread.java:750)
"ChunkReader-1" daemon prio=5 tid=1301 in Object.wait()
java.lang.Thread.State: WAITING (on object monitor)
        at sun.misc.Unsafe.park(Native Method)
        at java.util.concurrent.locks.LockSupport.park(LockSupport.java:175)
        at java.util.concurrent.locks.AbstractQueuedSynchronizer$ConditionObject.await(AbstractQueuedSynchronizer.java:2039)
        at java.util.concurrent.LinkedBlockingQueue.take(LinkedBlockingQueue.java:442)
        at java.util.concurrent.ThreadPoolExecutor.getTask(ThreadPoolExecutor.java:1074)
        at java.util.concurrent.ThreadPoolExecutor.runWorker(ThreadPoolExecutor.java:1134)
        at java.util.concurrent.ThreadPoolExecutor$Worker.run(ThreadPoolExecutor.java:624)
        at java.lang.Thread.run(Thread.java:750)
"pool-231-thread-1" daemon prio=5 tid=595 timed_waiting
java.lang.Thread.State: TIMED_WAITING
        at sun.misc.Unsafe.park(Native Method)
        at java.util.concurrent.locks.LockSupport.parkNanos(LockSupport.java:215)
        at java.util.concurrent.locks.AbstractQueuedSynchronizer$ConditionObject.awaitNanos(AbstractQueuedSynchronizer.java:2078)
        at java.util.concurrent.ScheduledThreadPoolExecutor$DelayedWorkQueue.take(ScheduledThreadPoolExecutor.java:1093)
        at java.util.concurrent.ScheduledThreadPoolExecutor$DelayedWorkQueue.take(ScheduledThreadPoolExecutor.java:809)
        at java.util.concurrent.ThreadPoolExecutor.getTask(ThreadPoolExecutor.java:1074)
        at java.util.concurrent.ThreadPoolExecutor.runWorker(ThreadPoolExecutor.java:1134)
        at java.util.concurrent.ThreadPoolExecutor$Worker.run(ThreadPoolExecutor.java:624)
        at java.lang.Thread.run(Thread.java:750)
"ContainerOp-870a759f-8d79-46e0-9830-9a5c66ffce8a-7"  prio=5 tid=1167 in Object.wait()
java.lang.Thread.State: WAITING (on object monitor)
        at sun.misc.Unsafe.park(Native Method)
        at java.util.concurrent.locks.LockSupport.park(LockSupport.java:175)
        at java.util.concurrent.locks.AbstractQueuedSynchronizer$ConditionObject.await(AbstractQueuedSynchronizer.java:2039)
        at java.util.concurrent.LinkedBlockingQueue.take(LinkedBlockingQueue.java:442)
        at java.util.concurrent.ThreadPoolExecutor.getTask(ThreadPoolExecutor.java:1074)
        at java.util.concurrent.ThreadPoolExecutor.runWorker(ThreadPoolExecutor.java:1134)
        at java.util.concurrent.ThreadPoolExecutor$Worker.run(ThreadPoolExecutor.java:624)
        at java.lang.Thread.run(Thread.java:750)
"80a9a8fe-8ad4-444c-8e90-e2ced2b3ac02@group-956EFEAD089C-SegmentedRaftLogWorker" daemon prio=5 tid=767 timed_waiting
java.lang.Thread.State: TIMED_WAITING
        at sun.misc.Unsafe.park(Native Method)
        at java.util.concurrent.locks.LockSupport.parkNanos(LockSupport.java:215)
        at java.util.concurrent.locks.AbstractQueuedSynchronizer$ConditionObject.awaitNanos(AbstractQueuedSynchronizer.java:2078)
        at org.apache.ratis.util.DataBlockingQueue.poll(DataBlockingQueue.java:148)
        at org.apache.ratis.server.raftlog.segmented.SegmentedRaftLogWorker.run(SegmentedRaftLogWorker.java:307)
        at org.apache.ratis.server.raftlog.segmented.SegmentedRaftLogWorker$$Lambda$841/2058580550.run(Unknown Source)
        at java.util.concurrent.Executors$RunnableAdapter.call(Executors.java:511)
        at java.util.concurrent.FutureTask.run(FutureTask.java:266)
        at java.util.concurrent.ThreadPoolExecutor.runWorker(ThreadPoolExecutor.java:1149)
        at java.util.concurrent.ThreadPoolExecutor$Worker.run(ThreadPoolExecutor.java:624)
        at java.lang.Thread.run(Thread.java:750)
"IPC Server handler 15 on default port 15000" daemon prio=5 tid=81 timed_waiting
java.lang.Thread.State: TIMED_WAITING
        at sun.misc.Unsafe.park(Native Method)
        at java.util.concurrent.locks.LockSupport.parkNanos(LockSupport.java:215)
        at java.util.concurrent.locks.AbstractQueuedSynchronizer$ConditionObject.awaitNanos(AbstractQueuedSynchronizer.java:2078)
        at java.util.concurrent.LinkedBlockingQueue.poll(LinkedBlockingQueue.java:467)
        at org.apache.hadoop.ipc.CallQueueManager.take(CallQueueManager.java:317)
        at org.apache.hadoop.ipc.Server$Handler.run(Server.java:3014)
"ContainerOp-c91f7595-1a01-480b-b225-52482a170bd1-1"  prio=5 tid=1235 in Object.wait()
java.lang.Thread.State: WAITING (on object monitor)
        at sun.misc.Unsafe.park(Native Method)
        at java.util.concurrent.locks.LockSupport.park(LockSupport.java:175)
        at java.util.concurrent.locks.AbstractQueuedSynchronizer$ConditionObject.await(AbstractQueuedSynchronizer.java:2039)
        at java.util.concurrent.LinkedBlockingQueue.take(LinkedBlockingQueue.java:442)
        at java.util.concurrent.ThreadPoolExecutor.getTask(ThreadPoolExecutor.java:1074)
        at java.util.concurrent.ThreadPoolExecutor.runWorker(ThreadPoolExecutor.java:1134)
        at java.util.concurrent.ThreadPoolExecutor$Worker.run(ThreadPoolExecutor.java:624)
        at java.lang.Thread.run(Thread.java:750)
"qtp508662500-294" daemon prio=5 tid=294 timed_waiting
java.lang.Thread.State: TIMED_WAITING
        at sun.misc.Unsafe.park(Native Method)
        at java.util.concurrent.locks.LockSupport.parkNanos(LockSupport.java:215)
        at java.util.concurrent.locks.AbstractQueuedSynchronizer$ConditionObject.awaitNanos(AbstractQueuedSynchronizer.java:2078)
        at org.eclipse.jetty.util.BlockingArrayQueue.poll(BlockingArrayQueue.java:382)
        at org.eclipse.jetty.util.thread.QueuedThreadPool$Runner.idleJobPoll(QueuedThreadPool.java:974)
        at org.eclipse.jetty.util.thread.QueuedThreadPool$Runner.run(QueuedThreadPool.java:1018)
        at java.lang.Thread.run(Thread.java:750)
"6f9d3266-b874-4586-a718-9027df6ff647-DataStreamManagement-request--thread4"  prio=5 tid=1107 in Object.wait()
java.lang.Thread.State: WAITING (on object monitor)
        at sun.misc.Unsafe.park(Native Method)
        at java.util.concurrent.locks.LockSupport.park(LockSupport.java:175)
        at java.util.concurrent.locks.AbstractQueuedSynchronizer$ConditionObject.await(AbstractQueuedSynchronizer.java:2039)
        at java.util.concurrent.LinkedBlockingQueue.take(LinkedBlockingQueue.java:442)
        at java.util.concurrent.ThreadPoolExecutor.getTask(ThreadPoolExecutor.java:1074)
        at java.util.concurrent.ThreadPoolExecutor.runWorker(ThreadPoolExecutor.java:1134)
        at java.util.concurrent.ThreadPoolExecutor$Worker.run(ThreadPoolExecutor.java:624)
        at java.lang.Thread.run(Thread.java:750)
"qtp1873189623-18" daemon prio=5 tid=18 timed_waiting
java.lang.Thread.State: TIMED_WAITING
        at sun.misc.Unsafe.park(Native Method)
        at java.util.concurrent.locks.LockSupport.parkNanos(LockSupport.java:215)
        at java.util.concurrent.locks.AbstractQueuedSynchronizer$ConditionObject.awaitNanos(AbstractQueuedSynchronizer.java:2078)
        at org.eclipse.jetty.util.BlockingArrayQueue.poll(BlockingArrayQueue.java:382)
        at org.eclipse.jetty.util.thread.QueuedThreadPool$Runner.idleJobPoll(QueuedThreadPool.java:974)
        at org.eclipse.jetty.util.thread.QueuedThreadPool$Runner.run(QueuedThreadPool.java:1018)
        at java.lang.Thread.run(Thread.java:750)
"qtp1871212187-241" daemon prio=5 tid=241 timed_waiting
java.lang.Thread.State: TIMED_WAITING
        at sun.misc.Unsafe.park(Native Method)
        at java.util.concurrent.locks.LockSupport.parkNanos(LockSupport.java:215)
        at java.util.concurrent.locks.AbstractQueuedSynchronizer$ConditionObject.awaitNanos(AbstractQueuedSynchronizer.java:2078)
        at org.eclipse.jetty.util.BlockingArrayQueue.poll(BlockingArrayQueue.java:382)
        at org.eclipse.jetty.util.thread.QueuedThreadPool$Runner.idleJobPoll(QueuedThreadPool.java:974)
        at org.eclipse.jetty.util.thread.QueuedThreadPool$Runner.run(QueuedThreadPool.java:1018)
        at java.lang.Thread.run(Thread.java:750)
"ContainerOp-9e39b8f2-dd05-49f1-bf9a-d1a0b4f7e96e-0"  prio=5 tid=1019 in Object.wait()
java.lang.Thread.State: WAITING (on object monitor)
        at sun.misc.Unsafe.park(Native Method)
        at java.util.concurrent.locks.LockSupport.park(LockSupport.java:175)
        at java.util.concurrent.locks.AbstractQueuedSynchronizer$ConditionObject.await(AbstractQueuedSynchronizer.java:2039)
        at java.util.concurrent.LinkedBlockingQueue.take(LinkedBlockingQueue.java:442)
        at java.util.concurrent.ThreadPoolExecutor.getTask(ThreadPoolExecutor.java:1074)
        at java.util.concurrent.ThreadPoolExecutor.runWorker(ThreadPoolExecutor.java:1134)
        at java.util.concurrent.ThreadPoolExecutor$Worker.run(ThreadPoolExecutor.java:624)
        at java.lang.Thread.run(Thread.java:750)
"IPC Server listener on 15000" daemon prio=5 tid=51 runnable
java.lang.Thread.State: RUNNABLE
        at sun.nio.ch.EPollArrayWrapper.epollWait(Native Method)
        at sun.nio.ch.EPollArrayWrapper.poll(EPollArrayWrapper.java:269)
        at sun.nio.ch.EPollSelectorImpl.doSelect(EPollSelectorImpl.java:93)
        at sun.nio.ch.SelectorImpl.lockAndDoSelect(SelectorImpl.java:86)
        at sun.nio.ch.SelectorImpl.select(SelectorImpl.java:97)
        at sun.nio.ch.SelectorImpl.select(SelectorImpl.java:101)
        at org.apache.hadoop.ipc.Server$Listener.run(Server.java:1408)
"EndpointStateMachine task thread for /0.0.0.0:15002 - 0 "  prio=5 tid=360 in Object.wait()
java.lang.Thread.State: WAITING (on object monitor)
        at sun.misc.Unsafe.park(Native Method)
        at java.util.concurrent.locks.LockSupport.park(LockSupport.java:175)
        at java.util.concurrent.locks.AbstractQueuedSynchronizer$ConditionObject.await(AbstractQueuedSynchronizer.java:2039)
        at java.util.concurrent.LinkedBlockingQueue.take(LinkedBlockingQueue.java:442)
        at java.util.concurrent.ThreadPoolExecutor.getTask(ThreadPoolExecutor.java:1074)
        at java.util.concurrent.ThreadPoolExecutor.runWorker(ThreadPoolExecutor.java:1134)
        at java.util.concurrent.ThreadPoolExecutor$Worker.run(ThreadPoolExecutor.java:624)
        at java.lang.Thread.run(Thread.java:750)
"IPC Server idle connection scanner for port 15073" daemon prio=5 tid=467 timed_waiting
java.lang.Thread.State: TIMED_WAITING
        at java.lang.Object.wait(Native Method)
        at java.util.TimerThread.mainLoop(Timer.java:552)
        at java.util.TimerThread.run(Timer.java:505)
"Datanode ReportManager Thread - 4" daemon prio=5 tid=341 timed_waiting
java.lang.Thread.State: TIMED_WAITING
        at sun.misc.Unsafe.park(Native Method)
        at java.util.concurrent.locks.LockSupport.parkNanos(LockSupport.java:215)
        at java.util.concurrent.locks.AbstractQueuedSynchronizer$ConditionObject.awaitNanos(AbstractQueuedSynchronizer.java:2078)
        at java.util.concurrent.ScheduledThreadPoolExecutor$DelayedWorkQueue.take(ScheduledThreadPoolExecutor.java:1093)
        at java.util.concurrent.ScheduledThreadPoolExecutor$DelayedWorkQueue.take(ScheduledThreadPoolExecutor.java:809)
        at java.util.concurrent.ThreadPoolExecutor.getTask(ThreadPoolExecutor.java:1074)
        at java.util.concurrent.ThreadPoolExecutor.runWorker(ThreadPoolExecutor.java:1134)
        at java.util.concurrent.ThreadPoolExecutor$Worker.run(ThreadPoolExecutor.java:624)
        at java.lang.Thread.run(Thread.java:750)
"BlockDeletingService#3" daemon prio=5 tid=1654 in Object.wait()
java.lang.Thread.State: WAITING (on object monitor)
        at sun.misc.Unsafe.park(Native Method)
        at java.util.concurrent.locks.LockSupport.park(LockSupport.java:175)
        at java.util.concurrent.locks.AbstractQueuedSynchronizer$ConditionObject.await(AbstractQueuedSynchronizer.java:2039)
        at java.util.concurrent.ScheduledThreadPoolExecutor$DelayedWorkQueue.take(ScheduledThreadPoolExecutor.java:1088)
        at java.util.concurrent.ScheduledThreadPoolExecutor$DelayedWorkQueue.take(ScheduledThreadPoolExecutor.java:809)
        at java.util.concurrent.ThreadPoolExecutor.getTask(ThreadPoolExecutor.java:1074)
        at java.util.concurrent.ThreadPoolExecutor.runWorker(ThreadPoolExecutor.java:1134)
        at java.util.concurrent.ThreadPoolExecutor$Worker.run(ThreadPoolExecutor.java:624)
        at java.lang.Thread.run(Thread.java:750)
"b431013d-a75d-44b2-a41a-a2e98e506a92@group-95B153CB0731-StateMachineUpdater" daemon prio=5 tid=826 timed_waiting
java.lang.Thread.State: TIMED_WAITING
        at sun.misc.Unsafe.park(Native Method)
        at java.util.concurrent.locks.LockSupport.parkNanos(LockSupport.java:215)
        at java.util.concurrent.locks.AbstractQueuedSynchronizer$ConditionObject.await(AbstractQueuedSynchronizer.java:2163)
        at org.apache.ratis.util.AwaitForSignal.await(AwaitForSignal.java:62)
        at org.apache.ratis.server.impl.StateMachineUpdater.waitForCommit(StateMachineUpdater.java:209)
        at org.apache.ratis.server.impl.StateMachineUpdater.run(StateMachineUpdater.java:178)
        at java.lang.Thread.run(Thread.java:750)
"IPC Server handler 17 on default port 15004" daemon prio=5 tid=194 timed_waiting
java.lang.Thread.State: TIMED_WAITING
        at sun.misc.Unsafe.park(Native Method)
        at java.util.concurrent.locks.LockSupport.parkNanos(LockSupport.java:215)
        at java.util.concurrent.locks.AbstractQueuedSynchronizer$ConditionObject.awaitNanos(AbstractQueuedSynchronizer.java:2078)
        at java.util.concurrent.LinkedBlockingQueue.poll(LinkedBlockingQueue.java:467)
        at org.apache.hadoop.ipc.CallQueueManager.take(CallQueueManager.java:317)
        at org.apache.hadoop.ipc.Server$Handler.run(Server.java:3014)
"ContainerOp-9e39b8f2-dd05-49f1-bf9a-d1a0b4f7e96e-8"  prio=5 tid=1317 in Object.wait()
java.lang.Thread.State: WAITING (on object monitor)
        at sun.misc.Unsafe.park(Native Method)
        at java.util.concurrent.locks.LockSupport.park(LockSupport.java:175)
        at java.util.concurrent.locks.AbstractQueuedSynchronizer$ConditionObject.await(AbstractQueuedSynchronizer.java:2039)
        at java.util.concurrent.LinkedBlockingQueue.take(LinkedBlockingQueue.java:442)
        at java.util.concurrent.ThreadPoolExecutor.getTask(ThreadPoolExecutor.java:1074)
        at java.util.concurrent.ThreadPoolExecutor.runWorker(ThreadPoolExecutor.java:1134)
        at java.util.concurrent.ThreadPoolExecutor$Worker.run(ThreadPoolExecutor.java:624)
        at java.lang.Thread.run(Thread.java:750)
"6220322b-c54d-4ba8-95d6-5fd9b706d663-groupManagement"  prio=5 tid=741 in Object.wait()
java.lang.Thread.State: WAITING (on object monitor)
        at sun.misc.Unsafe.park(Native Method)
        at java.util.concurrent.locks.LockSupport.park(LockSupport.java:175)
        at java.util.concurrent.locks.AbstractQueuedSynchronizer$ConditionObject.await(AbstractQueuedSynchronizer.java:2039)
        at java.util.concurrent.LinkedBlockingQueue.take(LinkedBlockingQueue.java:442)
        at java.util.concurrent.ThreadPoolExecutor.getTask(ThreadPoolExecutor.java:1074)
        at java.util.concurrent.ThreadPoolExecutor.runWorker(ThreadPoolExecutor.java:1134)
        at java.util.concurrent.ThreadPoolExecutor$Worker.run(ThreadPoolExecutor.java:624)
        at java.lang.Thread.run(Thread.java:750)
"5317d628-7528-4015-930b-d89d4a444778-groupManagement"  prio=5 tid=665 in Object.wait()
java.lang.Thread.State: WAITING (on object monitor)
        at sun.misc.Unsafe.park(Native Method)
        at java.util.concurrent.locks.LockSupport.park(LockSupport.java:175)
        at java.util.concurrent.locks.AbstractQueuedSynchronizer$ConditionObject.await(AbstractQueuedSynchronizer.java:2039)
        at java.util.concurrent.LinkedBlockingQueue.take(LinkedBlockingQueue.java:442)
        at java.util.concurrent.ThreadPoolExecutor.getTask(ThreadPoolExecutor.java:1074)
        at java.util.concurrent.ThreadPoolExecutor.runWorker(ThreadPoolExecutor.java:1134)
        at java.util.concurrent.ThreadPoolExecutor$Worker.run(ThreadPoolExecutor.java:624)
        at java.lang.Thread.run(Thread.java:750)
"Datanode State Machine Daemon Thread" daemon prio=5 tid=336 timed_waiting
java.lang.Thread.State: TIMED_WAITING
        at java.lang.Thread.sleep(Native Method)
        at org.apache.hadoop.ozone.container.common.statemachine.DatanodeStateMachine.startStateMachineThread(DatanodeStateMachine.java:353)
        at org.apache.hadoop.ozone.container.common.statemachine.DatanodeStateMachine.lambda$startDaemon$0(DatanodeStateMachine.java:540)
        at org.apache.hadoop.ozone.container.common.statemachine.DatanodeStateMachine$$Lambda$1041/1491309043.run(Unknown Source)
        at java.lang.Thread.run(Thread.java:750)
"9fc007ee-6328-4e66-a7f4-dfd370a25fec-DataStreamManagement-request--thread6"  prio=5 tid=1390 in Object.wait()
java.lang.Thread.State: WAITING (on object monitor)
        at sun.misc.Unsafe.park(Native Method)
        at java.util.concurrent.locks.LockSupport.park(LockSupport.java:175)
        at java.util.concurrent.locks.AbstractQueuedSynchronizer$ConditionObject.await(AbstractQueuedSynchronizer.java:2039)
        at java.util.concurrent.LinkedBlockingQueue.take(LinkedBlockingQueue.java:442)
        at java.util.concurrent.ThreadPoolExecutor.getTask(ThreadPoolExecutor.java:1074)
        at java.util.concurrent.ThreadPoolExecutor.runWorker(ThreadPoolExecutor.java:1134)
        at java.util.concurrent.ThreadPoolExecutor$Worker.run(ThreadPoolExecutor.java:624)
        at java.lang.Thread.run(Thread.java:750)
"Datanode ReportManager Thread - 3" daemon prio=5 tid=431 in Object.wait()
java.lang.Thread.State: WAITING (on object monitor)
        at sun.misc.Unsafe.park(Native Method)
        at java.util.concurrent.locks.LockSupport.park(LockSupport.java:175)
        at java.util.concurrent.locks.AbstractQueuedSynchronizer$ConditionObject.await(AbstractQueuedSynchronizer.java:2039)
        at java.util.concurrent.ScheduledThreadPoolExecutor$DelayedWorkQueue.take(ScheduledThreadPoolExecutor.java:1088)
        at java.util.concurrent.ScheduledThreadPoolExecutor$DelayedWorkQueue.take(ScheduledThreadPoolExecutor.java:809)
        at java.util.concurrent.ThreadPoolExecutor.getTask(ThreadPoolExecutor.java:1074)
        at java.util.concurrent.ThreadPoolExecutor.runWorker(ThreadPoolExecutor.java:1134)
        at java.util.concurrent.ThreadPoolExecutor$Worker.run(ThreadPoolExecutor.java:624)
        at java.lang.Thread.run(Thread.java:750)
"ContainerOp-4f955fc0-ea69-486a-8109-13976fd52583-1"  prio=5 tid=1129 in Object.wait()
java.lang.Thread.State: WAITING (on object monitor)
        at sun.misc.Unsafe.park(Native Method)
        at java.util.concurrent.locks.LockSupport.park(LockSupport.java:175)
        at java.util.concurrent.locks.AbstractQueuedSynchronizer$ConditionObject.await(AbstractQueuedSynchronizer.java:2039)
        at java.util.concurrent.LinkedBlockingQueue.take(LinkedBlockingQueue.java:442)
        at java.util.concurrent.ThreadPoolExecutor.getTask(ThreadPoolExecutor.java:1074)
        at java.util.concurrent.ThreadPoolExecutor.runWorker(ThreadPoolExecutor.java:1134)
        at java.util.concurrent.ThreadPoolExecutor$Worker.run(ThreadPoolExecutor.java:624)
        at java.lang.Thread.run(Thread.java:750)
"9305807b-68e0-4de4-9f06-795e0c374ac6-DataStreamManagement-request--thread7"  prio=5 tid=1046 in Object.wait()
java.lang.Thread.State: WAITING (on object monitor)
        at sun.misc.Unsafe.park(Native Method)
        at java.util.concurrent.locks.LockSupport.park(LockSupport.java:175)
        at java.util.concurrent.locks.AbstractQueuedSynchronizer$ConditionObject.await(AbstractQueuedSynchronizer.java:2039)
        at java.util.concurrent.LinkedBlockingQueue.take(LinkedBlockingQueue.java:442)
        at java.util.concurrent.ThreadPoolExecutor.getTask(ThreadPoolExecutor.java:1074)
        at java.util.concurrent.ThreadPoolExecutor.runWorker(ThreadPoolExecutor.java:1134)
        at java.util.concurrent.ThreadPoolExecutor$Worker.run(ThreadPoolExecutor.java:624)
        at java.lang.Thread.run(Thread.java:750)
"BackgroundPipelineScrubberThread" daemon prio=5 tid=35 timed_waiting
java.lang.Thread.State: TIMED_WAITING
        at java.lang.Object.wait(Native Method)
        at org.apache.hadoop.hdds.scm.ha.BackgroundSCMService.run(BackgroundSCMService.java:110)
        at org.apache.hadoop.hdds.scm.ha.BackgroundSCMService$$Lambda$508/1583308255.run(Unknown Source)
        at java.lang.Thread.run(Thread.java:750)
"ContainerOp-88f45a07-8f45-4f74-a1d0-23200bb8a37d-6"  prio=5 tid=1208 in Object.wait()
java.lang.Thread.State: WAITING (on object monitor)
        at sun.misc.Unsafe.park(Native Method)
        at java.util.concurrent.locks.LockSupport.park(LockSupport.java:175)
        at java.util.concurrent.locks.AbstractQueuedSynchronizer$ConditionObject.await(AbstractQueuedSynchronizer.java:2039)
        at java.util.concurrent.LinkedBlockingQueue.take(LinkedBlockingQueue.java:442)
        at java.util.concurrent.ThreadPoolExecutor.getTask(ThreadPoolExecutor.java:1074)
        at java.util.concurrent.ThreadPoolExecutor.runWorker(ThreadPoolExecutor.java:1134)
        at java.util.concurrent.ThreadPoolExecutor$Worker.run(ThreadPoolExecutor.java:624)
        at java.lang.Thread.run(Thread.java:750)
"9fc007ee-6328-4e66-a7f4-dfd370a25fec-DataStreamManagement-request--thread8"  prio=5 tid=1392 in Object.wait()
java.lang.Thread.State: WAITING (on object monitor)
        at sun.misc.Unsafe.park(Native Method)
        at java.util.concurrent.locks.LockSupport.park(LockSupport.java:175)
        at java.util.concurrent.locks.AbstractQueuedSynchronizer$ConditionObject.await(AbstractQueuedSynchronizer.java:2039)
        at java.util.concurrent.LinkedBlockingQueue.take(LinkedBlockingQueue.java:442)
        at java.util.concurrent.ThreadPoolExecutor.getTask(ThreadPoolExecutor.java:1074)
        at java.util.concurrent.ThreadPoolExecutor.runWorker(ThreadPoolExecutor.java:1134)
        at java.util.concurrent.ThreadPoolExecutor$Worker.run(ThreadPoolExecutor.java:624)
        at java.lang.Thread.run(Thread.java:750)
"Datanode ReportManager Thread - 3" daemon prio=5 tid=475 in Object.wait()
java.lang.Thread.State: WAITING (on object monitor)
        at sun.misc.Unsafe.park(Native Method)
        at java.util.concurrent.locks.LockSupport.park(LockSupport.java:175)
        at java.util.concurrent.locks.AbstractQueuedSynchronizer$ConditionObject.await(AbstractQueuedSynchronizer.java:2039)
        at java.util.concurrent.ScheduledThreadPoolExecutor$DelayedWorkQueue.take(ScheduledThreadPoolExecutor.java:1088)
        at java.util.concurrent.ScheduledThreadPoolExecutor$DelayedWorkQueue.take(ScheduledThreadPoolExecutor.java:809)
        at java.util.concurrent.ThreadPoolExecutor.getTask(ThreadPoolExecutor.java:1074)
        at java.util.concurrent.ThreadPoolExecutor.runWorker(ThreadPoolExecutor.java:1134)
        at java.util.concurrent.ThreadPoolExecutor$Worker.run(ThreadPoolExecutor.java:624)
        at java.lang.Thread.run(Thread.java:750)
"ChunkReader-3" daemon prio=5 tid=1068 in Object.wait()
java.lang.Thread.State: WAITING (on object monitor)
        at sun.misc.Unsafe.park(Native Method)
        at java.util.concurrent.locks.LockSupport.park(LockSupport.java:175)
        at java.util.concurrent.locks.AbstractQueuedSynchronizer$ConditionObject.await(AbstractQueuedSynchronizer.java:2039)
        at java.util.concurrent.LinkedBlockingQueue.take(LinkedBlockingQueue.java:442)
        at java.util.concurrent.ThreadPoolExecutor.getTask(ThreadPoolExecutor.java:1074)
        at java.util.concurrent.ThreadPoolExecutor.runWorker(ThreadPoolExecutor.java:1134)
        at java.util.concurrent.ThreadPoolExecutor$Worker.run(ThreadPoolExecutor.java:624)
        at java.lang.Thread.run(Thread.java:750)
"Session-HouseKeeper-4a41fcbd-1"  prio=5 tid=271 timed_waiting
java.lang.Thread.State: TIMED_WAITING
        at sun.misc.Unsafe.park(Native Method)
        at java.util.concurrent.locks.LockSupport.parkNanos(LockSupport.java:215)
        at java.util.concurrent.locks.AbstractQueuedSynchronizer$ConditionObject.awaitNanos(AbstractQueuedSynchronizer.java:2078)
        at java.util.concurrent.ScheduledThreadPoolExecutor$DelayedWorkQueue.take(ScheduledThreadPoolExecutor.java:1093)
        at java.util.concurrent.ScheduledThreadPoolExecutor$DelayedWorkQueue.take(ScheduledThreadPoolExecutor.java:809)
        at java.util.concurrent.ThreadPoolExecutor.getTask(ThreadPoolExecutor.java:1074)
        at java.util.concurrent.ThreadPoolExecutor.runWorker(ThreadPoolExecutor.java:1134)
        at java.util.concurrent.ThreadPoolExecutor$Worker.run(ThreadPoolExecutor.java:624)
        at java.lang.Thread.run(Thread.java:750)
"qtp997606897-169-acceptor-0@39564ed-ServerConnector@53c4497d{HTTP/1.1, (http/1.1)}{0.0.0.0:15005}" daemon prio=3 tid=169 runnable
java.lang.Thread.State: RUNNABLE
        at sun.nio.ch.ServerSocketChannelImpl.accept0(Native Method)
        at sun.nio.ch.ServerSocketChannelImpl.accept(ServerSocketChannelImpl.java:421)
        at sun.nio.ch.ServerSocketChannelImpl.accept(ServerSocketChannelImpl.java:249)
        at org.eclipse.jetty.server.ServerConnector.accept(ServerConnector.java:388)
        at org.eclipse.jetty.server.AbstractConnector$Acceptor.run(AbstractConnector.java:704)
        at org.eclipse.jetty.util.thread.QueuedThreadPool.runJob(QueuedThreadPool.java:883)
        at org.eclipse.jetty.util.thread.QueuedThreadPool$Runner.run(QueuedThreadPool.java:1034)
        at java.lang.Thread.run(Thread.java:750)
"IPC Server handler 19 on default port 15000" daemon prio=5 tid=85 timed_waiting
java.lang.Thread.State: TIMED_WAITING
        at sun.misc.Unsafe.park(Native Method)
        at java.util.concurrent.locks.LockSupport.parkNanos(LockSupport.java:215)
        at java.util.concurrent.locks.AbstractQueuedSynchronizer$ConditionObject.awaitNanos(AbstractQueuedSynchronizer.java:2078)
        at java.util.concurrent.LinkedBlockingQueue.poll(LinkedBlockingQueue.java:467)
        at org.apache.hadoop.ipc.CallQueueManager.take(CallQueueManager.java:317)
        at org.apache.hadoop.ipc.Server$Handler.run(Server.java:3014)
"IPC Server handler 9 on default port 15000" daemon prio=5 tid=75 timed_waiting
java.lang.Thread.State: TIMED_WAITING
        at sun.misc.Unsafe.park(Native Method)
        at java.util.concurrent.locks.LockSupport.parkNanos(LockSupport.java:215)
        at java.util.concurrent.locks.AbstractQueuedSynchronizer$ConditionObject.awaitNanos(AbstractQueuedSynchronizer.java:2078)
        at java.util.concurrent.LinkedBlockingQueue.poll(LinkedBlockingQueue.java:467)
        at org.apache.hadoop.ipc.CallQueueManager.take(CallQueueManager.java:317)
        at org.apache.hadoop.ipc.Server$Handler.run(Server.java:3014)
"BlockDeletingService#0" daemon prio=5 tid=461 timed_waiting
java.lang.Thread.State: TIMED_WAITING
        at sun.misc.Unsafe.park(Native Method)
        at java.util.concurrent.locks.LockSupport.parkNanos(LockSupport.java:215)
        at java.util.concurrent.locks.AbstractQueuedSynchronizer$ConditionObject.awaitNanos(AbstractQueuedSynchronizer.java:2078)
        at java.util.concurrent.ScheduledThreadPoolExecutor$DelayedWorkQueue.take(ScheduledThreadPoolExecutor.java:1093)
        at java.util.concurrent.ScheduledThreadPoolExecutor$DelayedWorkQueue.take(ScheduledThreadPoolExecutor.java:809)
        at java.util.concurrent.ThreadPoolExecutor.getTask(ThreadPoolExecutor.java:1074)
        at java.util.concurrent.ThreadPoolExecutor.runWorker(ThreadPoolExecutor.java:1134)
        at java.util.concurrent.ThreadPoolExecutor$Worker.run(ThreadPoolExecutor.java:624)
        at java.lang.Thread.run(Thread.java:750)
"ContainerOp-13838721-bcae-49cb-b2fe-fcf027d0e9d3-8"  prio=5 tid=1225 in Object.wait()
java.lang.Thread.State: WAITING (on object monitor)
        at sun.misc.Unsafe.park(Native Method)
        at java.util.concurrent.locks.LockSupport.park(LockSupport.java:175)
        at java.util.concurrent.locks.AbstractQueuedSynchronizer$ConditionObject.await(AbstractQueuedSynchronizer.java:2039)
        at java.util.concurrent.LinkedBlockingQueue.take(LinkedBlockingQueue.java:442)
        at java.util.concurrent.ThreadPoolExecutor.getTask(ThreadPoolExecutor.java:1074)
        at java.util.concurrent.ThreadPoolExecutor.runWorker(ThreadPoolExecutor.java:1134)
        at java.util.concurrent.ThreadPoolExecutor$Worker.run(ThreadPoolExecutor.java:624)
        at java.lang.Thread.run(Thread.java:750)
"FixedThreadPoolWithAffinityExecutor-2-0" daemon prio=5 tid=58 timed_waiting
java.lang.Thread.State: TIMED_WAITING
        at sun.misc.Unsafe.park(Native Method)
        at java.util.concurrent.locks.LockSupport.parkNanos(LockSupport.java:215)
        at java.util.concurrent.locks.AbstractQueuedSynchronizer$ConditionObject.awaitNanos(AbstractQueuedSynchronizer.java:2078)
        at java.util.concurrent.LinkedBlockingQueue.poll(LinkedBlockingQueue.java:467)
        at org.apache.hadoop.hdds.scm.server.ContainerReportQueue.poll(ContainerReportQueue.java:266)
        at org.apache.hadoop.hdds.scm.server.ContainerReportQueue.poll(ContainerReportQueue.java:42)
        at org.apache.hadoop.hdds.server.events.FixedThreadPoolWithAffinityExecutor$ContainerReportProcessTask.run(FixedThreadPoolWithAffinityExecutor.java:247)
        at java.util.concurrent.Executors$RunnableAdapter.call(Executors.java:511)
        at java.util.concurrent.FutureTask.run(FutureTask.java:266)
        at java.util.concurrent.ThreadPoolExecutor.runWorker(ThreadPoolExecutor.java:1149)
        at java.util.concurrent.ThreadPoolExecutor$Worker.run(ThreadPoolExecutor.java:624)
        at java.lang.Thread.run(Thread.java:750)
"ContainerOp-2755eb04-fdd9-4243-a794-7fd84471ba85-0"  prio=5 tid=1102 in Object.wait()
java.lang.Thread.State: WAITING (on object monitor)
        at sun.misc.Unsafe.park(Native Method)
        at java.util.concurrent.locks.LockSupport.park(LockSupport.java:175)
        at java.util.concurrent.locks.AbstractQueuedSynchronizer$ConditionObject.await(AbstractQueuedSynchronizer.java:2039)
        at java.util.concurrent.LinkedBlockingQueue.take(LinkedBlockingQueue.java:442)
        at java.util.concurrent.ThreadPoolExecutor.getTask(ThreadPoolExecutor.java:1074)
        at java.util.concurrent.ThreadPoolExecutor.runWorker(ThreadPoolExecutor.java:1134)
        at java.util.concurrent.ThreadPoolExecutor$Worker.run(ThreadPoolExecutor.java:624)
        at java.lang.Thread.run(Thread.java:750)
"qtp955442053-534" daemon prio=5 tid=534 timed_waiting
java.lang.Thread.State: TIMED_WAITING
        at sun.misc.Unsafe.park(Native Method)
        at java.util.concurrent.locks.LockSupport.parkNanos(LockSupport.java:215)
        at java.util.concurrent.locks.AbstractQueuedSynchronizer$ConditionObject.awaitNanos(AbstractQueuedSynchronizer.java:2078)
        at org.eclipse.jetty.util.BlockingArrayQueue.poll(BlockingArrayQueue.java:382)
        at org.eclipse.jetty.util.thread.QueuedThreadPool$Runner.idleJobPoll(QueuedThreadPool.java:974)
        at org.eclipse.jetty.util.thread.QueuedThreadPool$Runner.run(QueuedThreadPool.java:1018)
        at java.lang.Thread.run(Thread.java:750)
"9305807b-68e0-4de4-9f06-795e0c374ac6@group-BAC3D6A46238-SegmentedRaftLogWorker" daemon prio=5 tid=697 timed_waiting
java.lang.Thread.State: TIMED_WAITING
        at sun.misc.Unsafe.park(Native Method)
        at java.util.concurrent.locks.LockSupport.parkNanos(LockSupport.java:215)
        at java.util.concurrent.locks.AbstractQueuedSynchronizer$ConditionObject.awaitNanos(AbstractQueuedSynchronizer.java:2078)
        at org.apache.ratis.util.DataBlockingQueue.poll(DataBlockingQueue.java:148)
        at org.apache.ratis.server.raftlog.segmented.SegmentedRaftLogWorker.run(SegmentedRaftLogWorker.java:307)
        at org.apache.ratis.server.raftlog.segmented.SegmentedRaftLogWorker$$Lambda$841/2058580550.run(Unknown Source)
        at java.util.concurrent.Executors$RunnableAdapter.call(Executors.java:511)
        at java.util.concurrent.FutureTask.run(FutureTask.java:266)
        at java.util.concurrent.ThreadPoolExecutor.runWorker(ThreadPoolExecutor.java:1149)
        at java.util.concurrent.ThreadPoolExecutor$Worker.run(ThreadPoolExecutor.java:624)
        at java.lang.Thread.run(Thread.java:750)
"80a9a8fe-8ad4-444c-8e90-e2ced2b3ac02@group-956EFEAD089C-StateMachineUpdater" daemon prio=5 tid=772 timed_waiting
java.lang.Thread.State: TIMED_WAITING
        at sun.misc.Unsafe.park(Native Method)
        at java.util.concurrent.locks.LockSupport.parkNanos(LockSupport.java:215)
        at java.util.concurrent.locks.AbstractQueuedSynchronizer$ConditionObject.await(AbstractQueuedSynchronizer.java:2163)
        at org.apache.ratis.util.AwaitForSignal.await(AwaitForSignal.java:62)
        at org.apache.ratis.server.impl.StateMachineUpdater.waitForCommit(StateMachineUpdater.java:209)
        at org.apache.ratis.server.impl.StateMachineUpdater.run(StateMachineUpdater.java:178)
        at java.lang.Thread.run(Thread.java:750)
"ContainerOp-c91f7595-1a01-480b-b225-52482a170bd1-6"  prio=5 tid=1241 in Object.wait()
java.lang.Thread.State: WAITING (on object monitor)
        at sun.misc.Unsafe.park(Native Method)
        at java.util.concurrent.locks.LockSupport.park(LockSupport.java:175)
        at java.util.concurrent.locks.AbstractQueuedSynchronizer$ConditionObject.await(AbstractQueuedSynchronizer.java:2039)
        at java.util.concurrent.LinkedBlockingQueue.take(LinkedBlockingQueue.java:442)
        at java.util.concurrent.ThreadPoolExecutor.getTask(ThreadPoolExecutor.java:1074)
        at java.util.concurrent.ThreadPoolExecutor.runWorker(ThreadPoolExecutor.java:1134)
        at java.util.concurrent.ThreadPoolExecutor$Worker.run(ThreadPoolExecutor.java:624)
        at java.lang.Thread.run(Thread.java:750)
"ChunkReader-5" daemon prio=5 tid=1279 in Object.wait()
java.lang.Thread.State: WAITING (on object monitor)
        at sun.misc.Unsafe.park(Native Method)
        at java.util.concurrent.locks.LockSupport.park(LockSupport.java:175)
        at java.util.concurrent.locks.AbstractQueuedSynchronizer$ConditionObject.await(AbstractQueuedSynchronizer.java:2039)
        at java.util.concurrent.LinkedBlockingQueue.take(LinkedBlockingQueue.java:442)
        at java.util.concurrent.ThreadPoolExecutor.getTask(ThreadPoolExecutor.java:1074)
        at java.util.concurrent.ThreadPoolExecutor.runWorker(ThreadPoolExecutor.java:1134)
        at java.util.concurrent.ThreadPoolExecutor$Worker.run(ThreadPoolExecutor.java:624)
        at java.lang.Thread.run(Thread.java:750)
"9305807b-68e0-4de4-9f06-795e0c374ac6-DataStreamManagement-request--thread2"  prio=5 tid=1037 in Object.wait()
java.lang.Thread.State: WAITING (on object monitor)
        at sun.misc.Unsafe.park(Native Method)
        at java.util.concurrent.locks.LockSupport.park(LockSupport.java:175)
        at java.util.concurrent.locks.AbstractQueuedSynchronizer$ConditionObject.await(AbstractQueuedSynchronizer.java:2039)
        at java.util.concurrent.LinkedBlockingQueue.take(LinkedBlockingQueue.java:442)
        at java.util.concurrent.ThreadPoolExecutor.getTask(ThreadPoolExecutor.java:1074)
        at java.util.concurrent.ThreadPoolExecutor.runWorker(ThreadPoolExecutor.java:1134)
        at java.util.concurrent.ThreadPoolExecutor$Worker.run(ThreadPoolExecutor.java:624)
        at java.lang.Thread.run(Thread.java:750)
"qtp955442053-530-acceptor-0@573577ea-ServerConnector@4a269062{HTTP/1.1, (http/1.1)}{0.0.0.0:15090}" daemon prio=3 tid=530 runnable
java.lang.Thread.State: RUNNABLE
        at sun.nio.ch.ServerSocketChannelImpl.accept0(Native Method)
        at sun.nio.ch.ServerSocketChannelImpl.accept(ServerSocketChannelImpl.java:421)
        at sun.nio.ch.ServerSocketChannelImpl.accept(ServerSocketChannelImpl.java:249)
        at org.eclipse.jetty.server.ServerConnector.accept(ServerConnector.java:388)
        at org.eclipse.jetty.server.AbstractConnector$Acceptor.run(AbstractConnector.java:704)
        at org.eclipse.jetty.util.thread.QueuedThreadPool.runJob(QueuedThreadPool.java:883)
        at org.eclipse.jetty.util.thread.QueuedThreadPool$Runner.run(QueuedThreadPool.java:1034)
        at java.lang.Thread.run(Thread.java:750)
"ChunkWriter-3-0" daemon prio=5 tid=458 in Object.wait()
java.lang.Thread.State: WAITING (on object monitor)
        at sun.misc.Unsafe.park(Native Method)
        at java.util.concurrent.locks.LockSupport.park(LockSupport.java:175)
        at java.util.concurrent.locks.AbstractQueuedSynchronizer$ConditionObject.await(AbstractQueuedSynchronizer.java:2039)
        at java.util.concurrent.LinkedBlockingDeque.takeFirst(LinkedBlockingDeque.java:492)
        at java.util.concurrent.LinkedBlockingDeque.take(LinkedBlockingDeque.java:680)
        at java.util.concurrent.ThreadPoolExecutor.getTask(ThreadPoolExecutor.java:1074)
        at java.util.concurrent.ThreadPoolExecutor.runWorker(ThreadPoolExecutor.java:1134)
        at java.util.concurrent.ThreadPoolExecutor$Worker.run(ThreadPoolExecutor.java:624)
        at java.lang.Thread.run(Thread.java:750)
"IPC Server listener on 15019" daemon prio=5 tid=243 runnable
java.lang.Thread.State: RUNNABLE
        at sun.nio.ch.EPollArrayWrapper.epollWait(Native Method)
        at sun.nio.ch.EPollArrayWrapper.poll(EPollArrayWrapper.java:269)
        at sun.nio.ch.EPollSelectorImpl.doSelect(EPollSelectorImpl.java:93)
        at sun.nio.ch.SelectorImpl.lockAndDoSelect(SelectorImpl.java:86)
        at sun.nio.ch.SelectorImpl.select(SelectorImpl.java:97)
        at sun.nio.ch.SelectorImpl.select(SelectorImpl.java:101)
        at org.apache.hadoop.ipc.Server$Listener.run(Server.java:1408)
"IPC Server Responder" daemon prio=5 tid=562 runnable
java.lang.Thread.State: RUNNABLE
        at sun.nio.ch.EPollArrayWrapper.epollWait(Native Method)
        at sun.nio.ch.EPollArrayWrapper.poll(EPollArrayWrapper.java:269)
        at sun.nio.ch.EPollSelectorImpl.doSelect(EPollSelectorImpl.java:93)
        at sun.nio.ch.SelectorImpl.lockAndDoSelect(SelectorImpl.java:86)
        at sun.nio.ch.SelectorImpl.select(SelectorImpl.java:97)
        at org.apache.hadoop.ipc.Server$Responder.doRunLoop(Server.java:1582)
        at org.apache.hadoop.ipc.Server$Responder.run(Server.java:1565)
"28fc21f1-0f1b-4853-8334-7fb4bdc0ccf0@group-D84CB1ADCB76-SegmentedRaftLogWorker"  prio=5 tid=658 timed_waiting
java.lang.Thread.State: TIMED_WAITING
        at sun.misc.Unsafe.park(Native Method)
        at java.util.concurrent.locks.LockSupport.parkNanos(LockSupport.java:215)
        at java.util.concurrent.locks.AbstractQueuedSynchronizer$ConditionObject.awaitNanos(AbstractQueuedSynchronizer.java:2078)
        at org.apache.ratis.util.DataBlockingQueue.poll(DataBlockingQueue.java:148)
        at org.apache.ratis.server.raftlog.segmented.SegmentedRaftLogWorker.run(SegmentedRaftLogWorker.java:307)
        at org.apache.ratis.server.raftlog.segmented.SegmentedRaftLogWorker$$Lambda$841/2058580550.run(Unknown Source)
        at java.util.concurrent.Executors$RunnableAdapter.call(Executors.java:511)
        at java.util.concurrent.FutureTask.run(FutureTask.java:266)
        at java.util.concurrent.ThreadPoolExecutor.runWorker(ThreadPoolExecutor.java:1149)
        at java.util.concurrent.ThreadPoolExecutor$Worker.run(ThreadPoolExecutor.java:624)
        at java.lang.Thread.run(Thread.java:750)
"Datanode State Machine Task Thread - 0"  prio=5 tid=343 in Object.wait()
java.lang.Thread.State: WAITING (on object monitor)
        at sun.misc.Unsafe.park(Native Method)
        at java.util.concurrent.locks.LockSupport.park(LockSupport.java:175)
        at java.util.concurrent.locks.AbstractQueuedSynchronizer$ConditionObject.await(AbstractQueuedSynchronizer.java:2039)
        at java.util.concurrent.LinkedBlockingQueue.take(LinkedBlockingQueue.java:442)
        at java.util.concurrent.ThreadPoolExecutor.getTask(ThreadPoolExecutor.java:1074)
        at java.util.concurrent.ThreadPoolExecutor.runWorker(ThreadPoolExecutor.java:1134)
        at java.util.concurrent.ThreadPoolExecutor$Worker.run(ThreadPoolExecutor.java:624)
        at java.lang.Thread.run(Thread.java:750)
"qtp658444087-207" daemon prio=5 tid=207 timed_waiting
java.lang.Thread.State: TIMED_WAITING
        at sun.misc.Unsafe.park(Native Method)
        at java.util.concurrent.locks.LockSupport.parkNanos(LockSupport.java:215)
        at java.util.concurrent.locks.AbstractQueuedSynchronizer$ConditionObject.awaitNanos(AbstractQueuedSynchronizer.java:2078)
        at org.eclipse.jetty.util.BlockingArrayQueue.poll(BlockingArrayQueue.java:382)
        at org.eclipse.jetty.util.thread.QueuedThreadPool$Runner.idleJobPoll(QueuedThreadPool.java:974)
        at org.eclipse.jetty.util.thread.QueuedThreadPool$Runner.run(QueuedThreadPool.java:1018)
        at java.lang.Thread.run(Thread.java:750)
"Command processor thread" daemon prio=5 tid=376 timed_waiting
java.lang.Thread.State: TIMED_WAITING
        at java.lang.Thread.sleep(Native Method)
        at org.apache.hadoop.ozone.container.common.statemachine.DatanodeStateMachine.lambda$initCommandHandlerThread$3(DatanodeStateMachine.java:667)
        at org.apache.hadoop.ozone.container.common.statemachine.DatanodeStateMachine$$Lambda$1043/1121353957.run(Unknown Source)
        at java.lang.Thread.run(Thread.java:750)
"ContainerOp-761249f9-8bb6-41bf-974d-4398accf5932-1"  prio=5 tid=1182 in Object.wait()
java.lang.Thread.State: WAITING (on object monitor)
        at sun.misc.Unsafe.park(Native Method)
        at java.util.concurrent.locks.LockSupport.park(LockSupport.java:175)
        at java.util.concurrent.locks.AbstractQueuedSynchronizer$ConditionObject.await(AbstractQueuedSynchronizer.java:2039)
        at java.util.concurrent.LinkedBlockingQueue.take(LinkedBlockingQueue.java:442)
        at java.util.concurrent.ThreadPoolExecutor.getTask(ThreadPoolExecutor.java:1074)
        at java.util.concurrent.ThreadPoolExecutor.runWorker(ThreadPoolExecutor.java:1134)
        at java.util.concurrent.ThreadPoolExecutor$Worker.run(ThreadPoolExecutor.java:624)
        at java.lang.Thread.run(Thread.java:750)
"IPC Server listener on 15010" daemon prio=5 tid=214 runnable
java.lang.Thread.State: RUNNABLE
        at sun.nio.ch.EPollArrayWrapper.epollWait(Native Method)
        at sun.nio.ch.EPollArrayWrapper.poll(EPollArrayWrapper.java:269)
        at sun.nio.ch.EPollSelectorImpl.doSelect(EPollSelectorImpl.java:93)
        at sun.nio.ch.SelectorImpl.lockAndDoSelect(SelectorImpl.java:86)
        at sun.nio.ch.SelectorImpl.select(SelectorImpl.java:97)
        at sun.nio.ch.SelectorImpl.select(SelectorImpl.java:101)
        at org.apache.hadoop.ipc.Server$Listener.run(Server.java:1408)
"ContainerOp-4f955fc0-ea69-486a-8109-13976fd52583-4"  prio=5 tid=1134 in Object.wait()
java.lang.Thread.State: WAITING (on object monitor)
        at sun.misc.Unsafe.park(Native Method)
        at java.util.concurrent.locks.LockSupport.park(LockSupport.java:175)
        at java.util.concurrent.locks.AbstractQueuedSynchronizer$ConditionObject.await(AbstractQueuedSynchronizer.java:2039)
        at java.util.concurrent.LinkedBlockingQueue.take(LinkedBlockingQueue.java:442)
        at java.util.concurrent.ThreadPoolExecutor.getTask(ThreadPoolExecutor.java:1074)
        at java.util.concurrent.ThreadPoolExecutor.runWorker(ThreadPoolExecutor.java:1134)
        at java.util.concurrent.ThreadPoolExecutor$Worker.run(ThreadPoolExecutor.java:624)
        at java.lang.Thread.run(Thread.java:750)
"org.apache.hadoop.crypto.key.kms.ValueQueue_thread" daemon prio=5 tid=1008 in Object.wait()
java.lang.Thread.State: WAITING (on object monitor)
        at sun.misc.Unsafe.park(Native Method)
        at java.util.concurrent.locks.LockSupport.park(LockSupport.java:175)
        at java.util.concurrent.locks.AbstractQueuedSynchronizer$ConditionObject.await(AbstractQueuedSynchronizer.java:2039)
        at java.util.concurrent.LinkedBlockingQueue.take(LinkedBlockingQueue.java:442)
        at org.apache.hadoop.crypto.key.kms.ValueQueue$UniqueKeyBlockingQueue.take(ValueQueue.java:169)
        at org.apache.hadoop.crypto.key.kms.ValueQueue$UniqueKeyBlockingQueue.take(ValueQueue.java:153)
        at java.util.concurrent.ThreadPoolExecutor.getTask(ThreadPoolExecutor.java:1074)
        at java.util.concurrent.ThreadPoolExecutor.runWorker(ThreadPoolExecutor.java:1134)
        at java.util.concurrent.ThreadPoolExecutor$Worker.run(ThreadPoolExecutor.java:624)
        at java.lang.Thread.run(Thread.java:750)
"IPC Server handler 2 on default port 15000" daemon prio=5 tid=68 timed_waiting
java.lang.Thread.State: TIMED_WAITING
        at sun.misc.Unsafe.park(Native Method)
        at java.util.concurrent.locks.LockSupport.parkNanos(LockSupport.java:215)
        at java.util.concurrent.locks.AbstractQueuedSynchronizer$ConditionObject.awaitNanos(AbstractQueuedSynchronizer.java:2078)
        at java.util.concurrent.LinkedBlockingQueue.poll(LinkedBlockingQueue.java:467)
        at org.apache.hadoop.ipc.CallQueueManager.take(CallQueueManager.java:317)
        at org.apache.hadoop.ipc.Server$Handler.run(Server.java:3014)
"EndpointStateMachine task thread for /0.0.0.0:15002 - 0 "  prio=5 tid=539 in Object.wait()
java.lang.Thread.State: WAITING (on object monitor)
        at sun.misc.Unsafe.park(Native Method)
        at java.util.concurrent.locks.LockSupport.park(LockSupport.java:175)
        at java.util.concurrent.locks.AbstractQueuedSynchronizer$ConditionObject.await(AbstractQueuedSynchronizer.java:2039)
        at java.util.concurrent.LinkedBlockingQueue.take(LinkedBlockingQueue.java:442)
        at java.util.concurrent.ThreadPoolExecutor.getTask(ThreadPoolExecutor.java:1074)
        at java.util.concurrent.ThreadPoolExecutor.runWorker(ThreadPoolExecutor.java:1134)
        at java.util.concurrent.ThreadPoolExecutor$Worker.run(ThreadPoolExecutor.java:624)
        at java.lang.Thread.run(Thread.java:750)
"IPC Server idle connection scanner for port 15019" daemon prio=5 tid=245 timed_waiting
java.lang.Thread.State: TIMED_WAITING
        at java.lang.Object.wait(Native Method)
        at java.util.TimerThread.mainLoop(Timer.java:552)
        at java.util.TimerThread.run(Timer.java:505)
"28fc21f1-0f1b-4853-8334-7fb4bdc0ccf0@group-BAC3D6A46238-StateMachineUpdater" daemon prio=5 tid=705 timed_waiting
java.lang.Thread.State: TIMED_WAITING
        at sun.misc.Unsafe.park(Native Method)
        at java.util.concurrent.locks.LockSupport.parkNanos(LockSupport.java:215)
        at java.util.concurrent.locks.AbstractQueuedSynchronizer$ConditionObject.await(AbstractQueuedSynchronizer.java:2163)
        at org.apache.ratis.util.AwaitForSignal.await(AwaitForSignal.java:62)
        at org.apache.ratis.server.impl.StateMachineUpdater.waitForCommit(StateMachineUpdater.java:209)
        at org.apache.ratis.server.impl.StateMachineUpdater.run(StateMachineUpdater.java:178)
        at java.lang.Thread.run(Thread.java:750)
"qtp1890737819-357" daemon prio=5 tid=357 timed_waiting
java.lang.Thread.State: TIMED_WAITING
        at sun.misc.Unsafe.park(Native Method)
        at java.util.concurrent.locks.LockSupport.parkNanos(LockSupport.java:215)
        at java.util.concurrent.locks.AbstractQueuedSynchronizer$ConditionObject.awaitNanos(AbstractQueuedSynchronizer.java:2078)
        at org.eclipse.jetty.util.BlockingArrayQueue.poll(BlockingArrayQueue.java:382)
        at org.eclipse.jetty.util.thread.QueuedThreadPool$Runner.idleJobPoll(QueuedThreadPool.java:974)
        at org.eclipse.jetty.util.thread.QueuedThreadPool$Runner.run(QueuedThreadPool.java:1018)
        at java.lang.Thread.run(Thread.java:750)
"qtp547239460-486" daemon prio=5 tid=486 timed_waiting
java.lang.Thread.State: TIMED_WAITING
        at sun.misc.Unsafe.park(Native Method)
        at java.util.concurrent.locks.LockSupport.parkNanos(LockSupport.java:215)
        at java.util.concurrent.locks.AbstractQueuedSynchronizer$ConditionObject.awaitNanos(AbstractQueuedSynchronizer.java:2078)
        at org.eclipse.jetty.util.BlockingArrayQueue.poll(BlockingArrayQueue.java:382)
        at org.eclipse.jetty.util.thread.QueuedThreadPool$Runner.idleJobPoll(QueuedThreadPool.java:974)
        at org.eclipse.jetty.util.thread.QueuedThreadPool$Runner.run(QueuedThreadPool.java:1018)
        at java.lang.Thread.run(Thread.java:750)
"f6fa4039-8fe9-46ca-92f5-bb04d02dc273-DataStreamManagement-write--thread3"  prio=5 tid=1405 in Object.wait()
java.lang.Thread.State: WAITING (on object monitor)
        at sun.misc.Unsafe.park(Native Method)
        at java.util.concurrent.locks.LockSupport.park(LockSupport.java:175)
        at java.util.concurrent.locks.AbstractQueuedSynchronizer$ConditionObject.await(AbstractQueuedSynchronizer.java:2039)
        at java.util.concurrent.LinkedBlockingQueue.take(LinkedBlockingQueue.java:442)
        at java.util.concurrent.ThreadPoolExecutor.getTask(ThreadPoolExecutor.java:1074)
        at java.util.concurrent.ThreadPoolExecutor.runWorker(ThreadPoolExecutor.java:1134)
        at java.util.concurrent.ThreadPoolExecutor$Worker.run(ThreadPoolExecutor.java:624)
        at java.lang.Thread.run(Thread.java:750)
"grpc-default-worker-ELG-3-1" daemon prio=5 tid=661 runnable
java.lang.Thread.State: RUNNABLE
        at org.apache.ratis.thirdparty.io.netty.channel.epoll.Native.epollWait0(Native Method)
        at org.apache.ratis.thirdparty.io.netty.channel.epoll.Native.epollWait(Native.java:182)
        at org.apache.ratis.thirdparty.io.netty.channel.epoll.EpollEventLoop.epollWait(EpollEventLoop.java:302)
        at org.apache.ratis.thirdparty.io.netty.channel.epoll.EpollEventLoop.run(EpollEventLoop.java:366)
        at org.apache.ratis.thirdparty.io.netty.util.concurrent.SingleThreadEventExecutor$4.run(SingleThreadEventExecutor.java:997)
        at org.apache.ratis.thirdparty.io.netty.util.internal.ThreadExecutorMap$2.run(ThreadExecutorMap.java:74)
        at org.apache.ratis.thirdparty.io.netty.util.concurrent.FastThreadLocalRunnable.run(FastThreadLocalRunnable.java:30)
        at java.lang.Thread.run(Thread.java:750)
"org.apache.hadoop.ozone.container.common.statemachine.commandhandler.DeleteBlocksCommandHandler$DeleteCmdWorker@13d6241a" daemon prio=5 tid=319 timed_waiting
java.lang.Thread.State: TIMED_WAITING
        at java.lang.Thread.sleep(Native Method)
        at org.apache.hadoop.ozone.container.common.statemachine.commandhandler.DeleteBlocksCommandHandler$DeleteCmdWorker.run(DeleteBlocksCommandHandler.java:233)
        at java.lang.Thread.run(Thread.java:750)
"PipelineCommandHandlerThread-0"  prio=5 tid=796 in Object.wait()
java.lang.Thread.State: WAITING (on object monitor)
        at sun.misc.Unsafe.park(Native Method)
        at java.util.concurrent.locks.LockSupport.park(LockSupport.java:175)
        at java.util.concurrent.locks.AbstractQueuedSynchronizer$ConditionObject.await(AbstractQueuedSynchronizer.java:2039)
        at java.util.concurrent.LinkedBlockingQueue.take(LinkedBlockingQueue.java:442)
        at java.util.concurrent.ThreadPoolExecutor.getTask(ThreadPoolExecutor.java:1074)
        at java.util.concurrent.ThreadPoolExecutor.runWorker(ThreadPoolExecutor.java:1134)
        at java.util.concurrent.ThreadPoolExecutor$Worker.run(ThreadPoolExecutor.java:624)
        at java.lang.Thread.run(Thread.java:750)
"ChunkReader-ELG-0" daemon prio=5 tid=548 runnable
java.lang.Thread.State: RUNNABLE
        at org.apache.ratis.thirdparty.io.netty.channel.epoll.Native.epollWait0(Native Method)
        at org.apache.ratis.thirdparty.io.netty.channel.epoll.Native.epollWait(Native.java:182)
        at org.apache.ratis.thirdparty.io.netty.channel.epoll.EpollEventLoop.epollWait(EpollEventLoop.java:302)
        at org.apache.ratis.thirdparty.io.netty.channel.epoll.EpollEventLoop.run(EpollEventLoop.java:366)
        at org.apache.ratis.thirdparty.io.netty.util.concurrent.SingleThreadEventExecutor$4.run(SingleThreadEventExecutor.java:997)
        at org.apache.ratis.thirdparty.io.netty.util.internal.ThreadExecutorMap$2.run(ThreadExecutorMap.java:74)
        at java.lang.Thread.run(Thread.java:750)
"timer3" daemon prio=5 tid=883 timed_waiting
java.lang.Thread.State: TIMED_WAITING
        at java.lang.Object.wait(Native Method)
        at java.util.TimerThread.mainLoop(Timer.java:552)
        at java.util.TimerThread.run(Timer.java:505)
"IPC Client (1344493292) connection to 0.0.0.0/0.0.0.0:15002 from runner" daemon prio=5 tid=361 timed_waiting
java.lang.Thread.State: TIMED_WAITING
        at java.lang.Object.wait(Native Method)
        at org.apache.hadoop.ipc.Client$Connection.waitForWork(Client.java:1026)
        at org.apache.hadoop.ipc.Client$Connection.run(Client.java:1077)
"qtp110826259-265" daemon prio=5 tid=265 timed_waiting
java.lang.Thread.State: TIMED_WAITING
        at sun.misc.Unsafe.park(Native Method)
        at java.util.concurrent.locks.LockSupport.parkNanos(LockSupport.java:215)
        at java.util.concurrent.locks.AbstractQueuedSynchronizer$ConditionObject.awaitNanos(AbstractQueuedSynchronizer.java:2078)
        at org.eclipse.jetty.util.BlockingArrayQueue.poll(BlockingArrayQueue.java:382)
        at org.eclipse.jetty.util.thread.QueuedThreadPool$Runner.idleJobPoll(QueuedThreadPool.java:974)
        at org.eclipse.jetty.util.thread.QueuedThreadPool$Runner.run(QueuedThreadPool.java:1018)
        at java.lang.Thread.run(Thread.java:750)
"IPC Server handler 2 on default port 15004" daemon prio=5 tid=179 timed_waiting
java.lang.Thread.State: TIMED_WAITING
        at sun.misc.Unsafe.park(Native Method)
        at java.util.concurrent.locks.LockSupport.parkNanos(LockSupport.java:215)
        at java.util.concurrent.locks.AbstractQueuedSynchronizer$ConditionObject.awaitNanos(AbstractQueuedSynchronizer.java:2078)
        at java.util.concurrent.LinkedBlockingQueue.poll(LinkedBlockingQueue.java:467)
        at org.apache.hadoop.ipc.CallQueueManager.take(CallQueueManager.java:317)
        at org.apache.hadoop.ipc.Server$Handler.run(Server.java:3014)
"BlockDeletingService#2" daemon prio=5 tid=1636 timed_waiting
java.lang.Thread.State: TIMED_WAITING
        at sun.misc.Unsafe.park(Native Method)
        at java.util.concurrent.locks.LockSupport.parkNanos(LockSupport.java:215)
        at java.util.concurrent.locks.AbstractQueuedSynchronizer$ConditionObject.awaitNanos(AbstractQueuedSynchronizer.java:2078)
        at java.util.concurrent.ScheduledThreadPoolExecutor$DelayedWorkQueue.take(ScheduledThreadPoolExecutor.java:1093)
        at java.util.concurrent.ScheduledThreadPoolExecutor$DelayedWorkQueue.take(ScheduledThreadPoolExecutor.java:809)
        at java.util.concurrent.ThreadPoolExecutor.getTask(ThreadPoolExecutor.java:1074)
        at java.util.concurrent.ThreadPoolExecutor.runWorker(ThreadPoolExecutor.java:1134)
        at java.util.concurrent.ThreadPoolExecutor$Worker.run(ThreadPoolExecutor.java:624)
        at java.lang.Thread.run(Thread.java:750)
"ChunkReader-0" daemon prio=5 tid=1300 in Object.wait()
java.lang.Thread.State: WAITING (on object monitor)
        at sun.misc.Unsafe.park(Native Method)
        at java.util.concurrent.locks.LockSupport.park(LockSupport.java:175)
        at java.util.concurrent.locks.AbstractQueuedSynchronizer$ConditionObject.await(AbstractQueuedSynchronizer.java:2039)
        at java.util.concurrent.LinkedBlockingQueue.take(LinkedBlockingQueue.java:442)
        at java.util.concurrent.ThreadPoolExecutor.getTask(ThreadPoolExecutor.java:1074)
        at java.util.concurrent.ThreadPoolExecutor.runWorker(ThreadPoolExecutor.java:1134)
        at java.util.concurrent.ThreadPoolExecutor$Worker.run(ThreadPoolExecutor.java:624)
        at java.lang.Thread.run(Thread.java:750)
"qtp1002279474-130" daemon prio=5 tid=130 runnable
java.lang.Thread.State: RUNNABLE
        at sun.nio.ch.EPollArrayWrapper.epollWait(Native Method)
        at sun.nio.ch.EPollArrayWrapper.poll(EPollArrayWrapper.java:269)
        at sun.nio.ch.EPollSelectorImpl.doSelect(EPollSelectorImpl.java:93)
        at sun.nio.ch.SelectorImpl.lockAndDoSelect(SelectorImpl.java:86)
        at sun.nio.ch.SelectorImpl.select(SelectorImpl.java:97)
        at sun.nio.ch.SelectorImpl.select(SelectorImpl.java:101)
        at org.eclipse.jetty.io.ManagedSelector.nioSelect(ManagedSelector.java:183)
        at org.eclipse.jetty.io.ManagedSelector.select(ManagedSelector.java:190)
        at org.eclipse.jetty.io.ManagedSelector$SelectorProducer.select(ManagedSelector.java:606)
        at org.eclipse.jetty.io.ManagedSelector$SelectorProducer.produce(ManagedSelector.java:543)
        at org.eclipse.jetty.util.thread.strategy.EatWhatYouKill.produceTask(EatWhatYouKill.java:362)
        at org.eclipse.jetty.util.thread.strategy.EatWhatYouKill.doProduce(EatWhatYouKill.java:186)
        at org.eclipse.jetty.util.thread.strategy.EatWhatYouKill.tryProduce(EatWhatYouKill.java:173)
        at org.eclipse.jetty.util.thread.strategy.EatWhatYouKill.produce(EatWhatYouKill.java:137)
        at org.eclipse.jetty.io.ManagedSelector$$Lambda$406/113042195.run(Unknown Source)
        at org.eclipse.jetty.util.thread.QueuedThreadPool.runJob(QueuedThreadPool.java:883)
        at org.eclipse.jetty.util.thread.QueuedThreadPool$Runner.run(QueuedThreadPool.java:1034)
        at java.lang.Thread.run(Thread.java:750)
"5317d628-7528-4015-930b-d89d4a444778@group-BAC3D6A46238-SegmentedRaftLogWorker"  prio=5 tid=700 timed_waiting
java.lang.Thread.State: TIMED_WAITING
        at sun.misc.Unsafe.park(Native Method)
        at java.util.concurrent.locks.LockSupport.parkNanos(LockSupport.java:215)
        at java.util.concurrent.locks.AbstractQueuedSynchronizer$ConditionObject.awaitNanos(AbstractQueuedSynchronizer.java:2078)
        at org.apache.ratis.util.DataBlockingQueue.poll(DataBlockingQueue.java:148)
        at org.apache.ratis.server.raftlog.segmented.SegmentedRaftLogWorker.run(SegmentedRaftLogWorker.java:307)
        at org.apache.ratis.server.raftlog.segmented.SegmentedRaftLogWorker$$Lambda$841/2058580550.run(Unknown Source)
        at java.util.concurrent.Executors$RunnableAdapter.call(Executors.java:511)
        at java.util.concurrent.FutureTask.run(FutureTask.java:266)
        at java.util.concurrent.ThreadPoolExecutor.runWorker(ThreadPoolExecutor.java:1149)
        at java.util.concurrent.ThreadPoolExecutor$Worker.run(ThreadPoolExecutor.java:624)
        at java.lang.Thread.run(Thread.java:750)
"IPC Server idle connection scanner for port 15046" daemon prio=5 tid=332 timed_waiting
java.lang.Thread.State: TIMED_WAITING
        at java.lang.Object.wait(Native Method)
        at java.util.TimerThread.mainLoop(Timer.java:552)
        at java.util.TimerThread.run(Timer.java:505)
"ChunkReader-ELG-0" daemon prio=5 tid=416 runnable
java.lang.Thread.State: RUNNABLE
        at org.apache.ratis.thirdparty.io.netty.channel.epoll.Native.epollWait0(Native Method)
        at org.apache.ratis.thirdparty.io.netty.channel.epoll.Native.epollWait(Native.java:182)
        at org.apache.ratis.thirdparty.io.netty.channel.epoll.EpollEventLoop.epollWait(EpollEventLoop.java:302)
        at org.apache.ratis.thirdparty.io.netty.channel.epoll.EpollEventLoop.run(EpollEventLoop.java:366)
        at org.apache.ratis.thirdparty.io.netty.util.concurrent.SingleThreadEventExecutor$4.run(SingleThreadEventExecutor.java:997)
        at org.apache.ratis.thirdparty.io.netty.util.internal.ThreadExecutorMap$2.run(ThreadExecutorMap.java:74)
        at java.lang.Thread.run(Thread.java:750)
"Finalizer" daemon prio=8 tid=3 in Object.wait()
java.lang.Thread.State: WAITING (on object monitor)
        at java.lang.Object.wait(Native Method)
        at java.lang.ref.ReferenceQueue.remove(ReferenceQueue.java:144)
        at java.lang.ref.ReferenceQueue.remove(ReferenceQueue.java:165)
        at java.lang.ref.Finalizer$FinalizerThread.run(Finalizer.java:188)
"ChunkWriter-2-0" daemon prio=5 tid=582 in Object.wait()
java.lang.Thread.State: WAITING (on object monitor)
        at sun.misc.Unsafe.park(Native Method)
        at java.util.concurrent.locks.LockSupport.park(LockSupport.java:175)
        at java.util.concurrent.locks.AbstractQueuedSynchronizer$ConditionObject.await(AbstractQueuedSynchronizer.java:2039)
        at java.util.concurrent.LinkedBlockingDeque.takeFirst(LinkedBlockingDeque.java:492)
        at java.util.concurrent.LinkedBlockingDeque.take(LinkedBlockingDeque.java:680)
        at java.util.concurrent.ThreadPoolExecutor.getTask(ThreadPoolExecutor.java:1074)
        at java.util.concurrent.ThreadPoolExecutor.runWorker(ThreadPoolExecutor.java:1134)
        at java.util.concurrent.ThreadPoolExecutor$Worker.run(ThreadPoolExecutor.java:624)
        at java.lang.Thread.run(Thread.java:750)
"9fc007ee-6328-4e66-a7f4-dfd370a25fec@group-95B153CB0731->b431013d-a75d-44b2-a41a-a2e98e506a92-GrpcLogAppender-LogAppenderDaemon" daemon prio=5 tid=988 timed_waiting
java.lang.Thread.State: TIMED_WAITING
        at sun.misc.Unsafe.park(Native Method)
        at java.util.concurrent.locks.LockSupport.parkNanos(LockSupport.java:215)
        at java.util.concurrent.locks.AbstractQueuedSynchronizer$ConditionObject.await(AbstractQueuedSynchronizer.java:2163)
        at org.apache.ratis.util.AwaitForSignal.await(AwaitForSignal.java:62)
        at org.apache.ratis.grpc.server.GrpcLogAppender.mayWait(GrpcLogAppender.java:197)
        at org.apache.ratis.grpc.server.GrpcLogAppender.run(GrpcLogAppender.java:148)
        at org.apache.ratis.server.leader.LogAppenderDaemon.run(LogAppenderDaemon.java:78)
        at org.apache.ratis.server.leader.LogAppenderDaemon$$Lambda$1267/2040149817.run(Unknown Source)
        at java.lang.Thread.run(Thread.java:750)
"qtp547239460-490" daemon prio=5 tid=490 timed_waiting
java.lang.Thread.State: TIMED_WAITING
        at sun.misc.Unsafe.park(Native Method)
        at java.util.concurrent.locks.LockSupport.parkNanos(LockSupport.java:215)
        at java.util.concurrent.locks.AbstractQueuedSynchronizer$ConditionObject.awaitNanos(AbstractQueuedSynchronizer.java:2078)
        at org.eclipse.jetty.util.BlockingArrayQueue.poll(BlockingArrayQueue.java:382)
        at org.eclipse.jetty.util.thread.QueuedThreadPool$Runner.idleJobPoll(QueuedThreadPool.java:974)
        at org.eclipse.jetty.util.thread.QueuedThreadPool$Runner.run(QueuedThreadPool.java:1018)
        at java.lang.Thread.run(Thread.java:750)
"Command processor thread" daemon prio=5 tid=573 timed_waiting
java.lang.Thread.State: TIMED_WAITING
        at java.lang.Thread.sleep(Native Method)
        at org.apache.hadoop.ozone.container.common.statemachine.DatanodeStateMachine.lambda$initCommandHandlerThread$3(DatanodeStateMachine.java:667)
        at org.apache.hadoop.ozone.container.common.statemachine.DatanodeStateMachine$$Lambda$1043/1121353957.run(Unknown Source)
        at java.lang.Thread.run(Thread.java:750)
"qtp508662500-297" daemon prio=5 tid=297 timed_waiting
java.lang.Thread.State: TIMED_WAITING
        at sun.misc.Unsafe.park(Native Method)
        at java.util.concurrent.locks.LockSupport.parkNanos(LockSupport.java:215)
        at java.util.concurrent.locks.AbstractQueuedSynchronizer$ConditionObject.awaitNanos(AbstractQueuedSynchronizer.java:2078)
        at org.eclipse.jetty.util.BlockingArrayQueue.poll(BlockingArrayQueue.java:382)
        at org.eclipse.jetty.util.thread.QueuedThreadPool$Runner.idleJobPoll(QueuedThreadPool.java:974)
        at org.eclipse.jetty.util.thread.QueuedThreadPool$Runner.run(QueuedThreadPool.java:1018)
        at java.lang.Thread.run(Thread.java:750)
"4dfacd3a-85e6-4f60-aa9f-15a17a1c954a-server-thread3" daemon prio=5 tid=973 timed_waiting
java.lang.Thread.State: TIMED_WAITING
        at sun.misc.Unsafe.park(Native Method)
        at java.util.concurrent.locks.LockSupport.parkNanos(LockSupport.java:215)
        at java.util.concurrent.SynchronousQueue$TransferStack.awaitFulfill(SynchronousQueue.java:460)
        at java.util.concurrent.SynchronousQueue$TransferStack.transfer(SynchronousQueue.java:362)
        at java.util.concurrent.SynchronousQueue.poll(SynchronousQueue.java:941)
        at java.util.concurrent.ThreadPoolExecutor.getTask(ThreadPoolExecutor.java:1073)
        at java.util.concurrent.ThreadPoolExecutor.runWorker(ThreadPoolExecutor.java:1134)
        at java.util.concurrent.ThreadPoolExecutor$Worker.run(ThreadPoolExecutor.java:624)
        at java.lang.Thread.run(Thread.java:750)
"qtp188592776-405" daemon prio=5 tid=405 timed_waiting
java.lang.Thread.State: TIMED_WAITING
        at sun.misc.Unsafe.park(Native Method)
        at java.util.concurrent.locks.LockSupport.parkNanos(LockSupport.java:215)
        at java.util.concurrent.locks.AbstractQueuedSynchronizer$ConditionObject.awaitNanos(AbstractQueuedSynchronizer.java:2078)
        at org.eclipse.jetty.util.BlockingArrayQueue.poll(BlockingArrayQueue.java:382)
        at org.eclipse.jetty.util.thread.QueuedThreadPool$Runner.idleJobPoll(QueuedThreadPool.java:974)
        at org.eclipse.jetty.util.thread.QueuedThreadPool$Runner.run(QueuedThreadPool.java:1018)
        at java.lang.Thread.run(Thread.java:750)
"IPC Server handler 14 on default port 15000" daemon prio=5 tid=80 timed_waiting
java.lang.Thread.State: TIMED_WAITING
        at sun.misc.Unsafe.park(Native Method)
        at java.util.concurrent.locks.LockSupport.parkNanos(LockSupport.java:215)
        at java.util.concurrent.locks.AbstractQueuedSynchronizer$ConditionObject.awaitNanos(AbstractQueuedSynchronizer.java:2078)
        at java.util.concurrent.LinkedBlockingQueue.poll(LinkedBlockingQueue.java:467)
        at org.apache.hadoop.ipc.CallQueueManager.take(CallQueueManager.java:317)
        at org.apache.hadoop.ipc.Server$Handler.run(Server.java:3014)
"ContainerOp-2755eb04-fdd9-4243-a794-7fd84471ba85-2"  prio=5 tid=1118 in Object.wait()
java.lang.Thread.State: WAITING (on object monitor)
        at sun.misc.Unsafe.park(Native Method)
        at java.util.concurrent.locks.LockSupport.park(LockSupport.java:175)
        at java.util.concurrent.locks.AbstractQueuedSynchronizer$ConditionObject.await(AbstractQueuedSynchronizer.java:2039)
        at java.util.concurrent.LinkedBlockingQueue.take(LinkedBlockingQueue.java:442)
        at java.util.concurrent.ThreadPoolExecutor.getTask(ThreadPoolExecutor.java:1074)
        at java.util.concurrent.ThreadPoolExecutor.runWorker(ThreadPoolExecutor.java:1134)
        at java.util.concurrent.ThreadPoolExecutor$Worker.run(ThreadPoolExecutor.java:624)
        at java.lang.Thread.run(Thread.java:750)
"IPC Server handler 5 on default port 15000" daemon prio=5 tid=71 timed_waiting
java.lang.Thread.State: TIMED_WAITING
        at sun.misc.Unsafe.park(Native Method)
        at java.util.concurrent.locks.LockSupport.parkNanos(LockSupport.java:215)
        at java.util.concurrent.locks.AbstractQueuedSynchronizer$ConditionObject.awaitNanos(AbstractQueuedSynchronizer.java:2078)
        at java.util.concurrent.LinkedBlockingQueue.poll(LinkedBlockingQueue.java:467)
        at org.apache.hadoop.ipc.CallQueueManager.take(CallQueueManager.java:317)
        at org.apache.hadoop.ipc.Server$Handler.run(Server.java:3014)
"ChunkReader-6" daemon prio=5 tid=1296 in Object.wait()
java.lang.Thread.State: WAITING (on object monitor)
        at sun.misc.Unsafe.park(Native Method)
        at java.util.concurrent.locks.LockSupport.park(LockSupport.java:175)
        at java.util.concurrent.locks.AbstractQueuedSynchronizer$ConditionObject.await(AbstractQueuedSynchronizer.java:2039)
        at java.util.concurrent.LinkedBlockingQueue.take(LinkedBlockingQueue.java:442)
        at java.util.concurrent.ThreadPoolExecutor.getTask(ThreadPoolExecutor.java:1074)
        at java.util.concurrent.ThreadPoolExecutor.runWorker(ThreadPoolExecutor.java:1134)
        at java.util.concurrent.ThreadPoolExecutor$Worker.run(ThreadPoolExecutor.java:624)
        at java.lang.Thread.run(Thread.java:750)
"ChunkReader-4" daemon prio=5 tid=1258 in Object.wait()
java.lang.Thread.State: WAITING (on object monitor)
        at sun.misc.Unsafe.park(Native Method)
        at java.util.concurrent.locks.LockSupport.park(LockSupport.java:175)
        at java.util.concurrent.locks.AbstractQueuedSynchronizer$ConditionObject.await(AbstractQueuedSynchronizer.java:2039)
        at java.util.concurrent.LinkedBlockingQueue.take(LinkedBlockingQueue.java:442)
        at java.util.concurrent.ThreadPoolExecutor.getTask(ThreadPoolExecutor.java:1074)
        at java.util.concurrent.ThreadPoolExecutor.runWorker(ThreadPoolExecutor.java:1134)
        at java.util.concurrent.ThreadPoolExecutor$Worker.run(ThreadPoolExecutor.java:624)
        at java.lang.Thread.run(Thread.java:750)
"grpc-default-executor-1" daemon prio=5 tid=672 timed_waiting
java.lang.Thread.State: TIMED_WAITING
        at sun.misc.Unsafe.park(Native Method)
        at java.util.concurrent.locks.LockSupport.parkNanos(LockSupport.java:215)
        at java.util.concurrent.SynchronousQueue$TransferStack.awaitFulfill(SynchronousQueue.java:460)
        at java.util.concurrent.SynchronousQueue$TransferStack.transfer(SynchronousQueue.java:362)
        at java.util.concurrent.SynchronousQueue.poll(SynchronousQueue.java:941)
        at java.util.concurrent.ThreadPoolExecutor.getTask(ThreadPoolExecutor.java:1073)
        at java.util.concurrent.ThreadPoolExecutor.runWorker(ThreadPoolExecutor.java:1134)
        at java.util.concurrent.ThreadPoolExecutor$Worker.run(ThreadPoolExecutor.java:624)
        at java.lang.Thread.run(Thread.java:750)
"Connector-Scheduler-688d411b-1"  prio=5 tid=939 in Object.wait()
java.lang.Thread.State: WAITING (on object monitor)
        at sun.misc.Unsafe.park(Native Method)
        at java.util.concurrent.locks.LockSupport.park(LockSupport.java:175)
        at java.util.concurrent.locks.AbstractQueuedSynchronizer$ConditionObject.await(AbstractQueuedSynchronizer.java:2039)
        at java.util.concurrent.ScheduledThreadPoolExecutor$DelayedWorkQueue.take(ScheduledThreadPoolExecutor.java:1081)
        at java.util.concurrent.ScheduledThreadPoolExecutor$DelayedWorkQueue.take(ScheduledThreadPoolExecutor.java:809)
        at java.util.concurrent.ThreadPoolExecutor.getTask(ThreadPoolExecutor.java:1074)
        at java.util.concurrent.ThreadPoolExecutor.runWorker(ThreadPoolExecutor.java:1134)
        at java.util.concurrent.ThreadPoolExecutor$Worker.run(ThreadPoolExecutor.java:624)
        at java.lang.Thread.run(Thread.java:750)
"qtp658444087-212" daemon prio=5 tid=212 timed_waiting
java.lang.Thread.State: TIMED_WAITING
        at sun.misc.Unsafe.park(Native Method)
        at java.util.concurrent.locks.LockSupport.parkNanos(LockSupport.java:215)
        at java.util.concurrent.locks.AbstractQueuedSynchronizer$ConditionObject.awaitNanos(AbstractQueuedSynchronizer.java:2078)
        at org.eclipse.jetty.util.BlockingArrayQueue.poll(BlockingArrayQueue.java:382)
        at org.eclipse.jetty.util.thread.QueuedThreadPool$Runner.idleJobPoll(QueuedThreadPool.java:974)
        at org.eclipse.jetty.util.thread.QueuedThreadPool$Runner.run(QueuedThreadPool.java:1018)
        at java.lang.Thread.run(Thread.java:750)
"9305807b-68e0-4de4-9f06-795e0c374ac6@group-D84CB1ADCB76-SegmentedRaftLogWorker" daemon prio=5 tid=675 timed_waiting
java.lang.Thread.State: TIMED_WAITING
        at sun.misc.Unsafe.park(Native Method)
        at java.util.concurrent.locks.LockSupport.parkNanos(LockSupport.java:215)
        at java.util.concurrent.locks.AbstractQueuedSynchronizer$ConditionObject.awaitNanos(AbstractQueuedSynchronizer.java:2078)
        at org.apache.ratis.util.DataBlockingQueue.poll(DataBlockingQueue.java:148)
        at org.apache.ratis.server.raftlog.segmented.SegmentedRaftLogWorker.run(SegmentedRaftLogWorker.java:307)
        at org.apache.ratis.server.raftlog.segmented.SegmentedRaftLogWorker$$Lambda$841/2058580550.run(Unknown Source)
        at java.util.concurrent.Executors$RunnableAdapter.call(Executors.java:511)
        at java.util.concurrent.FutureTask.run(FutureTask.java:266)
        at java.util.concurrent.ThreadPoolExecutor.runWorker(ThreadPoolExecutor.java:1149)
        at java.util.concurrent.ThreadPoolExecutor$Worker.run(ThreadPoolExecutor.java:624)
        at java.lang.Thread.run(Thread.java:750)
"6f9d3266-b874-4586-a718-9027df6ff647-server-thread1" daemon prio=5 tid=937 timed_waiting
java.lang.Thread.State: TIMED_WAITING
        at sun.misc.Unsafe.park(Native Method)
        at java.util.concurrent.locks.LockSupport.parkNanos(LockSupport.java:215)
        at java.util.concurrent.SynchronousQueue$TransferStack.awaitFulfill(SynchronousQueue.java:460)
        at java.util.concurrent.SynchronousQueue$TransferStack.transfer(SynchronousQueue.java:362)
        at java.util.concurrent.SynchronousQueue.poll(SynchronousQueue.java:941)
        at java.util.concurrent.ThreadPoolExecutor.getTask(ThreadPoolExecutor.java:1073)
        at java.util.concurrent.ThreadPoolExecutor.runWorker(ThreadPoolExecutor.java:1134)
        at java.util.concurrent.ThreadPoolExecutor$Worker.run(ThreadPoolExecutor.java:624)
        at java.lang.Thread.run(Thread.java:750)
"BlockDeletingService#1" daemon prio=5 tid=650 in Object.wait()
java.lang.Thread.State: WAITING (on object monitor)
        at sun.misc.Unsafe.park(Native Method)
        at java.util.concurrent.locks.LockSupport.park(LockSupport.java:175)
        at java.util.concurrent.locks.AbstractQueuedSynchronizer$ConditionObject.await(AbstractQueuedSynchronizer.java:2039)
        at java.util.concurrent.ScheduledThreadPoolExecutor$DelayedWorkQueue.take(ScheduledThreadPoolExecutor.java:1088)
        at java.util.concurrent.ScheduledThreadPoolExecutor$DelayedWorkQueue.take(ScheduledThreadPoolExecutor.java:809)
        at java.util.concurrent.ThreadPoolExecutor.getTask(ThreadPoolExecutor.java:1074)
        at java.util.concurrent.ThreadPoolExecutor.runWorker(ThreadPoolExecutor.java:1134)
        at java.util.concurrent.ThreadPoolExecutor$Worker.run(ThreadPoolExecutor.java:624)
        at java.lang.Thread.run(Thread.java:750)
"ChunkReader-7" daemon prio=5 tid=1307 in Object.wait()
java.lang.Thread.State: WAITING (on object monitor)
        at sun.misc.Unsafe.park(Native Method)
        at java.util.concurrent.locks.LockSupport.park(LockSupport.java:175)
        at java.util.concurrent.locks.AbstractQueuedSynchronizer$ConditionObject.await(AbstractQueuedSynchronizer.java:2039)
        at java.util.concurrent.LinkedBlockingQueue.take(LinkedBlockingQueue.java:442)
        at java.util.concurrent.ThreadPoolExecutor.getTask(ThreadPoolExecutor.java:1074)
        at java.util.concurrent.ThreadPoolExecutor.runWorker(ThreadPoolExecutor.java:1134)
        at java.util.concurrent.ThreadPoolExecutor$Worker.run(ThreadPoolExecutor.java:624)
        at java.lang.Thread.run(Thread.java:750)
"f6fa4039-8fe9-46ca-92f5-bb04d02dc273@group-52482A170BD1-StateMachineUpdater" daemon prio=5 tid=857 timed_waiting
java.lang.Thread.State: TIMED_WAITING
        at sun.misc.Unsafe.park(Native Method)
        at java.util.concurrent.locks.LockSupport.parkNanos(LockSupport.java:215)
        at java.util.concurrent.locks.AbstractQueuedSynchronizer$ConditionObject.await(AbstractQueuedSynchronizer.java:2163)
        at org.apache.ratis.util.AwaitForSignal.await(AwaitForSignal.java:62)
        at org.apache.ratis.server.impl.StateMachineUpdater.waitForCommit(StateMachineUpdater.java:209)
        at org.apache.ratis.server.impl.StateMachineUpdater.run(StateMachineUpdater.java:178)
        at java.lang.Thread.run(Thread.java:750)
"80a9a8fe-8ad4-444c-8e90-e2ced2b3ac02-DataStreamManagement-write--thread1"  prio=5 tid=1367 in Object.wait()
java.lang.Thread.State: WAITING (on object monitor)
        at sun.misc.Unsafe.park(Native Method)
        at java.util.concurrent.locks.LockSupport.park(LockSupport.java:175)
        at java.util.concurrent.locks.AbstractQueuedSynchronizer$ConditionObject.await(AbstractQueuedSynchronizer.java:2039)
        at java.util.concurrent.LinkedBlockingQueue.take(LinkedBlockingQueue.java:442)
        at java.util.concurrent.ThreadPoolExecutor.getTask(ThreadPoolExecutor.java:1074)
        at java.util.concurrent.ThreadPoolExecutor.runWorker(ThreadPoolExecutor.java:1134)
        at java.util.concurrent.ThreadPoolExecutor$Worker.run(ThreadPoolExecutor.java:624)
        at java.lang.Thread.run(Thread.java:750)
"b431013d-a75d-44b2-a41a-a2e98e506a92-groupManagement"  prio=5 tid=797 in Object.wait()
java.lang.Thread.State: WAITING (on object monitor)
        at sun.misc.Unsafe.park(Native Method)
        at java.util.concurrent.locks.LockSupport.park(LockSupport.java:175)
        at java.util.concurrent.locks.AbstractQueuedSynchronizer$ConditionObject.await(AbstractQueuedSynchronizer.java:2039)
        at java.util.concurrent.LinkedBlockingQueue.take(LinkedBlockingQueue.java:442)
        at java.util.concurrent.ThreadPoolExecutor.getTask(ThreadPoolExecutor.java:1074)
        at java.util.concurrent.ThreadPoolExecutor.runWorker(ThreadPoolExecutor.java:1134)
        at java.util.concurrent.ThreadPoolExecutor$Worker.run(ThreadPoolExecutor.java:624)
        at java.lang.Thread.run(Thread.java:750)
"qtp997606897-168" daemon prio=5 tid=168 runnable
java.lang.Thread.State: RUNNABLE
        at sun.nio.ch.EPollArrayWrapper.epollWait(Native Method)
        at sun.nio.ch.EPollArrayWrapper.poll(EPollArrayWrapper.java:269)
        at sun.nio.ch.EPollSelectorImpl.doSelect(EPollSelectorImpl.java:93)
        at sun.nio.ch.SelectorImpl.lockAndDoSelect(SelectorImpl.java:86)
        at sun.nio.ch.SelectorImpl.select(SelectorImpl.java:97)
        at sun.nio.ch.SelectorImpl.select(SelectorImpl.java:101)
        at org.eclipse.jetty.io.ManagedSelector.nioSelect(ManagedSelector.java:183)
        at org.eclipse.jetty.io.ManagedSelector.select(ManagedSelector.java:190)
        at org.eclipse.jetty.io.ManagedSelector$SelectorProducer.select(ManagedSelector.java:606)
        at org.eclipse.jetty.io.ManagedSelector$SelectorProducer.produce(ManagedSelector.java:543)
        at org.eclipse.jetty.util.thread.strategy.EatWhatYouKill.produceTask(EatWhatYouKill.java:362)
        at org.eclipse.jetty.util.thread.strategy.EatWhatYouKill.doProduce(EatWhatYouKill.java:186)
        at org.eclipse.jetty.util.thread.strategy.EatWhatYouKill.tryProduce(EatWhatYouKill.java:173)
        at org.eclipse.jetty.util.thread.strategy.EatWhatYouKill.produce(EatWhatYouKill.java:137)
        at org.eclipse.jetty.io.ManagedSelector$$Lambda$406/113042195.run(Unknown Source)
        at org.eclipse.jetty.util.thread.QueuedThreadPool.runJob(QueuedThreadPool.java:883)
        at org.eclipse.jetty.util.thread.QueuedThreadPool$Runner.run(QueuedThreadPool.java:1034)
        at java.lang.Thread.run(Thread.java:750)
"StaleRecoveringContainerScrubbingService#1" daemon prio=5 tid=551 in Object.wait()
java.lang.Thread.State: WAITING (on object monitor)
        at sun.misc.Unsafe.park(Native Method)
        at java.util.concurrent.locks.LockSupport.park(LockSupport.java:175)
        at java.util.concurrent.locks.AbstractQueuedSynchronizer$ConditionObject.await(AbstractQueuedSynchronizer.java:2039)
        at java.util.concurrent.ScheduledThreadPoolExecutor$DelayedWorkQueue.take(ScheduledThreadPoolExecutor.java:1088)
        at java.util.concurrent.ScheduledThreadPoolExecutor$DelayedWorkQueue.take(ScheduledThreadPoolExecutor.java:809)
        at java.util.concurrent.ThreadPoolExecutor.getTask(ThreadPoolExecutor.java:1074)
        at java.util.concurrent.ThreadPoolExecutor.runWorker(ThreadPoolExecutor.java:1134)
        at java.util.concurrent.ThreadPoolExecutor$Worker.run(ThreadPoolExecutor.java:624)
        at java.lang.Thread.run(Thread.java:750)
"9305807b-68e0-4de4-9f06-795e0c374ac6-DataStreamManagement-write--thread1"  prio=5 tid=1039 in Object.wait()
java.lang.Thread.State: WAITING (on object monitor)
        at sun.misc.Unsafe.park(Native Method)
        at java.util.concurrent.locks.LockSupport.park(LockSupport.java:175)
        at java.util.concurrent.locks.AbstractQueuedSynchronizer$ConditionObject.await(AbstractQueuedSynchronizer.java:2039)
        at java.util.concurrent.LinkedBlockingQueue.take(LinkedBlockingQueue.java:442)
        at java.util.concurrent.ThreadPoolExecutor.getTask(ThreadPoolExecutor.java:1074)
        at java.util.concurrent.ThreadPoolExecutor.runWorker(ThreadPoolExecutor.java:1134)
        at java.util.concurrent.ThreadPoolExecutor$Worker.run(ThreadPoolExecutor.java:624)
        at java.lang.Thread.run(Thread.java:750)
"4dfacd3a-85e6-4f60-aa9f-15a17a1c954a@group-95B153CB0731-SegmentedRaftLogWorker" daemon prio=5 tid=831 timed_waiting
java.lang.Thread.State: TIMED_WAITING
        at sun.misc.Unsafe.park(Native Method)
        at java.util.concurrent.locks.LockSupport.parkNanos(LockSupport.java:215)
        at java.util.concurrent.locks.AbstractQueuedSynchronizer$ConditionObject.awaitNanos(AbstractQueuedSynchronizer.java:2078)
        at org.apache.ratis.util.DataBlockingQueue.poll(DataBlockingQueue.java:148)
        at org.apache.ratis.server.raftlog.segmented.SegmentedRaftLogWorker.run(SegmentedRaftLogWorker.java:307)
        at org.apache.ratis.server.raftlog.segmented.SegmentedRaftLogWorker$$Lambda$841/2058580550.run(Unknown Source)
        at java.util.concurrent.Executors$RunnableAdapter.call(Executors.java:511)
        at java.util.concurrent.FutureTask.run(FutureTask.java:266)
        at java.util.concurrent.ThreadPoolExecutor.runWorker(ThreadPoolExecutor.java:1149)
        at java.util.concurrent.ThreadPoolExecutor$Worker.run(ThreadPoolExecutor.java:624)
        at java.lang.Thread.run(Thread.java:750)
"ContainerOp-2091c0d9-35bc-4ce5-bb07-565827c47cd0-5"  prio=5 tid=1149 in Object.wait()
java.lang.Thread.State: WAITING (on object monitor)
        at sun.misc.Unsafe.park(Native Method)
        at java.util.concurrent.locks.LockSupport.park(LockSupport.java:175)
        at java.util.concurrent.locks.AbstractQueuedSynchronizer$ConditionObject.await(AbstractQueuedSynchronizer.java:2039)
        at java.util.concurrent.LinkedBlockingQueue.take(LinkedBlockingQueue.java:442)
        at java.util.concurrent.ThreadPoolExecutor.getTask(ThreadPoolExecutor.java:1074)
        at java.util.concurrent.ThreadPoolExecutor.runWorker(ThreadPoolExecutor.java:1134)
        at java.util.concurrent.ThreadPoolExecutor$Worker.run(ThreadPoolExecutor.java:624)
        at java.lang.Thread.run(Thread.java:750)
"Datanode State Machine Task Thread - 0"  prio=5 tid=434 in Object.wait()
java.lang.Thread.State: WAITING (on object monitor)
        at sun.misc.Unsafe.park(Native Method)
        at java.util.concurrent.locks.LockSupport.park(LockSupport.java:175)
        at java.util.concurrent.locks.AbstractQueuedSynchronizer$ConditionObject.await(AbstractQueuedSynchronizer.java:2039)
        at java.util.concurrent.LinkedBlockingQueue.take(LinkedBlockingQueue.java:442)
        at java.util.concurrent.ThreadPoolExecutor.getTask(ThreadPoolExecutor.java:1074)
        at java.util.concurrent.ThreadPoolExecutor.runWorker(ThreadPoolExecutor.java:1134)
        at java.util.concurrent.ThreadPoolExecutor$Worker.run(ThreadPoolExecutor.java:624)
        at java.lang.Thread.run(Thread.java:750)
"PipelineCommandHandlerThread-0"  prio=5 tid=841 in Object.wait()
java.lang.Thread.State: WAITING (on object monitor)
        at sun.misc.Unsafe.park(Native Method)
        at java.util.concurrent.locks.LockSupport.park(LockSupport.java:175)
        at java.util.concurrent.locks.AbstractQueuedSynchronizer$ConditionObject.await(AbstractQueuedSynchronizer.java:2039)
        at java.util.concurrent.LinkedBlockingQueue.take(LinkedBlockingQueue.java:442)
        at java.util.concurrent.ThreadPoolExecutor.getTask(ThreadPoolExecutor.java:1074)
        at java.util.concurrent.ThreadPoolExecutor.runWorker(ThreadPoolExecutor.java:1134)
        at java.util.concurrent.ThreadPoolExecutor$Worker.run(ThreadPoolExecutor.java:624)
        at java.lang.Thread.run(Thread.java:750)
"5317d628-7528-4015-930b-d89d4a444778@group-BAC3D6A46238-FollowerState" daemon prio=5 tid=900 timed_waiting
java.lang.Thread.State: TIMED_WAITING
        at java.lang.Thread.sleep(Native Method)
        at java.lang.Thread.sleep(Thread.java:342)
        at java.util.concurrent.TimeUnit.sleep(TimeUnit.java:386)
        at org.apache.ratis.util.TimeDuration.sleep(TimeDuration.java:325)
        at org.apache.ratis.util.TimeDuration.sleep(TimeDuration.java:310)
        at org.apache.ratis.server.impl.FollowerState.run(FollowerState.java:128)
"Command processor thread" daemon prio=5 tid=433 timed_waiting
java.lang.Thread.State: TIMED_WAITING
        at java.lang.Thread.sleep(Native Method)
        at org.apache.hadoop.ozone.container.common.statemachine.DatanodeStateMachine.lambda$initCommandHandlerThread$3(DatanodeStateMachine.java:667)
        at org.apache.hadoop.ozone.container.common.statemachine.DatanodeStateMachine$$Lambda$1043/1121353957.run(Unknown Source)
        at java.lang.Thread.run(Thread.java:750)
"qtp188592776-402" daemon prio=5 tid=402 timed_waiting
java.lang.Thread.State: TIMED_WAITING
        at sun.misc.Unsafe.park(Native Method)
        at java.util.concurrent.locks.LockSupport.parkNanos(LockSupport.java:215)
        at java.util.concurrent.locks.AbstractQueuedSynchronizer$ConditionObject.awaitNanos(AbstractQueuedSynchronizer.java:2078)
        at org.eclipse.jetty.util.BlockingArrayQueue.poll(BlockingArrayQueue.java:382)
        at org.eclipse.jetty.util.thread.QueuedThreadPool$Runner.idleJobPoll(QueuedThreadPool.java:974)
        at org.eclipse.jetty.util.thread.QueuedThreadPool$Runner.run(QueuedThreadPool.java:1018)
        at java.lang.Thread.run(Thread.java:750)
"ContainerOp-00044fda-cf71-4d00-9eb5-8cc713da5931-8"  prio=5 tid=1341 in Object.wait()
java.lang.Thread.State: WAITING (on object monitor)
        at sun.misc.Unsafe.park(Native Method)
        at java.util.concurrent.locks.LockSupport.park(LockSupport.java:175)
        at java.util.concurrent.locks.AbstractQueuedSynchronizer$ConditionObject.await(AbstractQueuedSynchronizer.java:2039)
        at java.util.concurrent.LinkedBlockingQueue.take(LinkedBlockingQueue.java:442)
        at java.util.concurrent.ThreadPoolExecutor.getTask(ThreadPoolExecutor.java:1074)
        at java.util.concurrent.ThreadPoolExecutor.runWorker(ThreadPoolExecutor.java:1134)
        at java.util.concurrent.ThreadPoolExecutor$Worker.run(ThreadPoolExecutor.java:624)
        at java.lang.Thread.run(Thread.java:750)
"ChunkWriter-3-0" daemon prio=5 tid=614 in Object.wait()
java.lang.Thread.State: WAITING (on object monitor)
        at sun.misc.Unsafe.park(Native Method)
        at java.util.concurrent.locks.LockSupport.park(LockSupport.java:175)
        at java.util.concurrent.locks.AbstractQueuedSynchronizer$ConditionObject.await(AbstractQueuedSynchronizer.java:2039)
        at java.util.concurrent.LinkedBlockingDeque.takeFirst(LinkedBlockingDeque.java:492)
        at java.util.concurrent.LinkedBlockingDeque.take(LinkedBlockingDeque.java:680)
        at java.util.concurrent.ThreadPoolExecutor.getTask(ThreadPoolExecutor.java:1074)
        at java.util.concurrent.ThreadPoolExecutor.runWorker(ThreadPoolExecutor.java:1134)
        at java.util.concurrent.ThreadPoolExecutor$Worker.run(ThreadPoolExecutor.java:624)
        at java.lang.Thread.run(Thread.java:750)
"Datanode ReportManager Thread - 3" daemon prio=5 tid=282 in Object.wait()
java.lang.Thread.State: WAITING (on object monitor)
        at sun.misc.Unsafe.park(Native Method)
        at java.util.concurrent.locks.LockSupport.park(LockSupport.java:175)
        at java.util.concurrent.locks.AbstractQueuedSynchronizer$ConditionObject.await(AbstractQueuedSynchronizer.java:2039)
        at java.util.concurrent.ScheduledThreadPoolExecutor$DelayedWorkQueue.take(ScheduledThreadPoolExecutor.java:1088)
        at java.util.concurrent.ScheduledThreadPoolExecutor$DelayedWorkQueue.take(ScheduledThreadPoolExecutor.java:809)
        at java.util.concurrent.ThreadPoolExecutor.getTask(ThreadPoolExecutor.java:1074)
        at java.util.concurrent.ThreadPoolExecutor.runWorker(ThreadPoolExecutor.java:1134)
        at java.util.concurrent.ThreadPoolExecutor$Worker.run(ThreadPoolExecutor.java:624)
        at java.lang.Thread.run(Thread.java:750)
"5317d628-7528-4015-930b-d89d4a444778-server-thread1" daemon prio=5 tid=906 timed_waiting
java.lang.Thread.State: TIMED_WAITING
        at sun.misc.Unsafe.park(Native Method)
        at java.util.concurrent.locks.LockSupport.parkNanos(LockSupport.java:215)
        at java.util.concurrent.SynchronousQueue$TransferStack.awaitFulfill(SynchronousQueue.java:460)
        at java.util.concurrent.SynchronousQueue$TransferStack.transfer(SynchronousQueue.java:362)
        at java.util.concurrent.SynchronousQueue.poll(SynchronousQueue.java:941)
        at java.util.concurrent.ThreadPoolExecutor.getTask(ThreadPoolExecutor.java:1073)
        at java.util.concurrent.ThreadPoolExecutor.runWorker(ThreadPoolExecutor.java:1134)
        at java.util.concurrent.ThreadPoolExecutor$Worker.run(ThreadPoolExecutor.java:624)
        at java.lang.Thread.run(Thread.java:750)
"Periodic HDDS volume checker" daemon prio=5 tid=407 timed_waiting
java.lang.Thread.State: TIMED_WAITING
        at sun.misc.Unsafe.park(Native Method)
        at java.util.concurrent.locks.LockSupport.parkNanos(LockSupport.java:215)
        at java.util.concurrent.locks.AbstractQueuedSynchronizer$ConditionObject.awaitNanos(AbstractQueuedSynchronizer.java:2078)
        at java.util.concurrent.ScheduledThreadPoolExecutor$DelayedWorkQueue.take(ScheduledThreadPoolExecutor.java:1093)
        at java.util.concurrent.ScheduledThreadPoolExecutor$DelayedWorkQueue.take(ScheduledThreadPoolExecutor.java:809)
        at java.util.concurrent.ThreadPoolExecutor.getTask(ThreadPoolExecutor.java:1074)
        at java.util.concurrent.ThreadPoolExecutor.runWorker(ThreadPoolExecutor.java:1134)
        at java.util.concurrent.ThreadPoolExecutor$Worker.run(ThreadPoolExecutor.java:624)
        at java.lang.Thread.run(Thread.java:750)
"Datanode State Machine Task Thread - 0"  prio=5 tid=227 in Object.wait()
java.lang.Thread.State: WAITING (on object monitor)
        at sun.misc.Unsafe.park(Native Method)
        at java.util.concurrent.locks.LockSupport.park(LockSupport.java:175)
        at java.util.concurrent.locks.AbstractQueuedSynchronizer$ConditionObject.await(AbstractQueuedSynchronizer.java:2039)
        at java.util.concurrent.LinkedBlockingQueue.take(LinkedBlockingQueue.java:442)
        at java.util.concurrent.ThreadPoolExecutor.getTask(ThreadPoolExecutor.java:1074)
        at java.util.concurrent.ThreadPoolExecutor.runWorker(ThreadPoolExecutor.java:1134)
        at java.util.concurrent.ThreadPoolExecutor$Worker.run(ThreadPoolExecutor.java:624)
        at java.lang.Thread.run(Thread.java:750)
"b431013d-a75d-44b2-a41a-a2e98e506a92@group-8A617CCA13DF-LeaderStateImpl" daemon prio=5 tid=966 timed_waiting
java.lang.Thread.State: TIMED_WAITING
        at sun.misc.Unsafe.park(Native Method)
        at java.util.concurrent.locks.LockSupport.parkNanos(LockSupport.java:215)
        at java.util.concurrent.locks.AbstractQueuedSynchronizer$ConditionObject.awaitNanos(AbstractQueuedSynchronizer.java:2078)
        at java.util.concurrent.ArrayBlockingQueue.poll(ArrayBlockingQueue.java:418)
        at org.apache.ratis.server.impl.LeaderStateImpl$EventQueue.poll(LeaderStateImpl.java:164)
        at org.apache.ratis.server.impl.LeaderStateImpl$EventProcessor.run(LeaderStateImpl.java:702)
"qtp1002279474-131-acceptor-0@6f3dcdb9-ServerConnector@2ba3b4a6{HTTP/1.1, (http/1.1)}{0.0.0.0:15003}" daemon prio=3 tid=131 runnable
java.lang.Thread.State: RUNNABLE
        at sun.nio.ch.ServerSocketChannelImpl.accept0(Native Method)
        at sun.nio.ch.ServerSocketChannelImpl.accept(ServerSocketChannelImpl.java:421)
        at sun.nio.ch.ServerSocketChannelImpl.accept(ServerSocketChannelImpl.java:249)
        at org.eclipse.jetty.server.ServerConnector.accept(ServerConnector.java:388)
        at org.eclipse.jetty.server.AbstractConnector$Acceptor.run(AbstractConnector.java:704)
        at org.eclipse.jetty.util.thread.QueuedThreadPool.runJob(QueuedThreadPool.java:883)
        at org.eclipse.jetty.util.thread.QueuedThreadPool$Runner.run(QueuedThreadPool.java:1034)
        at java.lang.Thread.run(Thread.java:750)
"Datanode State Machine Daemon Thread" daemon prio=5 tid=565 timed_waiting
java.lang.Thread.State: TIMED_WAITING
        at java.lang.Thread.sleep(Native Method)
        at org.apache.hadoop.ozone.container.common.statemachine.DatanodeStateMachine.startStateMachineThread(DatanodeStateMachine.java:353)
        at org.apache.hadoop.ozone.container.common.statemachine.DatanodeStateMachine.lambda$startDaemon$0(DatanodeStateMachine.java:540)
        at org.apache.hadoop.ozone.container.common.statemachine.DatanodeStateMachine$$Lambda$1041/1491309043.run(Unknown Source)
        at java.lang.Thread.run(Thread.java:750)
"pool-77-thread-1" daemon prio=5 tid=379 timed_waiting
java.lang.Thread.State: TIMED_WAITING
        at sun.misc.Unsafe.park(Native Method)
        at java.util.concurrent.locks.LockSupport.parkNanos(LockSupport.java:215)
        at java.util.concurrent.locks.AbstractQueuedSynchronizer$ConditionObject.awaitNanos(AbstractQueuedSynchronizer.java:2078)
        at java.util.concurrent.ScheduledThreadPoolExecutor$DelayedWorkQueue.take(ScheduledThreadPoolExecutor.java:1093)
        at java.util.concurrent.ScheduledThreadPoolExecutor$DelayedWorkQueue.take(ScheduledThreadPoolExecutor.java:809)
        at java.util.concurrent.ThreadPoolExecutor.getTask(ThreadPoolExecutor.java:1074)
        at java.util.concurrent.ThreadPoolExecutor.runWorker(ThreadPoolExecutor.java:1134)
        at java.util.concurrent.ThreadPoolExecutor$Worker.run(ThreadPoolExecutor.java:624)
        at java.lang.Thread.run(Thread.java:750)
"6220322b-c54d-4ba8-95d6-5fd9b706d663-server-thread2" daemon prio=5 tid=934 timed_waiting
java.lang.Thread.State: TIMED_WAITING
        at sun.misc.Unsafe.park(Native Method)
        at java.util.concurrent.locks.LockSupport.parkNanos(LockSupport.java:215)
        at java.util.concurrent.SynchronousQueue$TransferStack.awaitFulfill(SynchronousQueue.java:460)
        at java.util.concurrent.SynchronousQueue$TransferStack.transfer(SynchronousQueue.java:362)
        at java.util.concurrent.SynchronousQueue.poll(SynchronousQueue.java:941)
        at java.util.concurrent.ThreadPoolExecutor.getTask(ThreadPoolExecutor.java:1073)
        at java.util.concurrent.ThreadPoolExecutor.runWorker(ThreadPoolExecutor.java:1134)
        at java.util.concurrent.ThreadPoolExecutor$Worker.run(ThreadPoolExecutor.java:624)
        at java.lang.Thread.run(Thread.java:750)
"IPC Server handler 0 on default port 15073" daemon prio=5 tid=470 timed_waiting
java.lang.Thread.State: TIMED_WAITING
        at sun.misc.Unsafe.park(Native Method)
        at java.util.concurrent.locks.LockSupport.parkNanos(LockSupport.java:215)
        at java.util.concurrent.locks.AbstractQueuedSynchronizer$ConditionObject.awaitNanos(AbstractQueuedSynchronizer.java:2078)
        at java.util.concurrent.LinkedBlockingQueue.poll(LinkedBlockingQueue.java:467)
        at org.apache.hadoop.ipc.CallQueueManager.take(CallQueueManager.java:317)
        at org.apache.hadoop.ipc.Server$Handler.run(Server.java:3014)
"ContainerOp-4f955fc0-ea69-486a-8109-13976fd52583-9"  prio=5 tid=1198 in Object.wait()
java.lang.Thread.State: WAITING (on object monitor)
        at sun.misc.Unsafe.park(Native Method)
        at java.util.concurrent.locks.LockSupport.park(LockSupport.java:175)
        at java.util.concurrent.locks.AbstractQueuedSynchronizer$ConditionObject.await(AbstractQueuedSynchronizer.java:2039)
        at java.util.concurrent.LinkedBlockingQueue.take(LinkedBlockingQueue.java:442)
        at java.util.concurrent.ThreadPoolExecutor.getTask(ThreadPoolExecutor.java:1074)
        at java.util.concurrent.ThreadPoolExecutor.runWorker(ThreadPoolExecutor.java:1134)
        at java.util.concurrent.ThreadPoolExecutor$Worker.run(ThreadPoolExecutor.java:624)
        at java.lang.Thread.run(Thread.java:750)
"Datanode ReportManager Thread - 1" daemon prio=5 tid=517 in Object.wait()
java.lang.Thread.State: WAITING (on object monitor)
        at sun.misc.Unsafe.park(Native Method)
        at java.util.concurrent.locks.LockSupport.park(LockSupport.java:175)
        at java.util.concurrent.locks.AbstractQueuedSynchronizer$ConditionObject.await(AbstractQueuedSynchronizer.java:2039)
        at java.util.concurrent.ScheduledThreadPoolExecutor$DelayedWorkQueue.take(ScheduledThreadPoolExecutor.java:1088)
        at java.util.concurrent.ScheduledThreadPoolExecutor$DelayedWorkQueue.take(ScheduledThreadPoolExecutor.java:809)
        at java.util.concurrent.ThreadPoolExecutor.getTask(ThreadPoolExecutor.java:1074)
        at java.util.concurrent.ThreadPoolExecutor.runWorker(ThreadPoolExecutor.java:1134)
        at java.util.concurrent.ThreadPoolExecutor$Worker.run(ThreadPoolExecutor.java:624)
        at java.lang.Thread.run(Thread.java:750)
"Socket Reader #1 for port 15055"  prio=5 tid=364 runnable
java.lang.Thread.State: RUNNABLE
        at sun.nio.ch.EPollArrayWrapper.epollWait(Native Method)
        at sun.nio.ch.EPollArrayWrapper.poll(EPollArrayWrapper.java:269)
        at sun.nio.ch.EPollSelectorImpl.doSelect(EPollSelectorImpl.java:93)
        at sun.nio.ch.SelectorImpl.lockAndDoSelect(SelectorImpl.java:86)
        at sun.nio.ch.SelectorImpl.select(SelectorImpl.java:97)
        at sun.nio.ch.SelectorImpl.select(SelectorImpl.java:101)
        at org.apache.hadoop.ipc.Server$Listener$Reader.doRunLoop(Server.java:1346)
        at org.apache.hadoop.ipc.Server$Listener$Reader.run(Server.java:1325)
"qtp1002279474-132" daemon prio=5 tid=132 timed_waiting
java.lang.Thread.State: TIMED_WAITING
        at sun.misc.Unsafe.park(Native Method)
        at java.util.concurrent.locks.LockSupport.parkNanos(LockSupport.java:215)
        at java.util.concurrent.locks.AbstractQueuedSynchronizer$ConditionObject.awaitNanos(AbstractQueuedSynchronizer.java:2078)
        at org.eclipse.jetty.util.BlockingArrayQueue.poll(BlockingArrayQueue.java:382)
        at org.eclipse.jetty.util.thread.QueuedThreadPool$Runner.idleJobPoll(QueuedThreadPool.java:974)
        at org.eclipse.jetty.util.thread.QueuedThreadPool$Runner.run(QueuedThreadPool.java:1018)
        at java.lang.Thread.run(Thread.java:750)
"Datanode ReportManager Thread - 2" daemon prio=5 tid=223 in Object.wait()
java.lang.Thread.State: WAITING (on object monitor)
        at sun.misc.Unsafe.park(Native Method)
        at java.util.concurrent.locks.LockSupport.park(LockSupport.java:175)
        at java.util.concurrent.locks.AbstractQueuedSynchronizer$ConditionObject.await(AbstractQueuedSynchronizer.java:2039)
        at java.util.concurrent.ScheduledThreadPoolExecutor$DelayedWorkQueue.take(ScheduledThreadPoolExecutor.java:1088)
        at java.util.concurrent.ScheduledThreadPoolExecutor$DelayedWorkQueue.take(ScheduledThreadPoolExecutor.java:809)
        at java.util.concurrent.ThreadPoolExecutor.getTask(ThreadPoolExecutor.java:1074)
        at java.util.concurrent.ThreadPoolExecutor.runWorker(ThreadPoolExecutor.java:1134)
        at java.util.concurrent.ThreadPoolExecutor$Worker.run(ThreadPoolExecutor.java:624)
        at java.lang.Thread.run(Thread.java:750)
"BlockDeletingService#3" daemon prio=5 tid=1657 in Object.wait()
java.lang.Thread.State: WAITING (on object monitor)
        at sun.misc.Unsafe.park(Native Method)
        at java.util.concurrent.locks.LockSupport.park(LockSupport.java:175)
        at java.util.concurrent.locks.AbstractQueuedSynchronizer$ConditionObject.await(AbstractQueuedSynchronizer.java:2039)
        at java.util.concurrent.ScheduledThreadPoolExecutor$DelayedWorkQueue.take(ScheduledThreadPoolExecutor.java:1088)
        at java.util.concurrent.ScheduledThreadPoolExecutor$DelayedWorkQueue.take(ScheduledThreadPoolExecutor.java:809)
        at java.util.concurrent.ThreadPoolExecutor.getTask(ThreadPoolExecutor.java:1074)
        at java.util.concurrent.ThreadPoolExecutor.runWorker(ThreadPoolExecutor.java:1134)
        at java.util.concurrent.ThreadPoolExecutor$Worker.run(ThreadPoolExecutor.java:624)
        at java.lang.Thread.run(Thread.java:750)
"qtp547239460-491" daemon prio=5 tid=491 timed_waiting
java.lang.Thread.State: TIMED_WAITING
        at sun.misc.Unsafe.park(Native Method)
        at java.util.concurrent.locks.LockSupport.parkNanos(LockSupport.java:215)
        at java.util.concurrent.locks.AbstractQueuedSynchronizer$ConditionObject.awaitNanos(AbstractQueuedSynchronizer.java:2078)
        at org.eclipse.jetty.util.BlockingArrayQueue.poll(BlockingArrayQueue.java:382)
        at org.eclipse.jetty.util.thread.QueuedThreadPool$Runner.idleJobPoll(QueuedThreadPool.java:974)
        at org.eclipse.jetty.util.thread.QueuedThreadPool$Runner.run(QueuedThreadPool.java:1018)
        at java.lang.Thread.run(Thread.java:750)
"ContainerOp-870a759f-8d79-46e0-9830-9a5c66ffce8a-6"  prio=5 tid=1166 in Object.wait()
java.lang.Thread.State: WAITING (on object monitor)
        at sun.misc.Unsafe.park(Native Method)
        at java.util.concurrent.locks.LockSupport.park(LockSupport.java:175)
        at java.util.concurrent.locks.AbstractQueuedSynchronizer$ConditionObject.await(AbstractQueuedSynchronizer.java:2039)
        at java.util.concurrent.LinkedBlockingQueue.take(LinkedBlockingQueue.java:442)
        at java.util.concurrent.ThreadPoolExecutor.getTask(ThreadPoolExecutor.java:1074)
        at java.util.concurrent.ThreadPoolExecutor.runWorker(ThreadPoolExecutor.java:1134)
        at java.util.concurrent.ThreadPoolExecutor$Worker.run(ThreadPoolExecutor.java:624)
        at java.lang.Thread.run(Thread.java:750)
"ChunkWriter-1-0" daemon prio=5 tid=500 in Object.wait()
java.lang.Thread.State: WAITING (on object monitor)
        at sun.misc.Unsafe.park(Native Method)
        at java.util.concurrent.locks.LockSupport.park(LockSupport.java:175)
        at java.util.concurrent.locks.AbstractQueuedSynchronizer$ConditionObject.await(AbstractQueuedSynchronizer.java:2039)
        at java.util.concurrent.LinkedBlockingDeque.takeFirst(LinkedBlockingDeque.java:492)
        at java.util.concurrent.LinkedBlockingDeque.take(LinkedBlockingDeque.java:680)
        at java.util.concurrent.ThreadPoolExecutor.getTask(ThreadPoolExecutor.java:1074)
        at java.util.concurrent.ThreadPoolExecutor.runWorker(ThreadPoolExecutor.java:1134)
        at java.util.concurrent.ThreadPoolExecutor$Worker.run(ThreadPoolExecutor.java:624)
        at java.lang.Thread.run(Thread.java:750)
"qtp110826259-264-acceptor-0@4d06a665-ServerConnector@7d895d8e{HTTP/1.1, (http/1.1)}{0.0.0.0:15027}" daemon prio=3 tid=264 runnable
java.lang.Thread.State: RUNNABLE
        at sun.nio.ch.ServerSocketChannelImpl.accept0(Native Method)
        at sun.nio.ch.ServerSocketChannelImpl.accept(ServerSocketChannelImpl.java:421)
        at sun.nio.ch.ServerSocketChannelImpl.accept(ServerSocketChannelImpl.java:249)
        at org.eclipse.jetty.server.ServerConnector.accept(ServerConnector.java:388)
        at org.eclipse.jetty.server.AbstractConnector$Acceptor.run(AbstractConnector.java:704)
        at org.eclipse.jetty.util.thread.QueuedThreadPool.runJob(QueuedThreadPool.java:883)
        at org.eclipse.jetty.util.thread.QueuedThreadPool$Runner.run(QueuedThreadPool.java:1034)
        at java.lang.Thread.run(Thread.java:750)
"IPC Server idle connection scanner for port 15004" daemon prio=5 tid=152 timed_waiting
java.lang.Thread.State: TIMED_WAITING
        at java.lang.Object.wait(Native Method)
        at java.util.TimerThread.mainLoop(Timer.java:552)
        at java.util.TimerThread.run(Timer.java:505)
"IPC Server handler 11 on default port 15002" daemon prio=5 tid=117 timed_waiting
java.lang.Thread.State: TIMED_WAITING
        at sun.misc.Unsafe.park(Native Method)
        at java.util.concurrent.locks.LockSupport.parkNanos(LockSupport.java:215)
        at java.util.concurrent.locks.AbstractQueuedSynchronizer$ConditionObject.awaitNanos(AbstractQueuedSynchronizer.java:2078)
        at java.util.concurrent.LinkedBlockingQueue.poll(LinkedBlockingQueue.java:467)
        at org.apache.hadoop.ipc.CallQueueManager.take(CallQueueManager.java:317)
        at org.apache.hadoop.ipc.Server$Handler.run(Server.java:3014)
"org.apache.hadoop.ozone.container.common.statemachine.commandhandler.DeleteBlocksCommandHandler$DeleteCmdWorker@2afb3317" daemon prio=5 tid=483 timed_waiting
java.lang.Thread.State: TIMED_WAITING
        at java.lang.Thread.sleep(Native Method)
        at org.apache.hadoop.ozone.container.common.statemachine.commandhandler.DeleteBlocksCommandHandler$DeleteCmdWorker.run(DeleteBlocksCommandHandler.java:233)
        at java.lang.Thread.run(Thread.java:750)
"28fc21f1-0f1b-4853-8334-7fb4bdc0ccf0@group-D84CB1ADCB76-FollowerState" daemon prio=5 tid=872 timed_waiting
java.lang.Thread.State: TIMED_WAITING
        at java.lang.Thread.sleep(Native Method)
        at java.lang.Thread.sleep(Thread.java:342)
        at java.util.concurrent.TimeUnit.sleep(TimeUnit.java:386)
        at org.apache.ratis.util.TimeDuration.sleep(TimeDuration.java:325)
        at org.apache.ratis.util.TimeDuration.sleep(TimeDuration.java:310)
        at org.apache.ratis.server.impl.FollowerState.run(FollowerState.java:128)
"ContainerOp-2755eb04-fdd9-4243-a794-7fd84471ba85-1"  prio=5 tid=1117 in Object.wait()
java.lang.Thread.State: WAITING (on object monitor)
        at sun.misc.Unsafe.park(Native Method)
        at java.util.concurrent.locks.LockSupport.park(LockSupport.java:175)
        at java.util.concurrent.locks.AbstractQueuedSynchronizer$ConditionObject.await(AbstractQueuedSynchronizer.java:2039)
        at java.util.concurrent.LinkedBlockingQueue.take(LinkedBlockingQueue.java:442)
        at java.util.concurrent.ThreadPoolExecutor.getTask(ThreadPoolExecutor.java:1074)
        at java.util.concurrent.ThreadPoolExecutor.runWorker(ThreadPoolExecutor.java:1134)
        at java.util.concurrent.ThreadPoolExecutor$Worker.run(ThreadPoolExecutor.java:624)
        at java.lang.Thread.run(Thread.java:750)
"qtp188592776-404" daemon prio=5 tid=404 timed_waiting
java.lang.Thread.State: TIMED_WAITING
        at sun.misc.Unsafe.park(Native Method)
        at java.util.concurrent.locks.LockSupport.parkNanos(LockSupport.java:215)
        at java.util.concurrent.locks.AbstractQueuedSynchronizer$ConditionObject.awaitNanos(AbstractQueuedSynchronizer.java:2078)
        at org.eclipse.jetty.util.BlockingArrayQueue.poll(BlockingArrayQueue.java:382)
        at org.eclipse.jetty.util.thread.QueuedThreadPool$Runner.idleJobPoll(QueuedThreadPool.java:974)
        at org.eclipse.jetty.util.thread.QueuedThreadPool$Runner.run(QueuedThreadPool.java:1018)
        at java.lang.Thread.run(Thread.java:750)
"qtp1871212187-234" daemon prio=5 tid=234 runnable
java.lang.Thread.State: RUNNABLE
        at sun.nio.ch.EPollArrayWrapper.epollWait(Native Method)
        at sun.nio.ch.EPollArrayWrapper.poll(EPollArrayWrapper.java:269)
        at sun.nio.ch.EPollSelectorImpl.doSelect(EPollSelectorImpl.java:93)
        at sun.nio.ch.SelectorImpl.lockAndDoSelect(SelectorImpl.java:86)
        at sun.nio.ch.SelectorImpl.select(SelectorImpl.java:97)
        at sun.nio.ch.SelectorImpl.select(SelectorImpl.java:101)
        at org.eclipse.jetty.io.ManagedSelector.nioSelect(ManagedSelector.java:183)
        at org.eclipse.jetty.io.ManagedSelector.select(ManagedSelector.java:190)
        at org.eclipse.jetty.io.ManagedSelector$SelectorProducer.select(ManagedSelector.java:606)
        at org.eclipse.jetty.io.ManagedSelector$SelectorProducer.produce(ManagedSelector.java:543)
        at org.eclipse.jetty.util.thread.strategy.EatWhatYouKill.produceTask(EatWhatYouKill.java:362)
        at org.eclipse.jetty.util.thread.strategy.EatWhatYouKill.doProduce(EatWhatYouKill.java:186)
        at org.eclipse.jetty.util.thread.strategy.EatWhatYouKill.tryProduce(EatWhatYouKill.java:173)
        at org.eclipse.jetty.util.thread.strategy.EatWhatYouKill.produce(EatWhatYouKill.java:137)
        at org.eclipse.jetty.io.ManagedSelector$$Lambda$406/113042195.run(Unknown Source)
        at org.eclipse.jetty.util.thread.QueuedThreadPool.runJob(QueuedThreadPool.java:883)
        at org.eclipse.jetty.util.thread.QueuedThreadPool$Runner.run(QueuedThreadPool.java:1034)
        at java.lang.Thread.run(Thread.java:750)
"ContainerOp-9e39b8f2-dd05-49f1-bf9a-d1a0b4f7e96e-9"  prio=5 tid=1318 in Object.wait()
java.lang.Thread.State: WAITING (on object monitor)
        at sun.misc.Unsafe.park(Native Method)
        at java.util.concurrent.locks.LockSupport.park(LockSupport.java:175)
        at java.util.concurrent.locks.AbstractQueuedSynchronizer$ConditionObject.await(AbstractQueuedSynchronizer.java:2039)
        at java.util.concurrent.LinkedBlockingQueue.take(LinkedBlockingQueue.java:442)
        at java.util.concurrent.ThreadPoolExecutor.getTask(ThreadPoolExecutor.java:1074)
        at java.util.concurrent.ThreadPoolExecutor.runWorker(ThreadPoolExecutor.java:1134)
        at java.util.concurrent.ThreadPoolExecutor$Worker.run(ThreadPoolExecutor.java:624)
        at java.lang.Thread.run(Thread.java:750)
"b431013d-a75d-44b2-a41a-a2e98e506a92@group-8A617CCA13DF-SegmentedRaftLogWorker"  prio=5 tid=801 timed_waiting
java.lang.Thread.State: TIMED_WAITING
        at sun.misc.Unsafe.park(Native Method)
        at java.util.concurrent.locks.LockSupport.parkNanos(LockSupport.java:215)
        at java.util.concurrent.locks.AbstractQueuedSynchronizer$ConditionObject.awaitNanos(AbstractQueuedSynchronizer.java:2078)
        at org.apache.ratis.util.DataBlockingQueue.poll(DataBlockingQueue.java:148)
        at org.apache.ratis.server.raftlog.segmented.SegmentedRaftLogWorker.run(SegmentedRaftLogWorker.java:307)
        at org.apache.ratis.server.raftlog.segmented.SegmentedRaftLogWorker$$Lambda$841/2058580550.run(Unknown Source)
        at java.util.concurrent.Executors$RunnableAdapter.call(Executors.java:511)
        at java.util.concurrent.FutureTask.run(FutureTask.java:266)
        at java.util.concurrent.ThreadPoolExecutor.runWorker(ThreadPoolExecutor.java:1149)
        at java.util.concurrent.ThreadPoolExecutor$Worker.run(ThreadPoolExecutor.java:624)
        at java.lang.Thread.run(Thread.java:750)
"6220322b-c54d-4ba8-95d6-5fd9b706d663-DataStreamManagement-request--thread9" daemon prio=5 tid=1089 in Object.wait()
java.lang.Thread.State: WAITING (on object monitor)
        at sun.misc.Unsafe.park(Native Method)
        at java.util.concurrent.locks.LockSupport.park(LockSupport.java:175)
        at java.util.concurrent.locks.AbstractQueuedSynchronizer$ConditionObject.await(AbstractQueuedSynchronizer.java:2039)
        at java.util.concurrent.LinkedBlockingQueue.take(LinkedBlockingQueue.java:442)
        at java.util.concurrent.ThreadPoolExecutor.getTask(ThreadPoolExecutor.java:1074)
        at java.util.concurrent.ThreadPoolExecutor.runWorker(ThreadPoolExecutor.java:1134)
        at java.util.concurrent.ThreadPoolExecutor$Worker.run(ThreadPoolExecutor.java:624)
        at java.lang.Thread.run(Thread.java:750)
"ChunkReader-2" daemon prio=5 tid=1302 in Object.wait()
java.lang.Thread.State: WAITING (on object monitor)
        at sun.misc.Unsafe.park(Native Method)
        at java.util.concurrent.locks.LockSupport.park(LockSupport.java:175)
        at java.util.concurrent.locks.AbstractQueuedSynchronizer$ConditionObject.await(AbstractQueuedSynchronizer.java:2039)
        at java.util.concurrent.LinkedBlockingQueue.take(LinkedBlockingQueue.java:442)
        at java.util.concurrent.ThreadPoolExecutor.getTask(ThreadPoolExecutor.java:1074)
        at java.util.concurrent.ThreadPoolExecutor.runWorker(ThreadPoolExecutor.java:1134)
        at java.util.concurrent.ThreadPoolExecutor$Worker.run(ThreadPoolExecutor.java:624)
        at java.lang.Thread.run(Thread.java:750)
"ChunkWriter-1-0" daemon prio=5 tid=381 in Object.wait()
java.lang.Thread.State: WAITING (on object monitor)
        at sun.misc.Unsafe.park(Native Method)
        at java.util.concurrent.locks.LockSupport.park(LockSupport.java:175)
        at java.util.concurrent.locks.AbstractQueuedSynchronizer$ConditionObject.await(AbstractQueuedSynchronizer.java:2039)
        at java.util.concurrent.LinkedBlockingDeque.takeFirst(LinkedBlockingDeque.java:492)
        at java.util.concurrent.LinkedBlockingDeque.take(LinkedBlockingDeque.java:680)
        at java.util.concurrent.ThreadPoolExecutor.getTask(ThreadPoolExecutor.java:1074)
        at java.util.concurrent.ThreadPoolExecutor.runWorker(ThreadPoolExecutor.java:1134)
        at java.util.concurrent.ThreadPoolExecutor$Worker.run(ThreadPoolExecutor.java:624)
        at java.lang.Thread.run(Thread.java:750)
"IPC Server Responder" daemon prio=5 tid=366 runnable
java.lang.Thread.State: RUNNABLE
        at sun.nio.ch.EPollArrayWrapper.epollWait(Native Method)
        at sun.nio.ch.EPollArrayWrapper.poll(EPollArrayWrapper.java:269)
        at sun.nio.ch.EPollSelectorImpl.doSelect(EPollSelectorImpl.java:93)
        at sun.nio.ch.SelectorImpl.lockAndDoSelect(SelectorImpl.java:86)
        at sun.nio.ch.SelectorImpl.select(SelectorImpl.java:97)
        at org.apache.hadoop.ipc.Server$Responder.doRunLoop(Server.java:1582)
        at org.apache.hadoop.ipc.Server$Responder.run(Server.java:1565)
"b431013d-a75d-44b2-a41a-a2e98e506a92-NettyServerStreamRpc-bossGroup--thread1"  prio=5 tid=392 runnable
java.lang.Thread.State: RUNNABLE
        at sun.nio.ch.EPollArrayWrapper.epollWait(Native Method)
        at sun.nio.ch.EPollArrayWrapper.poll(EPollArrayWrapper.java:269)
        at sun.nio.ch.EPollSelectorImpl.doSelect(EPollSelectorImpl.java:93)
        at sun.nio.ch.SelectorImpl.lockAndDoSelect(SelectorImpl.java:86)
        at sun.nio.ch.SelectorImpl.select(SelectorImpl.java:97)
        at sun.nio.ch.SelectorImpl.select(SelectorImpl.java:101)
        at org.apache.ratis.thirdparty.io.netty.channel.nio.SelectedSelectionKeySetSelector.select(SelectedSelectionKeySetSelector.java:68)
        at org.apache.ratis.thirdparty.io.netty.channel.nio.NioEventLoop.select(NioEventLoop.java:879)
        at org.apache.ratis.thirdparty.io.netty.channel.nio.NioEventLoop.run(NioEventLoop.java:526)
        at org.apache.ratis.thirdparty.io.netty.util.concurrent.SingleThreadEventExecutor$4.run(SingleThreadEventExecutor.java:997)
        at org.apache.ratis.thirdparty.io.netty.util.internal.ThreadExecutorMap$2.run(ThreadExecutorMap.java:74)
        at java.lang.Thread.run(Thread.java:750)
"Datanode State Machine Task Thread - 1"  prio=5 tid=394 in Object.wait()
java.lang.Thread.State: WAITING (on object monitor)
        at sun.misc.Unsafe.park(Native Method)
        at java.util.concurrent.locks.LockSupport.park(LockSupport.java:175)
        at java.util.concurrent.locks.AbstractQueuedSynchronizer$ConditionObject.await(AbstractQueuedSynchronizer.java:2039)
        at java.util.concurrent.LinkedBlockingQueue.take(LinkedBlockingQueue.java:442)
        at java.util.concurrent.ThreadPoolExecutor.getTask(ThreadPoolExecutor.java:1074)
        at java.util.concurrent.ThreadPoolExecutor.runWorker(ThreadPoolExecutor.java:1134)
        at java.util.concurrent.ThreadPoolExecutor$Worker.run(ThreadPoolExecutor.java:624)
        at java.lang.Thread.run(Thread.java:750)
"timer6" daemon prio=5 tid=907 timed_waiting
java.lang.Thread.State: TIMED_WAITING
        at java.lang.Object.wait(Native Method)
        at java.util.TimerThread.mainLoop(Timer.java:552)
        at java.util.TimerThread.run(Timer.java:505)
"IPC Server handler 17 on default port 15002" daemon prio=5 tid=123 timed_waiting
java.lang.Thread.State: TIMED_WAITING
        at sun.misc.Unsafe.park(Native Method)
        at java.util.concurrent.locks.LockSupport.parkNanos(LockSupport.java:215)
        at java.util.concurrent.locks.AbstractQueuedSynchronizer$ConditionObject.awaitNanos(AbstractQueuedSynchronizer.java:2078)
        at java.util.concurrent.LinkedBlockingQueue.poll(LinkedBlockingQueue.java:467)
        at org.apache.hadoop.ipc.CallQueueManager.take(CallQueueManager.java:317)
        at org.apache.hadoop.ipc.Server$Handler.run(Server.java:3014)
"4dfacd3a-85e6-4f60-aa9f-15a17a1c954a@group-FCF027D0E9D3-SegmentedRaftLogWorker" daemon prio=5 tid=850 timed_waiting
java.lang.Thread.State: TIMED_WAITING
        at sun.misc.Unsafe.park(Native Method)
        at java.util.concurrent.locks.LockSupport.parkNanos(LockSupport.java:215)
        at java.util.concurrent.locks.AbstractQueuedSynchronizer$ConditionObject.awaitNanos(AbstractQueuedSynchronizer.java:2078)
        at org.apache.ratis.util.DataBlockingQueue.poll(DataBlockingQueue.java:148)
        at org.apache.ratis.server.raftlog.segmented.SegmentedRaftLogWorker.run(SegmentedRaftLogWorker.java:307)
        at org.apache.ratis.server.raftlog.segmented.SegmentedRaftLogWorker$$Lambda$841/2058580550.run(Unknown Source)
        at java.util.concurrent.Executors$RunnableAdapter.call(Executors.java:511)
        at java.util.concurrent.FutureTask.run(FutureTask.java:266)
        at java.util.concurrent.ThreadPoolExecutor.runWorker(ThreadPoolExecutor.java:1149)
        at java.util.concurrent.ThreadPoolExecutor$Worker.run(ThreadPoolExecutor.java:624)
        at java.lang.Thread.run(Thread.java:750)
"6f9d3266-b874-4586-a718-9027df6ff647-DataStreamManagement-request--thread7"  prio=5 tid=1114 in Object.wait()
java.lang.Thread.State: WAITING (on object monitor)
        at sun.misc.Unsafe.park(Native Method)
        at java.util.concurrent.locks.LockSupport.park(LockSupport.java:175)
        at java.util.concurrent.locks.AbstractQueuedSynchronizer$ConditionObject.await(AbstractQueuedSynchronizer.java:2039)
        at java.util.concurrent.LinkedBlockingQueue.take(LinkedBlockingQueue.java:442)
        at java.util.concurrent.ThreadPoolExecutor.getTask(ThreadPoolExecutor.java:1074)
        at java.util.concurrent.ThreadPoolExecutor.runWorker(ThreadPoolExecutor.java:1134)
        at java.util.concurrent.ThreadPoolExecutor$Worker.run(ThreadPoolExecutor.java:624)
        at java.lang.Thread.run(Thread.java:750)
"28fc21f1-0f1b-4853-8334-7fb4bdc0ccf0@group-BAC3D6A46238->9305807b-68e0-4de4-9f06-795e0c374ac6-GrpcLogAppender-LogAppenderDaemon" daemon prio=5 tid=904 timed_waiting
java.lang.Thread.State: TIMED_WAITING
        at sun.misc.Unsafe.park(Native Method)
        at java.util.concurrent.locks.LockSupport.parkNanos(LockSupport.java:215)
        at java.util.concurrent.locks.AbstractQueuedSynchronizer$ConditionObject.await(AbstractQueuedSynchronizer.java:2163)
        at org.apache.ratis.util.AwaitForSignal.await(AwaitForSignal.java:62)
        at org.apache.ratis.grpc.server.GrpcLogAppender.mayWait(GrpcLogAppender.java:197)
        at org.apache.ratis.grpc.server.GrpcLogAppender.run(GrpcLogAppender.java:148)
        at org.apache.ratis.server.leader.LogAppenderDaemon.run(LogAppenderDaemon.java:78)
        at org.apache.ratis.server.leader.LogAppenderDaemon$$Lambda$1267/2040149817.run(Unknown Source)
        at java.lang.Thread.run(Thread.java:750)
"80a9a8fe-8ad4-444c-8e90-e2ced2b3ac02-DataStreamManagement-request--thread6"  prio=5 tid=1374 in Object.wait()
java.lang.Thread.State: WAITING (on object monitor)
        at sun.misc.Unsafe.park(Native Method)
        at java.util.concurrent.locks.LockSupport.park(LockSupport.java:175)
        at java.util.concurrent.locks.AbstractQueuedSynchronizer$ConditionObject.await(AbstractQueuedSynchronizer.java:2039)
        at java.util.concurrent.LinkedBlockingQueue.take(LinkedBlockingQueue.java:442)
        at java.util.concurrent.ThreadPoolExecutor.getTask(ThreadPoolExecutor.java:1074)
        at java.util.concurrent.ThreadPoolExecutor.runWorker(ThreadPoolExecutor.java:1134)
        at java.util.concurrent.ThreadPoolExecutor$Worker.run(ThreadPoolExecutor.java:624)
        at java.lang.Thread.run(Thread.java:750)
"6f9d3266-b874-4586-a718-9027df6ff647-server-thread3" daemon prio=5 tid=957 timed_waiting
java.lang.Thread.State: TIMED_WAITING
        at sun.misc.Unsafe.park(Native Method)
        at java.util.concurrent.locks.LockSupport.parkNanos(LockSupport.java:215)
        at java.util.concurrent.SynchronousQueue$TransferStack.awaitFulfill(SynchronousQueue.java:460)
        at java.util.concurrent.SynchronousQueue$TransferStack.transfer(SynchronousQueue.java:362)
        at java.util.concurrent.SynchronousQueue.poll(SynchronousQueue.java:941)
        at java.util.concurrent.ThreadPoolExecutor.getTask(ThreadPoolExecutor.java:1073)
        at java.util.concurrent.ThreadPoolExecutor.runWorker(ThreadPoolExecutor.java:1134)
        at java.util.concurrent.ThreadPoolExecutor$Worker.run(ThreadPoolExecutor.java:624)
        at java.lang.Thread.run(Thread.java:750)
"qtp1873189623-22" daemon prio=5 tid=22 runnable
java.lang.Thread.State: RUNNABLE
        at sun.nio.ch.EPollArrayWrapper.epollWait(Native Method)
        at sun.nio.ch.EPollArrayWrapper.poll(EPollArrayWrapper.java:269)
        at sun.nio.ch.EPollSelectorImpl.doSelect(EPollSelectorImpl.java:93)
        at sun.nio.ch.SelectorImpl.lockAndDoSelect(SelectorImpl.java:86)
        at sun.nio.ch.SelectorImpl.select(SelectorImpl.java:97)
        at sun.nio.ch.SelectorImpl.select(SelectorImpl.java:101)
        at org.eclipse.jetty.io.ManagedSelector.nioSelect(ManagedSelector.java:183)
        at org.eclipse.jetty.io.ManagedSelector.select(ManagedSelector.java:190)
        at org.eclipse.jetty.io.ManagedSelector$SelectorProducer.select(ManagedSelector.java:606)
        at org.eclipse.jetty.io.ManagedSelector$SelectorProducer.produce(ManagedSelector.java:543)
        at org.eclipse.jetty.util.thread.strategy.EatWhatYouKill.produceTask(EatWhatYouKill.java:362)
        at org.eclipse.jetty.util.thread.strategy.EatWhatYouKill.doProduce(EatWhatYouKill.java:186)
        at org.eclipse.jetty.util.thread.strategy.EatWhatYouKill.tryProduce(EatWhatYouKill.java:173)
        at org.eclipse.jetty.util.thread.strategy.EatWhatYouKill.run(EatWhatYouKill.java:131)
        at org.eclipse.jetty.util.thread.ReservedThreadExecutor$ReservedThread.run(ReservedThreadExecutor.java:409)
        at org.eclipse.jetty.util.thread.QueuedThreadPool.runJob(QueuedThreadPool.java:883)
        at org.eclipse.jetty.util.thread.QueuedThreadPool$Runner.run(QueuedThreadPool.java:1034)
        at java.lang.Thread.run(Thread.java:750)
"ChunkReader-6" daemon prio=5 tid=1280 in Object.wait()
java.lang.Thread.State: WAITING (on object monitor)
        at sun.misc.Unsafe.park(Native Method)
        at java.util.concurrent.locks.LockSupport.park(LockSupport.java:175)
        at java.util.concurrent.locks.AbstractQueuedSynchronizer$ConditionObject.await(AbstractQueuedSynchronizer.java:2039)
        at java.util.concurrent.LinkedBlockingQueue.take(LinkedBlockingQueue.java:442)
        at java.util.concurrent.ThreadPoolExecutor.getTask(ThreadPoolExecutor.java:1074)
        at java.util.concurrent.ThreadPoolExecutor.runWorker(ThreadPoolExecutor.java:1134)
        at java.util.concurrent.ThreadPoolExecutor$Worker.run(ThreadPoolExecutor.java:624)
        at java.lang.Thread.run(Thread.java:750)
"ChunkWriter-2-0" daemon prio=5 tid=501 in Object.wait()
java.lang.Thread.State: WAITING (on object monitor)
        at sun.misc.Unsafe.park(Native Method)
        at java.util.concurrent.locks.LockSupport.park(LockSupport.java:175)
        at java.util.concurrent.locks.AbstractQueuedSynchronizer$ConditionObject.await(AbstractQueuedSynchronizer.java:2039)
        at java.util.concurrent.LinkedBlockingDeque.takeFirst(LinkedBlockingDeque.java:492)
        at java.util.concurrent.LinkedBlockingDeque.take(LinkedBlockingDeque.java:680)
        at java.util.concurrent.ThreadPoolExecutor.getTask(ThreadPoolExecutor.java:1074)
        at java.util.concurrent.ThreadPoolExecutor.runWorker(ThreadPoolExecutor.java:1134)
        at java.util.concurrent.ThreadPoolExecutor$Worker.run(ThreadPoolExecutor.java:624)
        at java.lang.Thread.run(Thread.java:750)
"b431013d-a75d-44b2-a41a-a2e98e506a92@group-95B153CB0731-FollowerState" daemon prio=5 tid=986 timed_waiting
java.lang.Thread.State: TIMED_WAITING
        at java.lang.Thread.sleep(Native Method)
        at java.lang.Thread.sleep(Thread.java:342)
        at java.util.concurrent.TimeUnit.sleep(TimeUnit.java:386)
        at org.apache.ratis.util.TimeDuration.sleep(TimeDuration.java:325)
        at org.apache.ratis.util.TimeDuration.sleep(TimeDuration.java:310)
        at org.apache.ratis.server.impl.FollowerState.run(FollowerState.java:128)
"IPC Server handler 12 on default port 15000" daemon prio=5 tid=78 timed_waiting
java.lang.Thread.State: TIMED_WAITING
        at sun.misc.Unsafe.park(Native Method)
        at java.util.concurrent.locks.LockSupport.parkNanos(LockSupport.java:215)
        at java.util.concurrent.locks.AbstractQueuedSynchronizer$ConditionObject.awaitNanos(AbstractQueuedSynchronizer.java:2078)
        at java.util.concurrent.LinkedBlockingQueue.poll(LinkedBlockingQueue.java:467)
        at org.apache.hadoop.ipc.CallQueueManager.take(CallQueueManager.java:317)
        at org.apache.hadoop.ipc.Server$Handler.run(Server.java:3014)
"9fc007ee-6328-4e66-a7f4-dfd370a25fec-DataStreamManagement-request--thread5"  prio=5 tid=1388 in Object.wait()
java.lang.Thread.State: WAITING (on object monitor)
        at sun.misc.Unsafe.park(Native Method)
        at java.util.concurrent.locks.LockSupport.park(LockSupport.java:175)
        at java.util.concurrent.locks.AbstractQueuedSynchronizer$ConditionObject.await(AbstractQueuedSynchronizer.java:2039)
        at java.util.concurrent.LinkedBlockingQueue.take(LinkedBlockingQueue.java:442)
        at java.util.concurrent.ThreadPoolExecutor.getTask(ThreadPoolExecutor.java:1074)
        at java.util.concurrent.ThreadPoolExecutor.runWorker(ThreadPoolExecutor.java:1134)
        at java.util.concurrent.ThreadPoolExecutor$Worker.run(ThreadPoolExecutor.java:624)
        at java.lang.Thread.run(Thread.java:750)
"6f9d3266-b874-4586-a718-9027df6ff647-DataStreamManagement-write--thread1"  prio=5 tid=1105 in Object.wait()
java.lang.Thread.State: WAITING (on object monitor)
        at sun.misc.Unsafe.park(Native Method)
        at java.util.concurrent.locks.LockSupport.park(LockSupport.java:175)
        at java.util.concurrent.locks.AbstractQueuedSynchronizer$ConditionObject.await(AbstractQueuedSynchronizer.java:2039)
        at java.util.concurrent.LinkedBlockingQueue.take(LinkedBlockingQueue.java:442)
        at java.util.concurrent.ThreadPoolExecutor.getTask(ThreadPoolExecutor.java:1074)
        at java.util.concurrent.ThreadPoolExecutor.runWorker(ThreadPoolExecutor.java:1134)
        at java.util.concurrent.ThreadPoolExecutor$Worker.run(ThreadPoolExecutor.java:624)
        at java.lang.Thread.run(Thread.java:750)
"ChunkWriter-0-0" daemon prio=5 tid=411 in Object.wait()
java.lang.Thread.State: WAITING (on object monitor)
        at sun.misc.Unsafe.park(Native Method)
        at java.util.concurrent.locks.LockSupport.park(LockSupport.java:175)
        at java.util.concurrent.locks.AbstractQueuedSynchronizer$ConditionObject.await(AbstractQueuedSynchronizer.java:2039)
        at java.util.concurrent.LinkedBlockingDeque.takeFirst(LinkedBlockingDeque.java:492)
        at java.util.concurrent.LinkedBlockingDeque.take(LinkedBlockingDeque.java:680)
        at java.util.concurrent.ThreadPoolExecutor.getTask(ThreadPoolExecutor.java:1074)
        at java.util.concurrent.ThreadPoolExecutor.runWorker(ThreadPoolExecutor.java:1134)
        at java.util.concurrent.ThreadPoolExecutor$Worker.run(ThreadPoolExecutor.java:624)
        at java.lang.Thread.run(Thread.java:750)
"ChunkReader-9" daemon prio=5 tid=1273 in Object.wait()
java.lang.Thread.State: WAITING (on object monitor)
        at sun.misc.Unsafe.park(Native Method)
        at java.util.concurrent.locks.LockSupport.park(LockSupport.java:175)
        at java.util.concurrent.locks.AbstractQueuedSynchronizer$ConditionObject.await(AbstractQueuedSynchronizer.java:2039)
        at java.util.concurrent.LinkedBlockingQueue.take(LinkedBlockingQueue.java:442)
        at java.util.concurrent.ThreadPoolExecutor.getTask(ThreadPoolExecutor.java:1074)
        at java.util.concurrent.ThreadPoolExecutor.runWorker(ThreadPoolExecutor.java:1134)
        at java.util.concurrent.ThreadPoolExecutor$Worker.run(ThreadPoolExecutor.java:624)
        at java.lang.Thread.run(Thread.java:750)
"SstFilteringService#0" daemon prio=5 tid=165 timed_waiting
java.lang.Thread.State: TIMED_WAITING
        at sun.misc.Unsafe.park(Native Method)
        at java.util.concurrent.locks.LockSupport.parkNanos(LockSupport.java:215)
        at java.util.concurrent.locks.AbstractQueuedSynchronizer$ConditionObject.awaitNanos(AbstractQueuedSynchronizer.java:2078)
        at java.util.concurrent.ScheduledThreadPoolExecutor$DelayedWorkQueue.take(ScheduledThreadPoolExecutor.java:1093)
        at java.util.concurrent.ScheduledThreadPoolExecutor$DelayedWorkQueue.take(ScheduledThreadPoolExecutor.java:809)
        at java.util.concurrent.ThreadPoolExecutor.getTask(ThreadPoolExecutor.java:1074)
        at java.util.concurrent.ThreadPoolExecutor.runWorker(ThreadPoolExecutor.java:1134)
        at java.util.concurrent.ThreadPoolExecutor$Worker.run(ThreadPoolExecutor.java:624)
        at java.lang.Thread.run(Thread.java:750)
"9fc007ee-6328-4e66-a7f4-dfd370a25fec-groupManagement" daemon prio=5 tid=812 in Object.wait()
java.lang.Thread.State: WAITING (on object monitor)
        at sun.misc.Unsafe.park(Native Method)
        at java.util.concurrent.locks.LockSupport.park(LockSupport.java:175)
        at java.util.concurrent.locks.AbstractQueuedSynchronizer$ConditionObject.await(AbstractQueuedSynchronizer.java:2039)
        at java.util.concurrent.LinkedBlockingQueue.take(LinkedBlockingQueue.java:442)
        at java.util.concurrent.ThreadPoolExecutor.getTask(ThreadPoolExecutor.java:1074)
        at java.util.concurrent.ThreadPoolExecutor.runWorker(ThreadPoolExecutor.java:1134)
        at java.util.concurrent.ThreadPoolExecutor$Worker.run(ThreadPoolExecutor.java:624)
        at java.lang.Thread.run(Thread.java:750)
"Datanode State Machine Task Thread - 0"  prio=5 tid=522 in Object.wait()
java.lang.Thread.State: WAITING (on object monitor)
        at sun.misc.Unsafe.park(Native Method)
        at java.util.concurrent.locks.LockSupport.park(LockSupport.java:175)
        at java.util.concurrent.locks.AbstractQueuedSynchronizer$ConditionObject.await(AbstractQueuedSynchronizer.java:2039)
        at java.util.concurrent.LinkedBlockingQueue.take(LinkedBlockingQueue.java:442)
        at java.util.concurrent.ThreadPoolExecutor.getTask(ThreadPoolExecutor.java:1074)
        at java.util.concurrent.ThreadPoolExecutor.runWorker(ThreadPoolExecutor.java:1134)
        at java.util.concurrent.ThreadPoolExecutor$Worker.run(ThreadPoolExecutor.java:624)
        at java.lang.Thread.run(Thread.java:750)
"IPC Server listener on 15028" daemon prio=5 tid=272 runnable
java.lang.Thread.State: RUNNABLE
        at sun.nio.ch.EPollArrayWrapper.epollWait(Native Method)
        at sun.nio.ch.EPollArrayWrapper.poll(EPollArrayWrapper.java:269)
        at sun.nio.ch.EPollSelectorImpl.doSelect(EPollSelectorImpl.java:93)
        at sun.nio.ch.SelectorImpl.lockAndDoSelect(SelectorImpl.java:86)
        at sun.nio.ch.SelectorImpl.select(SelectorImpl.java:97)
        at sun.nio.ch.SelectorImpl.select(SelectorImpl.java:101)
        at org.apache.hadoop.ipc.Server$Listener.run(Server.java:1408)
"ChunkReader-1" daemon prio=5 tid=1027 in Object.wait()
java.lang.Thread.State: WAITING (on object monitor)
        at sun.misc.Unsafe.park(Native Method)
        at java.util.concurrent.locks.LockSupport.park(LockSupport.java:175)
        at java.util.concurrent.locks.AbstractQueuedSynchronizer$ConditionObject.await(AbstractQueuedSynchronizer.java:2039)
        at java.util.concurrent.LinkedBlockingQueue.take(LinkedBlockingQueue.java:442)
        at java.util.concurrent.ThreadPoolExecutor.getTask(ThreadPoolExecutor.java:1074)
        at java.util.concurrent.ThreadPoolExecutor.runWorker(ThreadPoolExecutor.java:1134)
        at java.util.concurrent.ThreadPoolExecutor$Worker.run(ThreadPoolExecutor.java:624)
        at java.lang.Thread.run(Thread.java:750)
"PartialTableCache Cleanup Thread - 0" daemon prio=5 tid=1059 in Object.wait()
java.lang.Thread.State: WAITING (on object monitor)
        at sun.misc.Unsafe.park(Native Method)
        at java.util.concurrent.locks.LockSupport.park(LockSupport.java:175)
        at java.util.concurrent.locks.AbstractQueuedSynchronizer$ConditionObject.await(AbstractQueuedSynchronizer.java:2039)
        at java.util.concurrent.LinkedBlockingQueue.take(LinkedBlockingQueue.java:442)
        at java.util.concurrent.ThreadPoolExecutor.getTask(ThreadPoolExecutor.java:1074)
        at java.util.concurrent.ThreadPoolExecutor.runWorker(ThreadPoolExecutor.java:1134)
        at java.util.concurrent.ThreadPoolExecutor$Worker.run(ThreadPoolExecutor.java:624)
        at java.lang.Thread.run(Thread.java:750)
"80a9a8fe-8ad4-444c-8e90-e2ced2b3ac02-DataStreamManagement-request--thread9" daemon prio=5 tid=1377 in Object.wait()
java.lang.Thread.State: WAITING (on object monitor)
        at sun.misc.Unsafe.park(Native Method)
        at java.util.concurrent.locks.LockSupport.park(LockSupport.java:175)
        at java.util.concurrent.locks.AbstractQueuedSynchronizer$ConditionObject.await(AbstractQueuedSynchronizer.java:2039)
        at java.util.concurrent.LinkedBlockingQueue.take(LinkedBlockingQueue.java:442)
        at java.util.concurrent.ThreadPoolExecutor.getTask(ThreadPoolExecutor.java:1074)
        at java.util.concurrent.ThreadPoolExecutor.runWorker(ThreadPoolExecutor.java:1134)
        at java.util.concurrent.ThreadPoolExecutor$Worker.run(ThreadPoolExecutor.java:624)
        at java.lang.Thread.run(Thread.java:750)
"timer5" daemon prio=5 tid=905 timed_waiting
java.lang.Thread.State: TIMED_WAITING
        at java.lang.Object.wait(Native Method)
        at java.util.TimerThread.mainLoop(Timer.java:552)
        at java.util.TimerThread.run(Timer.java:505)
"9305807b-68e0-4de4-9f06-795e0c374ac6-DataStreamManagement-write--thread2"  prio=5 tid=1042 in Object.wait()
java.lang.Thread.State: WAITING (on object monitor)
        at sun.misc.Unsafe.park(Native Method)
        at java.util.concurrent.locks.LockSupport.park(LockSupport.java:175)
        at java.util.concurrent.locks.AbstractQueuedSynchronizer$ConditionObject.await(AbstractQueuedSynchronizer.java:2039)
        at java.util.concurrent.LinkedBlockingQueue.take(LinkedBlockingQueue.java:442)
        at java.util.concurrent.ThreadPoolExecutor.getTask(ThreadPoolExecutor.java:1074)
        at java.util.concurrent.ThreadPoolExecutor.runWorker(ThreadPoolExecutor.java:1134)
        at java.util.concurrent.ThreadPoolExecutor$Worker.run(ThreadPoolExecutor.java:624)
        at java.lang.Thread.run(Thread.java:750)
"Socket Reader #1 for port 15004"  prio=5 tid=151 runnable
java.lang.Thread.State: RUNNABLE
        at sun.nio.ch.EPollArrayWrapper.epollWait(Native Method)
        at sun.nio.ch.EPollArrayWrapper.poll(EPollArrayWrapper.java:269)
        at sun.nio.ch.EPollSelectorImpl.doSelect(EPollSelectorImpl.java:93)
        at sun.nio.ch.SelectorImpl.lockAndDoSelect(SelectorImpl.java:86)
        at sun.nio.ch.SelectorImpl.select(SelectorImpl.java:97)
        at sun.nio.ch.SelectorImpl.select(SelectorImpl.java:101)
        at org.apache.hadoop.ipc.Server$Listener$Reader.doRunLoop(Server.java:1346)
        at org.apache.hadoop.ipc.Server$Listener$Reader.run(Server.java:1325)
"ChunkReader-1" daemon prio=5 tid=1255 in Object.wait()
java.lang.Thread.State: WAITING (on object monitor)
        at sun.misc.Unsafe.park(Native Method)
        at java.util.concurrent.locks.LockSupport.park(LockSupport.java:175)
        at java.util.concurrent.locks.AbstractQueuedSynchronizer$ConditionObject.await(AbstractQueuedSynchronizer.java:2039)
        at java.util.concurrent.LinkedBlockingQueue.take(LinkedBlockingQueue.java:442)
        at java.util.concurrent.ThreadPoolExecutor.getTask(ThreadPoolExecutor.java:1074)
        at java.util.concurrent.ThreadPoolExecutor.runWorker(ThreadPoolExecutor.java:1134)
        at java.util.concurrent.ThreadPoolExecutor$Worker.run(ThreadPoolExecutor.java:624)
        at java.lang.Thread.run(Thread.java:750)
"StaleRecoveringContainerScrubbingService#2" daemon prio=5 tid=1633 in Object.wait()
java.lang.Thread.State: WAITING (on object monitor)
        at sun.misc.Unsafe.park(Native Method)
        at java.util.concurrent.locks.LockSupport.park(LockSupport.java:175)
        at java.util.concurrent.locks.AbstractQueuedSynchronizer$ConditionObject.await(AbstractQueuedSynchronizer.java:2039)
        at java.util.concurrent.ScheduledThreadPoolExecutor$DelayedWorkQueue.take(ScheduledThreadPoolExecutor.java:1088)
        at java.util.concurrent.ScheduledThreadPoolExecutor$DelayedWorkQueue.take(ScheduledThreadPoolExecutor.java:809)
        at java.util.concurrent.ThreadPoolExecutor.getTask(ThreadPoolExecutor.java:1074)
        at java.util.concurrent.ThreadPoolExecutor.runWorker(ThreadPoolExecutor.java:1134)
        at java.util.concurrent.ThreadPoolExecutor$Worker.run(ThreadPoolExecutor.java:624)
        at java.lang.Thread.run(Thread.java:750)
"80a9a8fe-8ad4-444c-8e90-e2ced2b3ac02-DataStreamManagement-request--thread3"  prio=5 tid=1368 in Object.wait()
java.lang.Thread.State: WAITING (on object monitor)
        at sun.misc.Unsafe.park(Native Method)
        at java.util.concurrent.locks.LockSupport.park(LockSupport.java:175)
        at java.util.concurrent.locks.AbstractQueuedSynchronizer$ConditionObject.await(AbstractQueuedSynchronizer.java:2039)
        at java.util.concurrent.LinkedBlockingQueue.take(LinkedBlockingQueue.java:442)
        at java.util.concurrent.ThreadPoolExecutor.getTask(ThreadPoolExecutor.java:1074)
        at java.util.concurrent.ThreadPoolExecutor.runWorker(ThreadPoolExecutor.java:1134)
        at java.util.concurrent.ThreadPoolExecutor$Worker.run(ThreadPoolExecutor.java:624)
        at java.lang.Thread.run(Thread.java:750)
"ChunkReader-3" daemon prio=5 tid=1287 in Object.wait()
java.lang.Thread.State: WAITING (on object monitor)
        at sun.misc.Unsafe.park(Native Method)
        at java.util.concurrent.locks.LockSupport.park(LockSupport.java:175)
        at java.util.concurrent.locks.AbstractQueuedSynchronizer$ConditionObject.await(AbstractQueuedSynchronizer.java:2039)
        at java.util.concurrent.LinkedBlockingQueue.take(LinkedBlockingQueue.java:442)
        at java.util.concurrent.ThreadPoolExecutor.getTask(ThreadPoolExecutor.java:1074)
        at java.util.concurrent.ThreadPoolExecutor.runWorker(ThreadPoolExecutor.java:1134)
        at java.util.concurrent.ThreadPoolExecutor$Worker.run(ThreadPoolExecutor.java:624)
        at java.lang.Thread.run(Thread.java:750)
"ChunkWriter-1-0" daemon prio=5 tid=627 in Object.wait()
java.lang.Thread.State: WAITING (on object monitor)
        at sun.misc.Unsafe.park(Native Method)
        at java.util.concurrent.locks.LockSupport.park(LockSupport.java:175)
        at java.util.concurrent.locks.AbstractQueuedSynchronizer$ConditionObject.await(AbstractQueuedSynchronizer.java:2039)
        at java.util.concurrent.LinkedBlockingDeque.takeFirst(LinkedBlockingDeque.java:492)
        at java.util.concurrent.LinkedBlockingDeque.take(LinkedBlockingDeque.java:680)
        at java.util.concurrent.ThreadPoolExecutor.getTask(ThreadPoolExecutor.java:1074)
        at java.util.concurrent.ThreadPoolExecutor.runWorker(ThreadPoolExecutor.java:1134)
        at java.util.concurrent.ThreadPoolExecutor$Worker.run(ThreadPoolExecutor.java:624)
        at java.lang.Thread.run(Thread.java:750)
"Socket Reader #1 for port 15091"  prio=5 tid=560 runnable
java.lang.Thread.State: RUNNABLE
        at sun.nio.ch.EPollArrayWrapper.epollWait(Native Method)
        at sun.nio.ch.EPollArrayWrapper.poll(EPollArrayWrapper.java:269)
        at sun.nio.ch.EPollSelectorImpl.doSelect(EPollSelectorImpl.java:93)
        at sun.nio.ch.SelectorImpl.lockAndDoSelect(SelectorImpl.java:86)
        at sun.nio.ch.SelectorImpl.select(SelectorImpl.java:97)
        at sun.nio.ch.SelectorImpl.select(SelectorImpl.java:101)
        at org.apache.hadoop.ipc.Server$Listener$Reader.doRunLoop(Server.java:1346)
        at org.apache.hadoop.ipc.Server$Listener$Reader.run(Server.java:1325)
"StaleRecoveringContainerScrubbingService#1" daemon prio=5 tid=390 in Object.wait()
java.lang.Thread.State: WAITING (on object monitor)
        at sun.misc.Unsafe.park(Native Method)
        at java.util.concurrent.locks.LockSupport.park(LockSupport.java:175)
        at java.util.concurrent.locks.AbstractQueuedSynchronizer$ConditionObject.await(AbstractQueuedSynchronizer.java:2039)
        at java.util.concurrent.ScheduledThreadPoolExecutor$DelayedWorkQueue.take(ScheduledThreadPoolExecutor.java:1088)
        at java.util.concurrent.ScheduledThreadPoolExecutor$DelayedWorkQueue.take(ScheduledThreadPoolExecutor.java:809)
        at java.util.concurrent.ThreadPoolExecutor.getTask(ThreadPoolExecutor.java:1074)
        at java.util.concurrent.ThreadPoolExecutor.runWorker(ThreadPoolExecutor.java:1134)
        at java.util.concurrent.ThreadPoolExecutor$Worker.run(ThreadPoolExecutor.java:624)
        at java.lang.Thread.run(Thread.java:750)
"80a9a8fe-8ad4-444c-8e90-e2ced2b3ac02@group-E0A3CFFD1989->6220322b-c54d-4ba8-95d6-5fd9b706d663-GrpcLogAppender-LogAppenderDaemon" daemon prio=5 tid=930 timed_waiting
java.lang.Thread.State: TIMED_WAITING
        at sun.misc.Unsafe.park(Native Method)
        at java.util.concurrent.locks.LockSupport.parkNanos(LockSupport.java:215)
        at java.util.concurrent.locks.AbstractQueuedSynchronizer$ConditionObject.await(AbstractQueuedSynchronizer.java:2163)
        at org.apache.ratis.util.AwaitForSignal.await(AwaitForSignal.java:62)
        at org.apache.ratis.grpc.server.GrpcLogAppender.mayWait(GrpcLogAppender.java:197)
        at org.apache.ratis.grpc.server.GrpcLogAppender.run(GrpcLogAppender.java:148)
        at org.apache.ratis.server.leader.LogAppenderDaemon.run(LogAppenderDaemon.java:78)
        at org.apache.ratis.server.leader.LogAppenderDaemon$$Lambda$1267/2040149817.run(Unknown Source)
        at java.lang.Thread.run(Thread.java:750)
"StaleRecoveringContainerScrubbingService#2" daemon prio=5 tid=1621 in Object.wait()
java.lang.Thread.State: WAITING (on object monitor)
        at sun.misc.Unsafe.park(Native Method)
        at java.util.concurrent.locks.LockSupport.park(LockSupport.java:175)
        at java.util.concurrent.locks.AbstractQueuedSynchronizer$ConditionObject.await(AbstractQueuedSynchronizer.java:2039)
        at java.util.concurrent.ScheduledThreadPoolExecutor$DelayedWorkQueue.take(ScheduledThreadPoolExecutor.java:1088)
        at java.util.concurrent.ScheduledThreadPoolExecutor$DelayedWorkQueue.take(ScheduledThreadPoolExecutor.java:809)
        at java.util.concurrent.ThreadPoolExecutor.getTask(ThreadPoolExecutor.java:1074)
        at java.util.concurrent.ThreadPoolExecutor.runWorker(ThreadPoolExecutor.java:1134)
        at java.util.concurrent.ThreadPoolExecutor$Worker.run(ThreadPoolExecutor.java:624)
        at java.lang.Thread.run(Thread.java:750)
"6f9d3266-b874-4586-a718-9027df6ff647@group-7FD84471BA85-LeaderStateImpl" daemon prio=5 tid=915 timed_waiting
java.lang.Thread.State: TIMED_WAITING
        at sun.misc.Unsafe.park(Native Method)
        at java.util.concurrent.locks.LockSupport.parkNanos(LockSupport.java:215)
        at java.util.concurrent.locks.AbstractQueuedSynchronizer$ConditionObject.awaitNanos(AbstractQueuedSynchronizer.java:2078)
        at java.util.concurrent.ArrayBlockingQueue.poll(ArrayBlockingQueue.java:418)
        at org.apache.ratis.server.impl.LeaderStateImpl$EventQueue.poll(LeaderStateImpl.java:164)
        at org.apache.ratis.server.impl.LeaderStateImpl$EventProcessor.run(LeaderStateImpl.java:702)
"BlockDeletingService#1" daemon prio=5 tid=420 in Object.wait()
java.lang.Thread.State: WAITING (on object monitor)
        at sun.misc.Unsafe.park(Native Method)
        at java.util.concurrent.locks.LockSupport.park(LockSupport.java:175)
        at java.util.concurrent.locks.AbstractQueuedSynchronizer$ConditionObject.await(AbstractQueuedSynchronizer.java:2039)
        at java.util.concurrent.ScheduledThreadPoolExecutor$DelayedWorkQueue.take(ScheduledThreadPoolExecutor.java:1088)
        at java.util.concurrent.ScheduledThreadPoolExecutor$DelayedWorkQueue.take(ScheduledThreadPoolExecutor.java:809)
        at java.util.concurrent.ThreadPoolExecutor.getTask(ThreadPoolExecutor.java:1074)
        at java.util.concurrent.ThreadPoolExecutor.runWorker(ThreadPoolExecutor.java:1134)
        at java.util.concurrent.ThreadPoolExecutor$Worker.run(ThreadPoolExecutor.java:624)
        at java.lang.Thread.run(Thread.java:750)
"f6fa4039-8fe9-46ca-92f5-bb04d02dc273-NettyServerStreamRpc-bossGroup--thread1"  prio=5 tid=525 runnable
java.lang.Thread.State: RUNNABLE
        at sun.nio.ch.EPollArrayWrapper.epollWait(Native Method)
        at sun.nio.ch.EPollArrayWrapper.poll(EPollArrayWrapper.java:269)
        at sun.nio.ch.EPollSelectorImpl.doSelect(EPollSelectorImpl.java:93)
        at sun.nio.ch.SelectorImpl.lockAndDoSelect(SelectorImpl.java:86)
        at sun.nio.ch.SelectorImpl.select(SelectorImpl.java:97)
        at sun.nio.ch.SelectorImpl.select(SelectorImpl.java:101)
        at org.apache.ratis.thirdparty.io.netty.channel.nio.SelectedSelectionKeySetSelector.select(SelectedSelectionKeySetSelector.java:68)
        at org.apache.ratis.thirdparty.io.netty.channel.nio.NioEventLoop.select(NioEventLoop.java:879)
        at org.apache.ratis.thirdparty.io.netty.channel.nio.NioEventLoop.run(NioEventLoop.java:526)
        at org.apache.ratis.thirdparty.io.netty.util.concurrent.SingleThreadEventExecutor$4.run(SingleThreadEventExecutor.java:997)
        at org.apache.ratis.thirdparty.io.netty.util.internal.ThreadExecutorMap$2.run(ThreadExecutorMap.java:74)
        at java.lang.Thread.run(Thread.java:750)
"ChunkReader-ELG-0" daemon prio=5 tid=385 runnable
java.lang.Thread.State: RUNNABLE
        at org.apache.ratis.thirdparty.io.netty.channel.epoll.Native.epollWait0(Native Method)
        at org.apache.ratis.thirdparty.io.netty.channel.epoll.Native.epollWait(Native.java:182)
        at org.apache.ratis.thirdparty.io.netty.channel.epoll.EpollEventLoop.epollWait(EpollEventLoop.java:302)
        at org.apache.ratis.thirdparty.io.netty.channel.epoll.EpollEventLoop.run(EpollEventLoop.java:366)
        at org.apache.ratis.thirdparty.io.netty.util.concurrent.SingleThreadEventExecutor$4.run(SingleThreadEventExecutor.java:997)
        at org.apache.ratis.thirdparty.io.netty.util.internal.ThreadExecutorMap$2.run(ThreadExecutorMap.java:74)
        at java.lang.Thread.run(Thread.java:750)
"IPC Server handler 19 on default port 15002" daemon prio=5 tid=125 timed_waiting
java.lang.Thread.State: TIMED_WAITING
        at sun.misc.Unsafe.park(Native Method)
        at java.util.concurrent.locks.LockSupport.parkNanos(LockSupport.java:215)
        at java.util.concurrent.locks.AbstractQueuedSynchronizer$ConditionObject.awaitNanos(AbstractQueuedSynchronizer.java:2078)
        at java.util.concurrent.LinkedBlockingQueue.poll(LinkedBlockingQueue.java:467)
        at org.apache.hadoop.ipc.CallQueueManager.take(CallQueueManager.java:317)
        at org.apache.hadoop.ipc.Server$Handler.run(Server.java:3014)
"ChunkWriter-3-0" daemon prio=5 tid=546 in Object.wait()
java.lang.Thread.State: WAITING (on object monitor)
        at sun.misc.Unsafe.park(Native Method)
        at java.util.concurrent.locks.LockSupport.park(LockSupport.java:175)
        at java.util.concurrent.locks.AbstractQueuedSynchronizer$ConditionObject.await(AbstractQueuedSynchronizer.java:2039)
        at java.util.concurrent.LinkedBlockingDeque.takeFirst(LinkedBlockingDeque.java:492)
        at java.util.concurrent.LinkedBlockingDeque.take(LinkedBlockingDeque.java:680)
        at java.util.concurrent.ThreadPoolExecutor.getTask(ThreadPoolExecutor.java:1074)
        at java.util.concurrent.ThreadPoolExecutor.runWorker(ThreadPoolExecutor.java:1134)
        at java.util.concurrent.ThreadPoolExecutor$Worker.run(ThreadPoolExecutor.java:624)
        at java.lang.Thread.run(Thread.java:750)
"6f9d3266-b874-4586-a718-9027df6ff647-groupManagement"  prio=5 tid=732 in Object.wait()
java.lang.Thread.State: WAITING (on object monitor)
        at sun.misc.Unsafe.park(Native Method)
        at java.util.concurrent.locks.LockSupport.park(LockSupport.java:175)
        at java.util.concurrent.locks.AbstractQueuedSynchronizer$ConditionObject.await(AbstractQueuedSynchronizer.java:2039)
        at java.util.concurrent.LinkedBlockingQueue.take(LinkedBlockingQueue.java:442)
        at java.util.concurrent.ThreadPoolExecutor.getTask(ThreadPoolExecutor.java:1074)
        at java.util.concurrent.ThreadPoolExecutor.runWorker(ThreadPoolExecutor.java:1134)
        at java.util.concurrent.ThreadPoolExecutor$Worker.run(ThreadPoolExecutor.java:624)
        at java.lang.Thread.run(Thread.java:750)
"ContainerOp-9e39b8f2-dd05-49f1-bf9a-d1a0b4f7e96e-2"  prio=5 tid=1093 in Object.wait()
java.lang.Thread.State: WAITING (on object monitor)
        at sun.misc.Unsafe.park(Native Method)
        at java.util.concurrent.locks.LockSupport.park(LockSupport.java:175)
        at java.util.concurrent.locks.AbstractQueuedSynchronizer$ConditionObject.await(AbstractQueuedSynchronizer.java:2039)
        at java.util.concurrent.LinkedBlockingQueue.take(LinkedBlockingQueue.java:442)
        at java.util.concurrent.ThreadPoolExecutor.getTask(ThreadPoolExecutor.java:1074)
        at java.util.concurrent.ThreadPoolExecutor.runWorker(ThreadPoolExecutor.java:1134)
        at java.util.concurrent.ThreadPoolExecutor$Worker.run(ThreadPoolExecutor.java:624)
        at java.lang.Thread.run(Thread.java:750)
"9fc007ee-6328-4e66-a7f4-dfd370a25fec-DataStreamManagement-request--thread4"  prio=5 tid=1385 in Object.wait()
java.lang.Thread.State: WAITING (on object monitor)
        at sun.misc.Unsafe.park(Native Method)
        at java.util.concurrent.locks.LockSupport.park(LockSupport.java:175)
        at java.util.concurrent.locks.AbstractQueuedSynchronizer$ConditionObject.await(AbstractQueuedSynchronizer.java:2039)
        at java.util.concurrent.LinkedBlockingQueue.take(LinkedBlockingQueue.java:442)
        at java.util.concurrent.ThreadPoolExecutor.getTask(ThreadPoolExecutor.java:1074)
        at java.util.concurrent.ThreadPoolExecutor.runWorker(ThreadPoolExecutor.java:1134)
        at java.util.concurrent.ThreadPoolExecutor$Worker.run(ThreadPoolExecutor.java:624)
        at java.lang.Thread.run(Thread.java:750)
"6f9d3266-b874-4586-a718-9027df6ff647-NettyServerStreamRpc-workerGroup--thread1"  prio=5 tid=1101 runnable
java.lang.Thread.State: RUNNABLE
        at sun.nio.ch.EPollArrayWrapper.epollWait(Native Method)
        at sun.nio.ch.EPollArrayWrapper.poll(EPollArrayWrapper.java:269)
        at sun.nio.ch.EPollSelectorImpl.doSelect(EPollSelectorImpl.java:93)
        at sun.nio.ch.SelectorImpl.lockAndDoSelect(SelectorImpl.java:86)
        at sun.nio.ch.SelectorImpl.select(SelectorImpl.java:97)
        at sun.nio.ch.SelectorImpl.select(SelectorImpl.java:101)
        at org.apache.ratis.thirdparty.io.netty.channel.nio.SelectedSelectionKeySetSelector.select(SelectedSelectionKeySetSelector.java:68)
        at org.apache.ratis.thirdparty.io.netty.channel.nio.NioEventLoop.select(NioEventLoop.java:879)
        at org.apache.ratis.thirdparty.io.netty.channel.nio.NioEventLoop.run(NioEventLoop.java:526)
        at org.apache.ratis.thirdparty.io.netty.util.concurrent.SingleThreadEventExecutor$4.run(SingleThreadEventExecutor.java:997)
        at org.apache.ratis.thirdparty.io.netty.util.internal.ThreadExecutorMap$2.run(ThreadExecutorMap.java:74)
        at java.lang.Thread.run(Thread.java:750)
"f6fa4039-8fe9-46ca-92f5-bb04d02dc273-DataStreamManagement-request--thread1"  prio=5 tid=1397 in Object.wait()
java.lang.Thread.State: WAITING (on object monitor)
        at sun.misc.Unsafe.park(Native Method)
        at java.util.concurrent.locks.LockSupport.park(LockSupport.java:175)
        at java.util.concurrent.locks.AbstractQueuedSynchronizer$ConditionObject.await(AbstractQueuedSynchronizer.java:2039)
        at java.util.concurrent.LinkedBlockingQueue.take(LinkedBlockingQueue.java:442)
        at java.util.concurrent.ThreadPoolExecutor.getTask(ThreadPoolExecutor.java:1074)
        at java.util.concurrent.ThreadPoolExecutor.runWorker(ThreadPoolExecutor.java:1134)
        at java.util.concurrent.ThreadPoolExecutor$Worker.run(ThreadPoolExecutor.java:624)
        at java.lang.Thread.run(Thread.java:750)
"IPC Server handler 15 on default port 15004" daemon prio=5 tid=192 timed_waiting
java.lang.Thread.State: TIMED_WAITING
        at sun.misc.Unsafe.park(Native Method)
        at java.util.concurrent.locks.LockSupport.parkNanos(LockSupport.java:215)
        at java.util.concurrent.locks.AbstractQueuedSynchronizer$ConditionObject.awaitNanos(AbstractQueuedSynchronizer.java:2078)
        at java.util.concurrent.LinkedBlockingQueue.poll(LinkedBlockingQueue.java:467)
        at org.apache.hadoop.ipc.CallQueueManager.take(CallQueueManager.java:317)
        at org.apache.hadoop.ipc.Server$Handler.run(Server.java:3014)
"ChunkReader-5" daemon prio=5 tid=1470 in Object.wait()
java.lang.Thread.State: WAITING (on object monitor)
        at sun.misc.Unsafe.park(Native Method)
        at java.util.concurrent.locks.LockSupport.park(LockSupport.java:175)
        at java.util.concurrent.locks.AbstractQueuedSynchronizer$ConditionObject.await(AbstractQueuedSynchronizer.java:2039)
        at java.util.concurrent.LinkedBlockingQueue.take(LinkedBlockingQueue.java:442)
        at java.util.concurrent.ThreadPoolExecutor.getTask(ThreadPoolExecutor.java:1074)
        at java.util.concurrent.ThreadPoolExecutor.runWorker(ThreadPoolExecutor.java:1134)
        at java.util.concurrent.ThreadPoolExecutor$Worker.run(ThreadPoolExecutor.java:624)
        at java.lang.Thread.run(Thread.java:750)
"BlockDeletingService#1" daemon prio=5 tid=619 in Object.wait()
java.lang.Thread.State: WAITING (on object monitor)
        at sun.misc.Unsafe.park(Native Method)
        at java.util.concurrent.locks.LockSupport.park(LockSupport.java:175)
        at java.util.concurrent.locks.AbstractQueuedSynchronizer$ConditionObject.await(AbstractQueuedSynchronizer.java:2039)
        at java.util.concurrent.ScheduledThreadPoolExecutor$DelayedWorkQueue.take(ScheduledThreadPoolExecutor.java:1088)
        at java.util.concurrent.ScheduledThreadPoolExecutor$DelayedWorkQueue.take(ScheduledThreadPoolExecutor.java:809)
        at java.util.concurrent.ThreadPoolExecutor.getTask(ThreadPoolExecutor.java:1074)
        at java.util.concurrent.ThreadPoolExecutor.runWorker(ThreadPoolExecutor.java:1134)
        at java.util.concurrent.ThreadPoolExecutor$Worker.run(ThreadPoolExecutor.java:624)
        at java.lang.Thread.run(Thread.java:750)
"ContainerOp-9e39b8f2-dd05-49f1-bf9a-d1a0b4f7e96e-1"  prio=5 tid=1020 in Object.wait()
java.lang.Thread.State: WAITING (on object monitor)
        at sun.misc.Unsafe.park(Native Method)
        at java.util.concurrent.locks.LockSupport.park(LockSupport.java:175)
        at java.util.concurrent.locks.AbstractQueuedSynchronizer$ConditionObject.await(AbstractQueuedSynchronizer.java:2039)
        at java.util.concurrent.LinkedBlockingQueue.take(LinkedBlockingQueue.java:442)
        at java.util.concurrent.ThreadPoolExecutor.getTask(ThreadPoolExecutor.java:1074)
        at java.util.concurrent.ThreadPoolExecutor.runWorker(ThreadPoolExecutor.java:1134)
        at java.util.concurrent.ThreadPoolExecutor$Worker.run(ThreadPoolExecutor.java:624)
        at java.lang.Thread.run(Thread.java:750)
"qtp1871212187-239" daemon prio=5 tid=239 timed_waiting
java.lang.Thread.State: TIMED_WAITING
        at sun.misc.Unsafe.park(Native Method)
        at java.util.concurrent.locks.LockSupport.parkNanos(LockSupport.java:215)
        at java.util.concurrent.locks.AbstractQueuedSynchronizer$ConditionObject.awaitNanos(AbstractQueuedSynchronizer.java:2078)
        at org.eclipse.jetty.util.BlockingArrayQueue.poll(BlockingArrayQueue.java:382)
        at org.eclipse.jetty.util.thread.QueuedThreadPool$Runner.idleJobPoll(QueuedThreadPool.java:974)
        at org.eclipse.jetty.util.thread.QueuedThreadPool$Runner.run(QueuedThreadPool.java:1018)
        at java.lang.Thread.run(Thread.java:750)
"5317d628-7528-4015-930b-d89d4a444778-server-thread1" daemon prio=5 tid=884 timed_waiting
java.lang.Thread.State: TIMED_WAITING
        at sun.misc.Unsafe.park(Native Method)
        at java.util.concurrent.locks.LockSupport.parkNanos(LockSupport.java:215)
        at java.util.concurrent.SynchronousQueue$TransferStack.awaitFulfill(SynchronousQueue.java:460)
        at java.util.concurrent.SynchronousQueue$TransferStack.transfer(SynchronousQueue.java:362)
        at java.util.concurrent.SynchronousQueue.poll(SynchronousQueue.java:941)
        at java.util.concurrent.ThreadPoolExecutor.getTask(ThreadPoolExecutor.java:1073)
        at java.util.concurrent.ThreadPoolExecutor.runWorker(ThreadPoolExecutor.java:1134)
        at java.util.concurrent.ThreadPoolExecutor$Worker.run(ThreadPoolExecutor.java:624)
        at java.lang.Thread.run(Thread.java:750)
"ChunkReader-9" daemon prio=5 tid=1309 in Object.wait()
java.lang.Thread.State: WAITING (on object monitor)
        at sun.misc.Unsafe.park(Native Method)
        at java.util.concurrent.locks.LockSupport.park(LockSupport.java:175)
        at java.util.concurrent.locks.AbstractQueuedSynchronizer$ConditionObject.await(AbstractQueuedSynchronizer.java:2039)
        at java.util.concurrent.LinkedBlockingQueue.take(LinkedBlockingQueue.java:442)
        at java.util.concurrent.ThreadPoolExecutor.getTask(ThreadPoolExecutor.java:1074)
        at java.util.concurrent.ThreadPoolExecutor.runWorker(ThreadPoolExecutor.java:1134)
        at java.util.concurrent.ThreadPoolExecutor$Worker.run(ThreadPoolExecutor.java:624)
        at java.lang.Thread.run(Thread.java:750)
"ChunkReader-3" daemon prio=5 tid=1267 in Object.wait()
java.lang.Thread.State: WAITING (on object monitor)
        at sun.misc.Unsafe.park(Native Method)
        at java.util.concurrent.locks.LockSupport.park(LockSupport.java:175)
        at java.util.concurrent.locks.AbstractQueuedSynchronizer$ConditionObject.await(AbstractQueuedSynchronizer.java:2039)
        at java.util.concurrent.LinkedBlockingQueue.take(LinkedBlockingQueue.java:442)
        at java.util.concurrent.ThreadPoolExecutor.getTask(ThreadPoolExecutor.java:1074)
        at java.util.concurrent.ThreadPoolExecutor.runWorker(ThreadPoolExecutor.java:1134)
        at java.util.concurrent.ThreadPoolExecutor$Worker.run(ThreadPoolExecutor.java:624)
        at java.lang.Thread.run(Thread.java:750)
"EndpointStateMachine task thread for /0.0.0.0:15002 - 0 "  prio=5 tid=451 in Object.wait()
java.lang.Thread.State: WAITING (on object monitor)
        at sun.misc.Unsafe.park(Native Method)
        at java.util.concurrent.locks.LockSupport.park(LockSupport.java:175)
        at java.util.concurrent.locks.AbstractQueuedSynchronizer$ConditionObject.await(AbstractQueuedSynchronizer.java:2039)
        at java.util.concurrent.LinkedBlockingQueue.take(LinkedBlockingQueue.java:442)
        at java.util.concurrent.ThreadPoolExecutor.getTask(ThreadPoolExecutor.java:1074)
        at java.util.concurrent.ThreadPoolExecutor.runWorker(ThreadPoolExecutor.java:1134)
        at java.util.concurrent.ThreadPoolExecutor$Worker.run(ThreadPoolExecutor.java:624)
        at java.lang.Thread.run(Thread.java:750)
"ChunkReader-7" daemon prio=5 tid=1098 in Object.wait()
java.lang.Thread.State: WAITING (on object monitor)
        at sun.misc.Unsafe.park(Native Method)
        at java.util.concurrent.locks.LockSupport.park(LockSupport.java:175)
        at java.util.concurrent.locks.AbstractQueuedSynchronizer$ConditionObject.await(AbstractQueuedSynchronizer.java:2039)
        at java.util.concurrent.LinkedBlockingQueue.take(LinkedBlockingQueue.java:442)
        at java.util.concurrent.ThreadPoolExecutor.getTask(ThreadPoolExecutor.java:1074)
        at java.util.concurrent.ThreadPoolExecutor.runWorker(ThreadPoolExecutor.java:1134)
        at java.util.concurrent.ThreadPoolExecutor$Worker.run(ThreadPoolExecutor.java:624)
        at java.lang.Thread.run(Thread.java:750)
"IPC Server handler 14 on default port 15001" daemon prio=5 tid=100 timed_waiting
java.lang.Thread.State: TIMED_WAITING
        at sun.misc.Unsafe.park(Native Method)
        at java.util.concurrent.locks.LockSupport.parkNanos(LockSupport.java:215)
        at java.util.concurrent.locks.AbstractQueuedSynchronizer$ConditionObject.awaitNanos(AbstractQueuedSynchronizer.java:2078)
        at java.util.concurrent.LinkedBlockingQueue.poll(LinkedBlockingQueue.java:467)
        at org.apache.hadoop.ipc.CallQueueManager.take(CallQueueManager.java:317)
        at org.apache.hadoop.ipc.Server$Handler.run(Server.java:3014)
"PipelineCommandHandlerThread-0"  prio=5 tid=731 in Object.wait()
java.lang.Thread.State: WAITING (on object monitor)
        at sun.misc.Unsafe.park(Native Method)
        at java.util.concurrent.locks.LockSupport.park(LockSupport.java:175)
        at java.util.concurrent.locks.AbstractQueuedSynchronizer$ConditionObject.await(AbstractQueuedSynchronizer.java:2039)
        at java.util.concurrent.LinkedBlockingQueue.take(LinkedBlockingQueue.java:442)
        at java.util.concurrent.ThreadPoolExecutor.getTask(ThreadPoolExecutor.java:1074)
        at java.util.concurrent.ThreadPoolExecutor.runWorker(ThreadPoolExecutor.java:1134)
        at java.util.concurrent.ThreadPoolExecutor$Worker.run(ThreadPoolExecutor.java:624)
        at java.lang.Thread.run(Thread.java:750)
"6f9d3266-b874-4586-a718-9027df6ff647-DataStreamManagement-request--thread3"  prio=5 tid=1106 in Object.wait()
java.lang.Thread.State: WAITING (on object monitor)
        at sun.misc.Unsafe.park(Native Method)
        at java.util.concurrent.locks.LockSupport.park(LockSupport.java:175)
        at java.util.concurrent.locks.AbstractQueuedSynchronizer$ConditionObject.await(AbstractQueuedSynchronizer.java:2039)
        at java.util.concurrent.LinkedBlockingQueue.take(LinkedBlockingQueue.java:442)
        at java.util.concurrent.ThreadPoolExecutor.getTask(ThreadPoolExecutor.java:1074)
        at java.util.concurrent.ThreadPoolExecutor.runWorker(ThreadPoolExecutor.java:1134)
        at java.util.concurrent.ThreadPoolExecutor$Worker.run(ThreadPoolExecutor.java:624)
        at java.lang.Thread.run(Thread.java:750)
"80a9a8fe-8ad4-444c-8e90-e2ced2b3ac02@group-E0A3CFFD1989->6f9d3266-b874-4586-a718-9027df6ff647-GrpcLogAppender-LogAppenderDaemon" daemon prio=5 tid=931 timed_waiting
java.lang.Thread.State: TIMED_WAITING
        at sun.misc.Unsafe.park(Native Method)
        at java.util.concurrent.locks.LockSupport.parkNanos(LockSupport.java:215)
        at java.util.concurrent.locks.AbstractQueuedSynchronizer$ConditionObject.await(AbstractQueuedSynchronizer.java:2163)
        at org.apache.ratis.util.AwaitForSignal.await(AwaitForSignal.java:62)
        at org.apache.ratis.grpc.server.GrpcLogAppender.mayWait(GrpcLogAppender.java:197)
        at org.apache.ratis.grpc.server.GrpcLogAppender.run(GrpcLogAppender.java:148)
        at org.apache.ratis.server.leader.LogAppenderDaemon.run(LogAppenderDaemon.java:78)
        at org.apache.ratis.server.leader.LogAppenderDaemon$$Lambda$1267/2040149817.run(Unknown Source)
        at java.lang.Thread.run(Thread.java:750)
"9fc007ee-6328-4e66-a7f4-dfd370a25fec-server-thread3" daemon prio=5 tid=974 timed_waiting
java.lang.Thread.State: TIMED_WAITING
        at sun.misc.Unsafe.park(Native Method)
        at java.util.concurrent.locks.LockSupport.parkNanos(LockSupport.java:215)
        at java.util.concurrent.SynchronousQueue$TransferStack.awaitFulfill(SynchronousQueue.java:460)
        at java.util.concurrent.SynchronousQueue$TransferStack.transfer(SynchronousQueue.java:362)
        at java.util.concurrent.SynchronousQueue.poll(SynchronousQueue.java:941)
        at java.util.concurrent.ThreadPoolExecutor.getTask(ThreadPoolExecutor.java:1073)
        at java.util.concurrent.ThreadPoolExecutor.runWorker(ThreadPoolExecutor.java:1134)
        at java.util.concurrent.ThreadPoolExecutor$Worker.run(ThreadPoolExecutor.java:624)
        at java.lang.Thread.run(Thread.java:750)
"ChunkReader-7" daemon prio=5 tid=1261 in Object.wait()
java.lang.Thread.State: WAITING (on object monitor)
        at sun.misc.Unsafe.park(Native Method)
        at java.util.concurrent.locks.LockSupport.park(LockSupport.java:175)
        at java.util.concurrent.locks.AbstractQueuedSynchronizer$ConditionObject.await(AbstractQueuedSynchronizer.java:2039)
        at java.util.concurrent.LinkedBlockingQueue.take(LinkedBlockingQueue.java:442)
        at java.util.concurrent.ThreadPoolExecutor.getTask(ThreadPoolExecutor.java:1074)
        at java.util.concurrent.ThreadPoolExecutor.runWorker(ThreadPoolExecutor.java:1134)
        at java.util.concurrent.ThreadPoolExecutor$Worker.run(ThreadPoolExecutor.java:624)
        at java.lang.Thread.run(Thread.java:750)
"ChunkWriter-2-0" daemon prio=5 tid=598 in Object.wait()
java.lang.Thread.State: WAITING (on object monitor)
        at sun.misc.Unsafe.park(Native Method)
        at java.util.concurrent.locks.LockSupport.park(LockSupport.java:175)
        at java.util.concurrent.locks.AbstractQueuedSynchronizer$ConditionObject.await(AbstractQueuedSynchronizer.java:2039)
        at java.util.concurrent.LinkedBlockingDeque.takeFirst(LinkedBlockingDeque.java:492)
        at java.util.concurrent.LinkedBlockingDeque.take(LinkedBlockingDeque.java:680)
        at java.util.concurrent.ThreadPoolExecutor.getTask(ThreadPoolExecutor.java:1074)
        at java.util.concurrent.ThreadPoolExecutor.runWorker(ThreadPoolExecutor.java:1134)
        at java.util.concurrent.ThreadPoolExecutor$Worker.run(ThreadPoolExecutor.java:624)
        at java.lang.Thread.run(Thread.java:750)
"FullTableCache Cleanup Thread - 0" daemon prio=5 tid=1005 in Object.wait()
java.lang.Thread.State: WAITING (on object monitor)
        at sun.misc.Unsafe.park(Native Method)
        at java.util.concurrent.locks.LockSupport.park(LockSupport.java:175)
        at java.util.concurrent.locks.AbstractQueuedSynchronizer$ConditionObject.await(AbstractQueuedSynchronizer.java:2039)
        at java.util.concurrent.LinkedBlockingQueue.take(LinkedBlockingQueue.java:442)
        at java.util.concurrent.ThreadPoolExecutor.getTask(ThreadPoolExecutor.java:1074)
        at java.util.concurrent.ThreadPoolExecutor.runWorker(ThreadPoolExecutor.java:1134)
        at java.util.concurrent.ThreadPoolExecutor$Worker.run(ThreadPoolExecutor.java:624)
        at java.lang.Thread.run(Thread.java:750)
"80a9a8fe-8ad4-444c-8e90-e2ced2b3ac02-DataStreamManagement-request--thread4" daemon prio=5 tid=1369 in Object.wait()
java.lang.Thread.State: WAITING (on object monitor)
        at sun.misc.Unsafe.park(Native Method)
        at java.util.concurrent.locks.LockSupport.park(LockSupport.java:175)
        at java.util.concurrent.locks.AbstractQueuedSynchronizer$ConditionObject.await(AbstractQueuedSynchronizer.java:2039)
        at java.util.concurrent.LinkedBlockingQueue.take(LinkedBlockingQueue.java:442)
        at java.util.concurrent.ThreadPoolExecutor.getTask(ThreadPoolExecutor.java:1074)
        at java.util.concurrent.ThreadPoolExecutor.runWorker(ThreadPoolExecutor.java:1134)
        at java.util.concurrent.ThreadPoolExecutor$Worker.run(ThreadPoolExecutor.java:624)
        at java.lang.Thread.run(Thread.java:750)
"ChunkReader-6" daemon prio=5 tid=1097 in Object.wait()
java.lang.Thread.State: WAITING (on object monitor)
        at sun.misc.Unsafe.park(Native Method)
        at java.util.concurrent.locks.LockSupport.park(LockSupport.java:175)
        at java.util.concurrent.locks.AbstractQueuedSynchronizer$ConditionObject.await(AbstractQueuedSynchronizer.java:2039)
        at java.util.concurrent.LinkedBlockingQueue.take(LinkedBlockingQueue.java:442)
        at java.util.concurrent.ThreadPoolExecutor.getTask(ThreadPoolExecutor.java:1074)
        at java.util.concurrent.ThreadPoolExecutor.runWorker(ThreadPoolExecutor.java:1134)
        at java.util.concurrent.ThreadPoolExecutor$Worker.run(ThreadPoolExecutor.java:624)
        at java.lang.Thread.run(Thread.java:750)
"IPC Server handler 16 on default port 15001" daemon prio=5 tid=102 timed_waiting
java.lang.Thread.State: TIMED_WAITING
        at sun.misc.Unsafe.park(Native Method)
        at java.util.concurrent.locks.LockSupport.parkNanos(LockSupport.java:215)
        at java.util.concurrent.locks.AbstractQueuedSynchronizer$ConditionObject.awaitNanos(AbstractQueuedSynchronizer.java:2078)
        at java.util.concurrent.LinkedBlockingQueue.poll(LinkedBlockingQueue.java:467)
        at org.apache.hadoop.ipc.CallQueueManager.take(CallQueueManager.java:317)
        at org.apache.hadoop.ipc.Server$Handler.run(Server.java:3014)
"9305807b-68e0-4de4-9f06-795e0c374ac6-DataStreamManagement-request--thread6"  prio=5 tid=1045 in Object.wait()
java.lang.Thread.State: WAITING (on object monitor)
        at sun.misc.Unsafe.park(Native Method)
        at java.util.concurrent.locks.LockSupport.park(LockSupport.java:175)
        at java.util.concurrent.locks.AbstractQueuedSynchronizer$ConditionObject.await(AbstractQueuedSynchronizer.java:2039)
        at java.util.concurrent.LinkedBlockingQueue.take(LinkedBlockingQueue.java:442)
        at java.util.concurrent.ThreadPoolExecutor.getTask(ThreadPoolExecutor.java:1074)
        at java.util.concurrent.ThreadPoolExecutor.runWorker(ThreadPoolExecutor.java:1134)
        at java.util.concurrent.ThreadPoolExecutor$Worker.run(ThreadPoolExecutor.java:624)
        at java.lang.Thread.run(Thread.java:750)
"IPC Server handler 9 on default port 15001" daemon prio=5 tid=95 timed_waiting
java.lang.Thread.State: TIMED_WAITING
        at sun.misc.Unsafe.park(Native Method)
        at java.util.concurrent.locks.LockSupport.parkNanos(LockSupport.java:215)
        at java.util.concurrent.locks.AbstractQueuedSynchronizer$ConditionObject.awaitNanos(AbstractQueuedSynchronizer.java:2078)
        at java.util.concurrent.LinkedBlockingQueue.poll(LinkedBlockingQueue.java:467)
        at org.apache.hadoop.ipc.CallQueueManager.take(CallQueueManager.java:317)
        at org.apache.hadoop.ipc.Server$Handler.run(Server.java:3014)
"qtp110826259-269" daemon prio=5 tid=269 timed_waiting
java.lang.Thread.State: TIMED_WAITING
        at sun.misc.Unsafe.park(Native Method)
        at java.util.concurrent.locks.LockSupport.parkNanos(LockSupport.java:215)
        at java.util.concurrent.locks.AbstractQueuedSynchronizer$ConditionObject.awaitNanos(AbstractQueuedSynchronizer.java:2078)
        at org.eclipse.jetty.util.BlockingArrayQueue.poll(BlockingArrayQueue.java:382)
        at org.eclipse.jetty.util.thread.QueuedThreadPool$Runner.idleJobPoll(QueuedThreadPool.java:974)
        at org.eclipse.jetty.util.thread.QueuedThreadPool$Runner.run(QueuedThreadPool.java:1018)
        at java.lang.Thread.run(Thread.java:750)
"FixedThreadPoolWithAffinityExecutor-0-0" daemon prio=5 tid=56 timed_waiting
java.lang.Thread.State: TIMED_WAITING
        at sun.misc.Unsafe.park(Native Method)
        at java.util.concurrent.locks.LockSupport.parkNanos(LockSupport.java:215)
        at java.util.concurrent.locks.AbstractQueuedSynchronizer$ConditionObject.awaitNanos(AbstractQueuedSynchronizer.java:2078)
        at java.util.concurrent.LinkedBlockingQueue.poll(LinkedBlockingQueue.java:467)
        at org.apache.hadoop.hdds.scm.server.ContainerReportQueue.poll(ContainerReportQueue.java:266)
        at org.apache.hadoop.hdds.scm.server.ContainerReportQueue.poll(ContainerReportQueue.java:42)
        at org.apache.hadoop.hdds.server.events.FixedThreadPoolWithAffinityExecutor$ContainerReportProcessTask.run(FixedThreadPoolWithAffinityExecutor.java:247)
        at java.util.concurrent.Executors$RunnableAdapter.call(Executors.java:511)
        at java.util.concurrent.FutureTask.run(FutureTask.java:266)
        at java.util.concurrent.ThreadPoolExecutor.runWorker(ThreadPoolExecutor.java:1149)
        at java.util.concurrent.ThreadPoolExecutor$Worker.run(ThreadPoolExecutor.java:624)
        at java.lang.Thread.run(Thread.java:750)
"Command processor thread" daemon prio=5 tid=284 timed_waiting
java.lang.Thread.State: TIMED_WAITING
        at java.lang.Thread.sleep(Native Method)
        at org.apache.hadoop.ozone.container.common.statemachine.DatanodeStateMachine.lambda$initCommandHandlerThread$3(DatanodeStateMachine.java:667)
        at org.apache.hadoop.ozone.container.common.statemachine.DatanodeStateMachine$$Lambda$1043/1121353957.run(Unknown Source)
        at java.lang.Thread.run(Thread.java:750)
"pool-2-thread-1"  prio=5 tid=14 timed_waiting
java.lang.Thread.State: TIMED_WAITING
        at sun.misc.Unsafe.park(Native Method)
        at java.util.concurrent.locks.LockSupport.parkNanos(LockSupport.java:215)
        at java.util.concurrent.locks.AbstractQueuedSynchronizer$ConditionObject.awaitNanos(AbstractQueuedSynchronizer.java:2078)
        at java.util.concurrent.ScheduledThreadPoolExecutor$DelayedWorkQueue.take(ScheduledThreadPoolExecutor.java:1093)
        at java.util.concurrent.ScheduledThreadPoolExecutor$DelayedWorkQueue.take(ScheduledThreadPoolExecutor.java:809)
        at java.util.concurrent.ThreadPoolExecutor.getTask(ThreadPoolExecutor.java:1074)
        at java.util.concurrent.ThreadPoolExecutor.runWorker(ThreadPoolExecutor.java:1134)
        at java.util.concurrent.ThreadPoolExecutor$Worker.run(ThreadPoolExecutor.java:624)
        at java.lang.Thread.run(Thread.java:750)
"6f9d3266-b874-4586-a718-9027df6ff647@group-E0A3CFFD1989-FollowerState" daemon prio=5 tid=927 timed_waiting
java.lang.Thread.State: TIMED_WAITING
        at java.lang.Thread.sleep(Native Method)
        at java.lang.Thread.sleep(Thread.java:342)
        at java.util.concurrent.TimeUnit.sleep(TimeUnit.java:386)
        at org.apache.ratis.util.TimeDuration.sleep(TimeDuration.java:325)
        at org.apache.ratis.util.TimeDuration.sleep(TimeDuration.java:310)
        at org.apache.ratis.server.impl.FollowerState.run(FollowerState.java:128)
"qtp955442053-532" daemon prio=5 tid=532 timed_waiting
java.lang.Thread.State: TIMED_WAITING
        at sun.misc.Unsafe.park(Native Method)
        at java.util.concurrent.locks.LockSupport.parkNanos(LockSupport.java:215)
        at java.util.concurrent.locks.AbstractQueuedSynchronizer$ConditionObject.awaitNanos(AbstractQueuedSynchronizer.java:2078)
        at org.eclipse.jetty.util.BlockingArrayQueue.poll(BlockingArrayQueue.java:382)
        at org.eclipse.jetty.util.thread.QueuedThreadPool$Runner.idleJobPoll(QueuedThreadPool.java:974)
        at org.eclipse.jetty.util.thread.QueuedThreadPool$Runner.run(QueuedThreadPool.java:1018)
        at java.lang.Thread.run(Thread.java:750)
"qtp658444087-208" daemon prio=5 tid=208 timed_waiting
java.lang.Thread.State: TIMED_WAITING
        at sun.misc.Unsafe.park(Native Method)
        at java.util.concurrent.locks.LockSupport.parkNanos(LockSupport.java:215)
        at java.util.concurrent.locks.AbstractQueuedSynchronizer$ConditionObject.awaitNanos(AbstractQueuedSynchronizer.java:2078)
        at org.eclipse.jetty.util.BlockingArrayQueue.poll(BlockingArrayQueue.java:382)
        at org.eclipse.jetty.util.thread.QueuedThreadPool$Runner.idleJobPoll(QueuedThreadPool.java:974)
        at org.eclipse.jetty.util.thread.QueuedThreadPool$Runner.run(QueuedThreadPool.java:1018)
        at java.lang.Thread.run(Thread.java:750)
"EventQueue-PipelineReportForPipelineReportHandler" daemon prio=5 tid=556 in Object.wait()
java.lang.Thread.State: WAITING (on object monitor)
        at sun.misc.Unsafe.park(Native Method)
        at java.util.concurrent.locks.LockSupport.park(LockSupport.java:175)
        at java.util.concurrent.locks.AbstractQueuedSynchronizer$ConditionObject.await(AbstractQueuedSynchronizer.java:2039)
        at java.util.concurrent.LinkedBlockingQueue.take(LinkedBlockingQueue.java:442)
        at java.util.concurrent.ThreadPoolExecutor.getTask(ThreadPoolExecutor.java:1074)
        at java.util.concurrent.ThreadPoolExecutor.runWorker(ThreadPoolExecutor.java:1134)
        at java.util.concurrent.ThreadPoolExecutor$Worker.run(ThreadPoolExecutor.java:624)
        at java.lang.Thread.run(Thread.java:750)
"Datanode State Machine Task Thread - 1"  prio=5 tid=450 in Object.wait()
java.lang.Thread.State: WAITING (on object monitor)
        at sun.misc.Unsafe.park(Native Method)
        at java.util.concurrent.locks.LockSupport.park(LockSupport.java:175)
        at java.util.concurrent.locks.AbstractQueuedSynchronizer$ConditionObject.await(AbstractQueuedSynchronizer.java:2039)
        at java.util.concurrent.LinkedBlockingQueue.take(LinkedBlockingQueue.java:442)
        at java.util.concurrent.ThreadPoolExecutor.getTask(ThreadPoolExecutor.java:1074)
        at java.util.concurrent.ThreadPoolExecutor.runWorker(ThreadPoolExecutor.java:1134)
        at java.util.concurrent.ThreadPoolExecutor$Worker.run(ThreadPoolExecutor.java:624)
        at java.lang.Thread.run(Thread.java:750)
"StaleRecoveringContainerScrubbingService#3" daemon prio=5 tid=1655 in Object.wait()
java.lang.Thread.State: WAITING (on object monitor)
        at sun.misc.Unsafe.park(Native Method)
        at java.util.concurrent.locks.LockSupport.park(LockSupport.java:175)
        at java.util.concurrent.locks.AbstractQueuedSynchronizer$ConditionObject.await(AbstractQueuedSynchronizer.java:2039)
        at java.util.concurrent.ScheduledThreadPoolExecutor$DelayedWorkQueue.take(ScheduledThreadPoolExecutor.java:1088)
        at java.util.concurrent.ScheduledThreadPoolExecutor$DelayedWorkQueue.take(ScheduledThreadPoolExecutor.java:809)
        at java.util.concurrent.ThreadPoolExecutor.getTask(ThreadPoolExecutor.java:1074)
        at java.util.concurrent.ThreadPoolExecutor.runWorker(ThreadPoolExecutor.java:1134)
        at java.util.concurrent.ThreadPoolExecutor$Worker.run(ThreadPoolExecutor.java:624)
        at java.lang.Thread.run(Thread.java:750)
"b431013d-a75d-44b2-a41a-a2e98e506a92@group-8A617CCA13DF->4dfacd3a-85e6-4f60-aa9f-15a17a1c954a-GrpcLogAppender-LogAppenderDaemon" daemon prio=5 tid=968 timed_waiting
java.lang.Thread.State: TIMED_WAITING
        at sun.misc.Unsafe.park(Native Method)
        at java.util.concurrent.locks.LockSupport.parkNanos(LockSupport.java:215)
        at java.util.concurrent.locks.AbstractQueuedSynchronizer$ConditionObject.await(AbstractQueuedSynchronizer.java:2163)
        at org.apache.ratis.util.AwaitForSignal.await(AwaitForSignal.java:62)
        at org.apache.ratis.grpc.server.GrpcLogAppender.mayWait(GrpcLogAppender.java:197)
        at org.apache.ratis.grpc.server.GrpcLogAppender.run(GrpcLogAppender.java:148)
        at org.apache.ratis.server.leader.LogAppenderDaemon.run(LogAppenderDaemon.java:78)
        at org.apache.ratis.server.leader.LogAppenderDaemon$$Lambda$1267/2040149817.run(Unknown Source)
        at java.lang.Thread.run(Thread.java:750)
"5317d628-7528-4015-930b-d89d4a444778@group-D84CB1ADCB76-SegmentedRaftLogWorker"  prio=5 tid=669 timed_waiting
java.lang.Thread.State: TIMED_WAITING
        at sun.misc.Unsafe.park(Native Method)
        at java.util.concurrent.locks.LockSupport.parkNanos(LockSupport.java:215)
        at java.util.concurrent.locks.AbstractQueuedSynchronizer$ConditionObject.awaitNanos(AbstractQueuedSynchronizer.java:2078)
        at org.apache.ratis.util.DataBlockingQueue.poll(DataBlockingQueue.java:148)
        at org.apache.ratis.server.raftlog.segmented.SegmentedRaftLogWorker.run(SegmentedRaftLogWorker.java:307)
        at org.apache.ratis.server.raftlog.segmented.SegmentedRaftLogWorker$$Lambda$841/2058580550.run(Unknown Source)
        at java.util.concurrent.Executors$RunnableAdapter.call(Executors.java:511)
        at java.util.concurrent.FutureTask.run(FutureTask.java:266)
        at java.util.concurrent.ThreadPoolExecutor.runWorker(ThreadPoolExecutor.java:1149)
        at java.util.concurrent.ThreadPoolExecutor$Worker.run(ThreadPoolExecutor.java:624)
        at java.lang.Thread.run(Thread.java:750)
"qtp1873189623-16-acceptor-0@56062479-ServerConnector@688d411b{HTTP/1.1, (http/1.1)}{localhost:41927}" daemon prio=3 tid=16 runnable
java.lang.Thread.State: RUNNABLE
        at sun.nio.ch.ServerSocketChannelImpl.accept0(Native Method)
        at sun.nio.ch.ServerSocketChannelImpl.accept(ServerSocketChannelImpl.java:421)
        at sun.nio.ch.ServerSocketChannelImpl.accept(ServerSocketChannelImpl.java:249)
        at org.eclipse.jetty.server.ServerConnector.accept(ServerConnector.java:388)
        at org.eclipse.jetty.server.AbstractConnector$Acceptor.run(AbstractConnector.java:704)
        at org.eclipse.jetty.util.thread.QueuedThreadPool.runJob(QueuedThreadPool.java:883)
        at org.eclipse.jetty.util.thread.QueuedThreadPool$Runner.run(QueuedThreadPool.java:1034)
        at java.lang.Thread.run(Thread.java:750)
"qtp1890737819-356" daemon prio=5 tid=356 timed_waiting
java.lang.Thread.State: TIMED_WAITING
        at sun.misc.Unsafe.park(Native Method)
        at java.util.concurrent.locks.LockSupport.parkNanos(LockSupport.java:215)
        at java.util.concurrent.locks.AbstractQueuedSynchronizer$ConditionObject.awaitNanos(AbstractQueuedSynchronizer.java:2078)
        at org.eclipse.jetty.util.BlockingArrayQueue.poll(BlockingArrayQueue.java:382)
        at org.eclipse.jetty.util.thread.QueuedThreadPool$Runner.idleJobPoll(QueuedThreadPool.java:974)
        at org.eclipse.jetty.util.thread.QueuedThreadPool$Runner.run(QueuedThreadPool.java:1018)
        at java.lang.Thread.run(Thread.java:750)
"ChunkReader-0" daemon prio=5 tid=1065 in Object.wait()
java.lang.Thread.State: WAITING (on object monitor)
        at sun.misc.Unsafe.park(Native Method)
        at java.util.concurrent.locks.LockSupport.park(LockSupport.java:175)
        at java.util.concurrent.locks.AbstractQueuedSynchronizer$ConditionObject.await(AbstractQueuedSynchronizer.java:2039)
        at java.util.concurrent.LinkedBlockingQueue.take(LinkedBlockingQueue.java:442)
        at java.util.concurrent.ThreadPoolExecutor.getTask(ThreadPoolExecutor.java:1074)
        at java.util.concurrent.ThreadPoolExecutor.runWorker(ThreadPoolExecutor.java:1134)
        at java.util.concurrent.ThreadPoolExecutor$Worker.run(ThreadPoolExecutor.java:624)
        at java.lang.Thread.run(Thread.java:750)
"6f9d3266-b874-4586-a718-9027df6ff647-DataStreamManagement-write--thread2"  prio=5 tid=1109 in Object.wait()
java.lang.Thread.State: WAITING (on object monitor)
        at sun.misc.Unsafe.park(Native Method)
        at java.util.concurrent.locks.LockSupport.park(LockSupport.java:175)
        at java.util.concurrent.locks.AbstractQueuedSynchronizer$ConditionObject.await(AbstractQueuedSynchronizer.java:2039)
        at java.util.concurrent.LinkedBlockingQueue.take(LinkedBlockingQueue.java:442)
        at java.util.concurrent.ThreadPoolExecutor.getTask(ThreadPoolExecutor.java:1074)
        at java.util.concurrent.ThreadPoolExecutor.runWorker(ThreadPoolExecutor.java:1134)
        at java.util.concurrent.ThreadPoolExecutor$Worker.run(ThreadPoolExecutor.java:624)
        at java.lang.Thread.run(Thread.java:750)
"9fc007ee-6328-4e66-a7f4-dfd370a25fec-DataStreamManagement-write--thread3"  prio=5 tid=1389 in Object.wait()
java.lang.Thread.State: WAITING (on object monitor)
        at sun.misc.Unsafe.park(Native Method)
        at java.util.concurrent.locks.LockSupport.park(LockSupport.java:175)
        at java.util.concurrent.locks.AbstractQueuedSynchronizer$ConditionObject.await(AbstractQueuedSynchronizer.java:2039)
        at java.util.concurrent.LinkedBlockingQueue.take(LinkedBlockingQueue.java:442)
        at java.util.concurrent.ThreadPoolExecutor.getTask(ThreadPoolExecutor.java:1074)
        at java.util.concurrent.ThreadPoolExecutor.runWorker(ThreadPoolExecutor.java:1134)
        at java.util.concurrent.ThreadPoolExecutor$Worker.run(ThreadPoolExecutor.java:624)
        at java.lang.Thread.run(Thread.java:750)
"ChunkReader-9" daemon prio=5 tid=1263 in Object.wait()
java.lang.Thread.State: WAITING (on object monitor)
        at sun.misc.Unsafe.park(Native Method)
        at java.util.concurrent.locks.LockSupport.park(LockSupport.java:175)
        at java.util.concurrent.locks.AbstractQueuedSynchronizer$ConditionObject.await(AbstractQueuedSynchronizer.java:2039)
        at java.util.concurrent.LinkedBlockingQueue.take(LinkedBlockingQueue.java:442)
        at java.util.concurrent.ThreadPoolExecutor.getTask(ThreadPoolExecutor.java:1074)
        at java.util.concurrent.ThreadPoolExecutor.runWorker(ThreadPoolExecutor.java:1134)
        at java.util.concurrent.ThreadPoolExecutor$Worker.run(ThreadPoolExecutor.java:624)
        at java.lang.Thread.run(Thread.java:750)
"ChunkReader-5" daemon prio=5 tid=1096 in Object.wait()
java.lang.Thread.State: WAITING (on object monitor)
        at sun.misc.Unsafe.park(Native Method)
        at java.util.concurrent.locks.LockSupport.park(LockSupport.java:175)
        at java.util.concurrent.locks.AbstractQueuedSynchronizer$ConditionObject.await(AbstractQueuedSynchronizer.java:2039)
        at java.util.concurrent.LinkedBlockingQueue.take(LinkedBlockingQueue.java:442)
        at java.util.concurrent.ThreadPoolExecutor.getTask(ThreadPoolExecutor.java:1074)
        at java.util.concurrent.ThreadPoolExecutor.runWorker(ThreadPoolExecutor.java:1134)
        at java.util.concurrent.ThreadPoolExecutor$Worker.run(ThreadPoolExecutor.java:624)
        at java.lang.Thread.run(Thread.java:750)
"IPC Server handler 0 on default port 15000" daemon prio=5 tid=66 timed_waiting
java.lang.Thread.State: TIMED_WAITING
        at sun.misc.Unsafe.park(Native Method)
        at java.util.concurrent.locks.LockSupport.parkNanos(LockSupport.java:215)
        at java.util.concurrent.locks.AbstractQueuedSynchronizer$ConditionObject.awaitNanos(AbstractQueuedSynchronizer.java:2078)
        at java.util.concurrent.LinkedBlockingQueue.poll(LinkedBlockingQueue.java:467)
        at org.apache.hadoop.ipc.CallQueueManager.take(CallQueueManager.java:317)
        at org.apache.hadoop.ipc.Server$Handler.run(Server.java:3014)
"ChunkReader-9" daemon prio=5 tid=1332 in Object.wait()
java.lang.Thread.State: WAITING (on object monitor)
        at sun.misc.Unsafe.park(Native Method)
        at java.util.concurrent.locks.LockSupport.park(LockSupport.java:175)
        at java.util.concurrent.locks.AbstractQueuedSynchronizer$ConditionObject.await(AbstractQueuedSynchronizer.java:2039)
        at java.util.concurrent.LinkedBlockingQueue.take(LinkedBlockingQueue.java:442)
        at java.util.concurrent.ThreadPoolExecutor.getTask(ThreadPoolExecutor.java:1074)
        at java.util.concurrent.ThreadPoolExecutor.runWorker(ThreadPoolExecutor.java:1134)
        at java.util.concurrent.ThreadPoolExecutor$Worker.run(ThreadPoolExecutor.java:624)
        at java.lang.Thread.run(Thread.java:750)
"JvmPauseMonitor7" daemon prio=5 tid=584 timed_waiting
java.lang.Thread.State: TIMED_WAITING
        at java.lang.Thread.sleep(Native Method)
        at java.lang.Thread.sleep(Thread.java:342)
        at java.util.concurrent.TimeUnit.sleep(TimeUnit.java:386)
        at org.apache.ratis.util.TimeDuration.sleep(TimeDuration.java:325)
        at org.apache.ratis.util.TimeDuration.sleep(TimeDuration.java:310)
        at org.apache.ratis.util.JvmPauseMonitor.detectPause(JvmPauseMonitor.java:117)
        at org.apache.ratis.util.JvmPauseMonitor.run(JvmPauseMonitor.java:106)
        at org.apache.ratis.util.JvmPauseMonitor$$Lambda$540/1204910476.run(Unknown Source)
        at java.lang.Thread.run(Thread.java:750)
"9305807b-68e0-4de4-9f06-795e0c374ac6@group-BAC3D6A46238-StateMachineUpdater" daemon prio=5 tid=699 timed_waiting
java.lang.Thread.State: TIMED_WAITING
        at sun.misc.Unsafe.park(Native Method)
        at java.util.concurrent.locks.LockSupport.parkNanos(LockSupport.java:215)
        at java.util.concurrent.locks.AbstractQueuedSynchronizer$ConditionObject.await(AbstractQueuedSynchronizer.java:2163)
        at org.apache.ratis.util.AwaitForSignal.await(AwaitForSignal.java:62)
        at org.apache.ratis.server.impl.StateMachineUpdater.waitForCommit(StateMachineUpdater.java:209)
        at org.apache.ratis.server.impl.StateMachineUpdater.run(StateMachineUpdater.java:178)
        at java.lang.Thread.run(Thread.java:750)
"BlockDeletingService#2" daemon prio=5 tid=1625 in Object.wait()
java.lang.Thread.State: WAITING (on object monitor)
        at sun.misc.Unsafe.park(Native Method)
        at java.util.concurrent.locks.LockSupport.park(LockSupport.java:175)
        at java.util.concurrent.locks.AbstractQueuedSynchronizer$ConditionObject.await(AbstractQueuedSynchronizer.java:2039)
        at java.util.concurrent.ScheduledThreadPoolExecutor$DelayedWorkQueue.take(ScheduledThreadPoolExecutor.java:1088)
        at java.util.concurrent.ScheduledThreadPoolExecutor$DelayedWorkQueue.take(ScheduledThreadPoolExecutor.java:809)
        at java.util.concurrent.ThreadPoolExecutor.getTask(ThreadPoolExecutor.java:1074)
        at java.util.concurrent.ThreadPoolExecutor.runWorker(ThreadPoolExecutor.java:1134)
        at java.util.concurrent.ThreadPoolExecutor$Worker.run(ThreadPoolExecutor.java:624)
        at java.lang.Thread.run(Thread.java:750)
"StaleRecoveringContainerScrubbingService#2" daemon prio=5 tid=1627 in Object.wait()
java.lang.Thread.State: WAITING (on object monitor)
        at sun.misc.Unsafe.park(Native Method)
        at java.util.concurrent.locks.LockSupport.park(LockSupport.java:175)
        at java.util.concurrent.locks.AbstractQueuedSynchronizer$ConditionObject.await(AbstractQueuedSynchronizer.java:2039)
        at java.util.concurrent.ScheduledThreadPoolExecutor$DelayedWorkQueue.take(ScheduledThreadPoolExecutor.java:1088)
        at java.util.concurrent.ScheduledThreadPoolExecutor$DelayedWorkQueue.take(ScheduledThreadPoolExecutor.java:809)
        at java.util.concurrent.ThreadPoolExecutor.getTask(ThreadPoolExecutor.java:1074)
        at java.util.concurrent.ThreadPoolExecutor.runWorker(ThreadPoolExecutor.java:1134)
        at java.util.concurrent.ThreadPoolExecutor$Worker.run(ThreadPoolExecutor.java:624)
        at java.lang.Thread.run(Thread.java:750)
"9fc007ee-6328-4e66-a7f4-dfd370a25fec-server-thread1" daemon prio=5 tid=972 timed_waiting
java.lang.Thread.State: TIMED_WAITING
        at sun.misc.Unsafe.park(Native Method)
        at java.util.concurrent.locks.LockSupport.parkNanos(LockSupport.java:215)
        at java.util.concurrent.SynchronousQueue$TransferStack.awaitFulfill(SynchronousQueue.java:460)
        at java.util.concurrent.SynchronousQueue$TransferStack.transfer(SynchronousQueue.java:362)
        at java.util.concurrent.SynchronousQueue.poll(SynchronousQueue.java:941)
        at java.util.concurrent.ThreadPoolExecutor.getTask(ThreadPoolExecutor.java:1073)
        at java.util.concurrent.ThreadPoolExecutor.runWorker(ThreadPoolExecutor.java:1134)
        at java.util.concurrent.ThreadPoolExecutor$Worker.run(ThreadPoolExecutor.java:624)
        at java.lang.Thread.run(Thread.java:750)
"om1@group-C5BA1605619E-LeaderStateImpl" daemon prio=5 tid=203 timed_waiting
java.lang.Thread.State: TIMED_WAITING
        at sun.misc.Unsafe.park(Native Method)
        at java.util.concurrent.locks.LockSupport.parkNanos(LockSupport.java:215)
        at java.util.concurrent.locks.AbstractQueuedSynchronizer$ConditionObject.awaitNanos(AbstractQueuedSynchronizer.java:2078)
        at java.util.concurrent.ArrayBlockingQueue.poll(ArrayBlockingQueue.java:418)
        at org.apache.ratis.server.impl.LeaderStateImpl$EventQueue.poll(LeaderStateImpl.java:164)
        at org.apache.ratis.server.impl.LeaderStateImpl$EventProcessor.run(LeaderStateImpl.java:702)
"JvmPauseMonitor6" daemon prio=5 tid=547 timed_waiting
java.lang.Thread.State: TIMED_WAITING
        at java.lang.Thread.sleep(Native Method)
        at java.lang.Thread.sleep(Thread.java:342)
        at java.util.concurrent.TimeUnit.sleep(TimeUnit.java:386)
        at org.apache.ratis.util.TimeDuration.sleep(TimeDuration.java:325)
        at org.apache.ratis.util.TimeDuration.sleep(TimeDuration.java:310)
        at org.apache.ratis.util.JvmPauseMonitor.detectPause(JvmPauseMonitor.java:117)
        at org.apache.ratis.util.JvmPauseMonitor.run(JvmPauseMonitor.java:106)
        at org.apache.ratis.util.JvmPauseMonitor$$Lambda$540/1204910476.run(Unknown Source)
        at java.lang.Thread.run(Thread.java:750)
"Datanode ReportManager Thread - 2" daemon prio=5 tid=430 in Object.wait()
java.lang.Thread.State: WAITING (on object monitor)
        at sun.misc.Unsafe.park(Native Method)
        at java.util.concurrent.locks.LockSupport.park(LockSupport.java:175)
        at java.util.concurrent.locks.AbstractQueuedSynchronizer$ConditionObject.await(AbstractQueuedSynchronizer.java:2039)
        at java.util.concurrent.ScheduledThreadPoolExecutor$DelayedWorkQueue.take(ScheduledThreadPoolExecutor.java:1088)
        at java.util.concurrent.ScheduledThreadPoolExecutor$DelayedWorkQueue.take(ScheduledThreadPoolExecutor.java:809)
        at java.util.concurrent.ThreadPoolExecutor.getTask(ThreadPoolExecutor.java:1074)
        at java.util.concurrent.ThreadPoolExecutor.runWorker(ThreadPoolExecutor.java:1134)
        at java.util.concurrent.ThreadPoolExecutor$Worker.run(ThreadPoolExecutor.java:624)
        at java.lang.Thread.run(Thread.java:750)
"ContainerOp-c91f7595-1a01-480b-b225-52482a170bd1-0"  prio=5 tid=1234 in Object.wait()
java.lang.Thread.State: WAITING (on object monitor)
        at sun.misc.Unsafe.park(Native Method)
        at java.util.concurrent.locks.LockSupport.park(LockSupport.java:175)
        at java.util.concurrent.locks.AbstractQueuedSynchronizer$ConditionObject.await(AbstractQueuedSynchronizer.java:2039)
        at java.util.concurrent.LinkedBlockingQueue.take(LinkedBlockingQueue.java:442)
        at java.util.concurrent.ThreadPoolExecutor.getTask(ThreadPoolExecutor.java:1074)
        at java.util.concurrent.ThreadPoolExecutor.runWorker(ThreadPoolExecutor.java:1134)
        at java.util.concurrent.ThreadPoolExecutor$Worker.run(ThreadPoolExecutor.java:624)
        at java.lang.Thread.run(Thread.java:750)
"ChunkReader-5" daemon prio=5 tid=1355 in Object.wait()
java.lang.Thread.State: WAITING (on object monitor)
        at sun.misc.Unsafe.park(Native Method)
        at java.util.concurrent.locks.LockSupport.park(LockSupport.java:175)
        at java.util.concurrent.locks.AbstractQueuedSynchronizer$ConditionObject.await(AbstractQueuedSynchronizer.java:2039)
        at java.util.concurrent.LinkedBlockingQueue.take(LinkedBlockingQueue.java:442)
        at java.util.concurrent.ThreadPoolExecutor.getTask(ThreadPoolExecutor.java:1074)
        at java.util.concurrent.ThreadPoolExecutor.runWorker(ThreadPoolExecutor.java:1134)
        at java.util.concurrent.ThreadPoolExecutor$Worker.run(ThreadPoolExecutor.java:624)
        at java.lang.Thread.run(Thread.java:750)
"IPC Server handler 16 on default port 15002" daemon prio=5 tid=122 timed_waiting
java.lang.Thread.State: TIMED_WAITING
        at sun.misc.Unsafe.park(Native Method)
        at java.util.concurrent.locks.LockSupport.parkNanos(LockSupport.java:215)
        at java.util.concurrent.locks.AbstractQueuedSynchronizer$ConditionObject.awaitNanos(AbstractQueuedSynchronizer.java:2078)
        at java.util.concurrent.LinkedBlockingQueue.poll(LinkedBlockingQueue.java:467)
        at org.apache.hadoop.ipc.CallQueueManager.take(CallQueueManager.java:317)
        at org.apache.hadoop.ipc.Server$Handler.run(Server.java:3014)
"pool-94-thread-1"  prio=5 tid=204 timed_waiting
java.lang.Thread.State: TIMED_WAITING
        at sun.misc.Unsafe.park(Native Method)
        at java.util.concurrent.locks.LockSupport.parkNanos(LockSupport.java:215)
        at java.util.concurrent.locks.AbstractQueuedSynchronizer$ConditionObject.awaitNanos(AbstractQueuedSynchronizer.java:2078)
        at java.util.concurrent.ScheduledThreadPoolExecutor$DelayedWorkQueue.take(ScheduledThreadPoolExecutor.java:1093)
        at java.util.concurrent.ScheduledThreadPoolExecutor$DelayedWorkQueue.take(ScheduledThreadPoolExecutor.java:809)
        at java.util.concurrent.ThreadPoolExecutor.getTask(ThreadPoolExecutor.java:1074)
        at java.util.concurrent.ThreadPoolExecutor.runWorker(ThreadPoolExecutor.java:1134)
        at java.util.concurrent.ThreadPoolExecutor$Worker.run(ThreadPoolExecutor.java:624)
        at java.lang.Thread.run(Thread.java:750)
"9305807b-68e0-4de4-9f06-795e0c374ac6-DataStreamManagement-request--thread3"  prio=5 tid=1038 in Object.wait()
java.lang.Thread.State: WAITING (on object monitor)
        at sun.misc.Unsafe.park(Native Method)
        at java.util.concurrent.locks.LockSupport.park(LockSupport.java:175)
        at java.util.concurrent.locks.AbstractQueuedSynchronizer$ConditionObject.await(AbstractQueuedSynchronizer.java:2039)
        at java.util.concurrent.LinkedBlockingQueue.take(LinkedBlockingQueue.java:442)
        at java.util.concurrent.ThreadPoolExecutor.getTask(ThreadPoolExecutor.java:1074)
        at java.util.concurrent.ThreadPoolExecutor.runWorker(ThreadPoolExecutor.java:1134)
        at java.util.concurrent.ThreadPoolExecutor$Worker.run(ThreadPoolExecutor.java:624)
        at java.lang.Thread.run(Thread.java:750)
"4dfacd3a-85e6-4f60-aa9f-15a17a1c954a@group-95B153CB0731-StateMachineUpdater" daemon prio=5 tid=833 timed_waiting
java.lang.Thread.State: TIMED_WAITING
        at sun.misc.Unsafe.park(Native Method)
        at java.util.concurrent.locks.LockSupport.parkNanos(LockSupport.java:215)
        at java.util.concurrent.locks.AbstractQueuedSynchronizer$ConditionObject.await(AbstractQueuedSynchronizer.java:2163)
        at org.apache.ratis.util.AwaitForSignal.await(AwaitForSignal.java:62)
        at org.apache.ratis.server.impl.StateMachineUpdater.waitForCommit(StateMachineUpdater.java:209)
        at org.apache.ratis.server.impl.StateMachineUpdater.run(StateMachineUpdater.java:178)
        at java.lang.Thread.run(Thread.java:750)
"EndpointStateMachine task thread for /0.0.0.0:15002 - 0 "  prio=5 tid=592 in Object.wait()
java.lang.Thread.State: WAITING (on object monitor)
        at sun.misc.Unsafe.park(Native Method)
        at java.util.concurrent.locks.LockSupport.park(LockSupport.java:175)
        at java.util.concurrent.locks.AbstractQueuedSynchronizer$ConditionObject.await(AbstractQueuedSynchronizer.java:2039)
        at java.util.concurrent.LinkedBlockingQueue.take(LinkedBlockingQueue.java:442)
        at java.util.concurrent.ThreadPoolExecutor.getTask(ThreadPoolExecutor.java:1074)
        at java.util.concurrent.ThreadPoolExecutor.runWorker(ThreadPoolExecutor.java:1134)
        at java.util.concurrent.ThreadPoolExecutor$Worker.run(ThreadPoolExecutor.java:624)
        at java.lang.Thread.run(Thread.java:750)
"StaleRecoveringContainerScrubbingService#0" daemon prio=5 tid=633 timed_waiting
java.lang.Thread.State: TIMED_WAITING
        at sun.misc.Unsafe.park(Native Method)
        at java.util.concurrent.locks.LockSupport.parkNanos(LockSupport.java:215)
        at java.util.concurrent.locks.AbstractQueuedSynchronizer$ConditionObject.awaitNanos(AbstractQueuedSynchronizer.java:2078)
        at java.util.concurrent.ScheduledThreadPoolExecutor$DelayedWorkQueue.take(ScheduledThreadPoolExecutor.java:1093)
        at java.util.concurrent.ScheduledThreadPoolExecutor$DelayedWorkQueue.take(ScheduledThreadPoolExecutor.java:809)
        at java.util.concurrent.ThreadPoolExecutor.getTask(ThreadPoolExecutor.java:1074)
        at java.util.concurrent.ThreadPoolExecutor.runWorker(ThreadPoolExecutor.java:1134)
        at java.util.concurrent.ThreadPoolExecutor$Worker.run(ThreadPoolExecutor.java:624)
        at java.lang.Thread.run(Thread.java:750)
"Socket Reader #1 for port 15019"  prio=5 tid=244 runnable
java.lang.Thread.State: RUNNABLE
        at sun.nio.ch.EPollArrayWrapper.epollWait(Native Method)
        at sun.nio.ch.EPollArrayWrapper.poll(EPollArrayWrapper.java:269)
        at sun.nio.ch.EPollSelectorImpl.doSelect(EPollSelectorImpl.java:93)
        at sun.nio.ch.SelectorImpl.lockAndDoSelect(SelectorImpl.java:86)
        at sun.nio.ch.SelectorImpl.select(SelectorImpl.java:97)
        at sun.nio.ch.SelectorImpl.select(SelectorImpl.java:101)
        at org.apache.hadoop.ipc.Server$Listener$Reader.doRunLoop(Server.java:1346)
        at org.apache.hadoop.ipc.Server$Listener$Reader.run(Server.java:1325)
"IPC Server Responder" daemon prio=5 tid=304 runnable
java.lang.Thread.State: RUNNABLE
        at sun.nio.ch.EPollArrayWrapper.epollWait(Native Method)
        at sun.nio.ch.EPollArrayWrapper.poll(EPollArrayWrapper.java:269)
        at sun.nio.ch.EPollSelectorImpl.doSelect(EPollSelectorImpl.java:93)
        at sun.nio.ch.SelectorImpl.lockAndDoSelect(SelectorImpl.java:86)
        at sun.nio.ch.SelectorImpl.select(SelectorImpl.java:97)
        at org.apache.hadoop.ipc.Server$Responder.doRunLoop(Server.java:1582)
        at org.apache.hadoop.ipc.Server$Responder.run(Server.java:1565)
"ChunkReader-4" daemon prio=5 tid=1469 in Object.wait()
java.lang.Thread.State: WAITING (on object monitor)
        at sun.misc.Unsafe.park(Native Method)
        at java.util.concurrent.locks.LockSupport.park(LockSupport.java:175)
        at java.util.concurrent.locks.AbstractQueuedSynchronizer$ConditionObject.await(AbstractQueuedSynchronizer.java:2039)
        at java.util.concurrent.LinkedBlockingQueue.take(LinkedBlockingQueue.java:442)
        at java.util.concurrent.ThreadPoolExecutor.getTask(ThreadPoolExecutor.java:1074)
        at java.util.concurrent.ThreadPoolExecutor.runWorker(ThreadPoolExecutor.java:1134)
        at java.util.concurrent.ThreadPoolExecutor$Worker.run(ThreadPoolExecutor.java:624)
        at java.lang.Thread.run(Thread.java:750)
"IPC Server handler 10 on default port 15004" daemon prio=5 tid=187 timed_waiting
java.lang.Thread.State: TIMED_WAITING
        at sun.misc.Unsafe.park(Native Method)
        at java.util.concurrent.locks.LockSupport.parkNanos(LockSupport.java:215)
        at java.util.concurrent.locks.AbstractQueuedSynchronizer$ConditionObject.awaitNanos(AbstractQueuedSynchronizer.java:2078)
        at java.util.concurrent.LinkedBlockingQueue.poll(LinkedBlockingQueue.java:467)
        at org.apache.hadoop.ipc.CallQueueManager.take(CallQueueManager.java:317)
        at org.apache.hadoop.ipc.Server$Handler.run(Server.java:3014)
"qtp997606897-174" daemon prio=5 tid=174 timed_waiting
java.lang.Thread.State: TIMED_WAITING
        at sun.misc.Unsafe.park(Native Method)
        at java.util.concurrent.locks.LockSupport.parkNanos(LockSupport.java:215)
        at java.util.concurrent.locks.AbstractQueuedSynchronizer$ConditionObject.awaitNanos(AbstractQueuedSynchronizer.java:2078)
        at org.eclipse.jetty.util.BlockingArrayQueue.poll(BlockingArrayQueue.java:382)
        at org.eclipse.jetty.util.thread.QueuedThreadPool$Runner.idleJobPoll(QueuedThreadPool.java:974)
        at org.eclipse.jetty.util.thread.QueuedThreadPool$Runner.run(QueuedThreadPool.java:1018)
        at java.lang.Thread.run(Thread.java:750)
"ContainerOp-761249f9-8bb6-41bf-974d-4398accf5932-6"  prio=5 tid=1188 in Object.wait()
java.lang.Thread.State: WAITING (on object monitor)
        at sun.misc.Unsafe.park(Native Method)
        at java.util.concurrent.locks.LockSupport.park(LockSupport.java:175)
        at java.util.concurrent.locks.AbstractQueuedSynchronizer$ConditionObject.await(AbstractQueuedSynchronizer.java:2039)
        at java.util.concurrent.LinkedBlockingQueue.take(LinkedBlockingQueue.java:442)
        at java.util.concurrent.ThreadPoolExecutor.getTask(ThreadPoolExecutor.java:1074)
        at java.util.concurrent.ThreadPoolExecutor.runWorker(ThreadPoolExecutor.java:1134)
        at java.util.concurrent.ThreadPoolExecutor$Worker.run(ThreadPoolExecutor.java:624)
        at java.lang.Thread.run(Thread.java:750)
"6220322b-c54d-4ba8-95d6-5fd9b706d663-DataStreamManagement-write--thread2"  prio=5 tid=1078 in Object.wait()
java.lang.Thread.State: WAITING (on object monitor)
        at sun.misc.Unsafe.park(Native Method)
        at java.util.concurrent.locks.LockSupport.park(LockSupport.java:175)
        at java.util.concurrent.locks.AbstractQueuedSynchronizer$ConditionObject.await(AbstractQueuedSynchronizer.java:2039)
        at java.util.concurrent.LinkedBlockingQueue.take(LinkedBlockingQueue.java:442)
        at java.util.concurrent.ThreadPoolExecutor.getTask(ThreadPoolExecutor.java:1074)
        at java.util.concurrent.ThreadPoolExecutor.runWorker(ThreadPoolExecutor.java:1134)
        at java.util.concurrent.ThreadPoolExecutor$Worker.run(ThreadPoolExecutor.java:624)
        at java.lang.Thread.run(Thread.java:750)
"BlockDeletingService#1" daemon prio=5 tid=552 in Object.wait()
java.lang.Thread.State: WAITING (on object monitor)
        at sun.misc.Unsafe.park(Native Method)
        at java.util.concurrent.locks.LockSupport.park(LockSupport.java:175)
        at java.util.concurrent.locks.AbstractQueuedSynchronizer$ConditionObject.await(AbstractQueuedSynchronizer.java:2039)
        at java.util.concurrent.ScheduledThreadPoolExecutor$DelayedWorkQueue.take(ScheduledThreadPoolExecutor.java:1088)
        at java.util.concurrent.ScheduledThreadPoolExecutor$DelayedWorkQueue.take(ScheduledThreadPoolExecutor.java:809)
        at java.util.concurrent.ThreadPoolExecutor.getTask(ThreadPoolExecutor.java:1074)
        at java.util.concurrent.ThreadPoolExecutor.runWorker(ThreadPoolExecutor.java:1134)
        at java.util.concurrent.ThreadPoolExecutor$Worker.run(ThreadPoolExecutor.java:624)
        at java.lang.Thread.run(Thread.java:750)
"5317d628-7528-4015-930b-d89d4a444778-server-thread2" daemon prio=5 tid=908 timed_waiting
java.lang.Thread.State: TIMED_WAITING
        at sun.misc.Unsafe.park(Native Method)
        at java.util.concurrent.locks.LockSupport.parkNanos(LockSupport.java:215)
        at java.util.concurrent.SynchronousQueue$TransferStack.awaitFulfill(SynchronousQueue.java:460)
        at java.util.concurrent.SynchronousQueue$TransferStack.transfer(SynchronousQueue.java:362)
        at java.util.concurrent.SynchronousQueue.poll(SynchronousQueue.java:941)
        at java.util.concurrent.ThreadPoolExecutor.getTask(ThreadPoolExecutor.java:1073)
        at java.util.concurrent.ThreadPoolExecutor.runWorker(ThreadPoolExecutor.java:1134)
        at java.util.concurrent.ThreadPoolExecutor$Worker.run(ThreadPoolExecutor.java:624)
        at java.lang.Thread.run(Thread.java:750)
"Hadoop-Metrics-Updater-0" daemon prio=5 tid=563 timed_waiting
java.lang.Thread.State: TIMED_WAITING
        at sun.misc.Unsafe.park(Native Method)
        at java.util.concurrent.locks.LockSupport.parkNanos(LockSupport.java:215)
        at java.util.concurrent.locks.AbstractQueuedSynchronizer$ConditionObject.awaitNanos(AbstractQueuedSynchronizer.java:2078)
        at java.util.concurrent.ScheduledThreadPoolExecutor$DelayedWorkQueue.take(ScheduledThreadPoolExecutor.java:1093)
        at java.util.concurrent.ScheduledThreadPoolExecutor$DelayedWorkQueue.take(ScheduledThreadPoolExecutor.java:809)
        at java.util.concurrent.ThreadPoolExecutor.getTask(ThreadPoolExecutor.java:1074)
        at java.util.concurrent.ThreadPoolExecutor.runWorker(ThreadPoolExecutor.java:1134)
        at java.util.concurrent.ThreadPoolExecutor$Worker.run(ThreadPoolExecutor.java:624)
        at java.lang.Thread.run(Thread.java:750)
"5317d628-7528-4015-930b-d89d4a444778-server-thread2" daemon prio=5 tid=887 timed_waiting
java.lang.Thread.State: TIMED_WAITING
        at sun.misc.Unsafe.park(Native Method)
        at java.util.concurrent.locks.LockSupport.parkNanos(LockSupport.java:215)
        at java.util.concurrent.SynchronousQueue$TransferStack.awaitFulfill(SynchronousQueue.java:460)
        at java.util.concurrent.SynchronousQueue$TransferStack.transfer(SynchronousQueue.java:362)
        at java.util.concurrent.SynchronousQueue.poll(SynchronousQueue.java:941)
        at java.util.concurrent.ThreadPoolExecutor.getTask(ThreadPoolExecutor.java:1073)
        at java.util.concurrent.ThreadPoolExecutor.runWorker(ThreadPoolExecutor.java:1134)
        at java.util.concurrent.ThreadPoolExecutor$Worker.run(ThreadPoolExecutor.java:624)
        at java.lang.Thread.run(Thread.java:750)
"main"  prio=5 tid=1 runnable
java.lang.Thread.State: RUNNABLE
        at java.lang.Thread.dumpThreads(Native Method)
        at java.lang.Thread.getAllStackTraces(Thread.java:1615)
        at org.apache.ozone.test.TimedOutTestsListener.buildThreadDump(TimedOutTestsListener.java:93)
        at org.apache.ozone.test.TimedOutTestsListener.buildThreadDiagnosticString(TimedOutTestsListener.java:79)
        at org.apache.ozone.test.GenericTestUtils.waitFor(GenericTestUtils.java:231)
        at org.apache.hadoop.ozone.client.rpc.TestOzoneAtRestEncryption.testKeyWithEncryptionAndGdpr(TestOzoneAtRestEncryption.java:371)
        at sun.reflect.NativeMethodAccessorImpl.invoke0(Native Method)
        at sun.reflect.NativeMethodAccessorImpl.invoke(NativeMethodAccessorImpl.java:62)
        at sun.reflect.DelegatingMethodAccessorImpl.invoke(DelegatingMethodAccessorImpl.java:43)
        at java.lang.reflect.Method.invoke(Method.java:498)
        at org.junit.platform.commons.util.ReflectionUtils.invokeMethod(ReflectionUtils.java:725)
        at org.junit.jupiter.engine.execution.MethodInvocation.proceed(MethodInvocation.java:60)
        at org.junit.jupiter.engine.execution.InvocationInterceptorChain$ValidatingInvocation.proceed(InvocationInterceptorChain.java:131)
        at org.junit.jupiter.engine.extension.TimeoutExtension.intercept(TimeoutExtension.java:149)
        at org.junit.jupiter.engine.extension.TimeoutExtension.interceptTestableMethod(TimeoutExtension.java:140)
        at org.junit.jupiter.engine.extension.TimeoutExtension.interceptTestTemplateMethod(TimeoutExtension.java:92)
        at org.junit.jupiter.engine.descriptor.TestTemplateInvocationTestDescriptor$$Lambda$1399/654393495.apply(Unknown Source)
        at org.junit.jupiter.engine.execution.ExecutableInvoker$ReflectiveInterceptorCall.lambda$ofVoidMethod$0(ExecutableInvoker.java:115)
        at org.junit.jupiter.engine.execution.ExecutableInvoker$ReflectiveInterceptorCall$$Lambda$178/2044366277.apply(Unknown Source)
        at org.junit.jupiter.engine.execution.ExecutableInvoker.lambda$invoke$0(ExecutableInvoker.java:105)
        at org.junit.jupiter.engine.execution.ExecutableInvoker$$Lambda$332/1275009283.apply(Unknown Source)
        at org.junit.jupiter.engine.execution.InvocationInterceptorChain$InterceptedInvocation.proceed(InvocationInterceptorChain.java:106)
        at org.junit.jupiter.engine.execution.InvocationInterceptorChain.proceed(InvocationInterceptorChain.java:64)
        at org.junit.jupiter.engine.execution.InvocationInterceptorChain.chainAndInvoke(InvocationInterceptorChain.java:45)
        at org.junit.jupiter.engine.execution.InvocationInterceptorChain.invoke(InvocationInterceptorChain.java:37)
        at org.junit.jupiter.engine.execution.ExecutableInvoker.invoke(ExecutableInvoker.java:104)
        at org.junit.jupiter.engine.execution.ExecutableInvoker.invoke(ExecutableInvoker.java:98)
        at org.junit.jupiter.engine.descriptor.TestMethodTestDescriptor.lambda$invokeTestMethod$7(TestMethodTestDescriptor.java:214)
        at org.junit.jupiter.engine.descriptor.TestMethodTestDescriptor$$Lambda$1429/1436508713.execute(Unknown Source)
        at org.junit.platform.engine.support.hierarchical.ThrowableCollector.execute(ThrowableCollector.java:73)
        at org.junit.jupiter.engine.descriptor.TestMethodTestDescriptor.invokeTestMethod(TestMethodTestDescriptor.java:210)
        at org.junit.jupiter.engine.descriptor.TestMethodTestDescriptor.execute(TestMethodTestDescriptor.java:135)
        at org.junit.jupiter.engine.descriptor.TestMethodTestDescriptor.execute(TestMethodTestDescriptor.java:66)
        at org.junit.platform.engine.support.hierarchical.NodeTestTask.lambda$executeRecursively$6(NodeTestTask.java:151)
        at org.junit.platform.engine.support.hierarchical.NodeTestTask$$Lambda$276/1967355409.execute(Unknown Source)
        at org.junit.platform.engine.support.hierarchical.ThrowableCollector.execute(ThrowableCollector.java:73)
        at org.junit.platform.engine.support.hierarchical.NodeTestTask.lambda$executeRecursively$8(NodeTestTask.java:141)
        at org.junit.platform.engine.support.hierarchical.NodeTestTask$$Lambda$275/1949298838.invoke(Unknown Source)
        at org.junit.platform.engine.support.hierarchical.Node.around(Node.java:137)
        at org.junit.platform.engine.support.hierarchical.NodeTestTask.lambda$executeRecursively$9(NodeTestTask.java:139)
        at org.junit.platform.engine.support.hierarchical.NodeTestTask$$Lambda$274/1408974251.execute(Unknown Source)
        at org.junit.platform.engine.support.hierarchical.ThrowableCollector.execute(ThrowableCollector.java:73)
        at org.junit.platform.engine.support.hierarchical.NodeTestTask.executeRecursively(NodeTestTask.java:138)
        at org.junit.platform.engine.support.hierarchical.NodeTestTask.execute(NodeTestTask.java:95)
        at org.junit.platform.engine.support.hierarchical.SameThreadHierarchicalTestExecutorService.submit(SameThreadHierarchicalTestExecutorService.java:35)
        at org.junit.platform.engine.support.hierarchical.NodeTestTask$DefaultDynamicTestExecutor.execute(NodeTestTask.java:226)
        at org.junit.platform.engine.support.hierarchical.NodeTestTask$DefaultDynamicTestExecutor.execute(NodeTestTask.java:204)
        at org.junit.jupiter.engine.descriptor.TestTemplateTestDescriptor.execute(TestTemplateTestDescriptor.java:139)
        at org.junit.jupiter.engine.descriptor.TestTemplateTestDescriptor.lambda$execute$2(TestTemplateTestDescriptor.java:107)
        at org.junit.jupiter.engine.descriptor.TestTemplateTestDescriptor$$Lambda$1374/111533772.accept(Unknown Source)
        at java.util.stream.ForEachOps$ForEachOp$OfRef.accept(ForEachOps.java:183)
        at java.util.stream.ReferencePipeline$3$1.accept(ReferencePipeline.java:193)
        at java.util.stream.ReferencePipeline$2$1.accept(ReferencePipeline.java:175)
        at java.util.stream.ReferencePipeline$3$1.accept(ReferencePipeline.java:193)
        at java.util.stream.ForEachOps$ForEachOp$OfRef.accept(ForEachOps.java:183)
        at java.util.stream.ReferencePipeline$3$1.accept(ReferencePipeline.java:193)
        at java.util.stream.ReferencePipeline$3$1.accept(ReferencePipeline.java:193)
        at java.util.stream.ReferencePipeline$3$1.accept(ReferencePipeline.java:193)
        at java.util.stream.ForEachOps$ForEachOp$OfRef.accept(ForEachOps.java:183)
        at java.util.stream.ReferencePipeline$3$1.accept(ReferencePipeline.java:193)
        at java.util.Iterator.forEachRemaining(Iterator.java:116)
        at java.util.Spliterators$IteratorSpliterator.forEachRemaining(Spliterators.java:1801)
        at java.util.stream.AbstractPipeline.copyInto(AbstractPipeline.java:482)
        at java.util.stream.AbstractPipeline.wrapAndCopyInto(AbstractPipeline.java:472)
        at java.util.stream.ForEachOps$ForEachOp.evaluateSequential(ForEachOps.java:150)
        at java.util.stream.ForEachOps$ForEachOp$OfRef.evaluateSequential(ForEachOps.java:173)
        at java.util.stream.AbstractPipeline.evaluate(AbstractPipeline.java:234)
        at java.util.stream.ReferencePipeline.forEach(ReferencePipeline.java:485)
        at java.util.stream.ReferencePipeline$7$1.accept(ReferencePipeline.java:272)
        at java.util.stream.ReferencePipeline$3$1.accept(ReferencePipeline.java:193)
        at java.util.stream.ReferencePipeline$3$1.accept(ReferencePipeline.java:193)
        at java.util.stream.ReferencePipeline$3$1.accept(ReferencePipeline.java:193)
        at java.util.ArrayList$ArrayListSpliterator.forEachRemaining(ArrayList.java:1384)
        at java.util.stream.AbstractPipeline.copyInto(AbstractPipeline.java:482)
        at java.util.stream.AbstractPipeline.wrapAndCopyInto(AbstractPipeline.java:472)
        at java.util.stream.ForEachOps$ForEachOp.evaluateSequential(ForEachOps.java:150)
        at java.util.stream.ForEachOps$ForEachOp$OfRef.evaluateSequential(ForEachOps.java:173)
        at java.util.stream.AbstractPipeline.evaluate(AbstractPipeline.java:234)
        at java.util.stream.ReferencePipeline.forEach(ReferencePipeline.java:485)
        at java.util.stream.ReferencePipeline$7$1.accept(ReferencePipeline.java:272)
        at java.util.ArrayList$ArrayListSpliterator.forEachRemaining(ArrayList.java:1384)
        at java.util.stream.AbstractPipeline.copyInto(AbstractPipeline.java:482)
        at java.util.stream.AbstractPipeline.wrapAndCopyInto(AbstractPipeline.java:472)
        at java.util.stream.ForEachOps$ForEachOp.evaluateSequential(ForEachOps.java:150)
        at java.util.stream.ForEachOps$ForEachOp$OfRef.evaluateSequential(ForEachOps.java:173)
        at java.util.stream.AbstractPipeline.evaluate(AbstractPipeline.java:234)
        at java.util.stream.ReferencePipeline.forEach(ReferencePipeline.java:485)
        at org.junit.jupiter.engine.descriptor.TestTemplateTestDescriptor.execute(TestTemplateTestDescriptor.java:107)
        at org.junit.jupiter.engine.descriptor.TestTemplateTestDescriptor.execute(TestTemplateTestDescriptor.java:42)
        at org.junit.platform.engine.support.hierarchical.NodeTestTask.lambda$executeRecursively$6(NodeTestTask.java:151)
        at org.junit.platform.engine.support.hierarchical.NodeTestTask$$Lambda$276/1967355409.execute(Unknown Source)
        at org.junit.platform.engine.support.hierarchical.ThrowableCollector.execute(ThrowableCollector.java:73)
        at org.junit.platform.engine.support.hierarchical.NodeTestTask.lambda$executeRecursively$8(NodeTestTask.java:141)
        at org.junit.platform.engine.support.hierarchical.NodeTestTask$$Lambda$275/1949298838.invoke(Unknown Source)
        at org.junit.platform.engine.support.hierarchical.Node.around(Node.java:137)
        at org.junit.platform.engine.support.hierarchical.NodeTestTask.lambda$executeRecursively$9(NodeTestTask.java:139)
        at org.junit.platform.engine.support.hierarchical.NodeTestTask$$Lambda$274/1408974251.execute(Unknown Source)
        at org.junit.platform.engine.support.hierarchical.ThrowableCollector.execute(ThrowableCollector.java:73)
        at org.junit.platform.engine.support.hierarchical.NodeTestTask.executeRecursively(NodeTestTask.java:138)
        at org.junit.platform.engine.support.hierarchical.NodeTestTask.execute(NodeTestTask.java:95)
        at org.junit.platform.engine.support.hierarchical.SameThreadHierarchicalTestExecutorService$$Lambda$280/352598575.accept(Unknown Source)
        at java.util.ArrayList.forEach(ArrayList.java:1259)
        at org.junit.platform.engine.support.hierarchical.SameThreadHierarchicalTestExecutorService.invokeAll(SameThreadHierarchicalTestExecutorService.java:41)
        at org.junit.platform.engine.support.hierarchical.NodeTestTask.lambda$executeRecursively$6(NodeTestTask.java:155)
        at org.junit.platform.engine.support.hierarchical.NodeTestTask$$Lambda$276/1967355409.execute(Unknown Source)
        at org.junit.platform.engine.support.hierarchical.ThrowableCollector.execute(ThrowableCollector.java:73)
        at org.junit.platform.engine.support.hierarchical.NodeTestTask.lambda$executeRecursively$8(NodeTestTask.java:141)
        at org.junit.platform.engine.support.hierarchical.NodeTestTask$$Lambda$275/1949298838.invoke(Unknown Source)
        at org.junit.platform.engine.support.hierarchical.Node.around(Node.java:137)
        at org.junit.platform.engine.support.hierarchical.NodeTestTask.lambda$executeRecursively$9(NodeTestTask.java:139)
        at org.junit.platform.engine.support.hierarchical.NodeTestTask$$Lambda$274/1408974251.execute(Unknown Source)
        at org.junit.platform.engine.support.hierarchical.ThrowableCollector.execute(ThrowableCollector.java:73)
        at org.junit.platform.engine.support.hierarchical.NodeTestTask.executeRecursively(NodeTestTask.java:138)
        at org.junit.platform.engine.support.hierarchical.NodeTestTask.execute(NodeTestTask.java:95)
        at org.junit.platform.engine.support.hierarchical.SameThreadHierarchicalTestExecutorService$$Lambda$280/352598575.accept(Unknown Source)
        at java.util.ArrayList.forEach(ArrayList.java:1259)
        at org.junit.platform.engine.support.hierarchical.SameThreadHierarchicalTestExecutorService.invokeAll(SameThreadHierarchicalTestExecutorService.java:41)
        at org.junit.platform.engine.support.hierarchical.NodeTestTask.lambda$executeRecursively$6(NodeTestTask.java:155)
        at org.junit.platform.engine.support.hierarchical.NodeTestTask$$Lambda$276/1967355409.execute(Unknown Source)
        at org.junit.platform.engine.support.hierarchical.ThrowableCollector.execute(ThrowableCollector.java:73)
        at org.junit.platform.engine.support.hierarchical.NodeTestTask.lambda$executeRecursively$8(NodeTestTask.java:141)
        at org.junit.platform.engine.support.hierarchical.NodeTestTask$$Lambda$275/1949298838.invoke(Unknown Source)
        at org.junit.platform.engine.support.hierarchical.Node.around(Node.java:137)
        at org.junit.platform.engine.support.hierarchical.NodeTestTask.lambda$executeRecursively$9(NodeTestTask.java:139)
        at org.junit.platform.engine.support.hierarchical.NodeTestTask$$Lambda$274/1408974251.execute(Unknown Source)
        at org.junit.platform.engine.support.hierarchical.ThrowableCollector.execute(ThrowableCollector.java:73)
        at org.junit.platform.engine.support.hierarchical.NodeTestTask.executeRecursively(NodeTestTask.java:138)
        at org.junit.platform.engine.support.hierarchical.NodeTestTask.execute(NodeTestTask.java:95)
        at org.junit.platform.engine.support.hierarchical.SameThreadHierarchicalTestExecutorService.submit(SameThreadHierarchicalTestExecutorService.java:35)
        at org.junit.platform.engine.support.hierarchical.HierarchicalTestExecutor.execute(HierarchicalTestExecutor.java:57)
        at org.junit.platform.engine.support.hierarchical.HierarchicalTestEngine.execute(HierarchicalTestEngine.java:54)
        at org.junit.platform.launcher.core.EngineExecutionOrchestrator.execute(EngineExecutionOrchestrator.java:107)
        at org.junit.platform.launcher.core.EngineExecutionOrchestrator.execute(EngineExecutionOrchestrator.java:88)
        at org.junit.platform.launcher.core.EngineExecutionOrchestrator.lambda$execute$0(EngineExecutionOrchestrator.java:54)
        at org.junit.platform.launcher.core.EngineExecutionOrchestrator$$Lambda$232/390689829.accept(Unknown Source)
        at org.junit.platform.launcher.core.EngineExecutionOrchestrator.withInterceptedStreams(EngineExecutionOrchestrator.java:67)
        at org.junit.platform.launcher.core.EngineExecutionOrchestrator.execute(EngineExecutionOrchestrator.java:52)
        at org.junit.platform.launcher.core.DefaultLauncher.execute(DefaultLauncher.java:114)
        at org.junit.platform.launcher.core.DefaultLauncher.execute(DefaultLauncher.java:86)
        at org.junit.platform.launcher.core.DefaultLauncherSession$DelegatingLauncher.execute(DefaultLauncherSession.java:86)
        at org.junit.platform.launcher.core.SessionPerRequestLauncher.execute(SessionPerRequestLauncher.java:53)
        at org.apache.maven.surefire.junitplatform.JUnitPlatformProvider.execute(JUnitPlatformProvider.java:188)
        at org.apache.maven.surefire.junitplatform.JUnitPlatformProvider.invokeAllTests(JUnitPlatformProvider.java:154)
        at org.apache.maven.surefire.junitplatform.JUnitPlatformProvider.invoke(JUnitPlatformProvider.java:124)
        at org.apache.maven.surefire.booter.ForkedBooter.runSuitesInProcess(ForkedBooter.java:428)
        at org.apache.maven.surefire.booter.ForkedBooter.execute(ForkedBooter.java:162)
        at org.apache.maven.surefire.booter.ForkedBooter.run(ForkedBooter.java:562)
        at org.apache.maven.surefire.booter.ForkedBooter.main(ForkedBooter.java:548)
"6220322b-c54d-4ba8-95d6-5fd9b706d663-DataStreamManagement-write--thread1"  prio=5 tid=1075 in Object.wait()
java.lang.Thread.State: WAITING (on object monitor)
        at sun.misc.Unsafe.park(Native Method)
        at java.util.concurrent.locks.LockSupport.park(LockSupport.java:175)
        at java.util.concurrent.locks.AbstractQueuedSynchronizer$ConditionObject.await(AbstractQueuedSynchronizer.java:2039)
        at java.util.concurrent.LinkedBlockingQueue.take(LinkedBlockingQueue.java:442)
        at java.util.concurrent.ThreadPoolExecutor.getTask(ThreadPoolExecutor.java:1074)
        at java.util.concurrent.ThreadPoolExecutor.runWorker(ThreadPoolExecutor.java:1134)
        at java.util.concurrent.ThreadPoolExecutor$Worker.run(ThreadPoolExecutor.java:624)
        at java.lang.Thread.run(Thread.java:750)
"Hadoop-Metrics-Updater-0" daemon prio=5 tid=276 timed_waiting
java.lang.Thread.State: TIMED_WAITING
        at sun.misc.Unsafe.park(Native Method)
        at java.util.concurrent.locks.LockSupport.parkNanos(LockSupport.java:215)
        at java.util.concurrent.locks.AbstractQueuedSynchronizer$ConditionObject.awaitNanos(AbstractQueuedSynchronizer.java:2078)
        at java.util.concurrent.ScheduledThreadPoolExecutor$DelayedWorkQueue.take(ScheduledThreadPoolExecutor.java:1093)
        at java.util.concurrent.ScheduledThreadPoolExecutor$DelayedWorkQueue.take(ScheduledThreadPoolExecutor.java:809)
        at java.util.concurrent.ThreadPoolExecutor.getTask(ThreadPoolExecutor.java:1074)
        at java.util.concurrent.ThreadPoolExecutor.runWorker(ThreadPoolExecutor.java:1134)
        at java.util.concurrent.ThreadPoolExecutor$Worker.run(ThreadPoolExecutor.java:624)
        at java.lang.Thread.run(Thread.java:750)
"IPC Server handler 1 on default port 15000" daemon prio=5 tid=67 timed_waiting
java.lang.Thread.State: TIMED_WAITING
        at sun.misc.Unsafe.park(Native Method)
        at java.util.concurrent.locks.LockSupport.parkNanos(LockSupport.java:215)
        at java.util.concurrent.locks.AbstractQueuedSynchronizer$ConditionObject.awaitNanos(AbstractQueuedSynchronizer.java:2078)
        at java.util.concurrent.LinkedBlockingQueue.poll(LinkedBlockingQueue.java:467)
        at org.apache.hadoop.ipc.CallQueueManager.take(CallQueueManager.java:317)
        at org.apache.hadoop.ipc.Server$Handler.run(Server.java:3014)
"PartialTableCache Cleanup Thread - 0" daemon prio=5 tid=1015 in Object.wait()
java.lang.Thread.State: WAITING (on object monitor)
        at sun.misc.Unsafe.park(Native Method)
        at java.util.concurrent.locks.LockSupport.park(LockSupport.java:175)
        at java.util.concurrent.locks.AbstractQueuedSynchronizer$ConditionObject.await(AbstractQueuedSynchronizer.java:2039)
        at java.util.concurrent.LinkedBlockingQueue.take(LinkedBlockingQueue.java:442)
        at java.util.concurrent.ThreadPoolExecutor.getTask(ThreadPoolExecutor.java:1074)
        at java.util.concurrent.ThreadPoolExecutor.runWorker(ThreadPoolExecutor.java:1134)
        at java.util.concurrent.ThreadPoolExecutor$Worker.run(ThreadPoolExecutor.java:624)
        at java.lang.Thread.run(Thread.java:750)
"SCM Heartbeat Processing Thread - 0" daemon prio=5 tid=33 timed_waiting
java.lang.Thread.State: TIMED_WAITING
        at sun.misc.Unsafe.park(Native Method)
        at java.util.concurrent.locks.LockSupport.parkNanos(LockSupport.java:215)
        at java.util.concurrent.locks.AbstractQueuedSynchronizer$ConditionObject.awaitNanos(AbstractQueuedSynchronizer.java:2078)
        at java.util.concurrent.ScheduledThreadPoolExecutor$DelayedWorkQueue.take(ScheduledThreadPoolExecutor.java:1093)
        at java.util.concurrent.ScheduledThreadPoolExecutor$DelayedWorkQueue.take(ScheduledThreadPoolExecutor.java:809)
        at java.util.concurrent.ThreadPoolExecutor.getTask(ThreadPoolExecutor.java:1074)
        at java.util.concurrent.ThreadPoolExecutor.runWorker(ThreadPoolExecutor.java:1134)
        at java.util.concurrent.ThreadPoolExecutor$Worker.run(ThreadPoolExecutor.java:624)
        at java.lang.Thread.run(Thread.java:750)
"Datanode ReportManager Thread - 4" daemon prio=5 tid=375 in Object.wait()
java.lang.Thread.State: WAITING (on object monitor)
        at sun.misc.Unsafe.park(Native Method)
        at java.util.concurrent.locks.LockSupport.park(LockSupport.java:175)
        at java.util.concurrent.locks.AbstractQueuedSynchronizer$ConditionObject.await(AbstractQueuedSynchronizer.java:2039)
        at java.util.concurrent.ScheduledThreadPoolExecutor$DelayedWorkQueue.take(ScheduledThreadPoolExecutor.java:1088)
        at java.util.concurrent.ScheduledThreadPoolExecutor$DelayedWorkQueue.take(ScheduledThreadPoolExecutor.java:809)
        at java.util.concurrent.ThreadPoolExecutor.getTask(ThreadPoolExecutor.java:1074)
        at java.util.concurrent.ThreadPoolExecutor.runWorker(ThreadPoolExecutor.java:1134)
        at java.util.concurrent.ThreadPoolExecutor$Worker.run(ThreadPoolExecutor.java:624)
        at java.lang.Thread.run(Thread.java:750)
"EventQueue-NodeReportForNodeReportHandler" daemon prio=5 tid=1618 in Object.wait()
java.lang.Thread.State: WAITING (on object monitor)
        at sun.misc.Unsafe.park(Native Method)
        at java.util.concurrent.locks.LockSupport.park(LockSupport.java:175)
        at java.util.concurrent.locks.AbstractQueuedSynchronizer$ConditionObject.await(AbstractQueuedSynchronizer.java:2039)
        at java.util.concurrent.LinkedBlockingQueue.take(LinkedBlockingQueue.java:442)
        at java.util.concurrent.ThreadPoolExecutor.getTask(ThreadPoolExecutor.java:1074)
        at java.util.concurrent.ThreadPoolExecutor.runWorker(ThreadPoolExecutor.java:1134)
        at java.util.concurrent.ThreadPoolExecutor$Worker.run(ThreadPoolExecutor.java:624)
        at java.lang.Thread.run(Thread.java:750)
"IPC Server handler 6 on default port 15001" daemon prio=5 tid=92 timed_waiting
java.lang.Thread.State: TIMED_WAITING
        at sun.misc.Unsafe.park(Native Method)
        at java.util.concurrent.locks.LockSupport.parkNanos(LockSupport.java:215)
        at java.util.concurrent.locks.AbstractQueuedSynchronizer$ConditionObject.awaitNanos(AbstractQueuedSynchronizer.java:2078)
        at java.util.concurrent.LinkedBlockingQueue.poll(LinkedBlockingQueue.java:467)
        at org.apache.hadoop.ipc.CallQueueManager.take(CallQueueManager.java:317)
        at org.apache.hadoop.ipc.Server$Handler.run(Server.java:3014)
"28fc21f1-0f1b-4853-8334-7fb4bdc0ccf0@group-13976FD52583-LeaderStateImpl" daemon prio=5 tid=859 timed_waiting
java.lang.Thread.State: TIMED_WAITING
        at sun.misc.Unsafe.park(Native Method)
        at java.util.concurrent.locks.LockSupport.parkNanos(LockSupport.java:215)
        at java.util.concurrent.locks.AbstractQueuedSynchronizer$ConditionObject.awaitNanos(AbstractQueuedSynchronizer.java:2078)
        at java.util.concurrent.ArrayBlockingQueue.poll(ArrayBlockingQueue.java:418)
        at org.apache.ratis.server.impl.LeaderStateImpl$EventQueue.poll(LeaderStateImpl.java:164)
        at org.apache.ratis.server.impl.LeaderStateImpl$EventProcessor.run(LeaderStateImpl.java:702)
"Datanode ReportManager Thread - 0" daemon prio=5 tid=371 in Object.wait()
java.lang.Thread.State: WAITING (on object monitor)
        at sun.misc.Unsafe.park(Native Method)
        at java.util.concurrent.locks.LockSupport.park(LockSupport.java:175)
        at java.util.concurrent.locks.AbstractQueuedSynchronizer$ConditionObject.await(AbstractQueuedSynchronizer.java:2039)
        at java.util.concurrent.ScheduledThreadPoolExecutor$DelayedWorkQueue.take(ScheduledThreadPoolExecutor.java:1088)
        at java.util.concurrent.ScheduledThreadPoolExecutor$DelayedWorkQueue.take(ScheduledThreadPoolExecutor.java:809)
        at java.util.concurrent.ThreadPoolExecutor.getTask(ThreadPoolExecutor.java:1074)
        at java.util.concurrent.ThreadPoolExecutor.runWorker(ThreadPoolExecutor.java:1134)
        at java.util.concurrent.ThreadPoolExecutor$Worker.run(ThreadPoolExecutor.java:624)
        at java.lang.Thread.run(Thread.java:750)
"9305807b-68e0-4de4-9f06-795e0c374ac6-DataStreamManagement-write--thread3"  prio=5 tid=1044 in Object.wait()
java.lang.Thread.State: WAITING (on object monitor)
        at sun.misc.Unsafe.park(Native Method)
        at java.util.concurrent.locks.LockSupport.park(LockSupport.java:175)
        at java.util.concurrent.locks.AbstractQueuedSynchronizer$ConditionObject.await(AbstractQueuedSynchronizer.java:2039)
        at java.util.concurrent.LinkedBlockingQueue.take(LinkedBlockingQueue.java:442)
        at java.util.concurrent.ThreadPoolExecutor.getTask(ThreadPoolExecutor.java:1074)
        at java.util.concurrent.ThreadPoolExecutor.runWorker(ThreadPoolExecutor.java:1134)
        at java.util.concurrent.ThreadPoolExecutor$Worker.run(ThreadPoolExecutor.java:624)
        at java.lang.Thread.run(Thread.java:750)
"b431013d-a75d-44b2-a41a-a2e98e506a92@group-565827C47CD0-LeaderStateImpl" daemon prio=5 tid=964 timed_waiting
java.lang.Thread.State: TIMED_WAITING
        at sun.misc.Unsafe.park(Native Method)
        at java.util.concurrent.locks.LockSupport.parkNanos(LockSupport.java:215)
        at java.util.concurrent.locks.AbstractQueuedSynchronizer$ConditionObject.awaitNanos(AbstractQueuedSynchronizer.java:2078)
        at java.util.concurrent.ArrayBlockingQueue.poll(ArrayBlockingQueue.java:418)
        at org.apache.ratis.server.impl.LeaderStateImpl$EventQueue.poll(LeaderStateImpl.java:164)
        at org.apache.ratis.server.impl.LeaderStateImpl$EventProcessor.run(LeaderStateImpl.java:702)
"f6fa4039-8fe9-46ca-92f5-bb04d02dc273-groupManagement"  prio=5 tid=854 in Object.wait()
java.lang.Thread.State: WAITING (on object monitor)
        at sun.misc.Unsafe.park(Native Method)
        at java.util.concurrent.locks.LockSupport.park(LockSupport.java:175)
        at java.util.concurrent.locks.AbstractQueuedSynchronizer$ConditionObject.await(AbstractQueuedSynchronizer.java:2039)
        at java.util.concurrent.LinkedBlockingQueue.take(LinkedBlockingQueue.java:442)
        at java.util.concurrent.ThreadPoolExecutor.getTask(ThreadPoolExecutor.java:1074)
        at java.util.concurrent.ThreadPoolExecutor.runWorker(ThreadPoolExecutor.java:1134)
        at java.util.concurrent.ThreadPoolExecutor$Worker.run(ThreadPoolExecutor.java:624)
        at java.lang.Thread.run(Thread.java:750)
"timer1" daemon prio=5 tid=881 timed_waiting
java.lang.Thread.State: TIMED_WAITING
        at java.lang.Object.wait(Native Method)
        at java.util.TimerThread.mainLoop(Timer.java:552)
        at java.util.TimerThread.run(Timer.java:505)
"9fc007ee-6328-4e66-a7f4-dfd370a25fec@group-D1A0B4F7E96E-StateMachineUpdater" daemon prio=5 tid=823 timed_waiting
java.lang.Thread.State: TIMED_WAITING
        at sun.misc.Unsafe.park(Native Method)
        at java.util.concurrent.locks.LockSupport.parkNanos(LockSupport.java:215)
        at java.util.concurrent.locks.AbstractQueuedSynchronizer$ConditionObject.await(AbstractQueuedSynchronizer.java:2163)
        at org.apache.ratis.util.AwaitForSignal.await(AwaitForSignal.java:62)
        at org.apache.ratis.server.impl.StateMachineUpdater.waitForCommit(StateMachineUpdater.java:209)
        at org.apache.ratis.server.impl.StateMachineUpdater.run(StateMachineUpdater.java:178)
        at java.lang.Thread.run(Thread.java:750)
"BlockDeletingService#1" daemon prio=5 tid=635 in Object.wait()
java.lang.Thread.State: WAITING (on object monitor)
        at sun.misc.Unsafe.park(Native Method)
        at java.util.concurrent.locks.LockSupport.park(LockSupport.java:175)
        at java.util.concurrent.locks.AbstractQueuedSynchronizer$ConditionObject.await(AbstractQueuedSynchronizer.java:2039)
        at java.util.concurrent.ScheduledThreadPoolExecutor$DelayedWorkQueue.take(ScheduledThreadPoolExecutor.java:1088)
        at java.util.concurrent.ScheduledThreadPoolExecutor$DelayedWorkQueue.take(ScheduledThreadPoolExecutor.java:809)
        at java.util.concurrent.ThreadPoolExecutor.getTask(ThreadPoolExecutor.java:1074)
        at java.util.concurrent.ThreadPoolExecutor.runWorker(ThreadPoolExecutor.java:1134)
        at java.util.concurrent.ThreadPoolExecutor$Worker.run(ThreadPoolExecutor.java:624)
        at java.lang.Thread.run(Thread.java:750)
"IPC Server idle connection scanner for port 15091" daemon prio=5 tid=561 timed_waiting
java.lang.Thread.State: TIMED_WAITING
        at java.lang.Object.wait(Native Method)
        at java.util.TimerThread.mainLoop(Timer.java:552)
        at java.util.TimerThread.run(Timer.java:505)
"BlockDeletingService#3" daemon prio=5 tid=1650 in Object.wait()
java.lang.Thread.State: WAITING (on object monitor)
        at sun.misc.Unsafe.park(Native Method)
        at java.util.concurrent.locks.LockSupport.park(LockSupport.java:175)
        at java.util.concurrent.locks.AbstractQueuedSynchronizer$ConditionObject.await(AbstractQueuedSynchronizer.java:2039)
        at java.util.concurrent.ScheduledThreadPoolExecutor$DelayedWorkQueue.take(ScheduledThreadPoolExecutor.java:1088)
        at java.util.concurrent.ScheduledThreadPoolExecutor$DelayedWorkQueue.take(ScheduledThreadPoolExecutor.java:809)
        at java.util.concurrent.ThreadPoolExecutor.getTask(ThreadPoolExecutor.java:1074)
        at java.util.concurrent.ThreadPoolExecutor.runWorker(ThreadPoolExecutor.java:1134)
        at java.util.concurrent.ThreadPoolExecutor$Worker.run(ThreadPoolExecutor.java:624)
        at java.lang.Thread.run(Thread.java:750)
"ChunkWriter-2-0" daemon prio=5 tid=413 in Object.wait()
java.lang.Thread.State: WAITING (on object monitor)
        at sun.misc.Unsafe.park(Native Method)
        at java.util.concurrent.locks.LockSupport.park(LockSupport.java:175)
        at java.util.concurrent.locks.AbstractQueuedSynchronizer$ConditionObject.await(AbstractQueuedSynchronizer.java:2039)
        at java.util.concurrent.LinkedBlockingDeque.takeFirst(LinkedBlockingDeque.java:492)
        at java.util.concurrent.LinkedBlockingDeque.take(LinkedBlockingDeque.java:680)
        at java.util.concurrent.ThreadPoolExecutor.getTask(ThreadPoolExecutor.java:1074)
        at java.util.concurrent.ThreadPoolExecutor.runWorker(ThreadPoolExecutor.java:1134)
        at java.util.concurrent.ThreadPoolExecutor$Worker.run(ThreadPoolExecutor.java:624)
        at java.lang.Thread.run(Thread.java:750)
"Datanode ReportManager Thread - 4" daemon prio=5 tid=254 in Object.wait()
java.lang.Thread.State: WAITING (on object monitor)
        at sun.misc.Unsafe.park(Native Method)
        at java.util.concurrent.locks.LockSupport.park(LockSupport.java:175)
        at java.util.concurrent.locks.AbstractQueuedSynchronizer$ConditionObject.await(AbstractQueuedSynchronizer.java:2039)
        at java.util.concurrent.ScheduledThreadPoolExecutor$DelayedWorkQueue.take(ScheduledThreadPoolExecutor.java:1088)
        at java.util.concurrent.ScheduledThreadPoolExecutor$DelayedWorkQueue.take(ScheduledThreadPoolExecutor.java:809)
        at java.util.concurrent.ThreadPoolExecutor.getTask(ThreadPoolExecutor.java:1074)
        at java.util.concurrent.ThreadPoolExecutor.runWorker(ThreadPoolExecutor.java:1134)
        at java.util.concurrent.ThreadPoolExecutor$Worker.run(ThreadPoolExecutor.java:624)
        at java.lang.Thread.run(Thread.java:750)
"ChunkReader-8" daemon prio=5 tid=1308 in Object.wait()
java.lang.Thread.State: WAITING (on object monitor)
        at sun.misc.Unsafe.park(Native Method)
        at java.util.concurrent.locks.LockSupport.park(LockSupport.java:175)
        at java.util.concurrent.locks.AbstractQueuedSynchronizer$ConditionObject.await(AbstractQueuedSynchronizer.java:2039)
        at java.util.concurrent.LinkedBlockingQueue.take(LinkedBlockingQueue.java:442)
        at java.util.concurrent.ThreadPoolExecutor.getTask(ThreadPoolExecutor.java:1074)
        at java.util.concurrent.ThreadPoolExecutor.runWorker(ThreadPoolExecutor.java:1134)
        at java.util.concurrent.ThreadPoolExecutor$Worker.run(ThreadPoolExecutor.java:624)
        at java.lang.Thread.run(Thread.java:750)
"ChunkWriter-0-0" daemon prio=5 tid=455 in Object.wait()
java.lang.Thread.State: WAITING (on object monitor)
        at sun.misc.Unsafe.park(Native Method)
        at java.util.concurrent.locks.LockSupport.park(LockSupport.java:175)
        at java.util.concurrent.locks.AbstractQueuedSynchronizer$ConditionObject.await(AbstractQueuedSynchronizer.java:2039)
        at java.util.concurrent.LinkedBlockingDeque.takeFirst(LinkedBlockingDeque.java:492)
        at java.util.concurrent.LinkedBlockingDeque.take(LinkedBlockingDeque.java:680)
        at java.util.concurrent.ThreadPoolExecutor.getTask(ThreadPoolExecutor.java:1074)
        at java.util.concurrent.ThreadPoolExecutor.runWorker(ThreadPoolExecutor.java:1134)
        at java.util.concurrent.ThreadPoolExecutor$Worker.run(ThreadPoolExecutor.java:624)
        at java.lang.Thread.run(Thread.java:750)
"ChunkWriter-0-0" daemon prio=5 tid=626 in Object.wait()
java.lang.Thread.State: WAITING (on object monitor)
        at sun.misc.Unsafe.park(Native Method)
        at java.util.concurrent.locks.LockSupport.park(LockSupport.java:175)
        at java.util.concurrent.locks.AbstractQueuedSynchronizer$ConditionObject.await(AbstractQueuedSynchronizer.java:2039)
        at java.util.concurrent.LinkedBlockingDeque.takeFirst(LinkedBlockingDeque.java:492)
        at java.util.concurrent.LinkedBlockingDeque.take(LinkedBlockingDeque.java:680)
        at java.util.concurrent.ThreadPoolExecutor.getTask(ThreadPoolExecutor.java:1074)
        at java.util.concurrent.ThreadPoolExecutor.runWorker(ThreadPoolExecutor.java:1134)
        at java.util.concurrent.ThreadPoolExecutor$Worker.run(ThreadPoolExecutor.java:624)
        at java.lang.Thread.run(Thread.java:750)
"4dfacd3a-85e6-4f60-aa9f-15a17a1c954a@group-8A617CCA13DF-FollowerState" daemon prio=5 tid=965 timed_waiting
java.lang.Thread.State: TIMED_WAITING
        at java.lang.Thread.sleep(Native Method)
        at java.lang.Thread.sleep(Thread.java:342)
        at java.util.concurrent.TimeUnit.sleep(TimeUnit.java:386)
        at org.apache.ratis.util.TimeDuration.sleep(TimeDuration.java:325)
        at org.apache.ratis.util.TimeDuration.sleep(TimeDuration.java:310)
        at org.apache.ratis.server.impl.FollowerState.run(FollowerState.java:128)
"IPC Server Responder" daemon prio=5 tid=54 runnable
java.lang.Thread.State: RUNNABLE
        at sun.nio.ch.EPollArrayWrapper.epollWait(Native Method)
        at sun.nio.ch.EPollArrayWrapper.poll(EPollArrayWrapper.java:269)
        at sun.nio.ch.EPollSelectorImpl.doSelect(EPollSelectorImpl.java:93)
        at sun.nio.ch.SelectorImpl.lockAndDoSelect(SelectorImpl.java:86)
        at sun.nio.ch.SelectorImpl.select(SelectorImpl.java:97)
        at org.apache.hadoop.ipc.Server$Responder.doRunLoop(Server.java:1582)
        at org.apache.hadoop.ipc.Server$Responder.run(Server.java:1565)
"StaleRecoveringContainerScrubbingService#1" daemon prio=5 tid=620 in Object.wait()
java.lang.Thread.State: WAITING (on object monitor)
        at sun.misc.Unsafe.park(Native Method)
        at java.util.concurrent.locks.LockSupport.park(LockSupport.java:175)
        at java.util.concurrent.locks.AbstractQueuedSynchronizer$ConditionObject.await(AbstractQueuedSynchronizer.java:2039)
        at java.util.concurrent.ScheduledThreadPoolExecutor$DelayedWorkQueue.take(ScheduledThreadPoolExecutor.java:1088)
        at java.util.concurrent.ScheduledThreadPoolExecutor$DelayedWorkQueue.take(ScheduledThreadPoolExecutor.java:809)
        at java.util.concurrent.ThreadPoolExecutor.getTask(ThreadPoolExecutor.java:1074)
        at java.util.concurrent.ThreadPoolExecutor.runWorker(ThreadPoolExecutor.java:1134)
        at java.util.concurrent.ThreadPoolExecutor$Worker.run(ThreadPoolExecutor.java:624)
        at java.lang.Thread.run(Thread.java:750)
"IPC Server handler 13 on default port 15000" daemon prio=5 tid=79 timed_waiting
java.lang.Thread.State: TIMED_WAITING
        at sun.misc.Unsafe.park(Native Method)
        at java.util.concurrent.locks.LockSupport.parkNanos(LockSupport.java:215)
        at java.util.concurrent.locks.AbstractQueuedSynchronizer$ConditionObject.awaitNanos(AbstractQueuedSynchronizer.java:2078)
        at java.util.concurrent.LinkedBlockingQueue.poll(LinkedBlockingQueue.java:467)
        at org.apache.hadoop.ipc.CallQueueManager.take(CallQueueManager.java:317)
        at org.apache.hadoop.ipc.Server$Handler.run(Server.java:3014)
"PipelineCommandHandlerThread-0"  prio=5 tid=685 in Object.wait()
java.lang.Thread.State: WAITING (on object monitor)
        at sun.misc.Unsafe.park(Native Method)
        at java.util.concurrent.locks.LockSupport.park(LockSupport.java:175)
        at java.util.concurrent.locks.AbstractQueuedSynchronizer$ConditionObject.await(AbstractQueuedSynchronizer.java:2039)
        at java.util.concurrent.LinkedBlockingQueue.take(LinkedBlockingQueue.java:442)
        at java.util.concurrent.ThreadPoolExecutor.getTask(ThreadPoolExecutor.java:1074)
        at java.util.concurrent.ThreadPoolExecutor.runWorker(ThreadPoolExecutor.java:1134)
        at java.util.concurrent.ThreadPoolExecutor$Worker.run(ThreadPoolExecutor.java:624)
        at java.lang.Thread.run(Thread.java:750)
"b431013d-a75d-44b2-a41a-a2e98e506a92-server-thread3" daemon prio=5 tid=995 timed_waiting
java.lang.Thread.State: TIMED_WAITING
        at sun.misc.Unsafe.park(Native Method)
        at java.util.concurrent.locks.LockSupport.parkNanos(LockSupport.java:215)
        at java.util.concurrent.SynchronousQueue$TransferStack.awaitFulfill(SynchronousQueue.java:460)
        at java.util.concurrent.SynchronousQueue$TransferStack.transfer(SynchronousQueue.java:362)
        at java.util.concurrent.SynchronousQueue.poll(SynchronousQueue.java:941)
        at java.util.concurrent.ThreadPoolExecutor.getTask(ThreadPoolExecutor.java:1073)
        at java.util.concurrent.ThreadPoolExecutor.runWorker(ThreadPoolExecutor.java:1134)
        at java.util.concurrent.ThreadPoolExecutor$Worker.run(ThreadPoolExecutor.java:624)
        at java.lang.Thread.run(Thread.java:750)
"80a9a8fe-8ad4-444c-8e90-e2ced2b3ac02-DataStreamManagement-write--thread2"  prio=5 tid=1371 in Object.wait()
java.lang.Thread.State: WAITING (on object monitor)
        at sun.misc.Unsafe.park(Native Method)
        at java.util.concurrent.locks.LockSupport.park(LockSupport.java:175)
        at java.util.concurrent.locks.AbstractQueuedSynchronizer$ConditionObject.await(AbstractQueuedSynchronizer.java:2039)
        at java.util.concurrent.LinkedBlockingQueue.take(LinkedBlockingQueue.java:442)
        at java.util.concurrent.ThreadPoolExecutor.getTask(ThreadPoolExecutor.java:1074)
        at java.util.concurrent.ThreadPoolExecutor.runWorker(ThreadPoolExecutor.java:1134)
        at java.util.concurrent.ThreadPoolExecutor$Worker.run(ThreadPoolExecutor.java:624)
        at java.lang.Thread.run(Thread.java:750)
"ContainerOp-870a759f-8d79-46e0-9830-9a5c66ffce8a-4"  prio=5 tid=1163 in Object.wait()
java.lang.Thread.State: WAITING (on object monitor)
        at sun.misc.Unsafe.park(Native Method)
        at java.util.concurrent.locks.LockSupport.park(LockSupport.java:175)
        at java.util.concurrent.locks.AbstractQueuedSynchronizer$ConditionObject.await(AbstractQueuedSynchronizer.java:2039)
        at java.util.concurrent.LinkedBlockingQueue.take(LinkedBlockingQueue.java:442)
        at java.util.concurrent.ThreadPoolExecutor.getTask(ThreadPoolExecutor.java:1074)
        at java.util.concurrent.ThreadPoolExecutor.runWorker(ThreadPoolExecutor.java:1134)
        at java.util.concurrent.ThreadPoolExecutor$Worker.run(ThreadPoolExecutor.java:624)
        at java.lang.Thread.run(Thread.java:750)
"Session-HouseKeeper-74e8ae5e-1"  prio=5 tid=493 timed_waiting
java.lang.Thread.State: TIMED_WAITING
        at sun.misc.Unsafe.park(Native Method)
        at java.util.concurrent.locks.LockSupport.parkNanos(LockSupport.java:215)
        at java.util.concurrent.locks.AbstractQueuedSynchronizer$ConditionObject.awaitNanos(AbstractQueuedSynchronizer.java:2078)
        at java.util.concurrent.ScheduledThreadPoolExecutor$DelayedWorkQueue.take(ScheduledThreadPoolExecutor.java:1093)
        at java.util.concurrent.ScheduledThreadPoolExecutor$DelayedWorkQueue.take(ScheduledThreadPoolExecutor.java:809)
        at java.util.concurrent.ThreadPoolExecutor.getTask(ThreadPoolExecutor.java:1074)
        at java.util.concurrent.ThreadPoolExecutor.runWorker(ThreadPoolExecutor.java:1134)
        at java.util.concurrent.ThreadPoolExecutor$Worker.run(ThreadPoolExecutor.java:624)
        at java.lang.Thread.run(Thread.java:750)
"BlockDeletingService#0" daemon prio=5 tid=586 timed_waiting
java.lang.Thread.State: TIMED_WAITING
        at sun.misc.Unsafe.park(Native Method)
        at java.util.concurrent.locks.LockSupport.parkNanos(LockSupport.java:215)
        at java.util.concurrent.locks.AbstractQueuedSynchronizer$ConditionObject.awaitNanos(AbstractQueuedSynchronizer.java:2078)
        at java.util.concurrent.ScheduledThreadPoolExecutor$DelayedWorkQueue.take(ScheduledThreadPoolExecutor.java:1093)
        at java.util.concurrent.ScheduledThreadPoolExecutor$DelayedWorkQueue.take(ScheduledThreadPoolExecutor.java:809)
        at java.util.concurrent.ThreadPoolExecutor.getTask(ThreadPoolExecutor.java:1074)
        at java.util.concurrent.ThreadPoolExecutor.runWorker(ThreadPoolExecutor.java:1134)
        at java.util.concurrent.ThreadPoolExecutor$Worker.run(ThreadPoolExecutor.java:624)
        at java.lang.Thread.run(Thread.java:750)
"IPC Server handler 6 on default port 15002" daemon prio=5 tid=112 timed_waiting
java.lang.Thread.State: TIMED_WAITING
        at sun.misc.Unsafe.park(Native Method)
        at java.util.concurrent.locks.LockSupport.parkNanos(LockSupport.java:215)
        at java.util.concurrent.locks.AbstractQueuedSynchronizer$ConditionObject.awaitNanos(AbstractQueuedSynchronizer.java:2078)
        at java.util.concurrent.LinkedBlockingQueue.poll(LinkedBlockingQueue.java:467)
        at org.apache.hadoop.ipc.CallQueueManager.take(CallQueueManager.java:317)
        at org.apache.hadoop.ipc.Server$Handler.run(Server.java:3014)
"timer7" daemon prio=5 tid=910 timed_waiting
java.lang.Thread.State: TIMED_WAITING
        at java.lang.Object.wait(Native Method)
        at java.util.TimerThread.mainLoop(Timer.java:552)
        at java.util.TimerThread.run(Timer.java:505)
"9305807b-68e0-4de4-9f06-795e0c374ac6@group-BAC3D6A46238-FollowerState" daemon prio=5 tid=901 timed_waiting
java.lang.Thread.State: TIMED_WAITING
        at java.lang.Thread.sleep(Native Method)
        at java.lang.Thread.sleep(Thread.java:342)
        at java.util.concurrent.TimeUnit.sleep(TimeUnit.java:386)
        at org.apache.ratis.util.TimeDuration.sleep(TimeDuration.java:325)
        at org.apache.ratis.util.TimeDuration.sleep(TimeDuration.java:310)
        at org.apache.ratis.server.impl.FollowerState.run(FollowerState.java:128)
"ChunkReader-ELG-0" daemon prio=5 tid=585 runnable
java.lang.Thread.State: RUNNABLE
        at org.apache.ratis.thirdparty.io.netty.channel.epoll.Native.epollWait0(Native Method)
        at org.apache.ratis.thirdparty.io.netty.channel.epoll.Native.epollWait(Native.java:182)
        at org.apache.ratis.thirdparty.io.netty.channel.epoll.EpollEventLoop.epollWait(EpollEventLoop.java:302)
        at org.apache.ratis.thirdparty.io.netty.channel.epoll.EpollEventLoop.run(EpollEventLoop.java:366)
        at org.apache.ratis.thirdparty.io.netty.util.concurrent.SingleThreadEventExecutor$4.run(SingleThreadEventExecutor.java:997)
        at org.apache.ratis.thirdparty.io.netty.util.internal.ThreadExecutorMap$2.run(ThreadExecutorMap.java:74)
        at java.lang.Thread.run(Thread.java:750)
"6f9d3266-b874-4586-a718-9027df6ff647@group-956EFEAD089C-SegmentedRaftLogWorker"  prio=5 tid=763 timed_waiting
java.lang.Thread.State: TIMED_WAITING
        at sun.misc.Unsafe.park(Native Method)
        at java.util.concurrent.locks.LockSupport.parkNanos(LockSupport.java:215)
        at java.util.concurrent.locks.AbstractQueuedSynchronizer$ConditionObject.awaitNanos(AbstractQueuedSynchronizer.java:2078)
        at org.apache.ratis.util.DataBlockingQueue.poll(DataBlockingQueue.java:148)
        at org.apache.ratis.server.raftlog.segmented.SegmentedRaftLogWorker.run(SegmentedRaftLogWorker.java:307)
        at org.apache.ratis.server.raftlog.segmented.SegmentedRaftLogWorker$$Lambda$841/2058580550.run(Unknown Source)
        at java.util.concurrent.Executors$RunnableAdapter.call(Executors.java:511)
        at java.util.concurrent.FutureTask.run(FutureTask.java:266)
        at java.util.concurrent.ThreadPoolExecutor.runWorker(ThreadPoolExecutor.java:1149)
        at java.util.concurrent.ThreadPoolExecutor$Worker.run(ThreadPoolExecutor.java:624)
        at java.lang.Thread.run(Thread.java:750)
"StaleRecoveringContainerScrubbingService#0" daemon prio=5 tid=550 timed_waiting
java.lang.Thread.State: TIMED_WAITING
        at sun.misc.Unsafe.park(Native Method)
        at java.util.concurrent.locks.LockSupport.parkNanos(LockSupport.java:215)
        at java.util.concurrent.locks.AbstractQueuedSynchronizer$ConditionObject.awaitNanos(AbstractQueuedSynchronizer.java:2078)
        at java.util.concurrent.ScheduledThreadPoolExecutor$DelayedWorkQueue.take(ScheduledThreadPoolExecutor.java:1093)
        at java.util.concurrent.ScheduledThreadPoolExecutor$DelayedWorkQueue.take(ScheduledThreadPoolExecutor.java:809)
        at java.util.concurrent.ThreadPoolExecutor.getTask(ThreadPoolExecutor.java:1074)
        at java.util.concurrent.ThreadPoolExecutor.runWorker(ThreadPoolExecutor.java:1134)
        at java.util.concurrent.ThreadPoolExecutor$Worker.run(ThreadPoolExecutor.java:624)
        at java.lang.Thread.run(Thread.java:750)
"StaleRecoveringContainerScrubbingService#3" daemon prio=5 tid=1641 in Object.wait()
java.lang.Thread.State: WAITING (on object monitor)
        at sun.misc.Unsafe.park(Native Method)
        at java.util.concurrent.locks.LockSupport.park(LockSupport.java:175)
        at java.util.concurrent.locks.AbstractQueuedSynchronizer$ConditionObject.await(AbstractQueuedSynchronizer.java:2039)
        at java.util.concurrent.ScheduledThreadPoolExecutor$DelayedWorkQueue.take(ScheduledThreadPoolExecutor.java:1088)
        at java.util.concurrent.ScheduledThreadPoolExecutor$DelayedWorkQueue.take(ScheduledThreadPoolExecutor.java:809)
        at java.util.concurrent.ThreadPoolExecutor.getTask(ThreadPoolExecutor.java:1074)
        at java.util.concurrent.ThreadPoolExecutor.runWorker(ThreadPoolExecutor.java:1134)
        at java.util.concurrent.ThreadPoolExecutor$Worker.run(ThreadPoolExecutor.java:624)
        at java.lang.Thread.run(Thread.java:750)
"ContainerOp-13838721-bcae-49cb-b2fe-fcf027d0e9d3-1"  prio=5 tid=1063 in Object.wait()
java.lang.Thread.State: WAITING (on object monitor)
        at sun.misc.Unsafe.park(Native Method)
        at java.util.concurrent.locks.LockSupport.park(LockSupport.java:175)
        at java.util.concurrent.locks.AbstractQueuedSynchronizer$ConditionObject.await(AbstractQueuedSynchronizer.java:2039)
        at java.util.concurrent.LinkedBlockingQueue.take(LinkedBlockingQueue.java:442)
        at java.util.concurrent.ThreadPoolExecutor.getTask(ThreadPoolExecutor.java:1074)
        at java.util.concurrent.ThreadPoolExecutor.runWorker(ThreadPoolExecutor.java:1134)
        at java.util.concurrent.ThreadPoolExecutor$Worker.run(ThreadPoolExecutor.java:624)
        at java.lang.Thread.run(Thread.java:750)
"IPC Server handler 18 on default port 15004" daemon prio=5 tid=195 timed_waiting
java.lang.Thread.State: TIMED_WAITING
        at sun.misc.Unsafe.park(Native Method)
        at java.util.concurrent.locks.LockSupport.parkNanos(LockSupport.java:215)
        at java.util.concurrent.locks.AbstractQueuedSynchronizer$ConditionObject.awaitNanos(AbstractQueuedSynchronizer.java:2078)
        at java.util.concurrent.LinkedBlockingQueue.poll(LinkedBlockingQueue.java:467)
        at org.apache.hadoop.ipc.CallQueueManager.take(CallQueueManager.java:317)
        at org.apache.hadoop.ipc.Server$Handler.run(Server.java:3014)
"BlockDeletingService#1" daemon prio=5 tid=391 in Object.wait()
java.lang.Thread.State: WAITING (on object monitor)
        at sun.misc.Unsafe.park(Native Method)
        at java.util.concurrent.locks.LockSupport.park(LockSupport.java:175)
        at java.util.concurrent.locks.AbstractQueuedSynchronizer$ConditionObject.await(AbstractQueuedSynchronizer.java:2039)
        at java.util.concurrent.ScheduledThreadPoolExecutor$DelayedWorkQueue.take(ScheduledThreadPoolExecutor.java:1088)
        at java.util.concurrent.ScheduledThreadPoolExecutor$DelayedWorkQueue.take(ScheduledThreadPoolExecutor.java:809)
        at java.util.concurrent.ThreadPoolExecutor.getTask(ThreadPoolExecutor.java:1074)
        at java.util.concurrent.ThreadPoolExecutor.runWorker(ThreadPoolExecutor.java:1134)
        at java.util.concurrent.ThreadPoolExecutor$Worker.run(ThreadPoolExecutor.java:624)
        at java.lang.Thread.run(Thread.java:750)
"IPC Server listener on 15055" daemon prio=5 tid=363 runnable
java.lang.Thread.State: RUNNABLE
        at sun.nio.ch.EPollArrayWrapper.epollWait(Native Method)
        at sun.nio.ch.EPollArrayWrapper.poll(EPollArrayWrapper.java:269)
        at sun.nio.ch.EPollSelectorImpl.doSelect(EPollSelectorImpl.java:93)
        at sun.nio.ch.SelectorImpl.lockAndDoSelect(SelectorImpl.java:86)
        at sun.nio.ch.SelectorImpl.select(SelectorImpl.java:97)
        at sun.nio.ch.SelectorImpl.select(SelectorImpl.java:101)
        at org.apache.hadoop.ipc.Server$Listener.run(Server.java:1408)
"pool-152-thread-1" daemon prio=5 tid=498 timed_waiting
java.lang.Thread.State: TIMED_WAITING
        at sun.misc.Unsafe.park(Native Method)
        at java.util.concurrent.locks.LockSupport.parkNanos(LockSupport.java:215)
        at java.util.concurrent.locks.AbstractQueuedSynchronizer$ConditionObject.awaitNanos(AbstractQueuedSynchronizer.java:2078)
        at java.util.concurrent.ScheduledThreadPoolExecutor$DelayedWorkQueue.take(ScheduledThreadPoolExecutor.java:1093)
        at java.util.concurrent.ScheduledThreadPoolExecutor$DelayedWorkQueue.take(ScheduledThreadPoolExecutor.java:809)
        at java.util.concurrent.ThreadPoolExecutor.getTask(ThreadPoolExecutor.java:1074)
        at java.util.concurrent.ThreadPoolExecutor.runWorker(ThreadPoolExecutor.java:1134)
        at java.util.concurrent.ThreadPoolExecutor$Worker.run(ThreadPoolExecutor.java:624)
        at java.lang.Thread.run(Thread.java:750)
"qtp508662500-299" daemon prio=5 tid=299 timed_waiting
java.lang.Thread.State: TIMED_WAITING
        at sun.misc.Unsafe.park(Native Method)
        at java.util.concurrent.locks.LockSupport.parkNanos(LockSupport.java:215)
        at java.util.concurrent.locks.AbstractQueuedSynchronizer$ConditionObject.awaitNanos(AbstractQueuedSynchronizer.java:2078)
        at org.eclipse.jetty.util.BlockingArrayQueue.poll(BlockingArrayQueue.java:382)
        at org.eclipse.jetty.util.thread.QueuedThreadPool$Runner.idleJobPoll(QueuedThreadPool.java:974)
        at org.eclipse.jetty.util.thread.QueuedThreadPool$Runner.run(QueuedThreadPool.java:1018)
        at java.lang.Thread.run(Thread.java:750)
"ContainerOp-13838721-bcae-49cb-b2fe-fcf027d0e9d3-7"  prio=5 tid=1223 in Object.wait()
java.lang.Thread.State: WAITING (on object monitor)
        at sun.misc.Unsafe.park(Native Method)
        at java.util.concurrent.locks.LockSupport.park(LockSupport.java:175)
        at java.util.concurrent.locks.AbstractQueuedSynchronizer$ConditionObject.await(AbstractQueuedSynchronizer.java:2039)
        at java.util.concurrent.LinkedBlockingQueue.take(LinkedBlockingQueue.java:442)
        at java.util.concurrent.ThreadPoolExecutor.getTask(ThreadPoolExecutor.java:1074)
        at java.util.concurrent.ThreadPoolExecutor.runWorker(ThreadPoolExecutor.java:1134)
        at java.util.concurrent.ThreadPoolExecutor$Worker.run(ThreadPoolExecutor.java:624)
        at java.lang.Thread.run(Thread.java:750)
"80a9a8fe-8ad4-444c-8e90-e2ced2b3ac02@group-E0A3CFFD1989-StateMachineUpdater" daemon prio=5 tid=744 timed_waiting
java.lang.Thread.State: TIMED_WAITING
        at sun.misc.Unsafe.park(Native Method)
        at java.util.concurrent.locks.LockSupport.parkNanos(LockSupport.java:215)
        at java.util.concurrent.locks.AbstractQueuedSynchronizer$ConditionObject.await(AbstractQueuedSynchronizer.java:2163)
        at org.apache.ratis.util.AwaitForSignal.await(AwaitForSignal.java:62)
        at org.apache.ratis.server.impl.StateMachineUpdater.waitForCommit(StateMachineUpdater.java:209)
        at org.apache.ratis.server.impl.StateMachineUpdater.run(StateMachineUpdater.java:178)
        at java.lang.Thread.run(Thread.java:750)
"Socket Reader #1 for port 15046"  prio=5 tid=331 runnable
java.lang.Thread.State: RUNNABLE
        at sun.nio.ch.EPollArrayWrapper.epollWait(Native Method)
        at sun.nio.ch.EPollArrayWrapper.poll(EPollArrayWrapper.java:269)
        at sun.nio.ch.EPollSelectorImpl.doSelect(EPollSelectorImpl.java:93)
        at sun.nio.ch.SelectorImpl.lockAndDoSelect(SelectorImpl.java:86)
        at sun.nio.ch.SelectorImpl.select(SelectorImpl.java:97)
        at sun.nio.ch.SelectorImpl.select(SelectorImpl.java:101)
        at org.apache.hadoop.ipc.Server$Listener$Reader.doRunLoop(Server.java:1346)
        at org.apache.hadoop.ipc.Server$Listener$Reader.run(Server.java:1325)
"qtp1890737819-352" daemon prio=5 tid=352 timed_waiting
java.lang.Thread.State: TIMED_WAITING
        at sun.misc.Unsafe.park(Native Method)
        at java.util.concurrent.locks.LockSupport.parkNanos(LockSupport.java:215)
        at java.util.concurrent.locks.AbstractQueuedSynchronizer$ConditionObject.awaitNanos(AbstractQueuedSynchronizer.java:2078)
        at org.eclipse.jetty.util.BlockingArrayQueue.poll(BlockingArrayQueue.java:382)
        at org.eclipse.jetty.util.thread.QueuedThreadPool$Runner.idleJobPoll(QueuedThreadPool.java:974)
        at org.eclipse.jetty.util.thread.QueuedThreadPool$Runner.run(QueuedThreadPool.java:1018)
        at java.lang.Thread.run(Thread.java:750)
"qtp1249457989-446" daemon prio=5 tid=446 timed_waiting
java.lang.Thread.State: TIMED_WAITING
        at sun.misc.Unsafe.park(Native Method)
        at java.util.concurrent.locks.LockSupport.parkNanos(LockSupport.java:215)
        at java.util.concurrent.locks.AbstractQueuedSynchronizer$ConditionObject.awaitNanos(AbstractQueuedSynchronizer.java:2078)
        at org.eclipse.jetty.util.BlockingArrayQueue.poll(BlockingArrayQueue.java:382)
        at org.eclipse.jetty.util.thread.QueuedThreadPool$Runner.idleJobPoll(QueuedThreadPool.java:974)
        at org.eclipse.jetty.util.thread.QueuedThreadPool$Runner.run(QueuedThreadPool.java:1018)
        at java.lang.Thread.run(Thread.java:750)
"StaleRecoveringContainerScrubbingService#0" daemon prio=5 tid=649 timed_waiting
java.lang.Thread.State: TIMED_WAITING
        at sun.misc.Unsafe.park(Native Method)
        at java.util.concurrent.locks.LockSupport.parkNanos(LockSupport.java:215)
        at java.util.concurrent.locks.AbstractQueuedSynchronizer$ConditionObject.awaitNanos(AbstractQueuedSynchronizer.java:2078)
        at java.util.concurrent.ScheduledThreadPoolExecutor$DelayedWorkQueue.take(ScheduledThreadPoolExecutor.java:1093)
        at java.util.concurrent.ScheduledThreadPoolExecutor$DelayedWorkQueue.take(ScheduledThreadPoolExecutor.java:809)
        at java.util.concurrent.ThreadPoolExecutor.getTask(ThreadPoolExecutor.java:1074)
        at java.util.concurrent.ThreadPoolExecutor.runWorker(ThreadPoolExecutor.java:1134)
        at java.util.concurrent.ThreadPoolExecutor$Worker.run(ThreadPoolExecutor.java:624)
        at java.lang.Thread.run(Thread.java:750)
"grpc-default-worker-ELG-3-2" daemon prio=5 tid=663 runnable
java.lang.Thread.State: RUNNABLE
        at org.apache.ratis.thirdparty.io.netty.channel.epoll.Native.epollWait0(Native Method)
        at org.apache.ratis.thirdparty.io.netty.channel.epoll.Native.epollWait(Native.java:182)
        at org.apache.ratis.thirdparty.io.netty.channel.epoll.EpollEventLoop.epollWait(EpollEventLoop.java:302)
        at org.apache.ratis.thirdparty.io.netty.channel.epoll.EpollEventLoop.run(EpollEventLoop.java:366)
        at org.apache.ratis.thirdparty.io.netty.util.concurrent.SingleThreadEventExecutor$4.run(SingleThreadEventExecutor.java:997)
        at org.apache.ratis.thirdparty.io.netty.util.internal.ThreadExecutorMap$2.run(ThreadExecutorMap.java:74)
        at org.apache.ratis.thirdparty.io.netty.util.concurrent.FastThreadLocalRunnable.run(FastThreadLocalRunnable.java:30)
        at java.lang.Thread.run(Thread.java:750)
"org.apache.hadoop.crypto.key.kms.ValueQueue_thread" daemon prio=5 tid=1013 in Object.wait()
java.lang.Thread.State: WAITING (on object monitor)
        at sun.misc.Unsafe.park(Native Method)
        at java.util.concurrent.locks.LockSupport.park(LockSupport.java:175)
        at java.util.concurrent.locks.AbstractQueuedSynchronizer$ConditionObject.await(AbstractQueuedSynchronizer.java:2039)
        at java.util.concurrent.LinkedBlockingQueue.take(LinkedBlockingQueue.java:442)
        at org.apache.hadoop.crypto.key.kms.ValueQueue$UniqueKeyBlockingQueue.take(ValueQueue.java:169)
        at org.apache.hadoop.crypto.key.kms.ValueQueue$UniqueKeyBlockingQueue.take(ValueQueue.java:153)
        at java.util.concurrent.ThreadPoolExecutor.getTask(ThreadPoolExecutor.java:1074)
        at java.util.concurrent.ThreadPoolExecutor.runWorker(ThreadPoolExecutor.java:1134)
        at java.util.concurrent.ThreadPoolExecutor$Worker.run(ThreadPoolExecutor.java:624)
        at java.lang.Thread.run(Thread.java:750)
"JvmPauseMonitor8" daemon prio=5 tid=600 timed_waiting
java.lang.Thread.State: TIMED_WAITING
        at java.lang.Thread.sleep(Native Method)
        at java.lang.Thread.sleep(Thread.java:342)
        at java.util.concurrent.TimeUnit.sleep(TimeUnit.java:386)
        at org.apache.ratis.util.TimeDuration.sleep(TimeDuration.java:325)
        at org.apache.ratis.util.TimeDuration.sleep(TimeDuration.java:310)
        at org.apache.ratis.util.JvmPauseMonitor.detectPause(JvmPauseMonitor.java:117)
        at org.apache.ratis.util.JvmPauseMonitor.run(JvmPauseMonitor.java:106)
        at org.apache.ratis.util.JvmPauseMonitor$$Lambda$540/1204910476.run(Unknown Source)
        at java.lang.Thread.run(Thread.java:750)
"ContainerOp-761249f9-8bb6-41bf-974d-4398accf5932-9"  prio=5 tid=1227 in Object.wait()
java.lang.Thread.State: WAITING (on object monitor)
        at sun.misc.Unsafe.park(Native Method)
        at java.util.concurrent.locks.LockSupport.park(LockSupport.java:175)
        at java.util.concurrent.locks.AbstractQueuedSynchronizer$ConditionObject.await(AbstractQueuedSynchronizer.java:2039)
        at java.util.concurrent.LinkedBlockingQueue.take(LinkedBlockingQueue.java:442)
        at java.util.concurrent.ThreadPoolExecutor.getTask(ThreadPoolExecutor.java:1074)
        at java.util.concurrent.ThreadPoolExecutor.runWorker(ThreadPoolExecutor.java:1134)
        at java.util.concurrent.ThreadPoolExecutor$Worker.run(ThreadPoolExecutor.java:624)
        at java.lang.Thread.run(Thread.java:750)
"ChunkReader-6" daemon prio=5 tid=1290 in Object.wait()
java.lang.Thread.State: WAITING (on object monitor)
        at sun.misc.Unsafe.park(Native Method)
        at java.util.concurrent.locks.LockSupport.park(LockSupport.java:175)
        at java.util.concurrent.locks.AbstractQueuedSynchronizer$ConditionObject.await(AbstractQueuedSynchronizer.java:2039)
        at java.util.concurrent.LinkedBlockingQueue.take(LinkedBlockingQueue.java:442)
        at java.util.concurrent.ThreadPoolExecutor.getTask(ThreadPoolExecutor.java:1074)
        at java.util.concurrent.ThreadPoolExecutor.runWorker(ThreadPoolExecutor.java:1134)
        at java.util.concurrent.ThreadPoolExecutor$Worker.run(ThreadPoolExecutor.java:624)
        at java.lang.Thread.run(Thread.java:750)
"28fc21f1-0f1b-4853-8334-7fb4bdc0ccf0-server-thread2" daemon prio=5 tid=890 timed_waiting
java.lang.Thread.State: TIMED_WAITING
        at sun.misc.Unsafe.park(Native Method)
        at java.util.concurrent.locks.LockSupport.parkNanos(LockSupport.java:215)
        at java.util.concurrent.SynchronousQueue$TransferStack.awaitFulfill(SynchronousQueue.java:460)
        at java.util.concurrent.SynchronousQueue$TransferStack.transfer(SynchronousQueue.java:362)
        at java.util.concurrent.SynchronousQueue.poll(SynchronousQueue.java:941)
        at java.util.concurrent.ThreadPoolExecutor.getTask(ThreadPoolExecutor.java:1073)
        at java.util.concurrent.ThreadPoolExecutor.runWorker(ThreadPoolExecutor.java:1134)
        at java.util.concurrent.ThreadPoolExecutor$Worker.run(ThreadPoolExecutor.java:624)
        at java.lang.Thread.run(Thread.java:750)
"IPC Server handler 12 on default port 15002" daemon prio=5 tid=118 timed_waiting
java.lang.Thread.State: TIMED_WAITING
        at sun.misc.Unsafe.park(Native Method)
        at java.util.concurrent.locks.LockSupport.parkNanos(LockSupport.java:215)
        at java.util.concurrent.locks.AbstractQueuedSynchronizer$ConditionObject.awaitNanos(AbstractQueuedSynchronizer.java:2078)
        at java.util.concurrent.LinkedBlockingQueue.poll(LinkedBlockingQueue.java:467)
        at org.apache.hadoop.ipc.CallQueueManager.take(CallQueueManager.java:317)
        at org.apache.hadoop.ipc.Server$Handler.run(Server.java:3014)
"qtp1873189623-19" daemon prio=5 tid=19 timed_waiting
java.lang.Thread.State: TIMED_WAITING
        at sun.misc.Unsafe.park(Native Method)
        at java.util.concurrent.locks.LockSupport.parkNanos(LockSupport.java:215)
        at java.util.concurrent.locks.AbstractQueuedSynchronizer$ConditionObject.awaitNanos(AbstractQueuedSynchronizer.java:2078)
        at org.eclipse.jetty.util.BlockingArrayQueue.poll(BlockingArrayQueue.java:382)
        at org.eclipse.jetty.util.thread.QueuedThreadPool$Runner.idleJobPoll(QueuedThreadPool.java:974)
        at org.eclipse.jetty.util.thread.QueuedThreadPool$Runner.run(QueuedThreadPool.java:1018)
        at java.lang.Thread.run(Thread.java:750)
"qtp1249457989-443" daemon prio=5 tid=443 timed_waiting
java.lang.Thread.State: TIMED_WAITING
        at sun.misc.Unsafe.park(Native Method)
        at java.util.concurrent.locks.LockSupport.parkNanos(LockSupport.java:215)
        at java.util.concurrent.locks.AbstractQueuedSynchronizer$ConditionObject.awaitNanos(AbstractQueuedSynchronizer.java:2078)
        at org.eclipse.jetty.util.BlockingArrayQueue.poll(BlockingArrayQueue.java:382)
        at org.eclipse.jetty.util.thread.QueuedThreadPool$Runner.idleJobPoll(QueuedThreadPool.java:974)
        at org.eclipse.jetty.util.thread.QueuedThreadPool$Runner.run(QueuedThreadPool.java:1018)
        at java.lang.Thread.run(Thread.java:750)
"qtp1538487153-321" daemon prio=5 tid=321 runnable
java.lang.Thread.State: RUNNABLE
        at sun.nio.ch.EPollArrayWrapper.epollWait(Native Method)
        at sun.nio.ch.EPollArrayWrapper.poll(EPollArrayWrapper.java:269)
        at sun.nio.ch.EPollSelectorImpl.doSelect(EPollSelectorImpl.java:93)
        at sun.nio.ch.SelectorImpl.lockAndDoSelect(SelectorImpl.java:86)
        at sun.nio.ch.SelectorImpl.select(SelectorImpl.java:97)
        at sun.nio.ch.SelectorImpl.select(SelectorImpl.java:101)
        at org.eclipse.jetty.io.ManagedSelector.nioSelect(ManagedSelector.java:183)
        at org.eclipse.jetty.io.ManagedSelector.select(ManagedSelector.java:190)
        at org.eclipse.jetty.io.ManagedSelector$SelectorProducer.select(ManagedSelector.java:606)
        at org.eclipse.jetty.io.ManagedSelector$SelectorProducer.produce(ManagedSelector.java:543)
        at org.eclipse.jetty.util.thread.strategy.EatWhatYouKill.produceTask(EatWhatYouKill.java:362)
        at org.eclipse.jetty.util.thread.strategy.EatWhatYouKill.doProduce(EatWhatYouKill.java:186)
        at org.eclipse.jetty.util.thread.strategy.EatWhatYouKill.tryProduce(EatWhatYouKill.java:173)
        at org.eclipse.jetty.util.thread.strategy.EatWhatYouKill.produce(EatWhatYouKill.java:137)
        at org.eclipse.jetty.io.ManagedSelector$$Lambda$406/113042195.run(Unknown Source)
        at org.eclipse.jetty.util.thread.QueuedThreadPool.runJob(QueuedThreadPool.java:883)
        at org.eclipse.jetty.util.thread.QueuedThreadPool$Runner.run(QueuedThreadPool.java:1034)
        at java.lang.Thread.run(Thread.java:750)
"80a9a8fe-8ad4-444c-8e90-e2ced2b3ac02-DataStreamManagement-request--thread8"  prio=5 tid=1376 in Object.wait()
java.lang.Thread.State: WAITING (on object monitor)
        at sun.misc.Unsafe.park(Native Method)
        at java.util.concurrent.locks.LockSupport.park(LockSupport.java:175)
        at java.util.concurrent.locks.AbstractQueuedSynchronizer$ConditionObject.await(AbstractQueuedSynchronizer.java:2039)
        at java.util.concurrent.LinkedBlockingQueue.take(LinkedBlockingQueue.java:442)
        at java.util.concurrent.ThreadPoolExecutor.getTask(ThreadPoolExecutor.java:1074)
        at java.util.concurrent.ThreadPoolExecutor.runWorker(ThreadPoolExecutor.java:1134)
        at java.util.concurrent.ThreadPoolExecutor$Worker.run(ThreadPoolExecutor.java:624)
        at java.lang.Thread.run(Thread.java:750)
"9305807b-68e0-4de4-9f06-795e0c374ac6-server-thread3" daemon prio=5 tid=913 timed_waiting
java.lang.Thread.State: TIMED_WAITING
        at sun.misc.Unsafe.park(Native Method)
        at java.util.concurrent.locks.LockSupport.parkNanos(LockSupport.java:215)
        at java.util.concurrent.SynchronousQueue$TransferStack.awaitFulfill(SynchronousQueue.java:460)
        at java.util.concurrent.SynchronousQueue$TransferStack.transfer(SynchronousQueue.java:362)
        at java.util.concurrent.SynchronousQueue.poll(SynchronousQueue.java:941)
        at java.util.concurrent.ThreadPoolExecutor.getTask(ThreadPoolExecutor.java:1073)
        at java.util.concurrent.ThreadPoolExecutor.runWorker(ThreadPoolExecutor.java:1134)
        at java.util.concurrent.ThreadPoolExecutor$Worker.run(ThreadPoolExecutor.java:624)
        at java.lang.Thread.run(Thread.java:750)
"Datanode ReportManager Thread - 2" daemon prio=5 tid=518 timed_waiting
java.lang.Thread.State: TIMED_WAITING
        at sun.misc.Unsafe.park(Native Method)
        at java.util.concurrent.locks.LockSupport.parkNanos(LockSupport.java:215)
        at java.util.concurrent.locks.AbstractQueuedSynchronizer$ConditionObject.awaitNanos(AbstractQueuedSynchronizer.java:2078)
        at java.util.concurrent.ScheduledThreadPoolExecutor$DelayedWorkQueue.take(ScheduledThreadPoolExecutor.java:1093)
        at java.util.concurrent.ScheduledThreadPoolExecutor$DelayedWorkQueue.take(ScheduledThreadPoolExecutor.java:809)
        at java.util.concurrent.ThreadPoolExecutor.getTask(ThreadPoolExecutor.java:1074)
        at java.util.concurrent.ThreadPoolExecutor.runWorker(ThreadPoolExecutor.java:1134)
        at java.util.concurrent.ThreadPoolExecutor$Worker.run(ThreadPoolExecutor.java:624)
        at java.lang.Thread.run(Thread.java:750)
"Datanode ReportManager Thread - 0" daemon prio=5 tid=308 timed_waiting
java.lang.Thread.State: TIMED_WAITING
        at sun.misc.Unsafe.park(Native Method)
        at java.util.concurrent.locks.LockSupport.parkNanos(LockSupport.java:215)
        at java.util.concurrent.locks.AbstractQueuedSynchronizer$ConditionObject.awaitNanos(AbstractQueuedSynchronizer.java:2078)
        at java.util.concurrent.ScheduledThreadPoolExecutor$DelayedWorkQueue.take(ScheduledThreadPoolExecutor.java:1093)
        at java.util.concurrent.ScheduledThreadPoolExecutor$DelayedWorkQueue.take(ScheduledThreadPoolExecutor.java:809)
        at java.util.concurrent.ThreadPoolExecutor.getTask(ThreadPoolExecutor.java:1074)
        at java.util.concurrent.ThreadPoolExecutor.runWorker(ThreadPoolExecutor.java:1134)
        at java.util.concurrent.ThreadPoolExecutor$Worker.run(ThreadPoolExecutor.java:624)
        at java.lang.Thread.run(Thread.java:750)
"BlockDeletingService#2" daemon prio=5 tid=1634 in Object.wait()
java.lang.Thread.State: WAITING (on object monitor)
        at sun.misc.Unsafe.park(Native Method)
        at java.util.concurrent.locks.LockSupport.park(LockSupport.java:175)
        at java.util.concurrent.locks.AbstractQueuedSynchronizer$ConditionObject.await(AbstractQueuedSynchronizer.java:2039)
        at java.util.concurrent.ScheduledThreadPoolExecutor$DelayedWorkQueue.take(ScheduledThreadPoolExecutor.java:1088)
        at java.util.concurrent.ScheduledThreadPoolExecutor$DelayedWorkQueue.take(ScheduledThreadPoolExecutor.java:809)
        at java.util.concurrent.ThreadPoolExecutor.getTask(ThreadPoolExecutor.java:1074)
        at java.util.concurrent.ThreadPoolExecutor.runWorker(ThreadPoolExecutor.java:1134)
        at java.util.concurrent.ThreadPoolExecutor$Worker.run(ThreadPoolExecutor.java:624)
        at java.lang.Thread.run(Thread.java:750)
"ChunkWriter-2-0" daemon prio=5 tid=545 in Object.wait()
java.lang.Thread.State: WAITING (on object monitor)
        at sun.misc.Unsafe.park(Native Method)
        at java.util.concurrent.locks.LockSupport.park(LockSupport.java:175)
        at java.util.concurrent.locks.AbstractQueuedSynchronizer$ConditionObject.await(AbstractQueuedSynchronizer.java:2039)
        at java.util.concurrent.LinkedBlockingDeque.takeFirst(LinkedBlockingDeque.java:492)
        at java.util.concurrent.LinkedBlockingDeque.take(LinkedBlockingDeque.java:680)
        at java.util.concurrent.ThreadPoolExecutor.getTask(ThreadPoolExecutor.java:1074)
        at java.util.concurrent.ThreadPoolExecutor.runWorker(ThreadPoolExecutor.java:1134)
        at java.util.concurrent.ThreadPoolExecutor$Worker.run(ThreadPoolExecutor.java:624)
        at java.lang.Thread.run(Thread.java:750)
"b431013d-a75d-44b2-a41a-a2e98e506a92@group-565827C47CD0-SegmentedRaftLogWorker"  prio=5 tid=798 timed_waiting
java.lang.Thread.State: TIMED_WAITING
        at sun.misc.Unsafe.park(Native Method)
        at java.util.concurrent.locks.LockSupport.parkNanos(LockSupport.java:215)
        at java.util.concurrent.locks.AbstractQueuedSynchronizer$ConditionObject.awaitNanos(AbstractQueuedSynchronizer.java:2078)
        at org.apache.ratis.util.DataBlockingQueue.poll(DataBlockingQueue.java:148)
        at org.apache.ratis.server.raftlog.segmented.SegmentedRaftLogWorker.run(SegmentedRaftLogWorker.java:307)
        at org.apache.ratis.server.raftlog.segmented.SegmentedRaftLogWorker$$Lambda$841/2058580550.run(Unknown Source)
        at java.util.concurrent.Executors$RunnableAdapter.call(Executors.java:511)
        at java.util.concurrent.FutureTask.run(FutureTask.java:266)
        at java.util.concurrent.ThreadPoolExecutor.runWorker(ThreadPoolExecutor.java:1149)
        at java.util.concurrent.ThreadPoolExecutor$Worker.run(ThreadPoolExecutor.java:624)
        at java.lang.Thread.run(Thread.java:750)
"80a9a8fe-8ad4-444c-8e90-e2ced2b3ac02@group-E0A3CFFD1989-SegmentedRaftLogWorker" daemon prio=5 tid=742 timed_waiting
java.lang.Thread.State: TIMED_WAITING
        at sun.misc.Unsafe.park(Native Method)
        at java.util.concurrent.locks.LockSupport.parkNanos(LockSupport.java:215)
        at java.util.concurrent.locks.AbstractQueuedSynchronizer$ConditionObject.awaitNanos(AbstractQueuedSynchronizer.java:2078)
        at org.apache.ratis.util.DataBlockingQueue.poll(DataBlockingQueue.java:148)
        at org.apache.ratis.server.raftlog.segmented.SegmentedRaftLogWorker.run(SegmentedRaftLogWorker.java:307)
        at org.apache.ratis.server.raftlog.segmented.SegmentedRaftLogWorker$$Lambda$841/2058580550.run(Unknown Source)
        at java.util.concurrent.Executors$RunnableAdapter.call(Executors.java:511)
        at java.util.concurrent.FutureTask.run(FutureTask.java:266)
        at java.util.concurrent.ThreadPoolExecutor.runWorker(ThreadPoolExecutor.java:1149)
        at java.util.concurrent.ThreadPoolExecutor$Worker.run(ThreadPoolExecutor.java:624)
        at java.lang.Thread.run(Thread.java:750)
"Datanode ReportManager Thread - 0" daemon prio=5 tid=568 in Object.wait()
java.lang.Thread.State: WAITING (on object monitor)
        at sun.misc.Unsafe.park(Native Method)
        at java.util.concurrent.locks.LockSupport.park(LockSupport.java:175)
        at java.util.concurrent.locks.AbstractQueuedSynchronizer$ConditionObject.await(AbstractQueuedSynchronizer.java:2039)
        at java.util.concurrent.ScheduledThreadPoolExecutor$DelayedWorkQueue.take(ScheduledThreadPoolExecutor.java:1088)
        at java.util.concurrent.ScheduledThreadPoolExecutor$DelayedWorkQueue.take(ScheduledThreadPoolExecutor.java:809)
        at java.util.concurrent.ThreadPoolExecutor.getTask(ThreadPoolExecutor.java:1074)
        at java.util.concurrent.ThreadPoolExecutor.runWorker(ThreadPoolExecutor.java:1134)
        at java.util.concurrent.ThreadPoolExecutor$Worker.run(ThreadPoolExecutor.java:624)
        at java.lang.Thread.run(Thread.java:750)
"28fc21f1-0f1b-4853-8334-7fb4bdc0ccf0@group-BAC3D6A46238-LeaderStateImpl" daemon prio=5 tid=902 timed_waiting
java.lang.Thread.State: TIMED_WAITING
        at sun.misc.Unsafe.park(Native Method)
        at java.util.concurrent.locks.LockSupport.parkNanos(LockSupport.java:215)
        at java.util.concurrent.locks.AbstractQueuedSynchronizer$ConditionObject.awaitNanos(AbstractQueuedSynchronizer.java:2078)
        at java.util.concurrent.ArrayBlockingQueue.poll(ArrayBlockingQueue.java:418)
        at org.apache.ratis.server.impl.LeaderStateImpl$EventQueue.poll(LeaderStateImpl.java:164)
        at org.apache.ratis.server.impl.LeaderStateImpl$EventProcessor.run(LeaderStateImpl.java:702)
"ChunkReader-4" daemon prio=5 tid=1278 in Object.wait()
java.lang.Thread.State: WAITING (on object monitor)
        at sun.misc.Unsafe.park(Native Method)
        at java.util.concurrent.locks.LockSupport.park(LockSupport.java:175)
        at java.util.concurrent.locks.AbstractQueuedSynchronizer$ConditionObject.await(AbstractQueuedSynchronizer.java:2039)
        at java.util.concurrent.LinkedBlockingQueue.take(LinkedBlockingQueue.java:442)
        at java.util.concurrent.ThreadPoolExecutor.getTask(ThreadPoolExecutor.java:1074)
        at java.util.concurrent.ThreadPoolExecutor.runWorker(ThreadPoolExecutor.java:1134)
        at java.util.concurrent.ThreadPoolExecutor$Worker.run(ThreadPoolExecutor.java:624)
        at java.lang.Thread.run(Thread.java:750)
"ChunkReader-ELG-0" daemon prio=5 tid=647 runnable
java.lang.Thread.State: RUNNABLE
        at org.apache.ratis.thirdparty.io.netty.channel.epoll.Native.epollWait0(Native Method)
        at org.apache.ratis.thirdparty.io.netty.channel.epoll.Native.epollWait(Native.java:182)
        at org.apache.ratis.thirdparty.io.netty.channel.epoll.EpollEventLoop.epollWait(EpollEventLoop.java:302)
        at org.apache.ratis.thirdparty.io.netty.channel.epoll.EpollEventLoop.run(EpollEventLoop.java:366)
        at org.apache.ratis.thirdparty.io.netty.util.concurrent.SingleThreadEventExecutor$4.run(SingleThreadEventExecutor.java:997)
        at org.apache.ratis.thirdparty.io.netty.util.internal.ThreadExecutorMap$2.run(ThreadExecutorMap.java:74)
        at java.lang.Thread.run(Thread.java:750)
"IPC Server handler 6 on default port 15000" daemon prio=5 tid=72 timed_waiting
java.lang.Thread.State: TIMED_WAITING
        at sun.misc.Unsafe.park(Native Method)
        at java.util.concurrent.locks.LockSupport.parkNanos(LockSupport.java:215)
        at java.util.concurrent.locks.AbstractQueuedSynchronizer$ConditionObject.awaitNanos(AbstractQueuedSynchronizer.java:2078)
        at java.util.concurrent.LinkedBlockingQueue.poll(LinkedBlockingQueue.java:467)
        at org.apache.hadoop.ipc.CallQueueManager.take(CallQueueManager.java:317)
        at org.apache.hadoop.ipc.Server$Handler.run(Server.java:3014)
"Hadoop-Metrics-Updater-0" daemon prio=5 tid=334 timed_waiting
java.lang.Thread.State: TIMED_WAITING
        at sun.misc.Unsafe.park(Native Method)
        at java.util.concurrent.locks.LockSupport.parkNanos(LockSupport.java:215)
        at java.util.concurrent.locks.AbstractQueuedSynchronizer$ConditionObject.awaitNanos(AbstractQueuedSynchronizer.java:2078)
        at java.util.concurrent.ScheduledThreadPoolExecutor$DelayedWorkQueue.take(ScheduledThreadPoolExecutor.java:1093)
        at java.util.concurrent.ScheduledThreadPoolExecutor$DelayedWorkQueue.take(ScheduledThreadPoolExecutor.java:809)
        at java.util.concurrent.ThreadPoolExecutor.getTask(ThreadPoolExecutor.java:1074)
        at java.util.concurrent.ThreadPoolExecutor.runWorker(ThreadPoolExecutor.java:1134)
        at java.util.concurrent.ThreadPoolExecutor$Worker.run(ThreadPoolExecutor.java:624)
        at java.lang.Thread.run(Thread.java:750)
"ContainerOp-761249f9-8bb6-41bf-974d-4398accf5932-3"  prio=5 tid=1185 in Object.wait()
java.lang.Thread.State: WAITING (on object monitor)
        at sun.misc.Unsafe.park(Native Method)
        at java.util.concurrent.locks.LockSupport.park(LockSupport.java:175)
        at java.util.concurrent.locks.AbstractQueuedSynchronizer$ConditionObject.await(AbstractQueuedSynchronizer.java:2039)
        at java.util.concurrent.LinkedBlockingQueue.take(LinkedBlockingQueue.java:442)
        at java.util.concurrent.ThreadPoolExecutor.getTask(ThreadPoolExecutor.java:1074)
        at java.util.concurrent.ThreadPoolExecutor.runWorker(ThreadPoolExecutor.java:1134)
        at java.util.concurrent.ThreadPoolExecutor$Worker.run(ThreadPoolExecutor.java:624)
        at java.lang.Thread.run(Thread.java:750)
"Socket Reader #1 for port 15037"  prio=5 tid=302 runnable
java.lang.Thread.State: RUNNABLE
        at sun.nio.ch.EPollArrayWrapper.epollWait(Native Method)
        at sun.nio.ch.EPollArrayWrapper.poll(EPollArrayWrapper.java:269)
        at sun.nio.ch.EPollSelectorImpl.doSelect(EPollSelectorImpl.java:93)
        at sun.nio.ch.SelectorImpl.lockAndDoSelect(SelectorImpl.java:86)
        at sun.nio.ch.SelectorImpl.select(SelectorImpl.java:97)
        at sun.nio.ch.SelectorImpl.select(SelectorImpl.java:101)
        at org.apache.hadoop.ipc.Server$Listener$Reader.doRunLoop(Server.java:1346)
        at org.apache.hadoop.ipc.Server$Listener$Reader.run(Server.java:1325)
"IPC Server handler 0 on default port 15001" daemon prio=5 tid=86 timed_waiting
java.lang.Thread.State: TIMED_WAITING
        at sun.misc.Unsafe.park(Native Method)
        at java.util.concurrent.locks.LockSupport.parkNanos(LockSupport.java:215)
        at java.util.concurrent.locks.AbstractQueuedSynchronizer$ConditionObject.awaitNanos(AbstractQueuedSynchronizer.java:2078)
        at java.util.concurrent.LinkedBlockingQueue.poll(LinkedBlockingQueue.java:467)
        at org.apache.hadoop.ipc.CallQueueManager.take(CallQueueManager.java:317)
        at org.apache.hadoop.ipc.Server$Handler.run(Server.java:3014)
"qtp1873189623-15" daemon prio=5 tid=15 timed_waiting
java.lang.Thread.State: TIMED_WAITING
        at sun.misc.Unsafe.park(Native Method)
        at java.util.concurrent.locks.LockSupport.parkNanos(LockSupport.java:215)
        at java.util.concurrent.locks.AbstractQueuedSynchronizer$ConditionObject.awaitNanos(AbstractQueuedSynchronizer.java:2078)
        at org.eclipse.jetty.util.BlockingArrayQueue.poll(BlockingArrayQueue.java:382)
        at org.eclipse.jetty.util.thread.QueuedThreadPool$Runner.idleJobPoll(QueuedThreadPool.java:974)
        at org.eclipse.jetty.util.thread.QueuedThreadPool$Runner.run(QueuedThreadPool.java:1018)
        at java.lang.Thread.run(Thread.java:750)
"OpenKeyCleanupService#0" daemon prio=5 tid=164 timed_waiting
java.lang.Thread.State: TIMED_WAITING
        at sun.misc.Unsafe.park(Native Method)
        at java.util.concurrent.locks.LockSupport.parkNanos(LockSupport.java:215)
        at java.util.concurrent.locks.AbstractQueuedSynchronizer$ConditionObject.awaitNanos(AbstractQueuedSynchronizer.java:2078)
        at java.util.concurrent.ScheduledThreadPoolExecutor$DelayedWorkQueue.take(ScheduledThreadPoolExecutor.java:1093)
        at java.util.concurrent.ScheduledThreadPoolExecutor$DelayedWorkQueue.take(ScheduledThreadPoolExecutor.java:809)
        at java.util.concurrent.ThreadPoolExecutor.getTask(ThreadPoolExecutor.java:1074)
        at java.util.concurrent.ThreadPoolExecutor.runWorker(ThreadPoolExecutor.java:1134)
        at java.util.concurrent.ThreadPoolExecutor$Worker.run(ThreadPoolExecutor.java:624)
        at java.lang.Thread.run(Thread.java:750)
"BlockDeletingService#2" daemon prio=5 tid=1624 in Object.wait()
java.lang.Thread.State: WAITING (on object monitor)
        at sun.misc.Unsafe.park(Native Method)
        at java.util.concurrent.locks.LockSupport.park(LockSupport.java:175)
        at java.util.concurrent.locks.AbstractQueuedSynchronizer$ConditionObject.await(AbstractQueuedSynchronizer.java:2039)
        at java.util.concurrent.ScheduledThreadPoolExecutor$DelayedWorkQueue.take(ScheduledThreadPoolExecutor.java:1088)
        at java.util.concurrent.ScheduledThreadPoolExecutor$DelayedWorkQueue.take(ScheduledThreadPoolExecutor.java:809)
        at java.util.concurrent.ThreadPoolExecutor.getTask(ThreadPoolExecutor.java:1074)
        at java.util.concurrent.ThreadPoolExecutor.runWorker(ThreadPoolExecutor.java:1134)
        at java.util.concurrent.ThreadPoolExecutor$Worker.run(ThreadPoolExecutor.java:624)
        at java.lang.Thread.run(Thread.java:750)
"6220322b-c54d-4ba8-95d6-5fd9b706d663-DataStreamManagement-request--thread3"  prio=5 tid=1074 in Object.wait()
java.lang.Thread.State: WAITING (on object monitor)
        at sun.misc.Unsafe.park(Native Method)
        at java.util.concurrent.locks.LockSupport.park(LockSupport.java:175)
        at java.util.concurrent.locks.AbstractQueuedSynchronizer$ConditionObject.await(AbstractQueuedSynchronizer.java:2039)
        at java.util.concurrent.LinkedBlockingQueue.take(LinkedBlockingQueue.java:442)
        at java.util.concurrent.ThreadPoolExecutor.getTask(ThreadPoolExecutor.java:1074)
        at java.util.concurrent.ThreadPoolExecutor.runWorker(ThreadPoolExecutor.java:1134)
        at java.util.concurrent.ThreadPoolExecutor$Worker.run(ThreadPoolExecutor.java:624)
        at java.lang.Thread.run(Thread.java:750)
"IPC Server handler 17 on default port 15000" daemon prio=5 tid=83 timed_waiting
java.lang.Thread.State: TIMED_WAITING
        at sun.misc.Unsafe.park(Native Method)
        at java.util.concurrent.locks.LockSupport.parkNanos(LockSupport.java:215)
        at java.util.concurrent.locks.AbstractQueuedSynchronizer$ConditionObject.awaitNanos(AbstractQueuedSynchronizer.java:2078)
        at java.util.concurrent.LinkedBlockingQueue.poll(LinkedBlockingQueue.java:467)
        at org.apache.hadoop.ipc.CallQueueManager.take(CallQueueManager.java:317)
        at org.apache.hadoop.ipc.Server$Handler.run(Server.java:3014)
"pool-177-thread-1" daemon prio=5 tid=542 timed_waiting
java.lang.Thread.State: TIMED_WAITING
        at sun.misc.Unsafe.park(Native Method)
        at java.util.concurrent.locks.LockSupport.parkNanos(LockSupport.java:215)
        at java.util.concurrent.locks.AbstractQueuedSynchronizer$ConditionObject.awaitNanos(AbstractQueuedSynchronizer.java:2078)
        at java.util.concurrent.ScheduledThreadPoolExecutor$DelayedWorkQueue.take(ScheduledThreadPoolExecutor.java:1093)
        at java.util.concurrent.ScheduledThreadPoolExecutor$DelayedWorkQueue.take(ScheduledThreadPoolExecutor.java:809)
        at java.util.concurrent.ThreadPoolExecutor.getTask(ThreadPoolExecutor.java:1074)
        at java.util.concurrent.ThreadPoolExecutor.runWorker(ThreadPoolExecutor.java:1134)
        at java.util.concurrent.ThreadPoolExecutor$Worker.run(ThreadPoolExecutor.java:624)
        at java.lang.Thread.run(Thread.java:750)
"SnapshotDeletingService#0" daemon prio=5 tid=166 timed_waiting
java.lang.Thread.State: TIMED_WAITING
        at sun.misc.Unsafe.park(Native Method)
        at java.util.concurrent.locks.LockSupport.parkNanos(LockSupport.java:215)
        at java.util.concurrent.locks.AbstractQueuedSynchronizer$ConditionObject.awaitNanos(AbstractQueuedSynchronizer.java:2078)
        at java.util.concurrent.ScheduledThreadPoolExecutor$DelayedWorkQueue.take(ScheduledThreadPoolExecutor.java:1093)
        at java.util.concurrent.ScheduledThreadPoolExecutor$DelayedWorkQueue.take(ScheduledThreadPoolExecutor.java:809)
        at java.util.concurrent.ThreadPoolExecutor.getTask(ThreadPoolExecutor.java:1074)
        at java.util.concurrent.ThreadPoolExecutor.runWorker(ThreadPoolExecutor.java:1134)
        at java.util.concurrent.ThreadPoolExecutor$Worker.run(ThreadPoolExecutor.java:624)
        at java.lang.Thread.run(Thread.java:750)
"Session-HouseKeeper-331f25c3-1"  prio=5 tid=537 timed_waiting
java.lang.Thread.State: TIMED_WAITING
        at sun.misc.Unsafe.park(Native Method)
        at java.util.concurrent.locks.LockSupport.parkNanos(LockSupport.java:215)
        at java.util.concurrent.locks.AbstractQueuedSynchronizer$ConditionObject.awaitNanos(AbstractQueuedSynchronizer.java:2078)
        at java.util.concurrent.ScheduledThreadPoolExecutor$DelayedWorkQueue.take(ScheduledThreadPoolExecutor.java:1093)
        at java.util.concurrent.ScheduledThreadPoolExecutor$DelayedWorkQueue.take(ScheduledThreadPoolExecutor.java:809)
        at java.util.concurrent.ThreadPoolExecutor.getTask(ThreadPoolExecutor.java:1074)
        at java.util.concurrent.ThreadPoolExecutor.runWorker(ThreadPoolExecutor.java:1134)
        at java.util.concurrent.ThreadPoolExecutor$Worker.run(ThreadPoolExecutor.java:624)
        at java.lang.Thread.run(Thread.java:750)
"IPC Server handler 4 on default port 15002" daemon prio=5 tid=110 timed_waiting
java.lang.Thread.State: TIMED_WAITING
        at sun.misc.Unsafe.park(Native Method)
        at java.util.concurrent.locks.LockSupport.parkNanos(LockSupport.java:215)
        at java.util.concurrent.locks.AbstractQueuedSynchronizer$ConditionObject.awaitNanos(AbstractQueuedSynchronizer.java:2078)
        at java.util.concurrent.LinkedBlockingQueue.poll(LinkedBlockingQueue.java:467)
        at org.apache.hadoop.ipc.CallQueueManager.take(CallQueueManager.java:317)
        at org.apache.hadoop.ipc.Server$Handler.run(Server.java:3014)
"ContainerOp-870a759f-8d79-46e0-9830-9a5c66ffce8a-9"  prio=5 tid=1229 in Object.wait()
java.lang.Thread.State: WAITING (on object monitor)
        at sun.misc.Unsafe.park(Native Method)
        at java.util.concurrent.locks.LockSupport.park(LockSupport.java:175)
        at java.util.concurrent.locks.AbstractQueuedSynchronizer$ConditionObject.await(AbstractQueuedSynchronizer.java:2039)
        at java.util.concurrent.LinkedBlockingQueue.take(LinkedBlockingQueue.java:442)
        at java.util.concurrent.ThreadPoolExecutor.getTask(ThreadPoolExecutor.java:1074)
        at java.util.concurrent.ThreadPoolExecutor.runWorker(ThreadPoolExecutor.java:1134)
        at java.util.concurrent.ThreadPoolExecutor$Worker.run(ThreadPoolExecutor.java:624)
        at java.lang.Thread.run(Thread.java:750)
"Datanode State Machine Task Thread - 0"  prio=5 tid=314 in Object.wait()
java.lang.Thread.State: WAITING (on object monitor)
        at sun.misc.Unsafe.park(Native Method)
        at java.util.concurrent.locks.LockSupport.park(LockSupport.java:175)
        at java.util.concurrent.locks.AbstractQueuedSynchronizer$ConditionObject.await(AbstractQueuedSynchronizer.java:2039)
        at java.util.concurrent.LinkedBlockingQueue.take(LinkedBlockingQueue.java:442)
        at java.util.concurrent.ThreadPoolExecutor.getTask(ThreadPoolExecutor.java:1074)
        at java.util.concurrent.ThreadPoolExecutor.runWorker(ThreadPoolExecutor.java:1134)
        at java.util.concurrent.ThreadPoolExecutor$Worker.run(ThreadPoolExecutor.java:624)
        at java.lang.Thread.run(Thread.java:750)
"Datanode ReportManager Thread - 2" daemon prio=5 tid=252 timed_waiting
java.lang.Thread.State: TIMED_WAITING
        at sun.misc.Unsafe.park(Native Method)
        at java.util.concurrent.locks.LockSupport.parkNanos(LockSupport.java:215)
        at java.util.concurrent.locks.AbstractQueuedSynchronizer$ConditionObject.awaitNanos(AbstractQueuedSynchronizer.java:2078)
        at java.util.concurrent.ScheduledThreadPoolExecutor$DelayedWorkQueue.take(ScheduledThreadPoolExecutor.java:1093)
        at java.util.concurrent.ScheduledThreadPoolExecutor$DelayedWorkQueue.take(ScheduledThreadPoolExecutor.java:809)
        at java.util.concurrent.ThreadPoolExecutor.getTask(ThreadPoolExecutor.java:1074)
        at java.util.concurrent.ThreadPoolExecutor.runWorker(ThreadPoolExecutor.java:1134)
        at java.util.concurrent.ThreadPoolExecutor$Worker.run(ThreadPoolExecutor.java:624)
        at java.lang.Thread.run(Thread.java:750)
"BlockDeletingService#0" daemon prio=5 tid=505 timed_waiting
java.lang.Thread.State: TIMED_WAITING
        at sun.misc.Unsafe.park(Native Method)
        at java.util.concurrent.locks.LockSupport.parkNanos(LockSupport.java:215)
        at java.util.concurrent.locks.AbstractQueuedSynchronizer$ConditionObject.awaitNanos(AbstractQueuedSynchronizer.java:2078)
        at java.util.concurrent.ScheduledThreadPoolExecutor$DelayedWorkQueue.take(ScheduledThreadPoolExecutor.java:1093)
        at java.util.concurrent.ScheduledThreadPoolExecutor$DelayedWorkQueue.take(ScheduledThreadPoolExecutor.java:809)
        at java.util.concurrent.ThreadPoolExecutor.getTask(ThreadPoolExecutor.java:1074)
        at java.util.concurrent.ThreadPoolExecutor.runWorker(ThreadPoolExecutor.java:1134)
        at java.util.concurrent.ThreadPoolExecutor$Worker.run(ThreadPoolExecutor.java:624)
        at java.lang.Thread.run(Thread.java:750)
"6220322b-c54d-4ba8-95d6-5fd9b706d663-server-thread3" daemon prio=5 tid=935 timed_waiting
java.lang.Thread.State: TIMED_WAITING
        at sun.misc.Unsafe.park(Native Method)
        at java.util.concurrent.locks.LockSupport.parkNanos(LockSupport.java:215)
        at java.util.concurrent.SynchronousQueue$TransferStack.awaitFulfill(SynchronousQueue.java:460)
        at java.util.concurrent.SynchronousQueue$TransferStack.transfer(SynchronousQueue.java:362)
        at java.util.concurrent.SynchronousQueue.poll(SynchronousQueue.java:941)
        at java.util.concurrent.ThreadPoolExecutor.getTask(ThreadPoolExecutor.java:1073)
        at java.util.concurrent.ThreadPoolExecutor.runWorker(ThreadPoolExecutor.java:1134)
        at java.util.concurrent.ThreadPoolExecutor$Worker.run(ThreadPoolExecutor.java:624)
        at java.lang.Thread.run(Thread.java:750)
"Datanode ReportManager Thread - 2" daemon prio=5 tid=474 timed_waiting
java.lang.Thread.State: TIMED_WAITING
        at sun.misc.Unsafe.park(Native Method)
        at java.util.concurrent.locks.LockSupport.parkNanos(LockSupport.java:215)
        at java.util.concurrent.locks.AbstractQueuedSynchronizer$ConditionObject.awaitNanos(AbstractQueuedSynchronizer.java:2078)
        at java.util.concurrent.ScheduledThreadPoolExecutor$DelayedWorkQueue.take(ScheduledThreadPoolExecutor.java:1093)
        at java.util.concurrent.ScheduledThreadPoolExecutor$DelayedWorkQueue.take(ScheduledThreadPoolExecutor.java:809)
        at java.util.concurrent.ThreadPoolExecutor.getTask(ThreadPoolExecutor.java:1074)
        at java.util.concurrent.ThreadPoolExecutor.runWorker(ThreadPoolExecutor.java:1134)
        at java.util.concurrent.ThreadPoolExecutor$Worker.run(ThreadPoolExecutor.java:624)
        at java.lang.Thread.run(Thread.java:750)
"IPC Server handler 6 on default port 15004" daemon prio=5 tid=183 timed_waiting
java.lang.Thread.State: TIMED_WAITING
        at sun.misc.Unsafe.park(Native Method)
        at java.util.concurrent.locks.LockSupport.parkNanos(LockSupport.java:215)
        at java.util.concurrent.locks.AbstractQueuedSynchronizer$ConditionObject.awaitNanos(AbstractQueuedSynchronizer.java:2078)
        at java.util.concurrent.LinkedBlockingQueue.poll(LinkedBlockingQueue.java:467)
        at org.apache.hadoop.ipc.CallQueueManager.take(CallQueueManager.java:317)
        at org.apache.hadoop.ipc.Server$Handler.run(Server.java:3014)
"IPC Server handler 9 on default port 15002" daemon prio=5 tid=115 timed_waiting
java.lang.Thread.State: TIMED_WAITING
        at sun.misc.Unsafe.park(Native Method)
        at java.util.concurrent.locks.LockSupport.parkNanos(LockSupport.java:215)
        at java.util.concurrent.locks.AbstractQueuedSynchronizer$ConditionObject.awaitNanos(AbstractQueuedSynchronizer.java:2078)
        at java.util.concurrent.LinkedBlockingQueue.poll(LinkedBlockingQueue.java:467)
        at org.apache.hadoop.ipc.CallQueueManager.take(CallQueueManager.java:317)
        at org.apache.hadoop.ipc.Server$Handler.run(Server.java:3014)
"ContainerOp-4f955fc0-ea69-486a-8109-13976fd52583-3"  prio=5 tid=1132 in Object.wait()
java.lang.Thread.State: WAITING (on object monitor)
        at sun.misc.Unsafe.park(Native Method)
        at java.util.concurrent.locks.LockSupport.park(LockSupport.java:175)
        at java.util.concurrent.locks.AbstractQueuedSynchronizer$ConditionObject.await(AbstractQueuedSynchronizer.java:2039)
        at java.util.concurrent.LinkedBlockingQueue.take(LinkedBlockingQueue.java:442)
        at java.util.concurrent.ThreadPoolExecutor.getTask(ThreadPoolExecutor.java:1074)
        at java.util.concurrent.ThreadPoolExecutor.runWorker(ThreadPoolExecutor.java:1134)
        at java.util.concurrent.ThreadPoolExecutor$Worker.run(ThreadPoolExecutor.java:624)
        at java.lang.Thread.run(Thread.java:750)
"qtp110826259-270" daemon prio=5 tid=270 timed_waiting
java.lang.Thread.State: TIMED_WAITING
        at sun.misc.Unsafe.park(Native Method)
        at java.util.concurrent.locks.LockSupport.parkNanos(LockSupport.java:215)
        at java.util.concurrent.locks.AbstractQueuedSynchronizer$ConditionObject.awaitNanos(AbstractQueuedSynchronizer.java:2078)
        at org.eclipse.jetty.util.BlockingArrayQueue.poll(BlockingArrayQueue.java:382)
        at org.eclipse.jetty.util.thread.QueuedThreadPool$Runner.idleJobPoll(QueuedThreadPool.java:974)
        at org.eclipse.jetty.util.thread.QueuedThreadPool$Runner.run(QueuedThreadPool.java:1018)
        at java.lang.Thread.run(Thread.java:750)
"6f9d3266-b874-4586-a718-9027df6ff647-NettyServerStreamRpc-bossGroup--thread1"  prio=5 tid=288 runnable
java.lang.Thread.State: RUNNABLE
        at sun.nio.ch.EPollArrayWrapper.epollWait(Native Method)
        at sun.nio.ch.EPollArrayWrapper.poll(EPollArrayWrapper.java:269)
        at sun.nio.ch.EPollSelectorImpl.doSelect(EPollSelectorImpl.java:93)
        at sun.nio.ch.SelectorImpl.lockAndDoSelect(SelectorImpl.java:86)
        at sun.nio.ch.SelectorImpl.select(SelectorImpl.java:97)
        at sun.nio.ch.SelectorImpl.select(SelectorImpl.java:101)
        at org.apache.ratis.thirdparty.io.netty.channel.nio.SelectedSelectionKeySetSelector.select(SelectedSelectionKeySetSelector.java:68)
        at org.apache.ratis.thirdparty.io.netty.channel.nio.NioEventLoop.select(NioEventLoop.java:879)
        at org.apache.ratis.thirdparty.io.netty.channel.nio.NioEventLoop.run(NioEventLoop.java:526)
        at org.apache.ratis.thirdparty.io.netty.util.concurrent.SingleThreadEventExecutor$4.run(SingleThreadEventExecutor.java:997)
        at org.apache.ratis.thirdparty.io.netty.util.internal.ThreadExecutorMap$2.run(ThreadExecutorMap.java:74)
        at java.lang.Thread.run(Thread.java:750)
"kms-audit_thread" daemon prio=5 tid=25 timed_waiting
java.lang.Thread.State: TIMED_WAITING
        at sun.misc.Unsafe.park(Native Method)
        at java.util.concurrent.locks.LockSupport.parkNanos(LockSupport.java:215)
        at java.util.concurrent.locks.AbstractQueuedSynchronizer$ConditionObject.awaitNanos(AbstractQueuedSynchronizer.java:2078)
        at java.util.concurrent.ScheduledThreadPoolExecutor$DelayedWorkQueue.take(ScheduledThreadPoolExecutor.java:1093)
        at java.util.concurrent.ScheduledThreadPoolExecutor$DelayedWorkQueue.take(ScheduledThreadPoolExecutor.java:809)
        at java.util.concurrent.ThreadPoolExecutor.getTask(ThreadPoolExecutor.java:1074)
        at java.util.concurrent.ThreadPoolExecutor.runWorker(ThreadPoolExecutor.java:1134)
        at java.util.concurrent.ThreadPoolExecutor$Worker.run(ThreadPoolExecutor.java:624)
        at java.lang.Thread.run(Thread.java:750)
"6220322b-c54d-4ba8-95d6-5fd9b706d663-DataStreamManagement-request--thread7"  prio=5 tid=1082 in Object.wait()
java.lang.Thread.State: WAITING (on object monitor)
        at sun.misc.Unsafe.park(Native Method)
        at java.util.concurrent.locks.LockSupport.park(LockSupport.java:175)
        at java.util.concurrent.locks.AbstractQueuedSynchronizer$ConditionObject.await(AbstractQueuedSynchronizer.java:2039)
        at java.util.concurrent.LinkedBlockingQueue.take(LinkedBlockingQueue.java:442)
        at java.util.concurrent.ThreadPoolExecutor.getTask(ThreadPoolExecutor.java:1074)
        at java.util.concurrent.ThreadPoolExecutor.runWorker(ThreadPoolExecutor.java:1134)
        at java.util.concurrent.ThreadPoolExecutor$Worker.run(ThreadPoolExecutor.java:624)
        at java.lang.Thread.run(Thread.java:750)
"9fc007ee-6328-4e66-a7f4-dfd370a25fec@group-D1A0B4F7E96E-SegmentedRaftLogWorker" daemon prio=5 tid=821 timed_waiting
java.lang.Thread.State: TIMED_WAITING
        at sun.misc.Unsafe.park(Native Method)
        at java.util.concurrent.locks.LockSupport.parkNanos(LockSupport.java:215)
        at java.util.concurrent.locks.AbstractQueuedSynchronizer$ConditionObject.awaitNanos(AbstractQueuedSynchronizer.java:2078)
        at org.apache.ratis.util.DataBlockingQueue.poll(DataBlockingQueue.java:148)
        at org.apache.ratis.server.raftlog.segmented.SegmentedRaftLogWorker.run(SegmentedRaftLogWorker.java:307)
        at org.apache.ratis.server.raftlog.segmented.SegmentedRaftLogWorker$$Lambda$841/2058580550.run(Unknown Source)
        at java.util.concurrent.Executors$RunnableAdapter.call(Executors.java:511)
        at java.util.concurrent.FutureTask.run(FutureTask.java:266)
        at java.util.concurrent.ThreadPoolExecutor.runWorker(ThreadPoolExecutor.java:1149)
        at java.util.concurrent.ThreadPoolExecutor$Worker.run(ThreadPoolExecutor.java:624)
        at java.lang.Thread.run(Thread.java:750)
"4dfacd3a-85e6-4f60-aa9f-15a17a1c954a-server-thread2" daemon prio=5 tid=993 timed_waiting
java.lang.Thread.State: TIMED_WAITING
        at sun.misc.Unsafe.park(Native Method)
        at java.util.concurrent.locks.LockSupport.parkNanos(LockSupport.java:215)
        at java.util.concurrent.SynchronousQueue$TransferStack.awaitFulfill(SynchronousQueue.java:460)
        at java.util.concurrent.SynchronousQueue$TransferStack.transfer(SynchronousQueue.java:362)
        at java.util.concurrent.SynchronousQueue.poll(SynchronousQueue.java:941)
        at java.util.concurrent.ThreadPoolExecutor.getTask(ThreadPoolExecutor.java:1073)
        at java.util.concurrent.ThreadPoolExecutor.runWorker(ThreadPoolExecutor.java:1134)
        at java.util.concurrent.ThreadPoolExecutor$Worker.run(ThreadPoolExecutor.java:624)
        at java.lang.Thread.run(Thread.java:750)
"ChunkReader-8" daemon prio=5 tid=1285 in Object.wait()
java.lang.Thread.State: WAITING (on object monitor)
        at sun.misc.Unsafe.park(Native Method)
        at java.util.concurrent.locks.LockSupport.park(LockSupport.java:175)
        at java.util.concurrent.locks.AbstractQueuedSynchronizer$ConditionObject.await(AbstractQueuedSynchronizer.java:2039)
        at java.util.concurrent.LinkedBlockingQueue.take(LinkedBlockingQueue.java:442)
        at java.util.concurrent.ThreadPoolExecutor.getTask(ThreadPoolExecutor.java:1074)
        at java.util.concurrent.ThreadPoolExecutor.runWorker(ThreadPoolExecutor.java:1134)
        at java.util.concurrent.ThreadPoolExecutor$Worker.run(ThreadPoolExecutor.java:624)
        at java.lang.Thread.run(Thread.java:750)
"qtp508662500-298" daemon prio=5 tid=298 timed_waiting
java.lang.Thread.State: TIMED_WAITING
        at sun.misc.Unsafe.park(Native Method)
        at java.util.concurrent.locks.LockSupport.parkNanos(LockSupport.java:215)
        at java.util.concurrent.locks.AbstractQueuedSynchronizer$ConditionObject.awaitNanos(AbstractQueuedSynchronizer.java:2078)
        at org.eclipse.jetty.util.BlockingArrayQueue.poll(BlockingArrayQueue.java:382)
        at org.eclipse.jetty.util.thread.QueuedThreadPool$Runner.idleJobPoll(QueuedThreadPool.java:974)
        at org.eclipse.jetty.util.thread.QueuedThreadPool$Runner.run(QueuedThreadPool.java:1018)
        at java.lang.Thread.run(Thread.java:750)
"Socket Reader #1 for port 15000"  prio=5 tid=52 runnable
java.lang.Thread.State: RUNNABLE
        at sun.nio.ch.EPollArrayWrapper.epollWait(Native Method)
        at sun.nio.ch.EPollArrayWrapper.poll(EPollArrayWrapper.java:269)
        at sun.nio.ch.EPollSelectorImpl.doSelect(EPollSelectorImpl.java:93)
        at sun.nio.ch.SelectorImpl.lockAndDoSelect(SelectorImpl.java:86)
        at sun.nio.ch.SelectorImpl.select(SelectorImpl.java:97)
        at sun.nio.ch.SelectorImpl.select(SelectorImpl.java:101)
        at org.apache.hadoop.ipc.Server$Listener$Reader.doRunLoop(Server.java:1346)
        at org.apache.hadoop.ipc.Server$Listener$Reader.run(Server.java:1325)
"org.apache.hadoop.crypto.key.kms.ValueQueue_thread" daemon prio=5 tid=1014 in Object.wait()
java.lang.Thread.State: WAITING (on object monitor)
        at sun.misc.Unsafe.park(Native Method)
        at java.util.concurrent.locks.LockSupport.park(LockSupport.java:175)
        at java.util.concurrent.locks.AbstractQueuedSynchronizer$ConditionObject.await(AbstractQueuedSynchronizer.java:2039)
        at java.util.concurrent.LinkedBlockingQueue.take(LinkedBlockingQueue.java:442)
        at org.apache.hadoop.crypto.key.kms.ValueQueue$UniqueKeyBlockingQueue.take(ValueQueue.java:169)
        at org.apache.hadoop.crypto.key.kms.ValueQueue$UniqueKeyBlockingQueue.take(ValueQueue.java:153)
        at java.util.concurrent.ThreadPoolExecutor.getTask(ThreadPoolExecutor.java:1074)
        at java.util.concurrent.ThreadPoolExecutor.runWorker(ThreadPoolExecutor.java:1134)
        at java.util.concurrent.ThreadPoolExecutor$Worker.run(ThreadPoolExecutor.java:624)
        at java.lang.Thread.run(Thread.java:750)
"6220322b-c54d-4ba8-95d6-5fd9b706d663-DataStreamManagement-request--thread4" daemon prio=5 tid=1076 in Object.wait()
java.lang.Thread.State: WAITING (on object monitor)
        at sun.misc.Unsafe.park(Native Method)
        at java.util.concurrent.locks.LockSupport.park(LockSupport.java:175)
        at java.util.concurrent.locks.AbstractQueuedSynchronizer$ConditionObject.await(AbstractQueuedSynchronizer.java:2039)
        at java.util.concurrent.LinkedBlockingQueue.take(LinkedBlockingQueue.java:442)
        at java.util.concurrent.ThreadPoolExecutor.getTask(ThreadPoolExecutor.java:1074)
        at java.util.concurrent.ThreadPoolExecutor.runWorker(ThreadPoolExecutor.java:1134)
        at java.util.concurrent.ThreadPoolExecutor$Worker.run(ThreadPoolExecutor.java:624)
        at java.lang.Thread.run(Thread.java:750)
"IPC Server Responder" daemon prio=5 tid=49 runnable
java.lang.Thread.State: RUNNABLE
        at sun.nio.ch.EPollArrayWrapper.epollWait(Native Method)
        at sun.nio.ch.EPollArrayWrapper.poll(EPollArrayWrapper.java:269)
        at sun.nio.ch.EPollSelectorImpl.doSelect(EPollSelectorImpl.java:93)
        at sun.nio.ch.SelectorImpl.lockAndDoSelect(SelectorImpl.java:86)
        at sun.nio.ch.SelectorImpl.select(SelectorImpl.java:97)
        at org.apache.hadoop.ipc.Server$Responder.doRunLoop(Server.java:1582)
        at org.apache.hadoop.ipc.Server$Responder.run(Server.java:1565)
"ContainerOp-870a759f-8d79-46e0-9830-9a5c66ffce8a-0"  prio=5 tid=1157 in Object.wait()
java.lang.Thread.State: WAITING (on object monitor)
        at sun.misc.Unsafe.park(Native Method)
        at java.util.concurrent.locks.LockSupport.park(LockSupport.java:175)
        at java.util.concurrent.locks.AbstractQueuedSynchronizer$ConditionObject.await(AbstractQueuedSynchronizer.java:2039)
        at java.util.concurrent.LinkedBlockingQueue.take(LinkedBlockingQueue.java:442)
        at java.util.concurrent.ThreadPoolExecutor.getTask(ThreadPoolExecutor.java:1074)
        at java.util.concurrent.ThreadPoolExecutor.runWorker(ThreadPoolExecutor.java:1134)
        at java.util.concurrent.ThreadPoolExecutor$Worker.run(ThreadPoolExecutor.java:624)
        at java.lang.Thread.run(Thread.java:750)
"IPC Server handler 0 on default port 15037" daemon prio=5 tid=306 timed_waiting
java.lang.Thread.State: TIMED_WAITING
        at sun.misc.Unsafe.park(Native Method)
        at java.util.concurrent.locks.LockSupport.parkNanos(LockSupport.java:215)
        at java.util.concurrent.locks.AbstractQueuedSynchronizer$ConditionObject.awaitNanos(AbstractQueuedSynchronizer.java:2078)
        at java.util.concurrent.LinkedBlockingQueue.poll(LinkedBlockingQueue.java:467)
        at org.apache.hadoop.ipc.CallQueueManager.take(CallQueueManager.java:317)
        at org.apache.hadoop.ipc.Server$Handler.run(Server.java:3014)
"28fc21f1-0f1b-4853-8334-7fb4bdc0ccf0@group-BAC3D6A46238->5317d628-7528-4015-930b-d89d4a444778-GrpcLogAppender-LogAppenderDaemon" daemon prio=5 tid=903 timed_waiting
java.lang.Thread.State: TIMED_WAITING
        at sun.misc.Unsafe.park(Native Method)
        at java.util.concurrent.locks.LockSupport.parkNanos(LockSupport.java:215)
        at java.util.concurrent.locks.AbstractQueuedSynchronizer$ConditionObject.await(AbstractQueuedSynchronizer.java:2163)
        at org.apache.ratis.util.AwaitForSignal.await(AwaitForSignal.java:62)
        at org.apache.ratis.grpc.server.GrpcLogAppender.mayWait(GrpcLogAppender.java:197)
        at org.apache.ratis.grpc.server.GrpcLogAppender.run(GrpcLogAppender.java:148)
        at org.apache.ratis.server.leader.LogAppenderDaemon.run(LogAppenderDaemon.java:78)
        at org.apache.ratis.server.leader.LogAppenderDaemon$$Lambda$1267/2040149817.run(Unknown Source)
        at java.lang.Thread.run(Thread.java:750)
"IPC Server handler 12 on default port 15001" daemon prio=5 tid=98 timed_waiting
java.lang.Thread.State: TIMED_WAITING
        at sun.misc.Unsafe.park(Native Method)
        at java.util.concurrent.locks.LockSupport.parkNanos(LockSupport.java:215)
        at java.util.concurrent.locks.AbstractQueuedSynchronizer$ConditionObject.awaitNanos(AbstractQueuedSynchronizer.java:2078)
        at java.util.concurrent.LinkedBlockingQueue.poll(LinkedBlockingQueue.java:467)
        at org.apache.hadoop.ipc.CallQueueManager.take(CallQueueManager.java:317)
        at org.apache.hadoop.ipc.Server$Handler.run(Server.java:3014)
"IPC Server handler 0 on default port 15082" daemon prio=5 tid=514 timed_waiting
java.lang.Thread.State: TIMED_WAITING
        at sun.misc.Unsafe.park(Native Method)
        at java.util.concurrent.locks.LockSupport.parkNanos(LockSupport.java:215)
        at java.util.concurrent.locks.AbstractQueuedSynchronizer$ConditionObject.awaitNanos(AbstractQueuedSynchronizer.java:2078)
        at java.util.concurrent.LinkedBlockingQueue.poll(LinkedBlockingQueue.java:467)
        at org.apache.hadoop.ipc.CallQueueManager.take(CallQueueManager.java:317)
        at org.apache.hadoop.ipc.Server$Handler.run(Server.java:3014)
"IPC Server idle connection scanner for port 15000" daemon prio=5 tid=53 timed_waiting
java.lang.Thread.State: TIMED_WAITING
        at java.lang.Object.wait(Native Method)
        at java.util.TimerThread.mainLoop(Timer.java:552)
        at java.util.TimerThread.run(Timer.java:505)
"qtp1871212187-235-acceptor-0@1972d189-ServerConnector@59a45b95{HTTP/1.1, (http/1.1)}{0.0.0.0:15018}" daemon prio=3 tid=235 runnable
java.lang.Thread.State: RUNNABLE
        at sun.nio.ch.ServerSocketChannelImpl.accept0(Native Method)
        at sun.nio.ch.ServerSocketChannelImpl.accept(ServerSocketChannelImpl.java:421)
        at sun.nio.ch.ServerSocketChannelImpl.accept(ServerSocketChannelImpl.java:249)
        at org.eclipse.jetty.server.ServerConnector.accept(ServerConnector.java:388)
        at org.eclipse.jetty.server.AbstractConnector$Acceptor.run(AbstractConnector.java:704)
        at org.eclipse.jetty.util.thread.QueuedThreadPool.runJob(QueuedThreadPool.java:883)
        at org.eclipse.jetty.util.thread.QueuedThreadPool$Runner.run(QueuedThreadPool.java:1034)
        at java.lang.Thread.run(Thread.java:750)
"ChunkReader-0" daemon prio=5 tid=1254 in Object.wait()
java.lang.Thread.State: WAITING (on object monitor)
        at sun.misc.Unsafe.park(Native Method)
        at java.util.concurrent.locks.LockSupport.park(LockSupport.java:175)
        at java.util.concurrent.locks.AbstractQueuedSynchronizer$ConditionObject.await(AbstractQueuedSynchronizer.java:2039)
        at java.util.concurrent.LinkedBlockingQueue.take(LinkedBlockingQueue.java:442)
        at java.util.concurrent.ThreadPoolExecutor.getTask(ThreadPoolExecutor.java:1074)
        at java.util.concurrent.ThreadPoolExecutor.runWorker(ThreadPoolExecutor.java:1134)
        at java.util.concurrent.ThreadPoolExecutor$Worker.run(ThreadPoolExecutor.java:624)
        at java.lang.Thread.run(Thread.java:750)
"4dfacd3a-85e6-4f60-aa9f-15a17a1c954a-server-thread1" daemon prio=5 tid=969 timed_waiting
java.lang.Thread.State: TIMED_WAITING
        at sun.misc.Unsafe.park(Native Method)
        at java.util.concurrent.locks.LockSupport.parkNanos(LockSupport.java:215)
        at java.util.concurrent.SynchronousQueue$TransferStack.awaitFulfill(SynchronousQueue.java:460)
        at java.util.concurrent.SynchronousQueue$TransferStack.transfer(SynchronousQueue.java:362)
        at java.util.concurrent.SynchronousQueue.poll(SynchronousQueue.java:941)
        at java.util.concurrent.ThreadPoolExecutor.getTask(ThreadPoolExecutor.java:1073)
        at java.util.concurrent.ThreadPoolExecutor.runWorker(ThreadPoolExecutor.java:1134)
        at java.util.concurrent.ThreadPoolExecutor$Worker.run(ThreadPoolExecutor.java:624)
        at java.lang.Thread.run(Thread.java:750)
"ContainerOp-c91f7595-1a01-480b-b225-52482a170bd1-5"  prio=5 tid=1240 in Object.wait()
java.lang.Thread.State: WAITING (on object monitor)
        at sun.misc.Unsafe.park(Native Method)
        at java.util.concurrent.locks.LockSupport.park(LockSupport.java:175)
        at java.util.concurrent.locks.AbstractQueuedSynchronizer$ConditionObject.await(AbstractQueuedSynchronizer.java:2039)
        at java.util.concurrent.LinkedBlockingQueue.take(LinkedBlockingQueue.java:442)
        at java.util.concurrent.ThreadPoolExecutor.getTask(ThreadPoolExecutor.java:1074)
        at java.util.concurrent.ThreadPoolExecutor.runWorker(ThreadPoolExecutor.java:1134)
        at java.util.concurrent.ThreadPoolExecutor$Worker.run(ThreadPoolExecutor.java:624)
        at java.lang.Thread.run(Thread.java:750)
"5317d628-7528-4015-930b-d89d4a444778@group-4398ACCF5932-StateMachineUpdater" daemon prio=5 tid=668 timed_waiting
java.lang.Thread.State: TIMED_WAITING
        at sun.misc.Unsafe.park(Native Method)
        at java.util.concurrent.locks.LockSupport.parkNanos(LockSupport.java:215)
        at java.util.concurrent.locks.AbstractQueuedSynchronizer$ConditionObject.await(AbstractQueuedSynchronizer.java:2163)
        at org.apache.ratis.util.AwaitForSignal.await(AwaitForSignal.java:62)
        at org.apache.ratis.server.impl.StateMachineUpdater.waitForCommit(StateMachineUpdater.java:209)
        at org.apache.ratis.server.impl.StateMachineUpdater.run(StateMachineUpdater.java:178)
        at java.lang.Thread.run(Thread.java:750)
"9fc007ee-6328-4e66-a7f4-dfd370a25fec-DataStreamManagement-write--thread2"  prio=5 tid=1387 in Object.wait()
java.lang.Thread.State: WAITING (on object monitor)
        at sun.misc.Unsafe.park(Native Method)
        at java.util.concurrent.locks.LockSupport.park(LockSupport.java:175)
        at java.util.concurrent.locks.AbstractQueuedSynchronizer$ConditionObject.await(AbstractQueuedSynchronizer.java:2039)
        at java.util.concurrent.LinkedBlockingQueue.take(LinkedBlockingQueue.java:442)
        at java.util.concurrent.ThreadPoolExecutor.getTask(ThreadPoolExecutor.java:1074)
        at java.util.concurrent.ThreadPoolExecutor.runWorker(ThreadPoolExecutor.java:1134)
        at java.util.concurrent.ThreadPoolExecutor$Worker.run(ThreadPoolExecutor.java:624)
        at java.lang.Thread.run(Thread.java:750)
"6f9d3266-b874-4586-a718-9027df6ff647@group-956EFEAD089C-StateMachineUpdater" daemon prio=5 tid=765 timed_waiting
java.lang.Thread.State: TIMED_WAITING
        at sun.misc.Unsafe.park(Native Method)
        at java.util.concurrent.locks.LockSupport.parkNanos(LockSupport.java:215)
        at java.util.concurrent.locks.AbstractQueuedSynchronizer$ConditionObject.await(AbstractQueuedSynchronizer.java:2163)
        at org.apache.ratis.util.AwaitForSignal.await(AwaitForSignal.java:62)
        at org.apache.ratis.server.impl.StateMachineUpdater.waitForCommit(StateMachineUpdater.java:209)
        at org.apache.ratis.server.impl.StateMachineUpdater.run(StateMachineUpdater.java:178)
        at java.lang.Thread.run(Thread.java:750)
"grpc-default-boss-ELG-1-1" daemon prio=5 tid=159 runnable
java.lang.Thread.State: RUNNABLE
        at org.apache.ratis.thirdparty.io.netty.channel.epoll.Native.epollWait(Native Method)
        at org.apache.ratis.thirdparty.io.netty.channel.epoll.Native.epollWait(Native.java:209)
        at org.apache.ratis.thirdparty.io.netty.channel.epoll.Native.epollWait(Native.java:202)
        at org.apache.ratis.thirdparty.io.netty.channel.epoll.EpollEventLoop.epollWaitNoTimerChange(EpollEventLoop.java:306)
        at org.apache.ratis.thirdparty.io.netty.channel.epoll.EpollEventLoop.run(EpollEventLoop.java:363)
        at org.apache.ratis.thirdparty.io.netty.util.concurrent.SingleThreadEventExecutor$4.run(SingleThreadEventExecutor.java:997)
        at org.apache.ratis.thirdparty.io.netty.util.internal.ThreadExecutorMap$2.run(ThreadExecutorMap.java:74)
        at org.apache.ratis.thirdparty.io.netty.util.concurrent.FastThreadLocalRunnable.run(FastThreadLocalRunnable.java:30)
        at java.lang.Thread.run(Thread.java:750)
"Hadoop-Metrics-Updater-0" daemon prio=5 tid=247 timed_waiting
java.lang.Thread.State: TIMED_WAITING
        at sun.misc.Unsafe.park(Native Method)
        at java.util.concurrent.locks.LockSupport.parkNanos(LockSupport.java:215)
        at java.util.concurrent.locks.AbstractQueuedSynchronizer$ConditionObject.awaitNanos(AbstractQueuedSynchronizer.java:2078)
        at java.util.concurrent.ScheduledThreadPoolExecutor$DelayedWorkQueue.take(ScheduledThreadPoolExecutor.java:1093)
        at java.util.concurrent.ScheduledThreadPoolExecutor$DelayedWorkQueue.take(ScheduledThreadPoolExecutor.java:809)
        at java.util.concurrent.ThreadPoolExecutor.getTask(ThreadPoolExecutor.java:1074)
        at java.util.concurrent.ThreadPoolExecutor.runWorker(ThreadPoolExecutor.java:1134)
        at java.util.concurrent.ThreadPoolExecutor$Worker.run(ThreadPoolExecutor.java:624)
        at java.lang.Thread.run(Thread.java:750)
"f6fa4039-8fe9-46ca-92f5-bb04d02dc273-DataStreamManagement-request--thread3"  prio=5 tid=1400 in Object.wait()
java.lang.Thread.State: WAITING (on object monitor)
        at sun.misc.Unsafe.park(Native Method)
        at java.util.concurrent.locks.LockSupport.park(LockSupport.java:175)
        at java.util.concurrent.locks.AbstractQueuedSynchronizer$ConditionObject.await(AbstractQueuedSynchronizer.java:2039)
        at java.util.concurrent.LinkedBlockingQueue.take(LinkedBlockingQueue.java:442)
        at java.util.concurrent.ThreadPoolExecutor.getTask(ThreadPoolExecutor.java:1074)
        at java.util.concurrent.ThreadPoolExecutor.runWorker(ThreadPoolExecutor.java:1134)
        at java.util.concurrent.ThreadPoolExecutor$Worker.run(ThreadPoolExecutor.java:624)
        at java.lang.Thread.run(Thread.java:750)
"6220322b-c54d-4ba8-95d6-5fd9b706d663@group-956EFEAD089C->6f9d3266-b874-4586-a718-9027df6ff647-GrpcLogAppender-LogAppenderDaemon" daemon prio=5 tid=948 timed_waiting
java.lang.Thread.State: TIMED_WAITING
        at sun.misc.Unsafe.park(Native Method)
        at java.util.concurrent.locks.LockSupport.parkNanos(LockSupport.java:215)
        at java.util.concurrent.locks.AbstractQueuedSynchronizer$ConditionObject.await(AbstractQueuedSynchronizer.java:2163)
        at org.apache.ratis.util.AwaitForSignal.await(AwaitForSignal.java:62)
        at org.apache.ratis.grpc.server.GrpcLogAppender.mayWait(GrpcLogAppender.java:197)
        at org.apache.ratis.grpc.server.GrpcLogAppender.run(GrpcLogAppender.java:148)
        at org.apache.ratis.server.leader.LogAppenderDaemon.run(LogAppenderDaemon.java:78)
        at org.apache.ratis.server.leader.LogAppenderDaemon$$Lambda$1267/2040149817.run(Unknown Source)
        at java.lang.Thread.run(Thread.java:750)
"Datanode State Machine Daemon Thread" daemon prio=5 tid=427 timed_waiting
java.lang.Thread.State: TIMED_WAITING
        at java.lang.Thread.sleep(Native Method)
        at org.apache.hadoop.ozone.container.common.statemachine.DatanodeStateMachine.startStateMachineThread(DatanodeStateMachine.java:353)
        at org.apache.hadoop.ozone.container.common.statemachine.DatanodeStateMachine.lambda$startDaemon$0(DatanodeStateMachine.java:540)
        at org.apache.hadoop.ozone.container.common.statemachine.DatanodeStateMachine$$Lambda$1041/1491309043.run(Unknown Source)
        at java.lang.Thread.run(Thread.java:750)
"Lease Manager-LeaseManager#LeaseMonitor" daemon prio=5 tid=127 timed_waiting
java.lang.Thread.State: TIMED_WAITING
        at sun.misc.Unsafe.park(Native Method)
        at java.util.concurrent.locks.LockSupport.parkNanos(LockSupport.java:215)
        at java.util.concurrent.locks.AbstractQueuedSynchronizer.doAcquireSharedNanos(AbstractQueuedSynchronizer.java:1037)
        at java.util.concurrent.locks.AbstractQueuedSynchronizer.tryAcquireSharedNanos(AbstractQueuedSynchronizer.java:1328)
        at java.util.concurrent.Semaphore.tryAcquire(Semaphore.java:409)
        at org.apache.hadoop.ozone.lease.LeaseManager$LeaseMonitor.run(LeaseManager.java:285)
        at java.lang.Thread.run(Thread.java:750)
"ChunkReader-6" daemon prio=5 tid=1260 in Object.wait()
java.lang.Thread.State: WAITING (on object monitor)
        at sun.misc.Unsafe.park(Native Method)
        at java.util.concurrent.locks.LockSupport.park(LockSupport.java:175)
        at java.util.concurrent.locks.AbstractQueuedSynchronizer$ConditionObject.await(AbstractQueuedSynchronizer.java:2039)
        at java.util.concurrent.LinkedBlockingQueue.take(LinkedBlockingQueue.java:442)
        at java.util.concurrent.ThreadPoolExecutor.getTask(ThreadPoolExecutor.java:1074)
        at java.util.concurrent.ThreadPoolExecutor.runWorker(ThreadPoolExecutor.java:1134)
        at java.util.concurrent.ThreadPoolExecutor$Worker.run(ThreadPoolExecutor.java:624)
        at java.lang.Thread.run(Thread.java:750)
"Datanode State Machine Task Thread - 0"  prio=5 tid=377 in Object.wait()
java.lang.Thread.State: WAITING (on object monitor)
        at sun.misc.Unsafe.park(Native Method)
        at java.util.concurrent.locks.LockSupport.park(LockSupport.java:175)
        at java.util.concurrent.locks.AbstractQueuedSynchronizer$ConditionObject.await(AbstractQueuedSynchronizer.java:2039)
        at java.util.concurrent.LinkedBlockingQueue.take(LinkedBlockingQueue.java:442)
        at java.util.concurrent.ThreadPoolExecutor.getTask(ThreadPoolExecutor.java:1074)
        at java.util.concurrent.ThreadPoolExecutor.runWorker(ThreadPoolExecutor.java:1134)
        at java.util.concurrent.ThreadPoolExecutor$Worker.run(ThreadPoolExecutor.java:624)
        at java.lang.Thread.run(Thread.java:750)
"6220322b-c54d-4ba8-95d6-5fd9b706d663-DataStreamManagement-request--thread2"  prio=5 tid=1073 in Object.wait()
java.lang.Thread.State: WAITING (on object monitor)
        at sun.misc.Unsafe.park(Native Method)
        at java.util.concurrent.locks.LockSupport.park(LockSupport.java:175)
        at java.util.concurrent.locks.AbstractQueuedSynchronizer$ConditionObject.await(AbstractQueuedSynchronizer.java:2039)
        at java.util.concurrent.LinkedBlockingQueue.take(LinkedBlockingQueue.java:442)
        at java.util.concurrent.ThreadPoolExecutor.getTask(ThreadPoolExecutor.java:1074)
        at java.util.concurrent.ThreadPoolExecutor.runWorker(ThreadPoolExecutor.java:1134)
        at java.util.concurrent.ThreadPoolExecutor$Worker.run(ThreadPoolExecutor.java:624)
        at java.lang.Thread.run(Thread.java:750)
"BlockDeletingService#3" daemon prio=5 tid=1645 in Object.wait()
java.lang.Thread.State: WAITING (on object monitor)
        at sun.misc.Unsafe.park(Native Method)
        at java.util.concurrent.locks.LockSupport.park(LockSupport.java:175)
        at java.util.concurrent.locks.AbstractQueuedSynchronizer$ConditionObject.await(AbstractQueuedSynchronizer.java:2039)
        at java.util.concurrent.ScheduledThreadPoolExecutor$DelayedWorkQueue.take(ScheduledThreadPoolExecutor.java:1088)
        at java.util.concurrent.ScheduledThreadPoolExecutor$DelayedWorkQueue.take(ScheduledThreadPoolExecutor.java:809)
        at java.util.concurrent.ThreadPoolExecutor.getTask(ThreadPoolExecutor.java:1074)
        at java.util.concurrent.ThreadPoolExecutor.runWorker(ThreadPoolExecutor.java:1134)
        at java.util.concurrent.ThreadPoolExecutor$Worker.run(ThreadPoolExecutor.java:624)
        at java.lang.Thread.run(Thread.java:750)
"qtp1002279474-135" daemon prio=5 tid=135 timed_waiting
java.lang.Thread.State: TIMED_WAITING
        at sun.misc.Unsafe.park(Native Method)
        at java.util.concurrent.locks.LockSupport.parkNanos(LockSupport.java:215)
        at java.util.concurrent.locks.AbstractQueuedSynchronizer$ConditionObject.awaitNanos(AbstractQueuedSynchronizer.java:2078)
        at org.eclipse.jetty.util.BlockingArrayQueue.poll(BlockingArrayQueue.java:382)
        at org.eclipse.jetty.util.thread.QueuedThreadPool$Runner.idleJobPoll(QueuedThreadPool.java:974)
        at org.eclipse.jetty.util.thread.QueuedThreadPool$Runner.run(QueuedThreadPool.java:1018)
        at java.lang.Thread.run(Thread.java:750)
"JvmPauseMonitor10" daemon prio=5 tid=630 timed_waiting
java.lang.Thread.State: TIMED_WAITING
        at java.lang.Thread.sleep(Native Method)
        at java.lang.Thread.sleep(Thread.java:342)
        at java.util.concurrent.TimeUnit.sleep(TimeUnit.java:386)
        at org.apache.ratis.util.TimeDuration.sleep(TimeDuration.java:325)
        at org.apache.ratis.util.TimeDuration.sleep(TimeDuration.java:310)
        at org.apache.ratis.util.JvmPauseMonitor.detectPause(JvmPauseMonitor.java:117)
        at org.apache.ratis.util.JvmPauseMonitor.run(JvmPauseMonitor.java:106)
        at org.apache.ratis.util.JvmPauseMonitor$$Lambda$540/1204910476.run(Unknown Source)
        at java.lang.Thread.run(Thread.java:750)
"Datanode State Machine Task Thread - 0"  prio=5 tid=478 in Object.wait()
java.lang.Thread.State: WAITING (on object monitor)
        at sun.misc.Unsafe.park(Native Method)
        at java.util.concurrent.locks.LockSupport.park(LockSupport.java:175)
        at java.util.concurrent.locks.AbstractQueuedSynchronizer$ConditionObject.await(AbstractQueuedSynchronizer.java:2039)
        at java.util.concurrent.LinkedBlockingQueue.take(LinkedBlockingQueue.java:442)
        at java.util.concurrent.ThreadPoolExecutor.getTask(ThreadPoolExecutor.java:1074)
        at java.util.concurrent.ThreadPoolExecutor.runWorker(ThreadPoolExecutor.java:1134)
        at java.util.concurrent.ThreadPoolExecutor$Worker.run(ThreadPoolExecutor.java:624)
        at java.lang.Thread.run(Thread.java:750)
"Attach Listener" daemon prio=9 tid=1410 runnable
java.lang.Thread.State: RUNNABLE
"4dfacd3a-85e6-4f60-aa9f-15a17a1c954a@group-FCF027D0E9D3-StateMachineUpdater" daemon prio=5 tid=852 timed_waiting
java.lang.Thread.State: TIMED_WAITING
        at sun.misc.Unsafe.park(Native Method)
        at java.util.concurrent.locks.LockSupport.parkNanos(LockSupport.java:215)
        at java.util.concurrent.locks.AbstractQueuedSynchronizer$ConditionObject.await(AbstractQueuedSynchronizer.java:2163)
        at org.apache.ratis.util.AwaitForSignal.await(AwaitForSignal.java:62)
        at org.apache.ratis.server.impl.StateMachineUpdater.waitForCommit(StateMachineUpdater.java:209)
        at org.apache.ratis.server.impl.StateMachineUpdater.run(StateMachineUpdater.java:178)
        at java.lang.Thread.run(Thread.java:750)
"qtp1538487153-328" daemon prio=5 tid=328 timed_waiting
java.lang.Thread.State: TIMED_WAITING
        at sun.misc.Unsafe.park(Native Method)
        at java.util.concurrent.locks.LockSupport.parkNanos(LockSupport.java:215)
        at java.util.concurrent.locks.AbstractQueuedSynchronizer$ConditionObject.awaitNanos(AbstractQueuedSynchronizer.java:2078)
        at org.eclipse.jetty.util.BlockingArrayQueue.poll(BlockingArrayQueue.java:382)
        at org.eclipse.jetty.util.thread.QueuedThreadPool$Runner.idleJobPoll(QueuedThreadPool.java:974)
        at org.eclipse.jetty.util.thread.QueuedThreadPool$Runner.run(QueuedThreadPool.java:1018)
        at java.lang.Thread.run(Thread.java:750)
"IPC Server handler 18 on default port 15001" daemon prio=5 tid=104 timed_waiting
java.lang.Thread.State: TIMED_WAITING
        at sun.misc.Unsafe.park(Native Method)
        at java.util.concurrent.locks.LockSupport.parkNanos(LockSupport.java:215)
        at java.util.concurrent.locks.AbstractQueuedSynchronizer$ConditionObject.awaitNanos(AbstractQueuedSynchronizer.java:2078)
        at java.util.concurrent.LinkedBlockingQueue.poll(LinkedBlockingQueue.java:467)
        at org.apache.hadoop.ipc.CallQueueManager.take(CallQueueManager.java:317)
        at org.apache.hadoop.ipc.Server$Handler.run(Server.java:3014)
"BlockDeletingService#0" daemon prio=5 tid=417 timed_waiting
java.lang.Thread.State: TIMED_WAITING
        at sun.misc.Unsafe.park(Native Method)
        at java.util.concurrent.locks.LockSupport.parkNanos(LockSupport.java:215)
        at java.util.concurrent.locks.AbstractQueuedSynchronizer$ConditionObject.awaitNanos(AbstractQueuedSynchronizer.java:2078)
        at java.util.concurrent.ScheduledThreadPoolExecutor$DelayedWorkQueue.take(ScheduledThreadPoolExecutor.java:1093)
        at java.util.concurrent.ScheduledThreadPoolExecutor$DelayedWorkQueue.take(ScheduledThreadPoolExecutor.java:809)
        at java.util.concurrent.ThreadPoolExecutor.getTask(ThreadPoolExecutor.java:1074)
        at java.util.concurrent.ThreadPoolExecutor.runWorker(ThreadPoolExecutor.java:1134)
        at java.util.concurrent.ThreadPoolExecutor$Worker.run(ThreadPoolExecutor.java:624)
        at java.lang.Thread.run(Thread.java:750)
"Socket Reader #1 for port 15064"  prio=5 tid=422 runnable
java.lang.Thread.State: RUNNABLE
        at sun.nio.ch.EPollArrayWrapper.epollWait(Native Method)
        at sun.nio.ch.EPollArrayWrapper.poll(EPollArrayWrapper.java:269)
        at sun.nio.ch.EPollSelectorImpl.doSelect(EPollSelectorImpl.java:93)
        at sun.nio.ch.SelectorImpl.lockAndDoSelect(SelectorImpl.java:86)
        at sun.nio.ch.SelectorImpl.select(SelectorImpl.java:97)
        at sun.nio.ch.SelectorImpl.select(SelectorImpl.java:101)
        at org.apache.hadoop.ipc.Server$Listener$Reader.doRunLoop(Server.java:1346)
        at org.apache.hadoop.ipc.Server$Listener$Reader.run(Server.java:1325)
"6220322b-c54d-4ba8-95d6-5fd9b706d663@group-23200BB8A37D-LeaderStateImpl" daemon prio=5 tid=936 timed_waiting
java.lang.Thread.State: TIMED_WAITING
        at sun.misc.Unsafe.park(Native Method)
        at java.util.concurrent.locks.LockSupport.parkNanos(LockSupport.java:215)
        at java.util.concurrent.locks.AbstractQueuedSynchronizer$ConditionObject.awaitNanos(AbstractQueuedSynchronizer.java:2078)
        at java.util.concurrent.ArrayBlockingQueue.poll(ArrayBlockingQueue.java:418)
        at org.apache.ratis.server.impl.LeaderStateImpl$EventQueue.poll(LeaderStateImpl.java:164)
        at org.apache.ratis.server.impl.LeaderStateImpl$EventProcessor.run(LeaderStateImpl.java:702)
"9fc007ee-6328-4e66-a7f4-dfd370a25fec-DataStreamManagement-request--thread7"  prio=5 tid=1391 in Object.wait()
java.lang.Thread.State: WAITING (on object monitor)
        at sun.misc.Unsafe.park(Native Method)
        at java.util.concurrent.locks.LockSupport.park(LockSupport.java:175)
        at java.util.concurrent.locks.AbstractQueuedSynchronizer$ConditionObject.await(AbstractQueuedSynchronizer.java:2039)
        at java.util.concurrent.LinkedBlockingQueue.take(LinkedBlockingQueue.java:442)
        at java.util.concurrent.ThreadPoolExecutor.getTask(ThreadPoolExecutor.java:1074)
        at java.util.concurrent.ThreadPoolExecutor.runWorker(ThreadPoolExecutor.java:1134)
        at java.util.concurrent.ThreadPoolExecutor$Worker.run(ThreadPoolExecutor.java:624)
        at java.lang.Thread.run(Thread.java:750)
"IPC Server listener on 15037" daemon prio=5 tid=301 runnable
java.lang.Thread.State: RUNNABLE
        at sun.nio.ch.EPollArrayWrapper.epollWait(Native Method)
        at sun.nio.ch.EPollArrayWrapper.poll(EPollArrayWrapper.java:269)
        at sun.nio.ch.EPollSelectorImpl.doSelect(EPollSelectorImpl.java:93)
        at sun.nio.ch.SelectorImpl.lockAndDoSelect(SelectorImpl.java:86)
        at sun.nio.ch.SelectorImpl.select(SelectorImpl.java:97)
        at sun.nio.ch.SelectorImpl.select(SelectorImpl.java:101)
        at org.apache.hadoop.ipc.Server$Listener.run(Server.java:1408)
"f6fa4039-8fe9-46ca-92f5-bb04d02dc273-NettyServerStreamRpc-workerGroup--thread1"  prio=5 tid=1396 runnable
java.lang.Thread.State: RUNNABLE
        at sun.nio.ch.EPollArrayWrapper.epollWait(Native Method)
        at sun.nio.ch.EPollArrayWrapper.poll(EPollArrayWrapper.java:269)
        at sun.nio.ch.EPollSelectorImpl.doSelect(EPollSelectorImpl.java:93)
        at sun.nio.ch.SelectorImpl.lockAndDoSelect(SelectorImpl.java:86)
        at sun.nio.ch.SelectorImpl.select(SelectorImpl.java:97)
        at sun.nio.ch.SelectorImpl.select(SelectorImpl.java:101)
        at org.apache.ratis.thirdparty.io.netty.channel.nio.SelectedSelectionKeySetSelector.select(SelectedSelectionKeySetSelector.java:68)
        at org.apache.ratis.thirdparty.io.netty.channel.nio.NioEventLoop.select(NioEventLoop.java:879)
        at org.apache.ratis.thirdparty.io.netty.channel.nio.NioEventLoop.run(NioEventLoop.java:526)
        at org.apache.ratis.thirdparty.io.netty.util.concurrent.SingleThreadEventExecutor$4.run(SingleThreadEventExecutor.java:997)
        at org.apache.ratis.thirdparty.io.netty.util.internal.ThreadExecutorMap$2.run(ThreadExecutorMap.java:74)
        at java.lang.Thread.run(Thread.java:750)
"pool-289-thread-1" daemon prio=5 tid=625 timed_waiting
java.lang.Thread.State: TIMED_WAITING
        at sun.misc.Unsafe.park(Native Method)
        at java.util.concurrent.locks.LockSupport.parkNanos(LockSupport.java:215)
        at java.util.concurrent.locks.AbstractQueuedSynchronizer$ConditionObject.awaitNanos(AbstractQueuedSynchronizer.java:2078)
        at java.util.concurrent.ScheduledThreadPoolExecutor$DelayedWorkQueue.take(ScheduledThreadPoolExecutor.java:1093)
        at java.util.concurrent.ScheduledThreadPoolExecutor$DelayedWorkQueue.take(ScheduledThreadPoolExecutor.java:809)
        at java.util.concurrent.ThreadPoolExecutor.getTask(ThreadPoolExecutor.java:1074)
        at java.util.concurrent.ThreadPoolExecutor.runWorker(ThreadPoolExecutor.java:1134)
        at java.util.concurrent.ThreadPoolExecutor$Worker.run(ThreadPoolExecutor.java:624)
        at java.lang.Thread.run(Thread.java:750)
"ChunkWriter-3-0" daemon prio=5 tid=599 in Object.wait()
java.lang.Thread.State: WAITING (on object monitor)
        at sun.misc.Unsafe.park(Native Method)
        at java.util.concurrent.locks.LockSupport.park(LockSupport.java:175)
        at java.util.concurrent.locks.AbstractQueuedSynchronizer$ConditionObject.await(AbstractQueuedSynchronizer.java:2039)
        at java.util.concurrent.LinkedBlockingDeque.takeFirst(LinkedBlockingDeque.java:492)
        at java.util.concurrent.LinkedBlockingDeque.take(LinkedBlockingDeque.java:680)
        at java.util.concurrent.ThreadPoolExecutor.getTask(ThreadPoolExecutor.java:1074)
        at java.util.concurrent.ThreadPoolExecutor.runWorker(ThreadPoolExecutor.java:1134)
        at java.util.concurrent.ThreadPoolExecutor$Worker.run(ThreadPoolExecutor.java:624)
        at java.lang.Thread.run(Thread.java:750)
"Datanode ReportManager Thread - 0" daemon prio=5 tid=221 in Object.wait()
java.lang.Thread.State: WAITING (on object monitor)
        at sun.misc.Unsafe.park(Native Method)
        at java.util.concurrent.locks.LockSupport.park(LockSupport.java:175)
        at java.util.concurrent.locks.AbstractQueuedSynchronizer$ConditionObject.await(AbstractQueuedSynchronizer.java:2039)
        at java.util.concurrent.ScheduledThreadPoolExecutor$DelayedWorkQueue.take(ScheduledThreadPoolExecutor.java:1088)
        at java.util.concurrent.ScheduledThreadPoolExecutor$DelayedWorkQueue.take(ScheduledThreadPoolExecutor.java:809)
        at java.util.concurrent.ThreadPoolExecutor.getTask(ThreadPoolExecutor.java:1074)
        at java.util.concurrent.ThreadPoolExecutor.runWorker(ThreadPoolExecutor.java:1134)
        at java.util.concurrent.ThreadPoolExecutor$Worker.run(ThreadPoolExecutor.java:624)
        at java.lang.Thread.run(Thread.java:750)
"9fc007ee-6328-4e66-a7f4-dfd370a25fec@group-D1A0B4F7E96E-LeaderStateImpl" daemon prio=5 tid=976 timed_waiting
java.lang.Thread.State: TIMED_WAITING
        at sun.misc.Unsafe.park(Native Method)
        at java.util.concurrent.locks.LockSupport.parkNanos(LockSupport.java:215)
        at java.util.concurrent.locks.AbstractQueuedSynchronizer$ConditionObject.awaitNanos(AbstractQueuedSynchronizer.java:2078)
        at java.util.concurrent.ArrayBlockingQueue.poll(ArrayBlockingQueue.java:418)
        at org.apache.ratis.server.impl.LeaderStateImpl$EventQueue.poll(LeaderStateImpl.java:164)
        at org.apache.ratis.server.impl.LeaderStateImpl$EventProcessor.run(LeaderStateImpl.java:702)
"Datanode ReportManager Thread - 3" daemon prio=5 tid=340 in Object.wait()
java.lang.Thread.State: WAITING (on object monitor)
        at sun.misc.Unsafe.park(Native Method)
        at java.util.concurrent.locks.LockSupport.park(LockSupport.java:175)
        at java.util.concurrent.locks.AbstractQueuedSynchronizer$ConditionObject.await(AbstractQueuedSynchronizer.java:2039)
        at java.util.concurrent.ScheduledThreadPoolExecutor$DelayedWorkQueue.take(ScheduledThreadPoolExecutor.java:1088)
        at java.util.concurrent.ScheduledThreadPoolExecutor$DelayedWorkQueue.take(ScheduledThreadPoolExecutor.java:809)
        at java.util.concurrent.ThreadPoolExecutor.getTask(ThreadPoolExecutor.java:1074)
        at java.util.concurrent.ThreadPoolExecutor.runWorker(ThreadPoolExecutor.java:1134)
        at java.util.concurrent.ThreadPoolExecutor$Worker.run(ThreadPoolExecutor.java:624)
        at java.lang.Thread.run(Thread.java:750)
"ChunkReader-8" daemon prio=5 tid=1358 in Object.wait()
java.lang.Thread.State: WAITING (on object monitor)
        at sun.misc.Unsafe.park(Native Method)
        at java.util.concurrent.locks.LockSupport.park(LockSupport.java:175)
        at java.util.concurrent.locks.AbstractQueuedSynchronizer$ConditionObject.await(AbstractQueuedSynchronizer.java:2039)
        at java.util.concurrent.LinkedBlockingQueue.take(LinkedBlockingQueue.java:442)
        at java.util.concurrent.ThreadPoolExecutor.getTask(ThreadPoolExecutor.java:1074)
        at java.util.concurrent.ThreadPoolExecutor.runWorker(ThreadPoolExecutor.java:1134)
        at java.util.concurrent.ThreadPoolExecutor$Worker.run(ThreadPoolExecutor.java:624)
        at java.lang.Thread.run(Thread.java:750)
"ChunkReader-0" daemon prio=5 tid=1026 in Object.wait()
java.lang.Thread.State: WAITING (on object monitor)
        at sun.misc.Unsafe.park(Native Method)
        at java.util.concurrent.locks.LockSupport.park(LockSupport.java:175)
        at java.util.concurrent.locks.AbstractQueuedSynchronizer$ConditionObject.await(AbstractQueuedSynchronizer.java:2039)
        at java.util.concurrent.LinkedBlockingQueue.take(LinkedBlockingQueue.java:442)
        at java.util.concurrent.ThreadPoolExecutor.getTask(ThreadPoolExecutor.java:1074)
        at java.util.concurrent.ThreadPoolExecutor.runWorker(ThreadPoolExecutor.java:1134)
        at java.util.concurrent.ThreadPoolExecutor$Worker.run(ThreadPoolExecutor.java:624)
        at java.lang.Thread.run(Thread.java:750)
"Datanode ReportManager Thread - 4" daemon prio=5 tid=432 timed_waiting
java.lang.Thread.State: TIMED_WAITING
        at sun.misc.Unsafe.park(Native Method)
        at java.util.concurrent.locks.LockSupport.parkNanos(LockSupport.java:215)
        at java.util.concurrent.locks.AbstractQueuedSynchronizer$ConditionObject.awaitNanos(AbstractQueuedSynchronizer.java:2078)
        at java.util.concurrent.ScheduledThreadPoolExecutor$DelayedWorkQueue.take(ScheduledThreadPoolExecutor.java:1093)
        at java.util.concurrent.ScheduledThreadPoolExecutor$DelayedWorkQueue.take(ScheduledThreadPoolExecutor.java:809)
        at java.util.concurrent.ThreadPoolExecutor.getTask(ThreadPoolExecutor.java:1074)
        at java.util.concurrent.ThreadPoolExecutor.runWorker(ThreadPoolExecutor.java:1134)
        at java.util.concurrent.ThreadPoolExecutor$Worker.run(ThreadPoolExecutor.java:624)
        at java.lang.Thread.run(Thread.java:750)
"StaleRecoveringContainerScrubbingService#0" daemon prio=5 tid=462 in Object.wait()
java.lang.Thread.State: WAITING (on object monitor)
        at sun.misc.Unsafe.park(Native Method)
        at java.util.concurrent.locks.LockSupport.park(LockSupport.java:175)
        at java.util.concurrent.locks.AbstractQueuedSynchronizer$ConditionObject.await(AbstractQueuedSynchronizer.java:2039)
        at java.util.concurrent.ScheduledThreadPoolExecutor$DelayedWorkQueue.take(ScheduledThreadPoolExecutor.java:1088)
        at java.util.concurrent.ScheduledThreadPoolExecutor$DelayedWorkQueue.take(ScheduledThreadPoolExecutor.java:809)
        at java.util.concurrent.ThreadPoolExecutor.getTask(ThreadPoolExecutor.java:1074)
        at java.util.concurrent.ThreadPoolExecutor.runWorker(ThreadPoolExecutor.java:1134)
        at java.util.concurrent.ThreadPoolExecutor$Worker.run(ThreadPoolExecutor.java:624)
        at java.lang.Thread.run(Thread.java:750)
"ChunkWriter-1-0" daemon prio=5 tid=612 in Object.wait()
java.lang.Thread.State: WAITING (on object monitor)
        at sun.misc.Unsafe.park(Native Method)
        at java.util.concurrent.locks.LockSupport.park(LockSupport.java:175)
        at java.util.concurrent.locks.AbstractQueuedSynchronizer$ConditionObject.await(AbstractQueuedSynchronizer.java:2039)
        at java.util.concurrent.LinkedBlockingDeque.takeFirst(LinkedBlockingDeque.java:492)
        at java.util.concurrent.LinkedBlockingDeque.take(LinkedBlockingDeque.java:680)
        at java.util.concurrent.ThreadPoolExecutor.getTask(ThreadPoolExecutor.java:1074)
        at java.util.concurrent.ThreadPoolExecutor.runWorker(ThreadPoolExecutor.java:1134)
        at java.util.concurrent.ThreadPoolExecutor$Worker.run(ThreadPoolExecutor.java:624)
        at java.lang.Thread.run(Thread.java:750)
"ChunkReader-5" daemon prio=5 tid=1295 in Object.wait()
java.lang.Thread.State: WAITING (on object monitor)
        at sun.misc.Unsafe.park(Native Method)
        at java.util.concurrent.locks.LockSupport.park(LockSupport.java:175)
        at java.util.concurrent.locks.AbstractQueuedSynchronizer$ConditionObject.await(AbstractQueuedSynchronizer.java:2039)
        at java.util.concurrent.LinkedBlockingQueue.take(LinkedBlockingQueue.java:442)
        at java.util.concurrent.ThreadPoolExecutor.getTask(ThreadPoolExecutor.java:1074)
        at java.util.concurrent.ThreadPoolExecutor.runWorker(ThreadPoolExecutor.java:1134)
        at java.util.concurrent.ThreadPoolExecutor$Worker.run(ThreadPoolExecutor.java:624)
        at java.lang.Thread.run(Thread.java:750)
"9fc007ee-6328-4e66-a7f4-dfd370a25fec-DataStreamManagement-request--thread1"  prio=5 tid=1381 in Object.wait()
java.lang.Thread.State: WAITING (on object monitor)
        at sun.misc.Unsafe.park(Native Method)
        at java.util.concurrent.locks.LockSupport.park(LockSupport.java:175)
        at java.util.concurrent.locks.AbstractQueuedSynchronizer$ConditionObject.await(AbstractQueuedSynchronizer.java:2039)
        at java.util.concurrent.LinkedBlockingQueue.take(LinkedBlockingQueue.java:442)
        at java.util.concurrent.ThreadPoolExecutor.getTask(ThreadPoolExecutor.java:1074)
        at java.util.concurrent.ThreadPoolExecutor.runWorker(ThreadPoolExecutor.java:1134)
        at java.util.concurrent.ThreadPoolExecutor$Worker.run(ThreadPoolExecutor.java:624)
        at java.lang.Thread.run(Thread.java:750)
"Datanode ReportManager Thread - 3" daemon prio=5 tid=253 in Object.wait()
java.lang.Thread.State: WAITING (on object monitor)
        at sun.misc.Unsafe.park(Native Method)
        at java.util.concurrent.locks.LockSupport.park(LockSupport.java:175)
        at java.util.concurrent.locks.AbstractQueuedSynchronizer$ConditionObject.await(AbstractQueuedSynchronizer.java:2039)
        at java.util.concurrent.ScheduledThreadPoolExecutor$DelayedWorkQueue.take(ScheduledThreadPoolExecutor.java:1088)
        at java.util.concurrent.ScheduledThreadPoolExecutor$DelayedWorkQueue.take(ScheduledThreadPoolExecutor.java:809)
        at java.util.concurrent.ThreadPoolExecutor.getTask(ThreadPoolExecutor.java:1074)
        at java.util.concurrent.ThreadPoolExecutor.runWorker(ThreadPoolExecutor.java:1134)
        at java.util.concurrent.ThreadPoolExecutor$Worker.run(ThreadPoolExecutor.java:624)
        at java.lang.Thread.run(Thread.java:750)
"ChunkReader-9" daemon prio=5 tid=1293 in Object.wait()
java.lang.Thread.State: WAITING (on object monitor)
        at sun.misc.Unsafe.park(Native Method)
        at java.util.concurrent.locks.LockSupport.park(LockSupport.java:175)
        at java.util.concurrent.locks.AbstractQueuedSynchronizer$ConditionObject.await(AbstractQueuedSynchronizer.java:2039)
        at java.util.concurrent.LinkedBlockingQueue.take(LinkedBlockingQueue.java:442)
        at java.util.concurrent.ThreadPoolExecutor.getTask(ThreadPoolExecutor.java:1074)
        at java.util.concurrent.ThreadPoolExecutor.runWorker(ThreadPoolExecutor.java:1134)
        at java.util.concurrent.ThreadPoolExecutor$Worker.run(ThreadPoolExecutor.java:624)
        at java.lang.Thread.run(Thread.java:750)
"qtp955442053-535" daemon prio=5 tid=535 timed_waiting
java.lang.Thread.State: TIMED_WAITING
        at sun.misc.Unsafe.park(Native Method)
        at java.util.concurrent.locks.LockSupport.parkNanos(LockSupport.java:215)
        at java.util.concurrent.locks.AbstractQueuedSynchronizer$ConditionObject.awaitNanos(AbstractQueuedSynchronizer.java:2078)
        at org.eclipse.jetty.util.BlockingArrayQueue.poll(BlockingArrayQueue.java:382)
        at org.eclipse.jetty.util.thread.QueuedThreadPool$Runner.idleJobPoll(QueuedThreadPool.java:974)
        at org.eclipse.jetty.util.thread.QueuedThreadPool$Runner.run(QueuedThreadPool.java:1018)
        at java.lang.Thread.run(Thread.java:750)
"StaleRecoveringContainerScrubbingService#0" daemon prio=5 tid=618 timed_waiting
java.lang.Thread.State: TIMED_WAITING
        at sun.misc.Unsafe.park(Native Method)
        at java.util.concurrent.locks.LockSupport.parkNanos(LockSupport.java:215)
        at java.util.concurrent.locks.AbstractQueuedSynchronizer$ConditionObject.awaitNanos(AbstractQueuedSynchronizer.java:2078)
        at java.util.concurrent.ScheduledThreadPoolExecutor$DelayedWorkQueue.take(ScheduledThreadPoolExecutor.java:1093)
        at java.util.concurrent.ScheduledThreadPoolExecutor$DelayedWorkQueue.take(ScheduledThreadPoolExecutor.java:809)
        at java.util.concurrent.ThreadPoolExecutor.getTask(ThreadPoolExecutor.java:1074)
        at java.util.concurrent.ThreadPoolExecutor.runWorker(ThreadPoolExecutor.java:1134)
        at java.util.concurrent.ThreadPoolExecutor$Worker.run(ThreadPoolExecutor.java:624)
        at java.lang.Thread.run(Thread.java:750)
"ChunkWriter-3-0" daemon prio=5 tid=414 in Object.wait()
java.lang.Thread.State: WAITING (on object monitor)
        at sun.misc.Unsafe.park(Native Method)
        at java.util.concurrent.locks.LockSupport.park(LockSupport.java:175)
        at java.util.concurrent.locks.AbstractQueuedSynchronizer$ConditionObject.await(AbstractQueuedSynchronizer.java:2039)
        at java.util.concurrent.LinkedBlockingDeque.takeFirst(LinkedBlockingDeque.java:492)
        at java.util.concurrent.LinkedBlockingDeque.take(LinkedBlockingDeque.java:680)
        at java.util.concurrent.ThreadPoolExecutor.getTask(ThreadPoolExecutor.java:1074)
        at java.util.concurrent.ThreadPoolExecutor.runWorker(ThreadPoolExecutor.java:1134)
        at java.util.concurrent.ThreadPoolExecutor$Worker.run(ThreadPoolExecutor.java:624)
        at java.lang.Thread.run(Thread.java:750)
"Signal Dispatcher" daemon prio=9 tid=4 runnable
java.lang.Thread.State: RUNNABLE
"28fc21f1-0f1b-4853-8334-7fb4bdc0ccf0@group-D84CB1ADCB76-StateMachineUpdater" daemon prio=5 tid=660 timed_waiting
java.lang.Thread.State: TIMED_WAITING
        at sun.misc.Unsafe.park(Native Method)
        at java.util.concurrent.locks.LockSupport.parkNanos(LockSupport.java:215)
        at java.util.concurrent.locks.AbstractQueuedSynchronizer$ConditionObject.await(AbstractQueuedSynchronizer.java:2163)
        at org.apache.ratis.util.AwaitForSignal.await(AwaitForSignal.java:62)
        at org.apache.ratis.server.impl.StateMachineUpdater.waitForCommit(StateMachineUpdater.java:209)
        at org.apache.ratis.server.impl.StateMachineUpdater.run(StateMachineUpdater.java:178)
        at java.lang.Thread.run(Thread.java:750)
"28fc21f1-0f1b-4853-8334-7fb4bdc0ccf0@group-13976FD52583-StateMachineUpdater" daemon prio=5 tid=656 timed_waiting
java.lang.Thread.State: TIMED_WAITING
        at sun.misc.Unsafe.park(Native Method)
        at java.util.concurrent.locks.LockSupport.parkNanos(LockSupport.java:215)
        at java.util.concurrent.locks.AbstractQueuedSynchronizer$ConditionObject.await(AbstractQueuedSynchronizer.java:2163)
        at org.apache.ratis.util.AwaitForSignal.await(AwaitForSignal.java:62)
        at org.apache.ratis.server.impl.StateMachineUpdater.waitForCommit(StateMachineUpdater.java:209)
        at org.apache.ratis.server.impl.StateMachineUpdater.run(StateMachineUpdater.java:178)
        at java.lang.Thread.run(Thread.java:750)
"IPC Server handler 13 on default port 15004" daemon prio=5 tid=190 timed_waiting
java.lang.Thread.State: TIMED_WAITING
        at sun.misc.Unsafe.park(Native Method)
        at java.util.concurrent.locks.LockSupport.parkNanos(LockSupport.java:215)
        at java.util.concurrent.locks.AbstractQueuedSynchronizer$ConditionObject.awaitNanos(AbstractQueuedSynchronizer.java:2078)
        at java.util.concurrent.LinkedBlockingQueue.poll(LinkedBlockingQueue.java:467)
        at org.apache.hadoop.ipc.CallQueueManager.take(CallQueueManager.java:317)
        at org.apache.hadoop.ipc.Server$Handler.run(Server.java:3014)
"Datanode State Machine Task Thread - 1"  prio=5 tid=575 in Object.wait()
java.lang.Thread.State: WAITING (on object monitor)
        at sun.misc.Unsafe.park(Native Method)
        at java.util.concurrent.locks.LockSupport.park(LockSupport.java:175)
        at java.util.concurrent.locks.AbstractQueuedSynchronizer$ConditionObject.await(AbstractQueuedSynchronizer.java:2039)
        at java.util.concurrent.LinkedBlockingQueue.take(LinkedBlockingQueue.java:442)
        at java.util.concurrent.ThreadPoolExecutor.getTask(ThreadPoolExecutor.java:1074)
        at java.util.concurrent.ThreadPoolExecutor.runWorker(ThreadPoolExecutor.java:1134)
        at java.util.concurrent.ThreadPoolExecutor$Worker.run(ThreadPoolExecutor.java:624)
        at java.lang.Thread.run(Thread.java:750)
"qtp955442053-529" daemon prio=5 tid=529 runnable
java.lang.Thread.State: RUNNABLE
        at sun.nio.ch.EPollArrayWrapper.epollWait(Native Method)
        at sun.nio.ch.EPollArrayWrapper.poll(EPollArrayWrapper.java:269)
        at sun.nio.ch.EPollSelectorImpl.doSelect(EPollSelectorImpl.java:93)
        at sun.nio.ch.SelectorImpl.lockAndDoSelect(SelectorImpl.java:86)
        at sun.nio.ch.SelectorImpl.select(SelectorImpl.java:97)
        at sun.nio.ch.SelectorImpl.select(SelectorImpl.java:101)
        at org.eclipse.jetty.io.ManagedSelector.nioSelect(ManagedSelector.java:183)
        at org.eclipse.jetty.io.ManagedSelector.select(ManagedSelector.java:190)
        at org.eclipse.jetty.io.ManagedSelector$SelectorProducer.select(ManagedSelector.java:606)
        at org.eclipse.jetty.io.ManagedSelector$SelectorProducer.produce(ManagedSelector.java:543)
        at org.eclipse.jetty.util.thread.strategy.EatWhatYouKill.produceTask(EatWhatYouKill.java:362)
        at org.eclipse.jetty.util.thread.strategy.EatWhatYouKill.doProduce(EatWhatYouKill.java:186)
        at org.eclipse.jetty.util.thread.strategy.EatWhatYouKill.tryProduce(EatWhatYouKill.java:173)
        at org.eclipse.jetty.util.thread.strategy.EatWhatYouKill.produce(EatWhatYouKill.java:137)
        at org.eclipse.jetty.io.ManagedSelector$$Lambda$406/113042195.run(Unknown Source)
        at org.eclipse.jetty.util.thread.QueuedThreadPool.runJob(QueuedThreadPool.java:883)
        at org.eclipse.jetty.util.thread.QueuedThreadPool$Runner.run(QueuedThreadPool.java:1034)
        at java.lang.Thread.run(Thread.java:750)
"SCMBlockDeletingService#0" daemon prio=5 tid=126 timed_waiting
java.lang.Thread.State: TIMED_WAITING
        at sun.misc.Unsafe.park(Native Method)
        at java.util.concurrent.locks.LockSupport.parkNanos(LockSupport.java:215)
        at java.util.concurrent.locks.AbstractQueuedSynchronizer$ConditionObject.awaitNanos(AbstractQueuedSynchronizer.java:2078)
        at java.util.concurrent.ScheduledThreadPoolExecutor$DelayedWorkQueue.take(ScheduledThreadPoolExecutor.java:1093)
        at java.util.concurrent.ScheduledThreadPoolExecutor$DelayedWorkQueue.take(ScheduledThreadPoolExecutor.java:809)
        at java.util.concurrent.ThreadPoolExecutor.getTask(ThreadPoolExecutor.java:1074)
        at java.util.concurrent.ThreadPoolExecutor.runWorker(ThreadPoolExecutor.java:1134)
        at java.util.concurrent.ThreadPoolExecutor$Worker.run(ThreadPoolExecutor.java:624)
        at java.lang.Thread.run(Thread.java:750)
"6f9d3266-b874-4586-a718-9027df6ff647-DataStreamManagement-request--thread2"  prio=5 tid=1104 in Object.wait()
java.lang.Thread.State: WAITING (on object monitor)
        at sun.misc.Unsafe.park(Native Method)
        at java.util.concurrent.locks.LockSupport.park(LockSupport.java:175)
        at java.util.concurrent.locks.AbstractQueuedSynchronizer$ConditionObject.await(AbstractQueuedSynchronizer.java:2039)
        at java.util.concurrent.LinkedBlockingQueue.take(LinkedBlockingQueue.java:442)
        at java.util.concurrent.ThreadPoolExecutor.getTask(ThreadPoolExecutor.java:1074)
        at java.util.concurrent.ThreadPoolExecutor.runWorker(ThreadPoolExecutor.java:1134)
        at java.util.concurrent.ThreadPoolExecutor$Worker.run(ThreadPoolExecutor.java:624)
        at java.lang.Thread.run(Thread.java:750)
"IPC Server handler 0 on default port 15019" daemon prio=5 tid=248 timed_waiting
java.lang.Thread.State: TIMED_WAITING
        at sun.misc.Unsafe.park(Native Method)
        at java.util.concurrent.locks.LockSupport.parkNanos(LockSupport.java:215)
        at java.util.concurrent.locks.AbstractQueuedSynchronizer$ConditionObject.awaitNanos(AbstractQueuedSynchronizer.java:2078)
        at java.util.concurrent.LinkedBlockingQueue.poll(LinkedBlockingQueue.java:467)
        at org.apache.hadoop.ipc.CallQueueManager.take(CallQueueManager.java:317)
        at org.apache.hadoop.ipc.Server$Handler.run(Server.java:3014)
"IPC Server idle connection scanner for port 15055" daemon prio=5 tid=365 timed_waiting
java.lang.Thread.State: TIMED_WAITING
        at java.lang.Object.wait(Native Method)
        at java.util.TimerThread.mainLoop(Timer.java:552)
        at java.util.TimerThread.run(Timer.java:505)
"qtp1002279474-137" daemon prio=5 tid=137 timed_waiting
java.lang.Thread.State: TIMED_WAITING
        at sun.misc.Unsafe.park(Native Method)
        at java.util.concurrent.locks.LockSupport.parkNanos(LockSupport.java:215)
        at java.util.concurrent.locks.AbstractQueuedSynchronizer$ConditionObject.awaitNanos(AbstractQueuedSynchronizer.java:2078)
        at org.eclipse.jetty.util.BlockingArrayQueue.poll(BlockingArrayQueue.java:382)
        at org.eclipse.jetty.util.thread.QueuedThreadPool$Runner.idleJobPoll(QueuedThreadPool.java:974)
        at org.eclipse.jetty.util.thread.QueuedThreadPool$Runner.run(QueuedThreadPool.java:1018)
        at java.lang.Thread.run(Thread.java:750)
"Datanode State Machine Task Thread - 1"  prio=5 tid=637 in Object.wait()
java.lang.Thread.State: WAITING (on object monitor)
        at sun.misc.Unsafe.park(Native Method)
        at java.util.concurrent.locks.LockSupport.park(LockSupport.java:175)
        at java.util.concurrent.locks.AbstractQueuedSynchronizer$ConditionObject.await(AbstractQueuedSynchronizer.java:2039)
        at java.util.concurrent.LinkedBlockingQueue.take(LinkedBlockingQueue.java:442)
        at java.util.concurrent.ThreadPoolExecutor.getTask(ThreadPoolExecutor.java:1074)
        at java.util.concurrent.ThreadPoolExecutor.runWorker(ThreadPoolExecutor.java:1134)
        at java.util.concurrent.ThreadPoolExecutor$Worker.run(ThreadPoolExecutor.java:624)
        at java.lang.Thread.run(Thread.java:750)
"BlockDeletingService#3" daemon prio=5 tid=1642 in Object.wait()
java.lang.Thread.State: WAITING (on object monitor)
        at sun.misc.Unsafe.park(Native Method)
        at java.util.concurrent.locks.LockSupport.park(LockSupport.java:175)
        at java.util.concurrent.locks.AbstractQueuedSynchronizer$ConditionObject.await(AbstractQueuedSynchronizer.java:2039)
        at java.util.concurrent.ScheduledThreadPoolExecutor$DelayedWorkQueue.take(ScheduledThreadPoolExecutor.java:1088)
        at java.util.concurrent.ScheduledThreadPoolExecutor$DelayedWorkQueue.take(ScheduledThreadPoolExecutor.java:809)
        at java.util.concurrent.ThreadPoolExecutor.getTask(ThreadPoolExecutor.java:1074)
        at java.util.concurrent.ThreadPoolExecutor.runWorker(ThreadPoolExecutor.java:1134)
        at java.util.concurrent.ThreadPoolExecutor$Worker.run(ThreadPoolExecutor.java:624)
        at java.lang.Thread.run(Thread.java:750)
"6220322b-c54d-4ba8-95d6-5fd9b706d663-DataStreamManagement-request--thread5"  prio=5 tid=1079 in Object.wait()
java.lang.Thread.State: WAITING (on object monitor)
        at sun.misc.Unsafe.park(Native Method)
        at java.util.concurrent.locks.LockSupport.park(LockSupport.java:175)
        at java.util.concurrent.locks.AbstractQueuedSynchronizer$ConditionObject.await(AbstractQueuedSynchronizer.java:2039)
        at java.util.concurrent.LinkedBlockingQueue.take(LinkedBlockingQueue.java:442)
        at java.util.concurrent.ThreadPoolExecutor.getTask(ThreadPoolExecutor.java:1074)
        at java.util.concurrent.ThreadPoolExecutor.runWorker(ThreadPoolExecutor.java:1134)
        at java.util.concurrent.ThreadPoolExecutor$Worker.run(ThreadPoolExecutor.java:624)
        at java.lang.Thread.run(Thread.java:750)
"ChunkWriter-3-0" daemon prio=5 tid=629 in Object.wait()
java.lang.Thread.State: WAITING (on object monitor)
        at sun.misc.Unsafe.park(Native Method)
        at java.util.concurrent.locks.LockSupport.park(LockSupport.java:175)
        at java.util.concurrent.locks.AbstractQueuedSynchronizer$ConditionObject.await(AbstractQueuedSynchronizer.java:2039)
        at java.util.concurrent.LinkedBlockingDeque.takeFirst(LinkedBlockingDeque.java:492)
        at java.util.concurrent.LinkedBlockingDeque.take(LinkedBlockingDeque.java:680)
        at java.util.concurrent.ThreadPoolExecutor.getTask(ThreadPoolExecutor.java:1074)
        at java.util.concurrent.ThreadPoolExecutor.runWorker(ThreadPoolExecutor.java:1134)
        at java.util.concurrent.ThreadPoolExecutor$Worker.run(ThreadPoolExecutor.java:624)
        at java.lang.Thread.run(Thread.java:750)
"Session-HouseKeeper-2aba7683-1"  prio=5 tid=329 timed_waiting
java.lang.Thread.State: TIMED_WAITING
        at sun.misc.Unsafe.park(Native Method)
        at java.util.concurrent.locks.LockSupport.parkNanos(LockSupport.java:215)
        at java.util.concurrent.locks.AbstractQueuedSynchronizer$ConditionObject.awaitNanos(AbstractQueuedSynchronizer.java:2078)
        at java.util.concurrent.ScheduledThreadPoolExecutor$DelayedWorkQueue.take(ScheduledThreadPoolExecutor.java:1093)
        at java.util.concurrent.ScheduledThreadPoolExecutor$DelayedWorkQueue.take(ScheduledThreadPoolExecutor.java:809)
        at java.util.concurrent.ThreadPoolExecutor.getTask(ThreadPoolExecutor.java:1074)
        at java.util.concurrent.ThreadPoolExecutor.runWorker(ThreadPoolExecutor.java:1134)
        at java.util.concurrent.ThreadPoolExecutor$Worker.run(ThreadPoolExecutor.java:624)
        at java.lang.Thread.run(Thread.java:750)
"StaleRecoveringContainerScrubbingService#1" daemon prio=5 tid=634 in Object.wait()
java.lang.Thread.State: WAITING (on object monitor)
        at sun.misc.Unsafe.park(Native Method)
        at java.util.concurrent.locks.LockSupport.park(LockSupport.java:175)
        at java.util.concurrent.locks.AbstractQueuedSynchronizer$ConditionObject.await(AbstractQueuedSynchronizer.java:2039)
        at java.util.concurrent.ScheduledThreadPoolExecutor$DelayedWorkQueue.take(ScheduledThreadPoolExecutor.java:1088)
        at java.util.concurrent.ScheduledThreadPoolExecutor$DelayedWorkQueue.take(ScheduledThreadPoolExecutor.java:809)
        at java.util.concurrent.ThreadPoolExecutor.getTask(ThreadPoolExecutor.java:1074)
        at java.util.concurrent.ThreadPoolExecutor.runWorker(ThreadPoolExecutor.java:1134)
        at java.util.concurrent.ThreadPoolExecutor$Worker.run(ThreadPoolExecutor.java:624)
        at java.lang.Thread.run(Thread.java:750)
"ContainerOp-9e39b8f2-dd05-49f1-bf9a-d1a0b4f7e96e-4"  prio=5 tid=1312 in Object.wait()
java.lang.Thread.State: WAITING (on object monitor)
        at sun.misc.Unsafe.park(Native Method)
        at java.util.concurrent.locks.LockSupport.park(LockSupport.java:175)
        at java.util.concurrent.locks.AbstractQueuedSynchronizer$ConditionObject.await(AbstractQueuedSynchronizer.java:2039)
        at java.util.concurrent.LinkedBlockingQueue.take(LinkedBlockingQueue.java:442)
        at java.util.concurrent.ThreadPoolExecutor.getTask(ThreadPoolExecutor.java:1074)
        at java.util.concurrent.ThreadPoolExecutor.runWorker(ThreadPoolExecutor.java:1134)
        at java.util.concurrent.ThreadPoolExecutor$Worker.run(ThreadPoolExecutor.java:624)
        at java.lang.Thread.run(Thread.java:750)
"ContainerOp-870a759f-8d79-46e0-9830-9a5c66ffce8a-1"  prio=5 tid=1158 in Object.wait()
java.lang.Thread.State: WAITING (on object monitor)
        at sun.misc.Unsafe.park(Native Method)
        at java.util.concurrent.locks.LockSupport.park(LockSupport.java:175)
        at java.util.concurrent.locks.AbstractQueuedSynchronizer$ConditionObject.await(AbstractQueuedSynchronizer.java:2039)
        at java.util.concurrent.LinkedBlockingQueue.take(LinkedBlockingQueue.java:442)
        at java.util.concurrent.ThreadPoolExecutor.getTask(ThreadPoolExecutor.java:1074)
        at java.util.concurrent.ThreadPoolExecutor.runWorker(ThreadPoolExecutor.java:1134)
        at java.util.concurrent.ThreadPoolExecutor$Worker.run(ThreadPoolExecutor.java:624)
        at java.lang.Thread.run(Thread.java:750)
"6f9d3266-b874-4586-a718-9027df6ff647-DataStreamManagement-request--thread8" daemon prio=5 tid=1116 in Object.wait()
java.lang.Thread.State: WAITING (on object monitor)
        at sun.misc.Unsafe.park(Native Method)
        at java.util.concurrent.locks.LockSupport.park(LockSupport.java:175)
        at java.util.concurrent.locks.AbstractQueuedSynchronizer$ConditionObject.await(AbstractQueuedSynchronizer.java:2039)
        at java.util.concurrent.LinkedBlockingQueue.take(LinkedBlockingQueue.java:442)
        at java.util.concurrent.ThreadPoolExecutor.getTask(ThreadPoolExecutor.java:1074)
        at java.util.concurrent.ThreadPoolExecutor.runWorker(ThreadPoolExecutor.java:1134)
        at java.util.concurrent.ThreadPoolExecutor$Worker.run(ThreadPoolExecutor.java:624)
        at java.lang.Thread.run(Thread.java:750)
"80a9a8fe-8ad4-444c-8e90-e2ced2b3ac02@group-9A5C66FFCE8A-StateMachineUpdater" daemon prio=5 tid=792 timed_waiting
java.lang.Thread.State: TIMED_WAITING
        at sun.misc.Unsafe.park(Native Method)
        at java.util.concurrent.locks.LockSupport.parkNanos(LockSupport.java:215)
        at java.util.concurrent.locks.AbstractQueuedSynchronizer$ConditionObject.await(AbstractQueuedSynchronizer.java:2163)
        at org.apache.ratis.util.AwaitForSignal.await(AwaitForSignal.java:62)
        at org.apache.ratis.server.impl.StateMachineUpdater.waitForCommit(StateMachineUpdater.java:209)
        at org.apache.ratis.server.impl.StateMachineUpdater.run(StateMachineUpdater.java:178)
        at java.lang.Thread.run(Thread.java:750)
"EndpointStateMachine task thread for /0.0.0.0:15002 - 0 "  prio=5 tid=495 in Object.wait()
java.lang.Thread.State: WAITING (on object monitor)
        at sun.misc.Unsafe.park(Native Method)
        at java.util.concurrent.locks.LockSupport.park(LockSupport.java:175)
        at java.util.concurrent.locks.AbstractQueuedSynchronizer$ConditionObject.await(AbstractQueuedSynchronizer.java:2039)
        at java.util.concurrent.LinkedBlockingQueue.take(LinkedBlockingQueue.java:442)
        at java.util.concurrent.ThreadPoolExecutor.getTask(ThreadPoolExecutor.java:1074)
        at java.util.concurrent.ThreadPoolExecutor.runWorker(ThreadPoolExecutor.java:1134)
        at java.util.concurrent.ThreadPoolExecutor$Worker.run(ThreadPoolExecutor.java:624)
        at java.lang.Thread.run(Thread.java:750)
"qtp1538487153-322-acceptor-0@7d757960-ServerConnector@11933c65{HTTP/1.1, (http/1.1)}{0.0.0.0:15045}" daemon prio=3 tid=322 runnable
java.lang.Thread.State: RUNNABLE
        at sun.nio.ch.ServerSocketChannelImpl.accept0(Native Method)
        at sun.nio.ch.ServerSocketChannelImpl.accept(ServerSocketChannelImpl.java:421)
        at sun.nio.ch.ServerSocketChannelImpl.accept(ServerSocketChannelImpl.java:249)
        at org.eclipse.jetty.server.ServerConnector.accept(ServerConnector.java:388)
        at org.eclipse.jetty.server.AbstractConnector$Acceptor.run(AbstractConnector.java:704)
        at org.eclipse.jetty.util.thread.QueuedThreadPool.runJob(QueuedThreadPool.java:883)
        at org.eclipse.jetty.util.thread.QueuedThreadPool$Runner.run(QueuedThreadPool.java:1034)
        at java.lang.Thread.run(Thread.java:750)
"80a9a8fe-8ad4-444c-8e90-e2ced2b3ac02@group-9A5C66FFCE8A-LeaderStateImpl" daemon prio=5 tid=1156 timed_waiting
java.lang.Thread.State: TIMED_WAITING
        at sun.misc.Unsafe.park(Native Method)
        at java.util.concurrent.locks.LockSupport.parkNanos(LockSupport.java:215)
        at java.util.concurrent.locks.AbstractQueuedSynchronizer$ConditionObject.awaitNanos(AbstractQueuedSynchronizer.java:2078)
        at java.util.concurrent.ArrayBlockingQueue.poll(ArrayBlockingQueue.java:418)
        at org.apache.ratis.server.impl.LeaderStateImpl$EventQueue.poll(LeaderStateImpl.java:164)
        at org.apache.ratis.server.impl.LeaderStateImpl$EventProcessor.run(LeaderStateImpl.java:702)
"Hadoop-Metrics-Updater-0" daemon prio=5 tid=305 timed_waiting
java.lang.Thread.State: TIMED_WAITING
        at sun.misc.Unsafe.park(Native Method)
        at java.util.concurrent.locks.LockSupport.parkNanos(LockSupport.java:215)
        at java.util.concurrent.locks.AbstractQueuedSynchronizer$ConditionObject.awaitNanos(AbstractQueuedSynchronizer.java:2078)
        at java.util.concurrent.ScheduledThreadPoolExecutor$DelayedWorkQueue.take(ScheduledThreadPoolExecutor.java:1093)
        at java.util.concurrent.ScheduledThreadPoolExecutor$DelayedWorkQueue.take(ScheduledThreadPoolExecutor.java:809)
        at java.util.concurrent.ThreadPoolExecutor.getTask(ThreadPoolExecutor.java:1074)
        at java.util.concurrent.ThreadPoolExecutor.runWorker(ThreadPoolExecutor.java:1134)
        at java.util.concurrent.ThreadPoolExecutor$Worker.run(ThreadPoolExecutor.java:624)
        at java.lang.Thread.run(Thread.java:750)
"IPC Server idle connection scanner for port 15082" daemon prio=5 tid=511 timed_waiting
java.lang.Thread.State: TIMED_WAITING
        at java.lang.Object.wait(Native Method)
        at java.util.TimerThread.mainLoop(Timer.java:552)
        at java.util.TimerThread.run(Timer.java:505)
"EndpointStateMachine task thread for /0.0.0.0:15002 - 0 "  prio=5 tid=395 in Object.wait()
java.lang.Thread.State: WAITING (on object monitor)
        at sun.misc.Unsafe.park(Native Method)
        at java.util.concurrent.locks.LockSupport.park(LockSupport.java:175)
        at java.util.concurrent.locks.AbstractQueuedSynchronizer$ConditionObject.await(AbstractQueuedSynchronizer.java:2039)
        at java.util.concurrent.LinkedBlockingQueue.take(LinkedBlockingQueue.java:442)
        at java.util.concurrent.ThreadPoolExecutor.getTask(ThreadPoolExecutor.java:1074)
        at java.util.concurrent.ThreadPoolExecutor.runWorker(ThreadPoolExecutor.java:1134)
        at java.util.concurrent.ThreadPoolExecutor$Worker.run(ThreadPoolExecutor.java:624)
        at java.lang.Thread.run(Thread.java:750)
"Datanode ReportManager Thread - 1" daemon prio=5 tid=338 in Object.wait()
java.lang.Thread.State: WAITING (on object monitor)
        at sun.misc.Unsafe.park(Native Method)
        at java.util.concurrent.locks.LockSupport.park(LockSupport.java:175)
        at java.util.concurrent.locks.AbstractQueuedSynchronizer$ConditionObject.await(AbstractQueuedSynchronizer.java:2039)
        at java.util.concurrent.ScheduledThreadPoolExecutor$DelayedWorkQueue.take(ScheduledThreadPoolExecutor.java:1088)
        at java.util.concurrent.ScheduledThreadPoolExecutor$DelayedWorkQueue.take(ScheduledThreadPoolExecutor.java:809)
        at java.util.concurrent.ThreadPoolExecutor.getTask(ThreadPoolExecutor.java:1074)
        at java.util.concurrent.ThreadPoolExecutor.runWorker(ThreadPoolExecutor.java:1134)
        at java.util.concurrent.ThreadPoolExecutor$Worker.run(ThreadPoolExecutor.java:624)
        at java.lang.Thread.run(Thread.java:750)
"IPC Server Responder" daemon prio=5 tid=275 runnable
java.lang.Thread.State: RUNNABLE
        at sun.nio.ch.EPollArrayWrapper.epollWait(Native Method)
        at sun.nio.ch.EPollArrayWrapper.poll(EPollArrayWrapper.java:269)
        at sun.nio.ch.EPollSelectorImpl.doSelect(EPollSelectorImpl.java:93)
        at sun.nio.ch.SelectorImpl.lockAndDoSelect(SelectorImpl.java:86)
        at sun.nio.ch.SelectorImpl.select(SelectorImpl.java:97)
        at org.apache.hadoop.ipc.Server$Responder.doRunLoop(Server.java:1582)
        at org.apache.hadoop.ipc.Server$Responder.run(Server.java:1565)
"Socket Reader #1 for port 15001"  prio=5 tid=47 runnable
java.lang.Thread.State: RUNNABLE
        at sun.nio.ch.EPollArrayWrapper.epollWait(Native Method)
        at sun.nio.ch.EPollArrayWrapper.poll(EPollArrayWrapper.java:269)
        at sun.nio.ch.EPollSelectorImpl.doSelect(EPollSelectorImpl.java:93)
        at sun.nio.ch.SelectorImpl.lockAndDoSelect(SelectorImpl.java:86)
        at sun.nio.ch.SelectorImpl.select(SelectorImpl.java:97)
        at sun.nio.ch.SelectorImpl.select(SelectorImpl.java:101)
        at org.apache.hadoop.ipc.Server$Listener$Reader.doRunLoop(Server.java:1346)
        at org.apache.hadoop.ipc.Server$Listener$Reader.run(Server.java:1325)
"4dfacd3a-85e6-4f60-aa9f-15a17a1c954a-server-thread1" daemon prio=5 tid=994 timed_waiting
java.lang.Thread.State: TIMED_WAITING
        at sun.misc.Unsafe.park(Native Method)
        at java.util.concurrent.locks.LockSupport.parkNanos(LockSupport.java:215)
        at java.util.concurrent.SynchronousQueue$TransferStack.awaitFulfill(SynchronousQueue.java:460)
        at java.util.concurrent.SynchronousQueue$TransferStack.transfer(SynchronousQueue.java:362)
        at java.util.concurrent.SynchronousQueue.poll(SynchronousQueue.java:941)
        at java.util.concurrent.ThreadPoolExecutor.getTask(ThreadPoolExecutor.java:1073)
        at java.util.concurrent.ThreadPoolExecutor.runWorker(ThreadPoolExecutor.java:1134)
        at java.util.concurrent.ThreadPoolExecutor$Worker.run(ThreadPoolExecutor.java:624)
        at java.lang.Thread.run(Thread.java:750)
"Periodic HDDS volume checker" daemon prio=5 tid=593 timed_waiting
java.lang.Thread.State: TIMED_WAITING
        at sun.misc.Unsafe.park(Native Method)
        at java.util.concurrent.locks.LockSupport.parkNanos(LockSupport.java:215)
        at java.util.concurrent.locks.AbstractQueuedSynchronizer$ConditionObject.awaitNanos(AbstractQueuedSynchronizer.java:2078)
        at java.util.concurrent.ScheduledThreadPoolExecutor$DelayedWorkQueue.take(ScheduledThreadPoolExecutor.java:1093)
        at java.util.concurrent.ScheduledThreadPoolExecutor$DelayedWorkQueue.take(ScheduledThreadPoolExecutor.java:809)
        at java.util.concurrent.ThreadPoolExecutor.getTask(ThreadPoolExecutor.java:1074)
        at java.util.concurrent.ThreadPoolExecutor.runWorker(ThreadPoolExecutor.java:1134)
        at java.util.concurrent.ThreadPoolExecutor$Worker.run(ThreadPoolExecutor.java:624)
        at java.lang.Thread.run(Thread.java:750)
"StaleRecoveringContainerScrubbingService#2" daemon prio=5 tid=1635 in Object.wait()
java.lang.Thread.State: WAITING (on object monitor)
        at sun.misc.Unsafe.park(Native Method)
        at java.util.concurrent.locks.LockSupport.park(LockSupport.java:175)
        at java.util.concurrent.locks.AbstractQueuedSynchronizer$ConditionObject.await(AbstractQueuedSynchronizer.java:2039)
        at java.util.concurrent.ScheduledThreadPoolExecutor$DelayedWorkQueue.take(ScheduledThreadPoolExecutor.java:1088)
        at java.util.concurrent.ScheduledThreadPoolExecutor$DelayedWorkQueue.take(ScheduledThreadPoolExecutor.java:809)
        at java.util.concurrent.ThreadPoolExecutor.getTask(ThreadPoolExecutor.java:1074)
        at java.util.concurrent.ThreadPoolExecutor.runWorker(ThreadPoolExecutor.java:1134)
        at java.util.concurrent.ThreadPoolExecutor$Worker.run(ThreadPoolExecutor.java:624)
        at java.lang.Thread.run(Thread.java:750)
"6220322b-c54d-4ba8-95d6-5fd9b706d663@group-E0A3CFFD1989-FollowerState" daemon prio=5 tid=928 timed_waiting
java.lang.Thread.State: TIMED_WAITING
        at java.lang.Thread.sleep(Native Method)
        at java.lang.Thread.sleep(Thread.java:342)
        at java.util.concurrent.TimeUnit.sleep(TimeUnit.java:386)
        at org.apache.ratis.util.TimeDuration.sleep(TimeDuration.java:325)
        at org.apache.ratis.util.TimeDuration.sleep(TimeDuration.java:310)
        at org.apache.ratis.server.impl.FollowerState.run(FollowerState.java:128)
"StaleRecoveringContainerScrubbingService#0" daemon prio=5 tid=587 timed_waiting
java.lang.Thread.State: TIMED_WAITING
        at sun.misc.Unsafe.park(Native Method)
        at java.util.concurrent.locks.LockSupport.parkNanos(LockSupport.java:215)
        at java.util.concurrent.locks.AbstractQueuedSynchronizer$ConditionObject.awaitNanos(AbstractQueuedSynchronizer.java:2078)
        at java.util.concurrent.ScheduledThreadPoolExecutor$DelayedWorkQueue.take(ScheduledThreadPoolExecutor.java:1093)
        at java.util.concurrent.ScheduledThreadPoolExecutor$DelayedWorkQueue.take(ScheduledThreadPoolExecutor.java:809)
        at java.util.concurrent.ThreadPoolExecutor.getTask(ThreadPoolExecutor.java:1074)
        at java.util.concurrent.ThreadPoolExecutor.runWorker(ThreadPoolExecutor.java:1134)
        at java.util.concurrent.ThreadPoolExecutor$Worker.run(ThreadPoolExecutor.java:624)
        at java.lang.Thread.run(Thread.java:750)
"qtp1002279474-133" daemon prio=5 tid=133 timed_waiting
java.lang.Thread.State: TIMED_WAITING
        at sun.misc.Unsafe.park(Native Method)
        at java.util.concurrent.locks.LockSupport.parkNanos(LockSupport.java:215)
        at java.util.concurrent.locks.AbstractQueuedSynchronizer$ConditionObject.awaitNanos(AbstractQueuedSynchronizer.java:2078)
        at org.eclipse.jetty.util.BlockingArrayQueue.poll(BlockingArrayQueue.java:382)
        at org.eclipse.jetty.util.thread.QueuedThreadPool$Runner.idleJobPoll(QueuedThreadPool.java:974)
        at org.eclipse.jetty.util.thread.QueuedThreadPool$Runner.run(QueuedThreadPool.java:1018)
        at java.lang.Thread.run(Thread.java:750)
"org.apache.hadoop.ozone.container.common.statemachine.commandhandler.DeleteBlocksCommandHandler$DeleteCmdWorker@30a73214" daemon prio=5 tid=261 timed_waiting
java.lang.Thread.State: TIMED_WAITING
        at java.lang.Thread.sleep(Native Method)
        at org.apache.hadoop.ozone.container.common.statemachine.commandhandler.DeleteBlocksCommandHandler$DeleteCmdWorker.run(DeleteBlocksCommandHandler.java:233)
        at java.lang.Thread.run(Thread.java:750)
"ContainerOp-13838721-bcae-49cb-b2fe-fcf027d0e9d3-5"  prio=5 tid=1221 in Object.wait()
java.lang.Thread.State: WAITING (on object monitor)
        at sun.misc.Unsafe.park(Native Method)
        at java.util.concurrent.locks.LockSupport.park(LockSupport.java:175)
        at java.util.concurrent.locks.AbstractQueuedSynchronizer$ConditionObject.await(AbstractQueuedSynchronizer.java:2039)
        at java.util.concurrent.LinkedBlockingQueue.take(LinkedBlockingQueue.java:442)
        at java.util.concurrent.ThreadPoolExecutor.getTask(ThreadPoolExecutor.java:1074)
        at java.util.concurrent.ThreadPoolExecutor.runWorker(ThreadPoolExecutor.java:1134)
        at java.util.concurrent.ThreadPoolExecutor$Worker.run(ThreadPoolExecutor.java:624)
        at java.lang.Thread.run(Thread.java:750)
"pool-219-thread-1"  prio=5 tid=349 timed_waiting
java.lang.Thread.State: TIMED_WAITING
        at sun.misc.Unsafe.park(Native Method)
        at java.util.concurrent.locks.LockSupport.parkNanos(LockSupport.java:215)
        at java.util.concurrent.locks.AbstractQueuedSynchronizer$ConditionObject.awaitNanos(AbstractQueuedSynchronizer.java:2078)
        at java.util.concurrent.ScheduledThreadPoolExecutor$DelayedWorkQueue.take(ScheduledThreadPoolExecutor.java:1093)
        at java.util.concurrent.ScheduledThreadPoolExecutor$DelayedWorkQueue.take(ScheduledThreadPoolExecutor.java:809)
        at java.util.concurrent.ThreadPoolExecutor.getTask(ThreadPoolExecutor.java:1074)
        at java.util.concurrent.ThreadPoolExecutor.runWorker(ThreadPoolExecutor.java:1134)
        at java.util.concurrent.ThreadPoolExecutor$Worker.run(ThreadPoolExecutor.java:624)
        at java.lang.Thread.run(Thread.java:750)
"Timer for 'KMS' metrics system" daemon prio=5 tid=30 timed_waiting
java.lang.Thread.State: TIMED_WAITING
        at java.lang.Object.wait(Native Method)
        at java.util.TimerThread.mainLoop(Timer.java:552)
        at java.util.TimerThread.run(Timer.java:505)
"Socket Reader #1 for port 15028"  prio=5 tid=273 runnable
java.lang.Thread.State: RUNNABLE
        at sun.nio.ch.EPollArrayWrapper.epollWait(Native Method)
        at sun.nio.ch.EPollArrayWrapper.poll(EPollArrayWrapper.java:269)
        at sun.nio.ch.EPollSelectorImpl.doSelect(EPollSelectorImpl.java:93)
        at sun.nio.ch.SelectorImpl.lockAndDoSelect(SelectorImpl.java:86)
        at sun.nio.ch.SelectorImpl.select(SelectorImpl.java:97)
        at sun.nio.ch.SelectorImpl.select(SelectorImpl.java:101)
        at org.apache.hadoop.ipc.Server$Listener$Reader.doRunLoop(Server.java:1346)
        at org.apache.hadoop.ipc.Server$Listener$Reader.run(Server.java:1325)
"Datanode ReportManager Thread - 1" daemon prio=5 tid=222 timed_waiting
java.lang.Thread.State: TIMED_WAITING
        at sun.misc.Unsafe.park(Native Method)
        at java.util.concurrent.locks.LockSupport.parkNanos(LockSupport.java:215)
        at java.util.concurrent.locks.AbstractQueuedSynchronizer$ConditionObject.awaitNanos(AbstractQueuedSynchronizer.java:2078)
        at java.util.concurrent.ScheduledThreadPoolExecutor$DelayedWorkQueue.take(ScheduledThreadPoolExecutor.java:1093)
        at java.util.concurrent.ScheduledThreadPoolExecutor$DelayedWorkQueue.take(ScheduledThreadPoolExecutor.java:809)
        at java.util.concurrent.ThreadPoolExecutor.getTask(ThreadPoolExecutor.java:1074)
        at java.util.concurrent.ThreadPoolExecutor.runWorker(ThreadPoolExecutor.java:1134)
        at java.util.concurrent.ThreadPoolExecutor$Worker.run(ThreadPoolExecutor.java:624)
        at java.lang.Thread.run(Thread.java:750)
"IPC Server handler 4 on default port 15001" daemon prio=5 tid=90 timed_waiting
java.lang.Thread.State: TIMED_WAITING
        at sun.misc.Unsafe.park(Native Method)
        at java.util.concurrent.locks.LockSupport.parkNanos(LockSupport.java:215)
        at java.util.concurrent.locks.AbstractQueuedSynchronizer$ConditionObject.awaitNanos(AbstractQueuedSynchronizer.java:2078)
        at java.util.concurrent.LinkedBlockingQueue.poll(LinkedBlockingQueue.java:467)
        at org.apache.hadoop.ipc.CallQueueManager.take(CallQueueManager.java:317)
        at org.apache.hadoop.ipc.Server$Handler.run(Server.java:3014)
"BlockDeletingService#3" daemon prio=5 tid=1644 in Object.wait()
java.lang.Thread.State: WAITING (on object monitor)
        at sun.misc.Unsafe.park(Native Method)
        at java.util.concurrent.locks.LockSupport.park(LockSupport.java:175)
        at java.util.concurrent.locks.AbstractQueuedSynchronizer$ConditionObject.await(AbstractQueuedSynchronizer.java:2039)
        at java.util.concurrent.ScheduledThreadPoolExecutor$DelayedWorkQueue.take(ScheduledThreadPoolExecutor.java:1088)
        at java.util.concurrent.ScheduledThreadPoolExecutor$DelayedWorkQueue.take(ScheduledThreadPoolExecutor.java:809)
        at java.util.concurrent.ThreadPoolExecutor.getTask(ThreadPoolExecutor.java:1074)
        at java.util.concurrent.ThreadPoolExecutor.runWorker(ThreadPoolExecutor.java:1134)
        at java.util.concurrent.ThreadPoolExecutor$Worker.run(ThreadPoolExecutor.java:624)
        at java.lang.Thread.run(Thread.java:750)
"ContainerOp-761249f9-8bb6-41bf-974d-4398accf5932-0"  prio=5 tid=1181 in Object.wait()
java.lang.Thread.State: WAITING (on object monitor)
        at sun.misc.Unsafe.park(Native Method)
        at java.util.concurrent.locks.LockSupport.park(LockSupport.java:175)
        at java.util.concurrent.locks.AbstractQueuedSynchronizer$ConditionObject.await(AbstractQueuedSynchronizer.java:2039)
        at java.util.concurrent.LinkedBlockingQueue.take(LinkedBlockingQueue.java:442)
        at java.util.concurrent.ThreadPoolExecutor.getTask(ThreadPoolExecutor.java:1074)
        at java.util.concurrent.ThreadPoolExecutor.runWorker(ThreadPoolExecutor.java:1134)
        at java.util.concurrent.ThreadPoolExecutor$Worker.run(ThreadPoolExecutor.java:624)
        at java.lang.Thread.run(Thread.java:750)
"OMDoubleBufferFlushThread" daemon prio=5 tid=145 timed_waiting
java.lang.Thread.State: TIMED_WAITING
        at java.lang.Object.wait(Native Method)
        at org.apache.hadoop.ozone.om.ratis.OzoneManagerDoubleBuffer.canFlush(OzoneManagerDoubleBuffer.java:627)
        at org.apache.hadoop.ozone.om.ratis.OzoneManagerDoubleBuffer.flushTransactions(OzoneManagerDoubleBuffer.java:278)
        at org.apache.hadoop.ozone.om.ratis.OzoneManagerDoubleBuffer$$Lambda$653/1778225032.run(Unknown Source)
        at java.lang.Thread.run(Thread.java:750)
"IPC Server handler 10 on default port 15002" daemon prio=5 tid=116 timed_waiting
java.lang.Thread.State: TIMED_WAITING
        at sun.misc.Unsafe.park(Native Method)
        at java.util.concurrent.locks.LockSupport.parkNanos(LockSupport.java:215)
        at java.util.concurrent.locks.AbstractQueuedSynchronizer$ConditionObject.awaitNanos(AbstractQueuedSynchronizer.java:2078)
        at java.util.concurrent.LinkedBlockingQueue.poll(LinkedBlockingQueue.java:467)
        at org.apache.hadoop.ipc.CallQueueManager.take(CallQueueManager.java:317)
        at org.apache.hadoop.ipc.Server$Handler.run(Server.java:3014)
"b431013d-a75d-44b2-a41a-a2e98e506a92@group-95B153CB0731-SegmentedRaftLogWorker"  prio=5 tid=824 timed_waiting
java.lang.Thread.State: TIMED_WAITING
        at sun.misc.Unsafe.park(Native Method)
        at java.util.concurrent.locks.LockSupport.parkNanos(LockSupport.java:215)
        at java.util.concurrent.locks.AbstractQueuedSynchronizer$ConditionObject.awaitNanos(AbstractQueuedSynchronizer.java:2078)
        at org.apache.ratis.util.DataBlockingQueue.poll(DataBlockingQueue.java:148)
        at org.apache.ratis.server.raftlog.segmented.SegmentedRaftLogWorker.run(SegmentedRaftLogWorker.java:307)
        at org.apache.ratis.server.raftlog.segmented.SegmentedRaftLogWorker$$Lambda$841/2058580550.run(Unknown Source)
        at java.util.concurrent.Executors$RunnableAdapter.call(Executors.java:511)
        at java.util.concurrent.FutureTask.run(FutureTask.java:266)
        at java.util.concurrent.ThreadPoolExecutor.runWorker(ThreadPoolExecutor.java:1149)
        at java.util.concurrent.ThreadPoolExecutor$Worker.run(ThreadPoolExecutor.java:624)
        at java.lang.Thread.run(Thread.java:750)
"CompactionDagPruningService" daemon prio=5 tid=142 timed_waiting
java.lang.Thread.State: TIMED_WAITING
        at sun.misc.Unsafe.park(Native Method)
        at java.util.concurrent.locks.LockSupport.parkNanos(LockSupport.java:215)
        at java.util.concurrent.locks.AbstractQueuedSynchronizer$ConditionObject.awaitNanos(AbstractQueuedSynchronizer.java:2078)
        at java.util.concurrent.ScheduledThreadPoolExecutor$DelayedWorkQueue.take(ScheduledThreadPoolExecutor.java:1093)
        at java.util.concurrent.ScheduledThreadPoolExecutor$DelayedWorkQueue.take(ScheduledThreadPoolExecutor.java:809)
        at java.util.concurrent.ThreadPoolExecutor.getTask(ThreadPoolExecutor.java:1074)
        at java.util.concurrent.ThreadPoolExecutor.runWorker(ThreadPoolExecutor.java:1134)
        at java.util.concurrent.ThreadPoolExecutor$Worker.run(ThreadPoolExecutor.java:624)
        at java.lang.Thread.run(Thread.java:750)
"pool-335-thread-1"  prio=5 tid=528 timed_waiting
java.lang.Thread.State: TIMED_WAITING
        at sun.misc.Unsafe.park(Native Method)
        at java.util.concurrent.locks.LockSupport.parkNanos(LockSupport.java:215)
        at java.util.concurrent.locks.AbstractQueuedSynchronizer$ConditionObject.awaitNanos(AbstractQueuedSynchronizer.java:2078)
        at java.util.concurrent.ScheduledThreadPoolExecutor$DelayedWorkQueue.take(ScheduledThreadPoolExecutor.java:1093)
        at java.util.concurrent.ScheduledThreadPoolExecutor$DelayedWorkQueue.take(ScheduledThreadPoolExecutor.java:809)
        at java.util.concurrent.ThreadPoolExecutor.getTask(ThreadPoolExecutor.java:1074)
        at java.util.concurrent.ThreadPoolExecutor.runWorker(ThreadPoolExecutor.java:1134)
        at java.util.concurrent.ThreadPoolExecutor$Worker.run(ThreadPoolExecutor.java:624)
        at java.lang.Thread.run(Thread.java:750)
"f6fa4039-8fe9-46ca-92f5-bb04d02dc273-DataStreamManagement-request--thread5"  prio=5 tid=1404 in Object.wait()
java.lang.Thread.State: WAITING (on object monitor)
        at sun.misc.Unsafe.park(Native Method)
        at java.util.concurrent.locks.LockSupport.park(LockSupport.java:175)
        at java.util.concurrent.locks.AbstractQueuedSynchronizer$ConditionObject.await(AbstractQueuedSynchronizer.java:2039)
        at java.util.concurrent.LinkedBlockingQueue.take(LinkedBlockingQueue.java:442)
        at java.util.concurrent.ThreadPoolExecutor.getTask(ThreadPoolExecutor.java:1074)
        at java.util.concurrent.ThreadPoolExecutor.runWorker(ThreadPoolExecutor.java:1134)
        at java.util.concurrent.ThreadPoolExecutor$Worker.run(ThreadPoolExecutor.java:624)
        at java.lang.Thread.run(Thread.java:750)
"IPC Server handler 8 on default port 15002" daemon prio=5 tid=114 timed_waiting
java.lang.Thread.State: TIMED_WAITING
        at sun.misc.Unsafe.park(Native Method)
        at java.util.concurrent.locks.LockSupport.parkNanos(LockSupport.java:215)
        at java.util.concurrent.locks.AbstractQueuedSynchronizer$ConditionObject.awaitNanos(AbstractQueuedSynchronizer.java:2078)
        at java.util.concurrent.LinkedBlockingQueue.poll(LinkedBlockingQueue.java:467)
        at org.apache.hadoop.ipc.CallQueueManager.take(CallQueueManager.java:317)
        at org.apache.hadoop.ipc.Server$Handler.run(Server.java:3014)
"ChunkReader-9" daemon prio=5 tid=1359 in Object.wait()
java.lang.Thread.State: WAITING (on object monitor)
        at sun.misc.Unsafe.park(Native Method)
        at java.util.concurrent.locks.LockSupport.park(LockSupport.java:175)
        at java.util.concurrent.locks.AbstractQueuedSynchronizer$ConditionObject.await(AbstractQueuedSynchronizer.java:2039)
        at java.util.concurrent.LinkedBlockingQueue.take(LinkedBlockingQueue.java:442)
        at java.util.concurrent.ThreadPoolExecutor.getTask(ThreadPoolExecutor.java:1074)
        at java.util.concurrent.ThreadPoolExecutor.runWorker(ThreadPoolExecutor.java:1134)
        at java.util.concurrent.ThreadPoolExecutor$Worker.run(ThreadPoolExecutor.java:624)
        at java.lang.Thread.run(Thread.java:750)
"6220322b-c54d-4ba8-95d6-5fd9b706d663-NettyServerStreamRpc-workerGroup--thread1"  prio=5 tid=1070 runnable
java.lang.Thread.State: RUNNABLE
        at sun.nio.ch.EPollArrayWrapper.epollWait(Native Method)
        at sun.nio.ch.EPollArrayWrapper.poll(EPollArrayWrapper.java:269)
        at sun.nio.ch.EPollSelectorImpl.doSelect(EPollSelectorImpl.java:93)
        at sun.nio.ch.SelectorImpl.lockAndDoSelect(SelectorImpl.java:86)
        at sun.nio.ch.SelectorImpl.select(SelectorImpl.java:97)
        at sun.nio.ch.SelectorImpl.select(SelectorImpl.java:101)
        at org.apache.ratis.thirdparty.io.netty.channel.nio.SelectedSelectionKeySetSelector.select(SelectedSelectionKeySetSelector.java:68)
        at org.apache.ratis.thirdparty.io.netty.channel.nio.NioEventLoop.select(NioEventLoop.java:879)
        at org.apache.ratis.thirdparty.io.netty.channel.nio.NioEventLoop.run(NioEventLoop.java:526)
        at org.apache.ratis.thirdparty.io.netty.util.concurrent.SingleThreadEventExecutor$4.run(SingleThreadEventExecutor.java:997)
        at org.apache.ratis.thirdparty.io.netty.util.internal.ThreadExecutorMap$2.run(ThreadExecutorMap.java:74)
        at java.lang.Thread.run(Thread.java:750)
"f6fa4039-8fe9-46ca-92f5-bb04d02dc273-DataStreamManagement-request--thread4"  prio=5 tid=1401 in Object.wait()
java.lang.Thread.State: WAITING (on object monitor)
        at sun.misc.Unsafe.park(Native Method)
        at java.util.concurrent.locks.LockSupport.park(LockSupport.java:175)
        at java.util.concurrent.locks.AbstractQueuedSynchronizer$ConditionObject.await(AbstractQueuedSynchronizer.java:2039)
        at java.util.concurrent.LinkedBlockingQueue.take(LinkedBlockingQueue.java:442)
        at java.util.concurrent.ThreadPoolExecutor.getTask(ThreadPoolExecutor.java:1074)
        at java.util.concurrent.ThreadPoolExecutor.runWorker(ThreadPoolExecutor.java:1134)
        at java.util.concurrent.ThreadPoolExecutor$Worker.run(ThreadPoolExecutor.java:624)
        at java.lang.Thread.run(Thread.java:750)
"ContainerOp-870a759f-8d79-46e0-9830-9a5c66ffce8a-5"  prio=5 tid=1165 in Object.wait()
java.lang.Thread.State: WAITING (on object monitor)
        at sun.misc.Unsafe.park(Native Method)
        at java.util.concurrent.locks.LockSupport.park(LockSupport.java:175)
        at java.util.concurrent.locks.AbstractQueuedSynchronizer$ConditionObject.await(AbstractQueuedSynchronizer.java:2039)
        at java.util.concurrent.LinkedBlockingQueue.take(LinkedBlockingQueue.java:442)
        at java.util.concurrent.ThreadPoolExecutor.getTask(ThreadPoolExecutor.java:1074)
        at java.util.concurrent.ThreadPoolExecutor.runWorker(ThreadPoolExecutor.java:1134)
        at java.util.concurrent.ThreadPoolExecutor$Worker.run(ThreadPoolExecutor.java:624)
        at java.lang.Thread.run(Thread.java:750)
"Session-HouseKeeper-62723b05-1"  prio=5 tid=213 timed_waiting
java.lang.Thread.State: TIMED_WAITING
        at sun.misc.Unsafe.park(Native Method)
        at java.util.concurrent.locks.LockSupport.parkNanos(LockSupport.java:215)
        at java.util.concurrent.locks.AbstractQueuedSynchronizer$ConditionObject.awaitNanos(AbstractQueuedSynchronizer.java:2078)
        at java.util.concurrent.ScheduledThreadPoolExecutor$DelayedWorkQueue.take(ScheduledThreadPoolExecutor.java:1093)
        at java.util.concurrent.ScheduledThreadPoolExecutor$DelayedWorkQueue.take(ScheduledThreadPoolExecutor.java:809)
        at java.util.concurrent.ThreadPoolExecutor.getTask(ThreadPoolExecutor.java:1074)
        at java.util.concurrent.ThreadPoolExecutor.runWorker(ThreadPoolExecutor.java:1134)
        at java.util.concurrent.ThreadPoolExecutor$Worker.run(ThreadPoolExecutor.java:624)
        at java.lang.Thread.run(Thread.java:750)
"BlockDeletingService#3" daemon prio=5 tid=1656 in Object.wait()
java.lang.Thread.State: WAITING (on object monitor)
        at sun.misc.Unsafe.park(Native Method)
        at java.util.concurrent.locks.LockSupport.park(LockSupport.java:175)
        at java.util.concurrent.locks.AbstractQueuedSynchronizer$ConditionObject.await(AbstractQueuedSynchronizer.java:2039)
        at java.util.concurrent.ScheduledThreadPoolExecutor$DelayedWorkQueue.take(ScheduledThreadPoolExecutor.java:1088)
        at java.util.concurrent.ScheduledThreadPoolExecutor$DelayedWorkQueue.take(ScheduledThreadPoolExecutor.java:809)
        at java.util.concurrent.ThreadPoolExecutor.getTask(ThreadPoolExecutor.java:1074)
        at java.util.concurrent.ThreadPoolExecutor.runWorker(ThreadPoolExecutor.java:1134)
        at java.util.concurrent.ThreadPoolExecutor$Worker.run(ThreadPoolExecutor.java:624)
        at java.lang.Thread.run(Thread.java:750)
"StaleRecoveringContainerScrubbingService#2" daemon prio=5 tid=1623 timed_waiting
java.lang.Thread.State: TIMED_WAITING
        at sun.misc.Unsafe.park(Native Method)
        at java.util.concurrent.locks.LockSupport.parkNanos(LockSupport.java:215)
        at java.util.concurrent.locks.AbstractQueuedSynchronizer$ConditionObject.awaitNanos(AbstractQueuedSynchronizer.java:2078)
        at java.util.concurrent.ScheduledThreadPoolExecutor$DelayedWorkQueue.take(ScheduledThreadPoolExecutor.java:1093)
        at java.util.concurrent.ScheduledThreadPoolExecutor$DelayedWorkQueue.take(ScheduledThreadPoolExecutor.java:809)
        at java.util.concurrent.ThreadPoolExecutor.getTask(ThreadPoolExecutor.java:1074)
        at java.util.concurrent.ThreadPoolExecutor.runWorker(ThreadPoolExecutor.java:1134)
        at java.util.concurrent.ThreadPoolExecutor$Worker.run(ThreadPoolExecutor.java:624)
        at java.lang.Thread.run(Thread.java:750)
"Datanode State Machine Daemon Thread" daemon prio=5 tid=307 timed_waiting
java.lang.Thread.State: TIMED_WAITING
        at java.lang.Thread.sleep(Native Method)
        at org.apache.hadoop.ozone.container.common.statemachine.DatanodeStateMachine.startStateMachineThread(DatanodeStateMachine.java:353)
        at org.apache.hadoop.ozone.container.common.statemachine.DatanodeStateMachine.lambda$startDaemon$0(DatanodeStateMachine.java:540)
        at org.apache.hadoop.ozone.container.common.statemachine.DatanodeStateMachine$$Lambda$1041/1491309043.run(Unknown Source)
        at java.lang.Thread.run(Thread.java:750)
"ContainerOp-2755eb04-fdd9-4243-a794-7fd84471ba85-5"  prio=5 tid=1439 in Object.wait()
java.lang.Thread.State: WAITING (on object monitor)
        at sun.misc.Unsafe.park(Native Method)
        at java.util.concurrent.locks.LockSupport.park(LockSupport.java:175)
        at java.util.concurrent.locks.AbstractQueuedSynchronizer$ConditionObject.await(AbstractQueuedSynchronizer.java:2039)
        at java.util.concurrent.LinkedBlockingQueue.take(LinkedBlockingQueue.java:442)
        at java.util.concurrent.ThreadPoolExecutor.getTask(ThreadPoolExecutor.java:1074)
        at java.util.concurrent.ThreadPoolExecutor.runWorker(ThreadPoolExecutor.java:1134)
        at java.util.concurrent.ThreadPoolExecutor$Worker.run(ThreadPoolExecutor.java:624)
        at java.lang.Thread.run(Thread.java:750)
"28fc21f1-0f1b-4853-8334-7fb4bdc0ccf0-groupManagement"  prio=5 tid=653 in Object.wait()
java.lang.Thread.State: WAITING (on object monitor)
        at sun.misc.Unsafe.park(Native Method)
        at java.util.concurrent.locks.LockSupport.park(LockSupport.java:175)
        at java.util.concurrent.locks.AbstractQueuedSynchronizer$ConditionObject.await(AbstractQueuedSynchronizer.java:2039)
        at java.util.concurrent.LinkedBlockingQueue.take(LinkedBlockingQueue.java:442)
        at java.util.concurrent.ThreadPoolExecutor.getTask(ThreadPoolExecutor.java:1074)
        at java.util.concurrent.ThreadPoolExecutor.runWorker(ThreadPoolExecutor.java:1134)
        at java.util.concurrent.ThreadPoolExecutor$Worker.run(ThreadPoolExecutor.java:624)
        at java.lang.Thread.run(Thread.java:750)
"ContainerOp-c91f7595-1a01-480b-b225-52482a170bd1-9"  prio=5 tid=1347 in Object.wait()
java.lang.Thread.State: WAITING (on object monitor)
        at sun.misc.Unsafe.park(Native Method)
        at java.util.concurrent.locks.LockSupport.park(LockSupport.java:175)
        at java.util.concurrent.locks.AbstractQueuedSynchronizer$ConditionObject.await(AbstractQueuedSynchronizer.java:2039)
        at java.util.concurrent.LinkedBlockingQueue.take(LinkedBlockingQueue.java:442)
        at java.util.concurrent.ThreadPoolExecutor.getTask(ThreadPoolExecutor.java:1074)
        at java.util.concurrent.ThreadPoolExecutor.runWorker(ThreadPoolExecutor.java:1134)
        at java.util.concurrent.ThreadPoolExecutor$Worker.run(ThreadPoolExecutor.java:624)
        at java.lang.Thread.run(Thread.java:750)
"IPC Server idle connection scanner for port 15001" daemon prio=5 tid=48 timed_waiting
java.lang.Thread.State: TIMED_WAITING
        at java.lang.Object.wait(Native Method)
        at java.util.TimerThread.mainLoop(Timer.java:552)
        at java.util.TimerThread.run(Timer.java:505)
"b431013d-a75d-44b2-a41a-a2e98e506a92@group-565827C47CD0-StateMachineUpdater" daemon prio=5 tid=800 timed_waiting
java.lang.Thread.State: TIMED_WAITING
        at sun.misc.Unsafe.park(Native Method)
        at java.util.concurrent.locks.LockSupport.parkNanos(LockSupport.java:215)
        at java.util.concurrent.locks.AbstractQueuedSynchronizer$ConditionObject.await(AbstractQueuedSynchronizer.java:2163)
        at org.apache.ratis.util.AwaitForSignal.await(AwaitForSignal.java:62)
        at org.apache.ratis.server.impl.StateMachineUpdater.waitForCommit(StateMachineUpdater.java:209)
        at org.apache.ratis.server.impl.StateMachineUpdater.run(StateMachineUpdater.java:178)
        at java.lang.Thread.run(Thread.java:750)
"Datanode ReportManager Thread - 0" daemon prio=5 tid=250 in Object.wait()
java.lang.Thread.State: WAITING (on object monitor)
        at sun.misc.Unsafe.park(Native Method)
        at java.util.concurrent.locks.LockSupport.park(LockSupport.java:175)
        at java.util.concurrent.locks.AbstractQueuedSynchronizer$ConditionObject.await(AbstractQueuedSynchronizer.java:2039)
        at java.util.concurrent.ScheduledThreadPoolExecutor$DelayedWorkQueue.take(ScheduledThreadPoolExecutor.java:1088)
        at java.util.concurrent.ScheduledThreadPoolExecutor$DelayedWorkQueue.take(ScheduledThreadPoolExecutor.java:809)
        at java.util.concurrent.ThreadPoolExecutor.getTask(ThreadPoolExecutor.java:1074)
        at java.util.concurrent.ThreadPoolExecutor.runWorker(ThreadPoolExecutor.java:1134)
        at java.util.concurrent.ThreadPoolExecutor$Worker.run(ThreadPoolExecutor.java:624)
        at java.lang.Thread.run(Thread.java:750)
"qtp188592776-399-acceptor-0@67ab8bd5-ServerConnector@2bf95bf1{HTTP/1.1, (http/1.1)}{0.0.0.0:15063}" daemon prio=3 tid=399 runnable
java.lang.Thread.State: RUNNABLE
        at sun.nio.ch.ServerSocketChannelImpl.accept0(Native Method)
        at sun.nio.ch.ServerSocketChannelImpl.accept(ServerSocketChannelImpl.java:421)
        at sun.nio.ch.ServerSocketChannelImpl.accept(ServerSocketChannelImpl.java:249)
        at org.eclipse.jetty.server.ServerConnector.accept(ServerConnector.java:388)
        at org.eclipse.jetty.server.AbstractConnector$Acceptor.run(AbstractConnector.java:704)
        at org.eclipse.jetty.util.thread.QueuedThreadPool.runJob(QueuedThreadPool.java:883)
        at org.eclipse.jetty.util.thread.QueuedThreadPool$Runner.run(QueuedThreadPool.java:1034)
        at java.lang.Thread.run(Thread.java:750)
"ChunkReader-6" daemon prio=5 tid=1253 in Object.wait()
java.lang.Thread.State: WAITING (on object monitor)
        at sun.misc.Unsafe.park(Native Method)
        at java.util.concurrent.locks.LockSupport.park(LockSupport.java:175)
        at java.util.concurrent.locks.AbstractQueuedSynchronizer$ConditionObject.await(AbstractQueuedSynchronizer.java:2039)
        at java.util.concurrent.LinkedBlockingQueue.take(LinkedBlockingQueue.java:442)
        at java.util.concurrent.ThreadPoolExecutor.getTask(ThreadPoolExecutor.java:1074)
        at java.util.concurrent.ThreadPoolExecutor.runWorker(ThreadPoolExecutor.java:1134)
        at java.util.concurrent.ThreadPoolExecutor$Worker.run(ThreadPoolExecutor.java:624)
        at java.lang.Thread.run(Thread.java:750)
"IPC Server handler 3 on default port 15002" daemon prio=5 tid=109 timed_waiting
java.lang.Thread.State: TIMED_WAITING
        at sun.misc.Unsafe.park(Native Method)
        at java.util.concurrent.locks.LockSupport.parkNanos(LockSupport.java:215)
        at java.util.concurrent.locks.AbstractQueuedSynchronizer$ConditionObject.awaitNanos(AbstractQueuedSynchronizer.java:2078)
        at java.util.concurrent.LinkedBlockingQueue.poll(LinkedBlockingQueue.java:467)
        at org.apache.hadoop.ipc.CallQueueManager.take(CallQueueManager.java:317)
        at org.apache.hadoop.ipc.Server$Handler.run(Server.java:3014)
"IPC Server handler 0 on default port 15002" daemon prio=5 tid=106 timed_waiting
java.lang.Thread.State: TIMED_WAITING
        at sun.misc.Unsafe.park(Native Method)
        at java.util.concurrent.locks.LockSupport.parkNanos(LockSupport.java:215)
        at java.util.concurrent.locks.AbstractQueuedSynchronizer$ConditionObject.awaitNanos(AbstractQueuedSynchronizer.java:2078)
        at java.util.concurrent.LinkedBlockingQueue.poll(LinkedBlockingQueue.java:467)
        at org.apache.hadoop.ipc.CallQueueManager.take(CallQueueManager.java:317)
        at org.apache.hadoop.ipc.Server$Handler.run(Server.java:3014)
"Periodic HDDS volume checker" daemon prio=5 tid=577 timed_waiting
java.lang.Thread.State: TIMED_WAITING
        at sun.misc.Unsafe.park(Native Method)
        at java.util.concurrent.locks.LockSupport.parkNanos(LockSupport.java:215)
        at java.util.concurrent.locks.AbstractQueuedSynchronizer$ConditionObject.awaitNanos(AbstractQueuedSynchronizer.java:2078)
        at java.util.concurrent.ScheduledThreadPoolExecutor$DelayedWorkQueue.take(ScheduledThreadPoolExecutor.java:1093)
        at java.util.concurrent.ScheduledThreadPoolExecutor$DelayedWorkQueue.take(ScheduledThreadPoolExecutor.java:809)
        at java.util.concurrent.ThreadPoolExecutor.getTask(ThreadPoolExecutor.java:1074)
        at java.util.concurrent.ThreadPoolExecutor.runWorker(ThreadPoolExecutor.java:1134)
        at java.util.concurrent.ThreadPoolExecutor$Worker.run(ThreadPoolExecutor.java:624)
        at java.lang.Thread.run(Thread.java:750)
"IPC Server handler 12 on default port 15004" daemon prio=5 tid=189 timed_waiting
java.lang.Thread.State: TIMED_WAITING
        at sun.misc.Unsafe.park(Native Method)
        at java.util.concurrent.locks.LockSupport.parkNanos(LockSupport.java:215)
        at java.util.concurrent.locks.AbstractQueuedSynchronizer$ConditionObject.awaitNanos(AbstractQueuedSynchronizer.java:2078)
        at java.util.concurrent.LinkedBlockingQueue.poll(LinkedBlockingQueue.java:467)
        at org.apache.hadoop.ipc.CallQueueManager.take(CallQueueManager.java:317)
        at org.apache.hadoop.ipc.Server$Handler.run(Server.java:3014)
"9fc007ee-6328-4e66-a7f4-dfd370a25fec-NettyServerStreamRpc-bossGroup--thread1"  prio=5 tid=437 runnable
java.lang.Thread.State: RUNNABLE
        at sun.nio.ch.EPollArrayWrapper.epollWait(Native Method)
        at sun.nio.ch.EPollArrayWrapper.poll(EPollArrayWrapper.java:269)
        at sun.nio.ch.EPollSelectorImpl.doSelect(EPollSelectorImpl.java:93)
        at sun.nio.ch.SelectorImpl.lockAndDoSelect(SelectorImpl.java:86)
        at sun.nio.ch.SelectorImpl.select(SelectorImpl.java:97)
        at sun.nio.ch.SelectorImpl.select(SelectorImpl.java:101)
        at org.apache.ratis.thirdparty.io.netty.channel.nio.SelectedSelectionKeySetSelector.select(SelectedSelectionKeySetSelector.java:68)
        at org.apache.ratis.thirdparty.io.netty.channel.nio.NioEventLoop.select(NioEventLoop.java:879)
        at org.apache.ratis.thirdparty.io.netty.channel.nio.NioEventLoop.run(NioEventLoop.java:526)
        at org.apache.ratis.thirdparty.io.netty.util.concurrent.SingleThreadEventExecutor$4.run(SingleThreadEventExecutor.java:997)
        at org.apache.ratis.thirdparty.io.netty.util.internal.ThreadExecutorMap$2.run(ThreadExecutorMap.java:74)
        at java.lang.Thread.run(Thread.java:750)
"IPC Server handler 15 on default port 15001" daemon prio=5 tid=101 timed_waiting
java.lang.Thread.State: TIMED_WAITING
        at sun.misc.Unsafe.park(Native Method)
        at java.util.concurrent.locks.LockSupport.parkNanos(LockSupport.java:215)
        at java.util.concurrent.locks.AbstractQueuedSynchronizer$ConditionObject.awaitNanos(AbstractQueuedSynchronizer.java:2078)
        at java.util.concurrent.LinkedBlockingQueue.poll(LinkedBlockingQueue.java:467)
        at org.apache.hadoop.ipc.CallQueueManager.take(CallQueueManager.java:317)
        at org.apache.hadoop.ipc.Server$Handler.run(Server.java:3014)
"PipelineCommandHandlerThread-0"  prio=5 tid=740 in Object.wait()
java.lang.Thread.State: WAITING (on object monitor)
        at sun.misc.Unsafe.park(Native Method)
        at java.util.concurrent.locks.LockSupport.park(LockSupport.java:175)
        at java.util.concurrent.locks.AbstractQueuedSynchronizer$ConditionObject.await(AbstractQueuedSynchronizer.java:2039)
        at java.util.concurrent.LinkedBlockingQueue.take(LinkedBlockingQueue.java:442)
        at java.util.concurrent.ThreadPoolExecutor.getTask(ThreadPoolExecutor.java:1074)
        at java.util.concurrent.ThreadPoolExecutor.runWorker(ThreadPoolExecutor.java:1134)
        at java.util.concurrent.ThreadPoolExecutor$Worker.run(ThreadPoolExecutor.java:624)
        at java.lang.Thread.run(Thread.java:750)
"Datanode ReportManager Thread - 0" daemon prio=5 tid=279 in Object.wait()
java.lang.Thread.State: WAITING (on object monitor)
        at sun.misc.Unsafe.park(Native Method)
        at java.util.concurrent.locks.LockSupport.park(LockSupport.java:175)
        at java.util.concurrent.locks.AbstractQueuedSynchronizer$ConditionObject.await(AbstractQueuedSynchronizer.java:2039)
        at java.util.concurrent.ScheduledThreadPoolExecutor$DelayedWorkQueue.take(ScheduledThreadPoolExecutor.java:1088)
        at java.util.concurrent.ScheduledThreadPoolExecutor$DelayedWorkQueue.take(ScheduledThreadPoolExecutor.java:809)
        at java.util.concurrent.ThreadPoolExecutor.getTask(ThreadPoolExecutor.java:1074)
        at java.util.concurrent.ThreadPoolExecutor.runWorker(ThreadPoolExecutor.java:1134)
        at java.util.concurrent.ThreadPoolExecutor$Worker.run(ThreadPoolExecutor.java:624)
        at java.lang.Thread.run(Thread.java:750)
"ChunkReader-5" daemon prio=5 tid=1252 in Object.wait()
java.lang.Thread.State: WAITING (on object monitor)
        at sun.misc.Unsafe.park(Native Method)
        at java.util.concurrent.locks.LockSupport.park(LockSupport.java:175)
        at java.util.concurrent.locks.AbstractQueuedSynchronizer$ConditionObject.await(AbstractQueuedSynchronizer.java:2039)
        at java.util.concurrent.LinkedBlockingQueue.take(LinkedBlockingQueue.java:442)
        at java.util.concurrent.ThreadPoolExecutor.getTask(ThreadPoolExecutor.java:1074)
        at java.util.concurrent.ThreadPoolExecutor.runWorker(ThreadPoolExecutor.java:1134)
        at java.util.concurrent.ThreadPoolExecutor$Worker.run(ThreadPoolExecutor.java:624)
        at java.lang.Thread.run(Thread.java:750)
"JvmPauseMonitor4" daemon prio=5 tid=459 timed_waiting
java.lang.Thread.State: TIMED_WAITING
        at java.lang.Thread.sleep(Native Method)
        at java.lang.Thread.sleep(Thread.java:342)
        at java.util.concurrent.TimeUnit.sleep(TimeUnit.java:386)
        at org.apache.ratis.util.TimeDuration.sleep(TimeDuration.java:325)
        at org.apache.ratis.util.TimeDuration.sleep(TimeDuration.java:310)
        at org.apache.ratis.util.JvmPauseMonitor.detectPause(JvmPauseMonitor.java:117)
        at org.apache.ratis.util.JvmPauseMonitor.run(JvmPauseMonitor.java:106)
        at org.apache.ratis.util.JvmPauseMonitor$$Lambda$540/1204910476.run(Unknown Source)
        at java.lang.Thread.run(Thread.java:750)
"9305807b-68e0-4de4-9f06-795e0c374ac6@group-D84CB1ADCB76->28fc21f1-0f1b-4853-8334-7fb4bdc0ccf0-GrpcLogAppender-LogAppenderDaemon" daemon prio=5 tid=875 timed_waiting
java.lang.Thread.State: TIMED_WAITING
        at sun.misc.Unsafe.park(Native Method)
        at java.util.concurrent.locks.LockSupport.parkNanos(LockSupport.java:215)
        at java.util.concurrent.locks.AbstractQueuedSynchronizer$ConditionObject.await(AbstractQueuedSynchronizer.java:2163)
        at org.apache.ratis.util.AwaitForSignal.await(AwaitForSignal.java:62)
        at org.apache.ratis.grpc.server.GrpcLogAppender.mayWait(GrpcLogAppender.java:197)
        at org.apache.ratis.grpc.server.GrpcLogAppender.run(GrpcLogAppender.java:148)
        at org.apache.ratis.server.leader.LogAppenderDaemon.run(LogAppenderDaemon.java:78)
        at org.apache.ratis.server.leader.LogAppenderDaemon$$Lambda$1267/2040149817.run(Unknown Source)
        at java.lang.Thread.run(Thread.java:750)
"ChunkReader-3" daemon prio=5 tid=1029 in Object.wait()
java.lang.Thread.State: WAITING (on object monitor)
        at sun.misc.Unsafe.park(Native Method)
        at java.util.concurrent.locks.LockSupport.park(LockSupport.java:175)
        at java.util.concurrent.locks.AbstractQueuedSynchronizer$ConditionObject.await(AbstractQueuedSynchronizer.java:2039)
        at java.util.concurrent.LinkedBlockingQueue.take(LinkedBlockingQueue.java:442)
        at java.util.concurrent.ThreadPoolExecutor.getTask(ThreadPoolExecutor.java:1074)
        at java.util.concurrent.ThreadPoolExecutor.runWorker(ThreadPoolExecutor.java:1134)
        at java.util.concurrent.ThreadPoolExecutor$Worker.run(ThreadPoolExecutor.java:624)
        at java.lang.Thread.run(Thread.java:750)
"ContainerOp-870a759f-8d79-46e0-9830-9a5c66ffce8a-8"  prio=5 tid=1168 in Object.wait()
java.lang.Thread.State: WAITING (on object monitor)
        at sun.misc.Unsafe.park(Native Method)
        at java.util.concurrent.locks.LockSupport.park(LockSupport.java:175)
        at java.util.concurrent.locks.AbstractQueuedSynchronizer$ConditionObject.await(AbstractQueuedSynchronizer.java:2039)
        at java.util.concurrent.LinkedBlockingQueue.take(LinkedBlockingQueue.java:442)
        at java.util.concurrent.ThreadPoolExecutor.getTask(ThreadPoolExecutor.java:1074)
        at java.util.concurrent.ThreadPoolExecutor.runWorker(ThreadPoolExecutor.java:1134)
        at java.util.concurrent.ThreadPoolExecutor$Worker.run(ThreadPoolExecutor.java:624)
        at java.lang.Thread.run(Thread.java:750)
"6220322b-c54d-4ba8-95d6-5fd9b706d663@group-23200BB8A37D-SegmentedRaftLogWorker"  prio=5 tid=746 timed_waiting
java.lang.Thread.State: TIMED_WAITING
        at sun.misc.Unsafe.park(Native Method)
        at java.util.concurrent.locks.LockSupport.parkNanos(LockSupport.java:215)
        at java.util.concurrent.locks.AbstractQueuedSynchronizer$ConditionObject.awaitNanos(AbstractQueuedSynchronizer.java:2078)
        at org.apache.ratis.util.DataBlockingQueue.poll(DataBlockingQueue.java:148)
        at org.apache.ratis.server.raftlog.segmented.SegmentedRaftLogWorker.run(SegmentedRaftLogWorker.java:307)
        at org.apache.ratis.server.raftlog.segmented.SegmentedRaftLogWorker$$Lambda$841/2058580550.run(Unknown Source)
        at java.util.concurrent.Executors$RunnableAdapter.call(Executors.java:511)
        at java.util.concurrent.FutureTask.run(FutureTask.java:266)
        at java.util.concurrent.ThreadPoolExecutor.runWorker(ThreadPoolExecutor.java:1149)
        at java.util.concurrent.ThreadPoolExecutor$Worker.run(ThreadPoolExecutor.java:624)
        at java.lang.Thread.run(Thread.java:750)
"qtp1890737819-353" daemon prio=5 tid=353 timed_waiting
java.lang.Thread.State: TIMED_WAITING
        at sun.misc.Unsafe.park(Native Method)
        at java.util.concurrent.locks.LockSupport.parkNanos(LockSupport.java:215)
        at java.util.concurrent.locks.AbstractQueuedSynchronizer$ConditionObject.awaitNanos(AbstractQueuedSynchronizer.java:2078)
        at org.eclipse.jetty.util.BlockingArrayQueue.poll(BlockingArrayQueue.java:382)
        at org.eclipse.jetty.util.thread.QueuedThreadPool$Runner.idleJobPoll(QueuedThreadPool.java:974)
        at org.eclipse.jetty.util.thread.QueuedThreadPool$Runner.run(QueuedThreadPool.java:1018)
        at java.lang.Thread.run(Thread.java:750)
"ChunkReader-8" daemon prio=5 tid=1298 in Object.wait()
java.lang.Thread.State: WAITING (on object monitor)
        at sun.misc.Unsafe.park(Native Method)
        at java.util.concurrent.locks.LockSupport.park(LockSupport.java:175)
        at java.util.concurrent.locks.AbstractQueuedSynchronizer$ConditionObject.await(AbstractQueuedSynchronizer.java:2039)
        at java.util.concurrent.LinkedBlockingQueue.take(LinkedBlockingQueue.java:442)
        at java.util.concurrent.ThreadPoolExecutor.getTask(ThreadPoolExecutor.java:1074)
        at java.util.concurrent.ThreadPoolExecutor.runWorker(ThreadPoolExecutor.java:1134)
        at java.util.concurrent.ThreadPoolExecutor$Worker.run(ThreadPoolExecutor.java:624)
        at java.lang.Thread.run(Thread.java:750)
"ChunkReader-2" daemon prio=5 tid=1028 in Object.wait()
java.lang.Thread.State: WAITING (on object monitor)
        at sun.misc.Unsafe.park(Native Method)
        at java.util.concurrent.locks.LockSupport.park(LockSupport.java:175)
        at java.util.concurrent.locks.AbstractQueuedSynchronizer$ConditionObject.await(AbstractQueuedSynchronizer.java:2039)
        at java.util.concurrent.LinkedBlockingQueue.take(LinkedBlockingQueue.java:442)
        at java.util.concurrent.ThreadPoolExecutor.getTask(ThreadPoolExecutor.java:1074)
        at java.util.concurrent.ThreadPoolExecutor.runWorker(ThreadPoolExecutor.java:1134)
        at java.util.concurrent.ThreadPoolExecutor$Worker.run(ThreadPoolExecutor.java:624)
        at java.lang.Thread.run(Thread.java:750)
"ContainerOp-c91f7595-1a01-480b-b225-52482a170bd1-7"  prio=5 tid=1242 in Object.wait()
java.lang.Thread.State: WAITING (on object monitor)
        at sun.misc.Unsafe.park(Native Method)
        at java.util.concurrent.locks.LockSupport.park(LockSupport.java:175)
        at java.util.concurrent.locks.AbstractQueuedSynchronizer$ConditionObject.await(AbstractQueuedSynchronizer.java:2039)
        at java.util.concurrent.LinkedBlockingQueue.take(LinkedBlockingQueue.java:442)
        at java.util.concurrent.ThreadPoolExecutor.getTask(ThreadPoolExecutor.java:1074)
        at java.util.concurrent.ThreadPoolExecutor.runWorker(ThreadPoolExecutor.java:1134)
        at java.util.concurrent.ThreadPoolExecutor$Worker.run(ThreadPoolExecutor.java:624)
        at java.lang.Thread.run(Thread.java:750)
"4dfacd3a-85e6-4f60-aa9f-15a17a1c954a-NettyServerStreamRpc-bossGroup--thread1"  prio=5 tid=481 runnable
java.lang.Thread.State: RUNNABLE
        at sun.nio.ch.EPollArrayWrapper.epollWait(Native Method)
        at sun.nio.ch.EPollArrayWrapper.poll(EPollArrayWrapper.java:269)
        at sun.nio.ch.EPollSelectorImpl.doSelect(EPollSelectorImpl.java:93)
        at sun.nio.ch.SelectorImpl.lockAndDoSelect(SelectorImpl.java:86)
        at sun.nio.ch.SelectorImpl.select(SelectorImpl.java:97)
        at sun.nio.ch.SelectorImpl.select(SelectorImpl.java:101)
        at org.apache.ratis.thirdparty.io.netty.channel.nio.SelectedSelectionKeySetSelector.select(SelectedSelectionKeySetSelector.java:68)
        at org.apache.ratis.thirdparty.io.netty.channel.nio.NioEventLoop.select(NioEventLoop.java:879)
        at org.apache.ratis.thirdparty.io.netty.channel.nio.NioEventLoop.run(NioEventLoop.java:526)
        at org.apache.ratis.thirdparty.io.netty.util.concurrent.SingleThreadEventExecutor$4.run(SingleThreadEventExecutor.java:997)
        at org.apache.ratis.thirdparty.io.netty.util.internal.ThreadExecutorMap$2.run(ThreadExecutorMap.java:74)
        at java.lang.Thread.run(Thread.java:750)
"ChunkReader-9" daemon prio=5 tid=1283 in Object.wait()
java.lang.Thread.State: WAITING (on object monitor)
        at sun.misc.Unsafe.park(Native Method)
        at java.util.concurrent.locks.LockSupport.park(LockSupport.java:175)
        at java.util.concurrent.locks.AbstractQueuedSynchronizer$ConditionObject.await(AbstractQueuedSynchronizer.java:2039)
        at java.util.concurrent.LinkedBlockingQueue.take(LinkedBlockingQueue.java:442)
        at java.util.concurrent.ThreadPoolExecutor.getTask(ThreadPoolExecutor.java:1074)
        at java.util.concurrent.ThreadPoolExecutor.runWorker(ThreadPoolExecutor.java:1134)
        at java.util.concurrent.ThreadPoolExecutor$Worker.run(ThreadPoolExecutor.java:624)
        at java.lang.Thread.run(Thread.java:750)
"Datanode ReportManager Thread - 0" daemon prio=5 tid=337 in Object.wait()
java.lang.Thread.State: WAITING (on object monitor)
        at sun.misc.Unsafe.park(Native Method)
        at java.util.concurrent.locks.LockSupport.park(LockSupport.java:175)
        at java.util.concurrent.locks.AbstractQueuedSynchronizer$ConditionObject.await(AbstractQueuedSynchronizer.java:2039)
        at java.util.concurrent.ScheduledThreadPoolExecutor$DelayedWorkQueue.take(ScheduledThreadPoolExecutor.java:1088)
        at java.util.concurrent.ScheduledThreadPoolExecutor$DelayedWorkQueue.take(ScheduledThreadPoolExecutor.java:809)
        at java.util.concurrent.ThreadPoolExecutor.getTask(ThreadPoolExecutor.java:1074)
        at java.util.concurrent.ThreadPoolExecutor.runWorker(ThreadPoolExecutor.java:1134)
        at java.util.concurrent.ThreadPoolExecutor$Worker.run(ThreadPoolExecutor.java:624)
        at java.lang.Thread.run(Thread.java:750)
"Socket Reader #1 for port 15002"  prio=5 tid=42 runnable
java.lang.Thread.State: RUNNABLE
        at sun.nio.ch.EPollArrayWrapper.epollWait(Native Method)
        at sun.nio.ch.EPollArrayWrapper.poll(EPollArrayWrapper.java:269)
        at sun.nio.ch.EPollSelectorImpl.doSelect(EPollSelectorImpl.java:93)
        at sun.nio.ch.SelectorImpl.lockAndDoSelect(SelectorImpl.java:86)
        at sun.nio.ch.SelectorImpl.select(SelectorImpl.java:97)
        at sun.nio.ch.SelectorImpl.select(SelectorImpl.java:101)
        at org.apache.hadoop.ipc.Server$Listener$Reader.doRunLoop(Server.java:1346)
        at org.apache.hadoop.ipc.Server$Listener$Reader.run(Server.java:1325)
"StaleRecoveringContainerScrubbingService#1" daemon prio=5 tid=651 in Object.wait()
java.lang.Thread.State: WAITING (on object monitor)
        at sun.misc.Unsafe.park(Native Method)
        at java.util.concurrent.locks.LockSupport.park(LockSupport.java:175)
        at java.util.concurrent.locks.AbstractQueuedSynchronizer$ConditionObject.await(AbstractQueuedSynchronizer.java:2039)
        at java.util.concurrent.ScheduledThreadPoolExecutor$DelayedWorkQueue.take(ScheduledThreadPoolExecutor.java:1088)
        at java.util.concurrent.ScheduledThreadPoolExecutor$DelayedWorkQueue.take(ScheduledThreadPoolExecutor.java:809)
        at java.util.concurrent.ThreadPoolExecutor.getTask(ThreadPoolExecutor.java:1074)
        at java.util.concurrent.ThreadPoolExecutor.runWorker(ThreadPoolExecutor.java:1134)
        at java.util.concurrent.ThreadPoolExecutor$Worker.run(ThreadPoolExecutor.java:624)
        at java.lang.Thread.run(Thread.java:750)
"9305807b-68e0-4de4-9f06-795e0c374ac6-DataStreamManagement-request--thread1"  prio=5 tid=1036 in Object.wait()
java.lang.Thread.State: WAITING (on object monitor)
        at sun.misc.Unsafe.park(Native Method)
        at java.util.concurrent.locks.LockSupport.park(LockSupport.java:175)
        at java.util.concurrent.locks.AbstractQueuedSynchronizer$ConditionObject.await(AbstractQueuedSynchronizer.java:2039)
        at java.util.concurrent.LinkedBlockingQueue.take(LinkedBlockingQueue.java:442)
        at java.util.concurrent.ThreadPoolExecutor.getTask(ThreadPoolExecutor.java:1074)
        at java.util.concurrent.ThreadPoolExecutor.runWorker(ThreadPoolExecutor.java:1134)
        at java.util.concurrent.ThreadPoolExecutor$Worker.run(ThreadPoolExecutor.java:624)
        at java.lang.Thread.run(Thread.java:750)
"IPC Server handler 14 on default port 15002" daemon prio=5 tid=120 timed_waiting
java.lang.Thread.State: TIMED_WAITING
        at sun.misc.Unsafe.park(Native Method)
        at java.util.concurrent.locks.LockSupport.parkNanos(LockSupport.java:215)
        at java.util.concurrent.locks.AbstractQueuedSynchronizer$ConditionObject.awaitNanos(AbstractQueuedSynchronizer.java:2078)
        at java.util.concurrent.LinkedBlockingQueue.poll(LinkedBlockingQueue.java:467)
        at org.apache.hadoop.ipc.CallQueueManager.take(CallQueueManager.java:317)
        at org.apache.hadoop.ipc.Server$Handler.run(Server.java:3014)
"pool-277-thread-1"  prio=5 tid=440 timed_waiting
java.lang.Thread.State: TIMED_WAITING
        at sun.misc.Unsafe.park(Native Method)
        at java.util.concurrent.locks.LockSupport.parkNanos(LockSupport.java:215)
        at java.util.concurrent.locks.AbstractQueuedSynchronizer$ConditionObject.awaitNanos(AbstractQueuedSynchronizer.java:2078)
        at java.util.concurrent.ScheduledThreadPoolExecutor$DelayedWorkQueue.take(ScheduledThreadPoolExecutor.java:1093)
        at java.util.concurrent.ScheduledThreadPoolExecutor$DelayedWorkQueue.take(ScheduledThreadPoolExecutor.java:809)
        at java.util.concurrent.ThreadPoolExecutor.getTask(ThreadPoolExecutor.java:1074)
        at java.util.concurrent.ThreadPoolExecutor.runWorker(ThreadPoolExecutor.java:1134)
        at java.util.concurrent.ThreadPoolExecutor$Worker.run(ThreadPoolExecutor.java:624)
        at java.lang.Thread.run(Thread.java:750)
"qtp188592776-403" daemon prio=5 tid=403 timed_waiting
java.lang.Thread.State: TIMED_WAITING
        at sun.misc.Unsafe.park(Native Method)
        at java.util.concurrent.locks.LockSupport.parkNanos(LockSupport.java:215)
        at java.util.concurrent.locks.AbstractQueuedSynchronizer$ConditionObject.awaitNanos(AbstractQueuedSynchronizer.java:2078)
        at org.eclipse.jetty.util.BlockingArrayQueue.poll(BlockingArrayQueue.java:382)
        at org.eclipse.jetty.util.thread.QueuedThreadPool$Runner.idleJobPoll(QueuedThreadPool.java:974)
        at org.eclipse.jetty.util.thread.QueuedThreadPool$Runner.run(QueuedThreadPool.java:1018)
        at java.lang.Thread.run(Thread.java:750)
"9305807b-68e0-4de4-9f06-795e0c374ac6@group-8CC713DA5931-StateMachineUpdater" daemon prio=5 tid=689 timed_waiting
java.lang.Thread.State: TIMED_WAITING
        at sun.misc.Unsafe.park(Native Method)
        at java.util.concurrent.locks.LockSupport.parkNanos(LockSupport.java:215)
        at java.util.concurrent.locks.AbstractQueuedSynchronizer$ConditionObject.await(AbstractQueuedSynchronizer.java:2163)
        at org.apache.ratis.util.AwaitForSignal.await(AwaitForSignal.java:62)
        at org.apache.ratis.server.impl.StateMachineUpdater.waitForCommit(StateMachineUpdater.java:209)
        at org.apache.ratis.server.impl.StateMachineUpdater.run(StateMachineUpdater.java:178)
        at java.lang.Thread.run(Thread.java:750)
"Periodic HDDS volume checker" daemon prio=5 tid=608 timed_waiting
java.lang.Thread.State: TIMED_WAITING
        at sun.misc.Unsafe.park(Native Method)
        at java.util.concurrent.locks.LockSupport.parkNanos(LockSupport.java:215)
        at java.util.concurrent.locks.AbstractQueuedSynchronizer$ConditionObject.awaitNanos(AbstractQueuedSynchronizer.java:2078)
        at java.util.concurrent.ScheduledThreadPoolExecutor$DelayedWorkQueue.take(ScheduledThreadPoolExecutor.java:1093)
        at java.util.concurrent.ScheduledThreadPoolExecutor$DelayedWorkQueue.take(ScheduledThreadPoolExecutor.java:809)
        at java.util.concurrent.ThreadPoolExecutor.getTask(ThreadPoolExecutor.java:1074)
        at java.util.concurrent.ThreadPoolExecutor.runWorker(ThreadPoolExecutor.java:1134)
        at java.util.concurrent.ThreadPoolExecutor$Worker.run(ThreadPoolExecutor.java:624)
        at java.lang.Thread.run(Thread.java:750)
"ContainerOp-13838721-bcae-49cb-b2fe-fcf027d0e9d3-9"  prio=5 tid=1226 in Object.wait()
java.lang.Thread.State: WAITING (on object monitor)
        at sun.misc.Unsafe.park(Native Method)
        at java.util.concurrent.locks.LockSupport.park(LockSupport.java:175)
        at java.util.concurrent.locks.AbstractQueuedSynchronizer$ConditionObject.await(AbstractQueuedSynchronizer.java:2039)
        at java.util.concurrent.LinkedBlockingQueue.take(LinkedBlockingQueue.java:442)
        at java.util.concurrent.ThreadPoolExecutor.getTask(ThreadPoolExecutor.java:1074)
        at java.util.concurrent.ThreadPoolExecutor.runWorker(ThreadPoolExecutor.java:1134)
        at java.util.concurrent.ThreadPoolExecutor$Worker.run(ThreadPoolExecutor.java:624)
        at java.lang.Thread.run(Thread.java:750)
"IPC Server handler 1 on default port 15002" daemon prio=5 tid=107 timed_waiting
java.lang.Thread.State: TIMED_WAITING
        at sun.misc.Unsafe.park(Native Method)
        at java.util.concurrent.locks.LockSupport.parkNanos(LockSupport.java:215)
        at java.util.concurrent.locks.AbstractQueuedSynchronizer$ConditionObject.awaitNanos(AbstractQueuedSynchronizer.java:2078)
        at java.util.concurrent.LinkedBlockingQueue.poll(LinkedBlockingQueue.java:467)
        at org.apache.hadoop.ipc.CallQueueManager.take(CallQueueManager.java:317)
        at org.apache.hadoop.ipc.Server$Handler.run(Server.java:3014)
"Datanode State Machine Task Thread - 1"  prio=5 tid=359 in Object.wait()
java.lang.Thread.State: WAITING (on object monitor)
        at sun.misc.Unsafe.park(Native Method)
        at java.util.concurrent.locks.LockSupport.park(LockSupport.java:175)
        at java.util.concurrent.locks.AbstractQueuedSynchronizer$ConditionObject.await(AbstractQueuedSynchronizer.java:2039)
        at java.util.concurrent.LinkedBlockingQueue.take(LinkedBlockingQueue.java:442)
        at java.util.concurrent.ThreadPoolExecutor.getTask(ThreadPoolExecutor.java:1074)
        at java.util.concurrent.ThreadPoolExecutor.runWorker(ThreadPoolExecutor.java:1134)
        at java.util.concurrent.ThreadPoolExecutor$Worker.run(ThreadPoolExecutor.java:624)
        at java.lang.Thread.run(Thread.java:750)
"ContainerOp-2091c0d9-35bc-4ce5-bb07-565827c47cd0-8"  prio=5 tid=1152 in Object.wait()
java.lang.Thread.State: WAITING (on object monitor)
        at sun.misc.Unsafe.park(Native Method)
        at java.util.concurrent.locks.LockSupport.park(LockSupport.java:175)
        at java.util.concurrent.locks.AbstractQueuedSynchronizer$ConditionObject.await(AbstractQueuedSynchronizer.java:2039)
        at java.util.concurrent.LinkedBlockingQueue.take(LinkedBlockingQueue.java:442)
        at java.util.concurrent.ThreadPoolExecutor.getTask(ThreadPoolExecutor.java:1074)
        at java.util.concurrent.ThreadPoolExecutor.runWorker(ThreadPoolExecutor.java:1134)
        at java.util.concurrent.ThreadPoolExecutor$Worker.run(ThreadPoolExecutor.java:624)
        at java.lang.Thread.run(Thread.java:750)
"org.apache.hadoop.ozone.container.common.statemachine.commandhandler.DeleteBlocksCommandHandler$DeleteCmdWorker@46e69dba" daemon prio=5 tid=527 timed_waiting
java.lang.Thread.State: TIMED_WAITING
        at java.lang.Thread.sleep(Native Method)
        at org.apache.hadoop.ozone.container.common.statemachine.commandhandler.DeleteBlocksCommandHandler$DeleteCmdWorker.run(DeleteBlocksCommandHandler.java:233)
        at java.lang.Thread.run(Thread.java:750)
"Datanode ReportManager Thread - 0" daemon prio=5 tid=472 in Object.wait()
java.lang.Thread.State: WAITING (on object monitor)
        at sun.misc.Unsafe.park(Native Method)
        at java.util.concurrent.locks.LockSupport.park(LockSupport.java:175)
        at java.util.concurrent.locks.AbstractQueuedSynchronizer$ConditionObject.await(AbstractQueuedSynchronizer.java:2039)
        at java.util.concurrent.ScheduledThreadPoolExecutor$DelayedWorkQueue.take(ScheduledThreadPoolExecutor.java:1088)
        at java.util.concurrent.ScheduledThreadPoolExecutor$DelayedWorkQueue.take(ScheduledThreadPoolExecutor.java:809)
        at java.util.concurrent.ThreadPoolExecutor.getTask(ThreadPoolExecutor.java:1074)
        at java.util.concurrent.ThreadPoolExecutor.runWorker(ThreadPoolExecutor.java:1134)
        at java.util.concurrent.ThreadPoolExecutor$Worker.run(ThreadPoolExecutor.java:624)
        at java.lang.Thread.run(Thread.java:750)
"ChunkReader-1" daemon prio=5 tid=1122 in Object.wait()
java.lang.Thread.State: WAITING (on object monitor)
        at sun.misc.Unsafe.park(Native Method)
        at java.util.concurrent.locks.LockSupport.park(LockSupport.java:175)
        at java.util.concurrent.locks.AbstractQueuedSynchronizer$ConditionObject.await(AbstractQueuedSynchronizer.java:2039)
        at java.util.concurrent.LinkedBlockingQueue.take(LinkedBlockingQueue.java:442)
        at java.util.concurrent.ThreadPoolExecutor.getTask(ThreadPoolExecutor.java:1074)
        at java.util.concurrent.ThreadPoolExecutor.runWorker(ThreadPoolExecutor.java:1134)
        at java.util.concurrent.ThreadPoolExecutor$Worker.run(ThreadPoolExecutor.java:624)
        at java.lang.Thread.run(Thread.java:750)
"ContainerOp-c91f7595-1a01-480b-b225-52482a170bd1-2"  prio=5 tid=1237 in Object.wait()
java.lang.Thread.State: WAITING (on object monitor)
        at sun.misc.Unsafe.park(Native Method)
        at java.util.concurrent.locks.LockSupport.park(LockSupport.java:175)
        at java.util.concurrent.locks.AbstractQueuedSynchronizer$ConditionObject.await(AbstractQueuedSynchronizer.java:2039)
        at java.util.concurrent.LinkedBlockingQueue.take(LinkedBlockingQueue.java:442)
        at java.util.concurrent.ThreadPoolExecutor.getTask(ThreadPoolExecutor.java:1074)
        at java.util.concurrent.ThreadPoolExecutor.runWorker(ThreadPoolExecutor.java:1134)
        at java.util.concurrent.ThreadPoolExecutor$Worker.run(ThreadPoolExecutor.java:624)
        at java.lang.Thread.run(Thread.java:750)
"6f9d3266-b874-4586-a718-9027df6ff647-DataStreamManagement-write--thread3"  prio=5 tid=1113 in Object.wait()
java.lang.Thread.State: WAITING (on object monitor)
        at sun.misc.Unsafe.park(Native Method)
        at java.util.concurrent.locks.LockSupport.park(LockSupport.java:175)
        at java.util.concurrent.locks.AbstractQueuedSynchronizer$ConditionObject.await(AbstractQueuedSynchronizer.java:2039)
        at java.util.concurrent.LinkedBlockingQueue.take(LinkedBlockingQueue.java:442)
        at java.util.concurrent.ThreadPoolExecutor.getTask(ThreadPoolExecutor.java:1074)
        at java.util.concurrent.ThreadPoolExecutor.runWorker(ThreadPoolExecutor.java:1134)
        at java.util.concurrent.ThreadPoolExecutor$Worker.run(ThreadPoolExecutor.java:624)
        at java.lang.Thread.run(Thread.java:750)
"om1@group-C5BA1605619E-StateMachineUpdater" daemon prio=5 tid=158 timed_waiting
java.lang.Thread.State: TIMED_WAITING
        at sun.misc.Unsafe.park(Native Method)
        at java.util.concurrent.locks.LockSupport.parkNanos(LockSupport.java:215)
        at java.util.concurrent.locks.AbstractQueuedSynchronizer$ConditionObject.await(AbstractQueuedSynchronizer.java:2163)
        at org.apache.ratis.util.AwaitForSignal.await(AwaitForSignal.java:62)
        at org.apache.ratis.server.impl.StateMachineUpdater.waitForCommit(StateMachineUpdater.java:209)
        at org.apache.ratis.server.impl.StateMachineUpdater.run(StateMachineUpdater.java:178)
        at java.lang.Thread.run(Thread.java:750)
"ChunkReader-3" daemon prio=5 tid=1124 in Object.wait()
java.lang.Thread.State: WAITING (on object monitor)
        at sun.misc.Unsafe.park(Native Method)
        at java.util.concurrent.locks.LockSupport.park(LockSupport.java:175)
        at java.util.concurrent.locks.AbstractQueuedSynchronizer$ConditionObject.await(AbstractQueuedSynchronizer.java:2039)
        at java.util.concurrent.LinkedBlockingQueue.take(LinkedBlockingQueue.java:442)
        at java.util.concurrent.ThreadPoolExecutor.getTask(ThreadPoolExecutor.java:1074)
        at java.util.concurrent.ThreadPoolExecutor.runWorker(ThreadPoolExecutor.java:1134)
        at java.util.concurrent.ThreadPoolExecutor$Worker.run(ThreadPoolExecutor.java:624)
        at java.lang.Thread.run(Thread.java:750)
"6f9d3266-b874-4586-a718-9027df6ff647-server-thread2" daemon prio=5 tid=938 timed_waiting
java.lang.Thread.State: TIMED_WAITING
        at sun.misc.Unsafe.park(Native Method)
        at java.util.concurrent.locks.LockSupport.parkNanos(LockSupport.java:215)
        at java.util.concurrent.SynchronousQueue$TransferStack.awaitFulfill(SynchronousQueue.java:460)
        at java.util.concurrent.SynchronousQueue$TransferStack.transfer(SynchronousQueue.java:362)
        at java.util.concurrent.SynchronousQueue.poll(SynchronousQueue.java:941)
        at java.util.concurrent.ThreadPoolExecutor.getTask(ThreadPoolExecutor.java:1073)
        at java.util.concurrent.ThreadPoolExecutor.runWorker(ThreadPoolExecutor.java:1134)
        at java.util.concurrent.ThreadPoolExecutor$Worker.run(ThreadPoolExecutor.java:624)
        at java.lang.Thread.run(Thread.java:750)
"Datanode ReportManager Thread - 4" daemon prio=5 tid=572 in Object.wait()
java.lang.Thread.State: WAITING (on object monitor)
        at sun.misc.Unsafe.park(Native Method)
        at java.util.concurrent.locks.LockSupport.park(LockSupport.java:175)
        at java.util.concurrent.locks.AbstractQueuedSynchronizer$ConditionObject.await(AbstractQueuedSynchronizer.java:2039)
        at java.util.concurrent.ScheduledThreadPoolExecutor$DelayedWorkQueue.take(ScheduledThreadPoolExecutor.java:1088)
        at java.util.concurrent.ScheduledThreadPoolExecutor$DelayedWorkQueue.take(ScheduledThreadPoolExecutor.java:809)
        at java.util.concurrent.ThreadPoolExecutor.getTask(ThreadPoolExecutor.java:1074)
        at java.util.concurrent.ThreadPoolExecutor.runWorker(ThreadPoolExecutor.java:1134)
        at java.util.concurrent.ThreadPoolExecutor$Worker.run(ThreadPoolExecutor.java:624)
        at java.lang.Thread.run(Thread.java:750)
"ContainerOp-2755eb04-fdd9-4243-a794-7fd84471ba85-4"  prio=5 tid=1438 in Object.wait()
java.lang.Thread.State: WAITING (on object monitor)
        at sun.misc.Unsafe.park(Native Method)
        at java.util.concurrent.locks.LockSupport.park(LockSupport.java:175)
        at java.util.concurrent.locks.AbstractQueuedSynchronizer$ConditionObject.await(AbstractQueuedSynchronizer.java:2039)
        at java.util.concurrent.LinkedBlockingQueue.take(LinkedBlockingQueue.java:442)
        at java.util.concurrent.ThreadPoolExecutor.getTask(ThreadPoolExecutor.java:1074)
        at java.util.concurrent.ThreadPoolExecutor.runWorker(ThreadPoolExecutor.java:1134)
        at java.util.concurrent.ThreadPoolExecutor$Worker.run(ThreadPoolExecutor.java:624)
        at java.lang.Thread.run(Thread.java:750)
"JvmPauseMonitor1" daemon prio=5 tid=160 timed_waiting
java.lang.Thread.State: TIMED_WAITING
        at java.lang.Thread.sleep(Native Method)
        at java.lang.Thread.sleep(Thread.java:342)
        at java.util.concurrent.TimeUnit.sleep(TimeUnit.java:386)
        at org.apache.ratis.util.TimeDuration.sleep(TimeDuration.java:325)
        at org.apache.ratis.util.TimeDuration.sleep(TimeDuration.java:310)
        at org.apache.ratis.util.JvmPauseMonitor.detectPause(JvmPauseMonitor.java:117)
        at org.apache.ratis.util.JvmPauseMonitor.run(JvmPauseMonitor.java:106)
        at org.apache.ratis.util.JvmPauseMonitor$$Lambda$540/1204910476.run(Unknown Source)
        at java.lang.Thread.run(Thread.java:750)
"IPC Server handler 8 on default port 15004" daemon prio=5 tid=185 timed_waiting
java.lang.Thread.State: TIMED_WAITING
        at sun.misc.Unsafe.park(Native Method)
        at java.util.concurrent.locks.LockSupport.parkNanos(LockSupport.java:215)
        at java.util.concurrent.locks.AbstractQueuedSynchronizer$ConditionObject.awaitNanos(AbstractQueuedSynchronizer.java:2078)
        at java.util.concurrent.LinkedBlockingQueue.poll(LinkedBlockingQueue.java:467)
        at org.apache.hadoop.ipc.CallQueueManager.take(CallQueueManager.java:317)
        at org.apache.hadoop.ipc.Server$Handler.run(Server.java:3014)
"ChunkReader-5" daemon prio=5 tid=1289 in Object.wait()
java.lang.Thread.State: WAITING (on object monitor)
        at sun.misc.Unsafe.park(Native Method)
        at java.util.concurrent.locks.LockSupport.park(LockSupport.java:175)
        at java.util.concurrent.locks.AbstractQueuedSynchronizer$ConditionObject.await(AbstractQueuedSynchronizer.java:2039)
        at java.util.concurrent.LinkedBlockingQueue.take(LinkedBlockingQueue.java:442)
        at java.util.concurrent.ThreadPoolExecutor.getTask(ThreadPoolExecutor.java:1074)
        at java.util.concurrent.ThreadPoolExecutor.runWorker(ThreadPoolExecutor.java:1134)
        at java.util.concurrent.ThreadPoolExecutor$Worker.run(ThreadPoolExecutor.java:624)
        at java.lang.Thread.run(Thread.java:750)
"grpc-default-executor-3" daemon prio=5 tid=876 timed_waiting
java.lang.Thread.State: TIMED_WAITING
        at sun.misc.Unsafe.park(Native Method)
        at java.util.concurrent.locks.LockSupport.parkNanos(LockSupport.java:215)
        at java.util.concurrent.SynchronousQueue$TransferStack.awaitFulfill(SynchronousQueue.java:460)
        at java.util.concurrent.SynchronousQueue$TransferStack.transfer(SynchronousQueue.java:362)
        at java.util.concurrent.SynchronousQueue.poll(SynchronousQueue.java:941)
        at java.util.concurrent.ThreadPoolExecutor.getTask(ThreadPoolExecutor.java:1073)
        at java.util.concurrent.ThreadPoolExecutor.runWorker(ThreadPoolExecutor.java:1134)
        at java.util.concurrent.ThreadPoolExecutor$Worker.run(ThreadPoolExecutor.java:624)
        at java.lang.Thread.run(Thread.java:750)
"b431013d-a75d-44b2-a41a-a2e98e506a92@group-8A617CCA13DF-StateMachineUpdater" daemon prio=5 tid=803 timed_waiting
java.lang.Thread.State: TIMED_WAITING
        at sun.misc.Unsafe.park(Native Method)
        at java.util.concurrent.locks.LockSupport.parkNanos(LockSupport.java:215)
        at java.util.concurrent.locks.AbstractQueuedSynchronizer$ConditionObject.await(AbstractQueuedSynchronizer.java:2163)
        at org.apache.ratis.util.AwaitForSignal.await(AwaitForSignal.java:62)
        at org.apache.ratis.server.impl.StateMachineUpdater.waitForCommit(StateMachineUpdater.java:209)
        at org.apache.ratis.server.impl.StateMachineUpdater.run(StateMachineUpdater.java:178)
        at java.lang.Thread.run(Thread.java:750)
"9305807b-68e0-4de4-9f06-795e0c374ac6-groupManagement" daemon prio=5 tid=673 in Object.wait()
java.lang.Thread.State: WAITING (on object monitor)
        at sun.misc.Unsafe.park(Native Method)
        at java.util.concurrent.locks.LockSupport.park(LockSupport.java:175)
        at java.util.concurrent.locks.AbstractQueuedSynchronizer$ConditionObject.await(AbstractQueuedSynchronizer.java:2039)
        at java.util.concurrent.LinkedBlockingQueue.take(LinkedBlockingQueue.java:442)
        at java.util.concurrent.ThreadPoolExecutor.getTask(ThreadPoolExecutor.java:1074)
        at java.util.concurrent.ThreadPoolExecutor.runWorker(ThreadPoolExecutor.java:1134)
        at java.util.concurrent.ThreadPoolExecutor$Worker.run(ThreadPoolExecutor.java:624)
        at java.lang.Thread.run(Thread.java:750)
"ChunkReader-8" daemon prio=5 tid=1262 in Object.wait()
java.lang.Thread.State: WAITING (on object monitor)
        at sun.misc.Unsafe.park(Native Method)
        at java.util.concurrent.locks.LockSupport.park(LockSupport.java:175)
        at java.util.concurrent.locks.AbstractQueuedSynchronizer$ConditionObject.await(AbstractQueuedSynchronizer.java:2039)
        at java.util.concurrent.LinkedBlockingQueue.take(LinkedBlockingQueue.java:442)
        at java.util.concurrent.ThreadPoolExecutor.getTask(ThreadPoolExecutor.java:1074)
        at java.util.concurrent.ThreadPoolExecutor.runWorker(ThreadPoolExecutor.java:1134)
        at java.util.concurrent.ThreadPoolExecutor$Worker.run(ThreadPoolExecutor.java:624)
        at java.lang.Thread.run(Thread.java:750)
"pool-119-thread-1"  prio=5 tid=233 timed_waiting
java.lang.Thread.State: TIMED_WAITING
        at sun.misc.Unsafe.park(Native Method)
        at java.util.concurrent.locks.LockSupport.parkNanos(LockSupport.java:215)
        at java.util.concurrent.locks.AbstractQueuedSynchronizer$ConditionObject.awaitNanos(AbstractQueuedSynchronizer.java:2078)
        at java.util.concurrent.ScheduledThreadPoolExecutor$DelayedWorkQueue.take(ScheduledThreadPoolExecutor.java:1093)
        at java.util.concurrent.ScheduledThreadPoolExecutor$DelayedWorkQueue.take(ScheduledThreadPoolExecutor.java:809)
        at java.util.concurrent.ThreadPoolExecutor.getTask(ThreadPoolExecutor.java:1074)
        at java.util.concurrent.ThreadPoolExecutor.runWorker(ThreadPoolExecutor.java:1134)
        at java.util.concurrent.ThreadPoolExecutor$Worker.run(ThreadPoolExecutor.java:624)
        at java.lang.Thread.run(Thread.java:750)
"IPC Server handler 4 on default port 15004" daemon prio=5 tid=181 timed_waiting
java.lang.Thread.State: TIMED_WAITING
        at sun.misc.Unsafe.park(Native Method)
        at java.util.concurrent.locks.LockSupport.parkNanos(LockSupport.java:215)
        at java.util.concurrent.locks.AbstractQueuedSynchronizer$ConditionObject.awaitNanos(AbstractQueuedSynchronizer.java:2078)
        at java.util.concurrent.LinkedBlockingQueue.poll(LinkedBlockingQueue.java:467)
        at org.apache.hadoop.ipc.CallQueueManager.take(CallQueueManager.java:317)
        at org.apache.hadoop.ipc.Server$Handler.run(Server.java:3014)
"pool-102-thread-1" daemon prio=5 tid=409 timed_waiting
java.lang.Thread.State: TIMED_WAITING
        at sun.misc.Unsafe.park(Native Method)
        at java.util.concurrent.locks.LockSupport.parkNanos(LockSupport.java:215)
        at java.util.concurrent.locks.AbstractQueuedSynchronizer$ConditionObject.awaitNanos(AbstractQueuedSynchronizer.java:2078)
        at java.util.concurrent.ScheduledThreadPoolExecutor$DelayedWorkQueue.take(ScheduledThreadPoolExecutor.java:1093)
        at java.util.concurrent.ScheduledThreadPoolExecutor$DelayedWorkQueue.take(ScheduledThreadPoolExecutor.java:809)
        at java.util.concurrent.ThreadPoolExecutor.getTask(ThreadPoolExecutor.java:1074)
        at java.util.concurrent.ThreadPoolExecutor.runWorker(ThreadPoolExecutor.java:1134)
        at java.util.concurrent.ThreadPoolExecutor$Worker.run(ThreadPoolExecutor.java:624)
        at java.lang.Thread.run(Thread.java:750)
"qtp1873189623-17" daemon prio=5 tid=17 timed_waiting
java.lang.Thread.State: TIMED_WAITING
        at sun.misc.Unsafe.park(Native Method)
        at java.util.concurrent.locks.LockSupport.parkNanos(LockSupport.java:215)
        at java.util.concurrent.locks.AbstractQueuedSynchronizer$ConditionObject.awaitNanos(AbstractQueuedSynchronizer.java:2078)
        at org.eclipse.jetty.util.BlockingArrayQueue.poll(BlockingArrayQueue.java:382)
        at org.eclipse.jetty.util.thread.QueuedThreadPool$Runner.idleJobPoll(QueuedThreadPool.java:974)
        at org.eclipse.jetty.util.thread.QueuedThreadPool$Runner.run(QueuedThreadPool.java:1018)
        at java.lang.Thread.run(Thread.java:750)
"Hadoop-Metrics-Updater-0" daemon prio=5 tid=50 timed_waiting
java.lang.Thread.State: TIMED_WAITING
        at sun.misc.Unsafe.park(Native Method)
        at java.util.concurrent.locks.LockSupport.parkNanos(LockSupport.java:215)
        at java.util.concurrent.locks.AbstractQueuedSynchronizer$ConditionObject.awaitNanos(AbstractQueuedSynchronizer.java:2078)
        at java.util.concurrent.ScheduledThreadPoolExecutor$DelayedWorkQueue.take(ScheduledThreadPoolExecutor.java:1093)
        at java.util.concurrent.ScheduledThreadPoolExecutor$DelayedWorkQueue.take(ScheduledThreadPoolExecutor.java:809)
        at java.util.concurrent.ThreadPoolExecutor.getTask(ThreadPoolExecutor.java:1074)
        at java.util.concurrent.ThreadPoolExecutor.runWorker(ThreadPoolExecutor.java:1134)
        at java.util.concurrent.ThreadPoolExecutor$Worker.run(ThreadPoolExecutor.java:624)
        at java.lang.Thread.run(Thread.java:750)
"Command processor thread" daemon prio=5 tid=226 timed_waiting
java.lang.Thread.State: TIMED_WAITING
        at java.lang.Thread.sleep(Native Method)
        at org.apache.hadoop.ozone.container.common.statemachine.DatanodeStateMachine.lambda$initCommandHandlerThread$3(DatanodeStateMachine.java:667)
        at org.apache.hadoop.ozone.container.common.statemachine.DatanodeStateMachine$$Lambda$1043/1121353957.run(Unknown Source)
        at java.lang.Thread.run(Thread.java:750)
"Datanode ReportManager Thread - 1" daemon prio=5 tid=429 in Object.wait()
java.lang.Thread.State: WAITING (on object monitor)
        at sun.misc.Unsafe.park(Native Method)
        at java.util.concurrent.locks.LockSupport.park(LockSupport.java:175)
        at java.util.concurrent.locks.AbstractQueuedSynchronizer$ConditionObject.await(AbstractQueuedSynchronizer.java:2039)
        at java.util.concurrent.ScheduledThreadPoolExecutor$DelayedWorkQueue.take(ScheduledThreadPoolExecutor.java:1088)
        at java.util.concurrent.ScheduledThreadPoolExecutor$DelayedWorkQueue.take(ScheduledThreadPoolExecutor.java:809)
        at java.util.concurrent.ThreadPoolExecutor.getTask(ThreadPoolExecutor.java:1074)
        at java.util.concurrent.ThreadPoolExecutor.runWorker(ThreadPoolExecutor.java:1134)
        at java.util.concurrent.ThreadPoolExecutor$Worker.run(ThreadPoolExecutor.java:624)
        at java.lang.Thread.run(Thread.java:750)
"IPC Server handler 4 on default port 15000" daemon prio=5 tid=70 timed_waiting
java.lang.Thread.State: TIMED_WAITING
        at sun.misc.Unsafe.park(Native Method)
        at java.util.concurrent.locks.LockSupport.parkNanos(LockSupport.java:215)
        at java.util.concurrent.locks.AbstractQueuedSynchronizer$ConditionObject.awaitNanos(AbstractQueuedSynchronizer.java:2078)
        at java.util.concurrent.LinkedBlockingQueue.poll(LinkedBlockingQueue.java:467)
        at org.apache.hadoop.ipc.CallQueueManager.take(CallQueueManager.java:317)
        at org.apache.hadoop.ipc.Server$Handler.run(Server.java:3014)
"ContainerOp-c91f7595-1a01-480b-b225-52482a170bd1-4"  prio=5 tid=1239 in Object.wait()
java.lang.Thread.State: WAITING (on object monitor)
        at sun.misc.Unsafe.park(Native Method)
        at java.util.concurrent.locks.LockSupport.park(LockSupport.java:175)
        at java.util.concurrent.locks.AbstractQueuedSynchronizer$ConditionObject.await(AbstractQueuedSynchronizer.java:2039)
        at java.util.concurrent.LinkedBlockingQueue.take(LinkedBlockingQueue.java:442)
        at java.util.concurrent.ThreadPoolExecutor.getTask(ThreadPoolExecutor.java:1074)
        at java.util.concurrent.ThreadPoolExecutor.runWorker(ThreadPoolExecutor.java:1134)
        at java.util.concurrent.ThreadPoolExecutor$Worker.run(ThreadPoolExecutor.java:624)
        at java.lang.Thread.run(Thread.java:750)
"ChunkReader-ELG-0" daemon prio=5 tid=631 runnable
java.lang.Thread.State: RUNNABLE
        at org.apache.ratis.thirdparty.io.netty.channel.epoll.Native.epollWait0(Native Method)
        at org.apache.ratis.thirdparty.io.netty.channel.epoll.Native.epollWait(Native.java:182)
        at org.apache.ratis.thirdparty.io.netty.channel.epoll.EpollEventLoop.epollWait(EpollEventLoop.java:302)
        at org.apache.ratis.thirdparty.io.netty.channel.epoll.EpollEventLoop.run(EpollEventLoop.java:366)
        at org.apache.ratis.thirdparty.io.netty.util.concurrent.SingleThreadEventExecutor$4.run(SingleThreadEventExecutor.java:997)
        at org.apache.ratis.thirdparty.io.netty.util.internal.ThreadExecutorMap$2.run(ThreadExecutorMap.java:74)
        at java.lang.Thread.run(Thread.java:750)
"Hadoop-Metrics-Updater-0" daemon prio=5 tid=469 timed_waiting
java.lang.Thread.State: TIMED_WAITING
        at sun.misc.Unsafe.park(Native Method)
        at java.util.concurrent.locks.LockSupport.parkNanos(LockSupport.java:215)
        at java.util.concurrent.locks.AbstractQueuedSynchronizer$ConditionObject.awaitNanos(AbstractQueuedSynchronizer.java:2078)
        at java.util.concurrent.ScheduledThreadPoolExecutor$DelayedWorkQueue.take(ScheduledThreadPoolExecutor.java:1093)
        at java.util.concurrent.ScheduledThreadPoolExecutor$DelayedWorkQueue.take(ScheduledThreadPoolExecutor.java:809)
        at java.util.concurrent.ThreadPoolExecutor.getTask(ThreadPoolExecutor.java:1074)
        at java.util.concurrent.ThreadPoolExecutor.runWorker(ThreadPoolExecutor.java:1134)
        at java.util.concurrent.ThreadPoolExecutor$Worker.run(ThreadPoolExecutor.java:624)
        at java.lang.Thread.run(Thread.java:750)
"6220322b-c54d-4ba8-95d6-5fd9b706d663-DataStreamManagement-request--thread1"  prio=5 tid=1072 in Object.wait()
java.lang.Thread.State: WAITING (on object monitor)
        at sun.misc.Unsafe.park(Native Method)
        at java.util.concurrent.locks.LockSupport.park(LockSupport.java:175)
        at java.util.concurrent.locks.AbstractQueuedSynchronizer$ConditionObject.await(AbstractQueuedSynchronizer.java:2039)
        at java.util.concurrent.LinkedBlockingQueue.take(LinkedBlockingQueue.java:442)
        at java.util.concurrent.ThreadPoolExecutor.getTask(ThreadPoolExecutor.java:1074)
        at java.util.concurrent.ThreadPoolExecutor.runWorker(ThreadPoolExecutor.java:1134)
        at java.util.concurrent.ThreadPoolExecutor$Worker.run(ThreadPoolExecutor.java:624)
        at java.lang.Thread.run(Thread.java:750)
"timer2" daemon prio=5 tid=880 timed_waiting
java.lang.Thread.State: TIMED_WAITING
        at java.lang.Object.wait(Native Method)
        at java.util.TimerThread.mainLoop(Timer.java:552)
        at java.util.TimerThread.run(Timer.java:505)
"EndpointStateMachine task thread for /0.0.0.0:15002 - 0 "  prio=5 tid=638 in Object.wait()
java.lang.Thread.State: WAITING (on object monitor)
        at sun.misc.Unsafe.park(Native Method)
        at java.util.concurrent.locks.LockSupport.park(LockSupport.java:175)
        at java.util.concurrent.locks.AbstractQueuedSynchronizer$ConditionObject.await(AbstractQueuedSynchronizer.java:2039)
        at java.util.concurrent.LinkedBlockingQueue.take(LinkedBlockingQueue.java:442)
        at java.util.concurrent.ThreadPoolExecutor.getTask(ThreadPoolExecutor.java:1074)
        at java.util.concurrent.ThreadPoolExecutor.runWorker(ThreadPoolExecutor.java:1134)
        at java.util.concurrent.ThreadPoolExecutor$Worker.run(ThreadPoolExecutor.java:624)
        at java.lang.Thread.run(Thread.java:750)
"9fc007ee-6328-4e66-a7f4-dfd370a25fec@group-95B153CB0731-LeaderStateImpl" daemon prio=5 tid=987 timed_waiting
java.lang.Thread.State: TIMED_WAITING
        at sun.misc.Unsafe.park(Native Method)
        at java.util.concurrent.locks.LockSupport.parkNanos(LockSupport.java:215)
        at java.util.concurrent.locks.AbstractQueuedSynchronizer$ConditionObject.awaitNanos(AbstractQueuedSynchronizer.java:2078)
        at java.util.concurrent.ArrayBlockingQueue.poll(ArrayBlockingQueue.java:418)
        at org.apache.ratis.server.impl.LeaderStateImpl$EventQueue.poll(LeaderStateImpl.java:164)
        at org.apache.ratis.server.impl.LeaderStateImpl$EventProcessor.run(LeaderStateImpl.java:702)
"ChunkReader-4" daemon prio=5 tid=1268 in Object.wait()
java.lang.Thread.State: WAITING (on object monitor)
        at sun.misc.Unsafe.park(Native Method)
        at java.util.concurrent.locks.LockSupport.park(LockSupport.java:175)
        at java.util.concurrent.locks.AbstractQueuedSynchronizer$ConditionObject.await(AbstractQueuedSynchronizer.java:2039)
        at java.util.concurrent.LinkedBlockingQueue.take(LinkedBlockingQueue.java:442)
        at java.util.concurrent.ThreadPoolExecutor.getTask(ThreadPoolExecutor.java:1074)
        at java.util.concurrent.ThreadPoolExecutor.runWorker(ThreadPoolExecutor.java:1134)
        at java.util.concurrent.ThreadPoolExecutor$Worker.run(ThreadPoolExecutor.java:624)
        at java.lang.Thread.run(Thread.java:750)
"Periodic HDDS volume checker" daemon prio=5 tid=623 timed_waiting
java.lang.Thread.State: TIMED_WAITING
        at sun.misc.Unsafe.park(Native Method)
        at java.util.concurrent.locks.LockSupport.parkNanos(LockSupport.java:215)
        at java.util.concurrent.locks.AbstractQueuedSynchronizer$ConditionObject.awaitNanos(AbstractQueuedSynchronizer.java:2078)
        at java.util.concurrent.ScheduledThreadPoolExecutor$DelayedWorkQueue.take(ScheduledThreadPoolExecutor.java:1093)
        at java.util.concurrent.ScheduledThreadPoolExecutor$DelayedWorkQueue.take(ScheduledThreadPoolExecutor.java:809)
        at java.util.concurrent.ThreadPoolExecutor.getTask(ThreadPoolExecutor.java:1074)
        at java.util.concurrent.ThreadPoolExecutor.runWorker(ThreadPoolExecutor.java:1134)
        at java.util.concurrent.ThreadPoolExecutor$Worker.run(ThreadPoolExecutor.java:624)
        at java.lang.Thread.run(Thread.java:750)
"IPC Server handler 2 on default port 15001" daemon prio=5 tid=88 timed_waiting
java.lang.Thread.State: TIMED_WAITING
        at sun.misc.Unsafe.park(Native Method)
        at java.util.concurrent.locks.LockSupport.parkNanos(LockSupport.java:215)
        at java.util.concurrent.locks.AbstractQueuedSynchronizer$ConditionObject.awaitNanos(AbstractQueuedSynchronizer.java:2078)
        at java.util.concurrent.LinkedBlockingQueue.poll(LinkedBlockingQueue.java:467)
        at org.apache.hadoop.ipc.CallQueueManager.take(CallQueueManager.java:317)
        at org.apache.hadoop.ipc.Server$Handler.run(Server.java:3014)
"80a9a8fe-8ad4-444c-8e90-e2ced2b3ac02-DataStreamManagement-request--thread2"  prio=5 tid=1366 in Object.wait()
java.lang.Thread.State: WAITING (on object monitor)
        at sun.misc.Unsafe.park(Native Method)
        at java.util.concurrent.locks.LockSupport.park(LockSupport.java:175)
        at java.util.concurrent.locks.AbstractQueuedSynchronizer$ConditionObject.await(AbstractQueuedSynchronizer.java:2039)
        at java.util.concurrent.LinkedBlockingQueue.take(LinkedBlockingQueue.java:442)
        at java.util.concurrent.ThreadPoolExecutor.getTask(ThreadPoolExecutor.java:1074)
        at java.util.concurrent.ThreadPoolExecutor.runWorker(ThreadPoolExecutor.java:1134)
        at java.util.concurrent.ThreadPoolExecutor$Worker.run(ThreadPoolExecutor.java:624)
        at java.lang.Thread.run(Thread.java:750)
"f6fa4039-8fe9-46ca-92f5-bb04d02dc273@group-52482A170BD1-LeaderStateImpl" daemon prio=5 tid=1007 timed_waiting
java.lang.Thread.State: TIMED_WAITING
        at sun.misc.Unsafe.park(Native Method)
        at java.util.concurrent.locks.LockSupport.parkNanos(LockSupport.java:215)
        at java.util.concurrent.locks.AbstractQueuedSynchronizer$ConditionObject.awaitNanos(AbstractQueuedSynchronizer.java:2078)
        at java.util.concurrent.ArrayBlockingQueue.poll(ArrayBlockingQueue.java:418)
        at org.apache.ratis.server.impl.LeaderStateImpl$EventQueue.poll(LeaderStateImpl.java:164)
        at org.apache.ratis.server.impl.LeaderStateImpl$EventProcessor.run(LeaderStateImpl.java:702)
"qtp1871212187-238" daemon prio=5 tid=238 timed_waiting
java.lang.Thread.State: TIMED_WAITING
        at sun.misc.Unsafe.park(Native Method)
        at java.util.concurrent.locks.LockSupport.parkNanos(LockSupport.java:215)
        at java.util.concurrent.locks.AbstractQueuedSynchronizer$ConditionObject.awaitNanos(AbstractQueuedSynchronizer.java:2078)
        at org.eclipse.jetty.util.BlockingArrayQueue.poll(BlockingArrayQueue.java:382)
        at org.eclipse.jetty.util.thread.QueuedThreadPool$Runner.idleJobPoll(QueuedThreadPool.java:974)
        at org.eclipse.jetty.util.thread.QueuedThreadPool$Runner.run(QueuedThreadPool.java:1018)
        at java.lang.Thread.run(Thread.java:750)
"ChunkWriter-2-0" daemon prio=5 tid=628 in Object.wait()
java.lang.Thread.State: WAITING (on object monitor)
        at sun.misc.Unsafe.park(Native Method)
        at java.util.concurrent.locks.LockSupport.park(LockSupport.java:175)
        at java.util.concurrent.locks.AbstractQueuedSynchronizer$ConditionObject.await(AbstractQueuedSynchronizer.java:2039)
        at java.util.concurrent.LinkedBlockingDeque.takeFirst(LinkedBlockingDeque.java:492)
        at java.util.concurrent.LinkedBlockingDeque.take(LinkedBlockingDeque.java:680)
        at java.util.concurrent.ThreadPoolExecutor.getTask(ThreadPoolExecutor.java:1074)
        at java.util.concurrent.ThreadPoolExecutor.runWorker(ThreadPoolExecutor.java:1134)
        at java.util.concurrent.ThreadPoolExecutor$Worker.run(ThreadPoolExecutor.java:624)
        at java.lang.Thread.run(Thread.java:750)
"IPC Server handler 9 on default port 15004" daemon prio=5 tid=186 timed_waiting
java.lang.Thread.State: TIMED_WAITING
        at sun.misc.Unsafe.park(Native Method)
        at java.util.concurrent.locks.LockSupport.parkNanos(LockSupport.java:215)
        at java.util.concurrent.locks.AbstractQueuedSynchronizer$ConditionObject.awaitNanos(AbstractQueuedSynchronizer.java:2078)
        at java.util.concurrent.LinkedBlockingQueue.poll(LinkedBlockingQueue.java:467)
        at org.apache.hadoop.ipc.CallQueueManager.take(CallQueueManager.java:317)
        at org.apache.hadoop.ipc.Server$Handler.run(Server.java:3014)
"ContainerOp-4f955fc0-ea69-486a-8109-13976fd52583-5"  prio=5 tid=1136 in Object.wait()
java.lang.Thread.State: WAITING (on object monitor)
        at sun.misc.Unsafe.park(Native Method)
        at java.util.concurrent.locks.LockSupport.park(LockSupport.java:175)
        at java.util.concurrent.locks.AbstractQueuedSynchronizer$ConditionObject.await(AbstractQueuedSynchronizer.java:2039)
        at java.util.concurrent.LinkedBlockingQueue.take(LinkedBlockingQueue.java:442)
        at java.util.concurrent.ThreadPoolExecutor.getTask(ThreadPoolExecutor.java:1074)
        at java.util.concurrent.ThreadPoolExecutor.runWorker(ThreadPoolExecutor.java:1134)
        at java.util.concurrent.ThreadPoolExecutor$Worker.run(ThreadPoolExecutor.java:624)
        at java.lang.Thread.run(Thread.java:750)
"ContainerOp-00044fda-cf71-4d00-9eb5-8cc713da5931-5"  prio=5 tid=1337 in Object.wait()
java.lang.Thread.State: WAITING (on object monitor)
        at sun.misc.Unsafe.park(Native Method)
        at java.util.concurrent.locks.LockSupport.park(LockSupport.java:175)
        at java.util.concurrent.locks.AbstractQueuedSynchronizer$ConditionObject.await(AbstractQueuedSynchronizer.java:2039)
        at java.util.concurrent.LinkedBlockingQueue.take(LinkedBlockingQueue.java:442)
        at java.util.concurrent.ThreadPoolExecutor.getTask(ThreadPoolExecutor.java:1074)
        at java.util.concurrent.ThreadPoolExecutor.runWorker(ThreadPoolExecutor.java:1134)
        at java.util.concurrent.ThreadPoolExecutor$Worker.run(ThreadPoolExecutor.java:624)
        at java.lang.Thread.run(Thread.java:750)
"ReplicationMonitor" daemon prio=5 tid=37 timed_waiting
java.lang.Thread.State: TIMED_WAITING
        at java.lang.Object.wait(Native Method)
        at org.apache.hadoop.hdds.scm.container.replication.ReplicationManager.run(ReplicationManager.java:917)
        at org.apache.hadoop.hdds.scm.container.replication.ReplicationManager$$Lambda$523/1788961047.run(Unknown Source)
        at java.lang.Thread.run(Thread.java:750)
"ChunkReader-2" daemon prio=5 tid=1276 in Object.wait()
java.lang.Thread.State: WAITING (on object monitor)
        at sun.misc.Unsafe.park(Native Method)
        at java.util.concurrent.locks.LockSupport.park(LockSupport.java:175)
        at java.util.concurrent.locks.AbstractQueuedSynchronizer$ConditionObject.await(AbstractQueuedSynchronizer.java:2039)
        at java.util.concurrent.LinkedBlockingQueue.take(LinkedBlockingQueue.java:442)
        at java.util.concurrent.ThreadPoolExecutor.getTask(ThreadPoolExecutor.java:1074)
        at java.util.concurrent.ThreadPoolExecutor.runWorker(ThreadPoolExecutor.java:1134)
        at java.util.concurrent.ThreadPoolExecutor$Worker.run(ThreadPoolExecutor.java:624)
        at java.lang.Thread.run(Thread.java:750)
"ContainerOp-88f45a07-8f45-4f74-a1d0-23200bb8a37d-9"  prio=5 tid=1211 in Object.wait()
java.lang.Thread.State: WAITING (on object monitor)
        at sun.misc.Unsafe.park(Native Method)
        at java.util.concurrent.locks.LockSupport.park(LockSupport.java:175)
        at java.util.concurrent.locks.AbstractQueuedSynchronizer$ConditionObject.await(AbstractQueuedSynchronizer.java:2039)
        at java.util.concurrent.LinkedBlockingQueue.take(LinkedBlockingQueue.java:442)
        at java.util.concurrent.ThreadPoolExecutor.getTask(ThreadPoolExecutor.java:1074)
        at java.util.concurrent.ThreadPoolExecutor.runWorker(ThreadPoolExecutor.java:1134)
        at java.util.concurrent.ThreadPoolExecutor$Worker.run(ThreadPoolExecutor.java:624)
        at java.lang.Thread.run(Thread.java:750)
"ContainerOp-00044fda-cf71-4d00-9eb5-8cc713da5931-3"  prio=5 tid=1052 in Object.wait()
java.lang.Thread.State: WAITING (on object monitor)
        at sun.misc.Unsafe.park(Native Method)
        at java.util.concurrent.locks.LockSupport.park(LockSupport.java:175)
        at java.util.concurrent.locks.AbstractQueuedSynchronizer$ConditionObject.await(AbstractQueuedSynchronizer.java:2039)
        at java.util.concurrent.LinkedBlockingQueue.take(LinkedBlockingQueue.java:442)
        at java.util.concurrent.ThreadPoolExecutor.getTask(ThreadPoolExecutor.java:1074)
        at java.util.concurrent.ThreadPoolExecutor.runWorker(ThreadPoolExecutor.java:1134)
        at java.util.concurrent.ThreadPoolExecutor$Worker.run(ThreadPoolExecutor.java:624)
        at java.lang.Thread.run(Thread.java:750)
"ContainerOp-88f45a07-8f45-4f74-a1d0-23200bb8a37d-8"  prio=5 tid=1210 in Object.wait()
java.lang.Thread.State: WAITING (on object monitor)
        at sun.misc.Unsafe.park(Native Method)
        at java.util.concurrent.locks.LockSupport.park(LockSupport.java:175)
        at java.util.concurrent.locks.AbstractQueuedSynchronizer$ConditionObject.await(AbstractQueuedSynchronizer.java:2039)
        at java.util.concurrent.LinkedBlockingQueue.take(LinkedBlockingQueue.java:442)
        at java.util.concurrent.ThreadPoolExecutor.getTask(ThreadPoolExecutor.java:1074)
        at java.util.concurrent.ThreadPoolExecutor.runWorker(ThreadPoolExecutor.java:1134)
        at java.util.concurrent.ThreadPoolExecutor$Worker.run(ThreadPoolExecutor.java:624)
        at java.lang.Thread.run(Thread.java:750)
"qtp1538487153-325" daemon prio=5 tid=325 timed_waiting
java.lang.Thread.State: TIMED_WAITING
        at sun.misc.Unsafe.park(Native Method)
        at java.util.concurrent.locks.LockSupport.parkNanos(LockSupport.java:215)
        at java.util.concurrent.locks.AbstractQueuedSynchronizer$ConditionObject.awaitNanos(AbstractQueuedSynchronizer.java:2078)
        at org.eclipse.jetty.util.BlockingArrayQueue.poll(BlockingArrayQueue.java:382)
        at org.eclipse.jetty.util.thread.QueuedThreadPool$Runner.idleJobPoll(QueuedThreadPool.java:974)
        at org.eclipse.jetty.util.thread.QueuedThreadPool$Runner.run(QueuedThreadPool.java:1018)
        at java.lang.Thread.run(Thread.java:750)
"qtp110826259-268" daemon prio=5 tid=268 timed_waiting
java.lang.Thread.State: TIMED_WAITING
        at sun.misc.Unsafe.park(Native Method)
        at java.util.concurrent.locks.LockSupport.parkNanos(LockSupport.java:215)
        at java.util.concurrent.locks.AbstractQueuedSynchronizer$ConditionObject.awaitNanos(AbstractQueuedSynchronizer.java:2078)
        at org.eclipse.jetty.util.BlockingArrayQueue.poll(BlockingArrayQueue.java:382)
        at org.eclipse.jetty.util.thread.QueuedThreadPool$Runner.idleJobPoll(QueuedThreadPool.java:974)
        at org.eclipse.jetty.util.thread.QueuedThreadPool$Runner.run(QueuedThreadPool.java:1018)
        at java.lang.Thread.run(Thread.java:750)
"5317d628-7528-4015-930b-d89d4a444778@group-D84CB1ADCB76-FollowerState" daemon prio=5 tid=871 timed_waiting
java.lang.Thread.State: TIMED_WAITING
        at java.lang.Thread.sleep(Native Method)
        at java.lang.Thread.sleep(Thread.java:342)
        at java.util.concurrent.TimeUnit.sleep(TimeUnit.java:386)
        at org.apache.ratis.util.TimeDuration.sleep(TimeDuration.java:325)
        at org.apache.ratis.util.TimeDuration.sleep(TimeDuration.java:310)
        at org.apache.ratis.server.impl.FollowerState.run(FollowerState.java:128)
"f6fa4039-8fe9-46ca-92f5-bb04d02dc273-DataStreamManagement-write--thread1"  prio=5 tid=1399 in Object.wait()
java.lang.Thread.State: WAITING (on object monitor)
        at sun.misc.Unsafe.park(Native Method)
        at java.util.concurrent.locks.LockSupport.park(LockSupport.java:175)
        at java.util.concurrent.locks.AbstractQueuedSynchronizer$ConditionObject.await(AbstractQueuedSynchronizer.java:2039)
        at java.util.concurrent.LinkedBlockingQueue.take(LinkedBlockingQueue.java:442)
        at java.util.concurrent.ThreadPoolExecutor.getTask(ThreadPoolExecutor.java:1074)
        at java.util.concurrent.ThreadPoolExecutor.runWorker(ThreadPoolExecutor.java:1134)
        at java.util.concurrent.ThreadPoolExecutor$Worker.run(ThreadPoolExecutor.java:624)
        at java.lang.Thread.run(Thread.java:750)
"PartialTableCache Cleanup Thread - 0" daemon prio=5 tid=1058 in Object.wait()
java.lang.Thread.State: WAITING (on object monitor)
        at sun.misc.Unsafe.park(Native Method)
        at java.util.concurrent.locks.LockSupport.park(LockSupport.java:175)
        at java.util.concurrent.locks.AbstractQueuedSynchronizer$ConditionObject.await(AbstractQueuedSynchronizer.java:2039)
        at java.util.concurrent.LinkedBlockingQueue.take(LinkedBlockingQueue.java:442)
        at java.util.concurrent.ThreadPoolExecutor.getTask(ThreadPoolExecutor.java:1074)
        at java.util.concurrent.ThreadPoolExecutor.runWorker(ThreadPoolExecutor.java:1134)
        at java.util.concurrent.ThreadPoolExecutor$Worker.run(ThreadPoolExecutor.java:624)
        at java.lang.Thread.run(Thread.java:750)
"Thread[Thread-355,5,main]" daemon prio=5 tid=567 timed_waiting
java.lang.Thread.State: TIMED_WAITING
        at java.lang.Thread.sleep(Native Method)
        at org.apache.hadoop.ozone.security.OzoneDelegationTokenSecretManager$ExpiredTokenRemover.run(OzoneDelegationTokenSecretManager.java:649)
        at java.lang.Thread.run(Thread.java:750)
"ChunkReader-0" daemon prio=5 tid=1121 in Object.wait()
java.lang.Thread.State: WAITING (on object monitor)
        at sun.misc.Unsafe.park(Native Method)
        at java.util.concurrent.locks.LockSupport.park(LockSupport.java:175)
        at java.util.concurrent.locks.AbstractQueuedSynchronizer$ConditionObject.await(AbstractQueuedSynchronizer.java:2039)
        at java.util.concurrent.LinkedBlockingQueue.take(LinkedBlockingQueue.java:442)
        at java.util.concurrent.ThreadPoolExecutor.getTask(ThreadPoolExecutor.java:1074)
        at java.util.concurrent.ThreadPoolExecutor.runWorker(ThreadPoolExecutor.java:1134)
        at java.util.concurrent.ThreadPoolExecutor$Worker.run(ThreadPoolExecutor.java:624)
        at java.lang.Thread.run(Thread.java:750)
"ContainerOp-88f45a07-8f45-4f74-a1d0-23200bb8a37d-1"  prio=5 tid=1086 in Object.wait()
java.lang.Thread.State: WAITING (on object monitor)
        at sun.misc.Unsafe.park(Native Method)
        at java.util.concurrent.locks.LockSupport.park(LockSupport.java:175)
        at java.util.concurrent.locks.AbstractQueuedSynchronizer$ConditionObject.await(AbstractQueuedSynchronizer.java:2039)
        at java.util.concurrent.LinkedBlockingQueue.take(LinkedBlockingQueue.java:442)
        at java.util.concurrent.ThreadPoolExecutor.getTask(ThreadPoolExecutor.java:1074)
        at java.util.concurrent.ThreadPoolExecutor.runWorker(ThreadPoolExecutor.java:1134)
        at java.util.concurrent.ThreadPoolExecutor$Worker.run(ThreadPoolExecutor.java:624)
        at java.lang.Thread.run(Thread.java:750)
"ChunkReader-1" daemon prio=5 tid=1091 in Object.wait()
java.lang.Thread.State: WAITING (on object monitor)
        at sun.misc.Unsafe.park(Native Method)
        at java.util.concurrent.locks.LockSupport.park(LockSupport.java:175)
        at java.util.concurrent.locks.AbstractQueuedSynchronizer$ConditionObject.await(AbstractQueuedSynchronizer.java:2039)
        at java.util.concurrent.LinkedBlockingQueue.take(LinkedBlockingQueue.java:442)
        at java.util.concurrent.ThreadPoolExecutor.getTask(ThreadPoolExecutor.java:1074)
        at java.util.concurrent.ThreadPoolExecutor.runWorker(ThreadPoolExecutor.java:1134)
        at java.util.concurrent.ThreadPoolExecutor$Worker.run(ThreadPoolExecutor.java:624)
        at java.lang.Thread.run(Thread.java:750)
"Datanode ReportManager Thread - 2" daemon prio=5 tid=373 in Object.wait()
java.lang.Thread.State: WAITING (on object monitor)
        at sun.misc.Unsafe.park(Native Method)
        at java.util.concurrent.locks.LockSupport.park(LockSupport.java:175)
        at java.util.concurrent.locks.AbstractQueuedSynchronizer$ConditionObject.await(AbstractQueuedSynchronizer.java:2039)
        at java.util.concurrent.ScheduledThreadPoolExecutor$DelayedWorkQueue.take(ScheduledThreadPoolExecutor.java:1088)
        at java.util.concurrent.ScheduledThreadPoolExecutor$DelayedWorkQueue.take(ScheduledThreadPoolExecutor.java:809)
        at java.util.concurrent.ThreadPoolExecutor.getTask(ThreadPoolExecutor.java:1074)
        at java.util.concurrent.ThreadPoolExecutor.runWorker(ThreadPoolExecutor.java:1134)
        at java.util.concurrent.ThreadPoolExecutor$Worker.run(ThreadPoolExecutor.java:624)
        at java.lang.Thread.run(Thread.java:750)
"ContainerOp-761249f9-8bb6-41bf-974d-4398accf5932-2"  prio=5 tid=1184 in Object.wait()
java.lang.Thread.State: WAITING (on object monitor)
        at sun.misc.Unsafe.park(Native Method)
        at java.util.concurrent.locks.LockSupport.park(LockSupport.java:175)
        at java.util.concurrent.locks.AbstractQueuedSynchronizer$ConditionObject.await(AbstractQueuedSynchronizer.java:2039)
        at java.util.concurrent.LinkedBlockingQueue.take(LinkedBlockingQueue.java:442)
        at java.util.concurrent.ThreadPoolExecutor.getTask(ThreadPoolExecutor.java:1074)
        at java.util.concurrent.ThreadPoolExecutor.runWorker(ThreadPoolExecutor.java:1134)
        at java.util.concurrent.ThreadPoolExecutor$Worker.run(ThreadPoolExecutor.java:624)
        at java.lang.Thread.run(Thread.java:750)
"80a9a8fe-8ad4-444c-8e90-e2ced2b3ac02-DataStreamManagement-request--thread1"  prio=5 tid=1365 in Object.wait()
java.lang.Thread.State: WAITING (on object monitor)
        at sun.misc.Unsafe.park(Native Method)
        at java.util.concurrent.locks.LockSupport.park(LockSupport.java:175)
        at java.util.concurrent.locks.AbstractQueuedSynchronizer$ConditionObject.await(AbstractQueuedSynchronizer.java:2039)
        at java.util.concurrent.LinkedBlockingQueue.take(LinkedBlockingQueue.java:442)
        at java.util.concurrent.ThreadPoolExecutor.getTask(ThreadPoolExecutor.java:1074)
        at java.util.concurrent.ThreadPoolExecutor.runWorker(ThreadPoolExecutor.java:1134)
        at java.util.concurrent.ThreadPoolExecutor$Worker.run(ThreadPoolExecutor.java:624)
        at java.lang.Thread.run(Thread.java:750)
"StaleRecoveringContainerScrubbingService#1" daemon prio=5 tid=588 in Object.wait()
java.lang.Thread.State: WAITING (on object monitor)
        at sun.misc.Unsafe.park(Native Method)
        at java.util.concurrent.locks.LockSupport.park(LockSupport.java:175)
        at java.util.concurrent.locks.AbstractQueuedSynchronizer$ConditionObject.await(AbstractQueuedSynchronizer.java:2039)
        at java.util.concurrent.ScheduledThreadPoolExecutor$DelayedWorkQueue.take(ScheduledThreadPoolExecutor.java:1088)
        at java.util.concurrent.ScheduledThreadPoolExecutor$DelayedWorkQueue.take(ScheduledThreadPoolExecutor.java:809)
        at java.util.concurrent.ThreadPoolExecutor.getTask(ThreadPoolExecutor.java:1074)
        at java.util.concurrent.ThreadPoolExecutor.runWorker(ThreadPoolExecutor.java:1134)
        at java.util.concurrent.ThreadPoolExecutor$Worker.run(ThreadPoolExecutor.java:624)
        at java.lang.Thread.run(Thread.java:750)
"StaleRecoveringContainerScrubbingService#2" daemon prio=5 tid=1638 in Object.wait()
java.lang.Thread.State: WAITING (on object monitor)
        at sun.misc.Unsafe.park(Native Method)
        at java.util.concurrent.locks.LockSupport.park(LockSupport.java:175)
        at java.util.concurrent.locks.AbstractQueuedSynchronizer$ConditionObject.await(AbstractQueuedSynchronizer.java:2039)
        at java.util.concurrent.ScheduledThreadPoolExecutor$DelayedWorkQueue.take(ScheduledThreadPoolExecutor.java:1088)
        at java.util.concurrent.ScheduledThreadPoolExecutor$DelayedWorkQueue.take(ScheduledThreadPoolExecutor.java:809)
        at java.util.concurrent.ThreadPoolExecutor.getTask(ThreadPoolExecutor.java:1074)
        at java.util.concurrent.ThreadPoolExecutor.runWorker(ThreadPoolExecutor.java:1134)
        at java.util.concurrent.ThreadPoolExecutor$Worker.run(ThreadPoolExecutor.java:624)
        at java.lang.Thread.run(Thread.java:750)
"9fc007ee-6328-4e66-a7f4-dfd370a25fec@group-8A617CCA13DF-FollowerState" daemon prio=5 tid=962 timed_waiting
java.lang.Thread.State: TIMED_WAITING
        at java.lang.Thread.sleep(Native Method)
        at java.lang.Thread.sleep(Thread.java:342)
        at java.util.concurrent.TimeUnit.sleep(TimeUnit.java:386)
        at org.apache.ratis.util.TimeDuration.sleep(TimeDuration.java:325)
        at org.apache.ratis.util.TimeDuration.sleep(TimeDuration.java:310)
        at org.apache.ratis.server.impl.FollowerState.run(FollowerState.java:128)
"qtp1890737819-355" daemon prio=5 tid=355 timed_waiting
java.lang.Thread.State: TIMED_WAITING
        at sun.misc.Unsafe.park(Native Method)
        at java.util.concurrent.locks.LockSupport.parkNanos(LockSupport.java:215)
        at java.util.concurrent.locks.AbstractQueuedSynchronizer$ConditionObject.awaitNanos(AbstractQueuedSynchronizer.java:2078)
        at org.eclipse.jetty.util.BlockingArrayQueue.poll(BlockingArrayQueue.java:382)
        at org.eclipse.jetty.util.thread.QueuedThreadPool$Runner.idleJobPoll(QueuedThreadPool.java:974)
        at org.eclipse.jetty.util.thread.QueuedThreadPool$Runner.run(QueuedThreadPool.java:1018)
        at java.lang.Thread.run(Thread.java:750)
"f6fa4039-8fe9-46ca-92f5-bb04d02dc273-DataStreamManagement-request--thread9" daemon prio=5 tid=1409 in Object.wait()
java.lang.Thread.State: WAITING (on object monitor)
        at sun.misc.Unsafe.park(Native Method)
        at java.util.concurrent.locks.LockSupport.park(LockSupport.java:175)
        at java.util.concurrent.locks.AbstractQueuedSynchronizer$ConditionObject.await(AbstractQueuedSynchronizer.java:2039)
        at java.util.concurrent.LinkedBlockingQueue.take(LinkedBlockingQueue.java:442)
        at java.util.concurrent.ThreadPoolExecutor.getTask(ThreadPoolExecutor.java:1074)
        at java.util.concurrent.ThreadPoolExecutor.runWorker(ThreadPoolExecutor.java:1134)
        at java.util.concurrent.ThreadPoolExecutor$Worker.run(ThreadPoolExecutor.java:624)
        at java.lang.Thread.run(Thread.java:750)
"StaleRecoveringContainerScrubbingService#3" daemon prio=5 tid=1639 in Object.wait()
java.lang.Thread.State: WAITING (on object monitor)
        at sun.misc.Unsafe.park(Native Method)
        at java.util.concurrent.locks.LockSupport.park(LockSupport.java:175)
        at java.util.concurrent.locks.AbstractQueuedSynchronizer$ConditionObject.await(AbstractQueuedSynchronizer.java:2039)
        at java.util.concurrent.ScheduledThreadPoolExecutor$DelayedWorkQueue.take(ScheduledThreadPoolExecutor.java:1088)
        at java.util.concurrent.ScheduledThreadPoolExecutor$DelayedWorkQueue.take(ScheduledThreadPoolExecutor.java:809)
        at java.util.concurrent.ThreadPoolExecutor.getTask(ThreadPoolExecutor.java:1074)
        at java.util.concurrent.ThreadPoolExecutor.runWorker(ThreadPoolExecutor.java:1134)
        at java.util.concurrent.ThreadPoolExecutor$Worker.run(ThreadPoolExecutor.java:624)
        at java.lang.Thread.run(Thread.java:750)
"28fc21f1-0f1b-4853-8334-7fb4bdc0ccf0-NettyServerStreamRpc-bossGroup--thread1"  prio=5 tid=199 runnable
java.lang.Thread.State: RUNNABLE
        at sun.nio.ch.EPollArrayWrapper.epollWait(Native Method)
        at sun.nio.ch.EPollArrayWrapper.poll(EPollArrayWrapper.java:269)
        at sun.nio.ch.EPollSelectorImpl.doSelect(EPollSelectorImpl.java:93)
        at sun.nio.ch.SelectorImpl.lockAndDoSelect(SelectorImpl.java:86)
        at sun.nio.ch.SelectorImpl.select(SelectorImpl.java:97)
        at sun.nio.ch.SelectorImpl.select(SelectorImpl.java:101)
        at org.apache.ratis.thirdparty.io.netty.channel.nio.SelectedSelectionKeySetSelector.select(SelectedSelectionKeySetSelector.java:68)
        at org.apache.ratis.thirdparty.io.netty.channel.nio.NioEventLoop.select(NioEventLoop.java:879)
        at org.apache.ratis.thirdparty.io.netty.channel.nio.NioEventLoop.run(NioEventLoop.java:526)
        at org.apache.ratis.thirdparty.io.netty.util.concurrent.SingleThreadEventExecutor$4.run(SingleThreadEventExecutor.java:997)
        at org.apache.ratis.thirdparty.io.netty.util.internal.ThreadExecutorMap$2.run(ThreadExecutorMap.java:74)
        at java.lang.Thread.run(Thread.java:750)
"6220322b-c54d-4ba8-95d6-5fd9b706d663@group-956EFEAD089C-SegmentedRaftLogWorker"  prio=5 tid=777 timed_waiting
java.lang.Thread.State: TIMED_WAITING
        at sun.misc.Unsafe.park(Native Method)
        at java.util.concurrent.locks.LockSupport.parkNanos(LockSupport.java:215)
        at java.util.concurrent.locks.AbstractQueuedSynchronizer$ConditionObject.awaitNanos(AbstractQueuedSynchronizer.java:2078)
        at org.apache.ratis.util.DataBlockingQueue.poll(DataBlockingQueue.java:148)
        at org.apache.ratis.server.raftlog.segmented.SegmentedRaftLogWorker.run(SegmentedRaftLogWorker.java:307)
        at org.apache.ratis.server.raftlog.segmented.SegmentedRaftLogWorker$$Lambda$841/2058580550.run(Unknown Source)
        at java.util.concurrent.Executors$RunnableAdapter.call(Executors.java:511)
        at java.util.concurrent.FutureTask.run(FutureTask.java:266)
        at java.util.concurrent.ThreadPoolExecutor.runWorker(ThreadPoolExecutor.java:1149)
        at java.util.concurrent.ThreadPoolExecutor$Worker.run(ThreadPoolExecutor.java:624)
        at java.lang.Thread.run(Thread.java:750)
"BlockDeletingService#1" daemon prio=5 tid=464 in Object.wait()
java.lang.Thread.State: WAITING (on object monitor)
        at sun.misc.Unsafe.park(Native Method)
        at java.util.concurrent.locks.LockSupport.park(LockSupport.java:175)
        at java.util.concurrent.locks.AbstractQueuedSynchronizer$ConditionObject.await(AbstractQueuedSynchronizer.java:2039)
        at java.util.concurrent.ScheduledThreadPoolExecutor$DelayedWorkQueue.take(ScheduledThreadPoolExecutor.java:1088)
        at java.util.concurrent.ScheduledThreadPoolExecutor$DelayedWorkQueue.take(ScheduledThreadPoolExecutor.java:809)
        at java.util.concurrent.ThreadPoolExecutor.getTask(ThreadPoolExecutor.java:1074)
        at java.util.concurrent.ThreadPoolExecutor.runWorker(ThreadPoolExecutor.java:1134)
        at java.util.concurrent.ThreadPoolExecutor$Worker.run(ThreadPoolExecutor.java:624)
        at java.lang.Thread.run(Thread.java:750)
"IPC Server handler 13 on default port 15001" daemon prio=5 tid=99 timed_waiting
java.lang.Thread.State: TIMED_WAITING
        at sun.misc.Unsafe.park(Native Method)
        at java.util.concurrent.locks.LockSupport.parkNanos(LockSupport.java:215)
        at java.util.concurrent.locks.AbstractQueuedSynchronizer$ConditionObject.awaitNanos(AbstractQueuedSynchronizer.java:2078)
        at java.util.concurrent.LinkedBlockingQueue.poll(LinkedBlockingQueue.java:467)
        at org.apache.hadoop.ipc.CallQueueManager.take(CallQueueManager.java:317)
        at org.apache.hadoop.ipc.Server$Handler.run(Server.java:3014)
"RatisPipelineUtilsThread - 0"  prio=5 tid=34 timed_waiting
java.lang.Thread.State: TIMED_WAITING
        at java.lang.Object.wait(Native Method)
        at org.apache.hadoop.hdds.scm.pipeline.BackgroundPipelineCreator.run(BackgroundPipelineCreator.java:176)
        at org.apache.hadoop.hdds.scm.pipeline.BackgroundPipelineCreator$$Lambda$506/1337049085.run(Unknown Source)
        at java.lang.Thread.run(Thread.java:750)
"qtp110826259-263" daemon prio=5 tid=263 runnable
java.lang.Thread.State: RUNNABLE
        at sun.nio.ch.EPollArrayWrapper.epollWait(Native Method)
        at sun.nio.ch.EPollArrayWrapper.poll(EPollArrayWrapper.java:269)
        at sun.nio.ch.EPollSelectorImpl.doSelect(EPollSelectorImpl.java:93)
        at sun.nio.ch.SelectorImpl.lockAndDoSelect(SelectorImpl.java:86)
        at sun.nio.ch.SelectorImpl.select(SelectorImpl.java:97)
        at sun.nio.ch.SelectorImpl.select(SelectorImpl.java:101)
        at org.eclipse.jetty.io.ManagedSelector.nioSelect(ManagedSelector.java:183)
        at org.eclipse.jetty.io.ManagedSelector.select(ManagedSelector.java:190)
        at org.eclipse.jetty.io.ManagedSelector$SelectorProducer.select(ManagedSelector.java:606)
        at org.eclipse.jetty.io.ManagedSelector$SelectorProducer.produce(ManagedSelector.java:543)
        at org.eclipse.jetty.util.thread.strategy.EatWhatYouKill.produceTask(EatWhatYouKill.java:362)
        at org.eclipse.jetty.util.thread.strategy.EatWhatYouKill.doProduce(EatWhatYouKill.java:186)
        at org.eclipse.jetty.util.thread.strategy.EatWhatYouKill.tryProduce(EatWhatYouKill.java:173)
        at org.eclipse.jetty.util.thread.strategy.EatWhatYouKill.produce(EatWhatYouKill.java:137)
        at org.eclipse.jetty.io.ManagedSelector$$Lambda$406/113042195.run(Unknown Source)
        at org.eclipse.jetty.util.thread.QueuedThreadPool.runJob(QueuedThreadPool.java:883)
        at org.eclipse.jetty.util.thread.QueuedThreadPool$Runner.run(QueuedThreadPool.java:1034)
        at java.lang.Thread.run(Thread.java:750)
"IPC Server listener on 15001" daemon prio=5 tid=46 runnable
java.lang.Thread.State: RUNNABLE
        at sun.nio.ch.EPollArrayWrapper.epollWait(Native Method)
        at sun.nio.ch.EPollArrayWrapper.poll(EPollArrayWrapper.java:269)
        at sun.nio.ch.EPollSelectorImpl.doSelect(EPollSelectorImpl.java:93)
        at sun.nio.ch.SelectorImpl.lockAndDoSelect(SelectorImpl.java:86)
        at sun.nio.ch.SelectorImpl.select(SelectorImpl.java:97)
        at sun.nio.ch.SelectorImpl.select(SelectorImpl.java:101)
        at org.apache.hadoop.ipc.Server$Listener.run(Server.java:1408)
"f6fa4039-8fe9-46ca-92f5-bb04d02dc273-DataStreamManagement-write--thread2"  prio=5 tid=1403 in Object.wait()
java.lang.Thread.State: WAITING (on object monitor)
        at sun.misc.Unsafe.park(Native Method)
        at java.util.concurrent.locks.LockSupport.park(LockSupport.java:175)
        at java.util.concurrent.locks.AbstractQueuedSynchronizer$ConditionObject.await(AbstractQueuedSynchronizer.java:2039)
        at java.util.concurrent.LinkedBlockingQueue.take(LinkedBlockingQueue.java:442)
        at java.util.concurrent.ThreadPoolExecutor.getTask(ThreadPoolExecutor.java:1074)
        at java.util.concurrent.ThreadPoolExecutor.runWorker(ThreadPoolExecutor.java:1134)
        at java.util.concurrent.ThreadPoolExecutor$Worker.run(ThreadPoolExecutor.java:624)
        at java.lang.Thread.run(Thread.java:750)
"IPC Server handler 5 on default port 15001" daemon prio=5 tid=91 timed_waiting
java.lang.Thread.State: TIMED_WAITING
        at sun.misc.Unsafe.park(Native Method)
        at java.util.concurrent.locks.LockSupport.parkNanos(LockSupport.java:215)
        at java.util.concurrent.locks.AbstractQueuedSynchronizer$ConditionObject.awaitNanos(AbstractQueuedSynchronizer.java:2078)
        at java.util.concurrent.LinkedBlockingQueue.poll(LinkedBlockingQueue.java:467)
        at org.apache.hadoop.ipc.CallQueueManager.take(CallQueueManager.java:317)
        at org.apache.hadoop.ipc.Server$Handler.run(Server.java:3014)
"ChunkWriter-1-0" daemon prio=5 tid=544 in Object.wait()
java.lang.Thread.State: WAITING (on object monitor)
        at sun.misc.Unsafe.park(Native Method)
        at java.util.concurrent.locks.LockSupport.park(LockSupport.java:175)
        at java.util.concurrent.locks.AbstractQueuedSynchronizer$ConditionObject.await(AbstractQueuedSynchronizer.java:2039)
        at java.util.concurrent.LinkedBlockingDeque.takeFirst(LinkedBlockingDeque.java:492)
        at java.util.concurrent.LinkedBlockingDeque.take(LinkedBlockingDeque.java:680)
        at java.util.concurrent.ThreadPoolExecutor.getTask(ThreadPoolExecutor.java:1074)
        at java.util.concurrent.ThreadPoolExecutor.runWorker(ThreadPoolExecutor.java:1134)
        at java.util.concurrent.ThreadPoolExecutor$Worker.run(ThreadPoolExecutor.java:624)
        at java.lang.Thread.run(Thread.java:750)
"6f9d3266-b874-4586-a718-9027df6ff647-DataStreamManagement-request--thread9" daemon prio=5 tid=1120 in Object.wait()
java.lang.Thread.State: WAITING (on object monitor)
        at sun.misc.Unsafe.park(Native Method)
        at java.util.concurrent.locks.LockSupport.park(LockSupport.java:175)
        at java.util.concurrent.locks.AbstractQueuedSynchronizer$ConditionObject.await(AbstractQueuedSynchronizer.java:2039)
        at java.util.concurrent.LinkedBlockingQueue.take(LinkedBlockingQueue.java:442)
        at java.util.concurrent.ThreadPoolExecutor.getTask(ThreadPoolExecutor.java:1074)
        at java.util.concurrent.ThreadPoolExecutor.runWorker(ThreadPoolExecutor.java:1134)
        at java.util.concurrent.ThreadPoolExecutor$Worker.run(ThreadPoolExecutor.java:624)
        at java.lang.Thread.run(Thread.java:750)
"JvmPauseMonitor5" daemon prio=5 tid=503 timed_waiting
java.lang.Thread.State: TIMED_WAITING
        at java.lang.Thread.sleep(Native Method)
        at java.lang.Thread.sleep(Thread.java:342)
        at java.util.concurrent.TimeUnit.sleep(TimeUnit.java:386)
        at org.apache.ratis.util.TimeDuration.sleep(TimeDuration.java:325)
        at org.apache.ratis.util.TimeDuration.sleep(TimeDuration.java:310)
        at org.apache.ratis.util.JvmPauseMonitor.detectPause(JvmPauseMonitor.java:117)
        at org.apache.ratis.util.JvmPauseMonitor.run(JvmPauseMonitor.java:106)
        at org.apache.ratis.util.JvmPauseMonitor$$Lambda$540/1204910476.run(Unknown Source)
        at java.lang.Thread.run(Thread.java:750)
"ContainerOp-2755eb04-fdd9-4243-a794-7fd84471ba85-6"  prio=5 tid=1441 in Object.wait()
java.lang.Thread.State: WAITING (on object monitor)
        at sun.misc.Unsafe.park(Native Method)
        at java.util.concurrent.locks.LockSupport.park(LockSupport.java:175)
        at java.util.concurrent.locks.AbstractQueuedSynchronizer$ConditionObject.await(AbstractQueuedSynchronizer.java:2039)
        at java.util.concurrent.LinkedBlockingQueue.take(LinkedBlockingQueue.java:442)
        at java.util.concurrent.ThreadPoolExecutor.getTask(ThreadPoolExecutor.java:1074)
        at java.util.concurrent.ThreadPoolExecutor.runWorker(ThreadPoolExecutor.java:1134)
        at java.util.concurrent.ThreadPoolExecutor$Worker.run(ThreadPoolExecutor.java:624)
        at java.lang.Thread.run(Thread.java:750)
"ContainerOp-2755eb04-fdd9-4243-a794-7fd84471ba85-7"  prio=5 tid=1442 in Object.wait()
java.lang.Thread.State: WAITING (on object monitor)
        at sun.misc.Unsafe.park(Native Method)
        at java.util.concurrent.locks.LockSupport.park(LockSupport.java:175)
        at java.util.concurrent.locks.AbstractQueuedSynchronizer$ConditionObject.await(AbstractQueuedSynchronizer.java:2039)
        at java.util.concurrent.LinkedBlockingQueue.take(LinkedBlockingQueue.java:442)
        at java.util.concurrent.ThreadPoolExecutor.getTask(ThreadPoolExecutor.java:1074)
        at java.util.concurrent.ThreadPoolExecutor.runWorker(ThreadPoolExecutor.java:1134)
        at java.util.concurrent.ThreadPoolExecutor$Worker.run(ThreadPoolExecutor.java:624)
        at java.lang.Thread.run(Thread.java:750)
"ChunkReader-9" daemon prio=5 tid=1286 in Object.wait()
java.lang.Thread.State: WAITING (on object monitor)
        at sun.misc.Unsafe.park(Native Method)
        at java.util.concurrent.locks.LockSupport.park(LockSupport.java:175)
        at java.util.concurrent.locks.AbstractQueuedSynchronizer$ConditionObject.await(AbstractQueuedSynchronizer.java:2039)
        at java.util.concurrent.LinkedBlockingQueue.take(LinkedBlockingQueue.java:442)
        at java.util.concurrent.ThreadPoolExecutor.getTask(ThreadPoolExecutor.java:1074)
        at java.util.concurrent.ThreadPoolExecutor.runWorker(ThreadPoolExecutor.java:1134)
        at java.util.concurrent.ThreadPoolExecutor$Worker.run(ThreadPoolExecutor.java:624)
        at java.lang.Thread.run(Thread.java:750)
"IPC Server handler 7 on default port 15002" daemon prio=5 tid=113 timed_waiting
java.lang.Thread.State: TIMED_WAITING
        at sun.misc.Unsafe.park(Native Method)
        at java.util.concurrent.locks.LockSupport.parkNanos(LockSupport.java:215)
        at java.util.concurrent.locks.AbstractQueuedSynchronizer$ConditionObject.awaitNanos(AbstractQueuedSynchronizer.java:2078)
        at java.util.concurrent.LinkedBlockingQueue.poll(LinkedBlockingQueue.java:467)
        at org.apache.hadoop.ipc.CallQueueManager.take(CallQueueManager.java:317)
        at org.apache.hadoop.ipc.Server$Handler.run(Server.java:3014)
"IPC Server idle connection scanner for port 15002" daemon prio=5 tid=43 timed_waiting
java.lang.Thread.State: TIMED_WAITING
        at java.lang.Object.wait(Native Method)
        at java.util.TimerThread.mainLoop(Timer.java:552)
        at java.util.TimerThread.run(Timer.java:505)
"EventQueue-DatanodeCommandForSCMNodeManager"  prio=5 tid=558 in Object.wait()
java.lang.Thread.State: WAITING (on object monitor)
        at sun.misc.Unsafe.park(Native Method)
        at java.util.concurrent.locks.LockSupport.park(LockSupport.java:175)
        at java.util.concurrent.locks.AbstractQueuedSynchronizer$ConditionObject.await(AbstractQueuedSynchronizer.java:2039)
        at java.util.concurrent.LinkedBlockingQueue.take(LinkedBlockingQueue.java:442)
        at java.util.concurrent.ThreadPoolExecutor.getTask(ThreadPoolExecutor.java:1074)
        at java.util.concurrent.ThreadPoolExecutor.runWorker(ThreadPoolExecutor.java:1134)
        at java.util.concurrent.ThreadPoolExecutor$Worker.run(ThreadPoolExecutor.java:624)
        at java.lang.Thread.run(Thread.java:750)
"qtp508662500-293-acceptor-0@2faf6a30-ServerConnector@5a6003b1{HTTP/1.1, (http/1.1)}{0.0.0.0:15036}" daemon prio=3 tid=293 runnable
java.lang.Thread.State: RUNNABLE
        at sun.nio.ch.ServerSocketChannelImpl.accept0(Native Method)
        at sun.nio.ch.ServerSocketChannelImpl.accept(ServerSocketChannelImpl.java:421)
        at sun.nio.ch.ServerSocketChannelImpl.accept(ServerSocketChannelImpl.java:249)
        at org.eclipse.jetty.server.ServerConnector.accept(ServerConnector.java:388)
        at org.eclipse.jetty.server.AbstractConnector$Acceptor.run(AbstractConnector.java:704)
        at org.eclipse.jetty.util.thread.QueuedThreadPool.runJob(QueuedThreadPool.java:883)
        at org.eclipse.jetty.util.thread.QueuedThreadPool$Runner.run(QueuedThreadPool.java:1034)
        at java.lang.Thread.run(Thread.java:750)
"ChunkWriter-0-0" daemon prio=5 tid=499 in Object.wait()
java.lang.Thread.State: WAITING (on object monitor)
        at sun.misc.Unsafe.park(Native Method)
        at java.util.concurrent.locks.LockSupport.park(LockSupport.java:175)
        at java.util.concurrent.locks.AbstractQueuedSynchronizer$ConditionObject.await(AbstractQueuedSynchronizer.java:2039)
        at java.util.concurrent.LinkedBlockingDeque.takeFirst(LinkedBlockingDeque.java:492)
        at java.util.concurrent.LinkedBlockingDeque.take(LinkedBlockingDeque.java:680)
        at java.util.concurrent.ThreadPoolExecutor.getTask(ThreadPoolExecutor.java:1074)
        at java.util.concurrent.ThreadPoolExecutor.runWorker(ThreadPoolExecutor.java:1134)
        at java.util.concurrent.ThreadPoolExecutor$Worker.run(ThreadPoolExecutor.java:624)
        at java.lang.Thread.run(Thread.java:750)
"ChunkReader-4" daemon prio=5 tid=1304 in Object.wait()
java.lang.Thread.State: WAITING (on object monitor)
        at sun.misc.Unsafe.park(Native Method)
        at java.util.concurrent.locks.LockSupport.park(LockSupport.java:175)
        at java.util.concurrent.locks.AbstractQueuedSynchronizer$ConditionObject.await(AbstractQueuedSynchronizer.java:2039)
        at java.util.concurrent.LinkedBlockingQueue.take(LinkedBlockingQueue.java:442)
        at java.util.concurrent.ThreadPoolExecutor.getTask(ThreadPoolExecutor.java:1074)
        at java.util.concurrent.ThreadPoolExecutor.runWorker(ThreadPoolExecutor.java:1134)
        at java.util.concurrent.ThreadPoolExecutor$Worker.run(ThreadPoolExecutor.java:624)
        at java.lang.Thread.run(Thread.java:750)
"6220322b-c54d-4ba8-95d6-5fd9b706d663@group-956EFEAD089C-StateMachineUpdater" daemon prio=5 tid=779 timed_waiting
java.lang.Thread.State: TIMED_WAITING
        at sun.misc.Unsafe.park(Native Method)
        at java.util.concurrent.locks.LockSupport.parkNanos(LockSupport.java:215)
        at java.util.concurrent.locks.AbstractQueuedSynchronizer$ConditionObject.await(AbstractQueuedSynchronizer.java:2163)
        at org.apache.ratis.util.AwaitForSignal.await(AwaitForSignal.java:62)
        at org.apache.ratis.server.impl.StateMachineUpdater.waitForCommit(StateMachineUpdater.java:209)
        at org.apache.ratis.server.impl.StateMachineUpdater.run(StateMachineUpdater.java:178)
        at java.lang.Thread.run(Thread.java:750)
"IPC Server Responder" daemon prio=5 tid=468 runnable
java.lang.Thread.State: RUNNABLE
        at sun.nio.ch.EPollArrayWrapper.epollWait(Native Method)
        at sun.nio.ch.EPollArrayWrapper.poll(EPollArrayWrapper.java:269)
        at sun.nio.ch.EPollSelectorImpl.doSelect(EPollSelectorImpl.java:93)
        at sun.nio.ch.SelectorImpl.lockAndDoSelect(SelectorImpl.java:86)
        at sun.nio.ch.SelectorImpl.select(SelectorImpl.java:97)
        at org.apache.hadoop.ipc.Server$Responder.doRunLoop(Server.java:1582)
        at org.apache.hadoop.ipc.Server$Responder.run(Server.java:1565)
"pool-127-thread-1" daemon prio=5 tid=454 timed_waiting
java.lang.Thread.State: TIMED_WAITING
        at sun.misc.Unsafe.park(Native Method)
        at java.util.concurrent.locks.LockSupport.parkNanos(LockSupport.java:215)
        at java.util.concurrent.locks.AbstractQueuedSynchronizer$ConditionObject.awaitNanos(AbstractQueuedSynchronizer.java:2078)
        at java.util.concurrent.ScheduledThreadPoolExecutor$DelayedWorkQueue.take(ScheduledThreadPoolExecutor.java:1093)
        at java.util.concurrent.ScheduledThreadPoolExecutor$DelayedWorkQueue.take(ScheduledThreadPoolExecutor.java:809)
        at java.util.concurrent.ThreadPoolExecutor.getTask(ThreadPoolExecutor.java:1074)
        at java.util.concurrent.ThreadPoolExecutor.runWorker(ThreadPoolExecutor.java:1134)
        at java.util.concurrent.ThreadPoolExecutor$Worker.run(ThreadPoolExecutor.java:624)
        at java.lang.Thread.run(Thread.java:750)
"qtp110826259-266" daemon prio=5 tid=266 timed_waiting
java.lang.Thread.State: TIMED_WAITING
        at sun.misc.Unsafe.park(Native Method)
        at java.util.concurrent.locks.LockSupport.parkNanos(LockSupport.java:215)
        at java.util.concurrent.locks.AbstractQueuedSynchronizer$ConditionObject.awaitNanos(AbstractQueuedSynchronizer.java:2078)
        at org.eclipse.jetty.util.BlockingArrayQueue.poll(BlockingArrayQueue.java:382)
        at org.eclipse.jetty.util.thread.QueuedThreadPool$Runner.idleJobPoll(QueuedThreadPool.java:974)
        at org.eclipse.jetty.util.thread.QueuedThreadPool$Runner.run(QueuedThreadPool.java:1018)
        at java.lang.Thread.run(Thread.java:750)
"qtp997606897-175" daemon prio=5 tid=175 timed_waiting
java.lang.Thread.State: TIMED_WAITING
        at sun.misc.Unsafe.park(Native Method)
        at java.util.concurrent.locks.LockSupport.parkNanos(LockSupport.java:215)
        at java.util.concurrent.locks.AbstractQueuedSynchronizer$ConditionObject.awaitNanos(AbstractQueuedSynchronizer.java:2078)
        at org.eclipse.jetty.util.BlockingArrayQueue.poll(BlockingArrayQueue.java:382)
        at org.eclipse.jetty.util.thread.QueuedThreadPool$Runner.idleJobPoll(QueuedThreadPool.java:974)
        at org.eclipse.jetty.util.thread.QueuedThreadPool$Runner.run(QueuedThreadPool.java:1018)
        at java.lang.Thread.run(Thread.java:750)
"9fc007ee-6328-4e66-a7f4-dfd370a25fec@group-95B153CB0731-StateMachineUpdater" daemon prio=5 tid=829 timed_waiting
java.lang.Thread.State: TIMED_WAITING
        at sun.misc.Unsafe.park(Native Method)
        at java.util.concurrent.locks.LockSupport.parkNanos(LockSupport.java:215)
        at java.util.concurrent.locks.AbstractQueuedSynchronizer$ConditionObject.await(AbstractQueuedSynchronizer.java:2163)
        at org.apache.ratis.util.AwaitForSignal.await(AwaitForSignal.java:62)
        at org.apache.ratis.server.impl.StateMachineUpdater.waitForCommit(StateMachineUpdater.java:209)
        at org.apache.ratis.server.impl.StateMachineUpdater.run(StateMachineUpdater.java:178)
        at java.lang.Thread.run(Thread.java:750)
"qtp1249457989-447" daemon prio=5 tid=447 timed_waiting
java.lang.Thread.State: TIMED_WAITING
        at sun.misc.Unsafe.park(Native Method)
        at java.util.concurrent.locks.LockSupport.parkNanos(LockSupport.java:215)
        at java.util.concurrent.locks.AbstractQueuedSynchronizer$ConditionObject.awaitNanos(AbstractQueuedSynchronizer.java:2078)
        at org.eclipse.jetty.util.BlockingArrayQueue.poll(BlockingArrayQueue.java:382)
        at org.eclipse.jetty.util.thread.QueuedThreadPool$Runner.idleJobPoll(QueuedThreadPool.java:974)
        at org.eclipse.jetty.util.thread.QueuedThreadPool$Runner.run(QueuedThreadPool.java:1018)
        at java.lang.Thread.run(Thread.java:750)
"ChunkWriter-3-0" daemon prio=5 tid=383 in Object.wait()
java.lang.Thread.State: WAITING (on object monitor)
        at sun.misc.Unsafe.park(Native Method)
        at java.util.concurrent.locks.LockSupport.park(LockSupport.java:175)
        at java.util.concurrent.locks.AbstractQueuedSynchronizer$ConditionObject.await(AbstractQueuedSynchronizer.java:2039)
        at java.util.concurrent.LinkedBlockingDeque.takeFirst(LinkedBlockingDeque.java:492)
        at java.util.concurrent.LinkedBlockingDeque.take(LinkedBlockingDeque.java:680)
        at java.util.concurrent.ThreadPoolExecutor.getTask(ThreadPoolExecutor.java:1074)
        at java.util.concurrent.ThreadPoolExecutor.runWorker(ThreadPoolExecutor.java:1134)
        at java.util.concurrent.ThreadPoolExecutor$Worker.run(ThreadPoolExecutor.java:624)
        at java.lang.Thread.run(Thread.java:750)
"ExpiredContainerReplicaOpScrubberThread" daemon prio=5 tid=36 timed_waiting
java.lang.Thread.State: TIMED_WAITING
        at java.lang.Object.wait(Native Method)
        at org.apache.hadoop.hdds.scm.ha.BackgroundSCMService.run(BackgroundSCMService.java:110)
        at org.apache.hadoop.hdds.scm.ha.BackgroundSCMService$$Lambda$508/1583308255.run(Unknown Source)
        at java.lang.Thread.run(Thread.java:750)
"qtp1538487153-324" daemon prio=5 tid=324 timed_waiting
java.lang.Thread.State: TIMED_WAITING
        at sun.misc.Unsafe.park(Native Method)
        at java.util.concurrent.locks.LockSupport.parkNanos(LockSupport.java:215)
        at java.util.concurrent.locks.AbstractQueuedSynchronizer$ConditionObject.awaitNanos(AbstractQueuedSynchronizer.java:2078)
        at org.eclipse.jetty.util.BlockingArrayQueue.poll(BlockingArrayQueue.java:382)
        at org.eclipse.jetty.util.thread.QueuedThreadPool$Runner.idleJobPoll(QueuedThreadPool.java:974)
        at org.eclipse.jetty.util.thread.QueuedThreadPool$Runner.run(QueuedThreadPool.java:1018)
        at java.lang.Thread.run(Thread.java:750)
"BlockDeletingService#1" daemon prio=5 tid=589 in Object.wait()
java.lang.Thread.State: WAITING (on object monitor)
        at sun.misc.Unsafe.park(Native Method)
        at java.util.concurrent.locks.LockSupport.park(LockSupport.java:175)
        at java.util.concurrent.locks.AbstractQueuedSynchronizer$ConditionObject.await(AbstractQueuedSynchronizer.java:2039)
        at java.util.concurrent.ScheduledThreadPoolExecutor$DelayedWorkQueue.take(ScheduledThreadPoolExecutor.java:1088)
        at java.util.concurrent.ScheduledThreadPoolExecutor$DelayedWorkQueue.take(ScheduledThreadPoolExecutor.java:809)
        at java.util.concurrent.ThreadPoolExecutor.getTask(ThreadPoolExecutor.java:1074)
        at java.util.concurrent.ThreadPoolExecutor.runWorker(ThreadPoolExecutor.java:1134)
        at java.util.concurrent.ThreadPoolExecutor$Worker.run(ThreadPoolExecutor.java:624)
        at java.lang.Thread.run(Thread.java:750)
"IPC Server handler 7 on default port 15004" daemon prio=5 tid=184 timed_waiting
java.lang.Thread.State: TIMED_WAITING
        at sun.misc.Unsafe.park(Native Method)
        at java.util.concurrent.locks.LockSupport.parkNanos(LockSupport.java:215)
        at java.util.concurrent.locks.AbstractQueuedSynchronizer$ConditionObject.awaitNanos(AbstractQueuedSynchronizer.java:2078)
        at java.util.concurrent.LinkedBlockingQueue.poll(LinkedBlockingQueue.java:467)
        at org.apache.hadoop.ipc.CallQueueManager.take(CallQueueManager.java:317)
        at org.apache.hadoop.ipc.Server$Handler.run(Server.java:3014)
"ChunkWriter-2-0" daemon prio=5 tid=457 in Object.wait()
java.lang.Thread.State: WAITING (on object monitor)
        at sun.misc.Unsafe.park(Native Method)
        at java.util.concurrent.locks.LockSupport.park(LockSupport.java:175)
        at java.util.concurrent.locks.AbstractQueuedSynchronizer$ConditionObject.await(AbstractQueuedSynchronizer.java:2039)
        at java.util.concurrent.LinkedBlockingDeque.takeFirst(LinkedBlockingDeque.java:492)
        at java.util.concurrent.LinkedBlockingDeque.take(LinkedBlockingDeque.java:680)
        at java.util.concurrent.ThreadPoolExecutor.getTask(ThreadPoolExecutor.java:1074)
        at java.util.concurrent.ThreadPoolExecutor.runWorker(ThreadPoolExecutor.java:1134)
        at java.util.concurrent.ThreadPoolExecutor$Worker.run(ThreadPoolExecutor.java:624)
        at java.lang.Thread.run(Thread.java:750)
"IPC Server handler 19 on default port 15001" daemon prio=5 tid=105 timed_waiting
java.lang.Thread.State: TIMED_WAITING
        at sun.misc.Unsafe.park(Native Method)
        at java.util.concurrent.locks.LockSupport.parkNanos(LockSupport.java:215)
        at java.util.concurrent.locks.AbstractQueuedSynchronizer$ConditionObject.awaitNanos(AbstractQueuedSynchronizer.java:2078)
        at java.util.concurrent.LinkedBlockingQueue.poll(LinkedBlockingQueue.java:467)
        at org.apache.hadoop.ipc.CallQueueManager.take(CallQueueManager.java:317)
        at org.apache.hadoop.ipc.Server$Handler.run(Server.java:3014)
"ContainerOp-4f955fc0-ea69-486a-8109-13976fd52583-7"  prio=5 tid=1138 in Object.wait()
java.lang.Thread.State: WAITING (on object monitor)
        at sun.misc.Unsafe.park(Native Method)
        at java.util.concurrent.locks.LockSupport.park(LockSupport.java:175)
        at java.util.concurrent.locks.AbstractQueuedSynchronizer$ConditionObject.await(AbstractQueuedSynchronizer.java:2039)
        at java.util.concurrent.LinkedBlockingQueue.take(LinkedBlockingQueue.java:442)
        at java.util.concurrent.ThreadPoolExecutor.getTask(ThreadPoolExecutor.java:1074)
        at java.util.concurrent.ThreadPoolExecutor.runWorker(ThreadPoolExecutor.java:1134)
        at java.util.concurrent.ThreadPoolExecutor$Worker.run(ThreadPoolExecutor.java:624)
        at java.lang.Thread.run(Thread.java:750)
"Datanode State Machine Task Thread - 1"  prio=5 tid=606 in Object.wait()
java.lang.Thread.State: WAITING (on object monitor)
        at sun.misc.Unsafe.park(Native Method)
        at java.util.concurrent.locks.LockSupport.park(LockSupport.java:175)
        at java.util.concurrent.locks.AbstractQueuedSynchronizer$ConditionObject.await(AbstractQueuedSynchronizer.java:2039)
        at java.util.concurrent.LinkedBlockingQueue.take(LinkedBlockingQueue.java:442)
        at java.util.concurrent.ThreadPoolExecutor.getTask(ThreadPoolExecutor.java:1074)
        at java.util.concurrent.ThreadPoolExecutor.runWorker(ThreadPoolExecutor.java:1134)
        at java.util.concurrent.ThreadPoolExecutor$Worker.run(ThreadPoolExecutor.java:624)
        at java.lang.Thread.run(Thread.java:750)
"qtp1249457989-445" daemon prio=5 tid=445 timed_waiting
java.lang.Thread.State: TIMED_WAITING
        at sun.misc.Unsafe.park(Native Method)
        at java.util.concurrent.locks.LockSupport.parkNanos(LockSupport.java:215)
        at java.util.concurrent.locks.AbstractQueuedSynchronizer$ConditionObject.awaitNanos(AbstractQueuedSynchronizer.java:2078)
        at org.eclipse.jetty.util.BlockingArrayQueue.poll(BlockingArrayQueue.java:382)
        at org.eclipse.jetty.util.thread.QueuedThreadPool$Runner.idleJobPoll(QueuedThreadPool.java:974)
        at org.eclipse.jetty.util.thread.QueuedThreadPool$Runner.run(QueuedThreadPool.java:1018)
        at java.lang.Thread.run(Thread.java:750)
"ChunkReader-1" daemon prio=5 tid=1248 in Object.wait()
java.lang.Thread.State: WAITING (on object monitor)
        at sun.misc.Unsafe.park(Native Method)
        at java.util.concurrent.locks.LockSupport.park(LockSupport.java:175)
        at java.util.concurrent.locks.AbstractQueuedSynchronizer$ConditionObject.await(AbstractQueuedSynchronizer.java:2039)
        at java.util.concurrent.LinkedBlockingQueue.take(LinkedBlockingQueue.java:442)
        at java.util.concurrent.ThreadPoolExecutor.getTask(ThreadPoolExecutor.java:1074)
        at java.util.concurrent.ThreadPoolExecutor.runWorker(ThreadPoolExecutor.java:1134)
        at java.util.concurrent.ThreadPoolExecutor$Worker.run(ThreadPoolExecutor.java:624)
        at java.lang.Thread.run(Thread.java:750)
"9305807b-68e0-4de4-9f06-795e0c374ac6-NettyServerStreamRpc-workerGroup--thread1"  prio=5 tid=1034 runnable
java.lang.Thread.State: RUNNABLE
        at sun.nio.ch.EPollArrayWrapper.epollWait(Native Method)
        at sun.nio.ch.EPollArrayWrapper.poll(EPollArrayWrapper.java:269)
        at sun.nio.ch.EPollSelectorImpl.doSelect(EPollSelectorImpl.java:93)
        at sun.nio.ch.SelectorImpl.lockAndDoSelect(SelectorImpl.java:86)
        at sun.nio.ch.SelectorImpl.select(SelectorImpl.java:97)
        at sun.nio.ch.SelectorImpl.select(SelectorImpl.java:101)
        at org.apache.ratis.thirdparty.io.netty.channel.nio.SelectedSelectionKeySetSelector.select(SelectedSelectionKeySetSelector.java:68)
        at org.apache.ratis.thirdparty.io.netty.channel.nio.NioEventLoop.select(NioEventLoop.java:879)
        at org.apache.ratis.thirdparty.io.netty.channel.nio.NioEventLoop.run(NioEventLoop.java:526)
        at org.apache.ratis.thirdparty.io.netty.util.concurrent.SingleThreadEventExecutor$4.run(SingleThreadEventExecutor.java:997)
        at org.apache.ratis.thirdparty.io.netty.util.internal.ThreadExecutorMap$2.run(ThreadExecutorMap.java:74)
        at java.lang.Thread.run(Thread.java:750)
"ChunkReader-6" daemon prio=5 tid=1471 in Object.wait()
java.lang.Thread.State: WAITING (on object monitor)
        at sun.misc.Unsafe.park(Native Method)
        at java.util.concurrent.locks.LockSupport.park(LockSupport.java:175)
        at java.util.concurrent.locks.AbstractQueuedSynchronizer$ConditionObject.await(AbstractQueuedSynchronizer.java:2039)
        at java.util.concurrent.LinkedBlockingQueue.take(LinkedBlockingQueue.java:442)
        at java.util.concurrent.ThreadPoolExecutor.getTask(ThreadPoolExecutor.java:1074)
        at java.util.concurrent.ThreadPoolExecutor.runWorker(ThreadPoolExecutor.java:1134)
        at java.util.concurrent.ThreadPoolExecutor$Worker.run(ThreadPoolExecutor.java:624)
        at java.lang.Thread.run(Thread.java:750)
"IPC Server handler 3 on default port 15004" daemon prio=5 tid=180 timed_waiting
java.lang.Thread.State: TIMED_WAITING
        at sun.misc.Unsafe.park(Native Method)
        at java.util.concurrent.locks.LockSupport.parkNanos(LockSupport.java:215)
        at java.util.concurrent.locks.AbstractQueuedSynchronizer$ConditionObject.awaitNanos(AbstractQueuedSynchronizer.java:2078)
        at java.util.concurrent.LinkedBlockingQueue.poll(LinkedBlockingQueue.java:467)
        at org.apache.hadoop.ipc.CallQueueManager.take(CallQueueManager.java:317)
        at org.apache.hadoop.ipc.Server$Handler.run(Server.java:3014)
"IPC Server handler 13 on default port 15002" daemon prio=5 tid=119 timed_waiting
java.lang.Thread.State: TIMED_WAITING
        at sun.misc.Unsafe.park(Native Method)
        at java.util.concurrent.locks.LockSupport.parkNanos(LockSupport.java:215)
        at java.util.concurrent.locks.AbstractQueuedSynchronizer$ConditionObject.awaitNanos(AbstractQueuedSynchronizer.java:2078)
        at java.util.concurrent.LinkedBlockingQueue.poll(LinkedBlockingQueue.java:467)
        at org.apache.hadoop.ipc.CallQueueManager.take(CallQueueManager.java:317)
        at org.apache.hadoop.ipc.Server$Handler.run(Server.java:3014)
"9305807b-68e0-4de4-9f06-795e0c374ac6@group-D84CB1ADCB76->5317d628-7528-4015-930b-d89d4a444778-GrpcLogAppender-LogAppenderDaemon" daemon prio=5 tid=874 timed_waiting
java.lang.Thread.State: TIMED_WAITING
        at sun.misc.Unsafe.park(Native Method)
        at java.util.concurrent.locks.LockSupport.parkNanos(LockSupport.java:215)
        at java.util.concurrent.locks.AbstractQueuedSynchronizer$ConditionObject.await(AbstractQueuedSynchronizer.java:2163)
        at org.apache.ratis.util.AwaitForSignal.await(AwaitForSignal.java:62)
        at org.apache.ratis.grpc.server.GrpcLogAppender.mayWait(GrpcLogAppender.java:197)
        at org.apache.ratis.grpc.server.GrpcLogAppender.run(GrpcLogAppender.java:148)
        at org.apache.ratis.server.leader.LogAppenderDaemon.run(LogAppenderDaemon.java:78)
        at org.apache.ratis.server.leader.LogAppenderDaemon$$Lambda$1267/2040149817.run(Unknown Source)
        at java.lang.Thread.run(Thread.java:750)
"StaleRecoveringContainerScrubbingService#0" daemon prio=5 tid=604 timed_waiting
java.lang.Thread.State: TIMED_WAITING
        at sun.misc.Unsafe.park(Native Method)
        at java.util.concurrent.locks.LockSupport.parkNanos(LockSupport.java:215)
        at java.util.concurrent.locks.AbstractQueuedSynchronizer$ConditionObject.awaitNanos(AbstractQueuedSynchronizer.java:2078)
        at java.util.concurrent.ScheduledThreadPoolExecutor$DelayedWorkQueue.take(ScheduledThreadPoolExecutor.java:1093)
        at java.util.concurrent.ScheduledThreadPoolExecutor$DelayedWorkQueue.take(ScheduledThreadPoolExecutor.java:809)
        at java.util.concurrent.ThreadPoolExecutor.getTask(ThreadPoolExecutor.java:1074)
        at java.util.concurrent.ThreadPoolExecutor.runWorker(ThreadPoolExecutor.java:1134)
        at java.util.concurrent.ThreadPoolExecutor$Worker.run(ThreadPoolExecutor.java:624)
        at java.lang.Thread.run(Thread.java:750)
"IPC Server listener on 15082" daemon prio=5 tid=509 runnable
java.lang.Thread.State: RUNNABLE
        at sun.nio.ch.EPollArrayWrapper.epollWait(Native Method)
        at sun.nio.ch.EPollArrayWrapper.poll(EPollArrayWrapper.java:269)
        at sun.nio.ch.EPollSelectorImpl.doSelect(EPollSelectorImpl.java:93)
        at sun.nio.ch.SelectorImpl.lockAndDoSelect(SelectorImpl.java:86)
        at sun.nio.ch.SelectorImpl.select(SelectorImpl.java:97)
        at sun.nio.ch.SelectorImpl.select(SelectorImpl.java:101)
        at org.apache.hadoop.ipc.Server$Listener.run(Server.java:1408)
"Datanode ReportManager Thread - 1" daemon prio=5 tid=473 in Object.wait()
java.lang.Thread.State: WAITING (on object monitor)
        at sun.misc.Unsafe.park(Native Method)
        at java.util.concurrent.locks.LockSupport.park(LockSupport.java:175)
        at java.util.concurrent.locks.AbstractQueuedSynchronizer$ConditionObject.await(AbstractQueuedSynchronizer.java:2039)
        at java.util.concurrent.ScheduledThreadPoolExecutor$DelayedWorkQueue.take(ScheduledThreadPoolExecutor.java:1088)
        at java.util.concurrent.ScheduledThreadPoolExecutor$DelayedWorkQueue.take(ScheduledThreadPoolExecutor.java:809)
        at java.util.concurrent.ThreadPoolExecutor.getTask(ThreadPoolExecutor.java:1074)
        at java.util.concurrent.ThreadPoolExecutor.runWorker(ThreadPoolExecutor.java:1134)
        at java.util.concurrent.ThreadPoolExecutor$Worker.run(ThreadPoolExecutor.java:624)
        at java.lang.Thread.run(Thread.java:750)
"qtp547239460-487-acceptor-0@34de0aa5-ServerConnector@40165da2{HTTP/1.1, (http/1.1)}{0.0.0.0:15081}" daemon prio=3 tid=487 runnable
java.lang.Thread.State: RUNNABLE
        at sun.nio.ch.ServerSocketChannelImpl.accept0(Native Method)
        at sun.nio.ch.ServerSocketChannelImpl.accept(ServerSocketChannelImpl.java:421)
        at sun.nio.ch.ServerSocketChannelImpl.accept(ServerSocketChannelImpl.java:249)
        at org.eclipse.jetty.server.ServerConnector.accept(ServerConnector.java:388)
        at org.eclipse.jetty.server.AbstractConnector$Acceptor.run(AbstractConnector.java:704)
        at org.eclipse.jetty.util.thread.QueuedThreadPool.runJob(QueuedThreadPool.java:883)
        at org.eclipse.jetty.util.thread.QueuedThreadPool$Runner.run(QueuedThreadPool.java:1034)
        at java.lang.Thread.run(Thread.java:750)
"IPC Server Responder" daemon prio=5 tid=424 runnable
java.lang.Thread.State: RUNNABLE
        at sun.nio.ch.EPollArrayWrapper.epollWait(Native Method)
        at sun.nio.ch.EPollArrayWrapper.poll(EPollArrayWrapper.java:269)
        at sun.nio.ch.EPollSelectorImpl.doSelect(EPollSelectorImpl.java:93)
        at sun.nio.ch.SelectorImpl.lockAndDoSelect(SelectorImpl.java:86)
        at sun.nio.ch.SelectorImpl.select(SelectorImpl.java:97)
        at org.apache.hadoop.ipc.Server$Responder.doRunLoop(Server.java:1582)
        at org.apache.hadoop.ipc.Server$Responder.run(Server.java:1565)
"IPC Server handler 3 on default port 15000" daemon prio=5 tid=69 timed_waiting
java.lang.Thread.State: TIMED_WAITING
        at sun.misc.Unsafe.park(Native Method)
        at java.util.concurrent.locks.LockSupport.parkNanos(LockSupport.java:215)
        at java.util.concurrent.locks.AbstractQueuedSynchronizer$ConditionObject.awaitNanos(AbstractQueuedSynchronizer.java:2078)
        at java.util.concurrent.LinkedBlockingQueue.poll(LinkedBlockingQueue.java:467)
        at org.apache.hadoop.ipc.CallQueueManager.take(CallQueueManager.java:317)
        at org.apache.hadoop.ipc.Server$Handler.run(Server.java:3014)
"f6fa4039-8fe9-46ca-92f5-bb04d02dc273-DataStreamManagement-request--thread2"  prio=5 tid=1398 in Object.wait()
java.lang.Thread.State: WAITING (on object monitor)
        at sun.misc.Unsafe.park(Native Method)
        at java.util.concurrent.locks.LockSupport.park(LockSupport.java:175)
        at java.util.concurrent.locks.AbstractQueuedSynchronizer$ConditionObject.await(AbstractQueuedSynchronizer.java:2039)
        at java.util.concurrent.LinkedBlockingQueue.take(LinkedBlockingQueue.java:442)
        at java.util.concurrent.ThreadPoolExecutor.getTask(ThreadPoolExecutor.java:1074)
        at java.util.concurrent.ThreadPoolExecutor.runWorker(ThreadPoolExecutor.java:1134)
        at java.util.concurrent.ThreadPoolExecutor$Worker.run(ThreadPoolExecutor.java:624)
        at java.lang.Thread.run(Thread.java:750)
"ContainerOp-2755eb04-fdd9-4243-a794-7fd84471ba85-3"  prio=5 tid=1119 in Object.wait()
java.lang.Thread.State: WAITING (on object monitor)
        at sun.misc.Unsafe.park(Native Method)
        at java.util.concurrent.locks.LockSupport.park(LockSupport.java:175)
        at java.util.concurrent.locks.AbstractQueuedSynchronizer$ConditionObject.await(AbstractQueuedSynchronizer.java:2039)
        at java.util.concurrent.LinkedBlockingQueue.take(LinkedBlockingQueue.java:442)
        at java.util.concurrent.ThreadPoolExecutor.getTask(ThreadPoolExecutor.java:1074)
        at java.util.concurrent.ThreadPoolExecutor.runWorker(ThreadPoolExecutor.java:1134)
        at java.util.concurrent.ThreadPoolExecutor$Worker.run(ThreadPoolExecutor.java:624)
        at java.lang.Thread.run(Thread.java:750)
"qtp1873189623-21" daemon prio=5 tid=21 timed_waiting
java.lang.Thread.State: TIMED_WAITING
        at sun.misc.Unsafe.park(Native Method)
        at java.util.concurrent.locks.LockSupport.parkNanos(LockSupport.java:215)
        at java.util.concurrent.locks.AbstractQueuedSynchronizer$ConditionObject.awaitNanos(AbstractQueuedSynchronizer.java:2078)
        at org.eclipse.jetty.util.BlockingArrayQueue.poll(BlockingArrayQueue.java:382)
        at org.eclipse.jetty.util.thread.QueuedThreadPool$Runner.idleJobPoll(QueuedThreadPool.java:974)
        at org.eclipse.jetty.util.thread.QueuedThreadPool$Runner.run(QueuedThreadPool.java:1018)
        at java.lang.Thread.run(Thread.java:750)
"9fc007ee-6328-4e66-a7f4-dfd370a25fec-NettyServerStreamRpc-workerGroup--thread1"  prio=5 tid=1380 runnable
java.lang.Thread.State: RUNNABLE
        at sun.nio.ch.EPollArrayWrapper.epollWait(Native Method)
        at sun.nio.ch.EPollArrayWrapper.poll(EPollArrayWrapper.java:269)
        at sun.nio.ch.EPollSelectorImpl.doSelect(EPollSelectorImpl.java:93)
        at sun.nio.ch.SelectorImpl.lockAndDoSelect(SelectorImpl.java:86)
        at sun.nio.ch.SelectorImpl.select(SelectorImpl.java:97)
        at sun.nio.ch.SelectorImpl.select(SelectorImpl.java:101)
        at org.apache.ratis.thirdparty.io.netty.channel.nio.SelectedSelectionKeySetSelector.select(SelectedSelectionKeySetSelector.java:68)
        at org.apache.ratis.thirdparty.io.netty.channel.nio.NioEventLoop.select(NioEventLoop.java:879)
        at org.apache.ratis.thirdparty.io.netty.channel.nio.NioEventLoop.run(NioEventLoop.java:526)
        at org.apache.ratis.thirdparty.io.netty.util.concurrent.SingleThreadEventExecutor$4.run(SingleThreadEventExecutor.java:997)
        at org.apache.ratis.thirdparty.io.netty.util.internal.ThreadExecutorMap$2.run(ThreadExecutorMap.java:74)
        at java.lang.Thread.run(Thread.java:750)
"ChunkReader-ELG-0" daemon prio=5 tid=504 runnable
java.lang.Thread.State: RUNNABLE
        at org.apache.ratis.thirdparty.io.netty.channel.epoll.Native.epollWait0(Native Method)
        at org.apache.ratis.thirdparty.io.netty.channel.epoll.Native.epollWait(Native.java:182)
        at org.apache.ratis.thirdparty.io.netty.channel.epoll.EpollEventLoop.epollWait(EpollEventLoop.java:302)
        at org.apache.ratis.thirdparty.io.netty.channel.epoll.EpollEventLoop.run(EpollEventLoop.java:366)
        at org.apache.ratis.thirdparty.io.netty.util.concurrent.SingleThreadEventExecutor$4.run(SingleThreadEventExecutor.java:997)
        at org.apache.ratis.thirdparty.io.netty.util.internal.ThreadExecutorMap$2.run(ThreadExecutorMap.java:74)
        at java.lang.Thread.run(Thread.java:750)
"qtp997606897-170" daemon prio=5 tid=170 timed_waiting
java.lang.Thread.State: TIMED_WAITING
        at sun.misc.Unsafe.park(Native Method)
        at java.util.concurrent.locks.LockSupport.parkNanos(LockSupport.java:215)
        at java.util.concurrent.locks.AbstractQueuedSynchronizer$ConditionObject.awaitNanos(AbstractQueuedSynchronizer.java:2078)
        at org.eclipse.jetty.util.BlockingArrayQueue.poll(BlockingArrayQueue.java:382)
        at org.eclipse.jetty.util.thread.QueuedThreadPool$Runner.idleJobPoll(QueuedThreadPool.java:974)
        at org.eclipse.jetty.util.thread.QueuedThreadPool$Runner.run(QueuedThreadPool.java:1018)
        at java.lang.Thread.run(Thread.java:750)
"ChunkReader-ELG-0" daemon prio=5 tid=601 runnable
java.lang.Thread.State: RUNNABLE
        at org.apache.ratis.thirdparty.io.netty.channel.epoll.Native.epollWait0(Native Method)
        at org.apache.ratis.thirdparty.io.netty.channel.epoll.Native.epollWait(Native.java:182)
        at org.apache.ratis.thirdparty.io.netty.channel.epoll.EpollEventLoop.epollWait(EpollEventLoop.java:302)
        at org.apache.ratis.thirdparty.io.netty.channel.epoll.EpollEventLoop.run(EpollEventLoop.java:366)
        at org.apache.ratis.thirdparty.io.netty.util.concurrent.SingleThreadEventExecutor$4.run(SingleThreadEventExecutor.java:997)
        at org.apache.ratis.thirdparty.io.netty.util.internal.ThreadExecutorMap$2.run(ThreadExecutorMap.java:74)
        at java.lang.Thread.run(Thread.java:750)
"ChunkReader-7" daemon prio=5 tid=1284 in Object.wait()
java.lang.Thread.State: WAITING (on object monitor)
        at sun.misc.Unsafe.park(Native Method)
        at java.util.concurrent.locks.LockSupport.park(LockSupport.java:175)
        at java.util.concurrent.locks.AbstractQueuedSynchronizer$ConditionObject.await(AbstractQueuedSynchronizer.java:2039)
        at java.util.concurrent.LinkedBlockingQueue.take(LinkedBlockingQueue.java:442)
        at java.util.concurrent.ThreadPoolExecutor.getTask(ThreadPoolExecutor.java:1074)
        at java.util.concurrent.ThreadPoolExecutor.runWorker(ThreadPoolExecutor.java:1134)
        at java.util.concurrent.ThreadPoolExecutor$Worker.run(ThreadPoolExecutor.java:624)
        at java.lang.Thread.run(Thread.java:750)
"ContainerOp-9e39b8f2-dd05-49f1-bf9a-d1a0b4f7e96e-5"  prio=5 tid=1313 in Object.wait()
java.lang.Thread.State: WAITING (on object monitor)
        at sun.misc.Unsafe.park(Native Method)
        at java.util.concurrent.locks.LockSupport.park(LockSupport.java:175)
        at java.util.concurrent.locks.AbstractQueuedSynchronizer$ConditionObject.await(AbstractQueuedSynchronizer.java:2039)
        at java.util.concurrent.LinkedBlockingQueue.take(LinkedBlockingQueue.java:442)
        at java.util.concurrent.ThreadPoolExecutor.getTask(ThreadPoolExecutor.java:1074)
        at java.util.concurrent.ThreadPoolExecutor.runWorker(ThreadPoolExecutor.java:1134)
        at java.util.concurrent.ThreadPoolExecutor$Worker.run(ThreadPoolExecutor.java:624)
        at java.lang.Thread.run(Thread.java:750)
"BlockDeletingService#2" daemon prio=5 tid=1622 in Object.wait()
java.lang.Thread.State: WAITING (on object monitor)
        at sun.misc.Unsafe.park(Native Method)
        at java.util.concurrent.locks.LockSupport.park(LockSupport.java:175)
        at java.util.concurrent.locks.AbstractQueuedSynchronizer$ConditionObject.await(AbstractQueuedSynchronizer.java:2039)
        at java.util.concurrent.ScheduledThreadPoolExecutor$DelayedWorkQueue.take(ScheduledThreadPoolExecutor.java:1088)
        at java.util.concurrent.ScheduledThreadPoolExecutor$DelayedWorkQueue.take(ScheduledThreadPoolExecutor.java:809)
        at java.util.concurrent.ThreadPoolExecutor.getTask(ThreadPoolExecutor.java:1074)
        at java.util.concurrent.ThreadPoolExecutor.runWorker(ThreadPoolExecutor.java:1134)
        at java.util.concurrent.ThreadPoolExecutor$Worker.run(ThreadPoolExecutor.java:624)
        at java.lang.Thread.run(Thread.java:750)
"ContainerOp-00044fda-cf71-4d00-9eb5-8cc713da5931-6"  prio=5 tid=1339 in Object.wait()
java.lang.Thread.State: WAITING (on object monitor)
        at sun.misc.Unsafe.park(Native Method)
        at java.util.concurrent.locks.LockSupport.park(LockSupport.java:175)
        at java.util.concurrent.locks.AbstractQueuedSynchronizer$ConditionObject.await(AbstractQueuedSynchronizer.java:2039)
        at java.util.concurrent.LinkedBlockingQueue.take(LinkedBlockingQueue.java:442)
        at java.util.concurrent.ThreadPoolExecutor.getTask(ThreadPoolExecutor.java:1074)
        at java.util.concurrent.ThreadPoolExecutor.runWorker(ThreadPoolExecutor.java:1134)
        at java.util.concurrent.ThreadPoolExecutor$Worker.run(ThreadPoolExecutor.java:624)
        at java.lang.Thread.run(Thread.java:750)
"ChunkWriter-3-0" daemon prio=5 tid=645 in Object.wait()
java.lang.Thread.State: WAITING (on object monitor)
        at sun.misc.Unsafe.park(Native Method)
        at java.util.concurrent.locks.LockSupport.park(LockSupport.java:175)
        at java.util.concurrent.locks.AbstractQueuedSynchronizer$ConditionObject.await(AbstractQueuedSynchronizer.java:2039)
        at java.util.concurrent.LinkedBlockingDeque.takeFirst(LinkedBlockingDeque.java:492)
        at java.util.concurrent.LinkedBlockingDeque.take(LinkedBlockingDeque.java:680)
        at java.util.concurrent.ThreadPoolExecutor.getTask(ThreadPoolExecutor.java:1074)
        at java.util.concurrent.ThreadPoolExecutor.runWorker(ThreadPoolExecutor.java:1134)
        at java.util.concurrent.ThreadPoolExecutor$Worker.run(ThreadPoolExecutor.java:624)
        at java.lang.Thread.run(Thread.java:750)
"6220322b-c54d-4ba8-95d6-5fd9b706d663-NettyServerStreamRpc-bossGroup--thread1"  prio=5 tid=317 runnable
java.lang.Thread.State: RUNNABLE
        at sun.nio.ch.EPollArrayWrapper.epollWait(Native Method)
        at sun.nio.ch.EPollArrayWrapper.poll(EPollArrayWrapper.java:269)
        at sun.nio.ch.EPollSelectorImpl.doSelect(EPollSelectorImpl.java:93)
        at sun.nio.ch.SelectorImpl.lockAndDoSelect(SelectorImpl.java:86)
        at sun.nio.ch.SelectorImpl.select(SelectorImpl.java:97)
        at sun.nio.ch.SelectorImpl.select(SelectorImpl.java:101)
        at org.apache.ratis.thirdparty.io.netty.channel.nio.SelectedSelectionKeySetSelector.select(SelectedSelectionKeySetSelector.java:68)
        at org.apache.ratis.thirdparty.io.netty.channel.nio.NioEventLoop.select(NioEventLoop.java:879)
        at org.apache.ratis.thirdparty.io.netty.channel.nio.NioEventLoop.run(NioEventLoop.java:526)
        at org.apache.ratis.thirdparty.io.netty.util.concurrent.SingleThreadEventExecutor$4.run(SingleThreadEventExecutor.java:997)
        at org.apache.ratis.thirdparty.io.netty.util.internal.ThreadExecutorMap$2.run(ThreadExecutorMap.java:74)
        at java.lang.Thread.run(Thread.java:750)
"IPC Parameter Sending Thread for 0.0.0.0/0.0.0.0:15002" daemon prio=5 tid=362 timed_waiting
java.lang.Thread.State: TIMED_WAITING
        at sun.misc.Unsafe.park(Native Method)
        at java.util.concurrent.locks.LockSupport.parkNanos(LockSupport.java:215)
        at java.util.concurrent.SynchronousQueue$TransferQueue.awaitFulfill(SynchronousQueue.java:764)
        at java.util.concurrent.SynchronousQueue$TransferQueue.transfer(SynchronousQueue.java:695)
        at java.util.concurrent.SynchronousQueue.poll(SynchronousQueue.java:941)
        at org.apache.hadoop.ipc.Client$Connection$RpcRequestSender.run(Client.java:1105)
        at java.lang.Thread.run(Thread.java:750)
"ChunkReader-7" daemon prio=5 tid=1357 in Object.wait()
java.lang.Thread.State: WAITING (on object monitor)
        at sun.misc.Unsafe.park(Native Method)
        at java.util.concurrent.locks.LockSupport.park(LockSupport.java:175)
        at java.util.concurrent.locks.AbstractQueuedSynchronizer$ConditionObject.await(AbstractQueuedSynchronizer.java:2039)
        at java.util.concurrent.LinkedBlockingQueue.take(LinkedBlockingQueue.java:442)
        at java.util.concurrent.ThreadPoolExecutor.getTask(ThreadPoolExecutor.java:1074)
        at java.util.concurrent.ThreadPoolExecutor.runWorker(ThreadPoolExecutor.java:1134)
        at java.util.concurrent.ThreadPoolExecutor$Worker.run(ThreadPoolExecutor.java:624)
        at java.lang.Thread.run(Thread.java:750)
"JvmPauseMonitor9" daemon prio=5 tid=615 timed_waiting
java.lang.Thread.State: TIMED_WAITING
        at java.lang.Thread.sleep(Native Method)
        at java.lang.Thread.sleep(Thread.java:342)
        at java.util.concurrent.TimeUnit.sleep(TimeUnit.java:386)
        at org.apache.ratis.util.TimeDuration.sleep(TimeDuration.java:325)
        at org.apache.ratis.util.TimeDuration.sleep(TimeDuration.java:310)
        at org.apache.ratis.util.JvmPauseMonitor.detectPause(JvmPauseMonitor.java:117)
        at org.apache.ratis.util.JvmPauseMonitor.run(JvmPauseMonitor.java:106)
        at org.apache.ratis.util.JvmPauseMonitor$$Lambda$540/1204910476.run(Unknown Source)
        at java.lang.Thread.run(Thread.java:750)
"ChunkReader-0" daemon prio=5 tid=1054 in Object.wait()
java.lang.Thread.State: WAITING (on object monitor)
        at sun.misc.Unsafe.park(Native Method)
        at java.util.concurrent.locks.LockSupport.park(LockSupport.java:175)
        at java.util.concurrent.locks.AbstractQueuedSynchronizer$ConditionObject.await(AbstractQueuedSynchronizer.java:2039)
        at java.util.concurrent.LinkedBlockingQueue.take(LinkedBlockingQueue.java:442)
        at java.util.concurrent.ThreadPoolExecutor.getTask(ThreadPoolExecutor.java:1074)
        at java.util.concurrent.ThreadPoolExecutor.runWorker(ThreadPoolExecutor.java:1134)
        at java.util.concurrent.ThreadPoolExecutor$Worker.run(ThreadPoolExecutor.java:624)
        at java.lang.Thread.run(Thread.java:750)
"OM StateMachine ApplyTransaction Thread - 0" daemon prio=5 tid=1004 in Object.wait()
java.lang.Thread.State: WAITING (on object monitor)
        at sun.misc.Unsafe.park(Native Method)
        at java.util.concurrent.locks.LockSupport.park(LockSupport.java:175)
        at java.util.concurrent.locks.AbstractQueuedSynchronizer$ConditionObject.await(AbstractQueuedSynchronizer.java:2039)
        at java.util.concurrent.LinkedBlockingQueue.take(LinkedBlockingQueue.java:442)
        at java.util.concurrent.ThreadPoolExecutor.getTask(ThreadPoolExecutor.java:1074)
        at java.util.concurrent.ThreadPoolExecutor.runWorker(ThreadPoolExecutor.java:1134)
        at java.util.concurrent.ThreadPoolExecutor$Worker.run(ThreadPoolExecutor.java:624)
        at java.lang.Thread.run(Thread.java:750)
"qtp1538487153-323" daemon prio=5 tid=323 timed_waiting
java.lang.Thread.State: TIMED_WAITING
        at sun.misc.Unsafe.park(Native Method)
        at java.util.concurrent.locks.LockSupport.parkNanos(LockSupport.java:215)
        at java.util.concurrent.locks.AbstractQueuedSynchronizer$ConditionObject.awaitNanos(AbstractQueuedSynchronizer.java:2078)
        at org.eclipse.jetty.util.BlockingArrayQueue.poll(BlockingArrayQueue.java:382)
        at org.eclipse.jetty.util.thread.QueuedThreadPool$Runner.idleJobPoll(QueuedThreadPool.java:974)
        at org.eclipse.jetty.util.thread.QueuedThreadPool$Runner.run(QueuedThreadPool.java:1018)
        at java.lang.Thread.run(Thread.java:750)
"ChunkReader-2" daemon prio=5 tid=1067 in Object.wait()
java.lang.Thread.State: WAITING (on object monitor)
        at sun.misc.Unsafe.park(Native Method)
        at java.util.concurrent.locks.LockSupport.park(LockSupport.java:175)
        at java.util.concurrent.locks.AbstractQueuedSynchronizer$ConditionObject.await(AbstractQueuedSynchronizer.java:2039)
        at java.util.concurrent.LinkedBlockingQueue.take(LinkedBlockingQueue.java:442)
        at java.util.concurrent.ThreadPoolExecutor.getTask(ThreadPoolExecutor.java:1074)
        at java.util.concurrent.ThreadPoolExecutor.runWorker(ThreadPoolExecutor.java:1134)
        at java.util.concurrent.ThreadPoolExecutor$Worker.run(ThreadPoolExecutor.java:624)
        at java.lang.Thread.run(Thread.java:750)
"qtp955442053-533" daemon prio=5 tid=533 timed_waiting
java.lang.Thread.State: TIMED_WAITING
        at sun.misc.Unsafe.park(Native Method)
        at java.util.concurrent.locks.LockSupport.parkNanos(LockSupport.java:215)
        at java.util.concurrent.locks.AbstractQueuedSynchronizer$ConditionObject.awaitNanos(AbstractQueuedSynchronizer.java:2078)
        at org.eclipse.jetty.util.BlockingArrayQueue.poll(BlockingArrayQueue.java:382)
        at org.eclipse.jetty.util.thread.QueuedThreadPool$Runner.idleJobPoll(QueuedThreadPool.java:974)
        at org.eclipse.jetty.util.thread.QueuedThreadPool$Runner.run(QueuedThreadPool.java:1018)
        at java.lang.Thread.run(Thread.java:750)
"80a9a8fe-8ad4-444c-8e90-e2ced2b3ac02-groupManagement" daemon prio=5 tid=739 in Object.wait()
java.lang.Thread.State: WAITING (on object monitor)
        at sun.misc.Unsafe.park(Native Method)
        at java.util.concurrent.locks.LockSupport.park(LockSupport.java:175)
        at java.util.concurrent.locks.AbstractQueuedSynchronizer$ConditionObject.await(AbstractQueuedSynchronizer.java:2039)
        at java.util.concurrent.LinkedBlockingQueue.take(LinkedBlockingQueue.java:442)
        at java.util.concurrent.ThreadPoolExecutor.getTask(ThreadPoolExecutor.java:1074)
        at java.util.concurrent.ThreadPoolExecutor.runWorker(ThreadPoolExecutor.java:1134)
        at java.util.concurrent.ThreadPoolExecutor$Worker.run(ThreadPoolExecutor.java:624)
        at java.lang.Thread.run(Thread.java:750)
"ChunkWriter-2-0" daemon prio=5 tid=644 in Object.wait()
java.lang.Thread.State: WAITING (on object monitor)
        at sun.misc.Unsafe.park(Native Method)
        at java.util.concurrent.locks.LockSupport.park(LockSupport.java:175)
        at java.util.concurrent.locks.AbstractQueuedSynchronizer$ConditionObject.await(AbstractQueuedSynchronizer.java:2039)
        at java.util.concurrent.LinkedBlockingDeque.takeFirst(LinkedBlockingDeque.java:492)
        at java.util.concurrent.LinkedBlockingDeque.take(LinkedBlockingDeque.java:680)
        at java.util.concurrent.ThreadPoolExecutor.getTask(ThreadPoolExecutor.java:1074)
        at java.util.concurrent.ThreadPoolExecutor.runWorker(ThreadPoolExecutor.java:1134)
        at java.util.concurrent.ThreadPoolExecutor$Worker.run(ThreadPoolExecutor.java:624)
        at java.lang.Thread.run(Thread.java:750)
"6f9d3266-b874-4586-a718-9027df6ff647@group-7FD84471BA85-SegmentedRaftLogWorker"  prio=5 tid=733 timed_waiting
java.lang.Thread.State: TIMED_WAITING
        at sun.misc.Unsafe.park(Native Method)
        at java.util.concurrent.locks.LockSupport.parkNanos(LockSupport.java:215)
        at java.util.concurrent.locks.AbstractQueuedSynchronizer$ConditionObject.awaitNanos(AbstractQueuedSynchronizer.java:2078)
        at org.apache.ratis.util.DataBlockingQueue.poll(DataBlockingQueue.java:148)
        at org.apache.ratis.server.raftlog.segmented.SegmentedRaftLogWorker.run(SegmentedRaftLogWorker.java:307)
        at org.apache.ratis.server.raftlog.segmented.SegmentedRaftLogWorker$$Lambda$841/2058580550.run(Unknown Source)
        at java.util.concurrent.Executors$RunnableAdapter.call(Executors.java:511)
        at java.util.concurrent.FutureTask.run(FutureTask.java:266)
        at java.util.concurrent.ThreadPoolExecutor.runWorker(ThreadPoolExecutor.java:1149)
        at java.util.concurrent.ThreadPoolExecutor$Worker.run(ThreadPoolExecutor.java:624)
        at java.lang.Thread.run(Thread.java:750)
"ChunkReader-2" daemon prio=5 tid=1249 in Object.wait()
java.lang.Thread.State: WAITING (on object monitor)
        at sun.misc.Unsafe.park(Native Method)
        at java.util.concurrent.locks.LockSupport.park(LockSupport.java:175)
        at java.util.concurrent.locks.AbstractQueuedSynchronizer$ConditionObject.await(AbstractQueuedSynchronizer.java:2039)
        at java.util.concurrent.LinkedBlockingQueue.take(LinkedBlockingQueue.java:442)
        at java.util.concurrent.ThreadPoolExecutor.getTask(ThreadPoolExecutor.java:1074)
        at java.util.concurrent.ThreadPoolExecutor.runWorker(ThreadPoolExecutor.java:1134)
        at java.util.concurrent.ThreadPoolExecutor$Worker.run(ThreadPoolExecutor.java:624)
        at java.lang.Thread.run(Thread.java:750)
"Hadoop-Metrics-Updater-0" daemon prio=5 tid=513 timed_waiting
java.lang.Thread.State: TIMED_WAITING
        at sun.misc.Unsafe.park(Native Method)
        at java.util.concurrent.locks.LockSupport.parkNanos(LockSupport.java:215)
        at java.util.concurrent.locks.AbstractQueuedSynchronizer$ConditionObject.awaitNanos(AbstractQueuedSynchronizer.java:2078)
        at java.util.concurrent.ScheduledThreadPoolExecutor$DelayedWorkQueue.take(ScheduledThreadPoolExecutor.java:1093)
        at java.util.concurrent.ScheduledThreadPoolExecutor$DelayedWorkQueue.take(ScheduledThreadPoolExecutor.java:809)
        at java.util.concurrent.ThreadPoolExecutor.getTask(ThreadPoolExecutor.java:1074)
        at java.util.concurrent.ThreadPoolExecutor.runWorker(ThreadPoolExecutor.java:1134)
        at java.util.concurrent.ThreadPoolExecutor$Worker.run(ThreadPoolExecutor.java:624)
        at java.lang.Thread.run(Thread.java:750)
"IPC Server handler 11 on default port 15004" daemon prio=5 tid=188 timed_waiting
java.lang.Thread.State: TIMED_WAITING
        at sun.misc.Unsafe.park(Native Method)
        at java.util.concurrent.locks.LockSupport.parkNanos(LockSupport.java:215)
        at java.util.concurrent.locks.AbstractQueuedSynchronizer$ConditionObject.awaitNanos(AbstractQueuedSynchronizer.java:2078)
        at java.util.concurrent.LinkedBlockingQueue.poll(LinkedBlockingQueue.java:467)
        at org.apache.hadoop.ipc.CallQueueManager.take(CallQueueManager.java:317)
        at org.apache.hadoop.ipc.Server$Handler.run(Server.java:3014)
"6220322b-c54d-4ba8-95d6-5fd9b706d663-DataStreamManagement-write--thread3"  prio=5 tid=1080 in Object.wait()
java.lang.Thread.State: WAITING (on object monitor)
        at sun.misc.Unsafe.park(Native Method)
        at java.util.concurrent.locks.LockSupport.park(LockSupport.java:175)
        at java.util.concurrent.locks.AbstractQueuedSynchronizer$ConditionObject.await(AbstractQueuedSynchronizer.java:2039)
        at java.util.concurrent.LinkedBlockingQueue.take(LinkedBlockingQueue.java:442)
        at java.util.concurrent.ThreadPoolExecutor.getTask(ThreadPoolExecutor.java:1074)
        at java.util.concurrent.ThreadPoolExecutor.runWorker(ThreadPoolExecutor.java:1134)
        at java.util.concurrent.ThreadPoolExecutor$Worker.run(ThreadPoolExecutor.java:624)
        at java.lang.Thread.run(Thread.java:750)
"IPC Server handler 5 on default port 15002" daemon prio=5 tid=111 timed_waiting
java.lang.Thread.State: TIMED_WAITING
        at sun.misc.Unsafe.park(Native Method)
        at java.util.concurrent.locks.LockSupport.parkNanos(LockSupport.java:215)
        at java.util.concurrent.locks.AbstractQueuedSynchronizer$ConditionObject.awaitNanos(AbstractQueuedSynchronizer.java:2078)
        at java.util.concurrent.LinkedBlockingQueue.poll(LinkedBlockingQueue.java:467)
        at org.apache.hadoop.ipc.CallQueueManager.take(CallQueueManager.java:317)
        at org.apache.hadoop.ipc.Server$Handler.run(Server.java:3014)
"80a9a8fe-8ad4-444c-8e90-e2ced2b3ac02-DataStreamManagement-write--thread3"  prio=5 tid=1373 in Object.wait()
java.lang.Thread.State: WAITING (on object monitor)
        at sun.misc.Unsafe.park(Native Method)
        at java.util.concurrent.locks.LockSupport.park(LockSupport.java:175)
        at java.util.concurrent.locks.AbstractQueuedSynchronizer$ConditionObject.await(AbstractQueuedSynchronizer.java:2039)
        at java.util.concurrent.LinkedBlockingQueue.take(LinkedBlockingQueue.java:442)
        at java.util.concurrent.ThreadPoolExecutor.getTask(ThreadPoolExecutor.java:1074)
        at java.util.concurrent.ThreadPoolExecutor.runWorker(ThreadPoolExecutor.java:1134)
        at java.util.concurrent.ThreadPoolExecutor$Worker.run(ThreadPoolExecutor.java:624)
        at java.lang.Thread.run(Thread.java:750)
"6220322b-c54d-4ba8-95d6-5fd9b706d663-DataStreamManagement-request--thread6"  prio=5 tid=1081 in Object.wait()
java.lang.Thread.State: WAITING (on object monitor)
        at sun.misc.Unsafe.park(Native Method)
        at java.util.concurrent.locks.LockSupport.park(LockSupport.java:175)
        at java.util.concurrent.locks.AbstractQueuedSynchronizer$ConditionObject.await(AbstractQueuedSynchronizer.java:2039)
        at java.util.concurrent.LinkedBlockingQueue.take(LinkedBlockingQueue.java:442)
        at java.util.concurrent.ThreadPoolExecutor.getTask(ThreadPoolExecutor.java:1074)
        at java.util.concurrent.ThreadPoolExecutor.runWorker(ThreadPoolExecutor.java:1134)
        at java.util.concurrent.ThreadPoolExecutor$Worker.run(ThreadPoolExecutor.java:624)
        at java.lang.Thread.run(Thread.java:750)
"qtp547239460-492" daemon prio=5 tid=492 timed_waiting
java.lang.Thread.State: TIMED_WAITING
        at sun.misc.Unsafe.park(Native Method)
        at java.util.concurrent.locks.LockSupport.parkNanos(LockSupport.java:215)
        at java.util.concurrent.locks.AbstractQueuedSynchronizer$ConditionObject.awaitNanos(AbstractQueuedSynchronizer.java:2078)
        at org.eclipse.jetty.util.BlockingArrayQueue.poll(BlockingArrayQueue.java:382)
        at org.eclipse.jetty.util.thread.QueuedThreadPool$Runner.idleJobPoll(QueuedThreadPool.java:974)
        at org.eclipse.jetty.util.thread.QueuedThreadPool$Runner.run(QueuedThreadPool.java:1018)
        at java.lang.Thread.run(Thread.java:750)
"qtp658444087-211" daemon prio=5 tid=211 timed_waiting
java.lang.Thread.State: TIMED_WAITING
        at sun.misc.Unsafe.park(Native Method)
        at java.util.concurrent.locks.LockSupport.parkNanos(LockSupport.java:215)
        at java.util.concurrent.locks.AbstractQueuedSynchronizer$ConditionObject.awaitNanos(AbstractQueuedSynchronizer.java:2078)
        at org.eclipse.jetty.util.BlockingArrayQueue.poll(BlockingArrayQueue.java:382)
        at org.eclipse.jetty.util.thread.QueuedThreadPool$Runner.idleJobPoll(QueuedThreadPool.java:974)
        at org.eclipse.jetty.util.thread.QueuedThreadPool$Runner.run(QueuedThreadPool.java:1018)
        at java.lang.Thread.run(Thread.java:750)
"9fc007ee-6328-4e66-a7f4-dfd370a25fec-DataStreamManagement-write--thread1"  prio=5 tid=1383 in Object.wait()
java.lang.Thread.State: WAITING (on object monitor)
        at sun.misc.Unsafe.park(Native Method)
        at java.util.concurrent.locks.LockSupport.park(LockSupport.java:175)
        at java.util.concurrent.locks.AbstractQueuedSynchronizer$ConditionObject.await(AbstractQueuedSynchronizer.java:2039)
        at java.util.concurrent.LinkedBlockingQueue.take(LinkedBlockingQueue.java:442)
        at java.util.concurrent.ThreadPoolExecutor.getTask(ThreadPoolExecutor.java:1074)
        at java.util.concurrent.ThreadPoolExecutor.runWorker(ThreadPoolExecutor.java:1134)
        at java.util.concurrent.ThreadPoolExecutor$Worker.run(ThreadPoolExecutor.java:624)
        at java.lang.Thread.run(Thread.java:750)
"9fc007ee-6328-4e66-a7f4-dfd370a25fec-DataStreamManagement-request--thread9" daemon prio=5 tid=1393 in Object.wait()
java.lang.Thread.State: WAITING (on object monitor)
        at sun.misc.Unsafe.park(Native Method)
        at java.util.concurrent.locks.LockSupport.park(LockSupport.java:175)
        at java.util.concurrent.locks.AbstractQueuedSynchronizer$ConditionObject.await(AbstractQueuedSynchronizer.java:2039)
        at java.util.concurrent.LinkedBlockingQueue.take(LinkedBlockingQueue.java:442)
        at java.util.concurrent.ThreadPoolExecutor.getTask(ThreadPoolExecutor.java:1074)
        at java.util.concurrent.ThreadPoolExecutor.runWorker(ThreadPoolExecutor.java:1134)
        at java.util.concurrent.ThreadPoolExecutor$Worker.run(ThreadPoolExecutor.java:624)
        at java.lang.Thread.run(Thread.java:750)
"IPC Server listener on 15046" daemon prio=5 tid=330 runnable
java.lang.Thread.State: RUNNABLE
        at sun.nio.ch.EPollArrayWrapper.epollWait(Native Method)
        at sun.nio.ch.EPollArrayWrapper.poll(EPollArrayWrapper.java:269)
        at sun.nio.ch.EPollSelectorImpl.doSelect(EPollSelectorImpl.java:93)
        at sun.nio.ch.SelectorImpl.lockAndDoSelect(SelectorImpl.java:86)
        at sun.nio.ch.SelectorImpl.select(SelectorImpl.java:97)
        at sun.nio.ch.SelectorImpl.select(SelectorImpl.java:101)
        at org.apache.hadoop.ipc.Server$Listener.run(Server.java:1408)
"80a9a8fe-8ad4-444c-8e90-e2ced2b3ac02@group-E0A3CFFD1989-LeaderStateImpl" daemon prio=5 tid=929 timed_waiting
java.lang.Thread.State: TIMED_WAITING
        at sun.misc.Unsafe.park(Native Method)
        at java.util.concurrent.locks.LockSupport.parkNanos(LockSupport.java:215)
        at java.util.concurrent.locks.AbstractQueuedSynchronizer$ConditionObject.awaitNanos(AbstractQueuedSynchronizer.java:2078)
        at java.util.concurrent.ArrayBlockingQueue.poll(ArrayBlockingQueue.java:418)
        at org.apache.ratis.server.impl.LeaderStateImpl$EventQueue.poll(LeaderStateImpl.java:164)
        at org.apache.ratis.server.impl.LeaderStateImpl$EventProcessor.run(LeaderStateImpl.java:702)
"ContainerOp-00044fda-cf71-4d00-9eb5-8cc713da5931-9"  prio=5 tid=1342 in Object.wait()
java.lang.Thread.State: WAITING (on object monitor)
        at sun.misc.Unsafe.park(Native Method)
        at java.util.concurrent.locks.LockSupport.park(LockSupport.java:175)
        at java.util.concurrent.locks.AbstractQueuedSynchronizer$ConditionObject.await(AbstractQueuedSynchronizer.java:2039)
        at java.util.concurrent.LinkedBlockingQueue.take(LinkedBlockingQueue.java:442)
        at java.util.concurrent.ThreadPoolExecutor.getTask(ThreadPoolExecutor.java:1074)
        at java.util.concurrent.ThreadPoolExecutor.runWorker(ThreadPoolExecutor.java:1134)
        at java.util.concurrent.ThreadPoolExecutor$Worker.run(ThreadPoolExecutor.java:624)
        at java.lang.Thread.run(Thread.java:750)
"ChunkReader-7" daemon prio=5 tid=1271 in Object.wait()
java.lang.Thread.State: WAITING (on object monitor)
        at sun.misc.Unsafe.park(Native Method)
        at java.util.concurrent.locks.LockSupport.park(LockSupport.java:175)
        at java.util.concurrent.locks.AbstractQueuedSynchronizer$ConditionObject.await(AbstractQueuedSynchronizer.java:2039)
        at java.util.concurrent.LinkedBlockingQueue.take(LinkedBlockingQueue.java:442)
        at java.util.concurrent.ThreadPoolExecutor.getTask(ThreadPoolExecutor.java:1074)
        at java.util.concurrent.ThreadPoolExecutor.runWorker(ThreadPoolExecutor.java:1134)
        at java.util.concurrent.ThreadPoolExecutor$Worker.run(ThreadPoolExecutor.java:624)
        at java.lang.Thread.run(Thread.java:750)
"Datanode State Machine Daemon Thread" daemon prio=5 tid=471 timed_waiting
java.lang.Thread.State: TIMED_WAITING
        at java.lang.Thread.sleep(Native Method)
        at org.apache.hadoop.ozone.container.common.statemachine.DatanodeStateMachine.startStateMachineThread(DatanodeStateMachine.java:353)
        at org.apache.hadoop.ozone.container.common.statemachine.DatanodeStateMachine.lambda$startDaemon$0(DatanodeStateMachine.java:540)
        at org.apache.hadoop.ozone.container.common.statemachine.DatanodeStateMachine$$Lambda$1041/1491309043.run(Unknown Source)
        at java.lang.Thread.run(Thread.java:750)
"StaleRecoveringContainerScrubbingService#0" daemon prio=5 tid=506 timed_waiting
java.lang.Thread.State: TIMED_WAITING
        at sun.misc.Unsafe.park(Native Method)
        at java.util.concurrent.locks.LockSupport.parkNanos(LockSupport.java:215)
        at java.util.concurrent.locks.AbstractQueuedSynchronizer$ConditionObject.awaitNanos(AbstractQueuedSynchronizer.java:2078)
        at java.util.concurrent.ScheduledThreadPoolExecutor$DelayedWorkQueue.take(ScheduledThreadPoolExecutor.java:1093)
        at java.util.concurrent.ScheduledThreadPoolExecutor$DelayedWorkQueue.take(ScheduledThreadPoolExecutor.java:809)
        at java.util.concurrent.ThreadPoolExecutor.getTask(ThreadPoolExecutor.java:1074)
        at java.util.concurrent.ThreadPoolExecutor.runWorker(ThreadPoolExecutor.java:1134)
        at java.util.concurrent.ThreadPoolExecutor$Worker.run(ThreadPoolExecutor.java:624)
        at java.lang.Thread.run(Thread.java:750)
"6220322b-c54d-4ba8-95d6-5fd9b706d663-DataStreamManagement-request--thread8"  prio=5 tid=1083 in Object.wait()
java.lang.Thread.State: WAITING (on object monitor)
        at sun.misc.Unsafe.park(Native Method)
        at java.util.concurrent.locks.LockSupport.park(LockSupport.java:175)
        at java.util.concurrent.locks.AbstractQueuedSynchronizer$ConditionObject.await(AbstractQueuedSynchronizer.java:2039)
        at java.util.concurrent.LinkedBlockingQueue.take(LinkedBlockingQueue.java:442)
        at java.util.concurrent.ThreadPoolExecutor.getTask(ThreadPoolExecutor.java:1074)
        at java.util.concurrent.ThreadPoolExecutor.runWorker(ThreadPoolExecutor.java:1134)
        at java.util.concurrent.ThreadPoolExecutor$Worker.run(ThreadPoolExecutor.java:624)
        at java.lang.Thread.run(Thread.java:750)
"5317d628-7528-4015-930b-d89d4a444778-NettyServerStreamRpc-bossGroup--thread1"  prio=5 tid=230 runnable
java.lang.Thread.State: RUNNABLE
        at sun.nio.ch.EPollArrayWrapper.epollWait(Native Method)
        at sun.nio.ch.EPollArrayWrapper.poll(EPollArrayWrapper.java:269)
        at sun.nio.ch.EPollSelectorImpl.doSelect(EPollSelectorImpl.java:93)
        at sun.nio.ch.SelectorImpl.lockAndDoSelect(SelectorImpl.java:86)
        at sun.nio.ch.SelectorImpl.select(SelectorImpl.java:97)
        at sun.nio.ch.SelectorImpl.select(SelectorImpl.java:101)
        at org.apache.ratis.thirdparty.io.netty.channel.nio.SelectedSelectionKeySetSelector.select(SelectedSelectionKeySetSelector.java:68)
        at org.apache.ratis.thirdparty.io.netty.channel.nio.NioEventLoop.select(NioEventLoop.java:879)
        at org.apache.ratis.thirdparty.io.netty.channel.nio.NioEventLoop.run(NioEventLoop.java:526)
        at org.apache.ratis.thirdparty.io.netty.util.concurrent.SingleThreadEventExecutor$4.run(SingleThreadEventExecutor.java:997)
        at org.apache.ratis.thirdparty.io.netty.util.internal.ThreadExecutorMap$2.run(ThreadExecutorMap.java:74)
        at java.lang.Thread.run(Thread.java:750)
"Periodic HDDS volume checker" daemon prio=5 tid=370 timed_waiting
java.lang.Thread.State: TIMED_WAITING
        at sun.misc.Unsafe.park(Native Method)
        at java.util.concurrent.locks.LockSupport.parkNanos(LockSupport.java:215)
        at java.util.concurrent.locks.AbstractQueuedSynchronizer$ConditionObject.awaitNanos(AbstractQueuedSynchronizer.java:2078)
        at java.util.concurrent.ScheduledThreadPoolExecutor$DelayedWorkQueue.take(ScheduledThreadPoolExecutor.java:1093)
        at java.util.concurrent.ScheduledThreadPoolExecutor$DelayedWorkQueue.take(ScheduledThreadPoolExecutor.java:809)
        at java.util.concurrent.ThreadPoolExecutor.getTask(ThreadPoolExecutor.java:1074)
        at java.util.concurrent.ThreadPoolExecutor.runWorker(ThreadPoolExecutor.java:1134)
        at java.util.concurrent.ThreadPoolExecutor$Worker.run(ThreadPoolExecutor.java:624)
        at java.lang.Thread.run(Thread.java:750)
"JvmPauseMonitor0" daemon prio=5 tid=128 timed_waiting
java.lang.Thread.State: TIMED_WAITING
        at java.lang.Thread.sleep(Native Method)
        at java.lang.Thread.sleep(Thread.java:342)
        at java.util.concurrent.TimeUnit.sleep(TimeUnit.java:386)
        at org.apache.ratis.util.TimeDuration.sleep(TimeDuration.java:325)
        at org.apache.ratis.util.TimeDuration.sleep(TimeDuration.java:310)
        at org.apache.ratis.util.JvmPauseMonitor.detectPause(JvmPauseMonitor.java:117)
        at org.apache.ratis.util.JvmPauseMonitor.run(JvmPauseMonitor.java:106)
        at org.apache.ratis.util.JvmPauseMonitor$$Lambda$540/1204910476.run(Unknown Source)
        at java.lang.Thread.run(Thread.java:750)
"IPC Server handler 10 on default port 15000" daemon prio=5 tid=76 timed_waiting
java.lang.Thread.State: TIMED_WAITING
        at sun.misc.Unsafe.park(Native Method)
        at java.util.concurrent.locks.LockSupport.parkNanos(LockSupport.java:215)
        at java.util.concurrent.locks.AbstractQueuedSynchronizer$ConditionObject.awaitNanos(AbstractQueuedSynchronizer.java:2078)
        at java.util.concurrent.LinkedBlockingQueue.poll(LinkedBlockingQueue.java:467)
        at org.apache.hadoop.ipc.CallQueueManager.take(CallQueueManager.java:317)
        at org.apache.hadoop.ipc.Server$Handler.run(Server.java:3014)
"BlockDeletingService#2" daemon prio=5 tid=1631 in Object.wait()
java.lang.Thread.State: WAITING (on object monitor)
        at sun.misc.Unsafe.park(Native Method)
        at java.util.concurrent.locks.LockSupport.park(LockSupport.java:175)
        at java.util.concurrent.locks.AbstractQueuedSynchronizer$ConditionObject.await(AbstractQueuedSynchronizer.java:2039)
        at java.util.concurrent.ScheduledThreadPoolExecutor$DelayedWorkQueue.take(ScheduledThreadPoolExecutor.java:1088)
        at java.util.concurrent.ScheduledThreadPoolExecutor$DelayedWorkQueue.take(ScheduledThreadPoolExecutor.java:809)
        at java.util.concurrent.ThreadPoolExecutor.getTask(ThreadPoolExecutor.java:1074)
        at java.util.concurrent.ThreadPoolExecutor.runWorker(ThreadPoolExecutor.java:1134)
        at java.util.concurrent.ThreadPoolExecutor$Worker.run(ThreadPoolExecutor.java:624)
        at java.lang.Thread.run(Thread.java:750)
"ContainerOp-4f955fc0-ea69-486a-8109-13976fd52583-0"  prio=5 tid=1128 in Object.wait()
java.lang.Thread.State: WAITING (on object monitor)
        at sun.misc.Unsafe.park(Native Method)
        at java.util.concurrent.locks.LockSupport.park(LockSupport.java:175)
        at java.util.concurrent.locks.AbstractQueuedSynchronizer$ConditionObject.await(AbstractQueuedSynchronizer.java:2039)
        at java.util.concurrent.LinkedBlockingQueue.take(LinkedBlockingQueue.java:442)
        at java.util.concurrent.ThreadPoolExecutor.getTask(ThreadPoolExecutor.java:1074)
        at java.util.concurrent.ThreadPoolExecutor.runWorker(ThreadPoolExecutor.java:1134)
        at java.util.concurrent.ThreadPoolExecutor$Worker.run(ThreadPoolExecutor.java:624)
        at java.lang.Thread.run(Thread.java:750)
"ChunkReader-3" daemon prio=5 tid=1277 in Object.wait()
java.lang.Thread.State: WAITING (on object monitor)
        at sun.misc.Unsafe.park(Native Method)
        at java.util.concurrent.locks.LockSupport.park(LockSupport.java:175)
        at java.util.concurrent.locks.AbstractQueuedSynchronizer$ConditionObject.await(AbstractQueuedSynchronizer.java:2039)
        at java.util.concurrent.LinkedBlockingQueue.take(LinkedBlockingQueue.java:442)
        at java.util.concurrent.ThreadPoolExecutor.getTask(ThreadPoolExecutor.java:1074)
        at java.util.concurrent.ThreadPoolExecutor.runWorker(ThreadPoolExecutor.java:1134)
        at java.util.concurrent.ThreadPoolExecutor$Worker.run(ThreadPoolExecutor.java:624)
        at java.lang.Thread.run(Thread.java:750)
"KeyDeletingService#0" daemon prio=5 tid=162 timed_waiting
java.lang.Thread.State: TIMED_WAITING
        at sun.misc.Unsafe.park(Native Method)
        at java.util.concurrent.locks.LockSupport.parkNanos(LockSupport.java:215)
        at java.util.concurrent.locks.AbstractQueuedSynchronizer$ConditionObject.awaitNanos(AbstractQueuedSynchronizer.java:2078)
        at java.util.concurrent.ScheduledThreadPoolExecutor$DelayedWorkQueue.take(ScheduledThreadPoolExecutor.java:1093)
        at java.util.concurrent.ScheduledThreadPoolExecutor$DelayedWorkQueue.take(ScheduledThreadPoolExecutor.java:809)
        at java.util.concurrent.ThreadPoolExecutor.getTask(ThreadPoolExecutor.java:1074)
        at java.util.concurrent.ThreadPoolExecutor.runWorker(ThreadPoolExecutor.java:1134)
        at java.util.concurrent.ThreadPoolExecutor$Worker.run(ThreadPoolExecutor.java:624)
        at java.lang.Thread.run(Thread.java:750)


	at org.apache.ozone.test.GenericTestUtils.waitFor(GenericTestUtils.java:231)
	at org.apache.hadoop.ozone.client.rpc.TestOzoneAtRestEncryption.testKeyWithEncryptionAndGdpr(TestOzoneAtRestEncryption.java:371)
	at sun.reflect.NativeMethodAccessorImpl.invoke0(Native Method)
	at sun.reflect.NativeMethodAccessorImpl.invoke(NativeMethodAccessorImpl.java:62)
	at sun.reflect.DelegatingMethodAccessorImpl.invoke(DelegatingMethodAccessorImpl.java:43)
	at java.lang.reflect.Method.invoke(Method.java:498)
	at org.junit.platform.commons.util.ReflectionUtils.invokeMethod(ReflectionUtils.java:725)
	at org.junit.jupiter.engine.execution.MethodInvocation.proceed(MethodInvocation.java:60)
	at org.junit.jupiter.engine.execution.InvocationInterceptorChain$ValidatingInvocation.proceed(InvocationInterceptorChain.java:131)
	at org.junit.jupiter.engine.extension.TimeoutExtension.intercept(TimeoutExtension.java:149)
	at org.junit.jupiter.engine.extension.TimeoutExtension.interceptTestableMethod(TimeoutExtension.java:140)
	at org.junit.jupiter.engine.extension.TimeoutExtension.interceptTestTemplateMethod(TimeoutExtension.java:92)
	at org.junit.jupiter.engine.execution.ExecutableInvoker$ReflectiveInterceptorCall.lambda$ofVoidMethod$0(ExecutableInvoker.java:115)
	at org.junit.jupiter.engine.execution.ExecutableInvoker.lambda$invoke$0(ExecutableInvoker.java:105)
	at org.junit.jupiter.engine.execution.InvocationInterceptorChain$InterceptedInvocation.proceed(InvocationInterceptorChain.java:106)
	at org.junit.jupiter.engine.execution.InvocationInterceptorChain.proceed(InvocationInterceptorChain.java:64)
	at org.junit.jupiter.engine.execution.InvocationInterceptorChain.chainAndInvoke(InvocationInterceptorChain.java:45)
	at org.junit.jupiter.engine.execution.InvocationInterceptorChain.invoke(InvocationInterceptorChain.java:37)
	at org.junit.jupiter.engine.execution.ExecutableInvoker.invoke(ExecutableInvoker.java:104)
	at org.junit.jupiter.engine.execution.ExecutableInvoker.invoke(ExecutableInvoker.java:98)
	at org.junit.jupiter.engine.descriptor.TestMethodTestDescriptor.lambda$invokeTestMethod$7(TestMethodTestDescriptor.java:214)
	at org.junit.platform.engine.support.hierarchical.ThrowableCollector.execute(ThrowableCollector.java:73)
	at org.junit.jupiter.engine.descriptor.TestMethodTestDescriptor.invokeTestMethod(TestMethodTestDescriptor.java:210)
	at org.junit.jupiter.engine.descriptor.TestMethodTestDescriptor.execute(TestMethodTestDescriptor.java:135)
	at org.junit.jupiter.engine.descriptor.TestMethodTestDescriptor.execute(TestMethodTestDescriptor.java:66)
	at org.junit.platform.engine.support.hierarchical.NodeTestTask.lambda$executeRecursively$6(NodeTestTask.java:151)
	at org.junit.platform.engine.support.hierarchical.ThrowableCollector.execute(ThrowableCollector.java:73)
	at org.junit.platform.engine.support.hierarchical.NodeTestTask.lambda$executeRecursively$8(NodeTestTask.java:141)
	at org.junit.platform.engine.support.hierarchical.Node.around(Node.java:137)
	at org.junit.platform.engine.support.hierarchical.NodeTestTask.lambda$executeRecursively$9(NodeTestTask.java:139)
	at org.junit.platform.engine.support.hierarchical.ThrowableCollector.execute(ThrowableCollector.java:73)
	at org.junit.platform.engine.support.hierarchical.NodeTestTask.executeRecursively(NodeTestTask.java:138)
	at org.junit.platform.engine.support.hierarchical.NodeTestTask.execute(NodeTestTask.java:95)
	at org.junit.platform.engine.support.hierarchical.SameThreadHierarchicalTestExecutorService.submit(SameThreadHierarchicalTestExecutorService.java:35)
	at org.junit.platform.engine.support.hierarchical.NodeTestTask$DefaultDynamicTestExecutor.execute(NodeTestTask.java:226)
	at org.junit.platform.engine.support.hierarchical.NodeTestTask$DefaultDynamicTestExecutor.execute(NodeTestTask.java:204)
	at org.junit.jupiter.engine.descriptor.TestTemplateTestDescriptor.execute(TestTemplateTestDescriptor.java:139)
	at org.junit.jupiter.engine.descriptor.TestTemplateTestDescriptor.lambda$execute$2(TestTemplateTestDescriptor.java:107)
	at java.util.stream.ForEachOps$ForEachOp$OfRef.accept(ForEachOps.java:183)
	at java.util.stream.ReferencePipeline$3$1.accept(ReferencePipeline.java:193)
	at java.util.stream.ReferencePipeline$2$1.accept(ReferencePipeline.java:175)
	at java.util.stream.ReferencePipeline$3$1.accept(ReferencePipeline.java:193)
	at java.util.stream.ForEachOps$ForEachOp$OfRef.accept(ForEachOps.java:183)
	at java.util.stream.ReferencePipeline$3$1.accept(ReferencePipeline.java:193)
	at java.util.stream.ReferencePipeline$3$1.accept(ReferencePipeline.java:193)
	at java.util.stream.ReferencePipeline$3$1.accept(ReferencePipeline.java:193)
	at java.util.stream.ForEachOps$ForEachOp$OfRef.accept(ForEachOps.java:183)
	at java.util.stream.ReferencePipeline$3$1.accept(ReferencePipeline.java:193)
	at java.util.Iterator.forEachRemaining(Iterator.java:116)
	at java.util.Spliterators$IteratorSpliterator.forEachRemaining(Spliterators.java:1801)
	at java.util.stream.AbstractPipeline.copyInto(AbstractPipeline.java:482)
	at java.util.stream.AbstractPipeline.wrapAndCopyInto(AbstractPipeline.java:472)
	at java.util.stream.ForEachOps$ForEachOp.evaluateSequential(ForEachOps.java:150)
	at java.util.stream.ForEachOps$ForEachOp$OfRef.evaluateSequential(ForEachOps.java:173)
	at java.util.stream.AbstractPipeline.evaluate(AbstractPipeline.java:234)
	at java.util.stream.ReferencePipeline.forEach(ReferencePipeline.java:485)
	at java.util.stream.ReferencePipeline$7$1.accept(ReferencePipeline.java:272)
	at java.util.stream.ReferencePipeline$3$1.accept(ReferencePipeline.java:193)
	at java.util.stream.ReferencePipeline$3$1.accept(ReferencePipeline.java:193)
	at java.util.stream.ReferencePipeline$3$1.accept(ReferencePipeline.java:193)
	at java.util.ArrayList$ArrayListSpliterator.forEachRemaining(ArrayList.java:1384)
	at java.util.stream.AbstractPipeline.copyInto(AbstractPipeline.java:482)
	at java.util.stream.AbstractPipeline.wrapAndCopyInto(AbstractPipeline.java:472)
	at java.util.stream.ForEachOps$ForEachOp.evaluateSequential(ForEachOps.java:150)
	at java.util.stream.ForEachOps$ForEachOp$OfRef.evaluateSequential(ForEachOps.java:173)
	at java.util.stream.AbstractPipeline.evaluate(AbstractPipeline.java:234)
	at java.util.stream.ReferencePipeline.forEach(ReferencePipeline.java:485)
	at java.util.stream.ReferencePipeline$7$1.accept(ReferencePipeline.java:272)
	at java.util.ArrayList$ArrayListSpliterator.forEachRemaining(ArrayList.java:1384)
	at java.util.stream.AbstractPipeline.copyInto(AbstractPipeline.java:482)
	at java.util.stream.AbstractPipeline.wrapAndCopyInto(AbstractPipeline.java:472)
	at java.util.stream.ForEachOps$ForEachOp.evaluateSequential(ForEachOps.java:150)
	at java.util.stream.ForEachOps$ForEachOp$OfRef.evaluateSequential(ForEachOps.java:173)
	at java.util.stream.AbstractPipeline.evaluate(AbstractPipeline.java:234)
	at java.util.stream.ReferencePipeline.forEach(ReferencePipeline.java:485)
	at org.junit.jupiter.engine.descriptor.TestTemplateTestDescriptor.execute(TestTemplateTestDescriptor.java:107)
	at org.junit.jupiter.engine.descriptor.TestTemplateTestDescriptor.execute(TestTemplateTestDescriptor.java:42)
	at org.junit.platform.engine.support.hierarchical.NodeTestTask.lambda$executeRecursively$6(NodeTestTask.java:151)
	at org.junit.platform.engine.support.hierarchical.ThrowableCollector.execute(ThrowableCollector.java:73)
	at org.junit.platform.engine.support.hierarchical.NodeTestTask.lambda$executeRecursively$8(NodeTestTask.java:141)
	at org.junit.platform.engine.support.hierarchical.Node.around(Node.java:137)
	at org.junit.platform.engine.support.hierarchical.NodeTestTask.lambda$executeRecursively$9(NodeTestTask.java:139)
	at org.junit.platform.engine.support.hierarchical.ThrowableCollector.execute(ThrowableCollector.java:73)
	at org.junit.platform.engine.support.hierarchical.NodeTestTask.executeRecursively(NodeTestTask.java:138)
	at org.junit.platform.engine.support.hierarchical.NodeTestTask.execute(NodeTestTask.java:95)
	at java.util.ArrayList.forEach(ArrayList.java:1259)
	at org.junit.platform.engine.support.hierarchical.SameThreadHierarchicalTestExecutorService.invokeAll(SameThreadHierarchicalTestExecutorService.java:41)
	at org.junit.platform.engine.support.hierarchical.NodeTestTask.lambda$executeRecursively$6(NodeTestTask.java:155)
	at org.junit.platform.engine.support.hierarchical.ThrowableCollector.execute(ThrowableCollector.java:73)
	at org.junit.platform.engine.support.hierarchical.NodeTestTask.lambda$executeRecursively$8(NodeTestTask.java:141)
	at org.junit.platform.engine.support.hierarchical.Node.around(Node.java:137)
	at org.junit.platform.engine.support.hierarchical.NodeTestTask.lambda$executeRecursively$9(NodeTestTask.java:139)
	at org.junit.platform.engine.support.hierarchical.ThrowableCollector.execute(ThrowableCollector.java:73)
	at org.junit.platform.engine.support.hierarchical.NodeTestTask.executeRecursively(NodeTestTask.java:138)
	at org.junit.platform.engine.support.hierarchical.NodeTestTask.execute(NodeTestTask.java:95)
	at java.util.ArrayList.forEach(ArrayList.java:1259)
	at org.junit.platform.engine.support.hierarchical.SameThreadHierarchicalTestExecutorService.invokeAll(SameThreadHierarchicalTestExecutorService.java:41)
	at org.junit.platform.engine.support.hierarchical.NodeTestTask.lambda$executeRecursively$6(NodeTestTask.java:155)
	at org.junit.platform.engine.support.hierarchical.ThrowableCollector.execute(ThrowableCollector.java:73)
	at org.junit.platform.engine.support.hierarchical.NodeTestTask.lambda$executeRecursively$8(NodeTestTask.java:141)
	at org.junit.platform.engine.support.hierarchical.Node.around(Node.java:137)
	at org.junit.platform.engine.support.hierarchical.NodeTestTask.lambda$executeRecursively$9(NodeTestTask.java:139)
	at org.junit.platform.engine.support.hierarchical.ThrowableCollector.execute(ThrowableCollector.java:73)
	at org.junit.platform.engine.support.hierarchical.NodeTestTask.executeRecursively(NodeTestTask.java:138)
	at org.junit.platform.engine.support.hierarchical.NodeTestTask.execute(NodeTestTask.java:95)
	at org.junit.platform.engine.support.hierarchical.SameThreadHierarchicalTestExecutorService.submit(SameThreadHierarchicalTestExecutorService.java:35)
	at org.junit.platform.engine.support.hierarchical.HierarchicalTestExecutor.execute(HierarchicalTestExecutor.java:57)
	at org.junit.platform.engine.support.hierarchical.HierarchicalTestEngine.execute(HierarchicalTestEngine.java:54)
	at org.junit.platform.launcher.core.EngineExecutionOrchestrator.execute(EngineExecutionOrchestrator.java:107)
	at org.junit.platform.launcher.core.EngineExecutionOrchestrator.execute(EngineExecutionOrchestrator.java:88)
	at org.junit.platform.launcher.core.EngineExecutionOrchestrator.lambda$execute$0(EngineExecutionOrchestrator.java:54)
	at org.junit.platform.launcher.core.EngineExecutionOrchestrator.withInterceptedStreams(EngineExecutionOrchestrator.java:67)
	at org.junit.platform.launcher.core.EngineExecutionOrchestrator.execute(EngineExecutionOrchestrator.java:52)
	at org.junit.platform.launcher.core.DefaultLauncher.execute(DefaultLauncher.java:114)
	at org.junit.platform.launcher.core.DefaultLauncher.execute(DefaultLauncher.java:86)
	at org.junit.platform.launcher.core.DefaultLauncherSession$DelegatingLauncher.execute(DefaultLauncherSession.java:86)
	at org.junit.platform.launcher.core.SessionPerRequestLauncher.execute(SessionPerRequestLauncher.java:53)
	at org.apache.maven.surefire.junitplatform.JUnitPlatformProvider.execute(JUnitPlatformProvider.java:188)
	at org.apache.maven.surefire.junitplatform.JUnitPlatformProvider.invokeAllTests(JUnitPlatformProvider.java:154)
	at org.apache.maven.surefire.junitplatform.JUnitPlatformProvider.invoke(JUnitPlatformProvider.java:124)
	at org.apache.maven.surefire.booter.ForkedBooter.runSuitesInProcess(ForkedBooter.java:428)
	at org.apache.maven.surefire.booter.ForkedBooter.execute(ForkedBooter.java:162)
	at org.apache.maven.surefire.booter.ForkedBooter.run(ForkedBooter.java:562)
	at org.apache.maven.surefire.booter.ForkedBooter.main(ForkedBooter.java:548)
]]></error>
    <system-out><![CDATA[2023-09-29 12:52:11,851 [main] INFO  rpc.RpcClient (RpcClient.java:createVolume(462)) - Creating Volume: 577576f6-1147-41aa-976d-1fa6fa45caae, with runner as owner and space quota set to -1 bytes, counts quota set to -1
2023-09-29 12:52:11,854 [OM StateMachine ApplyTransaction Thread - 0] INFO  volume.OMVolumeCreateRequest (OMVolumeCreateRequest.java:validateAndUpdateCache(196)) - created volume:577576f6-1147-41aa-976d-1fa6fa45caae for user:runner
2023-09-29 12:52:11,856 [main] INFO  rpc.RpcClient (RpcClient.java:createBucket(689)) - Creating Bucket: 577576f6-1147-41aa-976d-1fa6fa45caae/ec9b6c88-30dc-4120-be5f-e0cdd2225132, with bucket layout OBJECT_STORE, runner as owner, Versioning false, Storage Type set to DISK and Encryption set to true, Replication Type set to server-side default replication type, Namespace Quota set to -1, Space Quota set to -1 
2023-09-29 12:52:11,859 [qtp1873189623-18] INFO  kms-audit (SimpleKMSAuditLogger.java:logAuditSimpleFormat(93)) - OK[op=GET_METADATA, key=key1, user=runner] 
2023-09-29 12:52:11,863 [OM StateMachine ApplyTransaction Thread - 0] INFO  bucket.OMBucketCreateRequest (OMBucketCreateRequest.java:validateAndUpdateCache(270)) - created bucket: ec9b6c88-30dc-4120-be5f-e0cdd2225132 of layout OBJECT_STORE in volume: 577576f6-1147-41aa-976d-1fa6fa45caae
2023-09-29 12:52:11,892 [IPC Server handler 3 on default port 15001] WARN  node.SCMNodeManager (SCMNodeManager.java:getNodesByAddress(1373)) - Cannot find node for address 127.0.0.1
2023-09-29 12:52:11,895 [IPC Server handler 10 on default port 15001] WARN  node.SCMNodeManager (SCMNodeManager.java:getNodesByAddress(1373)) - Cannot find node for address 127.0.0.1
2023-09-29 12:52:12,016 [IPC Server handler 16 on default port 15001] INFO  ha.SequenceIdGenerator (SequenceIdGenerator.java:getNextId(140)) - Allocate a batch for delTxnId, change lastId from 0 to 1000.
2023-09-29 12:52:15,916 [BlockDeletingService#0] INFO  interfaces.ContainerDeletionChoosingPolicyTemplate (ContainerDeletionChoosingPolicyTemplate.java:chooseContainerForBlockDeletion(85)) - Chosen 0/5000 blocks from 0 candidate containers.
2023-09-29 12:52:16,074 [BlockDeletingService#0] INFO  interfaces.ContainerDeletionChoosingPolicyTemplate (ContainerDeletionChoosingPolicyTemplate.java:chooseContainerForBlockDeletion(85)) - Chosen 0/5000 blocks from 0 candidate containers.
2023-09-29 12:52:16,566 [BlockDeletingService#0] INFO  interfaces.ContainerDeletionChoosingPolicyTemplate (ContainerDeletionChoosingPolicyTemplate.java:chooseContainerForBlockDeletion(85)) - Chosen 0/5000 blocks from 0 candidate containers.
2023-09-29 12:52:16,985 [BlockDeletingService#0] INFO  interfaces.ContainerDeletionChoosingPolicyTemplate (ContainerDeletionChoosingPolicyTemplate.java:chooseContainerForBlockDeletion(85)) - Chosen 0/5000 blocks from 0 candidate containers.
2023-09-29 12:52:17,456 [BlockDeletingService#0] INFO  interfaces.ContainerDeletionChoosingPolicyTemplate (ContainerDeletionChoosingPolicyTemplate.java:chooseContainerForBlockDeletion(85)) - Chosen 0/5000 blocks from 0 candidate containers.
2023-09-29 12:52:17,900 [BlockDeletingService#0] INFO  interfaces.ContainerDeletionChoosingPolicyTemplate (ContainerDeletionChoosingPolicyTemplate.java:chooseContainerForBlockDeletion(85)) - Chosen 0/5000 blocks from 0 candidate containers.
2023-09-29 12:52:18,374 [BlockDeletingService#0] INFO  interfaces.ContainerDeletionChoosingPolicyTemplate (ContainerDeletionChoosingPolicyTemplate.java:chooseContainerForBlockDeletion(85)) - Chosen 0/5000 blocks from 0 candidate containers.
2023-09-29 12:52:18,802 [BlockDeletingService#0] INFO  interfaces.ContainerDeletionChoosingPolicyTemplate (ContainerDeletionChoosingPolicyTemplate.java:chooseContainerForBlockDeletion(85)) - Chosen 0/5000 blocks from 0 candidate containers.
2023-09-29 12:52:19,180 [BlockDeletingService#0] INFO  interfaces.ContainerDeletionChoosingPolicyTemplate (ContainerDeletionChoosingPolicyTemplate.java:chooseContainerForBlockDeletion(85)) - Chosen 0/5000 blocks from 0 candidate containers.
2023-09-29 12:52:19,723 [BlockDeletingService#0] INFO  interfaces.ContainerDeletionChoosingPolicyTemplate (ContainerDeletionChoosingPolicyTemplate.java:chooseContainerForBlockDeletion(85)) - Chosen 0/5000 blocks from 0 candidate containers.
2023-09-29 12:52:22,381 [kms-audit_thread] INFO  kms-audit (SimpleKMSAuditLogger.java:logAuditEvent(59)) - OK[op=DECRYPT_EEK, key=key1, user=runner, accessCount=3, interval=52067ms] 
2023-09-29 12:53:15,917 [BlockDeletingService#1] INFO  interfaces.ContainerDeletionChoosingPolicyTemplate (ContainerDeletionChoosingPolicyTemplate.java:chooseContainerForBlockDeletion(85)) - Chosen 0/5000 blocks from 0 candidate containers.
2023-09-29 12:53:16,076 [BlockDeletingService#1] INFO  interfaces.ContainerDeletionChoosingPolicyTemplate (ContainerDeletionChoosingPolicyTemplate.java:chooseContainerForBlockDeletion(85)) - Chosen 0/5000 blocks from 0 candidate containers.
2023-09-29 12:53:16,569 [BlockDeletingService#1] INFO  interfaces.ContainerDeletionChoosingPolicyTemplate (ContainerDeletionChoosingPolicyTemplate.java:chooseContainerForBlockDeletion(85)) - Chosen 0/5000 blocks from 0 candidate containers.
2023-09-29 12:53:16,989 [BlockDeletingService#1] INFO  interfaces.ContainerDeletionChoosingPolicyTemplate (ContainerDeletionChoosingPolicyTemplate.java:chooseContainerForBlockDeletion(85)) - Chosen 0/5000 blocks from 0 candidate containers.
2023-09-29 12:53:17,458 [BlockDeletingService#1] INFO  interfaces.ContainerDeletionChoosingPolicyTemplate (ContainerDeletionChoosingPolicyTemplate.java:chooseContainerForBlockDeletion(85)) - Chosen 0/5000 blocks from 0 candidate containers.
2023-09-29 12:53:17,908 [BlockDeletingService#1] INFO  interfaces.ContainerDeletionChoosingPolicyTemplate (ContainerDeletionChoosingPolicyTemplate.java:chooseContainerForBlockDeletion(85)) - Chosen 0/5000 blocks from 0 candidate containers.
2023-09-29 12:53:18,377 [BlockDeletingService#1] INFO  interfaces.ContainerDeletionChoosingPolicyTemplate (ContainerDeletionChoosingPolicyTemplate.java:chooseContainerForBlockDeletion(85)) - Chosen 0/5000 blocks from 0 candidate containers.
2023-09-29 12:53:18,808 [BlockDeletingService#1] INFO  interfaces.ContainerDeletionChoosingPolicyTemplate (ContainerDeletionChoosingPolicyTemplate.java:chooseContainerForBlockDeletion(85)) - Chosen 0/5000 blocks from 0 candidate containers.
2023-09-29 12:53:19,183 [BlockDeletingService#0] INFO  interfaces.ContainerDeletionChoosingPolicyTemplate (ContainerDeletionChoosingPolicyTemplate.java:chooseContainerForBlockDeletion(85)) - Chosen 0/5000 blocks from 0 candidate containers.
2023-09-29 12:53:19,727 [BlockDeletingService#1] INFO  interfaces.ContainerDeletionChoosingPolicyTemplate (ContainerDeletionChoosingPolicyTemplate.java:chooseContainerForBlockDeletion(85)) - Chosen 0/5000 blocks from 0 candidate containers.
]]></system-out>
  </testcase>
  <testcase name="testKeyWithEncryptionAndGdpr(BucketLayout)[3]" classname="org.apache.hadoop.ozone.client.rpc.TestOzoneAtRestEncryption" time="0.308">
    <system-out><![CDATA[2023-09-29 12:53:52,320 [main] INFO  rpc.RpcClient (RpcClient.java:createVolume(462)) - Creating Volume: 071fb2b1-0171-4d21-822c-e72f9da5057c, with runner as owner and space quota set to -1 bytes, counts quota set to -1
2023-09-29 12:53:52,354 [OM StateMachine ApplyTransaction Thread - 0] INFO  volume.OMVolumeCreateRequest (OMVolumeCreateRequest.java:validateAndUpdateCache(196)) - created volume:071fb2b1-0171-4d21-822c-e72f9da5057c for user:runner
2023-09-29 12:53:52,358 [main] INFO  rpc.RpcClient (RpcClient.java:createBucket(689)) - Creating Bucket: 071fb2b1-0171-4d21-822c-e72f9da5057c/4aeceadb-6a81-49ed-ac1f-7fe977d82aa4, with bucket layout LEGACY, runner as owner, Versioning false, Storage Type set to DISK and Encryption set to true, Replication Type set to server-side default replication type, Namespace Quota set to -1, Space Quota set to -1 
2023-09-29 12:53:52,373 [qtp1873189623-17] INFO  kms-audit (SimpleKMSAuditLogger.java:logAuditSimpleFormat(93)) - OK[op=GET_METADATA, key=key1, user=runner] 
2023-09-29 12:53:52,381 [OM StateMachine ApplyTransaction Thread - 0] INFO  bucket.OMBucketCreateRequest (OMBucketCreateRequest.java:validateAndUpdateCache(270)) - created bucket: 4aeceadb-6a81-49ed-ac1f-7fe977d82aa4 of layout LEGACY in volume: 071fb2b1-0171-4d21-822c-e72f9da5057c
2023-09-29 12:53:52,453 [qtp1873189623-22] INFO  kms-audit (SimpleKMSAuditLogger.java:logAuditEvent(59)) - OK[op=DECRYPT_EEK, key=key1, user=runner, accessCount=1, interval=0ms] 
2023-09-29 12:53:52,550 [IPC Server handler 8 on default port 15001] WARN  node.SCMNodeManager (SCMNodeManager.java:getNodesByAddress(1373)) - Cannot find node for address 127.0.0.1
2023-09-29 12:53:52,555 [IPC Server handler 18 on default port 15001] WARN  node.SCMNodeManager (SCMNodeManager.java:getNodesByAddress(1373)) - Cannot find node for address 127.0.0.1
]]></system-out>
  </testcase>
  <testcase name="mpuOnePart(BucketLayout)[1]" classname="org.apache.hadoop.ozone.client.rpc.TestOzoneAtRestEncryption" time="0.559">
    <system-out><![CDATA[2023-09-29 12:53:52,629 [main] INFO  rpc.RpcClient (RpcClient.java:createVolume(462)) - Creating Volume: 96f9416f-9c6d-4e50-8619-daeb792c9dcb, with runner as owner and space quota set to -1 bytes, counts quota set to -1
2023-09-29 12:53:52,632 [OM StateMachine ApplyTransaction Thread - 0] INFO  volume.OMVolumeCreateRequest (OMVolumeCreateRequest.java:validateAndUpdateCache(196)) - created volume:96f9416f-9c6d-4e50-8619-daeb792c9dcb for user:runner
2023-09-29 12:53:52,634 [main] INFO  rpc.RpcClient (RpcClient.java:createBucket(689)) - Creating Bucket: 96f9416f-9c6d-4e50-8619-daeb792c9dcb/910197b3-b7b4-4a46-9900-ec8577b4b0c8, with bucket layout FILE_SYSTEM_OPTIMIZED, runner as owner, Versioning false, Storage Type set to DISK and Encryption set to true, Replication Type set to server-side default replication type, Namespace Quota set to -1, Space Quota set to -1 
2023-09-29 12:53:52,640 [qtp1873189623-22] INFO  kms-audit (SimpleKMSAuditLogger.java:logAuditSimpleFormat(93)) - OK[op=GET_METADATA, key=key1, user=runner] 
2023-09-29 12:53:52,644 [OM StateMachine ApplyTransaction Thread - 0] INFO  bucket.OMBucketCreateRequest (OMBucketCreateRequest.java:validateAndUpdateCache(270)) - created bucket: 910197b3-b7b4-4a46-9900-ec8577b4b0c8 of layout FILE_SYSTEM_OPTIMIZED in volume: 96f9416f-9c6d-4e50-8619-daeb792c9dcb
2023-09-29 12:53:52,916 [IPC Server handler 7 on default port 15001] WARN  node.SCMNodeManager (SCMNodeManager.java:getNodesByAddress(1373)) - Cannot find node for address 127.0.0.1
2023-09-29 12:53:52,917 [IPC Server handler 13 on default port 15001] WARN  node.SCMNodeManager (SCMNodeManager.java:getNodesByAddress(1373)) - Cannot find node for address 127.0.0.1
2023-09-29 12:53:52,918 [IPC Server handler 19 on default port 15001] WARN  node.SCMNodeManager (SCMNodeManager.java:getNodesByAddress(1373)) - Cannot find node for address 127.0.0.1
]]></system-out>
  </testcase>
  <testcase name="mpuOnePart(BucketLayout)[2]" classname="org.apache.hadoop.ozone.client.rpc.TestOzoneAtRestEncryption" time="0.597">
    <system-out><![CDATA[2023-09-29 12:53:53,194 [main] INFO  rpc.RpcClient (RpcClient.java:createVolume(462)) - Creating Volume: a53e5aa4-1a15-417c-8360-a852441fc3c3, with runner as owner and space quota set to -1 bytes, counts quota set to -1
2023-09-29 12:53:53,197 [OM StateMachine ApplyTransaction Thread - 0] INFO  volume.OMVolumeCreateRequest (OMVolumeCreateRequest.java:validateAndUpdateCache(196)) - created volume:a53e5aa4-1a15-417c-8360-a852441fc3c3 for user:runner
2023-09-29 12:53:53,201 [main] INFO  rpc.RpcClient (RpcClient.java:createBucket(689)) - Creating Bucket: a53e5aa4-1a15-417c-8360-a852441fc3c3/b9fc0e38-3943-4ad7-9f3c-7e76da4a2c1d, with bucket layout OBJECT_STORE, runner as owner, Versioning false, Storage Type set to DISK and Encryption set to true, Replication Type set to server-side default replication type, Namespace Quota set to -1, Space Quota set to -1 
2023-09-29 12:53:53,203 [qtp1873189623-15] INFO  kms-audit (SimpleKMSAuditLogger.java:logAuditSimpleFormat(93)) - OK[op=GET_METADATA, key=key1, user=runner] 
2023-09-29 12:53:53,206 [OM StateMachine ApplyTransaction Thread - 0] INFO  bucket.OMBucketCreateRequest (OMBucketCreateRequest.java:validateAndUpdateCache(270)) - created bucket: b9fc0e38-3943-4ad7-9f3c-7e76da4a2c1d of layout OBJECT_STORE in volume: a53e5aa4-1a15-417c-8360-a852441fc3c3
2023-09-29 12:53:53,432 [IPC Server handler 11 on default port 15001] WARN  node.SCMNodeManager (SCMNodeManager.java:getNodesByAddress(1373)) - Cannot find node for address 127.0.0.1
2023-09-29 12:53:53,433 [IPC Server handler 6 on default port 15001] WARN  node.SCMNodeManager (SCMNodeManager.java:getNodesByAddress(1373)) - Cannot find node for address 127.0.0.1
2023-09-29 12:53:53,434 [IPC Server handler 0 on default port 15001] WARN  node.SCMNodeManager (SCMNodeManager.java:getNodesByAddress(1373)) - Cannot find node for address 127.0.0.1
2023-09-29 12:53:53,434 [IPC Server handler 17 on default port 15001] WARN  node.SCMNodeManager (SCMNodeManager.java:getNodesByAddress(1373)) - Cannot find node for address 127.0.0.1
2023-09-29 12:53:53,435 [IPC Server handler 5 on default port 15001] WARN  node.SCMNodeManager (SCMNodeManager.java:getNodesByAddress(1373)) - Cannot find node for address 127.0.0.1
]]></system-out>
  </testcase>
  <testcase name="mpuOnePart(BucketLayout)[3]" classname="org.apache.hadoop.ozone.client.rpc.TestOzoneAtRestEncryption" time="0.5">
    <system-out><![CDATA[2023-09-29 12:53:53,798 [main] INFO  rpc.RpcClient (RpcClient.java:createVolume(462)) - Creating Volume: 134e9ef6-2385-4d25-9d32-b5027cde0421, with runner as owner and space quota set to -1 bytes, counts quota set to -1
2023-09-29 12:53:53,802 [OM StateMachine ApplyTransaction Thread - 0] INFO  volume.OMVolumeCreateRequest (OMVolumeCreateRequest.java:validateAndUpdateCache(196)) - created volume:134e9ef6-2385-4d25-9d32-b5027cde0421 for user:runner
2023-09-29 12:53:53,804 [main] INFO  rpc.RpcClient (RpcClient.java:createBucket(689)) - Creating Bucket: 134e9ef6-2385-4d25-9d32-b5027cde0421/ab9a126a-c9df-4f84-b5e0-5626c54a0813, with bucket layout LEGACY, runner as owner, Versioning false, Storage Type set to DISK and Encryption set to true, Replication Type set to server-side default replication type, Namespace Quota set to -1, Space Quota set to -1 
2023-09-29 12:53:53,807 [qtp1873189623-22] INFO  kms-audit (SimpleKMSAuditLogger.java:logAuditSimpleFormat(93)) - OK[op=GET_METADATA, key=key1, user=runner] 
2023-09-29 12:53:53,810 [OM StateMachine ApplyTransaction Thread - 0] INFO  bucket.OMBucketCreateRequest (OMBucketCreateRequest.java:validateAndUpdateCache(270)) - created bucket: ab9a126a-c9df-4f84-b5e0-5626c54a0813 of layout LEGACY in volume: 134e9ef6-2385-4d25-9d32-b5027cde0421
2023-09-29 12:53:53,979 [IPC Server handler 4 on default port 15001] WARN  node.SCMNodeManager (SCMNodeManager.java:getNodesByAddress(1373)) - Cannot find node for address 127.0.0.1
2023-09-29 12:53:53,980 [IPC Server handler 12 on default port 15001] WARN  node.SCMNodeManager (SCMNodeManager.java:getNodesByAddress(1373)) - Cannot find node for address 127.0.0.1
2023-09-29 12:53:53,982 [IPC Server handler 1 on default port 15001] WARN  node.SCMNodeManager (SCMNodeManager.java:getNodesByAddress(1373)) - Cannot find node for address 127.0.0.1
2023-09-29 12:53:53,983 [IPC Server handler 11 on default port 15001] WARN  node.SCMNodeManager (SCMNodeManager.java:getNodesByAddress(1373)) - Cannot find node for address 127.0.0.1
]]></system-out>
  </testcase>
  <testcase name="mpuTwoParts(BucketLayout)[1]" classname="org.apache.hadoop.ozone.client.rpc.TestOzoneAtRestEncryption" time="1.067">
    <system-out><![CDATA[2023-09-29 12:53:54,298 [main] INFO  rpc.RpcClient (RpcClient.java:createVolume(462)) - Creating Volume: 4d13bca3-8563-4133-be4e-1740319ed0e4, with runner as owner and space quota set to -1 bytes, counts quota set to -1
2023-09-29 12:53:54,306 [OM StateMachine ApplyTransaction Thread - 0] INFO  volume.OMVolumeCreateRequest (OMVolumeCreateRequest.java:validateAndUpdateCache(196)) - created volume:4d13bca3-8563-4133-be4e-1740319ed0e4 for user:runner
2023-09-29 12:53:54,308 [main] INFO  rpc.RpcClient (RpcClient.java:createBucket(689)) - Creating Bucket: 4d13bca3-8563-4133-be4e-1740319ed0e4/8514e151-37e2-4dae-ba47-58492e451352, with bucket layout FILE_SYSTEM_OPTIMIZED, runner as owner, Versioning false, Storage Type set to DISK and Encryption set to true, Replication Type set to server-side default replication type, Namespace Quota set to -1, Space Quota set to -1 
2023-09-29 12:53:54,311 [qtp1873189623-15] INFO  kms-audit (SimpleKMSAuditLogger.java:logAuditSimpleFormat(93)) - OK[op=GET_METADATA, key=key1, user=runner] 
2023-09-29 12:53:54,315 [OM StateMachine ApplyTransaction Thread - 0] INFO  bucket.OMBucketCreateRequest (OMBucketCreateRequest.java:validateAndUpdateCache(270)) - created bucket: 8514e151-37e2-4dae-ba47-58492e451352 of layout FILE_SYSTEM_OPTIMIZED in volume: 4d13bca3-8563-4133-be4e-1740319ed0e4
2023-09-29 12:53:54,714 [OM StateMachine ApplyTransaction Thread - 0] DEBUG db.CodecBuffer (CodecBuffer.java:setCapacity(254)) - setCapacity: 4096 -> 10923, max=2147483647
2023-09-29 12:53:54,719 [IPC Server handler 15 on default port 15001] WARN  node.SCMNodeManager (SCMNodeManager.java:getNodesByAddress(1373)) - Cannot find node for address 127.0.0.1
2023-09-29 12:53:54,720 [IPC Server handler 14 on default port 15001] WARN  node.SCMNodeManager (SCMNodeManager.java:getNodesByAddress(1373)) - Cannot find node for address 127.0.0.1
2023-09-29 12:53:54,721 [IPC Server handler 4 on default port 15001] WARN  node.SCMNodeManager (SCMNodeManager.java:getNodesByAddress(1373)) - Cannot find node for address 127.0.0.1
2023-09-29 12:53:54,722 [IPC Server handler 12 on default port 15001] WARN  node.SCMNodeManager (SCMNodeManager.java:getNodesByAddress(1373)) - Cannot find node for address 127.0.0.1
2023-09-29 12:53:54,722 [IPC Server handler 1 on default port 15001] WARN  node.SCMNodeManager (SCMNodeManager.java:getNodesByAddress(1373)) - Cannot find node for address 127.0.0.1
2023-09-29 12:53:54,723 [IPC Server handler 11 on default port 15001] WARN  node.SCMNodeManager (SCMNodeManager.java:getNodesByAddress(1373)) - Cannot find node for address 127.0.0.1
2023-09-29 12:53:54,724 [IPC Server handler 6 on default port 15001] WARN  node.SCMNodeManager (SCMNodeManager.java:getNodesByAddress(1373)) - Cannot find node for address 127.0.0.1
]]></system-out>
  </testcase>
  <testcase name="mpuTwoParts(BucketLayout)[2]" classname="org.apache.hadoop.ozone.client.rpc.TestOzoneAtRestEncryption" time="1.018">
    <system-out><![CDATA[2023-09-29 12:53:55,367 [main] INFO  rpc.RpcClient (RpcClient.java:createVolume(462)) - Creating Volume: 6affe6ad-5ebb-442d-a0cd-354767fe9a14, with runner as owner and space quota set to -1 bytes, counts quota set to -1
2023-09-29 12:53:55,373 [OM StateMachine ApplyTransaction Thread - 0] INFO  volume.OMVolumeCreateRequest (OMVolumeCreateRequest.java:validateAndUpdateCache(196)) - created volume:6affe6ad-5ebb-442d-a0cd-354767fe9a14 for user:runner
2023-09-29 12:53:55,376 [main] INFO  rpc.RpcClient (RpcClient.java:createBucket(689)) - Creating Bucket: 6affe6ad-5ebb-442d-a0cd-354767fe9a14/c8dedd8e-7800-4be4-a9d4-166f153c5007, with bucket layout OBJECT_STORE, runner as owner, Versioning false, Storage Type set to DISK and Encryption set to true, Replication Type set to server-side default replication type, Namespace Quota set to -1, Space Quota set to -1 
2023-09-29 12:53:55,378 [qtp1873189623-22] INFO  kms-audit (SimpleKMSAuditLogger.java:logAuditSimpleFormat(93)) - OK[op=GET_METADATA, key=key1, user=runner] 
2023-09-29 12:53:55,382 [OM StateMachine ApplyTransaction Thread - 0] INFO  bucket.OMBucketCreateRequest (OMBucketCreateRequest.java:validateAndUpdateCache(270)) - created bucket: c8dedd8e-7800-4be4-a9d4-166f153c5007 of layout OBJECT_STORE in volume: 6affe6ad-5ebb-442d-a0cd-354767fe9a14
2023-09-29 12:53:55,744 [OM StateMachine ApplyTransaction Thread - 0] DEBUG db.CodecBuffer (CodecBuffer.java:setCapacity(254)) - setCapacity: 4096 -> 10909, max=2147483647
2023-09-29 12:53:55,748 [IPC Server handler 17 on default port 15001] WARN  node.SCMNodeManager (SCMNodeManager.java:getNodesByAddress(1373)) - Cannot find node for address 127.0.0.1
2023-09-29 12:53:55,749 [IPC Server handler 5 on default port 15001] WARN  node.SCMNodeManager (SCMNodeManager.java:getNodesByAddress(1373)) - Cannot find node for address 127.0.0.1
2023-09-29 12:53:55,749 [IPC Server handler 8 on default port 15001] WARN  node.SCMNodeManager (SCMNodeManager.java:getNodesByAddress(1373)) - Cannot find node for address 127.0.0.1
2023-09-29 12:53:55,750 [IPC Server handler 18 on default port 15001] WARN  node.SCMNodeManager (SCMNodeManager.java:getNodesByAddress(1373)) - Cannot find node for address 127.0.0.1
2023-09-29 12:53:55,751 [IPC Server handler 2 on default port 15001] WARN  node.SCMNodeManager (SCMNodeManager.java:getNodesByAddress(1373)) - Cannot find node for address 127.0.0.1
2023-09-29 12:53:55,751 [IPC Server handler 9 on default port 15001] WARN  node.SCMNodeManager (SCMNodeManager.java:getNodesByAddress(1373)) - Cannot find node for address 127.0.0.1
2023-09-29 12:53:55,752 [IPC Server handler 3 on default port 15001] WARN  node.SCMNodeManager (SCMNodeManager.java:getNodesByAddress(1373)) - Cannot find node for address 127.0.0.1
]]></system-out>
  </testcase>
  <testcase name="mpuTwoParts(BucketLayout)[3]" classname="org.apache.hadoop.ozone.client.rpc.TestOzoneAtRestEncryption" time="0.869">
    <system-out><![CDATA[2023-09-29 12:53:56,386 [main] INFO  rpc.RpcClient (RpcClient.java:createVolume(462)) - Creating Volume: 49bdd3a1-a1ee-4349-844d-088fc4ac7322, with runner as owner and space quota set to -1 bytes, counts quota set to -1
2023-09-29 12:53:56,389 [OM StateMachine ApplyTransaction Thread - 0] INFO  volume.OMVolumeCreateRequest (OMVolumeCreateRequest.java:validateAndUpdateCache(196)) - created volume:49bdd3a1-a1ee-4349-844d-088fc4ac7322 for user:runner
2023-09-29 12:53:56,390 [main] INFO  rpc.RpcClient (RpcClient.java:createBucket(689)) - Creating Bucket: 49bdd3a1-a1ee-4349-844d-088fc4ac7322/46784ed5-21e3-4154-b9b5-a0c782bb490b, with bucket layout LEGACY, runner as owner, Versioning false, Storage Type set to DISK and Encryption set to true, Replication Type set to server-side default replication type, Namespace Quota set to -1, Space Quota set to -1 
2023-09-29 12:53:56,393 [qtp1873189623-15] INFO  kms-audit (SimpleKMSAuditLogger.java:logAuditSimpleFormat(93)) - OK[op=GET_METADATA, key=key1, user=runner] 
2023-09-29 12:53:56,395 [OM StateMachine ApplyTransaction Thread - 0] INFO  bucket.OMBucketCreateRequest (OMBucketCreateRequest.java:validateAndUpdateCache(270)) - created bucket: 46784ed5-21e3-4154-b9b5-a0c782bb490b of layout LEGACY in volume: 49bdd3a1-a1ee-4349-844d-088fc4ac7322
2023-09-29 12:53:56,709 [OM StateMachine ApplyTransaction Thread - 0] DEBUG db.CodecBuffer (CodecBuffer.java:setCapacity(254)) - setCapacity: 4096 -> 10888, max=2147483647
2023-09-29 12:53:56,713 [IPC Server handler 5 on default port 15001] WARN  node.SCMNodeManager (SCMNodeManager.java:getNodesByAddress(1373)) - Cannot find node for address 127.0.0.1
2023-09-29 12:53:56,713 [IPC Server handler 8 on default port 15001] WARN  node.SCMNodeManager (SCMNodeManager.java:getNodesByAddress(1373)) - Cannot find node for address 127.0.0.1
2023-09-29 12:53:56,714 [IPC Server handler 18 on default port 15001] WARN  node.SCMNodeManager (SCMNodeManager.java:getNodesByAddress(1373)) - Cannot find node for address 127.0.0.1
2023-09-29 12:53:56,715 [IPC Server handler 2 on default port 15001] WARN  node.SCMNodeManager (SCMNodeManager.java:getNodesByAddress(1373)) - Cannot find node for address 127.0.0.1
2023-09-29 12:53:56,715 [IPC Server handler 9 on default port 15001] WARN  node.SCMNodeManager (SCMNodeManager.java:getNodesByAddress(1373)) - Cannot find node for address 127.0.0.1
2023-09-29 12:53:56,716 [IPC Server handler 3 on default port 15001] WARN  node.SCMNodeManager (SCMNodeManager.java:getNodesByAddress(1373)) - Cannot find node for address 127.0.0.1
2023-09-29 12:53:56,717 [IPC Server handler 10 on default port 15001] WARN  node.SCMNodeManager (SCMNodeManager.java:getNodesByAddress(1373)) - Cannot find node for address 127.0.0.1
]]></system-out>
  </testcase>
</testsuite>