<?xml version="1.0" encoding="UTF-8"?>
<testsuite xmlns:xsi="http://www.w3.org/2001/XMLSchema-instance" xsi:noNamespaceSchemaLocation="https://maven.apache.org/surefire/maven-surefire-plugin/xsd/surefire-test-report-3.0.xsd" version="3.0" name="org.apache.hadoop.hdds.scm.container.balancer.TestContainerBalancerTask" time="7.833" tests="24" errors="1" skipped="0" failures="0">
  <properties>
    <property name="awt.toolkit" value="sun.awt.X11.XToolkit"/>
    <property name="file.encoding.pkg" value="sun.io"/>
    <property name="java.specification.version" value="1.8"/>
    <property name="sun.cpu.isalist" value=""/>
    <property name="sun.jnu.encoding" value="UTF-8"/>
    <property name="java.class.path" value="/home/runner/work/ozone/ozone/hadoop-hdds/server-scm/target/test-classes:/home/runner/work/ozone/ozone/hadoop-hdds/server-scm/target/classes:/home/runner/work/ozone/ozone/hadoop-hdds/test-utils/target/classes:/home/runner/.m2/repository/com/google/guava/guava/32.0.0-jre/guava-32.0.0-jre.jar:/home/runner/.m2/repository/com/google/guava/failureaccess/1.0.1/failureaccess-1.0.1.jar:/home/runner/.m2/repository/com/google/guava/listenablefuture/9999.0-empty-to-avoid-conflict-with-guava/listenablefuture-9999.0-empty-to-avoid-conflict-with-guava.jar:/home/runner/.m2/repository/org/checkerframework/checker-qual/3.33.0/checker-qual-3.33.0.jar:/home/runner/.m2/repository/com/google/errorprone/error_prone_annotations/2.2.0/error_prone_annotations-2.2.0.jar:/home/runner/.m2/repository/com/google/j2objc/j2objc-annotations/2.8/j2objc-annotations-2.8.jar:/home/runner/.m2/repository/commons-io/commons-io/2.11.0/commons-io-2.11.0.jar:/home/runner/.m2/repository/commons-logging/commons-logging/1.2/commons-logging-1.2.jar:/home/runner/.m2/repository/ch/qos/reload4j/reload4j/1.2.22/reload4j-1.2.22.jar:/home/runner/.m2/repository/org/apache/commons/commons-lang3/3.7/commons-lang3-3.7.jar:/home/runner/.m2/repository/org/slf4j/slf4j-api/1.7.36/slf4j-api-1.7.36.jar:/home/runner/.m2/repository/org/apache/logging/log4j/log4j-api/2.17.1/log4j-api-2.17.1.jar:/home/runner/work/ozone/ozone/hadoop-hdds/common/target/classes:/home/runner/work/ozone/ozone/hadoop-hdds/hadoop-dependency-client/target/classes:/home/runner/.m2/repository/info/picocli/picocli/4.6.1/picocli-4.6.1.jar:/home/runner/.m2/repository/com/fasterxml/jackson/core/jackson-annotations/2.13.4/jackson-annotations-2.13.4.jar:/home/runner/.m2/repository/com/fasterxml/jackson/datatype/jackson-datatype-jsr310/2.13.4/jackson-datatype-jsr310-2.13.4.jar:/home/runner/.m2/repository/com/fasterxml/jackson/core/jackson-core/2.13.4/jackson-core-2.13.4.jar:/home/runner/work/ozone/ozone/hadoop-hdds/annotations/target/classes:/home/runner/work/ozone/ozone/hadoop-hdds/config/target/classes:/home/runner/.m2/repository/javax/annotation/javax.annotation-api/1.2/javax.annotation-api-1.2.jar:/home/runner/.m2/repository/org/apache/ratis/ratis-server/2.5.1/ratis-server-2.5.1.jar:/home/runner/.m2/repository/org/apache/ratis/ratis-thirdparty-misc/1.0.4/ratis-thirdparty-misc-1.0.4.jar:/home/runner/.m2/repository/org/apache/ratis/ratis-proto/2.5.1/ratis-proto-2.5.1.jar:/home/runner/.m2/repository/org/apache/ratis/ratis-common/2.5.1/ratis-common-2.5.1.jar:/home/runner/.m2/repository/org/apache/ratis/ratis-client/2.5.1/ratis-client-2.5.1.jar:/home/runner/.m2/repository/org/apache/ratis/ratis-server-api/2.5.1/ratis-server-api-2.5.1.jar:/home/runner/.m2/repository/org/apache/ratis/ratis-metrics/2.5.1/ratis-metrics-2.5.1.jar:/home/runner/.m2/repository/org/apache/ratis/ratis-netty/2.5.1/ratis-netty-2.5.1.jar:/home/runner/.m2/repository/org/apache/ratis/ratis-grpc/2.5.1/ratis-grpc-2.5.1.jar:/home/runner/.m2/repository/org/apache/commons/commons-pool2/2.6.0/commons-pool2-2.6.0.jar:/home/runner/.m2/repository/org/bouncycastle/bcpkix-jdk15on/1.67/bcpkix-jdk15on-1.67.jar:/home/runner/.m2/repository/commons-validator/commons-validator/1.6/commons-validator-1.6.jar:/home/runner/.m2/repository/commons-beanutils/commons-beanutils/1.9.4/commons-beanutils-1.9.4.jar:/home/runner/.m2/repository/commons-digester/commons-digester/1.8.1/commons-digester-1.8.1.jar:/home/runner/.m2/repository/commons-collections/commons-collections/3.2.2/commons-collections-3.2.2.jar:/home/runner/.m2/repository/io/jaegertracing/jaeger-client/1.6.0/jaeger-client-1.6.0.jar:/home/runner/.m2/repository/io/jaegertracing/jaeger-thrift/1.6.0/jaeger-thrift-1.6.0.jar:/home/runner/.m2/repository/org/apache/thrift/libthrift/0.14.1/libthrift-0.14.1.jar:/home/runner/.m2/repository/io/jaegertracing/jaeger-core/1.6.0/jaeger-core-1.6.0.jar:/home/runner/.m2/repository/io/jaegertracing/jaeger-tracerresolver/1.6.0/jaeger-tracerresolver-1.6.0.jar:/home/runner/.m2/repository/io/opentracing/contrib/opentracing-tracerresolver/0.1.8/opentracing-tracerresolver-0.1.8.jar:/home/runner/.m2/repository/org/jetbrains/kotlin/kotlin-stdlib/1.6.21/kotlin-stdlib-1.6.21.jar:/home/runner/.m2/repository/org/jetbrains/annotations/13.0/annotations-13.0.jar:/home/runner/.m2/repository/io/opentracing/opentracing-util/0.33.0/opentracing-util-0.33.0.jar:/home/runner/.m2/repository/io/opentracing/opentracing-api/0.33.0/opentracing-api-0.33.0.jar:/home/runner/.m2/repository/io/opentracing/opentracing-noop/0.33.0/opentracing-noop-0.33.0.jar:/home/runner/.m2/repository/org/yaml/snakeyaml/2.0/snakeyaml-2.0.jar:/home/runner/.m2/repository/org/reflections/reflections/0.9.11/reflections-0.9.11.jar:/home/runner/.m2/repository/org/javassist/javassist/3.21.0-GA/javassist-3.21.0-GA.jar:/home/runner/work/ozone/ozone/hadoop-hdds/interface-client/target/classes:/home/runner/.m2/repository/org/apache/hadoop/thirdparty/hadoop-shaded-protobuf_3_7/1.1.1/hadoop-shaded-protobuf_3_7-1.1.1.jar:/home/runner/work/ozone/ozone/hadoop-hdds/interface-admin/target/classes:/home/runner/.m2/repository/io/grpc/grpc-api/1.51.1/grpc-api-1.51.1.jar:/home/runner/.m2/repository/io/grpc/grpc-context/1.51.1/grpc-context-1.51.1.jar:/home/runner/work/ozone/ozone/hadoop-hdds/container-service/target/classes:/home/runner/.m2/repository/org/apache/commons/commons-compress/1.21/commons-compress-1.21.jar:/home/runner/.m2/repository/com/github/luben/zstd-jni/1.5.2-5/zstd-jni-1.5.2-5.jar:/home/runner/.m2/repository/commons-codec/commons-codec/1.15/commons-codec-1.15.jar:/home/runner/.m2/repository/javax/xml/bind/jaxb-api/2.3.0/jaxb-api-2.3.0.jar:/home/runner/.m2/repository/org/glassfish/jaxb/jaxb-runtime/2.3.0.1/jaxb-runtime-2.3.0.1.jar:/home/runner/.m2/repository/org/glassfish/jaxb/jaxb-core/2.3.0.1/jaxb-core-2.3.0.1.jar:/home/runner/.m2/repository/org/glassfish/jaxb/txw2/2.3.0.1/txw2-2.3.0.1.jar:/home/runner/.m2/repository/com/sun/istack/istack-commons-runtime/3.0.5/istack-commons-runtime-3.0.5.jar:/home/runner/.m2/repository/org/jvnet/staxex/stax-ex/1.7.8/stax-ex-1.7.8.jar:/home/runner/.m2/repository/com/sun/xml/fastinfoset/FastInfoset/1.2.13/FastInfoset-1.2.13.jar:/home/runner/.m2/repository/io/netty/netty-transport/4.1.94.Final/netty-transport-4.1.94.Final.jar:/home/runner/.m2/repository/io/netty/netty-common/4.1.94.Final/netty-common-4.1.94.Final.jar:/home/runner/.m2/repository/io/netty/netty-buffer/4.1.94.Final/netty-buffer-4.1.94.Final.jar:/home/runner/.m2/repository/io/netty/netty-resolver/4.1.94.Final/netty-resolver-4.1.94.Final.jar:/home/runner/.m2/repository/io/netty/netty-codec/4.1.94.Final/netty-codec-4.1.94.Final.jar:/home/runner/.m2/repository/io/netty/netty-handler/4.1.94.Final/netty-handler-4.1.94.Final.jar:/home/runner/.m2/repository/io/netty/netty-transport-native-unix-common/4.1.94.Final/netty-transport-native-unix-common-4.1.94.Final.jar:/home/runner/work/ozone/ozone/hadoop-hdds/client/target/classes:/home/runner/work/ozone/ozone/hadoop-hdds/erasurecode/target/classes:/home/runner/work/ozone/ozone/hadoop-hdds/hadoop-dependency-server/target/classes:/home/runner/.m2/repository/org/apache/hadoop/hadoop-annotations/3.3.6/hadoop-annotations-3.3.6.jar:/usr/lib/jvm/temurin-8-jdk-amd64/jre/../lib/tools.jar:/home/runner/.m2/repository/org/apache/hadoop/hadoop-common/3.3.6/hadoop-common-3.3.6.jar:/home/runner/.m2/repository/org/apache/hadoop/thirdparty/hadoop-shaded-guava/1.1.1/hadoop-shaded-guava-1.1.1.jar:/home/runner/.m2/repository/org/apache/httpcomponents/httpclient/4.5.13/httpclient-4.5.13.jar:/home/runner/.m2/repository/org/apache/httpcomponents/httpcore/4.4.13/httpcore-4.4.13.jar:/home/runner/.m2/repository/commons-net/commons-net/3.9.0/commons-net-3.9.0.jar:/home/runner/.m2/repository/javax/servlet/javax.servlet-api/3.1.0/javax.servlet-api-3.1.0.jar:/home/runner/.m2/repository/jakarta/activation/jakarta.activation-api/1.2.2/jakarta.activation-api-1.2.2.jar:/home/runner/.m2/repository/javax/servlet/jsp/jsp-api/2.1/jsp-api-2.1.jar:/home/runner/.m2/repository/com/sun/jersey/jersey-core/1.19/jersey-core-1.19.jar:/home/runner/.m2/repository/javax/ws/rs/jsr311-api/1.1.1/jsr311-api-1.1.1.jar:/home/runner/.m2/repository/com/sun/jersey/jersey-servlet/1.19/jersey-servlet-1.19.jar:/home/runner/.m2/repository/com/sun/jersey/jersey-server/1.19/jersey-server-1.19.jar:/home/runner/.m2/repository/com/google/re2j/re2j/1.1/re2j-1.1.jar:/home/runner/.m2/repository/com/google/code/gson/gson/2.9.0/gson-2.9.0.jar:/home/runner/.m2/repository/org/apache/hadoop/hadoop-auth/3.3.6/hadoop-auth-3.3.6.jar:/home/runner/.m2/repository/com/nimbusds/nimbus-jose-jwt/9.8.1/nimbus-jose-jwt-9.8.1.jar:/home/runner/.m2/repository/com/github/stephenc/jcip/jcip-annotations/1.0-1/jcip-annotations-1.0-1.jar:/home/runner/.m2/repository/com/jcraft/jsch/0.1.54/jsch-0.1.54.jar:/home/runner/.m2/repository/org/apache/kerby/kerb-core/1.0.1/kerb-core-1.0.1.jar:/home/runner/.m2/repository/org/apache/kerby/kerby-pkix/1.0.1/kerby-pkix-1.0.1.jar:/home/runner/.m2/repository/org/apache/kerby/kerby-asn1/1.0.1/kerby-asn1-1.0.1.jar:/home/runner/.m2/repository/org/apache/kerby/kerby-util/1.0.1/kerby-util-1.0.1.jar:/home/runner/.m2/repository/org/codehaus/woodstox/stax2-api/4.2.1/stax2-api-4.2.1.jar:/home/runner/.m2/repository/com/fasterxml/woodstox/woodstox-core/5.4.0/woodstox-core-5.4.0.jar:/home/runner/.m2/repository/dnsjava/dnsjava/2.1.7/dnsjava-2.1.7.jar:/home/runner/.m2/repository/org/xerial/snappy/snappy-java/1.1.8.2/snappy-java-1.1.8.2.jar:/home/runner/.m2/repository/commons-cli/commons-cli/1.2/commons-cli-1.2.jar:/home/runner/.m2/repository/org/apache/hadoop/hadoop-hdfs/3.3.6/hadoop-hdfs-3.3.6.jar:/home/runner/.m2/repository/org/eclipse/jetty/jetty-util-ajax/9.4.51.v20230217/jetty-util-ajax-9.4.51.v20230217.jar:/home/runner/.m2/repository/commons-daemon/commons-daemon/1.0.13/commons-daemon-1.0.13.jar:/home/runner/work/ozone/ozone/hadoop-hdds/framework/target/classes:/home/runner/work/ozone/ozone/hadoop-hdds/interface-server/target/classes:/home/runner/work/ozone/ozone/hadoop-hdds/managed-rocksdb/target/classes:/home/runner/.m2/repository/org/rocksdb/rocksdbjni/7.7.3/rocksdbjni-7.7.3.jar:/home/runner/.m2/repository/org/slf4j/slf4j-reload4j/1.7.36/slf4j-reload4j-1.7.36.jar:/home/runner/.m2/repository/org/apache/commons/commons-configuration2/2.1.1/commons-configuration2-2.1.1.jar:/home/runner/.m2/repository/commons-fileupload/commons-fileupload/1.5/commons-fileupload-1.5.jar:/home/runner/.m2/repository/org/apache/logging/log4j/log4j-core/2.17.1/log4j-core-2.17.1.jar:/home/runner/.m2/repository/com/lmax/disruptor/3.4.2/disruptor-3.4.2.jar:/home/runner/.m2/repository/org/eclipse/jetty/jetty-util/9.4.51.v20230217/jetty-util-9.4.51.v20230217.jar:/home/runner/.m2/repository/org/eclipse/jetty/jetty-server/9.4.51.v20230217/jetty-server-9.4.51.v20230217.jar:/home/runner/.m2/repository/org/eclipse/jetty/jetty-http/9.4.51.v20230217/jetty-http-9.4.51.v20230217.jar:/home/runner/.m2/repository/org/eclipse/jetty/jetty-io/9.4.51.v20230217/jetty-io-9.4.51.v20230217.jar:/home/runner/.m2/repository/org/eclipse/jetty/jetty-servlet/9.4.51.v20230217/jetty-servlet-9.4.51.v20230217.jar:/home/runner/.m2/repository/org/eclipse/jetty/jetty-security/9.4.51.v20230217/jetty-security-9.4.51.v20230217.jar:/home/runner/.m2/repository/org/eclipse/jetty/jetty-webapp/9.4.51.v20230217/jetty-webapp-9.4.51.v20230217.jar:/home/runner/.m2/repository/org/eclipse/jetty/jetty-xml/9.4.51.v20230217/jetty-xml-9.4.51.v20230217.jar:/home/runner/.m2/repository/io/prometheus/simpleclient_dropwizard/0.7.0/simpleclient_dropwizard-0.7.0.jar:/home/runner/.m2/repository/io/prometheus/simpleclient/0.7.0/simpleclient-0.7.0.jar:/home/runner/.m2/repository/io/prometheus/simpleclient_common/0.7.0/simpleclient_common-0.7.0.jar:/home/runner/work/ozone/ozone/hadoop-hdds/rocksdb-checkpoint-differ/target/classes:/home/runner/work/ozone/ozone/hadoop-hdds/rocks-native/target/classes:/home/runner/.m2/repository/org/jgrapht/jgrapht-core/1.0.1/jgrapht-core-1.0.1.jar:/home/runner/.m2/repository/org/jgrapht/jgrapht-ext/1.0.1/jgrapht-ext-1.0.1.jar:/home/runner/.m2/repository/org/tinyjee/jgraphx/jgraphx/2.0.0.1/jgraphx-2.0.0.1.jar:/home/runner/.m2/repository/jgraph/jgraph/5.13.0.0/jgraph-5.13.0.0.jar:/home/runner/.m2/repository/org/antlr/antlr4-runtime/4.5.3/antlr4-runtime-4.5.3.jar:/home/runner/.m2/repository/org/awaitility/awaitility/4.2.0/awaitility-4.2.0.jar:/home/runner/.m2/repository/org/hamcrest/hamcrest/2.1/hamcrest-2.1.jar:/home/runner/work/ozone/ozone/hadoop-hdds/docs/target/classes:/home/runner/.m2/repository/io/dropwizard/metrics/metrics-core/3.2.4/metrics-core-3.2.4.jar:/home/runner/.m2/repository/com/github/spotbugs/spotbugs-annotations/3.1.12/spotbugs-annotations-3.1.12.jar:/home/runner/.m2/repository/com/google/code/findbugs/jsr305/3.0.0/jsr305-3.0.0.jar:/home/runner/.m2/repository/org/apache/commons/commons-math3/3.1.1/commons-math3-3.1.1.jar:/home/runner/.m2/repository/org/apache/commons/commons-text/1.10.0/commons-text-1.10.0.jar:/home/runner/.m2/repository/org/apache/hadoop/hadoop-hdfs-client/3.3.6/hadoop-hdfs-client-3.3.6.jar:/home/runner/.m2/repository/com/squareup/okhttp3/okhttp/4.9.3/okhttp-4.9.3.jar:/home/runner/.m2/repository/com/squareup/okio/okio/3.4.0/okio-3.4.0.jar:/home/runner/.m2/repository/com/squareup/okio/okio-jvm/3.4.0/okio-jvm-3.4.0.jar:/home/runner/.m2/repository/org/jetbrains/kotlin/kotlin-stdlib-jdk8/1.8.0/kotlin-stdlib-jdk8-1.8.0.jar:/home/runner/.m2/repository/org/jetbrains/kotlin/kotlin-stdlib-jdk7/1.8.0/kotlin-stdlib-jdk7-1.8.0.jar:/home/runner/.m2/repository/org/jetbrains/kotlin/kotlin-stdlib-common/1.6.21/kotlin-stdlib-common-1.6.21.jar:/home/runner/.m2/repository/com/fasterxml/jackson/core/jackson-databind/2.13.4.2/jackson-databind-2.13.4.2.jar:/home/runner/work/ozone/ozone/hadoop-hdds/container-service/target/test-classes:/home/runner/work/ozone/ozone/hadoop-hdds/common/target/test-classes:/home/runner/.m2/repository/org/hamcrest/hamcrest-core/1.3/hamcrest-core-1.3.jar:/home/runner/.m2/repository/org/assertj/assertj-core/3.12.2/assertj-core-3.12.2.jar:/home/runner/.m2/repository/org/mockito/mockito-core/3.5.9/mockito-core-3.5.9.jar:/home/runner/.m2/repository/net/bytebuddy/byte-buddy/1.10.13/byte-buddy-1.10.13.jar:/home/runner/.m2/repository/net/bytebuddy/byte-buddy-agent/1.10.13/byte-buddy-agent-1.10.13.jar:/home/runner/.m2/repository/org/objenesis/objenesis/1.0/objenesis-1.0.jar:/home/runner/.m2/repository/org/hamcrest/hamcrest-all/1.3/hamcrest-all-1.3.jar:/home/runner/.m2/repository/org/bouncycastle/bcprov-jdk15on/1.67/bcprov-jdk15on-1.67.jar:/home/runner/work/ozone/ozone/hadoop-hdds/hadoop-dependency-test/target/classes:/home/runner/.m2/repository/org/apache/hadoop/hadoop-common/3.3.6/hadoop-common-3.3.6-tests.jar:/home/runner/.m2/repository/org/apache/hadoop/hadoop-hdfs/3.3.6/hadoop-hdfs-3.3.6-tests.jar:/home/runner/.m2/repository/com/google/protobuf/protobuf-java/2.5.0/protobuf-java-2.5.0.jar:/home/runner/.m2/repository/org/junit/jupiter/junit-jupiter-api/5.8.2/junit-jupiter-api-5.8.2.jar:/home/runner/.m2/repository/org/opentest4j/opentest4j/1.2.0/opentest4j-1.2.0.jar:/home/runner/.m2/repository/org/junit/platform/junit-platform-commons/1.8.2/junit-platform-commons-1.8.2.jar:/home/runner/.m2/repository/org/apiguardian/apiguardian-api/1.1.2/apiguardian-api-1.1.2.jar:/home/runner/.m2/repository/org/junit/jupiter/junit-jupiter-engine/5.8.2/junit-jupiter-engine-5.8.2.jar:/home/runner/.m2/repository/org/junit/platform/junit-platform-engine/1.8.2/junit-platform-engine-1.8.2.jar:/home/runner/.m2/repository/org/junit/vintage/junit-vintage-engine/5.8.2/junit-vintage-engine-5.8.2.jar:/home/runner/.m2/repository/org/junit/platform/junit-platform-launcher/1.8.2/junit-platform-launcher-1.8.2.jar:/home/runner/.m2/repository/org/junit/jupiter/junit-jupiter-params/5.8.2/junit-jupiter-params-5.8.2.jar:/home/runner/.m2/repository/junit/junit/4.13.1/junit-4.13.1.jar:"/>
    <property name="java.vm.vendor" value="Temurin"/>
    <property name="sun.arch.data.model" value="64"/>
    <property name="test.build.dir" value="/home/runner/work/ozone/ozone/hadoop-hdds/server-scm/target/test-dir"/>
    <property name="test.cache.data" value=""/>
    <property name="java.vendor.url" value="https://adoptium.net/"/>
    <property name="user.timezone" value="Etc/UTC"/>
    <property name="java.vm.specification.version" value="1.8"/>
    <property name="os.name" value="Linux"/>
    <property name="test.build.data" value="/home/runner/work/ozone/ozone/hadoop-hdds/server-scm/target/test-dir"/>
    <property name="sun.java.launcher" value="SUN_STANDARD"/>
    <property name="sun.boot.library.path" value="/usr/lib/jvm/temurin-8-jdk-amd64/jre/lib/amd64"/>
    <property name="sun.java.command" value="/home/runner/work/ozone/ozone/hadoop-hdds/server-scm/target/surefire/surefirebooter3659267092949050994.jar /home/runner/work/ozone/ozone/hadoop-hdds/server-scm/target/surefire 2023-09-13T17-56-12_093-jvmRun1 surefire735163396181791970tmp surefire_2708615914042724402239tmp"/>
    <property name="native.lib.tmp.dir" value="/tmp"/>
    <property name="surefire.test.class.path" value="/home/runner/work/ozone/ozone/hadoop-hdds/server-scm/target/test-classes:/home/runner/work/ozone/ozone/hadoop-hdds/server-scm/target/classes:/home/runner/work/ozone/ozone/hadoop-hdds/test-utils/target/classes:/home/runner/.m2/repository/com/google/guava/guava/32.0.0-jre/guava-32.0.0-jre.jar:/home/runner/.m2/repository/com/google/guava/failureaccess/1.0.1/failureaccess-1.0.1.jar:/home/runner/.m2/repository/com/google/guava/listenablefuture/9999.0-empty-to-avoid-conflict-with-guava/listenablefuture-9999.0-empty-to-avoid-conflict-with-guava.jar:/home/runner/.m2/repository/org/checkerframework/checker-qual/3.33.0/checker-qual-3.33.0.jar:/home/runner/.m2/repository/com/google/errorprone/error_prone_annotations/2.2.0/error_prone_annotations-2.2.0.jar:/home/runner/.m2/repository/com/google/j2objc/j2objc-annotations/2.8/j2objc-annotations-2.8.jar:/home/runner/.m2/repository/commons-io/commons-io/2.11.0/commons-io-2.11.0.jar:/home/runner/.m2/repository/commons-logging/commons-logging/1.2/commons-logging-1.2.jar:/home/runner/.m2/repository/ch/qos/reload4j/reload4j/1.2.22/reload4j-1.2.22.jar:/home/runner/.m2/repository/org/apache/commons/commons-lang3/3.7/commons-lang3-3.7.jar:/home/runner/.m2/repository/org/slf4j/slf4j-api/1.7.36/slf4j-api-1.7.36.jar:/home/runner/.m2/repository/org/apache/logging/log4j/log4j-api/2.17.1/log4j-api-2.17.1.jar:/home/runner/work/ozone/ozone/hadoop-hdds/common/target/classes:/home/runner/work/ozone/ozone/hadoop-hdds/hadoop-dependency-client/target/classes:/home/runner/.m2/repository/info/picocli/picocli/4.6.1/picocli-4.6.1.jar:/home/runner/.m2/repository/com/fasterxml/jackson/core/jackson-annotations/2.13.4/jackson-annotations-2.13.4.jar:/home/runner/.m2/repository/com/fasterxml/jackson/datatype/jackson-datatype-jsr310/2.13.4/jackson-datatype-jsr310-2.13.4.jar:/home/runner/.m2/repository/com/fasterxml/jackson/core/jackson-core/2.13.4/jackson-core-2.13.4.jar:/home/runner/work/ozone/ozone/hadoop-hdds/annotations/target/classes:/home/runner/work/ozone/ozone/hadoop-hdds/config/target/classes:/home/runner/.m2/repository/javax/annotation/javax.annotation-api/1.2/javax.annotation-api-1.2.jar:/home/runner/.m2/repository/org/apache/ratis/ratis-server/2.5.1/ratis-server-2.5.1.jar:/home/runner/.m2/repository/org/apache/ratis/ratis-thirdparty-misc/1.0.4/ratis-thirdparty-misc-1.0.4.jar:/home/runner/.m2/repository/org/apache/ratis/ratis-proto/2.5.1/ratis-proto-2.5.1.jar:/home/runner/.m2/repository/org/apache/ratis/ratis-common/2.5.1/ratis-common-2.5.1.jar:/home/runner/.m2/repository/org/apache/ratis/ratis-client/2.5.1/ratis-client-2.5.1.jar:/home/runner/.m2/repository/org/apache/ratis/ratis-server-api/2.5.1/ratis-server-api-2.5.1.jar:/home/runner/.m2/repository/org/apache/ratis/ratis-metrics/2.5.1/ratis-metrics-2.5.1.jar:/home/runner/.m2/repository/org/apache/ratis/ratis-netty/2.5.1/ratis-netty-2.5.1.jar:/home/runner/.m2/repository/org/apache/ratis/ratis-grpc/2.5.1/ratis-grpc-2.5.1.jar:/home/runner/.m2/repository/org/apache/commons/commons-pool2/2.6.0/commons-pool2-2.6.0.jar:/home/runner/.m2/repository/org/bouncycastle/bcpkix-jdk15on/1.67/bcpkix-jdk15on-1.67.jar:/home/runner/.m2/repository/commons-validator/commons-validator/1.6/commons-validator-1.6.jar:/home/runner/.m2/repository/commons-beanutils/commons-beanutils/1.9.4/commons-beanutils-1.9.4.jar:/home/runner/.m2/repository/commons-digester/commons-digester/1.8.1/commons-digester-1.8.1.jar:/home/runner/.m2/repository/commons-collections/commons-collections/3.2.2/commons-collections-3.2.2.jar:/home/runner/.m2/repository/io/jaegertracing/jaeger-client/1.6.0/jaeger-client-1.6.0.jar:/home/runner/.m2/repository/io/jaegertracing/jaeger-thrift/1.6.0/jaeger-thrift-1.6.0.jar:/home/runner/.m2/repository/org/apache/thrift/libthrift/0.14.1/libthrift-0.14.1.jar:/home/runner/.m2/repository/io/jaegertracing/jaeger-core/1.6.0/jaeger-core-1.6.0.jar:/home/runner/.m2/repository/io/jaegertracing/jaeger-tracerresolver/1.6.0/jaeger-tracerresolver-1.6.0.jar:/home/runner/.m2/repository/io/opentracing/contrib/opentracing-tracerresolver/0.1.8/opentracing-tracerresolver-0.1.8.jar:/home/runner/.m2/repository/org/jetbrains/kotlin/kotlin-stdlib/1.6.21/kotlin-stdlib-1.6.21.jar:/home/runner/.m2/repository/org/jetbrains/annotations/13.0/annotations-13.0.jar:/home/runner/.m2/repository/io/opentracing/opentracing-util/0.33.0/opentracing-util-0.33.0.jar:/home/runner/.m2/repository/io/opentracing/opentracing-api/0.33.0/opentracing-api-0.33.0.jar:/home/runner/.m2/repository/io/opentracing/opentracing-noop/0.33.0/opentracing-noop-0.33.0.jar:/home/runner/.m2/repository/org/yaml/snakeyaml/2.0/snakeyaml-2.0.jar:/home/runner/.m2/repository/org/reflections/reflections/0.9.11/reflections-0.9.11.jar:/home/runner/.m2/repository/org/javassist/javassist/3.21.0-GA/javassist-3.21.0-GA.jar:/home/runner/work/ozone/ozone/hadoop-hdds/interface-client/target/classes:/home/runner/.m2/repository/org/apache/hadoop/thirdparty/hadoop-shaded-protobuf_3_7/1.1.1/hadoop-shaded-protobuf_3_7-1.1.1.jar:/home/runner/work/ozone/ozone/hadoop-hdds/interface-admin/target/classes:/home/runner/.m2/repository/io/grpc/grpc-api/1.51.1/grpc-api-1.51.1.jar:/home/runner/.m2/repository/io/grpc/grpc-context/1.51.1/grpc-context-1.51.1.jar:/home/runner/work/ozone/ozone/hadoop-hdds/container-service/target/classes:/home/runner/.m2/repository/org/apache/commons/commons-compress/1.21/commons-compress-1.21.jar:/home/runner/.m2/repository/com/github/luben/zstd-jni/1.5.2-5/zstd-jni-1.5.2-5.jar:/home/runner/.m2/repository/commons-codec/commons-codec/1.15/commons-codec-1.15.jar:/home/runner/.m2/repository/javax/xml/bind/jaxb-api/2.3.0/jaxb-api-2.3.0.jar:/home/runner/.m2/repository/org/glassfish/jaxb/jaxb-runtime/2.3.0.1/jaxb-runtime-2.3.0.1.jar:/home/runner/.m2/repository/org/glassfish/jaxb/jaxb-core/2.3.0.1/jaxb-core-2.3.0.1.jar:/home/runner/.m2/repository/org/glassfish/jaxb/txw2/2.3.0.1/txw2-2.3.0.1.jar:/home/runner/.m2/repository/com/sun/istack/istack-commons-runtime/3.0.5/istack-commons-runtime-3.0.5.jar:/home/runner/.m2/repository/org/jvnet/staxex/stax-ex/1.7.8/stax-ex-1.7.8.jar:/home/runner/.m2/repository/com/sun/xml/fastinfoset/FastInfoset/1.2.13/FastInfoset-1.2.13.jar:/home/runner/.m2/repository/io/netty/netty-transport/4.1.94.Final/netty-transport-4.1.94.Final.jar:/home/runner/.m2/repository/io/netty/netty-common/4.1.94.Final/netty-common-4.1.94.Final.jar:/home/runner/.m2/repository/io/netty/netty-buffer/4.1.94.Final/netty-buffer-4.1.94.Final.jar:/home/runner/.m2/repository/io/netty/netty-resolver/4.1.94.Final/netty-resolver-4.1.94.Final.jar:/home/runner/.m2/repository/io/netty/netty-codec/4.1.94.Final/netty-codec-4.1.94.Final.jar:/home/runner/.m2/repository/io/netty/netty-handler/4.1.94.Final/netty-handler-4.1.94.Final.jar:/home/runner/.m2/repository/io/netty/netty-transport-native-unix-common/4.1.94.Final/netty-transport-native-unix-common-4.1.94.Final.jar:/home/runner/work/ozone/ozone/hadoop-hdds/client/target/classes:/home/runner/work/ozone/ozone/hadoop-hdds/erasurecode/target/classes:/home/runner/work/ozone/ozone/hadoop-hdds/hadoop-dependency-server/target/classes:/home/runner/.m2/repository/org/apache/hadoop/hadoop-annotations/3.3.6/hadoop-annotations-3.3.6.jar:/usr/lib/jvm/temurin-8-jdk-amd64/jre/../lib/tools.jar:/home/runner/.m2/repository/org/apache/hadoop/hadoop-common/3.3.6/hadoop-common-3.3.6.jar:/home/runner/.m2/repository/org/apache/hadoop/thirdparty/hadoop-shaded-guava/1.1.1/hadoop-shaded-guava-1.1.1.jar:/home/runner/.m2/repository/org/apache/httpcomponents/httpclient/4.5.13/httpclient-4.5.13.jar:/home/runner/.m2/repository/org/apache/httpcomponents/httpcore/4.4.13/httpcore-4.4.13.jar:/home/runner/.m2/repository/commons-net/commons-net/3.9.0/commons-net-3.9.0.jar:/home/runner/.m2/repository/javax/servlet/javax.servlet-api/3.1.0/javax.servlet-api-3.1.0.jar:/home/runner/.m2/repository/jakarta/activation/jakarta.activation-api/1.2.2/jakarta.activation-api-1.2.2.jar:/home/runner/.m2/repository/javax/servlet/jsp/jsp-api/2.1/jsp-api-2.1.jar:/home/runner/.m2/repository/com/sun/jersey/jersey-core/1.19/jersey-core-1.19.jar:/home/runner/.m2/repository/javax/ws/rs/jsr311-api/1.1.1/jsr311-api-1.1.1.jar:/home/runner/.m2/repository/com/sun/jersey/jersey-servlet/1.19/jersey-servlet-1.19.jar:/home/runner/.m2/repository/com/sun/jersey/jersey-server/1.19/jersey-server-1.19.jar:/home/runner/.m2/repository/com/google/re2j/re2j/1.1/re2j-1.1.jar:/home/runner/.m2/repository/com/google/code/gson/gson/2.9.0/gson-2.9.0.jar:/home/runner/.m2/repository/org/apache/hadoop/hadoop-auth/3.3.6/hadoop-auth-3.3.6.jar:/home/runner/.m2/repository/com/nimbusds/nimbus-jose-jwt/9.8.1/nimbus-jose-jwt-9.8.1.jar:/home/runner/.m2/repository/com/github/stephenc/jcip/jcip-annotations/1.0-1/jcip-annotations-1.0-1.jar:/home/runner/.m2/repository/com/jcraft/jsch/0.1.54/jsch-0.1.54.jar:/home/runner/.m2/repository/org/apache/kerby/kerb-core/1.0.1/kerb-core-1.0.1.jar:/home/runner/.m2/repository/org/apache/kerby/kerby-pkix/1.0.1/kerby-pkix-1.0.1.jar:/home/runner/.m2/repository/org/apache/kerby/kerby-asn1/1.0.1/kerby-asn1-1.0.1.jar:/home/runner/.m2/repository/org/apache/kerby/kerby-util/1.0.1/kerby-util-1.0.1.jar:/home/runner/.m2/repository/org/codehaus/woodstox/stax2-api/4.2.1/stax2-api-4.2.1.jar:/home/runner/.m2/repository/com/fasterxml/woodstox/woodstox-core/5.4.0/woodstox-core-5.4.0.jar:/home/runner/.m2/repository/dnsjava/dnsjava/2.1.7/dnsjava-2.1.7.jar:/home/runner/.m2/repository/org/xerial/snappy/snappy-java/1.1.8.2/snappy-java-1.1.8.2.jar:/home/runner/.m2/repository/commons-cli/commons-cli/1.2/commons-cli-1.2.jar:/home/runner/.m2/repository/org/apache/hadoop/hadoop-hdfs/3.3.6/hadoop-hdfs-3.3.6.jar:/home/runner/.m2/repository/org/eclipse/jetty/jetty-util-ajax/9.4.51.v20230217/jetty-util-ajax-9.4.51.v20230217.jar:/home/runner/.m2/repository/commons-daemon/commons-daemon/1.0.13/commons-daemon-1.0.13.jar:/home/runner/work/ozone/ozone/hadoop-hdds/framework/target/classes:/home/runner/work/ozone/ozone/hadoop-hdds/interface-server/target/classes:/home/runner/work/ozone/ozone/hadoop-hdds/managed-rocksdb/target/classes:/home/runner/.m2/repository/org/rocksdb/rocksdbjni/7.7.3/rocksdbjni-7.7.3.jar:/home/runner/.m2/repository/org/slf4j/slf4j-reload4j/1.7.36/slf4j-reload4j-1.7.36.jar:/home/runner/.m2/repository/org/apache/commons/commons-configuration2/2.1.1/commons-configuration2-2.1.1.jar:/home/runner/.m2/repository/commons-fileupload/commons-fileupload/1.5/commons-fileupload-1.5.jar:/home/runner/.m2/repository/org/apache/logging/log4j/log4j-core/2.17.1/log4j-core-2.17.1.jar:/home/runner/.m2/repository/com/lmax/disruptor/3.4.2/disruptor-3.4.2.jar:/home/runner/.m2/repository/org/eclipse/jetty/jetty-util/9.4.51.v20230217/jetty-util-9.4.51.v20230217.jar:/home/runner/.m2/repository/org/eclipse/jetty/jetty-server/9.4.51.v20230217/jetty-server-9.4.51.v20230217.jar:/home/runner/.m2/repository/org/eclipse/jetty/jetty-http/9.4.51.v20230217/jetty-http-9.4.51.v20230217.jar:/home/runner/.m2/repository/org/eclipse/jetty/jetty-io/9.4.51.v20230217/jetty-io-9.4.51.v20230217.jar:/home/runner/.m2/repository/org/eclipse/jetty/jetty-servlet/9.4.51.v20230217/jetty-servlet-9.4.51.v20230217.jar:/home/runner/.m2/repository/org/eclipse/jetty/jetty-security/9.4.51.v20230217/jetty-security-9.4.51.v20230217.jar:/home/runner/.m2/repository/org/eclipse/jetty/jetty-webapp/9.4.51.v20230217/jetty-webapp-9.4.51.v20230217.jar:/home/runner/.m2/repository/org/eclipse/jetty/jetty-xml/9.4.51.v20230217/jetty-xml-9.4.51.v20230217.jar:/home/runner/.m2/repository/io/prometheus/simpleclient_dropwizard/0.7.0/simpleclient_dropwizard-0.7.0.jar:/home/runner/.m2/repository/io/prometheus/simpleclient/0.7.0/simpleclient-0.7.0.jar:/home/runner/.m2/repository/io/prometheus/simpleclient_common/0.7.0/simpleclient_common-0.7.0.jar:/home/runner/work/ozone/ozone/hadoop-hdds/rocksdb-checkpoint-differ/target/classes:/home/runner/work/ozone/ozone/hadoop-hdds/rocks-native/target/classes:/home/runner/.m2/repository/org/jgrapht/jgrapht-core/1.0.1/jgrapht-core-1.0.1.jar:/home/runner/.m2/repository/org/jgrapht/jgrapht-ext/1.0.1/jgrapht-ext-1.0.1.jar:/home/runner/.m2/repository/org/tinyjee/jgraphx/jgraphx/2.0.0.1/jgraphx-2.0.0.1.jar:/home/runner/.m2/repository/jgraph/jgraph/5.13.0.0/jgraph-5.13.0.0.jar:/home/runner/.m2/repository/org/antlr/antlr4-runtime/4.5.3/antlr4-runtime-4.5.3.jar:/home/runner/.m2/repository/org/awaitility/awaitility/4.2.0/awaitility-4.2.0.jar:/home/runner/.m2/repository/org/hamcrest/hamcrest/2.1/hamcrest-2.1.jar:/home/runner/work/ozone/ozone/hadoop-hdds/docs/target/classes:/home/runner/.m2/repository/io/dropwizard/metrics/metrics-core/3.2.4/metrics-core-3.2.4.jar:/home/runner/.m2/repository/com/github/spotbugs/spotbugs-annotations/3.1.12/spotbugs-annotations-3.1.12.jar:/home/runner/.m2/repository/com/google/code/findbugs/jsr305/3.0.0/jsr305-3.0.0.jar:/home/runner/.m2/repository/org/apache/commons/commons-math3/3.1.1/commons-math3-3.1.1.jar:/home/runner/.m2/repository/org/apache/commons/commons-text/1.10.0/commons-text-1.10.0.jar:/home/runner/.m2/repository/org/apache/hadoop/hadoop-hdfs-client/3.3.6/hadoop-hdfs-client-3.3.6.jar:/home/runner/.m2/repository/com/squareup/okhttp3/okhttp/4.9.3/okhttp-4.9.3.jar:/home/runner/.m2/repository/com/squareup/okio/okio/3.4.0/okio-3.4.0.jar:/home/runner/.m2/repository/com/squareup/okio/okio-jvm/3.4.0/okio-jvm-3.4.0.jar:/home/runner/.m2/repository/org/jetbrains/kotlin/kotlin-stdlib-jdk8/1.8.0/kotlin-stdlib-jdk8-1.8.0.jar:/home/runner/.m2/repository/org/jetbrains/kotlin/kotlin-stdlib-jdk7/1.8.0/kotlin-stdlib-jdk7-1.8.0.jar:/home/runner/.m2/repository/org/jetbrains/kotlin/kotlin-stdlib-common/1.6.21/kotlin-stdlib-common-1.6.21.jar:/home/runner/.m2/repository/com/fasterxml/jackson/core/jackson-databind/2.13.4.2/jackson-databind-2.13.4.2.jar:/home/runner/work/ozone/ozone/hadoop-hdds/container-service/target/test-classes:/home/runner/work/ozone/ozone/hadoop-hdds/common/target/test-classes:/home/runner/.m2/repository/org/hamcrest/hamcrest-core/1.3/hamcrest-core-1.3.jar:/home/runner/.m2/repository/org/assertj/assertj-core/3.12.2/assertj-core-3.12.2.jar:/home/runner/.m2/repository/org/mockito/mockito-core/3.5.9/mockito-core-3.5.9.jar:/home/runner/.m2/repository/net/bytebuddy/byte-buddy/1.10.13/byte-buddy-1.10.13.jar:/home/runner/.m2/repository/net/bytebuddy/byte-buddy-agent/1.10.13/byte-buddy-agent-1.10.13.jar:/home/runner/.m2/repository/org/objenesis/objenesis/1.0/objenesis-1.0.jar:/home/runner/.m2/repository/org/hamcrest/hamcrest-all/1.3/hamcrest-all-1.3.jar:/home/runner/.m2/repository/org/bouncycastle/bcprov-jdk15on/1.67/bcprov-jdk15on-1.67.jar:/home/runner/work/ozone/ozone/hadoop-hdds/hadoop-dependency-test/target/classes:/home/runner/.m2/repository/org/apache/hadoop/hadoop-common/3.3.6/hadoop-common-3.3.6-tests.jar:/home/runner/.m2/repository/org/apache/hadoop/hadoop-hdfs/3.3.6/hadoop-hdfs-3.3.6-tests.jar:/home/runner/.m2/repository/com/google/protobuf/protobuf-java/2.5.0/protobuf-java-2.5.0.jar:/home/runner/.m2/repository/org/junit/jupiter/junit-jupiter-api/5.8.2/junit-jupiter-api-5.8.2.jar:/home/runner/.m2/repository/org/opentest4j/opentest4j/1.2.0/opentest4j-1.2.0.jar:/home/runner/.m2/repository/org/junit/platform/junit-platform-commons/1.8.2/junit-platform-commons-1.8.2.jar:/home/runner/.m2/repository/org/apiguardian/apiguardian-api/1.1.2/apiguardian-api-1.1.2.jar:/home/runner/.m2/repository/org/junit/jupiter/junit-jupiter-engine/5.8.2/junit-jupiter-engine-5.8.2.jar:/home/runner/.m2/repository/org/junit/platform/junit-platform-engine/1.8.2/junit-platform-engine-1.8.2.jar:/home/runner/.m2/repository/org/junit/vintage/junit-vintage-engine/5.8.2/junit-vintage-engine-5.8.2.jar:/home/runner/.m2/repository/org/junit/platform/junit-platform-launcher/1.8.2/junit-platform-launcher-1.8.2.jar:/home/runner/.m2/repository/org/junit/jupiter/junit-jupiter-params/5.8.2/junit-jupiter-params-5.8.2.jar:/home/runner/.m2/repository/junit/junit/4.13.1/junit-4.13.1.jar:"/>
    <property name="sun.cpu.endian" value="little"/>
    <property name="user.home" value="/home/runner"/>
    <property name="user.language" value="en"/>
    <property name="java.specification.vendor" value="Oracle Corporation"/>
    <property name="java.home" value="/usr/lib/jvm/temurin-8-jdk-amd64/jre"/>
    <property name="java.security.krb5.conf" value="/home/runner/work/ozone/ozone/hadoop-hdds/server-scm/target/test-classes/krb5.conf"/>
    <property name="basedir" value="/home/runner/work/ozone/ozone/hadoop-hdds/server-scm"/>
    <property name="file.separator" value="/"/>
    <property name="line.separator" value="&#10;"/>
    <property name="java.vm.specification.vendor" value="Oracle Corporation"/>
    <property name="java.specification.name" value="Java Platform API Specification"/>
    <property name="java.awt.graphicsenv" value="sun.awt.X11GraphicsEnvironment"/>
    <property name="skip.installnpx" value="true"/>
    <property name="surefire.real.class.path" value="/home/runner/work/ozone/ozone/hadoop-hdds/server-scm/target/surefire/surefirebooter3659267092949050994.jar:/home/runner/.m2/repository/org/jacoco/org.jacoco.agent/0.8.5/org.jacoco.agent-0.8.5-runtime.jar"/>
    <property name="hadoop.log.dir" value="/home/runner/work/ozone/ozone/hadoop-hdds/server-scm/target/log"/>
    <property name="sun.boot.class.path" value="/usr/lib/jvm/temurin-8-jdk-amd64/jre/lib/resources.jar:/usr/lib/jvm/temurin-8-jdk-amd64/jre/lib/rt.jar:/usr/lib/jvm/temurin-8-jdk-amd64/jre/lib/sunrsasign.jar:/usr/lib/jvm/temurin-8-jdk-amd64/jre/lib/jsse.jar:/usr/lib/jvm/temurin-8-jdk-amd64/jre/lib/jce.jar:/usr/lib/jvm/temurin-8-jdk-amd64/jre/lib/charsets.jar:/usr/lib/jvm/temurin-8-jdk-amd64/jre/lib/jfr.jar:/usr/lib/jvm/temurin-8-jdk-amd64/jre/classes"/>
    <property name="sun.management.compiler" value="HotSpot 64-Bit Tiered Compilers"/>
    <property name="skip.npx" value="true"/>
    <property name="java.runtime.version" value="1.8.0_382-b05"/>
    <property name="java.net.preferIPv4Stack" value="true"/>
    <property name="user.name" value="runner"/>
    <property name="path.separator" value=":"/>
    <property name="java.security.egd" value="file:///dev/urandom"/>
    <property name="os.version" value="5.15.0-1045-azure"/>
    <property name="java.endorsed.dirs" value="/usr/lib/jvm/temurin-8-jdk-amd64/jre/lib/endorsed"/>
    <property name="java.runtime.name" value="OpenJDK Runtime Environment"/>
    <property name="file.encoding" value="UTF-8"/>
    <property name="java.vm.name" value="OpenJDK 64-Bit Server VM"/>
    <property name="test.build.webapps" value=""/>
    <property name="localRepository" value="/home/runner/.m2/repository"/>
    <property name="java.vendor.url.bug" value="https://github.com/adoptium/adoptium-support/issues"/>
    <property name="java.io.tmpdir" value="/tmp"/>
    <property name="require.test.libhadoop" value=""/>
    <property name="java.version" value="1.8.0_382"/>
    <property name="user.dir" value="/home/runner/work/ozone/ozone/hadoop-hdds/server-scm"/>
    <property name="os.arch" value="amd64"/>
    <property name="java.vm.specification.name" value="Java Virtual Machine Specification"/>
    <property name="test.build.classes" value="/home/runner/work/ozone/ozone/hadoop-hdds/server-scm/target/test-classes"/>
    <property name="java.awt.printerjob" value="sun.print.PSPrinterJob"/>
    <property name="sun.os.patch.level" value="unknown"/>
    <property name="excludedGroups" value="native"/>
    <property name="hadoop.tmp.dir" value="/home/runner/work/ozone/ozone/hadoop-hdds/server-scm/target/tmp"/>
    <property name="java.library.path" value="/usr/java/packages/lib/amd64:/usr/lib64:/lib64:/lib:/usr/lib"/>
    <property name="java.vm.info" value="mixed mode"/>
    <property name="java.vendor" value="Temurin"/>
    <property name="java.vm.version" value="25.382-b05"/>
    <property name="java.specification.maintenance.version" value="5"/>
    <property name="java.ext.dirs" value="/usr/lib/jvm/temurin-8-jdk-amd64/jre/lib/ext:/usr/java/packages/lib/ext"/>
    <property name="sun.io.unicode.encoding" value="UnicodeLittle"/>
    <property name="java.class.version" value="52.0"/>
  </properties>
  <testcase name="containerBalancerShouldObeyMaxSizeToMoveLimit" classname="org.apache.hadoop.hdds.scm.container.balancer.TestContainerBalancerTask" time="3.085">
    <system-out><![CDATA[2023-09-13 18:18:00,910 [main] INFO  net.NodeSchemaLoader (NodeSchemaLoader.java:loadSchemaFromFile(129)) - Loading schema from [file:/home/runner/work/ozone/ozone/hadoop-hdds/common/target/classes/network-topology-default.xml]
2023-09-13 18:18:00,914 [main] INFO  net.NodeSchemaLoader (NodeSchemaLoader.java:loadSchema(176)) - Loading network topology layer schema file
2023-09-13 18:18:01,166 [main] INFO  reflections.Reflections (Reflections.java:scan(232)) - Reflections took 176 ms to scan 6 urls, producing 158 keys and 369 values 
2023-09-13 18:18:01,242 [main] INFO  net.NetworkTopologyImpl (NetworkTopologyImpl.java:add(112)) - Added a new node: /default-rack/a367f8e5-f680-4a3f-ada5-d3c028cbfa72
2023-09-13 18:18:01,244 [main] INFO  net.NetworkTopologyImpl (NetworkTopologyImpl.java:add(112)) - Added a new node: /default-rack/281d5b48-012e-4fd6-a91c-55bc2c108c18
2023-09-13 18:18:01,244 [main] INFO  net.NetworkTopologyImpl (NetworkTopologyImpl.java:add(112)) - Added a new node: /default-rack/f36ff3b7-4768-4f06-8ef4-59ca84fe5590
2023-09-13 18:18:01,244 [main] INFO  net.NetworkTopologyImpl (NetworkTopologyImpl.java:add(112)) - Added a new node: /default-rack/417e1750-c9a2-4af0-a1ad-74d579616882
2023-09-13 18:18:01,245 [main] INFO  net.NetworkTopologyImpl (NetworkTopologyImpl.java:add(112)) - Added a new node: /default-rack/0ea06dcb-6668-421d-b8ed-847f2a31742a
2023-09-13 18:18:01,245 [main] INFO  net.NetworkTopologyImpl (NetworkTopologyImpl.java:add(112)) - Added a new node: /default-rack/9bf765a1-e010-44d5-a2a4-757b5a5062c5
2023-09-13 18:18:01,245 [main] INFO  net.NetworkTopologyImpl (NetworkTopologyImpl.java:add(112)) - Added a new node: /default-rack/25a88142-a075-462e-830f-4917606cd57c
2023-09-13 18:18:01,246 [main] INFO  net.NetworkTopologyImpl (NetworkTopologyImpl.java:add(112)) - Added a new node: /default-rack/a8963457-dd74-4d19-bbc7-402ab807415a
2023-09-13 18:18:01,246 [main] INFO  net.NetworkTopologyImpl (NetworkTopologyImpl.java:add(112)) - Added a new node: /default-rack/79116b69-59d0-49ce-afc8-f19a79ceeb84
2023-09-13 18:18:01,246 [main] INFO  net.NetworkTopologyImpl (NetworkTopologyImpl.java:add(112)) - Added a new node: /default-rack/63e92f9b-df62-4079-8124-dc7924df99f5
2023-09-13 18:18:01,262 [main] INFO  algorithms.ContainerPlacementPolicyFactory (ContainerPlacementPolicyFactory.java:getPolicyInternal(86)) - Create container placement policy of type org.apache.hadoop.hdds.scm.container.placement.algorithms.SCMContainerPlacementRackAware
2023-09-13 18:18:01,309 [main] INFO  algorithms.ContainerPlacementPolicyFactory (ContainerPlacementPolicyFactory.java:getPolicyInternal(86)) - Create container placement policy of type org.apache.hadoop.hdds.scm.container.placement.algorithms.SCMContainerPlacementRackScatter
2023-09-13 18:18:01,416 [main] DEBUG balancer.ContainerBalancerTask (ContainerBalancerTask.java:initializeIteration(374)) - Average utilization of the cluster is 0.317923911622953
2023-09-13 18:18:01,416 [main] DEBUG balancer.ContainerBalancerTask (ContainerBalancerTask.java:initializeIteration(386)) - Lower limit for utilization is 0.307923911622953 and Upper limit for utilization is 0.32792391162295303
2023-09-13 18:18:01,416 [main] DEBUG balancer.ContainerBalancerTask (ContainerBalancerTask.java:initializeIteration(398)) - Utilization for node 0ea06dcb-6668-421d-b8ed-847f2a31742a with capacity 63231462968B, used 56908316672B, and remaining 6323146296B is 0.9000000000126519
2023-09-13 18:18:01,417 [main] DEBUG balancer.ContainerBalancerTask (ContainerBalancerTask.java:initializeIteration(398)) - Utilization for node 25a88142-a075-462e-830f-4917606cd57c with capacity 61740154880B, used 49392123904B, and remaining 12348030976B is 0.8
2023-09-13 18:18:01,417 [main] DEBUG balancer.ContainerBalancerTask (ContainerBalancerTask.java:initializeIteration(398)) - Utilization for node 63e92f9b-df62-4079-8124-dc7924df99f5 with capacity 52153174308B, used 36507222016B, and remaining 15645952292B is 0.7000000000076697
2023-09-13 18:18:01,417 [main] DEBUG balancer.ContainerBalancerTask (ContainerBalancerTask.java:initializeIteration(398)) - Utilization for node f36ff3b7-4768-4f06-8ef4-59ca84fe5590 with capacity 89478485333B, used 53687091200B, and remaining 35791394133B is 0.6000000000022352
2023-09-13 18:18:01,417 [main] DEBUG balancer.ContainerBalancerTask (ContainerBalancerTask.java:initializeIteration(398)) - Utilization for node 79116b69-59d0-49ce-afc8-f19a79ceeb84 with capacity 94489280512B, used 47244640256B, and remaining 47244640256B is 0.5
2023-09-13 18:18:01,418 [main] DEBUG balancer.ContainerBalancerTask (ContainerBalancerTask.java:initializeIteration(398)) - Utilization for node a8963457-dd74-4d19-bbc7-402ab807415a with capacity 115427246080B, used 46170898432B, and remaining 69256347648B is 0.4
2023-09-13 18:18:01,418 [main] DEBUG balancer.ContainerBalancerTask (ContainerBalancerTask.java:initializeIteration(398)) - Utilization for node 417e1750-c9a2-4af0-a1ad-74d579616882 with capacity 143165576533B, used 42949672960B, and remaining 100215903573B is 0.3000000000006985
2023-09-13 18:18:01,418 [main] DEBUG balancer.ContainerBalancerTask (ContainerBalancerTask.java:initializeIteration(398)) - Utilization for node 9bf765a1-e010-44d5-a2a4-757b5a5062c5 with capacity 182536110080B, used 36507222016B, and remaining 146028888064B is 0.2
2023-09-13 18:18:01,418 [main] DEBUG balancer.ContainerBalancerTask (ContainerBalancerTask.java:initializeIteration(398)) - Utilization for node 281d5b48-012e-4fd6-a91c-55bc2c108c18 with capacity 450971566080B, used 45097156608B, and remaining 405874409472B is 0.1
2023-09-13 18:18:01,418 [main] DEBUG balancer.ContainerBalancerTask (ContainerBalancerTask.java:initializeIteration(398)) - Utilization for node a367f8e5-f680-4a3f-ada5-d3c028cbfa72 with capacity 50465865728B, used 0B, and remaining 50465865728B is 0.0
2023-09-13 18:18:01,419 [main] INFO  balancer.ContainerBalancerTask (ContainerBalancerTask.java:initializeIteration(447)) - Container Balancer has identified 6 Over-Utilized and 4 Under-Utilized Datanodes that need to be balanced.
2023-09-13 18:18:01,419 [main] DEBUG balancer.ContainerBalancerTask (ContainerBalancerTask.java:lambda$initializeIteration$1(453)) - Datanode localhost-53.91.163.92 0ea06dcb-6668-421d-b8ed-847f2a31742a is Over-Utilized.
2023-09-13 18:18:01,419 [main] DEBUG balancer.ContainerBalancerTask (ContainerBalancerTask.java:lambda$initializeIteration$1(453)) - Datanode localhost-17.31.250.175 25a88142-a075-462e-830f-4917606cd57c is Over-Utilized.
2023-09-13 18:18:01,420 [main] DEBUG balancer.ContainerBalancerTask (ContainerBalancerTask.java:lambda$initializeIteration$1(453)) - Datanode localhost-37.26.238.182 63e92f9b-df62-4079-8124-dc7924df99f5 is Over-Utilized.
2023-09-13 18:18:01,420 [main] DEBUG balancer.ContainerBalancerTask (ContainerBalancerTask.java:lambda$initializeIteration$1(453)) - Datanode localhost-229.29.65.15 f36ff3b7-4768-4f06-8ef4-59ca84fe5590 is Over-Utilized.
2023-09-13 18:18:01,420 [main] DEBUG balancer.ContainerBalancerTask (ContainerBalancerTask.java:lambda$initializeIteration$1(453)) - Datanode localhost-96.144.182.222 79116b69-59d0-49ce-afc8-f19a79ceeb84 is Over-Utilized.
2023-09-13 18:18:01,420 [main] DEBUG balancer.ContainerBalancerTask (ContainerBalancerTask.java:lambda$initializeIteration$1(453)) - Datanode localhost-130.63.219.128 a8963457-dd74-4d19-bbc7-402ab807415a is Over-Utilized.
2023-09-13 18:18:01,421 [main] DEBUG balancer.ContainerBalancerTask (ContainerBalancerTask.java:lambda$initializeIteration$2(459)) - Datanode localhost-62.30.94.182 a367f8e5-f680-4a3f-ada5-d3c028cbfa72 is Under-Utilized.
2023-09-13 18:18:01,421 [main] DEBUG balancer.ContainerBalancerTask (ContainerBalancerTask.java:lambda$initializeIteration$2(459)) - Datanode localhost-76.144.127.175 281d5b48-012e-4fd6-a91c-55bc2c108c18 is Under-Utilized.
2023-09-13 18:18:01,421 [main] DEBUG balancer.ContainerBalancerTask (ContainerBalancerTask.java:lambda$initializeIteration$2(459)) - Datanode localhost-161.244.252.85 9bf765a1-e010-44d5-a2a4-757b5a5062c5 is Under-Utilized.
2023-09-13 18:18:01,421 [main] DEBUG balancer.ContainerBalancerTask (ContainerBalancerTask.java:lambda$initializeIteration$2(459)) - Datanode localhost-183.81.218.29 417e1750-c9a2-4af0-a1ad-74d579616882 is Under-Utilized.
2023-09-13 18:18:01,436 [main] DEBUG balancer.ContainerBalancerTask (ContainerBalancerTask.java:matchSourceWithTarget(708)) - ContainerBalancer is finding suitable target for source datanode 0ea06dcb-6668-421d-b8ed-847f2a31742a
2023-09-13 18:18:01,440 [main] INFO  balancer.ContainerBalancerTask (ContainerBalancerTask.java:matchSourceWithTarget(722)) - ContainerBalancer matched source datanode 0ea06dcb-6668-421d-b8ed-847f2a31742a with target datanode a367f8e5-f680-4a3f-ada5-d3c028cbfa72 for container move.
2023-09-13 18:18:01,440 [main] INFO  balancer.ContainerBalancerTask (ContainerBalancerTask.java:processMoveSelection(569)) - ContainerBalancer is trying to move container #85 with size 5368709120B from source datanode 0ea06dcb-6668-421d-b8ed-847f2a31742a to target datanode a367f8e5-f680-4a3f-ada5-d3c028cbfa72
2023-09-13 18:18:01,442 [main] DEBUG balancer.ContainerBalancerTask (ContainerBalancerTask.java:lambda$moveContainer$3(837)) - Container move completed for container #85 from source 0ea06dcb-6668-421d-b8ed-847f2a31742a to target a367f8e5-f680-4a3f-ada5-d3c028cbfa72
2023-09-13 18:18:01,451 [main] DEBUG balancer.ContainerBalancerTask (ContainerBalancerTask.java:matchSourceWithTarget(708)) - ContainerBalancer is finding suitable target for source datanode 0ea06dcb-6668-421d-b8ed-847f2a31742a
2023-09-13 18:18:01,452 [main] INFO  balancer.ContainerBalancerTask (ContainerBalancerTask.java:matchSourceWithTarget(722)) - ContainerBalancer matched source datanode 0ea06dcb-6668-421d-b8ed-847f2a31742a with target datanode 281d5b48-012e-4fd6-a91c-55bc2c108c18 for container move.
2023-09-13 18:18:01,452 [main] INFO  balancer.ContainerBalancerTask (ContainerBalancerTask.java:processMoveSelection(569)) - ContainerBalancer is trying to move container #84 with size 4294967296B from source datanode 0ea06dcb-6668-421d-b8ed-847f2a31742a to target datanode 281d5b48-012e-4fd6-a91c-55bc2c108c18
2023-09-13 18:18:01,452 [main] DEBUG balancer.ContainerBalancerTask (ContainerBalancerTask.java:lambda$moveContainer$3(837)) - Container move completed for container #84 from source 0ea06dcb-6668-421d-b8ed-847f2a31742a to target 281d5b48-012e-4fd6-a91c-55bc2c108c18
2023-09-13 18:18:01,461 [main] DEBUG balancer.ContainerBalancerTask (ContainerBalancerTask.java:matchSourceWithTarget(708)) - ContainerBalancer is finding suitable target for source datanode 25a88142-a075-462e-830f-4917606cd57c
2023-09-13 18:18:01,461 [main] INFO  balancer.ContainerBalancerTask (ContainerBalancerTask.java:matchSourceWithTarget(722)) - ContainerBalancer matched source datanode 25a88142-a075-462e-830f-4917606cd57c with target datanode a367f8e5-f680-4a3f-ada5-d3c028cbfa72 for container move.
2023-09-13 18:18:01,462 [main] INFO  balancer.ContainerBalancerTask (ContainerBalancerTask.java:processMoveSelection(569)) - ContainerBalancer is trying to move container #86 with size 1073741824B from source datanode 25a88142-a075-462e-830f-4917606cd57c to target datanode a367f8e5-f680-4a3f-ada5-d3c028cbfa72
2023-09-13 18:18:01,462 [main] DEBUG balancer.ContainerBalancerTask (ContainerBalancerTask.java:lambda$moveContainer$3(837)) - Container move completed for container #86 from source 25a88142-a075-462e-830f-4917606cd57c to target a367f8e5-f680-4a3f-ada5-d3c028cbfa72
2023-09-13 18:18:01,462 [main] WARN  balancer.ContainerBalancerTask (ContainerBalancerTask.java:reachedMaxSizeToMovePerIteration(733)) - Reached max size to move limit. 10737418240 bytes have already been scheduled for balancing and the limit is 10737418240 bytes.
2023-09-13 18:18:01,463 [main] INFO  balancer.ContainerBalancerTask (ContainerBalancerTask.java:checkIterationMoveResults(642)) - Iteration Summary. Number of Datanodes involved: 4. Size moved: 10 GB (10737418240 Bytes). Number of Container moves completed: 3.
2023-09-13 18:18:01,464 [main] INFO  balancer.ContainerBalancerTask (ContainerBalancerTask.java:balance(259)) - Result of this iteration of Container Balancer: ITERATION_COMPLETED
2023-09-13 18:18:01,472 [main] INFO  balancer.ContainerBalancerTask (ContainerBalancerTask.java:tryStopWithSaveConfiguration(308)) - Save Configuration for stopping. Reason: Completed all iterations.
]]></system-out>
  </testcase>
  <testcase name="balancerShouldFollowExcludeAndIncludeDatanodesConfigurations" classname="org.apache.hadoop.hdds.scm.container.balancer.TestContainerBalancerTask" time="0.057">
    <system-out><![CDATA[2023-09-13 18:18:01,527 [main] INFO  net.NodeSchemaLoader (NodeSchemaLoader.java:loadSchemaFromFile(129)) - Loading schema from [file:/home/runner/work/ozone/ozone/hadoop-hdds/common/target/classes/network-topology-default.xml]
2023-09-13 18:18:01,527 [main] INFO  net.NodeSchemaLoader (NodeSchemaLoader.java:loadSchema(176)) - Loading network topology layer schema file
2023-09-13 18:18:01,530 [main] INFO  net.NetworkTopologyImpl (NetworkTopologyImpl.java:add(112)) - Added a new node: /default-rack/1fc6fcbf-ccec-4577-8509-cbcc7d2bd93c
2023-09-13 18:18:01,530 [main] INFO  net.NetworkTopologyImpl (NetworkTopologyImpl.java:add(112)) - Added a new node: /default-rack/2d8ff8ab-a0b2-4a55-b196-641b4c73c67e
2023-09-13 18:18:01,530 [main] INFO  net.NetworkTopologyImpl (NetworkTopologyImpl.java:add(112)) - Added a new node: /default-rack/0946203e-a96a-4d2c-8efc-d510bbc53d24
2023-09-13 18:18:01,531 [main] INFO  net.NetworkTopologyImpl (NetworkTopologyImpl.java:add(112)) - Added a new node: /default-rack/195469e7-80c3-4d05-8a6c-3caa72d27a15
2023-09-13 18:18:01,531 [main] INFO  net.NetworkTopologyImpl (NetworkTopologyImpl.java:add(112)) - Added a new node: /default-rack/366c131a-c5d0-4ed3-8716-e636d98a540a
2023-09-13 18:18:01,531 [main] INFO  net.NetworkTopologyImpl (NetworkTopologyImpl.java:add(112)) - Added a new node: /default-rack/97b8523f-7f94-438a-83f8-17595cc1e38e
2023-09-13 18:18:01,531 [main] INFO  net.NetworkTopologyImpl (NetworkTopologyImpl.java:add(112)) - Added a new node: /default-rack/1d5e10c0-94d6-458e-a530-f70ea3096c58
2023-09-13 18:18:01,531 [main] INFO  net.NetworkTopologyImpl (NetworkTopologyImpl.java:add(112)) - Added a new node: /default-rack/ecbc74b3-ee3e-4909-b177-aba7203e4d5d
2023-09-13 18:18:01,532 [main] INFO  net.NetworkTopologyImpl (NetworkTopologyImpl.java:add(112)) - Added a new node: /default-rack/8cf48d0e-3088-4290-8e74-ce53ec1479ed
2023-09-13 18:18:01,532 [main] INFO  net.NetworkTopologyImpl (NetworkTopologyImpl.java:add(112)) - Added a new node: /default-rack/d536181e-cc19-4e97-a4d9-1fe21485b615
2023-09-13 18:18:01,532 [main] INFO  algorithms.ContainerPlacementPolicyFactory (ContainerPlacementPolicyFactory.java:getPolicyInternal(86)) - Create container placement policy of type org.apache.hadoop.hdds.scm.container.placement.algorithms.SCMContainerPlacementRackAware
2023-09-13 18:18:01,532 [main] INFO  algorithms.ContainerPlacementPolicyFactory (ContainerPlacementPolicyFactory.java:getPolicyInternal(86)) - Create container placement policy of type org.apache.hadoop.hdds.scm.container.placement.algorithms.SCMContainerPlacementRackScatter
2023-09-13 18:18:01,538 [main] DEBUG balancer.ContainerBalancerTask (ContainerBalancerTask.java:initializeIteration(374)) - Average utilization of the cluster is 0.17446808510638298
2023-09-13 18:18:01,538 [main] DEBUG balancer.ContainerBalancerTask (ContainerBalancerTask.java:initializeIteration(386)) - Lower limit for utilization is 0.07446808510638298 and Upper limit for utilization is 0.274468085106383
2023-09-13 18:18:01,538 [main] DEBUG balancer.ContainerBalancerTask (ContainerBalancerTask.java:initializeIteration(398)) - Utilization for node d536181e-cc19-4e97-a4d9-1fe21485b615 with capacity 53687091200B, used 42949672960B, and remaining 10737418240B is 0.8
2023-09-13 18:18:01,538 [main] DEBUG balancer.ContainerBalancerTask (ContainerBalancerTask.java:initializeIteration(398)) - Utilization for node 366c131a-c5d0-4ed3-8716-e636d98a540a with capacity 450971566080B, used 45097156608B, and remaining 405874409472B is 0.1
2023-09-13 18:18:01,539 [main] INFO  balancer.ContainerBalancerTask (ContainerBalancerTask.java:initializeIteration(447)) - Container Balancer has identified 1 Over-Utilized and 0 Under-Utilized Datanodes that need to be balanced.
2023-09-13 18:18:01,539 [main] DEBUG balancer.ContainerBalancerTask (ContainerBalancerTask.java:lambda$initializeIteration$1(453)) - Datanode localhost-224.33.12.204 d536181e-cc19-4e97-a4d9-1fe21485b615 is Over-Utilized.
2023-09-13 18:18:01,543 [main] DEBUG balancer.ContainerBalancerTask (ContainerBalancerTask.java:matchSourceWithTarget(708)) - ContainerBalancer is finding suitable target for source datanode d536181e-cc19-4e97-a4d9-1fe21485b615
2023-09-13 18:18:01,543 [main] INFO  balancer.FindTargetGreedyByUsageInfo (AbstractFindTargetGreedy.java:findTargetForContainerMove(133)) - Container Balancer could not find a target for source datanode d536181e-cc19-4e97-a4d9-1fe21485b615
2023-09-13 18:18:01,543 [main] DEBUG balancer.ContainerBalancerTask (ContainerBalancerTask.java:matchSourceWithTarget(717)) - ContainerBalancer could not find a suitable target for source node d536181e-cc19-4e97-a4d9-1fe21485b615.
2023-09-13 18:18:01,544 [main] INFO  balancer.FindSourceGreedy (FindSourceGreedy.java:getNextCandidateSourceDataNode(126)) - no more candidate source data node
2023-09-13 18:18:01,544 [main] INFO  balancer.ContainerBalancerTask (ContainerBalancerTask.java:balance(259)) - Result of this iteration of Container Balancer: CAN_NOT_BALANCE_ANY_MORE
2023-09-13 18:18:01,544 [main] INFO  balancer.ContainerBalancerTask (ContainerBalancerTask.java:tryStopWithSaveConfiguration(308)) - Save Configuration for stopping. Reason: CAN_NOT_BALANCE_ANY_MORE
]]></system-out>
  </testcase>
  <testcase name="unBalancedNodesListShouldBeEmptyWhenClusterIsBalanced" classname="org.apache.hadoop.hdds.scm.container.balancer.TestContainerBalancerTask" time="0.043">
    <system-out><![CDATA[2023-09-13 18:18:01,577 [main] INFO  net.NodeSchemaLoader (NodeSchemaLoader.java:loadSchemaFromFile(129)) - Loading schema from [file:/home/runner/work/ozone/ozone/hadoop-hdds/common/target/classes/network-topology-default.xml]
2023-09-13 18:18:01,577 [main] INFO  net.NodeSchemaLoader (NodeSchemaLoader.java:loadSchema(176)) - Loading network topology layer schema file
2023-09-13 18:18:01,579 [main] INFO  net.NetworkTopologyImpl (NetworkTopologyImpl.java:add(112)) - Added a new node: /default-rack/8964e473-66a0-4ba5-82a6-f86651cf169d
2023-09-13 18:18:01,579 [main] INFO  net.NetworkTopologyImpl (NetworkTopologyImpl.java:add(112)) - Added a new node: /default-rack/14e20d5c-c75c-4ed1-bf79-fb71de092413
2023-09-13 18:18:01,580 [main] INFO  net.NetworkTopologyImpl (NetworkTopologyImpl.java:add(112)) - Added a new node: /default-rack/4f8b90ca-0de4-41c4-9e7a-c9c2260fa494
2023-09-13 18:18:01,580 [main] INFO  net.NetworkTopologyImpl (NetworkTopologyImpl.java:add(112)) - Added a new node: /default-rack/8d4ed071-c8d7-42c3-8faa-668769e1c803
2023-09-13 18:18:01,580 [main] INFO  net.NetworkTopologyImpl (NetworkTopologyImpl.java:add(112)) - Added a new node: /default-rack/660e81ae-ceef-4205-8e76-c2789d9e983d
2023-09-13 18:18:01,580 [main] INFO  net.NetworkTopologyImpl (NetworkTopologyImpl.java:add(112)) - Added a new node: /default-rack/dae55c25-d275-4b78-a178-7b49d518811d
2023-09-13 18:18:01,580 [main] INFO  net.NetworkTopologyImpl (NetworkTopologyImpl.java:add(112)) - Added a new node: /default-rack/fe2825e2-1f4f-4365-9227-c5d6fdfd4766
2023-09-13 18:18:01,580 [main] INFO  net.NetworkTopologyImpl (NetworkTopologyImpl.java:add(112)) - Added a new node: /default-rack/687202c8-d767-4efc-bdcd-2b4df4c445fe
2023-09-13 18:18:01,581 [main] INFO  net.NetworkTopologyImpl (NetworkTopologyImpl.java:add(112)) - Added a new node: /default-rack/a4e3043c-b480-4162-8760-639b2305de3f
2023-09-13 18:18:01,581 [main] INFO  net.NetworkTopologyImpl (NetworkTopologyImpl.java:add(112)) - Added a new node: /default-rack/cee22198-102d-4a98-b3ed-140fd3d6a367
2023-09-13 18:18:01,581 [main] INFO  algorithms.ContainerPlacementPolicyFactory (ContainerPlacementPolicyFactory.java:getPolicyInternal(86)) - Create container placement policy of type org.apache.hadoop.hdds.scm.container.placement.algorithms.SCMContainerPlacementRackAware
2023-09-13 18:18:01,581 [main] INFO  algorithms.ContainerPlacementPolicyFactory (ContainerPlacementPolicyFactory.java:getPolicyInternal(86)) - Create container placement policy of type org.apache.hadoop.hdds.scm.container.placement.algorithms.SCMContainerPlacementRackScatter
2023-09-13 18:18:01,586 [main] DEBUG balancer.ContainerBalancerTask (ContainerBalancerTask.java:initializeIteration(374)) - Average utilization of the cluster is 0.3341690321782973
2023-09-13 18:18:01,586 [main] DEBUG balancer.ContainerBalancerTask (ContainerBalancerTask.java:initializeIteration(386)) - Lower limit for utilization is -0.6657309678217026 and Upper limit for utilization is 1.3340690321782973
2023-09-13 18:18:01,586 [main] DEBUG balancer.ContainerBalancerTask (ContainerBalancerTask.java:initializeIteration(398)) - Utilization for node 660e81ae-ceef-4205-8e76-c2789d9e983d with capacity 46528812373B, used 41875931136B, and remaining 4652881237B is 0.9000000000064476
2023-09-13 18:18:01,586 [main] DEBUG balancer.ContainerBalancerTask (ContainerBalancerTask.java:initializeIteration(398)) - Utilization for node cee22198-102d-4a98-b3ed-140fd3d6a367 with capacity 75161927680B, used 60129542144B, and remaining 15032385536B is 0.8
2023-09-13 18:18:01,587 [main] DEBUG balancer.ContainerBalancerTask (ContainerBalancerTask.java:initializeIteration(398)) - Utilization for node 687202c8-d767-4efc-bdcd-2b4df4c445fe with capacity 79763678354B, used 55834574848B, and remaining 23929103506B is 0.7000000000025074
2023-09-13 18:18:01,587 [main] DEBUG balancer.ContainerBalancerTask (ContainerBalancerTask.java:initializeIteration(398)) - Utilization for node dae55c25-d275-4b78-a178-7b49d518811d with capacity 71582788266B, used 42949672960B, and remaining 28633115306B is 0.600000000005588
2023-09-13 18:18:01,587 [main] DEBUG balancer.ContainerBalancerTask (ContainerBalancerTask.java:initializeIteration(398)) - Utilization for node 14e20d5c-c75c-4ed1-bf79-fb71de092413 with capacity 113816633344B, used 56908316672B, and remaining 56908316672B is 0.5
2023-09-13 18:18:01,587 [main] DEBUG balancer.ContainerBalancerTask (ContainerBalancerTask.java:initializeIteration(398)) - Utilization for node 8964e473-66a0-4ba5-82a6-f86651cf169d with capacity 61740154880B, used 24696061952B, and remaining 37044092928B is 0.4
2023-09-13 18:18:01,587 [main] DEBUG balancer.ContainerBalancerTask (ContainerBalancerTask.java:initializeIteration(398)) - Utilization for node 8d4ed071-c8d7-42c3-8faa-668769e1c803 with capacity 186115249493B, used 55834574848B, and remaining 130280674645B is 0.3000000000005373
2023-09-13 18:18:01,587 [main] DEBUG balancer.ContainerBalancerTask (ContainerBalancerTask.java:initializeIteration(398)) - Utilization for node a4e3043c-b480-4162-8760-639b2305de3f with capacity 198642237440B, used 39728447488B, and remaining 158913789952B is 0.2
2023-09-13 18:18:01,587 [main] DEBUG balancer.ContainerBalancerTask (ContainerBalancerTask.java:initializeIteration(398)) - Utilization for node fe2825e2-1f4f-4365-9227-c5d6fdfd4766 with capacity 343597383680B, used 34359738368B, and remaining 309237645312B is 0.1
2023-09-13 18:18:01,588 [main] DEBUG balancer.ContainerBalancerTask (ContainerBalancerTask.java:initializeIteration(398)) - Utilization for node 4f8b90ca-0de4-41c4-9e7a-c9c2260fa494 with capacity 56908316672B, used 0B, and remaining 56908316672B is 0.0
2023-09-13 18:18:01,588 [main] INFO  balancer.ContainerBalancerTask (ContainerBalancerTask.java:initializeIteration(443)) - Did not find any unbalanced Datanodes.
2023-09-13 18:18:01,588 [main] INFO  balancer.ContainerBalancerTask (ContainerBalancerTask.java:tryStopWithSaveConfiguration(308)) - Save Configuration for stopping. Reason: Could not initialize ContainerBalancer's iteration number 0
]]></system-out>
  </testcase>
  <testcase name="containerMoveSelectionShouldFollowPlacementPolicy" classname="org.apache.hadoop.hdds.scm.container.balancer.TestContainerBalancerTask" time="0.114">
    <system-out><![CDATA[2023-09-13 18:18:01,623 [main] INFO  net.NodeSchemaLoader (NodeSchemaLoader.java:loadSchemaFromFile(129)) - Loading schema from [file:/home/runner/work/ozone/ozone/hadoop-hdds/common/target/classes/network-topology-default.xml]
2023-09-13 18:18:01,623 [main] INFO  net.NodeSchemaLoader (NodeSchemaLoader.java:loadSchema(176)) - Loading network topology layer schema file
2023-09-13 18:18:01,625 [main] INFO  net.NetworkTopologyImpl (NetworkTopologyImpl.java:add(112)) - Added a new node: /default-rack/646d9d34-f41d-4c68-9f57-3330469bda30
2023-09-13 18:18:01,625 [main] INFO  net.NetworkTopologyImpl (NetworkTopologyImpl.java:add(112)) - Added a new node: /default-rack/db4a8399-a6a7-46f6-a6dd-15a50a46c928
2023-09-13 18:18:01,626 [main] INFO  net.NetworkTopologyImpl (NetworkTopologyImpl.java:add(112)) - Added a new node: /default-rack/ea870ff0-0e58-4426-9e3f-c5dd32391567
2023-09-13 18:18:01,626 [main] INFO  net.NetworkTopologyImpl (NetworkTopologyImpl.java:add(112)) - Added a new node: /default-rack/2a0cec39-8295-4237-9c32-a1fdd3e9dda4
2023-09-13 18:18:01,626 [main] INFO  net.NetworkTopologyImpl (NetworkTopologyImpl.java:add(112)) - Added a new node: /default-rack/de2cc448-7327-45f3-8d61-209ddb298260
2023-09-13 18:18:01,626 [main] INFO  net.NetworkTopologyImpl (NetworkTopologyImpl.java:add(112)) - Added a new node: /default-rack/0a181a33-7a6f-4987-8dc3-941a2e5ff3c2
2023-09-13 18:18:01,626 [main] INFO  net.NetworkTopologyImpl (NetworkTopologyImpl.java:add(112)) - Added a new node: /default-rack/15fc3ef2-1846-4dad-a459-66181a94ce2c
2023-09-13 18:18:01,627 [main] INFO  net.NetworkTopologyImpl (NetworkTopologyImpl.java:add(112)) - Added a new node: /default-rack/c793faa0-1c99-4759-9b34-0b43c098ef20
2023-09-13 18:18:01,627 [main] INFO  net.NetworkTopologyImpl (NetworkTopologyImpl.java:add(112)) - Added a new node: /default-rack/95c748f0-a918-43d8-bda9-33b740653570
2023-09-13 18:18:01,627 [main] INFO  net.NetworkTopologyImpl (NetworkTopologyImpl.java:add(112)) - Added a new node: /default-rack/4ba19a53-f0aa-42a6-9405-019067444d51
2023-09-13 18:18:01,627 [main] INFO  algorithms.ContainerPlacementPolicyFactory (ContainerPlacementPolicyFactory.java:getPolicyInternal(86)) - Create container placement policy of type org.apache.hadoop.hdds.scm.container.placement.algorithms.SCMContainerPlacementRackAware
2023-09-13 18:18:01,627 [main] INFO  algorithms.ContainerPlacementPolicyFactory (ContainerPlacementPolicyFactory.java:getPolicyInternal(86)) - Create container placement policy of type org.apache.hadoop.hdds.scm.container.placement.algorithms.SCMContainerPlacementRackScatter
2023-09-13 18:18:01,631 [main] DEBUG balancer.ContainerBalancerTask (ContainerBalancerTask.java:initializeIteration(374)) - Average utilization of the cluster is 0.4131672888797452
2023-09-13 18:18:01,631 [main] DEBUG balancer.ContainerBalancerTask (ContainerBalancerTask.java:initializeIteration(386)) - Lower limit for utilization is 0.3131672888797452 and Upper limit for utilization is 0.5131672888797452
2023-09-13 18:18:01,632 [main] DEBUG balancer.ContainerBalancerTask (ContainerBalancerTask.java:initializeIteration(398)) - Utilization for node db4a8399-a6a7-46f6-a6dd-15a50a46c928 with capacity 64424509440B, used 57982058496B, and remaining 6442450944B is 0.9
2023-09-13 18:18:01,632 [main] DEBUG balancer.ContainerBalancerTask (ContainerBalancerTask.java:initializeIteration(398)) - Utilization for node de2cc448-7327-45f3-8d61-209ddb298260 with capacity 59055800320B, used 47244640256B, and remaining 11811160064B is 0.8
2023-09-13 18:18:01,632 [main] DEBUG balancer.ContainerBalancerTask (ContainerBalancerTask.java:initializeIteration(398)) - Utilization for node 95c748f0-a918-43d8-bda9-33b740653570 with capacity 84365429028B, used 59055800320B, and remaining 25309628708B is 0.7000000000047413
2023-09-13 18:18:01,632 [main] DEBUG balancer.ContainerBalancerTask (ContainerBalancerTask.java:initializeIteration(398)) - Utilization for node 2a0cec39-8295-4237-9c32-a1fdd3e9dda4 with capacity 93057624746B, used 55834574848B, and remaining 37223049898B is 0.6000000000042984
2023-09-13 18:18:01,632 [main] DEBUG balancer.ContainerBalancerTask (ContainerBalancerTask.java:initializeIteration(398)) - Utilization for node ea870ff0-0e58-4426-9e3f-c5dd32391567 with capacity 94489280512B, used 47244640256B, and remaining 47244640256B is 0.5
2023-09-13 18:18:01,632 [main] DEBUG balancer.ContainerBalancerTask (ContainerBalancerTask.java:initializeIteration(398)) - Utilization for node 646d9d34-f41d-4c68-9f57-3330469bda30 with capacity 99321118720B, used 39728447488B, and remaining 59592671232B is 0.4
2023-09-13 18:18:01,633 [main] DEBUG balancer.ContainerBalancerTask (ContainerBalancerTask.java:initializeIteration(398)) - Utilization for node 0a181a33-7a6f-4987-8dc3-941a2e5ff3c2 with capacity 107374182400B, used 32212254720B, and remaining 75161927680B is 0.3
2023-09-13 18:18:01,633 [main] DEBUG balancer.ContainerBalancerTask (ContainerBalancerTask.java:initializeIteration(398)) - Utilization for node c793faa0-1c99-4759-9b34-0b43c098ef20 with capacity 171798691840B, used 34359738368B, and remaining 137438953472B is 0.2
2023-09-13 18:18:01,633 [main] DEBUG balancer.ContainerBalancerTask (ContainerBalancerTask.java:initializeIteration(398)) - Utilization for node 4ba19a53-f0aa-42a6-9405-019067444d51 with capacity 139586437120B, used 13958643712B, and remaining 125627793408B is 0.1
2023-09-13 18:18:01,633 [main] DEBUG balancer.ContainerBalancerTask (ContainerBalancerTask.java:initializeIteration(398)) - Utilization for node 15fc3ef2-1846-4dad-a459-66181a94ce2c with capacity 24696061952B, used 0B, and remaining 24696061952B is 0.0
2023-09-13 18:18:01,633 [main] INFO  balancer.ContainerBalancerTask (ContainerBalancerTask.java:initializeIteration(447)) - Container Balancer has identified 4 Over-Utilized and 4 Under-Utilized Datanodes that need to be balanced.
2023-09-13 18:18:01,633 [main] DEBUG balancer.ContainerBalancerTask (ContainerBalancerTask.java:lambda$initializeIteration$1(453)) - Datanode localhost-66.85.192.154 db4a8399-a6a7-46f6-a6dd-15a50a46c928 is Over-Utilized.
2023-09-13 18:18:01,633 [main] DEBUG balancer.ContainerBalancerTask (ContainerBalancerTask.java:lambda$initializeIteration$1(453)) - Datanode localhost-60.13.171.96 de2cc448-7327-45f3-8d61-209ddb298260 is Over-Utilized.
2023-09-13 18:18:01,634 [main] DEBUG balancer.ContainerBalancerTask (ContainerBalancerTask.java:lambda$initializeIteration$1(453)) - Datanode localhost-2.30.181.238 95c748f0-a918-43d8-bda9-33b740653570 is Over-Utilized.
2023-09-13 18:18:01,634 [main] DEBUG balancer.ContainerBalancerTask (ContainerBalancerTask.java:lambda$initializeIteration$1(453)) - Datanode localhost-162.225.184.37 2a0cec39-8295-4237-9c32-a1fdd3e9dda4 is Over-Utilized.
2023-09-13 18:18:01,634 [main] DEBUG balancer.ContainerBalancerTask (ContainerBalancerTask.java:lambda$initializeIteration$2(459)) - Datanode localhost-131.46.95.69 15fc3ef2-1846-4dad-a459-66181a94ce2c is Under-Utilized.
2023-09-13 18:18:01,634 [main] DEBUG balancer.ContainerBalancerTask (ContainerBalancerTask.java:lambda$initializeIteration$2(459)) - Datanode localhost-198.163.149.24 4ba19a53-f0aa-42a6-9405-019067444d51 is Under-Utilized.
2023-09-13 18:18:01,634 [main] DEBUG balancer.ContainerBalancerTask (ContainerBalancerTask.java:lambda$initializeIteration$2(459)) - Datanode localhost-198.155.3.188 c793faa0-1c99-4759-9b34-0b43c098ef20 is Under-Utilized.
2023-09-13 18:18:01,634 [main] DEBUG balancer.ContainerBalancerTask (ContainerBalancerTask.java:lambda$initializeIteration$2(459)) - Datanode localhost-200.211.34.193 0a181a33-7a6f-4987-8dc3-941a2e5ff3c2 is Under-Utilized.
2023-09-13 18:18:01,639 [main] DEBUG balancer.ContainerBalancerTask (ContainerBalancerTask.java:matchSourceWithTarget(708)) - ContainerBalancer is finding suitable target for source datanode db4a8399-a6a7-46f6-a6dd-15a50a46c928
2023-09-13 18:18:01,639 [main] INFO  balancer.ContainerBalancerTask (ContainerBalancerTask.java:matchSourceWithTarget(722)) - ContainerBalancer matched source datanode db4a8399-a6a7-46f6-a6dd-15a50a46c928 with target datanode 15fc3ef2-1846-4dad-a459-66181a94ce2c for container move.
2023-09-13 18:18:01,639 [main] INFO  balancer.ContainerBalancerTask (ContainerBalancerTask.java:processMoveSelection(569)) - ContainerBalancer is trying to move container #85 with size 5368709120B from source datanode db4a8399-a6a7-46f6-a6dd-15a50a46c928 to target datanode 15fc3ef2-1846-4dad-a459-66181a94ce2c
2023-09-13 18:18:01,640 [main] DEBUG balancer.ContainerBalancerTask (ContainerBalancerTask.java:lambda$moveContainer$3(837)) - Container move completed for container #85 from source db4a8399-a6a7-46f6-a6dd-15a50a46c928 to target 15fc3ef2-1846-4dad-a459-66181a94ce2c
2023-09-13 18:18:01,644 [main] DEBUG balancer.ContainerBalancerTask (ContainerBalancerTask.java:matchSourceWithTarget(708)) - ContainerBalancer is finding suitable target for source datanode db4a8399-a6a7-46f6-a6dd-15a50a46c928
2023-09-13 18:18:01,644 [main] INFO  balancer.ContainerBalancerTask (ContainerBalancerTask.java:matchSourceWithTarget(722)) - ContainerBalancer matched source datanode db4a8399-a6a7-46f6-a6dd-15a50a46c928 with target datanode 4ba19a53-f0aa-42a6-9405-019067444d51 for container move.
2023-09-13 18:18:01,644 [main] INFO  balancer.ContainerBalancerTask (ContainerBalancerTask.java:processMoveSelection(569)) - ContainerBalancer is trying to move container #40 with size 5368709120B from source datanode db4a8399-a6a7-46f6-a6dd-15a50a46c928 to target datanode 4ba19a53-f0aa-42a6-9405-019067444d51
2023-09-13 18:18:01,645 [main] DEBUG balancer.ContainerBalancerTask (ContainerBalancerTask.java:lambda$moveContainer$3(837)) - Container move completed for container #40 from source db4a8399-a6a7-46f6-a6dd-15a50a46c928 to target 4ba19a53-f0aa-42a6-9405-019067444d51
2023-09-13 18:18:01,648 [main] DEBUG balancer.ContainerBalancerTask (ContainerBalancerTask.java:matchSourceWithTarget(708)) - ContainerBalancer is finding suitable target for source datanode de2cc448-7327-45f3-8d61-209ddb298260
2023-09-13 18:18:01,648 [main] INFO  balancer.ContainerBalancerTask (ContainerBalancerTask.java:matchSourceWithTarget(722)) - ContainerBalancer matched source datanode de2cc448-7327-45f3-8d61-209ddb298260 with target datanode 4ba19a53-f0aa-42a6-9405-019067444d51 for container move.
2023-09-13 18:18:01,649 [main] INFO  balancer.ContainerBalancerTask (ContainerBalancerTask.java:processMoveSelection(569)) - ContainerBalancer is trying to move container #68 with size 5368709120B from source datanode de2cc448-7327-45f3-8d61-209ddb298260 to target datanode 4ba19a53-f0aa-42a6-9405-019067444d51
2023-09-13 18:18:01,649 [main] DEBUG balancer.ContainerBalancerTask (ContainerBalancerTask.java:lambda$moveContainer$3(837)) - Container move completed for container #68 from source de2cc448-7327-45f3-8d61-209ddb298260 to target 4ba19a53-f0aa-42a6-9405-019067444d51
2023-09-13 18:18:01,653 [main] DEBUG balancer.ContainerBalancerTask (ContainerBalancerTask.java:matchSourceWithTarget(708)) - ContainerBalancer is finding suitable target for source datanode db4a8399-a6a7-46f6-a6dd-15a50a46c928
2023-09-13 18:18:01,653 [main] INFO  balancer.ContainerBalancerTask (ContainerBalancerTask.java:matchSourceWithTarget(722)) - ContainerBalancer matched source datanode db4a8399-a6a7-46f6-a6dd-15a50a46c928 with target datanode 4ba19a53-f0aa-42a6-9405-019067444d51 for container move.
2023-09-13 18:18:01,653 [main] INFO  balancer.ContainerBalancerTask (ContainerBalancerTask.java:processMoveSelection(569)) - ContainerBalancer is trying to move container #89 with size 4294967296B from source datanode db4a8399-a6a7-46f6-a6dd-15a50a46c928 to target datanode 4ba19a53-f0aa-42a6-9405-019067444d51
2023-09-13 18:18:01,654 [main] DEBUG balancer.ContainerBalancerTask (ContainerBalancerTask.java:lambda$moveContainer$3(837)) - Container move completed for container #89 from source db4a8399-a6a7-46f6-a6dd-15a50a46c928 to target 4ba19a53-f0aa-42a6-9405-019067444d51
2023-09-13 18:18:01,657 [main] DEBUG balancer.ContainerBalancerTask (ContainerBalancerTask.java:matchSourceWithTarget(708)) - ContainerBalancer is finding suitable target for source datanode de2cc448-7327-45f3-8d61-209ddb298260
2023-09-13 18:18:01,657 [main] INFO  balancer.ContainerBalancerTask (ContainerBalancerTask.java:matchSourceWithTarget(722)) - ContainerBalancer matched source datanode de2cc448-7327-45f3-8d61-209ddb298260 with target datanode c793faa0-1c99-4759-9b34-0b43c098ef20 for container move.
2023-09-13 18:18:01,658 [main] INFO  balancer.ContainerBalancerTask (ContainerBalancerTask.java:processMoveSelection(569)) - ContainerBalancer is trying to move container #29 with size 5368709120B from source datanode de2cc448-7327-45f3-8d61-209ddb298260 to target datanode c793faa0-1c99-4759-9b34-0b43c098ef20
2023-09-13 18:18:01,658 [main] DEBUG balancer.ContainerBalancerTask (ContainerBalancerTask.java:lambda$moveContainer$3(837)) - Container move completed for container #29 from source de2cc448-7327-45f3-8d61-209ddb298260 to target c793faa0-1c99-4759-9b34-0b43c098ef20
2023-09-13 18:18:01,662 [main] DEBUG balancer.ContainerBalancerTask (ContainerBalancerTask.java:matchSourceWithTarget(708)) - ContainerBalancer is finding suitable target for source datanode 95c748f0-a918-43d8-bda9-33b740653570
2023-09-13 18:18:01,663 [main] INFO  balancer.ContainerBalancerTask (ContainerBalancerTask.java:matchSourceWithTarget(722)) - ContainerBalancer matched source datanode 95c748f0-a918-43d8-bda9-33b740653570 with target datanode 4ba19a53-f0aa-42a6-9405-019067444d51 for container move.
2023-09-13 18:18:01,663 [main] INFO  balancer.ContainerBalancerTask (ContainerBalancerTask.java:processMoveSelection(569)) - ContainerBalancer is trying to move container #53 with size 5368709120B from source datanode 95c748f0-a918-43d8-bda9-33b740653570 to target datanode 4ba19a53-f0aa-42a6-9405-019067444d51
2023-09-13 18:18:01,664 [main] DEBUG balancer.ContainerBalancerTask (ContainerBalancerTask.java:lambda$moveContainer$3(837)) - Container move completed for container #53 from source 95c748f0-a918-43d8-bda9-33b740653570 to target 4ba19a53-f0aa-42a6-9405-019067444d51
2023-09-13 18:18:01,668 [main] DEBUG balancer.ContainerBalancerTask (ContainerBalancerTask.java:matchSourceWithTarget(708)) - ContainerBalancer is finding suitable target for source datanode db4a8399-a6a7-46f6-a6dd-15a50a46c928
2023-09-13 18:18:01,668 [main] INFO  balancer.ContainerBalancerTask (ContainerBalancerTask.java:matchSourceWithTarget(722)) - ContainerBalancer matched source datanode db4a8399-a6a7-46f6-a6dd-15a50a46c928 with target datanode 15fc3ef2-1846-4dad-a459-66181a94ce2c for container move.
2023-09-13 18:18:01,668 [main] INFO  balancer.ContainerBalancerTask (ContainerBalancerTask.java:processMoveSelection(569)) - ContainerBalancer is trying to move container #84 with size 4294967296B from source datanode db4a8399-a6a7-46f6-a6dd-15a50a46c928 to target datanode 15fc3ef2-1846-4dad-a459-66181a94ce2c
2023-09-13 18:18:01,668 [main] DEBUG balancer.ContainerBalancerTask (ContainerBalancerTask.java:lambda$moveContainer$3(837)) - Container move completed for container #84 from source db4a8399-a6a7-46f6-a6dd-15a50a46c928 to target 15fc3ef2-1846-4dad-a459-66181a94ce2c
2023-09-13 18:18:01,680 [main] DEBUG balancer.ContainerBalancerTask (ContainerBalancerTask.java:matchSourceWithTarget(708)) - ContainerBalancer is finding suitable target for source datanode 95c748f0-a918-43d8-bda9-33b740653570
2023-09-13 18:18:01,681 [main] INFO  balancer.ContainerBalancerTask (ContainerBalancerTask.java:matchSourceWithTarget(722)) - ContainerBalancer matched source datanode 95c748f0-a918-43d8-bda9-33b740653570 with target datanode c793faa0-1c99-4759-9b34-0b43c098ef20 for container move.
2023-09-13 18:18:01,682 [main] INFO  balancer.ContainerBalancerTask (ContainerBalancerTask.java:processMoveSelection(569)) - ContainerBalancer is trying to move container #67 with size 4294967296B from source datanode 95c748f0-a918-43d8-bda9-33b740653570 to target datanode c793faa0-1c99-4759-9b34-0b43c098ef20
2023-09-13 18:18:01,683 [main] DEBUG balancer.ContainerBalancerTask (ContainerBalancerTask.java:lambda$moveContainer$3(837)) - Container move completed for container #67 from source 95c748f0-a918-43d8-bda9-33b740653570 to target c793faa0-1c99-4759-9b34-0b43c098ef20
2023-09-13 18:18:01,686 [main] DEBUG balancer.ContainerBalancerTask (ContainerBalancerTask.java:matchSourceWithTarget(708)) - ContainerBalancer is finding suitable target for source datanode de2cc448-7327-45f3-8d61-209ddb298260
2023-09-13 18:18:01,686 [main] INFO  balancer.ContainerBalancerTask (ContainerBalancerTask.java:matchSourceWithTarget(722)) - ContainerBalancer matched source datanode de2cc448-7327-45f3-8d61-209ddb298260 with target datanode 4ba19a53-f0aa-42a6-9405-019067444d51 for container move.
2023-09-13 18:18:01,687 [main] INFO  balancer.ContainerBalancerTask (ContainerBalancerTask.java:processMoveSelection(569)) - ContainerBalancer is trying to move container #66 with size 3221225472B from source datanode de2cc448-7327-45f3-8d61-209ddb298260 to target datanode 4ba19a53-f0aa-42a6-9405-019067444d51
2023-09-13 18:18:01,687 [main] DEBUG balancer.ContainerBalancerTask (ContainerBalancerTask.java:lambda$moveContainer$3(837)) - Container move completed for container #66 from source de2cc448-7327-45f3-8d61-209ddb298260 to target 4ba19a53-f0aa-42a6-9405-019067444d51
2023-09-13 18:18:01,691 [main] DEBUG balancer.ContainerBalancerTask (ContainerBalancerTask.java:matchSourceWithTarget(708)) - ContainerBalancer is finding suitable target for source datanode 2a0cec39-8295-4237-9c32-a1fdd3e9dda4
2023-09-13 18:18:01,691 [main] INFO  balancer.ContainerBalancerTask (ContainerBalancerTask.java:matchSourceWithTarget(722)) - ContainerBalancer matched source datanode 2a0cec39-8295-4237-9c32-a1fdd3e9dda4 with target datanode c793faa0-1c99-4759-9b34-0b43c098ef20 for container move.
2023-09-13 18:18:01,691 [main] INFO  balancer.ContainerBalancerTask (ContainerBalancerTask.java:processMoveSelection(569)) - ContainerBalancer is trying to move container #39 with size 4294967296B from source datanode 2a0cec39-8295-4237-9c32-a1fdd3e9dda4 to target datanode c793faa0-1c99-4759-9b34-0b43c098ef20
2023-09-13 18:18:01,692 [main] DEBUG balancer.ContainerBalancerTask (ContainerBalancerTask.java:lambda$moveContainer$3(837)) - Container move completed for container #39 from source 2a0cec39-8295-4237-9c32-a1fdd3e9dda4 to target c793faa0-1c99-4759-9b34-0b43c098ef20
2023-09-13 18:18:01,696 [main] DEBUG balancer.ContainerBalancerTask (ContainerBalancerTask.java:matchSourceWithTarget(708)) - ContainerBalancer is finding suitable target for source datanode db4a8399-a6a7-46f6-a6dd-15a50a46c928
2023-09-13 18:18:01,696 [main] INFO  balancer.ContainerBalancerTask (ContainerBalancerTask.java:matchSourceWithTarget(722)) - ContainerBalancer matched source datanode db4a8399-a6a7-46f6-a6dd-15a50a46c928 with target datanode 4ba19a53-f0aa-42a6-9405-019067444d51 for container move.
2023-09-13 18:18:01,696 [main] INFO  balancer.ContainerBalancerTask (ContainerBalancerTask.java:processMoveSelection(569)) - ContainerBalancer is trying to move container #19 with size 4294967296B from source datanode db4a8399-a6a7-46f6-a6dd-15a50a46c928 to target datanode 4ba19a53-f0aa-42a6-9405-019067444d51
2023-09-13 18:18:01,697 [main] DEBUG balancer.ContainerBalancerTask (ContainerBalancerTask.java:lambda$moveContainer$3(837)) - Container move completed for container #19 from source db4a8399-a6a7-46f6-a6dd-15a50a46c928 to target 4ba19a53-f0aa-42a6-9405-019067444d51
2023-09-13 18:18:01,702 [main] DEBUG balancer.ContainerBalancerTask (ContainerBalancerTask.java:matchSourceWithTarget(708)) - ContainerBalancer is finding suitable target for source datanode 95c748f0-a918-43d8-bda9-33b740653570
2023-09-13 18:18:01,703 [main] INFO  balancer.ContainerBalancerTask (ContainerBalancerTask.java:matchSourceWithTarget(722)) - ContainerBalancer matched source datanode 95c748f0-a918-43d8-bda9-33b740653570 with target datanode c793faa0-1c99-4759-9b34-0b43c098ef20 for container move.
2023-09-13 18:18:01,703 [main] INFO  balancer.ContainerBalancerTask (ContainerBalancerTask.java:processMoveSelection(569)) - ContainerBalancer is trying to move container #55 with size 2147483648B from source datanode 95c748f0-a918-43d8-bda9-33b740653570 to target datanode c793faa0-1c99-4759-9b34-0b43c098ef20
2023-09-13 18:18:01,703 [main] DEBUG balancer.ContainerBalancerTask (ContainerBalancerTask.java:lambda$moveContainer$3(837)) - Container move completed for container #55 from source 95c748f0-a918-43d8-bda9-33b740653570 to target c793faa0-1c99-4759-9b34-0b43c098ef20
2023-09-13 18:18:01,703 [main] WARN  balancer.ContainerBalancerTask (ContainerBalancerTask.java:reachedMaxSizeToMovePerIteration(733)) - Reached max size to move limit. 53687091200 bytes have already been scheduled for balancing and the limit is 53687091200 bytes.
2023-09-13 18:18:01,704 [main] INFO  balancer.ContainerBalancerTask (ContainerBalancerTask.java:checkIterationMoveResults(642)) - Iteration Summary. Number of Datanodes involved: 7. Size moved: 50 GB (53687091200 Bytes). Number of Container moves completed: 12.
2023-09-13 18:18:01,704 [main] INFO  balancer.ContainerBalancerTask (ContainerBalancerTask.java:balance(259)) - Result of this iteration of Container Balancer: ITERATION_COMPLETED
2023-09-13 18:18:01,704 [main] INFO  balancer.ContainerBalancerTask (ContainerBalancerTask.java:tryStopWithSaveConfiguration(308)) - Save Configuration for stopping. Reason: Completed all iterations.
]]></system-out>
  </testcase>
  <testcase name="testContainerBalancerConfiguration" classname="org.apache.hadoop.hdds.scm.container.balancer.TestContainerBalancerTask" time="0.072">
    <system-out><![CDATA[2023-09-13 18:18:01,746 [main] INFO  net.NodeSchemaLoader (NodeSchemaLoader.java:loadSchemaFromFile(129)) - Loading schema from [file:/home/runner/work/ozone/ozone/hadoop-hdds/common/target/classes/network-topology-default.xml]
2023-09-13 18:18:01,746 [main] INFO  net.NodeSchemaLoader (NodeSchemaLoader.java:loadSchema(176)) - Loading network topology layer schema file
2023-09-13 18:18:01,752 [main] INFO  net.NetworkTopologyImpl (NetworkTopologyImpl.java:add(112)) - Added a new node: /default-rack/2cdf5318-cc94-469a-a802-b2c9095761b5
2023-09-13 18:18:01,752 [main] INFO  net.NetworkTopologyImpl (NetworkTopologyImpl.java:add(112)) - Added a new node: /default-rack/d2ecdc3e-30d6-44a8-986d-29b927e0d1dc
2023-09-13 18:18:01,753 [main] INFO  net.NetworkTopologyImpl (NetworkTopologyImpl.java:add(112)) - Added a new node: /default-rack/134c4355-51e0-4b5e-a119-d38af66d7e1c
2023-09-13 18:18:01,753 [main] INFO  net.NetworkTopologyImpl (NetworkTopologyImpl.java:add(112)) - Added a new node: /default-rack/6acb0930-d837-4267-8791-41d0ce3a6977
2023-09-13 18:18:01,753 [main] INFO  net.NetworkTopologyImpl (NetworkTopologyImpl.java:add(112)) - Added a new node: /default-rack/fcd0be09-d8d4-4e36-b87d-4b70f84fbf9e
2023-09-13 18:18:01,753 [main] INFO  net.NetworkTopologyImpl (NetworkTopologyImpl.java:add(112)) - Added a new node: /default-rack/a82f1764-1c84-41e9-baf1-a15b1cf3f238
2023-09-13 18:18:01,754 [main] INFO  net.NetworkTopologyImpl (NetworkTopologyImpl.java:add(112)) - Added a new node: /default-rack/ac59cb93-f5f2-408c-b719-6f9c62e82ec0
2023-09-13 18:18:01,754 [main] INFO  net.NetworkTopologyImpl (NetworkTopologyImpl.java:add(112)) - Added a new node: /default-rack/8de685cc-4715-4d72-8079-4f0e8fc459d4
2023-09-13 18:18:01,754 [main] INFO  net.NetworkTopologyImpl (NetworkTopologyImpl.java:add(112)) - Added a new node: /default-rack/b83f3add-3cb1-41a6-a677-2b4afedd4e38
2023-09-13 18:18:01,754 [main] INFO  net.NetworkTopologyImpl (NetworkTopologyImpl.java:add(112)) - Added a new node: /default-rack/d6ee9fb1-6a48-4154-9d35-b34124040cdc
2023-09-13 18:18:01,755 [main] INFO  algorithms.ContainerPlacementPolicyFactory (ContainerPlacementPolicyFactory.java:getPolicyInternal(86)) - Create container placement policy of type org.apache.hadoop.hdds.scm.container.placement.algorithms.SCMContainerPlacementRackAware
2023-09-13 18:18:01,755 [main] INFO  algorithms.ContainerPlacementPolicyFactory (ContainerPlacementPolicyFactory.java:getPolicyInternal(86)) - Create container placement policy of type org.apache.hadoop.hdds.scm.container.placement.algorithms.SCMContainerPlacementRackScatter
]]></system-out>
  </testcase>
  <testcase name="checkIterationResultTimeoutFromReplicationManager" classname="org.apache.hadoop.hdds.scm.container.balancer.TestContainerBalancerTask" time="0.089">
    <system-out><![CDATA[2023-09-13 18:18:01,812 [main] INFO  net.NodeSchemaLoader (NodeSchemaLoader.java:loadSchemaFromFile(129)) - Loading schema from [file:/home/runner/work/ozone/ozone/hadoop-hdds/common/target/classes/network-topology-default.xml]
2023-09-13 18:18:01,812 [main] INFO  net.NodeSchemaLoader (NodeSchemaLoader.java:loadSchema(176)) - Loading network topology layer schema file
2023-09-13 18:18:01,814 [main] INFO  net.NetworkTopologyImpl (NetworkTopologyImpl.java:add(112)) - Added a new node: /default-rack/a4ca1c2a-340e-495a-8380-51c0b06f0dbb
2023-09-13 18:18:01,814 [main] INFO  net.NetworkTopologyImpl (NetworkTopologyImpl.java:add(112)) - Added a new node: /default-rack/a272cc8b-68cd-4ddc-b737-5aaa76bf2ffb
2023-09-13 18:18:01,815 [main] INFO  net.NetworkTopologyImpl (NetworkTopologyImpl.java:add(112)) - Added a new node: /default-rack/7781c683-19a3-4675-89b6-3d82013632a7
2023-09-13 18:18:01,815 [main] INFO  net.NetworkTopologyImpl (NetworkTopologyImpl.java:add(112)) - Added a new node: /default-rack/caffa54a-ba58-4e62-bec1-6992392ed273
2023-09-13 18:18:01,815 [main] INFO  net.NetworkTopologyImpl (NetworkTopologyImpl.java:add(112)) - Added a new node: /default-rack/ea7d6e68-a2d6-4e41-9a56-3d8240a5d1e0
2023-09-13 18:18:01,815 [main] INFO  net.NetworkTopologyImpl (NetworkTopologyImpl.java:add(112)) - Added a new node: /default-rack/6a197e56-7f26-4272-8505-7093079c3d72
2023-09-13 18:18:01,815 [main] INFO  net.NetworkTopologyImpl (NetworkTopologyImpl.java:add(112)) - Added a new node: /default-rack/edd05a55-0890-40a2-809a-c028a07c2ff0
2023-09-13 18:18:01,815 [main] INFO  net.NetworkTopologyImpl (NetworkTopologyImpl.java:add(112)) - Added a new node: /default-rack/e08f2690-6686-41ba-b9b2-8e674fb0c98a
2023-09-13 18:18:01,816 [main] INFO  net.NetworkTopologyImpl (NetworkTopologyImpl.java:add(112)) - Added a new node: /default-rack/2af14c86-f240-4db8-8daf-98fd08cab21a
2023-09-13 18:18:01,816 [main] INFO  net.NetworkTopologyImpl (NetworkTopologyImpl.java:add(112)) - Added a new node: /default-rack/80439f55-cb09-42df-9ac2-894a3882c2e5
2023-09-13 18:18:01,816 [main] INFO  algorithms.ContainerPlacementPolicyFactory (ContainerPlacementPolicyFactory.java:getPolicyInternal(86)) - Create container placement policy of type org.apache.hadoop.hdds.scm.container.placement.algorithms.SCMContainerPlacementRackAware
2023-09-13 18:18:01,816 [main] INFO  algorithms.ContainerPlacementPolicyFactory (ContainerPlacementPolicyFactory.java:getPolicyInternal(86)) - Create container placement policy of type org.apache.hadoop.hdds.scm.container.placement.algorithms.SCMContainerPlacementRackScatter
2023-09-13 18:18:01,823 [main] DEBUG balancer.ContainerBalancerTask (ContainerBalancerTask.java:initializeIteration(374)) - Average utilization of the cluster is 0.38644318285746787
2023-09-13 18:18:01,823 [main] DEBUG balancer.ContainerBalancerTask (ContainerBalancerTask.java:initializeIteration(386)) - Lower limit for utilization is 0.28644318285746784 and Upper limit for utilization is 0.4864431828574679
2023-09-13 18:18:01,824 [main] DEBUG balancer.ContainerBalancerTask (ContainerBalancerTask.java:initializeIteration(398)) - Utilization for node 2af14c86-f240-4db8-8daf-98fd08cab21a with capacity 59652323555B, used 53687091200B, and remaining 5965232355B is 0.9000000000083819
2023-09-13 18:18:01,824 [main] DEBUG balancer.ContainerBalancerTask (ContainerBalancerTask.java:initializeIteration(398)) - Utilization for node e08f2690-6686-41ba-b9b2-8e674fb0c98a with capacity 84557168640B, used 67645734912B, and remaining 16911433728B is 0.8
2023-09-13 18:18:01,824 [main] DEBUG balancer.ContainerBalancerTask (ContainerBalancerTask.java:initializeIteration(398)) - Utilization for node caffa54a-ba58-4e62-bec1-6992392ed273 with capacity 81297595245B, used 56908316672B, and remaining 24389278573B is 0.7000000000061503
2023-09-13 18:18:01,824 [main] DEBUG balancer.ContainerBalancerTask (ContainerBalancerTask.java:initializeIteration(398)) - Utilization for node edd05a55-0890-40a2-809a-c028a07c2ff0 with capacity 87688915626B, used 52613349376B, and remaining 35075566250B is 0.6000000000045616
2023-09-13 18:18:01,824 [main] DEBUG balancer.ContainerBalancerTask (ContainerBalancerTask.java:initializeIteration(398)) - Utilization for node 7781c683-19a3-4675-89b6-3d82013632a7 with capacity 85899345920B, used 42949672960B, and remaining 42949672960B is 0.5
2023-09-13 18:18:01,824 [main] DEBUG balancer.ContainerBalancerTask (ContainerBalancerTask.java:initializeIteration(398)) - Utilization for node 6a197e56-7f26-4272-8505-7093079c3d72 with capacity 126164664320B, used 50465865728B, and remaining 75698798592B is 0.4
2023-09-13 18:18:01,824 [main] DEBUG balancer.ContainerBalancerTask (ContainerBalancerTask.java:initializeIteration(398)) - Utilization for node 80439f55-cb09-42df-9ac2-894a3882c2e5 with capacity 125269879466B, used 37580963840B, and remaining 87688915626B is 0.30000000000159655
2023-09-13 18:18:01,825 [main] DEBUG balancer.ContainerBalancerTask (ContainerBalancerTask.java:initializeIteration(398)) - Utilization for node a4ca1c2a-340e-495a-8380-51c0b06f0dbb with capacity 128849018880B, used 25769803776B, and remaining 103079215104B is 0.2
2023-09-13 18:18:01,825 [main] DEBUG balancer.ContainerBalancerTask (ContainerBalancerTask.java:initializeIteration(398)) - Utilization for node a272cc8b-68cd-4ddc-b737-5aaa76bf2ffb with capacity 268435456000B, used 26843545600B, and remaining 241591910400B is 0.1
2023-09-13 18:18:01,825 [main] DEBUG balancer.ContainerBalancerTask (ContainerBalancerTask.java:initializeIteration(398)) - Utilization for node ea7d6e68-a2d6-4e41-9a56-3d8240a5d1e0 with capacity 24696061952B, used 0B, and remaining 24696061952B is 0.0
2023-09-13 18:18:01,825 [main] INFO  balancer.ContainerBalancerTask (ContainerBalancerTask.java:initializeIteration(447)) - Container Balancer has identified 5 Over-Utilized and 3 Under-Utilized Datanodes that need to be balanced.
2023-09-13 18:18:01,825 [main] DEBUG balancer.ContainerBalancerTask (ContainerBalancerTask.java:lambda$initializeIteration$1(453)) - Datanode localhost-33.217.117.172 2af14c86-f240-4db8-8daf-98fd08cab21a is Over-Utilized.
2023-09-13 18:18:01,825 [main] DEBUG balancer.ContainerBalancerTask (ContainerBalancerTask.java:lambda$initializeIteration$1(453)) - Datanode localhost-158.212.71.36 e08f2690-6686-41ba-b9b2-8e674fb0c98a is Over-Utilized.
2023-09-13 18:18:01,825 [main] DEBUG balancer.ContainerBalancerTask (ContainerBalancerTask.java:lambda$initializeIteration$1(453)) - Datanode localhost-3.173.137.74 caffa54a-ba58-4e62-bec1-6992392ed273 is Over-Utilized.
2023-09-13 18:18:01,826 [main] DEBUG balancer.ContainerBalancerTask (ContainerBalancerTask.java:lambda$initializeIteration$1(453)) - Datanode localhost-75.195.62.161 edd05a55-0890-40a2-809a-c028a07c2ff0 is Over-Utilized.
2023-09-13 18:18:01,826 [main] DEBUG balancer.ContainerBalancerTask (ContainerBalancerTask.java:lambda$initializeIteration$1(453)) - Datanode localhost-132.152.64.102 7781c683-19a3-4675-89b6-3d82013632a7 is Over-Utilized.
2023-09-13 18:18:01,826 [main] DEBUG balancer.ContainerBalancerTask (ContainerBalancerTask.java:lambda$initializeIteration$2(459)) - Datanode localhost-176.50.145.194 ea7d6e68-a2d6-4e41-9a56-3d8240a5d1e0 is Under-Utilized.
2023-09-13 18:18:01,826 [main] DEBUG balancer.ContainerBalancerTask (ContainerBalancerTask.java:lambda$initializeIteration$2(459)) - Datanode localhost-42.114.179.137 a272cc8b-68cd-4ddc-b737-5aaa76bf2ffb is Under-Utilized.
2023-09-13 18:18:01,826 [main] DEBUG balancer.ContainerBalancerTask (ContainerBalancerTask.java:lambda$initializeIteration$2(459)) - Datanode localhost-66.234.198.137 a4ca1c2a-340e-495a-8380-51c0b06f0dbb is Under-Utilized.
2023-09-13 18:18:01,830 [main] DEBUG balancer.ContainerBalancerTask (ContainerBalancerTask.java:matchSourceWithTarget(708)) - ContainerBalancer is finding suitable target for source datanode 2af14c86-f240-4db8-8daf-98fd08cab21a
2023-09-13 18:18:01,830 [main] INFO  balancer.ContainerBalancerTask (ContainerBalancerTask.java:matchSourceWithTarget(722)) - ContainerBalancer matched source datanode 2af14c86-f240-4db8-8daf-98fd08cab21a with target datanode ea7d6e68-a2d6-4e41-9a56-3d8240a5d1e0 for container move.
2023-09-13 18:18:01,830 [main] INFO  balancer.ContainerBalancerTask (ContainerBalancerTask.java:processMoveSelection(569)) - ContainerBalancer is trying to move container #84 with size 4294967296B from source datanode 2af14c86-f240-4db8-8daf-98fd08cab21a to target datanode ea7d6e68-a2d6-4e41-9a56-3d8240a5d1e0
2023-09-13 18:18:01,831 [main] WARN  balancer.ContainerBalancerTask (ContainerBalancerTask.java:lambda$moveContainer$3(842)) - Container move for container #84 from source 2af14c86-f240-4db8-8daf-98fd08cab21a to target ea7d6e68-a2d6-4e41-9a56-3d8240a5d1e0 failed: REPLICATION_FAIL_TIME_OUT
2023-09-13 18:18:01,835 [main] DEBUG balancer.ContainerBalancerTask (ContainerBalancerTask.java:matchSourceWithTarget(708)) - ContainerBalancer is finding suitable target for source datanode e08f2690-6686-41ba-b9b2-8e674fb0c98a
2023-09-13 18:18:01,835 [main] INFO  balancer.ContainerBalancerTask (ContainerBalancerTask.java:matchSourceWithTarget(722)) - ContainerBalancer matched source datanode e08f2690-6686-41ba-b9b2-8e674fb0c98a with target datanode ea7d6e68-a2d6-4e41-9a56-3d8240a5d1e0 for container move.
2023-09-13 18:18:01,835 [main] INFO  balancer.ContainerBalancerTask (ContainerBalancerTask.java:processMoveSelection(569)) - ContainerBalancer is trying to move container #68 with size 5368709120B from source datanode e08f2690-6686-41ba-b9b2-8e674fb0c98a to target datanode ea7d6e68-a2d6-4e41-9a56-3d8240a5d1e0
2023-09-13 18:18:01,836 [main] WARN  balancer.ContainerBalancerTask (ContainerBalancerTask.java:lambda$moveContainer$3(842)) - Container move for container #68 from source e08f2690-6686-41ba-b9b2-8e674fb0c98a to target ea7d6e68-a2d6-4e41-9a56-3d8240a5d1e0 failed: DELETION_FAIL_TIME_OUT
2023-09-13 18:18:01,839 [main] DEBUG balancer.ContainerBalancerTask (ContainerBalancerTask.java:matchSourceWithTarget(708)) - ContainerBalancer is finding suitable target for source datanode caffa54a-ba58-4e62-bec1-6992392ed273
2023-09-13 18:18:01,839 [main] INFO  balancer.ContainerBalancerTask (ContainerBalancerTask.java:matchSourceWithTarget(722)) - ContainerBalancer matched source datanode caffa54a-ba58-4e62-bec1-6992392ed273 with target datanode ea7d6e68-a2d6-4e41-9a56-3d8240a5d1e0 for container move.
2023-09-13 18:18:01,839 [main] INFO  balancer.ContainerBalancerTask (ContainerBalancerTask.java:processMoveSelection(569)) - ContainerBalancer is trying to move container #40 with size 5368709120B from source datanode caffa54a-ba58-4e62-bec1-6992392ed273 to target datanode ea7d6e68-a2d6-4e41-9a56-3d8240a5d1e0
2023-09-13 18:18:01,839 [main] WARN  balancer.ContainerBalancerTask (ContainerBalancerTask.java:lambda$moveContainer$3(842)) - Container move for container #40 from source caffa54a-ba58-4e62-bec1-6992392ed273 to target ea7d6e68-a2d6-4e41-9a56-3d8240a5d1e0 failed: DELETION_FAIL_TIME_OUT
2023-09-13 18:18:01,842 [main] DEBUG balancer.ContainerBalancerTask (ContainerBalancerTask.java:matchSourceWithTarget(708)) - ContainerBalancer is finding suitable target for source datanode edd05a55-0890-40a2-809a-c028a07c2ff0
2023-09-13 18:18:01,843 [main] INFO  balancer.ContainerBalancerTask (ContainerBalancerTask.java:matchSourceWithTarget(722)) - ContainerBalancer matched source datanode edd05a55-0890-40a2-809a-c028a07c2ff0 with target datanode ea7d6e68-a2d6-4e41-9a56-3d8240a5d1e0 for container move.
2023-09-13 18:18:01,843 [main] INFO  balancer.ContainerBalancerTask (ContainerBalancerTask.java:processMoveSelection(569)) - ContainerBalancer is trying to move container #68 with size 5368709120B from source datanode edd05a55-0890-40a2-809a-c028a07c2ff0 to target datanode ea7d6e68-a2d6-4e41-9a56-3d8240a5d1e0
2023-09-13 18:18:01,843 [main] WARN  balancer.ContainerBalancerTask (ContainerBalancerTask.java:lambda$moveContainer$3(842)) - Container move for container #68 from source edd05a55-0890-40a2-809a-c028a07c2ff0 to target ea7d6e68-a2d6-4e41-9a56-3d8240a5d1e0 failed: DELETION_FAIL_TIME_OUT
2023-09-13 18:18:01,845 [main] DEBUG balancer.ContainerBalancerTask (ContainerBalancerTask.java:matchSourceWithTarget(708)) - ContainerBalancer is finding suitable target for source datanode 7781c683-19a3-4675-89b6-3d82013632a7
2023-09-13 18:18:01,846 [main] INFO  balancer.ContainerBalancerTask (ContainerBalancerTask.java:matchSourceWithTarget(722)) - ContainerBalancer matched source datanode 7781c683-19a3-4675-89b6-3d82013632a7 with target datanode ea7d6e68-a2d6-4e41-9a56-3d8240a5d1e0 for container move.
2023-09-13 18:18:01,846 [main] INFO  balancer.ContainerBalancerTask (ContainerBalancerTask.java:processMoveSelection(569)) - ContainerBalancer is trying to move container #84 with size 4294967296B from source datanode 7781c683-19a3-4675-89b6-3d82013632a7 to target datanode ea7d6e68-a2d6-4e41-9a56-3d8240a5d1e0
2023-09-13 18:18:01,846 [main] WARN  balancer.ContainerBalancerTask (ContainerBalancerTask.java:lambda$moveContainer$3(842)) - Container move for container #84 from source 7781c683-19a3-4675-89b6-3d82013632a7 to target ea7d6e68-a2d6-4e41-9a56-3d8240a5d1e0 failed: DELETION_FAIL_TIME_OUT
2023-09-13 18:18:01,846 [main] INFO  balancer.FindSourceGreedy (FindSourceGreedy.java:getNextCandidateSourceDataNode(126)) - no more candidate source data node
2023-09-13 18:18:01,846 [main] INFO  balancer.ContainerBalancerTask (ContainerBalancerTask.java:checkIterationMoveResults(642)) - Iteration Summary. Number of Datanodes involved: 0. Size moved: 0 B (0 Bytes). Number of Container moves completed: 0.
2023-09-13 18:18:01,847 [main] INFO  balancer.ContainerBalancerTask (ContainerBalancerTask.java:balance(259)) - Result of this iteration of Container Balancer: ITERATION_COMPLETED
2023-09-13 18:18:01,847 [main] INFO  balancer.ContainerBalancerTask (ContainerBalancerTask.java:tryStopWithSaveConfiguration(308)) - Save Configuration for stopping. Reason: Completed all iterations.
2023-09-13 18:18:01,848 [main] DEBUG balancer.ContainerBalancerTask (ContainerBalancerTask.java:initializeIteration(374)) - Average utilization of the cluster is 0.38644318285746787
2023-09-13 18:18:01,849 [main] DEBUG balancer.ContainerBalancerTask (ContainerBalancerTask.java:initializeIteration(386)) - Lower limit for utilization is 0.28644318285746784 and Upper limit for utilization is 0.4864431828574679
2023-09-13 18:18:01,849 [main] DEBUG balancer.ContainerBalancerTask (ContainerBalancerTask.java:initializeIteration(398)) - Utilization for node 2af14c86-f240-4db8-8daf-98fd08cab21a with capacity 59652323555B, used 53687091200B, and remaining 5965232355B is 0.9000000000083819
2023-09-13 18:18:01,849 [main] DEBUG balancer.ContainerBalancerTask (ContainerBalancerTask.java:initializeIteration(398)) - Utilization for node e08f2690-6686-41ba-b9b2-8e674fb0c98a with capacity 84557168640B, used 67645734912B, and remaining 16911433728B is 0.8
2023-09-13 18:18:01,849 [main] DEBUG balancer.ContainerBalancerTask (ContainerBalancerTask.java:initializeIteration(398)) - Utilization for node caffa54a-ba58-4e62-bec1-6992392ed273 with capacity 81297595245B, used 56908316672B, and remaining 24389278573B is 0.7000000000061503
2023-09-13 18:18:01,849 [main] DEBUG balancer.ContainerBalancerTask (ContainerBalancerTask.java:initializeIteration(398)) - Utilization for node edd05a55-0890-40a2-809a-c028a07c2ff0 with capacity 87688915626B, used 52613349376B, and remaining 35075566250B is 0.6000000000045616
2023-09-13 18:18:01,850 [main] DEBUG balancer.ContainerBalancerTask (ContainerBalancerTask.java:initializeIteration(398)) - Utilization for node 7781c683-19a3-4675-89b6-3d82013632a7 with capacity 85899345920B, used 42949672960B, and remaining 42949672960B is 0.5
2023-09-13 18:18:01,850 [main] DEBUG balancer.ContainerBalancerTask (ContainerBalancerTask.java:initializeIteration(398)) - Utilization for node 6a197e56-7f26-4272-8505-7093079c3d72 with capacity 126164664320B, used 50465865728B, and remaining 75698798592B is 0.4
2023-09-13 18:18:01,850 [main] DEBUG balancer.ContainerBalancerTask (ContainerBalancerTask.java:initializeIteration(398)) - Utilization for node 80439f55-cb09-42df-9ac2-894a3882c2e5 with capacity 125269879466B, used 37580963840B, and remaining 87688915626B is 0.30000000000159655
2023-09-13 18:18:01,850 [main] DEBUG balancer.ContainerBalancerTask (ContainerBalancerTask.java:initializeIteration(398)) - Utilization for node a4ca1c2a-340e-495a-8380-51c0b06f0dbb with capacity 128849018880B, used 25769803776B, and remaining 103079215104B is 0.2
2023-09-13 18:18:01,850 [main] DEBUG balancer.ContainerBalancerTask (ContainerBalancerTask.java:initializeIteration(398)) - Utilization for node a272cc8b-68cd-4ddc-b737-5aaa76bf2ffb with capacity 268435456000B, used 26843545600B, and remaining 241591910400B is 0.1
2023-09-13 18:18:01,850 [main] DEBUG balancer.ContainerBalancerTask (ContainerBalancerTask.java:initializeIteration(398)) - Utilization for node ea7d6e68-a2d6-4e41-9a56-3d8240a5d1e0 with capacity 24696061952B, used 0B, and remaining 24696061952B is 0.0
2023-09-13 18:18:01,850 [main] INFO  balancer.ContainerBalancerTask (ContainerBalancerTask.java:initializeIteration(447)) - Container Balancer has identified 5 Over-Utilized and 3 Under-Utilized Datanodes that need to be balanced.
2023-09-13 18:18:01,851 [main] DEBUG balancer.ContainerBalancerTask (ContainerBalancerTask.java:lambda$initializeIteration$1(453)) - Datanode localhost-33.217.117.172 2af14c86-f240-4db8-8daf-98fd08cab21a is Over-Utilized.
2023-09-13 18:18:01,851 [main] DEBUG balancer.ContainerBalancerTask (ContainerBalancerTask.java:lambda$initializeIteration$1(453)) - Datanode localhost-158.212.71.36 e08f2690-6686-41ba-b9b2-8e674fb0c98a is Over-Utilized.
2023-09-13 18:18:01,851 [main] DEBUG balancer.ContainerBalancerTask (ContainerBalancerTask.java:lambda$initializeIteration$1(453)) - Datanode localhost-3.173.137.74 caffa54a-ba58-4e62-bec1-6992392ed273 is Over-Utilized.
2023-09-13 18:18:01,851 [main] DEBUG balancer.ContainerBalancerTask (ContainerBalancerTask.java:lambda$initializeIteration$1(453)) - Datanode localhost-75.195.62.161 edd05a55-0890-40a2-809a-c028a07c2ff0 is Over-Utilized.
2023-09-13 18:18:01,851 [main] DEBUG balancer.ContainerBalancerTask (ContainerBalancerTask.java:lambda$initializeIteration$1(453)) - Datanode localhost-132.152.64.102 7781c683-19a3-4675-89b6-3d82013632a7 is Over-Utilized.
2023-09-13 18:18:01,851 [main] DEBUG balancer.ContainerBalancerTask (ContainerBalancerTask.java:lambda$initializeIteration$2(459)) - Datanode localhost-176.50.145.194 ea7d6e68-a2d6-4e41-9a56-3d8240a5d1e0 is Under-Utilized.
2023-09-13 18:18:01,851 [main] DEBUG balancer.ContainerBalancerTask (ContainerBalancerTask.java:lambda$initializeIteration$2(459)) - Datanode localhost-42.114.179.137 a272cc8b-68cd-4ddc-b737-5aaa76bf2ffb is Under-Utilized.
2023-09-13 18:18:01,851 [main] DEBUG balancer.ContainerBalancerTask (ContainerBalancerTask.java:lambda$initializeIteration$2(459)) - Datanode localhost-66.234.198.137 a4ca1c2a-340e-495a-8380-51c0b06f0dbb is Under-Utilized.
2023-09-13 18:18:01,855 [main] DEBUG balancer.ContainerBalancerTask (ContainerBalancerTask.java:matchSourceWithTarget(708)) - ContainerBalancer is finding suitable target for source datanode 2af14c86-f240-4db8-8daf-98fd08cab21a
2023-09-13 18:18:01,855 [main] INFO  balancer.ContainerBalancerTask (ContainerBalancerTask.java:matchSourceWithTarget(722)) - ContainerBalancer matched source datanode 2af14c86-f240-4db8-8daf-98fd08cab21a with target datanode ea7d6e68-a2d6-4e41-9a56-3d8240a5d1e0 for container move.
2023-09-13 18:18:01,855 [main] INFO  balancer.ContainerBalancerTask (ContainerBalancerTask.java:processMoveSelection(569)) - ContainerBalancer is trying to move container #85 with size 5368709120B from source datanode 2af14c86-f240-4db8-8daf-98fd08cab21a to target datanode ea7d6e68-a2d6-4e41-9a56-3d8240a5d1e0
2023-09-13 18:18:01,855 [main] WARN  balancer.ContainerBalancerTask (ContainerBalancerTask.java:lambda$moveContainer$3(842)) - Container move for container #85 from source 2af14c86-f240-4db8-8daf-98fd08cab21a to target ea7d6e68-a2d6-4e41-9a56-3d8240a5d1e0 failed: REPLICATION_FAIL_TIME_OUT
2023-09-13 18:18:01,860 [main] DEBUG balancer.ContainerBalancerTask (ContainerBalancerTask.java:matchSourceWithTarget(708)) - ContainerBalancer is finding suitable target for source datanode e08f2690-6686-41ba-b9b2-8e674fb0c98a
2023-09-13 18:18:01,860 [main] INFO  balancer.ContainerBalancerTask (ContainerBalancerTask.java:matchSourceWithTarget(722)) - ContainerBalancer matched source datanode e08f2690-6686-41ba-b9b2-8e674fb0c98a with target datanode ea7d6e68-a2d6-4e41-9a56-3d8240a5d1e0 for container move.
2023-09-13 18:18:01,860 [main] INFO  balancer.ContainerBalancerTask (ContainerBalancerTask.java:processMoveSelection(569)) - ContainerBalancer is trying to move container #85 with size 5368709120B from source datanode e08f2690-6686-41ba-b9b2-8e674fb0c98a to target datanode ea7d6e68-a2d6-4e41-9a56-3d8240a5d1e0
2023-09-13 18:18:01,860 [main] WARN  balancer.ContainerBalancerTask (ContainerBalancerTask.java:lambda$moveContainer$3(842)) - Container move for container #85 from source e08f2690-6686-41ba-b9b2-8e674fb0c98a to target ea7d6e68-a2d6-4e41-9a56-3d8240a5d1e0 failed: DELETION_FAIL_TIME_OUT
2023-09-13 18:18:01,864 [main] DEBUG balancer.ContainerBalancerTask (ContainerBalancerTask.java:matchSourceWithTarget(708)) - ContainerBalancer is finding suitable target for source datanode caffa54a-ba58-4e62-bec1-6992392ed273
2023-09-13 18:18:01,864 [main] INFO  balancer.ContainerBalancerTask (ContainerBalancerTask.java:matchSourceWithTarget(722)) - ContainerBalancer matched source datanode caffa54a-ba58-4e62-bec1-6992392ed273 with target datanode ea7d6e68-a2d6-4e41-9a56-3d8240a5d1e0 for container move.
2023-09-13 18:18:01,864 [main] INFO  balancer.ContainerBalancerTask (ContainerBalancerTask.java:processMoveSelection(569)) - ContainerBalancer is trying to move container #85 with size 5368709120B from source datanode caffa54a-ba58-4e62-bec1-6992392ed273 to target datanode ea7d6e68-a2d6-4e41-9a56-3d8240a5d1e0
2023-09-13 18:18:01,864 [main] WARN  balancer.ContainerBalancerTask (ContainerBalancerTask.java:lambda$moveContainer$3(842)) - Container move for container #85 from source caffa54a-ba58-4e62-bec1-6992392ed273 to target ea7d6e68-a2d6-4e41-9a56-3d8240a5d1e0 failed: DELETION_FAIL_TIME_OUT
2023-09-13 18:18:01,867 [main] DEBUG balancer.ContainerBalancerTask (ContainerBalancerTask.java:matchSourceWithTarget(708)) - ContainerBalancer is finding suitable target for source datanode edd05a55-0890-40a2-809a-c028a07c2ff0
2023-09-13 18:18:01,867 [main] INFO  balancer.ContainerBalancerTask (ContainerBalancerTask.java:matchSourceWithTarget(722)) - ContainerBalancer matched source datanode edd05a55-0890-40a2-809a-c028a07c2ff0 with target datanode ea7d6e68-a2d6-4e41-9a56-3d8240a5d1e0 for container move.
2023-09-13 18:18:01,868 [main] INFO  balancer.ContainerBalancerTask (ContainerBalancerTask.java:processMoveSelection(569)) - ContainerBalancer is trying to move container #68 with size 5368709120B from source datanode edd05a55-0890-40a2-809a-c028a07c2ff0 to target datanode ea7d6e68-a2d6-4e41-9a56-3d8240a5d1e0
2023-09-13 18:18:01,868 [main] WARN  balancer.ContainerBalancerTask (ContainerBalancerTask.java:lambda$moveContainer$3(842)) - Container move for container #68 from source edd05a55-0890-40a2-809a-c028a07c2ff0 to target ea7d6e68-a2d6-4e41-9a56-3d8240a5d1e0 failed: DELETION_FAIL_TIME_OUT
2023-09-13 18:18:01,870 [main] DEBUG balancer.ContainerBalancerTask (ContainerBalancerTask.java:matchSourceWithTarget(708)) - ContainerBalancer is finding suitable target for source datanode 7781c683-19a3-4675-89b6-3d82013632a7
2023-09-13 18:18:01,870 [main] INFO  balancer.ContainerBalancerTask (ContainerBalancerTask.java:matchSourceWithTarget(722)) - ContainerBalancer matched source datanode 7781c683-19a3-4675-89b6-3d82013632a7 with target datanode ea7d6e68-a2d6-4e41-9a56-3d8240a5d1e0 for container move.
2023-09-13 18:18:01,870 [main] INFO  balancer.ContainerBalancerTask (ContainerBalancerTask.java:processMoveSelection(569)) - ContainerBalancer is trying to move container #53 with size 5368709120B from source datanode 7781c683-19a3-4675-89b6-3d82013632a7 to target datanode ea7d6e68-a2d6-4e41-9a56-3d8240a5d1e0
2023-09-13 18:18:01,871 [main] WARN  balancer.ContainerBalancerTask (ContainerBalancerTask.java:lambda$moveContainer$3(842)) - Container move for container #53 from source 7781c683-19a3-4675-89b6-3d82013632a7 to target ea7d6e68-a2d6-4e41-9a56-3d8240a5d1e0 failed: DELETION_FAIL_TIME_OUT
2023-09-13 18:18:01,871 [main] INFO  balancer.FindSourceGreedy (FindSourceGreedy.java:getNextCandidateSourceDataNode(126)) - no more candidate source data node
2023-09-13 18:18:01,871 [main] INFO  balancer.ContainerBalancerTask (ContainerBalancerTask.java:checkIterationMoveResults(642)) - Iteration Summary. Number of Datanodes involved: 0. Size moved: 0 B (0 Bytes). Number of Container moves completed: 0.
2023-09-13 18:18:01,871 [main] INFO  balancer.ContainerBalancerTask (ContainerBalancerTask.java:balance(259)) - Result of this iteration of Container Balancer: ITERATION_COMPLETED
2023-09-13 18:18:01,871 [main] INFO  balancer.ContainerBalancerTask (ContainerBalancerTask.java:tryStopWithSaveConfiguration(308)) - Save Configuration for stopping. Reason: Completed all iterations.
]]></system-out>
  </testcase>
  <testcase name="checkIterationResultTimeout" classname="org.apache.hadoop.hdds.scm.container.balancer.TestContainerBalancerTask" time="1.165">
    <system-out><![CDATA[2023-09-13 18:18:01,903 [main] INFO  net.NodeSchemaLoader (NodeSchemaLoader.java:loadSchemaFromFile(129)) - Loading schema from [file:/home/runner/work/ozone/ozone/hadoop-hdds/common/target/classes/network-topology-default.xml]
2023-09-13 18:18:01,903 [main] INFO  net.NodeSchemaLoader (NodeSchemaLoader.java:loadSchema(176)) - Loading network topology layer schema file
2023-09-13 18:18:01,905 [main] INFO  net.NetworkTopologyImpl (NetworkTopologyImpl.java:add(112)) - Added a new node: /default-rack/95727284-ce60-496e-8645-db212853c3ff
2023-09-13 18:18:01,905 [main] INFO  net.NetworkTopologyImpl (NetworkTopologyImpl.java:add(112)) - Added a new node: /default-rack/510889b4-fbb2-4082-924b-2ec634a68aa1
2023-09-13 18:18:01,905 [main] INFO  net.NetworkTopologyImpl (NetworkTopologyImpl.java:add(112)) - Added a new node: /default-rack/b776b225-7cb1-49c3-86dc-9cfd5320a068
2023-09-13 18:18:01,905 [main] INFO  net.NetworkTopologyImpl (NetworkTopologyImpl.java:add(112)) - Added a new node: /default-rack/0c42ebbe-0ec7-440c-8a46-15899e6c748f
2023-09-13 18:18:01,906 [main] INFO  net.NetworkTopologyImpl (NetworkTopologyImpl.java:add(112)) - Added a new node: /default-rack/6c178aaf-91a1-4e16-a66a-f488cef105e0
2023-09-13 18:18:01,906 [main] INFO  net.NetworkTopologyImpl (NetworkTopologyImpl.java:add(112)) - Added a new node: /default-rack/1169f2e4-3f07-4a70-a7d0-de4a16cf2be3
2023-09-13 18:18:01,906 [main] INFO  net.NetworkTopologyImpl (NetworkTopologyImpl.java:add(112)) - Added a new node: /default-rack/db554898-6af7-422b-b427-df55835f0411
2023-09-13 18:18:01,906 [main] INFO  net.NetworkTopologyImpl (NetworkTopologyImpl.java:add(112)) - Added a new node: /default-rack/90802c90-7c4d-49dc-ac56-9dea729e4b0c
2023-09-13 18:18:01,906 [main] INFO  net.NetworkTopologyImpl (NetworkTopologyImpl.java:add(112)) - Added a new node: /default-rack/80aca6aa-8230-4b41-9035-3b0e8c33c270
2023-09-13 18:18:01,906 [main] INFO  net.NetworkTopologyImpl (NetworkTopologyImpl.java:add(112)) - Added a new node: /default-rack/044cf70c-c6c9-4729-a165-cfb62badebf1
2023-09-13 18:18:01,907 [main] INFO  algorithms.ContainerPlacementPolicyFactory (ContainerPlacementPolicyFactory.java:getPolicyInternal(86)) - Create container placement policy of type org.apache.hadoop.hdds.scm.container.placement.algorithms.SCMContainerPlacementRackAware
2023-09-13 18:18:01,907 [main] INFO  algorithms.ContainerPlacementPolicyFactory (ContainerPlacementPolicyFactory.java:getPolicyInternal(86)) - Create container placement policy of type org.apache.hadoop.hdds.scm.container.placement.algorithms.SCMContainerPlacementRackScatter
2023-09-13 18:18:01,912 [main] DEBUG balancer.ContainerBalancerTask (ContainerBalancerTask.java:initializeIteration(374)) - Average utilization of the cluster is 0.36013376396985786
2023-09-13 18:18:01,912 [main] DEBUG balancer.ContainerBalancerTask (ContainerBalancerTask.java:initializeIteration(386)) - Lower limit for utilization is 0.2601337639698579 and Upper limit for utilization is 0.46013376396985783
2023-09-13 18:18:01,912 [main] DEBUG balancer.ContainerBalancerTask (ContainerBalancerTask.java:initializeIteration(398)) - Utilization for node 044cf70c-c6c9-4729-a165-cfb62badebf1 with capacity 40563580017B, used 36507222016B, and remaining 4056358001B is 0.9000000000172569
2023-09-13 18:18:01,912 [main] DEBUG balancer.ContainerBalancerTask (ContainerBalancerTask.java:initializeIteration(398)) - Utilization for node 95727284-ce60-496e-8645-db212853c3ff with capacity 60397977600B, used 48318382080B, and remaining 12079595520B is 0.8
2023-09-13 18:18:01,912 [main] DEBUG balancer.ContainerBalancerTask (ContainerBalancerTask.java:initializeIteration(398)) - Utilization for node 80aca6aa-8230-4b41-9035-3b0e8c33c270 with capacity 64424509440B, used 45097156608B, and remaining 19327352832B is 0.7
2023-09-13 18:18:01,912 [main] DEBUG balancer.ContainerBalancerTask (ContainerBalancerTask.java:initializeIteration(398)) - Utilization for node b776b225-7cb1-49c3-86dc-9cfd5320a068 with capacity 68003648853B, used 40802189312B, and remaining 27201459541B is 0.6000000000029411
2023-09-13 18:18:01,912 [main] DEBUG balancer.ContainerBalancerTask (ContainerBalancerTask.java:initializeIteration(398)) - Utilization for node 90802c90-7c4d-49dc-ac56-9dea729e4b0c with capacity 115964116992B, used 57982058496B, and remaining 57982058496B is 0.5
2023-09-13 18:18:01,913 [main] DEBUG balancer.ContainerBalancerTask (ContainerBalancerTask.java:initializeIteration(398)) - Utilization for node 0c42ebbe-0ec7-440c-8a46-15899e6c748f with capacity 77846282240B, used 31138512896B, and remaining 46707769344B is 0.4
2023-09-13 18:18:01,913 [main] DEBUG balancer.ContainerBalancerTask (ContainerBalancerTask.java:initializeIteration(398)) - Utilization for node 1169f2e4-3f07-4a70-a7d0-de4a16cf2be3 with capacity 182536110080B, used 54760833024B, and remaining 127775277056B is 0.3
2023-09-13 18:18:01,913 [main] DEBUG balancer.ContainerBalancerTask (ContainerBalancerTask.java:initializeIteration(398)) - Utilization for node 6c178aaf-91a1-4e16-a66a-f488cef105e0 with capacity 236223201280B, used 47244640256B, and remaining 188978561024B is 0.2
2023-09-13 18:18:01,913 [main] DEBUG balancer.ContainerBalancerTask (ContainerBalancerTask.java:initializeIteration(398)) - Utilization for node db554898-6af7-422b-b427-df55835f0411 with capacity 139586437120B, used 13958643712B, and remaining 125627793408B is 0.1
2023-09-13 18:18:01,913 [main] DEBUG balancer.ContainerBalancerTask (ContainerBalancerTask.java:initializeIteration(398)) - Utilization for node 510889b4-fbb2-4082-924b-2ec634a68aa1 with capacity 57982058496B, used 0B, and remaining 57982058496B is 0.0
2023-09-13 18:18:01,913 [main] INFO  balancer.ContainerBalancerTask (ContainerBalancerTask.java:initializeIteration(447)) - Container Balancer has identified 5 Over-Utilized and 3 Under-Utilized Datanodes that need to be balanced.
2023-09-13 18:18:01,913 [main] DEBUG balancer.ContainerBalancerTask (ContainerBalancerTask.java:lambda$initializeIteration$1(453)) - Datanode localhost-68.32.144.46 044cf70c-c6c9-4729-a165-cfb62badebf1 is Over-Utilized.
2023-09-13 18:18:01,913 [main] DEBUG balancer.ContainerBalancerTask (ContainerBalancerTask.java:lambda$initializeIteration$1(453)) - Datanode localhost-130.38.234.146 95727284-ce60-496e-8645-db212853c3ff is Over-Utilized.
2023-09-13 18:18:01,914 [main] DEBUG balancer.ContainerBalancerTask (ContainerBalancerTask.java:lambda$initializeIteration$1(453)) - Datanode localhost-64.15.138.46 80aca6aa-8230-4b41-9035-3b0e8c33c270 is Over-Utilized.
2023-09-13 18:18:01,914 [main] DEBUG balancer.ContainerBalancerTask (ContainerBalancerTask.java:lambda$initializeIteration$1(453)) - Datanode localhost-186.74.181.94 b776b225-7cb1-49c3-86dc-9cfd5320a068 is Over-Utilized.
2023-09-13 18:18:01,914 [main] DEBUG balancer.ContainerBalancerTask (ContainerBalancerTask.java:lambda$initializeIteration$1(453)) - Datanode localhost-195.89.98.236 90802c90-7c4d-49dc-ac56-9dea729e4b0c is Over-Utilized.
2023-09-13 18:18:01,914 [main] DEBUG balancer.ContainerBalancerTask (ContainerBalancerTask.java:lambda$initializeIteration$2(459)) - Datanode localhost-151.33.90.191 510889b4-fbb2-4082-924b-2ec634a68aa1 is Under-Utilized.
2023-09-13 18:18:01,914 [main] DEBUG balancer.ContainerBalancerTask (ContainerBalancerTask.java:lambda$initializeIteration$2(459)) - Datanode localhost-116.244.147.86 db554898-6af7-422b-b427-df55835f0411 is Under-Utilized.
2023-09-13 18:18:01,914 [main] DEBUG balancer.ContainerBalancerTask (ContainerBalancerTask.java:lambda$initializeIteration$2(459)) - Datanode localhost-106.228.6.17 6c178aaf-91a1-4e16-a66a-f488cef105e0 is Under-Utilized.
2023-09-13 18:18:01,916 [main] DEBUG balancer.ContainerBalancerTask (ContainerBalancerTask.java:matchSourceWithTarget(708)) - ContainerBalancer is finding suitable target for source datanode 044cf70c-c6c9-4729-a165-cfb62badebf1
2023-09-13 18:18:01,917 [main] INFO  balancer.ContainerBalancerTask (ContainerBalancerTask.java:matchSourceWithTarget(722)) - ContainerBalancer matched source datanode 044cf70c-c6c9-4729-a165-cfb62badebf1 with target datanode 510889b4-fbb2-4082-924b-2ec634a68aa1 for container move.
2023-09-13 18:18:01,917 [main] INFO  balancer.ContainerBalancerTask (ContainerBalancerTask.java:processMoveSelection(569)) - ContainerBalancer is trying to move container #84 with size 4294967296B from source datanode 044cf70c-c6c9-4729-a165-cfb62badebf1 to target datanode 510889b4-fbb2-4082-924b-2ec634a68aa1
2023-09-13 18:18:01,917 [main] DEBUG balancer.ContainerBalancerTask (ContainerBalancerTask.java:lambda$moveContainer$3(837)) - Container move completed for container #84 from source 044cf70c-c6c9-4729-a165-cfb62badebf1 to target 510889b4-fbb2-4082-924b-2ec634a68aa1
2023-09-13 18:18:01,920 [main] DEBUG balancer.ContainerBalancerTask (ContainerBalancerTask.java:matchSourceWithTarget(708)) - ContainerBalancer is finding suitable target for source datanode 95727284-ce60-496e-8645-db212853c3ff
2023-09-13 18:18:01,920 [main] INFO  balancer.ContainerBalancerTask (ContainerBalancerTask.java:matchSourceWithTarget(722)) - ContainerBalancer matched source datanode 95727284-ce60-496e-8645-db212853c3ff with target datanode 510889b4-fbb2-4082-924b-2ec634a68aa1 for container move.
2023-09-13 18:18:01,920 [main] INFO  balancer.ContainerBalancerTask (ContainerBalancerTask.java:processMoveSelection(569)) - ContainerBalancer is trying to move container #68 with size 5368709120B from source datanode 95727284-ce60-496e-8645-db212853c3ff to target datanode 510889b4-fbb2-4082-924b-2ec634a68aa1
2023-09-13 18:18:01,924 [main] DEBUG balancer.ContainerBalancerTask (ContainerBalancerTask.java:matchSourceWithTarget(708)) - ContainerBalancer is finding suitable target for source datanode 044cf70c-c6c9-4729-a165-cfb62badebf1
2023-09-13 18:18:01,924 [main] INFO  balancer.ContainerBalancerTask (ContainerBalancerTask.java:matchSourceWithTarget(722)) - ContainerBalancer matched source datanode 044cf70c-c6c9-4729-a165-cfb62badebf1 with target datanode db554898-6af7-422b-b427-df55835f0411 for container move.
2023-09-13 18:18:01,924 [main] INFO  balancer.ContainerBalancerTask (ContainerBalancerTask.java:processMoveSelection(569)) - ContainerBalancer is trying to move container #88 with size 3221225472B from source datanode 044cf70c-c6c9-4729-a165-cfb62badebf1 to target datanode db554898-6af7-422b-b427-df55835f0411
2023-09-13 18:18:01,927 [main] DEBUG balancer.ContainerBalancerTask (ContainerBalancerTask.java:matchSourceWithTarget(708)) - ContainerBalancer is finding suitable target for source datanode 044cf70c-c6c9-4729-a165-cfb62badebf1
2023-09-13 18:18:01,927 [main] INFO  balancer.ContainerBalancerTask (ContainerBalancerTask.java:matchSourceWithTarget(722)) - ContainerBalancer matched source datanode 044cf70c-c6c9-4729-a165-cfb62badebf1 with target datanode db554898-6af7-422b-b427-df55835f0411 for container move.
2023-09-13 18:18:01,928 [main] INFO  balancer.ContainerBalancerTask (ContainerBalancerTask.java:processMoveSelection(569)) - ContainerBalancer is trying to move container #82 with size 2147483648B from source datanode 044cf70c-c6c9-4729-a165-cfb62badebf1 to target datanode db554898-6af7-422b-b427-df55835f0411
2023-09-13 18:18:01,933 [main] DEBUG balancer.ContainerBalancerTask (ContainerBalancerTask.java:matchSourceWithTarget(708)) - ContainerBalancer is finding suitable target for source datanode 95727284-ce60-496e-8645-db212853c3ff
2023-09-13 18:18:01,933 [main] INFO  balancer.ContainerBalancerTask (ContainerBalancerTask.java:matchSourceWithTarget(722)) - ContainerBalancer matched source datanode 95727284-ce60-496e-8645-db212853c3ff with target datanode db554898-6af7-422b-b427-df55835f0411 for container move.
2023-09-13 18:18:01,934 [main] INFO  balancer.ContainerBalancerTask (ContainerBalancerTask.java:processMoveSelection(569)) - ContainerBalancer is trying to move container #66 with size 3221225472B from source datanode 95727284-ce60-496e-8645-db212853c3ff to target datanode db554898-6af7-422b-b427-df55835f0411
2023-09-13 18:18:01,937 [main] DEBUG balancer.ContainerBalancerTask (ContainerBalancerTask.java:matchSourceWithTarget(708)) - ContainerBalancer is finding suitable target for source datanode 80aca6aa-8230-4b41-9035-3b0e8c33c270
2023-09-13 18:18:01,937 [main] INFO  balancer.ContainerBalancerTask (ContainerBalancerTask.java:matchSourceWithTarget(722)) - ContainerBalancer matched source datanode 80aca6aa-8230-4b41-9035-3b0e8c33c270 with target datanode db554898-6af7-422b-b427-df55835f0411 for container move.
2023-09-13 18:18:01,938 [main] INFO  balancer.ContainerBalancerTask (ContainerBalancerTask.java:processMoveSelection(569)) - ContainerBalancer is trying to move container #50 with size 2147483648B from source datanode 80aca6aa-8230-4b41-9035-3b0e8c33c270 to target datanode db554898-6af7-422b-b427-df55835f0411
2023-09-13 18:18:01,941 [main] DEBUG balancer.ContainerBalancerTask (ContainerBalancerTask.java:matchSourceWithTarget(708)) - ContainerBalancer is finding suitable target for source datanode 80aca6aa-8230-4b41-9035-3b0e8c33c270
2023-09-13 18:18:01,942 [main] INFO  balancer.ContainerBalancerTask (ContainerBalancerTask.java:matchSourceWithTarget(722)) - ContainerBalancer matched source datanode 80aca6aa-8230-4b41-9035-3b0e8c33c270 with target datanode 510889b4-fbb2-4082-924b-2ec634a68aa1 for container move.
2023-09-13 18:18:01,942 [main] INFO  balancer.ContainerBalancerTask (ContainerBalancerTask.java:processMoveSelection(569)) - ContainerBalancer is trying to move container #54 with size 1073741824B from source datanode 80aca6aa-8230-4b41-9035-3b0e8c33c270 to target datanode 510889b4-fbb2-4082-924b-2ec634a68aa1
2023-09-13 18:18:01,948 [main] DEBUG balancer.ContainerBalancerTask (ContainerBalancerTask.java:matchSourceWithTarget(708)) - ContainerBalancer is finding suitable target for source datanode 044cf70c-c6c9-4729-a165-cfb62badebf1
2023-09-13 18:18:01,948 [main] INFO  balancer.ContainerBalancerTask (ContainerBalancerTask.java:matchSourceWithTarget(722)) - ContainerBalancer matched source datanode 044cf70c-c6c9-4729-a165-cfb62badebf1 with target datanode 6c178aaf-91a1-4e16-a66a-f488cef105e0 for container move.
2023-09-13 18:18:01,948 [main] INFO  balancer.ContainerBalancerTask (ContainerBalancerTask.java:processMoveSelection(569)) - ContainerBalancer is trying to move container #26 with size 2147483648B from source datanode 044cf70c-c6c9-4729-a165-cfb62badebf1 to target datanode 6c178aaf-91a1-4e16-a66a-f488cef105e0
2023-09-13 18:18:01,952 [main] DEBUG balancer.ContainerBalancerTask (ContainerBalancerTask.java:matchSourceWithTarget(708)) - ContainerBalancer is finding suitable target for source datanode 95727284-ce60-496e-8645-db212853c3ff
2023-09-13 18:18:01,952 [main] INFO  balancer.ContainerBalancerTask (ContainerBalancerTask.java:matchSourceWithTarget(722)) - ContainerBalancer matched source datanode 95727284-ce60-496e-8645-db212853c3ff with target datanode 6c178aaf-91a1-4e16-a66a-f488cef105e0 for container move.
2023-09-13 18:18:01,953 [main] INFO  balancer.ContainerBalancerTask (ContainerBalancerTask.java:processMoveSelection(569)) - ContainerBalancer is trying to move container #70 with size 2147483648B from source datanode 95727284-ce60-496e-8645-db212853c3ff to target datanode 6c178aaf-91a1-4e16-a66a-f488cef105e0
2023-09-13 18:18:01,956 [main] DEBUG balancer.ContainerBalancerTask (ContainerBalancerTask.java:matchSourceWithTarget(708)) - ContainerBalancer is finding suitable target for source datanode 80aca6aa-8230-4b41-9035-3b0e8c33c270
2023-09-13 18:18:01,957 [main] INFO  balancer.ContainerBalancerTask (ContainerBalancerTask.java:matchSourceWithTarget(722)) - ContainerBalancer matched source datanode 80aca6aa-8230-4b41-9035-3b0e8c33c270 with target datanode 6c178aaf-91a1-4e16-a66a-f488cef105e0 for container move.
2023-09-13 18:18:01,957 [main] INFO  balancer.ContainerBalancerTask (ContainerBalancerTask.java:processMoveSelection(569)) - ContainerBalancer is trying to move container #52 with size 4294967296B from source datanode 80aca6aa-8230-4b41-9035-3b0e8c33c270 to target datanode 6c178aaf-91a1-4e16-a66a-f488cef105e0
2023-09-13 18:18:01,962 [main] DEBUG balancer.ContainerBalancerTask (ContainerBalancerTask.java:matchSourceWithTarget(708)) - ContainerBalancer is finding suitable target for source datanode 95727284-ce60-496e-8645-db212853c3ff
2023-09-13 18:18:01,962 [main] INFO  balancer.ContainerBalancerTask (ContainerBalancerTask.java:matchSourceWithTarget(722)) - ContainerBalancer matched source datanode 95727284-ce60-496e-8645-db212853c3ff with target datanode 6c178aaf-91a1-4e16-a66a-f488cef105e0 for container move.
2023-09-13 18:18:01,963 [main] INFO  balancer.ContainerBalancerTask (ContainerBalancerTask.java:processMoveSelection(569)) - ContainerBalancer is trying to move container #10 with size 2147483648B from source datanode 95727284-ce60-496e-8645-db212853c3ff to target datanode 6c178aaf-91a1-4e16-a66a-f488cef105e0
2023-09-13 18:18:01,966 [main] DEBUG balancer.ContainerBalancerTask (ContainerBalancerTask.java:matchSourceWithTarget(708)) - ContainerBalancer is finding suitable target for source datanode 044cf70c-c6c9-4729-a165-cfb62badebf1
2023-09-13 18:18:01,966 [main] INFO  balancer.FindTargetGreedyByUsageInfo (AbstractFindTargetGreedy.java:findTargetForContainerMove(133)) - Container Balancer could not find a target for source datanode 044cf70c-c6c9-4729-a165-cfb62badebf1
2023-09-13 18:18:01,966 [main] DEBUG balancer.ContainerBalancerTask (ContainerBalancerTask.java:matchSourceWithTarget(717)) - ContainerBalancer could not find a suitable target for source node 044cf70c-c6c9-4729-a165-cfb62badebf1.
2023-09-13 18:18:01,970 [main] DEBUG balancer.ContainerBalancerTask (ContainerBalancerTask.java:matchSourceWithTarget(708)) - ContainerBalancer is finding suitable target for source datanode b776b225-7cb1-49c3-86dc-9cfd5320a068
2023-09-13 18:18:01,970 [main] INFO  balancer.FindTargetGreedyByUsageInfo (AbstractFindTargetGreedy.java:findTargetForContainerMove(133)) - Container Balancer could not find a target for source datanode b776b225-7cb1-49c3-86dc-9cfd5320a068
2023-09-13 18:18:01,970 [main] DEBUG balancer.ContainerBalancerTask (ContainerBalancerTask.java:matchSourceWithTarget(717)) - ContainerBalancer could not find a suitable target for source node b776b225-7cb1-49c3-86dc-9cfd5320a068.
2023-09-13 18:18:01,976 [main] DEBUG balancer.ContainerBalancerTask (ContainerBalancerTask.java:matchSourceWithTarget(708)) - ContainerBalancer is finding suitable target for source datanode 95727284-ce60-496e-8645-db212853c3ff
2023-09-13 18:18:01,977 [main] INFO  balancer.FindTargetGreedyByUsageInfo (AbstractFindTargetGreedy.java:findTargetForContainerMove(133)) - Container Balancer could not find a target for source datanode 95727284-ce60-496e-8645-db212853c3ff
2023-09-13 18:18:01,977 [main] DEBUG balancer.ContainerBalancerTask (ContainerBalancerTask.java:matchSourceWithTarget(717)) - ContainerBalancer could not find a suitable target for source node 95727284-ce60-496e-8645-db212853c3ff.
2023-09-13 18:18:01,980 [main] DEBUG balancer.ContainerBalancerTask (ContainerBalancerTask.java:matchSourceWithTarget(708)) - ContainerBalancer is finding suitable target for source datanode 80aca6aa-8230-4b41-9035-3b0e8c33c270
2023-09-13 18:18:01,980 [main] INFO  balancer.FindTargetGreedyByUsageInfo (AbstractFindTargetGreedy.java:findTargetForContainerMove(133)) - Container Balancer could not find a target for source datanode 80aca6aa-8230-4b41-9035-3b0e8c33c270
2023-09-13 18:18:01,980 [main] DEBUG balancer.ContainerBalancerTask (ContainerBalancerTask.java:matchSourceWithTarget(717)) - ContainerBalancer could not find a suitable target for source node 80aca6aa-8230-4b41-9035-3b0e8c33c270.
2023-09-13 18:18:01,984 [main] DEBUG balancer.ContainerBalancerTask (ContainerBalancerTask.java:matchSourceWithTarget(708)) - ContainerBalancer is finding suitable target for source datanode 90802c90-7c4d-49dc-ac56-9dea729e4b0c
2023-09-13 18:18:01,984 [main] INFO  balancer.FindTargetGreedyByUsageInfo (AbstractFindTargetGreedy.java:findTargetForContainerMove(133)) - Container Balancer could not find a target for source datanode 90802c90-7c4d-49dc-ac56-9dea729e4b0c
2023-09-13 18:18:01,984 [main] DEBUG balancer.ContainerBalancerTask (ContainerBalancerTask.java:matchSourceWithTarget(717)) - ContainerBalancer could not find a suitable target for source node 90802c90-7c4d-49dc-ac56-9dea729e4b0c.
2023-09-13 18:18:01,984 [main] INFO  balancer.FindSourceGreedy (FindSourceGreedy.java:getNextCandidateSourceDataNode(126)) - no more candidate source data node
2023-09-13 18:18:02,485 [main] WARN  balancer.ContainerBalancerTask (ContainerBalancerTask.java:cancelMovesThatExceedTimeoutDuration(674)) - Container move timed out for container #10 from source 95727284-ce60-496e-8645-db212853c3ff to target 6c178aaf-91a1-4e16-a66a-f488cef105e0.
2023-09-13 18:18:02,485 [main] WARN  balancer.ContainerBalancerTask (ContainerBalancerTask.java:cancelMovesThatExceedTimeoutDuration(674)) - Container move timed out for container #68 from source 95727284-ce60-496e-8645-db212853c3ff to target 510889b4-fbb2-4082-924b-2ec634a68aa1.
2023-09-13 18:18:02,486 [main] WARN  balancer.ContainerBalancerTask (ContainerBalancerTask.java:cancelMovesThatExceedTimeoutDuration(674)) - Container move timed out for container #70 from source 95727284-ce60-496e-8645-db212853c3ff to target 6c178aaf-91a1-4e16-a66a-f488cef105e0.
2023-09-13 18:18:02,486 [main] WARN  balancer.ContainerBalancerTask (ContainerBalancerTask.java:cancelMovesThatExceedTimeoutDuration(674)) - Container move timed out for container #26 from source 044cf70c-c6c9-4729-a165-cfb62badebf1 to target 6c178aaf-91a1-4e16-a66a-f488cef105e0.
2023-09-13 18:18:02,486 [main] WARN  balancer.ContainerBalancerTask (ContainerBalancerTask.java:cancelMovesThatExceedTimeoutDuration(674)) - Container move timed out for container #54 from source 80aca6aa-8230-4b41-9035-3b0e8c33c270 to target 510889b4-fbb2-4082-924b-2ec634a68aa1.
2023-09-13 18:18:02,486 [main] WARN  balancer.ContainerBalancerTask (ContainerBalancerTask.java:cancelMovesThatExceedTimeoutDuration(674)) - Container move timed out for container #82 from source 044cf70c-c6c9-4729-a165-cfb62badebf1 to target db554898-6af7-422b-b427-df55835f0411.
2023-09-13 18:18:02,486 [main] WARN  balancer.ContainerBalancerTask (ContainerBalancerTask.java:cancelMovesThatExceedTimeoutDuration(674)) - Container move timed out for container #66 from source 95727284-ce60-496e-8645-db212853c3ff to target db554898-6af7-422b-b427-df55835f0411.
2023-09-13 18:18:02,486 [main] WARN  balancer.ContainerBalancerTask (ContainerBalancerTask.java:cancelMovesThatExceedTimeoutDuration(674)) - Container move timed out for container #50 from source 80aca6aa-8230-4b41-9035-3b0e8c33c270 to target db554898-6af7-422b-b427-df55835f0411.
2023-09-13 18:18:02,487 [main] WARN  balancer.ContainerBalancerTask (ContainerBalancerTask.java:cancelMovesThatExceedTimeoutDuration(674)) - Container move timed out for container #52 from source 80aca6aa-8230-4b41-9035-3b0e8c33c270 to target 6c178aaf-91a1-4e16-a66a-f488cef105e0.
2023-09-13 18:18:02,487 [main] WARN  balancer.ContainerBalancerTask (ContainerBalancerTask.java:cancelMovesThatExceedTimeoutDuration(674)) - Container move timed out for container #88 from source 044cf70c-c6c9-4729-a165-cfb62badebf1 to target db554898-6af7-422b-b427-df55835f0411.
2023-09-13 18:18:02,487 [main] WARN  balancer.ContainerBalancerTask (ContainerBalancerTask.java:checkIterationMoveResults(620)) - 10 Container moves are canceled.
2023-09-13 18:18:02,487 [main] INFO  balancer.ContainerBalancerTask (ContainerBalancerTask.java:checkIterationMoveResults(642)) - Iteration Summary. Number of Datanodes involved: 6. Size moved: 4 GB (4294967296 Bytes). Number of Container moves completed: 1.
2023-09-13 18:18:02,487 [main] INFO  balancer.ContainerBalancerTask (ContainerBalancerTask.java:balance(259)) - Result of this iteration of Container Balancer: ITERATION_COMPLETED
2023-09-13 18:18:02,488 [main] INFO  balancer.ContainerBalancerTask (ContainerBalancerTask.java:tryStopWithSaveConfiguration(308)) - Save Configuration for stopping. Reason: Completed all iterations.
2023-09-13 18:18:02,489 [main] DEBUG balancer.ContainerBalancerTask (ContainerBalancerTask.java:initializeIteration(374)) - Average utilization of the cluster is 0.36013376396985786
2023-09-13 18:18:02,490 [main] DEBUG balancer.ContainerBalancerTask (ContainerBalancerTask.java:initializeIteration(386)) - Lower limit for utilization is 0.2601337639698579 and Upper limit for utilization is 0.46013376396985783
2023-09-13 18:18:02,490 [main] DEBUG balancer.ContainerBalancerTask (ContainerBalancerTask.java:initializeIteration(398)) - Utilization for node 044cf70c-c6c9-4729-a165-cfb62badebf1 with capacity 40563580017B, used 36507222016B, and remaining 4056358001B is 0.9000000000172569
2023-09-13 18:18:02,490 [main] DEBUG balancer.ContainerBalancerTask (ContainerBalancerTask.java:initializeIteration(398)) - Utilization for node 95727284-ce60-496e-8645-db212853c3ff with capacity 60397977600B, used 48318382080B, and remaining 12079595520B is 0.8
2023-09-13 18:18:02,490 [main] DEBUG balancer.ContainerBalancerTask (ContainerBalancerTask.java:initializeIteration(398)) - Utilization for node 80aca6aa-8230-4b41-9035-3b0e8c33c270 with capacity 64424509440B, used 45097156608B, and remaining 19327352832B is 0.7
2023-09-13 18:18:02,490 [main] DEBUG balancer.ContainerBalancerTask (ContainerBalancerTask.java:initializeIteration(398)) - Utilization for node b776b225-7cb1-49c3-86dc-9cfd5320a068 with capacity 68003648853B, used 40802189312B, and remaining 27201459541B is 0.6000000000029411
2023-09-13 18:18:02,490 [main] DEBUG balancer.ContainerBalancerTask (ContainerBalancerTask.java:initializeIteration(398)) - Utilization for node 90802c90-7c4d-49dc-ac56-9dea729e4b0c with capacity 115964116992B, used 57982058496B, and remaining 57982058496B is 0.5
2023-09-13 18:18:02,490 [main] DEBUG balancer.ContainerBalancerTask (ContainerBalancerTask.java:initializeIteration(398)) - Utilization for node 0c42ebbe-0ec7-440c-8a46-15899e6c748f with capacity 77846282240B, used 31138512896B, and remaining 46707769344B is 0.4
2023-09-13 18:18:02,491 [main] DEBUG balancer.ContainerBalancerTask (ContainerBalancerTask.java:initializeIteration(398)) - Utilization for node 1169f2e4-3f07-4a70-a7d0-de4a16cf2be3 with capacity 182536110080B, used 54760833024B, and remaining 127775277056B is 0.3
2023-09-13 18:18:02,491 [main] DEBUG balancer.ContainerBalancerTask (ContainerBalancerTask.java:initializeIteration(398)) - Utilization for node 6c178aaf-91a1-4e16-a66a-f488cef105e0 with capacity 236223201280B, used 47244640256B, and remaining 188978561024B is 0.2
2023-09-13 18:18:02,491 [main] DEBUG balancer.ContainerBalancerTask (ContainerBalancerTask.java:initializeIteration(398)) - Utilization for node db554898-6af7-422b-b427-df55835f0411 with capacity 139586437120B, used 13958643712B, and remaining 125627793408B is 0.1
2023-09-13 18:18:02,491 [main] DEBUG balancer.ContainerBalancerTask (ContainerBalancerTask.java:initializeIteration(398)) - Utilization for node 510889b4-fbb2-4082-924b-2ec634a68aa1 with capacity 57982058496B, used 0B, and remaining 57982058496B is 0.0
2023-09-13 18:18:02,491 [main] INFO  balancer.ContainerBalancerTask (ContainerBalancerTask.java:initializeIteration(447)) - Container Balancer has identified 5 Over-Utilized and 3 Under-Utilized Datanodes that need to be balanced.
2023-09-13 18:18:02,491 [main] DEBUG balancer.ContainerBalancerTask (ContainerBalancerTask.java:lambda$initializeIteration$1(453)) - Datanode localhost-68.32.144.46 044cf70c-c6c9-4729-a165-cfb62badebf1 is Over-Utilized.
2023-09-13 18:18:02,491 [main] DEBUG balancer.ContainerBalancerTask (ContainerBalancerTask.java:lambda$initializeIteration$1(453)) - Datanode localhost-130.38.234.146 95727284-ce60-496e-8645-db212853c3ff is Over-Utilized.
2023-09-13 18:18:02,491 [main] DEBUG balancer.ContainerBalancerTask (ContainerBalancerTask.java:lambda$initializeIteration$1(453)) - Datanode localhost-64.15.138.46 80aca6aa-8230-4b41-9035-3b0e8c33c270 is Over-Utilized.
2023-09-13 18:18:02,491 [main] DEBUG balancer.ContainerBalancerTask (ContainerBalancerTask.java:lambda$initializeIteration$1(453)) - Datanode localhost-186.74.181.94 b776b225-7cb1-49c3-86dc-9cfd5320a068 is Over-Utilized.
2023-09-13 18:18:02,492 [main] DEBUG balancer.ContainerBalancerTask (ContainerBalancerTask.java:lambda$initializeIteration$1(453)) - Datanode localhost-195.89.98.236 90802c90-7c4d-49dc-ac56-9dea729e4b0c is Over-Utilized.
2023-09-13 18:18:02,492 [main] DEBUG balancer.ContainerBalancerTask (ContainerBalancerTask.java:lambda$initializeIteration$2(459)) - Datanode localhost-151.33.90.191 510889b4-fbb2-4082-924b-2ec634a68aa1 is Under-Utilized.
2023-09-13 18:18:02,492 [main] DEBUG balancer.ContainerBalancerTask (ContainerBalancerTask.java:lambda$initializeIteration$2(459)) - Datanode localhost-116.244.147.86 db554898-6af7-422b-b427-df55835f0411 is Under-Utilized.
2023-09-13 18:18:02,492 [main] DEBUG balancer.ContainerBalancerTask (ContainerBalancerTask.java:lambda$initializeIteration$2(459)) - Datanode localhost-106.228.6.17 6c178aaf-91a1-4e16-a66a-f488cef105e0 is Under-Utilized.
2023-09-13 18:18:02,494 [main] DEBUG balancer.ContainerBalancerTask (ContainerBalancerTask.java:matchSourceWithTarget(708)) - ContainerBalancer is finding suitable target for source datanode 044cf70c-c6c9-4729-a165-cfb62badebf1
2023-09-13 18:18:02,495 [main] INFO  balancer.ContainerBalancerTask (ContainerBalancerTask.java:matchSourceWithTarget(722)) - ContainerBalancer matched source datanode 044cf70c-c6c9-4729-a165-cfb62badebf1 with target datanode 510889b4-fbb2-4082-924b-2ec634a68aa1 for container move.
2023-09-13 18:18:02,495 [main] INFO  balancer.ContainerBalancerTask (ContainerBalancerTask.java:processMoveSelection(569)) - ContainerBalancer is trying to move container #85 with size 5368709120B from source datanode 044cf70c-c6c9-4729-a165-cfb62badebf1 to target datanode 510889b4-fbb2-4082-924b-2ec634a68aa1
2023-09-13 18:18:02,495 [main] DEBUG balancer.ContainerBalancerTask (ContainerBalancerTask.java:lambda$moveContainer$3(837)) - Container move completed for container #85 from source 044cf70c-c6c9-4729-a165-cfb62badebf1 to target 510889b4-fbb2-4082-924b-2ec634a68aa1
2023-09-13 18:18:02,498 [main] DEBUG balancer.ContainerBalancerTask (ContainerBalancerTask.java:matchSourceWithTarget(708)) - ContainerBalancer is finding suitable target for source datanode 95727284-ce60-496e-8645-db212853c3ff
2023-09-13 18:18:02,498 [main] INFO  balancer.ContainerBalancerTask (ContainerBalancerTask.java:matchSourceWithTarget(722)) - ContainerBalancer matched source datanode 95727284-ce60-496e-8645-db212853c3ff with target datanode 510889b4-fbb2-4082-924b-2ec634a68aa1 for container move.
2023-09-13 18:18:02,498 [main] INFO  balancer.ContainerBalancerTask (ContainerBalancerTask.java:processMoveSelection(569)) - ContainerBalancer is trying to move container #68 with size 5368709120B from source datanode 95727284-ce60-496e-8645-db212853c3ff to target datanode 510889b4-fbb2-4082-924b-2ec634a68aa1
2023-09-13 18:18:02,501 [main] DEBUG balancer.ContainerBalancerTask (ContainerBalancerTask.java:matchSourceWithTarget(708)) - ContainerBalancer is finding suitable target for source datanode 044cf70c-c6c9-4729-a165-cfb62badebf1
2023-09-13 18:18:02,501 [main] INFO  balancer.ContainerBalancerTask (ContainerBalancerTask.java:matchSourceWithTarget(722)) - ContainerBalancer matched source datanode 044cf70c-c6c9-4729-a165-cfb62badebf1 with target datanode db554898-6af7-422b-b427-df55835f0411 for container move.
2023-09-13 18:18:02,501 [main] INFO  balancer.ContainerBalancerTask (ContainerBalancerTask.java:processMoveSelection(569)) - ContainerBalancer is trying to move container #89 with size 4294967296B from source datanode 044cf70c-c6c9-4729-a165-cfb62badebf1 to target datanode db554898-6af7-422b-b427-df55835f0411
2023-09-13 18:18:02,505 [main] DEBUG balancer.ContainerBalancerTask (ContainerBalancerTask.java:matchSourceWithTarget(708)) - ContainerBalancer is finding suitable target for source datanode 95727284-ce60-496e-8645-db212853c3ff
2023-09-13 18:18:02,505 [main] INFO  balancer.ContainerBalancerTask (ContainerBalancerTask.java:matchSourceWithTarget(722)) - ContainerBalancer matched source datanode 95727284-ce60-496e-8645-db212853c3ff with target datanode db554898-6af7-422b-b427-df55835f0411 for container move.
2023-09-13 18:18:02,505 [main] INFO  balancer.ContainerBalancerTask (ContainerBalancerTask.java:processMoveSelection(569)) - ContainerBalancer is trying to move container #53 with size 5368709120B from source datanode 95727284-ce60-496e-8645-db212853c3ff to target datanode db554898-6af7-422b-b427-df55835f0411
2023-09-13 18:18:02,508 [main] DEBUG balancer.ContainerBalancerTask (ContainerBalancerTask.java:matchSourceWithTarget(708)) - ContainerBalancer is finding suitable target for source datanode 80aca6aa-8230-4b41-9035-3b0e8c33c270
2023-09-13 18:18:02,509 [main] INFO  balancer.ContainerBalancerTask (ContainerBalancerTask.java:matchSourceWithTarget(722)) - ContainerBalancer matched source datanode 80aca6aa-8230-4b41-9035-3b0e8c33c270 with target datanode db554898-6af7-422b-b427-df55835f0411 for container move.
2023-09-13 18:18:02,509 [main] INFO  balancer.ContainerBalancerTask (ContainerBalancerTask.java:processMoveSelection(569)) - ContainerBalancer is trying to move container #49 with size 1073741824B from source datanode 80aca6aa-8230-4b41-9035-3b0e8c33c270 to target datanode db554898-6af7-422b-b427-df55835f0411
2023-09-13 18:18:02,512 [main] DEBUG balancer.ContainerBalancerTask (ContainerBalancerTask.java:matchSourceWithTarget(708)) - ContainerBalancer is finding suitable target for source datanode 80aca6aa-8230-4b41-9035-3b0e8c33c270
2023-09-13 18:18:02,513 [main] INFO  balancer.ContainerBalancerTask (ContainerBalancerTask.java:matchSourceWithTarget(722)) - ContainerBalancer matched source datanode 80aca6aa-8230-4b41-9035-3b0e8c33c270 with target datanode 6c178aaf-91a1-4e16-a66a-f488cef105e0 for container move.
2023-09-13 18:18:02,513 [main] INFO  balancer.ContainerBalancerTask (ContainerBalancerTask.java:processMoveSelection(569)) - ContainerBalancer is trying to move container #67 with size 4294967296B from source datanode 80aca6aa-8230-4b41-9035-3b0e8c33c270 to target datanode 6c178aaf-91a1-4e16-a66a-f488cef105e0
2023-09-13 18:18:02,516 [main] DEBUG balancer.ContainerBalancerTask (ContainerBalancerTask.java:matchSourceWithTarget(708)) - ContainerBalancer is finding suitable target for source datanode 044cf70c-c6c9-4729-a165-cfb62badebf1
2023-09-13 18:18:02,516 [main] INFO  balancer.ContainerBalancerTask (ContainerBalancerTask.java:matchSourceWithTarget(722)) - ContainerBalancer matched source datanode 044cf70c-c6c9-4729-a165-cfb62badebf1 with target datanode 6c178aaf-91a1-4e16-a66a-f488cef105e0 for container move.
2023-09-13 18:18:02,516 [main] INFO  balancer.ContainerBalancerTask (ContainerBalancerTask.java:processMoveSelection(569)) - ContainerBalancer is trying to move container #84 with size 4294967296B from source datanode 044cf70c-c6c9-4729-a165-cfb62badebf1 to target datanode 6c178aaf-91a1-4e16-a66a-f488cef105e0
2023-09-13 18:18:02,519 [main] DEBUG balancer.ContainerBalancerTask (ContainerBalancerTask.java:matchSourceWithTarget(708)) - ContainerBalancer is finding suitable target for source datanode 95727284-ce60-496e-8645-db212853c3ff
2023-09-13 18:18:02,520 [main] INFO  balancer.ContainerBalancerTask (ContainerBalancerTask.java:matchSourceWithTarget(722)) - ContainerBalancer matched source datanode 95727284-ce60-496e-8645-db212853c3ff with target datanode 6c178aaf-91a1-4e16-a66a-f488cef105e0 for container move.
2023-09-13 18:18:02,520 [main] INFO  balancer.ContainerBalancerTask (ContainerBalancerTask.java:processMoveSelection(569)) - ContainerBalancer is trying to move container #87 with size 2147483648B from source datanode 95727284-ce60-496e-8645-db212853c3ff to target datanode 6c178aaf-91a1-4e16-a66a-f488cef105e0
2023-09-13 18:18:02,524 [main] DEBUG balancer.ContainerBalancerTask (ContainerBalancerTask.java:matchSourceWithTarget(708)) - ContainerBalancer is finding suitable target for source datanode 80aca6aa-8230-4b41-9035-3b0e8c33c270
2023-09-13 18:18:02,524 [main] INFO  balancer.FindTargetGreedyByUsageInfo (AbstractFindTargetGreedy.java:findTargetForContainerMove(133)) - Container Balancer could not find a target for source datanode 80aca6aa-8230-4b41-9035-3b0e8c33c270
2023-09-13 18:18:02,524 [main] DEBUG balancer.ContainerBalancerTask (ContainerBalancerTask.java:matchSourceWithTarget(717)) - ContainerBalancer could not find a suitable target for source node 80aca6aa-8230-4b41-9035-3b0e8c33c270.
2023-09-13 18:18:02,529 [main] DEBUG balancer.ContainerBalancerTask (ContainerBalancerTask.java:matchSourceWithTarget(708)) - ContainerBalancer is finding suitable target for source datanode b776b225-7cb1-49c3-86dc-9cfd5320a068
2023-09-13 18:18:02,529 [main] INFO  balancer.FindTargetGreedyByUsageInfo (AbstractFindTargetGreedy.java:findTargetForContainerMove(133)) - Container Balancer could not find a target for source datanode b776b225-7cb1-49c3-86dc-9cfd5320a068
2023-09-13 18:18:02,529 [main] DEBUG balancer.ContainerBalancerTask (ContainerBalancerTask.java:matchSourceWithTarget(717)) - ContainerBalancer could not find a suitable target for source node b776b225-7cb1-49c3-86dc-9cfd5320a068.
2023-09-13 18:18:02,532 [main] DEBUG balancer.ContainerBalancerTask (ContainerBalancerTask.java:matchSourceWithTarget(708)) - ContainerBalancer is finding suitable target for source datanode 95727284-ce60-496e-8645-db212853c3ff
2023-09-13 18:18:02,532 [main] INFO  balancer.FindTargetGreedyByUsageInfo (AbstractFindTargetGreedy.java:findTargetForContainerMove(133)) - Container Balancer could not find a target for source datanode 95727284-ce60-496e-8645-db212853c3ff
2023-09-13 18:18:02,532 [main] DEBUG balancer.ContainerBalancerTask (ContainerBalancerTask.java:matchSourceWithTarget(717)) - ContainerBalancer could not find a suitable target for source node 95727284-ce60-496e-8645-db212853c3ff.
2023-09-13 18:18:02,535 [main] DEBUG balancer.ContainerBalancerTask (ContainerBalancerTask.java:matchSourceWithTarget(708)) - ContainerBalancer is finding suitable target for source datanode 044cf70c-c6c9-4729-a165-cfb62badebf1
2023-09-13 18:18:02,535 [main] INFO  balancer.FindTargetGreedyByUsageInfo (AbstractFindTargetGreedy.java:findTargetForContainerMove(133)) - Container Balancer could not find a target for source datanode 044cf70c-c6c9-4729-a165-cfb62badebf1
2023-09-13 18:18:02,535 [main] DEBUG balancer.ContainerBalancerTask (ContainerBalancerTask.java:matchSourceWithTarget(717)) - ContainerBalancer could not find a suitable target for source node 044cf70c-c6c9-4729-a165-cfb62badebf1.
2023-09-13 18:18:02,538 [main] DEBUG balancer.ContainerBalancerTask (ContainerBalancerTask.java:matchSourceWithTarget(708)) - ContainerBalancer is finding suitable target for source datanode 90802c90-7c4d-49dc-ac56-9dea729e4b0c
2023-09-13 18:18:02,538 [main] INFO  balancer.FindTargetGreedyByUsageInfo (AbstractFindTargetGreedy.java:findTargetForContainerMove(133)) - Container Balancer could not find a target for source datanode 90802c90-7c4d-49dc-ac56-9dea729e4b0c
2023-09-13 18:18:02,538 [main] DEBUG balancer.ContainerBalancerTask (ContainerBalancerTask.java:matchSourceWithTarget(717)) - ContainerBalancer could not find a suitable target for source node 90802c90-7c4d-49dc-ac56-9dea729e4b0c.
2023-09-13 18:18:02,538 [main] INFO  balancer.FindSourceGreedy (FindSourceGreedy.java:getNextCandidateSourceDataNode(126)) - no more candidate source data node
2023-09-13 18:18:03,039 [main] WARN  balancer.ContainerBalancerTask (ContainerBalancerTask.java:cancelMovesThatExceedTimeoutDuration(674)) - Container move timed out for container #89 from source 044cf70c-c6c9-4729-a165-cfb62badebf1 to target db554898-6af7-422b-b427-df55835f0411.
2023-09-13 18:18:03,039 [main] WARN  balancer.ContainerBalancerTask (ContainerBalancerTask.java:cancelMovesThatExceedTimeoutDuration(674)) - Container move timed out for container #87 from source 95727284-ce60-496e-8645-db212853c3ff to target 6c178aaf-91a1-4e16-a66a-f488cef105e0.
2023-09-13 18:18:03,040 [main] WARN  balancer.ContainerBalancerTask (ContainerBalancerTask.java:cancelMovesThatExceedTimeoutDuration(674)) - Container move timed out for container #53 from source 95727284-ce60-496e-8645-db212853c3ff to target db554898-6af7-422b-b427-df55835f0411.
2023-09-13 18:18:03,040 [main] WARN  balancer.ContainerBalancerTask (ContainerBalancerTask.java:cancelMovesThatExceedTimeoutDuration(674)) - Container move timed out for container #84 from source 044cf70c-c6c9-4729-a165-cfb62badebf1 to target 6c178aaf-91a1-4e16-a66a-f488cef105e0.
2023-09-13 18:18:03,040 [main] WARN  balancer.ContainerBalancerTask (ContainerBalancerTask.java:cancelMovesThatExceedTimeoutDuration(674)) - Container move timed out for container #67 from source 80aca6aa-8230-4b41-9035-3b0e8c33c270 to target 6c178aaf-91a1-4e16-a66a-f488cef105e0.
2023-09-13 18:18:03,041 [main] WARN  balancer.ContainerBalancerTask (ContainerBalancerTask.java:cancelMovesThatExceedTimeoutDuration(674)) - Container move timed out for container #49 from source 80aca6aa-8230-4b41-9035-3b0e8c33c270 to target db554898-6af7-422b-b427-df55835f0411.
2023-09-13 18:18:03,041 [main] WARN  balancer.ContainerBalancerTask (ContainerBalancerTask.java:cancelMovesThatExceedTimeoutDuration(674)) - Container move timed out for container #68 from source 95727284-ce60-496e-8645-db212853c3ff to target 510889b4-fbb2-4082-924b-2ec634a68aa1.
2023-09-13 18:18:03,041 [main] WARN  balancer.ContainerBalancerTask (ContainerBalancerTask.java:checkIterationMoveResults(620)) - 7 Container moves are canceled.
2023-09-13 18:18:03,041 [main] INFO  balancer.ContainerBalancerTask (ContainerBalancerTask.java:checkIterationMoveResults(642)) - Iteration Summary. Number of Datanodes involved: 6. Size moved: 5 GB (5368709120 Bytes). Number of Container moves completed: 1.
2023-09-13 18:18:03,041 [main] INFO  balancer.ContainerBalancerTask (ContainerBalancerTask.java:balance(259)) - Result of this iteration of Container Balancer: ITERATION_COMPLETED
2023-09-13 18:18:03,042 [main] INFO  balancer.ContainerBalancerTask (ContainerBalancerTask.java:tryStopWithSaveConfiguration(308)) - Save Configuration for stopping. Reason: Completed all iterations.
]]></system-out>
  </testcase>
  <testcase name="targetDatanodeShouldNotAlreadyContainSelectedContainer" classname="org.apache.hadoop.hdds.scm.container.balancer.TestContainerBalancerTask" time="0.179">
    <system-out><![CDATA[2023-09-13 18:18:03,068 [main] INFO  net.NodeSchemaLoader (NodeSchemaLoader.java:loadSchemaFromFile(129)) - Loading schema from [file:/home/runner/work/ozone/ozone/hadoop-hdds/common/target/classes/network-topology-default.xml]
2023-09-13 18:18:03,069 [main] INFO  net.NodeSchemaLoader (NodeSchemaLoader.java:loadSchema(176)) - Loading network topology layer schema file
2023-09-13 18:18:03,071 [main] INFO  net.NetworkTopologyImpl (NetworkTopologyImpl.java:add(112)) - Added a new node: /default-rack/3b3612c7-7750-4c72-b408-51916e6c72d7
2023-09-13 18:18:03,071 [main] INFO  net.NetworkTopologyImpl (NetworkTopologyImpl.java:add(112)) - Added a new node: /default-rack/21c21ae8-30e0-4f41-b5e2-ef272f6888a4
2023-09-13 18:18:03,071 [main] INFO  net.NetworkTopologyImpl (NetworkTopologyImpl.java:add(112)) - Added a new node: /default-rack/46b2321d-0aca-4600-b833-7358e744b0ae
2023-09-13 18:18:03,071 [main] INFO  net.NetworkTopologyImpl (NetworkTopologyImpl.java:add(112)) - Added a new node: /default-rack/8f45db96-ec61-483e-8174-af17dd4200f9
2023-09-13 18:18:03,071 [main] INFO  net.NetworkTopologyImpl (NetworkTopologyImpl.java:add(112)) - Added a new node: /default-rack/aaa117e2-0311-40ce-8d1c-86664967f7d6
2023-09-13 18:18:03,071 [main] INFO  net.NetworkTopologyImpl (NetworkTopologyImpl.java:add(112)) - Added a new node: /default-rack/5633f5eb-110e-4ae1-b4fc-b5d1280780e5
2023-09-13 18:18:03,071 [main] INFO  net.NetworkTopologyImpl (NetworkTopologyImpl.java:add(112)) - Added a new node: /default-rack/c0415a6c-7269-4cd7-ad60-bd91f162287d
2023-09-13 18:18:03,072 [main] INFO  net.NetworkTopologyImpl (NetworkTopologyImpl.java:add(112)) - Added a new node: /default-rack/ef52d457-c744-4988-944e-13c77c816c6c
2023-09-13 18:18:03,072 [main] INFO  net.NetworkTopologyImpl (NetworkTopologyImpl.java:add(112)) - Added a new node: /default-rack/b4d0503e-3f86-4832-b8db-9f55e5da0e10
2023-09-13 18:18:03,072 [main] INFO  net.NetworkTopologyImpl (NetworkTopologyImpl.java:add(112)) - Added a new node: /default-rack/fc67a0d6-86fc-498c-b3bd-b93b62b6df0e
2023-09-13 18:18:03,072 [main] INFO  algorithms.ContainerPlacementPolicyFactory (ContainerPlacementPolicyFactory.java:getPolicyInternal(86)) - Create container placement policy of type org.apache.hadoop.hdds.scm.container.placement.algorithms.SCMContainerPlacementRackAware
2023-09-13 18:18:03,072 [main] INFO  algorithms.ContainerPlacementPolicyFactory (ContainerPlacementPolicyFactory.java:getPolicyInternal(86)) - Create container placement policy of type org.apache.hadoop.hdds.scm.container.placement.algorithms.SCMContainerPlacementRackScatter
2023-09-13 18:18:03,076 [main] DEBUG balancer.ContainerBalancerTask (ContainerBalancerTask.java:initializeIteration(374)) - Average utilization of the cluster is 0.36788177570687197
2023-09-13 18:18:03,076 [main] DEBUG balancer.ContainerBalancerTask (ContainerBalancerTask.java:initializeIteration(386)) - Lower limit for utilization is 0.267881775706872 and Upper limit for utilization is 0.46788177570687195
2023-09-13 18:18:03,076 [main] DEBUG balancer.ContainerBalancerTask (ContainerBalancerTask.java:initializeIteration(398)) - Utilization for node b4d0503e-3f86-4832-b8db-9f55e5da0e10 with capacity 71582788266B, used 64424509440B, and remaining 7158278826B is 0.9000000000083819
2023-09-13 18:18:03,076 [main] DEBUG balancer.ContainerBalancerTask (ContainerBalancerTask.java:initializeIteration(398)) - Utilization for node 3b3612c7-7750-4c72-b408-51916e6c72d7 with capacity 76504104960B, used 61203283968B, and remaining 15300820992B is 0.8
2023-09-13 18:18:03,076 [main] DEBUG balancer.ContainerBalancerTask (ContainerBalancerTask.java:initializeIteration(398)) - Utilization for node ef52d457-c744-4988-944e-13c77c816c6c with capacity 81297595245B, used 56908316672B, and remaining 24389278573B is 0.7000000000061503
2023-09-13 18:18:03,076 [main] DEBUG balancer.ContainerBalancerTask (ContainerBalancerTask.java:initializeIteration(398)) - Utilization for node 8f45db96-ec61-483e-8174-af17dd4200f9 with capacity 64424509440B, used 38654705664B, and remaining 25769803776B is 0.6
2023-09-13 18:18:03,076 [main] DEBUG balancer.ContainerBalancerTask (ContainerBalancerTask.java:initializeIteration(398)) - Utilization for node c0415a6c-7269-4cd7-ad60-bd91f162287d with capacity 92341796864B, used 46170898432B, and remaining 46170898432B is 0.5
2023-09-13 18:18:03,076 [main] DEBUG balancer.ContainerBalancerTask (ContainerBalancerTask.java:initializeIteration(398)) - Utilization for node 5633f5eb-110e-4ae1-b4fc-b5d1280780e5 with capacity 91268055040B, used 36507222016B, and remaining 54760833024B is 0.4
2023-09-13 18:18:03,077 [main] DEBUG balancer.ContainerBalancerTask (ContainerBalancerTask.java:initializeIteration(398)) - Utilization for node 21c21ae8-30e0-4f41-b5e2-ef272f6888a4 with capacity 75161927680B, used 22548578304B, and remaining 52613349376B is 0.3
2023-09-13 18:18:03,077 [main] DEBUG balancer.ContainerBalancerTask (ContainerBalancerTask.java:initializeIteration(398)) - Utilization for node 46b2321d-0aca-4600-b833-7358e744b0ae with capacity 236223201280B, used 47244640256B, and remaining 188978561024B is 0.2
2023-09-13 18:18:03,077 [main] DEBUG balancer.ContainerBalancerTask (ContainerBalancerTask.java:initializeIteration(398)) - Utilization for node aaa117e2-0311-40ce-8d1c-86664967f7d6 with capacity 279172874240B, used 27917287424B, and remaining 251255586816B is 0.1
2023-09-13 18:18:03,077 [main] DEBUG balancer.ContainerBalancerTask (ContainerBalancerTask.java:initializeIteration(398)) - Utilization for node fc67a0d6-86fc-498c-b3bd-b93b62b6df0e with capacity 23622320128B, used 0B, and remaining 23622320128B is 0.0
2023-09-13 18:18:03,077 [main] INFO  balancer.ContainerBalancerTask (ContainerBalancerTask.java:initializeIteration(447)) - Container Balancer has identified 5 Over-Utilized and 3 Under-Utilized Datanodes that need to be balanced.
2023-09-13 18:18:03,077 [main] DEBUG balancer.ContainerBalancerTask (ContainerBalancerTask.java:lambda$initializeIteration$1(453)) - Datanode localhost-185.219.216.187 b4d0503e-3f86-4832-b8db-9f55e5da0e10 is Over-Utilized.
2023-09-13 18:18:03,077 [main] DEBUG balancer.ContainerBalancerTask (ContainerBalancerTask.java:lambda$initializeIteration$1(453)) - Datanode localhost-23.163.26.134 3b3612c7-7750-4c72-b408-51916e6c72d7 is Over-Utilized.
2023-09-13 18:18:03,078 [main] DEBUG balancer.ContainerBalancerTask (ContainerBalancerTask.java:lambda$initializeIteration$1(453)) - Datanode localhost-103.43.161.38 ef52d457-c744-4988-944e-13c77c816c6c is Over-Utilized.
2023-09-13 18:18:03,078 [main] DEBUG balancer.ContainerBalancerTask (ContainerBalancerTask.java:lambda$initializeIteration$1(453)) - Datanode localhost-150.189.51.136 8f45db96-ec61-483e-8174-af17dd4200f9 is Over-Utilized.
2023-09-13 18:18:03,078 [main] DEBUG balancer.ContainerBalancerTask (ContainerBalancerTask.java:lambda$initializeIteration$1(453)) - Datanode localhost-65.169.16.25 c0415a6c-7269-4cd7-ad60-bd91f162287d is Over-Utilized.
2023-09-13 18:18:03,078 [main] DEBUG balancer.ContainerBalancerTask (ContainerBalancerTask.java:lambda$initializeIteration$2(459)) - Datanode localhost-89.106.15.194 fc67a0d6-86fc-498c-b3bd-b93b62b6df0e is Under-Utilized.
2023-09-13 18:18:03,078 [main] DEBUG balancer.ContainerBalancerTask (ContainerBalancerTask.java:lambda$initializeIteration$2(459)) - Datanode localhost-143.115.53.205 aaa117e2-0311-40ce-8d1c-86664967f7d6 is Under-Utilized.
2023-09-13 18:18:03,078 [main] DEBUG balancer.ContainerBalancerTask (ContainerBalancerTask.java:lambda$initializeIteration$2(459)) - Datanode localhost-191.119.5.107 46b2321d-0aca-4600-b833-7358e744b0ae is Under-Utilized.
2023-09-13 18:18:03,081 [main] DEBUG balancer.ContainerBalancerTask (ContainerBalancerTask.java:matchSourceWithTarget(708)) - ContainerBalancer is finding suitable target for source datanode b4d0503e-3f86-4832-b8db-9f55e5da0e10
2023-09-13 18:18:03,082 [main] INFO  balancer.ContainerBalancerTask (ContainerBalancerTask.java:matchSourceWithTarget(722)) - ContainerBalancer matched source datanode b4d0503e-3f86-4832-b8db-9f55e5da0e10 with target datanode fc67a0d6-86fc-498c-b3bd-b93b62b6df0e for container move.
2023-09-13 18:18:03,082 [main] INFO  balancer.ContainerBalancerTask (ContainerBalancerTask.java:processMoveSelection(569)) - ContainerBalancer is trying to move container #85 with size 5368709120B from source datanode b4d0503e-3f86-4832-b8db-9f55e5da0e10 to target datanode fc67a0d6-86fc-498c-b3bd-b93b62b6df0e
2023-09-13 18:18:03,082 [main] DEBUG balancer.ContainerBalancerTask (ContainerBalancerTask.java:lambda$moveContainer$3(837)) - Container move completed for container #85 from source b4d0503e-3f86-4832-b8db-9f55e5da0e10 to target fc67a0d6-86fc-498c-b3bd-b93b62b6df0e
2023-09-13 18:18:03,086 [main] DEBUG balancer.ContainerBalancerTask (ContainerBalancerTask.java:matchSourceWithTarget(708)) - ContainerBalancer is finding suitable target for source datanode b4d0503e-3f86-4832-b8db-9f55e5da0e10
2023-09-13 18:18:03,086 [main] INFO  balancer.ContainerBalancerTask (ContainerBalancerTask.java:matchSourceWithTarget(722)) - ContainerBalancer matched source datanode b4d0503e-3f86-4832-b8db-9f55e5da0e10 with target datanode aaa117e2-0311-40ce-8d1c-86664967f7d6 for container move.
2023-09-13 18:18:03,086 [main] INFO  balancer.ContainerBalancerTask (ContainerBalancerTask.java:processMoveSelection(569)) - ContainerBalancer is trying to move container #68 with size 5368709120B from source datanode b4d0503e-3f86-4832-b8db-9f55e5da0e10 to target datanode aaa117e2-0311-40ce-8d1c-86664967f7d6
2023-09-13 18:18:03,086 [main] DEBUG balancer.ContainerBalancerTask (ContainerBalancerTask.java:lambda$moveContainer$3(837)) - Container move completed for container #68 from source b4d0503e-3f86-4832-b8db-9f55e5da0e10 to target aaa117e2-0311-40ce-8d1c-86664967f7d6
2023-09-13 18:18:03,090 [main] DEBUG balancer.ContainerBalancerTask (ContainerBalancerTask.java:matchSourceWithTarget(708)) - ContainerBalancer is finding suitable target for source datanode 3b3612c7-7750-4c72-b408-51916e6c72d7
2023-09-13 18:18:03,090 [main] INFO  balancer.ContainerBalancerTask (ContainerBalancerTask.java:matchSourceWithTarget(722)) - ContainerBalancer matched source datanode 3b3612c7-7750-4c72-b408-51916e6c72d7 with target datanode aaa117e2-0311-40ce-8d1c-86664967f7d6 for container move.
2023-09-13 18:18:03,090 [main] INFO  balancer.ContainerBalancerTask (ContainerBalancerTask.java:processMoveSelection(569)) - ContainerBalancer is trying to move container #29 with size 5368709120B from source datanode 3b3612c7-7750-4c72-b408-51916e6c72d7 to target datanode aaa117e2-0311-40ce-8d1c-86664967f7d6
2023-09-13 18:18:03,090 [main] DEBUG balancer.ContainerBalancerTask (ContainerBalancerTask.java:lambda$moveContainer$3(837)) - Container move completed for container #29 from source 3b3612c7-7750-4c72-b408-51916e6c72d7 to target aaa117e2-0311-40ce-8d1c-86664967f7d6
2023-09-13 18:18:03,094 [main] DEBUG balancer.ContainerBalancerTask (ContainerBalancerTask.java:matchSourceWithTarget(708)) - ContainerBalancer is finding suitable target for source datanode b4d0503e-3f86-4832-b8db-9f55e5da0e10
2023-09-13 18:18:03,094 [main] INFO  balancer.ContainerBalancerTask (ContainerBalancerTask.java:matchSourceWithTarget(722)) - ContainerBalancer matched source datanode b4d0503e-3f86-4832-b8db-9f55e5da0e10 with target datanode aaa117e2-0311-40ce-8d1c-86664967f7d6 for container move.
2023-09-13 18:18:03,094 [main] INFO  balancer.ContainerBalancerTask (ContainerBalancerTask.java:processMoveSelection(569)) - ContainerBalancer is trying to move container #67 with size 4294967296B from source datanode b4d0503e-3f86-4832-b8db-9f55e5da0e10 to target datanode aaa117e2-0311-40ce-8d1c-86664967f7d6
2023-09-13 18:18:03,095 [main] DEBUG balancer.ContainerBalancerTask (ContainerBalancerTask.java:lambda$moveContainer$3(837)) - Container move completed for container #67 from source b4d0503e-3f86-4832-b8db-9f55e5da0e10 to target aaa117e2-0311-40ce-8d1c-86664967f7d6
2023-09-13 18:18:03,098 [main] DEBUG balancer.ContainerBalancerTask (ContainerBalancerTask.java:matchSourceWithTarget(708)) - ContainerBalancer is finding suitable target for source datanode 3b3612c7-7750-4c72-b408-51916e6c72d7
2023-09-13 18:18:03,098 [main] INFO  balancer.ContainerBalancerTask (ContainerBalancerTask.java:matchSourceWithTarget(722)) - ContainerBalancer matched source datanode 3b3612c7-7750-4c72-b408-51916e6c72d7 with target datanode aaa117e2-0311-40ce-8d1c-86664967f7d6 for container move.
2023-09-13 18:18:03,098 [main] INFO  balancer.ContainerBalancerTask (ContainerBalancerTask.java:processMoveSelection(569)) - ContainerBalancer is trying to move container #28 with size 4294967296B from source datanode 3b3612c7-7750-4c72-b408-51916e6c72d7 to target datanode aaa117e2-0311-40ce-8d1c-86664967f7d6
2023-09-13 18:18:03,099 [main] DEBUG balancer.ContainerBalancerTask (ContainerBalancerTask.java:lambda$moveContainer$3(837)) - Container move completed for container #28 from source 3b3612c7-7750-4c72-b408-51916e6c72d7 to target aaa117e2-0311-40ce-8d1c-86664967f7d6
2023-09-13 18:18:03,102 [main] DEBUG balancer.ContainerBalancerTask (ContainerBalancerTask.java:matchSourceWithTarget(708)) - ContainerBalancer is finding suitable target for source datanode ef52d457-c744-4988-944e-13c77c816c6c
2023-09-13 18:18:03,102 [main] INFO  balancer.ContainerBalancerTask (ContainerBalancerTask.java:matchSourceWithTarget(722)) - ContainerBalancer matched source datanode ef52d457-c744-4988-944e-13c77c816c6c with target datanode aaa117e2-0311-40ce-8d1c-86664967f7d6 for container move.
2023-09-13 18:18:03,103 [main] INFO  balancer.ContainerBalancerTask (ContainerBalancerTask.java:processMoveSelection(569)) - ContainerBalancer is trying to move container #40 with size 5368709120B from source datanode ef52d457-c744-4988-944e-13c77c816c6c to target datanode aaa117e2-0311-40ce-8d1c-86664967f7d6
2023-09-13 18:18:03,103 [main] DEBUG balancer.ContainerBalancerTask (ContainerBalancerTask.java:lambda$moveContainer$3(837)) - Container move completed for container #40 from source ef52d457-c744-4988-944e-13c77c816c6c to target aaa117e2-0311-40ce-8d1c-86664967f7d6
2023-09-13 18:18:03,107 [main] DEBUG balancer.ContainerBalancerTask (ContainerBalancerTask.java:matchSourceWithTarget(708)) - ContainerBalancer is finding suitable target for source datanode b4d0503e-3f86-4832-b8db-9f55e5da0e10
2023-09-13 18:18:03,107 [main] INFO  balancer.ContainerBalancerTask (ContainerBalancerTask.java:matchSourceWithTarget(722)) - ContainerBalancer matched source datanode b4d0503e-3f86-4832-b8db-9f55e5da0e10 with target datanode aaa117e2-0311-40ce-8d1c-86664967f7d6 for container move.
2023-09-13 18:18:03,107 [main] INFO  balancer.ContainerBalancerTask (ContainerBalancerTask.java:processMoveSelection(569)) - ContainerBalancer is trying to move container #19 with size 4294967296B from source datanode b4d0503e-3f86-4832-b8db-9f55e5da0e10 to target datanode aaa117e2-0311-40ce-8d1c-86664967f7d6
2023-09-13 18:18:03,108 [main] DEBUG balancer.ContainerBalancerTask (ContainerBalancerTask.java:lambda$moveContainer$3(837)) - Container move completed for container #19 from source b4d0503e-3f86-4832-b8db-9f55e5da0e10 to target aaa117e2-0311-40ce-8d1c-86664967f7d6
2023-09-13 18:18:03,111 [main] DEBUG balancer.ContainerBalancerTask (ContainerBalancerTask.java:matchSourceWithTarget(708)) - ContainerBalancer is finding suitable target for source datanode 3b3612c7-7750-4c72-b408-51916e6c72d7
2023-09-13 18:18:03,112 [main] INFO  balancer.ContainerBalancerTask (ContainerBalancerTask.java:matchSourceWithTarget(722)) - ContainerBalancer matched source datanode 3b3612c7-7750-4c72-b408-51916e6c72d7 with target datanode 46b2321d-0aca-4600-b833-7358e744b0ae for container move.
2023-09-13 18:18:03,112 [main] INFO  balancer.ContainerBalancerTask (ContainerBalancerTask.java:processMoveSelection(569)) - ContainerBalancer is trying to move container #66 with size 3221225472B from source datanode 3b3612c7-7750-4c72-b408-51916e6c72d7 to target datanode 46b2321d-0aca-4600-b833-7358e744b0ae
2023-09-13 18:18:03,112 [main] DEBUG balancer.ContainerBalancerTask (ContainerBalancerTask.java:lambda$moveContainer$3(837)) - Container move completed for container #66 from source 3b3612c7-7750-4c72-b408-51916e6c72d7 to target 46b2321d-0aca-4600-b833-7358e744b0ae
2023-09-13 18:18:03,115 [main] DEBUG balancer.ContainerBalancerTask (ContainerBalancerTask.java:matchSourceWithTarget(708)) - ContainerBalancer is finding suitable target for source datanode ef52d457-c744-4988-944e-13c77c816c6c
2023-09-13 18:18:03,116 [main] INFO  balancer.ContainerBalancerTask (ContainerBalancerTask.java:matchSourceWithTarget(722)) - ContainerBalancer matched source datanode ef52d457-c744-4988-944e-13c77c816c6c with target datanode aaa117e2-0311-40ce-8d1c-86664967f7d6 for container move.
2023-09-13 18:18:03,116 [main] INFO  balancer.ContainerBalancerTask (ContainerBalancerTask.java:processMoveSelection(569)) - ContainerBalancer is trying to move container #52 with size 4294967296B from source datanode ef52d457-c744-4988-944e-13c77c816c6c to target datanode aaa117e2-0311-40ce-8d1c-86664967f7d6
2023-09-13 18:18:03,116 [main] DEBUG balancer.ContainerBalancerTask (ContainerBalancerTask.java:lambda$moveContainer$3(837)) - Container move completed for container #52 from source ef52d457-c744-4988-944e-13c77c816c6c to target aaa117e2-0311-40ce-8d1c-86664967f7d6
2023-09-13 18:18:03,120 [main] DEBUG balancer.ContainerBalancerTask (ContainerBalancerTask.java:matchSourceWithTarget(708)) - ContainerBalancer is finding suitable target for source datanode 3b3612c7-7750-4c72-b408-51916e6c72d7
2023-09-13 18:18:03,120 [main] INFO  balancer.ContainerBalancerTask (ContainerBalancerTask.java:matchSourceWithTarget(722)) - ContainerBalancer matched source datanode 3b3612c7-7750-4c72-b408-51916e6c72d7 with target datanode 46b2321d-0aca-4600-b833-7358e744b0ae for container move.
2023-09-13 18:18:03,120 [main] INFO  balancer.ContainerBalancerTask (ContainerBalancerTask.java:processMoveSelection(569)) - ContainerBalancer is trying to move container #27 with size 3221225472B from source datanode 3b3612c7-7750-4c72-b408-51916e6c72d7 to target datanode 46b2321d-0aca-4600-b833-7358e744b0ae
2023-09-13 18:18:03,120 [main] DEBUG balancer.ContainerBalancerTask (ContainerBalancerTask.java:lambda$moveContainer$3(837)) - Container move completed for container #27 from source 3b3612c7-7750-4c72-b408-51916e6c72d7 to target 46b2321d-0aca-4600-b833-7358e744b0ae
2023-09-13 18:18:03,125 [main] DEBUG balancer.ContainerBalancerTask (ContainerBalancerTask.java:matchSourceWithTarget(708)) - ContainerBalancer is finding suitable target for source datanode b4d0503e-3f86-4832-b8db-9f55e5da0e10
2023-09-13 18:18:03,125 [main] INFO  balancer.ContainerBalancerTask (ContainerBalancerTask.java:matchSourceWithTarget(722)) - ContainerBalancer matched source datanode b4d0503e-3f86-4832-b8db-9f55e5da0e10 with target datanode aaa117e2-0311-40ce-8d1c-86664967f7d6 for container move.
2023-09-13 18:18:03,125 [main] INFO  balancer.ContainerBalancerTask (ContainerBalancerTask.java:processMoveSelection(569)) - ContainerBalancer is trying to move container #88 with size 3221225472B from source datanode b4d0503e-3f86-4832-b8db-9f55e5da0e10 to target datanode aaa117e2-0311-40ce-8d1c-86664967f7d6
2023-09-13 18:18:03,125 [main] DEBUG balancer.ContainerBalancerTask (ContainerBalancerTask.java:lambda$moveContainer$3(837)) - Container move completed for container #88 from source b4d0503e-3f86-4832-b8db-9f55e5da0e10 to target aaa117e2-0311-40ce-8d1c-86664967f7d6
2023-09-13 18:18:03,129 [main] DEBUG balancer.ContainerBalancerTask (ContainerBalancerTask.java:matchSourceWithTarget(708)) - ContainerBalancer is finding suitable target for source datanode 8f45db96-ec61-483e-8174-af17dd4200f9
2023-09-13 18:18:03,129 [main] INFO  balancer.ContainerBalancerTask (ContainerBalancerTask.java:matchSourceWithTarget(722)) - ContainerBalancer matched source datanode 8f45db96-ec61-483e-8174-af17dd4200f9 with target datanode fc67a0d6-86fc-498c-b3bd-b93b62b6df0e for container move.
2023-09-13 18:18:03,129 [main] INFO  balancer.ContainerBalancerTask (ContainerBalancerTask.java:processMoveSelection(569)) - ContainerBalancer is trying to move container #39 with size 4294967296B from source datanode 8f45db96-ec61-483e-8174-af17dd4200f9 to target datanode fc67a0d6-86fc-498c-b3bd-b93b62b6df0e
2023-09-13 18:18:03,129 [main] DEBUG balancer.ContainerBalancerTask (ContainerBalancerTask.java:lambda$moveContainer$3(837)) - Container move completed for container #39 from source 8f45db96-ec61-483e-8174-af17dd4200f9 to target fc67a0d6-86fc-498c-b3bd-b93b62b6df0e
2023-09-13 18:18:03,133 [main] DEBUG balancer.ContainerBalancerTask (ContainerBalancerTask.java:matchSourceWithTarget(708)) - ContainerBalancer is finding suitable target for source datanode 3b3612c7-7750-4c72-b408-51916e6c72d7
2023-09-13 18:18:03,133 [main] INFO  balancer.ContainerBalancerTask (ContainerBalancerTask.java:matchSourceWithTarget(722)) - ContainerBalancer matched source datanode 3b3612c7-7750-4c72-b408-51916e6c72d7 with target datanode 46b2321d-0aca-4600-b833-7358e744b0ae for container move.
2023-09-13 18:18:03,134 [main] INFO  balancer.ContainerBalancerTask (ContainerBalancerTask.java:processMoveSelection(569)) - ContainerBalancer is trying to move container #70 with size 2147483648B from source datanode 3b3612c7-7750-4c72-b408-51916e6c72d7 to target datanode 46b2321d-0aca-4600-b833-7358e744b0ae
2023-09-13 18:18:03,134 [main] DEBUG balancer.ContainerBalancerTask (ContainerBalancerTask.java:lambda$moveContainer$3(837)) - Container move completed for container #70 from source 3b3612c7-7750-4c72-b408-51916e6c72d7 to target 46b2321d-0aca-4600-b833-7358e744b0ae
2023-09-13 18:18:03,138 [main] DEBUG balancer.ContainerBalancerTask (ContainerBalancerTask.java:matchSourceWithTarget(708)) - ContainerBalancer is finding suitable target for source datanode b4d0503e-3f86-4832-b8db-9f55e5da0e10
2023-09-13 18:18:03,138 [main] INFO  balancer.ContainerBalancerTask (ContainerBalancerTask.java:matchSourceWithTarget(722)) - ContainerBalancer matched source datanode b4d0503e-3f86-4832-b8db-9f55e5da0e10 with target datanode aaa117e2-0311-40ce-8d1c-86664967f7d6 for container move.
2023-09-13 18:18:03,139 [main] INFO  balancer.ContainerBalancerTask (ContainerBalancerTask.java:processMoveSelection(569)) - ContainerBalancer is trying to move container #83 with size 3221225472B from source datanode b4d0503e-3f86-4832-b8db-9f55e5da0e10 to target datanode aaa117e2-0311-40ce-8d1c-86664967f7d6
2023-09-13 18:18:03,139 [main] DEBUG balancer.ContainerBalancerTask (ContainerBalancerTask.java:lambda$moveContainer$3(837)) - Container move completed for container #83 from source b4d0503e-3f86-4832-b8db-9f55e5da0e10 to target aaa117e2-0311-40ce-8d1c-86664967f7d6
2023-09-13 18:18:03,143 [main] DEBUG balancer.ContainerBalancerTask (ContainerBalancerTask.java:matchSourceWithTarget(708)) - ContainerBalancer is finding suitable target for source datanode ef52d457-c744-4988-944e-13c77c816c6c
2023-09-13 18:18:03,143 [main] INFO  balancer.ContainerBalancerTask (ContainerBalancerTask.java:matchSourceWithTarget(722)) - ContainerBalancer matched source datanode ef52d457-c744-4988-944e-13c77c816c6c with target datanode 46b2321d-0aca-4600-b833-7358e744b0ae for container move.
2023-09-13 18:18:03,143 [main] INFO  balancer.ContainerBalancerTask (ContainerBalancerTask.java:processMoveSelection(569)) - ContainerBalancer is trying to move container #53 with size 5368709120B from source datanode ef52d457-c744-4988-944e-13c77c816c6c to target datanode 46b2321d-0aca-4600-b833-7358e744b0ae
2023-09-13 18:18:03,143 [main] DEBUG balancer.ContainerBalancerTask (ContainerBalancerTask.java:lambda$moveContainer$3(837)) - Container move completed for container #53 from source ef52d457-c744-4988-944e-13c77c816c6c to target 46b2321d-0aca-4600-b833-7358e744b0ae
2023-09-13 18:18:03,147 [main] DEBUG balancer.ContainerBalancerTask (ContainerBalancerTask.java:matchSourceWithTarget(708)) - ContainerBalancer is finding suitable target for source datanode 3b3612c7-7750-4c72-b408-51916e6c72d7
2023-09-13 18:18:03,148 [main] INFO  balancer.ContainerBalancerTask (ContainerBalancerTask.java:matchSourceWithTarget(722)) - ContainerBalancer matched source datanode 3b3612c7-7750-4c72-b408-51916e6c72d7 with target datanode aaa117e2-0311-40ce-8d1c-86664967f7d6 for container move.
2023-09-13 18:18:03,148 [main] INFO  balancer.ContainerBalancerTask (ContainerBalancerTask.java:processMoveSelection(569)) - ContainerBalancer is trying to move container #71 with size 3221225472B from source datanode 3b3612c7-7750-4c72-b408-51916e6c72d7 to target datanode aaa117e2-0311-40ce-8d1c-86664967f7d6
2023-09-13 18:18:03,148 [main] DEBUG balancer.ContainerBalancerTask (ContainerBalancerTask.java:lambda$moveContainer$3(837)) - Container move completed for container #71 from source 3b3612c7-7750-4c72-b408-51916e6c72d7 to target aaa117e2-0311-40ce-8d1c-86664967f7d6
2023-09-13 18:18:03,153 [main] DEBUG balancer.ContainerBalancerTask (ContainerBalancerTask.java:matchSourceWithTarget(708)) - ContainerBalancer is finding suitable target for source datanode b4d0503e-3f86-4832-b8db-9f55e5da0e10
2023-09-13 18:18:03,153 [main] INFO  balancer.ContainerBalancerTask (ContainerBalancerTask.java:matchSourceWithTarget(722)) - ContainerBalancer matched source datanode b4d0503e-3f86-4832-b8db-9f55e5da0e10 with target datanode aaa117e2-0311-40ce-8d1c-86664967f7d6 for container move.
2023-09-13 18:18:03,153 [main] INFO  balancer.ContainerBalancerTask (ContainerBalancerTask.java:processMoveSelection(569)) - ContainerBalancer is trying to move container #82 with size 2147483648B from source datanode b4d0503e-3f86-4832-b8db-9f55e5da0e10 to target datanode aaa117e2-0311-40ce-8d1c-86664967f7d6
2023-09-13 18:18:03,153 [main] DEBUG balancer.ContainerBalancerTask (ContainerBalancerTask.java:lambda$moveContainer$3(837)) - Container move completed for container #82 from source b4d0503e-3f86-4832-b8db-9f55e5da0e10 to target aaa117e2-0311-40ce-8d1c-86664967f7d6
2023-09-13 18:18:03,155 [main] DEBUG balancer.ContainerBalancerTask (ContainerBalancerTask.java:matchSourceWithTarget(708)) - ContainerBalancer is finding suitable target for source datanode 8f45db96-ec61-483e-8174-af17dd4200f9
2023-09-13 18:18:03,155 [main] INFO  balancer.ContainerBalancerTask (ContainerBalancerTask.java:matchSourceWithTarget(722)) - ContainerBalancer matched source datanode 8f45db96-ec61-483e-8174-af17dd4200f9 with target datanode 46b2321d-0aca-4600-b833-7358e744b0ae for container move.
2023-09-13 18:18:03,156 [main] INFO  balancer.ContainerBalancerTask (ContainerBalancerTask.java:processMoveSelection(569)) - ContainerBalancer is trying to move container #38 with size 3221225472B from source datanode 8f45db96-ec61-483e-8174-af17dd4200f9 to target datanode 46b2321d-0aca-4600-b833-7358e744b0ae
2023-09-13 18:18:03,156 [main] DEBUG balancer.ContainerBalancerTask (ContainerBalancerTask.java:lambda$moveContainer$3(837)) - Container move completed for container #38 from source 8f45db96-ec61-483e-8174-af17dd4200f9 to target 46b2321d-0aca-4600-b833-7358e744b0ae
2023-09-13 18:18:03,160 [main] DEBUG balancer.ContainerBalancerTask (ContainerBalancerTask.java:matchSourceWithTarget(708)) - ContainerBalancer is finding suitable target for source datanode 3b3612c7-7750-4c72-b408-51916e6c72d7
2023-09-13 18:18:03,160 [main] INFO  balancer.ContainerBalancerTask (ContainerBalancerTask.java:matchSourceWithTarget(722)) - ContainerBalancer matched source datanode 3b3612c7-7750-4c72-b408-51916e6c72d7 with target datanode aaa117e2-0311-40ce-8d1c-86664967f7d6 for container move.
2023-09-13 18:18:03,161 [main] INFO  balancer.ContainerBalancerTask (ContainerBalancerTask.java:processMoveSelection(569)) - ContainerBalancer is trying to move container #11 with size 3221225472B from source datanode 3b3612c7-7750-4c72-b408-51916e6c72d7 to target datanode aaa117e2-0311-40ce-8d1c-86664967f7d6
2023-09-13 18:18:03,161 [main] DEBUG balancer.ContainerBalancerTask (ContainerBalancerTask.java:lambda$moveContainer$3(837)) - Container move completed for container #11 from source 3b3612c7-7750-4c72-b408-51916e6c72d7 to target aaa117e2-0311-40ce-8d1c-86664967f7d6
2023-09-13 18:18:03,165 [main] DEBUG balancer.ContainerBalancerTask (ContainerBalancerTask.java:matchSourceWithTarget(708)) - ContainerBalancer is finding suitable target for source datanode ef52d457-c744-4988-944e-13c77c816c6c
2023-09-13 18:18:03,165 [main] INFO  balancer.ContainerBalancerTask (ContainerBalancerTask.java:matchSourceWithTarget(722)) - ContainerBalancer matched source datanode ef52d457-c744-4988-944e-13c77c816c6c with target datanode 46b2321d-0aca-4600-b833-7358e744b0ae for container move.
2023-09-13 18:18:03,165 [main] INFO  balancer.ContainerBalancerTask (ContainerBalancerTask.java:processMoveSelection(569)) - ContainerBalancer is trying to move container #18 with size 3221225472B from source datanode ef52d457-c744-4988-944e-13c77c816c6c to target datanode 46b2321d-0aca-4600-b833-7358e744b0ae
2023-09-13 18:18:03,166 [main] DEBUG balancer.ContainerBalancerTask (ContainerBalancerTask.java:lambda$moveContainer$3(837)) - Container move completed for container #18 from source ef52d457-c744-4988-944e-13c77c816c6c to target 46b2321d-0aca-4600-b833-7358e744b0ae
2023-09-13 18:18:03,170 [main] DEBUG balancer.ContainerBalancerTask (ContainerBalancerTask.java:matchSourceWithTarget(701)) - ContainerBalancer could not find any candidate containers for datanode b4d0503e-3f86-4832-b8db-9f55e5da0e10
2023-09-13 18:18:03,172 [main] DEBUG balancer.ContainerBalancerTask (ContainerBalancerTask.java:matchSourceWithTarget(708)) - ContainerBalancer is finding suitable target for source datanode c0415a6c-7269-4cd7-ad60-bd91f162287d
2023-09-13 18:18:03,173 [main] INFO  balancer.ContainerBalancerTask (ContainerBalancerTask.java:matchSourceWithTarget(722)) - ContainerBalancer matched source datanode c0415a6c-7269-4cd7-ad60-bd91f162287d with target datanode aaa117e2-0311-40ce-8d1c-86664967f7d6 for container move.
2023-09-13 18:18:03,173 [main] INFO  balancer.ContainerBalancerTask (ContainerBalancerTask.java:processMoveSelection(569)) - ContainerBalancer is trying to move container #55 with size 2147483648B from source datanode c0415a6c-7269-4cd7-ad60-bd91f162287d to target datanode aaa117e2-0311-40ce-8d1c-86664967f7d6
2023-09-13 18:18:03,173 [main] DEBUG balancer.ContainerBalancerTask (ContainerBalancerTask.java:lambda$moveContainer$3(837)) - Container move completed for container #55 from source c0415a6c-7269-4cd7-ad60-bd91f162287d to target aaa117e2-0311-40ce-8d1c-86664967f7d6
2023-09-13 18:18:03,175 [main] DEBUG balancer.ContainerBalancerTask (ContainerBalancerTask.java:matchSourceWithTarget(708)) - ContainerBalancer is finding suitable target for source datanode 8f45db96-ec61-483e-8174-af17dd4200f9
2023-09-13 18:18:03,175 [main] INFO  balancer.ContainerBalancerTask (ContainerBalancerTask.java:matchSourceWithTarget(722)) - ContainerBalancer matched source datanode 8f45db96-ec61-483e-8174-af17dd4200f9 with target datanode aaa117e2-0311-40ce-8d1c-86664967f7d6 for container move.
2023-09-13 18:18:03,175 [main] INFO  balancer.ContainerBalancerTask (ContainerBalancerTask.java:processMoveSelection(569)) - ContainerBalancer is trying to move container #65 with size 2147483648B from source datanode 8f45db96-ec61-483e-8174-af17dd4200f9 to target datanode aaa117e2-0311-40ce-8d1c-86664967f7d6
2023-09-13 18:18:03,175 [main] DEBUG balancer.ContainerBalancerTask (ContainerBalancerTask.java:lambda$moveContainer$3(837)) - Container move completed for container #65 from source 8f45db96-ec61-483e-8174-af17dd4200f9 to target aaa117e2-0311-40ce-8d1c-86664967f7d6
2023-09-13 18:18:03,178 [main] DEBUG balancer.ContainerBalancerTask (ContainerBalancerTask.java:matchSourceWithTarget(708)) - ContainerBalancer is finding suitable target for source datanode 3b3612c7-7750-4c72-b408-51916e6c72d7
2023-09-13 18:18:03,178 [main] INFO  balancer.ContainerBalancerTask (ContainerBalancerTask.java:matchSourceWithTarget(722)) - ContainerBalancer matched source datanode 3b3612c7-7750-4c72-b408-51916e6c72d7 with target datanode 46b2321d-0aca-4600-b833-7358e744b0ae for container move.
2023-09-13 18:18:03,179 [main] INFO  balancer.ContainerBalancerTask (ContainerBalancerTask.java:processMoveSelection(569)) - ContainerBalancer is trying to move container #17 with size 2147483648B from source datanode 3b3612c7-7750-4c72-b408-51916e6c72d7 to target datanode 46b2321d-0aca-4600-b833-7358e744b0ae
2023-09-13 18:18:03,179 [main] DEBUG balancer.ContainerBalancerTask (ContainerBalancerTask.java:lambda$moveContainer$3(837)) - Container move completed for container #17 from source 3b3612c7-7750-4c72-b408-51916e6c72d7 to target 46b2321d-0aca-4600-b833-7358e744b0ae
2023-09-13 18:18:03,181 [main] DEBUG balancer.ContainerBalancerTask (ContainerBalancerTask.java:matchSourceWithTarget(708)) - ContainerBalancer is finding suitable target for source datanode c0415a6c-7269-4cd7-ad60-bd91f162287d
2023-09-13 18:18:03,181 [main] INFO  balancer.ContainerBalancerTask (ContainerBalancerTask.java:matchSourceWithTarget(722)) - ContainerBalancer matched source datanode c0415a6c-7269-4cd7-ad60-bd91f162287d with target datanode aaa117e2-0311-40ce-8d1c-86664967f7d6 for container move.
2023-09-13 18:18:03,181 [main] INFO  balancer.ContainerBalancerTask (ContainerBalancerTask.java:processMoveSelection(569)) - ContainerBalancer is trying to move container #81 with size 1073741824B from source datanode c0415a6c-7269-4cd7-ad60-bd91f162287d to target datanode aaa117e2-0311-40ce-8d1c-86664967f7d6
2023-09-13 18:18:03,181 [main] DEBUG balancer.ContainerBalancerTask (ContainerBalancerTask.java:lambda$moveContainer$3(837)) - Container move completed for container #81 from source c0415a6c-7269-4cd7-ad60-bd91f162287d to target aaa117e2-0311-40ce-8d1c-86664967f7d6
2023-09-13 18:18:03,184 [main] DEBUG balancer.ContainerBalancerTask (ContainerBalancerTask.java:matchSourceWithTarget(708)) - ContainerBalancer is finding suitable target for source datanode ef52d457-c744-4988-944e-13c77c816c6c
2023-09-13 18:18:03,184 [main] INFO  balancer.ContainerBalancerTask (ContainerBalancerTask.java:matchSourceWithTarget(722)) - ContainerBalancer matched source datanode ef52d457-c744-4988-944e-13c77c816c6c with target datanode 46b2321d-0aca-4600-b833-7358e744b0ae for container move.
2023-09-13 18:18:03,184 [main] INFO  balancer.ContainerBalancerTask (ContainerBalancerTask.java:processMoveSelection(569)) - ContainerBalancer is trying to move container #50 with size 2147483648B from source datanode ef52d457-c744-4988-944e-13c77c816c6c to target datanode 46b2321d-0aca-4600-b833-7358e744b0ae
2023-09-13 18:18:03,184 [main] DEBUG balancer.ContainerBalancerTask (ContainerBalancerTask.java:lambda$moveContainer$3(837)) - Container move completed for container #50 from source ef52d457-c744-4988-944e-13c77c816c6c to target 46b2321d-0aca-4600-b833-7358e744b0ae
2023-09-13 18:18:03,186 [main] DEBUG balancer.ContainerBalancerTask (ContainerBalancerTask.java:matchSourceWithTarget(708)) - ContainerBalancer is finding suitable target for source datanode c0415a6c-7269-4cd7-ad60-bd91f162287d
2023-09-13 18:18:03,186 [main] INFO  balancer.ContainerBalancerTask (ContainerBalancerTask.java:matchSourceWithTarget(722)) - ContainerBalancer matched source datanode c0415a6c-7269-4cd7-ad60-bd91f162287d with target datanode 46b2321d-0aca-4600-b833-7358e744b0ae for container move.
2023-09-13 18:18:03,187 [main] INFO  balancer.ContainerBalancerTask (ContainerBalancerTask.java:processMoveSelection(569)) - ContainerBalancer is trying to move container #84 with size 4294967296B from source datanode c0415a6c-7269-4cd7-ad60-bd91f162287d to target datanode 46b2321d-0aca-4600-b833-7358e744b0ae
2023-09-13 18:18:03,187 [main] DEBUG balancer.ContainerBalancerTask (ContainerBalancerTask.java:lambda$moveContainer$3(837)) - Container move completed for container #84 from source c0415a6c-7269-4cd7-ad60-bd91f162287d to target 46b2321d-0aca-4600-b833-7358e744b0ae
2023-09-13 18:18:03,188 [main] DEBUG balancer.ContainerBalancerTask (ContainerBalancerTask.java:matchSourceWithTarget(708)) - ContainerBalancer is finding suitable target for source datanode 8f45db96-ec61-483e-8174-af17dd4200f9
2023-09-13 18:18:03,189 [main] INFO  balancer.ContainerBalancerTask (ContainerBalancerTask.java:matchSourceWithTarget(722)) - ContainerBalancer matched source datanode 8f45db96-ec61-483e-8174-af17dd4200f9 with target datanode 46b2321d-0aca-4600-b833-7358e744b0ae for container move.
2023-09-13 18:18:03,189 [main] INFO  balancer.ContainerBalancerTask (ContainerBalancerTask.java:processMoveSelection(569)) - ContainerBalancer is trying to move container #54 with size 1073741824B from source datanode 8f45db96-ec61-483e-8174-af17dd4200f9 to target datanode 46b2321d-0aca-4600-b833-7358e744b0ae
2023-09-13 18:18:03,189 [main] DEBUG balancer.ContainerBalancerTask (ContainerBalancerTask.java:lambda$moveContainer$3(837)) - Container move completed for container #54 from source 8f45db96-ec61-483e-8174-af17dd4200f9 to target 46b2321d-0aca-4600-b833-7358e744b0ae
2023-09-13 18:18:03,192 [main] DEBUG balancer.ContainerBalancerTask (ContainerBalancerTask.java:matchSourceWithTarget(708)) - ContainerBalancer is finding suitable target for source datanode 3b3612c7-7750-4c72-b408-51916e6c72d7
2023-09-13 18:18:03,192 [main] INFO  balancer.ContainerBalancerTask (ContainerBalancerTask.java:matchSourceWithTarget(722)) - ContainerBalancer matched source datanode 3b3612c7-7750-4c72-b408-51916e6c72d7 with target datanode 46b2321d-0aca-4600-b833-7358e744b0ae for container move.
2023-09-13 18:18:03,192 [main] INFO  balancer.ContainerBalancerTask (ContainerBalancerTask.java:processMoveSelection(569)) - ContainerBalancer is trying to move container #86 with size 1073741824B from source datanode 3b3612c7-7750-4c72-b408-51916e6c72d7 to target datanode 46b2321d-0aca-4600-b833-7358e744b0ae
2023-09-13 18:18:03,192 [main] DEBUG balancer.ContainerBalancerTask (ContainerBalancerTask.java:lambda$moveContainer$3(837)) - Container move completed for container #86 from source 3b3612c7-7750-4c72-b408-51916e6c72d7 to target 46b2321d-0aca-4600-b833-7358e744b0ae
2023-09-13 18:18:03,195 [main] DEBUG balancer.ContainerBalancerTask (ContainerBalancerTask.java:matchSourceWithTarget(708)) - ContainerBalancer is finding suitable target for source datanode ef52d457-c744-4988-944e-13c77c816c6c
2023-09-13 18:18:03,195 [main] INFO  balancer.ContainerBalancerTask (ContainerBalancerTask.java:matchSourceWithTarget(722)) - ContainerBalancer matched source datanode ef52d457-c744-4988-944e-13c77c816c6c with target datanode 46b2321d-0aca-4600-b833-7358e744b0ae for container move.
2023-09-13 18:18:03,195 [main] INFO  balancer.ContainerBalancerTask (ContainerBalancerTask.java:processMoveSelection(569)) - ContainerBalancer is trying to move container #49 with size 1073741824B from source datanode ef52d457-c744-4988-944e-13c77c816c6c to target datanode 46b2321d-0aca-4600-b833-7358e744b0ae
2023-09-13 18:18:03,195 [main] DEBUG balancer.ContainerBalancerTask (ContainerBalancerTask.java:lambda$moveContainer$3(837)) - Container move completed for container #49 from source ef52d457-c744-4988-944e-13c77c816c6c to target 46b2321d-0aca-4600-b833-7358e744b0ae
2023-09-13 18:18:03,198 [main] DEBUG balancer.ContainerBalancerTask (ContainerBalancerTask.java:matchSourceWithTarget(708)) - ContainerBalancer is finding suitable target for source datanode ef52d457-c744-4988-944e-13c77c816c6c
2023-09-13 18:18:03,198 [main] INFO  balancer.ContainerBalancerTask (ContainerBalancerTask.java:matchSourceWithTarget(722)) - ContainerBalancer matched source datanode ef52d457-c744-4988-944e-13c77c816c6c with target datanode 46b2321d-0aca-4600-b833-7358e744b0ae for container move.
2023-09-13 18:18:03,198 [main] INFO  balancer.ContainerBalancerTask (ContainerBalancerTask.java:processMoveSelection(569)) - ContainerBalancer is trying to move container #41 with size 1073741824B from source datanode ef52d457-c744-4988-944e-13c77c816c6c to target datanode 46b2321d-0aca-4600-b833-7358e744b0ae
2023-09-13 18:18:03,198 [main] DEBUG balancer.ContainerBalancerTask (ContainerBalancerTask.java:lambda$moveContainer$3(837)) - Container move completed for container #41 from source ef52d457-c744-4988-944e-13c77c816c6c to target 46b2321d-0aca-4600-b833-7358e744b0ae
2023-09-13 18:18:03,201 [main] DEBUG balancer.ContainerBalancerTask (ContainerBalancerTask.java:matchSourceWithTarget(701)) - ContainerBalancer could not find any candidate containers for datanode 3b3612c7-7750-4c72-b408-51916e6c72d7
2023-09-13 18:18:03,203 [main] DEBUG balancer.ContainerBalancerTask (ContainerBalancerTask.java:matchSourceWithTarget(708)) - ContainerBalancer is finding suitable target for source datanode 8f45db96-ec61-483e-8174-af17dd4200f9
2023-09-13 18:18:03,203 [main] INFO  balancer.ContainerBalancerTask (ContainerBalancerTask.java:matchSourceWithTarget(722)) - ContainerBalancer matched source datanode 8f45db96-ec61-483e-8174-af17dd4200f9 with target datanode 46b2321d-0aca-4600-b833-7358e744b0ae for container move.
2023-09-13 18:18:03,203 [main] INFO  balancer.ContainerBalancerTask (ContainerBalancerTask.java:processMoveSelection(569)) - ContainerBalancer is trying to move container #36 with size 1073741824B from source datanode 8f45db96-ec61-483e-8174-af17dd4200f9 to target datanode 46b2321d-0aca-4600-b833-7358e744b0ae
2023-09-13 18:18:03,203 [main] DEBUG balancer.ContainerBalancerTask (ContainerBalancerTask.java:lambda$moveContainer$3(837)) - Container move completed for container #36 from source 8f45db96-ec61-483e-8174-af17dd4200f9 to target 46b2321d-0aca-4600-b833-7358e744b0ae
2023-09-13 18:18:03,205 [main] DEBUG balancer.ContainerBalancerTask (ContainerBalancerTask.java:matchSourceWithTarget(708)) - ContainerBalancer is finding suitable target for source datanode ef52d457-c744-4988-944e-13c77c816c6c
2023-09-13 18:18:03,206 [main] INFO  balancer.ContainerBalancerTask (ContainerBalancerTask.java:matchSourceWithTarget(722)) - ContainerBalancer matched source datanode ef52d457-c744-4988-944e-13c77c816c6c with target datanode fc67a0d6-86fc-498c-b3bd-b93b62b6df0e for container move.
2023-09-13 18:18:03,208 [main] INFO  balancer.ContainerBalancerTask (ContainerBalancerTask.java:processMoveSelection(569)) - ContainerBalancer is trying to move container #64 with size 1073741824B from source datanode ef52d457-c744-4988-944e-13c77c816c6c to target datanode fc67a0d6-86fc-498c-b3bd-b93b62b6df0e
2023-09-13 18:18:03,208 [main] DEBUG balancer.ContainerBalancerTask (ContainerBalancerTask.java:lambda$moveContainer$3(837)) - Container move completed for container #64 from source ef52d457-c744-4988-944e-13c77c816c6c to target fc67a0d6-86fc-498c-b3bd-b93b62b6df0e
2023-09-13 18:18:03,210 [main] DEBUG balancer.ContainerBalancerTask (ContainerBalancerTask.java:matchSourceWithTarget(708)) - ContainerBalancer is finding suitable target for source datanode c0415a6c-7269-4cd7-ad60-bd91f162287d
2023-09-13 18:18:03,210 [main] INFO  balancer.ContainerBalancerTask (ContainerBalancerTask.java:matchSourceWithTarget(722)) - ContainerBalancer matched source datanode c0415a6c-7269-4cd7-ad60-bd91f162287d with target datanode 46b2321d-0aca-4600-b833-7358e744b0ae for container move.
2023-09-13 18:18:03,210 [main] INFO  balancer.ContainerBalancerTask (ContainerBalancerTask.java:processMoveSelection(569)) - ContainerBalancer is trying to move container #10 with size 2147483648B from source datanode c0415a6c-7269-4cd7-ad60-bd91f162287d to target datanode 46b2321d-0aca-4600-b833-7358e744b0ae
2023-09-13 18:18:03,211 [main] DEBUG balancer.ContainerBalancerTask (ContainerBalancerTask.java:lambda$moveContainer$3(837)) - Container move completed for container #10 from source c0415a6c-7269-4cd7-ad60-bd91f162287d to target 46b2321d-0aca-4600-b833-7358e744b0ae
2023-09-13 18:18:03,212 [main] DEBUG balancer.ContainerBalancerTask (ContainerBalancerTask.java:matchSourceWithTarget(708)) - ContainerBalancer is finding suitable target for source datanode 8f45db96-ec61-483e-8174-af17dd4200f9
2023-09-13 18:18:03,212 [main] INFO  balancer.ContainerBalancerTask (ContainerBalancerTask.java:matchSourceWithTarget(722)) - ContainerBalancer matched source datanode 8f45db96-ec61-483e-8174-af17dd4200f9 with target datanode 46b2321d-0aca-4600-b833-7358e744b0ae for container move.
2023-09-13 18:18:03,213 [main] INFO  balancer.ContainerBalancerTask (ContainerBalancerTask.java:processMoveSelection(569)) - ContainerBalancer is trying to move container #25 with size 1073741824B from source datanode 8f45db96-ec61-483e-8174-af17dd4200f9 to target datanode 46b2321d-0aca-4600-b833-7358e744b0ae
2023-09-13 18:18:03,213 [main] DEBUG balancer.ContainerBalancerTask (ContainerBalancerTask.java:lambda$moveContainer$3(837)) - Container move completed for container #25 from source 8f45db96-ec61-483e-8174-af17dd4200f9 to target 46b2321d-0aca-4600-b833-7358e744b0ae
2023-09-13 18:18:03,215 [main] DEBUG balancer.ContainerBalancerTask (ContainerBalancerTask.java:matchSourceWithTarget(708)) - ContainerBalancer is finding suitable target for source datanode ef52d457-c744-4988-944e-13c77c816c6c
2023-09-13 18:18:03,215 [main] INFO  balancer.FindTargetGreedyByUsageInfo (AbstractFindTargetGreedy.java:findTargetForContainerMove(133)) - Container Balancer could not find a target for source datanode ef52d457-c744-4988-944e-13c77c816c6c
2023-09-13 18:18:03,216 [main] DEBUG balancer.ContainerBalancerTask (ContainerBalancerTask.java:matchSourceWithTarget(717)) - ContainerBalancer could not find a suitable target for source node ef52d457-c744-4988-944e-13c77c816c6c.
2023-09-13 18:18:03,217 [main] DEBUG balancer.ContainerBalancerTask (ContainerBalancerTask.java:matchSourceWithTarget(708)) - ContainerBalancer is finding suitable target for source datanode 8f45db96-ec61-483e-8174-af17dd4200f9
2023-09-13 18:18:03,217 [main] INFO  balancer.FindTargetGreedyByUsageInfo (AbstractFindTargetGreedy.java:findTargetForContainerMove(133)) - Container Balancer could not find a target for source datanode 8f45db96-ec61-483e-8174-af17dd4200f9
2023-09-13 18:18:03,218 [main] DEBUG balancer.ContainerBalancerTask (ContainerBalancerTask.java:matchSourceWithTarget(717)) - ContainerBalancer could not find a suitable target for source node 8f45db96-ec61-483e-8174-af17dd4200f9.
2023-09-13 18:18:03,219 [main] DEBUG balancer.ContainerBalancerTask (ContainerBalancerTask.java:matchSourceWithTarget(708)) - ContainerBalancer is finding suitable target for source datanode c0415a6c-7269-4cd7-ad60-bd91f162287d
2023-09-13 18:18:03,220 [main] INFO  balancer.FindTargetGreedyByUsageInfo (AbstractFindTargetGreedy.java:findTargetForContainerMove(133)) - Container Balancer could not find a target for source datanode c0415a6c-7269-4cd7-ad60-bd91f162287d
2023-09-13 18:18:03,220 [main] DEBUG balancer.ContainerBalancerTask (ContainerBalancerTask.java:matchSourceWithTarget(717)) - ContainerBalancer could not find a suitable target for source node c0415a6c-7269-4cd7-ad60-bd91f162287d.
2023-09-13 18:18:03,220 [main] INFO  balancer.FindSourceGreedy (FindSourceGreedy.java:getNextCandidateSourceDataNode(126)) - no more candidate source data node
2023-09-13 18:18:03,220 [main] INFO  balancer.ContainerBalancerTask (ContainerBalancerTask.java:checkIterationMoveResults(642)) - Iteration Summary. Number of Datanodes involved: 8. Size moved: 95 GB (102005473280 Bytes). Number of Container moves completed: 34.
2023-09-13 18:18:03,220 [main] INFO  balancer.ContainerBalancerTask (ContainerBalancerTask.java:balance(259)) - Result of this iteration of Container Balancer: ITERATION_COMPLETED
2023-09-13 18:18:03,220 [main] INFO  balancer.ContainerBalancerTask (ContainerBalancerTask.java:tryStopWithSaveConfiguration(308)) - Save Configuration for stopping. Reason: Completed all iterations.
]]></system-out>
  </testcase>
  <testcase name="balancerShouldNotSelectNonClosedContainerReplicas" classname="org.apache.hadoop.hdds.scm.container.balancer.TestContainerBalancerTask" time="0.044">
    <system-out><![CDATA[2023-09-13 18:18:03,246 [main] INFO  net.NodeSchemaLoader (NodeSchemaLoader.java:loadSchemaFromFile(129)) - Loading schema from [file:/home/runner/work/ozone/ozone/hadoop-hdds/common/target/classes/network-topology-default.xml]
2023-09-13 18:18:03,247 [main] INFO  net.NodeSchemaLoader (NodeSchemaLoader.java:loadSchema(176)) - Loading network topology layer schema file
2023-09-13 18:18:03,248 [main] INFO  net.NetworkTopologyImpl (NetworkTopologyImpl.java:add(112)) - Added a new node: /default-rack/8dd86722-51b8-4b87-b80f-8371db28ec71
2023-09-13 18:18:03,249 [main] INFO  net.NetworkTopologyImpl (NetworkTopologyImpl.java:add(112)) - Added a new node: /default-rack/b02fba9c-0479-4c6b-a6cf-65ba3f7493e4
2023-09-13 18:18:03,249 [main] INFO  net.NetworkTopologyImpl (NetworkTopologyImpl.java:add(112)) - Added a new node: /default-rack/2112abbc-3979-4f93-bd3b-219ee41b89cc
2023-09-13 18:18:03,249 [main] INFO  net.NetworkTopologyImpl (NetworkTopologyImpl.java:add(112)) - Added a new node: /default-rack/370a74fe-f422-4b7d-871e-f91bfc474e21
2023-09-13 18:18:03,249 [main] INFO  net.NetworkTopologyImpl (NetworkTopologyImpl.java:add(112)) - Added a new node: /default-rack/6436095f-72ba-4b92-9aed-c2de2d4ac7d1
2023-09-13 18:18:03,249 [main] INFO  net.NetworkTopologyImpl (NetworkTopologyImpl.java:add(112)) - Added a new node: /default-rack/9cc0ce92-aff0-4133-845e-e28fc0168e2c
2023-09-13 18:18:03,249 [main] INFO  net.NetworkTopologyImpl (NetworkTopologyImpl.java:add(112)) - Added a new node: /default-rack/e28a3bb9-63d5-423c-9858-9d54d1507f6d
2023-09-13 18:18:03,249 [main] INFO  net.NetworkTopologyImpl (NetworkTopologyImpl.java:add(112)) - Added a new node: /default-rack/66f9014a-8c9b-4434-b3f6-ff99ad37bd68
2023-09-13 18:18:03,249 [main] INFO  net.NetworkTopologyImpl (NetworkTopologyImpl.java:add(112)) - Added a new node: /default-rack/368786e3-8b53-480b-a455-e8dd735522bd
2023-09-13 18:18:03,250 [main] INFO  net.NetworkTopologyImpl (NetworkTopologyImpl.java:add(112)) - Added a new node: /default-rack/49a4f38e-6bdd-4bd2-aabf-8b9d4ed3050b
2023-09-13 18:18:03,250 [main] INFO  algorithms.ContainerPlacementPolicyFactory (ContainerPlacementPolicyFactory.java:getPolicyInternal(86)) - Create container placement policy of type org.apache.hadoop.hdds.scm.container.placement.algorithms.SCMContainerPlacementRackAware
2023-09-13 18:18:03,250 [main] INFO  algorithms.ContainerPlacementPolicyFactory (ContainerPlacementPolicyFactory.java:getPolicyInternal(86)) - Create container placement policy of type org.apache.hadoop.hdds.scm.container.placement.algorithms.SCMContainerPlacementRackScatter
2023-09-13 18:18:03,254 [main] DEBUG balancer.ContainerBalancerTask (ContainerBalancerTask.java:initializeIteration(374)) - Average utilization of the cluster is 0.3710874762837195
2023-09-13 18:18:03,254 [main] DEBUG balancer.ContainerBalancerTask (ContainerBalancerTask.java:initializeIteration(386)) - Lower limit for utilization is 0.27108747628371954 and Upper limit for utilization is 0.4710874762837195
2023-09-13 18:18:03,254 [main] DEBUG balancer.ContainerBalancerTask (ContainerBalancerTask.java:initializeIteration(398)) - Utilization for node 370a74fe-f422-4b7d-871e-f91bfc474e21 with capacity 56073184142B, used 50465865728B, and remaining 5607318414B is 0.9000000000035667
2023-09-13 18:18:03,254 [main] DEBUG balancer.ContainerBalancerTask (ContainerBalancerTask.java:initializeIteration(398)) - Utilization for node e28a3bb9-63d5-423c-9858-9d54d1507f6d with capacity 65766686720B, used 52613349376B, and remaining 13153337344B is 0.8
2023-09-13 18:18:03,254 [main] DEBUG balancer.ContainerBalancerTask (ContainerBalancerTask.java:initializeIteration(398)) - Utilization for node 368786e3-8b53-480b-a455-e8dd735522bd with capacity 65958426331B, used 46170898432B, and remaining 19787527899B is 0.7000000000045483
2023-09-13 18:18:03,254 [main] DEBUG balancer.ContainerBalancerTask (ContainerBalancerTask.java:initializeIteration(398)) - Utilization for node 6436095f-72ba-4b92-9aed-c2de2d4ac7d1 with capacity 78741067093B, used 47244640256B, and remaining 31496426837B is 0.60000000000254
2023-09-13 18:18:03,254 [main] DEBUG balancer.ContainerBalancerTask (ContainerBalancerTask.java:initializeIteration(398)) - Utilization for node 66f9014a-8c9b-4434-b3f6-ff99ad37bd68 with capacity 107374182400B, used 53687091200B, and remaining 53687091200B is 0.5
2023-09-13 18:18:03,254 [main] DEBUG balancer.ContainerBalancerTask (ContainerBalancerTask.java:initializeIteration(398)) - Utilization for node 8dd86722-51b8-4b87-b80f-8371db28ec71 with capacity 102005473280B, used 40802189312B, and remaining 61203283968B is 0.4
2023-09-13 18:18:03,254 [main] DEBUG balancer.ContainerBalancerTask (ContainerBalancerTask.java:initializeIteration(398)) - Utilization for node b02fba9c-0479-4c6b-a6cf-65ba3f7493e4 with capacity 125269879466B, used 37580963840B, and remaining 87688915626B is 0.30000000000159655
2023-09-13 18:18:03,255 [main] DEBUG balancer.ContainerBalancerTask (ContainerBalancerTask.java:initializeIteration(398)) - Utilization for node 2112abbc-3979-4f93-bd3b-219ee41b89cc with capacity 214748364800B, used 42949672960B, and remaining 171798691840B is 0.2
2023-09-13 18:18:03,255 [main] DEBUG balancer.ContainerBalancerTask (ContainerBalancerTask.java:initializeIteration(398)) - Utilization for node 49a4f38e-6bdd-4bd2-aabf-8b9d4ed3050b with capacity 193273528320B, used 19327352832B, and remaining 173946175488B is 0.1
2023-09-13 18:18:03,255 [main] DEBUG balancer.ContainerBalancerTask (ContainerBalancerTask.java:initializeIteration(398)) - Utilization for node 9cc0ce92-aff0-4133-845e-e28fc0168e2c with capacity 44023414784B, used 0B, and remaining 44023414784B is 0.0
2023-09-13 18:18:03,255 [main] INFO  balancer.ContainerBalancerTask (ContainerBalancerTask.java:initializeIteration(447)) - Container Balancer has identified 5 Over-Utilized and 3 Under-Utilized Datanodes that need to be balanced.
2023-09-13 18:18:03,255 [main] DEBUG balancer.ContainerBalancerTask (ContainerBalancerTask.java:lambda$initializeIteration$1(453)) - Datanode localhost-32.54.207.15 370a74fe-f422-4b7d-871e-f91bfc474e21 is Over-Utilized.
2023-09-13 18:18:03,255 [main] DEBUG balancer.ContainerBalancerTask (ContainerBalancerTask.java:lambda$initializeIteration$1(453)) - Datanode localhost-88.94.160.70 e28a3bb9-63d5-423c-9858-9d54d1507f6d is Over-Utilized.
2023-09-13 18:18:03,255 [main] DEBUG balancer.ContainerBalancerTask (ContainerBalancerTask.java:lambda$initializeIteration$1(453)) - Datanode localhost-248.179.107.42 368786e3-8b53-480b-a455-e8dd735522bd is Over-Utilized.
2023-09-13 18:18:03,255 [main] DEBUG balancer.ContainerBalancerTask (ContainerBalancerTask.java:lambda$initializeIteration$1(453)) - Datanode localhost-148.239.103.73 6436095f-72ba-4b92-9aed-c2de2d4ac7d1 is Over-Utilized.
2023-09-13 18:18:03,255 [main] DEBUG balancer.ContainerBalancerTask (ContainerBalancerTask.java:lambda$initializeIteration$1(453)) - Datanode localhost-32.139.196.97 66f9014a-8c9b-4434-b3f6-ff99ad37bd68 is Over-Utilized.
2023-09-13 18:18:03,255 [main] DEBUG balancer.ContainerBalancerTask (ContainerBalancerTask.java:lambda$initializeIteration$2(459)) - Datanode localhost-26.147.17.20 9cc0ce92-aff0-4133-845e-e28fc0168e2c is Under-Utilized.
2023-09-13 18:18:03,255 [main] DEBUG balancer.ContainerBalancerTask (ContainerBalancerTask.java:lambda$initializeIteration$2(459)) - Datanode localhost-159.33.109.195 49a4f38e-6bdd-4bd2-aabf-8b9d4ed3050b is Under-Utilized.
2023-09-13 18:18:03,256 [main] DEBUG balancer.ContainerBalancerTask (ContainerBalancerTask.java:lambda$initializeIteration$2(459)) - Datanode localhost-211.25.87.38 2112abbc-3979-4f93-bd3b-219ee41b89cc is Under-Utilized.
2023-09-13 18:18:03,258 [main] DEBUG balancer.ContainerBalancerTask (ContainerBalancerTask.java:matchSourceWithTarget(701)) - ContainerBalancer could not find any candidate containers for datanode 370a74fe-f422-4b7d-871e-f91bfc474e21
2023-09-13 18:18:03,260 [main] DEBUG balancer.ContainerBalancerTask (ContainerBalancerTask.java:matchSourceWithTarget(701)) - ContainerBalancer could not find any candidate containers for datanode e28a3bb9-63d5-423c-9858-9d54d1507f6d
2023-09-13 18:18:03,262 [main] DEBUG balancer.ContainerBalancerTask (ContainerBalancerTask.java:matchSourceWithTarget(701)) - ContainerBalancer could not find any candidate containers for datanode 368786e3-8b53-480b-a455-e8dd735522bd
2023-09-13 18:18:03,264 [main] DEBUG balancer.ContainerBalancerTask (ContainerBalancerTask.java:matchSourceWithTarget(701)) - ContainerBalancer could not find any candidate containers for datanode 6436095f-72ba-4b92-9aed-c2de2d4ac7d1
2023-09-13 18:18:03,266 [main] DEBUG balancer.ContainerBalancerTask (ContainerBalancerTask.java:matchSourceWithTarget(701)) - ContainerBalancer could not find any candidate containers for datanode 66f9014a-8c9b-4434-b3f6-ff99ad37bd68
2023-09-13 18:18:03,266 [main] INFO  balancer.FindSourceGreedy (FindSourceGreedy.java:getNextCandidateSourceDataNode(126)) - no more candidate source data node
2023-09-13 18:18:03,266 [main] INFO  balancer.ContainerBalancerTask (ContainerBalancerTask.java:balance(259)) - Result of this iteration of Container Balancer: CAN_NOT_BALANCE_ANY_MORE
2023-09-13 18:18:03,266 [main] INFO  balancer.ContainerBalancerTask (ContainerBalancerTask.java:tryStopWithSaveConfiguration(308)) - Save Configuration for stopping. Reason: CAN_NOT_BALANCE_ANY_MORE
]]></system-out>
  </testcase>
  <testcase name="testDelayedStart" classname="org.apache.hadoop.hdds.scm.container.balancer.TestContainerBalancerTask" time="0.077">
    <error type="java.util.concurrent.TimeoutException"><![CDATA[java.util.concurrent.TimeoutException: 
Timed out waiting for condition. Thread diagnostics:
Timestamp: 2023-09-13 06:18:03,329

"Thread-10"  prio=5 tid=21 timed_waiting
java.lang.Thread.State: TIMED_WAITING
        at java.lang.Thread.sleep(Native Method)
        at org.apache.hadoop.hdds.scm.container.balancer.TestContainerBalancerTask.lambda$genCompletableFuture$15(TestContainerBalancerTask.java:1332)
        at org.apache.hadoop.hdds.scm.container.balancer.TestContainerBalancerTask$$Lambda$435/1337710988.get(Unknown Source)
        at java.util.concurrent.CompletableFuture$AsyncSupply.run(CompletableFuture.java:1604)
        at java.lang.Thread.run(Thread.java:750)
"Thread-16"  prio=5 tid=27 timed_waiting
java.lang.Thread.State: TIMED_WAITING
        at java.lang.Thread.sleep(Native Method)
        at org.apache.hadoop.hdds.scm.container.balancer.TestContainerBalancerTask.lambda$genCompletableFuture$15(TestContainerBalancerTask.java:1332)
        at org.apache.hadoop.hdds.scm.container.balancer.TestContainerBalancerTask$$Lambda$435/1337710988.get(Unknown Source)
        at java.util.concurrent.CompletableFuture$AsyncSupply.run(CompletableFuture.java:1604)
        at java.lang.Thread.run(Thread.java:750)
"Thread-12"  prio=5 tid=23 timed_waiting
java.lang.Thread.State: TIMED_WAITING
        at java.lang.Thread.sleep(Native Method)
        at org.apache.hadoop.hdds.scm.container.balancer.TestContainerBalancerTask.lambda$genCompletableFuture$15(TestContainerBalancerTask.java:1332)
        at org.apache.hadoop.hdds.scm.container.balancer.TestContainerBalancerTask$$Lambda$435/1337710988.get(Unknown Source)
        at java.util.concurrent.CompletableFuture$AsyncSupply.run(CompletableFuture.java:1604)
        at java.lang.Thread.run(Thread.java:750)
"Thread-21"  prio=5 tid=32 timed_waiting
java.lang.Thread.State: TIMED_WAITING
        at java.lang.Thread.sleep(Native Method)
        at org.apache.hadoop.hdds.scm.container.balancer.TestContainerBalancerTask.lambda$genCompletableFuture$15(TestContainerBalancerTask.java:1332)
        at org.apache.hadoop.hdds.scm.container.balancer.TestContainerBalancerTask$$Lambda$435/1337710988.get(Unknown Source)
        at java.util.concurrent.CompletableFuture$AsyncSupply.run(CompletableFuture.java:1604)
        at java.lang.Thread.run(Thread.java:750)
"Thread-9"  prio=5 tid=20 timed_waiting
java.lang.Thread.State: TIMED_WAITING
        at java.lang.Thread.sleep(Native Method)
        at org.apache.hadoop.hdds.scm.container.balancer.TestContainerBalancerTask.lambda$genCompletableFuture$15(TestContainerBalancerTask.java:1332)
        at org.apache.hadoop.hdds.scm.container.balancer.TestContainerBalancerTask$$Lambda$435/1337710988.get(Unknown Source)
        at java.util.concurrent.CompletableFuture$AsyncSupply.run(CompletableFuture.java:1604)
        at java.lang.Thread.run(Thread.java:750)
"Thread-15"  prio=5 tid=26 timed_waiting
java.lang.Thread.State: TIMED_WAITING
        at java.lang.Thread.sleep(Native Method)
        at org.apache.hadoop.hdds.scm.container.balancer.TestContainerBalancerTask.lambda$genCompletableFuture$15(TestContainerBalancerTask.java:1332)
        at org.apache.hadoop.hdds.scm.container.balancer.TestContainerBalancerTask$$Lambda$435/1337710988.get(Unknown Source)
        at java.util.concurrent.CompletableFuture$AsyncSupply.run(CompletableFuture.java:1604)
        at java.lang.Thread.run(Thread.java:750)
"Signal Dispatcher" daemon prio=9 tid=4 runnable
java.lang.Thread.State: RUNNABLE
"Reference Handler" daemon prio=10 tid=2 in Object.wait()
java.lang.Thread.State: WAITING (on object monitor)
        at java.lang.Object.wait(Native Method)
        at java.lang.Object.wait(Object.java:502)
        at java.lang.ref.Reference.tryHandlePending(Reference.java:191)
        at java.lang.ref.Reference$ReferenceHandler.run(Reference.java:153)
"Thread-18"  prio=5 tid=29 timed_waiting
java.lang.Thread.State: TIMED_WAITING
        at java.lang.Thread.sleep(Native Method)
        at org.apache.hadoop.hdds.scm.container.balancer.TestContainerBalancerTask.lambda$genCompletableFuture$15(TestContainerBalancerTask.java:1332)
        at org.apache.hadoop.hdds.scm.container.balancer.TestContainerBalancerTask$$Lambda$435/1337710988.get(Unknown Source)
        at java.util.concurrent.CompletableFuture$AsyncSupply.run(CompletableFuture.java:1604)
        at java.lang.Thread.run(Thread.java:750)
"Thread-14"  prio=5 tid=25 timed_waiting
java.lang.Thread.State: TIMED_WAITING
        at java.lang.Thread.sleep(Native Method)
        at org.apache.hadoop.hdds.scm.container.balancer.TestContainerBalancerTask.lambda$genCompletableFuture$15(TestContainerBalancerTask.java:1332)
        at org.apache.hadoop.hdds.scm.container.balancer.TestContainerBalancerTask$$Lambda$435/1337710988.get(Unknown Source)
        at java.util.concurrent.CompletableFuture$AsyncSupply.run(CompletableFuture.java:1604)
        at java.lang.Thread.run(Thread.java:750)
"Thread-11"  prio=5 tid=22 timed_waiting
java.lang.Thread.State: TIMED_WAITING
        at java.lang.Thread.sleep(Native Method)
        at org.apache.hadoop.hdds.scm.container.balancer.TestContainerBalancerTask.lambda$genCompletableFuture$15(TestContainerBalancerTask.java:1332)
        at org.apache.hadoop.hdds.scm.container.balancer.TestContainerBalancerTask$$Lambda$435/1337710988.get(Unknown Source)
        at java.util.concurrent.CompletableFuture$AsyncSupply.run(CompletableFuture.java:1604)
        at java.lang.Thread.run(Thread.java:750)
"Thread-23"  prio=5 tid=34 timed_waiting
java.lang.Thread.State: TIMED_WAITING
        at org.apache.hadoop.conf.Configuration.handleDeprecation(Configuration.java:728)
        at org.apache.hadoop.conf.Configuration.get(Configuration.java:1244)
        at org.apache.hadoop.conf.Configuration.getTimeDuration(Configuration.java:1874)
        at org.apache.hadoop.conf.Configuration.getTimeDuration(Configuration.java:1845)
        at org.apache.hadoop.hdds.scm.container.balancer.ContainerBalancerTask.run(ContainerBalancerTask.java:171)
        at java.lang.Thread.run(Thread.java:750)
"surefire-forkedjvm-command-thread" daemon prio=5 tid=10 runnable
java.lang.Thread.State: RUNNABLE
        at java.io.FileInputStream.readBytes(Native Method)
        at java.io.FileInputStream.read(FileInputStream.java:255)
        at java.io.BufferedInputStream.read1(BufferedInputStream.java:284)
        at java.io.BufferedInputStream.read(BufferedInputStream.java:345)
        at java.io.BufferedInputStream.fill(BufferedInputStream.java:246)
        at java.io.BufferedInputStream.read1(BufferedInputStream.java:286)
        at java.io.BufferedInputStream.read(BufferedInputStream.java:345)
        at org.apache.maven.surefire.api.util.internal.Channels$3.readImpl(Channels.java:214)
        at org.apache.maven.surefire.api.util.internal.AbstractNoninterruptibleReadableChannel.read(AbstractNoninterruptibleReadableChannel.java:54)
        at org.apache.maven.surefire.booter.spi.LegacyMasterProcessChannelDecoder.decode(LegacyMasterProcessChannelDecoder.java:80)
        at org.apache.maven.surefire.booter.CommandReader$CommandRunnable.run(CommandReader.java:343)
        at java.lang.Thread.run(Thread.java:750)
"main"  prio=5 tid=1 runnable
java.lang.Thread.State: RUNNABLE
        at java.lang.Thread.dumpThreads(Native Method)
        at java.lang.Thread.getAllStackTraces(Thread.java:1615)
        at org.apache.ozone.test.TimedOutTestsListener.buildThreadDump(TimedOutTestsListener.java:93)
        at org.apache.ozone.test.TimedOutTestsListener.buildThreadDiagnosticString(TimedOutTestsListener.java:79)
        at org.apache.ozone.test.GenericTestUtils.waitFor(GenericTestUtils.java:231)
        at org.apache.hadoop.hdds.scm.container.balancer.TestContainerBalancerTask.testDelayedStart(TestContainerBalancerTask.java:1078)
        at sun.reflect.NativeMethodAccessorImpl.invoke0(Native Method)
        at sun.reflect.NativeMethodAccessorImpl.invoke(NativeMethodAccessorImpl.java:62)
        at sun.reflect.DelegatingMethodAccessorImpl.invoke(DelegatingMethodAccessorImpl.java:43)
        at java.lang.reflect.Method.invoke(Method.java:498)
        at org.junit.platform.commons.util.ReflectionUtils.invokeMethod(ReflectionUtils.java:725)
        at org.junit.jupiter.engine.execution.MethodInvocation.proceed(MethodInvocation.java:60)
        at org.junit.jupiter.engine.execution.InvocationInterceptorChain$ValidatingInvocation.proceed(InvocationInterceptorChain.java:131)
        at org.junit.jupiter.engine.extension.TimeoutExtension.intercept(TimeoutExtension.java:149)
        at org.junit.jupiter.engine.extension.TimeoutExtension.interceptTestableMethod(TimeoutExtension.java:140)
        at org.junit.jupiter.engine.extension.TimeoutExtension.interceptTestMethod(TimeoutExtension.java:84)
        at org.junit.jupiter.engine.descriptor.TestMethodTestDescriptor$$Lambda$158/1954471782.apply(Unknown Source)
        at org.junit.jupiter.engine.execution.ExecutableInvoker$ReflectiveInterceptorCall.lambda$ofVoidMethod$0(ExecutableInvoker.java:115)
        at org.junit.jupiter.engine.execution.ExecutableInvoker$ReflectiveInterceptorCall$$Lambda$159/1950701640.apply(Unknown Source)
        at org.junit.jupiter.engine.execution.ExecutableInvoker.lambda$invoke$0(ExecutableInvoker.java:105)
        at org.junit.jupiter.engine.execution.ExecutableInvoker$$Lambda$317/295180183.apply(Unknown Source)
        at org.junit.jupiter.engine.execution.InvocationInterceptorChain$InterceptedInvocation.proceed(InvocationInterceptorChain.java:106)
        at org.junit.jupiter.engine.execution.InvocationInterceptorChain.proceed(InvocationInterceptorChain.java:64)
        at org.junit.jupiter.engine.execution.InvocationInterceptorChain.chainAndInvoke(InvocationInterceptorChain.java:45)
        at org.junit.jupiter.engine.execution.InvocationInterceptorChain.invoke(InvocationInterceptorChain.java:37)
        at org.junit.jupiter.engine.execution.ExecutableInvoker.invoke(ExecutableInvoker.java:104)
        at org.junit.jupiter.engine.execution.ExecutableInvoker.invoke(ExecutableInvoker.java:98)
        at org.junit.jupiter.engine.descriptor.TestMethodTestDescriptor.lambda$invokeTestMethod$7(TestMethodTestDescriptor.java:214)
        at org.junit.jupiter.engine.descriptor.TestMethodTestDescriptor$$Lambda$379/876029877.execute(Unknown Source)
        at org.junit.platform.engine.support.hierarchical.ThrowableCollector.execute(ThrowableCollector.java:73)
        at org.junit.jupiter.engine.descriptor.TestMethodTestDescriptor.invokeTestMethod(TestMethodTestDescriptor.java:210)
        at org.junit.jupiter.engine.descriptor.TestMethodTestDescriptor.execute(TestMethodTestDescriptor.java:135)
        at org.junit.jupiter.engine.descriptor.TestMethodTestDescriptor.execute(TestMethodTestDescriptor.java:66)
        at org.junit.platform.engine.support.hierarchical.NodeTestTask.lambda$executeRecursively$6(NodeTestTask.java:151)
        at org.junit.platform.engine.support.hierarchical.NodeTestTask$$Lambda$258/1579957528.execute(Unknown Source)
        at org.junit.platform.engine.support.hierarchical.ThrowableCollector.execute(ThrowableCollector.java:73)
        at org.junit.platform.engine.support.hierarchical.NodeTestTask.lambda$executeRecursively$8(NodeTestTask.java:141)
        at org.junit.platform.engine.support.hierarchical.NodeTestTask$$Lambda$257/2050339061.invoke(Unknown Source)
        at org.junit.platform.engine.support.hierarchical.Node.around(Node.java:137)
        at org.junit.platform.engine.support.hierarchical.NodeTestTask.lambda$executeRecursively$9(NodeTestTask.java:139)
        at org.junit.platform.engine.support.hierarchical.NodeTestTask$$Lambda$256/405215542.execute(Unknown Source)
        at org.junit.platform.engine.support.hierarchical.ThrowableCollector.execute(ThrowableCollector.java:73)
        at org.junit.platform.engine.support.hierarchical.NodeTestTask.executeRecursively(NodeTestTask.java:138)
        at org.junit.platform.engine.support.hierarchical.NodeTestTask.execute(NodeTestTask.java:95)
        at org.junit.platform.engine.support.hierarchical.SameThreadHierarchicalTestExecutorService$$Lambda$262/384515747.accept(Unknown Source)
        at java.util.ArrayList.forEach(ArrayList.java:1259)
        at org.junit.platform.engine.support.hierarchical.SameThreadHierarchicalTestExecutorService.invokeAll(SameThreadHierarchicalTestExecutorService.java:41)
        at org.junit.platform.engine.support.hierarchical.NodeTestTask.lambda$executeRecursively$6(NodeTestTask.java:155)
        at org.junit.platform.engine.support.hierarchical.NodeTestTask$$Lambda$258/1579957528.execute(Unknown Source)
        at org.junit.platform.engine.support.hierarchical.ThrowableCollector.execute(ThrowableCollector.java:73)
        at org.junit.platform.engine.support.hierarchical.NodeTestTask.lambda$executeRecursively$8(NodeTestTask.java:141)
        at org.junit.platform.engine.support.hierarchical.NodeTestTask$$Lambda$257/2050339061.invoke(Unknown Source)
        at org.junit.platform.engine.support.hierarchical.Node.around(Node.java:137)
        at org.junit.platform.engine.support.hierarchical.NodeTestTask.lambda$executeRecursively$9(NodeTestTask.java:139)
        at org.junit.platform.engine.support.hierarchical.NodeTestTask$$Lambda$256/405215542.execute(Unknown Source)
        at org.junit.platform.engine.support.hierarchical.ThrowableCollector.execute(ThrowableCollector.java:73)
        at org.junit.platform.engine.support.hierarchical.NodeTestTask.executeRecursively(NodeTestTask.java:138)
        at org.junit.platform.engine.support.hierarchical.NodeTestTask.execute(NodeTestTask.java:95)
        at org.junit.platform.engine.support.hierarchical.SameThreadHierarchicalTestExecutorService$$Lambda$262/384515747.accept(Unknown Source)
        at java.util.ArrayList.forEach(ArrayList.java:1259)
        at org.junit.platform.engine.support.hierarchical.SameThreadHierarchicalTestExecutorService.invokeAll(SameThreadHierarchicalTestExecutorService.java:41)
        at org.junit.platform.engine.support.hierarchical.NodeTestTask.lambda$executeRecursively$6(NodeTestTask.java:155)
        at org.junit.platform.engine.support.hierarchical.NodeTestTask$$Lambda$258/1579957528.execute(Unknown Source)
        at org.junit.platform.engine.support.hierarchical.ThrowableCollector.execute(ThrowableCollector.java:73)
        at org.junit.platform.engine.support.hierarchical.NodeTestTask.lambda$executeRecursively$8(NodeTestTask.java:141)
        at org.junit.platform.engine.support.hierarchical.NodeTestTask$$Lambda$257/2050339061.invoke(Unknown Source)
        at org.junit.platform.engine.support.hierarchical.Node.around(Node.java:137)
        at org.junit.platform.engine.support.hierarchical.NodeTestTask.lambda$executeRecursively$9(NodeTestTask.java:139)
        at org.junit.platform.engine.support.hierarchical.NodeTestTask$$Lambda$256/405215542.execute(Unknown Source)
        at org.junit.platform.engine.support.hierarchical.ThrowableCollector.execute(ThrowableCollector.java:73)
        at org.junit.platform.engine.support.hierarchical.NodeTestTask.executeRecursively(NodeTestTask.java:138)
        at org.junit.platform.engine.support.hierarchical.NodeTestTask.execute(NodeTestTask.java:95)
        at org.junit.platform.engine.support.hierarchical.SameThreadHierarchicalTestExecutorService.submit(SameThreadHierarchicalTestExecutorService.java:35)
        at org.junit.platform.engine.support.hierarchical.HierarchicalTestExecutor.execute(HierarchicalTestExecutor.java:57)
        at org.junit.platform.engine.support.hierarchical.HierarchicalTestEngine.execute(HierarchicalTestEngine.java:54)
        at org.junit.platform.launcher.core.EngineExecutionOrchestrator.execute(EngineExecutionOrchestrator.java:107)
        at org.junit.platform.launcher.core.EngineExecutionOrchestrator.execute(EngineExecutionOrchestrator.java:88)
        at org.junit.platform.launcher.core.EngineExecutionOrchestrator.lambda$execute$0(EngineExecutionOrchestrator.java:54)
        at org.junit.platform.launcher.core.EngineExecutionOrchestrator$$Lambda$214/1906879951.accept(Unknown Source)
        at org.junit.platform.launcher.core.EngineExecutionOrchestrator.withInterceptedStreams(EngineExecutionOrchestrator.java:67)
        at org.junit.platform.launcher.core.EngineExecutionOrchestrator.execute(EngineExecutionOrchestrator.java:52)
        at org.junit.platform.launcher.core.DefaultLauncher.execute(DefaultLauncher.java:114)
        at org.junit.platform.launcher.core.DefaultLauncher.execute(DefaultLauncher.java:86)
        at org.junit.platform.launcher.core.DefaultLauncherSession$DelegatingLauncher.execute(DefaultLauncherSession.java:86)
        at org.junit.platform.launcher.core.SessionPerRequestLauncher.execute(SessionPerRequestLauncher.java:53)
        at org.apache.maven.surefire.junitplatform.JUnitPlatformProvider.execute(JUnitPlatformProvider.java:188)
        at org.apache.maven.surefire.junitplatform.JUnitPlatformProvider.invokeAllTests(JUnitPlatformProvider.java:154)
        at org.apache.maven.surefire.junitplatform.JUnitPlatformProvider.invoke(JUnitPlatformProvider.java:124)
        at org.apache.maven.surefire.booter.ForkedBooter.runSuitesInProcess(ForkedBooter.java:428)
        at org.apache.maven.surefire.booter.ForkedBooter.execute(ForkedBooter.java:162)
        at org.apache.maven.surefire.booter.ForkedBooter.run(ForkedBooter.java:562)
        at org.apache.maven.surefire.booter.ForkedBooter.main(ForkedBooter.java:548)
"process reaper" daemon prio=10 tid=13 timed_waiting
java.lang.Thread.State: TIMED_WAITING
        at sun.misc.Unsafe.park(Native Method)
        at java.util.concurrent.locks.LockSupport.parkNanos(LockSupport.java:215)
        at java.util.concurrent.SynchronousQueue$TransferStack.awaitFulfill(SynchronousQueue.java:460)
        at java.util.concurrent.SynchronousQueue$TransferStack.transfer(SynchronousQueue.java:362)
        at java.util.concurrent.SynchronousQueue.poll(SynchronousQueue.java:941)
        at java.util.concurrent.ThreadPoolExecutor.getTask(ThreadPoolExecutor.java:1073)
        at java.util.concurrent.ThreadPoolExecutor.runWorker(ThreadPoolExecutor.java:1134)
        at java.util.concurrent.ThreadPoolExecutor$Worker.run(ThreadPoolExecutor.java:624)
        at java.lang.Thread.run(Thread.java:750)
"Thread-20"  prio=5 tid=31 timed_waiting
java.lang.Thread.State: TIMED_WAITING
        at java.lang.Thread.sleep(Native Method)
        at org.apache.hadoop.hdds.scm.container.balancer.TestContainerBalancerTask.lambda$genCompletableFuture$15(TestContainerBalancerTask.java:1332)
        at org.apache.hadoop.hdds.scm.container.balancer.TestContainerBalancerTask$$Lambda$435/1337710988.get(Unknown Source)
        at java.util.concurrent.CompletableFuture$AsyncSupply.run(CompletableFuture.java:1604)
        at java.lang.Thread.run(Thread.java:750)
"Thread-7"  prio=5 tid=18 timed_waiting
java.lang.Thread.State: TIMED_WAITING
        at java.lang.Thread.sleep(Native Method)
        at org.apache.hadoop.hdds.scm.container.balancer.TestContainerBalancerTask.lambda$genCompletableFuture$15(TestContainerBalancerTask.java:1332)
        at org.apache.hadoop.hdds.scm.container.balancer.TestContainerBalancerTask$$Lambda$435/1337710988.get(Unknown Source)
        at java.util.concurrent.CompletableFuture$AsyncSupply.run(CompletableFuture.java:1604)
        at java.lang.Thread.run(Thread.java:750)
"Thread-13"  prio=5 tid=24 timed_waiting
java.lang.Thread.State: TIMED_WAITING
        at java.lang.Thread.sleep(Native Method)
        at org.apache.hadoop.hdds.scm.container.balancer.TestContainerBalancerTask.lambda$genCompletableFuture$15(TestContainerBalancerTask.java:1332)
        at org.apache.hadoop.hdds.scm.container.balancer.TestContainerBalancerTask$$Lambda$435/1337710988.get(Unknown Source)
        at java.util.concurrent.CompletableFuture$AsyncSupply.run(CompletableFuture.java:1604)
        at java.lang.Thread.run(Thread.java:750)
"Thread-6"  prio=5 tid=17 timed_waiting
java.lang.Thread.State: TIMED_WAITING
        at java.lang.Thread.sleep(Native Method)
        at org.apache.hadoop.hdds.scm.container.balancer.TestContainerBalancerTask.lambda$genCompletableFuture$15(TestContainerBalancerTask.java:1332)
        at org.apache.hadoop.hdds.scm.container.balancer.TestContainerBalancerTask$$Lambda$435/1337710988.get(Unknown Source)
        at java.util.concurrent.CompletableFuture$AsyncSupply.run(CompletableFuture.java:1604)
        at java.lang.Thread.run(Thread.java:750)
"Finalizer" daemon prio=8 tid=3 runnable
java.lang.Thread.State: RUNNABLE
        at java.lang.Object.wait(Native Method)
        at java.lang.ref.ReferenceQueue.remove(ReferenceQueue.java:144)
        at java.lang.ref.ReferenceQueue.remove(ReferenceQueue.java:165)
        at java.lang.ref.Finalizer$FinalizerThread.run(Finalizer.java:188)
"Thread-17"  prio=5 tid=28 timed_waiting
java.lang.Thread.State: TIMED_WAITING
        at java.lang.Thread.sleep(Native Method)
        at org.apache.hadoop.hdds.scm.container.balancer.TestContainerBalancerTask.lambda$genCompletableFuture$15(TestContainerBalancerTask.java:1332)
        at org.apache.hadoop.hdds.scm.container.balancer.TestContainerBalancerTask$$Lambda$435/1337710988.get(Unknown Source)
        at java.util.concurrent.CompletableFuture$AsyncSupply.run(CompletableFuture.java:1604)
        at java.lang.Thread.run(Thread.java:750)
"Thread-22"  prio=5 tid=33 timed_waiting
java.lang.Thread.State: TIMED_WAITING
        at java.lang.Thread.sleep(Native Method)
        at org.apache.hadoop.hdds.scm.container.balancer.TestContainerBalancerTask.lambda$genCompletableFuture$15(TestContainerBalancerTask.java:1332)
        at org.apache.hadoop.hdds.scm.container.balancer.TestContainerBalancerTask$$Lambda$435/1337710988.get(Unknown Source)
        at java.util.concurrent.CompletableFuture$AsyncSupply.run(CompletableFuture.java:1604)
        at java.lang.Thread.run(Thread.java:750)
"Attach Listener" daemon prio=9 tid=12 runnable
java.lang.Thread.State: RUNNABLE
"Thread-8"  prio=5 tid=19 timed_waiting
java.lang.Thread.State: TIMED_WAITING
        at java.lang.Thread.sleep(Native Method)
        at org.apache.hadoop.hdds.scm.container.balancer.TestContainerBalancerTask.lambda$genCompletableFuture$15(TestContainerBalancerTask.java:1332)
        at org.apache.hadoop.hdds.scm.container.balancer.TestContainerBalancerTask$$Lambda$435/1337710988.get(Unknown Source)
        at java.util.concurrent.CompletableFuture$AsyncSupply.run(CompletableFuture.java:1604)
        at java.lang.Thread.run(Thread.java:750)
"Thread-19"  prio=5 tid=30 timed_waiting
java.lang.Thread.State: TIMED_WAITING
        at java.lang.Thread.sleep(Native Method)
        at org.apache.hadoop.hdds.scm.container.balancer.TestContainerBalancerTask.lambda$genCompletableFuture$15(TestContainerBalancerTask.java:1332)
        at org.apache.hadoop.hdds.scm.container.balancer.TestContainerBalancerTask$$Lambda$435/1337710988.get(Unknown Source)
        at java.util.concurrent.CompletableFuture$AsyncSupply.run(CompletableFuture.java:1604)
        at java.lang.Thread.run(Thread.java:750)


	at org.apache.ozone.test.GenericTestUtils.waitFor(GenericTestUtils.java:231)
	at org.apache.hadoop.hdds.scm.container.balancer.TestContainerBalancerTask.testDelayedStart(TestContainerBalancerTask.java:1078)
	at sun.reflect.NativeMethodAccessorImpl.invoke0(Native Method)
	at sun.reflect.NativeMethodAccessorImpl.invoke(NativeMethodAccessorImpl.java:62)
	at sun.reflect.DelegatingMethodAccessorImpl.invoke(DelegatingMethodAccessorImpl.java:43)
	at java.lang.reflect.Method.invoke(Method.java:498)
	at org.junit.platform.commons.util.ReflectionUtils.invokeMethod(ReflectionUtils.java:725)
	at org.junit.jupiter.engine.execution.MethodInvocation.proceed(MethodInvocation.java:60)
	at org.junit.jupiter.engine.execution.InvocationInterceptorChain$ValidatingInvocation.proceed(InvocationInterceptorChain.java:131)
	at org.junit.jupiter.engine.extension.TimeoutExtension.intercept(TimeoutExtension.java:149)
	at org.junit.jupiter.engine.extension.TimeoutExtension.interceptTestableMethod(TimeoutExtension.java:140)
	at org.junit.jupiter.engine.extension.TimeoutExtension.interceptTestMethod(TimeoutExtension.java:84)
	at org.junit.jupiter.engine.execution.ExecutableInvoker$ReflectiveInterceptorCall.lambda$ofVoidMethod$0(ExecutableInvoker.java:115)
	at org.junit.jupiter.engine.execution.ExecutableInvoker.lambda$invoke$0(ExecutableInvoker.java:105)
	at org.junit.jupiter.engine.execution.InvocationInterceptorChain$InterceptedInvocation.proceed(InvocationInterceptorChain.java:106)
	at org.junit.jupiter.engine.execution.InvocationInterceptorChain.proceed(InvocationInterceptorChain.java:64)
	at org.junit.jupiter.engine.execution.InvocationInterceptorChain.chainAndInvoke(InvocationInterceptorChain.java:45)
	at org.junit.jupiter.engine.execution.InvocationInterceptorChain.invoke(InvocationInterceptorChain.java:37)
	at org.junit.jupiter.engine.execution.ExecutableInvoker.invoke(ExecutableInvoker.java:104)
	at org.junit.jupiter.engine.execution.ExecutableInvoker.invoke(ExecutableInvoker.java:98)
	at org.junit.jupiter.engine.descriptor.TestMethodTestDescriptor.lambda$invokeTestMethod$7(TestMethodTestDescriptor.java:214)
	at org.junit.platform.engine.support.hierarchical.ThrowableCollector.execute(ThrowableCollector.java:73)
	at org.junit.jupiter.engine.descriptor.TestMethodTestDescriptor.invokeTestMethod(TestMethodTestDescriptor.java:210)
	at org.junit.jupiter.engine.descriptor.TestMethodTestDescriptor.execute(TestMethodTestDescriptor.java:135)
	at org.junit.jupiter.engine.descriptor.TestMethodTestDescriptor.execute(TestMethodTestDescriptor.java:66)
	at org.junit.platform.engine.support.hierarchical.NodeTestTask.lambda$executeRecursively$6(NodeTestTask.java:151)
	at org.junit.platform.engine.support.hierarchical.ThrowableCollector.execute(ThrowableCollector.java:73)
	at org.junit.platform.engine.support.hierarchical.NodeTestTask.lambda$executeRecursively$8(NodeTestTask.java:141)
	at org.junit.platform.engine.support.hierarchical.Node.around(Node.java:137)
	at org.junit.platform.engine.support.hierarchical.NodeTestTask.lambda$executeRecursively$9(NodeTestTask.java:139)
	at org.junit.platform.engine.support.hierarchical.ThrowableCollector.execute(ThrowableCollector.java:73)
	at org.junit.platform.engine.support.hierarchical.NodeTestTask.executeRecursively(NodeTestTask.java:138)
	at org.junit.platform.engine.support.hierarchical.NodeTestTask.execute(NodeTestTask.java:95)
	at java.util.ArrayList.forEach(ArrayList.java:1259)
	at org.junit.platform.engine.support.hierarchical.SameThreadHierarchicalTestExecutorService.invokeAll(SameThreadHierarchicalTestExecutorService.java:41)
	at org.junit.platform.engine.support.hierarchical.NodeTestTask.lambda$executeRecursively$6(NodeTestTask.java:155)
	at org.junit.platform.engine.support.hierarchical.ThrowableCollector.execute(ThrowableCollector.java:73)
	at org.junit.platform.engine.support.hierarchical.NodeTestTask.lambda$executeRecursively$8(NodeTestTask.java:141)
	at org.junit.platform.engine.support.hierarchical.Node.around(Node.java:137)
	at org.junit.platform.engine.support.hierarchical.NodeTestTask.lambda$executeRecursively$9(NodeTestTask.java:139)
	at org.junit.platform.engine.support.hierarchical.ThrowableCollector.execute(ThrowableCollector.java:73)
	at org.junit.platform.engine.support.hierarchical.NodeTestTask.executeRecursively(NodeTestTask.java:138)
	at org.junit.platform.engine.support.hierarchical.NodeTestTask.execute(NodeTestTask.java:95)
	at java.util.ArrayList.forEach(ArrayList.java:1259)
	at org.junit.platform.engine.support.hierarchical.SameThreadHierarchicalTestExecutorService.invokeAll(SameThreadHierarchicalTestExecutorService.java:41)
	at org.junit.platform.engine.support.hierarchical.NodeTestTask.lambda$executeRecursively$6(NodeTestTask.java:155)
	at org.junit.platform.engine.support.hierarchical.ThrowableCollector.execute(ThrowableCollector.java:73)
	at org.junit.platform.engine.support.hierarchical.NodeTestTask.lambda$executeRecursively$8(NodeTestTask.java:141)
	at org.junit.platform.engine.support.hierarchical.Node.around(Node.java:137)
	at org.junit.platform.engine.support.hierarchical.NodeTestTask.lambda$executeRecursively$9(NodeTestTask.java:139)
	at org.junit.platform.engine.support.hierarchical.ThrowableCollector.execute(ThrowableCollector.java:73)
	at org.junit.platform.engine.support.hierarchical.NodeTestTask.executeRecursively(NodeTestTask.java:138)
	at org.junit.platform.engine.support.hierarchical.NodeTestTask.execute(NodeTestTask.java:95)
	at org.junit.platform.engine.support.hierarchical.SameThreadHierarchicalTestExecutorService.submit(SameThreadHierarchicalTestExecutorService.java:35)
	at org.junit.platform.engine.support.hierarchical.HierarchicalTestExecutor.execute(HierarchicalTestExecutor.java:57)
	at org.junit.platform.engine.support.hierarchical.HierarchicalTestEngine.execute(HierarchicalTestEngine.java:54)
	at org.junit.platform.launcher.core.EngineExecutionOrchestrator.execute(EngineExecutionOrchestrator.java:107)
	at org.junit.platform.launcher.core.EngineExecutionOrchestrator.execute(EngineExecutionOrchestrator.java:88)
	at org.junit.platform.launcher.core.EngineExecutionOrchestrator.lambda$execute$0(EngineExecutionOrchestrator.java:54)
	at org.junit.platform.launcher.core.EngineExecutionOrchestrator.withInterceptedStreams(EngineExecutionOrchestrator.java:67)
	at org.junit.platform.launcher.core.EngineExecutionOrchestrator.execute(EngineExecutionOrchestrator.java:52)
	at org.junit.platform.launcher.core.DefaultLauncher.execute(DefaultLauncher.java:114)
	at org.junit.platform.launcher.core.DefaultLauncher.execute(DefaultLauncher.java:86)
	at org.junit.platform.launcher.core.DefaultLauncherSession$DelegatingLauncher.execute(DefaultLauncherSession.java:86)
	at org.junit.platform.launcher.core.SessionPerRequestLauncher.execute(SessionPerRequestLauncher.java:53)
	at org.apache.maven.surefire.junitplatform.JUnitPlatformProvider.execute(JUnitPlatformProvider.java:188)
	at org.apache.maven.surefire.junitplatform.JUnitPlatformProvider.invokeAllTests(JUnitPlatformProvider.java:154)
	at org.apache.maven.surefire.junitplatform.JUnitPlatformProvider.invoke(JUnitPlatformProvider.java:124)
	at org.apache.maven.surefire.booter.ForkedBooter.runSuitesInProcess(ForkedBooter.java:428)
	at org.apache.maven.surefire.booter.ForkedBooter.execute(ForkedBooter.java:162)
	at org.apache.maven.surefire.booter.ForkedBooter.run(ForkedBooter.java:562)
	at org.apache.maven.surefire.booter.ForkedBooter.main(ForkedBooter.java:548)
]]></error>
    <system-out><![CDATA[2023-09-13 18:18:03,291 [main] INFO  net.NodeSchemaLoader (NodeSchemaLoader.java:loadSchemaFromFile(129)) - Loading schema from [file:/home/runner/work/ozone/ozone/hadoop-hdds/common/target/classes/network-topology-default.xml]
2023-09-13 18:18:03,291 [main] INFO  net.NodeSchemaLoader (NodeSchemaLoader.java:loadSchema(176)) - Loading network topology layer schema file
2023-09-13 18:18:03,297 [main] INFO  net.NetworkTopologyImpl (NetworkTopologyImpl.java:add(112)) - Added a new node: /default-rack/f8b6883d-4a23-4bad-a08e-6d6e0ec31ac3
2023-09-13 18:18:03,297 [main] INFO  net.NetworkTopologyImpl (NetworkTopologyImpl.java:add(112)) - Added a new node: /default-rack/1a2cd109-b771-4380-92aa-45443bd71e9b
2023-09-13 18:18:03,297 [main] INFO  net.NetworkTopologyImpl (NetworkTopologyImpl.java:add(112)) - Added a new node: /default-rack/3ffad2cd-79ec-40dc-9bb6-90e42ad90934
2023-09-13 18:18:03,297 [main] INFO  net.NetworkTopologyImpl (NetworkTopologyImpl.java:add(112)) - Added a new node: /default-rack/e86c7c84-742d-43ca-8552-ac3113a69072
2023-09-13 18:18:03,297 [main] INFO  net.NetworkTopologyImpl (NetworkTopologyImpl.java:add(112)) - Added a new node: /default-rack/59ee0190-baaf-4990-bd92-1cf85b2a543b
2023-09-13 18:18:03,298 [main] INFO  net.NetworkTopologyImpl (NetworkTopologyImpl.java:add(112)) - Added a new node: /default-rack/96c29f8c-be46-46af-88e9-42f84c44849e
2023-09-13 18:18:03,298 [main] INFO  net.NetworkTopologyImpl (NetworkTopologyImpl.java:add(112)) - Added a new node: /default-rack/74b79975-65e4-4969-a502-e501c1bc107d
2023-09-13 18:18:03,298 [main] INFO  net.NetworkTopologyImpl (NetworkTopologyImpl.java:add(112)) - Added a new node: /default-rack/dba6087e-4da5-4936-a945-8cf5a1d28414
2023-09-13 18:18:03,298 [main] INFO  net.NetworkTopologyImpl (NetworkTopologyImpl.java:add(112)) - Added a new node: /default-rack/3f12a228-9057-47c7-be0d-5b7fb328466e
2023-09-13 18:18:03,298 [main] INFO  net.NetworkTopologyImpl (NetworkTopologyImpl.java:add(112)) - Added a new node: /default-rack/c079bddb-2f77-4d0f-8c5c-f9d950ef24ef
2023-09-13 18:18:03,298 [main] INFO  algorithms.ContainerPlacementPolicyFactory (ContainerPlacementPolicyFactory.java:getPolicyInternal(86)) - Create container placement policy of type org.apache.hadoop.hdds.scm.container.placement.algorithms.SCMContainerPlacementRackAware
2023-09-13 18:18:03,298 [main] INFO  algorithms.ContainerPlacementPolicyFactory (ContainerPlacementPolicyFactory.java:getPolicyInternal(86)) - Create container placement policy of type org.apache.hadoop.hdds.scm.container.placement.algorithms.SCMContainerPlacementRackScatter
2023-09-13 18:18:03,331 [Thread-23] INFO  balancer.ContainerBalancerTask (ContainerBalancerTask.java:run(175)) - ContainerBalancer will sleep for 10 seconds before starting balancing.
]]></system-out>
  </testcase>
  <testcase name="checkIterationResultException" classname="org.apache.hadoop.hdds.scm.container.balancer.TestContainerBalancerTask" time="0.104">
    <system-out><![CDATA[2023-09-13 18:18:03,391 [main] INFO  net.NodeSchemaLoader (NodeSchemaLoader.java:loadSchemaFromFile(129)) - Loading schema from [file:/home/runner/work/ozone/ozone/hadoop-hdds/common/target/classes/network-topology-default.xml]
2023-09-13 18:18:03,391 [main] INFO  net.NodeSchemaLoader (NodeSchemaLoader.java:loadSchema(176)) - Loading network topology layer schema file
2023-09-13 18:18:03,393 [main] INFO  net.NetworkTopologyImpl (NetworkTopologyImpl.java:add(112)) - Added a new node: /default-rack/8a1e46a6-2e99-4504-851c-3de018a88e91
2023-09-13 18:18:03,393 [main] INFO  net.NetworkTopologyImpl (NetworkTopologyImpl.java:add(112)) - Added a new node: /default-rack/f06514ec-df7b-4b09-83ce-90ccdc94408f
2023-09-13 18:18:03,393 [main] INFO  net.NetworkTopologyImpl (NetworkTopologyImpl.java:add(112)) - Added a new node: /default-rack/58513628-2155-4e31-99a3-72e7081b70b1
2023-09-13 18:18:03,393 [main] INFO  net.NetworkTopologyImpl (NetworkTopologyImpl.java:add(112)) - Added a new node: /default-rack/98521eea-6010-4073-87ec-1792083a040b
2023-09-13 18:18:03,393 [main] INFO  net.NetworkTopologyImpl (NetworkTopologyImpl.java:add(112)) - Added a new node: /default-rack/24f0a9a7-8c50-4454-93fb-617d01933123
2023-09-13 18:18:03,394 [main] INFO  net.NetworkTopologyImpl (NetworkTopologyImpl.java:add(112)) - Added a new node: /default-rack/70d56bc7-95c4-4264-979a-076238b3325f
2023-09-13 18:18:03,394 [main] INFO  net.NetworkTopologyImpl (NetworkTopologyImpl.java:add(112)) - Added a new node: /default-rack/f6b48df4-5caa-4923-b970-c45fd26eec1f
2023-09-13 18:18:03,394 [main] INFO  net.NetworkTopologyImpl (NetworkTopologyImpl.java:add(112)) - Added a new node: /default-rack/df32645a-e7a6-42ac-a1fc-930b3d890105
2023-09-13 18:18:03,394 [main] INFO  net.NetworkTopologyImpl (NetworkTopologyImpl.java:add(112)) - Added a new node: /default-rack/2344c759-ac9d-4dc0-b946-9150524f9dd2
2023-09-13 18:18:03,394 [main] INFO  net.NetworkTopologyImpl (NetworkTopologyImpl.java:add(112)) - Added a new node: /default-rack/8b3f8783-e66d-4963-8742-072a374b021d
2023-09-13 18:18:03,394 [main] INFO  algorithms.ContainerPlacementPolicyFactory (ContainerPlacementPolicyFactory.java:getPolicyInternal(86)) - Create container placement policy of type org.apache.hadoop.hdds.scm.container.placement.algorithms.SCMContainerPlacementRackAware
2023-09-13 18:18:03,394 [main] INFO  algorithms.ContainerPlacementPolicyFactory (ContainerPlacementPolicyFactory.java:getPolicyInternal(86)) - Create container placement policy of type org.apache.hadoop.hdds.scm.container.placement.algorithms.SCMContainerPlacementRackScatter
2023-09-13 18:18:03,401 [main] DEBUG balancer.ContainerBalancerTask (ContainerBalancerTask.java:initializeIteration(374)) - Average utilization of the cluster is 0.3214933778292992
2023-09-13 18:18:03,401 [main] DEBUG balancer.ContainerBalancerTask (ContainerBalancerTask.java:initializeIteration(386)) - Lower limit for utilization is 0.2214933778292992 and Upper limit for utilization is 0.4214933778292992
2023-09-13 18:18:03,401 [main] DEBUG balancer.ContainerBalancerTask (ContainerBalancerTask.java:initializeIteration(398)) - Utilization for node 70d56bc7-95c4-4264-979a-076238b3325f with capacity 50107951786B, used 45097156608B, and remaining 5010795178B is 0.9000000000119741
2023-09-13 18:18:03,401 [main] DEBUG balancer.ContainerBalancerTask (ContainerBalancerTask.java:initializeIteration(398)) - Utilization for node df32645a-e7a6-42ac-a1fc-930b3d890105 with capacity 83214991360B, used 66571993088B, and remaining 16642998272B is 0.8
2023-09-13 18:18:03,401 [main] DEBUG balancer.ContainerBalancerTask (ContainerBalancerTask.java:initializeIteration(398)) - Utilization for node 98521eea-6010-4073-87ec-1792083a040b with capacity 59822758765B, used 41875931136B, and remaining 17946827629B is 0.700000000008358
2023-09-13 18:18:03,401 [main] DEBUG balancer.ContainerBalancerTask (ContainerBalancerTask.java:initializeIteration(398)) - Utilization for node f06514ec-df7b-4b09-83ce-90ccdc94408f with capacity 71582788266B, used 42949672960B, and remaining 28633115306B is 0.600000000005588
2023-09-13 18:18:03,401 [main] DEBUG balancer.ContainerBalancerTask (ContainerBalancerTask.java:initializeIteration(398)) - Utilization for node 8a1e46a6-2e99-4504-851c-3de018a88e91 with capacity 88046829568B, used 44023414784B, and remaining 44023414784B is 0.5
2023-09-13 18:18:03,401 [main] DEBUG balancer.ContainerBalancerTask (ContainerBalancerTask.java:initializeIteration(398)) - Utilization for node 8b3f8783-e66d-4963-8742-072a374b021d with capacity 96636764160B, used 38654705664B, and remaining 57982058496B is 0.4
2023-09-13 18:18:03,401 [main] DEBUG balancer.ContainerBalancerTask (ContainerBalancerTask.java:initializeIteration(398)) - Utilization for node f6b48df4-5caa-4923-b970-c45fd26eec1f with capacity 96636764160B, used 28991029248B, and remaining 67645734912B is 0.3
2023-09-13 18:18:03,402 [main] DEBUG balancer.ContainerBalancerTask (ContainerBalancerTask.java:initializeIteration(398)) - Utilization for node 2344c759-ac9d-4dc0-b946-9150524f9dd2 with capacity 230854492160B, used 46170898432B, and remaining 184683593728B is 0.2
2023-09-13 18:18:03,402 [main] DEBUG balancer.ContainerBalancerTask (ContainerBalancerTask.java:initializeIteration(398)) - Utilization for node 58513628-2155-4e31-99a3-72e7081b70b1 with capacity 397284474880B, used 39728447488B, and remaining 357556027392B is 0.1
2023-09-13 18:18:03,402 [main] DEBUG balancer.ContainerBalancerTask (ContainerBalancerTask.java:initializeIteration(398)) - Utilization for node 24f0a9a7-8c50-4454-93fb-617d01933123 with capacity 51539607552B, used 0B, and remaining 51539607552B is 0.0
2023-09-13 18:18:03,402 [main] INFO  balancer.ContainerBalancerTask (ContainerBalancerTask.java:initializeIteration(447)) - Container Balancer has identified 5 Over-Utilized and 3 Under-Utilized Datanodes that need to be balanced.
2023-09-13 18:18:03,402 [main] DEBUG balancer.ContainerBalancerTask (ContainerBalancerTask.java:lambda$initializeIteration$1(453)) - Datanode localhost-146.138.177.190 70d56bc7-95c4-4264-979a-076238b3325f is Over-Utilized.
2023-09-13 18:18:03,402 [main] DEBUG balancer.ContainerBalancerTask (ContainerBalancerTask.java:lambda$initializeIteration$1(453)) - Datanode localhost-116.38.251.40 df32645a-e7a6-42ac-a1fc-930b3d890105 is Over-Utilized.
2023-09-13 18:18:03,402 [main] DEBUG balancer.ContainerBalancerTask (ContainerBalancerTask.java:lambda$initializeIteration$1(453)) - Datanode localhost-216.84.47.242 98521eea-6010-4073-87ec-1792083a040b is Over-Utilized.
2023-09-13 18:18:03,402 [main] DEBUG balancer.ContainerBalancerTask (ContainerBalancerTask.java:lambda$initializeIteration$1(453)) - Datanode localhost-75.59.171.88 f06514ec-df7b-4b09-83ce-90ccdc94408f is Over-Utilized.
2023-09-13 18:18:03,402 [main] DEBUG balancer.ContainerBalancerTask (ContainerBalancerTask.java:lambda$initializeIteration$1(453)) - Datanode localhost-190.179.92.152 8a1e46a6-2e99-4504-851c-3de018a88e91 is Over-Utilized.
2023-09-13 18:18:03,402 [main] DEBUG balancer.ContainerBalancerTask (ContainerBalancerTask.java:lambda$initializeIteration$2(459)) - Datanode localhost-22.221.111.140 24f0a9a7-8c50-4454-93fb-617d01933123 is Under-Utilized.
2023-09-13 18:18:03,402 [main] DEBUG balancer.ContainerBalancerTask (ContainerBalancerTask.java:lambda$initializeIteration$2(459)) - Datanode localhost-149.140.214.167 58513628-2155-4e31-99a3-72e7081b70b1 is Under-Utilized.
2023-09-13 18:18:03,403 [main] DEBUG balancer.ContainerBalancerTask (ContainerBalancerTask.java:lambda$initializeIteration$2(459)) - Datanode localhost-13.44.24.86 2344c759-ac9d-4dc0-b946-9150524f9dd2 is Under-Utilized.
2023-09-13 18:18:03,405 [main] DEBUG balancer.ContainerBalancerTask (ContainerBalancerTask.java:matchSourceWithTarget(708)) - ContainerBalancer is finding suitable target for source datanode 70d56bc7-95c4-4264-979a-076238b3325f
2023-09-13 18:18:03,405 [main] INFO  balancer.ContainerBalancerTask (ContainerBalancerTask.java:matchSourceWithTarget(722)) - ContainerBalancer matched source datanode 70d56bc7-95c4-4264-979a-076238b3325f with target datanode 24f0a9a7-8c50-4454-93fb-617d01933123 for container move.
2023-09-13 18:18:03,405 [main] INFO  balancer.ContainerBalancerTask (ContainerBalancerTask.java:processMoveSelection(569)) - ContainerBalancer is trying to move container #84 with size 4294967296B from source datanode 70d56bc7-95c4-4264-979a-076238b3325f to target datanode 24f0a9a7-8c50-4454-93fb-617d01933123
2023-09-13 18:18:03,407 [Thread-24] INFO  balancer.ContainerBalancerTask (ContainerBalancerTask.java:lambda$moveContainer$3(827)) - Container move for container #84 from source 70d56bc7-95c4-4264-979a-076238b3325f to target 24f0a9a7-8c50-4454-93fb-617d01933123 failed with exceptions.
java.util.concurrent.CompletionException: java.lang.RuntimeException: Runtime Exception after doing work
	at java.util.concurrent.CompletableFuture.encodeThrowable(CompletableFuture.java:273)
	at java.util.concurrent.CompletableFuture.completeThrowable(CompletableFuture.java:280)
	at java.util.concurrent.CompletableFuture$AsyncSupply.run(CompletableFuture.java:1606)
	at java.lang.Thread.run(Thread.java:750)
Caused by: java.lang.RuntimeException: Runtime Exception after doing work
	at org.apache.hadoop.hdds.scm.container.balancer.TestContainerBalancerTask.lambda$checkIterationResultException$10(TestContainerBalancerTask.java:1011)
	at java.util.concurrent.CompletableFuture$AsyncSupply.run(CompletableFuture.java:1604)
	... 1 more
2023-09-13 18:18:03,410 [main] DEBUG balancer.ContainerBalancerTask (ContainerBalancerTask.java:matchSourceWithTarget(708)) - ContainerBalancer is finding suitable target for source datanode 70d56bc7-95c4-4264-979a-076238b3325f
2023-09-13 18:18:03,410 [main] INFO  balancer.ContainerBalancerTask (ContainerBalancerTask.java:matchSourceWithTarget(722)) - ContainerBalancer matched source datanode 70d56bc7-95c4-4264-979a-076238b3325f with target datanode 24f0a9a7-8c50-4454-93fb-617d01933123 for container move.
2023-09-13 18:18:03,410 [main] INFO  balancer.ContainerBalancerTask (ContainerBalancerTask.java:processMoveSelection(569)) - ContainerBalancer is trying to move container #88 with size 3221225472B from source datanode 70d56bc7-95c4-4264-979a-076238b3325f to target datanode 24f0a9a7-8c50-4454-93fb-617d01933123
2023-09-13 18:18:03,410 [main] WARN  balancer.ContainerBalancerTask (ContainerBalancerTask.java:moveContainer(851)) - Could not find Container #88 for container move
org.apache.hadoop.hdds.scm.container.ContainerNotFoundException: Test Container not found
	at org.apache.hadoop.hdds.scm.container.replication.ReplicationManager.move(ReplicationManager.java:1431)
	at org.apache.hadoop.hdds.scm.container.balancer.ContainerBalancerTask.moveContainer(ContainerBalancerTask.java:817)
	at org.apache.hadoop.hdds.scm.container.balancer.ContainerBalancerTask.processMoveSelection(ContainerBalancerTask.java:576)
	at org.apache.hadoop.hdds.scm.container.balancer.ContainerBalancerTask.doIteration(ContainerBalancerTask.java:534)
	at org.apache.hadoop.hdds.scm.container.balancer.ContainerBalancerTask.balance(ContainerBalancerTask.java:257)
	at org.apache.hadoop.hdds.scm.container.balancer.ContainerBalancerTask.run(ContainerBalancerTask.java:179)
	at org.apache.hadoop.hdds.scm.container.balancer.TestContainerBalancerTask.startBalancer(TestContainerBalancerTask.java:1321)
	at org.apache.hadoop.hdds.scm.container.balancer.TestContainerBalancerTask.checkIterationResultException(TestContainerBalancerTask.java:1024)
	at sun.reflect.NativeMethodAccessorImpl.invoke0(Native Method)
	at sun.reflect.NativeMethodAccessorImpl.invoke(NativeMethodAccessorImpl.java:62)
	at sun.reflect.DelegatingMethodAccessorImpl.invoke(DelegatingMethodAccessorImpl.java:43)
	at java.lang.reflect.Method.invoke(Method.java:498)
	at org.junit.platform.commons.util.ReflectionUtils.invokeMethod(ReflectionUtils.java:725)
	at org.junit.jupiter.engine.execution.MethodInvocation.proceed(MethodInvocation.java:60)
	at org.junit.jupiter.engine.execution.InvocationInterceptorChain$ValidatingInvocation.proceed(InvocationInterceptorChain.java:131)
	at org.junit.jupiter.engine.extension.TimeoutExtension.intercept(TimeoutExtension.java:149)
	at org.junit.jupiter.engine.extension.TimeoutExtension.interceptTestableMethod(TimeoutExtension.java:140)
	at org.junit.jupiter.engine.extension.TimeoutExtension.interceptTestMethod(TimeoutExtension.java:84)
	at org.junit.jupiter.engine.execution.ExecutableInvoker$ReflectiveInterceptorCall.lambda$ofVoidMethod$0(ExecutableInvoker.java:115)
	at org.junit.jupiter.engine.execution.ExecutableInvoker.lambda$invoke$0(ExecutableInvoker.java:105)
	at org.junit.jupiter.engine.execution.InvocationInterceptorChain$InterceptedInvocation.proceed(InvocationInterceptorChain.java:106)
	at org.junit.jupiter.engine.execution.InvocationInterceptorChain.proceed(InvocationInterceptorChain.java:64)
	at org.junit.jupiter.engine.execution.InvocationInterceptorChain.chainAndInvoke(InvocationInterceptorChain.java:45)
	at org.junit.jupiter.engine.execution.InvocationInterceptorChain.invoke(InvocationInterceptorChain.java:37)
	at org.junit.jupiter.engine.execution.ExecutableInvoker.invoke(ExecutableInvoker.java:104)
	at org.junit.jupiter.engine.execution.ExecutableInvoker.invoke(ExecutableInvoker.java:98)
	at org.junit.jupiter.engine.descriptor.TestMethodTestDescriptor.lambda$invokeTestMethod$7(TestMethodTestDescriptor.java:214)
	at org.junit.platform.engine.support.hierarchical.ThrowableCollector.execute(ThrowableCollector.java:73)
	at org.junit.jupiter.engine.descriptor.TestMethodTestDescriptor.invokeTestMethod(TestMethodTestDescriptor.java:210)
	at org.junit.jupiter.engine.descriptor.TestMethodTestDescriptor.execute(TestMethodTestDescriptor.java:135)
	at org.junit.jupiter.engine.descriptor.TestMethodTestDescriptor.execute(TestMethodTestDescriptor.java:66)
	at org.junit.platform.engine.support.hierarchical.NodeTestTask.lambda$executeRecursively$6(NodeTestTask.java:151)
	at org.junit.platform.engine.support.hierarchical.ThrowableCollector.execute(ThrowableCollector.java:73)
	at org.junit.platform.engine.support.hierarchical.NodeTestTask.lambda$executeRecursively$8(NodeTestTask.java:141)
	at org.junit.platform.engine.support.hierarchical.Node.around(Node.java:137)
	at org.junit.platform.engine.support.hierarchical.NodeTestTask.lambda$executeRecursively$9(NodeTestTask.java:139)
	at org.junit.platform.engine.support.hierarchical.ThrowableCollector.execute(ThrowableCollector.java:73)
	at org.junit.platform.engine.support.hierarchical.NodeTestTask.executeRecursively(NodeTestTask.java:138)
	at org.junit.platform.engine.support.hierarchical.NodeTestTask.execute(NodeTestTask.java:95)
	at java.util.ArrayList.forEach(ArrayList.java:1259)
	at org.junit.platform.engine.support.hierarchical.SameThreadHierarchicalTestExecutorService.invokeAll(SameThreadHierarchicalTestExecutorService.java:41)
	at org.junit.platform.engine.support.hierarchical.NodeTestTask.lambda$executeRecursively$6(NodeTestTask.java:155)
	at org.junit.platform.engine.support.hierarchical.ThrowableCollector.execute(ThrowableCollector.java:73)
	at org.junit.platform.engine.support.hierarchical.NodeTestTask.lambda$executeRecursively$8(NodeTestTask.java:141)
	at org.junit.platform.engine.support.hierarchical.Node.around(Node.java:137)
	at org.junit.platform.engine.support.hierarchical.NodeTestTask.lambda$executeRecursively$9(NodeTestTask.java:139)
	at org.junit.platform.engine.support.hierarchical.ThrowableCollector.execute(ThrowableCollector.java:73)
	at org.junit.platform.engine.support.hierarchical.NodeTestTask.executeRecursively(NodeTestTask.java:138)
	at org.junit.platform.engine.support.hierarchical.NodeTestTask.execute(NodeTestTask.java:95)
	at java.util.ArrayList.forEach(ArrayList.java:1259)
	at org.junit.platform.engine.support.hierarchical.SameThreadHierarchicalTestExecutorService.invokeAll(SameThreadHierarchicalTestExecutorService.java:41)
	at org.junit.platform.engine.support.hierarchical.NodeTestTask.lambda$executeRecursively$6(NodeTestTask.java:155)
	at org.junit.platform.engine.support.hierarchical.ThrowableCollector.execute(ThrowableCollector.java:73)
	at org.junit.platform.engine.support.hierarchical.NodeTestTask.lambda$executeRecursively$8(NodeTestTask.java:141)
	at org.junit.platform.engine.support.hierarchical.Node.around(Node.java:137)
	at org.junit.platform.engine.support.hierarchical.NodeTestTask.lambda$executeRecursively$9(NodeTestTask.java:139)
	at org.junit.platform.engine.support.hierarchical.ThrowableCollector.execute(ThrowableCollector.java:73)
	at org.junit.platform.engine.support.hierarchical.NodeTestTask.executeRecursively(NodeTestTask.java:138)
	at org.junit.platform.engine.support.hierarchical.NodeTestTask.execute(NodeTestTask.java:95)
	at org.junit.platform.engine.support.hierarchical.SameThreadHierarchicalTestExecutorService.submit(SameThreadHierarchicalTestExecutorService.java:35)
	at org.junit.platform.engine.support.hierarchical.HierarchicalTestExecutor.execute(HierarchicalTestExecutor.java:57)
	at org.junit.platform.engine.support.hierarchical.HierarchicalTestEngine.execute(HierarchicalTestEngine.java:54)
	at org.junit.platform.launcher.core.EngineExecutionOrchestrator.execute(EngineExecutionOrchestrator.java:107)
	at org.junit.platform.launcher.core.EngineExecutionOrchestrator.execute(EngineExecutionOrchestrator.java:88)
	at org.junit.platform.launcher.core.EngineExecutionOrchestrator.lambda$execute$0(EngineExecutionOrchestrator.java:54)
	at org.junit.platform.launcher.core.EngineExecutionOrchestrator.withInterceptedStreams(EngineExecutionOrchestrator.java:67)
	at org.junit.platform.launcher.core.EngineExecutionOrchestrator.execute(EngineExecutionOrchestrator.java:52)
	at org.junit.platform.launcher.core.DefaultLauncher.execute(DefaultLauncher.java:114)
	at org.junit.platform.launcher.core.DefaultLauncher.execute(DefaultLauncher.java:86)
	at org.junit.platform.launcher.core.DefaultLauncherSession$DelegatingLauncher.execute(DefaultLauncherSession.java:86)
	at org.junit.platform.launcher.core.SessionPerRequestLauncher.execute(SessionPerRequestLauncher.java:53)
	at org.apache.maven.surefire.junitplatform.JUnitPlatformProvider.execute(JUnitPlatformProvider.java:188)
	at org.apache.maven.surefire.junitplatform.JUnitPlatformProvider.invokeAllTests(JUnitPlatformProvider.java:154)
	at org.apache.maven.surefire.junitplatform.JUnitPlatformProvider.invoke(JUnitPlatformProvider.java:124)
	at org.apache.maven.surefire.booter.ForkedBooter.runSuitesInProcess(ForkedBooter.java:428)
	at org.apache.maven.surefire.booter.ForkedBooter.execute(ForkedBooter.java:162)
	at org.apache.maven.surefire.booter.ForkedBooter.run(ForkedBooter.java:562)
	at org.apache.maven.surefire.booter.ForkedBooter.main(ForkedBooter.java:548)
2023-09-13 18:18:03,414 [main] DEBUG balancer.ContainerBalancerTask (ContainerBalancerTask.java:matchSourceWithTarget(708)) - ContainerBalancer is finding suitable target for source datanode df32645a-e7a6-42ac-a1fc-930b3d890105
2023-09-13 18:18:03,415 [main] INFO  balancer.ContainerBalancerTask (ContainerBalancerTask.java:matchSourceWithTarget(722)) - ContainerBalancer matched source datanode df32645a-e7a6-42ac-a1fc-930b3d890105 with target datanode 24f0a9a7-8c50-4454-93fb-617d01933123 for container move.
2023-09-13 18:18:03,415 [main] INFO  balancer.ContainerBalancerTask (ContainerBalancerTask.java:processMoveSelection(569)) - ContainerBalancer is trying to move container #68 with size 5368709120B from source datanode df32645a-e7a6-42ac-a1fc-930b3d890105 to target datanode 24f0a9a7-8c50-4454-93fb-617d01933123
2023-09-13 18:18:03,415 [main] INFO  balancer.ContainerBalancerTask (ContainerBalancerTask.java:lambda$moveContainer$3(827)) - Container move for container #68 from source df32645a-e7a6-42ac-a1fc-930b3d890105 to target 24f0a9a7-8c50-4454-93fb-617d01933123 failed with exceptions.
java.lang.RuntimeException: Runtime Exception
	at org.apache.hadoop.hdds.scm.container.balancer.TestContainerBalancerTask.checkIterationResultException(TestContainerBalancerTask.java:1002)
	at sun.reflect.NativeMethodAccessorImpl.invoke0(Native Method)
	at sun.reflect.NativeMethodAccessorImpl.invoke(NativeMethodAccessorImpl.java:62)
	at sun.reflect.DelegatingMethodAccessorImpl.invoke(DelegatingMethodAccessorImpl.java:43)
	at java.lang.reflect.Method.invoke(Method.java:498)
	at org.junit.platform.commons.util.ReflectionUtils.invokeMethod(ReflectionUtils.java:725)
	at org.junit.jupiter.engine.execution.MethodInvocation.proceed(MethodInvocation.java:60)
	at org.junit.jupiter.engine.execution.InvocationInterceptorChain$ValidatingInvocation.proceed(InvocationInterceptorChain.java:131)
	at org.junit.jupiter.engine.extension.TimeoutExtension.intercept(TimeoutExtension.java:149)
	at org.junit.jupiter.engine.extension.TimeoutExtension.interceptTestableMethod(TimeoutExtension.java:140)
	at org.junit.jupiter.engine.extension.TimeoutExtension.interceptTestMethod(TimeoutExtension.java:84)
	at org.junit.jupiter.engine.execution.ExecutableInvoker$ReflectiveInterceptorCall.lambda$ofVoidMethod$0(ExecutableInvoker.java:115)
	at org.junit.jupiter.engine.execution.ExecutableInvoker.lambda$invoke$0(ExecutableInvoker.java:105)
	at org.junit.jupiter.engine.execution.InvocationInterceptorChain$InterceptedInvocation.proceed(InvocationInterceptorChain.java:106)
	at org.junit.jupiter.engine.execution.InvocationInterceptorChain.proceed(InvocationInterceptorChain.java:64)
	at org.junit.jupiter.engine.execution.InvocationInterceptorChain.chainAndInvoke(InvocationInterceptorChain.java:45)
	at org.junit.jupiter.engine.execution.InvocationInterceptorChain.invoke(InvocationInterceptorChain.java:37)
	at org.junit.jupiter.engine.execution.ExecutableInvoker.invoke(ExecutableInvoker.java:104)
	at org.junit.jupiter.engine.execution.ExecutableInvoker.invoke(ExecutableInvoker.java:98)
	at org.junit.jupiter.engine.descriptor.TestMethodTestDescriptor.lambda$invokeTestMethod$7(TestMethodTestDescriptor.java:214)
	at org.junit.platform.engine.support.hierarchical.ThrowableCollector.execute(ThrowableCollector.java:73)
	at org.junit.jupiter.engine.descriptor.TestMethodTestDescriptor.invokeTestMethod(TestMethodTestDescriptor.java:210)
	at org.junit.jupiter.engine.descriptor.TestMethodTestDescriptor.execute(TestMethodTestDescriptor.java:135)
	at org.junit.jupiter.engine.descriptor.TestMethodTestDescriptor.execute(TestMethodTestDescriptor.java:66)
	at org.junit.platform.engine.support.hierarchical.NodeTestTask.lambda$executeRecursively$6(NodeTestTask.java:151)
	at org.junit.platform.engine.support.hierarchical.ThrowableCollector.execute(ThrowableCollector.java:73)
	at org.junit.platform.engine.support.hierarchical.NodeTestTask.lambda$executeRecursively$8(NodeTestTask.java:141)
	at org.junit.platform.engine.support.hierarchical.Node.around(Node.java:137)
	at org.junit.platform.engine.support.hierarchical.NodeTestTask.lambda$executeRecursively$9(NodeTestTask.java:139)
	at org.junit.platform.engine.support.hierarchical.ThrowableCollector.execute(ThrowableCollector.java:73)
	at org.junit.platform.engine.support.hierarchical.NodeTestTask.executeRecursively(NodeTestTask.java:138)
	at org.junit.platform.engine.support.hierarchical.NodeTestTask.execute(NodeTestTask.java:95)
	at java.util.ArrayList.forEach(ArrayList.java:1259)
	at org.junit.platform.engine.support.hierarchical.SameThreadHierarchicalTestExecutorService.invokeAll(SameThreadHierarchicalTestExecutorService.java:41)
	at org.junit.platform.engine.support.hierarchical.NodeTestTask.lambda$executeRecursively$6(NodeTestTask.java:155)
	at org.junit.platform.engine.support.hierarchical.ThrowableCollector.execute(ThrowableCollector.java:73)
	at org.junit.platform.engine.support.hierarchical.NodeTestTask.lambda$executeRecursively$8(NodeTestTask.java:141)
	at org.junit.platform.engine.support.hierarchical.Node.around(Node.java:137)
	at org.junit.platform.engine.support.hierarchical.NodeTestTask.lambda$executeRecursively$9(NodeTestTask.java:139)
	at org.junit.platform.engine.support.hierarchical.ThrowableCollector.execute(ThrowableCollector.java:73)
	at org.junit.platform.engine.support.hierarchical.NodeTestTask.executeRecursively(NodeTestTask.java:138)
	at org.junit.platform.engine.support.hierarchical.NodeTestTask.execute(NodeTestTask.java:95)
	at java.util.ArrayList.forEach(ArrayList.java:1259)
	at org.junit.platform.engine.support.hierarchical.SameThreadHierarchicalTestExecutorService.invokeAll(SameThreadHierarchicalTestExecutorService.java:41)
	at org.junit.platform.engine.support.hierarchical.NodeTestTask.lambda$executeRecursively$6(NodeTestTask.java:155)
	at org.junit.platform.engine.support.hierarchical.ThrowableCollector.execute(ThrowableCollector.java:73)
	at org.junit.platform.engine.support.hierarchical.NodeTestTask.lambda$executeRecursively$8(NodeTestTask.java:141)
	at org.junit.platform.engine.support.hierarchical.Node.around(Node.java:137)
	at org.junit.platform.engine.support.hierarchical.NodeTestTask.lambda$executeRecursively$9(NodeTestTask.java:139)
	at org.junit.platform.engine.support.hierarchical.ThrowableCollector.execute(ThrowableCollector.java:73)
	at org.junit.platform.engine.support.hierarchical.NodeTestTask.executeRecursively(NodeTestTask.java:138)
	at org.junit.platform.engine.support.hierarchical.NodeTestTask.execute(NodeTestTask.java:95)
	at org.junit.platform.engine.support.hierarchical.SameThreadHierarchicalTestExecutorService.submit(SameThreadHierarchicalTestExecutorService.java:35)
	at org.junit.platform.engine.support.hierarchical.HierarchicalTestExecutor.execute(HierarchicalTestExecutor.java:57)
	at org.junit.platform.engine.support.hierarchical.HierarchicalTestEngine.execute(HierarchicalTestEngine.java:54)
	at org.junit.platform.launcher.core.EngineExecutionOrchestrator.execute(EngineExecutionOrchestrator.java:107)
	at org.junit.platform.launcher.core.EngineExecutionOrchestrator.execute(EngineExecutionOrchestrator.java:88)
	at org.junit.platform.launcher.core.EngineExecutionOrchestrator.lambda$execute$0(EngineExecutionOrchestrator.java:54)
	at org.junit.platform.launcher.core.EngineExecutionOrchestrator.withInterceptedStreams(EngineExecutionOrchestrator.java:67)
	at org.junit.platform.launcher.core.EngineExecutionOrchestrator.execute(EngineExecutionOrchestrator.java:52)
	at org.junit.platform.launcher.core.DefaultLauncher.execute(DefaultLauncher.java:114)
	at org.junit.platform.launcher.core.DefaultLauncher.execute(DefaultLauncher.java:86)
	at org.junit.platform.launcher.core.DefaultLauncherSession$DelegatingLauncher.execute(DefaultLauncherSession.java:86)
	at org.junit.platform.launcher.core.SessionPerRequestLauncher.execute(SessionPerRequestLauncher.java:53)
	at org.apache.maven.surefire.junitplatform.JUnitPlatformProvider.execute(JUnitPlatformProvider.java:188)
	at org.apache.maven.surefire.junitplatform.JUnitPlatformProvider.invokeAllTests(JUnitPlatformProvider.java:154)
	at org.apache.maven.surefire.junitplatform.JUnitPlatformProvider.invoke(JUnitPlatformProvider.java:124)
	at org.apache.maven.surefire.booter.ForkedBooter.runSuitesInProcess(ForkedBooter.java:428)
	at org.apache.maven.surefire.booter.ForkedBooter.execute(ForkedBooter.java:162)
	at org.apache.maven.surefire.booter.ForkedBooter.run(ForkedBooter.java:562)
	at org.apache.maven.surefire.booter.ForkedBooter.main(ForkedBooter.java:548)
2023-09-13 18:18:03,419 [main] DEBUG balancer.ContainerBalancerTask (ContainerBalancerTask.java:matchSourceWithTarget(708)) - ContainerBalancer is finding suitable target for source datanode 98521eea-6010-4073-87ec-1792083a040b
2023-09-13 18:18:03,420 [main] INFO  balancer.ContainerBalancerTask (ContainerBalancerTask.java:matchSourceWithTarget(722)) - ContainerBalancer matched source datanode 98521eea-6010-4073-87ec-1792083a040b with target datanode 24f0a9a7-8c50-4454-93fb-617d01933123 for container move.
2023-09-13 18:18:03,420 [main] INFO  balancer.ContainerBalancerTask (ContainerBalancerTask.java:processMoveSelection(569)) - ContainerBalancer is trying to move container #52 with size 4294967296B from source datanode 98521eea-6010-4073-87ec-1792083a040b to target datanode 24f0a9a7-8c50-4454-93fb-617d01933123
2023-09-13 18:18:03,420 [main] INFO  balancer.ContainerBalancerTask (ContainerBalancerTask.java:lambda$moveContainer$3(827)) - Container move for container #52 from source 98521eea-6010-4073-87ec-1792083a040b to target 24f0a9a7-8c50-4454-93fb-617d01933123 failed with exceptions.
java.lang.RuntimeException: Runtime Exception
	at org.apache.hadoop.hdds.scm.container.balancer.TestContainerBalancerTask.checkIterationResultException(TestContainerBalancerTask.java:1002)
	at sun.reflect.NativeMethodAccessorImpl.invoke0(Native Method)
	at sun.reflect.NativeMethodAccessorImpl.invoke(NativeMethodAccessorImpl.java:62)
	at sun.reflect.DelegatingMethodAccessorImpl.invoke(DelegatingMethodAccessorImpl.java:43)
	at java.lang.reflect.Method.invoke(Method.java:498)
	at org.junit.platform.commons.util.ReflectionUtils.invokeMethod(ReflectionUtils.java:725)
	at org.junit.jupiter.engine.execution.MethodInvocation.proceed(MethodInvocation.java:60)
	at org.junit.jupiter.engine.execution.InvocationInterceptorChain$ValidatingInvocation.proceed(InvocationInterceptorChain.java:131)
	at org.junit.jupiter.engine.extension.TimeoutExtension.intercept(TimeoutExtension.java:149)
	at org.junit.jupiter.engine.extension.TimeoutExtension.interceptTestableMethod(TimeoutExtension.java:140)
	at org.junit.jupiter.engine.extension.TimeoutExtension.interceptTestMethod(TimeoutExtension.java:84)
	at org.junit.jupiter.engine.execution.ExecutableInvoker$ReflectiveInterceptorCall.lambda$ofVoidMethod$0(ExecutableInvoker.java:115)
	at org.junit.jupiter.engine.execution.ExecutableInvoker.lambda$invoke$0(ExecutableInvoker.java:105)
	at org.junit.jupiter.engine.execution.InvocationInterceptorChain$InterceptedInvocation.proceed(InvocationInterceptorChain.java:106)
	at org.junit.jupiter.engine.execution.InvocationInterceptorChain.proceed(InvocationInterceptorChain.java:64)
	at org.junit.jupiter.engine.execution.InvocationInterceptorChain.chainAndInvoke(InvocationInterceptorChain.java:45)
	at org.junit.jupiter.engine.execution.InvocationInterceptorChain.invoke(InvocationInterceptorChain.java:37)
	at org.junit.jupiter.engine.execution.ExecutableInvoker.invoke(ExecutableInvoker.java:104)
	at org.junit.jupiter.engine.execution.ExecutableInvoker.invoke(ExecutableInvoker.java:98)
	at org.junit.jupiter.engine.descriptor.TestMethodTestDescriptor.lambda$invokeTestMethod$7(TestMethodTestDescriptor.java:214)
	at org.junit.platform.engine.support.hierarchical.ThrowableCollector.execute(ThrowableCollector.java:73)
	at org.junit.jupiter.engine.descriptor.TestMethodTestDescriptor.invokeTestMethod(TestMethodTestDescriptor.java:210)
	at org.junit.jupiter.engine.descriptor.TestMethodTestDescriptor.execute(TestMethodTestDescriptor.java:135)
	at org.junit.jupiter.engine.descriptor.TestMethodTestDescriptor.execute(TestMethodTestDescriptor.java:66)
	at org.junit.platform.engine.support.hierarchical.NodeTestTask.lambda$executeRecursively$6(NodeTestTask.java:151)
	at org.junit.platform.engine.support.hierarchical.ThrowableCollector.execute(ThrowableCollector.java:73)
	at org.junit.platform.engine.support.hierarchical.NodeTestTask.lambda$executeRecursively$8(NodeTestTask.java:141)
	at org.junit.platform.engine.support.hierarchical.Node.around(Node.java:137)
	at org.junit.platform.engine.support.hierarchical.NodeTestTask.lambda$executeRecursively$9(NodeTestTask.java:139)
	at org.junit.platform.engine.support.hierarchical.ThrowableCollector.execute(ThrowableCollector.java:73)
	at org.junit.platform.engine.support.hierarchical.NodeTestTask.executeRecursively(NodeTestTask.java:138)
	at org.junit.platform.engine.support.hierarchical.NodeTestTask.execute(NodeTestTask.java:95)
	at java.util.ArrayList.forEach(ArrayList.java:1259)
	at org.junit.platform.engine.support.hierarchical.SameThreadHierarchicalTestExecutorService.invokeAll(SameThreadHierarchicalTestExecutorService.java:41)
	at org.junit.platform.engine.support.hierarchical.NodeTestTask.lambda$executeRecursively$6(NodeTestTask.java:155)
	at org.junit.platform.engine.support.hierarchical.ThrowableCollector.execute(ThrowableCollector.java:73)
	at org.junit.platform.engine.support.hierarchical.NodeTestTask.lambda$executeRecursively$8(NodeTestTask.java:141)
	at org.junit.platform.engine.support.hierarchical.Node.around(Node.java:137)
	at org.junit.platform.engine.support.hierarchical.NodeTestTask.lambda$executeRecursively$9(NodeTestTask.java:139)
	at org.junit.platform.engine.support.hierarchical.ThrowableCollector.execute(ThrowableCollector.java:73)
	at org.junit.platform.engine.support.hierarchical.NodeTestTask.executeRecursively(NodeTestTask.java:138)
	at org.junit.platform.engine.support.hierarchical.NodeTestTask.execute(NodeTestTask.java:95)
	at java.util.ArrayList.forEach(ArrayList.java:1259)
	at org.junit.platform.engine.support.hierarchical.SameThreadHierarchicalTestExecutorService.invokeAll(SameThreadHierarchicalTestExecutorService.java:41)
	at org.junit.platform.engine.support.hierarchical.NodeTestTask.lambda$executeRecursively$6(NodeTestTask.java:155)
	at org.junit.platform.engine.support.hierarchical.ThrowableCollector.execute(ThrowableCollector.java:73)
	at org.junit.platform.engine.support.hierarchical.NodeTestTask.lambda$executeRecursively$8(NodeTestTask.java:141)
	at org.junit.platform.engine.support.hierarchical.Node.around(Node.java:137)
	at org.junit.platform.engine.support.hierarchical.NodeTestTask.lambda$executeRecursively$9(NodeTestTask.java:139)
	at org.junit.platform.engine.support.hierarchical.ThrowableCollector.execute(ThrowableCollector.java:73)
	at org.junit.platform.engine.support.hierarchical.NodeTestTask.executeRecursively(NodeTestTask.java:138)
	at org.junit.platform.engine.support.hierarchical.NodeTestTask.execute(NodeTestTask.java:95)
	at org.junit.platform.engine.support.hierarchical.SameThreadHierarchicalTestExecutorService.submit(SameThreadHierarchicalTestExecutorService.java:35)
	at org.junit.platform.engine.support.hierarchical.HierarchicalTestExecutor.execute(HierarchicalTestExecutor.java:57)
	at org.junit.platform.engine.support.hierarchical.HierarchicalTestEngine.execute(HierarchicalTestEngine.java:54)
	at org.junit.platform.launcher.core.EngineExecutionOrchestrator.execute(EngineExecutionOrchestrator.java:107)
	at org.junit.platform.launcher.core.EngineExecutionOrchestrator.execute(EngineExecutionOrchestrator.java:88)
	at org.junit.platform.launcher.core.EngineExecutionOrchestrator.lambda$execute$0(EngineExecutionOrchestrator.java:54)
	at org.junit.platform.launcher.core.EngineExecutionOrchestrator.withInterceptedStreams(EngineExecutionOrchestrator.java:67)
	at org.junit.platform.launcher.core.EngineExecutionOrchestrator.execute(EngineExecutionOrchestrator.java:52)
	at org.junit.platform.launcher.core.DefaultLauncher.execute(DefaultLauncher.java:114)
	at org.junit.platform.launcher.core.DefaultLauncher.execute(DefaultLauncher.java:86)
	at org.junit.platform.launcher.core.DefaultLauncherSession$DelegatingLauncher.execute(DefaultLauncherSession.java:86)
	at org.junit.platform.launcher.core.SessionPerRequestLauncher.execute(SessionPerRequestLauncher.java:53)
	at org.apache.maven.surefire.junitplatform.JUnitPlatformProvider.execute(JUnitPlatformProvider.java:188)
	at org.apache.maven.surefire.junitplatform.JUnitPlatformProvider.invokeAllTests(JUnitPlatformProvider.java:154)
	at org.apache.maven.surefire.junitplatform.JUnitPlatformProvider.invoke(JUnitPlatformProvider.java:124)
	at org.apache.maven.surefire.booter.ForkedBooter.runSuitesInProcess(ForkedBooter.java:428)
	at org.apache.maven.surefire.booter.ForkedBooter.execute(ForkedBooter.java:162)
	at org.apache.maven.surefire.booter.ForkedBooter.run(ForkedBooter.java:562)
	at org.apache.maven.surefire.booter.ForkedBooter.main(ForkedBooter.java:548)
2023-09-13 18:18:03,423 [main] DEBUG balancer.ContainerBalancerTask (ContainerBalancerTask.java:matchSourceWithTarget(708)) - ContainerBalancer is finding suitable target for source datanode f06514ec-df7b-4b09-83ce-90ccdc94408f
2023-09-13 18:18:03,423 [main] INFO  balancer.ContainerBalancerTask (ContainerBalancerTask.java:matchSourceWithTarget(722)) - ContainerBalancer matched source datanode f06514ec-df7b-4b09-83ce-90ccdc94408f with target datanode 24f0a9a7-8c50-4454-93fb-617d01933123 for container move.
2023-09-13 18:18:03,423 [main] INFO  balancer.ContainerBalancerTask (ContainerBalancerTask.java:processMoveSelection(569)) - ContainerBalancer is trying to move container #40 with size 5368709120B from source datanode f06514ec-df7b-4b09-83ce-90ccdc94408f to target datanode 24f0a9a7-8c50-4454-93fb-617d01933123
2023-09-13 18:18:03,423 [main] INFO  balancer.ContainerBalancerTask (ContainerBalancerTask.java:lambda$moveContainer$3(827)) - Container move for container #40 from source f06514ec-df7b-4b09-83ce-90ccdc94408f to target 24f0a9a7-8c50-4454-93fb-617d01933123 failed with exceptions.
java.lang.RuntimeException: Runtime Exception
	at org.apache.hadoop.hdds.scm.container.balancer.TestContainerBalancerTask.checkIterationResultException(TestContainerBalancerTask.java:1002)
	at sun.reflect.NativeMethodAccessorImpl.invoke0(Native Method)
	at sun.reflect.NativeMethodAccessorImpl.invoke(NativeMethodAccessorImpl.java:62)
	at sun.reflect.DelegatingMethodAccessorImpl.invoke(DelegatingMethodAccessorImpl.java:43)
	at java.lang.reflect.Method.invoke(Method.java:498)
	at org.junit.platform.commons.util.ReflectionUtils.invokeMethod(ReflectionUtils.java:725)
	at org.junit.jupiter.engine.execution.MethodInvocation.proceed(MethodInvocation.java:60)
	at org.junit.jupiter.engine.execution.InvocationInterceptorChain$ValidatingInvocation.proceed(InvocationInterceptorChain.java:131)
	at org.junit.jupiter.engine.extension.TimeoutExtension.intercept(TimeoutExtension.java:149)
	at org.junit.jupiter.engine.extension.TimeoutExtension.interceptTestableMethod(TimeoutExtension.java:140)
	at org.junit.jupiter.engine.extension.TimeoutExtension.interceptTestMethod(TimeoutExtension.java:84)
	at org.junit.jupiter.engine.execution.ExecutableInvoker$ReflectiveInterceptorCall.lambda$ofVoidMethod$0(ExecutableInvoker.java:115)
	at org.junit.jupiter.engine.execution.ExecutableInvoker.lambda$invoke$0(ExecutableInvoker.java:105)
	at org.junit.jupiter.engine.execution.InvocationInterceptorChain$InterceptedInvocation.proceed(InvocationInterceptorChain.java:106)
	at org.junit.jupiter.engine.execution.InvocationInterceptorChain.proceed(InvocationInterceptorChain.java:64)
	at org.junit.jupiter.engine.execution.InvocationInterceptorChain.chainAndInvoke(InvocationInterceptorChain.java:45)
	at org.junit.jupiter.engine.execution.InvocationInterceptorChain.invoke(InvocationInterceptorChain.java:37)
	at org.junit.jupiter.engine.execution.ExecutableInvoker.invoke(ExecutableInvoker.java:104)
	at org.junit.jupiter.engine.execution.ExecutableInvoker.invoke(ExecutableInvoker.java:98)
	at org.junit.jupiter.engine.descriptor.TestMethodTestDescriptor.lambda$invokeTestMethod$7(TestMethodTestDescriptor.java:214)
	at org.junit.platform.engine.support.hierarchical.ThrowableCollector.execute(ThrowableCollector.java:73)
	at org.junit.jupiter.engine.descriptor.TestMethodTestDescriptor.invokeTestMethod(TestMethodTestDescriptor.java:210)
	at org.junit.jupiter.engine.descriptor.TestMethodTestDescriptor.execute(TestMethodTestDescriptor.java:135)
	at org.junit.jupiter.engine.descriptor.TestMethodTestDescriptor.execute(TestMethodTestDescriptor.java:66)
	at org.junit.platform.engine.support.hierarchical.NodeTestTask.lambda$executeRecursively$6(NodeTestTask.java:151)
	at org.junit.platform.engine.support.hierarchical.ThrowableCollector.execute(ThrowableCollector.java:73)
	at org.junit.platform.engine.support.hierarchical.NodeTestTask.lambda$executeRecursively$8(NodeTestTask.java:141)
	at org.junit.platform.engine.support.hierarchical.Node.around(Node.java:137)
	at org.junit.platform.engine.support.hierarchical.NodeTestTask.lambda$executeRecursively$9(NodeTestTask.java:139)
	at org.junit.platform.engine.support.hierarchical.ThrowableCollector.execute(ThrowableCollector.java:73)
	at org.junit.platform.engine.support.hierarchical.NodeTestTask.executeRecursively(NodeTestTask.java:138)
	at org.junit.platform.engine.support.hierarchical.NodeTestTask.execute(NodeTestTask.java:95)
	at java.util.ArrayList.forEach(ArrayList.java:1259)
	at org.junit.platform.engine.support.hierarchical.SameThreadHierarchicalTestExecutorService.invokeAll(SameThreadHierarchicalTestExecutorService.java:41)
	at org.junit.platform.engine.support.hierarchical.NodeTestTask.lambda$executeRecursively$6(NodeTestTask.java:155)
	at org.junit.platform.engine.support.hierarchical.ThrowableCollector.execute(ThrowableCollector.java:73)
	at org.junit.platform.engine.support.hierarchical.NodeTestTask.lambda$executeRecursively$8(NodeTestTask.java:141)
	at org.junit.platform.engine.support.hierarchical.Node.around(Node.java:137)
	at org.junit.platform.engine.support.hierarchical.NodeTestTask.lambda$executeRecursively$9(NodeTestTask.java:139)
	at org.junit.platform.engine.support.hierarchical.ThrowableCollector.execute(ThrowableCollector.java:73)
	at org.junit.platform.engine.support.hierarchical.NodeTestTask.executeRecursively(NodeTestTask.java:138)
	at org.junit.platform.engine.support.hierarchical.NodeTestTask.execute(NodeTestTask.java:95)
	at java.util.ArrayList.forEach(ArrayList.java:1259)
	at org.junit.platform.engine.support.hierarchical.SameThreadHierarchicalTestExecutorService.invokeAll(SameThreadHierarchicalTestExecutorService.java:41)
	at org.junit.platform.engine.support.hierarchical.NodeTestTask.lambda$executeRecursively$6(NodeTestTask.java:155)
	at org.junit.platform.engine.support.hierarchical.ThrowableCollector.execute(ThrowableCollector.java:73)
	at org.junit.platform.engine.support.hierarchical.NodeTestTask.lambda$executeRecursively$8(NodeTestTask.java:141)
	at org.junit.platform.engine.support.hierarchical.Node.around(Node.java:137)
	at org.junit.platform.engine.support.hierarchical.NodeTestTask.lambda$executeRecursively$9(NodeTestTask.java:139)
	at org.junit.platform.engine.support.hierarchical.ThrowableCollector.execute(ThrowableCollector.java:73)
	at org.junit.platform.engine.support.hierarchical.NodeTestTask.executeRecursively(NodeTestTask.java:138)
	at org.junit.platform.engine.support.hierarchical.NodeTestTask.execute(NodeTestTask.java:95)
	at org.junit.platform.engine.support.hierarchical.SameThreadHierarchicalTestExecutorService.submit(SameThreadHierarchicalTestExecutorService.java:35)
	at org.junit.platform.engine.support.hierarchical.HierarchicalTestExecutor.execute(HierarchicalTestExecutor.java:57)
	at org.junit.platform.engine.support.hierarchical.HierarchicalTestEngine.execute(HierarchicalTestEngine.java:54)
	at org.junit.platform.launcher.core.EngineExecutionOrchestrator.execute(EngineExecutionOrchestrator.java:107)
	at org.junit.platform.launcher.core.EngineExecutionOrchestrator.execute(EngineExecutionOrchestrator.java:88)
	at org.junit.platform.launcher.core.EngineExecutionOrchestrator.lambda$execute$0(EngineExecutionOrchestrator.java:54)
	at org.junit.platform.launcher.core.EngineExecutionOrchestrator.withInterceptedStreams(EngineExecutionOrchestrator.java:67)
	at org.junit.platform.launcher.core.EngineExecutionOrchestrator.execute(EngineExecutionOrchestrator.java:52)
	at org.junit.platform.launcher.core.DefaultLauncher.execute(DefaultLauncher.java:114)
	at org.junit.platform.launcher.core.DefaultLauncher.execute(DefaultLauncher.java:86)
	at org.junit.platform.launcher.core.DefaultLauncherSession$DelegatingLauncher.execute(DefaultLauncherSession.java:86)
	at org.junit.platform.launcher.core.SessionPerRequestLauncher.execute(SessionPerRequestLauncher.java:53)
	at org.apache.maven.surefire.junitplatform.JUnitPlatformProvider.execute(JUnitPlatformProvider.java:188)
	at org.apache.maven.surefire.junitplatform.JUnitPlatformProvider.invokeAllTests(JUnitPlatformProvider.java:154)
	at org.apache.maven.surefire.junitplatform.JUnitPlatformProvider.invoke(JUnitPlatformProvider.java:124)
	at org.apache.maven.surefire.booter.ForkedBooter.runSuitesInProcess(ForkedBooter.java:428)
	at org.apache.maven.surefire.booter.ForkedBooter.execute(ForkedBooter.java:162)
	at org.apache.maven.surefire.booter.ForkedBooter.run(ForkedBooter.java:562)
	at org.apache.maven.surefire.booter.ForkedBooter.main(ForkedBooter.java:548)
2023-09-13 18:18:03,426 [main] DEBUG balancer.ContainerBalancerTask (ContainerBalancerTask.java:matchSourceWithTarget(708)) - ContainerBalancer is finding suitable target for source datanode 8a1e46a6-2e99-4504-851c-3de018a88e91
2023-09-13 18:18:03,426 [main] INFO  balancer.ContainerBalancerTask (ContainerBalancerTask.java:matchSourceWithTarget(722)) - ContainerBalancer matched source datanode 8a1e46a6-2e99-4504-851c-3de018a88e91 with target datanode 24f0a9a7-8c50-4454-93fb-617d01933123 for container move.
2023-09-13 18:18:03,426 [main] INFO  balancer.ContainerBalancerTask (ContainerBalancerTask.java:processMoveSelection(569)) - ContainerBalancer is trying to move container #68 with size 5368709120B from source datanode 8a1e46a6-2e99-4504-851c-3de018a88e91 to target datanode 24f0a9a7-8c50-4454-93fb-617d01933123
2023-09-13 18:18:03,426 [main] INFO  balancer.ContainerBalancerTask (ContainerBalancerTask.java:lambda$moveContainer$3(827)) - Container move for container #68 from source 8a1e46a6-2e99-4504-851c-3de018a88e91 to target 24f0a9a7-8c50-4454-93fb-617d01933123 failed with exceptions.
java.lang.RuntimeException: Runtime Exception
	at org.apache.hadoop.hdds.scm.container.balancer.TestContainerBalancerTask.checkIterationResultException(TestContainerBalancerTask.java:1002)
	at sun.reflect.NativeMethodAccessorImpl.invoke0(Native Method)
	at sun.reflect.NativeMethodAccessorImpl.invoke(NativeMethodAccessorImpl.java:62)
	at sun.reflect.DelegatingMethodAccessorImpl.invoke(DelegatingMethodAccessorImpl.java:43)
	at java.lang.reflect.Method.invoke(Method.java:498)
	at org.junit.platform.commons.util.ReflectionUtils.invokeMethod(ReflectionUtils.java:725)
	at org.junit.jupiter.engine.execution.MethodInvocation.proceed(MethodInvocation.java:60)
	at org.junit.jupiter.engine.execution.InvocationInterceptorChain$ValidatingInvocation.proceed(InvocationInterceptorChain.java:131)
	at org.junit.jupiter.engine.extension.TimeoutExtension.intercept(TimeoutExtension.java:149)
	at org.junit.jupiter.engine.extension.TimeoutExtension.interceptTestableMethod(TimeoutExtension.java:140)
	at org.junit.jupiter.engine.extension.TimeoutExtension.interceptTestMethod(TimeoutExtension.java:84)
	at org.junit.jupiter.engine.execution.ExecutableInvoker$ReflectiveInterceptorCall.lambda$ofVoidMethod$0(ExecutableInvoker.java:115)
	at org.junit.jupiter.engine.execution.ExecutableInvoker.lambda$invoke$0(ExecutableInvoker.java:105)
	at org.junit.jupiter.engine.execution.InvocationInterceptorChain$InterceptedInvocation.proceed(InvocationInterceptorChain.java:106)
	at org.junit.jupiter.engine.execution.InvocationInterceptorChain.proceed(InvocationInterceptorChain.java:64)
	at org.junit.jupiter.engine.execution.InvocationInterceptorChain.chainAndInvoke(InvocationInterceptorChain.java:45)
	at org.junit.jupiter.engine.execution.InvocationInterceptorChain.invoke(InvocationInterceptorChain.java:37)
	at org.junit.jupiter.engine.execution.ExecutableInvoker.invoke(ExecutableInvoker.java:104)
	at org.junit.jupiter.engine.execution.ExecutableInvoker.invoke(ExecutableInvoker.java:98)
	at org.junit.jupiter.engine.descriptor.TestMethodTestDescriptor.lambda$invokeTestMethod$7(TestMethodTestDescriptor.java:214)
	at org.junit.platform.engine.support.hierarchical.ThrowableCollector.execute(ThrowableCollector.java:73)
	at org.junit.jupiter.engine.descriptor.TestMethodTestDescriptor.invokeTestMethod(TestMethodTestDescriptor.java:210)
	at org.junit.jupiter.engine.descriptor.TestMethodTestDescriptor.execute(TestMethodTestDescriptor.java:135)
	at org.junit.jupiter.engine.descriptor.TestMethodTestDescriptor.execute(TestMethodTestDescriptor.java:66)
	at org.junit.platform.engine.support.hierarchical.NodeTestTask.lambda$executeRecursively$6(NodeTestTask.java:151)
	at org.junit.platform.engine.support.hierarchical.ThrowableCollector.execute(ThrowableCollector.java:73)
	at org.junit.platform.engine.support.hierarchical.NodeTestTask.lambda$executeRecursively$8(NodeTestTask.java:141)
	at org.junit.platform.engine.support.hierarchical.Node.around(Node.java:137)
	at org.junit.platform.engine.support.hierarchical.NodeTestTask.lambda$executeRecursively$9(NodeTestTask.java:139)
	at org.junit.platform.engine.support.hierarchical.ThrowableCollector.execute(ThrowableCollector.java:73)
	at org.junit.platform.engine.support.hierarchical.NodeTestTask.executeRecursively(NodeTestTask.java:138)
	at org.junit.platform.engine.support.hierarchical.NodeTestTask.execute(NodeTestTask.java:95)
	at java.util.ArrayList.forEach(ArrayList.java:1259)
	at org.junit.platform.engine.support.hierarchical.SameThreadHierarchicalTestExecutorService.invokeAll(SameThreadHierarchicalTestExecutorService.java:41)
	at org.junit.platform.engine.support.hierarchical.NodeTestTask.lambda$executeRecursively$6(NodeTestTask.java:155)
	at org.junit.platform.engine.support.hierarchical.ThrowableCollector.execute(ThrowableCollector.java:73)
	at org.junit.platform.engine.support.hierarchical.NodeTestTask.lambda$executeRecursively$8(NodeTestTask.java:141)
	at org.junit.platform.engine.support.hierarchical.Node.around(Node.java:137)
	at org.junit.platform.engine.support.hierarchical.NodeTestTask.lambda$executeRecursively$9(NodeTestTask.java:139)
	at org.junit.platform.engine.support.hierarchical.ThrowableCollector.execute(ThrowableCollector.java:73)
	at org.junit.platform.engine.support.hierarchical.NodeTestTask.executeRecursively(NodeTestTask.java:138)
	at org.junit.platform.engine.support.hierarchical.NodeTestTask.execute(NodeTestTask.java:95)
	at java.util.ArrayList.forEach(ArrayList.java:1259)
	at org.junit.platform.engine.support.hierarchical.SameThreadHierarchicalTestExecutorService.invokeAll(SameThreadHierarchicalTestExecutorService.java:41)
	at org.junit.platform.engine.support.hierarchical.NodeTestTask.lambda$executeRecursively$6(NodeTestTask.java:155)
	at org.junit.platform.engine.support.hierarchical.ThrowableCollector.execute(ThrowableCollector.java:73)
	at org.junit.platform.engine.support.hierarchical.NodeTestTask.lambda$executeRecursively$8(NodeTestTask.java:141)
	at org.junit.platform.engine.support.hierarchical.Node.around(Node.java:137)
	at org.junit.platform.engine.support.hierarchical.NodeTestTask.lambda$executeRecursively$9(NodeTestTask.java:139)
	at org.junit.platform.engine.support.hierarchical.ThrowableCollector.execute(ThrowableCollector.java:73)
	at org.junit.platform.engine.support.hierarchical.NodeTestTask.executeRecursively(NodeTestTask.java:138)
	at org.junit.platform.engine.support.hierarchical.NodeTestTask.execute(NodeTestTask.java:95)
	at org.junit.platform.engine.support.hierarchical.SameThreadHierarchicalTestExecutorService.submit(SameThreadHierarchicalTestExecutorService.java:35)
	at org.junit.platform.engine.support.hierarchical.HierarchicalTestExecutor.execute(HierarchicalTestExecutor.java:57)
	at org.junit.platform.engine.support.hierarchical.HierarchicalTestEngine.execute(HierarchicalTestEngine.java:54)
	at org.junit.platform.launcher.core.EngineExecutionOrchestrator.execute(EngineExecutionOrchestrator.java:107)
	at org.junit.platform.launcher.core.EngineExecutionOrchestrator.execute(EngineExecutionOrchestrator.java:88)
	at org.junit.platform.launcher.core.EngineExecutionOrchestrator.lambda$execute$0(EngineExecutionOrchestrator.java:54)
	at org.junit.platform.launcher.core.EngineExecutionOrchestrator.withInterceptedStreams(EngineExecutionOrchestrator.java:67)
	at org.junit.platform.launcher.core.EngineExecutionOrchestrator.execute(EngineExecutionOrchestrator.java:52)
	at org.junit.platform.launcher.core.DefaultLauncher.execute(DefaultLauncher.java:114)
	at org.junit.platform.launcher.core.DefaultLauncher.execute(DefaultLauncher.java:86)
	at org.junit.platform.launcher.core.DefaultLauncherSession$DelegatingLauncher.execute(DefaultLauncherSession.java:86)
	at org.junit.platform.launcher.core.SessionPerRequestLauncher.execute(SessionPerRequestLauncher.java:53)
	at org.apache.maven.surefire.junitplatform.JUnitPlatformProvider.execute(JUnitPlatformProvider.java:188)
	at org.apache.maven.surefire.junitplatform.JUnitPlatformProvider.invokeAllTests(JUnitPlatformProvider.java:154)
	at org.apache.maven.surefire.junitplatform.JUnitPlatformProvider.invoke(JUnitPlatformProvider.java:124)
	at org.apache.maven.surefire.booter.ForkedBooter.runSuitesInProcess(ForkedBooter.java:428)
	at org.apache.maven.surefire.booter.ForkedBooter.execute(ForkedBooter.java:162)
	at org.apache.maven.surefire.booter.ForkedBooter.run(ForkedBooter.java:562)
	at org.apache.maven.surefire.booter.ForkedBooter.main(ForkedBooter.java:548)
2023-09-13 18:18:03,434 [main] INFO  balancer.FindSourceGreedy (FindSourceGreedy.java:getNextCandidateSourceDataNode(126)) - no more candidate source data node
2023-09-13 18:18:03,434 [main] ERROR balancer.ContainerBalancerTask (ContainerBalancerTask.java:checkIterationMoveResults(623)) - Got exception while checkIterationMoveResults
java.util.concurrent.ExecutionException: java.lang.RuntimeException: Runtime Exception after doing work
	at java.util.concurrent.CompletableFuture.reportGet(CompletableFuture.java:357)
	at java.util.concurrent.CompletableFuture.get(CompletableFuture.java:1928)
	at org.apache.hadoop.hdds.scm.container.balancer.ContainerBalancerTask.checkIterationMoveResults(ContainerBalancerTask.java:613)
	at org.apache.hadoop.hdds.scm.container.balancer.ContainerBalancerTask.checkIterationResults(ContainerBalancerTask.java:600)
	at org.apache.hadoop.hdds.scm.container.balancer.ContainerBalancerTask.doIteration(ContainerBalancerTask.java:543)
	at org.apache.hadoop.hdds.scm.container.balancer.ContainerBalancerTask.balance(ContainerBalancerTask.java:257)
	at org.apache.hadoop.hdds.scm.container.balancer.ContainerBalancerTask.run(ContainerBalancerTask.java:179)
	at org.apache.hadoop.hdds.scm.container.balancer.TestContainerBalancerTask.startBalancer(TestContainerBalancerTask.java:1321)
	at org.apache.hadoop.hdds.scm.container.balancer.TestContainerBalancerTask.checkIterationResultException(TestContainerBalancerTask.java:1024)
	at sun.reflect.NativeMethodAccessorImpl.invoke0(Native Method)
	at sun.reflect.NativeMethodAccessorImpl.invoke(NativeMethodAccessorImpl.java:62)
	at sun.reflect.DelegatingMethodAccessorImpl.invoke(DelegatingMethodAccessorImpl.java:43)
	at java.lang.reflect.Method.invoke(Method.java:498)
	at org.junit.platform.commons.util.ReflectionUtils.invokeMethod(ReflectionUtils.java:725)
	at org.junit.jupiter.engine.execution.MethodInvocation.proceed(MethodInvocation.java:60)
	at org.junit.jupiter.engine.execution.InvocationInterceptorChain$ValidatingInvocation.proceed(InvocationInterceptorChain.java:131)
	at org.junit.jupiter.engine.extension.TimeoutExtension.intercept(TimeoutExtension.java:149)
	at org.junit.jupiter.engine.extension.TimeoutExtension.interceptTestableMethod(TimeoutExtension.java:140)
	at org.junit.jupiter.engine.extension.TimeoutExtension.interceptTestMethod(TimeoutExtension.java:84)
	at org.junit.jupiter.engine.execution.ExecutableInvoker$ReflectiveInterceptorCall.lambda$ofVoidMethod$0(ExecutableInvoker.java:115)
	at org.junit.jupiter.engine.execution.ExecutableInvoker.lambda$invoke$0(ExecutableInvoker.java:105)
	at org.junit.jupiter.engine.execution.InvocationInterceptorChain$InterceptedInvocation.proceed(InvocationInterceptorChain.java:106)
	at org.junit.jupiter.engine.execution.InvocationInterceptorChain.proceed(InvocationInterceptorChain.java:64)
	at org.junit.jupiter.engine.execution.InvocationInterceptorChain.chainAndInvoke(InvocationInterceptorChain.java:45)
	at org.junit.jupiter.engine.execution.InvocationInterceptorChain.invoke(InvocationInterceptorChain.java:37)
	at org.junit.jupiter.engine.execution.ExecutableInvoker.invoke(ExecutableInvoker.java:104)
	at org.junit.jupiter.engine.execution.ExecutableInvoker.invoke(ExecutableInvoker.java:98)
	at org.junit.jupiter.engine.descriptor.TestMethodTestDescriptor.lambda$invokeTestMethod$7(TestMethodTestDescriptor.java:214)
	at org.junit.platform.engine.support.hierarchical.ThrowableCollector.execute(ThrowableCollector.java:73)
	at org.junit.jupiter.engine.descriptor.TestMethodTestDescriptor.invokeTestMethod(TestMethodTestDescriptor.java:210)
	at org.junit.jupiter.engine.descriptor.TestMethodTestDescriptor.execute(TestMethodTestDescriptor.java:135)
	at org.junit.jupiter.engine.descriptor.TestMethodTestDescriptor.execute(TestMethodTestDescriptor.java:66)
	at org.junit.platform.engine.support.hierarchical.NodeTestTask.lambda$executeRecursively$6(NodeTestTask.java:151)
	at org.junit.platform.engine.support.hierarchical.ThrowableCollector.execute(ThrowableCollector.java:73)
	at org.junit.platform.engine.support.hierarchical.NodeTestTask.lambda$executeRecursively$8(NodeTestTask.java:141)
	at org.junit.platform.engine.support.hierarchical.Node.around(Node.java:137)
	at org.junit.platform.engine.support.hierarchical.NodeTestTask.lambda$executeRecursively$9(NodeTestTask.java:139)
	at org.junit.platform.engine.support.hierarchical.ThrowableCollector.execute(ThrowableCollector.java:73)
	at org.junit.platform.engine.support.hierarchical.NodeTestTask.executeRecursively(NodeTestTask.java:138)
	at org.junit.platform.engine.support.hierarchical.NodeTestTask.execute(NodeTestTask.java:95)
	at java.util.ArrayList.forEach(ArrayList.java:1259)
	at org.junit.platform.engine.support.hierarchical.SameThreadHierarchicalTestExecutorService.invokeAll(SameThreadHierarchicalTestExecutorService.java:41)
	at org.junit.platform.engine.support.hierarchical.NodeTestTask.lambda$executeRecursively$6(NodeTestTask.java:155)
	at org.junit.platform.engine.support.hierarchical.ThrowableCollector.execute(ThrowableCollector.java:73)
	at org.junit.platform.engine.support.hierarchical.NodeTestTask.lambda$executeRecursively$8(NodeTestTask.java:141)
	at org.junit.platform.engine.support.hierarchical.Node.around(Node.java:137)
	at org.junit.platform.engine.support.hierarchical.NodeTestTask.lambda$executeRecursively$9(NodeTestTask.java:139)
	at org.junit.platform.engine.support.hierarchical.ThrowableCollector.execute(ThrowableCollector.java:73)
	at org.junit.platform.engine.support.hierarchical.NodeTestTask.executeRecursively(NodeTestTask.java:138)
	at org.junit.platform.engine.support.hierarchical.NodeTestTask.execute(NodeTestTask.java:95)
	at java.util.ArrayList.forEach(ArrayList.java:1259)
	at org.junit.platform.engine.support.hierarchical.SameThreadHierarchicalTestExecutorService.invokeAll(SameThreadHierarchicalTestExecutorService.java:41)
	at org.junit.platform.engine.support.hierarchical.NodeTestTask.lambda$executeRecursively$6(NodeTestTask.java:155)
	at org.junit.platform.engine.support.hierarchical.ThrowableCollector.execute(ThrowableCollector.java:73)
	at org.junit.platform.engine.support.hierarchical.NodeTestTask.lambda$executeRecursively$8(NodeTestTask.java:141)
	at org.junit.platform.engine.support.hierarchical.Node.around(Node.java:137)
	at org.junit.platform.engine.support.hierarchical.NodeTestTask.lambda$executeRecursively$9(NodeTestTask.java:139)
	at org.junit.platform.engine.support.hierarchical.ThrowableCollector.execute(ThrowableCollector.java:73)
	at org.junit.platform.engine.support.hierarchical.NodeTestTask.executeRecursively(NodeTestTask.java:138)
	at org.junit.platform.engine.support.hierarchical.NodeTestTask.execute(NodeTestTask.java:95)
	at org.junit.platform.engine.support.hierarchical.SameThreadHierarchicalTestExecutorService.submit(SameThreadHierarchicalTestExecutorService.java:35)
	at org.junit.platform.engine.support.hierarchical.HierarchicalTestExecutor.execute(HierarchicalTestExecutor.java:57)
	at org.junit.platform.engine.support.hierarchical.HierarchicalTestEngine.execute(HierarchicalTestEngine.java:54)
	at org.junit.platform.launcher.core.EngineExecutionOrchestrator.execute(EngineExecutionOrchestrator.java:107)
	at org.junit.platform.launcher.core.EngineExecutionOrchestrator.execute(EngineExecutionOrchestrator.java:88)
	at org.junit.platform.launcher.core.EngineExecutionOrchestrator.lambda$execute$0(EngineExecutionOrchestrator.java:54)
	at org.junit.platform.launcher.core.EngineExecutionOrchestrator.withInterceptedStreams(EngineExecutionOrchestrator.java:67)
	at org.junit.platform.launcher.core.EngineExecutionOrchestrator.execute(EngineExecutionOrchestrator.java:52)
	at org.junit.platform.launcher.core.DefaultLauncher.execute(DefaultLauncher.java:114)
	at org.junit.platform.launcher.core.DefaultLauncher.execute(DefaultLauncher.java:86)
	at org.junit.platform.launcher.core.DefaultLauncherSession$DelegatingLauncher.execute(DefaultLauncherSession.java:86)
	at org.junit.platform.launcher.core.SessionPerRequestLauncher.execute(SessionPerRequestLauncher.java:53)
	at org.apache.maven.surefire.junitplatform.JUnitPlatformProvider.execute(JUnitPlatformProvider.java:188)
	at org.apache.maven.surefire.junitplatform.JUnitPlatformProvider.invokeAllTests(JUnitPlatformProvider.java:154)
	at org.apache.maven.surefire.junitplatform.JUnitPlatformProvider.invoke(JUnitPlatformProvider.java:124)
	at org.apache.maven.surefire.booter.ForkedBooter.runSuitesInProcess(ForkedBooter.java:428)
	at org.apache.maven.surefire.booter.ForkedBooter.execute(ForkedBooter.java:162)
	at org.apache.maven.surefire.booter.ForkedBooter.run(ForkedBooter.java:562)
	at org.apache.maven.surefire.booter.ForkedBooter.main(ForkedBooter.java:548)
Caused by: java.lang.RuntimeException: Runtime Exception after doing work
	at org.apache.hadoop.hdds.scm.container.balancer.TestContainerBalancerTask.lambda$checkIterationResultException$10(TestContainerBalancerTask.java:1011)
	at java.util.concurrent.CompletableFuture$AsyncSupply.run(CompletableFuture.java:1604)
	at java.lang.Thread.run(Thread.java:750)
2023-09-13 18:18:03,435 [main] INFO  balancer.ContainerBalancerTask (ContainerBalancerTask.java:checkIterationMoveResults(642)) - Iteration Summary. Number of Datanodes involved: 2. Size moved: 0 B (0 Bytes). Number of Container moves completed: 0.
2023-09-13 18:18:03,436 [main] INFO  balancer.ContainerBalancerTask (ContainerBalancerTask.java:balance(259)) - Result of this iteration of Container Balancer: ITERATION_COMPLETED
2023-09-13 18:18:03,436 [main] INFO  balancer.ContainerBalancerTask (ContainerBalancerTask.java:tryStopWithSaveConfiguration(308)) - Save Configuration for stopping. Reason: Completed all iterations.
2023-09-13 18:18:03,437 [main] DEBUG balancer.ContainerBalancerTask (ContainerBalancerTask.java:initializeIteration(374)) - Average utilization of the cluster is 0.3214933778292992
2023-09-13 18:18:03,438 [main] DEBUG balancer.ContainerBalancerTask (ContainerBalancerTask.java:initializeIteration(386)) - Lower limit for utilization is 0.2214933778292992 and Upper limit for utilization is 0.4214933778292992
2023-09-13 18:18:03,438 [main] DEBUG balancer.ContainerBalancerTask (ContainerBalancerTask.java:initializeIteration(398)) - Utilization for node 70d56bc7-95c4-4264-979a-076238b3325f with capacity 50107951786B, used 45097156608B, and remaining 5010795178B is 0.9000000000119741
2023-09-13 18:18:03,438 [main] DEBUG balancer.ContainerBalancerTask (ContainerBalancerTask.java:initializeIteration(398)) - Utilization for node df32645a-e7a6-42ac-a1fc-930b3d890105 with capacity 83214991360B, used 66571993088B, and remaining 16642998272B is 0.8
2023-09-13 18:18:03,438 [main] DEBUG balancer.ContainerBalancerTask (ContainerBalancerTask.java:initializeIteration(398)) - Utilization for node 98521eea-6010-4073-87ec-1792083a040b with capacity 59822758765B, used 41875931136B, and remaining 17946827629B is 0.700000000008358
2023-09-13 18:18:03,438 [main] DEBUG balancer.ContainerBalancerTask (ContainerBalancerTask.java:initializeIteration(398)) - Utilization for node f06514ec-df7b-4b09-83ce-90ccdc94408f with capacity 71582788266B, used 42949672960B, and remaining 28633115306B is 0.600000000005588
2023-09-13 18:18:03,438 [main] DEBUG balancer.ContainerBalancerTask (ContainerBalancerTask.java:initializeIteration(398)) - Utilization for node 8a1e46a6-2e99-4504-851c-3de018a88e91 with capacity 88046829568B, used 44023414784B, and remaining 44023414784B is 0.5
2023-09-13 18:18:03,438 [main] DEBUG balancer.ContainerBalancerTask (ContainerBalancerTask.java:initializeIteration(398)) - Utilization for node 8b3f8783-e66d-4963-8742-072a374b021d with capacity 96636764160B, used 38654705664B, and remaining 57982058496B is 0.4
2023-09-13 18:18:03,438 [main] DEBUG balancer.ContainerBalancerTask (ContainerBalancerTask.java:initializeIteration(398)) - Utilization for node f6b48df4-5caa-4923-b970-c45fd26eec1f with capacity 96636764160B, used 28991029248B, and remaining 67645734912B is 0.3
2023-09-13 18:18:03,438 [main] DEBUG balancer.ContainerBalancerTask (ContainerBalancerTask.java:initializeIteration(398)) - Utilization for node 2344c759-ac9d-4dc0-b946-9150524f9dd2 with capacity 230854492160B, used 46170898432B, and remaining 184683593728B is 0.2
2023-09-13 18:18:03,438 [main] DEBUG balancer.ContainerBalancerTask (ContainerBalancerTask.java:initializeIteration(398)) - Utilization for node 58513628-2155-4e31-99a3-72e7081b70b1 with capacity 397284474880B, used 39728447488B, and remaining 357556027392B is 0.1
2023-09-13 18:18:03,439 [main] DEBUG balancer.ContainerBalancerTask (ContainerBalancerTask.java:initializeIteration(398)) - Utilization for node 24f0a9a7-8c50-4454-93fb-617d01933123 with capacity 51539607552B, used 0B, and remaining 51539607552B is 0.0
2023-09-13 18:18:03,439 [main] INFO  balancer.ContainerBalancerTask (ContainerBalancerTask.java:initializeIteration(447)) - Container Balancer has identified 5 Over-Utilized and 3 Under-Utilized Datanodes that need to be balanced.
2023-09-13 18:18:03,439 [main] DEBUG balancer.ContainerBalancerTask (ContainerBalancerTask.java:lambda$initializeIteration$1(453)) - Datanode localhost-146.138.177.190 70d56bc7-95c4-4264-979a-076238b3325f is Over-Utilized.
2023-09-13 18:18:03,439 [main] DEBUG balancer.ContainerBalancerTask (ContainerBalancerTask.java:lambda$initializeIteration$1(453)) - Datanode localhost-116.38.251.40 df32645a-e7a6-42ac-a1fc-930b3d890105 is Over-Utilized.
2023-09-13 18:18:03,439 [main] DEBUG balancer.ContainerBalancerTask (ContainerBalancerTask.java:lambda$initializeIteration$1(453)) - Datanode localhost-216.84.47.242 98521eea-6010-4073-87ec-1792083a040b is Over-Utilized.
2023-09-13 18:18:03,439 [main] DEBUG balancer.ContainerBalancerTask (ContainerBalancerTask.java:lambda$initializeIteration$1(453)) - Datanode localhost-75.59.171.88 f06514ec-df7b-4b09-83ce-90ccdc94408f is Over-Utilized.
2023-09-13 18:18:03,439 [main] DEBUG balancer.ContainerBalancerTask (ContainerBalancerTask.java:lambda$initializeIteration$1(453)) - Datanode localhost-190.179.92.152 8a1e46a6-2e99-4504-851c-3de018a88e91 is Over-Utilized.
2023-09-13 18:18:03,439 [main] DEBUG balancer.ContainerBalancerTask (ContainerBalancerTask.java:lambda$initializeIteration$2(459)) - Datanode localhost-22.221.111.140 24f0a9a7-8c50-4454-93fb-617d01933123 is Under-Utilized.
2023-09-13 18:18:03,439 [main] DEBUG balancer.ContainerBalancerTask (ContainerBalancerTask.java:lambda$initializeIteration$2(459)) - Datanode localhost-149.140.214.167 58513628-2155-4e31-99a3-72e7081b70b1 is Under-Utilized.
2023-09-13 18:18:03,439 [main] DEBUG balancer.ContainerBalancerTask (ContainerBalancerTask.java:lambda$initializeIteration$2(459)) - Datanode localhost-13.44.24.86 2344c759-ac9d-4dc0-b946-9150524f9dd2 is Under-Utilized.
2023-09-13 18:18:03,442 [main] DEBUG balancer.ContainerBalancerTask (ContainerBalancerTask.java:matchSourceWithTarget(708)) - ContainerBalancer is finding suitable target for source datanode 70d56bc7-95c4-4264-979a-076238b3325f
2023-09-13 18:18:03,442 [main] INFO  balancer.ContainerBalancerTask (ContainerBalancerTask.java:matchSourceWithTarget(722)) - ContainerBalancer matched source datanode 70d56bc7-95c4-4264-979a-076238b3325f with target datanode 24f0a9a7-8c50-4454-93fb-617d01933123 for container move.
2023-09-13 18:18:03,442 [main] INFO  balancer.ContainerBalancerTask (ContainerBalancerTask.java:processMoveSelection(569)) - ContainerBalancer is trying to move container #85 with size 5368709120B from source datanode 70d56bc7-95c4-4264-979a-076238b3325f to target datanode 24f0a9a7-8c50-4454-93fb-617d01933123
2023-09-13 18:18:03,445 [main] DEBUG balancer.ContainerBalancerTask (ContainerBalancerTask.java:matchSourceWithTarget(708)) - ContainerBalancer is finding suitable target for source datanode df32645a-e7a6-42ac-a1fc-930b3d890105
2023-09-13 18:18:03,446 [main] INFO  balancer.ContainerBalancerTask (ContainerBalancerTask.java:matchSourceWithTarget(722)) - ContainerBalancer matched source datanode df32645a-e7a6-42ac-a1fc-930b3d890105 with target datanode 58513628-2155-4e31-99a3-72e7081b70b1 for container move.
2023-09-13 18:18:03,446 [main] INFO  balancer.ContainerBalancerTask (ContainerBalancerTask.java:processMoveSelection(569)) - ContainerBalancer is trying to move container #68 with size 5368709120B from source datanode df32645a-e7a6-42ac-a1fc-930b3d890105 to target datanode 58513628-2155-4e31-99a3-72e7081b70b1
2023-09-13 18:18:03,446 [main] WARN  balancer.ContainerBalancerTask (ContainerBalancerTask.java:moveContainer(851)) - Could not find Container #68 for container move
org.apache.hadoop.hdds.scm.container.ContainerNotFoundException: Test Container not found
	at org.apache.hadoop.hdds.scm.container.balancer.MoveManager.move(MoveManager.java:212)
	at org.apache.hadoop.hdds.scm.container.balancer.ContainerBalancerTask.moveContainer(ContainerBalancerTask.java:819)
	at org.apache.hadoop.hdds.scm.container.balancer.ContainerBalancerTask.processMoveSelection(ContainerBalancerTask.java:576)
	at org.apache.hadoop.hdds.scm.container.balancer.ContainerBalancerTask.doIteration(ContainerBalancerTask.java:534)
	at org.apache.hadoop.hdds.scm.container.balancer.ContainerBalancerTask.balance(ContainerBalancerTask.java:257)
	at org.apache.hadoop.hdds.scm.container.balancer.ContainerBalancerTask.run(ContainerBalancerTask.java:179)
	at org.apache.hadoop.hdds.scm.container.balancer.TestContainerBalancerTask.startBalancer(TestContainerBalancerTask.java:1321)
	at org.apache.hadoop.hdds.scm.container.balancer.TestContainerBalancerTask.checkIterationResultException(TestContainerBalancerTask.java:1051)
	at sun.reflect.NativeMethodAccessorImpl.invoke0(Native Method)
	at sun.reflect.NativeMethodAccessorImpl.invoke(NativeMethodAccessorImpl.java:62)
	at sun.reflect.DelegatingMethodAccessorImpl.invoke(DelegatingMethodAccessorImpl.java:43)
	at java.lang.reflect.Method.invoke(Method.java:498)
	at org.junit.platform.commons.util.ReflectionUtils.invokeMethod(ReflectionUtils.java:725)
	at org.junit.jupiter.engine.execution.MethodInvocation.proceed(MethodInvocation.java:60)
	at org.junit.jupiter.engine.execution.InvocationInterceptorChain$ValidatingInvocation.proceed(InvocationInterceptorChain.java:131)
	at org.junit.jupiter.engine.extension.TimeoutExtension.intercept(TimeoutExtension.java:149)
	at org.junit.jupiter.engine.extension.TimeoutExtension.interceptTestableMethod(TimeoutExtension.java:140)
	at org.junit.jupiter.engine.extension.TimeoutExtension.interceptTestMethod(TimeoutExtension.java:84)
	at org.junit.jupiter.engine.execution.ExecutableInvoker$ReflectiveInterceptorCall.lambda$ofVoidMethod$0(ExecutableInvoker.java:115)
	at org.junit.jupiter.engine.execution.ExecutableInvoker.lambda$invoke$0(ExecutableInvoker.java:105)
	at org.junit.jupiter.engine.execution.InvocationInterceptorChain$InterceptedInvocation.proceed(InvocationInterceptorChain.java:106)
	at org.junit.jupiter.engine.execution.InvocationInterceptorChain.proceed(InvocationInterceptorChain.java:64)
	at org.junit.jupiter.engine.execution.InvocationInterceptorChain.chainAndInvoke(InvocationInterceptorChain.java:45)
	at org.junit.jupiter.engine.execution.InvocationInterceptorChain.invoke(InvocationInterceptorChain.java:37)
	at org.junit.jupiter.engine.execution.ExecutableInvoker.invoke(ExecutableInvoker.java:104)
	at org.junit.jupiter.engine.execution.ExecutableInvoker.invoke(ExecutableInvoker.java:98)
	at org.junit.jupiter.engine.descriptor.TestMethodTestDescriptor.lambda$invokeTestMethod$7(TestMethodTestDescriptor.java:214)
	at org.junit.platform.engine.support.hierarchical.ThrowableCollector.execute(ThrowableCollector.java:73)
	at org.junit.jupiter.engine.descriptor.TestMethodTestDescriptor.invokeTestMethod(TestMethodTestDescriptor.java:210)
	at org.junit.jupiter.engine.descriptor.TestMethodTestDescriptor.execute(TestMethodTestDescriptor.java:135)
	at org.junit.jupiter.engine.descriptor.TestMethodTestDescriptor.execute(TestMethodTestDescriptor.java:66)
	at org.junit.platform.engine.support.hierarchical.NodeTestTask.lambda$executeRecursively$6(NodeTestTask.java:151)
	at org.junit.platform.engine.support.hierarchical.ThrowableCollector.execute(ThrowableCollector.java:73)
	at org.junit.platform.engine.support.hierarchical.NodeTestTask.lambda$executeRecursively$8(NodeTestTask.java:141)
	at org.junit.platform.engine.support.hierarchical.Node.around(Node.java:137)
	at org.junit.platform.engine.support.hierarchical.NodeTestTask.lambda$executeRecursively$9(NodeTestTask.java:139)
	at org.junit.platform.engine.support.hierarchical.ThrowableCollector.execute(ThrowableCollector.java:73)
	at org.junit.platform.engine.support.hierarchical.NodeTestTask.executeRecursively(NodeTestTask.java:138)
	at org.junit.platform.engine.support.hierarchical.NodeTestTask.execute(NodeTestTask.java:95)
	at java.util.ArrayList.forEach(ArrayList.java:1259)
	at org.junit.platform.engine.support.hierarchical.SameThreadHierarchicalTestExecutorService.invokeAll(SameThreadHierarchicalTestExecutorService.java:41)
	at org.junit.platform.engine.support.hierarchical.NodeTestTask.lambda$executeRecursively$6(NodeTestTask.java:155)
	at org.junit.platform.engine.support.hierarchical.ThrowableCollector.execute(ThrowableCollector.java:73)
	at org.junit.platform.engine.support.hierarchical.NodeTestTask.lambda$executeRecursively$8(NodeTestTask.java:141)
	at org.junit.platform.engine.support.hierarchical.Node.around(Node.java:137)
	at org.junit.platform.engine.support.hierarchical.NodeTestTask.lambda$executeRecursively$9(NodeTestTask.java:139)
	at org.junit.platform.engine.support.hierarchical.ThrowableCollector.execute(ThrowableCollector.java:73)
	at org.junit.platform.engine.support.hierarchical.NodeTestTask.executeRecursively(NodeTestTask.java:138)
	at org.junit.platform.engine.support.hierarchical.NodeTestTask.execute(NodeTestTask.java:95)
	at java.util.ArrayList.forEach(ArrayList.java:1259)
	at org.junit.platform.engine.support.hierarchical.SameThreadHierarchicalTestExecutorService.invokeAll(SameThreadHierarchicalTestExecutorService.java:41)
	at org.junit.platform.engine.support.hierarchical.NodeTestTask.lambda$executeRecursively$6(NodeTestTask.java:155)
	at org.junit.platform.engine.support.hierarchical.ThrowableCollector.execute(ThrowableCollector.java:73)
	at org.junit.platform.engine.support.hierarchical.NodeTestTask.lambda$executeRecursively$8(NodeTestTask.java:141)
	at org.junit.platform.engine.support.hierarchical.Node.around(Node.java:137)
	at org.junit.platform.engine.support.hierarchical.NodeTestTask.lambda$executeRecursively$9(NodeTestTask.java:139)
	at org.junit.platform.engine.support.hierarchical.ThrowableCollector.execute(ThrowableCollector.java:73)
	at org.junit.platform.engine.support.hierarchical.NodeTestTask.executeRecursively(NodeTestTask.java:138)
	at org.junit.platform.engine.support.hierarchical.NodeTestTask.execute(NodeTestTask.java:95)
	at org.junit.platform.engine.support.hierarchical.SameThreadHierarchicalTestExecutorService.submit(SameThreadHierarchicalTestExecutorService.java:35)
	at org.junit.platform.engine.support.hierarchical.HierarchicalTestExecutor.execute(HierarchicalTestExecutor.java:57)
	at org.junit.platform.engine.support.hierarchical.HierarchicalTestEngine.execute(HierarchicalTestEngine.java:54)
	at org.junit.platform.launcher.core.EngineExecutionOrchestrator.execute(EngineExecutionOrchestrator.java:107)
	at org.junit.platform.launcher.core.EngineExecutionOrchestrator.execute(EngineExecutionOrchestrator.java:88)
	at org.junit.platform.launcher.core.EngineExecutionOrchestrator.lambda$execute$0(EngineExecutionOrchestrator.java:54)
	at org.junit.platform.launcher.core.EngineExecutionOrchestrator.withInterceptedStreams(EngineExecutionOrchestrator.java:67)
	at org.junit.platform.launcher.core.EngineExecutionOrchestrator.execute(EngineExecutionOrchestrator.java:52)
	at org.junit.platform.launcher.core.DefaultLauncher.execute(DefaultLauncher.java:114)
	at org.junit.platform.launcher.core.DefaultLauncher.execute(DefaultLauncher.java:86)
	at org.junit.platform.launcher.core.DefaultLauncherSession$DelegatingLauncher.execute(DefaultLauncherSession.java:86)
	at org.junit.platform.launcher.core.SessionPerRequestLauncher.execute(SessionPerRequestLauncher.java:53)
	at org.apache.maven.surefire.junitplatform.JUnitPlatformProvider.execute(JUnitPlatformProvider.java:188)
	at org.apache.maven.surefire.junitplatform.JUnitPlatformProvider.invokeAllTests(JUnitPlatformProvider.java:154)
	at org.apache.maven.surefire.junitplatform.JUnitPlatformProvider.invoke(JUnitPlatformProvider.java:124)
	at org.apache.maven.surefire.booter.ForkedBooter.runSuitesInProcess(ForkedBooter.java:428)
	at org.apache.maven.surefire.booter.ForkedBooter.execute(ForkedBooter.java:162)
	at org.apache.maven.surefire.booter.ForkedBooter.run(ForkedBooter.java:562)
	at org.apache.maven.surefire.booter.ForkedBooter.main(ForkedBooter.java:548)
2023-09-13 18:18:03,447 [Thread-25] INFO  balancer.ContainerBalancerTask (ContainerBalancerTask.java:lambda$moveContainer$3(827)) - Container move for container #85 from source 70d56bc7-95c4-4264-979a-076238b3325f to target 24f0a9a7-8c50-4454-93fb-617d01933123 failed with exceptions.
java.util.concurrent.CompletionException: java.lang.RuntimeException: Runtime Exception after doing work
	at java.util.concurrent.CompletableFuture.encodeThrowable(CompletableFuture.java:273)
	at java.util.concurrent.CompletableFuture.completeThrowable(CompletableFuture.java:280)
	at java.util.concurrent.CompletableFuture$AsyncSupply.run(CompletableFuture.java:1606)
	at java.lang.Thread.run(Thread.java:750)
Caused by: java.lang.RuntimeException: Runtime Exception after doing work
	at org.apache.hadoop.hdds.scm.container.balancer.TestContainerBalancerTask.lambda$checkIterationResultException$11(TestContainerBalancerTask.java:1045)
	at java.util.concurrent.CompletableFuture$AsyncSupply.run(CompletableFuture.java:1604)
	... 1 more
2023-09-13 18:18:03,454 [main] DEBUG balancer.ContainerBalancerTask (ContainerBalancerTask.java:matchSourceWithTarget(708)) - ContainerBalancer is finding suitable target for source datanode 70d56bc7-95c4-4264-979a-076238b3325f
2023-09-13 18:18:03,454 [main] INFO  balancer.ContainerBalancerTask (ContainerBalancerTask.java:matchSourceWithTarget(722)) - ContainerBalancer matched source datanode 70d56bc7-95c4-4264-979a-076238b3325f with target datanode 58513628-2155-4e31-99a3-72e7081b70b1 for container move.
2023-09-13 18:18:03,454 [main] INFO  balancer.ContainerBalancerTask (ContainerBalancerTask.java:processMoveSelection(569)) - ContainerBalancer is trying to move container #29 with size 5368709120B from source datanode 70d56bc7-95c4-4264-979a-076238b3325f to target datanode 58513628-2155-4e31-99a3-72e7081b70b1
2023-09-13 18:18:03,455 [main] INFO  balancer.ContainerBalancerTask (ContainerBalancerTask.java:lambda$moveContainer$3(827)) - Container move for container #29 from source 70d56bc7-95c4-4264-979a-076238b3325f to target 58513628-2155-4e31-99a3-72e7081b70b1 failed with exceptions.
java.lang.RuntimeException: Runtime Exception
	at org.apache.hadoop.hdds.scm.container.balancer.TestContainerBalancerTask.checkIterationResultException(TestContainerBalancerTask.java:1002)
	at sun.reflect.NativeMethodAccessorImpl.invoke0(Native Method)
	at sun.reflect.NativeMethodAccessorImpl.invoke(NativeMethodAccessorImpl.java:62)
	at sun.reflect.DelegatingMethodAccessorImpl.invoke(DelegatingMethodAccessorImpl.java:43)
	at java.lang.reflect.Method.invoke(Method.java:498)
	at org.junit.platform.commons.util.ReflectionUtils.invokeMethod(ReflectionUtils.java:725)
	at org.junit.jupiter.engine.execution.MethodInvocation.proceed(MethodInvocation.java:60)
	at org.junit.jupiter.engine.execution.InvocationInterceptorChain$ValidatingInvocation.proceed(InvocationInterceptorChain.java:131)
	at org.junit.jupiter.engine.extension.TimeoutExtension.intercept(TimeoutExtension.java:149)
	at org.junit.jupiter.engine.extension.TimeoutExtension.interceptTestableMethod(TimeoutExtension.java:140)
	at org.junit.jupiter.engine.extension.TimeoutExtension.interceptTestMethod(TimeoutExtension.java:84)
	at org.junit.jupiter.engine.execution.ExecutableInvoker$ReflectiveInterceptorCall.lambda$ofVoidMethod$0(ExecutableInvoker.java:115)
	at org.junit.jupiter.engine.execution.ExecutableInvoker.lambda$invoke$0(ExecutableInvoker.java:105)
	at org.junit.jupiter.engine.execution.InvocationInterceptorChain$InterceptedInvocation.proceed(InvocationInterceptorChain.java:106)
	at org.junit.jupiter.engine.execution.InvocationInterceptorChain.proceed(InvocationInterceptorChain.java:64)
	at org.junit.jupiter.engine.execution.InvocationInterceptorChain.chainAndInvoke(InvocationInterceptorChain.java:45)
	at org.junit.jupiter.engine.execution.InvocationInterceptorChain.invoke(InvocationInterceptorChain.java:37)
	at org.junit.jupiter.engine.execution.ExecutableInvoker.invoke(ExecutableInvoker.java:104)
	at org.junit.jupiter.engine.execution.ExecutableInvoker.invoke(ExecutableInvoker.java:98)
	at org.junit.jupiter.engine.descriptor.TestMethodTestDescriptor.lambda$invokeTestMethod$7(TestMethodTestDescriptor.java:214)
	at org.junit.platform.engine.support.hierarchical.ThrowableCollector.execute(ThrowableCollector.java:73)
	at org.junit.jupiter.engine.descriptor.TestMethodTestDescriptor.invokeTestMethod(TestMethodTestDescriptor.java:210)
	at org.junit.jupiter.engine.descriptor.TestMethodTestDescriptor.execute(TestMethodTestDescriptor.java:135)
	at org.junit.jupiter.engine.descriptor.TestMethodTestDescriptor.execute(TestMethodTestDescriptor.java:66)
	at org.junit.platform.engine.support.hierarchical.NodeTestTask.lambda$executeRecursively$6(NodeTestTask.java:151)
	at org.junit.platform.engine.support.hierarchical.ThrowableCollector.execute(ThrowableCollector.java:73)
	at org.junit.platform.engine.support.hierarchical.NodeTestTask.lambda$executeRecursively$8(NodeTestTask.java:141)
	at org.junit.platform.engine.support.hierarchical.Node.around(Node.java:137)
	at org.junit.platform.engine.support.hierarchical.NodeTestTask.lambda$executeRecursively$9(NodeTestTask.java:139)
	at org.junit.platform.engine.support.hierarchical.ThrowableCollector.execute(ThrowableCollector.java:73)
	at org.junit.platform.engine.support.hierarchical.NodeTestTask.executeRecursively(NodeTestTask.java:138)
	at org.junit.platform.engine.support.hierarchical.NodeTestTask.execute(NodeTestTask.java:95)
	at java.util.ArrayList.forEach(ArrayList.java:1259)
	at org.junit.platform.engine.support.hierarchical.SameThreadHierarchicalTestExecutorService.invokeAll(SameThreadHierarchicalTestExecutorService.java:41)
	at org.junit.platform.engine.support.hierarchical.NodeTestTask.lambda$executeRecursively$6(NodeTestTask.java:155)
	at org.junit.platform.engine.support.hierarchical.ThrowableCollector.execute(ThrowableCollector.java:73)
	at org.junit.platform.engine.support.hierarchical.NodeTestTask.lambda$executeRecursively$8(NodeTestTask.java:141)
	at org.junit.platform.engine.support.hierarchical.Node.around(Node.java:137)
	at org.junit.platform.engine.support.hierarchical.NodeTestTask.lambda$executeRecursively$9(NodeTestTask.java:139)
	at org.junit.platform.engine.support.hierarchical.ThrowableCollector.execute(ThrowableCollector.java:73)
	at org.junit.platform.engine.support.hierarchical.NodeTestTask.executeRecursively(NodeTestTask.java:138)
	at org.junit.platform.engine.support.hierarchical.NodeTestTask.execute(NodeTestTask.java:95)
	at java.util.ArrayList.forEach(ArrayList.java:1259)
	at org.junit.platform.engine.support.hierarchical.SameThreadHierarchicalTestExecutorService.invokeAll(SameThreadHierarchicalTestExecutorService.java:41)
	at org.junit.platform.engine.support.hierarchical.NodeTestTask.lambda$executeRecursively$6(NodeTestTask.java:155)
	at org.junit.platform.engine.support.hierarchical.ThrowableCollector.execute(ThrowableCollector.java:73)
	at org.junit.platform.engine.support.hierarchical.NodeTestTask.lambda$executeRecursively$8(NodeTestTask.java:141)
	at org.junit.platform.engine.support.hierarchical.Node.around(Node.java:137)
	at org.junit.platform.engine.support.hierarchical.NodeTestTask.lambda$executeRecursively$9(NodeTestTask.java:139)
	at org.junit.platform.engine.support.hierarchical.ThrowableCollector.execute(ThrowableCollector.java:73)
	at org.junit.platform.engine.support.hierarchical.NodeTestTask.executeRecursively(NodeTestTask.java:138)
	at org.junit.platform.engine.support.hierarchical.NodeTestTask.execute(NodeTestTask.java:95)
	at org.junit.platform.engine.support.hierarchical.SameThreadHierarchicalTestExecutorService.submit(SameThreadHierarchicalTestExecutorService.java:35)
	at org.junit.platform.engine.support.hierarchical.HierarchicalTestExecutor.execute(HierarchicalTestExecutor.java:57)
	at org.junit.platform.engine.support.hierarchical.HierarchicalTestEngine.execute(HierarchicalTestEngine.java:54)
	at org.junit.platform.launcher.core.EngineExecutionOrchestrator.execute(EngineExecutionOrchestrator.java:107)
	at org.junit.platform.launcher.core.EngineExecutionOrchestrator.execute(EngineExecutionOrchestrator.java:88)
	at org.junit.platform.launcher.core.EngineExecutionOrchestrator.lambda$execute$0(EngineExecutionOrchestrator.java:54)
	at org.junit.platform.launcher.core.EngineExecutionOrchestrator.withInterceptedStreams(EngineExecutionOrchestrator.java:67)
	at org.junit.platform.launcher.core.EngineExecutionOrchestrator.execute(EngineExecutionOrchestrator.java:52)
	at org.junit.platform.launcher.core.DefaultLauncher.execute(DefaultLauncher.java:114)
	at org.junit.platform.launcher.core.DefaultLauncher.execute(DefaultLauncher.java:86)
	at org.junit.platform.launcher.core.DefaultLauncherSession$DelegatingLauncher.execute(DefaultLauncherSession.java:86)
	at org.junit.platform.launcher.core.SessionPerRequestLauncher.execute(SessionPerRequestLauncher.java:53)
	at org.apache.maven.surefire.junitplatform.JUnitPlatformProvider.execute(JUnitPlatformProvider.java:188)
	at org.apache.maven.surefire.junitplatform.JUnitPlatformProvider.invokeAllTests(JUnitPlatformProvider.java:154)
	at org.apache.maven.surefire.junitplatform.JUnitPlatformProvider.invoke(JUnitPlatformProvider.java:124)
	at org.apache.maven.surefire.booter.ForkedBooter.runSuitesInProcess(ForkedBooter.java:428)
	at org.apache.maven.surefire.booter.ForkedBooter.execute(ForkedBooter.java:162)
	at org.apache.maven.surefire.booter.ForkedBooter.run(ForkedBooter.java:562)
	at org.apache.maven.surefire.booter.ForkedBooter.main(ForkedBooter.java:548)
2023-09-13 18:18:03,457 [main] DEBUG balancer.ContainerBalancerTask (ContainerBalancerTask.java:matchSourceWithTarget(708)) - ContainerBalancer is finding suitable target for source datanode 98521eea-6010-4073-87ec-1792083a040b
2023-09-13 18:18:03,457 [main] INFO  balancer.ContainerBalancerTask (ContainerBalancerTask.java:matchSourceWithTarget(722)) - ContainerBalancer matched source datanode 98521eea-6010-4073-87ec-1792083a040b with target datanode 58513628-2155-4e31-99a3-72e7081b70b1 for container move.
2023-09-13 18:18:03,458 [main] INFO  balancer.ContainerBalancerTask (ContainerBalancerTask.java:processMoveSelection(569)) - ContainerBalancer is trying to move container #53 with size 5368709120B from source datanode 98521eea-6010-4073-87ec-1792083a040b to target datanode 58513628-2155-4e31-99a3-72e7081b70b1
2023-09-13 18:18:03,458 [main] INFO  balancer.ContainerBalancerTask (ContainerBalancerTask.java:lambda$moveContainer$3(827)) - Container move for container #53 from source 98521eea-6010-4073-87ec-1792083a040b to target 58513628-2155-4e31-99a3-72e7081b70b1 failed with exceptions.
java.lang.RuntimeException: Runtime Exception
	at org.apache.hadoop.hdds.scm.container.balancer.TestContainerBalancerTask.checkIterationResultException(TestContainerBalancerTask.java:1002)
	at sun.reflect.NativeMethodAccessorImpl.invoke0(Native Method)
	at sun.reflect.NativeMethodAccessorImpl.invoke(NativeMethodAccessorImpl.java:62)
	at sun.reflect.DelegatingMethodAccessorImpl.invoke(DelegatingMethodAccessorImpl.java:43)
	at java.lang.reflect.Method.invoke(Method.java:498)
	at org.junit.platform.commons.util.ReflectionUtils.invokeMethod(ReflectionUtils.java:725)
	at org.junit.jupiter.engine.execution.MethodInvocation.proceed(MethodInvocation.java:60)
	at org.junit.jupiter.engine.execution.InvocationInterceptorChain$ValidatingInvocation.proceed(InvocationInterceptorChain.java:131)
	at org.junit.jupiter.engine.extension.TimeoutExtension.intercept(TimeoutExtension.java:149)
	at org.junit.jupiter.engine.extension.TimeoutExtension.interceptTestableMethod(TimeoutExtension.java:140)
	at org.junit.jupiter.engine.extension.TimeoutExtension.interceptTestMethod(TimeoutExtension.java:84)
	at org.junit.jupiter.engine.execution.ExecutableInvoker$ReflectiveInterceptorCall.lambda$ofVoidMethod$0(ExecutableInvoker.java:115)
	at org.junit.jupiter.engine.execution.ExecutableInvoker.lambda$invoke$0(ExecutableInvoker.java:105)
	at org.junit.jupiter.engine.execution.InvocationInterceptorChain$InterceptedInvocation.proceed(InvocationInterceptorChain.java:106)
	at org.junit.jupiter.engine.execution.InvocationInterceptorChain.proceed(InvocationInterceptorChain.java:64)
	at org.junit.jupiter.engine.execution.InvocationInterceptorChain.chainAndInvoke(InvocationInterceptorChain.java:45)
	at org.junit.jupiter.engine.execution.InvocationInterceptorChain.invoke(InvocationInterceptorChain.java:37)
	at org.junit.jupiter.engine.execution.ExecutableInvoker.invoke(ExecutableInvoker.java:104)
	at org.junit.jupiter.engine.execution.ExecutableInvoker.invoke(ExecutableInvoker.java:98)
	at org.junit.jupiter.engine.descriptor.TestMethodTestDescriptor.lambda$invokeTestMethod$7(TestMethodTestDescriptor.java:214)
	at org.junit.platform.engine.support.hierarchical.ThrowableCollector.execute(ThrowableCollector.java:73)
	at org.junit.jupiter.engine.descriptor.TestMethodTestDescriptor.invokeTestMethod(TestMethodTestDescriptor.java:210)
	at org.junit.jupiter.engine.descriptor.TestMethodTestDescriptor.execute(TestMethodTestDescriptor.java:135)
	at org.junit.jupiter.engine.descriptor.TestMethodTestDescriptor.execute(TestMethodTestDescriptor.java:66)
	at org.junit.platform.engine.support.hierarchical.NodeTestTask.lambda$executeRecursively$6(NodeTestTask.java:151)
	at org.junit.platform.engine.support.hierarchical.ThrowableCollector.execute(ThrowableCollector.java:73)
	at org.junit.platform.engine.support.hierarchical.NodeTestTask.lambda$executeRecursively$8(NodeTestTask.java:141)
	at org.junit.platform.engine.support.hierarchical.Node.around(Node.java:137)
	at org.junit.platform.engine.support.hierarchical.NodeTestTask.lambda$executeRecursively$9(NodeTestTask.java:139)
	at org.junit.platform.engine.support.hierarchical.ThrowableCollector.execute(ThrowableCollector.java:73)
	at org.junit.platform.engine.support.hierarchical.NodeTestTask.executeRecursively(NodeTestTask.java:138)
	at org.junit.platform.engine.support.hierarchical.NodeTestTask.execute(NodeTestTask.java:95)
	at java.util.ArrayList.forEach(ArrayList.java:1259)
	at org.junit.platform.engine.support.hierarchical.SameThreadHierarchicalTestExecutorService.invokeAll(SameThreadHierarchicalTestExecutorService.java:41)
	at org.junit.platform.engine.support.hierarchical.NodeTestTask.lambda$executeRecursively$6(NodeTestTask.java:155)
	at org.junit.platform.engine.support.hierarchical.ThrowableCollector.execute(ThrowableCollector.java:73)
	at org.junit.platform.engine.support.hierarchical.NodeTestTask.lambda$executeRecursively$8(NodeTestTask.java:141)
	at org.junit.platform.engine.support.hierarchical.Node.around(Node.java:137)
	at org.junit.platform.engine.support.hierarchical.NodeTestTask.lambda$executeRecursively$9(NodeTestTask.java:139)
	at org.junit.platform.engine.support.hierarchical.ThrowableCollector.execute(ThrowableCollector.java:73)
	at org.junit.platform.engine.support.hierarchical.NodeTestTask.executeRecursively(NodeTestTask.java:138)
	at org.junit.platform.engine.support.hierarchical.NodeTestTask.execute(NodeTestTask.java:95)
	at java.util.ArrayList.forEach(ArrayList.java:1259)
	at org.junit.platform.engine.support.hierarchical.SameThreadHierarchicalTestExecutorService.invokeAll(SameThreadHierarchicalTestExecutorService.java:41)
	at org.junit.platform.engine.support.hierarchical.NodeTestTask.lambda$executeRecursively$6(NodeTestTask.java:155)
	at org.junit.platform.engine.support.hierarchical.ThrowableCollector.execute(ThrowableCollector.java:73)
	at org.junit.platform.engine.support.hierarchical.NodeTestTask.lambda$executeRecursively$8(NodeTestTask.java:141)
	at org.junit.platform.engine.support.hierarchical.Node.around(Node.java:137)
	at org.junit.platform.engine.support.hierarchical.NodeTestTask.lambda$executeRecursively$9(NodeTestTask.java:139)
	at org.junit.platform.engine.support.hierarchical.ThrowableCollector.execute(ThrowableCollector.java:73)
	at org.junit.platform.engine.support.hierarchical.NodeTestTask.executeRecursively(NodeTestTask.java:138)
	at org.junit.platform.engine.support.hierarchical.NodeTestTask.execute(NodeTestTask.java:95)
	at org.junit.platform.engine.support.hierarchical.SameThreadHierarchicalTestExecutorService.submit(SameThreadHierarchicalTestExecutorService.java:35)
	at org.junit.platform.engine.support.hierarchical.HierarchicalTestExecutor.execute(HierarchicalTestExecutor.java:57)
	at org.junit.platform.engine.support.hierarchical.HierarchicalTestEngine.execute(HierarchicalTestEngine.java:54)
	at org.junit.platform.launcher.core.EngineExecutionOrchestrator.execute(EngineExecutionOrchestrator.java:107)
	at org.junit.platform.launcher.core.EngineExecutionOrchestrator.execute(EngineExecutionOrchestrator.java:88)
	at org.junit.platform.launcher.core.EngineExecutionOrchestrator.lambda$execute$0(EngineExecutionOrchestrator.java:54)
	at org.junit.platform.launcher.core.EngineExecutionOrchestrator.withInterceptedStreams(EngineExecutionOrchestrator.java:67)
	at org.junit.platform.launcher.core.EngineExecutionOrchestrator.execute(EngineExecutionOrchestrator.java:52)
	at org.junit.platform.launcher.core.DefaultLauncher.execute(DefaultLauncher.java:114)
	at org.junit.platform.launcher.core.DefaultLauncher.execute(DefaultLauncher.java:86)
	at org.junit.platform.launcher.core.DefaultLauncherSession$DelegatingLauncher.execute(DefaultLauncherSession.java:86)
	at org.junit.platform.launcher.core.SessionPerRequestLauncher.execute(SessionPerRequestLauncher.java:53)
	at org.apache.maven.surefire.junitplatform.JUnitPlatformProvider.execute(JUnitPlatformProvider.java:188)
	at org.apache.maven.surefire.junitplatform.JUnitPlatformProvider.invokeAllTests(JUnitPlatformProvider.java:154)
	at org.apache.maven.surefire.junitplatform.JUnitPlatformProvider.invoke(JUnitPlatformProvider.java:124)
	at org.apache.maven.surefire.booter.ForkedBooter.runSuitesInProcess(ForkedBooter.java:428)
	at org.apache.maven.surefire.booter.ForkedBooter.execute(ForkedBooter.java:162)
	at org.apache.maven.surefire.booter.ForkedBooter.run(ForkedBooter.java:562)
	at org.apache.maven.surefire.booter.ForkedBooter.main(ForkedBooter.java:548)
2023-09-13 18:18:03,462 [main] DEBUG balancer.ContainerBalancerTask (ContainerBalancerTask.java:matchSourceWithTarget(708)) - ContainerBalancer is finding suitable target for source datanode f06514ec-df7b-4b09-83ce-90ccdc94408f
2023-09-13 18:18:03,463 [main] INFO  balancer.ContainerBalancerTask (ContainerBalancerTask.java:matchSourceWithTarget(722)) - ContainerBalancer matched source datanode f06514ec-df7b-4b09-83ce-90ccdc94408f with target datanode 58513628-2155-4e31-99a3-72e7081b70b1 for container move.
2023-09-13 18:18:03,463 [main] INFO  balancer.ContainerBalancerTask (ContainerBalancerTask.java:processMoveSelection(569)) - ContainerBalancer is trying to move container #40 with size 5368709120B from source datanode f06514ec-df7b-4b09-83ce-90ccdc94408f to target datanode 58513628-2155-4e31-99a3-72e7081b70b1
2023-09-13 18:18:03,463 [main] INFO  balancer.ContainerBalancerTask (ContainerBalancerTask.java:lambda$moveContainer$3(827)) - Container move for container #40 from source f06514ec-df7b-4b09-83ce-90ccdc94408f to target 58513628-2155-4e31-99a3-72e7081b70b1 failed with exceptions.
java.lang.RuntimeException: Runtime Exception
	at org.apache.hadoop.hdds.scm.container.balancer.TestContainerBalancerTask.checkIterationResultException(TestContainerBalancerTask.java:1002)
	at sun.reflect.NativeMethodAccessorImpl.invoke0(Native Method)
	at sun.reflect.NativeMethodAccessorImpl.invoke(NativeMethodAccessorImpl.java:62)
	at sun.reflect.DelegatingMethodAccessorImpl.invoke(DelegatingMethodAccessorImpl.java:43)
	at java.lang.reflect.Method.invoke(Method.java:498)
	at org.junit.platform.commons.util.ReflectionUtils.invokeMethod(ReflectionUtils.java:725)
	at org.junit.jupiter.engine.execution.MethodInvocation.proceed(MethodInvocation.java:60)
	at org.junit.jupiter.engine.execution.InvocationInterceptorChain$ValidatingInvocation.proceed(InvocationInterceptorChain.java:131)
	at org.junit.jupiter.engine.extension.TimeoutExtension.intercept(TimeoutExtension.java:149)
	at org.junit.jupiter.engine.extension.TimeoutExtension.interceptTestableMethod(TimeoutExtension.java:140)
	at org.junit.jupiter.engine.extension.TimeoutExtension.interceptTestMethod(TimeoutExtension.java:84)
	at org.junit.jupiter.engine.execution.ExecutableInvoker$ReflectiveInterceptorCall.lambda$ofVoidMethod$0(ExecutableInvoker.java:115)
	at org.junit.jupiter.engine.execution.ExecutableInvoker.lambda$invoke$0(ExecutableInvoker.java:105)
	at org.junit.jupiter.engine.execution.InvocationInterceptorChain$InterceptedInvocation.proceed(InvocationInterceptorChain.java:106)
	at org.junit.jupiter.engine.execution.InvocationInterceptorChain.proceed(InvocationInterceptorChain.java:64)
	at org.junit.jupiter.engine.execution.InvocationInterceptorChain.chainAndInvoke(InvocationInterceptorChain.java:45)
	at org.junit.jupiter.engine.execution.InvocationInterceptorChain.invoke(InvocationInterceptorChain.java:37)
	at org.junit.jupiter.engine.execution.ExecutableInvoker.invoke(ExecutableInvoker.java:104)
	at org.junit.jupiter.engine.execution.ExecutableInvoker.invoke(ExecutableInvoker.java:98)
	at org.junit.jupiter.engine.descriptor.TestMethodTestDescriptor.lambda$invokeTestMethod$7(TestMethodTestDescriptor.java:214)
	at org.junit.platform.engine.support.hierarchical.ThrowableCollector.execute(ThrowableCollector.java:73)
	at org.junit.jupiter.engine.descriptor.TestMethodTestDescriptor.invokeTestMethod(TestMethodTestDescriptor.java:210)
	at org.junit.jupiter.engine.descriptor.TestMethodTestDescriptor.execute(TestMethodTestDescriptor.java:135)
	at org.junit.jupiter.engine.descriptor.TestMethodTestDescriptor.execute(TestMethodTestDescriptor.java:66)
	at org.junit.platform.engine.support.hierarchical.NodeTestTask.lambda$executeRecursively$6(NodeTestTask.java:151)
	at org.junit.platform.engine.support.hierarchical.ThrowableCollector.execute(ThrowableCollector.java:73)
	at org.junit.platform.engine.support.hierarchical.NodeTestTask.lambda$executeRecursively$8(NodeTestTask.java:141)
	at org.junit.platform.engine.support.hierarchical.Node.around(Node.java:137)
	at org.junit.platform.engine.support.hierarchical.NodeTestTask.lambda$executeRecursively$9(NodeTestTask.java:139)
	at org.junit.platform.engine.support.hierarchical.ThrowableCollector.execute(ThrowableCollector.java:73)
	at org.junit.platform.engine.support.hierarchical.NodeTestTask.executeRecursively(NodeTestTask.java:138)
	at org.junit.platform.engine.support.hierarchical.NodeTestTask.execute(NodeTestTask.java:95)
	at java.util.ArrayList.forEach(ArrayList.java:1259)
	at org.junit.platform.engine.support.hierarchical.SameThreadHierarchicalTestExecutorService.invokeAll(SameThreadHierarchicalTestExecutorService.java:41)
	at org.junit.platform.engine.support.hierarchical.NodeTestTask.lambda$executeRecursively$6(NodeTestTask.java:155)
	at org.junit.platform.engine.support.hierarchical.ThrowableCollector.execute(ThrowableCollector.java:73)
	at org.junit.platform.engine.support.hierarchical.NodeTestTask.lambda$executeRecursively$8(NodeTestTask.java:141)
	at org.junit.platform.engine.support.hierarchical.Node.around(Node.java:137)
	at org.junit.platform.engine.support.hierarchical.NodeTestTask.lambda$executeRecursively$9(NodeTestTask.java:139)
	at org.junit.platform.engine.support.hierarchical.ThrowableCollector.execute(ThrowableCollector.java:73)
	at org.junit.platform.engine.support.hierarchical.NodeTestTask.executeRecursively(NodeTestTask.java:138)
	at org.junit.platform.engine.support.hierarchical.NodeTestTask.execute(NodeTestTask.java:95)
	at java.util.ArrayList.forEach(ArrayList.java:1259)
	at org.junit.platform.engine.support.hierarchical.SameThreadHierarchicalTestExecutorService.invokeAll(SameThreadHierarchicalTestExecutorService.java:41)
	at org.junit.platform.engine.support.hierarchical.NodeTestTask.lambda$executeRecursively$6(NodeTestTask.java:155)
	at org.junit.platform.engine.support.hierarchical.ThrowableCollector.execute(ThrowableCollector.java:73)
	at org.junit.platform.engine.support.hierarchical.NodeTestTask.lambda$executeRecursively$8(NodeTestTask.java:141)
	at org.junit.platform.engine.support.hierarchical.Node.around(Node.java:137)
	at org.junit.platform.engine.support.hierarchical.NodeTestTask.lambda$executeRecursively$9(NodeTestTask.java:139)
	at org.junit.platform.engine.support.hierarchical.ThrowableCollector.execute(ThrowableCollector.java:73)
	at org.junit.platform.engine.support.hierarchical.NodeTestTask.executeRecursively(NodeTestTask.java:138)
	at org.junit.platform.engine.support.hierarchical.NodeTestTask.execute(NodeTestTask.java:95)
	at org.junit.platform.engine.support.hierarchical.SameThreadHierarchicalTestExecutorService.submit(SameThreadHierarchicalTestExecutorService.java:35)
	at org.junit.platform.engine.support.hierarchical.HierarchicalTestExecutor.execute(HierarchicalTestExecutor.java:57)
	at org.junit.platform.engine.support.hierarchical.HierarchicalTestEngine.execute(HierarchicalTestEngine.java:54)
	at org.junit.platform.launcher.core.EngineExecutionOrchestrator.execute(EngineExecutionOrchestrator.java:107)
	at org.junit.platform.launcher.core.EngineExecutionOrchestrator.execute(EngineExecutionOrchestrator.java:88)
	at org.junit.platform.launcher.core.EngineExecutionOrchestrator.lambda$execute$0(EngineExecutionOrchestrator.java:54)
	at org.junit.platform.launcher.core.EngineExecutionOrchestrator.withInterceptedStreams(EngineExecutionOrchestrator.java:67)
	at org.junit.platform.launcher.core.EngineExecutionOrchestrator.execute(EngineExecutionOrchestrator.java:52)
	at org.junit.platform.launcher.core.DefaultLauncher.execute(DefaultLauncher.java:114)
	at org.junit.platform.launcher.core.DefaultLauncher.execute(DefaultLauncher.java:86)
	at org.junit.platform.launcher.core.DefaultLauncherSession$DelegatingLauncher.execute(DefaultLauncherSession.java:86)
	at org.junit.platform.launcher.core.SessionPerRequestLauncher.execute(SessionPerRequestLauncher.java:53)
	at org.apache.maven.surefire.junitplatform.JUnitPlatformProvider.execute(JUnitPlatformProvider.java:188)
	at org.apache.maven.surefire.junitplatform.JUnitPlatformProvider.invokeAllTests(JUnitPlatformProvider.java:154)
	at org.apache.maven.surefire.junitplatform.JUnitPlatformProvider.invoke(JUnitPlatformProvider.java:124)
	at org.apache.maven.surefire.booter.ForkedBooter.runSuitesInProcess(ForkedBooter.java:428)
	at org.apache.maven.surefire.booter.ForkedBooter.execute(ForkedBooter.java:162)
	at org.apache.maven.surefire.booter.ForkedBooter.run(ForkedBooter.java:562)
	at org.apache.maven.surefire.booter.ForkedBooter.main(ForkedBooter.java:548)
2023-09-13 18:18:03,466 [main] DEBUG balancer.ContainerBalancerTask (ContainerBalancerTask.java:matchSourceWithTarget(708)) - ContainerBalancer is finding suitable target for source datanode 8a1e46a6-2e99-4504-851c-3de018a88e91
2023-09-13 18:18:03,466 [main] INFO  balancer.ContainerBalancerTask (ContainerBalancerTask.java:matchSourceWithTarget(722)) - ContainerBalancer matched source datanode 8a1e46a6-2e99-4504-851c-3de018a88e91 with target datanode 58513628-2155-4e31-99a3-72e7081b70b1 for container move.
2023-09-13 18:18:03,466 [main] INFO  balancer.ContainerBalancerTask (ContainerBalancerTask.java:processMoveSelection(569)) - ContainerBalancer is trying to move container #68 with size 5368709120B from source datanode 8a1e46a6-2e99-4504-851c-3de018a88e91 to target datanode 58513628-2155-4e31-99a3-72e7081b70b1
2023-09-13 18:18:03,466 [main] INFO  balancer.ContainerBalancerTask (ContainerBalancerTask.java:lambda$moveContainer$3(827)) - Container move for container #68 from source 8a1e46a6-2e99-4504-851c-3de018a88e91 to target 58513628-2155-4e31-99a3-72e7081b70b1 failed with exceptions.
java.lang.RuntimeException: Runtime Exception
	at org.apache.hadoop.hdds.scm.container.balancer.TestContainerBalancerTask.checkIterationResultException(TestContainerBalancerTask.java:1002)
	at sun.reflect.NativeMethodAccessorImpl.invoke0(Native Method)
	at sun.reflect.NativeMethodAccessorImpl.invoke(NativeMethodAccessorImpl.java:62)
	at sun.reflect.DelegatingMethodAccessorImpl.invoke(DelegatingMethodAccessorImpl.java:43)
	at java.lang.reflect.Method.invoke(Method.java:498)
	at org.junit.platform.commons.util.ReflectionUtils.invokeMethod(ReflectionUtils.java:725)
	at org.junit.jupiter.engine.execution.MethodInvocation.proceed(MethodInvocation.java:60)
	at org.junit.jupiter.engine.execution.InvocationInterceptorChain$ValidatingInvocation.proceed(InvocationInterceptorChain.java:131)
	at org.junit.jupiter.engine.extension.TimeoutExtension.intercept(TimeoutExtension.java:149)
	at org.junit.jupiter.engine.extension.TimeoutExtension.interceptTestableMethod(TimeoutExtension.java:140)
	at org.junit.jupiter.engine.extension.TimeoutExtension.interceptTestMethod(TimeoutExtension.java:84)
	at org.junit.jupiter.engine.execution.ExecutableInvoker$ReflectiveInterceptorCall.lambda$ofVoidMethod$0(ExecutableInvoker.java:115)
	at org.junit.jupiter.engine.execution.ExecutableInvoker.lambda$invoke$0(ExecutableInvoker.java:105)
	at org.junit.jupiter.engine.execution.InvocationInterceptorChain$InterceptedInvocation.proceed(InvocationInterceptorChain.java:106)
	at org.junit.jupiter.engine.execution.InvocationInterceptorChain.proceed(InvocationInterceptorChain.java:64)
	at org.junit.jupiter.engine.execution.InvocationInterceptorChain.chainAndInvoke(InvocationInterceptorChain.java:45)
	at org.junit.jupiter.engine.execution.InvocationInterceptorChain.invoke(InvocationInterceptorChain.java:37)
	at org.junit.jupiter.engine.execution.ExecutableInvoker.invoke(ExecutableInvoker.java:104)
	at org.junit.jupiter.engine.execution.ExecutableInvoker.invoke(ExecutableInvoker.java:98)
	at org.junit.jupiter.engine.descriptor.TestMethodTestDescriptor.lambda$invokeTestMethod$7(TestMethodTestDescriptor.java:214)
	at org.junit.platform.engine.support.hierarchical.ThrowableCollector.execute(ThrowableCollector.java:73)
	at org.junit.jupiter.engine.descriptor.TestMethodTestDescriptor.invokeTestMethod(TestMethodTestDescriptor.java:210)
	at org.junit.jupiter.engine.descriptor.TestMethodTestDescriptor.execute(TestMethodTestDescriptor.java:135)
	at org.junit.jupiter.engine.descriptor.TestMethodTestDescriptor.execute(TestMethodTestDescriptor.java:66)
	at org.junit.platform.engine.support.hierarchical.NodeTestTask.lambda$executeRecursively$6(NodeTestTask.java:151)
	at org.junit.platform.engine.support.hierarchical.ThrowableCollector.execute(ThrowableCollector.java:73)
	at org.junit.platform.engine.support.hierarchical.NodeTestTask.lambda$executeRecursively$8(NodeTestTask.java:141)
	at org.junit.platform.engine.support.hierarchical.Node.around(Node.java:137)
	at org.junit.platform.engine.support.hierarchical.NodeTestTask.lambda$executeRecursively$9(NodeTestTask.java:139)
	at org.junit.platform.engine.support.hierarchical.ThrowableCollector.execute(ThrowableCollector.java:73)
	at org.junit.platform.engine.support.hierarchical.NodeTestTask.executeRecursively(NodeTestTask.java:138)
	at org.junit.platform.engine.support.hierarchical.NodeTestTask.execute(NodeTestTask.java:95)
	at java.util.ArrayList.forEach(ArrayList.java:1259)
	at org.junit.platform.engine.support.hierarchical.SameThreadHierarchicalTestExecutorService.invokeAll(SameThreadHierarchicalTestExecutorService.java:41)
	at org.junit.platform.engine.support.hierarchical.NodeTestTask.lambda$executeRecursively$6(NodeTestTask.java:155)
	at org.junit.platform.engine.support.hierarchical.ThrowableCollector.execute(ThrowableCollector.java:73)
	at org.junit.platform.engine.support.hierarchical.NodeTestTask.lambda$executeRecursively$8(NodeTestTask.java:141)
	at org.junit.platform.engine.support.hierarchical.Node.around(Node.java:137)
	at org.junit.platform.engine.support.hierarchical.NodeTestTask.lambda$executeRecursively$9(NodeTestTask.java:139)
	at org.junit.platform.engine.support.hierarchical.ThrowableCollector.execute(ThrowableCollector.java:73)
	at org.junit.platform.engine.support.hierarchical.NodeTestTask.executeRecursively(NodeTestTask.java:138)
	at org.junit.platform.engine.support.hierarchical.NodeTestTask.execute(NodeTestTask.java:95)
	at java.util.ArrayList.forEach(ArrayList.java:1259)
	at org.junit.platform.engine.support.hierarchical.SameThreadHierarchicalTestExecutorService.invokeAll(SameThreadHierarchicalTestExecutorService.java:41)
	at org.junit.platform.engine.support.hierarchical.NodeTestTask.lambda$executeRecursively$6(NodeTestTask.java:155)
	at org.junit.platform.engine.support.hierarchical.ThrowableCollector.execute(ThrowableCollector.java:73)
	at org.junit.platform.engine.support.hierarchical.NodeTestTask.lambda$executeRecursively$8(NodeTestTask.java:141)
	at org.junit.platform.engine.support.hierarchical.Node.around(Node.java:137)
	at org.junit.platform.engine.support.hierarchical.NodeTestTask.lambda$executeRecursively$9(NodeTestTask.java:139)
	at org.junit.platform.engine.support.hierarchical.ThrowableCollector.execute(ThrowableCollector.java:73)
	at org.junit.platform.engine.support.hierarchical.NodeTestTask.executeRecursively(NodeTestTask.java:138)
	at org.junit.platform.engine.support.hierarchical.NodeTestTask.execute(NodeTestTask.java:95)
	at org.junit.platform.engine.support.hierarchical.SameThreadHierarchicalTestExecutorService.submit(SameThreadHierarchicalTestExecutorService.java:35)
	at org.junit.platform.engine.support.hierarchical.HierarchicalTestExecutor.execute(HierarchicalTestExecutor.java:57)
	at org.junit.platform.engine.support.hierarchical.HierarchicalTestEngine.execute(HierarchicalTestEngine.java:54)
	at org.junit.platform.launcher.core.EngineExecutionOrchestrator.execute(EngineExecutionOrchestrator.java:107)
	at org.junit.platform.launcher.core.EngineExecutionOrchestrator.execute(EngineExecutionOrchestrator.java:88)
	at org.junit.platform.launcher.core.EngineExecutionOrchestrator.lambda$execute$0(EngineExecutionOrchestrator.java:54)
	at org.junit.platform.launcher.core.EngineExecutionOrchestrator.withInterceptedStreams(EngineExecutionOrchestrator.java:67)
	at org.junit.platform.launcher.core.EngineExecutionOrchestrator.execute(EngineExecutionOrchestrator.java:52)
	at org.junit.platform.launcher.core.DefaultLauncher.execute(DefaultLauncher.java:114)
	at org.junit.platform.launcher.core.DefaultLauncher.execute(DefaultLauncher.java:86)
	at org.junit.platform.launcher.core.DefaultLauncherSession$DelegatingLauncher.execute(DefaultLauncherSession.java:86)
	at org.junit.platform.launcher.core.SessionPerRequestLauncher.execute(SessionPerRequestLauncher.java:53)
	at org.apache.maven.surefire.junitplatform.JUnitPlatformProvider.execute(JUnitPlatformProvider.java:188)
	at org.apache.maven.surefire.junitplatform.JUnitPlatformProvider.invokeAllTests(JUnitPlatformProvider.java:154)
	at org.apache.maven.surefire.junitplatform.JUnitPlatformProvider.invoke(JUnitPlatformProvider.java:124)
	at org.apache.maven.surefire.booter.ForkedBooter.runSuitesInProcess(ForkedBooter.java:428)
	at org.apache.maven.surefire.booter.ForkedBooter.execute(ForkedBooter.java:162)
	at org.apache.maven.surefire.booter.ForkedBooter.run(ForkedBooter.java:562)
	at org.apache.maven.surefire.booter.ForkedBooter.main(ForkedBooter.java:548)
2023-09-13 18:18:03,467 [main] INFO  balancer.FindSourceGreedy (FindSourceGreedy.java:getNextCandidateSourceDataNode(126)) - no more candidate source data node
2023-09-13 18:18:03,467 [main] ERROR balancer.ContainerBalancerTask (ContainerBalancerTask.java:checkIterationMoveResults(623)) - Got exception while checkIterationMoveResults
java.util.concurrent.ExecutionException: java.lang.RuntimeException: Runtime Exception after doing work
	at java.util.concurrent.CompletableFuture.reportGet(CompletableFuture.java:357)
	at java.util.concurrent.CompletableFuture.get(CompletableFuture.java:1928)
	at org.apache.hadoop.hdds.scm.container.balancer.ContainerBalancerTask.checkIterationMoveResults(ContainerBalancerTask.java:613)
	at org.apache.hadoop.hdds.scm.container.balancer.ContainerBalancerTask.checkIterationResults(ContainerBalancerTask.java:600)
	at org.apache.hadoop.hdds.scm.container.balancer.ContainerBalancerTask.doIteration(ContainerBalancerTask.java:543)
	at org.apache.hadoop.hdds.scm.container.balancer.ContainerBalancerTask.balance(ContainerBalancerTask.java:257)
	at org.apache.hadoop.hdds.scm.container.balancer.ContainerBalancerTask.run(ContainerBalancerTask.java:179)
	at org.apache.hadoop.hdds.scm.container.balancer.TestContainerBalancerTask.startBalancer(TestContainerBalancerTask.java:1321)
	at org.apache.hadoop.hdds.scm.container.balancer.TestContainerBalancerTask.checkIterationResultException(TestContainerBalancerTask.java:1051)
	at sun.reflect.NativeMethodAccessorImpl.invoke0(Native Method)
	at sun.reflect.NativeMethodAccessorImpl.invoke(NativeMethodAccessorImpl.java:62)
	at sun.reflect.DelegatingMethodAccessorImpl.invoke(DelegatingMethodAccessorImpl.java:43)
	at java.lang.reflect.Method.invoke(Method.java:498)
	at org.junit.platform.commons.util.ReflectionUtils.invokeMethod(ReflectionUtils.java:725)
	at org.junit.jupiter.engine.execution.MethodInvocation.proceed(MethodInvocation.java:60)
	at org.junit.jupiter.engine.execution.InvocationInterceptorChain$ValidatingInvocation.proceed(InvocationInterceptorChain.java:131)
	at org.junit.jupiter.engine.extension.TimeoutExtension.intercept(TimeoutExtension.java:149)
	at org.junit.jupiter.engine.extension.TimeoutExtension.interceptTestableMethod(TimeoutExtension.java:140)
	at org.junit.jupiter.engine.extension.TimeoutExtension.interceptTestMethod(TimeoutExtension.java:84)
	at org.junit.jupiter.engine.execution.ExecutableInvoker$ReflectiveInterceptorCall.lambda$ofVoidMethod$0(ExecutableInvoker.java:115)
	at org.junit.jupiter.engine.execution.ExecutableInvoker.lambda$invoke$0(ExecutableInvoker.java:105)
	at org.junit.jupiter.engine.execution.InvocationInterceptorChain$InterceptedInvocation.proceed(InvocationInterceptorChain.java:106)
	at org.junit.jupiter.engine.execution.InvocationInterceptorChain.proceed(InvocationInterceptorChain.java:64)
	at org.junit.jupiter.engine.execution.InvocationInterceptorChain.chainAndInvoke(InvocationInterceptorChain.java:45)
	at org.junit.jupiter.engine.execution.InvocationInterceptorChain.invoke(InvocationInterceptorChain.java:37)
	at org.junit.jupiter.engine.execution.ExecutableInvoker.invoke(ExecutableInvoker.java:104)
	at org.junit.jupiter.engine.execution.ExecutableInvoker.invoke(ExecutableInvoker.java:98)
	at org.junit.jupiter.engine.descriptor.TestMethodTestDescriptor.lambda$invokeTestMethod$7(TestMethodTestDescriptor.java:214)
	at org.junit.platform.engine.support.hierarchical.ThrowableCollector.execute(ThrowableCollector.java:73)
	at org.junit.jupiter.engine.descriptor.TestMethodTestDescriptor.invokeTestMethod(TestMethodTestDescriptor.java:210)
	at org.junit.jupiter.engine.descriptor.TestMethodTestDescriptor.execute(TestMethodTestDescriptor.java:135)
	at org.junit.jupiter.engine.descriptor.TestMethodTestDescriptor.execute(TestMethodTestDescriptor.java:66)
	at org.junit.platform.engine.support.hierarchical.NodeTestTask.lambda$executeRecursively$6(NodeTestTask.java:151)
	at org.junit.platform.engine.support.hierarchical.ThrowableCollector.execute(ThrowableCollector.java:73)
	at org.junit.platform.engine.support.hierarchical.NodeTestTask.lambda$executeRecursively$8(NodeTestTask.java:141)
	at org.junit.platform.engine.support.hierarchical.Node.around(Node.java:137)
	at org.junit.platform.engine.support.hierarchical.NodeTestTask.lambda$executeRecursively$9(NodeTestTask.java:139)
	at org.junit.platform.engine.support.hierarchical.ThrowableCollector.execute(ThrowableCollector.java:73)
	at org.junit.platform.engine.support.hierarchical.NodeTestTask.executeRecursively(NodeTestTask.java:138)
	at org.junit.platform.engine.support.hierarchical.NodeTestTask.execute(NodeTestTask.java:95)
	at java.util.ArrayList.forEach(ArrayList.java:1259)
	at org.junit.platform.engine.support.hierarchical.SameThreadHierarchicalTestExecutorService.invokeAll(SameThreadHierarchicalTestExecutorService.java:41)
	at org.junit.platform.engine.support.hierarchical.NodeTestTask.lambda$executeRecursively$6(NodeTestTask.java:155)
	at org.junit.platform.engine.support.hierarchical.ThrowableCollector.execute(ThrowableCollector.java:73)
	at org.junit.platform.engine.support.hierarchical.NodeTestTask.lambda$executeRecursively$8(NodeTestTask.java:141)
	at org.junit.platform.engine.support.hierarchical.Node.around(Node.java:137)
	at org.junit.platform.engine.support.hierarchical.NodeTestTask.lambda$executeRecursively$9(NodeTestTask.java:139)
	at org.junit.platform.engine.support.hierarchical.ThrowableCollector.execute(ThrowableCollector.java:73)
	at org.junit.platform.engine.support.hierarchical.NodeTestTask.executeRecursively(NodeTestTask.java:138)
	at org.junit.platform.engine.support.hierarchical.NodeTestTask.execute(NodeTestTask.java:95)
	at java.util.ArrayList.forEach(ArrayList.java:1259)
	at org.junit.platform.engine.support.hierarchical.SameThreadHierarchicalTestExecutorService.invokeAll(SameThreadHierarchicalTestExecutorService.java:41)
	at org.junit.platform.engine.support.hierarchical.NodeTestTask.lambda$executeRecursively$6(NodeTestTask.java:155)
	at org.junit.platform.engine.support.hierarchical.ThrowableCollector.execute(ThrowableCollector.java:73)
	at org.junit.platform.engine.support.hierarchical.NodeTestTask.lambda$executeRecursively$8(NodeTestTask.java:141)
	at org.junit.platform.engine.support.hierarchical.Node.around(Node.java:137)
	at org.junit.platform.engine.support.hierarchical.NodeTestTask.lambda$executeRecursively$9(NodeTestTask.java:139)
	at org.junit.platform.engine.support.hierarchical.ThrowableCollector.execute(ThrowableCollector.java:73)
	at org.junit.platform.engine.support.hierarchical.NodeTestTask.executeRecursively(NodeTestTask.java:138)
	at org.junit.platform.engine.support.hierarchical.NodeTestTask.execute(NodeTestTask.java:95)
	at org.junit.platform.engine.support.hierarchical.SameThreadHierarchicalTestExecutorService.submit(SameThreadHierarchicalTestExecutorService.java:35)
	at org.junit.platform.engine.support.hierarchical.HierarchicalTestExecutor.execute(HierarchicalTestExecutor.java:57)
	at org.junit.platform.engine.support.hierarchical.HierarchicalTestEngine.execute(HierarchicalTestEngine.java:54)
	at org.junit.platform.launcher.core.EngineExecutionOrchestrator.execute(EngineExecutionOrchestrator.java:107)
	at org.junit.platform.launcher.core.EngineExecutionOrchestrator.execute(EngineExecutionOrchestrator.java:88)
	at org.junit.platform.launcher.core.EngineExecutionOrchestrator.lambda$execute$0(EngineExecutionOrchestrator.java:54)
	at org.junit.platform.launcher.core.EngineExecutionOrchestrator.withInterceptedStreams(EngineExecutionOrchestrator.java:67)
	at org.junit.platform.launcher.core.EngineExecutionOrchestrator.execute(EngineExecutionOrchestrator.java:52)
	at org.junit.platform.launcher.core.DefaultLauncher.execute(DefaultLauncher.java:114)
	at org.junit.platform.launcher.core.DefaultLauncher.execute(DefaultLauncher.java:86)
	at org.junit.platform.launcher.core.DefaultLauncherSession$DelegatingLauncher.execute(DefaultLauncherSession.java:86)
	at org.junit.platform.launcher.core.SessionPerRequestLauncher.execute(SessionPerRequestLauncher.java:53)
	at org.apache.maven.surefire.junitplatform.JUnitPlatformProvider.execute(JUnitPlatformProvider.java:188)
	at org.apache.maven.surefire.junitplatform.JUnitPlatformProvider.invokeAllTests(JUnitPlatformProvider.java:154)
	at org.apache.maven.surefire.junitplatform.JUnitPlatformProvider.invoke(JUnitPlatformProvider.java:124)
	at org.apache.maven.surefire.booter.ForkedBooter.runSuitesInProcess(ForkedBooter.java:428)
	at org.apache.maven.surefire.booter.ForkedBooter.execute(ForkedBooter.java:162)
	at org.apache.maven.surefire.booter.ForkedBooter.run(ForkedBooter.java:562)
	at org.apache.maven.surefire.booter.ForkedBooter.main(ForkedBooter.java:548)
Caused by: java.lang.RuntimeException: Runtime Exception after doing work
	at org.apache.hadoop.hdds.scm.container.balancer.TestContainerBalancerTask.lambda$checkIterationResultException$11(TestContainerBalancerTask.java:1045)
	at java.util.concurrent.CompletableFuture$AsyncSupply.run(CompletableFuture.java:1604)
	at java.lang.Thread.run(Thread.java:750)
2023-09-13 18:18:03,467 [main] INFO  balancer.ContainerBalancerTask (ContainerBalancerTask.java:checkIterationMoveResults(642)) - Iteration Summary. Number of Datanodes involved: 2. Size moved: 0 B (0 Bytes). Number of Container moves completed: 0.
2023-09-13 18:18:03,467 [main] INFO  balancer.ContainerBalancerTask (ContainerBalancerTask.java:balance(259)) - Result of this iteration of Container Balancer: ITERATION_COMPLETED
2023-09-13 18:18:03,468 [main] INFO  balancer.ContainerBalancerTask (ContainerBalancerTask.java:tryStopWithSaveConfiguration(308)) - Save Configuration for stopping. Reason: Completed all iterations.
]]></system-out>
  </testcase>
  <testcase name="balancerShouldObeyMaxSizeLeavingSourceLimit" classname="org.apache.hadoop.hdds.scm.container.balancer.TestContainerBalancerTask" time="0.211">
    <system-out><![CDATA[2023-09-13 18:18:03,493 [main] INFO  net.NodeSchemaLoader (NodeSchemaLoader.java:loadSchemaFromFile(129)) - Loading schema from [file:/home/runner/work/ozone/ozone/hadoop-hdds/common/target/classes/network-topology-default.xml]
2023-09-13 18:18:03,493 [main] INFO  net.NodeSchemaLoader (NodeSchemaLoader.java:loadSchema(176)) - Loading network topology layer schema file
2023-09-13 18:18:03,495 [main] INFO  net.NetworkTopologyImpl (NetworkTopologyImpl.java:add(112)) - Added a new node: /default-rack/4f17de24-5171-4fa4-904c-daf981e28ec1
2023-09-13 18:18:03,495 [main] INFO  net.NetworkTopologyImpl (NetworkTopologyImpl.java:add(112)) - Added a new node: /default-rack/d3f82586-965f-4425-af47-8d648c5ba1be
2023-09-13 18:18:03,495 [main] INFO  net.NetworkTopologyImpl (NetworkTopologyImpl.java:add(112)) - Added a new node: /default-rack/77ef1437-ce3a-431b-bfc3-5c21ea920e1b
2023-09-13 18:18:03,495 [main] INFO  net.NetworkTopologyImpl (NetworkTopologyImpl.java:add(112)) - Added a new node: /default-rack/dece0010-edfa-4eb0-bf8c-de1dfb313bf6
2023-09-13 18:18:03,495 [main] INFO  net.NetworkTopologyImpl (NetworkTopologyImpl.java:add(112)) - Added a new node: /default-rack/c41f5d66-cf39-4662-95cc-d8d3c3703009
2023-09-13 18:18:03,496 [main] INFO  net.NetworkTopologyImpl (NetworkTopologyImpl.java:add(112)) - Added a new node: /default-rack/61d8411a-9cb9-4b30-b5e6-6aabc56017b2
2023-09-13 18:18:03,496 [main] INFO  net.NetworkTopologyImpl (NetworkTopologyImpl.java:add(112)) - Added a new node: /default-rack/ad7a6192-9e76-462d-a3ec-087e8cbc0e54
2023-09-13 18:18:03,496 [main] INFO  net.NetworkTopologyImpl (NetworkTopologyImpl.java:add(112)) - Added a new node: /default-rack/684ea14b-d93a-4679-9a4e-f0da1d5d7e35
2023-09-13 18:18:03,496 [main] INFO  net.NetworkTopologyImpl (NetworkTopologyImpl.java:add(112)) - Added a new node: /default-rack/13e25763-68fd-43ea-a889-1f62c9c43374
2023-09-13 18:18:03,496 [main] INFO  net.NetworkTopologyImpl (NetworkTopologyImpl.java:add(112)) - Added a new node: /default-rack/7d51e101-26c5-4aa7-a984-21e8028e257d
2023-09-13 18:18:03,496 [main] INFO  algorithms.ContainerPlacementPolicyFactory (ContainerPlacementPolicyFactory.java:getPolicyInternal(86)) - Create container placement policy of type org.apache.hadoop.hdds.scm.container.placement.algorithms.SCMContainerPlacementRackAware
2023-09-13 18:18:03,496 [main] INFO  algorithms.ContainerPlacementPolicyFactory (ContainerPlacementPolicyFactory.java:getPolicyInternal(86)) - Create container placement policy of type org.apache.hadoop.hdds.scm.container.placement.algorithms.SCMContainerPlacementRackScatter
2023-09-13 18:18:03,499 [main] DEBUG balancer.ContainerBalancerTask (ContainerBalancerTask.java:initializeIteration(374)) - Average utilization of the cluster is 0.3585635485571556
2023-09-13 18:18:03,500 [main] DEBUG balancer.ContainerBalancerTask (ContainerBalancerTask.java:initializeIteration(386)) - Lower limit for utilization is 0.2585635485571556 and Upper limit for utilization is 0.45856354855715564
2023-09-13 18:18:03,500 [main] DEBUG balancer.ContainerBalancerTask (ContainerBalancerTask.java:initializeIteration(398)) - Utilization for node 684ea14b-d93a-4679-9a4e-f0da1d5d7e35 with capacity 85899345920B, used 77309411328B, and remaining 8589934592B is 0.9
2023-09-13 18:18:03,500 [main] DEBUG balancer.ContainerBalancerTask (ContainerBalancerTask.java:initializeIteration(398)) - Utilization for node 4f17de24-5171-4fa4-904c-daf981e28ec1 with capacity 69793218560B, used 55834574848B, and remaining 13958643712B is 0.8
2023-09-13 18:18:03,500 [main] DEBUG balancer.ContainerBalancerTask (ContainerBalancerTask.java:initializeIteration(398)) - Utilization for node ad7a6192-9e76-462d-a3ec-087e8cbc0e54 with capacity 65958426331B, used 46170898432B, and remaining 19787527899B is 0.7000000000045483
2023-09-13 18:18:03,500 [main] DEBUG balancer.ContainerBalancerTask (ContainerBalancerTask.java:initializeIteration(398)) - Utilization for node dece0010-edfa-4eb0-bf8c-de1dfb313bf6 with capacity 69793218560B, used 41875931136B, and remaining 27917287424B is 0.6
2023-09-13 18:18:03,500 [main] DEBUG balancer.ContainerBalancerTask (ContainerBalancerTask.java:initializeIteration(398)) - Utilization for node 61d8411a-9cb9-4b30-b5e6-6aabc56017b2 with capacity 92341796864B, used 46170898432B, and remaining 46170898432B is 0.5
2023-09-13 18:18:03,500 [main] DEBUG balancer.ContainerBalancerTask (ContainerBalancerTask.java:initializeIteration(398)) - Utilization for node 7d51e101-26c5-4aa7-a984-21e8028e257d with capacity 83214991360B, used 33285996544B, and remaining 49928994816B is 0.4
2023-09-13 18:18:03,500 [main] DEBUG balancer.ContainerBalancerTask (ContainerBalancerTask.java:initializeIteration(398)) - Utilization for node 77ef1437-ce3a-431b-bfc3-5c21ea920e1b with capacity 78741067093B, used 23622320128B, and remaining 55118746965B is 0.30000000000127
2023-09-13 18:18:03,500 [main] DEBUG balancer.ContainerBalancerTask (ContainerBalancerTask.java:initializeIteration(398)) - Utilization for node d3f82586-965f-4425-af47-8d648c5ba1be with capacity 204010946560B, used 40802189312B, and remaining 163208757248B is 0.2
2023-09-13 18:18:03,500 [main] DEBUG balancer.ContainerBalancerTask (ContainerBalancerTask.java:initializeIteration(398)) - Utilization for node 13e25763-68fd-43ea-a889-1f62c9c43374 with capacity 354334801920B, used 35433480192B, and remaining 318901321728B is 0.1
2023-09-13 18:18:03,501 [main] DEBUG balancer.ContainerBalancerTask (ContainerBalancerTask.java:initializeIteration(398)) - Utilization for node c41f5d66-cf39-4662-95cc-d8d3c3703009 with capacity 12884901888B, used 0B, and remaining 12884901888B is 0.0
2023-09-13 18:18:03,501 [main] INFO  balancer.ContainerBalancerTask (ContainerBalancerTask.java:initializeIteration(447)) - Container Balancer has identified 5 Over-Utilized and 3 Under-Utilized Datanodes that need to be balanced.
2023-09-13 18:18:03,501 [main] DEBUG balancer.ContainerBalancerTask (ContainerBalancerTask.java:lambda$initializeIteration$1(453)) - Datanode localhost-10.162.172.228 684ea14b-d93a-4679-9a4e-f0da1d5d7e35 is Over-Utilized.
2023-09-13 18:18:03,501 [main] DEBUG balancer.ContainerBalancerTask (ContainerBalancerTask.java:lambda$initializeIteration$1(453)) - Datanode localhost-208.101.186.230 4f17de24-5171-4fa4-904c-daf981e28ec1 is Over-Utilized.
2023-09-13 18:18:03,501 [main] DEBUG balancer.ContainerBalancerTask (ContainerBalancerTask.java:lambda$initializeIteration$1(453)) - Datanode localhost-59.106.137.151 ad7a6192-9e76-462d-a3ec-087e8cbc0e54 is Over-Utilized.
2023-09-13 18:18:03,501 [main] DEBUG balancer.ContainerBalancerTask (ContainerBalancerTask.java:lambda$initializeIteration$1(453)) - Datanode localhost-151.69.58.208 dece0010-edfa-4eb0-bf8c-de1dfb313bf6 is Over-Utilized.
2023-09-13 18:18:03,501 [main] DEBUG balancer.ContainerBalancerTask (ContainerBalancerTask.java:lambda$initializeIteration$1(453)) - Datanode localhost-76.124.186.57 61d8411a-9cb9-4b30-b5e6-6aabc56017b2 is Over-Utilized.
2023-09-13 18:18:03,501 [main] DEBUG balancer.ContainerBalancerTask (ContainerBalancerTask.java:lambda$initializeIteration$2(459)) - Datanode localhost-73.35.147.89 c41f5d66-cf39-4662-95cc-d8d3c3703009 is Under-Utilized.
2023-09-13 18:18:03,501 [main] DEBUG balancer.ContainerBalancerTask (ContainerBalancerTask.java:lambda$initializeIteration$2(459)) - Datanode localhost-237.209.24.240 13e25763-68fd-43ea-a889-1f62c9c43374 is Under-Utilized.
2023-09-13 18:18:03,501 [main] DEBUG balancer.ContainerBalancerTask (ContainerBalancerTask.java:lambda$initializeIteration$2(459)) - Datanode localhost-57.248.177.26 d3f82586-965f-4425-af47-8d648c5ba1be is Under-Utilized.
2023-09-13 18:18:03,505 [main] DEBUG balancer.ContainerBalancerTask (ContainerBalancerTask.java:matchSourceWithTarget(701)) - ContainerBalancer could not find any candidate containers for datanode 684ea14b-d93a-4679-9a4e-f0da1d5d7e35
2023-09-13 18:18:03,507 [main] DEBUG balancer.ContainerBalancerTask (ContainerBalancerTask.java:matchSourceWithTarget(701)) - ContainerBalancer could not find any candidate containers for datanode 4f17de24-5171-4fa4-904c-daf981e28ec1
2023-09-13 18:18:03,509 [main] DEBUG balancer.ContainerBalancerTask (ContainerBalancerTask.java:matchSourceWithTarget(701)) - ContainerBalancer could not find any candidate containers for datanode ad7a6192-9e76-462d-a3ec-087e8cbc0e54
2023-09-13 18:18:03,511 [main] DEBUG balancer.ContainerBalancerTask (ContainerBalancerTask.java:matchSourceWithTarget(701)) - ContainerBalancer could not find any candidate containers for datanode dece0010-edfa-4eb0-bf8c-de1dfb313bf6
2023-09-13 18:18:03,514 [main] DEBUG balancer.ContainerBalancerTask (ContainerBalancerTask.java:matchSourceWithTarget(701)) - ContainerBalancer could not find any candidate containers for datanode 61d8411a-9cb9-4b30-b5e6-6aabc56017b2
2023-09-13 18:18:03,514 [main] INFO  balancer.FindSourceGreedy (FindSourceGreedy.java:getNextCandidateSourceDataNode(126)) - no more candidate source data node
2023-09-13 18:18:03,514 [main] INFO  balancer.ContainerBalancerTask (ContainerBalancerTask.java:balance(259)) - Result of this iteration of Container Balancer: CAN_NOT_BALANCE_ANY_MORE
2023-09-13 18:18:03,514 [main] INFO  balancer.ContainerBalancerTask (ContainerBalancerTask.java:tryStopWithSaveConfiguration(308)) - Save Configuration for stopping. Reason: CAN_NOT_BALANCE_ANY_MORE
2023-09-13 18:18:03,530 [main] DEBUG balancer.ContainerBalancerTask (ContainerBalancerTask.java:initializeIteration(374)) - Average utilization of the cluster is 0.3585635485571556
2023-09-13 18:18:03,530 [main] DEBUG balancer.ContainerBalancerTask (ContainerBalancerTask.java:initializeIteration(386)) - Lower limit for utilization is 0.2585635485571556 and Upper limit for utilization is 0.45856354855715564
2023-09-13 18:18:03,530 [main] DEBUG balancer.ContainerBalancerTask (ContainerBalancerTask.java:initializeIteration(398)) - Utilization for node 684ea14b-d93a-4679-9a4e-f0da1d5d7e35 with capacity 85899345920B, used 77309411328B, and remaining 8589934592B is 0.9
2023-09-13 18:18:03,531 [main] DEBUG balancer.ContainerBalancerTask (ContainerBalancerTask.java:initializeIteration(398)) - Utilization for node 4f17de24-5171-4fa4-904c-daf981e28ec1 with capacity 69793218560B, used 55834574848B, and remaining 13958643712B is 0.8
2023-09-13 18:18:03,531 [main] DEBUG balancer.ContainerBalancerTask (ContainerBalancerTask.java:initializeIteration(398)) - Utilization for node ad7a6192-9e76-462d-a3ec-087e8cbc0e54 with capacity 65958426331B, used 46170898432B, and remaining 19787527899B is 0.7000000000045483
2023-09-13 18:18:03,531 [main] DEBUG balancer.ContainerBalancerTask (ContainerBalancerTask.java:initializeIteration(398)) - Utilization for node dece0010-edfa-4eb0-bf8c-de1dfb313bf6 with capacity 69793218560B, used 41875931136B, and remaining 27917287424B is 0.6
2023-09-13 18:18:03,531 [main] DEBUG balancer.ContainerBalancerTask (ContainerBalancerTask.java:initializeIteration(398)) - Utilization for node 61d8411a-9cb9-4b30-b5e6-6aabc56017b2 with capacity 92341796864B, used 46170898432B, and remaining 46170898432B is 0.5
2023-09-13 18:18:03,531 [main] DEBUG balancer.ContainerBalancerTask (ContainerBalancerTask.java:initializeIteration(398)) - Utilization for node 7d51e101-26c5-4aa7-a984-21e8028e257d with capacity 83214991360B, used 33285996544B, and remaining 49928994816B is 0.4
2023-09-13 18:18:03,531 [main] DEBUG balancer.ContainerBalancerTask (ContainerBalancerTask.java:initializeIteration(398)) - Utilization for node 77ef1437-ce3a-431b-bfc3-5c21ea920e1b with capacity 78741067093B, used 23622320128B, and remaining 55118746965B is 0.30000000000127
2023-09-13 18:18:03,531 [main] DEBUG balancer.ContainerBalancerTask (ContainerBalancerTask.java:initializeIteration(398)) - Utilization for node d3f82586-965f-4425-af47-8d648c5ba1be with capacity 204010946560B, used 40802189312B, and remaining 163208757248B is 0.2
2023-09-13 18:18:03,531 [main] DEBUG balancer.ContainerBalancerTask (ContainerBalancerTask.java:initializeIteration(398)) - Utilization for node 13e25763-68fd-43ea-a889-1f62c9c43374 with capacity 354334801920B, used 35433480192B, and remaining 318901321728B is 0.1
2023-09-13 18:18:03,531 [main] DEBUG balancer.ContainerBalancerTask (ContainerBalancerTask.java:initializeIteration(398)) - Utilization for node c41f5d66-cf39-4662-95cc-d8d3c3703009 with capacity 12884901888B, used 0B, and remaining 12884901888B is 0.0
2023-09-13 18:18:03,531 [main] INFO  balancer.ContainerBalancerTask (ContainerBalancerTask.java:initializeIteration(447)) - Container Balancer has identified 5 Over-Utilized and 3 Under-Utilized Datanodes that need to be balanced.
2023-09-13 18:18:03,531 [main] DEBUG balancer.ContainerBalancerTask (ContainerBalancerTask.java:lambda$initializeIteration$1(453)) - Datanode localhost-10.162.172.228 684ea14b-d93a-4679-9a4e-f0da1d5d7e35 is Over-Utilized.
2023-09-13 18:18:03,532 [main] DEBUG balancer.ContainerBalancerTask (ContainerBalancerTask.java:lambda$initializeIteration$1(453)) - Datanode localhost-208.101.186.230 4f17de24-5171-4fa4-904c-daf981e28ec1 is Over-Utilized.
2023-09-13 18:18:03,532 [main] DEBUG balancer.ContainerBalancerTask (ContainerBalancerTask.java:lambda$initializeIteration$1(453)) - Datanode localhost-59.106.137.151 ad7a6192-9e76-462d-a3ec-087e8cbc0e54 is Over-Utilized.
2023-09-13 18:18:03,532 [main] DEBUG balancer.ContainerBalancerTask (ContainerBalancerTask.java:lambda$initializeIteration$1(453)) - Datanode localhost-151.69.58.208 dece0010-edfa-4eb0-bf8c-de1dfb313bf6 is Over-Utilized.
2023-09-13 18:18:03,532 [main] DEBUG balancer.ContainerBalancerTask (ContainerBalancerTask.java:lambda$initializeIteration$1(453)) - Datanode localhost-76.124.186.57 61d8411a-9cb9-4b30-b5e6-6aabc56017b2 is Over-Utilized.
2023-09-13 18:18:03,532 [main] DEBUG balancer.ContainerBalancerTask (ContainerBalancerTask.java:lambda$initializeIteration$2(459)) - Datanode localhost-73.35.147.89 c41f5d66-cf39-4662-95cc-d8d3c3703009 is Under-Utilized.
2023-09-13 18:18:03,532 [main] DEBUG balancer.ContainerBalancerTask (ContainerBalancerTask.java:lambda$initializeIteration$2(459)) - Datanode localhost-237.209.24.240 13e25763-68fd-43ea-a889-1f62c9c43374 is Under-Utilized.
2023-09-13 18:18:03,532 [main] DEBUG balancer.ContainerBalancerTask (ContainerBalancerTask.java:lambda$initializeIteration$2(459)) - Datanode localhost-57.248.177.26 d3f82586-965f-4425-af47-8d648c5ba1be is Under-Utilized.
2023-09-13 18:18:03,536 [main] DEBUG balancer.ContainerBalancerTask (ContainerBalancerTask.java:matchSourceWithTarget(708)) - ContainerBalancer is finding suitable target for source datanode 684ea14b-d93a-4679-9a4e-f0da1d5d7e35
2023-09-13 18:18:03,536 [main] INFO  balancer.ContainerBalancerTask (ContainerBalancerTask.java:matchSourceWithTarget(722)) - ContainerBalancer matched source datanode 684ea14b-d93a-4679-9a4e-f0da1d5d7e35 with target datanode c41f5d66-cf39-4662-95cc-d8d3c3703009 for container move.
2023-09-13 18:18:03,536 [main] INFO  balancer.ContainerBalancerTask (ContainerBalancerTask.java:processMoveSelection(569)) - ContainerBalancer is trying to move container #85 with size 5368709120B from source datanode 684ea14b-d93a-4679-9a4e-f0da1d5d7e35 to target datanode c41f5d66-cf39-4662-95cc-d8d3c3703009
2023-09-13 18:18:03,536 [main] DEBUG balancer.ContainerBalancerTask (ContainerBalancerTask.java:lambda$moveContainer$3(837)) - Container move completed for container #85 from source 684ea14b-d93a-4679-9a4e-f0da1d5d7e35 to target c41f5d66-cf39-4662-95cc-d8d3c3703009
2023-09-13 18:18:03,537 [main] DEBUG balancer.ContainerBalancerTask (ContainerBalancerTask.java:adaptOnReachingIterationLimits(782)) - Reached max datanodes to involve limit. 2 datanodes have already been selected for balancing and the limit is 2. Only already selected sources and targets can be involved in balancing now.
2023-09-13 18:18:03,541 [main] DEBUG balancer.ContainerBalancerTask (ContainerBalancerTask.java:matchSourceWithTarget(708)) - ContainerBalancer is finding suitable target for source datanode 684ea14b-d93a-4679-9a4e-f0da1d5d7e35
2023-09-13 18:18:03,542 [main] INFO  balancer.FindTargetGreedyByUsageInfo (AbstractFindTargetGreedy.java:findTargetForContainerMove(133)) - Container Balancer could not find a target for source datanode 684ea14b-d93a-4679-9a4e-f0da1d5d7e35
2023-09-13 18:18:03,542 [main] DEBUG balancer.ContainerBalancerTask (ContainerBalancerTask.java:matchSourceWithTarget(717)) - ContainerBalancer could not find a suitable target for source node 684ea14b-d93a-4679-9a4e-f0da1d5d7e35.
2023-09-13 18:18:03,542 [main] INFO  balancer.FindSourceGreedy (FindSourceGreedy.java:getNextCandidateSourceDataNode(126)) - no more candidate source data node
2023-09-13 18:18:03,543 [main] INFO  balancer.ContainerBalancerTask (ContainerBalancerTask.java:checkIterationMoveResults(642)) - Iteration Summary. Number of Datanodes involved: 2. Size moved: 5 GB (5368709120 Bytes). Number of Container moves completed: 1.
2023-09-13 18:18:03,543 [main] INFO  balancer.ContainerBalancerTask (ContainerBalancerTask.java:balance(259)) - Result of this iteration of Container Balancer: ITERATION_COMPLETED
2023-09-13 18:18:03,544 [main] DEBUG balancer.ContainerBalancerTask (ContainerBalancerTask.java:initializeIteration(374)) - Average utilization of the cluster is 0.3585635485571556
2023-09-13 18:18:03,545 [main] DEBUG balancer.ContainerBalancerTask (ContainerBalancerTask.java:initializeIteration(386)) - Lower limit for utilization is 0.2585635485571556 and Upper limit for utilization is 0.45856354855715564
2023-09-13 18:18:03,545 [main] DEBUG balancer.ContainerBalancerTask (ContainerBalancerTask.java:initializeIteration(398)) - Utilization for node 684ea14b-d93a-4679-9a4e-f0da1d5d7e35 with capacity 85899345920B, used 77309411328B, and remaining 8589934592B is 0.9
2023-09-13 18:18:03,545 [main] DEBUG balancer.ContainerBalancerTask (ContainerBalancerTask.java:initializeIteration(398)) - Utilization for node 4f17de24-5171-4fa4-904c-daf981e28ec1 with capacity 69793218560B, used 55834574848B, and remaining 13958643712B is 0.8
2023-09-13 18:18:03,545 [main] DEBUG balancer.ContainerBalancerTask (ContainerBalancerTask.java:initializeIteration(398)) - Utilization for node ad7a6192-9e76-462d-a3ec-087e8cbc0e54 with capacity 65958426331B, used 46170898432B, and remaining 19787527899B is 0.7000000000045483
2023-09-13 18:18:03,545 [main] DEBUG balancer.ContainerBalancerTask (ContainerBalancerTask.java:initializeIteration(398)) - Utilization for node dece0010-edfa-4eb0-bf8c-de1dfb313bf6 with capacity 69793218560B, used 41875931136B, and remaining 27917287424B is 0.6
2023-09-13 18:18:03,545 [main] DEBUG balancer.ContainerBalancerTask (ContainerBalancerTask.java:initializeIteration(398)) - Utilization for node 61d8411a-9cb9-4b30-b5e6-6aabc56017b2 with capacity 92341796864B, used 46170898432B, and remaining 46170898432B is 0.5
2023-09-13 18:18:03,545 [main] DEBUG balancer.ContainerBalancerTask (ContainerBalancerTask.java:initializeIteration(398)) - Utilization for node 7d51e101-26c5-4aa7-a984-21e8028e257d with capacity 83214991360B, used 33285996544B, and remaining 49928994816B is 0.4
2023-09-13 18:18:03,545 [main] DEBUG balancer.ContainerBalancerTask (ContainerBalancerTask.java:initializeIteration(398)) - Utilization for node 77ef1437-ce3a-431b-bfc3-5c21ea920e1b with capacity 78741067093B, used 23622320128B, and remaining 55118746965B is 0.30000000000127
2023-09-13 18:18:03,545 [main] DEBUG balancer.ContainerBalancerTask (ContainerBalancerTask.java:initializeIteration(398)) - Utilization for node d3f82586-965f-4425-af47-8d648c5ba1be with capacity 204010946560B, used 40802189312B, and remaining 163208757248B is 0.2
2023-09-13 18:18:03,545 [main] DEBUG balancer.ContainerBalancerTask (ContainerBalancerTask.java:initializeIteration(398)) - Utilization for node 13e25763-68fd-43ea-a889-1f62c9c43374 with capacity 354334801920B, used 35433480192B, and remaining 318901321728B is 0.1
2023-09-13 18:18:03,546 [main] DEBUG balancer.ContainerBalancerTask (ContainerBalancerTask.java:initializeIteration(398)) - Utilization for node c41f5d66-cf39-4662-95cc-d8d3c3703009 with capacity 12884901888B, used 0B, and remaining 12884901888B is 0.0
2023-09-13 18:18:03,546 [main] INFO  balancer.ContainerBalancerTask (ContainerBalancerTask.java:initializeIteration(447)) - Container Balancer has identified 5 Over-Utilized and 3 Under-Utilized Datanodes that need to be balanced.
2023-09-13 18:18:03,546 [main] DEBUG balancer.ContainerBalancerTask (ContainerBalancerTask.java:lambda$initializeIteration$1(453)) - Datanode localhost-10.162.172.228 684ea14b-d93a-4679-9a4e-f0da1d5d7e35 is Over-Utilized.
2023-09-13 18:18:03,546 [main] DEBUG balancer.ContainerBalancerTask (ContainerBalancerTask.java:lambda$initializeIteration$1(453)) - Datanode localhost-208.101.186.230 4f17de24-5171-4fa4-904c-daf981e28ec1 is Over-Utilized.
2023-09-13 18:18:03,546 [main] DEBUG balancer.ContainerBalancerTask (ContainerBalancerTask.java:lambda$initializeIteration$1(453)) - Datanode localhost-59.106.137.151 ad7a6192-9e76-462d-a3ec-087e8cbc0e54 is Over-Utilized.
2023-09-13 18:18:03,546 [main] DEBUG balancer.ContainerBalancerTask (ContainerBalancerTask.java:lambda$initializeIteration$1(453)) - Datanode localhost-151.69.58.208 dece0010-edfa-4eb0-bf8c-de1dfb313bf6 is Over-Utilized.
2023-09-13 18:18:03,546 [main] DEBUG balancer.ContainerBalancerTask (ContainerBalancerTask.java:lambda$initializeIteration$1(453)) - Datanode localhost-76.124.186.57 61d8411a-9cb9-4b30-b5e6-6aabc56017b2 is Over-Utilized.
2023-09-13 18:18:03,546 [main] DEBUG balancer.ContainerBalancerTask (ContainerBalancerTask.java:lambda$initializeIteration$2(459)) - Datanode localhost-73.35.147.89 c41f5d66-cf39-4662-95cc-d8d3c3703009 is Under-Utilized.
2023-09-13 18:18:03,546 [main] DEBUG balancer.ContainerBalancerTask (ContainerBalancerTask.java:lambda$initializeIteration$2(459)) - Datanode localhost-237.209.24.240 13e25763-68fd-43ea-a889-1f62c9c43374 is Under-Utilized.
2023-09-13 18:18:03,546 [main] DEBUG balancer.ContainerBalancerTask (ContainerBalancerTask.java:lambda$initializeIteration$2(459)) - Datanode localhost-57.248.177.26 d3f82586-965f-4425-af47-8d648c5ba1be is Under-Utilized.
2023-09-13 18:18:03,550 [main] DEBUG balancer.ContainerBalancerTask (ContainerBalancerTask.java:matchSourceWithTarget(708)) - ContainerBalancer is finding suitable target for source datanode 684ea14b-d93a-4679-9a4e-f0da1d5d7e35
2023-09-13 18:18:03,550 [main] INFO  balancer.ContainerBalancerTask (ContainerBalancerTask.java:matchSourceWithTarget(722)) - ContainerBalancer matched source datanode 684ea14b-d93a-4679-9a4e-f0da1d5d7e35 with target datanode c41f5d66-cf39-4662-95cc-d8d3c3703009 for container move.
2023-09-13 18:18:03,550 [main] INFO  balancer.ContainerBalancerTask (ContainerBalancerTask.java:processMoveSelection(569)) - ContainerBalancer is trying to move container #85 with size 5368709120B from source datanode 684ea14b-d93a-4679-9a4e-f0da1d5d7e35 to target datanode c41f5d66-cf39-4662-95cc-d8d3c3703009
2023-09-13 18:18:03,550 [main] DEBUG balancer.ContainerBalancerTask (ContainerBalancerTask.java:lambda$moveContainer$3(837)) - Container move completed for container #85 from source 684ea14b-d93a-4679-9a4e-f0da1d5d7e35 to target c41f5d66-cf39-4662-95cc-d8d3c3703009
2023-09-13 18:18:03,551 [main] DEBUG balancer.ContainerBalancerTask (ContainerBalancerTask.java:adaptOnReachingIterationLimits(782)) - Reached max datanodes to involve limit. 2 datanodes have already been selected for balancing and the limit is 2. Only already selected sources and targets can be involved in balancing now.
2023-09-13 18:18:03,554 [main] DEBUG balancer.ContainerBalancerTask (ContainerBalancerTask.java:matchSourceWithTarget(708)) - ContainerBalancer is finding suitable target for source datanode 684ea14b-d93a-4679-9a4e-f0da1d5d7e35
2023-09-13 18:18:03,555 [main] INFO  balancer.FindTargetGreedyByUsageInfo (AbstractFindTargetGreedy.java:findTargetForContainerMove(133)) - Container Balancer could not find a target for source datanode 684ea14b-d93a-4679-9a4e-f0da1d5d7e35
2023-09-13 18:18:03,556 [main] DEBUG balancer.ContainerBalancerTask (ContainerBalancerTask.java:matchSourceWithTarget(717)) - ContainerBalancer could not find a suitable target for source node 684ea14b-d93a-4679-9a4e-f0da1d5d7e35.
2023-09-13 18:18:03,556 [main] INFO  balancer.FindSourceGreedy (FindSourceGreedy.java:getNextCandidateSourceDataNode(126)) - no more candidate source data node
2023-09-13 18:18:03,556 [main] INFO  balancer.ContainerBalancerTask (ContainerBalancerTask.java:checkIterationMoveResults(642)) - Iteration Summary. Number of Datanodes involved: 2. Size moved: 5 GB (5368709120 Bytes). Number of Container moves completed: 1.
2023-09-13 18:18:03,556 [main] INFO  balancer.ContainerBalancerTask (ContainerBalancerTask.java:balance(259)) - Result of this iteration of Container Balancer: ITERATION_COMPLETED
2023-09-13 18:18:03,558 [main] DEBUG balancer.ContainerBalancerTask (ContainerBalancerTask.java:initializeIteration(374)) - Average utilization of the cluster is 0.3585635485571556
2023-09-13 18:18:03,558 [main] DEBUG balancer.ContainerBalancerTask (ContainerBalancerTask.java:initializeIteration(386)) - Lower limit for utilization is 0.2585635485571556 and Upper limit for utilization is 0.45856354855715564
2023-09-13 18:18:03,558 [main] DEBUG balancer.ContainerBalancerTask (ContainerBalancerTask.java:initializeIteration(398)) - Utilization for node 684ea14b-d93a-4679-9a4e-f0da1d5d7e35 with capacity 85899345920B, used 77309411328B, and remaining 8589934592B is 0.9
2023-09-13 18:18:03,558 [main] DEBUG balancer.ContainerBalancerTask (ContainerBalancerTask.java:initializeIteration(398)) - Utilization for node 4f17de24-5171-4fa4-904c-daf981e28ec1 with capacity 69793218560B, used 55834574848B, and remaining 13958643712B is 0.8
2023-09-13 18:18:03,558 [main] DEBUG balancer.ContainerBalancerTask (ContainerBalancerTask.java:initializeIteration(398)) - Utilization for node ad7a6192-9e76-462d-a3ec-087e8cbc0e54 with capacity 65958426331B, used 46170898432B, and remaining 19787527899B is 0.7000000000045483
2023-09-13 18:18:03,558 [main] DEBUG balancer.ContainerBalancerTask (ContainerBalancerTask.java:initializeIteration(398)) - Utilization for node dece0010-edfa-4eb0-bf8c-de1dfb313bf6 with capacity 69793218560B, used 41875931136B, and remaining 27917287424B is 0.6
2023-09-13 18:18:03,558 [main] DEBUG balancer.ContainerBalancerTask (ContainerBalancerTask.java:initializeIteration(398)) - Utilization for node 61d8411a-9cb9-4b30-b5e6-6aabc56017b2 with capacity 92341796864B, used 46170898432B, and remaining 46170898432B is 0.5
2023-09-13 18:18:03,558 [main] DEBUG balancer.ContainerBalancerTask (ContainerBalancerTask.java:initializeIteration(398)) - Utilization for node 7d51e101-26c5-4aa7-a984-21e8028e257d with capacity 83214991360B, used 33285996544B, and remaining 49928994816B is 0.4
2023-09-13 18:18:03,559 [main] DEBUG balancer.ContainerBalancerTask (ContainerBalancerTask.java:initializeIteration(398)) - Utilization for node 77ef1437-ce3a-431b-bfc3-5c21ea920e1b with capacity 78741067093B, used 23622320128B, and remaining 55118746965B is 0.30000000000127
2023-09-13 18:18:03,559 [main] DEBUG balancer.ContainerBalancerTask (ContainerBalancerTask.java:initializeIteration(398)) - Utilization for node d3f82586-965f-4425-af47-8d648c5ba1be with capacity 204010946560B, used 40802189312B, and remaining 163208757248B is 0.2
2023-09-13 18:18:03,559 [main] DEBUG balancer.ContainerBalancerTask (ContainerBalancerTask.java:initializeIteration(398)) - Utilization for node 13e25763-68fd-43ea-a889-1f62c9c43374 with capacity 354334801920B, used 35433480192B, and remaining 318901321728B is 0.1
2023-09-13 18:18:03,559 [main] DEBUG balancer.ContainerBalancerTask (ContainerBalancerTask.java:initializeIteration(398)) - Utilization for node c41f5d66-cf39-4662-95cc-d8d3c3703009 with capacity 12884901888B, used 0B, and remaining 12884901888B is 0.0
2023-09-13 18:18:03,559 [main] INFO  balancer.ContainerBalancerTask (ContainerBalancerTask.java:initializeIteration(447)) - Container Balancer has identified 5 Over-Utilized and 3 Under-Utilized Datanodes that need to be balanced.
2023-09-13 18:18:03,559 [main] DEBUG balancer.ContainerBalancerTask (ContainerBalancerTask.java:lambda$initializeIteration$1(453)) - Datanode localhost-10.162.172.228 684ea14b-d93a-4679-9a4e-f0da1d5d7e35 is Over-Utilized.
2023-09-13 18:18:03,559 [main] DEBUG balancer.ContainerBalancerTask (ContainerBalancerTask.java:lambda$initializeIteration$1(453)) - Datanode localhost-208.101.186.230 4f17de24-5171-4fa4-904c-daf981e28ec1 is Over-Utilized.
2023-09-13 18:18:03,559 [main] DEBUG balancer.ContainerBalancerTask (ContainerBalancerTask.java:lambda$initializeIteration$1(453)) - Datanode localhost-59.106.137.151 ad7a6192-9e76-462d-a3ec-087e8cbc0e54 is Over-Utilized.
2023-09-13 18:18:03,559 [main] DEBUG balancer.ContainerBalancerTask (ContainerBalancerTask.java:lambda$initializeIteration$1(453)) - Datanode localhost-151.69.58.208 dece0010-edfa-4eb0-bf8c-de1dfb313bf6 is Over-Utilized.
2023-09-13 18:18:03,559 [main] DEBUG balancer.ContainerBalancerTask (ContainerBalancerTask.java:lambda$initializeIteration$1(453)) - Datanode localhost-76.124.186.57 61d8411a-9cb9-4b30-b5e6-6aabc56017b2 is Over-Utilized.
2023-09-13 18:18:03,559 [main] DEBUG balancer.ContainerBalancerTask (ContainerBalancerTask.java:lambda$initializeIteration$2(459)) - Datanode localhost-73.35.147.89 c41f5d66-cf39-4662-95cc-d8d3c3703009 is Under-Utilized.
2023-09-13 18:18:03,559 [main] DEBUG balancer.ContainerBalancerTask (ContainerBalancerTask.java:lambda$initializeIteration$2(459)) - Datanode localhost-237.209.24.240 13e25763-68fd-43ea-a889-1f62c9c43374 is Under-Utilized.
2023-09-13 18:18:03,560 [main] DEBUG balancer.ContainerBalancerTask (ContainerBalancerTask.java:lambda$initializeIteration$2(459)) - Datanode localhost-57.248.177.26 d3f82586-965f-4425-af47-8d648c5ba1be is Under-Utilized.
2023-09-13 18:18:03,563 [main] DEBUG balancer.ContainerBalancerTask (ContainerBalancerTask.java:matchSourceWithTarget(708)) - ContainerBalancer is finding suitable target for source datanode 684ea14b-d93a-4679-9a4e-f0da1d5d7e35
2023-09-13 18:18:03,563 [main] INFO  balancer.ContainerBalancerTask (ContainerBalancerTask.java:matchSourceWithTarget(722)) - ContainerBalancer matched source datanode 684ea14b-d93a-4679-9a4e-f0da1d5d7e35 with target datanode c41f5d66-cf39-4662-95cc-d8d3c3703009 for container move.
2023-09-13 18:18:03,563 [main] INFO  balancer.ContainerBalancerTask (ContainerBalancerTask.java:processMoveSelection(569)) - ContainerBalancer is trying to move container #85 with size 5368709120B from source datanode 684ea14b-d93a-4679-9a4e-f0da1d5d7e35 to target datanode c41f5d66-cf39-4662-95cc-d8d3c3703009
2023-09-13 18:18:03,563 [main] DEBUG balancer.ContainerBalancerTask (ContainerBalancerTask.java:lambda$moveContainer$3(837)) - Container move completed for container #85 from source 684ea14b-d93a-4679-9a4e-f0da1d5d7e35 to target c41f5d66-cf39-4662-95cc-d8d3c3703009
2023-09-13 18:18:03,564 [main] DEBUG balancer.ContainerBalancerTask (ContainerBalancerTask.java:adaptOnReachingIterationLimits(782)) - Reached max datanodes to involve limit. 2 datanodes have already been selected for balancing and the limit is 2. Only already selected sources and targets can be involved in balancing now.
2023-09-13 18:18:03,567 [main] DEBUG balancer.ContainerBalancerTask (ContainerBalancerTask.java:matchSourceWithTarget(708)) - ContainerBalancer is finding suitable target for source datanode 684ea14b-d93a-4679-9a4e-f0da1d5d7e35
2023-09-13 18:18:03,568 [main] INFO  balancer.FindTargetGreedyByUsageInfo (AbstractFindTargetGreedy.java:findTargetForContainerMove(133)) - Container Balancer could not find a target for source datanode 684ea14b-d93a-4679-9a4e-f0da1d5d7e35
2023-09-13 18:18:03,568 [main] DEBUG balancer.ContainerBalancerTask (ContainerBalancerTask.java:matchSourceWithTarget(717)) - ContainerBalancer could not find a suitable target for source node 684ea14b-d93a-4679-9a4e-f0da1d5d7e35.
2023-09-13 18:18:03,569 [main] INFO  balancer.FindSourceGreedy (FindSourceGreedy.java:getNextCandidateSourceDataNode(126)) - no more candidate source data node
2023-09-13 18:18:03,569 [main] INFO  balancer.ContainerBalancerTask (ContainerBalancerTask.java:checkIterationMoveResults(642)) - Iteration Summary. Number of Datanodes involved: 2. Size moved: 5 GB (5368709120 Bytes). Number of Container moves completed: 1.
2023-09-13 18:18:03,569 [main] INFO  balancer.ContainerBalancerTask (ContainerBalancerTask.java:balance(259)) - Result of this iteration of Container Balancer: ITERATION_COMPLETED
2023-09-13 18:18:03,571 [main] DEBUG balancer.ContainerBalancerTask (ContainerBalancerTask.java:initializeIteration(374)) - Average utilization of the cluster is 0.3585635485571556
2023-09-13 18:18:03,571 [main] DEBUG balancer.ContainerBalancerTask (ContainerBalancerTask.java:initializeIteration(386)) - Lower limit for utilization is 0.2585635485571556 and Upper limit for utilization is 0.45856354855715564
2023-09-13 18:18:03,571 [main] DEBUG balancer.ContainerBalancerTask (ContainerBalancerTask.java:initializeIteration(398)) - Utilization for node 684ea14b-d93a-4679-9a4e-f0da1d5d7e35 with capacity 85899345920B, used 77309411328B, and remaining 8589934592B is 0.9
2023-09-13 18:18:03,571 [main] DEBUG balancer.ContainerBalancerTask (ContainerBalancerTask.java:initializeIteration(398)) - Utilization for node 4f17de24-5171-4fa4-904c-daf981e28ec1 with capacity 69793218560B, used 55834574848B, and remaining 13958643712B is 0.8
2023-09-13 18:18:03,571 [main] DEBUG balancer.ContainerBalancerTask (ContainerBalancerTask.java:initializeIteration(398)) - Utilization for node ad7a6192-9e76-462d-a3ec-087e8cbc0e54 with capacity 65958426331B, used 46170898432B, and remaining 19787527899B is 0.7000000000045483
2023-09-13 18:18:03,571 [main] DEBUG balancer.ContainerBalancerTask (ContainerBalancerTask.java:initializeIteration(398)) - Utilization for node dece0010-edfa-4eb0-bf8c-de1dfb313bf6 with capacity 69793218560B, used 41875931136B, and remaining 27917287424B is 0.6
2023-09-13 18:18:03,571 [main] DEBUG balancer.ContainerBalancerTask (ContainerBalancerTask.java:initializeIteration(398)) - Utilization for node 61d8411a-9cb9-4b30-b5e6-6aabc56017b2 with capacity 92341796864B, used 46170898432B, and remaining 46170898432B is 0.5
2023-09-13 18:18:03,571 [main] DEBUG balancer.ContainerBalancerTask (ContainerBalancerTask.java:initializeIteration(398)) - Utilization for node 7d51e101-26c5-4aa7-a984-21e8028e257d with capacity 83214991360B, used 33285996544B, and remaining 49928994816B is 0.4
2023-09-13 18:18:03,571 [main] DEBUG balancer.ContainerBalancerTask (ContainerBalancerTask.java:initializeIteration(398)) - Utilization for node 77ef1437-ce3a-431b-bfc3-5c21ea920e1b with capacity 78741067093B, used 23622320128B, and remaining 55118746965B is 0.30000000000127
2023-09-13 18:18:03,571 [main] DEBUG balancer.ContainerBalancerTask (ContainerBalancerTask.java:initializeIteration(398)) - Utilization for node d3f82586-965f-4425-af47-8d648c5ba1be with capacity 204010946560B, used 40802189312B, and remaining 163208757248B is 0.2
2023-09-13 18:18:03,571 [main] DEBUG balancer.ContainerBalancerTask (ContainerBalancerTask.java:initializeIteration(398)) - Utilization for node 13e25763-68fd-43ea-a889-1f62c9c43374 with capacity 354334801920B, used 35433480192B, and remaining 318901321728B is 0.1
2023-09-13 18:18:03,572 [main] DEBUG balancer.ContainerBalancerTask (ContainerBalancerTask.java:initializeIteration(398)) - Utilization for node c41f5d66-cf39-4662-95cc-d8d3c3703009 with capacity 12884901888B, used 0B, and remaining 12884901888B is 0.0
2023-09-13 18:18:03,572 [main] INFO  balancer.ContainerBalancerTask (ContainerBalancerTask.java:initializeIteration(447)) - Container Balancer has identified 5 Over-Utilized and 3 Under-Utilized Datanodes that need to be balanced.
2023-09-13 18:18:03,572 [main] DEBUG balancer.ContainerBalancerTask (ContainerBalancerTask.java:lambda$initializeIteration$1(453)) - Datanode localhost-10.162.172.228 684ea14b-d93a-4679-9a4e-f0da1d5d7e35 is Over-Utilized.
2023-09-13 18:18:03,572 [main] DEBUG balancer.ContainerBalancerTask (ContainerBalancerTask.java:lambda$initializeIteration$1(453)) - Datanode localhost-208.101.186.230 4f17de24-5171-4fa4-904c-daf981e28ec1 is Over-Utilized.
2023-09-13 18:18:03,572 [main] DEBUG balancer.ContainerBalancerTask (ContainerBalancerTask.java:lambda$initializeIteration$1(453)) - Datanode localhost-59.106.137.151 ad7a6192-9e76-462d-a3ec-087e8cbc0e54 is Over-Utilized.
2023-09-13 18:18:03,572 [main] DEBUG balancer.ContainerBalancerTask (ContainerBalancerTask.java:lambda$initializeIteration$1(453)) - Datanode localhost-151.69.58.208 dece0010-edfa-4eb0-bf8c-de1dfb313bf6 is Over-Utilized.
2023-09-13 18:18:03,572 [main] DEBUG balancer.ContainerBalancerTask (ContainerBalancerTask.java:lambda$initializeIteration$1(453)) - Datanode localhost-76.124.186.57 61d8411a-9cb9-4b30-b5e6-6aabc56017b2 is Over-Utilized.
2023-09-13 18:18:03,572 [main] DEBUG balancer.ContainerBalancerTask (ContainerBalancerTask.java:lambda$initializeIteration$2(459)) - Datanode localhost-73.35.147.89 c41f5d66-cf39-4662-95cc-d8d3c3703009 is Under-Utilized.
2023-09-13 18:18:03,572 [main] DEBUG balancer.ContainerBalancerTask (ContainerBalancerTask.java:lambda$initializeIteration$2(459)) - Datanode localhost-237.209.24.240 13e25763-68fd-43ea-a889-1f62c9c43374 is Under-Utilized.
2023-09-13 18:18:03,572 [main] DEBUG balancer.ContainerBalancerTask (ContainerBalancerTask.java:lambda$initializeIteration$2(459)) - Datanode localhost-57.248.177.26 d3f82586-965f-4425-af47-8d648c5ba1be is Under-Utilized.
2023-09-13 18:18:03,576 [main] DEBUG balancer.ContainerBalancerTask (ContainerBalancerTask.java:matchSourceWithTarget(708)) - ContainerBalancer is finding suitable target for source datanode 684ea14b-d93a-4679-9a4e-f0da1d5d7e35
2023-09-13 18:18:03,576 [main] INFO  balancer.ContainerBalancerTask (ContainerBalancerTask.java:matchSourceWithTarget(722)) - ContainerBalancer matched source datanode 684ea14b-d93a-4679-9a4e-f0da1d5d7e35 with target datanode c41f5d66-cf39-4662-95cc-d8d3c3703009 for container move.
2023-09-13 18:18:03,576 [main] INFO  balancer.ContainerBalancerTask (ContainerBalancerTask.java:processMoveSelection(569)) - ContainerBalancer is trying to move container #85 with size 5368709120B from source datanode 684ea14b-d93a-4679-9a4e-f0da1d5d7e35 to target datanode c41f5d66-cf39-4662-95cc-d8d3c3703009
2023-09-13 18:18:03,576 [main] DEBUG balancer.ContainerBalancerTask (ContainerBalancerTask.java:lambda$moveContainer$3(837)) - Container move completed for container #85 from source 684ea14b-d93a-4679-9a4e-f0da1d5d7e35 to target c41f5d66-cf39-4662-95cc-d8d3c3703009
2023-09-13 18:18:03,577 [main] DEBUG balancer.ContainerBalancerTask (ContainerBalancerTask.java:adaptOnReachingIterationLimits(782)) - Reached max datanodes to involve limit. 2 datanodes have already been selected for balancing and the limit is 2. Only already selected sources and targets can be involved in balancing now.
2023-09-13 18:18:03,580 [main] DEBUG balancer.ContainerBalancerTask (ContainerBalancerTask.java:matchSourceWithTarget(708)) - ContainerBalancer is finding suitable target for source datanode 684ea14b-d93a-4679-9a4e-f0da1d5d7e35
2023-09-13 18:18:03,581 [main] INFO  balancer.FindTargetGreedyByUsageInfo (AbstractFindTargetGreedy.java:findTargetForContainerMove(133)) - Container Balancer could not find a target for source datanode 684ea14b-d93a-4679-9a4e-f0da1d5d7e35
2023-09-13 18:18:03,581 [main] DEBUG balancer.ContainerBalancerTask (ContainerBalancerTask.java:matchSourceWithTarget(717)) - ContainerBalancer could not find a suitable target for source node 684ea14b-d93a-4679-9a4e-f0da1d5d7e35.
2023-09-13 18:18:03,582 [main] INFO  balancer.FindSourceGreedy (FindSourceGreedy.java:getNextCandidateSourceDataNode(126)) - no more candidate source data node
2023-09-13 18:18:03,582 [main] INFO  balancer.ContainerBalancerTask (ContainerBalancerTask.java:checkIterationMoveResults(642)) - Iteration Summary. Number of Datanodes involved: 2. Size moved: 5 GB (5368709120 Bytes). Number of Container moves completed: 1.
2023-09-13 18:18:03,582 [main] INFO  balancer.ContainerBalancerTask (ContainerBalancerTask.java:balance(259)) - Result of this iteration of Container Balancer: ITERATION_COMPLETED
2023-09-13 18:18:03,587 [main] DEBUG balancer.ContainerBalancerTask (ContainerBalancerTask.java:initializeIteration(374)) - Average utilization of the cluster is 0.3585635485571556
2023-09-13 18:18:03,587 [main] DEBUG balancer.ContainerBalancerTask (ContainerBalancerTask.java:initializeIteration(386)) - Lower limit for utilization is 0.2585635485571556 and Upper limit for utilization is 0.45856354855715564
2023-09-13 18:18:03,589 [main] DEBUG balancer.ContainerBalancerTask (ContainerBalancerTask.java:initializeIteration(398)) - Utilization for node 684ea14b-d93a-4679-9a4e-f0da1d5d7e35 with capacity 85899345920B, used 77309411328B, and remaining 8589934592B is 0.9
2023-09-13 18:18:03,589 [main] DEBUG balancer.ContainerBalancerTask (ContainerBalancerTask.java:initializeIteration(398)) - Utilization for node 4f17de24-5171-4fa4-904c-daf981e28ec1 with capacity 69793218560B, used 55834574848B, and remaining 13958643712B is 0.8
2023-09-13 18:18:03,589 [main] DEBUG balancer.ContainerBalancerTask (ContainerBalancerTask.java:initializeIteration(398)) - Utilization for node ad7a6192-9e76-462d-a3ec-087e8cbc0e54 with capacity 65958426331B, used 46170898432B, and remaining 19787527899B is 0.7000000000045483
2023-09-13 18:18:03,590 [main] DEBUG balancer.ContainerBalancerTask (ContainerBalancerTask.java:initializeIteration(398)) - Utilization for node dece0010-edfa-4eb0-bf8c-de1dfb313bf6 with capacity 69793218560B, used 41875931136B, and remaining 27917287424B is 0.6
2023-09-13 18:18:03,590 [main] DEBUG balancer.ContainerBalancerTask (ContainerBalancerTask.java:initializeIteration(398)) - Utilization for node 61d8411a-9cb9-4b30-b5e6-6aabc56017b2 with capacity 92341796864B, used 46170898432B, and remaining 46170898432B is 0.5
2023-09-13 18:18:03,590 [main] DEBUG balancer.ContainerBalancerTask (ContainerBalancerTask.java:initializeIteration(398)) - Utilization for node 7d51e101-26c5-4aa7-a984-21e8028e257d with capacity 83214991360B, used 33285996544B, and remaining 49928994816B is 0.4
2023-09-13 18:18:03,590 [main] DEBUG balancer.ContainerBalancerTask (ContainerBalancerTask.java:initializeIteration(398)) - Utilization for node 77ef1437-ce3a-431b-bfc3-5c21ea920e1b with capacity 78741067093B, used 23622320128B, and remaining 55118746965B is 0.30000000000127
2023-09-13 18:18:03,590 [main] DEBUG balancer.ContainerBalancerTask (ContainerBalancerTask.java:initializeIteration(398)) - Utilization for node d3f82586-965f-4425-af47-8d648c5ba1be with capacity 204010946560B, used 40802189312B, and remaining 163208757248B is 0.2
2023-09-13 18:18:03,590 [main] DEBUG balancer.ContainerBalancerTask (ContainerBalancerTask.java:initializeIteration(398)) - Utilization for node 13e25763-68fd-43ea-a889-1f62c9c43374 with capacity 354334801920B, used 35433480192B, and remaining 318901321728B is 0.1
2023-09-13 18:18:03,590 [main] DEBUG balancer.ContainerBalancerTask (ContainerBalancerTask.java:initializeIteration(398)) - Utilization for node c41f5d66-cf39-4662-95cc-d8d3c3703009 with capacity 12884901888B, used 0B, and remaining 12884901888B is 0.0
2023-09-13 18:18:03,590 [main] INFO  balancer.ContainerBalancerTask (ContainerBalancerTask.java:initializeIteration(447)) - Container Balancer has identified 5 Over-Utilized and 3 Under-Utilized Datanodes that need to be balanced.
2023-09-13 18:18:03,590 [main] DEBUG balancer.ContainerBalancerTask (ContainerBalancerTask.java:lambda$initializeIteration$1(453)) - Datanode localhost-10.162.172.228 684ea14b-d93a-4679-9a4e-f0da1d5d7e35 is Over-Utilized.
2023-09-13 18:18:03,590 [main] DEBUG balancer.ContainerBalancerTask (ContainerBalancerTask.java:lambda$initializeIteration$1(453)) - Datanode localhost-208.101.186.230 4f17de24-5171-4fa4-904c-daf981e28ec1 is Over-Utilized.
2023-09-13 18:18:03,590 [main] DEBUG balancer.ContainerBalancerTask (ContainerBalancerTask.java:lambda$initializeIteration$1(453)) - Datanode localhost-59.106.137.151 ad7a6192-9e76-462d-a3ec-087e8cbc0e54 is Over-Utilized.
2023-09-13 18:18:03,591 [main] DEBUG balancer.ContainerBalancerTask (ContainerBalancerTask.java:lambda$initializeIteration$1(453)) - Datanode localhost-151.69.58.208 dece0010-edfa-4eb0-bf8c-de1dfb313bf6 is Over-Utilized.
2023-09-13 18:18:03,591 [main] DEBUG balancer.ContainerBalancerTask (ContainerBalancerTask.java:lambda$initializeIteration$1(453)) - Datanode localhost-76.124.186.57 61d8411a-9cb9-4b30-b5e6-6aabc56017b2 is Over-Utilized.
2023-09-13 18:18:03,591 [main] DEBUG balancer.ContainerBalancerTask (ContainerBalancerTask.java:lambda$initializeIteration$2(459)) - Datanode localhost-73.35.147.89 c41f5d66-cf39-4662-95cc-d8d3c3703009 is Under-Utilized.
2023-09-13 18:18:03,591 [main] DEBUG balancer.ContainerBalancerTask (ContainerBalancerTask.java:lambda$initializeIteration$2(459)) - Datanode localhost-237.209.24.240 13e25763-68fd-43ea-a889-1f62c9c43374 is Under-Utilized.
2023-09-13 18:18:03,591 [main] DEBUG balancer.ContainerBalancerTask (ContainerBalancerTask.java:lambda$initializeIteration$2(459)) - Datanode localhost-57.248.177.26 d3f82586-965f-4425-af47-8d648c5ba1be is Under-Utilized.
2023-09-13 18:18:03,594 [main] DEBUG balancer.ContainerBalancerTask (ContainerBalancerTask.java:matchSourceWithTarget(708)) - ContainerBalancer is finding suitable target for source datanode 684ea14b-d93a-4679-9a4e-f0da1d5d7e35
2023-09-13 18:18:03,595 [main] INFO  balancer.ContainerBalancerTask (ContainerBalancerTask.java:matchSourceWithTarget(722)) - ContainerBalancer matched source datanode 684ea14b-d93a-4679-9a4e-f0da1d5d7e35 with target datanode c41f5d66-cf39-4662-95cc-d8d3c3703009 for container move.
2023-09-13 18:18:03,595 [main] INFO  balancer.ContainerBalancerTask (ContainerBalancerTask.java:processMoveSelection(569)) - ContainerBalancer is trying to move container #85 with size 5368709120B from source datanode 684ea14b-d93a-4679-9a4e-f0da1d5d7e35 to target datanode c41f5d66-cf39-4662-95cc-d8d3c3703009
2023-09-13 18:18:03,595 [main] DEBUG balancer.ContainerBalancerTask (ContainerBalancerTask.java:lambda$moveContainer$3(837)) - Container move completed for container #85 from source 684ea14b-d93a-4679-9a4e-f0da1d5d7e35 to target c41f5d66-cf39-4662-95cc-d8d3c3703009
2023-09-13 18:18:03,595 [main] DEBUG balancer.ContainerBalancerTask (ContainerBalancerTask.java:adaptOnReachingIterationLimits(782)) - Reached max datanodes to involve limit. 2 datanodes have already been selected for balancing and the limit is 2. Only already selected sources and targets can be involved in balancing now.
2023-09-13 18:18:03,598 [main] DEBUG balancer.ContainerBalancerTask (ContainerBalancerTask.java:matchSourceWithTarget(708)) - ContainerBalancer is finding suitable target for source datanode 684ea14b-d93a-4679-9a4e-f0da1d5d7e35
2023-09-13 18:18:03,600 [main] INFO  balancer.FindTargetGreedyByUsageInfo (AbstractFindTargetGreedy.java:findTargetForContainerMove(133)) - Container Balancer could not find a target for source datanode 684ea14b-d93a-4679-9a4e-f0da1d5d7e35
2023-09-13 18:18:03,600 [main] DEBUG balancer.ContainerBalancerTask (ContainerBalancerTask.java:matchSourceWithTarget(717)) - ContainerBalancer could not find a suitable target for source node 684ea14b-d93a-4679-9a4e-f0da1d5d7e35.
2023-09-13 18:18:03,600 [main] INFO  balancer.FindSourceGreedy (FindSourceGreedy.java:getNextCandidateSourceDataNode(126)) - no more candidate source data node
2023-09-13 18:18:03,600 [main] INFO  balancer.ContainerBalancerTask (ContainerBalancerTask.java:checkIterationMoveResults(642)) - Iteration Summary. Number of Datanodes involved: 2. Size moved: 5 GB (5368709120 Bytes). Number of Container moves completed: 1.
2023-09-13 18:18:03,600 [main] INFO  balancer.ContainerBalancerTask (ContainerBalancerTask.java:balance(259)) - Result of this iteration of Container Balancer: ITERATION_COMPLETED
2023-09-13 18:18:03,602 [main] DEBUG balancer.ContainerBalancerTask (ContainerBalancerTask.java:initializeIteration(374)) - Average utilization of the cluster is 0.3585635485571556
2023-09-13 18:18:03,602 [main] DEBUG balancer.ContainerBalancerTask (ContainerBalancerTask.java:initializeIteration(386)) - Lower limit for utilization is 0.2585635485571556 and Upper limit for utilization is 0.45856354855715564
2023-09-13 18:18:03,602 [main] DEBUG balancer.ContainerBalancerTask (ContainerBalancerTask.java:initializeIteration(398)) - Utilization for node 684ea14b-d93a-4679-9a4e-f0da1d5d7e35 with capacity 85899345920B, used 77309411328B, and remaining 8589934592B is 0.9
2023-09-13 18:18:03,602 [main] DEBUG balancer.ContainerBalancerTask (ContainerBalancerTask.java:initializeIteration(398)) - Utilization for node 4f17de24-5171-4fa4-904c-daf981e28ec1 with capacity 69793218560B, used 55834574848B, and remaining 13958643712B is 0.8
2023-09-13 18:18:03,602 [main] DEBUG balancer.ContainerBalancerTask (ContainerBalancerTask.java:initializeIteration(398)) - Utilization for node ad7a6192-9e76-462d-a3ec-087e8cbc0e54 with capacity 65958426331B, used 46170898432B, and remaining 19787527899B is 0.7000000000045483
2023-09-13 18:18:03,602 [main] DEBUG balancer.ContainerBalancerTask (ContainerBalancerTask.java:initializeIteration(398)) - Utilization for node dece0010-edfa-4eb0-bf8c-de1dfb313bf6 with capacity 69793218560B, used 41875931136B, and remaining 27917287424B is 0.6
2023-09-13 18:18:03,602 [main] DEBUG balancer.ContainerBalancerTask (ContainerBalancerTask.java:initializeIteration(398)) - Utilization for node 61d8411a-9cb9-4b30-b5e6-6aabc56017b2 with capacity 92341796864B, used 46170898432B, and remaining 46170898432B is 0.5
2023-09-13 18:18:03,603 [main] DEBUG balancer.ContainerBalancerTask (ContainerBalancerTask.java:initializeIteration(398)) - Utilization for node 7d51e101-26c5-4aa7-a984-21e8028e257d with capacity 83214991360B, used 33285996544B, and remaining 49928994816B is 0.4
2023-09-13 18:18:03,603 [main] DEBUG balancer.ContainerBalancerTask (ContainerBalancerTask.java:initializeIteration(398)) - Utilization for node 77ef1437-ce3a-431b-bfc3-5c21ea920e1b with capacity 78741067093B, used 23622320128B, and remaining 55118746965B is 0.30000000000127
2023-09-13 18:18:03,603 [main] DEBUG balancer.ContainerBalancerTask (ContainerBalancerTask.java:initializeIteration(398)) - Utilization for node d3f82586-965f-4425-af47-8d648c5ba1be with capacity 204010946560B, used 40802189312B, and remaining 163208757248B is 0.2
2023-09-13 18:18:03,603 [main] DEBUG balancer.ContainerBalancerTask (ContainerBalancerTask.java:initializeIteration(398)) - Utilization for node 13e25763-68fd-43ea-a889-1f62c9c43374 with capacity 354334801920B, used 35433480192B, and remaining 318901321728B is 0.1
2023-09-13 18:18:03,603 [main] DEBUG balancer.ContainerBalancerTask (ContainerBalancerTask.java:initializeIteration(398)) - Utilization for node c41f5d66-cf39-4662-95cc-d8d3c3703009 with capacity 12884901888B, used 0B, and remaining 12884901888B is 0.0
2023-09-13 18:18:03,603 [main] INFO  balancer.ContainerBalancerTask (ContainerBalancerTask.java:initializeIteration(447)) - Container Balancer has identified 5 Over-Utilized and 3 Under-Utilized Datanodes that need to be balanced.
2023-09-13 18:18:03,603 [main] DEBUG balancer.ContainerBalancerTask (ContainerBalancerTask.java:lambda$initializeIteration$1(453)) - Datanode localhost-10.162.172.228 684ea14b-d93a-4679-9a4e-f0da1d5d7e35 is Over-Utilized.
2023-09-13 18:18:03,603 [main] DEBUG balancer.ContainerBalancerTask (ContainerBalancerTask.java:lambda$initializeIteration$1(453)) - Datanode localhost-208.101.186.230 4f17de24-5171-4fa4-904c-daf981e28ec1 is Over-Utilized.
2023-09-13 18:18:03,603 [main] DEBUG balancer.ContainerBalancerTask (ContainerBalancerTask.java:lambda$initializeIteration$1(453)) - Datanode localhost-59.106.137.151 ad7a6192-9e76-462d-a3ec-087e8cbc0e54 is Over-Utilized.
2023-09-13 18:18:03,603 [main] DEBUG balancer.ContainerBalancerTask (ContainerBalancerTask.java:lambda$initializeIteration$1(453)) - Datanode localhost-151.69.58.208 dece0010-edfa-4eb0-bf8c-de1dfb313bf6 is Over-Utilized.
2023-09-13 18:18:03,603 [main] DEBUG balancer.ContainerBalancerTask (ContainerBalancerTask.java:lambda$initializeIteration$1(453)) - Datanode localhost-76.124.186.57 61d8411a-9cb9-4b30-b5e6-6aabc56017b2 is Over-Utilized.
2023-09-13 18:18:03,604 [main] DEBUG balancer.ContainerBalancerTask (ContainerBalancerTask.java:lambda$initializeIteration$2(459)) - Datanode localhost-73.35.147.89 c41f5d66-cf39-4662-95cc-d8d3c3703009 is Under-Utilized.
2023-09-13 18:18:03,604 [main] DEBUG balancer.ContainerBalancerTask (ContainerBalancerTask.java:lambda$initializeIteration$2(459)) - Datanode localhost-237.209.24.240 13e25763-68fd-43ea-a889-1f62c9c43374 is Under-Utilized.
2023-09-13 18:18:03,604 [main] DEBUG balancer.ContainerBalancerTask (ContainerBalancerTask.java:lambda$initializeIteration$2(459)) - Datanode localhost-57.248.177.26 d3f82586-965f-4425-af47-8d648c5ba1be is Under-Utilized.
2023-09-13 18:18:03,607 [main] DEBUG balancer.ContainerBalancerTask (ContainerBalancerTask.java:matchSourceWithTarget(708)) - ContainerBalancer is finding suitable target for source datanode 684ea14b-d93a-4679-9a4e-f0da1d5d7e35
2023-09-13 18:18:03,607 [main] INFO  balancer.ContainerBalancerTask (ContainerBalancerTask.java:matchSourceWithTarget(722)) - ContainerBalancer matched source datanode 684ea14b-d93a-4679-9a4e-f0da1d5d7e35 with target datanode c41f5d66-cf39-4662-95cc-d8d3c3703009 for container move.
2023-09-13 18:18:03,607 [main] INFO  balancer.ContainerBalancerTask (ContainerBalancerTask.java:processMoveSelection(569)) - ContainerBalancer is trying to move container #85 with size 5368709120B from source datanode 684ea14b-d93a-4679-9a4e-f0da1d5d7e35 to target datanode c41f5d66-cf39-4662-95cc-d8d3c3703009
2023-09-13 18:18:03,608 [main] DEBUG balancer.ContainerBalancerTask (ContainerBalancerTask.java:lambda$moveContainer$3(837)) - Container move completed for container #85 from source 684ea14b-d93a-4679-9a4e-f0da1d5d7e35 to target c41f5d66-cf39-4662-95cc-d8d3c3703009
2023-09-13 18:18:03,608 [main] DEBUG balancer.ContainerBalancerTask (ContainerBalancerTask.java:adaptOnReachingIterationLimits(782)) - Reached max datanodes to involve limit. 2 datanodes have already been selected for balancing and the limit is 2. Only already selected sources and targets can be involved in balancing now.
2023-09-13 18:18:03,611 [main] DEBUG balancer.ContainerBalancerTask (ContainerBalancerTask.java:matchSourceWithTarget(708)) - ContainerBalancer is finding suitable target for source datanode 684ea14b-d93a-4679-9a4e-f0da1d5d7e35
2023-09-13 18:18:03,612 [main] INFO  balancer.FindTargetGreedyByUsageInfo (AbstractFindTargetGreedy.java:findTargetForContainerMove(133)) - Container Balancer could not find a target for source datanode 684ea14b-d93a-4679-9a4e-f0da1d5d7e35
2023-09-13 18:18:03,613 [main] DEBUG balancer.ContainerBalancerTask (ContainerBalancerTask.java:matchSourceWithTarget(717)) - ContainerBalancer could not find a suitable target for source node 684ea14b-d93a-4679-9a4e-f0da1d5d7e35.
2023-09-13 18:18:03,613 [main] INFO  balancer.FindSourceGreedy (FindSourceGreedy.java:getNextCandidateSourceDataNode(126)) - no more candidate source data node
2023-09-13 18:18:03,613 [main] INFO  balancer.ContainerBalancerTask (ContainerBalancerTask.java:checkIterationMoveResults(642)) - Iteration Summary. Number of Datanodes involved: 2. Size moved: 5 GB (5368709120 Bytes). Number of Container moves completed: 1.
2023-09-13 18:18:03,613 [main] INFO  balancer.ContainerBalancerTask (ContainerBalancerTask.java:balance(259)) - Result of this iteration of Container Balancer: ITERATION_COMPLETED
2023-09-13 18:18:03,616 [main] DEBUG balancer.ContainerBalancerTask (ContainerBalancerTask.java:initializeIteration(374)) - Average utilization of the cluster is 0.3585635485571556
2023-09-13 18:18:03,616 [main] DEBUG balancer.ContainerBalancerTask (ContainerBalancerTask.java:initializeIteration(386)) - Lower limit for utilization is 0.2585635485571556 and Upper limit for utilization is 0.45856354855715564
2023-09-13 18:18:03,616 [main] DEBUG balancer.ContainerBalancerTask (ContainerBalancerTask.java:initializeIteration(398)) - Utilization for node 684ea14b-d93a-4679-9a4e-f0da1d5d7e35 with capacity 85899345920B, used 77309411328B, and remaining 8589934592B is 0.9
2023-09-13 18:18:03,616 [main] DEBUG balancer.ContainerBalancerTask (ContainerBalancerTask.java:initializeIteration(398)) - Utilization for node 4f17de24-5171-4fa4-904c-daf981e28ec1 with capacity 69793218560B, used 55834574848B, and remaining 13958643712B is 0.8
2023-09-13 18:18:03,617 [main] DEBUG balancer.ContainerBalancerTask (ContainerBalancerTask.java:initializeIteration(398)) - Utilization for node ad7a6192-9e76-462d-a3ec-087e8cbc0e54 with capacity 65958426331B, used 46170898432B, and remaining 19787527899B is 0.7000000000045483
2023-09-13 18:18:03,617 [main] DEBUG balancer.ContainerBalancerTask (ContainerBalancerTask.java:initializeIteration(398)) - Utilization for node dece0010-edfa-4eb0-bf8c-de1dfb313bf6 with capacity 69793218560B, used 41875931136B, and remaining 27917287424B is 0.6
2023-09-13 18:18:03,617 [main] DEBUG balancer.ContainerBalancerTask (ContainerBalancerTask.java:initializeIteration(398)) - Utilization for node 61d8411a-9cb9-4b30-b5e6-6aabc56017b2 with capacity 92341796864B, used 46170898432B, and remaining 46170898432B is 0.5
2023-09-13 18:18:03,617 [main] DEBUG balancer.ContainerBalancerTask (ContainerBalancerTask.java:initializeIteration(398)) - Utilization for node 7d51e101-26c5-4aa7-a984-21e8028e257d with capacity 83214991360B, used 33285996544B, and remaining 49928994816B is 0.4
2023-09-13 18:18:03,617 [main] DEBUG balancer.ContainerBalancerTask (ContainerBalancerTask.java:initializeIteration(398)) - Utilization for node 77ef1437-ce3a-431b-bfc3-5c21ea920e1b with capacity 78741067093B, used 23622320128B, and remaining 55118746965B is 0.30000000000127
2023-09-13 18:18:03,617 [main] DEBUG balancer.ContainerBalancerTask (ContainerBalancerTask.java:initializeIteration(398)) - Utilization for node d3f82586-965f-4425-af47-8d648c5ba1be with capacity 204010946560B, used 40802189312B, and remaining 163208757248B is 0.2
2023-09-13 18:18:03,617 [main] DEBUG balancer.ContainerBalancerTask (ContainerBalancerTask.java:initializeIteration(398)) - Utilization for node 13e25763-68fd-43ea-a889-1f62c9c43374 with capacity 354334801920B, used 35433480192B, and remaining 318901321728B is 0.1
2023-09-13 18:18:03,617 [main] DEBUG balancer.ContainerBalancerTask (ContainerBalancerTask.java:initializeIteration(398)) - Utilization for node c41f5d66-cf39-4662-95cc-d8d3c3703009 with capacity 12884901888B, used 0B, and remaining 12884901888B is 0.0
2023-09-13 18:18:03,617 [main] INFO  balancer.ContainerBalancerTask (ContainerBalancerTask.java:initializeIteration(447)) - Container Balancer has identified 5 Over-Utilized and 3 Under-Utilized Datanodes that need to be balanced.
2023-09-13 18:18:03,617 [main] DEBUG balancer.ContainerBalancerTask (ContainerBalancerTask.java:lambda$initializeIteration$1(453)) - Datanode localhost-10.162.172.228 684ea14b-d93a-4679-9a4e-f0da1d5d7e35 is Over-Utilized.
2023-09-13 18:18:03,617 [main] DEBUG balancer.ContainerBalancerTask (ContainerBalancerTask.java:lambda$initializeIteration$1(453)) - Datanode localhost-208.101.186.230 4f17de24-5171-4fa4-904c-daf981e28ec1 is Over-Utilized.
2023-09-13 18:18:03,618 [main] DEBUG balancer.ContainerBalancerTask (ContainerBalancerTask.java:lambda$initializeIteration$1(453)) - Datanode localhost-59.106.137.151 ad7a6192-9e76-462d-a3ec-087e8cbc0e54 is Over-Utilized.
2023-09-13 18:18:03,618 [main] DEBUG balancer.ContainerBalancerTask (ContainerBalancerTask.java:lambda$initializeIteration$1(453)) - Datanode localhost-151.69.58.208 dece0010-edfa-4eb0-bf8c-de1dfb313bf6 is Over-Utilized.
2023-09-13 18:18:03,618 [main] DEBUG balancer.ContainerBalancerTask (ContainerBalancerTask.java:lambda$initializeIteration$1(453)) - Datanode localhost-76.124.186.57 61d8411a-9cb9-4b30-b5e6-6aabc56017b2 is Over-Utilized.
2023-09-13 18:18:03,618 [main] DEBUG balancer.ContainerBalancerTask (ContainerBalancerTask.java:lambda$initializeIteration$2(459)) - Datanode localhost-73.35.147.89 c41f5d66-cf39-4662-95cc-d8d3c3703009 is Under-Utilized.
2023-09-13 18:18:03,618 [main] DEBUG balancer.ContainerBalancerTask (ContainerBalancerTask.java:lambda$initializeIteration$2(459)) - Datanode localhost-237.209.24.240 13e25763-68fd-43ea-a889-1f62c9c43374 is Under-Utilized.
2023-09-13 18:18:03,618 [main] DEBUG balancer.ContainerBalancerTask (ContainerBalancerTask.java:lambda$initializeIteration$2(459)) - Datanode localhost-57.248.177.26 d3f82586-965f-4425-af47-8d648c5ba1be is Under-Utilized.
2023-09-13 18:18:03,621 [main] DEBUG balancer.ContainerBalancerTask (ContainerBalancerTask.java:matchSourceWithTarget(708)) - ContainerBalancer is finding suitable target for source datanode 684ea14b-d93a-4679-9a4e-f0da1d5d7e35
2023-09-13 18:18:03,622 [main] INFO  balancer.ContainerBalancerTask (ContainerBalancerTask.java:matchSourceWithTarget(722)) - ContainerBalancer matched source datanode 684ea14b-d93a-4679-9a4e-f0da1d5d7e35 with target datanode c41f5d66-cf39-4662-95cc-d8d3c3703009 for container move.
2023-09-13 18:18:03,622 [main] INFO  balancer.ContainerBalancerTask (ContainerBalancerTask.java:processMoveSelection(569)) - ContainerBalancer is trying to move container #85 with size 5368709120B from source datanode 684ea14b-d93a-4679-9a4e-f0da1d5d7e35 to target datanode c41f5d66-cf39-4662-95cc-d8d3c3703009
2023-09-13 18:18:03,622 [main] DEBUG balancer.ContainerBalancerTask (ContainerBalancerTask.java:lambda$moveContainer$3(837)) - Container move completed for container #85 from source 684ea14b-d93a-4679-9a4e-f0da1d5d7e35 to target c41f5d66-cf39-4662-95cc-d8d3c3703009
2023-09-13 18:18:03,626 [main] DEBUG balancer.ContainerBalancerTask (ContainerBalancerTask.java:adaptOnReachingIterationLimits(782)) - Reached max datanodes to involve limit. 2 datanodes have already been selected for balancing and the limit is 2. Only already selected sources and targets can be involved in balancing now.
2023-09-13 18:18:03,631 [main] DEBUG balancer.ContainerBalancerTask (ContainerBalancerTask.java:matchSourceWithTarget(708)) - ContainerBalancer is finding suitable target for source datanode 684ea14b-d93a-4679-9a4e-f0da1d5d7e35
2023-09-13 18:18:03,632 [main] INFO  balancer.FindTargetGreedyByUsageInfo (AbstractFindTargetGreedy.java:findTargetForContainerMove(133)) - Container Balancer could not find a target for source datanode 684ea14b-d93a-4679-9a4e-f0da1d5d7e35
2023-09-13 18:18:03,633 [main] DEBUG balancer.ContainerBalancerTask (ContainerBalancerTask.java:matchSourceWithTarget(717)) - ContainerBalancer could not find a suitable target for source node 684ea14b-d93a-4679-9a4e-f0da1d5d7e35.
2023-09-13 18:18:03,633 [main] INFO  balancer.FindSourceGreedy (FindSourceGreedy.java:getNextCandidateSourceDataNode(126)) - no more candidate source data node
2023-09-13 18:18:03,633 [main] INFO  balancer.ContainerBalancerTask (ContainerBalancerTask.java:checkIterationMoveResults(642)) - Iteration Summary. Number of Datanodes involved: 2. Size moved: 5 GB (5368709120 Bytes). Number of Container moves completed: 1.
2023-09-13 18:18:03,633 [main] INFO  balancer.ContainerBalancerTask (ContainerBalancerTask.java:balance(259)) - Result of this iteration of Container Balancer: ITERATION_COMPLETED
2023-09-13 18:18:03,636 [main] DEBUG balancer.ContainerBalancerTask (ContainerBalancerTask.java:initializeIteration(374)) - Average utilization of the cluster is 0.3585635485571556
2023-09-13 18:18:03,636 [main] DEBUG balancer.ContainerBalancerTask (ContainerBalancerTask.java:initializeIteration(386)) - Lower limit for utilization is 0.2585635485571556 and Upper limit for utilization is 0.45856354855715564
2023-09-13 18:18:03,637 [main] DEBUG balancer.ContainerBalancerTask (ContainerBalancerTask.java:initializeIteration(398)) - Utilization for node 684ea14b-d93a-4679-9a4e-f0da1d5d7e35 with capacity 85899345920B, used 77309411328B, and remaining 8589934592B is 0.9
2023-09-13 18:18:03,637 [main] DEBUG balancer.ContainerBalancerTask (ContainerBalancerTask.java:initializeIteration(398)) - Utilization for node 4f17de24-5171-4fa4-904c-daf981e28ec1 with capacity 69793218560B, used 55834574848B, and remaining 13958643712B is 0.8
2023-09-13 18:18:03,637 [main] DEBUG balancer.ContainerBalancerTask (ContainerBalancerTask.java:initializeIteration(398)) - Utilization for node ad7a6192-9e76-462d-a3ec-087e8cbc0e54 with capacity 65958426331B, used 46170898432B, and remaining 19787527899B is 0.7000000000045483
2023-09-13 18:18:03,637 [main] DEBUG balancer.ContainerBalancerTask (ContainerBalancerTask.java:initializeIteration(398)) - Utilization for node dece0010-edfa-4eb0-bf8c-de1dfb313bf6 with capacity 69793218560B, used 41875931136B, and remaining 27917287424B is 0.6
2023-09-13 18:18:03,637 [main] DEBUG balancer.ContainerBalancerTask (ContainerBalancerTask.java:initializeIteration(398)) - Utilization for node 61d8411a-9cb9-4b30-b5e6-6aabc56017b2 with capacity 92341796864B, used 46170898432B, and remaining 46170898432B is 0.5
2023-09-13 18:18:03,637 [main] DEBUG balancer.ContainerBalancerTask (ContainerBalancerTask.java:initializeIteration(398)) - Utilization for node 7d51e101-26c5-4aa7-a984-21e8028e257d with capacity 83214991360B, used 33285996544B, and remaining 49928994816B is 0.4
2023-09-13 18:18:03,637 [main] DEBUG balancer.ContainerBalancerTask (ContainerBalancerTask.java:initializeIteration(398)) - Utilization for node 77ef1437-ce3a-431b-bfc3-5c21ea920e1b with capacity 78741067093B, used 23622320128B, and remaining 55118746965B is 0.30000000000127
2023-09-13 18:18:03,637 [main] DEBUG balancer.ContainerBalancerTask (ContainerBalancerTask.java:initializeIteration(398)) - Utilization for node d3f82586-965f-4425-af47-8d648c5ba1be with capacity 204010946560B, used 40802189312B, and remaining 163208757248B is 0.2
2023-09-13 18:18:03,638 [main] DEBUG balancer.ContainerBalancerTask (ContainerBalancerTask.java:initializeIteration(398)) - Utilization for node 13e25763-68fd-43ea-a889-1f62c9c43374 with capacity 354334801920B, used 35433480192B, and remaining 318901321728B is 0.1
2023-09-13 18:18:03,638 [main] DEBUG balancer.ContainerBalancerTask (ContainerBalancerTask.java:initializeIteration(398)) - Utilization for node c41f5d66-cf39-4662-95cc-d8d3c3703009 with capacity 12884901888B, used 0B, and remaining 12884901888B is 0.0
2023-09-13 18:18:03,638 [main] INFO  balancer.ContainerBalancerTask (ContainerBalancerTask.java:initializeIteration(447)) - Container Balancer has identified 5 Over-Utilized and 3 Under-Utilized Datanodes that need to be balanced.
2023-09-13 18:18:03,638 [main] DEBUG balancer.ContainerBalancerTask (ContainerBalancerTask.java:lambda$initializeIteration$1(453)) - Datanode localhost-10.162.172.228 684ea14b-d93a-4679-9a4e-f0da1d5d7e35 is Over-Utilized.
2023-09-13 18:18:03,638 [main] DEBUG balancer.ContainerBalancerTask (ContainerBalancerTask.java:lambda$initializeIteration$1(453)) - Datanode localhost-208.101.186.230 4f17de24-5171-4fa4-904c-daf981e28ec1 is Over-Utilized.
2023-09-13 18:18:03,638 [main] DEBUG balancer.ContainerBalancerTask (ContainerBalancerTask.java:lambda$initializeIteration$1(453)) - Datanode localhost-59.106.137.151 ad7a6192-9e76-462d-a3ec-087e8cbc0e54 is Over-Utilized.
2023-09-13 18:18:03,638 [main] DEBUG balancer.ContainerBalancerTask (ContainerBalancerTask.java:lambda$initializeIteration$1(453)) - Datanode localhost-151.69.58.208 dece0010-edfa-4eb0-bf8c-de1dfb313bf6 is Over-Utilized.
2023-09-13 18:18:03,639 [main] DEBUG balancer.ContainerBalancerTask (ContainerBalancerTask.java:lambda$initializeIteration$1(453)) - Datanode localhost-76.124.186.57 61d8411a-9cb9-4b30-b5e6-6aabc56017b2 is Over-Utilized.
2023-09-13 18:18:03,639 [main] DEBUG balancer.ContainerBalancerTask (ContainerBalancerTask.java:lambda$initializeIteration$2(459)) - Datanode localhost-73.35.147.89 c41f5d66-cf39-4662-95cc-d8d3c3703009 is Under-Utilized.
2023-09-13 18:18:03,639 [main] DEBUG balancer.ContainerBalancerTask (ContainerBalancerTask.java:lambda$initializeIteration$2(459)) - Datanode localhost-237.209.24.240 13e25763-68fd-43ea-a889-1f62c9c43374 is Under-Utilized.
2023-09-13 18:18:03,639 [main] DEBUG balancer.ContainerBalancerTask (ContainerBalancerTask.java:lambda$initializeIteration$2(459)) - Datanode localhost-57.248.177.26 d3f82586-965f-4425-af47-8d648c5ba1be is Under-Utilized.
2023-09-13 18:18:03,644 [main] DEBUG balancer.ContainerBalancerTask (ContainerBalancerTask.java:matchSourceWithTarget(708)) - ContainerBalancer is finding suitable target for source datanode 684ea14b-d93a-4679-9a4e-f0da1d5d7e35
2023-09-13 18:18:03,644 [main] INFO  balancer.ContainerBalancerTask (ContainerBalancerTask.java:matchSourceWithTarget(722)) - ContainerBalancer matched source datanode 684ea14b-d93a-4679-9a4e-f0da1d5d7e35 with target datanode c41f5d66-cf39-4662-95cc-d8d3c3703009 for container move.
2023-09-13 18:18:03,644 [main] INFO  balancer.ContainerBalancerTask (ContainerBalancerTask.java:processMoveSelection(569)) - ContainerBalancer is trying to move container #85 with size 5368709120B from source datanode 684ea14b-d93a-4679-9a4e-f0da1d5d7e35 to target datanode c41f5d66-cf39-4662-95cc-d8d3c3703009
2023-09-13 18:18:03,644 [main] DEBUG balancer.ContainerBalancerTask (ContainerBalancerTask.java:lambda$moveContainer$3(837)) - Container move completed for container #85 from source 684ea14b-d93a-4679-9a4e-f0da1d5d7e35 to target c41f5d66-cf39-4662-95cc-d8d3c3703009
2023-09-13 18:18:03,645 [main] DEBUG balancer.ContainerBalancerTask (ContainerBalancerTask.java:adaptOnReachingIterationLimits(782)) - Reached max datanodes to involve limit. 2 datanodes have already been selected for balancing and the limit is 2. Only already selected sources and targets can be involved in balancing now.
2023-09-13 18:18:03,648 [main] DEBUG balancer.ContainerBalancerTask (ContainerBalancerTask.java:matchSourceWithTarget(708)) - ContainerBalancer is finding suitable target for source datanode 684ea14b-d93a-4679-9a4e-f0da1d5d7e35
2023-09-13 18:18:03,649 [main] INFO  balancer.FindTargetGreedyByUsageInfo (AbstractFindTargetGreedy.java:findTargetForContainerMove(133)) - Container Balancer could not find a target for source datanode 684ea14b-d93a-4679-9a4e-f0da1d5d7e35
2023-09-13 18:18:03,649 [main] DEBUG balancer.ContainerBalancerTask (ContainerBalancerTask.java:matchSourceWithTarget(717)) - ContainerBalancer could not find a suitable target for source node 684ea14b-d93a-4679-9a4e-f0da1d5d7e35.
2023-09-13 18:18:03,649 [main] INFO  balancer.FindSourceGreedy (FindSourceGreedy.java:getNextCandidateSourceDataNode(126)) - no more candidate source data node
2023-09-13 18:18:03,650 [main] INFO  balancer.ContainerBalancerTask (ContainerBalancerTask.java:checkIterationMoveResults(642)) - Iteration Summary. Number of Datanodes involved: 2. Size moved: 5 GB (5368709120 Bytes). Number of Container moves completed: 1.
2023-09-13 18:18:03,650 [main] INFO  balancer.ContainerBalancerTask (ContainerBalancerTask.java:balance(259)) - Result of this iteration of Container Balancer: ITERATION_COMPLETED
2023-09-13 18:18:03,652 [main] DEBUG balancer.ContainerBalancerTask (ContainerBalancerTask.java:initializeIteration(374)) - Average utilization of the cluster is 0.3585635485571556
2023-09-13 18:18:03,652 [main] DEBUG balancer.ContainerBalancerTask (ContainerBalancerTask.java:initializeIteration(386)) - Lower limit for utilization is 0.2585635485571556 and Upper limit for utilization is 0.45856354855715564
2023-09-13 18:18:03,652 [main] DEBUG balancer.ContainerBalancerTask (ContainerBalancerTask.java:initializeIteration(398)) - Utilization for node 684ea14b-d93a-4679-9a4e-f0da1d5d7e35 with capacity 85899345920B, used 77309411328B, and remaining 8589934592B is 0.9
2023-09-13 18:18:03,652 [main] DEBUG balancer.ContainerBalancerTask (ContainerBalancerTask.java:initializeIteration(398)) - Utilization for node 4f17de24-5171-4fa4-904c-daf981e28ec1 with capacity 69793218560B, used 55834574848B, and remaining 13958643712B is 0.8
2023-09-13 18:18:03,652 [main] DEBUG balancer.ContainerBalancerTask (ContainerBalancerTask.java:initializeIteration(398)) - Utilization for node ad7a6192-9e76-462d-a3ec-087e8cbc0e54 with capacity 65958426331B, used 46170898432B, and remaining 19787527899B is 0.7000000000045483
2023-09-13 18:18:03,652 [main] DEBUG balancer.ContainerBalancerTask (ContainerBalancerTask.java:initializeIteration(398)) - Utilization for node dece0010-edfa-4eb0-bf8c-de1dfb313bf6 with capacity 69793218560B, used 41875931136B, and remaining 27917287424B is 0.6
2023-09-13 18:18:03,654 [main] DEBUG balancer.ContainerBalancerTask (ContainerBalancerTask.java:initializeIteration(398)) - Utilization for node 61d8411a-9cb9-4b30-b5e6-6aabc56017b2 with capacity 92341796864B, used 46170898432B, and remaining 46170898432B is 0.5
2023-09-13 18:18:03,654 [main] DEBUG balancer.ContainerBalancerTask (ContainerBalancerTask.java:initializeIteration(398)) - Utilization for node 7d51e101-26c5-4aa7-a984-21e8028e257d with capacity 83214991360B, used 33285996544B, and remaining 49928994816B is 0.4
2023-09-13 18:18:03,654 [main] DEBUG balancer.ContainerBalancerTask (ContainerBalancerTask.java:initializeIteration(398)) - Utilization for node 77ef1437-ce3a-431b-bfc3-5c21ea920e1b with capacity 78741067093B, used 23622320128B, and remaining 55118746965B is 0.30000000000127
2023-09-13 18:18:03,654 [main] DEBUG balancer.ContainerBalancerTask (ContainerBalancerTask.java:initializeIteration(398)) - Utilization for node d3f82586-965f-4425-af47-8d648c5ba1be with capacity 204010946560B, used 40802189312B, and remaining 163208757248B is 0.2
2023-09-13 18:18:03,654 [main] DEBUG balancer.ContainerBalancerTask (ContainerBalancerTask.java:initializeIteration(398)) - Utilization for node 13e25763-68fd-43ea-a889-1f62c9c43374 with capacity 354334801920B, used 35433480192B, and remaining 318901321728B is 0.1
2023-09-13 18:18:03,654 [main] DEBUG balancer.ContainerBalancerTask (ContainerBalancerTask.java:initializeIteration(398)) - Utilization for node c41f5d66-cf39-4662-95cc-d8d3c3703009 with capacity 12884901888B, used 0B, and remaining 12884901888B is 0.0
2023-09-13 18:18:03,655 [main] INFO  balancer.ContainerBalancerTask (ContainerBalancerTask.java:initializeIteration(447)) - Container Balancer has identified 5 Over-Utilized and 3 Under-Utilized Datanodes that need to be balanced.
2023-09-13 18:18:03,655 [main] DEBUG balancer.ContainerBalancerTask (ContainerBalancerTask.java:lambda$initializeIteration$1(453)) - Datanode localhost-10.162.172.228 684ea14b-d93a-4679-9a4e-f0da1d5d7e35 is Over-Utilized.
2023-09-13 18:18:03,655 [main] DEBUG balancer.ContainerBalancerTask (ContainerBalancerTask.java:lambda$initializeIteration$1(453)) - Datanode localhost-208.101.186.230 4f17de24-5171-4fa4-904c-daf981e28ec1 is Over-Utilized.
2023-09-13 18:18:03,655 [main] DEBUG balancer.ContainerBalancerTask (ContainerBalancerTask.java:lambda$initializeIteration$1(453)) - Datanode localhost-59.106.137.151 ad7a6192-9e76-462d-a3ec-087e8cbc0e54 is Over-Utilized.
2023-09-13 18:18:03,655 [main] DEBUG balancer.ContainerBalancerTask (ContainerBalancerTask.java:lambda$initializeIteration$1(453)) - Datanode localhost-151.69.58.208 dece0010-edfa-4eb0-bf8c-de1dfb313bf6 is Over-Utilized.
2023-09-13 18:18:03,655 [main] DEBUG balancer.ContainerBalancerTask (ContainerBalancerTask.java:lambda$initializeIteration$1(453)) - Datanode localhost-76.124.186.57 61d8411a-9cb9-4b30-b5e6-6aabc56017b2 is Over-Utilized.
2023-09-13 18:18:03,655 [main] DEBUG balancer.ContainerBalancerTask (ContainerBalancerTask.java:lambda$initializeIteration$2(459)) - Datanode localhost-73.35.147.89 c41f5d66-cf39-4662-95cc-d8d3c3703009 is Under-Utilized.
2023-09-13 18:18:03,655 [main] DEBUG balancer.ContainerBalancerTask (ContainerBalancerTask.java:lambda$initializeIteration$2(459)) - Datanode localhost-237.209.24.240 13e25763-68fd-43ea-a889-1f62c9c43374 is Under-Utilized.
2023-09-13 18:18:03,655 [main] DEBUG balancer.ContainerBalancerTask (ContainerBalancerTask.java:lambda$initializeIteration$2(459)) - Datanode localhost-57.248.177.26 d3f82586-965f-4425-af47-8d648c5ba1be is Under-Utilized.
2023-09-13 18:18:03,659 [main] DEBUG balancer.ContainerBalancerTask (ContainerBalancerTask.java:matchSourceWithTarget(708)) - ContainerBalancer is finding suitable target for source datanode 684ea14b-d93a-4679-9a4e-f0da1d5d7e35
2023-09-13 18:18:03,659 [main] INFO  balancer.ContainerBalancerTask (ContainerBalancerTask.java:matchSourceWithTarget(722)) - ContainerBalancer matched source datanode 684ea14b-d93a-4679-9a4e-f0da1d5d7e35 with target datanode c41f5d66-cf39-4662-95cc-d8d3c3703009 for container move.
2023-09-13 18:18:03,659 [main] INFO  balancer.ContainerBalancerTask (ContainerBalancerTask.java:processMoveSelection(569)) - ContainerBalancer is trying to move container #85 with size 5368709120B from source datanode 684ea14b-d93a-4679-9a4e-f0da1d5d7e35 to target datanode c41f5d66-cf39-4662-95cc-d8d3c3703009
2023-09-13 18:18:03,659 [main] DEBUG balancer.ContainerBalancerTask (ContainerBalancerTask.java:lambda$moveContainer$3(837)) - Container move completed for container #85 from source 684ea14b-d93a-4679-9a4e-f0da1d5d7e35 to target c41f5d66-cf39-4662-95cc-d8d3c3703009
2023-09-13 18:18:03,660 [main] DEBUG balancer.ContainerBalancerTask (ContainerBalancerTask.java:adaptOnReachingIterationLimits(782)) - Reached max datanodes to involve limit. 2 datanodes have already been selected for balancing and the limit is 2. Only already selected sources and targets can be involved in balancing now.
2023-09-13 18:18:03,663 [main] DEBUG balancer.ContainerBalancerTask (ContainerBalancerTask.java:matchSourceWithTarget(708)) - ContainerBalancer is finding suitable target for source datanode 684ea14b-d93a-4679-9a4e-f0da1d5d7e35
2023-09-13 18:18:03,664 [main] INFO  balancer.FindTargetGreedyByUsageInfo (AbstractFindTargetGreedy.java:findTargetForContainerMove(133)) - Container Balancer could not find a target for source datanode 684ea14b-d93a-4679-9a4e-f0da1d5d7e35
2023-09-13 18:18:03,665 [main] DEBUG balancer.ContainerBalancerTask (ContainerBalancerTask.java:matchSourceWithTarget(717)) - ContainerBalancer could not find a suitable target for source node 684ea14b-d93a-4679-9a4e-f0da1d5d7e35.
2023-09-13 18:18:03,665 [main] INFO  balancer.FindSourceGreedy (FindSourceGreedy.java:getNextCandidateSourceDataNode(126)) - no more candidate source data node
2023-09-13 18:18:03,665 [main] INFO  balancer.ContainerBalancerTask (ContainerBalancerTask.java:checkIterationMoveResults(642)) - Iteration Summary. Number of Datanodes involved: 2. Size moved: 5 GB (5368709120 Bytes). Number of Container moves completed: 1.
2023-09-13 18:18:03,665 [main] INFO  balancer.ContainerBalancerTask (ContainerBalancerTask.java:balance(259)) - Result of this iteration of Container Balancer: ITERATION_COMPLETED
2023-09-13 18:18:03,668 [main] DEBUG balancer.ContainerBalancerTask (ContainerBalancerTask.java:initializeIteration(374)) - Average utilization of the cluster is 0.3585635485571556
2023-09-13 18:18:03,668 [main] DEBUG balancer.ContainerBalancerTask (ContainerBalancerTask.java:initializeIteration(386)) - Lower limit for utilization is 0.2585635485571556 and Upper limit for utilization is 0.45856354855715564
2023-09-13 18:18:03,668 [main] DEBUG balancer.ContainerBalancerTask (ContainerBalancerTask.java:initializeIteration(398)) - Utilization for node 684ea14b-d93a-4679-9a4e-f0da1d5d7e35 with capacity 85899345920B, used 77309411328B, and remaining 8589934592B is 0.9
2023-09-13 18:18:03,668 [main] DEBUG balancer.ContainerBalancerTask (ContainerBalancerTask.java:initializeIteration(398)) - Utilization for node 4f17de24-5171-4fa4-904c-daf981e28ec1 with capacity 69793218560B, used 55834574848B, and remaining 13958643712B is 0.8
2023-09-13 18:18:03,668 [main] DEBUG balancer.ContainerBalancerTask (ContainerBalancerTask.java:initializeIteration(398)) - Utilization for node ad7a6192-9e76-462d-a3ec-087e8cbc0e54 with capacity 65958426331B, used 46170898432B, and remaining 19787527899B is 0.7000000000045483
2023-09-13 18:18:03,668 [main] DEBUG balancer.ContainerBalancerTask (ContainerBalancerTask.java:initializeIteration(398)) - Utilization for node dece0010-edfa-4eb0-bf8c-de1dfb313bf6 with capacity 69793218560B, used 41875931136B, and remaining 27917287424B is 0.6
2023-09-13 18:18:03,668 [main] DEBUG balancer.ContainerBalancerTask (ContainerBalancerTask.java:initializeIteration(398)) - Utilization for node 61d8411a-9cb9-4b30-b5e6-6aabc56017b2 with capacity 92341796864B, used 46170898432B, and remaining 46170898432B is 0.5
2023-09-13 18:18:03,668 [main] DEBUG balancer.ContainerBalancerTask (ContainerBalancerTask.java:initializeIteration(398)) - Utilization for node 7d51e101-26c5-4aa7-a984-21e8028e257d with capacity 83214991360B, used 33285996544B, and remaining 49928994816B is 0.4
2023-09-13 18:18:03,668 [main] DEBUG balancer.ContainerBalancerTask (ContainerBalancerTask.java:initializeIteration(398)) - Utilization for node 77ef1437-ce3a-431b-bfc3-5c21ea920e1b with capacity 78741067093B, used 23622320128B, and remaining 55118746965B is 0.30000000000127
2023-09-13 18:18:03,668 [main] DEBUG balancer.ContainerBalancerTask (ContainerBalancerTask.java:initializeIteration(398)) - Utilization for node d3f82586-965f-4425-af47-8d648c5ba1be with capacity 204010946560B, used 40802189312B, and remaining 163208757248B is 0.2
2023-09-13 18:18:03,668 [main] DEBUG balancer.ContainerBalancerTask (ContainerBalancerTask.java:initializeIteration(398)) - Utilization for node 13e25763-68fd-43ea-a889-1f62c9c43374 with capacity 354334801920B, used 35433480192B, and remaining 318901321728B is 0.1
2023-09-13 18:18:03,669 [main] DEBUG balancer.ContainerBalancerTask (ContainerBalancerTask.java:initializeIteration(398)) - Utilization for node c41f5d66-cf39-4662-95cc-d8d3c3703009 with capacity 12884901888B, used 0B, and remaining 12884901888B is 0.0
2023-09-13 18:18:03,669 [main] INFO  balancer.ContainerBalancerTask (ContainerBalancerTask.java:initializeIteration(447)) - Container Balancer has identified 5 Over-Utilized and 3 Under-Utilized Datanodes that need to be balanced.
2023-09-13 18:18:03,669 [main] DEBUG balancer.ContainerBalancerTask (ContainerBalancerTask.java:lambda$initializeIteration$1(453)) - Datanode localhost-10.162.172.228 684ea14b-d93a-4679-9a4e-f0da1d5d7e35 is Over-Utilized.
2023-09-13 18:18:03,669 [main] DEBUG balancer.ContainerBalancerTask (ContainerBalancerTask.java:lambda$initializeIteration$1(453)) - Datanode localhost-208.101.186.230 4f17de24-5171-4fa4-904c-daf981e28ec1 is Over-Utilized.
2023-09-13 18:18:03,669 [main] DEBUG balancer.ContainerBalancerTask (ContainerBalancerTask.java:lambda$initializeIteration$1(453)) - Datanode localhost-59.106.137.151 ad7a6192-9e76-462d-a3ec-087e8cbc0e54 is Over-Utilized.
2023-09-13 18:18:03,671 [main] DEBUG balancer.ContainerBalancerTask (ContainerBalancerTask.java:lambda$initializeIteration$1(453)) - Datanode localhost-151.69.58.208 dece0010-edfa-4eb0-bf8c-de1dfb313bf6 is Over-Utilized.
2023-09-13 18:18:03,671 [main] DEBUG balancer.ContainerBalancerTask (ContainerBalancerTask.java:lambda$initializeIteration$1(453)) - Datanode localhost-76.124.186.57 61d8411a-9cb9-4b30-b5e6-6aabc56017b2 is Over-Utilized.
2023-09-13 18:18:03,671 [main] DEBUG balancer.ContainerBalancerTask (ContainerBalancerTask.java:lambda$initializeIteration$2(459)) - Datanode localhost-73.35.147.89 c41f5d66-cf39-4662-95cc-d8d3c3703009 is Under-Utilized.
2023-09-13 18:18:03,671 [main] DEBUG balancer.ContainerBalancerTask (ContainerBalancerTask.java:lambda$initializeIteration$2(459)) - Datanode localhost-237.209.24.240 13e25763-68fd-43ea-a889-1f62c9c43374 is Under-Utilized.
2023-09-13 18:18:03,671 [main] DEBUG balancer.ContainerBalancerTask (ContainerBalancerTask.java:lambda$initializeIteration$2(459)) - Datanode localhost-57.248.177.26 d3f82586-965f-4425-af47-8d648c5ba1be is Under-Utilized.
2023-09-13 18:18:03,675 [main] DEBUG balancer.ContainerBalancerTask (ContainerBalancerTask.java:matchSourceWithTarget(708)) - ContainerBalancer is finding suitable target for source datanode 684ea14b-d93a-4679-9a4e-f0da1d5d7e35
2023-09-13 18:18:03,675 [main] INFO  balancer.ContainerBalancerTask (ContainerBalancerTask.java:matchSourceWithTarget(722)) - ContainerBalancer matched source datanode 684ea14b-d93a-4679-9a4e-f0da1d5d7e35 with target datanode c41f5d66-cf39-4662-95cc-d8d3c3703009 for container move.
2023-09-13 18:18:03,675 [main] INFO  balancer.ContainerBalancerTask (ContainerBalancerTask.java:processMoveSelection(569)) - ContainerBalancer is trying to move container #85 with size 5368709120B from source datanode 684ea14b-d93a-4679-9a4e-f0da1d5d7e35 to target datanode c41f5d66-cf39-4662-95cc-d8d3c3703009
2023-09-13 18:18:03,675 [main] DEBUG balancer.ContainerBalancerTask (ContainerBalancerTask.java:lambda$moveContainer$3(837)) - Container move completed for container #85 from source 684ea14b-d93a-4679-9a4e-f0da1d5d7e35 to target c41f5d66-cf39-4662-95cc-d8d3c3703009
2023-09-13 18:18:03,675 [main] DEBUG balancer.ContainerBalancerTask (ContainerBalancerTask.java:adaptOnReachingIterationLimits(782)) - Reached max datanodes to involve limit. 2 datanodes have already been selected for balancing and the limit is 2. Only already selected sources and targets can be involved in balancing now.
2023-09-13 18:18:03,678 [main] DEBUG balancer.ContainerBalancerTask (ContainerBalancerTask.java:matchSourceWithTarget(708)) - ContainerBalancer is finding suitable target for source datanode 684ea14b-d93a-4679-9a4e-f0da1d5d7e35
2023-09-13 18:18:03,680 [main] INFO  balancer.FindTargetGreedyByUsageInfo (AbstractFindTargetGreedy.java:findTargetForContainerMove(133)) - Container Balancer could not find a target for source datanode 684ea14b-d93a-4679-9a4e-f0da1d5d7e35
2023-09-13 18:18:03,680 [main] DEBUG balancer.ContainerBalancerTask (ContainerBalancerTask.java:matchSourceWithTarget(717)) - ContainerBalancer could not find a suitable target for source node 684ea14b-d93a-4679-9a4e-f0da1d5d7e35.
2023-09-13 18:18:03,680 [main] INFO  balancer.FindSourceGreedy (FindSourceGreedy.java:getNextCandidateSourceDataNode(126)) - no more candidate source data node
2023-09-13 18:18:03,680 [main] INFO  balancer.ContainerBalancerTask (ContainerBalancerTask.java:checkIterationMoveResults(642)) - Iteration Summary. Number of Datanodes involved: 2. Size moved: 5 GB (5368709120 Bytes). Number of Container moves completed: 1.
2023-09-13 18:18:03,680 [main] INFO  balancer.ContainerBalancerTask (ContainerBalancerTask.java:balance(259)) - Result of this iteration of Container Balancer: ITERATION_COMPLETED
2023-09-13 18:18:03,680 [main] INFO  balancer.ContainerBalancerTask (ContainerBalancerTask.java:tryStopWithSaveConfiguration(308)) - Save Configuration for stopping. Reason: Completed all iterations.
]]></system-out>
  </testcase>
  <testcase name="checkIterationResult" classname="org.apache.hadoop.hdds.scm.container.balancer.TestContainerBalancerTask" time="0.139">
    <system-out><![CDATA[2023-09-13 18:18:03,717 [main] INFO  net.NodeSchemaLoader (NodeSchemaLoader.java:loadSchemaFromFile(129)) - Loading schema from [file:/home/runner/work/ozone/ozone/hadoop-hdds/common/target/classes/network-topology-default.xml]
2023-09-13 18:18:03,717 [main] INFO  net.NodeSchemaLoader (NodeSchemaLoader.java:loadSchema(176)) - Loading network topology layer schema file
2023-09-13 18:18:03,723 [main] INFO  net.NetworkTopologyImpl (NetworkTopologyImpl.java:add(112)) - Added a new node: /default-rack/0d09615a-c4e3-46b0-a53c-414b9f19072e
2023-09-13 18:18:03,723 [main] INFO  net.NetworkTopologyImpl (NetworkTopologyImpl.java:add(112)) - Added a new node: /default-rack/9034b618-1238-49e1-ba34-839d213906c4
2023-09-13 18:18:03,723 [main] INFO  net.NetworkTopologyImpl (NetworkTopologyImpl.java:add(112)) - Added a new node: /default-rack/9b19599a-f81b-43c7-9449-11b66183efe1
2023-09-13 18:18:03,724 [main] INFO  net.NetworkTopologyImpl (NetworkTopologyImpl.java:add(112)) - Added a new node: /default-rack/020b351a-039b-436c-b613-cab7c79a910d
2023-09-13 18:18:03,724 [main] INFO  net.NetworkTopologyImpl (NetworkTopologyImpl.java:add(112)) - Added a new node: /default-rack/b8d1e0b9-394a-4e60-b155-8627c122a264
2023-09-13 18:18:03,724 [main] INFO  net.NetworkTopologyImpl (NetworkTopologyImpl.java:add(112)) - Added a new node: /default-rack/d5adde30-1315-40bd-86a7-48f3c65ca45b
2023-09-13 18:18:03,724 [main] INFO  net.NetworkTopologyImpl (NetworkTopologyImpl.java:add(112)) - Added a new node: /default-rack/251cfb09-16a8-4f32-8eaa-19e23594c0aa
2023-09-13 18:18:03,726 [main] INFO  net.NetworkTopologyImpl (NetworkTopologyImpl.java:add(112)) - Added a new node: /default-rack/1561fd36-1e96-4198-8cf2-c4d1e5d3cb60
2023-09-13 18:18:03,726 [main] INFO  net.NetworkTopologyImpl (NetworkTopologyImpl.java:add(112)) - Added a new node: /default-rack/eebc6631-4c51-4a16-a999-790b528b2a6a
2023-09-13 18:18:03,726 [main] INFO  net.NetworkTopologyImpl (NetworkTopologyImpl.java:add(112)) - Added a new node: /default-rack/d9734d8c-ec70-4e5d-8656-73182e8c671d
2023-09-13 18:18:03,727 [main] INFO  algorithms.ContainerPlacementPolicyFactory (ContainerPlacementPolicyFactory.java:getPolicyInternal(86)) - Create container placement policy of type org.apache.hadoop.hdds.scm.container.placement.algorithms.SCMContainerPlacementRackAware
2023-09-13 18:18:03,727 [main] INFO  algorithms.ContainerPlacementPolicyFactory (ContainerPlacementPolicyFactory.java:getPolicyInternal(86)) - Create container placement policy of type org.apache.hadoop.hdds.scm.container.placement.algorithms.SCMContainerPlacementRackScatter
2023-09-13 18:18:03,733 [main] DEBUG balancer.ContainerBalancerTask (ContainerBalancerTask.java:initializeIteration(374)) - Average utilization of the cluster is 0.3163847279246214
2023-09-13 18:18:03,733 [main] DEBUG balancer.ContainerBalancerTask (ContainerBalancerTask.java:initializeIteration(386)) - Lower limit for utilization is 0.2163847279246214 and Upper limit for utilization is 0.41638472792462145
2023-09-13 18:18:03,733 [main] DEBUG balancer.ContainerBalancerTask (ContainerBalancerTask.java:initializeIteration(398)) - Utilization for node 020b351a-039b-436c-b613-cab7c79a910d with capacity 54880137671B, used 49392123904B, and remaining 5488013767B is 0.9000000000018221
2023-09-13 18:18:03,733 [main] DEBUG balancer.ContainerBalancerTask (ContainerBalancerTask.java:initializeIteration(398)) - Utilization for node 9b19599a-f81b-43c7-9449-11b66183efe1 with capacity 76504104960B, used 61203283968B, and remaining 15300820992B is 0.8
2023-09-13 18:18:03,733 [main] DEBUG balancer.ContainerBalancerTask (ContainerBalancerTask.java:initializeIteration(398)) - Utilization for node 9034b618-1238-49e1-ba34-839d213906c4 with capacity 82831512137B, used 57982058496B, and remaining 24849453641B is 0.7000000000012073
2023-09-13 18:18:03,733 [main] DEBUG balancer.ContainerBalancerTask (ContainerBalancerTask.java:initializeIteration(398)) - Utilization for node d9734d8c-ec70-4e5d-8656-73182e8c671d with capacity 55476660906B, used 33285996544B, and remaining 22190664362B is 0.6000000000072102
2023-09-13 18:18:03,734 [main] DEBUG balancer.ContainerBalancerTask (ContainerBalancerTask.java:initializeIteration(398)) - Utilization for node eebc6631-4c51-4a16-a999-790b528b2a6a with capacity 70866960384B, used 35433480192B, and remaining 35433480192B is 0.5
2023-09-13 18:18:03,734 [main] DEBUG balancer.ContainerBalancerTask (ContainerBalancerTask.java:initializeIteration(398)) - Utilization for node 1561fd36-1e96-4198-8cf2-c4d1e5d3cb60 with capacity 104689827840B, used 41875931136B, and remaining 62813896704B is 0.4
2023-09-13 18:18:03,734 [main] DEBUG balancer.ContainerBalancerTask (ContainerBalancerTask.java:initializeIteration(398)) - Utilization for node d5adde30-1315-40bd-86a7-48f3c65ca45b with capacity 82320206506B, used 24696061952B, and remaining 57624144554B is 0.30000000000242955
2023-09-13 18:18:03,734 [main] DEBUG balancer.ContainerBalancerTask (ContainerBalancerTask.java:initializeIteration(398)) - Utilization for node 251cfb09-16a8-4f32-8eaa-19e23594c0aa with capacity 198642237440B, used 39728447488B, and remaining 158913789952B is 0.2
2023-09-13 18:18:03,734 [main] DEBUG balancer.ContainerBalancerTask (ContainerBalancerTask.java:initializeIteration(398)) - Utilization for node b8d1e0b9-394a-4e60-b155-8627c122a264 with capacity 461708984320B, used 46170898432B, and remaining 415538085888B is 0.1
2023-09-13 18:18:03,734 [main] DEBUG balancer.ContainerBalancerTask (ContainerBalancerTask.java:initializeIteration(398)) - Utilization for node 0d09615a-c4e3-46b0-a53c-414b9f19072e with capacity 44023414784B, used 0B, and remaining 44023414784B is 0.0
2023-09-13 18:18:03,734 [main] INFO  balancer.ContainerBalancerTask (ContainerBalancerTask.java:initializeIteration(447)) - Container Balancer has identified 5 Over-Utilized and 3 Under-Utilized Datanodes that need to be balanced.
2023-09-13 18:18:03,734 [main] DEBUG balancer.ContainerBalancerTask (ContainerBalancerTask.java:lambda$initializeIteration$1(453)) - Datanode localhost-86.225.84.136 020b351a-039b-436c-b613-cab7c79a910d is Over-Utilized.
2023-09-13 18:18:03,734 [main] DEBUG balancer.ContainerBalancerTask (ContainerBalancerTask.java:lambda$initializeIteration$1(453)) - Datanode localhost-129.160.37.103 9b19599a-f81b-43c7-9449-11b66183efe1 is Over-Utilized.
2023-09-13 18:18:03,734 [main] DEBUG balancer.ContainerBalancerTask (ContainerBalancerTask.java:lambda$initializeIteration$1(453)) - Datanode localhost-2.181.44.88 9034b618-1238-49e1-ba34-839d213906c4 is Over-Utilized.
2023-09-13 18:18:03,734 [main] DEBUG balancer.ContainerBalancerTask (ContainerBalancerTask.java:lambda$initializeIteration$1(453)) - Datanode localhost-49.54.187.131 d9734d8c-ec70-4e5d-8656-73182e8c671d is Over-Utilized.
2023-09-13 18:18:03,735 [main] DEBUG balancer.ContainerBalancerTask (ContainerBalancerTask.java:lambda$initializeIteration$1(453)) - Datanode localhost-252.236.37.97 eebc6631-4c51-4a16-a999-790b528b2a6a is Over-Utilized.
2023-09-13 18:18:03,735 [main] DEBUG balancer.ContainerBalancerTask (ContainerBalancerTask.java:lambda$initializeIteration$2(459)) - Datanode localhost-121.85.196.38 0d09615a-c4e3-46b0-a53c-414b9f19072e is Under-Utilized.
2023-09-13 18:18:03,735 [main] DEBUG balancer.ContainerBalancerTask (ContainerBalancerTask.java:lambda$initializeIteration$2(459)) - Datanode localhost-110.92.161.182 b8d1e0b9-394a-4e60-b155-8627c122a264 is Under-Utilized.
2023-09-13 18:18:03,735 [main] DEBUG balancer.ContainerBalancerTask (ContainerBalancerTask.java:lambda$initializeIteration$2(459)) - Datanode localhost-110.202.69.193 251cfb09-16a8-4f32-8eaa-19e23594c0aa is Under-Utilized.
2023-09-13 18:18:03,737 [main] DEBUG balancer.ContainerBalancerTask (ContainerBalancerTask.java:matchSourceWithTarget(708)) - ContainerBalancer is finding suitable target for source datanode 020b351a-039b-436c-b613-cab7c79a910d
2023-09-13 18:18:03,737 [main] INFO  balancer.ContainerBalancerTask (ContainerBalancerTask.java:matchSourceWithTarget(722)) - ContainerBalancer matched source datanode 020b351a-039b-436c-b613-cab7c79a910d with target datanode 0d09615a-c4e3-46b0-a53c-414b9f19072e for container move.
2023-09-13 18:18:03,737 [main] INFO  balancer.ContainerBalancerTask (ContainerBalancerTask.java:processMoveSelection(569)) - ContainerBalancer is trying to move container #84 with size 4294967296B from source datanode 020b351a-039b-436c-b613-cab7c79a910d to target datanode 0d09615a-c4e3-46b0-a53c-414b9f19072e
2023-09-13 18:18:03,737 [main] DEBUG balancer.ContainerBalancerTask (ContainerBalancerTask.java:lambda$moveContainer$3(837)) - Container move completed for container #84 from source 020b351a-039b-436c-b613-cab7c79a910d to target 0d09615a-c4e3-46b0-a53c-414b9f19072e
2023-09-13 18:18:03,743 [main] DEBUG balancer.ContainerBalancerTask (ContainerBalancerTask.java:matchSourceWithTarget(708)) - ContainerBalancer is finding suitable target for source datanode 020b351a-039b-436c-b613-cab7c79a910d
2023-09-13 18:18:03,743 [main] INFO  balancer.ContainerBalancerTask (ContainerBalancerTask.java:matchSourceWithTarget(722)) - ContainerBalancer matched source datanode 020b351a-039b-436c-b613-cab7c79a910d with target datanode 0d09615a-c4e3-46b0-a53c-414b9f19072e for container move.
2023-09-13 18:18:03,743 [main] INFO  balancer.ContainerBalancerTask (ContainerBalancerTask.java:processMoveSelection(569)) - ContainerBalancer is trying to move container #28 with size 4294967296B from source datanode 020b351a-039b-436c-b613-cab7c79a910d to target datanode 0d09615a-c4e3-46b0-a53c-414b9f19072e
2023-09-13 18:18:03,743 [main] DEBUG balancer.ContainerBalancerTask (ContainerBalancerTask.java:lambda$moveContainer$3(837)) - Container move completed for container #28 from source 020b351a-039b-436c-b613-cab7c79a910d to target 0d09615a-c4e3-46b0-a53c-414b9f19072e
2023-09-13 18:18:03,748 [main] DEBUG balancer.ContainerBalancerTask (ContainerBalancerTask.java:matchSourceWithTarget(708)) - ContainerBalancer is finding suitable target for source datanode 9b19599a-f81b-43c7-9449-11b66183efe1
2023-09-13 18:18:03,748 [main] INFO  balancer.ContainerBalancerTask (ContainerBalancerTask.java:matchSourceWithTarget(722)) - ContainerBalancer matched source datanode 9b19599a-f81b-43c7-9449-11b66183efe1 with target datanode b8d1e0b9-394a-4e60-b155-8627c122a264 for container move.
2023-09-13 18:18:03,748 [main] INFO  balancer.ContainerBalancerTask (ContainerBalancerTask.java:processMoveSelection(569)) - ContainerBalancer is trying to move container #68 with size 5368709120B from source datanode 9b19599a-f81b-43c7-9449-11b66183efe1 to target datanode b8d1e0b9-394a-4e60-b155-8627c122a264
2023-09-13 18:18:03,748 [main] DEBUG balancer.ContainerBalancerTask (ContainerBalancerTask.java:lambda$moveContainer$3(837)) - Container move completed for container #68 from source 9b19599a-f81b-43c7-9449-11b66183efe1 to target b8d1e0b9-394a-4e60-b155-8627c122a264
2023-09-13 18:18:03,750 [main] DEBUG balancer.ContainerBalancerTask (ContainerBalancerTask.java:matchSourceWithTarget(708)) - ContainerBalancer is finding suitable target for source datanode 020b351a-039b-436c-b613-cab7c79a910d
2023-09-13 18:18:03,750 [main] INFO  balancer.ContainerBalancerTask (ContainerBalancerTask.java:matchSourceWithTarget(722)) - ContainerBalancer matched source datanode 020b351a-039b-436c-b613-cab7c79a910d with target datanode b8d1e0b9-394a-4e60-b155-8627c122a264 for container move.
2023-09-13 18:18:03,750 [main] INFO  balancer.ContainerBalancerTask (ContainerBalancerTask.java:processMoveSelection(569)) - ContainerBalancer is trying to move container #88 with size 3221225472B from source datanode 020b351a-039b-436c-b613-cab7c79a910d to target datanode b8d1e0b9-394a-4e60-b155-8627c122a264
2023-09-13 18:18:03,751 [main] DEBUG balancer.ContainerBalancerTask (ContainerBalancerTask.java:lambda$moveContainer$3(837)) - Container move completed for container #88 from source 020b351a-039b-436c-b613-cab7c79a910d to target b8d1e0b9-394a-4e60-b155-8627c122a264
2023-09-13 18:18:03,754 [main] DEBUG balancer.ContainerBalancerTask (ContainerBalancerTask.java:matchSourceWithTarget(708)) - ContainerBalancer is finding suitable target for source datanode 9b19599a-f81b-43c7-9449-11b66183efe1
2023-09-13 18:18:03,754 [main] INFO  balancer.ContainerBalancerTask (ContainerBalancerTask.java:matchSourceWithTarget(722)) - ContainerBalancer matched source datanode 9b19599a-f81b-43c7-9449-11b66183efe1 with target datanode b8d1e0b9-394a-4e60-b155-8627c122a264 for container move.
2023-09-13 18:18:03,754 [main] INFO  balancer.ContainerBalancerTask (ContainerBalancerTask.java:processMoveSelection(569)) - ContainerBalancer is trying to move container #50 with size 2147483648B from source datanode 9b19599a-f81b-43c7-9449-11b66183efe1 to target datanode b8d1e0b9-394a-4e60-b155-8627c122a264
2023-09-13 18:18:03,754 [main] DEBUG balancer.ContainerBalancerTask (ContainerBalancerTask.java:lambda$moveContainer$3(837)) - Container move completed for container #50 from source 9b19599a-f81b-43c7-9449-11b66183efe1 to target b8d1e0b9-394a-4e60-b155-8627c122a264
2023-09-13 18:18:03,757 [main] DEBUG balancer.ContainerBalancerTask (ContainerBalancerTask.java:matchSourceWithTarget(708)) - ContainerBalancer is finding suitable target for source datanode 9b19599a-f81b-43c7-9449-11b66183efe1
2023-09-13 18:18:03,757 [main] INFO  balancer.ContainerBalancerTask (ContainerBalancerTask.java:matchSourceWithTarget(722)) - ContainerBalancer matched source datanode 9b19599a-f81b-43c7-9449-11b66183efe1 with target datanode 0d09615a-c4e3-46b0-a53c-414b9f19072e for container move.
2023-09-13 18:18:03,757 [main] INFO  balancer.ContainerBalancerTask (ContainerBalancerTask.java:processMoveSelection(569)) - ContainerBalancer is trying to move container #70 with size 2147483648B from source datanode 9b19599a-f81b-43c7-9449-11b66183efe1 to target datanode 0d09615a-c4e3-46b0-a53c-414b9f19072e
2023-09-13 18:18:03,758 [main] DEBUG balancer.ContainerBalancerTask (ContainerBalancerTask.java:lambda$moveContainer$3(837)) - Container move completed for container #70 from source 9b19599a-f81b-43c7-9449-11b66183efe1 to target 0d09615a-c4e3-46b0-a53c-414b9f19072e
2023-09-13 18:18:03,760 [main] DEBUG balancer.ContainerBalancerTask (ContainerBalancerTask.java:matchSourceWithTarget(708)) - ContainerBalancer is finding suitable target for source datanode 9034b618-1238-49e1-ba34-839d213906c4
2023-09-13 18:18:03,761 [main] INFO  balancer.ContainerBalancerTask (ContainerBalancerTask.java:matchSourceWithTarget(722)) - ContainerBalancer matched source datanode 9034b618-1238-49e1-ba34-839d213906c4 with target datanode 251cfb09-16a8-4f32-8eaa-19e23594c0aa for container move.
2023-09-13 18:18:03,761 [main] INFO  balancer.ContainerBalancerTask (ContainerBalancerTask.java:processMoveSelection(569)) - ContainerBalancer is trying to move container #52 with size 4294967296B from source datanode 9034b618-1238-49e1-ba34-839d213906c4 to target datanode 251cfb09-16a8-4f32-8eaa-19e23594c0aa
2023-09-13 18:18:03,761 [main] DEBUG balancer.ContainerBalancerTask (ContainerBalancerTask.java:lambda$moveContainer$3(837)) - Container move completed for container #52 from source 9034b618-1238-49e1-ba34-839d213906c4 to target 251cfb09-16a8-4f32-8eaa-19e23594c0aa
2023-09-13 18:18:03,763 [main] DEBUG balancer.ContainerBalancerTask (ContainerBalancerTask.java:matchSourceWithTarget(708)) - ContainerBalancer is finding suitable target for source datanode 020b351a-039b-436c-b613-cab7c79a910d
2023-09-13 18:18:03,763 [main] INFO  balancer.ContainerBalancerTask (ContainerBalancerTask.java:matchSourceWithTarget(722)) - ContainerBalancer matched source datanode 020b351a-039b-436c-b613-cab7c79a910d with target datanode 251cfb09-16a8-4f32-8eaa-19e23594c0aa for container move.
2023-09-13 18:18:03,764 [main] INFO  balancer.ContainerBalancerTask (ContainerBalancerTask.java:processMoveSelection(569)) - ContainerBalancer is trying to move container #82 with size 2147483648B from source datanode 020b351a-039b-436c-b613-cab7c79a910d to target datanode 251cfb09-16a8-4f32-8eaa-19e23594c0aa
2023-09-13 18:18:03,764 [main] DEBUG balancer.ContainerBalancerTask (ContainerBalancerTask.java:lambda$moveContainer$3(837)) - Container move completed for container #82 from source 020b351a-039b-436c-b613-cab7c79a910d to target 251cfb09-16a8-4f32-8eaa-19e23594c0aa
2023-09-13 18:18:03,767 [main] DEBUG balancer.ContainerBalancerTask (ContainerBalancerTask.java:matchSourceWithTarget(708)) - ContainerBalancer is finding suitable target for source datanode 9b19599a-f81b-43c7-9449-11b66183efe1
2023-09-13 18:18:03,767 [main] INFO  balancer.ContainerBalancerTask (ContainerBalancerTask.java:matchSourceWithTarget(722)) - ContainerBalancer matched source datanode 9b19599a-f81b-43c7-9449-11b66183efe1 with target datanode 251cfb09-16a8-4f32-8eaa-19e23594c0aa for container move.
2023-09-13 18:18:03,767 [main] INFO  balancer.ContainerBalancerTask (ContainerBalancerTask.java:processMoveSelection(569)) - ContainerBalancer is trying to move container #26 with size 2147483648B from source datanode 9b19599a-f81b-43c7-9449-11b66183efe1 to target datanode 251cfb09-16a8-4f32-8eaa-19e23594c0aa
2023-09-13 18:18:03,768 [main] DEBUG balancer.ContainerBalancerTask (ContainerBalancerTask.java:lambda$moveContainer$3(837)) - Container move completed for container #26 from source 9b19599a-f81b-43c7-9449-11b66183efe1 to target 251cfb09-16a8-4f32-8eaa-19e23594c0aa
2023-09-13 18:18:03,770 [main] DEBUG balancer.ContainerBalancerTask (ContainerBalancerTask.java:matchSourceWithTarget(708)) - ContainerBalancer is finding suitable target for source datanode 9034b618-1238-49e1-ba34-839d213906c4
2023-09-13 18:18:03,771 [main] INFO  balancer.FindTargetGreedyByUsageInfo (AbstractFindTargetGreedy.java:findTargetForContainerMove(133)) - Container Balancer could not find a target for source datanode 9034b618-1238-49e1-ba34-839d213906c4
2023-09-13 18:18:03,771 [main] DEBUG balancer.ContainerBalancerTask (ContainerBalancerTask.java:matchSourceWithTarget(717)) - ContainerBalancer could not find a suitable target for source node 9034b618-1238-49e1-ba34-839d213906c4.
2023-09-13 18:18:03,773 [main] DEBUG balancer.ContainerBalancerTask (ContainerBalancerTask.java:matchSourceWithTarget(708)) - ContainerBalancer is finding suitable target for source datanode 020b351a-039b-436c-b613-cab7c79a910d
2023-09-13 18:18:03,773 [main] INFO  balancer.ContainerBalancerTask (ContainerBalancerTask.java:matchSourceWithTarget(722)) - ContainerBalancer matched source datanode 020b351a-039b-436c-b613-cab7c79a910d with target datanode 251cfb09-16a8-4f32-8eaa-19e23594c0aa for container move.
2023-09-13 18:18:03,774 [main] INFO  balancer.ContainerBalancerTask (ContainerBalancerTask.java:processMoveSelection(569)) - ContainerBalancer is trying to move container #86 with size 1073741824B from source datanode 020b351a-039b-436c-b613-cab7c79a910d to target datanode 251cfb09-16a8-4f32-8eaa-19e23594c0aa
2023-09-13 18:18:03,774 [main] DEBUG balancer.ContainerBalancerTask (ContainerBalancerTask.java:lambda$moveContainer$3(837)) - Container move completed for container #86 from source 020b351a-039b-436c-b613-cab7c79a910d to target 251cfb09-16a8-4f32-8eaa-19e23594c0aa
2023-09-13 18:18:03,777 [main] DEBUG balancer.ContainerBalancerTask (ContainerBalancerTask.java:matchSourceWithTarget(708)) - ContainerBalancer is finding suitable target for source datanode 9b19599a-f81b-43c7-9449-11b66183efe1
2023-09-13 18:18:03,777 [main] INFO  balancer.ContainerBalancerTask (ContainerBalancerTask.java:matchSourceWithTarget(722)) - ContainerBalancer matched source datanode 9b19599a-f81b-43c7-9449-11b66183efe1 with target datanode 251cfb09-16a8-4f32-8eaa-19e23594c0aa for container move.
2023-09-13 18:18:03,777 [main] INFO  balancer.ContainerBalancerTask (ContainerBalancerTask.java:processMoveSelection(569)) - ContainerBalancer is trying to move container #64 with size 1073741824B from source datanode 9b19599a-f81b-43c7-9449-11b66183efe1 to target datanode 251cfb09-16a8-4f32-8eaa-19e23594c0aa
2023-09-13 18:18:03,778 [main] DEBUG balancer.ContainerBalancerTask (ContainerBalancerTask.java:lambda$moveContainer$3(837)) - Container move completed for container #64 from source 9b19599a-f81b-43c7-9449-11b66183efe1 to target 251cfb09-16a8-4f32-8eaa-19e23594c0aa
2023-09-13 18:18:03,781 [main] DEBUG balancer.ContainerBalancerTask (ContainerBalancerTask.java:matchSourceWithTarget(708)) - ContainerBalancer is finding suitable target for source datanode 9b19599a-f81b-43c7-9449-11b66183efe1
2023-09-13 18:18:03,781 [main] INFO  balancer.FindTargetGreedyByUsageInfo (AbstractFindTargetGreedy.java:findTargetForContainerMove(133)) - Container Balancer could not find a target for source datanode 9b19599a-f81b-43c7-9449-11b66183efe1
2023-09-13 18:18:03,781 [main] DEBUG balancer.ContainerBalancerTask (ContainerBalancerTask.java:matchSourceWithTarget(717)) - ContainerBalancer could not find a suitable target for source node 9b19599a-f81b-43c7-9449-11b66183efe1.
2023-09-13 18:18:03,784 [main] DEBUG balancer.ContainerBalancerTask (ContainerBalancerTask.java:matchSourceWithTarget(701)) - ContainerBalancer could not find any candidate containers for datanode 020b351a-039b-436c-b613-cab7c79a910d
2023-09-13 18:18:03,786 [main] DEBUG balancer.ContainerBalancerTask (ContainerBalancerTask.java:matchSourceWithTarget(708)) - ContainerBalancer is finding suitable target for source datanode d9734d8c-ec70-4e5d-8656-73182e8c671d
2023-09-13 18:18:03,786 [main] INFO  balancer.FindTargetGreedyByUsageInfo (AbstractFindTargetGreedy.java:findTargetForContainerMove(133)) - Container Balancer could not find a target for source datanode d9734d8c-ec70-4e5d-8656-73182e8c671d
2023-09-13 18:18:03,786 [main] DEBUG balancer.ContainerBalancerTask (ContainerBalancerTask.java:matchSourceWithTarget(717)) - ContainerBalancer could not find a suitable target for source node d9734d8c-ec70-4e5d-8656-73182e8c671d.
2023-09-13 18:18:03,789 [main] DEBUG balancer.ContainerBalancerTask (ContainerBalancerTask.java:matchSourceWithTarget(708)) - ContainerBalancer is finding suitable target for source datanode eebc6631-4c51-4a16-a999-790b528b2a6a
2023-09-13 18:18:03,789 [main] INFO  balancer.FindTargetGreedyByUsageInfo (AbstractFindTargetGreedy.java:findTargetForContainerMove(133)) - Container Balancer could not find a target for source datanode eebc6631-4c51-4a16-a999-790b528b2a6a
2023-09-13 18:18:03,789 [main] DEBUG balancer.ContainerBalancerTask (ContainerBalancerTask.java:matchSourceWithTarget(717)) - ContainerBalancer could not find a suitable target for source node eebc6631-4c51-4a16-a999-790b528b2a6a.
2023-09-13 18:18:03,789 [main] INFO  balancer.FindSourceGreedy (FindSourceGreedy.java:getNextCandidateSourceDataNode(126)) - no more candidate source data node
2023-09-13 18:18:03,789 [main] INFO  balancer.ContainerBalancerTask (ContainerBalancerTask.java:checkIterationMoveResults(642)) - Iteration Summary. Number of Datanodes involved: 6. Size moved: 30 GB (32212254720 Bytes). Number of Container moves completed: 11.
2023-09-13 18:18:03,789 [main] INFO  balancer.ContainerBalancerTask (ContainerBalancerTask.java:balance(259)) - Result of this iteration of Container Balancer: ITERATION_COMPLETED
2023-09-13 18:18:03,789 [main] INFO  balancer.ContainerBalancerTask (ContainerBalancerTask.java:tryStopWithSaveConfiguration(308)) - Save Configuration for stopping. Reason: Completed all iterations.
2023-09-13 18:18:03,791 [main] DEBUG balancer.ContainerBalancerTask (ContainerBalancerTask.java:initializeIteration(374)) - Average utilization of the cluster is 0.3163847279246214
2023-09-13 18:18:03,791 [main] DEBUG balancer.ContainerBalancerTask (ContainerBalancerTask.java:initializeIteration(386)) - Lower limit for utilization is 0.2163847279246214 and Upper limit for utilization is 0.41638472792462145
2023-09-13 18:18:03,791 [main] DEBUG balancer.ContainerBalancerTask (ContainerBalancerTask.java:initializeIteration(398)) - Utilization for node 020b351a-039b-436c-b613-cab7c79a910d with capacity 54880137671B, used 49392123904B, and remaining 5488013767B is 0.9000000000018221
2023-09-13 18:18:03,791 [main] DEBUG balancer.ContainerBalancerTask (ContainerBalancerTask.java:initializeIteration(398)) - Utilization for node 9b19599a-f81b-43c7-9449-11b66183efe1 with capacity 76504104960B, used 61203283968B, and remaining 15300820992B is 0.8
2023-09-13 18:18:03,791 [main] DEBUG balancer.ContainerBalancerTask (ContainerBalancerTask.java:initializeIteration(398)) - Utilization for node 9034b618-1238-49e1-ba34-839d213906c4 with capacity 82831512137B, used 57982058496B, and remaining 24849453641B is 0.7000000000012073
2023-09-13 18:18:03,791 [main] DEBUG balancer.ContainerBalancerTask (ContainerBalancerTask.java:initializeIteration(398)) - Utilization for node d9734d8c-ec70-4e5d-8656-73182e8c671d with capacity 55476660906B, used 33285996544B, and remaining 22190664362B is 0.6000000000072102
2023-09-13 18:18:03,791 [main] DEBUG balancer.ContainerBalancerTask (ContainerBalancerTask.java:initializeIteration(398)) - Utilization for node eebc6631-4c51-4a16-a999-790b528b2a6a with capacity 70866960384B, used 35433480192B, and remaining 35433480192B is 0.5
2023-09-13 18:18:03,791 [main] DEBUG balancer.ContainerBalancerTask (ContainerBalancerTask.java:initializeIteration(398)) - Utilization for node 1561fd36-1e96-4198-8cf2-c4d1e5d3cb60 with capacity 104689827840B, used 41875931136B, and remaining 62813896704B is 0.4
2023-09-13 18:18:03,791 [main] DEBUG balancer.ContainerBalancerTask (ContainerBalancerTask.java:initializeIteration(398)) - Utilization for node d5adde30-1315-40bd-86a7-48f3c65ca45b with capacity 82320206506B, used 24696061952B, and remaining 57624144554B is 0.30000000000242955
2023-09-13 18:18:03,792 [main] DEBUG balancer.ContainerBalancerTask (ContainerBalancerTask.java:initializeIteration(398)) - Utilization for node 251cfb09-16a8-4f32-8eaa-19e23594c0aa with capacity 198642237440B, used 39728447488B, and remaining 158913789952B is 0.2
2023-09-13 18:18:03,792 [main] DEBUG balancer.ContainerBalancerTask (ContainerBalancerTask.java:initializeIteration(398)) - Utilization for node b8d1e0b9-394a-4e60-b155-8627c122a264 with capacity 461708984320B, used 46170898432B, and remaining 415538085888B is 0.1
2023-09-13 18:18:03,792 [main] DEBUG balancer.ContainerBalancerTask (ContainerBalancerTask.java:initializeIteration(398)) - Utilization for node 0d09615a-c4e3-46b0-a53c-414b9f19072e with capacity 44023414784B, used 0B, and remaining 44023414784B is 0.0
2023-09-13 18:18:03,792 [main] INFO  balancer.ContainerBalancerTask (ContainerBalancerTask.java:initializeIteration(447)) - Container Balancer has identified 5 Over-Utilized and 3 Under-Utilized Datanodes that need to be balanced.
2023-09-13 18:18:03,792 [main] DEBUG balancer.ContainerBalancerTask (ContainerBalancerTask.java:lambda$initializeIteration$1(453)) - Datanode localhost-86.225.84.136 020b351a-039b-436c-b613-cab7c79a910d is Over-Utilized.
2023-09-13 18:18:03,792 [main] DEBUG balancer.ContainerBalancerTask (ContainerBalancerTask.java:lambda$initializeIteration$1(453)) - Datanode localhost-129.160.37.103 9b19599a-f81b-43c7-9449-11b66183efe1 is Over-Utilized.
2023-09-13 18:18:03,792 [main] DEBUG balancer.ContainerBalancerTask (ContainerBalancerTask.java:lambda$initializeIteration$1(453)) - Datanode localhost-2.181.44.88 9034b618-1238-49e1-ba34-839d213906c4 is Over-Utilized.
2023-09-13 18:18:03,792 [main] DEBUG balancer.ContainerBalancerTask (ContainerBalancerTask.java:lambda$initializeIteration$1(453)) - Datanode localhost-49.54.187.131 d9734d8c-ec70-4e5d-8656-73182e8c671d is Over-Utilized.
2023-09-13 18:18:03,792 [main] DEBUG balancer.ContainerBalancerTask (ContainerBalancerTask.java:lambda$initializeIteration$1(453)) - Datanode localhost-252.236.37.97 eebc6631-4c51-4a16-a999-790b528b2a6a is Over-Utilized.
2023-09-13 18:18:03,792 [main] DEBUG balancer.ContainerBalancerTask (ContainerBalancerTask.java:lambda$initializeIteration$2(459)) - Datanode localhost-121.85.196.38 0d09615a-c4e3-46b0-a53c-414b9f19072e is Under-Utilized.
2023-09-13 18:18:03,793 [main] DEBUG balancer.ContainerBalancerTask (ContainerBalancerTask.java:lambda$initializeIteration$2(459)) - Datanode localhost-110.92.161.182 b8d1e0b9-394a-4e60-b155-8627c122a264 is Under-Utilized.
2023-09-13 18:18:03,793 [main] DEBUG balancer.ContainerBalancerTask (ContainerBalancerTask.java:lambda$initializeIteration$2(459)) - Datanode localhost-110.202.69.193 251cfb09-16a8-4f32-8eaa-19e23594c0aa is Under-Utilized.
2023-09-13 18:18:03,795 [main] DEBUG balancer.ContainerBalancerTask (ContainerBalancerTask.java:matchSourceWithTarget(708)) - ContainerBalancer is finding suitable target for source datanode 020b351a-039b-436c-b613-cab7c79a910d
2023-09-13 18:18:03,795 [main] INFO  balancer.ContainerBalancerTask (ContainerBalancerTask.java:matchSourceWithTarget(722)) - ContainerBalancer matched source datanode 020b351a-039b-436c-b613-cab7c79a910d with target datanode 0d09615a-c4e3-46b0-a53c-414b9f19072e for container move.
2023-09-13 18:18:03,795 [main] INFO  balancer.ContainerBalancerTask (ContainerBalancerTask.java:processMoveSelection(569)) - ContainerBalancer is trying to move container #84 with size 4294967296B from source datanode 020b351a-039b-436c-b613-cab7c79a910d to target datanode 0d09615a-c4e3-46b0-a53c-414b9f19072e
2023-09-13 18:18:03,795 [main] WARN  balancer.ContainerBalancerTask (ContainerBalancerTask.java:lambda$moveContainer$3(842)) - Container move for container #84 from source 020b351a-039b-436c-b613-cab7c79a910d to target 0d09615a-c4e3-46b0-a53c-414b9f19072e failed: REPLICATION_FAIL_NODE_UNHEALTHY
2023-09-13 18:18:03,798 [main] DEBUG balancer.ContainerBalancerTask (ContainerBalancerTask.java:matchSourceWithTarget(708)) - ContainerBalancer is finding suitable target for source datanode 9b19599a-f81b-43c7-9449-11b66183efe1
2023-09-13 18:18:03,798 [main] INFO  balancer.ContainerBalancerTask (ContainerBalancerTask.java:matchSourceWithTarget(722)) - ContainerBalancer matched source datanode 9b19599a-f81b-43c7-9449-11b66183efe1 with target datanode 0d09615a-c4e3-46b0-a53c-414b9f19072e for container move.
2023-09-13 18:18:03,798 [main] INFO  balancer.ContainerBalancerTask (ContainerBalancerTask.java:processMoveSelection(569)) - ContainerBalancer is trying to move container #68 with size 5368709120B from source datanode 9b19599a-f81b-43c7-9449-11b66183efe1 to target datanode 0d09615a-c4e3-46b0-a53c-414b9f19072e
2023-09-13 18:18:03,798 [main] WARN  balancer.ContainerBalancerTask (ContainerBalancerTask.java:lambda$moveContainer$3(842)) - Container move for container #68 from source 9b19599a-f81b-43c7-9449-11b66183efe1 to target 0d09615a-c4e3-46b0-a53c-414b9f19072e failed: REPLICATION_FAIL_NODE_UNHEALTHY
2023-09-13 18:18:03,801 [main] DEBUG balancer.ContainerBalancerTask (ContainerBalancerTask.java:matchSourceWithTarget(708)) - ContainerBalancer is finding suitable target for source datanode 9034b618-1238-49e1-ba34-839d213906c4
2023-09-13 18:18:03,801 [main] INFO  balancer.ContainerBalancerTask (ContainerBalancerTask.java:matchSourceWithTarget(722)) - ContainerBalancer matched source datanode 9034b618-1238-49e1-ba34-839d213906c4 with target datanode 0d09615a-c4e3-46b0-a53c-414b9f19072e for container move.
2023-09-13 18:18:03,801 [main] INFO  balancer.ContainerBalancerTask (ContainerBalancerTask.java:processMoveSelection(569)) - ContainerBalancer is trying to move container #68 with size 5368709120B from source datanode 9034b618-1238-49e1-ba34-839d213906c4 to target datanode 0d09615a-c4e3-46b0-a53c-414b9f19072e
2023-09-13 18:18:03,801 [main] WARN  balancer.ContainerBalancerTask (ContainerBalancerTask.java:lambda$moveContainer$3(842)) - Container move for container #68 from source 9034b618-1238-49e1-ba34-839d213906c4 to target 0d09615a-c4e3-46b0-a53c-414b9f19072e failed: REPLICATION_FAIL_NODE_UNHEALTHY
2023-09-13 18:18:03,802 [main] DEBUG balancer.ContainerBalancerTask (ContainerBalancerTask.java:matchSourceWithTarget(708)) - ContainerBalancer is finding suitable target for source datanode d9734d8c-ec70-4e5d-8656-73182e8c671d
2023-09-13 18:18:03,803 [main] INFO  balancer.ContainerBalancerTask (ContainerBalancerTask.java:matchSourceWithTarget(722)) - ContainerBalancer matched source datanode d9734d8c-ec70-4e5d-8656-73182e8c671d with target datanode 0d09615a-c4e3-46b0-a53c-414b9f19072e for container move.
2023-09-13 18:18:03,803 [main] INFO  balancer.ContainerBalancerTask (ContainerBalancerTask.java:processMoveSelection(569)) - ContainerBalancer is trying to move container #40 with size 5368709120B from source datanode d9734d8c-ec70-4e5d-8656-73182e8c671d to target datanode 0d09615a-c4e3-46b0-a53c-414b9f19072e
2023-09-13 18:18:03,803 [main] WARN  balancer.ContainerBalancerTask (ContainerBalancerTask.java:lambda$moveContainer$3(842)) - Container move for container #40 from source d9734d8c-ec70-4e5d-8656-73182e8c671d to target 0d09615a-c4e3-46b0-a53c-414b9f19072e failed: REPLICATION_FAIL_NODE_UNHEALTHY
2023-09-13 18:18:03,804 [main] DEBUG balancer.ContainerBalancerTask (ContainerBalancerTask.java:matchSourceWithTarget(708)) - ContainerBalancer is finding suitable target for source datanode eebc6631-4c51-4a16-a999-790b528b2a6a
2023-09-13 18:18:03,805 [main] INFO  balancer.ContainerBalancerTask (ContainerBalancerTask.java:matchSourceWithTarget(722)) - ContainerBalancer matched source datanode eebc6631-4c51-4a16-a999-790b528b2a6a with target datanode 0d09615a-c4e3-46b0-a53c-414b9f19072e for container move.
2023-09-13 18:18:03,805 [main] INFO  balancer.ContainerBalancerTask (ContainerBalancerTask.java:processMoveSelection(569)) - ContainerBalancer is trying to move container #28 with size 4294967296B from source datanode eebc6631-4c51-4a16-a999-790b528b2a6a to target datanode 0d09615a-c4e3-46b0-a53c-414b9f19072e
2023-09-13 18:18:03,805 [main] WARN  balancer.ContainerBalancerTask (ContainerBalancerTask.java:lambda$moveContainer$3(842)) - Container move for container #28 from source eebc6631-4c51-4a16-a999-790b528b2a6a to target 0d09615a-c4e3-46b0-a53c-414b9f19072e failed: REPLICATION_FAIL_NODE_UNHEALTHY
2023-09-13 18:18:03,805 [main] INFO  balancer.FindSourceGreedy (FindSourceGreedy.java:getNextCandidateSourceDataNode(126)) - no more candidate source data node
2023-09-13 18:18:03,805 [main] INFO  balancer.ContainerBalancerTask (ContainerBalancerTask.java:checkIterationMoveResults(642)) - Iteration Summary. Number of Datanodes involved: 0. Size moved: 0 B (0 Bytes). Number of Container moves completed: 0.
2023-09-13 18:18:03,805 [main] INFO  balancer.ContainerBalancerTask (ContainerBalancerTask.java:balance(259)) - Result of this iteration of Container Balancer: ITERATION_COMPLETED
2023-09-13 18:18:03,805 [main] INFO  balancer.ContainerBalancerTask (ContainerBalancerTask.java:tryStopWithSaveConfiguration(308)) - Save Configuration for stopping. Reason: Completed all iterations.
2023-09-13 18:18:03,811 [main] DEBUG balancer.ContainerBalancerTask (ContainerBalancerTask.java:initializeIteration(374)) - Average utilization of the cluster is 0.3163847279246214
2023-09-13 18:18:03,811 [main] DEBUG balancer.ContainerBalancerTask (ContainerBalancerTask.java:initializeIteration(386)) - Lower limit for utilization is 0.2163847279246214 and Upper limit for utilization is 0.41638472792462145
2023-09-13 18:18:03,811 [main] DEBUG balancer.ContainerBalancerTask (ContainerBalancerTask.java:initializeIteration(398)) - Utilization for node 020b351a-039b-436c-b613-cab7c79a910d with capacity 54880137671B, used 49392123904B, and remaining 5488013767B is 0.9000000000018221
2023-09-13 18:18:03,811 [main] DEBUG balancer.ContainerBalancerTask (ContainerBalancerTask.java:initializeIteration(398)) - Utilization for node 9b19599a-f81b-43c7-9449-11b66183efe1 with capacity 76504104960B, used 61203283968B, and remaining 15300820992B is 0.8
2023-09-13 18:18:03,811 [main] DEBUG balancer.ContainerBalancerTask (ContainerBalancerTask.java:initializeIteration(398)) - Utilization for node 9034b618-1238-49e1-ba34-839d213906c4 with capacity 82831512137B, used 57982058496B, and remaining 24849453641B is 0.7000000000012073
2023-09-13 18:18:03,811 [main] DEBUG balancer.ContainerBalancerTask (ContainerBalancerTask.java:initializeIteration(398)) - Utilization for node d9734d8c-ec70-4e5d-8656-73182e8c671d with capacity 55476660906B, used 33285996544B, and remaining 22190664362B is 0.6000000000072102
2023-09-13 18:18:03,811 [main] DEBUG balancer.ContainerBalancerTask (ContainerBalancerTask.java:initializeIteration(398)) - Utilization for node eebc6631-4c51-4a16-a999-790b528b2a6a with capacity 70866960384B, used 35433480192B, and remaining 35433480192B is 0.5
2023-09-13 18:18:03,812 [main] DEBUG balancer.ContainerBalancerTask (ContainerBalancerTask.java:initializeIteration(398)) - Utilization for node 1561fd36-1e96-4198-8cf2-c4d1e5d3cb60 with capacity 104689827840B, used 41875931136B, and remaining 62813896704B is 0.4
2023-09-13 18:18:03,812 [main] DEBUG balancer.ContainerBalancerTask (ContainerBalancerTask.java:initializeIteration(398)) - Utilization for node d5adde30-1315-40bd-86a7-48f3c65ca45b with capacity 82320206506B, used 24696061952B, and remaining 57624144554B is 0.30000000000242955
2023-09-13 18:18:03,812 [main] DEBUG balancer.ContainerBalancerTask (ContainerBalancerTask.java:initializeIteration(398)) - Utilization for node 251cfb09-16a8-4f32-8eaa-19e23594c0aa with capacity 198642237440B, used 39728447488B, and remaining 158913789952B is 0.2
2023-09-13 18:18:03,812 [main] DEBUG balancer.ContainerBalancerTask (ContainerBalancerTask.java:initializeIteration(398)) - Utilization for node b8d1e0b9-394a-4e60-b155-8627c122a264 with capacity 461708984320B, used 46170898432B, and remaining 415538085888B is 0.1
2023-09-13 18:18:03,812 [main] DEBUG balancer.ContainerBalancerTask (ContainerBalancerTask.java:initializeIteration(398)) - Utilization for node 0d09615a-c4e3-46b0-a53c-414b9f19072e with capacity 44023414784B, used 0B, and remaining 44023414784B is 0.0
2023-09-13 18:18:03,812 [main] INFO  balancer.ContainerBalancerTask (ContainerBalancerTask.java:initializeIteration(447)) - Container Balancer has identified 5 Over-Utilized and 3 Under-Utilized Datanodes that need to be balanced.
2023-09-13 18:18:03,812 [main] DEBUG balancer.ContainerBalancerTask (ContainerBalancerTask.java:lambda$initializeIteration$1(453)) - Datanode localhost-86.225.84.136 020b351a-039b-436c-b613-cab7c79a910d is Over-Utilized.
2023-09-13 18:18:03,812 [main] DEBUG balancer.ContainerBalancerTask (ContainerBalancerTask.java:lambda$initializeIteration$1(453)) - Datanode localhost-129.160.37.103 9b19599a-f81b-43c7-9449-11b66183efe1 is Over-Utilized.
2023-09-13 18:18:03,812 [main] DEBUG balancer.ContainerBalancerTask (ContainerBalancerTask.java:lambda$initializeIteration$1(453)) - Datanode localhost-2.181.44.88 9034b618-1238-49e1-ba34-839d213906c4 is Over-Utilized.
2023-09-13 18:18:03,812 [main] DEBUG balancer.ContainerBalancerTask (ContainerBalancerTask.java:lambda$initializeIteration$1(453)) - Datanode localhost-49.54.187.131 d9734d8c-ec70-4e5d-8656-73182e8c671d is Over-Utilized.
2023-09-13 18:18:03,812 [main] DEBUG balancer.ContainerBalancerTask (ContainerBalancerTask.java:lambda$initializeIteration$1(453)) - Datanode localhost-252.236.37.97 eebc6631-4c51-4a16-a999-790b528b2a6a is Over-Utilized.
2023-09-13 18:18:03,813 [main] DEBUG balancer.ContainerBalancerTask (ContainerBalancerTask.java:lambda$initializeIteration$2(459)) - Datanode localhost-121.85.196.38 0d09615a-c4e3-46b0-a53c-414b9f19072e is Under-Utilized.
2023-09-13 18:18:03,813 [main] DEBUG balancer.ContainerBalancerTask (ContainerBalancerTask.java:lambda$initializeIteration$2(459)) - Datanode localhost-110.92.161.182 b8d1e0b9-394a-4e60-b155-8627c122a264 is Under-Utilized.
2023-09-13 18:18:03,813 [main] DEBUG balancer.ContainerBalancerTask (ContainerBalancerTask.java:lambda$initializeIteration$2(459)) - Datanode localhost-110.202.69.193 251cfb09-16a8-4f32-8eaa-19e23594c0aa is Under-Utilized.
2023-09-13 18:18:03,815 [main] DEBUG balancer.ContainerBalancerTask (ContainerBalancerTask.java:matchSourceWithTarget(708)) - ContainerBalancer is finding suitable target for source datanode 020b351a-039b-436c-b613-cab7c79a910d
2023-09-13 18:18:03,815 [main] INFO  balancer.ContainerBalancerTask (ContainerBalancerTask.java:matchSourceWithTarget(722)) - ContainerBalancer matched source datanode 020b351a-039b-436c-b613-cab7c79a910d with target datanode 0d09615a-c4e3-46b0-a53c-414b9f19072e for container move.
2023-09-13 18:18:03,815 [main] INFO  balancer.ContainerBalancerTask (ContainerBalancerTask.java:processMoveSelection(569)) - ContainerBalancer is trying to move container #85 with size 5368709120B from source datanode 020b351a-039b-436c-b613-cab7c79a910d to target datanode 0d09615a-c4e3-46b0-a53c-414b9f19072e
2023-09-13 18:18:03,816 [main] DEBUG balancer.ContainerBalancerTask (ContainerBalancerTask.java:lambda$moveContainer$3(837)) - Container move completed for container #85 from source 020b351a-039b-436c-b613-cab7c79a910d to target 0d09615a-c4e3-46b0-a53c-414b9f19072e
2023-09-13 18:18:03,818 [main] DEBUG balancer.ContainerBalancerTask (ContainerBalancerTask.java:matchSourceWithTarget(708)) - ContainerBalancer is finding suitable target for source datanode 020b351a-039b-436c-b613-cab7c79a910d
2023-09-13 18:18:03,818 [main] INFO  balancer.ContainerBalancerTask (ContainerBalancerTask.java:matchSourceWithTarget(722)) - ContainerBalancer matched source datanode 020b351a-039b-436c-b613-cab7c79a910d with target datanode b8d1e0b9-394a-4e60-b155-8627c122a264 for container move.
2023-09-13 18:18:03,818 [main] INFO  balancer.ContainerBalancerTask (ContainerBalancerTask.java:processMoveSelection(569)) - ContainerBalancer is trying to move container #53 with size 5368709120B from source datanode 020b351a-039b-436c-b613-cab7c79a910d to target datanode b8d1e0b9-394a-4e60-b155-8627c122a264
2023-09-13 18:18:03,820 [main] DEBUG balancer.ContainerBalancerTask (ContainerBalancerTask.java:lambda$moveContainer$3(837)) - Container move completed for container #53 from source 020b351a-039b-436c-b613-cab7c79a910d to target b8d1e0b9-394a-4e60-b155-8627c122a264
2023-09-13 18:18:03,821 [main] WARN  balancer.ContainerBalancerTask (ContainerBalancerTask.java:reachedMaxSizeToMovePerIteration(733)) - Reached max size to move limit. 10737418240 bytes have already been scheduled for balancing and the limit is 10737418240 bytes.
2023-09-13 18:18:03,821 [main] INFO  balancer.ContainerBalancerTask (ContainerBalancerTask.java:checkIterationMoveResults(642)) - Iteration Summary. Number of Datanodes involved: 3. Size moved: 10 GB (10737418240 Bytes). Number of Container moves completed: 2.
2023-09-13 18:18:03,821 [main] INFO  balancer.ContainerBalancerTask (ContainerBalancerTask.java:balance(259)) - Result of this iteration of Container Balancer: ITERATION_COMPLETED
2023-09-13 18:18:03,821 [main] INFO  balancer.ContainerBalancerTask (ContainerBalancerTask.java:tryStopWithSaveConfiguration(308)) - Save Configuration for stopping. Reason: Completed all iterations.
]]></system-out>
  </testcase>
  <testcase name="targetDatanodeShouldBeInServiceHealthy" classname="org.apache.hadoop.hdds.scm.container.balancer.TestContainerBalancerTask" time="0.098">
    <system-out><![CDATA[2023-09-13 18:18:03,854 [main] INFO  net.NodeSchemaLoader (NodeSchemaLoader.java:loadSchemaFromFile(129)) - Loading schema from [file:/home/runner/work/ozone/ozone/hadoop-hdds/common/target/classes/network-topology-default.xml]
2023-09-13 18:18:03,855 [main] INFO  net.NodeSchemaLoader (NodeSchemaLoader.java:loadSchema(176)) - Loading network topology layer schema file
2023-09-13 18:18:03,862 [main] INFO  net.NetworkTopologyImpl (NetworkTopologyImpl.java:add(112)) - Added a new node: /default-rack/849f12e3-cf50-4e57-8e69-a43b34c9d603
2023-09-13 18:18:03,862 [main] INFO  net.NetworkTopologyImpl (NetworkTopologyImpl.java:add(112)) - Added a new node: /default-rack/e30ad7f6-44ff-462e-a7b7-ee2b6ca3c741
2023-09-13 18:18:03,862 [main] INFO  net.NetworkTopologyImpl (NetworkTopologyImpl.java:add(112)) - Added a new node: /default-rack/b0c27563-5cca-43ee-ba23-2610f25e78ac
2023-09-13 18:18:03,862 [main] INFO  net.NetworkTopologyImpl (NetworkTopologyImpl.java:add(112)) - Added a new node: /default-rack/993e06d3-6783-477a-81da-30f602a091cd
2023-09-13 18:18:03,862 [main] INFO  net.NetworkTopologyImpl (NetworkTopologyImpl.java:add(112)) - Added a new node: /default-rack/55e46369-4717-4e82-a812-0e59c7866d22
2023-09-13 18:18:03,863 [main] INFO  net.NetworkTopologyImpl (NetworkTopologyImpl.java:add(112)) - Added a new node: /default-rack/4f5bb299-cf4c-447e-8f60-00603c346403
2023-09-13 18:18:03,863 [main] INFO  net.NetworkTopologyImpl (NetworkTopologyImpl.java:add(112)) - Added a new node: /default-rack/a805c685-60a1-4d5b-9904-69472518b1eb
2023-09-13 18:18:03,863 [main] INFO  net.NetworkTopologyImpl (NetworkTopologyImpl.java:add(112)) - Added a new node: /default-rack/438fc81e-6733-4862-a5b2-bce5255f02d5
2023-09-13 18:18:03,863 [main] INFO  net.NetworkTopologyImpl (NetworkTopologyImpl.java:add(112)) - Added a new node: /default-rack/dc6dafe7-aece-47e5-9838-3d662e952907
2023-09-13 18:18:03,863 [main] INFO  net.NetworkTopologyImpl (NetworkTopologyImpl.java:add(112)) - Added a new node: /default-rack/2e95440f-73b2-4810-bc5c-54e96c5ca5ef
2023-09-13 18:18:03,863 [main] INFO  algorithms.ContainerPlacementPolicyFactory (ContainerPlacementPolicyFactory.java:getPolicyInternal(86)) - Create container placement policy of type org.apache.hadoop.hdds.scm.container.placement.algorithms.SCMContainerPlacementRackAware
2023-09-13 18:18:03,863 [main] INFO  algorithms.ContainerPlacementPolicyFactory (ContainerPlacementPolicyFactory.java:getPolicyInternal(86)) - Create container placement policy of type org.apache.hadoop.hdds.scm.container.placement.algorithms.SCMContainerPlacementRackScatter
2023-09-13 18:18:03,870 [main] DEBUG balancer.ContainerBalancerTask (ContainerBalancerTask.java:initializeIteration(374)) - Average utilization of the cluster is 0.34920907647823435
2023-09-13 18:18:03,870 [main] DEBUG balancer.ContainerBalancerTask (ContainerBalancerTask.java:initializeIteration(386)) - Lower limit for utilization is 0.24920907647823434 and Upper limit for utilization is 0.4492090764782344
2023-09-13 18:18:03,870 [main] DEBUG balancer.ContainerBalancerTask (ContainerBalancerTask.java:initializeIteration(398)) - Utilization for node b0c27563-5cca-43ee-ba23-2610f25e78ac with capacity 66810602382B, used 60129542144B, and remaining 6681060238B is 0.9000000000029935
2023-09-13 18:18:03,870 [main] DEBUG balancer.ContainerBalancerTask (ContainerBalancerTask.java:initializeIteration(398)) - Utilization for node e30ad7f6-44ff-462e-a7b7-ee2b6ca3c741 with capacity 79188459520B, used 63350767616B, and remaining 15837691904B is 0.8
2023-09-13 18:18:03,870 [main] DEBUG balancer.ContainerBalancerTask (ContainerBalancerTask.java:initializeIteration(398)) - Utilization for node 993e06d3-6783-477a-81da-30f602a091cd with capacity 55221008091B, used 38654705664B, and remaining 16566302427B is 0.7000000000054327
2023-09-13 18:18:03,870 [main] DEBUG balancer.ContainerBalancerTask (ContainerBalancerTask.java:initializeIteration(398)) - Utilization for node a805c685-60a1-4d5b-9904-69472518b1eb with capacity 82320206506B, used 49392123904B, and remaining 32928082602B is 0.6000000000048591
2023-09-13 18:18:03,871 [main] DEBUG balancer.ContainerBalancerTask (ContainerBalancerTask.java:initializeIteration(398)) - Utilization for node 4f5bb299-cf4c-447e-8f60-00603c346403 with capacity 105226698752B, used 52613349376B, and remaining 52613349376B is 0.5
2023-09-13 18:18:03,871 [main] DEBUG balancer.ContainerBalancerTask (ContainerBalancerTask.java:initializeIteration(398)) - Utilization for node 2e95440f-73b2-4810-bc5c-54e96c5ca5ef with capacity 80530636800B, used 32212254720B, and remaining 48318382080B is 0.4
2023-09-13 18:18:03,871 [main] DEBUG balancer.ContainerBalancerTask (ContainerBalancerTask.java:initializeIteration(398)) - Utilization for node dc6dafe7-aece-47e5-9838-3d662e952907 with capacity 110953321813B, used 33285996544B, and remaining 77667325269B is 0.30000000000090127
2023-09-13 18:18:03,871 [main] DEBUG balancer.ContainerBalancerTask (ContainerBalancerTask.java:initializeIteration(398)) - Utilization for node 438fc81e-6733-4862-a5b2-bce5255f02d5 with capacity 182536110080B, used 36507222016B, and remaining 146028888064B is 0.2
2023-09-13 18:18:03,871 [main] DEBUG balancer.ContainerBalancerTask (ContainerBalancerTask.java:initializeIteration(398)) - Utilization for node 849f12e3-cf50-4e57-8e69-a43b34c9d603 with capacity 322122547200B, used 32212254720B, and remaining 289910292480B is 0.1
2023-09-13 18:18:03,871 [main] DEBUG balancer.ContainerBalancerTask (ContainerBalancerTask.java:initializeIteration(398)) - Utilization for node 55e46369-4717-4e82-a812-0e59c7866d22 with capacity 55834574848B, used 0B, and remaining 55834574848B is 0.0
2023-09-13 18:18:03,871 [main] INFO  balancer.ContainerBalancerTask (ContainerBalancerTask.java:initializeIteration(447)) - Container Balancer has identified 5 Over-Utilized and 3 Under-Utilized Datanodes that need to be balanced.
2023-09-13 18:18:03,871 [main] DEBUG balancer.ContainerBalancerTask (ContainerBalancerTask.java:lambda$initializeIteration$1(453)) - Datanode localhost-104.153.56.195 b0c27563-5cca-43ee-ba23-2610f25e78ac is Over-Utilized.
2023-09-13 18:18:03,871 [main] DEBUG balancer.ContainerBalancerTask (ContainerBalancerTask.java:lambda$initializeIteration$1(453)) - Datanode localhost-196.48.157.107 e30ad7f6-44ff-462e-a7b7-ee2b6ca3c741 is Over-Utilized.
2023-09-13 18:18:03,871 [main] DEBUG balancer.ContainerBalancerTask (ContainerBalancerTask.java:lambda$initializeIteration$1(453)) - Datanode localhost-104.164.193.141 993e06d3-6783-477a-81da-30f602a091cd is Over-Utilized.
2023-09-13 18:18:03,871 [main] DEBUG balancer.ContainerBalancerTask (ContainerBalancerTask.java:lambda$initializeIteration$1(453)) - Datanode localhost-2.138.184.175 a805c685-60a1-4d5b-9904-69472518b1eb is Over-Utilized.
2023-09-13 18:18:03,872 [main] DEBUG balancer.ContainerBalancerTask (ContainerBalancerTask.java:lambda$initializeIteration$1(453)) - Datanode localhost-95.128.252.202 4f5bb299-cf4c-447e-8f60-00603c346403 is Over-Utilized.
2023-09-13 18:18:03,872 [main] DEBUG balancer.ContainerBalancerTask (ContainerBalancerTask.java:lambda$initializeIteration$2(459)) - Datanode localhost-252.36.225.206 55e46369-4717-4e82-a812-0e59c7866d22 is Under-Utilized.
2023-09-13 18:18:03,872 [main] DEBUG balancer.ContainerBalancerTask (ContainerBalancerTask.java:lambda$initializeIteration$2(459)) - Datanode localhost-34.198.94.43 849f12e3-cf50-4e57-8e69-a43b34c9d603 is Under-Utilized.
2023-09-13 18:18:03,872 [main] DEBUG balancer.ContainerBalancerTask (ContainerBalancerTask.java:lambda$initializeIteration$2(459)) - Datanode localhost-11.134.127.158 438fc81e-6733-4862-a5b2-bce5255f02d5 is Under-Utilized.
2023-09-13 18:18:03,874 [main] DEBUG balancer.ContainerBalancerTask (ContainerBalancerTask.java:matchSourceWithTarget(708)) - ContainerBalancer is finding suitable target for source datanode b0c27563-5cca-43ee-ba23-2610f25e78ac
2023-09-13 18:18:03,875 [main] INFO  balancer.ContainerBalancerTask (ContainerBalancerTask.java:matchSourceWithTarget(722)) - ContainerBalancer matched source datanode b0c27563-5cca-43ee-ba23-2610f25e78ac with target datanode 55e46369-4717-4e82-a812-0e59c7866d22 for container move.
2023-09-13 18:18:03,875 [main] INFO  balancer.ContainerBalancerTask (ContainerBalancerTask.java:processMoveSelection(569)) - ContainerBalancer is trying to move container #85 with size 5368709120B from source datanode b0c27563-5cca-43ee-ba23-2610f25e78ac to target datanode 55e46369-4717-4e82-a812-0e59c7866d22
2023-09-13 18:18:03,875 [main] DEBUG balancer.ContainerBalancerTask (ContainerBalancerTask.java:lambda$moveContainer$3(837)) - Container move completed for container #85 from source b0c27563-5cca-43ee-ba23-2610f25e78ac to target 55e46369-4717-4e82-a812-0e59c7866d22
2023-09-13 18:18:03,878 [main] DEBUG balancer.ContainerBalancerTask (ContainerBalancerTask.java:matchSourceWithTarget(708)) - ContainerBalancer is finding suitable target for source datanode b0c27563-5cca-43ee-ba23-2610f25e78ac
2023-09-13 18:18:03,883 [main] INFO  balancer.ContainerBalancerTask (ContainerBalancerTask.java:matchSourceWithTarget(722)) - ContainerBalancer matched source datanode b0c27563-5cca-43ee-ba23-2610f25e78ac with target datanode 55e46369-4717-4e82-a812-0e59c7866d22 for container move.
2023-09-13 18:18:03,883 [main] INFO  balancer.ContainerBalancerTask (ContainerBalancerTask.java:processMoveSelection(569)) - ContainerBalancer is trying to move container #53 with size 5368709120B from source datanode b0c27563-5cca-43ee-ba23-2610f25e78ac to target datanode 55e46369-4717-4e82-a812-0e59c7866d22
2023-09-13 18:18:03,883 [main] DEBUG balancer.ContainerBalancerTask (ContainerBalancerTask.java:lambda$moveContainer$3(837)) - Container move completed for container #53 from source b0c27563-5cca-43ee-ba23-2610f25e78ac to target 55e46369-4717-4e82-a812-0e59c7866d22
2023-09-13 18:18:03,886 [main] DEBUG balancer.ContainerBalancerTask (ContainerBalancerTask.java:matchSourceWithTarget(708)) - ContainerBalancer is finding suitable target for source datanode e30ad7f6-44ff-462e-a7b7-ee2b6ca3c741
2023-09-13 18:18:03,887 [main] INFO  balancer.ContainerBalancerTask (ContainerBalancerTask.java:matchSourceWithTarget(722)) - ContainerBalancer matched source datanode e30ad7f6-44ff-462e-a7b7-ee2b6ca3c741 with target datanode 849f12e3-cf50-4e57-8e69-a43b34c9d603 for container move.
2023-09-13 18:18:03,887 [main] INFO  balancer.ContainerBalancerTask (ContainerBalancerTask.java:processMoveSelection(569)) - ContainerBalancer is trying to move container #68 with size 5368709120B from source datanode e30ad7f6-44ff-462e-a7b7-ee2b6ca3c741 to target datanode 849f12e3-cf50-4e57-8e69-a43b34c9d603
2023-09-13 18:18:03,887 [main] DEBUG balancer.ContainerBalancerTask (ContainerBalancerTask.java:lambda$moveContainer$3(837)) - Container move completed for container #68 from source e30ad7f6-44ff-462e-a7b7-ee2b6ca3c741 to target 849f12e3-cf50-4e57-8e69-a43b34c9d603
2023-09-13 18:18:03,890 [main] DEBUG balancer.ContainerBalancerTask (ContainerBalancerTask.java:matchSourceWithTarget(708)) - ContainerBalancer is finding suitable target for source datanode b0c27563-5cca-43ee-ba23-2610f25e78ac
2023-09-13 18:18:03,890 [main] INFO  balancer.ContainerBalancerTask (ContainerBalancerTask.java:matchSourceWithTarget(722)) - ContainerBalancer matched source datanode b0c27563-5cca-43ee-ba23-2610f25e78ac with target datanode 849f12e3-cf50-4e57-8e69-a43b34c9d603 for container move.
2023-09-13 18:18:03,890 [main] INFO  balancer.ContainerBalancerTask (ContainerBalancerTask.java:processMoveSelection(569)) - ContainerBalancer is trying to move container #40 with size 5368709120B from source datanode b0c27563-5cca-43ee-ba23-2610f25e78ac to target datanode 849f12e3-cf50-4e57-8e69-a43b34c9d603
2023-09-13 18:18:03,891 [main] DEBUG balancer.ContainerBalancerTask (ContainerBalancerTask.java:lambda$moveContainer$3(837)) - Container move completed for container #40 from source b0c27563-5cca-43ee-ba23-2610f25e78ac to target 849f12e3-cf50-4e57-8e69-a43b34c9d603
2023-09-13 18:18:03,894 [main] DEBUG balancer.ContainerBalancerTask (ContainerBalancerTask.java:matchSourceWithTarget(708)) - ContainerBalancer is finding suitable target for source datanode e30ad7f6-44ff-462e-a7b7-ee2b6ca3c741
2023-09-13 18:18:03,895 [main] INFO  balancer.ContainerBalancerTask (ContainerBalancerTask.java:matchSourceWithTarget(722)) - ContainerBalancer matched source datanode e30ad7f6-44ff-462e-a7b7-ee2b6ca3c741 with target datanode 849f12e3-cf50-4e57-8e69-a43b34c9d603 for container move.
2023-09-13 18:18:03,895 [main] INFO  balancer.ContainerBalancerTask (ContainerBalancerTask.java:processMoveSelection(569)) - ContainerBalancer is trying to move container #39 with size 4294967296B from source datanode e30ad7f6-44ff-462e-a7b7-ee2b6ca3c741 to target datanode 849f12e3-cf50-4e57-8e69-a43b34c9d603
2023-09-13 18:18:03,895 [main] DEBUG balancer.ContainerBalancerTask (ContainerBalancerTask.java:lambda$moveContainer$3(837)) - Container move completed for container #39 from source e30ad7f6-44ff-462e-a7b7-ee2b6ca3c741 to target 849f12e3-cf50-4e57-8e69-a43b34c9d603
2023-09-13 18:18:03,898 [main] DEBUG balancer.ContainerBalancerTask (ContainerBalancerTask.java:matchSourceWithTarget(708)) - ContainerBalancer is finding suitable target for source datanode 993e06d3-6783-477a-81da-30f602a091cd
2023-09-13 18:18:03,898 [main] INFO  balancer.ContainerBalancerTask (ContainerBalancerTask.java:matchSourceWithTarget(722)) - ContainerBalancer matched source datanode 993e06d3-6783-477a-81da-30f602a091cd with target datanode 849f12e3-cf50-4e57-8e69-a43b34c9d603 for container move.
2023-09-13 18:18:03,898 [main] INFO  balancer.ContainerBalancerTask (ContainerBalancerTask.java:processMoveSelection(569)) - ContainerBalancer is trying to move container #52 with size 4294967296B from source datanode 993e06d3-6783-477a-81da-30f602a091cd to target datanode 849f12e3-cf50-4e57-8e69-a43b34c9d603
2023-09-13 18:18:03,898 [main] DEBUG balancer.ContainerBalancerTask (ContainerBalancerTask.java:lambda$moveContainer$3(837)) - Container move completed for container #52 from source 993e06d3-6783-477a-81da-30f602a091cd to target 849f12e3-cf50-4e57-8e69-a43b34c9d603
2023-09-13 18:18:03,902 [main] DEBUG balancer.ContainerBalancerTask (ContainerBalancerTask.java:matchSourceWithTarget(708)) - ContainerBalancer is finding suitable target for source datanode e30ad7f6-44ff-462e-a7b7-ee2b6ca3c741
2023-09-13 18:18:03,902 [main] INFO  balancer.ContainerBalancerTask (ContainerBalancerTask.java:matchSourceWithTarget(722)) - ContainerBalancer matched source datanode e30ad7f6-44ff-462e-a7b7-ee2b6ca3c741 with target datanode 849f12e3-cf50-4e57-8e69-a43b34c9d603 for container move.
2023-09-13 18:18:03,902 [main] INFO  balancer.ContainerBalancerTask (ContainerBalancerTask.java:processMoveSelection(569)) - ContainerBalancer is trying to move container #83 with size 3221225472B from source datanode e30ad7f6-44ff-462e-a7b7-ee2b6ca3c741 to target datanode 849f12e3-cf50-4e57-8e69-a43b34c9d603
2023-09-13 18:18:03,902 [main] DEBUG balancer.ContainerBalancerTask (ContainerBalancerTask.java:lambda$moveContainer$3(837)) - Container move completed for container #83 from source e30ad7f6-44ff-462e-a7b7-ee2b6ca3c741 to target 849f12e3-cf50-4e57-8e69-a43b34c9d603
2023-09-13 18:18:03,905 [main] DEBUG balancer.ContainerBalancerTask (ContainerBalancerTask.java:matchSourceWithTarget(708)) - ContainerBalancer is finding suitable target for source datanode b0c27563-5cca-43ee-ba23-2610f25e78ac
2023-09-13 18:18:03,905 [main] INFO  balancer.ContainerBalancerTask (ContainerBalancerTask.java:matchSourceWithTarget(722)) - ContainerBalancer matched source datanode b0c27563-5cca-43ee-ba23-2610f25e78ac with target datanode 849f12e3-cf50-4e57-8e69-a43b34c9d603 for container move.
2023-09-13 18:18:03,905 [main] INFO  balancer.ContainerBalancerTask (ContainerBalancerTask.java:processMoveSelection(569)) - ContainerBalancer is trying to move container #84 with size 4294967296B from source datanode b0c27563-5cca-43ee-ba23-2610f25e78ac to target datanode 849f12e3-cf50-4e57-8e69-a43b34c9d603
2023-09-13 18:18:03,905 [main] DEBUG balancer.ContainerBalancerTask (ContainerBalancerTask.java:lambda$moveContainer$3(837)) - Container move completed for container #84 from source b0c27563-5cca-43ee-ba23-2610f25e78ac to target 849f12e3-cf50-4e57-8e69-a43b34c9d603
2023-09-13 18:18:03,909 [main] DEBUG balancer.ContainerBalancerTask (ContainerBalancerTask.java:matchSourceWithTarget(708)) - ContainerBalancer is finding suitable target for source datanode e30ad7f6-44ff-462e-a7b7-ee2b6ca3c741
2023-09-13 18:18:03,909 [main] INFO  balancer.ContainerBalancerTask (ContainerBalancerTask.java:matchSourceWithTarget(722)) - ContainerBalancer matched source datanode e30ad7f6-44ff-462e-a7b7-ee2b6ca3c741 with target datanode 849f12e3-cf50-4e57-8e69-a43b34c9d603 for container move.
2023-09-13 18:18:03,909 [main] INFO  balancer.ContainerBalancerTask (ContainerBalancerTask.java:processMoveSelection(569)) - ContainerBalancer is trying to move container #71 with size 3221225472B from source datanode e30ad7f6-44ff-462e-a7b7-ee2b6ca3c741 to target datanode 849f12e3-cf50-4e57-8e69-a43b34c9d603
2023-09-13 18:18:03,909 [main] DEBUG balancer.ContainerBalancerTask (ContainerBalancerTask.java:lambda$moveContainer$3(837)) - Container move completed for container #71 from source e30ad7f6-44ff-462e-a7b7-ee2b6ca3c741 to target 849f12e3-cf50-4e57-8e69-a43b34c9d603
2023-09-13 18:18:03,912 [main] DEBUG balancer.ContainerBalancerTask (ContainerBalancerTask.java:matchSourceWithTarget(708)) - ContainerBalancer is finding suitable target for source datanode 993e06d3-6783-477a-81da-30f602a091cd
2023-09-13 18:18:03,912 [main] INFO  balancer.ContainerBalancerTask (ContainerBalancerTask.java:matchSourceWithTarget(722)) - ContainerBalancer matched source datanode 993e06d3-6783-477a-81da-30f602a091cd with target datanode 55e46369-4717-4e82-a812-0e59c7866d22 for container move.
2023-09-13 18:18:03,913 [main] INFO  balancer.ContainerBalancerTask (ContainerBalancerTask.java:processMoveSelection(569)) - ContainerBalancer is trying to move container #89 with size 4294967296B from source datanode 993e06d3-6783-477a-81da-30f602a091cd to target datanode 55e46369-4717-4e82-a812-0e59c7866d22
2023-09-13 18:18:03,913 [main] DEBUG balancer.ContainerBalancerTask (ContainerBalancerTask.java:lambda$moveContainer$3(837)) - Container move completed for container #89 from source 993e06d3-6783-477a-81da-30f602a091cd to target 55e46369-4717-4e82-a812-0e59c7866d22
2023-09-13 18:18:03,915 [main] DEBUG balancer.ContainerBalancerTask (ContainerBalancerTask.java:matchSourceWithTarget(708)) - ContainerBalancer is finding suitable target for source datanode a805c685-60a1-4d5b-9904-69472518b1eb
2023-09-13 18:18:03,916 [main] INFO  balancer.ContainerBalancerTask (ContainerBalancerTask.java:matchSourceWithTarget(722)) - ContainerBalancer matched source datanode a805c685-60a1-4d5b-9904-69472518b1eb with target datanode 849f12e3-cf50-4e57-8e69-a43b34c9d603 for container move.
2023-09-13 18:18:03,916 [main] INFO  balancer.ContainerBalancerTask (ContainerBalancerTask.java:processMoveSelection(569)) - ContainerBalancer is trying to move container #28 with size 4294967296B from source datanode a805c685-60a1-4d5b-9904-69472518b1eb to target datanode 849f12e3-cf50-4e57-8e69-a43b34c9d603
2023-09-13 18:18:03,916 [main] DEBUG balancer.ContainerBalancerTask (ContainerBalancerTask.java:lambda$moveContainer$3(837)) - Container move completed for container #28 from source a805c685-60a1-4d5b-9904-69472518b1eb to target 849f12e3-cf50-4e57-8e69-a43b34c9d603
2023-09-13 18:18:03,920 [main] DEBUG balancer.ContainerBalancerTask (ContainerBalancerTask.java:matchSourceWithTarget(708)) - ContainerBalancer is finding suitable target for source datanode e30ad7f6-44ff-462e-a7b7-ee2b6ca3c741
2023-09-13 18:18:03,920 [main] INFO  balancer.ContainerBalancerTask (ContainerBalancerTask.java:matchSourceWithTarget(722)) - ContainerBalancer matched source datanode e30ad7f6-44ff-462e-a7b7-ee2b6ca3c741 with target datanode 438fc81e-6733-4862-a5b2-bce5255f02d5 for container move.
2023-09-13 18:18:03,920 [main] INFO  balancer.ContainerBalancerTask (ContainerBalancerTask.java:processMoveSelection(569)) - ContainerBalancer is trying to move container #67 with size 4294967296B from source datanode e30ad7f6-44ff-462e-a7b7-ee2b6ca3c741 to target datanode 438fc81e-6733-4862-a5b2-bce5255f02d5
2023-09-13 18:18:03,921 [main] DEBUG balancer.ContainerBalancerTask (ContainerBalancerTask.java:lambda$moveContainer$3(837)) - Container move completed for container #67 from source e30ad7f6-44ff-462e-a7b7-ee2b6ca3c741 to target 438fc81e-6733-4862-a5b2-bce5255f02d5
2023-09-13 18:18:03,921 [main] WARN  balancer.ContainerBalancerTask (ContainerBalancerTask.java:reachedMaxSizeToMovePerIteration(733)) - Reached max size to move limit. 53687091200 bytes have already been scheduled for balancing and the limit is 53687091200 bytes.
2023-09-13 18:18:03,921 [main] INFO  balancer.ContainerBalancerTask (ContainerBalancerTask.java:checkIterationMoveResults(642)) - Iteration Summary. Number of Datanodes involved: 7. Size moved: 50 GB (53687091200 Bytes). Number of Container moves completed: 12.
2023-09-13 18:18:03,921 [main] INFO  balancer.ContainerBalancerTask (ContainerBalancerTask.java:balance(259)) - Result of this iteration of Container Balancer: ITERATION_COMPLETED
2023-09-13 18:18:03,921 [main] INFO  balancer.ContainerBalancerTask (ContainerBalancerTask.java:tryStopWithSaveConfiguration(308)) - Save Configuration for stopping. Reason: Completed all iterations.
]]></system-out>
  </testcase>
  <testcase name="containerBalancerShouldObeyMaxDatanodesToInvolveLimit" classname="org.apache.hadoop.hdds.scm.container.balancer.TestContainerBalancerTask" time="0.105">
    <system-out><![CDATA[2023-09-13 18:18:03,954 [main] INFO  net.NodeSchemaLoader (NodeSchemaLoader.java:loadSchemaFromFile(129)) - Loading schema from [file:/home/runner/work/ozone/ozone/hadoop-hdds/common/target/classes/network-topology-default.xml]
2023-09-13 18:18:03,955 [main] INFO  net.NodeSchemaLoader (NodeSchemaLoader.java:loadSchema(176)) - Loading network topology layer schema file
2023-09-13 18:18:03,959 [main] INFO  net.NetworkTopologyImpl (NetworkTopologyImpl.java:add(112)) - Added a new node: /default-rack/a8e22390-c0a8-47c0-9033-79d41fb966f0
2023-09-13 18:18:03,959 [main] INFO  net.NetworkTopologyImpl (NetworkTopologyImpl.java:add(112)) - Added a new node: /default-rack/1bf37248-89f5-490d-baf5-9faab24a0432
2023-09-13 18:18:03,959 [main] INFO  net.NetworkTopologyImpl (NetworkTopologyImpl.java:add(112)) - Added a new node: /default-rack/5e333269-b312-4b03-a43b-6bf68a007ea3
2023-09-13 18:18:03,959 [main] INFO  net.NetworkTopologyImpl (NetworkTopologyImpl.java:add(112)) - Added a new node: /default-rack/0674f6c9-e817-4a5d-afad-d8e7abeb3033
2023-09-13 18:18:03,960 [main] INFO  net.NetworkTopologyImpl (NetworkTopologyImpl.java:add(112)) - Added a new node: /default-rack/31cc792d-5f7e-4db4-abb5-b5228f1bb8e2
2023-09-13 18:18:03,960 [main] INFO  net.NetworkTopologyImpl (NetworkTopologyImpl.java:add(112)) - Added a new node: /default-rack/eb46aa75-5df0-4867-937d-5d1f66d54f1b
2023-09-13 18:18:03,960 [main] INFO  net.NetworkTopologyImpl (NetworkTopologyImpl.java:add(112)) - Added a new node: /default-rack/d35956dc-15a5-47a0-95d1-f1a5ed077398
2023-09-13 18:18:03,960 [main] INFO  net.NetworkTopologyImpl (NetworkTopologyImpl.java:add(112)) - Added a new node: /default-rack/90be265c-6f1e-4c8c-9cc5-b3b66b9f5027
2023-09-13 18:18:03,960 [main] INFO  net.NetworkTopologyImpl (NetworkTopologyImpl.java:add(112)) - Added a new node: /default-rack/1b11db40-f898-48a8-9571-5b7a738a693e
2023-09-13 18:18:03,960 [main] INFO  net.NetworkTopologyImpl (NetworkTopologyImpl.java:add(112)) - Added a new node: /default-rack/c632ad1c-c8f3-4e06-824b-3d7553a4903e
2023-09-13 18:18:03,961 [main] INFO  algorithms.ContainerPlacementPolicyFactory (ContainerPlacementPolicyFactory.java:getPolicyInternal(86)) - Create container placement policy of type org.apache.hadoop.hdds.scm.container.placement.algorithms.SCMContainerPlacementRackAware
2023-09-13 18:18:03,961 [main] INFO  algorithms.ContainerPlacementPolicyFactory (ContainerPlacementPolicyFactory.java:getPolicyInternal(86)) - Create container placement policy of type org.apache.hadoop.hdds.scm.container.placement.algorithms.SCMContainerPlacementRackScatter
2023-09-13 18:18:03,968 [main] DEBUG balancer.ContainerBalancerTask (ContainerBalancerTask.java:initializeIteration(374)) - Average utilization of the cluster is 0.3454245462626733
2023-09-13 18:18:03,968 [main] DEBUG balancer.ContainerBalancerTask (ContainerBalancerTask.java:initializeIteration(386)) - Lower limit for utilization is 0.3354245462626733 and Upper limit for utilization is 0.35542454626267334
2023-09-13 18:18:03,968 [main] DEBUG balancer.ContainerBalancerTask (ContainerBalancerTask.java:initializeIteration(398)) - Utilization for node c632ad1c-c8f3-4e06-824b-3d7553a4903e with capacity 63231462968B, used 56908316672B, and remaining 6323146296B is 0.9000000000126519
2023-09-13 18:18:03,968 [main] DEBUG balancer.ContainerBalancerTask (ContainerBalancerTask.java:initializeIteration(398)) - Utilization for node 1bf37248-89f5-490d-baf5-9faab24a0432 with capacity 68451041280B, used 54760833024B, and remaining 13690208256B is 0.8
2023-09-13 18:18:03,968 [main] DEBUG balancer.ContainerBalancerTask (ContainerBalancerTask.java:initializeIteration(398)) - Utilization for node 90be265c-6f1e-4c8c-9cc5-b3b66b9f5027 with capacity 64424509440B, used 45097156608B, and remaining 19327352832B is 0.7
2023-09-13 18:18:03,968 [main] DEBUG balancer.ContainerBalancerTask (ContainerBalancerTask.java:initializeIteration(398)) - Utilization for node 31cc792d-5f7e-4db4-abb5-b5228f1bb8e2 with capacity 98426333866B, used 59055800320B, and remaining 39370533546B is 0.600000000004064
2023-09-13 18:18:03,968 [main] DEBUG balancer.ContainerBalancerTask (ContainerBalancerTask.java:initializeIteration(398)) - Utilization for node 0674f6c9-e817-4a5d-afad-d8e7abeb3033 with capacity 83751862272B, used 41875931136B, and remaining 41875931136B is 0.5
2023-09-13 18:18:03,968 [main] DEBUG balancer.ContainerBalancerTask (ContainerBalancerTask.java:initializeIteration(398)) - Utilization for node eb46aa75-5df0-4867-937d-5d1f66d54f1b with capacity 118111600640B, used 47244640256B, and remaining 70866960384B is 0.4
2023-09-13 18:18:03,968 [main] DEBUG balancer.ContainerBalancerTask (ContainerBalancerTask.java:initializeIteration(398)) - Utilization for node a8e22390-c0a8-47c0-9033-79d41fb966f0 with capacity 118111600640B, used 35433480192B, and remaining 82678120448B is 0.3
2023-09-13 18:18:03,968 [main] DEBUG balancer.ContainerBalancerTask (ContainerBalancerTask.java:initializeIteration(398)) - Utilization for node 5e333269-b312-4b03-a43b-6bf68a007ea3 with capacity 150323855360B, used 30064771072B, and remaining 120259084288B is 0.2
2023-09-13 18:18:03,969 [main] DEBUG balancer.ContainerBalancerTask (ContainerBalancerTask.java:initializeIteration(398)) - Utilization for node 1b11db40-f898-48a8-9571-5b7a738a693e with capacity 354334801920B, used 35433480192B, and remaining 318901321728B is 0.1
2023-09-13 18:18:03,969 [main] DEBUG balancer.ContainerBalancerTask (ContainerBalancerTask.java:initializeIteration(398)) - Utilization for node d35956dc-15a5-47a0-95d1-f1a5ed077398 with capacity 55834574848B, used 0B, and remaining 55834574848B is 0.0
2023-09-13 18:18:03,969 [main] INFO  balancer.ContainerBalancerTask (ContainerBalancerTask.java:initializeIteration(447)) - Container Balancer has identified 6 Over-Utilized and 4 Under-Utilized Datanodes that need to be balanced.
2023-09-13 18:18:03,969 [main] DEBUG balancer.ContainerBalancerTask (ContainerBalancerTask.java:lambda$initializeIteration$1(453)) - Datanode localhost-100.137.6.172 c632ad1c-c8f3-4e06-824b-3d7553a4903e is Over-Utilized.
2023-09-13 18:18:03,969 [main] DEBUG balancer.ContainerBalancerTask (ContainerBalancerTask.java:lambda$initializeIteration$1(453)) - Datanode localhost-8.94.26.158 1bf37248-89f5-490d-baf5-9faab24a0432 is Over-Utilized.
2023-09-13 18:18:03,969 [main] DEBUG balancer.ContainerBalancerTask (ContainerBalancerTask.java:lambda$initializeIteration$1(453)) - Datanode localhost-235.168.103.241 90be265c-6f1e-4c8c-9cc5-b3b66b9f5027 is Over-Utilized.
2023-09-13 18:18:03,969 [main] DEBUG balancer.ContainerBalancerTask (ContainerBalancerTask.java:lambda$initializeIteration$1(453)) - Datanode localhost-90.145.164.29 31cc792d-5f7e-4db4-abb5-b5228f1bb8e2 is Over-Utilized.
2023-09-13 18:18:03,969 [main] DEBUG balancer.ContainerBalancerTask (ContainerBalancerTask.java:lambda$initializeIteration$1(453)) - Datanode localhost-166.228.44.137 0674f6c9-e817-4a5d-afad-d8e7abeb3033 is Over-Utilized.
2023-09-13 18:18:03,969 [main] DEBUG balancer.ContainerBalancerTask (ContainerBalancerTask.java:lambda$initializeIteration$1(453)) - Datanode localhost-142.150.32.122 eb46aa75-5df0-4867-937d-5d1f66d54f1b is Over-Utilized.
2023-09-13 18:18:03,969 [main] DEBUG balancer.ContainerBalancerTask (ContainerBalancerTask.java:lambda$initializeIteration$2(459)) - Datanode localhost-17.190.127.114 d35956dc-15a5-47a0-95d1-f1a5ed077398 is Under-Utilized.
2023-09-13 18:18:03,969 [main] DEBUG balancer.ContainerBalancerTask (ContainerBalancerTask.java:lambda$initializeIteration$2(459)) - Datanode localhost-85.58.60.151 1b11db40-f898-48a8-9571-5b7a738a693e is Under-Utilized.
2023-09-13 18:18:03,970 [main] DEBUG balancer.ContainerBalancerTask (ContainerBalancerTask.java:lambda$initializeIteration$2(459)) - Datanode localhost-149.0.232.118 5e333269-b312-4b03-a43b-6bf68a007ea3 is Under-Utilized.
2023-09-13 18:18:03,970 [main] DEBUG balancer.ContainerBalancerTask (ContainerBalancerTask.java:lambda$initializeIteration$2(459)) - Datanode localhost-215.2.34.134 a8e22390-c0a8-47c0-9033-79d41fb966f0 is Under-Utilized.
2023-09-13 18:18:03,972 [main] DEBUG balancer.ContainerBalancerTask (ContainerBalancerTask.java:matchSourceWithTarget(708)) - ContainerBalancer is finding suitable target for source datanode c632ad1c-c8f3-4e06-824b-3d7553a4903e
2023-09-13 18:18:03,973 [main] INFO  balancer.ContainerBalancerTask (ContainerBalancerTask.java:matchSourceWithTarget(722)) - ContainerBalancer matched source datanode c632ad1c-c8f3-4e06-824b-3d7553a4903e with target datanode d35956dc-15a5-47a0-95d1-f1a5ed077398 for container move.
2023-09-13 18:18:03,973 [main] INFO  balancer.ContainerBalancerTask (ContainerBalancerTask.java:processMoveSelection(569)) - ContainerBalancer is trying to move container #85 with size 5368709120B from source datanode c632ad1c-c8f3-4e06-824b-3d7553a4903e to target datanode d35956dc-15a5-47a0-95d1-f1a5ed077398
2023-09-13 18:18:03,973 [main] DEBUG balancer.ContainerBalancerTask (ContainerBalancerTask.java:lambda$moveContainer$3(837)) - Container move completed for container #85 from source c632ad1c-c8f3-4e06-824b-3d7553a4903e to target d35956dc-15a5-47a0-95d1-f1a5ed077398
2023-09-13 18:18:03,976 [main] DEBUG balancer.ContainerBalancerTask (ContainerBalancerTask.java:matchSourceWithTarget(708)) - ContainerBalancer is finding suitable target for source datanode c632ad1c-c8f3-4e06-824b-3d7553a4903e
2023-09-13 18:18:03,977 [main] INFO  balancer.ContainerBalancerTask (ContainerBalancerTask.java:matchSourceWithTarget(722)) - ContainerBalancer matched source datanode c632ad1c-c8f3-4e06-824b-3d7553a4903e with target datanode d35956dc-15a5-47a0-95d1-f1a5ed077398 for container move.
2023-09-13 18:18:03,977 [main] INFO  balancer.ContainerBalancerTask (ContainerBalancerTask.java:processMoveSelection(569)) - ContainerBalancer is trying to move container #53 with size 5368709120B from source datanode c632ad1c-c8f3-4e06-824b-3d7553a4903e to target datanode d35956dc-15a5-47a0-95d1-f1a5ed077398
2023-09-13 18:18:03,977 [main] DEBUG balancer.ContainerBalancerTask (ContainerBalancerTask.java:lambda$moveContainer$3(837)) - Container move completed for container #53 from source c632ad1c-c8f3-4e06-824b-3d7553a4903e to target d35956dc-15a5-47a0-95d1-f1a5ed077398
2023-09-13 18:18:03,980 [main] DEBUG balancer.ContainerBalancerTask (ContainerBalancerTask.java:matchSourceWithTarget(708)) - ContainerBalancer is finding suitable target for source datanode 1bf37248-89f5-490d-baf5-9faab24a0432
2023-09-13 18:18:03,980 [main] INFO  balancer.ContainerBalancerTask (ContainerBalancerTask.java:matchSourceWithTarget(722)) - ContainerBalancer matched source datanode 1bf37248-89f5-490d-baf5-9faab24a0432 with target datanode 1b11db40-f898-48a8-9571-5b7a738a693e for container move.
2023-09-13 18:18:03,980 [main] INFO  balancer.ContainerBalancerTask (ContainerBalancerTask.java:processMoveSelection(569)) - ContainerBalancer is trying to move container #68 with size 5368709120B from source datanode 1bf37248-89f5-490d-baf5-9faab24a0432 to target datanode 1b11db40-f898-48a8-9571-5b7a738a693e
2023-09-13 18:18:03,981 [main] DEBUG balancer.ContainerBalancerTask (ContainerBalancerTask.java:lambda$moveContainer$3(837)) - Container move completed for container #68 from source 1bf37248-89f5-490d-baf5-9faab24a0432 to target 1b11db40-f898-48a8-9571-5b7a738a693e
2023-09-13 18:18:03,981 [main] DEBUG balancer.ContainerBalancerTask (ContainerBalancerTask.java:adaptOnReachingIterationLimits(782)) - Reached max datanodes to involve limit. 4 datanodes have already been selected for balancing and the limit is 4. Only already selected sources and targets can be involved in balancing now.
2023-09-13 18:18:03,984 [main] DEBUG balancer.ContainerBalancerTask (ContainerBalancerTask.java:matchSourceWithTarget(708)) - ContainerBalancer is finding suitable target for source datanode c632ad1c-c8f3-4e06-824b-3d7553a4903e
2023-09-13 18:18:03,985 [main] INFO  balancer.ContainerBalancerTask (ContainerBalancerTask.java:matchSourceWithTarget(722)) - ContainerBalancer matched source datanode c632ad1c-c8f3-4e06-824b-3d7553a4903e with target datanode 1b11db40-f898-48a8-9571-5b7a738a693e for container move.
2023-09-13 18:18:03,985 [main] INFO  balancer.ContainerBalancerTask (ContainerBalancerTask.java:processMoveSelection(569)) - ContainerBalancer is trying to move container #84 with size 4294967296B from source datanode c632ad1c-c8f3-4e06-824b-3d7553a4903e to target datanode 1b11db40-f898-48a8-9571-5b7a738a693e
2023-09-13 18:18:03,985 [main] DEBUG balancer.ContainerBalancerTask (ContainerBalancerTask.java:lambda$moveContainer$3(837)) - Container move completed for container #84 from source c632ad1c-c8f3-4e06-824b-3d7553a4903e to target 1b11db40-f898-48a8-9571-5b7a738a693e
2023-09-13 18:18:03,988 [main] DEBUG balancer.ContainerBalancerTask (ContainerBalancerTask.java:matchSourceWithTarget(708)) - ContainerBalancer is finding suitable target for source datanode 1bf37248-89f5-490d-baf5-9faab24a0432
2023-09-13 18:18:03,988 [main] INFO  balancer.ContainerBalancerTask (ContainerBalancerTask.java:matchSourceWithTarget(722)) - ContainerBalancer matched source datanode 1bf37248-89f5-490d-baf5-9faab24a0432 with target datanode 1b11db40-f898-48a8-9571-5b7a738a693e for container move.
2023-09-13 18:18:03,989 [main] INFO  balancer.ContainerBalancerTask (ContainerBalancerTask.java:processMoveSelection(569)) - ContainerBalancer is trying to move container #40 with size 5368709120B from source datanode 1bf37248-89f5-490d-baf5-9faab24a0432 to target datanode 1b11db40-f898-48a8-9571-5b7a738a693e
2023-09-13 18:18:03,989 [main] DEBUG balancer.ContainerBalancerTask (ContainerBalancerTask.java:lambda$moveContainer$3(837)) - Container move completed for container #40 from source 1bf37248-89f5-490d-baf5-9faab24a0432 to target 1b11db40-f898-48a8-9571-5b7a738a693e
2023-09-13 18:18:03,992 [main] DEBUG balancer.ContainerBalancerTask (ContainerBalancerTask.java:matchSourceWithTarget(708)) - ContainerBalancer is finding suitable target for source datanode c632ad1c-c8f3-4e06-824b-3d7553a4903e
2023-09-13 18:18:03,992 [main] INFO  balancer.ContainerBalancerTask (ContainerBalancerTask.java:matchSourceWithTarget(722)) - ContainerBalancer matched source datanode c632ad1c-c8f3-4e06-824b-3d7553a4903e with target datanode 1b11db40-f898-48a8-9571-5b7a738a693e for container move.
2023-09-13 18:18:03,992 [main] INFO  balancer.ContainerBalancerTask (ContainerBalancerTask.java:processMoveSelection(569)) - ContainerBalancer is trying to move container #88 with size 3221225472B from source datanode c632ad1c-c8f3-4e06-824b-3d7553a4903e to target datanode 1b11db40-f898-48a8-9571-5b7a738a693e
2023-09-13 18:18:03,992 [main] DEBUG balancer.ContainerBalancerTask (ContainerBalancerTask.java:lambda$moveContainer$3(837)) - Container move completed for container #88 from source c632ad1c-c8f3-4e06-824b-3d7553a4903e to target 1b11db40-f898-48a8-9571-5b7a738a693e
2023-09-13 18:18:03,995 [main] DEBUG balancer.ContainerBalancerTask (ContainerBalancerTask.java:matchSourceWithTarget(708)) - ContainerBalancer is finding suitable target for source datanode 1bf37248-89f5-490d-baf5-9faab24a0432
2023-09-13 18:18:03,995 [main] INFO  balancer.ContainerBalancerTask (ContainerBalancerTask.java:matchSourceWithTarget(722)) - ContainerBalancer matched source datanode 1bf37248-89f5-490d-baf5-9faab24a0432 with target datanode 1b11db40-f898-48a8-9571-5b7a738a693e for container move.
2023-09-13 18:18:03,995 [main] INFO  balancer.ContainerBalancerTask (ContainerBalancerTask.java:processMoveSelection(569)) - ContainerBalancer is trying to move container #52 with size 4294967296B from source datanode 1bf37248-89f5-490d-baf5-9faab24a0432 to target datanode 1b11db40-f898-48a8-9571-5b7a738a693e
2023-09-13 18:18:03,996 [main] DEBUG balancer.ContainerBalancerTask (ContainerBalancerTask.java:lambda$moveContainer$3(837)) - Container move completed for container #52 from source 1bf37248-89f5-490d-baf5-9faab24a0432 to target 1b11db40-f898-48a8-9571-5b7a738a693e
2023-09-13 18:18:03,999 [main] DEBUG balancer.ContainerBalancerTask (ContainerBalancerTask.java:matchSourceWithTarget(708)) - ContainerBalancer is finding suitable target for source datanode c632ad1c-c8f3-4e06-824b-3d7553a4903e
2023-09-13 18:18:03,999 [main] INFO  balancer.ContainerBalancerTask (ContainerBalancerTask.java:matchSourceWithTarget(722)) - ContainerBalancer matched source datanode c632ad1c-c8f3-4e06-824b-3d7553a4903e with target datanode 1b11db40-f898-48a8-9571-5b7a738a693e for container move.
2023-09-13 18:18:03,999 [main] INFO  balancer.ContainerBalancerTask (ContainerBalancerTask.java:processMoveSelection(569)) - ContainerBalancer is trying to move container #27 with size 3221225472B from source datanode c632ad1c-c8f3-4e06-824b-3d7553a4903e to target datanode 1b11db40-f898-48a8-9571-5b7a738a693e
2023-09-13 18:18:03,999 [main] DEBUG balancer.ContainerBalancerTask (ContainerBalancerTask.java:lambda$moveContainer$3(837)) - Container move completed for container #27 from source c632ad1c-c8f3-4e06-824b-3d7553a4903e to target 1b11db40-f898-48a8-9571-5b7a738a693e
2023-09-13 18:18:04,002 [main] DEBUG balancer.ContainerBalancerTask (ContainerBalancerTask.java:matchSourceWithTarget(708)) - ContainerBalancer is finding suitable target for source datanode 1bf37248-89f5-490d-baf5-9faab24a0432
2023-09-13 18:18:04,003 [main] INFO  balancer.ContainerBalancerTask (ContainerBalancerTask.java:matchSourceWithTarget(722)) - ContainerBalancer matched source datanode 1bf37248-89f5-490d-baf5-9faab24a0432 with target datanode 1b11db40-f898-48a8-9571-5b7a738a693e for container move.
2023-09-13 18:18:04,003 [main] INFO  balancer.ContainerBalancerTask (ContainerBalancerTask.java:processMoveSelection(569)) - ContainerBalancer is trying to move container #28 with size 4294967296B from source datanode 1bf37248-89f5-490d-baf5-9faab24a0432 to target datanode 1b11db40-f898-48a8-9571-5b7a738a693e
2023-09-13 18:18:04,003 [main] DEBUG balancer.ContainerBalancerTask (ContainerBalancerTask.java:lambda$moveContainer$3(837)) - Container move completed for container #28 from source 1bf37248-89f5-490d-baf5-9faab24a0432 to target 1b11db40-f898-48a8-9571-5b7a738a693e
2023-09-13 18:18:04,006 [main] DEBUG balancer.ContainerBalancerTask (ContainerBalancerTask.java:matchSourceWithTarget(708)) - ContainerBalancer is finding suitable target for source datanode c632ad1c-c8f3-4e06-824b-3d7553a4903e
2023-09-13 18:18:04,006 [main] INFO  balancer.ContainerBalancerTask (ContainerBalancerTask.java:matchSourceWithTarget(722)) - ContainerBalancer matched source datanode c632ad1c-c8f3-4e06-824b-3d7553a4903e with target datanode 1b11db40-f898-48a8-9571-5b7a738a693e for container move.
2023-09-13 18:18:04,007 [main] INFO  balancer.ContainerBalancerTask (ContainerBalancerTask.java:processMoveSelection(569)) - ContainerBalancer is trying to move container #11 with size 3221225472B from source datanode c632ad1c-c8f3-4e06-824b-3d7553a4903e to target datanode 1b11db40-f898-48a8-9571-5b7a738a693e
2023-09-13 18:18:04,007 [main] DEBUG balancer.ContainerBalancerTask (ContainerBalancerTask.java:lambda$moveContainer$3(837)) - Container move completed for container #11 from source c632ad1c-c8f3-4e06-824b-3d7553a4903e to target 1b11db40-f898-48a8-9571-5b7a738a693e
2023-09-13 18:18:04,010 [main] DEBUG balancer.ContainerBalancerTask (ContainerBalancerTask.java:matchSourceWithTarget(708)) - ContainerBalancer is finding suitable target for source datanode 1bf37248-89f5-490d-baf5-9faab24a0432
2023-09-13 18:18:04,010 [main] INFO  balancer.ContainerBalancerTask (ContainerBalancerTask.java:matchSourceWithTarget(722)) - ContainerBalancer matched source datanode 1bf37248-89f5-490d-baf5-9faab24a0432 with target datanode d35956dc-15a5-47a0-95d1-f1a5ed077398 for container move.
2023-09-13 18:18:04,010 [main] INFO  balancer.ContainerBalancerTask (ContainerBalancerTask.java:processMoveSelection(569)) - ContainerBalancer is trying to move container #67 with size 4294967296B from source datanode 1bf37248-89f5-490d-baf5-9faab24a0432 to target datanode d35956dc-15a5-47a0-95d1-f1a5ed077398
2023-09-13 18:18:04,010 [main] DEBUG balancer.ContainerBalancerTask (ContainerBalancerTask.java:lambda$moveContainer$3(837)) - Container move completed for container #67 from source 1bf37248-89f5-490d-baf5-9faab24a0432 to target d35956dc-15a5-47a0-95d1-f1a5ed077398
2023-09-13 18:18:04,013 [main] DEBUG balancer.ContainerBalancerTask (ContainerBalancerTask.java:matchSourceWithTarget(708)) - ContainerBalancer is finding suitable target for source datanode c632ad1c-c8f3-4e06-824b-3d7553a4903e
2023-09-13 18:18:04,014 [main] INFO  balancer.ContainerBalancerTask (ContainerBalancerTask.java:matchSourceWithTarget(722)) - ContainerBalancer matched source datanode c632ad1c-c8f3-4e06-824b-3d7553a4903e with target datanode 1b11db40-f898-48a8-9571-5b7a738a693e for container move.
2023-09-13 18:18:04,014 [main] INFO  balancer.ContainerBalancerTask (ContainerBalancerTask.java:processMoveSelection(569)) - ContainerBalancer is trying to move container #87 with size 2147483648B from source datanode c632ad1c-c8f3-4e06-824b-3d7553a4903e to target datanode 1b11db40-f898-48a8-9571-5b7a738a693e
2023-09-13 18:18:04,014 [main] DEBUG balancer.ContainerBalancerTask (ContainerBalancerTask.java:lambda$moveContainer$3(837)) - Container move completed for container #87 from source c632ad1c-c8f3-4e06-824b-3d7553a4903e to target 1b11db40-f898-48a8-9571-5b7a738a693e
2023-09-13 18:18:04,017 [main] DEBUG balancer.ContainerBalancerTask (ContainerBalancerTask.java:matchSourceWithTarget(708)) - ContainerBalancer is finding suitable target for source datanode c632ad1c-c8f3-4e06-824b-3d7553a4903e
2023-09-13 18:18:04,017 [main] INFO  balancer.ContainerBalancerTask (ContainerBalancerTask.java:matchSourceWithTarget(722)) - ContainerBalancer matched source datanode c632ad1c-c8f3-4e06-824b-3d7553a4903e with target datanode 1b11db40-f898-48a8-9571-5b7a738a693e for container move.
2023-09-13 18:18:04,017 [main] INFO  balancer.ContainerBalancerTask (ContainerBalancerTask.java:processMoveSelection(569)) - ContainerBalancer is trying to move container #81 with size 1073741824B from source datanode c632ad1c-c8f3-4e06-824b-3d7553a4903e to target datanode 1b11db40-f898-48a8-9571-5b7a738a693e
2023-09-13 18:18:04,017 [main] DEBUG balancer.ContainerBalancerTask (ContainerBalancerTask.java:lambda$moveContainer$3(837)) - Container move completed for container #81 from source c632ad1c-c8f3-4e06-824b-3d7553a4903e to target 1b11db40-f898-48a8-9571-5b7a738a693e
2023-09-13 18:18:04,020 [main] DEBUG balancer.ContainerBalancerTask (ContainerBalancerTask.java:matchSourceWithTarget(701)) - ContainerBalancer could not find any candidate containers for datanode c632ad1c-c8f3-4e06-824b-3d7553a4903e
2023-09-13 18:18:04,023 [main] DEBUG balancer.ContainerBalancerTask (ContainerBalancerTask.java:matchSourceWithTarget(708)) - ContainerBalancer is finding suitable target for source datanode 1bf37248-89f5-490d-baf5-9faab24a0432
2023-09-13 18:18:04,024 [main] INFO  balancer.ContainerBalancerTask (ContainerBalancerTask.java:matchSourceWithTarget(722)) - ContainerBalancer matched source datanode 1bf37248-89f5-490d-baf5-9faab24a0432 with target datanode 1b11db40-f898-48a8-9571-5b7a738a693e for container move.
2023-09-13 18:18:04,024 [main] INFO  balancer.ContainerBalancerTask (ContainerBalancerTask.java:processMoveSelection(569)) - ContainerBalancer is trying to move container #71 with size 3221225472B from source datanode 1bf37248-89f5-490d-baf5-9faab24a0432 to target datanode 1b11db40-f898-48a8-9571-5b7a738a693e
2023-09-13 18:18:04,024 [main] DEBUG balancer.ContainerBalancerTask (ContainerBalancerTask.java:lambda$moveContainer$3(837)) - Container move completed for container #71 from source 1bf37248-89f5-490d-baf5-9faab24a0432 to target 1b11db40-f898-48a8-9571-5b7a738a693e
2023-09-13 18:18:04,027 [main] DEBUG balancer.ContainerBalancerTask (ContainerBalancerTask.java:matchSourceWithTarget(708)) - ContainerBalancer is finding suitable target for source datanode 1bf37248-89f5-490d-baf5-9faab24a0432
2023-09-13 18:18:04,027 [main] INFO  balancer.ContainerBalancerTask (ContainerBalancerTask.java:matchSourceWithTarget(722)) - ContainerBalancer matched source datanode 1bf37248-89f5-490d-baf5-9faab24a0432 with target datanode 1b11db40-f898-48a8-9571-5b7a738a693e for container move.
2023-09-13 18:18:04,027 [main] INFO  balancer.ContainerBalancerTask (ContainerBalancerTask.java:processMoveSelection(569)) - ContainerBalancer is trying to move container #69 with size 1073741824B from source datanode 1bf37248-89f5-490d-baf5-9faab24a0432 to target datanode 1b11db40-f898-48a8-9571-5b7a738a693e
2023-09-13 18:18:04,027 [main] DEBUG balancer.ContainerBalancerTask (ContainerBalancerTask.java:lambda$moveContainer$3(837)) - Container move completed for container #69 from source 1bf37248-89f5-490d-baf5-9faab24a0432 to target 1b11db40-f898-48a8-9571-5b7a738a693e
2023-09-13 18:18:04,030 [main] DEBUG balancer.ContainerBalancerTask (ContainerBalancerTask.java:matchSourceWithTarget(701)) - ContainerBalancer could not find any candidate containers for datanode 1bf37248-89f5-490d-baf5-9faab24a0432
2023-09-13 18:18:04,030 [main] INFO  balancer.FindSourceGreedy (FindSourceGreedy.java:getNextCandidateSourceDataNode(126)) - no more candidate source data node
2023-09-13 18:18:04,031 [main] INFO  balancer.ContainerBalancerTask (ContainerBalancerTask.java:checkIterationMoveResults(642)) - Iteration Summary. Number of Datanodes involved: 4. Size moved: 52 GB (55834574848 Bytes). Number of Container moves completed: 15.
2023-09-13 18:18:04,031 [main] INFO  balancer.ContainerBalancerTask (ContainerBalancerTask.java:balance(259)) - Result of this iteration of Container Balancer: ITERATION_COMPLETED
2023-09-13 18:18:04,031 [main] INFO  balancer.ContainerBalancerTask (ContainerBalancerTask.java:tryStopWithSaveConfiguration(308)) - Save Configuration for stopping. Reason: Completed all iterations.
]]></system-out>
  </testcase>
  <testcase name="testBalancerWithMoveManager" classname="org.apache.hadoop.hdds.scm.container.balancer.TestContainerBalancerTask" time="0.09">
    <system-out><![CDATA[2023-09-13 18:18:04,058 [main] INFO  net.NodeSchemaLoader (NodeSchemaLoader.java:loadSchemaFromFile(129)) - Loading schema from [file:/home/runner/work/ozone/ozone/hadoop-hdds/common/target/classes/network-topology-default.xml]
2023-09-13 18:18:04,059 [main] INFO  net.NodeSchemaLoader (NodeSchemaLoader.java:loadSchema(176)) - Loading network topology layer schema file
2023-09-13 18:18:04,060 [main] INFO  net.NetworkTopologyImpl (NetworkTopologyImpl.java:add(112)) - Added a new node: /default-rack/7b7b1451-ea73-44d0-b5fa-392e49ee03d3
2023-09-13 18:18:04,060 [main] INFO  net.NetworkTopologyImpl (NetworkTopologyImpl.java:add(112)) - Added a new node: /default-rack/28d1b4b6-a4c1-480e-97a5-ee827882aaec
2023-09-13 18:18:04,061 [main] INFO  net.NetworkTopologyImpl (NetworkTopologyImpl.java:add(112)) - Added a new node: /default-rack/16aaea88-9784-461c-9182-3be372d5d38a
2023-09-13 18:18:04,061 [main] INFO  net.NetworkTopologyImpl (NetworkTopologyImpl.java:add(112)) - Added a new node: /default-rack/abb29547-3001-435a-afe3-bec653a63c19
2023-09-13 18:18:04,061 [main] INFO  net.NetworkTopologyImpl (NetworkTopologyImpl.java:add(112)) - Added a new node: /default-rack/ef2d9fd1-1dc1-4f21-8a64-407b274db535
2023-09-13 18:18:04,061 [main] INFO  net.NetworkTopologyImpl (NetworkTopologyImpl.java:add(112)) - Added a new node: /default-rack/79cd9132-0d43-42f7-b410-b678881bc604
2023-09-13 18:18:04,061 [main] INFO  net.NetworkTopologyImpl (NetworkTopologyImpl.java:add(112)) - Added a new node: /default-rack/24c56966-563b-4976-b99b-910f5341b417
2023-09-13 18:18:04,061 [main] INFO  net.NetworkTopologyImpl (NetworkTopologyImpl.java:add(112)) - Added a new node: /default-rack/3ba8b0b6-3790-4f6e-838f-f5f459147ed1
2023-09-13 18:18:04,061 [main] INFO  net.NetworkTopologyImpl (NetworkTopologyImpl.java:add(112)) - Added a new node: /default-rack/3c2f9bc0-6591-4b3c-8e94-42a378cfd2d5
2023-09-13 18:18:04,061 [main] INFO  net.NetworkTopologyImpl (NetworkTopologyImpl.java:add(112)) - Added a new node: /default-rack/6f717b5a-7902-4d6c-b77b-0407cff2d0e4
2023-09-13 18:18:04,061 [main] INFO  algorithms.ContainerPlacementPolicyFactory (ContainerPlacementPolicyFactory.java:getPolicyInternal(86)) - Create container placement policy of type org.apache.hadoop.hdds.scm.container.placement.algorithms.SCMContainerPlacementRackAware
2023-09-13 18:18:04,062 [main] INFO  algorithms.ContainerPlacementPolicyFactory (ContainerPlacementPolicyFactory.java:getPolicyInternal(86)) - Create container placement policy of type org.apache.hadoop.hdds.scm.container.placement.algorithms.SCMContainerPlacementRackScatter
2023-09-13 18:18:04,065 [main] DEBUG balancer.ContainerBalancerTask (ContainerBalancerTask.java:initializeIteration(374)) - Average utilization of the cluster is 0.2926976645824398
2023-09-13 18:18:04,065 [main] DEBUG balancer.ContainerBalancerTask (ContainerBalancerTask.java:initializeIteration(386)) - Lower limit for utilization is 0.19269766458243978 and Upper limit for utilization is 0.3926976645824398
2023-09-13 18:18:04,065 [main] DEBUG balancer.ContainerBalancerTask (ContainerBalancerTask.java:initializeIteration(398)) - Utilization for node abb29547-3001-435a-afe3-bec653a63c19 with capacity 60845370026B, used 54760833024B, and remaining 6084537002B is 0.900000000009861
2023-09-13 18:18:04,066 [main] DEBUG balancer.ContainerBalancerTask (ContainerBalancerTask.java:initializeIteration(398)) - Utilization for node 6f717b5a-7902-4d6c-b77b-0407cff2d0e4 with capacity 57713623040B, used 46170898432B, and remaining 11542724608B is 0.8
2023-09-13 18:18:04,066 [main] DEBUG balancer.ContainerBalancerTask (ContainerBalancerTask.java:initializeIteration(398)) - Utilization for node 24c56966-563b-4976-b99b-910f5341b417 with capacity 56754924982B, used 39728447488B, and remaining 17026477494B is 0.7000000000105717
2023-09-13 18:18:04,066 [main] DEBUG balancer.ContainerBalancerTask (ContainerBalancerTask.java:initializeIteration(398)) - Utilization for node 79cd9132-0d43-42f7-b410-b678881bc604 with capacity 69793218560B, used 41875931136B, and remaining 27917287424B is 0.6
2023-09-13 18:18:04,066 [main] DEBUG balancer.ContainerBalancerTask (ContainerBalancerTask.java:initializeIteration(398)) - Utilization for node 3ba8b0b6-3790-4f6e-838f-f5f459147ed1 with capacity 70866960384B, used 35433480192B, and remaining 35433480192B is 0.5
2023-09-13 18:18:04,066 [main] DEBUG balancer.ContainerBalancerTask (ContainerBalancerTask.java:initializeIteration(398)) - Utilization for node 28d1b4b6-a4c1-480e-97a5-ee827882aaec with capacity 83214991360B, used 33285996544B, and remaining 49928994816B is 0.4
2023-09-13 18:18:04,066 [main] DEBUG balancer.ContainerBalancerTask (ContainerBalancerTask.java:initializeIteration(398)) - Utilization for node 16aaea88-9784-461c-9182-3be372d5d38a with capacity 110953321813B, used 33285996544B, and remaining 77667325269B is 0.30000000000090127
2023-09-13 18:18:04,066 [main] DEBUG balancer.ContainerBalancerTask (ContainerBalancerTask.java:initializeIteration(398)) - Utilization for node 3c2f9bc0-6591-4b3c-8e94-42a378cfd2d5 with capacity 171798691840B, used 34359738368B, and remaining 137438953472B is 0.2
2023-09-13 18:18:04,066 [main] DEBUG balancer.ContainerBalancerTask (ContainerBalancerTask.java:initializeIteration(398)) - Utilization for node ef2d9fd1-1dc1-4f21-8a64-407b274db535 with capacity 526133493760B, used 52613349376B, and remaining 473520144384B is 0.1
2023-09-13 18:18:04,066 [main] DEBUG balancer.ContainerBalancerTask (ContainerBalancerTask.java:initializeIteration(398)) - Utilization for node 7b7b1451-ea73-44d0-b5fa-392e49ee03d3 with capacity 61203283968B, used 0B, and remaining 61203283968B is 0.0
2023-09-13 18:18:04,066 [main] INFO  balancer.ContainerBalancerTask (ContainerBalancerTask.java:initializeIteration(447)) - Container Balancer has identified 6 Over-Utilized and 2 Under-Utilized Datanodes that need to be balanced.
2023-09-13 18:18:04,066 [main] DEBUG balancer.ContainerBalancerTask (ContainerBalancerTask.java:lambda$initializeIteration$1(453)) - Datanode localhost-206.131.144.19 abb29547-3001-435a-afe3-bec653a63c19 is Over-Utilized.
2023-09-13 18:18:04,067 [main] DEBUG balancer.ContainerBalancerTask (ContainerBalancerTask.java:lambda$initializeIteration$1(453)) - Datanode localhost-16.31.199.220 6f717b5a-7902-4d6c-b77b-0407cff2d0e4 is Over-Utilized.
2023-09-13 18:18:04,067 [main] DEBUG balancer.ContainerBalancerTask (ContainerBalancerTask.java:lambda$initializeIteration$1(453)) - Datanode localhost-193.177.72.202 24c56966-563b-4976-b99b-910f5341b417 is Over-Utilized.
2023-09-13 18:18:04,067 [main] DEBUG balancer.ContainerBalancerTask (ContainerBalancerTask.java:lambda$initializeIteration$1(453)) - Datanode localhost-138.2.106.127 79cd9132-0d43-42f7-b410-b678881bc604 is Over-Utilized.
2023-09-13 18:18:04,067 [main] DEBUG balancer.ContainerBalancerTask (ContainerBalancerTask.java:lambda$initializeIteration$1(453)) - Datanode localhost-224.141.122.219 3ba8b0b6-3790-4f6e-838f-f5f459147ed1 is Over-Utilized.
2023-09-13 18:18:04,067 [main] DEBUG balancer.ContainerBalancerTask (ContainerBalancerTask.java:lambda$initializeIteration$1(453)) - Datanode localhost-102.9.161.30 28d1b4b6-a4c1-480e-97a5-ee827882aaec is Over-Utilized.
2023-09-13 18:18:04,067 [main] DEBUG balancer.ContainerBalancerTask (ContainerBalancerTask.java:lambda$initializeIteration$2(459)) - Datanode localhost-77.213.135.199 7b7b1451-ea73-44d0-b5fa-392e49ee03d3 is Under-Utilized.
2023-09-13 18:18:04,067 [main] DEBUG balancer.ContainerBalancerTask (ContainerBalancerTask.java:lambda$initializeIteration$2(459)) - Datanode localhost-23.101.34.224 ef2d9fd1-1dc1-4f21-8a64-407b274db535 is Under-Utilized.
2023-09-13 18:18:04,070 [main] DEBUG balancer.ContainerBalancerTask (ContainerBalancerTask.java:matchSourceWithTarget(708)) - ContainerBalancer is finding suitable target for source datanode abb29547-3001-435a-afe3-bec653a63c19
2023-09-13 18:18:04,070 [main] INFO  balancer.ContainerBalancerTask (ContainerBalancerTask.java:matchSourceWithTarget(722)) - ContainerBalancer matched source datanode abb29547-3001-435a-afe3-bec653a63c19 with target datanode 7b7b1451-ea73-44d0-b5fa-392e49ee03d3 for container move.
2023-09-13 18:18:04,070 [main] INFO  balancer.ContainerBalancerTask (ContainerBalancerTask.java:processMoveSelection(569)) - ContainerBalancer is trying to move container #85 with size 5368709120B from source datanode abb29547-3001-435a-afe3-bec653a63c19 to target datanode 7b7b1451-ea73-44d0-b5fa-392e49ee03d3
2023-09-13 18:18:04,070 [main] DEBUG balancer.ContainerBalancerTask (ContainerBalancerTask.java:lambda$moveContainer$3(837)) - Container move completed for container #85 from source abb29547-3001-435a-afe3-bec653a63c19 to target 7b7b1451-ea73-44d0-b5fa-392e49ee03d3
2023-09-13 18:18:04,073 [main] DEBUG balancer.ContainerBalancerTask (ContainerBalancerTask.java:matchSourceWithTarget(708)) - ContainerBalancer is finding suitable target for source datanode abb29547-3001-435a-afe3-bec653a63c19
2023-09-13 18:18:04,073 [main] INFO  balancer.ContainerBalancerTask (ContainerBalancerTask.java:matchSourceWithTarget(722)) - ContainerBalancer matched source datanode abb29547-3001-435a-afe3-bec653a63c19 with target datanode 7b7b1451-ea73-44d0-b5fa-392e49ee03d3 for container move.
2023-09-13 18:18:04,073 [main] INFO  balancer.ContainerBalancerTask (ContainerBalancerTask.java:processMoveSelection(569)) - ContainerBalancer is trying to move container #89 with size 4294967296B from source datanode abb29547-3001-435a-afe3-bec653a63c19 to target datanode 7b7b1451-ea73-44d0-b5fa-392e49ee03d3
2023-09-13 18:18:04,073 [main] DEBUG balancer.ContainerBalancerTask (ContainerBalancerTask.java:lambda$moveContainer$3(837)) - Container move completed for container #89 from source abb29547-3001-435a-afe3-bec653a63c19 to target 7b7b1451-ea73-44d0-b5fa-392e49ee03d3
2023-09-13 18:18:04,076 [main] DEBUG balancer.ContainerBalancerTask (ContainerBalancerTask.java:matchSourceWithTarget(708)) - ContainerBalancer is finding suitable target for source datanode 6f717b5a-7902-4d6c-b77b-0407cff2d0e4
2023-09-13 18:18:04,076 [main] INFO  balancer.ContainerBalancerTask (ContainerBalancerTask.java:matchSourceWithTarget(722)) - ContainerBalancer matched source datanode 6f717b5a-7902-4d6c-b77b-0407cff2d0e4 with target datanode ef2d9fd1-1dc1-4f21-8a64-407b274db535 for container move.
2023-09-13 18:18:04,076 [main] INFO  balancer.ContainerBalancerTask (ContainerBalancerTask.java:processMoveSelection(569)) - ContainerBalancer is trying to move container #68 with size 5368709120B from source datanode 6f717b5a-7902-4d6c-b77b-0407cff2d0e4 to target datanode ef2d9fd1-1dc1-4f21-8a64-407b274db535
2023-09-13 18:18:04,076 [main] DEBUG balancer.ContainerBalancerTask (ContainerBalancerTask.java:lambda$moveContainer$3(837)) - Container move completed for container #68 from source 6f717b5a-7902-4d6c-b77b-0407cff2d0e4 to target ef2d9fd1-1dc1-4f21-8a64-407b274db535
2023-09-13 18:18:04,079 [main] DEBUG balancer.ContainerBalancerTask (ContainerBalancerTask.java:matchSourceWithTarget(708)) - ContainerBalancer is finding suitable target for source datanode abb29547-3001-435a-afe3-bec653a63c19
2023-09-13 18:18:04,079 [main] INFO  balancer.ContainerBalancerTask (ContainerBalancerTask.java:matchSourceWithTarget(722)) - ContainerBalancer matched source datanode abb29547-3001-435a-afe3-bec653a63c19 with target datanode ef2d9fd1-1dc1-4f21-8a64-407b274db535 for container move.
2023-09-13 18:18:04,079 [main] INFO  balancer.ContainerBalancerTask (ContainerBalancerTask.java:processMoveSelection(569)) - ContainerBalancer is trying to move container #19 with size 4294967296B from source datanode abb29547-3001-435a-afe3-bec653a63c19 to target datanode ef2d9fd1-1dc1-4f21-8a64-407b274db535
2023-09-13 18:18:04,079 [main] DEBUG balancer.ContainerBalancerTask (ContainerBalancerTask.java:lambda$moveContainer$3(837)) - Container move completed for container #19 from source abb29547-3001-435a-afe3-bec653a63c19 to target ef2d9fd1-1dc1-4f21-8a64-407b274db535
2023-09-13 18:18:04,082 [main] DEBUG balancer.ContainerBalancerTask (ContainerBalancerTask.java:matchSourceWithTarget(708)) - ContainerBalancer is finding suitable target for source datanode 6f717b5a-7902-4d6c-b77b-0407cff2d0e4
2023-09-13 18:18:04,082 [main] INFO  balancer.ContainerBalancerTask (ContainerBalancerTask.java:matchSourceWithTarget(722)) - ContainerBalancer matched source datanode 6f717b5a-7902-4d6c-b77b-0407cff2d0e4 with target datanode ef2d9fd1-1dc1-4f21-8a64-407b274db535 for container move.
2023-09-13 18:18:04,082 [main] INFO  balancer.ContainerBalancerTask (ContainerBalancerTask.java:processMoveSelection(569)) - ContainerBalancer is trying to move container #71 with size 3221225472B from source datanode 6f717b5a-7902-4d6c-b77b-0407cff2d0e4 to target datanode ef2d9fd1-1dc1-4f21-8a64-407b274db535
2023-09-13 18:18:04,082 [main] DEBUG balancer.ContainerBalancerTask (ContainerBalancerTask.java:lambda$moveContainer$3(837)) - Container move completed for container #71 from source 6f717b5a-7902-4d6c-b77b-0407cff2d0e4 to target ef2d9fd1-1dc1-4f21-8a64-407b274db535
2023-09-13 18:18:04,085 [main] DEBUG balancer.ContainerBalancerTask (ContainerBalancerTask.java:matchSourceWithTarget(708)) - ContainerBalancer is finding suitable target for source datanode 24c56966-563b-4976-b99b-910f5341b417
2023-09-13 18:18:04,085 [main] INFO  balancer.ContainerBalancerTask (ContainerBalancerTask.java:matchSourceWithTarget(722)) - ContainerBalancer matched source datanode 24c56966-563b-4976-b99b-910f5341b417 with target datanode ef2d9fd1-1dc1-4f21-8a64-407b274db535 for container move.
2023-09-13 18:18:04,085 [main] INFO  balancer.ContainerBalancerTask (ContainerBalancerTask.java:processMoveSelection(569)) - ContainerBalancer is trying to move container #53 with size 5368709120B from source datanode 24c56966-563b-4976-b99b-910f5341b417 to target datanode ef2d9fd1-1dc1-4f21-8a64-407b274db535
2023-09-13 18:18:04,085 [main] DEBUG balancer.ContainerBalancerTask (ContainerBalancerTask.java:lambda$moveContainer$3(837)) - Container move completed for container #53 from source 24c56966-563b-4976-b99b-910f5341b417 to target ef2d9fd1-1dc1-4f21-8a64-407b274db535
2023-09-13 18:18:04,088 [main] DEBUG balancer.ContainerBalancerTask (ContainerBalancerTask.java:matchSourceWithTarget(708)) - ContainerBalancer is finding suitable target for source datanode abb29547-3001-435a-afe3-bec653a63c19
2023-09-13 18:18:04,088 [main] INFO  balancer.ContainerBalancerTask (ContainerBalancerTask.java:matchSourceWithTarget(722)) - ContainerBalancer matched source datanode abb29547-3001-435a-afe3-bec653a63c19 with target datanode ef2d9fd1-1dc1-4f21-8a64-407b274db535 for container move.
2023-09-13 18:18:04,088 [main] INFO  balancer.ContainerBalancerTask (ContainerBalancerTask.java:processMoveSelection(569)) - ContainerBalancer is trying to move container #83 with size 3221225472B from source datanode abb29547-3001-435a-afe3-bec653a63c19 to target datanode ef2d9fd1-1dc1-4f21-8a64-407b274db535
2023-09-13 18:18:04,088 [main] DEBUG balancer.ContainerBalancerTask (ContainerBalancerTask.java:lambda$moveContainer$3(837)) - Container move completed for container #83 from source abb29547-3001-435a-afe3-bec653a63c19 to target ef2d9fd1-1dc1-4f21-8a64-407b274db535
2023-09-13 18:18:04,091 [main] DEBUG balancer.ContainerBalancerTask (ContainerBalancerTask.java:matchSourceWithTarget(708)) - ContainerBalancer is finding suitable target for source datanode 6f717b5a-7902-4d6c-b77b-0407cff2d0e4
2023-09-13 18:18:04,092 [main] INFO  balancer.ContainerBalancerTask (ContainerBalancerTask.java:matchSourceWithTarget(722)) - ContainerBalancer matched source datanode 6f717b5a-7902-4d6c-b77b-0407cff2d0e4 with target datanode ef2d9fd1-1dc1-4f21-8a64-407b274db535 for container move.
2023-09-13 18:18:04,092 [main] INFO  balancer.ContainerBalancerTask (ContainerBalancerTask.java:processMoveSelection(569)) - ContainerBalancer is trying to move container #51 with size 3221225472B from source datanode 6f717b5a-7902-4d6c-b77b-0407cff2d0e4 to target datanode ef2d9fd1-1dc1-4f21-8a64-407b274db535
2023-09-13 18:18:04,092 [main] DEBUG balancer.ContainerBalancerTask (ContainerBalancerTask.java:lambda$moveContainer$3(837)) - Container move completed for container #51 from source 6f717b5a-7902-4d6c-b77b-0407cff2d0e4 to target ef2d9fd1-1dc1-4f21-8a64-407b274db535
2023-09-13 18:18:04,095 [main] DEBUG balancer.ContainerBalancerTask (ContainerBalancerTask.java:matchSourceWithTarget(708)) - ContainerBalancer is finding suitable target for source datanode abb29547-3001-435a-afe3-bec653a63c19
2023-09-13 18:18:04,095 [main] INFO  balancer.ContainerBalancerTask (ContainerBalancerTask.java:matchSourceWithTarget(722)) - ContainerBalancer matched source datanode abb29547-3001-435a-afe3-bec653a63c19 with target datanode ef2d9fd1-1dc1-4f21-8a64-407b274db535 for container move.
2023-09-13 18:18:04,095 [main] INFO  balancer.ContainerBalancerTask (ContainerBalancerTask.java:processMoveSelection(569)) - ContainerBalancer is trying to move container #11 with size 3221225472B from source datanode abb29547-3001-435a-afe3-bec653a63c19 to target datanode ef2d9fd1-1dc1-4f21-8a64-407b274db535
2023-09-13 18:18:04,095 [main] DEBUG balancer.ContainerBalancerTask (ContainerBalancerTask.java:lambda$moveContainer$3(837)) - Container move completed for container #11 from source abb29547-3001-435a-afe3-bec653a63c19 to target ef2d9fd1-1dc1-4f21-8a64-407b274db535
2023-09-13 18:18:04,098 [main] DEBUG balancer.ContainerBalancerTask (ContainerBalancerTask.java:matchSourceWithTarget(708)) - ContainerBalancer is finding suitable target for source datanode 24c56966-563b-4976-b99b-910f5341b417
2023-09-13 18:18:04,098 [main] INFO  balancer.ContainerBalancerTask (ContainerBalancerTask.java:matchSourceWithTarget(722)) - ContainerBalancer matched source datanode 24c56966-563b-4976-b99b-910f5341b417 with target datanode ef2d9fd1-1dc1-4f21-8a64-407b274db535 for container move.
2023-09-13 18:18:04,098 [main] INFO  balancer.ContainerBalancerTask (ContainerBalancerTask.java:processMoveSelection(569)) - ContainerBalancer is trying to move container #52 with size 4294967296B from source datanode 24c56966-563b-4976-b99b-910f5341b417 to target datanode ef2d9fd1-1dc1-4f21-8a64-407b274db535
2023-09-13 18:18:04,098 [main] DEBUG balancer.ContainerBalancerTask (ContainerBalancerTask.java:lambda$moveContainer$3(837)) - Container move completed for container #52 from source 24c56966-563b-4976-b99b-910f5341b417 to target ef2d9fd1-1dc1-4f21-8a64-407b274db535
2023-09-13 18:18:04,101 [main] DEBUG balancer.ContainerBalancerTask (ContainerBalancerTask.java:matchSourceWithTarget(708)) - ContainerBalancer is finding suitable target for source datanode 79cd9132-0d43-42f7-b410-b678881bc604
2023-09-13 18:18:04,101 [main] INFO  balancer.ContainerBalancerTask (ContainerBalancerTask.java:matchSourceWithTarget(722)) - ContainerBalancer matched source datanode 79cd9132-0d43-42f7-b410-b678881bc604 with target datanode 7b7b1451-ea73-44d0-b5fa-392e49ee03d3 for container move.
2023-09-13 18:18:04,101 [main] INFO  balancer.ContainerBalancerTask (ContainerBalancerTask.java:processMoveSelection(569)) - ContainerBalancer is trying to move container #40 with size 5368709120B from source datanode 79cd9132-0d43-42f7-b410-b678881bc604 to target datanode 7b7b1451-ea73-44d0-b5fa-392e49ee03d3
2023-09-13 18:18:04,101 [main] DEBUG balancer.ContainerBalancerTask (ContainerBalancerTask.java:lambda$moveContainer$3(837)) - Container move completed for container #40 from source 79cd9132-0d43-42f7-b410-b678881bc604 to target 7b7b1451-ea73-44d0-b5fa-392e49ee03d3
2023-09-13 18:18:04,104 [main] DEBUG balancer.ContainerBalancerTask (ContainerBalancerTask.java:matchSourceWithTarget(708)) - ContainerBalancer is finding suitable target for source datanode 6f717b5a-7902-4d6c-b77b-0407cff2d0e4
2023-09-13 18:18:04,105 [main] INFO  balancer.ContainerBalancerTask (ContainerBalancerTask.java:matchSourceWithTarget(722)) - ContainerBalancer matched source datanode 6f717b5a-7902-4d6c-b77b-0407cff2d0e4 with target datanode ef2d9fd1-1dc1-4f21-8a64-407b274db535 for container move.
2023-09-13 18:18:04,105 [main] INFO  balancer.ContainerBalancerTask (ContainerBalancerTask.java:processMoveSelection(569)) - ContainerBalancer is trying to move container #38 with size 3221225472B from source datanode 6f717b5a-7902-4d6c-b77b-0407cff2d0e4 to target datanode ef2d9fd1-1dc1-4f21-8a64-407b274db535
2023-09-13 18:18:04,105 [main] DEBUG balancer.ContainerBalancerTask (ContainerBalancerTask.java:lambda$moveContainer$3(837)) - Container move completed for container #38 from source 6f717b5a-7902-4d6c-b77b-0407cff2d0e4 to target ef2d9fd1-1dc1-4f21-8a64-407b274db535
2023-09-13 18:18:04,108 [main] DEBUG balancer.ContainerBalancerTask (ContainerBalancerTask.java:matchSourceWithTarget(708)) - ContainerBalancer is finding suitable target for source datanode abb29547-3001-435a-afe3-bec653a63c19
2023-09-13 18:18:04,108 [main] INFO  balancer.ContainerBalancerTask (ContainerBalancerTask.java:matchSourceWithTarget(722)) - ContainerBalancer matched source datanode abb29547-3001-435a-afe3-bec653a63c19 with target datanode ef2d9fd1-1dc1-4f21-8a64-407b274db535 for container move.
2023-09-13 18:18:04,108 [main] INFO  balancer.ContainerBalancerTask (ContainerBalancerTask.java:processMoveSelection(569)) - ContainerBalancer is trying to move container #87 with size 2147483648B from source datanode abb29547-3001-435a-afe3-bec653a63c19 to target datanode ef2d9fd1-1dc1-4f21-8a64-407b274db535
2023-09-13 18:18:04,108 [main] DEBUG balancer.ContainerBalancerTask (ContainerBalancerTask.java:lambda$moveContainer$3(837)) - Container move completed for container #87 from source abb29547-3001-435a-afe3-bec653a63c19 to target ef2d9fd1-1dc1-4f21-8a64-407b274db535
2023-09-13 18:18:04,111 [main] DEBUG balancer.ContainerBalancerTask (ContainerBalancerTask.java:matchSourceWithTarget(708)) - ContainerBalancer is finding suitable target for source datanode 6f717b5a-7902-4d6c-b77b-0407cff2d0e4
2023-09-13 18:18:04,112 [main] INFO  balancer.ContainerBalancerTask (ContainerBalancerTask.java:matchSourceWithTarget(722)) - ContainerBalancer matched source datanode 6f717b5a-7902-4d6c-b77b-0407cff2d0e4 with target datanode ef2d9fd1-1dc1-4f21-8a64-407b274db535 for container move.
2023-09-13 18:18:04,112 [main] INFO  balancer.ContainerBalancerTask (ContainerBalancerTask.java:processMoveSelection(569)) - ContainerBalancer is trying to move container #69 with size 1073741824B from source datanode 6f717b5a-7902-4d6c-b77b-0407cff2d0e4 to target datanode ef2d9fd1-1dc1-4f21-8a64-407b274db535
2023-09-13 18:18:04,112 [main] DEBUG balancer.ContainerBalancerTask (ContainerBalancerTask.java:lambda$moveContainer$3(837)) - Container move completed for container #69 from source 6f717b5a-7902-4d6c-b77b-0407cff2d0e4 to target ef2d9fd1-1dc1-4f21-8a64-407b274db535
2023-09-13 18:18:04,112 [main] WARN  balancer.ContainerBalancerTask (ContainerBalancerTask.java:reachedMaxSizeToMovePerIteration(733)) - Reached max size to move limit. 53687091200 bytes have already been scheduled for balancing and the limit is 53687091200 bytes.
2023-09-13 18:18:04,112 [main] INFO  balancer.ContainerBalancerTask (ContainerBalancerTask.java:checkIterationMoveResults(642)) - Iteration Summary. Number of Datanodes involved: 6. Size moved: 50 GB (53687091200 Bytes). Number of Container moves completed: 14.
2023-09-13 18:18:04,112 [main] INFO  balancer.ContainerBalancerTask (ContainerBalancerTask.java:balance(259)) - Result of this iteration of Container Balancer: ITERATION_COMPLETED
2023-09-13 18:18:04,112 [main] INFO  balancer.ContainerBalancerTask (ContainerBalancerTask.java:tryStopWithSaveConfiguration(308)) - Save Configuration for stopping. Reason: Completed all iterations.
]]></system-out>
  </testcase>
  <testcase name="balancerShouldExcludeECContainersWhenLegacyRmIsEnabled" classname="org.apache.hadoop.hdds.scm.container.balancer.TestContainerBalancerTask" time="0.076">
    <system-out><![CDATA[2023-09-13 18:18:04,144 [main] INFO  net.NodeSchemaLoader (NodeSchemaLoader.java:loadSchemaFromFile(129)) - Loading schema from [file:/home/runner/work/ozone/ozone/hadoop-hdds/common/target/classes/network-topology-default.xml]
2023-09-13 18:18:04,145 [main] INFO  net.NodeSchemaLoader (NodeSchemaLoader.java:loadSchema(176)) - Loading network topology layer schema file
2023-09-13 18:18:04,146 [main] INFO  net.NetworkTopologyImpl (NetworkTopologyImpl.java:add(112)) - Added a new node: /default-rack/996b189b-1245-496f-a307-e80ed629d038
2023-09-13 18:18:04,146 [main] INFO  net.NetworkTopologyImpl (NetworkTopologyImpl.java:add(112)) - Added a new node: /default-rack/d702b0b0-74e2-4d48-8579-b88dc42ae4b3
2023-09-13 18:18:04,146 [main] INFO  net.NetworkTopologyImpl (NetworkTopologyImpl.java:add(112)) - Added a new node: /default-rack/bff92650-3121-472c-8e65-1cfd3839c110
2023-09-13 18:18:04,147 [main] INFO  net.NetworkTopologyImpl (NetworkTopologyImpl.java:add(112)) - Added a new node: /default-rack/2271d32a-4d79-486f-ba7b-74de5dd935b7
2023-09-13 18:18:04,147 [main] INFO  net.NetworkTopologyImpl (NetworkTopologyImpl.java:add(112)) - Added a new node: /default-rack/45a321c6-53c6-4c4c-b692-410cee3e2879
2023-09-13 18:18:04,147 [main] INFO  net.NetworkTopologyImpl (NetworkTopologyImpl.java:add(112)) - Added a new node: /default-rack/f8fa349a-5c7b-45d7-884f-aad9ff8b8946
2023-09-13 18:18:04,147 [main] INFO  net.NetworkTopologyImpl (NetworkTopologyImpl.java:add(112)) - Added a new node: /default-rack/701cd9b7-05fd-464d-a356-2ecdceb3b63b
2023-09-13 18:18:04,147 [main] INFO  net.NetworkTopologyImpl (NetworkTopologyImpl.java:add(112)) - Added a new node: /default-rack/ceaff2d0-c79d-454d-8283-6dfd85dba881
2023-09-13 18:18:04,147 [main] INFO  net.NetworkTopologyImpl (NetworkTopologyImpl.java:add(112)) - Added a new node: /default-rack/8256dbbb-61c6-4ac4-bef0-664460ccb6d9
2023-09-13 18:18:04,147 [main] INFO  net.NetworkTopologyImpl (NetworkTopologyImpl.java:add(112)) - Added a new node: /default-rack/c6142e02-919d-4ddc-8461-a88a935b9fe8
2023-09-13 18:18:04,147 [main] INFO  algorithms.ContainerPlacementPolicyFactory (ContainerPlacementPolicyFactory.java:getPolicyInternal(86)) - Create container placement policy of type org.apache.hadoop.hdds.scm.container.placement.algorithms.SCMContainerPlacementRackAware
2023-09-13 18:18:04,147 [main] INFO  algorithms.ContainerPlacementPolicyFactory (ContainerPlacementPolicyFactory.java:getPolicyInternal(86)) - Create container placement policy of type org.apache.hadoop.hdds.scm.container.placement.algorithms.SCMContainerPlacementRackScatter
2023-09-13 18:18:04,150 [main] DEBUG balancer.ContainerBalancerTask (ContainerBalancerTask.java:initializeIteration(374)) - Average utilization of the cluster is 0.36176505197137643
2023-09-13 18:18:04,150 [main] DEBUG balancer.ContainerBalancerTask (ContainerBalancerTask.java:initializeIteration(386)) - Lower limit for utilization is 0.26176505197137645 and Upper limit for utilization is 0.4617650519713764
2023-09-13 18:18:04,151 [main] DEBUG balancer.ContainerBalancerTask (ContainerBalancerTask.java:initializeIteration(398)) - Utilization for node ceaff2d0-c79d-454d-8283-6dfd85dba881 with capacity 65617555911B, used 59055800320B, and remaining 6561755591B is 0.900000000001524
2023-09-13 18:18:04,151 [main] DEBUG balancer.ContainerBalancerTask (ContainerBalancerTask.java:initializeIteration(398)) - Utilization for node 701cd9b7-05fd-464d-a356-2ecdceb3b63b with capacity 61740154880B, used 49392123904B, and remaining 12348030976B is 0.8
2023-09-13 18:18:04,151 [main] DEBUG balancer.ContainerBalancerTask (ContainerBalancerTask.java:initializeIteration(398)) - Utilization for node bff92650-3121-472c-8e65-1cfd3839c110 with capacity 76695844571B, used 53687091200B, and remaining 23008753371B is 0.7000000000039116
2023-09-13 18:18:04,151 [main] DEBUG balancer.ContainerBalancerTask (ContainerBalancerTask.java:initializeIteration(398)) - Utilization for node f8fa349a-5c7b-45d7-884f-aad9ff8b8946 with capacity 82320206506B, used 49392123904B, and remaining 32928082602B is 0.6000000000048591
2023-09-13 18:18:04,151 [main] DEBUG balancer.ContainerBalancerTask (ContainerBalancerTask.java:initializeIteration(398)) - Utilization for node c6142e02-919d-4ddc-8461-a88a935b9fe8 with capacity 81604378624B, used 40802189312B, and remaining 40802189312B is 0.5
2023-09-13 18:18:04,151 [main] DEBUG balancer.ContainerBalancerTask (ContainerBalancerTask.java:initializeIteration(398)) - Utilization for node d702b0b0-74e2-4d48-8579-b88dc42ae4b3 with capacity 107374182400B, used 42949672960B, and remaining 64424509440B is 0.4
2023-09-13 18:18:04,151 [main] DEBUG balancer.ContainerBalancerTask (ContainerBalancerTask.java:initializeIteration(398)) - Utilization for node 45a321c6-53c6-4c4c-b692-410cee3e2879 with capacity 128849018880B, used 38654705664B, and remaining 90194313216B is 0.3
2023-09-13 18:18:04,151 [main] DEBUG balancer.ContainerBalancerTask (ContainerBalancerTask.java:initializeIteration(398)) - Utilization for node 996b189b-1245-496f-a307-e80ed629d038 with capacity 161061273600B, used 32212254720B, and remaining 128849018880B is 0.2
2023-09-13 18:18:04,151 [main] DEBUG balancer.ContainerBalancerTask (ContainerBalancerTask.java:initializeIteration(398)) - Utilization for node 8256dbbb-61c6-4ac4-bef0-664460ccb6d9 with capacity 268435456000B, used 26843545600B, and remaining 241591910400B is 0.1
2023-09-13 18:18:04,151 [main] DEBUG balancer.ContainerBalancerTask (ContainerBalancerTask.java:initializeIteration(398)) - Utilization for node 2271d32a-4d79-486f-ba7b-74de5dd935b7 with capacity 52613349376B, used 0B, and remaining 52613349376B is 0.0
2023-09-13 18:18:04,151 [main] INFO  balancer.ContainerBalancerTask (ContainerBalancerTask.java:initializeIteration(447)) - Container Balancer has identified 5 Over-Utilized and 3 Under-Utilized Datanodes that need to be balanced.
2023-09-13 18:18:04,151 [main] DEBUG balancer.ContainerBalancerTask (ContainerBalancerTask.java:lambda$initializeIteration$1(453)) - Datanode localhost-175.105.245.235 ceaff2d0-c79d-454d-8283-6dfd85dba881 is Over-Utilized.
2023-09-13 18:18:04,152 [main] DEBUG balancer.ContainerBalancerTask (ContainerBalancerTask.java:lambda$initializeIteration$1(453)) - Datanode localhost-111.106.33.171 701cd9b7-05fd-464d-a356-2ecdceb3b63b is Over-Utilized.
2023-09-13 18:18:04,152 [main] DEBUG balancer.ContainerBalancerTask (ContainerBalancerTask.java:lambda$initializeIteration$1(453)) - Datanode localhost-163.32.42.216 bff92650-3121-472c-8e65-1cfd3839c110 is Over-Utilized.
2023-09-13 18:18:04,152 [main] DEBUG balancer.ContainerBalancerTask (ContainerBalancerTask.java:lambda$initializeIteration$1(453)) - Datanode localhost-164.165.9.2 f8fa349a-5c7b-45d7-884f-aad9ff8b8946 is Over-Utilized.
2023-09-13 18:18:04,152 [main] DEBUG balancer.ContainerBalancerTask (ContainerBalancerTask.java:lambda$initializeIteration$1(453)) - Datanode localhost-212.68.55.197 c6142e02-919d-4ddc-8461-a88a935b9fe8 is Over-Utilized.
2023-09-13 18:18:04,152 [main] DEBUG balancer.ContainerBalancerTask (ContainerBalancerTask.java:lambda$initializeIteration$2(459)) - Datanode localhost-194.156.63.27 2271d32a-4d79-486f-ba7b-74de5dd935b7 is Under-Utilized.
2023-09-13 18:18:04,152 [main] DEBUG balancer.ContainerBalancerTask (ContainerBalancerTask.java:lambda$initializeIteration$2(459)) - Datanode localhost-232.91.44.98 8256dbbb-61c6-4ac4-bef0-664460ccb6d9 is Under-Utilized.
2023-09-13 18:18:04,152 [main] DEBUG balancer.ContainerBalancerTask (ContainerBalancerTask.java:lambda$initializeIteration$2(459)) - Datanode localhost-212.25.132.236 996b189b-1245-496f-a307-e80ed629d038 is Under-Utilized.
2023-09-13 18:18:04,155 [main] DEBUG balancer.ContainerBalancerTask (ContainerBalancerTask.java:matchSourceWithTarget(708)) - ContainerBalancer is finding suitable target for source datanode ceaff2d0-c79d-454d-8283-6dfd85dba881
2023-09-13 18:18:04,155 [main] INFO  balancer.ContainerBalancerTask (ContainerBalancerTask.java:matchSourceWithTarget(722)) - ContainerBalancer matched source datanode ceaff2d0-c79d-454d-8283-6dfd85dba881 with target datanode 2271d32a-4d79-486f-ba7b-74de5dd935b7 for container move.
2023-09-13 18:18:04,155 [main] INFO  balancer.ContainerBalancerTask (ContainerBalancerTask.java:processMoveSelection(569)) - ContainerBalancer is trying to move container #68 with size 5368709120B from source datanode ceaff2d0-c79d-454d-8283-6dfd85dba881 to target datanode 2271d32a-4d79-486f-ba7b-74de5dd935b7
2023-09-13 18:18:04,156 [main] DEBUG balancer.ContainerBalancerTask (ContainerBalancerTask.java:lambda$moveContainer$3(837)) - Container move completed for container #68 from source ceaff2d0-c79d-454d-8283-6dfd85dba881 to target 2271d32a-4d79-486f-ba7b-74de5dd935b7
2023-09-13 18:18:04,158 [main] DEBUG balancer.ContainerBalancerTask (ContainerBalancerTask.java:matchSourceWithTarget(708)) - ContainerBalancer is finding suitable target for source datanode ceaff2d0-c79d-454d-8283-6dfd85dba881
2023-09-13 18:18:04,158 [main] INFO  balancer.ContainerBalancerTask (ContainerBalancerTask.java:matchSourceWithTarget(722)) - ContainerBalancer matched source datanode ceaff2d0-c79d-454d-8283-6dfd85dba881 with target datanode 8256dbbb-61c6-4ac4-bef0-664460ccb6d9 for container move.
2023-09-13 18:18:04,159 [main] INFO  balancer.ContainerBalancerTask (ContainerBalancerTask.java:processMoveSelection(569)) - ContainerBalancer is trying to move container #84 with size 4294967296B from source datanode ceaff2d0-c79d-454d-8283-6dfd85dba881 to target datanode 8256dbbb-61c6-4ac4-bef0-664460ccb6d9
2023-09-13 18:18:04,159 [main] DEBUG balancer.ContainerBalancerTask (ContainerBalancerTask.java:lambda$moveContainer$3(837)) - Container move completed for container #84 from source ceaff2d0-c79d-454d-8283-6dfd85dba881 to target 8256dbbb-61c6-4ac4-bef0-664460ccb6d9
2023-09-13 18:18:04,161 [main] DEBUG balancer.ContainerBalancerTask (ContainerBalancerTask.java:matchSourceWithTarget(708)) - ContainerBalancer is finding suitable target for source datanode 701cd9b7-05fd-464d-a356-2ecdceb3b63b
2023-09-13 18:18:04,161 [main] INFO  balancer.ContainerBalancerTask (ContainerBalancerTask.java:matchSourceWithTarget(722)) - ContainerBalancer matched source datanode 701cd9b7-05fd-464d-a356-2ecdceb3b63b with target datanode 2271d32a-4d79-486f-ba7b-74de5dd935b7 for container move.
2023-09-13 18:18:04,161 [main] INFO  balancer.ContainerBalancerTask (ContainerBalancerTask.java:processMoveSelection(569)) - ContainerBalancer is trying to move container #66 with size 3221225472B from source datanode 701cd9b7-05fd-464d-a356-2ecdceb3b63b to target datanode 2271d32a-4d79-486f-ba7b-74de5dd935b7
2023-09-13 18:18:04,161 [main] DEBUG balancer.ContainerBalancerTask (ContainerBalancerTask.java:lambda$moveContainer$3(837)) - Container move completed for container #66 from source 701cd9b7-05fd-464d-a356-2ecdceb3b63b to target 2271d32a-4d79-486f-ba7b-74de5dd935b7
2023-09-13 18:18:04,164 [main] DEBUG balancer.ContainerBalancerTask (ContainerBalancerTask.java:matchSourceWithTarget(708)) - ContainerBalancer is finding suitable target for source datanode ceaff2d0-c79d-454d-8283-6dfd85dba881
2023-09-13 18:18:04,164 [main] INFO  balancer.ContainerBalancerTask (ContainerBalancerTask.java:matchSourceWithTarget(722)) - ContainerBalancer matched source datanode ceaff2d0-c79d-454d-8283-6dfd85dba881 with target datanode 8256dbbb-61c6-4ac4-bef0-664460ccb6d9 for container move.
2023-09-13 18:18:04,165 [main] INFO  balancer.ContainerBalancerTask (ContainerBalancerTask.java:processMoveSelection(569)) - ContainerBalancer is trying to move container #28 with size 4294967296B from source datanode ceaff2d0-c79d-454d-8283-6dfd85dba881 to target datanode 8256dbbb-61c6-4ac4-bef0-664460ccb6d9
2023-09-13 18:18:04,165 [main] DEBUG balancer.ContainerBalancerTask (ContainerBalancerTask.java:lambda$moveContainer$3(837)) - Container move completed for container #28 from source ceaff2d0-c79d-454d-8283-6dfd85dba881 to target 8256dbbb-61c6-4ac4-bef0-664460ccb6d9
2023-09-13 18:18:04,167 [main] DEBUG balancer.ContainerBalancerTask (ContainerBalancerTask.java:matchSourceWithTarget(708)) - ContainerBalancer is finding suitable target for source datanode 701cd9b7-05fd-464d-a356-2ecdceb3b63b
2023-09-13 18:18:04,167 [main] INFO  balancer.ContainerBalancerTask (ContainerBalancerTask.java:matchSourceWithTarget(722)) - ContainerBalancer matched source datanode 701cd9b7-05fd-464d-a356-2ecdceb3b63b with target datanode 8256dbbb-61c6-4ac4-bef0-664460ccb6d9 for container move.
2023-09-13 18:18:04,167 [main] INFO  balancer.ContainerBalancerTask (ContainerBalancerTask.java:processMoveSelection(569)) - ContainerBalancer is trying to move container #70 with size 2147483648B from source datanode 701cd9b7-05fd-464d-a356-2ecdceb3b63b to target datanode 8256dbbb-61c6-4ac4-bef0-664460ccb6d9
2023-09-13 18:18:04,167 [main] DEBUG balancer.ContainerBalancerTask (ContainerBalancerTask.java:lambda$moveContainer$3(837)) - Container move completed for container #70 from source 701cd9b7-05fd-464d-a356-2ecdceb3b63b to target 8256dbbb-61c6-4ac4-bef0-664460ccb6d9
2023-09-13 18:18:04,170 [main] DEBUG balancer.ContainerBalancerTask (ContainerBalancerTask.java:matchSourceWithTarget(708)) - ContainerBalancer is finding suitable target for source datanode 701cd9b7-05fd-464d-a356-2ecdceb3b63b
2023-09-13 18:18:04,170 [main] INFO  balancer.ContainerBalancerTask (ContainerBalancerTask.java:matchSourceWithTarget(722)) - ContainerBalancer matched source datanode 701cd9b7-05fd-464d-a356-2ecdceb3b63b with target datanode 2271d32a-4d79-486f-ba7b-74de5dd935b7 for container move.
2023-09-13 18:18:04,170 [main] INFO  balancer.ContainerBalancerTask (ContainerBalancerTask.java:processMoveSelection(569)) - ContainerBalancer is trying to move container #64 with size 1073741824B from source datanode 701cd9b7-05fd-464d-a356-2ecdceb3b63b to target datanode 2271d32a-4d79-486f-ba7b-74de5dd935b7
2023-09-13 18:18:04,170 [main] DEBUG balancer.ContainerBalancerTask (ContainerBalancerTask.java:lambda$moveContainer$3(837)) - Container move completed for container #64 from source 701cd9b7-05fd-464d-a356-2ecdceb3b63b to target 2271d32a-4d79-486f-ba7b-74de5dd935b7
2023-09-13 18:18:04,173 [main] DEBUG balancer.ContainerBalancerTask (ContainerBalancerTask.java:matchSourceWithTarget(708)) - ContainerBalancer is finding suitable target for source datanode bff92650-3121-472c-8e65-1cfd3839c110
2023-09-13 18:18:04,174 [main] INFO  balancer.ContainerBalancerTask (ContainerBalancerTask.java:matchSourceWithTarget(722)) - ContainerBalancer matched source datanode bff92650-3121-472c-8e65-1cfd3839c110 with target datanode 2271d32a-4d79-486f-ba7b-74de5dd935b7 for container move.
2023-09-13 18:18:04,174 [main] INFO  balancer.ContainerBalancerTask (ContainerBalancerTask.java:processMoveSelection(569)) - ContainerBalancer is trying to move container #54 with size 1073741824B from source datanode bff92650-3121-472c-8e65-1cfd3839c110 to target datanode 2271d32a-4d79-486f-ba7b-74de5dd935b7
2023-09-13 18:18:04,174 [main] DEBUG balancer.ContainerBalancerTask (ContainerBalancerTask.java:lambda$moveContainer$3(837)) - Container move completed for container #54 from source bff92650-3121-472c-8e65-1cfd3839c110 to target 2271d32a-4d79-486f-ba7b-74de5dd935b7
2023-09-13 18:18:04,176 [main] DEBUG balancer.ContainerBalancerTask (ContainerBalancerTask.java:matchSourceWithTarget(701)) - ContainerBalancer could not find any candidate containers for datanode 701cd9b7-05fd-464d-a356-2ecdceb3b63b
2023-09-13 18:18:04,179 [main] DEBUG balancer.ContainerBalancerTask (ContainerBalancerTask.java:matchSourceWithTarget(708)) - ContainerBalancer is finding suitable target for source datanode ceaff2d0-c79d-454d-8283-6dfd85dba881
2023-09-13 18:18:04,179 [main] INFO  balancer.ContainerBalancerTask (ContainerBalancerTask.java:matchSourceWithTarget(722)) - ContainerBalancer matched source datanode ceaff2d0-c79d-454d-8283-6dfd85dba881 with target datanode 996b189b-1245-496f-a307-e80ed629d038 for container move.
2023-09-13 18:18:04,180 [main] INFO  balancer.ContainerBalancerTask (ContainerBalancerTask.java:processMoveSelection(569)) - ContainerBalancer is trying to move container #88 with size 3221225472B from source datanode ceaff2d0-c79d-454d-8283-6dfd85dba881 to target datanode 996b189b-1245-496f-a307-e80ed629d038
2023-09-13 18:18:04,180 [main] DEBUG balancer.ContainerBalancerTask (ContainerBalancerTask.java:lambda$moveContainer$3(837)) - Container move completed for container #88 from source ceaff2d0-c79d-454d-8283-6dfd85dba881 to target 996b189b-1245-496f-a307-e80ed629d038
2023-09-13 18:18:04,183 [main] DEBUG balancer.ContainerBalancerTask (ContainerBalancerTask.java:matchSourceWithTarget(708)) - ContainerBalancer is finding suitable target for source datanode bff92650-3121-472c-8e65-1cfd3839c110
2023-09-13 18:18:04,183 [main] INFO  balancer.ContainerBalancerTask (ContainerBalancerTask.java:matchSourceWithTarget(722)) - ContainerBalancer matched source datanode bff92650-3121-472c-8e65-1cfd3839c110 with target datanode 996b189b-1245-496f-a307-e80ed629d038 for container move.
2023-09-13 18:18:04,183 [main] INFO  balancer.ContainerBalancerTask (ContainerBalancerTask.java:processMoveSelection(569)) - ContainerBalancer is trying to move container #52 with size 4294967296B from source datanode bff92650-3121-472c-8e65-1cfd3839c110 to target datanode 996b189b-1245-496f-a307-e80ed629d038
2023-09-13 18:18:04,183 [main] DEBUG balancer.ContainerBalancerTask (ContainerBalancerTask.java:lambda$moveContainer$3(837)) - Container move completed for container #52 from source bff92650-3121-472c-8e65-1cfd3839c110 to target 996b189b-1245-496f-a307-e80ed629d038
2023-09-13 18:18:04,186 [main] DEBUG balancer.ContainerBalancerTask (ContainerBalancerTask.java:matchSourceWithTarget(708)) - ContainerBalancer is finding suitable target for source datanode ceaff2d0-c79d-454d-8283-6dfd85dba881
2023-09-13 18:18:04,186 [main] INFO  balancer.ContainerBalancerTask (ContainerBalancerTask.java:matchSourceWithTarget(722)) - ContainerBalancer matched source datanode ceaff2d0-c79d-454d-8283-6dfd85dba881 with target datanode 996b189b-1245-496f-a307-e80ed629d038 for container move.
2023-09-13 18:18:04,186 [main] INFO  balancer.ContainerBalancerTask (ContainerBalancerTask.java:processMoveSelection(569)) - ContainerBalancer is trying to move container #18 with size 3221225472B from source datanode ceaff2d0-c79d-454d-8283-6dfd85dba881 to target datanode 996b189b-1245-496f-a307-e80ed629d038
2023-09-13 18:18:04,187 [main] DEBUG balancer.ContainerBalancerTask (ContainerBalancerTask.java:lambda$moveContainer$3(837)) - Container move completed for container #18 from source ceaff2d0-c79d-454d-8283-6dfd85dba881 to target 996b189b-1245-496f-a307-e80ed629d038
2023-09-13 18:18:04,190 [main] DEBUG balancer.ContainerBalancerTask (ContainerBalancerTask.java:matchSourceWithTarget(708)) - ContainerBalancer is finding suitable target for source datanode bff92650-3121-472c-8e65-1cfd3839c110
2023-09-13 18:18:04,190 [main] INFO  balancer.FindTargetGreedyByUsageInfo (AbstractFindTargetGreedy.java:findTargetForContainerMove(133)) - Container Balancer could not find a target for source datanode bff92650-3121-472c-8e65-1cfd3839c110
2023-09-13 18:18:04,190 [main] DEBUG balancer.ContainerBalancerTask (ContainerBalancerTask.java:matchSourceWithTarget(717)) - ContainerBalancer could not find a suitable target for source node bff92650-3121-472c-8e65-1cfd3839c110.
2023-09-13 18:18:04,193 [main] DEBUG balancer.ContainerBalancerTask (ContainerBalancerTask.java:matchSourceWithTarget(708)) - ContainerBalancer is finding suitable target for source datanode f8fa349a-5c7b-45d7-884f-aad9ff8b8946
2023-09-13 18:18:04,193 [main] INFO  balancer.FindTargetGreedyByUsageInfo (AbstractFindTargetGreedy.java:findTargetForContainerMove(133)) - Container Balancer could not find a target for source datanode f8fa349a-5c7b-45d7-884f-aad9ff8b8946
2023-09-13 18:18:04,193 [main] DEBUG balancer.ContainerBalancerTask (ContainerBalancerTask.java:matchSourceWithTarget(717)) - ContainerBalancer could not find a suitable target for source node f8fa349a-5c7b-45d7-884f-aad9ff8b8946.
2023-09-13 18:18:04,196 [main] DEBUG balancer.ContainerBalancerTask (ContainerBalancerTask.java:matchSourceWithTarget(708)) - ContainerBalancer is finding suitable target for source datanode ceaff2d0-c79d-454d-8283-6dfd85dba881
2023-09-13 18:18:04,196 [main] INFO  balancer.FindTargetGreedyByUsageInfo (AbstractFindTargetGreedy.java:findTargetForContainerMove(133)) - Container Balancer could not find a target for source datanode ceaff2d0-c79d-454d-8283-6dfd85dba881
2023-09-13 18:18:04,196 [main] DEBUG balancer.ContainerBalancerTask (ContainerBalancerTask.java:matchSourceWithTarget(717)) - ContainerBalancer could not find a suitable target for source node ceaff2d0-c79d-454d-8283-6dfd85dba881.
2023-09-13 18:18:04,198 [main] DEBUG balancer.ContainerBalancerTask (ContainerBalancerTask.java:matchSourceWithTarget(708)) - ContainerBalancer is finding suitable target for source datanode c6142e02-919d-4ddc-8461-a88a935b9fe8
2023-09-13 18:18:04,199 [main] INFO  balancer.FindTargetGreedyByUsageInfo (AbstractFindTargetGreedy.java:findTargetForContainerMove(133)) - Container Balancer could not find a target for source datanode c6142e02-919d-4ddc-8461-a88a935b9fe8
2023-09-13 18:18:04,199 [main] DEBUG balancer.ContainerBalancerTask (ContainerBalancerTask.java:matchSourceWithTarget(717)) - ContainerBalancer could not find a suitable target for source node c6142e02-919d-4ddc-8461-a88a935b9fe8.
2023-09-13 18:18:04,199 [main] INFO  balancer.FindSourceGreedy (FindSourceGreedy.java:getNextCandidateSourceDataNode(126)) - no more candidate source data node
2023-09-13 18:18:04,199 [main] INFO  balancer.ContainerBalancerTask (ContainerBalancerTask.java:checkIterationMoveResults(642)) - Iteration Summary. Number of Datanodes involved: 6. Size moved: 30 GB (32212254720 Bytes). Number of Container moves completed: 10.
2023-09-13 18:18:04,199 [main] INFO  balancer.ContainerBalancerTask (ContainerBalancerTask.java:balance(259)) - Result of this iteration of Container Balancer: ITERATION_COMPLETED
2023-09-13 18:18:04,199 [main] INFO  balancer.ContainerBalancerTask (ContainerBalancerTask.java:tryStopWithSaveConfiguration(308)) - Save Configuration for stopping. Reason: Completed all iterations.
]]></system-out>
  </testcase>
  <testcase name="testMetrics" classname="org.apache.hadoop.hdds.scm.container.balancer.TestContainerBalancerTask" time="0.044">
    <system-out><![CDATA[2023-09-13 18:18:04,223 [main] INFO  net.NodeSchemaLoader (NodeSchemaLoader.java:loadSchemaFromFile(129)) - Loading schema from [file:/home/runner/work/ozone/ozone/hadoop-hdds/common/target/classes/network-topology-default.xml]
2023-09-13 18:18:04,224 [main] INFO  net.NodeSchemaLoader (NodeSchemaLoader.java:loadSchema(176)) - Loading network topology layer schema file
2023-09-13 18:18:04,225 [main] INFO  net.NetworkTopologyImpl (NetworkTopologyImpl.java:add(112)) - Added a new node: /default-rack/f127d5fb-9c64-4a00-a174-1e9e2b96bf85
2023-09-13 18:18:04,225 [main] INFO  net.NetworkTopologyImpl (NetworkTopologyImpl.java:add(112)) - Added a new node: /default-rack/02e012cf-d583-4c84-9157-25f28338ad17
2023-09-13 18:18:04,225 [main] INFO  net.NetworkTopologyImpl (NetworkTopologyImpl.java:add(112)) - Added a new node: /default-rack/0c2e8d4e-a95e-4829-99af-b720dbf8efd3
2023-09-13 18:18:04,225 [main] INFO  net.NetworkTopologyImpl (NetworkTopologyImpl.java:add(112)) - Added a new node: /default-rack/3bc511b5-5e33-47f0-9a4b-c83078e1b6cd
2023-09-13 18:18:04,226 [main] INFO  net.NetworkTopologyImpl (NetworkTopologyImpl.java:add(112)) - Added a new node: /default-rack/12cc2ab1-9f7a-4a50-95b3-69799e904739
2023-09-13 18:18:04,226 [main] INFO  net.NetworkTopologyImpl (NetworkTopologyImpl.java:add(112)) - Added a new node: /default-rack/e8c4e2bd-bf60-4ed3-91bc-ea7c18bfb372
2023-09-13 18:18:04,226 [main] INFO  net.NetworkTopologyImpl (NetworkTopologyImpl.java:add(112)) - Added a new node: /default-rack/1d610967-bdfb-41da-ba5d-8d47f9fd5a9a
2023-09-13 18:18:04,226 [main] INFO  net.NetworkTopologyImpl (NetworkTopologyImpl.java:add(112)) - Added a new node: /default-rack/7f19f00d-180a-4e85-bf43-3f69d865213f
2023-09-13 18:18:04,226 [main] INFO  net.NetworkTopologyImpl (NetworkTopologyImpl.java:add(112)) - Added a new node: /default-rack/10aab3bf-446d-4fe2-9563-4ea6cf60e882
2023-09-13 18:18:04,226 [main] INFO  net.NetworkTopologyImpl (NetworkTopologyImpl.java:add(112)) - Added a new node: /default-rack/e4d72f4c-6430-4426-8631-dc4b56a8a112
2023-09-13 18:18:04,226 [main] INFO  algorithms.ContainerPlacementPolicyFactory (ContainerPlacementPolicyFactory.java:getPolicyInternal(86)) - Create container placement policy of type org.apache.hadoop.hdds.scm.container.placement.algorithms.SCMContainerPlacementRackAware
2023-09-13 18:18:04,226 [main] INFO  algorithms.ContainerPlacementPolicyFactory (ContainerPlacementPolicyFactory.java:getPolicyInternal(86)) - Create container placement policy of type org.apache.hadoop.hdds.scm.container.placement.algorithms.SCMContainerPlacementRackScatter
2023-09-13 18:18:04,230 [main] DEBUG balancer.ContainerBalancerTask (ContainerBalancerTask.java:initializeIteration(374)) - Average utilization of the cluster is 0.33510986442293866
2023-09-13 18:18:04,231 [main] DEBUG balancer.ContainerBalancerTask (ContainerBalancerTask.java:initializeIteration(386)) - Lower limit for utilization is 0.23510986442293866 and Upper limit for utilization is 0.43510986442293864
2023-09-13 18:18:04,231 [main] DEBUG balancer.ContainerBalancerTask (ContainerBalancerTask.java:initializeIteration(398)) - Utilization for node e8c4e2bd-bf60-4ed3-91bc-ea7c18bfb372 with capacity 57266230613B, used 51539607552B, and remaining 5726623061B is 0.9000000000052387
2023-09-13 18:18:04,231 [main] DEBUG balancer.ContainerBalancerTask (ContainerBalancerTask.java:initializeIteration(398)) - Utilization for node 02e012cf-d583-4c84-9157-25f28338ad17 with capacity 79188459520B, used 63350767616B, and remaining 15837691904B is 0.8
2023-09-13 18:18:04,231 [main] DEBUG balancer.ContainerBalancerTask (ContainerBalancerTask.java:initializeIteration(398)) - Utilization for node 12cc2ab1-9f7a-4a50-95b3-69799e904739 with capacity 61356675657B, used 42949672960B, and remaining 18407002697B is 0.7000000000016298
2023-09-13 18:18:04,231 [main] DEBUG balancer.ContainerBalancerTask (ContainerBalancerTask.java:initializeIteration(398)) - Utilization for node 0c2e8d4e-a95e-4829-99af-b720dbf8efd3 with capacity 69793218560B, used 41875931136B, and remaining 27917287424B is 0.6
2023-09-13 18:18:04,231 [main] DEBUG balancer.ContainerBalancerTask (ContainerBalancerTask.java:initializeIteration(398)) - Utilization for node e4d72f4c-6430-4426-8631-dc4b56a8a112 with capacity 120259084288B, used 60129542144B, and remaining 60129542144B is 0.5
2023-09-13 18:18:04,231 [main] DEBUG balancer.ContainerBalancerTask (ContainerBalancerTask.java:initializeIteration(398)) - Utilization for node f127d5fb-9c64-4a00-a174-1e9e2b96bf85 with capacity 102005473280B, used 40802189312B, and remaining 61203283968B is 0.4
2023-09-13 18:18:04,231 [main] DEBUG balancer.ContainerBalancerTask (ContainerBalancerTask.java:initializeIteration(398)) - Utilization for node 1d610967-bdfb-41da-ba5d-8d47f9fd5a9a with capacity 136007297706B, used 40802189312B, and remaining 95205108394B is 0.30000000000147053
2023-09-13 18:18:04,231 [main] DEBUG balancer.ContainerBalancerTask (ContainerBalancerTask.java:initializeIteration(398)) - Utilization for node 10aab3bf-446d-4fe2-9563-4ea6cf60e882 with capacity 150323855360B, used 30064771072B, and remaining 120259084288B is 0.2
2023-09-13 18:18:04,231 [main] DEBUG balancer.ContainerBalancerTask (ContainerBalancerTask.java:initializeIteration(398)) - Utilization for node 3bc511b5-5e33-47f0-9a4b-c83078e1b6cd with capacity 408021893120B, used 40802189312B, and remaining 367219703808B is 0.1
2023-09-13 18:18:04,231 [main] DEBUG balancer.ContainerBalancerTask (ContainerBalancerTask.java:initializeIteration(398)) - Utilization for node 7f19f00d-180a-4e85-bf43-3f69d865213f with capacity 46170898432B, used 0B, and remaining 46170898432B is 0.0
2023-09-13 18:18:04,231 [main] INFO  balancer.ContainerBalancerTask (ContainerBalancerTask.java:initializeIteration(447)) - Container Balancer has identified 5 Over-Utilized and 3 Under-Utilized Datanodes that need to be balanced.
2023-09-13 18:18:04,232 [main] DEBUG balancer.ContainerBalancerTask (ContainerBalancerTask.java:lambda$initializeIteration$1(453)) - Datanode localhost-233.30.176.159 e8c4e2bd-bf60-4ed3-91bc-ea7c18bfb372 is Over-Utilized.
2023-09-13 18:18:04,232 [main] DEBUG balancer.ContainerBalancerTask (ContainerBalancerTask.java:lambda$initializeIteration$1(453)) - Datanode localhost-238.5.227.76 02e012cf-d583-4c84-9157-25f28338ad17 is Over-Utilized.
2023-09-13 18:18:04,232 [main] DEBUG balancer.ContainerBalancerTask (ContainerBalancerTask.java:lambda$initializeIteration$1(453)) - Datanode localhost-74.136.92.204 12cc2ab1-9f7a-4a50-95b3-69799e904739 is Over-Utilized.
2023-09-13 18:18:04,232 [main] DEBUG balancer.ContainerBalancerTask (ContainerBalancerTask.java:lambda$initializeIteration$1(453)) - Datanode localhost-105.46.245.84 0c2e8d4e-a95e-4829-99af-b720dbf8efd3 is Over-Utilized.
2023-09-13 18:18:04,232 [main] DEBUG balancer.ContainerBalancerTask (ContainerBalancerTask.java:lambda$initializeIteration$1(453)) - Datanode localhost-129.190.190.155 e4d72f4c-6430-4426-8631-dc4b56a8a112 is Over-Utilized.
2023-09-13 18:18:04,232 [main] DEBUG balancer.ContainerBalancerTask (ContainerBalancerTask.java:lambda$initializeIteration$2(459)) - Datanode localhost-172.7.255.249 7f19f00d-180a-4e85-bf43-3f69d865213f is Under-Utilized.
2023-09-13 18:18:04,232 [main] DEBUG balancer.ContainerBalancerTask (ContainerBalancerTask.java:lambda$initializeIteration$2(459)) - Datanode localhost-190.215.164.231 3bc511b5-5e33-47f0-9a4b-c83078e1b6cd is Under-Utilized.
2023-09-13 18:18:04,232 [main] DEBUG balancer.ContainerBalancerTask (ContainerBalancerTask.java:lambda$initializeIteration$2(459)) - Datanode localhost-67.242.222.149 10aab3bf-446d-4fe2-9563-4ea6cf60e882 is Under-Utilized.
2023-09-13 18:18:04,235 [main] DEBUG balancer.ContainerBalancerTask (ContainerBalancerTask.java:matchSourceWithTarget(708)) - ContainerBalancer is finding suitable target for source datanode e8c4e2bd-bf60-4ed3-91bc-ea7c18bfb372
2023-09-13 18:18:04,235 [main] INFO  balancer.ContainerBalancerTask (ContainerBalancerTask.java:matchSourceWithTarget(722)) - ContainerBalancer matched source datanode e8c4e2bd-bf60-4ed3-91bc-ea7c18bfb372 with target datanode 7f19f00d-180a-4e85-bf43-3f69d865213f for container move.
2023-09-13 18:18:04,235 [main] INFO  balancer.ContainerBalancerTask (ContainerBalancerTask.java:processMoveSelection(569)) - ContainerBalancer is trying to move container #85 with size 5368709120B from source datanode e8c4e2bd-bf60-4ed3-91bc-ea7c18bfb372 to target datanode 7f19f00d-180a-4e85-bf43-3f69d865213f
2023-09-13 18:18:04,235 [main] WARN  balancer.ContainerBalancerTask (ContainerBalancerTask.java:lambda$moveContainer$3(842)) - Container move for container #85 from source e8c4e2bd-bf60-4ed3-91bc-ea7c18bfb372 to target 7f19f00d-180a-4e85-bf43-3f69d865213f failed: REPLICATION_FAIL_NODE_UNHEALTHY
2023-09-13 18:18:04,239 [main] DEBUG balancer.ContainerBalancerTask (ContainerBalancerTask.java:matchSourceWithTarget(708)) - ContainerBalancer is finding suitable target for source datanode 02e012cf-d583-4c84-9157-25f28338ad17
2023-09-13 18:18:04,239 [main] INFO  balancer.ContainerBalancerTask (ContainerBalancerTask.java:matchSourceWithTarget(722)) - ContainerBalancer matched source datanode 02e012cf-d583-4c84-9157-25f28338ad17 with target datanode 7f19f00d-180a-4e85-bf43-3f69d865213f for container move.
2023-09-13 18:18:04,239 [main] INFO  balancer.ContainerBalancerTask (ContainerBalancerTask.java:processMoveSelection(569)) - ContainerBalancer is trying to move container #85 with size 5368709120B from source datanode 02e012cf-d583-4c84-9157-25f28338ad17 to target datanode 7f19f00d-180a-4e85-bf43-3f69d865213f
2023-09-13 18:18:04,240 [main] DEBUG balancer.ContainerBalancerTask (ContainerBalancerTask.java:lambda$moveContainer$3(837)) - Container move completed for container #85 from source 02e012cf-d583-4c84-9157-25f28338ad17 to target 7f19f00d-180a-4e85-bf43-3f69d865213f
2023-09-13 18:18:04,243 [main] DEBUG balancer.ContainerBalancerTask (ContainerBalancerTask.java:matchSourceWithTarget(708)) - ContainerBalancer is finding suitable target for source datanode 02e012cf-d583-4c84-9157-25f28338ad17
2023-09-13 18:18:04,243 [main] INFO  balancer.ContainerBalancerTask (ContainerBalancerTask.java:matchSourceWithTarget(722)) - ContainerBalancer matched source datanode 02e012cf-d583-4c84-9157-25f28338ad17 with target datanode 3bc511b5-5e33-47f0-9a4b-c83078e1b6cd for container move.
2023-09-13 18:18:04,243 [main] INFO  balancer.ContainerBalancerTask (ContainerBalancerTask.java:processMoveSelection(569)) - ContainerBalancer is trying to move container #64 with size 1073741824B from source datanode 02e012cf-d583-4c84-9157-25f28338ad17 to target datanode 3bc511b5-5e33-47f0-9a4b-c83078e1b6cd
2023-09-13 18:18:04,244 [main] DEBUG balancer.ContainerBalancerTask (ContainerBalancerTask.java:lambda$moveContainer$3(837)) - Container move completed for container #64 from source 02e012cf-d583-4c84-9157-25f28338ad17 to target 3bc511b5-5e33-47f0-9a4b-c83078e1b6cd
2023-09-13 18:18:04,244 [main] WARN  balancer.ContainerBalancerTask (ContainerBalancerTask.java:reachedMaxSizeToMovePerIteration(733)) - Reached max size to move limit. 6442450944 bytes have already been scheduled for balancing and the limit is 6442450944 bytes.
2023-09-13 18:18:04,244 [main] INFO  balancer.ContainerBalancerTask (ContainerBalancerTask.java:checkIterationMoveResults(642)) - Iteration Summary. Number of Datanodes involved: 3. Size moved: 6 GB (6442450944 Bytes). Number of Container moves completed: 2.
2023-09-13 18:18:04,244 [main] INFO  balancer.ContainerBalancerTask (ContainerBalancerTask.java:balance(259)) - Result of this iteration of Container Balancer: ITERATION_COMPLETED
2023-09-13 18:18:04,244 [main] INFO  balancer.ContainerBalancerTask (ContainerBalancerTask.java:tryStopWithSaveConfiguration(308)) - Save Configuration for stopping. Reason: Completed all iterations.
]]></system-out>
  </testcase>
  <testcase name="balancerShouldNotSelectConfiguredExcludeContainers" classname="org.apache.hadoop.hdds.scm.container.balancer.TestContainerBalancerTask" time="0.082">
    <system-out><![CDATA[2023-09-13 18:18:04,277 [main] INFO  net.NodeSchemaLoader (NodeSchemaLoader.java:loadSchemaFromFile(129)) - Loading schema from [file:/home/runner/work/ozone/ozone/hadoop-hdds/common/target/classes/network-topology-default.xml]
2023-09-13 18:18:04,277 [main] INFO  net.NodeSchemaLoader (NodeSchemaLoader.java:loadSchema(176)) - Loading network topology layer schema file
2023-09-13 18:18:04,278 [main] INFO  net.NetworkTopologyImpl (NetworkTopologyImpl.java:add(112)) - Added a new node: /default-rack/8084b1b3-b704-472d-ad1f-360fcba48f4e
2023-09-13 18:18:04,278 [main] INFO  net.NetworkTopologyImpl (NetworkTopologyImpl.java:add(112)) - Added a new node: /default-rack/9265ca99-ca44-4cd5-9037-9cd0ba8d35c0
2023-09-13 18:18:04,279 [main] INFO  net.NetworkTopologyImpl (NetworkTopologyImpl.java:add(112)) - Added a new node: /default-rack/47e37369-b2b9-4b9c-95d6-5114408f768b
2023-09-13 18:18:04,279 [main] INFO  net.NetworkTopologyImpl (NetworkTopologyImpl.java:add(112)) - Added a new node: /default-rack/4deeed12-4f4f-478b-b46a-2cd4ca44c939
2023-09-13 18:18:04,279 [main] INFO  net.NetworkTopologyImpl (NetworkTopologyImpl.java:add(112)) - Added a new node: /default-rack/43d719e8-04b8-4c4f-b88c-40718eff6d76
2023-09-13 18:18:04,279 [main] INFO  net.NetworkTopologyImpl (NetworkTopologyImpl.java:add(112)) - Added a new node: /default-rack/6853baaf-fa44-4273-9c48-5c56aec5695d
2023-09-13 18:18:04,279 [main] INFO  net.NetworkTopologyImpl (NetworkTopologyImpl.java:add(112)) - Added a new node: /default-rack/3697bf5b-632b-475e-99c1-cbb36d336145
2023-09-13 18:18:04,279 [main] INFO  net.NetworkTopologyImpl (NetworkTopologyImpl.java:add(112)) - Added a new node: /default-rack/60c70d43-5272-427b-be91-470cd50f3aa2
2023-09-13 18:18:04,279 [main] INFO  net.NetworkTopologyImpl (NetworkTopologyImpl.java:add(112)) - Added a new node: /default-rack/776bedf3-ef49-4c0d-8d41-91840ed908de
2023-09-13 18:18:04,279 [main] INFO  net.NetworkTopologyImpl (NetworkTopologyImpl.java:add(112)) - Added a new node: /default-rack/1f71b720-4b53-4836-b654-a167ada2fd4a
2023-09-13 18:18:04,279 [main] INFO  algorithms.ContainerPlacementPolicyFactory (ContainerPlacementPolicyFactory.java:getPolicyInternal(86)) - Create container placement policy of type org.apache.hadoop.hdds.scm.container.placement.algorithms.SCMContainerPlacementRackAware
2023-09-13 18:18:04,280 [main] INFO  algorithms.ContainerPlacementPolicyFactory (ContainerPlacementPolicyFactory.java:getPolicyInternal(86)) - Create container placement policy of type org.apache.hadoop.hdds.scm.container.placement.algorithms.SCMContainerPlacementRackScatter
2023-09-13 18:18:04,282 [main] DEBUG balancer.ContainerBalancerTask (ContainerBalancerTask.java:initializeIteration(374)) - Average utilization of the cluster is 0.381308704639796
2023-09-13 18:18:04,282 [main] DEBUG balancer.ContainerBalancerTask (ContainerBalancerTask.java:initializeIteration(386)) - Lower limit for utilization is 0.28130870463979596 and Upper limit for utilization is 0.481308704639796
2023-09-13 18:18:04,282 [main] DEBUG balancer.ContainerBalancerTask (ContainerBalancerTask.java:initializeIteration(398)) - Utilization for node 1f71b720-4b53-4836-b654-a167ada2fd4a with capacity 60845370026B, used 54760833024B, and remaining 6084537002B is 0.900000000009861
2023-09-13 18:18:04,283 [main] DEBUG balancer.ContainerBalancerTask (ContainerBalancerTask.java:initializeIteration(398)) - Utilization for node 60c70d43-5272-427b-be91-470cd50f3aa2 with capacity 61740154880B, used 49392123904B, and remaining 12348030976B is 0.8
2023-09-13 18:18:04,283 [main] DEBUG balancer.ContainerBalancerTask (ContainerBalancerTask.java:initializeIteration(398)) - Utilization for node 3697bf5b-632b-475e-99c1-cbb36d336145 with capacity 78229761462B, used 54760833024B, and remaining 23468928438B is 0.7000000000076697
2023-09-13 18:18:04,283 [main] DEBUG balancer.ContainerBalancerTask (ContainerBalancerTask.java:initializeIteration(398)) - Utilization for node 8084b1b3-b704-472d-ad1f-360fcba48f4e with capacity 66214079146B, used 39728447488B, and remaining 26485631658B is 0.600000000006041
2023-09-13 18:18:04,283 [main] DEBUG balancer.ContainerBalancerTask (ContainerBalancerTask.java:initializeIteration(398)) - Utilization for node 4deeed12-4f4f-478b-b46a-2cd4ca44c939 with capacity 98784247808B, used 49392123904B, and remaining 49392123904B is 0.5
2023-09-13 18:18:04,283 [main] DEBUG balancer.ContainerBalancerTask (ContainerBalancerTask.java:initializeIteration(398)) - Utilization for node 47e37369-b2b9-4b9c-95d6-5114408f768b with capacity 112742891520B, used 45097156608B, and remaining 67645734912B is 0.4
2023-09-13 18:18:04,283 [main] DEBUG balancer.ContainerBalancerTask (ContainerBalancerTask.java:initializeIteration(398)) - Utilization for node 776bedf3-ef49-4c0d-8d41-91840ed908de with capacity 89478485333B, used 26843545600B, and remaining 62634939733B is 0.3000000000011176
2023-09-13 18:18:04,283 [main] DEBUG balancer.ContainerBalancerTask (ContainerBalancerTask.java:initializeIteration(398)) - Utilization for node 43d719e8-04b8-4c4f-b88c-40718eff6d76 with capacity 144955146240B, used 28991029248B, and remaining 115964116992B is 0.2
2023-09-13 18:18:04,283 [main] DEBUG balancer.ContainerBalancerTask (ContainerBalancerTask.java:initializeIteration(398)) - Utilization for node 9265ca99-ca44-4cd5-9037-9cd0ba8d35c0 with capacity 236223201280B, used 23622320128B, and remaining 212600881152B is 0.1
2023-09-13 18:18:04,283 [main] DEBUG balancer.ContainerBalancerTask (ContainerBalancerTask.java:initializeIteration(398)) - Utilization for node 6853baaf-fa44-4273-9c48-5c56aec5695d with capacity 27917287424B, used 0B, and remaining 27917287424B is 0.0
2023-09-13 18:18:04,283 [main] INFO  balancer.ContainerBalancerTask (ContainerBalancerTask.java:initializeIteration(447)) - Container Balancer has identified 5 Over-Utilized and 3 Under-Utilized Datanodes that need to be balanced.
2023-09-13 18:18:04,283 [main] DEBUG balancer.ContainerBalancerTask (ContainerBalancerTask.java:lambda$initializeIteration$1(453)) - Datanode localhost-23.52.142.129 1f71b720-4b53-4836-b654-a167ada2fd4a is Over-Utilized.
2023-09-13 18:18:04,283 [main] DEBUG balancer.ContainerBalancerTask (ContainerBalancerTask.java:lambda$initializeIteration$1(453)) - Datanode localhost-82.171.144.247 60c70d43-5272-427b-be91-470cd50f3aa2 is Over-Utilized.
2023-09-13 18:18:04,284 [main] DEBUG balancer.ContainerBalancerTask (ContainerBalancerTask.java:lambda$initializeIteration$1(453)) - Datanode localhost-60.152.5.132 3697bf5b-632b-475e-99c1-cbb36d336145 is Over-Utilized.
2023-09-13 18:18:04,284 [main] DEBUG balancer.ContainerBalancerTask (ContainerBalancerTask.java:lambda$initializeIteration$1(453)) - Datanode localhost-134.192.147.181 8084b1b3-b704-472d-ad1f-360fcba48f4e is Over-Utilized.
2023-09-13 18:18:04,284 [main] DEBUG balancer.ContainerBalancerTask (ContainerBalancerTask.java:lambda$initializeIteration$1(453)) - Datanode localhost-136.33.236.38 4deeed12-4f4f-478b-b46a-2cd4ca44c939 is Over-Utilized.
2023-09-13 18:18:04,284 [main] DEBUG balancer.ContainerBalancerTask (ContainerBalancerTask.java:lambda$initializeIteration$2(459)) - Datanode localhost-222.10.238.200 6853baaf-fa44-4273-9c48-5c56aec5695d is Under-Utilized.
2023-09-13 18:18:04,284 [main] DEBUG balancer.ContainerBalancerTask (ContainerBalancerTask.java:lambda$initializeIteration$2(459)) - Datanode localhost-107.109.149.95 9265ca99-ca44-4cd5-9037-9cd0ba8d35c0 is Under-Utilized.
2023-09-13 18:18:04,284 [main] DEBUG balancer.ContainerBalancerTask (ContainerBalancerTask.java:lambda$initializeIteration$2(459)) - Datanode localhost-150.25.29.230 43d719e8-04b8-4c4f-b88c-40718eff6d76 is Under-Utilized.
2023-09-13 18:18:04,288 [main] DEBUG balancer.ContainerBalancerTask (ContainerBalancerTask.java:matchSourceWithTarget(708)) - ContainerBalancer is finding suitable target for source datanode 1f71b720-4b53-4836-b654-a167ada2fd4a
2023-09-13 18:18:04,288 [main] INFO  balancer.ContainerBalancerTask (ContainerBalancerTask.java:matchSourceWithTarget(722)) - ContainerBalancer matched source datanode 1f71b720-4b53-4836-b654-a167ada2fd4a with target datanode 6853baaf-fa44-4273-9c48-5c56aec5695d for container move.
2023-09-13 18:18:04,288 [main] INFO  balancer.ContainerBalancerTask (ContainerBalancerTask.java:processMoveSelection(569)) - ContainerBalancer is trying to move container #85 with size 5368709120B from source datanode 1f71b720-4b53-4836-b654-a167ada2fd4a to target datanode 6853baaf-fa44-4273-9c48-5c56aec5695d
2023-09-13 18:18:04,288 [main] DEBUG balancer.ContainerBalancerTask (ContainerBalancerTask.java:lambda$moveContainer$3(837)) - Container move completed for container #85 from source 1f71b720-4b53-4836-b654-a167ada2fd4a to target 6853baaf-fa44-4273-9c48-5c56aec5695d
2023-09-13 18:18:04,291 [main] DEBUG balancer.ContainerBalancerTask (ContainerBalancerTask.java:matchSourceWithTarget(708)) - ContainerBalancer is finding suitable target for source datanode 1f71b720-4b53-4836-b654-a167ada2fd4a
2023-09-13 18:18:04,291 [main] INFO  balancer.ContainerBalancerTask (ContainerBalancerTask.java:matchSourceWithTarget(722)) - ContainerBalancer matched source datanode 1f71b720-4b53-4836-b654-a167ada2fd4a with target datanode 9265ca99-ca44-4cd5-9037-9cd0ba8d35c0 for container move.
2023-09-13 18:18:04,291 [main] INFO  balancer.ContainerBalancerTask (ContainerBalancerTask.java:processMoveSelection(569)) - ContainerBalancer is trying to move container #53 with size 5368709120B from source datanode 1f71b720-4b53-4836-b654-a167ada2fd4a to target datanode 9265ca99-ca44-4cd5-9037-9cd0ba8d35c0
2023-09-13 18:18:04,292 [main] DEBUG balancer.ContainerBalancerTask (ContainerBalancerTask.java:lambda$moveContainer$3(837)) - Container move completed for container #53 from source 1f71b720-4b53-4836-b654-a167ada2fd4a to target 9265ca99-ca44-4cd5-9037-9cd0ba8d35c0
2023-09-13 18:18:04,295 [main] DEBUG balancer.ContainerBalancerTask (ContainerBalancerTask.java:matchSourceWithTarget(708)) - ContainerBalancer is finding suitable target for source datanode 60c70d43-5272-427b-be91-470cd50f3aa2
2023-09-13 18:18:04,295 [main] INFO  balancer.ContainerBalancerTask (ContainerBalancerTask.java:matchSourceWithTarget(722)) - ContainerBalancer matched source datanode 60c70d43-5272-427b-be91-470cd50f3aa2 with target datanode 9265ca99-ca44-4cd5-9037-9cd0ba8d35c0 for container move.
2023-09-13 18:18:04,295 [main] INFO  balancer.ContainerBalancerTask (ContainerBalancerTask.java:processMoveSelection(569)) - ContainerBalancer is trying to move container #68 with size 5368709120B from source datanode 60c70d43-5272-427b-be91-470cd50f3aa2 to target datanode 9265ca99-ca44-4cd5-9037-9cd0ba8d35c0
2023-09-13 18:18:04,296 [main] DEBUG balancer.ContainerBalancerTask (ContainerBalancerTask.java:lambda$moveContainer$3(837)) - Container move completed for container #68 from source 60c70d43-5272-427b-be91-470cd50f3aa2 to target 9265ca99-ca44-4cd5-9037-9cd0ba8d35c0
2023-09-13 18:18:04,299 [main] DEBUG balancer.ContainerBalancerTask (ContainerBalancerTask.java:matchSourceWithTarget(708)) - ContainerBalancer is finding suitable target for source datanode 1f71b720-4b53-4836-b654-a167ada2fd4a
2023-09-13 18:18:04,299 [main] INFO  balancer.ContainerBalancerTask (ContainerBalancerTask.java:matchSourceWithTarget(722)) - ContainerBalancer matched source datanode 1f71b720-4b53-4836-b654-a167ada2fd4a with target datanode 9265ca99-ca44-4cd5-9037-9cd0ba8d35c0 for container move.
2023-09-13 18:18:04,299 [main] INFO  balancer.ContainerBalancerTask (ContainerBalancerTask.java:processMoveSelection(569)) - ContainerBalancer is trying to move container #29 with size 5368709120B from source datanode 1f71b720-4b53-4836-b654-a167ada2fd4a to target datanode 9265ca99-ca44-4cd5-9037-9cd0ba8d35c0
2023-09-13 18:18:04,299 [main] DEBUG balancer.ContainerBalancerTask (ContainerBalancerTask.java:lambda$moveContainer$3(837)) - Container move completed for container #29 from source 1f71b720-4b53-4836-b654-a167ada2fd4a to target 9265ca99-ca44-4cd5-9037-9cd0ba8d35c0
2023-09-13 18:18:04,302 [main] DEBUG balancer.ContainerBalancerTask (ContainerBalancerTask.java:matchSourceWithTarget(708)) - ContainerBalancer is finding suitable target for source datanode 60c70d43-5272-427b-be91-470cd50f3aa2
2023-09-13 18:18:04,302 [main] INFO  balancer.ContainerBalancerTask (ContainerBalancerTask.java:matchSourceWithTarget(722)) - ContainerBalancer matched source datanode 60c70d43-5272-427b-be91-470cd50f3aa2 with target datanode 9265ca99-ca44-4cd5-9037-9cd0ba8d35c0 for container move.
2023-09-13 18:18:04,302 [main] INFO  balancer.ContainerBalancerTask (ContainerBalancerTask.java:processMoveSelection(569)) - ContainerBalancer is trying to move container #84 with size 4294967296B from source datanode 60c70d43-5272-427b-be91-470cd50f3aa2 to target datanode 9265ca99-ca44-4cd5-9037-9cd0ba8d35c0
2023-09-13 18:18:04,302 [main] DEBUG balancer.ContainerBalancerTask (ContainerBalancerTask.java:lambda$moveContainer$3(837)) - Container move completed for container #84 from source 60c70d43-5272-427b-be91-470cd50f3aa2 to target 9265ca99-ca44-4cd5-9037-9cd0ba8d35c0
2023-09-13 18:18:04,305 [main] DEBUG balancer.ContainerBalancerTask (ContainerBalancerTask.java:matchSourceWithTarget(708)) - ContainerBalancer is finding suitable target for source datanode 3697bf5b-632b-475e-99c1-cbb36d336145
2023-09-13 18:18:04,306 [main] INFO  balancer.ContainerBalancerTask (ContainerBalancerTask.java:matchSourceWithTarget(722)) - ContainerBalancer matched source datanode 3697bf5b-632b-475e-99c1-cbb36d336145 with target datanode 9265ca99-ca44-4cd5-9037-9cd0ba8d35c0 for container move.
2023-09-13 18:18:04,306 [main] INFO  balancer.ContainerBalancerTask (ContainerBalancerTask.java:processMoveSelection(569)) - ContainerBalancer is trying to move container #52 with size 4294967296B from source datanode 3697bf5b-632b-475e-99c1-cbb36d336145 to target datanode 9265ca99-ca44-4cd5-9037-9cd0ba8d35c0
2023-09-13 18:18:04,306 [main] DEBUG balancer.ContainerBalancerTask (ContainerBalancerTask.java:lambda$moveContainer$3(837)) - Container move completed for container #52 from source 3697bf5b-632b-475e-99c1-cbb36d336145 to target 9265ca99-ca44-4cd5-9037-9cd0ba8d35c0
2023-09-13 18:18:04,309 [main] DEBUG balancer.ContainerBalancerTask (ContainerBalancerTask.java:matchSourceWithTarget(708)) - ContainerBalancer is finding suitable target for source datanode 3697bf5b-632b-475e-99c1-cbb36d336145
2023-09-13 18:18:04,310 [main] INFO  balancer.ContainerBalancerTask (ContainerBalancerTask.java:matchSourceWithTarget(722)) - ContainerBalancer matched source datanode 3697bf5b-632b-475e-99c1-cbb36d336145 with target datanode 6853baaf-fa44-4273-9c48-5c56aec5695d for container move.
2023-09-13 18:18:04,310 [main] INFO  balancer.ContainerBalancerTask (ContainerBalancerTask.java:processMoveSelection(569)) - ContainerBalancer is trying to move container #89 with size 4294967296B from source datanode 3697bf5b-632b-475e-99c1-cbb36d336145 to target datanode 6853baaf-fa44-4273-9c48-5c56aec5695d
2023-09-13 18:18:04,310 [main] DEBUG balancer.ContainerBalancerTask (ContainerBalancerTask.java:lambda$moveContainer$3(837)) - Container move completed for container #89 from source 3697bf5b-632b-475e-99c1-cbb36d336145 to target 6853baaf-fa44-4273-9c48-5c56aec5695d
2023-09-13 18:18:04,313 [main] DEBUG balancer.ContainerBalancerTask (ContainerBalancerTask.java:matchSourceWithTarget(708)) - ContainerBalancer is finding suitable target for source datanode 60c70d43-5272-427b-be91-470cd50f3aa2
2023-09-13 18:18:04,313 [main] INFO  balancer.ContainerBalancerTask (ContainerBalancerTask.java:matchSourceWithTarget(722)) - ContainerBalancer matched source datanode 60c70d43-5272-427b-be91-470cd50f3aa2 with target datanode 43d719e8-04b8-4c4f-b88c-40718eff6d76 for container move.
2023-09-13 18:18:04,313 [main] INFO  balancer.ContainerBalancerTask (ContainerBalancerTask.java:processMoveSelection(569)) - ContainerBalancer is trying to move container #67 with size 4294967296B from source datanode 60c70d43-5272-427b-be91-470cd50f3aa2 to target datanode 43d719e8-04b8-4c4f-b88c-40718eff6d76
2023-09-13 18:18:04,313 [main] DEBUG balancer.ContainerBalancerTask (ContainerBalancerTask.java:lambda$moveContainer$3(837)) - Container move completed for container #67 from source 60c70d43-5272-427b-be91-470cd50f3aa2 to target 43d719e8-04b8-4c4f-b88c-40718eff6d76
2023-09-13 18:18:04,316 [main] DEBUG balancer.ContainerBalancerTask (ContainerBalancerTask.java:matchSourceWithTarget(708)) - ContainerBalancer is finding suitable target for source datanode 1f71b720-4b53-4836-b654-a167ada2fd4a
2023-09-13 18:18:04,316 [main] INFO  balancer.ContainerBalancerTask (ContainerBalancerTask.java:matchSourceWithTarget(722)) - ContainerBalancer matched source datanode 1f71b720-4b53-4836-b654-a167ada2fd4a with target datanode 9265ca99-ca44-4cd5-9037-9cd0ba8d35c0 for container move.
2023-09-13 18:18:04,317 [main] INFO  balancer.ContainerBalancerTask (ContainerBalancerTask.java:processMoveSelection(569)) - ContainerBalancer is trying to move container #39 with size 4294967296B from source datanode 1f71b720-4b53-4836-b654-a167ada2fd4a to target datanode 9265ca99-ca44-4cd5-9037-9cd0ba8d35c0
2023-09-13 18:18:04,317 [main] DEBUG balancer.ContainerBalancerTask (ContainerBalancerTask.java:lambda$moveContainer$3(837)) - Container move completed for container #39 from source 1f71b720-4b53-4836-b654-a167ada2fd4a to target 9265ca99-ca44-4cd5-9037-9cd0ba8d35c0
2023-09-13 18:18:04,320 [main] DEBUG balancer.ContainerBalancerTask (ContainerBalancerTask.java:matchSourceWithTarget(708)) - ContainerBalancer is finding suitable target for source datanode 8084b1b3-b704-472d-ad1f-360fcba48f4e
2023-09-13 18:18:04,320 [main] INFO  balancer.ContainerBalancerTask (ContainerBalancerTask.java:matchSourceWithTarget(722)) - ContainerBalancer matched source datanode 8084b1b3-b704-472d-ad1f-360fcba48f4e with target datanode 9265ca99-ca44-4cd5-9037-9cd0ba8d35c0 for container move.
2023-09-13 18:18:04,320 [main] INFO  balancer.ContainerBalancerTask (ContainerBalancerTask.java:processMoveSelection(569)) - ContainerBalancer is trying to move container #28 with size 4294967296B from source datanode 8084b1b3-b704-472d-ad1f-360fcba48f4e to target datanode 9265ca99-ca44-4cd5-9037-9cd0ba8d35c0
2023-09-13 18:18:04,320 [main] DEBUG balancer.ContainerBalancerTask (ContainerBalancerTask.java:lambda$moveContainer$3(837)) - Container move completed for container #28 from source 8084b1b3-b704-472d-ad1f-360fcba48f4e to target 9265ca99-ca44-4cd5-9037-9cd0ba8d35c0
2023-09-13 18:18:04,323 [main] DEBUG balancer.ContainerBalancerTask (ContainerBalancerTask.java:matchSourceWithTarget(708)) - ContainerBalancer is finding suitable target for source datanode 3697bf5b-632b-475e-99c1-cbb36d336145
2023-09-13 18:18:04,323 [main] INFO  balancer.ContainerBalancerTask (ContainerBalancerTask.java:matchSourceWithTarget(722)) - ContainerBalancer matched source datanode 3697bf5b-632b-475e-99c1-cbb36d336145 with target datanode 43d719e8-04b8-4c4f-b88c-40718eff6d76 for container move.
2023-09-13 18:18:04,323 [main] INFO  balancer.ContainerBalancerTask (ContainerBalancerTask.java:processMoveSelection(569)) - ContainerBalancer is trying to move container #83 with size 3221225472B from source datanode 3697bf5b-632b-475e-99c1-cbb36d336145 to target datanode 43d719e8-04b8-4c4f-b88c-40718eff6d76
2023-09-13 18:18:04,323 [main] DEBUG balancer.ContainerBalancerTask (ContainerBalancerTask.java:lambda$moveContainer$3(837)) - Container move completed for container #83 from source 3697bf5b-632b-475e-99c1-cbb36d336145 to target 43d719e8-04b8-4c4f-b88c-40718eff6d76
2023-09-13 18:18:04,327 [main] DEBUG balancer.ContainerBalancerTask (ContainerBalancerTask.java:matchSourceWithTarget(708)) - ContainerBalancer is finding suitable target for source datanode 60c70d43-5272-427b-be91-470cd50f3aa2
2023-09-13 18:18:04,327 [main] INFO  balancer.ContainerBalancerTask (ContainerBalancerTask.java:matchSourceWithTarget(722)) - ContainerBalancer matched source datanode 60c70d43-5272-427b-be91-470cd50f3aa2 with target datanode 9265ca99-ca44-4cd5-9037-9cd0ba8d35c0 for container move.
2023-09-13 18:18:04,327 [main] INFO  balancer.ContainerBalancerTask (ContainerBalancerTask.java:processMoveSelection(569)) - ContainerBalancer is trying to move container #71 with size 3221225472B from source datanode 60c70d43-5272-427b-be91-470cd50f3aa2 to target datanode 9265ca99-ca44-4cd5-9037-9cd0ba8d35c0
2023-09-13 18:18:04,327 [main] DEBUG balancer.ContainerBalancerTask (ContainerBalancerTask.java:lambda$moveContainer$3(837)) - Container move completed for container #71 from source 60c70d43-5272-427b-be91-470cd50f3aa2 to target 9265ca99-ca44-4cd5-9037-9cd0ba8d35c0
2023-09-13 18:18:04,327 [main] WARN  balancer.ContainerBalancerTask (ContainerBalancerTask.java:reachedMaxSizeToMovePerIteration(733)) - Reached max size to move limit. 53687091200 bytes have already been scheduled for balancing and the limit is 53687091200 bytes.
2023-09-13 18:18:04,328 [main] INFO  balancer.ContainerBalancerTask (ContainerBalancerTask.java:checkIterationMoveResults(642)) - Iteration Summary. Number of Datanodes involved: 7. Size moved: 50 GB (53687091200 Bytes). Number of Container moves completed: 12.
2023-09-13 18:18:04,328 [main] INFO  balancer.ContainerBalancerTask (ContainerBalancerTask.java:balance(259)) - Result of this iteration of Container Balancer: ITERATION_COMPLETED
2023-09-13 18:18:04,328 [main] INFO  balancer.ContainerBalancerTask (ContainerBalancerTask.java:tryStopWithSaveConfiguration(308)) - Save Configuration for stopping. Reason: Completed all iterations.
]]></system-out>
  </testcase>
  <testcase name="testCalculationOfUtilization" classname="org.apache.hadoop.hdds.scm.container.balancer.TestContainerBalancerTask" time="0.028">
    <system-out><![CDATA[2023-09-13 18:18:04,353 [main] INFO  net.NodeSchemaLoader (NodeSchemaLoader.java:loadSchemaFromFile(129)) - Loading schema from [file:/home/runner/work/ozone/ozone/hadoop-hdds/common/target/classes/network-topology-default.xml]
2023-09-13 18:18:04,353 [main] INFO  net.NodeSchemaLoader (NodeSchemaLoader.java:loadSchema(176)) - Loading network topology layer schema file
2023-09-13 18:18:04,354 [main] INFO  net.NetworkTopologyImpl (NetworkTopologyImpl.java:add(112)) - Added a new node: /default-rack/34bee3f1-ee8b-4751-ac77-c2711e217152
2023-09-13 18:18:04,354 [main] INFO  net.NetworkTopologyImpl (NetworkTopologyImpl.java:add(112)) - Added a new node: /default-rack/bd79dbcd-02a5-46fd-a752-7a8318fca334
2023-09-13 18:18:04,355 [main] INFO  net.NetworkTopologyImpl (NetworkTopologyImpl.java:add(112)) - Added a new node: /default-rack/bdf5d912-8216-4f38-98d9-a5ba796276fd
2023-09-13 18:18:04,355 [main] INFO  net.NetworkTopologyImpl (NetworkTopologyImpl.java:add(112)) - Added a new node: /default-rack/956fa503-1246-4c2a-ac50-a1163e94619a
2023-09-13 18:18:04,355 [main] INFO  net.NetworkTopologyImpl (NetworkTopologyImpl.java:add(112)) - Added a new node: /default-rack/f14697f4-f6c7-464b-9877-a776d4aad3ad
2023-09-13 18:18:04,355 [main] INFO  net.NetworkTopologyImpl (NetworkTopologyImpl.java:add(112)) - Added a new node: /default-rack/9b822186-98e1-4e42-9b1c-c48e6ea1087f
2023-09-13 18:18:04,355 [main] INFO  net.NetworkTopologyImpl (NetworkTopologyImpl.java:add(112)) - Added a new node: /default-rack/2675ab3e-c7d9-4247-9b23-20bc3c711370
2023-09-13 18:18:04,355 [main] INFO  net.NetworkTopologyImpl (NetworkTopologyImpl.java:add(112)) - Added a new node: /default-rack/293b2038-fd3d-4d2b-a07f-b2e817a5df9b
2023-09-13 18:18:04,355 [main] INFO  net.NetworkTopologyImpl (NetworkTopologyImpl.java:add(112)) - Added a new node: /default-rack/0f4efefe-0d64-4005-af5f-c751ab1beaf8
2023-09-13 18:18:04,355 [main] INFO  net.NetworkTopologyImpl (NetworkTopologyImpl.java:add(112)) - Added a new node: /default-rack/4dc0412c-1474-4d76-a286-c06b0c4555da
2023-09-13 18:18:04,355 [main] INFO  algorithms.ContainerPlacementPolicyFactory (ContainerPlacementPolicyFactory.java:getPolicyInternal(86)) - Create container placement policy of type org.apache.hadoop.hdds.scm.container.placement.algorithms.SCMContainerPlacementRackAware
2023-09-13 18:18:04,356 [main] INFO  algorithms.ContainerPlacementPolicyFactory (ContainerPlacementPolicyFactory.java:getPolicyInternal(86)) - Create container placement policy of type org.apache.hadoop.hdds.scm.container.placement.algorithms.SCMContainerPlacementRackScatter
]]></system-out>
  </testcase>
  <testcase name="initializeIterationShouldUpdateUnBalancedNodesWhenThresholdChanges" classname="org.apache.hadoop.hdds.scm.container.balancer.TestContainerBalancerTask" time="0.874">
    <system-out><![CDATA[2023-09-13 18:18:04,381 [main] INFO  net.NodeSchemaLoader (NodeSchemaLoader.java:loadSchemaFromFile(129)) - Loading schema from [file:/home/runner/work/ozone/ozone/hadoop-hdds/common/target/classes/network-topology-default.xml]
2023-09-13 18:18:04,382 [main] INFO  net.NodeSchemaLoader (NodeSchemaLoader.java:loadSchema(176)) - Loading network topology layer schema file
2023-09-13 18:18:04,383 [main] INFO  net.NetworkTopologyImpl (NetworkTopologyImpl.java:add(112)) - Added a new node: /default-rack/b4b89c1a-0d21-4d0b-9cab-3c48bd96581d
2023-09-13 18:18:04,383 [main] INFO  net.NetworkTopologyImpl (NetworkTopologyImpl.java:add(112)) - Added a new node: /default-rack/02bc5a57-3f7b-4080-8df1-1b1f3e118d1f
2023-09-13 18:18:04,383 [main] INFO  net.NetworkTopologyImpl (NetworkTopologyImpl.java:add(112)) - Added a new node: /default-rack/9993b6fb-ffa3-4b80-88b5-8eb0acf42969
2023-09-13 18:18:04,383 [main] INFO  net.NetworkTopologyImpl (NetworkTopologyImpl.java:add(112)) - Added a new node: /default-rack/98bb5845-e602-4e3e-a367-d6a0089bcabb
2023-09-13 18:18:04,383 [main] INFO  net.NetworkTopologyImpl (NetworkTopologyImpl.java:add(112)) - Added a new node: /default-rack/7b8ab83c-1d21-4abb-826c-d4ddfa4ee7c5
2023-09-13 18:18:04,384 [main] INFO  net.NetworkTopologyImpl (NetworkTopologyImpl.java:add(112)) - Added a new node: /default-rack/ee171b35-2724-4868-b35f-db0a4d10637c
2023-09-13 18:18:04,384 [main] INFO  net.NetworkTopologyImpl (NetworkTopologyImpl.java:add(112)) - Added a new node: /default-rack/33a2b1f0-86c3-48fa-8253-aa687652337a
2023-09-13 18:18:04,384 [main] INFO  net.NetworkTopologyImpl (NetworkTopologyImpl.java:add(112)) - Added a new node: /default-rack/e5b213b0-be5f-4b25-a61b-2caec7e5d9b1
2023-09-13 18:18:04,384 [main] INFO  net.NetworkTopologyImpl (NetworkTopologyImpl.java:add(112)) - Added a new node: /default-rack/cf7dd2c4-ac07-4f32-b7a6-9129d534a5aa
2023-09-13 18:18:04,384 [main] INFO  net.NetworkTopologyImpl (NetworkTopologyImpl.java:add(112)) - Added a new node: /default-rack/5610c331-1bdf-47ca-b548-4e2f5bb7723b
2023-09-13 18:18:04,384 [main] INFO  algorithms.ContainerPlacementPolicyFactory (ContainerPlacementPolicyFactory.java:getPolicyInternal(86)) - Create container placement policy of type org.apache.hadoop.hdds.scm.container.placement.algorithms.SCMContainerPlacementRackAware
2023-09-13 18:18:04,384 [main] INFO  algorithms.ContainerPlacementPolicyFactory (ContainerPlacementPolicyFactory.java:getPolicyInternal(86)) - Create container placement policy of type org.apache.hadoop.hdds.scm.container.placement.algorithms.SCMContainerPlacementRackScatter
2023-09-13 18:18:04,387 [main] DEBUG balancer.ContainerBalancerTask (ContainerBalancerTask.java:initializeIteration(374)) - Average utilization of the cluster is 0.32470527934442994
2023-09-13 18:18:04,387 [main] DEBUG balancer.ContainerBalancerTask (ContainerBalancerTask.java:initializeIteration(386)) - Lower limit for utilization is 0.32030039711820013 and Upper limit for utilization is 0.32911016157065975
2023-09-13 18:18:04,388 [main] DEBUG balancer.ContainerBalancerTask (ContainerBalancerTask.java:initializeIteration(398)) - Utilization for node ee171b35-2724-4868-b35f-db0a4d10637c with capacity 50107951786B, used 45097156608B, and remaining 5010795178B is 0.9000000000119741
2023-09-13 18:18:04,388 [main] DEBUG balancer.ContainerBalancerTask (ContainerBalancerTask.java:initializeIteration(398)) - Utilization for node e5b213b0-be5f-4b25-a61b-2caec7e5d9b1 with capacity 48318382080B, used 38654705664B, and remaining 9663676416B is 0.8
2023-09-13 18:18:04,388 [main] DEBUG balancer.ContainerBalancerTask (ContainerBalancerTask.java:initializeIteration(398)) - Utilization for node 02bc5a57-3f7b-4080-8df1-1b1f3e118d1f with capacity 88967179702B, used 62277025792B, and remaining 26690153910B is 0.700000000006744
2023-09-13 18:18:04,388 [main] DEBUG balancer.ContainerBalancerTask (ContainerBalancerTask.java:initializeIteration(398)) - Utilization for node 7b8ab83c-1d21-4abb-826c-d4ddfa4ee7c5 with capacity 89478485333B, used 53687091200B, and remaining 35791394133B is 0.6000000000022352
2023-09-13 18:18:04,388 [main] DEBUG balancer.ContainerBalancerTask (ContainerBalancerTask.java:initializeIteration(398)) - Utilization for node b4b89c1a-0d21-4d0b-9cab-3c48bd96581d with capacity 75161927680B, used 37580963840B, and remaining 37580963840B is 0.5
2023-09-13 18:18:04,388 [main] DEBUG balancer.ContainerBalancerTask (ContainerBalancerTask.java:initializeIteration(398)) - Utilization for node 98bb5845-e602-4e3e-a367-d6a0089bcabb with capacity 96636764160B, used 38654705664B, and remaining 57982058496B is 0.4
2023-09-13 18:18:04,388 [main] DEBUG balancer.ContainerBalancerTask (ContainerBalancerTask.java:initializeIteration(398)) - Utilization for node 9993b6fb-ffa3-4b80-88b5-8eb0acf42969 with capacity 118111600640B, used 35433480192B, and remaining 82678120448B is 0.3
2023-09-13 18:18:04,388 [main] DEBUG balancer.ContainerBalancerTask (ContainerBalancerTask.java:initializeIteration(398)) - Utilization for node 33a2b1f0-86c3-48fa-8253-aa687652337a with capacity 171798691840B, used 34359738368B, and remaining 137438953472B is 0.2
2023-09-13 18:18:04,388 [main] DEBUG balancer.ContainerBalancerTask (ContainerBalancerTask.java:initializeIteration(398)) - Utilization for node 5610c331-1bdf-47ca-b548-4e2f5bb7723b with capacity 429496729600B, used 42949672960B, and remaining 386547056640B is 0.1
2023-09-13 18:18:04,388 [main] DEBUG balancer.ContainerBalancerTask (ContainerBalancerTask.java:initializeIteration(398)) - Utilization for node cf7dd2c4-ac07-4f32-b7a6-9129d534a5aa with capacity 28991029248B, used 0B, and remaining 28991029248B is 0.0
2023-09-13 18:18:04,388 [main] INFO  balancer.ContainerBalancerTask (ContainerBalancerTask.java:initializeIteration(447)) - Container Balancer has identified 6 Over-Utilized and 4 Under-Utilized Datanodes that need to be balanced.
2023-09-13 18:18:04,389 [main] DEBUG balancer.ContainerBalancerTask (ContainerBalancerTask.java:lambda$initializeIteration$1(453)) - Datanode localhost-108.143.189.206 ee171b35-2724-4868-b35f-db0a4d10637c is Over-Utilized.
2023-09-13 18:18:04,389 [main] DEBUG balancer.ContainerBalancerTask (ContainerBalancerTask.java:lambda$initializeIteration$1(453)) - Datanode localhost-1.135.40.40 e5b213b0-be5f-4b25-a61b-2caec7e5d9b1 is Over-Utilized.
2023-09-13 18:18:04,389 [main] DEBUG balancer.ContainerBalancerTask (ContainerBalancerTask.java:lambda$initializeIteration$1(453)) - Datanode localhost-195.84.121.62 02bc5a57-3f7b-4080-8df1-1b1f3e118d1f is Over-Utilized.
2023-09-13 18:18:04,389 [main] DEBUG balancer.ContainerBalancerTask (ContainerBalancerTask.java:lambda$initializeIteration$1(453)) - Datanode localhost-203.31.63.233 7b8ab83c-1d21-4abb-826c-d4ddfa4ee7c5 is Over-Utilized.
2023-09-13 18:18:04,389 [main] DEBUG balancer.ContainerBalancerTask (ContainerBalancerTask.java:lambda$initializeIteration$1(453)) - Datanode localhost-81.58.237.46 b4b89c1a-0d21-4d0b-9cab-3c48bd96581d is Over-Utilized.
2023-09-13 18:18:04,389 [main] DEBUG balancer.ContainerBalancerTask (ContainerBalancerTask.java:lambda$initializeIteration$1(453)) - Datanode localhost-159.249.253.138 98bb5845-e602-4e3e-a367-d6a0089bcabb is Over-Utilized.
2023-09-13 18:18:04,390 [main] DEBUG balancer.ContainerBalancerTask (ContainerBalancerTask.java:lambda$initializeIteration$2(459)) - Datanode localhost-15.132.92.63 cf7dd2c4-ac07-4f32-b7a6-9129d534a5aa is Under-Utilized.
2023-09-13 18:18:04,390 [main] DEBUG balancer.ContainerBalancerTask (ContainerBalancerTask.java:lambda$initializeIteration$2(459)) - Datanode localhost-123.211.5.179 5610c331-1bdf-47ca-b548-4e2f5bb7723b is Under-Utilized.
2023-09-13 18:18:04,390 [main] DEBUG balancer.ContainerBalancerTask (ContainerBalancerTask.java:lambda$initializeIteration$2(459)) - Datanode localhost-128.84.9.86 33a2b1f0-86c3-48fa-8253-aa687652337a is Under-Utilized.
2023-09-13 18:18:04,390 [main] DEBUG balancer.ContainerBalancerTask (ContainerBalancerTask.java:lambda$initializeIteration$2(459)) - Datanode localhost-19.22.191.128 9993b6fb-ffa3-4b80-88b5-8eb0acf42969 is Under-Utilized.
2023-09-13 18:18:04,428 [main] DEBUG balancer.ContainerBalancerTask (ContainerBalancerTask.java:matchSourceWithTarget(708)) - ContainerBalancer is finding suitable target for source datanode ee171b35-2724-4868-b35f-db0a4d10637c
2023-09-13 18:18:04,428 [main] INFO  balancer.ContainerBalancerTask (ContainerBalancerTask.java:matchSourceWithTarget(722)) - ContainerBalancer matched source datanode ee171b35-2724-4868-b35f-db0a4d10637c with target datanode cf7dd2c4-ac07-4f32-b7a6-9129d534a5aa for container move.
2023-09-13 18:18:04,428 [main] INFO  balancer.ContainerBalancerTask (ContainerBalancerTask.java:processMoveSelection(569)) - ContainerBalancer is trying to move container #85 with size 5368709120B from source datanode ee171b35-2724-4868-b35f-db0a4d10637c to target datanode cf7dd2c4-ac07-4f32-b7a6-9129d534a5aa
2023-09-13 18:18:04,428 [main] DEBUG balancer.ContainerBalancerTask (ContainerBalancerTask.java:lambda$moveContainer$3(837)) - Container move completed for container #85 from source ee171b35-2724-4868-b35f-db0a4d10637c to target cf7dd2c4-ac07-4f32-b7a6-9129d534a5aa
2023-09-13 18:18:04,430 [main] DEBUG balancer.ContainerBalancerTask (ContainerBalancerTask.java:matchSourceWithTarget(708)) - ContainerBalancer is finding suitable target for source datanode e5b213b0-be5f-4b25-a61b-2caec7e5d9b1
2023-09-13 18:18:04,430 [main] INFO  balancer.ContainerBalancerTask (ContainerBalancerTask.java:matchSourceWithTarget(722)) - ContainerBalancer matched source datanode e5b213b0-be5f-4b25-a61b-2caec7e5d9b1 with target datanode 5610c331-1bdf-47ca-b548-4e2f5bb7723b for container move.
2023-09-13 18:18:04,431 [main] INFO  balancer.ContainerBalancerTask (ContainerBalancerTask.java:processMoveSelection(569)) - ContainerBalancer is trying to move container #68 with size 5368709120B from source datanode e5b213b0-be5f-4b25-a61b-2caec7e5d9b1 to target datanode 5610c331-1bdf-47ca-b548-4e2f5bb7723b
2023-09-13 18:18:04,431 [main] DEBUG balancer.ContainerBalancerTask (ContainerBalancerTask.java:lambda$moveContainer$3(837)) - Container move completed for container #68 from source e5b213b0-be5f-4b25-a61b-2caec7e5d9b1 to target 5610c331-1bdf-47ca-b548-4e2f5bb7723b
2023-09-13 18:18:04,433 [main] DEBUG balancer.ContainerBalancerTask (ContainerBalancerTask.java:matchSourceWithTarget(708)) - ContainerBalancer is finding suitable target for source datanode ee171b35-2724-4868-b35f-db0a4d10637c
2023-09-13 18:18:04,433 [main] INFO  balancer.ContainerBalancerTask (ContainerBalancerTask.java:matchSourceWithTarget(722)) - ContainerBalancer matched source datanode ee171b35-2724-4868-b35f-db0a4d10637c with target datanode 5610c331-1bdf-47ca-b548-4e2f5bb7723b for container move.
2023-09-13 18:18:04,433 [main] INFO  balancer.ContainerBalancerTask (ContainerBalancerTask.java:processMoveSelection(569)) - ContainerBalancer is trying to move container #89 with size 4294967296B from source datanode ee171b35-2724-4868-b35f-db0a4d10637c to target datanode 5610c331-1bdf-47ca-b548-4e2f5bb7723b
2023-09-13 18:18:04,433 [main] DEBUG balancer.ContainerBalancerTask (ContainerBalancerTask.java:lambda$moveContainer$3(837)) - Container move completed for container #89 from source ee171b35-2724-4868-b35f-db0a4d10637c to target 5610c331-1bdf-47ca-b548-4e2f5bb7723b
2023-09-13 18:18:04,439 [main] DEBUG balancer.ContainerBalancerTask (ContainerBalancerTask.java:matchSourceWithTarget(708)) - ContainerBalancer is finding suitable target for source datanode ee171b35-2724-4868-b35f-db0a4d10637c
2023-09-13 18:18:04,440 [main] INFO  balancer.ContainerBalancerTask (ContainerBalancerTask.java:matchSourceWithTarget(722)) - ContainerBalancer matched source datanode ee171b35-2724-4868-b35f-db0a4d10637c with target datanode 5610c331-1bdf-47ca-b548-4e2f5bb7723b for container move.
2023-09-13 18:18:04,440 [main] INFO  balancer.ContainerBalancerTask (ContainerBalancerTask.java:processMoveSelection(569)) - ContainerBalancer is trying to move container #88 with size 3221225472B from source datanode ee171b35-2724-4868-b35f-db0a4d10637c to target datanode 5610c331-1bdf-47ca-b548-4e2f5bb7723b
2023-09-13 18:18:04,440 [main] DEBUG balancer.ContainerBalancerTask (ContainerBalancerTask.java:lambda$moveContainer$3(837)) - Container move completed for container #88 from source ee171b35-2724-4868-b35f-db0a4d10637c to target 5610c331-1bdf-47ca-b548-4e2f5bb7723b
2023-09-13 18:18:04,443 [main] DEBUG balancer.ContainerBalancerTask (ContainerBalancerTask.java:matchSourceWithTarget(708)) - ContainerBalancer is finding suitable target for source datanode 02bc5a57-3f7b-4080-8df1-1b1f3e118d1f
2023-09-13 18:18:04,443 [main] INFO  balancer.ContainerBalancerTask (ContainerBalancerTask.java:matchSourceWithTarget(722)) - ContainerBalancer matched source datanode 02bc5a57-3f7b-4080-8df1-1b1f3e118d1f with target datanode 5610c331-1bdf-47ca-b548-4e2f5bb7723b for container move.
2023-09-13 18:18:04,443 [main] INFO  balancer.ContainerBalancerTask (ContainerBalancerTask.java:processMoveSelection(569)) - ContainerBalancer is trying to move container #40 with size 5368709120B from source datanode 02bc5a57-3f7b-4080-8df1-1b1f3e118d1f to target datanode 5610c331-1bdf-47ca-b548-4e2f5bb7723b
2023-09-13 18:18:04,444 [main] DEBUG balancer.ContainerBalancerTask (ContainerBalancerTask.java:lambda$moveContainer$3(837)) - Container move completed for container #40 from source 02bc5a57-3f7b-4080-8df1-1b1f3e118d1f to target 5610c331-1bdf-47ca-b548-4e2f5bb7723b
2023-09-13 18:18:04,446 [main] DEBUG balancer.ContainerBalancerTask (ContainerBalancerTask.java:matchSourceWithTarget(708)) - ContainerBalancer is finding suitable target for source datanode e5b213b0-be5f-4b25-a61b-2caec7e5d9b1
2023-09-13 18:18:04,450 [main] INFO  balancer.ContainerBalancerTask (ContainerBalancerTask.java:matchSourceWithTarget(722)) - ContainerBalancer matched source datanode e5b213b0-be5f-4b25-a61b-2caec7e5d9b1 with target datanode 5610c331-1bdf-47ca-b548-4e2f5bb7723b for container move.
2023-09-13 18:18:04,450 [main] INFO  balancer.ContainerBalancerTask (ContainerBalancerTask.java:processMoveSelection(569)) - ContainerBalancer is trying to move container #67 with size 4294967296B from source datanode e5b213b0-be5f-4b25-a61b-2caec7e5d9b1 to target datanode 5610c331-1bdf-47ca-b548-4e2f5bb7723b
2023-09-13 18:18:04,450 [main] DEBUG balancer.ContainerBalancerTask (ContainerBalancerTask.java:lambda$moveContainer$3(837)) - Container move completed for container #67 from source e5b213b0-be5f-4b25-a61b-2caec7e5d9b1 to target 5610c331-1bdf-47ca-b548-4e2f5bb7723b
2023-09-13 18:18:04,452 [main] DEBUG balancer.ContainerBalancerTask (ContainerBalancerTask.java:matchSourceWithTarget(708)) - ContainerBalancer is finding suitable target for source datanode ee171b35-2724-4868-b35f-db0a4d10637c
2023-09-13 18:18:04,453 [main] INFO  balancer.ContainerBalancerTask (ContainerBalancerTask.java:matchSourceWithTarget(722)) - ContainerBalancer matched source datanode ee171b35-2724-4868-b35f-db0a4d10637c with target datanode 5610c331-1bdf-47ca-b548-4e2f5bb7723b for container move.
2023-09-13 18:18:04,453 [main] INFO  balancer.ContainerBalancerTask (ContainerBalancerTask.java:processMoveSelection(569)) - ContainerBalancer is trying to move container #83 with size 3221225472B from source datanode ee171b35-2724-4868-b35f-db0a4d10637c to target datanode 5610c331-1bdf-47ca-b548-4e2f5bb7723b
2023-09-13 18:18:04,453 [main] DEBUG balancer.ContainerBalancerTask (ContainerBalancerTask.java:lambda$moveContainer$3(837)) - Container move completed for container #83 from source ee171b35-2724-4868-b35f-db0a4d10637c to target 5610c331-1bdf-47ca-b548-4e2f5bb7723b
2023-09-13 18:18:04,456 [main] DEBUG balancer.ContainerBalancerTask (ContainerBalancerTask.java:matchSourceWithTarget(708)) - ContainerBalancer is finding suitable target for source datanode 02bc5a57-3f7b-4080-8df1-1b1f3e118d1f
2023-09-13 18:18:04,456 [main] INFO  balancer.ContainerBalancerTask (ContainerBalancerTask.java:matchSourceWithTarget(722)) - ContainerBalancer matched source datanode 02bc5a57-3f7b-4080-8df1-1b1f3e118d1f with target datanode 5610c331-1bdf-47ca-b548-4e2f5bb7723b for container move.
2023-09-13 18:18:04,457 [main] INFO  balancer.ContainerBalancerTask (ContainerBalancerTask.java:processMoveSelection(569)) - ContainerBalancer is trying to move container #29 with size 5368709120B from source datanode 02bc5a57-3f7b-4080-8df1-1b1f3e118d1f to target datanode 5610c331-1bdf-47ca-b548-4e2f5bb7723b
2023-09-13 18:18:04,457 [main] DEBUG balancer.ContainerBalancerTask (ContainerBalancerTask.java:lambda$moveContainer$3(837)) - Container move completed for container #29 from source 02bc5a57-3f7b-4080-8df1-1b1f3e118d1f to target 5610c331-1bdf-47ca-b548-4e2f5bb7723b
2023-09-13 18:18:04,470 [main] DEBUG balancer.ContainerBalancerTask (ContainerBalancerTask.java:matchSourceWithTarget(708)) - ContainerBalancer is finding suitable target for source datanode 7b8ab83c-1d21-4abb-826c-d4ddfa4ee7c5
2023-09-13 18:18:04,470 [main] INFO  balancer.ContainerBalancerTask (ContainerBalancerTask.java:matchSourceWithTarget(722)) - ContainerBalancer matched source datanode 7b8ab83c-1d21-4abb-826c-d4ddfa4ee7c5 with target datanode 5610c331-1bdf-47ca-b548-4e2f5bb7723b for container move.
2023-09-13 18:18:04,470 [main] INFO  balancer.ContainerBalancerTask (ContainerBalancerTask.java:processMoveSelection(569)) - ContainerBalancer is trying to move container #39 with size 4294967296B from source datanode 7b8ab83c-1d21-4abb-826c-d4ddfa4ee7c5 to target datanode 5610c331-1bdf-47ca-b548-4e2f5bb7723b
2023-09-13 18:18:04,470 [main] DEBUG balancer.ContainerBalancerTask (ContainerBalancerTask.java:lambda$moveContainer$3(837)) - Container move completed for container #39 from source 7b8ab83c-1d21-4abb-826c-d4ddfa4ee7c5 to target 5610c331-1bdf-47ca-b548-4e2f5bb7723b
2023-09-13 18:18:04,473 [main] DEBUG balancer.ContainerBalancerTask (ContainerBalancerTask.java:matchSourceWithTarget(708)) - ContainerBalancer is finding suitable target for source datanode e5b213b0-be5f-4b25-a61b-2caec7e5d9b1
2023-09-13 18:18:04,473 [main] INFO  balancer.ContainerBalancerTask (ContainerBalancerTask.java:matchSourceWithTarget(722)) - ContainerBalancer matched source datanode e5b213b0-be5f-4b25-a61b-2caec7e5d9b1 with target datanode 5610c331-1bdf-47ca-b548-4e2f5bb7723b for container move.
2023-09-13 18:18:04,473 [main] INFO  balancer.ContainerBalancerTask (ContainerBalancerTask.java:processMoveSelection(569)) - ContainerBalancer is trying to move container #66 with size 3221225472B from source datanode e5b213b0-be5f-4b25-a61b-2caec7e5d9b1 to target datanode 5610c331-1bdf-47ca-b548-4e2f5bb7723b
2023-09-13 18:18:04,473 [main] DEBUG balancer.ContainerBalancerTask (ContainerBalancerTask.java:lambda$moveContainer$3(837)) - Container move completed for container #66 from source e5b213b0-be5f-4b25-a61b-2caec7e5d9b1 to target 5610c331-1bdf-47ca-b548-4e2f5bb7723b
2023-09-13 18:18:04,476 [main] DEBUG balancer.ContainerBalancerTask (ContainerBalancerTask.java:matchSourceWithTarget(708)) - ContainerBalancer is finding suitable target for source datanode 02bc5a57-3f7b-4080-8df1-1b1f3e118d1f
2023-09-13 18:18:04,477 [main] INFO  balancer.ContainerBalancerTask (ContainerBalancerTask.java:matchSourceWithTarget(722)) - ContainerBalancer matched source datanode 02bc5a57-3f7b-4080-8df1-1b1f3e118d1f with target datanode cf7dd2c4-ac07-4f32-b7a6-9129d534a5aa for container move.
2023-09-13 18:18:04,477 [main] INFO  balancer.ContainerBalancerTask (ContainerBalancerTask.java:processMoveSelection(569)) - ContainerBalancer is trying to move container #51 with size 3221225472B from source datanode 02bc5a57-3f7b-4080-8df1-1b1f3e118d1f to target datanode cf7dd2c4-ac07-4f32-b7a6-9129d534a5aa
2023-09-13 18:18:04,477 [main] DEBUG balancer.ContainerBalancerTask (ContainerBalancerTask.java:lambda$moveContainer$3(837)) - Container move completed for container #51 from source 02bc5a57-3f7b-4080-8df1-1b1f3e118d1f to target cf7dd2c4-ac07-4f32-b7a6-9129d534a5aa
2023-09-13 18:18:04,488 [main] DEBUG balancer.ContainerBalancerTask (ContainerBalancerTask.java:matchSourceWithTarget(708)) - ContainerBalancer is finding suitable target for source datanode ee171b35-2724-4868-b35f-db0a4d10637c
2023-09-13 18:18:04,489 [main] INFO  balancer.ContainerBalancerTask (ContainerBalancerTask.java:matchSourceWithTarget(722)) - ContainerBalancer matched source datanode ee171b35-2724-4868-b35f-db0a4d10637c with target datanode 5610c331-1bdf-47ca-b548-4e2f5bb7723b for container move.
2023-09-13 18:18:04,489 [main] INFO  balancer.ContainerBalancerTask (ContainerBalancerTask.java:processMoveSelection(569)) - ContainerBalancer is trying to move container #87 with size 2147483648B from source datanode ee171b35-2724-4868-b35f-db0a4d10637c to target datanode 5610c331-1bdf-47ca-b548-4e2f5bb7723b
2023-09-13 18:18:04,489 [main] DEBUG balancer.ContainerBalancerTask (ContainerBalancerTask.java:lambda$moveContainer$3(837)) - Container move completed for container #87 from source ee171b35-2724-4868-b35f-db0a4d10637c to target 5610c331-1bdf-47ca-b548-4e2f5bb7723b
2023-09-13 18:18:04,493 [main] DEBUG balancer.ContainerBalancerTask (ContainerBalancerTask.java:matchSourceWithTarget(708)) - ContainerBalancer is finding suitable target for source datanode 7b8ab83c-1d21-4abb-826c-d4ddfa4ee7c5
2023-09-13 18:18:04,493 [main] INFO  balancer.ContainerBalancerTask (ContainerBalancerTask.java:matchSourceWithTarget(722)) - ContainerBalancer matched source datanode 7b8ab83c-1d21-4abb-826c-d4ddfa4ee7c5 with target datanode 5610c331-1bdf-47ca-b548-4e2f5bb7723b for container move.
2023-09-13 18:18:04,493 [main] INFO  balancer.ContainerBalancerTask (ContainerBalancerTask.java:processMoveSelection(569)) - ContainerBalancer is trying to move container #27 with size 3221225472B from source datanode 7b8ab83c-1d21-4abb-826c-d4ddfa4ee7c5 to target datanode 5610c331-1bdf-47ca-b548-4e2f5bb7723b
2023-09-13 18:18:04,493 [main] DEBUG balancer.ContainerBalancerTask (ContainerBalancerTask.java:lambda$moveContainer$3(837)) - Container move completed for container #27 from source 7b8ab83c-1d21-4abb-826c-d4ddfa4ee7c5 to target 5610c331-1bdf-47ca-b548-4e2f5bb7723b
2023-09-13 18:18:04,497 [main] DEBUG balancer.ContainerBalancerTask (ContainerBalancerTask.java:matchSourceWithTarget(708)) - ContainerBalancer is finding suitable target for source datanode 02bc5a57-3f7b-4080-8df1-1b1f3e118d1f
2023-09-13 18:18:04,498 [main] INFO  balancer.ContainerBalancerTask (ContainerBalancerTask.java:matchSourceWithTarget(722)) - ContainerBalancer matched source datanode 02bc5a57-3f7b-4080-8df1-1b1f3e118d1f with target datanode 33a2b1f0-86c3-48fa-8253-aa687652337a for container move.
2023-09-13 18:18:04,498 [main] INFO  balancer.ContainerBalancerTask (ContainerBalancerTask.java:processMoveSelection(569)) - ContainerBalancer is trying to move container #86 with size 1073741824B from source datanode 02bc5a57-3f7b-4080-8df1-1b1f3e118d1f to target datanode 33a2b1f0-86c3-48fa-8253-aa687652337a
2023-09-13 18:18:04,498 [main] DEBUG balancer.ContainerBalancerTask (ContainerBalancerTask.java:lambda$moveContainer$3(837)) - Container move completed for container #86 from source 02bc5a57-3f7b-4080-8df1-1b1f3e118d1f to target 33a2b1f0-86c3-48fa-8253-aa687652337a
2023-09-13 18:18:04,498 [main] WARN  balancer.ContainerBalancerTask (ContainerBalancerTask.java:reachedMaxSizeToMovePerIteration(733)) - Reached max size to move limit. 53687091200 bytes have already been scheduled for balancing and the limit is 53687091200 bytes.
2023-09-13 18:18:04,498 [main] INFO  balancer.ContainerBalancerTask (ContainerBalancerTask.java:checkIterationMoveResults(642)) - Iteration Summary. Number of Datanodes involved: 7. Size moved: 50 GB (53687091200 Bytes). Number of Container moves completed: 14.
2023-09-13 18:18:04,498 [main] INFO  balancer.ContainerBalancerTask (ContainerBalancerTask.java:balance(259)) - Result of this iteration of Container Balancer: ITERATION_COMPLETED
2023-09-13 18:18:04,498 [main] INFO  balancer.ContainerBalancerTask (ContainerBalancerTask.java:tryStopWithSaveConfiguration(308)) - Save Configuration for stopping. Reason: Completed all iterations.
2023-09-13 18:18:04,499 [main] DEBUG balancer.ContainerBalancerTask (ContainerBalancerTask.java:initializeIteration(374)) - Average utilization of the cluster is 0.32470527934442994
2023-09-13 18:18:04,499 [main] DEBUG balancer.ContainerBalancerTask (ContainerBalancerTask.java:initializeIteration(386)) - Lower limit for utilization is -0.5711430545428902 and Upper limit for utilization is 1.22055361323175
2023-09-13 18:18:04,500 [main] DEBUG balancer.ContainerBalancerTask (ContainerBalancerTask.java:initializeIteration(398)) - Utilization for node ee171b35-2724-4868-b35f-db0a4d10637c with capacity 50107951786B, used 45097156608B, and remaining 5010795178B is 0.9000000000119741
2023-09-13 18:18:04,500 [main] DEBUG balancer.ContainerBalancerTask (ContainerBalancerTask.java:initializeIteration(398)) - Utilization for node e5b213b0-be5f-4b25-a61b-2caec7e5d9b1 with capacity 48318382080B, used 38654705664B, and remaining 9663676416B is 0.8
2023-09-13 18:18:04,500 [main] DEBUG balancer.ContainerBalancerTask (ContainerBalancerTask.java:initializeIteration(398)) - Utilization for node 02bc5a57-3f7b-4080-8df1-1b1f3e118d1f with capacity 88967179702B, used 62277025792B, and remaining 26690153910B is 0.700000000006744
2023-09-13 18:18:04,500 [main] DEBUG balancer.ContainerBalancerTask (ContainerBalancerTask.java:initializeIteration(398)) - Utilization for node 7b8ab83c-1d21-4abb-826c-d4ddfa4ee7c5 with capacity 89478485333B, used 53687091200B, and remaining 35791394133B is 0.6000000000022352
2023-09-13 18:18:04,500 [main] DEBUG balancer.ContainerBalancerTask (ContainerBalancerTask.java:initializeIteration(398)) - Utilization for node b4b89c1a-0d21-4d0b-9cab-3c48bd96581d with capacity 75161927680B, used 37580963840B, and remaining 37580963840B is 0.5
2023-09-13 18:18:04,500 [main] DEBUG balancer.ContainerBalancerTask (ContainerBalancerTask.java:initializeIteration(398)) - Utilization for node 98bb5845-e602-4e3e-a367-d6a0089bcabb with capacity 96636764160B, used 38654705664B, and remaining 57982058496B is 0.4
2023-09-13 18:18:04,500 [main] DEBUG balancer.ContainerBalancerTask (ContainerBalancerTask.java:initializeIteration(398)) - Utilization for node 9993b6fb-ffa3-4b80-88b5-8eb0acf42969 with capacity 118111600640B, used 35433480192B, and remaining 82678120448B is 0.3
2023-09-13 18:18:04,500 [main] DEBUG balancer.ContainerBalancerTask (ContainerBalancerTask.java:initializeIteration(398)) - Utilization for node 33a2b1f0-86c3-48fa-8253-aa687652337a with capacity 171798691840B, used 34359738368B, and remaining 137438953472B is 0.2
2023-09-13 18:18:04,501 [main] DEBUG balancer.ContainerBalancerTask (ContainerBalancerTask.java:initializeIteration(398)) - Utilization for node 5610c331-1bdf-47ca-b548-4e2f5bb7723b with capacity 429496729600B, used 42949672960B, and remaining 386547056640B is 0.1
2023-09-13 18:18:04,501 [main] DEBUG balancer.ContainerBalancerTask (ContainerBalancerTask.java:initializeIteration(398)) - Utilization for node cf7dd2c4-ac07-4f32-b7a6-9129d534a5aa with capacity 28991029248B, used 0B, and remaining 28991029248B is 0.0
2023-09-13 18:18:04,502 [main] INFO  balancer.ContainerBalancerTask (ContainerBalancerTask.java:initializeIteration(443)) - Did not find any unbalanced Datanodes.
2023-09-13 18:18:04,502 [main] INFO  balancer.ContainerBalancerTask (ContainerBalancerTask.java:tryStopWithSaveConfiguration(308)) - Save Configuration for stopping. Reason: Could not initialize ContainerBalancer's iteration number 0
2023-09-13 18:18:04,502 [main] DEBUG balancer.ContainerBalancerTask (ContainerBalancerTask.java:initializeIteration(374)) - Average utilization of the cluster is 0.32470527934442994
2023-09-13 18:18:04,503 [main] DEBUG balancer.ContainerBalancerTask (ContainerBalancerTask.java:initializeIteration(386)) - Lower limit for utilization is -0.6135765141594354 and Upper limit for utilization is 1.2629870728482953
2023-09-13 18:18:04,503 [main] DEBUG balancer.ContainerBalancerTask (ContainerBalancerTask.java:initializeIteration(398)) - Utilization for node ee171b35-2724-4868-b35f-db0a4d10637c with capacity 50107951786B, used 45097156608B, and remaining 5010795178B is 0.9000000000119741
2023-09-13 18:18:04,503 [main] DEBUG balancer.ContainerBalancerTask (ContainerBalancerTask.java:initializeIteration(398)) - Utilization for node e5b213b0-be5f-4b25-a61b-2caec7e5d9b1 with capacity 48318382080B, used 38654705664B, and remaining 9663676416B is 0.8
2023-09-13 18:18:04,503 [main] DEBUG balancer.ContainerBalancerTask (ContainerBalancerTask.java:initializeIteration(398)) - Utilization for node 02bc5a57-3f7b-4080-8df1-1b1f3e118d1f with capacity 88967179702B, used 62277025792B, and remaining 26690153910B is 0.700000000006744
2023-09-13 18:18:04,503 [main] DEBUG balancer.ContainerBalancerTask (ContainerBalancerTask.java:initializeIteration(398)) - Utilization for node 7b8ab83c-1d21-4abb-826c-d4ddfa4ee7c5 with capacity 89478485333B, used 53687091200B, and remaining 35791394133B is 0.6000000000022352
2023-09-13 18:18:04,503 [main] DEBUG balancer.ContainerBalancerTask (ContainerBalancerTask.java:initializeIteration(398)) - Utilization for node b4b89c1a-0d21-4d0b-9cab-3c48bd96581d with capacity 75161927680B, used 37580963840B, and remaining 37580963840B is 0.5
2023-09-13 18:18:04,503 [main] DEBUG balancer.ContainerBalancerTask (ContainerBalancerTask.java:initializeIteration(398)) - Utilization for node 98bb5845-e602-4e3e-a367-d6a0089bcabb with capacity 96636764160B, used 38654705664B, and remaining 57982058496B is 0.4
2023-09-13 18:18:04,503 [main] DEBUG balancer.ContainerBalancerTask (ContainerBalancerTask.java:initializeIteration(398)) - Utilization for node 9993b6fb-ffa3-4b80-88b5-8eb0acf42969 with capacity 118111600640B, used 35433480192B, and remaining 82678120448B is 0.3
2023-09-13 18:18:04,503 [main] DEBUG balancer.ContainerBalancerTask (ContainerBalancerTask.java:initializeIteration(398)) - Utilization for node 33a2b1f0-86c3-48fa-8253-aa687652337a with capacity 171798691840B, used 34359738368B, and remaining 137438953472B is 0.2
2023-09-13 18:18:04,503 [main] DEBUG balancer.ContainerBalancerTask (ContainerBalancerTask.java:initializeIteration(398)) - Utilization for node 5610c331-1bdf-47ca-b548-4e2f5bb7723b with capacity 429496729600B, used 42949672960B, and remaining 386547056640B is 0.1
2023-09-13 18:18:04,504 [main] DEBUG balancer.ContainerBalancerTask (ContainerBalancerTask.java:initializeIteration(398)) - Utilization for node cf7dd2c4-ac07-4f32-b7a6-9129d534a5aa with capacity 28991029248B, used 0B, and remaining 28991029248B is 0.0
2023-09-13 18:18:04,504 [main] INFO  balancer.ContainerBalancerTask (ContainerBalancerTask.java:initializeIteration(443)) - Did not find any unbalanced Datanodes.
2023-09-13 18:18:04,504 [main] INFO  balancer.ContainerBalancerTask (ContainerBalancerTask.java:tryStopWithSaveConfiguration(308)) - Save Configuration for stopping. Reason: Could not initialize ContainerBalancer's iteration number 0
2023-09-13 18:18:04,504 [main] DEBUG balancer.ContainerBalancerTask (ContainerBalancerTask.java:initializeIteration(374)) - Average utilization of the cluster is 0.32470527934442994
2023-09-13 18:18:04,505 [main] DEBUG balancer.ContainerBalancerTask (ContainerBalancerTask.java:initializeIteration(386)) - Lower limit for utilization is -0.3204642325677546 and Upper limit for utilization is 0.9698747912566145
2023-09-13 18:18:04,505 [main] DEBUG balancer.ContainerBalancerTask (ContainerBalancerTask.java:initializeIteration(398)) - Utilization for node ee171b35-2724-4868-b35f-db0a4d10637c with capacity 50107951786B, used 45097156608B, and remaining 5010795178B is 0.9000000000119741
2023-09-13 18:18:04,505 [main] DEBUG balancer.ContainerBalancerTask (ContainerBalancerTask.java:initializeIteration(398)) - Utilization for node e5b213b0-be5f-4b25-a61b-2caec7e5d9b1 with capacity 48318382080B, used 38654705664B, and remaining 9663676416B is 0.8
2023-09-13 18:18:04,505 [main] DEBUG balancer.ContainerBalancerTask (ContainerBalancerTask.java:initializeIteration(398)) - Utilization for node 02bc5a57-3f7b-4080-8df1-1b1f3e118d1f with capacity 88967179702B, used 62277025792B, and remaining 26690153910B is 0.700000000006744
2023-09-13 18:18:04,505 [main] DEBUG balancer.ContainerBalancerTask (ContainerBalancerTask.java:initializeIteration(398)) - Utilization for node 7b8ab83c-1d21-4abb-826c-d4ddfa4ee7c5 with capacity 89478485333B, used 53687091200B, and remaining 35791394133B is 0.6000000000022352
2023-09-13 18:18:04,505 [main] DEBUG balancer.ContainerBalancerTask (ContainerBalancerTask.java:initializeIteration(398)) - Utilization for node b4b89c1a-0d21-4d0b-9cab-3c48bd96581d with capacity 75161927680B, used 37580963840B, and remaining 37580963840B is 0.5
2023-09-13 18:18:04,505 [main] DEBUG balancer.ContainerBalancerTask (ContainerBalancerTask.java:initializeIteration(398)) - Utilization for node 98bb5845-e602-4e3e-a367-d6a0089bcabb with capacity 96636764160B, used 38654705664B, and remaining 57982058496B is 0.4
2023-09-13 18:18:04,505 [main] DEBUG balancer.ContainerBalancerTask (ContainerBalancerTask.java:initializeIteration(398)) - Utilization for node 9993b6fb-ffa3-4b80-88b5-8eb0acf42969 with capacity 118111600640B, used 35433480192B, and remaining 82678120448B is 0.3
2023-09-13 18:18:04,505 [main] DEBUG balancer.ContainerBalancerTask (ContainerBalancerTask.java:initializeIteration(398)) - Utilization for node 33a2b1f0-86c3-48fa-8253-aa687652337a with capacity 171798691840B, used 34359738368B, and remaining 137438953472B is 0.2
2023-09-13 18:18:04,505 [main] DEBUG balancer.ContainerBalancerTask (ContainerBalancerTask.java:initializeIteration(398)) - Utilization for node 5610c331-1bdf-47ca-b548-4e2f5bb7723b with capacity 429496729600B, used 42949672960B, and remaining 386547056640B is 0.1
2023-09-13 18:18:04,505 [main] DEBUG balancer.ContainerBalancerTask (ContainerBalancerTask.java:initializeIteration(398)) - Utilization for node cf7dd2c4-ac07-4f32-b7a6-9129d534a5aa with capacity 28991029248B, used 0B, and remaining 28991029248B is 0.0
2023-09-13 18:18:04,507 [main] INFO  balancer.ContainerBalancerTask (ContainerBalancerTask.java:initializeIteration(443)) - Did not find any unbalanced Datanodes.
2023-09-13 18:18:04,507 [main] INFO  balancer.ContainerBalancerTask (ContainerBalancerTask.java:tryStopWithSaveConfiguration(308)) - Save Configuration for stopping. Reason: Could not initialize ContainerBalancer's iteration number 0
2023-09-13 18:18:04,508 [main] DEBUG balancer.ContainerBalancerTask (ContainerBalancerTask.java:initializeIteration(374)) - Average utilization of the cluster is 0.32470527934442994
2023-09-13 18:18:04,508 [main] DEBUG balancer.ContainerBalancerTask (ContainerBalancerTask.java:initializeIteration(386)) - Lower limit for utilization is -0.34086415426271466 and Upper limit for utilization is 0.9902747129515745
2023-09-13 18:18:04,508 [main] DEBUG balancer.ContainerBalancerTask (ContainerBalancerTask.java:initializeIteration(398)) - Utilization for node ee171b35-2724-4868-b35f-db0a4d10637c with capacity 50107951786B, used 45097156608B, and remaining 5010795178B is 0.9000000000119741
2023-09-13 18:18:04,508 [main] DEBUG balancer.ContainerBalancerTask (ContainerBalancerTask.java:initializeIteration(398)) - Utilization for node e5b213b0-be5f-4b25-a61b-2caec7e5d9b1 with capacity 48318382080B, used 38654705664B, and remaining 9663676416B is 0.8
2023-09-13 18:18:04,508 [main] DEBUG balancer.ContainerBalancerTask (ContainerBalancerTask.java:initializeIteration(398)) - Utilization for node 02bc5a57-3f7b-4080-8df1-1b1f3e118d1f with capacity 88967179702B, used 62277025792B, and remaining 26690153910B is 0.700000000006744
2023-09-13 18:18:04,508 [main] DEBUG balancer.ContainerBalancerTask (ContainerBalancerTask.java:initializeIteration(398)) - Utilization for node 7b8ab83c-1d21-4abb-826c-d4ddfa4ee7c5 with capacity 89478485333B, used 53687091200B, and remaining 35791394133B is 0.6000000000022352
2023-09-13 18:18:04,508 [main] DEBUG balancer.ContainerBalancerTask (ContainerBalancerTask.java:initializeIteration(398)) - Utilization for node b4b89c1a-0d21-4d0b-9cab-3c48bd96581d with capacity 75161927680B, used 37580963840B, and remaining 37580963840B is 0.5
2023-09-13 18:18:04,509 [main] DEBUG balancer.ContainerBalancerTask (ContainerBalancerTask.java:initializeIteration(398)) - Utilization for node 98bb5845-e602-4e3e-a367-d6a0089bcabb with capacity 96636764160B, used 38654705664B, and remaining 57982058496B is 0.4
2023-09-13 18:18:04,509 [main] DEBUG balancer.ContainerBalancerTask (ContainerBalancerTask.java:initializeIteration(398)) - Utilization for node 9993b6fb-ffa3-4b80-88b5-8eb0acf42969 with capacity 118111600640B, used 35433480192B, and remaining 82678120448B is 0.3
2023-09-13 18:18:04,509 [main] DEBUG balancer.ContainerBalancerTask (ContainerBalancerTask.java:initializeIteration(398)) - Utilization for node 33a2b1f0-86c3-48fa-8253-aa687652337a with capacity 171798691840B, used 34359738368B, and remaining 137438953472B is 0.2
2023-09-13 18:18:04,509 [main] DEBUG balancer.ContainerBalancerTask (ContainerBalancerTask.java:initializeIteration(398)) - Utilization for node 5610c331-1bdf-47ca-b548-4e2f5bb7723b with capacity 429496729600B, used 42949672960B, and remaining 386547056640B is 0.1
2023-09-13 18:18:04,509 [main] DEBUG balancer.ContainerBalancerTask (ContainerBalancerTask.java:initializeIteration(398)) - Utilization for node cf7dd2c4-ac07-4f32-b7a6-9129d534a5aa with capacity 28991029248B, used 0B, and remaining 28991029248B is 0.0
2023-09-13 18:18:04,509 [main] INFO  balancer.ContainerBalancerTask (ContainerBalancerTask.java:initializeIteration(443)) - Did not find any unbalanced Datanodes.
2023-09-13 18:18:04,509 [main] INFO  balancer.ContainerBalancerTask (ContainerBalancerTask.java:tryStopWithSaveConfiguration(308)) - Save Configuration for stopping. Reason: Could not initialize ContainerBalancer's iteration number 0
2023-09-13 18:18:04,510 [main] DEBUG balancer.ContainerBalancerTask (ContainerBalancerTask.java:initializeIteration(374)) - Average utilization of the cluster is 0.32470527934442994
2023-09-13 18:18:04,510 [main] DEBUG balancer.ContainerBalancerTask (ContainerBalancerTask.java:initializeIteration(386)) - Lower limit for utilization is 0.18817103333089347 and Upper limit for utilization is 0.4612395253579664
2023-09-13 18:18:04,510 [main] DEBUG balancer.ContainerBalancerTask (ContainerBalancerTask.java:initializeIteration(398)) - Utilization for node ee171b35-2724-4868-b35f-db0a4d10637c with capacity 50107951786B, used 45097156608B, and remaining 5010795178B is 0.9000000000119741
2023-09-13 18:18:04,510 [main] DEBUG balancer.ContainerBalancerTask (ContainerBalancerTask.java:initializeIteration(398)) - Utilization for node e5b213b0-be5f-4b25-a61b-2caec7e5d9b1 with capacity 48318382080B, used 38654705664B, and remaining 9663676416B is 0.8
2023-09-13 18:18:04,510 [main] DEBUG balancer.ContainerBalancerTask (ContainerBalancerTask.java:initializeIteration(398)) - Utilization for node 02bc5a57-3f7b-4080-8df1-1b1f3e118d1f with capacity 88967179702B, used 62277025792B, and remaining 26690153910B is 0.700000000006744
2023-09-13 18:18:04,510 [main] DEBUG balancer.ContainerBalancerTask (ContainerBalancerTask.java:initializeIteration(398)) - Utilization for node 7b8ab83c-1d21-4abb-826c-d4ddfa4ee7c5 with capacity 89478485333B, used 53687091200B, and remaining 35791394133B is 0.6000000000022352
2023-09-13 18:18:04,510 [main] DEBUG balancer.ContainerBalancerTask (ContainerBalancerTask.java:initializeIteration(398)) - Utilization for node b4b89c1a-0d21-4d0b-9cab-3c48bd96581d with capacity 75161927680B, used 37580963840B, and remaining 37580963840B is 0.5
2023-09-13 18:18:04,511 [main] DEBUG balancer.ContainerBalancerTask (ContainerBalancerTask.java:initializeIteration(398)) - Utilization for node 98bb5845-e602-4e3e-a367-d6a0089bcabb with capacity 96636764160B, used 38654705664B, and remaining 57982058496B is 0.4
2023-09-13 18:18:04,511 [main] DEBUG balancer.ContainerBalancerTask (ContainerBalancerTask.java:initializeIteration(398)) - Utilization for node 9993b6fb-ffa3-4b80-88b5-8eb0acf42969 with capacity 118111600640B, used 35433480192B, and remaining 82678120448B is 0.3
2023-09-13 18:18:04,511 [main] DEBUG balancer.ContainerBalancerTask (ContainerBalancerTask.java:initializeIteration(398)) - Utilization for node 33a2b1f0-86c3-48fa-8253-aa687652337a with capacity 171798691840B, used 34359738368B, and remaining 137438953472B is 0.2
2023-09-13 18:18:04,511 [main] DEBUG balancer.ContainerBalancerTask (ContainerBalancerTask.java:initializeIteration(398)) - Utilization for node 5610c331-1bdf-47ca-b548-4e2f5bb7723b with capacity 429496729600B, used 42949672960B, and remaining 386547056640B is 0.1
2023-09-13 18:18:04,511 [main] DEBUG balancer.ContainerBalancerTask (ContainerBalancerTask.java:initializeIteration(398)) - Utilization for node cf7dd2c4-ac07-4f32-b7a6-9129d534a5aa with capacity 28991029248B, used 0B, and remaining 28991029248B is 0.0
2023-09-13 18:18:04,511 [main] INFO  balancer.ContainerBalancerTask (ContainerBalancerTask.java:initializeIteration(447)) - Container Balancer has identified 5 Over-Utilized and 2 Under-Utilized Datanodes that need to be balanced.
2023-09-13 18:18:04,511 [main] DEBUG balancer.ContainerBalancerTask (ContainerBalancerTask.java:lambda$initializeIteration$1(453)) - Datanode localhost-108.143.189.206 ee171b35-2724-4868-b35f-db0a4d10637c is Over-Utilized.
2023-09-13 18:18:04,511 [main] DEBUG balancer.ContainerBalancerTask (ContainerBalancerTask.java:lambda$initializeIteration$1(453)) - Datanode localhost-1.135.40.40 e5b213b0-be5f-4b25-a61b-2caec7e5d9b1 is Over-Utilized.
2023-09-13 18:18:04,513 [main] DEBUG balancer.ContainerBalancerTask (ContainerBalancerTask.java:lambda$initializeIteration$1(453)) - Datanode localhost-195.84.121.62 02bc5a57-3f7b-4080-8df1-1b1f3e118d1f is Over-Utilized.
2023-09-13 18:18:04,513 [main] DEBUG balancer.ContainerBalancerTask (ContainerBalancerTask.java:lambda$initializeIteration$1(453)) - Datanode localhost-203.31.63.233 7b8ab83c-1d21-4abb-826c-d4ddfa4ee7c5 is Over-Utilized.
2023-09-13 18:18:04,513 [main] DEBUG balancer.ContainerBalancerTask (ContainerBalancerTask.java:lambda$initializeIteration$1(453)) - Datanode localhost-81.58.237.46 b4b89c1a-0d21-4d0b-9cab-3c48bd96581d is Over-Utilized.
2023-09-13 18:18:04,513 [main] DEBUG balancer.ContainerBalancerTask (ContainerBalancerTask.java:lambda$initializeIteration$2(459)) - Datanode localhost-15.132.92.63 cf7dd2c4-ac07-4f32-b7a6-9129d534a5aa is Under-Utilized.
2023-09-13 18:18:04,513 [main] DEBUG balancer.ContainerBalancerTask (ContainerBalancerTask.java:lambda$initializeIteration$2(459)) - Datanode localhost-123.211.5.179 5610c331-1bdf-47ca-b548-4e2f5bb7723b is Under-Utilized.
2023-09-13 18:18:04,516 [main] DEBUG balancer.ContainerBalancerTask (ContainerBalancerTask.java:matchSourceWithTarget(708)) - ContainerBalancer is finding suitable target for source datanode ee171b35-2724-4868-b35f-db0a4d10637c
2023-09-13 18:18:04,516 [main] INFO  balancer.ContainerBalancerTask (ContainerBalancerTask.java:matchSourceWithTarget(722)) - ContainerBalancer matched source datanode ee171b35-2724-4868-b35f-db0a4d10637c with target datanode cf7dd2c4-ac07-4f32-b7a6-9129d534a5aa for container move.
2023-09-13 18:18:04,516 [main] INFO  balancer.ContainerBalancerTask (ContainerBalancerTask.java:processMoveSelection(569)) - ContainerBalancer is trying to move container #85 with size 5368709120B from source datanode ee171b35-2724-4868-b35f-db0a4d10637c to target datanode cf7dd2c4-ac07-4f32-b7a6-9129d534a5aa
2023-09-13 18:18:04,516 [main] DEBUG balancer.ContainerBalancerTask (ContainerBalancerTask.java:lambda$moveContainer$3(837)) - Container move completed for container #85 from source ee171b35-2724-4868-b35f-db0a4d10637c to target cf7dd2c4-ac07-4f32-b7a6-9129d534a5aa
2023-09-13 18:18:04,518 [main] DEBUG balancer.ContainerBalancerTask (ContainerBalancerTask.java:matchSourceWithTarget(708)) - ContainerBalancer is finding suitable target for source datanode e5b213b0-be5f-4b25-a61b-2caec7e5d9b1
2023-09-13 18:18:04,519 [main] INFO  balancer.ContainerBalancerTask (ContainerBalancerTask.java:matchSourceWithTarget(722)) - ContainerBalancer matched source datanode e5b213b0-be5f-4b25-a61b-2caec7e5d9b1 with target datanode 5610c331-1bdf-47ca-b548-4e2f5bb7723b for container move.
2023-09-13 18:18:04,519 [main] INFO  balancer.ContainerBalancerTask (ContainerBalancerTask.java:processMoveSelection(569)) - ContainerBalancer is trying to move container #68 with size 5368709120B from source datanode e5b213b0-be5f-4b25-a61b-2caec7e5d9b1 to target datanode 5610c331-1bdf-47ca-b548-4e2f5bb7723b
2023-09-13 18:18:04,519 [main] DEBUG balancer.ContainerBalancerTask (ContainerBalancerTask.java:lambda$moveContainer$3(837)) - Container move completed for container #68 from source e5b213b0-be5f-4b25-a61b-2caec7e5d9b1 to target 5610c331-1bdf-47ca-b548-4e2f5bb7723b
2023-09-13 18:18:04,521 [main] DEBUG balancer.ContainerBalancerTask (ContainerBalancerTask.java:matchSourceWithTarget(708)) - ContainerBalancer is finding suitable target for source datanode ee171b35-2724-4868-b35f-db0a4d10637c
2023-09-13 18:18:04,521 [main] INFO  balancer.ContainerBalancerTask (ContainerBalancerTask.java:matchSourceWithTarget(722)) - ContainerBalancer matched source datanode ee171b35-2724-4868-b35f-db0a4d10637c with target datanode 5610c331-1bdf-47ca-b548-4e2f5bb7723b for container move.
2023-09-13 18:18:04,522 [main] INFO  balancer.ContainerBalancerTask (ContainerBalancerTask.java:processMoveSelection(569)) - ContainerBalancer is trying to move container #89 with size 4294967296B from source datanode ee171b35-2724-4868-b35f-db0a4d10637c to target datanode 5610c331-1bdf-47ca-b548-4e2f5bb7723b
2023-09-13 18:18:04,522 [main] DEBUG balancer.ContainerBalancerTask (ContainerBalancerTask.java:lambda$moveContainer$3(837)) - Container move completed for container #89 from source ee171b35-2724-4868-b35f-db0a4d10637c to target 5610c331-1bdf-47ca-b548-4e2f5bb7723b
2023-09-13 18:18:04,524 [main] DEBUG balancer.ContainerBalancerTask (ContainerBalancerTask.java:matchSourceWithTarget(708)) - ContainerBalancer is finding suitable target for source datanode ee171b35-2724-4868-b35f-db0a4d10637c
2023-09-13 18:18:04,524 [main] INFO  balancer.ContainerBalancerTask (ContainerBalancerTask.java:matchSourceWithTarget(722)) - ContainerBalancer matched source datanode ee171b35-2724-4868-b35f-db0a4d10637c with target datanode 5610c331-1bdf-47ca-b548-4e2f5bb7723b for container move.
2023-09-13 18:18:04,524 [main] INFO  balancer.ContainerBalancerTask (ContainerBalancerTask.java:processMoveSelection(569)) - ContainerBalancer is trying to move container #88 with size 3221225472B from source datanode ee171b35-2724-4868-b35f-db0a4d10637c to target datanode 5610c331-1bdf-47ca-b548-4e2f5bb7723b
2023-09-13 18:18:04,524 [main] DEBUG balancer.ContainerBalancerTask (ContainerBalancerTask.java:lambda$moveContainer$3(837)) - Container move completed for container #88 from source ee171b35-2724-4868-b35f-db0a4d10637c to target 5610c331-1bdf-47ca-b548-4e2f5bb7723b
2023-09-13 18:18:04,528 [main] DEBUG balancer.ContainerBalancerTask (ContainerBalancerTask.java:matchSourceWithTarget(708)) - ContainerBalancer is finding suitable target for source datanode 02bc5a57-3f7b-4080-8df1-1b1f3e118d1f
2023-09-13 18:18:04,528 [main] INFO  balancer.ContainerBalancerTask (ContainerBalancerTask.java:matchSourceWithTarget(722)) - ContainerBalancer matched source datanode 02bc5a57-3f7b-4080-8df1-1b1f3e118d1f with target datanode 5610c331-1bdf-47ca-b548-4e2f5bb7723b for container move.
2023-09-13 18:18:04,528 [main] INFO  balancer.ContainerBalancerTask (ContainerBalancerTask.java:processMoveSelection(569)) - ContainerBalancer is trying to move container #40 with size 5368709120B from source datanode 02bc5a57-3f7b-4080-8df1-1b1f3e118d1f to target datanode 5610c331-1bdf-47ca-b548-4e2f5bb7723b
2023-09-13 18:18:04,528 [main] DEBUG balancer.ContainerBalancerTask (ContainerBalancerTask.java:lambda$moveContainer$3(837)) - Container move completed for container #40 from source 02bc5a57-3f7b-4080-8df1-1b1f3e118d1f to target 5610c331-1bdf-47ca-b548-4e2f5bb7723b
2023-09-13 18:18:04,531 [main] DEBUG balancer.ContainerBalancerTask (ContainerBalancerTask.java:matchSourceWithTarget(708)) - ContainerBalancer is finding suitable target for source datanode e5b213b0-be5f-4b25-a61b-2caec7e5d9b1
2023-09-13 18:18:04,531 [main] INFO  balancer.ContainerBalancerTask (ContainerBalancerTask.java:matchSourceWithTarget(722)) - ContainerBalancer matched source datanode e5b213b0-be5f-4b25-a61b-2caec7e5d9b1 with target datanode 5610c331-1bdf-47ca-b548-4e2f5bb7723b for container move.
2023-09-13 18:18:04,531 [main] INFO  balancer.ContainerBalancerTask (ContainerBalancerTask.java:processMoveSelection(569)) - ContainerBalancer is trying to move container #67 with size 4294967296B from source datanode e5b213b0-be5f-4b25-a61b-2caec7e5d9b1 to target datanode 5610c331-1bdf-47ca-b548-4e2f5bb7723b
2023-09-13 18:18:04,531 [main] DEBUG balancer.ContainerBalancerTask (ContainerBalancerTask.java:lambda$moveContainer$3(837)) - Container move completed for container #67 from source e5b213b0-be5f-4b25-a61b-2caec7e5d9b1 to target 5610c331-1bdf-47ca-b548-4e2f5bb7723b
2023-09-13 18:18:04,533 [main] DEBUG balancer.ContainerBalancerTask (ContainerBalancerTask.java:matchSourceWithTarget(708)) - ContainerBalancer is finding suitable target for source datanode ee171b35-2724-4868-b35f-db0a4d10637c
2023-09-13 18:18:04,534 [main] INFO  balancer.ContainerBalancerTask (ContainerBalancerTask.java:matchSourceWithTarget(722)) - ContainerBalancer matched source datanode ee171b35-2724-4868-b35f-db0a4d10637c with target datanode 5610c331-1bdf-47ca-b548-4e2f5bb7723b for container move.
2023-09-13 18:18:04,534 [main] INFO  balancer.ContainerBalancerTask (ContainerBalancerTask.java:processMoveSelection(569)) - ContainerBalancer is trying to move container #83 with size 3221225472B from source datanode ee171b35-2724-4868-b35f-db0a4d10637c to target datanode 5610c331-1bdf-47ca-b548-4e2f5bb7723b
2023-09-13 18:18:04,534 [main] DEBUG balancer.ContainerBalancerTask (ContainerBalancerTask.java:lambda$moveContainer$3(837)) - Container move completed for container #83 from source ee171b35-2724-4868-b35f-db0a4d10637c to target 5610c331-1bdf-47ca-b548-4e2f5bb7723b
2023-09-13 18:18:04,537 [main] DEBUG balancer.ContainerBalancerTask (ContainerBalancerTask.java:matchSourceWithTarget(708)) - ContainerBalancer is finding suitable target for source datanode 02bc5a57-3f7b-4080-8df1-1b1f3e118d1f
2023-09-13 18:18:04,537 [main] INFO  balancer.ContainerBalancerTask (ContainerBalancerTask.java:matchSourceWithTarget(722)) - ContainerBalancer matched source datanode 02bc5a57-3f7b-4080-8df1-1b1f3e118d1f with target datanode 5610c331-1bdf-47ca-b548-4e2f5bb7723b for container move.
2023-09-13 18:18:04,538 [main] INFO  balancer.ContainerBalancerTask (ContainerBalancerTask.java:processMoveSelection(569)) - ContainerBalancer is trying to move container #29 with size 5368709120B from source datanode 02bc5a57-3f7b-4080-8df1-1b1f3e118d1f to target datanode 5610c331-1bdf-47ca-b548-4e2f5bb7723b
2023-09-13 18:18:04,538 [main] DEBUG balancer.ContainerBalancerTask (ContainerBalancerTask.java:lambda$moveContainer$3(837)) - Container move completed for container #29 from source 02bc5a57-3f7b-4080-8df1-1b1f3e118d1f to target 5610c331-1bdf-47ca-b548-4e2f5bb7723b
2023-09-13 18:18:04,540 [main] DEBUG balancer.ContainerBalancerTask (ContainerBalancerTask.java:matchSourceWithTarget(708)) - ContainerBalancer is finding suitable target for source datanode 7b8ab83c-1d21-4abb-826c-d4ddfa4ee7c5
2023-09-13 18:18:04,541 [main] INFO  balancer.ContainerBalancerTask (ContainerBalancerTask.java:matchSourceWithTarget(722)) - ContainerBalancer matched source datanode 7b8ab83c-1d21-4abb-826c-d4ddfa4ee7c5 with target datanode 5610c331-1bdf-47ca-b548-4e2f5bb7723b for container move.
2023-09-13 18:18:04,541 [main] INFO  balancer.ContainerBalancerTask (ContainerBalancerTask.java:processMoveSelection(569)) - ContainerBalancer is trying to move container #39 with size 4294967296B from source datanode 7b8ab83c-1d21-4abb-826c-d4ddfa4ee7c5 to target datanode 5610c331-1bdf-47ca-b548-4e2f5bb7723b
2023-09-13 18:18:04,541 [main] DEBUG balancer.ContainerBalancerTask (ContainerBalancerTask.java:lambda$moveContainer$3(837)) - Container move completed for container #39 from source 7b8ab83c-1d21-4abb-826c-d4ddfa4ee7c5 to target 5610c331-1bdf-47ca-b548-4e2f5bb7723b
2023-09-13 18:18:04,543 [main] DEBUG balancer.ContainerBalancerTask (ContainerBalancerTask.java:matchSourceWithTarget(708)) - ContainerBalancer is finding suitable target for source datanode e5b213b0-be5f-4b25-a61b-2caec7e5d9b1
2023-09-13 18:18:04,544 [main] INFO  balancer.ContainerBalancerTask (ContainerBalancerTask.java:matchSourceWithTarget(722)) - ContainerBalancer matched source datanode e5b213b0-be5f-4b25-a61b-2caec7e5d9b1 with target datanode 5610c331-1bdf-47ca-b548-4e2f5bb7723b for container move.
2023-09-13 18:18:04,544 [main] INFO  balancer.ContainerBalancerTask (ContainerBalancerTask.java:processMoveSelection(569)) - ContainerBalancer is trying to move container #66 with size 3221225472B from source datanode e5b213b0-be5f-4b25-a61b-2caec7e5d9b1 to target datanode 5610c331-1bdf-47ca-b548-4e2f5bb7723b
2023-09-13 18:18:04,544 [main] DEBUG balancer.ContainerBalancerTask (ContainerBalancerTask.java:lambda$moveContainer$3(837)) - Container move completed for container #66 from source e5b213b0-be5f-4b25-a61b-2caec7e5d9b1 to target 5610c331-1bdf-47ca-b548-4e2f5bb7723b
2023-09-13 18:18:04,547 [main] DEBUG balancer.ContainerBalancerTask (ContainerBalancerTask.java:matchSourceWithTarget(708)) - ContainerBalancer is finding suitable target for source datanode 02bc5a57-3f7b-4080-8df1-1b1f3e118d1f
2023-09-13 18:18:04,547 [main] INFO  balancer.ContainerBalancerTask (ContainerBalancerTask.java:matchSourceWithTarget(722)) - ContainerBalancer matched source datanode 02bc5a57-3f7b-4080-8df1-1b1f3e118d1f with target datanode cf7dd2c4-ac07-4f32-b7a6-9129d534a5aa for container move.
2023-09-13 18:18:04,548 [main] INFO  balancer.ContainerBalancerTask (ContainerBalancerTask.java:processMoveSelection(569)) - ContainerBalancer is trying to move container #53 with size 5368709120B from source datanode 02bc5a57-3f7b-4080-8df1-1b1f3e118d1f to target datanode cf7dd2c4-ac07-4f32-b7a6-9129d534a5aa
2023-09-13 18:18:04,548 [main] DEBUG balancer.ContainerBalancerTask (ContainerBalancerTask.java:lambda$moveContainer$3(837)) - Container move completed for container #53 from source 02bc5a57-3f7b-4080-8df1-1b1f3e118d1f to target cf7dd2c4-ac07-4f32-b7a6-9129d534a5aa
2023-09-13 18:18:04,550 [main] DEBUG balancer.ContainerBalancerTask (ContainerBalancerTask.java:matchSourceWithTarget(708)) - ContainerBalancer is finding suitable target for source datanode ee171b35-2724-4868-b35f-db0a4d10637c
2023-09-13 18:18:04,550 [main] INFO  balancer.ContainerBalancerTask (ContainerBalancerTask.java:matchSourceWithTarget(722)) - ContainerBalancer matched source datanode ee171b35-2724-4868-b35f-db0a4d10637c with target datanode 5610c331-1bdf-47ca-b548-4e2f5bb7723b for container move.
2023-09-13 18:18:04,551 [main] INFO  balancer.ContainerBalancerTask (ContainerBalancerTask.java:processMoveSelection(569)) - ContainerBalancer is trying to move container #87 with size 2147483648B from source datanode ee171b35-2724-4868-b35f-db0a4d10637c to target datanode 5610c331-1bdf-47ca-b548-4e2f5bb7723b
2023-09-13 18:18:04,551 [main] DEBUG balancer.ContainerBalancerTask (ContainerBalancerTask.java:lambda$moveContainer$3(837)) - Container move completed for container #87 from source ee171b35-2724-4868-b35f-db0a4d10637c to target 5610c331-1bdf-47ca-b548-4e2f5bb7723b
2023-09-13 18:18:04,554 [main] DEBUG balancer.ContainerBalancerTask (ContainerBalancerTask.java:matchSourceWithTarget(708)) - ContainerBalancer is finding suitable target for source datanode 7b8ab83c-1d21-4abb-826c-d4ddfa4ee7c5
2023-09-13 18:18:04,554 [main] INFO  balancer.ContainerBalancerTask (ContainerBalancerTask.java:matchSourceWithTarget(722)) - ContainerBalancer matched source datanode 7b8ab83c-1d21-4abb-826c-d4ddfa4ee7c5 with target datanode 5610c331-1bdf-47ca-b548-4e2f5bb7723b for container move.
2023-09-13 18:18:04,554 [main] INFO  balancer.ContainerBalancerTask (ContainerBalancerTask.java:processMoveSelection(569)) - ContainerBalancer is trying to move container #37 with size 2147483648B from source datanode 7b8ab83c-1d21-4abb-826c-d4ddfa4ee7c5 to target datanode 5610c331-1bdf-47ca-b548-4e2f5bb7723b
2023-09-13 18:18:04,554 [main] DEBUG balancer.ContainerBalancerTask (ContainerBalancerTask.java:lambda$moveContainer$3(837)) - Container move completed for container #37 from source 7b8ab83c-1d21-4abb-826c-d4ddfa4ee7c5 to target 5610c331-1bdf-47ca-b548-4e2f5bb7723b
2023-09-13 18:18:04,554 [main] WARN  balancer.ContainerBalancerTask (ContainerBalancerTask.java:reachedMaxSizeToMovePerIteration(733)) - Reached max size to move limit. 53687091200 bytes have already been scheduled for balancing and the limit is 53687091200 bytes.
2023-09-13 18:18:04,554 [main] INFO  balancer.ContainerBalancerTask (ContainerBalancerTask.java:checkIterationMoveResults(642)) - Iteration Summary. Number of Datanodes involved: 6. Size moved: 50 GB (53687091200 Bytes). Number of Container moves completed: 13.
2023-09-13 18:18:04,554 [main] INFO  balancer.ContainerBalancerTask (ContainerBalancerTask.java:balance(259)) - Result of this iteration of Container Balancer: ITERATION_COMPLETED
2023-09-13 18:18:04,555 [main] INFO  balancer.ContainerBalancerTask (ContainerBalancerTask.java:tryStopWithSaveConfiguration(308)) - Save Configuration for stopping. Reason: Completed all iterations.
2023-09-13 18:18:04,555 [main] DEBUG balancer.ContainerBalancerTask (ContainerBalancerTask.java:initializeIteration(374)) - Average utilization of the cluster is 0.32470527934442994
2023-09-13 18:18:04,556 [main] DEBUG balancer.ContainerBalancerTask (ContainerBalancerTask.java:initializeIteration(386)) - Lower limit for utilization is 0.10539761066114661 and Upper limit for utilization is 0.5440129480277133
2023-09-13 18:18:04,556 [main] DEBUG balancer.ContainerBalancerTask (ContainerBalancerTask.java:initializeIteration(398)) - Utilization for node ee171b35-2724-4868-b35f-db0a4d10637c with capacity 50107951786B, used 45097156608B, and remaining 5010795178B is 0.9000000000119741
2023-09-13 18:18:04,556 [main] DEBUG balancer.ContainerBalancerTask (ContainerBalancerTask.java:initializeIteration(398)) - Utilization for node e5b213b0-be5f-4b25-a61b-2caec7e5d9b1 with capacity 48318382080B, used 38654705664B, and remaining 9663676416B is 0.8
2023-09-13 18:18:04,556 [main] DEBUG balancer.ContainerBalancerTask (ContainerBalancerTask.java:initializeIteration(398)) - Utilization for node 02bc5a57-3f7b-4080-8df1-1b1f3e118d1f with capacity 88967179702B, used 62277025792B, and remaining 26690153910B is 0.700000000006744
2023-09-13 18:18:04,556 [main] DEBUG balancer.ContainerBalancerTask (ContainerBalancerTask.java:initializeIteration(398)) - Utilization for node 7b8ab83c-1d21-4abb-826c-d4ddfa4ee7c5 with capacity 89478485333B, used 53687091200B, and remaining 35791394133B is 0.6000000000022352
2023-09-13 18:18:04,556 [main] DEBUG balancer.ContainerBalancerTask (ContainerBalancerTask.java:initializeIteration(398)) - Utilization for node b4b89c1a-0d21-4d0b-9cab-3c48bd96581d with capacity 75161927680B, used 37580963840B, and remaining 37580963840B is 0.5
2023-09-13 18:18:04,556 [main] DEBUG balancer.ContainerBalancerTask (ContainerBalancerTask.java:initializeIteration(398)) - Utilization for node 98bb5845-e602-4e3e-a367-d6a0089bcabb with capacity 96636764160B, used 38654705664B, and remaining 57982058496B is 0.4
2023-09-13 18:18:04,556 [main] DEBUG balancer.ContainerBalancerTask (ContainerBalancerTask.java:initializeIteration(398)) - Utilization for node 9993b6fb-ffa3-4b80-88b5-8eb0acf42969 with capacity 118111600640B, used 35433480192B, and remaining 82678120448B is 0.3
2023-09-13 18:18:04,556 [main] DEBUG balancer.ContainerBalancerTask (ContainerBalancerTask.java:initializeIteration(398)) - Utilization for node 33a2b1f0-86c3-48fa-8253-aa687652337a with capacity 171798691840B, used 34359738368B, and remaining 137438953472B is 0.2
2023-09-13 18:18:04,556 [main] DEBUG balancer.ContainerBalancerTask (ContainerBalancerTask.java:initializeIteration(398)) - Utilization for node 5610c331-1bdf-47ca-b548-4e2f5bb7723b with capacity 429496729600B, used 42949672960B, and remaining 386547056640B is 0.1
2023-09-13 18:18:04,556 [main] DEBUG balancer.ContainerBalancerTask (ContainerBalancerTask.java:initializeIteration(398)) - Utilization for node cf7dd2c4-ac07-4f32-b7a6-9129d534a5aa with capacity 28991029248B, used 0B, and remaining 28991029248B is 0.0
2023-09-13 18:18:04,557 [main] INFO  balancer.ContainerBalancerTask (ContainerBalancerTask.java:initializeIteration(447)) - Container Balancer has identified 4 Over-Utilized and 2 Under-Utilized Datanodes that need to be balanced.
2023-09-13 18:18:04,557 [main] DEBUG balancer.ContainerBalancerTask (ContainerBalancerTask.java:lambda$initializeIteration$1(453)) - Datanode localhost-108.143.189.206 ee171b35-2724-4868-b35f-db0a4d10637c is Over-Utilized.
2023-09-13 18:18:04,557 [main] DEBUG balancer.ContainerBalancerTask (ContainerBalancerTask.java:lambda$initializeIteration$1(453)) - Datanode localhost-1.135.40.40 e5b213b0-be5f-4b25-a61b-2caec7e5d9b1 is Over-Utilized.
2023-09-13 18:18:04,557 [main] DEBUG balancer.ContainerBalancerTask (ContainerBalancerTask.java:lambda$initializeIteration$1(453)) - Datanode localhost-195.84.121.62 02bc5a57-3f7b-4080-8df1-1b1f3e118d1f is Over-Utilized.
2023-09-13 18:18:04,557 [main] DEBUG balancer.ContainerBalancerTask (ContainerBalancerTask.java:lambda$initializeIteration$1(453)) - Datanode localhost-203.31.63.233 7b8ab83c-1d21-4abb-826c-d4ddfa4ee7c5 is Over-Utilized.
2023-09-13 18:18:04,557 [main] DEBUG balancer.ContainerBalancerTask (ContainerBalancerTask.java:lambda$initializeIteration$2(459)) - Datanode localhost-15.132.92.63 cf7dd2c4-ac07-4f32-b7a6-9129d534a5aa is Under-Utilized.
2023-09-13 18:18:04,557 [main] DEBUG balancer.ContainerBalancerTask (ContainerBalancerTask.java:lambda$initializeIteration$2(459)) - Datanode localhost-123.211.5.179 5610c331-1bdf-47ca-b548-4e2f5bb7723b is Under-Utilized.
2023-09-13 18:18:04,559 [main] DEBUG balancer.ContainerBalancerTask (ContainerBalancerTask.java:matchSourceWithTarget(708)) - ContainerBalancer is finding suitable target for source datanode ee171b35-2724-4868-b35f-db0a4d10637c
2023-09-13 18:18:04,559 [main] INFO  balancer.ContainerBalancerTask (ContainerBalancerTask.java:matchSourceWithTarget(722)) - ContainerBalancer matched source datanode ee171b35-2724-4868-b35f-db0a4d10637c with target datanode cf7dd2c4-ac07-4f32-b7a6-9129d534a5aa for container move.
2023-09-13 18:18:04,560 [main] INFO  balancer.ContainerBalancerTask (ContainerBalancerTask.java:processMoveSelection(569)) - ContainerBalancer is trying to move container #85 with size 5368709120B from source datanode ee171b35-2724-4868-b35f-db0a4d10637c to target datanode cf7dd2c4-ac07-4f32-b7a6-9129d534a5aa
2023-09-13 18:18:04,560 [main] DEBUG balancer.ContainerBalancerTask (ContainerBalancerTask.java:lambda$moveContainer$3(837)) - Container move completed for container #85 from source ee171b35-2724-4868-b35f-db0a4d10637c to target cf7dd2c4-ac07-4f32-b7a6-9129d534a5aa
2023-09-13 18:18:04,562 [main] DEBUG balancer.ContainerBalancerTask (ContainerBalancerTask.java:matchSourceWithTarget(708)) - ContainerBalancer is finding suitable target for source datanode e5b213b0-be5f-4b25-a61b-2caec7e5d9b1
2023-09-13 18:18:04,562 [main] INFO  balancer.ContainerBalancerTask (ContainerBalancerTask.java:matchSourceWithTarget(722)) - ContainerBalancer matched source datanode e5b213b0-be5f-4b25-a61b-2caec7e5d9b1 with target datanode 5610c331-1bdf-47ca-b548-4e2f5bb7723b for container move.
2023-09-13 18:18:04,562 [main] INFO  balancer.ContainerBalancerTask (ContainerBalancerTask.java:processMoveSelection(569)) - ContainerBalancer is trying to move container #68 with size 5368709120B from source datanode e5b213b0-be5f-4b25-a61b-2caec7e5d9b1 to target datanode 5610c331-1bdf-47ca-b548-4e2f5bb7723b
2023-09-13 18:18:04,562 [main] DEBUG balancer.ContainerBalancerTask (ContainerBalancerTask.java:lambda$moveContainer$3(837)) - Container move completed for container #68 from source e5b213b0-be5f-4b25-a61b-2caec7e5d9b1 to target 5610c331-1bdf-47ca-b548-4e2f5bb7723b
2023-09-13 18:18:04,564 [main] DEBUG balancer.ContainerBalancerTask (ContainerBalancerTask.java:matchSourceWithTarget(708)) - ContainerBalancer is finding suitable target for source datanode ee171b35-2724-4868-b35f-db0a4d10637c
2023-09-13 18:18:04,565 [main] INFO  balancer.ContainerBalancerTask (ContainerBalancerTask.java:matchSourceWithTarget(722)) - ContainerBalancer matched source datanode ee171b35-2724-4868-b35f-db0a4d10637c with target datanode 5610c331-1bdf-47ca-b548-4e2f5bb7723b for container move.
2023-09-13 18:18:04,565 [main] INFO  balancer.ContainerBalancerTask (ContainerBalancerTask.java:processMoveSelection(569)) - ContainerBalancer is trying to move container #89 with size 4294967296B from source datanode ee171b35-2724-4868-b35f-db0a4d10637c to target datanode 5610c331-1bdf-47ca-b548-4e2f5bb7723b
2023-09-13 18:18:04,565 [main] DEBUG balancer.ContainerBalancerTask (ContainerBalancerTask.java:lambda$moveContainer$3(837)) - Container move completed for container #89 from source ee171b35-2724-4868-b35f-db0a4d10637c to target 5610c331-1bdf-47ca-b548-4e2f5bb7723b
2023-09-13 18:18:04,567 [main] DEBUG balancer.ContainerBalancerTask (ContainerBalancerTask.java:matchSourceWithTarget(708)) - ContainerBalancer is finding suitable target for source datanode ee171b35-2724-4868-b35f-db0a4d10637c
2023-09-13 18:18:04,567 [main] INFO  balancer.ContainerBalancerTask (ContainerBalancerTask.java:matchSourceWithTarget(722)) - ContainerBalancer matched source datanode ee171b35-2724-4868-b35f-db0a4d10637c with target datanode 5610c331-1bdf-47ca-b548-4e2f5bb7723b for container move.
2023-09-13 18:18:04,568 [main] INFO  balancer.ContainerBalancerTask (ContainerBalancerTask.java:processMoveSelection(569)) - ContainerBalancer is trying to move container #88 with size 3221225472B from source datanode ee171b35-2724-4868-b35f-db0a4d10637c to target datanode 5610c331-1bdf-47ca-b548-4e2f5bb7723b
2023-09-13 18:18:04,568 [main] DEBUG balancer.ContainerBalancerTask (ContainerBalancerTask.java:lambda$moveContainer$3(837)) - Container move completed for container #88 from source ee171b35-2724-4868-b35f-db0a4d10637c to target 5610c331-1bdf-47ca-b548-4e2f5bb7723b
2023-09-13 18:18:04,571 [main] DEBUG balancer.ContainerBalancerTask (ContainerBalancerTask.java:matchSourceWithTarget(708)) - ContainerBalancer is finding suitable target for source datanode 02bc5a57-3f7b-4080-8df1-1b1f3e118d1f
2023-09-13 18:18:04,571 [main] INFO  balancer.ContainerBalancerTask (ContainerBalancerTask.java:matchSourceWithTarget(722)) - ContainerBalancer matched source datanode 02bc5a57-3f7b-4080-8df1-1b1f3e118d1f with target datanode 5610c331-1bdf-47ca-b548-4e2f5bb7723b for container move.
2023-09-13 18:18:04,571 [main] INFO  balancer.ContainerBalancerTask (ContainerBalancerTask.java:processMoveSelection(569)) - ContainerBalancer is trying to move container #40 with size 5368709120B from source datanode 02bc5a57-3f7b-4080-8df1-1b1f3e118d1f to target datanode 5610c331-1bdf-47ca-b548-4e2f5bb7723b
2023-09-13 18:18:04,571 [main] DEBUG balancer.ContainerBalancerTask (ContainerBalancerTask.java:lambda$moveContainer$3(837)) - Container move completed for container #40 from source 02bc5a57-3f7b-4080-8df1-1b1f3e118d1f to target 5610c331-1bdf-47ca-b548-4e2f5bb7723b
2023-09-13 18:18:04,574 [main] DEBUG balancer.ContainerBalancerTask (ContainerBalancerTask.java:matchSourceWithTarget(708)) - ContainerBalancer is finding suitable target for source datanode e5b213b0-be5f-4b25-a61b-2caec7e5d9b1
2023-09-13 18:18:04,574 [main] INFO  balancer.ContainerBalancerTask (ContainerBalancerTask.java:matchSourceWithTarget(722)) - ContainerBalancer matched source datanode e5b213b0-be5f-4b25-a61b-2caec7e5d9b1 with target datanode 5610c331-1bdf-47ca-b548-4e2f5bb7723b for container move.
2023-09-13 18:18:04,574 [main] INFO  balancer.ContainerBalancerTask (ContainerBalancerTask.java:processMoveSelection(569)) - ContainerBalancer is trying to move container #67 with size 4294967296B from source datanode e5b213b0-be5f-4b25-a61b-2caec7e5d9b1 to target datanode 5610c331-1bdf-47ca-b548-4e2f5bb7723b
2023-09-13 18:18:04,574 [main] DEBUG balancer.ContainerBalancerTask (ContainerBalancerTask.java:lambda$moveContainer$3(837)) - Container move completed for container #67 from source e5b213b0-be5f-4b25-a61b-2caec7e5d9b1 to target 5610c331-1bdf-47ca-b548-4e2f5bb7723b
2023-09-13 18:18:04,576 [main] DEBUG balancer.ContainerBalancerTask (ContainerBalancerTask.java:matchSourceWithTarget(708)) - ContainerBalancer is finding suitable target for source datanode ee171b35-2724-4868-b35f-db0a4d10637c
2023-09-13 18:18:04,577 [main] INFO  balancer.ContainerBalancerTask (ContainerBalancerTask.java:matchSourceWithTarget(722)) - ContainerBalancer matched source datanode ee171b35-2724-4868-b35f-db0a4d10637c with target datanode 5610c331-1bdf-47ca-b548-4e2f5bb7723b for container move.
2023-09-13 18:18:04,577 [main] INFO  balancer.ContainerBalancerTask (ContainerBalancerTask.java:processMoveSelection(569)) - ContainerBalancer is trying to move container #83 with size 3221225472B from source datanode ee171b35-2724-4868-b35f-db0a4d10637c to target datanode 5610c331-1bdf-47ca-b548-4e2f5bb7723b
2023-09-13 18:18:04,577 [main] DEBUG balancer.ContainerBalancerTask (ContainerBalancerTask.java:lambda$moveContainer$3(837)) - Container move completed for container #83 from source ee171b35-2724-4868-b35f-db0a4d10637c to target 5610c331-1bdf-47ca-b548-4e2f5bb7723b
2023-09-13 18:18:04,580 [main] DEBUG balancer.ContainerBalancerTask (ContainerBalancerTask.java:matchSourceWithTarget(708)) - ContainerBalancer is finding suitable target for source datanode 02bc5a57-3f7b-4080-8df1-1b1f3e118d1f
2023-09-13 18:18:04,580 [main] INFO  balancer.ContainerBalancerTask (ContainerBalancerTask.java:matchSourceWithTarget(722)) - ContainerBalancer matched source datanode 02bc5a57-3f7b-4080-8df1-1b1f3e118d1f with target datanode 5610c331-1bdf-47ca-b548-4e2f5bb7723b for container move.
2023-09-13 18:18:04,581 [main] INFO  balancer.ContainerBalancerTask (ContainerBalancerTask.java:processMoveSelection(569)) - ContainerBalancer is trying to move container #29 with size 5368709120B from source datanode 02bc5a57-3f7b-4080-8df1-1b1f3e118d1f to target datanode 5610c331-1bdf-47ca-b548-4e2f5bb7723b
2023-09-13 18:18:04,581 [main] DEBUG balancer.ContainerBalancerTask (ContainerBalancerTask.java:lambda$moveContainer$3(837)) - Container move completed for container #29 from source 02bc5a57-3f7b-4080-8df1-1b1f3e118d1f to target 5610c331-1bdf-47ca-b548-4e2f5bb7723b
2023-09-13 18:18:04,583 [main] DEBUG balancer.ContainerBalancerTask (ContainerBalancerTask.java:matchSourceWithTarget(708)) - ContainerBalancer is finding suitable target for source datanode 7b8ab83c-1d21-4abb-826c-d4ddfa4ee7c5
2023-09-13 18:18:04,584 [main] INFO  balancer.ContainerBalancerTask (ContainerBalancerTask.java:matchSourceWithTarget(722)) - ContainerBalancer matched source datanode 7b8ab83c-1d21-4abb-826c-d4ddfa4ee7c5 with target datanode 5610c331-1bdf-47ca-b548-4e2f5bb7723b for container move.
2023-09-13 18:18:04,584 [main] INFO  balancer.ContainerBalancerTask (ContainerBalancerTask.java:processMoveSelection(569)) - ContainerBalancer is trying to move container #39 with size 4294967296B from source datanode 7b8ab83c-1d21-4abb-826c-d4ddfa4ee7c5 to target datanode 5610c331-1bdf-47ca-b548-4e2f5bb7723b
2023-09-13 18:18:04,584 [main] DEBUG balancer.ContainerBalancerTask (ContainerBalancerTask.java:lambda$moveContainer$3(837)) - Container move completed for container #39 from source 7b8ab83c-1d21-4abb-826c-d4ddfa4ee7c5 to target 5610c331-1bdf-47ca-b548-4e2f5bb7723b
2023-09-13 18:18:04,586 [main] DEBUG balancer.ContainerBalancerTask (ContainerBalancerTask.java:matchSourceWithTarget(708)) - ContainerBalancer is finding suitable target for source datanode e5b213b0-be5f-4b25-a61b-2caec7e5d9b1
2023-09-13 18:18:04,587 [main] INFO  balancer.ContainerBalancerTask (ContainerBalancerTask.java:matchSourceWithTarget(722)) - ContainerBalancer matched source datanode e5b213b0-be5f-4b25-a61b-2caec7e5d9b1 with target datanode 5610c331-1bdf-47ca-b548-4e2f5bb7723b for container move.
2023-09-13 18:18:04,587 [main] INFO  balancer.ContainerBalancerTask (ContainerBalancerTask.java:processMoveSelection(569)) - ContainerBalancer is trying to move container #66 with size 3221225472B from source datanode e5b213b0-be5f-4b25-a61b-2caec7e5d9b1 to target datanode 5610c331-1bdf-47ca-b548-4e2f5bb7723b
2023-09-13 18:18:04,587 [main] DEBUG balancer.ContainerBalancerTask (ContainerBalancerTask.java:lambda$moveContainer$3(837)) - Container move completed for container #66 from source e5b213b0-be5f-4b25-a61b-2caec7e5d9b1 to target 5610c331-1bdf-47ca-b548-4e2f5bb7723b
2023-09-13 18:18:04,590 [main] DEBUG balancer.ContainerBalancerTask (ContainerBalancerTask.java:matchSourceWithTarget(708)) - ContainerBalancer is finding suitable target for source datanode 02bc5a57-3f7b-4080-8df1-1b1f3e118d1f
2023-09-13 18:18:04,591 [main] INFO  balancer.ContainerBalancerTask (ContainerBalancerTask.java:matchSourceWithTarget(722)) - ContainerBalancer matched source datanode 02bc5a57-3f7b-4080-8df1-1b1f3e118d1f with target datanode cf7dd2c4-ac07-4f32-b7a6-9129d534a5aa for container move.
2023-09-13 18:18:04,591 [main] INFO  balancer.ContainerBalancerTask (ContainerBalancerTask.java:processMoveSelection(569)) - ContainerBalancer is trying to move container #53 with size 5368709120B from source datanode 02bc5a57-3f7b-4080-8df1-1b1f3e118d1f to target datanode cf7dd2c4-ac07-4f32-b7a6-9129d534a5aa
2023-09-13 18:18:04,591 [main] DEBUG balancer.ContainerBalancerTask (ContainerBalancerTask.java:lambda$moveContainer$3(837)) - Container move completed for container #53 from source 02bc5a57-3f7b-4080-8df1-1b1f3e118d1f to target cf7dd2c4-ac07-4f32-b7a6-9129d534a5aa
2023-09-13 18:18:04,593 [main] DEBUG balancer.ContainerBalancerTask (ContainerBalancerTask.java:matchSourceWithTarget(708)) - ContainerBalancer is finding suitable target for source datanode ee171b35-2724-4868-b35f-db0a4d10637c
2023-09-13 18:18:04,594 [main] INFO  balancer.ContainerBalancerTask (ContainerBalancerTask.java:matchSourceWithTarget(722)) - ContainerBalancer matched source datanode ee171b35-2724-4868-b35f-db0a4d10637c with target datanode 5610c331-1bdf-47ca-b548-4e2f5bb7723b for container move.
2023-09-13 18:18:04,594 [main] INFO  balancer.ContainerBalancerTask (ContainerBalancerTask.java:processMoveSelection(569)) - ContainerBalancer is trying to move container #87 with size 2147483648B from source datanode ee171b35-2724-4868-b35f-db0a4d10637c to target datanode 5610c331-1bdf-47ca-b548-4e2f5bb7723b
2023-09-13 18:18:04,594 [main] DEBUG balancer.ContainerBalancerTask (ContainerBalancerTask.java:lambda$moveContainer$3(837)) - Container move completed for container #87 from source ee171b35-2724-4868-b35f-db0a4d10637c to target 5610c331-1bdf-47ca-b548-4e2f5bb7723b
2023-09-13 18:18:04,597 [main] DEBUG balancer.ContainerBalancerTask (ContainerBalancerTask.java:matchSourceWithTarget(708)) - ContainerBalancer is finding suitable target for source datanode 7b8ab83c-1d21-4abb-826c-d4ddfa4ee7c5
2023-09-13 18:18:04,597 [main] INFO  balancer.ContainerBalancerTask (ContainerBalancerTask.java:matchSourceWithTarget(722)) - ContainerBalancer matched source datanode 7b8ab83c-1d21-4abb-826c-d4ddfa4ee7c5 with target datanode 5610c331-1bdf-47ca-b548-4e2f5bb7723b for container move.
2023-09-13 18:18:04,597 [main] INFO  balancer.ContainerBalancerTask (ContainerBalancerTask.java:processMoveSelection(569)) - ContainerBalancer is trying to move container #37 with size 2147483648B from source datanode 7b8ab83c-1d21-4abb-826c-d4ddfa4ee7c5 to target datanode 5610c331-1bdf-47ca-b548-4e2f5bb7723b
2023-09-13 18:18:04,597 [main] DEBUG balancer.ContainerBalancerTask (ContainerBalancerTask.java:lambda$moveContainer$3(837)) - Container move completed for container #37 from source 7b8ab83c-1d21-4abb-826c-d4ddfa4ee7c5 to target 5610c331-1bdf-47ca-b548-4e2f5bb7723b
2023-09-13 18:18:04,597 [main] WARN  balancer.ContainerBalancerTask (ContainerBalancerTask.java:reachedMaxSizeToMovePerIteration(733)) - Reached max size to move limit. 53687091200 bytes have already been scheduled for balancing and the limit is 53687091200 bytes.
2023-09-13 18:18:04,597 [main] INFO  balancer.ContainerBalancerTask (ContainerBalancerTask.java:checkIterationMoveResults(642)) - Iteration Summary. Number of Datanodes involved: 6. Size moved: 50 GB (53687091200 Bytes). Number of Container moves completed: 13.
2023-09-13 18:18:04,597 [main] INFO  balancer.ContainerBalancerTask (ContainerBalancerTask.java:balance(259)) - Result of this iteration of Container Balancer: ITERATION_COMPLETED
2023-09-13 18:18:04,598 [main] INFO  balancer.ContainerBalancerTask (ContainerBalancerTask.java:tryStopWithSaveConfiguration(308)) - Save Configuration for stopping. Reason: Completed all iterations.
2023-09-13 18:18:04,598 [main] DEBUG balancer.ContainerBalancerTask (ContainerBalancerTask.java:initializeIteration(374)) - Average utilization of the cluster is 0.32470527934442994
2023-09-13 18:18:04,599 [main] DEBUG balancer.ContainerBalancerTask (ContainerBalancerTask.java:initializeIteration(386)) - Lower limit for utilization is -0.2201763278966241 and Upper limit for utilization is 0.869586886585484
2023-09-13 18:18:04,599 [main] DEBUG balancer.ContainerBalancerTask (ContainerBalancerTask.java:initializeIteration(398)) - Utilization for node ee171b35-2724-4868-b35f-db0a4d10637c with capacity 50107951786B, used 45097156608B, and remaining 5010795178B is 0.9000000000119741
2023-09-13 18:18:04,599 [main] DEBUG balancer.ContainerBalancerTask (ContainerBalancerTask.java:initializeIteration(398)) - Utilization for node e5b213b0-be5f-4b25-a61b-2caec7e5d9b1 with capacity 48318382080B, used 38654705664B, and remaining 9663676416B is 0.8
2023-09-13 18:18:04,599 [main] DEBUG balancer.ContainerBalancerTask (ContainerBalancerTask.java:initializeIteration(398)) - Utilization for node 02bc5a57-3f7b-4080-8df1-1b1f3e118d1f with capacity 88967179702B, used 62277025792B, and remaining 26690153910B is 0.700000000006744
2023-09-13 18:18:04,599 [main] DEBUG balancer.ContainerBalancerTask (ContainerBalancerTask.java:initializeIteration(398)) - Utilization for node 7b8ab83c-1d21-4abb-826c-d4ddfa4ee7c5 with capacity 89478485333B, used 53687091200B, and remaining 35791394133B is 0.6000000000022352
2023-09-13 18:18:04,599 [main] DEBUG balancer.ContainerBalancerTask (ContainerBalancerTask.java:initializeIteration(398)) - Utilization for node b4b89c1a-0d21-4d0b-9cab-3c48bd96581d with capacity 75161927680B, used 37580963840B, and remaining 37580963840B is 0.5
2023-09-13 18:18:04,599 [main] DEBUG balancer.ContainerBalancerTask (ContainerBalancerTask.java:initializeIteration(398)) - Utilization for node 98bb5845-e602-4e3e-a367-d6a0089bcabb with capacity 96636764160B, used 38654705664B, and remaining 57982058496B is 0.4
2023-09-13 18:18:04,599 [main] DEBUG balancer.ContainerBalancerTask (ContainerBalancerTask.java:initializeIteration(398)) - Utilization for node 9993b6fb-ffa3-4b80-88b5-8eb0acf42969 with capacity 118111600640B, used 35433480192B, and remaining 82678120448B is 0.3
2023-09-13 18:18:04,599 [main] DEBUG balancer.ContainerBalancerTask (ContainerBalancerTask.java:initializeIteration(398)) - Utilization for node 33a2b1f0-86c3-48fa-8253-aa687652337a with capacity 171798691840B, used 34359738368B, and remaining 137438953472B is 0.2
2023-09-13 18:18:04,599 [main] DEBUG balancer.ContainerBalancerTask (ContainerBalancerTask.java:initializeIteration(398)) - Utilization for node 5610c331-1bdf-47ca-b548-4e2f5bb7723b with capacity 429496729600B, used 42949672960B, and remaining 386547056640B is 0.1
2023-09-13 18:18:04,600 [main] DEBUG balancer.ContainerBalancerTask (ContainerBalancerTask.java:initializeIteration(398)) - Utilization for node cf7dd2c4-ac07-4f32-b7a6-9129d534a5aa with capacity 28991029248B, used 0B, and remaining 28991029248B is 0.0
2023-09-13 18:18:04,600 [main] INFO  balancer.ContainerBalancerTask (ContainerBalancerTask.java:initializeIteration(447)) - Container Balancer has identified 1 Over-Utilized and 0 Under-Utilized Datanodes that need to be balanced.
2023-09-13 18:18:04,600 [main] DEBUG balancer.ContainerBalancerTask (ContainerBalancerTask.java:lambda$initializeIteration$1(453)) - Datanode localhost-108.143.189.206 ee171b35-2724-4868-b35f-db0a4d10637c is Over-Utilized.
2023-09-13 18:18:04,602 [main] DEBUG balancer.ContainerBalancerTask (ContainerBalancerTask.java:matchSourceWithTarget(708)) - ContainerBalancer is finding suitable target for source datanode ee171b35-2724-4868-b35f-db0a4d10637c
2023-09-13 18:18:04,602 [main] INFO  balancer.FindTargetGreedyByUsageInfo (AbstractFindTargetGreedy.java:findTargetForContainerMove(133)) - Container Balancer could not find a target for source datanode ee171b35-2724-4868-b35f-db0a4d10637c
2023-09-13 18:18:04,602 [main] DEBUG balancer.ContainerBalancerTask (ContainerBalancerTask.java:matchSourceWithTarget(717)) - ContainerBalancer could not find a suitable target for source node ee171b35-2724-4868-b35f-db0a4d10637c.
2023-09-13 18:18:04,602 [main] INFO  balancer.FindSourceGreedy (FindSourceGreedy.java:getNextCandidateSourceDataNode(126)) - no more candidate source data node
2023-09-13 18:18:04,602 [main] INFO  balancer.ContainerBalancerTask (ContainerBalancerTask.java:balance(259)) - Result of this iteration of Container Balancer: CAN_NOT_BALANCE_ANY_MORE
2023-09-13 18:18:04,602 [main] INFO  balancer.ContainerBalancerTask (ContainerBalancerTask.java:tryStopWithSaveConfiguration(308)) - Save Configuration for stopping. Reason: CAN_NOT_BALANCE_ANY_MORE
2023-09-13 18:18:04,603 [main] DEBUG balancer.ContainerBalancerTask (ContainerBalancerTask.java:initializeIteration(374)) - Average utilization of the cluster is 0.32470527934442994
2023-09-13 18:18:04,603 [main] DEBUG balancer.ContainerBalancerTask (ContainerBalancerTask.java:initializeIteration(386)) - Lower limit for utilization is -0.051420718162615175 and Upper limit for utilization is 0.7008312768514751
2023-09-13 18:18:04,603 [main] DEBUG balancer.ContainerBalancerTask (ContainerBalancerTask.java:initializeIteration(398)) - Utilization for node ee171b35-2724-4868-b35f-db0a4d10637c with capacity 50107951786B, used 45097156608B, and remaining 5010795178B is 0.9000000000119741
2023-09-13 18:18:04,604 [main] DEBUG balancer.ContainerBalancerTask (ContainerBalancerTask.java:initializeIteration(398)) - Utilization for node e5b213b0-be5f-4b25-a61b-2caec7e5d9b1 with capacity 48318382080B, used 38654705664B, and remaining 9663676416B is 0.8
2023-09-13 18:18:04,604 [main] DEBUG balancer.ContainerBalancerTask (ContainerBalancerTask.java:initializeIteration(398)) - Utilization for node 02bc5a57-3f7b-4080-8df1-1b1f3e118d1f with capacity 88967179702B, used 62277025792B, and remaining 26690153910B is 0.700000000006744
2023-09-13 18:18:04,604 [main] DEBUG balancer.ContainerBalancerTask (ContainerBalancerTask.java:initializeIteration(398)) - Utilization for node 7b8ab83c-1d21-4abb-826c-d4ddfa4ee7c5 with capacity 89478485333B, used 53687091200B, and remaining 35791394133B is 0.6000000000022352
2023-09-13 18:18:04,606 [main] DEBUG balancer.ContainerBalancerTask (ContainerBalancerTask.java:initializeIteration(398)) - Utilization for node b4b89c1a-0d21-4d0b-9cab-3c48bd96581d with capacity 75161927680B, used 37580963840B, and remaining 37580963840B is 0.5
2023-09-13 18:18:04,606 [main] DEBUG balancer.ContainerBalancerTask (ContainerBalancerTask.java:initializeIteration(398)) - Utilization for node 98bb5845-e602-4e3e-a367-d6a0089bcabb with capacity 96636764160B, used 38654705664B, and remaining 57982058496B is 0.4
2023-09-13 18:18:04,606 [main] DEBUG balancer.ContainerBalancerTask (ContainerBalancerTask.java:initializeIteration(398)) - Utilization for node 9993b6fb-ffa3-4b80-88b5-8eb0acf42969 with capacity 118111600640B, used 35433480192B, and remaining 82678120448B is 0.3
2023-09-13 18:18:04,606 [main] DEBUG balancer.ContainerBalancerTask (ContainerBalancerTask.java:initializeIteration(398)) - Utilization for node 33a2b1f0-86c3-48fa-8253-aa687652337a with capacity 171798691840B, used 34359738368B, and remaining 137438953472B is 0.2
2023-09-13 18:18:04,606 [main] DEBUG balancer.ContainerBalancerTask (ContainerBalancerTask.java:initializeIteration(398)) - Utilization for node 5610c331-1bdf-47ca-b548-4e2f5bb7723b with capacity 429496729600B, used 42949672960B, and remaining 386547056640B is 0.1
2023-09-13 18:18:04,606 [main] DEBUG balancer.ContainerBalancerTask (ContainerBalancerTask.java:initializeIteration(398)) - Utilization for node cf7dd2c4-ac07-4f32-b7a6-9129d534a5aa with capacity 28991029248B, used 0B, and remaining 28991029248B is 0.0
2023-09-13 18:18:04,606 [main] INFO  balancer.ContainerBalancerTask (ContainerBalancerTask.java:initializeIteration(447)) - Container Balancer has identified 2 Over-Utilized and 0 Under-Utilized Datanodes that need to be balanced.
2023-09-13 18:18:04,606 [main] DEBUG balancer.ContainerBalancerTask (ContainerBalancerTask.java:lambda$initializeIteration$1(453)) - Datanode localhost-108.143.189.206 ee171b35-2724-4868-b35f-db0a4d10637c is Over-Utilized.
2023-09-13 18:18:04,606 [main] DEBUG balancer.ContainerBalancerTask (ContainerBalancerTask.java:lambda$initializeIteration$1(453)) - Datanode localhost-1.135.40.40 e5b213b0-be5f-4b25-a61b-2caec7e5d9b1 is Over-Utilized.
2023-09-13 18:18:04,609 [main] DEBUG balancer.ContainerBalancerTask (ContainerBalancerTask.java:matchSourceWithTarget(708)) - ContainerBalancer is finding suitable target for source datanode ee171b35-2724-4868-b35f-db0a4d10637c
2023-09-13 18:18:04,609 [main] INFO  balancer.FindTargetGreedyByUsageInfo (AbstractFindTargetGreedy.java:findTargetForContainerMove(133)) - Container Balancer could not find a target for source datanode ee171b35-2724-4868-b35f-db0a4d10637c
2023-09-13 18:18:04,609 [main] DEBUG balancer.ContainerBalancerTask (ContainerBalancerTask.java:matchSourceWithTarget(717)) - ContainerBalancer could not find a suitable target for source node ee171b35-2724-4868-b35f-db0a4d10637c.
2023-09-13 18:18:04,611 [main] DEBUG balancer.ContainerBalancerTask (ContainerBalancerTask.java:matchSourceWithTarget(708)) - ContainerBalancer is finding suitable target for source datanode e5b213b0-be5f-4b25-a61b-2caec7e5d9b1
2023-09-13 18:18:04,611 [main] INFO  balancer.FindTargetGreedyByUsageInfo (AbstractFindTargetGreedy.java:findTargetForContainerMove(133)) - Container Balancer could not find a target for source datanode e5b213b0-be5f-4b25-a61b-2caec7e5d9b1
2023-09-13 18:18:04,611 [main] DEBUG balancer.ContainerBalancerTask (ContainerBalancerTask.java:matchSourceWithTarget(717)) - ContainerBalancer could not find a suitable target for source node e5b213b0-be5f-4b25-a61b-2caec7e5d9b1.
2023-09-13 18:18:04,611 [main] INFO  balancer.FindSourceGreedy (FindSourceGreedy.java:getNextCandidateSourceDataNode(126)) - no more candidate source data node
2023-09-13 18:18:04,611 [main] INFO  balancer.ContainerBalancerTask (ContainerBalancerTask.java:balance(259)) - Result of this iteration of Container Balancer: CAN_NOT_BALANCE_ANY_MORE
2023-09-13 18:18:04,611 [main] INFO  balancer.ContainerBalancerTask (ContainerBalancerTask.java:tryStopWithSaveConfiguration(308)) - Save Configuration for stopping. Reason: CAN_NOT_BALANCE_ANY_MORE
2023-09-13 18:18:04,612 [main] DEBUG balancer.ContainerBalancerTask (ContainerBalancerTask.java:initializeIteration(374)) - Average utilization of the cluster is 0.32470527934442994
2023-09-13 18:18:04,612 [main] DEBUG balancer.ContainerBalancerTask (ContainerBalancerTask.java:initializeIteration(386)) - Lower limit for utilization is -0.1416990416712428 and Upper limit for utilization is 0.7911096003601027
2023-09-13 18:18:04,612 [main] DEBUG balancer.ContainerBalancerTask (ContainerBalancerTask.java:initializeIteration(398)) - Utilization for node ee171b35-2724-4868-b35f-db0a4d10637c with capacity 50107951786B, used 45097156608B, and remaining 5010795178B is 0.9000000000119741
2023-09-13 18:18:04,612 [main] DEBUG balancer.ContainerBalancerTask (ContainerBalancerTask.java:initializeIteration(398)) - Utilization for node e5b213b0-be5f-4b25-a61b-2caec7e5d9b1 with capacity 48318382080B, used 38654705664B, and remaining 9663676416B is 0.8
2023-09-13 18:18:04,612 [main] DEBUG balancer.ContainerBalancerTask (ContainerBalancerTask.java:initializeIteration(398)) - Utilization for node 02bc5a57-3f7b-4080-8df1-1b1f3e118d1f with capacity 88967179702B, used 62277025792B, and remaining 26690153910B is 0.700000000006744
2023-09-13 18:18:04,612 [main] DEBUG balancer.ContainerBalancerTask (ContainerBalancerTask.java:initializeIteration(398)) - Utilization for node 7b8ab83c-1d21-4abb-826c-d4ddfa4ee7c5 with capacity 89478485333B, used 53687091200B, and remaining 35791394133B is 0.6000000000022352
2023-09-13 18:18:04,612 [main] DEBUG balancer.ContainerBalancerTask (ContainerBalancerTask.java:initializeIteration(398)) - Utilization for node b4b89c1a-0d21-4d0b-9cab-3c48bd96581d with capacity 75161927680B, used 37580963840B, and remaining 37580963840B is 0.5
2023-09-13 18:18:04,612 [main] DEBUG balancer.ContainerBalancerTask (ContainerBalancerTask.java:initializeIteration(398)) - Utilization for node 98bb5845-e602-4e3e-a367-d6a0089bcabb with capacity 96636764160B, used 38654705664B, and remaining 57982058496B is 0.4
2023-09-13 18:18:04,613 [main] DEBUG balancer.ContainerBalancerTask (ContainerBalancerTask.java:initializeIteration(398)) - Utilization for node 9993b6fb-ffa3-4b80-88b5-8eb0acf42969 with capacity 118111600640B, used 35433480192B, and remaining 82678120448B is 0.3
2023-09-13 18:18:04,613 [main] DEBUG balancer.ContainerBalancerTask (ContainerBalancerTask.java:initializeIteration(398)) - Utilization for node 33a2b1f0-86c3-48fa-8253-aa687652337a with capacity 171798691840B, used 34359738368B, and remaining 137438953472B is 0.2
2023-09-13 18:18:04,613 [main] DEBUG balancer.ContainerBalancerTask (ContainerBalancerTask.java:initializeIteration(398)) - Utilization for node 5610c331-1bdf-47ca-b548-4e2f5bb7723b with capacity 429496729600B, used 42949672960B, and remaining 386547056640B is 0.1
2023-09-13 18:18:04,613 [main] DEBUG balancer.ContainerBalancerTask (ContainerBalancerTask.java:initializeIteration(398)) - Utilization for node cf7dd2c4-ac07-4f32-b7a6-9129d534a5aa with capacity 28991029248B, used 0B, and remaining 28991029248B is 0.0
2023-09-13 18:18:04,613 [main] INFO  balancer.ContainerBalancerTask (ContainerBalancerTask.java:initializeIteration(447)) - Container Balancer has identified 2 Over-Utilized and 0 Under-Utilized Datanodes that need to be balanced.
2023-09-13 18:18:04,613 [main] DEBUG balancer.ContainerBalancerTask (ContainerBalancerTask.java:lambda$initializeIteration$1(453)) - Datanode localhost-108.143.189.206 ee171b35-2724-4868-b35f-db0a4d10637c is Over-Utilized.
2023-09-13 18:18:04,613 [main] DEBUG balancer.ContainerBalancerTask (ContainerBalancerTask.java:lambda$initializeIteration$1(453)) - Datanode localhost-1.135.40.40 e5b213b0-be5f-4b25-a61b-2caec7e5d9b1 is Over-Utilized.
2023-09-13 18:18:04,615 [main] DEBUG balancer.ContainerBalancerTask (ContainerBalancerTask.java:matchSourceWithTarget(708)) - ContainerBalancer is finding suitable target for source datanode ee171b35-2724-4868-b35f-db0a4d10637c
2023-09-13 18:18:04,615 [main] INFO  balancer.FindTargetGreedyByUsageInfo (AbstractFindTargetGreedy.java:findTargetForContainerMove(133)) - Container Balancer could not find a target for source datanode ee171b35-2724-4868-b35f-db0a4d10637c
2023-09-13 18:18:04,615 [main] DEBUG balancer.ContainerBalancerTask (ContainerBalancerTask.java:matchSourceWithTarget(717)) - ContainerBalancer could not find a suitable target for source node ee171b35-2724-4868-b35f-db0a4d10637c.
2023-09-13 18:18:04,617 [main] DEBUG balancer.ContainerBalancerTask (ContainerBalancerTask.java:matchSourceWithTarget(708)) - ContainerBalancer is finding suitable target for source datanode e5b213b0-be5f-4b25-a61b-2caec7e5d9b1
2023-09-13 18:18:04,617 [main] INFO  balancer.FindTargetGreedyByUsageInfo (AbstractFindTargetGreedy.java:findTargetForContainerMove(133)) - Container Balancer could not find a target for source datanode e5b213b0-be5f-4b25-a61b-2caec7e5d9b1
2023-09-13 18:18:04,617 [main] DEBUG balancer.ContainerBalancerTask (ContainerBalancerTask.java:matchSourceWithTarget(717)) - ContainerBalancer could not find a suitable target for source node e5b213b0-be5f-4b25-a61b-2caec7e5d9b1.
2023-09-13 18:18:04,617 [main] INFO  balancer.FindSourceGreedy (FindSourceGreedy.java:getNextCandidateSourceDataNode(126)) - no more candidate source data node
2023-09-13 18:18:04,618 [main] INFO  balancer.ContainerBalancerTask (ContainerBalancerTask.java:balance(259)) - Result of this iteration of Container Balancer: CAN_NOT_BALANCE_ANY_MORE
2023-09-13 18:18:04,618 [main] INFO  balancer.ContainerBalancerTask (ContainerBalancerTask.java:tryStopWithSaveConfiguration(308)) - Save Configuration for stopping. Reason: CAN_NOT_BALANCE_ANY_MORE
2023-09-13 18:18:04,618 [main] DEBUG balancer.ContainerBalancerTask (ContainerBalancerTask.java:initializeIteration(374)) - Average utilization of the cluster is 0.32470527934442994
2023-09-13 18:18:04,619 [main] DEBUG balancer.ContainerBalancerTask (ContainerBalancerTask.java:initializeIteration(386)) - Lower limit for utilization is -0.3094237955267376 and Upper limit for utilization is 0.9588343542155975
2023-09-13 18:18:04,619 [main] DEBUG balancer.ContainerBalancerTask (ContainerBalancerTask.java:initializeIteration(398)) - Utilization for node ee171b35-2724-4868-b35f-db0a4d10637c with capacity 50107951786B, used 45097156608B, and remaining 5010795178B is 0.9000000000119741
2023-09-13 18:18:04,619 [main] DEBUG balancer.ContainerBalancerTask (ContainerBalancerTask.java:initializeIteration(398)) - Utilization for node e5b213b0-be5f-4b25-a61b-2caec7e5d9b1 with capacity 48318382080B, used 38654705664B, and remaining 9663676416B is 0.8
2023-09-13 18:18:04,619 [main] DEBUG balancer.ContainerBalancerTask (ContainerBalancerTask.java:initializeIteration(398)) - Utilization for node 02bc5a57-3f7b-4080-8df1-1b1f3e118d1f with capacity 88967179702B, used 62277025792B, and remaining 26690153910B is 0.700000000006744
2023-09-13 18:18:04,619 [main] DEBUG balancer.ContainerBalancerTask (ContainerBalancerTask.java:initializeIteration(398)) - Utilization for node 7b8ab83c-1d21-4abb-826c-d4ddfa4ee7c5 with capacity 89478485333B, used 53687091200B, and remaining 35791394133B is 0.6000000000022352
2023-09-13 18:18:04,619 [main] DEBUG balancer.ContainerBalancerTask (ContainerBalancerTask.java:initializeIteration(398)) - Utilization for node b4b89c1a-0d21-4d0b-9cab-3c48bd96581d with capacity 75161927680B, used 37580963840B, and remaining 37580963840B is 0.5
2023-09-13 18:18:04,619 [main] DEBUG balancer.ContainerBalancerTask (ContainerBalancerTask.java:initializeIteration(398)) - Utilization for node 98bb5845-e602-4e3e-a367-d6a0089bcabb with capacity 96636764160B, used 38654705664B, and remaining 57982058496B is 0.4
2023-09-13 18:18:04,619 [main] DEBUG balancer.ContainerBalancerTask (ContainerBalancerTask.java:initializeIteration(398)) - Utilization for node 9993b6fb-ffa3-4b80-88b5-8eb0acf42969 with capacity 118111600640B, used 35433480192B, and remaining 82678120448B is 0.3
2023-09-13 18:18:04,619 [main] DEBUG balancer.ContainerBalancerTask (ContainerBalancerTask.java:initializeIteration(398)) - Utilization for node 33a2b1f0-86c3-48fa-8253-aa687652337a with capacity 171798691840B, used 34359738368B, and remaining 137438953472B is 0.2
2023-09-13 18:18:04,619 [main] DEBUG balancer.ContainerBalancerTask (ContainerBalancerTask.java:initializeIteration(398)) - Utilization for node 5610c331-1bdf-47ca-b548-4e2f5bb7723b with capacity 429496729600B, used 42949672960B, and remaining 386547056640B is 0.1
2023-09-13 18:18:04,619 [main] DEBUG balancer.ContainerBalancerTask (ContainerBalancerTask.java:initializeIteration(398)) - Utilization for node cf7dd2c4-ac07-4f32-b7a6-9129d534a5aa with capacity 28991029248B, used 0B, and remaining 28991029248B is 0.0
2023-09-13 18:18:04,619 [main] INFO  balancer.ContainerBalancerTask (ContainerBalancerTask.java:initializeIteration(443)) - Did not find any unbalanced Datanodes.
2023-09-13 18:18:04,620 [main] INFO  balancer.ContainerBalancerTask (ContainerBalancerTask.java:tryStopWithSaveConfiguration(308)) - Save Configuration for stopping. Reason: Could not initialize ContainerBalancer's iteration number 0
2023-09-13 18:18:04,620 [main] DEBUG balancer.ContainerBalancerTask (ContainerBalancerTask.java:initializeIteration(374)) - Average utilization of the cluster is 0.32470527934442994
2023-09-13 18:18:04,620 [main] DEBUG balancer.ContainerBalancerTask (ContainerBalancerTask.java:initializeIteration(386)) - Lower limit for utilization is -0.5560785449630917 and Upper limit for utilization is 1.2054891036519515
2023-09-13 18:18:04,620 [main] DEBUG balancer.ContainerBalancerTask (ContainerBalancerTask.java:initializeIteration(398)) - Utilization for node ee171b35-2724-4868-b35f-db0a4d10637c with capacity 50107951786B, used 45097156608B, and remaining 5010795178B is 0.9000000000119741
2023-09-13 18:18:04,621 [main] DEBUG balancer.ContainerBalancerTask (ContainerBalancerTask.java:initializeIteration(398)) - Utilization for node e5b213b0-be5f-4b25-a61b-2caec7e5d9b1 with capacity 48318382080B, used 38654705664B, and remaining 9663676416B is 0.8
2023-09-13 18:18:04,621 [main] DEBUG balancer.ContainerBalancerTask (ContainerBalancerTask.java:initializeIteration(398)) - Utilization for node 02bc5a57-3f7b-4080-8df1-1b1f3e118d1f with capacity 88967179702B, used 62277025792B, and remaining 26690153910B is 0.700000000006744
2023-09-13 18:18:04,621 [main] DEBUG balancer.ContainerBalancerTask (ContainerBalancerTask.java:initializeIteration(398)) - Utilization for node 7b8ab83c-1d21-4abb-826c-d4ddfa4ee7c5 with capacity 89478485333B, used 53687091200B, and remaining 35791394133B is 0.6000000000022352
2023-09-13 18:18:04,621 [main] DEBUG balancer.ContainerBalancerTask (ContainerBalancerTask.java:initializeIteration(398)) - Utilization for node b4b89c1a-0d21-4d0b-9cab-3c48bd96581d with capacity 75161927680B, used 37580963840B, and remaining 37580963840B is 0.5
2023-09-13 18:18:04,621 [main] DEBUG balancer.ContainerBalancerTask (ContainerBalancerTask.java:initializeIteration(398)) - Utilization for node 98bb5845-e602-4e3e-a367-d6a0089bcabb with capacity 96636764160B, used 38654705664B, and remaining 57982058496B is 0.4
2023-09-13 18:18:04,621 [main] DEBUG balancer.ContainerBalancerTask (ContainerBalancerTask.java:initializeIteration(398)) - Utilization for node 9993b6fb-ffa3-4b80-88b5-8eb0acf42969 with capacity 118111600640B, used 35433480192B, and remaining 82678120448B is 0.3
2023-09-13 18:18:04,621 [main] DEBUG balancer.ContainerBalancerTask (ContainerBalancerTask.java:initializeIteration(398)) - Utilization for node 33a2b1f0-86c3-48fa-8253-aa687652337a with capacity 171798691840B, used 34359738368B, and remaining 137438953472B is 0.2
2023-09-13 18:18:04,621 [main] DEBUG balancer.ContainerBalancerTask (ContainerBalancerTask.java:initializeIteration(398)) - Utilization for node 5610c331-1bdf-47ca-b548-4e2f5bb7723b with capacity 429496729600B, used 42949672960B, and remaining 386547056640B is 0.1
2023-09-13 18:18:04,621 [main] DEBUG balancer.ContainerBalancerTask (ContainerBalancerTask.java:initializeIteration(398)) - Utilization for node cf7dd2c4-ac07-4f32-b7a6-9129d534a5aa with capacity 28991029248B, used 0B, and remaining 28991029248B is 0.0
2023-09-13 18:18:04,621 [main] INFO  balancer.ContainerBalancerTask (ContainerBalancerTask.java:initializeIteration(443)) - Did not find any unbalanced Datanodes.
2023-09-13 18:18:04,621 [main] INFO  balancer.ContainerBalancerTask (ContainerBalancerTask.java:tryStopWithSaveConfiguration(308)) - Save Configuration for stopping. Reason: Could not initialize ContainerBalancer's iteration number 0
2023-09-13 18:18:04,622 [main] DEBUG balancer.ContainerBalancerTask (ContainerBalancerTask.java:initializeIteration(374)) - Average utilization of the cluster is 0.32470527934442994
2023-09-13 18:18:04,622 [main] DEBUG balancer.ContainerBalancerTask (ContainerBalancerTask.java:initializeIteration(386)) - Lower limit for utilization is -0.6499963021732009 and Upper limit for utilization is 1.2994068608620608
2023-09-13 18:18:04,622 [main] DEBUG balancer.ContainerBalancerTask (ContainerBalancerTask.java:initializeIteration(398)) - Utilization for node ee171b35-2724-4868-b35f-db0a4d10637c with capacity 50107951786B, used 45097156608B, and remaining 5010795178B is 0.9000000000119741
2023-09-13 18:18:04,622 [main] DEBUG balancer.ContainerBalancerTask (ContainerBalancerTask.java:initializeIteration(398)) - Utilization for node e5b213b0-be5f-4b25-a61b-2caec7e5d9b1 with capacity 48318382080B, used 38654705664B, and remaining 9663676416B is 0.8
2023-09-13 18:18:04,622 [main] DEBUG balancer.ContainerBalancerTask (ContainerBalancerTask.java:initializeIteration(398)) - Utilization for node 02bc5a57-3f7b-4080-8df1-1b1f3e118d1f with capacity 88967179702B, used 62277025792B, and remaining 26690153910B is 0.700000000006744
2023-09-13 18:18:04,623 [main] DEBUG balancer.ContainerBalancerTask (ContainerBalancerTask.java:initializeIteration(398)) - Utilization for node 7b8ab83c-1d21-4abb-826c-d4ddfa4ee7c5 with capacity 89478485333B, used 53687091200B, and remaining 35791394133B is 0.6000000000022352
2023-09-13 18:18:04,623 [main] DEBUG balancer.ContainerBalancerTask (ContainerBalancerTask.java:initializeIteration(398)) - Utilization for node b4b89c1a-0d21-4d0b-9cab-3c48bd96581d with capacity 75161927680B, used 37580963840B, and remaining 37580963840B is 0.5
2023-09-13 18:18:04,623 [main] DEBUG balancer.ContainerBalancerTask (ContainerBalancerTask.java:initializeIteration(398)) - Utilization for node 98bb5845-e602-4e3e-a367-d6a0089bcabb with capacity 96636764160B, used 38654705664B, and remaining 57982058496B is 0.4
2023-09-13 18:18:04,623 [main] DEBUG balancer.ContainerBalancerTask (ContainerBalancerTask.java:initializeIteration(398)) - Utilization for node 9993b6fb-ffa3-4b80-88b5-8eb0acf42969 with capacity 118111600640B, used 35433480192B, and remaining 82678120448B is 0.3
2023-09-13 18:18:04,623 [main] DEBUG balancer.ContainerBalancerTask (ContainerBalancerTask.java:initializeIteration(398)) - Utilization for node 33a2b1f0-86c3-48fa-8253-aa687652337a with capacity 171798691840B, used 34359738368B, and remaining 137438953472B is 0.2
2023-09-13 18:18:04,623 [main] DEBUG balancer.ContainerBalancerTask (ContainerBalancerTask.java:initializeIteration(398)) - Utilization for node 5610c331-1bdf-47ca-b548-4e2f5bb7723b with capacity 429496729600B, used 42949672960B, and remaining 386547056640B is 0.1
2023-09-13 18:18:04,623 [main] DEBUG balancer.ContainerBalancerTask (ContainerBalancerTask.java:initializeIteration(398)) - Utilization for node cf7dd2c4-ac07-4f32-b7a6-9129d534a5aa with capacity 28991029248B, used 0B, and remaining 28991029248B is 0.0
2023-09-13 18:18:04,623 [main] INFO  balancer.ContainerBalancerTask (ContainerBalancerTask.java:initializeIteration(443)) - Did not find any unbalanced Datanodes.
2023-09-13 18:18:04,623 [main] INFO  balancer.ContainerBalancerTask (ContainerBalancerTask.java:tryStopWithSaveConfiguration(308)) - Save Configuration for stopping. Reason: Could not initialize ContainerBalancer's iteration number 0
2023-09-13 18:18:04,624 [main] DEBUG balancer.ContainerBalancerTask (ContainerBalancerTask.java:initializeIteration(374)) - Average utilization of the cluster is 0.32470527934442994
2023-09-13 18:18:04,624 [main] DEBUG balancer.ContainerBalancerTask (ContainerBalancerTask.java:initializeIteration(386)) - Lower limit for utilization is -0.4367926744644933 and Upper limit for utilization is 1.0862032331533533
2023-09-13 18:18:04,624 [main] DEBUG balancer.ContainerBalancerTask (ContainerBalancerTask.java:initializeIteration(398)) - Utilization for node ee171b35-2724-4868-b35f-db0a4d10637c with capacity 50107951786B, used 45097156608B, and remaining 5010795178B is 0.9000000000119741
2023-09-13 18:18:04,624 [main] DEBUG balancer.ContainerBalancerTask (ContainerBalancerTask.java:initializeIteration(398)) - Utilization for node e5b213b0-be5f-4b25-a61b-2caec7e5d9b1 with capacity 48318382080B, used 38654705664B, and remaining 9663676416B is 0.8
2023-09-13 18:18:04,624 [main] DEBUG balancer.ContainerBalancerTask (ContainerBalancerTask.java:initializeIteration(398)) - Utilization for node 02bc5a57-3f7b-4080-8df1-1b1f3e118d1f with capacity 88967179702B, used 62277025792B, and remaining 26690153910B is 0.700000000006744
2023-09-13 18:18:04,624 [main] DEBUG balancer.ContainerBalancerTask (ContainerBalancerTask.java:initializeIteration(398)) - Utilization for node 7b8ab83c-1d21-4abb-826c-d4ddfa4ee7c5 with capacity 89478485333B, used 53687091200B, and remaining 35791394133B is 0.6000000000022352
2023-09-13 18:18:04,624 [main] DEBUG balancer.ContainerBalancerTask (ContainerBalancerTask.java:initializeIteration(398)) - Utilization for node b4b89c1a-0d21-4d0b-9cab-3c48bd96581d with capacity 75161927680B, used 37580963840B, and remaining 37580963840B is 0.5
2023-09-13 18:18:04,624 [main] DEBUG balancer.ContainerBalancerTask (ContainerBalancerTask.java:initializeIteration(398)) - Utilization for node 98bb5845-e602-4e3e-a367-d6a0089bcabb with capacity 96636764160B, used 38654705664B, and remaining 57982058496B is 0.4
2023-09-13 18:18:04,625 [main] DEBUG balancer.ContainerBalancerTask (ContainerBalancerTask.java:initializeIteration(398)) - Utilization for node 9993b6fb-ffa3-4b80-88b5-8eb0acf42969 with capacity 118111600640B, used 35433480192B, and remaining 82678120448B is 0.3
2023-09-13 18:18:04,625 [main] DEBUG balancer.ContainerBalancerTask (ContainerBalancerTask.java:initializeIteration(398)) - Utilization for node 33a2b1f0-86c3-48fa-8253-aa687652337a with capacity 171798691840B, used 34359738368B, and remaining 137438953472B is 0.2
2023-09-13 18:18:04,625 [main] DEBUG balancer.ContainerBalancerTask (ContainerBalancerTask.java:initializeIteration(398)) - Utilization for node 5610c331-1bdf-47ca-b548-4e2f5bb7723b with capacity 429496729600B, used 42949672960B, and remaining 386547056640B is 0.1
2023-09-13 18:18:04,625 [main] DEBUG balancer.ContainerBalancerTask (ContainerBalancerTask.java:initializeIteration(398)) - Utilization for node cf7dd2c4-ac07-4f32-b7a6-9129d534a5aa with capacity 28991029248B, used 0B, and remaining 28991029248B is 0.0
2023-09-13 18:18:04,625 [main] INFO  balancer.ContainerBalancerTask (ContainerBalancerTask.java:initializeIteration(443)) - Did not find any unbalanced Datanodes.
2023-09-13 18:18:04,625 [main] INFO  balancer.ContainerBalancerTask (ContainerBalancerTask.java:tryStopWithSaveConfiguration(308)) - Save Configuration for stopping. Reason: Could not initialize ContainerBalancer's iteration number 0
2023-09-13 18:18:04,626 [main] DEBUG balancer.ContainerBalancerTask (ContainerBalancerTask.java:initializeIteration(374)) - Average utilization of the cluster is 0.32470527934442994
2023-09-13 18:18:04,626 [main] DEBUG balancer.ContainerBalancerTask (ContainerBalancerTask.java:initializeIteration(386)) - Lower limit for utilization is -0.2861873523629157 and Upper limit for utilization is 0.9355979110517756
2023-09-13 18:18:04,626 [main] DEBUG balancer.ContainerBalancerTask (ContainerBalancerTask.java:initializeIteration(398)) - Utilization for node ee171b35-2724-4868-b35f-db0a4d10637c with capacity 50107951786B, used 45097156608B, and remaining 5010795178B is 0.9000000000119741
2023-09-13 18:18:04,626 [main] DEBUG balancer.ContainerBalancerTask (ContainerBalancerTask.java:initializeIteration(398)) - Utilization for node e5b213b0-be5f-4b25-a61b-2caec7e5d9b1 with capacity 48318382080B, used 38654705664B, and remaining 9663676416B is 0.8
2023-09-13 18:18:04,626 [main] DEBUG balancer.ContainerBalancerTask (ContainerBalancerTask.java:initializeIteration(398)) - Utilization for node 02bc5a57-3f7b-4080-8df1-1b1f3e118d1f with capacity 88967179702B, used 62277025792B, and remaining 26690153910B is 0.700000000006744
2023-09-13 18:18:04,626 [main] DEBUG balancer.ContainerBalancerTask (ContainerBalancerTask.java:initializeIteration(398)) - Utilization for node 7b8ab83c-1d21-4abb-826c-d4ddfa4ee7c5 with capacity 89478485333B, used 53687091200B, and remaining 35791394133B is 0.6000000000022352
2023-09-13 18:18:04,626 [main] DEBUG balancer.ContainerBalancerTask (ContainerBalancerTask.java:initializeIteration(398)) - Utilization for node b4b89c1a-0d21-4d0b-9cab-3c48bd96581d with capacity 75161927680B, used 37580963840B, and remaining 37580963840B is 0.5
2023-09-13 18:18:04,626 [main] DEBUG balancer.ContainerBalancerTask (ContainerBalancerTask.java:initializeIteration(398)) - Utilization for node 98bb5845-e602-4e3e-a367-d6a0089bcabb with capacity 96636764160B, used 38654705664B, and remaining 57982058496B is 0.4
2023-09-13 18:18:04,626 [main] DEBUG balancer.ContainerBalancerTask (ContainerBalancerTask.java:initializeIteration(398)) - Utilization for node 9993b6fb-ffa3-4b80-88b5-8eb0acf42969 with capacity 118111600640B, used 35433480192B, and remaining 82678120448B is 0.3
2023-09-13 18:18:04,626 [main] DEBUG balancer.ContainerBalancerTask (ContainerBalancerTask.java:initializeIteration(398)) - Utilization for node 33a2b1f0-86c3-48fa-8253-aa687652337a with capacity 171798691840B, used 34359738368B, and remaining 137438953472B is 0.2
2023-09-13 18:18:04,626 [main] DEBUG balancer.ContainerBalancerTask (ContainerBalancerTask.java:initializeIteration(398)) - Utilization for node 5610c331-1bdf-47ca-b548-4e2f5bb7723b with capacity 429496729600B, used 42949672960B, and remaining 386547056640B is 0.1
2023-09-13 18:18:04,627 [main] DEBUG balancer.ContainerBalancerTask (ContainerBalancerTask.java:initializeIteration(398)) - Utilization for node cf7dd2c4-ac07-4f32-b7a6-9129d534a5aa with capacity 28991029248B, used 0B, and remaining 28991029248B is 0.0
2023-09-13 18:18:04,627 [main] INFO  balancer.ContainerBalancerTask (ContainerBalancerTask.java:initializeIteration(443)) - Did not find any unbalanced Datanodes.
2023-09-13 18:18:04,627 [main] INFO  balancer.ContainerBalancerTask (ContainerBalancerTask.java:tryStopWithSaveConfiguration(308)) - Save Configuration for stopping. Reason: Could not initialize ContainerBalancer's iteration number 0
2023-09-13 18:18:04,627 [main] DEBUG balancer.ContainerBalancerTask (ContainerBalancerTask.java:initializeIteration(374)) - Average utilization of the cluster is 0.32470527934442994
2023-09-13 18:18:04,627 [main] DEBUG balancer.ContainerBalancerTask (ContainerBalancerTask.java:initializeIteration(386)) - Lower limit for utilization is -0.39922959521661916 and Upper limit for utilization is 1.048640153905479
2023-09-13 18:18:04,628 [main] DEBUG balancer.ContainerBalancerTask (ContainerBalancerTask.java:initializeIteration(398)) - Utilization for node ee171b35-2724-4868-b35f-db0a4d10637c with capacity 50107951786B, used 45097156608B, and remaining 5010795178B is 0.9000000000119741
2023-09-13 18:18:04,628 [main] DEBUG balancer.ContainerBalancerTask (ContainerBalancerTask.java:initializeIteration(398)) - Utilization for node e5b213b0-be5f-4b25-a61b-2caec7e5d9b1 with capacity 48318382080B, used 38654705664B, and remaining 9663676416B is 0.8
2023-09-13 18:18:04,628 [main] DEBUG balancer.ContainerBalancerTask (ContainerBalancerTask.java:initializeIteration(398)) - Utilization for node 02bc5a57-3f7b-4080-8df1-1b1f3e118d1f with capacity 88967179702B, used 62277025792B, and remaining 26690153910B is 0.700000000006744
2023-09-13 18:18:04,628 [main] DEBUG balancer.ContainerBalancerTask (ContainerBalancerTask.java:initializeIteration(398)) - Utilization for node 7b8ab83c-1d21-4abb-826c-d4ddfa4ee7c5 with capacity 89478485333B, used 53687091200B, and remaining 35791394133B is 0.6000000000022352
2023-09-13 18:18:04,628 [main] DEBUG balancer.ContainerBalancerTask (ContainerBalancerTask.java:initializeIteration(398)) - Utilization for node b4b89c1a-0d21-4d0b-9cab-3c48bd96581d with capacity 75161927680B, used 37580963840B, and remaining 37580963840B is 0.5
2023-09-13 18:18:04,628 [main] DEBUG balancer.ContainerBalancerTask (ContainerBalancerTask.java:initializeIteration(398)) - Utilization for node 98bb5845-e602-4e3e-a367-d6a0089bcabb with capacity 96636764160B, used 38654705664B, and remaining 57982058496B is 0.4
2023-09-13 18:18:04,628 [main] DEBUG balancer.ContainerBalancerTask (ContainerBalancerTask.java:initializeIteration(398)) - Utilization for node 9993b6fb-ffa3-4b80-88b5-8eb0acf42969 with capacity 118111600640B, used 35433480192B, and remaining 82678120448B is 0.3
2023-09-13 18:18:04,628 [main] DEBUG balancer.ContainerBalancerTask (ContainerBalancerTask.java:initializeIteration(398)) - Utilization for node 33a2b1f0-86c3-48fa-8253-aa687652337a with capacity 171798691840B, used 34359738368B, and remaining 137438953472B is 0.2
2023-09-13 18:18:04,628 [main] DEBUG balancer.ContainerBalancerTask (ContainerBalancerTask.java:initializeIteration(398)) - Utilization for node 5610c331-1bdf-47ca-b548-4e2f5bb7723b with capacity 429496729600B, used 42949672960B, and remaining 386547056640B is 0.1
2023-09-13 18:18:04,628 [main] DEBUG balancer.ContainerBalancerTask (ContainerBalancerTask.java:initializeIteration(398)) - Utilization for node cf7dd2c4-ac07-4f32-b7a6-9129d534a5aa with capacity 28991029248B, used 0B, and remaining 28991029248B is 0.0
2023-09-13 18:18:04,628 [main] INFO  balancer.ContainerBalancerTask (ContainerBalancerTask.java:initializeIteration(443)) - Did not find any unbalanced Datanodes.
2023-09-13 18:18:04,628 [main] INFO  balancer.ContainerBalancerTask (ContainerBalancerTask.java:tryStopWithSaveConfiguration(308)) - Save Configuration for stopping. Reason: Could not initialize ContainerBalancer's iteration number 0
2023-09-13 18:18:04,629 [main] DEBUG balancer.ContainerBalancerTask (ContainerBalancerTask.java:initializeIteration(374)) - Average utilization of the cluster is 0.32470527934442994
2023-09-13 18:18:04,629 [main] DEBUG balancer.ContainerBalancerTask (ContainerBalancerTask.java:initializeIteration(386)) - Lower limit for utilization is -0.011584447940748976 and Upper limit for utilization is 0.6609950066296089
2023-09-13 18:18:04,629 [main] DEBUG balancer.ContainerBalancerTask (ContainerBalancerTask.java:initializeIteration(398)) - Utilization for node ee171b35-2724-4868-b35f-db0a4d10637c with capacity 50107951786B, used 45097156608B, and remaining 5010795178B is 0.9000000000119741
2023-09-13 18:18:04,629 [main] DEBUG balancer.ContainerBalancerTask (ContainerBalancerTask.java:initializeIteration(398)) - Utilization for node e5b213b0-be5f-4b25-a61b-2caec7e5d9b1 with capacity 48318382080B, used 38654705664B, and remaining 9663676416B is 0.8
2023-09-13 18:18:04,629 [main] DEBUG balancer.ContainerBalancerTask (ContainerBalancerTask.java:initializeIteration(398)) - Utilization for node 02bc5a57-3f7b-4080-8df1-1b1f3e118d1f with capacity 88967179702B, used 62277025792B, and remaining 26690153910B is 0.700000000006744
2023-09-13 18:18:04,630 [main] DEBUG balancer.ContainerBalancerTask (ContainerBalancerTask.java:initializeIteration(398)) - Utilization for node 7b8ab83c-1d21-4abb-826c-d4ddfa4ee7c5 with capacity 89478485333B, used 53687091200B, and remaining 35791394133B is 0.6000000000022352
2023-09-13 18:18:04,630 [main] DEBUG balancer.ContainerBalancerTask (ContainerBalancerTask.java:initializeIteration(398)) - Utilization for node b4b89c1a-0d21-4d0b-9cab-3c48bd96581d with capacity 75161927680B, used 37580963840B, and remaining 37580963840B is 0.5
2023-09-13 18:18:04,630 [main] DEBUG balancer.ContainerBalancerTask (ContainerBalancerTask.java:initializeIteration(398)) - Utilization for node 98bb5845-e602-4e3e-a367-d6a0089bcabb with capacity 96636764160B, used 38654705664B, and remaining 57982058496B is 0.4
2023-09-13 18:18:04,630 [main] DEBUG balancer.ContainerBalancerTask (ContainerBalancerTask.java:initializeIteration(398)) - Utilization for node 9993b6fb-ffa3-4b80-88b5-8eb0acf42969 with capacity 118111600640B, used 35433480192B, and remaining 82678120448B is 0.3
2023-09-13 18:18:04,630 [main] DEBUG balancer.ContainerBalancerTask (ContainerBalancerTask.java:initializeIteration(398)) - Utilization for node 33a2b1f0-86c3-48fa-8253-aa687652337a with capacity 171798691840B, used 34359738368B, and remaining 137438953472B is 0.2
2023-09-13 18:18:04,630 [main] DEBUG balancer.ContainerBalancerTask (ContainerBalancerTask.java:initializeIteration(398)) - Utilization for node 5610c331-1bdf-47ca-b548-4e2f5bb7723b with capacity 429496729600B, used 42949672960B, and remaining 386547056640B is 0.1
2023-09-13 18:18:04,630 [main] DEBUG balancer.ContainerBalancerTask (ContainerBalancerTask.java:initializeIteration(398)) - Utilization for node cf7dd2c4-ac07-4f32-b7a6-9129d534a5aa with capacity 28991029248B, used 0B, and remaining 28991029248B is 0.0
2023-09-13 18:18:04,630 [main] INFO  balancer.ContainerBalancerTask (ContainerBalancerTask.java:initializeIteration(447)) - Container Balancer has identified 3 Over-Utilized and 0 Under-Utilized Datanodes that need to be balanced.
2023-09-13 18:18:04,630 [main] DEBUG balancer.ContainerBalancerTask (ContainerBalancerTask.java:lambda$initializeIteration$1(453)) - Datanode localhost-108.143.189.206 ee171b35-2724-4868-b35f-db0a4d10637c is Over-Utilized.
2023-09-13 18:18:04,630 [main] DEBUG balancer.ContainerBalancerTask (ContainerBalancerTask.java:lambda$initializeIteration$1(453)) - Datanode localhost-1.135.40.40 e5b213b0-be5f-4b25-a61b-2caec7e5d9b1 is Over-Utilized.
2023-09-13 18:18:04,630 [main] DEBUG balancer.ContainerBalancerTask (ContainerBalancerTask.java:lambda$initializeIteration$1(453)) - Datanode localhost-195.84.121.62 02bc5a57-3f7b-4080-8df1-1b1f3e118d1f is Over-Utilized.
2023-09-13 18:18:04,633 [main] DEBUG balancer.ContainerBalancerTask (ContainerBalancerTask.java:matchSourceWithTarget(708)) - ContainerBalancer is finding suitable target for source datanode ee171b35-2724-4868-b35f-db0a4d10637c
2023-09-13 18:18:04,633 [main] INFO  balancer.FindTargetGreedyByUsageInfo (AbstractFindTargetGreedy.java:findTargetForContainerMove(133)) - Container Balancer could not find a target for source datanode ee171b35-2724-4868-b35f-db0a4d10637c
2023-09-13 18:18:04,633 [main] DEBUG balancer.ContainerBalancerTask (ContainerBalancerTask.java:matchSourceWithTarget(717)) - ContainerBalancer could not find a suitable target for source node ee171b35-2724-4868-b35f-db0a4d10637c.
2023-09-13 18:18:04,634 [main] DEBUG balancer.ContainerBalancerTask (ContainerBalancerTask.java:matchSourceWithTarget(708)) - ContainerBalancer is finding suitable target for source datanode e5b213b0-be5f-4b25-a61b-2caec7e5d9b1
2023-09-13 18:18:04,635 [main] INFO  balancer.FindTargetGreedyByUsageInfo (AbstractFindTargetGreedy.java:findTargetForContainerMove(133)) - Container Balancer could not find a target for source datanode e5b213b0-be5f-4b25-a61b-2caec7e5d9b1
2023-09-13 18:18:04,635 [main] DEBUG balancer.ContainerBalancerTask (ContainerBalancerTask.java:matchSourceWithTarget(717)) - ContainerBalancer could not find a suitable target for source node e5b213b0-be5f-4b25-a61b-2caec7e5d9b1.
2023-09-13 18:18:04,637 [main] DEBUG balancer.ContainerBalancerTask (ContainerBalancerTask.java:matchSourceWithTarget(708)) - ContainerBalancer is finding suitable target for source datanode 02bc5a57-3f7b-4080-8df1-1b1f3e118d1f
2023-09-13 18:18:04,638 [main] INFO  balancer.FindTargetGreedyByUsageInfo (AbstractFindTargetGreedy.java:findTargetForContainerMove(133)) - Container Balancer could not find a target for source datanode 02bc5a57-3f7b-4080-8df1-1b1f3e118d1f
2023-09-13 18:18:04,638 [main] DEBUG balancer.ContainerBalancerTask (ContainerBalancerTask.java:matchSourceWithTarget(717)) - ContainerBalancer could not find a suitable target for source node 02bc5a57-3f7b-4080-8df1-1b1f3e118d1f.
2023-09-13 18:18:04,638 [main] INFO  balancer.FindSourceGreedy (FindSourceGreedy.java:getNextCandidateSourceDataNode(126)) - no more candidate source data node
2023-09-13 18:18:04,638 [main] INFO  balancer.ContainerBalancerTask (ContainerBalancerTask.java:balance(259)) - Result of this iteration of Container Balancer: CAN_NOT_BALANCE_ANY_MORE
2023-09-13 18:18:04,638 [main] INFO  balancer.ContainerBalancerTask (ContainerBalancerTask.java:tryStopWithSaveConfiguration(308)) - Save Configuration for stopping. Reason: CAN_NOT_BALANCE_ANY_MORE
2023-09-13 18:18:04,639 [main] DEBUG balancer.ContainerBalancerTask (ContainerBalancerTask.java:initializeIteration(374)) - Average utilization of the cluster is 0.32470527934442994
2023-09-13 18:18:04,639 [main] DEBUG balancer.ContainerBalancerTask (ContainerBalancerTask.java:initializeIteration(386)) - Lower limit for utilization is -0.5072050906951248 and Upper limit for utilization is 1.1566156493839848
2023-09-13 18:18:04,639 [main] DEBUG balancer.ContainerBalancerTask (ContainerBalancerTask.java:initializeIteration(398)) - Utilization for node ee171b35-2724-4868-b35f-db0a4d10637c with capacity 50107951786B, used 45097156608B, and remaining 5010795178B is 0.9000000000119741
2023-09-13 18:18:04,639 [main] DEBUG balancer.ContainerBalancerTask (ContainerBalancerTask.java:initializeIteration(398)) - Utilization for node e5b213b0-be5f-4b25-a61b-2caec7e5d9b1 with capacity 48318382080B, used 38654705664B, and remaining 9663676416B is 0.8
2023-09-13 18:18:04,639 [main] DEBUG balancer.ContainerBalancerTask (ContainerBalancerTask.java:initializeIteration(398)) - Utilization for node 02bc5a57-3f7b-4080-8df1-1b1f3e118d1f with capacity 88967179702B, used 62277025792B, and remaining 26690153910B is 0.700000000006744
2023-09-13 18:18:04,639 [main] DEBUG balancer.ContainerBalancerTask (ContainerBalancerTask.java:initializeIteration(398)) - Utilization for node 7b8ab83c-1d21-4abb-826c-d4ddfa4ee7c5 with capacity 89478485333B, used 53687091200B, and remaining 35791394133B is 0.6000000000022352
2023-09-13 18:18:04,639 [main] DEBUG balancer.ContainerBalancerTask (ContainerBalancerTask.java:initializeIteration(398)) - Utilization for node b4b89c1a-0d21-4d0b-9cab-3c48bd96581d with capacity 75161927680B, used 37580963840B, and remaining 37580963840B is 0.5
2023-09-13 18:18:04,639 [main] DEBUG balancer.ContainerBalancerTask (ContainerBalancerTask.java:initializeIteration(398)) - Utilization for node 98bb5845-e602-4e3e-a367-d6a0089bcabb with capacity 96636764160B, used 38654705664B, and remaining 57982058496B is 0.4
2023-09-13 18:18:04,639 [main] DEBUG balancer.ContainerBalancerTask (ContainerBalancerTask.java:initializeIteration(398)) - Utilization for node 9993b6fb-ffa3-4b80-88b5-8eb0acf42969 with capacity 118111600640B, used 35433480192B, and remaining 82678120448B is 0.3
2023-09-13 18:18:04,639 [main] DEBUG balancer.ContainerBalancerTask (ContainerBalancerTask.java:initializeIteration(398)) - Utilization for node 33a2b1f0-86c3-48fa-8253-aa687652337a with capacity 171798691840B, used 34359738368B, and remaining 137438953472B is 0.2
2023-09-13 18:18:04,639 [main] DEBUG balancer.ContainerBalancerTask (ContainerBalancerTask.java:initializeIteration(398)) - Utilization for node 5610c331-1bdf-47ca-b548-4e2f5bb7723b with capacity 429496729600B, used 42949672960B, and remaining 386547056640B is 0.1
2023-09-13 18:18:04,640 [main] DEBUG balancer.ContainerBalancerTask (ContainerBalancerTask.java:initializeIteration(398)) - Utilization for node cf7dd2c4-ac07-4f32-b7a6-9129d534a5aa with capacity 28991029248B, used 0B, and remaining 28991029248B is 0.0
2023-09-13 18:18:04,640 [main] INFO  balancer.ContainerBalancerTask (ContainerBalancerTask.java:initializeIteration(443)) - Did not find any unbalanced Datanodes.
2023-09-13 18:18:04,640 [main] INFO  balancer.ContainerBalancerTask (ContainerBalancerTask.java:tryStopWithSaveConfiguration(308)) - Save Configuration for stopping. Reason: Could not initialize ContainerBalancer's iteration number 0
2023-09-13 18:18:04,640 [main] DEBUG balancer.ContainerBalancerTask (ContainerBalancerTask.java:initializeIteration(374)) - Average utilization of the cluster is 0.32470527934442994
2023-09-13 18:18:04,640 [main] DEBUG balancer.ContainerBalancerTask (ContainerBalancerTask.java:initializeIteration(386)) - Lower limit for utilization is 0.09846822662608534 and Upper limit for utilization is 0.5509423320627745
2023-09-13 18:18:04,641 [main] DEBUG balancer.ContainerBalancerTask (ContainerBalancerTask.java:initializeIteration(398)) - Utilization for node ee171b35-2724-4868-b35f-db0a4d10637c with capacity 50107951786B, used 45097156608B, and remaining 5010795178B is 0.9000000000119741
2023-09-13 18:18:04,643 [main] DEBUG balancer.ContainerBalancerTask (ContainerBalancerTask.java:initializeIteration(398)) - Utilization for node e5b213b0-be5f-4b25-a61b-2caec7e5d9b1 with capacity 48318382080B, used 38654705664B, and remaining 9663676416B is 0.8
2023-09-13 18:18:04,643 [main] DEBUG balancer.ContainerBalancerTask (ContainerBalancerTask.java:initializeIteration(398)) - Utilization for node 02bc5a57-3f7b-4080-8df1-1b1f3e118d1f with capacity 88967179702B, used 62277025792B, and remaining 26690153910B is 0.700000000006744
2023-09-13 18:18:04,643 [main] DEBUG balancer.ContainerBalancerTask (ContainerBalancerTask.java:initializeIteration(398)) - Utilization for node 7b8ab83c-1d21-4abb-826c-d4ddfa4ee7c5 with capacity 89478485333B, used 53687091200B, and remaining 35791394133B is 0.6000000000022352
2023-09-13 18:18:04,643 [main] DEBUG balancer.ContainerBalancerTask (ContainerBalancerTask.java:initializeIteration(398)) - Utilization for node b4b89c1a-0d21-4d0b-9cab-3c48bd96581d with capacity 75161927680B, used 37580963840B, and remaining 37580963840B is 0.5
2023-09-13 18:18:04,643 [main] DEBUG balancer.ContainerBalancerTask (ContainerBalancerTask.java:initializeIteration(398)) - Utilization for node 98bb5845-e602-4e3e-a367-d6a0089bcabb with capacity 96636764160B, used 38654705664B, and remaining 57982058496B is 0.4
2023-09-13 18:18:04,643 [main] DEBUG balancer.ContainerBalancerTask (ContainerBalancerTask.java:initializeIteration(398)) - Utilization for node 9993b6fb-ffa3-4b80-88b5-8eb0acf42969 with capacity 118111600640B, used 35433480192B, and remaining 82678120448B is 0.3
2023-09-13 18:18:04,643 [main] DEBUG balancer.ContainerBalancerTask (ContainerBalancerTask.java:initializeIteration(398)) - Utilization for node 33a2b1f0-86c3-48fa-8253-aa687652337a with capacity 171798691840B, used 34359738368B, and remaining 137438953472B is 0.2
2023-09-13 18:18:04,643 [main] DEBUG balancer.ContainerBalancerTask (ContainerBalancerTask.java:initializeIteration(398)) - Utilization for node 5610c331-1bdf-47ca-b548-4e2f5bb7723b with capacity 429496729600B, used 42949672960B, and remaining 386547056640B is 0.1
2023-09-13 18:18:04,643 [main] DEBUG balancer.ContainerBalancerTask (ContainerBalancerTask.java:initializeIteration(398)) - Utilization for node cf7dd2c4-ac07-4f32-b7a6-9129d534a5aa with capacity 28991029248B, used 0B, and remaining 28991029248B is 0.0
2023-09-13 18:18:04,643 [main] INFO  balancer.ContainerBalancerTask (ContainerBalancerTask.java:initializeIteration(447)) - Container Balancer has identified 4 Over-Utilized and 1 Under-Utilized Datanodes that need to be balanced.
2023-09-13 18:18:04,643 [main] DEBUG balancer.ContainerBalancerTask (ContainerBalancerTask.java:lambda$initializeIteration$1(453)) - Datanode localhost-108.143.189.206 ee171b35-2724-4868-b35f-db0a4d10637c is Over-Utilized.
2023-09-13 18:18:04,644 [main] DEBUG balancer.ContainerBalancerTask (ContainerBalancerTask.java:lambda$initializeIteration$1(453)) - Datanode localhost-1.135.40.40 e5b213b0-be5f-4b25-a61b-2caec7e5d9b1 is Over-Utilized.
2023-09-13 18:18:04,644 [main] DEBUG balancer.ContainerBalancerTask (ContainerBalancerTask.java:lambda$initializeIteration$1(453)) - Datanode localhost-195.84.121.62 02bc5a57-3f7b-4080-8df1-1b1f3e118d1f is Over-Utilized.
2023-09-13 18:18:04,644 [main] DEBUG balancer.ContainerBalancerTask (ContainerBalancerTask.java:lambda$initializeIteration$1(453)) - Datanode localhost-203.31.63.233 7b8ab83c-1d21-4abb-826c-d4ddfa4ee7c5 is Over-Utilized.
2023-09-13 18:18:04,644 [main] DEBUG balancer.ContainerBalancerTask (ContainerBalancerTask.java:lambda$initializeIteration$2(459)) - Datanode localhost-15.132.92.63 cf7dd2c4-ac07-4f32-b7a6-9129d534a5aa is Under-Utilized.
2023-09-13 18:18:04,646 [main] DEBUG balancer.ContainerBalancerTask (ContainerBalancerTask.java:matchSourceWithTarget(708)) - ContainerBalancer is finding suitable target for source datanode ee171b35-2724-4868-b35f-db0a4d10637c
2023-09-13 18:18:04,646 [main] INFO  balancer.ContainerBalancerTask (ContainerBalancerTask.java:matchSourceWithTarget(722)) - ContainerBalancer matched source datanode ee171b35-2724-4868-b35f-db0a4d10637c with target datanode cf7dd2c4-ac07-4f32-b7a6-9129d534a5aa for container move.
2023-09-13 18:18:04,646 [main] INFO  balancer.ContainerBalancerTask (ContainerBalancerTask.java:processMoveSelection(569)) - ContainerBalancer is trying to move container #85 with size 5368709120B from source datanode ee171b35-2724-4868-b35f-db0a4d10637c to target datanode cf7dd2c4-ac07-4f32-b7a6-9129d534a5aa
2023-09-13 18:18:04,647 [main] DEBUG balancer.ContainerBalancerTask (ContainerBalancerTask.java:lambda$moveContainer$3(837)) - Container move completed for container #85 from source ee171b35-2724-4868-b35f-db0a4d10637c to target cf7dd2c4-ac07-4f32-b7a6-9129d534a5aa
2023-09-13 18:18:04,648 [main] DEBUG balancer.ContainerBalancerTask (ContainerBalancerTask.java:matchSourceWithTarget(708)) - ContainerBalancer is finding suitable target for source datanode e5b213b0-be5f-4b25-a61b-2caec7e5d9b1
2023-09-13 18:18:04,649 [main] INFO  balancer.ContainerBalancerTask (ContainerBalancerTask.java:matchSourceWithTarget(722)) - ContainerBalancer matched source datanode e5b213b0-be5f-4b25-a61b-2caec7e5d9b1 with target datanode cf7dd2c4-ac07-4f32-b7a6-9129d534a5aa for container move.
2023-09-13 18:18:04,649 [main] INFO  balancer.ContainerBalancerTask (ContainerBalancerTask.java:processMoveSelection(569)) - ContainerBalancer is trying to move container #68 with size 5368709120B from source datanode e5b213b0-be5f-4b25-a61b-2caec7e5d9b1 to target datanode cf7dd2c4-ac07-4f32-b7a6-9129d534a5aa
2023-09-13 18:18:04,649 [main] DEBUG balancer.ContainerBalancerTask (ContainerBalancerTask.java:lambda$moveContainer$3(837)) - Container move completed for container #68 from source e5b213b0-be5f-4b25-a61b-2caec7e5d9b1 to target cf7dd2c4-ac07-4f32-b7a6-9129d534a5aa
2023-09-13 18:18:04,651 [main] DEBUG balancer.ContainerBalancerTask (ContainerBalancerTask.java:matchSourceWithTarget(708)) - ContainerBalancer is finding suitable target for source datanode ee171b35-2724-4868-b35f-db0a4d10637c
2023-09-13 18:18:04,651 [main] INFO  balancer.ContainerBalancerTask (ContainerBalancerTask.java:matchSourceWithTarget(722)) - ContainerBalancer matched source datanode ee171b35-2724-4868-b35f-db0a4d10637c with target datanode cf7dd2c4-ac07-4f32-b7a6-9129d534a5aa for container move.
2023-09-13 18:18:04,651 [main] INFO  balancer.ContainerBalancerTask (ContainerBalancerTask.java:processMoveSelection(569)) - ContainerBalancer is trying to move container #89 with size 4294967296B from source datanode ee171b35-2724-4868-b35f-db0a4d10637c to target datanode cf7dd2c4-ac07-4f32-b7a6-9129d534a5aa
2023-09-13 18:18:04,652 [main] DEBUG balancer.ContainerBalancerTask (ContainerBalancerTask.java:lambda$moveContainer$3(837)) - Container move completed for container #89 from source ee171b35-2724-4868-b35f-db0a4d10637c to target cf7dd2c4-ac07-4f32-b7a6-9129d534a5aa
2023-09-13 18:18:04,654 [main] DEBUG balancer.ContainerBalancerTask (ContainerBalancerTask.java:matchSourceWithTarget(708)) - ContainerBalancer is finding suitable target for source datanode ee171b35-2724-4868-b35f-db0a4d10637c
2023-09-13 18:18:04,655 [main] INFO  balancer.FindTargetGreedyByUsageInfo (AbstractFindTargetGreedy.java:findTargetForContainerMove(133)) - Container Balancer could not find a target for source datanode ee171b35-2724-4868-b35f-db0a4d10637c
2023-09-13 18:18:04,655 [main] DEBUG balancer.ContainerBalancerTask (ContainerBalancerTask.java:matchSourceWithTarget(717)) - ContainerBalancer could not find a suitable target for source node ee171b35-2724-4868-b35f-db0a4d10637c.
2023-09-13 18:18:04,658 [main] DEBUG balancer.ContainerBalancerTask (ContainerBalancerTask.java:matchSourceWithTarget(708)) - ContainerBalancer is finding suitable target for source datanode 02bc5a57-3f7b-4080-8df1-1b1f3e118d1f
2023-09-13 18:18:04,659 [main] INFO  balancer.FindTargetGreedyByUsageInfo (AbstractFindTargetGreedy.java:findTargetForContainerMove(133)) - Container Balancer could not find a target for source datanode 02bc5a57-3f7b-4080-8df1-1b1f3e118d1f
2023-09-13 18:18:04,659 [main] DEBUG balancer.ContainerBalancerTask (ContainerBalancerTask.java:matchSourceWithTarget(717)) - ContainerBalancer could not find a suitable target for source node 02bc5a57-3f7b-4080-8df1-1b1f3e118d1f.
2023-09-13 18:18:04,661 [main] DEBUG balancer.ContainerBalancerTask (ContainerBalancerTask.java:matchSourceWithTarget(708)) - ContainerBalancer is finding suitable target for source datanode e5b213b0-be5f-4b25-a61b-2caec7e5d9b1
2023-09-13 18:18:04,661 [main] INFO  balancer.FindTargetGreedyByUsageInfo (AbstractFindTargetGreedy.java:findTargetForContainerMove(133)) - Container Balancer could not find a target for source datanode e5b213b0-be5f-4b25-a61b-2caec7e5d9b1
2023-09-13 18:18:04,661 [main] DEBUG balancer.ContainerBalancerTask (ContainerBalancerTask.java:matchSourceWithTarget(717)) - ContainerBalancer could not find a suitable target for source node e5b213b0-be5f-4b25-a61b-2caec7e5d9b1.
2023-09-13 18:18:04,664 [main] DEBUG balancer.ContainerBalancerTask (ContainerBalancerTask.java:matchSourceWithTarget(708)) - ContainerBalancer is finding suitable target for source datanode 7b8ab83c-1d21-4abb-826c-d4ddfa4ee7c5
2023-09-13 18:18:04,665 [main] INFO  balancer.FindTargetGreedyByUsageInfo (AbstractFindTargetGreedy.java:findTargetForContainerMove(133)) - Container Balancer could not find a target for source datanode 7b8ab83c-1d21-4abb-826c-d4ddfa4ee7c5
2023-09-13 18:18:04,665 [main] DEBUG balancer.ContainerBalancerTask (ContainerBalancerTask.java:matchSourceWithTarget(717)) - ContainerBalancer could not find a suitable target for source node 7b8ab83c-1d21-4abb-826c-d4ddfa4ee7c5.
2023-09-13 18:18:04,665 [main] INFO  balancer.FindSourceGreedy (FindSourceGreedy.java:getNextCandidateSourceDataNode(126)) - no more candidate source data node
2023-09-13 18:18:04,665 [main] INFO  balancer.ContainerBalancerTask (ContainerBalancerTask.java:checkIterationMoveResults(642)) - Iteration Summary. Number of Datanodes involved: 3. Size moved: 14 GB (15032385536 Bytes). Number of Container moves completed: 3.
2023-09-13 18:18:04,665 [main] INFO  balancer.ContainerBalancerTask (ContainerBalancerTask.java:balance(259)) - Result of this iteration of Container Balancer: ITERATION_COMPLETED
2023-09-13 18:18:04,665 [main] INFO  balancer.ContainerBalancerTask (ContainerBalancerTask.java:tryStopWithSaveConfiguration(308)) - Save Configuration for stopping. Reason: Completed all iterations.
2023-09-13 18:18:04,666 [main] DEBUG balancer.ContainerBalancerTask (ContainerBalancerTask.java:initializeIteration(374)) - Average utilization of the cluster is 0.32470527934442994
2023-09-13 18:18:04,666 [main] DEBUG balancer.ContainerBalancerTask (ContainerBalancerTask.java:initializeIteration(386)) - Lower limit for utilization is -0.17263679985351493 and Upper limit for utilization is 0.8220473585423749
2023-09-13 18:18:04,666 [main] DEBUG balancer.ContainerBalancerTask (ContainerBalancerTask.java:initializeIteration(398)) - Utilization for node ee171b35-2724-4868-b35f-db0a4d10637c with capacity 50107951786B, used 45097156608B, and remaining 5010795178B is 0.9000000000119741
2023-09-13 18:18:04,666 [main] DEBUG balancer.ContainerBalancerTask (ContainerBalancerTask.java:initializeIteration(398)) - Utilization for node e5b213b0-be5f-4b25-a61b-2caec7e5d9b1 with capacity 48318382080B, used 38654705664B, and remaining 9663676416B is 0.8
2023-09-13 18:18:04,667 [main] DEBUG balancer.ContainerBalancerTask (ContainerBalancerTask.java:initializeIteration(398)) - Utilization for node 02bc5a57-3f7b-4080-8df1-1b1f3e118d1f with capacity 88967179702B, used 62277025792B, and remaining 26690153910B is 0.700000000006744
2023-09-13 18:18:04,667 [main] DEBUG balancer.ContainerBalancerTask (ContainerBalancerTask.java:initializeIteration(398)) - Utilization for node 7b8ab83c-1d21-4abb-826c-d4ddfa4ee7c5 with capacity 89478485333B, used 53687091200B, and remaining 35791394133B is 0.6000000000022352
2023-09-13 18:18:04,667 [main] DEBUG balancer.ContainerBalancerTask (ContainerBalancerTask.java:initializeIteration(398)) - Utilization for node b4b89c1a-0d21-4d0b-9cab-3c48bd96581d with capacity 75161927680B, used 37580963840B, and remaining 37580963840B is 0.5
2023-09-13 18:18:04,667 [main] DEBUG balancer.ContainerBalancerTask (ContainerBalancerTask.java:initializeIteration(398)) - Utilization for node 98bb5845-e602-4e3e-a367-d6a0089bcabb with capacity 96636764160B, used 38654705664B, and remaining 57982058496B is 0.4
2023-09-13 18:18:04,667 [main] DEBUG balancer.ContainerBalancerTask (ContainerBalancerTask.java:initializeIteration(398)) - Utilization for node 9993b6fb-ffa3-4b80-88b5-8eb0acf42969 with capacity 118111600640B, used 35433480192B, and remaining 82678120448B is 0.3
2023-09-13 18:18:04,667 [main] DEBUG balancer.ContainerBalancerTask (ContainerBalancerTask.java:initializeIteration(398)) - Utilization for node 33a2b1f0-86c3-48fa-8253-aa687652337a with capacity 171798691840B, used 34359738368B, and remaining 137438953472B is 0.2
2023-09-13 18:18:04,667 [main] DEBUG balancer.ContainerBalancerTask (ContainerBalancerTask.java:initializeIteration(398)) - Utilization for node 5610c331-1bdf-47ca-b548-4e2f5bb7723b with capacity 429496729600B, used 42949672960B, and remaining 386547056640B is 0.1
2023-09-13 18:18:04,667 [main] DEBUG balancer.ContainerBalancerTask (ContainerBalancerTask.java:initializeIteration(398)) - Utilization for node cf7dd2c4-ac07-4f32-b7a6-9129d534a5aa with capacity 28991029248B, used 0B, and remaining 28991029248B is 0.0
2023-09-13 18:18:04,667 [main] INFO  balancer.ContainerBalancerTask (ContainerBalancerTask.java:initializeIteration(447)) - Container Balancer has identified 1 Over-Utilized and 0 Under-Utilized Datanodes that need to be balanced.
2023-09-13 18:18:04,667 [main] DEBUG balancer.ContainerBalancerTask (ContainerBalancerTask.java:lambda$initializeIteration$1(453)) - Datanode localhost-108.143.189.206 ee171b35-2724-4868-b35f-db0a4d10637c is Over-Utilized.
2023-09-13 18:18:04,669 [main] DEBUG balancer.ContainerBalancerTask (ContainerBalancerTask.java:matchSourceWithTarget(708)) - ContainerBalancer is finding suitable target for source datanode ee171b35-2724-4868-b35f-db0a4d10637c
2023-09-13 18:18:04,670 [main] INFO  balancer.FindTargetGreedyByUsageInfo (AbstractFindTargetGreedy.java:findTargetForContainerMove(133)) - Container Balancer could not find a target for source datanode ee171b35-2724-4868-b35f-db0a4d10637c
2023-09-13 18:18:04,670 [main] DEBUG balancer.ContainerBalancerTask (ContainerBalancerTask.java:matchSourceWithTarget(717)) - ContainerBalancer could not find a suitable target for source node ee171b35-2724-4868-b35f-db0a4d10637c.
2023-09-13 18:18:04,670 [main] INFO  balancer.FindSourceGreedy (FindSourceGreedy.java:getNextCandidateSourceDataNode(126)) - no more candidate source data node
2023-09-13 18:18:04,670 [main] INFO  balancer.ContainerBalancerTask (ContainerBalancerTask.java:balance(259)) - Result of this iteration of Container Balancer: CAN_NOT_BALANCE_ANY_MORE
2023-09-13 18:18:04,670 [main] INFO  balancer.ContainerBalancerTask (ContainerBalancerTask.java:tryStopWithSaveConfiguration(308)) - Save Configuration for stopping. Reason: CAN_NOT_BALANCE_ANY_MORE
2023-09-13 18:18:04,671 [main] DEBUG balancer.ContainerBalancerTask (ContainerBalancerTask.java:initializeIteration(374)) - Average utilization of the cluster is 0.32470527934442994
2023-09-13 18:18:04,671 [main] DEBUG balancer.ContainerBalancerTask (ContainerBalancerTask.java:initializeIteration(386)) - Lower limit for utilization is 0.27489988374880914 and Upper limit for utilization is 0.37451067494005075
2023-09-13 18:18:04,671 [main] DEBUG balancer.ContainerBalancerTask (ContainerBalancerTask.java:initializeIteration(398)) - Utilization for node ee171b35-2724-4868-b35f-db0a4d10637c with capacity 50107951786B, used 45097156608B, and remaining 5010795178B is 0.9000000000119741
2023-09-13 18:18:04,671 [main] DEBUG balancer.ContainerBalancerTask (ContainerBalancerTask.java:initializeIteration(398)) - Utilization for node e5b213b0-be5f-4b25-a61b-2caec7e5d9b1 with capacity 48318382080B, used 38654705664B, and remaining 9663676416B is 0.8
2023-09-13 18:18:04,671 [main] DEBUG balancer.ContainerBalancerTask (ContainerBalancerTask.java:initializeIteration(398)) - Utilization for node 02bc5a57-3f7b-4080-8df1-1b1f3e118d1f with capacity 88967179702B, used 62277025792B, and remaining 26690153910B is 0.700000000006744
2023-09-13 18:18:04,671 [main] DEBUG balancer.ContainerBalancerTask (ContainerBalancerTask.java:initializeIteration(398)) - Utilization for node 7b8ab83c-1d21-4abb-826c-d4ddfa4ee7c5 with capacity 89478485333B, used 53687091200B, and remaining 35791394133B is 0.6000000000022352
2023-09-13 18:18:04,671 [main] DEBUG balancer.ContainerBalancerTask (ContainerBalancerTask.java:initializeIteration(398)) - Utilization for node b4b89c1a-0d21-4d0b-9cab-3c48bd96581d with capacity 75161927680B, used 37580963840B, and remaining 37580963840B is 0.5
2023-09-13 18:18:04,671 [main] DEBUG balancer.ContainerBalancerTask (ContainerBalancerTask.java:initializeIteration(398)) - Utilization for node 98bb5845-e602-4e3e-a367-d6a0089bcabb with capacity 96636764160B, used 38654705664B, and remaining 57982058496B is 0.4
2023-09-13 18:18:04,671 [main] DEBUG balancer.ContainerBalancerTask (ContainerBalancerTask.java:initializeIteration(398)) - Utilization for node 9993b6fb-ffa3-4b80-88b5-8eb0acf42969 with capacity 118111600640B, used 35433480192B, and remaining 82678120448B is 0.3
2023-09-13 18:18:04,671 [main] DEBUG balancer.ContainerBalancerTask (ContainerBalancerTask.java:initializeIteration(398)) - Utilization for node 33a2b1f0-86c3-48fa-8253-aa687652337a with capacity 171798691840B, used 34359738368B, and remaining 137438953472B is 0.2
2023-09-13 18:18:04,672 [main] DEBUG balancer.ContainerBalancerTask (ContainerBalancerTask.java:initializeIteration(398)) - Utilization for node 5610c331-1bdf-47ca-b548-4e2f5bb7723b with capacity 429496729600B, used 42949672960B, and remaining 386547056640B is 0.1
2023-09-13 18:18:04,672 [main] DEBUG balancer.ContainerBalancerTask (ContainerBalancerTask.java:initializeIteration(398)) - Utilization for node cf7dd2c4-ac07-4f32-b7a6-9129d534a5aa with capacity 28991029248B, used 0B, and remaining 28991029248B is 0.0
2023-09-13 18:18:04,672 [main] INFO  balancer.ContainerBalancerTask (ContainerBalancerTask.java:initializeIteration(447)) - Container Balancer has identified 6 Over-Utilized and 3 Under-Utilized Datanodes that need to be balanced.
2023-09-13 18:18:04,672 [main] DEBUG balancer.ContainerBalancerTask (ContainerBalancerTask.java:lambda$initializeIteration$1(453)) - Datanode localhost-108.143.189.206 ee171b35-2724-4868-b35f-db0a4d10637c is Over-Utilized.
2023-09-13 18:18:04,672 [main] DEBUG balancer.ContainerBalancerTask (ContainerBalancerTask.java:lambda$initializeIteration$1(453)) - Datanode localhost-1.135.40.40 e5b213b0-be5f-4b25-a61b-2caec7e5d9b1 is Over-Utilized.
2023-09-13 18:18:04,672 [main] DEBUG balancer.ContainerBalancerTask (ContainerBalancerTask.java:lambda$initializeIteration$1(453)) - Datanode localhost-195.84.121.62 02bc5a57-3f7b-4080-8df1-1b1f3e118d1f is Over-Utilized.
2023-09-13 18:18:04,672 [main] DEBUG balancer.ContainerBalancerTask (ContainerBalancerTask.java:lambda$initializeIteration$1(453)) - Datanode localhost-203.31.63.233 7b8ab83c-1d21-4abb-826c-d4ddfa4ee7c5 is Over-Utilized.
2023-09-13 18:18:04,672 [main] DEBUG balancer.ContainerBalancerTask (ContainerBalancerTask.java:lambda$initializeIteration$1(453)) - Datanode localhost-81.58.237.46 b4b89c1a-0d21-4d0b-9cab-3c48bd96581d is Over-Utilized.
2023-09-13 18:18:04,672 [main] DEBUG balancer.ContainerBalancerTask (ContainerBalancerTask.java:lambda$initializeIteration$1(453)) - Datanode localhost-159.249.253.138 98bb5845-e602-4e3e-a367-d6a0089bcabb is Over-Utilized.
2023-09-13 18:18:04,672 [main] DEBUG balancer.ContainerBalancerTask (ContainerBalancerTask.java:lambda$initializeIteration$2(459)) - Datanode localhost-15.132.92.63 cf7dd2c4-ac07-4f32-b7a6-9129d534a5aa is Under-Utilized.
2023-09-13 18:18:04,672 [main] DEBUG balancer.ContainerBalancerTask (ContainerBalancerTask.java:lambda$initializeIteration$2(459)) - Datanode localhost-123.211.5.179 5610c331-1bdf-47ca-b548-4e2f5bb7723b is Under-Utilized.
2023-09-13 18:18:04,672 [main] DEBUG balancer.ContainerBalancerTask (ContainerBalancerTask.java:lambda$initializeIteration$2(459)) - Datanode localhost-128.84.9.86 33a2b1f0-86c3-48fa-8253-aa687652337a is Under-Utilized.
2023-09-13 18:18:04,675 [main] DEBUG balancer.ContainerBalancerTask (ContainerBalancerTask.java:matchSourceWithTarget(708)) - ContainerBalancer is finding suitable target for source datanode ee171b35-2724-4868-b35f-db0a4d10637c
2023-09-13 18:18:04,675 [main] INFO  balancer.ContainerBalancerTask (ContainerBalancerTask.java:matchSourceWithTarget(722)) - ContainerBalancer matched source datanode ee171b35-2724-4868-b35f-db0a4d10637c with target datanode cf7dd2c4-ac07-4f32-b7a6-9129d534a5aa for container move.
2023-09-13 18:18:04,675 [main] INFO  balancer.ContainerBalancerTask (ContainerBalancerTask.java:processMoveSelection(569)) - ContainerBalancer is trying to move container #85 with size 5368709120B from source datanode ee171b35-2724-4868-b35f-db0a4d10637c to target datanode cf7dd2c4-ac07-4f32-b7a6-9129d534a5aa
2023-09-13 18:18:04,675 [main] DEBUG balancer.ContainerBalancerTask (ContainerBalancerTask.java:lambda$moveContainer$3(837)) - Container move completed for container #85 from source ee171b35-2724-4868-b35f-db0a4d10637c to target cf7dd2c4-ac07-4f32-b7a6-9129d534a5aa
2023-09-13 18:18:04,677 [main] DEBUG balancer.ContainerBalancerTask (ContainerBalancerTask.java:matchSourceWithTarget(708)) - ContainerBalancer is finding suitable target for source datanode e5b213b0-be5f-4b25-a61b-2caec7e5d9b1
2023-09-13 18:18:04,677 [main] INFO  balancer.ContainerBalancerTask (ContainerBalancerTask.java:matchSourceWithTarget(722)) - ContainerBalancer matched source datanode e5b213b0-be5f-4b25-a61b-2caec7e5d9b1 with target datanode 5610c331-1bdf-47ca-b548-4e2f5bb7723b for container move.
2023-09-13 18:18:04,677 [main] INFO  balancer.ContainerBalancerTask (ContainerBalancerTask.java:processMoveSelection(569)) - ContainerBalancer is trying to move container #68 with size 5368709120B from source datanode e5b213b0-be5f-4b25-a61b-2caec7e5d9b1 to target datanode 5610c331-1bdf-47ca-b548-4e2f5bb7723b
2023-09-13 18:18:04,677 [main] DEBUG balancer.ContainerBalancerTask (ContainerBalancerTask.java:lambda$moveContainer$3(837)) - Container move completed for container #68 from source e5b213b0-be5f-4b25-a61b-2caec7e5d9b1 to target 5610c331-1bdf-47ca-b548-4e2f5bb7723b
2023-09-13 18:18:04,680 [main] DEBUG balancer.ContainerBalancerTask (ContainerBalancerTask.java:matchSourceWithTarget(708)) - ContainerBalancer is finding suitable target for source datanode ee171b35-2724-4868-b35f-db0a4d10637c
2023-09-13 18:18:04,680 [main] INFO  balancer.ContainerBalancerTask (ContainerBalancerTask.java:matchSourceWithTarget(722)) - ContainerBalancer matched source datanode ee171b35-2724-4868-b35f-db0a4d10637c with target datanode 5610c331-1bdf-47ca-b548-4e2f5bb7723b for container move.
2023-09-13 18:18:04,680 [main] INFO  balancer.ContainerBalancerTask (ContainerBalancerTask.java:processMoveSelection(569)) - ContainerBalancer is trying to move container #89 with size 4294967296B from source datanode ee171b35-2724-4868-b35f-db0a4d10637c to target datanode 5610c331-1bdf-47ca-b548-4e2f5bb7723b
2023-09-13 18:18:04,680 [main] DEBUG balancer.ContainerBalancerTask (ContainerBalancerTask.java:lambda$moveContainer$3(837)) - Container move completed for container #89 from source ee171b35-2724-4868-b35f-db0a4d10637c to target 5610c331-1bdf-47ca-b548-4e2f5bb7723b
2023-09-13 18:18:04,682 [main] DEBUG balancer.ContainerBalancerTask (ContainerBalancerTask.java:matchSourceWithTarget(708)) - ContainerBalancer is finding suitable target for source datanode ee171b35-2724-4868-b35f-db0a4d10637c
2023-09-13 18:18:04,683 [main] INFO  balancer.ContainerBalancerTask (ContainerBalancerTask.java:matchSourceWithTarget(722)) - ContainerBalancer matched source datanode ee171b35-2724-4868-b35f-db0a4d10637c with target datanode 5610c331-1bdf-47ca-b548-4e2f5bb7723b for container move.
2023-09-13 18:18:04,683 [main] INFO  balancer.ContainerBalancerTask (ContainerBalancerTask.java:processMoveSelection(569)) - ContainerBalancer is trying to move container #88 with size 3221225472B from source datanode ee171b35-2724-4868-b35f-db0a4d10637c to target datanode 5610c331-1bdf-47ca-b548-4e2f5bb7723b
2023-09-13 18:18:04,683 [main] DEBUG balancer.ContainerBalancerTask (ContainerBalancerTask.java:lambda$moveContainer$3(837)) - Container move completed for container #88 from source ee171b35-2724-4868-b35f-db0a4d10637c to target 5610c331-1bdf-47ca-b548-4e2f5bb7723b
2023-09-13 18:18:04,686 [main] DEBUG balancer.ContainerBalancerTask (ContainerBalancerTask.java:matchSourceWithTarget(708)) - ContainerBalancer is finding suitable target for source datanode 02bc5a57-3f7b-4080-8df1-1b1f3e118d1f
2023-09-13 18:18:04,686 [main] INFO  balancer.ContainerBalancerTask (ContainerBalancerTask.java:matchSourceWithTarget(722)) - ContainerBalancer matched source datanode 02bc5a57-3f7b-4080-8df1-1b1f3e118d1f with target datanode 5610c331-1bdf-47ca-b548-4e2f5bb7723b for container move.
2023-09-13 18:18:04,686 [main] INFO  balancer.ContainerBalancerTask (ContainerBalancerTask.java:processMoveSelection(569)) - ContainerBalancer is trying to move container #40 with size 5368709120B from source datanode 02bc5a57-3f7b-4080-8df1-1b1f3e118d1f to target datanode 5610c331-1bdf-47ca-b548-4e2f5bb7723b
2023-09-13 18:18:04,686 [main] DEBUG balancer.ContainerBalancerTask (ContainerBalancerTask.java:lambda$moveContainer$3(837)) - Container move completed for container #40 from source 02bc5a57-3f7b-4080-8df1-1b1f3e118d1f to target 5610c331-1bdf-47ca-b548-4e2f5bb7723b
2023-09-13 18:18:04,689 [main] DEBUG balancer.ContainerBalancerTask (ContainerBalancerTask.java:matchSourceWithTarget(708)) - ContainerBalancer is finding suitable target for source datanode e5b213b0-be5f-4b25-a61b-2caec7e5d9b1
2023-09-13 18:18:04,689 [main] INFO  balancer.ContainerBalancerTask (ContainerBalancerTask.java:matchSourceWithTarget(722)) - ContainerBalancer matched source datanode e5b213b0-be5f-4b25-a61b-2caec7e5d9b1 with target datanode 5610c331-1bdf-47ca-b548-4e2f5bb7723b for container move.
2023-09-13 18:18:04,689 [main] INFO  balancer.ContainerBalancerTask (ContainerBalancerTask.java:processMoveSelection(569)) - ContainerBalancer is trying to move container #67 with size 4294967296B from source datanode e5b213b0-be5f-4b25-a61b-2caec7e5d9b1 to target datanode 5610c331-1bdf-47ca-b548-4e2f5bb7723b
2023-09-13 18:18:04,689 [main] DEBUG balancer.ContainerBalancerTask (ContainerBalancerTask.java:lambda$moveContainer$3(837)) - Container move completed for container #67 from source e5b213b0-be5f-4b25-a61b-2caec7e5d9b1 to target 5610c331-1bdf-47ca-b548-4e2f5bb7723b
2023-09-13 18:18:04,691 [main] DEBUG balancer.ContainerBalancerTask (ContainerBalancerTask.java:matchSourceWithTarget(708)) - ContainerBalancer is finding suitable target for source datanode ee171b35-2724-4868-b35f-db0a4d10637c
2023-09-13 18:18:04,692 [main] INFO  balancer.ContainerBalancerTask (ContainerBalancerTask.java:matchSourceWithTarget(722)) - ContainerBalancer matched source datanode ee171b35-2724-4868-b35f-db0a4d10637c with target datanode 5610c331-1bdf-47ca-b548-4e2f5bb7723b for container move.
2023-09-13 18:18:04,692 [main] INFO  balancer.ContainerBalancerTask (ContainerBalancerTask.java:processMoveSelection(569)) - ContainerBalancer is trying to move container #83 with size 3221225472B from source datanode ee171b35-2724-4868-b35f-db0a4d10637c to target datanode 5610c331-1bdf-47ca-b548-4e2f5bb7723b
2023-09-13 18:18:04,692 [main] DEBUG balancer.ContainerBalancerTask (ContainerBalancerTask.java:lambda$moveContainer$3(837)) - Container move completed for container #83 from source ee171b35-2724-4868-b35f-db0a4d10637c to target 5610c331-1bdf-47ca-b548-4e2f5bb7723b
2023-09-13 18:18:04,695 [main] DEBUG balancer.ContainerBalancerTask (ContainerBalancerTask.java:matchSourceWithTarget(708)) - ContainerBalancer is finding suitable target for source datanode 02bc5a57-3f7b-4080-8df1-1b1f3e118d1f
2023-09-13 18:18:04,695 [main] INFO  balancer.ContainerBalancerTask (ContainerBalancerTask.java:matchSourceWithTarget(722)) - ContainerBalancer matched source datanode 02bc5a57-3f7b-4080-8df1-1b1f3e118d1f with target datanode 5610c331-1bdf-47ca-b548-4e2f5bb7723b for container move.
2023-09-13 18:18:04,695 [main] INFO  balancer.ContainerBalancerTask (ContainerBalancerTask.java:processMoveSelection(569)) - ContainerBalancer is trying to move container #29 with size 5368709120B from source datanode 02bc5a57-3f7b-4080-8df1-1b1f3e118d1f to target datanode 5610c331-1bdf-47ca-b548-4e2f5bb7723b
2023-09-13 18:18:04,695 [main] DEBUG balancer.ContainerBalancerTask (ContainerBalancerTask.java:lambda$moveContainer$3(837)) - Container move completed for container #29 from source 02bc5a57-3f7b-4080-8df1-1b1f3e118d1f to target 5610c331-1bdf-47ca-b548-4e2f5bb7723b
2023-09-13 18:18:04,698 [main] DEBUG balancer.ContainerBalancerTask (ContainerBalancerTask.java:matchSourceWithTarget(708)) - ContainerBalancer is finding suitable target for source datanode 7b8ab83c-1d21-4abb-826c-d4ddfa4ee7c5
2023-09-13 18:18:04,698 [main] INFO  balancer.ContainerBalancerTask (ContainerBalancerTask.java:matchSourceWithTarget(722)) - ContainerBalancer matched source datanode 7b8ab83c-1d21-4abb-826c-d4ddfa4ee7c5 with target datanode 5610c331-1bdf-47ca-b548-4e2f5bb7723b for container move.
2023-09-13 18:18:04,698 [main] INFO  balancer.ContainerBalancerTask (ContainerBalancerTask.java:processMoveSelection(569)) - ContainerBalancer is trying to move container #39 with size 4294967296B from source datanode 7b8ab83c-1d21-4abb-826c-d4ddfa4ee7c5 to target datanode 5610c331-1bdf-47ca-b548-4e2f5bb7723b
2023-09-13 18:18:04,699 [main] DEBUG balancer.ContainerBalancerTask (ContainerBalancerTask.java:lambda$moveContainer$3(837)) - Container move completed for container #39 from source 7b8ab83c-1d21-4abb-826c-d4ddfa4ee7c5 to target 5610c331-1bdf-47ca-b548-4e2f5bb7723b
2023-09-13 18:18:04,701 [main] DEBUG balancer.ContainerBalancerTask (ContainerBalancerTask.java:matchSourceWithTarget(708)) - ContainerBalancer is finding suitable target for source datanode e5b213b0-be5f-4b25-a61b-2caec7e5d9b1
2023-09-13 18:18:04,701 [main] INFO  balancer.ContainerBalancerTask (ContainerBalancerTask.java:matchSourceWithTarget(722)) - ContainerBalancer matched source datanode e5b213b0-be5f-4b25-a61b-2caec7e5d9b1 with target datanode 5610c331-1bdf-47ca-b548-4e2f5bb7723b for container move.
2023-09-13 18:18:04,701 [main] INFO  balancer.ContainerBalancerTask (ContainerBalancerTask.java:processMoveSelection(569)) - ContainerBalancer is trying to move container #66 with size 3221225472B from source datanode e5b213b0-be5f-4b25-a61b-2caec7e5d9b1 to target datanode 5610c331-1bdf-47ca-b548-4e2f5bb7723b
2023-09-13 18:18:04,702 [main] DEBUG balancer.ContainerBalancerTask (ContainerBalancerTask.java:lambda$moveContainer$3(837)) - Container move completed for container #66 from source e5b213b0-be5f-4b25-a61b-2caec7e5d9b1 to target 5610c331-1bdf-47ca-b548-4e2f5bb7723b
2023-09-13 18:18:04,705 [main] DEBUG balancer.ContainerBalancerTask (ContainerBalancerTask.java:matchSourceWithTarget(708)) - ContainerBalancer is finding suitable target for source datanode 02bc5a57-3f7b-4080-8df1-1b1f3e118d1f
2023-09-13 18:18:04,705 [main] INFO  balancer.ContainerBalancerTask (ContainerBalancerTask.java:matchSourceWithTarget(722)) - ContainerBalancer matched source datanode 02bc5a57-3f7b-4080-8df1-1b1f3e118d1f with target datanode cf7dd2c4-ac07-4f32-b7a6-9129d534a5aa for container move.
2023-09-13 18:18:04,705 [main] INFO  balancer.ContainerBalancerTask (ContainerBalancerTask.java:processMoveSelection(569)) - ContainerBalancer is trying to move container #53 with size 5368709120B from source datanode 02bc5a57-3f7b-4080-8df1-1b1f3e118d1f to target datanode cf7dd2c4-ac07-4f32-b7a6-9129d534a5aa
2023-09-13 18:18:04,705 [main] DEBUG balancer.ContainerBalancerTask (ContainerBalancerTask.java:lambda$moveContainer$3(837)) - Container move completed for container #53 from source 02bc5a57-3f7b-4080-8df1-1b1f3e118d1f to target cf7dd2c4-ac07-4f32-b7a6-9129d534a5aa
2023-09-13 18:18:04,708 [main] DEBUG balancer.ContainerBalancerTask (ContainerBalancerTask.java:matchSourceWithTarget(708)) - ContainerBalancer is finding suitable target for source datanode ee171b35-2724-4868-b35f-db0a4d10637c
2023-09-13 18:18:04,708 [main] INFO  balancer.ContainerBalancerTask (ContainerBalancerTask.java:matchSourceWithTarget(722)) - ContainerBalancer matched source datanode ee171b35-2724-4868-b35f-db0a4d10637c with target datanode 5610c331-1bdf-47ca-b548-4e2f5bb7723b for container move.
2023-09-13 18:18:04,708 [main] INFO  balancer.ContainerBalancerTask (ContainerBalancerTask.java:processMoveSelection(569)) - ContainerBalancer is trying to move container #87 with size 2147483648B from source datanode ee171b35-2724-4868-b35f-db0a4d10637c to target datanode 5610c331-1bdf-47ca-b548-4e2f5bb7723b
2023-09-13 18:18:04,708 [main] DEBUG balancer.ContainerBalancerTask (ContainerBalancerTask.java:lambda$moveContainer$3(837)) - Container move completed for container #87 from source ee171b35-2724-4868-b35f-db0a4d10637c to target 5610c331-1bdf-47ca-b548-4e2f5bb7723b
2023-09-13 18:18:04,711 [main] DEBUG balancer.ContainerBalancerTask (ContainerBalancerTask.java:matchSourceWithTarget(708)) - ContainerBalancer is finding suitable target for source datanode 7b8ab83c-1d21-4abb-826c-d4ddfa4ee7c5
2023-09-13 18:18:04,711 [main] INFO  balancer.ContainerBalancerTask (ContainerBalancerTask.java:matchSourceWithTarget(722)) - ContainerBalancer matched source datanode 7b8ab83c-1d21-4abb-826c-d4ddfa4ee7c5 with target datanode 5610c331-1bdf-47ca-b548-4e2f5bb7723b for container move.
2023-09-13 18:18:04,711 [main] INFO  balancer.ContainerBalancerTask (ContainerBalancerTask.java:processMoveSelection(569)) - ContainerBalancer is trying to move container #37 with size 2147483648B from source datanode 7b8ab83c-1d21-4abb-826c-d4ddfa4ee7c5 to target datanode 5610c331-1bdf-47ca-b548-4e2f5bb7723b
2023-09-13 18:18:04,712 [main] DEBUG balancer.ContainerBalancerTask (ContainerBalancerTask.java:lambda$moveContainer$3(837)) - Container move completed for container #37 from source 7b8ab83c-1d21-4abb-826c-d4ddfa4ee7c5 to target 5610c331-1bdf-47ca-b548-4e2f5bb7723b
2023-09-13 18:18:04,712 [main] WARN  balancer.ContainerBalancerTask (ContainerBalancerTask.java:reachedMaxSizeToMovePerIteration(733)) - Reached max size to move limit. 53687091200 bytes have already been scheduled for balancing and the limit is 53687091200 bytes.
2023-09-13 18:18:04,712 [main] INFO  balancer.ContainerBalancerTask (ContainerBalancerTask.java:checkIterationMoveResults(642)) - Iteration Summary. Number of Datanodes involved: 6. Size moved: 50 GB (53687091200 Bytes). Number of Container moves completed: 13.
2023-09-13 18:18:04,712 [main] INFO  balancer.ContainerBalancerTask (ContainerBalancerTask.java:balance(259)) - Result of this iteration of Container Balancer: ITERATION_COMPLETED
2023-09-13 18:18:04,712 [main] INFO  balancer.ContainerBalancerTask (ContainerBalancerTask.java:tryStopWithSaveConfiguration(308)) - Save Configuration for stopping. Reason: Completed all iterations.
2023-09-13 18:18:04,713 [main] DEBUG balancer.ContainerBalancerTask (ContainerBalancerTask.java:initializeIteration(374)) - Average utilization of the cluster is 0.32470527934442994
2023-09-13 18:18:04,713 [main] DEBUG balancer.ContainerBalancerTask (ContainerBalancerTask.java:initializeIteration(386)) - Lower limit for utilization is 0.14433597582825886 and Upper limit for utilization is 0.505074582860601
2023-09-13 18:18:04,713 [main] DEBUG balancer.ContainerBalancerTask (ContainerBalancerTask.java:initializeIteration(398)) - Utilization for node ee171b35-2724-4868-b35f-db0a4d10637c with capacity 50107951786B, used 45097156608B, and remaining 5010795178B is 0.9000000000119741
2023-09-13 18:18:04,713 [main] DEBUG balancer.ContainerBalancerTask (ContainerBalancerTask.java:initializeIteration(398)) - Utilization for node e5b213b0-be5f-4b25-a61b-2caec7e5d9b1 with capacity 48318382080B, used 38654705664B, and remaining 9663676416B is 0.8
2023-09-13 18:18:04,713 [main] DEBUG balancer.ContainerBalancerTask (ContainerBalancerTask.java:initializeIteration(398)) - Utilization for node 02bc5a57-3f7b-4080-8df1-1b1f3e118d1f with capacity 88967179702B, used 62277025792B, and remaining 26690153910B is 0.700000000006744
2023-09-13 18:18:04,713 [main] DEBUG balancer.ContainerBalancerTask (ContainerBalancerTask.java:initializeIteration(398)) - Utilization for node 7b8ab83c-1d21-4abb-826c-d4ddfa4ee7c5 with capacity 89478485333B, used 53687091200B, and remaining 35791394133B is 0.6000000000022352
2023-09-13 18:18:04,713 [main] DEBUG balancer.ContainerBalancerTask (ContainerBalancerTask.java:initializeIteration(398)) - Utilization for node b4b89c1a-0d21-4d0b-9cab-3c48bd96581d with capacity 75161927680B, used 37580963840B, and remaining 37580963840B is 0.5
2023-09-13 18:18:04,713 [main] DEBUG balancer.ContainerBalancerTask (ContainerBalancerTask.java:initializeIteration(398)) - Utilization for node 98bb5845-e602-4e3e-a367-d6a0089bcabb with capacity 96636764160B, used 38654705664B, and remaining 57982058496B is 0.4
2023-09-13 18:18:04,714 [main] DEBUG balancer.ContainerBalancerTask (ContainerBalancerTask.java:initializeIteration(398)) - Utilization for node 9993b6fb-ffa3-4b80-88b5-8eb0acf42969 with capacity 118111600640B, used 35433480192B, and remaining 82678120448B is 0.3
2023-09-13 18:18:04,714 [main] DEBUG balancer.ContainerBalancerTask (ContainerBalancerTask.java:initializeIteration(398)) - Utilization for node 33a2b1f0-86c3-48fa-8253-aa687652337a with capacity 171798691840B, used 34359738368B, and remaining 137438953472B is 0.2
2023-09-13 18:18:04,714 [main] DEBUG balancer.ContainerBalancerTask (ContainerBalancerTask.java:initializeIteration(398)) - Utilization for node 5610c331-1bdf-47ca-b548-4e2f5bb7723b with capacity 429496729600B, used 42949672960B, and remaining 386547056640B is 0.1
2023-09-13 18:18:04,714 [main] DEBUG balancer.ContainerBalancerTask (ContainerBalancerTask.java:initializeIteration(398)) - Utilization for node cf7dd2c4-ac07-4f32-b7a6-9129d534a5aa with capacity 28991029248B, used 0B, and remaining 28991029248B is 0.0
2023-09-13 18:18:04,714 [main] INFO  balancer.ContainerBalancerTask (ContainerBalancerTask.java:initializeIteration(447)) - Container Balancer has identified 4 Over-Utilized and 2 Under-Utilized Datanodes that need to be balanced.
2023-09-13 18:18:04,714 [main] DEBUG balancer.ContainerBalancerTask (ContainerBalancerTask.java:lambda$initializeIteration$1(453)) - Datanode localhost-108.143.189.206 ee171b35-2724-4868-b35f-db0a4d10637c is Over-Utilized.
2023-09-13 18:18:04,714 [main] DEBUG balancer.ContainerBalancerTask (ContainerBalancerTask.java:lambda$initializeIteration$1(453)) - Datanode localhost-1.135.40.40 e5b213b0-be5f-4b25-a61b-2caec7e5d9b1 is Over-Utilized.
2023-09-13 18:18:04,714 [main] DEBUG balancer.ContainerBalancerTask (ContainerBalancerTask.java:lambda$initializeIteration$1(453)) - Datanode localhost-195.84.121.62 02bc5a57-3f7b-4080-8df1-1b1f3e118d1f is Over-Utilized.
2023-09-13 18:18:04,714 [main] DEBUG balancer.ContainerBalancerTask (ContainerBalancerTask.java:lambda$initializeIteration$1(453)) - Datanode localhost-203.31.63.233 7b8ab83c-1d21-4abb-826c-d4ddfa4ee7c5 is Over-Utilized.
2023-09-13 18:18:04,714 [main] DEBUG balancer.ContainerBalancerTask (ContainerBalancerTask.java:lambda$initializeIteration$2(459)) - Datanode localhost-15.132.92.63 cf7dd2c4-ac07-4f32-b7a6-9129d534a5aa is Under-Utilized.
2023-09-13 18:18:04,714 [main] DEBUG balancer.ContainerBalancerTask (ContainerBalancerTask.java:lambda$initializeIteration$2(459)) - Datanode localhost-123.211.5.179 5610c331-1bdf-47ca-b548-4e2f5bb7723b is Under-Utilized.
2023-09-13 18:18:04,717 [main] DEBUG balancer.ContainerBalancerTask (ContainerBalancerTask.java:matchSourceWithTarget(708)) - ContainerBalancer is finding suitable target for source datanode ee171b35-2724-4868-b35f-db0a4d10637c
2023-09-13 18:18:04,717 [main] INFO  balancer.ContainerBalancerTask (ContainerBalancerTask.java:matchSourceWithTarget(722)) - ContainerBalancer matched source datanode ee171b35-2724-4868-b35f-db0a4d10637c with target datanode cf7dd2c4-ac07-4f32-b7a6-9129d534a5aa for container move.
2023-09-13 18:18:04,717 [main] INFO  balancer.ContainerBalancerTask (ContainerBalancerTask.java:processMoveSelection(569)) - ContainerBalancer is trying to move container #85 with size 5368709120B from source datanode ee171b35-2724-4868-b35f-db0a4d10637c to target datanode cf7dd2c4-ac07-4f32-b7a6-9129d534a5aa
2023-09-13 18:18:04,717 [main] DEBUG balancer.ContainerBalancerTask (ContainerBalancerTask.java:lambda$moveContainer$3(837)) - Container move completed for container #85 from source ee171b35-2724-4868-b35f-db0a4d10637c to target cf7dd2c4-ac07-4f32-b7a6-9129d534a5aa
2023-09-13 18:18:04,719 [main] DEBUG balancer.ContainerBalancerTask (ContainerBalancerTask.java:matchSourceWithTarget(708)) - ContainerBalancer is finding suitable target for source datanode e5b213b0-be5f-4b25-a61b-2caec7e5d9b1
2023-09-13 18:18:04,719 [main] INFO  balancer.ContainerBalancerTask (ContainerBalancerTask.java:matchSourceWithTarget(722)) - ContainerBalancer matched source datanode e5b213b0-be5f-4b25-a61b-2caec7e5d9b1 with target datanode 5610c331-1bdf-47ca-b548-4e2f5bb7723b for container move.
2023-09-13 18:18:04,721 [main] INFO  balancer.ContainerBalancerTask (ContainerBalancerTask.java:processMoveSelection(569)) - ContainerBalancer is trying to move container #68 with size 5368709120B from source datanode e5b213b0-be5f-4b25-a61b-2caec7e5d9b1 to target datanode 5610c331-1bdf-47ca-b548-4e2f5bb7723b
2023-09-13 18:18:04,721 [main] DEBUG balancer.ContainerBalancerTask (ContainerBalancerTask.java:lambda$moveContainer$3(837)) - Container move completed for container #68 from source e5b213b0-be5f-4b25-a61b-2caec7e5d9b1 to target 5610c331-1bdf-47ca-b548-4e2f5bb7723b
2023-09-13 18:18:04,724 [main] DEBUG balancer.ContainerBalancerTask (ContainerBalancerTask.java:matchSourceWithTarget(708)) - ContainerBalancer is finding suitable target for source datanode ee171b35-2724-4868-b35f-db0a4d10637c
2023-09-13 18:18:04,724 [main] INFO  balancer.ContainerBalancerTask (ContainerBalancerTask.java:matchSourceWithTarget(722)) - ContainerBalancer matched source datanode ee171b35-2724-4868-b35f-db0a4d10637c with target datanode 5610c331-1bdf-47ca-b548-4e2f5bb7723b for container move.
2023-09-13 18:18:04,724 [main] INFO  balancer.ContainerBalancerTask (ContainerBalancerTask.java:processMoveSelection(569)) - ContainerBalancer is trying to move container #89 with size 4294967296B from source datanode ee171b35-2724-4868-b35f-db0a4d10637c to target datanode 5610c331-1bdf-47ca-b548-4e2f5bb7723b
2023-09-13 18:18:04,724 [main] DEBUG balancer.ContainerBalancerTask (ContainerBalancerTask.java:lambda$moveContainer$3(837)) - Container move completed for container #89 from source ee171b35-2724-4868-b35f-db0a4d10637c to target 5610c331-1bdf-47ca-b548-4e2f5bb7723b
2023-09-13 18:18:04,726 [main] DEBUG balancer.ContainerBalancerTask (ContainerBalancerTask.java:matchSourceWithTarget(708)) - ContainerBalancer is finding suitable target for source datanode ee171b35-2724-4868-b35f-db0a4d10637c
2023-09-13 18:18:04,726 [main] INFO  balancer.ContainerBalancerTask (ContainerBalancerTask.java:matchSourceWithTarget(722)) - ContainerBalancer matched source datanode ee171b35-2724-4868-b35f-db0a4d10637c with target datanode 5610c331-1bdf-47ca-b548-4e2f5bb7723b for container move.
2023-09-13 18:18:04,727 [main] INFO  balancer.ContainerBalancerTask (ContainerBalancerTask.java:processMoveSelection(569)) - ContainerBalancer is trying to move container #88 with size 3221225472B from source datanode ee171b35-2724-4868-b35f-db0a4d10637c to target datanode 5610c331-1bdf-47ca-b548-4e2f5bb7723b
2023-09-13 18:18:04,727 [main] DEBUG balancer.ContainerBalancerTask (ContainerBalancerTask.java:lambda$moveContainer$3(837)) - Container move completed for container #88 from source ee171b35-2724-4868-b35f-db0a4d10637c to target 5610c331-1bdf-47ca-b548-4e2f5bb7723b
2023-09-13 18:18:04,730 [main] DEBUG balancer.ContainerBalancerTask (ContainerBalancerTask.java:matchSourceWithTarget(708)) - ContainerBalancer is finding suitable target for source datanode 02bc5a57-3f7b-4080-8df1-1b1f3e118d1f
2023-09-13 18:18:04,730 [main] INFO  balancer.ContainerBalancerTask (ContainerBalancerTask.java:matchSourceWithTarget(722)) - ContainerBalancer matched source datanode 02bc5a57-3f7b-4080-8df1-1b1f3e118d1f with target datanode 5610c331-1bdf-47ca-b548-4e2f5bb7723b for container move.
2023-09-13 18:18:04,730 [main] INFO  balancer.ContainerBalancerTask (ContainerBalancerTask.java:processMoveSelection(569)) - ContainerBalancer is trying to move container #40 with size 5368709120B from source datanode 02bc5a57-3f7b-4080-8df1-1b1f3e118d1f to target datanode 5610c331-1bdf-47ca-b548-4e2f5bb7723b
2023-09-13 18:18:04,730 [main] DEBUG balancer.ContainerBalancerTask (ContainerBalancerTask.java:lambda$moveContainer$3(837)) - Container move completed for container #40 from source 02bc5a57-3f7b-4080-8df1-1b1f3e118d1f to target 5610c331-1bdf-47ca-b548-4e2f5bb7723b
2023-09-13 18:18:04,732 [main] DEBUG balancer.ContainerBalancerTask (ContainerBalancerTask.java:matchSourceWithTarget(708)) - ContainerBalancer is finding suitable target for source datanode e5b213b0-be5f-4b25-a61b-2caec7e5d9b1
2023-09-13 18:18:04,733 [main] INFO  balancer.ContainerBalancerTask (ContainerBalancerTask.java:matchSourceWithTarget(722)) - ContainerBalancer matched source datanode e5b213b0-be5f-4b25-a61b-2caec7e5d9b1 with target datanode 5610c331-1bdf-47ca-b548-4e2f5bb7723b for container move.
2023-09-13 18:18:04,733 [main] INFO  balancer.ContainerBalancerTask (ContainerBalancerTask.java:processMoveSelection(569)) - ContainerBalancer is trying to move container #67 with size 4294967296B from source datanode e5b213b0-be5f-4b25-a61b-2caec7e5d9b1 to target datanode 5610c331-1bdf-47ca-b548-4e2f5bb7723b
2023-09-13 18:18:04,733 [main] DEBUG balancer.ContainerBalancerTask (ContainerBalancerTask.java:lambda$moveContainer$3(837)) - Container move completed for container #67 from source e5b213b0-be5f-4b25-a61b-2caec7e5d9b1 to target 5610c331-1bdf-47ca-b548-4e2f5bb7723b
2023-09-13 18:18:04,735 [main] DEBUG balancer.ContainerBalancerTask (ContainerBalancerTask.java:matchSourceWithTarget(708)) - ContainerBalancer is finding suitable target for source datanode ee171b35-2724-4868-b35f-db0a4d10637c
2023-09-13 18:18:04,735 [main] INFO  balancer.ContainerBalancerTask (ContainerBalancerTask.java:matchSourceWithTarget(722)) - ContainerBalancer matched source datanode ee171b35-2724-4868-b35f-db0a4d10637c with target datanode 5610c331-1bdf-47ca-b548-4e2f5bb7723b for container move.
2023-09-13 18:18:04,736 [main] INFO  balancer.ContainerBalancerTask (ContainerBalancerTask.java:processMoveSelection(569)) - ContainerBalancer is trying to move container #83 with size 3221225472B from source datanode ee171b35-2724-4868-b35f-db0a4d10637c to target datanode 5610c331-1bdf-47ca-b548-4e2f5bb7723b
2023-09-13 18:18:04,736 [main] DEBUG balancer.ContainerBalancerTask (ContainerBalancerTask.java:lambda$moveContainer$3(837)) - Container move completed for container #83 from source ee171b35-2724-4868-b35f-db0a4d10637c to target 5610c331-1bdf-47ca-b548-4e2f5bb7723b
2023-09-13 18:18:04,739 [main] DEBUG balancer.ContainerBalancerTask (ContainerBalancerTask.java:matchSourceWithTarget(708)) - ContainerBalancer is finding suitable target for source datanode 02bc5a57-3f7b-4080-8df1-1b1f3e118d1f
2023-09-13 18:18:04,739 [main] INFO  balancer.ContainerBalancerTask (ContainerBalancerTask.java:matchSourceWithTarget(722)) - ContainerBalancer matched source datanode 02bc5a57-3f7b-4080-8df1-1b1f3e118d1f with target datanode 5610c331-1bdf-47ca-b548-4e2f5bb7723b for container move.
2023-09-13 18:18:04,739 [main] INFO  balancer.ContainerBalancerTask (ContainerBalancerTask.java:processMoveSelection(569)) - ContainerBalancer is trying to move container #29 with size 5368709120B from source datanode 02bc5a57-3f7b-4080-8df1-1b1f3e118d1f to target datanode 5610c331-1bdf-47ca-b548-4e2f5bb7723b
2023-09-13 18:18:04,739 [main] DEBUG balancer.ContainerBalancerTask (ContainerBalancerTask.java:lambda$moveContainer$3(837)) - Container move completed for container #29 from source 02bc5a57-3f7b-4080-8df1-1b1f3e118d1f to target 5610c331-1bdf-47ca-b548-4e2f5bb7723b
2023-09-13 18:18:04,742 [main] DEBUG balancer.ContainerBalancerTask (ContainerBalancerTask.java:matchSourceWithTarget(708)) - ContainerBalancer is finding suitable target for source datanode 7b8ab83c-1d21-4abb-826c-d4ddfa4ee7c5
2023-09-13 18:18:04,742 [main] INFO  balancer.ContainerBalancerTask (ContainerBalancerTask.java:matchSourceWithTarget(722)) - ContainerBalancer matched source datanode 7b8ab83c-1d21-4abb-826c-d4ddfa4ee7c5 with target datanode 5610c331-1bdf-47ca-b548-4e2f5bb7723b for container move.
2023-09-13 18:18:04,742 [main] INFO  balancer.ContainerBalancerTask (ContainerBalancerTask.java:processMoveSelection(569)) - ContainerBalancer is trying to move container #39 with size 4294967296B from source datanode 7b8ab83c-1d21-4abb-826c-d4ddfa4ee7c5 to target datanode 5610c331-1bdf-47ca-b548-4e2f5bb7723b
2023-09-13 18:18:04,743 [main] DEBUG balancer.ContainerBalancerTask (ContainerBalancerTask.java:lambda$moveContainer$3(837)) - Container move completed for container #39 from source 7b8ab83c-1d21-4abb-826c-d4ddfa4ee7c5 to target 5610c331-1bdf-47ca-b548-4e2f5bb7723b
2023-09-13 18:18:04,745 [main] DEBUG balancer.ContainerBalancerTask (ContainerBalancerTask.java:matchSourceWithTarget(708)) - ContainerBalancer is finding suitable target for source datanode e5b213b0-be5f-4b25-a61b-2caec7e5d9b1
2023-09-13 18:18:04,745 [main] INFO  balancer.ContainerBalancerTask (ContainerBalancerTask.java:matchSourceWithTarget(722)) - ContainerBalancer matched source datanode e5b213b0-be5f-4b25-a61b-2caec7e5d9b1 with target datanode 5610c331-1bdf-47ca-b548-4e2f5bb7723b for container move.
2023-09-13 18:18:04,745 [main] INFO  balancer.ContainerBalancerTask (ContainerBalancerTask.java:processMoveSelection(569)) - ContainerBalancer is trying to move container #66 with size 3221225472B from source datanode e5b213b0-be5f-4b25-a61b-2caec7e5d9b1 to target datanode 5610c331-1bdf-47ca-b548-4e2f5bb7723b
2023-09-13 18:18:04,745 [main] DEBUG balancer.ContainerBalancerTask (ContainerBalancerTask.java:lambda$moveContainer$3(837)) - Container move completed for container #66 from source e5b213b0-be5f-4b25-a61b-2caec7e5d9b1 to target 5610c331-1bdf-47ca-b548-4e2f5bb7723b
2023-09-13 18:18:04,749 [main] DEBUG balancer.ContainerBalancerTask (ContainerBalancerTask.java:matchSourceWithTarget(708)) - ContainerBalancer is finding suitable target for source datanode 02bc5a57-3f7b-4080-8df1-1b1f3e118d1f
2023-09-13 18:18:04,749 [main] INFO  balancer.ContainerBalancerTask (ContainerBalancerTask.java:matchSourceWithTarget(722)) - ContainerBalancer matched source datanode 02bc5a57-3f7b-4080-8df1-1b1f3e118d1f with target datanode cf7dd2c4-ac07-4f32-b7a6-9129d534a5aa for container move.
2023-09-13 18:18:04,749 [main] INFO  balancer.ContainerBalancerTask (ContainerBalancerTask.java:processMoveSelection(569)) - ContainerBalancer is trying to move container #53 with size 5368709120B from source datanode 02bc5a57-3f7b-4080-8df1-1b1f3e118d1f to target datanode cf7dd2c4-ac07-4f32-b7a6-9129d534a5aa
2023-09-13 18:18:04,749 [main] DEBUG balancer.ContainerBalancerTask (ContainerBalancerTask.java:lambda$moveContainer$3(837)) - Container move completed for container #53 from source 02bc5a57-3f7b-4080-8df1-1b1f3e118d1f to target cf7dd2c4-ac07-4f32-b7a6-9129d534a5aa
2023-09-13 18:18:04,752 [main] DEBUG balancer.ContainerBalancerTask (ContainerBalancerTask.java:matchSourceWithTarget(708)) - ContainerBalancer is finding suitable target for source datanode ee171b35-2724-4868-b35f-db0a4d10637c
2023-09-13 18:18:04,752 [main] INFO  balancer.ContainerBalancerTask (ContainerBalancerTask.java:matchSourceWithTarget(722)) - ContainerBalancer matched source datanode ee171b35-2724-4868-b35f-db0a4d10637c with target datanode 5610c331-1bdf-47ca-b548-4e2f5bb7723b for container move.
2023-09-13 18:18:04,752 [main] INFO  balancer.ContainerBalancerTask (ContainerBalancerTask.java:processMoveSelection(569)) - ContainerBalancer is trying to move container #87 with size 2147483648B from source datanode ee171b35-2724-4868-b35f-db0a4d10637c to target datanode 5610c331-1bdf-47ca-b548-4e2f5bb7723b
2023-09-13 18:18:04,752 [main] DEBUG balancer.ContainerBalancerTask (ContainerBalancerTask.java:lambda$moveContainer$3(837)) - Container move completed for container #87 from source ee171b35-2724-4868-b35f-db0a4d10637c to target 5610c331-1bdf-47ca-b548-4e2f5bb7723b
2023-09-13 18:18:04,755 [main] DEBUG balancer.ContainerBalancerTask (ContainerBalancerTask.java:matchSourceWithTarget(708)) - ContainerBalancer is finding suitable target for source datanode 7b8ab83c-1d21-4abb-826c-d4ddfa4ee7c5
2023-09-13 18:18:04,755 [main] INFO  balancer.ContainerBalancerTask (ContainerBalancerTask.java:matchSourceWithTarget(722)) - ContainerBalancer matched source datanode 7b8ab83c-1d21-4abb-826c-d4ddfa4ee7c5 with target datanode 5610c331-1bdf-47ca-b548-4e2f5bb7723b for container move.
2023-09-13 18:18:04,755 [main] INFO  balancer.ContainerBalancerTask (ContainerBalancerTask.java:processMoveSelection(569)) - ContainerBalancer is trying to move container #37 with size 2147483648B from source datanode 7b8ab83c-1d21-4abb-826c-d4ddfa4ee7c5 to target datanode 5610c331-1bdf-47ca-b548-4e2f5bb7723b
2023-09-13 18:18:04,755 [main] DEBUG balancer.ContainerBalancerTask (ContainerBalancerTask.java:lambda$moveContainer$3(837)) - Container move completed for container #37 from source 7b8ab83c-1d21-4abb-826c-d4ddfa4ee7c5 to target 5610c331-1bdf-47ca-b548-4e2f5bb7723b
2023-09-13 18:18:04,755 [main] WARN  balancer.ContainerBalancerTask (ContainerBalancerTask.java:reachedMaxSizeToMovePerIteration(733)) - Reached max size to move limit. 53687091200 bytes have already been scheduled for balancing and the limit is 53687091200 bytes.
2023-09-13 18:18:04,756 [main] INFO  balancer.ContainerBalancerTask (ContainerBalancerTask.java:checkIterationMoveResults(642)) - Iteration Summary. Number of Datanodes involved: 6. Size moved: 50 GB (53687091200 Bytes). Number of Container moves completed: 13.
2023-09-13 18:18:04,756 [main] INFO  balancer.ContainerBalancerTask (ContainerBalancerTask.java:balance(259)) - Result of this iteration of Container Balancer: ITERATION_COMPLETED
2023-09-13 18:18:04,756 [main] INFO  balancer.ContainerBalancerTask (ContainerBalancerTask.java:tryStopWithSaveConfiguration(308)) - Save Configuration for stopping. Reason: Completed all iterations.
2023-09-13 18:18:04,757 [main] DEBUG balancer.ContainerBalancerTask (ContainerBalancerTask.java:initializeIteration(374)) - Average utilization of the cluster is 0.32470527934442994
2023-09-13 18:18:04,757 [main] DEBUG balancer.ContainerBalancerTask (ContainerBalancerTask.java:initializeIteration(386)) - Lower limit for utilization is -0.09996115896784352 and Upper limit for utilization is 0.7493717176567034
2023-09-13 18:18:04,757 [main] DEBUG balancer.ContainerBalancerTask (ContainerBalancerTask.java:initializeIteration(398)) - Utilization for node ee171b35-2724-4868-b35f-db0a4d10637c with capacity 50107951786B, used 45097156608B, and remaining 5010795178B is 0.9000000000119741
2023-09-13 18:18:04,757 [main] DEBUG balancer.ContainerBalancerTask (ContainerBalancerTask.java:initializeIteration(398)) - Utilization for node e5b213b0-be5f-4b25-a61b-2caec7e5d9b1 with capacity 48318382080B, used 38654705664B, and remaining 9663676416B is 0.8
2023-09-13 18:18:04,757 [main] DEBUG balancer.ContainerBalancerTask (ContainerBalancerTask.java:initializeIteration(398)) - Utilization for node 02bc5a57-3f7b-4080-8df1-1b1f3e118d1f with capacity 88967179702B, used 62277025792B, and remaining 26690153910B is 0.700000000006744
2023-09-13 18:18:04,757 [main] DEBUG balancer.ContainerBalancerTask (ContainerBalancerTask.java:initializeIteration(398)) - Utilization for node 7b8ab83c-1d21-4abb-826c-d4ddfa4ee7c5 with capacity 89478485333B, used 53687091200B, and remaining 35791394133B is 0.6000000000022352
2023-09-13 18:18:04,757 [main] DEBUG balancer.ContainerBalancerTask (ContainerBalancerTask.java:initializeIteration(398)) - Utilization for node b4b89c1a-0d21-4d0b-9cab-3c48bd96581d with capacity 75161927680B, used 37580963840B, and remaining 37580963840B is 0.5
2023-09-13 18:18:04,757 [main] DEBUG balancer.ContainerBalancerTask (ContainerBalancerTask.java:initializeIteration(398)) - Utilization for node 98bb5845-e602-4e3e-a367-d6a0089bcabb with capacity 96636764160B, used 38654705664B, and remaining 57982058496B is 0.4
2023-09-13 18:18:04,757 [main] DEBUG balancer.ContainerBalancerTask (ContainerBalancerTask.java:initializeIteration(398)) - Utilization for node 9993b6fb-ffa3-4b80-88b5-8eb0acf42969 with capacity 118111600640B, used 35433480192B, and remaining 82678120448B is 0.3
2023-09-13 18:18:04,757 [main] DEBUG balancer.ContainerBalancerTask (ContainerBalancerTask.java:initializeIteration(398)) - Utilization for node 33a2b1f0-86c3-48fa-8253-aa687652337a with capacity 171798691840B, used 34359738368B, and remaining 137438953472B is 0.2
2023-09-13 18:18:04,758 [main] DEBUG balancer.ContainerBalancerTask (ContainerBalancerTask.java:initializeIteration(398)) - Utilization for node 5610c331-1bdf-47ca-b548-4e2f5bb7723b with capacity 429496729600B, used 42949672960B, and remaining 386547056640B is 0.1
2023-09-13 18:18:04,758 [main] DEBUG balancer.ContainerBalancerTask (ContainerBalancerTask.java:initializeIteration(398)) - Utilization for node cf7dd2c4-ac07-4f32-b7a6-9129d534a5aa with capacity 28991029248B, used 0B, and remaining 28991029248B is 0.0
2023-09-13 18:18:04,758 [main] INFO  balancer.ContainerBalancerTask (ContainerBalancerTask.java:initializeIteration(447)) - Container Balancer has identified 2 Over-Utilized and 0 Under-Utilized Datanodes that need to be balanced.
2023-09-13 18:18:04,758 [main] DEBUG balancer.ContainerBalancerTask (ContainerBalancerTask.java:lambda$initializeIteration$1(453)) - Datanode localhost-108.143.189.206 ee171b35-2724-4868-b35f-db0a4d10637c is Over-Utilized.
2023-09-13 18:18:04,758 [main] DEBUG balancer.ContainerBalancerTask (ContainerBalancerTask.java:lambda$initializeIteration$1(453)) - Datanode localhost-1.135.40.40 e5b213b0-be5f-4b25-a61b-2caec7e5d9b1 is Over-Utilized.
2023-09-13 18:18:04,760 [main] DEBUG balancer.ContainerBalancerTask (ContainerBalancerTask.java:matchSourceWithTarget(708)) - ContainerBalancer is finding suitable target for source datanode ee171b35-2724-4868-b35f-db0a4d10637c
2023-09-13 18:18:04,760 [main] INFO  balancer.FindTargetGreedyByUsageInfo (AbstractFindTargetGreedy.java:findTargetForContainerMove(133)) - Container Balancer could not find a target for source datanode ee171b35-2724-4868-b35f-db0a4d10637c
2023-09-13 18:18:04,760 [main] DEBUG balancer.ContainerBalancerTask (ContainerBalancerTask.java:matchSourceWithTarget(717)) - ContainerBalancer could not find a suitable target for source node ee171b35-2724-4868-b35f-db0a4d10637c.
2023-09-13 18:18:04,762 [main] DEBUG balancer.ContainerBalancerTask (ContainerBalancerTask.java:matchSourceWithTarget(708)) - ContainerBalancer is finding suitable target for source datanode e5b213b0-be5f-4b25-a61b-2caec7e5d9b1
2023-09-13 18:18:04,762 [main] INFO  balancer.FindTargetGreedyByUsageInfo (AbstractFindTargetGreedy.java:findTargetForContainerMove(133)) - Container Balancer could not find a target for source datanode e5b213b0-be5f-4b25-a61b-2caec7e5d9b1
2023-09-13 18:18:04,762 [main] DEBUG balancer.ContainerBalancerTask (ContainerBalancerTask.java:matchSourceWithTarget(717)) - ContainerBalancer could not find a suitable target for source node e5b213b0-be5f-4b25-a61b-2caec7e5d9b1.
2023-09-13 18:18:04,762 [main] INFO  balancer.FindSourceGreedy (FindSourceGreedy.java:getNextCandidateSourceDataNode(126)) - no more candidate source data node
2023-09-13 18:18:04,762 [main] INFO  balancer.ContainerBalancerTask (ContainerBalancerTask.java:balance(259)) - Result of this iteration of Container Balancer: CAN_NOT_BALANCE_ANY_MORE
2023-09-13 18:18:04,762 [main] INFO  balancer.ContainerBalancerTask (ContainerBalancerTask.java:tryStopWithSaveConfiguration(308)) - Save Configuration for stopping. Reason: CAN_NOT_BALANCE_ANY_MORE
2023-09-13 18:18:04,763 [main] DEBUG balancer.ContainerBalancerTask (ContainerBalancerTask.java:initializeIteration(374)) - Average utilization of the cluster is 0.32470527934442994
2023-09-13 18:18:04,763 [main] DEBUG balancer.ContainerBalancerTask (ContainerBalancerTask.java:initializeIteration(386)) - Lower limit for utilization is -0.06499913024420567 and Upper limit for utilization is 0.7144096889330656
2023-09-13 18:18:04,763 [main] DEBUG balancer.ContainerBalancerTask (ContainerBalancerTask.java:initializeIteration(398)) - Utilization for node ee171b35-2724-4868-b35f-db0a4d10637c with capacity 50107951786B, used 45097156608B, and remaining 5010795178B is 0.9000000000119741
2023-09-13 18:18:04,763 [main] DEBUG balancer.ContainerBalancerTask (ContainerBalancerTask.java:initializeIteration(398)) - Utilization for node e5b213b0-be5f-4b25-a61b-2caec7e5d9b1 with capacity 48318382080B, used 38654705664B, and remaining 9663676416B is 0.8
2023-09-13 18:18:04,764 [main] DEBUG balancer.ContainerBalancerTask (ContainerBalancerTask.java:initializeIteration(398)) - Utilization for node 02bc5a57-3f7b-4080-8df1-1b1f3e118d1f with capacity 88967179702B, used 62277025792B, and remaining 26690153910B is 0.700000000006744
2023-09-13 18:18:04,764 [main] DEBUG balancer.ContainerBalancerTask (ContainerBalancerTask.java:initializeIteration(398)) - Utilization for node 7b8ab83c-1d21-4abb-826c-d4ddfa4ee7c5 with capacity 89478485333B, used 53687091200B, and remaining 35791394133B is 0.6000000000022352
2023-09-13 18:18:04,764 [main] DEBUG balancer.ContainerBalancerTask (ContainerBalancerTask.java:initializeIteration(398)) - Utilization for node b4b89c1a-0d21-4d0b-9cab-3c48bd96581d with capacity 75161927680B, used 37580963840B, and remaining 37580963840B is 0.5
2023-09-13 18:18:04,764 [main] DEBUG balancer.ContainerBalancerTask (ContainerBalancerTask.java:initializeIteration(398)) - Utilization for node 98bb5845-e602-4e3e-a367-d6a0089bcabb with capacity 96636764160B, used 38654705664B, and remaining 57982058496B is 0.4
2023-09-13 18:18:04,764 [main] DEBUG balancer.ContainerBalancerTask (ContainerBalancerTask.java:initializeIteration(398)) - Utilization for node 9993b6fb-ffa3-4b80-88b5-8eb0acf42969 with capacity 118111600640B, used 35433480192B, and remaining 82678120448B is 0.3
2023-09-13 18:18:04,764 [main] DEBUG balancer.ContainerBalancerTask (ContainerBalancerTask.java:initializeIteration(398)) - Utilization for node 33a2b1f0-86c3-48fa-8253-aa687652337a with capacity 171798691840B, used 34359738368B, and remaining 137438953472B is 0.2
2023-09-13 18:18:04,764 [main] DEBUG balancer.ContainerBalancerTask (ContainerBalancerTask.java:initializeIteration(398)) - Utilization for node 5610c331-1bdf-47ca-b548-4e2f5bb7723b with capacity 429496729600B, used 42949672960B, and remaining 386547056640B is 0.1
2023-09-13 18:18:04,764 [main] DEBUG balancer.ContainerBalancerTask (ContainerBalancerTask.java:initializeIteration(398)) - Utilization for node cf7dd2c4-ac07-4f32-b7a6-9129d534a5aa with capacity 28991029248B, used 0B, and remaining 28991029248B is 0.0
2023-09-13 18:18:04,764 [main] INFO  balancer.ContainerBalancerTask (ContainerBalancerTask.java:initializeIteration(447)) - Container Balancer has identified 2 Over-Utilized and 0 Under-Utilized Datanodes that need to be balanced.
2023-09-13 18:18:04,764 [main] DEBUG balancer.ContainerBalancerTask (ContainerBalancerTask.java:lambda$initializeIteration$1(453)) - Datanode localhost-108.143.189.206 ee171b35-2724-4868-b35f-db0a4d10637c is Over-Utilized.
2023-09-13 18:18:04,764 [main] DEBUG balancer.ContainerBalancerTask (ContainerBalancerTask.java:lambda$initializeIteration$1(453)) - Datanode localhost-1.135.40.40 e5b213b0-be5f-4b25-a61b-2caec7e5d9b1 is Over-Utilized.
2023-09-13 18:18:04,766 [main] DEBUG balancer.ContainerBalancerTask (ContainerBalancerTask.java:matchSourceWithTarget(708)) - ContainerBalancer is finding suitable target for source datanode ee171b35-2724-4868-b35f-db0a4d10637c
2023-09-13 18:18:04,767 [main] INFO  balancer.FindTargetGreedyByUsageInfo (AbstractFindTargetGreedy.java:findTargetForContainerMove(133)) - Container Balancer could not find a target for source datanode ee171b35-2724-4868-b35f-db0a4d10637c
2023-09-13 18:18:04,767 [main] DEBUG balancer.ContainerBalancerTask (ContainerBalancerTask.java:matchSourceWithTarget(717)) - ContainerBalancer could not find a suitable target for source node ee171b35-2724-4868-b35f-db0a4d10637c.
2023-09-13 18:18:04,769 [main] DEBUG balancer.ContainerBalancerTask (ContainerBalancerTask.java:matchSourceWithTarget(708)) - ContainerBalancer is finding suitable target for source datanode e5b213b0-be5f-4b25-a61b-2caec7e5d9b1
2023-09-13 18:18:04,769 [main] INFO  balancer.FindTargetGreedyByUsageInfo (AbstractFindTargetGreedy.java:findTargetForContainerMove(133)) - Container Balancer could not find a target for source datanode e5b213b0-be5f-4b25-a61b-2caec7e5d9b1
2023-09-13 18:18:04,769 [main] DEBUG balancer.ContainerBalancerTask (ContainerBalancerTask.java:matchSourceWithTarget(717)) - ContainerBalancer could not find a suitable target for source node e5b213b0-be5f-4b25-a61b-2caec7e5d9b1.
2023-09-13 18:18:04,769 [main] INFO  balancer.FindSourceGreedy (FindSourceGreedy.java:getNextCandidateSourceDataNode(126)) - no more candidate source data node
2023-09-13 18:18:04,769 [main] INFO  balancer.ContainerBalancerTask (ContainerBalancerTask.java:balance(259)) - Result of this iteration of Container Balancer: CAN_NOT_BALANCE_ANY_MORE
2023-09-13 18:18:04,769 [main] INFO  balancer.ContainerBalancerTask (ContainerBalancerTask.java:tryStopWithSaveConfiguration(308)) - Save Configuration for stopping. Reason: CAN_NOT_BALANCE_ANY_MORE
2023-09-13 18:18:04,770 [main] DEBUG balancer.ContainerBalancerTask (ContainerBalancerTask.java:initializeIteration(374)) - Average utilization of the cluster is 0.32470527934442994
2023-09-13 18:18:04,770 [main] DEBUG balancer.ContainerBalancerTask (ContainerBalancerTask.java:initializeIteration(386)) - Lower limit for utilization is 0.2744610100963317 and Upper limit for utilization is 0.37494954859252816
2023-09-13 18:18:04,770 [main] DEBUG balancer.ContainerBalancerTask (ContainerBalancerTask.java:initializeIteration(398)) - Utilization for node ee171b35-2724-4868-b35f-db0a4d10637c with capacity 50107951786B, used 45097156608B, and remaining 5010795178B is 0.9000000000119741
2023-09-13 18:18:04,770 [main] DEBUG balancer.ContainerBalancerTask (ContainerBalancerTask.java:initializeIteration(398)) - Utilization for node e5b213b0-be5f-4b25-a61b-2caec7e5d9b1 with capacity 48318382080B, used 38654705664B, and remaining 9663676416B is 0.8
2023-09-13 18:18:04,770 [main] DEBUG balancer.ContainerBalancerTask (ContainerBalancerTask.java:initializeIteration(398)) - Utilization for node 02bc5a57-3f7b-4080-8df1-1b1f3e118d1f with capacity 88967179702B, used 62277025792B, and remaining 26690153910B is 0.700000000006744
2023-09-13 18:18:04,770 [main] DEBUG balancer.ContainerBalancerTask (ContainerBalancerTask.java:initializeIteration(398)) - Utilization for node 7b8ab83c-1d21-4abb-826c-d4ddfa4ee7c5 with capacity 89478485333B, used 53687091200B, and remaining 35791394133B is 0.6000000000022352
2023-09-13 18:18:04,770 [main] DEBUG balancer.ContainerBalancerTask (ContainerBalancerTask.java:initializeIteration(398)) - Utilization for node b4b89c1a-0d21-4d0b-9cab-3c48bd96581d with capacity 75161927680B, used 37580963840B, and remaining 37580963840B is 0.5
2023-09-13 18:18:04,770 [main] DEBUG balancer.ContainerBalancerTask (ContainerBalancerTask.java:initializeIteration(398)) - Utilization for node 98bb5845-e602-4e3e-a367-d6a0089bcabb with capacity 96636764160B, used 38654705664B, and remaining 57982058496B is 0.4
2023-09-13 18:18:04,770 [main] DEBUG balancer.ContainerBalancerTask (ContainerBalancerTask.java:initializeIteration(398)) - Utilization for node 9993b6fb-ffa3-4b80-88b5-8eb0acf42969 with capacity 118111600640B, used 35433480192B, and remaining 82678120448B is 0.3
2023-09-13 18:18:04,770 [main] DEBUG balancer.ContainerBalancerTask (ContainerBalancerTask.java:initializeIteration(398)) - Utilization for node 33a2b1f0-86c3-48fa-8253-aa687652337a with capacity 171798691840B, used 34359738368B, and remaining 137438953472B is 0.2
2023-09-13 18:18:04,771 [main] DEBUG balancer.ContainerBalancerTask (ContainerBalancerTask.java:initializeIteration(398)) - Utilization for node 5610c331-1bdf-47ca-b548-4e2f5bb7723b with capacity 429496729600B, used 42949672960B, and remaining 386547056640B is 0.1
2023-09-13 18:18:04,771 [main] DEBUG balancer.ContainerBalancerTask (ContainerBalancerTask.java:initializeIteration(398)) - Utilization for node cf7dd2c4-ac07-4f32-b7a6-9129d534a5aa with capacity 28991029248B, used 0B, and remaining 28991029248B is 0.0
2023-09-13 18:18:04,771 [main] INFO  balancer.ContainerBalancerTask (ContainerBalancerTask.java:initializeIteration(447)) - Container Balancer has identified 6 Over-Utilized and 3 Under-Utilized Datanodes that need to be balanced.
2023-09-13 18:18:04,771 [main] DEBUG balancer.ContainerBalancerTask (ContainerBalancerTask.java:lambda$initializeIteration$1(453)) - Datanode localhost-108.143.189.206 ee171b35-2724-4868-b35f-db0a4d10637c is Over-Utilized.
2023-09-13 18:18:04,771 [main] DEBUG balancer.ContainerBalancerTask (ContainerBalancerTask.java:lambda$initializeIteration$1(453)) - Datanode localhost-1.135.40.40 e5b213b0-be5f-4b25-a61b-2caec7e5d9b1 is Over-Utilized.
2023-09-13 18:18:04,771 [main] DEBUG balancer.ContainerBalancerTask (ContainerBalancerTask.java:lambda$initializeIteration$1(453)) - Datanode localhost-195.84.121.62 02bc5a57-3f7b-4080-8df1-1b1f3e118d1f is Over-Utilized.
2023-09-13 18:18:04,771 [main] DEBUG balancer.ContainerBalancerTask (ContainerBalancerTask.java:lambda$initializeIteration$1(453)) - Datanode localhost-203.31.63.233 7b8ab83c-1d21-4abb-826c-d4ddfa4ee7c5 is Over-Utilized.
2023-09-13 18:18:04,771 [main] DEBUG balancer.ContainerBalancerTask (ContainerBalancerTask.java:lambda$initializeIteration$1(453)) - Datanode localhost-81.58.237.46 b4b89c1a-0d21-4d0b-9cab-3c48bd96581d is Over-Utilized.
2023-09-13 18:18:04,771 [main] DEBUG balancer.ContainerBalancerTask (ContainerBalancerTask.java:lambda$initializeIteration$1(453)) - Datanode localhost-159.249.253.138 98bb5845-e602-4e3e-a367-d6a0089bcabb is Over-Utilized.
2023-09-13 18:18:04,771 [main] DEBUG balancer.ContainerBalancerTask (ContainerBalancerTask.java:lambda$initializeIteration$2(459)) - Datanode localhost-15.132.92.63 cf7dd2c4-ac07-4f32-b7a6-9129d534a5aa is Under-Utilized.
2023-09-13 18:18:04,771 [main] DEBUG balancer.ContainerBalancerTask (ContainerBalancerTask.java:lambda$initializeIteration$2(459)) - Datanode localhost-123.211.5.179 5610c331-1bdf-47ca-b548-4e2f5bb7723b is Under-Utilized.
2023-09-13 18:18:04,772 [main] DEBUG balancer.ContainerBalancerTask (ContainerBalancerTask.java:lambda$initializeIteration$2(459)) - Datanode localhost-128.84.9.86 33a2b1f0-86c3-48fa-8253-aa687652337a is Under-Utilized.
2023-09-13 18:18:04,774 [main] DEBUG balancer.ContainerBalancerTask (ContainerBalancerTask.java:matchSourceWithTarget(708)) - ContainerBalancer is finding suitable target for source datanode ee171b35-2724-4868-b35f-db0a4d10637c
2023-09-13 18:18:04,774 [main] INFO  balancer.ContainerBalancerTask (ContainerBalancerTask.java:matchSourceWithTarget(722)) - ContainerBalancer matched source datanode ee171b35-2724-4868-b35f-db0a4d10637c with target datanode cf7dd2c4-ac07-4f32-b7a6-9129d534a5aa for container move.
2023-09-13 18:18:04,774 [main] INFO  balancer.ContainerBalancerTask (ContainerBalancerTask.java:processMoveSelection(569)) - ContainerBalancer is trying to move container #85 with size 5368709120B from source datanode ee171b35-2724-4868-b35f-db0a4d10637c to target datanode cf7dd2c4-ac07-4f32-b7a6-9129d534a5aa
2023-09-13 18:18:04,774 [main] DEBUG balancer.ContainerBalancerTask (ContainerBalancerTask.java:lambda$moveContainer$3(837)) - Container move completed for container #85 from source ee171b35-2724-4868-b35f-db0a4d10637c to target cf7dd2c4-ac07-4f32-b7a6-9129d534a5aa
2023-09-13 18:18:04,776 [main] DEBUG balancer.ContainerBalancerTask (ContainerBalancerTask.java:matchSourceWithTarget(708)) - ContainerBalancer is finding suitable target for source datanode e5b213b0-be5f-4b25-a61b-2caec7e5d9b1
2023-09-13 18:18:04,776 [main] INFO  balancer.ContainerBalancerTask (ContainerBalancerTask.java:matchSourceWithTarget(722)) - ContainerBalancer matched source datanode e5b213b0-be5f-4b25-a61b-2caec7e5d9b1 with target datanode 5610c331-1bdf-47ca-b548-4e2f5bb7723b for container move.
2023-09-13 18:18:04,776 [main] INFO  balancer.ContainerBalancerTask (ContainerBalancerTask.java:processMoveSelection(569)) - ContainerBalancer is trying to move container #68 with size 5368709120B from source datanode e5b213b0-be5f-4b25-a61b-2caec7e5d9b1 to target datanode 5610c331-1bdf-47ca-b548-4e2f5bb7723b
2023-09-13 18:18:04,776 [main] DEBUG balancer.ContainerBalancerTask (ContainerBalancerTask.java:lambda$moveContainer$3(837)) - Container move completed for container #68 from source e5b213b0-be5f-4b25-a61b-2caec7e5d9b1 to target 5610c331-1bdf-47ca-b548-4e2f5bb7723b
2023-09-13 18:18:04,779 [main] DEBUG balancer.ContainerBalancerTask (ContainerBalancerTask.java:matchSourceWithTarget(708)) - ContainerBalancer is finding suitable target for source datanode ee171b35-2724-4868-b35f-db0a4d10637c
2023-09-13 18:18:04,779 [main] INFO  balancer.ContainerBalancerTask (ContainerBalancerTask.java:matchSourceWithTarget(722)) - ContainerBalancer matched source datanode ee171b35-2724-4868-b35f-db0a4d10637c with target datanode 5610c331-1bdf-47ca-b548-4e2f5bb7723b for container move.
2023-09-13 18:18:04,779 [main] INFO  balancer.ContainerBalancerTask (ContainerBalancerTask.java:processMoveSelection(569)) - ContainerBalancer is trying to move container #89 with size 4294967296B from source datanode ee171b35-2724-4868-b35f-db0a4d10637c to target datanode 5610c331-1bdf-47ca-b548-4e2f5bb7723b
2023-09-13 18:18:04,779 [main] DEBUG balancer.ContainerBalancerTask (ContainerBalancerTask.java:lambda$moveContainer$3(837)) - Container move completed for container #89 from source ee171b35-2724-4868-b35f-db0a4d10637c to target 5610c331-1bdf-47ca-b548-4e2f5bb7723b
2023-09-13 18:18:04,781 [main] DEBUG balancer.ContainerBalancerTask (ContainerBalancerTask.java:matchSourceWithTarget(708)) - ContainerBalancer is finding suitable target for source datanode ee171b35-2724-4868-b35f-db0a4d10637c
2023-09-13 18:18:04,782 [main] INFO  balancer.ContainerBalancerTask (ContainerBalancerTask.java:matchSourceWithTarget(722)) - ContainerBalancer matched source datanode ee171b35-2724-4868-b35f-db0a4d10637c with target datanode 5610c331-1bdf-47ca-b548-4e2f5bb7723b for container move.
2023-09-13 18:18:04,782 [main] INFO  balancer.ContainerBalancerTask (ContainerBalancerTask.java:processMoveSelection(569)) - ContainerBalancer is trying to move container #88 with size 3221225472B from source datanode ee171b35-2724-4868-b35f-db0a4d10637c to target datanode 5610c331-1bdf-47ca-b548-4e2f5bb7723b
2023-09-13 18:18:04,782 [main] DEBUG balancer.ContainerBalancerTask (ContainerBalancerTask.java:lambda$moveContainer$3(837)) - Container move completed for container #88 from source ee171b35-2724-4868-b35f-db0a4d10637c to target 5610c331-1bdf-47ca-b548-4e2f5bb7723b
2023-09-13 18:18:04,785 [main] DEBUG balancer.ContainerBalancerTask (ContainerBalancerTask.java:matchSourceWithTarget(708)) - ContainerBalancer is finding suitable target for source datanode 02bc5a57-3f7b-4080-8df1-1b1f3e118d1f
2023-09-13 18:18:04,785 [main] INFO  balancer.ContainerBalancerTask (ContainerBalancerTask.java:matchSourceWithTarget(722)) - ContainerBalancer matched source datanode 02bc5a57-3f7b-4080-8df1-1b1f3e118d1f with target datanode 5610c331-1bdf-47ca-b548-4e2f5bb7723b for container move.
2023-09-13 18:18:04,785 [main] INFO  balancer.ContainerBalancerTask (ContainerBalancerTask.java:processMoveSelection(569)) - ContainerBalancer is trying to move container #40 with size 5368709120B from source datanode 02bc5a57-3f7b-4080-8df1-1b1f3e118d1f to target datanode 5610c331-1bdf-47ca-b548-4e2f5bb7723b
2023-09-13 18:18:04,786 [main] DEBUG balancer.ContainerBalancerTask (ContainerBalancerTask.java:lambda$moveContainer$3(837)) - Container move completed for container #40 from source 02bc5a57-3f7b-4080-8df1-1b1f3e118d1f to target 5610c331-1bdf-47ca-b548-4e2f5bb7723b
2023-09-13 18:18:04,788 [main] DEBUG balancer.ContainerBalancerTask (ContainerBalancerTask.java:matchSourceWithTarget(708)) - ContainerBalancer is finding suitable target for source datanode e5b213b0-be5f-4b25-a61b-2caec7e5d9b1
2023-09-13 18:18:04,788 [main] INFO  balancer.ContainerBalancerTask (ContainerBalancerTask.java:matchSourceWithTarget(722)) - ContainerBalancer matched source datanode e5b213b0-be5f-4b25-a61b-2caec7e5d9b1 with target datanode 5610c331-1bdf-47ca-b548-4e2f5bb7723b for container move.
2023-09-13 18:18:04,788 [main] INFO  balancer.ContainerBalancerTask (ContainerBalancerTask.java:processMoveSelection(569)) - ContainerBalancer is trying to move container #67 with size 4294967296B from source datanode e5b213b0-be5f-4b25-a61b-2caec7e5d9b1 to target datanode 5610c331-1bdf-47ca-b548-4e2f5bb7723b
2023-09-13 18:18:04,788 [main] DEBUG balancer.ContainerBalancerTask (ContainerBalancerTask.java:lambda$moveContainer$3(837)) - Container move completed for container #67 from source e5b213b0-be5f-4b25-a61b-2caec7e5d9b1 to target 5610c331-1bdf-47ca-b548-4e2f5bb7723b
2023-09-13 18:18:04,791 [main] DEBUG balancer.ContainerBalancerTask (ContainerBalancerTask.java:matchSourceWithTarget(708)) - ContainerBalancer is finding suitable target for source datanode ee171b35-2724-4868-b35f-db0a4d10637c
2023-09-13 18:18:04,791 [main] INFO  balancer.ContainerBalancerTask (ContainerBalancerTask.java:matchSourceWithTarget(722)) - ContainerBalancer matched source datanode ee171b35-2724-4868-b35f-db0a4d10637c with target datanode 5610c331-1bdf-47ca-b548-4e2f5bb7723b for container move.
2023-09-13 18:18:04,791 [main] INFO  balancer.ContainerBalancerTask (ContainerBalancerTask.java:processMoveSelection(569)) - ContainerBalancer is trying to move container #83 with size 3221225472B from source datanode ee171b35-2724-4868-b35f-db0a4d10637c to target datanode 5610c331-1bdf-47ca-b548-4e2f5bb7723b
2023-09-13 18:18:04,791 [main] DEBUG balancer.ContainerBalancerTask (ContainerBalancerTask.java:lambda$moveContainer$3(837)) - Container move completed for container #83 from source ee171b35-2724-4868-b35f-db0a4d10637c to target 5610c331-1bdf-47ca-b548-4e2f5bb7723b
2023-09-13 18:18:04,794 [main] DEBUG balancer.ContainerBalancerTask (ContainerBalancerTask.java:matchSourceWithTarget(708)) - ContainerBalancer is finding suitable target for source datanode 02bc5a57-3f7b-4080-8df1-1b1f3e118d1f
2023-09-13 18:18:04,794 [main] INFO  balancer.ContainerBalancerTask (ContainerBalancerTask.java:matchSourceWithTarget(722)) - ContainerBalancer matched source datanode 02bc5a57-3f7b-4080-8df1-1b1f3e118d1f with target datanode 5610c331-1bdf-47ca-b548-4e2f5bb7723b for container move.
2023-09-13 18:18:04,794 [main] INFO  balancer.ContainerBalancerTask (ContainerBalancerTask.java:processMoveSelection(569)) - ContainerBalancer is trying to move container #29 with size 5368709120B from source datanode 02bc5a57-3f7b-4080-8df1-1b1f3e118d1f to target datanode 5610c331-1bdf-47ca-b548-4e2f5bb7723b
2023-09-13 18:18:04,795 [main] DEBUG balancer.ContainerBalancerTask (ContainerBalancerTask.java:lambda$moveContainer$3(837)) - Container move completed for container #29 from source 02bc5a57-3f7b-4080-8df1-1b1f3e118d1f to target 5610c331-1bdf-47ca-b548-4e2f5bb7723b
2023-09-13 18:18:04,797 [main] DEBUG balancer.ContainerBalancerTask (ContainerBalancerTask.java:matchSourceWithTarget(708)) - ContainerBalancer is finding suitable target for source datanode 7b8ab83c-1d21-4abb-826c-d4ddfa4ee7c5
2023-09-13 18:18:04,797 [main] INFO  balancer.ContainerBalancerTask (ContainerBalancerTask.java:matchSourceWithTarget(722)) - ContainerBalancer matched source datanode 7b8ab83c-1d21-4abb-826c-d4ddfa4ee7c5 with target datanode 5610c331-1bdf-47ca-b548-4e2f5bb7723b for container move.
2023-09-13 18:18:04,798 [main] INFO  balancer.ContainerBalancerTask (ContainerBalancerTask.java:processMoveSelection(569)) - ContainerBalancer is trying to move container #39 with size 4294967296B from source datanode 7b8ab83c-1d21-4abb-826c-d4ddfa4ee7c5 to target datanode 5610c331-1bdf-47ca-b548-4e2f5bb7723b
2023-09-13 18:18:04,798 [main] DEBUG balancer.ContainerBalancerTask (ContainerBalancerTask.java:lambda$moveContainer$3(837)) - Container move completed for container #39 from source 7b8ab83c-1d21-4abb-826c-d4ddfa4ee7c5 to target 5610c331-1bdf-47ca-b548-4e2f5bb7723b
2023-09-13 18:18:04,800 [main] DEBUG balancer.ContainerBalancerTask (ContainerBalancerTask.java:matchSourceWithTarget(708)) - ContainerBalancer is finding suitable target for source datanode e5b213b0-be5f-4b25-a61b-2caec7e5d9b1
2023-09-13 18:18:04,800 [main] INFO  balancer.ContainerBalancerTask (ContainerBalancerTask.java:matchSourceWithTarget(722)) - ContainerBalancer matched source datanode e5b213b0-be5f-4b25-a61b-2caec7e5d9b1 with target datanode 5610c331-1bdf-47ca-b548-4e2f5bb7723b for container move.
2023-09-13 18:18:04,801 [main] INFO  balancer.ContainerBalancerTask (ContainerBalancerTask.java:processMoveSelection(569)) - ContainerBalancer is trying to move container #66 with size 3221225472B from source datanode e5b213b0-be5f-4b25-a61b-2caec7e5d9b1 to target datanode 5610c331-1bdf-47ca-b548-4e2f5bb7723b
2023-09-13 18:18:04,801 [main] DEBUG balancer.ContainerBalancerTask (ContainerBalancerTask.java:lambda$moveContainer$3(837)) - Container move completed for container #66 from source e5b213b0-be5f-4b25-a61b-2caec7e5d9b1 to target 5610c331-1bdf-47ca-b548-4e2f5bb7723b
2023-09-13 18:18:04,804 [main] DEBUG balancer.ContainerBalancerTask (ContainerBalancerTask.java:matchSourceWithTarget(708)) - ContainerBalancer is finding suitable target for source datanode 02bc5a57-3f7b-4080-8df1-1b1f3e118d1f
2023-09-13 18:18:04,804 [main] INFO  balancer.ContainerBalancerTask (ContainerBalancerTask.java:matchSourceWithTarget(722)) - ContainerBalancer matched source datanode 02bc5a57-3f7b-4080-8df1-1b1f3e118d1f with target datanode cf7dd2c4-ac07-4f32-b7a6-9129d534a5aa for container move.
2023-09-13 18:18:04,804 [main] INFO  balancer.ContainerBalancerTask (ContainerBalancerTask.java:processMoveSelection(569)) - ContainerBalancer is trying to move container #53 with size 5368709120B from source datanode 02bc5a57-3f7b-4080-8df1-1b1f3e118d1f to target datanode cf7dd2c4-ac07-4f32-b7a6-9129d534a5aa
2023-09-13 18:18:04,806 [main] DEBUG balancer.ContainerBalancerTask (ContainerBalancerTask.java:lambda$moveContainer$3(837)) - Container move completed for container #53 from source 02bc5a57-3f7b-4080-8df1-1b1f3e118d1f to target cf7dd2c4-ac07-4f32-b7a6-9129d534a5aa
2023-09-13 18:18:04,809 [main] DEBUG balancer.ContainerBalancerTask (ContainerBalancerTask.java:matchSourceWithTarget(708)) - ContainerBalancer is finding suitable target for source datanode ee171b35-2724-4868-b35f-db0a4d10637c
2023-09-13 18:18:04,809 [main] INFO  balancer.ContainerBalancerTask (ContainerBalancerTask.java:matchSourceWithTarget(722)) - ContainerBalancer matched source datanode ee171b35-2724-4868-b35f-db0a4d10637c with target datanode 5610c331-1bdf-47ca-b548-4e2f5bb7723b for container move.
2023-09-13 18:18:04,809 [main] INFO  balancer.ContainerBalancerTask (ContainerBalancerTask.java:processMoveSelection(569)) - ContainerBalancer is trying to move container #87 with size 2147483648B from source datanode ee171b35-2724-4868-b35f-db0a4d10637c to target datanode 5610c331-1bdf-47ca-b548-4e2f5bb7723b
2023-09-13 18:18:04,809 [main] DEBUG balancer.ContainerBalancerTask (ContainerBalancerTask.java:lambda$moveContainer$3(837)) - Container move completed for container #87 from source ee171b35-2724-4868-b35f-db0a4d10637c to target 5610c331-1bdf-47ca-b548-4e2f5bb7723b
2023-09-13 18:18:04,812 [main] DEBUG balancer.ContainerBalancerTask (ContainerBalancerTask.java:matchSourceWithTarget(708)) - ContainerBalancer is finding suitable target for source datanode 7b8ab83c-1d21-4abb-826c-d4ddfa4ee7c5
2023-09-13 18:18:04,812 [main] INFO  balancer.ContainerBalancerTask (ContainerBalancerTask.java:matchSourceWithTarget(722)) - ContainerBalancer matched source datanode 7b8ab83c-1d21-4abb-826c-d4ddfa4ee7c5 with target datanode 5610c331-1bdf-47ca-b548-4e2f5bb7723b for container move.
2023-09-13 18:18:04,812 [main] INFO  balancer.ContainerBalancerTask (ContainerBalancerTask.java:processMoveSelection(569)) - ContainerBalancer is trying to move container #37 with size 2147483648B from source datanode 7b8ab83c-1d21-4abb-826c-d4ddfa4ee7c5 to target datanode 5610c331-1bdf-47ca-b548-4e2f5bb7723b
2023-09-13 18:18:04,812 [main] DEBUG balancer.ContainerBalancerTask (ContainerBalancerTask.java:lambda$moveContainer$3(837)) - Container move completed for container #37 from source 7b8ab83c-1d21-4abb-826c-d4ddfa4ee7c5 to target 5610c331-1bdf-47ca-b548-4e2f5bb7723b
2023-09-13 18:18:04,813 [main] WARN  balancer.ContainerBalancerTask (ContainerBalancerTask.java:reachedMaxSizeToMovePerIteration(733)) - Reached max size to move limit. 53687091200 bytes have already been scheduled for balancing and the limit is 53687091200 bytes.
2023-09-13 18:18:04,813 [main] INFO  balancer.ContainerBalancerTask (ContainerBalancerTask.java:checkIterationMoveResults(642)) - Iteration Summary. Number of Datanodes involved: 6. Size moved: 50 GB (53687091200 Bytes). Number of Container moves completed: 13.
2023-09-13 18:18:04,813 [main] INFO  balancer.ContainerBalancerTask (ContainerBalancerTask.java:balance(259)) - Result of this iteration of Container Balancer: ITERATION_COMPLETED
2023-09-13 18:18:04,813 [main] INFO  balancer.ContainerBalancerTask (ContainerBalancerTask.java:tryStopWithSaveConfiguration(308)) - Save Configuration for stopping. Reason: Completed all iterations.
2023-09-13 18:18:04,814 [main] DEBUG balancer.ContainerBalancerTask (ContainerBalancerTask.java:initializeIteration(374)) - Average utilization of the cluster is 0.32470527934442994
2023-09-13 18:18:04,814 [main] DEBUG balancer.ContainerBalancerTask (ContainerBalancerTask.java:initializeIteration(386)) - Lower limit for utilization is -0.10658210401526613 and Upper limit for utilization is 0.755992662704126
2023-09-13 18:18:04,814 [main] DEBUG balancer.ContainerBalancerTask (ContainerBalancerTask.java:initializeIteration(398)) - Utilization for node ee171b35-2724-4868-b35f-db0a4d10637c with capacity 50107951786B, used 45097156608B, and remaining 5010795178B is 0.9000000000119741
2023-09-13 18:18:04,814 [main] DEBUG balancer.ContainerBalancerTask (ContainerBalancerTask.java:initializeIteration(398)) - Utilization for node e5b213b0-be5f-4b25-a61b-2caec7e5d9b1 with capacity 48318382080B, used 38654705664B, and remaining 9663676416B is 0.8
2023-09-13 18:18:04,814 [main] DEBUG balancer.ContainerBalancerTask (ContainerBalancerTask.java:initializeIteration(398)) - Utilization for node 02bc5a57-3f7b-4080-8df1-1b1f3e118d1f with capacity 88967179702B, used 62277025792B, and remaining 26690153910B is 0.700000000006744
2023-09-13 18:18:04,814 [main] DEBUG balancer.ContainerBalancerTask (ContainerBalancerTask.java:initializeIteration(398)) - Utilization for node 7b8ab83c-1d21-4abb-826c-d4ddfa4ee7c5 with capacity 89478485333B, used 53687091200B, and remaining 35791394133B is 0.6000000000022352
2023-09-13 18:18:04,814 [main] DEBUG balancer.ContainerBalancerTask (ContainerBalancerTask.java:initializeIteration(398)) - Utilization for node b4b89c1a-0d21-4d0b-9cab-3c48bd96581d with capacity 75161927680B, used 37580963840B, and remaining 37580963840B is 0.5
2023-09-13 18:18:04,814 [main] DEBUG balancer.ContainerBalancerTask (ContainerBalancerTask.java:initializeIteration(398)) - Utilization for node 98bb5845-e602-4e3e-a367-d6a0089bcabb with capacity 96636764160B, used 38654705664B, and remaining 57982058496B is 0.4
2023-09-13 18:18:04,814 [main] DEBUG balancer.ContainerBalancerTask (ContainerBalancerTask.java:initializeIteration(398)) - Utilization for node 9993b6fb-ffa3-4b80-88b5-8eb0acf42969 with capacity 118111600640B, used 35433480192B, and remaining 82678120448B is 0.3
2023-09-13 18:18:04,815 [main] DEBUG balancer.ContainerBalancerTask (ContainerBalancerTask.java:initializeIteration(398)) - Utilization for node 33a2b1f0-86c3-48fa-8253-aa687652337a with capacity 171798691840B, used 34359738368B, and remaining 137438953472B is 0.2
2023-09-13 18:18:04,815 [main] DEBUG balancer.ContainerBalancerTask (ContainerBalancerTask.java:initializeIteration(398)) - Utilization for node 5610c331-1bdf-47ca-b548-4e2f5bb7723b with capacity 429496729600B, used 42949672960B, and remaining 386547056640B is 0.1
2023-09-13 18:18:04,815 [main] DEBUG balancer.ContainerBalancerTask (ContainerBalancerTask.java:initializeIteration(398)) - Utilization for node cf7dd2c4-ac07-4f32-b7a6-9129d534a5aa with capacity 28991029248B, used 0B, and remaining 28991029248B is 0.0
2023-09-13 18:18:04,815 [main] INFO  balancer.ContainerBalancerTask (ContainerBalancerTask.java:initializeIteration(447)) - Container Balancer has identified 2 Over-Utilized and 0 Under-Utilized Datanodes that need to be balanced.
2023-09-13 18:18:04,815 [main] DEBUG balancer.ContainerBalancerTask (ContainerBalancerTask.java:lambda$initializeIteration$1(453)) - Datanode localhost-108.143.189.206 ee171b35-2724-4868-b35f-db0a4d10637c is Over-Utilized.
2023-09-13 18:18:04,815 [main] DEBUG balancer.ContainerBalancerTask (ContainerBalancerTask.java:lambda$initializeIteration$1(453)) - Datanode localhost-1.135.40.40 e5b213b0-be5f-4b25-a61b-2caec7e5d9b1 is Over-Utilized.
2023-09-13 18:18:04,817 [main] DEBUG balancer.ContainerBalancerTask (ContainerBalancerTask.java:matchSourceWithTarget(708)) - ContainerBalancer is finding suitable target for source datanode ee171b35-2724-4868-b35f-db0a4d10637c
2023-09-13 18:18:04,817 [main] INFO  balancer.FindTargetGreedyByUsageInfo (AbstractFindTargetGreedy.java:findTargetForContainerMove(133)) - Container Balancer could not find a target for source datanode ee171b35-2724-4868-b35f-db0a4d10637c
2023-09-13 18:18:04,817 [main] DEBUG balancer.ContainerBalancerTask (ContainerBalancerTask.java:matchSourceWithTarget(717)) - ContainerBalancer could not find a suitable target for source node ee171b35-2724-4868-b35f-db0a4d10637c.
2023-09-13 18:18:04,819 [main] DEBUG balancer.ContainerBalancerTask (ContainerBalancerTask.java:matchSourceWithTarget(708)) - ContainerBalancer is finding suitable target for source datanode e5b213b0-be5f-4b25-a61b-2caec7e5d9b1
2023-09-13 18:18:04,819 [main] INFO  balancer.FindTargetGreedyByUsageInfo (AbstractFindTargetGreedy.java:findTargetForContainerMove(133)) - Container Balancer could not find a target for source datanode e5b213b0-be5f-4b25-a61b-2caec7e5d9b1
2023-09-13 18:18:04,819 [main] DEBUG balancer.ContainerBalancerTask (ContainerBalancerTask.java:matchSourceWithTarget(717)) - ContainerBalancer could not find a suitable target for source node e5b213b0-be5f-4b25-a61b-2caec7e5d9b1.
2023-09-13 18:18:04,819 [main] INFO  balancer.FindSourceGreedy (FindSourceGreedy.java:getNextCandidateSourceDataNode(126)) - no more candidate source data node
2023-09-13 18:18:04,819 [main] INFO  balancer.ContainerBalancerTask (ContainerBalancerTask.java:balance(259)) - Result of this iteration of Container Balancer: CAN_NOT_BALANCE_ANY_MORE
2023-09-13 18:18:04,820 [main] INFO  balancer.ContainerBalancerTask (ContainerBalancerTask.java:tryStopWithSaveConfiguration(308)) - Save Configuration for stopping. Reason: CAN_NOT_BALANCE_ANY_MORE
2023-09-13 18:18:04,820 [main] DEBUG balancer.ContainerBalancerTask (ContainerBalancerTask.java:initializeIteration(374)) - Average utilization of the cluster is 0.32470527934442994
2023-09-13 18:18:04,820 [main] DEBUG balancer.ContainerBalancerTask (ContainerBalancerTask.java:initializeIteration(386)) - Lower limit for utilization is 0.18660107695372496 and Upper limit for utilization is 0.4628094817351349
2023-09-13 18:18:04,820 [main] DEBUG balancer.ContainerBalancerTask (ContainerBalancerTask.java:initializeIteration(398)) - Utilization for node ee171b35-2724-4868-b35f-db0a4d10637c with capacity 50107951786B, used 45097156608B, and remaining 5010795178B is 0.9000000000119741
2023-09-13 18:18:04,821 [main] DEBUG balancer.ContainerBalancerTask (ContainerBalancerTask.java:initializeIteration(398)) - Utilization for node e5b213b0-be5f-4b25-a61b-2caec7e5d9b1 with capacity 48318382080B, used 38654705664B, and remaining 9663676416B is 0.8
2023-09-13 18:18:04,821 [main] DEBUG balancer.ContainerBalancerTask (ContainerBalancerTask.java:initializeIteration(398)) - Utilization for node 02bc5a57-3f7b-4080-8df1-1b1f3e118d1f with capacity 88967179702B, used 62277025792B, and remaining 26690153910B is 0.700000000006744
2023-09-13 18:18:04,821 [main] DEBUG balancer.ContainerBalancerTask (ContainerBalancerTask.java:initializeIteration(398)) - Utilization for node 7b8ab83c-1d21-4abb-826c-d4ddfa4ee7c5 with capacity 89478485333B, used 53687091200B, and remaining 35791394133B is 0.6000000000022352
2023-09-13 18:18:04,821 [main] DEBUG balancer.ContainerBalancerTask (ContainerBalancerTask.java:initializeIteration(398)) - Utilization for node b4b89c1a-0d21-4d0b-9cab-3c48bd96581d with capacity 75161927680B, used 37580963840B, and remaining 37580963840B is 0.5
2023-09-13 18:18:04,821 [main] DEBUG balancer.ContainerBalancerTask (ContainerBalancerTask.java:initializeIteration(398)) - Utilization for node 98bb5845-e602-4e3e-a367-d6a0089bcabb with capacity 96636764160B, used 38654705664B, and remaining 57982058496B is 0.4
2023-09-13 18:18:04,821 [main] DEBUG balancer.ContainerBalancerTask (ContainerBalancerTask.java:initializeIteration(398)) - Utilization for node 9993b6fb-ffa3-4b80-88b5-8eb0acf42969 with capacity 118111600640B, used 35433480192B, and remaining 82678120448B is 0.3
2023-09-13 18:18:04,821 [main] DEBUG balancer.ContainerBalancerTask (ContainerBalancerTask.java:initializeIteration(398)) - Utilization for node 33a2b1f0-86c3-48fa-8253-aa687652337a with capacity 171798691840B, used 34359738368B, and remaining 137438953472B is 0.2
2023-09-13 18:18:04,821 [main] DEBUG balancer.ContainerBalancerTask (ContainerBalancerTask.java:initializeIteration(398)) - Utilization for node 5610c331-1bdf-47ca-b548-4e2f5bb7723b with capacity 429496729600B, used 42949672960B, and remaining 386547056640B is 0.1
2023-09-13 18:18:04,821 [main] DEBUG balancer.ContainerBalancerTask (ContainerBalancerTask.java:initializeIteration(398)) - Utilization for node cf7dd2c4-ac07-4f32-b7a6-9129d534a5aa with capacity 28991029248B, used 0B, and remaining 28991029248B is 0.0
2023-09-13 18:18:04,821 [main] INFO  balancer.ContainerBalancerTask (ContainerBalancerTask.java:initializeIteration(447)) - Container Balancer has identified 5 Over-Utilized and 2 Under-Utilized Datanodes that need to be balanced.
2023-09-13 18:18:04,821 [main] DEBUG balancer.ContainerBalancerTask (ContainerBalancerTask.java:lambda$initializeIteration$1(453)) - Datanode localhost-108.143.189.206 ee171b35-2724-4868-b35f-db0a4d10637c is Over-Utilized.
2023-09-13 18:18:04,822 [main] DEBUG balancer.ContainerBalancerTask (ContainerBalancerTask.java:lambda$initializeIteration$1(453)) - Datanode localhost-1.135.40.40 e5b213b0-be5f-4b25-a61b-2caec7e5d9b1 is Over-Utilized.
2023-09-13 18:18:04,822 [main] DEBUG balancer.ContainerBalancerTask (ContainerBalancerTask.java:lambda$initializeIteration$1(453)) - Datanode localhost-195.84.121.62 02bc5a57-3f7b-4080-8df1-1b1f3e118d1f is Over-Utilized.
2023-09-13 18:18:04,822 [main] DEBUG balancer.ContainerBalancerTask (ContainerBalancerTask.java:lambda$initializeIteration$1(453)) - Datanode localhost-203.31.63.233 7b8ab83c-1d21-4abb-826c-d4ddfa4ee7c5 is Over-Utilized.
2023-09-13 18:18:04,822 [main] DEBUG balancer.ContainerBalancerTask (ContainerBalancerTask.java:lambda$initializeIteration$1(453)) - Datanode localhost-81.58.237.46 b4b89c1a-0d21-4d0b-9cab-3c48bd96581d is Over-Utilized.
2023-09-13 18:18:04,822 [main] DEBUG balancer.ContainerBalancerTask (ContainerBalancerTask.java:lambda$initializeIteration$2(459)) - Datanode localhost-15.132.92.63 cf7dd2c4-ac07-4f32-b7a6-9129d534a5aa is Under-Utilized.
2023-09-13 18:18:04,822 [main] DEBUG balancer.ContainerBalancerTask (ContainerBalancerTask.java:lambda$initializeIteration$2(459)) - Datanode localhost-123.211.5.179 5610c331-1bdf-47ca-b548-4e2f5bb7723b is Under-Utilized.
2023-09-13 18:18:04,824 [main] DEBUG balancer.ContainerBalancerTask (ContainerBalancerTask.java:matchSourceWithTarget(708)) - ContainerBalancer is finding suitable target for source datanode ee171b35-2724-4868-b35f-db0a4d10637c
2023-09-13 18:18:04,824 [main] INFO  balancer.ContainerBalancerTask (ContainerBalancerTask.java:matchSourceWithTarget(722)) - ContainerBalancer matched source datanode ee171b35-2724-4868-b35f-db0a4d10637c with target datanode cf7dd2c4-ac07-4f32-b7a6-9129d534a5aa for container move.
2023-09-13 18:18:04,824 [main] INFO  balancer.ContainerBalancerTask (ContainerBalancerTask.java:processMoveSelection(569)) - ContainerBalancer is trying to move container #85 with size 5368709120B from source datanode ee171b35-2724-4868-b35f-db0a4d10637c to target datanode cf7dd2c4-ac07-4f32-b7a6-9129d534a5aa
2023-09-13 18:18:04,824 [main] DEBUG balancer.ContainerBalancerTask (ContainerBalancerTask.java:lambda$moveContainer$3(837)) - Container move completed for container #85 from source ee171b35-2724-4868-b35f-db0a4d10637c to target cf7dd2c4-ac07-4f32-b7a6-9129d534a5aa
2023-09-13 18:18:04,826 [main] DEBUG balancer.ContainerBalancerTask (ContainerBalancerTask.java:matchSourceWithTarget(708)) - ContainerBalancer is finding suitable target for source datanode e5b213b0-be5f-4b25-a61b-2caec7e5d9b1
2023-09-13 18:18:04,827 [main] INFO  balancer.ContainerBalancerTask (ContainerBalancerTask.java:matchSourceWithTarget(722)) - ContainerBalancer matched source datanode e5b213b0-be5f-4b25-a61b-2caec7e5d9b1 with target datanode 5610c331-1bdf-47ca-b548-4e2f5bb7723b for container move.
2023-09-13 18:18:04,827 [main] INFO  balancer.ContainerBalancerTask (ContainerBalancerTask.java:processMoveSelection(569)) - ContainerBalancer is trying to move container #68 with size 5368709120B from source datanode e5b213b0-be5f-4b25-a61b-2caec7e5d9b1 to target datanode 5610c331-1bdf-47ca-b548-4e2f5bb7723b
2023-09-13 18:18:04,827 [main] DEBUG balancer.ContainerBalancerTask (ContainerBalancerTask.java:lambda$moveContainer$3(837)) - Container move completed for container #68 from source e5b213b0-be5f-4b25-a61b-2caec7e5d9b1 to target 5610c331-1bdf-47ca-b548-4e2f5bb7723b
2023-09-13 18:18:04,829 [main] DEBUG balancer.ContainerBalancerTask (ContainerBalancerTask.java:matchSourceWithTarget(708)) - ContainerBalancer is finding suitable target for source datanode ee171b35-2724-4868-b35f-db0a4d10637c
2023-09-13 18:18:04,829 [main] INFO  balancer.ContainerBalancerTask (ContainerBalancerTask.java:matchSourceWithTarget(722)) - ContainerBalancer matched source datanode ee171b35-2724-4868-b35f-db0a4d10637c with target datanode 5610c331-1bdf-47ca-b548-4e2f5bb7723b for container move.
2023-09-13 18:18:04,829 [main] INFO  balancer.ContainerBalancerTask (ContainerBalancerTask.java:processMoveSelection(569)) - ContainerBalancer is trying to move container #89 with size 4294967296B from source datanode ee171b35-2724-4868-b35f-db0a4d10637c to target datanode 5610c331-1bdf-47ca-b548-4e2f5bb7723b
2023-09-13 18:18:04,829 [main] DEBUG balancer.ContainerBalancerTask (ContainerBalancerTask.java:lambda$moveContainer$3(837)) - Container move completed for container #89 from source ee171b35-2724-4868-b35f-db0a4d10637c to target 5610c331-1bdf-47ca-b548-4e2f5bb7723b
2023-09-13 18:18:04,832 [main] DEBUG balancer.ContainerBalancerTask (ContainerBalancerTask.java:matchSourceWithTarget(708)) - ContainerBalancer is finding suitable target for source datanode ee171b35-2724-4868-b35f-db0a4d10637c
2023-09-13 18:18:04,832 [main] INFO  balancer.ContainerBalancerTask (ContainerBalancerTask.java:matchSourceWithTarget(722)) - ContainerBalancer matched source datanode ee171b35-2724-4868-b35f-db0a4d10637c with target datanode 5610c331-1bdf-47ca-b548-4e2f5bb7723b for container move.
2023-09-13 18:18:04,832 [main] INFO  balancer.ContainerBalancerTask (ContainerBalancerTask.java:processMoveSelection(569)) - ContainerBalancer is trying to move container #88 with size 3221225472B from source datanode ee171b35-2724-4868-b35f-db0a4d10637c to target datanode 5610c331-1bdf-47ca-b548-4e2f5bb7723b
2023-09-13 18:18:04,832 [main] DEBUG balancer.ContainerBalancerTask (ContainerBalancerTask.java:lambda$moveContainer$3(837)) - Container move completed for container #88 from source ee171b35-2724-4868-b35f-db0a4d10637c to target 5610c331-1bdf-47ca-b548-4e2f5bb7723b
2023-09-13 18:18:04,835 [main] DEBUG balancer.ContainerBalancerTask (ContainerBalancerTask.java:matchSourceWithTarget(708)) - ContainerBalancer is finding suitable target for source datanode 02bc5a57-3f7b-4080-8df1-1b1f3e118d1f
2023-09-13 18:18:04,836 [main] INFO  balancer.ContainerBalancerTask (ContainerBalancerTask.java:matchSourceWithTarget(722)) - ContainerBalancer matched source datanode 02bc5a57-3f7b-4080-8df1-1b1f3e118d1f with target datanode 5610c331-1bdf-47ca-b548-4e2f5bb7723b for container move.
2023-09-13 18:18:04,836 [main] INFO  balancer.ContainerBalancerTask (ContainerBalancerTask.java:processMoveSelection(569)) - ContainerBalancer is trying to move container #40 with size 5368709120B from source datanode 02bc5a57-3f7b-4080-8df1-1b1f3e118d1f to target datanode 5610c331-1bdf-47ca-b548-4e2f5bb7723b
2023-09-13 18:18:04,836 [main] DEBUG balancer.ContainerBalancerTask (ContainerBalancerTask.java:lambda$moveContainer$3(837)) - Container move completed for container #40 from source 02bc5a57-3f7b-4080-8df1-1b1f3e118d1f to target 5610c331-1bdf-47ca-b548-4e2f5bb7723b
2023-09-13 18:18:04,838 [main] DEBUG balancer.ContainerBalancerTask (ContainerBalancerTask.java:matchSourceWithTarget(708)) - ContainerBalancer is finding suitable target for source datanode e5b213b0-be5f-4b25-a61b-2caec7e5d9b1
2023-09-13 18:18:04,838 [main] INFO  balancer.ContainerBalancerTask (ContainerBalancerTask.java:matchSourceWithTarget(722)) - ContainerBalancer matched source datanode e5b213b0-be5f-4b25-a61b-2caec7e5d9b1 with target datanode 5610c331-1bdf-47ca-b548-4e2f5bb7723b for container move.
2023-09-13 18:18:04,838 [main] INFO  balancer.ContainerBalancerTask (ContainerBalancerTask.java:processMoveSelection(569)) - ContainerBalancer is trying to move container #67 with size 4294967296B from source datanode e5b213b0-be5f-4b25-a61b-2caec7e5d9b1 to target datanode 5610c331-1bdf-47ca-b548-4e2f5bb7723b
2023-09-13 18:18:04,838 [main] DEBUG balancer.ContainerBalancerTask (ContainerBalancerTask.java:lambda$moveContainer$3(837)) - Container move completed for container #67 from source e5b213b0-be5f-4b25-a61b-2caec7e5d9b1 to target 5610c331-1bdf-47ca-b548-4e2f5bb7723b
2023-09-13 18:18:04,841 [main] DEBUG balancer.ContainerBalancerTask (ContainerBalancerTask.java:matchSourceWithTarget(708)) - ContainerBalancer is finding suitable target for source datanode ee171b35-2724-4868-b35f-db0a4d10637c
2023-09-13 18:18:04,841 [main] INFO  balancer.ContainerBalancerTask (ContainerBalancerTask.java:matchSourceWithTarget(722)) - ContainerBalancer matched source datanode ee171b35-2724-4868-b35f-db0a4d10637c with target datanode 5610c331-1bdf-47ca-b548-4e2f5bb7723b for container move.
2023-09-13 18:18:04,841 [main] INFO  balancer.ContainerBalancerTask (ContainerBalancerTask.java:processMoveSelection(569)) - ContainerBalancer is trying to move container #83 with size 3221225472B from source datanode ee171b35-2724-4868-b35f-db0a4d10637c to target datanode 5610c331-1bdf-47ca-b548-4e2f5bb7723b
2023-09-13 18:18:04,841 [main] DEBUG balancer.ContainerBalancerTask (ContainerBalancerTask.java:lambda$moveContainer$3(837)) - Container move completed for container #83 from source ee171b35-2724-4868-b35f-db0a4d10637c to target 5610c331-1bdf-47ca-b548-4e2f5bb7723b
2023-09-13 18:18:04,844 [main] DEBUG balancer.ContainerBalancerTask (ContainerBalancerTask.java:matchSourceWithTarget(708)) - ContainerBalancer is finding suitable target for source datanode 02bc5a57-3f7b-4080-8df1-1b1f3e118d1f
2023-09-13 18:18:04,844 [main] INFO  balancer.ContainerBalancerTask (ContainerBalancerTask.java:matchSourceWithTarget(722)) - ContainerBalancer matched source datanode 02bc5a57-3f7b-4080-8df1-1b1f3e118d1f with target datanode 5610c331-1bdf-47ca-b548-4e2f5bb7723b for container move.
2023-09-13 18:18:04,845 [main] INFO  balancer.ContainerBalancerTask (ContainerBalancerTask.java:processMoveSelection(569)) - ContainerBalancer is trying to move container #29 with size 5368709120B from source datanode 02bc5a57-3f7b-4080-8df1-1b1f3e118d1f to target datanode 5610c331-1bdf-47ca-b548-4e2f5bb7723b
2023-09-13 18:18:04,845 [main] DEBUG balancer.ContainerBalancerTask (ContainerBalancerTask.java:lambda$moveContainer$3(837)) - Container move completed for container #29 from source 02bc5a57-3f7b-4080-8df1-1b1f3e118d1f to target 5610c331-1bdf-47ca-b548-4e2f5bb7723b
2023-09-13 18:18:04,847 [main] DEBUG balancer.ContainerBalancerTask (ContainerBalancerTask.java:matchSourceWithTarget(708)) - ContainerBalancer is finding suitable target for source datanode 7b8ab83c-1d21-4abb-826c-d4ddfa4ee7c5
2023-09-13 18:18:04,848 [main] INFO  balancer.ContainerBalancerTask (ContainerBalancerTask.java:matchSourceWithTarget(722)) - ContainerBalancer matched source datanode 7b8ab83c-1d21-4abb-826c-d4ddfa4ee7c5 with target datanode 5610c331-1bdf-47ca-b548-4e2f5bb7723b for container move.
2023-09-13 18:18:04,848 [main] INFO  balancer.ContainerBalancerTask (ContainerBalancerTask.java:processMoveSelection(569)) - ContainerBalancer is trying to move container #39 with size 4294967296B from source datanode 7b8ab83c-1d21-4abb-826c-d4ddfa4ee7c5 to target datanode 5610c331-1bdf-47ca-b548-4e2f5bb7723b
2023-09-13 18:18:04,848 [main] DEBUG balancer.ContainerBalancerTask (ContainerBalancerTask.java:lambda$moveContainer$3(837)) - Container move completed for container #39 from source 7b8ab83c-1d21-4abb-826c-d4ddfa4ee7c5 to target 5610c331-1bdf-47ca-b548-4e2f5bb7723b
2023-09-13 18:18:04,850 [main] DEBUG balancer.ContainerBalancerTask (ContainerBalancerTask.java:matchSourceWithTarget(708)) - ContainerBalancer is finding suitable target for source datanode e5b213b0-be5f-4b25-a61b-2caec7e5d9b1
2023-09-13 18:18:04,851 [main] INFO  balancer.ContainerBalancerTask (ContainerBalancerTask.java:matchSourceWithTarget(722)) - ContainerBalancer matched source datanode e5b213b0-be5f-4b25-a61b-2caec7e5d9b1 with target datanode 5610c331-1bdf-47ca-b548-4e2f5bb7723b for container move.
2023-09-13 18:18:04,851 [main] INFO  balancer.ContainerBalancerTask (ContainerBalancerTask.java:processMoveSelection(569)) - ContainerBalancer is trying to move container #66 with size 3221225472B from source datanode e5b213b0-be5f-4b25-a61b-2caec7e5d9b1 to target datanode 5610c331-1bdf-47ca-b548-4e2f5bb7723b
2023-09-13 18:18:04,851 [main] DEBUG balancer.ContainerBalancerTask (ContainerBalancerTask.java:lambda$moveContainer$3(837)) - Container move completed for container #66 from source e5b213b0-be5f-4b25-a61b-2caec7e5d9b1 to target 5610c331-1bdf-47ca-b548-4e2f5bb7723b
2023-09-13 18:18:04,854 [main] DEBUG balancer.ContainerBalancerTask (ContainerBalancerTask.java:matchSourceWithTarget(708)) - ContainerBalancer is finding suitable target for source datanode 02bc5a57-3f7b-4080-8df1-1b1f3e118d1f
2023-09-13 18:18:04,854 [main] INFO  balancer.ContainerBalancerTask (ContainerBalancerTask.java:matchSourceWithTarget(722)) - ContainerBalancer matched source datanode 02bc5a57-3f7b-4080-8df1-1b1f3e118d1f with target datanode cf7dd2c4-ac07-4f32-b7a6-9129d534a5aa for container move.
2023-09-13 18:18:04,854 [main] INFO  balancer.ContainerBalancerTask (ContainerBalancerTask.java:processMoveSelection(569)) - ContainerBalancer is trying to move container #53 with size 5368709120B from source datanode 02bc5a57-3f7b-4080-8df1-1b1f3e118d1f to target datanode cf7dd2c4-ac07-4f32-b7a6-9129d534a5aa
2023-09-13 18:18:04,855 [main] DEBUG balancer.ContainerBalancerTask (ContainerBalancerTask.java:lambda$moveContainer$3(837)) - Container move completed for container #53 from source 02bc5a57-3f7b-4080-8df1-1b1f3e118d1f to target cf7dd2c4-ac07-4f32-b7a6-9129d534a5aa
2023-09-13 18:18:04,857 [main] DEBUG balancer.ContainerBalancerTask (ContainerBalancerTask.java:matchSourceWithTarget(708)) - ContainerBalancer is finding suitable target for source datanode ee171b35-2724-4868-b35f-db0a4d10637c
2023-09-13 18:18:04,857 [main] INFO  balancer.ContainerBalancerTask (ContainerBalancerTask.java:matchSourceWithTarget(722)) - ContainerBalancer matched source datanode ee171b35-2724-4868-b35f-db0a4d10637c with target datanode 5610c331-1bdf-47ca-b548-4e2f5bb7723b for container move.
2023-09-13 18:18:04,857 [main] INFO  balancer.ContainerBalancerTask (ContainerBalancerTask.java:processMoveSelection(569)) - ContainerBalancer is trying to move container #87 with size 2147483648B from source datanode ee171b35-2724-4868-b35f-db0a4d10637c to target datanode 5610c331-1bdf-47ca-b548-4e2f5bb7723b
2023-09-13 18:18:04,857 [main] DEBUG balancer.ContainerBalancerTask (ContainerBalancerTask.java:lambda$moveContainer$3(837)) - Container move completed for container #87 from source ee171b35-2724-4868-b35f-db0a4d10637c to target 5610c331-1bdf-47ca-b548-4e2f5bb7723b
2023-09-13 18:18:04,860 [main] DEBUG balancer.ContainerBalancerTask (ContainerBalancerTask.java:matchSourceWithTarget(708)) - ContainerBalancer is finding suitable target for source datanode 7b8ab83c-1d21-4abb-826c-d4ddfa4ee7c5
2023-09-13 18:18:04,861 [main] INFO  balancer.ContainerBalancerTask (ContainerBalancerTask.java:matchSourceWithTarget(722)) - ContainerBalancer matched source datanode 7b8ab83c-1d21-4abb-826c-d4ddfa4ee7c5 with target datanode 5610c331-1bdf-47ca-b548-4e2f5bb7723b for container move.
2023-09-13 18:18:04,861 [main] INFO  balancer.ContainerBalancerTask (ContainerBalancerTask.java:processMoveSelection(569)) - ContainerBalancer is trying to move container #37 with size 2147483648B from source datanode 7b8ab83c-1d21-4abb-826c-d4ddfa4ee7c5 to target datanode 5610c331-1bdf-47ca-b548-4e2f5bb7723b
2023-09-13 18:18:04,861 [main] DEBUG balancer.ContainerBalancerTask (ContainerBalancerTask.java:lambda$moveContainer$3(837)) - Container move completed for container #37 from source 7b8ab83c-1d21-4abb-826c-d4ddfa4ee7c5 to target 5610c331-1bdf-47ca-b548-4e2f5bb7723b
2023-09-13 18:18:04,861 [main] WARN  balancer.ContainerBalancerTask (ContainerBalancerTask.java:reachedMaxSizeToMovePerIteration(733)) - Reached max size to move limit. 53687091200 bytes have already been scheduled for balancing and the limit is 53687091200 bytes.
2023-09-13 18:18:04,861 [main] INFO  balancer.ContainerBalancerTask (ContainerBalancerTask.java:checkIterationMoveResults(642)) - Iteration Summary. Number of Datanodes involved: 6. Size moved: 50 GB (53687091200 Bytes). Number of Container moves completed: 13.
2023-09-13 18:18:04,861 [main] INFO  balancer.ContainerBalancerTask (ContainerBalancerTask.java:balance(259)) - Result of this iteration of Container Balancer: ITERATION_COMPLETED
2023-09-13 18:18:04,861 [main] INFO  balancer.ContainerBalancerTask (ContainerBalancerTask.java:tryStopWithSaveConfiguration(308)) - Save Configuration for stopping. Reason: Completed all iterations.
2023-09-13 18:18:04,862 [main] DEBUG balancer.ContainerBalancerTask (ContainerBalancerTask.java:initializeIteration(374)) - Average utilization of the cluster is 0.32470527934442994
2023-09-13 18:18:04,862 [main] DEBUG balancer.ContainerBalancerTask (ContainerBalancerTask.java:initializeIteration(386)) - Lower limit for utilization is -0.34817104421362366 and Upper limit for utilization is 0.9975816029024835
2023-09-13 18:18:04,862 [main] DEBUG balancer.ContainerBalancerTask (ContainerBalancerTask.java:initializeIteration(398)) - Utilization for node ee171b35-2724-4868-b35f-db0a4d10637c with capacity 50107951786B, used 45097156608B, and remaining 5010795178B is 0.9000000000119741
2023-09-13 18:18:04,863 [main] DEBUG balancer.ContainerBalancerTask (ContainerBalancerTask.java:initializeIteration(398)) - Utilization for node e5b213b0-be5f-4b25-a61b-2caec7e5d9b1 with capacity 48318382080B, used 38654705664B, and remaining 9663676416B is 0.8
2023-09-13 18:18:04,863 [main] DEBUG balancer.ContainerBalancerTask (ContainerBalancerTask.java:initializeIteration(398)) - Utilization for node 02bc5a57-3f7b-4080-8df1-1b1f3e118d1f with capacity 88967179702B, used 62277025792B, and remaining 26690153910B is 0.700000000006744
2023-09-13 18:18:04,863 [main] DEBUG balancer.ContainerBalancerTask (ContainerBalancerTask.java:initializeIteration(398)) - Utilization for node 7b8ab83c-1d21-4abb-826c-d4ddfa4ee7c5 with capacity 89478485333B, used 53687091200B, and remaining 35791394133B is 0.6000000000022352
2023-09-13 18:18:04,863 [main] DEBUG balancer.ContainerBalancerTask (ContainerBalancerTask.java:initializeIteration(398)) - Utilization for node b4b89c1a-0d21-4d0b-9cab-3c48bd96581d with capacity 75161927680B, used 37580963840B, and remaining 37580963840B is 0.5
2023-09-13 18:18:04,863 [main] DEBUG balancer.ContainerBalancerTask (ContainerBalancerTask.java:initializeIteration(398)) - Utilization for node 98bb5845-e602-4e3e-a367-d6a0089bcabb with capacity 96636764160B, used 38654705664B, and remaining 57982058496B is 0.4
2023-09-13 18:18:04,863 [main] DEBUG balancer.ContainerBalancerTask (ContainerBalancerTask.java:initializeIteration(398)) - Utilization for node 9993b6fb-ffa3-4b80-88b5-8eb0acf42969 with capacity 118111600640B, used 35433480192B, and remaining 82678120448B is 0.3
2023-09-13 18:18:04,863 [main] DEBUG balancer.ContainerBalancerTask (ContainerBalancerTask.java:initializeIteration(398)) - Utilization for node 33a2b1f0-86c3-48fa-8253-aa687652337a with capacity 171798691840B, used 34359738368B, and remaining 137438953472B is 0.2
2023-09-13 18:18:04,863 [main] DEBUG balancer.ContainerBalancerTask (ContainerBalancerTask.java:initializeIteration(398)) - Utilization for node 5610c331-1bdf-47ca-b548-4e2f5bb7723b with capacity 429496729600B, used 42949672960B, and remaining 386547056640B is 0.1
2023-09-13 18:18:04,863 [main] DEBUG balancer.ContainerBalancerTask (ContainerBalancerTask.java:initializeIteration(398)) - Utilization for node cf7dd2c4-ac07-4f32-b7a6-9129d534a5aa with capacity 28991029248B, used 0B, and remaining 28991029248B is 0.0
2023-09-13 18:18:04,863 [main] INFO  balancer.ContainerBalancerTask (ContainerBalancerTask.java:initializeIteration(443)) - Did not find any unbalanced Datanodes.
2023-09-13 18:18:04,863 [main] INFO  balancer.ContainerBalancerTask (ContainerBalancerTask.java:tryStopWithSaveConfiguration(308)) - Save Configuration for stopping. Reason: Could not initialize ContainerBalancer's iteration number 0
2023-09-13 18:18:04,864 [main] DEBUG balancer.ContainerBalancerTask (ContainerBalancerTask.java:initializeIteration(374)) - Average utilization of the cluster is 0.32470527934442994
2023-09-13 18:18:04,864 [main] DEBUG balancer.ContainerBalancerTask (ContainerBalancerTask.java:initializeIteration(386)) - Lower limit for utilization is 0.3019528028139782 and Upper limit for utilization is 0.3474577558748817
2023-09-13 18:18:04,864 [main] DEBUG balancer.ContainerBalancerTask (ContainerBalancerTask.java:initializeIteration(398)) - Utilization for node ee171b35-2724-4868-b35f-db0a4d10637c with capacity 50107951786B, used 45097156608B, and remaining 5010795178B is 0.9000000000119741
2023-09-13 18:18:04,864 [main] DEBUG balancer.ContainerBalancerTask (ContainerBalancerTask.java:initializeIteration(398)) - Utilization for node e5b213b0-be5f-4b25-a61b-2caec7e5d9b1 with capacity 48318382080B, used 38654705664B, and remaining 9663676416B is 0.8
2023-09-13 18:18:04,864 [main] DEBUG balancer.ContainerBalancerTask (ContainerBalancerTask.java:initializeIteration(398)) - Utilization for node 02bc5a57-3f7b-4080-8df1-1b1f3e118d1f with capacity 88967179702B, used 62277025792B, and remaining 26690153910B is 0.700000000006744
2023-09-13 18:18:04,865 [main] DEBUG balancer.ContainerBalancerTask (ContainerBalancerTask.java:initializeIteration(398)) - Utilization for node 7b8ab83c-1d21-4abb-826c-d4ddfa4ee7c5 with capacity 89478485333B, used 53687091200B, and remaining 35791394133B is 0.6000000000022352
2023-09-13 18:18:04,865 [main] DEBUG balancer.ContainerBalancerTask (ContainerBalancerTask.java:initializeIteration(398)) - Utilization for node b4b89c1a-0d21-4d0b-9cab-3c48bd96581d with capacity 75161927680B, used 37580963840B, and remaining 37580963840B is 0.5
2023-09-13 18:18:04,865 [main] DEBUG balancer.ContainerBalancerTask (ContainerBalancerTask.java:initializeIteration(398)) - Utilization for node 98bb5845-e602-4e3e-a367-d6a0089bcabb with capacity 96636764160B, used 38654705664B, and remaining 57982058496B is 0.4
2023-09-13 18:18:04,865 [main] DEBUG balancer.ContainerBalancerTask (ContainerBalancerTask.java:initializeIteration(398)) - Utilization for node 9993b6fb-ffa3-4b80-88b5-8eb0acf42969 with capacity 118111600640B, used 35433480192B, and remaining 82678120448B is 0.3
2023-09-13 18:18:04,865 [main] DEBUG balancer.ContainerBalancerTask (ContainerBalancerTask.java:initializeIteration(398)) - Utilization for node 33a2b1f0-86c3-48fa-8253-aa687652337a with capacity 171798691840B, used 34359738368B, and remaining 137438953472B is 0.2
2023-09-13 18:18:04,865 [main] DEBUG balancer.ContainerBalancerTask (ContainerBalancerTask.java:initializeIteration(398)) - Utilization for node 5610c331-1bdf-47ca-b548-4e2f5bb7723b with capacity 429496729600B, used 42949672960B, and remaining 386547056640B is 0.1
2023-09-13 18:18:04,865 [main] DEBUG balancer.ContainerBalancerTask (ContainerBalancerTask.java:initializeIteration(398)) - Utilization for node cf7dd2c4-ac07-4f32-b7a6-9129d534a5aa with capacity 28991029248B, used 0B, and remaining 28991029248B is 0.0
2023-09-13 18:18:04,865 [main] INFO  balancer.ContainerBalancerTask (ContainerBalancerTask.java:initializeIteration(447)) - Container Balancer has identified 6 Over-Utilized and 4 Under-Utilized Datanodes that need to be balanced.
2023-09-13 18:18:04,865 [main] DEBUG balancer.ContainerBalancerTask (ContainerBalancerTask.java:lambda$initializeIteration$1(453)) - Datanode localhost-108.143.189.206 ee171b35-2724-4868-b35f-db0a4d10637c is Over-Utilized.
2023-09-13 18:18:04,865 [main] DEBUG balancer.ContainerBalancerTask (ContainerBalancerTask.java:lambda$initializeIteration$1(453)) - Datanode localhost-1.135.40.40 e5b213b0-be5f-4b25-a61b-2caec7e5d9b1 is Over-Utilized.
2023-09-13 18:18:04,865 [main] DEBUG balancer.ContainerBalancerTask (ContainerBalancerTask.java:lambda$initializeIteration$1(453)) - Datanode localhost-195.84.121.62 02bc5a57-3f7b-4080-8df1-1b1f3e118d1f is Over-Utilized.
2023-09-13 18:18:04,865 [main] DEBUG balancer.ContainerBalancerTask (ContainerBalancerTask.java:lambda$initializeIteration$1(453)) - Datanode localhost-203.31.63.233 7b8ab83c-1d21-4abb-826c-d4ddfa4ee7c5 is Over-Utilized.
2023-09-13 18:18:04,866 [main] DEBUG balancer.ContainerBalancerTask (ContainerBalancerTask.java:lambda$initializeIteration$1(453)) - Datanode localhost-81.58.237.46 b4b89c1a-0d21-4d0b-9cab-3c48bd96581d is Over-Utilized.
2023-09-13 18:18:04,866 [main] DEBUG balancer.ContainerBalancerTask (ContainerBalancerTask.java:lambda$initializeIteration$1(453)) - Datanode localhost-159.249.253.138 98bb5845-e602-4e3e-a367-d6a0089bcabb is Over-Utilized.
2023-09-13 18:18:04,866 [main] DEBUG balancer.ContainerBalancerTask (ContainerBalancerTask.java:lambda$initializeIteration$2(459)) - Datanode localhost-15.132.92.63 cf7dd2c4-ac07-4f32-b7a6-9129d534a5aa is Under-Utilized.
2023-09-13 18:18:04,866 [main] DEBUG balancer.ContainerBalancerTask (ContainerBalancerTask.java:lambda$initializeIteration$2(459)) - Datanode localhost-123.211.5.179 5610c331-1bdf-47ca-b548-4e2f5bb7723b is Under-Utilized.
2023-09-13 18:18:04,866 [main] DEBUG balancer.ContainerBalancerTask (ContainerBalancerTask.java:lambda$initializeIteration$2(459)) - Datanode localhost-128.84.9.86 33a2b1f0-86c3-48fa-8253-aa687652337a is Under-Utilized.
2023-09-13 18:18:04,866 [main] DEBUG balancer.ContainerBalancerTask (ContainerBalancerTask.java:lambda$initializeIteration$2(459)) - Datanode localhost-19.22.191.128 9993b6fb-ffa3-4b80-88b5-8eb0acf42969 is Under-Utilized.
2023-09-13 18:18:04,868 [main] DEBUG balancer.ContainerBalancerTask (ContainerBalancerTask.java:matchSourceWithTarget(708)) - ContainerBalancer is finding suitable target for source datanode ee171b35-2724-4868-b35f-db0a4d10637c
2023-09-13 18:18:04,868 [main] INFO  balancer.ContainerBalancerTask (ContainerBalancerTask.java:matchSourceWithTarget(722)) - ContainerBalancer matched source datanode ee171b35-2724-4868-b35f-db0a4d10637c with target datanode cf7dd2c4-ac07-4f32-b7a6-9129d534a5aa for container move.
2023-09-13 18:18:04,869 [main] INFO  balancer.ContainerBalancerTask (ContainerBalancerTask.java:processMoveSelection(569)) - ContainerBalancer is trying to move container #85 with size 5368709120B from source datanode ee171b35-2724-4868-b35f-db0a4d10637c to target datanode cf7dd2c4-ac07-4f32-b7a6-9129d534a5aa
2023-09-13 18:18:04,869 [main] DEBUG balancer.ContainerBalancerTask (ContainerBalancerTask.java:lambda$moveContainer$3(837)) - Container move completed for container #85 from source ee171b35-2724-4868-b35f-db0a4d10637c to target cf7dd2c4-ac07-4f32-b7a6-9129d534a5aa
2023-09-13 18:18:04,871 [main] DEBUG balancer.ContainerBalancerTask (ContainerBalancerTask.java:matchSourceWithTarget(708)) - ContainerBalancer is finding suitable target for source datanode e5b213b0-be5f-4b25-a61b-2caec7e5d9b1
2023-09-13 18:18:04,871 [main] INFO  balancer.ContainerBalancerTask (ContainerBalancerTask.java:matchSourceWithTarget(722)) - ContainerBalancer matched source datanode e5b213b0-be5f-4b25-a61b-2caec7e5d9b1 with target datanode 5610c331-1bdf-47ca-b548-4e2f5bb7723b for container move.
2023-09-13 18:18:04,871 [main] INFO  balancer.ContainerBalancerTask (ContainerBalancerTask.java:processMoveSelection(569)) - ContainerBalancer is trying to move container #68 with size 5368709120B from source datanode e5b213b0-be5f-4b25-a61b-2caec7e5d9b1 to target datanode 5610c331-1bdf-47ca-b548-4e2f5bb7723b
2023-09-13 18:18:04,871 [main] DEBUG balancer.ContainerBalancerTask (ContainerBalancerTask.java:lambda$moveContainer$3(837)) - Container move completed for container #68 from source e5b213b0-be5f-4b25-a61b-2caec7e5d9b1 to target 5610c331-1bdf-47ca-b548-4e2f5bb7723b
2023-09-13 18:18:04,873 [main] DEBUG balancer.ContainerBalancerTask (ContainerBalancerTask.java:matchSourceWithTarget(708)) - ContainerBalancer is finding suitable target for source datanode ee171b35-2724-4868-b35f-db0a4d10637c
2023-09-13 18:18:04,873 [main] INFO  balancer.ContainerBalancerTask (ContainerBalancerTask.java:matchSourceWithTarget(722)) - ContainerBalancer matched source datanode ee171b35-2724-4868-b35f-db0a4d10637c with target datanode 5610c331-1bdf-47ca-b548-4e2f5bb7723b for container move.
2023-09-13 18:18:04,874 [main] INFO  balancer.ContainerBalancerTask (ContainerBalancerTask.java:processMoveSelection(569)) - ContainerBalancer is trying to move container #89 with size 4294967296B from source datanode ee171b35-2724-4868-b35f-db0a4d10637c to target datanode 5610c331-1bdf-47ca-b548-4e2f5bb7723b
2023-09-13 18:18:04,874 [main] DEBUG balancer.ContainerBalancerTask (ContainerBalancerTask.java:lambda$moveContainer$3(837)) - Container move completed for container #89 from source ee171b35-2724-4868-b35f-db0a4d10637c to target 5610c331-1bdf-47ca-b548-4e2f5bb7723b
2023-09-13 18:18:04,876 [main] DEBUG balancer.ContainerBalancerTask (ContainerBalancerTask.java:matchSourceWithTarget(708)) - ContainerBalancer is finding suitable target for source datanode ee171b35-2724-4868-b35f-db0a4d10637c
2023-09-13 18:18:04,876 [main] INFO  balancer.ContainerBalancerTask (ContainerBalancerTask.java:matchSourceWithTarget(722)) - ContainerBalancer matched source datanode ee171b35-2724-4868-b35f-db0a4d10637c with target datanode 5610c331-1bdf-47ca-b548-4e2f5bb7723b for container move.
2023-09-13 18:18:04,876 [main] INFO  balancer.ContainerBalancerTask (ContainerBalancerTask.java:processMoveSelection(569)) - ContainerBalancer is trying to move container #88 with size 3221225472B from source datanode ee171b35-2724-4868-b35f-db0a4d10637c to target datanode 5610c331-1bdf-47ca-b548-4e2f5bb7723b
2023-09-13 18:18:04,878 [main] DEBUG balancer.ContainerBalancerTask (ContainerBalancerTask.java:lambda$moveContainer$3(837)) - Container move completed for container #88 from source ee171b35-2724-4868-b35f-db0a4d10637c to target 5610c331-1bdf-47ca-b548-4e2f5bb7723b
2023-09-13 18:18:04,882 [main] DEBUG balancer.ContainerBalancerTask (ContainerBalancerTask.java:matchSourceWithTarget(708)) - ContainerBalancer is finding suitable target for source datanode 02bc5a57-3f7b-4080-8df1-1b1f3e118d1f
2023-09-13 18:18:04,882 [main] INFO  balancer.ContainerBalancerTask (ContainerBalancerTask.java:matchSourceWithTarget(722)) - ContainerBalancer matched source datanode 02bc5a57-3f7b-4080-8df1-1b1f3e118d1f with target datanode 5610c331-1bdf-47ca-b548-4e2f5bb7723b for container move.
2023-09-13 18:18:04,882 [main] INFO  balancer.ContainerBalancerTask (ContainerBalancerTask.java:processMoveSelection(569)) - ContainerBalancer is trying to move container #40 with size 5368709120B from source datanode 02bc5a57-3f7b-4080-8df1-1b1f3e118d1f to target datanode 5610c331-1bdf-47ca-b548-4e2f5bb7723b
2023-09-13 18:18:04,882 [main] DEBUG balancer.ContainerBalancerTask (ContainerBalancerTask.java:lambda$moveContainer$3(837)) - Container move completed for container #40 from source 02bc5a57-3f7b-4080-8df1-1b1f3e118d1f to target 5610c331-1bdf-47ca-b548-4e2f5bb7723b
2023-09-13 18:18:04,884 [main] DEBUG balancer.ContainerBalancerTask (ContainerBalancerTask.java:matchSourceWithTarget(708)) - ContainerBalancer is finding suitable target for source datanode e5b213b0-be5f-4b25-a61b-2caec7e5d9b1
2023-09-13 18:18:04,885 [main] INFO  balancer.ContainerBalancerTask (ContainerBalancerTask.java:matchSourceWithTarget(722)) - ContainerBalancer matched source datanode e5b213b0-be5f-4b25-a61b-2caec7e5d9b1 with target datanode 5610c331-1bdf-47ca-b548-4e2f5bb7723b for container move.
2023-09-13 18:18:04,885 [main] INFO  balancer.ContainerBalancerTask (ContainerBalancerTask.java:processMoveSelection(569)) - ContainerBalancer is trying to move container #67 with size 4294967296B from source datanode e5b213b0-be5f-4b25-a61b-2caec7e5d9b1 to target datanode 5610c331-1bdf-47ca-b548-4e2f5bb7723b
2023-09-13 18:18:04,885 [main] DEBUG balancer.ContainerBalancerTask (ContainerBalancerTask.java:lambda$moveContainer$3(837)) - Container move completed for container #67 from source e5b213b0-be5f-4b25-a61b-2caec7e5d9b1 to target 5610c331-1bdf-47ca-b548-4e2f5bb7723b
2023-09-13 18:18:04,887 [main] DEBUG balancer.ContainerBalancerTask (ContainerBalancerTask.java:matchSourceWithTarget(708)) - ContainerBalancer is finding suitable target for source datanode ee171b35-2724-4868-b35f-db0a4d10637c
2023-09-13 18:18:04,887 [main] INFO  balancer.ContainerBalancerTask (ContainerBalancerTask.java:matchSourceWithTarget(722)) - ContainerBalancer matched source datanode ee171b35-2724-4868-b35f-db0a4d10637c with target datanode 5610c331-1bdf-47ca-b548-4e2f5bb7723b for container move.
2023-09-13 18:18:04,887 [main] INFO  balancer.ContainerBalancerTask (ContainerBalancerTask.java:processMoveSelection(569)) - ContainerBalancer is trying to move container #83 with size 3221225472B from source datanode ee171b35-2724-4868-b35f-db0a4d10637c to target datanode 5610c331-1bdf-47ca-b548-4e2f5bb7723b
2023-09-13 18:18:04,888 [main] DEBUG balancer.ContainerBalancerTask (ContainerBalancerTask.java:lambda$moveContainer$3(837)) - Container move completed for container #83 from source ee171b35-2724-4868-b35f-db0a4d10637c to target 5610c331-1bdf-47ca-b548-4e2f5bb7723b
2023-09-13 18:18:04,891 [main] DEBUG balancer.ContainerBalancerTask (ContainerBalancerTask.java:matchSourceWithTarget(708)) - ContainerBalancer is finding suitable target for source datanode 02bc5a57-3f7b-4080-8df1-1b1f3e118d1f
2023-09-13 18:18:04,891 [main] INFO  balancer.ContainerBalancerTask (ContainerBalancerTask.java:matchSourceWithTarget(722)) - ContainerBalancer matched source datanode 02bc5a57-3f7b-4080-8df1-1b1f3e118d1f with target datanode 5610c331-1bdf-47ca-b548-4e2f5bb7723b for container move.
2023-09-13 18:18:04,891 [main] INFO  balancer.ContainerBalancerTask (ContainerBalancerTask.java:processMoveSelection(569)) - ContainerBalancer is trying to move container #29 with size 5368709120B from source datanode 02bc5a57-3f7b-4080-8df1-1b1f3e118d1f to target datanode 5610c331-1bdf-47ca-b548-4e2f5bb7723b
2023-09-13 18:18:04,891 [main] DEBUG balancer.ContainerBalancerTask (ContainerBalancerTask.java:lambda$moveContainer$3(837)) - Container move completed for container #29 from source 02bc5a57-3f7b-4080-8df1-1b1f3e118d1f to target 5610c331-1bdf-47ca-b548-4e2f5bb7723b
2023-09-13 18:18:04,894 [main] DEBUG balancer.ContainerBalancerTask (ContainerBalancerTask.java:matchSourceWithTarget(708)) - ContainerBalancer is finding suitable target for source datanode 7b8ab83c-1d21-4abb-826c-d4ddfa4ee7c5
2023-09-13 18:18:04,894 [main] INFO  balancer.ContainerBalancerTask (ContainerBalancerTask.java:matchSourceWithTarget(722)) - ContainerBalancer matched source datanode 7b8ab83c-1d21-4abb-826c-d4ddfa4ee7c5 with target datanode 5610c331-1bdf-47ca-b548-4e2f5bb7723b for container move.
2023-09-13 18:18:04,894 [main] INFO  balancer.ContainerBalancerTask (ContainerBalancerTask.java:processMoveSelection(569)) - ContainerBalancer is trying to move container #39 with size 4294967296B from source datanode 7b8ab83c-1d21-4abb-826c-d4ddfa4ee7c5 to target datanode 5610c331-1bdf-47ca-b548-4e2f5bb7723b
2023-09-13 18:18:04,894 [main] DEBUG balancer.ContainerBalancerTask (ContainerBalancerTask.java:lambda$moveContainer$3(837)) - Container move completed for container #39 from source 7b8ab83c-1d21-4abb-826c-d4ddfa4ee7c5 to target 5610c331-1bdf-47ca-b548-4e2f5bb7723b
2023-09-13 18:18:04,897 [main] DEBUG balancer.ContainerBalancerTask (ContainerBalancerTask.java:matchSourceWithTarget(708)) - ContainerBalancer is finding suitable target for source datanode e5b213b0-be5f-4b25-a61b-2caec7e5d9b1
2023-09-13 18:18:04,897 [main] INFO  balancer.ContainerBalancerTask (ContainerBalancerTask.java:matchSourceWithTarget(722)) - ContainerBalancer matched source datanode e5b213b0-be5f-4b25-a61b-2caec7e5d9b1 with target datanode 5610c331-1bdf-47ca-b548-4e2f5bb7723b for container move.
2023-09-13 18:18:04,897 [main] INFO  balancer.ContainerBalancerTask (ContainerBalancerTask.java:processMoveSelection(569)) - ContainerBalancer is trying to move container #66 with size 3221225472B from source datanode e5b213b0-be5f-4b25-a61b-2caec7e5d9b1 to target datanode 5610c331-1bdf-47ca-b548-4e2f5bb7723b
2023-09-13 18:18:04,897 [main] DEBUG balancer.ContainerBalancerTask (ContainerBalancerTask.java:lambda$moveContainer$3(837)) - Container move completed for container #66 from source e5b213b0-be5f-4b25-a61b-2caec7e5d9b1 to target 5610c331-1bdf-47ca-b548-4e2f5bb7723b
2023-09-13 18:18:04,901 [main] DEBUG balancer.ContainerBalancerTask (ContainerBalancerTask.java:matchSourceWithTarget(708)) - ContainerBalancer is finding suitable target for source datanode 02bc5a57-3f7b-4080-8df1-1b1f3e118d1f
2023-09-13 18:18:04,901 [main] INFO  balancer.ContainerBalancerTask (ContainerBalancerTask.java:matchSourceWithTarget(722)) - ContainerBalancer matched source datanode 02bc5a57-3f7b-4080-8df1-1b1f3e118d1f with target datanode cf7dd2c4-ac07-4f32-b7a6-9129d534a5aa for container move.
2023-09-13 18:18:04,901 [main] INFO  balancer.ContainerBalancerTask (ContainerBalancerTask.java:processMoveSelection(569)) - ContainerBalancer is trying to move container #52 with size 4294967296B from source datanode 02bc5a57-3f7b-4080-8df1-1b1f3e118d1f to target datanode cf7dd2c4-ac07-4f32-b7a6-9129d534a5aa
2023-09-13 18:18:04,901 [main] DEBUG balancer.ContainerBalancerTask (ContainerBalancerTask.java:lambda$moveContainer$3(837)) - Container move completed for container #52 from source 02bc5a57-3f7b-4080-8df1-1b1f3e118d1f to target cf7dd2c4-ac07-4f32-b7a6-9129d534a5aa
2023-09-13 18:18:04,904 [main] DEBUG balancer.ContainerBalancerTask (ContainerBalancerTask.java:matchSourceWithTarget(708)) - ContainerBalancer is finding suitable target for source datanode ee171b35-2724-4868-b35f-db0a4d10637c
2023-09-13 18:18:04,904 [main] INFO  balancer.ContainerBalancerTask (ContainerBalancerTask.java:matchSourceWithTarget(722)) - ContainerBalancer matched source datanode ee171b35-2724-4868-b35f-db0a4d10637c with target datanode 5610c331-1bdf-47ca-b548-4e2f5bb7723b for container move.
2023-09-13 18:18:04,904 [main] INFO  balancer.ContainerBalancerTask (ContainerBalancerTask.java:processMoveSelection(569)) - ContainerBalancer is trying to move container #87 with size 2147483648B from source datanode ee171b35-2724-4868-b35f-db0a4d10637c to target datanode 5610c331-1bdf-47ca-b548-4e2f5bb7723b
2023-09-13 18:18:04,904 [main] DEBUG balancer.ContainerBalancerTask (ContainerBalancerTask.java:lambda$moveContainer$3(837)) - Container move completed for container #87 from source ee171b35-2724-4868-b35f-db0a4d10637c to target 5610c331-1bdf-47ca-b548-4e2f5bb7723b
2023-09-13 18:18:04,907 [main] DEBUG balancer.ContainerBalancerTask (ContainerBalancerTask.java:matchSourceWithTarget(708)) - ContainerBalancer is finding suitable target for source datanode 7b8ab83c-1d21-4abb-826c-d4ddfa4ee7c5
2023-09-13 18:18:04,907 [main] INFO  balancer.ContainerBalancerTask (ContainerBalancerTask.java:matchSourceWithTarget(722)) - ContainerBalancer matched source datanode 7b8ab83c-1d21-4abb-826c-d4ddfa4ee7c5 with target datanode 5610c331-1bdf-47ca-b548-4e2f5bb7723b for container move.
2023-09-13 18:18:04,907 [main] INFO  balancer.ContainerBalancerTask (ContainerBalancerTask.java:processMoveSelection(569)) - ContainerBalancer is trying to move container #27 with size 3221225472B from source datanode 7b8ab83c-1d21-4abb-826c-d4ddfa4ee7c5 to target datanode 5610c331-1bdf-47ca-b548-4e2f5bb7723b
2023-09-13 18:18:04,907 [main] DEBUG balancer.ContainerBalancerTask (ContainerBalancerTask.java:lambda$moveContainer$3(837)) - Container move completed for container #27 from source 7b8ab83c-1d21-4abb-826c-d4ddfa4ee7c5 to target 5610c331-1bdf-47ca-b548-4e2f5bb7723b
2023-09-13 18:18:04,907 [main] WARN  balancer.ContainerBalancerTask (ContainerBalancerTask.java:reachedMaxSizeToMovePerIteration(733)) - Reached max size to move limit. 53687091200 bytes have already been scheduled for balancing and the limit is 53687091200 bytes.
2023-09-13 18:18:04,908 [main] INFO  balancer.ContainerBalancerTask (ContainerBalancerTask.java:checkIterationMoveResults(642)) - Iteration Summary. Number of Datanodes involved: 6. Size moved: 50 GB (53687091200 Bytes). Number of Container moves completed: 13.
2023-09-13 18:18:04,908 [main] INFO  balancer.ContainerBalancerTask (ContainerBalancerTask.java:balance(259)) - Result of this iteration of Container Balancer: ITERATION_COMPLETED
2023-09-13 18:18:04,908 [main] INFO  balancer.ContainerBalancerTask (ContainerBalancerTask.java:tryStopWithSaveConfiguration(308)) - Save Configuration for stopping. Reason: Completed all iterations.
2023-09-13 18:18:04,909 [main] DEBUG balancer.ContainerBalancerTask (ContainerBalancerTask.java:initializeIteration(374)) - Average utilization of the cluster is 0.32470527934442994
2023-09-13 18:18:04,909 [main] DEBUG balancer.ContainerBalancerTask (ContainerBalancerTask.java:initializeIteration(386)) - Lower limit for utilization is -0.44116671298038634 and Upper limit for utilization is 1.0905772716692463
2023-09-13 18:18:04,909 [main] DEBUG balancer.ContainerBalancerTask (ContainerBalancerTask.java:initializeIteration(398)) - Utilization for node ee171b35-2724-4868-b35f-db0a4d10637c with capacity 50107951786B, used 45097156608B, and remaining 5010795178B is 0.9000000000119741
2023-09-13 18:18:04,909 [main] DEBUG balancer.ContainerBalancerTask (ContainerBalancerTask.java:initializeIteration(398)) - Utilization for node e5b213b0-be5f-4b25-a61b-2caec7e5d9b1 with capacity 48318382080B, used 38654705664B, and remaining 9663676416B is 0.8
2023-09-13 18:18:04,909 [main] DEBUG balancer.ContainerBalancerTask (ContainerBalancerTask.java:initializeIteration(398)) - Utilization for node 02bc5a57-3f7b-4080-8df1-1b1f3e118d1f with capacity 88967179702B, used 62277025792B, and remaining 26690153910B is 0.700000000006744
2023-09-13 18:18:04,909 [main] DEBUG balancer.ContainerBalancerTask (ContainerBalancerTask.java:initializeIteration(398)) - Utilization for node 7b8ab83c-1d21-4abb-826c-d4ddfa4ee7c5 with capacity 89478485333B, used 53687091200B, and remaining 35791394133B is 0.6000000000022352
2023-09-13 18:18:04,909 [main] DEBUG balancer.ContainerBalancerTask (ContainerBalancerTask.java:initializeIteration(398)) - Utilization for node b4b89c1a-0d21-4d0b-9cab-3c48bd96581d with capacity 75161927680B, used 37580963840B, and remaining 37580963840B is 0.5
2023-09-13 18:18:04,909 [main] DEBUG balancer.ContainerBalancerTask (ContainerBalancerTask.java:initializeIteration(398)) - Utilization for node 98bb5845-e602-4e3e-a367-d6a0089bcabb with capacity 96636764160B, used 38654705664B, and remaining 57982058496B is 0.4
2023-09-13 18:18:04,910 [main] DEBUG balancer.ContainerBalancerTask (ContainerBalancerTask.java:initializeIteration(398)) - Utilization for node 9993b6fb-ffa3-4b80-88b5-8eb0acf42969 with capacity 118111600640B, used 35433480192B, and remaining 82678120448B is 0.3
2023-09-13 18:18:04,910 [main] DEBUG balancer.ContainerBalancerTask (ContainerBalancerTask.java:initializeIteration(398)) - Utilization for node 33a2b1f0-86c3-48fa-8253-aa687652337a with capacity 171798691840B, used 34359738368B, and remaining 137438953472B is 0.2
2023-09-13 18:18:04,910 [main] DEBUG balancer.ContainerBalancerTask (ContainerBalancerTask.java:initializeIteration(398)) - Utilization for node 5610c331-1bdf-47ca-b548-4e2f5bb7723b with capacity 429496729600B, used 42949672960B, and remaining 386547056640B is 0.1
2023-09-13 18:18:04,910 [main] DEBUG balancer.ContainerBalancerTask (ContainerBalancerTask.java:initializeIteration(398)) - Utilization for node cf7dd2c4-ac07-4f32-b7a6-9129d534a5aa with capacity 28991029248B, used 0B, and remaining 28991029248B is 0.0
2023-09-13 18:18:04,910 [main] INFO  balancer.ContainerBalancerTask (ContainerBalancerTask.java:initializeIteration(443)) - Did not find any unbalanced Datanodes.
2023-09-13 18:18:04,910 [main] INFO  balancer.ContainerBalancerTask (ContainerBalancerTask.java:tryStopWithSaveConfiguration(308)) - Save Configuration for stopping. Reason: Could not initialize ContainerBalancer's iteration number 0
2023-09-13 18:18:04,911 [main] DEBUG balancer.ContainerBalancerTask (ContainerBalancerTask.java:initializeIteration(374)) - Average utilization of the cluster is 0.32470527934442994
2023-09-13 18:18:04,911 [main] DEBUG balancer.ContainerBalancerTask (ContainerBalancerTask.java:initializeIteration(386)) - Lower limit for utilization is -0.489062578224419 and Upper limit for utilization is 1.1384731369132788
2023-09-13 18:18:04,911 [main] DEBUG balancer.ContainerBalancerTask (ContainerBalancerTask.java:initializeIteration(398)) - Utilization for node ee171b35-2724-4868-b35f-db0a4d10637c with capacity 50107951786B, used 45097156608B, and remaining 5010795178B is 0.9000000000119741
2023-09-13 18:18:04,911 [main] DEBUG balancer.ContainerBalancerTask (ContainerBalancerTask.java:initializeIteration(398)) - Utilization for node e5b213b0-be5f-4b25-a61b-2caec7e5d9b1 with capacity 48318382080B, used 38654705664B, and remaining 9663676416B is 0.8
2023-09-13 18:18:04,911 [main] DEBUG balancer.ContainerBalancerTask (ContainerBalancerTask.java:initializeIteration(398)) - Utilization for node 02bc5a57-3f7b-4080-8df1-1b1f3e118d1f with capacity 88967179702B, used 62277025792B, and remaining 26690153910B is 0.700000000006744
2023-09-13 18:18:04,911 [main] DEBUG balancer.ContainerBalancerTask (ContainerBalancerTask.java:initializeIteration(398)) - Utilization for node 7b8ab83c-1d21-4abb-826c-d4ddfa4ee7c5 with capacity 89478485333B, used 53687091200B, and remaining 35791394133B is 0.6000000000022352
2023-09-13 18:18:04,911 [main] DEBUG balancer.ContainerBalancerTask (ContainerBalancerTask.java:initializeIteration(398)) - Utilization for node b4b89c1a-0d21-4d0b-9cab-3c48bd96581d with capacity 75161927680B, used 37580963840B, and remaining 37580963840B is 0.5
2023-09-13 18:18:04,911 [main] DEBUG balancer.ContainerBalancerTask (ContainerBalancerTask.java:initializeIteration(398)) - Utilization for node 98bb5845-e602-4e3e-a367-d6a0089bcabb with capacity 96636764160B, used 38654705664B, and remaining 57982058496B is 0.4
2023-09-13 18:18:04,911 [main] DEBUG balancer.ContainerBalancerTask (ContainerBalancerTask.java:initializeIteration(398)) - Utilization for node 9993b6fb-ffa3-4b80-88b5-8eb0acf42969 with capacity 118111600640B, used 35433480192B, and remaining 82678120448B is 0.3
2023-09-13 18:18:04,911 [main] DEBUG balancer.ContainerBalancerTask (ContainerBalancerTask.java:initializeIteration(398)) - Utilization for node 33a2b1f0-86c3-48fa-8253-aa687652337a with capacity 171798691840B, used 34359738368B, and remaining 137438953472B is 0.2
2023-09-13 18:18:04,911 [main] DEBUG balancer.ContainerBalancerTask (ContainerBalancerTask.java:initializeIteration(398)) - Utilization for node 5610c331-1bdf-47ca-b548-4e2f5bb7723b with capacity 429496729600B, used 42949672960B, and remaining 386547056640B is 0.1
2023-09-13 18:18:04,912 [main] DEBUG balancer.ContainerBalancerTask (ContainerBalancerTask.java:initializeIteration(398)) - Utilization for node cf7dd2c4-ac07-4f32-b7a6-9129d534a5aa with capacity 28991029248B, used 0B, and remaining 28991029248B is 0.0
2023-09-13 18:18:04,912 [main] INFO  balancer.ContainerBalancerTask (ContainerBalancerTask.java:initializeIteration(443)) - Did not find any unbalanced Datanodes.
2023-09-13 18:18:04,912 [main] INFO  balancer.ContainerBalancerTask (ContainerBalancerTask.java:tryStopWithSaveConfiguration(308)) - Save Configuration for stopping. Reason: Could not initialize ContainerBalancer's iteration number 0
2023-09-13 18:18:04,912 [main] DEBUG balancer.ContainerBalancerTask (ContainerBalancerTask.java:initializeIteration(374)) - Average utilization of the cluster is 0.32470527934442994
2023-09-13 18:18:04,913 [main] DEBUG balancer.ContainerBalancerTask (ContainerBalancerTask.java:initializeIteration(386)) - Lower limit for utilization is 0.23290695115637416 and Upper limit for utilization is 0.4165036075324857
2023-09-13 18:18:04,913 [main] DEBUG balancer.ContainerBalancerTask (ContainerBalancerTask.java:initializeIteration(398)) - Utilization for node ee171b35-2724-4868-b35f-db0a4d10637c with capacity 50107951786B, used 45097156608B, and remaining 5010795178B is 0.9000000000119741
2023-09-13 18:18:04,913 [main] DEBUG balancer.ContainerBalancerTask (ContainerBalancerTask.java:initializeIteration(398)) - Utilization for node e5b213b0-be5f-4b25-a61b-2caec7e5d9b1 with capacity 48318382080B, used 38654705664B, and remaining 9663676416B is 0.8
2023-09-13 18:18:04,913 [main] DEBUG balancer.ContainerBalancerTask (ContainerBalancerTask.java:initializeIteration(398)) - Utilization for node 02bc5a57-3f7b-4080-8df1-1b1f3e118d1f with capacity 88967179702B, used 62277025792B, and remaining 26690153910B is 0.700000000006744
2023-09-13 18:18:04,913 [main] DEBUG balancer.ContainerBalancerTask (ContainerBalancerTask.java:initializeIteration(398)) - Utilization for node 7b8ab83c-1d21-4abb-826c-d4ddfa4ee7c5 with capacity 89478485333B, used 53687091200B, and remaining 35791394133B is 0.6000000000022352
2023-09-13 18:18:04,913 [main] DEBUG balancer.ContainerBalancerTask (ContainerBalancerTask.java:initializeIteration(398)) - Utilization for node b4b89c1a-0d21-4d0b-9cab-3c48bd96581d with capacity 75161927680B, used 37580963840B, and remaining 37580963840B is 0.5
2023-09-13 18:18:04,913 [main] DEBUG balancer.ContainerBalancerTask (ContainerBalancerTask.java:initializeIteration(398)) - Utilization for node 98bb5845-e602-4e3e-a367-d6a0089bcabb with capacity 96636764160B, used 38654705664B, and remaining 57982058496B is 0.4
2023-09-13 18:18:04,913 [main] DEBUG balancer.ContainerBalancerTask (ContainerBalancerTask.java:initializeIteration(398)) - Utilization for node 9993b6fb-ffa3-4b80-88b5-8eb0acf42969 with capacity 118111600640B, used 35433480192B, and remaining 82678120448B is 0.3
2023-09-13 18:18:04,913 [main] DEBUG balancer.ContainerBalancerTask (ContainerBalancerTask.java:initializeIteration(398)) - Utilization for node 33a2b1f0-86c3-48fa-8253-aa687652337a with capacity 171798691840B, used 34359738368B, and remaining 137438953472B is 0.2
2023-09-13 18:18:04,913 [main] DEBUG balancer.ContainerBalancerTask (ContainerBalancerTask.java:initializeIteration(398)) - Utilization for node 5610c331-1bdf-47ca-b548-4e2f5bb7723b with capacity 429496729600B, used 42949672960B, and remaining 386547056640B is 0.1
2023-09-13 18:18:04,914 [main] DEBUG balancer.ContainerBalancerTask (ContainerBalancerTask.java:initializeIteration(398)) - Utilization for node cf7dd2c4-ac07-4f32-b7a6-9129d534a5aa with capacity 28991029248B, used 0B, and remaining 28991029248B is 0.0
2023-09-13 18:18:04,914 [main] INFO  balancer.ContainerBalancerTask (ContainerBalancerTask.java:initializeIteration(447)) - Container Balancer has identified 5 Over-Utilized and 3 Under-Utilized Datanodes that need to be balanced.
2023-09-13 18:18:04,914 [main] DEBUG balancer.ContainerBalancerTask (ContainerBalancerTask.java:lambda$initializeIteration$1(453)) - Datanode localhost-108.143.189.206 ee171b35-2724-4868-b35f-db0a4d10637c is Over-Utilized.
2023-09-13 18:18:04,914 [main] DEBUG balancer.ContainerBalancerTask (ContainerBalancerTask.java:lambda$initializeIteration$1(453)) - Datanode localhost-1.135.40.40 e5b213b0-be5f-4b25-a61b-2caec7e5d9b1 is Over-Utilized.
2023-09-13 18:18:04,914 [main] DEBUG balancer.ContainerBalancerTask (ContainerBalancerTask.java:lambda$initializeIteration$1(453)) - Datanode localhost-195.84.121.62 02bc5a57-3f7b-4080-8df1-1b1f3e118d1f is Over-Utilized.
2023-09-13 18:18:04,914 [main] DEBUG balancer.ContainerBalancerTask (ContainerBalancerTask.java:lambda$initializeIteration$1(453)) - Datanode localhost-203.31.63.233 7b8ab83c-1d21-4abb-826c-d4ddfa4ee7c5 is Over-Utilized.
2023-09-13 18:18:04,914 [main] DEBUG balancer.ContainerBalancerTask (ContainerBalancerTask.java:lambda$initializeIteration$1(453)) - Datanode localhost-81.58.237.46 b4b89c1a-0d21-4d0b-9cab-3c48bd96581d is Over-Utilized.
2023-09-13 18:18:04,915 [main] DEBUG balancer.ContainerBalancerTask (ContainerBalancerTask.java:lambda$initializeIteration$2(459)) - Datanode localhost-15.132.92.63 cf7dd2c4-ac07-4f32-b7a6-9129d534a5aa is Under-Utilized.
2023-09-13 18:18:04,915 [main] DEBUG balancer.ContainerBalancerTask (ContainerBalancerTask.java:lambda$initializeIteration$2(459)) - Datanode localhost-123.211.5.179 5610c331-1bdf-47ca-b548-4e2f5bb7723b is Under-Utilized.
2023-09-13 18:18:04,915 [main] DEBUG balancer.ContainerBalancerTask (ContainerBalancerTask.java:lambda$initializeIteration$2(459)) - Datanode localhost-128.84.9.86 33a2b1f0-86c3-48fa-8253-aa687652337a is Under-Utilized.
2023-09-13 18:18:04,917 [main] DEBUG balancer.ContainerBalancerTask (ContainerBalancerTask.java:matchSourceWithTarget(708)) - ContainerBalancer is finding suitable target for source datanode ee171b35-2724-4868-b35f-db0a4d10637c
2023-09-13 18:18:04,917 [main] INFO  balancer.ContainerBalancerTask (ContainerBalancerTask.java:matchSourceWithTarget(722)) - ContainerBalancer matched source datanode ee171b35-2724-4868-b35f-db0a4d10637c with target datanode cf7dd2c4-ac07-4f32-b7a6-9129d534a5aa for container move.
2023-09-13 18:18:04,917 [main] INFO  balancer.ContainerBalancerTask (ContainerBalancerTask.java:processMoveSelection(569)) - ContainerBalancer is trying to move container #85 with size 5368709120B from source datanode ee171b35-2724-4868-b35f-db0a4d10637c to target datanode cf7dd2c4-ac07-4f32-b7a6-9129d534a5aa
2023-09-13 18:18:04,917 [main] DEBUG balancer.ContainerBalancerTask (ContainerBalancerTask.java:lambda$moveContainer$3(837)) - Container move completed for container #85 from source ee171b35-2724-4868-b35f-db0a4d10637c to target cf7dd2c4-ac07-4f32-b7a6-9129d534a5aa
2023-09-13 18:18:04,919 [main] DEBUG balancer.ContainerBalancerTask (ContainerBalancerTask.java:matchSourceWithTarget(708)) - ContainerBalancer is finding suitable target for source datanode e5b213b0-be5f-4b25-a61b-2caec7e5d9b1
2023-09-13 18:18:04,919 [main] INFO  balancer.ContainerBalancerTask (ContainerBalancerTask.java:matchSourceWithTarget(722)) - ContainerBalancer matched source datanode e5b213b0-be5f-4b25-a61b-2caec7e5d9b1 with target datanode 5610c331-1bdf-47ca-b548-4e2f5bb7723b for container move.
2023-09-13 18:18:04,919 [main] INFO  balancer.ContainerBalancerTask (ContainerBalancerTask.java:processMoveSelection(569)) - ContainerBalancer is trying to move container #68 with size 5368709120B from source datanode e5b213b0-be5f-4b25-a61b-2caec7e5d9b1 to target datanode 5610c331-1bdf-47ca-b548-4e2f5bb7723b
2023-09-13 18:18:04,920 [main] DEBUG balancer.ContainerBalancerTask (ContainerBalancerTask.java:lambda$moveContainer$3(837)) - Container move completed for container #68 from source e5b213b0-be5f-4b25-a61b-2caec7e5d9b1 to target 5610c331-1bdf-47ca-b548-4e2f5bb7723b
2023-09-13 18:18:04,922 [main] DEBUG balancer.ContainerBalancerTask (ContainerBalancerTask.java:matchSourceWithTarget(708)) - ContainerBalancer is finding suitable target for source datanode ee171b35-2724-4868-b35f-db0a4d10637c
2023-09-13 18:18:04,922 [main] INFO  balancer.ContainerBalancerTask (ContainerBalancerTask.java:matchSourceWithTarget(722)) - ContainerBalancer matched source datanode ee171b35-2724-4868-b35f-db0a4d10637c with target datanode 5610c331-1bdf-47ca-b548-4e2f5bb7723b for container move.
2023-09-13 18:18:04,922 [main] INFO  balancer.ContainerBalancerTask (ContainerBalancerTask.java:processMoveSelection(569)) - ContainerBalancer is trying to move container #89 with size 4294967296B from source datanode ee171b35-2724-4868-b35f-db0a4d10637c to target datanode 5610c331-1bdf-47ca-b548-4e2f5bb7723b
2023-09-13 18:18:04,922 [main] DEBUG balancer.ContainerBalancerTask (ContainerBalancerTask.java:lambda$moveContainer$3(837)) - Container move completed for container #89 from source ee171b35-2724-4868-b35f-db0a4d10637c to target 5610c331-1bdf-47ca-b548-4e2f5bb7723b
2023-09-13 18:18:04,924 [main] DEBUG balancer.ContainerBalancerTask (ContainerBalancerTask.java:matchSourceWithTarget(708)) - ContainerBalancer is finding suitable target for source datanode ee171b35-2724-4868-b35f-db0a4d10637c
2023-09-13 18:18:04,925 [main] INFO  balancer.ContainerBalancerTask (ContainerBalancerTask.java:matchSourceWithTarget(722)) - ContainerBalancer matched source datanode ee171b35-2724-4868-b35f-db0a4d10637c with target datanode 5610c331-1bdf-47ca-b548-4e2f5bb7723b for container move.
2023-09-13 18:18:04,925 [main] INFO  balancer.ContainerBalancerTask (ContainerBalancerTask.java:processMoveSelection(569)) - ContainerBalancer is trying to move container #88 with size 3221225472B from source datanode ee171b35-2724-4868-b35f-db0a4d10637c to target datanode 5610c331-1bdf-47ca-b548-4e2f5bb7723b
2023-09-13 18:18:04,925 [main] DEBUG balancer.ContainerBalancerTask (ContainerBalancerTask.java:lambda$moveContainer$3(837)) - Container move completed for container #88 from source ee171b35-2724-4868-b35f-db0a4d10637c to target 5610c331-1bdf-47ca-b548-4e2f5bb7723b
2023-09-13 18:18:04,928 [main] DEBUG balancer.ContainerBalancerTask (ContainerBalancerTask.java:matchSourceWithTarget(708)) - ContainerBalancer is finding suitable target for source datanode 02bc5a57-3f7b-4080-8df1-1b1f3e118d1f
2023-09-13 18:18:04,928 [main] INFO  balancer.ContainerBalancerTask (ContainerBalancerTask.java:matchSourceWithTarget(722)) - ContainerBalancer matched source datanode 02bc5a57-3f7b-4080-8df1-1b1f3e118d1f with target datanode 5610c331-1bdf-47ca-b548-4e2f5bb7723b for container move.
2023-09-13 18:18:04,928 [main] INFO  balancer.ContainerBalancerTask (ContainerBalancerTask.java:processMoveSelection(569)) - ContainerBalancer is trying to move container #40 with size 5368709120B from source datanode 02bc5a57-3f7b-4080-8df1-1b1f3e118d1f to target datanode 5610c331-1bdf-47ca-b548-4e2f5bb7723b
2023-09-13 18:18:04,928 [main] DEBUG balancer.ContainerBalancerTask (ContainerBalancerTask.java:lambda$moveContainer$3(837)) - Container move completed for container #40 from source 02bc5a57-3f7b-4080-8df1-1b1f3e118d1f to target 5610c331-1bdf-47ca-b548-4e2f5bb7723b
2023-09-13 18:18:04,931 [main] DEBUG balancer.ContainerBalancerTask (ContainerBalancerTask.java:matchSourceWithTarget(708)) - ContainerBalancer is finding suitable target for source datanode e5b213b0-be5f-4b25-a61b-2caec7e5d9b1
2023-09-13 18:18:04,931 [main] INFO  balancer.ContainerBalancerTask (ContainerBalancerTask.java:matchSourceWithTarget(722)) - ContainerBalancer matched source datanode e5b213b0-be5f-4b25-a61b-2caec7e5d9b1 with target datanode 5610c331-1bdf-47ca-b548-4e2f5bb7723b for container move.
2023-09-13 18:18:04,931 [main] INFO  balancer.ContainerBalancerTask (ContainerBalancerTask.java:processMoveSelection(569)) - ContainerBalancer is trying to move container #67 with size 4294967296B from source datanode e5b213b0-be5f-4b25-a61b-2caec7e5d9b1 to target datanode 5610c331-1bdf-47ca-b548-4e2f5bb7723b
2023-09-13 18:18:04,931 [main] DEBUG balancer.ContainerBalancerTask (ContainerBalancerTask.java:lambda$moveContainer$3(837)) - Container move completed for container #67 from source e5b213b0-be5f-4b25-a61b-2caec7e5d9b1 to target 5610c331-1bdf-47ca-b548-4e2f5bb7723b
2023-09-13 18:18:04,933 [main] DEBUG balancer.ContainerBalancerTask (ContainerBalancerTask.java:matchSourceWithTarget(708)) - ContainerBalancer is finding suitable target for source datanode ee171b35-2724-4868-b35f-db0a4d10637c
2023-09-13 18:18:04,934 [main] INFO  balancer.ContainerBalancerTask (ContainerBalancerTask.java:matchSourceWithTarget(722)) - ContainerBalancer matched source datanode ee171b35-2724-4868-b35f-db0a4d10637c with target datanode 5610c331-1bdf-47ca-b548-4e2f5bb7723b for container move.
2023-09-13 18:18:04,934 [main] INFO  balancer.ContainerBalancerTask (ContainerBalancerTask.java:processMoveSelection(569)) - ContainerBalancer is trying to move container #83 with size 3221225472B from source datanode ee171b35-2724-4868-b35f-db0a4d10637c to target datanode 5610c331-1bdf-47ca-b548-4e2f5bb7723b
2023-09-13 18:18:04,934 [main] DEBUG balancer.ContainerBalancerTask (ContainerBalancerTask.java:lambda$moveContainer$3(837)) - Container move completed for container #83 from source ee171b35-2724-4868-b35f-db0a4d10637c to target 5610c331-1bdf-47ca-b548-4e2f5bb7723b
2023-09-13 18:18:04,937 [main] DEBUG balancer.ContainerBalancerTask (ContainerBalancerTask.java:matchSourceWithTarget(708)) - ContainerBalancer is finding suitable target for source datanode 02bc5a57-3f7b-4080-8df1-1b1f3e118d1f
2023-09-13 18:18:04,937 [main] INFO  balancer.ContainerBalancerTask (ContainerBalancerTask.java:matchSourceWithTarget(722)) - ContainerBalancer matched source datanode 02bc5a57-3f7b-4080-8df1-1b1f3e118d1f with target datanode 5610c331-1bdf-47ca-b548-4e2f5bb7723b for container move.
2023-09-13 18:18:04,937 [main] INFO  balancer.ContainerBalancerTask (ContainerBalancerTask.java:processMoveSelection(569)) - ContainerBalancer is trying to move container #29 with size 5368709120B from source datanode 02bc5a57-3f7b-4080-8df1-1b1f3e118d1f to target datanode 5610c331-1bdf-47ca-b548-4e2f5bb7723b
2023-09-13 18:18:04,937 [main] DEBUG balancer.ContainerBalancerTask (ContainerBalancerTask.java:lambda$moveContainer$3(837)) - Container move completed for container #29 from source 02bc5a57-3f7b-4080-8df1-1b1f3e118d1f to target 5610c331-1bdf-47ca-b548-4e2f5bb7723b
2023-09-13 18:18:04,940 [main] DEBUG balancer.ContainerBalancerTask (ContainerBalancerTask.java:matchSourceWithTarget(708)) - ContainerBalancer is finding suitable target for source datanode 7b8ab83c-1d21-4abb-826c-d4ddfa4ee7c5
2023-09-13 18:18:04,940 [main] INFO  balancer.ContainerBalancerTask (ContainerBalancerTask.java:matchSourceWithTarget(722)) - ContainerBalancer matched source datanode 7b8ab83c-1d21-4abb-826c-d4ddfa4ee7c5 with target datanode 5610c331-1bdf-47ca-b548-4e2f5bb7723b for container move.
2023-09-13 18:18:04,940 [main] INFO  balancer.ContainerBalancerTask (ContainerBalancerTask.java:processMoveSelection(569)) - ContainerBalancer is trying to move container #39 with size 4294967296B from source datanode 7b8ab83c-1d21-4abb-826c-d4ddfa4ee7c5 to target datanode 5610c331-1bdf-47ca-b548-4e2f5bb7723b
2023-09-13 18:18:04,940 [main] DEBUG balancer.ContainerBalancerTask (ContainerBalancerTask.java:lambda$moveContainer$3(837)) - Container move completed for container #39 from source 7b8ab83c-1d21-4abb-826c-d4ddfa4ee7c5 to target 5610c331-1bdf-47ca-b548-4e2f5bb7723b
2023-09-13 18:18:04,943 [main] DEBUG balancer.ContainerBalancerTask (ContainerBalancerTask.java:matchSourceWithTarget(708)) - ContainerBalancer is finding suitable target for source datanode e5b213b0-be5f-4b25-a61b-2caec7e5d9b1
2023-09-13 18:18:04,943 [main] INFO  balancer.ContainerBalancerTask (ContainerBalancerTask.java:matchSourceWithTarget(722)) - ContainerBalancer matched source datanode e5b213b0-be5f-4b25-a61b-2caec7e5d9b1 with target datanode 5610c331-1bdf-47ca-b548-4e2f5bb7723b for container move.
2023-09-13 18:18:04,943 [main] INFO  balancer.ContainerBalancerTask (ContainerBalancerTask.java:processMoveSelection(569)) - ContainerBalancer is trying to move container #66 with size 3221225472B from source datanode e5b213b0-be5f-4b25-a61b-2caec7e5d9b1 to target datanode 5610c331-1bdf-47ca-b548-4e2f5bb7723b
2023-09-13 18:18:04,943 [main] DEBUG balancer.ContainerBalancerTask (ContainerBalancerTask.java:lambda$moveContainer$3(837)) - Container move completed for container #66 from source e5b213b0-be5f-4b25-a61b-2caec7e5d9b1 to target 5610c331-1bdf-47ca-b548-4e2f5bb7723b
2023-09-13 18:18:04,947 [main] DEBUG balancer.ContainerBalancerTask (ContainerBalancerTask.java:matchSourceWithTarget(708)) - ContainerBalancer is finding suitable target for source datanode 02bc5a57-3f7b-4080-8df1-1b1f3e118d1f
2023-09-13 18:18:04,947 [main] INFO  balancer.ContainerBalancerTask (ContainerBalancerTask.java:matchSourceWithTarget(722)) - ContainerBalancer matched source datanode 02bc5a57-3f7b-4080-8df1-1b1f3e118d1f with target datanode cf7dd2c4-ac07-4f32-b7a6-9129d534a5aa for container move.
2023-09-13 18:18:04,947 [main] INFO  balancer.ContainerBalancerTask (ContainerBalancerTask.java:processMoveSelection(569)) - ContainerBalancer is trying to move container #53 with size 5368709120B from source datanode 02bc5a57-3f7b-4080-8df1-1b1f3e118d1f to target datanode cf7dd2c4-ac07-4f32-b7a6-9129d534a5aa
2023-09-13 18:18:04,947 [main] DEBUG balancer.ContainerBalancerTask (ContainerBalancerTask.java:lambda$moveContainer$3(837)) - Container move completed for container #53 from source 02bc5a57-3f7b-4080-8df1-1b1f3e118d1f to target cf7dd2c4-ac07-4f32-b7a6-9129d534a5aa
2023-09-13 18:18:04,949 [main] DEBUG balancer.ContainerBalancerTask (ContainerBalancerTask.java:matchSourceWithTarget(708)) - ContainerBalancer is finding suitable target for source datanode ee171b35-2724-4868-b35f-db0a4d10637c
2023-09-13 18:18:04,950 [main] INFO  balancer.ContainerBalancerTask (ContainerBalancerTask.java:matchSourceWithTarget(722)) - ContainerBalancer matched source datanode ee171b35-2724-4868-b35f-db0a4d10637c with target datanode 5610c331-1bdf-47ca-b548-4e2f5bb7723b for container move.
2023-09-13 18:18:04,950 [main] INFO  balancer.ContainerBalancerTask (ContainerBalancerTask.java:processMoveSelection(569)) - ContainerBalancer is trying to move container #87 with size 2147483648B from source datanode ee171b35-2724-4868-b35f-db0a4d10637c to target datanode 5610c331-1bdf-47ca-b548-4e2f5bb7723b
2023-09-13 18:18:04,950 [main] DEBUG balancer.ContainerBalancerTask (ContainerBalancerTask.java:lambda$moveContainer$3(837)) - Container move completed for container #87 from source ee171b35-2724-4868-b35f-db0a4d10637c to target 5610c331-1bdf-47ca-b548-4e2f5bb7723b
2023-09-13 18:18:04,953 [main] DEBUG balancer.ContainerBalancerTask (ContainerBalancerTask.java:matchSourceWithTarget(708)) - ContainerBalancer is finding suitable target for source datanode 7b8ab83c-1d21-4abb-826c-d4ddfa4ee7c5
2023-09-13 18:18:04,953 [main] INFO  balancer.ContainerBalancerTask (ContainerBalancerTask.java:matchSourceWithTarget(722)) - ContainerBalancer matched source datanode 7b8ab83c-1d21-4abb-826c-d4ddfa4ee7c5 with target datanode 5610c331-1bdf-47ca-b548-4e2f5bb7723b for container move.
2023-09-13 18:18:04,953 [main] INFO  balancer.ContainerBalancerTask (ContainerBalancerTask.java:processMoveSelection(569)) - ContainerBalancer is trying to move container #37 with size 2147483648B from source datanode 7b8ab83c-1d21-4abb-826c-d4ddfa4ee7c5 to target datanode 5610c331-1bdf-47ca-b548-4e2f5bb7723b
2023-09-13 18:18:04,953 [main] DEBUG balancer.ContainerBalancerTask (ContainerBalancerTask.java:lambda$moveContainer$3(837)) - Container move completed for container #37 from source 7b8ab83c-1d21-4abb-826c-d4ddfa4ee7c5 to target 5610c331-1bdf-47ca-b548-4e2f5bb7723b
2023-09-13 18:18:04,953 [main] WARN  balancer.ContainerBalancerTask (ContainerBalancerTask.java:reachedMaxSizeToMovePerIteration(733)) - Reached max size to move limit. 53687091200 bytes have already been scheduled for balancing and the limit is 53687091200 bytes.
2023-09-13 18:18:04,953 [main] INFO  balancer.ContainerBalancerTask (ContainerBalancerTask.java:checkIterationMoveResults(642)) - Iteration Summary. Number of Datanodes involved: 6. Size moved: 50 GB (53687091200 Bytes). Number of Container moves completed: 13.
2023-09-13 18:18:04,953 [main] INFO  balancer.ContainerBalancerTask (ContainerBalancerTask.java:balance(259)) - Result of this iteration of Container Balancer: ITERATION_COMPLETED
2023-09-13 18:18:04,954 [main] INFO  balancer.ContainerBalancerTask (ContainerBalancerTask.java:tryStopWithSaveConfiguration(308)) - Save Configuration for stopping. Reason: Completed all iterations.
2023-09-13 18:18:04,954 [main] DEBUG balancer.ContainerBalancerTask (ContainerBalancerTask.java:initializeIteration(374)) - Average utilization of the cluster is 0.32470527934442994
2023-09-13 18:18:04,955 [main] DEBUG balancer.ContainerBalancerTask (ContainerBalancerTask.java:initializeIteration(386)) - Lower limit for utilization is -0.26151032635201144 and Upper limit for utilization is 0.9109208850408713
2023-09-13 18:18:04,955 [main] DEBUG balancer.ContainerBalancerTask (ContainerBalancerTask.java:initializeIteration(398)) - Utilization for node ee171b35-2724-4868-b35f-db0a4d10637c with capacity 50107951786B, used 45097156608B, and remaining 5010795178B is 0.9000000000119741
2023-09-13 18:18:04,955 [main] DEBUG balancer.ContainerBalancerTask (ContainerBalancerTask.java:initializeIteration(398)) - Utilization for node e5b213b0-be5f-4b25-a61b-2caec7e5d9b1 with capacity 48318382080B, used 38654705664B, and remaining 9663676416B is 0.8
2023-09-13 18:18:04,955 [main] DEBUG balancer.ContainerBalancerTask (ContainerBalancerTask.java:initializeIteration(398)) - Utilization for node 02bc5a57-3f7b-4080-8df1-1b1f3e118d1f with capacity 88967179702B, used 62277025792B, and remaining 26690153910B is 0.700000000006744
2023-09-13 18:18:04,955 [main] DEBUG balancer.ContainerBalancerTask (ContainerBalancerTask.java:initializeIteration(398)) - Utilization for node 7b8ab83c-1d21-4abb-826c-d4ddfa4ee7c5 with capacity 89478485333B, used 53687091200B, and remaining 35791394133B is 0.6000000000022352
2023-09-13 18:18:04,955 [main] DEBUG balancer.ContainerBalancerTask (ContainerBalancerTask.java:initializeIteration(398)) - Utilization for node b4b89c1a-0d21-4d0b-9cab-3c48bd96581d with capacity 75161927680B, used 37580963840B, and remaining 37580963840B is 0.5
2023-09-13 18:18:04,955 [main] DEBUG balancer.ContainerBalancerTask (ContainerBalancerTask.java:initializeIteration(398)) - Utilization for node 98bb5845-e602-4e3e-a367-d6a0089bcabb with capacity 96636764160B, used 38654705664B, and remaining 57982058496B is 0.4
2023-09-13 18:18:04,955 [main] DEBUG balancer.ContainerBalancerTask (ContainerBalancerTask.java:initializeIteration(398)) - Utilization for node 9993b6fb-ffa3-4b80-88b5-8eb0acf42969 with capacity 118111600640B, used 35433480192B, and remaining 82678120448B is 0.3
2023-09-13 18:18:04,955 [main] DEBUG balancer.ContainerBalancerTask (ContainerBalancerTask.java:initializeIteration(398)) - Utilization for node 33a2b1f0-86c3-48fa-8253-aa687652337a with capacity 171798691840B, used 34359738368B, and remaining 137438953472B is 0.2
2023-09-13 18:18:04,955 [main] DEBUG balancer.ContainerBalancerTask (ContainerBalancerTask.java:initializeIteration(398)) - Utilization for node 5610c331-1bdf-47ca-b548-4e2f5bb7723b with capacity 429496729600B, used 42949672960B, and remaining 386547056640B is 0.1
2023-09-13 18:18:04,955 [main] DEBUG balancer.ContainerBalancerTask (ContainerBalancerTask.java:initializeIteration(398)) - Utilization for node cf7dd2c4-ac07-4f32-b7a6-9129d534a5aa with capacity 28991029248B, used 0B, and remaining 28991029248B is 0.0
2023-09-13 18:18:04,956 [main] INFO  balancer.ContainerBalancerTask (ContainerBalancerTask.java:initializeIteration(443)) - Did not find any unbalanced Datanodes.
2023-09-13 18:18:04,956 [main] INFO  balancer.ContainerBalancerTask (ContainerBalancerTask.java:tryStopWithSaveConfiguration(308)) - Save Configuration for stopping. Reason: Could not initialize ContainerBalancer's iteration number 0
2023-09-13 18:18:04,956 [main] DEBUG balancer.ContainerBalancerTask (ContainerBalancerTask.java:initializeIteration(374)) - Average utilization of the cluster is 0.32470527934442994
2023-09-13 18:18:04,956 [main] DEBUG balancer.ContainerBalancerTask (ContainerBalancerTask.java:initializeIteration(386)) - Lower limit for utilization is -0.2925629760779127 and Upper limit for utilization is 0.9419735347667726
2023-09-13 18:18:04,958 [main] DEBUG balancer.ContainerBalancerTask (ContainerBalancerTask.java:initializeIteration(398)) - Utilization for node ee171b35-2724-4868-b35f-db0a4d10637c with capacity 50107951786B, used 45097156608B, and remaining 5010795178B is 0.9000000000119741
2023-09-13 18:18:04,959 [main] DEBUG balancer.ContainerBalancerTask (ContainerBalancerTask.java:initializeIteration(398)) - Utilization for node e5b213b0-be5f-4b25-a61b-2caec7e5d9b1 with capacity 48318382080B, used 38654705664B, and remaining 9663676416B is 0.8
2023-09-13 18:18:04,959 [main] DEBUG balancer.ContainerBalancerTask (ContainerBalancerTask.java:initializeIteration(398)) - Utilization for node 02bc5a57-3f7b-4080-8df1-1b1f3e118d1f with capacity 88967179702B, used 62277025792B, and remaining 26690153910B is 0.700000000006744
2023-09-13 18:18:04,959 [main] DEBUG balancer.ContainerBalancerTask (ContainerBalancerTask.java:initializeIteration(398)) - Utilization for node 7b8ab83c-1d21-4abb-826c-d4ddfa4ee7c5 with capacity 89478485333B, used 53687091200B, and remaining 35791394133B is 0.6000000000022352
2023-09-13 18:18:04,959 [main] DEBUG balancer.ContainerBalancerTask (ContainerBalancerTask.java:initializeIteration(398)) - Utilization for node b4b89c1a-0d21-4d0b-9cab-3c48bd96581d with capacity 75161927680B, used 37580963840B, and remaining 37580963840B is 0.5
2023-09-13 18:18:04,959 [main] DEBUG balancer.ContainerBalancerTask (ContainerBalancerTask.java:initializeIteration(398)) - Utilization for node 98bb5845-e602-4e3e-a367-d6a0089bcabb with capacity 96636764160B, used 38654705664B, and remaining 57982058496B is 0.4
2023-09-13 18:18:04,959 [main] DEBUG balancer.ContainerBalancerTask (ContainerBalancerTask.java:initializeIteration(398)) - Utilization for node 9993b6fb-ffa3-4b80-88b5-8eb0acf42969 with capacity 118111600640B, used 35433480192B, and remaining 82678120448B is 0.3
2023-09-13 18:18:04,959 [main] DEBUG balancer.ContainerBalancerTask (ContainerBalancerTask.java:initializeIteration(398)) - Utilization for node 33a2b1f0-86c3-48fa-8253-aa687652337a with capacity 171798691840B, used 34359738368B, and remaining 137438953472B is 0.2
2023-09-13 18:18:04,959 [main] DEBUG balancer.ContainerBalancerTask (ContainerBalancerTask.java:initializeIteration(398)) - Utilization for node 5610c331-1bdf-47ca-b548-4e2f5bb7723b with capacity 429496729600B, used 42949672960B, and remaining 386547056640B is 0.1
2023-09-13 18:18:04,959 [main] DEBUG balancer.ContainerBalancerTask (ContainerBalancerTask.java:initializeIteration(398)) - Utilization for node cf7dd2c4-ac07-4f32-b7a6-9129d534a5aa with capacity 28991029248B, used 0B, and remaining 28991029248B is 0.0
2023-09-13 18:18:04,959 [main] INFO  balancer.ContainerBalancerTask (ContainerBalancerTask.java:initializeIteration(443)) - Did not find any unbalanced Datanodes.
2023-09-13 18:18:04,959 [main] INFO  balancer.ContainerBalancerTask (ContainerBalancerTask.java:tryStopWithSaveConfiguration(308)) - Save Configuration for stopping. Reason: Could not initialize ContainerBalancer's iteration number 0
2023-09-13 18:18:04,960 [main] DEBUG balancer.ContainerBalancerTask (ContainerBalancerTask.java:initializeIteration(374)) - Average utilization of the cluster is 0.32470527934442994
2023-09-13 18:18:04,960 [main] DEBUG balancer.ContainerBalancerTask (ContainerBalancerTask.java:initializeIteration(386)) - Lower limit for utilization is -0.3264215113173995 and Upper limit for utilization is 0.9758320700062594
2023-09-13 18:18:04,960 [main] DEBUG balancer.ContainerBalancerTask (ContainerBalancerTask.java:initializeIteration(398)) - Utilization for node ee171b35-2724-4868-b35f-db0a4d10637c with capacity 50107951786B, used 45097156608B, and remaining 5010795178B is 0.9000000000119741
2023-09-13 18:18:04,960 [main] DEBUG balancer.ContainerBalancerTask (ContainerBalancerTask.java:initializeIteration(398)) - Utilization for node e5b213b0-be5f-4b25-a61b-2caec7e5d9b1 with capacity 48318382080B, used 38654705664B, and remaining 9663676416B is 0.8
2023-09-13 18:18:04,960 [main] DEBUG balancer.ContainerBalancerTask (ContainerBalancerTask.java:initializeIteration(398)) - Utilization for node 02bc5a57-3f7b-4080-8df1-1b1f3e118d1f with capacity 88967179702B, used 62277025792B, and remaining 26690153910B is 0.700000000006744
2023-09-13 18:18:04,960 [main] DEBUG balancer.ContainerBalancerTask (ContainerBalancerTask.java:initializeIteration(398)) - Utilization for node 7b8ab83c-1d21-4abb-826c-d4ddfa4ee7c5 with capacity 89478485333B, used 53687091200B, and remaining 35791394133B is 0.6000000000022352
2023-09-13 18:18:04,961 [main] DEBUG balancer.ContainerBalancerTask (ContainerBalancerTask.java:initializeIteration(398)) - Utilization for node b4b89c1a-0d21-4d0b-9cab-3c48bd96581d with capacity 75161927680B, used 37580963840B, and remaining 37580963840B is 0.5
2023-09-13 18:18:04,961 [main] DEBUG balancer.ContainerBalancerTask (ContainerBalancerTask.java:initializeIteration(398)) - Utilization for node 98bb5845-e602-4e3e-a367-d6a0089bcabb with capacity 96636764160B, used 38654705664B, and remaining 57982058496B is 0.4
2023-09-13 18:18:04,961 [main] DEBUG balancer.ContainerBalancerTask (ContainerBalancerTask.java:initializeIteration(398)) - Utilization for node 9993b6fb-ffa3-4b80-88b5-8eb0acf42969 with capacity 118111600640B, used 35433480192B, and remaining 82678120448B is 0.3
2023-09-13 18:18:04,961 [main] DEBUG balancer.ContainerBalancerTask (ContainerBalancerTask.java:initializeIteration(398)) - Utilization for node 33a2b1f0-86c3-48fa-8253-aa687652337a with capacity 171798691840B, used 34359738368B, and remaining 137438953472B is 0.2
2023-09-13 18:18:04,961 [main] DEBUG balancer.ContainerBalancerTask (ContainerBalancerTask.java:initializeIteration(398)) - Utilization for node 5610c331-1bdf-47ca-b548-4e2f5bb7723b with capacity 429496729600B, used 42949672960B, and remaining 386547056640B is 0.1
2023-09-13 18:18:04,961 [main] DEBUG balancer.ContainerBalancerTask (ContainerBalancerTask.java:initializeIteration(398)) - Utilization for node cf7dd2c4-ac07-4f32-b7a6-9129d534a5aa with capacity 28991029248B, used 0B, and remaining 28991029248B is 0.0
2023-09-13 18:18:04,961 [main] INFO  balancer.ContainerBalancerTask (ContainerBalancerTask.java:initializeIteration(443)) - Did not find any unbalanced Datanodes.
2023-09-13 18:18:04,961 [main] INFO  balancer.ContainerBalancerTask (ContainerBalancerTask.java:tryStopWithSaveConfiguration(308)) - Save Configuration for stopping. Reason: Could not initialize ContainerBalancer's iteration number 0
2023-09-13 18:18:04,962 [main] DEBUG balancer.ContainerBalancerTask (ContainerBalancerTask.java:initializeIteration(374)) - Average utilization of the cluster is 0.32470527934442994
2023-09-13 18:18:04,962 [main] DEBUG balancer.ContainerBalancerTask (ContainerBalancerTask.java:initializeIteration(386)) - Lower limit for utilization is -0.23861017765626769 and Upper limit for utilization is 0.8880207363451276
2023-09-13 18:18:04,962 [main] DEBUG balancer.ContainerBalancerTask (ContainerBalancerTask.java:initializeIteration(398)) - Utilization for node ee171b35-2724-4868-b35f-db0a4d10637c with capacity 50107951786B, used 45097156608B, and remaining 5010795178B is 0.9000000000119741
2023-09-13 18:18:04,962 [main] DEBUG balancer.ContainerBalancerTask (ContainerBalancerTask.java:initializeIteration(398)) - Utilization for node e5b213b0-be5f-4b25-a61b-2caec7e5d9b1 with capacity 48318382080B, used 38654705664B, and remaining 9663676416B is 0.8
2023-09-13 18:18:04,962 [main] DEBUG balancer.ContainerBalancerTask (ContainerBalancerTask.java:initializeIteration(398)) - Utilization for node 02bc5a57-3f7b-4080-8df1-1b1f3e118d1f with capacity 88967179702B, used 62277025792B, and remaining 26690153910B is 0.700000000006744
2023-09-13 18:18:04,962 [main] DEBUG balancer.ContainerBalancerTask (ContainerBalancerTask.java:initializeIteration(398)) - Utilization for node 7b8ab83c-1d21-4abb-826c-d4ddfa4ee7c5 with capacity 89478485333B, used 53687091200B, and remaining 35791394133B is 0.6000000000022352
2023-09-13 18:18:04,962 [main] DEBUG balancer.ContainerBalancerTask (ContainerBalancerTask.java:initializeIteration(398)) - Utilization for node b4b89c1a-0d21-4d0b-9cab-3c48bd96581d with capacity 75161927680B, used 37580963840B, and remaining 37580963840B is 0.5
2023-09-13 18:18:04,962 [main] DEBUG balancer.ContainerBalancerTask (ContainerBalancerTask.java:initializeIteration(398)) - Utilization for node 98bb5845-e602-4e3e-a367-d6a0089bcabb with capacity 96636764160B, used 38654705664B, and remaining 57982058496B is 0.4
2023-09-13 18:18:04,962 [main] DEBUG balancer.ContainerBalancerTask (ContainerBalancerTask.java:initializeIteration(398)) - Utilization for node 9993b6fb-ffa3-4b80-88b5-8eb0acf42969 with capacity 118111600640B, used 35433480192B, and remaining 82678120448B is 0.3
2023-09-13 18:18:04,962 [main] DEBUG balancer.ContainerBalancerTask (ContainerBalancerTask.java:initializeIteration(398)) - Utilization for node 33a2b1f0-86c3-48fa-8253-aa687652337a with capacity 171798691840B, used 34359738368B, and remaining 137438953472B is 0.2
2023-09-13 18:18:04,963 [main] DEBUG balancer.ContainerBalancerTask (ContainerBalancerTask.java:initializeIteration(398)) - Utilization for node 5610c331-1bdf-47ca-b548-4e2f5bb7723b with capacity 429496729600B, used 42949672960B, and remaining 386547056640B is 0.1
2023-09-13 18:18:04,963 [main] DEBUG balancer.ContainerBalancerTask (ContainerBalancerTask.java:initializeIteration(398)) - Utilization for node cf7dd2c4-ac07-4f32-b7a6-9129d534a5aa with capacity 28991029248B, used 0B, and remaining 28991029248B is 0.0
2023-09-13 18:18:04,963 [main] INFO  balancer.ContainerBalancerTask (ContainerBalancerTask.java:initializeIteration(447)) - Container Balancer has identified 1 Over-Utilized and 0 Under-Utilized Datanodes that need to be balanced.
2023-09-13 18:18:04,963 [main] DEBUG balancer.ContainerBalancerTask (ContainerBalancerTask.java:lambda$initializeIteration$1(453)) - Datanode localhost-108.143.189.206 ee171b35-2724-4868-b35f-db0a4d10637c is Over-Utilized.
2023-09-13 18:18:04,965 [main] DEBUG balancer.ContainerBalancerTask (ContainerBalancerTask.java:matchSourceWithTarget(708)) - ContainerBalancer is finding suitable target for source datanode ee171b35-2724-4868-b35f-db0a4d10637c
2023-09-13 18:18:04,965 [main] INFO  balancer.FindTargetGreedyByUsageInfo (AbstractFindTargetGreedy.java:findTargetForContainerMove(133)) - Container Balancer could not find a target for source datanode ee171b35-2724-4868-b35f-db0a4d10637c
2023-09-13 18:18:04,965 [main] DEBUG balancer.ContainerBalancerTask (ContainerBalancerTask.java:matchSourceWithTarget(717)) - ContainerBalancer could not find a suitable target for source node ee171b35-2724-4868-b35f-db0a4d10637c.
2023-09-13 18:18:04,965 [main] INFO  balancer.FindSourceGreedy (FindSourceGreedy.java:getNextCandidateSourceDataNode(126)) - no more candidate source data node
2023-09-13 18:18:04,965 [main] INFO  balancer.ContainerBalancerTask (ContainerBalancerTask.java:balance(259)) - Result of this iteration of Container Balancer: CAN_NOT_BALANCE_ANY_MORE
2023-09-13 18:18:04,965 [main] INFO  balancer.ContainerBalancerTask (ContainerBalancerTask.java:tryStopWithSaveConfiguration(308)) - Save Configuration for stopping. Reason: CAN_NOT_BALANCE_ANY_MORE
2023-09-13 18:18:04,966 [main] DEBUG balancer.ContainerBalancerTask (ContainerBalancerTask.java:initializeIteration(374)) - Average utilization of the cluster is 0.32470527934442994
2023-09-13 18:18:04,966 [main] DEBUG balancer.ContainerBalancerTask (ContainerBalancerTask.java:initializeIteration(386)) - Lower limit for utilization is -0.25654379846488284 and Upper limit for utilization is 0.9059543571537427
2023-09-13 18:18:04,966 [main] DEBUG balancer.ContainerBalancerTask (ContainerBalancerTask.java:initializeIteration(398)) - Utilization for node ee171b35-2724-4868-b35f-db0a4d10637c with capacity 50107951786B, used 45097156608B, and remaining 5010795178B is 0.9000000000119741
2023-09-13 18:18:04,966 [main] DEBUG balancer.ContainerBalancerTask (ContainerBalancerTask.java:initializeIteration(398)) - Utilization for node e5b213b0-be5f-4b25-a61b-2caec7e5d9b1 with capacity 48318382080B, used 38654705664B, and remaining 9663676416B is 0.8
2023-09-13 18:18:04,966 [main] DEBUG balancer.ContainerBalancerTask (ContainerBalancerTask.java:initializeIteration(398)) - Utilization for node 02bc5a57-3f7b-4080-8df1-1b1f3e118d1f with capacity 88967179702B, used 62277025792B, and remaining 26690153910B is 0.700000000006744
2023-09-13 18:18:04,966 [main] DEBUG balancer.ContainerBalancerTask (ContainerBalancerTask.java:initializeIteration(398)) - Utilization for node 7b8ab83c-1d21-4abb-826c-d4ddfa4ee7c5 with capacity 89478485333B, used 53687091200B, and remaining 35791394133B is 0.6000000000022352
2023-09-13 18:18:04,967 [main] DEBUG balancer.ContainerBalancerTask (ContainerBalancerTask.java:initializeIteration(398)) - Utilization for node b4b89c1a-0d21-4d0b-9cab-3c48bd96581d with capacity 75161927680B, used 37580963840B, and remaining 37580963840B is 0.5
2023-09-13 18:18:04,967 [main] DEBUG balancer.ContainerBalancerTask (ContainerBalancerTask.java:initializeIteration(398)) - Utilization for node 98bb5845-e602-4e3e-a367-d6a0089bcabb with capacity 96636764160B, used 38654705664B, and remaining 57982058496B is 0.4
2023-09-13 18:18:04,967 [main] DEBUG balancer.ContainerBalancerTask (ContainerBalancerTask.java:initializeIteration(398)) - Utilization for node 9993b6fb-ffa3-4b80-88b5-8eb0acf42969 with capacity 118111600640B, used 35433480192B, and remaining 82678120448B is 0.3
2023-09-13 18:18:04,967 [main] DEBUG balancer.ContainerBalancerTask (ContainerBalancerTask.java:initializeIteration(398)) - Utilization for node 33a2b1f0-86c3-48fa-8253-aa687652337a with capacity 171798691840B, used 34359738368B, and remaining 137438953472B is 0.2
2023-09-13 18:18:04,967 [main] DEBUG balancer.ContainerBalancerTask (ContainerBalancerTask.java:initializeIteration(398)) - Utilization for node 5610c331-1bdf-47ca-b548-4e2f5bb7723b with capacity 429496729600B, used 42949672960B, and remaining 386547056640B is 0.1
2023-09-13 18:18:04,967 [main] DEBUG balancer.ContainerBalancerTask (ContainerBalancerTask.java:initializeIteration(398)) - Utilization for node cf7dd2c4-ac07-4f32-b7a6-9129d534a5aa with capacity 28991029248B, used 0B, and remaining 28991029248B is 0.0
2023-09-13 18:18:04,967 [main] INFO  balancer.ContainerBalancerTask (ContainerBalancerTask.java:initializeIteration(443)) - Did not find any unbalanced Datanodes.
2023-09-13 18:18:04,967 [main] INFO  balancer.ContainerBalancerTask (ContainerBalancerTask.java:tryStopWithSaveConfiguration(308)) - Save Configuration for stopping. Reason: Could not initialize ContainerBalancer's iteration number 0
2023-09-13 18:18:04,968 [main] DEBUG balancer.ContainerBalancerTask (ContainerBalancerTask.java:initializeIteration(374)) - Average utilization of the cluster is 0.32470527934442994
2023-09-13 18:18:04,968 [main] DEBUG balancer.ContainerBalancerTask (ContainerBalancerTask.java:initializeIteration(386)) - Lower limit for utilization is -0.6335270139548749 and Upper limit for utilization is 1.2829375726437346
2023-09-13 18:18:04,968 [main] DEBUG balancer.ContainerBalancerTask (ContainerBalancerTask.java:initializeIteration(398)) - Utilization for node ee171b35-2724-4868-b35f-db0a4d10637c with capacity 50107951786B, used 45097156608B, and remaining 5010795178B is 0.9000000000119741
2023-09-13 18:18:04,968 [main] DEBUG balancer.ContainerBalancerTask (ContainerBalancerTask.java:initializeIteration(398)) - Utilization for node e5b213b0-be5f-4b25-a61b-2caec7e5d9b1 with capacity 48318382080B, used 38654705664B, and remaining 9663676416B is 0.8
2023-09-13 18:18:04,968 [main] DEBUG balancer.ContainerBalancerTask (ContainerBalancerTask.java:initializeIteration(398)) - Utilization for node 02bc5a57-3f7b-4080-8df1-1b1f3e118d1f with capacity 88967179702B, used 62277025792B, and remaining 26690153910B is 0.700000000006744
2023-09-13 18:18:04,968 [main] DEBUG balancer.ContainerBalancerTask (ContainerBalancerTask.java:initializeIteration(398)) - Utilization for node 7b8ab83c-1d21-4abb-826c-d4ddfa4ee7c5 with capacity 89478485333B, used 53687091200B, and remaining 35791394133B is 0.6000000000022352
2023-09-13 18:18:04,968 [main] DEBUG balancer.ContainerBalancerTask (ContainerBalancerTask.java:initializeIteration(398)) - Utilization for node b4b89c1a-0d21-4d0b-9cab-3c48bd96581d with capacity 75161927680B, used 37580963840B, and remaining 37580963840B is 0.5
2023-09-13 18:18:04,968 [main] DEBUG balancer.ContainerBalancerTask (ContainerBalancerTask.java:initializeIteration(398)) - Utilization for node 98bb5845-e602-4e3e-a367-d6a0089bcabb with capacity 96636764160B, used 38654705664B, and remaining 57982058496B is 0.4
2023-09-13 18:18:04,968 [main] DEBUG balancer.ContainerBalancerTask (ContainerBalancerTask.java:initializeIteration(398)) - Utilization for node 9993b6fb-ffa3-4b80-88b5-8eb0acf42969 with capacity 118111600640B, used 35433480192B, and remaining 82678120448B is 0.3
2023-09-13 18:18:04,969 [main] DEBUG balancer.ContainerBalancerTask (ContainerBalancerTask.java:initializeIteration(398)) - Utilization for node 33a2b1f0-86c3-48fa-8253-aa687652337a with capacity 171798691840B, used 34359738368B, and remaining 137438953472B is 0.2
2023-09-13 18:18:04,969 [main] DEBUG balancer.ContainerBalancerTask (ContainerBalancerTask.java:initializeIteration(398)) - Utilization for node 5610c331-1bdf-47ca-b548-4e2f5bb7723b with capacity 429496729600B, used 42949672960B, and remaining 386547056640B is 0.1
2023-09-13 18:18:04,969 [main] DEBUG balancer.ContainerBalancerTask (ContainerBalancerTask.java:initializeIteration(398)) - Utilization for node cf7dd2c4-ac07-4f32-b7a6-9129d534a5aa with capacity 28991029248B, used 0B, and remaining 28991029248B is 0.0
2023-09-13 18:18:04,969 [main] INFO  balancer.ContainerBalancerTask (ContainerBalancerTask.java:initializeIteration(443)) - Did not find any unbalanced Datanodes.
2023-09-13 18:18:04,969 [main] INFO  balancer.ContainerBalancerTask (ContainerBalancerTask.java:tryStopWithSaveConfiguration(308)) - Save Configuration for stopping. Reason: Could not initialize ContainerBalancer's iteration number 0
2023-09-13 18:18:04,969 [main] DEBUG balancer.ContainerBalancerTask (ContainerBalancerTask.java:initializeIteration(374)) - Average utilization of the cluster is 0.32470527934442994
2023-09-13 18:18:04,970 [main] DEBUG balancer.ContainerBalancerTask (ContainerBalancerTask.java:initializeIteration(386)) - Lower limit for utilization is 0.14659858731905695 and Upper limit for utilization is 0.5028119713698029
2023-09-13 18:18:04,970 [main] DEBUG balancer.ContainerBalancerTask (ContainerBalancerTask.java:initializeIteration(398)) - Utilization for node ee171b35-2724-4868-b35f-db0a4d10637c with capacity 50107951786B, used 45097156608B, and remaining 5010795178B is 0.9000000000119741
2023-09-13 18:18:04,970 [main] DEBUG balancer.ContainerBalancerTask (ContainerBalancerTask.java:initializeIteration(398)) - Utilization for node e5b213b0-be5f-4b25-a61b-2caec7e5d9b1 with capacity 48318382080B, used 38654705664B, and remaining 9663676416B is 0.8
2023-09-13 18:18:04,970 [main] DEBUG balancer.ContainerBalancerTask (ContainerBalancerTask.java:initializeIteration(398)) - Utilization for node 02bc5a57-3f7b-4080-8df1-1b1f3e118d1f with capacity 88967179702B, used 62277025792B, and remaining 26690153910B is 0.700000000006744
2023-09-13 18:18:04,970 [main] DEBUG balancer.ContainerBalancerTask (ContainerBalancerTask.java:initializeIteration(398)) - Utilization for node 7b8ab83c-1d21-4abb-826c-d4ddfa4ee7c5 with capacity 89478485333B, used 53687091200B, and remaining 35791394133B is 0.6000000000022352
2023-09-13 18:18:04,970 [main] DEBUG balancer.ContainerBalancerTask (ContainerBalancerTask.java:initializeIteration(398)) - Utilization for node b4b89c1a-0d21-4d0b-9cab-3c48bd96581d with capacity 75161927680B, used 37580963840B, and remaining 37580963840B is 0.5
2023-09-13 18:18:04,970 [main] DEBUG balancer.ContainerBalancerTask (ContainerBalancerTask.java:initializeIteration(398)) - Utilization for node 98bb5845-e602-4e3e-a367-d6a0089bcabb with capacity 96636764160B, used 38654705664B, and remaining 57982058496B is 0.4
2023-09-13 18:18:04,970 [main] DEBUG balancer.ContainerBalancerTask (ContainerBalancerTask.java:initializeIteration(398)) - Utilization for node 9993b6fb-ffa3-4b80-88b5-8eb0acf42969 with capacity 118111600640B, used 35433480192B, and remaining 82678120448B is 0.3
2023-09-13 18:18:04,970 [main] DEBUG balancer.ContainerBalancerTask (ContainerBalancerTask.java:initializeIteration(398)) - Utilization for node 33a2b1f0-86c3-48fa-8253-aa687652337a with capacity 171798691840B, used 34359738368B, and remaining 137438953472B is 0.2
2023-09-13 18:18:04,970 [main] DEBUG balancer.ContainerBalancerTask (ContainerBalancerTask.java:initializeIteration(398)) - Utilization for node 5610c331-1bdf-47ca-b548-4e2f5bb7723b with capacity 429496729600B, used 42949672960B, and remaining 386547056640B is 0.1
2023-09-13 18:18:04,970 [main] DEBUG balancer.ContainerBalancerTask (ContainerBalancerTask.java:initializeIteration(398)) - Utilization for node cf7dd2c4-ac07-4f32-b7a6-9129d534a5aa with capacity 28991029248B, used 0B, and remaining 28991029248B is 0.0
2023-09-13 18:18:04,970 [main] INFO  balancer.ContainerBalancerTask (ContainerBalancerTask.java:initializeIteration(447)) - Container Balancer has identified 4 Over-Utilized and 2 Under-Utilized Datanodes that need to be balanced.
2023-09-13 18:18:04,971 [main] DEBUG balancer.ContainerBalancerTask (ContainerBalancerTask.java:lambda$initializeIteration$1(453)) - Datanode localhost-108.143.189.206 ee171b35-2724-4868-b35f-db0a4d10637c is Over-Utilized.
2023-09-13 18:18:04,971 [main] DEBUG balancer.ContainerBalancerTask (ContainerBalancerTask.java:lambda$initializeIteration$1(453)) - Datanode localhost-1.135.40.40 e5b213b0-be5f-4b25-a61b-2caec7e5d9b1 is Over-Utilized.
2023-09-13 18:18:04,971 [main] DEBUG balancer.ContainerBalancerTask (ContainerBalancerTask.java:lambda$initializeIteration$1(453)) - Datanode localhost-195.84.121.62 02bc5a57-3f7b-4080-8df1-1b1f3e118d1f is Over-Utilized.
2023-09-13 18:18:04,971 [main] DEBUG balancer.ContainerBalancerTask (ContainerBalancerTask.java:lambda$initializeIteration$1(453)) - Datanode localhost-203.31.63.233 7b8ab83c-1d21-4abb-826c-d4ddfa4ee7c5 is Over-Utilized.
2023-09-13 18:18:04,971 [main] DEBUG balancer.ContainerBalancerTask (ContainerBalancerTask.java:lambda$initializeIteration$2(459)) - Datanode localhost-15.132.92.63 cf7dd2c4-ac07-4f32-b7a6-9129d534a5aa is Under-Utilized.
2023-09-13 18:18:04,971 [main] DEBUG balancer.ContainerBalancerTask (ContainerBalancerTask.java:lambda$initializeIteration$2(459)) - Datanode localhost-123.211.5.179 5610c331-1bdf-47ca-b548-4e2f5bb7723b is Under-Utilized.
2023-09-13 18:18:04,973 [main] DEBUG balancer.ContainerBalancerTask (ContainerBalancerTask.java:matchSourceWithTarget(708)) - ContainerBalancer is finding suitable target for source datanode ee171b35-2724-4868-b35f-db0a4d10637c
2023-09-13 18:18:04,973 [main] INFO  balancer.ContainerBalancerTask (ContainerBalancerTask.java:matchSourceWithTarget(722)) - ContainerBalancer matched source datanode ee171b35-2724-4868-b35f-db0a4d10637c with target datanode cf7dd2c4-ac07-4f32-b7a6-9129d534a5aa for container move.
2023-09-13 18:18:04,973 [main] INFO  balancer.ContainerBalancerTask (ContainerBalancerTask.java:processMoveSelection(569)) - ContainerBalancer is trying to move container #85 with size 5368709120B from source datanode ee171b35-2724-4868-b35f-db0a4d10637c to target datanode cf7dd2c4-ac07-4f32-b7a6-9129d534a5aa
2023-09-13 18:18:04,973 [main] DEBUG balancer.ContainerBalancerTask (ContainerBalancerTask.java:lambda$moveContainer$3(837)) - Container move completed for container #85 from source ee171b35-2724-4868-b35f-db0a4d10637c to target cf7dd2c4-ac07-4f32-b7a6-9129d534a5aa
2023-09-13 18:18:04,975 [main] DEBUG balancer.ContainerBalancerTask (ContainerBalancerTask.java:matchSourceWithTarget(708)) - ContainerBalancer is finding suitable target for source datanode e5b213b0-be5f-4b25-a61b-2caec7e5d9b1
2023-09-13 18:18:04,976 [main] INFO  balancer.ContainerBalancerTask (ContainerBalancerTask.java:matchSourceWithTarget(722)) - ContainerBalancer matched source datanode e5b213b0-be5f-4b25-a61b-2caec7e5d9b1 with target datanode 5610c331-1bdf-47ca-b548-4e2f5bb7723b for container move.
2023-09-13 18:18:04,976 [main] INFO  balancer.ContainerBalancerTask (ContainerBalancerTask.java:processMoveSelection(569)) - ContainerBalancer is trying to move container #68 with size 5368709120B from source datanode e5b213b0-be5f-4b25-a61b-2caec7e5d9b1 to target datanode 5610c331-1bdf-47ca-b548-4e2f5bb7723b
2023-09-13 18:18:04,976 [main] DEBUG balancer.ContainerBalancerTask (ContainerBalancerTask.java:lambda$moveContainer$3(837)) - Container move completed for container #68 from source e5b213b0-be5f-4b25-a61b-2caec7e5d9b1 to target 5610c331-1bdf-47ca-b548-4e2f5bb7723b
2023-09-13 18:18:04,978 [main] DEBUG balancer.ContainerBalancerTask (ContainerBalancerTask.java:matchSourceWithTarget(708)) - ContainerBalancer is finding suitable target for source datanode ee171b35-2724-4868-b35f-db0a4d10637c
2023-09-13 18:18:04,978 [main] INFO  balancer.ContainerBalancerTask (ContainerBalancerTask.java:matchSourceWithTarget(722)) - ContainerBalancer matched source datanode ee171b35-2724-4868-b35f-db0a4d10637c with target datanode 5610c331-1bdf-47ca-b548-4e2f5bb7723b for container move.
2023-09-13 18:18:04,978 [main] INFO  balancer.ContainerBalancerTask (ContainerBalancerTask.java:processMoveSelection(569)) - ContainerBalancer is trying to move container #89 with size 4294967296B from source datanode ee171b35-2724-4868-b35f-db0a4d10637c to target datanode 5610c331-1bdf-47ca-b548-4e2f5bb7723b
2023-09-13 18:18:04,978 [main] DEBUG balancer.ContainerBalancerTask (ContainerBalancerTask.java:lambda$moveContainer$3(837)) - Container move completed for container #89 from source ee171b35-2724-4868-b35f-db0a4d10637c to target 5610c331-1bdf-47ca-b548-4e2f5bb7723b
2023-09-13 18:18:04,981 [main] DEBUG balancer.ContainerBalancerTask (ContainerBalancerTask.java:matchSourceWithTarget(708)) - ContainerBalancer is finding suitable target for source datanode ee171b35-2724-4868-b35f-db0a4d10637c
2023-09-13 18:18:04,981 [main] INFO  balancer.ContainerBalancerTask (ContainerBalancerTask.java:matchSourceWithTarget(722)) - ContainerBalancer matched source datanode ee171b35-2724-4868-b35f-db0a4d10637c with target datanode 5610c331-1bdf-47ca-b548-4e2f5bb7723b for container move.
2023-09-13 18:18:04,981 [main] INFO  balancer.ContainerBalancerTask (ContainerBalancerTask.java:processMoveSelection(569)) - ContainerBalancer is trying to move container #88 with size 3221225472B from source datanode ee171b35-2724-4868-b35f-db0a4d10637c to target datanode 5610c331-1bdf-47ca-b548-4e2f5bb7723b
2023-09-13 18:18:04,981 [main] DEBUG balancer.ContainerBalancerTask (ContainerBalancerTask.java:lambda$moveContainer$3(837)) - Container move completed for container #88 from source ee171b35-2724-4868-b35f-db0a4d10637c to target 5610c331-1bdf-47ca-b548-4e2f5bb7723b
2023-09-13 18:18:04,984 [main] DEBUG balancer.ContainerBalancerTask (ContainerBalancerTask.java:matchSourceWithTarget(708)) - ContainerBalancer is finding suitable target for source datanode 02bc5a57-3f7b-4080-8df1-1b1f3e118d1f
2023-09-13 18:18:04,984 [main] INFO  balancer.ContainerBalancerTask (ContainerBalancerTask.java:matchSourceWithTarget(722)) - ContainerBalancer matched source datanode 02bc5a57-3f7b-4080-8df1-1b1f3e118d1f with target datanode 5610c331-1bdf-47ca-b548-4e2f5bb7723b for container move.
2023-09-13 18:18:04,984 [main] INFO  balancer.ContainerBalancerTask (ContainerBalancerTask.java:processMoveSelection(569)) - ContainerBalancer is trying to move container #40 with size 5368709120B from source datanode 02bc5a57-3f7b-4080-8df1-1b1f3e118d1f to target datanode 5610c331-1bdf-47ca-b548-4e2f5bb7723b
2023-09-13 18:18:04,985 [main] DEBUG balancer.ContainerBalancerTask (ContainerBalancerTask.java:lambda$moveContainer$3(837)) - Container move completed for container #40 from source 02bc5a57-3f7b-4080-8df1-1b1f3e118d1f to target 5610c331-1bdf-47ca-b548-4e2f5bb7723b
2023-09-13 18:18:04,987 [main] DEBUG balancer.ContainerBalancerTask (ContainerBalancerTask.java:matchSourceWithTarget(708)) - ContainerBalancer is finding suitable target for source datanode e5b213b0-be5f-4b25-a61b-2caec7e5d9b1
2023-09-13 18:18:04,987 [main] INFO  balancer.ContainerBalancerTask (ContainerBalancerTask.java:matchSourceWithTarget(722)) - ContainerBalancer matched source datanode e5b213b0-be5f-4b25-a61b-2caec7e5d9b1 with target datanode 5610c331-1bdf-47ca-b548-4e2f5bb7723b for container move.
2023-09-13 18:18:04,987 [main] INFO  balancer.ContainerBalancerTask (ContainerBalancerTask.java:processMoveSelection(569)) - ContainerBalancer is trying to move container #67 with size 4294967296B from source datanode e5b213b0-be5f-4b25-a61b-2caec7e5d9b1 to target datanode 5610c331-1bdf-47ca-b548-4e2f5bb7723b
2023-09-13 18:18:04,987 [main] DEBUG balancer.ContainerBalancerTask (ContainerBalancerTask.java:lambda$moveContainer$3(837)) - Container move completed for container #67 from source e5b213b0-be5f-4b25-a61b-2caec7e5d9b1 to target 5610c331-1bdf-47ca-b548-4e2f5bb7723b
2023-09-13 18:18:04,989 [main] DEBUG balancer.ContainerBalancerTask (ContainerBalancerTask.java:matchSourceWithTarget(708)) - ContainerBalancer is finding suitable target for source datanode ee171b35-2724-4868-b35f-db0a4d10637c
2023-09-13 18:18:04,990 [main] INFO  balancer.ContainerBalancerTask (ContainerBalancerTask.java:matchSourceWithTarget(722)) - ContainerBalancer matched source datanode ee171b35-2724-4868-b35f-db0a4d10637c with target datanode 5610c331-1bdf-47ca-b548-4e2f5bb7723b for container move.
2023-09-13 18:18:04,990 [main] INFO  balancer.ContainerBalancerTask (ContainerBalancerTask.java:processMoveSelection(569)) - ContainerBalancer is trying to move container #83 with size 3221225472B from source datanode ee171b35-2724-4868-b35f-db0a4d10637c to target datanode 5610c331-1bdf-47ca-b548-4e2f5bb7723b
2023-09-13 18:18:04,990 [main] DEBUG balancer.ContainerBalancerTask (ContainerBalancerTask.java:lambda$moveContainer$3(837)) - Container move completed for container #83 from source ee171b35-2724-4868-b35f-db0a4d10637c to target 5610c331-1bdf-47ca-b548-4e2f5bb7723b
2023-09-13 18:18:04,993 [main] DEBUG balancer.ContainerBalancerTask (ContainerBalancerTask.java:matchSourceWithTarget(708)) - ContainerBalancer is finding suitable target for source datanode 02bc5a57-3f7b-4080-8df1-1b1f3e118d1f
2023-09-13 18:18:04,993 [main] INFO  balancer.ContainerBalancerTask (ContainerBalancerTask.java:matchSourceWithTarget(722)) - ContainerBalancer matched source datanode 02bc5a57-3f7b-4080-8df1-1b1f3e118d1f with target datanode 5610c331-1bdf-47ca-b548-4e2f5bb7723b for container move.
2023-09-13 18:18:04,993 [main] INFO  balancer.ContainerBalancerTask (ContainerBalancerTask.java:processMoveSelection(569)) - ContainerBalancer is trying to move container #29 with size 5368709120B from source datanode 02bc5a57-3f7b-4080-8df1-1b1f3e118d1f to target datanode 5610c331-1bdf-47ca-b548-4e2f5bb7723b
2023-09-13 18:18:04,993 [main] DEBUG balancer.ContainerBalancerTask (ContainerBalancerTask.java:lambda$moveContainer$3(837)) - Container move completed for container #29 from source 02bc5a57-3f7b-4080-8df1-1b1f3e118d1f to target 5610c331-1bdf-47ca-b548-4e2f5bb7723b
2023-09-13 18:18:04,996 [main] DEBUG balancer.ContainerBalancerTask (ContainerBalancerTask.java:matchSourceWithTarget(708)) - ContainerBalancer is finding suitable target for source datanode 7b8ab83c-1d21-4abb-826c-d4ddfa4ee7c5
2023-09-13 18:18:04,996 [main] INFO  balancer.ContainerBalancerTask (ContainerBalancerTask.java:matchSourceWithTarget(722)) - ContainerBalancer matched source datanode 7b8ab83c-1d21-4abb-826c-d4ddfa4ee7c5 with target datanode 5610c331-1bdf-47ca-b548-4e2f5bb7723b for container move.
2023-09-13 18:18:04,996 [main] INFO  balancer.ContainerBalancerTask (ContainerBalancerTask.java:processMoveSelection(569)) - ContainerBalancer is trying to move container #39 with size 4294967296B from source datanode 7b8ab83c-1d21-4abb-826c-d4ddfa4ee7c5 to target datanode 5610c331-1bdf-47ca-b548-4e2f5bb7723b
2023-09-13 18:18:04,997 [main] DEBUG balancer.ContainerBalancerTask (ContainerBalancerTask.java:lambda$moveContainer$3(837)) - Container move completed for container #39 from source 7b8ab83c-1d21-4abb-826c-d4ddfa4ee7c5 to target 5610c331-1bdf-47ca-b548-4e2f5bb7723b
2023-09-13 18:18:04,999 [main] DEBUG balancer.ContainerBalancerTask (ContainerBalancerTask.java:matchSourceWithTarget(708)) - ContainerBalancer is finding suitable target for source datanode e5b213b0-be5f-4b25-a61b-2caec7e5d9b1
2023-09-13 18:18:04,999 [main] INFO  balancer.ContainerBalancerTask (ContainerBalancerTask.java:matchSourceWithTarget(722)) - ContainerBalancer matched source datanode e5b213b0-be5f-4b25-a61b-2caec7e5d9b1 with target datanode 5610c331-1bdf-47ca-b548-4e2f5bb7723b for container move.
2023-09-13 18:18:04,999 [main] INFO  balancer.ContainerBalancerTask (ContainerBalancerTask.java:processMoveSelection(569)) - ContainerBalancer is trying to move container #66 with size 3221225472B from source datanode e5b213b0-be5f-4b25-a61b-2caec7e5d9b1 to target datanode 5610c331-1bdf-47ca-b548-4e2f5bb7723b
2023-09-13 18:18:05,000 [main] DEBUG balancer.ContainerBalancerTask (ContainerBalancerTask.java:lambda$moveContainer$3(837)) - Container move completed for container #66 from source e5b213b0-be5f-4b25-a61b-2caec7e5d9b1 to target 5610c331-1bdf-47ca-b548-4e2f5bb7723b
2023-09-13 18:18:05,003 [main] DEBUG balancer.ContainerBalancerTask (ContainerBalancerTask.java:matchSourceWithTarget(708)) - ContainerBalancer is finding suitable target for source datanode 02bc5a57-3f7b-4080-8df1-1b1f3e118d1f
2023-09-13 18:18:05,003 [main] INFO  balancer.ContainerBalancerTask (ContainerBalancerTask.java:matchSourceWithTarget(722)) - ContainerBalancer matched source datanode 02bc5a57-3f7b-4080-8df1-1b1f3e118d1f with target datanode cf7dd2c4-ac07-4f32-b7a6-9129d534a5aa for container move.
2023-09-13 18:18:05,003 [main] INFO  balancer.ContainerBalancerTask (ContainerBalancerTask.java:processMoveSelection(569)) - ContainerBalancer is trying to move container #53 with size 5368709120B from source datanode 02bc5a57-3f7b-4080-8df1-1b1f3e118d1f to target datanode cf7dd2c4-ac07-4f32-b7a6-9129d534a5aa
2023-09-13 18:18:05,003 [main] DEBUG balancer.ContainerBalancerTask (ContainerBalancerTask.java:lambda$moveContainer$3(837)) - Container move completed for container #53 from source 02bc5a57-3f7b-4080-8df1-1b1f3e118d1f to target cf7dd2c4-ac07-4f32-b7a6-9129d534a5aa
2023-09-13 18:18:05,006 [main] DEBUG balancer.ContainerBalancerTask (ContainerBalancerTask.java:matchSourceWithTarget(708)) - ContainerBalancer is finding suitable target for source datanode ee171b35-2724-4868-b35f-db0a4d10637c
2023-09-13 18:18:05,006 [main] INFO  balancer.ContainerBalancerTask (ContainerBalancerTask.java:matchSourceWithTarget(722)) - ContainerBalancer matched source datanode ee171b35-2724-4868-b35f-db0a4d10637c with target datanode 5610c331-1bdf-47ca-b548-4e2f5bb7723b for container move.
2023-09-13 18:18:05,006 [main] INFO  balancer.ContainerBalancerTask (ContainerBalancerTask.java:processMoveSelection(569)) - ContainerBalancer is trying to move container #87 with size 2147483648B from source datanode ee171b35-2724-4868-b35f-db0a4d10637c to target datanode 5610c331-1bdf-47ca-b548-4e2f5bb7723b
2023-09-13 18:18:05,006 [main] DEBUG balancer.ContainerBalancerTask (ContainerBalancerTask.java:lambda$moveContainer$3(837)) - Container move completed for container #87 from source ee171b35-2724-4868-b35f-db0a4d10637c to target 5610c331-1bdf-47ca-b548-4e2f5bb7723b
2023-09-13 18:18:05,009 [main] DEBUG balancer.ContainerBalancerTask (ContainerBalancerTask.java:matchSourceWithTarget(708)) - ContainerBalancer is finding suitable target for source datanode 7b8ab83c-1d21-4abb-826c-d4ddfa4ee7c5
2023-09-13 18:18:05,009 [main] INFO  balancer.ContainerBalancerTask (ContainerBalancerTask.java:matchSourceWithTarget(722)) - ContainerBalancer matched source datanode 7b8ab83c-1d21-4abb-826c-d4ddfa4ee7c5 with target datanode 5610c331-1bdf-47ca-b548-4e2f5bb7723b for container move.
2023-09-13 18:18:05,009 [main] INFO  balancer.ContainerBalancerTask (ContainerBalancerTask.java:processMoveSelection(569)) - ContainerBalancer is trying to move container #37 with size 2147483648B from source datanode 7b8ab83c-1d21-4abb-826c-d4ddfa4ee7c5 to target datanode 5610c331-1bdf-47ca-b548-4e2f5bb7723b
2023-09-13 18:18:05,009 [main] DEBUG balancer.ContainerBalancerTask (ContainerBalancerTask.java:lambda$moveContainer$3(837)) - Container move completed for container #37 from source 7b8ab83c-1d21-4abb-826c-d4ddfa4ee7c5 to target 5610c331-1bdf-47ca-b548-4e2f5bb7723b
2023-09-13 18:18:05,009 [main] WARN  balancer.ContainerBalancerTask (ContainerBalancerTask.java:reachedMaxSizeToMovePerIteration(733)) - Reached max size to move limit. 53687091200 bytes have already been scheduled for balancing and the limit is 53687091200 bytes.
2023-09-13 18:18:05,010 [main] INFO  balancer.ContainerBalancerTask (ContainerBalancerTask.java:checkIterationMoveResults(642)) - Iteration Summary. Number of Datanodes involved: 6. Size moved: 50 GB (53687091200 Bytes). Number of Container moves completed: 13.
2023-09-13 18:18:05,010 [main] INFO  balancer.ContainerBalancerTask (ContainerBalancerTask.java:balance(259)) - Result of this iteration of Container Balancer: ITERATION_COMPLETED
2023-09-13 18:18:05,010 [main] INFO  balancer.ContainerBalancerTask (ContainerBalancerTask.java:tryStopWithSaveConfiguration(308)) - Save Configuration for stopping. Reason: Completed all iterations.
2023-09-13 18:18:05,010 [main] DEBUG balancer.ContainerBalancerTask (ContainerBalancerTask.java:initializeIteration(374)) - Average utilization of the cluster is 0.32470527934442994
2023-09-13 18:18:05,011 [main] DEBUG balancer.ContainerBalancerTask (ContainerBalancerTask.java:initializeIteration(386)) - Lower limit for utilization is 0.13435391740195513 and Upper limit for utilization is 0.5150566412869048
2023-09-13 18:18:05,011 [main] DEBUG balancer.ContainerBalancerTask (ContainerBalancerTask.java:initializeIteration(398)) - Utilization for node ee171b35-2724-4868-b35f-db0a4d10637c with capacity 50107951786B, used 45097156608B, and remaining 5010795178B is 0.9000000000119741
2023-09-13 18:18:05,011 [main] DEBUG balancer.ContainerBalancerTask (ContainerBalancerTask.java:initializeIteration(398)) - Utilization for node e5b213b0-be5f-4b25-a61b-2caec7e5d9b1 with capacity 48318382080B, used 38654705664B, and remaining 9663676416B is 0.8
2023-09-13 18:18:05,011 [main] DEBUG balancer.ContainerBalancerTask (ContainerBalancerTask.java:initializeIteration(398)) - Utilization for node 02bc5a57-3f7b-4080-8df1-1b1f3e118d1f with capacity 88967179702B, used 62277025792B, and remaining 26690153910B is 0.700000000006744
2023-09-13 18:18:05,011 [main] DEBUG balancer.ContainerBalancerTask (ContainerBalancerTask.java:initializeIteration(398)) - Utilization for node 7b8ab83c-1d21-4abb-826c-d4ddfa4ee7c5 with capacity 89478485333B, used 53687091200B, and remaining 35791394133B is 0.6000000000022352
2023-09-13 18:18:05,011 [main] DEBUG balancer.ContainerBalancerTask (ContainerBalancerTask.java:initializeIteration(398)) - Utilization for node b4b89c1a-0d21-4d0b-9cab-3c48bd96581d with capacity 75161927680B, used 37580963840B, and remaining 37580963840B is 0.5
2023-09-13 18:18:05,011 [main] DEBUG balancer.ContainerBalancerTask (ContainerBalancerTask.java:initializeIteration(398)) - Utilization for node 98bb5845-e602-4e3e-a367-d6a0089bcabb with capacity 96636764160B, used 38654705664B, and remaining 57982058496B is 0.4
2023-09-13 18:18:05,011 [main] DEBUG balancer.ContainerBalancerTask (ContainerBalancerTask.java:initializeIteration(398)) - Utilization for node 9993b6fb-ffa3-4b80-88b5-8eb0acf42969 with capacity 118111600640B, used 35433480192B, and remaining 82678120448B is 0.3
2023-09-13 18:18:05,011 [main] DEBUG balancer.ContainerBalancerTask (ContainerBalancerTask.java:initializeIteration(398)) - Utilization for node 33a2b1f0-86c3-48fa-8253-aa687652337a with capacity 171798691840B, used 34359738368B, and remaining 137438953472B is 0.2
2023-09-13 18:18:05,011 [main] DEBUG balancer.ContainerBalancerTask (ContainerBalancerTask.java:initializeIteration(398)) - Utilization for node 5610c331-1bdf-47ca-b548-4e2f5bb7723b with capacity 429496729600B, used 42949672960B, and remaining 386547056640B is 0.1
2023-09-13 18:18:05,011 [main] DEBUG balancer.ContainerBalancerTask (ContainerBalancerTask.java:initializeIteration(398)) - Utilization for node cf7dd2c4-ac07-4f32-b7a6-9129d534a5aa with capacity 28991029248B, used 0B, and remaining 28991029248B is 0.0
2023-09-13 18:18:05,012 [main] INFO  balancer.ContainerBalancerTask (ContainerBalancerTask.java:initializeIteration(447)) - Container Balancer has identified 4 Over-Utilized and 2 Under-Utilized Datanodes that need to be balanced.
2023-09-13 18:18:05,012 [main] DEBUG balancer.ContainerBalancerTask (ContainerBalancerTask.java:lambda$initializeIteration$1(453)) - Datanode localhost-108.143.189.206 ee171b35-2724-4868-b35f-db0a4d10637c is Over-Utilized.
2023-09-13 18:18:05,012 [main] DEBUG balancer.ContainerBalancerTask (ContainerBalancerTask.java:lambda$initializeIteration$1(453)) - Datanode localhost-1.135.40.40 e5b213b0-be5f-4b25-a61b-2caec7e5d9b1 is Over-Utilized.
2023-09-13 18:18:05,012 [main] DEBUG balancer.ContainerBalancerTask (ContainerBalancerTask.java:lambda$initializeIteration$1(453)) - Datanode localhost-195.84.121.62 02bc5a57-3f7b-4080-8df1-1b1f3e118d1f is Over-Utilized.
2023-09-13 18:18:05,014 [main] DEBUG balancer.ContainerBalancerTask (ContainerBalancerTask.java:lambda$initializeIteration$1(453)) - Datanode localhost-203.31.63.233 7b8ab83c-1d21-4abb-826c-d4ddfa4ee7c5 is Over-Utilized.
2023-09-13 18:18:05,014 [main] DEBUG balancer.ContainerBalancerTask (ContainerBalancerTask.java:lambda$initializeIteration$2(459)) - Datanode localhost-15.132.92.63 cf7dd2c4-ac07-4f32-b7a6-9129d534a5aa is Under-Utilized.
2023-09-13 18:18:05,014 [main] DEBUG balancer.ContainerBalancerTask (ContainerBalancerTask.java:lambda$initializeIteration$2(459)) - Datanode localhost-123.211.5.179 5610c331-1bdf-47ca-b548-4e2f5bb7723b is Under-Utilized.
2023-09-13 18:18:05,016 [main] DEBUG balancer.ContainerBalancerTask (ContainerBalancerTask.java:matchSourceWithTarget(708)) - ContainerBalancer is finding suitable target for source datanode ee171b35-2724-4868-b35f-db0a4d10637c
2023-09-13 18:18:05,016 [main] INFO  balancer.ContainerBalancerTask (ContainerBalancerTask.java:matchSourceWithTarget(722)) - ContainerBalancer matched source datanode ee171b35-2724-4868-b35f-db0a4d10637c with target datanode cf7dd2c4-ac07-4f32-b7a6-9129d534a5aa for container move.
2023-09-13 18:18:05,016 [main] INFO  balancer.ContainerBalancerTask (ContainerBalancerTask.java:processMoveSelection(569)) - ContainerBalancer is trying to move container #85 with size 5368709120B from source datanode ee171b35-2724-4868-b35f-db0a4d10637c to target datanode cf7dd2c4-ac07-4f32-b7a6-9129d534a5aa
2023-09-13 18:18:05,016 [main] DEBUG balancer.ContainerBalancerTask (ContainerBalancerTask.java:lambda$moveContainer$3(837)) - Container move completed for container #85 from source ee171b35-2724-4868-b35f-db0a4d10637c to target cf7dd2c4-ac07-4f32-b7a6-9129d534a5aa
2023-09-13 18:18:05,018 [main] DEBUG balancer.ContainerBalancerTask (ContainerBalancerTask.java:matchSourceWithTarget(708)) - ContainerBalancer is finding suitable target for source datanode e5b213b0-be5f-4b25-a61b-2caec7e5d9b1
2023-09-13 18:18:05,018 [main] INFO  balancer.ContainerBalancerTask (ContainerBalancerTask.java:matchSourceWithTarget(722)) - ContainerBalancer matched source datanode e5b213b0-be5f-4b25-a61b-2caec7e5d9b1 with target datanode 5610c331-1bdf-47ca-b548-4e2f5bb7723b for container move.
2023-09-13 18:18:05,019 [main] INFO  balancer.ContainerBalancerTask (ContainerBalancerTask.java:processMoveSelection(569)) - ContainerBalancer is trying to move container #68 with size 5368709120B from source datanode e5b213b0-be5f-4b25-a61b-2caec7e5d9b1 to target datanode 5610c331-1bdf-47ca-b548-4e2f5bb7723b
2023-09-13 18:18:05,019 [main] DEBUG balancer.ContainerBalancerTask (ContainerBalancerTask.java:lambda$moveContainer$3(837)) - Container move completed for container #68 from source e5b213b0-be5f-4b25-a61b-2caec7e5d9b1 to target 5610c331-1bdf-47ca-b548-4e2f5bb7723b
2023-09-13 18:18:05,021 [main] DEBUG balancer.ContainerBalancerTask (ContainerBalancerTask.java:matchSourceWithTarget(708)) - ContainerBalancer is finding suitable target for source datanode ee171b35-2724-4868-b35f-db0a4d10637c
2023-09-13 18:18:05,021 [main] INFO  balancer.ContainerBalancerTask (ContainerBalancerTask.java:matchSourceWithTarget(722)) - ContainerBalancer matched source datanode ee171b35-2724-4868-b35f-db0a4d10637c with target datanode 5610c331-1bdf-47ca-b548-4e2f5bb7723b for container move.
2023-09-13 18:18:05,021 [main] INFO  balancer.ContainerBalancerTask (ContainerBalancerTask.java:processMoveSelection(569)) - ContainerBalancer is trying to move container #89 with size 4294967296B from source datanode ee171b35-2724-4868-b35f-db0a4d10637c to target datanode 5610c331-1bdf-47ca-b548-4e2f5bb7723b
2023-09-13 18:18:05,021 [main] DEBUG balancer.ContainerBalancerTask (ContainerBalancerTask.java:lambda$moveContainer$3(837)) - Container move completed for container #89 from source ee171b35-2724-4868-b35f-db0a4d10637c to target 5610c331-1bdf-47ca-b548-4e2f5bb7723b
2023-09-13 18:18:05,023 [main] DEBUG balancer.ContainerBalancerTask (ContainerBalancerTask.java:matchSourceWithTarget(708)) - ContainerBalancer is finding suitable target for source datanode ee171b35-2724-4868-b35f-db0a4d10637c
2023-09-13 18:18:05,024 [main] INFO  balancer.ContainerBalancerTask (ContainerBalancerTask.java:matchSourceWithTarget(722)) - ContainerBalancer matched source datanode ee171b35-2724-4868-b35f-db0a4d10637c with target datanode 5610c331-1bdf-47ca-b548-4e2f5bb7723b for container move.
2023-09-13 18:18:05,024 [main] INFO  balancer.ContainerBalancerTask (ContainerBalancerTask.java:processMoveSelection(569)) - ContainerBalancer is trying to move container #88 with size 3221225472B from source datanode ee171b35-2724-4868-b35f-db0a4d10637c to target datanode 5610c331-1bdf-47ca-b548-4e2f5bb7723b
2023-09-13 18:18:05,024 [main] DEBUG balancer.ContainerBalancerTask (ContainerBalancerTask.java:lambda$moveContainer$3(837)) - Container move completed for container #88 from source ee171b35-2724-4868-b35f-db0a4d10637c to target 5610c331-1bdf-47ca-b548-4e2f5bb7723b
2023-09-13 18:18:05,027 [main] DEBUG balancer.ContainerBalancerTask (ContainerBalancerTask.java:matchSourceWithTarget(708)) - ContainerBalancer is finding suitable target for source datanode 02bc5a57-3f7b-4080-8df1-1b1f3e118d1f
2023-09-13 18:18:05,027 [main] INFO  balancer.ContainerBalancerTask (ContainerBalancerTask.java:matchSourceWithTarget(722)) - ContainerBalancer matched source datanode 02bc5a57-3f7b-4080-8df1-1b1f3e118d1f with target datanode 5610c331-1bdf-47ca-b548-4e2f5bb7723b for container move.
2023-09-13 18:18:05,027 [main] INFO  balancer.ContainerBalancerTask (ContainerBalancerTask.java:processMoveSelection(569)) - ContainerBalancer is trying to move container #40 with size 5368709120B from source datanode 02bc5a57-3f7b-4080-8df1-1b1f3e118d1f to target datanode 5610c331-1bdf-47ca-b548-4e2f5bb7723b
2023-09-13 18:18:05,027 [main] DEBUG balancer.ContainerBalancerTask (ContainerBalancerTask.java:lambda$moveContainer$3(837)) - Container move completed for container #40 from source 02bc5a57-3f7b-4080-8df1-1b1f3e118d1f to target 5610c331-1bdf-47ca-b548-4e2f5bb7723b
2023-09-13 18:18:05,030 [main] DEBUG balancer.ContainerBalancerTask (ContainerBalancerTask.java:matchSourceWithTarget(708)) - ContainerBalancer is finding suitable target for source datanode e5b213b0-be5f-4b25-a61b-2caec7e5d9b1
2023-09-13 18:18:05,030 [main] INFO  balancer.ContainerBalancerTask (ContainerBalancerTask.java:matchSourceWithTarget(722)) - ContainerBalancer matched source datanode e5b213b0-be5f-4b25-a61b-2caec7e5d9b1 with target datanode 5610c331-1bdf-47ca-b548-4e2f5bb7723b for container move.
2023-09-13 18:18:05,030 [main] INFO  balancer.ContainerBalancerTask (ContainerBalancerTask.java:processMoveSelection(569)) - ContainerBalancer is trying to move container #67 with size 4294967296B from source datanode e5b213b0-be5f-4b25-a61b-2caec7e5d9b1 to target datanode 5610c331-1bdf-47ca-b548-4e2f5bb7723b
2023-09-13 18:18:05,030 [main] DEBUG balancer.ContainerBalancerTask (ContainerBalancerTask.java:lambda$moveContainer$3(837)) - Container move completed for container #67 from source e5b213b0-be5f-4b25-a61b-2caec7e5d9b1 to target 5610c331-1bdf-47ca-b548-4e2f5bb7723b
2023-09-13 18:18:05,032 [main] DEBUG balancer.ContainerBalancerTask (ContainerBalancerTask.java:matchSourceWithTarget(708)) - ContainerBalancer is finding suitable target for source datanode ee171b35-2724-4868-b35f-db0a4d10637c
2023-09-13 18:18:05,033 [main] INFO  balancer.ContainerBalancerTask (ContainerBalancerTask.java:matchSourceWithTarget(722)) - ContainerBalancer matched source datanode ee171b35-2724-4868-b35f-db0a4d10637c with target datanode 5610c331-1bdf-47ca-b548-4e2f5bb7723b for container move.
2023-09-13 18:18:05,033 [main] INFO  balancer.ContainerBalancerTask (ContainerBalancerTask.java:processMoveSelection(569)) - ContainerBalancer is trying to move container #83 with size 3221225472B from source datanode ee171b35-2724-4868-b35f-db0a4d10637c to target datanode 5610c331-1bdf-47ca-b548-4e2f5bb7723b
2023-09-13 18:18:05,033 [main] DEBUG balancer.ContainerBalancerTask (ContainerBalancerTask.java:lambda$moveContainer$3(837)) - Container move completed for container #83 from source ee171b35-2724-4868-b35f-db0a4d10637c to target 5610c331-1bdf-47ca-b548-4e2f5bb7723b
2023-09-13 18:18:05,036 [main] DEBUG balancer.ContainerBalancerTask (ContainerBalancerTask.java:matchSourceWithTarget(708)) - ContainerBalancer is finding suitable target for source datanode 02bc5a57-3f7b-4080-8df1-1b1f3e118d1f
2023-09-13 18:18:05,036 [main] INFO  balancer.ContainerBalancerTask (ContainerBalancerTask.java:matchSourceWithTarget(722)) - ContainerBalancer matched source datanode 02bc5a57-3f7b-4080-8df1-1b1f3e118d1f with target datanode 5610c331-1bdf-47ca-b548-4e2f5bb7723b for container move.
2023-09-13 18:18:05,036 [main] INFO  balancer.ContainerBalancerTask (ContainerBalancerTask.java:processMoveSelection(569)) - ContainerBalancer is trying to move container #29 with size 5368709120B from source datanode 02bc5a57-3f7b-4080-8df1-1b1f3e118d1f to target datanode 5610c331-1bdf-47ca-b548-4e2f5bb7723b
2023-09-13 18:18:05,036 [main] DEBUG balancer.ContainerBalancerTask (ContainerBalancerTask.java:lambda$moveContainer$3(837)) - Container move completed for container #29 from source 02bc5a57-3f7b-4080-8df1-1b1f3e118d1f to target 5610c331-1bdf-47ca-b548-4e2f5bb7723b
2023-09-13 18:18:05,039 [main] DEBUG balancer.ContainerBalancerTask (ContainerBalancerTask.java:matchSourceWithTarget(708)) - ContainerBalancer is finding suitable target for source datanode 7b8ab83c-1d21-4abb-826c-d4ddfa4ee7c5
2023-09-13 18:18:05,039 [main] INFO  balancer.ContainerBalancerTask (ContainerBalancerTask.java:matchSourceWithTarget(722)) - ContainerBalancer matched source datanode 7b8ab83c-1d21-4abb-826c-d4ddfa4ee7c5 with target datanode 5610c331-1bdf-47ca-b548-4e2f5bb7723b for container move.
2023-09-13 18:18:05,039 [main] INFO  balancer.ContainerBalancerTask (ContainerBalancerTask.java:processMoveSelection(569)) - ContainerBalancer is trying to move container #39 with size 4294967296B from source datanode 7b8ab83c-1d21-4abb-826c-d4ddfa4ee7c5 to target datanode 5610c331-1bdf-47ca-b548-4e2f5bb7723b
2023-09-13 18:18:05,039 [main] DEBUG balancer.ContainerBalancerTask (ContainerBalancerTask.java:lambda$moveContainer$3(837)) - Container move completed for container #39 from source 7b8ab83c-1d21-4abb-826c-d4ddfa4ee7c5 to target 5610c331-1bdf-47ca-b548-4e2f5bb7723b
2023-09-13 18:18:05,042 [main] DEBUG balancer.ContainerBalancerTask (ContainerBalancerTask.java:matchSourceWithTarget(708)) - ContainerBalancer is finding suitable target for source datanode e5b213b0-be5f-4b25-a61b-2caec7e5d9b1
2023-09-13 18:18:05,042 [main] INFO  balancer.ContainerBalancerTask (ContainerBalancerTask.java:matchSourceWithTarget(722)) - ContainerBalancer matched source datanode e5b213b0-be5f-4b25-a61b-2caec7e5d9b1 with target datanode 5610c331-1bdf-47ca-b548-4e2f5bb7723b for container move.
2023-09-13 18:18:05,042 [main] INFO  balancer.ContainerBalancerTask (ContainerBalancerTask.java:processMoveSelection(569)) - ContainerBalancer is trying to move container #66 with size 3221225472B from source datanode e5b213b0-be5f-4b25-a61b-2caec7e5d9b1 to target datanode 5610c331-1bdf-47ca-b548-4e2f5bb7723b
2023-09-13 18:18:05,042 [main] DEBUG balancer.ContainerBalancerTask (ContainerBalancerTask.java:lambda$moveContainer$3(837)) - Container move completed for container #66 from source e5b213b0-be5f-4b25-a61b-2caec7e5d9b1 to target 5610c331-1bdf-47ca-b548-4e2f5bb7723b
2023-09-13 18:18:05,046 [main] DEBUG balancer.ContainerBalancerTask (ContainerBalancerTask.java:matchSourceWithTarget(708)) - ContainerBalancer is finding suitable target for source datanode 02bc5a57-3f7b-4080-8df1-1b1f3e118d1f
2023-09-13 18:18:05,046 [main] INFO  balancer.ContainerBalancerTask (ContainerBalancerTask.java:matchSourceWithTarget(722)) - ContainerBalancer matched source datanode 02bc5a57-3f7b-4080-8df1-1b1f3e118d1f with target datanode cf7dd2c4-ac07-4f32-b7a6-9129d534a5aa for container move.
2023-09-13 18:18:05,046 [main] INFO  balancer.ContainerBalancerTask (ContainerBalancerTask.java:processMoveSelection(569)) - ContainerBalancer is trying to move container #53 with size 5368709120B from source datanode 02bc5a57-3f7b-4080-8df1-1b1f3e118d1f to target datanode cf7dd2c4-ac07-4f32-b7a6-9129d534a5aa
2023-09-13 18:18:05,046 [main] DEBUG balancer.ContainerBalancerTask (ContainerBalancerTask.java:lambda$moveContainer$3(837)) - Container move completed for container #53 from source 02bc5a57-3f7b-4080-8df1-1b1f3e118d1f to target cf7dd2c4-ac07-4f32-b7a6-9129d534a5aa
2023-09-13 18:18:05,048 [main] DEBUG balancer.ContainerBalancerTask (ContainerBalancerTask.java:matchSourceWithTarget(708)) - ContainerBalancer is finding suitable target for source datanode ee171b35-2724-4868-b35f-db0a4d10637c
2023-09-13 18:18:05,049 [main] INFO  balancer.ContainerBalancerTask (ContainerBalancerTask.java:matchSourceWithTarget(722)) - ContainerBalancer matched source datanode ee171b35-2724-4868-b35f-db0a4d10637c with target datanode 5610c331-1bdf-47ca-b548-4e2f5bb7723b for container move.
2023-09-13 18:18:05,049 [main] INFO  balancer.ContainerBalancerTask (ContainerBalancerTask.java:processMoveSelection(569)) - ContainerBalancer is trying to move container #87 with size 2147483648B from source datanode ee171b35-2724-4868-b35f-db0a4d10637c to target datanode 5610c331-1bdf-47ca-b548-4e2f5bb7723b
2023-09-13 18:18:05,049 [main] DEBUG balancer.ContainerBalancerTask (ContainerBalancerTask.java:lambda$moveContainer$3(837)) - Container move completed for container #87 from source ee171b35-2724-4868-b35f-db0a4d10637c to target 5610c331-1bdf-47ca-b548-4e2f5bb7723b
2023-09-13 18:18:05,052 [main] DEBUG balancer.ContainerBalancerTask (ContainerBalancerTask.java:matchSourceWithTarget(708)) - ContainerBalancer is finding suitable target for source datanode 7b8ab83c-1d21-4abb-826c-d4ddfa4ee7c5
2023-09-13 18:18:05,052 [main] INFO  balancer.ContainerBalancerTask (ContainerBalancerTask.java:matchSourceWithTarget(722)) - ContainerBalancer matched source datanode 7b8ab83c-1d21-4abb-826c-d4ddfa4ee7c5 with target datanode 5610c331-1bdf-47ca-b548-4e2f5bb7723b for container move.
2023-09-13 18:18:05,052 [main] INFO  balancer.ContainerBalancerTask (ContainerBalancerTask.java:processMoveSelection(569)) - ContainerBalancer is trying to move container #37 with size 2147483648B from source datanode 7b8ab83c-1d21-4abb-826c-d4ddfa4ee7c5 to target datanode 5610c331-1bdf-47ca-b548-4e2f5bb7723b
2023-09-13 18:18:05,052 [main] DEBUG balancer.ContainerBalancerTask (ContainerBalancerTask.java:lambda$moveContainer$3(837)) - Container move completed for container #37 from source 7b8ab83c-1d21-4abb-826c-d4ddfa4ee7c5 to target 5610c331-1bdf-47ca-b548-4e2f5bb7723b
2023-09-13 18:18:05,052 [main] WARN  balancer.ContainerBalancerTask (ContainerBalancerTask.java:reachedMaxSizeToMovePerIteration(733)) - Reached max size to move limit. 53687091200 bytes have already been scheduled for balancing and the limit is 53687091200 bytes.
2023-09-13 18:18:05,052 [main] INFO  balancer.ContainerBalancerTask (ContainerBalancerTask.java:checkIterationMoveResults(642)) - Iteration Summary. Number of Datanodes involved: 6. Size moved: 50 GB (53687091200 Bytes). Number of Container moves completed: 13.
2023-09-13 18:18:05,052 [main] INFO  balancer.ContainerBalancerTask (ContainerBalancerTask.java:balance(259)) - Result of this iteration of Container Balancer: ITERATION_COMPLETED
2023-09-13 18:18:05,053 [main] INFO  balancer.ContainerBalancerTask (ContainerBalancerTask.java:tryStopWithSaveConfiguration(308)) - Save Configuration for stopping. Reason: Completed all iterations.
2023-09-13 18:18:05,053 [main] DEBUG balancer.ContainerBalancerTask (ContainerBalancerTask.java:initializeIteration(374)) - Average utilization of the cluster is 0.32470527934442994
2023-09-13 18:18:05,053 [main] DEBUG balancer.ContainerBalancerTask (ContainerBalancerTask.java:initializeIteration(386)) - Lower limit for utilization is -0.5078037012104553 and Upper limit for utilization is 1.1572142598993151
2023-09-13 18:18:05,053 [main] DEBUG balancer.ContainerBalancerTask (ContainerBalancerTask.java:initializeIteration(398)) - Utilization for node ee171b35-2724-4868-b35f-db0a4d10637c with capacity 50107951786B, used 45097156608B, and remaining 5010795178B is 0.9000000000119741
2023-09-13 18:18:05,054 [main] DEBUG balancer.ContainerBalancerTask (ContainerBalancerTask.java:initializeIteration(398)) - Utilization for node e5b213b0-be5f-4b25-a61b-2caec7e5d9b1 with capacity 48318382080B, used 38654705664B, and remaining 9663676416B is 0.8
2023-09-13 18:18:05,054 [main] DEBUG balancer.ContainerBalancerTask (ContainerBalancerTask.java:initializeIteration(398)) - Utilization for node 02bc5a57-3f7b-4080-8df1-1b1f3e118d1f with capacity 88967179702B, used 62277025792B, and remaining 26690153910B is 0.700000000006744
2023-09-13 18:18:05,054 [main] DEBUG balancer.ContainerBalancerTask (ContainerBalancerTask.java:initializeIteration(398)) - Utilization for node 7b8ab83c-1d21-4abb-826c-d4ddfa4ee7c5 with capacity 89478485333B, used 53687091200B, and remaining 35791394133B is 0.6000000000022352
2023-09-13 18:18:05,054 [main] DEBUG balancer.ContainerBalancerTask (ContainerBalancerTask.java:initializeIteration(398)) - Utilization for node b4b89c1a-0d21-4d0b-9cab-3c48bd96581d with capacity 75161927680B, used 37580963840B, and remaining 37580963840B is 0.5
2023-09-13 18:18:05,054 [main] DEBUG balancer.ContainerBalancerTask (ContainerBalancerTask.java:initializeIteration(398)) - Utilization for node 98bb5845-e602-4e3e-a367-d6a0089bcabb with capacity 96636764160B, used 38654705664B, and remaining 57982058496B is 0.4
2023-09-13 18:18:05,054 [main] DEBUG balancer.ContainerBalancerTask (ContainerBalancerTask.java:initializeIteration(398)) - Utilization for node 9993b6fb-ffa3-4b80-88b5-8eb0acf42969 with capacity 118111600640B, used 35433480192B, and remaining 82678120448B is 0.3
2023-09-13 18:18:05,054 [main] DEBUG balancer.ContainerBalancerTask (ContainerBalancerTask.java:initializeIteration(398)) - Utilization for node 33a2b1f0-86c3-48fa-8253-aa687652337a with capacity 171798691840B, used 34359738368B, and remaining 137438953472B is 0.2
2023-09-13 18:18:05,054 [main] DEBUG balancer.ContainerBalancerTask (ContainerBalancerTask.java:initializeIteration(398)) - Utilization for node 5610c331-1bdf-47ca-b548-4e2f5bb7723b with capacity 429496729600B, used 42949672960B, and remaining 386547056640B is 0.1
2023-09-13 18:18:05,054 [main] DEBUG balancer.ContainerBalancerTask (ContainerBalancerTask.java:initializeIteration(398)) - Utilization for node cf7dd2c4-ac07-4f32-b7a6-9129d534a5aa with capacity 28991029248B, used 0B, and remaining 28991029248B is 0.0
2023-09-13 18:18:05,054 [main] INFO  balancer.ContainerBalancerTask (ContainerBalancerTask.java:initializeIteration(443)) - Did not find any unbalanced Datanodes.
2023-09-13 18:18:05,054 [main] INFO  balancer.ContainerBalancerTask (ContainerBalancerTask.java:tryStopWithSaveConfiguration(308)) - Save Configuration for stopping. Reason: Could not initialize ContainerBalancer's iteration number 0
2023-09-13 18:18:05,055 [main] DEBUG balancer.ContainerBalancerTask (ContainerBalancerTask.java:initializeIteration(374)) - Average utilization of the cluster is 0.32470527934442994
2023-09-13 18:18:05,055 [main] DEBUG balancer.ContainerBalancerTask (ContainerBalancerTask.java:initializeIteration(386)) - Lower limit for utilization is -0.12269698183512945 and Upper limit for utilization is 0.7721075405239893
2023-09-13 18:18:05,055 [main] DEBUG balancer.ContainerBalancerTask (ContainerBalancerTask.java:initializeIteration(398)) - Utilization for node ee171b35-2724-4868-b35f-db0a4d10637c with capacity 50107951786B, used 45097156608B, and remaining 5010795178B is 0.9000000000119741
2023-09-13 18:18:05,055 [main] DEBUG balancer.ContainerBalancerTask (ContainerBalancerTask.java:initializeIteration(398)) - Utilization for node e5b213b0-be5f-4b25-a61b-2caec7e5d9b1 with capacity 48318382080B, used 38654705664B, and remaining 9663676416B is 0.8
2023-09-13 18:18:05,056 [main] DEBUG balancer.ContainerBalancerTask (ContainerBalancerTask.java:initializeIteration(398)) - Utilization for node 02bc5a57-3f7b-4080-8df1-1b1f3e118d1f with capacity 88967179702B, used 62277025792B, and remaining 26690153910B is 0.700000000006744
2023-09-13 18:18:05,056 [main] DEBUG balancer.ContainerBalancerTask (ContainerBalancerTask.java:initializeIteration(398)) - Utilization for node 7b8ab83c-1d21-4abb-826c-d4ddfa4ee7c5 with capacity 89478485333B, used 53687091200B, and remaining 35791394133B is 0.6000000000022352
2023-09-13 18:18:05,056 [main] DEBUG balancer.ContainerBalancerTask (ContainerBalancerTask.java:initializeIteration(398)) - Utilization for node b4b89c1a-0d21-4d0b-9cab-3c48bd96581d with capacity 75161927680B, used 37580963840B, and remaining 37580963840B is 0.5
2023-09-13 18:18:05,056 [main] DEBUG balancer.ContainerBalancerTask (ContainerBalancerTask.java:initializeIteration(398)) - Utilization for node 98bb5845-e602-4e3e-a367-d6a0089bcabb with capacity 96636764160B, used 38654705664B, and remaining 57982058496B is 0.4
2023-09-13 18:18:05,056 [main] DEBUG balancer.ContainerBalancerTask (ContainerBalancerTask.java:initializeIteration(398)) - Utilization for node 9993b6fb-ffa3-4b80-88b5-8eb0acf42969 with capacity 118111600640B, used 35433480192B, and remaining 82678120448B is 0.3
2023-09-13 18:18:05,056 [main] DEBUG balancer.ContainerBalancerTask (ContainerBalancerTask.java:initializeIteration(398)) - Utilization for node 33a2b1f0-86c3-48fa-8253-aa687652337a with capacity 171798691840B, used 34359738368B, and remaining 137438953472B is 0.2
2023-09-13 18:18:05,056 [main] DEBUG balancer.ContainerBalancerTask (ContainerBalancerTask.java:initializeIteration(398)) - Utilization for node 5610c331-1bdf-47ca-b548-4e2f5bb7723b with capacity 429496729600B, used 42949672960B, and remaining 386547056640B is 0.1
2023-09-13 18:18:05,056 [main] DEBUG balancer.ContainerBalancerTask (ContainerBalancerTask.java:initializeIteration(398)) - Utilization for node cf7dd2c4-ac07-4f32-b7a6-9129d534a5aa with capacity 28991029248B, used 0B, and remaining 28991029248B is 0.0
2023-09-13 18:18:05,056 [main] INFO  balancer.ContainerBalancerTask (ContainerBalancerTask.java:initializeIteration(447)) - Container Balancer has identified 2 Over-Utilized and 0 Under-Utilized Datanodes that need to be balanced.
2023-09-13 18:18:05,056 [main] DEBUG balancer.ContainerBalancerTask (ContainerBalancerTask.java:lambda$initializeIteration$1(453)) - Datanode localhost-108.143.189.206 ee171b35-2724-4868-b35f-db0a4d10637c is Over-Utilized.
2023-09-13 18:18:05,056 [main] DEBUG balancer.ContainerBalancerTask (ContainerBalancerTask.java:lambda$initializeIteration$1(453)) - Datanode localhost-1.135.40.40 e5b213b0-be5f-4b25-a61b-2caec7e5d9b1 is Over-Utilized.
2023-09-13 18:18:05,059 [main] DEBUG balancer.ContainerBalancerTask (ContainerBalancerTask.java:matchSourceWithTarget(708)) - ContainerBalancer is finding suitable target for source datanode ee171b35-2724-4868-b35f-db0a4d10637c
2023-09-13 18:18:05,059 [main] INFO  balancer.FindTargetGreedyByUsageInfo (AbstractFindTargetGreedy.java:findTargetForContainerMove(133)) - Container Balancer could not find a target for source datanode ee171b35-2724-4868-b35f-db0a4d10637c
2023-09-13 18:18:05,059 [main] DEBUG balancer.ContainerBalancerTask (ContainerBalancerTask.java:matchSourceWithTarget(717)) - ContainerBalancer could not find a suitable target for source node ee171b35-2724-4868-b35f-db0a4d10637c.
2023-09-13 18:18:05,060 [main] DEBUG balancer.ContainerBalancerTask (ContainerBalancerTask.java:matchSourceWithTarget(708)) - ContainerBalancer is finding suitable target for source datanode e5b213b0-be5f-4b25-a61b-2caec7e5d9b1
2023-09-13 18:18:05,061 [main] INFO  balancer.FindTargetGreedyByUsageInfo (AbstractFindTargetGreedy.java:findTargetForContainerMove(133)) - Container Balancer could not find a target for source datanode e5b213b0-be5f-4b25-a61b-2caec7e5d9b1
2023-09-13 18:18:05,061 [main] DEBUG balancer.ContainerBalancerTask (ContainerBalancerTask.java:matchSourceWithTarget(717)) - ContainerBalancer could not find a suitable target for source node e5b213b0-be5f-4b25-a61b-2caec7e5d9b1.
2023-09-13 18:18:05,061 [main] INFO  balancer.FindSourceGreedy (FindSourceGreedy.java:getNextCandidateSourceDataNode(126)) - no more candidate source data node
2023-09-13 18:18:05,061 [main] INFO  balancer.ContainerBalancerTask (ContainerBalancerTask.java:balance(259)) - Result of this iteration of Container Balancer: CAN_NOT_BALANCE_ANY_MORE
2023-09-13 18:18:05,061 [main] INFO  balancer.ContainerBalancerTask (ContainerBalancerTask.java:tryStopWithSaveConfiguration(308)) - Save Configuration for stopping. Reason: CAN_NOT_BALANCE_ANY_MORE
2023-09-13 18:18:05,062 [main] DEBUG balancer.ContainerBalancerTask (ContainerBalancerTask.java:initializeIteration(374)) - Average utilization of the cluster is 0.32470527934442994
2023-09-13 18:18:05,062 [main] DEBUG balancer.ContainerBalancerTask (ContainerBalancerTask.java:initializeIteration(386)) - Lower limit for utilization is -0.1110909589817135 and Upper limit for utilization is 0.7605015176705734
2023-09-13 18:18:05,062 [main] DEBUG balancer.ContainerBalancerTask (ContainerBalancerTask.java:initializeIteration(398)) - Utilization for node ee171b35-2724-4868-b35f-db0a4d10637c with capacity 50107951786B, used 45097156608B, and remaining 5010795178B is 0.9000000000119741
2023-09-13 18:18:05,062 [main] DEBUG balancer.ContainerBalancerTask (ContainerBalancerTask.java:initializeIteration(398)) - Utilization for node e5b213b0-be5f-4b25-a61b-2caec7e5d9b1 with capacity 48318382080B, used 38654705664B, and remaining 9663676416B is 0.8
2023-09-13 18:18:05,062 [main] DEBUG balancer.ContainerBalancerTask (ContainerBalancerTask.java:initializeIteration(398)) - Utilization for node 02bc5a57-3f7b-4080-8df1-1b1f3e118d1f with capacity 88967179702B, used 62277025792B, and remaining 26690153910B is 0.700000000006744
2023-09-13 18:18:05,062 [main] DEBUG balancer.ContainerBalancerTask (ContainerBalancerTask.java:initializeIteration(398)) - Utilization for node 7b8ab83c-1d21-4abb-826c-d4ddfa4ee7c5 with capacity 89478485333B, used 53687091200B, and remaining 35791394133B is 0.6000000000022352
2023-09-13 18:18:05,062 [main] DEBUG balancer.ContainerBalancerTask (ContainerBalancerTask.java:initializeIteration(398)) - Utilization for node b4b89c1a-0d21-4d0b-9cab-3c48bd96581d with capacity 75161927680B, used 37580963840B, and remaining 37580963840B is 0.5
2023-09-13 18:18:05,062 [main] DEBUG balancer.ContainerBalancerTask (ContainerBalancerTask.java:initializeIteration(398)) - Utilization for node 98bb5845-e602-4e3e-a367-d6a0089bcabb with capacity 96636764160B, used 38654705664B, and remaining 57982058496B is 0.4
2023-09-13 18:18:05,062 [main] DEBUG balancer.ContainerBalancerTask (ContainerBalancerTask.java:initializeIteration(398)) - Utilization for node 9993b6fb-ffa3-4b80-88b5-8eb0acf42969 with capacity 118111600640B, used 35433480192B, and remaining 82678120448B is 0.3
2023-09-13 18:18:05,062 [main] DEBUG balancer.ContainerBalancerTask (ContainerBalancerTask.java:initializeIteration(398)) - Utilization for node 33a2b1f0-86c3-48fa-8253-aa687652337a with capacity 171798691840B, used 34359738368B, and remaining 137438953472B is 0.2
2023-09-13 18:18:05,063 [main] DEBUG balancer.ContainerBalancerTask (ContainerBalancerTask.java:initializeIteration(398)) - Utilization for node 5610c331-1bdf-47ca-b548-4e2f5bb7723b with capacity 429496729600B, used 42949672960B, and remaining 386547056640B is 0.1
2023-09-13 18:18:05,063 [main] DEBUG balancer.ContainerBalancerTask (ContainerBalancerTask.java:initializeIteration(398)) - Utilization for node cf7dd2c4-ac07-4f32-b7a6-9129d534a5aa with capacity 28991029248B, used 0B, and remaining 28991029248B is 0.0
2023-09-13 18:18:05,063 [main] INFO  balancer.ContainerBalancerTask (ContainerBalancerTask.java:initializeIteration(447)) - Container Balancer has identified 2 Over-Utilized and 0 Under-Utilized Datanodes that need to be balanced.
2023-09-13 18:18:05,063 [main] DEBUG balancer.ContainerBalancerTask (ContainerBalancerTask.java:lambda$initializeIteration$1(453)) - Datanode localhost-108.143.189.206 ee171b35-2724-4868-b35f-db0a4d10637c is Over-Utilized.
2023-09-13 18:18:05,063 [main] DEBUG balancer.ContainerBalancerTask (ContainerBalancerTask.java:lambda$initializeIteration$1(453)) - Datanode localhost-1.135.40.40 e5b213b0-be5f-4b25-a61b-2caec7e5d9b1 is Over-Utilized.
2023-09-13 18:18:05,065 [main] DEBUG balancer.ContainerBalancerTask (ContainerBalancerTask.java:matchSourceWithTarget(708)) - ContainerBalancer is finding suitable target for source datanode ee171b35-2724-4868-b35f-db0a4d10637c
2023-09-13 18:18:05,065 [main] INFO  balancer.FindTargetGreedyByUsageInfo (AbstractFindTargetGreedy.java:findTargetForContainerMove(133)) - Container Balancer could not find a target for source datanode ee171b35-2724-4868-b35f-db0a4d10637c
2023-09-13 18:18:05,065 [main] DEBUG balancer.ContainerBalancerTask (ContainerBalancerTask.java:matchSourceWithTarget(717)) - ContainerBalancer could not find a suitable target for source node ee171b35-2724-4868-b35f-db0a4d10637c.
2023-09-13 18:18:05,067 [main] DEBUG balancer.ContainerBalancerTask (ContainerBalancerTask.java:matchSourceWithTarget(708)) - ContainerBalancer is finding suitable target for source datanode e5b213b0-be5f-4b25-a61b-2caec7e5d9b1
2023-09-13 18:18:05,067 [main] INFO  balancer.FindTargetGreedyByUsageInfo (AbstractFindTargetGreedy.java:findTargetForContainerMove(133)) - Container Balancer could not find a target for source datanode e5b213b0-be5f-4b25-a61b-2caec7e5d9b1
2023-09-13 18:18:05,067 [main] DEBUG balancer.ContainerBalancerTask (ContainerBalancerTask.java:matchSourceWithTarget(717)) - ContainerBalancer could not find a suitable target for source node e5b213b0-be5f-4b25-a61b-2caec7e5d9b1.
2023-09-13 18:18:05,067 [main] INFO  balancer.FindSourceGreedy (FindSourceGreedy.java:getNextCandidateSourceDataNode(126)) - no more candidate source data node
2023-09-13 18:18:05,067 [main] INFO  balancer.ContainerBalancerTask (ContainerBalancerTask.java:balance(259)) - Result of this iteration of Container Balancer: CAN_NOT_BALANCE_ANY_MORE
2023-09-13 18:18:05,067 [main] INFO  balancer.ContainerBalancerTask (ContainerBalancerTask.java:tryStopWithSaveConfiguration(308)) - Save Configuration for stopping. Reason: CAN_NOT_BALANCE_ANY_MORE
2023-09-13 18:18:05,068 [main] DEBUG balancer.ContainerBalancerTask (ContainerBalancerTask.java:initializeIteration(374)) - Average utilization of the cluster is 0.32470527934442994
2023-09-13 18:18:05,068 [main] DEBUG balancer.ContainerBalancerTask (ContainerBalancerTask.java:initializeIteration(386)) - Lower limit for utilization is 0.211446687227707 and Upper limit for utilization is 0.4379638714611529
2023-09-13 18:18:05,068 [main] DEBUG balancer.ContainerBalancerTask (ContainerBalancerTask.java:initializeIteration(398)) - Utilization for node ee171b35-2724-4868-b35f-db0a4d10637c with capacity 50107951786B, used 45097156608B, and remaining 5010795178B is 0.9000000000119741
2023-09-13 18:18:05,068 [main] DEBUG balancer.ContainerBalancerTask (ContainerBalancerTask.java:initializeIteration(398)) - Utilization for node e5b213b0-be5f-4b25-a61b-2caec7e5d9b1 with capacity 48318382080B, used 38654705664B, and remaining 9663676416B is 0.8
2023-09-13 18:18:05,068 [main] DEBUG balancer.ContainerBalancerTask (ContainerBalancerTask.java:initializeIteration(398)) - Utilization for node 02bc5a57-3f7b-4080-8df1-1b1f3e118d1f with capacity 88967179702B, used 62277025792B, and remaining 26690153910B is 0.700000000006744
2023-09-13 18:18:05,069 [main] DEBUG balancer.ContainerBalancerTask (ContainerBalancerTask.java:initializeIteration(398)) - Utilization for node 7b8ab83c-1d21-4abb-826c-d4ddfa4ee7c5 with capacity 89478485333B, used 53687091200B, and remaining 35791394133B is 0.6000000000022352
2023-09-13 18:18:05,069 [main] DEBUG balancer.ContainerBalancerTask (ContainerBalancerTask.java:initializeIteration(398)) - Utilization for node b4b89c1a-0d21-4d0b-9cab-3c48bd96581d with capacity 75161927680B, used 37580963840B, and remaining 37580963840B is 0.5
2023-09-13 18:18:05,069 [main] DEBUG balancer.ContainerBalancerTask (ContainerBalancerTask.java:initializeIteration(398)) - Utilization for node 98bb5845-e602-4e3e-a367-d6a0089bcabb with capacity 96636764160B, used 38654705664B, and remaining 57982058496B is 0.4
2023-09-13 18:18:05,069 [main] DEBUG balancer.ContainerBalancerTask (ContainerBalancerTask.java:initializeIteration(398)) - Utilization for node 9993b6fb-ffa3-4b80-88b5-8eb0acf42969 with capacity 118111600640B, used 35433480192B, and remaining 82678120448B is 0.3
2023-09-13 18:18:05,069 [main] DEBUG balancer.ContainerBalancerTask (ContainerBalancerTask.java:initializeIteration(398)) - Utilization for node 33a2b1f0-86c3-48fa-8253-aa687652337a with capacity 171798691840B, used 34359738368B, and remaining 137438953472B is 0.2
2023-09-13 18:18:05,069 [main] DEBUG balancer.ContainerBalancerTask (ContainerBalancerTask.java:initializeIteration(398)) - Utilization for node 5610c331-1bdf-47ca-b548-4e2f5bb7723b with capacity 429496729600B, used 42949672960B, and remaining 386547056640B is 0.1
2023-09-13 18:18:05,069 [main] DEBUG balancer.ContainerBalancerTask (ContainerBalancerTask.java:initializeIteration(398)) - Utilization for node cf7dd2c4-ac07-4f32-b7a6-9129d534a5aa with capacity 28991029248B, used 0B, and remaining 28991029248B is 0.0
2023-09-13 18:18:05,069 [main] INFO  balancer.ContainerBalancerTask (ContainerBalancerTask.java:initializeIteration(447)) - Container Balancer has identified 5 Over-Utilized and 3 Under-Utilized Datanodes that need to be balanced.
2023-09-13 18:18:05,069 [main] DEBUG balancer.ContainerBalancerTask (ContainerBalancerTask.java:lambda$initializeIteration$1(453)) - Datanode localhost-108.143.189.206 ee171b35-2724-4868-b35f-db0a4d10637c is Over-Utilized.
2023-09-13 18:18:05,069 [main] DEBUG balancer.ContainerBalancerTask (ContainerBalancerTask.java:lambda$initializeIteration$1(453)) - Datanode localhost-1.135.40.40 e5b213b0-be5f-4b25-a61b-2caec7e5d9b1 is Over-Utilized.
2023-09-13 18:18:05,069 [main] DEBUG balancer.ContainerBalancerTask (ContainerBalancerTask.java:lambda$initializeIteration$1(453)) - Datanode localhost-195.84.121.62 02bc5a57-3f7b-4080-8df1-1b1f3e118d1f is Over-Utilized.
2023-09-13 18:18:05,069 [main] DEBUG balancer.ContainerBalancerTask (ContainerBalancerTask.java:lambda$initializeIteration$1(453)) - Datanode localhost-203.31.63.233 7b8ab83c-1d21-4abb-826c-d4ddfa4ee7c5 is Over-Utilized.
2023-09-13 18:18:05,070 [main] DEBUG balancer.ContainerBalancerTask (ContainerBalancerTask.java:lambda$initializeIteration$1(453)) - Datanode localhost-81.58.237.46 b4b89c1a-0d21-4d0b-9cab-3c48bd96581d is Over-Utilized.
2023-09-13 18:18:05,070 [main] DEBUG balancer.ContainerBalancerTask (ContainerBalancerTask.java:lambda$initializeIteration$2(459)) - Datanode localhost-15.132.92.63 cf7dd2c4-ac07-4f32-b7a6-9129d534a5aa is Under-Utilized.
2023-09-13 18:18:05,070 [main] DEBUG balancer.ContainerBalancerTask (ContainerBalancerTask.java:lambda$initializeIteration$2(459)) - Datanode localhost-123.211.5.179 5610c331-1bdf-47ca-b548-4e2f5bb7723b is Under-Utilized.
2023-09-13 18:18:05,070 [main] DEBUG balancer.ContainerBalancerTask (ContainerBalancerTask.java:lambda$initializeIteration$2(459)) - Datanode localhost-128.84.9.86 33a2b1f0-86c3-48fa-8253-aa687652337a is Under-Utilized.
2023-09-13 18:18:05,072 [main] DEBUG balancer.ContainerBalancerTask (ContainerBalancerTask.java:matchSourceWithTarget(708)) - ContainerBalancer is finding suitable target for source datanode ee171b35-2724-4868-b35f-db0a4d10637c
2023-09-13 18:18:05,072 [main] INFO  balancer.ContainerBalancerTask (ContainerBalancerTask.java:matchSourceWithTarget(722)) - ContainerBalancer matched source datanode ee171b35-2724-4868-b35f-db0a4d10637c with target datanode cf7dd2c4-ac07-4f32-b7a6-9129d534a5aa for container move.
2023-09-13 18:18:05,072 [main] INFO  balancer.ContainerBalancerTask (ContainerBalancerTask.java:processMoveSelection(569)) - ContainerBalancer is trying to move container #85 with size 5368709120B from source datanode ee171b35-2724-4868-b35f-db0a4d10637c to target datanode cf7dd2c4-ac07-4f32-b7a6-9129d534a5aa
2023-09-13 18:18:05,072 [main] DEBUG balancer.ContainerBalancerTask (ContainerBalancerTask.java:lambda$moveContainer$3(837)) - Container move completed for container #85 from source ee171b35-2724-4868-b35f-db0a4d10637c to target cf7dd2c4-ac07-4f32-b7a6-9129d534a5aa
2023-09-13 18:18:05,074 [main] DEBUG balancer.ContainerBalancerTask (ContainerBalancerTask.java:matchSourceWithTarget(708)) - ContainerBalancer is finding suitable target for source datanode e5b213b0-be5f-4b25-a61b-2caec7e5d9b1
2023-09-13 18:18:05,074 [main] INFO  balancer.ContainerBalancerTask (ContainerBalancerTask.java:matchSourceWithTarget(722)) - ContainerBalancer matched source datanode e5b213b0-be5f-4b25-a61b-2caec7e5d9b1 with target datanode 5610c331-1bdf-47ca-b548-4e2f5bb7723b for container move.
2023-09-13 18:18:05,075 [main] INFO  balancer.ContainerBalancerTask (ContainerBalancerTask.java:processMoveSelection(569)) - ContainerBalancer is trying to move container #68 with size 5368709120B from source datanode e5b213b0-be5f-4b25-a61b-2caec7e5d9b1 to target datanode 5610c331-1bdf-47ca-b548-4e2f5bb7723b
2023-09-13 18:18:05,075 [main] DEBUG balancer.ContainerBalancerTask (ContainerBalancerTask.java:lambda$moveContainer$3(837)) - Container move completed for container #68 from source e5b213b0-be5f-4b25-a61b-2caec7e5d9b1 to target 5610c331-1bdf-47ca-b548-4e2f5bb7723b
2023-09-13 18:18:05,077 [main] DEBUG balancer.ContainerBalancerTask (ContainerBalancerTask.java:matchSourceWithTarget(708)) - ContainerBalancer is finding suitable target for source datanode ee171b35-2724-4868-b35f-db0a4d10637c
2023-09-13 18:18:05,077 [main] INFO  balancer.ContainerBalancerTask (ContainerBalancerTask.java:matchSourceWithTarget(722)) - ContainerBalancer matched source datanode ee171b35-2724-4868-b35f-db0a4d10637c with target datanode 5610c331-1bdf-47ca-b548-4e2f5bb7723b for container move.
2023-09-13 18:18:05,077 [main] INFO  balancer.ContainerBalancerTask (ContainerBalancerTask.java:processMoveSelection(569)) - ContainerBalancer is trying to move container #89 with size 4294967296B from source datanode ee171b35-2724-4868-b35f-db0a4d10637c to target datanode 5610c331-1bdf-47ca-b548-4e2f5bb7723b
2023-09-13 18:18:05,077 [main] DEBUG balancer.ContainerBalancerTask (ContainerBalancerTask.java:lambda$moveContainer$3(837)) - Container move completed for container #89 from source ee171b35-2724-4868-b35f-db0a4d10637c to target 5610c331-1bdf-47ca-b548-4e2f5bb7723b
2023-09-13 18:18:05,079 [main] DEBUG balancer.ContainerBalancerTask (ContainerBalancerTask.java:matchSourceWithTarget(708)) - ContainerBalancer is finding suitable target for source datanode ee171b35-2724-4868-b35f-db0a4d10637c
2023-09-13 18:18:05,080 [main] INFO  balancer.ContainerBalancerTask (ContainerBalancerTask.java:matchSourceWithTarget(722)) - ContainerBalancer matched source datanode ee171b35-2724-4868-b35f-db0a4d10637c with target datanode 5610c331-1bdf-47ca-b548-4e2f5bb7723b for container move.
2023-09-13 18:18:05,080 [main] INFO  balancer.ContainerBalancerTask (ContainerBalancerTask.java:processMoveSelection(569)) - ContainerBalancer is trying to move container #88 with size 3221225472B from source datanode ee171b35-2724-4868-b35f-db0a4d10637c to target datanode 5610c331-1bdf-47ca-b548-4e2f5bb7723b
2023-09-13 18:18:05,080 [main] DEBUG balancer.ContainerBalancerTask (ContainerBalancerTask.java:lambda$moveContainer$3(837)) - Container move completed for container #88 from source ee171b35-2724-4868-b35f-db0a4d10637c to target 5610c331-1bdf-47ca-b548-4e2f5bb7723b
2023-09-13 18:18:05,083 [main] DEBUG balancer.ContainerBalancerTask (ContainerBalancerTask.java:matchSourceWithTarget(708)) - ContainerBalancer is finding suitable target for source datanode 02bc5a57-3f7b-4080-8df1-1b1f3e118d1f
2023-09-13 18:18:05,083 [main] INFO  balancer.ContainerBalancerTask (ContainerBalancerTask.java:matchSourceWithTarget(722)) - ContainerBalancer matched source datanode 02bc5a57-3f7b-4080-8df1-1b1f3e118d1f with target datanode 5610c331-1bdf-47ca-b548-4e2f5bb7723b for container move.
2023-09-13 18:18:05,083 [main] INFO  balancer.ContainerBalancerTask (ContainerBalancerTask.java:processMoveSelection(569)) - ContainerBalancer is trying to move container #40 with size 5368709120B from source datanode 02bc5a57-3f7b-4080-8df1-1b1f3e118d1f to target datanode 5610c331-1bdf-47ca-b548-4e2f5bb7723b
2023-09-13 18:18:05,084 [main] DEBUG balancer.ContainerBalancerTask (ContainerBalancerTask.java:lambda$moveContainer$3(837)) - Container move completed for container #40 from source 02bc5a57-3f7b-4080-8df1-1b1f3e118d1f to target 5610c331-1bdf-47ca-b548-4e2f5bb7723b
2023-09-13 18:18:05,086 [main] DEBUG balancer.ContainerBalancerTask (ContainerBalancerTask.java:matchSourceWithTarget(708)) - ContainerBalancer is finding suitable target for source datanode e5b213b0-be5f-4b25-a61b-2caec7e5d9b1
2023-09-13 18:18:05,086 [main] INFO  balancer.ContainerBalancerTask (ContainerBalancerTask.java:matchSourceWithTarget(722)) - ContainerBalancer matched source datanode e5b213b0-be5f-4b25-a61b-2caec7e5d9b1 with target datanode 5610c331-1bdf-47ca-b548-4e2f5bb7723b for container move.
2023-09-13 18:18:05,086 [main] INFO  balancer.ContainerBalancerTask (ContainerBalancerTask.java:processMoveSelection(569)) - ContainerBalancer is trying to move container #67 with size 4294967296B from source datanode e5b213b0-be5f-4b25-a61b-2caec7e5d9b1 to target datanode 5610c331-1bdf-47ca-b548-4e2f5bb7723b
2023-09-13 18:18:05,087 [main] DEBUG balancer.ContainerBalancerTask (ContainerBalancerTask.java:lambda$moveContainer$3(837)) - Container move completed for container #67 from source e5b213b0-be5f-4b25-a61b-2caec7e5d9b1 to target 5610c331-1bdf-47ca-b548-4e2f5bb7723b
2023-09-13 18:18:05,089 [main] DEBUG balancer.ContainerBalancerTask (ContainerBalancerTask.java:matchSourceWithTarget(708)) - ContainerBalancer is finding suitable target for source datanode ee171b35-2724-4868-b35f-db0a4d10637c
2023-09-13 18:18:05,089 [main] INFO  balancer.ContainerBalancerTask (ContainerBalancerTask.java:matchSourceWithTarget(722)) - ContainerBalancer matched source datanode ee171b35-2724-4868-b35f-db0a4d10637c with target datanode 5610c331-1bdf-47ca-b548-4e2f5bb7723b for container move.
2023-09-13 18:18:05,089 [main] INFO  balancer.ContainerBalancerTask (ContainerBalancerTask.java:processMoveSelection(569)) - ContainerBalancer is trying to move container #83 with size 3221225472B from source datanode ee171b35-2724-4868-b35f-db0a4d10637c to target datanode 5610c331-1bdf-47ca-b548-4e2f5bb7723b
2023-09-13 18:18:05,090 [main] DEBUG balancer.ContainerBalancerTask (ContainerBalancerTask.java:lambda$moveContainer$3(837)) - Container move completed for container #83 from source ee171b35-2724-4868-b35f-db0a4d10637c to target 5610c331-1bdf-47ca-b548-4e2f5bb7723b
2023-09-13 18:18:05,094 [main] DEBUG balancer.ContainerBalancerTask (ContainerBalancerTask.java:matchSourceWithTarget(708)) - ContainerBalancer is finding suitable target for source datanode 02bc5a57-3f7b-4080-8df1-1b1f3e118d1f
2023-09-13 18:18:05,095 [main] INFO  balancer.ContainerBalancerTask (ContainerBalancerTask.java:matchSourceWithTarget(722)) - ContainerBalancer matched source datanode 02bc5a57-3f7b-4080-8df1-1b1f3e118d1f with target datanode 5610c331-1bdf-47ca-b548-4e2f5bb7723b for container move.
2023-09-13 18:18:05,095 [main] INFO  balancer.ContainerBalancerTask (ContainerBalancerTask.java:processMoveSelection(569)) - ContainerBalancer is trying to move container #29 with size 5368709120B from source datanode 02bc5a57-3f7b-4080-8df1-1b1f3e118d1f to target datanode 5610c331-1bdf-47ca-b548-4e2f5bb7723b
2023-09-13 18:18:05,095 [main] DEBUG balancer.ContainerBalancerTask (ContainerBalancerTask.java:lambda$moveContainer$3(837)) - Container move completed for container #29 from source 02bc5a57-3f7b-4080-8df1-1b1f3e118d1f to target 5610c331-1bdf-47ca-b548-4e2f5bb7723b
2023-09-13 18:18:05,098 [main] DEBUG balancer.ContainerBalancerTask (ContainerBalancerTask.java:matchSourceWithTarget(708)) - ContainerBalancer is finding suitable target for source datanode 7b8ab83c-1d21-4abb-826c-d4ddfa4ee7c5
2023-09-13 18:18:05,098 [main] INFO  balancer.ContainerBalancerTask (ContainerBalancerTask.java:matchSourceWithTarget(722)) - ContainerBalancer matched source datanode 7b8ab83c-1d21-4abb-826c-d4ddfa4ee7c5 with target datanode 5610c331-1bdf-47ca-b548-4e2f5bb7723b for container move.
2023-09-13 18:18:05,098 [main] INFO  balancer.ContainerBalancerTask (ContainerBalancerTask.java:processMoveSelection(569)) - ContainerBalancer is trying to move container #39 with size 4294967296B from source datanode 7b8ab83c-1d21-4abb-826c-d4ddfa4ee7c5 to target datanode 5610c331-1bdf-47ca-b548-4e2f5bb7723b
2023-09-13 18:18:05,098 [main] DEBUG balancer.ContainerBalancerTask (ContainerBalancerTask.java:lambda$moveContainer$3(837)) - Container move completed for container #39 from source 7b8ab83c-1d21-4abb-826c-d4ddfa4ee7c5 to target 5610c331-1bdf-47ca-b548-4e2f5bb7723b
2023-09-13 18:18:05,100 [main] DEBUG balancer.ContainerBalancerTask (ContainerBalancerTask.java:matchSourceWithTarget(708)) - ContainerBalancer is finding suitable target for source datanode e5b213b0-be5f-4b25-a61b-2caec7e5d9b1
2023-09-13 18:18:05,101 [main] INFO  balancer.ContainerBalancerTask (ContainerBalancerTask.java:matchSourceWithTarget(722)) - ContainerBalancer matched source datanode e5b213b0-be5f-4b25-a61b-2caec7e5d9b1 with target datanode 5610c331-1bdf-47ca-b548-4e2f5bb7723b for container move.
2023-09-13 18:18:05,101 [main] INFO  balancer.ContainerBalancerTask (ContainerBalancerTask.java:processMoveSelection(569)) - ContainerBalancer is trying to move container #66 with size 3221225472B from source datanode e5b213b0-be5f-4b25-a61b-2caec7e5d9b1 to target datanode 5610c331-1bdf-47ca-b548-4e2f5bb7723b
2023-09-13 18:18:05,101 [main] DEBUG balancer.ContainerBalancerTask (ContainerBalancerTask.java:lambda$moveContainer$3(837)) - Container move completed for container #66 from source e5b213b0-be5f-4b25-a61b-2caec7e5d9b1 to target 5610c331-1bdf-47ca-b548-4e2f5bb7723b
2023-09-13 18:18:05,104 [main] DEBUG balancer.ContainerBalancerTask (ContainerBalancerTask.java:matchSourceWithTarget(708)) - ContainerBalancer is finding suitable target for source datanode 02bc5a57-3f7b-4080-8df1-1b1f3e118d1f
2023-09-13 18:18:05,104 [main] INFO  balancer.ContainerBalancerTask (ContainerBalancerTask.java:matchSourceWithTarget(722)) - ContainerBalancer matched source datanode 02bc5a57-3f7b-4080-8df1-1b1f3e118d1f with target datanode cf7dd2c4-ac07-4f32-b7a6-9129d534a5aa for container move.
2023-09-13 18:18:05,104 [main] INFO  balancer.ContainerBalancerTask (ContainerBalancerTask.java:processMoveSelection(569)) - ContainerBalancer is trying to move container #53 with size 5368709120B from source datanode 02bc5a57-3f7b-4080-8df1-1b1f3e118d1f to target datanode cf7dd2c4-ac07-4f32-b7a6-9129d534a5aa
2023-09-13 18:18:05,105 [main] DEBUG balancer.ContainerBalancerTask (ContainerBalancerTask.java:lambda$moveContainer$3(837)) - Container move completed for container #53 from source 02bc5a57-3f7b-4080-8df1-1b1f3e118d1f to target cf7dd2c4-ac07-4f32-b7a6-9129d534a5aa
2023-09-13 18:18:05,107 [main] DEBUG balancer.ContainerBalancerTask (ContainerBalancerTask.java:matchSourceWithTarget(708)) - ContainerBalancer is finding suitable target for source datanode ee171b35-2724-4868-b35f-db0a4d10637c
2023-09-13 18:18:05,107 [main] INFO  balancer.ContainerBalancerTask (ContainerBalancerTask.java:matchSourceWithTarget(722)) - ContainerBalancer matched source datanode ee171b35-2724-4868-b35f-db0a4d10637c with target datanode 5610c331-1bdf-47ca-b548-4e2f5bb7723b for container move.
2023-09-13 18:18:05,107 [main] INFO  balancer.ContainerBalancerTask (ContainerBalancerTask.java:processMoveSelection(569)) - ContainerBalancer is trying to move container #87 with size 2147483648B from source datanode ee171b35-2724-4868-b35f-db0a4d10637c to target datanode 5610c331-1bdf-47ca-b548-4e2f5bb7723b
2023-09-13 18:18:05,108 [main] DEBUG balancer.ContainerBalancerTask (ContainerBalancerTask.java:lambda$moveContainer$3(837)) - Container move completed for container #87 from source ee171b35-2724-4868-b35f-db0a4d10637c to target 5610c331-1bdf-47ca-b548-4e2f5bb7723b
2023-09-13 18:18:05,110 [main] DEBUG balancer.ContainerBalancerTask (ContainerBalancerTask.java:matchSourceWithTarget(708)) - ContainerBalancer is finding suitable target for source datanode 7b8ab83c-1d21-4abb-826c-d4ddfa4ee7c5
2023-09-13 18:18:05,110 [main] INFO  balancer.ContainerBalancerTask (ContainerBalancerTask.java:matchSourceWithTarget(722)) - ContainerBalancer matched source datanode 7b8ab83c-1d21-4abb-826c-d4ddfa4ee7c5 with target datanode 5610c331-1bdf-47ca-b548-4e2f5bb7723b for container move.
2023-09-13 18:18:05,111 [main] INFO  balancer.ContainerBalancerTask (ContainerBalancerTask.java:processMoveSelection(569)) - ContainerBalancer is trying to move container #37 with size 2147483648B from source datanode 7b8ab83c-1d21-4abb-826c-d4ddfa4ee7c5 to target datanode 5610c331-1bdf-47ca-b548-4e2f5bb7723b
2023-09-13 18:18:05,111 [main] DEBUG balancer.ContainerBalancerTask (ContainerBalancerTask.java:lambda$moveContainer$3(837)) - Container move completed for container #37 from source 7b8ab83c-1d21-4abb-826c-d4ddfa4ee7c5 to target 5610c331-1bdf-47ca-b548-4e2f5bb7723b
2023-09-13 18:18:05,111 [main] WARN  balancer.ContainerBalancerTask (ContainerBalancerTask.java:reachedMaxSizeToMovePerIteration(733)) - Reached max size to move limit. 53687091200 bytes have already been scheduled for balancing and the limit is 53687091200 bytes.
2023-09-13 18:18:05,111 [main] INFO  balancer.ContainerBalancerTask (ContainerBalancerTask.java:checkIterationMoveResults(642)) - Iteration Summary. Number of Datanodes involved: 6. Size moved: 50 GB (53687091200 Bytes). Number of Container moves completed: 13.
2023-09-13 18:18:05,111 [main] INFO  balancer.ContainerBalancerTask (ContainerBalancerTask.java:balance(259)) - Result of this iteration of Container Balancer: ITERATION_COMPLETED
2023-09-13 18:18:05,112 [main] INFO  balancer.ContainerBalancerTask (ContainerBalancerTask.java:tryStopWithSaveConfiguration(308)) - Save Configuration for stopping. Reason: Completed all iterations.
2023-09-13 18:18:05,113 [main] DEBUG balancer.ContainerBalancerTask (ContainerBalancerTask.java:initializeIteration(374)) - Average utilization of the cluster is 0.32470527934442994
2023-09-13 18:18:05,113 [main] DEBUG balancer.ContainerBalancerTask (ContainerBalancerTask.java:initializeIteration(386)) - Lower limit for utilization is -0.3629866712453109 and Upper limit for utilization is 1.0123972299341708
2023-09-13 18:18:05,113 [main] DEBUG balancer.ContainerBalancerTask (ContainerBalancerTask.java:initializeIteration(398)) - Utilization for node ee171b35-2724-4868-b35f-db0a4d10637c with capacity 50107951786B, used 45097156608B, and remaining 5010795178B is 0.9000000000119741
2023-09-13 18:18:05,113 [main] DEBUG balancer.ContainerBalancerTask (ContainerBalancerTask.java:initializeIteration(398)) - Utilization for node e5b213b0-be5f-4b25-a61b-2caec7e5d9b1 with capacity 48318382080B, used 38654705664B, and remaining 9663676416B is 0.8
2023-09-13 18:18:05,113 [main] DEBUG balancer.ContainerBalancerTask (ContainerBalancerTask.java:initializeIteration(398)) - Utilization for node 02bc5a57-3f7b-4080-8df1-1b1f3e118d1f with capacity 88967179702B, used 62277025792B, and remaining 26690153910B is 0.700000000006744
2023-09-13 18:18:05,113 [main] DEBUG balancer.ContainerBalancerTask (ContainerBalancerTask.java:initializeIteration(398)) - Utilization for node 7b8ab83c-1d21-4abb-826c-d4ddfa4ee7c5 with capacity 89478485333B, used 53687091200B, and remaining 35791394133B is 0.6000000000022352
2023-09-13 18:18:05,113 [main] DEBUG balancer.ContainerBalancerTask (ContainerBalancerTask.java:initializeIteration(398)) - Utilization for node b4b89c1a-0d21-4d0b-9cab-3c48bd96581d with capacity 75161927680B, used 37580963840B, and remaining 37580963840B is 0.5
2023-09-13 18:18:05,113 [main] DEBUG balancer.ContainerBalancerTask (ContainerBalancerTask.java:initializeIteration(398)) - Utilization for node 98bb5845-e602-4e3e-a367-d6a0089bcabb with capacity 96636764160B, used 38654705664B, and remaining 57982058496B is 0.4
2023-09-13 18:18:05,113 [main] DEBUG balancer.ContainerBalancerTask (ContainerBalancerTask.java:initializeIteration(398)) - Utilization for node 9993b6fb-ffa3-4b80-88b5-8eb0acf42969 with capacity 118111600640B, used 35433480192B, and remaining 82678120448B is 0.3
2023-09-13 18:18:05,113 [main] DEBUG balancer.ContainerBalancerTask (ContainerBalancerTask.java:initializeIteration(398)) - Utilization for node 33a2b1f0-86c3-48fa-8253-aa687652337a with capacity 171798691840B, used 34359738368B, and remaining 137438953472B is 0.2
2023-09-13 18:18:05,113 [main] DEBUG balancer.ContainerBalancerTask (ContainerBalancerTask.java:initializeIteration(398)) - Utilization for node 5610c331-1bdf-47ca-b548-4e2f5bb7723b with capacity 429496729600B, used 42949672960B, and remaining 386547056640B is 0.1
2023-09-13 18:18:05,114 [main] DEBUG balancer.ContainerBalancerTask (ContainerBalancerTask.java:initializeIteration(398)) - Utilization for node cf7dd2c4-ac07-4f32-b7a6-9129d534a5aa with capacity 28991029248B, used 0B, and remaining 28991029248B is 0.0
2023-09-13 18:18:05,114 [main] INFO  balancer.ContainerBalancerTask (ContainerBalancerTask.java:initializeIteration(443)) - Did not find any unbalanced Datanodes.
2023-09-13 18:18:05,114 [main] INFO  balancer.ContainerBalancerTask (ContainerBalancerTask.java:tryStopWithSaveConfiguration(308)) - Save Configuration for stopping. Reason: Could not initialize ContainerBalancer's iteration number 0
2023-09-13 18:18:05,114 [main] DEBUG balancer.ContainerBalancerTask (ContainerBalancerTask.java:initializeIteration(374)) - Average utilization of the cluster is 0.32470527934442994
2023-09-13 18:18:05,114 [main] DEBUG balancer.ContainerBalancerTask (ContainerBalancerTask.java:initializeIteration(386)) - Lower limit for utilization is 0.14042722250347073 and Upper limit for utilization is 0.5089833361853892
2023-09-13 18:18:05,115 [main] DEBUG balancer.ContainerBalancerTask (ContainerBalancerTask.java:initializeIteration(398)) - Utilization for node ee171b35-2724-4868-b35f-db0a4d10637c with capacity 50107951786B, used 45097156608B, and remaining 5010795178B is 0.9000000000119741
2023-09-13 18:18:05,115 [main] DEBUG balancer.ContainerBalancerTask (ContainerBalancerTask.java:initializeIteration(398)) - Utilization for node e5b213b0-be5f-4b25-a61b-2caec7e5d9b1 with capacity 48318382080B, used 38654705664B, and remaining 9663676416B is 0.8
2023-09-13 18:18:05,115 [main] DEBUG balancer.ContainerBalancerTask (ContainerBalancerTask.java:initializeIteration(398)) - Utilization for node 02bc5a57-3f7b-4080-8df1-1b1f3e118d1f with capacity 88967179702B, used 62277025792B, and remaining 26690153910B is 0.700000000006744
2023-09-13 18:18:05,115 [main] DEBUG balancer.ContainerBalancerTask (ContainerBalancerTask.java:initializeIteration(398)) - Utilization for node 7b8ab83c-1d21-4abb-826c-d4ddfa4ee7c5 with capacity 89478485333B, used 53687091200B, and remaining 35791394133B is 0.6000000000022352
2023-09-13 18:18:05,115 [main] DEBUG balancer.ContainerBalancerTask (ContainerBalancerTask.java:initializeIteration(398)) - Utilization for node b4b89c1a-0d21-4d0b-9cab-3c48bd96581d with capacity 75161927680B, used 37580963840B, and remaining 37580963840B is 0.5
2023-09-13 18:18:05,115 [main] DEBUG balancer.ContainerBalancerTask (ContainerBalancerTask.java:initializeIteration(398)) - Utilization for node 98bb5845-e602-4e3e-a367-d6a0089bcabb with capacity 96636764160B, used 38654705664B, and remaining 57982058496B is 0.4
2023-09-13 18:18:05,115 [main] DEBUG balancer.ContainerBalancerTask (ContainerBalancerTask.java:initializeIteration(398)) - Utilization for node 9993b6fb-ffa3-4b80-88b5-8eb0acf42969 with capacity 118111600640B, used 35433480192B, and remaining 82678120448B is 0.3
2023-09-13 18:18:05,115 [main] DEBUG balancer.ContainerBalancerTask (ContainerBalancerTask.java:initializeIteration(398)) - Utilization for node 33a2b1f0-86c3-48fa-8253-aa687652337a with capacity 171798691840B, used 34359738368B, and remaining 137438953472B is 0.2
2023-09-13 18:18:05,115 [main] DEBUG balancer.ContainerBalancerTask (ContainerBalancerTask.java:initializeIteration(398)) - Utilization for node 5610c331-1bdf-47ca-b548-4e2f5bb7723b with capacity 429496729600B, used 42949672960B, and remaining 386547056640B is 0.1
2023-09-13 18:18:05,115 [main] DEBUG balancer.ContainerBalancerTask (ContainerBalancerTask.java:initializeIteration(398)) - Utilization for node cf7dd2c4-ac07-4f32-b7a6-9129d534a5aa with capacity 28991029248B, used 0B, and remaining 28991029248B is 0.0
2023-09-13 18:18:05,115 [main] INFO  balancer.ContainerBalancerTask (ContainerBalancerTask.java:initializeIteration(447)) - Container Balancer has identified 4 Over-Utilized and 2 Under-Utilized Datanodes that need to be balanced.
2023-09-13 18:18:05,115 [main] DEBUG balancer.ContainerBalancerTask (ContainerBalancerTask.java:lambda$initializeIteration$1(453)) - Datanode localhost-108.143.189.206 ee171b35-2724-4868-b35f-db0a4d10637c is Over-Utilized.
2023-09-13 18:18:05,116 [main] DEBUG balancer.ContainerBalancerTask (ContainerBalancerTask.java:lambda$initializeIteration$1(453)) - Datanode localhost-1.135.40.40 e5b213b0-be5f-4b25-a61b-2caec7e5d9b1 is Over-Utilized.
2023-09-13 18:18:05,116 [main] DEBUG balancer.ContainerBalancerTask (ContainerBalancerTask.java:lambda$initializeIteration$1(453)) - Datanode localhost-195.84.121.62 02bc5a57-3f7b-4080-8df1-1b1f3e118d1f is Over-Utilized.
2023-09-13 18:18:05,116 [main] DEBUG balancer.ContainerBalancerTask (ContainerBalancerTask.java:lambda$initializeIteration$1(453)) - Datanode localhost-203.31.63.233 7b8ab83c-1d21-4abb-826c-d4ddfa4ee7c5 is Over-Utilized.
2023-09-13 18:18:05,116 [main] DEBUG balancer.ContainerBalancerTask (ContainerBalancerTask.java:lambda$initializeIteration$2(459)) - Datanode localhost-15.132.92.63 cf7dd2c4-ac07-4f32-b7a6-9129d534a5aa is Under-Utilized.
2023-09-13 18:18:05,116 [main] DEBUG balancer.ContainerBalancerTask (ContainerBalancerTask.java:lambda$initializeIteration$2(459)) - Datanode localhost-123.211.5.179 5610c331-1bdf-47ca-b548-4e2f5bb7723b is Under-Utilized.
2023-09-13 18:18:05,118 [main] DEBUG balancer.ContainerBalancerTask (ContainerBalancerTask.java:matchSourceWithTarget(708)) - ContainerBalancer is finding suitable target for source datanode ee171b35-2724-4868-b35f-db0a4d10637c
2023-09-13 18:18:05,118 [main] INFO  balancer.ContainerBalancerTask (ContainerBalancerTask.java:matchSourceWithTarget(722)) - ContainerBalancer matched source datanode ee171b35-2724-4868-b35f-db0a4d10637c with target datanode cf7dd2c4-ac07-4f32-b7a6-9129d534a5aa for container move.
2023-09-13 18:18:05,118 [main] INFO  balancer.ContainerBalancerTask (ContainerBalancerTask.java:processMoveSelection(569)) - ContainerBalancer is trying to move container #85 with size 5368709120B from source datanode ee171b35-2724-4868-b35f-db0a4d10637c to target datanode cf7dd2c4-ac07-4f32-b7a6-9129d534a5aa
2023-09-13 18:18:05,119 [main] DEBUG balancer.ContainerBalancerTask (ContainerBalancerTask.java:lambda$moveContainer$3(837)) - Container move completed for container #85 from source ee171b35-2724-4868-b35f-db0a4d10637c to target cf7dd2c4-ac07-4f32-b7a6-9129d534a5aa
2023-09-13 18:18:05,120 [main] DEBUG balancer.ContainerBalancerTask (ContainerBalancerTask.java:matchSourceWithTarget(708)) - ContainerBalancer is finding suitable target for source datanode e5b213b0-be5f-4b25-a61b-2caec7e5d9b1
2023-09-13 18:18:05,121 [main] INFO  balancer.ContainerBalancerTask (ContainerBalancerTask.java:matchSourceWithTarget(722)) - ContainerBalancer matched source datanode e5b213b0-be5f-4b25-a61b-2caec7e5d9b1 with target datanode 5610c331-1bdf-47ca-b548-4e2f5bb7723b for container move.
2023-09-13 18:18:05,121 [main] INFO  balancer.ContainerBalancerTask (ContainerBalancerTask.java:processMoveSelection(569)) - ContainerBalancer is trying to move container #68 with size 5368709120B from source datanode e5b213b0-be5f-4b25-a61b-2caec7e5d9b1 to target datanode 5610c331-1bdf-47ca-b548-4e2f5bb7723b
2023-09-13 18:18:05,121 [main] DEBUG balancer.ContainerBalancerTask (ContainerBalancerTask.java:lambda$moveContainer$3(837)) - Container move completed for container #68 from source e5b213b0-be5f-4b25-a61b-2caec7e5d9b1 to target 5610c331-1bdf-47ca-b548-4e2f5bb7723b
2023-09-13 18:18:05,123 [main] DEBUG balancer.ContainerBalancerTask (ContainerBalancerTask.java:matchSourceWithTarget(708)) - ContainerBalancer is finding suitable target for source datanode ee171b35-2724-4868-b35f-db0a4d10637c
2023-09-13 18:18:05,123 [main] INFO  balancer.ContainerBalancerTask (ContainerBalancerTask.java:matchSourceWithTarget(722)) - ContainerBalancer matched source datanode ee171b35-2724-4868-b35f-db0a4d10637c with target datanode 5610c331-1bdf-47ca-b548-4e2f5bb7723b for container move.
2023-09-13 18:18:05,123 [main] INFO  balancer.ContainerBalancerTask (ContainerBalancerTask.java:processMoveSelection(569)) - ContainerBalancer is trying to move container #89 with size 4294967296B from source datanode ee171b35-2724-4868-b35f-db0a4d10637c to target datanode 5610c331-1bdf-47ca-b548-4e2f5bb7723b
2023-09-13 18:18:05,123 [main] DEBUG balancer.ContainerBalancerTask (ContainerBalancerTask.java:lambda$moveContainer$3(837)) - Container move completed for container #89 from source ee171b35-2724-4868-b35f-db0a4d10637c to target 5610c331-1bdf-47ca-b548-4e2f5bb7723b
2023-09-13 18:18:05,126 [main] DEBUG balancer.ContainerBalancerTask (ContainerBalancerTask.java:matchSourceWithTarget(708)) - ContainerBalancer is finding suitable target for source datanode ee171b35-2724-4868-b35f-db0a4d10637c
2023-09-13 18:18:05,126 [main] INFO  balancer.ContainerBalancerTask (ContainerBalancerTask.java:matchSourceWithTarget(722)) - ContainerBalancer matched source datanode ee171b35-2724-4868-b35f-db0a4d10637c with target datanode 5610c331-1bdf-47ca-b548-4e2f5bb7723b for container move.
2023-09-13 18:18:05,126 [main] INFO  balancer.ContainerBalancerTask (ContainerBalancerTask.java:processMoveSelection(569)) - ContainerBalancer is trying to move container #88 with size 3221225472B from source datanode ee171b35-2724-4868-b35f-db0a4d10637c to target datanode 5610c331-1bdf-47ca-b548-4e2f5bb7723b
2023-09-13 18:18:05,126 [main] DEBUG balancer.ContainerBalancerTask (ContainerBalancerTask.java:lambda$moveContainer$3(837)) - Container move completed for container #88 from source ee171b35-2724-4868-b35f-db0a4d10637c to target 5610c331-1bdf-47ca-b548-4e2f5bb7723b
2023-09-13 18:18:05,129 [main] DEBUG balancer.ContainerBalancerTask (ContainerBalancerTask.java:matchSourceWithTarget(708)) - ContainerBalancer is finding suitable target for source datanode 02bc5a57-3f7b-4080-8df1-1b1f3e118d1f
2023-09-13 18:18:05,129 [main] INFO  balancer.ContainerBalancerTask (ContainerBalancerTask.java:matchSourceWithTarget(722)) - ContainerBalancer matched source datanode 02bc5a57-3f7b-4080-8df1-1b1f3e118d1f with target datanode 5610c331-1bdf-47ca-b548-4e2f5bb7723b for container move.
2023-09-13 18:18:05,130 [main] INFO  balancer.ContainerBalancerTask (ContainerBalancerTask.java:processMoveSelection(569)) - ContainerBalancer is trying to move container #40 with size 5368709120B from source datanode 02bc5a57-3f7b-4080-8df1-1b1f3e118d1f to target datanode 5610c331-1bdf-47ca-b548-4e2f5bb7723b
2023-09-13 18:18:05,130 [main] DEBUG balancer.ContainerBalancerTask (ContainerBalancerTask.java:lambda$moveContainer$3(837)) - Container move completed for container #40 from source 02bc5a57-3f7b-4080-8df1-1b1f3e118d1f to target 5610c331-1bdf-47ca-b548-4e2f5bb7723b
2023-09-13 18:18:05,132 [main] DEBUG balancer.ContainerBalancerTask (ContainerBalancerTask.java:matchSourceWithTarget(708)) - ContainerBalancer is finding suitable target for source datanode e5b213b0-be5f-4b25-a61b-2caec7e5d9b1
2023-09-13 18:18:05,132 [main] INFO  balancer.ContainerBalancerTask (ContainerBalancerTask.java:matchSourceWithTarget(722)) - ContainerBalancer matched source datanode e5b213b0-be5f-4b25-a61b-2caec7e5d9b1 with target datanode 5610c331-1bdf-47ca-b548-4e2f5bb7723b for container move.
2023-09-13 18:18:05,132 [main] INFO  balancer.ContainerBalancerTask (ContainerBalancerTask.java:processMoveSelection(569)) - ContainerBalancer is trying to move container #67 with size 4294967296B from source datanode e5b213b0-be5f-4b25-a61b-2caec7e5d9b1 to target datanode 5610c331-1bdf-47ca-b548-4e2f5bb7723b
2023-09-13 18:18:05,132 [main] DEBUG balancer.ContainerBalancerTask (ContainerBalancerTask.java:lambda$moveContainer$3(837)) - Container move completed for container #67 from source e5b213b0-be5f-4b25-a61b-2caec7e5d9b1 to target 5610c331-1bdf-47ca-b548-4e2f5bb7723b
2023-09-13 18:18:05,134 [main] DEBUG balancer.ContainerBalancerTask (ContainerBalancerTask.java:matchSourceWithTarget(708)) - ContainerBalancer is finding suitable target for source datanode ee171b35-2724-4868-b35f-db0a4d10637c
2023-09-13 18:18:05,135 [main] INFO  balancer.ContainerBalancerTask (ContainerBalancerTask.java:matchSourceWithTarget(722)) - ContainerBalancer matched source datanode ee171b35-2724-4868-b35f-db0a4d10637c with target datanode 5610c331-1bdf-47ca-b548-4e2f5bb7723b for container move.
2023-09-13 18:18:05,135 [main] INFO  balancer.ContainerBalancerTask (ContainerBalancerTask.java:processMoveSelection(569)) - ContainerBalancer is trying to move container #83 with size 3221225472B from source datanode ee171b35-2724-4868-b35f-db0a4d10637c to target datanode 5610c331-1bdf-47ca-b548-4e2f5bb7723b
2023-09-13 18:18:05,135 [main] DEBUG balancer.ContainerBalancerTask (ContainerBalancerTask.java:lambda$moveContainer$3(837)) - Container move completed for container #83 from source ee171b35-2724-4868-b35f-db0a4d10637c to target 5610c331-1bdf-47ca-b548-4e2f5bb7723b
2023-09-13 18:18:05,138 [main] DEBUG balancer.ContainerBalancerTask (ContainerBalancerTask.java:matchSourceWithTarget(708)) - ContainerBalancer is finding suitable target for source datanode 02bc5a57-3f7b-4080-8df1-1b1f3e118d1f
2023-09-13 18:18:05,138 [main] INFO  balancer.ContainerBalancerTask (ContainerBalancerTask.java:matchSourceWithTarget(722)) - ContainerBalancer matched source datanode 02bc5a57-3f7b-4080-8df1-1b1f3e118d1f with target datanode 5610c331-1bdf-47ca-b548-4e2f5bb7723b for container move.
2023-09-13 18:18:05,138 [main] INFO  balancer.ContainerBalancerTask (ContainerBalancerTask.java:processMoveSelection(569)) - ContainerBalancer is trying to move container #29 with size 5368709120B from source datanode 02bc5a57-3f7b-4080-8df1-1b1f3e118d1f to target datanode 5610c331-1bdf-47ca-b548-4e2f5bb7723b
2023-09-13 18:18:05,138 [main] DEBUG balancer.ContainerBalancerTask (ContainerBalancerTask.java:lambda$moveContainer$3(837)) - Container move completed for container #29 from source 02bc5a57-3f7b-4080-8df1-1b1f3e118d1f to target 5610c331-1bdf-47ca-b548-4e2f5bb7723b
2023-09-13 18:18:05,141 [main] DEBUG balancer.ContainerBalancerTask (ContainerBalancerTask.java:matchSourceWithTarget(708)) - ContainerBalancer is finding suitable target for source datanode 7b8ab83c-1d21-4abb-826c-d4ddfa4ee7c5
2023-09-13 18:18:05,141 [main] INFO  balancer.ContainerBalancerTask (ContainerBalancerTask.java:matchSourceWithTarget(722)) - ContainerBalancer matched source datanode 7b8ab83c-1d21-4abb-826c-d4ddfa4ee7c5 with target datanode 5610c331-1bdf-47ca-b548-4e2f5bb7723b for container move.
2023-09-13 18:18:05,141 [main] INFO  balancer.ContainerBalancerTask (ContainerBalancerTask.java:processMoveSelection(569)) - ContainerBalancer is trying to move container #39 with size 4294967296B from source datanode 7b8ab83c-1d21-4abb-826c-d4ddfa4ee7c5 to target datanode 5610c331-1bdf-47ca-b548-4e2f5bb7723b
2023-09-13 18:18:05,142 [main] DEBUG balancer.ContainerBalancerTask (ContainerBalancerTask.java:lambda$moveContainer$3(837)) - Container move completed for container #39 from source 7b8ab83c-1d21-4abb-826c-d4ddfa4ee7c5 to target 5610c331-1bdf-47ca-b548-4e2f5bb7723b
2023-09-13 18:18:05,144 [main] DEBUG balancer.ContainerBalancerTask (ContainerBalancerTask.java:matchSourceWithTarget(708)) - ContainerBalancer is finding suitable target for source datanode e5b213b0-be5f-4b25-a61b-2caec7e5d9b1
2023-09-13 18:18:05,144 [main] INFO  balancer.ContainerBalancerTask (ContainerBalancerTask.java:matchSourceWithTarget(722)) - ContainerBalancer matched source datanode e5b213b0-be5f-4b25-a61b-2caec7e5d9b1 with target datanode 5610c331-1bdf-47ca-b548-4e2f5bb7723b for container move.
2023-09-13 18:18:05,144 [main] INFO  balancer.ContainerBalancerTask (ContainerBalancerTask.java:processMoveSelection(569)) - ContainerBalancer is trying to move container #66 with size 3221225472B from source datanode e5b213b0-be5f-4b25-a61b-2caec7e5d9b1 to target datanode 5610c331-1bdf-47ca-b548-4e2f5bb7723b
2023-09-13 18:18:05,144 [main] DEBUG balancer.ContainerBalancerTask (ContainerBalancerTask.java:lambda$moveContainer$3(837)) - Container move completed for container #66 from source e5b213b0-be5f-4b25-a61b-2caec7e5d9b1 to target 5610c331-1bdf-47ca-b548-4e2f5bb7723b
2023-09-13 18:18:05,148 [main] DEBUG balancer.ContainerBalancerTask (ContainerBalancerTask.java:matchSourceWithTarget(708)) - ContainerBalancer is finding suitable target for source datanode 02bc5a57-3f7b-4080-8df1-1b1f3e118d1f
2023-09-13 18:18:05,148 [main] INFO  balancer.ContainerBalancerTask (ContainerBalancerTask.java:matchSourceWithTarget(722)) - ContainerBalancer matched source datanode 02bc5a57-3f7b-4080-8df1-1b1f3e118d1f with target datanode cf7dd2c4-ac07-4f32-b7a6-9129d534a5aa for container move.
2023-09-13 18:18:05,148 [main] INFO  balancer.ContainerBalancerTask (ContainerBalancerTask.java:processMoveSelection(569)) - ContainerBalancer is trying to move container #53 with size 5368709120B from source datanode 02bc5a57-3f7b-4080-8df1-1b1f3e118d1f to target datanode cf7dd2c4-ac07-4f32-b7a6-9129d534a5aa
2023-09-13 18:18:05,148 [main] DEBUG balancer.ContainerBalancerTask (ContainerBalancerTask.java:lambda$moveContainer$3(837)) - Container move completed for container #53 from source 02bc5a57-3f7b-4080-8df1-1b1f3e118d1f to target cf7dd2c4-ac07-4f32-b7a6-9129d534a5aa
2023-09-13 18:18:05,151 [main] DEBUG balancer.ContainerBalancerTask (ContainerBalancerTask.java:matchSourceWithTarget(708)) - ContainerBalancer is finding suitable target for source datanode ee171b35-2724-4868-b35f-db0a4d10637c
2023-09-13 18:18:05,151 [main] INFO  balancer.ContainerBalancerTask (ContainerBalancerTask.java:matchSourceWithTarget(722)) - ContainerBalancer matched source datanode ee171b35-2724-4868-b35f-db0a4d10637c with target datanode 5610c331-1bdf-47ca-b548-4e2f5bb7723b for container move.
2023-09-13 18:18:05,151 [main] INFO  balancer.ContainerBalancerTask (ContainerBalancerTask.java:processMoveSelection(569)) - ContainerBalancer is trying to move container #87 with size 2147483648B from source datanode ee171b35-2724-4868-b35f-db0a4d10637c to target datanode 5610c331-1bdf-47ca-b548-4e2f5bb7723b
2023-09-13 18:18:05,151 [main] DEBUG balancer.ContainerBalancerTask (ContainerBalancerTask.java:lambda$moveContainer$3(837)) - Container move completed for container #87 from source ee171b35-2724-4868-b35f-db0a4d10637c to target 5610c331-1bdf-47ca-b548-4e2f5bb7723b
2023-09-13 18:18:05,154 [main] DEBUG balancer.ContainerBalancerTask (ContainerBalancerTask.java:matchSourceWithTarget(708)) - ContainerBalancer is finding suitable target for source datanode 7b8ab83c-1d21-4abb-826c-d4ddfa4ee7c5
2023-09-13 18:18:05,154 [main] INFO  balancer.ContainerBalancerTask (ContainerBalancerTask.java:matchSourceWithTarget(722)) - ContainerBalancer matched source datanode 7b8ab83c-1d21-4abb-826c-d4ddfa4ee7c5 with target datanode 5610c331-1bdf-47ca-b548-4e2f5bb7723b for container move.
2023-09-13 18:18:05,154 [main] INFO  balancer.ContainerBalancerTask (ContainerBalancerTask.java:processMoveSelection(569)) - ContainerBalancer is trying to move container #37 with size 2147483648B from source datanode 7b8ab83c-1d21-4abb-826c-d4ddfa4ee7c5 to target datanode 5610c331-1bdf-47ca-b548-4e2f5bb7723b
2023-09-13 18:18:05,154 [main] DEBUG balancer.ContainerBalancerTask (ContainerBalancerTask.java:lambda$moveContainer$3(837)) - Container move completed for container #37 from source 7b8ab83c-1d21-4abb-826c-d4ddfa4ee7c5 to target 5610c331-1bdf-47ca-b548-4e2f5bb7723b
2023-09-13 18:18:05,154 [main] WARN  balancer.ContainerBalancerTask (ContainerBalancerTask.java:reachedMaxSizeToMovePerIteration(733)) - Reached max size to move limit. 53687091200 bytes have already been scheduled for balancing and the limit is 53687091200 bytes.
2023-09-13 18:18:05,154 [main] INFO  balancer.ContainerBalancerTask (ContainerBalancerTask.java:checkIterationMoveResults(642)) - Iteration Summary. Number of Datanodes involved: 6. Size moved: 50 GB (53687091200 Bytes). Number of Container moves completed: 13.
2023-09-13 18:18:05,155 [main] INFO  balancer.ContainerBalancerTask (ContainerBalancerTask.java:balance(259)) - Result of this iteration of Container Balancer: ITERATION_COMPLETED
2023-09-13 18:18:05,155 [main] INFO  balancer.ContainerBalancerTask (ContainerBalancerTask.java:tryStopWithSaveConfiguration(308)) - Save Configuration for stopping. Reason: Completed all iterations.
2023-09-13 18:18:05,155 [main] DEBUG balancer.ContainerBalancerTask (ContainerBalancerTask.java:initializeIteration(374)) - Average utilization of the cluster is 0.32470527934442994
2023-09-13 18:18:05,156 [main] DEBUG balancer.ContainerBalancerTask (ContainerBalancerTask.java:initializeIteration(386)) - Lower limit for utilization is -0.030984648275620752 and Upper limit for utilization is 0.6803952069644806
2023-09-13 18:18:05,156 [main] DEBUG balancer.ContainerBalancerTask (ContainerBalancerTask.java:initializeIteration(398)) - Utilization for node ee171b35-2724-4868-b35f-db0a4d10637c with capacity 50107951786B, used 45097156608B, and remaining 5010795178B is 0.9000000000119741
2023-09-13 18:18:05,156 [main] DEBUG balancer.ContainerBalancerTask (ContainerBalancerTask.java:initializeIteration(398)) - Utilization for node e5b213b0-be5f-4b25-a61b-2caec7e5d9b1 with capacity 48318382080B, used 38654705664B, and remaining 9663676416B is 0.8
2023-09-13 18:18:05,156 [main] DEBUG balancer.ContainerBalancerTask (ContainerBalancerTask.java:initializeIteration(398)) - Utilization for node 02bc5a57-3f7b-4080-8df1-1b1f3e118d1f with capacity 88967179702B, used 62277025792B, and remaining 26690153910B is 0.700000000006744
2023-09-13 18:18:05,156 [main] DEBUG balancer.ContainerBalancerTask (ContainerBalancerTask.java:initializeIteration(398)) - Utilization for node 7b8ab83c-1d21-4abb-826c-d4ddfa4ee7c5 with capacity 89478485333B, used 53687091200B, and remaining 35791394133B is 0.6000000000022352
2023-09-13 18:18:05,156 [main] DEBUG balancer.ContainerBalancerTask (ContainerBalancerTask.java:initializeIteration(398)) - Utilization for node b4b89c1a-0d21-4d0b-9cab-3c48bd96581d with capacity 75161927680B, used 37580963840B, and remaining 37580963840B is 0.5
2023-09-13 18:18:05,156 [main] DEBUG balancer.ContainerBalancerTask (ContainerBalancerTask.java:initializeIteration(398)) - Utilization for node 98bb5845-e602-4e3e-a367-d6a0089bcabb with capacity 96636764160B, used 38654705664B, and remaining 57982058496B is 0.4
2023-09-13 18:18:05,156 [main] DEBUG balancer.ContainerBalancerTask (ContainerBalancerTask.java:initializeIteration(398)) - Utilization for node 9993b6fb-ffa3-4b80-88b5-8eb0acf42969 with capacity 118111600640B, used 35433480192B, and remaining 82678120448B is 0.3
2023-09-13 18:18:05,156 [main] DEBUG balancer.ContainerBalancerTask (ContainerBalancerTask.java:initializeIteration(398)) - Utilization for node 33a2b1f0-86c3-48fa-8253-aa687652337a with capacity 171798691840B, used 34359738368B, and remaining 137438953472B is 0.2
2023-09-13 18:18:05,156 [main] DEBUG balancer.ContainerBalancerTask (ContainerBalancerTask.java:initializeIteration(398)) - Utilization for node 5610c331-1bdf-47ca-b548-4e2f5bb7723b with capacity 429496729600B, used 42949672960B, and remaining 386547056640B is 0.1
2023-09-13 18:18:05,156 [main] DEBUG balancer.ContainerBalancerTask (ContainerBalancerTask.java:initializeIteration(398)) - Utilization for node cf7dd2c4-ac07-4f32-b7a6-9129d534a5aa with capacity 28991029248B, used 0B, and remaining 28991029248B is 0.0
2023-09-13 18:18:05,157 [main] INFO  balancer.ContainerBalancerTask (ContainerBalancerTask.java:initializeIteration(447)) - Container Balancer has identified 3 Over-Utilized and 0 Under-Utilized Datanodes that need to be balanced.
2023-09-13 18:18:05,157 [main] DEBUG balancer.ContainerBalancerTask (ContainerBalancerTask.java:lambda$initializeIteration$1(453)) - Datanode localhost-108.143.189.206 ee171b35-2724-4868-b35f-db0a4d10637c is Over-Utilized.
2023-09-13 18:18:05,157 [main] DEBUG balancer.ContainerBalancerTask (ContainerBalancerTask.java:lambda$initializeIteration$1(453)) - Datanode localhost-1.135.40.40 e5b213b0-be5f-4b25-a61b-2caec7e5d9b1 is Over-Utilized.
2023-09-13 18:18:05,157 [main] DEBUG balancer.ContainerBalancerTask (ContainerBalancerTask.java:lambda$initializeIteration$1(453)) - Datanode localhost-195.84.121.62 02bc5a57-3f7b-4080-8df1-1b1f3e118d1f is Over-Utilized.
2023-09-13 18:18:05,159 [main] DEBUG balancer.ContainerBalancerTask (ContainerBalancerTask.java:matchSourceWithTarget(708)) - ContainerBalancer is finding suitable target for source datanode ee171b35-2724-4868-b35f-db0a4d10637c
2023-09-13 18:18:05,159 [main] INFO  balancer.FindTargetGreedyByUsageInfo (AbstractFindTargetGreedy.java:findTargetForContainerMove(133)) - Container Balancer could not find a target for source datanode ee171b35-2724-4868-b35f-db0a4d10637c
2023-09-13 18:18:05,159 [main] DEBUG balancer.ContainerBalancerTask (ContainerBalancerTask.java:matchSourceWithTarget(717)) - ContainerBalancer could not find a suitable target for source node ee171b35-2724-4868-b35f-db0a4d10637c.
2023-09-13 18:18:05,161 [main] DEBUG balancer.ContainerBalancerTask (ContainerBalancerTask.java:matchSourceWithTarget(708)) - ContainerBalancer is finding suitable target for source datanode e5b213b0-be5f-4b25-a61b-2caec7e5d9b1
2023-09-13 18:18:05,161 [main] INFO  balancer.FindTargetGreedyByUsageInfo (AbstractFindTargetGreedy.java:findTargetForContainerMove(133)) - Container Balancer could not find a target for source datanode e5b213b0-be5f-4b25-a61b-2caec7e5d9b1
2023-09-13 18:18:05,161 [main] DEBUG balancer.ContainerBalancerTask (ContainerBalancerTask.java:matchSourceWithTarget(717)) - ContainerBalancer could not find a suitable target for source node e5b213b0-be5f-4b25-a61b-2caec7e5d9b1.
2023-09-13 18:18:05,164 [main] DEBUG balancer.ContainerBalancerTask (ContainerBalancerTask.java:matchSourceWithTarget(708)) - ContainerBalancer is finding suitable target for source datanode 02bc5a57-3f7b-4080-8df1-1b1f3e118d1f
2023-09-13 18:18:05,164 [main] INFO  balancer.FindTargetGreedyByUsageInfo (AbstractFindTargetGreedy.java:findTargetForContainerMove(133)) - Container Balancer could not find a target for source datanode 02bc5a57-3f7b-4080-8df1-1b1f3e118d1f
2023-09-13 18:18:05,164 [main] DEBUG balancer.ContainerBalancerTask (ContainerBalancerTask.java:matchSourceWithTarget(717)) - ContainerBalancer could not find a suitable target for source node 02bc5a57-3f7b-4080-8df1-1b1f3e118d1f.
2023-09-13 18:18:05,164 [main] INFO  balancer.FindSourceGreedy (FindSourceGreedy.java:getNextCandidateSourceDataNode(126)) - no more candidate source data node
2023-09-13 18:18:05,164 [main] INFO  balancer.ContainerBalancerTask (ContainerBalancerTask.java:balance(259)) - Result of this iteration of Container Balancer: CAN_NOT_BALANCE_ANY_MORE
2023-09-13 18:18:05,164 [main] INFO  balancer.ContainerBalancerTask (ContainerBalancerTask.java:tryStopWithSaveConfiguration(308)) - Save Configuration for stopping. Reason: CAN_NOT_BALANCE_ANY_MORE
2023-09-13 18:18:05,165 [main] DEBUG balancer.ContainerBalancerTask (ContainerBalancerTask.java:initializeIteration(374)) - Average utilization of the cluster is 0.32470527934442994
2023-09-13 18:18:05,165 [main] DEBUG balancer.ContainerBalancerTask (ContainerBalancerTask.java:initializeIteration(386)) - Lower limit for utilization is 0.298427692124947 and Upper limit for utilization is 0.35098286656391287
2023-09-13 18:18:05,165 [main] DEBUG balancer.ContainerBalancerTask (ContainerBalancerTask.java:initializeIteration(398)) - Utilization for node ee171b35-2724-4868-b35f-db0a4d10637c with capacity 50107951786B, used 45097156608B, and remaining 5010795178B is 0.9000000000119741
2023-09-13 18:18:05,165 [main] DEBUG balancer.ContainerBalancerTask (ContainerBalancerTask.java:initializeIteration(398)) - Utilization for node e5b213b0-be5f-4b25-a61b-2caec7e5d9b1 with capacity 48318382080B, used 38654705664B, and remaining 9663676416B is 0.8
2023-09-13 18:18:05,165 [main] DEBUG balancer.ContainerBalancerTask (ContainerBalancerTask.java:initializeIteration(398)) - Utilization for node 02bc5a57-3f7b-4080-8df1-1b1f3e118d1f with capacity 88967179702B, used 62277025792B, and remaining 26690153910B is 0.700000000006744
2023-09-13 18:18:05,165 [main] DEBUG balancer.ContainerBalancerTask (ContainerBalancerTask.java:initializeIteration(398)) - Utilization for node 7b8ab83c-1d21-4abb-826c-d4ddfa4ee7c5 with capacity 89478485333B, used 53687091200B, and remaining 35791394133B is 0.6000000000022352
2023-09-13 18:18:05,165 [main] DEBUG balancer.ContainerBalancerTask (ContainerBalancerTask.java:initializeIteration(398)) - Utilization for node b4b89c1a-0d21-4d0b-9cab-3c48bd96581d with capacity 75161927680B, used 37580963840B, and remaining 37580963840B is 0.5
2023-09-13 18:18:05,166 [main] DEBUG balancer.ContainerBalancerTask (ContainerBalancerTask.java:initializeIteration(398)) - Utilization for node 98bb5845-e602-4e3e-a367-d6a0089bcabb with capacity 96636764160B, used 38654705664B, and remaining 57982058496B is 0.4
2023-09-13 18:18:05,166 [main] DEBUG balancer.ContainerBalancerTask (ContainerBalancerTask.java:initializeIteration(398)) - Utilization for node 9993b6fb-ffa3-4b80-88b5-8eb0acf42969 with capacity 118111600640B, used 35433480192B, and remaining 82678120448B is 0.3
2023-09-13 18:18:05,166 [main] DEBUG balancer.ContainerBalancerTask (ContainerBalancerTask.java:initializeIteration(398)) - Utilization for node 33a2b1f0-86c3-48fa-8253-aa687652337a with capacity 171798691840B, used 34359738368B, and remaining 137438953472B is 0.2
2023-09-13 18:18:05,166 [main] DEBUG balancer.ContainerBalancerTask (ContainerBalancerTask.java:initializeIteration(398)) - Utilization for node 5610c331-1bdf-47ca-b548-4e2f5bb7723b with capacity 429496729600B, used 42949672960B, and remaining 386547056640B is 0.1
2023-09-13 18:18:05,166 [main] DEBUG balancer.ContainerBalancerTask (ContainerBalancerTask.java:initializeIteration(398)) - Utilization for node cf7dd2c4-ac07-4f32-b7a6-9129d534a5aa with capacity 28991029248B, used 0B, and remaining 28991029248B is 0.0
2023-09-13 18:18:05,166 [main] INFO  balancer.ContainerBalancerTask (ContainerBalancerTask.java:initializeIteration(447)) - Container Balancer has identified 6 Over-Utilized and 3 Under-Utilized Datanodes that need to be balanced.
2023-09-13 18:18:05,168 [main] DEBUG balancer.ContainerBalancerTask (ContainerBalancerTask.java:lambda$initializeIteration$1(453)) - Datanode localhost-108.143.189.206 ee171b35-2724-4868-b35f-db0a4d10637c is Over-Utilized.
2023-09-13 18:18:05,168 [main] DEBUG balancer.ContainerBalancerTask (ContainerBalancerTask.java:lambda$initializeIteration$1(453)) - Datanode localhost-1.135.40.40 e5b213b0-be5f-4b25-a61b-2caec7e5d9b1 is Over-Utilized.
2023-09-13 18:18:05,168 [main] DEBUG balancer.ContainerBalancerTask (ContainerBalancerTask.java:lambda$initializeIteration$1(453)) - Datanode localhost-195.84.121.62 02bc5a57-3f7b-4080-8df1-1b1f3e118d1f is Over-Utilized.
2023-09-13 18:18:05,168 [main] DEBUG balancer.ContainerBalancerTask (ContainerBalancerTask.java:lambda$initializeIteration$1(453)) - Datanode localhost-203.31.63.233 7b8ab83c-1d21-4abb-826c-d4ddfa4ee7c5 is Over-Utilized.
2023-09-13 18:18:05,169 [main] DEBUG balancer.ContainerBalancerTask (ContainerBalancerTask.java:lambda$initializeIteration$1(453)) - Datanode localhost-81.58.237.46 b4b89c1a-0d21-4d0b-9cab-3c48bd96581d is Over-Utilized.
2023-09-13 18:18:05,169 [main] DEBUG balancer.ContainerBalancerTask (ContainerBalancerTask.java:lambda$initializeIteration$1(453)) - Datanode localhost-159.249.253.138 98bb5845-e602-4e3e-a367-d6a0089bcabb is Over-Utilized.
2023-09-13 18:18:05,169 [main] DEBUG balancer.ContainerBalancerTask (ContainerBalancerTask.java:lambda$initializeIteration$2(459)) - Datanode localhost-15.132.92.63 cf7dd2c4-ac07-4f32-b7a6-9129d534a5aa is Under-Utilized.
2023-09-13 18:18:05,169 [main] DEBUG balancer.ContainerBalancerTask (ContainerBalancerTask.java:lambda$initializeIteration$2(459)) - Datanode localhost-123.211.5.179 5610c331-1bdf-47ca-b548-4e2f5bb7723b is Under-Utilized.
2023-09-13 18:18:05,169 [main] DEBUG balancer.ContainerBalancerTask (ContainerBalancerTask.java:lambda$initializeIteration$2(459)) - Datanode localhost-128.84.9.86 33a2b1f0-86c3-48fa-8253-aa687652337a is Under-Utilized.
2023-09-13 18:18:05,171 [main] DEBUG balancer.ContainerBalancerTask (ContainerBalancerTask.java:matchSourceWithTarget(708)) - ContainerBalancer is finding suitable target for source datanode ee171b35-2724-4868-b35f-db0a4d10637c
2023-09-13 18:18:05,171 [main] INFO  balancer.ContainerBalancerTask (ContainerBalancerTask.java:matchSourceWithTarget(722)) - ContainerBalancer matched source datanode ee171b35-2724-4868-b35f-db0a4d10637c with target datanode cf7dd2c4-ac07-4f32-b7a6-9129d534a5aa for container move.
2023-09-13 18:18:05,171 [main] INFO  balancer.ContainerBalancerTask (ContainerBalancerTask.java:processMoveSelection(569)) - ContainerBalancer is trying to move container #85 with size 5368709120B from source datanode ee171b35-2724-4868-b35f-db0a4d10637c to target datanode cf7dd2c4-ac07-4f32-b7a6-9129d534a5aa
2023-09-13 18:18:05,171 [main] DEBUG balancer.ContainerBalancerTask (ContainerBalancerTask.java:lambda$moveContainer$3(837)) - Container move completed for container #85 from source ee171b35-2724-4868-b35f-db0a4d10637c to target cf7dd2c4-ac07-4f32-b7a6-9129d534a5aa
2023-09-13 18:18:05,173 [main] DEBUG balancer.ContainerBalancerTask (ContainerBalancerTask.java:matchSourceWithTarget(708)) - ContainerBalancer is finding suitable target for source datanode e5b213b0-be5f-4b25-a61b-2caec7e5d9b1
2023-09-13 18:18:05,173 [main] INFO  balancer.ContainerBalancerTask (ContainerBalancerTask.java:matchSourceWithTarget(722)) - ContainerBalancer matched source datanode e5b213b0-be5f-4b25-a61b-2caec7e5d9b1 with target datanode 5610c331-1bdf-47ca-b548-4e2f5bb7723b for container move.
2023-09-13 18:18:05,174 [main] INFO  balancer.ContainerBalancerTask (ContainerBalancerTask.java:processMoveSelection(569)) - ContainerBalancer is trying to move container #68 with size 5368709120B from source datanode e5b213b0-be5f-4b25-a61b-2caec7e5d9b1 to target datanode 5610c331-1bdf-47ca-b548-4e2f5bb7723b
2023-09-13 18:18:05,174 [main] DEBUG balancer.ContainerBalancerTask (ContainerBalancerTask.java:lambda$moveContainer$3(837)) - Container move completed for container #68 from source e5b213b0-be5f-4b25-a61b-2caec7e5d9b1 to target 5610c331-1bdf-47ca-b548-4e2f5bb7723b
2023-09-13 18:18:05,176 [main] DEBUG balancer.ContainerBalancerTask (ContainerBalancerTask.java:matchSourceWithTarget(708)) - ContainerBalancer is finding suitable target for source datanode ee171b35-2724-4868-b35f-db0a4d10637c
2023-09-13 18:18:05,176 [main] INFO  balancer.ContainerBalancerTask (ContainerBalancerTask.java:matchSourceWithTarget(722)) - ContainerBalancer matched source datanode ee171b35-2724-4868-b35f-db0a4d10637c with target datanode 5610c331-1bdf-47ca-b548-4e2f5bb7723b for container move.
2023-09-13 18:18:05,176 [main] INFO  balancer.ContainerBalancerTask (ContainerBalancerTask.java:processMoveSelection(569)) - ContainerBalancer is trying to move container #89 with size 4294967296B from source datanode ee171b35-2724-4868-b35f-db0a4d10637c to target datanode 5610c331-1bdf-47ca-b548-4e2f5bb7723b
2023-09-13 18:18:05,176 [main] DEBUG balancer.ContainerBalancerTask (ContainerBalancerTask.java:lambda$moveContainer$3(837)) - Container move completed for container #89 from source ee171b35-2724-4868-b35f-db0a4d10637c to target 5610c331-1bdf-47ca-b548-4e2f5bb7723b
2023-09-13 18:18:05,178 [main] DEBUG balancer.ContainerBalancerTask (ContainerBalancerTask.java:matchSourceWithTarget(708)) - ContainerBalancer is finding suitable target for source datanode ee171b35-2724-4868-b35f-db0a4d10637c
2023-09-13 18:18:05,179 [main] INFO  balancer.ContainerBalancerTask (ContainerBalancerTask.java:matchSourceWithTarget(722)) - ContainerBalancer matched source datanode ee171b35-2724-4868-b35f-db0a4d10637c with target datanode 5610c331-1bdf-47ca-b548-4e2f5bb7723b for container move.
2023-09-13 18:18:05,179 [main] INFO  balancer.ContainerBalancerTask (ContainerBalancerTask.java:processMoveSelection(569)) - ContainerBalancer is trying to move container #88 with size 3221225472B from source datanode ee171b35-2724-4868-b35f-db0a4d10637c to target datanode 5610c331-1bdf-47ca-b548-4e2f5bb7723b
2023-09-13 18:18:05,179 [main] DEBUG balancer.ContainerBalancerTask (ContainerBalancerTask.java:lambda$moveContainer$3(837)) - Container move completed for container #88 from source ee171b35-2724-4868-b35f-db0a4d10637c to target 5610c331-1bdf-47ca-b548-4e2f5bb7723b
2023-09-13 18:18:05,182 [main] DEBUG balancer.ContainerBalancerTask (ContainerBalancerTask.java:matchSourceWithTarget(708)) - ContainerBalancer is finding suitable target for source datanode 02bc5a57-3f7b-4080-8df1-1b1f3e118d1f
2023-09-13 18:18:05,182 [main] INFO  balancer.ContainerBalancerTask (ContainerBalancerTask.java:matchSourceWithTarget(722)) - ContainerBalancer matched source datanode 02bc5a57-3f7b-4080-8df1-1b1f3e118d1f with target datanode 5610c331-1bdf-47ca-b548-4e2f5bb7723b for container move.
2023-09-13 18:18:05,182 [main] INFO  balancer.ContainerBalancerTask (ContainerBalancerTask.java:processMoveSelection(569)) - ContainerBalancer is trying to move container #40 with size 5368709120B from source datanode 02bc5a57-3f7b-4080-8df1-1b1f3e118d1f to target datanode 5610c331-1bdf-47ca-b548-4e2f5bb7723b
2023-09-13 18:18:05,182 [main] DEBUG balancer.ContainerBalancerTask (ContainerBalancerTask.java:lambda$moveContainer$3(837)) - Container move completed for container #40 from source 02bc5a57-3f7b-4080-8df1-1b1f3e118d1f to target 5610c331-1bdf-47ca-b548-4e2f5bb7723b
2023-09-13 18:18:05,185 [main] DEBUG balancer.ContainerBalancerTask (ContainerBalancerTask.java:matchSourceWithTarget(708)) - ContainerBalancer is finding suitable target for source datanode e5b213b0-be5f-4b25-a61b-2caec7e5d9b1
2023-09-13 18:18:05,185 [main] INFO  balancer.ContainerBalancerTask (ContainerBalancerTask.java:matchSourceWithTarget(722)) - ContainerBalancer matched source datanode e5b213b0-be5f-4b25-a61b-2caec7e5d9b1 with target datanode 5610c331-1bdf-47ca-b548-4e2f5bb7723b for container move.
2023-09-13 18:18:05,185 [main] INFO  balancer.ContainerBalancerTask (ContainerBalancerTask.java:processMoveSelection(569)) - ContainerBalancer is trying to move container #67 with size 4294967296B from source datanode e5b213b0-be5f-4b25-a61b-2caec7e5d9b1 to target datanode 5610c331-1bdf-47ca-b548-4e2f5bb7723b
2023-09-13 18:18:05,185 [main] DEBUG balancer.ContainerBalancerTask (ContainerBalancerTask.java:lambda$moveContainer$3(837)) - Container move completed for container #67 from source e5b213b0-be5f-4b25-a61b-2caec7e5d9b1 to target 5610c331-1bdf-47ca-b548-4e2f5bb7723b
2023-09-13 18:18:05,187 [main] DEBUG balancer.ContainerBalancerTask (ContainerBalancerTask.java:matchSourceWithTarget(708)) - ContainerBalancer is finding suitable target for source datanode ee171b35-2724-4868-b35f-db0a4d10637c
2023-09-13 18:18:05,187 [main] INFO  balancer.ContainerBalancerTask (ContainerBalancerTask.java:matchSourceWithTarget(722)) - ContainerBalancer matched source datanode ee171b35-2724-4868-b35f-db0a4d10637c with target datanode 5610c331-1bdf-47ca-b548-4e2f5bb7723b for container move.
2023-09-13 18:18:05,188 [main] INFO  balancer.ContainerBalancerTask (ContainerBalancerTask.java:processMoveSelection(569)) - ContainerBalancer is trying to move container #83 with size 3221225472B from source datanode ee171b35-2724-4868-b35f-db0a4d10637c to target datanode 5610c331-1bdf-47ca-b548-4e2f5bb7723b
2023-09-13 18:18:05,188 [main] DEBUG balancer.ContainerBalancerTask (ContainerBalancerTask.java:lambda$moveContainer$3(837)) - Container move completed for container #83 from source ee171b35-2724-4868-b35f-db0a4d10637c to target 5610c331-1bdf-47ca-b548-4e2f5bb7723b
2023-09-13 18:18:05,191 [main] DEBUG balancer.ContainerBalancerTask (ContainerBalancerTask.java:matchSourceWithTarget(708)) - ContainerBalancer is finding suitable target for source datanode 02bc5a57-3f7b-4080-8df1-1b1f3e118d1f
2023-09-13 18:18:05,191 [main] INFO  balancer.ContainerBalancerTask (ContainerBalancerTask.java:matchSourceWithTarget(722)) - ContainerBalancer matched source datanode 02bc5a57-3f7b-4080-8df1-1b1f3e118d1f with target datanode 5610c331-1bdf-47ca-b548-4e2f5bb7723b for container move.
2023-09-13 18:18:05,191 [main] INFO  balancer.ContainerBalancerTask (ContainerBalancerTask.java:processMoveSelection(569)) - ContainerBalancer is trying to move container #29 with size 5368709120B from source datanode 02bc5a57-3f7b-4080-8df1-1b1f3e118d1f to target datanode 5610c331-1bdf-47ca-b548-4e2f5bb7723b
2023-09-13 18:18:05,191 [main] DEBUG balancer.ContainerBalancerTask (ContainerBalancerTask.java:lambda$moveContainer$3(837)) - Container move completed for container #29 from source 02bc5a57-3f7b-4080-8df1-1b1f3e118d1f to target 5610c331-1bdf-47ca-b548-4e2f5bb7723b
2023-09-13 18:18:05,194 [main] DEBUG balancer.ContainerBalancerTask (ContainerBalancerTask.java:matchSourceWithTarget(708)) - ContainerBalancer is finding suitable target for source datanode 7b8ab83c-1d21-4abb-826c-d4ddfa4ee7c5
2023-09-13 18:18:05,194 [main] INFO  balancer.ContainerBalancerTask (ContainerBalancerTask.java:matchSourceWithTarget(722)) - ContainerBalancer matched source datanode 7b8ab83c-1d21-4abb-826c-d4ddfa4ee7c5 with target datanode 5610c331-1bdf-47ca-b548-4e2f5bb7723b for container move.
2023-09-13 18:18:05,195 [main] INFO  balancer.ContainerBalancerTask (ContainerBalancerTask.java:processMoveSelection(569)) - ContainerBalancer is trying to move container #39 with size 4294967296B from source datanode 7b8ab83c-1d21-4abb-826c-d4ddfa4ee7c5 to target datanode 5610c331-1bdf-47ca-b548-4e2f5bb7723b
2023-09-13 18:18:05,195 [main] DEBUG balancer.ContainerBalancerTask (ContainerBalancerTask.java:lambda$moveContainer$3(837)) - Container move completed for container #39 from source 7b8ab83c-1d21-4abb-826c-d4ddfa4ee7c5 to target 5610c331-1bdf-47ca-b548-4e2f5bb7723b
2023-09-13 18:18:05,197 [main] DEBUG balancer.ContainerBalancerTask (ContainerBalancerTask.java:matchSourceWithTarget(708)) - ContainerBalancer is finding suitable target for source datanode e5b213b0-be5f-4b25-a61b-2caec7e5d9b1
2023-09-13 18:18:05,197 [main] INFO  balancer.ContainerBalancerTask (ContainerBalancerTask.java:matchSourceWithTarget(722)) - ContainerBalancer matched source datanode e5b213b0-be5f-4b25-a61b-2caec7e5d9b1 with target datanode 5610c331-1bdf-47ca-b548-4e2f5bb7723b for container move.
2023-09-13 18:18:05,197 [main] INFO  balancer.ContainerBalancerTask (ContainerBalancerTask.java:processMoveSelection(569)) - ContainerBalancer is trying to move container #66 with size 3221225472B from source datanode e5b213b0-be5f-4b25-a61b-2caec7e5d9b1 to target datanode 5610c331-1bdf-47ca-b548-4e2f5bb7723b
2023-09-13 18:18:05,198 [main] DEBUG balancer.ContainerBalancerTask (ContainerBalancerTask.java:lambda$moveContainer$3(837)) - Container move completed for container #66 from source e5b213b0-be5f-4b25-a61b-2caec7e5d9b1 to target 5610c331-1bdf-47ca-b548-4e2f5bb7723b
2023-09-13 18:18:05,201 [main] DEBUG balancer.ContainerBalancerTask (ContainerBalancerTask.java:matchSourceWithTarget(708)) - ContainerBalancer is finding suitable target for source datanode 02bc5a57-3f7b-4080-8df1-1b1f3e118d1f
2023-09-13 18:18:05,201 [main] INFO  balancer.ContainerBalancerTask (ContainerBalancerTask.java:matchSourceWithTarget(722)) - ContainerBalancer matched source datanode 02bc5a57-3f7b-4080-8df1-1b1f3e118d1f with target datanode cf7dd2c4-ac07-4f32-b7a6-9129d534a5aa for container move.
2023-09-13 18:18:05,201 [main] INFO  balancer.ContainerBalancerTask (ContainerBalancerTask.java:processMoveSelection(569)) - ContainerBalancer is trying to move container #52 with size 4294967296B from source datanode 02bc5a57-3f7b-4080-8df1-1b1f3e118d1f to target datanode cf7dd2c4-ac07-4f32-b7a6-9129d534a5aa
2023-09-13 18:18:05,201 [main] DEBUG balancer.ContainerBalancerTask (ContainerBalancerTask.java:lambda$moveContainer$3(837)) - Container move completed for container #52 from source 02bc5a57-3f7b-4080-8df1-1b1f3e118d1f to target cf7dd2c4-ac07-4f32-b7a6-9129d534a5aa
2023-09-13 18:18:05,204 [main] DEBUG balancer.ContainerBalancerTask (ContainerBalancerTask.java:matchSourceWithTarget(708)) - ContainerBalancer is finding suitable target for source datanode ee171b35-2724-4868-b35f-db0a4d10637c
2023-09-13 18:18:05,204 [main] INFO  balancer.ContainerBalancerTask (ContainerBalancerTask.java:matchSourceWithTarget(722)) - ContainerBalancer matched source datanode ee171b35-2724-4868-b35f-db0a4d10637c with target datanode 5610c331-1bdf-47ca-b548-4e2f5bb7723b for container move.
2023-09-13 18:18:05,204 [main] INFO  balancer.ContainerBalancerTask (ContainerBalancerTask.java:processMoveSelection(569)) - ContainerBalancer is trying to move container #87 with size 2147483648B from source datanode ee171b35-2724-4868-b35f-db0a4d10637c to target datanode 5610c331-1bdf-47ca-b548-4e2f5bb7723b
2023-09-13 18:18:05,205 [main] DEBUG balancer.ContainerBalancerTask (ContainerBalancerTask.java:lambda$moveContainer$3(837)) - Container move completed for container #87 from source ee171b35-2724-4868-b35f-db0a4d10637c to target 5610c331-1bdf-47ca-b548-4e2f5bb7723b
2023-09-13 18:18:05,207 [main] DEBUG balancer.ContainerBalancerTask (ContainerBalancerTask.java:matchSourceWithTarget(708)) - ContainerBalancer is finding suitable target for source datanode 7b8ab83c-1d21-4abb-826c-d4ddfa4ee7c5
2023-09-13 18:18:05,207 [main] INFO  balancer.ContainerBalancerTask (ContainerBalancerTask.java:matchSourceWithTarget(722)) - ContainerBalancer matched source datanode 7b8ab83c-1d21-4abb-826c-d4ddfa4ee7c5 with target datanode 5610c331-1bdf-47ca-b548-4e2f5bb7723b for container move.
2023-09-13 18:18:05,208 [main] INFO  balancer.ContainerBalancerTask (ContainerBalancerTask.java:processMoveSelection(569)) - ContainerBalancer is trying to move container #27 with size 3221225472B from source datanode 7b8ab83c-1d21-4abb-826c-d4ddfa4ee7c5 to target datanode 5610c331-1bdf-47ca-b548-4e2f5bb7723b
2023-09-13 18:18:05,208 [main] DEBUG balancer.ContainerBalancerTask (ContainerBalancerTask.java:lambda$moveContainer$3(837)) - Container move completed for container #27 from source 7b8ab83c-1d21-4abb-826c-d4ddfa4ee7c5 to target 5610c331-1bdf-47ca-b548-4e2f5bb7723b
2023-09-13 18:18:05,208 [main] WARN  balancer.ContainerBalancerTask (ContainerBalancerTask.java:reachedMaxSizeToMovePerIteration(733)) - Reached max size to move limit. 53687091200 bytes have already been scheduled for balancing and the limit is 53687091200 bytes.
2023-09-13 18:18:05,208 [main] INFO  balancer.ContainerBalancerTask (ContainerBalancerTask.java:checkIterationMoveResults(642)) - Iteration Summary. Number of Datanodes involved: 6. Size moved: 50 GB (53687091200 Bytes). Number of Container moves completed: 13.
2023-09-13 18:18:05,208 [main] INFO  balancer.ContainerBalancerTask (ContainerBalancerTask.java:balance(259)) - Result of this iteration of Container Balancer: ITERATION_COMPLETED
2023-09-13 18:18:05,208 [main] INFO  balancer.ContainerBalancerTask (ContainerBalancerTask.java:tryStopWithSaveConfiguration(308)) - Save Configuration for stopping. Reason: Completed all iterations.
2023-09-13 18:18:05,209 [main] DEBUG balancer.ContainerBalancerTask (ContainerBalancerTask.java:initializeIteration(374)) - Average utilization of the cluster is 0.32470527934442994
2023-09-13 18:18:05,209 [main] DEBUG balancer.ContainerBalancerTask (ContainerBalancerTask.java:initializeIteration(386)) - Lower limit for utilization is 0.07268172169302756 and Upper limit for utilization is 0.5767288369958323
2023-09-13 18:18:05,209 [main] DEBUG balancer.ContainerBalancerTask (ContainerBalancerTask.java:initializeIteration(398)) - Utilization for node ee171b35-2724-4868-b35f-db0a4d10637c with capacity 50107951786B, used 45097156608B, and remaining 5010795178B is 0.9000000000119741
2023-09-13 18:18:05,209 [main] DEBUG balancer.ContainerBalancerTask (ContainerBalancerTask.java:initializeIteration(398)) - Utilization for node e5b213b0-be5f-4b25-a61b-2caec7e5d9b1 with capacity 48318382080B, used 38654705664B, and remaining 9663676416B is 0.8
2023-09-13 18:18:05,209 [main] DEBUG balancer.ContainerBalancerTask (ContainerBalancerTask.java:initializeIteration(398)) - Utilization for node 02bc5a57-3f7b-4080-8df1-1b1f3e118d1f with capacity 88967179702B, used 62277025792B, and remaining 26690153910B is 0.700000000006744
2023-09-13 18:18:05,209 [main] DEBUG balancer.ContainerBalancerTask (ContainerBalancerTask.java:initializeIteration(398)) - Utilization for node 7b8ab83c-1d21-4abb-826c-d4ddfa4ee7c5 with capacity 89478485333B, used 53687091200B, and remaining 35791394133B is 0.6000000000022352
2023-09-13 18:18:05,209 [main] DEBUG balancer.ContainerBalancerTask (ContainerBalancerTask.java:initializeIteration(398)) - Utilization for node b4b89c1a-0d21-4d0b-9cab-3c48bd96581d with capacity 75161927680B, used 37580963840B, and remaining 37580963840B is 0.5
2023-09-13 18:18:05,210 [main] DEBUG balancer.ContainerBalancerTask (ContainerBalancerTask.java:initializeIteration(398)) - Utilization for node 98bb5845-e602-4e3e-a367-d6a0089bcabb with capacity 96636764160B, used 38654705664B, and remaining 57982058496B is 0.4
2023-09-13 18:18:05,210 [main] DEBUG balancer.ContainerBalancerTask (ContainerBalancerTask.java:initializeIteration(398)) - Utilization for node 9993b6fb-ffa3-4b80-88b5-8eb0acf42969 with capacity 118111600640B, used 35433480192B, and remaining 82678120448B is 0.3
2023-09-13 18:18:05,210 [main] DEBUG balancer.ContainerBalancerTask (ContainerBalancerTask.java:initializeIteration(398)) - Utilization for node 33a2b1f0-86c3-48fa-8253-aa687652337a with capacity 171798691840B, used 34359738368B, and remaining 137438953472B is 0.2
2023-09-13 18:18:05,210 [main] DEBUG balancer.ContainerBalancerTask (ContainerBalancerTask.java:initializeIteration(398)) - Utilization for node 5610c331-1bdf-47ca-b548-4e2f5bb7723b with capacity 429496729600B, used 42949672960B, and remaining 386547056640B is 0.1
2023-09-13 18:18:05,210 [main] DEBUG balancer.ContainerBalancerTask (ContainerBalancerTask.java:initializeIteration(398)) - Utilization for node cf7dd2c4-ac07-4f32-b7a6-9129d534a5aa with capacity 28991029248B, used 0B, and remaining 28991029248B is 0.0
2023-09-13 18:18:05,210 [main] INFO  balancer.ContainerBalancerTask (ContainerBalancerTask.java:initializeIteration(447)) - Container Balancer has identified 4 Over-Utilized and 1 Under-Utilized Datanodes that need to be balanced.
2023-09-13 18:18:05,210 [main] DEBUG balancer.ContainerBalancerTask (ContainerBalancerTask.java:lambda$initializeIteration$1(453)) - Datanode localhost-108.143.189.206 ee171b35-2724-4868-b35f-db0a4d10637c is Over-Utilized.
2023-09-13 18:18:05,210 [main] DEBUG balancer.ContainerBalancerTask (ContainerBalancerTask.java:lambda$initializeIteration$1(453)) - Datanode localhost-1.135.40.40 e5b213b0-be5f-4b25-a61b-2caec7e5d9b1 is Over-Utilized.
2023-09-13 18:18:05,210 [main] DEBUG balancer.ContainerBalancerTask (ContainerBalancerTask.java:lambda$initializeIteration$1(453)) - Datanode localhost-195.84.121.62 02bc5a57-3f7b-4080-8df1-1b1f3e118d1f is Over-Utilized.
2023-09-13 18:18:05,210 [main] DEBUG balancer.ContainerBalancerTask (ContainerBalancerTask.java:lambda$initializeIteration$1(453)) - Datanode localhost-203.31.63.233 7b8ab83c-1d21-4abb-826c-d4ddfa4ee7c5 is Over-Utilized.
2023-09-13 18:18:05,210 [main] DEBUG balancer.ContainerBalancerTask (ContainerBalancerTask.java:lambda$initializeIteration$2(459)) - Datanode localhost-15.132.92.63 cf7dd2c4-ac07-4f32-b7a6-9129d534a5aa is Under-Utilized.
2023-09-13 18:18:05,212 [main] DEBUG balancer.ContainerBalancerTask (ContainerBalancerTask.java:matchSourceWithTarget(708)) - ContainerBalancer is finding suitable target for source datanode ee171b35-2724-4868-b35f-db0a4d10637c
2023-09-13 18:18:05,213 [main] INFO  balancer.ContainerBalancerTask (ContainerBalancerTask.java:matchSourceWithTarget(722)) - ContainerBalancer matched source datanode ee171b35-2724-4868-b35f-db0a4d10637c with target datanode cf7dd2c4-ac07-4f32-b7a6-9129d534a5aa for container move.
2023-09-13 18:18:05,213 [main] INFO  balancer.ContainerBalancerTask (ContainerBalancerTask.java:processMoveSelection(569)) - ContainerBalancer is trying to move container #85 with size 5368709120B from source datanode ee171b35-2724-4868-b35f-db0a4d10637c to target datanode cf7dd2c4-ac07-4f32-b7a6-9129d534a5aa
2023-09-13 18:18:05,213 [main] DEBUG balancer.ContainerBalancerTask (ContainerBalancerTask.java:lambda$moveContainer$3(837)) - Container move completed for container #85 from source ee171b35-2724-4868-b35f-db0a4d10637c to target cf7dd2c4-ac07-4f32-b7a6-9129d534a5aa
2023-09-13 18:18:05,215 [main] DEBUG balancer.ContainerBalancerTask (ContainerBalancerTask.java:matchSourceWithTarget(708)) - ContainerBalancer is finding suitable target for source datanode e5b213b0-be5f-4b25-a61b-2caec7e5d9b1
2023-09-13 18:18:05,215 [main] INFO  balancer.ContainerBalancerTask (ContainerBalancerTask.java:matchSourceWithTarget(722)) - ContainerBalancer matched source datanode e5b213b0-be5f-4b25-a61b-2caec7e5d9b1 with target datanode cf7dd2c4-ac07-4f32-b7a6-9129d534a5aa for container move.
2023-09-13 18:18:05,215 [main] INFO  balancer.ContainerBalancerTask (ContainerBalancerTask.java:processMoveSelection(569)) - ContainerBalancer is trying to move container #68 with size 5368709120B from source datanode e5b213b0-be5f-4b25-a61b-2caec7e5d9b1 to target datanode cf7dd2c4-ac07-4f32-b7a6-9129d534a5aa
2023-09-13 18:18:05,215 [main] DEBUG balancer.ContainerBalancerTask (ContainerBalancerTask.java:lambda$moveContainer$3(837)) - Container move completed for container #68 from source e5b213b0-be5f-4b25-a61b-2caec7e5d9b1 to target cf7dd2c4-ac07-4f32-b7a6-9129d534a5aa
2023-09-13 18:18:05,217 [main] DEBUG balancer.ContainerBalancerTask (ContainerBalancerTask.java:matchSourceWithTarget(708)) - ContainerBalancer is finding suitable target for source datanode ee171b35-2724-4868-b35f-db0a4d10637c
2023-09-13 18:18:05,217 [main] INFO  balancer.ContainerBalancerTask (ContainerBalancerTask.java:matchSourceWithTarget(722)) - ContainerBalancer matched source datanode ee171b35-2724-4868-b35f-db0a4d10637c with target datanode cf7dd2c4-ac07-4f32-b7a6-9129d534a5aa for container move.
2023-09-13 18:18:05,218 [main] INFO  balancer.ContainerBalancerTask (ContainerBalancerTask.java:processMoveSelection(569)) - ContainerBalancer is trying to move container #53 with size 5368709120B from source datanode ee171b35-2724-4868-b35f-db0a4d10637c to target datanode cf7dd2c4-ac07-4f32-b7a6-9129d534a5aa
2023-09-13 18:18:05,218 [main] DEBUG balancer.ContainerBalancerTask (ContainerBalancerTask.java:lambda$moveContainer$3(837)) - Container move completed for container #53 from source ee171b35-2724-4868-b35f-db0a4d10637c to target cf7dd2c4-ac07-4f32-b7a6-9129d534a5aa
2023-09-13 18:18:05,221 [main] DEBUG balancer.ContainerBalancerTask (ContainerBalancerTask.java:matchSourceWithTarget(708)) - ContainerBalancer is finding suitable target for source datanode 02bc5a57-3f7b-4080-8df1-1b1f3e118d1f
2023-09-13 18:18:05,222 [main] INFO  balancer.FindTargetGreedyByUsageInfo (AbstractFindTargetGreedy.java:findTargetForContainerMove(133)) - Container Balancer could not find a target for source datanode 02bc5a57-3f7b-4080-8df1-1b1f3e118d1f
2023-09-13 18:18:05,222 [main] DEBUG balancer.ContainerBalancerTask (ContainerBalancerTask.java:matchSourceWithTarget(717)) - ContainerBalancer could not find a suitable target for source node 02bc5a57-3f7b-4080-8df1-1b1f3e118d1f.
2023-09-13 18:18:05,224 [main] DEBUG balancer.ContainerBalancerTask (ContainerBalancerTask.java:matchSourceWithTarget(708)) - ContainerBalancer is finding suitable target for source datanode e5b213b0-be5f-4b25-a61b-2caec7e5d9b1
2023-09-13 18:18:05,224 [main] INFO  balancer.FindTargetGreedyByUsageInfo (AbstractFindTargetGreedy.java:findTargetForContainerMove(133)) - Container Balancer could not find a target for source datanode e5b213b0-be5f-4b25-a61b-2caec7e5d9b1
2023-09-13 18:18:05,224 [main] DEBUG balancer.ContainerBalancerTask (ContainerBalancerTask.java:matchSourceWithTarget(717)) - ContainerBalancer could not find a suitable target for source node e5b213b0-be5f-4b25-a61b-2caec7e5d9b1.
2023-09-13 18:18:05,227 [main] DEBUG balancer.ContainerBalancerTask (ContainerBalancerTask.java:matchSourceWithTarget(708)) - ContainerBalancer is finding suitable target for source datanode ee171b35-2724-4868-b35f-db0a4d10637c
2023-09-13 18:18:05,227 [main] INFO  balancer.FindTargetGreedyByUsageInfo (AbstractFindTargetGreedy.java:findTargetForContainerMove(133)) - Container Balancer could not find a target for source datanode ee171b35-2724-4868-b35f-db0a4d10637c
2023-09-13 18:18:05,227 [main] DEBUG balancer.ContainerBalancerTask (ContainerBalancerTask.java:matchSourceWithTarget(717)) - ContainerBalancer could not find a suitable target for source node ee171b35-2724-4868-b35f-db0a4d10637c.
2023-09-13 18:18:05,230 [main] DEBUG balancer.ContainerBalancerTask (ContainerBalancerTask.java:matchSourceWithTarget(708)) - ContainerBalancer is finding suitable target for source datanode 7b8ab83c-1d21-4abb-826c-d4ddfa4ee7c5
2023-09-13 18:18:05,230 [main] INFO  balancer.FindTargetGreedyByUsageInfo (AbstractFindTargetGreedy.java:findTargetForContainerMove(133)) - Container Balancer could not find a target for source datanode 7b8ab83c-1d21-4abb-826c-d4ddfa4ee7c5
2023-09-13 18:18:05,230 [main] DEBUG balancer.ContainerBalancerTask (ContainerBalancerTask.java:matchSourceWithTarget(717)) - ContainerBalancer could not find a suitable target for source node 7b8ab83c-1d21-4abb-826c-d4ddfa4ee7c5.
2023-09-13 18:18:05,231 [main] INFO  balancer.FindSourceGreedy (FindSourceGreedy.java:getNextCandidateSourceDataNode(126)) - no more candidate source data node
2023-09-13 18:18:05,231 [main] INFO  balancer.ContainerBalancerTask (ContainerBalancerTask.java:checkIterationMoveResults(642)) - Iteration Summary. Number of Datanodes involved: 3. Size moved: 15 GB (16106127360 Bytes). Number of Container moves completed: 3.
2023-09-13 18:18:05,231 [main] INFO  balancer.ContainerBalancerTask (ContainerBalancerTask.java:balance(259)) - Result of this iteration of Container Balancer: ITERATION_COMPLETED
2023-09-13 18:18:05,231 [main] INFO  balancer.ContainerBalancerTask (ContainerBalancerTask.java:tryStopWithSaveConfiguration(308)) - Save Configuration for stopping. Reason: Completed all iterations.
2023-09-13 18:18:05,232 [main] DEBUG balancer.ContainerBalancerTask (ContainerBalancerTask.java:initializeIteration(374)) - Average utilization of the cluster is 0.32470527934442994
2023-09-13 18:18:05,232 [main] DEBUG balancer.ContainerBalancerTask (ContainerBalancerTask.java:initializeIteration(386)) - Lower limit for utilization is -0.6248681777598135 and Upper limit for utilization is 1.2742787364486734
2023-09-13 18:18:05,232 [main] DEBUG balancer.ContainerBalancerTask (ContainerBalancerTask.java:initializeIteration(398)) - Utilization for node ee171b35-2724-4868-b35f-db0a4d10637c with capacity 50107951786B, used 45097156608B, and remaining 5010795178B is 0.9000000000119741
2023-09-13 18:18:05,232 [main] DEBUG balancer.ContainerBalancerTask (ContainerBalancerTask.java:initializeIteration(398)) - Utilization for node e5b213b0-be5f-4b25-a61b-2caec7e5d9b1 with capacity 48318382080B, used 38654705664B, and remaining 9663676416B is 0.8
2023-09-13 18:18:05,232 [main] DEBUG balancer.ContainerBalancerTask (ContainerBalancerTask.java:initializeIteration(398)) - Utilization for node 02bc5a57-3f7b-4080-8df1-1b1f3e118d1f with capacity 88967179702B, used 62277025792B, and remaining 26690153910B is 0.700000000006744
2023-09-13 18:18:05,232 [main] DEBUG balancer.ContainerBalancerTask (ContainerBalancerTask.java:initializeIteration(398)) - Utilization for node 7b8ab83c-1d21-4abb-826c-d4ddfa4ee7c5 with capacity 89478485333B, used 53687091200B, and remaining 35791394133B is 0.6000000000022352
2023-09-13 18:18:05,232 [main] DEBUG balancer.ContainerBalancerTask (ContainerBalancerTask.java:initializeIteration(398)) - Utilization for node b4b89c1a-0d21-4d0b-9cab-3c48bd96581d with capacity 75161927680B, used 37580963840B, and remaining 37580963840B is 0.5
2023-09-13 18:18:05,232 [main] DEBUG balancer.ContainerBalancerTask (ContainerBalancerTask.java:initializeIteration(398)) - Utilization for node 98bb5845-e602-4e3e-a367-d6a0089bcabb with capacity 96636764160B, used 38654705664B, and remaining 57982058496B is 0.4
2023-09-13 18:18:05,232 [main] DEBUG balancer.ContainerBalancerTask (ContainerBalancerTask.java:initializeIteration(398)) - Utilization for node 9993b6fb-ffa3-4b80-88b5-8eb0acf42969 with capacity 118111600640B, used 35433480192B, and remaining 82678120448B is 0.3
2023-09-13 18:18:05,232 [main] DEBUG balancer.ContainerBalancerTask (ContainerBalancerTask.java:initializeIteration(398)) - Utilization for node 33a2b1f0-86c3-48fa-8253-aa687652337a with capacity 171798691840B, used 34359738368B, and remaining 137438953472B is 0.2
2023-09-13 18:18:05,232 [main] DEBUG balancer.ContainerBalancerTask (ContainerBalancerTask.java:initializeIteration(398)) - Utilization for node 5610c331-1bdf-47ca-b548-4e2f5bb7723b with capacity 429496729600B, used 42949672960B, and remaining 386547056640B is 0.1
2023-09-13 18:18:05,233 [main] DEBUG balancer.ContainerBalancerTask (ContainerBalancerTask.java:initializeIteration(398)) - Utilization for node cf7dd2c4-ac07-4f32-b7a6-9129d534a5aa with capacity 28991029248B, used 0B, and remaining 28991029248B is 0.0
2023-09-13 18:18:05,233 [main] INFO  balancer.ContainerBalancerTask (ContainerBalancerTask.java:initializeIteration(443)) - Did not find any unbalanced Datanodes.
2023-09-13 18:18:05,233 [main] INFO  balancer.ContainerBalancerTask (ContainerBalancerTask.java:tryStopWithSaveConfiguration(308)) - Save Configuration for stopping. Reason: Could not initialize ContainerBalancer's iteration number 0
]]></system-out>
  </testcase>
  <testcase name="balancerShouldObeyMaxSizeEnteringTargetLimit" classname="org.apache.hadoop.hdds.scm.container.balancer.TestContainerBalancerTask" time="0.693">
    <system-out><![CDATA[2023-09-13 18:18:05,259 [main] INFO  net.NodeSchemaLoader (NodeSchemaLoader.java:loadSchemaFromFile(129)) - Loading schema from [file:/home/runner/work/ozone/ozone/hadoop-hdds/common/target/classes/network-topology-default.xml]
2023-09-13 18:18:05,260 [main] INFO  net.NodeSchemaLoader (NodeSchemaLoader.java:loadSchema(176)) - Loading network topology layer schema file
2023-09-13 18:18:05,261 [main] INFO  net.NetworkTopologyImpl (NetworkTopologyImpl.java:add(112)) - Added a new node: /default-rack/fdfed1e1-6fbb-47fa-8b96-d9a09eadcad6
2023-09-13 18:18:05,261 [main] INFO  net.NetworkTopologyImpl (NetworkTopologyImpl.java:add(112)) - Added a new node: /default-rack/19a002c6-0583-4ad3-8433-af8a04bb4b10
2023-09-13 18:18:05,261 [main] INFO  net.NetworkTopologyImpl (NetworkTopologyImpl.java:add(112)) - Added a new node: /default-rack/ae50999f-4798-4a4d-a980-ff74155c5c86
2023-09-13 18:18:05,261 [main] INFO  net.NetworkTopologyImpl (NetworkTopologyImpl.java:add(112)) - Added a new node: /default-rack/979bd292-c99f-440a-99b0-d74c9134c353
2023-09-13 18:18:05,261 [main] INFO  net.NetworkTopologyImpl (NetworkTopologyImpl.java:add(112)) - Added a new node: /default-rack/81189dc7-485f-417d-9ea8-7fb1fffcb4a0
2023-09-13 18:18:05,262 [main] INFO  net.NetworkTopologyImpl (NetworkTopologyImpl.java:add(112)) - Added a new node: /default-rack/09b0fd6c-e0d6-481d-a199-b5e7f3e0d840
2023-09-13 18:18:05,262 [main] INFO  net.NetworkTopologyImpl (NetworkTopologyImpl.java:add(112)) - Added a new node: /default-rack/a78e0ce9-80ff-4f42-baf5-e4319341dc76
2023-09-13 18:18:05,262 [main] INFO  net.NetworkTopologyImpl (NetworkTopologyImpl.java:add(112)) - Added a new node: /default-rack/ebf8113f-65ad-47bf-ab48-dffa4412a7a9
2023-09-13 18:18:05,262 [main] INFO  net.NetworkTopologyImpl (NetworkTopologyImpl.java:add(112)) - Added a new node: /default-rack/783bd14a-7b58-4403-ae08-e7ee78f9414a
2023-09-13 18:18:05,262 [main] INFO  net.NetworkTopologyImpl (NetworkTopologyImpl.java:add(112)) - Added a new node: /default-rack/07226369-269c-453a-9bf8-8b20035bcdb1
2023-09-13 18:18:05,262 [main] INFO  algorithms.ContainerPlacementPolicyFactory (ContainerPlacementPolicyFactory.java:getPolicyInternal(86)) - Create container placement policy of type org.apache.hadoop.hdds.scm.container.placement.algorithms.SCMContainerPlacementRackAware
2023-09-13 18:18:05,262 [main] INFO  algorithms.ContainerPlacementPolicyFactory (ContainerPlacementPolicyFactory.java:getPolicyInternal(86)) - Create container placement policy of type org.apache.hadoop.hdds.scm.container.placement.algorithms.SCMContainerPlacementRackScatter
2023-09-13 18:18:05,265 [main] DEBUG balancer.ContainerBalancerTask (ContainerBalancerTask.java:initializeIteration(374)) - Average utilization of the cluster is 0.34763694755720675
2023-09-13 18:18:05,265 [main] DEBUG balancer.ContainerBalancerTask (ContainerBalancerTask.java:initializeIteration(386)) - Lower limit for utilization is 0.24763694755720675 and Upper limit for utilization is 0.44763694755720673
2023-09-13 18:18:05,265 [main] DEBUG balancer.ContainerBalancerTask (ContainerBalancerTask.java:initializeIteration(398)) - Utilization for node ae50999f-4798-4a4d-a980-ff74155c5c86 with capacity 73968881208B, used 66571993088B, and remaining 7396888120B is 0.9000000000108154
2023-09-13 18:18:05,265 [main] DEBUG balancer.ContainerBalancerTask (ContainerBalancerTask.java:initializeIteration(398)) - Utilization for node 07226369-269c-453a-9bf8-8b20035bcdb1 with capacity 61740154880B, used 49392123904B, and remaining 12348030976B is 0.8
2023-09-13 18:18:05,265 [main] DEBUG balancer.ContainerBalancerTask (ContainerBalancerTask.java:initializeIteration(398)) - Utilization for node 783bd14a-7b58-4403-ae08-e7ee78f9414a with capacity 79763678354B, used 55834574848B, and remaining 23929103506B is 0.7000000000025074
2023-09-13 18:18:05,265 [main] DEBUG balancer.ContainerBalancerTask (ContainerBalancerTask.java:initializeIteration(398)) - Utilization for node 979bd292-c99f-440a-99b0-d74c9134c353 with capacity 84109776213B, used 50465865728B, and remaining 33643910485B is 0.6000000000023779
2023-09-13 18:18:05,265 [main] DEBUG balancer.ContainerBalancerTask (ContainerBalancerTask.java:initializeIteration(398)) - Utilization for node ebf8113f-65ad-47bf-ab48-dffa4412a7a9 with capacity 77309411328B, used 38654705664B, and remaining 38654705664B is 0.5
2023-09-13 18:18:05,265 [main] DEBUG balancer.ContainerBalancerTask (ContainerBalancerTask.java:initializeIteration(398)) - Utilization for node 81189dc7-485f-417d-9ea8-7fb1fffcb4a0 with capacity 85899345920B, used 34359738368B, and remaining 51539607552B is 0.4
2023-09-13 18:18:05,266 [main] DEBUG balancer.ContainerBalancerTask (ContainerBalancerTask.java:initializeIteration(398)) - Utilization for node fdfed1e1-6fbb-47fa-8b96-d9a09eadcad6 with capacity 143165576533B, used 42949672960B, and remaining 100215903573B is 0.3000000000006985
2023-09-13 18:18:05,266 [main] DEBUG balancer.ContainerBalancerTask (ContainerBalancerTask.java:initializeIteration(398)) - Utilization for node a78e0ce9-80ff-4f42-baf5-e4319341dc76 with capacity 166429982720B, used 33285996544B, and remaining 133143986176B is 0.2
2023-09-13 18:18:05,266 [main] DEBUG balancer.ContainerBalancerTask (ContainerBalancerTask.java:initializeIteration(398)) - Utilization for node 09b0fd6c-e0d6-481d-a199-b5e7f3e0d840 with capacity 343597383680B, used 34359738368B, and remaining 309237645312B is 0.1
2023-09-13 18:18:05,266 [main] DEBUG balancer.ContainerBalancerTask (ContainerBalancerTask.java:initializeIteration(398)) - Utilization for node 19a002c6-0583-4ad3-8433-af8a04bb4b10 with capacity 51539607552B, used 0B, and remaining 51539607552B is 0.0
2023-09-13 18:18:05,266 [main] INFO  balancer.ContainerBalancerTask (ContainerBalancerTask.java:initializeIteration(447)) - Container Balancer has identified 5 Over-Utilized and 3 Under-Utilized Datanodes that need to be balanced.
2023-09-13 18:18:05,266 [main] DEBUG balancer.ContainerBalancerTask (ContainerBalancerTask.java:lambda$initializeIteration$1(453)) - Datanode localhost-156.128.218.30 ae50999f-4798-4a4d-a980-ff74155c5c86 is Over-Utilized.
2023-09-13 18:18:05,266 [main] DEBUG balancer.ContainerBalancerTask (ContainerBalancerTask.java:lambda$initializeIteration$1(453)) - Datanode localhost-181.33.17.222 07226369-269c-453a-9bf8-8b20035bcdb1 is Over-Utilized.
2023-09-13 18:18:05,266 [main] DEBUG balancer.ContainerBalancerTask (ContainerBalancerTask.java:lambda$initializeIteration$1(453)) - Datanode localhost-86.84.32.111 783bd14a-7b58-4403-ae08-e7ee78f9414a is Over-Utilized.
2023-09-13 18:18:05,266 [main] DEBUG balancer.ContainerBalancerTask (ContainerBalancerTask.java:lambda$initializeIteration$1(453)) - Datanode localhost-88.83.97.113 979bd292-c99f-440a-99b0-d74c9134c353 is Over-Utilized.
2023-09-13 18:18:05,266 [main] DEBUG balancer.ContainerBalancerTask (ContainerBalancerTask.java:lambda$initializeIteration$1(453)) - Datanode localhost-151.139.211.159 ebf8113f-65ad-47bf-ab48-dffa4412a7a9 is Over-Utilized.
2023-09-13 18:18:05,266 [main] DEBUG balancer.ContainerBalancerTask (ContainerBalancerTask.java:lambda$initializeIteration$2(459)) - Datanode localhost-172.192.98.19 19a002c6-0583-4ad3-8433-af8a04bb4b10 is Under-Utilized.
2023-09-13 18:18:05,266 [main] DEBUG balancer.ContainerBalancerTask (ContainerBalancerTask.java:lambda$initializeIteration$2(459)) - Datanode localhost-158.176.174.100 09b0fd6c-e0d6-481d-a199-b5e7f3e0d840 is Under-Utilized.
2023-09-13 18:18:05,267 [main] DEBUG balancer.ContainerBalancerTask (ContainerBalancerTask.java:lambda$initializeIteration$2(459)) - Datanode localhost-154.94.54.161 a78e0ce9-80ff-4f42-baf5-e4319341dc76 is Under-Utilized.
2023-09-13 18:18:05,622 [main] DEBUG balancer.ContainerBalancerTask (ContainerBalancerTask.java:matchSourceWithTarget(708)) - ContainerBalancer is finding suitable target for source datanode ae50999f-4798-4a4d-a980-ff74155c5c86
2023-09-13 18:18:05,629 [main] INFO  balancer.FindTargetGreedyByUsageInfo (AbstractFindTargetGreedy.java:findTargetForContainerMove(133)) - Container Balancer could not find a target for source datanode ae50999f-4798-4a4d-a980-ff74155c5c86
2023-09-13 18:18:05,629 [main] DEBUG balancer.ContainerBalancerTask (ContainerBalancerTask.java:matchSourceWithTarget(717)) - ContainerBalancer could not find a suitable target for source node ae50999f-4798-4a4d-a980-ff74155c5c86.
2023-09-13 18:18:05,631 [main] DEBUG balancer.ContainerBalancerTask (ContainerBalancerTask.java:matchSourceWithTarget(708)) - ContainerBalancer is finding suitable target for source datanode 07226369-269c-453a-9bf8-8b20035bcdb1
2023-09-13 18:18:05,633 [main] INFO  balancer.FindTargetGreedyByUsageInfo (AbstractFindTargetGreedy.java:findTargetForContainerMove(133)) - Container Balancer could not find a target for source datanode 07226369-269c-453a-9bf8-8b20035bcdb1
2023-09-13 18:18:05,633 [main] DEBUG balancer.ContainerBalancerTask (ContainerBalancerTask.java:matchSourceWithTarget(717)) - ContainerBalancer could not find a suitable target for source node 07226369-269c-453a-9bf8-8b20035bcdb1.
2023-09-13 18:18:05,644 [main] DEBUG balancer.ContainerBalancerTask (ContainerBalancerTask.java:matchSourceWithTarget(708)) - ContainerBalancer is finding suitable target for source datanode 783bd14a-7b58-4403-ae08-e7ee78f9414a
2023-09-13 18:18:05,648 [main] INFO  balancer.FindTargetGreedyByUsageInfo (AbstractFindTargetGreedy.java:findTargetForContainerMove(133)) - Container Balancer could not find a target for source datanode 783bd14a-7b58-4403-ae08-e7ee78f9414a
2023-09-13 18:18:05,648 [main] DEBUG balancer.ContainerBalancerTask (ContainerBalancerTask.java:matchSourceWithTarget(717)) - ContainerBalancer could not find a suitable target for source node 783bd14a-7b58-4403-ae08-e7ee78f9414a.
2023-09-13 18:18:05,650 [main] DEBUG balancer.ContainerBalancerTask (ContainerBalancerTask.java:matchSourceWithTarget(708)) - ContainerBalancer is finding suitable target for source datanode 979bd292-c99f-440a-99b0-d74c9134c353
2023-09-13 18:18:05,652 [main] INFO  balancer.FindTargetGreedyByUsageInfo (AbstractFindTargetGreedy.java:findTargetForContainerMove(133)) - Container Balancer could not find a target for source datanode 979bd292-c99f-440a-99b0-d74c9134c353
2023-09-13 18:18:05,652 [main] DEBUG balancer.ContainerBalancerTask (ContainerBalancerTask.java:matchSourceWithTarget(717)) - ContainerBalancer could not find a suitable target for source node 979bd292-c99f-440a-99b0-d74c9134c353.
2023-09-13 18:18:05,653 [main] DEBUG balancer.ContainerBalancerTask (ContainerBalancerTask.java:matchSourceWithTarget(708)) - ContainerBalancer is finding suitable target for source datanode ebf8113f-65ad-47bf-ab48-dffa4412a7a9
2023-09-13 18:18:05,656 [main] INFO  balancer.FindTargetGreedyByUsageInfo (AbstractFindTargetGreedy.java:findTargetForContainerMove(133)) - Container Balancer could not find a target for source datanode ebf8113f-65ad-47bf-ab48-dffa4412a7a9
2023-09-13 18:18:05,656 [main] DEBUG balancer.ContainerBalancerTask (ContainerBalancerTask.java:matchSourceWithTarget(717)) - ContainerBalancer could not find a suitable target for source node ebf8113f-65ad-47bf-ab48-dffa4412a7a9.
2023-09-13 18:18:05,656 [main] INFO  balancer.FindSourceGreedy (FindSourceGreedy.java:getNextCandidateSourceDataNode(126)) - no more candidate source data node
2023-09-13 18:18:05,656 [main] INFO  balancer.ContainerBalancerTask (ContainerBalancerTask.java:balance(259)) - Result of this iteration of Container Balancer: CAN_NOT_BALANCE_ANY_MORE
2023-09-13 18:18:05,656 [main] INFO  balancer.ContainerBalancerTask (ContainerBalancerTask.java:tryStopWithSaveConfiguration(308)) - Save Configuration for stopping. Reason: CAN_NOT_BALANCE_ANY_MORE
2023-09-13 18:18:05,671 [main] DEBUG balancer.ContainerBalancerTask (ContainerBalancerTask.java:initializeIteration(374)) - Average utilization of the cluster is 0.34763694755720675
2023-09-13 18:18:05,671 [main] DEBUG balancer.ContainerBalancerTask (ContainerBalancerTask.java:initializeIteration(386)) - Lower limit for utilization is 0.24763694755720675 and Upper limit for utilization is 0.44763694755720673
2023-09-13 18:18:05,672 [main] DEBUG balancer.ContainerBalancerTask (ContainerBalancerTask.java:initializeIteration(398)) - Utilization for node ae50999f-4798-4a4d-a980-ff74155c5c86 with capacity 73968881208B, used 66571993088B, and remaining 7396888120B is 0.9000000000108154
2023-09-13 18:18:05,672 [main] DEBUG balancer.ContainerBalancerTask (ContainerBalancerTask.java:initializeIteration(398)) - Utilization for node 07226369-269c-453a-9bf8-8b20035bcdb1 with capacity 61740154880B, used 49392123904B, and remaining 12348030976B is 0.8
2023-09-13 18:18:05,672 [main] DEBUG balancer.ContainerBalancerTask (ContainerBalancerTask.java:initializeIteration(398)) - Utilization for node 783bd14a-7b58-4403-ae08-e7ee78f9414a with capacity 79763678354B, used 55834574848B, and remaining 23929103506B is 0.7000000000025074
2023-09-13 18:18:05,672 [main] DEBUG balancer.ContainerBalancerTask (ContainerBalancerTask.java:initializeIteration(398)) - Utilization for node 979bd292-c99f-440a-99b0-d74c9134c353 with capacity 84109776213B, used 50465865728B, and remaining 33643910485B is 0.6000000000023779
2023-09-13 18:18:05,672 [main] DEBUG balancer.ContainerBalancerTask (ContainerBalancerTask.java:initializeIteration(398)) - Utilization for node ebf8113f-65ad-47bf-ab48-dffa4412a7a9 with capacity 77309411328B, used 38654705664B, and remaining 38654705664B is 0.5
2023-09-13 18:18:05,672 [main] DEBUG balancer.ContainerBalancerTask (ContainerBalancerTask.java:initializeIteration(398)) - Utilization for node 81189dc7-485f-417d-9ea8-7fb1fffcb4a0 with capacity 85899345920B, used 34359738368B, and remaining 51539607552B is 0.4
2023-09-13 18:18:05,672 [main] DEBUG balancer.ContainerBalancerTask (ContainerBalancerTask.java:initializeIteration(398)) - Utilization for node fdfed1e1-6fbb-47fa-8b96-d9a09eadcad6 with capacity 143165576533B, used 42949672960B, and remaining 100215903573B is 0.3000000000006985
2023-09-13 18:18:05,672 [main] DEBUG balancer.ContainerBalancerTask (ContainerBalancerTask.java:initializeIteration(398)) - Utilization for node a78e0ce9-80ff-4f42-baf5-e4319341dc76 with capacity 166429982720B, used 33285996544B, and remaining 133143986176B is 0.2
2023-09-13 18:18:05,672 [main] DEBUG balancer.ContainerBalancerTask (ContainerBalancerTask.java:initializeIteration(398)) - Utilization for node 09b0fd6c-e0d6-481d-a199-b5e7f3e0d840 with capacity 343597383680B, used 34359738368B, and remaining 309237645312B is 0.1
2023-09-13 18:18:05,672 [main] DEBUG balancer.ContainerBalancerTask (ContainerBalancerTask.java:initializeIteration(398)) - Utilization for node 19a002c6-0583-4ad3-8433-af8a04bb4b10 with capacity 51539607552B, used 0B, and remaining 51539607552B is 0.0
2023-09-13 18:18:05,673 [main] INFO  balancer.ContainerBalancerTask (ContainerBalancerTask.java:initializeIteration(447)) - Container Balancer has identified 5 Over-Utilized and 3 Under-Utilized Datanodes that need to be balanced.
2023-09-13 18:18:05,673 [main] DEBUG balancer.ContainerBalancerTask (ContainerBalancerTask.java:lambda$initializeIteration$1(453)) - Datanode localhost-156.128.218.30 ae50999f-4798-4a4d-a980-ff74155c5c86 is Over-Utilized.
2023-09-13 18:18:05,673 [main] DEBUG balancer.ContainerBalancerTask (ContainerBalancerTask.java:lambda$initializeIteration$1(453)) - Datanode localhost-181.33.17.222 07226369-269c-453a-9bf8-8b20035bcdb1 is Over-Utilized.
2023-09-13 18:18:05,673 [main] DEBUG balancer.ContainerBalancerTask (ContainerBalancerTask.java:lambda$initializeIteration$1(453)) - Datanode localhost-86.84.32.111 783bd14a-7b58-4403-ae08-e7ee78f9414a is Over-Utilized.
2023-09-13 18:18:05,673 [main] DEBUG balancer.ContainerBalancerTask (ContainerBalancerTask.java:lambda$initializeIteration$1(453)) - Datanode localhost-88.83.97.113 979bd292-c99f-440a-99b0-d74c9134c353 is Over-Utilized.
2023-09-13 18:18:05,673 [main] DEBUG balancer.ContainerBalancerTask (ContainerBalancerTask.java:lambda$initializeIteration$1(453)) - Datanode localhost-151.139.211.159 ebf8113f-65ad-47bf-ab48-dffa4412a7a9 is Over-Utilized.
2023-09-13 18:18:05,673 [main] DEBUG balancer.ContainerBalancerTask (ContainerBalancerTask.java:lambda$initializeIteration$2(459)) - Datanode localhost-172.192.98.19 19a002c6-0583-4ad3-8433-af8a04bb4b10 is Under-Utilized.
2023-09-13 18:18:05,673 [main] DEBUG balancer.ContainerBalancerTask (ContainerBalancerTask.java:lambda$initializeIteration$2(459)) - Datanode localhost-158.176.174.100 09b0fd6c-e0d6-481d-a199-b5e7f3e0d840 is Under-Utilized.
2023-09-13 18:18:05,673 [main] DEBUG balancer.ContainerBalancerTask (ContainerBalancerTask.java:lambda$initializeIteration$2(459)) - Datanode localhost-154.94.54.161 a78e0ce9-80ff-4f42-baf5-e4319341dc76 is Under-Utilized.
2023-09-13 18:18:05,677 [main] DEBUG balancer.ContainerBalancerTask (ContainerBalancerTask.java:matchSourceWithTarget(708)) - ContainerBalancer is finding suitable target for source datanode ae50999f-4798-4a4d-a980-ff74155c5c86
2023-09-13 18:18:05,677 [main] INFO  balancer.ContainerBalancerTask (ContainerBalancerTask.java:matchSourceWithTarget(722)) - ContainerBalancer matched source datanode ae50999f-4798-4a4d-a980-ff74155c5c86 with target datanode 19a002c6-0583-4ad3-8433-af8a04bb4b10 for container move.
2023-09-13 18:18:05,677 [main] INFO  balancer.ContainerBalancerTask (ContainerBalancerTask.java:processMoveSelection(569)) - ContainerBalancer is trying to move container #85 with size 5368709120B from source datanode ae50999f-4798-4a4d-a980-ff74155c5c86 to target datanode 19a002c6-0583-4ad3-8433-af8a04bb4b10
2023-09-13 18:18:05,677 [main] DEBUG balancer.ContainerBalancerTask (ContainerBalancerTask.java:lambda$moveContainer$3(837)) - Container move completed for container #85 from source ae50999f-4798-4a4d-a980-ff74155c5c86 to target 19a002c6-0583-4ad3-8433-af8a04bb4b10
2023-09-13 18:18:05,677 [main] DEBUG balancer.ContainerBalancerTask (ContainerBalancerTask.java:adaptOnReachingIterationLimits(782)) - Reached max datanodes to involve limit. 2 datanodes have already been selected for balancing and the limit is 2. Only already selected sources and targets can be involved in balancing now.
2023-09-13 18:18:05,680 [main] DEBUG balancer.ContainerBalancerTask (ContainerBalancerTask.java:matchSourceWithTarget(708)) - ContainerBalancer is finding suitable target for source datanode ae50999f-4798-4a4d-a980-ff74155c5c86
2023-09-13 18:18:05,680 [main] INFO  balancer.ContainerBalancerTask (ContainerBalancerTask.java:matchSourceWithTarget(722)) - ContainerBalancer matched source datanode ae50999f-4798-4a4d-a980-ff74155c5c86 with target datanode 19a002c6-0583-4ad3-8433-af8a04bb4b10 for container move.
2023-09-13 18:18:05,681 [main] INFO  balancer.ContainerBalancerTask (ContainerBalancerTask.java:processMoveSelection(569)) - ContainerBalancer is trying to move container #40 with size 5368709120B from source datanode ae50999f-4798-4a4d-a980-ff74155c5c86 to target datanode 19a002c6-0583-4ad3-8433-af8a04bb4b10
2023-09-13 18:18:05,681 [main] DEBUG balancer.ContainerBalancerTask (ContainerBalancerTask.java:lambda$moveContainer$3(837)) - Container move completed for container #40 from source ae50999f-4798-4a4d-a980-ff74155c5c86 to target 19a002c6-0583-4ad3-8433-af8a04bb4b10
2023-09-13 18:18:05,684 [main] DEBUG balancer.ContainerBalancerTask (ContainerBalancerTask.java:matchSourceWithTarget(708)) - ContainerBalancer is finding suitable target for source datanode ae50999f-4798-4a4d-a980-ff74155c5c86
2023-09-13 18:18:05,684 [main] INFO  balancer.ContainerBalancerTask (ContainerBalancerTask.java:matchSourceWithTarget(722)) - ContainerBalancer matched source datanode ae50999f-4798-4a4d-a980-ff74155c5c86 with target datanode 19a002c6-0583-4ad3-8433-af8a04bb4b10 for container move.
2023-09-13 18:18:05,684 [main] INFO  balancer.ContainerBalancerTask (ContainerBalancerTask.java:processMoveSelection(569)) - ContainerBalancer is trying to move container #29 with size 5368709120B from source datanode ae50999f-4798-4a4d-a980-ff74155c5c86 to target datanode 19a002c6-0583-4ad3-8433-af8a04bb4b10
2023-09-13 18:18:05,684 [main] DEBUG balancer.ContainerBalancerTask (ContainerBalancerTask.java:lambda$moveContainer$3(837)) - Container move completed for container #29 from source ae50999f-4798-4a4d-a980-ff74155c5c86 to target 19a002c6-0583-4ad3-8433-af8a04bb4b10
2023-09-13 18:18:05,687 [main] DEBUG balancer.ContainerBalancerTask (ContainerBalancerTask.java:matchSourceWithTarget(708)) - ContainerBalancer is finding suitable target for source datanode ae50999f-4798-4a4d-a980-ff74155c5c86
2023-09-13 18:18:05,687 [main] INFO  balancer.ContainerBalancerTask (ContainerBalancerTask.java:matchSourceWithTarget(722)) - ContainerBalancer matched source datanode ae50999f-4798-4a4d-a980-ff74155c5c86 with target datanode 19a002c6-0583-4ad3-8433-af8a04bb4b10 for container move.
2023-09-13 18:18:05,687 [main] INFO  balancer.ContainerBalancerTask (ContainerBalancerTask.java:processMoveSelection(569)) - ContainerBalancer is trying to move container #89 with size 4294967296B from source datanode ae50999f-4798-4a4d-a980-ff74155c5c86 to target datanode 19a002c6-0583-4ad3-8433-af8a04bb4b10
2023-09-13 18:18:05,688 [main] DEBUG balancer.ContainerBalancerTask (ContainerBalancerTask.java:lambda$moveContainer$3(837)) - Container move completed for container #89 from source ae50999f-4798-4a4d-a980-ff74155c5c86 to target 19a002c6-0583-4ad3-8433-af8a04bb4b10
2023-09-13 18:18:05,691 [main] DEBUG balancer.ContainerBalancerTask (ContainerBalancerTask.java:matchSourceWithTarget(708)) - ContainerBalancer is finding suitable target for source datanode ae50999f-4798-4a4d-a980-ff74155c5c86
2023-09-13 18:18:05,691 [main] INFO  balancer.ContainerBalancerTask (ContainerBalancerTask.java:matchSourceWithTarget(722)) - ContainerBalancer matched source datanode ae50999f-4798-4a4d-a980-ff74155c5c86 with target datanode 19a002c6-0583-4ad3-8433-af8a04bb4b10 for container move.
2023-09-13 18:18:05,691 [main] INFO  balancer.ContainerBalancerTask (ContainerBalancerTask.java:processMoveSelection(569)) - ContainerBalancer is trying to move container #87 with size 2147483648B from source datanode ae50999f-4798-4a4d-a980-ff74155c5c86 to target datanode 19a002c6-0583-4ad3-8433-af8a04bb4b10
2023-09-13 18:18:05,691 [main] DEBUG balancer.ContainerBalancerTask (ContainerBalancerTask.java:lambda$moveContainer$3(837)) - Container move completed for container #87 from source ae50999f-4798-4a4d-a980-ff74155c5c86 to target 19a002c6-0583-4ad3-8433-af8a04bb4b10
2023-09-13 18:18:05,694 [main] DEBUG balancer.ContainerBalancerTask (ContainerBalancerTask.java:matchSourceWithTarget(708)) - ContainerBalancer is finding suitable target for source datanode ae50999f-4798-4a4d-a980-ff74155c5c86
2023-09-13 18:18:05,695 [main] INFO  balancer.FindTargetGreedyByUsageInfo (AbstractFindTargetGreedy.java:findTargetForContainerMove(133)) - Container Balancer could not find a target for source datanode ae50999f-4798-4a4d-a980-ff74155c5c86
2023-09-13 18:18:05,695 [main] DEBUG balancer.ContainerBalancerTask (ContainerBalancerTask.java:matchSourceWithTarget(717)) - ContainerBalancer could not find a suitable target for source node ae50999f-4798-4a4d-a980-ff74155c5c86.
2023-09-13 18:18:05,695 [main] INFO  balancer.FindSourceGreedy (FindSourceGreedy.java:getNextCandidateSourceDataNode(126)) - no more candidate source data node
2023-09-13 18:18:05,696 [main] INFO  balancer.ContainerBalancerTask (ContainerBalancerTask.java:checkIterationMoveResults(642)) - Iteration Summary. Number of Datanodes involved: 2. Size moved: 21 GB (22548578304 Bytes). Number of Container moves completed: 5.
2023-09-13 18:18:05,696 [main] INFO  balancer.ContainerBalancerTask (ContainerBalancerTask.java:balance(259)) - Result of this iteration of Container Balancer: ITERATION_COMPLETED
2023-09-13 18:18:05,697 [main] DEBUG balancer.ContainerBalancerTask (ContainerBalancerTask.java:initializeIteration(374)) - Average utilization of the cluster is 0.34763694755720675
2023-09-13 18:18:05,697 [main] DEBUG balancer.ContainerBalancerTask (ContainerBalancerTask.java:initializeIteration(386)) - Lower limit for utilization is 0.24763694755720675 and Upper limit for utilization is 0.44763694755720673
2023-09-13 18:18:05,697 [main] DEBUG balancer.ContainerBalancerTask (ContainerBalancerTask.java:initializeIteration(398)) - Utilization for node ae50999f-4798-4a4d-a980-ff74155c5c86 with capacity 73968881208B, used 66571993088B, and remaining 7396888120B is 0.9000000000108154
2023-09-13 18:18:05,697 [main] DEBUG balancer.ContainerBalancerTask (ContainerBalancerTask.java:initializeIteration(398)) - Utilization for node 07226369-269c-453a-9bf8-8b20035bcdb1 with capacity 61740154880B, used 49392123904B, and remaining 12348030976B is 0.8
2023-09-13 18:18:05,698 [main] DEBUG balancer.ContainerBalancerTask (ContainerBalancerTask.java:initializeIteration(398)) - Utilization for node 783bd14a-7b58-4403-ae08-e7ee78f9414a with capacity 79763678354B, used 55834574848B, and remaining 23929103506B is 0.7000000000025074
2023-09-13 18:18:05,698 [main] DEBUG balancer.ContainerBalancerTask (ContainerBalancerTask.java:initializeIteration(398)) - Utilization for node 979bd292-c99f-440a-99b0-d74c9134c353 with capacity 84109776213B, used 50465865728B, and remaining 33643910485B is 0.6000000000023779
2023-09-13 18:18:05,698 [main] DEBUG balancer.ContainerBalancerTask (ContainerBalancerTask.java:initializeIteration(398)) - Utilization for node ebf8113f-65ad-47bf-ab48-dffa4412a7a9 with capacity 77309411328B, used 38654705664B, and remaining 38654705664B is 0.5
2023-09-13 18:18:05,698 [main] DEBUG balancer.ContainerBalancerTask (ContainerBalancerTask.java:initializeIteration(398)) - Utilization for node 81189dc7-485f-417d-9ea8-7fb1fffcb4a0 with capacity 85899345920B, used 34359738368B, and remaining 51539607552B is 0.4
2023-09-13 18:18:05,698 [main] DEBUG balancer.ContainerBalancerTask (ContainerBalancerTask.java:initializeIteration(398)) - Utilization for node fdfed1e1-6fbb-47fa-8b96-d9a09eadcad6 with capacity 143165576533B, used 42949672960B, and remaining 100215903573B is 0.3000000000006985
2023-09-13 18:18:05,698 [main] DEBUG balancer.ContainerBalancerTask (ContainerBalancerTask.java:initializeIteration(398)) - Utilization for node a78e0ce9-80ff-4f42-baf5-e4319341dc76 with capacity 166429982720B, used 33285996544B, and remaining 133143986176B is 0.2
2023-09-13 18:18:05,698 [main] DEBUG balancer.ContainerBalancerTask (ContainerBalancerTask.java:initializeIteration(398)) - Utilization for node 09b0fd6c-e0d6-481d-a199-b5e7f3e0d840 with capacity 343597383680B, used 34359738368B, and remaining 309237645312B is 0.1
2023-09-13 18:18:05,698 [main] DEBUG balancer.ContainerBalancerTask (ContainerBalancerTask.java:initializeIteration(398)) - Utilization for node 19a002c6-0583-4ad3-8433-af8a04bb4b10 with capacity 51539607552B, used 0B, and remaining 51539607552B is 0.0
2023-09-13 18:18:05,698 [main] INFO  balancer.ContainerBalancerTask (ContainerBalancerTask.java:initializeIteration(447)) - Container Balancer has identified 5 Over-Utilized and 3 Under-Utilized Datanodes that need to be balanced.
2023-09-13 18:18:05,698 [main] DEBUG balancer.ContainerBalancerTask (ContainerBalancerTask.java:lambda$initializeIteration$1(453)) - Datanode localhost-156.128.218.30 ae50999f-4798-4a4d-a980-ff74155c5c86 is Over-Utilized.
2023-09-13 18:18:05,698 [main] DEBUG balancer.ContainerBalancerTask (ContainerBalancerTask.java:lambda$initializeIteration$1(453)) - Datanode localhost-181.33.17.222 07226369-269c-453a-9bf8-8b20035bcdb1 is Over-Utilized.
2023-09-13 18:18:05,699 [main] DEBUG balancer.ContainerBalancerTask (ContainerBalancerTask.java:lambda$initializeIteration$1(453)) - Datanode localhost-86.84.32.111 783bd14a-7b58-4403-ae08-e7ee78f9414a is Over-Utilized.
2023-09-13 18:18:05,699 [main] DEBUG balancer.ContainerBalancerTask (ContainerBalancerTask.java:lambda$initializeIteration$1(453)) - Datanode localhost-88.83.97.113 979bd292-c99f-440a-99b0-d74c9134c353 is Over-Utilized.
2023-09-13 18:18:05,699 [main] DEBUG balancer.ContainerBalancerTask (ContainerBalancerTask.java:lambda$initializeIteration$1(453)) - Datanode localhost-151.139.211.159 ebf8113f-65ad-47bf-ab48-dffa4412a7a9 is Over-Utilized.
2023-09-13 18:18:05,699 [main] DEBUG balancer.ContainerBalancerTask (ContainerBalancerTask.java:lambda$initializeIteration$2(459)) - Datanode localhost-172.192.98.19 19a002c6-0583-4ad3-8433-af8a04bb4b10 is Under-Utilized.
2023-09-13 18:18:05,699 [main] DEBUG balancer.ContainerBalancerTask (ContainerBalancerTask.java:lambda$initializeIteration$2(459)) - Datanode localhost-158.176.174.100 09b0fd6c-e0d6-481d-a199-b5e7f3e0d840 is Under-Utilized.
2023-09-13 18:18:05,699 [main] DEBUG balancer.ContainerBalancerTask (ContainerBalancerTask.java:lambda$initializeIteration$2(459)) - Datanode localhost-154.94.54.161 a78e0ce9-80ff-4f42-baf5-e4319341dc76 is Under-Utilized.
2023-09-13 18:18:05,702 [main] DEBUG balancer.ContainerBalancerTask (ContainerBalancerTask.java:matchSourceWithTarget(708)) - ContainerBalancer is finding suitable target for source datanode ae50999f-4798-4a4d-a980-ff74155c5c86
2023-09-13 18:18:05,702 [main] INFO  balancer.ContainerBalancerTask (ContainerBalancerTask.java:matchSourceWithTarget(722)) - ContainerBalancer matched source datanode ae50999f-4798-4a4d-a980-ff74155c5c86 with target datanode 19a002c6-0583-4ad3-8433-af8a04bb4b10 for container move.
2023-09-13 18:18:05,702 [main] INFO  balancer.ContainerBalancerTask (ContainerBalancerTask.java:processMoveSelection(569)) - ContainerBalancer is trying to move container #85 with size 5368709120B from source datanode ae50999f-4798-4a4d-a980-ff74155c5c86 to target datanode 19a002c6-0583-4ad3-8433-af8a04bb4b10
2023-09-13 18:18:05,702 [main] DEBUG balancer.ContainerBalancerTask (ContainerBalancerTask.java:lambda$moveContainer$3(837)) - Container move completed for container #85 from source ae50999f-4798-4a4d-a980-ff74155c5c86 to target 19a002c6-0583-4ad3-8433-af8a04bb4b10
2023-09-13 18:18:05,703 [main] DEBUG balancer.ContainerBalancerTask (ContainerBalancerTask.java:adaptOnReachingIterationLimits(782)) - Reached max datanodes to involve limit. 2 datanodes have already been selected for balancing and the limit is 2. Only already selected sources and targets can be involved in balancing now.
2023-09-13 18:18:05,706 [main] DEBUG balancer.ContainerBalancerTask (ContainerBalancerTask.java:matchSourceWithTarget(708)) - ContainerBalancer is finding suitable target for source datanode ae50999f-4798-4a4d-a980-ff74155c5c86
2023-09-13 18:18:05,706 [main] INFO  balancer.ContainerBalancerTask (ContainerBalancerTask.java:matchSourceWithTarget(722)) - ContainerBalancer matched source datanode ae50999f-4798-4a4d-a980-ff74155c5c86 with target datanode 19a002c6-0583-4ad3-8433-af8a04bb4b10 for container move.
2023-09-13 18:18:05,706 [main] INFO  balancer.ContainerBalancerTask (ContainerBalancerTask.java:processMoveSelection(569)) - ContainerBalancer is trying to move container #40 with size 5368709120B from source datanode ae50999f-4798-4a4d-a980-ff74155c5c86 to target datanode 19a002c6-0583-4ad3-8433-af8a04bb4b10
2023-09-13 18:18:05,706 [main] DEBUG balancer.ContainerBalancerTask (ContainerBalancerTask.java:lambda$moveContainer$3(837)) - Container move completed for container #40 from source ae50999f-4798-4a4d-a980-ff74155c5c86 to target 19a002c6-0583-4ad3-8433-af8a04bb4b10
2023-09-13 18:18:05,709 [main] DEBUG balancer.ContainerBalancerTask (ContainerBalancerTask.java:matchSourceWithTarget(708)) - ContainerBalancer is finding suitable target for source datanode ae50999f-4798-4a4d-a980-ff74155c5c86
2023-09-13 18:18:05,709 [main] INFO  balancer.ContainerBalancerTask (ContainerBalancerTask.java:matchSourceWithTarget(722)) - ContainerBalancer matched source datanode ae50999f-4798-4a4d-a980-ff74155c5c86 with target datanode 19a002c6-0583-4ad3-8433-af8a04bb4b10 for container move.
2023-09-13 18:18:05,709 [main] INFO  balancer.ContainerBalancerTask (ContainerBalancerTask.java:processMoveSelection(569)) - ContainerBalancer is trying to move container #29 with size 5368709120B from source datanode ae50999f-4798-4a4d-a980-ff74155c5c86 to target datanode 19a002c6-0583-4ad3-8433-af8a04bb4b10
2023-09-13 18:18:05,709 [main] DEBUG balancer.ContainerBalancerTask (ContainerBalancerTask.java:lambda$moveContainer$3(837)) - Container move completed for container #29 from source ae50999f-4798-4a4d-a980-ff74155c5c86 to target 19a002c6-0583-4ad3-8433-af8a04bb4b10
2023-09-13 18:18:05,712 [main] DEBUG balancer.ContainerBalancerTask (ContainerBalancerTask.java:matchSourceWithTarget(708)) - ContainerBalancer is finding suitable target for source datanode ae50999f-4798-4a4d-a980-ff74155c5c86
2023-09-13 18:18:05,713 [main] INFO  balancer.ContainerBalancerTask (ContainerBalancerTask.java:matchSourceWithTarget(722)) - ContainerBalancer matched source datanode ae50999f-4798-4a4d-a980-ff74155c5c86 with target datanode 19a002c6-0583-4ad3-8433-af8a04bb4b10 for container move.
2023-09-13 18:18:05,713 [main] INFO  balancer.ContainerBalancerTask (ContainerBalancerTask.java:processMoveSelection(569)) - ContainerBalancer is trying to move container #89 with size 4294967296B from source datanode ae50999f-4798-4a4d-a980-ff74155c5c86 to target datanode 19a002c6-0583-4ad3-8433-af8a04bb4b10
2023-09-13 18:18:05,713 [main] DEBUG balancer.ContainerBalancerTask (ContainerBalancerTask.java:lambda$moveContainer$3(837)) - Container move completed for container #89 from source ae50999f-4798-4a4d-a980-ff74155c5c86 to target 19a002c6-0583-4ad3-8433-af8a04bb4b10
2023-09-13 18:18:05,716 [main] DEBUG balancer.ContainerBalancerTask (ContainerBalancerTask.java:matchSourceWithTarget(708)) - ContainerBalancer is finding suitable target for source datanode ae50999f-4798-4a4d-a980-ff74155c5c86
2023-09-13 18:18:05,716 [main] INFO  balancer.ContainerBalancerTask (ContainerBalancerTask.java:matchSourceWithTarget(722)) - ContainerBalancer matched source datanode ae50999f-4798-4a4d-a980-ff74155c5c86 with target datanode 19a002c6-0583-4ad3-8433-af8a04bb4b10 for container move.
2023-09-13 18:18:05,716 [main] INFO  balancer.ContainerBalancerTask (ContainerBalancerTask.java:processMoveSelection(569)) - ContainerBalancer is trying to move container #87 with size 2147483648B from source datanode ae50999f-4798-4a4d-a980-ff74155c5c86 to target datanode 19a002c6-0583-4ad3-8433-af8a04bb4b10
2023-09-13 18:18:05,717 [main] DEBUG balancer.ContainerBalancerTask (ContainerBalancerTask.java:lambda$moveContainer$3(837)) - Container move completed for container #87 from source ae50999f-4798-4a4d-a980-ff74155c5c86 to target 19a002c6-0583-4ad3-8433-af8a04bb4b10
2023-09-13 18:18:05,720 [main] DEBUG balancer.ContainerBalancerTask (ContainerBalancerTask.java:matchSourceWithTarget(708)) - ContainerBalancer is finding suitable target for source datanode ae50999f-4798-4a4d-a980-ff74155c5c86
2023-09-13 18:18:05,720 [main] INFO  balancer.FindTargetGreedyByUsageInfo (AbstractFindTargetGreedy.java:findTargetForContainerMove(133)) - Container Balancer could not find a target for source datanode ae50999f-4798-4a4d-a980-ff74155c5c86
2023-09-13 18:18:05,721 [main] DEBUG balancer.ContainerBalancerTask (ContainerBalancerTask.java:matchSourceWithTarget(717)) - ContainerBalancer could not find a suitable target for source node ae50999f-4798-4a4d-a980-ff74155c5c86.
2023-09-13 18:18:05,721 [main] INFO  balancer.FindSourceGreedy (FindSourceGreedy.java:getNextCandidateSourceDataNode(126)) - no more candidate source data node
2023-09-13 18:18:05,721 [main] INFO  balancer.ContainerBalancerTask (ContainerBalancerTask.java:checkIterationMoveResults(642)) - Iteration Summary. Number of Datanodes involved: 2. Size moved: 21 GB (22548578304 Bytes). Number of Container moves completed: 5.
2023-09-13 18:18:05,721 [main] INFO  balancer.ContainerBalancerTask (ContainerBalancerTask.java:balance(259)) - Result of this iteration of Container Balancer: ITERATION_COMPLETED
2023-09-13 18:18:05,722 [main] DEBUG balancer.ContainerBalancerTask (ContainerBalancerTask.java:initializeIteration(374)) - Average utilization of the cluster is 0.34763694755720675
2023-09-13 18:18:05,723 [main] DEBUG balancer.ContainerBalancerTask (ContainerBalancerTask.java:initializeIteration(386)) - Lower limit for utilization is 0.24763694755720675 and Upper limit for utilization is 0.44763694755720673
2023-09-13 18:18:05,723 [main] DEBUG balancer.ContainerBalancerTask (ContainerBalancerTask.java:initializeIteration(398)) - Utilization for node ae50999f-4798-4a4d-a980-ff74155c5c86 with capacity 73968881208B, used 66571993088B, and remaining 7396888120B is 0.9000000000108154
2023-09-13 18:18:05,723 [main] DEBUG balancer.ContainerBalancerTask (ContainerBalancerTask.java:initializeIteration(398)) - Utilization for node 07226369-269c-453a-9bf8-8b20035bcdb1 with capacity 61740154880B, used 49392123904B, and remaining 12348030976B is 0.8
2023-09-13 18:18:05,723 [main] DEBUG balancer.ContainerBalancerTask (ContainerBalancerTask.java:initializeIteration(398)) - Utilization for node 783bd14a-7b58-4403-ae08-e7ee78f9414a with capacity 79763678354B, used 55834574848B, and remaining 23929103506B is 0.7000000000025074
2023-09-13 18:18:05,723 [main] DEBUG balancer.ContainerBalancerTask (ContainerBalancerTask.java:initializeIteration(398)) - Utilization for node 979bd292-c99f-440a-99b0-d74c9134c353 with capacity 84109776213B, used 50465865728B, and remaining 33643910485B is 0.6000000000023779
2023-09-13 18:18:05,723 [main] DEBUG balancer.ContainerBalancerTask (ContainerBalancerTask.java:initializeIteration(398)) - Utilization for node ebf8113f-65ad-47bf-ab48-dffa4412a7a9 with capacity 77309411328B, used 38654705664B, and remaining 38654705664B is 0.5
2023-09-13 18:18:05,723 [main] DEBUG balancer.ContainerBalancerTask (ContainerBalancerTask.java:initializeIteration(398)) - Utilization for node 81189dc7-485f-417d-9ea8-7fb1fffcb4a0 with capacity 85899345920B, used 34359738368B, and remaining 51539607552B is 0.4
2023-09-13 18:18:05,723 [main] DEBUG balancer.ContainerBalancerTask (ContainerBalancerTask.java:initializeIteration(398)) - Utilization for node fdfed1e1-6fbb-47fa-8b96-d9a09eadcad6 with capacity 143165576533B, used 42949672960B, and remaining 100215903573B is 0.3000000000006985
2023-09-13 18:18:05,723 [main] DEBUG balancer.ContainerBalancerTask (ContainerBalancerTask.java:initializeIteration(398)) - Utilization for node a78e0ce9-80ff-4f42-baf5-e4319341dc76 with capacity 166429982720B, used 33285996544B, and remaining 133143986176B is 0.2
2023-09-13 18:18:05,723 [main] DEBUG balancer.ContainerBalancerTask (ContainerBalancerTask.java:initializeIteration(398)) - Utilization for node 09b0fd6c-e0d6-481d-a199-b5e7f3e0d840 with capacity 343597383680B, used 34359738368B, and remaining 309237645312B is 0.1
2023-09-13 18:18:05,723 [main] DEBUG balancer.ContainerBalancerTask (ContainerBalancerTask.java:initializeIteration(398)) - Utilization for node 19a002c6-0583-4ad3-8433-af8a04bb4b10 with capacity 51539607552B, used 0B, and remaining 51539607552B is 0.0
2023-09-13 18:18:05,723 [main] INFO  balancer.ContainerBalancerTask (ContainerBalancerTask.java:initializeIteration(447)) - Container Balancer has identified 5 Over-Utilized and 3 Under-Utilized Datanodes that need to be balanced.
2023-09-13 18:18:05,724 [main] DEBUG balancer.ContainerBalancerTask (ContainerBalancerTask.java:lambda$initializeIteration$1(453)) - Datanode localhost-156.128.218.30 ae50999f-4798-4a4d-a980-ff74155c5c86 is Over-Utilized.
2023-09-13 18:18:05,724 [main] DEBUG balancer.ContainerBalancerTask (ContainerBalancerTask.java:lambda$initializeIteration$1(453)) - Datanode localhost-181.33.17.222 07226369-269c-453a-9bf8-8b20035bcdb1 is Over-Utilized.
2023-09-13 18:18:05,724 [main] DEBUG balancer.ContainerBalancerTask (ContainerBalancerTask.java:lambda$initializeIteration$1(453)) - Datanode localhost-86.84.32.111 783bd14a-7b58-4403-ae08-e7ee78f9414a is Over-Utilized.
2023-09-13 18:18:05,724 [main] DEBUG balancer.ContainerBalancerTask (ContainerBalancerTask.java:lambda$initializeIteration$1(453)) - Datanode localhost-88.83.97.113 979bd292-c99f-440a-99b0-d74c9134c353 is Over-Utilized.
2023-09-13 18:18:05,724 [main] DEBUG balancer.ContainerBalancerTask (ContainerBalancerTask.java:lambda$initializeIteration$1(453)) - Datanode localhost-151.139.211.159 ebf8113f-65ad-47bf-ab48-dffa4412a7a9 is Over-Utilized.
2023-09-13 18:18:05,724 [main] DEBUG balancer.ContainerBalancerTask (ContainerBalancerTask.java:lambda$initializeIteration$2(459)) - Datanode localhost-172.192.98.19 19a002c6-0583-4ad3-8433-af8a04bb4b10 is Under-Utilized.
2023-09-13 18:18:05,724 [main] DEBUG balancer.ContainerBalancerTask (ContainerBalancerTask.java:lambda$initializeIteration$2(459)) - Datanode localhost-158.176.174.100 09b0fd6c-e0d6-481d-a199-b5e7f3e0d840 is Under-Utilized.
2023-09-13 18:18:05,724 [main] DEBUG balancer.ContainerBalancerTask (ContainerBalancerTask.java:lambda$initializeIteration$2(459)) - Datanode localhost-154.94.54.161 a78e0ce9-80ff-4f42-baf5-e4319341dc76 is Under-Utilized.
2023-09-13 18:18:05,727 [main] DEBUG balancer.ContainerBalancerTask (ContainerBalancerTask.java:matchSourceWithTarget(708)) - ContainerBalancer is finding suitable target for source datanode ae50999f-4798-4a4d-a980-ff74155c5c86
2023-09-13 18:18:05,727 [main] INFO  balancer.ContainerBalancerTask (ContainerBalancerTask.java:matchSourceWithTarget(722)) - ContainerBalancer matched source datanode ae50999f-4798-4a4d-a980-ff74155c5c86 with target datanode 19a002c6-0583-4ad3-8433-af8a04bb4b10 for container move.
2023-09-13 18:18:05,727 [main] INFO  balancer.ContainerBalancerTask (ContainerBalancerTask.java:processMoveSelection(569)) - ContainerBalancer is trying to move container #85 with size 5368709120B from source datanode ae50999f-4798-4a4d-a980-ff74155c5c86 to target datanode 19a002c6-0583-4ad3-8433-af8a04bb4b10
2023-09-13 18:18:05,730 [main] DEBUG balancer.ContainerBalancerTask (ContainerBalancerTask.java:lambda$moveContainer$3(837)) - Container move completed for container #85 from source ae50999f-4798-4a4d-a980-ff74155c5c86 to target 19a002c6-0583-4ad3-8433-af8a04bb4b10
2023-09-13 18:18:05,730 [main] DEBUG balancer.ContainerBalancerTask (ContainerBalancerTask.java:adaptOnReachingIterationLimits(782)) - Reached max datanodes to involve limit. 2 datanodes have already been selected for balancing and the limit is 2. Only already selected sources and targets can be involved in balancing now.
2023-09-13 18:18:05,733 [main] DEBUG balancer.ContainerBalancerTask (ContainerBalancerTask.java:matchSourceWithTarget(708)) - ContainerBalancer is finding suitable target for source datanode ae50999f-4798-4a4d-a980-ff74155c5c86
2023-09-13 18:18:05,733 [main] INFO  balancer.ContainerBalancerTask (ContainerBalancerTask.java:matchSourceWithTarget(722)) - ContainerBalancer matched source datanode ae50999f-4798-4a4d-a980-ff74155c5c86 with target datanode 19a002c6-0583-4ad3-8433-af8a04bb4b10 for container move.
2023-09-13 18:18:05,733 [main] INFO  balancer.ContainerBalancerTask (ContainerBalancerTask.java:processMoveSelection(569)) - ContainerBalancer is trying to move container #40 with size 5368709120B from source datanode ae50999f-4798-4a4d-a980-ff74155c5c86 to target datanode 19a002c6-0583-4ad3-8433-af8a04bb4b10
2023-09-13 18:18:05,734 [main] DEBUG balancer.ContainerBalancerTask (ContainerBalancerTask.java:lambda$moveContainer$3(837)) - Container move completed for container #40 from source ae50999f-4798-4a4d-a980-ff74155c5c86 to target 19a002c6-0583-4ad3-8433-af8a04bb4b10
2023-09-13 18:18:05,737 [main] DEBUG balancer.ContainerBalancerTask (ContainerBalancerTask.java:matchSourceWithTarget(708)) - ContainerBalancer is finding suitable target for source datanode ae50999f-4798-4a4d-a980-ff74155c5c86
2023-09-13 18:18:05,737 [main] INFO  balancer.ContainerBalancerTask (ContainerBalancerTask.java:matchSourceWithTarget(722)) - ContainerBalancer matched source datanode ae50999f-4798-4a4d-a980-ff74155c5c86 with target datanode 19a002c6-0583-4ad3-8433-af8a04bb4b10 for container move.
2023-09-13 18:18:05,737 [main] INFO  balancer.ContainerBalancerTask (ContainerBalancerTask.java:processMoveSelection(569)) - ContainerBalancer is trying to move container #29 with size 5368709120B from source datanode ae50999f-4798-4a4d-a980-ff74155c5c86 to target datanode 19a002c6-0583-4ad3-8433-af8a04bb4b10
2023-09-13 18:18:05,737 [main] DEBUG balancer.ContainerBalancerTask (ContainerBalancerTask.java:lambda$moveContainer$3(837)) - Container move completed for container #29 from source ae50999f-4798-4a4d-a980-ff74155c5c86 to target 19a002c6-0583-4ad3-8433-af8a04bb4b10
2023-09-13 18:18:05,740 [main] DEBUG balancer.ContainerBalancerTask (ContainerBalancerTask.java:matchSourceWithTarget(708)) - ContainerBalancer is finding suitable target for source datanode ae50999f-4798-4a4d-a980-ff74155c5c86
2023-09-13 18:18:05,740 [main] INFO  balancer.ContainerBalancerTask (ContainerBalancerTask.java:matchSourceWithTarget(722)) - ContainerBalancer matched source datanode ae50999f-4798-4a4d-a980-ff74155c5c86 with target datanode 19a002c6-0583-4ad3-8433-af8a04bb4b10 for container move.
2023-09-13 18:18:05,740 [main] INFO  balancer.ContainerBalancerTask (ContainerBalancerTask.java:processMoveSelection(569)) - ContainerBalancer is trying to move container #89 with size 4294967296B from source datanode ae50999f-4798-4a4d-a980-ff74155c5c86 to target datanode 19a002c6-0583-4ad3-8433-af8a04bb4b10
2023-09-13 18:18:05,740 [main] DEBUG balancer.ContainerBalancerTask (ContainerBalancerTask.java:lambda$moveContainer$3(837)) - Container move completed for container #89 from source ae50999f-4798-4a4d-a980-ff74155c5c86 to target 19a002c6-0583-4ad3-8433-af8a04bb4b10
2023-09-13 18:18:05,743 [main] DEBUG balancer.ContainerBalancerTask (ContainerBalancerTask.java:matchSourceWithTarget(708)) - ContainerBalancer is finding suitable target for source datanode ae50999f-4798-4a4d-a980-ff74155c5c86
2023-09-13 18:18:05,744 [main] INFO  balancer.ContainerBalancerTask (ContainerBalancerTask.java:matchSourceWithTarget(722)) - ContainerBalancer matched source datanode ae50999f-4798-4a4d-a980-ff74155c5c86 with target datanode 19a002c6-0583-4ad3-8433-af8a04bb4b10 for container move.
2023-09-13 18:18:05,744 [main] INFO  balancer.ContainerBalancerTask (ContainerBalancerTask.java:processMoveSelection(569)) - ContainerBalancer is trying to move container #87 with size 2147483648B from source datanode ae50999f-4798-4a4d-a980-ff74155c5c86 to target datanode 19a002c6-0583-4ad3-8433-af8a04bb4b10
2023-09-13 18:18:05,744 [main] DEBUG balancer.ContainerBalancerTask (ContainerBalancerTask.java:lambda$moveContainer$3(837)) - Container move completed for container #87 from source ae50999f-4798-4a4d-a980-ff74155c5c86 to target 19a002c6-0583-4ad3-8433-af8a04bb4b10
2023-09-13 18:18:05,747 [main] DEBUG balancer.ContainerBalancerTask (ContainerBalancerTask.java:matchSourceWithTarget(708)) - ContainerBalancer is finding suitable target for source datanode ae50999f-4798-4a4d-a980-ff74155c5c86
2023-09-13 18:18:05,748 [main] INFO  balancer.FindTargetGreedyByUsageInfo (AbstractFindTargetGreedy.java:findTargetForContainerMove(133)) - Container Balancer could not find a target for source datanode ae50999f-4798-4a4d-a980-ff74155c5c86
2023-09-13 18:18:05,748 [main] DEBUG balancer.ContainerBalancerTask (ContainerBalancerTask.java:matchSourceWithTarget(717)) - ContainerBalancer could not find a suitable target for source node ae50999f-4798-4a4d-a980-ff74155c5c86.
2023-09-13 18:18:05,748 [main] INFO  balancer.FindSourceGreedy (FindSourceGreedy.java:getNextCandidateSourceDataNode(126)) - no more candidate source data node
2023-09-13 18:18:05,748 [main] INFO  balancer.ContainerBalancerTask (ContainerBalancerTask.java:checkIterationMoveResults(642)) - Iteration Summary. Number of Datanodes involved: 2. Size moved: 21 GB (22548578304 Bytes). Number of Container moves completed: 5.
2023-09-13 18:18:05,748 [main] INFO  balancer.ContainerBalancerTask (ContainerBalancerTask.java:balance(259)) - Result of this iteration of Container Balancer: ITERATION_COMPLETED
2023-09-13 18:18:05,750 [main] DEBUG balancer.ContainerBalancerTask (ContainerBalancerTask.java:initializeIteration(374)) - Average utilization of the cluster is 0.34763694755720675
2023-09-13 18:18:05,750 [main] DEBUG balancer.ContainerBalancerTask (ContainerBalancerTask.java:initializeIteration(386)) - Lower limit for utilization is 0.24763694755720675 and Upper limit for utilization is 0.44763694755720673
2023-09-13 18:18:05,750 [main] DEBUG balancer.ContainerBalancerTask (ContainerBalancerTask.java:initializeIteration(398)) - Utilization for node ae50999f-4798-4a4d-a980-ff74155c5c86 with capacity 73968881208B, used 66571993088B, and remaining 7396888120B is 0.9000000000108154
2023-09-13 18:18:05,750 [main] DEBUG balancer.ContainerBalancerTask (ContainerBalancerTask.java:initializeIteration(398)) - Utilization for node 07226369-269c-453a-9bf8-8b20035bcdb1 with capacity 61740154880B, used 49392123904B, and remaining 12348030976B is 0.8
2023-09-13 18:18:05,750 [main] DEBUG balancer.ContainerBalancerTask (ContainerBalancerTask.java:initializeIteration(398)) - Utilization for node 783bd14a-7b58-4403-ae08-e7ee78f9414a with capacity 79763678354B, used 55834574848B, and remaining 23929103506B is 0.7000000000025074
2023-09-13 18:18:05,750 [main] DEBUG balancer.ContainerBalancerTask (ContainerBalancerTask.java:initializeIteration(398)) - Utilization for node 979bd292-c99f-440a-99b0-d74c9134c353 with capacity 84109776213B, used 50465865728B, and remaining 33643910485B is 0.6000000000023779
2023-09-13 18:18:05,750 [main] DEBUG balancer.ContainerBalancerTask (ContainerBalancerTask.java:initializeIteration(398)) - Utilization for node ebf8113f-65ad-47bf-ab48-dffa4412a7a9 with capacity 77309411328B, used 38654705664B, and remaining 38654705664B is 0.5
2023-09-13 18:18:05,751 [main] DEBUG balancer.ContainerBalancerTask (ContainerBalancerTask.java:initializeIteration(398)) - Utilization for node 81189dc7-485f-417d-9ea8-7fb1fffcb4a0 with capacity 85899345920B, used 34359738368B, and remaining 51539607552B is 0.4
2023-09-13 18:18:05,751 [main] DEBUG balancer.ContainerBalancerTask (ContainerBalancerTask.java:initializeIteration(398)) - Utilization for node fdfed1e1-6fbb-47fa-8b96-d9a09eadcad6 with capacity 143165576533B, used 42949672960B, and remaining 100215903573B is 0.3000000000006985
2023-09-13 18:18:05,751 [main] DEBUG balancer.ContainerBalancerTask (ContainerBalancerTask.java:initializeIteration(398)) - Utilization for node a78e0ce9-80ff-4f42-baf5-e4319341dc76 with capacity 166429982720B, used 33285996544B, and remaining 133143986176B is 0.2
2023-09-13 18:18:05,751 [main] DEBUG balancer.ContainerBalancerTask (ContainerBalancerTask.java:initializeIteration(398)) - Utilization for node 09b0fd6c-e0d6-481d-a199-b5e7f3e0d840 with capacity 343597383680B, used 34359738368B, and remaining 309237645312B is 0.1
2023-09-13 18:18:05,751 [main] DEBUG balancer.ContainerBalancerTask (ContainerBalancerTask.java:initializeIteration(398)) - Utilization for node 19a002c6-0583-4ad3-8433-af8a04bb4b10 with capacity 51539607552B, used 0B, and remaining 51539607552B is 0.0
2023-09-13 18:18:05,751 [main] INFO  balancer.ContainerBalancerTask (ContainerBalancerTask.java:initializeIteration(447)) - Container Balancer has identified 5 Over-Utilized and 3 Under-Utilized Datanodes that need to be balanced.
2023-09-13 18:18:05,751 [main] DEBUG balancer.ContainerBalancerTask (ContainerBalancerTask.java:lambda$initializeIteration$1(453)) - Datanode localhost-156.128.218.30 ae50999f-4798-4a4d-a980-ff74155c5c86 is Over-Utilized.
2023-09-13 18:18:05,751 [main] DEBUG balancer.ContainerBalancerTask (ContainerBalancerTask.java:lambda$initializeIteration$1(453)) - Datanode localhost-181.33.17.222 07226369-269c-453a-9bf8-8b20035bcdb1 is Over-Utilized.
2023-09-13 18:18:05,751 [main] DEBUG balancer.ContainerBalancerTask (ContainerBalancerTask.java:lambda$initializeIteration$1(453)) - Datanode localhost-86.84.32.111 783bd14a-7b58-4403-ae08-e7ee78f9414a is Over-Utilized.
2023-09-13 18:18:05,751 [main] DEBUG balancer.ContainerBalancerTask (ContainerBalancerTask.java:lambda$initializeIteration$1(453)) - Datanode localhost-88.83.97.113 979bd292-c99f-440a-99b0-d74c9134c353 is Over-Utilized.
2023-09-13 18:18:05,751 [main] DEBUG balancer.ContainerBalancerTask (ContainerBalancerTask.java:lambda$initializeIteration$1(453)) - Datanode localhost-151.139.211.159 ebf8113f-65ad-47bf-ab48-dffa4412a7a9 is Over-Utilized.
2023-09-13 18:18:05,752 [main] DEBUG balancer.ContainerBalancerTask (ContainerBalancerTask.java:lambda$initializeIteration$2(459)) - Datanode localhost-172.192.98.19 19a002c6-0583-4ad3-8433-af8a04bb4b10 is Under-Utilized.
2023-09-13 18:18:05,752 [main] DEBUG balancer.ContainerBalancerTask (ContainerBalancerTask.java:lambda$initializeIteration$2(459)) - Datanode localhost-158.176.174.100 09b0fd6c-e0d6-481d-a199-b5e7f3e0d840 is Under-Utilized.
2023-09-13 18:18:05,752 [main] DEBUG balancer.ContainerBalancerTask (ContainerBalancerTask.java:lambda$initializeIteration$2(459)) - Datanode localhost-154.94.54.161 a78e0ce9-80ff-4f42-baf5-e4319341dc76 is Under-Utilized.
2023-09-13 18:18:05,755 [main] DEBUG balancer.ContainerBalancerTask (ContainerBalancerTask.java:matchSourceWithTarget(708)) - ContainerBalancer is finding suitable target for source datanode ae50999f-4798-4a4d-a980-ff74155c5c86
2023-09-13 18:18:05,755 [main] INFO  balancer.ContainerBalancerTask (ContainerBalancerTask.java:matchSourceWithTarget(722)) - ContainerBalancer matched source datanode ae50999f-4798-4a4d-a980-ff74155c5c86 with target datanode 19a002c6-0583-4ad3-8433-af8a04bb4b10 for container move.
2023-09-13 18:18:05,755 [main] INFO  balancer.ContainerBalancerTask (ContainerBalancerTask.java:processMoveSelection(569)) - ContainerBalancer is trying to move container #85 with size 5368709120B from source datanode ae50999f-4798-4a4d-a980-ff74155c5c86 to target datanode 19a002c6-0583-4ad3-8433-af8a04bb4b10
2023-09-13 18:18:05,755 [main] DEBUG balancer.ContainerBalancerTask (ContainerBalancerTask.java:lambda$moveContainer$3(837)) - Container move completed for container #85 from source ae50999f-4798-4a4d-a980-ff74155c5c86 to target 19a002c6-0583-4ad3-8433-af8a04bb4b10
2023-09-13 18:18:05,755 [main] DEBUG balancer.ContainerBalancerTask (ContainerBalancerTask.java:adaptOnReachingIterationLimits(782)) - Reached max datanodes to involve limit. 2 datanodes have already been selected for balancing and the limit is 2. Only already selected sources and targets can be involved in balancing now.
2023-09-13 18:18:05,758 [main] DEBUG balancer.ContainerBalancerTask (ContainerBalancerTask.java:matchSourceWithTarget(708)) - ContainerBalancer is finding suitable target for source datanode ae50999f-4798-4a4d-a980-ff74155c5c86
2023-09-13 18:18:05,758 [main] INFO  balancer.ContainerBalancerTask (ContainerBalancerTask.java:matchSourceWithTarget(722)) - ContainerBalancer matched source datanode ae50999f-4798-4a4d-a980-ff74155c5c86 with target datanode 19a002c6-0583-4ad3-8433-af8a04bb4b10 for container move.
2023-09-13 18:18:05,758 [main] INFO  balancer.ContainerBalancerTask (ContainerBalancerTask.java:processMoveSelection(569)) - ContainerBalancer is trying to move container #40 with size 5368709120B from source datanode ae50999f-4798-4a4d-a980-ff74155c5c86 to target datanode 19a002c6-0583-4ad3-8433-af8a04bb4b10
2023-09-13 18:18:05,759 [main] DEBUG balancer.ContainerBalancerTask (ContainerBalancerTask.java:lambda$moveContainer$3(837)) - Container move completed for container #40 from source ae50999f-4798-4a4d-a980-ff74155c5c86 to target 19a002c6-0583-4ad3-8433-af8a04bb4b10
2023-09-13 18:18:05,762 [main] DEBUG balancer.ContainerBalancerTask (ContainerBalancerTask.java:matchSourceWithTarget(708)) - ContainerBalancer is finding suitable target for source datanode ae50999f-4798-4a4d-a980-ff74155c5c86
2023-09-13 18:18:05,762 [main] INFO  balancer.ContainerBalancerTask (ContainerBalancerTask.java:matchSourceWithTarget(722)) - ContainerBalancer matched source datanode ae50999f-4798-4a4d-a980-ff74155c5c86 with target datanode 19a002c6-0583-4ad3-8433-af8a04bb4b10 for container move.
2023-09-13 18:18:05,762 [main] INFO  balancer.ContainerBalancerTask (ContainerBalancerTask.java:processMoveSelection(569)) - ContainerBalancer is trying to move container #29 with size 5368709120B from source datanode ae50999f-4798-4a4d-a980-ff74155c5c86 to target datanode 19a002c6-0583-4ad3-8433-af8a04bb4b10
2023-09-13 18:18:05,762 [main] DEBUG balancer.ContainerBalancerTask (ContainerBalancerTask.java:lambda$moveContainer$3(837)) - Container move completed for container #29 from source ae50999f-4798-4a4d-a980-ff74155c5c86 to target 19a002c6-0583-4ad3-8433-af8a04bb4b10
2023-09-13 18:18:05,765 [main] DEBUG balancer.ContainerBalancerTask (ContainerBalancerTask.java:matchSourceWithTarget(708)) - ContainerBalancer is finding suitable target for source datanode ae50999f-4798-4a4d-a980-ff74155c5c86
2023-09-13 18:18:05,765 [main] INFO  balancer.ContainerBalancerTask (ContainerBalancerTask.java:matchSourceWithTarget(722)) - ContainerBalancer matched source datanode ae50999f-4798-4a4d-a980-ff74155c5c86 with target datanode 19a002c6-0583-4ad3-8433-af8a04bb4b10 for container move.
2023-09-13 18:18:05,765 [main] INFO  balancer.ContainerBalancerTask (ContainerBalancerTask.java:processMoveSelection(569)) - ContainerBalancer is trying to move container #89 with size 4294967296B from source datanode ae50999f-4798-4a4d-a980-ff74155c5c86 to target datanode 19a002c6-0583-4ad3-8433-af8a04bb4b10
2023-09-13 18:18:05,765 [main] DEBUG balancer.ContainerBalancerTask (ContainerBalancerTask.java:lambda$moveContainer$3(837)) - Container move completed for container #89 from source ae50999f-4798-4a4d-a980-ff74155c5c86 to target 19a002c6-0583-4ad3-8433-af8a04bb4b10
2023-09-13 18:18:05,768 [main] DEBUG balancer.ContainerBalancerTask (ContainerBalancerTask.java:matchSourceWithTarget(708)) - ContainerBalancer is finding suitable target for source datanode ae50999f-4798-4a4d-a980-ff74155c5c86
2023-09-13 18:18:05,769 [main] INFO  balancer.ContainerBalancerTask (ContainerBalancerTask.java:matchSourceWithTarget(722)) - ContainerBalancer matched source datanode ae50999f-4798-4a4d-a980-ff74155c5c86 with target datanode 19a002c6-0583-4ad3-8433-af8a04bb4b10 for container move.
2023-09-13 18:18:05,769 [main] INFO  balancer.ContainerBalancerTask (ContainerBalancerTask.java:processMoveSelection(569)) - ContainerBalancer is trying to move container #87 with size 2147483648B from source datanode ae50999f-4798-4a4d-a980-ff74155c5c86 to target datanode 19a002c6-0583-4ad3-8433-af8a04bb4b10
2023-09-13 18:18:05,769 [main] DEBUG balancer.ContainerBalancerTask (ContainerBalancerTask.java:lambda$moveContainer$3(837)) - Container move completed for container #87 from source ae50999f-4798-4a4d-a980-ff74155c5c86 to target 19a002c6-0583-4ad3-8433-af8a04bb4b10
2023-09-13 18:18:05,772 [main] DEBUG balancer.ContainerBalancerTask (ContainerBalancerTask.java:matchSourceWithTarget(708)) - ContainerBalancer is finding suitable target for source datanode ae50999f-4798-4a4d-a980-ff74155c5c86
2023-09-13 18:18:05,773 [main] INFO  balancer.FindTargetGreedyByUsageInfo (AbstractFindTargetGreedy.java:findTargetForContainerMove(133)) - Container Balancer could not find a target for source datanode ae50999f-4798-4a4d-a980-ff74155c5c86
2023-09-13 18:18:05,773 [main] DEBUG balancer.ContainerBalancerTask (ContainerBalancerTask.java:matchSourceWithTarget(717)) - ContainerBalancer could not find a suitable target for source node ae50999f-4798-4a4d-a980-ff74155c5c86.
2023-09-13 18:18:05,773 [main] INFO  balancer.FindSourceGreedy (FindSourceGreedy.java:getNextCandidateSourceDataNode(126)) - no more candidate source data node
2023-09-13 18:18:05,773 [main] INFO  balancer.ContainerBalancerTask (ContainerBalancerTask.java:checkIterationMoveResults(642)) - Iteration Summary. Number of Datanodes involved: 2. Size moved: 21 GB (22548578304 Bytes). Number of Container moves completed: 5.
2023-09-13 18:18:05,773 [main] INFO  balancer.ContainerBalancerTask (ContainerBalancerTask.java:balance(259)) - Result of this iteration of Container Balancer: ITERATION_COMPLETED
2023-09-13 18:18:05,775 [main] DEBUG balancer.ContainerBalancerTask (ContainerBalancerTask.java:initializeIteration(374)) - Average utilization of the cluster is 0.34763694755720675
2023-09-13 18:18:05,775 [main] DEBUG balancer.ContainerBalancerTask (ContainerBalancerTask.java:initializeIteration(386)) - Lower limit for utilization is 0.24763694755720675 and Upper limit for utilization is 0.44763694755720673
2023-09-13 18:18:05,775 [main] DEBUG balancer.ContainerBalancerTask (ContainerBalancerTask.java:initializeIteration(398)) - Utilization for node ae50999f-4798-4a4d-a980-ff74155c5c86 with capacity 73968881208B, used 66571993088B, and remaining 7396888120B is 0.9000000000108154
2023-09-13 18:18:05,775 [main] DEBUG balancer.ContainerBalancerTask (ContainerBalancerTask.java:initializeIteration(398)) - Utilization for node 07226369-269c-453a-9bf8-8b20035bcdb1 with capacity 61740154880B, used 49392123904B, and remaining 12348030976B is 0.8
2023-09-13 18:18:05,775 [main] DEBUG balancer.ContainerBalancerTask (ContainerBalancerTask.java:initializeIteration(398)) - Utilization for node 783bd14a-7b58-4403-ae08-e7ee78f9414a with capacity 79763678354B, used 55834574848B, and remaining 23929103506B is 0.7000000000025074
2023-09-13 18:18:05,775 [main] DEBUG balancer.ContainerBalancerTask (ContainerBalancerTask.java:initializeIteration(398)) - Utilization for node 979bd292-c99f-440a-99b0-d74c9134c353 with capacity 84109776213B, used 50465865728B, and remaining 33643910485B is 0.6000000000023779
2023-09-13 18:18:05,775 [main] DEBUG balancer.ContainerBalancerTask (ContainerBalancerTask.java:initializeIteration(398)) - Utilization for node ebf8113f-65ad-47bf-ab48-dffa4412a7a9 with capacity 77309411328B, used 38654705664B, and remaining 38654705664B is 0.5
2023-09-13 18:18:05,775 [main] DEBUG balancer.ContainerBalancerTask (ContainerBalancerTask.java:initializeIteration(398)) - Utilization for node 81189dc7-485f-417d-9ea8-7fb1fffcb4a0 with capacity 85899345920B, used 34359738368B, and remaining 51539607552B is 0.4
2023-09-13 18:18:05,775 [main] DEBUG balancer.ContainerBalancerTask (ContainerBalancerTask.java:initializeIteration(398)) - Utilization for node fdfed1e1-6fbb-47fa-8b96-d9a09eadcad6 with capacity 143165576533B, used 42949672960B, and remaining 100215903573B is 0.3000000000006985
2023-09-13 18:18:05,776 [main] DEBUG balancer.ContainerBalancerTask (ContainerBalancerTask.java:initializeIteration(398)) - Utilization for node a78e0ce9-80ff-4f42-baf5-e4319341dc76 with capacity 166429982720B, used 33285996544B, and remaining 133143986176B is 0.2
2023-09-13 18:18:05,776 [main] DEBUG balancer.ContainerBalancerTask (ContainerBalancerTask.java:initializeIteration(398)) - Utilization for node 09b0fd6c-e0d6-481d-a199-b5e7f3e0d840 with capacity 343597383680B, used 34359738368B, and remaining 309237645312B is 0.1
2023-09-13 18:18:05,776 [main] DEBUG balancer.ContainerBalancerTask (ContainerBalancerTask.java:initializeIteration(398)) - Utilization for node 19a002c6-0583-4ad3-8433-af8a04bb4b10 with capacity 51539607552B, used 0B, and remaining 51539607552B is 0.0
2023-09-13 18:18:05,776 [main] INFO  balancer.ContainerBalancerTask (ContainerBalancerTask.java:initializeIteration(447)) - Container Balancer has identified 5 Over-Utilized and 3 Under-Utilized Datanodes that need to be balanced.
2023-09-13 18:18:05,776 [main] DEBUG balancer.ContainerBalancerTask (ContainerBalancerTask.java:lambda$initializeIteration$1(453)) - Datanode localhost-156.128.218.30 ae50999f-4798-4a4d-a980-ff74155c5c86 is Over-Utilized.
2023-09-13 18:18:05,776 [main] DEBUG balancer.ContainerBalancerTask (ContainerBalancerTask.java:lambda$initializeIteration$1(453)) - Datanode localhost-181.33.17.222 07226369-269c-453a-9bf8-8b20035bcdb1 is Over-Utilized.
2023-09-13 18:18:05,776 [main] DEBUG balancer.ContainerBalancerTask (ContainerBalancerTask.java:lambda$initializeIteration$1(453)) - Datanode localhost-86.84.32.111 783bd14a-7b58-4403-ae08-e7ee78f9414a is Over-Utilized.
2023-09-13 18:18:05,776 [main] DEBUG balancer.ContainerBalancerTask (ContainerBalancerTask.java:lambda$initializeIteration$1(453)) - Datanode localhost-88.83.97.113 979bd292-c99f-440a-99b0-d74c9134c353 is Over-Utilized.
2023-09-13 18:18:05,776 [main] DEBUG balancer.ContainerBalancerTask (ContainerBalancerTask.java:lambda$initializeIteration$1(453)) - Datanode localhost-151.139.211.159 ebf8113f-65ad-47bf-ab48-dffa4412a7a9 is Over-Utilized.
2023-09-13 18:18:05,776 [main] DEBUG balancer.ContainerBalancerTask (ContainerBalancerTask.java:lambda$initializeIteration$2(459)) - Datanode localhost-172.192.98.19 19a002c6-0583-4ad3-8433-af8a04bb4b10 is Under-Utilized.
2023-09-13 18:18:05,776 [main] DEBUG balancer.ContainerBalancerTask (ContainerBalancerTask.java:lambda$initializeIteration$2(459)) - Datanode localhost-158.176.174.100 09b0fd6c-e0d6-481d-a199-b5e7f3e0d840 is Under-Utilized.
2023-09-13 18:18:05,777 [main] DEBUG balancer.ContainerBalancerTask (ContainerBalancerTask.java:lambda$initializeIteration$2(459)) - Datanode localhost-154.94.54.161 a78e0ce9-80ff-4f42-baf5-e4319341dc76 is Under-Utilized.
2023-09-13 18:18:05,779 [main] DEBUG balancer.ContainerBalancerTask (ContainerBalancerTask.java:matchSourceWithTarget(708)) - ContainerBalancer is finding suitable target for source datanode ae50999f-4798-4a4d-a980-ff74155c5c86
2023-09-13 18:18:05,780 [main] INFO  balancer.ContainerBalancerTask (ContainerBalancerTask.java:matchSourceWithTarget(722)) - ContainerBalancer matched source datanode ae50999f-4798-4a4d-a980-ff74155c5c86 with target datanode 19a002c6-0583-4ad3-8433-af8a04bb4b10 for container move.
2023-09-13 18:18:05,780 [main] INFO  balancer.ContainerBalancerTask (ContainerBalancerTask.java:processMoveSelection(569)) - ContainerBalancer is trying to move container #85 with size 5368709120B from source datanode ae50999f-4798-4a4d-a980-ff74155c5c86 to target datanode 19a002c6-0583-4ad3-8433-af8a04bb4b10
2023-09-13 18:18:05,780 [main] DEBUG balancer.ContainerBalancerTask (ContainerBalancerTask.java:lambda$moveContainer$3(837)) - Container move completed for container #85 from source ae50999f-4798-4a4d-a980-ff74155c5c86 to target 19a002c6-0583-4ad3-8433-af8a04bb4b10
2023-09-13 18:18:05,780 [main] DEBUG balancer.ContainerBalancerTask (ContainerBalancerTask.java:adaptOnReachingIterationLimits(782)) - Reached max datanodes to involve limit. 2 datanodes have already been selected for balancing and the limit is 2. Only already selected sources and targets can be involved in balancing now.
2023-09-13 18:18:05,783 [main] DEBUG balancer.ContainerBalancerTask (ContainerBalancerTask.java:matchSourceWithTarget(708)) - ContainerBalancer is finding suitable target for source datanode ae50999f-4798-4a4d-a980-ff74155c5c86
2023-09-13 18:18:05,783 [main] INFO  balancer.ContainerBalancerTask (ContainerBalancerTask.java:matchSourceWithTarget(722)) - ContainerBalancer matched source datanode ae50999f-4798-4a4d-a980-ff74155c5c86 with target datanode 19a002c6-0583-4ad3-8433-af8a04bb4b10 for container move.
2023-09-13 18:18:05,783 [main] INFO  balancer.ContainerBalancerTask (ContainerBalancerTask.java:processMoveSelection(569)) - ContainerBalancer is trying to move container #40 with size 5368709120B from source datanode ae50999f-4798-4a4d-a980-ff74155c5c86 to target datanode 19a002c6-0583-4ad3-8433-af8a04bb4b10
2023-09-13 18:18:05,783 [main] DEBUG balancer.ContainerBalancerTask (ContainerBalancerTask.java:lambda$moveContainer$3(837)) - Container move completed for container #40 from source ae50999f-4798-4a4d-a980-ff74155c5c86 to target 19a002c6-0583-4ad3-8433-af8a04bb4b10
2023-09-13 18:18:05,786 [main] DEBUG balancer.ContainerBalancerTask (ContainerBalancerTask.java:matchSourceWithTarget(708)) - ContainerBalancer is finding suitable target for source datanode ae50999f-4798-4a4d-a980-ff74155c5c86
2023-09-13 18:18:05,786 [main] INFO  balancer.ContainerBalancerTask (ContainerBalancerTask.java:matchSourceWithTarget(722)) - ContainerBalancer matched source datanode ae50999f-4798-4a4d-a980-ff74155c5c86 with target datanode 19a002c6-0583-4ad3-8433-af8a04bb4b10 for container move.
2023-09-13 18:18:05,787 [main] INFO  balancer.ContainerBalancerTask (ContainerBalancerTask.java:processMoveSelection(569)) - ContainerBalancer is trying to move container #29 with size 5368709120B from source datanode ae50999f-4798-4a4d-a980-ff74155c5c86 to target datanode 19a002c6-0583-4ad3-8433-af8a04bb4b10
2023-09-13 18:18:05,787 [main] DEBUG balancer.ContainerBalancerTask (ContainerBalancerTask.java:lambda$moveContainer$3(837)) - Container move completed for container #29 from source ae50999f-4798-4a4d-a980-ff74155c5c86 to target 19a002c6-0583-4ad3-8433-af8a04bb4b10
2023-09-13 18:18:05,790 [main] DEBUG balancer.ContainerBalancerTask (ContainerBalancerTask.java:matchSourceWithTarget(708)) - ContainerBalancer is finding suitable target for source datanode ae50999f-4798-4a4d-a980-ff74155c5c86
2023-09-13 18:18:05,790 [main] INFO  balancer.ContainerBalancerTask (ContainerBalancerTask.java:matchSourceWithTarget(722)) - ContainerBalancer matched source datanode ae50999f-4798-4a4d-a980-ff74155c5c86 with target datanode 19a002c6-0583-4ad3-8433-af8a04bb4b10 for container move.
2023-09-13 18:18:05,790 [main] INFO  balancer.ContainerBalancerTask (ContainerBalancerTask.java:processMoveSelection(569)) - ContainerBalancer is trying to move container #89 with size 4294967296B from source datanode ae50999f-4798-4a4d-a980-ff74155c5c86 to target datanode 19a002c6-0583-4ad3-8433-af8a04bb4b10
2023-09-13 18:18:05,790 [main] DEBUG balancer.ContainerBalancerTask (ContainerBalancerTask.java:lambda$moveContainer$3(837)) - Container move completed for container #89 from source ae50999f-4798-4a4d-a980-ff74155c5c86 to target 19a002c6-0583-4ad3-8433-af8a04bb4b10
2023-09-13 18:18:05,793 [main] DEBUG balancer.ContainerBalancerTask (ContainerBalancerTask.java:matchSourceWithTarget(708)) - ContainerBalancer is finding suitable target for source datanode ae50999f-4798-4a4d-a980-ff74155c5c86
2023-09-13 18:18:05,793 [main] INFO  balancer.ContainerBalancerTask (ContainerBalancerTask.java:matchSourceWithTarget(722)) - ContainerBalancer matched source datanode ae50999f-4798-4a4d-a980-ff74155c5c86 with target datanode 19a002c6-0583-4ad3-8433-af8a04bb4b10 for container move.
2023-09-13 18:18:05,794 [main] INFO  balancer.ContainerBalancerTask (ContainerBalancerTask.java:processMoveSelection(569)) - ContainerBalancer is trying to move container #87 with size 2147483648B from source datanode ae50999f-4798-4a4d-a980-ff74155c5c86 to target datanode 19a002c6-0583-4ad3-8433-af8a04bb4b10
2023-09-13 18:18:05,794 [main] DEBUG balancer.ContainerBalancerTask (ContainerBalancerTask.java:lambda$moveContainer$3(837)) - Container move completed for container #87 from source ae50999f-4798-4a4d-a980-ff74155c5c86 to target 19a002c6-0583-4ad3-8433-af8a04bb4b10
2023-09-13 18:18:05,797 [main] DEBUG balancer.ContainerBalancerTask (ContainerBalancerTask.java:matchSourceWithTarget(708)) - ContainerBalancer is finding suitable target for source datanode ae50999f-4798-4a4d-a980-ff74155c5c86
2023-09-13 18:18:05,798 [main] INFO  balancer.FindTargetGreedyByUsageInfo (AbstractFindTargetGreedy.java:findTargetForContainerMove(133)) - Container Balancer could not find a target for source datanode ae50999f-4798-4a4d-a980-ff74155c5c86
2023-09-13 18:18:05,798 [main] DEBUG balancer.ContainerBalancerTask (ContainerBalancerTask.java:matchSourceWithTarget(717)) - ContainerBalancer could not find a suitable target for source node ae50999f-4798-4a4d-a980-ff74155c5c86.
2023-09-13 18:18:05,798 [main] INFO  balancer.FindSourceGreedy (FindSourceGreedy.java:getNextCandidateSourceDataNode(126)) - no more candidate source data node
2023-09-13 18:18:05,798 [main] INFO  balancer.ContainerBalancerTask (ContainerBalancerTask.java:checkIterationMoveResults(642)) - Iteration Summary. Number of Datanodes involved: 2. Size moved: 21 GB (22548578304 Bytes). Number of Container moves completed: 5.
2023-09-13 18:18:05,798 [main] INFO  balancer.ContainerBalancerTask (ContainerBalancerTask.java:balance(259)) - Result of this iteration of Container Balancer: ITERATION_COMPLETED
2023-09-13 18:18:05,800 [main] DEBUG balancer.ContainerBalancerTask (ContainerBalancerTask.java:initializeIteration(374)) - Average utilization of the cluster is 0.34763694755720675
2023-09-13 18:18:05,800 [main] DEBUG balancer.ContainerBalancerTask (ContainerBalancerTask.java:initializeIteration(386)) - Lower limit for utilization is 0.24763694755720675 and Upper limit for utilization is 0.44763694755720673
2023-09-13 18:18:05,800 [main] DEBUG balancer.ContainerBalancerTask (ContainerBalancerTask.java:initializeIteration(398)) - Utilization for node ae50999f-4798-4a4d-a980-ff74155c5c86 with capacity 73968881208B, used 66571993088B, and remaining 7396888120B is 0.9000000000108154
2023-09-13 18:18:05,800 [main] DEBUG balancer.ContainerBalancerTask (ContainerBalancerTask.java:initializeIteration(398)) - Utilization for node 07226369-269c-453a-9bf8-8b20035bcdb1 with capacity 61740154880B, used 49392123904B, and remaining 12348030976B is 0.8
2023-09-13 18:18:05,800 [main] DEBUG balancer.ContainerBalancerTask (ContainerBalancerTask.java:initializeIteration(398)) - Utilization for node 783bd14a-7b58-4403-ae08-e7ee78f9414a with capacity 79763678354B, used 55834574848B, and remaining 23929103506B is 0.7000000000025074
2023-09-13 18:18:05,800 [main] DEBUG balancer.ContainerBalancerTask (ContainerBalancerTask.java:initializeIteration(398)) - Utilization for node 979bd292-c99f-440a-99b0-d74c9134c353 with capacity 84109776213B, used 50465865728B, and remaining 33643910485B is 0.6000000000023779
2023-09-13 18:18:05,800 [main] DEBUG balancer.ContainerBalancerTask (ContainerBalancerTask.java:initializeIteration(398)) - Utilization for node ebf8113f-65ad-47bf-ab48-dffa4412a7a9 with capacity 77309411328B, used 38654705664B, and remaining 38654705664B is 0.5
2023-09-13 18:18:05,800 [main] DEBUG balancer.ContainerBalancerTask (ContainerBalancerTask.java:initializeIteration(398)) - Utilization for node 81189dc7-485f-417d-9ea8-7fb1fffcb4a0 with capacity 85899345920B, used 34359738368B, and remaining 51539607552B is 0.4
2023-09-13 18:18:05,800 [main] DEBUG balancer.ContainerBalancerTask (ContainerBalancerTask.java:initializeIteration(398)) - Utilization for node fdfed1e1-6fbb-47fa-8b96-d9a09eadcad6 with capacity 143165576533B, used 42949672960B, and remaining 100215903573B is 0.3000000000006985
2023-09-13 18:18:05,800 [main] DEBUG balancer.ContainerBalancerTask (ContainerBalancerTask.java:initializeIteration(398)) - Utilization for node a78e0ce9-80ff-4f42-baf5-e4319341dc76 with capacity 166429982720B, used 33285996544B, and remaining 133143986176B is 0.2
2023-09-13 18:18:05,801 [main] DEBUG balancer.ContainerBalancerTask (ContainerBalancerTask.java:initializeIteration(398)) - Utilization for node 09b0fd6c-e0d6-481d-a199-b5e7f3e0d840 with capacity 343597383680B, used 34359738368B, and remaining 309237645312B is 0.1
2023-09-13 18:18:05,801 [main] DEBUG balancer.ContainerBalancerTask (ContainerBalancerTask.java:initializeIteration(398)) - Utilization for node 19a002c6-0583-4ad3-8433-af8a04bb4b10 with capacity 51539607552B, used 0B, and remaining 51539607552B is 0.0
2023-09-13 18:18:05,801 [main] INFO  balancer.ContainerBalancerTask (ContainerBalancerTask.java:initializeIteration(447)) - Container Balancer has identified 5 Over-Utilized and 3 Under-Utilized Datanodes that need to be balanced.
2023-09-13 18:18:05,801 [main] DEBUG balancer.ContainerBalancerTask (ContainerBalancerTask.java:lambda$initializeIteration$1(453)) - Datanode localhost-156.128.218.30 ae50999f-4798-4a4d-a980-ff74155c5c86 is Over-Utilized.
2023-09-13 18:18:05,801 [main] DEBUG balancer.ContainerBalancerTask (ContainerBalancerTask.java:lambda$initializeIteration$1(453)) - Datanode localhost-181.33.17.222 07226369-269c-453a-9bf8-8b20035bcdb1 is Over-Utilized.
2023-09-13 18:18:05,801 [main] DEBUG balancer.ContainerBalancerTask (ContainerBalancerTask.java:lambda$initializeIteration$1(453)) - Datanode localhost-86.84.32.111 783bd14a-7b58-4403-ae08-e7ee78f9414a is Over-Utilized.
2023-09-13 18:18:05,801 [main] DEBUG balancer.ContainerBalancerTask (ContainerBalancerTask.java:lambda$initializeIteration$1(453)) - Datanode localhost-88.83.97.113 979bd292-c99f-440a-99b0-d74c9134c353 is Over-Utilized.
2023-09-13 18:18:05,801 [main] DEBUG balancer.ContainerBalancerTask (ContainerBalancerTask.java:lambda$initializeIteration$1(453)) - Datanode localhost-151.139.211.159 ebf8113f-65ad-47bf-ab48-dffa4412a7a9 is Over-Utilized.
2023-09-13 18:18:05,801 [main] DEBUG balancer.ContainerBalancerTask (ContainerBalancerTask.java:lambda$initializeIteration$2(459)) - Datanode localhost-172.192.98.19 19a002c6-0583-4ad3-8433-af8a04bb4b10 is Under-Utilized.
2023-09-13 18:18:05,801 [main] DEBUG balancer.ContainerBalancerTask (ContainerBalancerTask.java:lambda$initializeIteration$2(459)) - Datanode localhost-158.176.174.100 09b0fd6c-e0d6-481d-a199-b5e7f3e0d840 is Under-Utilized.
2023-09-13 18:18:05,801 [main] DEBUG balancer.ContainerBalancerTask (ContainerBalancerTask.java:lambda$initializeIteration$2(459)) - Datanode localhost-154.94.54.161 a78e0ce9-80ff-4f42-baf5-e4319341dc76 is Under-Utilized.
2023-09-13 18:18:05,804 [main] DEBUG balancer.ContainerBalancerTask (ContainerBalancerTask.java:matchSourceWithTarget(708)) - ContainerBalancer is finding suitable target for source datanode ae50999f-4798-4a4d-a980-ff74155c5c86
2023-09-13 18:18:05,805 [main] INFO  balancer.ContainerBalancerTask (ContainerBalancerTask.java:matchSourceWithTarget(722)) - ContainerBalancer matched source datanode ae50999f-4798-4a4d-a980-ff74155c5c86 with target datanode 19a002c6-0583-4ad3-8433-af8a04bb4b10 for container move.
2023-09-13 18:18:05,805 [main] INFO  balancer.ContainerBalancerTask (ContainerBalancerTask.java:processMoveSelection(569)) - ContainerBalancer is trying to move container #85 with size 5368709120B from source datanode ae50999f-4798-4a4d-a980-ff74155c5c86 to target datanode 19a002c6-0583-4ad3-8433-af8a04bb4b10
2023-09-13 18:18:05,805 [main] DEBUG balancer.ContainerBalancerTask (ContainerBalancerTask.java:lambda$moveContainer$3(837)) - Container move completed for container #85 from source ae50999f-4798-4a4d-a980-ff74155c5c86 to target 19a002c6-0583-4ad3-8433-af8a04bb4b10
2023-09-13 18:18:05,805 [main] DEBUG balancer.ContainerBalancerTask (ContainerBalancerTask.java:adaptOnReachingIterationLimits(782)) - Reached max datanodes to involve limit. 2 datanodes have already been selected for balancing and the limit is 2. Only already selected sources and targets can be involved in balancing now.
2023-09-13 18:18:05,808 [main] DEBUG balancer.ContainerBalancerTask (ContainerBalancerTask.java:matchSourceWithTarget(708)) - ContainerBalancer is finding suitable target for source datanode ae50999f-4798-4a4d-a980-ff74155c5c86
2023-09-13 18:18:05,808 [main] INFO  balancer.ContainerBalancerTask (ContainerBalancerTask.java:matchSourceWithTarget(722)) - ContainerBalancer matched source datanode ae50999f-4798-4a4d-a980-ff74155c5c86 with target datanode 19a002c6-0583-4ad3-8433-af8a04bb4b10 for container move.
2023-09-13 18:18:05,808 [main] INFO  balancer.ContainerBalancerTask (ContainerBalancerTask.java:processMoveSelection(569)) - ContainerBalancer is trying to move container #40 with size 5368709120B from source datanode ae50999f-4798-4a4d-a980-ff74155c5c86 to target datanode 19a002c6-0583-4ad3-8433-af8a04bb4b10
2023-09-13 18:18:05,808 [main] DEBUG balancer.ContainerBalancerTask (ContainerBalancerTask.java:lambda$moveContainer$3(837)) - Container move completed for container #40 from source ae50999f-4798-4a4d-a980-ff74155c5c86 to target 19a002c6-0583-4ad3-8433-af8a04bb4b10
2023-09-13 18:18:05,811 [main] DEBUG balancer.ContainerBalancerTask (ContainerBalancerTask.java:matchSourceWithTarget(708)) - ContainerBalancer is finding suitable target for source datanode ae50999f-4798-4a4d-a980-ff74155c5c86
2023-09-13 18:18:05,812 [main] INFO  balancer.ContainerBalancerTask (ContainerBalancerTask.java:matchSourceWithTarget(722)) - ContainerBalancer matched source datanode ae50999f-4798-4a4d-a980-ff74155c5c86 with target datanode 19a002c6-0583-4ad3-8433-af8a04bb4b10 for container move.
2023-09-13 18:18:05,812 [main] INFO  balancer.ContainerBalancerTask (ContainerBalancerTask.java:processMoveSelection(569)) - ContainerBalancer is trying to move container #29 with size 5368709120B from source datanode ae50999f-4798-4a4d-a980-ff74155c5c86 to target datanode 19a002c6-0583-4ad3-8433-af8a04bb4b10
2023-09-13 18:18:05,812 [main] DEBUG balancer.ContainerBalancerTask (ContainerBalancerTask.java:lambda$moveContainer$3(837)) - Container move completed for container #29 from source ae50999f-4798-4a4d-a980-ff74155c5c86 to target 19a002c6-0583-4ad3-8433-af8a04bb4b10
2023-09-13 18:18:05,815 [main] DEBUG balancer.ContainerBalancerTask (ContainerBalancerTask.java:matchSourceWithTarget(708)) - ContainerBalancer is finding suitable target for source datanode ae50999f-4798-4a4d-a980-ff74155c5c86
2023-09-13 18:18:05,815 [main] INFO  balancer.ContainerBalancerTask (ContainerBalancerTask.java:matchSourceWithTarget(722)) - ContainerBalancer matched source datanode ae50999f-4798-4a4d-a980-ff74155c5c86 with target datanode 19a002c6-0583-4ad3-8433-af8a04bb4b10 for container move.
2023-09-13 18:18:05,815 [main] INFO  balancer.ContainerBalancerTask (ContainerBalancerTask.java:processMoveSelection(569)) - ContainerBalancer is trying to move container #89 with size 4294967296B from source datanode ae50999f-4798-4a4d-a980-ff74155c5c86 to target datanode 19a002c6-0583-4ad3-8433-af8a04bb4b10
2023-09-13 18:18:05,815 [main] DEBUG balancer.ContainerBalancerTask (ContainerBalancerTask.java:lambda$moveContainer$3(837)) - Container move completed for container #89 from source ae50999f-4798-4a4d-a980-ff74155c5c86 to target 19a002c6-0583-4ad3-8433-af8a04bb4b10
2023-09-13 18:18:05,818 [main] DEBUG balancer.ContainerBalancerTask (ContainerBalancerTask.java:matchSourceWithTarget(708)) - ContainerBalancer is finding suitable target for source datanode ae50999f-4798-4a4d-a980-ff74155c5c86
2023-09-13 18:18:05,819 [main] INFO  balancer.ContainerBalancerTask (ContainerBalancerTask.java:matchSourceWithTarget(722)) - ContainerBalancer matched source datanode ae50999f-4798-4a4d-a980-ff74155c5c86 with target datanode 19a002c6-0583-4ad3-8433-af8a04bb4b10 for container move.
2023-09-13 18:18:05,819 [main] INFO  balancer.ContainerBalancerTask (ContainerBalancerTask.java:processMoveSelection(569)) - ContainerBalancer is trying to move container #87 with size 2147483648B from source datanode ae50999f-4798-4a4d-a980-ff74155c5c86 to target datanode 19a002c6-0583-4ad3-8433-af8a04bb4b10
2023-09-13 18:18:05,819 [main] DEBUG balancer.ContainerBalancerTask (ContainerBalancerTask.java:lambda$moveContainer$3(837)) - Container move completed for container #87 from source ae50999f-4798-4a4d-a980-ff74155c5c86 to target 19a002c6-0583-4ad3-8433-af8a04bb4b10
2023-09-13 18:18:05,822 [main] DEBUG balancer.ContainerBalancerTask (ContainerBalancerTask.java:matchSourceWithTarget(708)) - ContainerBalancer is finding suitable target for source datanode ae50999f-4798-4a4d-a980-ff74155c5c86
2023-09-13 18:18:05,823 [main] INFO  balancer.FindTargetGreedyByUsageInfo (AbstractFindTargetGreedy.java:findTargetForContainerMove(133)) - Container Balancer could not find a target for source datanode ae50999f-4798-4a4d-a980-ff74155c5c86
2023-09-13 18:18:05,825 [main] DEBUG balancer.ContainerBalancerTask (ContainerBalancerTask.java:matchSourceWithTarget(717)) - ContainerBalancer could not find a suitable target for source node ae50999f-4798-4a4d-a980-ff74155c5c86.
2023-09-13 18:18:05,825 [main] INFO  balancer.FindSourceGreedy (FindSourceGreedy.java:getNextCandidateSourceDataNode(126)) - no more candidate source data node
2023-09-13 18:18:05,826 [main] INFO  balancer.ContainerBalancerTask (ContainerBalancerTask.java:checkIterationMoveResults(642)) - Iteration Summary. Number of Datanodes involved: 2. Size moved: 21 GB (22548578304 Bytes). Number of Container moves completed: 5.
2023-09-13 18:18:05,826 [main] INFO  balancer.ContainerBalancerTask (ContainerBalancerTask.java:balance(259)) - Result of this iteration of Container Balancer: ITERATION_COMPLETED
2023-09-13 18:18:05,827 [main] DEBUG balancer.ContainerBalancerTask (ContainerBalancerTask.java:initializeIteration(374)) - Average utilization of the cluster is 0.34763694755720675
2023-09-13 18:18:05,827 [main] DEBUG balancer.ContainerBalancerTask (ContainerBalancerTask.java:initializeIteration(386)) - Lower limit for utilization is 0.24763694755720675 and Upper limit for utilization is 0.44763694755720673
2023-09-13 18:18:05,827 [main] DEBUG balancer.ContainerBalancerTask (ContainerBalancerTask.java:initializeIteration(398)) - Utilization for node ae50999f-4798-4a4d-a980-ff74155c5c86 with capacity 73968881208B, used 66571993088B, and remaining 7396888120B is 0.9000000000108154
2023-09-13 18:18:05,828 [main] DEBUG balancer.ContainerBalancerTask (ContainerBalancerTask.java:initializeIteration(398)) - Utilization for node 07226369-269c-453a-9bf8-8b20035bcdb1 with capacity 61740154880B, used 49392123904B, and remaining 12348030976B is 0.8
2023-09-13 18:18:05,828 [main] DEBUG balancer.ContainerBalancerTask (ContainerBalancerTask.java:initializeIteration(398)) - Utilization for node 783bd14a-7b58-4403-ae08-e7ee78f9414a with capacity 79763678354B, used 55834574848B, and remaining 23929103506B is 0.7000000000025074
2023-09-13 18:18:05,828 [main] DEBUG balancer.ContainerBalancerTask (ContainerBalancerTask.java:initializeIteration(398)) - Utilization for node 979bd292-c99f-440a-99b0-d74c9134c353 with capacity 84109776213B, used 50465865728B, and remaining 33643910485B is 0.6000000000023779
2023-09-13 18:18:05,828 [main] DEBUG balancer.ContainerBalancerTask (ContainerBalancerTask.java:initializeIteration(398)) - Utilization for node ebf8113f-65ad-47bf-ab48-dffa4412a7a9 with capacity 77309411328B, used 38654705664B, and remaining 38654705664B is 0.5
2023-09-13 18:18:05,828 [main] DEBUG balancer.ContainerBalancerTask (ContainerBalancerTask.java:initializeIteration(398)) - Utilization for node 81189dc7-485f-417d-9ea8-7fb1fffcb4a0 with capacity 85899345920B, used 34359738368B, and remaining 51539607552B is 0.4
2023-09-13 18:18:05,828 [main] DEBUG balancer.ContainerBalancerTask (ContainerBalancerTask.java:initializeIteration(398)) - Utilization for node fdfed1e1-6fbb-47fa-8b96-d9a09eadcad6 with capacity 143165576533B, used 42949672960B, and remaining 100215903573B is 0.3000000000006985
2023-09-13 18:18:05,828 [main] DEBUG balancer.ContainerBalancerTask (ContainerBalancerTask.java:initializeIteration(398)) - Utilization for node a78e0ce9-80ff-4f42-baf5-e4319341dc76 with capacity 166429982720B, used 33285996544B, and remaining 133143986176B is 0.2
2023-09-13 18:18:05,828 [main] DEBUG balancer.ContainerBalancerTask (ContainerBalancerTask.java:initializeIteration(398)) - Utilization for node 09b0fd6c-e0d6-481d-a199-b5e7f3e0d840 with capacity 343597383680B, used 34359738368B, and remaining 309237645312B is 0.1
2023-09-13 18:18:05,828 [main] DEBUG balancer.ContainerBalancerTask (ContainerBalancerTask.java:initializeIteration(398)) - Utilization for node 19a002c6-0583-4ad3-8433-af8a04bb4b10 with capacity 51539607552B, used 0B, and remaining 51539607552B is 0.0
2023-09-13 18:18:05,828 [main] INFO  balancer.ContainerBalancerTask (ContainerBalancerTask.java:initializeIteration(447)) - Container Balancer has identified 5 Over-Utilized and 3 Under-Utilized Datanodes that need to be balanced.
2023-09-13 18:18:05,828 [main] DEBUG balancer.ContainerBalancerTask (ContainerBalancerTask.java:lambda$initializeIteration$1(453)) - Datanode localhost-156.128.218.30 ae50999f-4798-4a4d-a980-ff74155c5c86 is Over-Utilized.
2023-09-13 18:18:05,828 [main] DEBUG balancer.ContainerBalancerTask (ContainerBalancerTask.java:lambda$initializeIteration$1(453)) - Datanode localhost-181.33.17.222 07226369-269c-453a-9bf8-8b20035bcdb1 is Over-Utilized.
2023-09-13 18:18:05,829 [main] DEBUG balancer.ContainerBalancerTask (ContainerBalancerTask.java:lambda$initializeIteration$1(453)) - Datanode localhost-86.84.32.111 783bd14a-7b58-4403-ae08-e7ee78f9414a is Over-Utilized.
2023-09-13 18:18:05,829 [main] DEBUG balancer.ContainerBalancerTask (ContainerBalancerTask.java:lambda$initializeIteration$1(453)) - Datanode localhost-88.83.97.113 979bd292-c99f-440a-99b0-d74c9134c353 is Over-Utilized.
2023-09-13 18:18:05,829 [main] DEBUG balancer.ContainerBalancerTask (ContainerBalancerTask.java:lambda$initializeIteration$1(453)) - Datanode localhost-151.139.211.159 ebf8113f-65ad-47bf-ab48-dffa4412a7a9 is Over-Utilized.
2023-09-13 18:18:05,829 [main] DEBUG balancer.ContainerBalancerTask (ContainerBalancerTask.java:lambda$initializeIteration$2(459)) - Datanode localhost-172.192.98.19 19a002c6-0583-4ad3-8433-af8a04bb4b10 is Under-Utilized.
2023-09-13 18:18:05,829 [main] DEBUG balancer.ContainerBalancerTask (ContainerBalancerTask.java:lambda$initializeIteration$2(459)) - Datanode localhost-158.176.174.100 09b0fd6c-e0d6-481d-a199-b5e7f3e0d840 is Under-Utilized.
2023-09-13 18:18:05,829 [main] DEBUG balancer.ContainerBalancerTask (ContainerBalancerTask.java:lambda$initializeIteration$2(459)) - Datanode localhost-154.94.54.161 a78e0ce9-80ff-4f42-baf5-e4319341dc76 is Under-Utilized.
2023-09-13 18:18:05,832 [main] DEBUG balancer.ContainerBalancerTask (ContainerBalancerTask.java:matchSourceWithTarget(708)) - ContainerBalancer is finding suitable target for source datanode ae50999f-4798-4a4d-a980-ff74155c5c86
2023-09-13 18:18:05,832 [main] INFO  balancer.ContainerBalancerTask (ContainerBalancerTask.java:matchSourceWithTarget(722)) - ContainerBalancer matched source datanode ae50999f-4798-4a4d-a980-ff74155c5c86 with target datanode 19a002c6-0583-4ad3-8433-af8a04bb4b10 for container move.
2023-09-13 18:18:05,832 [main] INFO  balancer.ContainerBalancerTask (ContainerBalancerTask.java:processMoveSelection(569)) - ContainerBalancer is trying to move container #85 with size 5368709120B from source datanode ae50999f-4798-4a4d-a980-ff74155c5c86 to target datanode 19a002c6-0583-4ad3-8433-af8a04bb4b10
2023-09-13 18:18:05,832 [main] DEBUG balancer.ContainerBalancerTask (ContainerBalancerTask.java:lambda$moveContainer$3(837)) - Container move completed for container #85 from source ae50999f-4798-4a4d-a980-ff74155c5c86 to target 19a002c6-0583-4ad3-8433-af8a04bb4b10
2023-09-13 18:18:05,832 [main] DEBUG balancer.ContainerBalancerTask (ContainerBalancerTask.java:adaptOnReachingIterationLimits(782)) - Reached max datanodes to involve limit. 2 datanodes have already been selected for balancing and the limit is 2. Only already selected sources and targets can be involved in balancing now.
2023-09-13 18:18:05,835 [main] DEBUG balancer.ContainerBalancerTask (ContainerBalancerTask.java:matchSourceWithTarget(708)) - ContainerBalancer is finding suitable target for source datanode ae50999f-4798-4a4d-a980-ff74155c5c86
2023-09-13 18:18:05,836 [main] INFO  balancer.ContainerBalancerTask (ContainerBalancerTask.java:matchSourceWithTarget(722)) - ContainerBalancer matched source datanode ae50999f-4798-4a4d-a980-ff74155c5c86 with target datanode 19a002c6-0583-4ad3-8433-af8a04bb4b10 for container move.
2023-09-13 18:18:05,836 [main] INFO  balancer.ContainerBalancerTask (ContainerBalancerTask.java:processMoveSelection(569)) - ContainerBalancer is trying to move container #40 with size 5368709120B from source datanode ae50999f-4798-4a4d-a980-ff74155c5c86 to target datanode 19a002c6-0583-4ad3-8433-af8a04bb4b10
2023-09-13 18:18:05,836 [main] DEBUG balancer.ContainerBalancerTask (ContainerBalancerTask.java:lambda$moveContainer$3(837)) - Container move completed for container #40 from source ae50999f-4798-4a4d-a980-ff74155c5c86 to target 19a002c6-0583-4ad3-8433-af8a04bb4b10
2023-09-13 18:18:05,839 [main] DEBUG balancer.ContainerBalancerTask (ContainerBalancerTask.java:matchSourceWithTarget(708)) - ContainerBalancer is finding suitable target for source datanode ae50999f-4798-4a4d-a980-ff74155c5c86
2023-09-13 18:18:05,839 [main] INFO  balancer.ContainerBalancerTask (ContainerBalancerTask.java:matchSourceWithTarget(722)) - ContainerBalancer matched source datanode ae50999f-4798-4a4d-a980-ff74155c5c86 with target datanode 19a002c6-0583-4ad3-8433-af8a04bb4b10 for container move.
2023-09-13 18:18:05,839 [main] INFO  balancer.ContainerBalancerTask (ContainerBalancerTask.java:processMoveSelection(569)) - ContainerBalancer is trying to move container #29 with size 5368709120B from source datanode ae50999f-4798-4a4d-a980-ff74155c5c86 to target datanode 19a002c6-0583-4ad3-8433-af8a04bb4b10
2023-09-13 18:18:05,839 [main] DEBUG balancer.ContainerBalancerTask (ContainerBalancerTask.java:lambda$moveContainer$3(837)) - Container move completed for container #29 from source ae50999f-4798-4a4d-a980-ff74155c5c86 to target 19a002c6-0583-4ad3-8433-af8a04bb4b10
2023-09-13 18:18:05,842 [main] DEBUG balancer.ContainerBalancerTask (ContainerBalancerTask.java:matchSourceWithTarget(708)) - ContainerBalancer is finding suitable target for source datanode ae50999f-4798-4a4d-a980-ff74155c5c86
2023-09-13 18:18:05,842 [main] INFO  balancer.ContainerBalancerTask (ContainerBalancerTask.java:matchSourceWithTarget(722)) - ContainerBalancer matched source datanode ae50999f-4798-4a4d-a980-ff74155c5c86 with target datanode 19a002c6-0583-4ad3-8433-af8a04bb4b10 for container move.
2023-09-13 18:18:05,842 [main] INFO  balancer.ContainerBalancerTask (ContainerBalancerTask.java:processMoveSelection(569)) - ContainerBalancer is trying to move container #89 with size 4294967296B from source datanode ae50999f-4798-4a4d-a980-ff74155c5c86 to target datanode 19a002c6-0583-4ad3-8433-af8a04bb4b10
2023-09-13 18:18:05,843 [main] DEBUG balancer.ContainerBalancerTask (ContainerBalancerTask.java:lambda$moveContainer$3(837)) - Container move completed for container #89 from source ae50999f-4798-4a4d-a980-ff74155c5c86 to target 19a002c6-0583-4ad3-8433-af8a04bb4b10
2023-09-13 18:18:05,846 [main] DEBUG balancer.ContainerBalancerTask (ContainerBalancerTask.java:matchSourceWithTarget(708)) - ContainerBalancer is finding suitable target for source datanode ae50999f-4798-4a4d-a980-ff74155c5c86
2023-09-13 18:18:05,846 [main] INFO  balancer.ContainerBalancerTask (ContainerBalancerTask.java:matchSourceWithTarget(722)) - ContainerBalancer matched source datanode ae50999f-4798-4a4d-a980-ff74155c5c86 with target datanode 19a002c6-0583-4ad3-8433-af8a04bb4b10 for container move.
2023-09-13 18:18:05,846 [main] INFO  balancer.ContainerBalancerTask (ContainerBalancerTask.java:processMoveSelection(569)) - ContainerBalancer is trying to move container #87 with size 2147483648B from source datanode ae50999f-4798-4a4d-a980-ff74155c5c86 to target datanode 19a002c6-0583-4ad3-8433-af8a04bb4b10
2023-09-13 18:18:05,846 [main] DEBUG balancer.ContainerBalancerTask (ContainerBalancerTask.java:lambda$moveContainer$3(837)) - Container move completed for container #87 from source ae50999f-4798-4a4d-a980-ff74155c5c86 to target 19a002c6-0583-4ad3-8433-af8a04bb4b10
2023-09-13 18:18:05,849 [main] DEBUG balancer.ContainerBalancerTask (ContainerBalancerTask.java:matchSourceWithTarget(708)) - ContainerBalancer is finding suitable target for source datanode ae50999f-4798-4a4d-a980-ff74155c5c86
2023-09-13 18:18:05,850 [main] INFO  balancer.FindTargetGreedyByUsageInfo (AbstractFindTargetGreedy.java:findTargetForContainerMove(133)) - Container Balancer could not find a target for source datanode ae50999f-4798-4a4d-a980-ff74155c5c86
2023-09-13 18:18:05,850 [main] DEBUG balancer.ContainerBalancerTask (ContainerBalancerTask.java:matchSourceWithTarget(717)) - ContainerBalancer could not find a suitable target for source node ae50999f-4798-4a4d-a980-ff74155c5c86.
2023-09-13 18:18:05,850 [main] INFO  balancer.FindSourceGreedy (FindSourceGreedy.java:getNextCandidateSourceDataNode(126)) - no more candidate source data node
2023-09-13 18:18:05,850 [main] INFO  balancer.ContainerBalancerTask (ContainerBalancerTask.java:checkIterationMoveResults(642)) - Iteration Summary. Number of Datanodes involved: 2. Size moved: 21 GB (22548578304 Bytes). Number of Container moves completed: 5.
2023-09-13 18:18:05,850 [main] INFO  balancer.ContainerBalancerTask (ContainerBalancerTask.java:balance(259)) - Result of this iteration of Container Balancer: ITERATION_COMPLETED
2023-09-13 18:18:05,852 [main] DEBUG balancer.ContainerBalancerTask (ContainerBalancerTask.java:initializeIteration(374)) - Average utilization of the cluster is 0.34763694755720675
2023-09-13 18:18:05,852 [main] DEBUG balancer.ContainerBalancerTask (ContainerBalancerTask.java:initializeIteration(386)) - Lower limit for utilization is 0.24763694755720675 and Upper limit for utilization is 0.44763694755720673
2023-09-13 18:18:05,852 [main] DEBUG balancer.ContainerBalancerTask (ContainerBalancerTask.java:initializeIteration(398)) - Utilization for node ae50999f-4798-4a4d-a980-ff74155c5c86 with capacity 73968881208B, used 66571993088B, and remaining 7396888120B is 0.9000000000108154
2023-09-13 18:18:05,852 [main] DEBUG balancer.ContainerBalancerTask (ContainerBalancerTask.java:initializeIteration(398)) - Utilization for node 07226369-269c-453a-9bf8-8b20035bcdb1 with capacity 61740154880B, used 49392123904B, and remaining 12348030976B is 0.8
2023-09-13 18:18:05,852 [main] DEBUG balancer.ContainerBalancerTask (ContainerBalancerTask.java:initializeIteration(398)) - Utilization for node 783bd14a-7b58-4403-ae08-e7ee78f9414a with capacity 79763678354B, used 55834574848B, and remaining 23929103506B is 0.7000000000025074
2023-09-13 18:18:05,853 [main] DEBUG balancer.ContainerBalancerTask (ContainerBalancerTask.java:initializeIteration(398)) - Utilization for node 979bd292-c99f-440a-99b0-d74c9134c353 with capacity 84109776213B, used 50465865728B, and remaining 33643910485B is 0.6000000000023779
2023-09-13 18:18:05,853 [main] DEBUG balancer.ContainerBalancerTask (ContainerBalancerTask.java:initializeIteration(398)) - Utilization for node ebf8113f-65ad-47bf-ab48-dffa4412a7a9 with capacity 77309411328B, used 38654705664B, and remaining 38654705664B is 0.5
2023-09-13 18:18:05,853 [main] DEBUG balancer.ContainerBalancerTask (ContainerBalancerTask.java:initializeIteration(398)) - Utilization for node 81189dc7-485f-417d-9ea8-7fb1fffcb4a0 with capacity 85899345920B, used 34359738368B, and remaining 51539607552B is 0.4
2023-09-13 18:18:05,853 [main] DEBUG balancer.ContainerBalancerTask (ContainerBalancerTask.java:initializeIteration(398)) - Utilization for node fdfed1e1-6fbb-47fa-8b96-d9a09eadcad6 with capacity 143165576533B, used 42949672960B, and remaining 100215903573B is 0.3000000000006985
2023-09-13 18:18:05,853 [main] DEBUG balancer.ContainerBalancerTask (ContainerBalancerTask.java:initializeIteration(398)) - Utilization for node a78e0ce9-80ff-4f42-baf5-e4319341dc76 with capacity 166429982720B, used 33285996544B, and remaining 133143986176B is 0.2
2023-09-13 18:18:05,853 [main] DEBUG balancer.ContainerBalancerTask (ContainerBalancerTask.java:initializeIteration(398)) - Utilization for node 09b0fd6c-e0d6-481d-a199-b5e7f3e0d840 with capacity 343597383680B, used 34359738368B, and remaining 309237645312B is 0.1
2023-09-13 18:18:05,853 [main] DEBUG balancer.ContainerBalancerTask (ContainerBalancerTask.java:initializeIteration(398)) - Utilization for node 19a002c6-0583-4ad3-8433-af8a04bb4b10 with capacity 51539607552B, used 0B, and remaining 51539607552B is 0.0
2023-09-13 18:18:05,853 [main] INFO  balancer.ContainerBalancerTask (ContainerBalancerTask.java:initializeIteration(447)) - Container Balancer has identified 5 Over-Utilized and 3 Under-Utilized Datanodes that need to be balanced.
2023-09-13 18:18:05,853 [main] DEBUG balancer.ContainerBalancerTask (ContainerBalancerTask.java:lambda$initializeIteration$1(453)) - Datanode localhost-156.128.218.30 ae50999f-4798-4a4d-a980-ff74155c5c86 is Over-Utilized.
2023-09-13 18:18:05,853 [main] DEBUG balancer.ContainerBalancerTask (ContainerBalancerTask.java:lambda$initializeIteration$1(453)) - Datanode localhost-181.33.17.222 07226369-269c-453a-9bf8-8b20035bcdb1 is Over-Utilized.
2023-09-13 18:18:05,853 [main] DEBUG balancer.ContainerBalancerTask (ContainerBalancerTask.java:lambda$initializeIteration$1(453)) - Datanode localhost-86.84.32.111 783bd14a-7b58-4403-ae08-e7ee78f9414a is Over-Utilized.
2023-09-13 18:18:05,853 [main] DEBUG balancer.ContainerBalancerTask (ContainerBalancerTask.java:lambda$initializeIteration$1(453)) - Datanode localhost-88.83.97.113 979bd292-c99f-440a-99b0-d74c9134c353 is Over-Utilized.
2023-09-13 18:18:05,854 [main] DEBUG balancer.ContainerBalancerTask (ContainerBalancerTask.java:lambda$initializeIteration$1(453)) - Datanode localhost-151.139.211.159 ebf8113f-65ad-47bf-ab48-dffa4412a7a9 is Over-Utilized.
2023-09-13 18:18:05,854 [main] DEBUG balancer.ContainerBalancerTask (ContainerBalancerTask.java:lambda$initializeIteration$2(459)) - Datanode localhost-172.192.98.19 19a002c6-0583-4ad3-8433-af8a04bb4b10 is Under-Utilized.
2023-09-13 18:18:05,854 [main] DEBUG balancer.ContainerBalancerTask (ContainerBalancerTask.java:lambda$initializeIteration$2(459)) - Datanode localhost-158.176.174.100 09b0fd6c-e0d6-481d-a199-b5e7f3e0d840 is Under-Utilized.
2023-09-13 18:18:05,854 [main] DEBUG balancer.ContainerBalancerTask (ContainerBalancerTask.java:lambda$initializeIteration$2(459)) - Datanode localhost-154.94.54.161 a78e0ce9-80ff-4f42-baf5-e4319341dc76 is Under-Utilized.
2023-09-13 18:18:05,857 [main] DEBUG balancer.ContainerBalancerTask (ContainerBalancerTask.java:matchSourceWithTarget(708)) - ContainerBalancer is finding suitable target for source datanode ae50999f-4798-4a4d-a980-ff74155c5c86
2023-09-13 18:18:05,857 [main] INFO  balancer.ContainerBalancerTask (ContainerBalancerTask.java:matchSourceWithTarget(722)) - ContainerBalancer matched source datanode ae50999f-4798-4a4d-a980-ff74155c5c86 with target datanode 19a002c6-0583-4ad3-8433-af8a04bb4b10 for container move.
2023-09-13 18:18:05,857 [main] INFO  balancer.ContainerBalancerTask (ContainerBalancerTask.java:processMoveSelection(569)) - ContainerBalancer is trying to move container #85 with size 5368709120B from source datanode ae50999f-4798-4a4d-a980-ff74155c5c86 to target datanode 19a002c6-0583-4ad3-8433-af8a04bb4b10
2023-09-13 18:18:05,857 [main] DEBUG balancer.ContainerBalancerTask (ContainerBalancerTask.java:lambda$moveContainer$3(837)) - Container move completed for container #85 from source ae50999f-4798-4a4d-a980-ff74155c5c86 to target 19a002c6-0583-4ad3-8433-af8a04bb4b10
2023-09-13 18:18:05,857 [main] DEBUG balancer.ContainerBalancerTask (ContainerBalancerTask.java:adaptOnReachingIterationLimits(782)) - Reached max datanodes to involve limit. 2 datanodes have already been selected for balancing and the limit is 2. Only already selected sources and targets can be involved in balancing now.
2023-09-13 18:18:05,860 [main] DEBUG balancer.ContainerBalancerTask (ContainerBalancerTask.java:matchSourceWithTarget(708)) - ContainerBalancer is finding suitable target for source datanode ae50999f-4798-4a4d-a980-ff74155c5c86
2023-09-13 18:18:05,860 [main] INFO  balancer.ContainerBalancerTask (ContainerBalancerTask.java:matchSourceWithTarget(722)) - ContainerBalancer matched source datanode ae50999f-4798-4a4d-a980-ff74155c5c86 with target datanode 19a002c6-0583-4ad3-8433-af8a04bb4b10 for container move.
2023-09-13 18:18:05,861 [main] INFO  balancer.ContainerBalancerTask (ContainerBalancerTask.java:processMoveSelection(569)) - ContainerBalancer is trying to move container #40 with size 5368709120B from source datanode ae50999f-4798-4a4d-a980-ff74155c5c86 to target datanode 19a002c6-0583-4ad3-8433-af8a04bb4b10
2023-09-13 18:18:05,861 [main] DEBUG balancer.ContainerBalancerTask (ContainerBalancerTask.java:lambda$moveContainer$3(837)) - Container move completed for container #40 from source ae50999f-4798-4a4d-a980-ff74155c5c86 to target 19a002c6-0583-4ad3-8433-af8a04bb4b10
2023-09-13 18:18:05,864 [main] DEBUG balancer.ContainerBalancerTask (ContainerBalancerTask.java:matchSourceWithTarget(708)) - ContainerBalancer is finding suitable target for source datanode ae50999f-4798-4a4d-a980-ff74155c5c86
2023-09-13 18:18:05,864 [main] INFO  balancer.ContainerBalancerTask (ContainerBalancerTask.java:matchSourceWithTarget(722)) - ContainerBalancer matched source datanode ae50999f-4798-4a4d-a980-ff74155c5c86 with target datanode 19a002c6-0583-4ad3-8433-af8a04bb4b10 for container move.
2023-09-13 18:18:05,864 [main] INFO  balancer.ContainerBalancerTask (ContainerBalancerTask.java:processMoveSelection(569)) - ContainerBalancer is trying to move container #29 with size 5368709120B from source datanode ae50999f-4798-4a4d-a980-ff74155c5c86 to target datanode 19a002c6-0583-4ad3-8433-af8a04bb4b10
2023-09-13 18:18:05,864 [main] DEBUG balancer.ContainerBalancerTask (ContainerBalancerTask.java:lambda$moveContainer$3(837)) - Container move completed for container #29 from source ae50999f-4798-4a4d-a980-ff74155c5c86 to target 19a002c6-0583-4ad3-8433-af8a04bb4b10
2023-09-13 18:18:05,867 [main] DEBUG balancer.ContainerBalancerTask (ContainerBalancerTask.java:matchSourceWithTarget(708)) - ContainerBalancer is finding suitable target for source datanode ae50999f-4798-4a4d-a980-ff74155c5c86
2023-09-13 18:18:05,867 [main] INFO  balancer.ContainerBalancerTask (ContainerBalancerTask.java:matchSourceWithTarget(722)) - ContainerBalancer matched source datanode ae50999f-4798-4a4d-a980-ff74155c5c86 with target datanode 19a002c6-0583-4ad3-8433-af8a04bb4b10 for container move.
2023-09-13 18:18:05,867 [main] INFO  balancer.ContainerBalancerTask (ContainerBalancerTask.java:processMoveSelection(569)) - ContainerBalancer is trying to move container #89 with size 4294967296B from source datanode ae50999f-4798-4a4d-a980-ff74155c5c86 to target datanode 19a002c6-0583-4ad3-8433-af8a04bb4b10
2023-09-13 18:18:05,867 [main] DEBUG balancer.ContainerBalancerTask (ContainerBalancerTask.java:lambda$moveContainer$3(837)) - Container move completed for container #89 from source ae50999f-4798-4a4d-a980-ff74155c5c86 to target 19a002c6-0583-4ad3-8433-af8a04bb4b10
2023-09-13 18:18:05,870 [main] DEBUG balancer.ContainerBalancerTask (ContainerBalancerTask.java:matchSourceWithTarget(708)) - ContainerBalancer is finding suitable target for source datanode ae50999f-4798-4a4d-a980-ff74155c5c86
2023-09-13 18:18:05,871 [main] INFO  balancer.ContainerBalancerTask (ContainerBalancerTask.java:matchSourceWithTarget(722)) - ContainerBalancer matched source datanode ae50999f-4798-4a4d-a980-ff74155c5c86 with target datanode 19a002c6-0583-4ad3-8433-af8a04bb4b10 for container move.
2023-09-13 18:18:05,871 [main] INFO  balancer.ContainerBalancerTask (ContainerBalancerTask.java:processMoveSelection(569)) - ContainerBalancer is trying to move container #87 with size 2147483648B from source datanode ae50999f-4798-4a4d-a980-ff74155c5c86 to target datanode 19a002c6-0583-4ad3-8433-af8a04bb4b10
2023-09-13 18:18:05,871 [main] DEBUG balancer.ContainerBalancerTask (ContainerBalancerTask.java:lambda$moveContainer$3(837)) - Container move completed for container #87 from source ae50999f-4798-4a4d-a980-ff74155c5c86 to target 19a002c6-0583-4ad3-8433-af8a04bb4b10
2023-09-13 18:18:05,874 [main] DEBUG balancer.ContainerBalancerTask (ContainerBalancerTask.java:matchSourceWithTarget(708)) - ContainerBalancer is finding suitable target for source datanode ae50999f-4798-4a4d-a980-ff74155c5c86
2023-09-13 18:18:05,875 [main] INFO  balancer.FindTargetGreedyByUsageInfo (AbstractFindTargetGreedy.java:findTargetForContainerMove(133)) - Container Balancer could not find a target for source datanode ae50999f-4798-4a4d-a980-ff74155c5c86
2023-09-13 18:18:05,875 [main] DEBUG balancer.ContainerBalancerTask (ContainerBalancerTask.java:matchSourceWithTarget(717)) - ContainerBalancer could not find a suitable target for source node ae50999f-4798-4a4d-a980-ff74155c5c86.
2023-09-13 18:18:05,875 [main] INFO  balancer.FindSourceGreedy (FindSourceGreedy.java:getNextCandidateSourceDataNode(126)) - no more candidate source data node
2023-09-13 18:18:05,875 [main] INFO  balancer.ContainerBalancerTask (ContainerBalancerTask.java:checkIterationMoveResults(642)) - Iteration Summary. Number of Datanodes involved: 2. Size moved: 21 GB (22548578304 Bytes). Number of Container moves completed: 5.
2023-09-13 18:18:05,875 [main] INFO  balancer.ContainerBalancerTask (ContainerBalancerTask.java:balance(259)) - Result of this iteration of Container Balancer: ITERATION_COMPLETED
2023-09-13 18:18:05,877 [main] DEBUG balancer.ContainerBalancerTask (ContainerBalancerTask.java:initializeIteration(374)) - Average utilization of the cluster is 0.34763694755720675
2023-09-13 18:18:05,877 [main] DEBUG balancer.ContainerBalancerTask (ContainerBalancerTask.java:initializeIteration(386)) - Lower limit for utilization is 0.24763694755720675 and Upper limit for utilization is 0.44763694755720673
2023-09-13 18:18:05,877 [main] DEBUG balancer.ContainerBalancerTask (ContainerBalancerTask.java:initializeIteration(398)) - Utilization for node ae50999f-4798-4a4d-a980-ff74155c5c86 with capacity 73968881208B, used 66571993088B, and remaining 7396888120B is 0.9000000000108154
2023-09-13 18:18:05,877 [main] DEBUG balancer.ContainerBalancerTask (ContainerBalancerTask.java:initializeIteration(398)) - Utilization for node 07226369-269c-453a-9bf8-8b20035bcdb1 with capacity 61740154880B, used 49392123904B, and remaining 12348030976B is 0.8
2023-09-13 18:18:05,877 [main] DEBUG balancer.ContainerBalancerTask (ContainerBalancerTask.java:initializeIteration(398)) - Utilization for node 783bd14a-7b58-4403-ae08-e7ee78f9414a with capacity 79763678354B, used 55834574848B, and remaining 23929103506B is 0.7000000000025074
2023-09-13 18:18:05,877 [main] DEBUG balancer.ContainerBalancerTask (ContainerBalancerTask.java:initializeIteration(398)) - Utilization for node 979bd292-c99f-440a-99b0-d74c9134c353 with capacity 84109776213B, used 50465865728B, and remaining 33643910485B is 0.6000000000023779
2023-09-13 18:18:05,878 [main] DEBUG balancer.ContainerBalancerTask (ContainerBalancerTask.java:initializeIteration(398)) - Utilization for node ebf8113f-65ad-47bf-ab48-dffa4412a7a9 with capacity 77309411328B, used 38654705664B, and remaining 38654705664B is 0.5
2023-09-13 18:18:05,878 [main] DEBUG balancer.ContainerBalancerTask (ContainerBalancerTask.java:initializeIteration(398)) - Utilization for node 81189dc7-485f-417d-9ea8-7fb1fffcb4a0 with capacity 85899345920B, used 34359738368B, and remaining 51539607552B is 0.4
2023-09-13 18:18:05,878 [main] DEBUG balancer.ContainerBalancerTask (ContainerBalancerTask.java:initializeIteration(398)) - Utilization for node fdfed1e1-6fbb-47fa-8b96-d9a09eadcad6 with capacity 143165576533B, used 42949672960B, and remaining 100215903573B is 0.3000000000006985
2023-09-13 18:18:05,878 [main] DEBUG balancer.ContainerBalancerTask (ContainerBalancerTask.java:initializeIteration(398)) - Utilization for node a78e0ce9-80ff-4f42-baf5-e4319341dc76 with capacity 166429982720B, used 33285996544B, and remaining 133143986176B is 0.2
2023-09-13 18:18:05,878 [main] DEBUG balancer.ContainerBalancerTask (ContainerBalancerTask.java:initializeIteration(398)) - Utilization for node 09b0fd6c-e0d6-481d-a199-b5e7f3e0d840 with capacity 343597383680B, used 34359738368B, and remaining 309237645312B is 0.1
2023-09-13 18:18:05,878 [main] DEBUG balancer.ContainerBalancerTask (ContainerBalancerTask.java:initializeIteration(398)) - Utilization for node 19a002c6-0583-4ad3-8433-af8a04bb4b10 with capacity 51539607552B, used 0B, and remaining 51539607552B is 0.0
2023-09-13 18:18:05,878 [main] INFO  balancer.ContainerBalancerTask (ContainerBalancerTask.java:initializeIteration(447)) - Container Balancer has identified 5 Over-Utilized and 3 Under-Utilized Datanodes that need to be balanced.
2023-09-13 18:18:05,878 [main] DEBUG balancer.ContainerBalancerTask (ContainerBalancerTask.java:lambda$initializeIteration$1(453)) - Datanode localhost-156.128.218.30 ae50999f-4798-4a4d-a980-ff74155c5c86 is Over-Utilized.
2023-09-13 18:18:05,878 [main] DEBUG balancer.ContainerBalancerTask (ContainerBalancerTask.java:lambda$initializeIteration$1(453)) - Datanode localhost-181.33.17.222 07226369-269c-453a-9bf8-8b20035bcdb1 is Over-Utilized.
2023-09-13 18:18:05,878 [main] DEBUG balancer.ContainerBalancerTask (ContainerBalancerTask.java:lambda$initializeIteration$1(453)) - Datanode localhost-86.84.32.111 783bd14a-7b58-4403-ae08-e7ee78f9414a is Over-Utilized.
2023-09-13 18:18:05,878 [main] DEBUG balancer.ContainerBalancerTask (ContainerBalancerTask.java:lambda$initializeIteration$1(453)) - Datanode localhost-88.83.97.113 979bd292-c99f-440a-99b0-d74c9134c353 is Over-Utilized.
2023-09-13 18:18:05,878 [main] DEBUG balancer.ContainerBalancerTask (ContainerBalancerTask.java:lambda$initializeIteration$1(453)) - Datanode localhost-151.139.211.159 ebf8113f-65ad-47bf-ab48-dffa4412a7a9 is Over-Utilized.
2023-09-13 18:18:05,879 [main] DEBUG balancer.ContainerBalancerTask (ContainerBalancerTask.java:lambda$initializeIteration$2(459)) - Datanode localhost-172.192.98.19 19a002c6-0583-4ad3-8433-af8a04bb4b10 is Under-Utilized.
2023-09-13 18:18:05,879 [main] DEBUG balancer.ContainerBalancerTask (ContainerBalancerTask.java:lambda$initializeIteration$2(459)) - Datanode localhost-158.176.174.100 09b0fd6c-e0d6-481d-a199-b5e7f3e0d840 is Under-Utilized.
2023-09-13 18:18:05,879 [main] DEBUG balancer.ContainerBalancerTask (ContainerBalancerTask.java:lambda$initializeIteration$2(459)) - Datanode localhost-154.94.54.161 a78e0ce9-80ff-4f42-baf5-e4319341dc76 is Under-Utilized.
2023-09-13 18:18:05,882 [main] DEBUG balancer.ContainerBalancerTask (ContainerBalancerTask.java:matchSourceWithTarget(708)) - ContainerBalancer is finding suitable target for source datanode ae50999f-4798-4a4d-a980-ff74155c5c86
2023-09-13 18:18:05,882 [main] INFO  balancer.ContainerBalancerTask (ContainerBalancerTask.java:matchSourceWithTarget(722)) - ContainerBalancer matched source datanode ae50999f-4798-4a4d-a980-ff74155c5c86 with target datanode 19a002c6-0583-4ad3-8433-af8a04bb4b10 for container move.
2023-09-13 18:18:05,882 [main] INFO  balancer.ContainerBalancerTask (ContainerBalancerTask.java:processMoveSelection(569)) - ContainerBalancer is trying to move container #85 with size 5368709120B from source datanode ae50999f-4798-4a4d-a980-ff74155c5c86 to target datanode 19a002c6-0583-4ad3-8433-af8a04bb4b10
2023-09-13 18:18:05,882 [main] DEBUG balancer.ContainerBalancerTask (ContainerBalancerTask.java:lambda$moveContainer$3(837)) - Container move completed for container #85 from source ae50999f-4798-4a4d-a980-ff74155c5c86 to target 19a002c6-0583-4ad3-8433-af8a04bb4b10
2023-09-13 18:18:05,882 [main] DEBUG balancer.ContainerBalancerTask (ContainerBalancerTask.java:adaptOnReachingIterationLimits(782)) - Reached max datanodes to involve limit. 2 datanodes have already been selected for balancing and the limit is 2. Only already selected sources and targets can be involved in balancing now.
2023-09-13 18:18:05,885 [main] DEBUG balancer.ContainerBalancerTask (ContainerBalancerTask.java:matchSourceWithTarget(708)) - ContainerBalancer is finding suitable target for source datanode ae50999f-4798-4a4d-a980-ff74155c5c86
2023-09-13 18:18:05,885 [main] INFO  balancer.ContainerBalancerTask (ContainerBalancerTask.java:matchSourceWithTarget(722)) - ContainerBalancer matched source datanode ae50999f-4798-4a4d-a980-ff74155c5c86 with target datanode 19a002c6-0583-4ad3-8433-af8a04bb4b10 for container move.
2023-09-13 18:18:05,885 [main] INFO  balancer.ContainerBalancerTask (ContainerBalancerTask.java:processMoveSelection(569)) - ContainerBalancer is trying to move container #40 with size 5368709120B from source datanode ae50999f-4798-4a4d-a980-ff74155c5c86 to target datanode 19a002c6-0583-4ad3-8433-af8a04bb4b10
2023-09-13 18:18:05,886 [main] DEBUG balancer.ContainerBalancerTask (ContainerBalancerTask.java:lambda$moveContainer$3(837)) - Container move completed for container #40 from source ae50999f-4798-4a4d-a980-ff74155c5c86 to target 19a002c6-0583-4ad3-8433-af8a04bb4b10
2023-09-13 18:18:05,889 [main] DEBUG balancer.ContainerBalancerTask (ContainerBalancerTask.java:matchSourceWithTarget(708)) - ContainerBalancer is finding suitable target for source datanode ae50999f-4798-4a4d-a980-ff74155c5c86
2023-09-13 18:18:05,889 [main] INFO  balancer.ContainerBalancerTask (ContainerBalancerTask.java:matchSourceWithTarget(722)) - ContainerBalancer matched source datanode ae50999f-4798-4a4d-a980-ff74155c5c86 with target datanode 19a002c6-0583-4ad3-8433-af8a04bb4b10 for container move.
2023-09-13 18:18:05,889 [main] INFO  balancer.ContainerBalancerTask (ContainerBalancerTask.java:processMoveSelection(569)) - ContainerBalancer is trying to move container #29 with size 5368709120B from source datanode ae50999f-4798-4a4d-a980-ff74155c5c86 to target datanode 19a002c6-0583-4ad3-8433-af8a04bb4b10
2023-09-13 18:18:05,889 [main] DEBUG balancer.ContainerBalancerTask (ContainerBalancerTask.java:lambda$moveContainer$3(837)) - Container move completed for container #29 from source ae50999f-4798-4a4d-a980-ff74155c5c86 to target 19a002c6-0583-4ad3-8433-af8a04bb4b10
2023-09-13 18:18:05,892 [main] DEBUG balancer.ContainerBalancerTask (ContainerBalancerTask.java:matchSourceWithTarget(708)) - ContainerBalancer is finding suitable target for source datanode ae50999f-4798-4a4d-a980-ff74155c5c86
2023-09-13 18:18:05,892 [main] INFO  balancer.ContainerBalancerTask (ContainerBalancerTask.java:matchSourceWithTarget(722)) - ContainerBalancer matched source datanode ae50999f-4798-4a4d-a980-ff74155c5c86 with target datanode 19a002c6-0583-4ad3-8433-af8a04bb4b10 for container move.
2023-09-13 18:18:05,892 [main] INFO  balancer.ContainerBalancerTask (ContainerBalancerTask.java:processMoveSelection(569)) - ContainerBalancer is trying to move container #89 with size 4294967296B from source datanode ae50999f-4798-4a4d-a980-ff74155c5c86 to target datanode 19a002c6-0583-4ad3-8433-af8a04bb4b10
2023-09-13 18:18:05,892 [main] DEBUG balancer.ContainerBalancerTask (ContainerBalancerTask.java:lambda$moveContainer$3(837)) - Container move completed for container #89 from source ae50999f-4798-4a4d-a980-ff74155c5c86 to target 19a002c6-0583-4ad3-8433-af8a04bb4b10
2023-09-13 18:18:05,895 [main] DEBUG balancer.ContainerBalancerTask (ContainerBalancerTask.java:matchSourceWithTarget(708)) - ContainerBalancer is finding suitable target for source datanode ae50999f-4798-4a4d-a980-ff74155c5c86
2023-09-13 18:18:05,896 [main] INFO  balancer.ContainerBalancerTask (ContainerBalancerTask.java:matchSourceWithTarget(722)) - ContainerBalancer matched source datanode ae50999f-4798-4a4d-a980-ff74155c5c86 with target datanode 19a002c6-0583-4ad3-8433-af8a04bb4b10 for container move.
2023-09-13 18:18:05,896 [main] INFO  balancer.ContainerBalancerTask (ContainerBalancerTask.java:processMoveSelection(569)) - ContainerBalancer is trying to move container #87 with size 2147483648B from source datanode ae50999f-4798-4a4d-a980-ff74155c5c86 to target datanode 19a002c6-0583-4ad3-8433-af8a04bb4b10
2023-09-13 18:18:05,896 [main] DEBUG balancer.ContainerBalancerTask (ContainerBalancerTask.java:lambda$moveContainer$3(837)) - Container move completed for container #87 from source ae50999f-4798-4a4d-a980-ff74155c5c86 to target 19a002c6-0583-4ad3-8433-af8a04bb4b10
2023-09-13 18:18:05,899 [main] DEBUG balancer.ContainerBalancerTask (ContainerBalancerTask.java:matchSourceWithTarget(708)) - ContainerBalancer is finding suitable target for source datanode ae50999f-4798-4a4d-a980-ff74155c5c86
2023-09-13 18:18:05,900 [main] INFO  balancer.FindTargetGreedyByUsageInfo (AbstractFindTargetGreedy.java:findTargetForContainerMove(133)) - Container Balancer could not find a target for source datanode ae50999f-4798-4a4d-a980-ff74155c5c86
2023-09-13 18:18:05,900 [main] DEBUG balancer.ContainerBalancerTask (ContainerBalancerTask.java:matchSourceWithTarget(717)) - ContainerBalancer could not find a suitable target for source node ae50999f-4798-4a4d-a980-ff74155c5c86.
2023-09-13 18:18:05,900 [main] INFO  balancer.FindSourceGreedy (FindSourceGreedy.java:getNextCandidateSourceDataNode(126)) - no more candidate source data node
2023-09-13 18:18:05,900 [main] INFO  balancer.ContainerBalancerTask (ContainerBalancerTask.java:checkIterationMoveResults(642)) - Iteration Summary. Number of Datanodes involved: 2. Size moved: 21 GB (22548578304 Bytes). Number of Container moves completed: 5.
2023-09-13 18:18:05,900 [main] INFO  balancer.ContainerBalancerTask (ContainerBalancerTask.java:balance(259)) - Result of this iteration of Container Balancer: ITERATION_COMPLETED
2023-09-13 18:18:05,902 [main] DEBUG balancer.ContainerBalancerTask (ContainerBalancerTask.java:initializeIteration(374)) - Average utilization of the cluster is 0.34763694755720675
2023-09-13 18:18:05,902 [main] DEBUG balancer.ContainerBalancerTask (ContainerBalancerTask.java:initializeIteration(386)) - Lower limit for utilization is 0.24763694755720675 and Upper limit for utilization is 0.44763694755720673
2023-09-13 18:18:05,902 [main] DEBUG balancer.ContainerBalancerTask (ContainerBalancerTask.java:initializeIteration(398)) - Utilization for node ae50999f-4798-4a4d-a980-ff74155c5c86 with capacity 73968881208B, used 66571993088B, and remaining 7396888120B is 0.9000000000108154
2023-09-13 18:18:05,902 [main] DEBUG balancer.ContainerBalancerTask (ContainerBalancerTask.java:initializeIteration(398)) - Utilization for node 07226369-269c-453a-9bf8-8b20035bcdb1 with capacity 61740154880B, used 49392123904B, and remaining 12348030976B is 0.8
2023-09-13 18:18:05,902 [main] DEBUG balancer.ContainerBalancerTask (ContainerBalancerTask.java:initializeIteration(398)) - Utilization for node 783bd14a-7b58-4403-ae08-e7ee78f9414a with capacity 79763678354B, used 55834574848B, and remaining 23929103506B is 0.7000000000025074
2023-09-13 18:18:05,902 [main] DEBUG balancer.ContainerBalancerTask (ContainerBalancerTask.java:initializeIteration(398)) - Utilization for node 979bd292-c99f-440a-99b0-d74c9134c353 with capacity 84109776213B, used 50465865728B, and remaining 33643910485B is 0.6000000000023779
2023-09-13 18:18:05,902 [main] DEBUG balancer.ContainerBalancerTask (ContainerBalancerTask.java:initializeIteration(398)) - Utilization for node ebf8113f-65ad-47bf-ab48-dffa4412a7a9 with capacity 77309411328B, used 38654705664B, and remaining 38654705664B is 0.5
2023-09-13 18:18:05,902 [main] DEBUG balancer.ContainerBalancerTask (ContainerBalancerTask.java:initializeIteration(398)) - Utilization for node 81189dc7-485f-417d-9ea8-7fb1fffcb4a0 with capacity 85899345920B, used 34359738368B, and remaining 51539607552B is 0.4
2023-09-13 18:18:05,902 [main] DEBUG balancer.ContainerBalancerTask (ContainerBalancerTask.java:initializeIteration(398)) - Utilization for node fdfed1e1-6fbb-47fa-8b96-d9a09eadcad6 with capacity 143165576533B, used 42949672960B, and remaining 100215903573B is 0.3000000000006985
2023-09-13 18:18:05,903 [main] DEBUG balancer.ContainerBalancerTask (ContainerBalancerTask.java:initializeIteration(398)) - Utilization for node a78e0ce9-80ff-4f42-baf5-e4319341dc76 with capacity 166429982720B, used 33285996544B, and remaining 133143986176B is 0.2
2023-09-13 18:18:05,903 [main] DEBUG balancer.ContainerBalancerTask (ContainerBalancerTask.java:initializeIteration(398)) - Utilization for node 09b0fd6c-e0d6-481d-a199-b5e7f3e0d840 with capacity 343597383680B, used 34359738368B, and remaining 309237645312B is 0.1
2023-09-13 18:18:05,903 [main] DEBUG balancer.ContainerBalancerTask (ContainerBalancerTask.java:initializeIteration(398)) - Utilization for node 19a002c6-0583-4ad3-8433-af8a04bb4b10 with capacity 51539607552B, used 0B, and remaining 51539607552B is 0.0
2023-09-13 18:18:05,903 [main] INFO  balancer.ContainerBalancerTask (ContainerBalancerTask.java:initializeIteration(447)) - Container Balancer has identified 5 Over-Utilized and 3 Under-Utilized Datanodes that need to be balanced.
2023-09-13 18:18:05,903 [main] DEBUG balancer.ContainerBalancerTask (ContainerBalancerTask.java:lambda$initializeIteration$1(453)) - Datanode localhost-156.128.218.30 ae50999f-4798-4a4d-a980-ff74155c5c86 is Over-Utilized.
2023-09-13 18:18:05,903 [main] DEBUG balancer.ContainerBalancerTask (ContainerBalancerTask.java:lambda$initializeIteration$1(453)) - Datanode localhost-181.33.17.222 07226369-269c-453a-9bf8-8b20035bcdb1 is Over-Utilized.
2023-09-13 18:18:05,903 [main] DEBUG balancer.ContainerBalancerTask (ContainerBalancerTask.java:lambda$initializeIteration$1(453)) - Datanode localhost-86.84.32.111 783bd14a-7b58-4403-ae08-e7ee78f9414a is Over-Utilized.
2023-09-13 18:18:05,903 [main] DEBUG balancer.ContainerBalancerTask (ContainerBalancerTask.java:lambda$initializeIteration$1(453)) - Datanode localhost-88.83.97.113 979bd292-c99f-440a-99b0-d74c9134c353 is Over-Utilized.
2023-09-13 18:18:05,903 [main] DEBUG balancer.ContainerBalancerTask (ContainerBalancerTask.java:lambda$initializeIteration$1(453)) - Datanode localhost-151.139.211.159 ebf8113f-65ad-47bf-ab48-dffa4412a7a9 is Over-Utilized.
2023-09-13 18:18:05,905 [main] DEBUG balancer.ContainerBalancerTask (ContainerBalancerTask.java:lambda$initializeIteration$2(459)) - Datanode localhost-172.192.98.19 19a002c6-0583-4ad3-8433-af8a04bb4b10 is Under-Utilized.
2023-09-13 18:18:05,905 [main] DEBUG balancer.ContainerBalancerTask (ContainerBalancerTask.java:lambda$initializeIteration$2(459)) - Datanode localhost-158.176.174.100 09b0fd6c-e0d6-481d-a199-b5e7f3e0d840 is Under-Utilized.
2023-09-13 18:18:05,905 [main] DEBUG balancer.ContainerBalancerTask (ContainerBalancerTask.java:lambda$initializeIteration$2(459)) - Datanode localhost-154.94.54.161 a78e0ce9-80ff-4f42-baf5-e4319341dc76 is Under-Utilized.
2023-09-13 18:18:05,909 [main] DEBUG balancer.ContainerBalancerTask (ContainerBalancerTask.java:matchSourceWithTarget(708)) - ContainerBalancer is finding suitable target for source datanode ae50999f-4798-4a4d-a980-ff74155c5c86
2023-09-13 18:18:05,909 [main] INFO  balancer.ContainerBalancerTask (ContainerBalancerTask.java:matchSourceWithTarget(722)) - ContainerBalancer matched source datanode ae50999f-4798-4a4d-a980-ff74155c5c86 with target datanode 19a002c6-0583-4ad3-8433-af8a04bb4b10 for container move.
2023-09-13 18:18:05,909 [main] INFO  balancer.ContainerBalancerTask (ContainerBalancerTask.java:processMoveSelection(569)) - ContainerBalancer is trying to move container #85 with size 5368709120B from source datanode ae50999f-4798-4a4d-a980-ff74155c5c86 to target datanode 19a002c6-0583-4ad3-8433-af8a04bb4b10
2023-09-13 18:18:05,909 [main] DEBUG balancer.ContainerBalancerTask (ContainerBalancerTask.java:lambda$moveContainer$3(837)) - Container move completed for container #85 from source ae50999f-4798-4a4d-a980-ff74155c5c86 to target 19a002c6-0583-4ad3-8433-af8a04bb4b10
2023-09-13 18:18:05,909 [main] DEBUG balancer.ContainerBalancerTask (ContainerBalancerTask.java:adaptOnReachingIterationLimits(782)) - Reached max datanodes to involve limit. 2 datanodes have already been selected for balancing and the limit is 2. Only already selected sources and targets can be involved in balancing now.
2023-09-13 18:18:05,912 [main] DEBUG balancer.ContainerBalancerTask (ContainerBalancerTask.java:matchSourceWithTarget(708)) - ContainerBalancer is finding suitable target for source datanode ae50999f-4798-4a4d-a980-ff74155c5c86
2023-09-13 18:18:05,913 [main] INFO  balancer.ContainerBalancerTask (ContainerBalancerTask.java:matchSourceWithTarget(722)) - ContainerBalancer matched source datanode ae50999f-4798-4a4d-a980-ff74155c5c86 with target datanode 19a002c6-0583-4ad3-8433-af8a04bb4b10 for container move.
2023-09-13 18:18:05,913 [main] INFO  balancer.ContainerBalancerTask (ContainerBalancerTask.java:processMoveSelection(569)) - ContainerBalancer is trying to move container #40 with size 5368709120B from source datanode ae50999f-4798-4a4d-a980-ff74155c5c86 to target datanode 19a002c6-0583-4ad3-8433-af8a04bb4b10
2023-09-13 18:18:05,913 [main] DEBUG balancer.ContainerBalancerTask (ContainerBalancerTask.java:lambda$moveContainer$3(837)) - Container move completed for container #40 from source ae50999f-4798-4a4d-a980-ff74155c5c86 to target 19a002c6-0583-4ad3-8433-af8a04bb4b10
2023-09-13 18:18:05,916 [main] DEBUG balancer.ContainerBalancerTask (ContainerBalancerTask.java:matchSourceWithTarget(708)) - ContainerBalancer is finding suitable target for source datanode ae50999f-4798-4a4d-a980-ff74155c5c86
2023-09-13 18:18:05,916 [main] INFO  balancer.ContainerBalancerTask (ContainerBalancerTask.java:matchSourceWithTarget(722)) - ContainerBalancer matched source datanode ae50999f-4798-4a4d-a980-ff74155c5c86 with target datanode 19a002c6-0583-4ad3-8433-af8a04bb4b10 for container move.
2023-09-13 18:18:05,916 [main] INFO  balancer.ContainerBalancerTask (ContainerBalancerTask.java:processMoveSelection(569)) - ContainerBalancer is trying to move container #29 with size 5368709120B from source datanode ae50999f-4798-4a4d-a980-ff74155c5c86 to target datanode 19a002c6-0583-4ad3-8433-af8a04bb4b10
2023-09-13 18:18:05,916 [main] DEBUG balancer.ContainerBalancerTask (ContainerBalancerTask.java:lambda$moveContainer$3(837)) - Container move completed for container #29 from source ae50999f-4798-4a4d-a980-ff74155c5c86 to target 19a002c6-0583-4ad3-8433-af8a04bb4b10
2023-09-13 18:18:05,919 [main] DEBUG balancer.ContainerBalancerTask (ContainerBalancerTask.java:matchSourceWithTarget(708)) - ContainerBalancer is finding suitable target for source datanode ae50999f-4798-4a4d-a980-ff74155c5c86
2023-09-13 18:18:05,920 [main] INFO  balancer.ContainerBalancerTask (ContainerBalancerTask.java:matchSourceWithTarget(722)) - ContainerBalancer matched source datanode ae50999f-4798-4a4d-a980-ff74155c5c86 with target datanode 19a002c6-0583-4ad3-8433-af8a04bb4b10 for container move.
2023-09-13 18:18:05,920 [main] INFO  balancer.ContainerBalancerTask (ContainerBalancerTask.java:processMoveSelection(569)) - ContainerBalancer is trying to move container #89 with size 4294967296B from source datanode ae50999f-4798-4a4d-a980-ff74155c5c86 to target datanode 19a002c6-0583-4ad3-8433-af8a04bb4b10
2023-09-13 18:18:05,920 [main] DEBUG balancer.ContainerBalancerTask (ContainerBalancerTask.java:lambda$moveContainer$3(837)) - Container move completed for container #89 from source ae50999f-4798-4a4d-a980-ff74155c5c86 to target 19a002c6-0583-4ad3-8433-af8a04bb4b10
2023-09-13 18:18:05,923 [main] DEBUG balancer.ContainerBalancerTask (ContainerBalancerTask.java:matchSourceWithTarget(708)) - ContainerBalancer is finding suitable target for source datanode ae50999f-4798-4a4d-a980-ff74155c5c86
2023-09-13 18:18:05,923 [main] INFO  balancer.ContainerBalancerTask (ContainerBalancerTask.java:matchSourceWithTarget(722)) - ContainerBalancer matched source datanode ae50999f-4798-4a4d-a980-ff74155c5c86 with target datanode 19a002c6-0583-4ad3-8433-af8a04bb4b10 for container move.
2023-09-13 18:18:05,924 [main] INFO  balancer.ContainerBalancerTask (ContainerBalancerTask.java:processMoveSelection(569)) - ContainerBalancer is trying to move container #87 with size 2147483648B from source datanode ae50999f-4798-4a4d-a980-ff74155c5c86 to target datanode 19a002c6-0583-4ad3-8433-af8a04bb4b10
2023-09-13 18:18:05,924 [main] DEBUG balancer.ContainerBalancerTask (ContainerBalancerTask.java:lambda$moveContainer$3(837)) - Container move completed for container #87 from source ae50999f-4798-4a4d-a980-ff74155c5c86 to target 19a002c6-0583-4ad3-8433-af8a04bb4b10
2023-09-13 18:18:05,927 [main] DEBUG balancer.ContainerBalancerTask (ContainerBalancerTask.java:matchSourceWithTarget(708)) - ContainerBalancer is finding suitable target for source datanode ae50999f-4798-4a4d-a980-ff74155c5c86
2023-09-13 18:18:05,927 [main] INFO  balancer.FindTargetGreedyByUsageInfo (AbstractFindTargetGreedy.java:findTargetForContainerMove(133)) - Container Balancer could not find a target for source datanode ae50999f-4798-4a4d-a980-ff74155c5c86
2023-09-13 18:18:05,928 [main] DEBUG balancer.ContainerBalancerTask (ContainerBalancerTask.java:matchSourceWithTarget(717)) - ContainerBalancer could not find a suitable target for source node ae50999f-4798-4a4d-a980-ff74155c5c86.
2023-09-13 18:18:05,928 [main] INFO  balancer.FindSourceGreedy (FindSourceGreedy.java:getNextCandidateSourceDataNode(126)) - no more candidate source data node
2023-09-13 18:18:05,928 [main] INFO  balancer.ContainerBalancerTask (ContainerBalancerTask.java:checkIterationMoveResults(642)) - Iteration Summary. Number of Datanodes involved: 2. Size moved: 21 GB (22548578304 Bytes). Number of Container moves completed: 5.
2023-09-13 18:18:05,928 [main] INFO  balancer.ContainerBalancerTask (ContainerBalancerTask.java:balance(259)) - Result of this iteration of Container Balancer: ITERATION_COMPLETED
2023-09-13 18:18:05,928 [main] INFO  balancer.ContainerBalancerTask (ContainerBalancerTask.java:tryStopWithSaveConfiguration(308)) - Save Configuration for stopping. Reason: Completed all iterations.
]]></system-out>
  </testcase>
  <testcase name="selectedContainerShouldNotAlreadyHaveBeenSelected" classname="org.apache.hadoop.hdds.scm.container.balancer.TestContainerBalancerTask" time="0.161">
    <system-out><![CDATA[2023-09-13 18:18:05,951 [main] INFO  net.NodeSchemaLoader (NodeSchemaLoader.java:loadSchemaFromFile(129)) - Loading schema from [file:/home/runner/work/ozone/ozone/hadoop-hdds/common/target/classes/network-topology-default.xml]
2023-09-13 18:18:05,951 [main] INFO  net.NodeSchemaLoader (NodeSchemaLoader.java:loadSchema(176)) - Loading network topology layer schema file
2023-09-13 18:18:05,952 [main] INFO  net.NetworkTopologyImpl (NetworkTopologyImpl.java:add(112)) - Added a new node: /default-rack/d71ebf8d-e2b8-42d1-b006-4402d597daaa
2023-09-13 18:18:05,953 [main] INFO  net.NetworkTopologyImpl (NetworkTopologyImpl.java:add(112)) - Added a new node: /default-rack/8b4270dd-cc33-4165-b4e6-191cac494369
2023-09-13 18:18:05,953 [main] INFO  net.NetworkTopologyImpl (NetworkTopologyImpl.java:add(112)) - Added a new node: /default-rack/7aa6acb1-8ad6-4047-80ba-3184ed8b6767
2023-09-13 18:18:05,953 [main] INFO  net.NetworkTopologyImpl (NetworkTopologyImpl.java:add(112)) - Added a new node: /default-rack/f389323a-77a2-4b21-b3e9-d53f6b43ee70
2023-09-13 18:18:05,953 [main] INFO  net.NetworkTopologyImpl (NetworkTopologyImpl.java:add(112)) - Added a new node: /default-rack/4b87e99e-1b9f-4812-b63b-95b37ae80d61
2023-09-13 18:18:05,953 [main] INFO  net.NetworkTopologyImpl (NetworkTopologyImpl.java:add(112)) - Added a new node: /default-rack/4ac11887-b6f4-4baa-b6a3-17db98911289
2023-09-13 18:18:05,953 [main] INFO  net.NetworkTopologyImpl (NetworkTopologyImpl.java:add(112)) - Added a new node: /default-rack/47d56e6d-77b1-43e0-970c-326f9e39f53a
2023-09-13 18:18:05,953 [main] INFO  net.NetworkTopologyImpl (NetworkTopologyImpl.java:add(112)) - Added a new node: /default-rack/718f9077-2492-487d-91d8-0741ca2e993a
2023-09-13 18:18:05,953 [main] INFO  net.NetworkTopologyImpl (NetworkTopologyImpl.java:add(112)) - Added a new node: /default-rack/537cc1bc-1825-4113-8700-2c5a951ae83d
2023-09-13 18:18:05,953 [main] INFO  net.NetworkTopologyImpl (NetworkTopologyImpl.java:add(112)) - Added a new node: /default-rack/9a814116-24df-47df-bb53-55d5aafe0893
2023-09-13 18:18:05,953 [main] INFO  algorithms.ContainerPlacementPolicyFactory (ContainerPlacementPolicyFactory.java:getPolicyInternal(86)) - Create container placement policy of type org.apache.hadoop.hdds.scm.container.placement.algorithms.SCMContainerPlacementRackAware
2023-09-13 18:18:05,954 [main] INFO  algorithms.ContainerPlacementPolicyFactory (ContainerPlacementPolicyFactory.java:getPolicyInternal(86)) - Create container placement policy of type org.apache.hadoop.hdds.scm.container.placement.algorithms.SCMContainerPlacementRackScatter
2023-09-13 18:18:05,956 [main] DEBUG balancer.ContainerBalancerTask (ContainerBalancerTask.java:initializeIteration(374)) - Average utilization of the cluster is 0.378736069363678
2023-09-13 18:18:05,956 [main] DEBUG balancer.ContainerBalancerTask (ContainerBalancerTask.java:initializeIteration(386)) - Lower limit for utilization is 0.278736069363678 and Upper limit for utilization is 0.47873606936367796
2023-09-13 18:18:05,956 [main] DEBUG balancer.ContainerBalancerTask (ContainerBalancerTask.java:initializeIteration(398)) - Utilization for node 8b4270dd-cc33-4165-b4e6-191cac494369 with capacity 77548020622B, used 69793218560B, and remaining 7754802062B is 0.9000000000025791
2023-09-13 18:18:05,956 [main] DEBUG balancer.ContainerBalancerTask (ContainerBalancerTask.java:initializeIteration(398)) - Utilization for node 9a814116-24df-47df-bb53-55d5aafe0893 with capacity 56371445760B, used 45097156608B, and remaining 11274289152B is 0.8
2023-09-13 18:18:05,956 [main] DEBUG balancer.ContainerBalancerTask (ContainerBalancerTask.java:initializeIteration(398)) - Utilization for node 4b87e99e-1b9f-4812-b63b-95b37ae80d61 with capacity 84365429028B, used 59055800320B, and remaining 25309628708B is 0.7000000000047413
2023-09-13 18:18:05,956 [main] DEBUG balancer.ContainerBalancerTask (ContainerBalancerTask.java:initializeIteration(398)) - Utilization for node 7aa6acb1-8ad6-4047-80ba-3184ed8b6767 with capacity 78741067093B, used 47244640256B, and remaining 31496426837B is 0.60000000000254
2023-09-13 18:18:05,957 [main] DEBUG balancer.ContainerBalancerTask (ContainerBalancerTask.java:initializeIteration(398)) - Utilization for node d71ebf8d-e2b8-42d1-b006-4402d597daaa with capacity 118111600640B, used 59055800320B, and remaining 59055800320B is 0.5
2023-09-13 18:18:05,957 [main] DEBUG balancer.ContainerBalancerTask (ContainerBalancerTask.java:initializeIteration(398)) - Utilization for node f389323a-77a2-4b21-b3e9-d53f6b43ee70 with capacity 150323855360B, used 60129542144B, and remaining 90194313216B is 0.4
2023-09-13 18:18:05,957 [main] DEBUG balancer.ContainerBalancerTask (ContainerBalancerTask.java:initializeIteration(398)) - Utilization for node 4ac11887-b6f4-4baa-b6a3-17db98911289 with capacity 139586437120B, used 41875931136B, and remaining 97710505984B is 0.3
2023-09-13 18:18:05,957 [main] DEBUG balancer.ContainerBalancerTask (ContainerBalancerTask.java:initializeIteration(398)) - Utilization for node 537cc1bc-1825-4113-8700-2c5a951ae83d with capacity 139586437120B, used 27917287424B, and remaining 111669149696B is 0.2
2023-09-13 18:18:05,957 [main] DEBUG balancer.ContainerBalancerTask (ContainerBalancerTask.java:initializeIteration(398)) - Utilization for node 718f9077-2492-487d-91d8-0741ca2e993a with capacity 268435456000B, used 26843545600B, and remaining 241591910400B is 0.1
2023-09-13 18:18:05,957 [main] DEBUG balancer.ContainerBalancerTask (ContainerBalancerTask.java:initializeIteration(398)) - Utilization for node 47d56e6d-77b1-43e0-970c-326f9e39f53a with capacity 40802189312B, used 0B, and remaining 40802189312B is 0.0
2023-09-13 18:18:05,957 [main] INFO  balancer.ContainerBalancerTask (ContainerBalancerTask.java:initializeIteration(447)) - Container Balancer has identified 5 Over-Utilized and 3 Under-Utilized Datanodes that need to be balanced.
2023-09-13 18:18:05,957 [main] DEBUG balancer.ContainerBalancerTask (ContainerBalancerTask.java:lambda$initializeIteration$1(453)) - Datanode localhost-173.172.238.32 8b4270dd-cc33-4165-b4e6-191cac494369 is Over-Utilized.
2023-09-13 18:18:05,957 [main] DEBUG balancer.ContainerBalancerTask (ContainerBalancerTask.java:lambda$initializeIteration$1(453)) - Datanode localhost-113.57.125.137 9a814116-24df-47df-bb53-55d5aafe0893 is Over-Utilized.
2023-09-13 18:18:05,957 [main] DEBUG balancer.ContainerBalancerTask (ContainerBalancerTask.java:lambda$initializeIteration$1(453)) - Datanode localhost-155.88.39.127 4b87e99e-1b9f-4812-b63b-95b37ae80d61 is Over-Utilized.
2023-09-13 18:18:05,957 [main] DEBUG balancer.ContainerBalancerTask (ContainerBalancerTask.java:lambda$initializeIteration$1(453)) - Datanode localhost-10.164.188.231 7aa6acb1-8ad6-4047-80ba-3184ed8b6767 is Over-Utilized.
2023-09-13 18:18:05,957 [main] DEBUG balancer.ContainerBalancerTask (ContainerBalancerTask.java:lambda$initializeIteration$1(453)) - Datanode localhost-19.251.14.23 d71ebf8d-e2b8-42d1-b006-4402d597daaa is Over-Utilized.
2023-09-13 18:18:05,958 [main] DEBUG balancer.ContainerBalancerTask (ContainerBalancerTask.java:lambda$initializeIteration$2(459)) - Datanode localhost-210.99.180.183 47d56e6d-77b1-43e0-970c-326f9e39f53a is Under-Utilized.
2023-09-13 18:18:05,958 [main] DEBUG balancer.ContainerBalancerTask (ContainerBalancerTask.java:lambda$initializeIteration$2(459)) - Datanode localhost-8.183.146.103 718f9077-2492-487d-91d8-0741ca2e993a is Under-Utilized.
2023-09-13 18:18:05,958 [main] DEBUG balancer.ContainerBalancerTask (ContainerBalancerTask.java:lambda$initializeIteration$2(459)) - Datanode localhost-17.77.98.53 537cc1bc-1825-4113-8700-2c5a951ae83d is Under-Utilized.
2023-09-13 18:18:05,961 [main] DEBUG balancer.ContainerBalancerTask (ContainerBalancerTask.java:matchSourceWithTarget(708)) - ContainerBalancer is finding suitable target for source datanode 8b4270dd-cc33-4165-b4e6-191cac494369
2023-09-13 18:18:05,961 [main] INFO  balancer.ContainerBalancerTask (ContainerBalancerTask.java:matchSourceWithTarget(722)) - ContainerBalancer matched source datanode 8b4270dd-cc33-4165-b4e6-191cac494369 with target datanode 47d56e6d-77b1-43e0-970c-326f9e39f53a for container move.
2023-09-13 18:18:05,961 [main] INFO  balancer.ContainerBalancerTask (ContainerBalancerTask.java:processMoveSelection(569)) - ContainerBalancer is trying to move container #84 with size 4294967296B from source datanode 8b4270dd-cc33-4165-b4e6-191cac494369 to target datanode 47d56e6d-77b1-43e0-970c-326f9e39f53a
2023-09-13 18:18:05,962 [main] DEBUG balancer.ContainerBalancerTask (ContainerBalancerTask.java:lambda$moveContainer$3(837)) - Container move completed for container #84 from source 8b4270dd-cc33-4165-b4e6-191cac494369 to target 47d56e6d-77b1-43e0-970c-326f9e39f53a
2023-09-13 18:18:05,965 [main] DEBUG balancer.ContainerBalancerTask (ContainerBalancerTask.java:matchSourceWithTarget(708)) - ContainerBalancer is finding suitable target for source datanode 8b4270dd-cc33-4165-b4e6-191cac494369
2023-09-13 18:18:05,965 [main] INFO  balancer.ContainerBalancerTask (ContainerBalancerTask.java:matchSourceWithTarget(722)) - ContainerBalancer matched source datanode 8b4270dd-cc33-4165-b4e6-191cac494369 with target datanode 718f9077-2492-487d-91d8-0741ca2e993a for container move.
2023-09-13 18:18:05,965 [main] INFO  balancer.ContainerBalancerTask (ContainerBalancerTask.java:processMoveSelection(569)) - ContainerBalancer is trying to move container #28 with size 4294967296B from source datanode 8b4270dd-cc33-4165-b4e6-191cac494369 to target datanode 718f9077-2492-487d-91d8-0741ca2e993a
2023-09-13 18:18:05,965 [main] DEBUG balancer.ContainerBalancerTask (ContainerBalancerTask.java:lambda$moveContainer$3(837)) - Container move completed for container #28 from source 8b4270dd-cc33-4165-b4e6-191cac494369 to target 718f9077-2492-487d-91d8-0741ca2e993a
2023-09-13 18:18:05,968 [main] DEBUG balancer.ContainerBalancerTask (ContainerBalancerTask.java:matchSourceWithTarget(708)) - ContainerBalancer is finding suitable target for source datanode 9a814116-24df-47df-bb53-55d5aafe0893
2023-09-13 18:18:05,968 [main] INFO  balancer.ContainerBalancerTask (ContainerBalancerTask.java:matchSourceWithTarget(722)) - ContainerBalancer matched source datanode 9a814116-24df-47df-bb53-55d5aafe0893 with target datanode 47d56e6d-77b1-43e0-970c-326f9e39f53a for container move.
2023-09-13 18:18:05,968 [main] INFO  balancer.ContainerBalancerTask (ContainerBalancerTask.java:processMoveSelection(569)) - ContainerBalancer is trying to move container #68 with size 5368709120B from source datanode 9a814116-24df-47df-bb53-55d5aafe0893 to target datanode 47d56e6d-77b1-43e0-970c-326f9e39f53a
2023-09-13 18:18:05,968 [main] DEBUG balancer.ContainerBalancerTask (ContainerBalancerTask.java:lambda$moveContainer$3(837)) - Container move completed for container #68 from source 9a814116-24df-47df-bb53-55d5aafe0893 to target 47d56e6d-77b1-43e0-970c-326f9e39f53a
2023-09-13 18:18:05,971 [main] DEBUG balancer.ContainerBalancerTask (ContainerBalancerTask.java:matchSourceWithTarget(708)) - ContainerBalancer is finding suitable target for source datanode 8b4270dd-cc33-4165-b4e6-191cac494369
2023-09-13 18:18:05,972 [main] INFO  balancer.ContainerBalancerTask (ContainerBalancerTask.java:matchSourceWithTarget(722)) - ContainerBalancer matched source datanode 8b4270dd-cc33-4165-b4e6-191cac494369 with target datanode 718f9077-2492-487d-91d8-0741ca2e993a for container move.
2023-09-13 18:18:05,972 [main] INFO  balancer.ContainerBalancerTask (ContainerBalancerTask.java:processMoveSelection(569)) - ContainerBalancer is trying to move container #88 with size 3221225472B from source datanode 8b4270dd-cc33-4165-b4e6-191cac494369 to target datanode 718f9077-2492-487d-91d8-0741ca2e993a
2023-09-13 18:18:05,972 [main] DEBUG balancer.ContainerBalancerTask (ContainerBalancerTask.java:lambda$moveContainer$3(837)) - Container move completed for container #88 from source 8b4270dd-cc33-4165-b4e6-191cac494369 to target 718f9077-2492-487d-91d8-0741ca2e993a
2023-09-13 18:18:05,975 [main] DEBUG balancer.ContainerBalancerTask (ContainerBalancerTask.java:matchSourceWithTarget(708)) - ContainerBalancer is finding suitable target for source datanode 8b4270dd-cc33-4165-b4e6-191cac494369
2023-09-13 18:18:05,975 [main] INFO  balancer.ContainerBalancerTask (ContainerBalancerTask.java:matchSourceWithTarget(722)) - ContainerBalancer matched source datanode 8b4270dd-cc33-4165-b4e6-191cac494369 with target datanode 718f9077-2492-487d-91d8-0741ca2e993a for container move.
2023-09-13 18:18:05,976 [main] INFO  balancer.ContainerBalancerTask (ContainerBalancerTask.java:processMoveSelection(569)) - ContainerBalancer is trying to move container #66 with size 3221225472B from source datanode 8b4270dd-cc33-4165-b4e6-191cac494369 to target datanode 718f9077-2492-487d-91d8-0741ca2e993a
2023-09-13 18:18:05,976 [main] DEBUG balancer.ContainerBalancerTask (ContainerBalancerTask.java:lambda$moveContainer$3(837)) - Container move completed for container #66 from source 8b4270dd-cc33-4165-b4e6-191cac494369 to target 718f9077-2492-487d-91d8-0741ca2e993a
2023-09-13 18:18:05,979 [main] DEBUG balancer.ContainerBalancerTask (ContainerBalancerTask.java:matchSourceWithTarget(708)) - ContainerBalancer is finding suitable target for source datanode 8b4270dd-cc33-4165-b4e6-191cac494369
2023-09-13 18:18:05,979 [main] INFO  balancer.ContainerBalancerTask (ContainerBalancerTask.java:matchSourceWithTarget(722)) - ContainerBalancer matched source datanode 8b4270dd-cc33-4165-b4e6-191cac494369 with target datanode 718f9077-2492-487d-91d8-0741ca2e993a for container move.
2023-09-13 18:18:05,979 [main] INFO  balancer.ContainerBalancerTask (ContainerBalancerTask.java:processMoveSelection(569)) - ContainerBalancer is trying to move container #82 with size 2147483648B from source datanode 8b4270dd-cc33-4165-b4e6-191cac494369 to target datanode 718f9077-2492-487d-91d8-0741ca2e993a
2023-09-13 18:18:05,980 [main] DEBUG balancer.ContainerBalancerTask (ContainerBalancerTask.java:lambda$moveContainer$3(837)) - Container move completed for container #82 from source 8b4270dd-cc33-4165-b4e6-191cac494369 to target 718f9077-2492-487d-91d8-0741ca2e993a
2023-09-13 18:18:05,982 [main] DEBUG balancer.ContainerBalancerTask (ContainerBalancerTask.java:matchSourceWithTarget(708)) - ContainerBalancer is finding suitable target for source datanode 9a814116-24df-47df-bb53-55d5aafe0893
2023-09-13 18:18:05,982 [main] INFO  balancer.ContainerBalancerTask (ContainerBalancerTask.java:matchSourceWithTarget(722)) - ContainerBalancer matched source datanode 9a814116-24df-47df-bb53-55d5aafe0893 with target datanode 718f9077-2492-487d-91d8-0741ca2e993a for container move.
2023-09-13 18:18:05,982 [main] INFO  balancer.ContainerBalancerTask (ContainerBalancerTask.java:processMoveSelection(569)) - ContainerBalancer is trying to move container #38 with size 3221225472B from source datanode 9a814116-24df-47df-bb53-55d5aafe0893 to target datanode 718f9077-2492-487d-91d8-0741ca2e993a
2023-09-13 18:18:05,982 [main] DEBUG balancer.ContainerBalancerTask (ContainerBalancerTask.java:lambda$moveContainer$3(837)) - Container move completed for container #38 from source 9a814116-24df-47df-bb53-55d5aafe0893 to target 718f9077-2492-487d-91d8-0741ca2e993a
2023-09-13 18:18:05,985 [main] DEBUG balancer.ContainerBalancerTask (ContainerBalancerTask.java:matchSourceWithTarget(708)) - ContainerBalancer is finding suitable target for source datanode 4b87e99e-1b9f-4812-b63b-95b37ae80d61
2023-09-13 18:18:05,986 [main] INFO  balancer.ContainerBalancerTask (ContainerBalancerTask.java:matchSourceWithTarget(722)) - ContainerBalancer matched source datanode 4b87e99e-1b9f-4812-b63b-95b37ae80d61 with target datanode 718f9077-2492-487d-91d8-0741ca2e993a for container move.
2023-09-13 18:18:05,986 [main] INFO  balancer.ContainerBalancerTask (ContainerBalancerTask.java:processMoveSelection(569)) - ContainerBalancer is trying to move container #52 with size 4294967296B from source datanode 4b87e99e-1b9f-4812-b63b-95b37ae80d61 to target datanode 718f9077-2492-487d-91d8-0741ca2e993a
2023-09-13 18:18:05,986 [main] DEBUG balancer.ContainerBalancerTask (ContainerBalancerTask.java:lambda$moveContainer$3(837)) - Container move completed for container #52 from source 4b87e99e-1b9f-4812-b63b-95b37ae80d61 to target 718f9077-2492-487d-91d8-0741ca2e993a
2023-09-13 18:18:05,990 [main] DEBUG balancer.ContainerBalancerTask (ContainerBalancerTask.java:matchSourceWithTarget(708)) - ContainerBalancer is finding suitable target for source datanode 8b4270dd-cc33-4165-b4e6-191cac494369
2023-09-13 18:18:05,990 [main] INFO  balancer.ContainerBalancerTask (ContainerBalancerTask.java:matchSourceWithTarget(722)) - ContainerBalancer matched source datanode 8b4270dd-cc33-4165-b4e6-191cac494369 with target datanode 718f9077-2492-487d-91d8-0741ca2e993a for container move.
2023-09-13 18:18:05,990 [main] INFO  balancer.ContainerBalancerTask (ContainerBalancerTask.java:processMoveSelection(569)) - ContainerBalancer is trying to move container #70 with size 2147483648B from source datanode 8b4270dd-cc33-4165-b4e6-191cac494369 to target datanode 718f9077-2492-487d-91d8-0741ca2e993a
2023-09-13 18:18:05,990 [main] DEBUG balancer.ContainerBalancerTask (ContainerBalancerTask.java:lambda$moveContainer$3(837)) - Container move completed for container #70 from source 8b4270dd-cc33-4165-b4e6-191cac494369 to target 718f9077-2492-487d-91d8-0741ca2e993a
2023-09-13 18:18:05,994 [main] DEBUG balancer.ContainerBalancerTask (ContainerBalancerTask.java:matchSourceWithTarget(708)) - ContainerBalancer is finding suitable target for source datanode 8b4270dd-cc33-4165-b4e6-191cac494369
2023-09-13 18:18:05,994 [main] INFO  balancer.ContainerBalancerTask (ContainerBalancerTask.java:matchSourceWithTarget(722)) - ContainerBalancer matched source datanode 8b4270dd-cc33-4165-b4e6-191cac494369 with target datanode 718f9077-2492-487d-91d8-0741ca2e993a for container move.
2023-09-13 18:18:05,994 [main] INFO  balancer.ContainerBalancerTask (ContainerBalancerTask.java:processMoveSelection(569)) - ContainerBalancer is trying to move container #86 with size 1073741824B from source datanode 8b4270dd-cc33-4165-b4e6-191cac494369 to target datanode 718f9077-2492-487d-91d8-0741ca2e993a
2023-09-13 18:18:05,994 [main] DEBUG balancer.ContainerBalancerTask (ContainerBalancerTask.java:lambda$moveContainer$3(837)) - Container move completed for container #86 from source 8b4270dd-cc33-4165-b4e6-191cac494369 to target 718f9077-2492-487d-91d8-0741ca2e993a
2023-09-13 18:18:05,997 [main] DEBUG balancer.ContainerBalancerTask (ContainerBalancerTask.java:matchSourceWithTarget(708)) - ContainerBalancer is finding suitable target for source datanode 4b87e99e-1b9f-4812-b63b-95b37ae80d61
2023-09-13 18:18:05,998 [main] INFO  balancer.ContainerBalancerTask (ContainerBalancerTask.java:matchSourceWithTarget(722)) - ContainerBalancer matched source datanode 4b87e99e-1b9f-4812-b63b-95b37ae80d61 with target datanode 718f9077-2492-487d-91d8-0741ca2e993a for container move.
2023-09-13 18:18:05,998 [main] INFO  balancer.ContainerBalancerTask (ContainerBalancerTask.java:processMoveSelection(569)) - ContainerBalancer is trying to move container #50 with size 2147483648B from source datanode 4b87e99e-1b9f-4812-b63b-95b37ae80d61 to target datanode 718f9077-2492-487d-91d8-0741ca2e993a
2023-09-13 18:18:05,998 [main] DEBUG balancer.ContainerBalancerTask (ContainerBalancerTask.java:lambda$moveContainer$3(837)) - Container move completed for container #50 from source 4b87e99e-1b9f-4812-b63b-95b37ae80d61 to target 718f9077-2492-487d-91d8-0741ca2e993a
2023-09-13 18:18:06,001 [main] DEBUG balancer.ContainerBalancerTask (ContainerBalancerTask.java:matchSourceWithTarget(708)) - ContainerBalancer is finding suitable target for source datanode 9a814116-24df-47df-bb53-55d5aafe0893
2023-09-13 18:18:06,001 [main] INFO  balancer.ContainerBalancerTask (ContainerBalancerTask.java:matchSourceWithTarget(722)) - ContainerBalancer matched source datanode 9a814116-24df-47df-bb53-55d5aafe0893 with target datanode 718f9077-2492-487d-91d8-0741ca2e993a for container move.
2023-09-13 18:18:06,001 [main] INFO  balancer.ContainerBalancerTask (ContainerBalancerTask.java:processMoveSelection(569)) - ContainerBalancer is trying to move container #10 with size 2147483648B from source datanode 9a814116-24df-47df-bb53-55d5aafe0893 to target datanode 718f9077-2492-487d-91d8-0741ca2e993a
2023-09-13 18:18:06,001 [main] DEBUG balancer.ContainerBalancerTask (ContainerBalancerTask.java:lambda$moveContainer$3(837)) - Container move completed for container #10 from source 9a814116-24df-47df-bb53-55d5aafe0893 to target 718f9077-2492-487d-91d8-0741ca2e993a
2023-09-13 18:18:06,005 [main] DEBUG balancer.ContainerBalancerTask (ContainerBalancerTask.java:matchSourceWithTarget(708)) - ContainerBalancer is finding suitable target for source datanode 8b4270dd-cc33-4165-b4e6-191cac494369
2023-09-13 18:18:06,005 [main] INFO  balancer.ContainerBalancerTask (ContainerBalancerTask.java:matchSourceWithTarget(722)) - ContainerBalancer matched source datanode 8b4270dd-cc33-4165-b4e6-191cac494369 with target datanode 537cc1bc-1825-4113-8700-2c5a951ae83d for container move.
2023-09-13 18:18:06,005 [main] INFO  balancer.ContainerBalancerTask (ContainerBalancerTask.java:processMoveSelection(569)) - ContainerBalancer is trying to move container #18 with size 3221225472B from source datanode 8b4270dd-cc33-4165-b4e6-191cac494369 to target datanode 537cc1bc-1825-4113-8700-2c5a951ae83d
2023-09-13 18:18:06,006 [main] DEBUG balancer.ContainerBalancerTask (ContainerBalancerTask.java:lambda$moveContainer$3(837)) - Container move completed for container #18 from source 8b4270dd-cc33-4165-b4e6-191cac494369 to target 537cc1bc-1825-4113-8700-2c5a951ae83d
2023-09-13 18:18:06,009 [main] DEBUG balancer.ContainerBalancerTask (ContainerBalancerTask.java:matchSourceWithTarget(708)) - ContainerBalancer is finding suitable target for source datanode 4b87e99e-1b9f-4812-b63b-95b37ae80d61
2023-09-13 18:18:06,009 [main] INFO  balancer.ContainerBalancerTask (ContainerBalancerTask.java:matchSourceWithTarget(722)) - ContainerBalancer matched source datanode 4b87e99e-1b9f-4812-b63b-95b37ae80d61 with target datanode 718f9077-2492-487d-91d8-0741ca2e993a for container move.
2023-09-13 18:18:06,009 [main] INFO  balancer.ContainerBalancerTask (ContainerBalancerTask.java:processMoveSelection(569)) - ContainerBalancer is trying to move container #54 with size 1073741824B from source datanode 4b87e99e-1b9f-4812-b63b-95b37ae80d61 to target datanode 718f9077-2492-487d-91d8-0741ca2e993a
2023-09-13 18:18:06,009 [main] DEBUG balancer.ContainerBalancerTask (ContainerBalancerTask.java:lambda$moveContainer$3(837)) - Container move completed for container #54 from source 4b87e99e-1b9f-4812-b63b-95b37ae80d61 to target 718f9077-2492-487d-91d8-0741ca2e993a
2023-09-13 18:18:06,013 [main] DEBUG balancer.ContainerBalancerTask (ContainerBalancerTask.java:matchSourceWithTarget(701)) - ContainerBalancer could not find any candidate containers for datanode 4b87e99e-1b9f-4812-b63b-95b37ae80d61
2023-09-13 18:18:06,016 [main] DEBUG balancer.ContainerBalancerTask (ContainerBalancerTask.java:matchSourceWithTarget(708)) - ContainerBalancer is finding suitable target for source datanode 9a814116-24df-47df-bb53-55d5aafe0893
2023-09-13 18:18:06,016 [main] INFO  balancer.ContainerBalancerTask (ContainerBalancerTask.java:matchSourceWithTarget(722)) - ContainerBalancer matched source datanode 9a814116-24df-47df-bb53-55d5aafe0893 with target datanode 718f9077-2492-487d-91d8-0741ca2e993a for container move.
2023-09-13 18:18:06,016 [main] INFO  balancer.ContainerBalancerTask (ContainerBalancerTask.java:processMoveSelection(569)) - ContainerBalancer is trying to move container #64 with size 1073741824B from source datanode 9a814116-24df-47df-bb53-55d5aafe0893 to target datanode 718f9077-2492-487d-91d8-0741ca2e993a
2023-09-13 18:18:06,016 [main] DEBUG balancer.ContainerBalancerTask (ContainerBalancerTask.java:lambda$moveContainer$3(837)) - Container move completed for container #64 from source 9a814116-24df-47df-bb53-55d5aafe0893 to target 718f9077-2492-487d-91d8-0741ca2e993a
2023-09-13 18:18:06,018 [main] DEBUG balancer.ContainerBalancerTask (ContainerBalancerTask.java:matchSourceWithTarget(708)) - ContainerBalancer is finding suitable target for source datanode 7aa6acb1-8ad6-4047-80ba-3184ed8b6767
2023-09-13 18:18:06,018 [main] INFO  balancer.ContainerBalancerTask (ContainerBalancerTask.java:matchSourceWithTarget(722)) - ContainerBalancer matched source datanode 7aa6acb1-8ad6-4047-80ba-3184ed8b6767 with target datanode 718f9077-2492-487d-91d8-0741ca2e993a for container move.
2023-09-13 18:18:06,018 [main] INFO  balancer.ContainerBalancerTask (ContainerBalancerTask.java:processMoveSelection(569)) - ContainerBalancer is trying to move container #40 with size 5368709120B from source datanode 7aa6acb1-8ad6-4047-80ba-3184ed8b6767 to target datanode 718f9077-2492-487d-91d8-0741ca2e993a
2023-09-13 18:18:06,018 [main] DEBUG balancer.ContainerBalancerTask (ContainerBalancerTask.java:lambda$moveContainer$3(837)) - Container move completed for container #40 from source 7aa6acb1-8ad6-4047-80ba-3184ed8b6767 to target 718f9077-2492-487d-91d8-0741ca2e993a
2023-09-13 18:18:06,022 [main] DEBUG balancer.ContainerBalancerTask (ContainerBalancerTask.java:matchSourceWithTarget(708)) - ContainerBalancer is finding suitable target for source datanode 8b4270dd-cc33-4165-b4e6-191cac494369
2023-09-13 18:18:06,022 [main] INFO  balancer.ContainerBalancerTask (ContainerBalancerTask.java:matchSourceWithTarget(722)) - ContainerBalancer matched source datanode 8b4270dd-cc33-4165-b4e6-191cac494369 with target datanode 718f9077-2492-487d-91d8-0741ca2e993a for container move.
2023-09-13 18:18:06,023 [main] INFO  balancer.ContainerBalancerTask (ContainerBalancerTask.java:processMoveSelection(569)) - ContainerBalancer is trying to move container #36 with size 1073741824B from source datanode 8b4270dd-cc33-4165-b4e6-191cac494369 to target datanode 718f9077-2492-487d-91d8-0741ca2e993a
2023-09-13 18:18:06,023 [main] DEBUG balancer.ContainerBalancerTask (ContainerBalancerTask.java:lambda$moveContainer$3(837)) - Container move completed for container #36 from source 8b4270dd-cc33-4165-b4e6-191cac494369 to target 718f9077-2492-487d-91d8-0741ca2e993a
2023-09-13 18:18:06,026 [main] DEBUG balancer.ContainerBalancerTask (ContainerBalancerTask.java:matchSourceWithTarget(708)) - ContainerBalancer is finding suitable target for source datanode 9a814116-24df-47df-bb53-55d5aafe0893
2023-09-13 18:18:06,026 [main] INFO  balancer.ContainerBalancerTask (ContainerBalancerTask.java:matchSourceWithTarget(722)) - ContainerBalancer matched source datanode 9a814116-24df-47df-bb53-55d5aafe0893 with target datanode 718f9077-2492-487d-91d8-0741ca2e993a for container move.
2023-09-13 18:18:06,026 [main] INFO  balancer.ContainerBalancerTask (ContainerBalancerTask.java:processMoveSelection(569)) - ContainerBalancer is trying to move container #4 with size 1073741824B from source datanode 9a814116-24df-47df-bb53-55d5aafe0893 to target datanode 718f9077-2492-487d-91d8-0741ca2e993a
2023-09-13 18:18:06,026 [main] DEBUG balancer.ContainerBalancerTask (ContainerBalancerTask.java:lambda$moveContainer$3(837)) - Container move completed for container #4 from source 9a814116-24df-47df-bb53-55d5aafe0893 to target 718f9077-2492-487d-91d8-0741ca2e993a
2023-09-13 18:18:06,031 [main] DEBUG balancer.ContainerBalancerTask (ContainerBalancerTask.java:matchSourceWithTarget(701)) - ContainerBalancer could not find any candidate containers for datanode 8b4270dd-cc33-4165-b4e6-191cac494369
2023-09-13 18:18:06,032 [main] DEBUG balancer.ContainerBalancerTask (ContainerBalancerTask.java:matchSourceWithTarget(701)) - ContainerBalancer could not find any candidate containers for datanode 9a814116-24df-47df-bb53-55d5aafe0893
2023-09-13 18:18:06,034 [main] DEBUG balancer.ContainerBalancerTask (ContainerBalancerTask.java:matchSourceWithTarget(701)) - ContainerBalancer could not find any candidate containers for datanode 7aa6acb1-8ad6-4047-80ba-3184ed8b6767
2023-09-13 18:18:06,037 [main] DEBUG balancer.ContainerBalancerTask (ContainerBalancerTask.java:matchSourceWithTarget(708)) - ContainerBalancer is finding suitable target for source datanode d71ebf8d-e2b8-42d1-b006-4402d597daaa
2023-09-13 18:18:06,038 [main] INFO  balancer.ContainerBalancerTask (ContainerBalancerTask.java:matchSourceWithTarget(722)) - ContainerBalancer matched source datanode d71ebf8d-e2b8-42d1-b006-4402d597daaa with target datanode 47d56e6d-77b1-43e0-970c-326f9e39f53a for container move.
2023-09-13 18:18:06,038 [main] INFO  balancer.ContainerBalancerTask (ContainerBalancerTask.java:processMoveSelection(569)) - ContainerBalancer is trying to move container #26 with size 2147483648B from source datanode d71ebf8d-e2b8-42d1-b006-4402d597daaa to target datanode 47d56e6d-77b1-43e0-970c-326f9e39f53a
2023-09-13 18:18:06,038 [main] DEBUG balancer.ContainerBalancerTask (ContainerBalancerTask.java:lambda$moveContainer$3(837)) - Container move completed for container #26 from source d71ebf8d-e2b8-42d1-b006-4402d597daaa to target 47d56e6d-77b1-43e0-970c-326f9e39f53a
2023-09-13 18:18:06,040 [main] DEBUG balancer.ContainerBalancerTask (ContainerBalancerTask.java:matchSourceWithTarget(701)) - ContainerBalancer could not find any candidate containers for datanode d71ebf8d-e2b8-42d1-b006-4402d597daaa
2023-09-13 18:18:06,040 [main] INFO  balancer.FindSourceGreedy (FindSourceGreedy.java:getNextCandidateSourceDataNode(126)) - no more candidate source data node
2023-09-13 18:18:06,040 [main] INFO  balancer.ContainerBalancerTask (ContainerBalancerTask.java:checkIterationMoveResults(642)) - Iteration Summary. Number of Datanodes involved: 8. Size moved: 49 GB (52613349376 Bytes). Number of Container moves completed: 19.
2023-09-13 18:18:06,040 [main] INFO  balancer.ContainerBalancerTask (ContainerBalancerTask.java:balance(259)) - Result of this iteration of Container Balancer: ITERATION_COMPLETED
2023-09-13 18:18:06,040 [main] INFO  balancer.ContainerBalancerTask (ContainerBalancerTask.java:tryStopWithSaveConfiguration(308)) - Save Configuration for stopping. Reason: Completed all iterations.
2023-09-13 18:18:06,042 [main] DEBUG balancer.ContainerBalancerTask (ContainerBalancerTask.java:initializeIteration(374)) - Average utilization of the cluster is 0.378736069363678
2023-09-13 18:18:06,042 [main] DEBUG balancer.ContainerBalancerTask (ContainerBalancerTask.java:initializeIteration(386)) - Lower limit for utilization is 0.278736069363678 and Upper limit for utilization is 0.47873606936367796
2023-09-13 18:18:06,042 [main] DEBUG balancer.ContainerBalancerTask (ContainerBalancerTask.java:initializeIteration(398)) - Utilization for node 8b4270dd-cc33-4165-b4e6-191cac494369 with capacity 77548020622B, used 69793218560B, and remaining 7754802062B is 0.9000000000025791
2023-09-13 18:18:06,042 [main] DEBUG balancer.ContainerBalancerTask (ContainerBalancerTask.java:initializeIteration(398)) - Utilization for node 9a814116-24df-47df-bb53-55d5aafe0893 with capacity 56371445760B, used 45097156608B, and remaining 11274289152B is 0.8
2023-09-13 18:18:06,042 [main] DEBUG balancer.ContainerBalancerTask (ContainerBalancerTask.java:initializeIteration(398)) - Utilization for node 4b87e99e-1b9f-4812-b63b-95b37ae80d61 with capacity 84365429028B, used 59055800320B, and remaining 25309628708B is 0.7000000000047413
2023-09-13 18:18:06,042 [main] DEBUG balancer.ContainerBalancerTask (ContainerBalancerTask.java:initializeIteration(398)) - Utilization for node 7aa6acb1-8ad6-4047-80ba-3184ed8b6767 with capacity 78741067093B, used 47244640256B, and remaining 31496426837B is 0.60000000000254
2023-09-13 18:18:06,042 [main] DEBUG balancer.ContainerBalancerTask (ContainerBalancerTask.java:initializeIteration(398)) - Utilization for node d71ebf8d-e2b8-42d1-b006-4402d597daaa with capacity 118111600640B, used 59055800320B, and remaining 59055800320B is 0.5
2023-09-13 18:18:06,042 [main] DEBUG balancer.ContainerBalancerTask (ContainerBalancerTask.java:initializeIteration(398)) - Utilization for node f389323a-77a2-4b21-b3e9-d53f6b43ee70 with capacity 150323855360B, used 60129542144B, and remaining 90194313216B is 0.4
2023-09-13 18:18:06,042 [main] DEBUG balancer.ContainerBalancerTask (ContainerBalancerTask.java:initializeIteration(398)) - Utilization for node 4ac11887-b6f4-4baa-b6a3-17db98911289 with capacity 139586437120B, used 41875931136B, and remaining 97710505984B is 0.3
2023-09-13 18:18:06,042 [main] DEBUG balancer.ContainerBalancerTask (ContainerBalancerTask.java:initializeIteration(398)) - Utilization for node 537cc1bc-1825-4113-8700-2c5a951ae83d with capacity 139586437120B, used 27917287424B, and remaining 111669149696B is 0.2
2023-09-13 18:18:06,042 [main] DEBUG balancer.ContainerBalancerTask (ContainerBalancerTask.java:initializeIteration(398)) - Utilization for node 718f9077-2492-487d-91d8-0741ca2e993a with capacity 268435456000B, used 26843545600B, and remaining 241591910400B is 0.1
2023-09-13 18:18:06,043 [main] DEBUG balancer.ContainerBalancerTask (ContainerBalancerTask.java:initializeIteration(398)) - Utilization for node 47d56e6d-77b1-43e0-970c-326f9e39f53a with capacity 40802189312B, used 0B, and remaining 40802189312B is 0.0
2023-09-13 18:18:06,043 [main] INFO  balancer.ContainerBalancerTask (ContainerBalancerTask.java:initializeIteration(447)) - Container Balancer has identified 5 Over-Utilized and 3 Under-Utilized Datanodes that need to be balanced.
2023-09-13 18:18:06,043 [main] DEBUG balancer.ContainerBalancerTask (ContainerBalancerTask.java:lambda$initializeIteration$1(453)) - Datanode localhost-173.172.238.32 8b4270dd-cc33-4165-b4e6-191cac494369 is Over-Utilized.
2023-09-13 18:18:06,043 [main] DEBUG balancer.ContainerBalancerTask (ContainerBalancerTask.java:lambda$initializeIteration$1(453)) - Datanode localhost-113.57.125.137 9a814116-24df-47df-bb53-55d5aafe0893 is Over-Utilized.
2023-09-13 18:18:06,043 [main] DEBUG balancer.ContainerBalancerTask (ContainerBalancerTask.java:lambda$initializeIteration$1(453)) - Datanode localhost-155.88.39.127 4b87e99e-1b9f-4812-b63b-95b37ae80d61 is Over-Utilized.
2023-09-13 18:18:06,043 [main] DEBUG balancer.ContainerBalancerTask (ContainerBalancerTask.java:lambda$initializeIteration$1(453)) - Datanode localhost-10.164.188.231 7aa6acb1-8ad6-4047-80ba-3184ed8b6767 is Over-Utilized.
2023-09-13 18:18:06,043 [main] DEBUG balancer.ContainerBalancerTask (ContainerBalancerTask.java:lambda$initializeIteration$1(453)) - Datanode localhost-19.251.14.23 d71ebf8d-e2b8-42d1-b006-4402d597daaa is Over-Utilized.
2023-09-13 18:18:06,043 [main] DEBUG balancer.ContainerBalancerTask (ContainerBalancerTask.java:lambda$initializeIteration$2(459)) - Datanode localhost-210.99.180.183 47d56e6d-77b1-43e0-970c-326f9e39f53a is Under-Utilized.
2023-09-13 18:18:06,043 [main] DEBUG balancer.ContainerBalancerTask (ContainerBalancerTask.java:lambda$initializeIteration$2(459)) - Datanode localhost-8.183.146.103 718f9077-2492-487d-91d8-0741ca2e993a is Under-Utilized.
2023-09-13 18:18:06,043 [main] DEBUG balancer.ContainerBalancerTask (ContainerBalancerTask.java:lambda$initializeIteration$2(459)) - Datanode localhost-17.77.98.53 537cc1bc-1825-4113-8700-2c5a951ae83d is Under-Utilized.
2023-09-13 18:18:06,047 [main] DEBUG balancer.ContainerBalancerTask (ContainerBalancerTask.java:matchSourceWithTarget(708)) - ContainerBalancer is finding suitable target for source datanode 8b4270dd-cc33-4165-b4e6-191cac494369
2023-09-13 18:18:06,047 [main] INFO  balancer.ContainerBalancerTask (ContainerBalancerTask.java:matchSourceWithTarget(722)) - ContainerBalancer matched source datanode 8b4270dd-cc33-4165-b4e6-191cac494369 with target datanode 47d56e6d-77b1-43e0-970c-326f9e39f53a for container move.
2023-09-13 18:18:06,047 [main] INFO  balancer.ContainerBalancerTask (ContainerBalancerTask.java:processMoveSelection(569)) - ContainerBalancer is trying to move container #85 with size 5368709120B from source datanode 8b4270dd-cc33-4165-b4e6-191cac494369 to target datanode 47d56e6d-77b1-43e0-970c-326f9e39f53a
2023-09-13 18:18:06,047 [main] DEBUG balancer.ContainerBalancerTask (ContainerBalancerTask.java:lambda$moveContainer$3(837)) - Container move completed for container #85 from source 8b4270dd-cc33-4165-b4e6-191cac494369 to target 47d56e6d-77b1-43e0-970c-326f9e39f53a
2023-09-13 18:18:06,051 [main] DEBUG balancer.ContainerBalancerTask (ContainerBalancerTask.java:matchSourceWithTarget(708)) - ContainerBalancer is finding suitable target for source datanode 8b4270dd-cc33-4165-b4e6-191cac494369
2023-09-13 18:18:06,051 [main] INFO  balancer.ContainerBalancerTask (ContainerBalancerTask.java:matchSourceWithTarget(722)) - ContainerBalancer matched source datanode 8b4270dd-cc33-4165-b4e6-191cac494369 with target datanode 718f9077-2492-487d-91d8-0741ca2e993a for container move.
2023-09-13 18:18:06,051 [main] INFO  balancer.ContainerBalancerTask (ContainerBalancerTask.java:processMoveSelection(569)) - ContainerBalancer is trying to move container #89 with size 4294967296B from source datanode 8b4270dd-cc33-4165-b4e6-191cac494369 to target datanode 718f9077-2492-487d-91d8-0741ca2e993a
2023-09-13 18:18:06,051 [main] DEBUG balancer.ContainerBalancerTask (ContainerBalancerTask.java:lambda$moveContainer$3(837)) - Container move completed for container #89 from source 8b4270dd-cc33-4165-b4e6-191cac494369 to target 718f9077-2492-487d-91d8-0741ca2e993a
2023-09-13 18:18:06,053 [main] DEBUG balancer.ContainerBalancerTask (ContainerBalancerTask.java:matchSourceWithTarget(708)) - ContainerBalancer is finding suitable target for source datanode 9a814116-24df-47df-bb53-55d5aafe0893
2023-09-13 18:18:06,054 [main] INFO  balancer.ContainerBalancerTask (ContainerBalancerTask.java:matchSourceWithTarget(722)) - ContainerBalancer matched source datanode 9a814116-24df-47df-bb53-55d5aafe0893 with target datanode 718f9077-2492-487d-91d8-0741ca2e993a for container move.
2023-09-13 18:18:06,054 [main] INFO  balancer.ContainerBalancerTask (ContainerBalancerTask.java:processMoveSelection(569)) - ContainerBalancer is trying to move container #68 with size 5368709120B from source datanode 9a814116-24df-47df-bb53-55d5aafe0893 to target datanode 718f9077-2492-487d-91d8-0741ca2e993a
2023-09-13 18:18:06,054 [main] DEBUG balancer.ContainerBalancerTask (ContainerBalancerTask.java:lambda$moveContainer$3(837)) - Container move completed for container #68 from source 9a814116-24df-47df-bb53-55d5aafe0893 to target 718f9077-2492-487d-91d8-0741ca2e993a
2023-09-13 18:18:06,057 [main] DEBUG balancer.ContainerBalancerTask (ContainerBalancerTask.java:matchSourceWithTarget(708)) - ContainerBalancer is finding suitable target for source datanode 8b4270dd-cc33-4165-b4e6-191cac494369
2023-09-13 18:18:06,058 [main] INFO  balancer.ContainerBalancerTask (ContainerBalancerTask.java:matchSourceWithTarget(722)) - ContainerBalancer matched source datanode 8b4270dd-cc33-4165-b4e6-191cac494369 with target datanode 47d56e6d-77b1-43e0-970c-326f9e39f53a for container move.
2023-09-13 18:18:06,058 [main] INFO  balancer.ContainerBalancerTask (ContainerBalancerTask.java:processMoveSelection(569)) - ContainerBalancer is trying to move container #84 with size 4294967296B from source datanode 8b4270dd-cc33-4165-b4e6-191cac494369 to target datanode 47d56e6d-77b1-43e0-970c-326f9e39f53a
2023-09-13 18:18:06,058 [main] DEBUG balancer.ContainerBalancerTask (ContainerBalancerTask.java:lambda$moveContainer$3(837)) - Container move completed for container #84 from source 8b4270dd-cc33-4165-b4e6-191cac494369 to target 47d56e6d-77b1-43e0-970c-326f9e39f53a
2023-09-13 18:18:06,061 [main] DEBUG balancer.ContainerBalancerTask (ContainerBalancerTask.java:matchSourceWithTarget(708)) - ContainerBalancer is finding suitable target for source datanode 8b4270dd-cc33-4165-b4e6-191cac494369
2023-09-13 18:18:06,062 [main] INFO  balancer.ContainerBalancerTask (ContainerBalancerTask.java:matchSourceWithTarget(722)) - ContainerBalancer matched source datanode 8b4270dd-cc33-4165-b4e6-191cac494369 with target datanode 718f9077-2492-487d-91d8-0741ca2e993a for container move.
2023-09-13 18:18:06,062 [main] INFO  balancer.ContainerBalancerTask (ContainerBalancerTask.java:processMoveSelection(569)) - ContainerBalancer is trying to move container #28 with size 4294967296B from source datanode 8b4270dd-cc33-4165-b4e6-191cac494369 to target datanode 718f9077-2492-487d-91d8-0741ca2e993a
2023-09-13 18:18:06,062 [main] DEBUG balancer.ContainerBalancerTask (ContainerBalancerTask.java:lambda$moveContainer$3(837)) - Container move completed for container #28 from source 8b4270dd-cc33-4165-b4e6-191cac494369 to target 718f9077-2492-487d-91d8-0741ca2e993a
2023-09-13 18:18:06,064 [main] DEBUG balancer.ContainerBalancerTask (ContainerBalancerTask.java:matchSourceWithTarget(708)) - ContainerBalancer is finding suitable target for source datanode 9a814116-24df-47df-bb53-55d5aafe0893
2023-09-13 18:18:06,065 [main] INFO  balancer.ContainerBalancerTask (ContainerBalancerTask.java:matchSourceWithTarget(722)) - ContainerBalancer matched source datanode 9a814116-24df-47df-bb53-55d5aafe0893 with target datanode 718f9077-2492-487d-91d8-0741ca2e993a for container move.
2023-09-13 18:18:06,065 [main] INFO  balancer.ContainerBalancerTask (ContainerBalancerTask.java:processMoveSelection(569)) - ContainerBalancer is trying to move container #19 with size 4294967296B from source datanode 9a814116-24df-47df-bb53-55d5aafe0893 to target datanode 718f9077-2492-487d-91d8-0741ca2e993a
2023-09-13 18:18:06,065 [main] DEBUG balancer.ContainerBalancerTask (ContainerBalancerTask.java:lambda$moveContainer$3(837)) - Container move completed for container #19 from source 9a814116-24df-47df-bb53-55d5aafe0893 to target 718f9077-2492-487d-91d8-0741ca2e993a
2023-09-13 18:18:06,068 [main] DEBUG balancer.ContainerBalancerTask (ContainerBalancerTask.java:matchSourceWithTarget(708)) - ContainerBalancer is finding suitable target for source datanode 4b87e99e-1b9f-4812-b63b-95b37ae80d61
2023-09-13 18:18:06,070 [main] INFO  balancer.ContainerBalancerTask (ContainerBalancerTask.java:matchSourceWithTarget(722)) - ContainerBalancer matched source datanode 4b87e99e-1b9f-4812-b63b-95b37ae80d61 with target datanode 718f9077-2492-487d-91d8-0741ca2e993a for container move.
2023-09-13 18:18:06,070 [main] INFO  balancer.ContainerBalancerTask (ContainerBalancerTask.java:processMoveSelection(569)) - ContainerBalancer is trying to move container #53 with size 5368709120B from source datanode 4b87e99e-1b9f-4812-b63b-95b37ae80d61 to target datanode 718f9077-2492-487d-91d8-0741ca2e993a
2023-09-13 18:18:06,070 [main] DEBUG balancer.ContainerBalancerTask (ContainerBalancerTask.java:lambda$moveContainer$3(837)) - Container move completed for container #53 from source 4b87e99e-1b9f-4812-b63b-95b37ae80d61 to target 718f9077-2492-487d-91d8-0741ca2e993a
2023-09-13 18:18:06,074 [main] DEBUG balancer.ContainerBalancerTask (ContainerBalancerTask.java:matchSourceWithTarget(708)) - ContainerBalancer is finding suitable target for source datanode 8b4270dd-cc33-4165-b4e6-191cac494369
2023-09-13 18:18:06,074 [main] INFO  balancer.ContainerBalancerTask (ContainerBalancerTask.java:matchSourceWithTarget(722)) - ContainerBalancer matched source datanode 8b4270dd-cc33-4165-b4e6-191cac494369 with target datanode 718f9077-2492-487d-91d8-0741ca2e993a for container move.
2023-09-13 18:18:06,074 [main] INFO  balancer.ContainerBalancerTask (ContainerBalancerTask.java:processMoveSelection(569)) - ContainerBalancer is trying to move container #88 with size 3221225472B from source datanode 8b4270dd-cc33-4165-b4e6-191cac494369 to target datanode 718f9077-2492-487d-91d8-0741ca2e993a
2023-09-13 18:18:06,075 [main] DEBUG balancer.ContainerBalancerTask (ContainerBalancerTask.java:lambda$moveContainer$3(837)) - Container move completed for container #88 from source 8b4270dd-cc33-4165-b4e6-191cac494369 to target 718f9077-2492-487d-91d8-0741ca2e993a
2023-09-13 18:18:06,078 [main] DEBUG balancer.ContainerBalancerTask (ContainerBalancerTask.java:matchSourceWithTarget(708)) - ContainerBalancer is finding suitable target for source datanode 4b87e99e-1b9f-4812-b63b-95b37ae80d61
2023-09-13 18:18:06,078 [main] INFO  balancer.ContainerBalancerTask (ContainerBalancerTask.java:matchSourceWithTarget(722)) - ContainerBalancer matched source datanode 4b87e99e-1b9f-4812-b63b-95b37ae80d61 with target datanode 537cc1bc-1825-4113-8700-2c5a951ae83d for container move.
2023-09-13 18:18:06,078 [main] INFO  balancer.ContainerBalancerTask (ContainerBalancerTask.java:processMoveSelection(569)) - ContainerBalancer is trying to move container #29 with size 5368709120B from source datanode 4b87e99e-1b9f-4812-b63b-95b37ae80d61 to target datanode 537cc1bc-1825-4113-8700-2c5a951ae83d
2023-09-13 18:18:06,078 [main] DEBUG balancer.ContainerBalancerTask (ContainerBalancerTask.java:lambda$moveContainer$3(837)) - Container move completed for container #29 from source 4b87e99e-1b9f-4812-b63b-95b37ae80d61 to target 537cc1bc-1825-4113-8700-2c5a951ae83d
2023-09-13 18:18:06,081 [main] DEBUG balancer.ContainerBalancerTask (ContainerBalancerTask.java:matchSourceWithTarget(708)) - ContainerBalancer is finding suitable target for source datanode 9a814116-24df-47df-bb53-55d5aafe0893
2023-09-13 18:18:06,081 [main] INFO  balancer.ContainerBalancerTask (ContainerBalancerTask.java:matchSourceWithTarget(722)) - ContainerBalancer matched source datanode 9a814116-24df-47df-bb53-55d5aafe0893 with target datanode 718f9077-2492-487d-91d8-0741ca2e993a for container move.
2023-09-13 18:18:06,081 [main] INFO  balancer.ContainerBalancerTask (ContainerBalancerTask.java:processMoveSelection(569)) - ContainerBalancer is trying to move container #71 with size 3221225472B from source datanode 9a814116-24df-47df-bb53-55d5aafe0893 to target datanode 718f9077-2492-487d-91d8-0741ca2e993a
2023-09-13 18:18:06,081 [main] DEBUG balancer.ContainerBalancerTask (ContainerBalancerTask.java:lambda$moveContainer$3(837)) - Container move completed for container #71 from source 9a814116-24df-47df-bb53-55d5aafe0893 to target 718f9077-2492-487d-91d8-0741ca2e993a
2023-09-13 18:18:06,087 [main] DEBUG balancer.ContainerBalancerTask (ContainerBalancerTask.java:matchSourceWithTarget(708)) - ContainerBalancer is finding suitable target for source datanode 8b4270dd-cc33-4165-b4e6-191cac494369
2023-09-13 18:18:06,087 [main] INFO  balancer.ContainerBalancerTask (ContainerBalancerTask.java:matchSourceWithTarget(722)) - ContainerBalancer matched source datanode 8b4270dd-cc33-4165-b4e6-191cac494369 with target datanode 718f9077-2492-487d-91d8-0741ca2e993a for container move.
2023-09-13 18:18:06,087 [main] INFO  balancer.ContainerBalancerTask (ContainerBalancerTask.java:processMoveSelection(569)) - ContainerBalancer is trying to move container #66 with size 3221225472B from source datanode 8b4270dd-cc33-4165-b4e6-191cac494369 to target datanode 718f9077-2492-487d-91d8-0741ca2e993a
2023-09-13 18:18:06,088 [main] DEBUG balancer.ContainerBalancerTask (ContainerBalancerTask.java:lambda$moveContainer$3(837)) - Container move completed for container #66 from source 8b4270dd-cc33-4165-b4e6-191cac494369 to target 718f9077-2492-487d-91d8-0741ca2e993a
2023-09-13 18:18:06,090 [main] DEBUG balancer.ContainerBalancerTask (ContainerBalancerTask.java:matchSourceWithTarget(708)) - ContainerBalancer is finding suitable target for source datanode 7aa6acb1-8ad6-4047-80ba-3184ed8b6767
2023-09-13 18:18:06,090 [main] INFO  balancer.ContainerBalancerTask (ContainerBalancerTask.java:matchSourceWithTarget(722)) - ContainerBalancer matched source datanode 7aa6acb1-8ad6-4047-80ba-3184ed8b6767 with target datanode 718f9077-2492-487d-91d8-0741ca2e993a for container move.
2023-09-13 18:18:06,090 [main] INFO  balancer.ContainerBalancerTask (ContainerBalancerTask.java:processMoveSelection(569)) - ContainerBalancer is trying to move container #40 with size 5368709120B from source datanode 7aa6acb1-8ad6-4047-80ba-3184ed8b6767 to target datanode 718f9077-2492-487d-91d8-0741ca2e993a
2023-09-13 18:18:06,090 [main] DEBUG balancer.ContainerBalancerTask (ContainerBalancerTask.java:lambda$moveContainer$3(837)) - Container move completed for container #40 from source 7aa6acb1-8ad6-4047-80ba-3184ed8b6767 to target 718f9077-2492-487d-91d8-0741ca2e993a
2023-09-13 18:18:06,090 [main] WARN  balancer.ContainerBalancerTask (ContainerBalancerTask.java:reachedMaxSizeToMovePerIteration(733)) - Reached max size to move limit. 53687091200 bytes have already been scheduled for balancing and the limit is 53687091200 bytes.
2023-09-13 18:18:06,090 [main] INFO  balancer.ContainerBalancerTask (ContainerBalancerTask.java:checkIterationMoveResults(642)) - Iteration Summary. Number of Datanodes involved: 7. Size moved: 50 GB (53687091200 Bytes). Number of Container moves completed: 12.
2023-09-13 18:18:06,090 [main] INFO  balancer.ContainerBalancerTask (ContainerBalancerTask.java:balance(259)) - Result of this iteration of Container Balancer: ITERATION_COMPLETED
2023-09-13 18:18:06,091 [main] INFO  balancer.ContainerBalancerTask (ContainerBalancerTask.java:tryStopWithSaveConfiguration(308)) - Save Configuration for stopping. Reason: Completed all iterations.
]]></system-out>
  </testcase>
  <testcase name="containerBalancerShouldSelectOnlyClosedContainers" classname="org.apache.hadoop.hdds.scm.container.balancer.TestContainerBalancerTask" time="0.07">
    <system-out><![CDATA[2023-09-13 18:18:06,113 [main] INFO  net.NodeSchemaLoader (NodeSchemaLoader.java:loadSchemaFromFile(129)) - Loading schema from [file:/home/runner/work/ozone/ozone/hadoop-hdds/common/target/classes/network-topology-default.xml]
2023-09-13 18:18:06,113 [main] INFO  net.NodeSchemaLoader (NodeSchemaLoader.java:loadSchema(176)) - Loading network topology layer schema file
2023-09-13 18:18:06,114 [main] INFO  net.NetworkTopologyImpl (NetworkTopologyImpl.java:add(112)) - Added a new node: /default-rack/67e25131-12ae-4d1b-ba31-6866fe263566
2023-09-13 18:18:06,115 [main] INFO  net.NetworkTopologyImpl (NetworkTopologyImpl.java:add(112)) - Added a new node: /default-rack/a8252aec-fdcb-4ee3-b571-727ad7c6673e
2023-09-13 18:18:06,115 [main] INFO  net.NetworkTopologyImpl (NetworkTopologyImpl.java:add(112)) - Added a new node: /default-rack/4322dcfe-f3ad-4598-ab09-aa7bff8d0cb5
2023-09-13 18:18:06,115 [main] INFO  net.NetworkTopologyImpl (NetworkTopologyImpl.java:add(112)) - Added a new node: /default-rack/b6b58e72-7ccc-49c3-a215-0ae990f6d935
2023-09-13 18:18:06,115 [main] INFO  net.NetworkTopologyImpl (NetworkTopologyImpl.java:add(112)) - Added a new node: /default-rack/5ecac306-ebeb-4012-9a00-f3c9d70cfbe7
2023-09-13 18:18:06,115 [main] INFO  net.NetworkTopologyImpl (NetworkTopologyImpl.java:add(112)) - Added a new node: /default-rack/63853d3d-d31c-48a7-91af-a2c5896980d8
2023-09-13 18:18:06,115 [main] INFO  net.NetworkTopologyImpl (NetworkTopologyImpl.java:add(112)) - Added a new node: /default-rack/3824c740-191d-4880-820d-1be71fc7a9ed
2023-09-13 18:18:06,115 [main] INFO  net.NetworkTopologyImpl (NetworkTopologyImpl.java:add(112)) - Added a new node: /default-rack/6577735a-59ac-4ab9-aba7-e182f76a7a1e
2023-09-13 18:18:06,115 [main] INFO  net.NetworkTopologyImpl (NetworkTopologyImpl.java:add(112)) - Added a new node: /default-rack/062316ba-aa0a-4cab-98f0-c3c9a602daa8
2023-09-13 18:18:06,115 [main] INFO  net.NetworkTopologyImpl (NetworkTopologyImpl.java:add(112)) - Added a new node: /default-rack/e4f41f15-47f0-43e8-a773-3626e2a74ef6
2023-09-13 18:18:06,116 [main] INFO  algorithms.ContainerPlacementPolicyFactory (ContainerPlacementPolicyFactory.java:getPolicyInternal(86)) - Create container placement policy of type org.apache.hadoop.hdds.scm.container.placement.algorithms.SCMContainerPlacementRackAware
2023-09-13 18:18:06,116 [main] INFO  algorithms.ContainerPlacementPolicyFactory (ContainerPlacementPolicyFactory.java:getPolicyInternal(86)) - Create container placement policy of type org.apache.hadoop.hdds.scm.container.placement.algorithms.SCMContainerPlacementRackScatter
2023-09-13 18:18:06,118 [main] DEBUG balancer.ContainerBalancerTask (ContainerBalancerTask.java:initializeIteration(374)) - Average utilization of the cluster is 0.3438041352858299
2023-09-13 18:18:06,118 [main] DEBUG balancer.ContainerBalancerTask (ContainerBalancerTask.java:initializeIteration(386)) - Lower limit for utilization is 0.24380413528582992 and Upper limit for utilization is 0.44380413528582996
2023-09-13 18:18:06,118 [main] DEBUG balancer.ContainerBalancerTask (ContainerBalancerTask.java:initializeIteration(398)) - Utilization for node a8252aec-fdcb-4ee3-b571-727ad7c6673e with capacity 58459277084B, used 52613349376B, and remaining 5845927708B is 0.9000000000068423
2023-09-13 18:18:06,118 [main] DEBUG balancer.ContainerBalancerTask (ContainerBalancerTask.java:initializeIteration(398)) - Utilization for node 6577735a-59ac-4ab9-aba7-e182f76a7a1e with capacity 56371445760B, used 45097156608B, and remaining 11274289152B is 0.8
2023-09-13 18:18:06,118 [main] DEBUG balancer.ContainerBalancerTask (ContainerBalancerTask.java:initializeIteration(398)) - Utilization for node 63853d3d-d31c-48a7-91af-a2c5896980d8 with capacity 67492343222B, used 47244640256B, and remaining 20247702966B is 0.7000000000088898
2023-09-13 18:18:06,118 [main] DEBUG balancer.ContainerBalancerTask (ContainerBalancerTask.java:initializeIteration(398)) - Utilization for node 5ecac306-ebeb-4012-9a00-f3c9d70cfbe7 with capacity 66214079146B, used 39728447488B, and remaining 26485631658B is 0.600000000006041
2023-09-13 18:18:06,118 [main] DEBUG balancer.ContainerBalancerTask (ContainerBalancerTask.java:initializeIteration(398)) - Utilization for node b6b58e72-7ccc-49c3-a215-0ae990f6d935 with capacity 94489280512B, used 47244640256B, and remaining 47244640256B is 0.5
2023-09-13 18:18:06,119 [main] DEBUG balancer.ContainerBalancerTask (ContainerBalancerTask.java:initializeIteration(398)) - Utilization for node 062316ba-aa0a-4cab-98f0-c3c9a602daa8 with capacity 107374182400B, used 42949672960B, and remaining 64424509440B is 0.4
2023-09-13 18:18:06,119 [main] DEBUG balancer.ContainerBalancerTask (ContainerBalancerTask.java:initializeIteration(398)) - Utilization for node 3824c740-191d-4880-820d-1be71fc7a9ed with capacity 128849018880B, used 38654705664B, and remaining 90194313216B is 0.3
2023-09-13 18:18:06,119 [main] DEBUG balancer.ContainerBalancerTask (ContainerBalancerTask.java:initializeIteration(398)) - Utilization for node 67e25131-12ae-4d1b-ba31-6866fe263566 with capacity 289910292480B, used 57982058496B, and remaining 231928233984B is 0.2
2023-09-13 18:18:06,119 [main] DEBUG balancer.ContainerBalancerTask (ContainerBalancerTask.java:initializeIteration(398)) - Utilization for node e4f41f15-47f0-43e8-a773-3626e2a74ef6 with capacity 225485783040B, used 22548578304B, and remaining 202937204736B is 0.1
2023-09-13 18:18:06,119 [main] DEBUG balancer.ContainerBalancerTask (ContainerBalancerTask.java:initializeIteration(398)) - Utilization for node 4322dcfe-f3ad-4598-ab09-aa7bff8d0cb5 with capacity 51539607552B, used 0B, and remaining 51539607552B is 0.0
2023-09-13 18:18:06,119 [main] INFO  balancer.ContainerBalancerTask (ContainerBalancerTask.java:initializeIteration(447)) - Container Balancer has identified 5 Over-Utilized and 3 Under-Utilized Datanodes that need to be balanced.
2023-09-13 18:18:06,119 [main] DEBUG balancer.ContainerBalancerTask (ContainerBalancerTask.java:lambda$initializeIteration$1(453)) - Datanode localhost-246.159.118.26 a8252aec-fdcb-4ee3-b571-727ad7c6673e is Over-Utilized.
2023-09-13 18:18:06,119 [main] DEBUG balancer.ContainerBalancerTask (ContainerBalancerTask.java:lambda$initializeIteration$1(453)) - Datanode localhost-96.203.126.156 6577735a-59ac-4ab9-aba7-e182f76a7a1e is Over-Utilized.
2023-09-13 18:18:06,119 [main] DEBUG balancer.ContainerBalancerTask (ContainerBalancerTask.java:lambda$initializeIteration$1(453)) - Datanode localhost-141.91.204.118 63853d3d-d31c-48a7-91af-a2c5896980d8 is Over-Utilized.
2023-09-13 18:18:06,119 [main] DEBUG balancer.ContainerBalancerTask (ContainerBalancerTask.java:lambda$initializeIteration$1(453)) - Datanode localhost-114.99.133.94 5ecac306-ebeb-4012-9a00-f3c9d70cfbe7 is Over-Utilized.
2023-09-13 18:18:06,119 [main] DEBUG balancer.ContainerBalancerTask (ContainerBalancerTask.java:lambda$initializeIteration$1(453)) - Datanode localhost-35.120.211.188 b6b58e72-7ccc-49c3-a215-0ae990f6d935 is Over-Utilized.
2023-09-13 18:18:06,119 [main] DEBUG balancer.ContainerBalancerTask (ContainerBalancerTask.java:lambda$initializeIteration$2(459)) - Datanode localhost-202.166.21.50 4322dcfe-f3ad-4598-ab09-aa7bff8d0cb5 is Under-Utilized.
2023-09-13 18:18:06,120 [main] DEBUG balancer.ContainerBalancerTask (ContainerBalancerTask.java:lambda$initializeIteration$2(459)) - Datanode localhost-42.81.45.6 e4f41f15-47f0-43e8-a773-3626e2a74ef6 is Under-Utilized.
2023-09-13 18:18:06,120 [main] DEBUG balancer.ContainerBalancerTask (ContainerBalancerTask.java:lambda$initializeIteration$2(459)) - Datanode localhost-53.94.157.50 67e25131-12ae-4d1b-ba31-6866fe263566 is Under-Utilized.
2023-09-13 18:18:06,121 [main] DEBUG balancer.ContainerBalancerTask (ContainerBalancerTask.java:matchSourceWithTarget(701)) - ContainerBalancer could not find any candidate containers for datanode a8252aec-fdcb-4ee3-b571-727ad7c6673e
2023-09-13 18:18:06,122 [main] DEBUG balancer.ContainerBalancerTask (ContainerBalancerTask.java:matchSourceWithTarget(701)) - ContainerBalancer could not find any candidate containers for datanode 6577735a-59ac-4ab9-aba7-e182f76a7a1e
2023-09-13 18:18:06,124 [main] DEBUG balancer.ContainerBalancerTask (ContainerBalancerTask.java:matchSourceWithTarget(701)) - ContainerBalancer could not find any candidate containers for datanode 63853d3d-d31c-48a7-91af-a2c5896980d8
2023-09-13 18:18:06,125 [main] DEBUG balancer.ContainerBalancerTask (ContainerBalancerTask.java:matchSourceWithTarget(701)) - ContainerBalancer could not find any candidate containers for datanode 5ecac306-ebeb-4012-9a00-f3c9d70cfbe7
2023-09-13 18:18:06,127 [main] DEBUG balancer.ContainerBalancerTask (ContainerBalancerTask.java:matchSourceWithTarget(701)) - ContainerBalancer could not find any candidate containers for datanode b6b58e72-7ccc-49c3-a215-0ae990f6d935
2023-09-13 18:18:06,127 [main] INFO  balancer.FindSourceGreedy (FindSourceGreedy.java:getNextCandidateSourceDataNode(126)) - no more candidate source data node
2023-09-13 18:18:06,127 [main] INFO  balancer.ContainerBalancerTask (ContainerBalancerTask.java:balance(259)) - Result of this iteration of Container Balancer: CAN_NOT_BALANCE_ANY_MORE
2023-09-13 18:18:06,127 [main] INFO  balancer.ContainerBalancerTask (ContainerBalancerTask.java:tryStopWithSaveConfiguration(308)) - Save Configuration for stopping. Reason: CAN_NOT_BALANCE_ANY_MORE
2023-09-13 18:18:06,128 [main] DEBUG balancer.ContainerBalancerTask (ContainerBalancerTask.java:initializeIteration(374)) - Average utilization of the cluster is 0.3438041352858299
2023-09-13 18:18:06,128 [main] DEBUG balancer.ContainerBalancerTask (ContainerBalancerTask.java:initializeIteration(386)) - Lower limit for utilization is 0.24380413528582992 and Upper limit for utilization is 0.44380413528582996
2023-09-13 18:18:06,128 [main] DEBUG balancer.ContainerBalancerTask (ContainerBalancerTask.java:initializeIteration(398)) - Utilization for node a8252aec-fdcb-4ee3-b571-727ad7c6673e with capacity 58459277084B, used 52613349376B, and remaining 5845927708B is 0.9000000000068423
2023-09-13 18:18:06,128 [main] DEBUG balancer.ContainerBalancerTask (ContainerBalancerTask.java:initializeIteration(398)) - Utilization for node 6577735a-59ac-4ab9-aba7-e182f76a7a1e with capacity 56371445760B, used 45097156608B, and remaining 11274289152B is 0.8
2023-09-13 18:18:06,128 [main] DEBUG balancer.ContainerBalancerTask (ContainerBalancerTask.java:initializeIteration(398)) - Utilization for node 63853d3d-d31c-48a7-91af-a2c5896980d8 with capacity 67492343222B, used 47244640256B, and remaining 20247702966B is 0.7000000000088898
2023-09-13 18:18:06,128 [main] DEBUG balancer.ContainerBalancerTask (ContainerBalancerTask.java:initializeIteration(398)) - Utilization for node 5ecac306-ebeb-4012-9a00-f3c9d70cfbe7 with capacity 66214079146B, used 39728447488B, and remaining 26485631658B is 0.600000000006041
2023-09-13 18:18:06,128 [main] DEBUG balancer.ContainerBalancerTask (ContainerBalancerTask.java:initializeIteration(398)) - Utilization for node b6b58e72-7ccc-49c3-a215-0ae990f6d935 with capacity 94489280512B, used 47244640256B, and remaining 47244640256B is 0.5
2023-09-13 18:18:06,128 [main] DEBUG balancer.ContainerBalancerTask (ContainerBalancerTask.java:initializeIteration(398)) - Utilization for node 062316ba-aa0a-4cab-98f0-c3c9a602daa8 with capacity 107374182400B, used 42949672960B, and remaining 64424509440B is 0.4
2023-09-13 18:18:06,128 [main] DEBUG balancer.ContainerBalancerTask (ContainerBalancerTask.java:initializeIteration(398)) - Utilization for node 3824c740-191d-4880-820d-1be71fc7a9ed with capacity 128849018880B, used 38654705664B, and remaining 90194313216B is 0.3
2023-09-13 18:18:06,128 [main] DEBUG balancer.ContainerBalancerTask (ContainerBalancerTask.java:initializeIteration(398)) - Utilization for node 67e25131-12ae-4d1b-ba31-6866fe263566 with capacity 289910292480B, used 57982058496B, and remaining 231928233984B is 0.2
2023-09-13 18:18:06,129 [main] DEBUG balancer.ContainerBalancerTask (ContainerBalancerTask.java:initializeIteration(398)) - Utilization for node e4f41f15-47f0-43e8-a773-3626e2a74ef6 with capacity 225485783040B, used 22548578304B, and remaining 202937204736B is 0.1
2023-09-13 18:18:06,129 [main] DEBUG balancer.ContainerBalancerTask (ContainerBalancerTask.java:initializeIteration(398)) - Utilization for node 4322dcfe-f3ad-4598-ab09-aa7bff8d0cb5 with capacity 51539607552B, used 0B, and remaining 51539607552B is 0.0
2023-09-13 18:18:06,129 [main] INFO  balancer.ContainerBalancerTask (ContainerBalancerTask.java:initializeIteration(447)) - Container Balancer has identified 5 Over-Utilized and 3 Under-Utilized Datanodes that need to be balanced.
2023-09-13 18:18:06,129 [main] DEBUG balancer.ContainerBalancerTask (ContainerBalancerTask.java:lambda$initializeIteration$1(453)) - Datanode localhost-246.159.118.26 a8252aec-fdcb-4ee3-b571-727ad7c6673e is Over-Utilized.
2023-09-13 18:18:06,129 [main] DEBUG balancer.ContainerBalancerTask (ContainerBalancerTask.java:lambda$initializeIteration$1(453)) - Datanode localhost-96.203.126.156 6577735a-59ac-4ab9-aba7-e182f76a7a1e is Over-Utilized.
2023-09-13 18:18:06,129 [main] DEBUG balancer.ContainerBalancerTask (ContainerBalancerTask.java:lambda$initializeIteration$1(453)) - Datanode localhost-141.91.204.118 63853d3d-d31c-48a7-91af-a2c5896980d8 is Over-Utilized.
2023-09-13 18:18:06,129 [main] DEBUG balancer.ContainerBalancerTask (ContainerBalancerTask.java:lambda$initializeIteration$1(453)) - Datanode localhost-114.99.133.94 5ecac306-ebeb-4012-9a00-f3c9d70cfbe7 is Over-Utilized.
2023-09-13 18:18:06,129 [main] DEBUG balancer.ContainerBalancerTask (ContainerBalancerTask.java:lambda$initializeIteration$1(453)) - Datanode localhost-35.120.211.188 b6b58e72-7ccc-49c3-a215-0ae990f6d935 is Over-Utilized.
2023-09-13 18:18:06,129 [main] DEBUG balancer.ContainerBalancerTask (ContainerBalancerTask.java:lambda$initializeIteration$2(459)) - Datanode localhost-202.166.21.50 4322dcfe-f3ad-4598-ab09-aa7bff8d0cb5 is Under-Utilized.
2023-09-13 18:18:06,129 [main] DEBUG balancer.ContainerBalancerTask (ContainerBalancerTask.java:lambda$initializeIteration$2(459)) - Datanode localhost-42.81.45.6 e4f41f15-47f0-43e8-a773-3626e2a74ef6 is Under-Utilized.
2023-09-13 18:18:06,129 [main] DEBUG balancer.ContainerBalancerTask (ContainerBalancerTask.java:lambda$initializeIteration$2(459)) - Datanode localhost-53.94.157.50 67e25131-12ae-4d1b-ba31-6866fe263566 is Under-Utilized.
2023-09-13 18:18:06,131 [main] DEBUG balancer.ContainerBalancerTask (ContainerBalancerTask.java:matchSourceWithTarget(708)) - ContainerBalancer is finding suitable target for source datanode a8252aec-fdcb-4ee3-b571-727ad7c6673e
2023-09-13 18:18:06,132 [main] INFO  balancer.ContainerBalancerTask (ContainerBalancerTask.java:matchSourceWithTarget(722)) - ContainerBalancer matched source datanode a8252aec-fdcb-4ee3-b571-727ad7c6673e with target datanode 4322dcfe-f3ad-4598-ab09-aa7bff8d0cb5 for container move.
2023-09-13 18:18:06,132 [main] INFO  balancer.ContainerBalancerTask (ContainerBalancerTask.java:processMoveSelection(569)) - ContainerBalancer is trying to move container #85 with size 5368709120B from source datanode a8252aec-fdcb-4ee3-b571-727ad7c6673e to target datanode 4322dcfe-f3ad-4598-ab09-aa7bff8d0cb5
2023-09-13 18:18:06,132 [main] DEBUG balancer.ContainerBalancerTask (ContainerBalancerTask.java:lambda$moveContainer$3(837)) - Container move completed for container #85 from source a8252aec-fdcb-4ee3-b571-727ad7c6673e to target 4322dcfe-f3ad-4598-ab09-aa7bff8d0cb5
2023-09-13 18:18:06,134 [main] DEBUG balancer.ContainerBalancerTask (ContainerBalancerTask.java:matchSourceWithTarget(708)) - ContainerBalancer is finding suitable target for source datanode a8252aec-fdcb-4ee3-b571-727ad7c6673e
2023-09-13 18:18:06,134 [main] INFO  balancer.ContainerBalancerTask (ContainerBalancerTask.java:matchSourceWithTarget(722)) - ContainerBalancer matched source datanode a8252aec-fdcb-4ee3-b571-727ad7c6673e with target datanode e4f41f15-47f0-43e8-a773-3626e2a74ef6 for container move.
2023-09-13 18:18:06,134 [main] INFO  balancer.ContainerBalancerTask (ContainerBalancerTask.java:processMoveSelection(569)) - ContainerBalancer is trying to move container #68 with size 5368709120B from source datanode a8252aec-fdcb-4ee3-b571-727ad7c6673e to target datanode e4f41f15-47f0-43e8-a773-3626e2a74ef6
2023-09-13 18:18:06,134 [main] DEBUG balancer.ContainerBalancerTask (ContainerBalancerTask.java:lambda$moveContainer$3(837)) - Container move completed for container #68 from source a8252aec-fdcb-4ee3-b571-727ad7c6673e to target e4f41f15-47f0-43e8-a773-3626e2a74ef6
2023-09-13 18:18:06,136 [main] DEBUG balancer.ContainerBalancerTask (ContainerBalancerTask.java:matchSourceWithTarget(708)) - ContainerBalancer is finding suitable target for source datanode 6577735a-59ac-4ab9-aba7-e182f76a7a1e
2023-09-13 18:18:06,136 [main] INFO  balancer.ContainerBalancerTask (ContainerBalancerTask.java:matchSourceWithTarget(722)) - ContainerBalancer matched source datanode 6577735a-59ac-4ab9-aba7-e182f76a7a1e with target datanode 4322dcfe-f3ad-4598-ab09-aa7bff8d0cb5 for container move.
2023-09-13 18:18:06,137 [main] INFO  balancer.ContainerBalancerTask (ContainerBalancerTask.java:processMoveSelection(569)) - ContainerBalancer is trying to move container #29 with size 5368709120B from source datanode 6577735a-59ac-4ab9-aba7-e182f76a7a1e to target datanode 4322dcfe-f3ad-4598-ab09-aa7bff8d0cb5
2023-09-13 18:18:06,137 [main] DEBUG balancer.ContainerBalancerTask (ContainerBalancerTask.java:lambda$moveContainer$3(837)) - Container move completed for container #29 from source 6577735a-59ac-4ab9-aba7-e182f76a7a1e to target 4322dcfe-f3ad-4598-ab09-aa7bff8d0cb5
2023-09-13 18:18:06,139 [main] DEBUG balancer.ContainerBalancerTask (ContainerBalancerTask.java:matchSourceWithTarget(708)) - ContainerBalancer is finding suitable target for source datanode a8252aec-fdcb-4ee3-b571-727ad7c6673e
2023-09-13 18:18:06,139 [main] INFO  balancer.ContainerBalancerTask (ContainerBalancerTask.java:matchSourceWithTarget(722)) - ContainerBalancer matched source datanode a8252aec-fdcb-4ee3-b571-727ad7c6673e with target datanode e4f41f15-47f0-43e8-a773-3626e2a74ef6 for container move.
2023-09-13 18:18:06,139 [main] INFO  balancer.ContainerBalancerTask (ContainerBalancerTask.java:processMoveSelection(569)) - ContainerBalancer is trying to move container #67 with size 4294967296B from source datanode a8252aec-fdcb-4ee3-b571-727ad7c6673e to target datanode e4f41f15-47f0-43e8-a773-3626e2a74ef6
2023-09-13 18:18:06,139 [main] DEBUG balancer.ContainerBalancerTask (ContainerBalancerTask.java:lambda$moveContainer$3(837)) - Container move completed for container #67 from source a8252aec-fdcb-4ee3-b571-727ad7c6673e to target e4f41f15-47f0-43e8-a773-3626e2a74ef6
2023-09-13 18:18:06,141 [main] DEBUG balancer.ContainerBalancerTask (ContainerBalancerTask.java:matchSourceWithTarget(708)) - ContainerBalancer is finding suitable target for source datanode 6577735a-59ac-4ab9-aba7-e182f76a7a1e
2023-09-13 18:18:06,141 [main] INFO  balancer.ContainerBalancerTask (ContainerBalancerTask.java:matchSourceWithTarget(722)) - ContainerBalancer matched source datanode 6577735a-59ac-4ab9-aba7-e182f76a7a1e with target datanode e4f41f15-47f0-43e8-a773-3626e2a74ef6 for container move.
2023-09-13 18:18:06,141 [main] INFO  balancer.ContainerBalancerTask (ContainerBalancerTask.java:processMoveSelection(569)) - ContainerBalancer is trying to move container #39 with size 4294967296B from source datanode 6577735a-59ac-4ab9-aba7-e182f76a7a1e to target datanode e4f41f15-47f0-43e8-a773-3626e2a74ef6
2023-09-13 18:18:06,142 [main] DEBUG balancer.ContainerBalancerTask (ContainerBalancerTask.java:lambda$moveContainer$3(837)) - Container move completed for container #39 from source 6577735a-59ac-4ab9-aba7-e182f76a7a1e to target e4f41f15-47f0-43e8-a773-3626e2a74ef6
2023-09-13 18:18:06,144 [main] DEBUG balancer.ContainerBalancerTask (ContainerBalancerTask.java:matchSourceWithTarget(708)) - ContainerBalancer is finding suitable target for source datanode 63853d3d-d31c-48a7-91af-a2c5896980d8
2023-09-13 18:18:06,144 [main] INFO  balancer.ContainerBalancerTask (ContainerBalancerTask.java:matchSourceWithTarget(722)) - ContainerBalancer matched source datanode 63853d3d-d31c-48a7-91af-a2c5896980d8 with target datanode e4f41f15-47f0-43e8-a773-3626e2a74ef6 for container move.
2023-09-13 18:18:06,144 [main] INFO  balancer.ContainerBalancerTask (ContainerBalancerTask.java:processMoveSelection(569)) - ContainerBalancer is trying to move container #53 with size 5368709120B from source datanode 63853d3d-d31c-48a7-91af-a2c5896980d8 to target datanode e4f41f15-47f0-43e8-a773-3626e2a74ef6
2023-09-13 18:18:06,144 [main] DEBUG balancer.ContainerBalancerTask (ContainerBalancerTask.java:lambda$moveContainer$3(837)) - Container move completed for container #53 from source 63853d3d-d31c-48a7-91af-a2c5896980d8 to target e4f41f15-47f0-43e8-a773-3626e2a74ef6
2023-09-13 18:18:06,146 [main] DEBUG balancer.ContainerBalancerTask (ContainerBalancerTask.java:matchSourceWithTarget(708)) - ContainerBalancer is finding suitable target for source datanode a8252aec-fdcb-4ee3-b571-727ad7c6673e
2023-09-13 18:18:06,147 [main] INFO  balancer.ContainerBalancerTask (ContainerBalancerTask.java:matchSourceWithTarget(722)) - ContainerBalancer matched source datanode a8252aec-fdcb-4ee3-b571-727ad7c6673e with target datanode e4f41f15-47f0-43e8-a773-3626e2a74ef6 for container move.
2023-09-13 18:18:06,147 [main] INFO  balancer.ContainerBalancerTask (ContainerBalancerTask.java:processMoveSelection(569)) - ContainerBalancer is trying to move container #88 with size 3221225472B from source datanode a8252aec-fdcb-4ee3-b571-727ad7c6673e to target datanode e4f41f15-47f0-43e8-a773-3626e2a74ef6
2023-09-13 18:18:06,147 [main] DEBUG balancer.ContainerBalancerTask (ContainerBalancerTask.java:lambda$moveContainer$3(837)) - Container move completed for container #88 from source a8252aec-fdcb-4ee3-b571-727ad7c6673e to target e4f41f15-47f0-43e8-a773-3626e2a74ef6
2023-09-13 18:18:06,149 [main] DEBUG balancer.ContainerBalancerTask (ContainerBalancerTask.java:matchSourceWithTarget(708)) - ContainerBalancer is finding suitable target for source datanode 6577735a-59ac-4ab9-aba7-e182f76a7a1e
2023-09-13 18:18:06,149 [main] INFO  balancer.ContainerBalancerTask (ContainerBalancerTask.java:matchSourceWithTarget(722)) - ContainerBalancer matched source datanode 6577735a-59ac-4ab9-aba7-e182f76a7a1e with target datanode e4f41f15-47f0-43e8-a773-3626e2a74ef6 for container move.
2023-09-13 18:18:06,149 [main] INFO  balancer.ContainerBalancerTask (ContainerBalancerTask.java:processMoveSelection(569)) - ContainerBalancer is trying to move container #28 with size 4294967296B from source datanode 6577735a-59ac-4ab9-aba7-e182f76a7a1e to target datanode e4f41f15-47f0-43e8-a773-3626e2a74ef6
2023-09-13 18:18:06,149 [main] DEBUG balancer.ContainerBalancerTask (ContainerBalancerTask.java:lambda$moveContainer$3(837)) - Container move completed for container #28 from source 6577735a-59ac-4ab9-aba7-e182f76a7a1e to target e4f41f15-47f0-43e8-a773-3626e2a74ef6
2023-09-13 18:18:06,152 [main] DEBUG balancer.ContainerBalancerTask (ContainerBalancerTask.java:matchSourceWithTarget(708)) - ContainerBalancer is finding suitable target for source datanode 63853d3d-d31c-48a7-91af-a2c5896980d8
2023-09-13 18:18:06,152 [main] INFO  balancer.ContainerBalancerTask (ContainerBalancerTask.java:matchSourceWithTarget(722)) - ContainerBalancer matched source datanode 63853d3d-d31c-48a7-91af-a2c5896980d8 with target datanode 67e25131-12ae-4d1b-ba31-6866fe263566 for container move.
2023-09-13 18:18:06,152 [main] INFO  balancer.ContainerBalancerTask (ContainerBalancerTask.java:processMoveSelection(569)) - ContainerBalancer is trying to move container #89 with size 4294967296B from source datanode 63853d3d-d31c-48a7-91af-a2c5896980d8 to target datanode 67e25131-12ae-4d1b-ba31-6866fe263566
2023-09-13 18:18:06,152 [main] DEBUG balancer.ContainerBalancerTask (ContainerBalancerTask.java:lambda$moveContainer$3(837)) - Container move completed for container #89 from source 63853d3d-d31c-48a7-91af-a2c5896980d8 to target 67e25131-12ae-4d1b-ba31-6866fe263566
2023-09-13 18:18:06,155 [main] DEBUG balancer.ContainerBalancerTask (ContainerBalancerTask.java:matchSourceWithTarget(708)) - ContainerBalancer is finding suitable target for source datanode 5ecac306-ebeb-4012-9a00-f3c9d70cfbe7
2023-09-13 18:18:06,155 [main] INFO  balancer.ContainerBalancerTask (ContainerBalancerTask.java:matchSourceWithTarget(722)) - ContainerBalancer matched source datanode 5ecac306-ebeb-4012-9a00-f3c9d70cfbe7 with target datanode 4322dcfe-f3ad-4598-ab09-aa7bff8d0cb5 for container move.
2023-09-13 18:18:06,155 [main] INFO  balancer.ContainerBalancerTask (ContainerBalancerTask.java:processMoveSelection(569)) - ContainerBalancer is trying to move container #40 with size 5368709120B from source datanode 5ecac306-ebeb-4012-9a00-f3c9d70cfbe7 to target datanode 4322dcfe-f3ad-4598-ab09-aa7bff8d0cb5
2023-09-13 18:18:06,155 [main] DEBUG balancer.ContainerBalancerTask (ContainerBalancerTask.java:lambda$moveContainer$3(837)) - Container move completed for container #40 from source 5ecac306-ebeb-4012-9a00-f3c9d70cfbe7 to target 4322dcfe-f3ad-4598-ab09-aa7bff8d0cb5
2023-09-13 18:18:06,158 [main] DEBUG balancer.ContainerBalancerTask (ContainerBalancerTask.java:matchSourceWithTarget(708)) - ContainerBalancer is finding suitable target for source datanode a8252aec-fdcb-4ee3-b571-727ad7c6673e
2023-09-13 18:18:06,158 [main] INFO  balancer.ContainerBalancerTask (ContainerBalancerTask.java:matchSourceWithTarget(722)) - ContainerBalancer matched source datanode a8252aec-fdcb-4ee3-b571-727ad7c6673e with target datanode 67e25131-12ae-4d1b-ba31-6866fe263566 for container move.
2023-09-13 18:18:06,158 [main] INFO  balancer.ContainerBalancerTask (ContainerBalancerTask.java:processMoveSelection(569)) - ContainerBalancer is trying to move container #84 with size 4294967296B from source datanode a8252aec-fdcb-4ee3-b571-727ad7c6673e to target datanode 67e25131-12ae-4d1b-ba31-6866fe263566
2023-09-13 18:18:06,158 [main] DEBUG balancer.ContainerBalancerTask (ContainerBalancerTask.java:lambda$moveContainer$3(837)) - Container move completed for container #84 from source a8252aec-fdcb-4ee3-b571-727ad7c6673e to target 67e25131-12ae-4d1b-ba31-6866fe263566
2023-09-13 18:18:06,161 [main] DEBUG balancer.ContainerBalancerTask (ContainerBalancerTask.java:matchSourceWithTarget(708)) - ContainerBalancer is finding suitable target for source datanode 63853d3d-d31c-48a7-91af-a2c5896980d8
2023-09-13 18:18:06,161 [main] INFO  balancer.ContainerBalancerTask (ContainerBalancerTask.java:matchSourceWithTarget(722)) - ContainerBalancer matched source datanode 63853d3d-d31c-48a7-91af-a2c5896980d8 with target datanode e4f41f15-47f0-43e8-a773-3626e2a74ef6 for container move.
2023-09-13 18:18:06,161 [main] INFO  balancer.ContainerBalancerTask (ContainerBalancerTask.java:processMoveSelection(569)) - ContainerBalancer is trying to move container #87 with size 2147483648B from source datanode 63853d3d-d31c-48a7-91af-a2c5896980d8 to target datanode e4f41f15-47f0-43e8-a773-3626e2a74ef6
2023-09-13 18:18:06,161 [main] DEBUG balancer.ContainerBalancerTask (ContainerBalancerTask.java:lambda$moveContainer$3(837)) - Container move completed for container #87 from source 63853d3d-d31c-48a7-91af-a2c5896980d8 to target e4f41f15-47f0-43e8-a773-3626e2a74ef6
2023-09-13 18:18:06,161 [main] WARN  balancer.ContainerBalancerTask (ContainerBalancerTask.java:reachedMaxSizeToMovePerIteration(733)) - Reached max size to move limit. 53687091200 bytes have already been scheduled for balancing and the limit is 53687091200 bytes.
2023-09-13 18:18:06,161 [main] INFO  balancer.ContainerBalancerTask (ContainerBalancerTask.java:checkIterationMoveResults(642)) - Iteration Summary. Number of Datanodes involved: 7. Size moved: 50 GB (53687091200 Bytes). Number of Container moves completed: 12.
2023-09-13 18:18:06,161 [main] INFO  balancer.ContainerBalancerTask (ContainerBalancerTask.java:balance(259)) - Result of this iteration of Container Balancer: ITERATION_COMPLETED
2023-09-13 18:18:06,162 [main] INFO  balancer.ContainerBalancerTask (ContainerBalancerTask.java:tryStopWithSaveConfiguration(308)) - Save Configuration for stopping. Reason: Completed all iterations.
]]></system-out>
  </testcase>
</testsuite>