<?xml version="1.0" encoding="UTF-8"?>
<testsuite xmlns:xsi="http://www.w3.org/2001/XMLSchema-instance" xsi:noNamespaceSchemaLocation="https://maven.apache.org/surefire/maven-surefire-plugin/xsd/surefire-test-report-3.0.xsd" version="3.0" name="org.apache.hadoop.ozone.client.rpc.TestContainerStateMachineStream" time="327.919" tests="2" errors="1" skipped="0" failures="0">
  <properties>
    <property name="awt.toolkit" value="sun.awt.X11.XToolkit"/>
    <property name="file.encoding.pkg" value="sun.io"/>
    <property name="java.specification.version" value="1.8"/>
    <property name="sun.cpu.isalist" value=""/>
    <property name="sun.jnu.encoding" value="UTF-8"/>
    <property name="java.class.path" value="/home/runner/work/ozone/ozone/hadoop-ozone/integration-test/target/test-classes:/home/runner/work/ozone/ozone/hadoop-ozone/integration-test/target/classes:/home/runner/.m2/repository/org/apache/ozone/ozone-common/1.4.0-SNAPSHOT/ozone-common-1.4.0-SNAPSHOT.jar:/home/runner/.m2/repository/io/grpc/grpc-netty/1.51.1/grpc-netty-1.51.1.jar:/home/runner/.m2/repository/io/grpc/grpc-core/1.51.1/grpc-core-1.51.1.jar:/home/runner/.m2/repository/com/google/android/annotations/4.1.1.4/annotations-4.1.1.4.jar:/home/runner/.m2/repository/org/codehaus/mojo/animal-sniffer-annotations/1.21/animal-sniffer-annotations-1.21.jar:/home/runner/.m2/repository/com/google/errorprone/error_prone_annotations/2.2.0/error_prone_annotations-2.2.0.jar:/home/runner/.m2/repository/io/perfmark/perfmark-api/0.25.0/perfmark-api-0.25.0.jar:/home/runner/.m2/repository/io/netty/netty-codec-http2/4.1.86.Final/netty-codec-http2-4.1.86.Final.jar:/home/runner/.m2/repository/io/netty/netty-common/4.1.86.Final/netty-common-4.1.86.Final.jar:/home/runner/.m2/repository/io/netty/netty-buffer/4.1.86.Final/netty-buffer-4.1.86.Final.jar:/home/runner/.m2/repository/io/netty/netty-codec-http/4.1.86.Final/netty-codec-http-4.1.86.Final.jar:/home/runner/.m2/repository/io/netty/netty-handler-proxy/4.1.86.Final/netty-handler-proxy-4.1.86.Final.jar:/home/runner/.m2/repository/io/netty/netty-codec-socks/4.1.86.Final/netty-codec-socks-4.1.86.Final.jar:/home/runner/.m2/repository/io/netty/netty-tcnative-boringssl-static/2.0.54.Final/netty-tcnative-boringssl-static-2.0.54.Final.jar:/home/runner/.m2/repository/io/netty/netty-tcnative-classes/2.0.54.Final/netty-tcnative-classes-2.0.54.Final.jar:/home/runner/.m2/repository/io/netty/netty-tcnative-boringssl-static/2.0.54.Final/netty-tcnative-boringssl-static-2.0.54.Final-linux-x86_64.jar:/home/runner/.m2/repository/io/netty/netty-tcnative-boringssl-static/2.0.54.Final/netty-tcnative-boringssl-static-2.0.54.Final-linux-aarch_64.jar:/home/runner/.m2/repository/io/netty/netty-tcnative-boringssl-static/2.0.54.Final/netty-tcnative-boringssl-static-2.0.54.Final-osx-x86_64.jar:/home/runner/.m2/repository/io/netty/netty-tcnative-boringssl-static/2.0.54.Final/netty-tcnative-boringssl-static-2.0.54.Final-osx-aarch_64.jar:/home/runner/.m2/repository/io/netty/netty-tcnative-boringssl-static/2.0.54.Final/netty-tcnative-boringssl-static-2.0.54.Final-windows-x86_64.jar:/home/runner/.m2/repository/org/apache/commons/commons-compress/1.21/commons-compress-1.21.jar:/home/runner/.m2/repository/org/apache/ozone/hdds-common/1.4.0-SNAPSHOT/hdds-common-1.4.0-SNAPSHOT.jar:/home/runner/.m2/repository/org/apache/ozone/hdds-client/1.4.0-SNAPSHOT/hdds-client-1.4.0-SNAPSHOT.jar:/home/runner/.m2/repository/org/apache/ozone/ozone-interface-client/1.4.0-SNAPSHOT/ozone-interface-client-1.4.0-SNAPSHOT.jar:/home/runner/.m2/repository/org/apache/ozone/hdds-test-utils/1.4.0-SNAPSHOT/hdds-test-utils-1.4.0-SNAPSHOT.jar:/home/runner/.m2/repository/com/google/guava/guava/31.1-jre/guava-31.1-jre.jar:/home/runner/.m2/repository/com/google/guava/failureaccess/1.0.1/failureaccess-1.0.1.jar:/home/runner/.m2/repository/com/google/guava/listenablefuture/9999.0-empty-to-avoid-conflict-with-guava/listenablefuture-9999.0-empty-to-avoid-conflict-with-guava.jar:/home/runner/.m2/repository/com/google/code/findbugs/jsr305/3.0.0/jsr305-3.0.0.jar:/home/runner/.m2/repository/org/checkerframework/checker-qual/3.12.0/checker-qual-3.12.0.jar:/home/runner/.m2/repository/com/google/j2objc/j2objc-annotations/1.3/j2objc-annotations-1.3.jar:/home/runner/.m2/repository/commons-io/commons-io/2.11.0/commons-io-2.11.0.jar:/home/runner/.m2/repository/commons-logging/commons-logging/1.2/commons-logging-1.2.jar:/home/runner/.m2/repository/ch/qos/reload4j/reload4j/1.2.22/reload4j-1.2.22.jar:/home/runner/.m2/repository/org/slf4j/slf4j-api/1.7.36/slf4j-api-1.7.36.jar:/home/runner/.m2/repository/org/apache/ozone/hdds-server-scm/1.4.0-SNAPSHOT/hdds-server-scm-1.4.0-SNAPSHOT.jar:/home/runner/.m2/repository/org/apache/ozone/hdds-container-service/1.4.0-SNAPSHOT/hdds-container-service-1.4.0-SNAPSHOT.jar:/home/runner/.m2/repository/org/apache/ozone/hdds-hadoop-dependency-server/1.4.0-SNAPSHOT/hdds-hadoop-dependency-server-1.4.0-SNAPSHOT.jar:/home/runner/.m2/repository/org/apache/hadoop/hadoop-hdfs/3.3.5/hadoop-hdfs-3.3.5.jar:/home/runner/.m2/repository/commons-daemon/commons-daemon/1.0.13/commons-daemon-1.0.13.jar:/home/runner/.m2/repository/org/apache/ozone/hdds-server-framework/1.4.0-SNAPSHOT/hdds-server-framework-1.4.0-SNAPSHOT.jar:/home/runner/.m2/repository/io/dropwizard/metrics/metrics-core/3.2.4/metrics-core-3.2.4.jar:/home/runner/.m2/repository/org/apache/commons/commons-text/1.4/commons-text-1.4.jar:/home/runner/.m2/repository/org/apache/hadoop/hadoop-hdfs-client/3.3.5/hadoop-hdfs-client-3.3.5.jar:/home/runner/.m2/repository/com/squareup/okhttp3/okhttp/4.9.3/okhttp-4.9.3.jar:/home/runner/.m2/repository/com/squareup/okio/okio/2.8.0/okio-2.8.0.jar:/home/runner/.m2/repository/org/jetbrains/kotlin/kotlin-stdlib-common/1.6.21/kotlin-stdlib-common-1.6.21.jar:/home/runner/.m2/repository/org/bouncycastle/bcprov-jdk15on/1.67/bcprov-jdk15on-1.67.jar:/home/runner/.m2/repository/com/google/protobuf/protobuf-java/2.5.0/protobuf-java-2.5.0.jar:/home/runner/.m2/repository/org/apache/ozone/hdds-server-framework/1.4.0-SNAPSHOT/hdds-server-framework-1.4.0-SNAPSHOT-tests.jar:/home/runner/.m2/repository/org/apache/ozone/hdds-interface-server/1.4.0-SNAPSHOT/hdds-interface-server-1.4.0-SNAPSHOT.jar:/home/runner/.m2/repository/org/apache/ozone/hdds-interface-admin/1.4.0-SNAPSHOT/hdds-interface-admin-1.4.0-SNAPSHOT.jar:/home/runner/.m2/repository/org/apache/ozone/hdds-managed-rocksdb/1.4.0-SNAPSHOT/hdds-managed-rocksdb-1.4.0-SNAPSHOT.jar:/home/runner/.m2/repository/org/rocksdb/rocksdbjni/7.7.3/rocksdbjni-7.7.3.jar:/home/runner/.m2/repository/org/slf4j/slf4j-reload4j/1.7.36/slf4j-reload4j-1.7.36.jar:/home/runner/.m2/repository/org/apache/commons/commons-configuration2/2.1.1/commons-configuration2-2.1.1.jar:/home/runner/.m2/repository/org/apache/logging/log4j/log4j-core/2.17.1/log4j-core-2.17.1.jar:/home/runner/.m2/repository/com/lmax/disruptor/3.4.2/disruptor-3.4.2.jar:/home/runner/.m2/repository/org/eclipse/jetty/jetty-util/9.4.49.v20220914/jetty-util-9.4.49.v20220914.jar:/home/runner/.m2/repository/org/eclipse/jetty/jetty-server/9.4.49.v20220914/jetty-server-9.4.49.v20220914.jar:/home/runner/.m2/repository/org/eclipse/jetty/jetty-http/9.4.49.v20220914/jetty-http-9.4.49.v20220914.jar:/home/runner/.m2/repository/org/eclipse/jetty/jetty-io/9.4.49.v20220914/jetty-io-9.4.49.v20220914.jar:/home/runner/.m2/repository/org/eclipse/jetty/jetty-servlet/9.4.49.v20220914/jetty-servlet-9.4.49.v20220914.jar:/home/runner/.m2/repository/org/eclipse/jetty/jetty-security/9.4.49.v20220914/jetty-security-9.4.49.v20220914.jar:/home/runner/.m2/repository/org/eclipse/jetty/jetty-util-ajax/9.4.49.v20220914/jetty-util-ajax-9.4.49.v20220914.jar:/home/runner/.m2/repository/org/eclipse/jetty/jetty-webapp/9.4.49.v20220914/jetty-webapp-9.4.49.v20220914.jar:/home/runner/.m2/repository/org/eclipse/jetty/jetty-xml/9.4.49.v20220914/jetty-xml-9.4.49.v20220914.jar:/home/runner/.m2/repository/org/apache/ratis/ratis-server/2.4.2-8b8bdda-SNAPSHOT/ratis-server-2.4.2-8b8bdda-SNAPSHOT.jar:/home/runner/.m2/repository/org/apache/ratis/ratis-thirdparty-misc/1.0.3/ratis-thirdparty-misc-1.0.3.jar:/home/runner/.m2/repository/org/apache/ratis/ratis-proto/2.4.2-8b8bdda-SNAPSHOT/ratis-proto-2.4.2-8b8bdda-SNAPSHOT.jar:/home/runner/.m2/repository/org/apache/ratis/ratis-common/2.4.2-8b8bdda-SNAPSHOT/ratis-common-2.4.2-8b8bdda-SNAPSHOT.jar:/home/runner/.m2/repository/org/apache/ratis/ratis-client/2.4.2-8b8bdda-SNAPSHOT/ratis-client-2.4.2-8b8bdda-SNAPSHOT.jar:/home/runner/.m2/repository/org/apache/ratis/ratis-server-api/2.4.2-8b8bdda-SNAPSHOT/ratis-server-api-2.4.2-8b8bdda-SNAPSHOT.jar:/home/runner/.m2/repository/org/apache/ratis/ratis-metrics/2.4.2-8b8bdda-SNAPSHOT/ratis-metrics-2.4.2-8b8bdda-SNAPSHOT.jar:/home/runner/.m2/repository/io/prometheus/simpleclient_dropwizard/0.7.0/simpleclient_dropwizard-0.7.0.jar:/home/runner/.m2/repository/io/prometheus/simpleclient/0.7.0/simpleclient-0.7.0.jar:/home/runner/.m2/repository/io/prometheus/simpleclient_common/0.7.0/simpleclient_common-0.7.0.jar:/home/runner/.m2/repository/com/fasterxml/jackson/datatype/jackson-datatype-jsr310/2.13.4/jackson-datatype-jsr310-2.13.4.jar:/home/runner/.m2/repository/com/fasterxml/jackson/core/jackson-core/2.13.4/jackson-core-2.13.4.jar:/home/runner/.m2/repository/com/github/spotbugs/spotbugs-annotations/3.1.12/spotbugs-annotations-3.1.12.jar:/home/runner/.m2/repository/org/apache/ozone/rocksdb-checkpoint-differ/1.4.0-SNAPSHOT/rocksdb-checkpoint-differ-1.4.0-SNAPSHOT.jar:/home/runner/.m2/repository/org/awaitility/awaitility/4.2.0/awaitility-4.2.0.jar:/home/runner/.m2/repository/org/hamcrest/hamcrest/2.1/hamcrest-2.1.jar:/home/runner/.m2/repository/org/apache/ozone/ozone-manager/1.4.0-SNAPSHOT/ozone-manager-1.4.0-SNAPSHOT.jar:/home/runner/.m2/repository/org/aspectj/aspectjrt/1.9.7/aspectjrt-1.9.7.jar:/home/runner/.m2/repository/org/aspectj/aspectjweaver/1.9.7/aspectjweaver-1.9.7.jar:/home/runner/.m2/repository/org/apache/ozone/hdds-interface-client/1.4.0-SNAPSHOT/hdds-interface-client-1.4.0-SNAPSHOT.jar:/home/runner/.m2/repository/org/apache/hadoop/thirdparty/hadoop-shaded-protobuf_3_7/1.1.1/hadoop-shaded-protobuf_3_7-1.1.1.jar:/home/runner/.m2/repository/org/apache/ozone/ozone-interface-storage/1.4.0-SNAPSHOT/ozone-interface-storage-1.4.0-SNAPSHOT.jar:/home/runner/.m2/repository/org/reflections/reflections/0.9.11/reflections-0.9.11.jar:/home/runner/.m2/repository/com/sun/jersey/jersey-client/1.19/jersey-client-1.19.jar:/home/runner/.m2/repository/org/codehaus/jackson/jackson-core-asl/1.9.13/jackson-core-asl-1.9.13.jar:/home/runner/.m2/repository/org/codehaus/jackson/jackson-mapper-asl/1.9.13/jackson-mapper-asl-1.9.13.jar:/home/runner/.m2/repository/org/codehaus/jackson/jackson-jaxrs/1.9.13/jackson-jaxrs-1.9.13.jar:/home/runner/.m2/repository/org/apache/ranger/ranger-intg/2.3.0/ranger-intg-2.3.0.jar:/home/runner/.m2/repository/org/apache/ranger/ranger-plugins-common/2.3.0/ranger-plugins-common-2.3.0.jar:/home/runner/.m2/repository/commons-lang/commons-lang/2.6/commons-lang-2.6.jar:/home/runner/.m2/repository/org/apache/ranger/ranger-plugins-cred/2.3.0/ranger-plugins-cred-2.3.0.jar:/home/runner/.m2/repository/org/apache/ranger/ranger-plugins-audit/2.3.0/ranger-plugins-audit-2.3.0.jar:/home/runner/.m2/repository/org/eclipse/jetty/jetty-client/9.4.49.v20220914/jetty-client-9.4.49.v20220914.jar:/home/runner/.m2/repository/org/apache/httpcomponents/httpmime/4.5.6/httpmime-4.5.6.jar:/home/runner/.m2/repository/org/apache/httpcomponents/httpcore-nio/4.4.13/httpcore-nio-4.4.13.jar:/home/runner/.m2/repository/org/apache/httpcomponents/httpasyncclient/4.1.3/httpasyncclient-4.1.3.jar:/home/runner/.m2/repository/com/carrotsearch/hppc/0.8.0/hppc-0.8.0.jar:/home/runner/.m2/repository/org/apache/orc/orc-core/1.5.8/orc-core-1.5.8.jar:/home/runner/.m2/repository/net/java/dev/jna/jna/5.2.0/jna-5.2.0.jar:/home/runner/.m2/repository/net/java/dev/jna/jna-platform/5.2.0/jna-platform-5.2.0.jar:/home/runner/.m2/repository/com/kstruct/gethostname4j/0.0.2/gethostname4j-0.0.2.jar:/home/runner/.m2/repository/org/apache/ranger/ranger-plugin-classloader/2.3.0/ranger-plugin-classloader-2.3.0.jar:/home/runner/.m2/repository/org/apache/hadoop/hadoop-minikdc/3.3.5/hadoop-minikdc-3.3.5.jar:/home/runner/.m2/repository/org/apache/kerby/kerb-simplekdc/1.0.1/kerb-simplekdc-1.0.1.jar:/home/runner/.m2/repository/org/apache/kerby/kerb-client/1.0.1/kerb-client-1.0.1.jar:/home/runner/.m2/repository/org/apache/kerby/kerby-config/1.0.1/kerby-config-1.0.1.jar:/home/runner/.m2/repository/org/apache/kerby/kerb-common/1.0.1/kerb-common-1.0.1.jar:/home/runner/.m2/repository/org/apache/kerby/kerb-crypto/1.0.1/kerb-crypto-1.0.1.jar:/home/runner/.m2/repository/org/apache/kerby/kerb-util/1.0.1/kerb-util-1.0.1.jar:/home/runner/.m2/repository/org/apache/kerby/token-provider/1.0.1/token-provider-1.0.1.jar:/home/runner/.m2/repository/org/apache/kerby/kerb-admin/1.0.1/kerb-admin-1.0.1.jar:/home/runner/.m2/repository/org/apache/kerby/kerb-server/1.0.1/kerb-server-1.0.1.jar:/home/runner/.m2/repository/org/apache/kerby/kerb-identity/1.0.1/kerb-identity-1.0.1.jar:/home/runner/.m2/repository/org/apache/kerby/kerby-xdr/1.0.1/kerby-xdr-1.0.1.jar:/home/runner/.m2/repository/org/apache/ozone/ozone-s3gateway/1.4.0-SNAPSHOT/ozone-s3gateway-1.4.0-SNAPSHOT.jar:/home/runner/.m2/repository/org/javassist/javassist/3.21.0-GA/javassist-3.21.0-GA.jar:/home/runner/.m2/repository/org/jboss/weld/servlet/weld-servlet-shaded/3.1.9.Final/weld-servlet-shaded-3.1.9.Final.jar:/home/runner/.m2/repository/org/glassfish/jersey/containers/jersey-container-servlet-core/2.34/jersey-container-servlet-core-2.34.jar:/home/runner/.m2/repository/org/glassfish/hk2/external/jakarta.inject/2.6.1/jakarta.inject-2.6.1.jar:/home/runner/.m2/repository/org/glassfish/jersey/core/jersey-common/2.34/jersey-common-2.34.jar:/home/runner/.m2/repository/jakarta/ws/rs/jakarta.ws.rs-api/2.1.6/jakarta.ws.rs-api-2.1.6.jar:/home/runner/.m2/repository/org/glassfish/jersey/ext/cdi/jersey-cdi1x/2.34/jersey-cdi1x-2.34.jar:/home/runner/.m2/repository/org/glassfish/jersey/inject/jersey-hk2/2.34/jersey-hk2-2.34.jar:/home/runner/.m2/repository/org/glassfish/hk2/hk2-locator/2.6.1/hk2-locator-2.6.1.jar:/home/runner/.m2/repository/org/glassfish/jersey/media/jersey-media-jaxb/2.34/jersey-media-jaxb-2.34.jar:/home/runner/.m2/repository/org/glassfish/hk2/osgi-resource-locator/1.0.3/osgi-resource-locator-1.0.3.jar:/home/runner/.m2/repository/org/glassfish/hk2/hk2-api/2.5.0/hk2-api-2.5.0.jar:/home/runner/.m2/repository/org/glassfish/hk2/hk2-utils/2.5.0/hk2-utils-2.5.0.jar:/home/runner/.m2/repository/org/glassfish/hk2/external/aopalliance-repackaged/2.5.0/aopalliance-repackaged-2.5.0.jar:/home/runner/.m2/repository/com/fasterxml/jackson/dataformat/jackson-dataformat-xml/2.13.4/jackson-dataformat-xml-2.13.4.jar:/home/runner/.m2/repository/org/codehaus/woodstox/stax2-api/4.2.1/stax2-api-4.2.1.jar:/home/runner/.m2/repository/com/fasterxml/woodstox/woodstox-core/5.4.0/woodstox-core-5.4.0.jar:/home/runner/.m2/repository/com/fasterxml/jackson/module/jackson-module-jaxb-annotations/2.13.4/jackson-module-jaxb-annotations-2.13.4.jar:/home/runner/.m2/repository/jakarta/xml/bind/jakarta.xml.bind-api/2.3.3/jakarta.xml.bind-api-2.3.3.jar:/home/runner/.m2/repository/jakarta/activation/jakarta.activation-api/1.2.2/jakarta.activation-api-1.2.2.jar:/home/runner/.m2/repository/javax/enterprise/cdi-api/2.0/cdi-api-2.0.jar:/home/runner/.m2/repository/javax/el/javax.el-api/3.0.0/javax.el-api-3.0.0.jar:/home/runner/.m2/repository/javax/interceptor/javax.interceptor-api/1.2/javax.interceptor-api-1.2.jar:/home/runner/.m2/repository/javax/inject/javax.inject/1/javax.inject-1.jar:/home/runner/.m2/repository/javax/xml/bind/jaxb-api/2.3.0/jaxb-api-2.3.0.jar:/home/runner/.m2/repository/org/glassfish/jaxb/jaxb-runtime/2.3.0.1/jaxb-runtime-2.3.0.1.jar:/home/runner/.m2/repository/org/glassfish/jaxb/jaxb-core/2.3.0.1/jaxb-core-2.3.0.1.jar:/home/runner/.m2/repository/org/glassfish/jaxb/txw2/2.3.0.1/txw2-2.3.0.1.jar:/home/runner/.m2/repository/com/sun/istack/istack-commons-runtime/3.0.5/istack-commons-runtime-3.0.5.jar:/home/runner/.m2/repository/org/jvnet/staxex/stax-ex/1.7.8/stax-ex-1.7.8.jar:/home/runner/.m2/repository/com/sun/xml/fastinfoset/FastInfoset/1.2.13/FastInfoset-1.2.13.jar:/home/runner/.m2/repository/javax/activation/activation/1.1.1/activation-1.1.1.jar:/home/runner/.m2/repository/io/grpc/grpc-protobuf/1.51.1/grpc-protobuf-1.51.1.jar:/home/runner/.m2/repository/io/grpc/grpc-api/1.51.1/grpc-api-1.51.1.jar:/home/runner/.m2/repository/io/grpc/grpc-context/1.51.1/grpc-context-1.51.1.jar:/home/runner/.m2/repository/com/google/api/grpc/proto-google-common-protos/2.9.0/proto-google-common-protos-2.9.0.jar:/home/runner/.m2/repository/io/grpc/grpc-protobuf-lite/1.51.1/grpc-protobuf-lite-1.51.1.jar:/home/runner/.m2/repository/io/grpc/grpc-stub/1.51.1/grpc-stub-1.51.1.jar:/home/runner/.m2/repository/io/netty/netty-transport/4.1.86.Final/netty-transport-4.1.86.Final.jar:/home/runner/.m2/repository/io/netty/netty-resolver/4.1.86.Final/netty-resolver-4.1.86.Final.jar:/home/runner/.m2/repository/org/apache/ozone/ozone-csi/1.4.0-SNAPSHOT/ozone-csi-1.4.0-SNAPSHOT.jar:/home/runner/.m2/repository/com/google/protobuf/protobuf-java-util/3.19.6/protobuf-java-util-3.19.6.jar:/home/runner/.m2/repository/com/google/code/gson/gson/2.9.0/gson-2.9.0.jar:/home/runner/.m2/repository/org/apache/ozone/hdds-config/1.4.0-SNAPSHOT/hdds-config-1.4.0-SNAPSHOT.jar:/home/runner/.m2/repository/io/netty/netty-transport-native-epoll/4.1.86.Final/netty-transport-native-epoll-4.1.86.Final-linux-x86_64.jar:/home/runner/.m2/repository/io/netty/netty-transport-classes-epoll/4.1.86.Final/netty-transport-classes-epoll-4.1.86.Final.jar:/home/runner/.m2/repository/io/netty/netty-transport-native-unix-common/4.1.86.Final/netty-transport-native-unix-common-4.1.86.Final.jar:/home/runner/.m2/repository/org/apache/ozone/ozone-recon/1.4.0-SNAPSHOT/ozone-recon-1.4.0-SNAPSHOT.jar:/home/runner/.m2/repository/org/apache/ozone/ozone-reconcodegen/1.4.0-SNAPSHOT/ozone-reconcodegen-1.4.0-SNAPSHOT.jar:/home/runner/.m2/repository/com/google/inject/guice/5.1.0/guice-5.1.0.jar:/home/runner/.m2/repository/aopalliance/aopalliance/1.0/aopalliance-1.0.jar:/home/runner/.m2/repository/com/google/inject/extensions/guice-assistedinject/5.1.0/guice-assistedinject-5.1.0.jar:/home/runner/.m2/repository/com/google/inject/extensions/guice-servlet/5.1.0/guice-servlet-5.1.0.jar:/home/runner/.m2/repository/org/glassfish/jersey/containers/jersey-container-servlet/2.34/jersey-container-servlet-2.34.jar:/home/runner/.m2/repository/org/glassfish/hk2/guice-bridge/2.5.0/guice-bridge-2.5.0.jar:/home/runner/.m2/repository/org/glassfish/jersey/core/jersey-server/2.34/jersey-server-2.34.jar:/home/runner/.m2/repository/org/glassfish/jersey/core/jersey-client/2.34/jersey-client-2.34.jar:/home/runner/.m2/repository/jakarta/annotation/jakarta.annotation-api/1.3.5/jakarta.annotation-api-1.3.5.jar:/home/runner/.m2/repository/jakarta/validation/jakarta.validation-api/2.0.2/jakarta.validation-api-2.0.2.jar:/home/runner/.m2/repository/org/glassfish/jersey/media/jersey-media-json-jackson/2.34/jersey-media-json-jackson-2.34.jar:/home/runner/.m2/repository/org/glassfish/jersey/ext/jersey-entity-filtering/2.34/jersey-entity-filtering-2.34.jar:/home/runner/.m2/repository/org/jooq/jooq/3.11.10/jooq-3.11.10.jar:/home/runner/.m2/repository/org/jooq/jooq-meta/3.11.10/jooq-meta-3.11.10.jar:/home/runner/.m2/repository/org/jooq/jooq-codegen/3.11.10/jooq-codegen-3.11.10.jar:/home/runner/.m2/repository/com/jolbox/bonecp/0.8.0.RELEASE/bonecp-0.8.0.RELEASE.jar:/home/runner/.m2/repository/org/apache/derby/derby/10.14.2.0/derby-10.14.2.0.jar:/home/runner/.m2/repository/org/xerial/sqlite-jdbc/3.25.2/sqlite-jdbc-3.25.2.jar:/home/runner/.m2/repository/org/springframework/spring-jdbc/5.3.23/spring-jdbc-5.3.23.jar:/home/runner/.m2/repository/org/springframework/spring-beans/5.3.23/spring-beans-5.3.23.jar:/home/runner/.m2/repository/org/springframework/spring-core/5.3.23/spring-core-5.3.23.jar:/home/runner/.m2/repository/org/springframework/spring-jcl/5.3.23/spring-jcl-5.3.23.jar:/home/runner/.m2/repository/org/springframework/spring-tx/5.3.23/spring-tx-5.3.23.jar:/home/runner/.m2/repository/org/apache/ozone/ozone-client/1.4.0-SNAPSHOT/ozone-client-1.4.0-SNAPSHOT.jar:/home/runner/.m2/repository/org/apache/ozone/hdds-erasurecode/1.4.0-SNAPSHOT/hdds-erasurecode-1.4.0-SNAPSHOT.jar:/home/runner/.m2/repository/org/apache/ozone/ozone-filesystem/1.4.0-SNAPSHOT/ozone-filesystem-1.4.0-SNAPSHOT.jar:/home/runner/.m2/repository/org/apache/ozone/ozone-filesystem-common/1.4.0-SNAPSHOT/ozone-filesystem-common-1.4.0-SNAPSHOT.jar:/home/runner/.m2/repository/org/apache/ozone/ozone-tools/1.4.0-SNAPSHOT/ozone-tools-1.4.0-SNAPSHOT.jar:/home/runner/.m2/repository/com/amazonaws/aws-java-sdk-core/1.12.261/aws-java-sdk-core-1.12.261.jar:/home/runner/.m2/repository/org/apache/httpcomponents/httpclient/4.5.13/httpclient-4.5.13.jar:/home/runner/.m2/repository/org/apache/httpcomponents/httpcore/4.4.13/httpcore-4.4.13.jar:/home/runner/.m2/repository/software/amazon/ion/ion-java/1.0.2/ion-java-1.0.2.jar:/home/runner/.m2/repository/com/fasterxml/jackson/dataformat/jackson-dataformat-cbor/2.13.4/jackson-dataformat-cbor-2.13.4.jar:/home/runner/.m2/repository/joda-time/joda-time/2.10.6/joda-time-2.10.6.jar:/home/runner/.m2/repository/com/amazonaws/aws-java-sdk-s3/1.12.261/aws-java-sdk-s3-1.12.261.jar:/home/runner/.m2/repository/com/amazonaws/aws-java-sdk-kms/1.12.261/aws-java-sdk-kms-1.12.261.jar:/home/runner/.m2/repository/com/amazonaws/jmespath-java/1.12.261/jmespath-java-1.12.261.jar:/home/runner/.m2/repository/org/kohsuke/metainf-services/metainf-services/1.8/metainf-services-1.8.jar:/home/runner/.m2/repository/org/apache/ozone/hdds-tools/1.4.0-SNAPSHOT/hdds-tools-1.4.0-SNAPSHOT.jar:/home/runner/.m2/repository/org/apache/ratis/ratis-tools/2.4.2-8b8bdda-SNAPSHOT/ratis-tools-2.4.2-8b8bdda-SNAPSHOT.jar:/home/runner/.m2/repository/commons-cli/commons-cli/1.2/commons-cli-1.2.jar:/home/runner/.m2/repository/org/apache/commons/commons-lang3/3.7/commons-lang3-3.7.jar:/home/runner/.m2/repository/org/apache/ozone/ozone-manager/1.4.0-SNAPSHOT/ozone-manager-1.4.0-SNAPSHOT-tests.jar:/home/runner/.m2/repository/org/apache/ozone/hdds-common/1.4.0-SNAPSHOT/hdds-common-1.4.0-SNAPSHOT-tests.jar:/home/runner/.m2/repository/org/apache/ozone/hdds-hadoop-dependency-client/1.4.0-SNAPSHOT/hdds-hadoop-dependency-client-1.4.0-SNAPSHOT.jar:/home/runner/.m2/repository/info/picocli/picocli/4.6.1/picocli-4.6.1.jar:/home/runner/.m2/repository/com/fasterxml/jackson/core/jackson-annotations/2.13.4/jackson-annotations-2.13.4.jar:/home/runner/.m2/repository/org/apache/ozone/hdds-annotation-processing/1.4.0-SNAPSHOT/hdds-annotation-processing-1.4.0-SNAPSHOT.jar:/home/runner/.m2/repository/javax/annotation/javax.annotation-api/1.2/javax.annotation-api-1.2.jar:/home/runner/.m2/repository/org/apache/ratis/ratis-netty/2.4.2-8b8bdda-SNAPSHOT/ratis-netty-2.4.2-8b8bdda-SNAPSHOT.jar:/home/runner/.m2/repository/org/apache/ratis/ratis-grpc/2.4.2-8b8bdda-SNAPSHOT/ratis-grpc-2.4.2-8b8bdda-SNAPSHOT.jar:/home/runner/.m2/repository/org/apache/logging/log4j/log4j-api/2.17.1/log4j-api-2.17.1.jar:/home/runner/.m2/repository/org/apache/commons/commons-pool2/2.6.0/commons-pool2-2.6.0.jar:/home/runner/.m2/repository/org/bouncycastle/bcpkix-jdk15on/1.67/bcpkix-jdk15on-1.67.jar:/home/runner/.m2/repository/commons-validator/commons-validator/1.6/commons-validator-1.6.jar:/home/runner/.m2/repository/commons-beanutils/commons-beanutils/1.9.4/commons-beanutils-1.9.4.jar:/home/runner/.m2/repository/commons-digester/commons-digester/1.8.1/commons-digester-1.8.1.jar:/home/runner/.m2/repository/commons-collections/commons-collections/3.2.2/commons-collections-3.2.2.jar:/home/runner/.m2/repository/io/jaegertracing/jaeger-client/1.6.0/jaeger-client-1.6.0.jar:/home/runner/.m2/repository/io/jaegertracing/jaeger-thrift/1.6.0/jaeger-thrift-1.6.0.jar:/home/runner/.m2/repository/org/apache/thrift/libthrift/0.14.1/libthrift-0.14.1.jar:/home/runner/.m2/repository/io/jaegertracing/jaeger-core/1.6.0/jaeger-core-1.6.0.jar:/home/runner/.m2/repository/io/jaegertracing/jaeger-tracerresolver/1.6.0/jaeger-tracerresolver-1.6.0.jar:/home/runner/.m2/repository/io/opentracing/contrib/opentracing-tracerresolver/0.1.8/opentracing-tracerresolver-0.1.8.jar:/home/runner/.m2/repository/org/jetbrains/kotlin/kotlin-stdlib/1.6.21/kotlin-stdlib-1.6.21.jar:/home/runner/.m2/repository/org/jetbrains/annotations/13.0/annotations-13.0.jar:/home/runner/.m2/repository/io/opentracing/opentracing-util/0.33.0/opentracing-util-0.33.0.jar:/home/runner/.m2/repository/io/opentracing/opentracing-api/0.33.0/opentracing-api-0.33.0.jar:/home/runner/.m2/repository/io/opentracing/opentracing-noop/0.33.0/opentracing-noop-0.33.0.jar:/home/runner/.m2/repository/org/yaml/snakeyaml/2.0/snakeyaml-2.0.jar:/home/runner/.m2/repository/junit/junit/4.13.1/junit-4.13.1.jar:/home/runner/.m2/repository/org/hamcrest/hamcrest-core/1.3/hamcrest-core-1.3.jar:/home/runner/.m2/repository/org/junit/jupiter/junit-jupiter-api/5.8.2/junit-jupiter-api-5.8.2.jar:/home/runner/.m2/repository/org/opentest4j/opentest4j/1.2.0/opentest4j-1.2.0.jar:/home/runner/.m2/repository/org/junit/platform/junit-platform-commons/1.8.2/junit-platform-commons-1.8.2.jar:/home/runner/.m2/repository/org/apiguardian/apiguardian-api/1.1.2/apiguardian-api-1.1.2.jar:/home/runner/.m2/repository/org/junit/jupiter/junit-jupiter-params/5.8.2/junit-jupiter-params-5.8.2.jar:/home/runner/.m2/repository/org/junit/jupiter/junit-jupiter-migrationsupport/5.8.2/junit-jupiter-migrationsupport-5.8.2.jar:/home/runner/.m2/repository/org/junit/jupiter/junit-jupiter-engine/5.8.2/junit-jupiter-engine-5.8.2.jar:/home/runner/.m2/repository/org/junit/platform/junit-platform-engine/1.8.2/junit-platform-engine-1.8.2.jar:/home/runner/.m2/repository/org/junit/vintage/junit-vintage-engine/5.8.2/junit-vintage-engine-5.8.2.jar:/home/runner/.m2/repository/org/junit/platform/junit-platform-launcher/1.8.2/junit-platform-launcher-1.8.2.jar:/home/runner/.m2/repository/org/mockito/mockito-core/2.28.2/mockito-core-2.28.2.jar:/home/runner/.m2/repository/net/bytebuddy/byte-buddy/1.9.10/byte-buddy-1.9.10.jar:/home/runner/.m2/repository/net/bytebuddy/byte-buddy-agent/1.9.10/byte-buddy-agent-1.9.10.jar:/home/runner/.m2/repository/org/objenesis/objenesis/1.0/objenesis-1.0.jar:/home/runner/.m2/repository/org/apache/hadoop/hadoop-kms/3.3.5/hadoop-kms-3.3.5.jar:/home/runner/.m2/repository/org/apache/hadoop/hadoop-auth/3.3.5/hadoop-auth-3.3.5.jar:/home/runner/.m2/repository/com/nimbusds/nimbus-jose-jwt/9.8.1/nimbus-jose-jwt-9.8.1.jar:/home/runner/.m2/repository/com/github/stephenc/jcip/jcip-annotations/1.0-1/jcip-annotations-1.0-1.jar:/home/runner/.m2/repository/net/minidev/json-smart/2.4.7/json-smart-2.4.7.jar:/home/runner/.m2/repository/net/minidev/accessors-smart/2.4.7/accessors-smart-2.4.7.jar:/home/runner/.m2/repository/org/ow2/asm/asm/5.0.4/asm-5.0.4.jar:/home/runner/.m2/repository/org/apache/zookeeper/zookeeper/3.5.6/zookeeper-3.5.6.jar:/home/runner/.m2/repository/org/apache/zookeeper/zookeeper-jute/3.5.6/zookeeper-jute-3.5.6.jar:/home/runner/.m2/repository/org/apache/yetus/audience-annotations/0.5.0/audience-annotations-0.5.0.jar:/home/runner/.m2/repository/org/apache/curator/curator-framework/4.2.0/curator-framework-4.2.0.jar:/home/runner/.m2/repository/org/apache/hadoop/thirdparty/hadoop-shaded-guava/1.1.1/hadoop-shaded-guava-1.1.1.jar:/home/runner/.m2/repository/com/sun/jersey/jersey-core/1.19/jersey-core-1.19.jar:/home/runner/.m2/repository/javax/ws/rs/jsr311-api/1.1.1/jsr311-api-1.1.1.jar:/home/runner/.m2/repository/com/sun/jersey/jersey-server/1.19/jersey-server-1.19.jar:/home/runner/.m2/repository/javax/servlet/javax.servlet-api/3.1.0/javax.servlet-api-3.1.0.jar:/home/runner/.m2/repository/org/apache/hadoop/hadoop-common/3.3.5/hadoop-common-3.3.5.jar:/home/runner/.m2/repository/org/apache/commons/commons-math3/3.1.1/commons-math3-3.1.1.jar:/home/runner/.m2/repository/commons-net/commons-net/3.9.0/commons-net-3.9.0.jar:/home/runner/.m2/repository/com/sun/jersey/jersey-servlet/1.19/jersey-servlet-1.19.jar:/home/runner/.m2/repository/com/github/pjfanning/jersey-json/1.20/jersey-json-1.20.jar:/home/runner/.m2/repository/org/codehaus/jettison/jettison/1.1/jettison-1.1.jar:/home/runner/.m2/repository/com/sun/xml/bind/jaxb-impl/2.2.3-1/jaxb-impl-2.2.3-1.jar:/home/runner/.m2/repository/com/google/re2j/re2j/1.1/re2j-1.1.jar:/home/runner/.m2/repository/com/jcraft/jsch/0.1.54/jsch-0.1.54.jar:/home/runner/.m2/repository/org/apache/curator/curator-client/4.2.0/curator-client-4.2.0.jar:/home/runner/.m2/repository/org/apache/curator/curator-recipes/4.2.0/curator-recipes-4.2.0.jar:/home/runner/.m2/repository/org/apache/kerby/kerb-core/1.0.1/kerb-core-1.0.1.jar:/home/runner/.m2/repository/org/apache/kerby/kerby-pkix/1.0.1/kerby-pkix-1.0.1.jar:/home/runner/.m2/repository/org/apache/kerby/kerby-asn1/1.0.1/kerby-asn1-1.0.1.jar:/home/runner/.m2/repository/org/apache/kerby/kerby-util/1.0.1/kerby-util-1.0.1.jar:/home/runner/.m2/repository/dnsjava/dnsjava/2.1.7/dnsjava-2.1.7.jar:/home/runner/.m2/repository/org/xerial/snappy/snappy-java/1.1.8.2/snappy-java-1.1.8.2.jar:/home/runner/.m2/repository/com/fasterxml/jackson/core/jackson-databind/2.13.4.2/jackson-databind-2.13.4.2.jar:/home/runner/.m2/repository/org/apache/hadoop/hadoop-kms/3.3.5/hadoop-kms-3.3.5-tests.jar:/home/runner/.m2/repository/org/apache/ozone/hdds-server-scm/1.4.0-SNAPSHOT/hdds-server-scm-1.4.0-SNAPSHOT-tests.jar:/home/runner/.m2/repository/org/apache/ozone/hdds-container-service/1.4.0-SNAPSHOT/hdds-container-service-1.4.0-SNAPSHOT-tests.jar:/home/runner/.m2/repository/com/github/luben/zstd-jni/1.5.2-5/zstd-jni-1.5.2-5.jar:/home/runner/.m2/repository/commons-codec/commons-codec/1.15/commons-codec-1.15.jar:/home/runner/.m2/repository/io/netty/netty-codec/4.1.86.Final/netty-codec-4.1.86.Final.jar:/home/runner/.m2/repository/io/netty/netty-handler/4.1.86.Final/netty-handler-4.1.86.Final.jar:/home/runner/.m2/repository/org/apache/ozone/hdds-hadoop-dependency-test/1.4.0-SNAPSHOT/hdds-hadoop-dependency-test-1.4.0-SNAPSHOT.jar:/home/runner/.m2/repository/org/apache/hadoop/hadoop-common/3.3.5/hadoop-common-3.3.5-tests.jar:/home/runner/.m2/repository/org/apache/hadoop/hadoop-hdfs/3.3.5/hadoop-hdfs-3.3.5-tests.jar:/home/runner/.m2/repository/org/assertj/assertj-core/3.12.2/assertj-core-3.12.2.jar:/home/runner/.m2/repository/org/apache/hadoop/hadoop-distcp/3.3.5/hadoop-distcp-3.3.5.jar:/home/runner/.m2/repository/org/apache/hadoop/hadoop-mapreduce-client-jobclient/3.3.5/hadoop-mapreduce-client-jobclient-3.3.5.jar:/home/runner/.m2/repository/org/apache/hadoop/hadoop-mapreduce-client-common/3.3.5/hadoop-mapreduce-client-common-3.3.5.jar:/home/runner/.m2/repository/org/apache/hadoop/hadoop-yarn-common/3.3.5/hadoop-yarn-common-3.3.5.jar:/home/runner/.m2/repository/org/apache/hadoop/hadoop-yarn-api/3.3.5/hadoop-yarn-api-3.3.5.jar:/home/runner/.m2/repository/com/sun/jersey/contribs/jersey-guice/1.19/jersey-guice-1.19.jar:/home/runner/.m2/repository/com/fasterxml/jackson/jaxrs/jackson-jaxrs-json-provider/2.13.4/jackson-jaxrs-json-provider-2.13.4.jar:/home/runner/.m2/repository/com/fasterxml/jackson/jaxrs/jackson-jaxrs-base/2.13.4/jackson-jaxrs-base-2.13.4.jar:/home/runner/.m2/repository/org/apache/hadoop/hadoop-yarn-client/3.3.5/hadoop-yarn-client-3.3.5.jar:/home/runner/.m2/repository/org/eclipse/jetty/websocket/websocket-client/9.4.48.v20220622/websocket-client-9.4.48.v20220622.jar:/home/runner/.m2/repository/org/eclipse/jetty/websocket/websocket-common/9.4.48.v20220622/websocket-common-9.4.48.v20220622.jar:/home/runner/.m2/repository/org/eclipse/jetty/websocket/websocket-api/9.4.48.v20220622/websocket-api-9.4.48.v20220622.jar:/home/runner/.m2/repository/org/jline/jline/3.9.0/jline-3.9.0.jar:/home/runner/.m2/repository/org/apache/hadoop/hadoop-mapreduce-client-core/3.3.5/hadoop-mapreduce-client-core-3.3.5.jar:/home/runner/.m2/repository/org/apache/avro/avro/1.7.7/avro-1.7.7.jar:/home/runner/.m2/repository/com/thoughtworks/paranamer/paranamer/2.3/paranamer-2.3.jar:/home/runner/.m2/repository/org/apache/hadoop/hadoop-annotations/3.3.5/hadoop-annotations-3.3.5.jar:/usr/lib/jvm/temurin-8-jdk-amd64/jre/../lib/tools.jar:/home/runner/.m2/repository/io/netty/netty/3.10.6.Final/netty-3.10.6.Final.jar:/home/runner/.m2/repository/org/apache/hadoop/hadoop-distcp/3.3.5/hadoop-distcp-3.3.5-tests.jar:/home/runner/.m2/repository/org/slf4j/jul-to-slf4j/1.7.36/jul-to-slf4j-1.7.36.jar:"/>
    <property name="java.vm.vendor" value="Temurin"/>
    <property name="sun.arch.data.model" value="64"/>
    <property name="test.build.dir" value="/home/runner/work/ozone/ozone/hadoop-ozone/integration-test/target/test-dir"/>
    <property name="test.cache.data" value=""/>
    <property name="java.vendor.url" value="https://adoptium.net/"/>
    <property name="user.timezone" value="Etc/UTC"/>
    <property name="java.vm.specification.version" value="1.8"/>
    <property name="os.name" value="Linux"/>
    <property name="test.build.data" value="/home/runner/work/ozone/ozone/hadoop-ozone/integration-test/target/test-dir"/>
    <property name="sun.java.launcher" value="SUN_STANDARD"/>
    <property name="sun.boot.library.path" value="/usr/lib/jvm/temurin-8-jdk-amd64/jre/lib/amd64"/>
    <property name="sun.java.command" value="/home/runner/work/ozone/ozone/hadoop-ozone/integration-test/target/surefire/surefirebooter4644211728480256706.jar /home/runner/work/ozone/ozone/hadoop-ozone/integration-test/target/surefire 2023-04-02T13-39-35_996-jvmRun1 surefire4971270864333586743tmp surefire_177224826441118335451tmp"/>
    <property name="surefire.test.class.path" value="/home/runner/work/ozone/ozone/hadoop-ozone/integration-test/target/test-classes:/home/runner/work/ozone/ozone/hadoop-ozone/integration-test/target/classes:/home/runner/.m2/repository/org/apache/ozone/ozone-common/1.4.0-SNAPSHOT/ozone-common-1.4.0-SNAPSHOT.jar:/home/runner/.m2/repository/io/grpc/grpc-netty/1.51.1/grpc-netty-1.51.1.jar:/home/runner/.m2/repository/io/grpc/grpc-core/1.51.1/grpc-core-1.51.1.jar:/home/runner/.m2/repository/com/google/android/annotations/4.1.1.4/annotations-4.1.1.4.jar:/home/runner/.m2/repository/org/codehaus/mojo/animal-sniffer-annotations/1.21/animal-sniffer-annotations-1.21.jar:/home/runner/.m2/repository/com/google/errorprone/error_prone_annotations/2.2.0/error_prone_annotations-2.2.0.jar:/home/runner/.m2/repository/io/perfmark/perfmark-api/0.25.0/perfmark-api-0.25.0.jar:/home/runner/.m2/repository/io/netty/netty-codec-http2/4.1.86.Final/netty-codec-http2-4.1.86.Final.jar:/home/runner/.m2/repository/io/netty/netty-common/4.1.86.Final/netty-common-4.1.86.Final.jar:/home/runner/.m2/repository/io/netty/netty-buffer/4.1.86.Final/netty-buffer-4.1.86.Final.jar:/home/runner/.m2/repository/io/netty/netty-codec-http/4.1.86.Final/netty-codec-http-4.1.86.Final.jar:/home/runner/.m2/repository/io/netty/netty-handler-proxy/4.1.86.Final/netty-handler-proxy-4.1.86.Final.jar:/home/runner/.m2/repository/io/netty/netty-codec-socks/4.1.86.Final/netty-codec-socks-4.1.86.Final.jar:/home/runner/.m2/repository/io/netty/netty-tcnative-boringssl-static/2.0.54.Final/netty-tcnative-boringssl-static-2.0.54.Final.jar:/home/runner/.m2/repository/io/netty/netty-tcnative-classes/2.0.54.Final/netty-tcnative-classes-2.0.54.Final.jar:/home/runner/.m2/repository/io/netty/netty-tcnative-boringssl-static/2.0.54.Final/netty-tcnative-boringssl-static-2.0.54.Final-linux-x86_64.jar:/home/runner/.m2/repository/io/netty/netty-tcnative-boringssl-static/2.0.54.Final/netty-tcnative-boringssl-static-2.0.54.Final-linux-aarch_64.jar:/home/runner/.m2/repository/io/netty/netty-tcnative-boringssl-static/2.0.54.Final/netty-tcnative-boringssl-static-2.0.54.Final-osx-x86_64.jar:/home/runner/.m2/repository/io/netty/netty-tcnative-boringssl-static/2.0.54.Final/netty-tcnative-boringssl-static-2.0.54.Final-osx-aarch_64.jar:/home/runner/.m2/repository/io/netty/netty-tcnative-boringssl-static/2.0.54.Final/netty-tcnative-boringssl-static-2.0.54.Final-windows-x86_64.jar:/home/runner/.m2/repository/org/apache/commons/commons-compress/1.21/commons-compress-1.21.jar:/home/runner/.m2/repository/org/apache/ozone/hdds-common/1.4.0-SNAPSHOT/hdds-common-1.4.0-SNAPSHOT.jar:/home/runner/.m2/repository/org/apache/ozone/hdds-client/1.4.0-SNAPSHOT/hdds-client-1.4.0-SNAPSHOT.jar:/home/runner/.m2/repository/org/apache/ozone/ozone-interface-client/1.4.0-SNAPSHOT/ozone-interface-client-1.4.0-SNAPSHOT.jar:/home/runner/.m2/repository/org/apache/ozone/hdds-test-utils/1.4.0-SNAPSHOT/hdds-test-utils-1.4.0-SNAPSHOT.jar:/home/runner/.m2/repository/com/google/guava/guava/31.1-jre/guava-31.1-jre.jar:/home/runner/.m2/repository/com/google/guava/failureaccess/1.0.1/failureaccess-1.0.1.jar:/home/runner/.m2/repository/com/google/guava/listenablefuture/9999.0-empty-to-avoid-conflict-with-guava/listenablefuture-9999.0-empty-to-avoid-conflict-with-guava.jar:/home/runner/.m2/repository/com/google/code/findbugs/jsr305/3.0.0/jsr305-3.0.0.jar:/home/runner/.m2/repository/org/checkerframework/checker-qual/3.12.0/checker-qual-3.12.0.jar:/home/runner/.m2/repository/com/google/j2objc/j2objc-annotations/1.3/j2objc-annotations-1.3.jar:/home/runner/.m2/repository/commons-io/commons-io/2.11.0/commons-io-2.11.0.jar:/home/runner/.m2/repository/commons-logging/commons-logging/1.2/commons-logging-1.2.jar:/home/runner/.m2/repository/ch/qos/reload4j/reload4j/1.2.22/reload4j-1.2.22.jar:/home/runner/.m2/repository/org/slf4j/slf4j-api/1.7.36/slf4j-api-1.7.36.jar:/home/runner/.m2/repository/org/apache/ozone/hdds-server-scm/1.4.0-SNAPSHOT/hdds-server-scm-1.4.0-SNAPSHOT.jar:/home/runner/.m2/repository/org/apache/ozone/hdds-container-service/1.4.0-SNAPSHOT/hdds-container-service-1.4.0-SNAPSHOT.jar:/home/runner/.m2/repository/org/apache/ozone/hdds-hadoop-dependency-server/1.4.0-SNAPSHOT/hdds-hadoop-dependency-server-1.4.0-SNAPSHOT.jar:/home/runner/.m2/repository/org/apache/hadoop/hadoop-hdfs/3.3.5/hadoop-hdfs-3.3.5.jar:/home/runner/.m2/repository/commons-daemon/commons-daemon/1.0.13/commons-daemon-1.0.13.jar:/home/runner/.m2/repository/org/apache/ozone/hdds-server-framework/1.4.0-SNAPSHOT/hdds-server-framework-1.4.0-SNAPSHOT.jar:/home/runner/.m2/repository/io/dropwizard/metrics/metrics-core/3.2.4/metrics-core-3.2.4.jar:/home/runner/.m2/repository/org/apache/commons/commons-text/1.4/commons-text-1.4.jar:/home/runner/.m2/repository/org/apache/hadoop/hadoop-hdfs-client/3.3.5/hadoop-hdfs-client-3.3.5.jar:/home/runner/.m2/repository/com/squareup/okhttp3/okhttp/4.9.3/okhttp-4.9.3.jar:/home/runner/.m2/repository/com/squareup/okio/okio/2.8.0/okio-2.8.0.jar:/home/runner/.m2/repository/org/jetbrains/kotlin/kotlin-stdlib-common/1.6.21/kotlin-stdlib-common-1.6.21.jar:/home/runner/.m2/repository/org/bouncycastle/bcprov-jdk15on/1.67/bcprov-jdk15on-1.67.jar:/home/runner/.m2/repository/com/google/protobuf/protobuf-java/2.5.0/protobuf-java-2.5.0.jar:/home/runner/.m2/repository/org/apache/ozone/hdds-server-framework/1.4.0-SNAPSHOT/hdds-server-framework-1.4.0-SNAPSHOT-tests.jar:/home/runner/.m2/repository/org/apache/ozone/hdds-interface-server/1.4.0-SNAPSHOT/hdds-interface-server-1.4.0-SNAPSHOT.jar:/home/runner/.m2/repository/org/apache/ozone/hdds-interface-admin/1.4.0-SNAPSHOT/hdds-interface-admin-1.4.0-SNAPSHOT.jar:/home/runner/.m2/repository/org/apache/ozone/hdds-managed-rocksdb/1.4.0-SNAPSHOT/hdds-managed-rocksdb-1.4.0-SNAPSHOT.jar:/home/runner/.m2/repository/org/rocksdb/rocksdbjni/7.7.3/rocksdbjni-7.7.3.jar:/home/runner/.m2/repository/org/slf4j/slf4j-reload4j/1.7.36/slf4j-reload4j-1.7.36.jar:/home/runner/.m2/repository/org/apache/commons/commons-configuration2/2.1.1/commons-configuration2-2.1.1.jar:/home/runner/.m2/repository/org/apache/logging/log4j/log4j-core/2.17.1/log4j-core-2.17.1.jar:/home/runner/.m2/repository/com/lmax/disruptor/3.4.2/disruptor-3.4.2.jar:/home/runner/.m2/repository/org/eclipse/jetty/jetty-util/9.4.49.v20220914/jetty-util-9.4.49.v20220914.jar:/home/runner/.m2/repository/org/eclipse/jetty/jetty-server/9.4.49.v20220914/jetty-server-9.4.49.v20220914.jar:/home/runner/.m2/repository/org/eclipse/jetty/jetty-http/9.4.49.v20220914/jetty-http-9.4.49.v20220914.jar:/home/runner/.m2/repository/org/eclipse/jetty/jetty-io/9.4.49.v20220914/jetty-io-9.4.49.v20220914.jar:/home/runner/.m2/repository/org/eclipse/jetty/jetty-servlet/9.4.49.v20220914/jetty-servlet-9.4.49.v20220914.jar:/home/runner/.m2/repository/org/eclipse/jetty/jetty-security/9.4.49.v20220914/jetty-security-9.4.49.v20220914.jar:/home/runner/.m2/repository/org/eclipse/jetty/jetty-util-ajax/9.4.49.v20220914/jetty-util-ajax-9.4.49.v20220914.jar:/home/runner/.m2/repository/org/eclipse/jetty/jetty-webapp/9.4.49.v20220914/jetty-webapp-9.4.49.v20220914.jar:/home/runner/.m2/repository/org/eclipse/jetty/jetty-xml/9.4.49.v20220914/jetty-xml-9.4.49.v20220914.jar:/home/runner/.m2/repository/org/apache/ratis/ratis-server/2.4.2-8b8bdda-SNAPSHOT/ratis-server-2.4.2-8b8bdda-SNAPSHOT.jar:/home/runner/.m2/repository/org/apache/ratis/ratis-thirdparty-misc/1.0.3/ratis-thirdparty-misc-1.0.3.jar:/home/runner/.m2/repository/org/apache/ratis/ratis-proto/2.4.2-8b8bdda-SNAPSHOT/ratis-proto-2.4.2-8b8bdda-SNAPSHOT.jar:/home/runner/.m2/repository/org/apache/ratis/ratis-common/2.4.2-8b8bdda-SNAPSHOT/ratis-common-2.4.2-8b8bdda-SNAPSHOT.jar:/home/runner/.m2/repository/org/apache/ratis/ratis-client/2.4.2-8b8bdda-SNAPSHOT/ratis-client-2.4.2-8b8bdda-SNAPSHOT.jar:/home/runner/.m2/repository/org/apache/ratis/ratis-server-api/2.4.2-8b8bdda-SNAPSHOT/ratis-server-api-2.4.2-8b8bdda-SNAPSHOT.jar:/home/runner/.m2/repository/org/apache/ratis/ratis-metrics/2.4.2-8b8bdda-SNAPSHOT/ratis-metrics-2.4.2-8b8bdda-SNAPSHOT.jar:/home/runner/.m2/repository/io/prometheus/simpleclient_dropwizard/0.7.0/simpleclient_dropwizard-0.7.0.jar:/home/runner/.m2/repository/io/prometheus/simpleclient/0.7.0/simpleclient-0.7.0.jar:/home/runner/.m2/repository/io/prometheus/simpleclient_common/0.7.0/simpleclient_common-0.7.0.jar:/home/runner/.m2/repository/com/fasterxml/jackson/datatype/jackson-datatype-jsr310/2.13.4/jackson-datatype-jsr310-2.13.4.jar:/home/runner/.m2/repository/com/fasterxml/jackson/core/jackson-core/2.13.4/jackson-core-2.13.4.jar:/home/runner/.m2/repository/com/github/spotbugs/spotbugs-annotations/3.1.12/spotbugs-annotations-3.1.12.jar:/home/runner/.m2/repository/org/apache/ozone/rocksdb-checkpoint-differ/1.4.0-SNAPSHOT/rocksdb-checkpoint-differ-1.4.0-SNAPSHOT.jar:/home/runner/.m2/repository/org/awaitility/awaitility/4.2.0/awaitility-4.2.0.jar:/home/runner/.m2/repository/org/hamcrest/hamcrest/2.1/hamcrest-2.1.jar:/home/runner/.m2/repository/org/apache/ozone/ozone-manager/1.4.0-SNAPSHOT/ozone-manager-1.4.0-SNAPSHOT.jar:/home/runner/.m2/repository/org/aspectj/aspectjrt/1.9.7/aspectjrt-1.9.7.jar:/home/runner/.m2/repository/org/aspectj/aspectjweaver/1.9.7/aspectjweaver-1.9.7.jar:/home/runner/.m2/repository/org/apache/ozone/hdds-interface-client/1.4.0-SNAPSHOT/hdds-interface-client-1.4.0-SNAPSHOT.jar:/home/runner/.m2/repository/org/apache/hadoop/thirdparty/hadoop-shaded-protobuf_3_7/1.1.1/hadoop-shaded-protobuf_3_7-1.1.1.jar:/home/runner/.m2/repository/org/apache/ozone/ozone-interface-storage/1.4.0-SNAPSHOT/ozone-interface-storage-1.4.0-SNAPSHOT.jar:/home/runner/.m2/repository/org/reflections/reflections/0.9.11/reflections-0.9.11.jar:/home/runner/.m2/repository/com/sun/jersey/jersey-client/1.19/jersey-client-1.19.jar:/home/runner/.m2/repository/org/codehaus/jackson/jackson-core-asl/1.9.13/jackson-core-asl-1.9.13.jar:/home/runner/.m2/repository/org/codehaus/jackson/jackson-mapper-asl/1.9.13/jackson-mapper-asl-1.9.13.jar:/home/runner/.m2/repository/org/codehaus/jackson/jackson-jaxrs/1.9.13/jackson-jaxrs-1.9.13.jar:/home/runner/.m2/repository/org/apache/ranger/ranger-intg/2.3.0/ranger-intg-2.3.0.jar:/home/runner/.m2/repository/org/apache/ranger/ranger-plugins-common/2.3.0/ranger-plugins-common-2.3.0.jar:/home/runner/.m2/repository/commons-lang/commons-lang/2.6/commons-lang-2.6.jar:/home/runner/.m2/repository/org/apache/ranger/ranger-plugins-cred/2.3.0/ranger-plugins-cred-2.3.0.jar:/home/runner/.m2/repository/org/apache/ranger/ranger-plugins-audit/2.3.0/ranger-plugins-audit-2.3.0.jar:/home/runner/.m2/repository/org/eclipse/jetty/jetty-client/9.4.49.v20220914/jetty-client-9.4.49.v20220914.jar:/home/runner/.m2/repository/org/apache/httpcomponents/httpmime/4.5.6/httpmime-4.5.6.jar:/home/runner/.m2/repository/org/apache/httpcomponents/httpcore-nio/4.4.13/httpcore-nio-4.4.13.jar:/home/runner/.m2/repository/org/apache/httpcomponents/httpasyncclient/4.1.3/httpasyncclient-4.1.3.jar:/home/runner/.m2/repository/com/carrotsearch/hppc/0.8.0/hppc-0.8.0.jar:/home/runner/.m2/repository/org/apache/orc/orc-core/1.5.8/orc-core-1.5.8.jar:/home/runner/.m2/repository/net/java/dev/jna/jna/5.2.0/jna-5.2.0.jar:/home/runner/.m2/repository/net/java/dev/jna/jna-platform/5.2.0/jna-platform-5.2.0.jar:/home/runner/.m2/repository/com/kstruct/gethostname4j/0.0.2/gethostname4j-0.0.2.jar:/home/runner/.m2/repository/org/apache/ranger/ranger-plugin-classloader/2.3.0/ranger-plugin-classloader-2.3.0.jar:/home/runner/.m2/repository/org/apache/hadoop/hadoop-minikdc/3.3.5/hadoop-minikdc-3.3.5.jar:/home/runner/.m2/repository/org/apache/kerby/kerb-simplekdc/1.0.1/kerb-simplekdc-1.0.1.jar:/home/runner/.m2/repository/org/apache/kerby/kerb-client/1.0.1/kerb-client-1.0.1.jar:/home/runner/.m2/repository/org/apache/kerby/kerby-config/1.0.1/kerby-config-1.0.1.jar:/home/runner/.m2/repository/org/apache/kerby/kerb-common/1.0.1/kerb-common-1.0.1.jar:/home/runner/.m2/repository/org/apache/kerby/kerb-crypto/1.0.1/kerb-crypto-1.0.1.jar:/home/runner/.m2/repository/org/apache/kerby/kerb-util/1.0.1/kerb-util-1.0.1.jar:/home/runner/.m2/repository/org/apache/kerby/token-provider/1.0.1/token-provider-1.0.1.jar:/home/runner/.m2/repository/org/apache/kerby/kerb-admin/1.0.1/kerb-admin-1.0.1.jar:/home/runner/.m2/repository/org/apache/kerby/kerb-server/1.0.1/kerb-server-1.0.1.jar:/home/runner/.m2/repository/org/apache/kerby/kerb-identity/1.0.1/kerb-identity-1.0.1.jar:/home/runner/.m2/repository/org/apache/kerby/kerby-xdr/1.0.1/kerby-xdr-1.0.1.jar:/home/runner/.m2/repository/org/apache/ozone/ozone-s3gateway/1.4.0-SNAPSHOT/ozone-s3gateway-1.4.0-SNAPSHOT.jar:/home/runner/.m2/repository/org/javassist/javassist/3.21.0-GA/javassist-3.21.0-GA.jar:/home/runner/.m2/repository/org/jboss/weld/servlet/weld-servlet-shaded/3.1.9.Final/weld-servlet-shaded-3.1.9.Final.jar:/home/runner/.m2/repository/org/glassfish/jersey/containers/jersey-container-servlet-core/2.34/jersey-container-servlet-core-2.34.jar:/home/runner/.m2/repository/org/glassfish/hk2/external/jakarta.inject/2.6.1/jakarta.inject-2.6.1.jar:/home/runner/.m2/repository/org/glassfish/jersey/core/jersey-common/2.34/jersey-common-2.34.jar:/home/runner/.m2/repository/jakarta/ws/rs/jakarta.ws.rs-api/2.1.6/jakarta.ws.rs-api-2.1.6.jar:/home/runner/.m2/repository/org/glassfish/jersey/ext/cdi/jersey-cdi1x/2.34/jersey-cdi1x-2.34.jar:/home/runner/.m2/repository/org/glassfish/jersey/inject/jersey-hk2/2.34/jersey-hk2-2.34.jar:/home/runner/.m2/repository/org/glassfish/hk2/hk2-locator/2.6.1/hk2-locator-2.6.1.jar:/home/runner/.m2/repository/org/glassfish/jersey/media/jersey-media-jaxb/2.34/jersey-media-jaxb-2.34.jar:/home/runner/.m2/repository/org/glassfish/hk2/osgi-resource-locator/1.0.3/osgi-resource-locator-1.0.3.jar:/home/runner/.m2/repository/org/glassfish/hk2/hk2-api/2.5.0/hk2-api-2.5.0.jar:/home/runner/.m2/repository/org/glassfish/hk2/hk2-utils/2.5.0/hk2-utils-2.5.0.jar:/home/runner/.m2/repository/org/glassfish/hk2/external/aopalliance-repackaged/2.5.0/aopalliance-repackaged-2.5.0.jar:/home/runner/.m2/repository/com/fasterxml/jackson/dataformat/jackson-dataformat-xml/2.13.4/jackson-dataformat-xml-2.13.4.jar:/home/runner/.m2/repository/org/codehaus/woodstox/stax2-api/4.2.1/stax2-api-4.2.1.jar:/home/runner/.m2/repository/com/fasterxml/woodstox/woodstox-core/5.4.0/woodstox-core-5.4.0.jar:/home/runner/.m2/repository/com/fasterxml/jackson/module/jackson-module-jaxb-annotations/2.13.4/jackson-module-jaxb-annotations-2.13.4.jar:/home/runner/.m2/repository/jakarta/xml/bind/jakarta.xml.bind-api/2.3.3/jakarta.xml.bind-api-2.3.3.jar:/home/runner/.m2/repository/jakarta/activation/jakarta.activation-api/1.2.2/jakarta.activation-api-1.2.2.jar:/home/runner/.m2/repository/javax/enterprise/cdi-api/2.0/cdi-api-2.0.jar:/home/runner/.m2/repository/javax/el/javax.el-api/3.0.0/javax.el-api-3.0.0.jar:/home/runner/.m2/repository/javax/interceptor/javax.interceptor-api/1.2/javax.interceptor-api-1.2.jar:/home/runner/.m2/repository/javax/inject/javax.inject/1/javax.inject-1.jar:/home/runner/.m2/repository/javax/xml/bind/jaxb-api/2.3.0/jaxb-api-2.3.0.jar:/home/runner/.m2/repository/org/glassfish/jaxb/jaxb-runtime/2.3.0.1/jaxb-runtime-2.3.0.1.jar:/home/runner/.m2/repository/org/glassfish/jaxb/jaxb-core/2.3.0.1/jaxb-core-2.3.0.1.jar:/home/runner/.m2/repository/org/glassfish/jaxb/txw2/2.3.0.1/txw2-2.3.0.1.jar:/home/runner/.m2/repository/com/sun/istack/istack-commons-runtime/3.0.5/istack-commons-runtime-3.0.5.jar:/home/runner/.m2/repository/org/jvnet/staxex/stax-ex/1.7.8/stax-ex-1.7.8.jar:/home/runner/.m2/repository/com/sun/xml/fastinfoset/FastInfoset/1.2.13/FastInfoset-1.2.13.jar:/home/runner/.m2/repository/javax/activation/activation/1.1.1/activation-1.1.1.jar:/home/runner/.m2/repository/io/grpc/grpc-protobuf/1.51.1/grpc-protobuf-1.51.1.jar:/home/runner/.m2/repository/io/grpc/grpc-api/1.51.1/grpc-api-1.51.1.jar:/home/runner/.m2/repository/io/grpc/grpc-context/1.51.1/grpc-context-1.51.1.jar:/home/runner/.m2/repository/com/google/api/grpc/proto-google-common-protos/2.9.0/proto-google-common-protos-2.9.0.jar:/home/runner/.m2/repository/io/grpc/grpc-protobuf-lite/1.51.1/grpc-protobuf-lite-1.51.1.jar:/home/runner/.m2/repository/io/grpc/grpc-stub/1.51.1/grpc-stub-1.51.1.jar:/home/runner/.m2/repository/io/netty/netty-transport/4.1.86.Final/netty-transport-4.1.86.Final.jar:/home/runner/.m2/repository/io/netty/netty-resolver/4.1.86.Final/netty-resolver-4.1.86.Final.jar:/home/runner/.m2/repository/org/apache/ozone/ozone-csi/1.4.0-SNAPSHOT/ozone-csi-1.4.0-SNAPSHOT.jar:/home/runner/.m2/repository/com/google/protobuf/protobuf-java-util/3.19.6/protobuf-java-util-3.19.6.jar:/home/runner/.m2/repository/com/google/code/gson/gson/2.9.0/gson-2.9.0.jar:/home/runner/.m2/repository/org/apache/ozone/hdds-config/1.4.0-SNAPSHOT/hdds-config-1.4.0-SNAPSHOT.jar:/home/runner/.m2/repository/io/netty/netty-transport-native-epoll/4.1.86.Final/netty-transport-native-epoll-4.1.86.Final-linux-x86_64.jar:/home/runner/.m2/repository/io/netty/netty-transport-classes-epoll/4.1.86.Final/netty-transport-classes-epoll-4.1.86.Final.jar:/home/runner/.m2/repository/io/netty/netty-transport-native-unix-common/4.1.86.Final/netty-transport-native-unix-common-4.1.86.Final.jar:/home/runner/.m2/repository/org/apache/ozone/ozone-recon/1.4.0-SNAPSHOT/ozone-recon-1.4.0-SNAPSHOT.jar:/home/runner/.m2/repository/org/apache/ozone/ozone-reconcodegen/1.4.0-SNAPSHOT/ozone-reconcodegen-1.4.0-SNAPSHOT.jar:/home/runner/.m2/repository/com/google/inject/guice/5.1.0/guice-5.1.0.jar:/home/runner/.m2/repository/aopalliance/aopalliance/1.0/aopalliance-1.0.jar:/home/runner/.m2/repository/com/google/inject/extensions/guice-assistedinject/5.1.0/guice-assistedinject-5.1.0.jar:/home/runner/.m2/repository/com/google/inject/extensions/guice-servlet/5.1.0/guice-servlet-5.1.0.jar:/home/runner/.m2/repository/org/glassfish/jersey/containers/jersey-container-servlet/2.34/jersey-container-servlet-2.34.jar:/home/runner/.m2/repository/org/glassfish/hk2/guice-bridge/2.5.0/guice-bridge-2.5.0.jar:/home/runner/.m2/repository/org/glassfish/jersey/core/jersey-server/2.34/jersey-server-2.34.jar:/home/runner/.m2/repository/org/glassfish/jersey/core/jersey-client/2.34/jersey-client-2.34.jar:/home/runner/.m2/repository/jakarta/annotation/jakarta.annotation-api/1.3.5/jakarta.annotation-api-1.3.5.jar:/home/runner/.m2/repository/jakarta/validation/jakarta.validation-api/2.0.2/jakarta.validation-api-2.0.2.jar:/home/runner/.m2/repository/org/glassfish/jersey/media/jersey-media-json-jackson/2.34/jersey-media-json-jackson-2.34.jar:/home/runner/.m2/repository/org/glassfish/jersey/ext/jersey-entity-filtering/2.34/jersey-entity-filtering-2.34.jar:/home/runner/.m2/repository/org/jooq/jooq/3.11.10/jooq-3.11.10.jar:/home/runner/.m2/repository/org/jooq/jooq-meta/3.11.10/jooq-meta-3.11.10.jar:/home/runner/.m2/repository/org/jooq/jooq-codegen/3.11.10/jooq-codegen-3.11.10.jar:/home/runner/.m2/repository/com/jolbox/bonecp/0.8.0.RELEASE/bonecp-0.8.0.RELEASE.jar:/home/runner/.m2/repository/org/apache/derby/derby/10.14.2.0/derby-10.14.2.0.jar:/home/runner/.m2/repository/org/xerial/sqlite-jdbc/3.25.2/sqlite-jdbc-3.25.2.jar:/home/runner/.m2/repository/org/springframework/spring-jdbc/5.3.23/spring-jdbc-5.3.23.jar:/home/runner/.m2/repository/org/springframework/spring-beans/5.3.23/spring-beans-5.3.23.jar:/home/runner/.m2/repository/org/springframework/spring-core/5.3.23/spring-core-5.3.23.jar:/home/runner/.m2/repository/org/springframework/spring-jcl/5.3.23/spring-jcl-5.3.23.jar:/home/runner/.m2/repository/org/springframework/spring-tx/5.3.23/spring-tx-5.3.23.jar:/home/runner/.m2/repository/org/apache/ozone/ozone-client/1.4.0-SNAPSHOT/ozone-client-1.4.0-SNAPSHOT.jar:/home/runner/.m2/repository/org/apache/ozone/hdds-erasurecode/1.4.0-SNAPSHOT/hdds-erasurecode-1.4.0-SNAPSHOT.jar:/home/runner/.m2/repository/org/apache/ozone/ozone-filesystem/1.4.0-SNAPSHOT/ozone-filesystem-1.4.0-SNAPSHOT.jar:/home/runner/.m2/repository/org/apache/ozone/ozone-filesystem-common/1.4.0-SNAPSHOT/ozone-filesystem-common-1.4.0-SNAPSHOT.jar:/home/runner/.m2/repository/org/apache/ozone/ozone-tools/1.4.0-SNAPSHOT/ozone-tools-1.4.0-SNAPSHOT.jar:/home/runner/.m2/repository/com/amazonaws/aws-java-sdk-core/1.12.261/aws-java-sdk-core-1.12.261.jar:/home/runner/.m2/repository/org/apache/httpcomponents/httpclient/4.5.13/httpclient-4.5.13.jar:/home/runner/.m2/repository/org/apache/httpcomponents/httpcore/4.4.13/httpcore-4.4.13.jar:/home/runner/.m2/repository/software/amazon/ion/ion-java/1.0.2/ion-java-1.0.2.jar:/home/runner/.m2/repository/com/fasterxml/jackson/dataformat/jackson-dataformat-cbor/2.13.4/jackson-dataformat-cbor-2.13.4.jar:/home/runner/.m2/repository/joda-time/joda-time/2.10.6/joda-time-2.10.6.jar:/home/runner/.m2/repository/com/amazonaws/aws-java-sdk-s3/1.12.261/aws-java-sdk-s3-1.12.261.jar:/home/runner/.m2/repository/com/amazonaws/aws-java-sdk-kms/1.12.261/aws-java-sdk-kms-1.12.261.jar:/home/runner/.m2/repository/com/amazonaws/jmespath-java/1.12.261/jmespath-java-1.12.261.jar:/home/runner/.m2/repository/org/kohsuke/metainf-services/metainf-services/1.8/metainf-services-1.8.jar:/home/runner/.m2/repository/org/apache/ozone/hdds-tools/1.4.0-SNAPSHOT/hdds-tools-1.4.0-SNAPSHOT.jar:/home/runner/.m2/repository/org/apache/ratis/ratis-tools/2.4.2-8b8bdda-SNAPSHOT/ratis-tools-2.4.2-8b8bdda-SNAPSHOT.jar:/home/runner/.m2/repository/commons-cli/commons-cli/1.2/commons-cli-1.2.jar:/home/runner/.m2/repository/org/apache/commons/commons-lang3/3.7/commons-lang3-3.7.jar:/home/runner/.m2/repository/org/apache/ozone/ozone-manager/1.4.0-SNAPSHOT/ozone-manager-1.4.0-SNAPSHOT-tests.jar:/home/runner/.m2/repository/org/apache/ozone/hdds-common/1.4.0-SNAPSHOT/hdds-common-1.4.0-SNAPSHOT-tests.jar:/home/runner/.m2/repository/org/apache/ozone/hdds-hadoop-dependency-client/1.4.0-SNAPSHOT/hdds-hadoop-dependency-client-1.4.0-SNAPSHOT.jar:/home/runner/.m2/repository/info/picocli/picocli/4.6.1/picocli-4.6.1.jar:/home/runner/.m2/repository/com/fasterxml/jackson/core/jackson-annotations/2.13.4/jackson-annotations-2.13.4.jar:/home/runner/.m2/repository/org/apache/ozone/hdds-annotation-processing/1.4.0-SNAPSHOT/hdds-annotation-processing-1.4.0-SNAPSHOT.jar:/home/runner/.m2/repository/javax/annotation/javax.annotation-api/1.2/javax.annotation-api-1.2.jar:/home/runner/.m2/repository/org/apache/ratis/ratis-netty/2.4.2-8b8bdda-SNAPSHOT/ratis-netty-2.4.2-8b8bdda-SNAPSHOT.jar:/home/runner/.m2/repository/org/apache/ratis/ratis-grpc/2.4.2-8b8bdda-SNAPSHOT/ratis-grpc-2.4.2-8b8bdda-SNAPSHOT.jar:/home/runner/.m2/repository/org/apache/logging/log4j/log4j-api/2.17.1/log4j-api-2.17.1.jar:/home/runner/.m2/repository/org/apache/commons/commons-pool2/2.6.0/commons-pool2-2.6.0.jar:/home/runner/.m2/repository/org/bouncycastle/bcpkix-jdk15on/1.67/bcpkix-jdk15on-1.67.jar:/home/runner/.m2/repository/commons-validator/commons-validator/1.6/commons-validator-1.6.jar:/home/runner/.m2/repository/commons-beanutils/commons-beanutils/1.9.4/commons-beanutils-1.9.4.jar:/home/runner/.m2/repository/commons-digester/commons-digester/1.8.1/commons-digester-1.8.1.jar:/home/runner/.m2/repository/commons-collections/commons-collections/3.2.2/commons-collections-3.2.2.jar:/home/runner/.m2/repository/io/jaegertracing/jaeger-client/1.6.0/jaeger-client-1.6.0.jar:/home/runner/.m2/repository/io/jaegertracing/jaeger-thrift/1.6.0/jaeger-thrift-1.6.0.jar:/home/runner/.m2/repository/org/apache/thrift/libthrift/0.14.1/libthrift-0.14.1.jar:/home/runner/.m2/repository/io/jaegertracing/jaeger-core/1.6.0/jaeger-core-1.6.0.jar:/home/runner/.m2/repository/io/jaegertracing/jaeger-tracerresolver/1.6.0/jaeger-tracerresolver-1.6.0.jar:/home/runner/.m2/repository/io/opentracing/contrib/opentracing-tracerresolver/0.1.8/opentracing-tracerresolver-0.1.8.jar:/home/runner/.m2/repository/org/jetbrains/kotlin/kotlin-stdlib/1.6.21/kotlin-stdlib-1.6.21.jar:/home/runner/.m2/repository/org/jetbrains/annotations/13.0/annotations-13.0.jar:/home/runner/.m2/repository/io/opentracing/opentracing-util/0.33.0/opentracing-util-0.33.0.jar:/home/runner/.m2/repository/io/opentracing/opentracing-api/0.33.0/opentracing-api-0.33.0.jar:/home/runner/.m2/repository/io/opentracing/opentracing-noop/0.33.0/opentracing-noop-0.33.0.jar:/home/runner/.m2/repository/org/yaml/snakeyaml/2.0/snakeyaml-2.0.jar:/home/runner/.m2/repository/junit/junit/4.13.1/junit-4.13.1.jar:/home/runner/.m2/repository/org/hamcrest/hamcrest-core/1.3/hamcrest-core-1.3.jar:/home/runner/.m2/repository/org/junit/jupiter/junit-jupiter-api/5.8.2/junit-jupiter-api-5.8.2.jar:/home/runner/.m2/repository/org/opentest4j/opentest4j/1.2.0/opentest4j-1.2.0.jar:/home/runner/.m2/repository/org/junit/platform/junit-platform-commons/1.8.2/junit-platform-commons-1.8.2.jar:/home/runner/.m2/repository/org/apiguardian/apiguardian-api/1.1.2/apiguardian-api-1.1.2.jar:/home/runner/.m2/repository/org/junit/jupiter/junit-jupiter-params/5.8.2/junit-jupiter-params-5.8.2.jar:/home/runner/.m2/repository/org/junit/jupiter/junit-jupiter-migrationsupport/5.8.2/junit-jupiter-migrationsupport-5.8.2.jar:/home/runner/.m2/repository/org/junit/jupiter/junit-jupiter-engine/5.8.2/junit-jupiter-engine-5.8.2.jar:/home/runner/.m2/repository/org/junit/platform/junit-platform-engine/1.8.2/junit-platform-engine-1.8.2.jar:/home/runner/.m2/repository/org/junit/vintage/junit-vintage-engine/5.8.2/junit-vintage-engine-5.8.2.jar:/home/runner/.m2/repository/org/junit/platform/junit-platform-launcher/1.8.2/junit-platform-launcher-1.8.2.jar:/home/runner/.m2/repository/org/mockito/mockito-core/2.28.2/mockito-core-2.28.2.jar:/home/runner/.m2/repository/net/bytebuddy/byte-buddy/1.9.10/byte-buddy-1.9.10.jar:/home/runner/.m2/repository/net/bytebuddy/byte-buddy-agent/1.9.10/byte-buddy-agent-1.9.10.jar:/home/runner/.m2/repository/org/objenesis/objenesis/1.0/objenesis-1.0.jar:/home/runner/.m2/repository/org/apache/hadoop/hadoop-kms/3.3.5/hadoop-kms-3.3.5.jar:/home/runner/.m2/repository/org/apache/hadoop/hadoop-auth/3.3.5/hadoop-auth-3.3.5.jar:/home/runner/.m2/repository/com/nimbusds/nimbus-jose-jwt/9.8.1/nimbus-jose-jwt-9.8.1.jar:/home/runner/.m2/repository/com/github/stephenc/jcip/jcip-annotations/1.0-1/jcip-annotations-1.0-1.jar:/home/runner/.m2/repository/net/minidev/json-smart/2.4.7/json-smart-2.4.7.jar:/home/runner/.m2/repository/net/minidev/accessors-smart/2.4.7/accessors-smart-2.4.7.jar:/home/runner/.m2/repository/org/ow2/asm/asm/5.0.4/asm-5.0.4.jar:/home/runner/.m2/repository/org/apache/zookeeper/zookeeper/3.5.6/zookeeper-3.5.6.jar:/home/runner/.m2/repository/org/apache/zookeeper/zookeeper-jute/3.5.6/zookeeper-jute-3.5.6.jar:/home/runner/.m2/repository/org/apache/yetus/audience-annotations/0.5.0/audience-annotations-0.5.0.jar:/home/runner/.m2/repository/org/apache/curator/curator-framework/4.2.0/curator-framework-4.2.0.jar:/home/runner/.m2/repository/org/apache/hadoop/thirdparty/hadoop-shaded-guava/1.1.1/hadoop-shaded-guava-1.1.1.jar:/home/runner/.m2/repository/com/sun/jersey/jersey-core/1.19/jersey-core-1.19.jar:/home/runner/.m2/repository/javax/ws/rs/jsr311-api/1.1.1/jsr311-api-1.1.1.jar:/home/runner/.m2/repository/com/sun/jersey/jersey-server/1.19/jersey-server-1.19.jar:/home/runner/.m2/repository/javax/servlet/javax.servlet-api/3.1.0/javax.servlet-api-3.1.0.jar:/home/runner/.m2/repository/org/apache/hadoop/hadoop-common/3.3.5/hadoop-common-3.3.5.jar:/home/runner/.m2/repository/org/apache/commons/commons-math3/3.1.1/commons-math3-3.1.1.jar:/home/runner/.m2/repository/commons-net/commons-net/3.9.0/commons-net-3.9.0.jar:/home/runner/.m2/repository/com/sun/jersey/jersey-servlet/1.19/jersey-servlet-1.19.jar:/home/runner/.m2/repository/com/github/pjfanning/jersey-json/1.20/jersey-json-1.20.jar:/home/runner/.m2/repository/org/codehaus/jettison/jettison/1.1/jettison-1.1.jar:/home/runner/.m2/repository/com/sun/xml/bind/jaxb-impl/2.2.3-1/jaxb-impl-2.2.3-1.jar:/home/runner/.m2/repository/com/google/re2j/re2j/1.1/re2j-1.1.jar:/home/runner/.m2/repository/com/jcraft/jsch/0.1.54/jsch-0.1.54.jar:/home/runner/.m2/repository/org/apache/curator/curator-client/4.2.0/curator-client-4.2.0.jar:/home/runner/.m2/repository/org/apache/curator/curator-recipes/4.2.0/curator-recipes-4.2.0.jar:/home/runner/.m2/repository/org/apache/kerby/kerb-core/1.0.1/kerb-core-1.0.1.jar:/home/runner/.m2/repository/org/apache/kerby/kerby-pkix/1.0.1/kerby-pkix-1.0.1.jar:/home/runner/.m2/repository/org/apache/kerby/kerby-asn1/1.0.1/kerby-asn1-1.0.1.jar:/home/runner/.m2/repository/org/apache/kerby/kerby-util/1.0.1/kerby-util-1.0.1.jar:/home/runner/.m2/repository/dnsjava/dnsjava/2.1.7/dnsjava-2.1.7.jar:/home/runner/.m2/repository/org/xerial/snappy/snappy-java/1.1.8.2/snappy-java-1.1.8.2.jar:/home/runner/.m2/repository/com/fasterxml/jackson/core/jackson-databind/2.13.4.2/jackson-databind-2.13.4.2.jar:/home/runner/.m2/repository/org/apache/hadoop/hadoop-kms/3.3.5/hadoop-kms-3.3.5-tests.jar:/home/runner/.m2/repository/org/apache/ozone/hdds-server-scm/1.4.0-SNAPSHOT/hdds-server-scm-1.4.0-SNAPSHOT-tests.jar:/home/runner/.m2/repository/org/apache/ozone/hdds-container-service/1.4.0-SNAPSHOT/hdds-container-service-1.4.0-SNAPSHOT-tests.jar:/home/runner/.m2/repository/com/github/luben/zstd-jni/1.5.2-5/zstd-jni-1.5.2-5.jar:/home/runner/.m2/repository/commons-codec/commons-codec/1.15/commons-codec-1.15.jar:/home/runner/.m2/repository/io/netty/netty-codec/4.1.86.Final/netty-codec-4.1.86.Final.jar:/home/runner/.m2/repository/io/netty/netty-handler/4.1.86.Final/netty-handler-4.1.86.Final.jar:/home/runner/.m2/repository/org/apache/ozone/hdds-hadoop-dependency-test/1.4.0-SNAPSHOT/hdds-hadoop-dependency-test-1.4.0-SNAPSHOT.jar:/home/runner/.m2/repository/org/apache/hadoop/hadoop-common/3.3.5/hadoop-common-3.3.5-tests.jar:/home/runner/.m2/repository/org/apache/hadoop/hadoop-hdfs/3.3.5/hadoop-hdfs-3.3.5-tests.jar:/home/runner/.m2/repository/org/assertj/assertj-core/3.12.2/assertj-core-3.12.2.jar:/home/runner/.m2/repository/org/apache/hadoop/hadoop-distcp/3.3.5/hadoop-distcp-3.3.5.jar:/home/runner/.m2/repository/org/apache/hadoop/hadoop-mapreduce-client-jobclient/3.3.5/hadoop-mapreduce-client-jobclient-3.3.5.jar:/home/runner/.m2/repository/org/apache/hadoop/hadoop-mapreduce-client-common/3.3.5/hadoop-mapreduce-client-common-3.3.5.jar:/home/runner/.m2/repository/org/apache/hadoop/hadoop-yarn-common/3.3.5/hadoop-yarn-common-3.3.5.jar:/home/runner/.m2/repository/org/apache/hadoop/hadoop-yarn-api/3.3.5/hadoop-yarn-api-3.3.5.jar:/home/runner/.m2/repository/com/sun/jersey/contribs/jersey-guice/1.19/jersey-guice-1.19.jar:/home/runner/.m2/repository/com/fasterxml/jackson/jaxrs/jackson-jaxrs-json-provider/2.13.4/jackson-jaxrs-json-provider-2.13.4.jar:/home/runner/.m2/repository/com/fasterxml/jackson/jaxrs/jackson-jaxrs-base/2.13.4/jackson-jaxrs-base-2.13.4.jar:/home/runner/.m2/repository/org/apache/hadoop/hadoop-yarn-client/3.3.5/hadoop-yarn-client-3.3.5.jar:/home/runner/.m2/repository/org/eclipse/jetty/websocket/websocket-client/9.4.48.v20220622/websocket-client-9.4.48.v20220622.jar:/home/runner/.m2/repository/org/eclipse/jetty/websocket/websocket-common/9.4.48.v20220622/websocket-common-9.4.48.v20220622.jar:/home/runner/.m2/repository/org/eclipse/jetty/websocket/websocket-api/9.4.48.v20220622/websocket-api-9.4.48.v20220622.jar:/home/runner/.m2/repository/org/jline/jline/3.9.0/jline-3.9.0.jar:/home/runner/.m2/repository/org/apache/hadoop/hadoop-mapreduce-client-core/3.3.5/hadoop-mapreduce-client-core-3.3.5.jar:/home/runner/.m2/repository/org/apache/avro/avro/1.7.7/avro-1.7.7.jar:/home/runner/.m2/repository/com/thoughtworks/paranamer/paranamer/2.3/paranamer-2.3.jar:/home/runner/.m2/repository/org/apache/hadoop/hadoop-annotations/3.3.5/hadoop-annotations-3.3.5.jar:/usr/lib/jvm/temurin-8-jdk-amd64/jre/../lib/tools.jar:/home/runner/.m2/repository/io/netty/netty/3.10.6.Final/netty-3.10.6.Final.jar:/home/runner/.m2/repository/org/apache/hadoop/hadoop-distcp/3.3.5/hadoop-distcp-3.3.5-tests.jar:/home/runner/.m2/repository/org/slf4j/jul-to-slf4j/1.7.36/jul-to-slf4j-1.7.36.jar:"/>
    <property name="sun.cpu.endian" value="little"/>
    <property name="user.home" value="/home/runner"/>
    <property name="user.language" value="en"/>
    <property name="java.specification.vendor" value="Oracle Corporation"/>
    <property name="java.home" value="/usr/lib/jvm/temurin-8-jdk-amd64/jre"/>
    <property name="java.security.krb5.conf" value="/home/runner/work/ozone/ozone/hadoop-ozone/integration-test/target/test-classes/krb5.conf"/>
    <property name="basedir" value="/home/runner/work/ozone/ozone/hadoop-ozone/integration-test"/>
    <property name="file.separator" value="/"/>
    <property name="line.separator" value="&#10;"/>
    <property name="java.vm.specification.vendor" value="Oracle Corporation"/>
    <property name="java.specification.name" value="Java Platform API Specification"/>
    <property name="java.awt.graphicsenv" value="sun.awt.X11GraphicsEnvironment"/>
    <property name="skip.installnpx" value="true"/>
    <property name="surefire.real.class.path" value="/home/runner/work/ozone/ozone/hadoop-ozone/integration-test/target/surefire/surefirebooter4644211728480256706.jar:/home/runner/.m2/repository/org/jacoco/org.jacoco.agent/0.8.5/org.jacoco.agent-0.8.5-runtime.jar"/>
    <property name="hadoop.log.dir" value="/home/runner/work/ozone/ozone/hadoop-ozone/integration-test/target/log"/>
    <property name="sun.boot.class.path" value="/usr/lib/jvm/temurin-8-jdk-amd64/jre/lib/resources.jar:/usr/lib/jvm/temurin-8-jdk-amd64/jre/lib/rt.jar:/usr/lib/jvm/temurin-8-jdk-amd64/jre/lib/sunrsasign.jar:/usr/lib/jvm/temurin-8-jdk-amd64/jre/lib/jsse.jar:/usr/lib/jvm/temurin-8-jdk-amd64/jre/lib/jce.jar:/usr/lib/jvm/temurin-8-jdk-amd64/jre/lib/charsets.jar:/usr/lib/jvm/temurin-8-jdk-amd64/jre/lib/jfr.jar:/usr/lib/jvm/temurin-8-jdk-amd64/jre/classes"/>
    <property name="sun.management.compiler" value="HotSpot 64-Bit Tiered Compilers"/>
    <property name="skip.npx" value="true"/>
    <property name="java.runtime.version" value="1.8.0_362-b09"/>
    <property name="java.net.preferIPv4Stack" value="true"/>
    <property name="user.name" value="runner"/>
    <property name="path.separator" value=":"/>
    <property name="java.security.egd" value="file:///dev/urandom"/>
    <property name="os.version" value="5.15.0-1034-azure"/>
    <property name="java.endorsed.dirs" value="/usr/lib/jvm/temurin-8-jdk-amd64/jre/lib/endorsed"/>
    <property name="java.runtime.name" value="OpenJDK Runtime Environment"/>
    <property name="file.encoding" value="UTF-8"/>
    <property name="java.vm.name" value="OpenJDK 64-Bit Server VM"/>
    <property name="test.build.webapps" value=""/>
    <property name="localRepository" value="/home/runner/.m2/repository"/>
    <property name="jetty.git.hash" value="4231a3b2e4cb8548a412a789936d640a97b1aa0a"/>
    <property name="java.vendor.url.bug" value="https://github.com/adoptium/adoptium-support/issues"/>
    <property name="java.io.tmpdir" value="/tmp"/>
    <property name="require.test.libhadoop" value=""/>
    <property name="java.version" value="1.8.0_362"/>
    <property name="user.dir" value="/home/runner/work/ozone/ozone/hadoop-ozone/integration-test"/>
    <property name="os.arch" value="amd64"/>
    <property name="java.vm.specification.name" value="Java Virtual Machine Specification"/>
    <property name="test.build.classes" value="/home/runner/work/ozone/ozone/hadoop-ozone/integration-test/target/test-classes"/>
    <property name="java.awt.printerjob" value="sun.print.PSPrinterJob"/>
    <property name="sun.os.patch.level" value="unknown"/>
    <property name="org.apache.ratis.thirdparty.io.netty.allocator.useCacheForAllThreads" value="false"/>
    <property name="hadoop.tmp.dir" value="/home/runner/work/ozone/ozone/hadoop-ozone/integration-test/target/tmp"/>
    <property name="java.library.path" value="/usr/java/packages/lib/amd64:/usr/lib64:/lib64:/lib:/usr/lib"/>
    <property name="java.vm.info" value="mixed mode"/>
    <property name="java.vendor" value="Temurin"/>
    <property name="java.vm.version" value="25.362-b09"/>
    <property name="java.specification.maintenance.version" value="4"/>
    <property name="java.ext.dirs" value="/usr/lib/jvm/temurin-8-jdk-amd64/jre/lib/ext:/usr/java/packages/lib/ext"/>
    <property name="sun.io.unicode.encoding" value="UnicodeLittle"/>
    <property name="java.class.version" value="52.0"/>
  </properties>
  <testcase name="testContainerStateMachineForStreamingSmallFile" classname="org.apache.hadoop.ozone.client.rpc.TestContainerStateMachineStream" time="27.892">
    <system-out><![CDATA[2023-04-02 14:00:55,084 [Time-limited test] WARN  server.ServerUtils (ServerUtils.java:getScmDbDir(148)) - ozone.scm.db.dirs is not configured. We recommend adding this setting. Falling back to ozone.metadata.dirs instead.
2023-04-02 14:00:55,192 [Time-limited test] WARN  server.ServerUtils (ServerUtils.java:getScmDbDir(148)) - ozone.scm.db.dirs is not configured. We recommend adding this setting. Falling back to ozone.metadata.dirs instead.
2023-04-02 14:00:55,196 [Time-limited test] INFO  ha.SCMHANodeDetails (SCMHANodeDetails.java:loadSCMHAConfig(209)) - ServiceID for StorageContainerManager is null
2023-04-02 14:00:55,202 [Time-limited test] WARN  ha.SCMHANodeDetails (SCMHANodeDetails.java:validateSCMHAConfig(182)) - Invalid config ozone.scm.ratis.enable. The config was not specified, but the default value true conflicts with the expected config value false. Falling back to the expected value. Current State of SCM: SCM is running in Non-HA without Ratis Ratis SCM -> Non Ratis SCM or Non HA SCM -> HA SCM is not supported
2023-04-02 14:00:55,203 [Time-limited test] INFO  ha.SCMHANodeDetails (SCMHANodeDetails.java:loadSCMHAConfig(214)) - ozone.scm.default.service.id is not defined, falling back to ozone.scm.service.ids to find serviceID for StorageContainerManager if it is HA enabled cluster
2023-04-02 14:00:55,945 [Time-limited test] WARN  utils.HAUtils (HAUtils.java:getMetaDir(342)) - ozone.scm.db.dirs is not configured. We recommend adding this setting. Falling back to ozone.metadata.dirs instead.
2023-04-02 14:00:56,106 [Time-limited test] WARN  db.DBStoreBuilder (DBStoreBuilder.java:applyDBDefinition(181)) - ozone.scm.db.dirs is not configured. We recommend adding this setting. Falling back to ozone.metadata.dirs instead.
2023-04-02 14:00:56,355 [Time-limited test] INFO  net.NodeSchemaLoader (NodeSchemaLoader.java:loadSchemaFromFile(129)) - Loading schema from [jar:file:/home/runner/.m2/repository/org/apache/ozone/hdds-common/1.4.0-SNAPSHOT/hdds-common-1.4.0-SNAPSHOT.jar!/network-topology-default.xml]
2023-04-02 14:00:56,356 [Time-limited test] INFO  net.NodeSchemaLoader (NodeSchemaLoader.java:loadSchema(176)) - Loading network topology layer schema file
2023-04-02 14:00:56,401 [Time-limited test] INFO  metrics.MetricRegistries (MetricRegistriesLoader.java:load(64)) - Loaded MetricRegistries class org.apache.ratis.metrics.impl.MetricRegistriesImpl
2023-04-02 14:00:56,407 [Time-limited test] INFO  upgrade.AbstractLayoutVersionManager (AbstractLayoutVersionManager.java:init(83)) - Initializing Layout version manager with metadata layout = WEBUI_PORTS_IN_DATANODEDETAILS (version = 6), software layout = WEBUI_PORTS_IN_DATANODEDETAILS (version = 6)
2023-04-02 14:00:56,625 [Time-limited test] INFO  reflections.Reflections (Reflections.java:scan(232)) - Reflections took 147 ms to scan 7 urls, producing 155 keys and 368 values 
2023-04-02 14:00:56,735 [Time-limited test] INFO  ha.SequenceIdGenerator (SequenceIdGenerator.java:upgradeToSequenceId(349)) - upgrade localId to 111677748019200000
2023-04-02 14:00:56,736 [Time-limited test] INFO  ha.SequenceIdGenerator (SequenceIdGenerator.java:upgradeToSequenceId(359)) - upgrade delTxnId to 0
2023-04-02 14:00:56,740 [Time-limited test] INFO  ha.SequenceIdGenerator (SequenceIdGenerator.java:upgradeToSequenceId(376)) - upgrade containerId to 0
2023-04-02 14:00:56,742 [Time-limited test] INFO  ha.SequenceIdGenerator (SequenceIdGenerator.java:<init>(220)) - Init the HA SequenceIdGenerator.
2023-04-02 14:00:56,821 [Time-limited test] INFO  node.SCMNodeManager (SCMNodeManager.java:<init>(156)) - Entering startup safe mode.
2023-04-02 14:00:56,841 [Time-limited test] INFO  algorithms.ContainerPlacementPolicyFactory (ContainerPlacementPolicyFactory.java:getPolicyInternal(86)) - Create container placement policy of type org.apache.hadoop.hdds.scm.container.placement.algorithms.SCMContainerPlacementRandom
2023-04-02 14:00:56,845 [Time-limited test] INFO  algorithms.ContainerPlacementPolicyFactory (ContainerPlacementPolicyFactory.java:getPolicyInternal(86)) - Create container placement policy of type org.apache.hadoop.hdds.scm.container.placement.algorithms.SCMContainerPlacementRackScatter
2023-04-02 14:00:56,856 [Time-limited test] INFO  pipeline.PipelineStateManagerImpl (PipelineStateManagerImpl.java:initialize(78)) - No pipeline exists in current db
2023-04-02 14:00:56,899 [Time-limited test] INFO  algorithms.LeaderChoosePolicyFactory (LeaderChoosePolicyFactory.java:getPolicy(57)) - Create leader choose policy of type org.apache.hadoop.hdds.scm.pipeline.leader.choose.algorithms.MinLeaderCountChoosePolicy
2023-04-02 14:00:56,899 [Time-limited test] INFO  algorithms.ContainerPlacementPolicyFactory (ContainerPlacementPolicyFactory.java:getPolicyInternal(86)) - Create container placement policy of type org.apache.hadoop.hdds.scm.container.placement.algorithms.SCMContainerPlacementRackScatter
2023-04-02 14:00:56,907 [Time-limited test] INFO  ha.SCMServiceManager (SCMServiceManager.java:register(42)) - Registering service BackgroundPipelineCreator.
2023-04-02 14:00:56,908 [Time-limited test] INFO  pipeline.BackgroundPipelineCreator (BackgroundPipelineCreator.java:start(124)) - Starting RatisPipelineUtilsThread.
2023-04-02 14:00:56,912 [Time-limited test] INFO  BackgroundPipelineScrubber (BackgroundSCMService.java:start(68)) - Starting BackgroundPipelineScrubber Service.
2023-04-02 14:00:56,913 [Time-limited test] INFO  ha.SCMServiceManager (SCMServiceManager.java:register(42)) - Registering service BackgroundPipelineScrubber.
2023-04-02 14:00:56,925 [Time-limited test] INFO  ExpiredContainerReplicaOpScrubber (BackgroundSCMService.java:start(68)) - Starting ExpiredContainerReplicaOpScrubber Service.
2023-04-02 14:00:56,925 [Time-limited test] INFO  ha.SCMServiceManager (SCMServiceManager.java:register(42)) - Registering service ExpiredContainerReplicaOpScrubber.
2023-04-02 14:00:56,987 [Time-limited test] INFO  algorithms.PipelineChoosePolicyFactory (PipelineChoosePolicyFactory.java:createPipelineChoosePolicyFromClass(73)) - Create pipeline choose policy of type org.apache.hadoop.hdds.scm.pipeline.choose.algorithms.RandomPipelineChoosePolicy
2023-04-02 14:00:57,017 [Time-limited test] INFO  ha.SCMServiceManager (SCMServiceManager.java:register(42)) - Registering service SCMBlockDeletingService.
2023-04-02 14:00:57,093 [Time-limited test] INFO  replication.ReplicationManager (ReplicationManager.java:start(288)) - Starting Replication Monitor Thread.
2023-04-02 14:00:57,102 [Time-limited test] INFO  ha.SCMServiceManager (SCMServiceManager.java:register(42)) - Registering service ReplicationManager.
2023-04-02 14:00:57,105 [ReplicationMonitor] INFO  replication.ReplicationManager (ReplicationManager.java:processAll(363)) - Replication Manager is not ready to run until 3000ms after safemode exit
2023-04-02 14:00:57,113 [Time-limited test] INFO  safemode.ContainerSafeModeRule (ContainerSafeModeRule.java:<init>(89)) - containers with one replica threshold count 0
2023-04-02 14:00:57,117 [Time-limited test] INFO  safemode.HealthyPipelineSafeModeRule (HealthyPipelineSafeModeRule.java:initializeRule(169)) - Total pipeline count is 0, healthy pipeline threshold count is 1
2023-04-02 14:00:57,119 [Time-limited test] INFO  safemode.OneReplicaPipelineSafeModeRule (OneReplicaPipelineSafeModeRule.java:initializeRule(180)) - Total pipeline count is 0, pipeline's with at least one datanode reported threshold count is 0
2023-04-02 14:00:57,167 [Time-limited test] INFO  server.StorageContainerManager (StorageContainerManager.java:<init>(398)) - SCM start with adminUsers: [runner]
2023-04-02 14:00:57,453 [Time-limited test] INFO  audit.AuditLogger (AuditLogger.java:refreshDebugCmdSet(126)) - Refresh DebugCmdSet for SCMAudit to [].
2023-04-02 14:00:57,490 [Time-limited test] INFO  ipc.CallQueueManager (CallQueueManager.java:<init>(90)) - Using callQueue: class java.util.concurrent.LinkedBlockingQueue, queueCapacity: 2000, scheduler: class org.apache.hadoop.ipc.DefaultRpcScheduler, ipcBackoff: false.
2023-04-02 14:00:57,538 [Socket Reader #1 for port 0] INFO  ipc.Server (Server.java:run(1319)) - Starting Socket Reader #1 for port 0
2023-04-02 14:00:57,627 [Listener at 0.0.0.0/41783] INFO  audit.AuditLogger (AuditLogger.java:refreshDebugCmdSet(126)) - Refresh DebugCmdSet for SCMAudit to [].
2023-04-02 14:00:57,634 [Listener at 0.0.0.0/41783] INFO  ipc.CallQueueManager (CallQueueManager.java:<init>(90)) - Using callQueue: class java.util.concurrent.LinkedBlockingQueue, queueCapacity: 2000, scheduler: class org.apache.hadoop.ipc.DefaultRpcScheduler, ipcBackoff: false.
2023-04-02 14:00:57,636 [Socket Reader #1 for port 0] INFO  ipc.Server (Server.java:run(1319)) - Starting Socket Reader #1 for port 0
2023-04-02 14:00:57,673 [Listener at 0.0.0.0/39713] INFO  audit.AuditLogger (AuditLogger.java:refreshDebugCmdSet(126)) - Refresh DebugCmdSet for SCMAudit to [].
2023-04-02 14:00:57,686 [Listener at 0.0.0.0/39713] INFO  ipc.CallQueueManager (CallQueueManager.java:<init>(90)) - Using callQueue: class java.util.concurrent.LinkedBlockingQueue, queueCapacity: 2000, scheduler: class org.apache.hadoop.ipc.DefaultRpcScheduler, ipcBackoff: false.
2023-04-02 14:00:57,687 [Socket Reader #1 for port 0] INFO  ipc.Server (Server.java:run(1319)) - Starting Socket Reader #1 for port 0
2023-04-02 14:00:57,805 [Listener at 0.0.0.0/46641] INFO  ha.SCMServiceManager (SCMServiceManager.java:register(42)) - Registering service ContainerBalancer.
2023-04-02 14:00:57,809 [Listener at 0.0.0.0/46641] INFO  server.StorageContainerManager (StorageContainerManager.java:<init>(415)) - 
Container Balancer status:
Key                            Value
Running                        false
Container Balancer Configuration values:
Key                                                Value
Threshold                                          10
Max Datanodes to Involve per Iteration(percent)    20
Max Size to Move per Iteration                     500GB
Max Size Entering Target per Iteration             26GB
Max Size Leaving Source per Iteration              26GB

2023-04-02 14:00:57,810 [Listener at 0.0.0.0/46641] INFO  ha.SCMContext (SCMContext.java:updateSafeModeStatus(228)) - Update SafeModeStatus from SafeModeStatus{safeModeStatus=true, preCheckPassed=false} to SafeModeStatus{safeModeStatus=true, preCheckPassed=false}.
2023-04-02 14:00:57,816 [Listener at 0.0.0.0/46641] INFO  server.StorageContainerManager (StorageContainerManager.java:start(1453)) - StorageContainerLocationProtocol RPC server is listening at /0.0.0.0:46641
2023-04-02 14:00:57,891 [Listener at 0.0.0.0/46641] WARN  impl.MetricsConfig (MetricsConfig.java:loadFirst(136)) - Cannot locate configuration: tried hadoop-metrics2-storagecontainermanager.properties,hadoop-metrics2.properties
2023-04-02 14:00:57,908 [Listener at 0.0.0.0/46641] INFO  impl.MetricsSystemImpl (MetricsSystemImpl.java:startTimer(378)) - Scheduled Metric snapshot period at 10 second(s).
2023-04-02 14:00:57,908 [Listener at 0.0.0.0/46641] INFO  impl.MetricsSystemImpl (MetricsSystemImpl.java:start(191)) - StorageContainerManager metrics system started
2023-04-02 14:00:58,196 [Listener at 0.0.0.0/46641] INFO  server.SCMClientProtocolServer (SCMClientProtocolServer.java:start(197)) - RPC server for Client  is listening at /0.0.0.0:46641
2023-04-02 14:00:58,196 [IPC Server Responder] INFO  ipc.Server (Server.java:run(1558)) - IPC Server Responder: starting
2023-04-02 14:00:58,201 [IPC Server listener on 0] INFO  ipc.Server (Server.java:run(1398)) - IPC Server listener on 0: starting
2023-04-02 14:00:58,209 [Listener at 0.0.0.0/46641] INFO  server.StorageContainerManager (StorageContainerManager.java:start(1467)) - ScmBlockLocationProtocol RPC server is listening at /0.0.0.0:39713
2023-04-02 14:00:58,210 [Listener at 0.0.0.0/46641] INFO  server.SCMBlockProtocolServer (SCMBlockProtocolServer.java:start(152)) - RPC server for Block Protocol is listening at /0.0.0.0:39713
2023-04-02 14:00:58,211 [IPC Server Responder] INFO  ipc.Server (Server.java:run(1558)) - IPC Server Responder: starting
2023-04-02 14:00:58,211 [IPC Server listener on 0] INFO  ipc.Server (Server.java:run(1398)) - IPC Server listener on 0: starting
2023-04-02 14:00:58,214 [Listener at 0.0.0.0/46641] INFO  server.SCMDatanodeProtocolServer (SCMDatanodeProtocolServer.java:start(193)) - ScmDatanodeProtocol RPC server for DataNodes is listening at /0.0.0.0:41783
2023-04-02 14:00:58,216 [IPC Server Responder] INFO  ipc.Server (Server.java:run(1558)) - IPC Server Responder: starting
2023-04-02 14:00:58,220 [IPC Server listener on 0] INFO  ipc.Server (Server.java:run(1398)) - IPC Server listener on 0: starting
2023-04-02 14:00:58,246 [org.apache.hadoop.util.JvmPauseMonitor$Monitor@7fa10bbd] INFO  util.JvmPauseMonitor (JvmPauseMonitor.java:run(188)) - Starting JVM pause monitor
2023-04-02 14:00:58,251 [Listener at 0.0.0.0/46641] INFO  http.BaseHttpServer (BaseHttpServer.java:newHttpServer2BuilderForOzone(224)) - Starting Web-server for scm at: http://0.0.0.0:0
2023-04-02 14:00:58,251 [Listener at 0.0.0.0/46641] INFO  http.BaseHttpServer (BaseHttpServer.java:<init>(111)) - Hadoop Security Enabled: false Ozone Security Enabled: false Ozone HTTP Security Enabled: false 
2023-04-02 14:00:58,280 [Listener at 0.0.0.0/46641] INFO  util.log (Log.java:initialized(170)) - Logging initialized @4787ms to org.eclipse.jetty.util.log.Slf4jLog
2023-04-02 14:00:58,381 [Listener at 0.0.0.0/46641] WARN  server.AuthenticationFilter (AuthenticationFilter.java:constructSecretProvider(240)) - Unable to initialize FileSignerSecretProvider, falling back to use random secrets. Reason: Could not read signature secret file: /home/runner/hadoop-http-auth-signature-secret
2023-04-02 14:00:58,388 [Listener at 0.0.0.0/46641] WARN  http.HttpRequestLog (HttpRequestLog.java:getRequestLog(103)) - Jetty request log can only be enabled using Log4j
2023-04-02 14:00:58,396 [Listener at 0.0.0.0/46641] INFO  http.HttpServer2 (HttpServer2.java:addGlobalFilter(1031)) - Added global filter 'safety' (class=org.apache.hadoop.hdds.server.http.HttpServer2$QuotingInputFilter)
2023-04-02 14:00:58,399 [Listener at 0.0.0.0/46641] INFO  http.HttpServer2 (HttpServer2.java:addFilter(1007)) - Added filter static_user_filter (class=org.apache.hadoop.http.lib.StaticUserWebFilter$StaticUserFilter) to context scm
2023-04-02 14:00:58,399 [Listener at 0.0.0.0/46641] INFO  http.HttpServer2 (HttpServer2.java:addFilter(1015)) - Added filter static_user_filter (class=org.apache.hadoop.http.lib.StaticUserWebFilter$StaticUserFilter) to context logs
2023-04-02 14:00:58,400 [Listener at 0.0.0.0/46641] INFO  http.HttpServer2 (HttpServer2.java:addFilter(1015)) - Added filter static_user_filter (class=org.apache.hadoop.http.lib.StaticUserWebFilter$StaticUserFilter) to context static
2023-04-02 14:00:58,437 [Listener at 0.0.0.0/46641] INFO  http.BaseHttpServer (BaseHttpServer.java:<init>(190)) - HTTP server of scm uses base directory /home/runner/work/ozone/ozone/hadoop-ozone/integration-test/target/test-dir/MiniOzoneClusterImpl-e08b4ded-cf26-487b-9197-20d38c9ee5c1/ozone-meta/webserver
2023-04-02 14:00:58,438 [Listener at 0.0.0.0/46641] INFO  http.HttpServer2 (HttpServer2.java:bindListener(1250)) - Jetty bound to port 35385
2023-04-02 14:00:58,439 [Listener at 0.0.0.0/46641] INFO  server.Server (Server.java:doStart(375)) - jetty-9.4.49.v20220914; built: 2022-09-14T01:07:36.601Z; git: 4231a3b2e4cb8548a412a789936d640a97b1aa0a; jvm 1.8.0_362-b09
2023-04-02 14:00:58,488 [Listener at 0.0.0.0/46641] INFO  server.session (DefaultSessionIdManager.java:doStart(334)) - DefaultSessionIdManager workerName=node0
2023-04-02 14:00:58,489 [Listener at 0.0.0.0/46641] INFO  server.session (DefaultSessionIdManager.java:doStart(339)) - No SessionScavenger set, using defaults
2023-04-02 14:00:58,491 [Listener at 0.0.0.0/46641] INFO  server.session (HouseKeeper.java:startScavenging(132)) - node0 Scavenging every 660000ms
2023-04-02 14:00:58,515 [Listener at 0.0.0.0/46641] INFO  handler.ContextHandler (ContextHandler.java:doStart(921)) - Started o.e.j.s.ServletContextHandler@2f335592{logs,/logs,file:///home/runner/work/ozone/ozone/hadoop-ozone/integration-test/target/log,AVAILABLE}
2023-04-02 14:00:58,515 [Listener at 0.0.0.0/46641] INFO  handler.ContextHandler (ContextHandler.java:doStart(921)) - Started o.e.j.s.ServletContextHandler@6259c59a{static,/static,file:///home/runner/work/ozone/ozone/hadoop-ozone/integration-test/target/test-classes/webapps/static,AVAILABLE}
2023-04-02 14:00:58,580 [Listener at 0.0.0.0/46641] INFO  handler.ContextHandler (ContextHandler.java:doStart(921)) - Started o.e.j.w.WebAppContext@792d4911{scm,/,file:///home/runner/work/ozone/ozone/hadoop-ozone/integration-test/target/test-classes/webapps/scm/,AVAILABLE}{file:/home/runner/work/ozone/ozone/hadoop-ozone/integration-test/target/test-classes/webapps/scm}
2023-04-02 14:00:58,591 [Listener at 0.0.0.0/46641] INFO  server.AbstractConnector (AbstractConnector.java:doStart(333)) - Started ServerConnector@d18fa29{HTTP/1.1, (http/1.1)}{0.0.0.0:35385}
2023-04-02 14:00:58,591 [Listener at 0.0.0.0/46641] INFO  server.Server (Server.java:doStart(415)) - Started @5098ms
2023-04-02 14:00:58,595 [Listener at 0.0.0.0/46641] INFO  impl.MetricsSinkAdapter (MetricsSinkAdapter.java:start(204)) - Sink prometheus started
2023-04-02 14:00:58,595 [Listener at 0.0.0.0/46641] INFO  impl.MetricsSystemImpl (MetricsSystemImpl.java:registerSink(305)) - Registered sink prometheus
2023-04-02 14:00:58,597 [Listener at 0.0.0.0/46641] INFO  http.BaseHttpServer (BaseHttpServer.java:updateConnectorAddress(344)) - HTTP server of scm listening at http://0.0.0.0:35385
2023-04-02 14:00:58,599 [Listener at 0.0.0.0/46641] WARN  server.ServerUtils (ServerUtils.java:getDBPath(225)) - ozone.om.db.dirs is not configured. We recommend adding this setting. Falling back to ozone.metadata.dirs instead.
2023-04-02 14:00:58,669 [Listener at 0.0.0.0/46641] INFO  audit.AuditLogger (AuditLogger.java:refreshDebugCmdSet(126)) - Refresh DebugCmdSet for OMAudit to [].
2023-04-02 14:00:58,763 [Listener at 0.0.0.0/46641] INFO  ha.OMHANodeDetails (OMHANodeDetails.java:loadOMHAConfig(115)) - ozone.om.internal.service.id is not defined, falling back to ozone.om.service.ids to find serviceID for OzoneManager if it is HA enabled cluster
2023-04-02 14:00:58,767 [Listener at 0.0.0.0/46641] INFO  ha.OMHANodeDetails (OMHANodeDetails.java:loadOMHAConfig(226)) - Configuration does not have ozone.om.address set. Falling back to the default OM address /127.0.0.1:0
2023-04-02 14:00:58,767 [Listener at 0.0.0.0/46641] INFO  ha.OMHANodeDetails (OMHANodeDetails.java:getOMNodeDetailsForNonHA(254)) - OM Service ID is not set. Setting it to the default ID: omServiceIdDefault
2023-04-02 14:00:58,767 [Listener at 0.0.0.0/46641] INFO  ha.OMHANodeDetails (OMHANodeDetails.java:getOMNodeDetailsForNonHA(261)) - OM Node ID is not set. Setting it to the default ID: om1
2023-04-02 14:00:58,772 [Listener at 0.0.0.0/46641] WARN  server.ServerUtils (ServerUtils.java:getDBPath(225)) - ozone.om.db.dirs is not configured. We recommend adding this setting. Falling back to ozone.metadata.dirs instead.
2023-04-02 14:00:58,775 [Listener at 0.0.0.0/46641] INFO  upgrade.AbstractLayoutVersionManager (AbstractLayoutVersionManager.java:init(83)) - Initializing Layout version manager with metadata layout = MULTITENANCY_SCHEMA (version = 3), software layout = MULTITENANCY_SCHEMA (version = 3)
2023-04-02 14:00:58,875 [Listener at 0.0.0.0/46641] INFO  reflections.Reflections (Reflections.java:scan(232)) - Reflections took 95 ms to scan 2 urls, producing 170 keys and 470 values [using 2 cores]
2023-04-02 14:00:58,887 [Listener at 0.0.0.0/46641] INFO  upgrade.OMLayoutVersionManager (OMLayoutVersionManager.java:lambda$0(115)) - Skipping Upgrade Action MockOmUpgradeAction since it has been finalized.
2023-04-02 14:00:58,890 [Listener at 0.0.0.0/46641] WARN  server.ServerUtils (ServerUtils.java:getDBPath(225)) - ozone.om.db.dirs is not configured. We recommend adding this setting. Falling back to ozone.metadata.dirs instead.
2023-04-02 14:00:59,076 [Listener at 0.0.0.0/46641] INFO  proxy.SCMBlockLocationFailoverProxyProvider (SCMBlockLocationFailoverProxyProvider.java:<init>(114)) - Created block location fail-over proxy with 1 nodes: [nodeId=scmNodeId,nodeAddress=/0.0.0.0:39713]
2023-04-02 14:00:59,118 [Listener at 0.0.0.0/46641] INFO  proxy.SCMBlockLocationFailoverProxyProvider (SCMBlockLocationFailoverProxyProvider.java:<init>(114)) - Created block location fail-over proxy with 1 nodes: [nodeId=scmNodeId,nodeAddress=/0.0.0.0:39713]
2023-04-02 14:00:59,408 [Listener at 0.0.0.0/46641] INFO  om.OzoneManager (OzoneManager.java:<init>(627)) - OM start with adminUsers: [runner]
2023-04-02 14:00:59,420 [Listener at 0.0.0.0/46641] WARN  server.ServerUtils (ServerUtils.java:getDBPath(225)) - ozone.om.db.dirs is not configured. We recommend adding this setting. Falling back to ozone.metadata.dirs instead.
2023-04-02 14:00:59,427 [Listener at 0.0.0.0/46641] INFO  codec.OmKeyInfoCodec (OmKeyInfoCodec.java:<init>(49)) - OmKeyInfoCodec ignorePipeline = true
2023-04-02 14:00:59,429 [Listener at 0.0.0.0/46641] INFO  codec.RepeatedOmKeyInfoCodec (RepeatedOmKeyInfoCodec.java:<init>(41)) - RepeatedOmKeyInfoCodec ignorePipeline = true
2023-04-02 14:00:59,679 [Listener at 0.0.0.0/46641] INFO  om.OzoneManager (OzoneManager.java:instantiateServices(757)) - S3 Multi-Tenancy is disabled
2023-04-02 14:00:59,710 [Listener at 0.0.0.0/46641] WARN  server.ServerUtils (ServerUtils.java:getDBPath(225)) - ozone.om.snapshot.diff.db.dir is not configured. We recommend adding this setting. Falling back to ozone.metadata.dirs instead.
2023-04-02 14:00:59,819 [Listener at 0.0.0.0/46641] INFO  om.OzoneManager (OzoneManager.java:addS3GVolumeToDB(4264)) - Created Volume s3v With Owner runner required for S3Gateway operations.
2023-04-02 14:00:59,888 [Listener at 0.0.0.0/46641] WARN  server.ServerUtils (ServerUtils.java:getDefaultRatisDirectory(237)) - Storage directory for Ratis is not configured. It is a good idea to map this to an SSD disk. Falling back to ozone.metadata.dirs
2023-04-02 14:00:59,889 [Listener at 0.0.0.0/46641] WARN  utils.OzoneManagerRatisUtils (OzoneManagerRatisUtils.java:getOMRatisSnapshotDirectory(446)) - ozone.om.ratis.snapshot.dir is not configured. Falling back to ozone.metadata.dirs config
2023-04-02 14:00:59,909 [Listener at 0.0.0.0/46641] WARN  server.ServerUtils (ServerUtils.java:getDefaultRatisDirectory(237)) - Storage directory for Ratis is not configured. It is a good idea to map this to an SSD disk. Falling back to ozone.metadata.dirs
2023-04-02 14:00:59,946 [Listener at 0.0.0.0/46641] INFO  ratis.OzoneManagerRatisServer (OzoneManagerRatisServer.java:<init>(163)) - Instantiating OM Ratis server with groupID: omServiceIdDefault and peers: localhost:9872
2023-04-02 14:00:59,956 [Listener at 0.0.0.0/46641] INFO  ratis.OzoneManagerStateMachine (OzoneManagerStateMachine.java:loadSnapshotInfoFromDB(636)) - LastAppliedIndex is set from TransactionInfo from OM DB as (t:0, i:~)
2023-04-02 14:01:00,012 [Listener at 0.0.0.0/46641] INFO  server.RaftServer (ConfUtils.java:logGet(46)) - raft.rpc.type = GRPC (default)
2023-04-02 14:01:00,093 [Listener at 0.0.0.0/46641] INFO  grpc.GrpcConfigKeys (ConfUtils.java:logFallback(53)) - raft.grpc.admin.host = null (fallback to raft.grpc.server.host)
2023-04-02 14:01:00,095 [Listener at 0.0.0.0/46641] INFO  grpc.GrpcConfigKeys (ConfUtils.java:logFallback(53)) - raft.grpc.admin.port = 9872 (fallback to raft.grpc.server.port)
2023-04-02 14:01:00,095 [Listener at 0.0.0.0/46641] INFO  grpc.GrpcConfigKeys (ConfUtils.java:logFallback(53)) - raft.grpc.client.host = null (fallback to raft.grpc.server.host)
2023-04-02 14:01:00,096 [Listener at 0.0.0.0/46641] INFO  grpc.GrpcConfigKeys (ConfUtils.java:logFallback(53)) - raft.grpc.client.port = 9872 (fallback to raft.grpc.server.port)
2023-04-02 14:01:00,096 [Listener at 0.0.0.0/46641] INFO  grpc.GrpcConfigKeys (ConfUtils.java:logGet(46)) - raft.grpc.server.host = null (default)
2023-04-02 14:01:00,096 [Listener at 0.0.0.0/46641] INFO  grpc.GrpcConfigKeys (ConfUtils.java:logGet(46)) - raft.grpc.server.port = 9872 (custom)
2023-04-02 14:01:00,097 [Listener at 0.0.0.0/46641] INFO  server.GrpcService (ConfUtils.java:logGet(46)) - raft.grpc.message.size.max = 33554432 (custom)
2023-04-02 14:01:00,098 [Listener at 0.0.0.0/46641] INFO  server.RaftServerConfigKeys (ConfUtils.java:logGet(46)) - raft.server.log.appender.buffer.byte-limit = 33554432 (custom)
2023-04-02 14:01:00,099 [Listener at 0.0.0.0/46641] INFO  server.GrpcService (ConfUtils.java:logGet(46)) - raft.grpc.flow.control.window = 1MB (=1048576) (default)
2023-04-02 14:01:00,099 [Listener at 0.0.0.0/46641] INFO  server.RaftServerConfigKeys (ConfUtils.java:logGet(46)) - raft.server.rpc.request.timeout = 3000ms (default)
2023-04-02 14:01:00,112 [Listener at 0.0.0.0/46641] INFO  grpc.GrpcConfigKeys (ConfUtils.java:logGet(46)) - raft.grpc.server.heartbeat.channel = true (default)
2023-04-02 14:01:00,115 [Listener at 0.0.0.0/46641] INFO  grpc.GrpcConfigKeys (ConfUtils.java:logGet(46)) - raft.grpc.server.async.request.thread.pool.cached = true (default)
2023-04-02 14:01:00,116 [Listener at 0.0.0.0/46641] INFO  grpc.GrpcConfigKeys (ConfUtils.java:logGet(46)) - raft.grpc.server.async.request.thread.pool.size = 32 (default)
2023-04-02 14:01:00,350 [Listener at 0.0.0.0/46641] INFO  impl.DataStreamServerImpl (ConfUtils.java:logGet(46)) - raft.datastream.type = DISABLED (default)
2023-04-02 14:01:00,352 [Listener at 0.0.0.0/46641] INFO  server.RaftServerConfigKeys (ConfUtils.java:logGet(46)) - raft.server.threadpool.proxy.cached = true (default)
2023-04-02 14:01:00,353 [Listener at 0.0.0.0/46641] INFO  server.RaftServerConfigKeys (ConfUtils.java:logGet(46)) - raft.server.threadpool.proxy.size = 0 (default)
2023-04-02 14:01:00,353 [Listener at 0.0.0.0/46641] INFO  server.RaftServerConfigKeys (ConfUtils.java:logGet(46)) - raft.server.rpc.slowness.timeout = 120s (custom)
2023-04-02 14:01:00,354 [Listener at 0.0.0.0/46641] INFO  server.RaftServerConfigKeys (ConfUtils.java:logGet(46)) - raft.server.leaderelection.leader.step-down.wait-time = 10s (default)
2023-04-02 14:01:00,357 [Listener at 0.0.0.0/46641] INFO  server.RaftServerConfigKeys (ConfUtils.java:logGet(46)) - raft.server.storage.dir = [/home/runner/work/ozone/ozone/hadoop-ozone/integration-test/target/test-dir/MiniOzoneClusterImpl-e08b4ded-cf26-487b-9197-20d38c9ee5c1/ozone-meta/ratis] (custom)
2023-04-02 14:01:00,368 [Listener at 0.0.0.0/46641] INFO  server.RaftServer (RaftServerProxy.java:addNew(96)) - om1: addNew group-C5BA1605619E:[om1|rpc:localhost:9872|priority:0|startupRole:FOLLOWER] returns group-C5BA1605619E:java.util.concurrent.CompletableFuture@5be74f2a[Not completed]
2023-04-02 14:01:00,368 [Listener at 0.0.0.0/46641] INFO  om.OzoneManager (OzoneManager.java:initializeRatisServer(2106)) - OzoneManager Ratis server initialized at port 9872
2023-04-02 14:01:00,372 [Listener at 0.0.0.0/46641] INFO  om.OzoneManager (OzoneManager.java:getRpcServer(1142)) - Creating RPC Server
2023-04-02 14:01:00,397 [pool-60-thread-1] INFO  server.RaftServer$Division (RaftServerImpl.java:<init>(195)) - om1: new RaftServerImpl for group-C5BA1605619E:[om1|rpc:localhost:9872|priority:0|startupRole:FOLLOWER] with OzoneManagerStateMachine:uninitialized
2023-04-02 14:01:00,399 [pool-60-thread-1] INFO  server.RaftServerConfigKeys (ConfUtils.java:logGet(46)) - raft.server.rpc.timeout.min = 1s (custom)
2023-04-02 14:01:00,399 [pool-60-thread-1] INFO  server.RaftServerConfigKeys (ConfUtils.java:logGet(46)) - raft.server.rpc.timeout.max = 1200ms (custom)
2023-04-02 14:01:00,400 [pool-60-thread-1] INFO  server.RaftServerConfigKeys (ConfUtils.java:logGet(46)) - raft.server.rpc.sleep.time = 25ms (default)
2023-04-02 14:01:00,400 [pool-60-thread-1] INFO  server.RaftServerConfigKeys (ConfUtils.java:logGet(46)) - raft.server.rpc.slowness.timeout = 120s (custom)
2023-04-02 14:01:00,400 [pool-60-thread-1] INFO  server.RaftServerConfigKeys (ConfUtils.java:logGet(46)) - raft.server.leaderelection.leader.step-down.wait-time = 10s (default)
2023-04-02 14:01:00,400 [pool-60-thread-1] INFO  server.RaftServerConfigKeys (ConfUtils.java:logGet(46)) - raft.server.sleep.deviation.threshold = 300ms (default)
2023-04-02 14:01:00,408 [pool-60-thread-1] INFO  server.RaftServer$Division (ServerState.java:<init>(118)) - om1@group-C5BA1605619E: ConfigurationManager, init=-1: peers:[om1|rpc:localhost:9872|priority:0|startupRole:FOLLOWER]|listeners:[], old=null, confs=<EMPTY_MAP>
2023-04-02 14:01:00,408 [pool-60-thread-1] INFO  server.RaftServerConfigKeys (ConfUtils.java:logGet(46)) - raft.server.storage.dir = [/home/runner/work/ozone/ozone/hadoop-ozone/integration-test/target/test-dir/MiniOzoneClusterImpl-e08b4ded-cf26-487b-9197-20d38c9ee5c1/ozone-meta/ratis] (custom)
2023-04-02 14:01:00,421 [pool-60-thread-1] INFO  server.RaftServerConfigKeys (ConfUtils.java:logGet(46)) - raft.server.log.corruption.policy = EXCEPTION (default)
2023-04-02 14:01:00,422 [pool-60-thread-1] INFO  server.RaftServerConfigKeys (ConfUtils.java:logGet(46)) - raft.server.storage.free-space.min = 0MB (=0) (default)
2023-04-02 14:01:00,456 [pool-60-thread-1] INFO  server.RaftServerConfigKeys (ConfUtils.java:logGet(46)) - raft.server.notification.no-leader.timeout = 120s (custom)
2023-04-02 14:01:00,461 [pool-60-thread-1] INFO  server.RaftServerConfigKeys (ConfUtils.java:logGet(46)) - raft.server.retrycache.expirytime = 300s (custom)
2023-04-02 14:01:00,464 [pool-60-thread-1] INFO  server.RaftServerConfigKeys (ConfUtils.java:logGet(46)) - raft.server.retrycache.statistics.expirytime = 100μs (default)
2023-04-02 14:01:00,683 [pool-60-thread-1] INFO  server.RaftServerConfigKeys (ConfUtils.java:logGet(46)) - raft.server.log.appender.install.snapshot.enabled = false (custom)
2023-04-02 14:01:00,686 [pool-60-thread-1] INFO  server.RaftServerConfigKeys (ConfUtils.java:logGet(46)) - raft.server.threadpool.server.cached = true (default)
2023-04-02 14:01:00,686 [pool-60-thread-1] INFO  server.RaftServerConfigKeys (ConfUtils.java:logGet(46)) - raft.server.threadpool.server.size = 0 (default)
2023-04-02 14:01:00,689 [pool-60-thread-1] INFO  server.RaftServerConfigKeys (ConfUtils.java:logGet(46)) - raft.server.threadpool.client.cached = true (default)
2023-04-02 14:01:00,689 [pool-60-thread-1] INFO  server.RaftServerConfigKeys (ConfUtils.java:logGet(46)) - raft.server.threadpool.client.size = 0 (default)
2023-04-02 14:01:01,412 [Listener at 0.0.0.0/46641] INFO  reflections.Reflections (Reflections.java:scan(232)) - Reflections took 942 ms to scan 19 urls, producing 68 keys and 5018 values [using 2 cores]
2023-04-02 14:01:01,617 [Listener at 0.0.0.0/46641] INFO  ipc.CallQueueManager (CallQueueManager.java:<init>(90)) - Using callQueue: class java.util.concurrent.LinkedBlockingQueue, queueCapacity: 2000, scheduler: class org.apache.hadoop.ipc.DefaultRpcScheduler, ipcBackoff: false.
2023-04-02 14:01:01,620 [Socket Reader #1 for port 0] INFO  ipc.Server (Server.java:run(1319)) - Starting Socket Reader #1 for port 0
2023-04-02 14:01:01,661 [Listener at 127.0.0.1/38335] INFO  impl.MetricsSystemImpl (MetricsSystemImpl.java:init(158)) - OzoneManager metrics system started (again)
2023-04-02 14:01:01,679 [Listener at 127.0.0.1/38335] INFO  om.OzoneManager (OzoneManager.java:start(1563)) - OzoneManager RPC server is listening at localhost/127.0.0.1:38335
2023-04-02 14:01:01,680 [Listener at 127.0.0.1/38335] INFO  ratis.OzoneManagerRatisServer (OzoneManagerRatisServer.java:start(558)) - Starting OzoneManagerRatisServer om1 at port 9872
2023-04-02 14:01:01,683 [om1-impl-thread1] INFO  storage.RaftStorageDirectory (RaftStorageDirectoryImpl.java:analyzeStorage(137)) - The storage directory /home/runner/work/ozone/ozone/hadoop-ozone/integration-test/target/test-dir/MiniOzoneClusterImpl-e08b4ded-cf26-487b-9197-20d38c9ee5c1/ozone-meta/ratis/bf265839-605b-3f16-9796-c5ba1605619e does not exist. Creating ...
2023-04-02 14:01:01,688 [om1-impl-thread1] INFO  storage.RaftStorageDirectory (RaftStorageDirectoryImpl.java:tryLock(231)) - Lock on /home/runner/work/ozone/ozone/hadoop-ozone/integration-test/target/test-dir/MiniOzoneClusterImpl-e08b4ded-cf26-487b-9197-20d38c9ee5c1/ozone-meta/ratis/bf265839-605b-3f16-9796-c5ba1605619e/in_use.lock acquired by nodename 38458@fv-az449-305
2023-04-02 14:01:01,694 [om1-impl-thread1] INFO  storage.RaftStorage (RaftStorageImpl.java:format(96)) - Storage directory /home/runner/work/ozone/ozone/hadoop-ozone/integration-test/target/test-dir/MiniOzoneClusterImpl-e08b4ded-cf26-487b-9197-20d38c9ee5c1/ozone-meta/ratis/bf265839-605b-3f16-9796-c5ba1605619e has been successfully formatted.
2023-04-02 14:01:01,696 [om1-impl-thread1] INFO  server.RaftServerConfigKeys (ConfUtils.java:logGet(46)) - raft.server.log.use.memory = false (default)
2023-04-02 14:01:01,705 [om1-impl-thread1] INFO  server.RaftServerConfigKeys (ConfUtils.java:logGet(46)) - raft.server.log.purge.gap = 1000000 (custom)
2023-04-02 14:01:01,705 [om1-impl-thread1] INFO  server.RaftServerConfigKeys (ConfUtils.java:logGet(46)) - raft.server.log.appender.buffer.byte-limit = 33554432 (custom)
2023-04-02 14:01:01,707 [om1-impl-thread1] INFO  server.RaftServerConfigKeys (ConfUtils.java:logGet(46)) - raft.server.log.statemachine.data.read.timeout = 1000ms (default)
2023-04-02 14:01:01,710 [om1-impl-thread1] INFO  server.RaftServerConfigKeys (ConfUtils.java:logGet(46)) - raft.server.log.purge.preservation.log.num = 0 (default)
2023-04-02 14:01:01,713 [om1-impl-thread1] INFO  server.RaftServerConfigKeys (ConfUtils.java:logGet(46)) - raft.server.log.segment.size.max = 4194304 (custom)
2023-04-02 14:01:01,722 [om1-impl-thread1] INFO  server.RaftServerConfigKeys (ConfUtils.java:logGet(46)) - raft.server.log.segment.cache.num.max = 2 (custom)
2023-04-02 14:01:01,722 [om1-impl-thread1] INFO  server.RaftServerConfigKeys (ConfUtils.java:logGet(46)) - raft.server.log.segment.cache.size.max = 200MB (=209715200) (default)
2023-04-02 14:01:01,729 [om1-impl-thread1] INFO  segmented.SegmentedRaftLogWorker (SegmentedRaftLogWorker.java:<init>(189)) - new om1@group-C5BA1605619E-SegmentedRaftLogWorker for RaftStorageImpl:Storage Directory /home/runner/work/ozone/ozone/hadoop-ozone/integration-test/target/test-dir/MiniOzoneClusterImpl-e08b4ded-cf26-487b-9197-20d38c9ee5c1/ozone-meta/ratis/bf265839-605b-3f16-9796-c5ba1605619e
2023-04-02 14:01:01,730 [om1-impl-thread1] INFO  server.RaftServerConfigKeys (ConfUtils.java:logGet(46)) - raft.server.log.queue.byte-limit = 64MB (=67108864) (default)
2023-04-02 14:01:01,730 [om1-impl-thread1] INFO  server.RaftServerConfigKeys (ConfUtils.java:logGet(46)) - raft.server.log.queue.element-limit = 4096 (default)
2023-04-02 14:01:01,732 [om1-impl-thread1] INFO  server.RaftServerConfigKeys (ConfUtils.java:logGet(46)) - raft.server.log.segment.size.max = 4194304 (custom)
2023-04-02 14:01:01,732 [om1-impl-thread1] INFO  server.RaftServerConfigKeys (ConfUtils.java:logGet(46)) - raft.server.log.preallocated.size = 4194304 (custom)
2023-04-02 14:01:01,733 [om1-impl-thread1] INFO  server.RaftServerConfigKeys (ConfUtils.java:logGet(46)) - raft.server.log.force.sync.num = 128 (default)
2023-04-02 14:01:01,734 [om1-impl-thread1] INFO  server.RaftServerConfigKeys (ConfUtils.java:logGet(46)) - raft.server.log.statemachine.data.sync = true (default)
2023-04-02 14:01:01,734 [om1-impl-thread1] INFO  server.RaftServerConfigKeys (ConfUtils.java:logGet(46)) - raft.server.log.statemachine.data.sync.timeout = 10s (default)
2023-04-02 14:01:01,734 [om1-impl-thread1] INFO  server.RaftServerConfigKeys (ConfUtils.java:logGet(46)) - raft.server.log.statemachine.data.sync.timeout.retry = -1 (default)
2023-04-02 14:01:01,746 [om1-impl-thread1] INFO  server.RaftServerConfigKeys (ConfUtils.java:logGet(46)) - raft.server.log.write.buffer.size = 64KB (=65536) (default)
2023-04-02 14:01:01,746 [om1-impl-thread1] INFO  server.RaftServerConfigKeys (ConfUtils.java:logGet(46)) - raft.server.log.appender.buffer.byte-limit = 33554432 (custom)
2023-04-02 14:01:01,752 [om1-impl-thread1] INFO  server.RaftServerConfigKeys (ConfUtils.java:logGet(46)) - raft.server.log.unsafe-flush.enabled = false (default)
2023-04-02 14:01:01,753 [om1-impl-thread1] INFO  server.RaftServerConfigKeys (ConfUtils.java:logGet(46)) - raft.server.log.async-flush.enabled = false (default)
2023-04-02 14:01:01,753 [om1-impl-thread1] INFO  server.RaftServerConfigKeys (ConfUtils.java:logGet(46)) - raft.server.log.statemachine.data.caching.enabled = false (default)
2023-04-02 14:01:01,762 [om1-impl-thread1] INFO  segmented.SegmentedRaftLogWorker (SegmentedRaftLogWorker.java:lambda$new$0(135)) - om1@group-C5BA1605619E-SegmentedRaftLogWorker: flushIndex: setUnconditionally 0 -> -1
2023-04-02 14:01:01,762 [om1-impl-thread1] INFO  segmented.SegmentedRaftLogWorker (SegmentedRaftLogWorker.java:lambda$new$0(135)) - om1@group-C5BA1605619E-SegmentedRaftLogWorker: safeCacheEvictIndex: setUnconditionally 0 -> -1
2023-04-02 14:01:01,766 [om1-impl-thread1] INFO  server.RaftServer$Division (RaftServerImpl.java:start(334)) - om1@group-C5BA1605619E: start as a follower, conf=-1: peers:[om1|rpc:localhost:9872|priority:0|startupRole:FOLLOWER]|listeners:[], old=null
2023-04-02 14:01:01,769 [om1-impl-thread1] INFO  server.RaftServer$Division (RaftServerImpl.java:setRole(321)) - om1@group-C5BA1605619E: changes role from      null to FOLLOWER at term 0 for startAsFollower
2023-04-02 14:01:01,772 [om1-impl-thread1] INFO  impl.RoleInfo (RoleInfo.java:updateAndGet(139)) - om1: start om1@group-C5BA1605619E-FollowerState
2023-04-02 14:01:01,772 [om1@group-C5BA1605619E-FollowerState] INFO  server.RaftServerConfigKeys (ConfUtils.java:logFallback(53)) - raft.server.rpc.first-election.timeout.min = 1s (fallback to raft.server.rpc.timeout.min)
2023-04-02 14:01:01,773 [om1@group-C5BA1605619E-FollowerState] INFO  server.RaftServerConfigKeys (ConfUtils.java:logFallback(53)) - raft.server.rpc.first-election.timeout.max = 1200ms (fallback to raft.server.rpc.timeout.max)
2023-04-02 14:01:01,773 [om1-impl-thread1] INFO  util.JmxRegister (JmxRegister.java:tryRegister(44)) - Successfully registered JMX Bean with object name Ratis:service=RaftServer,group=group-C5BA1605619E,id=om1
2023-04-02 14:01:01,776 [om1-impl-thread1] INFO  server.RaftServerConfigKeys (ConfUtils.java:logGet(46)) - raft.server.snapshot.auto.trigger.enabled = true (custom)
2023-04-02 14:01:01,777 [om1-impl-thread1] INFO  server.RaftServerConfigKeys (ConfUtils.java:logGet(46)) - raft.server.snapshot.auto.trigger.threshold = 400000 (default)
2023-04-02 14:01:01,777 [om1-impl-thread1] INFO  server.RaftServerConfigKeys (ConfUtils.java:logGet(46)) - raft.server.snapshot.retention.file.num = -1 (default)
2023-04-02 14:01:01,778 [om1-impl-thread1] INFO  server.RaftServerConfigKeys (ConfUtils.java:logGet(46)) - raft.server.log.purge.upto.snapshot.index = true (custom)
2023-04-02 14:01:01,782 [Listener at 127.0.0.1/38335] INFO  server.RaftServer (RaftServerProxy.java:startImpl(393)) - om1: start RPC server
2023-04-02 14:01:01,837 [Listener at 127.0.0.1/38335] INFO  server.GrpcService (GrpcService.java:startImpl(262)) - om1: GrpcService started, listening on 9872
2023-04-02 14:01:01,840 [Listener at 127.0.0.1/38335] INFO  om.OzoneManager (OzoneManager.java:start(1579)) - Version File has different layout version (3) than OM DB (null). That is expected if this OM has never been finalized to a newer layout version.
2023-04-02 14:01:01,843 [JvmPauseMonitor0] INFO  util.JvmPauseMonitor (JvmPauseMonitor.java:run(105)) - JvmPauseMonitor-om1: Started
2023-04-02 14:01:01,869 [Listener at 127.0.0.1/38335] INFO  http.BaseHttpServer (BaseHttpServer.java:newHttpServer2BuilderForOzone(224)) - Starting Web-server for ozoneManager at: http://0.0.0.0:0
2023-04-02 14:01:01,870 [Listener at 127.0.0.1/38335] INFO  http.BaseHttpServer (BaseHttpServer.java:<init>(111)) - Hadoop Security Enabled: false Ozone Security Enabled: false Ozone HTTP Security Enabled: false 
2023-04-02 14:01:01,871 [Listener at 127.0.0.1/38335] WARN  server.AuthenticationFilter (AuthenticationFilter.java:constructSecretProvider(240)) - Unable to initialize FileSignerSecretProvider, falling back to use random secrets. Reason: Could not read signature secret file: /home/runner/hadoop-http-auth-signature-secret
2023-04-02 14:01:01,875 [Listener at 127.0.0.1/38335] WARN  http.HttpRequestLog (HttpRequestLog.java:getRequestLog(103)) - Jetty request log can only be enabled using Log4j
2023-04-02 14:01:01,878 [Listener at 127.0.0.1/38335] INFO  http.HttpServer2 (HttpServer2.java:addGlobalFilter(1031)) - Added global filter 'safety' (class=org.apache.hadoop.hdds.server.http.HttpServer2$QuotingInputFilter)
2023-04-02 14:01:01,880 [Listener at 127.0.0.1/38335] INFO  http.HttpServer2 (HttpServer2.java:addFilter(1007)) - Added filter static_user_filter (class=org.apache.hadoop.http.lib.StaticUserWebFilter$StaticUserFilter) to context ozoneManager
2023-04-02 14:01:01,882 [Listener at 127.0.0.1/38335] INFO  http.HttpServer2 (HttpServer2.java:addFilter(1015)) - Added filter static_user_filter (class=org.apache.hadoop.http.lib.StaticUserWebFilter$StaticUserFilter) to context logs
2023-04-02 14:01:01,882 [Listener at 127.0.0.1/38335] INFO  http.HttpServer2 (HttpServer2.java:addFilter(1015)) - Added filter static_user_filter (class=org.apache.hadoop.http.lib.StaticUserWebFilter$StaticUserFilter) to context static
2023-04-02 14:01:01,883 [Listener at 127.0.0.1/38335] INFO  http.BaseHttpServer (BaseHttpServer.java:<init>(190)) - HTTP server of ozoneManager uses base directory /home/runner/work/ozone/ozone/hadoop-ozone/integration-test/target/test-dir/MiniOzoneClusterImpl-e08b4ded-cf26-487b-9197-20d38c9ee5c1/ozone-meta/webserver
2023-04-02 14:01:01,886 [Listener at 127.0.0.1/38335] INFO  http.HttpServer2 (HttpServer2.java:bindListener(1250)) - Jetty bound to port 41979
2023-04-02 14:01:01,886 [Listener at 127.0.0.1/38335] INFO  server.Server (Server.java:doStart(375)) - jetty-9.4.49.v20220914; built: 2022-09-14T01:07:36.601Z; git: 4231a3b2e4cb8548a412a789936d640a97b1aa0a; jvm 1.8.0_362-b09
2023-04-02 14:01:01,890 [Listener at 127.0.0.1/38335] INFO  server.session (DefaultSessionIdManager.java:doStart(334)) - DefaultSessionIdManager workerName=node0
2023-04-02 14:01:01,890 [Listener at 127.0.0.1/38335] INFO  server.session (DefaultSessionIdManager.java:doStart(339)) - No SessionScavenger set, using defaults
2023-04-02 14:01:01,890 [Listener at 127.0.0.1/38335] INFO  server.session (HouseKeeper.java:startScavenging(132)) - node0 Scavenging every 660000ms
2023-04-02 14:01:01,891 [Listener at 127.0.0.1/38335] INFO  handler.ContextHandler (ContextHandler.java:doStart(921)) - Started o.e.j.s.ServletContextHandler@2692cc16{logs,/logs,file:///home/runner/work/ozone/ozone/hadoop-ozone/integration-test/target/log,AVAILABLE}
2023-04-02 14:01:01,892 [Listener at 127.0.0.1/38335] INFO  handler.ContextHandler (ContextHandler.java:doStart(921)) - Started o.e.j.s.ServletContextHandler@313da221{static,/static,file:///home/runner/work/ozone/ozone/hadoop-ozone/integration-test/target/test-classes/webapps/static,AVAILABLE}
2023-04-02 14:01:01,895 [Listener at 127.0.0.1/38335] INFO  handler.ContextHandler (ContextHandler.java:doStart(921)) - Started o.e.j.w.WebAppContext@61286c09{ozoneManager,/,file:///home/runner/work/ozone/ozone/hadoop-ozone/integration-test/target/test-classes/webapps/ozoneManager/,AVAILABLE}{file:/home/runner/work/ozone/ozone/hadoop-ozone/integration-test/target/test-classes/webapps/ozoneManager}
2023-04-02 14:01:01,902 [Listener at 127.0.0.1/38335] INFO  server.AbstractConnector (AbstractConnector.java:doStart(333)) - Started ServerConnector@5d9b5972{HTTP/1.1, (http/1.1)}{0.0.0.0:41979}
2023-04-02 14:01:01,903 [Listener at 127.0.0.1/38335] INFO  server.Server (Server.java:doStart(415)) - Started @8409ms
2023-04-02 14:01:01,903 [Listener at 127.0.0.1/38335] WARN  impl.MetricsSystemImpl (MetricsSystemImpl.java:register(279)) - Sink prometheus already exists!
2023-04-02 14:01:01,905 [Listener at 127.0.0.1/38335] INFO  http.BaseHttpServer (BaseHttpServer.java:updateConnectorAddress(344)) - HTTP server of ozoneManager listening at http://0.0.0.0:41979
2023-04-02 14:01:01,907 [IPC Server Responder] INFO  ipc.Server (Server.java:run(1558)) - IPC Server Responder: starting
2023-04-02 14:01:01,907 [IPC Server listener on 0] INFO  ipc.Server (Server.java:run(1398)) - IPC Server listener on 0: starting
2023-04-02 14:01:01,912 [Listener at 127.0.0.1/38335] INFO  om.OzoneManager (OzoneManager.java:startTrashEmptier(2050)) - Trash Interval set to 0. Files deleted won't move to trash
2023-04-02 14:01:01,922 [org.apache.hadoop.util.JvmPauseMonitor$Monitor@1d0bc58f] INFO  util.JvmPauseMonitor (JvmPauseMonitor.java:run(188)) - Starting JVM pause monitor
2023-04-02 14:01:02,065 [Listener at 127.0.0.1/38335] WARN  impl.MetricRegistriesImpl (MetricRegistriesImpl.java:addReporterRegistration(111)) - New reporters are added after registries were created. Some metrics will be missing from the reporter. Please add reporter before adding any new registry.
2023-04-02 14:01:02,065 [Listener at 127.0.0.1/38335] WARN  impl.MetricRegistriesImpl (MetricRegistriesImpl.java:addReporterRegistration(111)) - New reporters are added after registries were created. Some metrics will be missing from the reporter. Please add reporter before adding any new registry.
2023-04-02 14:01:02,065 [Listener at 127.0.0.1/38335] INFO  impl.MetricsSystemImpl (MetricsSystemImpl.java:init(158)) - HddsDatanode metrics system started (again)
2023-04-02 14:01:02,086 [Listener at 127.0.0.1/38335] INFO  ozone.HddsDatanodeService (HddsDatanodeService.java:start(252)) - HddsDatanodeService host:fv-az449-305.jvjgdiodbn4ungrcbaap0pmvbb.dx.internal.cloudapp.net ip:10.1.0.35
2023-04-02 14:01:02,123 [Listener at 127.0.0.1/38335] INFO  upgrade.AbstractLayoutVersionManager (AbstractLayoutVersionManager.java:init(83)) - Initializing Layout version manager with metadata layout = WEBUI_PORTS_IN_DATANODEDETAILS (version = 6), software layout = WEBUI_PORTS_IN_DATANODEDETAILS (version = 6)
2023-04-02 14:01:02,186 [Listener at 127.0.0.1/38335] INFO  reflections.Reflections (Reflections.java:scan(232)) - Reflections took 61 ms to scan 7 urls, producing 155 keys and 368 values 
2023-04-02 14:01:02,191 [Listener at 127.0.0.1/38335] INFO  statemachine.DatanodeStateMachine (DatanodeStateMachine.java:getEndPointTaskThreadPoolSize(260)) - Datanode State Machine Task Thread Pool size 2
2023-04-02 14:01:02,263 [Listener at 127.0.0.1/38335] INFO  volume.HddsVolume (HddsVolume.java:<init>(130)) - Creating HddsVolume: /home/runner/work/ozone/ozone/hadoop-ozone/integration-test/target/test-dir/MiniOzoneClusterImpl-e08b4ded-cf26-487b-9197-20d38c9ee5c1/datanode-0/data-0/containers/hdds of storage type : DISK capacity : 9223372036854775807
2023-04-02 14:01:02,266 [Listener at 127.0.0.1/38335] INFO  volume.MutableVolumeSet (MutableVolumeSet.java:initializeVolumeSet(175)) - Added Volume : /home/runner/work/ozone/ozone/hadoop-ozone/integration-test/target/test-dir/MiniOzoneClusterImpl-e08b4ded-cf26-487b-9197-20d38c9ee5c1/datanode-0/data-0/containers/hdds to VolumeSet
2023-04-02 14:01:02,267 [Listener at 127.0.0.1/38335] INFO  volume.ThrottledAsyncChecker (ThrottledAsyncChecker.java:schedule(141)) - Scheduling a check for /home/runner/work/ozone/ozone/hadoop-ozone/integration-test/target/test-dir/MiniOzoneClusterImpl-e08b4ded-cf26-487b-9197-20d38c9ee5c1/datanode-0/data-0/containers/hdds
2023-04-02 14:01:02,289 [Listener at 127.0.0.1/38335] INFO  volume.StorageVolumeChecker (StorageVolumeChecker.java:checkAllVolumes(202)) - Scheduled health check for volume /home/runner/work/ozone/ozone/hadoop-ozone/integration-test/target/test-dir/MiniOzoneClusterImpl-e08b4ded-cf26-487b-9197-20d38c9ee5c1/datanode-0/data-0/containers/hdds
2023-04-02 14:01:02,311 [Listener at 127.0.0.1/38335] INFO  volume.MutableVolumeSet (MutableVolumeSet.java:initializeVolumeSet(175)) - Added Volume : /home/runner/work/ozone/ozone/hadoop-ozone/integration-test/target/test-dir/MiniOzoneClusterImpl-e08b4ded-cf26-487b-9197-20d38c9ee5c1/datanode-0/data/ratis to VolumeSet
2023-04-02 14:01:02,311 [Listener at 127.0.0.1/38335] INFO  volume.ThrottledAsyncChecker (ThrottledAsyncChecker.java:schedule(141)) - Scheduling a check for /home/runner/work/ozone/ozone/hadoop-ozone/integration-test/target/test-dir/MiniOzoneClusterImpl-e08b4ded-cf26-487b-9197-20d38c9ee5c1/datanode-0/data/ratis
2023-04-02 14:01:02,312 [Listener at 127.0.0.1/38335] INFO  volume.StorageVolumeChecker (StorageVolumeChecker.java:checkAllVolumes(202)) - Scheduled health check for volume /home/runner/work/ozone/ozone/hadoop-ozone/integration-test/target/test-dir/MiniOzoneClusterImpl-e08b4ded-cf26-487b-9197-20d38c9ee5c1/datanode-0/data/ratis
2023-04-02 14:01:02,386 [Thread-137] INFO  ozoneimpl.ContainerReader (ContainerReader.java:readVolume(175)) - Finish verifying containers on volume /home/runner/work/ozone/ozone/hadoop-ozone/integration-test/target/test-dir/MiniOzoneClusterImpl-e08b4ded-cf26-487b-9197-20d38c9ee5c1/datanode-0/data-0/containers/hdds
2023-04-02 14:01:02,388 [Listener at 127.0.0.1/38335] INFO  ozoneimpl.OzoneContainer (OzoneContainer.java:buildContainerSet(303)) - Build ContainerSet costs 0s
2023-04-02 14:01:02,451 [Listener at 127.0.0.1/38335] INFO  audit.AuditLogger (AuditLogger.java:refreshDebugCmdSet(126)) - Refresh DebugCmdSet for DNAudit to [].
2023-04-02 14:01:02,485 [Listener at 127.0.0.1/38335] INFO  server.RaftServer (ConfUtils.java:logGet(46)) - raft.rpc.type = GRPC (default)
2023-04-02 14:01:02,485 [Listener at 127.0.0.1/38335] INFO  grpc.GrpcConfigKeys (ConfUtils.java:logFallback(53)) - raft.grpc.admin.host = null (fallback to raft.grpc.server.host)
2023-04-02 14:01:02,485 [Listener at 127.0.0.1/38335] INFO  grpc.GrpcConfigKeys (ConfUtils.java:logGet(46)) - raft.grpc.admin.port = 0 (custom)
2023-04-02 14:01:02,486 [Listener at 127.0.0.1/38335] INFO  grpc.GrpcConfigKeys (ConfUtils.java:logFallback(53)) - raft.grpc.client.host = null (fallback to raft.grpc.server.host)
2023-04-02 14:01:02,486 [Listener at 127.0.0.1/38335] INFO  grpc.GrpcConfigKeys (ConfUtils.java:logGet(46)) - raft.grpc.client.port = 0 (custom)
2023-04-02 14:01:02,487 [Listener at 127.0.0.1/38335] INFO  grpc.GrpcConfigKeys (ConfUtils.java:logGet(46)) - raft.grpc.server.host = null (default)
2023-04-02 14:01:02,488 [Listener at 127.0.0.1/38335] INFO  grpc.GrpcConfigKeys (ConfUtils.java:logGet(46)) - raft.grpc.server.port = 0 (default)
2023-04-02 14:01:02,489 [Listener at 127.0.0.1/38335] INFO  server.GrpcService (ConfUtils.java:logGet(46)) - raft.grpc.message.size.max = 32MB (=33554432) (custom)
2023-04-02 14:01:02,489 [Listener at 127.0.0.1/38335] INFO  server.RaftServerConfigKeys (ConfUtils.java:logGet(46)) - raft.server.log.appender.buffer.byte-limit = 33554432 (custom)
2023-04-02 14:01:02,489 [Listener at 127.0.0.1/38335] INFO  server.GrpcService (ConfUtils.java:logGet(46)) - raft.grpc.flow.control.window = 5MB (=5242880) (custom)
2023-04-02 14:01:02,490 [Listener at 127.0.0.1/38335] INFO  server.RaftServerConfigKeys (ConfUtils.java:logGet(46)) - raft.server.rpc.request.timeout = 3000ms (default)
2023-04-02 14:01:02,492 [Listener at 127.0.0.1/38335] INFO  grpc.GrpcConfigKeys (ConfUtils.java:logGet(46)) - raft.grpc.server.heartbeat.channel = true (default)
2023-04-02 14:01:02,493 [Listener at 127.0.0.1/38335] INFO  grpc.GrpcConfigKeys (ConfUtils.java:logGet(46)) - raft.grpc.server.async.request.thread.pool.cached = true (default)
2023-04-02 14:01:02,495 [Listener at 127.0.0.1/38335] INFO  grpc.GrpcConfigKeys (ConfUtils.java:logGet(46)) - raft.grpc.server.async.request.thread.pool.size = 32 (default)
2023-04-02 14:01:02,499 [Listener at 127.0.0.1/38335] INFO  impl.DataStreamServerImpl (ConfUtils.java:logGet(46)) - raft.datastream.type = NETTY (custom)
2023-04-02 14:01:02,510 [Listener at 127.0.0.1/38335] INFO  server.RaftServerConfigKeys (ConfUtils.java:logGet(46)) - raft.server.data-stream.async.request.thread.pool.cached = false (default)
2023-04-02 14:01:02,511 [Listener at 127.0.0.1/38335] INFO  server.RaftServerConfigKeys (ConfUtils.java:logGet(46)) - raft.server.data-stream.async.request.thread.pool.size = 20 (custom)
2023-04-02 14:01:02,511 [Listener at 127.0.0.1/38335] INFO  server.RaftServerConfigKeys (ConfUtils.java:logGet(46)) - raft.server.data-stream.async.write.thread.pool.size = 16 (default)
2023-04-02 14:01:02,512 [Listener at 127.0.0.1/38335] INFO  server.RaftServerConfigKeys (ConfUtils.java:logGet(46)) - raft.server.data-stream.client.pool.size = 10 (default)
2023-04-02 14:01:02,515 [Listener at 127.0.0.1/38335] INFO  netty.NettyConfigKeys$DataStream (ConfUtils.java:logGet(46)) - raft.netty.dataStream.server.use-epoll = false (default)
2023-04-02 14:01:02,516 [Listener at 127.0.0.1/38335] INFO  netty.NettyConfigKeys$DataStream (ConfUtils.java:logGet(46)) - raft.netty.dataStream.server.boss-group.size = 0 (default)
2023-04-02 14:01:02,523 [Listener at 127.0.0.1/38335] INFO  netty.NettyConfigKeys$DataStream (ConfUtils.java:logGet(46)) - raft.netty.dataStream.server.worker-group.size = 0 (default)
2023-04-02 14:01:02,524 [Listener at 127.0.0.1/38335] INFO  netty.NettyConfigKeys$DataStream (ConfUtils.java:logGet(46)) - raft.netty.dataStream.server.tls.conf = null (default)
2023-04-02 14:01:02,526 [Listener at 127.0.0.1/38335] INFO  netty.NettyConfigKeys$DataStream (ConfUtils.java:logGet(46)) - raft.netty.dataStream.host = null (default)
2023-04-02 14:01:02,526 [Listener at 127.0.0.1/38335] INFO  netty.NettyConfigKeys$DataStream (ConfUtils.java:logGet(46)) - raft.netty.dataStream.port = 0 (default)
2023-04-02 14:01:02,535 [Listener at 127.0.0.1/38335] INFO  server.RaftServerConfigKeys (ConfUtils.java:logGet(46)) - raft.server.threadpool.proxy.cached = true (default)
2023-04-02 14:01:02,536 [Listener at 127.0.0.1/38335] INFO  server.RaftServerConfigKeys (ConfUtils.java:logGet(46)) - raft.server.threadpool.proxy.size = 0 (default)
2023-04-02 14:01:02,536 [Listener at 127.0.0.1/38335] INFO  server.RaftServerConfigKeys (ConfUtils.java:logGet(46)) - raft.server.rpc.slowness.timeout = 300000ms (custom)
2023-04-02 14:01:02,536 [Listener at 127.0.0.1/38335] INFO  server.RaftServerConfigKeys (ConfUtils.java:logGet(46)) - raft.server.leaderelection.leader.step-down.wait-time = 10s (default)
2023-04-02 14:01:02,536 [Listener at 127.0.0.1/38335] INFO  server.RaftServerConfigKeys (ConfUtils.java:logGet(46)) - raft.server.storage.dir = [/home/runner/work/ozone/ozone/hadoop-ozone/integration-test/target/test-dir/MiniOzoneClusterImpl-e08b4ded-cf26-487b-9197-20d38c9ee5c1/datanode-0/data/ratis] (custom)
2023-04-02 14:01:02,562 [Listener at 127.0.0.1/38335] INFO  server.XceiverServerGrpc (XceiverServerGrpc.java:<init>(132)) - GrpcServer channel type EpollServerSocketChannel
2023-04-02 14:01:02,565 [4c149094-c8c7-466f-8837-6623514047e5-NettyServerStreamRpc-bossGroup--thread1] INFO  logging.LoggingHandler (AbstractInternalLogger.java:log(148)) - [id: 0x334ffff4] REGISTERED
2023-04-02 14:01:02,565 [4c149094-c8c7-466f-8837-6623514047e5-NettyServerStreamRpc-bossGroup--thread1] INFO  logging.LoggingHandler (AbstractInternalLogger.java:log(148)) - [id: 0x334ffff4] BIND: 0.0.0.0/0.0.0.0:0
2023-04-02 14:01:02,567 [4c149094-c8c7-466f-8837-6623514047e5-NettyServerStreamRpc-bossGroup--thread1] INFO  logging.LoggingHandler (AbstractInternalLogger.java:log(148)) - [id: 0x334ffff4, L:/0:0:0:0:0:0:0:0:38539] ACTIVE
2023-04-02 14:01:02,648 [Listener at 127.0.0.1/38335] INFO  http.BaseHttpServer (BaseHttpServer.java:newHttpServer2BuilderForOzone(224)) - Starting Web-server for hddsDatanode at: http://0.0.0.0:0
2023-04-02 14:01:02,648 [Listener at 127.0.0.1/38335] INFO  http.BaseHttpServer (BaseHttpServer.java:<init>(111)) - Hadoop Security Enabled: false Ozone Security Enabled: false Ozone HTTP Security Enabled: false 
2023-04-02 14:01:02,650 [Listener at 127.0.0.1/38335] WARN  server.AuthenticationFilter (AuthenticationFilter.java:constructSecretProvider(240)) - Unable to initialize FileSignerSecretProvider, falling back to use random secrets. Reason: Could not read signature secret file: /home/runner/hadoop-http-auth-signature-secret
2023-04-02 14:01:02,650 [Listener at 127.0.0.1/38335] WARN  http.HttpRequestLog (HttpRequestLog.java:getRequestLog(103)) - Jetty request log can only be enabled using Log4j
2023-04-02 14:01:02,652 [Listener at 127.0.0.1/38335] INFO  http.HttpServer2 (HttpServer2.java:addGlobalFilter(1031)) - Added global filter 'safety' (class=org.apache.hadoop.hdds.server.http.HttpServer2$QuotingInputFilter)
2023-04-02 14:01:02,653 [Listener at 127.0.0.1/38335] INFO  http.HttpServer2 (HttpServer2.java:addFilter(1007)) - Added filter static_user_filter (class=org.apache.hadoop.http.lib.StaticUserWebFilter$StaticUserFilter) to context hddsDatanode
2023-04-02 14:01:02,653 [Listener at 127.0.0.1/38335] INFO  http.HttpServer2 (HttpServer2.java:addFilter(1015)) - Added filter static_user_filter (class=org.apache.hadoop.http.lib.StaticUserWebFilter$StaticUserFilter) to context static
2023-04-02 14:01:02,653 [Listener at 127.0.0.1/38335] INFO  http.HttpServer2 (HttpServer2.java:addFilter(1015)) - Added filter static_user_filter (class=org.apache.hadoop.http.lib.StaticUserWebFilter$StaticUserFilter) to context logs
2023-04-02 14:01:02,654 [Listener at 127.0.0.1/38335] INFO  http.BaseHttpServer (BaseHttpServer.java:<init>(190)) - HTTP server of hddsDatanode uses base directory /home/runner/work/ozone/ozone/hadoop-ozone/integration-test/target/test-dir/MiniOzoneClusterImpl-e08b4ded-cf26-487b-9197-20d38c9ee5c1/datanode-0/meta/webserver
2023-04-02 14:01:02,654 [Listener at 127.0.0.1/38335] INFO  http.HttpServer2 (HttpServer2.java:bindListener(1250)) - Jetty bound to port 43519
2023-04-02 14:01:02,654 [Listener at 127.0.0.1/38335] INFO  server.Server (Server.java:doStart(375)) - jetty-9.4.49.v20220914; built: 2022-09-14T01:07:36.601Z; git: 4231a3b2e4cb8548a412a789936d640a97b1aa0a; jvm 1.8.0_362-b09
2023-04-02 14:01:02,661 [Listener at 127.0.0.1/38335] INFO  server.session (DefaultSessionIdManager.java:doStart(334)) - DefaultSessionIdManager workerName=node0
2023-04-02 14:01:02,661 [Listener at 127.0.0.1/38335] INFO  server.session (DefaultSessionIdManager.java:doStart(339)) - No SessionScavenger set, using defaults
2023-04-02 14:01:02,661 [Listener at 127.0.0.1/38335] INFO  server.session (HouseKeeper.java:startScavenging(132)) - node0 Scavenging every 600000ms
2023-04-02 14:01:02,662 [Listener at 127.0.0.1/38335] INFO  handler.ContextHandler (ContextHandler.java:doStart(921)) - Started o.e.j.s.ServletContextHandler@3473b01b{logs,/logs,file:///home/runner/work/ozone/ozone/hadoop-ozone/integration-test/target/log,AVAILABLE}
2023-04-02 14:01:02,663 [Listener at 127.0.0.1/38335] INFO  handler.ContextHandler (ContextHandler.java:doStart(921)) - Started o.e.j.s.ServletContextHandler@2a0e51ce{static,/static,jar:file:/home/runner/.m2/repository/org/apache/ozone/hdds-container-service/1.4.0-SNAPSHOT/hdds-container-service-1.4.0-SNAPSHOT.jar!/webapps/static,AVAILABLE}
2023-04-02 14:01:02,837 [om1@group-C5BA1605619E-FollowerState] INFO  impl.FollowerState (FollowerState.java:run(143)) - om1@group-C5BA1605619E-FollowerState: change to CANDIDATE, lastRpcElapsedTime:1066201480ns, electionTimeout:1062ms
2023-04-02 14:01:02,839 [om1@group-C5BA1605619E-FollowerState] INFO  impl.RoleInfo (RoleInfo.java:shutdownFollowerState(110)) - om1: shutdown om1@group-C5BA1605619E-FollowerState
2023-04-02 14:01:02,839 [om1@group-C5BA1605619E-FollowerState] INFO  server.RaftServer$Division (RaftServerImpl.java:setRole(321)) - om1@group-C5BA1605619E: changes role from  FOLLOWER to CANDIDATE at term 0 for changeToCandidate
2023-04-02 14:01:02,843 [om1@group-C5BA1605619E-FollowerState] INFO  server.RaftServerConfigKeys (ConfUtils.java:logGet(46)) - raft.server.leaderelection.pre-vote = true (default)
2023-04-02 14:01:02,843 [om1@group-C5BA1605619E-FollowerState] INFO  impl.RoleInfo (RoleInfo.java:updateAndGet(139)) - om1: start om1@group-C5BA1605619E-LeaderElection1
2023-04-02 14:01:02,851 [om1@group-C5BA1605619E-LeaderElection1] INFO  impl.LeaderElection (LeaderElection.java:askForVotes(312)) - om1@group-C5BA1605619E-LeaderElection1 PRE_VOTE round 0: submit vote requests at term 0 for -1: peers:[om1|rpc:localhost:9872|priority:0|startupRole:FOLLOWER]|listeners:[], old=null
2023-04-02 14:01:02,852 [om1@group-C5BA1605619E-LeaderElection1] INFO  impl.LeaderElection (LeaderElection.java:askForVotes(314)) - om1@group-C5BA1605619E-LeaderElection1 PRE_VOTE round 0: result PASSED (term=0)
2023-04-02 14:01:02,855 [om1@group-C5BA1605619E-LeaderElection1] INFO  impl.LeaderElection (LeaderElection.java:askForVotes(312)) - om1@group-C5BA1605619E-LeaderElection1 ELECTION round 0: submit vote requests at term 1 for -1: peers:[om1|rpc:localhost:9872|priority:0|startupRole:FOLLOWER]|listeners:[], old=null
2023-04-02 14:01:02,855 [om1@group-C5BA1605619E-LeaderElection1] INFO  impl.LeaderElection (LeaderElection.java:askForVotes(314)) - om1@group-C5BA1605619E-LeaderElection1 ELECTION round 0: result PASSED (term=1)
2023-04-02 14:01:02,855 [om1@group-C5BA1605619E-LeaderElection1] INFO  impl.RoleInfo (RoleInfo.java:shutdownLeaderElection(130)) - om1: shutdown om1@group-C5BA1605619E-LeaderElection1
2023-04-02 14:01:02,856 [om1@group-C5BA1605619E-LeaderElection1] INFO  server.RaftServer$Division (RaftServerImpl.java:setRole(321)) - om1@group-C5BA1605619E: changes role from CANDIDATE to LEADER at term 1 for changeToLeader
2023-04-02 14:01:02,856 [om1@group-C5BA1605619E-LeaderElection1] INFO  server.RaftServer$Division (ServerState.java:setLeader(313)) - om1@group-C5BA1605619E: change Leader from null to om1 at term 1 for becomeLeader, leader elected after 2400ms
2023-04-02 14:01:02,862 [om1@group-C5BA1605619E-LeaderElection1] INFO  server.RaftServerConfigKeys (ConfUtils.java:logGet(46)) - raft.server.staging.catchup.gap = 1000 (default)
2023-04-02 14:01:02,867 [om1@group-C5BA1605619E-LeaderElection1] INFO  server.RaftServerConfigKeys (ConfUtils.java:logGet(46)) - raft.server.write.element-limit = 4096 (default)
2023-04-02 14:01:02,868 [om1@group-C5BA1605619E-LeaderElection1] INFO  server.RaftServerConfigKeys (ConfUtils.java:logGet(46)) - raft.server.write.byte-limit = 64MB (=67108864) (default)
2023-04-02 14:01:02,873 [om1@group-C5BA1605619E-LeaderElection1] INFO  server.RaftServerConfigKeys (ConfUtils.java:logGet(46)) - raft.server.watch.timeout = 10s (default)
2023-04-02 14:01:02,873 [om1@group-C5BA1605619E-LeaderElection1] INFO  server.RaftServerConfigKeys (ConfUtils.java:logGet(46)) - raft.server.watch.timeout.denomination = 1s (default)
2023-04-02 14:01:02,874 [om1@group-C5BA1605619E-LeaderElection1] INFO  server.RaftServerConfigKeys (ConfUtils.java:logGet(46)) - raft.server.watch.element-limit = 65536 (default)
2023-04-02 14:01:02,878 [om1@group-C5BA1605619E-LeaderElection1] INFO  server.RaftServerConfigKeys (ConfUtils.java:logGet(46)) - raft.server.write.element-limit = 4096 (default)
2023-04-02 14:01:02,880 [om1@group-C5BA1605619E-LeaderElection1] INFO  server.RaftServerConfigKeys (ConfUtils.java:logGet(46)) - raft.server.write.follower.gap.ratio.max = -1.0 (default)
2023-04-02 14:01:02,883 [om1@group-C5BA1605619E-LeaderElection1] INFO  impl.RoleInfo (RoleInfo.java:updateAndGet(139)) - om1: start om1@group-C5BA1605619E-LeaderStateImpl
2023-04-02 14:01:02,909 [om1@group-C5BA1605619E-LeaderElection1] INFO  segmented.SegmentedRaftLogWorker (SegmentedRaftLogWorker.java:startLogSegment(452)) - om1@group-C5BA1605619E-SegmentedRaftLogWorker: Starting segment from index:0
2023-04-02 14:01:02,981 [om1@group-C5BA1605619E-LeaderElection1] INFO  server.RaftServer$Division (ServerState.java:setRaftConf(430)) - om1@group-C5BA1605619E: set configuration 0: peers:[om1|rpc:localhost:9872|admin:|client:|dataStream:|priority:0|startupRole:FOLLOWER]|listeners:[], old=null
2023-04-02 14:01:03,039 [om1@group-C5BA1605619E-SegmentedRaftLogWorker] INFO  segmented.SegmentedRaftLogWorker (SegmentedRaftLogWorker.java:execute(656)) - om1@group-C5BA1605619E-SegmentedRaftLogWorker: created new log segment /home/runner/work/ozone/ozone/hadoop-ozone/integration-test/target/test-dir/MiniOzoneClusterImpl-e08b4ded-cf26-487b-9197-20d38c9ee5c1/ozone-meta/ratis/bf265839-605b-3f16-9796-c5ba1605619e/current/log_inprogress_0
2023-04-02 14:01:03,065 [Listener at 127.0.0.1/38335] INFO  handler.ContextHandler (ContextHandler.java:doStart(921)) - Started o.e.j.w.WebAppContext@48faab3d{hddsDatanode,/,file:///home/runner/work/ozone/ozone/hadoop-ozone/integration-test/target/test-dir/MiniOzoneClusterImpl-e08b4ded-cf26-487b-9197-20d38c9ee5c1/datanode-0/meta/webserver/jetty-0_0_0_0-43519-hdds-container-service-1_4_0-SNAPSHOT_jar-_-any-8973500791870389473/webapp/,AVAILABLE}{jar:file:/home/runner/.m2/repository/org/apache/ozone/hdds-container-service/1.4.0-SNAPSHOT/hdds-container-service-1.4.0-SNAPSHOT.jar!/webapps/hddsDatanode}
2023-04-02 14:01:03,068 [Listener at 127.0.0.1/38335] INFO  server.AbstractConnector (AbstractConnector.java:doStart(333)) - Started ServerConnector@4b125445{HTTP/1.1, (http/1.1)}{0.0.0.0:43519}
2023-04-02 14:01:03,069 [Listener at 127.0.0.1/38335] INFO  server.Server (Server.java:doStart(415)) - Started @9576ms
2023-04-02 14:01:03,069 [Listener at 127.0.0.1/38335] WARN  impl.MetricsSystemImpl (MetricsSystemImpl.java:register(279)) - Sink prometheus already exists!
2023-04-02 14:01:03,071 [Listener at 127.0.0.1/38335] INFO  http.BaseHttpServer (BaseHttpServer.java:updateConnectorAddress(344)) - HTTP server of hddsDatanode listening at http://0.0.0.0:43519
2023-04-02 14:01:03,083 [Listener at 127.0.0.1/38335] WARN  impl.MetricRegistriesImpl (MetricRegistriesImpl.java:addReporterRegistration(111)) - New reporters are added after registries were created. Some metrics will be missing from the reporter. Please add reporter before adding any new registry.
2023-04-02 14:01:03,083 [Listener at 127.0.0.1/38335] WARN  impl.MetricRegistriesImpl (MetricRegistriesImpl.java:addReporterRegistration(111)) - New reporters are added after registries were created. Some metrics will be missing from the reporter. Please add reporter before adding any new registry.
2023-04-02 14:01:03,083 [Listener at 127.0.0.1/38335] INFO  impl.MetricsSystemImpl (MetricsSystemImpl.java:init(158)) - HddsDatanode metrics system started (again)
2023-04-02 14:01:03,084 [Datanode State Machine Daemon Thread] INFO  statemachine.DatanodeStateMachine (DatanodeStateMachine.java:lambda$startDaemon$0(517)) - Ozone container server started.
2023-04-02 14:01:03,114 [org.apache.hadoop.util.JvmPauseMonitor$Monitor@503d8e28] INFO  util.JvmPauseMonitor (JvmPauseMonitor.java:run(188)) - Starting JVM pause monitor
2023-04-02 14:01:03,114 [Listener at 127.0.0.1/38335] INFO  ozone.HddsDatanodeService (HddsDatanodeService.java:start(252)) - HddsDatanodeService host:fv-az449-305.jvjgdiodbn4ungrcbaap0pmvbb.dx.internal.cloudapp.net ip:10.1.0.35
2023-04-02 14:01:03,166 [Listener at 127.0.0.1/38335] INFO  upgrade.AbstractLayoutVersionManager (AbstractLayoutVersionManager.java:init(83)) - Initializing Layout version manager with metadata layout = WEBUI_PORTS_IN_DATANODEDETAILS (version = 6), software layout = WEBUI_PORTS_IN_DATANODEDETAILS (version = 6)
2023-04-02 14:01:03,184 [om1@group-C5BA1605619E-StateMachineUpdater] INFO  ratis.OzoneManagerStateMachine (OzoneManagerStateMachine.java:notifyConfigurationChanged(192)) - Received Configuration change notification from Ratis. New Peer list:
[id: "om1"
address: "localhost:9872"
startupRole: FOLLOWER
]
2023-04-02 14:01:03,328 [Listener at 127.0.0.1/38335] INFO  reflections.Reflections (Reflections.java:scan(232)) - Reflections took 159 ms to scan 7 urls, producing 155 keys and 368 values 
2023-04-02 14:01:03,333 [Listener at 127.0.0.1/38335] INFO  statemachine.DatanodeStateMachine (DatanodeStateMachine.java:getEndPointTaskThreadPoolSize(260)) - Datanode State Machine Task Thread Pool size 2
2023-04-02 14:01:03,339 [Listener at 127.0.0.1/38335] INFO  volume.HddsVolume (HddsVolume.java:<init>(130)) - Creating HddsVolume: /home/runner/work/ozone/ozone/hadoop-ozone/integration-test/target/test-dir/MiniOzoneClusterImpl-e08b4ded-cf26-487b-9197-20d38c9ee5c1/datanode-1/data-0/containers/hdds of storage type : DISK capacity : 9223372036854775807
2023-04-02 14:01:03,339 [Listener at 127.0.0.1/38335] INFO  volume.MutableVolumeSet (MutableVolumeSet.java:initializeVolumeSet(175)) - Added Volume : /home/runner/work/ozone/ozone/hadoop-ozone/integration-test/target/test-dir/MiniOzoneClusterImpl-e08b4ded-cf26-487b-9197-20d38c9ee5c1/datanode-1/data-0/containers/hdds to VolumeSet
2023-04-02 14:01:03,339 [Listener at 127.0.0.1/38335] INFO  volume.ThrottledAsyncChecker (ThrottledAsyncChecker.java:schedule(141)) - Scheduling a check for /home/runner/work/ozone/ozone/hadoop-ozone/integration-test/target/test-dir/MiniOzoneClusterImpl-e08b4ded-cf26-487b-9197-20d38c9ee5c1/datanode-1/data-0/containers/hdds
2023-04-02 14:01:03,342 [Listener at 127.0.0.1/38335] INFO  volume.StorageVolumeChecker (StorageVolumeChecker.java:checkAllVolumes(202)) - Scheduled health check for volume /home/runner/work/ozone/ozone/hadoop-ozone/integration-test/target/test-dir/MiniOzoneClusterImpl-e08b4ded-cf26-487b-9197-20d38c9ee5c1/datanode-1/data-0/containers/hdds
2023-04-02 14:01:03,363 [Listener at 127.0.0.1/38335] INFO  volume.MutableVolumeSet (MutableVolumeSet.java:initializeVolumeSet(175)) - Added Volume : /home/runner/work/ozone/ozone/hadoop-ozone/integration-test/target/test-dir/MiniOzoneClusterImpl-e08b4ded-cf26-487b-9197-20d38c9ee5c1/datanode-1/data/ratis to VolumeSet
2023-04-02 14:01:03,363 [Listener at 127.0.0.1/38335] INFO  volume.ThrottledAsyncChecker (ThrottledAsyncChecker.java:schedule(141)) - Scheduling a check for /home/runner/work/ozone/ozone/hadoop-ozone/integration-test/target/test-dir/MiniOzoneClusterImpl-e08b4ded-cf26-487b-9197-20d38c9ee5c1/datanode-1/data/ratis
2023-04-02 14:01:03,364 [Listener at 127.0.0.1/38335] INFO  volume.StorageVolumeChecker (StorageVolumeChecker.java:checkAllVolumes(202)) - Scheduled health check for volume /home/runner/work/ozone/ozone/hadoop-ozone/integration-test/target/test-dir/MiniOzoneClusterImpl-e08b4ded-cf26-487b-9197-20d38c9ee5c1/datanode-1/data/ratis
2023-04-02 14:01:03,379 [Thread-153] INFO  ozoneimpl.ContainerReader (ContainerReader.java:readVolume(175)) - Finish verifying containers on volume /home/runner/work/ozone/ozone/hadoop-ozone/integration-test/target/test-dir/MiniOzoneClusterImpl-e08b4ded-cf26-487b-9197-20d38c9ee5c1/datanode-1/data-0/containers/hdds
2023-04-02 14:01:03,380 [Listener at 127.0.0.1/38335] INFO  ozoneimpl.OzoneContainer (OzoneContainer.java:buildContainerSet(303)) - Build ContainerSet costs 0s
2023-04-02 14:01:03,386 [Datanode State Machine Task Thread - 0] INFO  datanode.InitDatanodeState (InitDatanodeState.java:persistContainerDatanodeDetails(138)) - DatanodeDetails is persisted to /home/runner/work/ozone/ozone/hadoop-ozone/integration-test/target/test-dir/MiniOzoneClusterImpl-e08b4ded-cf26-487b-9197-20d38c9ee5c1/datanode-0/meta/datanode.id
2023-04-02 14:01:03,388 [Listener at 127.0.0.1/38335] INFO  server.RaftServer (ConfUtils.java:logGet(46)) - raft.rpc.type = GRPC (default)
2023-04-02 14:01:03,389 [Listener at 127.0.0.1/38335] INFO  grpc.GrpcConfigKeys (ConfUtils.java:logFallback(53)) - raft.grpc.admin.host = null (fallback to raft.grpc.server.host)
2023-04-02 14:01:03,391 [Listener at 127.0.0.1/38335] INFO  grpc.GrpcConfigKeys (ConfUtils.java:logGet(46)) - raft.grpc.admin.port = 0 (custom)
2023-04-02 14:01:03,392 [Listener at 127.0.0.1/38335] INFO  grpc.GrpcConfigKeys (ConfUtils.java:logFallback(53)) - raft.grpc.client.host = null (fallback to raft.grpc.server.host)
2023-04-02 14:01:03,392 [Listener at 127.0.0.1/38335] INFO  grpc.GrpcConfigKeys (ConfUtils.java:logGet(46)) - raft.grpc.client.port = 0 (custom)
2023-04-02 14:01:03,392 [Listener at 127.0.0.1/38335] INFO  grpc.GrpcConfigKeys (ConfUtils.java:logGet(46)) - raft.grpc.server.host = null (default)
2023-04-02 14:01:03,392 [Listener at 127.0.0.1/38335] INFO  grpc.GrpcConfigKeys (ConfUtils.java:logGet(46)) - raft.grpc.server.port = 0 (default)
2023-04-02 14:01:03,392 [Listener at 127.0.0.1/38335] INFO  server.GrpcService (ConfUtils.java:logGet(46)) - raft.grpc.message.size.max = 32MB (=33554432) (custom)
2023-04-02 14:01:03,392 [Listener at 127.0.0.1/38335] INFO  server.RaftServerConfigKeys (ConfUtils.java:logGet(46)) - raft.server.log.appender.buffer.byte-limit = 33554432 (custom)
2023-04-02 14:01:03,392 [Listener at 127.0.0.1/38335] INFO  server.GrpcService (ConfUtils.java:logGet(46)) - raft.grpc.flow.control.window = 5MB (=5242880) (custom)
2023-04-02 14:01:03,394 [Listener at 127.0.0.1/38335] INFO  server.RaftServerConfigKeys (ConfUtils.java:logGet(46)) - raft.server.rpc.request.timeout = 3000ms (default)
2023-04-02 14:01:03,394 [Listener at 127.0.0.1/38335] INFO  grpc.GrpcConfigKeys (ConfUtils.java:logGet(46)) - raft.grpc.server.heartbeat.channel = true (default)
2023-04-02 14:01:03,394 [Listener at 127.0.0.1/38335] INFO  grpc.GrpcConfigKeys (ConfUtils.java:logGet(46)) - raft.grpc.server.async.request.thread.pool.cached = true (default)
2023-04-02 14:01:03,394 [Listener at 127.0.0.1/38335] INFO  grpc.GrpcConfigKeys (ConfUtils.java:logGet(46)) - raft.grpc.server.async.request.thread.pool.size = 32 (default)
2023-04-02 14:01:03,396 [Listener at 127.0.0.1/38335] INFO  impl.DataStreamServerImpl (ConfUtils.java:logGet(46)) - raft.datastream.type = NETTY (custom)
2023-04-02 14:01:03,398 [Listener at 127.0.0.1/38335] INFO  server.RaftServerConfigKeys (ConfUtils.java:logGet(46)) - raft.server.data-stream.async.request.thread.pool.cached = false (default)
2023-04-02 14:01:03,398 [Listener at 127.0.0.1/38335] INFO  server.RaftServerConfigKeys (ConfUtils.java:logGet(46)) - raft.server.data-stream.async.request.thread.pool.size = 20 (custom)
2023-04-02 14:01:03,398 [Listener at 127.0.0.1/38335] INFO  server.RaftServerConfigKeys (ConfUtils.java:logGet(46)) - raft.server.data-stream.async.write.thread.pool.size = 16 (default)
2023-04-02 14:01:03,398 [Listener at 127.0.0.1/38335] INFO  server.RaftServerConfigKeys (ConfUtils.java:logGet(46)) - raft.server.data-stream.client.pool.size = 10 (default)
2023-04-02 14:01:03,399 [Listener at 127.0.0.1/38335] INFO  netty.NettyConfigKeys$DataStream (ConfUtils.java:logGet(46)) - raft.netty.dataStream.server.use-epoll = false (default)
2023-04-02 14:01:03,399 [Listener at 127.0.0.1/38335] INFO  netty.NettyConfigKeys$DataStream (ConfUtils.java:logGet(46)) - raft.netty.dataStream.server.boss-group.size = 0 (default)
2023-04-02 14:01:03,400 [Listener at 127.0.0.1/38335] INFO  netty.NettyConfigKeys$DataStream (ConfUtils.java:logGet(46)) - raft.netty.dataStream.server.worker-group.size = 0 (default)
2023-04-02 14:01:03,400 [Listener at 127.0.0.1/38335] INFO  netty.NettyConfigKeys$DataStream (ConfUtils.java:logGet(46)) - raft.netty.dataStream.server.tls.conf = null (default)
2023-04-02 14:01:03,400 [Listener at 127.0.0.1/38335] INFO  netty.NettyConfigKeys$DataStream (ConfUtils.java:logGet(46)) - raft.netty.dataStream.host = null (default)
2023-04-02 14:01:03,401 [Listener at 127.0.0.1/38335] INFO  netty.NettyConfigKeys$DataStream (ConfUtils.java:logGet(46)) - raft.netty.dataStream.port = 0 (default)
2023-04-02 14:01:03,403 [Listener at 127.0.0.1/38335] INFO  server.RaftServerConfigKeys (ConfUtils.java:logGet(46)) - raft.server.threadpool.proxy.cached = true (default)
2023-04-02 14:01:03,403 [Listener at 127.0.0.1/38335] INFO  server.RaftServerConfigKeys (ConfUtils.java:logGet(46)) - raft.server.threadpool.proxy.size = 0 (default)
2023-04-02 14:01:03,404 [Listener at 127.0.0.1/38335] INFO  server.RaftServerConfigKeys (ConfUtils.java:logGet(46)) - raft.server.rpc.slowness.timeout = 300000ms (custom)
2023-04-02 14:01:03,404 [Listener at 127.0.0.1/38335] INFO  server.RaftServerConfigKeys (ConfUtils.java:logGet(46)) - raft.server.leaderelection.leader.step-down.wait-time = 10s (default)
2023-04-02 14:01:03,404 [Listener at 127.0.0.1/38335] INFO  server.RaftServerConfigKeys (ConfUtils.java:logGet(46)) - raft.server.storage.dir = [/home/runner/work/ozone/ozone/hadoop-ozone/integration-test/target/test-dir/MiniOzoneClusterImpl-e08b4ded-cf26-487b-9197-20d38c9ee5c1/datanode-1/data/ratis] (custom)
2023-04-02 14:01:03,409 [04d213b6-f61d-4fba-9596-1d72c738ecbb-NettyServerStreamRpc-bossGroup--thread1] INFO  logging.LoggingHandler (AbstractInternalLogger.java:log(148)) - [id: 0xa0c0ece7] REGISTERED
2023-04-02 14:01:03,410 [04d213b6-f61d-4fba-9596-1d72c738ecbb-NettyServerStreamRpc-bossGroup--thread1] INFO  logging.LoggingHandler (AbstractInternalLogger.java:log(148)) - [id: 0xa0c0ece7] BIND: 0.0.0.0/0.0.0.0:0
2023-04-02 14:01:03,410 [04d213b6-f61d-4fba-9596-1d72c738ecbb-NettyServerStreamRpc-bossGroup--thread1] INFO  logging.LoggingHandler (AbstractInternalLogger.java:log(148)) - [id: 0xa0c0ece7, L:/0:0:0:0:0:0:0:0:40503] ACTIVE
2023-04-02 14:01:03,412 [Listener at 127.0.0.1/38335] INFO  server.XceiverServerGrpc (XceiverServerGrpc.java:<init>(132)) - GrpcServer channel type EpollServerSocketChannel
2023-04-02 14:01:03,416 [Listener at 127.0.0.1/38335] INFO  http.BaseHttpServer (BaseHttpServer.java:newHttpServer2BuilderForOzone(224)) - Starting Web-server for hddsDatanode at: http://0.0.0.0:0
2023-04-02 14:01:03,417 [Listener at 127.0.0.1/38335] INFO  http.BaseHttpServer (BaseHttpServer.java:<init>(111)) - Hadoop Security Enabled: false Ozone Security Enabled: false Ozone HTTP Security Enabled: false 
2023-04-02 14:01:03,418 [Listener at 127.0.0.1/38335] WARN  server.AuthenticationFilter (AuthenticationFilter.java:constructSecretProvider(240)) - Unable to initialize FileSignerSecretProvider, falling back to use random secrets. Reason: Could not read signature secret file: /home/runner/hadoop-http-auth-signature-secret
2023-04-02 14:01:03,419 [Listener at 127.0.0.1/38335] WARN  http.HttpRequestLog (HttpRequestLog.java:getRequestLog(103)) - Jetty request log can only be enabled using Log4j
2023-04-02 14:01:03,420 [Listener at 127.0.0.1/38335] INFO  http.HttpServer2 (HttpServer2.java:addGlobalFilter(1031)) - Added global filter 'safety' (class=org.apache.hadoop.hdds.server.http.HttpServer2$QuotingInputFilter)
2023-04-02 14:01:03,421 [Listener at 127.0.0.1/38335] INFO  http.HttpServer2 (HttpServer2.java:addFilter(1007)) - Added filter static_user_filter (class=org.apache.hadoop.http.lib.StaticUserWebFilter$StaticUserFilter) to context hddsDatanode
2023-04-02 14:01:03,421 [Listener at 127.0.0.1/38335] INFO  http.HttpServer2 (HttpServer2.java:addFilter(1015)) - Added filter static_user_filter (class=org.apache.hadoop.http.lib.StaticUserWebFilter$StaticUserFilter) to context static
2023-04-02 14:01:03,422 [Listener at 127.0.0.1/38335] INFO  http.HttpServer2 (HttpServer2.java:addFilter(1015)) - Added filter static_user_filter (class=org.apache.hadoop.http.lib.StaticUserWebFilter$StaticUserFilter) to context logs
2023-04-02 14:01:03,422 [Listener at 127.0.0.1/38335] INFO  http.BaseHttpServer (BaseHttpServer.java:<init>(190)) - HTTP server of hddsDatanode uses base directory /home/runner/work/ozone/ozone/hadoop-ozone/integration-test/target/test-dir/MiniOzoneClusterImpl-e08b4ded-cf26-487b-9197-20d38c9ee5c1/datanode-1/meta/webserver
2023-04-02 14:01:03,422 [Listener at 127.0.0.1/38335] INFO  http.HttpServer2 (HttpServer2.java:bindListener(1250)) - Jetty bound to port 43741
2023-04-02 14:01:03,422 [Listener at 127.0.0.1/38335] INFO  server.Server (Server.java:doStart(375)) - jetty-9.4.49.v20220914; built: 2022-09-14T01:07:36.601Z; git: 4231a3b2e4cb8548a412a789936d640a97b1aa0a; jvm 1.8.0_362-b09
2023-04-02 14:01:03,437 [Listener at 127.0.0.1/38335] INFO  server.session (DefaultSessionIdManager.java:doStart(334)) - DefaultSessionIdManager workerName=node0
2023-04-02 14:01:03,438 [Listener at 127.0.0.1/38335] INFO  server.session (DefaultSessionIdManager.java:doStart(339)) - No SessionScavenger set, using defaults
2023-04-02 14:01:03,438 [Listener at 127.0.0.1/38335] INFO  server.session (HouseKeeper.java:startScavenging(132)) - node0 Scavenging every 660000ms
2023-04-02 14:01:03,440 [Listener at 127.0.0.1/38335] INFO  handler.ContextHandler (ContextHandler.java:doStart(921)) - Started o.e.j.s.ServletContextHandler@4204264a{logs,/logs,file:///home/runner/work/ozone/ozone/hadoop-ozone/integration-test/target/log,AVAILABLE}
2023-04-02 14:01:03,441 [Listener at 127.0.0.1/38335] INFO  handler.ContextHandler (ContextHandler.java:doStart(921)) - Started o.e.j.s.ServletContextHandler@f433d5b{static,/static,jar:file:/home/runner/.m2/repository/org/apache/ozone/hdds-container-service/1.4.0-SNAPSHOT/hdds-container-service-1.4.0-SNAPSHOT.jar!/webapps/static,AVAILABLE}
2023-04-02 14:01:03,690 [Listener at 127.0.0.1/38335] INFO  handler.ContextHandler (ContextHandler.java:doStart(921)) - Started o.e.j.w.WebAppContext@cd7fc3c{hddsDatanode,/,file:///home/runner/work/ozone/ozone/hadoop-ozone/integration-test/target/test-dir/MiniOzoneClusterImpl-e08b4ded-cf26-487b-9197-20d38c9ee5c1/datanode-1/meta/webserver/jetty-0_0_0_0-43741-hdds-container-service-1_4_0-SNAPSHOT_jar-_-any-3410722101071005057/webapp/,AVAILABLE}{jar:file:/home/runner/.m2/repository/org/apache/ozone/hdds-container-service/1.4.0-SNAPSHOT/hdds-container-service-1.4.0-SNAPSHOT.jar!/webapps/hddsDatanode}
2023-04-02 14:01:03,694 [Listener at 127.0.0.1/38335] INFO  server.AbstractConnector (AbstractConnector.java:doStart(333)) - Started ServerConnector@13ace7a4{HTTP/1.1, (http/1.1)}{0.0.0.0:43741}
2023-04-02 14:01:03,695 [Listener at 127.0.0.1/38335] INFO  server.Server (Server.java:doStart(415)) - Started @10202ms
2023-04-02 14:01:03,695 [Listener at 127.0.0.1/38335] WARN  impl.MetricsSystemImpl (MetricsSystemImpl.java:register(279)) - Sink prometheus already exists!
2023-04-02 14:01:03,698 [Listener at 127.0.0.1/38335] INFO  http.BaseHttpServer (BaseHttpServer.java:updateConnectorAddress(344)) - HTTP server of hddsDatanode listening at http://0.0.0.0:43741
2023-04-02 14:01:03,699 [Listener at 127.0.0.1/38335] WARN  impl.MetricRegistriesImpl (MetricRegistriesImpl.java:addReporterRegistration(111)) - New reporters are added after registries were created. Some metrics will be missing from the reporter. Please add reporter before adding any new registry.
2023-04-02 14:01:03,699 [Listener at 127.0.0.1/38335] WARN  impl.MetricRegistriesImpl (MetricRegistriesImpl.java:addReporterRegistration(111)) - New reporters are added after registries were created. Some metrics will be missing from the reporter. Please add reporter before adding any new registry.
2023-04-02 14:01:03,700 [Listener at 127.0.0.1/38335] INFO  impl.MetricsSystemImpl (MetricsSystemImpl.java:init(158)) - HddsDatanode metrics system started (again)
2023-04-02 14:01:03,700 [Datanode State Machine Daemon Thread] INFO  statemachine.DatanodeStateMachine (DatanodeStateMachine.java:lambda$startDaemon$0(517)) - Ozone container server started.
2023-04-02 14:01:03,721 [org.apache.hadoop.util.JvmPauseMonitor$Monitor@307b3f91] INFO  util.JvmPauseMonitor (JvmPauseMonitor.java:run(188)) - Starting JVM pause monitor
2023-04-02 14:01:03,722 [Listener at 127.0.0.1/38335] INFO  ozone.HddsDatanodeService (HddsDatanodeService.java:start(252)) - HddsDatanodeService host:fv-az449-305.jvjgdiodbn4ungrcbaap0pmvbb.dx.internal.cloudapp.net ip:10.1.0.35
2023-04-02 14:01:03,741 [Datanode State Machine Task Thread - 0] INFO  datanode.InitDatanodeState (InitDatanodeState.java:persistContainerDatanodeDetails(138)) - DatanodeDetails is persisted to /home/runner/work/ozone/ozone/hadoop-ozone/integration-test/target/test-dir/MiniOzoneClusterImpl-e08b4ded-cf26-487b-9197-20d38c9ee5c1/datanode-1/meta/datanode.id
2023-04-02 14:01:03,754 [Listener at 127.0.0.1/38335] INFO  upgrade.AbstractLayoutVersionManager (AbstractLayoutVersionManager.java:init(83)) - Initializing Layout version manager with metadata layout = WEBUI_PORTS_IN_DATANODEDETAILS (version = 6), software layout = WEBUI_PORTS_IN_DATANODEDETAILS (version = 6)
2023-04-02 14:01:03,826 [Listener at 127.0.0.1/38335] INFO  reflections.Reflections (Reflections.java:scan(232)) - Reflections took 71 ms to scan 7 urls, producing 155 keys and 368 values 
2023-04-02 14:01:03,828 [Listener at 127.0.0.1/38335] INFO  statemachine.DatanodeStateMachine (DatanodeStateMachine.java:getEndPointTaskThreadPoolSize(260)) - Datanode State Machine Task Thread Pool size 2
2023-04-02 14:01:03,831 [Listener at 127.0.0.1/38335] INFO  volume.HddsVolume (HddsVolume.java:<init>(130)) - Creating HddsVolume: /home/runner/work/ozone/ozone/hadoop-ozone/integration-test/target/test-dir/MiniOzoneClusterImpl-e08b4ded-cf26-487b-9197-20d38c9ee5c1/datanode-2/data-0/containers/hdds of storage type : DISK capacity : 9223372036854775807
2023-04-02 14:01:03,831 [Listener at 127.0.0.1/38335] INFO  volume.MutableVolumeSet (MutableVolumeSet.java:initializeVolumeSet(175)) - Added Volume : /home/runner/work/ozone/ozone/hadoop-ozone/integration-test/target/test-dir/MiniOzoneClusterImpl-e08b4ded-cf26-487b-9197-20d38c9ee5c1/datanode-2/data-0/containers/hdds to VolumeSet
2023-04-02 14:01:03,831 [Listener at 127.0.0.1/38335] INFO  volume.ThrottledAsyncChecker (ThrottledAsyncChecker.java:schedule(141)) - Scheduling a check for /home/runner/work/ozone/ozone/hadoop-ozone/integration-test/target/test-dir/MiniOzoneClusterImpl-e08b4ded-cf26-487b-9197-20d38c9ee5c1/datanode-2/data-0/containers/hdds
2023-04-02 14:01:03,832 [Listener at 127.0.0.1/38335] INFO  volume.StorageVolumeChecker (StorageVolumeChecker.java:checkAllVolumes(202)) - Scheduled health check for volume /home/runner/work/ozone/ozone/hadoop-ozone/integration-test/target/test-dir/MiniOzoneClusterImpl-e08b4ded-cf26-487b-9197-20d38c9ee5c1/datanode-2/data-0/containers/hdds
2023-04-02 14:01:03,851 [Listener at 127.0.0.1/38335] INFO  volume.MutableVolumeSet (MutableVolumeSet.java:initializeVolumeSet(175)) - Added Volume : /home/runner/work/ozone/ozone/hadoop-ozone/integration-test/target/test-dir/MiniOzoneClusterImpl-e08b4ded-cf26-487b-9197-20d38c9ee5c1/datanode-2/data/ratis to VolumeSet
2023-04-02 14:01:03,851 [Listener at 127.0.0.1/38335] INFO  volume.ThrottledAsyncChecker (ThrottledAsyncChecker.java:schedule(141)) - Scheduling a check for /home/runner/work/ozone/ozone/hadoop-ozone/integration-test/target/test-dir/MiniOzoneClusterImpl-e08b4ded-cf26-487b-9197-20d38c9ee5c1/datanode-2/data/ratis
2023-04-02 14:01:03,852 [Listener at 127.0.0.1/38335] INFO  volume.StorageVolumeChecker (StorageVolumeChecker.java:checkAllVolumes(202)) - Scheduled health check for volume /home/runner/work/ozone/ozone/hadoop-ozone/integration-test/target/test-dir/MiniOzoneClusterImpl-e08b4ded-cf26-487b-9197-20d38c9ee5c1/datanode-2/data/ratis
2023-04-02 14:01:03,869 [Thread-167] INFO  ozoneimpl.ContainerReader (ContainerReader.java:readVolume(175)) - Finish verifying containers on volume /home/runner/work/ozone/ozone/hadoop-ozone/integration-test/target/test-dir/MiniOzoneClusterImpl-e08b4ded-cf26-487b-9197-20d38c9ee5c1/datanode-2/data-0/containers/hdds
2023-04-02 14:01:03,870 [Listener at 127.0.0.1/38335] INFO  ozoneimpl.OzoneContainer (OzoneContainer.java:buildContainerSet(303)) - Build ContainerSet costs 0s
2023-04-02 14:01:03,878 [Listener at 127.0.0.1/38335] INFO  server.RaftServer (ConfUtils.java:logGet(46)) - raft.rpc.type = GRPC (default)
2023-04-02 14:01:03,879 [Listener at 127.0.0.1/38335] INFO  grpc.GrpcConfigKeys (ConfUtils.java:logFallback(53)) - raft.grpc.admin.host = null (fallback to raft.grpc.server.host)
2023-04-02 14:01:03,879 [Listener at 127.0.0.1/38335] INFO  grpc.GrpcConfigKeys (ConfUtils.java:logGet(46)) - raft.grpc.admin.port = 0 (custom)
2023-04-02 14:01:03,879 [Listener at 127.0.0.1/38335] INFO  grpc.GrpcConfigKeys (ConfUtils.java:logFallback(53)) - raft.grpc.client.host = null (fallback to raft.grpc.server.host)
2023-04-02 14:01:03,879 [Listener at 127.0.0.1/38335] INFO  grpc.GrpcConfigKeys (ConfUtils.java:logGet(46)) - raft.grpc.client.port = 0 (custom)
2023-04-02 14:01:03,879 [Listener at 127.0.0.1/38335] INFO  grpc.GrpcConfigKeys (ConfUtils.java:logGet(46)) - raft.grpc.server.host = null (default)
2023-04-02 14:01:03,880 [Listener at 127.0.0.1/38335] INFO  grpc.GrpcConfigKeys (ConfUtils.java:logGet(46)) - raft.grpc.server.port = 0 (default)
2023-04-02 14:01:03,880 [Listener at 127.0.0.1/38335] INFO  server.GrpcService (ConfUtils.java:logGet(46)) - raft.grpc.message.size.max = 32MB (=33554432) (custom)
2023-04-02 14:01:03,880 [Listener at 127.0.0.1/38335] INFO  server.RaftServerConfigKeys (ConfUtils.java:logGet(46)) - raft.server.log.appender.buffer.byte-limit = 33554432 (custom)
2023-04-02 14:01:03,880 [Listener at 127.0.0.1/38335] INFO  server.GrpcService (ConfUtils.java:logGet(46)) - raft.grpc.flow.control.window = 5MB (=5242880) (custom)
2023-04-02 14:01:03,880 [Listener at 127.0.0.1/38335] INFO  server.RaftServerConfigKeys (ConfUtils.java:logGet(46)) - raft.server.rpc.request.timeout = 3000ms (default)
2023-04-02 14:01:03,880 [Listener at 127.0.0.1/38335] INFO  grpc.GrpcConfigKeys (ConfUtils.java:logGet(46)) - raft.grpc.server.heartbeat.channel = true (default)
2023-04-02 14:01:03,880 [Listener at 127.0.0.1/38335] INFO  grpc.GrpcConfigKeys (ConfUtils.java:logGet(46)) - raft.grpc.server.async.request.thread.pool.cached = true (default)
2023-04-02 14:01:03,881 [Listener at 127.0.0.1/38335] INFO  grpc.GrpcConfigKeys (ConfUtils.java:logGet(46)) - raft.grpc.server.async.request.thread.pool.size = 32 (default)
2023-04-02 14:01:03,882 [Listener at 127.0.0.1/38335] INFO  impl.DataStreamServerImpl (ConfUtils.java:logGet(46)) - raft.datastream.type = NETTY (custom)
2023-04-02 14:01:03,883 [Listener at 127.0.0.1/38335] INFO  server.RaftServerConfigKeys (ConfUtils.java:logGet(46)) - raft.server.data-stream.async.request.thread.pool.cached = false (default)
2023-04-02 14:01:03,883 [Listener at 127.0.0.1/38335] INFO  server.RaftServerConfigKeys (ConfUtils.java:logGet(46)) - raft.server.data-stream.async.request.thread.pool.size = 20 (custom)
2023-04-02 14:01:03,883 [Listener at 127.0.0.1/38335] INFO  server.RaftServerConfigKeys (ConfUtils.java:logGet(46)) - raft.server.data-stream.async.write.thread.pool.size = 16 (default)
2023-04-02 14:01:03,883 [Listener at 127.0.0.1/38335] INFO  server.RaftServerConfigKeys (ConfUtils.java:logGet(46)) - raft.server.data-stream.client.pool.size = 10 (default)
2023-04-02 14:01:03,883 [Listener at 127.0.0.1/38335] INFO  netty.NettyConfigKeys$DataStream (ConfUtils.java:logGet(46)) - raft.netty.dataStream.server.use-epoll = false (default)
2023-04-02 14:01:03,883 [Listener at 127.0.0.1/38335] INFO  netty.NettyConfigKeys$DataStream (ConfUtils.java:logGet(46)) - raft.netty.dataStream.server.boss-group.size = 0 (default)
2023-04-02 14:01:03,884 [Listener at 127.0.0.1/38335] INFO  netty.NettyConfigKeys$DataStream (ConfUtils.java:logGet(46)) - raft.netty.dataStream.server.worker-group.size = 0 (default)
2023-04-02 14:01:03,884 [Listener at 127.0.0.1/38335] INFO  netty.NettyConfigKeys$DataStream (ConfUtils.java:logGet(46)) - raft.netty.dataStream.server.tls.conf = null (default)
2023-04-02 14:01:03,884 [Listener at 127.0.0.1/38335] INFO  netty.NettyConfigKeys$DataStream (ConfUtils.java:logGet(46)) - raft.netty.dataStream.host = null (default)
2023-04-02 14:01:03,884 [Listener at 127.0.0.1/38335] INFO  netty.NettyConfigKeys$DataStream (ConfUtils.java:logGet(46)) - raft.netty.dataStream.port = 0 (default)
2023-04-02 14:01:03,885 [Listener at 127.0.0.1/38335] INFO  server.RaftServerConfigKeys (ConfUtils.java:logGet(46)) - raft.server.threadpool.proxy.cached = true (default)
2023-04-02 14:01:03,885 [Listener at 127.0.0.1/38335] INFO  server.RaftServerConfigKeys (ConfUtils.java:logGet(46)) - raft.server.threadpool.proxy.size = 0 (default)
2023-04-02 14:01:03,885 [Listener at 127.0.0.1/38335] INFO  server.RaftServerConfigKeys (ConfUtils.java:logGet(46)) - raft.server.rpc.slowness.timeout = 300000ms (custom)
2023-04-02 14:01:03,885 [Listener at 127.0.0.1/38335] INFO  server.RaftServerConfigKeys (ConfUtils.java:logGet(46)) - raft.server.leaderelection.leader.step-down.wait-time = 10s (default)
2023-04-02 14:01:03,885 [Listener at 127.0.0.1/38335] INFO  server.RaftServerConfigKeys (ConfUtils.java:logGet(46)) - raft.server.storage.dir = [/home/runner/work/ozone/ozone/hadoop-ozone/integration-test/target/test-dir/MiniOzoneClusterImpl-e08b4ded-cf26-487b-9197-20d38c9ee5c1/datanode-2/data/ratis] (custom)
2023-04-02 14:01:03,887 [ef7b62c9-01e2-453f-9d3f-9e9ef16e062c-NettyServerStreamRpc-bossGroup--thread1] INFO  logging.LoggingHandler (AbstractInternalLogger.java:log(148)) - [id: 0x59cd7074] REGISTERED
2023-04-02 14:01:03,887 [ef7b62c9-01e2-453f-9d3f-9e9ef16e062c-NettyServerStreamRpc-bossGroup--thread1] INFO  logging.LoggingHandler (AbstractInternalLogger.java:log(148)) - [id: 0x59cd7074] BIND: 0.0.0.0/0.0.0.0:0
2023-04-02 14:01:03,887 [ef7b62c9-01e2-453f-9d3f-9e9ef16e062c-NettyServerStreamRpc-bossGroup--thread1] INFO  logging.LoggingHandler (AbstractInternalLogger.java:log(148)) - [id: 0x59cd7074, L:/0:0:0:0:0:0:0:0:45283] ACTIVE
2023-04-02 14:01:03,890 [Listener at 127.0.0.1/38335] INFO  server.XceiverServerGrpc (XceiverServerGrpc.java:<init>(132)) - GrpcServer channel type EpollServerSocketChannel
2023-04-02 14:01:03,904 [Listener at 127.0.0.1/38335] INFO  http.BaseHttpServer (BaseHttpServer.java:newHttpServer2BuilderForOzone(224)) - Starting Web-server for hddsDatanode at: http://0.0.0.0:0
2023-04-02 14:01:03,904 [Listener at 127.0.0.1/38335] INFO  http.BaseHttpServer (BaseHttpServer.java:<init>(111)) - Hadoop Security Enabled: false Ozone Security Enabled: false Ozone HTTP Security Enabled: false 
2023-04-02 14:01:03,906 [Listener at 127.0.0.1/38335] WARN  server.AuthenticationFilter (AuthenticationFilter.java:constructSecretProvider(240)) - Unable to initialize FileSignerSecretProvider, falling back to use random secrets. Reason: Could not read signature secret file: /home/runner/hadoop-http-auth-signature-secret
2023-04-02 14:01:03,906 [Listener at 127.0.0.1/38335] WARN  http.HttpRequestLog (HttpRequestLog.java:getRequestLog(103)) - Jetty request log can only be enabled using Log4j
2023-04-02 14:01:03,908 [Listener at 127.0.0.1/38335] INFO  http.HttpServer2 (HttpServer2.java:addGlobalFilter(1031)) - Added global filter 'safety' (class=org.apache.hadoop.hdds.server.http.HttpServer2$QuotingInputFilter)
2023-04-02 14:01:03,909 [Listener at 127.0.0.1/38335] INFO  http.HttpServer2 (HttpServer2.java:addFilter(1007)) - Added filter static_user_filter (class=org.apache.hadoop.http.lib.StaticUserWebFilter$StaticUserFilter) to context hddsDatanode
2023-04-02 14:01:03,912 [Listener at 127.0.0.1/38335] INFO  http.HttpServer2 (HttpServer2.java:addFilter(1015)) - Added filter static_user_filter (class=org.apache.hadoop.http.lib.StaticUserWebFilter$StaticUserFilter) to context logs
2023-04-02 14:01:03,912 [Listener at 127.0.0.1/38335] INFO  http.HttpServer2 (HttpServer2.java:addFilter(1015)) - Added filter static_user_filter (class=org.apache.hadoop.http.lib.StaticUserWebFilter$StaticUserFilter) to context static
2023-04-02 14:01:03,913 [Listener at 127.0.0.1/38335] INFO  http.BaseHttpServer (BaseHttpServer.java:<init>(190)) - HTTP server of hddsDatanode uses base directory /home/runner/work/ozone/ozone/hadoop-ozone/integration-test/target/test-dir/MiniOzoneClusterImpl-e08b4ded-cf26-487b-9197-20d38c9ee5c1/datanode-2/meta/webserver
2023-04-02 14:01:03,914 [Listener at 127.0.0.1/38335] INFO  http.HttpServer2 (HttpServer2.java:bindListener(1250)) - Jetty bound to port 46137
2023-04-02 14:01:03,914 [Listener at 127.0.0.1/38335] INFO  server.Server (Server.java:doStart(375)) - jetty-9.4.49.v20220914; built: 2022-09-14T01:07:36.601Z; git: 4231a3b2e4cb8548a412a789936d640a97b1aa0a; jvm 1.8.0_362-b09
2023-04-02 14:01:03,916 [Listener at 127.0.0.1/38335] INFO  server.session (DefaultSessionIdManager.java:doStart(334)) - DefaultSessionIdManager workerName=node0
2023-04-02 14:01:03,916 [Listener at 127.0.0.1/38335] INFO  server.session (DefaultSessionIdManager.java:doStart(339)) - No SessionScavenger set, using defaults
2023-04-02 14:01:03,916 [Listener at 127.0.0.1/38335] INFO  server.session (HouseKeeper.java:startScavenging(132)) - node0 Scavenging every 660000ms
2023-04-02 14:01:03,919 [Listener at 127.0.0.1/38335] INFO  handler.ContextHandler (ContextHandler.java:doStart(921)) - Started o.e.j.s.ServletContextHandler@1ba4a312{logs,/logs,file:///home/runner/work/ozone/ozone/hadoop-ozone/integration-test/target/log,AVAILABLE}
2023-04-02 14:01:03,920 [Listener at 127.0.0.1/38335] INFO  handler.ContextHandler (ContextHandler.java:doStart(921)) - Started o.e.j.s.ServletContextHandler@5a3827e0{static,/static,jar:file:/home/runner/.m2/repository/org/apache/ozone/hdds-container-service/1.4.0-SNAPSHOT/hdds-container-service-1.4.0-SNAPSHOT.jar!/webapps/static,AVAILABLE}
2023-04-02 14:01:04,150 [Listener at 127.0.0.1/38335] INFO  handler.ContextHandler (ContextHandler.java:doStart(921)) - Started o.e.j.w.WebAppContext@22071ba4{hddsDatanode,/,file:///home/runner/work/ozone/ozone/hadoop-ozone/integration-test/target/test-dir/MiniOzoneClusterImpl-e08b4ded-cf26-487b-9197-20d38c9ee5c1/datanode-2/meta/webserver/jetty-0_0_0_0-46137-hdds-container-service-1_4_0-SNAPSHOT_jar-_-any-7436320630333141461/webapp/,AVAILABLE}{jar:file:/home/runner/.m2/repository/org/apache/ozone/hdds-container-service/1.4.0-SNAPSHOT/hdds-container-service-1.4.0-SNAPSHOT.jar!/webapps/hddsDatanode}
2023-04-02 14:01:04,151 [Listener at 127.0.0.1/38335] INFO  server.AbstractConnector (AbstractConnector.java:doStart(333)) - Started ServerConnector@2c19b312{HTTP/1.1, (http/1.1)}{0.0.0.0:46137}
2023-04-02 14:01:04,152 [Listener at 127.0.0.1/38335] INFO  server.Server (Server.java:doStart(415)) - Started @10659ms
2023-04-02 14:01:04,152 [Listener at 127.0.0.1/38335] WARN  impl.MetricsSystemImpl (MetricsSystemImpl.java:register(279)) - Sink prometheus already exists!
2023-04-02 14:01:04,152 [Listener at 127.0.0.1/38335] INFO  http.BaseHttpServer (BaseHttpServer.java:updateConnectorAddress(344)) - HTTP server of hddsDatanode listening at http://0.0.0.0:46137
2023-04-02 14:01:04,153 [Datanode State Machine Daemon Thread] INFO  statemachine.DatanodeStateMachine (DatanodeStateMachine.java:lambda$startDaemon$0(517)) - Ozone container server started.
2023-04-02 14:01:04,159 [Listener at 127.0.0.1/38335] INFO  ozone.MiniOzoneClusterImpl (MiniOzoneClusterImpl.java:lambda$waitForClusterToBeReady$0(222)) - Waiting for nodes to be ready. Got 0 of 3 DN Heartbeats.
2023-04-02 14:01:04,160 [Listener at 127.0.0.1/38335] INFO  ozone.MiniOzoneClusterImpl (MiniOzoneClusterImpl.java:lambda$waitForClusterToBeReady$0(225)) - Waiting for cluster to exit safe mode
2023-04-02 14:01:04,160 [Listener at 127.0.0.1/38335] INFO  ozone.MiniOzoneClusterImpl (MiniOzoneClusterImpl.java:lambda$waitForClusterToBeReady$0(227)) - SCM became leader
2023-04-02 14:01:04,168 [org.apache.hadoop.util.JvmPauseMonitor$Monitor@5c4fcb36] INFO  util.JvmPauseMonitor (JvmPauseMonitor.java:run(188)) - Starting JVM pause monitor
2023-04-02 14:01:04,171 [Datanode State Machine Task Thread - 0] INFO  datanode.InitDatanodeState (InitDatanodeState.java:persistContainerDatanodeDetails(138)) - DatanodeDetails is persisted to /home/runner/work/ozone/ozone/hadoop-ozone/integration-test/target/test-dir/MiniOzoneClusterImpl-e08b4ded-cf26-487b-9197-20d38c9ee5c1/datanode-2/meta/datanode.id
2023-04-02 14:01:05,160 [Listener at 127.0.0.1/38335] INFO  ozone.MiniOzoneClusterImpl (MiniOzoneClusterImpl.java:lambda$waitForClusterToBeReady$0(222)) - Waiting for nodes to be ready. Got 0 of 3 DN Heartbeats.
2023-04-02 14:01:05,160 [Listener at 127.0.0.1/38335] INFO  ozone.MiniOzoneClusterImpl (MiniOzoneClusterImpl.java:lambda$waitForClusterToBeReady$0(225)) - Waiting for cluster to exit safe mode
2023-04-02 14:01:05,160 [Listener at 127.0.0.1/38335] INFO  ozone.MiniOzoneClusterImpl (MiniOzoneClusterImpl.java:lambda$waitForClusterToBeReady$0(227)) - SCM became leader
2023-04-02 14:01:05,228 [EndpointStateMachine task thread for /0.0.0.0:41783 - 0 ] INFO  utils.DatanodeStoreCache (DatanodeStoreCache.java:addDB(58)) - Added db /home/runner/work/ozone/ozone/hadoop-ozone/integration-test/target/test-dir/MiniOzoneClusterImpl-e08b4ded-cf26-487b-9197-20d38c9ee5c1/datanode-0/data-0/containers/hdds/e08b4ded-cf26-487b-9197-20d38c9ee5c1/DS-f2ba5f75-7911-4146-b367-caac4e9d58af/container.db to cache
2023-04-02 14:01:05,228 [EndpointStateMachine task thread for /0.0.0.0:41783 - 0 ] INFO  volume.HddsVolume (HddsVolume.java:createDbStore(350)) - SchemaV3 db is created and loaded at /home/runner/work/ozone/ozone/hadoop-ozone/integration-test/target/test-dir/MiniOzoneClusterImpl-e08b4ded-cf26-487b-9197-20d38c9ee5c1/datanode-0/data-0/containers/hdds/e08b4ded-cf26-487b-9197-20d38c9ee5c1/DS-f2ba5f75-7911-4146-b367-caac4e9d58af/container.db for volume DS-f2ba5f75-7911-4146-b367-caac4e9d58af
2023-04-02 14:01:05,231 [EndpointStateMachine task thread for /0.0.0.0:41783 - 0 ] INFO  ozoneimpl.OzoneContainer (OzoneContainer.java:start(397)) - Attempting to start container services.
2023-04-02 14:01:05,266 [EndpointStateMachine task thread for /0.0.0.0:41783 - 0 ] INFO  ozoneimpl.OzoneContainer (OzoneContainer.java:startContainerScrub(314)) - Scheduled background container scanners and the on-demand container scanner have been disabled.
2023-04-02 14:01:05,271 [EndpointStateMachine task thread for /0.0.0.0:41783 - 0 ] INFO  replication.ReplicationServer (ReplicationServer.java:start(109)) - ReplicationServer is started using port 38281
2023-04-02 14:01:05,271 [EndpointStateMachine task thread for /0.0.0.0:41783 - 0 ] INFO  ratis.XceiverServerRatis (XceiverServerRatis.java:start(517)) - Starting XceiverServerRatis 4c149094-c8c7-466f-8837-6623514047e5
2023-04-02 14:01:05,272 [EndpointStateMachine task thread for /0.0.0.0:41783 - 0 ] INFO  server.RaftServer (RaftServerProxy.java:startImpl(393)) - 4c149094-c8c7-466f-8837-6623514047e5: start RPC server
2023-04-02 14:01:05,278 [EndpointStateMachine task thread for /0.0.0.0:41783 - 0 ] INFO  server.GrpcService (GrpcService.java:startImpl(262)) - 4c149094-c8c7-466f-8837-6623514047e5: GrpcService started, listening on 43877
2023-04-02 14:01:05,279 [EndpointStateMachine task thread for /0.0.0.0:41783 - 0 ] INFO  ratis.XceiverServerRatis (XceiverServerRatis.java:getRealPort(543)) - XceiverServerRatis 4c149094-c8c7-466f-8837-6623514047e5 is started using port 43877 for RATIS
2023-04-02 14:01:05,279 [JvmPauseMonitor1] INFO  util.JvmPauseMonitor (JvmPauseMonitor.java:run(105)) - JvmPauseMonitor-4c149094-c8c7-466f-8837-6623514047e5: Started
2023-04-02 14:01:05,279 [EndpointStateMachine task thread for /0.0.0.0:41783 - 0 ] INFO  ratis.XceiverServerRatis (XceiverServerRatis.java:getRealPort(543)) - XceiverServerRatis 4c149094-c8c7-466f-8837-6623514047e5 is started using port 43877 for RATIS_ADMIN
2023-04-02 14:01:05,280 [EndpointStateMachine task thread for /0.0.0.0:41783 - 0 ] INFO  ratis.XceiverServerRatis (XceiverServerRatis.java:getRealPort(543)) - XceiverServerRatis 4c149094-c8c7-466f-8837-6623514047e5 is started using port 43877 for RATIS_SERVER
2023-04-02 14:01:05,280 [EndpointStateMachine task thread for /0.0.0.0:41783 - 0 ] INFO  ratis.XceiverServerRatis (XceiverServerRatis.java:getRealPort(543)) - XceiverServerRatis 4c149094-c8c7-466f-8837-6623514047e5 is started using port 38539 for RATIS_DATASTREAM
2023-04-02 14:01:05,282 [EndpointStateMachine task thread for /0.0.0.0:41783 - 0 ] INFO  server.XceiverServerGrpc (XceiverServerGrpc.java:start(180)) - XceiverServerGrpc 4c149094-c8c7-466f-8837-6623514047e5 is started using port 33781
2023-04-02 14:01:05,292 [BlockDeletingService#0] INFO  interfaces.ContainerDeletionChoosingPolicyTemplate (ContainerDeletionChoosingPolicyTemplate.java:chooseContainerForBlockDeletion(83)) - Chosen 0/5000 blocks from 0 candidate containers.
2023-04-02 14:01:05,764 [EndpointStateMachine task thread for /0.0.0.0:41783 - 0 ] INFO  utils.DatanodeStoreCache (DatanodeStoreCache.java:addDB(58)) - Added db /home/runner/work/ozone/ozone/hadoop-ozone/integration-test/target/test-dir/MiniOzoneClusterImpl-e08b4ded-cf26-487b-9197-20d38c9ee5c1/datanode-1/data-0/containers/hdds/e08b4ded-cf26-487b-9197-20d38c9ee5c1/DS-d674f265-8496-4040-a826-0365dad83ba6/container.db to cache
2023-04-02 14:01:05,765 [EndpointStateMachine task thread for /0.0.0.0:41783 - 0 ] INFO  volume.HddsVolume (HddsVolume.java:createDbStore(350)) - SchemaV3 db is created and loaded at /home/runner/work/ozone/ozone/hadoop-ozone/integration-test/target/test-dir/MiniOzoneClusterImpl-e08b4ded-cf26-487b-9197-20d38c9ee5c1/datanode-1/data-0/containers/hdds/e08b4ded-cf26-487b-9197-20d38c9ee5c1/DS-d674f265-8496-4040-a826-0365dad83ba6/container.db for volume DS-d674f265-8496-4040-a826-0365dad83ba6
2023-04-02 14:01:05,766 [EndpointStateMachine task thread for /0.0.0.0:41783 - 0 ] INFO  ozoneimpl.OzoneContainer (OzoneContainer.java:start(397)) - Attempting to start container services.
2023-04-02 14:01:05,766 [EndpointStateMachine task thread for /0.0.0.0:41783 - 0 ] INFO  ozoneimpl.OzoneContainer (OzoneContainer.java:startContainerScrub(314)) - Scheduled background container scanners and the on-demand container scanner have been disabled.
2023-04-02 14:01:05,768 [EndpointStateMachine task thread for /0.0.0.0:41783 - 0 ] INFO  replication.ReplicationServer (ReplicationServer.java:start(109)) - ReplicationServer is started using port 36271
2023-04-02 14:01:05,768 [EndpointStateMachine task thread for /0.0.0.0:41783 - 0 ] INFO  ratis.XceiverServerRatis (XceiverServerRatis.java:start(517)) - Starting XceiverServerRatis 04d213b6-f61d-4fba-9596-1d72c738ecbb
2023-04-02 14:01:05,771 [EndpointStateMachine task thread for /0.0.0.0:41783 - 0 ] INFO  server.RaftServer (RaftServerProxy.java:startImpl(393)) - 04d213b6-f61d-4fba-9596-1d72c738ecbb: start RPC server
2023-04-02 14:01:05,777 [EndpointStateMachine task thread for /0.0.0.0:41783 - 0 ] INFO  server.GrpcService (GrpcService.java:startImpl(262)) - 04d213b6-f61d-4fba-9596-1d72c738ecbb: GrpcService started, listening on 45029
2023-04-02 14:01:05,778 [EndpointStateMachine task thread for /0.0.0.0:41783 - 0 ] INFO  ratis.XceiverServerRatis (XceiverServerRatis.java:getRealPort(543)) - XceiverServerRatis 04d213b6-f61d-4fba-9596-1d72c738ecbb is started using port 45029 for RATIS
2023-04-02 14:01:05,778 [JvmPauseMonitor2] INFO  util.JvmPauseMonitor (JvmPauseMonitor.java:run(105)) - JvmPauseMonitor-04d213b6-f61d-4fba-9596-1d72c738ecbb: Started
2023-04-02 14:01:05,778 [EndpointStateMachine task thread for /0.0.0.0:41783 - 0 ] INFO  ratis.XceiverServerRatis (XceiverServerRatis.java:getRealPort(543)) - XceiverServerRatis 04d213b6-f61d-4fba-9596-1d72c738ecbb is started using port 45029 for RATIS_ADMIN
2023-04-02 14:01:05,778 [EndpointStateMachine task thread for /0.0.0.0:41783 - 0 ] INFO  ratis.XceiverServerRatis (XceiverServerRatis.java:getRealPort(543)) - XceiverServerRatis 04d213b6-f61d-4fba-9596-1d72c738ecbb is started using port 45029 for RATIS_SERVER
2023-04-02 14:01:05,778 [EndpointStateMachine task thread for /0.0.0.0:41783 - 0 ] INFO  ratis.XceiverServerRatis (XceiverServerRatis.java:getRealPort(543)) - XceiverServerRatis 04d213b6-f61d-4fba-9596-1d72c738ecbb is started using port 40503 for RATIS_DATASTREAM
2023-04-02 14:01:05,780 [EndpointStateMachine task thread for /0.0.0.0:41783 - 0 ] INFO  server.XceiverServerGrpc (XceiverServerGrpc.java:start(180)) - XceiverServerGrpc 04d213b6-f61d-4fba-9596-1d72c738ecbb is started using port 44893
2023-04-02 14:01:05,783 [BlockDeletingService#0] INFO  interfaces.ContainerDeletionChoosingPolicyTemplate (ContainerDeletionChoosingPolicyTemplate.java:chooseContainerForBlockDeletion(83)) - Chosen 0/5000 blocks from 0 candidate containers.
2023-04-02 14:01:06,160 [Listener at 127.0.0.1/38335] INFO  ozone.MiniOzoneClusterImpl (MiniOzoneClusterImpl.java:lambda$waitForClusterToBeReady$0(222)) - Waiting for nodes to be ready. Got 0 of 3 DN Heartbeats.
2023-04-02 14:01:06,161 [Listener at 127.0.0.1/38335] INFO  ozone.MiniOzoneClusterImpl (MiniOzoneClusterImpl.java:lambda$waitForClusterToBeReady$0(225)) - Waiting for cluster to exit safe mode
2023-04-02 14:01:06,161 [Listener at 127.0.0.1/38335] INFO  ozone.MiniOzoneClusterImpl (MiniOzoneClusterImpl.java:lambda$waitForClusterToBeReady$0(227)) - SCM became leader
2023-04-02 14:01:06,220 [EndpointStateMachine task thread for /0.0.0.0:41783 - 0 ] INFO  utils.DatanodeStoreCache (DatanodeStoreCache.java:addDB(58)) - Added db /home/runner/work/ozone/ozone/hadoop-ozone/integration-test/target/test-dir/MiniOzoneClusterImpl-e08b4ded-cf26-487b-9197-20d38c9ee5c1/datanode-2/data-0/containers/hdds/e08b4ded-cf26-487b-9197-20d38c9ee5c1/DS-4e6a87bf-2d0f-44b2-b89f-718853081049/container.db to cache
2023-04-02 14:01:06,221 [EndpointStateMachine task thread for /0.0.0.0:41783 - 0 ] INFO  volume.HddsVolume (HddsVolume.java:createDbStore(350)) - SchemaV3 db is created and loaded at /home/runner/work/ozone/ozone/hadoop-ozone/integration-test/target/test-dir/MiniOzoneClusterImpl-e08b4ded-cf26-487b-9197-20d38c9ee5c1/datanode-2/data-0/containers/hdds/e08b4ded-cf26-487b-9197-20d38c9ee5c1/DS-4e6a87bf-2d0f-44b2-b89f-718853081049/container.db for volume DS-4e6a87bf-2d0f-44b2-b89f-718853081049
2023-04-02 14:01:06,221 [EndpointStateMachine task thread for /0.0.0.0:41783 - 0 ] INFO  ozoneimpl.OzoneContainer (OzoneContainer.java:start(397)) - Attempting to start container services.
2023-04-02 14:01:06,222 [EndpointStateMachine task thread for /0.0.0.0:41783 - 0 ] INFO  ozoneimpl.OzoneContainer (OzoneContainer.java:startContainerScrub(314)) - Scheduled background container scanners and the on-demand container scanner have been disabled.
2023-04-02 14:01:06,226 [EndpointStateMachine task thread for /0.0.0.0:41783 - 0 ] INFO  replication.ReplicationServer (ReplicationServer.java:start(109)) - ReplicationServer is started using port 45639
2023-04-02 14:01:06,227 [EndpointStateMachine task thread for /0.0.0.0:41783 - 0 ] INFO  ratis.XceiverServerRatis (XceiverServerRatis.java:start(517)) - Starting XceiverServerRatis ef7b62c9-01e2-453f-9d3f-9e9ef16e062c
2023-04-02 14:01:06,228 [EndpointStateMachine task thread for /0.0.0.0:41783 - 0 ] INFO  server.RaftServer (RaftServerProxy.java:startImpl(393)) - ef7b62c9-01e2-453f-9d3f-9e9ef16e062c: start RPC server
2023-04-02 14:01:06,231 [EndpointStateMachine task thread for /0.0.0.0:41783 - 0 ] INFO  server.GrpcService (GrpcService.java:startImpl(262)) - ef7b62c9-01e2-453f-9d3f-9e9ef16e062c: GrpcService started, listening on 38491
2023-04-02 14:01:06,231 [EndpointStateMachine task thread for /0.0.0.0:41783 - 0 ] INFO  ratis.XceiverServerRatis (XceiverServerRatis.java:getRealPort(543)) - XceiverServerRatis ef7b62c9-01e2-453f-9d3f-9e9ef16e062c is started using port 38491 for RATIS
2023-04-02 14:01:06,231 [JvmPauseMonitor3] INFO  util.JvmPauseMonitor (JvmPauseMonitor.java:run(105)) - JvmPauseMonitor-ef7b62c9-01e2-453f-9d3f-9e9ef16e062c: Started
2023-04-02 14:01:06,231 [EndpointStateMachine task thread for /0.0.0.0:41783 - 0 ] INFO  ratis.XceiverServerRatis (XceiverServerRatis.java:getRealPort(543)) - XceiverServerRatis ef7b62c9-01e2-453f-9d3f-9e9ef16e062c is started using port 38491 for RATIS_ADMIN
2023-04-02 14:01:06,231 [EndpointStateMachine task thread for /0.0.0.0:41783 - 0 ] INFO  ratis.XceiverServerRatis (XceiverServerRatis.java:getRealPort(543)) - XceiverServerRatis ef7b62c9-01e2-453f-9d3f-9e9ef16e062c is started using port 38491 for RATIS_SERVER
2023-04-02 14:01:06,231 [EndpointStateMachine task thread for /0.0.0.0:41783 - 0 ] INFO  ratis.XceiverServerRatis (XceiverServerRatis.java:getRealPort(543)) - XceiverServerRatis ef7b62c9-01e2-453f-9d3f-9e9ef16e062c is started using port 45283 for RATIS_DATASTREAM
2023-04-02 14:01:06,235 [EndpointStateMachine task thread for /0.0.0.0:41783 - 0 ] INFO  server.XceiverServerGrpc (XceiverServerGrpc.java:start(180)) - XceiverServerGrpc ef7b62c9-01e2-453f-9d3f-9e9ef16e062c is started using port 39847
2023-04-02 14:01:06,240 [BlockDeletingService#0] INFO  interfaces.ContainerDeletionChoosingPolicyTemplate (ContainerDeletionChoosingPolicyTemplate.java:chooseContainerForBlockDeletion(83)) - Chosen 0/5000 blocks from 0 candidate containers.
2023-04-02 14:01:07,134 [IPC Server handler 19 on default port 41783] INFO  net.NetworkTopologyImpl (NetworkTopologyImpl.java:add(112)) - Added a new node: /default-rack/4c149094-c8c7-466f-8837-6623514047e5
2023-04-02 14:01:07,138 [IPC Server handler 19 on default port 41783] INFO  node.SCMNodeManager (SCMNodeManager.java:register(404)) - Registered Data node : 4c149094-c8c7-466f-8837-6623514047e5{ip: 10.1.0.35, host: fv-az449-305.jvjgdiodbn4ungrcbaap0pmvbb.dx.internal.cloudapp.net, ports: [HTTP=43519, REPLICATION=38281, RATIS=43877, RATIS_ADMIN=43877, RATIS_SERVER=43877, RATIS_DATASTREAM=38539, STANDALONE=33781], networkLocation: /default-rack, certSerialId: null, persistedOpState: null, persistedOpStateExpiryEpochSec: 0}
2023-04-02 14:01:07,149 [EventQueue-NewNodeForNewNodeHandler] INFO  pipeline.BackgroundPipelineCreator (BackgroundPipelineCreator.java:notifyEventTriggered(276)) - trigger a one-shot run on RatisPipelineUtilsThread.
2023-04-02 14:01:07,161 [Listener at 127.0.0.1/38335] INFO  ozone.MiniOzoneClusterImpl (MiniOzoneClusterImpl.java:lambda$waitForClusterToBeReady$0(222)) - Waiting for nodes to be ready. Got 1 of 3 DN Heartbeats.
2023-04-02 14:01:07,169 [Listener at 127.0.0.1/38335] INFO  ozone.MiniOzoneClusterImpl (MiniOzoneClusterImpl.java:lambda$waitForClusterToBeReady$0(225)) - Waiting for cluster to exit safe mode
2023-04-02 14:01:07,169 [Listener at 127.0.0.1/38335] INFO  ozone.MiniOzoneClusterImpl (MiniOzoneClusterImpl.java:lambda$waitForClusterToBeReady$0(227)) - SCM became leader
2023-04-02 14:01:07,169 [EventQueue-NodeRegistrationContainerReportForContainerSafeModeRule] INFO  safemode.SCMSafeModeManager (SCMSafeModeManager.java:validateSafeModeExitRules(200)) - ContainerSafeModeRule rule is successfully validated
2023-04-02 14:01:07,162 [RatisPipelineUtilsThread - 0] INFO  pipeline.RatisPipelineProvider (RatisPipelineProvider.java:lambda$create$0(206)) - Sending CreatePipelineCommand for pipeline:PipelineID=b50ed1b4-ccbe-4bc9-9c34-cc016f32aa57 to datanode:4c149094-c8c7-466f-8837-6623514047e5
2023-04-02 14:01:07,172 [EventQueue-NodeRegistrationContainerReportForDataNodeSafeModeRule] INFO  safemode.SCMSafeModeManager (DataNodeSafeModeRule.java:process(71)) - SCM in safe mode. 1 DataNodes registered, 3 required.
2023-04-02 14:01:07,182 [EventQueue-PipelineReportForOneReplicaPipelineSafeModeRule] INFO  safemode.SCMSafeModeManager (SCMSafeModeManager.java:validateSafeModeExitRules(200)) - AtleastOneDatanodeReportedRule rule is successfully validated
2023-04-02 14:01:07,195 [RatisPipelineUtilsThread - 0] INFO  pipeline.PipelineStateManagerImpl (PipelineStateManagerImpl.java:addPipeline(103)) - Created pipeline Pipeline[ Id: b50ed1b4-ccbe-4bc9-9c34-cc016f32aa57, Nodes: 4c149094-c8c7-466f-8837-6623514047e5(fv-az449-305.jvjgdiodbn4ungrcbaap0pmvbb.dx.internal.cloudapp.net/10.1.0.35), ReplicationConfig: RATIS/ONE, State:ALLOCATED, leaderId:, CreationTimestamp2023-04-02T14:01:07.160Z[Etc/UTC]].
2023-04-02 14:01:07,724 [IPC Server handler 0 on default port 41783] INFO  net.NetworkTopologyImpl (NetworkTopologyImpl.java:add(112)) - Added a new node: /default-rack/04d213b6-f61d-4fba-9596-1d72c738ecbb
2023-04-02 14:01:07,725 [IPC Server handler 0 on default port 41783] INFO  node.SCMNodeManager (SCMNodeManager.java:register(404)) - Registered Data node : 04d213b6-f61d-4fba-9596-1d72c738ecbb{ip: 10.1.0.35, host: fv-az449-305.jvjgdiodbn4ungrcbaap0pmvbb.dx.internal.cloudapp.net, ports: [HTTP=43741, REPLICATION=36271, RATIS=45029, RATIS_ADMIN=45029, RATIS_SERVER=45029, RATIS_DATASTREAM=40503, STANDALONE=44893], networkLocation: /default-rack, certSerialId: null, persistedOpState: null, persistedOpStateExpiryEpochSec: 0}
2023-04-02 14:01:07,725 [EventQueue-NodeRegistrationContainerReportForDataNodeSafeModeRule] INFO  safemode.SCMSafeModeManager (DataNodeSafeModeRule.java:process(71)) - SCM in safe mode. 2 DataNodes registered, 3 required.
2023-04-02 14:01:07,726 [EventQueue-NewNodeForNewNodeHandler] INFO  pipeline.BackgroundPipelineCreator (BackgroundPipelineCreator.java:notifyEventTriggered(276)) - trigger a one-shot run on RatisPipelineUtilsThread.
2023-04-02 14:01:07,732 [RatisPipelineUtilsThread - 0] INFO  pipeline.RatisPipelineProvider (RatisPipelineProvider.java:lambda$create$0(206)) - Sending CreatePipelineCommand for pipeline:PipelineID=167fe986-3795-4b19-af4e-b841435a94e4 to datanode:04d213b6-f61d-4fba-9596-1d72c738ecbb
2023-04-02 14:01:07,733 [RatisPipelineUtilsThread - 0] INFO  pipeline.PipelineStateManagerImpl (PipelineStateManagerImpl.java:addPipeline(103)) - Created pipeline Pipeline[ Id: 167fe986-3795-4b19-af4e-b841435a94e4, Nodes: 04d213b6-f61d-4fba-9596-1d72c738ecbb(fv-az449-305.jvjgdiodbn4ungrcbaap0pmvbb.dx.internal.cloudapp.net/10.1.0.35), ReplicationConfig: RATIS/ONE, State:ALLOCATED, leaderId:, CreationTimestamp2023-04-02T14:01:07.732Z[Etc/UTC]].
2023-04-02 14:01:08,170 [Listener at 127.0.0.1/38335] INFO  ozone.MiniOzoneClusterImpl (MiniOzoneClusterImpl.java:lambda$waitForClusterToBeReady$0(222)) - Waiting for nodes to be ready. Got 2 of 3 DN Heartbeats.
2023-04-02 14:01:08,170 [Listener at 127.0.0.1/38335] INFO  ozone.MiniOzoneClusterImpl (MiniOzoneClusterImpl.java:lambda$waitForClusterToBeReady$0(225)) - Waiting for cluster to exit safe mode
2023-04-02 14:01:08,170 [Listener at 127.0.0.1/38335] INFO  ozone.MiniOzoneClusterImpl (MiniOzoneClusterImpl.java:lambda$waitForClusterToBeReady$0(227)) - SCM became leader
2023-04-02 14:01:08,171 [IPC Server handler 19 on default port 41783] INFO  net.NetworkTopologyImpl (NetworkTopologyImpl.java:add(112)) - Added a new node: /default-rack/ef7b62c9-01e2-453f-9d3f-9e9ef16e062c
2023-04-02 14:01:08,171 [IPC Server handler 19 on default port 41783] INFO  node.SCMNodeManager (SCMNodeManager.java:register(404)) - Registered Data node : ef7b62c9-01e2-453f-9d3f-9e9ef16e062c{ip: 10.1.0.35, host: fv-az449-305.jvjgdiodbn4ungrcbaap0pmvbb.dx.internal.cloudapp.net, ports: [HTTP=46137, REPLICATION=45639, RATIS=38491, RATIS_ADMIN=38491, RATIS_SERVER=38491, RATIS_DATASTREAM=45283, STANDALONE=39847], networkLocation: /default-rack, certSerialId: null, persistedOpState: null, persistedOpStateExpiryEpochSec: 0}
2023-04-02 14:01:08,171 [EventQueue-NewNodeForNewNodeHandler] INFO  pipeline.BackgroundPipelineCreator (BackgroundPipelineCreator.java:notifyEventTriggered(276)) - trigger a one-shot run on RatisPipelineUtilsThread.
2023-04-02 14:01:08,172 [EventQueue-NodeRegistrationContainerReportForDataNodeSafeModeRule] INFO  safemode.SCMSafeModeManager (DataNodeSafeModeRule.java:process(71)) - SCM in safe mode. 3 DataNodes registered, 3 required.
2023-04-02 14:01:08,173 [EventQueue-NodeRegistrationContainerReportForDataNodeSafeModeRule] INFO  safemode.SCMSafeModeManager (SCMSafeModeManager.java:validateSafeModeExitRules(200)) - DataNodeSafeModeRule rule is successfully validated
2023-04-02 14:01:08,173 [EventQueue-NodeRegistrationContainerReportForDataNodeSafeModeRule] INFO  safemode.SCMSafeModeManager (SCMSafeModeManager.java:completePreCheck(229)) - All SCM safe mode pre check rules have passed
2023-04-02 14:01:08,173 [EventQueue-NodeRegistrationContainerReportForDataNodeSafeModeRule] INFO  ha.SCMContext (SCMContext.java:updateSafeModeStatus(228)) - Update SafeModeStatus from SafeModeStatus{safeModeStatus=true, preCheckPassed=false} to SafeModeStatus{safeModeStatus=true, preCheckPassed=true}.
2023-04-02 14:01:08,173 [EventQueue-NodeRegistrationContainerReportForDataNodeSafeModeRule] INFO  pipeline.BackgroundPipelineCreator (BackgroundPipelineCreator.java:notifyEventTriggered(276)) - trigger a one-shot run on RatisPipelineUtilsThread.
2023-04-02 14:01:08,174 [RatisPipelineUtilsThread - 0] INFO  pipeline.RatisPipelineProvider (RatisPipelineProvider.java:lambda$create$0(206)) - Sending CreatePipelineCommand for pipeline:PipelineID=65f5263c-e7e0-4507-a575-e2d4a2029e39 to datanode:ef7b62c9-01e2-453f-9d3f-9e9ef16e062c
2023-04-02 14:01:08,175 [RatisPipelineUtilsThread - 0] INFO  pipeline.PipelineStateManagerImpl (PipelineStateManagerImpl.java:addPipeline(103)) - Created pipeline Pipeline[ Id: 65f5263c-e7e0-4507-a575-e2d4a2029e39, Nodes: ef7b62c9-01e2-453f-9d3f-9e9ef16e062c(fv-az449-305.jvjgdiodbn4ungrcbaap0pmvbb.dx.internal.cloudapp.net/10.1.0.35), ReplicationConfig: RATIS/ONE, State:ALLOCATED, leaderId:, CreationTimestamp2023-04-02T14:01:08.174Z[Etc/UTC]].
2023-04-02 14:01:08,180 [RatisPipelineUtilsThread - 0] INFO  pipeline.RatisPipelineProvider (RatisPipelineProvider.java:lambda$create$0(206)) - Sending CreatePipelineCommand for pipeline:PipelineID=47379d53-f478-4ddb-9ab5-4edd817d868a to datanode:4c149094-c8c7-466f-8837-6623514047e5
2023-04-02 14:01:08,180 [RatisPipelineUtilsThread - 0] INFO  pipeline.RatisPipelineProvider (RatisPipelineProvider.java:lambda$create$0(206)) - Sending CreatePipelineCommand for pipeline:PipelineID=47379d53-f478-4ddb-9ab5-4edd817d868a to datanode:ef7b62c9-01e2-453f-9d3f-9e9ef16e062c
2023-04-02 14:01:08,180 [RatisPipelineUtilsThread - 0] INFO  pipeline.RatisPipelineProvider (RatisPipelineProvider.java:lambda$create$0(206)) - Sending CreatePipelineCommand for pipeline:PipelineID=47379d53-f478-4ddb-9ab5-4edd817d868a to datanode:04d213b6-f61d-4fba-9596-1d72c738ecbb
2023-04-02 14:01:08,183 [RatisPipelineUtilsThread - 0] INFO  pipeline.PipelineStateManagerImpl (PipelineStateManagerImpl.java:addPipeline(103)) - Created pipeline Pipeline[ Id: 47379d53-f478-4ddb-9ab5-4edd817d868a, Nodes: 4c149094-c8c7-466f-8837-6623514047e5(fv-az449-305.jvjgdiodbn4ungrcbaap0pmvbb.dx.internal.cloudapp.net/10.1.0.35)ef7b62c9-01e2-453f-9d3f-9e9ef16e062c(fv-az449-305.jvjgdiodbn4ungrcbaap0pmvbb.dx.internal.cloudapp.net/10.1.0.35)04d213b6-f61d-4fba-9596-1d72c738ecbb(fv-az449-305.jvjgdiodbn4ungrcbaap0pmvbb.dx.internal.cloudapp.net/10.1.0.35), ReplicationConfig: RATIS/THREE, State:ALLOCATED, leaderId:, CreationTimestamp2023-04-02T14:01:08.180Z[Etc/UTC]].
2023-04-02 14:01:08,186 [RatisPipelineUtilsThread - 0] INFO  pipeline.RatisPipelineProvider (RatisPipelineProvider.java:lambda$create$0(206)) - Sending CreatePipelineCommand for pipeline:PipelineID=00f3f094-cd15-4334-bf4e-309aa1ee3fa3 to datanode:04d213b6-f61d-4fba-9596-1d72c738ecbb
2023-04-02 14:01:08,186 [RatisPipelineUtilsThread - 0] INFO  pipeline.RatisPipelineProvider (RatisPipelineProvider.java:lambda$create$0(206)) - Sending CreatePipelineCommand for pipeline:PipelineID=00f3f094-cd15-4334-bf4e-309aa1ee3fa3 to datanode:4c149094-c8c7-466f-8837-6623514047e5
2023-04-02 14:01:08,187 [RatisPipelineUtilsThread - 0] INFO  pipeline.RatisPipelineProvider (RatisPipelineProvider.java:lambda$create$0(206)) - Sending CreatePipelineCommand for pipeline:PipelineID=00f3f094-cd15-4334-bf4e-309aa1ee3fa3 to datanode:ef7b62c9-01e2-453f-9d3f-9e9ef16e062c
2023-04-02 14:01:08,189 [RatisPipelineUtilsThread - 0] INFO  pipeline.PipelineStateManagerImpl (PipelineStateManagerImpl.java:addPipeline(103)) - Created pipeline Pipeline[ Id: 00f3f094-cd15-4334-bf4e-309aa1ee3fa3, Nodes: 04d213b6-f61d-4fba-9596-1d72c738ecbb(fv-az449-305.jvjgdiodbn4ungrcbaap0pmvbb.dx.internal.cloudapp.net/10.1.0.35)4c149094-c8c7-466f-8837-6623514047e5(fv-az449-305.jvjgdiodbn4ungrcbaap0pmvbb.dx.internal.cloudapp.net/10.1.0.35)ef7b62c9-01e2-453f-9d3f-9e9ef16e062c(fv-az449-305.jvjgdiodbn4ungrcbaap0pmvbb.dx.internal.cloudapp.net/10.1.0.35), ReplicationConfig: RATIS/THREE, State:ALLOCATED, leaderId:, CreationTimestamp2023-04-02T14:01:08.186Z[Etc/UTC]].
2023-04-02 14:01:08,189 [RatisPipelineUtilsThread - 0] INFO  pipeline.PipelineManagerImpl (PipelineManagerImpl.java:recordMetricsForPipeline(826)) - Pipeline: PipelineID=00f3f094-cd15-4334-bf4e-309aa1ee3fa3 contains same datanodes as previous pipelines: PipelineID=47379d53-f478-4ddb-9ab5-4edd817d868a nodeIds: 04d213b6-f61d-4fba-9596-1d72c738ecbb, 4c149094-c8c7-466f-8837-6623514047e5, ef7b62c9-01e2-453f-9d3f-9e9ef16e062c
2023-04-02 14:01:08,190 [RatisPipelineUtilsThread - 0] WARN  pipeline.PipelinePlacementPolicy (PipelinePlacementPolicy.java:filterViableNodes(160)) - Pipeline creation failed due to no sufficient healthy datanodes. Required 3. Found 0. Excluded 3.
2023-04-02 14:01:08,193 [RatisPipelineUtilsThread - 0] WARN  pipeline.PipelinePlacementPolicy (PipelinePlacementPolicy.java:filterViableNodes(160)) - Pipeline creation failed due to no sufficient healthy datanodes. Required 3. Found 0. Excluded 3.
2023-04-02 14:01:09,170 [Listener at 127.0.0.1/38335] INFO  ozone.MiniOzoneClusterImpl (MiniOzoneClusterImpl.java:lambda$waitForClusterToBeReady$0(222)) - Nodes are ready. Got 3 of 3 DN Heartbeats.
2023-04-02 14:01:09,173 [Listener at 127.0.0.1/38335] INFO  ozone.MiniOzoneClusterImpl (MiniOzoneClusterImpl.java:lambda$waitForClusterToBeReady$0(225)) - Waiting for cluster to exit safe mode
2023-04-02 14:01:09,173 [Listener at 127.0.0.1/38335] INFO  ozone.MiniOzoneClusterImpl (MiniOzoneClusterImpl.java:lambda$waitForClusterToBeReady$0(227)) - SCM became leader
2023-04-02 14:01:10,152 [Command processor thread] INFO  server.RaftServer (RaftServerProxy.java:addNew(96)) - 4c149094-c8c7-466f-8837-6623514047e5: addNew group-CC016F32AA57:[4c149094-c8c7-466f-8837-6623514047e5|rpc:10.1.0.35:43877|dataStream:10.1.0.35:38539|priority:1|startupRole:FOLLOWER] returns group-CC016F32AA57:java.util.concurrent.CompletableFuture@2fa71442[Not completed]
2023-04-02 14:01:10,164 [pool-78-thread-1] INFO  server.RaftServer$Division (RaftServerImpl.java:<init>(195)) - 4c149094-c8c7-466f-8837-6623514047e5: new RaftServerImpl for group-CC016F32AA57:[4c149094-c8c7-466f-8837-6623514047e5|rpc:10.1.0.35:43877|dataStream:10.1.0.35:38539|priority:1|startupRole:FOLLOWER] with ContainerStateMachine:uninitialized
2023-04-02 14:01:10,164 [pool-78-thread-1] INFO  server.RaftServerConfigKeys (ConfUtils.java:logGet(46)) - raft.server.rpc.timeout.min = 5s (custom)
2023-04-02 14:01:10,164 [pool-78-thread-1] INFO  server.RaftServerConfigKeys (ConfUtils.java:logGet(46)) - raft.server.rpc.timeout.max = 5200ms (custom)
2023-04-02 14:01:10,164 [pool-78-thread-1] INFO  server.RaftServerConfigKeys (ConfUtils.java:logGet(46)) - raft.server.rpc.sleep.time = 25ms (default)
2023-04-02 14:01:10,164 [pool-78-thread-1] INFO  server.RaftServerConfigKeys (ConfUtils.java:logGet(46)) - raft.server.rpc.slowness.timeout = 300000ms (custom)
2023-04-02 14:01:10,164 [pool-78-thread-1] INFO  server.RaftServerConfigKeys (ConfUtils.java:logGet(46)) - raft.server.leaderelection.leader.step-down.wait-time = 10s (default)
2023-04-02 14:01:10,165 [pool-78-thread-1] INFO  server.RaftServerConfigKeys (ConfUtils.java:logGet(46)) - raft.server.sleep.deviation.threshold = 300ms (default)
2023-04-02 14:01:10,165 [pool-78-thread-1] INFO  server.RaftServer$Division (ServerState.java:<init>(118)) - 4c149094-c8c7-466f-8837-6623514047e5@group-CC016F32AA57: ConfigurationManager, init=-1: peers:[4c149094-c8c7-466f-8837-6623514047e5|rpc:10.1.0.35:43877|dataStream:10.1.0.35:38539|priority:1|startupRole:FOLLOWER]|listeners:[], old=null, confs=<EMPTY_MAP>
2023-04-02 14:01:10,165 [pool-78-thread-1] INFO  server.RaftServerConfigKeys (ConfUtils.java:logGet(46)) - raft.server.storage.dir = [/home/runner/work/ozone/ozone/hadoop-ozone/integration-test/target/test-dir/MiniOzoneClusterImpl-e08b4ded-cf26-487b-9197-20d38c9ee5c1/datanode-0/data/ratis] (custom)
2023-04-02 14:01:10,165 [pool-78-thread-1] INFO  server.RaftServerConfigKeys (ConfUtils.java:logGet(46)) - raft.server.log.corruption.policy = EXCEPTION (default)
2023-04-02 14:01:10,165 [pool-78-thread-1] INFO  server.RaftServerConfigKeys (ConfUtils.java:logGet(46)) - raft.server.storage.free-space.min = 0MB (=0) (default)
2023-04-02 14:01:10,165 [pool-78-thread-1] INFO  server.RaftServerConfigKeys (ConfUtils.java:logGet(46)) - raft.server.notification.no-leader.timeout = 300000ms (custom)
2023-04-02 14:01:10,165 [pool-78-thread-1] INFO  server.RaftServerConfigKeys (ConfUtils.java:logGet(46)) - raft.server.retrycache.expirytime = 600000ms (custom)
2023-04-02 14:01:10,165 [pool-78-thread-1] INFO  server.RaftServerConfigKeys (ConfUtils.java:logGet(46)) - raft.server.retrycache.statistics.expirytime = 100μs (default)
2023-04-02 14:01:10,168 [pool-78-thread-1] INFO  server.RaftServerConfigKeys (ConfUtils.java:logGet(46)) - raft.server.log.appender.install.snapshot.enabled = false (custom)
2023-04-02 14:01:10,168 [pool-78-thread-1] INFO  server.RaftServerConfigKeys (ConfUtils.java:logGet(46)) - raft.server.threadpool.server.cached = true (default)
2023-04-02 14:01:10,173 [Listener at 127.0.0.1/38335] INFO  ozone.MiniOzoneClusterImpl (MiniOzoneClusterImpl.java:lambda$waitForClusterToBeReady$0(222)) - Nodes are ready. Got 3 of 3 DN Heartbeats.
2023-04-02 14:01:10,177 [Listener at 127.0.0.1/38335] INFO  ozone.MiniOzoneClusterImpl (MiniOzoneClusterImpl.java:lambda$waitForClusterToBeReady$0(225)) - Waiting for cluster to exit safe mode
2023-04-02 14:01:10,177 [Listener at 127.0.0.1/38335] INFO  ozone.MiniOzoneClusterImpl (MiniOzoneClusterImpl.java:lambda$waitForClusterToBeReady$0(227)) - SCM became leader
2023-04-02 14:01:10,177 [pool-78-thread-1] INFO  server.RaftServerConfigKeys (ConfUtils.java:logGet(46)) - raft.server.threadpool.server.size = 0 (default)
2023-04-02 14:01:10,179 [pool-78-thread-1] INFO  server.RaftServerConfigKeys (ConfUtils.java:logGet(46)) - raft.server.threadpool.client.cached = true (default)
2023-04-02 14:01:10,179 [pool-78-thread-1] INFO  server.RaftServerConfigKeys (ConfUtils.java:logGet(46)) - raft.server.threadpool.client.size = 0 (default)
2023-04-02 14:01:10,180 [pool-78-thread-1] INFO  storage.RaftStorageDirectory (RaftStorageDirectoryImpl.java:analyzeStorage(137)) - The storage directory /home/runner/work/ozone/ozone/hadoop-ozone/integration-test/target/test-dir/MiniOzoneClusterImpl-e08b4ded-cf26-487b-9197-20d38c9ee5c1/datanode-0/data/ratis/b50ed1b4-ccbe-4bc9-9c34-cc016f32aa57 does not exist. Creating ...
2023-04-02 14:01:10,181 [pool-78-thread-1] INFO  storage.RaftStorageDirectory (RaftStorageDirectoryImpl.java:tryLock(231)) - Lock on /home/runner/work/ozone/ozone/hadoop-ozone/integration-test/target/test-dir/MiniOzoneClusterImpl-e08b4ded-cf26-487b-9197-20d38c9ee5c1/datanode-0/data/ratis/b50ed1b4-ccbe-4bc9-9c34-cc016f32aa57/in_use.lock acquired by nodename 38458@fv-az449-305
2023-04-02 14:01:10,183 [pool-78-thread-1] INFO  storage.RaftStorage (RaftStorageImpl.java:format(96)) - Storage directory /home/runner/work/ozone/ozone/hadoop-ozone/integration-test/target/test-dir/MiniOzoneClusterImpl-e08b4ded-cf26-487b-9197-20d38c9ee5c1/datanode-0/data/ratis/b50ed1b4-ccbe-4bc9-9c34-cc016f32aa57 has been successfully formatted.
2023-04-02 14:01:10,185 [pool-78-thread-1] INFO  ratis.ContainerStateMachine (ContainerStateMachine.java:loadSnapshot(262)) - group-CC016F32AA57: The snapshot info is null. Setting the last applied indexto:(t:0, i:~)
2023-04-02 14:01:10,185 [pool-78-thread-1] INFO  server.RaftServerConfigKeys (ConfUtils.java:logGet(46)) - raft.server.log.use.memory = false (default)
2023-04-02 14:01:10,189 [EventQueue-PipelineReportForPipelineReportHandler] INFO  pipeline.PipelineManagerImpl (PipelineManagerImpl.java:openPipeline(367)) - Pipeline Pipeline[ Id: b50ed1b4-ccbe-4bc9-9c34-cc016f32aa57, Nodes: 4c149094-c8c7-466f-8837-6623514047e5(fv-az449-305.jvjgdiodbn4ungrcbaap0pmvbb.dx.internal.cloudapp.net/10.1.0.35), ReplicationConfig: RATIS/ONE, State:ALLOCATED, leaderId:4c149094-c8c7-466f-8837-6623514047e5, CreationTimestamp2023-04-02T14:01:07.160Z[Etc/UTC]] moved to OPEN state
2023-04-02 14:01:10,192 [pool-78-thread-1] INFO  server.RaftServerConfigKeys (ConfUtils.java:logGet(46)) - raft.server.log.purge.gap = 1000000 (custom)
2023-04-02 14:01:10,192 [pool-78-thread-1] INFO  server.RaftServerConfigKeys (ConfUtils.java:logGet(46)) - raft.server.log.appender.buffer.byte-limit = 33554432 (custom)
2023-04-02 14:01:10,192 [pool-78-thread-1] INFO  server.RaftServerConfigKeys (ConfUtils.java:logGet(46)) - raft.server.log.statemachine.data.read.timeout = 1000ms (default)
2023-04-02 14:01:10,193 [pool-78-thread-1] INFO  server.RaftServerConfigKeys (ConfUtils.java:logGet(46)) - raft.server.log.purge.preservation.log.num = 0 (default)
2023-04-02 14:01:10,193 [EventQueue-OpenPipelineForHealthyPipelineSafeModeRule] INFO  safemode.SCMSafeModeManager (HealthyPipelineSafeModeRule.java:process(137)) - SCM in safe mode. Healthy pipelines reported count is 0, required healthy pipeline reported count is 1
2023-04-02 14:01:10,193 [pool-78-thread-1] INFO  server.RaftServerConfigKeys (ConfUtils.java:logGet(46)) - raft.server.log.segment.size.max = 1048576 (custom)
2023-04-02 14:01:10,196 [pool-78-thread-1] INFO  server.RaftServerConfigKeys (ConfUtils.java:logGet(46)) - raft.server.log.segment.cache.num.max = 2 (custom)
2023-04-02 14:01:10,196 [pool-78-thread-1] INFO  server.RaftServerConfigKeys (ConfUtils.java:logGet(46)) - raft.server.log.segment.cache.size.max = 200MB (=209715200) (default)
2023-04-02 14:01:10,196 [pool-78-thread-1] INFO  segmented.SegmentedRaftLogWorker (SegmentedRaftLogWorker.java:<init>(189)) - new 4c149094-c8c7-466f-8837-6623514047e5@group-CC016F32AA57-SegmentedRaftLogWorker for RaftStorageImpl:Storage Directory /home/runner/work/ozone/ozone/hadoop-ozone/integration-test/target/test-dir/MiniOzoneClusterImpl-e08b4ded-cf26-487b-9197-20d38c9ee5c1/datanode-0/data/ratis/b50ed1b4-ccbe-4bc9-9c34-cc016f32aa57
2023-04-02 14:01:10,196 [pool-78-thread-1] INFO  server.RaftServerConfigKeys (ConfUtils.java:logGet(46)) - raft.server.log.queue.byte-limit = 4294967296 (custom)
2023-04-02 14:01:10,196 [pool-78-thread-1] INFO  server.RaftServerConfigKeys (ConfUtils.java:logGet(46)) - raft.server.log.queue.element-limit = 1024 (custom)
2023-04-02 14:01:10,196 [pool-78-thread-1] INFO  server.RaftServerConfigKeys (ConfUtils.java:logGet(46)) - raft.server.log.segment.size.max = 1048576 (custom)
2023-04-02 14:01:10,197 [pool-78-thread-1] INFO  server.RaftServerConfigKeys (ConfUtils.java:logGet(46)) - raft.server.log.preallocated.size = 16384 (custom)
2023-04-02 14:01:10,197 [pool-78-thread-1] INFO  server.RaftServerConfigKeys (ConfUtils.java:logGet(46)) - raft.server.log.force.sync.num = 128 (default)
2023-04-02 14:01:10,197 [pool-78-thread-1] INFO  server.RaftServerConfigKeys (ConfUtils.java:logGet(46)) - raft.server.log.statemachine.data.sync = true (default)
2023-04-02 14:01:10,197 [pool-78-thread-1] INFO  server.RaftServerConfigKeys (ConfUtils.java:logGet(46)) - raft.server.log.statemachine.data.sync.timeout = 10s (default)
2023-04-02 14:01:10,197 [pool-78-thread-1] INFO  server.RaftServerConfigKeys (ConfUtils.java:logGet(46)) - raft.server.log.statemachine.data.sync.timeout.retry = -1 (default)
2023-04-02 14:01:10,198 [pool-78-thread-1] INFO  server.RaftServerConfigKeys (ConfUtils.java:logGet(46)) - raft.server.log.write.buffer.size = 1048576 (custom)
2023-04-02 14:01:10,199 [pool-78-thread-1] INFO  server.RaftServerConfigKeys (ConfUtils.java:logGet(46)) - raft.server.log.appender.buffer.byte-limit = 33554432 (custom)
2023-04-02 14:01:10,204 [pool-78-thread-1] INFO  server.RaftServerConfigKeys (ConfUtils.java:logGet(46)) - raft.server.log.unsafe-flush.enabled = false (default)
2023-04-02 14:01:10,204 [pool-78-thread-1] INFO  server.RaftServerConfigKeys (ConfUtils.java:logGet(46)) - raft.server.log.async-flush.enabled = false (default)
2023-04-02 14:01:10,204 [pool-78-thread-1] INFO  server.RaftServerConfigKeys (ConfUtils.java:logGet(46)) - raft.server.log.statemachine.data.caching.enabled = true (custom)
2023-04-02 14:01:10,205 [pool-78-thread-1] INFO  segmented.SegmentedRaftLogWorker (SegmentedRaftLogWorker.java:lambda$new$0(135)) - 4c149094-c8c7-466f-8837-6623514047e5@group-CC016F32AA57-SegmentedRaftLogWorker: flushIndex: setUnconditionally 0 -> -1
2023-04-02 14:01:10,205 [pool-78-thread-1] INFO  segmented.SegmentedRaftLogWorker (SegmentedRaftLogWorker.java:lambda$new$0(135)) - 4c149094-c8c7-466f-8837-6623514047e5@group-CC016F32AA57-SegmentedRaftLogWorker: safeCacheEvictIndex: setUnconditionally 0 -> -1
2023-04-02 14:01:10,210 [pool-78-thread-1] INFO  server.RaftServer$Division (RaftServerImpl.java:start(334)) - 4c149094-c8c7-466f-8837-6623514047e5@group-CC016F32AA57: start as a follower, conf=-1: peers:[4c149094-c8c7-466f-8837-6623514047e5|rpc:10.1.0.35:43877|dataStream:10.1.0.35:38539|priority:1|startupRole:FOLLOWER]|listeners:[], old=null
2023-04-02 14:01:10,211 [pool-78-thread-1] INFO  server.RaftServer$Division (RaftServerImpl.java:setRole(321)) - 4c149094-c8c7-466f-8837-6623514047e5@group-CC016F32AA57: changes role from      null to FOLLOWER at term 0 for startAsFollower
2023-04-02 14:01:10,211 [pool-78-thread-1] INFO  impl.RoleInfo (RoleInfo.java:updateAndGet(139)) - 4c149094-c8c7-466f-8837-6623514047e5: start 4c149094-c8c7-466f-8837-6623514047e5@group-CC016F32AA57-FollowerState
2023-04-02 14:01:10,211 [pool-78-thread-1] INFO  util.JmxRegister (JmxRegister.java:tryRegister(44)) - Successfully registered JMX Bean with object name Ratis:service=RaftServer,group=group-CC016F32AA57,id=4c149094-c8c7-466f-8837-6623514047e5
2023-04-02 14:01:10,211 [pool-78-thread-1] INFO  server.RaftServerConfigKeys (ConfUtils.java:logGet(46)) - raft.server.snapshot.auto.trigger.enabled = true (custom)
2023-04-02 14:01:10,211 [pool-78-thread-1] INFO  server.RaftServerConfigKeys (ConfUtils.java:logGet(46)) - raft.server.snapshot.auto.trigger.threshold = 1 (custom)
2023-04-02 14:01:10,211 [pool-78-thread-1] INFO  server.RaftServerConfigKeys (ConfUtils.java:logGet(46)) - raft.server.snapshot.retention.file.num = 5 (custom)
2023-04-02 14:01:10,212 [pool-78-thread-1] INFO  server.RaftServerConfigKeys (ConfUtils.java:logGet(46)) - raft.server.log.purge.upto.snapshot.index = false (default)
2023-04-02 14:01:10,212 [4c149094-c8c7-466f-8837-6623514047e5@group-CC016F32AA57-FollowerState] INFO  server.RaftServerConfigKeys (ConfUtils.java:logFallback(53)) - raft.server.rpc.first-election.timeout.min = 5s (fallback to raft.server.rpc.timeout.min)
2023-04-02 14:01:10,213 [4c149094-c8c7-466f-8837-6623514047e5@group-CC016F32AA57-FollowerState] INFO  server.RaftServerConfigKeys (ConfUtils.java:logFallback(53)) - raft.server.rpc.first-election.timeout.max = 5200ms (fallback to raft.server.rpc.timeout.max)
2023-04-02 14:01:10,220 [Command processor thread] INFO  ratis.XceiverServerRatis (XceiverServerRatis.java:addGroup(806)) - Created group PipelineID=b50ed1b4-ccbe-4bc9-9c34-cc016f32aa57
2023-04-02 14:01:10,221 [Command processor thread] INFO  commandhandler.CreatePipelineCommandHandler (CreatePipelineCommandHandler.java:handle(113)) - Created Pipeline RATIS ONE PipelineID=b50ed1b4-ccbe-4bc9-9c34-cc016f32aa57.
2023-04-02 14:01:10,221 [Command processor thread] INFO  server.RaftServer (RaftServerProxy.java:addNew(96)) - 4c149094-c8c7-466f-8837-6623514047e5: addNew group-4EDD817D868A:[4c149094-c8c7-466f-8837-6623514047e5|rpc:10.1.0.35:43877|dataStream:10.1.0.35:38539|priority:0|startupRole:FOLLOWER, ef7b62c9-01e2-453f-9d3f-9e9ef16e062c|rpc:10.1.0.35:38491|dataStream:10.1.0.35:45283|priority:0|startupRole:FOLLOWER, 04d213b6-f61d-4fba-9596-1d72c738ecbb|rpc:10.1.0.35:45029|dataStream:10.1.0.35:40503|priority:1|startupRole:FOLLOWER] returns group-4EDD817D868A:java.util.concurrent.CompletableFuture@10282202[Not completed]
2023-04-02 14:01:10,227 [pool-78-thread-1] INFO  server.RaftServer$Division (RaftServerImpl.java:<init>(195)) - 4c149094-c8c7-466f-8837-6623514047e5: new RaftServerImpl for group-4EDD817D868A:[4c149094-c8c7-466f-8837-6623514047e5|rpc:10.1.0.35:43877|dataStream:10.1.0.35:38539|priority:0|startupRole:FOLLOWER, ef7b62c9-01e2-453f-9d3f-9e9ef16e062c|rpc:10.1.0.35:38491|dataStream:10.1.0.35:45283|priority:0|startupRole:FOLLOWER, 04d213b6-f61d-4fba-9596-1d72c738ecbb|rpc:10.1.0.35:45029|dataStream:10.1.0.35:40503|priority:1|startupRole:FOLLOWER] with ContainerStateMachine:uninitialized
2023-04-02 14:01:10,227 [pool-78-thread-1] INFO  server.RaftServerConfigKeys (ConfUtils.java:logGet(46)) - raft.server.rpc.timeout.min = 5s (custom)
2023-04-02 14:01:10,228 [pool-78-thread-1] INFO  server.RaftServerConfigKeys (ConfUtils.java:logGet(46)) - raft.server.rpc.timeout.max = 5200ms (custom)
2023-04-02 14:01:10,228 [pool-78-thread-1] INFO  server.RaftServerConfigKeys (ConfUtils.java:logGet(46)) - raft.server.rpc.sleep.time = 25ms (default)
2023-04-02 14:01:10,228 [pool-78-thread-1] INFO  server.RaftServerConfigKeys (ConfUtils.java:logGet(46)) - raft.server.rpc.slowness.timeout = 300000ms (custom)
2023-04-02 14:01:10,228 [pool-78-thread-1] INFO  server.RaftServerConfigKeys (ConfUtils.java:logGet(46)) - raft.server.leaderelection.leader.step-down.wait-time = 10s (default)
2023-04-02 14:01:10,228 [pool-78-thread-1] INFO  server.RaftServerConfigKeys (ConfUtils.java:logGet(46)) - raft.server.sleep.deviation.threshold = 300ms (default)
2023-04-02 14:01:10,228 [pool-78-thread-1] INFO  server.RaftServer$Division (ServerState.java:<init>(118)) - 4c149094-c8c7-466f-8837-6623514047e5@group-4EDD817D868A: ConfigurationManager, init=-1: peers:[4c149094-c8c7-466f-8837-6623514047e5|rpc:10.1.0.35:43877|dataStream:10.1.0.35:38539|priority:0|startupRole:FOLLOWER, ef7b62c9-01e2-453f-9d3f-9e9ef16e062c|rpc:10.1.0.35:38491|dataStream:10.1.0.35:45283|priority:0|startupRole:FOLLOWER, 04d213b6-f61d-4fba-9596-1d72c738ecbb|rpc:10.1.0.35:45029|dataStream:10.1.0.35:40503|priority:1|startupRole:FOLLOWER]|listeners:[], old=null, confs=<EMPTY_MAP>
2023-04-02 14:01:10,228 [pool-78-thread-1] INFO  server.RaftServerConfigKeys (ConfUtils.java:logGet(46)) - raft.server.storage.dir = [/home/runner/work/ozone/ozone/hadoop-ozone/integration-test/target/test-dir/MiniOzoneClusterImpl-e08b4ded-cf26-487b-9197-20d38c9ee5c1/datanode-0/data/ratis] (custom)
2023-04-02 14:01:10,228 [pool-78-thread-1] INFO  server.RaftServerConfigKeys (ConfUtils.java:logGet(46)) - raft.server.log.corruption.policy = EXCEPTION (default)
2023-04-02 14:01:10,228 [pool-78-thread-1] INFO  server.RaftServerConfigKeys (ConfUtils.java:logGet(46)) - raft.server.storage.free-space.min = 0MB (=0) (default)
2023-04-02 14:01:10,229 [pool-78-thread-1] INFO  server.RaftServerConfigKeys (ConfUtils.java:logGet(46)) - raft.server.notification.no-leader.timeout = 300000ms (custom)
2023-04-02 14:01:10,229 [pool-78-thread-1] INFO  server.RaftServerConfigKeys (ConfUtils.java:logGet(46)) - raft.server.retrycache.expirytime = 600000ms (custom)
2023-04-02 14:01:10,229 [pool-78-thread-1] INFO  server.RaftServerConfigKeys (ConfUtils.java:logGet(46)) - raft.server.retrycache.statistics.expirytime = 100μs (default)
2023-04-02 14:01:10,234 [pool-78-thread-1] INFO  server.RaftServerConfigKeys (ConfUtils.java:logGet(46)) - raft.server.log.appender.install.snapshot.enabled = false (custom)
2023-04-02 14:01:10,234 [pool-78-thread-1] INFO  server.RaftServerConfigKeys (ConfUtils.java:logGet(46)) - raft.server.threadpool.server.cached = true (default)
2023-04-02 14:01:10,234 [pool-78-thread-1] INFO  server.RaftServerConfigKeys (ConfUtils.java:logGet(46)) - raft.server.threadpool.server.size = 0 (default)
2023-04-02 14:01:10,234 [pool-78-thread-1] INFO  server.RaftServerConfigKeys (ConfUtils.java:logGet(46)) - raft.server.threadpool.client.cached = true (default)
2023-04-02 14:01:10,234 [pool-78-thread-1] INFO  server.RaftServerConfigKeys (ConfUtils.java:logGet(46)) - raft.server.threadpool.client.size = 0 (default)
2023-04-02 14:01:10,234 [pool-78-thread-1] INFO  storage.RaftStorageDirectory (RaftStorageDirectoryImpl.java:analyzeStorage(137)) - The storage directory /home/runner/work/ozone/ozone/hadoop-ozone/integration-test/target/test-dir/MiniOzoneClusterImpl-e08b4ded-cf26-487b-9197-20d38c9ee5c1/datanode-0/data/ratis/47379d53-f478-4ddb-9ab5-4edd817d868a does not exist. Creating ...
2023-04-02 14:01:10,236 [pool-78-thread-1] INFO  storage.RaftStorageDirectory (RaftStorageDirectoryImpl.java:tryLock(231)) - Lock on /home/runner/work/ozone/ozone/hadoop-ozone/integration-test/target/test-dir/MiniOzoneClusterImpl-e08b4ded-cf26-487b-9197-20d38c9ee5c1/datanode-0/data/ratis/47379d53-f478-4ddb-9ab5-4edd817d868a/in_use.lock acquired by nodename 38458@fv-az449-305
2023-04-02 14:01:10,237 [pool-78-thread-1] INFO  storage.RaftStorage (RaftStorageImpl.java:format(96)) - Storage directory /home/runner/work/ozone/ozone/hadoop-ozone/integration-test/target/test-dir/MiniOzoneClusterImpl-e08b4ded-cf26-487b-9197-20d38c9ee5c1/datanode-0/data/ratis/47379d53-f478-4ddb-9ab5-4edd817d868a has been successfully formatted.
2023-04-02 14:01:10,238 [pool-78-thread-1] INFO  ratis.ContainerStateMachine (ContainerStateMachine.java:loadSnapshot(262)) - group-4EDD817D868A: The snapshot info is null. Setting the last applied indexto:(t:0, i:~)
2023-04-02 14:01:10,238 [pool-78-thread-1] INFO  server.RaftServerConfigKeys (ConfUtils.java:logGet(46)) - raft.server.log.use.memory = false (default)
2023-04-02 14:01:10,239 [pool-78-thread-1] INFO  server.RaftServerConfigKeys (ConfUtils.java:logGet(46)) - raft.server.log.purge.gap = 1000000 (custom)
2023-04-02 14:01:10,239 [pool-78-thread-1] INFO  server.RaftServerConfigKeys (ConfUtils.java:logGet(46)) - raft.server.log.appender.buffer.byte-limit = 33554432 (custom)
2023-04-02 14:01:10,241 [pool-78-thread-1] INFO  server.RaftServerConfigKeys (ConfUtils.java:logGet(46)) - raft.server.log.statemachine.data.read.timeout = 1000ms (default)
2023-04-02 14:01:10,241 [pool-78-thread-1] INFO  server.RaftServerConfigKeys (ConfUtils.java:logGet(46)) - raft.server.log.purge.preservation.log.num = 0 (default)
2023-04-02 14:01:10,242 [EventQueue-OpenPipelineForHealthyPipelineSafeModeRule] INFO  safemode.SCMSafeModeManager (HealthyPipelineSafeModeRule.java:process(137)) - SCM in safe mode. Healthy pipelines reported count is 0, required healthy pipeline reported count is 1
2023-04-02 14:01:10,244 [pool-78-thread-1] INFO  server.RaftServerConfigKeys (ConfUtils.java:logGet(46)) - raft.server.log.segment.size.max = 1048576 (custom)
2023-04-02 14:01:10,248 [pool-78-thread-1] INFO  server.RaftServerConfigKeys (ConfUtils.java:logGet(46)) - raft.server.log.segment.cache.num.max = 2 (custom)
2023-04-02 14:01:10,248 [pool-78-thread-1] INFO  server.RaftServerConfigKeys (ConfUtils.java:logGet(46)) - raft.server.log.segment.cache.size.max = 200MB (=209715200) (default)
2023-04-02 14:01:10,250 [pool-78-thread-1] INFO  segmented.SegmentedRaftLogWorker (SegmentedRaftLogWorker.java:<init>(189)) - new 4c149094-c8c7-466f-8837-6623514047e5@group-4EDD817D868A-SegmentedRaftLogWorker for RaftStorageImpl:Storage Directory /home/runner/work/ozone/ozone/hadoop-ozone/integration-test/target/test-dir/MiniOzoneClusterImpl-e08b4ded-cf26-487b-9197-20d38c9ee5c1/datanode-0/data/ratis/47379d53-f478-4ddb-9ab5-4edd817d868a
2023-04-02 14:01:10,251 [pool-78-thread-1] INFO  server.RaftServerConfigKeys (ConfUtils.java:logGet(46)) - raft.server.log.queue.byte-limit = 4294967296 (custom)
2023-04-02 14:01:10,251 [pool-78-thread-1] INFO  server.RaftServerConfigKeys (ConfUtils.java:logGet(46)) - raft.server.log.queue.element-limit = 1024 (custom)
2023-04-02 14:01:10,251 [pool-78-thread-1] INFO  server.RaftServerConfigKeys (ConfUtils.java:logGet(46)) - raft.server.log.segment.size.max = 1048576 (custom)
2023-04-02 14:01:10,251 [pool-78-thread-1] INFO  server.RaftServerConfigKeys (ConfUtils.java:logGet(46)) - raft.server.log.preallocated.size = 16384 (custom)
2023-04-02 14:01:10,251 [pool-78-thread-1] INFO  server.RaftServerConfigKeys (ConfUtils.java:logGet(46)) - raft.server.log.force.sync.num = 128 (default)
2023-04-02 14:01:10,251 [pool-78-thread-1] INFO  server.RaftServerConfigKeys (ConfUtils.java:logGet(46)) - raft.server.log.statemachine.data.sync = true (default)
2023-04-02 14:01:10,251 [pool-78-thread-1] INFO  server.RaftServerConfigKeys (ConfUtils.java:logGet(46)) - raft.server.log.statemachine.data.sync.timeout = 10s (default)
2023-04-02 14:01:10,251 [pool-78-thread-1] INFO  server.RaftServerConfigKeys (ConfUtils.java:logGet(46)) - raft.server.log.statemachine.data.sync.timeout.retry = -1 (default)
2023-04-02 14:01:10,253 [pool-78-thread-1] INFO  server.RaftServerConfigKeys (ConfUtils.java:logGet(46)) - raft.server.log.write.buffer.size = 1048576 (custom)
2023-04-02 14:01:10,255 [pool-78-thread-1] INFO  server.RaftServerConfigKeys (ConfUtils.java:logGet(46)) - raft.server.log.appender.buffer.byte-limit = 33554432 (custom)
2023-04-02 14:01:10,262 [pool-78-thread-1] INFO  server.RaftServerConfigKeys (ConfUtils.java:logGet(46)) - raft.server.log.unsafe-flush.enabled = false (default)
2023-04-02 14:01:10,262 [pool-78-thread-1] INFO  server.RaftServerConfigKeys (ConfUtils.java:logGet(46)) - raft.server.log.async-flush.enabled = false (default)
2023-04-02 14:01:10,262 [pool-78-thread-1] INFO  server.RaftServerConfigKeys (ConfUtils.java:logGet(46)) - raft.server.log.statemachine.data.caching.enabled = true (custom)
2023-04-02 14:01:10,262 [pool-78-thread-1] INFO  segmented.SegmentedRaftLogWorker (SegmentedRaftLogWorker.java:lambda$new$0(135)) - 4c149094-c8c7-466f-8837-6623514047e5@group-4EDD817D868A-SegmentedRaftLogWorker: flushIndex: setUnconditionally 0 -> -1
2023-04-02 14:01:10,262 [pool-78-thread-1] INFO  segmented.SegmentedRaftLogWorker (SegmentedRaftLogWorker.java:lambda$new$0(135)) - 4c149094-c8c7-466f-8837-6623514047e5@group-4EDD817D868A-SegmentedRaftLogWorker: safeCacheEvictIndex: setUnconditionally 0 -> -1
2023-04-02 14:01:10,262 [pool-78-thread-1] INFO  server.RaftServer$Division (RaftServerImpl.java:start(334)) - 4c149094-c8c7-466f-8837-6623514047e5@group-4EDD817D868A: start as a follower, conf=-1: peers:[4c149094-c8c7-466f-8837-6623514047e5|rpc:10.1.0.35:43877|dataStream:10.1.0.35:38539|priority:0|startupRole:FOLLOWER, ef7b62c9-01e2-453f-9d3f-9e9ef16e062c|rpc:10.1.0.35:38491|dataStream:10.1.0.35:45283|priority:0|startupRole:FOLLOWER, 04d213b6-f61d-4fba-9596-1d72c738ecbb|rpc:10.1.0.35:45029|dataStream:10.1.0.35:40503|priority:1|startupRole:FOLLOWER]|listeners:[], old=null
2023-04-02 14:01:10,263 [pool-78-thread-1] INFO  server.RaftServer$Division (RaftServerImpl.java:setRole(321)) - 4c149094-c8c7-466f-8837-6623514047e5@group-4EDD817D868A: changes role from      null to FOLLOWER at term 0 for startAsFollower
2023-04-02 14:01:10,263 [pool-78-thread-1] INFO  impl.RoleInfo (RoleInfo.java:updateAndGet(139)) - 4c149094-c8c7-466f-8837-6623514047e5: start 4c149094-c8c7-466f-8837-6623514047e5@group-4EDD817D868A-FollowerState
2023-04-02 14:01:10,264 [pool-78-thread-1] INFO  util.JmxRegister (JmxRegister.java:tryRegister(44)) - Successfully registered JMX Bean with object name Ratis:service=RaftServer,group=group-4EDD817D868A,id=4c149094-c8c7-466f-8837-6623514047e5
2023-04-02 14:01:10,264 [pool-78-thread-1] INFO  server.RaftServerConfigKeys (ConfUtils.java:logGet(46)) - raft.server.snapshot.auto.trigger.enabled = true (custom)
2023-04-02 14:01:10,264 [pool-78-thread-1] INFO  server.RaftServerConfigKeys (ConfUtils.java:logGet(46)) - raft.server.snapshot.auto.trigger.threshold = 1 (custom)
2023-04-02 14:01:10,264 [pool-78-thread-1] INFO  server.RaftServerConfigKeys (ConfUtils.java:logGet(46)) - raft.server.snapshot.retention.file.num = 5 (custom)
2023-04-02 14:01:10,264 [pool-78-thread-1] INFO  server.RaftServerConfigKeys (ConfUtils.java:logGet(46)) - raft.server.log.purge.upto.snapshot.index = false (default)
2023-04-02 14:01:10,266 [4c149094-c8c7-466f-8837-6623514047e5@group-4EDD817D868A-FollowerState] INFO  server.RaftServerConfigKeys (ConfUtils.java:logFallback(53)) - raft.server.rpc.first-election.timeout.min = 5s (fallback to raft.server.rpc.timeout.min)
2023-04-02 14:01:10,269 [Command processor thread] INFO  ratis.XceiverServerRatis (XceiverServerRatis.java:addGroup(806)) - Created group PipelineID=47379d53-f478-4ddb-9ab5-4edd817d868a
2023-04-02 14:01:10,276 [4c149094-c8c7-466f-8837-6623514047e5@group-4EDD817D868A-FollowerState] INFO  server.RaftServerConfigKeys (ConfUtils.java:logFallback(53)) - raft.server.rpc.first-election.timeout.max = 5200ms (fallback to raft.server.rpc.timeout.max)
2023-04-02 14:01:10,645 [EventQueue-OpenPipelineForHealthyPipelineSafeModeRule] INFO  safemode.SCMSafeModeManager (HealthyPipelineSafeModeRule.java:process(137)) - SCM in safe mode. Healthy pipelines reported count is 0, required healthy pipeline reported count is 1
2023-04-02 14:01:10,722 [Command processor thread] INFO  server.RaftServer (RaftServerProxy.java:addNew(96)) - 04d213b6-f61d-4fba-9596-1d72c738ecbb: addNew group-B841435A94E4:[04d213b6-f61d-4fba-9596-1d72c738ecbb|rpc:10.1.0.35:45029|dataStream:10.1.0.35:40503|priority:1|startupRole:FOLLOWER] returns group-B841435A94E4:java.util.concurrent.CompletableFuture@d4e55e5[Not completed]
2023-04-02 14:01:10,732 [pool-100-thread-1] INFO  server.RaftServer$Division (RaftServerImpl.java:<init>(195)) - 04d213b6-f61d-4fba-9596-1d72c738ecbb: new RaftServerImpl for group-B841435A94E4:[04d213b6-f61d-4fba-9596-1d72c738ecbb|rpc:10.1.0.35:45029|dataStream:10.1.0.35:40503|priority:1|startupRole:FOLLOWER] with ContainerStateMachine:uninitialized
2023-04-02 14:01:10,733 [pool-100-thread-1] INFO  server.RaftServerConfigKeys (ConfUtils.java:logGet(46)) - raft.server.rpc.timeout.min = 5s (custom)
2023-04-02 14:01:10,734 [pool-100-thread-1] INFO  server.RaftServerConfigKeys (ConfUtils.java:logGet(46)) - raft.server.rpc.timeout.max = 5200ms (custom)
2023-04-02 14:01:10,734 [pool-100-thread-1] INFO  server.RaftServerConfigKeys (ConfUtils.java:logGet(46)) - raft.server.rpc.sleep.time = 25ms (default)
2023-04-02 14:01:10,734 [pool-100-thread-1] INFO  server.RaftServerConfigKeys (ConfUtils.java:logGet(46)) - raft.server.rpc.slowness.timeout = 300000ms (custom)
2023-04-02 14:01:10,734 [pool-100-thread-1] INFO  server.RaftServerConfigKeys (ConfUtils.java:logGet(46)) - raft.server.leaderelection.leader.step-down.wait-time = 10s (default)
2023-04-02 14:01:10,734 [pool-100-thread-1] INFO  server.RaftServerConfigKeys (ConfUtils.java:logGet(46)) - raft.server.sleep.deviation.threshold = 300ms (default)
2023-04-02 14:01:10,734 [pool-100-thread-1] INFO  server.RaftServer$Division (ServerState.java:<init>(118)) - 04d213b6-f61d-4fba-9596-1d72c738ecbb@group-B841435A94E4: ConfigurationManager, init=-1: peers:[04d213b6-f61d-4fba-9596-1d72c738ecbb|rpc:10.1.0.35:45029|dataStream:10.1.0.35:40503|priority:1|startupRole:FOLLOWER]|listeners:[], old=null, confs=<EMPTY_MAP>
2023-04-02 14:01:10,734 [pool-100-thread-1] INFO  server.RaftServerConfigKeys (ConfUtils.java:logGet(46)) - raft.server.storage.dir = [/home/runner/work/ozone/ozone/hadoop-ozone/integration-test/target/test-dir/MiniOzoneClusterImpl-e08b4ded-cf26-487b-9197-20d38c9ee5c1/datanode-1/data/ratis] (custom)
2023-04-02 14:01:10,734 [pool-100-thread-1] INFO  server.RaftServerConfigKeys (ConfUtils.java:logGet(46)) - raft.server.log.corruption.policy = EXCEPTION (default)
2023-04-02 14:01:10,735 [pool-100-thread-1] INFO  server.RaftServerConfigKeys (ConfUtils.java:logGet(46)) - raft.server.storage.free-space.min = 0MB (=0) (default)
2023-04-02 14:01:10,735 [pool-100-thread-1] INFO  server.RaftServerConfigKeys (ConfUtils.java:logGet(46)) - raft.server.notification.no-leader.timeout = 300000ms (custom)
2023-04-02 14:01:10,735 [pool-100-thread-1] INFO  server.RaftServerConfigKeys (ConfUtils.java:logGet(46)) - raft.server.retrycache.expirytime = 600000ms (custom)
2023-04-02 14:01:10,735 [pool-100-thread-1] INFO  server.RaftServerConfigKeys (ConfUtils.java:logGet(46)) - raft.server.retrycache.statistics.expirytime = 100μs (default)
2023-04-02 14:01:10,738 [pool-100-thread-1] INFO  server.RaftServerConfigKeys (ConfUtils.java:logGet(46)) - raft.server.log.appender.install.snapshot.enabled = false (custom)
2023-04-02 14:01:10,738 [pool-100-thread-1] INFO  server.RaftServerConfigKeys (ConfUtils.java:logGet(46)) - raft.server.threadpool.server.cached = true (default)
2023-04-02 14:01:10,738 [pool-100-thread-1] INFO  server.RaftServerConfigKeys (ConfUtils.java:logGet(46)) - raft.server.threadpool.server.size = 0 (default)
2023-04-02 14:01:10,738 [pool-100-thread-1] INFO  server.RaftServerConfigKeys (ConfUtils.java:logGet(46)) - raft.server.threadpool.client.cached = true (default)
2023-04-02 14:01:10,738 [pool-100-thread-1] INFO  server.RaftServerConfigKeys (ConfUtils.java:logGet(46)) - raft.server.threadpool.client.size = 0 (default)
2023-04-02 14:01:10,738 [pool-100-thread-1] INFO  storage.RaftStorageDirectory (RaftStorageDirectoryImpl.java:analyzeStorage(137)) - The storage directory /home/runner/work/ozone/ozone/hadoop-ozone/integration-test/target/test-dir/MiniOzoneClusterImpl-e08b4ded-cf26-487b-9197-20d38c9ee5c1/datanode-1/data/ratis/167fe986-3795-4b19-af4e-b841435a94e4 does not exist. Creating ...
2023-04-02 14:01:10,740 [pool-100-thread-1] INFO  storage.RaftStorageDirectory (RaftStorageDirectoryImpl.java:tryLock(231)) - Lock on /home/runner/work/ozone/ozone/hadoop-ozone/integration-test/target/test-dir/MiniOzoneClusterImpl-e08b4ded-cf26-487b-9197-20d38c9ee5c1/datanode-1/data/ratis/167fe986-3795-4b19-af4e-b841435a94e4/in_use.lock acquired by nodename 38458@fv-az449-305
2023-04-02 14:01:10,742 [grpc-default-executor-0] INFO  server.RaftServer (RaftServerProxy.java:addNew(96)) - ef7b62c9-01e2-453f-9d3f-9e9ef16e062c: addNew group-4EDD817D868A:[4c149094-c8c7-466f-8837-6623514047e5|rpc:10.1.0.35:43877|dataStream:10.1.0.35:38539|priority:0|startupRole:FOLLOWER, ef7b62c9-01e2-453f-9d3f-9e9ef16e062c|rpc:10.1.0.35:38491|dataStream:10.1.0.35:45283|priority:0|startupRole:FOLLOWER, 04d213b6-f61d-4fba-9596-1d72c738ecbb|rpc:10.1.0.35:45029|dataStream:10.1.0.35:40503|priority:1|startupRole:FOLLOWER] returns group-4EDD817D868A:java.util.concurrent.CompletableFuture@5795f6[Not completed]
2023-04-02 14:01:10,742 [pool-100-thread-1] INFO  storage.RaftStorage (RaftStorageImpl.java:format(96)) - Storage directory /home/runner/work/ozone/ozone/hadoop-ozone/integration-test/target/test-dir/MiniOzoneClusterImpl-e08b4ded-cf26-487b-9197-20d38c9ee5c1/datanode-1/data/ratis/167fe986-3795-4b19-af4e-b841435a94e4 has been successfully formatted.
2023-04-02 14:01:10,750 [pool-122-thread-1] INFO  server.RaftServer$Division (RaftServerImpl.java:<init>(195)) - ef7b62c9-01e2-453f-9d3f-9e9ef16e062c: new RaftServerImpl for group-4EDD817D868A:[4c149094-c8c7-466f-8837-6623514047e5|rpc:10.1.0.35:43877|dataStream:10.1.0.35:38539|priority:0|startupRole:FOLLOWER, ef7b62c9-01e2-453f-9d3f-9e9ef16e062c|rpc:10.1.0.35:38491|dataStream:10.1.0.35:45283|priority:0|startupRole:FOLLOWER, 04d213b6-f61d-4fba-9596-1d72c738ecbb|rpc:10.1.0.35:45029|dataStream:10.1.0.35:40503|priority:1|startupRole:FOLLOWER] with ContainerStateMachine:uninitialized
2023-04-02 14:01:10,749 [pool-100-thread-1] INFO  ratis.ContainerStateMachine (ContainerStateMachine.java:loadSnapshot(262)) - group-B841435A94E4: The snapshot info is null. Setting the last applied indexto:(t:0, i:~)
2023-04-02 14:01:10,752 [EventQueue-PipelineReportForPipelineReportHandler] INFO  pipeline.PipelineManagerImpl (PipelineManagerImpl.java:openPipeline(367)) - Pipeline Pipeline[ Id: 167fe986-3795-4b19-af4e-b841435a94e4, Nodes: 04d213b6-f61d-4fba-9596-1d72c738ecbb(fv-az449-305.jvjgdiodbn4ungrcbaap0pmvbb.dx.internal.cloudapp.net/10.1.0.35), ReplicationConfig: RATIS/ONE, State:ALLOCATED, leaderId:04d213b6-f61d-4fba-9596-1d72c738ecbb, CreationTimestamp2023-04-02T14:01:07.732Z[Etc/UTC]] moved to OPEN state
2023-04-02 14:01:10,753 [pool-122-thread-1] INFO  server.RaftServerConfigKeys (ConfUtils.java:logGet(46)) - raft.server.rpc.timeout.min = 5s (custom)
2023-04-02 14:01:10,752 [pool-100-thread-1] INFO  server.RaftServerConfigKeys (ConfUtils.java:logGet(46)) - raft.server.log.use.memory = false (default)
2023-04-02 14:01:10,755 [pool-100-thread-1] INFO  server.RaftServerConfigKeys (ConfUtils.java:logGet(46)) - raft.server.log.purge.gap = 1000000 (custom)
2023-04-02 14:01:10,755 [pool-100-thread-1] INFO  server.RaftServerConfigKeys (ConfUtils.java:logGet(46)) - raft.server.log.appender.buffer.byte-limit = 33554432 (custom)
2023-04-02 14:01:10,755 [pool-100-thread-1] INFO  server.RaftServerConfigKeys (ConfUtils.java:logGet(46)) - raft.server.log.statemachine.data.read.timeout = 1000ms (default)
2023-04-02 14:01:10,755 [pool-100-thread-1] INFO  server.RaftServerConfigKeys (ConfUtils.java:logGet(46)) - raft.server.log.purge.preservation.log.num = 0 (default)
2023-04-02 14:01:10,755 [EventQueue-OpenPipelineForHealthyPipelineSafeModeRule] INFO  safemode.SCMSafeModeManager (HealthyPipelineSafeModeRule.java:process(137)) - SCM in safe mode. Healthy pipelines reported count is 0, required healthy pipeline reported count is 1
2023-04-02 14:01:10,755 [pool-100-thread-1] INFO  server.RaftServerConfigKeys (ConfUtils.java:logGet(46)) - raft.server.log.segment.size.max = 1048576 (custom)
2023-04-02 14:01:10,755 [pool-100-thread-1] INFO  server.RaftServerConfigKeys (ConfUtils.java:logGet(46)) - raft.server.log.segment.cache.num.max = 2 (custom)
2023-04-02 14:01:10,756 [pool-100-thread-1] INFO  server.RaftServerConfigKeys (ConfUtils.java:logGet(46)) - raft.server.log.segment.cache.size.max = 200MB (=209715200) (default)
2023-04-02 14:01:10,756 [pool-100-thread-1] INFO  segmented.SegmentedRaftLogWorker (SegmentedRaftLogWorker.java:<init>(189)) - new 04d213b6-f61d-4fba-9596-1d72c738ecbb@group-B841435A94E4-SegmentedRaftLogWorker for RaftStorageImpl:Storage Directory /home/runner/work/ozone/ozone/hadoop-ozone/integration-test/target/test-dir/MiniOzoneClusterImpl-e08b4ded-cf26-487b-9197-20d38c9ee5c1/datanode-1/data/ratis/167fe986-3795-4b19-af4e-b841435a94e4
2023-04-02 14:01:10,756 [pool-100-thread-1] INFO  server.RaftServerConfigKeys (ConfUtils.java:logGet(46)) - raft.server.log.queue.byte-limit = 4294967296 (custom)
2023-04-02 14:01:10,756 [pool-100-thread-1] INFO  server.RaftServerConfigKeys (ConfUtils.java:logGet(46)) - raft.server.log.queue.element-limit = 1024 (custom)
2023-04-02 14:01:10,756 [pool-100-thread-1] INFO  server.RaftServerConfigKeys (ConfUtils.java:logGet(46)) - raft.server.log.segment.size.max = 1048576 (custom)
2023-04-02 14:01:10,756 [pool-100-thread-1] INFO  server.RaftServerConfigKeys (ConfUtils.java:logGet(46)) - raft.server.log.preallocated.size = 16384 (custom)
2023-04-02 14:01:10,756 [pool-100-thread-1] INFO  server.RaftServerConfigKeys (ConfUtils.java:logGet(46)) - raft.server.log.force.sync.num = 128 (default)
2023-04-02 14:01:10,756 [pool-100-thread-1] INFO  server.RaftServerConfigKeys (ConfUtils.java:logGet(46)) - raft.server.log.statemachine.data.sync = true (default)
2023-04-02 14:01:10,756 [pool-100-thread-1] INFO  server.RaftServerConfigKeys (ConfUtils.java:logGet(46)) - raft.server.log.statemachine.data.sync.timeout = 10s (default)
2023-04-02 14:01:10,756 [pool-100-thread-1] INFO  server.RaftServerConfigKeys (ConfUtils.java:logGet(46)) - raft.server.log.statemachine.data.sync.timeout.retry = -1 (default)
2023-04-02 14:01:10,757 [pool-100-thread-1] INFO  server.RaftServerConfigKeys (ConfUtils.java:logGet(46)) - raft.server.log.write.buffer.size = 1048576 (custom)
2023-04-02 14:01:10,758 [pool-100-thread-1] INFO  server.RaftServerConfigKeys (ConfUtils.java:logGet(46)) - raft.server.log.appender.buffer.byte-limit = 33554432 (custom)
2023-04-02 14:01:10,760 [pool-122-thread-1] INFO  server.RaftServerConfigKeys (ConfUtils.java:logGet(46)) - raft.server.rpc.timeout.max = 5200ms (custom)
2023-04-02 14:01:10,760 [pool-122-thread-1] INFO  server.RaftServerConfigKeys (ConfUtils.java:logGet(46)) - raft.server.rpc.sleep.time = 25ms (default)
2023-04-02 14:01:10,760 [pool-122-thread-1] INFO  server.RaftServerConfigKeys (ConfUtils.java:logGet(46)) - raft.server.rpc.slowness.timeout = 300000ms (custom)
2023-04-02 14:01:10,760 [pool-122-thread-1] INFO  server.RaftServerConfigKeys (ConfUtils.java:logGet(46)) - raft.server.leaderelection.leader.step-down.wait-time = 10s (default)
2023-04-02 14:01:10,760 [pool-122-thread-1] INFO  server.RaftServerConfigKeys (ConfUtils.java:logGet(46)) - raft.server.sleep.deviation.threshold = 300ms (default)
2023-04-02 14:01:10,760 [pool-122-thread-1] INFO  server.RaftServer$Division (ServerState.java:<init>(118)) - ef7b62c9-01e2-453f-9d3f-9e9ef16e062c@group-4EDD817D868A: ConfigurationManager, init=-1: peers:[4c149094-c8c7-466f-8837-6623514047e5|rpc:10.1.0.35:43877|dataStream:10.1.0.35:38539|priority:0|startupRole:FOLLOWER, ef7b62c9-01e2-453f-9d3f-9e9ef16e062c|rpc:10.1.0.35:38491|dataStream:10.1.0.35:45283|priority:0|startupRole:FOLLOWER, 04d213b6-f61d-4fba-9596-1d72c738ecbb|rpc:10.1.0.35:45029|dataStream:10.1.0.35:40503|priority:1|startupRole:FOLLOWER]|listeners:[], old=null, confs=<EMPTY_MAP>
2023-04-02 14:01:10,760 [pool-122-thread-1] INFO  server.RaftServerConfigKeys (ConfUtils.java:logGet(46)) - raft.server.storage.dir = [/home/runner/work/ozone/ozone/hadoop-ozone/integration-test/target/test-dir/MiniOzoneClusterImpl-e08b4ded-cf26-487b-9197-20d38c9ee5c1/datanode-2/data/ratis] (custom)
2023-04-02 14:01:10,761 [pool-122-thread-1] INFO  server.RaftServerConfigKeys (ConfUtils.java:logGet(46)) - raft.server.log.corruption.policy = EXCEPTION (default)
2023-04-02 14:01:10,761 [pool-122-thread-1] INFO  server.RaftServerConfigKeys (ConfUtils.java:logGet(46)) - raft.server.storage.free-space.min = 0MB (=0) (default)
2023-04-02 14:01:10,761 [pool-122-thread-1] INFO  server.RaftServerConfigKeys (ConfUtils.java:logGet(46)) - raft.server.notification.no-leader.timeout = 300000ms (custom)
2023-04-02 14:01:10,761 [pool-122-thread-1] INFO  server.RaftServerConfigKeys (ConfUtils.java:logGet(46)) - raft.server.retrycache.expirytime = 600000ms (custom)
2023-04-02 14:01:10,761 [pool-122-thread-1] INFO  server.RaftServerConfigKeys (ConfUtils.java:logGet(46)) - raft.server.retrycache.statistics.expirytime = 100μs (default)
2023-04-02 14:01:10,768 [pool-100-thread-1] INFO  server.RaftServerConfigKeys (ConfUtils.java:logGet(46)) - raft.server.log.unsafe-flush.enabled = false (default)
2023-04-02 14:01:10,769 [pool-122-thread-1] INFO  server.RaftServerConfigKeys (ConfUtils.java:logGet(46)) - raft.server.log.appender.install.snapshot.enabled = false (custom)
2023-04-02 14:01:10,778 [pool-122-thread-1] INFO  server.RaftServerConfigKeys (ConfUtils.java:logGet(46)) - raft.server.threadpool.server.cached = true (default)
2023-04-02 14:01:10,778 [pool-122-thread-1] INFO  server.RaftServerConfigKeys (ConfUtils.java:logGet(46)) - raft.server.threadpool.server.size = 0 (default)
2023-04-02 14:01:10,778 [pool-122-thread-1] INFO  server.RaftServerConfigKeys (ConfUtils.java:logGet(46)) - raft.server.threadpool.client.cached = true (default)
2023-04-02 14:01:10,778 [pool-100-thread-1] INFO  server.RaftServerConfigKeys (ConfUtils.java:logGet(46)) - raft.server.log.async-flush.enabled = false (default)
2023-04-02 14:01:10,778 [pool-100-thread-1] INFO  server.RaftServerConfigKeys (ConfUtils.java:logGet(46)) - raft.server.log.statemachine.data.caching.enabled = true (custom)
2023-04-02 14:01:10,778 [pool-100-thread-1] INFO  segmented.SegmentedRaftLogWorker (SegmentedRaftLogWorker.java:lambda$new$0(135)) - 04d213b6-f61d-4fba-9596-1d72c738ecbb@group-B841435A94E4-SegmentedRaftLogWorker: flushIndex: setUnconditionally 0 -> -1
2023-04-02 14:01:10,778 [pool-100-thread-1] INFO  segmented.SegmentedRaftLogWorker (SegmentedRaftLogWorker.java:lambda$new$0(135)) - 04d213b6-f61d-4fba-9596-1d72c738ecbb@group-B841435A94E4-SegmentedRaftLogWorker: safeCacheEvictIndex: setUnconditionally 0 -> -1
2023-04-02 14:01:10,779 [pool-122-thread-1] INFO  server.RaftServerConfigKeys (ConfUtils.java:logGet(46)) - raft.server.threadpool.client.size = 0 (default)
2023-04-02 14:01:10,779 [pool-122-thread-1] INFO  storage.RaftStorageDirectory (RaftStorageDirectoryImpl.java:analyzeStorage(137)) - The storage directory /home/runner/work/ozone/ozone/hadoop-ozone/integration-test/target/test-dir/MiniOzoneClusterImpl-e08b4ded-cf26-487b-9197-20d38c9ee5c1/datanode-2/data/ratis/47379d53-f478-4ddb-9ab5-4edd817d868a does not exist. Creating ...
2023-04-02 14:01:10,780 [pool-100-thread-1] INFO  server.RaftServer$Division (RaftServerImpl.java:start(334)) - 04d213b6-f61d-4fba-9596-1d72c738ecbb@group-B841435A94E4: start as a follower, conf=-1: peers:[04d213b6-f61d-4fba-9596-1d72c738ecbb|rpc:10.1.0.35:45029|dataStream:10.1.0.35:40503|priority:1|startupRole:FOLLOWER]|listeners:[], old=null
2023-04-02 14:01:10,780 [pool-100-thread-1] INFO  server.RaftServer$Division (RaftServerImpl.java:setRole(321)) - 04d213b6-f61d-4fba-9596-1d72c738ecbb@group-B841435A94E4: changes role from      null to FOLLOWER at term 0 for startAsFollower
2023-04-02 14:01:10,780 [pool-100-thread-1] INFO  impl.RoleInfo (RoleInfo.java:updateAndGet(139)) - 04d213b6-f61d-4fba-9596-1d72c738ecbb: start 04d213b6-f61d-4fba-9596-1d72c738ecbb@group-B841435A94E4-FollowerState
2023-04-02 14:01:10,780 [pool-122-thread-1] INFO  storage.RaftStorageDirectory (RaftStorageDirectoryImpl.java:tryLock(231)) - Lock on /home/runner/work/ozone/ozone/hadoop-ozone/integration-test/target/test-dir/MiniOzoneClusterImpl-e08b4ded-cf26-487b-9197-20d38c9ee5c1/datanode-2/data/ratis/47379d53-f478-4ddb-9ab5-4edd817d868a/in_use.lock acquired by nodename 38458@fv-az449-305
2023-04-02 14:01:10,781 [pool-122-thread-1] INFO  storage.RaftStorage (RaftStorageImpl.java:format(96)) - Storage directory /home/runner/work/ozone/ozone/hadoop-ozone/integration-test/target/test-dir/MiniOzoneClusterImpl-e08b4ded-cf26-487b-9197-20d38c9ee5c1/datanode-2/data/ratis/47379d53-f478-4ddb-9ab5-4edd817d868a has been successfully formatted.
2023-04-02 14:01:10,783 [pool-100-thread-1] INFO  util.JmxRegister (JmxRegister.java:tryRegister(44)) - Successfully registered JMX Bean with object name Ratis:service=RaftServer,group=group-B841435A94E4,id=04d213b6-f61d-4fba-9596-1d72c738ecbb
2023-04-02 14:01:10,786 [pool-122-thread-1] INFO  ratis.ContainerStateMachine (ContainerStateMachine.java:loadSnapshot(262)) - group-4EDD817D868A: The snapshot info is null. Setting the last applied indexto:(t:0, i:~)
2023-04-02 14:01:10,786 [pool-122-thread-1] INFO  server.RaftServerConfigKeys (ConfUtils.java:logGet(46)) - raft.server.log.use.memory = false (default)
2023-04-02 14:01:10,786 [pool-122-thread-1] INFO  server.RaftServerConfigKeys (ConfUtils.java:logGet(46)) - raft.server.log.purge.gap = 1000000 (custom)
2023-04-02 14:01:10,786 [pool-122-thread-1] INFO  server.RaftServerConfigKeys (ConfUtils.java:logGet(46)) - raft.server.log.appender.buffer.byte-limit = 33554432 (custom)
2023-04-02 14:01:10,786 [pool-122-thread-1] INFO  server.RaftServerConfigKeys (ConfUtils.java:logGet(46)) - raft.server.log.statemachine.data.read.timeout = 1000ms (default)
2023-04-02 14:01:10,786 [pool-122-thread-1] INFO  server.RaftServerConfigKeys (ConfUtils.java:logGet(46)) - raft.server.log.purge.preservation.log.num = 0 (default)
2023-04-02 14:01:10,786 [pool-122-thread-1] INFO  server.RaftServerConfigKeys (ConfUtils.java:logGet(46)) - raft.server.log.segment.size.max = 1048576 (custom)
2023-04-02 14:01:10,786 [pool-100-thread-1] INFO  server.RaftServerConfigKeys (ConfUtils.java:logGet(46)) - raft.server.snapshot.auto.trigger.enabled = true (custom)
2023-04-02 14:01:10,787 [pool-100-thread-1] INFO  server.RaftServerConfigKeys (ConfUtils.java:logGet(46)) - raft.server.snapshot.auto.trigger.threshold = 1 (custom)
2023-04-02 14:01:10,787 [pool-100-thread-1] INFO  server.RaftServerConfigKeys (ConfUtils.java:logGet(46)) - raft.server.snapshot.retention.file.num = 5 (custom)
2023-04-02 14:01:10,787 [pool-100-thread-1] INFO  server.RaftServerConfigKeys (ConfUtils.java:logGet(46)) - raft.server.log.purge.upto.snapshot.index = false (default)
2023-04-02 14:01:10,787 [pool-122-thread-1] INFO  server.RaftServerConfigKeys (ConfUtils.java:logGet(46)) - raft.server.log.segment.cache.num.max = 2 (custom)
2023-04-02 14:01:10,787 [pool-122-thread-1] INFO  server.RaftServerConfigKeys (ConfUtils.java:logGet(46)) - raft.server.log.segment.cache.size.max = 200MB (=209715200) (default)
2023-04-02 14:01:10,787 [pool-122-thread-1] INFO  segmented.SegmentedRaftLogWorker (SegmentedRaftLogWorker.java:<init>(189)) - new ef7b62c9-01e2-453f-9d3f-9e9ef16e062c@group-4EDD817D868A-SegmentedRaftLogWorker for RaftStorageImpl:Storage Directory /home/runner/work/ozone/ozone/hadoop-ozone/integration-test/target/test-dir/MiniOzoneClusterImpl-e08b4ded-cf26-487b-9197-20d38c9ee5c1/datanode-2/data/ratis/47379d53-f478-4ddb-9ab5-4edd817d868a
2023-04-02 14:01:10,787 [pool-122-thread-1] INFO  server.RaftServerConfigKeys (ConfUtils.java:logGet(46)) - raft.server.log.queue.byte-limit = 4294967296 (custom)
2023-04-02 14:01:10,787 [pool-122-thread-1] INFO  server.RaftServerConfigKeys (ConfUtils.java:logGet(46)) - raft.server.log.queue.element-limit = 1024 (custom)
2023-04-02 14:01:10,787 [pool-122-thread-1] INFO  server.RaftServerConfigKeys (ConfUtils.java:logGet(46)) - raft.server.log.segment.size.max = 1048576 (custom)
2023-04-02 14:01:10,787 [pool-122-thread-1] INFO  server.RaftServerConfigKeys (ConfUtils.java:logGet(46)) - raft.server.log.preallocated.size = 16384 (custom)
2023-04-02 14:01:10,787 [pool-122-thread-1] INFO  server.RaftServerConfigKeys (ConfUtils.java:logGet(46)) - raft.server.log.force.sync.num = 128 (default)
2023-04-02 14:01:10,787 [pool-122-thread-1] INFO  server.RaftServerConfigKeys (ConfUtils.java:logGet(46)) - raft.server.log.statemachine.data.sync = true (default)
2023-04-02 14:01:10,787 [pool-122-thread-1] INFO  server.RaftServerConfigKeys (ConfUtils.java:logGet(46)) - raft.server.log.statemachine.data.sync.timeout = 10s (default)
2023-04-02 14:01:10,787 [pool-122-thread-1] INFO  server.RaftServerConfigKeys (ConfUtils.java:logGet(46)) - raft.server.log.statemachine.data.sync.timeout.retry = -1 (default)
2023-04-02 14:01:10,788 [04d213b6-f61d-4fba-9596-1d72c738ecbb@group-B841435A94E4-FollowerState] INFO  server.RaftServerConfigKeys (ConfUtils.java:logFallback(53)) - raft.server.rpc.first-election.timeout.min = 5s (fallback to raft.server.rpc.timeout.min)
2023-04-02 14:01:10,788 [Command processor thread] INFO  ratis.XceiverServerRatis (XceiverServerRatis.java:addGroup(806)) - Created group PipelineID=167fe986-3795-4b19-af4e-b841435a94e4
2023-04-02 14:01:10,788 [04d213b6-f61d-4fba-9596-1d72c738ecbb@group-B841435A94E4-FollowerState] INFO  server.RaftServerConfigKeys (ConfUtils.java:logFallback(53)) - raft.server.rpc.first-election.timeout.max = 5200ms (fallback to raft.server.rpc.timeout.max)
2023-04-02 14:01:10,793 [pool-122-thread-1] INFO  server.RaftServerConfigKeys (ConfUtils.java:logGet(46)) - raft.server.log.write.buffer.size = 1048576 (custom)
2023-04-02 14:01:10,788 [Command processor thread] INFO  commandhandler.CreatePipelineCommandHandler (CreatePipelineCommandHandler.java:handle(113)) - Created Pipeline RATIS ONE PipelineID=167fe986-3795-4b19-af4e-b841435a94e4.
2023-04-02 14:01:10,795 [pool-122-thread-1] INFO  server.RaftServerConfigKeys (ConfUtils.java:logGet(46)) - raft.server.log.appender.buffer.byte-limit = 33554432 (custom)
2023-04-02 14:01:10,796 [Command processor thread] INFO  server.RaftServer (RaftServerProxy.java:addNew(96)) - 04d213b6-f61d-4fba-9596-1d72c738ecbb: addNew group-4EDD817D868A:[4c149094-c8c7-466f-8837-6623514047e5|rpc:10.1.0.35:43877|dataStream:10.1.0.35:38539|priority:0|startupRole:FOLLOWER, ef7b62c9-01e2-453f-9d3f-9e9ef16e062c|rpc:10.1.0.35:38491|dataStream:10.1.0.35:45283|priority:0|startupRole:FOLLOWER, 04d213b6-f61d-4fba-9596-1d72c738ecbb|rpc:10.1.0.35:45029|dataStream:10.1.0.35:40503|priority:1|startupRole:FOLLOWER] returns group-4EDD817D868A:java.util.concurrent.CompletableFuture@971d094[Not completed]
2023-04-02 14:01:10,797 [pool-100-thread-1] INFO  server.RaftServer$Division (RaftServerImpl.java:<init>(195)) - 04d213b6-f61d-4fba-9596-1d72c738ecbb: new RaftServerImpl for group-4EDD817D868A:[4c149094-c8c7-466f-8837-6623514047e5|rpc:10.1.0.35:43877|dataStream:10.1.0.35:38539|priority:0|startupRole:FOLLOWER, ef7b62c9-01e2-453f-9d3f-9e9ef16e062c|rpc:10.1.0.35:38491|dataStream:10.1.0.35:45283|priority:0|startupRole:FOLLOWER, 04d213b6-f61d-4fba-9596-1d72c738ecbb|rpc:10.1.0.35:45029|dataStream:10.1.0.35:40503|priority:1|startupRole:FOLLOWER] with ContainerStateMachine:uninitialized
2023-04-02 14:01:10,797 [pool-100-thread-1] INFO  server.RaftServerConfigKeys (ConfUtils.java:logGet(46)) - raft.server.rpc.timeout.min = 5s (custom)
2023-04-02 14:01:10,797 [pool-100-thread-1] INFO  server.RaftServerConfigKeys (ConfUtils.java:logGet(46)) - raft.server.rpc.timeout.max = 5200ms (custom)
2023-04-02 14:01:10,797 [pool-100-thread-1] INFO  server.RaftServerConfigKeys (ConfUtils.java:logGet(46)) - raft.server.rpc.sleep.time = 25ms (default)
2023-04-02 14:01:10,797 [pool-100-thread-1] INFO  server.RaftServerConfigKeys (ConfUtils.java:logGet(46)) - raft.server.rpc.slowness.timeout = 300000ms (custom)
2023-04-02 14:01:10,797 [pool-100-thread-1] INFO  server.RaftServerConfigKeys (ConfUtils.java:logGet(46)) - raft.server.leaderelection.leader.step-down.wait-time = 10s (default)
2023-04-02 14:01:10,797 [pool-100-thread-1] INFO  server.RaftServerConfigKeys (ConfUtils.java:logGet(46)) - raft.server.sleep.deviation.threshold = 300ms (default)
2023-04-02 14:01:10,798 [pool-100-thread-1] INFO  server.RaftServer$Division (ServerState.java:<init>(118)) - 04d213b6-f61d-4fba-9596-1d72c738ecbb@group-4EDD817D868A: ConfigurationManager, init=-1: peers:[4c149094-c8c7-466f-8837-6623514047e5|rpc:10.1.0.35:43877|dataStream:10.1.0.35:38539|priority:0|startupRole:FOLLOWER, ef7b62c9-01e2-453f-9d3f-9e9ef16e062c|rpc:10.1.0.35:38491|dataStream:10.1.0.35:45283|priority:0|startupRole:FOLLOWER, 04d213b6-f61d-4fba-9596-1d72c738ecbb|rpc:10.1.0.35:45029|dataStream:10.1.0.35:40503|priority:1|startupRole:FOLLOWER]|listeners:[], old=null, confs=<EMPTY_MAP>
2023-04-02 14:01:10,798 [pool-100-thread-1] INFO  server.RaftServerConfigKeys (ConfUtils.java:logGet(46)) - raft.server.storage.dir = [/home/runner/work/ozone/ozone/hadoop-ozone/integration-test/target/test-dir/MiniOzoneClusterImpl-e08b4ded-cf26-487b-9197-20d38c9ee5c1/datanode-1/data/ratis] (custom)
2023-04-02 14:01:10,798 [pool-100-thread-1] INFO  server.RaftServerConfigKeys (ConfUtils.java:logGet(46)) - raft.server.log.corruption.policy = EXCEPTION (default)
2023-04-02 14:01:10,798 [pool-100-thread-1] INFO  server.RaftServerConfigKeys (ConfUtils.java:logGet(46)) - raft.server.storage.free-space.min = 0MB (=0) (default)
2023-04-02 14:01:10,798 [pool-100-thread-1] INFO  server.RaftServerConfigKeys (ConfUtils.java:logGet(46)) - raft.server.notification.no-leader.timeout = 300000ms (custom)
2023-04-02 14:01:10,798 [pool-100-thread-1] INFO  server.RaftServerConfigKeys (ConfUtils.java:logGet(46)) - raft.server.retrycache.expirytime = 600000ms (custom)
2023-04-02 14:01:10,798 [pool-100-thread-1] INFO  server.RaftServerConfigKeys (ConfUtils.java:logGet(46)) - raft.server.retrycache.statistics.expirytime = 100μs (default)
2023-04-02 14:01:10,799 [pool-100-thread-1] INFO  server.RaftServerConfigKeys (ConfUtils.java:logGet(46)) - raft.server.log.appender.install.snapshot.enabled = false (custom)
2023-04-02 14:01:10,799 [pool-100-thread-1] INFO  server.RaftServerConfigKeys (ConfUtils.java:logGet(46)) - raft.server.threadpool.server.cached = true (default)
2023-04-02 14:01:10,800 [pool-100-thread-1] INFO  server.RaftServerConfigKeys (ConfUtils.java:logGet(46)) - raft.server.threadpool.server.size = 0 (default)
2023-04-02 14:01:10,800 [pool-100-thread-1] INFO  server.RaftServerConfigKeys (ConfUtils.java:logGet(46)) - raft.server.threadpool.client.cached = true (default)
2023-04-02 14:01:10,800 [pool-100-thread-1] INFO  server.RaftServerConfigKeys (ConfUtils.java:logGet(46)) - raft.server.threadpool.client.size = 0 (default)
2023-04-02 14:01:10,800 [pool-100-thread-1] INFO  storage.RaftStorageDirectory (RaftStorageDirectoryImpl.java:analyzeStorage(137)) - The storage directory /home/runner/work/ozone/ozone/hadoop-ozone/integration-test/target/test-dir/MiniOzoneClusterImpl-e08b4ded-cf26-487b-9197-20d38c9ee5c1/datanode-1/data/ratis/47379d53-f478-4ddb-9ab5-4edd817d868a does not exist. Creating ...
2023-04-02 14:01:10,804 [pool-122-thread-1] INFO  server.RaftServerConfigKeys (ConfUtils.java:logGet(46)) - raft.server.log.unsafe-flush.enabled = false (default)
2023-04-02 14:01:10,805 [pool-100-thread-1] INFO  storage.RaftStorageDirectory (RaftStorageDirectoryImpl.java:tryLock(231)) - Lock on /home/runner/work/ozone/ozone/hadoop-ozone/integration-test/target/test-dir/MiniOzoneClusterImpl-e08b4ded-cf26-487b-9197-20d38c9ee5c1/datanode-1/data/ratis/47379d53-f478-4ddb-9ab5-4edd817d868a/in_use.lock acquired by nodename 38458@fv-az449-305
2023-04-02 14:01:10,806 [pool-122-thread-1] INFO  server.RaftServerConfigKeys (ConfUtils.java:logGet(46)) - raft.server.log.async-flush.enabled = false (default)
2023-04-02 14:01:10,806 [pool-122-thread-1] INFO  server.RaftServerConfigKeys (ConfUtils.java:logGet(46)) - raft.server.log.statemachine.data.caching.enabled = true (custom)
2023-04-02 14:01:10,806 [pool-100-thread-1] INFO  storage.RaftStorage (RaftStorageImpl.java:format(96)) - Storage directory /home/runner/work/ozone/ozone/hadoop-ozone/integration-test/target/test-dir/MiniOzoneClusterImpl-e08b4ded-cf26-487b-9197-20d38c9ee5c1/datanode-1/data/ratis/47379d53-f478-4ddb-9ab5-4edd817d868a has been successfully formatted.
2023-04-02 14:01:10,807 [pool-100-thread-1] INFO  ratis.ContainerStateMachine (ContainerStateMachine.java:loadSnapshot(262)) - group-4EDD817D868A: The snapshot info is null. Setting the last applied indexto:(t:0, i:~)
2023-04-02 14:01:10,807 [pool-100-thread-1] INFO  server.RaftServerConfigKeys (ConfUtils.java:logGet(46)) - raft.server.log.use.memory = false (default)
2023-04-02 14:01:10,807 [pool-100-thread-1] INFO  server.RaftServerConfigKeys (ConfUtils.java:logGet(46)) - raft.server.log.purge.gap = 1000000 (custom)
2023-04-02 14:01:10,807 [pool-100-thread-1] INFO  server.RaftServerConfigKeys (ConfUtils.java:logGet(46)) - raft.server.log.appender.buffer.byte-limit = 33554432 (custom)
2023-04-02 14:01:10,807 [pool-100-thread-1] INFO  server.RaftServerConfigKeys (ConfUtils.java:logGet(46)) - raft.server.log.statemachine.data.read.timeout = 1000ms (default)
2023-04-02 14:01:10,807 [pool-100-thread-1] INFO  server.RaftServerConfigKeys (ConfUtils.java:logGet(46)) - raft.server.log.purge.preservation.log.num = 0 (default)
2023-04-02 14:01:10,807 [pool-100-thread-1] INFO  server.RaftServerConfigKeys (ConfUtils.java:logGet(46)) - raft.server.log.segment.size.max = 1048576 (custom)
2023-04-02 14:01:10,811 [pool-122-thread-1] INFO  segmented.SegmentedRaftLogWorker (SegmentedRaftLogWorker.java:lambda$new$0(135)) - ef7b62c9-01e2-453f-9d3f-9e9ef16e062c@group-4EDD817D868A-SegmentedRaftLogWorker: flushIndex: setUnconditionally 0 -> -1
2023-04-02 14:01:10,812 [pool-122-thread-1] INFO  segmented.SegmentedRaftLogWorker (SegmentedRaftLogWorker.java:lambda$new$0(135)) - ef7b62c9-01e2-453f-9d3f-9e9ef16e062c@group-4EDD817D868A-SegmentedRaftLogWorker: safeCacheEvictIndex: setUnconditionally 0 -> -1
2023-04-02 14:01:10,812 [pool-100-thread-1] INFO  server.RaftServerConfigKeys (ConfUtils.java:logGet(46)) - raft.server.log.segment.cache.num.max = 2 (custom)
2023-04-02 14:01:10,812 [EventQueue-OpenPipelineForHealthyPipelineSafeModeRule] INFO  safemode.SCMSafeModeManager (HealthyPipelineSafeModeRule.java:process(137)) - SCM in safe mode. Healthy pipelines reported count is 0, required healthy pipeline reported count is 1
2023-04-02 14:01:10,813 [pool-100-thread-1] INFO  server.RaftServerConfigKeys (ConfUtils.java:logGet(46)) - raft.server.log.segment.cache.size.max = 200MB (=209715200) (default)
2023-04-02 14:01:10,813 [pool-100-thread-1] INFO  segmented.SegmentedRaftLogWorker (SegmentedRaftLogWorker.java:<init>(189)) - new 04d213b6-f61d-4fba-9596-1d72c738ecbb@group-4EDD817D868A-SegmentedRaftLogWorker for RaftStorageImpl:Storage Directory /home/runner/work/ozone/ozone/hadoop-ozone/integration-test/target/test-dir/MiniOzoneClusterImpl-e08b4ded-cf26-487b-9197-20d38c9ee5c1/datanode-1/data/ratis/47379d53-f478-4ddb-9ab5-4edd817d868a
2023-04-02 14:01:10,813 [pool-100-thread-1] INFO  server.RaftServerConfigKeys (ConfUtils.java:logGet(46)) - raft.server.log.queue.byte-limit = 4294967296 (custom)
2023-04-02 14:01:10,813 [pool-100-thread-1] INFO  server.RaftServerConfigKeys (ConfUtils.java:logGet(46)) - raft.server.log.queue.element-limit = 1024 (custom)
2023-04-02 14:01:10,813 [pool-100-thread-1] INFO  server.RaftServerConfigKeys (ConfUtils.java:logGet(46)) - raft.server.log.segment.size.max = 1048576 (custom)
2023-04-02 14:01:10,813 [pool-100-thread-1] INFO  server.RaftServerConfigKeys (ConfUtils.java:logGet(46)) - raft.server.log.preallocated.size = 16384 (custom)
2023-04-02 14:01:10,813 [pool-100-thread-1] INFO  server.RaftServerConfigKeys (ConfUtils.java:logGet(46)) - raft.server.log.force.sync.num = 128 (default)
2023-04-02 14:01:10,813 [pool-100-thread-1] INFO  server.RaftServerConfigKeys (ConfUtils.java:logGet(46)) - raft.server.log.statemachine.data.sync = true (default)
2023-04-02 14:01:10,813 [pool-100-thread-1] INFO  server.RaftServerConfigKeys (ConfUtils.java:logGet(46)) - raft.server.log.statemachine.data.sync.timeout = 10s (default)
2023-04-02 14:01:10,813 [pool-100-thread-1] INFO  server.RaftServerConfigKeys (ConfUtils.java:logGet(46)) - raft.server.log.statemachine.data.sync.timeout.retry = -1 (default)
2023-04-02 14:01:10,815 [pool-100-thread-1] INFO  server.RaftServerConfigKeys (ConfUtils.java:logGet(46)) - raft.server.log.write.buffer.size = 1048576 (custom)
2023-04-02 14:01:10,815 [pool-100-thread-1] INFO  server.RaftServerConfigKeys (ConfUtils.java:logGet(46)) - raft.server.log.appender.buffer.byte-limit = 33554432 (custom)
2023-04-02 14:01:10,819 [pool-122-thread-1] INFO  server.RaftServer$Division (RaftServerImpl.java:start(334)) - ef7b62c9-01e2-453f-9d3f-9e9ef16e062c@group-4EDD817D868A: start as a follower, conf=-1: peers:[4c149094-c8c7-466f-8837-6623514047e5|rpc:10.1.0.35:43877|dataStream:10.1.0.35:38539|priority:0|startupRole:FOLLOWER, ef7b62c9-01e2-453f-9d3f-9e9ef16e062c|rpc:10.1.0.35:38491|dataStream:10.1.0.35:45283|priority:0|startupRole:FOLLOWER, 04d213b6-f61d-4fba-9596-1d72c738ecbb|rpc:10.1.0.35:45029|dataStream:10.1.0.35:40503|priority:1|startupRole:FOLLOWER]|listeners:[], old=null
2023-04-02 14:01:10,819 [pool-122-thread-1] INFO  server.RaftServer$Division (RaftServerImpl.java:setRole(321)) - ef7b62c9-01e2-453f-9d3f-9e9ef16e062c@group-4EDD817D868A: changes role from      null to FOLLOWER at term 0 for startAsFollower
2023-04-02 14:01:10,819 [pool-122-thread-1] INFO  impl.RoleInfo (RoleInfo.java:updateAndGet(139)) - ef7b62c9-01e2-453f-9d3f-9e9ef16e062c: start ef7b62c9-01e2-453f-9d3f-9e9ef16e062c@group-4EDD817D868A-FollowerState
2023-04-02 14:01:10,821 [pool-100-thread-1] INFO  server.RaftServerConfigKeys (ConfUtils.java:logGet(46)) - raft.server.log.unsafe-flush.enabled = false (default)
2023-04-02 14:01:10,829 [pool-100-thread-1] INFO  server.RaftServerConfigKeys (ConfUtils.java:logGet(46)) - raft.server.log.async-flush.enabled = false (default)
2023-04-02 14:01:10,829 [pool-100-thread-1] INFO  server.RaftServerConfigKeys (ConfUtils.java:logGet(46)) - raft.server.log.statemachine.data.caching.enabled = true (custom)
2023-04-02 14:01:10,829 [pool-100-thread-1] INFO  segmented.SegmentedRaftLogWorker (SegmentedRaftLogWorker.java:lambda$new$0(135)) - 04d213b6-f61d-4fba-9596-1d72c738ecbb@group-4EDD817D868A-SegmentedRaftLogWorker: flushIndex: setUnconditionally 0 -> -1
2023-04-02 14:01:10,829 [pool-100-thread-1] INFO  segmented.SegmentedRaftLogWorker (SegmentedRaftLogWorker.java:lambda$new$0(135)) - 04d213b6-f61d-4fba-9596-1d72c738ecbb@group-4EDD817D868A-SegmentedRaftLogWorker: safeCacheEvictIndex: setUnconditionally 0 -> -1
2023-04-02 14:01:10,828 [ef7b62c9-01e2-453f-9d3f-9e9ef16e062c@group-4EDD817D868A-FollowerState] INFO  server.RaftServerConfigKeys (ConfUtils.java:logFallback(53)) - raft.server.rpc.first-election.timeout.min = 5s (fallback to raft.server.rpc.timeout.min)
2023-04-02 14:01:10,829 [ef7b62c9-01e2-453f-9d3f-9e9ef16e062c@group-4EDD817D868A-FollowerState] INFO  server.RaftServerConfigKeys (ConfUtils.java:logFallback(53)) - raft.server.rpc.first-election.timeout.max = 5200ms (fallback to raft.server.rpc.timeout.max)
2023-04-02 14:01:10,829 [pool-100-thread-1] INFO  server.RaftServer$Division (RaftServerImpl.java:start(334)) - 04d213b6-f61d-4fba-9596-1d72c738ecbb@group-4EDD817D868A: start as a follower, conf=-1: peers:[4c149094-c8c7-466f-8837-6623514047e5|rpc:10.1.0.35:43877|dataStream:10.1.0.35:38539|priority:0|startupRole:FOLLOWER, ef7b62c9-01e2-453f-9d3f-9e9ef16e062c|rpc:10.1.0.35:38491|dataStream:10.1.0.35:45283|priority:0|startupRole:FOLLOWER, 04d213b6-f61d-4fba-9596-1d72c738ecbb|rpc:10.1.0.35:45029|dataStream:10.1.0.35:40503|priority:1|startupRole:FOLLOWER]|listeners:[], old=null
2023-04-02 14:01:10,830 [pool-100-thread-1] INFO  server.RaftServer$Division (RaftServerImpl.java:setRole(321)) - 04d213b6-f61d-4fba-9596-1d72c738ecbb@group-4EDD817D868A: changes role from      null to FOLLOWER at term 0 for startAsFollower
2023-04-02 14:01:10,830 [pool-100-thread-1] INFO  impl.RoleInfo (RoleInfo.java:updateAndGet(139)) - 04d213b6-f61d-4fba-9596-1d72c738ecbb: start 04d213b6-f61d-4fba-9596-1d72c738ecbb@group-4EDD817D868A-FollowerState
2023-04-02 14:01:10,830 [pool-100-thread-1] INFO  util.JmxRegister (JmxRegister.java:tryRegister(44)) - Successfully registered JMX Bean with object name Ratis:service=RaftServer,group=group-4EDD817D868A,id=04d213b6-f61d-4fba-9596-1d72c738ecbb
2023-04-02 14:01:10,830 [pool-100-thread-1] INFO  server.RaftServerConfigKeys (ConfUtils.java:logGet(46)) - raft.server.snapshot.auto.trigger.enabled = true (custom)
2023-04-02 14:01:10,830 [pool-100-thread-1] INFO  server.RaftServerConfigKeys (ConfUtils.java:logGet(46)) - raft.server.snapshot.auto.trigger.threshold = 1 (custom)
2023-04-02 14:01:10,830 [pool-100-thread-1] INFO  server.RaftServerConfigKeys (ConfUtils.java:logGet(46)) - raft.server.snapshot.retention.file.num = 5 (custom)
2023-04-02 14:01:10,830 [pool-100-thread-1] INFO  server.RaftServerConfigKeys (ConfUtils.java:logGet(46)) - raft.server.log.purge.upto.snapshot.index = false (default)
2023-04-02 14:01:10,831 [04d213b6-f61d-4fba-9596-1d72c738ecbb@group-4EDD817D868A-FollowerState] INFO  server.RaftServerConfigKeys (ConfUtils.java:logFallback(53)) - raft.server.rpc.first-election.timeout.min = 5s (fallback to raft.server.rpc.timeout.min)
2023-04-02 14:01:10,840 [04d213b6-f61d-4fba-9596-1d72c738ecbb@group-4EDD817D868A-FollowerState] INFO  server.RaftServerConfigKeys (ConfUtils.java:logFallback(53)) - raft.server.rpc.first-election.timeout.max = 5200ms (fallback to raft.server.rpc.timeout.max)
2023-04-02 14:01:10,821 [pool-122-thread-1] INFO  util.JmxRegister (JmxRegister.java:tryRegister(44)) - Successfully registered JMX Bean with object name Ratis:service=RaftServer,group=group-4EDD817D868A,id=ef7b62c9-01e2-453f-9d3f-9e9ef16e062c
2023-04-02 14:01:10,840 [pool-122-thread-1] INFO  server.RaftServerConfigKeys (ConfUtils.java:logGet(46)) - raft.server.snapshot.auto.trigger.enabled = true (custom)
2023-04-02 14:01:10,840 [pool-122-thread-1] INFO  server.RaftServerConfigKeys (ConfUtils.java:logGet(46)) - raft.server.snapshot.auto.trigger.threshold = 1 (custom)
2023-04-02 14:01:10,840 [pool-122-thread-1] INFO  server.RaftServerConfigKeys (ConfUtils.java:logGet(46)) - raft.server.snapshot.retention.file.num = 5 (custom)
2023-04-02 14:01:10,840 [pool-122-thread-1] INFO  server.RaftServerConfigKeys (ConfUtils.java:logGet(46)) - raft.server.log.purge.upto.snapshot.index = false (default)
2023-04-02 14:01:10,831 [Command processor thread] INFO  ratis.XceiverServerRatis (XceiverServerRatis.java:addGroup(806)) - Created group PipelineID=47379d53-f478-4ddb-9ab5-4edd817d868a
2023-04-02 14:01:10,860 [EventQueue-OpenPipelineForHealthyPipelineSafeModeRule] INFO  safemode.SCMSafeModeManager (HealthyPipelineSafeModeRule.java:process(137)) - SCM in safe mode. Healthy pipelines reported count is 0, required healthy pipeline reported count is 1
2023-04-02 14:01:11,010 [Command processor thread] INFO  commandhandler.CreatePipelineCommandHandler (CreatePipelineCommandHandler.java:handle(113)) - Created Pipeline RATIS THREE PipelineID=47379d53-f478-4ddb-9ab5-4edd817d868a.
2023-04-02 14:01:11,011 [Command processor thread] INFO  server.RaftServer (RaftServerProxy.java:addNew(96)) - 4c149094-c8c7-466f-8837-6623514047e5: addNew group-309AA1EE3FA3:[4c149094-c8c7-466f-8837-6623514047e5|rpc:10.1.0.35:43877|dataStream:10.1.0.35:38539|priority:1|startupRole:FOLLOWER, 04d213b6-f61d-4fba-9596-1d72c738ecbb|rpc:10.1.0.35:45029|dataStream:10.1.0.35:40503|priority:0|startupRole:FOLLOWER, ef7b62c9-01e2-453f-9d3f-9e9ef16e062c|rpc:10.1.0.35:38491|dataStream:10.1.0.35:45283|priority:0|startupRole:FOLLOWER] returns group-309AA1EE3FA3:java.util.concurrent.CompletableFuture@7d0cae85[Not completed]
2023-04-02 14:01:11,012 [pool-78-thread-1] INFO  server.RaftServer$Division (RaftServerImpl.java:<init>(195)) - 4c149094-c8c7-466f-8837-6623514047e5: new RaftServerImpl for group-309AA1EE3FA3:[4c149094-c8c7-466f-8837-6623514047e5|rpc:10.1.0.35:43877|dataStream:10.1.0.35:38539|priority:1|startupRole:FOLLOWER, 04d213b6-f61d-4fba-9596-1d72c738ecbb|rpc:10.1.0.35:45029|dataStream:10.1.0.35:40503|priority:0|startupRole:FOLLOWER, ef7b62c9-01e2-453f-9d3f-9e9ef16e062c|rpc:10.1.0.35:38491|dataStream:10.1.0.35:45283|priority:0|startupRole:FOLLOWER] with ContainerStateMachine:uninitialized
2023-04-02 14:01:11,012 [pool-78-thread-1] INFO  server.RaftServerConfigKeys (ConfUtils.java:logGet(46)) - raft.server.rpc.timeout.min = 5s (custom)
2023-04-02 14:01:11,013 [pool-78-thread-1] INFO  server.RaftServerConfigKeys (ConfUtils.java:logGet(46)) - raft.server.rpc.timeout.max = 5200ms (custom)
2023-04-02 14:01:11,013 [pool-78-thread-1] INFO  server.RaftServerConfigKeys (ConfUtils.java:logGet(46)) - raft.server.rpc.sleep.time = 25ms (default)
2023-04-02 14:01:11,013 [pool-78-thread-1] INFO  server.RaftServerConfigKeys (ConfUtils.java:logGet(46)) - raft.server.rpc.slowness.timeout = 300000ms (custom)
2023-04-02 14:01:11,013 [pool-78-thread-1] INFO  server.RaftServerConfigKeys (ConfUtils.java:logGet(46)) - raft.server.leaderelection.leader.step-down.wait-time = 10s (default)
2023-04-02 14:01:11,013 [pool-78-thread-1] INFO  server.RaftServerConfigKeys (ConfUtils.java:logGet(46)) - raft.server.sleep.deviation.threshold = 300ms (default)
2023-04-02 14:01:11,013 [pool-78-thread-1] INFO  server.RaftServer$Division (ServerState.java:<init>(118)) - 4c149094-c8c7-466f-8837-6623514047e5@group-309AA1EE3FA3: ConfigurationManager, init=-1: peers:[4c149094-c8c7-466f-8837-6623514047e5|rpc:10.1.0.35:43877|dataStream:10.1.0.35:38539|priority:1|startupRole:FOLLOWER, 04d213b6-f61d-4fba-9596-1d72c738ecbb|rpc:10.1.0.35:45029|dataStream:10.1.0.35:40503|priority:0|startupRole:FOLLOWER, ef7b62c9-01e2-453f-9d3f-9e9ef16e062c|rpc:10.1.0.35:38491|dataStream:10.1.0.35:45283|priority:0|startupRole:FOLLOWER]|listeners:[], old=null, confs=<EMPTY_MAP>
2023-04-02 14:01:11,013 [pool-78-thread-1] INFO  server.RaftServerConfigKeys (ConfUtils.java:logGet(46)) - raft.server.storage.dir = [/home/runner/work/ozone/ozone/hadoop-ozone/integration-test/target/test-dir/MiniOzoneClusterImpl-e08b4ded-cf26-487b-9197-20d38c9ee5c1/datanode-0/data/ratis] (custom)
2023-04-02 14:01:11,014 [pool-78-thread-1] INFO  server.RaftServerConfigKeys (ConfUtils.java:logGet(46)) - raft.server.log.corruption.policy = EXCEPTION (default)
2023-04-02 14:01:11,014 [pool-78-thread-1] INFO  server.RaftServerConfigKeys (ConfUtils.java:logGet(46)) - raft.server.storage.free-space.min = 0MB (=0) (default)
2023-04-02 14:01:11,014 [pool-78-thread-1] INFO  server.RaftServerConfigKeys (ConfUtils.java:logGet(46)) - raft.server.notification.no-leader.timeout = 300000ms (custom)
2023-04-02 14:01:11,014 [pool-78-thread-1] INFO  server.RaftServerConfigKeys (ConfUtils.java:logGet(46)) - raft.server.retrycache.expirytime = 600000ms (custom)
2023-04-02 14:01:11,014 [pool-78-thread-1] INFO  server.RaftServerConfigKeys (ConfUtils.java:logGet(46)) - raft.server.retrycache.statistics.expirytime = 100μs (default)
2023-04-02 14:01:11,015 [Command processor thread] INFO  commandhandler.CreatePipelineCommandHandler (CreatePipelineCommandHandler.java:handle(113)) - Created Pipeline RATIS THREE PipelineID=47379d53-f478-4ddb-9ab5-4edd817d868a.
2023-04-02 14:01:11,016 [pool-78-thread-1] INFO  server.RaftServerConfigKeys (ConfUtils.java:logGet(46)) - raft.server.log.appender.install.snapshot.enabled = false (custom)
2023-04-02 14:01:11,016 [pool-78-thread-1] INFO  server.RaftServerConfigKeys (ConfUtils.java:logGet(46)) - raft.server.threadpool.server.cached = true (default)
2023-04-02 14:01:11,016 [Command processor thread] INFO  server.RaftServer (RaftServerProxy.java:addNew(96)) - 04d213b6-f61d-4fba-9596-1d72c738ecbb: addNew group-309AA1EE3FA3:[4c149094-c8c7-466f-8837-6623514047e5|rpc:10.1.0.35:43877|dataStream:10.1.0.35:38539|priority:1|startupRole:FOLLOWER, 04d213b6-f61d-4fba-9596-1d72c738ecbb|rpc:10.1.0.35:45029|dataStream:10.1.0.35:40503|priority:0|startupRole:FOLLOWER, ef7b62c9-01e2-453f-9d3f-9e9ef16e062c|rpc:10.1.0.35:38491|dataStream:10.1.0.35:45283|priority:0|startupRole:FOLLOWER] returns group-309AA1EE3FA3:java.util.concurrent.CompletableFuture@6d0ca51[Not completed]
2023-04-02 14:01:11,017 [pool-100-thread-1] INFO  server.RaftServer$Division (RaftServerImpl.java:<init>(195)) - 04d213b6-f61d-4fba-9596-1d72c738ecbb: new RaftServerImpl for group-309AA1EE3FA3:[4c149094-c8c7-466f-8837-6623514047e5|rpc:10.1.0.35:43877|dataStream:10.1.0.35:38539|priority:1|startupRole:FOLLOWER, 04d213b6-f61d-4fba-9596-1d72c738ecbb|rpc:10.1.0.35:45029|dataStream:10.1.0.35:40503|priority:0|startupRole:FOLLOWER, ef7b62c9-01e2-453f-9d3f-9e9ef16e062c|rpc:10.1.0.35:38491|dataStream:10.1.0.35:45283|priority:0|startupRole:FOLLOWER] with ContainerStateMachine:uninitialized
2023-04-02 14:01:11,017 [pool-100-thread-1] INFO  server.RaftServerConfigKeys (ConfUtils.java:logGet(46)) - raft.server.rpc.timeout.min = 5s (custom)
2023-04-02 14:01:11,017 [pool-100-thread-1] INFO  server.RaftServerConfigKeys (ConfUtils.java:logGet(46)) - raft.server.rpc.timeout.max = 5200ms (custom)
2023-04-02 14:01:11,018 [pool-100-thread-1] INFO  server.RaftServerConfigKeys (ConfUtils.java:logGet(46)) - raft.server.rpc.sleep.time = 25ms (default)
2023-04-02 14:01:11,018 [pool-100-thread-1] INFO  server.RaftServerConfigKeys (ConfUtils.java:logGet(46)) - raft.server.rpc.slowness.timeout = 300000ms (custom)
2023-04-02 14:01:11,018 [pool-100-thread-1] INFO  server.RaftServerConfigKeys (ConfUtils.java:logGet(46)) - raft.server.leaderelection.leader.step-down.wait-time = 10s (default)
2023-04-02 14:01:11,018 [pool-100-thread-1] INFO  server.RaftServerConfigKeys (ConfUtils.java:logGet(46)) - raft.server.sleep.deviation.threshold = 300ms (default)
2023-04-02 14:01:11,018 [pool-100-thread-1] INFO  server.RaftServer$Division (ServerState.java:<init>(118)) - 04d213b6-f61d-4fba-9596-1d72c738ecbb@group-309AA1EE3FA3: ConfigurationManager, init=-1: peers:[4c149094-c8c7-466f-8837-6623514047e5|rpc:10.1.0.35:43877|dataStream:10.1.0.35:38539|priority:1|startupRole:FOLLOWER, 04d213b6-f61d-4fba-9596-1d72c738ecbb|rpc:10.1.0.35:45029|dataStream:10.1.0.35:40503|priority:0|startupRole:FOLLOWER, ef7b62c9-01e2-453f-9d3f-9e9ef16e062c|rpc:10.1.0.35:38491|dataStream:10.1.0.35:45283|priority:0|startupRole:FOLLOWER]|listeners:[], old=null, confs=<EMPTY_MAP>
2023-04-02 14:01:11,018 [pool-100-thread-1] INFO  server.RaftServerConfigKeys (ConfUtils.java:logGet(46)) - raft.server.storage.dir = [/home/runner/work/ozone/ozone/hadoop-ozone/integration-test/target/test-dir/MiniOzoneClusterImpl-e08b4ded-cf26-487b-9197-20d38c9ee5c1/datanode-1/data/ratis] (custom)
2023-04-02 14:01:11,018 [pool-100-thread-1] INFO  server.RaftServerConfigKeys (ConfUtils.java:logGet(46)) - raft.server.log.corruption.policy = EXCEPTION (default)
2023-04-02 14:01:11,018 [pool-100-thread-1] INFO  server.RaftServerConfigKeys (ConfUtils.java:logGet(46)) - raft.server.storage.free-space.min = 0MB (=0) (default)
2023-04-02 14:01:11,018 [pool-100-thread-1] INFO  server.RaftServerConfigKeys (ConfUtils.java:logGet(46)) - raft.server.notification.no-leader.timeout = 300000ms (custom)
2023-04-02 14:01:11,018 [pool-100-thread-1] INFO  server.RaftServerConfigKeys (ConfUtils.java:logGet(46)) - raft.server.retrycache.expirytime = 600000ms (custom)
2023-04-02 14:01:11,018 [pool-100-thread-1] INFO  server.RaftServerConfigKeys (ConfUtils.java:logGet(46)) - raft.server.retrycache.statistics.expirytime = 100μs (default)
2023-04-02 14:01:11,019 [pool-100-thread-1] INFO  server.RaftServerConfigKeys (ConfUtils.java:logGet(46)) - raft.server.log.appender.install.snapshot.enabled = false (custom)
2023-04-02 14:01:11,019 [pool-100-thread-1] INFO  server.RaftServerConfigKeys (ConfUtils.java:logGet(46)) - raft.server.threadpool.server.cached = true (default)
2023-04-02 14:01:11,020 [pool-100-thread-1] INFO  server.RaftServerConfigKeys (ConfUtils.java:logGet(46)) - raft.server.threadpool.server.size = 0 (default)
2023-04-02 14:01:11,020 [pool-100-thread-1] INFO  server.RaftServerConfigKeys (ConfUtils.java:logGet(46)) - raft.server.threadpool.client.cached = true (default)
2023-04-02 14:01:11,020 [pool-100-thread-1] INFO  server.RaftServerConfigKeys (ConfUtils.java:logGet(46)) - raft.server.threadpool.client.size = 0 (default)
2023-04-02 14:01:11,020 [pool-100-thread-1] INFO  storage.RaftStorageDirectory (RaftStorageDirectoryImpl.java:analyzeStorage(137)) - The storage directory /home/runner/work/ozone/ozone/hadoop-ozone/integration-test/target/test-dir/MiniOzoneClusterImpl-e08b4ded-cf26-487b-9197-20d38c9ee5c1/datanode-1/data/ratis/00f3f094-cd15-4334-bf4e-309aa1ee3fa3 does not exist. Creating ...
2023-04-02 14:01:11,020 [pool-78-thread-1] INFO  server.RaftServerConfigKeys (ConfUtils.java:logGet(46)) - raft.server.threadpool.server.size = 0 (default)
2023-04-02 14:01:11,021 [pool-78-thread-1] INFO  server.RaftServerConfigKeys (ConfUtils.java:logGet(46)) - raft.server.threadpool.client.cached = true (default)
2023-04-02 14:01:11,021 [pool-78-thread-1] INFO  server.RaftServerConfigKeys (ConfUtils.java:logGet(46)) - raft.server.threadpool.client.size = 0 (default)
2023-04-02 14:01:11,021 [pool-78-thread-1] INFO  storage.RaftStorageDirectory (RaftStorageDirectoryImpl.java:analyzeStorage(137)) - The storage directory /home/runner/work/ozone/ozone/hadoop-ozone/integration-test/target/test-dir/MiniOzoneClusterImpl-e08b4ded-cf26-487b-9197-20d38c9ee5c1/datanode-0/data/ratis/00f3f094-cd15-4334-bf4e-309aa1ee3fa3 does not exist. Creating ...
2023-04-02 14:01:11,022 [pool-100-thread-1] INFO  storage.RaftStorageDirectory (RaftStorageDirectoryImpl.java:tryLock(231)) - Lock on /home/runner/work/ozone/ozone/hadoop-ozone/integration-test/target/test-dir/MiniOzoneClusterImpl-e08b4ded-cf26-487b-9197-20d38c9ee5c1/datanode-1/data/ratis/00f3f094-cd15-4334-bf4e-309aa1ee3fa3/in_use.lock acquired by nodename 38458@fv-az449-305
2023-04-02 14:01:11,022 [pool-78-thread-1] INFO  storage.RaftStorageDirectory (RaftStorageDirectoryImpl.java:tryLock(231)) - Lock on /home/runner/work/ozone/ozone/hadoop-ozone/integration-test/target/test-dir/MiniOzoneClusterImpl-e08b4ded-cf26-487b-9197-20d38c9ee5c1/datanode-0/data/ratis/00f3f094-cd15-4334-bf4e-309aa1ee3fa3/in_use.lock acquired by nodename 38458@fv-az449-305
2023-04-02 14:01:11,024 [pool-78-thread-1] INFO  storage.RaftStorage (RaftStorageImpl.java:format(96)) - Storage directory /home/runner/work/ozone/ozone/hadoop-ozone/integration-test/target/test-dir/MiniOzoneClusterImpl-e08b4ded-cf26-487b-9197-20d38c9ee5c1/datanode-0/data/ratis/00f3f094-cd15-4334-bf4e-309aa1ee3fa3 has been successfully formatted.
2023-04-02 14:01:11,025 [pool-78-thread-1] INFO  ratis.ContainerStateMachine (ContainerStateMachine.java:loadSnapshot(262)) - group-309AA1EE3FA3: The snapshot info is null. Setting the last applied indexto:(t:0, i:~)
2023-04-02 14:01:11,027 [pool-78-thread-1] INFO  server.RaftServerConfigKeys (ConfUtils.java:logGet(46)) - raft.server.log.use.memory = false (default)
2023-04-02 14:01:11,027 [pool-78-thread-1] INFO  server.RaftServerConfigKeys (ConfUtils.java:logGet(46)) - raft.server.log.purge.gap = 1000000 (custom)
2023-04-02 14:01:11,025 [pool-100-thread-1] INFO  storage.RaftStorage (RaftStorageImpl.java:format(96)) - Storage directory /home/runner/work/ozone/ozone/hadoop-ozone/integration-test/target/test-dir/MiniOzoneClusterImpl-e08b4ded-cf26-487b-9197-20d38c9ee5c1/datanode-1/data/ratis/00f3f094-cd15-4334-bf4e-309aa1ee3fa3 has been successfully formatted.
2023-04-02 14:01:11,028 [EventQueue-OpenPipelineForHealthyPipelineSafeModeRule] INFO  safemode.SCMSafeModeManager (HealthyPipelineSafeModeRule.java:process(137)) - SCM in safe mode. Healthy pipelines reported count is 0, required healthy pipeline reported count is 1
2023-04-02 14:01:11,029 [pool-100-thread-1] INFO  ratis.ContainerStateMachine (ContainerStateMachine.java:loadSnapshot(262)) - group-309AA1EE3FA3: The snapshot info is null. Setting the last applied indexto:(t:0, i:~)
2023-04-02 14:01:11,029 [pool-100-thread-1] INFO  server.RaftServerConfigKeys (ConfUtils.java:logGet(46)) - raft.server.log.use.memory = false (default)
2023-04-02 14:01:11,029 [pool-100-thread-1] INFO  server.RaftServerConfigKeys (ConfUtils.java:logGet(46)) - raft.server.log.purge.gap = 1000000 (custom)
2023-04-02 14:01:11,029 [pool-100-thread-1] INFO  server.RaftServerConfigKeys (ConfUtils.java:logGet(46)) - raft.server.log.appender.buffer.byte-limit = 33554432 (custom)
2023-04-02 14:01:11,030 [pool-100-thread-1] INFO  server.RaftServerConfigKeys (ConfUtils.java:logGet(46)) - raft.server.log.statemachine.data.read.timeout = 1000ms (default)
2023-04-02 14:01:11,030 [pool-100-thread-1] INFO  server.RaftServerConfigKeys (ConfUtils.java:logGet(46)) - raft.server.log.purge.preservation.log.num = 0 (default)
2023-04-02 14:01:11,030 [pool-78-thread-1] INFO  server.RaftServerConfigKeys (ConfUtils.java:logGet(46)) - raft.server.log.appender.buffer.byte-limit = 33554432 (custom)
2023-04-02 14:01:11,030 [pool-78-thread-1] INFO  server.RaftServerConfigKeys (ConfUtils.java:logGet(46)) - raft.server.log.statemachine.data.read.timeout = 1000ms (default)
2023-04-02 14:01:11,030 [pool-78-thread-1] INFO  server.RaftServerConfigKeys (ConfUtils.java:logGet(46)) - raft.server.log.purge.preservation.log.num = 0 (default)
2023-04-02 14:01:11,030 [pool-78-thread-1] INFO  server.RaftServerConfigKeys (ConfUtils.java:logGet(46)) - raft.server.log.segment.size.max = 1048576 (custom)
2023-04-02 14:01:11,030 [pool-78-thread-1] INFO  server.RaftServerConfigKeys (ConfUtils.java:logGet(46)) - raft.server.log.segment.cache.num.max = 2 (custom)
2023-04-02 14:01:11,031 [pool-78-thread-1] INFO  server.RaftServerConfigKeys (ConfUtils.java:logGet(46)) - raft.server.log.segment.cache.size.max = 200MB (=209715200) (default)
2023-04-02 14:01:11,031 [pool-78-thread-1] INFO  segmented.SegmentedRaftLogWorker (SegmentedRaftLogWorker.java:<init>(189)) - new 4c149094-c8c7-466f-8837-6623514047e5@group-309AA1EE3FA3-SegmentedRaftLogWorker for RaftStorageImpl:Storage Directory /home/runner/work/ozone/ozone/hadoop-ozone/integration-test/target/test-dir/MiniOzoneClusterImpl-e08b4ded-cf26-487b-9197-20d38c9ee5c1/datanode-0/data/ratis/00f3f094-cd15-4334-bf4e-309aa1ee3fa3
2023-04-02 14:01:11,031 [pool-78-thread-1] INFO  server.RaftServerConfigKeys (ConfUtils.java:logGet(46)) - raft.server.log.queue.byte-limit = 4294967296 (custom)
2023-04-02 14:01:11,031 [pool-78-thread-1] INFO  server.RaftServerConfigKeys (ConfUtils.java:logGet(46)) - raft.server.log.queue.element-limit = 1024 (custom)
2023-04-02 14:01:11,033 [EventQueue-OpenPipelineForHealthyPipelineSafeModeRule] INFO  safemode.SCMSafeModeManager (HealthyPipelineSafeModeRule.java:process(137)) - SCM in safe mode. Healthy pipelines reported count is 0, required healthy pipeline reported count is 1
2023-04-02 14:01:11,033 [pool-78-thread-1] INFO  server.RaftServerConfigKeys (ConfUtils.java:logGet(46)) - raft.server.log.segment.size.max = 1048576 (custom)
2023-04-02 14:01:11,034 [pool-78-thread-1] INFO  server.RaftServerConfigKeys (ConfUtils.java:logGet(46)) - raft.server.log.preallocated.size = 16384 (custom)
2023-04-02 14:01:11,034 [pool-78-thread-1] INFO  server.RaftServerConfigKeys (ConfUtils.java:logGet(46)) - raft.server.log.force.sync.num = 128 (default)
2023-04-02 14:01:11,034 [pool-78-thread-1] INFO  server.RaftServerConfigKeys (ConfUtils.java:logGet(46)) - raft.server.log.statemachine.data.sync = true (default)
2023-04-02 14:01:11,034 [pool-78-thread-1] INFO  server.RaftServerConfigKeys (ConfUtils.java:logGet(46)) - raft.server.log.statemachine.data.sync.timeout = 10s (default)
2023-04-02 14:01:11,034 [pool-78-thread-1] INFO  server.RaftServerConfigKeys (ConfUtils.java:logGet(46)) - raft.server.log.statemachine.data.sync.timeout.retry = -1 (default)
2023-04-02 14:01:11,033 [pool-100-thread-1] INFO  server.RaftServerConfigKeys (ConfUtils.java:logGet(46)) - raft.server.log.segment.size.max = 1048576 (custom)
2023-04-02 14:01:11,035 [pool-100-thread-1] INFO  server.RaftServerConfigKeys (ConfUtils.java:logGet(46)) - raft.server.log.segment.cache.num.max = 2 (custom)
2023-04-02 14:01:11,035 [pool-100-thread-1] INFO  server.RaftServerConfigKeys (ConfUtils.java:logGet(46)) - raft.server.log.segment.cache.size.max = 200MB (=209715200) (default)
2023-04-02 14:01:11,035 [pool-100-thread-1] INFO  segmented.SegmentedRaftLogWorker (SegmentedRaftLogWorker.java:<init>(189)) - new 04d213b6-f61d-4fba-9596-1d72c738ecbb@group-309AA1EE3FA3-SegmentedRaftLogWorker for RaftStorageImpl:Storage Directory /home/runner/work/ozone/ozone/hadoop-ozone/integration-test/target/test-dir/MiniOzoneClusterImpl-e08b4ded-cf26-487b-9197-20d38c9ee5c1/datanode-1/data/ratis/00f3f094-cd15-4334-bf4e-309aa1ee3fa3
2023-04-02 14:01:11,035 [pool-100-thread-1] INFO  server.RaftServerConfigKeys (ConfUtils.java:logGet(46)) - raft.server.log.queue.byte-limit = 4294967296 (custom)
2023-04-02 14:01:11,035 [pool-100-thread-1] INFO  server.RaftServerConfigKeys (ConfUtils.java:logGet(46)) - raft.server.log.queue.element-limit = 1024 (custom)
2023-04-02 14:01:11,036 [pool-100-thread-1] INFO  server.RaftServerConfigKeys (ConfUtils.java:logGet(46)) - raft.server.log.segment.size.max = 1048576 (custom)
2023-04-02 14:01:11,037 [pool-100-thread-1] INFO  server.RaftServerConfigKeys (ConfUtils.java:logGet(46)) - raft.server.log.preallocated.size = 16384 (custom)
2023-04-02 14:01:11,037 [pool-100-thread-1] INFO  server.RaftServerConfigKeys (ConfUtils.java:logGet(46)) - raft.server.log.force.sync.num = 128 (default)
2023-04-02 14:01:11,037 [pool-100-thread-1] INFO  server.RaftServerConfigKeys (ConfUtils.java:logGet(46)) - raft.server.log.statemachine.data.sync = true (default)
2023-04-02 14:01:11,037 [pool-100-thread-1] INFO  server.RaftServerConfigKeys (ConfUtils.java:logGet(46)) - raft.server.log.statemachine.data.sync.timeout = 10s (default)
2023-04-02 14:01:11,037 [pool-100-thread-1] INFO  server.RaftServerConfigKeys (ConfUtils.java:logGet(46)) - raft.server.log.statemachine.data.sync.timeout.retry = -1 (default)
2023-04-02 14:01:11,039 [pool-100-thread-1] INFO  server.RaftServerConfigKeys (ConfUtils.java:logGet(46)) - raft.server.log.write.buffer.size = 1048576 (custom)
2023-04-02 14:01:11,040 [pool-78-thread-1] INFO  server.RaftServerConfigKeys (ConfUtils.java:logGet(46)) - raft.server.log.write.buffer.size = 1048576 (custom)
2023-04-02 14:01:11,040 [pool-78-thread-1] INFO  server.RaftServerConfigKeys (ConfUtils.java:logGet(46)) - raft.server.log.appender.buffer.byte-limit = 33554432 (custom)
2023-04-02 14:01:11,042 [pool-100-thread-1] INFO  server.RaftServerConfigKeys (ConfUtils.java:logGet(46)) - raft.server.log.appender.buffer.byte-limit = 33554432 (custom)
2023-04-02 14:01:11,308 [Listener at 127.0.0.1/38335] INFO  ozone.MiniOzoneClusterImpl (MiniOzoneClusterImpl.java:lambda$waitForClusterToBeReady$0(222)) - Nodes are ready. Got 3 of 3 DN Heartbeats.
2023-04-02 14:01:11,309 [Listener at 127.0.0.1/38335] INFO  ozone.MiniOzoneClusterImpl (MiniOzoneClusterImpl.java:lambda$waitForClusterToBeReady$0(225)) - Waiting for cluster to exit safe mode
2023-04-02 14:01:11,309 [Listener at 127.0.0.1/38335] INFO  ozone.MiniOzoneClusterImpl (MiniOzoneClusterImpl.java:lambda$waitForClusterToBeReady$0(227)) - SCM became leader
2023-04-02 14:01:11,309 [Command processor thread] INFO  server.RaftServer (RaftServerProxy.java:addNew(96)) - ef7b62c9-01e2-453f-9d3f-9e9ef16e062c: addNew group-E2D4A2029E39:[ef7b62c9-01e2-453f-9d3f-9e9ef16e062c|rpc:10.1.0.35:38491|dataStream:10.1.0.35:45283|priority:1|startupRole:FOLLOWER] returns group-E2D4A2029E39:java.util.concurrent.CompletableFuture@54eb301a[Not completed]
2023-04-02 14:01:11,311 [pool-122-thread-1] INFO  server.RaftServer$Division (RaftServerImpl.java:<init>(195)) - ef7b62c9-01e2-453f-9d3f-9e9ef16e062c: new RaftServerImpl for group-E2D4A2029E39:[ef7b62c9-01e2-453f-9d3f-9e9ef16e062c|rpc:10.1.0.35:38491|dataStream:10.1.0.35:45283|priority:1|startupRole:FOLLOWER] with ContainerStateMachine:uninitialized
2023-04-02 14:01:11,311 [pool-122-thread-1] INFO  server.RaftServerConfigKeys (ConfUtils.java:logGet(46)) - raft.server.rpc.timeout.min = 5s (custom)
2023-04-02 14:01:11,311 [pool-122-thread-1] INFO  server.RaftServerConfigKeys (ConfUtils.java:logGet(46)) - raft.server.rpc.timeout.max = 5200ms (custom)
2023-04-02 14:01:11,311 [pool-122-thread-1] INFO  server.RaftServerConfigKeys (ConfUtils.java:logGet(46)) - raft.server.rpc.sleep.time = 25ms (default)
2023-04-02 14:01:11,311 [pool-122-thread-1] INFO  server.RaftServerConfigKeys (ConfUtils.java:logGet(46)) - raft.server.rpc.slowness.timeout = 300000ms (custom)
2023-04-02 14:01:11,311 [pool-122-thread-1] INFO  server.RaftServerConfigKeys (ConfUtils.java:logGet(46)) - raft.server.leaderelection.leader.step-down.wait-time = 10s (default)
2023-04-02 14:01:11,311 [pool-122-thread-1] INFO  server.RaftServerConfigKeys (ConfUtils.java:logGet(46)) - raft.server.sleep.deviation.threshold = 300ms (default)
2023-04-02 14:01:11,311 [pool-122-thread-1] INFO  server.RaftServer$Division (ServerState.java:<init>(118)) - ef7b62c9-01e2-453f-9d3f-9e9ef16e062c@group-E2D4A2029E39: ConfigurationManager, init=-1: peers:[ef7b62c9-01e2-453f-9d3f-9e9ef16e062c|rpc:10.1.0.35:38491|dataStream:10.1.0.35:45283|priority:1|startupRole:FOLLOWER]|listeners:[], old=null, confs=<EMPTY_MAP>
2023-04-02 14:01:11,311 [pool-122-thread-1] INFO  server.RaftServerConfigKeys (ConfUtils.java:logGet(46)) - raft.server.storage.dir = [/home/runner/work/ozone/ozone/hadoop-ozone/integration-test/target/test-dir/MiniOzoneClusterImpl-e08b4ded-cf26-487b-9197-20d38c9ee5c1/datanode-2/data/ratis] (custom)
2023-04-02 14:01:11,311 [pool-122-thread-1] INFO  server.RaftServerConfigKeys (ConfUtils.java:logGet(46)) - raft.server.log.corruption.policy = EXCEPTION (default)
2023-04-02 14:01:11,311 [pool-122-thread-1] INFO  server.RaftServerConfigKeys (ConfUtils.java:logGet(46)) - raft.server.storage.free-space.min = 0MB (=0) (default)
2023-04-02 14:01:11,312 [pool-122-thread-1] INFO  server.RaftServerConfigKeys (ConfUtils.java:logGet(46)) - raft.server.notification.no-leader.timeout = 300000ms (custom)
2023-04-02 14:01:11,312 [pool-122-thread-1] INFO  server.RaftServerConfigKeys (ConfUtils.java:logGet(46)) - raft.server.retrycache.expirytime = 600000ms (custom)
2023-04-02 14:01:11,312 [pool-122-thread-1] INFO  server.RaftServerConfigKeys (ConfUtils.java:logGet(46)) - raft.server.retrycache.statistics.expirytime = 100μs (default)
2023-04-02 14:01:11,312 [pool-78-thread-1] INFO  server.RaftServerConfigKeys (ConfUtils.java:logGet(46)) - raft.server.log.unsafe-flush.enabled = false (default)
2023-04-02 14:01:11,312 [pool-78-thread-1] INFO  server.RaftServerConfigKeys (ConfUtils.java:logGet(46)) - raft.server.log.async-flush.enabled = false (default)
2023-04-02 14:01:11,313 [pool-78-thread-1] INFO  server.RaftServerConfigKeys (ConfUtils.java:logGet(46)) - raft.server.log.statemachine.data.caching.enabled = true (custom)
2023-04-02 14:01:11,313 [pool-78-thread-1] INFO  segmented.SegmentedRaftLogWorker (SegmentedRaftLogWorker.java:lambda$new$0(135)) - 4c149094-c8c7-466f-8837-6623514047e5@group-309AA1EE3FA3-SegmentedRaftLogWorker: flushIndex: setUnconditionally 0 -> -1
2023-04-02 14:01:11,313 [pool-78-thread-1] INFO  segmented.SegmentedRaftLogWorker (SegmentedRaftLogWorker.java:lambda$new$0(135)) - 4c149094-c8c7-466f-8837-6623514047e5@group-309AA1EE3FA3-SegmentedRaftLogWorker: safeCacheEvictIndex: setUnconditionally 0 -> -1
2023-04-02 14:01:11,313 [pool-78-thread-1] INFO  server.RaftServer$Division (RaftServerImpl.java:start(334)) - 4c149094-c8c7-466f-8837-6623514047e5@group-309AA1EE3FA3: start as a follower, conf=-1: peers:[4c149094-c8c7-466f-8837-6623514047e5|rpc:10.1.0.35:43877|dataStream:10.1.0.35:38539|priority:1|startupRole:FOLLOWER, 04d213b6-f61d-4fba-9596-1d72c738ecbb|rpc:10.1.0.35:45029|dataStream:10.1.0.35:40503|priority:0|startupRole:FOLLOWER, ef7b62c9-01e2-453f-9d3f-9e9ef16e062c|rpc:10.1.0.35:38491|dataStream:10.1.0.35:45283|priority:0|startupRole:FOLLOWER]|listeners:[], old=null
2023-04-02 14:01:11,313 [pool-78-thread-1] INFO  server.RaftServer$Division (RaftServerImpl.java:setRole(321)) - 4c149094-c8c7-466f-8837-6623514047e5@group-309AA1EE3FA3: changes role from      null to FOLLOWER at term 0 for startAsFollower
2023-04-02 14:01:11,313 [pool-122-thread-1] INFO  server.RaftServerConfigKeys (ConfUtils.java:logGet(46)) - raft.server.log.appender.install.snapshot.enabled = false (custom)
2023-04-02 14:01:11,322 [pool-122-thread-1] INFO  server.RaftServerConfigKeys (ConfUtils.java:logGet(46)) - raft.server.threadpool.server.cached = true (default)
2023-04-02 14:01:11,322 [pool-122-thread-1] INFO  server.RaftServerConfigKeys (ConfUtils.java:logGet(46)) - raft.server.threadpool.server.size = 0 (default)
2023-04-02 14:01:11,322 [pool-122-thread-1] INFO  server.RaftServerConfigKeys (ConfUtils.java:logGet(46)) - raft.server.threadpool.client.cached = true (default)
2023-04-02 14:01:11,322 [pool-122-thread-1] INFO  server.RaftServerConfigKeys (ConfUtils.java:logGet(46)) - raft.server.threadpool.client.size = 0 (default)
2023-04-02 14:01:11,322 [pool-122-thread-1] INFO  storage.RaftStorageDirectory (RaftStorageDirectoryImpl.java:analyzeStorage(137)) - The storage directory /home/runner/work/ozone/ozone/hadoop-ozone/integration-test/target/test-dir/MiniOzoneClusterImpl-e08b4ded-cf26-487b-9197-20d38c9ee5c1/datanode-2/data/ratis/65f5263c-e7e0-4507-a575-e2d4a2029e39 does not exist. Creating ...
2023-04-02 14:01:11,313 [pool-78-thread-1] INFO  impl.RoleInfo (RoleInfo.java:updateAndGet(139)) - 4c149094-c8c7-466f-8837-6623514047e5: start 4c149094-c8c7-466f-8837-6623514047e5@group-309AA1EE3FA3-FollowerState
2023-04-02 14:01:11,320 [pool-100-thread-1] INFO  server.RaftServerConfigKeys (ConfUtils.java:logGet(46)) - raft.server.log.unsafe-flush.enabled = false (default)
2023-04-02 14:01:11,327 [pool-100-thread-1] INFO  server.RaftServerConfigKeys (ConfUtils.java:logGet(46)) - raft.server.log.async-flush.enabled = false (default)
2023-04-02 14:01:11,327 [pool-100-thread-1] INFO  server.RaftServerConfigKeys (ConfUtils.java:logGet(46)) - raft.server.log.statemachine.data.caching.enabled = true (custom)
2023-04-02 14:01:11,328 [pool-122-thread-1] INFO  storage.RaftStorageDirectory (RaftStorageDirectoryImpl.java:tryLock(231)) - Lock on /home/runner/work/ozone/ozone/hadoop-ozone/integration-test/target/test-dir/MiniOzoneClusterImpl-e08b4ded-cf26-487b-9197-20d38c9ee5c1/datanode-2/data/ratis/65f5263c-e7e0-4507-a575-e2d4a2029e39/in_use.lock acquired by nodename 38458@fv-az449-305
2023-04-02 14:01:11,329 [pool-100-thread-1] INFO  segmented.SegmentedRaftLogWorker (SegmentedRaftLogWorker.java:lambda$new$0(135)) - 04d213b6-f61d-4fba-9596-1d72c738ecbb@group-309AA1EE3FA3-SegmentedRaftLogWorker: flushIndex: setUnconditionally 0 -> -1
2023-04-02 14:01:11,329 [pool-100-thread-1] INFO  segmented.SegmentedRaftLogWorker (SegmentedRaftLogWorker.java:lambda$new$0(135)) - 04d213b6-f61d-4fba-9596-1d72c738ecbb@group-309AA1EE3FA3-SegmentedRaftLogWorker: safeCacheEvictIndex: setUnconditionally 0 -> -1
2023-04-02 14:01:11,329 [pool-122-thread-1] INFO  storage.RaftStorage (RaftStorageImpl.java:format(96)) - Storage directory /home/runner/work/ozone/ozone/hadoop-ozone/integration-test/target/test-dir/MiniOzoneClusterImpl-e08b4ded-cf26-487b-9197-20d38c9ee5c1/datanode-2/data/ratis/65f5263c-e7e0-4507-a575-e2d4a2029e39 has been successfully formatted.
2023-04-02 14:01:11,331 [pool-78-thread-1] INFO  util.JmxRegister (JmxRegister.java:tryRegister(44)) - Successfully registered JMX Bean with object name Ratis:service=RaftServer,group=group-309AA1EE3FA3,id=4c149094-c8c7-466f-8837-6623514047e5
2023-04-02 14:01:11,331 [pool-78-thread-1] INFO  server.RaftServerConfigKeys (ConfUtils.java:logGet(46)) - raft.server.snapshot.auto.trigger.enabled = true (custom)
2023-04-02 14:01:11,331 [pool-78-thread-1] INFO  server.RaftServerConfigKeys (ConfUtils.java:logGet(46)) - raft.server.snapshot.auto.trigger.threshold = 1 (custom)
2023-04-02 14:01:11,331 [pool-78-thread-1] INFO  server.RaftServerConfigKeys (ConfUtils.java:logGet(46)) - raft.server.snapshot.retention.file.num = 5 (custom)
2023-04-02 14:01:11,331 [pool-78-thread-1] INFO  server.RaftServerConfigKeys (ConfUtils.java:logGet(46)) - raft.server.log.purge.upto.snapshot.index = false (default)
2023-04-02 14:01:11,331 [pool-122-thread-1] INFO  ratis.ContainerStateMachine (ContainerStateMachine.java:loadSnapshot(262)) - group-E2D4A2029E39: The snapshot info is null. Setting the last applied indexto:(t:0, i:~)
2023-04-02 14:01:11,332 [pool-122-thread-1] INFO  server.RaftServerConfigKeys (ConfUtils.java:logGet(46)) - raft.server.log.use.memory = false (default)
2023-04-02 14:01:11,332 [pool-122-thread-1] INFO  server.RaftServerConfigKeys (ConfUtils.java:logGet(46)) - raft.server.log.purge.gap = 1000000 (custom)
2023-04-02 14:01:11,332 [pool-122-thread-1] INFO  server.RaftServerConfigKeys (ConfUtils.java:logGet(46)) - raft.server.log.appender.buffer.byte-limit = 33554432 (custom)
2023-04-02 14:01:11,332 [pool-122-thread-1] INFO  server.RaftServerConfigKeys (ConfUtils.java:logGet(46)) - raft.server.log.statemachine.data.read.timeout = 1000ms (default)
2023-04-02 14:01:11,332 [pool-122-thread-1] INFO  server.RaftServerConfigKeys (ConfUtils.java:logGet(46)) - raft.server.log.purge.preservation.log.num = 0 (default)
2023-04-02 14:01:11,332 [4c149094-c8c7-466f-8837-6623514047e5@group-309AA1EE3FA3-FollowerState] INFO  server.RaftServerConfigKeys (ConfUtils.java:logFallback(53)) - raft.server.rpc.first-election.timeout.min = 5s (fallback to raft.server.rpc.timeout.min)
2023-04-02 14:01:11,332 [4c149094-c8c7-466f-8837-6623514047e5@group-309AA1EE3FA3-FollowerState] INFO  server.RaftServerConfigKeys (ConfUtils.java:logFallback(53)) - raft.server.rpc.first-election.timeout.max = 5200ms (fallback to raft.server.rpc.timeout.max)
2023-04-02 14:01:11,332 [pool-122-thread-1] INFO  server.RaftServerConfigKeys (ConfUtils.java:logGet(46)) - raft.server.log.segment.size.max = 1048576 (custom)
2023-04-02 14:01:11,332 [Command processor thread] INFO  ratis.XceiverServerRatis (XceiverServerRatis.java:addGroup(806)) - Created group PipelineID=00f3f094-cd15-4334-bf4e-309aa1ee3fa3
2023-04-02 14:01:11,332 [pool-122-thread-1] INFO  server.RaftServerConfigKeys (ConfUtils.java:logGet(46)) - raft.server.log.segment.cache.num.max = 2 (custom)
2023-04-02 14:01:11,333 [pool-122-thread-1] INFO  server.RaftServerConfigKeys (ConfUtils.java:logGet(46)) - raft.server.log.segment.cache.size.max = 200MB (=209715200) (default)
2023-04-02 14:01:11,333 [pool-122-thread-1] INFO  segmented.SegmentedRaftLogWorker (SegmentedRaftLogWorker.java:<init>(189)) - new ef7b62c9-01e2-453f-9d3f-9e9ef16e062c@group-E2D4A2029E39-SegmentedRaftLogWorker for RaftStorageImpl:Storage Directory /home/runner/work/ozone/ozone/hadoop-ozone/integration-test/target/test-dir/MiniOzoneClusterImpl-e08b4ded-cf26-487b-9197-20d38c9ee5c1/datanode-2/data/ratis/65f5263c-e7e0-4507-a575-e2d4a2029e39
2023-04-02 14:01:11,333 [pool-122-thread-1] INFO  server.RaftServerConfigKeys (ConfUtils.java:logGet(46)) - raft.server.log.queue.byte-limit = 4294967296 (custom)
2023-04-02 14:01:11,333 [pool-122-thread-1] INFO  server.RaftServerConfigKeys (ConfUtils.java:logGet(46)) - raft.server.log.queue.element-limit = 1024 (custom)
2023-04-02 14:01:11,333 [pool-122-thread-1] INFO  server.RaftServerConfigKeys (ConfUtils.java:logGet(46)) - raft.server.log.segment.size.max = 1048576 (custom)
2023-04-02 14:01:11,333 [pool-122-thread-1] INFO  server.RaftServerConfigKeys (ConfUtils.java:logGet(46)) - raft.server.log.preallocated.size = 16384 (custom)
2023-04-02 14:01:11,333 [pool-122-thread-1] INFO  server.RaftServerConfigKeys (ConfUtils.java:logGet(46)) - raft.server.log.force.sync.num = 128 (default)
2023-04-02 14:01:11,333 [pool-122-thread-1] INFO  server.RaftServerConfigKeys (ConfUtils.java:logGet(46)) - raft.server.log.statemachine.data.sync = true (default)
2023-04-02 14:01:11,333 [pool-122-thread-1] INFO  server.RaftServerConfigKeys (ConfUtils.java:logGet(46)) - raft.server.log.statemachine.data.sync.timeout = 10s (default)
2023-04-02 14:01:11,333 [pool-122-thread-1] INFO  server.RaftServerConfigKeys (ConfUtils.java:logGet(46)) - raft.server.log.statemachine.data.sync.timeout.retry = -1 (default)
2023-04-02 14:01:11,334 [pool-122-thread-1] INFO  server.RaftServerConfigKeys (ConfUtils.java:logGet(46)) - raft.server.log.write.buffer.size = 1048576 (custom)
2023-04-02 14:01:11,334 [pool-122-thread-1] INFO  server.RaftServerConfigKeys (ConfUtils.java:logGet(46)) - raft.server.log.appender.buffer.byte-limit = 33554432 (custom)
2023-04-02 14:01:11,338 [pool-100-thread-1] INFO  server.RaftServer$Division (RaftServerImpl.java:start(334)) - 04d213b6-f61d-4fba-9596-1d72c738ecbb@group-309AA1EE3FA3: start as a follower, conf=-1: peers:[4c149094-c8c7-466f-8837-6623514047e5|rpc:10.1.0.35:43877|dataStream:10.1.0.35:38539|priority:1|startupRole:FOLLOWER, 04d213b6-f61d-4fba-9596-1d72c738ecbb|rpc:10.1.0.35:45029|dataStream:10.1.0.35:40503|priority:0|startupRole:FOLLOWER, ef7b62c9-01e2-453f-9d3f-9e9ef16e062c|rpc:10.1.0.35:38491|dataStream:10.1.0.35:45283|priority:0|startupRole:FOLLOWER]|listeners:[], old=null
2023-04-02 14:01:11,338 [pool-100-thread-1] INFO  server.RaftServer$Division (RaftServerImpl.java:setRole(321)) - 04d213b6-f61d-4fba-9596-1d72c738ecbb@group-309AA1EE3FA3: changes role from      null to FOLLOWER at term 0 for startAsFollower
2023-04-02 14:01:11,338 [pool-100-thread-1] INFO  impl.RoleInfo (RoleInfo.java:updateAndGet(139)) - 04d213b6-f61d-4fba-9596-1d72c738ecbb: start 04d213b6-f61d-4fba-9596-1d72c738ecbb@group-309AA1EE3FA3-FollowerState
2023-04-02 14:01:11,338 [pool-100-thread-1] INFO  util.JmxRegister (JmxRegister.java:tryRegister(44)) - Successfully registered JMX Bean with object name Ratis:service=RaftServer,group=group-309AA1EE3FA3,id=04d213b6-f61d-4fba-9596-1d72c738ecbb
2023-04-02 14:01:11,338 [04d213b6-f61d-4fba-9596-1d72c738ecbb@group-309AA1EE3FA3-FollowerState] INFO  server.RaftServerConfigKeys (ConfUtils.java:logFallback(53)) - raft.server.rpc.first-election.timeout.min = 5s (fallback to raft.server.rpc.timeout.min)
2023-04-02 14:01:11,348 [04d213b6-f61d-4fba-9596-1d72c738ecbb@group-309AA1EE3FA3-FollowerState] INFO  server.RaftServerConfigKeys (ConfUtils.java:logFallback(53)) - raft.server.rpc.first-election.timeout.max = 5200ms (fallback to raft.server.rpc.timeout.max)
2023-04-02 14:01:11,347 [pool-122-thread-1] INFO  server.RaftServerConfigKeys (ConfUtils.java:logGet(46)) - raft.server.log.unsafe-flush.enabled = false (default)
2023-04-02 14:01:11,348 [pool-122-thread-1] INFO  server.RaftServerConfigKeys (ConfUtils.java:logGet(46)) - raft.server.log.async-flush.enabled = false (default)
2023-04-02 14:01:11,349 [pool-122-thread-1] INFO  server.RaftServerConfigKeys (ConfUtils.java:logGet(46)) - raft.server.log.statemachine.data.caching.enabled = true (custom)
2023-04-02 14:01:11,349 [pool-122-thread-1] INFO  segmented.SegmentedRaftLogWorker (SegmentedRaftLogWorker.java:lambda$new$0(135)) - ef7b62c9-01e2-453f-9d3f-9e9ef16e062c@group-E2D4A2029E39-SegmentedRaftLogWorker: flushIndex: setUnconditionally 0 -> -1
2023-04-02 14:01:11,339 [pool-100-thread-1] INFO  server.RaftServerConfigKeys (ConfUtils.java:logGet(46)) - raft.server.snapshot.auto.trigger.enabled = true (custom)
2023-04-02 14:01:11,355 [EventQueue-PipelineReportForPipelineReportHandler] INFO  pipeline.PipelineManagerImpl (PipelineManagerImpl.java:openPipeline(367)) - Pipeline Pipeline[ Id: 65f5263c-e7e0-4507-a575-e2d4a2029e39, Nodes: ef7b62c9-01e2-453f-9d3f-9e9ef16e062c(fv-az449-305.jvjgdiodbn4ungrcbaap0pmvbb.dx.internal.cloudapp.net/10.1.0.35), ReplicationConfig: RATIS/ONE, State:ALLOCATED, leaderId:ef7b62c9-01e2-453f-9d3f-9e9ef16e062c, CreationTimestamp2023-04-02T14:01:08.174Z[Etc/UTC]] moved to OPEN state
2023-04-02 14:01:11,362 [pool-122-thread-1] INFO  segmented.SegmentedRaftLogWorker (SegmentedRaftLogWorker.java:lambda$new$0(135)) - ef7b62c9-01e2-453f-9d3f-9e9ef16e062c@group-E2D4A2029E39-SegmentedRaftLogWorker: safeCacheEvictIndex: setUnconditionally 0 -> -1
2023-04-02 14:01:11,362 [pool-100-thread-1] INFO  server.RaftServerConfigKeys (ConfUtils.java:logGet(46)) - raft.server.snapshot.auto.trigger.threshold = 1 (custom)
2023-04-02 14:01:11,363 [pool-100-thread-1] INFO  server.RaftServerConfigKeys (ConfUtils.java:logGet(46)) - raft.server.snapshot.retention.file.num = 5 (custom)
2023-04-02 14:01:11,363 [pool-100-thread-1] INFO  server.RaftServerConfigKeys (ConfUtils.java:logGet(46)) - raft.server.log.purge.upto.snapshot.index = false (default)
2023-04-02 14:01:11,363 [Command processor thread] INFO  ratis.XceiverServerRatis (XceiverServerRatis.java:addGroup(806)) - Created group PipelineID=00f3f094-cd15-4334-bf4e-309aa1ee3fa3
2023-04-02 14:01:11,366 [EventQueue-OpenPipelineForHealthyPipelineSafeModeRule] INFO  safemode.SCMSafeModeManager (HealthyPipelineSafeModeRule.java:process(137)) - SCM in safe mode. Healthy pipelines reported count is 0, required healthy pipeline reported count is 1
2023-04-02 14:01:11,372 [pool-122-thread-1] INFO  server.RaftServer$Division (RaftServerImpl.java:start(334)) - ef7b62c9-01e2-453f-9d3f-9e9ef16e062c@group-E2D4A2029E39: start as a follower, conf=-1: peers:[ef7b62c9-01e2-453f-9d3f-9e9ef16e062c|rpc:10.1.0.35:38491|dataStream:10.1.0.35:45283|priority:1|startupRole:FOLLOWER]|listeners:[], old=null
2023-04-02 14:01:11,372 [pool-122-thread-1] INFO  server.RaftServer$Division (RaftServerImpl.java:setRole(321)) - ef7b62c9-01e2-453f-9d3f-9e9ef16e062c@group-E2D4A2029E39: changes role from      null to FOLLOWER at term 0 for startAsFollower
2023-04-02 14:01:11,372 [pool-122-thread-1] INFO  impl.RoleInfo (RoleInfo.java:updateAndGet(139)) - ef7b62c9-01e2-453f-9d3f-9e9ef16e062c: start ef7b62c9-01e2-453f-9d3f-9e9ef16e062c@group-E2D4A2029E39-FollowerState
2023-04-02 14:01:11,376 [pool-122-thread-1] INFO  util.JmxRegister (JmxRegister.java:tryRegister(44)) - Successfully registered JMX Bean with object name Ratis:service=RaftServer,group=group-E2D4A2029E39,id=ef7b62c9-01e2-453f-9d3f-9e9ef16e062c
2023-04-02 14:01:11,376 [pool-122-thread-1] INFO  server.RaftServerConfigKeys (ConfUtils.java:logGet(46)) - raft.server.snapshot.auto.trigger.enabled = true (custom)
2023-04-02 14:01:11,376 [pool-122-thread-1] INFO  server.RaftServerConfigKeys (ConfUtils.java:logGet(46)) - raft.server.snapshot.auto.trigger.threshold = 1 (custom)
2023-04-02 14:01:11,376 [pool-122-thread-1] INFO  server.RaftServerConfigKeys (ConfUtils.java:logGet(46)) - raft.server.snapshot.retention.file.num = 5 (custom)
2023-04-02 14:01:11,376 [pool-122-thread-1] INFO  server.RaftServerConfigKeys (ConfUtils.java:logGet(46)) - raft.server.log.purge.upto.snapshot.index = false (default)
2023-04-02 14:01:11,378 [ef7b62c9-01e2-453f-9d3f-9e9ef16e062c@group-E2D4A2029E39-FollowerState] INFO  server.RaftServerConfigKeys (ConfUtils.java:logFallback(53)) - raft.server.rpc.first-election.timeout.min = 5s (fallback to raft.server.rpc.timeout.min)
2023-04-02 14:01:11,378 [ef7b62c9-01e2-453f-9d3f-9e9ef16e062c@group-E2D4A2029E39-FollowerState] INFO  server.RaftServerConfigKeys (ConfUtils.java:logFallback(53)) - raft.server.rpc.first-election.timeout.max = 5200ms (fallback to raft.server.rpc.timeout.max)
2023-04-02 14:01:11,378 [Command processor thread] INFO  ratis.XceiverServerRatis (XceiverServerRatis.java:addGroup(806)) - Created group PipelineID=65f5263c-e7e0-4507-a575-e2d4a2029e39
2023-04-02 14:01:11,378 [Command processor thread] INFO  commandhandler.CreatePipelineCommandHandler (CreatePipelineCommandHandler.java:handle(113)) - Created Pipeline RATIS ONE PipelineID=65f5263c-e7e0-4507-a575-e2d4a2029e39.
2023-04-02 14:01:11,378 [Command processor thread] INFO  server.RaftServer (RaftServerProxy.java:addNew(96)) - ef7b62c9-01e2-453f-9d3f-9e9ef16e062c: addNew group-309AA1EE3FA3:[4c149094-c8c7-466f-8837-6623514047e5|rpc:10.1.0.35:43877|dataStream:10.1.0.35:38539|priority:1|startupRole:FOLLOWER, 04d213b6-f61d-4fba-9596-1d72c738ecbb|rpc:10.1.0.35:45029|dataStream:10.1.0.35:40503|priority:0|startupRole:FOLLOWER, ef7b62c9-01e2-453f-9d3f-9e9ef16e062c|rpc:10.1.0.35:38491|dataStream:10.1.0.35:45283|priority:0|startupRole:FOLLOWER] returns group-309AA1EE3FA3:java.util.concurrent.CompletableFuture@5a2cd4f7[Not completed]
2023-04-02 14:01:11,380 [pool-122-thread-1] INFO  server.RaftServer$Division (RaftServerImpl.java:<init>(195)) - ef7b62c9-01e2-453f-9d3f-9e9ef16e062c: new RaftServerImpl for group-309AA1EE3FA3:[4c149094-c8c7-466f-8837-6623514047e5|rpc:10.1.0.35:43877|dataStream:10.1.0.35:38539|priority:1|startupRole:FOLLOWER, 04d213b6-f61d-4fba-9596-1d72c738ecbb|rpc:10.1.0.35:45029|dataStream:10.1.0.35:40503|priority:0|startupRole:FOLLOWER, ef7b62c9-01e2-453f-9d3f-9e9ef16e062c|rpc:10.1.0.35:38491|dataStream:10.1.0.35:45283|priority:0|startupRole:FOLLOWER] with ContainerStateMachine:uninitialized
2023-04-02 14:01:11,380 [pool-122-thread-1] INFO  server.RaftServerConfigKeys (ConfUtils.java:logGet(46)) - raft.server.rpc.timeout.min = 5s (custom)
2023-04-02 14:01:11,380 [pool-122-thread-1] INFO  server.RaftServerConfigKeys (ConfUtils.java:logGet(46)) - raft.server.rpc.timeout.max = 5200ms (custom)
2023-04-02 14:01:11,380 [pool-122-thread-1] INFO  server.RaftServerConfigKeys (ConfUtils.java:logGet(46)) - raft.server.rpc.sleep.time = 25ms (default)
2023-04-02 14:01:11,380 [pool-122-thread-1] INFO  server.RaftServerConfigKeys (ConfUtils.java:logGet(46)) - raft.server.rpc.slowness.timeout = 300000ms (custom)
2023-04-02 14:01:11,380 [pool-122-thread-1] INFO  server.RaftServerConfigKeys (ConfUtils.java:logGet(46)) - raft.server.leaderelection.leader.step-down.wait-time = 10s (default)
2023-04-02 14:01:11,380 [pool-122-thread-1] INFO  server.RaftServerConfigKeys (ConfUtils.java:logGet(46)) - raft.server.sleep.deviation.threshold = 300ms (default)
2023-04-02 14:01:11,380 [pool-122-thread-1] INFO  server.RaftServer$Division (ServerState.java:<init>(118)) - ef7b62c9-01e2-453f-9d3f-9e9ef16e062c@group-309AA1EE3FA3: ConfigurationManager, init=-1: peers:[4c149094-c8c7-466f-8837-6623514047e5|rpc:10.1.0.35:43877|dataStream:10.1.0.35:38539|priority:1|startupRole:FOLLOWER, 04d213b6-f61d-4fba-9596-1d72c738ecbb|rpc:10.1.0.35:45029|dataStream:10.1.0.35:40503|priority:0|startupRole:FOLLOWER, ef7b62c9-01e2-453f-9d3f-9e9ef16e062c|rpc:10.1.0.35:38491|dataStream:10.1.0.35:45283|priority:0|startupRole:FOLLOWER]|listeners:[], old=null, confs=<EMPTY_MAP>
2023-04-02 14:01:11,380 [pool-122-thread-1] INFO  server.RaftServerConfigKeys (ConfUtils.java:logGet(46)) - raft.server.storage.dir = [/home/runner/work/ozone/ozone/hadoop-ozone/integration-test/target/test-dir/MiniOzoneClusterImpl-e08b4ded-cf26-487b-9197-20d38c9ee5c1/datanode-2/data/ratis] (custom)
2023-04-02 14:01:11,380 [pool-122-thread-1] INFO  server.RaftServerConfigKeys (ConfUtils.java:logGet(46)) - raft.server.log.corruption.policy = EXCEPTION (default)
2023-04-02 14:01:11,381 [pool-122-thread-1] INFO  server.RaftServerConfigKeys (ConfUtils.java:logGet(46)) - raft.server.storage.free-space.min = 0MB (=0) (default)
2023-04-02 14:01:11,381 [pool-122-thread-1] INFO  server.RaftServerConfigKeys (ConfUtils.java:logGet(46)) - raft.server.notification.no-leader.timeout = 300000ms (custom)
2023-04-02 14:01:11,381 [pool-122-thread-1] INFO  server.RaftServerConfigKeys (ConfUtils.java:logGet(46)) - raft.server.retrycache.expirytime = 600000ms (custom)
2023-04-02 14:01:11,381 [pool-122-thread-1] INFO  server.RaftServerConfigKeys (ConfUtils.java:logGet(46)) - raft.server.retrycache.statistics.expirytime = 100μs (default)
2023-04-02 14:01:11,382 [pool-122-thread-1] INFO  server.RaftServerConfigKeys (ConfUtils.java:logGet(46)) - raft.server.log.appender.install.snapshot.enabled = false (custom)
2023-04-02 14:01:11,382 [pool-122-thread-1] INFO  server.RaftServerConfigKeys (ConfUtils.java:logGet(46)) - raft.server.threadpool.server.cached = true (default)
2023-04-02 14:01:11,382 [pool-122-thread-1] INFO  server.RaftServerConfigKeys (ConfUtils.java:logGet(46)) - raft.server.threadpool.server.size = 0 (default)
2023-04-02 14:01:11,382 [pool-122-thread-1] INFO  server.RaftServerConfigKeys (ConfUtils.java:logGet(46)) - raft.server.threadpool.client.cached = true (default)
2023-04-02 14:01:11,382 [pool-122-thread-1] INFO  server.RaftServerConfigKeys (ConfUtils.java:logGet(46)) - raft.server.threadpool.client.size = 0 (default)
2023-04-02 14:01:11,382 [pool-122-thread-1] INFO  storage.RaftStorageDirectory (RaftStorageDirectoryImpl.java:analyzeStorage(137)) - The storage directory /home/runner/work/ozone/ozone/hadoop-ozone/integration-test/target/test-dir/MiniOzoneClusterImpl-e08b4ded-cf26-487b-9197-20d38c9ee5c1/datanode-2/data/ratis/00f3f094-cd15-4334-bf4e-309aa1ee3fa3 does not exist. Creating ...
2023-04-02 14:01:11,385 [pool-122-thread-1] INFO  storage.RaftStorageDirectory (RaftStorageDirectoryImpl.java:tryLock(231)) - Lock on /home/runner/work/ozone/ozone/hadoop-ozone/integration-test/target/test-dir/MiniOzoneClusterImpl-e08b4ded-cf26-487b-9197-20d38c9ee5c1/datanode-2/data/ratis/00f3f094-cd15-4334-bf4e-309aa1ee3fa3/in_use.lock acquired by nodename 38458@fv-az449-305
2023-04-02 14:01:11,402 [pool-122-thread-1] INFO  storage.RaftStorage (RaftStorageImpl.java:format(96)) - Storage directory /home/runner/work/ozone/ozone/hadoop-ozone/integration-test/target/test-dir/MiniOzoneClusterImpl-e08b4ded-cf26-487b-9197-20d38c9ee5c1/datanode-2/data/ratis/00f3f094-cd15-4334-bf4e-309aa1ee3fa3 has been successfully formatted.
2023-04-02 14:01:11,402 [pool-122-thread-1] INFO  ratis.ContainerStateMachine (ContainerStateMachine.java:loadSnapshot(262)) - group-309AA1EE3FA3: The snapshot info is null. Setting the last applied indexto:(t:0, i:~)
2023-04-02 14:01:11,403 [pool-122-thread-1] INFO  server.RaftServerConfigKeys (ConfUtils.java:logGet(46)) - raft.server.log.use.memory = false (default)
2023-04-02 14:01:11,403 [pool-122-thread-1] INFO  server.RaftServerConfigKeys (ConfUtils.java:logGet(46)) - raft.server.log.purge.gap = 1000000 (custom)
2023-04-02 14:01:11,403 [pool-122-thread-1] INFO  server.RaftServerConfigKeys (ConfUtils.java:logGet(46)) - raft.server.log.appender.buffer.byte-limit = 33554432 (custom)
2023-04-02 14:01:11,403 [pool-122-thread-1] INFO  server.RaftServerConfigKeys (ConfUtils.java:logGet(46)) - raft.server.log.statemachine.data.read.timeout = 1000ms (default)
2023-04-02 14:01:11,403 [pool-122-thread-1] INFO  server.RaftServerConfigKeys (ConfUtils.java:logGet(46)) - raft.server.log.purge.preservation.log.num = 0 (default)
2023-04-02 14:01:11,403 [pool-122-thread-1] INFO  server.RaftServerConfigKeys (ConfUtils.java:logGet(46)) - raft.server.log.segment.size.max = 1048576 (custom)
2023-04-02 14:01:11,404 [pool-122-thread-1] INFO  server.RaftServerConfigKeys (ConfUtils.java:logGet(46)) - raft.server.log.segment.cache.num.max = 2 (custom)
2023-04-02 14:01:11,404 [pool-122-thread-1] INFO  server.RaftServerConfigKeys (ConfUtils.java:logGet(46)) - raft.server.log.segment.cache.size.max = 200MB (=209715200) (default)
2023-04-02 14:01:11,405 [pool-122-thread-1] INFO  segmented.SegmentedRaftLogWorker (SegmentedRaftLogWorker.java:<init>(189)) - new ef7b62c9-01e2-453f-9d3f-9e9ef16e062c@group-309AA1EE3FA3-SegmentedRaftLogWorker for RaftStorageImpl:Storage Directory /home/runner/work/ozone/ozone/hadoop-ozone/integration-test/target/test-dir/MiniOzoneClusterImpl-e08b4ded-cf26-487b-9197-20d38c9ee5c1/datanode-2/data/ratis/00f3f094-cd15-4334-bf4e-309aa1ee3fa3
2023-04-02 14:01:11,405 [pool-122-thread-1] INFO  server.RaftServerConfigKeys (ConfUtils.java:logGet(46)) - raft.server.log.queue.byte-limit = 4294967296 (custom)
2023-04-02 14:01:11,405 [pool-122-thread-1] INFO  server.RaftServerConfigKeys (ConfUtils.java:logGet(46)) - raft.server.log.queue.element-limit = 1024 (custom)
2023-04-02 14:01:11,405 [pool-122-thread-1] INFO  server.RaftServerConfigKeys (ConfUtils.java:logGet(46)) - raft.server.log.segment.size.max = 1048576 (custom)
2023-04-02 14:01:11,405 [pool-122-thread-1] INFO  server.RaftServerConfigKeys (ConfUtils.java:logGet(46)) - raft.server.log.preallocated.size = 16384 (custom)
2023-04-02 14:01:11,405 [pool-122-thread-1] INFO  server.RaftServerConfigKeys (ConfUtils.java:logGet(46)) - raft.server.log.force.sync.num = 128 (default)
2023-04-02 14:01:11,405 [pool-122-thread-1] INFO  server.RaftServerConfigKeys (ConfUtils.java:logGet(46)) - raft.server.log.statemachine.data.sync = true (default)
2023-04-02 14:01:11,405 [pool-122-thread-1] INFO  server.RaftServerConfigKeys (ConfUtils.java:logGet(46)) - raft.server.log.statemachine.data.sync.timeout = 10s (default)
2023-04-02 14:01:11,405 [pool-122-thread-1] INFO  server.RaftServerConfigKeys (ConfUtils.java:logGet(46)) - raft.server.log.statemachine.data.sync.timeout.retry = -1 (default)
2023-04-02 14:01:11,406 [pool-122-thread-1] INFO  server.RaftServerConfigKeys (ConfUtils.java:logGet(46)) - raft.server.log.write.buffer.size = 1048576 (custom)
2023-04-02 14:01:11,407 [pool-122-thread-1] INFO  server.RaftServerConfigKeys (ConfUtils.java:logGet(46)) - raft.server.log.appender.buffer.byte-limit = 33554432 (custom)
2023-04-02 14:01:11,416 [pool-122-thread-1] INFO  server.RaftServerConfigKeys (ConfUtils.java:logGet(46)) - raft.server.log.unsafe-flush.enabled = false (default)
2023-04-02 14:01:11,416 [pool-122-thread-1] INFO  server.RaftServerConfigKeys (ConfUtils.java:logGet(46)) - raft.server.log.async-flush.enabled = false (default)
2023-04-02 14:01:11,416 [pool-122-thread-1] INFO  server.RaftServerConfigKeys (ConfUtils.java:logGet(46)) - raft.server.log.statemachine.data.caching.enabled = true (custom)
2023-04-02 14:01:11,416 [pool-122-thread-1] INFO  segmented.SegmentedRaftLogWorker (SegmentedRaftLogWorker.java:lambda$new$0(135)) - ef7b62c9-01e2-453f-9d3f-9e9ef16e062c@group-309AA1EE3FA3-SegmentedRaftLogWorker: flushIndex: setUnconditionally 0 -> -1
2023-04-02 14:01:11,416 [pool-122-thread-1] INFO  segmented.SegmentedRaftLogWorker (SegmentedRaftLogWorker.java:lambda$new$0(135)) - ef7b62c9-01e2-453f-9d3f-9e9ef16e062c@group-309AA1EE3FA3-SegmentedRaftLogWorker: safeCacheEvictIndex: setUnconditionally 0 -> -1
2023-04-02 14:01:11,417 [pool-122-thread-1] INFO  server.RaftServer$Division (RaftServerImpl.java:start(334)) - ef7b62c9-01e2-453f-9d3f-9e9ef16e062c@group-309AA1EE3FA3: start as a follower, conf=-1: peers:[4c149094-c8c7-466f-8837-6623514047e5|rpc:10.1.0.35:43877|dataStream:10.1.0.35:38539|priority:1|startupRole:FOLLOWER, 04d213b6-f61d-4fba-9596-1d72c738ecbb|rpc:10.1.0.35:45029|dataStream:10.1.0.35:40503|priority:0|startupRole:FOLLOWER, ef7b62c9-01e2-453f-9d3f-9e9ef16e062c|rpc:10.1.0.35:38491|dataStream:10.1.0.35:45283|priority:0|startupRole:FOLLOWER]|listeners:[], old=null
2023-04-02 14:01:11,417 [pool-122-thread-1] INFO  server.RaftServer$Division (RaftServerImpl.java:setRole(321)) - ef7b62c9-01e2-453f-9d3f-9e9ef16e062c@group-309AA1EE3FA3: changes role from      null to FOLLOWER at term 0 for startAsFollower
2023-04-02 14:01:11,417 [pool-122-thread-1] INFO  impl.RoleInfo (RoleInfo.java:updateAndGet(139)) - ef7b62c9-01e2-453f-9d3f-9e9ef16e062c: start ef7b62c9-01e2-453f-9d3f-9e9ef16e062c@group-309AA1EE3FA3-FollowerState
2023-04-02 14:01:11,417 [pool-122-thread-1] INFO  util.JmxRegister (JmxRegister.java:tryRegister(44)) - Successfully registered JMX Bean with object name Ratis:service=RaftServer,group=group-309AA1EE3FA3,id=ef7b62c9-01e2-453f-9d3f-9e9ef16e062c
2023-04-02 14:01:11,417 [pool-122-thread-1] INFO  server.RaftServerConfigKeys (ConfUtils.java:logGet(46)) - raft.server.snapshot.auto.trigger.enabled = true (custom)
2023-04-02 14:01:11,417 [pool-122-thread-1] INFO  server.RaftServerConfigKeys (ConfUtils.java:logGet(46)) - raft.server.snapshot.auto.trigger.threshold = 1 (custom)
2023-04-02 14:01:11,418 [pool-122-thread-1] INFO  server.RaftServerConfigKeys (ConfUtils.java:logGet(46)) - raft.server.snapshot.retention.file.num = 5 (custom)
2023-04-02 14:01:11,418 [pool-122-thread-1] INFO  server.RaftServerConfigKeys (ConfUtils.java:logGet(46)) - raft.server.log.purge.upto.snapshot.index = false (default)
2023-04-02 14:01:11,418 [EventQueue-OpenPipelineForHealthyPipelineSafeModeRule] INFO  safemode.SCMSafeModeManager (HealthyPipelineSafeModeRule.java:process(137)) - SCM in safe mode. Healthy pipelines reported count is 0, required healthy pipeline reported count is 1
2023-04-02 14:01:11,419 [ef7b62c9-01e2-453f-9d3f-9e9ef16e062c@group-309AA1EE3FA3-FollowerState] INFO  server.RaftServerConfigKeys (ConfUtils.java:logFallback(53)) - raft.server.rpc.first-election.timeout.min = 5s (fallback to raft.server.rpc.timeout.min)
2023-04-02 14:01:11,419 [Command processor thread] INFO  ratis.XceiverServerRatis (XceiverServerRatis.java:addGroup(806)) - Created group PipelineID=00f3f094-cd15-4334-bf4e-309aa1ee3fa3
2023-04-02 14:01:11,439 [ef7b62c9-01e2-453f-9d3f-9e9ef16e062c@group-309AA1EE3FA3-FollowerState] INFO  server.RaftServerConfigKeys (ConfUtils.java:logFallback(53)) - raft.server.rpc.first-election.timeout.max = 5200ms (fallback to raft.server.rpc.timeout.max)
2023-04-02 14:01:11,481 [Command processor thread] INFO  commandhandler.CreatePipelineCommandHandler (CreatePipelineCommandHandler.java:handle(113)) - Created Pipeline RATIS THREE PipelineID=00f3f094-cd15-4334-bf4e-309aa1ee3fa3.
2023-04-02 14:01:11,514 [EventQueue-OpenPipelineForHealthyPipelineSafeModeRule] INFO  safemode.SCMSafeModeManager (HealthyPipelineSafeModeRule.java:process(137)) - SCM in safe mode. Healthy pipelines reported count is 0, required healthy pipeline reported count is 1
2023-04-02 14:01:11,519 [EventQueue-OpenPipelineForHealthyPipelineSafeModeRule] INFO  safemode.SCMSafeModeManager (HealthyPipelineSafeModeRule.java:process(137)) - SCM in safe mode. Healthy pipelines reported count is 0, required healthy pipeline reported count is 1
2023-04-02 14:01:11,534 [Command processor thread] INFO  commandhandler.CreatePipelineCommandHandler (CreatePipelineCommandHandler.java:handle(113)) - Created Pipeline RATIS THREE PipelineID=00f3f094-cd15-4334-bf4e-309aa1ee3fa3.
2023-04-02 14:01:11,539 [Command processor thread] INFO  commandhandler.CreatePipelineCommandHandler (CreatePipelineCommandHandler.java:handle(113)) - Created Pipeline RATIS THREE PipelineID=00f3f094-cd15-4334-bf4e-309aa1ee3fa3.
2023-04-02 14:01:11,606 [EventQueue-OpenPipelineForHealthyPipelineSafeModeRule] INFO  safemode.SCMSafeModeManager (HealthyPipelineSafeModeRule.java:process(137)) - SCM in safe mode. Healthy pipelines reported count is 0, required healthy pipeline reported count is 1
2023-04-02 14:01:11,715 [EventQueue-OpenPipelineForHealthyPipelineSafeModeRule] INFO  safemode.SCMSafeModeManager (HealthyPipelineSafeModeRule.java:process(137)) - SCM in safe mode. Healthy pipelines reported count is 0, required healthy pipeline reported count is 1
2023-04-02 14:01:11,715 [EventQueue-OpenPipelineForHealthyPipelineSafeModeRule] INFO  safemode.SCMSafeModeManager (HealthyPipelineSafeModeRule.java:process(137)) - SCM in safe mode. Healthy pipelines reported count is 0, required healthy pipeline reported count is 1
2023-04-02 14:01:11,807 [EventQueue-OpenPipelineForHealthyPipelineSafeModeRule] INFO  safemode.SCMSafeModeManager (HealthyPipelineSafeModeRule.java:process(137)) - SCM in safe mode. Healthy pipelines reported count is 0, required healthy pipeline reported count is 1
2023-04-02 14:01:11,914 [EventQueue-OpenPipelineForHealthyPipelineSafeModeRule] INFO  safemode.SCMSafeModeManager (HealthyPipelineSafeModeRule.java:process(137)) - SCM in safe mode. Healthy pipelines reported count is 0, required healthy pipeline reported count is 1
2023-04-02 14:01:11,915 [EventQueue-OpenPipelineForHealthyPipelineSafeModeRule] INFO  safemode.SCMSafeModeManager (HealthyPipelineSafeModeRule.java:process(137)) - SCM in safe mode. Healthy pipelines reported count is 0, required healthy pipeline reported count is 1
2023-04-02 14:01:12,007 [EventQueue-OpenPipelineForHealthyPipelineSafeModeRule] INFO  safemode.SCMSafeModeManager (HealthyPipelineSafeModeRule.java:process(137)) - SCM in safe mode. Healthy pipelines reported count is 0, required healthy pipeline reported count is 1
2023-04-02 14:01:12,207 [EventQueue-OpenPipelineForHealthyPipelineSafeModeRule] INFO  safemode.SCMSafeModeManager (HealthyPipelineSafeModeRule.java:process(137)) - SCM in safe mode. Healthy pipelines reported count is 0, required healthy pipeline reported count is 1
2023-04-02 14:01:12,309 [Listener at 127.0.0.1/38335] INFO  ozone.MiniOzoneClusterImpl (MiniOzoneClusterImpl.java:lambda$waitForClusterToBeReady$0(222)) - Nodes are ready. Got 3 of 3 DN Heartbeats.
2023-04-02 14:01:12,309 [Listener at 127.0.0.1/38335] INFO  ozone.MiniOzoneClusterImpl (MiniOzoneClusterImpl.java:lambda$waitForClusterToBeReady$0(225)) - Waiting for cluster to exit safe mode
2023-04-02 14:01:12,309 [Listener at 127.0.0.1/38335] INFO  ozone.MiniOzoneClusterImpl (MiniOzoneClusterImpl.java:lambda$waitForClusterToBeReady$0(227)) - SCM became leader
2023-04-02 14:01:12,316 [EventQueue-OpenPipelineForHealthyPipelineSafeModeRule] INFO  safemode.SCMSafeModeManager (HealthyPipelineSafeModeRule.java:process(137)) - SCM in safe mode. Healthy pipelines reported count is 0, required healthy pipeline reported count is 1
2023-04-02 14:01:12,318 [EventQueue-OpenPipelineForHealthyPipelineSafeModeRule] INFO  safemode.SCMSafeModeManager (HealthyPipelineSafeModeRule.java:process(137)) - SCM in safe mode. Healthy pipelines reported count is 0, required healthy pipeline reported count is 1
2023-04-02 14:01:12,407 [EventQueue-OpenPipelineForHealthyPipelineSafeModeRule] INFO  safemode.SCMSafeModeManager (HealthyPipelineSafeModeRule.java:process(137)) - SCM in safe mode. Healthy pipelines reported count is 0, required healthy pipeline reported count is 1
2023-04-02 14:01:12,518 [EventQueue-OpenPipelineForHealthyPipelineSafeModeRule] INFO  safemode.SCMSafeModeManager (HealthyPipelineSafeModeRule.java:process(137)) - SCM in safe mode. Healthy pipelines reported count is 0, required healthy pipeline reported count is 1
2023-04-02 14:01:12,608 [EventQueue-OpenPipelineForHealthyPipelineSafeModeRule] INFO  safemode.SCMSafeModeManager (HealthyPipelineSafeModeRule.java:process(137)) - SCM in safe mode. Healthy pipelines reported count is 0, required healthy pipeline reported count is 1
2023-04-02 14:01:12,716 [EventQueue-OpenPipelineForHealthyPipelineSafeModeRule] INFO  safemode.SCMSafeModeManager (HealthyPipelineSafeModeRule.java:process(137)) - SCM in safe mode. Healthy pipelines reported count is 0, required healthy pipeline reported count is 1
2023-04-02 14:01:12,718 [EventQueue-OpenPipelineForHealthyPipelineSafeModeRule] INFO  safemode.SCMSafeModeManager (HealthyPipelineSafeModeRule.java:process(137)) - SCM in safe mode. Healthy pipelines reported count is 0, required healthy pipeline reported count is 1
2023-04-02 14:01:12,918 [EventQueue-OpenPipelineForHealthyPipelineSafeModeRule] INFO  safemode.SCMSafeModeManager (HealthyPipelineSafeModeRule.java:process(137)) - SCM in safe mode. Healthy pipelines reported count is 0, required healthy pipeline reported count is 1
2023-04-02 14:01:13,007 [EventQueue-OpenPipelineForHealthyPipelineSafeModeRule] INFO  safemode.SCMSafeModeManager (HealthyPipelineSafeModeRule.java:process(137)) - SCM in safe mode. Healthy pipelines reported count is 0, required healthy pipeline reported count is 1
2023-04-02 14:01:13,117 [EventQueue-OpenPipelineForHealthyPipelineSafeModeRule] INFO  safemode.SCMSafeModeManager (HealthyPipelineSafeModeRule.java:process(137)) - SCM in safe mode. Healthy pipelines reported count is 0, required healthy pipeline reported count is 1
2023-04-02 14:01:13,118 [EventQueue-OpenPipelineForHealthyPipelineSafeModeRule] INFO  safemode.SCMSafeModeManager (HealthyPipelineSafeModeRule.java:process(137)) - SCM in safe mode. Healthy pipelines reported count is 0, required healthy pipeline reported count is 1
2023-04-02 14:01:13,206 [EventQueue-OpenPipelineForHealthyPipelineSafeModeRule] INFO  safemode.SCMSafeModeManager (HealthyPipelineSafeModeRule.java:process(137)) - SCM in safe mode. Healthy pipelines reported count is 0, required healthy pipeline reported count is 1
2023-04-02 14:01:13,309 [Listener at 127.0.0.1/38335] INFO  ozone.MiniOzoneClusterImpl (MiniOzoneClusterImpl.java:lambda$waitForClusterToBeReady$0(222)) - Nodes are ready. Got 3 of 3 DN Heartbeats.
2023-04-02 14:01:13,310 [Listener at 127.0.0.1/38335] INFO  ozone.MiniOzoneClusterImpl (MiniOzoneClusterImpl.java:lambda$waitForClusterToBeReady$0(225)) - Waiting for cluster to exit safe mode
2023-04-02 14:01:13,310 [Listener at 127.0.0.1/38335] INFO  ozone.MiniOzoneClusterImpl (MiniOzoneClusterImpl.java:lambda$waitForClusterToBeReady$0(227)) - SCM became leader
2023-04-02 14:01:13,407 [EventQueue-OpenPipelineForHealthyPipelineSafeModeRule] INFO  safemode.SCMSafeModeManager (HealthyPipelineSafeModeRule.java:process(137)) - SCM in safe mode. Healthy pipelines reported count is 0, required healthy pipeline reported count is 1
2023-04-02 14:01:13,521 [EventQueue-OpenPipelineForHealthyPipelineSafeModeRule] INFO  safemode.SCMSafeModeManager (HealthyPipelineSafeModeRule.java:process(137)) - SCM in safe mode. Healthy pipelines reported count is 0, required healthy pipeline reported count is 1
2023-04-02 14:01:13,521 [EventQueue-OpenPipelineForHealthyPipelineSafeModeRule] INFO  safemode.SCMSafeModeManager (HealthyPipelineSafeModeRule.java:process(137)) - SCM in safe mode. Healthy pipelines reported count is 0, required healthy pipeline reported count is 1
2023-04-02 14:01:13,609 [EventQueue-OpenPipelineForHealthyPipelineSafeModeRule] INFO  safemode.SCMSafeModeManager (HealthyPipelineSafeModeRule.java:process(137)) - SCM in safe mode. Healthy pipelines reported count is 0, required healthy pipeline reported count is 1
2023-04-02 14:01:13,720 [EventQueue-OpenPipelineForHealthyPipelineSafeModeRule] INFO  safemode.SCMSafeModeManager (HealthyPipelineSafeModeRule.java:process(137)) - SCM in safe mode. Healthy pipelines reported count is 0, required healthy pipeline reported count is 1
2023-04-02 14:01:13,810 [EventQueue-OpenPipelineForHealthyPipelineSafeModeRule] INFO  safemode.SCMSafeModeManager (HealthyPipelineSafeModeRule.java:process(137)) - SCM in safe mode. Healthy pipelines reported count is 0, required healthy pipeline reported count is 1
2023-04-02 14:01:13,918 [EventQueue-OpenPipelineForHealthyPipelineSafeModeRule] INFO  safemode.SCMSafeModeManager (HealthyPipelineSafeModeRule.java:process(137)) - SCM in safe mode. Healthy pipelines reported count is 0, required healthy pipeline reported count is 1
2023-04-02 14:01:13,919 [EventQueue-OpenPipelineForHealthyPipelineSafeModeRule] INFO  safemode.SCMSafeModeManager (HealthyPipelineSafeModeRule.java:process(137)) - SCM in safe mode. Healthy pipelines reported count is 0, required healthy pipeline reported count is 1
2023-04-02 14:01:14,010 [EventQueue-OpenPipelineForHealthyPipelineSafeModeRule] INFO  safemode.SCMSafeModeManager (HealthyPipelineSafeModeRule.java:process(137)) - SCM in safe mode. Healthy pipelines reported count is 0, required healthy pipeline reported count is 1
2023-04-02 14:01:14,119 [EventQueue-OpenPipelineForHealthyPipelineSafeModeRule] INFO  safemode.SCMSafeModeManager (HealthyPipelineSafeModeRule.java:process(137)) - SCM in safe mode. Healthy pipelines reported count is 0, required healthy pipeline reported count is 1
2023-04-02 14:01:14,210 [EventQueue-OpenPipelineForHealthyPipelineSafeModeRule] INFO  safemode.SCMSafeModeManager (HealthyPipelineSafeModeRule.java:process(137)) - SCM in safe mode. Healthy pipelines reported count is 0, required healthy pipeline reported count is 1
2023-04-02 14:01:14,310 [Listener at 127.0.0.1/38335] INFO  ozone.MiniOzoneClusterImpl (MiniOzoneClusterImpl.java:lambda$waitForClusterToBeReady$0(222)) - Nodes are ready. Got 3 of 3 DN Heartbeats.
2023-04-02 14:01:14,310 [Listener at 127.0.0.1/38335] INFO  ozone.MiniOzoneClusterImpl (MiniOzoneClusterImpl.java:lambda$waitForClusterToBeReady$0(225)) - Waiting for cluster to exit safe mode
2023-04-02 14:01:14,310 [Listener at 127.0.0.1/38335] INFO  ozone.MiniOzoneClusterImpl (MiniOzoneClusterImpl.java:lambda$waitForClusterToBeReady$0(227)) - SCM became leader
2023-04-02 14:01:14,318 [EventQueue-OpenPipelineForHealthyPipelineSafeModeRule] INFO  safemode.SCMSafeModeManager (HealthyPipelineSafeModeRule.java:process(137)) - SCM in safe mode. Healthy pipelines reported count is 0, required healthy pipeline reported count is 1
2023-04-02 14:01:14,319 [EventQueue-OpenPipelineForHealthyPipelineSafeModeRule] INFO  safemode.SCMSafeModeManager (HealthyPipelineSafeModeRule.java:process(137)) - SCM in safe mode. Healthy pipelines reported count is 0, required healthy pipeline reported count is 1
2023-04-02 14:01:14,410 [EventQueue-OpenPipelineForHealthyPipelineSafeModeRule] INFO  safemode.SCMSafeModeManager (HealthyPipelineSafeModeRule.java:process(137)) - SCM in safe mode. Healthy pipelines reported count is 0, required healthy pipeline reported count is 1
2023-04-02 14:01:14,611 [EventQueue-OpenPipelineForHealthyPipelineSafeModeRule] INFO  safemode.SCMSafeModeManager (HealthyPipelineSafeModeRule.java:process(137)) - SCM in safe mode. Healthy pipelines reported count is 0, required healthy pipeline reported count is 1
2023-04-02 14:01:14,718 [EventQueue-OpenPipelineForHealthyPipelineSafeModeRule] INFO  safemode.SCMSafeModeManager (HealthyPipelineSafeModeRule.java:process(137)) - SCM in safe mode. Healthy pipelines reported count is 0, required healthy pipeline reported count is 1
2023-04-02 14:01:14,720 [EventQueue-OpenPipelineForHealthyPipelineSafeModeRule] INFO  safemode.SCMSafeModeManager (HealthyPipelineSafeModeRule.java:process(137)) - SCM in safe mode. Healthy pipelines reported count is 0, required healthy pipeline reported count is 1
2023-04-02 14:01:14,810 [EventQueue-OpenPipelineForHealthyPipelineSafeModeRule] INFO  safemode.SCMSafeModeManager (HealthyPipelineSafeModeRule.java:process(137)) - SCM in safe mode. Healthy pipelines reported count is 0, required healthy pipeline reported count is 1
2023-04-02 14:01:14,919 [EventQueue-OpenPipelineForHealthyPipelineSafeModeRule] INFO  safemode.SCMSafeModeManager (HealthyPipelineSafeModeRule.java:process(137)) - SCM in safe mode. Healthy pipelines reported count is 0, required healthy pipeline reported count is 1
2023-04-02 14:01:15,118 [EventQueue-OpenPipelineForHealthyPipelineSafeModeRule] INFO  safemode.SCMSafeModeManager (HealthyPipelineSafeModeRule.java:process(137)) - SCM in safe mode. Healthy pipelines reported count is 0, required healthy pipeline reported count is 1
2023-04-02 14:01:15,120 [EventQueue-OpenPipelineForHealthyPipelineSafeModeRule] INFO  safemode.SCMSafeModeManager (HealthyPipelineSafeModeRule.java:process(137)) - SCM in safe mode. Healthy pipelines reported count is 0, required healthy pipeline reported count is 1
2023-04-02 14:01:15,210 [EventQueue-OpenPipelineForHealthyPipelineSafeModeRule] INFO  safemode.SCMSafeModeManager (HealthyPipelineSafeModeRule.java:process(137)) - SCM in safe mode. Healthy pipelines reported count is 0, required healthy pipeline reported count is 1
2023-04-02 14:01:15,256 [4c149094-c8c7-466f-8837-6623514047e5@group-CC016F32AA57-FollowerState] INFO  impl.FollowerState (FollowerState.java:run(143)) - 4c149094-c8c7-466f-8837-6623514047e5@group-CC016F32AA57-FollowerState: change to CANDIDATE, lastRpcElapsedTime:5045162994ns, electionTimeout:5043ms
2023-04-02 14:01:15,256 [4c149094-c8c7-466f-8837-6623514047e5@group-CC016F32AA57-FollowerState] INFO  impl.RoleInfo (RoleInfo.java:shutdownFollowerState(110)) - 4c149094-c8c7-466f-8837-6623514047e5: shutdown 4c149094-c8c7-466f-8837-6623514047e5@group-CC016F32AA57-FollowerState
2023-04-02 14:01:15,256 [4c149094-c8c7-466f-8837-6623514047e5@group-CC016F32AA57-FollowerState] INFO  server.RaftServer$Division (RaftServerImpl.java:setRole(321)) - 4c149094-c8c7-466f-8837-6623514047e5@group-CC016F32AA57: changes role from  FOLLOWER to CANDIDATE at term 0 for changeToCandidate
2023-04-02 14:01:15,257 [4c149094-c8c7-466f-8837-6623514047e5@group-CC016F32AA57-FollowerState] INFO  server.RaftServerConfigKeys (ConfUtils.java:logGet(46)) - raft.server.leaderelection.pre-vote = true (default)
2023-04-02 14:01:15,257 [4c149094-c8c7-466f-8837-6623514047e5@group-CC016F32AA57-FollowerState] INFO  impl.RoleInfo (RoleInfo.java:updateAndGet(139)) - 4c149094-c8c7-466f-8837-6623514047e5: start 4c149094-c8c7-466f-8837-6623514047e5@group-CC016F32AA57-LeaderElection2
2023-04-02 14:01:15,259 [4c149094-c8c7-466f-8837-6623514047e5@group-CC016F32AA57-LeaderElection2] INFO  impl.LeaderElection (LeaderElection.java:askForVotes(312)) - 4c149094-c8c7-466f-8837-6623514047e5@group-CC016F32AA57-LeaderElection2 PRE_VOTE round 0: submit vote requests at term 0 for -1: peers:[4c149094-c8c7-466f-8837-6623514047e5|rpc:10.1.0.35:43877|dataStream:10.1.0.35:38539|priority:1|startupRole:FOLLOWER]|listeners:[], old=null
2023-04-02 14:01:15,259 [4c149094-c8c7-466f-8837-6623514047e5@group-CC016F32AA57-LeaderElection2] INFO  impl.LeaderElection (LeaderElection.java:askForVotes(314)) - 4c149094-c8c7-466f-8837-6623514047e5@group-CC016F32AA57-LeaderElection2 PRE_VOTE round 0: result PASSED (term=0)
2023-04-02 14:01:15,261 [4c149094-c8c7-466f-8837-6623514047e5@group-CC016F32AA57-LeaderElection2] INFO  impl.LeaderElection (LeaderElection.java:askForVotes(312)) - 4c149094-c8c7-466f-8837-6623514047e5@group-CC016F32AA57-LeaderElection2 ELECTION round 0: submit vote requests at term 1 for -1: peers:[4c149094-c8c7-466f-8837-6623514047e5|rpc:10.1.0.35:43877|dataStream:10.1.0.35:38539|priority:1|startupRole:FOLLOWER]|listeners:[], old=null
2023-04-02 14:01:15,261 [4c149094-c8c7-466f-8837-6623514047e5@group-CC016F32AA57-LeaderElection2] INFO  impl.LeaderElection (LeaderElection.java:askForVotes(314)) - 4c149094-c8c7-466f-8837-6623514047e5@group-CC016F32AA57-LeaderElection2 ELECTION round 0: result PASSED (term=1)
2023-04-02 14:01:15,261 [4c149094-c8c7-466f-8837-6623514047e5@group-CC016F32AA57-LeaderElection2] INFO  impl.RoleInfo (RoleInfo.java:shutdownLeaderElection(130)) - 4c149094-c8c7-466f-8837-6623514047e5: shutdown 4c149094-c8c7-466f-8837-6623514047e5@group-CC016F32AA57-LeaderElection2
2023-04-02 14:01:15,261 [4c149094-c8c7-466f-8837-6623514047e5@group-CC016F32AA57-LeaderElection2] INFO  server.RaftServer$Division (RaftServerImpl.java:setRole(321)) - 4c149094-c8c7-466f-8837-6623514047e5@group-CC016F32AA57: changes role from CANDIDATE to LEADER at term 1 for changeToLeader
2023-04-02 14:01:15,262 [4c149094-c8c7-466f-8837-6623514047e5@group-CC016F32AA57-LeaderElection2] INFO  ratis.XceiverServerRatis (XceiverServerRatis.java:handleLeaderChangedNotification(904)) - Leader change notification received for group: group-CC016F32AA57 with new leaderId: 4c149094-c8c7-466f-8837-6623514047e5
2023-04-02 14:01:15,262 [4c149094-c8c7-466f-8837-6623514047e5@group-CC016F32AA57-LeaderElection2] INFO  server.RaftServer$Division (ServerState.java:setLeader(313)) - 4c149094-c8c7-466f-8837-6623514047e5@group-CC016F32AA57: change Leader from null to 4c149094-c8c7-466f-8837-6623514047e5 at term 1 for becomeLeader, leader elected after 5096ms
2023-04-02 14:01:15,262 [4c149094-c8c7-466f-8837-6623514047e5@group-CC016F32AA57-LeaderElection2] INFO  server.RaftServerConfigKeys (ConfUtils.java:logGet(46)) - raft.server.staging.catchup.gap = 1000 (default)
2023-04-02 14:01:15,262 [4c149094-c8c7-466f-8837-6623514047e5@group-CC016F32AA57-LeaderElection2] INFO  server.RaftServerConfigKeys (ConfUtils.java:logGet(46)) - raft.server.write.element-limit = 1024 (custom)
2023-04-02 14:01:15,262 [4c149094-c8c7-466f-8837-6623514047e5@group-CC016F32AA57-LeaderElection2] INFO  server.RaftServerConfigKeys (ConfUtils.java:logGet(46)) - raft.server.write.byte-limit = 1024 M (=1073741824) (custom)
2023-04-02 14:01:15,264 [EventQueue-OpenPipelineForHealthyPipelineSafeModeRule] INFO  safemode.SCMSafeModeManager (HealthyPipelineSafeModeRule.java:process(137)) - SCM in safe mode. Healthy pipelines reported count is 0, required healthy pipeline reported count is 1
2023-04-02 14:01:15,265 [4c149094-c8c7-466f-8837-6623514047e5@group-CC016F32AA57-LeaderElection2] INFO  server.RaftServerConfigKeys (ConfUtils.java:logGet(46)) - raft.server.watch.timeout = 10000ms (default)
2023-04-02 14:01:15,265 [4c149094-c8c7-466f-8837-6623514047e5@group-CC016F32AA57-LeaderElection2] INFO  server.RaftServerConfigKeys (ConfUtils.java:logGet(46)) - raft.server.watch.timeout.denomination = 1s (default)
2023-04-02 14:01:15,265 [4c149094-c8c7-466f-8837-6623514047e5@group-CC016F32AA57-LeaderElection2] INFO  server.RaftServerConfigKeys (ConfUtils.java:logGet(46)) - raft.server.watch.element-limit = 65536 (default)
2023-04-02 14:01:15,266 [4c149094-c8c7-466f-8837-6623514047e5@group-CC016F32AA57-LeaderElection2] INFO  server.RaftServerConfigKeys (ConfUtils.java:logGet(46)) - raft.server.write.element-limit = 1024 (custom)
2023-04-02 14:01:15,266 [4c149094-c8c7-466f-8837-6623514047e5@group-CC016F32AA57-LeaderElection2] INFO  server.RaftServerConfigKeys (ConfUtils.java:logGet(46)) - raft.server.write.follower.gap.ratio.max = -1.0 (default)
2023-04-02 14:01:15,266 [4c149094-c8c7-466f-8837-6623514047e5@group-CC016F32AA57-LeaderElection2] INFO  impl.RoleInfo (RoleInfo.java:updateAndGet(139)) - 4c149094-c8c7-466f-8837-6623514047e5: start 4c149094-c8c7-466f-8837-6623514047e5@group-CC016F32AA57-LeaderStateImpl
2023-04-02 14:01:15,266 [4c149094-c8c7-466f-8837-6623514047e5@group-CC016F32AA57-LeaderElection2] INFO  segmented.SegmentedRaftLogWorker (SegmentedRaftLogWorker.java:startLogSegment(452)) - 4c149094-c8c7-466f-8837-6623514047e5@group-CC016F32AA57-SegmentedRaftLogWorker: Starting segment from index:0
2023-04-02 14:01:15,268 [4c149094-c8c7-466f-8837-6623514047e5@group-CC016F32AA57-LeaderElection2] INFO  server.RaftServer$Division (ServerState.java:setRaftConf(430)) - 4c149094-c8c7-466f-8837-6623514047e5@group-CC016F32AA57: set configuration 0: peers:[4c149094-c8c7-466f-8837-6623514047e5|rpc:10.1.0.35:43877|dataStream:10.1.0.35:38539|priority:1|startupRole:FOLLOWER]|listeners:[], old=null
2023-04-02 14:01:15,269 [4c149094-c8c7-466f-8837-6623514047e5@group-CC016F32AA57-SegmentedRaftLogWorker] INFO  segmented.SegmentedRaftLogWorker (SegmentedRaftLogWorker.java:execute(656)) - 4c149094-c8c7-466f-8837-6623514047e5@group-CC016F32AA57-SegmentedRaftLogWorker: created new log segment /home/runner/work/ozone/ozone/hadoop-ozone/integration-test/target/test-dir/MiniOzoneClusterImpl-e08b4ded-cf26-487b-9197-20d38c9ee5c1/datanode-0/data/ratis/b50ed1b4-ccbe-4bc9-9c34-cc016f32aa57/current/log_inprogress_0
2023-04-02 14:01:15,271 [4c149094-c8c7-466f-8837-6623514047e5@group-CC016F32AA57-StateMachineUpdater] INFO  ratis.ContainerStateMachine (ContainerStateMachine.java:takeSnapshot(330)) - group-CC016F32AA57: Taking a snapshot at:(t:1, i:0) file /home/runner/work/ozone/ozone/hadoop-ozone/integration-test/target/test-dir/MiniOzoneClusterImpl-e08b4ded-cf26-487b-9197-20d38c9ee5c1/datanode-0/data/ratis/b50ed1b4-ccbe-4bc9-9c34-cc016f32aa57/sm/snapshot.1_0
2023-04-02 14:01:15,309 [4c149094-c8c7-466f-8837-6623514047e5@group-CC016F32AA57-StateMachineUpdater] INFO  ratis.ContainerStateMachine (ContainerStateMachine.java:takeSnapshot(341)) - group-CC016F32AA57: Finished taking a snapshot at:(t:1, i:0) file:/home/runner/work/ozone/ozone/hadoop-ozone/integration-test/target/test-dir/MiniOzoneClusterImpl-e08b4ded-cf26-487b-9197-20d38c9ee5c1/datanode-0/data/ratis/b50ed1b4-ccbe-4bc9-9c34-cc016f32aa57/sm/snapshot.1_0 took: 38 ms
2023-04-02 14:01:15,310 [Listener at 127.0.0.1/38335] INFO  ozone.MiniOzoneClusterImpl (MiniOzoneClusterImpl.java:lambda$waitForClusterToBeReady$0(222)) - Nodes are ready. Got 3 of 3 DN Heartbeats.
2023-04-02 14:01:15,310 [Listener at 127.0.0.1/38335] INFO  ozone.MiniOzoneClusterImpl (MiniOzoneClusterImpl.java:lambda$waitForClusterToBeReady$0(225)) - Waiting for cluster to exit safe mode
2023-04-02 14:01:15,310 [Listener at 127.0.0.1/38335] INFO  ozone.MiniOzoneClusterImpl (MiniOzoneClusterImpl.java:lambda$waitForClusterToBeReady$0(227)) - SCM became leader
2023-04-02 14:01:15,311 [4c149094-c8c7-466f-8837-6623514047e5@group-CC016F32AA57-StateMachineUpdater] INFO  impl.StateMachineUpdater (StateMachineUpdater.java:takeSnapshot(287)) - 4c149094-c8c7-466f-8837-6623514047e5@group-CC016F32AA57-StateMachineUpdater: Took a snapshot at index 0
2023-04-02 14:01:15,311 [4c149094-c8c7-466f-8837-6623514047e5@group-CC016F32AA57-StateMachineUpdater] INFO  impl.StateMachineUpdater (StateMachineUpdater.java:lambda$new$0(92)) - 4c149094-c8c7-466f-8837-6623514047e5@group-CC016F32AA57-StateMachineUpdater: snapshotIndex: updateIncreasingly -1 -> 0
2023-04-02 14:01:15,381 [4c149094-c8c7-466f-8837-6623514047e5@group-4EDD817D868A-FollowerState] INFO  impl.FollowerState (FollowerState.java:run(143)) - 4c149094-c8c7-466f-8837-6623514047e5@group-4EDD817D868A-FollowerState: change to CANDIDATE, lastRpcElapsedTime:5117839823ns, electionTimeout:5104ms
2023-04-02 14:01:15,382 [4c149094-c8c7-466f-8837-6623514047e5@group-4EDD817D868A-FollowerState] INFO  impl.RoleInfo (RoleInfo.java:shutdownFollowerState(110)) - 4c149094-c8c7-466f-8837-6623514047e5: shutdown 4c149094-c8c7-466f-8837-6623514047e5@group-4EDD817D868A-FollowerState
2023-04-02 14:01:15,382 [4c149094-c8c7-466f-8837-6623514047e5@group-4EDD817D868A-FollowerState] INFO  server.RaftServer$Division (RaftServerImpl.java:setRole(321)) - 4c149094-c8c7-466f-8837-6623514047e5@group-4EDD817D868A: changes role from  FOLLOWER to CANDIDATE at term 0 for changeToCandidate
2023-04-02 14:01:15,388 [4c149094-c8c7-466f-8837-6623514047e5@group-4EDD817D868A-FollowerState] INFO  server.RaftServerConfigKeys (ConfUtils.java:logGet(46)) - raft.server.leaderelection.pre-vote = true (default)
2023-04-02 14:01:15,389 [4c149094-c8c7-466f-8837-6623514047e5@group-4EDD817D868A-FollowerState] INFO  impl.RoleInfo (RoleInfo.java:updateAndGet(139)) - 4c149094-c8c7-466f-8837-6623514047e5: start 4c149094-c8c7-466f-8837-6623514047e5@group-4EDD817D868A-LeaderElection3
2023-04-02 14:01:15,391 [4c149094-c8c7-466f-8837-6623514047e5@group-4EDD817D868A-LeaderElection3] INFO  impl.LeaderElection (LeaderElection.java:askForVotes(312)) - 4c149094-c8c7-466f-8837-6623514047e5@group-4EDD817D868A-LeaderElection3 PRE_VOTE round 0: submit vote requests at term 0 for -1: peers:[4c149094-c8c7-466f-8837-6623514047e5|rpc:10.1.0.35:43877|dataStream:10.1.0.35:38539|priority:0|startupRole:FOLLOWER, ef7b62c9-01e2-453f-9d3f-9e9ef16e062c|rpc:10.1.0.35:38491|dataStream:10.1.0.35:45283|priority:0|startupRole:FOLLOWER, 04d213b6-f61d-4fba-9596-1d72c738ecbb|rpc:10.1.0.35:45029|dataStream:10.1.0.35:40503|priority:1|startupRole:FOLLOWER]|listeners:[], old=null
2023-04-02 14:01:15,397 [4c149094-c8c7-466f-8837-6623514047e5@group-4EDD817D868A-LeaderElection3] INFO  server.RaftServerConfigKeys (ConfUtils.java:logFallback(53)) - raft.server.rpc.first-election.timeout.min = 5s (fallback to raft.server.rpc.timeout.min)
2023-04-02 14:01:15,397 [4c149094-c8c7-466f-8837-6623514047e5@group-4EDD817D868A-LeaderElection3] INFO  server.RaftServerConfigKeys (ConfUtils.java:logFallback(53)) - raft.server.rpc.first-election.timeout.max = 5200ms (fallback to raft.server.rpc.timeout.max)
2023-04-02 14:01:15,397 [4c149094-c8c7-466f-8837-6623514047e5@group-4EDD817D868A-LeaderElection3-1] INFO  server.GrpcServerProtocolClient (GrpcServerProtocolClient.java:<init>(63)) - Build channel for ef7b62c9-01e2-453f-9d3f-9e9ef16e062c
2023-04-02 14:01:15,400 [4c149094-c8c7-466f-8837-6623514047e5@group-4EDD817D868A-LeaderElection3-2] INFO  server.GrpcServerProtocolClient (GrpcServerProtocolClient.java:<init>(63)) - Build channel for 04d213b6-f61d-4fba-9596-1d72c738ecbb
2023-04-02 14:01:15,415 [EventQueue-OpenPipelineForHealthyPipelineSafeModeRule] INFO  safemode.SCMSafeModeManager (HealthyPipelineSafeModeRule.java:process(137)) - SCM in safe mode. Healthy pipelines reported count is 0, required healthy pipeline reported count is 1
2023-04-02 14:01:15,426 [grpc-default-executor-2] INFO  server.RaftServer$Division (RaftServerImpl.java:requestVote(1218)) - ef7b62c9-01e2-453f-9d3f-9e9ef16e062c@group-4EDD817D868A: receive requestVote(PRE_VOTE, 4c149094-c8c7-466f-8837-6623514047e5, group-4EDD817D868A, 0, (t:0, i:0))
2023-04-02 14:01:15,429 [grpc-default-executor-2] INFO  impl.VoteContext (VoteContext.java:log(49)) - ef7b62c9-01e2-453f-9d3f-9e9ef16e062c@group-4EDD817D868A-FOLLOWER: accept PRE_VOTE from 4c149094-c8c7-466f-8837-6623514047e5: our priority 0 <= candidate's priority 0
2023-04-02 14:01:15,432 [grpc-default-executor-1] INFO  server.RaftServer$Division (RaftServerImpl.java:requestVote(1218)) - 04d213b6-f61d-4fba-9596-1d72c738ecbb@group-4EDD817D868A: receive requestVote(PRE_VOTE, 4c149094-c8c7-466f-8837-6623514047e5, group-4EDD817D868A, 0, (t:0, i:0))
2023-04-02 14:01:15,432 [grpc-default-executor-1] INFO  impl.VoteContext (VoteContext.java:log(49)) - 04d213b6-f61d-4fba-9596-1d72c738ecbb@group-4EDD817D868A-FOLLOWER: reject PRE_VOTE from 4c149094-c8c7-466f-8837-6623514047e5: our priority 1 > candidate's priority 0
2023-04-02 14:01:15,434 [grpc-default-executor-2] INFO  server.RaftServer$Division (RaftServerImpl.java:requestVote(1251)) - ef7b62c9-01e2-453f-9d3f-9e9ef16e062c@group-4EDD817D868A replies to PRE_VOTE vote request: 4c149094-c8c7-466f-8837-6623514047e5<-ef7b62c9-01e2-453f-9d3f-9e9ef16e062c#0:OK-t0. Peer's state: ef7b62c9-01e2-453f-9d3f-9e9ef16e062c@group-4EDD817D868A:t0, leader=null, voted=, raftlog=Memoized:ef7b62c9-01e2-453f-9d3f-9e9ef16e062c@group-4EDD817D868A-SegmentedRaftLog:OPENED:c-1, conf=-1: peers:[4c149094-c8c7-466f-8837-6623514047e5|rpc:10.1.0.35:43877|dataStream:10.1.0.35:38539|priority:0|startupRole:FOLLOWER, ef7b62c9-01e2-453f-9d3f-9e9ef16e062c|rpc:10.1.0.35:38491|dataStream:10.1.0.35:45283|priority:0|startupRole:FOLLOWER, 04d213b6-f61d-4fba-9596-1d72c738ecbb|rpc:10.1.0.35:45029|dataStream:10.1.0.35:40503|priority:1|startupRole:FOLLOWER]|listeners:[], old=null
2023-04-02 14:01:15,434 [grpc-default-executor-1] INFO  server.RaftServer$Division (RaftServerImpl.java:requestVote(1251)) - 04d213b6-f61d-4fba-9596-1d72c738ecbb@group-4EDD817D868A replies to PRE_VOTE vote request: 4c149094-c8c7-466f-8837-6623514047e5<-04d213b6-f61d-4fba-9596-1d72c738ecbb#0:FAIL-t0. Peer's state: 04d213b6-f61d-4fba-9596-1d72c738ecbb@group-4EDD817D868A:t0, leader=null, voted=, raftlog=Memoized:04d213b6-f61d-4fba-9596-1d72c738ecbb@group-4EDD817D868A-SegmentedRaftLog:OPENED:c-1, conf=-1: peers:[4c149094-c8c7-466f-8837-6623514047e5|rpc:10.1.0.35:43877|dataStream:10.1.0.35:38539|priority:0|startupRole:FOLLOWER, ef7b62c9-01e2-453f-9d3f-9e9ef16e062c|rpc:10.1.0.35:38491|dataStream:10.1.0.35:45283|priority:0|startupRole:FOLLOWER, 04d213b6-f61d-4fba-9596-1d72c738ecbb|rpc:10.1.0.35:45029|dataStream:10.1.0.35:40503|priority:1|startupRole:FOLLOWER]|listeners:[], old=null
2023-04-02 14:01:15,441 [4c149094-c8c7-466f-8837-6623514047e5@group-4EDD817D868A-LeaderElection3] INFO  impl.LeaderElection (LeaderElection.java:logAndReturn(90)) - 4c149094-c8c7-466f-8837-6623514047e5@group-4EDD817D868A-LeaderElection3: PRE_VOTE REJECTED received 2 response(s) and 0 exception(s):
2023-04-02 14:01:15,441 [4c149094-c8c7-466f-8837-6623514047e5@group-4EDD817D868A-LeaderElection3] INFO  impl.LeaderElection (LeaderElection.java:logAndReturn(94)) -   Response 0: 4c149094-c8c7-466f-8837-6623514047e5<-ef7b62c9-01e2-453f-9d3f-9e9ef16e062c#0:OK-t0
2023-04-02 14:01:15,441 [4c149094-c8c7-466f-8837-6623514047e5@group-4EDD817D868A-LeaderElection3] INFO  impl.LeaderElection (LeaderElection.java:logAndReturn(94)) -   Response 1: 4c149094-c8c7-466f-8837-6623514047e5<-04d213b6-f61d-4fba-9596-1d72c738ecbb#0:FAIL-t0
2023-04-02 14:01:15,441 [4c149094-c8c7-466f-8837-6623514047e5@group-4EDD817D868A-LeaderElection3] INFO  impl.LeaderElection (LeaderElection.java:askForVotes(314)) - 4c149094-c8c7-466f-8837-6623514047e5@group-4EDD817D868A-LeaderElection3 PRE_VOTE round 0: result REJECTED
2023-04-02 14:01:15,442 [4c149094-c8c7-466f-8837-6623514047e5@group-4EDD817D868A-LeaderElection3] INFO  server.RaftServer$Division (RaftServerImpl.java:setRole(321)) - 4c149094-c8c7-466f-8837-6623514047e5@group-4EDD817D868A: changes role from CANDIDATE to FOLLOWER at term 0 for REJECTED
2023-04-02 14:01:15,442 [4c149094-c8c7-466f-8837-6623514047e5@group-4EDD817D868A-LeaderElection3] INFO  impl.RoleInfo (RoleInfo.java:shutdownLeaderElection(130)) - 4c149094-c8c7-466f-8837-6623514047e5: shutdown 4c149094-c8c7-466f-8837-6623514047e5@group-4EDD817D868A-LeaderElection3
2023-04-02 14:01:15,442 [4c149094-c8c7-466f-8837-6623514047e5@group-4EDD817D868A-LeaderElection3] INFO  impl.RoleInfo (RoleInfo.java:updateAndGet(139)) - 4c149094-c8c7-466f-8837-6623514047e5: start 4c149094-c8c7-466f-8837-6623514047e5@group-4EDD817D868A-FollowerState
2023-04-02 14:01:15,449 [4c149094-c8c7-466f-8837-6623514047e5@group-4EDD817D868A-FollowerState] INFO  server.RaftServerConfigKeys (ConfUtils.java:logFallback(53)) - raft.server.rpc.first-election.timeout.min = 5s (fallback to raft.server.rpc.timeout.min)
2023-04-02 14:01:15,452 [4c149094-c8c7-466f-8837-6623514047e5@group-4EDD817D868A-FollowerState] INFO  server.RaftServerConfigKeys (ConfUtils.java:logFallback(53)) - raft.server.rpc.first-election.timeout.max = 5200ms (fallback to raft.server.rpc.timeout.max)
2023-04-02 14:01:15,464 [EventQueue-OpenPipelineForHealthyPipelineSafeModeRule] INFO  safemode.SCMSafeModeManager (HealthyPipelineSafeModeRule.java:process(137)) - SCM in safe mode. Healthy pipelines reported count is 0, required healthy pipeline reported count is 1
2023-04-02 14:01:15,518 [EventQueue-OpenPipelineForHealthyPipelineSafeModeRule] INFO  safemode.SCMSafeModeManager (HealthyPipelineSafeModeRule.java:process(137)) - SCM in safe mode. Healthy pipelines reported count is 0, required healthy pipeline reported count is 1
2023-04-02 14:01:15,611 [EventQueue-OpenPipelineForHealthyPipelineSafeModeRule] INFO  safemode.SCMSafeModeManager (HealthyPipelineSafeModeRule.java:process(137)) - SCM in safe mode. Healthy pipelines reported count is 0, required healthy pipeline reported count is 1
2023-04-02 14:01:15,665 [EventQueue-OpenPipelineForHealthyPipelineSafeModeRule] INFO  safemode.SCMSafeModeManager (HealthyPipelineSafeModeRule.java:process(137)) - SCM in safe mode. Healthy pipelines reported count is 0, required healthy pipeline reported count is 1
2023-04-02 14:01:15,718 [EventQueue-OpenPipelineForHealthyPipelineSafeModeRule] INFO  safemode.SCMSafeModeManager (HealthyPipelineSafeModeRule.java:process(137)) - SCM in safe mode. Healthy pipelines reported count is 0, required healthy pipeline reported count is 1
2023-04-02 14:01:15,812 [EventQueue-OpenPipelineForHealthyPipelineSafeModeRule] INFO  safemode.SCMSafeModeManager (HealthyPipelineSafeModeRule.java:process(137)) - SCM in safe mode. Healthy pipelines reported count is 0, required healthy pipeline reported count is 1
2023-04-02 14:01:15,865 [EventQueue-OpenPipelineForHealthyPipelineSafeModeRule] INFO  safemode.SCMSafeModeManager (HealthyPipelineSafeModeRule.java:process(137)) - SCM in safe mode. Healthy pipelines reported count is 0, required healthy pipeline reported count is 1
2023-04-02 14:01:15,900 [04d213b6-f61d-4fba-9596-1d72c738ecbb@group-4EDD817D868A-FollowerState] INFO  impl.FollowerState (FollowerState.java:run(143)) - 04d213b6-f61d-4fba-9596-1d72c738ecbb@group-4EDD817D868A-FollowerState: change to CANDIDATE, lastRpcElapsedTime:5070235315ns, electionTimeout:5059ms
2023-04-02 14:01:15,900 [04d213b6-f61d-4fba-9596-1d72c738ecbb@group-4EDD817D868A-FollowerState] INFO  impl.RoleInfo (RoleInfo.java:shutdownFollowerState(110)) - 04d213b6-f61d-4fba-9596-1d72c738ecbb: shutdown 04d213b6-f61d-4fba-9596-1d72c738ecbb@group-4EDD817D868A-FollowerState
2023-04-02 14:01:15,900 [04d213b6-f61d-4fba-9596-1d72c738ecbb@group-4EDD817D868A-FollowerState] INFO  server.RaftServer$Division (RaftServerImpl.java:setRole(321)) - 04d213b6-f61d-4fba-9596-1d72c738ecbb@group-4EDD817D868A: changes role from  FOLLOWER to CANDIDATE at term 0 for changeToCandidate
2023-04-02 14:01:15,901 [04d213b6-f61d-4fba-9596-1d72c738ecbb@group-4EDD817D868A-FollowerState] INFO  server.RaftServerConfigKeys (ConfUtils.java:logGet(46)) - raft.server.leaderelection.pre-vote = true (default)
2023-04-02 14:01:15,901 [04d213b6-f61d-4fba-9596-1d72c738ecbb@group-4EDD817D868A-FollowerState] INFO  impl.RoleInfo (RoleInfo.java:updateAndGet(139)) - 04d213b6-f61d-4fba-9596-1d72c738ecbb: start 04d213b6-f61d-4fba-9596-1d72c738ecbb@group-4EDD817D868A-LeaderElection4
2023-04-02 14:01:15,908 [04d213b6-f61d-4fba-9596-1d72c738ecbb@group-4EDD817D868A-LeaderElection4] INFO  impl.LeaderElection (LeaderElection.java:askForVotes(312)) - 04d213b6-f61d-4fba-9596-1d72c738ecbb@group-4EDD817D868A-LeaderElection4 PRE_VOTE round 0: submit vote requests at term 0 for -1: peers:[4c149094-c8c7-466f-8837-6623514047e5|rpc:10.1.0.35:43877|dataStream:10.1.0.35:38539|priority:0|startupRole:FOLLOWER, ef7b62c9-01e2-453f-9d3f-9e9ef16e062c|rpc:10.1.0.35:38491|dataStream:10.1.0.35:45283|priority:0|startupRole:FOLLOWER, 04d213b6-f61d-4fba-9596-1d72c738ecbb|rpc:10.1.0.35:45029|dataStream:10.1.0.35:40503|priority:1|startupRole:FOLLOWER]|listeners:[], old=null
2023-04-02 14:01:15,908 [04d213b6-f61d-4fba-9596-1d72c738ecbb@group-4EDD817D868A-LeaderElection4-1] INFO  server.GrpcServerProtocolClient (GrpcServerProtocolClient.java:<init>(63)) - Build channel for 4c149094-c8c7-466f-8837-6623514047e5
2023-04-02 14:01:15,908 [04d213b6-f61d-4fba-9596-1d72c738ecbb@group-4EDD817D868A-LeaderElection4] INFO  server.RaftServerConfigKeys (ConfUtils.java:logFallback(53)) - raft.server.rpc.first-election.timeout.min = 5s (fallback to raft.server.rpc.timeout.min)
2023-04-02 14:01:15,912 [04d213b6-f61d-4fba-9596-1d72c738ecbb@group-4EDD817D868A-LeaderElection4-2] INFO  server.GrpcServerProtocolClient (GrpcServerProtocolClient.java:<init>(63)) - Build channel for ef7b62c9-01e2-453f-9d3f-9e9ef16e062c
2023-04-02 14:01:15,912 [04d213b6-f61d-4fba-9596-1d72c738ecbb@group-4EDD817D868A-LeaderElection4] INFO  server.RaftServerConfigKeys (ConfUtils.java:logFallback(53)) - raft.server.rpc.first-election.timeout.max = 5200ms (fallback to raft.server.rpc.timeout.max)
2023-04-02 14:01:15,915 [ef7b62c9-01e2-453f-9d3f-9e9ef16e062c@group-4EDD817D868A-FollowerState] INFO  server.RaftServerConfigKeys (ConfUtils.java:logFallback(53)) - raft.server.rpc.first-election.timeout.min = 5s (fallback to raft.server.rpc.timeout.min)
2023-04-02 14:01:15,915 [ef7b62c9-01e2-453f-9d3f-9e9ef16e062c@group-4EDD817D868A-FollowerState] INFO  server.RaftServerConfigKeys (ConfUtils.java:logFallback(53)) - raft.server.rpc.first-election.timeout.max = 5200ms (fallback to raft.server.rpc.timeout.max)
2023-04-02 14:01:15,935 [grpc-default-executor-1] INFO  server.RaftServer$Division (RaftServerImpl.java:requestVote(1218)) - ef7b62c9-01e2-453f-9d3f-9e9ef16e062c@group-4EDD817D868A: receive requestVote(PRE_VOTE, 04d213b6-f61d-4fba-9596-1d72c738ecbb, group-4EDD817D868A, 0, (t:0, i:0))
2023-04-02 14:01:15,935 [grpc-default-executor-1] INFO  impl.VoteContext (VoteContext.java:log(49)) - ef7b62c9-01e2-453f-9d3f-9e9ef16e062c@group-4EDD817D868A-FOLLOWER: accept PRE_VOTE from 04d213b6-f61d-4fba-9596-1d72c738ecbb: our priority 0 <= candidate's priority 1
2023-04-02 14:01:15,935 [grpc-default-executor-1] INFO  server.RaftServer$Division (RaftServerImpl.java:requestVote(1251)) - ef7b62c9-01e2-453f-9d3f-9e9ef16e062c@group-4EDD817D868A replies to PRE_VOTE vote request: 04d213b6-f61d-4fba-9596-1d72c738ecbb<-ef7b62c9-01e2-453f-9d3f-9e9ef16e062c#0:OK-t0. Peer's state: ef7b62c9-01e2-453f-9d3f-9e9ef16e062c@group-4EDD817D868A:t0, leader=null, voted=, raftlog=Memoized:ef7b62c9-01e2-453f-9d3f-9e9ef16e062c@group-4EDD817D868A-SegmentedRaftLog:OPENED:c-1, conf=-1: peers:[4c149094-c8c7-466f-8837-6623514047e5|rpc:10.1.0.35:43877|dataStream:10.1.0.35:38539|priority:0|startupRole:FOLLOWER, ef7b62c9-01e2-453f-9d3f-9e9ef16e062c|rpc:10.1.0.35:38491|dataStream:10.1.0.35:45283|priority:0|startupRole:FOLLOWER, 04d213b6-f61d-4fba-9596-1d72c738ecbb|rpc:10.1.0.35:45029|dataStream:10.1.0.35:40503|priority:1|startupRole:FOLLOWER]|listeners:[], old=null
2023-04-02 14:01:15,938 [grpc-default-executor-1] INFO  server.RaftServer$Division (RaftServerImpl.java:requestVote(1218)) - 4c149094-c8c7-466f-8837-6623514047e5@group-4EDD817D868A: receive requestVote(PRE_VOTE, 04d213b6-f61d-4fba-9596-1d72c738ecbb, group-4EDD817D868A, 0, (t:0, i:0))
2023-04-02 14:01:15,938 [grpc-default-executor-1] INFO  impl.VoteContext (VoteContext.java:log(49)) - 4c149094-c8c7-466f-8837-6623514047e5@group-4EDD817D868A-FOLLOWER: accept PRE_VOTE from 04d213b6-f61d-4fba-9596-1d72c738ecbb: our priority 0 <= candidate's priority 1
2023-04-02 14:01:15,938 [grpc-default-executor-1] INFO  server.RaftServer$Division (RaftServerImpl.java:requestVote(1251)) - 4c149094-c8c7-466f-8837-6623514047e5@group-4EDD817D868A replies to PRE_VOTE vote request: 04d213b6-f61d-4fba-9596-1d72c738ecbb<-4c149094-c8c7-466f-8837-6623514047e5#0:OK-t0. Peer's state: 4c149094-c8c7-466f-8837-6623514047e5@group-4EDD817D868A:t0, leader=null, voted=, raftlog=Memoized:4c149094-c8c7-466f-8837-6623514047e5@group-4EDD817D868A-SegmentedRaftLog:OPENED:c-1, conf=-1: peers:[4c149094-c8c7-466f-8837-6623514047e5|rpc:10.1.0.35:43877|dataStream:10.1.0.35:38539|priority:0|startupRole:FOLLOWER, ef7b62c9-01e2-453f-9d3f-9e9ef16e062c|rpc:10.1.0.35:38491|dataStream:10.1.0.35:45283|priority:0|startupRole:FOLLOWER, 04d213b6-f61d-4fba-9596-1d72c738ecbb|rpc:10.1.0.35:45029|dataStream:10.1.0.35:40503|priority:1|startupRole:FOLLOWER]|listeners:[], old=null
2023-04-02 14:01:15,940 [04d213b6-f61d-4fba-9596-1d72c738ecbb@group-4EDD817D868A-LeaderElection4] INFO  impl.LeaderElection (LeaderElection.java:logAndReturn(90)) - 04d213b6-f61d-4fba-9596-1d72c738ecbb@group-4EDD817D868A-LeaderElection4: PRE_VOTE PASSED received 1 response(s) and 0 exception(s):
2023-04-02 14:01:15,941 [04d213b6-f61d-4fba-9596-1d72c738ecbb@group-4EDD817D868A-LeaderElection4] INFO  impl.LeaderElection (LeaderElection.java:logAndReturn(94)) -   Response 0: 04d213b6-f61d-4fba-9596-1d72c738ecbb<-ef7b62c9-01e2-453f-9d3f-9e9ef16e062c#0:OK-t0
2023-04-02 14:01:15,941 [04d213b6-f61d-4fba-9596-1d72c738ecbb@group-4EDD817D868A-LeaderElection4] INFO  impl.LeaderElection (LeaderElection.java:askForVotes(314)) - 04d213b6-f61d-4fba-9596-1d72c738ecbb@group-4EDD817D868A-LeaderElection4 PRE_VOTE round 0: result PASSED
2023-04-02 14:01:15,942 [04d213b6-f61d-4fba-9596-1d72c738ecbb@group-B841435A94E4-FollowerState] INFO  impl.FollowerState (FollowerState.java:run(143)) - 04d213b6-f61d-4fba-9596-1d72c738ecbb@group-B841435A94E4-FollowerState: change to CANDIDATE, lastRpcElapsedTime:5161918915ns, electionTimeout:5144ms
2023-04-02 14:01:15,943 [04d213b6-f61d-4fba-9596-1d72c738ecbb@group-B841435A94E4-FollowerState] INFO  impl.RoleInfo (RoleInfo.java:shutdownFollowerState(110)) - 04d213b6-f61d-4fba-9596-1d72c738ecbb: shutdown 04d213b6-f61d-4fba-9596-1d72c738ecbb@group-B841435A94E4-FollowerState
2023-04-02 14:01:15,943 [04d213b6-f61d-4fba-9596-1d72c738ecbb@group-B841435A94E4-FollowerState] INFO  server.RaftServer$Division (RaftServerImpl.java:setRole(321)) - 04d213b6-f61d-4fba-9596-1d72c738ecbb@group-B841435A94E4: changes role from  FOLLOWER to CANDIDATE at term 0 for changeToCandidate
2023-04-02 14:01:15,946 [04d213b6-f61d-4fba-9596-1d72c738ecbb@group-B841435A94E4-FollowerState] INFO  server.RaftServerConfigKeys (ConfUtils.java:logGet(46)) - raft.server.leaderelection.pre-vote = true (default)
2023-04-02 14:01:15,946 [04d213b6-f61d-4fba-9596-1d72c738ecbb@group-B841435A94E4-FollowerState] INFO  impl.RoleInfo (RoleInfo.java:updateAndGet(139)) - 04d213b6-f61d-4fba-9596-1d72c738ecbb: start 04d213b6-f61d-4fba-9596-1d72c738ecbb@group-B841435A94E4-LeaderElection5
2023-04-02 14:01:15,948 [04d213b6-f61d-4fba-9596-1d72c738ecbb@group-4EDD817D868A-LeaderElection4] INFO  impl.LeaderElection (LeaderElection.java:askForVotes(312)) - 04d213b6-f61d-4fba-9596-1d72c738ecbb@group-4EDD817D868A-LeaderElection4 ELECTION round 0: submit vote requests at term 1 for -1: peers:[4c149094-c8c7-466f-8837-6623514047e5|rpc:10.1.0.35:43877|dataStream:10.1.0.35:38539|priority:0|startupRole:FOLLOWER, ef7b62c9-01e2-453f-9d3f-9e9ef16e062c|rpc:10.1.0.35:38491|dataStream:10.1.0.35:45283|priority:0|startupRole:FOLLOWER, 04d213b6-f61d-4fba-9596-1d72c738ecbb|rpc:10.1.0.35:45029|dataStream:10.1.0.35:40503|priority:1|startupRole:FOLLOWER]|listeners:[], old=null
2023-04-02 14:01:15,950 [04d213b6-f61d-4fba-9596-1d72c738ecbb@group-4EDD817D868A-LeaderElection4] INFO  server.RaftServerConfigKeys (ConfUtils.java:logFallback(53)) - raft.server.rpc.first-election.timeout.min = 5s (fallback to raft.server.rpc.timeout.min)
2023-04-02 14:01:15,950 [04d213b6-f61d-4fba-9596-1d72c738ecbb@group-4EDD817D868A-LeaderElection4] INFO  server.RaftServerConfigKeys (ConfUtils.java:logFallback(53)) - raft.server.rpc.first-election.timeout.max = 5200ms (fallback to raft.server.rpc.timeout.max)
2023-04-02 14:01:15,957 [04d213b6-f61d-4fba-9596-1d72c738ecbb@group-B841435A94E4-LeaderElection5] INFO  impl.LeaderElection (LeaderElection.java:askForVotes(312)) - 04d213b6-f61d-4fba-9596-1d72c738ecbb@group-B841435A94E4-LeaderElection5 PRE_VOTE round 0: submit vote requests at term 0 for -1: peers:[04d213b6-f61d-4fba-9596-1d72c738ecbb|rpc:10.1.0.35:45029|dataStream:10.1.0.35:40503|priority:1|startupRole:FOLLOWER]|listeners:[], old=null
2023-04-02 14:01:15,957 [04d213b6-f61d-4fba-9596-1d72c738ecbb@group-B841435A94E4-LeaderElection5] INFO  impl.LeaderElection (LeaderElection.java:askForVotes(314)) - 04d213b6-f61d-4fba-9596-1d72c738ecbb@group-B841435A94E4-LeaderElection5 PRE_VOTE round 0: result PASSED (term=0)
2023-04-02 14:01:15,957 [grpc-default-executor-1] INFO  server.RaftServer$Division (RaftServerImpl.java:requestVote(1218)) - 4c149094-c8c7-466f-8837-6623514047e5@group-4EDD817D868A: receive requestVote(ELECTION, 04d213b6-f61d-4fba-9596-1d72c738ecbb, group-4EDD817D868A, 1, (t:0, i:0))
2023-04-02 14:01:15,958 [grpc-default-executor-1] INFO  impl.VoteContext (VoteContext.java:log(49)) - 4c149094-c8c7-466f-8837-6623514047e5@group-4EDD817D868A-FOLLOWER: accept ELECTION from 04d213b6-f61d-4fba-9596-1d72c738ecbb: our priority 0 <= candidate's priority 1
2023-04-02 14:01:15,958 [grpc-default-executor-1] INFO  server.RaftServer$Division (RaftServerImpl.java:setRole(321)) - 4c149094-c8c7-466f-8837-6623514047e5@group-4EDD817D868A: changes role from  FOLLOWER to FOLLOWER at term 1 for candidate:04d213b6-f61d-4fba-9596-1d72c738ecbb
2023-04-02 14:01:15,960 [grpc-default-executor-1] INFO  impl.RoleInfo (RoleInfo.java:shutdownFollowerState(110)) - 4c149094-c8c7-466f-8837-6623514047e5: shutdown 4c149094-c8c7-466f-8837-6623514047e5@group-4EDD817D868A-FollowerState
2023-04-02 14:01:15,960 [grpc-default-executor-1] INFO  impl.RoleInfo (RoleInfo.java:updateAndGet(139)) - 4c149094-c8c7-466f-8837-6623514047e5: start 4c149094-c8c7-466f-8837-6623514047e5@group-4EDD817D868A-FollowerState
2023-04-02 14:01:15,960 [4c149094-c8c7-466f-8837-6623514047e5@group-4EDD817D868A-FollowerState] INFO  impl.FollowerState (FollowerState.java:run(152)) - 4c149094-c8c7-466f-8837-6623514047e5@group-4EDD817D868A-FollowerState was interrupted
2023-04-02 14:01:15,959 [04d213b6-f61d-4fba-9596-1d72c738ecbb@group-B841435A94E4-LeaderElection5] INFO  impl.LeaderElection (LeaderElection.java:askForVotes(312)) - 04d213b6-f61d-4fba-9596-1d72c738ecbb@group-B841435A94E4-LeaderElection5 ELECTION round 0: submit vote requests at term 1 for -1: peers:[04d213b6-f61d-4fba-9596-1d72c738ecbb|rpc:10.1.0.35:45029|dataStream:10.1.0.35:40503|priority:1|startupRole:FOLLOWER]|listeners:[], old=null
2023-04-02 14:01:15,961 [04d213b6-f61d-4fba-9596-1d72c738ecbb@group-B841435A94E4-LeaderElection5] INFO  impl.LeaderElection (LeaderElection.java:askForVotes(314)) - 04d213b6-f61d-4fba-9596-1d72c738ecbb@group-B841435A94E4-LeaderElection5 ELECTION round 0: result PASSED (term=1)
2023-04-02 14:01:15,961 [04d213b6-f61d-4fba-9596-1d72c738ecbb@group-B841435A94E4-LeaderElection5] INFO  impl.RoleInfo (RoleInfo.java:shutdownLeaderElection(130)) - 04d213b6-f61d-4fba-9596-1d72c738ecbb: shutdown 04d213b6-f61d-4fba-9596-1d72c738ecbb@group-B841435A94E4-LeaderElection5
2023-04-02 14:01:15,961 [04d213b6-f61d-4fba-9596-1d72c738ecbb@group-B841435A94E4-LeaderElection5] INFO  server.RaftServer$Division (RaftServerImpl.java:setRole(321)) - 04d213b6-f61d-4fba-9596-1d72c738ecbb@group-B841435A94E4: changes role from CANDIDATE to LEADER at term 1 for changeToLeader
2023-04-02 14:01:15,961 [04d213b6-f61d-4fba-9596-1d72c738ecbb@group-B841435A94E4-LeaderElection5] INFO  ratis.XceiverServerRatis (XceiverServerRatis.java:handleLeaderChangedNotification(904)) - Leader change notification received for group: group-B841435A94E4 with new leaderId: 04d213b6-f61d-4fba-9596-1d72c738ecbb
2023-04-02 14:01:15,966 [4c149094-c8c7-466f-8837-6623514047e5@group-4EDD817D868A-FollowerState] INFO  server.RaftServerConfigKeys (ConfUtils.java:logFallback(53)) - raft.server.rpc.first-election.timeout.min = 5s (fallback to raft.server.rpc.timeout.min)
2023-04-02 14:01:15,966 [4c149094-c8c7-466f-8837-6623514047e5@group-4EDD817D868A-FollowerState] INFO  server.RaftServerConfigKeys (ConfUtils.java:logFallback(53)) - raft.server.rpc.first-election.timeout.max = 5200ms (fallback to raft.server.rpc.timeout.max)
2023-04-02 14:01:15,967 [04d213b6-f61d-4fba-9596-1d72c738ecbb@group-B841435A94E4-LeaderElection5] INFO  server.RaftServer$Division (ServerState.java:setLeader(313)) - 04d213b6-f61d-4fba-9596-1d72c738ecbb@group-B841435A94E4: change Leader from null to 04d213b6-f61d-4fba-9596-1d72c738ecbb at term 1 for becomeLeader, leader elected after 5226ms
2023-04-02 14:01:15,967 [04d213b6-f61d-4fba-9596-1d72c738ecbb@group-B841435A94E4-LeaderElection5] INFO  server.RaftServerConfigKeys (ConfUtils.java:logGet(46)) - raft.server.staging.catchup.gap = 1000 (default)
2023-04-02 14:01:15,968 [grpc-default-executor-1] INFO  server.RaftServer$Division (RaftServerImpl.java:requestVote(1251)) - 4c149094-c8c7-466f-8837-6623514047e5@group-4EDD817D868A replies to ELECTION vote request: 04d213b6-f61d-4fba-9596-1d72c738ecbb<-4c149094-c8c7-466f-8837-6623514047e5#0:OK-t1. Peer's state: 4c149094-c8c7-466f-8837-6623514047e5@group-4EDD817D868A:t1, leader=null, voted=04d213b6-f61d-4fba-9596-1d72c738ecbb, raftlog=Memoized:4c149094-c8c7-466f-8837-6623514047e5@group-4EDD817D868A-SegmentedRaftLog:OPENED:c-1, conf=-1: peers:[4c149094-c8c7-466f-8837-6623514047e5|rpc:10.1.0.35:43877|dataStream:10.1.0.35:38539|priority:0|startupRole:FOLLOWER, ef7b62c9-01e2-453f-9d3f-9e9ef16e062c|rpc:10.1.0.35:38491|dataStream:10.1.0.35:45283|priority:0|startupRole:FOLLOWER, 04d213b6-f61d-4fba-9596-1d72c738ecbb|rpc:10.1.0.35:45029|dataStream:10.1.0.35:40503|priority:1|startupRole:FOLLOWER]|listeners:[], old=null
2023-04-02 14:01:15,969 [grpc-default-executor-2] INFO  server.RaftServer$Division (RaftServerImpl.java:requestVote(1218)) - ef7b62c9-01e2-453f-9d3f-9e9ef16e062c@group-4EDD817D868A: receive requestVote(ELECTION, 04d213b6-f61d-4fba-9596-1d72c738ecbb, group-4EDD817D868A, 1, (t:0, i:0))
2023-04-02 14:01:15,969 [grpc-default-executor-2] INFO  impl.VoteContext (VoteContext.java:log(49)) - ef7b62c9-01e2-453f-9d3f-9e9ef16e062c@group-4EDD817D868A-FOLLOWER: accept ELECTION from 04d213b6-f61d-4fba-9596-1d72c738ecbb: our priority 0 <= candidate's priority 1
2023-04-02 14:01:15,969 [grpc-default-executor-2] INFO  server.RaftServer$Division (RaftServerImpl.java:setRole(321)) - ef7b62c9-01e2-453f-9d3f-9e9ef16e062c@group-4EDD817D868A: changes role from  FOLLOWER to FOLLOWER at term 1 for candidate:04d213b6-f61d-4fba-9596-1d72c738ecbb
2023-04-02 14:01:15,969 [grpc-default-executor-2] INFO  impl.RoleInfo (RoleInfo.java:shutdownFollowerState(110)) - ef7b62c9-01e2-453f-9d3f-9e9ef16e062c: shutdown ef7b62c9-01e2-453f-9d3f-9e9ef16e062c@group-4EDD817D868A-FollowerState
2023-04-02 14:01:15,969 [grpc-default-executor-2] INFO  impl.RoleInfo (RoleInfo.java:updateAndGet(139)) - ef7b62c9-01e2-453f-9d3f-9e9ef16e062c: start ef7b62c9-01e2-453f-9d3f-9e9ef16e062c@group-4EDD817D868A-FollowerState
2023-04-02 14:01:15,969 [ef7b62c9-01e2-453f-9d3f-9e9ef16e062c@group-4EDD817D868A-FollowerState] INFO  impl.FollowerState (FollowerState.java:run(152)) - ef7b62c9-01e2-453f-9d3f-9e9ef16e062c@group-4EDD817D868A-FollowerState was interrupted
2023-04-02 14:01:15,969 [04d213b6-f61d-4fba-9596-1d72c738ecbb@group-B841435A94E4-LeaderElection5] INFO  server.RaftServerConfigKeys (ConfUtils.java:logGet(46)) - raft.server.write.element-limit = 1024 (custom)
2023-04-02 14:01:15,974 [grpc-default-executor-2] INFO  server.RaftServer$Division (RaftServerImpl.java:requestVote(1251)) - ef7b62c9-01e2-453f-9d3f-9e9ef16e062c@group-4EDD817D868A replies to ELECTION vote request: 04d213b6-f61d-4fba-9596-1d72c738ecbb<-ef7b62c9-01e2-453f-9d3f-9e9ef16e062c#0:OK-t1. Peer's state: ef7b62c9-01e2-453f-9d3f-9e9ef16e062c@group-4EDD817D868A:t1, leader=null, voted=04d213b6-f61d-4fba-9596-1d72c738ecbb, raftlog=Memoized:ef7b62c9-01e2-453f-9d3f-9e9ef16e062c@group-4EDD817D868A-SegmentedRaftLog:OPENED:c-1, conf=-1: peers:[4c149094-c8c7-466f-8837-6623514047e5|rpc:10.1.0.35:43877|dataStream:10.1.0.35:38539|priority:0|startupRole:FOLLOWER, ef7b62c9-01e2-453f-9d3f-9e9ef16e062c|rpc:10.1.0.35:38491|dataStream:10.1.0.35:45283|priority:0|startupRole:FOLLOWER, 04d213b6-f61d-4fba-9596-1d72c738ecbb|rpc:10.1.0.35:45029|dataStream:10.1.0.35:40503|priority:1|startupRole:FOLLOWER]|listeners:[], old=null
2023-04-02 14:01:15,974 [04d213b6-f61d-4fba-9596-1d72c738ecbb@group-4EDD817D868A-LeaderElection4] INFO  impl.LeaderElection (LeaderElection.java:logAndReturn(90)) - 04d213b6-f61d-4fba-9596-1d72c738ecbb@group-4EDD817D868A-LeaderElection4: ELECTION PASSED received 1 response(s) and 0 exception(s):
2023-04-02 14:01:15,975 [04d213b6-f61d-4fba-9596-1d72c738ecbb@group-4EDD817D868A-LeaderElection4] INFO  impl.LeaderElection (LeaderElection.java:logAndReturn(94)) -   Response 0: 04d213b6-f61d-4fba-9596-1d72c738ecbb<-4c149094-c8c7-466f-8837-6623514047e5#0:OK-t1
2023-04-02 14:01:15,975 [04d213b6-f61d-4fba-9596-1d72c738ecbb@group-4EDD817D868A-LeaderElection4] INFO  impl.LeaderElection (LeaderElection.java:askForVotes(314)) - 04d213b6-f61d-4fba-9596-1d72c738ecbb@group-4EDD817D868A-LeaderElection4 ELECTION round 0: result PASSED
2023-04-02 14:01:15,975 [04d213b6-f61d-4fba-9596-1d72c738ecbb@group-4EDD817D868A-LeaderElection4] INFO  impl.RoleInfo (RoleInfo.java:shutdownLeaderElection(130)) - 04d213b6-f61d-4fba-9596-1d72c738ecbb: shutdown 04d213b6-f61d-4fba-9596-1d72c738ecbb@group-4EDD817D868A-LeaderElection4
2023-04-02 14:01:15,970 [EventQueue-OpenPipelineForHealthyPipelineSafeModeRule] INFO  safemode.SCMSafeModeManager (HealthyPipelineSafeModeRule.java:process(137)) - SCM in safe mode. Healthy pipelines reported count is 0, required healthy pipeline reported count is 1
2023-04-02 14:01:15,975 [04d213b6-f61d-4fba-9596-1d72c738ecbb@group-4EDD817D868A-LeaderElection4] INFO  server.RaftServer$Division (RaftServerImpl.java:setRole(321)) - 04d213b6-f61d-4fba-9596-1d72c738ecbb@group-4EDD817D868A: changes role from CANDIDATE to LEADER at term 1 for changeToLeader
2023-04-02 14:01:15,975 [04d213b6-f61d-4fba-9596-1d72c738ecbb@group-4EDD817D868A-LeaderElection4] INFO  ratis.XceiverServerRatis (XceiverServerRatis.java:handleLeaderChangedNotification(904)) - Leader change notification received for group: group-4EDD817D868A with new leaderId: 04d213b6-f61d-4fba-9596-1d72c738ecbb
2023-04-02 14:01:15,975 [04d213b6-f61d-4fba-9596-1d72c738ecbb@group-B841435A94E4-LeaderElection5] INFO  server.RaftServerConfigKeys (ConfUtils.java:logGet(46)) - raft.server.write.byte-limit = 1024 M (=1073741824) (custom)
2023-04-02 14:01:15,976 [04d213b6-f61d-4fba-9596-1d72c738ecbb@group-4EDD817D868A-LeaderElection4] INFO  server.RaftServer$Division (ServerState.java:setLeader(313)) - 04d213b6-f61d-4fba-9596-1d72c738ecbb@group-4EDD817D868A: change Leader from null to 04d213b6-f61d-4fba-9596-1d72c738ecbb at term 1 for becomeLeader, leader elected after 5177ms
2023-04-02 14:01:15,976 [04d213b6-f61d-4fba-9596-1d72c738ecbb@group-4EDD817D868A-LeaderElection4] INFO  server.RaftServerConfigKeys (ConfUtils.java:logGet(46)) - raft.server.staging.catchup.gap = 1000 (default)
2023-04-02 14:01:15,976 [04d213b6-f61d-4fba-9596-1d72c738ecbb@group-4EDD817D868A-LeaderElection4] INFO  server.RaftServerConfigKeys (ConfUtils.java:logGet(46)) - raft.server.write.element-limit = 1024 (custom)
2023-04-02 14:01:15,976 [04d213b6-f61d-4fba-9596-1d72c738ecbb@group-4EDD817D868A-LeaderElection4] INFO  server.RaftServerConfigKeys (ConfUtils.java:logGet(46)) - raft.server.write.byte-limit = 1024 M (=1073741824) (custom)
2023-04-02 14:01:15,977 [04d213b6-f61d-4fba-9596-1d72c738ecbb@group-4EDD817D868A-LeaderElection4] INFO  server.RaftServerConfigKeys (ConfUtils.java:logGet(46)) - raft.server.watch.timeout = 10000ms (default)
2023-04-02 14:01:15,977 [04d213b6-f61d-4fba-9596-1d72c738ecbb@group-4EDD817D868A-LeaderElection4] INFO  server.RaftServerConfigKeys (ConfUtils.java:logGet(46)) - raft.server.watch.timeout.denomination = 1s (default)
2023-04-02 14:01:15,977 [04d213b6-f61d-4fba-9596-1d72c738ecbb@group-4EDD817D868A-LeaderElection4] INFO  server.RaftServerConfigKeys (ConfUtils.java:logGet(46)) - raft.server.watch.element-limit = 65536 (default)
2023-04-02 14:01:15,977 [04d213b6-f61d-4fba-9596-1d72c738ecbb@group-4EDD817D868A-LeaderElection4] INFO  server.RaftServerConfigKeys (ConfUtils.java:logGet(46)) - raft.server.write.element-limit = 1024 (custom)
2023-04-02 14:01:15,977 [04d213b6-f61d-4fba-9596-1d72c738ecbb@group-4EDD817D868A-LeaderElection4] INFO  server.RaftServerConfigKeys (ConfUtils.java:logGet(46)) - raft.server.write.follower.gap.ratio.max = -1.0 (default)
2023-04-02 14:01:15,978 [04d213b6-f61d-4fba-9596-1d72c738ecbb@group-B841435A94E4-LeaderElection5] INFO  server.RaftServerConfigKeys (ConfUtils.java:logGet(46)) - raft.server.watch.timeout = 10000ms (default)
2023-04-02 14:01:15,978 [04d213b6-f61d-4fba-9596-1d72c738ecbb@group-B841435A94E4-LeaderElection5] INFO  server.RaftServerConfigKeys (ConfUtils.java:logGet(46)) - raft.server.watch.timeout.denomination = 1s (default)
2023-04-02 14:01:15,978 [04d213b6-f61d-4fba-9596-1d72c738ecbb@group-B841435A94E4-LeaderElection5] INFO  server.RaftServerConfigKeys (ConfUtils.java:logGet(46)) - raft.server.watch.element-limit = 65536 (default)
2023-04-02 14:01:15,978 [04d213b6-f61d-4fba-9596-1d72c738ecbb@group-B841435A94E4-LeaderElection5] INFO  server.RaftServerConfigKeys (ConfUtils.java:logGet(46)) - raft.server.write.element-limit = 1024 (custom)
2023-04-02 14:01:15,978 [04d213b6-f61d-4fba-9596-1d72c738ecbb@group-B841435A94E4-LeaderElection5] INFO  server.RaftServerConfigKeys (ConfUtils.java:logGet(46)) - raft.server.write.follower.gap.ratio.max = -1.0 (default)
2023-04-02 14:01:15,978 [04d213b6-f61d-4fba-9596-1d72c738ecbb@group-B841435A94E4-LeaderElection5] INFO  impl.RoleInfo (RoleInfo.java:updateAndGet(139)) - 04d213b6-f61d-4fba-9596-1d72c738ecbb: start 04d213b6-f61d-4fba-9596-1d72c738ecbb@group-B841435A94E4-LeaderStateImpl
2023-04-02 14:01:15,978 [04d213b6-f61d-4fba-9596-1d72c738ecbb@group-B841435A94E4-LeaderElection5] INFO  segmented.SegmentedRaftLogWorker (SegmentedRaftLogWorker.java:startLogSegment(452)) - 04d213b6-f61d-4fba-9596-1d72c738ecbb@group-B841435A94E4-SegmentedRaftLogWorker: Starting segment from index:0
2023-04-02 14:01:15,984 [04d213b6-f61d-4fba-9596-1d72c738ecbb@group-B841435A94E4-LeaderElection5] INFO  server.RaftServer$Division (ServerState.java:setRaftConf(430)) - 04d213b6-f61d-4fba-9596-1d72c738ecbb@group-B841435A94E4: set configuration 0: peers:[04d213b6-f61d-4fba-9596-1d72c738ecbb|rpc:10.1.0.35:45029|dataStream:10.1.0.35:40503|priority:1|startupRole:FOLLOWER]|listeners:[], old=null
2023-04-02 14:01:15,985 [EventQueue-PipelineReportForPipelineReportHandler] INFO  pipeline.PipelineManagerImpl (PipelineManagerImpl.java:openPipeline(367)) - Pipeline Pipeline[ Id: 47379d53-f478-4ddb-9ab5-4edd817d868a, Nodes: 4c149094-c8c7-466f-8837-6623514047e5(fv-az449-305.jvjgdiodbn4ungrcbaap0pmvbb.dx.internal.cloudapp.net/10.1.0.35)ef7b62c9-01e2-453f-9d3f-9e9ef16e062c(fv-az449-305.jvjgdiodbn4ungrcbaap0pmvbb.dx.internal.cloudapp.net/10.1.0.35)04d213b6-f61d-4fba-9596-1d72c738ecbb(fv-az449-305.jvjgdiodbn4ungrcbaap0pmvbb.dx.internal.cloudapp.net/10.1.0.35), ReplicationConfig: RATIS/THREE, State:ALLOCATED, leaderId:04d213b6-f61d-4fba-9596-1d72c738ecbb, CreationTimestamp2023-04-02T14:01:08.180Z[Etc/UTC]] moved to OPEN state
2023-04-02 14:01:15,986 [EventQueue-OpenPipelineForHealthyPipelineSafeModeRule] INFO  safemode.SCMSafeModeManager (HealthyPipelineSafeModeRule.java:process(137)) - SCM in safe mode. Healthy pipelines reported count is 0, required healthy pipeline reported count is 1
2023-04-02 14:01:15,986 [EventQueue-OpenPipelineForHealthyPipelineSafeModeRule] INFO  safemode.SCMSafeModeManager (HealthyPipelineSafeModeRule.java:process(137)) - SCM in safe mode. Healthy pipelines reported count is 1, required healthy pipeline reported count is 1
2023-04-02 14:01:15,986 [EventQueue-OpenPipelineForHealthyPipelineSafeModeRule] INFO  safemode.SCMSafeModeManager (SCMSafeModeManager.java:validateSafeModeExitRules(200)) - HealthyPipelineSafeModeRule rule is successfully validated
2023-04-02 14:01:15,986 [EventQueue-OpenPipelineForHealthyPipelineSafeModeRule] INFO  safemode.SCMSafeModeManager (SCMSafeModeManager.java:validateSafeModeExitRules(215)) - ScmSafeModeManager, all rules are successfully validated
2023-04-02 14:01:15,986 [EventQueue-OpenPipelineForHealthyPipelineSafeModeRule] INFO  safemode.SCMSafeModeManager (SCMSafeModeManager.java:exitSafeMode(244)) - SCM exiting safe mode.
2023-04-02 14:01:15,986 [EventQueue-OpenPipelineForHealthyPipelineSafeModeRule] INFO  ha.SCMContext (SCMContext.java:updateSafeModeStatus(228)) - Update SafeModeStatus from SafeModeStatus{safeModeStatus=true, preCheckPassed=true} to SafeModeStatus{safeModeStatus=false, preCheckPassed=true}.
2023-04-02 14:01:15,986 [EventQueue-OpenPipelineForHealthyPipelineSafeModeRule] INFO  pipeline.BackgroundPipelineCreator (BackgroundPipelineCreator.java:notifyStatusChanged(254)) - Service BackgroundPipelineCreator transitions to RUNNING.
2023-04-02 14:01:15,986 [EventQueue-OpenPipelineForHealthyPipelineSafeModeRule] INFO  BackgroundPipelineScrubber (BackgroundSCMService.java:notifyStatusChanged(82)) - Service BackgroundPipelineScrubber transitions to RUNNING.
2023-04-02 14:01:15,986 [EventQueue-OpenPipelineForHealthyPipelineSafeModeRule] INFO  ExpiredContainerReplicaOpScrubber (BackgroundSCMService.java:notifyStatusChanged(82)) - Service ExpiredContainerReplicaOpScrubber transitions to RUNNING.
2023-04-02 14:01:15,986 [EventQueue-OpenPipelineForHealthyPipelineSafeModeRule] INFO  replication.ReplicationManager (ReplicationManager.java:notifyStatusChanged(1351)) - Service ReplicationManager transitions to RUNNING.
2023-04-02 14:01:15,988 [04d213b6-f61d-4fba-9596-1d72c738ecbb@group-B841435A94E4-SegmentedRaftLogWorker] INFO  segmented.SegmentedRaftLogWorker (SegmentedRaftLogWorker.java:execute(656)) - 04d213b6-f61d-4fba-9596-1d72c738ecbb@group-B841435A94E4-SegmentedRaftLogWorker: created new log segment /home/runner/work/ozone/ozone/hadoop-ozone/integration-test/target/test-dir/MiniOzoneClusterImpl-e08b4ded-cf26-487b-9197-20d38c9ee5c1/datanode-1/data/ratis/167fe986-3795-4b19-af4e-b841435a94e4/current/log_inprogress_0
2023-04-02 14:01:15,995 [EventQueue-OpenPipelineForHealthyPipelineSafeModeRule] WARN  balancer.ContainerBalancer (ContainerBalancer.java:shouldRun(132)) - Could not find persisted configuration for ContainerBalancer when checking if ContainerBalancer should run. ContainerBalancer should not run now.
2023-04-02 14:01:15,992 [ef7b62c9-01e2-453f-9d3f-9e9ef16e062c@group-4EDD817D868A-FollowerState] INFO  server.RaftServerConfigKeys (ConfUtils.java:logFallback(53)) - raft.server.rpc.first-election.timeout.min = 5s (fallback to raft.server.rpc.timeout.min)
2023-04-02 14:01:15,996 [ef7b62c9-01e2-453f-9d3f-9e9ef16e062c@group-4EDD817D868A-FollowerState] INFO  server.RaftServerConfigKeys (ConfUtils.java:logFallback(53)) - raft.server.rpc.first-election.timeout.max = 5200ms (fallback to raft.server.rpc.timeout.max)
2023-04-02 14:01:15,996 [04d213b6-f61d-4fba-9596-1d72c738ecbb@group-B841435A94E4-StateMachineUpdater] INFO  ratis.ContainerStateMachine (ContainerStateMachine.java:takeSnapshot(330)) - group-B841435A94E4: Taking a snapshot at:(t:1, i:0) file /home/runner/work/ozone/ozone/hadoop-ozone/integration-test/target/test-dir/MiniOzoneClusterImpl-e08b4ded-cf26-487b-9197-20d38c9ee5c1/datanode-1/data/ratis/167fe986-3795-4b19-af4e-b841435a94e4/sm/snapshot.1_0
2023-04-02 14:01:15,997 [04d213b6-f61d-4fba-9596-1d72c738ecbb@group-B841435A94E4-StateMachineUpdater] INFO  ratis.ContainerStateMachine (ContainerStateMachine.java:takeSnapshot(341)) - group-B841435A94E4: Finished taking a snapshot at:(t:1, i:0) file:/home/runner/work/ozone/ozone/hadoop-ozone/integration-test/target/test-dir/MiniOzoneClusterImpl-e08b4ded-cf26-487b-9197-20d38c9ee5c1/datanode-1/data/ratis/167fe986-3795-4b19-af4e-b841435a94e4/sm/snapshot.1_0 took: 2 ms
2023-04-02 14:01:15,998 [04d213b6-f61d-4fba-9596-1d72c738ecbb@group-B841435A94E4-StateMachineUpdater] INFO  impl.StateMachineUpdater (StateMachineUpdater.java:takeSnapshot(287)) - 04d213b6-f61d-4fba-9596-1d72c738ecbb@group-B841435A94E4-StateMachineUpdater: Took a snapshot at index 0
2023-04-02 14:01:15,999 [04d213b6-f61d-4fba-9596-1d72c738ecbb@group-B841435A94E4-StateMachineUpdater] INFO  impl.StateMachineUpdater (StateMachineUpdater.java:lambda$new$0(92)) - 04d213b6-f61d-4fba-9596-1d72c738ecbb@group-B841435A94E4-StateMachineUpdater: snapshotIndex: updateIncreasingly -1 -> 0
2023-04-02 14:01:16,002 [04d213b6-f61d-4fba-9596-1d72c738ecbb@group-4EDD817D868A-LeaderElection4] INFO  server.RaftServerConfigKeys (ConfUtils.java:logGet(46)) - raft.server.log.appender.snapshot.chunk.size.max = 16MB (=16777216) (default)
2023-04-02 14:01:16,002 [04d213b6-f61d-4fba-9596-1d72c738ecbb@group-4EDD817D868A-LeaderElection4] INFO  server.RaftServerConfigKeys (ConfUtils.java:logGet(46)) - raft.server.log.appender.buffer.byte-limit = 33554432 (custom)
2023-04-02 14:01:16,002 [04d213b6-f61d-4fba-9596-1d72c738ecbb@group-4EDD817D868A-LeaderElection4] INFO  server.RaftServerConfigKeys (ConfUtils.java:logGet(46)) - raft.server.log.appender.buffer.element-limit = 1 (custom)
2023-04-02 14:01:16,005 [04d213b6-f61d-4fba-9596-1d72c738ecbb@group-4EDD817D868A-LeaderElection4] INFO  grpc.GrpcConfigKeys (ConfUtils.java:logGet(46)) - raft.grpc.server.leader.outstanding.appends.max = 128 (default)
2023-04-02 14:01:16,005 [04d213b6-f61d-4fba-9596-1d72c738ecbb@group-4EDD817D868A-LeaderElection4] INFO  server.RaftServerConfigKeys (ConfUtils.java:logGet(46)) - raft.server.rpc.request.timeout = 3000ms (default)
2023-04-02 14:01:16,005 [04d213b6-f61d-4fba-9596-1d72c738ecbb@group-4EDD817D868A-LeaderElection4] INFO  server.RaftServerConfigKeys (ConfUtils.java:logGet(46)) - raft.server.log.appender.install.snapshot.enabled = false (custom)
2023-04-02 14:01:16,005 [04d213b6-f61d-4fba-9596-1d72c738ecbb@group-4EDD817D868A-LeaderElection4] INFO  grpc.GrpcConfigKeys (ConfUtils.java:logGet(46)) - raft.grpc.server.heartbeat.channel = true (default)
2023-04-02 14:01:16,005 [04d213b6-f61d-4fba-9596-1d72c738ecbb@group-4EDD817D868A-LeaderElection4] INFO  server.RaftServerConfigKeys (ConfUtils.java:logGet(46)) - raft.server.log.appender.wait-time.min = 10ms (default)
2023-04-02 14:01:16,008 [04d213b6-f61d-4fba-9596-1d72c738ecbb@group-4EDD817D868A-LeaderElection4] INFO  server.RaftServerConfigKeys (ConfUtils.java:logGet(46)) - raft.server.log.appender.snapshot.chunk.size.max = 16MB (=16777216) (default)
2023-04-02 14:01:16,008 [04d213b6-f61d-4fba-9596-1d72c738ecbb@group-4EDD817D868A-LeaderElection4] INFO  server.RaftServerConfigKeys (ConfUtils.java:logGet(46)) - raft.server.log.appender.buffer.byte-limit = 33554432 (custom)
2023-04-02 14:01:16,008 [04d213b6-f61d-4fba-9596-1d72c738ecbb@group-4EDD817D868A-LeaderElection4] INFO  server.RaftServerConfigKeys (ConfUtils.java:logGet(46)) - raft.server.log.appender.buffer.element-limit = 1 (custom)
2023-04-02 14:01:16,008 [04d213b6-f61d-4fba-9596-1d72c738ecbb@group-4EDD817D868A-LeaderElection4] INFO  grpc.GrpcConfigKeys (ConfUtils.java:logGet(46)) - raft.grpc.server.leader.outstanding.appends.max = 128 (default)
2023-04-02 14:01:16,008 [04d213b6-f61d-4fba-9596-1d72c738ecbb@group-4EDD817D868A-LeaderElection4] INFO  server.RaftServerConfigKeys (ConfUtils.java:logGet(46)) - raft.server.rpc.request.timeout = 3000ms (default)
2023-04-02 14:01:16,008 [04d213b6-f61d-4fba-9596-1d72c738ecbb@group-4EDD817D868A-LeaderElection4] INFO  server.RaftServerConfigKeys (ConfUtils.java:logGet(46)) - raft.server.log.appender.install.snapshot.enabled = false (custom)
2023-04-02 14:01:16,008 [04d213b6-f61d-4fba-9596-1d72c738ecbb@group-4EDD817D868A-LeaderElection4] INFO  grpc.GrpcConfigKeys (ConfUtils.java:logGet(46)) - raft.grpc.server.heartbeat.channel = true (default)
2023-04-02 14:01:16,008 [04d213b6-f61d-4fba-9596-1d72c738ecbb@group-4EDD817D868A-LeaderElection4] INFO  server.RaftServerConfigKeys (ConfUtils.java:logGet(46)) - raft.server.log.appender.wait-time.min = 10ms (default)
2023-04-02 14:01:16,009 [04d213b6-f61d-4fba-9596-1d72c738ecbb@group-4EDD817D868A-LeaderElection4] INFO  impl.RoleInfo (RoleInfo.java:updateAndGet(139)) - 04d213b6-f61d-4fba-9596-1d72c738ecbb: start 04d213b6-f61d-4fba-9596-1d72c738ecbb@group-4EDD817D868A-LeaderStateImpl
2023-04-02 14:01:16,010 [04d213b6-f61d-4fba-9596-1d72c738ecbb@group-4EDD817D868A-LeaderElection4] INFO  segmented.SegmentedRaftLogWorker (SegmentedRaftLogWorker.java:startLogSegment(452)) - 04d213b6-f61d-4fba-9596-1d72c738ecbb@group-4EDD817D868A-SegmentedRaftLogWorker: Starting segment from index:0
2023-04-02 14:01:16,012 [04d213b6-f61d-4fba-9596-1d72c738ecbb@group-4EDD817D868A-SegmentedRaftLogWorker] INFO  segmented.SegmentedRaftLogWorker (SegmentedRaftLogWorker.java:execute(656)) - 04d213b6-f61d-4fba-9596-1d72c738ecbb@group-4EDD817D868A-SegmentedRaftLogWorker: created new log segment /home/runner/work/ozone/ozone/hadoop-ozone/integration-test/target/test-dir/MiniOzoneClusterImpl-e08b4ded-cf26-487b-9197-20d38c9ee5c1/datanode-1/data/ratis/47379d53-f478-4ddb-9ab5-4edd817d868a/current/log_inprogress_0
2023-04-02 14:01:16,021 [04d213b6-f61d-4fba-9596-1d72c738ecbb@group-4EDD817D868A-LeaderElection4] INFO  server.RaftServer$Division (ServerState.java:setRaftConf(430)) - 04d213b6-f61d-4fba-9596-1d72c738ecbb@group-4EDD817D868A: set configuration 0: peers:[4c149094-c8c7-466f-8837-6623514047e5|rpc:10.1.0.35:43877|dataStream:10.1.0.35:38539|priority:0|startupRole:FOLLOWER, ef7b62c9-01e2-453f-9d3f-9e9ef16e062c|rpc:10.1.0.35:38491|dataStream:10.1.0.35:45283|priority:0|startupRole:FOLLOWER, 04d213b6-f61d-4fba-9596-1d72c738ecbb|rpc:10.1.0.35:45029|dataStream:10.1.0.35:40503|priority:1|startupRole:FOLLOWER]|listeners:[], old=null
2023-04-02 14:01:16,022 [04d213b6-f61d-4fba-9596-1d72c738ecbb@group-4EDD817D868A-StateMachineUpdater] INFO  ratis.ContainerStateMachine (ContainerStateMachine.java:takeSnapshot(330)) - group-4EDD817D868A: Taking a snapshot at:(t:1, i:0) file /home/runner/work/ozone/ozone/hadoop-ozone/integration-test/target/test-dir/MiniOzoneClusterImpl-e08b4ded-cf26-487b-9197-20d38c9ee5c1/datanode-1/data/ratis/47379d53-f478-4ddb-9ab5-4edd817d868a/sm/snapshot.1_0
2023-04-02 14:01:16,024 [04d213b6-f61d-4fba-9596-1d72c738ecbb@group-4EDD817D868A-StateMachineUpdater] INFO  ratis.ContainerStateMachine (ContainerStateMachine.java:takeSnapshot(341)) - group-4EDD817D868A: Finished taking a snapshot at:(t:1, i:0) file:/home/runner/work/ozone/ozone/hadoop-ozone/integration-test/target/test-dir/MiniOzoneClusterImpl-e08b4ded-cf26-487b-9197-20d38c9ee5c1/datanode-1/data/ratis/47379d53-f478-4ddb-9ab5-4edd817d868a/sm/snapshot.1_0 took: 2 ms
2023-04-02 14:01:16,024 [04d213b6-f61d-4fba-9596-1d72c738ecbb@group-4EDD817D868A-StateMachineUpdater] INFO  impl.StateMachineUpdater (StateMachineUpdater.java:takeSnapshot(287)) - 04d213b6-f61d-4fba-9596-1d72c738ecbb@group-4EDD817D868A-StateMachineUpdater: Took a snapshot at index 0
2023-04-02 14:01:16,024 [04d213b6-f61d-4fba-9596-1d72c738ecbb@group-4EDD817D868A-StateMachineUpdater] INFO  impl.StateMachineUpdater (StateMachineUpdater.java:lambda$new$0(92)) - 04d213b6-f61d-4fba-9596-1d72c738ecbb@group-4EDD817D868A-StateMachineUpdater: snapshotIndex: updateIncreasingly -1 -> 0
2023-04-02 14:01:16,071 [ef7b62c9-01e2-453f-9d3f-9e9ef16e062c-server-thread2] INFO  ratis.XceiverServerRatis (XceiverServerRatis.java:handleLeaderChangedNotification(904)) - Leader change notification received for group: group-4EDD817D868A with new leaderId: 04d213b6-f61d-4fba-9596-1d72c738ecbb
2023-04-02 14:01:16,072 [ef7b62c9-01e2-453f-9d3f-9e9ef16e062c-server-thread2] INFO  server.RaftServer$Division (ServerState.java:setLeader(313)) - ef7b62c9-01e2-453f-9d3f-9e9ef16e062c@group-4EDD817D868A: change Leader from null to 04d213b6-f61d-4fba-9596-1d72c738ecbb at term 1 for appendEntries, leader elected after 5309ms
2023-04-02 14:01:16,077 [ef7b62c9-01e2-453f-9d3f-9e9ef16e062c-server-thread1] INFO  server.RaftServer$Division (ServerState.java:setRaftConf(430)) - ef7b62c9-01e2-453f-9d3f-9e9ef16e062c@group-4EDD817D868A: set configuration 0: peers:[4c149094-c8c7-466f-8837-6623514047e5|rpc:10.1.0.35:43877|dataStream:10.1.0.35:38539|priority:0|startupRole:FOLLOWER, ef7b62c9-01e2-453f-9d3f-9e9ef16e062c|rpc:10.1.0.35:38491|dataStream:10.1.0.35:45283|priority:0|startupRole:FOLLOWER, 04d213b6-f61d-4fba-9596-1d72c738ecbb|rpc:10.1.0.35:45029|dataStream:10.1.0.35:40503|priority:1|startupRole:FOLLOWER]|listeners:[], old=null
2023-04-02 14:01:16,077 [ef7b62c9-01e2-453f-9d3f-9e9ef16e062c-server-thread1] INFO  segmented.SegmentedRaftLogWorker (SegmentedRaftLogWorker.java:startLogSegment(452)) - ef7b62c9-01e2-453f-9d3f-9e9ef16e062c@group-4EDD817D868A-SegmentedRaftLogWorker: Starting segment from index:0
2023-04-02 14:01:16,078 [4c149094-c8c7-466f-8837-6623514047e5-server-thread1] INFO  ratis.XceiverServerRatis (XceiverServerRatis.java:handleLeaderChangedNotification(904)) - Leader change notification received for group: group-4EDD817D868A with new leaderId: 04d213b6-f61d-4fba-9596-1d72c738ecbb
2023-04-02 14:01:16,096 [4c149094-c8c7-466f-8837-6623514047e5-server-thread1] INFO  server.RaftServer$Division (ServerState.java:setLeader(313)) - 4c149094-c8c7-466f-8837-6623514047e5@group-4EDD817D868A: change Leader from null to 04d213b6-f61d-4fba-9596-1d72c738ecbb at term 1 for appendEntries, leader elected after 5848ms
2023-04-02 14:01:16,089 [ef7b62c9-01e2-453f-9d3f-9e9ef16e062c@group-4EDD817D868A-SegmentedRaftLogWorker] INFO  segmented.SegmentedRaftLogWorker (SegmentedRaftLogWorker.java:execute(656)) - ef7b62c9-01e2-453f-9d3f-9e9ef16e062c@group-4EDD817D868A-SegmentedRaftLogWorker: created new log segment /home/runner/work/ozone/ozone/hadoop-ozone/integration-test/target/test-dir/MiniOzoneClusterImpl-e08b4ded-cf26-487b-9197-20d38c9ee5c1/datanode-2/data/ratis/47379d53-f478-4ddb-9ab5-4edd817d868a/current/log_inprogress_0
2023-04-02 14:01:16,102 [ef7b62c9-01e2-453f-9d3f-9e9ef16e062c@group-4EDD817D868A-StateMachineUpdater] INFO  ratis.ContainerStateMachine (ContainerStateMachine.java:takeSnapshot(330)) - group-4EDD817D868A: Taking a snapshot at:(t:1, i:0) file /home/runner/work/ozone/ozone/hadoop-ozone/integration-test/target/test-dir/MiniOzoneClusterImpl-e08b4ded-cf26-487b-9197-20d38c9ee5c1/datanode-2/data/ratis/47379d53-f478-4ddb-9ab5-4edd817d868a/sm/snapshot.1_0
2023-04-02 14:01:16,103 [ef7b62c9-01e2-453f-9d3f-9e9ef16e062c@group-4EDD817D868A-StateMachineUpdater] INFO  ratis.ContainerStateMachine (ContainerStateMachine.java:takeSnapshot(341)) - group-4EDD817D868A: Finished taking a snapshot at:(t:1, i:0) file:/home/runner/work/ozone/ozone/hadoop-ozone/integration-test/target/test-dir/MiniOzoneClusterImpl-e08b4ded-cf26-487b-9197-20d38c9ee5c1/datanode-2/data/ratis/47379d53-f478-4ddb-9ab5-4edd817d868a/sm/snapshot.1_0 took: 0 ms
2023-04-02 14:01:16,104 [ef7b62c9-01e2-453f-9d3f-9e9ef16e062c@group-4EDD817D868A-StateMachineUpdater] INFO  impl.StateMachineUpdater (StateMachineUpdater.java:takeSnapshot(287)) - ef7b62c9-01e2-453f-9d3f-9e9ef16e062c@group-4EDD817D868A-StateMachineUpdater: Took a snapshot at index 0
2023-04-02 14:01:16,104 [ef7b62c9-01e2-453f-9d3f-9e9ef16e062c@group-4EDD817D868A-StateMachineUpdater] INFO  impl.StateMachineUpdater (StateMachineUpdater.java:lambda$new$0(92)) - ef7b62c9-01e2-453f-9d3f-9e9ef16e062c@group-4EDD817D868A-StateMachineUpdater: snapshotIndex: updateIncreasingly -1 -> 0
2023-04-02 14:01:16,116 [4c149094-c8c7-466f-8837-6623514047e5-server-thread2] INFO  server.RaftServer$Division (ServerState.java:setRaftConf(430)) - 4c149094-c8c7-466f-8837-6623514047e5@group-4EDD817D868A: set configuration 0: peers:[4c149094-c8c7-466f-8837-6623514047e5|rpc:10.1.0.35:43877|dataStream:10.1.0.35:38539|priority:0|startupRole:FOLLOWER, ef7b62c9-01e2-453f-9d3f-9e9ef16e062c|rpc:10.1.0.35:38491|dataStream:10.1.0.35:45283|priority:0|startupRole:FOLLOWER, 04d213b6-f61d-4fba-9596-1d72c738ecbb|rpc:10.1.0.35:45029|dataStream:10.1.0.35:40503|priority:1|startupRole:FOLLOWER]|listeners:[], old=null
2023-04-02 14:01:16,117 [4c149094-c8c7-466f-8837-6623514047e5-server-thread2] INFO  segmented.SegmentedRaftLogWorker (SegmentedRaftLogWorker.java:startLogSegment(452)) - 4c149094-c8c7-466f-8837-6623514047e5@group-4EDD817D868A-SegmentedRaftLogWorker: Starting segment from index:0
2023-04-02 14:01:16,121 [4c149094-c8c7-466f-8837-6623514047e5@group-4EDD817D868A-SegmentedRaftLogWorker] INFO  segmented.SegmentedRaftLogWorker (SegmentedRaftLogWorker.java:execute(656)) - 4c149094-c8c7-466f-8837-6623514047e5@group-4EDD817D868A-SegmentedRaftLogWorker: created new log segment /home/runner/work/ozone/ozone/hadoop-ozone/integration-test/target/test-dir/MiniOzoneClusterImpl-e08b4ded-cf26-487b-9197-20d38c9ee5c1/datanode-0/data/ratis/47379d53-f478-4ddb-9ab5-4edd817d868a/current/log_inprogress_0
2023-04-02 14:01:16,126 [4c149094-c8c7-466f-8837-6623514047e5@group-4EDD817D868A-StateMachineUpdater] INFO  ratis.ContainerStateMachine (ContainerStateMachine.java:takeSnapshot(330)) - group-4EDD817D868A: Taking a snapshot at:(t:1, i:0) file /home/runner/work/ozone/ozone/hadoop-ozone/integration-test/target/test-dir/MiniOzoneClusterImpl-e08b4ded-cf26-487b-9197-20d38c9ee5c1/datanode-0/data/ratis/47379d53-f478-4ddb-9ab5-4edd817d868a/sm/snapshot.1_0
2023-04-02 14:01:16,146 [4c149094-c8c7-466f-8837-6623514047e5@group-4EDD817D868A-StateMachineUpdater] INFO  ratis.ContainerStateMachine (ContainerStateMachine.java:takeSnapshot(341)) - group-4EDD817D868A: Finished taking a snapshot at:(t:1, i:0) file:/home/runner/work/ozone/ozone/hadoop-ozone/integration-test/target/test-dir/MiniOzoneClusterImpl-e08b4ded-cf26-487b-9197-20d38c9ee5c1/datanode-0/data/ratis/47379d53-f478-4ddb-9ab5-4edd817d868a/sm/snapshot.1_0 took: 20 ms
2023-04-02 14:01:16,146 [4c149094-c8c7-466f-8837-6623514047e5@group-4EDD817D868A-StateMachineUpdater] INFO  impl.StateMachineUpdater (StateMachineUpdater.java:takeSnapshot(287)) - 4c149094-c8c7-466f-8837-6623514047e5@group-4EDD817D868A-StateMachineUpdater: Took a snapshot at index 0
2023-04-02 14:01:16,146 [4c149094-c8c7-466f-8837-6623514047e5@group-4EDD817D868A-StateMachineUpdater] INFO  impl.StateMachineUpdater (StateMachineUpdater.java:lambda$new$0(92)) - 4c149094-c8c7-466f-8837-6623514047e5@group-4EDD817D868A-StateMachineUpdater: snapshotIndex: updateIncreasingly -1 -> 0
2023-04-02 14:01:16,311 [Listener at 127.0.0.1/38335] INFO  ozone.MiniOzoneClusterImpl (MiniOzoneClusterImpl.java:lambda$waitForClusterToBeReady$0(222)) - Nodes are ready. Got 3 of 3 DN Heartbeats.
2023-04-02 14:01:16,311 [Listener at 127.0.0.1/38335] INFO  ozone.MiniOzoneClusterImpl (MiniOzoneClusterImpl.java:lambda$waitForClusterToBeReady$0(225)) - Cluster exits safe mode
2023-04-02 14:01:16,311 [Listener at 127.0.0.1/38335] INFO  ozone.MiniOzoneClusterImpl (MiniOzoneClusterImpl.java:lambda$waitForClusterToBeReady$0(227)) - SCM became leader
2023-04-02 14:01:16,489 [ef7b62c9-01e2-453f-9d3f-9e9ef16e062c@group-E2D4A2029E39-FollowerState] INFO  impl.FollowerState (FollowerState.java:run(143)) - ef7b62c9-01e2-453f-9d3f-9e9ef16e062c@group-E2D4A2029E39-FollowerState: change to CANDIDATE, lastRpcElapsedTime:5116929592ns, electionTimeout:5111ms
2023-04-02 14:01:16,489 [ef7b62c9-01e2-453f-9d3f-9e9ef16e062c@group-E2D4A2029E39-FollowerState] INFO  impl.RoleInfo (RoleInfo.java:shutdownFollowerState(110)) - ef7b62c9-01e2-453f-9d3f-9e9ef16e062c: shutdown ef7b62c9-01e2-453f-9d3f-9e9ef16e062c@group-E2D4A2029E39-FollowerState
2023-04-02 14:01:16,489 [ef7b62c9-01e2-453f-9d3f-9e9ef16e062c@group-E2D4A2029E39-FollowerState] INFO  server.RaftServer$Division (RaftServerImpl.java:setRole(321)) - ef7b62c9-01e2-453f-9d3f-9e9ef16e062c@group-E2D4A2029E39: changes role from  FOLLOWER to CANDIDATE at term 0 for changeToCandidate
2023-04-02 14:01:16,489 [ef7b62c9-01e2-453f-9d3f-9e9ef16e062c@group-E2D4A2029E39-FollowerState] INFO  server.RaftServerConfigKeys (ConfUtils.java:logGet(46)) - raft.server.leaderelection.pre-vote = true (default)
2023-04-02 14:01:16,489 [ef7b62c9-01e2-453f-9d3f-9e9ef16e062c@group-E2D4A2029E39-FollowerState] INFO  impl.RoleInfo (RoleInfo.java:updateAndGet(139)) - ef7b62c9-01e2-453f-9d3f-9e9ef16e062c: start ef7b62c9-01e2-453f-9d3f-9e9ef16e062c@group-E2D4A2029E39-LeaderElection6
2023-04-02 14:01:16,500 [ef7b62c9-01e2-453f-9d3f-9e9ef16e062c@group-E2D4A2029E39-LeaderElection6] INFO  impl.LeaderElection (LeaderElection.java:askForVotes(312)) - ef7b62c9-01e2-453f-9d3f-9e9ef16e062c@group-E2D4A2029E39-LeaderElection6 PRE_VOTE round 0: submit vote requests at term 0 for -1: peers:[ef7b62c9-01e2-453f-9d3f-9e9ef16e062c|rpc:10.1.0.35:38491|dataStream:10.1.0.35:45283|priority:1|startupRole:FOLLOWER]|listeners:[], old=null
2023-04-02 14:01:16,500 [ef7b62c9-01e2-453f-9d3f-9e9ef16e062c@group-E2D4A2029E39-LeaderElection6] INFO  impl.LeaderElection (LeaderElection.java:askForVotes(314)) - ef7b62c9-01e2-453f-9d3f-9e9ef16e062c@group-E2D4A2029E39-LeaderElection6 PRE_VOTE round 0: result PASSED (term=0)
2023-04-02 14:01:16,501 [ef7b62c9-01e2-453f-9d3f-9e9ef16e062c@group-E2D4A2029E39-LeaderElection6] INFO  impl.LeaderElection (LeaderElection.java:askForVotes(312)) - ef7b62c9-01e2-453f-9d3f-9e9ef16e062c@group-E2D4A2029E39-LeaderElection6 ELECTION round 0: submit vote requests at term 1 for -1: peers:[ef7b62c9-01e2-453f-9d3f-9e9ef16e062c|rpc:10.1.0.35:38491|dataStream:10.1.0.35:45283|priority:1|startupRole:FOLLOWER]|listeners:[], old=null
2023-04-02 14:01:16,502 [4c149094-c8c7-466f-8837-6623514047e5@group-309AA1EE3FA3-FollowerState] INFO  impl.FollowerState (FollowerState.java:run(143)) - 4c149094-c8c7-466f-8837-6623514047e5@group-309AA1EE3FA3-FollowerState: change to CANDIDATE, lastRpcElapsedTime:5189067712ns, electionTimeout:5170ms
2023-04-02 14:01:16,503 [4c149094-c8c7-466f-8837-6623514047e5@group-309AA1EE3FA3-FollowerState] INFO  impl.RoleInfo (RoleInfo.java:shutdownFollowerState(110)) - 4c149094-c8c7-466f-8837-6623514047e5: shutdown 4c149094-c8c7-466f-8837-6623514047e5@group-309AA1EE3FA3-FollowerState
2023-04-02 14:01:16,503 [4c149094-c8c7-466f-8837-6623514047e5@group-309AA1EE3FA3-FollowerState] INFO  server.RaftServer$Division (RaftServerImpl.java:setRole(321)) - 4c149094-c8c7-466f-8837-6623514047e5@group-309AA1EE3FA3: changes role from  FOLLOWER to CANDIDATE at term 0 for changeToCandidate
2023-04-02 14:01:16,503 [4c149094-c8c7-466f-8837-6623514047e5@group-309AA1EE3FA3-FollowerState] INFO  server.RaftServerConfigKeys (ConfUtils.java:logGet(46)) - raft.server.leaderelection.pre-vote = true (default)
2023-04-02 14:01:16,503 [4c149094-c8c7-466f-8837-6623514047e5@group-309AA1EE3FA3-FollowerState] INFO  impl.RoleInfo (RoleInfo.java:updateAndGet(139)) - 4c149094-c8c7-466f-8837-6623514047e5: start 4c149094-c8c7-466f-8837-6623514047e5@group-309AA1EE3FA3-LeaderElection7
2023-04-02 14:01:16,503 [ef7b62c9-01e2-453f-9d3f-9e9ef16e062c@group-E2D4A2029E39-LeaderElection6] INFO  impl.LeaderElection (LeaderElection.java:askForVotes(314)) - ef7b62c9-01e2-453f-9d3f-9e9ef16e062c@group-E2D4A2029E39-LeaderElection6 ELECTION round 0: result PASSED (term=1)
2023-04-02 14:01:16,503 [ef7b62c9-01e2-453f-9d3f-9e9ef16e062c@group-E2D4A2029E39-LeaderElection6] INFO  impl.RoleInfo (RoleInfo.java:shutdownLeaderElection(130)) - ef7b62c9-01e2-453f-9d3f-9e9ef16e062c: shutdown ef7b62c9-01e2-453f-9d3f-9e9ef16e062c@group-E2D4A2029E39-LeaderElection6
2023-04-02 14:01:16,503 [ef7b62c9-01e2-453f-9d3f-9e9ef16e062c@group-E2D4A2029E39-LeaderElection6] INFO  server.RaftServer$Division (RaftServerImpl.java:setRole(321)) - ef7b62c9-01e2-453f-9d3f-9e9ef16e062c@group-E2D4A2029E39: changes role from CANDIDATE to LEADER at term 1 for changeToLeader
2023-04-02 14:01:16,503 [ef7b62c9-01e2-453f-9d3f-9e9ef16e062c@group-E2D4A2029E39-LeaderElection6] INFO  ratis.XceiverServerRatis (XceiverServerRatis.java:handleLeaderChangedNotification(904)) - Leader change notification received for group: group-E2D4A2029E39 with new leaderId: ef7b62c9-01e2-453f-9d3f-9e9ef16e062c
2023-04-02 14:01:16,508 [ef7b62c9-01e2-453f-9d3f-9e9ef16e062c@group-E2D4A2029E39-LeaderElection6] INFO  server.RaftServer$Division (ServerState.java:setLeader(313)) - ef7b62c9-01e2-453f-9d3f-9e9ef16e062c@group-E2D4A2029E39: change Leader from null to ef7b62c9-01e2-453f-9d3f-9e9ef16e062c at term 1 for becomeLeader, leader elected after 5191ms
2023-04-02 14:01:16,508 [ef7b62c9-01e2-453f-9d3f-9e9ef16e062c@group-E2D4A2029E39-LeaderElection6] INFO  server.RaftServerConfigKeys (ConfUtils.java:logGet(46)) - raft.server.staging.catchup.gap = 1000 (default)
2023-04-02 14:01:16,509 [ef7b62c9-01e2-453f-9d3f-9e9ef16e062c@group-E2D4A2029E39-LeaderElection6] INFO  server.RaftServerConfigKeys (ConfUtils.java:logGet(46)) - raft.server.write.element-limit = 1024 (custom)
2023-04-02 14:01:16,509 [ef7b62c9-01e2-453f-9d3f-9e9ef16e062c@group-E2D4A2029E39-LeaderElection6] INFO  server.RaftServerConfigKeys (ConfUtils.java:logGet(46)) - raft.server.write.byte-limit = 1024 M (=1073741824) (custom)
2023-04-02 14:01:16,512 [ef7b62c9-01e2-453f-9d3f-9e9ef16e062c@group-E2D4A2029E39-LeaderElection6] INFO  server.RaftServerConfigKeys (ConfUtils.java:logGet(46)) - raft.server.watch.timeout = 10000ms (default)
2023-04-02 14:01:16,513 [ef7b62c9-01e2-453f-9d3f-9e9ef16e062c@group-E2D4A2029E39-LeaderElection6] INFO  server.RaftServerConfigKeys (ConfUtils.java:logGet(46)) - raft.server.watch.timeout.denomination = 1s (default)
2023-04-02 14:01:16,513 [ef7b62c9-01e2-453f-9d3f-9e9ef16e062c@group-E2D4A2029E39-LeaderElection6] INFO  server.RaftServerConfigKeys (ConfUtils.java:logGet(46)) - raft.server.watch.element-limit = 65536 (default)
2023-04-02 14:01:16,515 [ef7b62c9-01e2-453f-9d3f-9e9ef16e062c@group-E2D4A2029E39-LeaderElection6] INFO  server.RaftServerConfigKeys (ConfUtils.java:logGet(46)) - raft.server.write.element-limit = 1024 (custom)
2023-04-02 14:01:16,515 [ef7b62c9-01e2-453f-9d3f-9e9ef16e062c@group-E2D4A2029E39-LeaderElection6] INFO  server.RaftServerConfigKeys (ConfUtils.java:logGet(46)) - raft.server.write.follower.gap.ratio.max = -1.0 (default)
2023-04-02 14:01:16,515 [ef7b62c9-01e2-453f-9d3f-9e9ef16e062c@group-E2D4A2029E39-LeaderElection6] INFO  impl.RoleInfo (RoleInfo.java:updateAndGet(139)) - ef7b62c9-01e2-453f-9d3f-9e9ef16e062c: start ef7b62c9-01e2-453f-9d3f-9e9ef16e062c@group-E2D4A2029E39-LeaderStateImpl
2023-04-02 14:01:16,515 [ef7b62c9-01e2-453f-9d3f-9e9ef16e062c@group-E2D4A2029E39-LeaderElection6] INFO  segmented.SegmentedRaftLogWorker (SegmentedRaftLogWorker.java:startLogSegment(452)) - ef7b62c9-01e2-453f-9d3f-9e9ef16e062c@group-E2D4A2029E39-SegmentedRaftLogWorker: Starting segment from index:0
2023-04-02 14:01:16,519 [04d213b6-f61d-4fba-9596-1d72c738ecbb@group-309AA1EE3FA3-FollowerState] INFO  impl.FollowerState (FollowerState.java:run(143)) - 04d213b6-f61d-4fba-9596-1d72c738ecbb@group-309AA1EE3FA3-FollowerState: change to CANDIDATE, lastRpcElapsedTime:5180672299ns, electionTimeout:5171ms
2023-04-02 14:01:16,519 [04d213b6-f61d-4fba-9596-1d72c738ecbb@group-309AA1EE3FA3-FollowerState] INFO  impl.RoleInfo (RoleInfo.java:shutdownFollowerState(110)) - 04d213b6-f61d-4fba-9596-1d72c738ecbb: shutdown 04d213b6-f61d-4fba-9596-1d72c738ecbb@group-309AA1EE3FA3-FollowerState
2023-04-02 14:01:16,519 [04d213b6-f61d-4fba-9596-1d72c738ecbb@group-309AA1EE3FA3-FollowerState] INFO  server.RaftServer$Division (RaftServerImpl.java:setRole(321)) - 04d213b6-f61d-4fba-9596-1d72c738ecbb@group-309AA1EE3FA3: changes role from  FOLLOWER to CANDIDATE at term 0 for changeToCandidate
2023-04-02 14:01:16,519 [ef7b62c9-01e2-453f-9d3f-9e9ef16e062c@group-E2D4A2029E39-SegmentedRaftLogWorker] INFO  segmented.SegmentedRaftLogWorker (SegmentedRaftLogWorker.java:execute(656)) - ef7b62c9-01e2-453f-9d3f-9e9ef16e062c@group-E2D4A2029E39-SegmentedRaftLogWorker: created new log segment /home/runner/work/ozone/ozone/hadoop-ozone/integration-test/target/test-dir/MiniOzoneClusterImpl-e08b4ded-cf26-487b-9197-20d38c9ee5c1/datanode-2/data/ratis/65f5263c-e7e0-4507-a575-e2d4a2029e39/current/log_inprogress_0
2023-04-02 14:01:16,523 [04d213b6-f61d-4fba-9596-1d72c738ecbb@group-309AA1EE3FA3-FollowerState] INFO  server.RaftServerConfigKeys (ConfUtils.java:logGet(46)) - raft.server.leaderelection.pre-vote = true (default)
2023-04-02 14:01:16,523 [04d213b6-f61d-4fba-9596-1d72c738ecbb@group-309AA1EE3FA3-FollowerState] INFO  impl.RoleInfo (RoleInfo.java:updateAndGet(139)) - 04d213b6-f61d-4fba-9596-1d72c738ecbb: start 04d213b6-f61d-4fba-9596-1d72c738ecbb@group-309AA1EE3FA3-LeaderElection8
2023-04-02 14:01:16,523 [ef7b62c9-01e2-453f-9d3f-9e9ef16e062c@group-E2D4A2029E39-LeaderElection6] INFO  server.RaftServer$Division (ServerState.java:setRaftConf(430)) - ef7b62c9-01e2-453f-9d3f-9e9ef16e062c@group-E2D4A2029E39: set configuration 0: peers:[ef7b62c9-01e2-453f-9d3f-9e9ef16e062c|rpc:10.1.0.35:38491|dataStream:10.1.0.35:45283|priority:1|startupRole:FOLLOWER]|listeners:[], old=null
2023-04-02 14:01:16,524 [4c149094-c8c7-466f-8837-6623514047e5@group-309AA1EE3FA3-LeaderElection7] INFO  impl.LeaderElection (LeaderElection.java:askForVotes(312)) - 4c149094-c8c7-466f-8837-6623514047e5@group-309AA1EE3FA3-LeaderElection7 PRE_VOTE round 0: submit vote requests at term 0 for -1: peers:[4c149094-c8c7-466f-8837-6623514047e5|rpc:10.1.0.35:43877|dataStream:10.1.0.35:38539|priority:1|startupRole:FOLLOWER, 04d213b6-f61d-4fba-9596-1d72c738ecbb|rpc:10.1.0.35:45029|dataStream:10.1.0.35:40503|priority:0|startupRole:FOLLOWER, ef7b62c9-01e2-453f-9d3f-9e9ef16e062c|rpc:10.1.0.35:38491|dataStream:10.1.0.35:45283|priority:0|startupRole:FOLLOWER]|listeners:[], old=null
2023-04-02 14:01:16,540 [4c149094-c8c7-466f-8837-6623514047e5@group-309AA1EE3FA3-LeaderElection7] INFO  server.RaftServerConfigKeys (ConfUtils.java:logFallback(53)) - raft.server.rpc.first-election.timeout.min = 5s (fallback to raft.server.rpc.timeout.min)
2023-04-02 14:01:16,540 [4c149094-c8c7-466f-8837-6623514047e5@group-309AA1EE3FA3-LeaderElection7] INFO  server.RaftServerConfigKeys (ConfUtils.java:logFallback(53)) - raft.server.rpc.first-election.timeout.max = 5200ms (fallback to raft.server.rpc.timeout.max)
2023-04-02 14:01:16,542 [grpc-default-executor-1] INFO  server.RaftServer$Division (RaftServerImpl.java:requestVote(1218)) - 04d213b6-f61d-4fba-9596-1d72c738ecbb@group-309AA1EE3FA3: receive requestVote(PRE_VOTE, 4c149094-c8c7-466f-8837-6623514047e5, group-309AA1EE3FA3, 0, (t:0, i:0))
2023-04-02 14:01:16,542 [grpc-default-executor-1] INFO  impl.VoteContext (VoteContext.java:log(49)) - 04d213b6-f61d-4fba-9596-1d72c738ecbb@group-309AA1EE3FA3-CANDIDATE: accept PRE_VOTE from 4c149094-c8c7-466f-8837-6623514047e5: our priority 0 <= candidate's priority 1
2023-04-02 14:01:16,543 [grpc-default-executor-1] INFO  server.RaftServer$Division (RaftServerImpl.java:requestVote(1251)) - 04d213b6-f61d-4fba-9596-1d72c738ecbb@group-309AA1EE3FA3 replies to PRE_VOTE vote request: 4c149094-c8c7-466f-8837-6623514047e5<-04d213b6-f61d-4fba-9596-1d72c738ecbb#0:OK-t0. Peer's state: 04d213b6-f61d-4fba-9596-1d72c738ecbb@group-309AA1EE3FA3:t0, leader=null, voted=, raftlog=Memoized:04d213b6-f61d-4fba-9596-1d72c738ecbb@group-309AA1EE3FA3-SegmentedRaftLog:OPENED:c-1, conf=-1: peers:[4c149094-c8c7-466f-8837-6623514047e5|rpc:10.1.0.35:43877|dataStream:10.1.0.35:38539|priority:1|startupRole:FOLLOWER, 04d213b6-f61d-4fba-9596-1d72c738ecbb|rpc:10.1.0.35:45029|dataStream:10.1.0.35:40503|priority:0|startupRole:FOLLOWER, ef7b62c9-01e2-453f-9d3f-9e9ef16e062c|rpc:10.1.0.35:38491|dataStream:10.1.0.35:45283|priority:0|startupRole:FOLLOWER]|listeners:[], old=null
2023-04-02 14:01:16,545 [4c149094-c8c7-466f-8837-6623514047e5@group-309AA1EE3FA3-LeaderElection7] INFO  impl.LeaderElection (LeaderElection.java:logAndReturn(90)) - 4c149094-c8c7-466f-8837-6623514047e5@group-309AA1EE3FA3-LeaderElection7: PRE_VOTE PASSED received 1 response(s) and 0 exception(s):
2023-04-02 14:01:16,545 [4c149094-c8c7-466f-8837-6623514047e5@group-309AA1EE3FA3-LeaderElection7] INFO  impl.LeaderElection (LeaderElection.java:logAndReturn(94)) -   Response 0: 4c149094-c8c7-466f-8837-6623514047e5<-04d213b6-f61d-4fba-9596-1d72c738ecbb#0:OK-t0
2023-04-02 14:01:16,545 [4c149094-c8c7-466f-8837-6623514047e5@group-309AA1EE3FA3-LeaderElection7] INFO  impl.LeaderElection (LeaderElection.java:askForVotes(314)) - 4c149094-c8c7-466f-8837-6623514047e5@group-309AA1EE3FA3-LeaderElection7 PRE_VOTE round 0: result PASSED
2023-04-02 14:01:16,547 [4c149094-c8c7-466f-8837-6623514047e5@group-309AA1EE3FA3-LeaderElection7] INFO  impl.LeaderElection (LeaderElection.java:askForVotes(312)) - 4c149094-c8c7-466f-8837-6623514047e5@group-309AA1EE3FA3-LeaderElection7 ELECTION round 0: submit vote requests at term 1 for -1: peers:[4c149094-c8c7-466f-8837-6623514047e5|rpc:10.1.0.35:43877|dataStream:10.1.0.35:38539|priority:1|startupRole:FOLLOWER, 04d213b6-f61d-4fba-9596-1d72c738ecbb|rpc:10.1.0.35:45029|dataStream:10.1.0.35:40503|priority:0|startupRole:FOLLOWER, ef7b62c9-01e2-453f-9d3f-9e9ef16e062c|rpc:10.1.0.35:38491|dataStream:10.1.0.35:45283|priority:0|startupRole:FOLLOWER]|listeners:[], old=null
2023-04-02 14:01:16,549 [4c149094-c8c7-466f-8837-6623514047e5@group-309AA1EE3FA3-LeaderElection7] INFO  server.RaftServerConfigKeys (ConfUtils.java:logFallback(53)) - raft.server.rpc.first-election.timeout.min = 5s (fallback to raft.server.rpc.timeout.min)
2023-04-02 14:01:16,549 [4c149094-c8c7-466f-8837-6623514047e5@group-309AA1EE3FA3-LeaderElection7] INFO  server.RaftServerConfigKeys (ConfUtils.java:logFallback(53)) - raft.server.rpc.first-election.timeout.max = 5200ms (fallback to raft.server.rpc.timeout.max)
2023-04-02 14:01:16,550 [ef7b62c9-01e2-453f-9d3f-9e9ef16e062c@group-E2D4A2029E39-StateMachineUpdater] INFO  ratis.ContainerStateMachine (ContainerStateMachine.java:takeSnapshot(330)) - group-E2D4A2029E39: Taking a snapshot at:(t:1, i:0) file /home/runner/work/ozone/ozone/hadoop-ozone/integration-test/target/test-dir/MiniOzoneClusterImpl-e08b4ded-cf26-487b-9197-20d38c9ee5c1/datanode-2/data/ratis/65f5263c-e7e0-4507-a575-e2d4a2029e39/sm/snapshot.1_0
2023-04-02 14:01:16,559 [grpc-default-executor-3] INFO  server.RaftServer$Division (RaftServerImpl.java:requestVote(1218)) - ef7b62c9-01e2-453f-9d3f-9e9ef16e062c@group-309AA1EE3FA3: receive requestVote(ELECTION, 4c149094-c8c7-466f-8837-6623514047e5, group-309AA1EE3FA3, 1, (t:0, i:0))
2023-04-02 14:01:16,559 [grpc-default-executor-3] INFO  impl.VoteContext (VoteContext.java:log(49)) - ef7b62c9-01e2-453f-9d3f-9e9ef16e062c@group-309AA1EE3FA3-FOLLOWER: accept ELECTION from 4c149094-c8c7-466f-8837-6623514047e5: our priority 0 <= candidate's priority 1
2023-04-02 14:01:16,560 [grpc-default-executor-3] INFO  server.RaftServer$Division (RaftServerImpl.java:setRole(321)) - ef7b62c9-01e2-453f-9d3f-9e9ef16e062c@group-309AA1EE3FA3: changes role from  FOLLOWER to FOLLOWER at term 1 for candidate:4c149094-c8c7-466f-8837-6623514047e5
2023-04-02 14:01:16,560 [grpc-default-executor-3] INFO  impl.RoleInfo (RoleInfo.java:shutdownFollowerState(110)) - ef7b62c9-01e2-453f-9d3f-9e9ef16e062c: shutdown ef7b62c9-01e2-453f-9d3f-9e9ef16e062c@group-309AA1EE3FA3-FollowerState
2023-04-02 14:01:16,560 [grpc-default-executor-3] INFO  impl.RoleInfo (RoleInfo.java:updateAndGet(139)) - ef7b62c9-01e2-453f-9d3f-9e9ef16e062c: start ef7b62c9-01e2-453f-9d3f-9e9ef16e062c@group-309AA1EE3FA3-FollowerState
2023-04-02 14:01:16,560 [ef7b62c9-01e2-453f-9d3f-9e9ef16e062c@group-309AA1EE3FA3-FollowerState] INFO  impl.FollowerState (FollowerState.java:run(152)) - ef7b62c9-01e2-453f-9d3f-9e9ef16e062c@group-309AA1EE3FA3-FollowerState was interrupted
2023-04-02 14:01:16,558 [grpc-default-executor-1] INFO  server.RaftServer$Division (RaftServerImpl.java:requestVote(1218)) - 04d213b6-f61d-4fba-9596-1d72c738ecbb@group-309AA1EE3FA3: receive requestVote(ELECTION, 4c149094-c8c7-466f-8837-6623514047e5, group-309AA1EE3FA3, 1, (t:0, i:0))
2023-04-02 14:01:16,553 [04d213b6-f61d-4fba-9596-1d72c738ecbb@group-309AA1EE3FA3-LeaderElection8] INFO  impl.LeaderElection (LeaderElection.java:askForVotes(312)) - 04d213b6-f61d-4fba-9596-1d72c738ecbb@group-309AA1EE3FA3-LeaderElection8 PRE_VOTE round 0: submit vote requests at term 0 for -1: peers:[4c149094-c8c7-466f-8837-6623514047e5|rpc:10.1.0.35:43877|dataStream:10.1.0.35:38539|priority:1|startupRole:FOLLOWER, 04d213b6-f61d-4fba-9596-1d72c738ecbb|rpc:10.1.0.35:45029|dataStream:10.1.0.35:40503|priority:0|startupRole:FOLLOWER, ef7b62c9-01e2-453f-9d3f-9e9ef16e062c|rpc:10.1.0.35:38491|dataStream:10.1.0.35:45283|priority:0|startupRole:FOLLOWER]|listeners:[], old=null
2023-04-02 14:01:16,560 [grpc-default-executor-1] INFO  impl.VoteContext (VoteContext.java:log(49)) - 04d213b6-f61d-4fba-9596-1d72c738ecbb@group-309AA1EE3FA3-CANDIDATE: accept ELECTION from 4c149094-c8c7-466f-8837-6623514047e5: our priority 0 <= candidate's priority 1
2023-04-02 14:01:16,561 [grpc-default-executor-1] INFO  server.RaftServer$Division (RaftServerImpl.java:setRole(321)) - 04d213b6-f61d-4fba-9596-1d72c738ecbb@group-309AA1EE3FA3: changes role from CANDIDATE to FOLLOWER at term 1 for candidate:4c149094-c8c7-466f-8837-6623514047e5
2023-04-02 14:01:16,561 [grpc-default-executor-1] INFO  impl.RoleInfo (RoleInfo.java:shutdownLeaderElection(130)) - 04d213b6-f61d-4fba-9596-1d72c738ecbb: shutdown 04d213b6-f61d-4fba-9596-1d72c738ecbb@group-309AA1EE3FA3-LeaderElection8
2023-04-02 14:01:16,559 [ef7b62c9-01e2-453f-9d3f-9e9ef16e062c@group-E2D4A2029E39-StateMachineUpdater] INFO  ratis.ContainerStateMachine (ContainerStateMachine.java:takeSnapshot(341)) - group-E2D4A2029E39: Finished taking a snapshot at:(t:1, i:0) file:/home/runner/work/ozone/ozone/hadoop-ozone/integration-test/target/test-dir/MiniOzoneClusterImpl-e08b4ded-cf26-487b-9197-20d38c9ee5c1/datanode-2/data/ratis/65f5263c-e7e0-4507-a575-e2d4a2029e39/sm/snapshot.1_0 took: 9 ms
2023-04-02 14:01:16,569 [ef7b62c9-01e2-453f-9d3f-9e9ef16e062c@group-E2D4A2029E39-StateMachineUpdater] INFO  impl.StateMachineUpdater (StateMachineUpdater.java:takeSnapshot(287)) - ef7b62c9-01e2-453f-9d3f-9e9ef16e062c@group-E2D4A2029E39-StateMachineUpdater: Took a snapshot at index 0
2023-04-02 14:01:16,569 [ef7b62c9-01e2-453f-9d3f-9e9ef16e062c@group-E2D4A2029E39-StateMachineUpdater] INFO  impl.StateMachineUpdater (StateMachineUpdater.java:lambda$new$0(92)) - ef7b62c9-01e2-453f-9d3f-9e9ef16e062c@group-E2D4A2029E39-StateMachineUpdater: snapshotIndex: updateIncreasingly -1 -> 0
2023-04-02 14:01:16,559 [grpc-default-executor-0] INFO  server.RaftServer$Division (RaftServerImpl.java:requestVote(1218)) - ef7b62c9-01e2-453f-9d3f-9e9ef16e062c@group-309AA1EE3FA3: receive requestVote(PRE_VOTE, 4c149094-c8c7-466f-8837-6623514047e5, group-309AA1EE3FA3, 0, (t:0, i:0))
2023-04-02 14:01:16,571 [04d213b6-f61d-4fba-9596-1d72c738ecbb@group-309AA1EE3FA3-LeaderElection8] INFO  server.RaftServerConfigKeys (ConfUtils.java:logFallback(53)) - raft.server.rpc.first-election.timeout.min = 5s (fallback to raft.server.rpc.timeout.min)
2023-04-02 14:01:16,571 [04d213b6-f61d-4fba-9596-1d72c738ecbb@group-309AA1EE3FA3-LeaderElection8] INFO  server.RaftServerConfigKeys (ConfUtils.java:logFallback(53)) - raft.server.rpc.first-election.timeout.max = 5200ms (fallback to raft.server.rpc.timeout.max)
2023-04-02 14:01:16,571 [04d213b6-f61d-4fba-9596-1d72c738ecbb@group-309AA1EE3FA3-LeaderElection8] INFO  impl.LeaderElection (LeaderElection.java:logAndReturn(90)) - 04d213b6-f61d-4fba-9596-1d72c738ecbb@group-309AA1EE3FA3-LeaderElection8: PRE_VOTE REJECTED received 0 response(s) and 0 exception(s):
2023-04-02 14:01:16,571 [04d213b6-f61d-4fba-9596-1d72c738ecbb@group-309AA1EE3FA3-LeaderElection8] INFO  impl.LeaderElection (LeaderElection.java:askForVotes(314)) - 04d213b6-f61d-4fba-9596-1d72c738ecbb@group-309AA1EE3FA3-LeaderElection8 PRE_VOTE round 0: result REJECTED
2023-04-02 14:01:16,572 [grpc-default-executor-3] INFO  server.RaftServer$Division (RaftServerImpl.java:requestVote(1251)) - ef7b62c9-01e2-453f-9d3f-9e9ef16e062c@group-309AA1EE3FA3 replies to ELECTION vote request: 4c149094-c8c7-466f-8837-6623514047e5<-ef7b62c9-01e2-453f-9d3f-9e9ef16e062c#0:OK-t1. Peer's state: ef7b62c9-01e2-453f-9d3f-9e9ef16e062c@group-309AA1EE3FA3:t1, leader=null, voted=4c149094-c8c7-466f-8837-6623514047e5, raftlog=Memoized:ef7b62c9-01e2-453f-9d3f-9e9ef16e062c@group-309AA1EE3FA3-SegmentedRaftLog:OPENED:c-1, conf=-1: peers:[4c149094-c8c7-466f-8837-6623514047e5|rpc:10.1.0.35:43877|dataStream:10.1.0.35:38539|priority:1|startupRole:FOLLOWER, 04d213b6-f61d-4fba-9596-1d72c738ecbb|rpc:10.1.0.35:45029|dataStream:10.1.0.35:40503|priority:0|startupRole:FOLLOWER, ef7b62c9-01e2-453f-9d3f-9e9ef16e062c|rpc:10.1.0.35:38491|dataStream:10.1.0.35:45283|priority:0|startupRole:FOLLOWER]|listeners:[], old=null
2023-04-02 14:01:16,573 [ef7b62c9-01e2-453f-9d3f-9e9ef16e062c@group-309AA1EE3FA3-FollowerState] INFO  server.RaftServerConfigKeys (ConfUtils.java:logFallback(53)) - raft.server.rpc.first-election.timeout.min = 5s (fallback to raft.server.rpc.timeout.min)
2023-04-02 14:01:16,573 [ef7b62c9-01e2-453f-9d3f-9e9ef16e062c@group-309AA1EE3FA3-FollowerState] INFO  server.RaftServerConfigKeys (ConfUtils.java:logFallback(53)) - raft.server.rpc.first-election.timeout.max = 5200ms (fallback to raft.server.rpc.timeout.max)
2023-04-02 14:01:16,576 [grpc-default-executor-1] INFO  impl.RoleInfo (RoleInfo.java:updateAndGet(139)) - 04d213b6-f61d-4fba-9596-1d72c738ecbb: start 04d213b6-f61d-4fba-9596-1d72c738ecbb@group-309AA1EE3FA3-FollowerState
2023-04-02 14:01:16,576 [grpc-default-executor-0] INFO  impl.VoteContext (VoteContext.java:log(49)) - ef7b62c9-01e2-453f-9d3f-9e9ef16e062c@group-309AA1EE3FA3-FOLLOWER: accept PRE_VOTE from 4c149094-c8c7-466f-8837-6623514047e5: our priority 0 <= candidate's priority 1
2023-04-02 14:01:16,578 [grpc-default-executor-0] INFO  server.RaftServer$Division (RaftServerImpl.java:requestVote(1251)) - ef7b62c9-01e2-453f-9d3f-9e9ef16e062c@group-309AA1EE3FA3 replies to PRE_VOTE vote request: 4c149094-c8c7-466f-8837-6623514047e5<-ef7b62c9-01e2-453f-9d3f-9e9ef16e062c#0:OK-t1. Peer's state: ef7b62c9-01e2-453f-9d3f-9e9ef16e062c@group-309AA1EE3FA3:t1, leader=null, voted=4c149094-c8c7-466f-8837-6623514047e5, raftlog=Memoized:ef7b62c9-01e2-453f-9d3f-9e9ef16e062c@group-309AA1EE3FA3-SegmentedRaftLog:OPENED:c-1, conf=-1: peers:[4c149094-c8c7-466f-8837-6623514047e5|rpc:10.1.0.35:43877|dataStream:10.1.0.35:38539|priority:1|startupRole:FOLLOWER, 04d213b6-f61d-4fba-9596-1d72c738ecbb|rpc:10.1.0.35:45029|dataStream:10.1.0.35:40503|priority:0|startupRole:FOLLOWER, ef7b62c9-01e2-453f-9d3f-9e9ef16e062c|rpc:10.1.0.35:38491|dataStream:10.1.0.35:45283|priority:0|startupRole:FOLLOWER]|listeners:[], old=null
2023-04-02 14:01:16,576 [grpc-default-executor-2] INFO  server.RaftServer$Division (RaftServerImpl.java:requestVote(1218)) - 4c149094-c8c7-466f-8837-6623514047e5@group-309AA1EE3FA3: receive requestVote(PRE_VOTE, 04d213b6-f61d-4fba-9596-1d72c738ecbb, group-309AA1EE3FA3, 0, (t:0, i:0))
2023-04-02 14:01:16,578 [grpc-default-executor-2] INFO  impl.VoteContext (VoteContext.java:log(49)) - 4c149094-c8c7-466f-8837-6623514047e5@group-309AA1EE3FA3-CANDIDATE: reject PRE_VOTE from 04d213b6-f61d-4fba-9596-1d72c738ecbb: our priority 1 > candidate's priority 0
2023-04-02 14:01:16,578 [grpc-default-executor-2] INFO  server.RaftServer$Division (RaftServerImpl.java:requestVote(1251)) - 4c149094-c8c7-466f-8837-6623514047e5@group-309AA1EE3FA3 replies to PRE_VOTE vote request: 04d213b6-f61d-4fba-9596-1d72c738ecbb<-4c149094-c8c7-466f-8837-6623514047e5#0:FAIL-t1. Peer's state: 4c149094-c8c7-466f-8837-6623514047e5@group-309AA1EE3FA3:t1, leader=null, voted=4c149094-c8c7-466f-8837-6623514047e5, raftlog=Memoized:4c149094-c8c7-466f-8837-6623514047e5@group-309AA1EE3FA3-SegmentedRaftLog:OPENED:c-1, conf=-1: peers:[4c149094-c8c7-466f-8837-6623514047e5|rpc:10.1.0.35:43877|dataStream:10.1.0.35:38539|priority:1|startupRole:FOLLOWER, 04d213b6-f61d-4fba-9596-1d72c738ecbb|rpc:10.1.0.35:45029|dataStream:10.1.0.35:40503|priority:0|startupRole:FOLLOWER, ef7b62c9-01e2-453f-9d3f-9e9ef16e062c|rpc:10.1.0.35:38491|dataStream:10.1.0.35:45283|priority:0|startupRole:FOLLOWER]|listeners:[], old=null
2023-04-02 14:01:16,581 [4c149094-c8c7-466f-8837-6623514047e5@group-309AA1EE3FA3-LeaderElection7] INFO  impl.LeaderElection (LeaderElection.java:logAndReturn(90)) - 4c149094-c8c7-466f-8837-6623514047e5@group-309AA1EE3FA3-LeaderElection7: ELECTION PASSED received 1 response(s) and 0 exception(s):
2023-04-02 14:01:16,595 [4c149094-c8c7-466f-8837-6623514047e5@group-309AA1EE3FA3-LeaderElection7] INFO  impl.LeaderElection (LeaderElection.java:logAndReturn(94)) -   Response 0: 4c149094-c8c7-466f-8837-6623514047e5<-ef7b62c9-01e2-453f-9d3f-9e9ef16e062c#0:OK-t1
2023-04-02 14:01:16,596 [4c149094-c8c7-466f-8837-6623514047e5@group-309AA1EE3FA3-LeaderElection7] INFO  impl.LeaderElection (LeaderElection.java:askForVotes(314)) - 4c149094-c8c7-466f-8837-6623514047e5@group-309AA1EE3FA3-LeaderElection7 ELECTION round 0: result PASSED
2023-04-02 14:01:16,596 [4c149094-c8c7-466f-8837-6623514047e5@group-309AA1EE3FA3-LeaderElection7] INFO  impl.RoleInfo (RoleInfo.java:shutdownLeaderElection(130)) - 4c149094-c8c7-466f-8837-6623514047e5: shutdown 4c149094-c8c7-466f-8837-6623514047e5@group-309AA1EE3FA3-LeaderElection7
2023-04-02 14:01:16,596 [4c149094-c8c7-466f-8837-6623514047e5@group-309AA1EE3FA3-LeaderElection7] INFO  server.RaftServer$Division (RaftServerImpl.java:setRole(321)) - 4c149094-c8c7-466f-8837-6623514047e5@group-309AA1EE3FA3: changes role from CANDIDATE to LEADER at term 1 for changeToLeader
2023-04-02 14:01:16,596 [4c149094-c8c7-466f-8837-6623514047e5@group-309AA1EE3FA3-LeaderElection7] INFO  ratis.XceiverServerRatis (XceiverServerRatis.java:handleLeaderChangedNotification(904)) - Leader change notification received for group: group-309AA1EE3FA3 with new leaderId: 4c149094-c8c7-466f-8837-6623514047e5
2023-04-02 14:01:16,596 [4c149094-c8c7-466f-8837-6623514047e5@group-309AA1EE3FA3-LeaderElection7] INFO  server.RaftServer$Division (ServerState.java:setLeader(313)) - 4c149094-c8c7-466f-8837-6623514047e5@group-309AA1EE3FA3: change Leader from null to 4c149094-c8c7-466f-8837-6623514047e5 at term 1 for becomeLeader, leader elected after 5581ms
2023-04-02 14:01:16,596 [4c149094-c8c7-466f-8837-6623514047e5@group-309AA1EE3FA3-LeaderElection7] INFO  server.RaftServerConfigKeys (ConfUtils.java:logGet(46)) - raft.server.staging.catchup.gap = 1000 (default)
2023-04-02 14:01:16,596 [4c149094-c8c7-466f-8837-6623514047e5@group-309AA1EE3FA3-LeaderElection7] INFO  server.RaftServerConfigKeys (ConfUtils.java:logGet(46)) - raft.server.write.element-limit = 1024 (custom)
2023-04-02 14:01:16,596 [4c149094-c8c7-466f-8837-6623514047e5@group-309AA1EE3FA3-LeaderElection7] INFO  server.RaftServerConfigKeys (ConfUtils.java:logGet(46)) - raft.server.write.byte-limit = 1024 M (=1073741824) (custom)
2023-04-02 14:01:16,597 [4c149094-c8c7-466f-8837-6623514047e5@group-309AA1EE3FA3-LeaderElection7] INFO  server.RaftServerConfigKeys (ConfUtils.java:logGet(46)) - raft.server.watch.timeout = 10000ms (default)
2023-04-02 14:01:16,597 [4c149094-c8c7-466f-8837-6623514047e5@group-309AA1EE3FA3-LeaderElection7] INFO  server.RaftServerConfigKeys (ConfUtils.java:logGet(46)) - raft.server.watch.timeout.denomination = 1s (default)
2023-04-02 14:01:16,597 [4c149094-c8c7-466f-8837-6623514047e5@group-309AA1EE3FA3-LeaderElection7] INFO  server.RaftServerConfigKeys (ConfUtils.java:logGet(46)) - raft.server.watch.element-limit = 65536 (default)
2023-04-02 14:01:16,597 [4c149094-c8c7-466f-8837-6623514047e5@group-309AA1EE3FA3-LeaderElection7] INFO  server.RaftServerConfigKeys (ConfUtils.java:logGet(46)) - raft.server.write.element-limit = 1024 (custom)
2023-04-02 14:01:16,597 [4c149094-c8c7-466f-8837-6623514047e5@group-309AA1EE3FA3-LeaderElection7] INFO  server.RaftServerConfigKeys (ConfUtils.java:logGet(46)) - raft.server.write.follower.gap.ratio.max = -1.0 (default)
2023-04-02 14:01:16,597 [4c149094-c8c7-466f-8837-6623514047e5@group-309AA1EE3FA3-LeaderElection7] INFO  server.RaftServerConfigKeys (ConfUtils.java:logGet(46)) - raft.server.log.appender.snapshot.chunk.size.max = 16MB (=16777216) (default)
2023-04-02 14:01:16,598 [4c149094-c8c7-466f-8837-6623514047e5@group-309AA1EE3FA3-LeaderElection7] INFO  server.RaftServerConfigKeys (ConfUtils.java:logGet(46)) - raft.server.log.appender.buffer.byte-limit = 33554432 (custom)
2023-04-02 14:01:16,598 [4c149094-c8c7-466f-8837-6623514047e5@group-309AA1EE3FA3-LeaderElection7] INFO  server.RaftServerConfigKeys (ConfUtils.java:logGet(46)) - raft.server.log.appender.buffer.element-limit = 1 (custom)
2023-04-02 14:01:16,599 [grpc-default-executor-1] INFO  server.RaftServer$Division (RaftServerImpl.java:requestVote(1251)) - 04d213b6-f61d-4fba-9596-1d72c738ecbb@group-309AA1EE3FA3 replies to ELECTION vote request: 4c149094-c8c7-466f-8837-6623514047e5<-04d213b6-f61d-4fba-9596-1d72c738ecbb#0:OK-t1. Peer's state: 04d213b6-f61d-4fba-9596-1d72c738ecbb@group-309AA1EE3FA3:t1, leader=null, voted=4c149094-c8c7-466f-8837-6623514047e5, raftlog=Memoized:04d213b6-f61d-4fba-9596-1d72c738ecbb@group-309AA1EE3FA3-SegmentedRaftLog:OPENED:c-1, conf=-1: peers:[4c149094-c8c7-466f-8837-6623514047e5|rpc:10.1.0.35:43877|dataStream:10.1.0.35:38539|priority:1|startupRole:FOLLOWER, 04d213b6-f61d-4fba-9596-1d72c738ecbb|rpc:10.1.0.35:45029|dataStream:10.1.0.35:40503|priority:0|startupRole:FOLLOWER, ef7b62c9-01e2-453f-9d3f-9e9ef16e062c|rpc:10.1.0.35:38491|dataStream:10.1.0.35:45283|priority:0|startupRole:FOLLOWER]|listeners:[], old=null
2023-04-02 14:01:16,601 [grpc-default-executor-2] INFO  server.RaftServer$Division (RaftServerImpl.java:requestVote(1218)) - ef7b62c9-01e2-453f-9d3f-9e9ef16e062c@group-309AA1EE3FA3: receive requestVote(PRE_VOTE, 04d213b6-f61d-4fba-9596-1d72c738ecbb, group-309AA1EE3FA3, 0, (t:0, i:0))
2023-04-02 14:01:16,611 [grpc-default-executor-2] INFO  impl.VoteContext (VoteContext.java:log(49)) - ef7b62c9-01e2-453f-9d3f-9e9ef16e062c@group-309AA1EE3FA3-FOLLOWER: accept PRE_VOTE from 04d213b6-f61d-4fba-9596-1d72c738ecbb: our priority 0 <= candidate's priority 0
2023-04-02 14:01:16,611 [grpc-default-executor-2] INFO  server.RaftServer$Division (RaftServerImpl.java:requestVote(1251)) - ef7b62c9-01e2-453f-9d3f-9e9ef16e062c@group-309AA1EE3FA3 replies to PRE_VOTE vote request: 04d213b6-f61d-4fba-9596-1d72c738ecbb<-ef7b62c9-01e2-453f-9d3f-9e9ef16e062c#0:OK-t1. Peer's state: ef7b62c9-01e2-453f-9d3f-9e9ef16e062c@group-309AA1EE3FA3:t1, leader=null, voted=4c149094-c8c7-466f-8837-6623514047e5, raftlog=Memoized:ef7b62c9-01e2-453f-9d3f-9e9ef16e062c@group-309AA1EE3FA3-SegmentedRaftLog:OPENED:c-1, conf=-1: peers:[4c149094-c8c7-466f-8837-6623514047e5|rpc:10.1.0.35:43877|dataStream:10.1.0.35:38539|priority:1|startupRole:FOLLOWER, 04d213b6-f61d-4fba-9596-1d72c738ecbb|rpc:10.1.0.35:45029|dataStream:10.1.0.35:40503|priority:0|startupRole:FOLLOWER, ef7b62c9-01e2-453f-9d3f-9e9ef16e062c|rpc:10.1.0.35:38491|dataStream:10.1.0.35:45283|priority:0|startupRole:FOLLOWER]|listeners:[], old=null
2023-04-02 14:01:16,598 [4c149094-c8c7-466f-8837-6623514047e5@group-309AA1EE3FA3-LeaderElection7] INFO  grpc.GrpcConfigKeys (ConfUtils.java:logGet(46)) - raft.grpc.server.leader.outstanding.appends.max = 128 (default)
2023-04-02 14:01:16,611 [4c149094-c8c7-466f-8837-6623514047e5@group-309AA1EE3FA3-LeaderElection7] INFO  server.RaftServerConfigKeys (ConfUtils.java:logGet(46)) - raft.server.rpc.request.timeout = 3000ms (default)
2023-04-02 14:01:16,612 [4c149094-c8c7-466f-8837-6623514047e5@group-309AA1EE3FA3-LeaderElection7] INFO  server.RaftServerConfigKeys (ConfUtils.java:logGet(46)) - raft.server.log.appender.install.snapshot.enabled = false (custom)
2023-04-02 14:01:16,612 [4c149094-c8c7-466f-8837-6623514047e5@group-309AA1EE3FA3-LeaderElection7] INFO  grpc.GrpcConfigKeys (ConfUtils.java:logGet(46)) - raft.grpc.server.heartbeat.channel = true (default)
2023-04-02 14:01:16,612 [4c149094-c8c7-466f-8837-6623514047e5@group-309AA1EE3FA3-LeaderElection7] INFO  server.RaftServerConfigKeys (ConfUtils.java:logGet(46)) - raft.server.log.appender.wait-time.min = 10ms (default)
2023-04-02 14:01:16,612 [4c149094-c8c7-466f-8837-6623514047e5@group-309AA1EE3FA3-LeaderElection7] INFO  server.RaftServerConfigKeys (ConfUtils.java:logGet(46)) - raft.server.log.appender.snapshot.chunk.size.max = 16MB (=16777216) (default)
2023-04-02 14:01:16,613 [4c149094-c8c7-466f-8837-6623514047e5@group-309AA1EE3FA3-LeaderElection7] INFO  server.RaftServerConfigKeys (ConfUtils.java:logGet(46)) - raft.server.log.appender.buffer.byte-limit = 33554432 (custom)
2023-04-02 14:01:16,613 [4c149094-c8c7-466f-8837-6623514047e5@group-309AA1EE3FA3-LeaderElection7] INFO  server.RaftServerConfigKeys (ConfUtils.java:logGet(46)) - raft.server.log.appender.buffer.element-limit = 1 (custom)
2023-04-02 14:01:16,613 [4c149094-c8c7-466f-8837-6623514047e5@group-309AA1EE3FA3-LeaderElection7] INFO  grpc.GrpcConfigKeys (ConfUtils.java:logGet(46)) - raft.grpc.server.leader.outstanding.appends.max = 128 (default)
2023-04-02 14:01:16,613 [4c149094-c8c7-466f-8837-6623514047e5@group-309AA1EE3FA3-LeaderElection7] INFO  server.RaftServerConfigKeys (ConfUtils.java:logGet(46)) - raft.server.rpc.request.timeout = 3000ms (default)
2023-04-02 14:01:16,613 [4c149094-c8c7-466f-8837-6623514047e5@group-309AA1EE3FA3-LeaderElection7] INFO  server.RaftServerConfigKeys (ConfUtils.java:logGet(46)) - raft.server.log.appender.install.snapshot.enabled = false (custom)
2023-04-02 14:01:16,613 [4c149094-c8c7-466f-8837-6623514047e5@group-309AA1EE3FA3-LeaderElection7] INFO  grpc.GrpcConfigKeys (ConfUtils.java:logGet(46)) - raft.grpc.server.heartbeat.channel = true (default)
2023-04-02 14:01:16,613 [4c149094-c8c7-466f-8837-6623514047e5@group-309AA1EE3FA3-LeaderElection7] INFO  server.RaftServerConfigKeys (ConfUtils.java:logGet(46)) - raft.server.log.appender.wait-time.min = 10ms (default)
2023-04-02 14:01:16,613 [4c149094-c8c7-466f-8837-6623514047e5@group-309AA1EE3FA3-LeaderElection7] INFO  impl.RoleInfo (RoleInfo.java:updateAndGet(139)) - 4c149094-c8c7-466f-8837-6623514047e5: start 4c149094-c8c7-466f-8837-6623514047e5@group-309AA1EE3FA3-LeaderStateImpl
2023-04-02 14:01:16,614 [4c149094-c8c7-466f-8837-6623514047e5@group-309AA1EE3FA3-LeaderElection7] INFO  segmented.SegmentedRaftLogWorker (SegmentedRaftLogWorker.java:startLogSegment(452)) - 4c149094-c8c7-466f-8837-6623514047e5@group-309AA1EE3FA3-SegmentedRaftLogWorker: Starting segment from index:0
2023-04-02 14:01:16,605 [04d213b6-f61d-4fba-9596-1d72c738ecbb@group-309AA1EE3FA3-FollowerState] INFO  server.RaftServerConfigKeys (ConfUtils.java:logFallback(53)) - raft.server.rpc.first-election.timeout.min = 5s (fallback to raft.server.rpc.timeout.min)
2023-04-02 14:01:16,614 [04d213b6-f61d-4fba-9596-1d72c738ecbb@group-309AA1EE3FA3-FollowerState] INFO  server.RaftServerConfigKeys (ConfUtils.java:logFallback(53)) - raft.server.rpc.first-election.timeout.max = 5200ms (fallback to raft.server.rpc.timeout.max)
2023-04-02 14:01:16,602 [EventQueue-PipelineReportForPipelineReportHandler] INFO  pipeline.PipelineManagerImpl (PipelineManagerImpl.java:openPipeline(367)) - Pipeline Pipeline[ Id: 00f3f094-cd15-4334-bf4e-309aa1ee3fa3, Nodes: 04d213b6-f61d-4fba-9596-1d72c738ecbb(fv-az449-305.jvjgdiodbn4ungrcbaap0pmvbb.dx.internal.cloudapp.net/10.1.0.35)4c149094-c8c7-466f-8837-6623514047e5(fv-az449-305.jvjgdiodbn4ungrcbaap0pmvbb.dx.internal.cloudapp.net/10.1.0.35)ef7b62c9-01e2-453f-9d3f-9e9ef16e062c(fv-az449-305.jvjgdiodbn4ungrcbaap0pmvbb.dx.internal.cloudapp.net/10.1.0.35), ReplicationConfig: RATIS/THREE, State:ALLOCATED, leaderId:4c149094-c8c7-466f-8837-6623514047e5, CreationTimestamp2023-04-02T14:01:08.186Z[Etc/UTC]] moved to OPEN state
2023-04-02 14:01:16,616 [4c149094-c8c7-466f-8837-6623514047e5@group-309AA1EE3FA3-SegmentedRaftLogWorker] INFO  segmented.SegmentedRaftLogWorker (SegmentedRaftLogWorker.java:execute(656)) - 4c149094-c8c7-466f-8837-6623514047e5@group-309AA1EE3FA3-SegmentedRaftLogWorker: created new log segment /home/runner/work/ozone/ozone/hadoop-ozone/integration-test/target/test-dir/MiniOzoneClusterImpl-e08b4ded-cf26-487b-9197-20d38c9ee5c1/datanode-0/data/ratis/00f3f094-cd15-4334-bf4e-309aa1ee3fa3/current/log_inprogress_0
2023-04-02 14:01:16,629 [4c149094-c8c7-466f-8837-6623514047e5@group-309AA1EE3FA3-LeaderElection7] INFO  server.RaftServer$Division (ServerState.java:setRaftConf(430)) - 4c149094-c8c7-466f-8837-6623514047e5@group-309AA1EE3FA3: set configuration 0: peers:[4c149094-c8c7-466f-8837-6623514047e5|rpc:10.1.0.35:43877|dataStream:10.1.0.35:38539|priority:1|startupRole:FOLLOWER, 04d213b6-f61d-4fba-9596-1d72c738ecbb|rpc:10.1.0.35:45029|dataStream:10.1.0.35:40503|priority:0|startupRole:FOLLOWER, ef7b62c9-01e2-453f-9d3f-9e9ef16e062c|rpc:10.1.0.35:38491|dataStream:10.1.0.35:45283|priority:0|startupRole:FOLLOWER]|listeners:[], old=null
2023-04-02 14:01:16,635 [4c149094-c8c7-466f-8837-6623514047e5@group-309AA1EE3FA3-StateMachineUpdater] INFO  ratis.ContainerStateMachine (ContainerStateMachine.java:takeSnapshot(330)) - group-309AA1EE3FA3: Taking a snapshot at:(t:1, i:0) file /home/runner/work/ozone/ozone/hadoop-ozone/integration-test/target/test-dir/MiniOzoneClusterImpl-e08b4ded-cf26-487b-9197-20d38c9ee5c1/datanode-0/data/ratis/00f3f094-cd15-4334-bf4e-309aa1ee3fa3/sm/snapshot.1_0
2023-04-02 14:01:16,636 [4c149094-c8c7-466f-8837-6623514047e5@group-309AA1EE3FA3-StateMachineUpdater] INFO  ratis.ContainerStateMachine (ContainerStateMachine.java:takeSnapshot(341)) - group-309AA1EE3FA3: Finished taking a snapshot at:(t:1, i:0) file:/home/runner/work/ozone/ozone/hadoop-ozone/integration-test/target/test-dir/MiniOzoneClusterImpl-e08b4ded-cf26-487b-9197-20d38c9ee5c1/datanode-0/data/ratis/00f3f094-cd15-4334-bf4e-309aa1ee3fa3/sm/snapshot.1_0 took: 1 ms
2023-04-02 14:01:16,636 [4c149094-c8c7-466f-8837-6623514047e5@group-309AA1EE3FA3-StateMachineUpdater] INFO  impl.StateMachineUpdater (StateMachineUpdater.java:takeSnapshot(287)) - 4c149094-c8c7-466f-8837-6623514047e5@group-309AA1EE3FA3-StateMachineUpdater: Took a snapshot at index 0
2023-04-02 14:01:16,636 [4c149094-c8c7-466f-8837-6623514047e5@group-309AA1EE3FA3-StateMachineUpdater] INFO  impl.StateMachineUpdater (StateMachineUpdater.java:lambda$new$0(92)) - 4c149094-c8c7-466f-8837-6623514047e5@group-309AA1EE3FA3-StateMachineUpdater: snapshotIndex: updateIncreasingly -1 -> 0
2023-04-02 14:01:16,680 [04d213b6-f61d-4fba-9596-1d72c738ecbb-server-thread1] INFO  ratis.XceiverServerRatis (XceiverServerRatis.java:handleLeaderChangedNotification(904)) - Leader change notification received for group: group-309AA1EE3FA3 with new leaderId: 4c149094-c8c7-466f-8837-6623514047e5
2023-04-02 14:01:16,681 [04d213b6-f61d-4fba-9596-1d72c738ecbb-server-thread1] INFO  server.RaftServer$Division (ServerState.java:setLeader(313)) - 04d213b6-f61d-4fba-9596-1d72c738ecbb@group-309AA1EE3FA3: change Leader from null to 4c149094-c8c7-466f-8837-6623514047e5 at term 1 for appendEntries, leader elected after 5662ms
2023-04-02 14:01:16,697 [04d213b6-f61d-4fba-9596-1d72c738ecbb-server-thread1] INFO  server.RaftServer$Division (ServerState.java:setRaftConf(430)) - 04d213b6-f61d-4fba-9596-1d72c738ecbb@group-309AA1EE3FA3: set configuration 0: peers:[4c149094-c8c7-466f-8837-6623514047e5|rpc:10.1.0.35:43877|dataStream:10.1.0.35:38539|priority:1|startupRole:FOLLOWER, 04d213b6-f61d-4fba-9596-1d72c738ecbb|rpc:10.1.0.35:45029|dataStream:10.1.0.35:40503|priority:0|startupRole:FOLLOWER, ef7b62c9-01e2-453f-9d3f-9e9ef16e062c|rpc:10.1.0.35:38491|dataStream:10.1.0.35:45283|priority:0|startupRole:FOLLOWER]|listeners:[], old=null
2023-04-02 14:01:16,697 [04d213b6-f61d-4fba-9596-1d72c738ecbb-server-thread1] INFO  segmented.SegmentedRaftLogWorker (SegmentedRaftLogWorker.java:startLogSegment(452)) - 04d213b6-f61d-4fba-9596-1d72c738ecbb@group-309AA1EE3FA3-SegmentedRaftLogWorker: Starting segment from index:0
2023-04-02 14:01:16,702 [04d213b6-f61d-4fba-9596-1d72c738ecbb@group-309AA1EE3FA3-SegmentedRaftLogWorker] INFO  segmented.SegmentedRaftLogWorker (SegmentedRaftLogWorker.java:execute(656)) - 04d213b6-f61d-4fba-9596-1d72c738ecbb@group-309AA1EE3FA3-SegmentedRaftLogWorker: created new log segment /home/runner/work/ozone/ozone/hadoop-ozone/integration-test/target/test-dir/MiniOzoneClusterImpl-e08b4ded-cf26-487b-9197-20d38c9ee5c1/datanode-1/data/ratis/00f3f094-cd15-4334-bf4e-309aa1ee3fa3/current/log_inprogress_0
2023-04-02 14:01:16,724 [ef7b62c9-01e2-453f-9d3f-9e9ef16e062c-server-thread2] INFO  ratis.XceiverServerRatis (XceiverServerRatis.java:handleLeaderChangedNotification(904)) - Leader change notification received for group: group-309AA1EE3FA3 with new leaderId: 4c149094-c8c7-466f-8837-6623514047e5
2023-04-02 14:01:16,724 [ef7b62c9-01e2-453f-9d3f-9e9ef16e062c-server-thread2] INFO  server.RaftServer$Division (ServerState.java:setLeader(313)) - ef7b62c9-01e2-453f-9d3f-9e9ef16e062c@group-309AA1EE3FA3: change Leader from null to 4c149094-c8c7-466f-8837-6623514047e5 at term 1 for appendEntries, leader elected after 5343ms
2023-04-02 14:01:16,736 [ef7b62c9-01e2-453f-9d3f-9e9ef16e062c-server-thread1] INFO  server.RaftServer$Division (ServerState.java:setRaftConf(430)) - ef7b62c9-01e2-453f-9d3f-9e9ef16e062c@group-309AA1EE3FA3: set configuration 0: peers:[4c149094-c8c7-466f-8837-6623514047e5|rpc:10.1.0.35:43877|dataStream:10.1.0.35:38539|priority:1|startupRole:FOLLOWER, 04d213b6-f61d-4fba-9596-1d72c738ecbb|rpc:10.1.0.35:45029|dataStream:10.1.0.35:40503|priority:0|startupRole:FOLLOWER, ef7b62c9-01e2-453f-9d3f-9e9ef16e062c|rpc:10.1.0.35:38491|dataStream:10.1.0.35:45283|priority:0|startupRole:FOLLOWER]|listeners:[], old=null
2023-04-02 14:01:16,736 [ef7b62c9-01e2-453f-9d3f-9e9ef16e062c-server-thread1] INFO  segmented.SegmentedRaftLogWorker (SegmentedRaftLogWorker.java:startLogSegment(452)) - ef7b62c9-01e2-453f-9d3f-9e9ef16e062c@group-309AA1EE3FA3-SegmentedRaftLogWorker: Starting segment from index:0
2023-04-02 14:01:16,737 [04d213b6-f61d-4fba-9596-1d72c738ecbb@group-309AA1EE3FA3-StateMachineUpdater] INFO  ratis.ContainerStateMachine (ContainerStateMachine.java:takeSnapshot(330)) - group-309AA1EE3FA3: Taking a snapshot at:(t:1, i:0) file /home/runner/work/ozone/ozone/hadoop-ozone/integration-test/target/test-dir/MiniOzoneClusterImpl-e08b4ded-cf26-487b-9197-20d38c9ee5c1/datanode-1/data/ratis/00f3f094-cd15-4334-bf4e-309aa1ee3fa3/sm/snapshot.1_0
2023-04-02 14:01:16,740 [04d213b6-f61d-4fba-9596-1d72c738ecbb@group-309AA1EE3FA3-StateMachineUpdater] INFO  ratis.ContainerStateMachine (ContainerStateMachine.java:takeSnapshot(341)) - group-309AA1EE3FA3: Finished taking a snapshot at:(t:1, i:0) file:/home/runner/work/ozone/ozone/hadoop-ozone/integration-test/target/test-dir/MiniOzoneClusterImpl-e08b4ded-cf26-487b-9197-20d38c9ee5c1/datanode-1/data/ratis/00f3f094-cd15-4334-bf4e-309aa1ee3fa3/sm/snapshot.1_0 took: 3 ms
2023-04-02 14:01:16,740 [04d213b6-f61d-4fba-9596-1d72c738ecbb@group-309AA1EE3FA3-StateMachineUpdater] INFO  impl.StateMachineUpdater (StateMachineUpdater.java:takeSnapshot(287)) - 04d213b6-f61d-4fba-9596-1d72c738ecbb@group-309AA1EE3FA3-StateMachineUpdater: Took a snapshot at index 0
2023-04-02 14:01:16,740 [04d213b6-f61d-4fba-9596-1d72c738ecbb@group-309AA1EE3FA3-StateMachineUpdater] INFO  impl.StateMachineUpdater (StateMachineUpdater.java:lambda$new$0(92)) - 04d213b6-f61d-4fba-9596-1d72c738ecbb@group-309AA1EE3FA3-StateMachineUpdater: snapshotIndex: updateIncreasingly -1 -> 0
2023-04-02 14:01:16,741 [ef7b62c9-01e2-453f-9d3f-9e9ef16e062c@group-309AA1EE3FA3-SegmentedRaftLogWorker] INFO  segmented.SegmentedRaftLogWorker (SegmentedRaftLogWorker.java:execute(656)) - ef7b62c9-01e2-453f-9d3f-9e9ef16e062c@group-309AA1EE3FA3-SegmentedRaftLogWorker: created new log segment /home/runner/work/ozone/ozone/hadoop-ozone/integration-test/target/test-dir/MiniOzoneClusterImpl-e08b4ded-cf26-487b-9197-20d38c9ee5c1/datanode-2/data/ratis/00f3f094-cd15-4334-bf4e-309aa1ee3fa3/current/log_inprogress_0
2023-04-02 14:01:16,748 [ef7b62c9-01e2-453f-9d3f-9e9ef16e062c@group-309AA1EE3FA3-StateMachineUpdater] INFO  ratis.ContainerStateMachine (ContainerStateMachine.java:takeSnapshot(330)) - group-309AA1EE3FA3: Taking a snapshot at:(t:1, i:0) file /home/runner/work/ozone/ozone/hadoop-ozone/integration-test/target/test-dir/MiniOzoneClusterImpl-e08b4ded-cf26-487b-9197-20d38c9ee5c1/datanode-2/data/ratis/00f3f094-cd15-4334-bf4e-309aa1ee3fa3/sm/snapshot.1_0
2023-04-02 14:01:16,749 [ef7b62c9-01e2-453f-9d3f-9e9ef16e062c@group-309AA1EE3FA3-StateMachineUpdater] INFO  ratis.ContainerStateMachine (ContainerStateMachine.java:takeSnapshot(341)) - group-309AA1EE3FA3: Finished taking a snapshot at:(t:1, i:0) file:/home/runner/work/ozone/ozone/hadoop-ozone/integration-test/target/test-dir/MiniOzoneClusterImpl-e08b4ded-cf26-487b-9197-20d38c9ee5c1/datanode-2/data/ratis/00f3f094-cd15-4334-bf4e-309aa1ee3fa3/sm/snapshot.1_0 took: 1 ms
2023-04-02 14:01:16,749 [ef7b62c9-01e2-453f-9d3f-9e9ef16e062c@group-309AA1EE3FA3-StateMachineUpdater] INFO  impl.StateMachineUpdater (StateMachineUpdater.java:takeSnapshot(287)) - ef7b62c9-01e2-453f-9d3f-9e9ef16e062c@group-309AA1EE3FA3-StateMachineUpdater: Took a snapshot at index 0
2023-04-02 14:01:16,749 [ef7b62c9-01e2-453f-9d3f-9e9ef16e062c@group-309AA1EE3FA3-StateMachineUpdater] INFO  impl.StateMachineUpdater (StateMachineUpdater.java:lambda$new$0(92)) - ef7b62c9-01e2-453f-9d3f-9e9ef16e062c@group-309AA1EE3FA3-StateMachineUpdater: snapshotIndex: updateIncreasingly -1 -> 0
2023-04-02 14:01:17,053 [Listener at 127.0.0.1/38335] INFO  rpc.RpcClient (RpcClient.java:createVolume(476)) - Creating Volume: testcontainerstatemachinestream, with runner as owner and space quota set to -1 bytes, counts quota set to -1
2023-04-02 14:01:17,115 [OM StateMachine ApplyTransaction Thread - 0] INFO  volume.OMVolumeCreateRequest (OMVolumeCreateRequest.java:validateAndUpdateCache(195)) - created volume:testcontainerstatemachinestream for user:runner
2023-04-02 14:01:17,141 [Listener at 127.0.0.1/38335] INFO  rpc.RpcClient (RpcClient.java:createBucket(698)) - Creating Bucket: testcontainerstatemachinestream/teststreambucket, with server-side default bucket layout, runner as owner, Versioning false, Storage Type set to DISK and Encryption set to false, Replication Type set to server-side default replication type, Namespace Quota set to -1, Space Quota set to -1 
2023-04-02 14:01:17,164 [OM StateMachine ApplyTransaction Thread - 0] INFO  bucket.OMBucketCreateRequest (OMBucketCreateRequest.java:validateAndUpdateCache(269)) - created bucket: teststreambucket of layout FILE_SYSTEM_OPTIMIZED in volume: testcontainerstatemachinestream
2023-04-02 14:01:17,245 [IPC Server handler 3 on default port 39713] INFO  ha.SequenceIdGenerator (SequenceIdGenerator.java:getNextId(128)) - Allocate a batch for containerId, change lastId from 0 to 1000.
2023-04-02 14:01:17,258 [IPC Server handler 3 on default port 39713] WARN  ha.SequenceIdGenerator (SequenceIdGenerator.java:allocateBatch(237)) - Failed to allocate a batch for localId, expected lastId is 0, actual lastId is 111677748019200000.
2023-04-02 14:01:17,258 [IPC Server handler 3 on default port 39713] INFO  ha.SequenceIdGenerator (SequenceIdGenerator.java:getNextId(128)) - Allocate a batch for localId, change lastId from 111677748019200000 to 111677748019201000.
2023-04-02 14:01:17,360 [Listener at 127.0.0.1/38335] INFO  impl.MetricsSystemImpl (MetricsSystemImpl.java:init(158)) - XceiverClientMetrics metrics system started (again)
2023-04-02 14:01:17,403 [Listener at 127.0.0.1/38335] INFO  client.DataStreamClient (ConfUtils.java:logGet(46)) - raft.datastream.type = NETTY (custom)
2023-04-02 14:01:17,408 [Listener at 127.0.0.1/38335] INFO  netty.NettyConfigKeys$DataStream (ConfUtils.java:logGet(46)) - raft.netty.dataStream.client.tls.conf = null (default)
2023-04-02 14:01:17,409 [Listener at 127.0.0.1/38335] INFO  netty.NettyConfigKeys$DataStream (ConfUtils.java:logGet(46)) - raft.netty.dataStream.client.reply.queue.grace-period = 1s (default)
2023-04-02 14:01:17,412 [Listener at 127.0.0.1/38335] INFO  netty.NettyConfigKeys$DataStream (ConfUtils.java:logGet(46)) - raft.netty.dataStream.client.worker-group.share = false (default)
2023-04-02 14:01:17,413 [Listener at 127.0.0.1/38335] INFO  netty.NettyConfigKeys$DataStream (ConfUtils.java:logGet(46)) - raft.netty.dataStream.client.worker-group.size = 4 (default)
2023-04-02 14:01:17,453 [04d213b6-f61d-4fba-9596-1d72c738ecbb-NettyServerStreamRpc-bossGroup--thread1] INFO  logging.LoggingHandler (AbstractInternalLogger.java:log(148)) - [id: 0xa0c0ece7, L:/0:0:0:0:0:0:0:0:40503] READ: [id: 0xc1953505, L:/10.1.0.35:40503 - R:/10.1.0.35:40518]
2023-04-02 14:01:17,454 [04d213b6-f61d-4fba-9596-1d72c738ecbb-NettyServerStreamRpc-bossGroup--thread1] INFO  logging.LoggingHandler (AbstractInternalLogger.java:log(148)) - [id: 0xa0c0ece7, L:/0:0:0:0:0:0:0:0:40503] READ COMPLETE
2023-04-02 14:01:17,499 [04d213b6-f61d-4fba-9596-1d72c738ecbb-NettyServerStreamRpc-workerGroup--thread1] INFO  client.DataStreamClient (ConfUtils.java:logGet(46)) - raft.datastream.type = NETTY (custom)
2023-04-02 14:01:17,503 [04d213b6-f61d-4fba-9596-1d72c738ecbb-NettyServerStreamRpc-workerGroup--thread1] INFO  netty.NettyConfigKeys$DataStream (ConfUtils.java:logGet(46)) - raft.netty.dataStream.client.tls.conf = null (default)
2023-04-02 14:01:17,505 [04d213b6-f61d-4fba-9596-1d72c738ecbb-NettyServerStreamRpc-workerGroup--thread1] INFO  netty.NettyConfigKeys$DataStream (ConfUtils.java:logGet(46)) - raft.netty.dataStream.client.reply.queue.grace-period = 1s (default)
2023-04-02 14:01:17,505 [04d213b6-f61d-4fba-9596-1d72c738ecbb-NettyServerStreamRpc-workerGroup--thread1] INFO  netty.NettyConfigKeys$DataStream (ConfUtils.java:logGet(46)) - raft.netty.dataStream.client.worker-group.share = false (default)
2023-04-02 14:01:17,505 [04d213b6-f61d-4fba-9596-1d72c738ecbb-NettyServerStreamRpc-workerGroup--thread1] INFO  netty.NettyConfigKeys$DataStream (ConfUtils.java:logGet(46)) - raft.netty.dataStream.client.worker-group.size = 4 (default)
2023-04-02 14:01:17,513 [4c149094-c8c7-466f-8837-6623514047e5-NettyServerStreamRpc-bossGroup--thread1] INFO  logging.LoggingHandler (AbstractInternalLogger.java:log(148)) - [id: 0x334ffff4, L:/0:0:0:0:0:0:0:0:38539] READ: [id: 0x13c91fc7, L:/10.1.0.35:38539 - R:/10.1.0.35:60032]
2023-04-02 14:01:17,518 [4c149094-c8c7-466f-8837-6623514047e5-NettyServerStreamRpc-bossGroup--thread1] INFO  logging.LoggingHandler (AbstractInternalLogger.java:log(148)) - [id: 0x334ffff4, L:/0:0:0:0:0:0:0:0:38539] READ COMPLETE
2023-04-02 14:01:17,524 [4c149094-c8c7-466f-8837-6623514047e5-NettyServerStreamRpc-workerGroup--thread1] INFO  client.DataStreamClient (ConfUtils.java:logGet(46)) - raft.datastream.type = NETTY (custom)
2023-04-02 14:01:17,524 [4c149094-c8c7-466f-8837-6623514047e5-NettyServerStreamRpc-workerGroup--thread1] INFO  netty.NettyConfigKeys$DataStream (ConfUtils.java:logGet(46)) - raft.netty.dataStream.client.tls.conf = null (default)
2023-04-02 14:01:17,524 [4c149094-c8c7-466f-8837-6623514047e5-NettyServerStreamRpc-workerGroup--thread1] INFO  netty.NettyConfigKeys$DataStream (ConfUtils.java:logGet(46)) - raft.netty.dataStream.client.reply.queue.grace-period = 1s (default)
2023-04-02 14:01:17,525 [4c149094-c8c7-466f-8837-6623514047e5-NettyServerStreamRpc-workerGroup--thread1] INFO  netty.NettyConfigKeys$DataStream (ConfUtils.java:logGet(46)) - raft.netty.dataStream.client.worker-group.share = false (default)
2023-04-02 14:01:17,525 [4c149094-c8c7-466f-8837-6623514047e5-NettyServerStreamRpc-workerGroup--thread1] INFO  netty.NettyConfigKeys$DataStream (ConfUtils.java:logGet(46)) - raft.netty.dataStream.client.worker-group.size = 4 (default)
2023-04-02 14:01:17,548 [ef7b62c9-01e2-453f-9d3f-9e9ef16e062c-NettyServerStreamRpc-bossGroup--thread1] INFO  logging.LoggingHandler (AbstractInternalLogger.java:log(148)) - [id: 0x59cd7074, L:/0:0:0:0:0:0:0:0:45283] READ: [id: 0x32767ef8, L:/10.1.0.35:45283 - R:/10.1.0.35:49846]
2023-04-02 14:01:17,551 [ef7b62c9-01e2-453f-9d3f-9e9ef16e062c-NettyServerStreamRpc-bossGroup--thread1] INFO  logging.LoggingHandler (AbstractInternalLogger.java:log(148)) - [id: 0x59cd7074, L:/0:0:0:0:0:0:0:0:45283] READ COMPLETE
2023-04-02 14:01:17,965 [04d213b6-f61d-4fba-9596-1d72c738ecbb@group-309AA1EE3FA3-StateMachineUpdater] INFO  ratis.ContainerStateMachine (ContainerStateMachine.java:takeSnapshot(330)) - group-309AA1EE3FA3: Taking a snapshot at:(t:1, i:2) file /home/runner/work/ozone/ozone/hadoop-ozone/integration-test/target/test-dir/MiniOzoneClusterImpl-e08b4ded-cf26-487b-9197-20d38c9ee5c1/datanode-1/data/ratis/00f3f094-cd15-4334-bf4e-309aa1ee3fa3/sm/snapshot.1_2
2023-04-02 14:01:17,971 [04d213b6-f61d-4fba-9596-1d72c738ecbb@group-309AA1EE3FA3-StateMachineUpdater] INFO  ratis.ContainerStateMachine (ContainerStateMachine.java:takeSnapshot(341)) - group-309AA1EE3FA3: Finished taking a snapshot at:(t:1, i:2) file:/home/runner/work/ozone/ozone/hadoop-ozone/integration-test/target/test-dir/MiniOzoneClusterImpl-e08b4ded-cf26-487b-9197-20d38c9ee5c1/datanode-1/data/ratis/00f3f094-cd15-4334-bf4e-309aa1ee3fa3/sm/snapshot.1_2 took: 5 ms
2023-04-02 14:01:17,971 [04d213b6-f61d-4fba-9596-1d72c738ecbb@group-309AA1EE3FA3-StateMachineUpdater] INFO  impl.StateMachineUpdater (StateMachineUpdater.java:takeSnapshot(287)) - 04d213b6-f61d-4fba-9596-1d72c738ecbb@group-309AA1EE3FA3-StateMachineUpdater: Took a snapshot at index 2
2023-04-02 14:01:17,971 [04d213b6-f61d-4fba-9596-1d72c738ecbb@group-309AA1EE3FA3-StateMachineUpdater] INFO  impl.StateMachineUpdater (StateMachineUpdater.java:lambda$new$0(92)) - 04d213b6-f61d-4fba-9596-1d72c738ecbb@group-309AA1EE3FA3-StateMachineUpdater: snapshotIndex: updateIncreasingly 0 -> 2
2023-04-02 14:01:17,985 [ef7b62c9-01e2-453f-9d3f-9e9ef16e062c@group-309AA1EE3FA3-StateMachineUpdater] INFO  ratis.ContainerStateMachine (ContainerStateMachine.java:takeSnapshot(330)) - group-309AA1EE3FA3: Taking a snapshot at:(t:1, i:2) file /home/runner/work/ozone/ozone/hadoop-ozone/integration-test/target/test-dir/MiniOzoneClusterImpl-e08b4ded-cf26-487b-9197-20d38c9ee5c1/datanode-2/data/ratis/00f3f094-cd15-4334-bf4e-309aa1ee3fa3/sm/snapshot.1_2
2023-04-02 14:01:17,987 [ef7b62c9-01e2-453f-9d3f-9e9ef16e062c@group-309AA1EE3FA3-StateMachineUpdater] INFO  ratis.ContainerStateMachine (ContainerStateMachine.java:takeSnapshot(341)) - group-309AA1EE3FA3: Finished taking a snapshot at:(t:1, i:2) file:/home/runner/work/ozone/ozone/hadoop-ozone/integration-test/target/test-dir/MiniOzoneClusterImpl-e08b4ded-cf26-487b-9197-20d38c9ee5c1/datanode-2/data/ratis/00f3f094-cd15-4334-bf4e-309aa1ee3fa3/sm/snapshot.1_2 took: 2 ms
2023-04-02 14:01:17,987 [ef7b62c9-01e2-453f-9d3f-9e9ef16e062c@group-309AA1EE3FA3-StateMachineUpdater] INFO  impl.StateMachineUpdater (StateMachineUpdater.java:takeSnapshot(287)) - ef7b62c9-01e2-453f-9d3f-9e9ef16e062c@group-309AA1EE3FA3-StateMachineUpdater: Took a snapshot at index 2
2023-04-02 14:01:17,987 [ef7b62c9-01e2-453f-9d3f-9e9ef16e062c@group-309AA1EE3FA3-StateMachineUpdater] INFO  impl.StateMachineUpdater (StateMachineUpdater.java:lambda$new$0(92)) - ef7b62c9-01e2-453f-9d3f-9e9ef16e062c@group-309AA1EE3FA3-StateMachineUpdater: snapshotIndex: updateIncreasingly 0 -> 2
2023-04-02 14:01:17,991 [4c149094-c8c7-466f-8837-6623514047e5@group-309AA1EE3FA3-StateMachineUpdater] INFO  ratis.ContainerStateMachine (ContainerStateMachine.java:takeSnapshot(330)) - group-309AA1EE3FA3: Taking a snapshot at:(t:1, i:3) file /home/runner/work/ozone/ozone/hadoop-ozone/integration-test/target/test-dir/MiniOzoneClusterImpl-e08b4ded-cf26-487b-9197-20d38c9ee5c1/datanode-0/data/ratis/00f3f094-cd15-4334-bf4e-309aa1ee3fa3/sm/snapshot.1_3
2023-04-02 14:01:17,995 [4c149094-c8c7-466f-8837-6623514047e5@group-309AA1EE3FA3-StateMachineUpdater] INFO  ratis.ContainerStateMachine (ContainerStateMachine.java:takeSnapshot(341)) - group-309AA1EE3FA3: Finished taking a snapshot at:(t:1, i:3) file:/home/runner/work/ozone/ozone/hadoop-ozone/integration-test/target/test-dir/MiniOzoneClusterImpl-e08b4ded-cf26-487b-9197-20d38c9ee5c1/datanode-0/data/ratis/00f3f094-cd15-4334-bf4e-309aa1ee3fa3/sm/snapshot.1_3 took: 4 ms
2023-04-02 14:01:17,995 [4c149094-c8c7-466f-8837-6623514047e5@group-309AA1EE3FA3-StateMachineUpdater] INFO  impl.StateMachineUpdater (StateMachineUpdater.java:takeSnapshot(287)) - 4c149094-c8c7-466f-8837-6623514047e5@group-309AA1EE3FA3-StateMachineUpdater: Took a snapshot at index 3
2023-04-02 14:01:17,995 [4c149094-c8c7-466f-8837-6623514047e5@group-309AA1EE3FA3-StateMachineUpdater] INFO  impl.StateMachineUpdater (StateMachineUpdater.java:lambda$new$0(92)) - 4c149094-c8c7-466f-8837-6623514047e5@group-309AA1EE3FA3-StateMachineUpdater: snapshotIndex: updateIncreasingly 0 -> 3
2023-04-02 14:01:17,995 [4c149094-c8c7-466f-8837-6623514047e5@group-309AA1EE3FA3-StateMachineUpdater] INFO  ratis.ContainerStateMachine (ContainerStateMachine.java:takeSnapshot(330)) - group-309AA1EE3FA3: Taking a snapshot at:(t:1, i:4) file /home/runner/work/ozone/ozone/hadoop-ozone/integration-test/target/test-dir/MiniOzoneClusterImpl-e08b4ded-cf26-487b-9197-20d38c9ee5c1/datanode-0/data/ratis/00f3f094-cd15-4334-bf4e-309aa1ee3fa3/sm/snapshot.1_4
2023-04-02 14:01:17,998 [4c149094-c8c7-466f-8837-6623514047e5@group-309AA1EE3FA3-StateMachineUpdater] INFO  ratis.ContainerStateMachine (ContainerStateMachine.java:takeSnapshot(341)) - group-309AA1EE3FA3: Finished taking a snapshot at:(t:1, i:4) file:/home/runner/work/ozone/ozone/hadoop-ozone/integration-test/target/test-dir/MiniOzoneClusterImpl-e08b4ded-cf26-487b-9197-20d38c9ee5c1/datanode-0/data/ratis/00f3f094-cd15-4334-bf4e-309aa1ee3fa3/sm/snapshot.1_4 took: 3 ms
2023-04-02 14:01:17,998 [4c149094-c8c7-466f-8837-6623514047e5@group-309AA1EE3FA3-StateMachineUpdater] INFO  impl.StateMachineUpdater (StateMachineUpdater.java:takeSnapshot(287)) - 4c149094-c8c7-466f-8837-6623514047e5@group-309AA1EE3FA3-StateMachineUpdater: Took a snapshot at index 4
2023-04-02 14:01:17,998 [4c149094-c8c7-466f-8837-6623514047e5@group-309AA1EE3FA3-StateMachineUpdater] INFO  impl.StateMachineUpdater (StateMachineUpdater.java:lambda$new$0(92)) - 4c149094-c8c7-466f-8837-6623514047e5@group-309AA1EE3FA3-StateMachineUpdater: snapshotIndex: updateIncreasingly 3 -> 4
2023-04-02 14:01:18,069 [Listener at 127.0.0.1/38335] INFO  ozone.MiniOzoneClusterImpl (MiniOzoneClusterImpl.java:shutdown(455)) - Shutting down the Mini Ozone Cluster
2023-04-02 14:01:18,069 [Listener at 127.0.0.1/38335] INFO  ozone.MiniOzoneClusterImpl (MiniOzoneClusterImpl.java:stop(471)) - Stopping the Mini Ozone Cluster
2023-04-02 14:01:18,069 [Listener at 127.0.0.1/38335] INFO  ozone.MiniOzoneClusterImpl (MiniOzoneClusterImpl.java:stopOM(557)) - Stopping the OzoneManager
2023-04-02 14:01:18,069 [Listener at 127.0.0.1/38335] INFO  om.OzoneManager (OzoneManager.java:stop(2165)) - om1[localhost:0]: Stopping Ozone Manager
2023-04-02 14:01:18,069 [Listener at 127.0.0.1/38335] INFO  ipc.Server (Server.java:stop(3501)) - Stopping server on 38335
2023-04-02 14:01:18,088 [IPC Server listener on 0] INFO  ipc.Server (Server.java:run(1430)) - Stopping IPC Server listener on 0
2023-04-02 14:01:18,093 [IPC Server Responder] INFO  ipc.Server (Server.java:run(1563)) - Stopping IPC Server Responder
2023-04-02 14:01:18,095 [Listener at 127.0.0.1/38335] INFO  server.RaftServer (RaftServerProxy.java:lambda$close$6(409)) - om1: close
2023-04-02 14:01:18,095 [Listener at 127.0.0.1/38335] INFO  server.GrpcService (GrpcService.java:closeImpl(271)) - om1: shutdown server GrpcServerProtocolService now
2023-04-02 14:01:18,095 [om1-impl-thread1] INFO  server.RaftServer$Division (RaftServerImpl.java:lambda$close$4(458)) - om1@group-C5BA1605619E: shutdown
2023-04-02 14:01:18,096 [om1-impl-thread1] INFO  util.JmxRegister (JmxRegister.java:unregister(73)) - Successfully un-registered JMX Bean with object name Ratis:service=RaftServer,group=group-C5BA1605619E,id=om1
2023-04-02 14:01:18,096 [om1-impl-thread1] INFO  impl.RoleInfo (RoleInfo.java:shutdownLeaderState(93)) - om1: shutdown om1@group-C5BA1605619E-LeaderStateImpl
2023-04-02 14:01:18,096 [om1-impl-thread1] INFO  impl.PendingRequests (PendingRequests.java:sendNotLeaderResponses(282)) - om1@group-C5BA1605619E-PendingRequests: sendNotLeaderResponses
2023-04-02 14:01:18,106 [Listener at 127.0.0.1/38335] INFO  server.GrpcService (GrpcService.java:closeImpl(280)) - om1: shutdown server GrpcServerProtocolService successfully
2023-04-02 14:01:18,119 [om1-impl-thread1] INFO  impl.StateMachineUpdater (StateMachineUpdater.java:stopAndJoin(153)) - om1@group-C5BA1605619E-StateMachineUpdater: set stopIndex = 8
2023-04-02 14:01:18,119 [om1@group-C5BA1605619E-StateMachineUpdater] INFO  ratis.OzoneManagerStateMachine (OzoneManagerStateMachine.java:takeSnapshot(445)) - Current Snapshot Index (t:1, i:8)
2023-04-02 14:01:18,147 [om1@group-C5BA1605619E-StateMachineUpdater] INFO  impl.StateMachineUpdater (StateMachineUpdater.java:takeSnapshot(287)) - om1@group-C5BA1605619E-StateMachineUpdater: Took a snapshot at index 8
2023-04-02 14:01:18,147 [om1@group-C5BA1605619E-StateMachineUpdater] INFO  impl.StateMachineUpdater (StateMachineUpdater.java:lambda$new$0(92)) - om1@group-C5BA1605619E-StateMachineUpdater: snapshotIndex: updateIncreasingly -1 -> 8
2023-04-02 14:01:18,147 [om1@group-C5BA1605619E-StateMachineUpdater] INFO  ratis.OzoneManagerStateMachine (OzoneManagerStateMachine.java:close(499)) - StateMachine has shutdown. Shutdown OzoneManager if not already shutdown.
2023-04-02 14:01:18,147 [om1@group-C5BA1605619E-StateMachineUpdater] INFO  ratis.OzoneManagerDoubleBuffer (OzoneManagerDoubleBuffer.java:stopDaemon(540)) - Stopping OMDoubleBuffer flush thread
2023-04-02 14:01:18,147 [OMDoubleBufferFlushThread] INFO  ratis.OzoneManagerDoubleBuffer (OzoneManagerDoubleBuffer.java:canFlush(625)) - OMDoubleBuffer flush thread OMDoubleBufferFlushThread is interrupted and will exit.
2023-04-02 14:01:18,150 [om1-impl-thread1] INFO  server.RaftServer$Division (ServerState.java:close(466)) - om1@group-C5BA1605619E: closes. applyIndex: 8
2023-04-02 14:01:18,152 [om1@group-C5BA1605619E-SegmentedRaftLogWorker] INFO  segmented.SegmentedRaftLogWorker (SegmentedRaftLogWorker.java:run(347)) - om1@group-C5BA1605619E-SegmentedRaftLogWorker was interrupted, exiting. There are 0 tasks remaining in the queue.
2023-04-02 14:01:18,154 [om1-impl-thread1] INFO  segmented.SegmentedRaftLogWorker (SegmentedRaftLogWorker.java:close(257)) - om1@group-C5BA1605619E-SegmentedRaftLogWorker close()
2023-04-02 14:01:18,155 [JvmPauseMonitor0] INFO  util.JvmPauseMonitor (JvmPauseMonitor.java:run(111)) - JvmPauseMonitor-om1: Stopped
2023-04-02 14:01:18,155 [Listener at 127.0.0.1/38335] INFO  ratis.OzoneManagerStateMachine (OzoneManagerStateMachine.java:close(499)) - StateMachine has shutdown. Shutdown OzoneManager if not already shutdown.
2023-04-02 14:01:18,155 [Listener at 127.0.0.1/38335] INFO  ratis.OzoneManagerDoubleBuffer (OzoneManagerDoubleBuffer.java:stopDaemon(549)) - OMDoubleBuffer flush thread is not running.
2023-04-02 14:01:18,156 [Listener at 127.0.0.1/38335] INFO  utils.BackgroundService (BackgroundService.java:shutdown(141)) - Shutting down service KeyDeletingService
2023-04-02 14:01:18,156 [Listener at 127.0.0.1/38335] INFO  utils.BackgroundService (BackgroundService.java:shutdown(141)) - Shutting down service DirectoryDeletingService
2023-04-02 14:01:18,157 [Listener at 127.0.0.1/38335] INFO  utils.BackgroundService (BackgroundService.java:shutdown(141)) - Shutting down service OpenKeyCleanupService
2023-04-02 14:01:18,157 [Listener at 127.0.0.1/38335] INFO  utils.BackgroundService (BackgroundService.java:shutdown(141)) - Shutting down service SstFilteringService
2023-04-02 14:01:18,157 [Listener at 127.0.0.1/38335] INFO  utils.BackgroundService (BackgroundService.java:shutdown(141)) - Shutting down service SnapshotDeletingService
2023-04-02 14:01:18,159 [Listener at 127.0.0.1/38335] INFO  handler.ContextHandler (ContextHandler.java:doStop(1159)) - Stopped o.e.j.w.WebAppContext@61286c09{ozoneManager,/,null,STOPPED}{file:/home/runner/work/ozone/ozone/hadoop-ozone/integration-test/target/test-classes/webapps/ozoneManager}
2023-04-02 14:01:18,165 [Listener at 127.0.0.1/38335] INFO  server.AbstractConnector (AbstractConnector.java:doStop(383)) - Stopped ServerConnector@5d9b5972{HTTP/1.1, (http/1.1)}{0.0.0.0:0}
2023-04-02 14:01:18,165 [Listener at 127.0.0.1/38335] INFO  server.session (HouseKeeper.java:stopScavenging(149)) - node0 Stopped scavenging
2023-04-02 14:01:18,166 [Listener at 127.0.0.1/38335] INFO  handler.ContextHandler (ContextHandler.java:doStop(1159)) - Stopped o.e.j.s.ServletContextHandler@313da221{static,/static,file:///home/runner/work/ozone/ozone/hadoop-ozone/integration-test/target/test-classes/webapps/static,STOPPED}
2023-04-02 14:01:18,166 [Listener at 127.0.0.1/38335] INFO  handler.ContextHandler (ContextHandler.java:doStop(1159)) - Stopped o.e.j.s.ServletContextHandler@2692cc16{logs,/logs,file:///home/runner/work/ozone/ozone/hadoop-ozone/integration-test/target/log,STOPPED}
2023-04-02 14:01:18,183 [Listener at 127.0.0.1/38335] INFO  ozone.MiniOzoneClusterImpl (MiniOzoneClusterImpl.java:stopDatanodes(534)) - Stopping the HddsDatanodes
2023-04-02 14:01:18,188 [ForkJoinPool.commonPool-worker-1] INFO  ozoneimpl.OzoneContainer (OzoneContainer.java:stop(419)) - Attempting to stop container services.
2023-04-02 14:01:18,197 [ForkJoinPool.commonPool-worker-1] INFO  server.RaftServer (RaftServerProxy.java:lambda$close$6(409)) - 4c149094-c8c7-466f-8837-6623514047e5: close
2023-04-02 14:01:18,197 [4c149094-c8c7-466f-8837-6623514047e5-impl-thread1] INFO  server.RaftServer$Division (RaftServerImpl.java:lambda$close$4(458)) - 4c149094-c8c7-466f-8837-6623514047e5@group-4EDD817D868A: shutdown
2023-04-02 14:01:18,197 [4c149094-c8c7-466f-8837-6623514047e5-impl-thread1] INFO  util.JmxRegister (JmxRegister.java:unregister(73)) - Successfully un-registered JMX Bean with object name Ratis:service=RaftServer,group=group-4EDD817D868A,id=4c149094-c8c7-466f-8837-6623514047e5
2023-04-02 14:01:18,197 [4c149094-c8c7-466f-8837-6623514047e5-impl-thread1] INFO  impl.RoleInfo (RoleInfo.java:shutdownFollowerState(110)) - 4c149094-c8c7-466f-8837-6623514047e5: shutdown 4c149094-c8c7-466f-8837-6623514047e5@group-4EDD817D868A-FollowerState
2023-04-02 14:01:18,197 [4c149094-c8c7-466f-8837-6623514047e5-impl-thread2] INFO  server.RaftServer$Division (RaftServerImpl.java:lambda$close$4(458)) - 4c149094-c8c7-466f-8837-6623514047e5@group-CC016F32AA57: shutdown
2023-04-02 14:01:18,197 [4c149094-c8c7-466f-8837-6623514047e5-impl-thread2] INFO  util.JmxRegister (JmxRegister.java:unregister(73)) - Successfully un-registered JMX Bean with object name Ratis:service=RaftServer,group=group-CC016F32AA57,id=4c149094-c8c7-466f-8837-6623514047e5
2023-04-02 14:01:18,197 [4c149094-c8c7-466f-8837-6623514047e5-impl-thread2] INFO  impl.RoleInfo (RoleInfo.java:shutdownLeaderState(93)) - 4c149094-c8c7-466f-8837-6623514047e5: shutdown 4c149094-c8c7-466f-8837-6623514047e5@group-CC016F32AA57-LeaderStateImpl
2023-04-02 14:01:18,198 [ForkJoinPool.commonPool-worker-1] INFO  server.GrpcService (GrpcService.java:closeImpl(271)) - 4c149094-c8c7-466f-8837-6623514047e5: shutdown server GrpcServerProtocolService now
2023-04-02 14:01:18,198 [4c149094-c8c7-466f-8837-6623514047e5-impl-thread3] INFO  server.RaftServer$Division (RaftServerImpl.java:lambda$close$4(458)) - 4c149094-c8c7-466f-8837-6623514047e5@group-309AA1EE3FA3: shutdown
2023-04-02 14:01:18,198 [4c149094-c8c7-466f-8837-6623514047e5-impl-thread3] INFO  util.JmxRegister (JmxRegister.java:unregister(73)) - Successfully un-registered JMX Bean with object name Ratis:service=RaftServer,group=group-309AA1EE3FA3,id=4c149094-c8c7-466f-8837-6623514047e5
2023-04-02 14:01:18,198 [4c149094-c8c7-466f-8837-6623514047e5-impl-thread3] INFO  impl.RoleInfo (RoleInfo.java:shutdownLeaderState(93)) - 4c149094-c8c7-466f-8837-6623514047e5: shutdown 4c149094-c8c7-466f-8837-6623514047e5@group-309AA1EE3FA3-LeaderStateImpl
2023-04-02 14:01:18,199 [4c149094-c8c7-466f-8837-6623514047e5@group-309AA1EE3FA3->04d213b6-f61d-4fba-9596-1d72c738ecbb-GrpcLogAppender-LogAppenderDaemon] WARN  server.GrpcLogAppender (GrpcLogAppender.java:mayWait(200)) - 4c149094-c8c7-466f-8837-6623514047e5@group-309AA1EE3FA3->04d213b6-f61d-4fba-9596-1d72c738ecbb-GrpcLogAppender: Wait interrupted by java.lang.InterruptedException
2023-04-02 14:01:18,202 [grpc-default-executor-2] WARN  server.GrpcClientProtocolService (LogUtils.java:warn(122)) - 1-OrderedRequestStreamObserver1: onError: org.apache.ratis.thirdparty.io.grpc.StatusRuntimeException: CANCELLED: client cancelled
2023-04-02 14:01:18,204 [grpc-default-executor-3] WARN  server.GrpcServerProtocolService (LogUtils.java:warn(122)) - 4c149094-c8c7-466f-8837-6623514047e5: installSnapshot onError, lastRequest: null: org.apache.ratis.thirdparty.io.grpc.StatusRuntimeException: CANCELLED: client cancelled
2023-04-02 14:01:18,207 [Listener at 127.0.0.1/38335] INFO  ozoneimpl.OzoneContainer (OzoneContainer.java:stop(419)) - Attempting to stop container services.
2023-04-02 14:01:18,222 [4c149094-c8c7-466f-8837-6623514047e5-impl-thread1] INFO  impl.StateMachineUpdater (StateMachineUpdater.java:stopAndJoin(153)) - 4c149094-c8c7-466f-8837-6623514047e5@group-4EDD817D868A-StateMachineUpdater: set stopIndex = 0
2023-04-02 14:01:18,222 [4c149094-c8c7-466f-8837-6623514047e5@group-4EDD817D868A-FollowerState] INFO  impl.FollowerState (FollowerState.java:run(152)) - 4c149094-c8c7-466f-8837-6623514047e5@group-4EDD817D868A-FollowerState was interrupted
2023-04-02 14:01:18,222 [4c149094-c8c7-466f-8837-6623514047e5-impl-thread1] INFO  server.RaftServer$Division (ServerState.java:close(466)) - 4c149094-c8c7-466f-8837-6623514047e5@group-4EDD817D868A: closes. applyIndex: 0
2023-04-02 14:01:18,222 [4c149094-c8c7-466f-8837-6623514047e5@group-4EDD817D868A-SegmentedRaftLogWorker] INFO  segmented.SegmentedRaftLogWorker (SegmentedRaftLogWorker.java:run(347)) - 4c149094-c8c7-466f-8837-6623514047e5@group-4EDD817D868A-SegmentedRaftLogWorker was interrupted, exiting. There are 0 tasks remaining in the queue.
2023-04-02 14:01:18,197 [4c149094-c8c7-466f-8837-6623514047e5-impl-thread2] INFO  impl.PendingRequests (PendingRequests.java:sendNotLeaderResponses(282)) - 4c149094-c8c7-466f-8837-6623514047e5@group-CC016F32AA57-PendingRequests: sendNotLeaderResponses
2023-04-02 14:01:18,222 [ForkJoinPool.commonPool-worker-1] INFO  server.GrpcServerProtocolClient (GrpcServerProtocolClient.java:close(101)) - ef7b62c9-01e2-453f-9d3f-9e9ef16e062c Close channels
2023-04-02 14:01:18,223 [grpc-default-executor-7] WARN  server.GrpcLogAppender (LogUtils.java:warn(122)) - 04d213b6-f61d-4fba-9596-1d72c738ecbb@group-4EDD817D868A->4c149094-c8c7-466f-8837-6623514047e5-AppendLogResponseHandler: Failed appendEntries: org.apache.ratis.thirdparty.io.grpc.StatusRuntimeException: CANCELLED: RST_STREAM closed stream. HTTP/2 error code: CANCEL
2023-04-02 14:01:18,204 [grpc-default-executor-1] WARN  server.GrpcServerProtocolService (LogUtils.java:warn(122)) - 4c149094-c8c7-466f-8837-6623514047e5: installSnapshot onError, lastRequest: 04d213b6-f61d-4fba-9596-1d72c738ecbb->4c149094-c8c7-466f-8837-6623514047e5#1-t1,previous=(t:0, i:0),leaderCommit=0,initializing? true,entries: size=1, first=(t:1, i:0), CONFIGURATIONENTRY(current:id: "4c149094-c8c7-466f-8837-6623514047e5"
address: "10.1.0.35:43877"
dataStreamAddress: "10.1.0.35:38539"
clientAddress: "10.1.0.35:43877"
adminAddress: "10.1.0.35:43877"
startupRole: FOLLOWER
,id: "ef7b62c9-01e2-453f-9d3f-9e9ef16e062c"
address: "10.1.0.35:38491"
dataStreamAddress: "10.1.0.35:45283"
clientAddress: "10.1.0.35:38491"
adminAddress: "10.1.0.35:38491"
startupRole: FOLLOWER
,id: "04d213b6-f61d-4fba-9596-1d72c738ecbb"
address: "10.1.0.35:45029"
priority: 1
dataStreamAddress: "10.1.0.35:40503"
clientAddress: "10.1.0.35:45029"
adminAddress: "10.1.0.35:45029"
startupRole: FOLLOWER
, old:): org.apache.ratis.thirdparty.io.grpc.StatusRuntimeException: CANCELLED: client cancelled
2023-04-02 14:01:18,207 [4c149094-c8c7-466f-8837-6623514047e5-impl-thread3] INFO  impl.PendingRequests (PendingRequests.java:sendNotLeaderResponses(282)) - 4c149094-c8c7-466f-8837-6623514047e5@group-309AA1EE3FA3-PendingRequests: sendNotLeaderResponses
2023-04-02 14:01:18,200 [4c149094-c8c7-466f-8837-6623514047e5@group-309AA1EE3FA3->ef7b62c9-01e2-453f-9d3f-9e9ef16e062c-GrpcLogAppender-LogAppenderDaemon] WARN  server.GrpcLogAppender (GrpcLogAppender.java:mayWait(200)) - 4c149094-c8c7-466f-8837-6623514047e5@group-309AA1EE3FA3->ef7b62c9-01e2-453f-9d3f-9e9ef16e062c-GrpcLogAppender: Wait interrupted by java.lang.InterruptedException
2023-04-02 14:01:18,224 [4c149094-c8c7-466f-8837-6623514047e5-impl-thread2] INFO  impl.StateMachineUpdater (StateMachineUpdater.java:stopAndJoin(153)) - 4c149094-c8c7-466f-8837-6623514047e5@group-CC016F32AA57-StateMachineUpdater: set stopIndex = 0
2023-04-02 14:01:18,225 [grpc-default-executor-3] INFO  server.GrpcServerProtocolService (GrpcServerProtocolService.java:onCompleted(143)) - ef7b62c9-01e2-453f-9d3f-9e9ef16e062c: Completed APPEND_ENTRIES, lastRequest: null
2023-04-02 14:01:18,225 [4c149094-c8c7-466f-8837-6623514047e5-impl-thread2] INFO  server.RaftServer$Division (ServerState.java:close(466)) - 4c149094-c8c7-466f-8837-6623514047e5@group-CC016F32AA57: closes. applyIndex: 0
2023-04-02 14:01:18,216 [grpc-default-executor-6] INFO  server.GrpcServerProtocolService (GrpcServerProtocolService.java:onCompleted(143)) - 04d213b6-f61d-4fba-9596-1d72c738ecbb: Completed APPEND_ENTRIES, lastRequest: 4c149094-c8c7-466f-8837-6623514047e5->04d213b6-f61d-4fba-9596-1d72c738ecbb#14-t1,previous=(t:1, i:3),leaderCommit=3,initializing? true,entries: size=1, first=(t:1, i:4), METADATAENTRY(c:3)
2023-04-02 14:01:18,215 [grpc-default-executor-5] WARN  server.GrpcLogAppender (LogUtils.java:warn(122)) - 04d213b6-f61d-4fba-9596-1d72c738ecbb@group-4EDD817D868A->4c149094-c8c7-466f-8837-6623514047e5-AppendLogResponseHandler: Failed appendEntries: org.apache.ratis.thirdparty.io.grpc.StatusRuntimeException: CANCELLED: RST_STREAM closed stream. HTTP/2 error code: CANCEL
2023-04-02 14:01:18,230 [grpc-default-executor-7] WARN  server.GrpcLogAppender (GrpcLogAppender.java:resetClient(131)) - 04d213b6-f61d-4fba-9596-1d72c738ecbb@group-4EDD817D868A->4c149094-c8c7-466f-8837-6623514047e5-GrpcLogAppender: Leader has not got in touch with Follower 04d213b6-f61d-4fba-9596-1d72c738ecbb@group-4EDD817D868A->4c149094-c8c7-466f-8837-6623514047e5(c0,m0,n1, attendVote=true, lastRpcSendTime=2118, lastRpcResponseTime=2103) yet, just keep nextIndex unchanged and retry.
2023-04-02 14:01:18,231 [Listener at 127.0.0.1/38335] INFO  server.RaftServer (RaftServerProxy.java:lambda$close$6(409)) - 04d213b6-f61d-4fba-9596-1d72c738ecbb: close
2023-04-02 14:01:18,231 [04d213b6-f61d-4fba-9596-1d72c738ecbb-impl-thread1] INFO  server.RaftServer$Division (RaftServerImpl.java:lambda$close$4(458)) - 04d213b6-f61d-4fba-9596-1d72c738ecbb@group-B841435A94E4: shutdown
2023-04-02 14:01:18,231 [04d213b6-f61d-4fba-9596-1d72c738ecbb-impl-thread1] INFO  util.JmxRegister (JmxRegister.java:unregister(73)) - Successfully un-registered JMX Bean with object name Ratis:service=RaftServer,group=group-B841435A94E4,id=04d213b6-f61d-4fba-9596-1d72c738ecbb
2023-04-02 14:01:18,232 [04d213b6-f61d-4fba-9596-1d72c738ecbb-impl-thread1] INFO  impl.RoleInfo (RoleInfo.java:shutdownLeaderState(93)) - 04d213b6-f61d-4fba-9596-1d72c738ecbb: shutdown 04d213b6-f61d-4fba-9596-1d72c738ecbb@group-B841435A94E4-LeaderStateImpl
2023-04-02 14:01:18,232 [04d213b6-f61d-4fba-9596-1d72c738ecbb-impl-thread1] INFO  impl.PendingRequests (PendingRequests.java:sendNotLeaderResponses(282)) - 04d213b6-f61d-4fba-9596-1d72c738ecbb@group-B841435A94E4-PendingRequests: sendNotLeaderResponses
2023-04-02 14:01:18,232 [grpc-default-executor-8] INFO  server.GrpcServerProtocolService (GrpcServerProtocolService.java:onCompleted(143)) - 04d213b6-f61d-4fba-9596-1d72c738ecbb: Completed APPEND_ENTRIES, lastRequest: null
2023-04-02 14:01:18,232 [04d213b6-f61d-4fba-9596-1d72c738ecbb-impl-thread1] INFO  impl.StateMachineUpdater (StateMachineUpdater.java:stopAndJoin(153)) - 04d213b6-f61d-4fba-9596-1d72c738ecbb@group-B841435A94E4-StateMachineUpdater: set stopIndex = 0
2023-04-02 14:01:18,232 [4c149094-c8c7-466f-8837-6623514047e5@group-CC016F32AA57-SegmentedRaftLogWorker] INFO  segmented.SegmentedRaftLogWorker (SegmentedRaftLogWorker.java:run(347)) - 4c149094-c8c7-466f-8837-6623514047e5@group-CC016F32AA57-SegmentedRaftLogWorker was interrupted, exiting. There are 0 tasks remaining in the queue.
2023-04-02 14:01:18,233 [grpc-default-executor-5] WARN  server.GrpcLogAppender (GrpcLogAppender.java:resetClient(131)) - 04d213b6-f61d-4fba-9596-1d72c738ecbb@group-4EDD817D868A->4c149094-c8c7-466f-8837-6623514047e5-GrpcLogAppender: Leader has not got in touch with Follower 04d213b6-f61d-4fba-9596-1d72c738ecbb@group-4EDD817D868A->4c149094-c8c7-466f-8837-6623514047e5(c0,m0,n1, attendVote=true, lastRpcSendTime=2121, lastRpcResponseTime=2106) yet, just keep nextIndex unchanged and retry.
2023-04-02 14:01:18,233 [04d213b6-f61d-4fba-9596-1d72c738ecbb-impl-thread1] INFO  server.RaftServer$Division (ServerState.java:close(466)) - 04d213b6-f61d-4fba-9596-1d72c738ecbb@group-B841435A94E4: closes. applyIndex: 0
2023-04-02 14:01:18,233 [04d213b6-f61d-4fba-9596-1d72c738ecbb-impl-thread2] INFO  server.RaftServer$Division (RaftServerImpl.java:lambda$close$4(458)) - 04d213b6-f61d-4fba-9596-1d72c738ecbb@group-4EDD817D868A: shutdown
2023-04-02 14:01:18,233 [04d213b6-f61d-4fba-9596-1d72c738ecbb-impl-thread2] INFO  util.JmxRegister (JmxRegister.java:unregister(73)) - Successfully un-registered JMX Bean with object name Ratis:service=RaftServer,group=group-4EDD817D868A,id=04d213b6-f61d-4fba-9596-1d72c738ecbb
2023-04-02 14:01:18,233 [04d213b6-f61d-4fba-9596-1d72c738ecbb-impl-thread2] INFO  impl.RoleInfo (RoleInfo.java:shutdownLeaderState(93)) - 04d213b6-f61d-4fba-9596-1d72c738ecbb: shutdown 04d213b6-f61d-4fba-9596-1d72c738ecbb@group-4EDD817D868A-LeaderStateImpl
2023-04-02 14:01:18,234 [Listener at 127.0.0.1/38335] INFO  server.GrpcService (GrpcService.java:closeImpl(271)) - 04d213b6-f61d-4fba-9596-1d72c738ecbb: shutdown server GrpcServerProtocolService now
2023-04-02 14:01:18,236 [04d213b6-f61d-4fba-9596-1d72c738ecbb@group-4EDD817D868A->4c149094-c8c7-466f-8837-6623514047e5-GrpcLogAppender-LogAppenderDaemon] WARN  server.GrpcLogAppender (GrpcLogAppender.java:mayWait(200)) - 04d213b6-f61d-4fba-9596-1d72c738ecbb@group-4EDD817D868A->4c149094-c8c7-466f-8837-6623514047e5-GrpcLogAppender: Wait interrupted by java.lang.InterruptedException
2023-04-02 14:01:18,236 [04d213b6-f61d-4fba-9596-1d72c738ecbb-impl-thread3] INFO  server.RaftServer$Division (RaftServerImpl.java:lambda$close$4(458)) - 04d213b6-f61d-4fba-9596-1d72c738ecbb@group-309AA1EE3FA3: shutdown
2023-04-02 14:01:18,236 [04d213b6-f61d-4fba-9596-1d72c738ecbb@group-B841435A94E4-SegmentedRaftLogWorker] INFO  segmented.SegmentedRaftLogWorker (SegmentedRaftLogWorker.java:run(347)) - 04d213b6-f61d-4fba-9596-1d72c738ecbb@group-B841435A94E4-SegmentedRaftLogWorker was interrupted, exiting. There are 0 tasks remaining in the queue.
2023-04-02 14:01:18,236 [04d213b6-f61d-4fba-9596-1d72c738ecbb-impl-thread3] INFO  util.JmxRegister (JmxRegister.java:unregister(73)) - Successfully un-registered JMX Bean with object name Ratis:service=RaftServer,group=group-309AA1EE3FA3,id=04d213b6-f61d-4fba-9596-1d72c738ecbb
2023-04-02 14:01:18,236 [04d213b6-f61d-4fba-9596-1d72c738ecbb-impl-thread3] INFO  impl.RoleInfo (RoleInfo.java:shutdownFollowerState(110)) - 04d213b6-f61d-4fba-9596-1d72c738ecbb: shutdown 04d213b6-f61d-4fba-9596-1d72c738ecbb@group-309AA1EE3FA3-FollowerState
2023-04-02 14:01:18,237 [04d213b6-f61d-4fba-9596-1d72c738ecbb@group-309AA1EE3FA3-StateMachineUpdater] INFO  ratis.ContainerStateMachine (ContainerStateMachine.java:takeSnapshot(330)) - group-309AA1EE3FA3: Taking a snapshot at:(t:1, i:3) file /home/runner/work/ozone/ozone/hadoop-ozone/integration-test/target/test-dir/MiniOzoneClusterImpl-e08b4ded-cf26-487b-9197-20d38c9ee5c1/datanode-1/data/ratis/00f3f094-cd15-4334-bf4e-309aa1ee3fa3/sm/snapshot.1_3
2023-04-02 14:01:18,237 [04d213b6-f61d-4fba-9596-1d72c738ecbb-impl-thread3] INFO  impl.StateMachineUpdater (StateMachineUpdater.java:stopAndJoin(153)) - 04d213b6-f61d-4fba-9596-1d72c738ecbb@group-309AA1EE3FA3-StateMachineUpdater: set stopIndex = 3
2023-04-02 14:01:18,237 [04d213b6-f61d-4fba-9596-1d72c738ecbb@group-309AA1EE3FA3-FollowerState] INFO  impl.FollowerState (FollowerState.java:run(152)) - 04d213b6-f61d-4fba-9596-1d72c738ecbb@group-309AA1EE3FA3-FollowerState was interrupted
2023-04-02 14:01:18,237 [grpc-default-executor-4] INFO  server.GrpcLogAppender (GrpcLogAppender.java:onCompleted(415)) - 4c149094-c8c7-466f-8837-6623514047e5@group-309AA1EE3FA3->ef7b62c9-01e2-453f-9d3f-9e9ef16e062c-AppendLogResponseHandler: follower responses appendEntries COMPLETED
2023-04-02 14:01:18,238 [grpc-default-executor-4] WARN  server.GrpcLogAppender (GrpcLogAppender.java:resetClient(137)) - 4c149094-c8c7-466f-8837-6623514047e5@group-309AA1EE3FA3->ef7b62c9-01e2-453f-9d3f-9e9ef16e062c-GrpcLogAppender: Failed to getClient for ef7b62c9-01e2-453f-9d3f-9e9ef16e062c
org.apache.ratis.protocol.exceptions.AlreadyClosedException: 4c149094-c8c7-466f-8837-6623514047e5 is already CLOSED
	at org.apache.ratis.util.PeerProxyMap$PeerAndProxy.getProxy(PeerProxyMap.java:61)
	at org.apache.ratis.util.PeerProxyMap.getProxy(PeerProxyMap.java:115)
	at org.apache.ratis.grpc.server.GrpcLogAppender.getClient(GrpcLogAppender.java:116)
	at org.apache.ratis.grpc.server.GrpcLogAppender.resetClient(GrpcLogAppender.java:121)
	at org.apache.ratis.grpc.server.GrpcLogAppender.access$500(GrpcLogAppender.java:58)
	at org.apache.ratis.grpc.server.GrpcLogAppender$AppendLogResponseHandler.onCompleted(GrpcLogAppender.java:416)
	at org.apache.ratis.thirdparty.io.grpc.stub.ClientCalls$StreamObserverToCallListenerAdapter.onClose(ClientCalls.java:485)
	at org.apache.ratis.thirdparty.io.grpc.internal.DelayedClientCall$DelayedListener$3.run(DelayedClientCall.java:468)
	at org.apache.ratis.thirdparty.io.grpc.internal.DelayedClientCall$DelayedListener.delayOrExecute(DelayedClientCall.java:432)
	at org.apache.ratis.thirdparty.io.grpc.internal.DelayedClientCall$DelayedListener.onClose(DelayedClientCall.java:465)
	at org.apache.ratis.thirdparty.io.grpc.internal.ClientCallImpl.closeObserver(ClientCallImpl.java:562)
	at org.apache.ratis.thirdparty.io.grpc.internal.ClientCallImpl.access$300(ClientCallImpl.java:70)
	at org.apache.ratis.thirdparty.io.grpc.internal.ClientCallImpl$ClientStreamListenerImpl$1StreamClosed.runInternal(ClientCallImpl.java:743)
	at org.apache.ratis.thirdparty.io.grpc.internal.ClientCallImpl$ClientStreamListenerImpl$1StreamClosed.runInContext(ClientCallImpl.java:722)
	at org.apache.ratis.thirdparty.io.grpc.internal.ContextRunnable.run(ContextRunnable.java:37)
	at org.apache.ratis.thirdparty.io.grpc.internal.SerializingExecutor.run(SerializingExecutor.java:133)
	at java.util.concurrent.ThreadPoolExecutor.runWorker(ThreadPoolExecutor.java:1149)
	at java.util.concurrent.ThreadPoolExecutor$Worker.run(ThreadPoolExecutor.java:624)
	at java.lang.Thread.run(Thread.java:750)
2023-04-02 14:01:18,239 [grpc-default-executor-1] INFO  server.GrpcServerProtocolService (GrpcServerProtocolService.java:onCompleted(143)) - ef7b62c9-01e2-453f-9d3f-9e9ef16e062c: Completed APPEND_ENTRIES, lastRequest: 4c149094-c8c7-466f-8837-6623514047e5->ef7b62c9-01e2-453f-9d3f-9e9ef16e062c#16-t1,previous=(t:1, i:3),leaderCommit=3,initializing? true,entries: size=1, first=(t:1, i:4), METADATAENTRY(c:3)
2023-04-02 14:01:18,240 [grpc-default-executor-8] INFO  server.GrpcLogAppender (GrpcLogAppender.java:onCompleted(415)) - 4c149094-c8c7-466f-8837-6623514047e5@group-309AA1EE3FA3->04d213b6-f61d-4fba-9596-1d72c738ecbb-AppendLogResponseHandler: follower responses appendEntries COMPLETED
2023-04-02 14:01:18,241 [grpc-default-executor-8] INFO  leader.FollowerInfo (FollowerInfoImpl.java:lambda$new$0(48)) - 4c149094-c8c7-466f-8837-6623514047e5@group-309AA1EE3FA3->04d213b6-f61d-4fba-9596-1d72c738ecbb: nextIndex: updateUnconditionally 5 -> 4
2023-04-02 14:01:18,241 [04d213b6-f61d-4fba-9596-1d72c738ecbb@group-309AA1EE3FA3-StateMachineUpdater] INFO  ratis.ContainerStateMachine (ContainerStateMachine.java:takeSnapshot(341)) - group-309AA1EE3FA3: Finished taking a snapshot at:(t:1, i:3) file:/home/runner/work/ozone/ozone/hadoop-ozone/integration-test/target/test-dir/MiniOzoneClusterImpl-e08b4ded-cf26-487b-9197-20d38c9ee5c1/datanode-1/data/ratis/00f3f094-cd15-4334-bf4e-309aa1ee3fa3/sm/snapshot.1_3 took: 4 ms
2023-04-02 14:01:18,242 [04d213b6-f61d-4fba-9596-1d72c738ecbb@group-309AA1EE3FA3-StateMachineUpdater] INFO  impl.StateMachineUpdater (StateMachineUpdater.java:takeSnapshot(287)) - 04d213b6-f61d-4fba-9596-1d72c738ecbb@group-309AA1EE3FA3-StateMachineUpdater: Took a snapshot at index 3
2023-04-02 14:01:18,242 [04d213b6-f61d-4fba-9596-1d72c738ecbb@group-309AA1EE3FA3-StateMachineUpdater] INFO  impl.StateMachineUpdater (StateMachineUpdater.java:lambda$new$0(92)) - 04d213b6-f61d-4fba-9596-1d72c738ecbb@group-309AA1EE3FA3-StateMachineUpdater: snapshotIndex: updateIncreasingly 2 -> 3
2023-04-02 14:01:18,243 [4c149094-c8c7-466f-8837-6623514047e5-impl-thread1] INFO  segmented.SegmentedRaftLogWorker (SegmentedRaftLogWorker.java:close(257)) - 4c149094-c8c7-466f-8837-6623514047e5@group-4EDD817D868A-SegmentedRaftLogWorker close()
2023-04-02 14:01:18,243 [04d213b6-f61d-4fba-9596-1d72c738ecbb-impl-thread2] INFO  impl.PendingRequests (PendingRequests.java:sendNotLeaderResponses(282)) - 04d213b6-f61d-4fba-9596-1d72c738ecbb@group-4EDD817D868A-PendingRequests: sendNotLeaderResponses
2023-04-02 14:01:18,244 [grpc-default-executor-8] INFO  server.GrpcLogAppender (GrpcLogAppender.java:onCompleted(415)) - 4c149094-c8c7-466f-8837-6623514047e5@group-309AA1EE3FA3->ef7b62c9-01e2-453f-9d3f-9e9ef16e062c-AppendLogResponseHandler: follower responses appendEntries COMPLETED
2023-04-02 14:01:18,245 [grpc-default-executor-8] WARN  server.GrpcLogAppender (GrpcLogAppender.java:resetClient(137)) - 4c149094-c8c7-466f-8837-6623514047e5@group-309AA1EE3FA3->ef7b62c9-01e2-453f-9d3f-9e9ef16e062c-GrpcLogAppender: Failed to getClient for ef7b62c9-01e2-453f-9d3f-9e9ef16e062c
org.apache.ratis.protocol.exceptions.AlreadyClosedException: 4c149094-c8c7-466f-8837-6623514047e5 is already CLOSED
	at org.apache.ratis.util.PeerProxyMap$PeerAndProxy.getProxy(PeerProxyMap.java:61)
	at org.apache.ratis.util.PeerProxyMap.getProxy(PeerProxyMap.java:115)
	at org.apache.ratis.grpc.server.GrpcLogAppender.getClient(GrpcLogAppender.java:116)
	at org.apache.ratis.grpc.server.GrpcLogAppender.resetClient(GrpcLogAppender.java:121)
	at org.apache.ratis.grpc.server.GrpcLogAppender.access$500(GrpcLogAppender.java:58)
	at org.apache.ratis.grpc.server.GrpcLogAppender$AppendLogResponseHandler.onCompleted(GrpcLogAppender.java:416)
	at org.apache.ratis.thirdparty.io.grpc.stub.ClientCalls$StreamObserverToCallListenerAdapter.onClose(ClientCalls.java:485)
	at org.apache.ratis.thirdparty.io.grpc.internal.ClientCallImpl.closeObserver(ClientCallImpl.java:562)
	at org.apache.ratis.thirdparty.io.grpc.internal.ClientCallImpl.access$300(ClientCallImpl.java:70)
	at org.apache.ratis.thirdparty.io.grpc.internal.ClientCallImpl$ClientStreamListenerImpl$1StreamClosed.runInternal(ClientCallImpl.java:743)
	at org.apache.ratis.thirdparty.io.grpc.internal.ClientCallImpl$ClientStreamListenerImpl$1StreamClosed.runInContext(ClientCallImpl.java:722)
	at org.apache.ratis.thirdparty.io.grpc.internal.ContextRunnable.run(ContextRunnable.java:37)
	at org.apache.ratis.thirdparty.io.grpc.internal.SerializingExecutor.run(SerializingExecutor.java:133)
	at java.util.concurrent.ThreadPoolExecutor.runWorker(ThreadPoolExecutor.java:1149)
	at java.util.concurrent.ThreadPoolExecutor$Worker.run(ThreadPoolExecutor.java:624)
	at java.lang.Thread.run(Thread.java:750)
2023-04-02 14:01:18,244 [04d213b6-f61d-4fba-9596-1d72c738ecbb-impl-thread3] INFO  server.RaftServer$Division (ServerState.java:close(466)) - 04d213b6-f61d-4fba-9596-1d72c738ecbb@group-309AA1EE3FA3: closes. applyIndex: 3
2023-04-02 14:01:18,243 [Listener at 127.0.0.1/38335] INFO  server.GrpcServerProtocolClient (GrpcServerProtocolClient.java:close(101)) - 4c149094-c8c7-466f-8837-6623514047e5 Close channels
2023-04-02 14:01:18,243 [grpc-default-executor-5] INFO  server.GrpcLogAppender (GrpcLogAppender.java:onCompleted(415)) - 4c149094-c8c7-466f-8837-6623514047e5@group-309AA1EE3FA3->04d213b6-f61d-4fba-9596-1d72c738ecbb-AppendLogResponseHandler: follower responses appendEntries COMPLETED
2023-04-02 14:01:18,243 [4c149094-c8c7-466f-8837-6623514047e5-impl-thread2] INFO  segmented.SegmentedRaftLogWorker (SegmentedRaftLogWorker.java:close(257)) - 4c149094-c8c7-466f-8837-6623514047e5@group-CC016F32AA57-SegmentedRaftLogWorker close()
2023-04-02 14:01:18,243 [04d213b6-f61d-4fba-9596-1d72c738ecbb@group-4EDD817D868A->ef7b62c9-01e2-453f-9d3f-9e9ef16e062c-GrpcLogAppender-LogAppenderDaemon] WARN  server.GrpcLogAppender (GrpcLogAppender.java:mayWait(200)) - 04d213b6-f61d-4fba-9596-1d72c738ecbb@group-4EDD817D868A->ef7b62c9-01e2-453f-9d3f-9e9ef16e062c-GrpcLogAppender: Wait interrupted by java.lang.InterruptedException
2023-04-02 14:01:18,246 [grpc-default-executor-5] WARN  server.GrpcLogAppender (GrpcLogAppender.java:resetClient(137)) - 4c149094-c8c7-466f-8837-6623514047e5@group-309AA1EE3FA3->04d213b6-f61d-4fba-9596-1d72c738ecbb-GrpcLogAppender: Failed to getClient for 04d213b6-f61d-4fba-9596-1d72c738ecbb
org.apache.ratis.protocol.exceptions.AlreadyClosedException: 4c149094-c8c7-466f-8837-6623514047e5 is already CLOSED
	at org.apache.ratis.util.PeerProxyMap$PeerAndProxy.getProxy(PeerProxyMap.java:61)
	at org.apache.ratis.util.PeerProxyMap.getProxy(PeerProxyMap.java:115)
	at org.apache.ratis.grpc.server.GrpcLogAppender.getClient(GrpcLogAppender.java:116)
	at org.apache.ratis.grpc.server.GrpcLogAppender.resetClient(GrpcLogAppender.java:121)
	at org.apache.ratis.grpc.server.GrpcLogAppender.access$500(GrpcLogAppender.java:58)
	at org.apache.ratis.grpc.server.GrpcLogAppender$AppendLogResponseHandler.onCompleted(GrpcLogAppender.java:416)
	at org.apache.ratis.thirdparty.io.grpc.stub.ClientCalls$StreamObserverToCallListenerAdapter.onClose(ClientCalls.java:485)
	at org.apache.ratis.thirdparty.io.grpc.internal.DelayedClientCall$DelayedListener$3.run(DelayedClientCall.java:468)
	at org.apache.ratis.thirdparty.io.grpc.internal.DelayedClientCall$DelayedListener.delayOrExecute(DelayedClientCall.java:432)
	at org.apache.ratis.thirdparty.io.grpc.internal.DelayedClientCall$DelayedListener.onClose(DelayedClientCall.java:465)
	at org.apache.ratis.thirdparty.io.grpc.internal.ClientCallImpl.closeObserver(ClientCallImpl.java:562)
	at org.apache.ratis.thirdparty.io.grpc.internal.ClientCallImpl.access$300(ClientCallImpl.java:70)
	at org.apache.ratis.thirdparty.io.grpc.internal.ClientCallImpl$ClientStreamListenerImpl$1StreamClosed.runInternal(ClientCallImpl.java:743)
	at org.apache.ratis.thirdparty.io.grpc.internal.ClientCallImpl$ClientStreamListenerImpl$1StreamClosed.runInContext(ClientCallImpl.java:722)
	at org.apache.ratis.thirdparty.io.grpc.internal.ContextRunnable.run(ContextRunnable.java:37)
	at org.apache.ratis.thirdparty.io.grpc.internal.SerializingExecutor.run(SerializingExecutor.java:133)
	at java.util.concurrent.ThreadPoolExecutor.runWorker(ThreadPoolExecutor.java:1149)
	at java.util.concurrent.ThreadPoolExecutor$Worker.run(ThreadPoolExecutor.java:624)
	at java.lang.Thread.run(Thread.java:750)
2023-04-02 14:01:18,246 [04d213b6-f61d-4fba-9596-1d72c738ecbb@group-309AA1EE3FA3-SegmentedRaftLogWorker] INFO  segmented.SegmentedRaftLogWorker (SegmentedRaftLogWorker.java:run(347)) - 04d213b6-f61d-4fba-9596-1d72c738ecbb@group-309AA1EE3FA3-SegmentedRaftLogWorker was interrupted, exiting. There are 0 tasks remaining in the queue.
2023-04-02 14:01:18,245 [ForkJoinPool.commonPool-worker-1] INFO  server.GrpcServerProtocolClient (GrpcServerProtocolClient.java:close(101)) - 04d213b6-f61d-4fba-9596-1d72c738ecbb Close channels
2023-04-02 14:01:18,248 [grpc-default-executor-8] INFO  server.GrpcServerProtocolService (GrpcServerProtocolService.java:onCompleted(143)) - ef7b62c9-01e2-453f-9d3f-9e9ef16e062c: Completed APPEND_ENTRIES, lastRequest: null
2023-04-02 14:01:18,248 [grpc-default-executor-7] INFO  server.GrpcLogAppender (GrpcLogAppender.java:onCompleted(415)) - 04d213b6-f61d-4fba-9596-1d72c738ecbb@group-4EDD817D868A->ef7b62c9-01e2-453f-9d3f-9e9ef16e062c-AppendLogResponseHandler: follower responses appendEntries COMPLETED
2023-04-02 14:01:18,249 [grpc-default-executor-7] INFO  leader.FollowerInfo (FollowerInfoImpl.java:lambda$new$0(48)) - 04d213b6-f61d-4fba-9596-1d72c738ecbb@group-4EDD817D868A->ef7b62c9-01e2-453f-9d3f-9e9ef16e062c: nextIndex: updateUnconditionally 1 -> 0
2023-04-02 14:01:18,245 [04d213b6-f61d-4fba-9596-1d72c738ecbb-impl-thread1] INFO  segmented.SegmentedRaftLogWorker (SegmentedRaftLogWorker.java:close(257)) - 04d213b6-f61d-4fba-9596-1d72c738ecbb@group-B841435A94E4-SegmentedRaftLogWorker close()
2023-04-02 14:01:18,250 [grpc-default-executor-5] INFO  server.GrpcServerProtocolService (GrpcServerProtocolService.java:onCompleted(143)) - ef7b62c9-01e2-453f-9d3f-9e9ef16e062c: Completed APPEND_ENTRIES, lastRequest: 04d213b6-f61d-4fba-9596-1d72c738ecbb->ef7b62c9-01e2-453f-9d3f-9e9ef16e062c#1-t1,previous=(t:0, i:0),leaderCommit=0,initializing? true,entries: size=1, first=(t:1, i:0), CONFIGURATIONENTRY(current:id: "4c149094-c8c7-466f-8837-6623514047e5"
address: "10.1.0.35:43877"
dataStreamAddress: "10.1.0.35:38539"
clientAddress: "10.1.0.35:43877"
adminAddress: "10.1.0.35:43877"
startupRole: FOLLOWER
,id: "ef7b62c9-01e2-453f-9d3f-9e9ef16e062c"
address: "10.1.0.35:38491"
dataStreamAddress: "10.1.0.35:45283"
clientAddress: "10.1.0.35:38491"
adminAddress: "10.1.0.35:38491"
startupRole: FOLLOWER
,id: "04d213b6-f61d-4fba-9596-1d72c738ecbb"
address: "10.1.0.35:45029"
priority: 1
dataStreamAddress: "10.1.0.35:40503"
clientAddress: "10.1.0.35:45029"
adminAddress: "10.1.0.35:45029"
startupRole: FOLLOWER
, old:)
2023-04-02 14:01:18,250 [grpc-default-executor-5] INFO  server.GrpcLogAppender (GrpcLogAppender.java:onCompleted(415)) - 04d213b6-f61d-4fba-9596-1d72c738ecbb@group-4EDD817D868A->ef7b62c9-01e2-453f-9d3f-9e9ef16e062c-AppendLogResponseHandler: follower responses appendEntries COMPLETED
2023-04-02 14:01:18,250 [grpc-default-executor-5] INFO  leader.FollowerInfo (FollowerInfoImpl.java:lambda$new$0(48)) - 04d213b6-f61d-4fba-9596-1d72c738ecbb@group-4EDD817D868A->ef7b62c9-01e2-453f-9d3f-9e9ef16e062c: nextIndex: updateUnconditionally 0 -> 0
2023-04-02 14:01:18,254 [04d213b6-f61d-4fba-9596-1d72c738ecbb-impl-thread2] INFO  impl.StateMachineUpdater (StateMachineUpdater.java:stopAndJoin(153)) - 04d213b6-f61d-4fba-9596-1d72c738ecbb@group-4EDD817D868A-StateMachineUpdater: set stopIndex = 0
2023-04-02 14:01:18,254 [04d213b6-f61d-4fba-9596-1d72c738ecbb-impl-thread2] INFO  server.RaftServer$Division (ServerState.java:close(466)) - 04d213b6-f61d-4fba-9596-1d72c738ecbb@group-4EDD817D868A: closes. applyIndex: 0
2023-04-02 14:01:18,254 [04d213b6-f61d-4fba-9596-1d72c738ecbb@group-4EDD817D868A-SegmentedRaftLogWorker] INFO  segmented.SegmentedRaftLogWorker (SegmentedRaftLogWorker.java:run(347)) - 04d213b6-f61d-4fba-9596-1d72c738ecbb@group-4EDD817D868A-SegmentedRaftLogWorker was interrupted, exiting. There are 0 tasks remaining in the queue.
2023-04-02 14:01:18,254 [4c149094-c8c7-466f-8837-6623514047e5-impl-thread3] INFO  impl.StateMachineUpdater (StateMachineUpdater.java:stopAndJoin(153)) - 4c149094-c8c7-466f-8837-6623514047e5@group-309AA1EE3FA3-StateMachineUpdater: set stopIndex = 4
2023-04-02 14:01:18,259 [4c149094-c8c7-466f-8837-6623514047e5-impl-thread3] INFO  server.RaftServer$Division (ServerState.java:close(466)) - 4c149094-c8c7-466f-8837-6623514047e5@group-309AA1EE3FA3: closes. applyIndex: 4
2023-04-02 14:01:18,260 [ForkJoinPool.commonPool-worker-1] INFO  server.GrpcService (GrpcService.java:closeImpl(280)) - 4c149094-c8c7-466f-8837-6623514047e5: shutdown server GrpcServerProtocolService successfully
2023-04-02 14:01:18,260 [04d213b6-f61d-4fba-9596-1d72c738ecbb-impl-thread3] INFO  segmented.SegmentedRaftLogWorker (SegmentedRaftLogWorker.java:close(257)) - 04d213b6-f61d-4fba-9596-1d72c738ecbb@group-309AA1EE3FA3-SegmentedRaftLogWorker close()
2023-04-02 14:01:18,260 [4c149094-c8c7-466f-8837-6623514047e5@group-309AA1EE3FA3-SegmentedRaftLogWorker] INFO  segmented.SegmentedRaftLogWorker (SegmentedRaftLogWorker.java:run(347)) - 4c149094-c8c7-466f-8837-6623514047e5@group-309AA1EE3FA3-SegmentedRaftLogWorker was interrupted, exiting. There are 0 tasks remaining in the queue.
2023-04-02 14:01:18,261 [Listener at 127.0.0.1/38335] INFO  server.GrpcServerProtocolClient (GrpcServerProtocolClient.java:close(101)) - ef7b62c9-01e2-453f-9d3f-9e9ef16e062c Close channels
2023-04-02 14:01:18,263 [4c149094-c8c7-466f-8837-6623514047e5-NettyServerStreamRpc-bossGroup--thread1] INFO  logging.LoggingHandler (AbstractInternalLogger.java:log(148)) - [id: 0x334ffff4, L:/0:0:0:0:0:0:0:0:38539] CLOSE
2023-04-02 14:01:18,263 [4c149094-c8c7-466f-8837-6623514047e5-NettyServerStreamRpc-bossGroup--thread1] INFO  logging.LoggingHandler (AbstractInternalLogger.java:log(148)) - [id: 0x334ffff4, L:/0:0:0:0:0:0:0:0:38539] INACTIVE
2023-04-02 14:01:18,264 [4c149094-c8c7-466f-8837-6623514047e5-NettyServerStreamRpc-bossGroup--thread1] INFO  logging.LoggingHandler (AbstractInternalLogger.java:log(148)) - [id: 0x334ffff4, L:/0:0:0:0:0:0:0:0:38539] UNREGISTERED
2023-04-02 14:01:18,266 [NettyClientStreamRpc-workerGroup--thread1] WARN  client.NettyClientStreamRpc (NettyClientStreamRpc.java:scheduleReconnect(206)) - Connection-/10.1.0.35:38539: channel is inactive; schedule reconnecting to /10.1.0.35:38539 in 100ms
2023-04-02 14:01:18,269 [04d213b6-f61d-4fba-9596-1d72c738ecbb-impl-thread2] INFO  segmented.SegmentedRaftLogWorker (SegmentedRaftLogWorker.java:close(257)) - 04d213b6-f61d-4fba-9596-1d72c738ecbb@group-4EDD817D868A-SegmentedRaftLogWorker close()
2023-04-02 14:01:18,273 [4c149094-c8c7-466f-8837-6623514047e5-impl-thread3] INFO  segmented.SegmentedRaftLogWorker (SegmentedRaftLogWorker.java:close(257)) - 4c149094-c8c7-466f-8837-6623514047e5@group-309AA1EE3FA3-SegmentedRaftLogWorker close()
2023-04-02 14:01:18,275 [Listener at 127.0.0.1/38335] INFO  server.GrpcService (GrpcService.java:closeImpl(280)) - 04d213b6-f61d-4fba-9596-1d72c738ecbb: shutdown server GrpcServerProtocolService successfully
2023-04-02 14:01:18,276 [04d213b6-f61d-4fba-9596-1d72c738ecbb-NettyServerStreamRpc-bossGroup--thread1] INFO  logging.LoggingHandler (AbstractInternalLogger.java:log(148)) - [id: 0xa0c0ece7, L:/0:0:0:0:0:0:0:0:40503] CLOSE
2023-04-02 14:01:18,276 [04d213b6-f61d-4fba-9596-1d72c738ecbb-NettyServerStreamRpc-bossGroup--thread1] INFO  logging.LoggingHandler (AbstractInternalLogger.java:log(148)) - [id: 0xa0c0ece7, L:/0:0:0:0:0:0:0:0:40503] INACTIVE
2023-04-02 14:01:18,276 [04d213b6-f61d-4fba-9596-1d72c738ecbb-NettyServerStreamRpc-bossGroup--thread1] INFO  logging.LoggingHandler (AbstractInternalLogger.java:log(148)) - [id: 0xa0c0ece7, L:/0:0:0:0:0:0:0:0:40503] UNREGISTERED
2023-04-02 14:01:18,286 [JvmPauseMonitor1] INFO  util.JvmPauseMonitor (JvmPauseMonitor.java:run(111)) - JvmPauseMonitor-4c149094-c8c7-466f-8837-6623514047e5: Stopped
2023-04-02 14:01:18,304 [Listener at 127.0.0.1/38335] WARN  util.PeerProxyMap (PeerProxyMap.java:closeProxy(177)) - 04d213b6-f61d-4fba-9596-1d72c738ecbb-NettyServerStreamRpc: Failed to close proxy for peer 4c149094-c8c7-466f-8837-6623514047e5|rpc:10.1.0.35:43877|dataStream:10.1.0.35:38539|priority:0|startupRole:FOLLOWER, proxy class: class org.apache.ratis.client.impl.DataStreamClientImpl
org.apache.ratis.thirdparty.io.netty.channel.AbstractChannel$AnnotatedConnectException: Connection refused: /10.1.0.35:38539
Caused by: java.net.ConnectException: Connection refused
	at sun.nio.ch.SocketChannelImpl.checkConnect(Native Method)
	at sun.nio.ch.SocketChannelImpl.finishConnect(SocketChannelImpl.java:716)
	at org.apache.ratis.thirdparty.io.netty.channel.socket.nio.NioSocketChannel.doFinishConnect(NioSocketChannel.java:337)
	at org.apache.ratis.thirdparty.io.netty.channel.nio.AbstractNioChannel$AbstractNioUnsafe.finishConnect(AbstractNioChannel.java:334)
	at org.apache.ratis.thirdparty.io.netty.channel.nio.NioEventLoop.processSelectedKey(NioEventLoop.java:710)
	at org.apache.ratis.thirdparty.io.netty.channel.nio.NioEventLoop.processSelectedKeysOptimized(NioEventLoop.java:658)
	at org.apache.ratis.thirdparty.io.netty.channel.nio.NioEventLoop.processSelectedKeys(NioEventLoop.java:584)
	at org.apache.ratis.thirdparty.io.netty.channel.nio.NioEventLoop.run(NioEventLoop.java:496)
	at org.apache.ratis.thirdparty.io.netty.util.concurrent.SingleThreadEventExecutor$4.run(SingleThreadEventExecutor.java:995)
	at org.apache.ratis.thirdparty.io.netty.util.internal.ThreadExecutorMap$2.run(ThreadExecutorMap.java:74)
	at java.lang.Thread.run(Thread.java:750)
2023-04-02 14:01:18,305 [NettyClientStreamRpc-workerGroup--thread3] WARN  client.NettyClientStreamRpc (NettyClientStreamRpc.java:scheduleReconnect(206)) - Connection-/10.1.0.35:38539: org.apache.ratis.netty.client.NettyClientStreamRpc$Connection$1@add09d1 failed; schedule reconnecting to /10.1.0.35:38539 in 100ms
2023-04-02 14:01:18,305 [NettyClientStreamRpc-workerGroup--thread3] WARN  client.NettyClientStreamRpc (NettyClientStreamRpc.java:scheduleReconnect(208)) - 
org.apache.ratis.thirdparty.io.netty.channel.AbstractChannel$AnnotatedConnectException: Connection refused: /10.1.0.35:38539
Caused by: java.net.ConnectException: Connection refused
	at sun.nio.ch.SocketChannelImpl.checkConnect(Native Method)
	at sun.nio.ch.SocketChannelImpl.finishConnect(SocketChannelImpl.java:716)
	at org.apache.ratis.thirdparty.io.netty.channel.socket.nio.NioSocketChannel.doFinishConnect(NioSocketChannel.java:337)
	at org.apache.ratis.thirdparty.io.netty.channel.nio.AbstractNioChannel$AbstractNioUnsafe.finishConnect(AbstractNioChannel.java:334)
	at org.apache.ratis.thirdparty.io.netty.channel.nio.NioEventLoop.processSelectedKey(NioEventLoop.java:710)
	at org.apache.ratis.thirdparty.io.netty.channel.nio.NioEventLoop.processSelectedKeysOptimized(NioEventLoop.java:658)
	at org.apache.ratis.thirdparty.io.netty.channel.nio.NioEventLoop.processSelectedKeys(NioEventLoop.java:584)
	at org.apache.ratis.thirdparty.io.netty.channel.nio.NioEventLoop.run(NioEventLoop.java:496)
	at org.apache.ratis.thirdparty.io.netty.util.concurrent.SingleThreadEventExecutor$4.run(SingleThreadEventExecutor.java:995)
	at org.apache.ratis.thirdparty.io.netty.util.internal.ThreadExecutorMap$2.run(ThreadExecutorMap.java:74)
	at java.lang.Thread.run(Thread.java:750)
2023-04-02 14:01:18,306 [JvmPauseMonitor2] INFO  util.JvmPauseMonitor (JvmPauseMonitor.java:run(111)) - JvmPauseMonitor-04d213b6-f61d-4fba-9596-1d72c738ecbb: Stopped
2023-04-02 14:01:20,315 [Listener at 127.0.0.1/38335] INFO  volume.HddsVolume (HddsVolume.java:closeDbStore(437)) - SchemaV3 db is stopped at /home/runner/work/ozone/ozone/hadoop-ozone/integration-test/target/test-dir/MiniOzoneClusterImpl-e08b4ded-cf26-487b-9197-20d38c9ee5c1/datanode-1/data-0/containers/hdds/e08b4ded-cf26-487b-9197-20d38c9ee5c1/DS-d674f265-8496-4040-a826-0365dad83ba6/container.db for volume DS-d674f265-8496-4040-a826-0365dad83ba6
2023-04-02 14:01:20,316 [Listener at 127.0.0.1/38335] INFO  utils.BackgroundService (BackgroundService.java:shutdown(141)) - Shutting down service BlockDeletingService
2023-04-02 14:01:20,317 [Listener at 127.0.0.1/38335] INFO  utils.BackgroundService (BackgroundService.java:shutdown(141)) - Shutting down service StaleRecoveringContainerScrubbingService
2023-04-02 14:01:20,318 [ForkJoinPool.commonPool-worker-1] INFO  volume.HddsVolume (HddsVolume.java:closeDbStore(437)) - SchemaV3 db is stopped at /home/runner/work/ozone/ozone/hadoop-ozone/integration-test/target/test-dir/MiniOzoneClusterImpl-e08b4ded-cf26-487b-9197-20d38c9ee5c1/datanode-0/data-0/containers/hdds/e08b4ded-cf26-487b-9197-20d38c9ee5c1/DS-f2ba5f75-7911-4146-b367-caac4e9d58af/container.db for volume DS-f2ba5f75-7911-4146-b367-caac4e9d58af
2023-04-02 14:01:20,323 [ForkJoinPool.commonPool-worker-1] INFO  utils.BackgroundService (BackgroundService.java:shutdown(141)) - Shutting down service BlockDeletingService
2023-04-02 14:01:20,325 [ForkJoinPool.commonPool-worker-1] INFO  utils.BackgroundService (BackgroundService.java:shutdown(141)) - Shutting down service StaleRecoveringContainerScrubbingService
2023-04-02 14:01:20,325 [Listener at 127.0.0.1/38335] INFO  statemachine.DatanodeStateMachine (DatanodeStateMachine.java:stopDaemon(601)) - Ozone container server stopped.
2023-04-02 14:01:20,328 [ForkJoinPool.commonPool-worker-1] INFO  statemachine.DatanodeStateMachine (DatanodeStateMachine.java:stopDaemon(601)) - Ozone container server stopped.
2023-04-02 14:01:20,340 [Listener at 127.0.0.1/38335] INFO  handler.ContextHandler (ContextHandler.java:doStop(1159)) - Stopped o.e.j.w.WebAppContext@cd7fc3c{hddsDatanode,/,null,STOPPED}{jar:file:/home/runner/.m2/repository/org/apache/ozone/hdds-container-service/1.4.0-SNAPSHOT/hdds-container-service-1.4.0-SNAPSHOT.jar!/webapps/hddsDatanode}
2023-04-02 14:01:20,341 [Listener at 127.0.0.1/38335] INFO  server.AbstractConnector (AbstractConnector.java:doStop(383)) - Stopped ServerConnector@13ace7a4{HTTP/1.1, (http/1.1)}{0.0.0.0:0}
2023-04-02 14:01:20,341 [Listener at 127.0.0.1/38335] INFO  server.session (HouseKeeper.java:stopScavenging(149)) - node0 Stopped scavenging
2023-04-02 14:01:20,341 [Listener at 127.0.0.1/38335] INFO  handler.ContextHandler (ContextHandler.java:doStop(1159)) - Stopped o.e.j.s.ServletContextHandler@f433d5b{static,/static,jar:file:/home/runner/.m2/repository/org/apache/ozone/hdds-container-service/1.4.0-SNAPSHOT/hdds-container-service-1.4.0-SNAPSHOT.jar!/webapps/static,STOPPED}
2023-04-02 14:01:20,342 [Listener at 127.0.0.1/38335] INFO  handler.ContextHandler (ContextHandler.java:doStop(1159)) - Stopped o.e.j.s.ServletContextHandler@4204264a{logs,/logs,file:///home/runner/work/ozone/ozone/hadoop-ozone/integration-test/target/log,STOPPED}
2023-04-02 14:01:20,345 [Listener at 127.0.0.1/38335] INFO  ozoneimpl.OzoneContainer (OzoneContainer.java:stop(419)) - Attempting to stop container services.
2023-04-02 14:01:20,346 [Listener at 127.0.0.1/38335] INFO  server.RaftServer (RaftServerProxy.java:lambda$close$6(409)) - ef7b62c9-01e2-453f-9d3f-9e9ef16e062c: close
2023-04-02 14:01:20,346 [ef7b62c9-01e2-453f-9d3f-9e9ef16e062c-impl-thread1] INFO  server.RaftServer$Division (RaftServerImpl.java:lambda$close$4(458)) - ef7b62c9-01e2-453f-9d3f-9e9ef16e062c@group-E2D4A2029E39: shutdown
2023-04-02 14:01:20,346 [ef7b62c9-01e2-453f-9d3f-9e9ef16e062c-impl-thread1] INFO  util.JmxRegister (JmxRegister.java:unregister(73)) - Successfully un-registered JMX Bean with object name Ratis:service=RaftServer,group=group-E2D4A2029E39,id=ef7b62c9-01e2-453f-9d3f-9e9ef16e062c
2023-04-02 14:01:20,346 [ef7b62c9-01e2-453f-9d3f-9e9ef16e062c-impl-thread1] INFO  impl.RoleInfo (RoleInfo.java:shutdownLeaderState(93)) - ef7b62c9-01e2-453f-9d3f-9e9ef16e062c: shutdown ef7b62c9-01e2-453f-9d3f-9e9ef16e062c@group-E2D4A2029E39-LeaderStateImpl
2023-04-02 14:01:20,346 [ef7b62c9-01e2-453f-9d3f-9e9ef16e062c-impl-thread1] INFO  impl.PendingRequests (PendingRequests.java:sendNotLeaderResponses(282)) - ef7b62c9-01e2-453f-9d3f-9e9ef16e062c@group-E2D4A2029E39-PendingRequests: sendNotLeaderResponses
2023-04-02 14:01:20,346 [ef7b62c9-01e2-453f-9d3f-9e9ef16e062c-impl-thread1] INFO  impl.StateMachineUpdater (StateMachineUpdater.java:stopAndJoin(153)) - ef7b62c9-01e2-453f-9d3f-9e9ef16e062c@group-E2D4A2029E39-StateMachineUpdater: set stopIndex = 0
2023-04-02 14:01:20,347 [ef7b62c9-01e2-453f-9d3f-9e9ef16e062c-impl-thread1] INFO  server.RaftServer$Division (ServerState.java:close(466)) - ef7b62c9-01e2-453f-9d3f-9e9ef16e062c@group-E2D4A2029E39: closes. applyIndex: 0
2023-04-02 14:01:20,347 [ef7b62c9-01e2-453f-9d3f-9e9ef16e062c@group-E2D4A2029E39-SegmentedRaftLogWorker] INFO  segmented.SegmentedRaftLogWorker (SegmentedRaftLogWorker.java:run(347)) - ef7b62c9-01e2-453f-9d3f-9e9ef16e062c@group-E2D4A2029E39-SegmentedRaftLogWorker was interrupted, exiting. There are 0 tasks remaining in the queue.
2023-04-02 14:01:20,348 [ef7b62c9-01e2-453f-9d3f-9e9ef16e062c-impl-thread1] INFO  segmented.SegmentedRaftLogWorker (SegmentedRaftLogWorker.java:close(257)) - ef7b62c9-01e2-453f-9d3f-9e9ef16e062c@group-E2D4A2029E39-SegmentedRaftLogWorker close()
2023-04-02 14:01:20,348 [Listener at 127.0.0.1/38335] INFO  server.GrpcService (GrpcService.java:closeImpl(271)) - ef7b62c9-01e2-453f-9d3f-9e9ef16e062c: shutdown server GrpcServerProtocolService now
2023-04-02 14:01:20,348 [ef7b62c9-01e2-453f-9d3f-9e9ef16e062c-impl-thread3] INFO  server.RaftServer$Division (RaftServerImpl.java:lambda$close$4(458)) - ef7b62c9-01e2-453f-9d3f-9e9ef16e062c@group-309AA1EE3FA3: shutdown
2023-04-02 14:01:20,348 [ef7b62c9-01e2-453f-9d3f-9e9ef16e062c-impl-thread3] INFO  util.JmxRegister (JmxRegister.java:unregister(73)) - Successfully un-registered JMX Bean with object name Ratis:service=RaftServer,group=group-309AA1EE3FA3,id=ef7b62c9-01e2-453f-9d3f-9e9ef16e062c
2023-04-02 14:01:20,349 [ef7b62c9-01e2-453f-9d3f-9e9ef16e062c-impl-thread3] INFO  impl.RoleInfo (RoleInfo.java:shutdownFollowerState(110)) - ef7b62c9-01e2-453f-9d3f-9e9ef16e062c: shutdown ef7b62c9-01e2-453f-9d3f-9e9ef16e062c@group-309AA1EE3FA3-FollowerState
2023-04-02 14:01:20,349 [ef7b62c9-01e2-453f-9d3f-9e9ef16e062c@group-309AA1EE3FA3-FollowerState] INFO  impl.FollowerState (FollowerState.java:run(152)) - ef7b62c9-01e2-453f-9d3f-9e9ef16e062c@group-309AA1EE3FA3-FollowerState was interrupted
2023-04-02 14:01:20,349 [ef7b62c9-01e2-453f-9d3f-9e9ef16e062c@group-309AA1EE3FA3-StateMachineUpdater] INFO  ratis.ContainerStateMachine (ContainerStateMachine.java:takeSnapshot(330)) - group-309AA1EE3FA3: Taking a snapshot at:(t:1, i:3) file /home/runner/work/ozone/ozone/hadoop-ozone/integration-test/target/test-dir/MiniOzoneClusterImpl-e08b4ded-cf26-487b-9197-20d38c9ee5c1/datanode-2/data/ratis/00f3f094-cd15-4334-bf4e-309aa1ee3fa3/sm/snapshot.1_3
2023-04-02 14:01:20,349 [ef7b62c9-01e2-453f-9d3f-9e9ef16e062c-impl-thread3] INFO  impl.StateMachineUpdater (StateMachineUpdater.java:stopAndJoin(153)) - ef7b62c9-01e2-453f-9d3f-9e9ef16e062c@group-309AA1EE3FA3-StateMachineUpdater: set stopIndex = 3
2023-04-02 14:01:20,350 [Listener at 127.0.0.1/38335] INFO  server.GrpcService (GrpcService.java:closeImpl(280)) - ef7b62c9-01e2-453f-9d3f-9e9ef16e062c: shutdown server GrpcServerProtocolService successfully
2023-04-02 14:01:20,350 [ef7b62c9-01e2-453f-9d3f-9e9ef16e062c@group-309AA1EE3FA3-StateMachineUpdater] INFO  ratis.ContainerStateMachine (ContainerStateMachine.java:takeSnapshot(341)) - group-309AA1EE3FA3: Finished taking a snapshot at:(t:1, i:3) file:/home/runner/work/ozone/ozone/hadoop-ozone/integration-test/target/test-dir/MiniOzoneClusterImpl-e08b4ded-cf26-487b-9197-20d38c9ee5c1/datanode-2/data/ratis/00f3f094-cd15-4334-bf4e-309aa1ee3fa3/sm/snapshot.1_3 took: 2 ms
2023-04-02 14:01:20,351 [ef7b62c9-01e2-453f-9d3f-9e9ef16e062c-NettyServerStreamRpc-bossGroup--thread1] INFO  logging.LoggingHandler (AbstractInternalLogger.java:log(148)) - [id: 0x59cd7074, L:/0:0:0:0:0:0:0:0:45283] CLOSE
2023-04-02 14:01:20,351 [ef7b62c9-01e2-453f-9d3f-9e9ef16e062c-NettyServerStreamRpc-bossGroup--thread1] INFO  logging.LoggingHandler (AbstractInternalLogger.java:log(148)) - [id: 0x59cd7074, L:/0:0:0:0:0:0:0:0:45283] INACTIVE
2023-04-02 14:01:20,351 [ef7b62c9-01e2-453f-9d3f-9e9ef16e062c-NettyServerStreamRpc-bossGroup--thread1] INFO  logging.LoggingHandler (AbstractInternalLogger.java:log(148)) - [id: 0x59cd7074, L:/0:0:0:0:0:0:0:0:45283] UNREGISTERED
2023-04-02 14:01:20,352 [ef7b62c9-01e2-453f-9d3f-9e9ef16e062c@group-309AA1EE3FA3-StateMachineUpdater] INFO  impl.StateMachineUpdater (StateMachineUpdater.java:takeSnapshot(287)) - ef7b62c9-01e2-453f-9d3f-9e9ef16e062c@group-309AA1EE3FA3-StateMachineUpdater: Took a snapshot at index 3
2023-04-02 14:01:20,352 [ef7b62c9-01e2-453f-9d3f-9e9ef16e062c@group-309AA1EE3FA3-StateMachineUpdater] INFO  impl.StateMachineUpdater (StateMachineUpdater.java:lambda$new$0(92)) - ef7b62c9-01e2-453f-9d3f-9e9ef16e062c@group-309AA1EE3FA3-StateMachineUpdater: snapshotIndex: updateIncreasingly 2 -> 3
2023-04-02 14:01:20,360 [ef7b62c9-01e2-453f-9d3f-9e9ef16e062c-impl-thread2] INFO  server.RaftServer$Division (RaftServerImpl.java:lambda$close$4(458)) - ef7b62c9-01e2-453f-9d3f-9e9ef16e062c@group-4EDD817D868A: shutdown
2023-04-02 14:01:20,360 [ef7b62c9-01e2-453f-9d3f-9e9ef16e062c-impl-thread2] INFO  util.JmxRegister (JmxRegister.java:unregister(73)) - Successfully un-registered JMX Bean with object name Ratis:service=RaftServer,group=group-4EDD817D868A,id=ef7b62c9-01e2-453f-9d3f-9e9ef16e062c
2023-04-02 14:01:20,360 [ef7b62c9-01e2-453f-9d3f-9e9ef16e062c-impl-thread2] INFO  impl.RoleInfo (RoleInfo.java:shutdownFollowerState(110)) - ef7b62c9-01e2-453f-9d3f-9e9ef16e062c: shutdown ef7b62c9-01e2-453f-9d3f-9e9ef16e062c@group-4EDD817D868A-FollowerState
2023-04-02 14:01:20,360 [ef7b62c9-01e2-453f-9d3f-9e9ef16e062c-impl-thread2] INFO  impl.StateMachineUpdater (StateMachineUpdater.java:stopAndJoin(153)) - ef7b62c9-01e2-453f-9d3f-9e9ef16e062c@group-4EDD817D868A-StateMachineUpdater: set stopIndex = 0
2023-04-02 14:01:20,361 [ef7b62c9-01e2-453f-9d3f-9e9ef16e062c@group-4EDD817D868A-FollowerState] INFO  impl.FollowerState (FollowerState.java:run(152)) - ef7b62c9-01e2-453f-9d3f-9e9ef16e062c@group-4EDD817D868A-FollowerState was interrupted
2023-04-02 14:01:20,361 [ef7b62c9-01e2-453f-9d3f-9e9ef16e062c-impl-thread2] INFO  server.RaftServer$Division (ServerState.java:close(466)) - ef7b62c9-01e2-453f-9d3f-9e9ef16e062c@group-4EDD817D868A: closes. applyIndex: 0
2023-04-02 14:01:20,361 [ef7b62c9-01e2-453f-9d3f-9e9ef16e062c@group-4EDD817D868A-SegmentedRaftLogWorker] INFO  segmented.SegmentedRaftLogWorker (SegmentedRaftLogWorker.java:run(347)) - ef7b62c9-01e2-453f-9d3f-9e9ef16e062c@group-4EDD817D868A-SegmentedRaftLogWorker was interrupted, exiting. There are 0 tasks remaining in the queue.
2023-04-02 14:01:20,365 [ef7b62c9-01e2-453f-9d3f-9e9ef16e062c-impl-thread3] INFO  server.RaftServer$Division (ServerState.java:close(466)) - ef7b62c9-01e2-453f-9d3f-9e9ef16e062c@group-309AA1EE3FA3: closes. applyIndex: 3
2023-04-02 14:01:20,365 [ef7b62c9-01e2-453f-9d3f-9e9ef16e062c@group-309AA1EE3FA3-SegmentedRaftLogWorker] INFO  segmented.SegmentedRaftLogWorker (SegmentedRaftLogWorker.java:run(347)) - ef7b62c9-01e2-453f-9d3f-9e9ef16e062c@group-309AA1EE3FA3-SegmentedRaftLogWorker was interrupted, exiting. There are 0 tasks remaining in the queue.
2023-04-02 14:01:20,366 [ef7b62c9-01e2-453f-9d3f-9e9ef16e062c-impl-thread3] INFO  segmented.SegmentedRaftLogWorker (SegmentedRaftLogWorker.java:close(257)) - ef7b62c9-01e2-453f-9d3f-9e9ef16e062c@group-309AA1EE3FA3-SegmentedRaftLogWorker close()
2023-04-02 14:01:20,367 [ef7b62c9-01e2-453f-9d3f-9e9ef16e062c-impl-thread2] INFO  segmented.SegmentedRaftLogWorker (SegmentedRaftLogWorker.java:close(257)) - ef7b62c9-01e2-453f-9d3f-9e9ef16e062c@group-4EDD817D868A-SegmentedRaftLogWorker close()
2023-04-02 14:01:20,370 [JvmPauseMonitor3] INFO  util.JvmPauseMonitor (JvmPauseMonitor.java:run(111)) - JvmPauseMonitor-ef7b62c9-01e2-453f-9d3f-9e9ef16e062c: Stopped
2023-04-02 14:01:20,374 [ForkJoinPool.commonPool-worker-1] INFO  handler.ContextHandler (ContextHandler.java:doStop(1159)) - Stopped o.e.j.w.WebAppContext@48faab3d{hddsDatanode,/,null,STOPPED}{jar:file:/home/runner/.m2/repository/org/apache/ozone/hdds-container-service/1.4.0-SNAPSHOT/hdds-container-service-1.4.0-SNAPSHOT.jar!/webapps/hddsDatanode}
2023-04-02 14:01:20,375 [ForkJoinPool.commonPool-worker-1] INFO  server.AbstractConnector (AbstractConnector.java:doStop(383)) - Stopped ServerConnector@4b125445{HTTP/1.1, (http/1.1)}{0.0.0.0:0}
2023-04-02 14:01:20,375 [ForkJoinPool.commonPool-worker-1] INFO  server.session (HouseKeeper.java:stopScavenging(149)) - node0 Stopped scavenging
2023-04-02 14:01:20,376 [ForkJoinPool.commonPool-worker-1] INFO  handler.ContextHandler (ContextHandler.java:doStop(1159)) - Stopped o.e.j.s.ServletContextHandler@2a0e51ce{static,/static,jar:file:/home/runner/.m2/repository/org/apache/ozone/hdds-container-service/1.4.0-SNAPSHOT/hdds-container-service-1.4.0-SNAPSHOT.jar!/webapps/static,STOPPED}
2023-04-02 14:01:20,377 [ForkJoinPool.commonPool-worker-1] INFO  handler.ContextHandler (ContextHandler.java:doStop(1159)) - Stopped o.e.j.s.ServletContextHandler@3473b01b{logs,/logs,file:///home/runner/work/ozone/ozone/hadoop-ozone/integration-test/target/log,STOPPED}
2023-04-02 14:01:22,377 [Listener at 127.0.0.1/38335] INFO  volume.HddsVolume (HddsVolume.java:closeDbStore(437)) - SchemaV3 db is stopped at /home/runner/work/ozone/ozone/hadoop-ozone/integration-test/target/test-dir/MiniOzoneClusterImpl-e08b4ded-cf26-487b-9197-20d38c9ee5c1/datanode-2/data-0/containers/hdds/e08b4ded-cf26-487b-9197-20d38c9ee5c1/DS-4e6a87bf-2d0f-44b2-b89f-718853081049/container.db for volume DS-4e6a87bf-2d0f-44b2-b89f-718853081049
2023-04-02 14:01:22,378 [Listener at 127.0.0.1/38335] INFO  utils.BackgroundService (BackgroundService.java:shutdown(141)) - Shutting down service BlockDeletingService
2023-04-02 14:01:22,383 [Listener at 127.0.0.1/38335] INFO  utils.BackgroundService (BackgroundService.java:shutdown(141)) - Shutting down service StaleRecoveringContainerScrubbingService
2023-04-02 14:01:22,389 [Listener at 127.0.0.1/38335] INFO  statemachine.DatanodeStateMachine (DatanodeStateMachine.java:stopDaemon(601)) - Ozone container server stopped.
2023-04-02 14:01:22,399 [Listener at 127.0.0.1/38335] INFO  handler.ContextHandler (ContextHandler.java:doStop(1159)) - Stopped o.e.j.w.WebAppContext@22071ba4{hddsDatanode,/,null,STOPPED}{jar:file:/home/runner/.m2/repository/org/apache/ozone/hdds-container-service/1.4.0-SNAPSHOT/hdds-container-service-1.4.0-SNAPSHOT.jar!/webapps/hddsDatanode}
2023-04-02 14:01:22,400 [Listener at 127.0.0.1/38335] INFO  server.AbstractConnector (AbstractConnector.java:doStop(383)) - Stopped ServerConnector@2c19b312{HTTP/1.1, (http/1.1)}{0.0.0.0:0}
2023-04-02 14:01:22,400 [Listener at 127.0.0.1/38335] INFO  server.session (HouseKeeper.java:stopScavenging(149)) - node0 Stopped scavenging
2023-04-02 14:01:22,400 [Listener at 127.0.0.1/38335] INFO  handler.ContextHandler (ContextHandler.java:doStop(1159)) - Stopped o.e.j.s.ServletContextHandler@5a3827e0{static,/static,jar:file:/home/runner/.m2/repository/org/apache/ozone/hdds-container-service/1.4.0-SNAPSHOT/hdds-container-service-1.4.0-SNAPSHOT.jar!/webapps/static,STOPPED}
2023-04-02 14:01:22,400 [Listener at 127.0.0.1/38335] INFO  handler.ContextHandler (ContextHandler.java:doStop(1159)) - Stopped o.e.j.s.ServletContextHandler@1ba4a312{logs,/logs,file:///home/runner/work/ozone/ozone/hadoop-ozone/integration-test/target/log,STOPPED}
2023-04-02 14:01:22,402 [Listener at 127.0.0.1/38335] INFO  ozone.MiniOzoneClusterImpl (MiniOzoneClusterImpl.java:stopSCM(549)) - Stopping the StorageContainerManager
2023-04-02 14:01:22,402 [Listener at 127.0.0.1/38335] INFO  server.StorageContainerManager (StorageContainerManager.java:stop(1550)) - Container Balancer is not running.
2023-04-02 14:01:22,402 [Listener at 127.0.0.1/38335] INFO  server.StorageContainerManager (StorageContainerManager.java:stopReplicationManager(1672)) - Stopping Replication Manager Service.
2023-04-02 14:01:22,402 [Listener at 127.0.0.1/38335] INFO  replication.ReplicationManager (ReplicationManager.java:stop(321)) - Stopping Replication Monitor Thread.
2023-04-02 14:01:22,402 [Listener at 127.0.0.1/38335] INFO  server.StorageContainerManager (StorageContainerManager.java:stop(1559)) - Stopping the Datanode Admin Monitor.
2023-04-02 14:01:22,402 [Under Replicated Processor] WARN  replication.UnhealthyReplicationProcessor (UnhealthyReplicationProcessor.java:run(146)) - Under Replicated Processor interrupted. Exiting...
2023-04-02 14:01:22,402 [Over Replicated Processor] WARN  replication.UnhealthyReplicationProcessor (UnhealthyReplicationProcessor.java:run(146)) - Over Replicated Processor interrupted. Exiting...
2023-04-02 14:01:22,403 [ReplicationMonitor] INFO  replication.ReplicationManager (ReplicationManager.java:run(957)) - Replication Monitor Thread is stopped
2023-04-02 14:01:22,403 [Listener at 127.0.0.1/38335] INFO  server.StorageContainerManager (StorageContainerManager.java:stop(1566)) - Stopping datanode service RPC server
2023-04-02 14:01:22,403 [Listener at 127.0.0.1/38335] INFO  server.SCMDatanodeProtocolServer (SCMDatanodeProtocolServer.java:stop(424)) - Stopping the RPC server for DataNodes
2023-04-02 14:01:22,403 [Listener at 127.0.0.1/38335] INFO  ipc.Server (Server.java:stop(3501)) - Stopping server on 41783
2023-04-02 14:01:22,405 [IPC Server listener on 0] INFO  ipc.Server (Server.java:run(1430)) - Stopping IPC Server listener on 0
2023-04-02 14:01:22,407 [IPC Server Responder] INFO  ipc.Server (Server.java:run(1563)) - Stopping IPC Server Responder
2023-04-02 14:01:22,468 [SCM Heartbeat Processing Thread - 0] WARN  node.NodeStateManager (NodeStateManager.java:scheduleNextHealthCheck(870)) - Current Thread is interrupted, shutting down HB processing thread for Node Manager.
2023-04-02 14:01:22,469 [Listener at 127.0.0.1/38335] INFO  server.StorageContainerManager (StorageContainerManager.java:stop(1574)) - Stopping block service RPC server
2023-04-02 14:01:22,469 [Listener at 127.0.0.1/38335] INFO  server.SCMBlockProtocolServer (SCMBlockProtocolServer.java:stop(161)) - Stopping the RPC server for Block Protocol
2023-04-02 14:01:22,469 [Listener at 127.0.0.1/38335] INFO  ipc.Server (Server.java:stop(3501)) - Stopping server on 39713
2023-04-02 14:01:22,470 [IPC Server listener on 0] INFO  ipc.Server (Server.java:run(1430)) - Stopping IPC Server listener on 0
2023-04-02 14:01:22,472 [IPC Server Responder] INFO  ipc.Server (Server.java:run(1563)) - Stopping IPC Server Responder
2023-04-02 14:01:22,472 [Listener at 127.0.0.1/38335] INFO  server.StorageContainerManager (StorageContainerManager.java:stop(1581)) - Stopping the StorageContainerLocationProtocol RPC server
2023-04-02 14:01:22,472 [Listener at 127.0.0.1/38335] INFO  server.SCMClientProtocolServer (SCMClientProtocolServer.java:stop(206)) - Stopping the RPC server for Client Protocol
2023-04-02 14:01:22,472 [Listener at 127.0.0.1/38335] INFO  ipc.Server (Server.java:stop(3501)) - Stopping server on 46641
2023-04-02 14:01:22,473 [IPC Server Responder] INFO  ipc.Server (Server.java:run(1563)) - Stopping IPC Server Responder
2023-04-02 14:01:22,473 [Listener at 127.0.0.1/38335] INFO  server.StorageContainerManager (StorageContainerManager.java:stop(1588)) - Stopping Storage Container Manager HTTP server.
2023-04-02 14:01:22,474 [IPC Server listener on 0] INFO  ipc.Server (Server.java:run(1430)) - Stopping IPC Server listener on 0
2023-04-02 14:01:22,475 [Listener at 127.0.0.1/38335] INFO  handler.ContextHandler (ContextHandler.java:doStop(1159)) - Stopped o.e.j.w.WebAppContext@792d4911{scm,/,null,STOPPED}{file:/home/runner/work/ozone/ozone/hadoop-ozone/integration-test/target/test-classes/webapps/scm}
2023-04-02 14:01:22,475 [Listener at 127.0.0.1/38335] INFO  server.AbstractConnector (AbstractConnector.java:doStop(383)) - Stopped ServerConnector@d18fa29{HTTP/1.1, (http/1.1)}{0.0.0.0:0}
2023-04-02 14:01:22,476 [Listener at 127.0.0.1/38335] INFO  server.session (HouseKeeper.java:stopScavenging(149)) - node0 Stopped scavenging
2023-04-02 14:01:22,476 [Listener at 127.0.0.1/38335] INFO  handler.ContextHandler (ContextHandler.java:doStop(1159)) - Stopped o.e.j.s.ServletContextHandler@6259c59a{static,/static,file:///home/runner/work/ozone/ozone/hadoop-ozone/integration-test/target/test-classes/webapps/static,STOPPED}
2023-04-02 14:01:22,476 [Listener at 127.0.0.1/38335] INFO  handler.ContextHandler (ContextHandler.java:doStop(1159)) - Stopped o.e.j.s.ServletContextHandler@2f335592{logs,/logs,file:///home/runner/work/ozone/ozone/hadoop-ozone/integration-test/target/log,STOPPED}
2023-04-02 14:01:22,477 [Listener at 127.0.0.1/38335] INFO  server.StorageContainerManager (StorageContainerManager.java:stop(1596)) - Stopping SCM LayoutVersionManager Service.
2023-04-02 14:01:22,477 [Listener at 127.0.0.1/38335] INFO  server.StorageContainerManager (StorageContainerManager.java:stop(1604)) - Stopping Block Manager Service.
2023-04-02 14:01:22,477 [Listener at 127.0.0.1/38335] INFO  utils.BackgroundService (BackgroundService.java:shutdown(141)) - Shutting down service SCMBlockDeletingService
2023-04-02 14:01:22,477 [Listener at 127.0.0.1/38335] INFO  utils.BackgroundService (BackgroundService.java:shutdown(141)) - Shutting down service SCMBlockDeletingService
2023-04-02 14:01:22,478 [Listener at 127.0.0.1/38335] INFO  server.StorageContainerManager (StorageContainerManager.java:stop(1626)) - Stopping SCM Event Queue.
2023-04-02 14:01:22,480 [Listener at 127.0.0.1/38335] INFO  server.StorageContainerManager (StorageContainerManager.java:stop(1637)) - Stopping SCM HA services.
2023-04-02 14:01:22,480 [Listener at 127.0.0.1/38335] INFO  pipeline.BackgroundPipelineCreator (BackgroundPipelineCreator.java:stop(149)) - Stopping RatisPipelineUtilsThread.
2023-04-02 14:01:22,480 [RatisPipelineUtilsThread - 0] WARN  pipeline.BackgroundPipelineCreator (BackgroundPipelineCreator.java:run(180)) - RatisPipelineUtilsThread is interrupted.
2023-04-02 14:01:22,480 [Listener at 127.0.0.1/38335] INFO  BackgroundPipelineScrubber (BackgroundSCMService.java:stop(131)) - Stopping BackgroundPipelineScrubber Service.
2023-04-02 14:01:22,480 [BackgroundPipelineScrubberThread] WARN  BackgroundPipelineScrubber (BackgroundSCMService.java:run(115)) - BackgroundPipelineScrubber is interrupted, exit
2023-04-02 14:01:22,481 [Listener at 127.0.0.1/38335] INFO  impl.MetricsSystemImpl (MetricsSystemImpl.java:stop(210)) - Stopping XceiverClientMetrics metrics system...
2023-04-02 14:01:22,485 [prometheus] INFO  impl.MetricsSinkAdapter (MetricsSinkAdapter.java:publishMetricsFromQueue(141)) - prometheus thread interrupted.
2023-04-02 14:01:22,488 [Listener at 127.0.0.1/38335] INFO  impl.MetricsSystemImpl (MetricsSystemImpl.java:stop(216)) - XceiverClientMetrics metrics system stopped.
2023-04-02 14:01:22,489 [Listener at 127.0.0.1/38335] WARN  pipeline.BackgroundPipelineCreator (BackgroundPipelineCreator.java:stop(145)) - RatisPipelineUtilsThread is not running, just ignore.
2023-04-02 14:01:22,489 [Listener at 127.0.0.1/38335] INFO  BackgroundPipelineScrubber (BackgroundSCMService.java:stop(126)) - BackgroundPipelineScrubber Service is not running, skip stop.
2023-04-02 14:01:22,489 [Listener at 127.0.0.1/38335] INFO  ExpiredContainerReplicaOpScrubber (BackgroundSCMService.java:stop(131)) - Stopping ExpiredContainerReplicaOpScrubber Service.
2023-04-02 14:01:22,489 [ExpiredContainerReplicaOpScrubberThread] WARN  ExpiredContainerReplicaOpScrubber (BackgroundSCMService.java:run(115)) - ExpiredContainerReplicaOpScrubber is interrupted, exit
2023-04-02 14:01:22,489 [Listener at 127.0.0.1/38335] INFO  utils.BackgroundService (BackgroundService.java:shutdown(141)) - Shutting down service SCMBlockDeletingService
2023-04-02 14:01:22,489 [Listener at 127.0.0.1/38335] INFO  replication.ReplicationManager (ReplicationManager.java:stop(331)) - Replication Monitor Thread is not running.
2023-04-02 14:01:22,489 [Listener at 127.0.0.1/38335] WARN  balancer.ContainerBalancer (ContainerBalancer.java:stop(324)) - Cannot stop Container Balancer because it's not running or stopping
2023-04-02 14:01:22,489 [Listener at 127.0.0.1/38335] INFO  server.StorageContainerManager (StorageContainerManager.java:stop(1663)) - Stopping SCM MetadataStore.
]]></system-out>
  </testcase>
  <testcase name="testContainerStateMachineForStreaming" classname="org.apache.hadoop.ozone.client.rpc.TestContainerStateMachineStream" time="300.009">
    <error type="org.junit.runners.model.TestTimedOutException"><![CDATA[org.junit.runners.model.TestTimedOutException: test timed out after 300 seconds
	at java.lang.Object.wait(Native Method)
	at java.util.concurrent.ForkJoinTask.externalAwaitDone(ForkJoinTask.java:334)
	at java.util.concurrent.ForkJoinTask.doInvoke(ForkJoinTask.java:405)
	at java.util.concurrent.ForkJoinTask.invoke(ForkJoinTask.java:734)
	at java.util.stream.ForEachOps$ForEachOp.evaluateParallel(ForEachOps.java:159)
	at java.util.stream.ForEachOps$ForEachOp$OfRef.evaluateParallel(ForEachOps.java:173)
	at java.util.stream.AbstractPipeline.evaluate(AbstractPipeline.java:233)
	at java.util.stream.ReferencePipeline.forEach(ReferencePipeline.java:485)
	at java.util.stream.ReferencePipeline$Head.forEach(ReferencePipeline.java:650)
	at org.apache.hadoop.ozone.MiniOzoneClusterImpl.stopDatanodes(MiniOzoneClusterImpl.java:536)
	at org.apache.hadoop.ozone.MiniOzoneClusterImpl.stop(MiniOzoneClusterImpl.java:473)
	at org.apache.hadoop.ozone.MiniOzoneClusterImpl.shutdown(MiniOzoneClusterImpl.java:460)
	at org.apache.hadoop.ozone.client.rpc.TestContainerStateMachineStream.shutdown(TestContainerStateMachineStream.java:155)
	at sun.reflect.NativeMethodAccessorImpl.invoke0(Native Method)
	at sun.reflect.NativeMethodAccessorImpl.invoke(NativeMethodAccessorImpl.java:62)
	at sun.reflect.DelegatingMethodAccessorImpl.invoke(DelegatingMethodAccessorImpl.java:43)
	at java.lang.reflect.Method.invoke(Method.java:498)
	at org.junit.runners.model.FrameworkMethod$1.runReflectiveCall(FrameworkMethod.java:59)
	at org.junit.internal.runners.model.ReflectiveCallable.run(ReflectiveCallable.java:12)
	at org.junit.runners.model.FrameworkMethod.invokeExplosively(FrameworkMethod.java:56)
	at org.junit.internal.runners.statements.RunAfters.invokeMethod(RunAfters.java:46)
	at org.junit.internal.runners.statements.RunAfters.evaluate(RunAfters.java:33)
	at org.junit.internal.runners.statements.FailOnTimeout$CallableStatement.call(FailOnTimeout.java:288)
	at org.junit.internal.runners.statements.FailOnTimeout$CallableStatement.call(FailOnTimeout.java:282)
	at java.util.concurrent.FutureTask.run(FutureTask.java:266)
	at java.lang.Thread.run(Thread.java:750)
]]></error>
    <system-out><![CDATA[2023-04-02 14:01:22,556 [Time-limited test] WARN  server.ServerUtils (ServerUtils.java:getScmDbDir(148)) - ozone.scm.db.dirs is not configured. We recommend adding this setting. Falling back to ozone.metadata.dirs instead.
2023-04-02 14:01:22,559 [Time-limited test] WARN  server.ServerUtils (ServerUtils.java:getScmDbDir(148)) - ozone.scm.db.dirs is not configured. We recommend adding this setting. Falling back to ozone.metadata.dirs instead.
2023-04-02 14:01:22,559 [Time-limited test] INFO  ha.SCMHANodeDetails (SCMHANodeDetails.java:loadSCMHAConfig(209)) - ServiceID for StorageContainerManager is null
2023-04-02 14:01:22,559 [Time-limited test] INFO  ha.SCMHANodeDetails (SCMHANodeDetails.java:loadSCMHAConfig(214)) - ozone.scm.default.service.id is not defined, falling back to ozone.scm.service.ids to find serviceID for StorageContainerManager if it is HA enabled cluster
2023-04-02 14:01:22,560 [Time-limited test] WARN  utils.HAUtils (HAUtils.java:getMetaDir(342)) - ozone.scm.db.dirs is not configured. We recommend adding this setting. Falling back to ozone.metadata.dirs instead.
2023-04-02 14:01:22,561 [Time-limited test] WARN  db.DBStoreBuilder (DBStoreBuilder.java:applyDBDefinition(181)) - ozone.scm.db.dirs is not configured. We recommend adding this setting. Falling back to ozone.metadata.dirs instead.
2023-04-02 14:01:22,677 [Time-limited test] INFO  net.NodeSchemaLoader (NodeSchemaLoader.java:loadSchemaFromFile(129)) - Loading schema from [jar:file:/home/runner/.m2/repository/org/apache/ozone/hdds-common/1.4.0-SNAPSHOT/hdds-common-1.4.0-SNAPSHOT.jar!/network-topology-default.xml]
2023-04-02 14:01:22,677 [Time-limited test] INFO  net.NodeSchemaLoader (NodeSchemaLoader.java:loadSchema(176)) - Loading network topology layer schema file
2023-04-02 14:01:22,680 [Time-limited test] INFO  upgrade.AbstractLayoutVersionManager (AbstractLayoutVersionManager.java:init(83)) - Initializing Layout version manager with metadata layout = WEBUI_PORTS_IN_DATANODEDETAILS (version = 6), software layout = WEBUI_PORTS_IN_DATANODEDETAILS (version = 6)
2023-04-02 14:01:22,742 [Time-limited test] INFO  reflections.Reflections (Reflections.java:scan(232)) - Reflections took 61 ms to scan 7 urls, producing 155 keys and 368 values 
2023-04-02 14:01:22,746 [Time-limited test] INFO  ha.SequenceIdGenerator (SequenceIdGenerator.java:upgradeToSequenceId(349)) - upgrade localId to 111677748019200000
2023-04-02 14:01:22,746 [Time-limited test] INFO  ha.SequenceIdGenerator (SequenceIdGenerator.java:upgradeToSequenceId(359)) - upgrade delTxnId to 0
2023-04-02 14:01:22,748 [Time-limited test] INFO  ha.SequenceIdGenerator (SequenceIdGenerator.java:upgradeToSequenceId(376)) - upgrade containerId to 0
2023-04-02 14:01:22,748 [Time-limited test] INFO  ha.SequenceIdGenerator (SequenceIdGenerator.java:<init>(220)) - Init the HA SequenceIdGenerator.
2023-04-02 14:01:22,752 [Time-limited test] INFO  node.SCMNodeManager (SCMNodeManager.java:<init>(156)) - Entering startup safe mode.
2023-04-02 14:01:22,754 [Time-limited test] INFO  algorithms.ContainerPlacementPolicyFactory (ContainerPlacementPolicyFactory.java:getPolicyInternal(86)) - Create container placement policy of type org.apache.hadoop.hdds.scm.container.placement.algorithms.SCMContainerPlacementRandom
2023-04-02 14:01:22,754 [Time-limited test] INFO  algorithms.ContainerPlacementPolicyFactory (ContainerPlacementPolicyFactory.java:getPolicyInternal(86)) - Create container placement policy of type org.apache.hadoop.hdds.scm.container.placement.algorithms.SCMContainerPlacementRackScatter
2023-04-02 14:01:22,754 [Time-limited test] INFO  pipeline.PipelineStateManagerImpl (PipelineStateManagerImpl.java:initialize(78)) - No pipeline exists in current db
2023-04-02 14:01:22,758 [Time-limited test] INFO  algorithms.LeaderChoosePolicyFactory (LeaderChoosePolicyFactory.java:getPolicy(57)) - Create leader choose policy of type org.apache.hadoop.hdds.scm.pipeline.leader.choose.algorithms.MinLeaderCountChoosePolicy
2023-04-02 14:01:22,759 [Time-limited test] INFO  algorithms.ContainerPlacementPolicyFactory (ContainerPlacementPolicyFactory.java:getPolicyInternal(86)) - Create container placement policy of type org.apache.hadoop.hdds.scm.container.placement.algorithms.SCMContainerPlacementRackScatter
2023-04-02 14:01:22,760 [Time-limited test] INFO  ha.SCMServiceManager (SCMServiceManager.java:register(42)) - Registering service BackgroundPipelineCreator.
2023-04-02 14:01:22,760 [Time-limited test] INFO  pipeline.BackgroundPipelineCreator (BackgroundPipelineCreator.java:start(124)) - Starting RatisPipelineUtilsThread.
2023-04-02 14:01:22,761 [Time-limited test] INFO  BackgroundPipelineScrubber (BackgroundSCMService.java:start(68)) - Starting BackgroundPipelineScrubber Service.
2023-04-02 14:01:22,763 [Time-limited test] INFO  ha.SCMServiceManager (SCMServiceManager.java:register(42)) - Registering service BackgroundPipelineScrubber.
2023-04-02 14:01:22,763 [Time-limited test] INFO  ExpiredContainerReplicaOpScrubber (BackgroundSCMService.java:start(68)) - Starting ExpiredContainerReplicaOpScrubber Service.
2023-04-02 14:01:22,764 [Time-limited test] INFO  ha.SCMServiceManager (SCMServiceManager.java:register(42)) - Registering service ExpiredContainerReplicaOpScrubber.
2023-04-02 14:01:22,765 [Time-limited test] INFO  algorithms.PipelineChoosePolicyFactory (PipelineChoosePolicyFactory.java:createPipelineChoosePolicyFromClass(73)) - Create pipeline choose policy of type org.apache.hadoop.hdds.scm.pipeline.choose.algorithms.RandomPipelineChoosePolicy
2023-04-02 14:01:22,766 [Time-limited test] INFO  ha.SCMServiceManager (SCMServiceManager.java:register(42)) - Registering service SCMBlockDeletingService.
2023-04-02 14:01:22,766 [Time-limited test] INFO  replication.ReplicationManager (ReplicationManager.java:start(288)) - Starting Replication Monitor Thread.
2023-04-02 14:01:22,770 [Time-limited test] INFO  ha.SCMServiceManager (SCMServiceManager.java:register(42)) - Registering service ReplicationManager.
2023-04-02 14:01:22,770 [Time-limited test] INFO  safemode.ContainerSafeModeRule (ContainerSafeModeRule.java:<init>(89)) - containers with one replica threshold count 0
2023-04-02 14:01:22,770 [Time-limited test] INFO  safemode.HealthyPipelineSafeModeRule (HealthyPipelineSafeModeRule.java:initializeRule(169)) - Total pipeline count is 0, healthy pipeline threshold count is 1
2023-04-02 14:01:22,771 [Time-limited test] INFO  safemode.OneReplicaPipelineSafeModeRule (OneReplicaPipelineSafeModeRule.java:initializeRule(180)) - Total pipeline count is 0, pipeline's with at least one datanode reported threshold count is 0
2023-04-02 14:01:22,774 [Time-limited test] INFO  server.StorageContainerManager (StorageContainerManager.java:<init>(398)) - SCM start with adminUsers: [runner]
2023-04-02 14:01:22,774 [Time-limited test] INFO  ipc.CallQueueManager (CallQueueManager.java:<init>(90)) - Using callQueue: class java.util.concurrent.LinkedBlockingQueue, queueCapacity: 2000, scheduler: class org.apache.hadoop.ipc.DefaultRpcScheduler, ipcBackoff: false.
2023-04-02 14:01:22,776 [Socket Reader #1 for port 0] INFO  ipc.Server (Server.java:run(1319)) - Starting Socket Reader #1 for port 0
2023-04-02 14:01:22,778 [Listener at 0.0.0.0/42307] INFO  ipc.CallQueueManager (CallQueueManager.java:<init>(90)) - Using callQueue: class java.util.concurrent.LinkedBlockingQueue, queueCapacity: 2000, scheduler: class org.apache.hadoop.ipc.DefaultRpcScheduler, ipcBackoff: false.
2023-04-02 14:01:22,779 [Socket Reader #1 for port 0] INFO  ipc.Server (Server.java:run(1319)) - Starting Socket Reader #1 for port 0
2023-04-02 14:01:22,780 [Listener at 0.0.0.0/33133] INFO  ipc.CallQueueManager (CallQueueManager.java:<init>(90)) - Using callQueue: class java.util.concurrent.LinkedBlockingQueue, queueCapacity: 2000, scheduler: class org.apache.hadoop.ipc.DefaultRpcScheduler, ipcBackoff: false.
2023-04-02 14:01:22,781 [Socket Reader #1 for port 0] INFO  ipc.Server (Server.java:run(1319)) - Starting Socket Reader #1 for port 0
2023-04-02 14:01:22,785 [Listener at 0.0.0.0/41695] INFO  ha.SCMServiceManager (SCMServiceManager.java:register(42)) - Registering service ContainerBalancer.
2023-04-02 14:01:22,786 [Listener at 0.0.0.0/41695] INFO  server.StorageContainerManager (StorageContainerManager.java:<init>(415)) - 
Container Balancer status:
Key                            Value
Running                        false
Container Balancer Configuration values:
Key                                                Value
Threshold                                          10
Max Datanodes to Involve per Iteration(percent)    20
Max Size to Move per Iteration                     500GB
Max Size Entering Target per Iteration             26GB
Max Size Leaving Source per Iteration              26GB

2023-04-02 14:01:22,786 [Listener at 0.0.0.0/41695] INFO  ha.SCMContext (SCMContext.java:updateSafeModeStatus(228)) - Update SafeModeStatus from SafeModeStatus{safeModeStatus=true, preCheckPassed=false} to SafeModeStatus{safeModeStatus=true, preCheckPassed=false}.
2023-04-02 14:01:22,786 [Listener at 0.0.0.0/41695] INFO  server.StorageContainerManager (StorageContainerManager.java:start(1453)) - StorageContainerLocationProtocol RPC server is listening at /0.0.0.0:41695
2023-04-02 14:01:22,788 [Listener at 0.0.0.0/41695] WARN  impl.MetricsConfig (MetricsConfig.java:loadFirst(136)) - Cannot locate configuration: tried hadoop-metrics2-storagecontainermanager.properties,hadoop-metrics2.properties
2023-04-02 14:01:22,789 [ReplicationMonitor] INFO  replication.ReplicationManager (ReplicationManager.java:processAll(363)) - Replication Manager is not ready to run until 3000ms after safemode exit
2023-04-02 14:01:22,791 [Listener at 0.0.0.0/41695] INFO  impl.MetricsSystemImpl (MetricsSystemImpl.java:startTimer(378)) - Scheduled Metric snapshot period at 10 second(s).
2023-04-02 14:01:22,791 [Listener at 0.0.0.0/41695] INFO  impl.MetricsSystemImpl (MetricsSystemImpl.java:start(191)) - StorageContainerManager metrics system started
2023-04-02 14:01:22,813 [Listener at 0.0.0.0/41695] INFO  impl.MetricsSinkAdapter (MetricsSinkAdapter.java:start(204)) - Sink prometheus started
2023-04-02 14:01:22,813 [Listener at 0.0.0.0/41695] INFO  impl.MetricsSystemImpl (MetricsSystemImpl.java:registerSink(305)) - Registered sink prometheus
2023-04-02 14:01:22,829 [Listener at 0.0.0.0/41695] INFO  server.SCMClientProtocolServer (SCMClientProtocolServer.java:start(197)) - RPC server for Client  is listening at /0.0.0.0:41695
2023-04-02 14:01:22,829 [IPC Server Responder] INFO  ipc.Server (Server.java:run(1558)) - IPC Server Responder: starting
2023-04-02 14:01:22,830 [IPC Server listener on 0] INFO  ipc.Server (Server.java:run(1398)) - IPC Server listener on 0: starting
2023-04-02 14:01:22,832 [Listener at 0.0.0.0/41695] INFO  server.StorageContainerManager (StorageContainerManager.java:start(1467)) - ScmBlockLocationProtocol RPC server is listening at /0.0.0.0:33133
2023-04-02 14:01:22,832 [Listener at 0.0.0.0/41695] INFO  server.SCMBlockProtocolServer (SCMBlockProtocolServer.java:start(152)) - RPC server for Block Protocol is listening at /0.0.0.0:33133
2023-04-02 14:01:22,833 [IPC Server Responder] INFO  ipc.Server (Server.java:run(1558)) - IPC Server Responder: starting
2023-04-02 14:01:22,838 [IPC Server listener on 0] INFO  ipc.Server (Server.java:run(1398)) - IPC Server listener on 0: starting
2023-04-02 14:01:22,844 [Listener at 0.0.0.0/41695] INFO  server.SCMDatanodeProtocolServer (SCMDatanodeProtocolServer.java:start(193)) - ScmDatanodeProtocol RPC server for DataNodes is listening at /0.0.0.0:42307
2023-04-02 14:01:22,845 [IPC Server Responder] INFO  ipc.Server (Server.java:run(1558)) - IPC Server Responder: starting
2023-04-02 14:01:22,846 [IPC Server listener on 0] INFO  ipc.Server (Server.java:run(1398)) - IPC Server listener on 0: starting
2023-04-02 14:01:22,853 [org.apache.hadoop.util.JvmPauseMonitor$Monitor@706a2ed3] INFO  util.JvmPauseMonitor (JvmPauseMonitor.java:run(188)) - Starting JVM pause monitor
2023-04-02 14:01:22,854 [Listener at 0.0.0.0/41695] INFO  http.BaseHttpServer (BaseHttpServer.java:newHttpServer2BuilderForOzone(224)) - Starting Web-server for scm at: http://0.0.0.0:0
2023-04-02 14:01:22,854 [Listener at 0.0.0.0/41695] INFO  http.BaseHttpServer (BaseHttpServer.java:<init>(111)) - Hadoop Security Enabled: false Ozone Security Enabled: false Ozone HTTP Security Enabled: false 
2023-04-02 14:01:22,855 [Listener at 0.0.0.0/41695] WARN  server.AuthenticationFilter (AuthenticationFilter.java:constructSecretProvider(240)) - Unable to initialize FileSignerSecretProvider, falling back to use random secrets. Reason: Could not read signature secret file: /home/runner/hadoop-http-auth-signature-secret
2023-04-02 14:01:22,856 [Listener at 0.0.0.0/41695] WARN  http.HttpRequestLog (HttpRequestLog.java:getRequestLog(103)) - Jetty request log can only be enabled using Log4j
2023-04-02 14:01:22,859 [Listener at 0.0.0.0/41695] INFO  http.HttpServer2 (HttpServer2.java:addGlobalFilter(1031)) - Added global filter 'safety' (class=org.apache.hadoop.hdds.server.http.HttpServer2$QuotingInputFilter)
2023-04-02 14:01:22,860 [Listener at 0.0.0.0/41695] INFO  http.HttpServer2 (HttpServer2.java:addFilter(1007)) - Added filter static_user_filter (class=org.apache.hadoop.http.lib.StaticUserWebFilter$StaticUserFilter) to context scm
2023-04-02 14:01:22,860 [Listener at 0.0.0.0/41695] INFO  http.HttpServer2 (HttpServer2.java:addFilter(1015)) - Added filter static_user_filter (class=org.apache.hadoop.http.lib.StaticUserWebFilter$StaticUserFilter) to context static
2023-04-02 14:01:22,861 [Listener at 0.0.0.0/41695] INFO  http.HttpServer2 (HttpServer2.java:addFilter(1015)) - Added filter static_user_filter (class=org.apache.hadoop.http.lib.StaticUserWebFilter$StaticUserFilter) to context logs
2023-04-02 14:01:22,861 [Listener at 0.0.0.0/41695] INFO  http.BaseHttpServer (BaseHttpServer.java:<init>(190)) - HTTP server of scm uses base directory /home/runner/work/ozone/ozone/hadoop-ozone/integration-test/target/test-dir/MiniOzoneClusterImpl-bc27570d-a894-40b9-be9a-008fe3dc8683/ozone-meta/webserver
2023-04-02 14:01:22,861 [Listener at 0.0.0.0/41695] INFO  http.HttpServer2 (HttpServer2.java:bindListener(1250)) - Jetty bound to port 37223
2023-04-02 14:01:22,862 [Listener at 0.0.0.0/41695] INFO  server.Server (Server.java:doStart(375)) - jetty-9.4.49.v20220914; built: 2022-09-14T01:07:36.601Z; git: 4231a3b2e4cb8548a412a789936d640a97b1aa0a; jvm 1.8.0_362-b09
2023-04-02 14:01:22,866 [Listener at 0.0.0.0/41695] INFO  server.session (DefaultSessionIdManager.java:doStart(334)) - DefaultSessionIdManager workerName=node0
2023-04-02 14:01:22,866 [Listener at 0.0.0.0/41695] INFO  server.session (DefaultSessionIdManager.java:doStart(339)) - No SessionScavenger set, using defaults
2023-04-02 14:01:22,866 [Listener at 0.0.0.0/41695] INFO  server.session (HouseKeeper.java:startScavenging(132)) - node0 Scavenging every 660000ms
2023-04-02 14:01:22,867 [Listener at 0.0.0.0/41695] INFO  handler.ContextHandler (ContextHandler.java:doStart(921)) - Started o.e.j.s.ServletContextHandler@4a5a2b9{logs,/logs,file:///home/runner/work/ozone/ozone/hadoop-ozone/integration-test/target/log,AVAILABLE}
2023-04-02 14:01:22,868 [Listener at 0.0.0.0/41695] INFO  handler.ContextHandler (ContextHandler.java:doStart(921)) - Started o.e.j.s.ServletContextHandler@36bc408d{static,/static,file:///home/runner/work/ozone/ozone/hadoop-ozone/integration-test/target/test-classes/webapps/static,AVAILABLE}
2023-04-02 14:01:22,871 [Listener at 0.0.0.0/41695] INFO  handler.ContextHandler (ContextHandler.java:doStart(921)) - Started o.e.j.w.WebAppContext@37a60ea4{scm,/,file:///home/runner/work/ozone/ozone/hadoop-ozone/integration-test/target/test-classes/webapps/scm/,AVAILABLE}{file:/home/runner/work/ozone/ozone/hadoop-ozone/integration-test/target/test-classes/webapps/scm}
2023-04-02 14:01:22,877 [Listener at 0.0.0.0/41695] INFO  server.AbstractConnector (AbstractConnector.java:doStart(333)) - Started ServerConnector@2e0216ba{HTTP/1.1, (http/1.1)}{0.0.0.0:37223}
2023-04-02 14:01:22,877 [Listener at 0.0.0.0/41695] INFO  server.Server (Server.java:doStart(415)) - Started @29384ms
2023-04-02 14:01:22,877 [Listener at 0.0.0.0/41695] WARN  impl.MetricsSystemImpl (MetricsSystemImpl.java:register(279)) - Sink prometheus already exists!
2023-04-02 14:01:22,878 [Listener at 0.0.0.0/41695] INFO  http.BaseHttpServer (BaseHttpServer.java:updateConnectorAddress(344)) - HTTP server of scm listening at http://0.0.0.0:37223
2023-04-02 14:01:22,878 [Listener at 0.0.0.0/41695] WARN  server.ServerUtils (ServerUtils.java:getDBPath(225)) - ozone.om.db.dirs is not configured. We recommend adding this setting. Falling back to ozone.metadata.dirs instead.
2023-04-02 14:01:22,880 [Listener at 0.0.0.0/41695] INFO  ha.OMHANodeDetails (OMHANodeDetails.java:loadOMHAConfig(115)) - ozone.om.internal.service.id is not defined, falling back to ozone.om.service.ids to find serviceID for OzoneManager if it is HA enabled cluster
2023-04-02 14:01:22,880 [Listener at 0.0.0.0/41695] INFO  ha.OMHANodeDetails (OMHANodeDetails.java:loadOMHAConfig(226)) - Configuration does not have ozone.om.address set. Falling back to the default OM address /127.0.0.1:0
2023-04-02 14:01:22,880 [Listener at 0.0.0.0/41695] INFO  ha.OMHANodeDetails (OMHANodeDetails.java:getOMNodeDetailsForNonHA(254)) - OM Service ID is not set. Setting it to the default ID: omServiceIdDefault
2023-04-02 14:01:22,880 [Listener at 0.0.0.0/41695] INFO  ha.OMHANodeDetails (OMHANodeDetails.java:getOMNodeDetailsForNonHA(261)) - OM Node ID is not set. Setting it to the default ID: om1
2023-04-02 14:01:22,881 [Listener at 0.0.0.0/41695] WARN  server.ServerUtils (ServerUtils.java:getDBPath(225)) - ozone.om.db.dirs is not configured. We recommend adding this setting. Falling back to ozone.metadata.dirs instead.
2023-04-02 14:01:22,882 [Listener at 0.0.0.0/41695] INFO  upgrade.AbstractLayoutVersionManager (AbstractLayoutVersionManager.java:init(83)) - Initializing Layout version manager with metadata layout = MULTITENANCY_SCHEMA (version = 3), software layout = MULTITENANCY_SCHEMA (version = 3)
2023-04-02 14:01:22,968 [Listener at 0.0.0.0/41695] INFO  reflections.Reflections (Reflections.java:scan(232)) - Reflections took 85 ms to scan 2 urls, producing 170 keys and 470 values [using 2 cores]
2023-04-02 14:01:22,969 [Listener at 0.0.0.0/41695] INFO  upgrade.OMLayoutVersionManager (OMLayoutVersionManager.java:lambda$0(115)) - Skipping Upgrade Action MockOmUpgradeAction since it has been finalized.
2023-04-02 14:01:22,969 [Listener at 0.0.0.0/41695] WARN  server.ServerUtils (ServerUtils.java:getDBPath(225)) - ozone.om.db.dirs is not configured. We recommend adding this setting. Falling back to ozone.metadata.dirs instead.
2023-04-02 14:01:22,970 [Listener at 0.0.0.0/41695] INFO  proxy.SCMBlockLocationFailoverProxyProvider (SCMBlockLocationFailoverProxyProvider.java:<init>(114)) - Created block location fail-over proxy with 1 nodes: [nodeId=scmNodeId,nodeAddress=/0.0.0.0:33133]
2023-04-02 14:01:22,971 [Listener at 0.0.0.0/41695] INFO  proxy.SCMBlockLocationFailoverProxyProvider (SCMBlockLocationFailoverProxyProvider.java:<init>(114)) - Created block location fail-over proxy with 1 nodes: [nodeId=scmNodeId,nodeAddress=/0.0.0.0:33133]
2023-04-02 14:01:22,987 [Listener at 0.0.0.0/41695] INFO  om.OzoneManager (OzoneManager.java:<init>(627)) - OM start with adminUsers: [runner]
2023-04-02 14:01:22,987 [Listener at 0.0.0.0/41695] WARN  server.ServerUtils (ServerUtils.java:getDBPath(225)) - ozone.om.db.dirs is not configured. We recommend adding this setting. Falling back to ozone.metadata.dirs instead.
2023-04-02 14:01:22,988 [Listener at 0.0.0.0/41695] INFO  codec.OmKeyInfoCodec (OmKeyInfoCodec.java:<init>(49)) - OmKeyInfoCodec ignorePipeline = true
2023-04-02 14:01:22,988 [Listener at 0.0.0.0/41695] INFO  codec.RepeatedOmKeyInfoCodec (RepeatedOmKeyInfoCodec.java:<init>(41)) - RepeatedOmKeyInfoCodec ignorePipeline = true
2023-04-02 14:01:23,207 [Listener at 0.0.0.0/41695] INFO  om.OzoneManager (OzoneManager.java:instantiateServices(757)) - S3 Multi-Tenancy is disabled
2023-04-02 14:01:23,207 [Listener at 0.0.0.0/41695] WARN  server.ServerUtils (ServerUtils.java:getDBPath(225)) - ozone.om.snapshot.diff.db.dir is not configured. We recommend adding this setting. Falling back to ozone.metadata.dirs instead.
2023-04-02 14:01:23,226 [Listener at 0.0.0.0/41695] INFO  om.OzoneManager (OzoneManager.java:addS3GVolumeToDB(4264)) - Created Volume s3v With Owner runner required for S3Gateway operations.
2023-04-02 14:01:23,226 [Listener at 0.0.0.0/41695] WARN  server.ServerUtils (ServerUtils.java:getDefaultRatisDirectory(237)) - Storage directory for Ratis is not configured. It is a good idea to map this to an SSD disk. Falling back to ozone.metadata.dirs
2023-04-02 14:01:23,226 [Listener at 0.0.0.0/41695] WARN  utils.OzoneManagerRatisUtils (OzoneManagerRatisUtils.java:getOMRatisSnapshotDirectory(446)) - ozone.om.ratis.snapshot.dir is not configured. Falling back to ozone.metadata.dirs config
2023-04-02 14:01:23,227 [Listener at 0.0.0.0/41695] WARN  server.ServerUtils (ServerUtils.java:getDefaultRatisDirectory(237)) - Storage directory for Ratis is not configured. It is a good idea to map this to an SSD disk. Falling back to ozone.metadata.dirs
2023-04-02 14:01:23,228 [Listener at 0.0.0.0/41695] INFO  ratis.OzoneManagerRatisServer (OzoneManagerRatisServer.java:<init>(163)) - Instantiating OM Ratis server with groupID: omServiceIdDefault and peers: localhost:9872
2023-04-02 14:01:23,228 [Listener at 0.0.0.0/41695] INFO  ratis.OzoneManagerStateMachine (OzoneManagerStateMachine.java:loadSnapshotInfoFromDB(636)) - LastAppliedIndex is set from TransactionInfo from OM DB as (t:0, i:~)
2023-04-02 14:01:23,229 [Listener at 0.0.0.0/41695] INFO  server.RaftServer (ConfUtils.java:logGet(46)) - raft.rpc.type = GRPC (default)
2023-04-02 14:01:23,229 [Listener at 0.0.0.0/41695] INFO  grpc.GrpcConfigKeys (ConfUtils.java:logFallback(53)) - raft.grpc.admin.host = null (fallback to raft.grpc.server.host)
2023-04-02 14:01:23,229 [Listener at 0.0.0.0/41695] INFO  grpc.GrpcConfigKeys (ConfUtils.java:logFallback(53)) - raft.grpc.admin.port = 9872 (fallback to raft.grpc.server.port)
2023-04-02 14:01:23,229 [Listener at 0.0.0.0/41695] INFO  grpc.GrpcConfigKeys (ConfUtils.java:logFallback(53)) - raft.grpc.client.host = null (fallback to raft.grpc.server.host)
2023-04-02 14:01:23,229 [Listener at 0.0.0.0/41695] INFO  grpc.GrpcConfigKeys (ConfUtils.java:logFallback(53)) - raft.grpc.client.port = 9872 (fallback to raft.grpc.server.port)
2023-04-02 14:01:23,229 [Listener at 0.0.0.0/41695] INFO  grpc.GrpcConfigKeys (ConfUtils.java:logGet(46)) - raft.grpc.server.host = null (default)
2023-04-02 14:01:23,229 [Listener at 0.0.0.0/41695] INFO  grpc.GrpcConfigKeys (ConfUtils.java:logGet(46)) - raft.grpc.server.port = 9872 (custom)
2023-04-02 14:01:23,229 [Listener at 0.0.0.0/41695] INFO  server.GrpcService (ConfUtils.java:logGet(46)) - raft.grpc.message.size.max = 33554432 (custom)
2023-04-02 14:01:23,230 [Listener at 0.0.0.0/41695] INFO  server.RaftServerConfigKeys (ConfUtils.java:logGet(46)) - raft.server.log.appender.buffer.byte-limit = 33554432 (custom)
2023-04-02 14:01:23,230 [Listener at 0.0.0.0/41695] INFO  server.GrpcService (ConfUtils.java:logGet(46)) - raft.grpc.flow.control.window = 1MB (=1048576) (default)
2023-04-02 14:01:23,230 [Listener at 0.0.0.0/41695] INFO  server.RaftServerConfigKeys (ConfUtils.java:logGet(46)) - raft.server.rpc.request.timeout = 3000ms (default)
2023-04-02 14:01:23,230 [Listener at 0.0.0.0/41695] INFO  grpc.GrpcConfigKeys (ConfUtils.java:logGet(46)) - raft.grpc.server.heartbeat.channel = true (default)
2023-04-02 14:01:23,230 [Listener at 0.0.0.0/41695] INFO  grpc.GrpcConfigKeys (ConfUtils.java:logGet(46)) - raft.grpc.server.async.request.thread.pool.cached = true (default)
2023-04-02 14:01:23,230 [Listener at 0.0.0.0/41695] INFO  grpc.GrpcConfigKeys (ConfUtils.java:logGet(46)) - raft.grpc.server.async.request.thread.pool.size = 32 (default)
2023-04-02 14:01:23,232 [Listener at 0.0.0.0/41695] INFO  impl.DataStreamServerImpl (ConfUtils.java:logGet(46)) - raft.datastream.type = DISABLED (default)
2023-04-02 14:01:23,232 [Listener at 0.0.0.0/41695] INFO  server.RaftServerConfigKeys (ConfUtils.java:logGet(46)) - raft.server.threadpool.proxy.cached = true (default)
2023-04-02 14:01:23,232 [Listener at 0.0.0.0/41695] INFO  server.RaftServerConfigKeys (ConfUtils.java:logGet(46)) - raft.server.threadpool.proxy.size = 0 (default)
2023-04-02 14:01:23,232 [Listener at 0.0.0.0/41695] INFO  server.RaftServerConfigKeys (ConfUtils.java:logGet(46)) - raft.server.rpc.slowness.timeout = 120s (custom)
2023-04-02 14:01:23,232 [Listener at 0.0.0.0/41695] INFO  server.RaftServerConfigKeys (ConfUtils.java:logGet(46)) - raft.server.leaderelection.leader.step-down.wait-time = 10s (default)
2023-04-02 14:01:23,232 [Listener at 0.0.0.0/41695] INFO  server.RaftServerConfigKeys (ConfUtils.java:logGet(46)) - raft.server.storage.dir = [/home/runner/work/ozone/ozone/hadoop-ozone/integration-test/target/test-dir/MiniOzoneClusterImpl-bc27570d-a894-40b9-be9a-008fe3dc8683/ozone-meta/ratis] (custom)
2023-04-02 14:01:23,244 [Listener at 0.0.0.0/41695] INFO  server.RaftServer (RaftServerProxy.java:addNew(96)) - om1: addNew group-C5BA1605619E:[om1|rpc:localhost:9872|priority:0|startupRole:FOLLOWER] returns group-C5BA1605619E:java.util.concurrent.CompletableFuture@158b214c[Not completed]
2023-04-02 14:01:23,244 [Listener at 0.0.0.0/41695] INFO  om.OzoneManager (OzoneManager.java:initializeRatisServer(2106)) - OzoneManager Ratis server initialized at port 9872
2023-04-02 14:01:23,244 [Listener at 0.0.0.0/41695] INFO  om.OzoneManager (OzoneManager.java:getRpcServer(1142)) - Creating RPC Server
2023-04-02 14:01:23,246 [pool-213-thread-1] INFO  server.RaftServer$Division (RaftServerImpl.java:<init>(195)) - om1: new RaftServerImpl for group-C5BA1605619E:[om1|rpc:localhost:9872|priority:0|startupRole:FOLLOWER] with OzoneManagerStateMachine:uninitialized
2023-04-02 14:01:23,246 [pool-213-thread-1] INFO  server.RaftServerConfigKeys (ConfUtils.java:logGet(46)) - raft.server.rpc.timeout.min = 1s (custom)
2023-04-02 14:01:23,246 [pool-213-thread-1] INFO  server.RaftServerConfigKeys (ConfUtils.java:logGet(46)) - raft.server.rpc.timeout.max = 1200ms (custom)
2023-04-02 14:01:23,246 [pool-213-thread-1] INFO  server.RaftServerConfigKeys (ConfUtils.java:logGet(46)) - raft.server.rpc.sleep.time = 25ms (default)
2023-04-02 14:01:23,246 [pool-213-thread-1] INFO  server.RaftServerConfigKeys (ConfUtils.java:logGet(46)) - raft.server.rpc.slowness.timeout = 120s (custom)
2023-04-02 14:01:23,246 [pool-213-thread-1] INFO  server.RaftServerConfigKeys (ConfUtils.java:logGet(46)) - raft.server.leaderelection.leader.step-down.wait-time = 10s (default)
2023-04-02 14:01:23,246 [pool-213-thread-1] INFO  server.RaftServerConfigKeys (ConfUtils.java:logGet(46)) - raft.server.sleep.deviation.threshold = 300ms (default)
2023-04-02 14:01:23,246 [pool-213-thread-1] INFO  server.RaftServer$Division (ServerState.java:<init>(118)) - om1@group-C5BA1605619E: ConfigurationManager, init=-1: peers:[om1|rpc:localhost:9872|priority:0|startupRole:FOLLOWER]|listeners:[], old=null, confs=<EMPTY_MAP>
2023-04-02 14:01:23,246 [pool-213-thread-1] INFO  server.RaftServerConfigKeys (ConfUtils.java:logGet(46)) - raft.server.storage.dir = [/home/runner/work/ozone/ozone/hadoop-ozone/integration-test/target/test-dir/MiniOzoneClusterImpl-bc27570d-a894-40b9-be9a-008fe3dc8683/ozone-meta/ratis] (custom)
2023-04-02 14:01:23,246 [pool-213-thread-1] INFO  server.RaftServerConfigKeys (ConfUtils.java:logGet(46)) - raft.server.log.corruption.policy = EXCEPTION (default)
2023-04-02 14:01:23,247 [pool-213-thread-1] INFO  server.RaftServerConfigKeys (ConfUtils.java:logGet(46)) - raft.server.storage.free-space.min = 0MB (=0) (default)
2023-04-02 14:01:23,247 [pool-213-thread-1] INFO  server.RaftServerConfigKeys (ConfUtils.java:logGet(46)) - raft.server.notification.no-leader.timeout = 120s (custom)
2023-04-02 14:01:23,247 [pool-213-thread-1] INFO  server.RaftServerConfigKeys (ConfUtils.java:logGet(46)) - raft.server.retrycache.expirytime = 300s (custom)
2023-04-02 14:01:23,247 [pool-213-thread-1] INFO  server.RaftServerConfigKeys (ConfUtils.java:logGet(46)) - raft.server.retrycache.statistics.expirytime = 100μs (default)
2023-04-02 14:01:23,247 [pool-213-thread-1] INFO  server.RaftServerConfigKeys (ConfUtils.java:logGet(46)) - raft.server.log.appender.install.snapshot.enabled = false (custom)
2023-04-02 14:01:23,247 [pool-213-thread-1] INFO  server.RaftServerConfigKeys (ConfUtils.java:logGet(46)) - raft.server.threadpool.server.cached = true (default)
2023-04-02 14:01:23,248 [pool-213-thread-1] INFO  server.RaftServerConfigKeys (ConfUtils.java:logGet(46)) - raft.server.threadpool.server.size = 0 (default)
2023-04-02 14:01:23,248 [pool-213-thread-1] INFO  server.RaftServerConfigKeys (ConfUtils.java:logGet(46)) - raft.server.threadpool.client.cached = true (default)
2023-04-02 14:01:23,248 [pool-213-thread-1] INFO  server.RaftServerConfigKeys (ConfUtils.java:logGet(46)) - raft.server.threadpool.client.size = 0 (default)
2023-04-02 14:01:23,785 [Listener at 0.0.0.0/41695] INFO  reflections.Reflections (Reflections.java:scan(232)) - Reflections took 540 ms to scan 19 urls, producing 68 keys and 5018 values [using 2 cores]
2023-04-02 14:01:23,787 [Listener at 0.0.0.0/41695] INFO  ipc.CallQueueManager (CallQueueManager.java:<init>(90)) - Using callQueue: class java.util.concurrent.LinkedBlockingQueue, queueCapacity: 2000, scheduler: class org.apache.hadoop.ipc.DefaultRpcScheduler, ipcBackoff: false.
2023-04-02 14:01:23,787 [Socket Reader #1 for port 0] INFO  ipc.Server (Server.java:run(1319)) - Starting Socket Reader #1 for port 0
2023-04-02 14:01:23,812 [Listener at 127.0.0.1/36373] INFO  impl.MetricsSystemImpl (MetricsSystemImpl.java:init(158)) - OzoneManager metrics system started (again)
2023-04-02 14:01:23,825 [Listener at 127.0.0.1/36373] INFO  om.OzoneManager (OzoneManager.java:start(1563)) - OzoneManager RPC server is listening at localhost/127.0.0.1:36373
2023-04-02 14:01:23,826 [Listener at 127.0.0.1/36373] INFO  ratis.OzoneManagerRatisServer (OzoneManagerRatisServer.java:start(558)) - Starting OzoneManagerRatisServer om1 at port 9872
2023-04-02 14:01:23,826 [om1-impl-thread1] INFO  storage.RaftStorageDirectory (RaftStorageDirectoryImpl.java:analyzeStorage(137)) - The storage directory /home/runner/work/ozone/ozone/hadoop-ozone/integration-test/target/test-dir/MiniOzoneClusterImpl-bc27570d-a894-40b9-be9a-008fe3dc8683/ozone-meta/ratis/bf265839-605b-3f16-9796-c5ba1605619e does not exist. Creating ...
2023-04-02 14:01:23,828 [om1-impl-thread1] INFO  storage.RaftStorageDirectory (RaftStorageDirectoryImpl.java:tryLock(231)) - Lock on /home/runner/work/ozone/ozone/hadoop-ozone/integration-test/target/test-dir/MiniOzoneClusterImpl-bc27570d-a894-40b9-be9a-008fe3dc8683/ozone-meta/ratis/bf265839-605b-3f16-9796-c5ba1605619e/in_use.lock acquired by nodename 38458@fv-az449-305
2023-04-02 14:01:23,829 [om1-impl-thread1] INFO  storage.RaftStorage (RaftStorageImpl.java:format(96)) - Storage directory /home/runner/work/ozone/ozone/hadoop-ozone/integration-test/target/test-dir/MiniOzoneClusterImpl-bc27570d-a894-40b9-be9a-008fe3dc8683/ozone-meta/ratis/bf265839-605b-3f16-9796-c5ba1605619e has been successfully formatted.
2023-04-02 14:01:23,829 [om1-impl-thread1] INFO  server.RaftServerConfigKeys (ConfUtils.java:logGet(46)) - raft.server.log.use.memory = false (default)
2023-04-02 14:01:23,829 [om1-impl-thread1] INFO  server.RaftServerConfigKeys (ConfUtils.java:logGet(46)) - raft.server.log.purge.gap = 1000000 (custom)
2023-04-02 14:01:23,829 [om1-impl-thread1] INFO  server.RaftServerConfigKeys (ConfUtils.java:logGet(46)) - raft.server.log.appender.buffer.byte-limit = 33554432 (custom)
2023-04-02 14:01:23,830 [om1-impl-thread1] INFO  server.RaftServerConfigKeys (ConfUtils.java:logGet(46)) - raft.server.log.statemachine.data.read.timeout = 1000ms (default)
2023-04-02 14:01:23,830 [om1-impl-thread1] INFO  server.RaftServerConfigKeys (ConfUtils.java:logGet(46)) - raft.server.log.purge.preservation.log.num = 0 (default)
2023-04-02 14:01:23,830 [om1-impl-thread1] INFO  server.RaftServerConfigKeys (ConfUtils.java:logGet(46)) - raft.server.log.segment.size.max = 4194304 (custom)
2023-04-02 14:01:23,830 [om1-impl-thread1] INFO  server.RaftServerConfigKeys (ConfUtils.java:logGet(46)) - raft.server.log.segment.cache.num.max = 2 (custom)
2023-04-02 14:01:23,830 [om1-impl-thread1] INFO  server.RaftServerConfigKeys (ConfUtils.java:logGet(46)) - raft.server.log.segment.cache.size.max = 200MB (=209715200) (default)
2023-04-02 14:01:23,830 [om1-impl-thread1] INFO  segmented.SegmentedRaftLogWorker (SegmentedRaftLogWorker.java:<init>(189)) - new om1@group-C5BA1605619E-SegmentedRaftLogWorker for RaftStorageImpl:Storage Directory /home/runner/work/ozone/ozone/hadoop-ozone/integration-test/target/test-dir/MiniOzoneClusterImpl-bc27570d-a894-40b9-be9a-008fe3dc8683/ozone-meta/ratis/bf265839-605b-3f16-9796-c5ba1605619e
2023-04-02 14:01:23,830 [om1-impl-thread1] INFO  server.RaftServerConfigKeys (ConfUtils.java:logGet(46)) - raft.server.log.queue.byte-limit = 64MB (=67108864) (default)
2023-04-02 14:01:23,830 [om1-impl-thread1] INFO  server.RaftServerConfigKeys (ConfUtils.java:logGet(46)) - raft.server.log.queue.element-limit = 4096 (default)
2023-04-02 14:01:23,830 [om1-impl-thread1] INFO  server.RaftServerConfigKeys (ConfUtils.java:logGet(46)) - raft.server.log.segment.size.max = 4194304 (custom)
2023-04-02 14:01:23,831 [om1-impl-thread1] INFO  server.RaftServerConfigKeys (ConfUtils.java:logGet(46)) - raft.server.log.preallocated.size = 4194304 (custom)
2023-04-02 14:01:23,831 [om1-impl-thread1] INFO  server.RaftServerConfigKeys (ConfUtils.java:logGet(46)) - raft.server.log.force.sync.num = 128 (default)
2023-04-02 14:01:23,831 [om1-impl-thread1] INFO  server.RaftServerConfigKeys (ConfUtils.java:logGet(46)) - raft.server.log.statemachine.data.sync = true (default)
2023-04-02 14:01:23,831 [om1-impl-thread1] INFO  server.RaftServerConfigKeys (ConfUtils.java:logGet(46)) - raft.server.log.statemachine.data.sync.timeout = 10s (default)
2023-04-02 14:01:23,831 [om1-impl-thread1] INFO  server.RaftServerConfigKeys (ConfUtils.java:logGet(46)) - raft.server.log.statemachine.data.sync.timeout.retry = -1 (default)
2023-04-02 14:01:23,831 [om1-impl-thread1] INFO  server.RaftServerConfigKeys (ConfUtils.java:logGet(46)) - raft.server.log.write.buffer.size = 64KB (=65536) (default)
2023-04-02 14:01:23,831 [om1-impl-thread1] INFO  server.RaftServerConfigKeys (ConfUtils.java:logGet(46)) - raft.server.log.appender.buffer.byte-limit = 33554432 (custom)
2023-04-02 14:01:23,837 [om1-impl-thread1] INFO  server.RaftServerConfigKeys (ConfUtils.java:logGet(46)) - raft.server.log.unsafe-flush.enabled = false (default)
2023-04-02 14:01:23,837 [om1-impl-thread1] INFO  server.RaftServerConfigKeys (ConfUtils.java:logGet(46)) - raft.server.log.async-flush.enabled = false (default)
2023-04-02 14:01:23,837 [om1-impl-thread1] INFO  server.RaftServerConfigKeys (ConfUtils.java:logGet(46)) - raft.server.log.statemachine.data.caching.enabled = false (default)
2023-04-02 14:01:23,837 [om1-impl-thread1] INFO  segmented.SegmentedRaftLogWorker (SegmentedRaftLogWorker.java:lambda$new$0(135)) - om1@group-C5BA1605619E-SegmentedRaftLogWorker: flushIndex: setUnconditionally 0 -> -1
2023-04-02 14:01:23,837 [om1-impl-thread1] INFO  segmented.SegmentedRaftLogWorker (SegmentedRaftLogWorker.java:lambda$new$0(135)) - om1@group-C5BA1605619E-SegmentedRaftLogWorker: safeCacheEvictIndex: setUnconditionally 0 -> -1
2023-04-02 14:01:23,837 [om1-impl-thread1] INFO  server.RaftServer$Division (RaftServerImpl.java:start(334)) - om1@group-C5BA1605619E: start as a follower, conf=-1: peers:[om1|rpc:localhost:9872|priority:0|startupRole:FOLLOWER]|listeners:[], old=null
2023-04-02 14:01:23,838 [om1-impl-thread1] INFO  server.RaftServer$Division (RaftServerImpl.java:setRole(321)) - om1@group-C5BA1605619E: changes role from      null to FOLLOWER at term 0 for startAsFollower
2023-04-02 14:01:23,839 [om1-impl-thread1] INFO  impl.RoleInfo (RoleInfo.java:updateAndGet(139)) - om1: start om1@group-C5BA1605619E-FollowerState
2023-04-02 14:01:23,840 [om1-impl-thread1] INFO  util.JmxRegister (JmxRegister.java:tryRegister(44)) - Successfully registered JMX Bean with object name Ratis:service=RaftServer,group=group-C5BA1605619E,id=om1
2023-04-02 14:01:23,840 [om1-impl-thread1] INFO  server.RaftServerConfigKeys (ConfUtils.java:logGet(46)) - raft.server.snapshot.auto.trigger.enabled = true (custom)
2023-04-02 14:01:23,840 [om1-impl-thread1] INFO  server.RaftServerConfigKeys (ConfUtils.java:logGet(46)) - raft.server.snapshot.auto.trigger.threshold = 400000 (default)
2023-04-02 14:01:23,840 [om1-impl-thread1] INFO  server.RaftServerConfigKeys (ConfUtils.java:logGet(46)) - raft.server.snapshot.retention.file.num = -1 (default)
2023-04-02 14:01:23,840 [om1-impl-thread1] INFO  server.RaftServerConfigKeys (ConfUtils.java:logGet(46)) - raft.server.log.purge.upto.snapshot.index = true (custom)
2023-04-02 14:01:23,841 [Listener at 127.0.0.1/36373] INFO  server.RaftServer (RaftServerProxy.java:startImpl(393)) - om1: start RPC server
2023-04-02 14:01:23,846 [om1@group-C5BA1605619E-FollowerState] INFO  server.RaftServerConfigKeys (ConfUtils.java:logFallback(53)) - raft.server.rpc.first-election.timeout.min = 1s (fallback to raft.server.rpc.timeout.min)
2023-04-02 14:01:23,848 [om1@group-C5BA1605619E-FollowerState] INFO  server.RaftServerConfigKeys (ConfUtils.java:logFallback(53)) - raft.server.rpc.first-election.timeout.max = 1200ms (fallback to raft.server.rpc.timeout.max)
2023-04-02 14:01:23,848 [Listener at 127.0.0.1/36373] INFO  server.GrpcService (GrpcService.java:startImpl(262)) - om1: GrpcService started, listening on 9872
2023-04-02 14:01:23,849 [Listener at 127.0.0.1/36373] INFO  om.OzoneManager (OzoneManager.java:start(1579)) - Version File has different layout version (3) than OM DB (null). That is expected if this OM has never been finalized to a newer layout version.
2023-04-02 14:01:23,849 [JvmPauseMonitor4] INFO  util.JvmPauseMonitor (JvmPauseMonitor.java:run(105)) - JvmPauseMonitor-om1: Started
2023-04-02 14:01:23,857 [Listener at 127.0.0.1/36373] INFO  http.BaseHttpServer (BaseHttpServer.java:newHttpServer2BuilderForOzone(224)) - Starting Web-server for ozoneManager at: http://0.0.0.0:0
2023-04-02 14:01:23,858 [Listener at 127.0.0.1/36373] INFO  http.BaseHttpServer (BaseHttpServer.java:<init>(111)) - Hadoop Security Enabled: false Ozone Security Enabled: false Ozone HTTP Security Enabled: false 
2023-04-02 14:01:23,860 [Listener at 127.0.0.1/36373] WARN  server.AuthenticationFilter (AuthenticationFilter.java:constructSecretProvider(240)) - Unable to initialize FileSignerSecretProvider, falling back to use random secrets. Reason: Could not read signature secret file: /home/runner/hadoop-http-auth-signature-secret
2023-04-02 14:01:23,861 [Listener at 127.0.0.1/36373] WARN  http.HttpRequestLog (HttpRequestLog.java:getRequestLog(103)) - Jetty request log can only be enabled using Log4j
2023-04-02 14:01:23,862 [Listener at 127.0.0.1/36373] INFO  http.HttpServer2 (HttpServer2.java:addGlobalFilter(1031)) - Added global filter 'safety' (class=org.apache.hadoop.hdds.server.http.HttpServer2$QuotingInputFilter)
2023-04-02 14:01:23,863 [Listener at 127.0.0.1/36373] INFO  http.HttpServer2 (HttpServer2.java:addFilter(1007)) - Added filter static_user_filter (class=org.apache.hadoop.http.lib.StaticUserWebFilter$StaticUserFilter) to context ozoneManager
2023-04-02 14:01:23,863 [Listener at 127.0.0.1/36373] INFO  http.HttpServer2 (HttpServer2.java:addFilter(1015)) - Added filter static_user_filter (class=org.apache.hadoop.http.lib.StaticUserWebFilter$StaticUserFilter) to context logs
2023-04-02 14:01:23,863 [Listener at 127.0.0.1/36373] INFO  http.HttpServer2 (HttpServer2.java:addFilter(1015)) - Added filter static_user_filter (class=org.apache.hadoop.http.lib.StaticUserWebFilter$StaticUserFilter) to context static
2023-04-02 14:01:23,864 [Listener at 127.0.0.1/36373] INFO  http.BaseHttpServer (BaseHttpServer.java:<init>(190)) - HTTP server of ozoneManager uses base directory /home/runner/work/ozone/ozone/hadoop-ozone/integration-test/target/test-dir/MiniOzoneClusterImpl-bc27570d-a894-40b9-be9a-008fe3dc8683/ozone-meta/webserver
2023-04-02 14:01:23,865 [Listener at 127.0.0.1/36373] INFO  http.HttpServer2 (HttpServer2.java:bindListener(1250)) - Jetty bound to port 46261
2023-04-02 14:01:23,865 [Listener at 127.0.0.1/36373] INFO  server.Server (Server.java:doStart(375)) - jetty-9.4.49.v20220914; built: 2022-09-14T01:07:36.601Z; git: 4231a3b2e4cb8548a412a789936d640a97b1aa0a; jvm 1.8.0_362-b09
2023-04-02 14:01:23,868 [Listener at 127.0.0.1/36373] INFO  server.session (DefaultSessionIdManager.java:doStart(334)) - DefaultSessionIdManager workerName=node0
2023-04-02 14:01:23,868 [Listener at 127.0.0.1/36373] INFO  server.session (DefaultSessionIdManager.java:doStart(339)) - No SessionScavenger set, using defaults
2023-04-02 14:01:23,868 [Listener at 127.0.0.1/36373] INFO  server.session (HouseKeeper.java:startScavenging(132)) - node0 Scavenging every 660000ms
2023-04-02 14:01:23,869 [Listener at 127.0.0.1/36373] INFO  handler.ContextHandler (ContextHandler.java:doStart(921)) - Started o.e.j.s.ServletContextHandler@420bf0e2{logs,/logs,file:///home/runner/work/ozone/ozone/hadoop-ozone/integration-test/target/log,AVAILABLE}
2023-04-02 14:01:23,870 [Listener at 127.0.0.1/36373] INFO  handler.ContextHandler (ContextHandler.java:doStart(921)) - Started o.e.j.s.ServletContextHandler@16ff42e5{static,/static,file:///home/runner/work/ozone/ozone/hadoop-ozone/integration-test/target/test-classes/webapps/static,AVAILABLE}
2023-04-02 14:01:23,875 [Listener at 127.0.0.1/36373] INFO  handler.ContextHandler (ContextHandler.java:doStart(921)) - Started o.e.j.w.WebAppContext@6f28b83{ozoneManager,/,file:///home/runner/work/ozone/ozone/hadoop-ozone/integration-test/target/test-classes/webapps/ozoneManager/,AVAILABLE}{file:/home/runner/work/ozone/ozone/hadoop-ozone/integration-test/target/test-classes/webapps/ozoneManager}
2023-04-02 14:01:23,878 [Listener at 127.0.0.1/36373] INFO  server.AbstractConnector (AbstractConnector.java:doStart(333)) - Started ServerConnector@6970acb2{HTTP/1.1, (http/1.1)}{0.0.0.0:46261}
2023-04-02 14:01:23,878 [Listener at 127.0.0.1/36373] INFO  server.Server (Server.java:doStart(415)) - Started @30386ms
2023-04-02 14:01:23,878 [Listener at 127.0.0.1/36373] WARN  impl.MetricsSystemImpl (MetricsSystemImpl.java:register(279)) - Sink prometheus already exists!
2023-04-02 14:01:23,879 [Listener at 127.0.0.1/36373] INFO  http.BaseHttpServer (BaseHttpServer.java:updateConnectorAddress(344)) - HTTP server of ozoneManager listening at http://0.0.0.0:46261
2023-04-02 14:01:23,880 [IPC Server Responder] INFO  ipc.Server (Server.java:run(1558)) - IPC Server Responder: starting
2023-04-02 14:01:23,882 [IPC Server listener on 0] INFO  ipc.Server (Server.java:run(1398)) - IPC Server listener on 0: starting
2023-04-02 14:01:23,889 [Listener at 127.0.0.1/36373] INFO  om.OzoneManager (OzoneManager.java:startTrashEmptier(2050)) - Trash Interval set to 0. Files deleted won't move to trash
2023-04-02 14:01:23,890 [org.apache.hadoop.util.JvmPauseMonitor$Monitor@506908a] INFO  util.JvmPauseMonitor (JvmPauseMonitor.java:run(188)) - Starting JVM pause monitor
2023-04-02 14:01:23,911 [Listener at 127.0.0.1/36373] WARN  impl.MetricRegistriesImpl (MetricRegistriesImpl.java:addReporterRegistration(111)) - New reporters are added after registries were created. Some metrics will be missing from the reporter. Please add reporter before adding any new registry.
2023-04-02 14:01:23,913 [Listener at 127.0.0.1/36373] WARN  impl.MetricRegistriesImpl (MetricRegistriesImpl.java:addReporterRegistration(111)) - New reporters are added after registries were created. Some metrics will be missing from the reporter. Please add reporter before adding any new registry.
2023-04-02 14:01:23,913 [Listener at 127.0.0.1/36373] INFO  impl.MetricsSystemImpl (MetricsSystemImpl.java:init(158)) - HddsDatanode metrics system started (again)
2023-04-02 14:01:23,929 [Listener at 127.0.0.1/36373] INFO  ozone.HddsDatanodeService (HddsDatanodeService.java:start(252)) - HddsDatanodeService host:fv-az449-305.jvjgdiodbn4ungrcbaap0pmvbb.dx.internal.cloudapp.net ip:10.1.0.35
2023-04-02 14:01:23,954 [Listener at 127.0.0.1/36373] INFO  upgrade.AbstractLayoutVersionManager (AbstractLayoutVersionManager.java:init(83)) - Initializing Layout version manager with metadata layout = WEBUI_PORTS_IN_DATANODEDETAILS (version = 6), software layout = WEBUI_PORTS_IN_DATANODEDETAILS (version = 6)
2023-04-02 14:01:24,018 [Listener at 127.0.0.1/36373] INFO  reflections.Reflections (Reflections.java:scan(232)) - Reflections took 61 ms to scan 7 urls, producing 155 keys and 368 values 
2023-04-02 14:01:24,019 [Listener at 127.0.0.1/36373] INFO  statemachine.DatanodeStateMachine (DatanodeStateMachine.java:getEndPointTaskThreadPoolSize(260)) - Datanode State Machine Task Thread Pool size 2
2023-04-02 14:01:24,022 [Listener at 127.0.0.1/36373] INFO  volume.HddsVolume (HddsVolume.java:<init>(130)) - Creating HddsVolume: /home/runner/work/ozone/ozone/hadoop-ozone/integration-test/target/test-dir/MiniOzoneClusterImpl-bc27570d-a894-40b9-be9a-008fe3dc8683/datanode-0/data-0/containers/hdds of storage type : DISK capacity : 9223372036854775807
2023-04-02 14:01:24,022 [Listener at 127.0.0.1/36373] INFO  volume.MutableVolumeSet (MutableVolumeSet.java:initializeVolumeSet(175)) - Added Volume : /home/runner/work/ozone/ozone/hadoop-ozone/integration-test/target/test-dir/MiniOzoneClusterImpl-bc27570d-a894-40b9-be9a-008fe3dc8683/datanode-0/data-0/containers/hdds to VolumeSet
2023-04-02 14:01:24,022 [Listener at 127.0.0.1/36373] INFO  volume.ThrottledAsyncChecker (ThrottledAsyncChecker.java:schedule(141)) - Scheduling a check for /home/runner/work/ozone/ozone/hadoop-ozone/integration-test/target/test-dir/MiniOzoneClusterImpl-bc27570d-a894-40b9-be9a-008fe3dc8683/datanode-0/data-0/containers/hdds
2023-04-02 14:01:24,027 [Listener at 127.0.0.1/36373] INFO  volume.StorageVolumeChecker (StorageVolumeChecker.java:checkAllVolumes(202)) - Scheduled health check for volume /home/runner/work/ozone/ozone/hadoop-ozone/integration-test/target/test-dir/MiniOzoneClusterImpl-bc27570d-a894-40b9-be9a-008fe3dc8683/datanode-0/data-0/containers/hdds
2023-04-02 14:01:24,045 [Listener at 127.0.0.1/36373] INFO  volume.MutableVolumeSet (MutableVolumeSet.java:initializeVolumeSet(175)) - Added Volume : /home/runner/work/ozone/ozone/hadoop-ozone/integration-test/target/test-dir/MiniOzoneClusterImpl-bc27570d-a894-40b9-be9a-008fe3dc8683/datanode-0/data/ratis to VolumeSet
2023-04-02 14:01:24,045 [Listener at 127.0.0.1/36373] INFO  volume.ThrottledAsyncChecker (ThrottledAsyncChecker.java:schedule(141)) - Scheduling a check for /home/runner/work/ozone/ozone/hadoop-ozone/integration-test/target/test-dir/MiniOzoneClusterImpl-bc27570d-a894-40b9-be9a-008fe3dc8683/datanode-0/data/ratis
2023-04-02 14:01:24,045 [Listener at 127.0.0.1/36373] INFO  volume.StorageVolumeChecker (StorageVolumeChecker.java:checkAllVolumes(202)) - Scheduled health check for volume /home/runner/work/ozone/ozone/hadoop-ozone/integration-test/target/test-dir/MiniOzoneClusterImpl-bc27570d-a894-40b9-be9a-008fe3dc8683/datanode-0/data/ratis
2023-04-02 14:01:24,064 [Thread-572] INFO  ozoneimpl.ContainerReader (ContainerReader.java:readVolume(175)) - Finish verifying containers on volume /home/runner/work/ozone/ozone/hadoop-ozone/integration-test/target/test-dir/MiniOzoneClusterImpl-bc27570d-a894-40b9-be9a-008fe3dc8683/datanode-0/data-0/containers/hdds
2023-04-02 14:01:24,065 [Listener at 127.0.0.1/36373] INFO  ozoneimpl.OzoneContainer (OzoneContainer.java:buildContainerSet(303)) - Build ContainerSet costs 0s
2023-04-02 14:01:24,071 [Listener at 127.0.0.1/36373] INFO  server.RaftServer (ConfUtils.java:logGet(46)) - raft.rpc.type = GRPC (default)
2023-04-02 14:01:24,071 [Listener at 127.0.0.1/36373] INFO  grpc.GrpcConfigKeys (ConfUtils.java:logFallback(53)) - raft.grpc.admin.host = null (fallback to raft.grpc.server.host)
2023-04-02 14:01:24,071 [Listener at 127.0.0.1/36373] INFO  grpc.GrpcConfigKeys (ConfUtils.java:logGet(46)) - raft.grpc.admin.port = 0 (custom)
2023-04-02 14:01:24,071 [Listener at 127.0.0.1/36373] INFO  grpc.GrpcConfigKeys (ConfUtils.java:logFallback(53)) - raft.grpc.client.host = null (fallback to raft.grpc.server.host)
2023-04-02 14:01:24,071 [Listener at 127.0.0.1/36373] INFO  grpc.GrpcConfigKeys (ConfUtils.java:logGet(46)) - raft.grpc.client.port = 0 (custom)
2023-04-02 14:01:24,071 [Listener at 127.0.0.1/36373] INFO  grpc.GrpcConfigKeys (ConfUtils.java:logGet(46)) - raft.grpc.server.host = null (default)
2023-04-02 14:01:24,072 [Listener at 127.0.0.1/36373] INFO  grpc.GrpcConfigKeys (ConfUtils.java:logGet(46)) - raft.grpc.server.port = 0 (default)
2023-04-02 14:01:24,072 [Listener at 127.0.0.1/36373] INFO  server.GrpcService (ConfUtils.java:logGet(46)) - raft.grpc.message.size.max = 32MB (=33554432) (custom)
2023-04-02 14:01:24,072 [Listener at 127.0.0.1/36373] INFO  server.RaftServerConfigKeys (ConfUtils.java:logGet(46)) - raft.server.log.appender.buffer.byte-limit = 33554432 (custom)
2023-04-02 14:01:24,072 [Listener at 127.0.0.1/36373] INFO  server.GrpcService (ConfUtils.java:logGet(46)) - raft.grpc.flow.control.window = 5MB (=5242880) (custom)
2023-04-02 14:01:24,072 [Listener at 127.0.0.1/36373] INFO  server.RaftServerConfigKeys (ConfUtils.java:logGet(46)) - raft.server.rpc.request.timeout = 3000ms (default)
2023-04-02 14:01:24,072 [Listener at 127.0.0.1/36373] INFO  grpc.GrpcConfigKeys (ConfUtils.java:logGet(46)) - raft.grpc.server.heartbeat.channel = true (default)
2023-04-02 14:01:24,072 [Listener at 127.0.0.1/36373] INFO  grpc.GrpcConfigKeys (ConfUtils.java:logGet(46)) - raft.grpc.server.async.request.thread.pool.cached = true (default)
2023-04-02 14:01:24,072 [Listener at 127.0.0.1/36373] INFO  grpc.GrpcConfigKeys (ConfUtils.java:logGet(46)) - raft.grpc.server.async.request.thread.pool.size = 32 (default)
2023-04-02 14:01:24,074 [Listener at 127.0.0.1/36373] INFO  impl.DataStreamServerImpl (ConfUtils.java:logGet(46)) - raft.datastream.type = NETTY (custom)
2023-04-02 14:01:24,074 [Listener at 127.0.0.1/36373] INFO  server.RaftServerConfigKeys (ConfUtils.java:logGet(46)) - raft.server.data-stream.async.request.thread.pool.cached = false (default)
2023-04-02 14:01:24,074 [Listener at 127.0.0.1/36373] INFO  server.RaftServerConfigKeys (ConfUtils.java:logGet(46)) - raft.server.data-stream.async.request.thread.pool.size = 20 (custom)
2023-04-02 14:01:24,074 [Listener at 127.0.0.1/36373] INFO  server.RaftServerConfigKeys (ConfUtils.java:logGet(46)) - raft.server.data-stream.async.write.thread.pool.size = 16 (default)
2023-04-02 14:01:24,074 [Listener at 127.0.0.1/36373] INFO  server.RaftServerConfigKeys (ConfUtils.java:logGet(46)) - raft.server.data-stream.client.pool.size = 10 (default)
2023-04-02 14:01:24,075 [Listener at 127.0.0.1/36373] INFO  netty.NettyConfigKeys$DataStream (ConfUtils.java:logGet(46)) - raft.netty.dataStream.server.use-epoll = false (default)
2023-04-02 14:01:24,075 [Listener at 127.0.0.1/36373] INFO  netty.NettyConfigKeys$DataStream (ConfUtils.java:logGet(46)) - raft.netty.dataStream.server.boss-group.size = 0 (default)
2023-04-02 14:01:24,075 [Listener at 127.0.0.1/36373] INFO  netty.NettyConfigKeys$DataStream (ConfUtils.java:logGet(46)) - raft.netty.dataStream.server.worker-group.size = 0 (default)
2023-04-02 14:01:24,075 [Listener at 127.0.0.1/36373] INFO  netty.NettyConfigKeys$DataStream (ConfUtils.java:logGet(46)) - raft.netty.dataStream.server.tls.conf = null (default)
2023-04-02 14:01:24,076 [Listener at 127.0.0.1/36373] INFO  netty.NettyConfigKeys$DataStream (ConfUtils.java:logGet(46)) - raft.netty.dataStream.host = null (default)
2023-04-02 14:01:24,076 [Listener at 127.0.0.1/36373] INFO  netty.NettyConfigKeys$DataStream (ConfUtils.java:logGet(46)) - raft.netty.dataStream.port = 0 (default)
2023-04-02 14:01:24,076 [Listener at 127.0.0.1/36373] INFO  server.RaftServerConfigKeys (ConfUtils.java:logGet(46)) - raft.server.threadpool.proxy.cached = true (default)
2023-04-02 14:01:24,076 [Listener at 127.0.0.1/36373] INFO  server.RaftServerConfigKeys (ConfUtils.java:logGet(46)) - raft.server.threadpool.proxy.size = 0 (default)
2023-04-02 14:01:24,077 [Listener at 127.0.0.1/36373] INFO  server.RaftServerConfigKeys (ConfUtils.java:logGet(46)) - raft.server.rpc.slowness.timeout = 300000ms (custom)
2023-04-02 14:01:24,077 [Listener at 127.0.0.1/36373] INFO  server.RaftServerConfigKeys (ConfUtils.java:logGet(46)) - raft.server.leaderelection.leader.step-down.wait-time = 10s (default)
2023-04-02 14:01:24,077 [Listener at 127.0.0.1/36373] INFO  server.RaftServerConfigKeys (ConfUtils.java:logGet(46)) - raft.server.storage.dir = [/home/runner/work/ozone/ozone/hadoop-ozone/integration-test/target/test-dir/MiniOzoneClusterImpl-bc27570d-a894-40b9-be9a-008fe3dc8683/datanode-0/data/ratis] (custom)
2023-04-02 14:01:24,079 [Listener at 127.0.0.1/36373] INFO  server.XceiverServerGrpc (XceiverServerGrpc.java:<init>(132)) - GrpcServer channel type EpollServerSocketChannel
2023-04-02 14:01:24,082 [Listener at 127.0.0.1/36373] INFO  http.BaseHttpServer (BaseHttpServer.java:newHttpServer2BuilderForOzone(224)) - Starting Web-server for hddsDatanode at: http://0.0.0.0:0
2023-04-02 14:01:24,083 [Listener at 127.0.0.1/36373] INFO  http.BaseHttpServer (BaseHttpServer.java:<init>(111)) - Hadoop Security Enabled: false Ozone Security Enabled: false Ozone HTTP Security Enabled: false 
2023-04-02 14:01:24,083 [3598537c-2d2c-483e-9e41-f30068588b97-NettyServerStreamRpc-bossGroup--thread1] INFO  logging.LoggingHandler (AbstractInternalLogger.java:log(148)) - [id: 0xf6a4c931] REGISTERED
2023-04-02 14:01:24,083 [3598537c-2d2c-483e-9e41-f30068588b97-NettyServerStreamRpc-bossGroup--thread1] INFO  logging.LoggingHandler (AbstractInternalLogger.java:log(148)) - [id: 0xf6a4c931] BIND: 0.0.0.0/0.0.0.0:0
2023-04-02 14:01:24,083 [3598537c-2d2c-483e-9e41-f30068588b97-NettyServerStreamRpc-bossGroup--thread1] INFO  logging.LoggingHandler (AbstractInternalLogger.java:log(148)) - [id: 0xf6a4c931, L:/0:0:0:0:0:0:0:0:39781] ACTIVE
2023-04-02 14:01:24,084 [Listener at 127.0.0.1/36373] WARN  server.AuthenticationFilter (AuthenticationFilter.java:constructSecretProvider(240)) - Unable to initialize FileSignerSecretProvider, falling back to use random secrets. Reason: Could not read signature secret file: /home/runner/hadoop-http-auth-signature-secret
2023-04-02 14:01:24,085 [Listener at 127.0.0.1/36373] WARN  http.HttpRequestLog (HttpRequestLog.java:getRequestLog(103)) - Jetty request log can only be enabled using Log4j
2023-04-02 14:01:24,086 [Listener at 127.0.0.1/36373] INFO  http.HttpServer2 (HttpServer2.java:addGlobalFilter(1031)) - Added global filter 'safety' (class=org.apache.hadoop.hdds.server.http.HttpServer2$QuotingInputFilter)
2023-04-02 14:01:24,088 [Listener at 127.0.0.1/36373] INFO  http.HttpServer2 (HttpServer2.java:addFilter(1007)) - Added filter static_user_filter (class=org.apache.hadoop.http.lib.StaticUserWebFilter$StaticUserFilter) to context hddsDatanode
2023-04-02 14:01:24,088 [Listener at 127.0.0.1/36373] INFO  http.HttpServer2 (HttpServer2.java:addFilter(1015)) - Added filter static_user_filter (class=org.apache.hadoop.http.lib.StaticUserWebFilter$StaticUserFilter) to context static
2023-04-02 14:01:24,088 [Listener at 127.0.0.1/36373] INFO  http.HttpServer2 (HttpServer2.java:addFilter(1015)) - Added filter static_user_filter (class=org.apache.hadoop.http.lib.StaticUserWebFilter$StaticUserFilter) to context logs
2023-04-02 14:01:24,089 [Listener at 127.0.0.1/36373] INFO  http.BaseHttpServer (BaseHttpServer.java:<init>(190)) - HTTP server of hddsDatanode uses base directory /home/runner/work/ozone/ozone/hadoop-ozone/integration-test/target/test-dir/MiniOzoneClusterImpl-bc27570d-a894-40b9-be9a-008fe3dc8683/datanode-0/meta/webserver
2023-04-02 14:01:24,089 [Listener at 127.0.0.1/36373] INFO  http.HttpServer2 (HttpServer2.java:bindListener(1250)) - Jetty bound to port 39503
2023-04-02 14:01:24,089 [Listener at 127.0.0.1/36373] INFO  server.Server (Server.java:doStart(375)) - jetty-9.4.49.v20220914; built: 2022-09-14T01:07:36.601Z; git: 4231a3b2e4cb8548a412a789936d640a97b1aa0a; jvm 1.8.0_362-b09
2023-04-02 14:01:24,090 [Listener at 127.0.0.1/36373] INFO  server.session (DefaultSessionIdManager.java:doStart(334)) - DefaultSessionIdManager workerName=node0
2023-04-02 14:01:24,090 [Listener at 127.0.0.1/36373] INFO  server.session (DefaultSessionIdManager.java:doStart(339)) - No SessionScavenger set, using defaults
2023-04-02 14:01:24,090 [Listener at 127.0.0.1/36373] INFO  server.session (HouseKeeper.java:startScavenging(132)) - node0 Scavenging every 660000ms
2023-04-02 14:01:24,091 [Listener at 127.0.0.1/36373] INFO  handler.ContextHandler (ContextHandler.java:doStart(921)) - Started o.e.j.s.ServletContextHandler@5295462b{logs,/logs,file:///home/runner/work/ozone/ozone/hadoop-ozone/integration-test/target/log,AVAILABLE}
2023-04-02 14:01:24,092 [Listener at 127.0.0.1/36373] INFO  handler.ContextHandler (ContextHandler.java:doStart(921)) - Started o.e.j.s.ServletContextHandler@721c3919{static,/static,jar:file:/home/runner/.m2/repository/org/apache/ozone/hdds-container-service/1.4.0-SNAPSHOT/hdds-container-service-1.4.0-SNAPSHOT.jar!/webapps/static,AVAILABLE}
2023-04-02 14:01:24,318 [Listener at 127.0.0.1/36373] INFO  handler.ContextHandler (ContextHandler.java:doStart(921)) - Started o.e.j.w.WebAppContext@2d08bfd5{hddsDatanode,/,file:///home/runner/work/ozone/ozone/hadoop-ozone/integration-test/target/test-dir/MiniOzoneClusterImpl-bc27570d-a894-40b9-be9a-008fe3dc8683/datanode-0/meta/webserver/jetty-0_0_0_0-39503-hdds-container-service-1_4_0-SNAPSHOT_jar-_-any-6871822745767808244/webapp/,AVAILABLE}{jar:file:/home/runner/.m2/repository/org/apache/ozone/hdds-container-service/1.4.0-SNAPSHOT/hdds-container-service-1.4.0-SNAPSHOT.jar!/webapps/hddsDatanode}
2023-04-02 14:01:24,321 [Listener at 127.0.0.1/36373] INFO  server.AbstractConnector (AbstractConnector.java:doStart(333)) - Started ServerConnector@6b675b7f{HTTP/1.1, (http/1.1)}{0.0.0.0:39503}
2023-04-02 14:01:24,321 [Listener at 127.0.0.1/36373] INFO  server.Server (Server.java:doStart(415)) - Started @30829ms
2023-04-02 14:01:24,321 [Listener at 127.0.0.1/36373] WARN  impl.MetricsSystemImpl (MetricsSystemImpl.java:register(279)) - Sink prometheus already exists!
2023-04-02 14:01:24,322 [Listener at 127.0.0.1/36373] INFO  http.BaseHttpServer (BaseHttpServer.java:updateConnectorAddress(344)) - HTTP server of hddsDatanode listening at http://0.0.0.0:39503
2023-04-02 14:01:24,323 [Datanode State Machine Daemon Thread] INFO  statemachine.DatanodeStateMachine (DatanodeStateMachine.java:lambda$startDaemon$0(517)) - Ozone container server started.
2023-04-02 14:01:24,323 [Listener at 127.0.0.1/36373] WARN  impl.MetricRegistriesImpl (MetricRegistriesImpl.java:addReporterRegistration(111)) - New reporters are added after registries were created. Some metrics will be missing from the reporter. Please add reporter before adding any new registry.
2023-04-02 14:01:24,324 [Listener at 127.0.0.1/36373] WARN  impl.MetricRegistriesImpl (MetricRegistriesImpl.java:addReporterRegistration(111)) - New reporters are added after registries were created. Some metrics will be missing from the reporter. Please add reporter before adding any new registry.
2023-04-02 14:01:24,324 [Listener at 127.0.0.1/36373] INFO  impl.MetricsSystemImpl (MetricsSystemImpl.java:init(158)) - HddsDatanode metrics system started (again)
2023-04-02 14:01:24,341 [org.apache.hadoop.util.JvmPauseMonitor$Monitor@11e5f2fd] INFO  util.JvmPauseMonitor (JvmPauseMonitor.java:run(188)) - Starting JVM pause monitor
2023-04-02 14:01:24,347 [Listener at 127.0.0.1/36373] INFO  ozone.HddsDatanodeService (HddsDatanodeService.java:start(252)) - HddsDatanodeService host:fv-az449-305.jvjgdiodbn4ungrcbaap0pmvbb.dx.internal.cloudapp.net ip:10.1.0.35
2023-04-02 14:01:24,369 [Datanode State Machine Task Thread - 0] INFO  datanode.InitDatanodeState (InitDatanodeState.java:persistContainerDatanodeDetails(138)) - DatanodeDetails is persisted to /home/runner/work/ozone/ozone/hadoop-ozone/integration-test/target/test-dir/MiniOzoneClusterImpl-bc27570d-a894-40b9-be9a-008fe3dc8683/datanode-0/meta/datanode.id
2023-04-02 14:01:24,375 [Listener at 127.0.0.1/36373] INFO  upgrade.AbstractLayoutVersionManager (AbstractLayoutVersionManager.java:init(83)) - Initializing Layout version manager with metadata layout = WEBUI_PORTS_IN_DATANODEDETAILS (version = 6), software layout = WEBUI_PORTS_IN_DATANODEDETAILS (version = 6)
2023-04-02 14:01:24,432 [Listener at 127.0.0.1/36373] INFO  reflections.Reflections (Reflections.java:scan(232)) - Reflections took 55 ms to scan 7 urls, producing 155 keys and 368 values 
2023-04-02 14:01:24,434 [Listener at 127.0.0.1/36373] INFO  statemachine.DatanodeStateMachine (DatanodeStateMachine.java:getEndPointTaskThreadPoolSize(260)) - Datanode State Machine Task Thread Pool size 2
2023-04-02 14:01:24,436 [Listener at 127.0.0.1/36373] INFO  volume.HddsVolume (HddsVolume.java:<init>(130)) - Creating HddsVolume: /home/runner/work/ozone/ozone/hadoop-ozone/integration-test/target/test-dir/MiniOzoneClusterImpl-bc27570d-a894-40b9-be9a-008fe3dc8683/datanode-1/data-0/containers/hdds of storage type : DISK capacity : 9223372036854775807
2023-04-02 14:01:24,436 [Listener at 127.0.0.1/36373] INFO  volume.MutableVolumeSet (MutableVolumeSet.java:initializeVolumeSet(175)) - Added Volume : /home/runner/work/ozone/ozone/hadoop-ozone/integration-test/target/test-dir/MiniOzoneClusterImpl-bc27570d-a894-40b9-be9a-008fe3dc8683/datanode-1/data-0/containers/hdds to VolumeSet
2023-04-02 14:01:24,436 [Listener at 127.0.0.1/36373] INFO  volume.ThrottledAsyncChecker (ThrottledAsyncChecker.java:schedule(141)) - Scheduling a check for /home/runner/work/ozone/ozone/hadoop-ozone/integration-test/target/test-dir/MiniOzoneClusterImpl-bc27570d-a894-40b9-be9a-008fe3dc8683/datanode-1/data-0/containers/hdds
2023-04-02 14:01:24,437 [Listener at 127.0.0.1/36373] INFO  volume.StorageVolumeChecker (StorageVolumeChecker.java:checkAllVolumes(202)) - Scheduled health check for volume /home/runner/work/ozone/ozone/hadoop-ozone/integration-test/target/test-dir/MiniOzoneClusterImpl-bc27570d-a894-40b9-be9a-008fe3dc8683/datanode-1/data-0/containers/hdds
2023-04-02 14:01:24,450 [Listener at 127.0.0.1/36373] INFO  volume.MutableVolumeSet (MutableVolumeSet.java:initializeVolumeSet(175)) - Added Volume : /home/runner/work/ozone/ozone/hadoop-ozone/integration-test/target/test-dir/MiniOzoneClusterImpl-bc27570d-a894-40b9-be9a-008fe3dc8683/datanode-1/data/ratis to VolumeSet
2023-04-02 14:01:24,451 [Listener at 127.0.0.1/36373] INFO  volume.ThrottledAsyncChecker (ThrottledAsyncChecker.java:schedule(141)) - Scheduling a check for /home/runner/work/ozone/ozone/hadoop-ozone/integration-test/target/test-dir/MiniOzoneClusterImpl-bc27570d-a894-40b9-be9a-008fe3dc8683/datanode-1/data/ratis
2023-04-02 14:01:24,451 [Listener at 127.0.0.1/36373] INFO  volume.StorageVolumeChecker (StorageVolumeChecker.java:checkAllVolumes(202)) - Scheduled health check for volume /home/runner/work/ozone/ozone/hadoop-ozone/integration-test/target/test-dir/MiniOzoneClusterImpl-bc27570d-a894-40b9-be9a-008fe3dc8683/datanode-1/data/ratis
2023-04-02 14:01:24,463 [Thread-586] INFO  ozoneimpl.ContainerReader (ContainerReader.java:readVolume(175)) - Finish verifying containers on volume /home/runner/work/ozone/ozone/hadoop-ozone/integration-test/target/test-dir/MiniOzoneClusterImpl-bc27570d-a894-40b9-be9a-008fe3dc8683/datanode-1/data-0/containers/hdds
2023-04-02 14:01:24,464 [Listener at 127.0.0.1/36373] INFO  ozoneimpl.OzoneContainer (OzoneContainer.java:buildContainerSet(303)) - Build ContainerSet costs 0s
2023-04-02 14:01:24,467 [Listener at 127.0.0.1/36373] INFO  server.RaftServer (ConfUtils.java:logGet(46)) - raft.rpc.type = GRPC (default)
2023-04-02 14:01:24,467 [Listener at 127.0.0.1/36373] INFO  grpc.GrpcConfigKeys (ConfUtils.java:logFallback(53)) - raft.grpc.admin.host = null (fallback to raft.grpc.server.host)
2023-04-02 14:01:24,467 [Listener at 127.0.0.1/36373] INFO  grpc.GrpcConfigKeys (ConfUtils.java:logGet(46)) - raft.grpc.admin.port = 0 (custom)
2023-04-02 14:01:24,467 [Listener at 127.0.0.1/36373] INFO  grpc.GrpcConfigKeys (ConfUtils.java:logFallback(53)) - raft.grpc.client.host = null (fallback to raft.grpc.server.host)
2023-04-02 14:01:24,467 [Listener at 127.0.0.1/36373] INFO  grpc.GrpcConfigKeys (ConfUtils.java:logGet(46)) - raft.grpc.client.port = 0 (custom)
2023-04-02 14:01:24,467 [Listener at 127.0.0.1/36373] INFO  grpc.GrpcConfigKeys (ConfUtils.java:logGet(46)) - raft.grpc.server.host = null (default)
2023-04-02 14:01:24,467 [Listener at 127.0.0.1/36373] INFO  grpc.GrpcConfigKeys (ConfUtils.java:logGet(46)) - raft.grpc.server.port = 0 (default)
2023-04-02 14:01:24,467 [Listener at 127.0.0.1/36373] INFO  server.GrpcService (ConfUtils.java:logGet(46)) - raft.grpc.message.size.max = 32MB (=33554432) (custom)
2023-04-02 14:01:24,468 [Listener at 127.0.0.1/36373] INFO  server.RaftServerConfigKeys (ConfUtils.java:logGet(46)) - raft.server.log.appender.buffer.byte-limit = 33554432 (custom)
2023-04-02 14:01:24,468 [Listener at 127.0.0.1/36373] INFO  server.GrpcService (ConfUtils.java:logGet(46)) - raft.grpc.flow.control.window = 5MB (=5242880) (custom)
2023-04-02 14:01:24,468 [Listener at 127.0.0.1/36373] INFO  server.RaftServerConfigKeys (ConfUtils.java:logGet(46)) - raft.server.rpc.request.timeout = 3000ms (default)
2023-04-02 14:01:24,468 [Listener at 127.0.0.1/36373] INFO  grpc.GrpcConfigKeys (ConfUtils.java:logGet(46)) - raft.grpc.server.heartbeat.channel = true (default)
2023-04-02 14:01:24,468 [Listener at 127.0.0.1/36373] INFO  grpc.GrpcConfigKeys (ConfUtils.java:logGet(46)) - raft.grpc.server.async.request.thread.pool.cached = true (default)
2023-04-02 14:01:24,468 [Listener at 127.0.0.1/36373] INFO  grpc.GrpcConfigKeys (ConfUtils.java:logGet(46)) - raft.grpc.server.async.request.thread.pool.size = 32 (default)
2023-04-02 14:01:24,469 [Listener at 127.0.0.1/36373] INFO  impl.DataStreamServerImpl (ConfUtils.java:logGet(46)) - raft.datastream.type = NETTY (custom)
2023-04-02 14:01:24,470 [Listener at 127.0.0.1/36373] INFO  server.RaftServerConfigKeys (ConfUtils.java:logGet(46)) - raft.server.data-stream.async.request.thread.pool.cached = false (default)
2023-04-02 14:01:24,470 [Listener at 127.0.0.1/36373] INFO  server.RaftServerConfigKeys (ConfUtils.java:logGet(46)) - raft.server.data-stream.async.request.thread.pool.size = 20 (custom)
2023-04-02 14:01:24,470 [Listener at 127.0.0.1/36373] INFO  server.RaftServerConfigKeys (ConfUtils.java:logGet(46)) - raft.server.data-stream.async.write.thread.pool.size = 16 (default)
2023-04-02 14:01:24,470 [Listener at 127.0.0.1/36373] INFO  server.RaftServerConfigKeys (ConfUtils.java:logGet(46)) - raft.server.data-stream.client.pool.size = 10 (default)
2023-04-02 14:01:24,470 [Listener at 127.0.0.1/36373] INFO  netty.NettyConfigKeys$DataStream (ConfUtils.java:logGet(46)) - raft.netty.dataStream.server.use-epoll = false (default)
2023-04-02 14:01:24,470 [Listener at 127.0.0.1/36373] INFO  netty.NettyConfigKeys$DataStream (ConfUtils.java:logGet(46)) - raft.netty.dataStream.server.boss-group.size = 0 (default)
2023-04-02 14:01:24,471 [Listener at 127.0.0.1/36373] INFO  netty.NettyConfigKeys$DataStream (ConfUtils.java:logGet(46)) - raft.netty.dataStream.server.worker-group.size = 0 (default)
2023-04-02 14:01:24,471 [Listener at 127.0.0.1/36373] INFO  netty.NettyConfigKeys$DataStream (ConfUtils.java:logGet(46)) - raft.netty.dataStream.server.tls.conf = null (default)
2023-04-02 14:01:24,471 [Listener at 127.0.0.1/36373] INFO  netty.NettyConfigKeys$DataStream (ConfUtils.java:logGet(46)) - raft.netty.dataStream.host = null (default)
2023-04-02 14:01:24,471 [Listener at 127.0.0.1/36373] INFO  netty.NettyConfigKeys$DataStream (ConfUtils.java:logGet(46)) - raft.netty.dataStream.port = 0 (default)
2023-04-02 14:01:24,472 [Listener at 127.0.0.1/36373] INFO  server.RaftServerConfigKeys (ConfUtils.java:logGet(46)) - raft.server.threadpool.proxy.cached = true (default)
2023-04-02 14:01:24,472 [Listener at 127.0.0.1/36373] INFO  server.RaftServerConfigKeys (ConfUtils.java:logGet(46)) - raft.server.threadpool.proxy.size = 0 (default)
2023-04-02 14:01:24,472 [Listener at 127.0.0.1/36373] INFO  server.RaftServerConfigKeys (ConfUtils.java:logGet(46)) - raft.server.rpc.slowness.timeout = 300000ms (custom)
2023-04-02 14:01:24,472 [Listener at 127.0.0.1/36373] INFO  server.RaftServerConfigKeys (ConfUtils.java:logGet(46)) - raft.server.leaderelection.leader.step-down.wait-time = 10s (default)
2023-04-02 14:01:24,472 [Listener at 127.0.0.1/36373] INFO  server.RaftServerConfigKeys (ConfUtils.java:logGet(46)) - raft.server.storage.dir = [/home/runner/work/ozone/ozone/hadoop-ozone/integration-test/target/test-dir/MiniOzoneClusterImpl-bc27570d-a894-40b9-be9a-008fe3dc8683/datanode-1/data/ratis] (custom)
2023-04-02 14:01:24,473 [2b490ca0-945f-4f4c-9e95-7ff37cc96b4c-NettyServerStreamRpc-bossGroup--thread1] INFO  logging.LoggingHandler (AbstractInternalLogger.java:log(148)) - [id: 0x08c53932] REGISTERED
2023-04-02 14:01:24,473 [2b490ca0-945f-4f4c-9e95-7ff37cc96b4c-NettyServerStreamRpc-bossGroup--thread1] INFO  logging.LoggingHandler (AbstractInternalLogger.java:log(148)) - [id: 0x08c53932] BIND: 0.0.0.0/0.0.0.0:0
2023-04-02 14:01:24,473 [2b490ca0-945f-4f4c-9e95-7ff37cc96b4c-NettyServerStreamRpc-bossGroup--thread1] INFO  logging.LoggingHandler (AbstractInternalLogger.java:log(148)) - [id: 0x08c53932, L:/0:0:0:0:0:0:0:0:35243] ACTIVE
2023-04-02 14:01:24,474 [Listener at 127.0.0.1/36373] INFO  server.XceiverServerGrpc (XceiverServerGrpc.java:<init>(132)) - GrpcServer channel type EpollServerSocketChannel
2023-04-02 14:01:24,479 [Listener at 127.0.0.1/36373] INFO  http.BaseHttpServer (BaseHttpServer.java:newHttpServer2BuilderForOzone(224)) - Starting Web-server for hddsDatanode at: http://0.0.0.0:0
2023-04-02 14:01:24,479 [Listener at 127.0.0.1/36373] INFO  http.BaseHttpServer (BaseHttpServer.java:<init>(111)) - Hadoop Security Enabled: false Ozone Security Enabled: false Ozone HTTP Security Enabled: false 
2023-04-02 14:01:24,480 [Listener at 127.0.0.1/36373] WARN  server.AuthenticationFilter (AuthenticationFilter.java:constructSecretProvider(240)) - Unable to initialize FileSignerSecretProvider, falling back to use random secrets. Reason: Could not read signature secret file: /home/runner/hadoop-http-auth-signature-secret
2023-04-02 14:01:24,485 [Listener at 127.0.0.1/36373] WARN  http.HttpRequestLog (HttpRequestLog.java:getRequestLog(103)) - Jetty request log can only be enabled using Log4j
2023-04-02 14:01:24,486 [Listener at 127.0.0.1/36373] INFO  http.HttpServer2 (HttpServer2.java:addGlobalFilter(1031)) - Added global filter 'safety' (class=org.apache.hadoop.hdds.server.http.HttpServer2$QuotingInputFilter)
2023-04-02 14:01:24,487 [Listener at 127.0.0.1/36373] INFO  http.HttpServer2 (HttpServer2.java:addFilter(1007)) - Added filter static_user_filter (class=org.apache.hadoop.http.lib.StaticUserWebFilter$StaticUserFilter) to context hddsDatanode
2023-04-02 14:01:24,487 [Listener at 127.0.0.1/36373] INFO  http.HttpServer2 (HttpServer2.java:addFilter(1015)) - Added filter static_user_filter (class=org.apache.hadoop.http.lib.StaticUserWebFilter$StaticUserFilter) to context logs
2023-04-02 14:01:24,487 [Listener at 127.0.0.1/36373] INFO  http.HttpServer2 (HttpServer2.java:addFilter(1015)) - Added filter static_user_filter (class=org.apache.hadoop.http.lib.StaticUserWebFilter$StaticUserFilter) to context static
2023-04-02 14:01:24,488 [Listener at 127.0.0.1/36373] INFO  http.BaseHttpServer (BaseHttpServer.java:<init>(190)) - HTTP server of hddsDatanode uses base directory /home/runner/work/ozone/ozone/hadoop-ozone/integration-test/target/test-dir/MiniOzoneClusterImpl-bc27570d-a894-40b9-be9a-008fe3dc8683/datanode-1/meta/webserver
2023-04-02 14:01:24,488 [Listener at 127.0.0.1/36373] INFO  http.HttpServer2 (HttpServer2.java:bindListener(1250)) - Jetty bound to port 46063
2023-04-02 14:01:24,488 [Listener at 127.0.0.1/36373] INFO  server.Server (Server.java:doStart(375)) - jetty-9.4.49.v20220914; built: 2022-09-14T01:07:36.601Z; git: 4231a3b2e4cb8548a412a789936d640a97b1aa0a; jvm 1.8.0_362-b09
2023-04-02 14:01:24,489 [Listener at 127.0.0.1/36373] INFO  server.session (DefaultSessionIdManager.java:doStart(334)) - DefaultSessionIdManager workerName=node0
2023-04-02 14:01:24,489 [Listener at 127.0.0.1/36373] INFO  server.session (DefaultSessionIdManager.java:doStart(339)) - No SessionScavenger set, using defaults
2023-04-02 14:01:24,490 [Listener at 127.0.0.1/36373] INFO  server.session (HouseKeeper.java:startScavenging(132)) - node0 Scavenging every 660000ms
2023-04-02 14:01:24,490 [Listener at 127.0.0.1/36373] INFO  handler.ContextHandler (ContextHandler.java:doStart(921)) - Started o.e.j.s.ServletContextHandler@411bcd4{logs,/logs,file:///home/runner/work/ozone/ozone/hadoop-ozone/integration-test/target/log,AVAILABLE}
2023-04-02 14:01:24,491 [Listener at 127.0.0.1/36373] INFO  handler.ContextHandler (ContextHandler.java:doStart(921)) - Started o.e.j.s.ServletContextHandler@414de1c{static,/static,jar:file:/home/runner/.m2/repository/org/apache/ozone/hdds-container-service/1.4.0-SNAPSHOT/hdds-container-service-1.4.0-SNAPSHOT.jar!/webapps/static,AVAILABLE}
2023-04-02 14:01:24,715 [Listener at 127.0.0.1/36373] INFO  handler.ContextHandler (ContextHandler.java:doStart(921)) - Started o.e.j.w.WebAppContext@3b8a8bd5{hddsDatanode,/,file:///home/runner/work/ozone/ozone/hadoop-ozone/integration-test/target/test-dir/MiniOzoneClusterImpl-bc27570d-a894-40b9-be9a-008fe3dc8683/datanode-1/meta/webserver/jetty-0_0_0_0-46063-hdds-container-service-1_4_0-SNAPSHOT_jar-_-any-134644009052795017/webapp/,AVAILABLE}{jar:file:/home/runner/.m2/repository/org/apache/ozone/hdds-container-service/1.4.0-SNAPSHOT/hdds-container-service-1.4.0-SNAPSHOT.jar!/webapps/hddsDatanode}
2023-04-02 14:01:24,717 [Listener at 127.0.0.1/36373] INFO  server.AbstractConnector (AbstractConnector.java:doStart(333)) - Started ServerConnector@23a0c25c{HTTP/1.1, (http/1.1)}{0.0.0.0:46063}
2023-04-02 14:01:24,717 [Listener at 127.0.0.1/36373] INFO  server.Server (Server.java:doStart(415)) - Started @31224ms
2023-04-02 14:01:24,717 [Listener at 127.0.0.1/36373] WARN  impl.MetricsSystemImpl (MetricsSystemImpl.java:register(279)) - Sink prometheus already exists!
2023-04-02 14:01:24,718 [Listener at 127.0.0.1/36373] INFO  http.BaseHttpServer (BaseHttpServer.java:updateConnectorAddress(344)) - HTTP server of hddsDatanode listening at http://0.0.0.0:46063
2023-04-02 14:01:24,718 [Datanode State Machine Daemon Thread] INFO  statemachine.DatanodeStateMachine (DatanodeStateMachine.java:lambda$startDaemon$0(517)) - Ozone container server started.
2023-04-02 14:01:24,718 [Listener at 127.0.0.1/36373] WARN  impl.MetricRegistriesImpl (MetricRegistriesImpl.java:addReporterRegistration(111)) - New reporters are added after registries were created. Some metrics will be missing from the reporter. Please add reporter before adding any new registry.
2023-04-02 14:01:24,720 [Listener at 127.0.0.1/36373] WARN  impl.MetricRegistriesImpl (MetricRegistriesImpl.java:addReporterRegistration(111)) - New reporters are added after registries were created. Some metrics will be missing from the reporter. Please add reporter before adding any new registry.
2023-04-02 14:01:24,720 [Listener at 127.0.0.1/36373] INFO  impl.MetricsSystemImpl (MetricsSystemImpl.java:init(158)) - HddsDatanode metrics system started (again)
2023-04-02 14:01:24,726 [org.apache.hadoop.util.JvmPauseMonitor$Monitor@59537022] INFO  util.JvmPauseMonitor (JvmPauseMonitor.java:run(188)) - Starting JVM pause monitor
2023-04-02 14:01:24,734 [Listener at 127.0.0.1/36373] INFO  ozone.HddsDatanodeService (HddsDatanodeService.java:start(252)) - HddsDatanodeService host:fv-az449-305.jvjgdiodbn4ungrcbaap0pmvbb.dx.internal.cloudapp.net ip:10.1.0.35
2023-04-02 14:01:24,757 [Datanode State Machine Task Thread - 0] INFO  datanode.InitDatanodeState (InitDatanodeState.java:persistContainerDatanodeDetails(138)) - DatanodeDetails is persisted to /home/runner/work/ozone/ozone/hadoop-ozone/integration-test/target/test-dir/MiniOzoneClusterImpl-bc27570d-a894-40b9-be9a-008fe3dc8683/datanode-1/meta/datanode.id
2023-04-02 14:01:24,777 [Listener at 127.0.0.1/36373] INFO  upgrade.AbstractLayoutVersionManager (AbstractLayoutVersionManager.java:init(83)) - Initializing Layout version manager with metadata layout = WEBUI_PORTS_IN_DATANODEDETAILS (version = 6), software layout = WEBUI_PORTS_IN_DATANODEDETAILS (version = 6)
2023-04-02 14:01:24,846 [Listener at 127.0.0.1/36373] INFO  reflections.Reflections (Reflections.java:scan(232)) - Reflections took 65 ms to scan 7 urls, producing 155 keys and 368 values 
2023-04-02 14:01:24,850 [Listener at 127.0.0.1/36373] INFO  statemachine.DatanodeStateMachine (DatanodeStateMachine.java:getEndPointTaskThreadPoolSize(260)) - Datanode State Machine Task Thread Pool size 2
2023-04-02 14:01:24,853 [Listener at 127.0.0.1/36373] INFO  volume.HddsVolume (HddsVolume.java:<init>(130)) - Creating HddsVolume: /home/runner/work/ozone/ozone/hadoop-ozone/integration-test/target/test-dir/MiniOzoneClusterImpl-bc27570d-a894-40b9-be9a-008fe3dc8683/datanode-2/data-0/containers/hdds of storage type : DISK capacity : 9223372036854775807
2023-04-02 14:01:24,854 [Listener at 127.0.0.1/36373] INFO  volume.MutableVolumeSet (MutableVolumeSet.java:initializeVolumeSet(175)) - Added Volume : /home/runner/work/ozone/ozone/hadoop-ozone/integration-test/target/test-dir/MiniOzoneClusterImpl-bc27570d-a894-40b9-be9a-008fe3dc8683/datanode-2/data-0/containers/hdds to VolumeSet
2023-04-02 14:01:24,854 [Listener at 127.0.0.1/36373] INFO  volume.ThrottledAsyncChecker (ThrottledAsyncChecker.java:schedule(141)) - Scheduling a check for /home/runner/work/ozone/ozone/hadoop-ozone/integration-test/target/test-dir/MiniOzoneClusterImpl-bc27570d-a894-40b9-be9a-008fe3dc8683/datanode-2/data-0/containers/hdds
2023-04-02 14:01:24,855 [Listener at 127.0.0.1/36373] INFO  volume.StorageVolumeChecker (StorageVolumeChecker.java:checkAllVolumes(202)) - Scheduled health check for volume /home/runner/work/ozone/ozone/hadoop-ozone/integration-test/target/test-dir/MiniOzoneClusterImpl-bc27570d-a894-40b9-be9a-008fe3dc8683/datanode-2/data-0/containers/hdds
2023-04-02 14:01:24,870 [Listener at 127.0.0.1/36373] INFO  volume.MutableVolumeSet (MutableVolumeSet.java:initializeVolumeSet(175)) - Added Volume : /home/runner/work/ozone/ozone/hadoop-ozone/integration-test/target/test-dir/MiniOzoneClusterImpl-bc27570d-a894-40b9-be9a-008fe3dc8683/datanode-2/data/ratis to VolumeSet
2023-04-02 14:01:24,870 [Listener at 127.0.0.1/36373] INFO  volume.ThrottledAsyncChecker (ThrottledAsyncChecker.java:schedule(141)) - Scheduling a check for /home/runner/work/ozone/ozone/hadoop-ozone/integration-test/target/test-dir/MiniOzoneClusterImpl-bc27570d-a894-40b9-be9a-008fe3dc8683/datanode-2/data/ratis
2023-04-02 14:01:24,871 [Listener at 127.0.0.1/36373] INFO  volume.StorageVolumeChecker (StorageVolumeChecker.java:checkAllVolumes(202)) - Scheduled health check for volume /home/runner/work/ozone/ozone/hadoop-ozone/integration-test/target/test-dir/MiniOzoneClusterImpl-bc27570d-a894-40b9-be9a-008fe3dc8683/datanode-2/data/ratis
2023-04-02 14:01:24,885 [Thread-600] INFO  ozoneimpl.ContainerReader (ContainerReader.java:readVolume(175)) - Finish verifying containers on volume /home/runner/work/ozone/ozone/hadoop-ozone/integration-test/target/test-dir/MiniOzoneClusterImpl-bc27570d-a894-40b9-be9a-008fe3dc8683/datanode-2/data-0/containers/hdds
2023-04-02 14:01:24,885 [Listener at 127.0.0.1/36373] INFO  ozoneimpl.OzoneContainer (OzoneContainer.java:buildContainerSet(303)) - Build ContainerSet costs 0s
2023-04-02 14:01:24,893 [Listener at 127.0.0.1/36373] INFO  server.RaftServer (ConfUtils.java:logGet(46)) - raft.rpc.type = GRPC (default)
2023-04-02 14:01:24,894 [Listener at 127.0.0.1/36373] INFO  grpc.GrpcConfigKeys (ConfUtils.java:logFallback(53)) - raft.grpc.admin.host = null (fallback to raft.grpc.server.host)
2023-04-02 14:01:24,894 [Listener at 127.0.0.1/36373] INFO  grpc.GrpcConfigKeys (ConfUtils.java:logGet(46)) - raft.grpc.admin.port = 0 (custom)
2023-04-02 14:01:24,894 [Listener at 127.0.0.1/36373] INFO  grpc.GrpcConfigKeys (ConfUtils.java:logFallback(53)) - raft.grpc.client.host = null (fallback to raft.grpc.server.host)
2023-04-02 14:01:24,894 [Listener at 127.0.0.1/36373] INFO  grpc.GrpcConfigKeys (ConfUtils.java:logGet(46)) - raft.grpc.client.port = 0 (custom)
2023-04-02 14:01:24,894 [Listener at 127.0.0.1/36373] INFO  grpc.GrpcConfigKeys (ConfUtils.java:logGet(46)) - raft.grpc.server.host = null (default)
2023-04-02 14:01:24,894 [Listener at 127.0.0.1/36373] INFO  grpc.GrpcConfigKeys (ConfUtils.java:logGet(46)) - raft.grpc.server.port = 0 (default)
2023-04-02 14:01:24,894 [Listener at 127.0.0.1/36373] INFO  server.GrpcService (ConfUtils.java:logGet(46)) - raft.grpc.message.size.max = 32MB (=33554432) (custom)
2023-04-02 14:01:24,894 [Listener at 127.0.0.1/36373] INFO  server.RaftServerConfigKeys (ConfUtils.java:logGet(46)) - raft.server.log.appender.buffer.byte-limit = 33554432 (custom)
2023-04-02 14:01:24,895 [Listener at 127.0.0.1/36373] INFO  server.GrpcService (ConfUtils.java:logGet(46)) - raft.grpc.flow.control.window = 5MB (=5242880) (custom)
2023-04-02 14:01:24,895 [Listener at 127.0.0.1/36373] INFO  server.RaftServerConfigKeys (ConfUtils.java:logGet(46)) - raft.server.rpc.request.timeout = 3000ms (default)
2023-04-02 14:01:24,895 [Listener at 127.0.0.1/36373] INFO  grpc.GrpcConfigKeys (ConfUtils.java:logGet(46)) - raft.grpc.server.heartbeat.channel = true (default)
2023-04-02 14:01:24,895 [Listener at 127.0.0.1/36373] INFO  grpc.GrpcConfigKeys (ConfUtils.java:logGet(46)) - raft.grpc.server.async.request.thread.pool.cached = true (default)
2023-04-02 14:01:24,895 [Listener at 127.0.0.1/36373] INFO  grpc.GrpcConfigKeys (ConfUtils.java:logGet(46)) - raft.grpc.server.async.request.thread.pool.size = 32 (default)
2023-04-02 14:01:24,897 [Listener at 127.0.0.1/36373] INFO  impl.DataStreamServerImpl (ConfUtils.java:logGet(46)) - raft.datastream.type = NETTY (custom)
2023-04-02 14:01:24,899 [Listener at 127.0.0.1/36373] INFO  server.RaftServerConfigKeys (ConfUtils.java:logGet(46)) - raft.server.data-stream.async.request.thread.pool.cached = false (default)
2023-04-02 14:01:24,900 [Listener at 127.0.0.1/36373] INFO  server.RaftServerConfigKeys (ConfUtils.java:logGet(46)) - raft.server.data-stream.async.request.thread.pool.size = 20 (custom)
2023-04-02 14:01:24,900 [Listener at 127.0.0.1/36373] INFO  server.RaftServerConfigKeys (ConfUtils.java:logGet(46)) - raft.server.data-stream.async.write.thread.pool.size = 16 (default)
2023-04-02 14:01:24,900 [Listener at 127.0.0.1/36373] INFO  server.RaftServerConfigKeys (ConfUtils.java:logGet(46)) - raft.server.data-stream.client.pool.size = 10 (default)
2023-04-02 14:01:24,900 [Listener at 127.0.0.1/36373] INFO  netty.NettyConfigKeys$DataStream (ConfUtils.java:logGet(46)) - raft.netty.dataStream.server.use-epoll = false (default)
2023-04-02 14:01:24,900 [Listener at 127.0.0.1/36373] INFO  netty.NettyConfigKeys$DataStream (ConfUtils.java:logGet(46)) - raft.netty.dataStream.server.boss-group.size = 0 (default)
2023-04-02 14:01:24,900 [Listener at 127.0.0.1/36373] INFO  netty.NettyConfigKeys$DataStream (ConfUtils.java:logGet(46)) - raft.netty.dataStream.server.worker-group.size = 0 (default)
2023-04-02 14:01:24,901 [Listener at 127.0.0.1/36373] INFO  netty.NettyConfigKeys$DataStream (ConfUtils.java:logGet(46)) - raft.netty.dataStream.server.tls.conf = null (default)
2023-04-02 14:01:24,902 [Listener at 127.0.0.1/36373] INFO  netty.NettyConfigKeys$DataStream (ConfUtils.java:logGet(46)) - raft.netty.dataStream.host = null (default)
2023-04-02 14:01:24,902 [Listener at 127.0.0.1/36373] INFO  netty.NettyConfigKeys$DataStream (ConfUtils.java:logGet(46)) - raft.netty.dataStream.port = 0 (default)
2023-04-02 14:01:24,902 [Listener at 127.0.0.1/36373] INFO  server.RaftServerConfigKeys (ConfUtils.java:logGet(46)) - raft.server.threadpool.proxy.cached = true (default)
2023-04-02 14:01:24,903 [Listener at 127.0.0.1/36373] INFO  server.RaftServerConfigKeys (ConfUtils.java:logGet(46)) - raft.server.threadpool.proxy.size = 0 (default)
2023-04-02 14:01:24,903 [Listener at 127.0.0.1/36373] INFO  server.RaftServerConfigKeys (ConfUtils.java:logGet(46)) - raft.server.rpc.slowness.timeout = 300000ms (custom)
2023-04-02 14:01:24,903 [Listener at 127.0.0.1/36373] INFO  server.RaftServerConfigKeys (ConfUtils.java:logGet(46)) - raft.server.leaderelection.leader.step-down.wait-time = 10s (default)
2023-04-02 14:01:24,903 [Listener at 127.0.0.1/36373] INFO  server.RaftServerConfigKeys (ConfUtils.java:logGet(46)) - raft.server.storage.dir = [/home/runner/work/ozone/ozone/hadoop-ozone/integration-test/target/test-dir/MiniOzoneClusterImpl-bc27570d-a894-40b9-be9a-008fe3dc8683/datanode-2/data/ratis] (custom)
2023-04-02 14:01:24,903 [1fb39430-fcdd-414e-946c-d9923f8003ee-NettyServerStreamRpc-bossGroup--thread1] INFO  logging.LoggingHandler (AbstractInternalLogger.java:log(148)) - [id: 0x004d0ff7] REGISTERED
2023-04-02 14:01:24,909 [1fb39430-fcdd-414e-946c-d9923f8003ee-NettyServerStreamRpc-bossGroup--thread1] INFO  logging.LoggingHandler (AbstractInternalLogger.java:log(148)) - [id: 0x004d0ff7] BIND: 0.0.0.0/0.0.0.0:0
2023-04-02 14:01:24,909 [1fb39430-fcdd-414e-946c-d9923f8003ee-NettyServerStreamRpc-bossGroup--thread1] INFO  logging.LoggingHandler (AbstractInternalLogger.java:log(148)) - [id: 0x004d0ff7, L:/0:0:0:0:0:0:0:0:44291] ACTIVE
2023-04-02 14:01:24,910 [Listener at 127.0.0.1/36373] INFO  server.XceiverServerGrpc (XceiverServerGrpc.java:<init>(132)) - GrpcServer channel type EpollServerSocketChannel
2023-04-02 14:01:24,915 [Listener at 127.0.0.1/36373] INFO  http.BaseHttpServer (BaseHttpServer.java:newHttpServer2BuilderForOzone(224)) - Starting Web-server for hddsDatanode at: http://0.0.0.0:0
2023-04-02 14:01:24,915 [Listener at 127.0.0.1/36373] INFO  http.BaseHttpServer (BaseHttpServer.java:<init>(111)) - Hadoop Security Enabled: false Ozone Security Enabled: false Ozone HTTP Security Enabled: false 
2023-04-02 14:01:24,917 [Listener at 127.0.0.1/36373] WARN  server.AuthenticationFilter (AuthenticationFilter.java:constructSecretProvider(240)) - Unable to initialize FileSignerSecretProvider, falling back to use random secrets. Reason: Could not read signature secret file: /home/runner/hadoop-http-auth-signature-secret
2023-04-02 14:01:24,918 [Listener at 127.0.0.1/36373] WARN  http.HttpRequestLog (HttpRequestLog.java:getRequestLog(103)) - Jetty request log can only be enabled using Log4j
2023-04-02 14:01:24,920 [Listener at 127.0.0.1/36373] INFO  http.HttpServer2 (HttpServer2.java:addGlobalFilter(1031)) - Added global filter 'safety' (class=org.apache.hadoop.hdds.server.http.HttpServer2$QuotingInputFilter)
2023-04-02 14:01:24,920 [Listener at 127.0.0.1/36373] INFO  http.HttpServer2 (HttpServer2.java:addFilter(1007)) - Added filter static_user_filter (class=org.apache.hadoop.http.lib.StaticUserWebFilter$StaticUserFilter) to context hddsDatanode
2023-04-02 14:01:24,921 [Listener at 127.0.0.1/36373] INFO  http.HttpServer2 (HttpServer2.java:addFilter(1015)) - Added filter static_user_filter (class=org.apache.hadoop.http.lib.StaticUserWebFilter$StaticUserFilter) to context logs
2023-04-02 14:01:24,921 [Listener at 127.0.0.1/36373] INFO  http.HttpServer2 (HttpServer2.java:addFilter(1015)) - Added filter static_user_filter (class=org.apache.hadoop.http.lib.StaticUserWebFilter$StaticUserFilter) to context static
2023-04-02 14:01:24,922 [Listener at 127.0.0.1/36373] INFO  http.BaseHttpServer (BaseHttpServer.java:<init>(190)) - HTTP server of hddsDatanode uses base directory /home/runner/work/ozone/ozone/hadoop-ozone/integration-test/target/test-dir/MiniOzoneClusterImpl-bc27570d-a894-40b9-be9a-008fe3dc8683/datanode-2/meta/webserver
2023-04-02 14:01:24,922 [Listener at 127.0.0.1/36373] INFO  http.HttpServer2 (HttpServer2.java:bindListener(1250)) - Jetty bound to port 46699
2023-04-02 14:01:24,922 [Listener at 127.0.0.1/36373] INFO  server.Server (Server.java:doStart(375)) - jetty-9.4.49.v20220914; built: 2022-09-14T01:07:36.601Z; git: 4231a3b2e4cb8548a412a789936d640a97b1aa0a; jvm 1.8.0_362-b09
2023-04-02 14:01:24,925 [Listener at 127.0.0.1/36373] INFO  server.session (DefaultSessionIdManager.java:doStart(334)) - DefaultSessionIdManager workerName=node0
2023-04-02 14:01:24,925 [Listener at 127.0.0.1/36373] INFO  server.session (DefaultSessionIdManager.java:doStart(339)) - No SessionScavenger set, using defaults
2023-04-02 14:01:24,925 [Listener at 127.0.0.1/36373] INFO  server.session (HouseKeeper.java:startScavenging(132)) - node0 Scavenging every 600000ms
2023-04-02 14:01:24,926 [Listener at 127.0.0.1/36373] INFO  handler.ContextHandler (ContextHandler.java:doStart(921)) - Started o.e.j.s.ServletContextHandler@16893a1c{logs,/logs,file:///home/runner/work/ozone/ozone/hadoop-ozone/integration-test/target/log,AVAILABLE}
2023-04-02 14:01:24,927 [Listener at 127.0.0.1/36373] INFO  handler.ContextHandler (ContextHandler.java:doStart(921)) - Started o.e.j.s.ServletContextHandler@32cb164c{static,/static,jar:file:/home/runner/.m2/repository/org/apache/ozone/hdds-container-service/1.4.0-SNAPSHOT/hdds-container-service-1.4.0-SNAPSHOT.jar!/webapps/static,AVAILABLE}
2023-04-02 14:01:25,013 [om1@group-C5BA1605619E-FollowerState] INFO  impl.FollowerState (FollowerState.java:run(143)) - om1@group-C5BA1605619E-FollowerState: change to CANDIDATE, lastRpcElapsedTime:1173655421ns, electionTimeout:1165ms
2023-04-02 14:01:25,013 [om1@group-C5BA1605619E-FollowerState] INFO  impl.RoleInfo (RoleInfo.java:shutdownFollowerState(110)) - om1: shutdown om1@group-C5BA1605619E-FollowerState
2023-04-02 14:01:25,013 [om1@group-C5BA1605619E-FollowerState] INFO  server.RaftServer$Division (RaftServerImpl.java:setRole(321)) - om1@group-C5BA1605619E: changes role from  FOLLOWER to CANDIDATE at term 0 for changeToCandidate
2023-04-02 14:01:25,013 [om1@group-C5BA1605619E-FollowerState] INFO  server.RaftServerConfigKeys (ConfUtils.java:logGet(46)) - raft.server.leaderelection.pre-vote = true (default)
2023-04-02 14:01:25,013 [om1@group-C5BA1605619E-FollowerState] INFO  impl.RoleInfo (RoleInfo.java:updateAndGet(139)) - om1: start om1@group-C5BA1605619E-LeaderElection9
2023-04-02 14:01:25,017 [om1@group-C5BA1605619E-LeaderElection9] INFO  impl.LeaderElection (LeaderElection.java:askForVotes(312)) - om1@group-C5BA1605619E-LeaderElection9 PRE_VOTE round 0: submit vote requests at term 0 for -1: peers:[om1|rpc:localhost:9872|priority:0|startupRole:FOLLOWER]|listeners:[], old=null
2023-04-02 14:01:25,019 [om1@group-C5BA1605619E-LeaderElection9] INFO  impl.LeaderElection (LeaderElection.java:askForVotes(314)) - om1@group-C5BA1605619E-LeaderElection9 PRE_VOTE round 0: result PASSED (term=0)
2023-04-02 14:01:25,021 [om1@group-C5BA1605619E-LeaderElection9] INFO  impl.LeaderElection (LeaderElection.java:askForVotes(312)) - om1@group-C5BA1605619E-LeaderElection9 ELECTION round 0: submit vote requests at term 1 for -1: peers:[om1|rpc:localhost:9872|priority:0|startupRole:FOLLOWER]|listeners:[], old=null
2023-04-02 14:01:25,021 [om1@group-C5BA1605619E-LeaderElection9] INFO  impl.LeaderElection (LeaderElection.java:askForVotes(314)) - om1@group-C5BA1605619E-LeaderElection9 ELECTION round 0: result PASSED (term=1)
2023-04-02 14:01:25,021 [om1@group-C5BA1605619E-LeaderElection9] INFO  impl.RoleInfo (RoleInfo.java:shutdownLeaderElection(130)) - om1: shutdown om1@group-C5BA1605619E-LeaderElection9
2023-04-02 14:01:25,021 [om1@group-C5BA1605619E-LeaderElection9] INFO  server.RaftServer$Division (RaftServerImpl.java:setRole(321)) - om1@group-C5BA1605619E: changes role from CANDIDATE to LEADER at term 1 for changeToLeader
2023-04-02 14:01:25,021 [om1@group-C5BA1605619E-LeaderElection9] INFO  server.RaftServer$Division (ServerState.java:setLeader(313)) - om1@group-C5BA1605619E: change Leader from null to om1 at term 1 for becomeLeader, leader elected after 1774ms
2023-04-02 14:01:25,021 [om1@group-C5BA1605619E-LeaderElection9] INFO  server.RaftServerConfigKeys (ConfUtils.java:logGet(46)) - raft.server.staging.catchup.gap = 1000 (default)
2023-04-02 14:01:25,022 [om1@group-C5BA1605619E-LeaderElection9] INFO  server.RaftServerConfigKeys (ConfUtils.java:logGet(46)) - raft.server.write.element-limit = 4096 (default)
2023-04-02 14:01:25,022 [om1@group-C5BA1605619E-LeaderElection9] INFO  server.RaftServerConfigKeys (ConfUtils.java:logGet(46)) - raft.server.write.byte-limit = 64MB (=67108864) (default)
2023-04-02 14:01:25,022 [om1@group-C5BA1605619E-LeaderElection9] INFO  server.RaftServerConfigKeys (ConfUtils.java:logGet(46)) - raft.server.watch.timeout = 10s (default)
2023-04-02 14:01:25,022 [om1@group-C5BA1605619E-LeaderElection9] INFO  server.RaftServerConfigKeys (ConfUtils.java:logGet(46)) - raft.server.watch.timeout.denomination = 1s (default)
2023-04-02 14:01:25,022 [om1@group-C5BA1605619E-LeaderElection9] INFO  server.RaftServerConfigKeys (ConfUtils.java:logGet(46)) - raft.server.watch.element-limit = 65536 (default)
2023-04-02 14:01:25,022 [om1@group-C5BA1605619E-LeaderElection9] INFO  server.RaftServerConfigKeys (ConfUtils.java:logGet(46)) - raft.server.write.element-limit = 4096 (default)
2023-04-02 14:01:25,022 [om1@group-C5BA1605619E-LeaderElection9] INFO  server.RaftServerConfigKeys (ConfUtils.java:logGet(46)) - raft.server.write.follower.gap.ratio.max = -1.0 (default)
2023-04-02 14:01:25,022 [om1@group-C5BA1605619E-LeaderElection9] INFO  impl.RoleInfo (RoleInfo.java:updateAndGet(139)) - om1: start om1@group-C5BA1605619E-LeaderStateImpl
2023-04-02 14:01:25,023 [om1@group-C5BA1605619E-LeaderElection9] INFO  segmented.SegmentedRaftLogWorker (SegmentedRaftLogWorker.java:startLogSegment(452)) - om1@group-C5BA1605619E-SegmentedRaftLogWorker: Starting segment from index:0
2023-04-02 14:01:25,034 [om1@group-C5BA1605619E-SegmentedRaftLogWorker] INFO  segmented.SegmentedRaftLogWorker (SegmentedRaftLogWorker.java:execute(656)) - om1@group-C5BA1605619E-SegmentedRaftLogWorker: created new log segment /home/runner/work/ozone/ozone/hadoop-ozone/integration-test/target/test-dir/MiniOzoneClusterImpl-bc27570d-a894-40b9-be9a-008fe3dc8683/ozone-meta/ratis/bf265839-605b-3f16-9796-c5ba1605619e/current/log_inprogress_0
2023-04-02 14:01:25,035 [om1@group-C5BA1605619E-LeaderElection9] INFO  server.RaftServer$Division (ServerState.java:setRaftConf(430)) - om1@group-C5BA1605619E: set configuration 0: peers:[om1|rpc:localhost:9872|admin:|client:|dataStream:|priority:0|startupRole:FOLLOWER]|listeners:[], old=null
2023-04-02 14:01:25,037 [om1@group-C5BA1605619E-StateMachineUpdater] INFO  ratis.OzoneManagerStateMachine (OzoneManagerStateMachine.java:notifyConfigurationChanged(192)) - Received Configuration change notification from Ratis. New Peer list:
[id: "om1"
address: "localhost:9872"
startupRole: FOLLOWER
]
2023-04-02 14:01:25,172 [Listener at 127.0.0.1/36373] INFO  handler.ContextHandler (ContextHandler.java:doStart(921)) - Started o.e.j.w.WebAppContext@735d1989{hddsDatanode,/,file:///home/runner/work/ozone/ozone/hadoop-ozone/integration-test/target/test-dir/MiniOzoneClusterImpl-bc27570d-a894-40b9-be9a-008fe3dc8683/datanode-2/meta/webserver/jetty-0_0_0_0-46699-hdds-container-service-1_4_0-SNAPSHOT_jar-_-any-1397199395769125091/webapp/,AVAILABLE}{jar:file:/home/runner/.m2/repository/org/apache/ozone/hdds-container-service/1.4.0-SNAPSHOT/hdds-container-service-1.4.0-SNAPSHOT.jar!/webapps/hddsDatanode}
2023-04-02 14:01:25,173 [Listener at 127.0.0.1/36373] INFO  server.AbstractConnector (AbstractConnector.java:doStart(333)) - Started ServerConnector@61aa86b9{HTTP/1.1, (http/1.1)}{0.0.0.0:46699}
2023-04-02 14:01:25,174 [Listener at 127.0.0.1/36373] INFO  server.Server (Server.java:doStart(415)) - Started @31681ms
2023-04-02 14:01:25,174 [Listener at 127.0.0.1/36373] WARN  impl.MetricsSystemImpl (MetricsSystemImpl.java:register(279)) - Sink prometheus already exists!
2023-04-02 14:01:25,174 [Listener at 127.0.0.1/36373] INFO  http.BaseHttpServer (BaseHttpServer.java:updateConnectorAddress(344)) - HTTP server of hddsDatanode listening at http://0.0.0.0:46699
2023-04-02 14:01:25,176 [Listener at 127.0.0.1/36373] INFO  ozone.MiniOzoneClusterImpl (MiniOzoneClusterImpl.java:lambda$waitForClusterToBeReady$0(222)) - Waiting for nodes to be ready. Got 0 of 3 DN Heartbeats.
2023-04-02 14:01:25,176 [Listener at 127.0.0.1/36373] INFO  ozone.MiniOzoneClusterImpl (MiniOzoneClusterImpl.java:lambda$waitForClusterToBeReady$0(225)) - Waiting for cluster to exit safe mode
2023-04-02 14:01:25,176 [Listener at 127.0.0.1/36373] INFO  ozone.MiniOzoneClusterImpl (MiniOzoneClusterImpl.java:lambda$waitForClusterToBeReady$0(227)) - SCM became leader
2023-04-02 14:01:25,176 [Datanode State Machine Daemon Thread] INFO  statemachine.DatanodeStateMachine (DatanodeStateMachine.java:lambda$startDaemon$0(517)) - Ozone container server started.
2023-04-02 14:01:25,180 [org.apache.hadoop.util.JvmPauseMonitor$Monitor@14fc6001] INFO  util.JvmPauseMonitor (JvmPauseMonitor.java:run(188)) - Starting JVM pause monitor
2023-04-02 14:01:25,191 [Datanode State Machine Task Thread - 0] INFO  datanode.InitDatanodeState (InitDatanodeState.java:persistContainerDatanodeDetails(138)) - DatanodeDetails is persisted to /home/runner/work/ozone/ozone/hadoop-ozone/integration-test/target/test-dir/MiniOzoneClusterImpl-bc27570d-a894-40b9-be9a-008fe3dc8683/datanode-2/meta/datanode.id
2023-04-02 14:01:26,176 [Listener at 127.0.0.1/36373] INFO  ozone.MiniOzoneClusterImpl (MiniOzoneClusterImpl.java:lambda$waitForClusterToBeReady$0(222)) - Waiting for nodes to be ready. Got 0 of 3 DN Heartbeats.
2023-04-02 14:01:26,176 [Listener at 127.0.0.1/36373] INFO  ozone.MiniOzoneClusterImpl (MiniOzoneClusterImpl.java:lambda$waitForClusterToBeReady$0(225)) - Waiting for cluster to exit safe mode
2023-04-02 14:01:26,177 [Listener at 127.0.0.1/36373] INFO  ozone.MiniOzoneClusterImpl (MiniOzoneClusterImpl.java:lambda$waitForClusterToBeReady$0(227)) - SCM became leader
2023-04-02 14:01:26,391 [EndpointStateMachine task thread for /0.0.0.0:42307 - 0 ] INFO  utils.DatanodeStoreCache (DatanodeStoreCache.java:addDB(58)) - Added db /home/runner/work/ozone/ozone/hadoop-ozone/integration-test/target/test-dir/MiniOzoneClusterImpl-bc27570d-a894-40b9-be9a-008fe3dc8683/datanode-0/data-0/containers/hdds/bc27570d-a894-40b9-be9a-008fe3dc8683/DS-28f41c73-8f0a-49b8-8e86-24a83adb1a6f/container.db to cache
2023-04-02 14:01:26,391 [EndpointStateMachine task thread for /0.0.0.0:42307 - 0 ] INFO  volume.HddsVolume (HddsVolume.java:createDbStore(350)) - SchemaV3 db is created and loaded at /home/runner/work/ozone/ozone/hadoop-ozone/integration-test/target/test-dir/MiniOzoneClusterImpl-bc27570d-a894-40b9-be9a-008fe3dc8683/datanode-0/data-0/containers/hdds/bc27570d-a894-40b9-be9a-008fe3dc8683/DS-28f41c73-8f0a-49b8-8e86-24a83adb1a6f/container.db for volume DS-28f41c73-8f0a-49b8-8e86-24a83adb1a6f
2023-04-02 14:01:26,395 [EndpointStateMachine task thread for /0.0.0.0:42307 - 0 ] INFO  ozoneimpl.OzoneContainer (OzoneContainer.java:start(397)) - Attempting to start container services.
2023-04-02 14:01:26,395 [EndpointStateMachine task thread for /0.0.0.0:42307 - 0 ] INFO  ozoneimpl.OzoneContainer (OzoneContainer.java:startContainerScrub(314)) - Scheduled background container scanners and the on-demand container scanner have been disabled.
2023-04-02 14:01:26,398 [EndpointStateMachine task thread for /0.0.0.0:42307 - 0 ] INFO  replication.ReplicationServer (ReplicationServer.java:start(109)) - ReplicationServer is started using port 38543
2023-04-02 14:01:26,398 [EndpointStateMachine task thread for /0.0.0.0:42307 - 0 ] INFO  ratis.XceiverServerRatis (XceiverServerRatis.java:start(517)) - Starting XceiverServerRatis 3598537c-2d2c-483e-9e41-f30068588b97
2023-04-02 14:01:26,399 [EndpointStateMachine task thread for /0.0.0.0:42307 - 0 ] INFO  server.RaftServer (RaftServerProxy.java:startImpl(393)) - 3598537c-2d2c-483e-9e41-f30068588b97: start RPC server
2023-04-02 14:01:26,401 [EndpointStateMachine task thread for /0.0.0.0:42307 - 0 ] INFO  server.GrpcService (GrpcService.java:startImpl(262)) - 3598537c-2d2c-483e-9e41-f30068588b97: GrpcService started, listening on 36519
2023-04-02 14:01:26,401 [EndpointStateMachine task thread for /0.0.0.0:42307 - 0 ] INFO  ratis.XceiverServerRatis (XceiverServerRatis.java:getRealPort(543)) - XceiverServerRatis 3598537c-2d2c-483e-9e41-f30068588b97 is started using port 36519 for RATIS
2023-04-02 14:01:26,401 [JvmPauseMonitor5] INFO  util.JvmPauseMonitor (JvmPauseMonitor.java:run(105)) - JvmPauseMonitor-3598537c-2d2c-483e-9e41-f30068588b97: Started
2023-04-02 14:01:26,401 [EndpointStateMachine task thread for /0.0.0.0:42307 - 0 ] INFO  ratis.XceiverServerRatis (XceiverServerRatis.java:getRealPort(543)) - XceiverServerRatis 3598537c-2d2c-483e-9e41-f30068588b97 is started using port 36519 for RATIS_ADMIN
2023-04-02 14:01:26,402 [EndpointStateMachine task thread for /0.0.0.0:42307 - 0 ] INFO  ratis.XceiverServerRatis (XceiverServerRatis.java:getRealPort(543)) - XceiverServerRatis 3598537c-2d2c-483e-9e41-f30068588b97 is started using port 36519 for RATIS_SERVER
2023-04-02 14:01:26,402 [EndpointStateMachine task thread for /0.0.0.0:42307 - 0 ] INFO  ratis.XceiverServerRatis (XceiverServerRatis.java:getRealPort(543)) - XceiverServerRatis 3598537c-2d2c-483e-9e41-f30068588b97 is started using port 39781 for RATIS_DATASTREAM
2023-04-02 14:01:26,404 [EndpointStateMachine task thread for /0.0.0.0:42307 - 0 ] INFO  server.XceiverServerGrpc (XceiverServerGrpc.java:start(180)) - XceiverServerGrpc 3598537c-2d2c-483e-9e41-f30068588b97 is started using port 45757
2023-04-02 14:01:26,408 [BlockDeletingService#0] INFO  interfaces.ContainerDeletionChoosingPolicyTemplate (ContainerDeletionChoosingPolicyTemplate.java:chooseContainerForBlockDeletion(83)) - Chosen 0/5000 blocks from 0 candidate containers.
2023-04-02 14:01:26,772 [EndpointStateMachine task thread for /0.0.0.0:42307 - 0 ] INFO  utils.DatanodeStoreCache (DatanodeStoreCache.java:addDB(58)) - Added db /home/runner/work/ozone/ozone/hadoop-ozone/integration-test/target/test-dir/MiniOzoneClusterImpl-bc27570d-a894-40b9-be9a-008fe3dc8683/datanode-1/data-0/containers/hdds/bc27570d-a894-40b9-be9a-008fe3dc8683/DS-3d7a1196-ec8f-4644-b4ce-8c7805245310/container.db to cache
2023-04-02 14:01:26,773 [EndpointStateMachine task thread for /0.0.0.0:42307 - 0 ] INFO  volume.HddsVolume (HddsVolume.java:createDbStore(350)) - SchemaV3 db is created and loaded at /home/runner/work/ozone/ozone/hadoop-ozone/integration-test/target/test-dir/MiniOzoneClusterImpl-bc27570d-a894-40b9-be9a-008fe3dc8683/datanode-1/data-0/containers/hdds/bc27570d-a894-40b9-be9a-008fe3dc8683/DS-3d7a1196-ec8f-4644-b4ce-8c7805245310/container.db for volume DS-3d7a1196-ec8f-4644-b4ce-8c7805245310
2023-04-02 14:01:26,773 [EndpointStateMachine task thread for /0.0.0.0:42307 - 0 ] INFO  ozoneimpl.OzoneContainer (OzoneContainer.java:start(397)) - Attempting to start container services.
2023-04-02 14:01:26,773 [EndpointStateMachine task thread for /0.0.0.0:42307 - 0 ] INFO  ozoneimpl.OzoneContainer (OzoneContainer.java:startContainerScrub(314)) - Scheduled background container scanners and the on-demand container scanner have been disabled.
2023-04-02 14:01:26,776 [EndpointStateMachine task thread for /0.0.0.0:42307 - 0 ] INFO  replication.ReplicationServer (ReplicationServer.java:start(109)) - ReplicationServer is started using port 39017
2023-04-02 14:01:26,776 [EndpointStateMachine task thread for /0.0.0.0:42307 - 0 ] INFO  ratis.XceiverServerRatis (XceiverServerRatis.java:start(517)) - Starting XceiverServerRatis 2b490ca0-945f-4f4c-9e95-7ff37cc96b4c
2023-04-02 14:01:26,777 [EndpointStateMachine task thread for /0.0.0.0:42307 - 0 ] INFO  server.RaftServer (RaftServerProxy.java:startImpl(393)) - 2b490ca0-945f-4f4c-9e95-7ff37cc96b4c: start RPC server
2023-04-02 14:01:26,779 [EndpointStateMachine task thread for /0.0.0.0:42307 - 0 ] INFO  server.GrpcService (GrpcService.java:startImpl(262)) - 2b490ca0-945f-4f4c-9e95-7ff37cc96b4c: GrpcService started, listening on 36527
2023-04-02 14:01:26,779 [EndpointStateMachine task thread for /0.0.0.0:42307 - 0 ] INFO  ratis.XceiverServerRatis (XceiverServerRatis.java:getRealPort(543)) - XceiverServerRatis 2b490ca0-945f-4f4c-9e95-7ff37cc96b4c is started using port 36527 for RATIS
2023-04-02 14:01:26,779 [EndpointStateMachine task thread for /0.0.0.0:42307 - 0 ] INFO  ratis.XceiverServerRatis (XceiverServerRatis.java:getRealPort(543)) - XceiverServerRatis 2b490ca0-945f-4f4c-9e95-7ff37cc96b4c is started using port 36527 for RATIS_ADMIN
2023-04-02 14:01:26,780 [EndpointStateMachine task thread for /0.0.0.0:42307 - 0 ] INFO  ratis.XceiverServerRatis (XceiverServerRatis.java:getRealPort(543)) - XceiverServerRatis 2b490ca0-945f-4f4c-9e95-7ff37cc96b4c is started using port 36527 for RATIS_SERVER
2023-04-02 14:01:26,780 [EndpointStateMachine task thread for /0.0.0.0:42307 - 0 ] INFO  ratis.XceiverServerRatis (XceiverServerRatis.java:getRealPort(543)) - XceiverServerRatis 2b490ca0-945f-4f4c-9e95-7ff37cc96b4c is started using port 35243 for RATIS_DATASTREAM
2023-04-02 14:01:26,780 [JvmPauseMonitor6] INFO  util.JvmPauseMonitor (JvmPauseMonitor.java:run(105)) - JvmPauseMonitor-2b490ca0-945f-4f4c-9e95-7ff37cc96b4c: Started
2023-04-02 14:01:26,785 [EndpointStateMachine task thread for /0.0.0.0:42307 - 0 ] INFO  server.XceiverServerGrpc (XceiverServerGrpc.java:start(180)) - XceiverServerGrpc 2b490ca0-945f-4f4c-9e95-7ff37cc96b4c is started using port 43889
2023-04-02 14:01:26,787 [BlockDeletingService#0] INFO  interfaces.ContainerDeletionChoosingPolicyTemplate (ContainerDeletionChoosingPolicyTemplate.java:chooseContainerForBlockDeletion(83)) - Chosen 0/5000 blocks from 0 candidate containers.
2023-04-02 14:01:27,177 [Listener at 127.0.0.1/36373] INFO  ozone.MiniOzoneClusterImpl (MiniOzoneClusterImpl.java:lambda$waitForClusterToBeReady$0(222)) - Waiting for nodes to be ready. Got 0 of 3 DN Heartbeats.
2023-04-02 14:01:27,177 [Listener at 127.0.0.1/36373] INFO  ozone.MiniOzoneClusterImpl (MiniOzoneClusterImpl.java:lambda$waitForClusterToBeReady$0(225)) - Waiting for cluster to exit safe mode
2023-04-02 14:01:27,177 [Listener at 127.0.0.1/36373] INFO  ozone.MiniOzoneClusterImpl (MiniOzoneClusterImpl.java:lambda$waitForClusterToBeReady$0(227)) - SCM became leader
2023-04-02 14:01:27,219 [EndpointStateMachine task thread for /0.0.0.0:42307 - 0 ] INFO  utils.DatanodeStoreCache (DatanodeStoreCache.java:addDB(58)) - Added db /home/runner/work/ozone/ozone/hadoop-ozone/integration-test/target/test-dir/MiniOzoneClusterImpl-bc27570d-a894-40b9-be9a-008fe3dc8683/datanode-2/data-0/containers/hdds/bc27570d-a894-40b9-be9a-008fe3dc8683/DS-0c3ca44f-6801-487c-9bb6-feea105d559e/container.db to cache
2023-04-02 14:01:27,219 [EndpointStateMachine task thread for /0.0.0.0:42307 - 0 ] INFO  volume.HddsVolume (HddsVolume.java:createDbStore(350)) - SchemaV3 db is created and loaded at /home/runner/work/ozone/ozone/hadoop-ozone/integration-test/target/test-dir/MiniOzoneClusterImpl-bc27570d-a894-40b9-be9a-008fe3dc8683/datanode-2/data-0/containers/hdds/bc27570d-a894-40b9-be9a-008fe3dc8683/DS-0c3ca44f-6801-487c-9bb6-feea105d559e/container.db for volume DS-0c3ca44f-6801-487c-9bb6-feea105d559e
2023-04-02 14:01:27,219 [EndpointStateMachine task thread for /0.0.0.0:42307 - 0 ] INFO  ozoneimpl.OzoneContainer (OzoneContainer.java:start(397)) - Attempting to start container services.
2023-04-02 14:01:27,220 [EndpointStateMachine task thread for /0.0.0.0:42307 - 0 ] INFO  ozoneimpl.OzoneContainer (OzoneContainer.java:startContainerScrub(314)) - Scheduled background container scanners and the on-demand container scanner have been disabled.
2023-04-02 14:01:27,222 [EndpointStateMachine task thread for /0.0.0.0:42307 - 0 ] INFO  replication.ReplicationServer (ReplicationServer.java:start(109)) - ReplicationServer is started using port 41191
2023-04-02 14:01:27,222 [EndpointStateMachine task thread for /0.0.0.0:42307 - 0 ] INFO  ratis.XceiverServerRatis (XceiverServerRatis.java:start(517)) - Starting XceiverServerRatis 1fb39430-fcdd-414e-946c-d9923f8003ee
2023-04-02 14:01:27,224 [EndpointStateMachine task thread for /0.0.0.0:42307 - 0 ] INFO  server.RaftServer (RaftServerProxy.java:startImpl(393)) - 1fb39430-fcdd-414e-946c-d9923f8003ee: start RPC server
2023-04-02 14:01:27,228 [EndpointStateMachine task thread for /0.0.0.0:42307 - 0 ] INFO  server.GrpcService (GrpcService.java:startImpl(262)) - 1fb39430-fcdd-414e-946c-d9923f8003ee: GrpcService started, listening on 34435
2023-04-02 14:01:27,228 [EndpointStateMachine task thread for /0.0.0.0:42307 - 0 ] INFO  ratis.XceiverServerRatis (XceiverServerRatis.java:getRealPort(543)) - XceiverServerRatis 1fb39430-fcdd-414e-946c-d9923f8003ee is started using port 34435 for RATIS
2023-04-02 14:01:27,228 [JvmPauseMonitor7] INFO  util.JvmPauseMonitor (JvmPauseMonitor.java:run(105)) - JvmPauseMonitor-1fb39430-fcdd-414e-946c-d9923f8003ee: Started
2023-04-02 14:01:27,228 [EndpointStateMachine task thread for /0.0.0.0:42307 - 0 ] INFO  ratis.XceiverServerRatis (XceiverServerRatis.java:getRealPort(543)) - XceiverServerRatis 1fb39430-fcdd-414e-946c-d9923f8003ee is started using port 34435 for RATIS_ADMIN
2023-04-02 14:01:27,228 [EndpointStateMachine task thread for /0.0.0.0:42307 - 0 ] INFO  ratis.XceiverServerRatis (XceiverServerRatis.java:getRealPort(543)) - XceiverServerRatis 1fb39430-fcdd-414e-946c-d9923f8003ee is started using port 34435 for RATIS_SERVER
2023-04-02 14:01:27,228 [EndpointStateMachine task thread for /0.0.0.0:42307 - 0 ] INFO  ratis.XceiverServerRatis (XceiverServerRatis.java:getRealPort(543)) - XceiverServerRatis 1fb39430-fcdd-414e-946c-d9923f8003ee is started using port 44291 for RATIS_DATASTREAM
2023-04-02 14:01:27,233 [EndpointStateMachine task thread for /0.0.0.0:42307 - 0 ] INFO  server.XceiverServerGrpc (XceiverServerGrpc.java:start(180)) - XceiverServerGrpc 1fb39430-fcdd-414e-946c-d9923f8003ee is started using port 37705
2023-04-02 14:01:27,236 [BlockDeletingService#0] INFO  interfaces.ContainerDeletionChoosingPolicyTemplate (ContainerDeletionChoosingPolicyTemplate.java:chooseContainerForBlockDeletion(83)) - Chosen 0/5000 blocks from 0 candidate containers.
2023-04-02 14:01:28,177 [Listener at 127.0.0.1/36373] INFO  ozone.MiniOzoneClusterImpl (MiniOzoneClusterImpl.java:lambda$waitForClusterToBeReady$0(222)) - Waiting for nodes to be ready. Got 0 of 3 DN Heartbeats.
2023-04-02 14:01:28,178 [Listener at 127.0.0.1/36373] INFO  ozone.MiniOzoneClusterImpl (MiniOzoneClusterImpl.java:lambda$waitForClusterToBeReady$0(225)) - Waiting for cluster to exit safe mode
2023-04-02 14:01:28,178 [Listener at 127.0.0.1/36373] INFO  ozone.MiniOzoneClusterImpl (MiniOzoneClusterImpl.java:lambda$waitForClusterToBeReady$0(227)) - SCM became leader
2023-04-02 14:01:28,342 [IPC Server handler 2 on default port 42307] INFO  net.NetworkTopologyImpl (NetworkTopologyImpl.java:add(112)) - Added a new node: /default-rack/3598537c-2d2c-483e-9e41-f30068588b97
2023-04-02 14:01:28,342 [IPC Server handler 2 on default port 42307] INFO  node.SCMNodeManager (SCMNodeManager.java:register(404)) - Registered Data node : 3598537c-2d2c-483e-9e41-f30068588b97{ip: 10.1.0.35, host: fv-az449-305.jvjgdiodbn4ungrcbaap0pmvbb.dx.internal.cloudapp.net, ports: [HTTP=39503, REPLICATION=38543, RATIS=36519, RATIS_ADMIN=36519, RATIS_SERVER=36519, RATIS_DATASTREAM=39781, STANDALONE=45757], networkLocation: /default-rack, certSerialId: null, persistedOpState: null, persistedOpStateExpiryEpochSec: 0}
2023-04-02 14:01:28,344 [EventQueue-NodeRegistrationContainerReportForContainerSafeModeRule] INFO  safemode.SCMSafeModeManager (SCMSafeModeManager.java:validateSafeModeExitRules(200)) - ContainerSafeModeRule rule is successfully validated
2023-04-02 14:01:28,345 [EventQueue-NodeRegistrationContainerReportForDataNodeSafeModeRule] INFO  safemode.SCMSafeModeManager (DataNodeSafeModeRule.java:process(71)) - SCM in safe mode. 1 DataNodes registered, 3 required.
2023-04-02 14:01:28,348 [EventQueue-PipelineReportForOneReplicaPipelineSafeModeRule] INFO  safemode.SCMSafeModeManager (SCMSafeModeManager.java:validateSafeModeExitRules(200)) - AtleastOneDatanodeReportedRule rule is successfully validated
2023-04-02 14:01:28,350 [EventQueue-NewNodeForNewNodeHandler] INFO  pipeline.BackgroundPipelineCreator (BackgroundPipelineCreator.java:notifyEventTriggered(276)) - trigger a one-shot run on RatisPipelineUtilsThread.
2023-04-02 14:01:28,350 [RatisPipelineUtilsThread - 0] INFO  pipeline.RatisPipelineProvider (RatisPipelineProvider.java:lambda$create$0(206)) - Sending CreatePipelineCommand for pipeline:PipelineID=eee22719-bc20-43f6-bd0b-6e5a162d5865 to datanode:3598537c-2d2c-483e-9e41-f30068588b97
2023-04-02 14:01:28,352 [RatisPipelineUtilsThread - 0] INFO  pipeline.PipelineStateManagerImpl (PipelineStateManagerImpl.java:addPipeline(103)) - Created pipeline Pipeline[ Id: eee22719-bc20-43f6-bd0b-6e5a162d5865, Nodes: 3598537c-2d2c-483e-9e41-f30068588b97(fv-az449-305.jvjgdiodbn4ungrcbaap0pmvbb.dx.internal.cloudapp.net/10.1.0.35), ReplicationConfig: RATIS/ONE, State:ALLOCATED, leaderId:, CreationTimestamp2023-04-02T14:01:28.350Z[Etc/UTC]].
2023-04-02 14:01:28,728 [IPC Server handler 3 on default port 42307] INFO  net.NetworkTopologyImpl (NetworkTopologyImpl.java:add(112)) - Added a new node: /default-rack/2b490ca0-945f-4f4c-9e95-7ff37cc96b4c
2023-04-02 14:01:28,728 [IPC Server handler 3 on default port 42307] INFO  node.SCMNodeManager (SCMNodeManager.java:register(404)) - Registered Data node : 2b490ca0-945f-4f4c-9e95-7ff37cc96b4c{ip: 10.1.0.35, host: fv-az449-305.jvjgdiodbn4ungrcbaap0pmvbb.dx.internal.cloudapp.net, ports: [HTTP=46063, REPLICATION=39017, RATIS=36527, RATIS_ADMIN=36527, RATIS_SERVER=36527, RATIS_DATASTREAM=35243, STANDALONE=43889], networkLocation: /default-rack, certSerialId: null, persistedOpState: null, persistedOpStateExpiryEpochSec: 0}
2023-04-02 14:01:28,728 [EventQueue-NodeRegistrationContainerReportForDataNodeSafeModeRule] INFO  safemode.SCMSafeModeManager (DataNodeSafeModeRule.java:process(71)) - SCM in safe mode. 2 DataNodes registered, 3 required.
2023-04-02 14:01:28,728 [EventQueue-NewNodeForNewNodeHandler] INFO  pipeline.BackgroundPipelineCreator (BackgroundPipelineCreator.java:notifyEventTriggered(276)) - trigger a one-shot run on RatisPipelineUtilsThread.
2023-04-02 14:01:28,730 [RatisPipelineUtilsThread - 0] INFO  pipeline.RatisPipelineProvider (RatisPipelineProvider.java:lambda$create$0(206)) - Sending CreatePipelineCommand for pipeline:PipelineID=dfbee987-4d80-44c0-af2d-425f6ad3a5b2 to datanode:2b490ca0-945f-4f4c-9e95-7ff37cc96b4c
2023-04-02 14:01:28,731 [RatisPipelineUtilsThread - 0] INFO  pipeline.PipelineStateManagerImpl (PipelineStateManagerImpl.java:addPipeline(103)) - Created pipeline Pipeline[ Id: dfbee987-4d80-44c0-af2d-425f6ad3a5b2, Nodes: 2b490ca0-945f-4f4c-9e95-7ff37cc96b4c(fv-az449-305.jvjgdiodbn4ungrcbaap0pmvbb.dx.internal.cloudapp.net/10.1.0.35), ReplicationConfig: RATIS/ONE, State:ALLOCATED, leaderId:, CreationTimestamp2023-04-02T14:01:28.730Z[Etc/UTC]].
2023-04-02 14:01:29,178 [Listener at 127.0.0.1/36373] INFO  ozone.MiniOzoneClusterImpl (MiniOzoneClusterImpl.java:lambda$waitForClusterToBeReady$0(222)) - Waiting for nodes to be ready. Got 2 of 3 DN Heartbeats.
2023-04-02 14:01:29,178 [Listener at 127.0.0.1/36373] INFO  ozone.MiniOzoneClusterImpl (MiniOzoneClusterImpl.java:lambda$waitForClusterToBeReady$0(225)) - Waiting for cluster to exit safe mode
2023-04-02 14:01:29,178 [Listener at 127.0.0.1/36373] INFO  ozone.MiniOzoneClusterImpl (MiniOzoneClusterImpl.java:lambda$waitForClusterToBeReady$0(227)) - SCM became leader
2023-04-02 14:01:29,182 [IPC Server handler 1 on default port 42307] INFO  net.NetworkTopologyImpl (NetworkTopologyImpl.java:add(112)) - Added a new node: /default-rack/1fb39430-fcdd-414e-946c-d9923f8003ee
2023-04-02 14:01:29,182 [IPC Server handler 1 on default port 42307] INFO  node.SCMNodeManager (SCMNodeManager.java:register(404)) - Registered Data node : 1fb39430-fcdd-414e-946c-d9923f8003ee{ip: 10.1.0.35, host: fv-az449-305.jvjgdiodbn4ungrcbaap0pmvbb.dx.internal.cloudapp.net, ports: [HTTP=46699, REPLICATION=41191, RATIS=34435, RATIS_ADMIN=34435, RATIS_SERVER=34435, RATIS_DATASTREAM=44291, STANDALONE=37705], networkLocation: /default-rack, certSerialId: null, persistedOpState: null, persistedOpStateExpiryEpochSec: 0}
2023-04-02 14:01:29,184 [EventQueue-NodeRegistrationContainerReportForDataNodeSafeModeRule] INFO  safemode.SCMSafeModeManager (DataNodeSafeModeRule.java:process(71)) - SCM in safe mode. 3 DataNodes registered, 3 required.
2023-04-02 14:01:29,184 [EventQueue-NodeRegistrationContainerReportForDataNodeSafeModeRule] INFO  safemode.SCMSafeModeManager (SCMSafeModeManager.java:validateSafeModeExitRules(200)) - DataNodeSafeModeRule rule is successfully validated
2023-04-02 14:01:29,184 [EventQueue-NodeRegistrationContainerReportForDataNodeSafeModeRule] INFO  safemode.SCMSafeModeManager (SCMSafeModeManager.java:completePreCheck(229)) - All SCM safe mode pre check rules have passed
2023-04-02 14:01:29,184 [EventQueue-NodeRegistrationContainerReportForDataNodeSafeModeRule] INFO  ha.SCMContext (SCMContext.java:updateSafeModeStatus(228)) - Update SafeModeStatus from SafeModeStatus{safeModeStatus=true, preCheckPassed=false} to SafeModeStatus{safeModeStatus=true, preCheckPassed=true}.
2023-04-02 14:01:29,184 [EventQueue-NodeRegistrationContainerReportForDataNodeSafeModeRule] INFO  pipeline.BackgroundPipelineCreator (BackgroundPipelineCreator.java:notifyEventTriggered(276)) - trigger a one-shot run on RatisPipelineUtilsThread.
2023-04-02 14:01:29,184 [EventQueue-NewNodeForNewNodeHandler] INFO  pipeline.BackgroundPipelineCreator (BackgroundPipelineCreator.java:notifyEventTriggered(276)) - trigger a one-shot run on RatisPipelineUtilsThread.
2023-04-02 14:01:29,186 [RatisPipelineUtilsThread - 0] INFO  pipeline.RatisPipelineProvider (RatisPipelineProvider.java:lambda$create$0(206)) - Sending CreatePipelineCommand for pipeline:PipelineID=999c03c2-6b05-43b0-8e43-0c7b417aad14 to datanode:1fb39430-fcdd-414e-946c-d9923f8003ee
2023-04-02 14:01:29,186 [RatisPipelineUtilsThread - 0] INFO  pipeline.PipelineStateManagerImpl (PipelineStateManagerImpl.java:addPipeline(103)) - Created pipeline Pipeline[ Id: 999c03c2-6b05-43b0-8e43-0c7b417aad14, Nodes: 1fb39430-fcdd-414e-946c-d9923f8003ee(fv-az449-305.jvjgdiodbn4ungrcbaap0pmvbb.dx.internal.cloudapp.net/10.1.0.35), ReplicationConfig: RATIS/ONE, State:ALLOCATED, leaderId:, CreationTimestamp2023-04-02T14:01:29.186Z[Etc/UTC]].
2023-04-02 14:01:29,187 [RatisPipelineUtilsThread - 0] INFO  pipeline.RatisPipelineProvider (RatisPipelineProvider.java:lambda$create$0(206)) - Sending CreatePipelineCommand for pipeline:PipelineID=839edd7b-d036-4bc5-89f8-95e284ff4f57 to datanode:3598537c-2d2c-483e-9e41-f30068588b97
2023-04-02 14:01:29,187 [RatisPipelineUtilsThread - 0] INFO  pipeline.RatisPipelineProvider (RatisPipelineProvider.java:lambda$create$0(206)) - Sending CreatePipelineCommand for pipeline:PipelineID=839edd7b-d036-4bc5-89f8-95e284ff4f57 to datanode:2b490ca0-945f-4f4c-9e95-7ff37cc96b4c
2023-04-02 14:01:29,187 [RatisPipelineUtilsThread - 0] INFO  pipeline.RatisPipelineProvider (RatisPipelineProvider.java:lambda$create$0(206)) - Sending CreatePipelineCommand for pipeline:PipelineID=839edd7b-d036-4bc5-89f8-95e284ff4f57 to datanode:1fb39430-fcdd-414e-946c-d9923f8003ee
2023-04-02 14:01:29,187 [RatisPipelineUtilsThread - 0] INFO  pipeline.PipelineStateManagerImpl (PipelineStateManagerImpl.java:addPipeline(103)) - Created pipeline Pipeline[ Id: 839edd7b-d036-4bc5-89f8-95e284ff4f57, Nodes: 3598537c-2d2c-483e-9e41-f30068588b97(fv-az449-305.jvjgdiodbn4ungrcbaap0pmvbb.dx.internal.cloudapp.net/10.1.0.35)2b490ca0-945f-4f4c-9e95-7ff37cc96b4c(fv-az449-305.jvjgdiodbn4ungrcbaap0pmvbb.dx.internal.cloudapp.net/10.1.0.35)1fb39430-fcdd-414e-946c-d9923f8003ee(fv-az449-305.jvjgdiodbn4ungrcbaap0pmvbb.dx.internal.cloudapp.net/10.1.0.35), ReplicationConfig: RATIS/THREE, State:ALLOCATED, leaderId:, CreationTimestamp2023-04-02T14:01:29.187Z[Etc/UTC]].
2023-04-02 14:01:29,189 [RatisPipelineUtilsThread - 0] INFO  pipeline.RatisPipelineProvider (RatisPipelineProvider.java:lambda$create$0(206)) - Sending CreatePipelineCommand for pipeline:PipelineID=dc6348e2-1b98-4f5a-99be-fba78f54f0cd to datanode:2b490ca0-945f-4f4c-9e95-7ff37cc96b4c
2023-04-02 14:01:29,189 [RatisPipelineUtilsThread - 0] INFO  pipeline.RatisPipelineProvider (RatisPipelineProvider.java:lambda$create$0(206)) - Sending CreatePipelineCommand for pipeline:PipelineID=dc6348e2-1b98-4f5a-99be-fba78f54f0cd to datanode:3598537c-2d2c-483e-9e41-f30068588b97
2023-04-02 14:01:29,189 [RatisPipelineUtilsThread - 0] INFO  pipeline.RatisPipelineProvider (RatisPipelineProvider.java:lambda$create$0(206)) - Sending CreatePipelineCommand for pipeline:PipelineID=dc6348e2-1b98-4f5a-99be-fba78f54f0cd to datanode:1fb39430-fcdd-414e-946c-d9923f8003ee
2023-04-02 14:01:29,189 [RatisPipelineUtilsThread - 0] INFO  pipeline.PipelineStateManagerImpl (PipelineStateManagerImpl.java:addPipeline(103)) - Created pipeline Pipeline[ Id: dc6348e2-1b98-4f5a-99be-fba78f54f0cd, Nodes: 2b490ca0-945f-4f4c-9e95-7ff37cc96b4c(fv-az449-305.jvjgdiodbn4ungrcbaap0pmvbb.dx.internal.cloudapp.net/10.1.0.35)3598537c-2d2c-483e-9e41-f30068588b97(fv-az449-305.jvjgdiodbn4ungrcbaap0pmvbb.dx.internal.cloudapp.net/10.1.0.35)1fb39430-fcdd-414e-946c-d9923f8003ee(fv-az449-305.jvjgdiodbn4ungrcbaap0pmvbb.dx.internal.cloudapp.net/10.1.0.35), ReplicationConfig: RATIS/THREE, State:ALLOCATED, leaderId:, CreationTimestamp2023-04-02T14:01:29.189Z[Etc/UTC]].
2023-04-02 14:01:29,189 [RatisPipelineUtilsThread - 0] INFO  pipeline.PipelineManagerImpl (PipelineManagerImpl.java:recordMetricsForPipeline(826)) - Pipeline: PipelineID=dc6348e2-1b98-4f5a-99be-fba78f54f0cd contains same datanodes as previous pipelines: PipelineID=839edd7b-d036-4bc5-89f8-95e284ff4f57 nodeIds: 2b490ca0-945f-4f4c-9e95-7ff37cc96b4c, 3598537c-2d2c-483e-9e41-f30068588b97, 1fb39430-fcdd-414e-946c-d9923f8003ee
2023-04-02 14:01:29,190 [RatisPipelineUtilsThread - 0] WARN  pipeline.PipelinePlacementPolicy (PipelinePlacementPolicy.java:filterViableNodes(160)) - Pipeline creation failed due to no sufficient healthy datanodes. Required 3. Found 0. Excluded 3.
2023-04-02 14:01:29,190 [RatisPipelineUtilsThread - 0] WARN  pipeline.PipelinePlacementPolicy (PipelinePlacementPolicy.java:filterViableNodes(160)) - Pipeline creation failed due to no sufficient healthy datanodes. Required 3. Found 0. Excluded 3.
2023-04-02 14:01:30,178 [Listener at 127.0.0.1/36373] INFO  ozone.MiniOzoneClusterImpl (MiniOzoneClusterImpl.java:lambda$waitForClusterToBeReady$0(222)) - Nodes are ready. Got 3 of 3 DN Heartbeats.
2023-04-02 14:01:30,179 [Listener at 127.0.0.1/36373] INFO  ozone.MiniOzoneClusterImpl (MiniOzoneClusterImpl.java:lambda$waitForClusterToBeReady$0(225)) - Waiting for cluster to exit safe mode
2023-04-02 14:01:30,179 [Listener at 127.0.0.1/36373] INFO  ozone.MiniOzoneClusterImpl (MiniOzoneClusterImpl.java:lambda$waitForClusterToBeReady$0(227)) - SCM became leader
2023-04-02 14:01:31,179 [Listener at 127.0.0.1/36373] INFO  ozone.MiniOzoneClusterImpl (MiniOzoneClusterImpl.java:lambda$waitForClusterToBeReady$0(222)) - Nodes are ready. Got 3 of 3 DN Heartbeats.
2023-04-02 14:01:31,179 [Listener at 127.0.0.1/36373] INFO  ozone.MiniOzoneClusterImpl (MiniOzoneClusterImpl.java:lambda$waitForClusterToBeReady$0(225)) - Waiting for cluster to exit safe mode
2023-04-02 14:01:31,179 [Listener at 127.0.0.1/36373] INFO  ozone.MiniOzoneClusterImpl (MiniOzoneClusterImpl.java:lambda$waitForClusterToBeReady$0(227)) - SCM became leader
2023-04-02 14:01:31,340 [Command processor thread] INFO  server.RaftServer (RaftServerProxy.java:addNew(96)) - 3598537c-2d2c-483e-9e41-f30068588b97: addNew group-6E5A162D5865:[3598537c-2d2c-483e-9e41-f30068588b97|rpc:10.1.0.35:36519|dataStream:10.1.0.35:39781|priority:1|startupRole:FOLLOWER] returns group-6E5A162D5865:java.util.concurrent.CompletableFuture@45d4f6e3[Not completed]
2023-04-02 14:01:31,341 [pool-229-thread-1] INFO  server.RaftServer$Division (RaftServerImpl.java:<init>(195)) - 3598537c-2d2c-483e-9e41-f30068588b97: new RaftServerImpl for group-6E5A162D5865:[3598537c-2d2c-483e-9e41-f30068588b97|rpc:10.1.0.35:36519|dataStream:10.1.0.35:39781|priority:1|startupRole:FOLLOWER] with ContainerStateMachine:uninitialized
2023-04-02 14:01:31,342 [pool-229-thread-1] INFO  server.RaftServerConfigKeys (ConfUtils.java:logGet(46)) - raft.server.rpc.timeout.min = 5s (custom)
2023-04-02 14:01:31,342 [pool-229-thread-1] INFO  server.RaftServerConfigKeys (ConfUtils.java:logGet(46)) - raft.server.rpc.timeout.max = 5200ms (custom)
2023-04-02 14:01:31,342 [pool-229-thread-1] INFO  server.RaftServerConfigKeys (ConfUtils.java:logGet(46)) - raft.server.rpc.sleep.time = 25ms (default)
2023-04-02 14:01:31,342 [pool-229-thread-1] INFO  server.RaftServerConfigKeys (ConfUtils.java:logGet(46)) - raft.server.rpc.slowness.timeout = 300000ms (custom)
2023-04-02 14:01:31,342 [pool-229-thread-1] INFO  server.RaftServerConfigKeys (ConfUtils.java:logGet(46)) - raft.server.leaderelection.leader.step-down.wait-time = 10s (default)
2023-04-02 14:01:31,342 [pool-229-thread-1] INFO  server.RaftServerConfigKeys (ConfUtils.java:logGet(46)) - raft.server.sleep.deviation.threshold = 300ms (default)
2023-04-02 14:01:31,343 [pool-229-thread-1] INFO  server.RaftServer$Division (ServerState.java:<init>(118)) - 3598537c-2d2c-483e-9e41-f30068588b97@group-6E5A162D5865: ConfigurationManager, init=-1: peers:[3598537c-2d2c-483e-9e41-f30068588b97|rpc:10.1.0.35:36519|dataStream:10.1.0.35:39781|priority:1|startupRole:FOLLOWER]|listeners:[], old=null, confs=<EMPTY_MAP>
2023-04-02 14:01:31,343 [pool-229-thread-1] INFO  server.RaftServerConfigKeys (ConfUtils.java:logGet(46)) - raft.server.storage.dir = [/home/runner/work/ozone/ozone/hadoop-ozone/integration-test/target/test-dir/MiniOzoneClusterImpl-bc27570d-a894-40b9-be9a-008fe3dc8683/datanode-0/data/ratis] (custom)
2023-04-02 14:01:31,343 [pool-229-thread-1] INFO  server.RaftServerConfigKeys (ConfUtils.java:logGet(46)) - raft.server.log.corruption.policy = EXCEPTION (default)
2023-04-02 14:01:31,343 [pool-229-thread-1] INFO  server.RaftServerConfigKeys (ConfUtils.java:logGet(46)) - raft.server.storage.free-space.min = 0MB (=0) (default)
2023-04-02 14:01:31,343 [pool-229-thread-1] INFO  server.RaftServerConfigKeys (ConfUtils.java:logGet(46)) - raft.server.notification.no-leader.timeout = 300000ms (custom)
2023-04-02 14:01:31,343 [pool-229-thread-1] INFO  server.RaftServerConfigKeys (ConfUtils.java:logGet(46)) - raft.server.retrycache.expirytime = 600000ms (custom)
2023-04-02 14:01:31,343 [pool-229-thread-1] INFO  server.RaftServerConfigKeys (ConfUtils.java:logGet(46)) - raft.server.retrycache.statistics.expirytime = 100μs (default)
2023-04-02 14:01:31,345 [pool-229-thread-1] INFO  server.RaftServerConfigKeys (ConfUtils.java:logGet(46)) - raft.server.log.appender.install.snapshot.enabled = false (custom)
2023-04-02 14:01:31,345 [pool-229-thread-1] INFO  server.RaftServerConfigKeys (ConfUtils.java:logGet(46)) - raft.server.threadpool.server.cached = true (default)
2023-04-02 14:01:31,346 [pool-229-thread-1] INFO  server.RaftServerConfigKeys (ConfUtils.java:logGet(46)) - raft.server.threadpool.server.size = 0 (default)
2023-04-02 14:01:31,346 [pool-229-thread-1] INFO  server.RaftServerConfigKeys (ConfUtils.java:logGet(46)) - raft.server.threadpool.client.cached = true (default)
2023-04-02 14:01:31,346 [pool-229-thread-1] INFO  server.RaftServerConfigKeys (ConfUtils.java:logGet(46)) - raft.server.threadpool.client.size = 0 (default)
2023-04-02 14:01:31,346 [pool-229-thread-1] INFO  storage.RaftStorageDirectory (RaftStorageDirectoryImpl.java:analyzeStorage(137)) - The storage directory /home/runner/work/ozone/ozone/hadoop-ozone/integration-test/target/test-dir/MiniOzoneClusterImpl-bc27570d-a894-40b9-be9a-008fe3dc8683/datanode-0/data/ratis/eee22719-bc20-43f6-bd0b-6e5a162d5865 does not exist. Creating ...
2023-04-02 14:01:31,347 [pool-229-thread-1] INFO  storage.RaftStorageDirectory (RaftStorageDirectoryImpl.java:tryLock(231)) - Lock on /home/runner/work/ozone/ozone/hadoop-ozone/integration-test/target/test-dir/MiniOzoneClusterImpl-bc27570d-a894-40b9-be9a-008fe3dc8683/datanode-0/data/ratis/eee22719-bc20-43f6-bd0b-6e5a162d5865/in_use.lock acquired by nodename 38458@fv-az449-305
2023-04-02 14:01:31,349 [pool-229-thread-1] INFO  storage.RaftStorage (RaftStorageImpl.java:format(96)) - Storage directory /home/runner/work/ozone/ozone/hadoop-ozone/integration-test/target/test-dir/MiniOzoneClusterImpl-bc27570d-a894-40b9-be9a-008fe3dc8683/datanode-0/data/ratis/eee22719-bc20-43f6-bd0b-6e5a162d5865 has been successfully formatted.
2023-04-02 14:01:31,349 [pool-229-thread-1] INFO  ratis.ContainerStateMachine (ContainerStateMachine.java:loadSnapshot(262)) - group-6E5A162D5865: The snapshot info is null. Setting the last applied indexto:(t:0, i:~)
2023-04-02 14:01:31,349 [pool-229-thread-1] INFO  server.RaftServerConfigKeys (ConfUtils.java:logGet(46)) - raft.server.log.use.memory = false (default)
2023-04-02 14:01:31,349 [pool-229-thread-1] INFO  server.RaftServerConfigKeys (ConfUtils.java:logGet(46)) - raft.server.log.purge.gap = 1000000 (custom)
2023-04-02 14:01:31,349 [pool-229-thread-1] INFO  server.RaftServerConfigKeys (ConfUtils.java:logGet(46)) - raft.server.log.appender.buffer.byte-limit = 33554432 (custom)
2023-04-02 14:01:31,349 [pool-229-thread-1] INFO  server.RaftServerConfigKeys (ConfUtils.java:logGet(46)) - raft.server.log.statemachine.data.read.timeout = 1000ms (default)
2023-04-02 14:01:31,349 [pool-229-thread-1] INFO  server.RaftServerConfigKeys (ConfUtils.java:logGet(46)) - raft.server.log.purge.preservation.log.num = 0 (default)
2023-04-02 14:01:31,350 [pool-229-thread-1] INFO  server.RaftServerConfigKeys (ConfUtils.java:logGet(46)) - raft.server.log.segment.size.max = 1048576 (custom)
2023-04-02 14:01:31,351 [EventQueue-PipelineReportForPipelineReportHandler] INFO  pipeline.PipelineManagerImpl (PipelineManagerImpl.java:openPipeline(367)) - Pipeline Pipeline[ Id: eee22719-bc20-43f6-bd0b-6e5a162d5865, Nodes: 3598537c-2d2c-483e-9e41-f30068588b97(fv-az449-305.jvjgdiodbn4ungrcbaap0pmvbb.dx.internal.cloudapp.net/10.1.0.35), ReplicationConfig: RATIS/ONE, State:ALLOCATED, leaderId:3598537c-2d2c-483e-9e41-f30068588b97, CreationTimestamp2023-04-02T14:01:28.350Z[Etc/UTC]] moved to OPEN state
2023-04-02 14:01:31,353 [pool-229-thread-1] INFO  server.RaftServerConfigKeys (ConfUtils.java:logGet(46)) - raft.server.log.segment.cache.num.max = 2 (custom)
2023-04-02 14:01:31,353 [pool-229-thread-1] INFO  server.RaftServerConfigKeys (ConfUtils.java:logGet(46)) - raft.server.log.segment.cache.size.max = 200MB (=209715200) (default)
2023-04-02 14:01:31,353 [pool-229-thread-1] INFO  segmented.SegmentedRaftLogWorker (SegmentedRaftLogWorker.java:<init>(189)) - new 3598537c-2d2c-483e-9e41-f30068588b97@group-6E5A162D5865-SegmentedRaftLogWorker for RaftStorageImpl:Storage Directory /home/runner/work/ozone/ozone/hadoop-ozone/integration-test/target/test-dir/MiniOzoneClusterImpl-bc27570d-a894-40b9-be9a-008fe3dc8683/datanode-0/data/ratis/eee22719-bc20-43f6-bd0b-6e5a162d5865
2023-04-02 14:01:31,353 [pool-229-thread-1] INFO  server.RaftServerConfigKeys (ConfUtils.java:logGet(46)) - raft.server.log.queue.byte-limit = 4294967296 (custom)
2023-04-02 14:01:31,353 [pool-229-thread-1] INFO  server.RaftServerConfigKeys (ConfUtils.java:logGet(46)) - raft.server.log.queue.element-limit = 1024 (custom)
2023-04-02 14:01:31,353 [pool-229-thread-1] INFO  server.RaftServerConfigKeys (ConfUtils.java:logGet(46)) - raft.server.log.segment.size.max = 1048576 (custom)
2023-04-02 14:01:31,353 [pool-229-thread-1] INFO  server.RaftServerConfigKeys (ConfUtils.java:logGet(46)) - raft.server.log.preallocated.size = 16384 (custom)
2023-04-02 14:01:31,353 [pool-229-thread-1] INFO  server.RaftServerConfigKeys (ConfUtils.java:logGet(46)) - raft.server.log.force.sync.num = 128 (default)
2023-04-02 14:01:31,353 [pool-229-thread-1] INFO  server.RaftServerConfigKeys (ConfUtils.java:logGet(46)) - raft.server.log.statemachine.data.sync = true (default)
2023-04-02 14:01:31,353 [pool-229-thread-1] INFO  server.RaftServerConfigKeys (ConfUtils.java:logGet(46)) - raft.server.log.statemachine.data.sync.timeout = 10s (default)
2023-04-02 14:01:31,353 [pool-229-thread-1] INFO  server.RaftServerConfigKeys (ConfUtils.java:logGet(46)) - raft.server.log.statemachine.data.sync.timeout.retry = -1 (default)
2023-04-02 14:01:31,354 [EventQueue-OpenPipelineForHealthyPipelineSafeModeRule] INFO  safemode.SCMSafeModeManager (HealthyPipelineSafeModeRule.java:process(137)) - SCM in safe mode. Healthy pipelines reported count is 0, required healthy pipeline reported count is 1
2023-04-02 14:01:31,355 [pool-229-thread-1] INFO  server.RaftServerConfigKeys (ConfUtils.java:logGet(46)) - raft.server.log.write.buffer.size = 1048576 (custom)
2023-04-02 14:01:31,355 [pool-229-thread-1] INFO  server.RaftServerConfigKeys (ConfUtils.java:logGet(46)) - raft.server.log.appender.buffer.byte-limit = 33554432 (custom)
2023-04-02 14:01:31,361 [pool-229-thread-1] INFO  server.RaftServerConfigKeys (ConfUtils.java:logGet(46)) - raft.server.log.unsafe-flush.enabled = false (default)
2023-04-02 14:01:31,361 [pool-229-thread-1] INFO  server.RaftServerConfigKeys (ConfUtils.java:logGet(46)) - raft.server.log.async-flush.enabled = false (default)
2023-04-02 14:01:31,361 [pool-229-thread-1] INFO  server.RaftServerConfigKeys (ConfUtils.java:logGet(46)) - raft.server.log.statemachine.data.caching.enabled = true (custom)
2023-04-02 14:01:31,361 [pool-229-thread-1] INFO  segmented.SegmentedRaftLogWorker (SegmentedRaftLogWorker.java:lambda$new$0(135)) - 3598537c-2d2c-483e-9e41-f30068588b97@group-6E5A162D5865-SegmentedRaftLogWorker: flushIndex: setUnconditionally 0 -> -1
2023-04-02 14:01:31,361 [pool-229-thread-1] INFO  segmented.SegmentedRaftLogWorker (SegmentedRaftLogWorker.java:lambda$new$0(135)) - 3598537c-2d2c-483e-9e41-f30068588b97@group-6E5A162D5865-SegmentedRaftLogWorker: safeCacheEvictIndex: setUnconditionally 0 -> -1
2023-04-02 14:01:31,361 [pool-229-thread-1] INFO  server.RaftServer$Division (RaftServerImpl.java:start(334)) - 3598537c-2d2c-483e-9e41-f30068588b97@group-6E5A162D5865: start as a follower, conf=-1: peers:[3598537c-2d2c-483e-9e41-f30068588b97|rpc:10.1.0.35:36519|dataStream:10.1.0.35:39781|priority:1|startupRole:FOLLOWER]|listeners:[], old=null
2023-04-02 14:01:31,361 [pool-229-thread-1] INFO  server.RaftServer$Division (RaftServerImpl.java:setRole(321)) - 3598537c-2d2c-483e-9e41-f30068588b97@group-6E5A162D5865: changes role from      null to FOLLOWER at term 0 for startAsFollower
2023-04-02 14:01:31,362 [pool-229-thread-1] INFO  impl.RoleInfo (RoleInfo.java:updateAndGet(139)) - 3598537c-2d2c-483e-9e41-f30068588b97: start 3598537c-2d2c-483e-9e41-f30068588b97@group-6E5A162D5865-FollowerState
2023-04-02 14:01:31,362 [pool-229-thread-1] INFO  util.JmxRegister (JmxRegister.java:tryRegister(44)) - Successfully registered JMX Bean with object name Ratis:service=RaftServer,group=group-6E5A162D5865,id=3598537c-2d2c-483e-9e41-f30068588b97
2023-04-02 14:01:31,362 [pool-229-thread-1] INFO  server.RaftServerConfigKeys (ConfUtils.java:logGet(46)) - raft.server.snapshot.auto.trigger.enabled = true (custom)
2023-04-02 14:01:31,362 [pool-229-thread-1] INFO  server.RaftServerConfigKeys (ConfUtils.java:logGet(46)) - raft.server.snapshot.auto.trigger.threshold = 1 (custom)
2023-04-02 14:01:31,362 [pool-229-thread-1] INFO  server.RaftServerConfigKeys (ConfUtils.java:logGet(46)) - raft.server.snapshot.retention.file.num = 5 (custom)
2023-04-02 14:01:31,362 [pool-229-thread-1] INFO  server.RaftServerConfigKeys (ConfUtils.java:logGet(46)) - raft.server.log.purge.upto.snapshot.index = false (default)
2023-04-02 14:01:31,363 [Command processor thread] INFO  ratis.XceiverServerRatis (XceiverServerRatis.java:addGroup(806)) - Created group PipelineID=eee22719-bc20-43f6-bd0b-6e5a162d5865
2023-04-02 14:01:31,363 [3598537c-2d2c-483e-9e41-f30068588b97@group-6E5A162D5865-FollowerState] INFO  server.RaftServerConfigKeys (ConfUtils.java:logFallback(53)) - raft.server.rpc.first-election.timeout.min = 5s (fallback to raft.server.rpc.timeout.min)
2023-04-02 14:01:31,363 [Command processor thread] INFO  commandhandler.CreatePipelineCommandHandler (CreatePipelineCommandHandler.java:handle(113)) - Created Pipeline RATIS ONE PipelineID=eee22719-bc20-43f6-bd0b-6e5a162d5865.
2023-04-02 14:01:31,363 [Command processor thread] INFO  server.RaftServer (RaftServerProxy.java:addNew(96)) - 3598537c-2d2c-483e-9e41-f30068588b97: addNew group-95E284FF4F57:[3598537c-2d2c-483e-9e41-f30068588b97|rpc:10.1.0.35:36519|dataStream:10.1.0.35:39781|priority:0|startupRole:FOLLOWER, 2b490ca0-945f-4f4c-9e95-7ff37cc96b4c|rpc:10.1.0.35:36527|dataStream:10.1.0.35:35243|priority:0|startupRole:FOLLOWER, 1fb39430-fcdd-414e-946c-d9923f8003ee|rpc:10.1.0.35:34435|dataStream:10.1.0.35:44291|priority:1|startupRole:FOLLOWER] returns group-95E284FF4F57:java.util.concurrent.CompletableFuture@41eb6a81[Not completed]
2023-04-02 14:01:31,364 [pool-229-thread-1] INFO  server.RaftServer$Division (RaftServerImpl.java:<init>(195)) - 3598537c-2d2c-483e-9e41-f30068588b97: new RaftServerImpl for group-95E284FF4F57:[3598537c-2d2c-483e-9e41-f30068588b97|rpc:10.1.0.35:36519|dataStream:10.1.0.35:39781|priority:0|startupRole:FOLLOWER, 2b490ca0-945f-4f4c-9e95-7ff37cc96b4c|rpc:10.1.0.35:36527|dataStream:10.1.0.35:35243|priority:0|startupRole:FOLLOWER, 1fb39430-fcdd-414e-946c-d9923f8003ee|rpc:10.1.0.35:34435|dataStream:10.1.0.35:44291|priority:1|startupRole:FOLLOWER] with ContainerStateMachine:uninitialized
2023-04-02 14:01:31,365 [pool-229-thread-1] INFO  server.RaftServerConfigKeys (ConfUtils.java:logGet(46)) - raft.server.rpc.timeout.min = 5s (custom)
2023-04-02 14:01:31,365 [pool-229-thread-1] INFO  server.RaftServerConfigKeys (ConfUtils.java:logGet(46)) - raft.server.rpc.timeout.max = 5200ms (custom)
2023-04-02 14:01:31,365 [pool-229-thread-1] INFO  server.RaftServerConfigKeys (ConfUtils.java:logGet(46)) - raft.server.rpc.sleep.time = 25ms (default)
2023-04-02 14:01:31,365 [pool-229-thread-1] INFO  server.RaftServerConfigKeys (ConfUtils.java:logGet(46)) - raft.server.rpc.slowness.timeout = 300000ms (custom)
2023-04-02 14:01:31,365 [pool-229-thread-1] INFO  server.RaftServerConfigKeys (ConfUtils.java:logGet(46)) - raft.server.leaderelection.leader.step-down.wait-time = 10s (default)
2023-04-02 14:01:31,365 [pool-229-thread-1] INFO  server.RaftServerConfigKeys (ConfUtils.java:logGet(46)) - raft.server.sleep.deviation.threshold = 300ms (default)
2023-04-02 14:01:31,365 [pool-229-thread-1] INFO  server.RaftServer$Division (ServerState.java:<init>(118)) - 3598537c-2d2c-483e-9e41-f30068588b97@group-95E284FF4F57: ConfigurationManager, init=-1: peers:[3598537c-2d2c-483e-9e41-f30068588b97|rpc:10.1.0.35:36519|dataStream:10.1.0.35:39781|priority:0|startupRole:FOLLOWER, 2b490ca0-945f-4f4c-9e95-7ff37cc96b4c|rpc:10.1.0.35:36527|dataStream:10.1.0.35:35243|priority:0|startupRole:FOLLOWER, 1fb39430-fcdd-414e-946c-d9923f8003ee|rpc:10.1.0.35:34435|dataStream:10.1.0.35:44291|priority:1|startupRole:FOLLOWER]|listeners:[], old=null, confs=<EMPTY_MAP>
2023-04-02 14:01:31,365 [pool-229-thread-1] INFO  server.RaftServerConfigKeys (ConfUtils.java:logGet(46)) - raft.server.storage.dir = [/home/runner/work/ozone/ozone/hadoop-ozone/integration-test/target/test-dir/MiniOzoneClusterImpl-bc27570d-a894-40b9-be9a-008fe3dc8683/datanode-0/data/ratis] (custom)
2023-04-02 14:01:31,365 [pool-229-thread-1] INFO  server.RaftServerConfigKeys (ConfUtils.java:logGet(46)) - raft.server.log.corruption.policy = EXCEPTION (default)
2023-04-02 14:01:31,365 [pool-229-thread-1] INFO  server.RaftServerConfigKeys (ConfUtils.java:logGet(46)) - raft.server.storage.free-space.min = 0MB (=0) (default)
2023-04-02 14:01:31,365 [pool-229-thread-1] INFO  server.RaftServerConfigKeys (ConfUtils.java:logGet(46)) - raft.server.notification.no-leader.timeout = 300000ms (custom)
2023-04-02 14:01:31,365 [pool-229-thread-1] INFO  server.RaftServerConfigKeys (ConfUtils.java:logGet(46)) - raft.server.retrycache.expirytime = 600000ms (custom)
2023-04-02 14:01:31,365 [pool-229-thread-1] INFO  server.RaftServerConfigKeys (ConfUtils.java:logGet(46)) - raft.server.retrycache.statistics.expirytime = 100μs (default)
2023-04-02 14:01:31,366 [pool-229-thread-1] INFO  server.RaftServerConfigKeys (ConfUtils.java:logGet(46)) - raft.server.log.appender.install.snapshot.enabled = false (custom)
2023-04-02 14:01:31,366 [pool-229-thread-1] INFO  server.RaftServerConfigKeys (ConfUtils.java:logGet(46)) - raft.server.threadpool.server.cached = true (default)
2023-04-02 14:01:31,366 [pool-229-thread-1] INFO  server.RaftServerConfigKeys (ConfUtils.java:logGet(46)) - raft.server.threadpool.server.size = 0 (default)
2023-04-02 14:01:31,366 [pool-229-thread-1] INFO  server.RaftServerConfigKeys (ConfUtils.java:logGet(46)) - raft.server.threadpool.client.cached = true (default)
2023-04-02 14:01:31,366 [pool-229-thread-1] INFO  server.RaftServerConfigKeys (ConfUtils.java:logGet(46)) - raft.server.threadpool.client.size = 0 (default)
2023-04-02 14:01:31,366 [pool-229-thread-1] INFO  storage.RaftStorageDirectory (RaftStorageDirectoryImpl.java:analyzeStorage(137)) - The storage directory /home/runner/work/ozone/ozone/hadoop-ozone/integration-test/target/test-dir/MiniOzoneClusterImpl-bc27570d-a894-40b9-be9a-008fe3dc8683/datanode-0/data/ratis/839edd7b-d036-4bc5-89f8-95e284ff4f57 does not exist. Creating ...
2023-04-02 14:01:31,367 [3598537c-2d2c-483e-9e41-f30068588b97@group-6E5A162D5865-FollowerState] INFO  server.RaftServerConfigKeys (ConfUtils.java:logFallback(53)) - raft.server.rpc.first-election.timeout.max = 5200ms (fallback to raft.server.rpc.timeout.max)
2023-04-02 14:01:31,368 [pool-229-thread-1] INFO  storage.RaftStorageDirectory (RaftStorageDirectoryImpl.java:tryLock(231)) - Lock on /home/runner/work/ozone/ozone/hadoop-ozone/integration-test/target/test-dir/MiniOzoneClusterImpl-bc27570d-a894-40b9-be9a-008fe3dc8683/datanode-0/data/ratis/839edd7b-d036-4bc5-89f8-95e284ff4f57/in_use.lock acquired by nodename 38458@fv-az449-305
2023-04-02 14:01:31,369 [pool-229-thread-1] INFO  storage.RaftStorage (RaftStorageImpl.java:format(96)) - Storage directory /home/runner/work/ozone/ozone/hadoop-ozone/integration-test/target/test-dir/MiniOzoneClusterImpl-bc27570d-a894-40b9-be9a-008fe3dc8683/datanode-0/data/ratis/839edd7b-d036-4bc5-89f8-95e284ff4f57 has been successfully formatted.
2023-04-02 14:01:31,371 [EventQueue-OpenPipelineForHealthyPipelineSafeModeRule] INFO  safemode.SCMSafeModeManager (HealthyPipelineSafeModeRule.java:process(137)) - SCM in safe mode. Healthy pipelines reported count is 0, required healthy pipeline reported count is 1
2023-04-02 14:01:31,375 [pool-229-thread-1] INFO  ratis.ContainerStateMachine (ContainerStateMachine.java:loadSnapshot(262)) - group-95E284FF4F57: The snapshot info is null. Setting the last applied indexto:(t:0, i:~)
2023-04-02 14:01:31,375 [pool-229-thread-1] INFO  server.RaftServerConfigKeys (ConfUtils.java:logGet(46)) - raft.server.log.use.memory = false (default)
2023-04-02 14:01:31,375 [pool-229-thread-1] INFO  server.RaftServerConfigKeys (ConfUtils.java:logGet(46)) - raft.server.log.purge.gap = 1000000 (custom)
2023-04-02 14:01:31,375 [pool-229-thread-1] INFO  server.RaftServerConfigKeys (ConfUtils.java:logGet(46)) - raft.server.log.appender.buffer.byte-limit = 33554432 (custom)
2023-04-02 14:01:31,375 [pool-229-thread-1] INFO  server.RaftServerConfigKeys (ConfUtils.java:logGet(46)) - raft.server.log.statemachine.data.read.timeout = 1000ms (default)
2023-04-02 14:01:31,375 [pool-229-thread-1] INFO  server.RaftServerConfigKeys (ConfUtils.java:logGet(46)) - raft.server.log.purge.preservation.log.num = 0 (default)
2023-04-02 14:01:31,375 [pool-229-thread-1] INFO  server.RaftServerConfigKeys (ConfUtils.java:logGet(46)) - raft.server.log.segment.size.max = 1048576 (custom)
2023-04-02 14:01:31,376 [pool-229-thread-1] INFO  server.RaftServerConfigKeys (ConfUtils.java:logGet(46)) - raft.server.log.segment.cache.num.max = 2 (custom)
2023-04-02 14:01:31,376 [pool-229-thread-1] INFO  server.RaftServerConfigKeys (ConfUtils.java:logGet(46)) - raft.server.log.segment.cache.size.max = 200MB (=209715200) (default)
2023-04-02 14:01:31,376 [pool-229-thread-1] INFO  segmented.SegmentedRaftLogWorker (SegmentedRaftLogWorker.java:<init>(189)) - new 3598537c-2d2c-483e-9e41-f30068588b97@group-95E284FF4F57-SegmentedRaftLogWorker for RaftStorageImpl:Storage Directory /home/runner/work/ozone/ozone/hadoop-ozone/integration-test/target/test-dir/MiniOzoneClusterImpl-bc27570d-a894-40b9-be9a-008fe3dc8683/datanode-0/data/ratis/839edd7b-d036-4bc5-89f8-95e284ff4f57
2023-04-02 14:01:31,376 [pool-229-thread-1] INFO  server.RaftServerConfigKeys (ConfUtils.java:logGet(46)) - raft.server.log.queue.byte-limit = 4294967296 (custom)
2023-04-02 14:01:31,376 [pool-229-thread-1] INFO  server.RaftServerConfigKeys (ConfUtils.java:logGet(46)) - raft.server.log.queue.element-limit = 1024 (custom)
2023-04-02 14:01:31,376 [pool-229-thread-1] INFO  server.RaftServerConfigKeys (ConfUtils.java:logGet(46)) - raft.server.log.segment.size.max = 1048576 (custom)
2023-04-02 14:01:31,376 [pool-229-thread-1] INFO  server.RaftServerConfigKeys (ConfUtils.java:logGet(46)) - raft.server.log.preallocated.size = 16384 (custom)
2023-04-02 14:01:31,376 [pool-229-thread-1] INFO  server.RaftServerConfigKeys (ConfUtils.java:logGet(46)) - raft.server.log.force.sync.num = 128 (default)
2023-04-02 14:01:31,376 [pool-229-thread-1] INFO  server.RaftServerConfigKeys (ConfUtils.java:logGet(46)) - raft.server.log.statemachine.data.sync = true (default)
2023-04-02 14:01:31,376 [pool-229-thread-1] INFO  server.RaftServerConfigKeys (ConfUtils.java:logGet(46)) - raft.server.log.statemachine.data.sync.timeout = 10s (default)
2023-04-02 14:01:31,376 [pool-229-thread-1] INFO  server.RaftServerConfigKeys (ConfUtils.java:logGet(46)) - raft.server.log.statemachine.data.sync.timeout.retry = -1 (default)
2023-04-02 14:01:31,377 [pool-229-thread-1] INFO  server.RaftServerConfigKeys (ConfUtils.java:logGet(46)) - raft.server.log.write.buffer.size = 1048576 (custom)
2023-04-02 14:01:31,377 [pool-229-thread-1] INFO  server.RaftServerConfigKeys (ConfUtils.java:logGet(46)) - raft.server.log.appender.buffer.byte-limit = 33554432 (custom)
2023-04-02 14:01:31,383 [pool-229-thread-1] INFO  server.RaftServerConfigKeys (ConfUtils.java:logGet(46)) - raft.server.log.unsafe-flush.enabled = false (default)
2023-04-02 14:01:31,383 [pool-229-thread-1] INFO  server.RaftServerConfigKeys (ConfUtils.java:logGet(46)) - raft.server.log.async-flush.enabled = false (default)
2023-04-02 14:01:31,383 [pool-229-thread-1] INFO  server.RaftServerConfigKeys (ConfUtils.java:logGet(46)) - raft.server.log.statemachine.data.caching.enabled = true (custom)
2023-04-02 14:01:31,384 [pool-229-thread-1] INFO  segmented.SegmentedRaftLogWorker (SegmentedRaftLogWorker.java:lambda$new$0(135)) - 3598537c-2d2c-483e-9e41-f30068588b97@group-95E284FF4F57-SegmentedRaftLogWorker: flushIndex: setUnconditionally 0 -> -1
2023-04-02 14:01:31,384 [pool-229-thread-1] INFO  segmented.SegmentedRaftLogWorker (SegmentedRaftLogWorker.java:lambda$new$0(135)) - 3598537c-2d2c-483e-9e41-f30068588b97@group-95E284FF4F57-SegmentedRaftLogWorker: safeCacheEvictIndex: setUnconditionally 0 -> -1
2023-04-02 14:01:31,384 [pool-229-thread-1] INFO  server.RaftServer$Division (RaftServerImpl.java:start(334)) - 3598537c-2d2c-483e-9e41-f30068588b97@group-95E284FF4F57: start as a follower, conf=-1: peers:[3598537c-2d2c-483e-9e41-f30068588b97|rpc:10.1.0.35:36519|dataStream:10.1.0.35:39781|priority:0|startupRole:FOLLOWER, 2b490ca0-945f-4f4c-9e95-7ff37cc96b4c|rpc:10.1.0.35:36527|dataStream:10.1.0.35:35243|priority:0|startupRole:FOLLOWER, 1fb39430-fcdd-414e-946c-d9923f8003ee|rpc:10.1.0.35:34435|dataStream:10.1.0.35:44291|priority:1|startupRole:FOLLOWER]|listeners:[], old=null
2023-04-02 14:01:31,384 [pool-229-thread-1] INFO  server.RaftServer$Division (RaftServerImpl.java:setRole(321)) - 3598537c-2d2c-483e-9e41-f30068588b97@group-95E284FF4F57: changes role from      null to FOLLOWER at term 0 for startAsFollower
2023-04-02 14:01:31,384 [pool-229-thread-1] INFO  impl.RoleInfo (RoleInfo.java:updateAndGet(139)) - 3598537c-2d2c-483e-9e41-f30068588b97: start 3598537c-2d2c-483e-9e41-f30068588b97@group-95E284FF4F57-FollowerState
2023-04-02 14:01:31,384 [pool-229-thread-1] INFO  util.JmxRegister (JmxRegister.java:tryRegister(44)) - Successfully registered JMX Bean with object name Ratis:service=RaftServer,group=group-95E284FF4F57,id=3598537c-2d2c-483e-9e41-f30068588b97
2023-04-02 14:01:31,384 [pool-229-thread-1] INFO  server.RaftServerConfigKeys (ConfUtils.java:logGet(46)) - raft.server.snapshot.auto.trigger.enabled = true (custom)
2023-04-02 14:01:31,384 [pool-229-thread-1] INFO  server.RaftServerConfigKeys (ConfUtils.java:logGet(46)) - raft.server.snapshot.auto.trigger.threshold = 1 (custom)
2023-04-02 14:01:31,385 [pool-229-thread-1] INFO  server.RaftServerConfigKeys (ConfUtils.java:logGet(46)) - raft.server.snapshot.retention.file.num = 5 (custom)
2023-04-02 14:01:31,385 [pool-229-thread-1] INFO  server.RaftServerConfigKeys (ConfUtils.java:logGet(46)) - raft.server.log.purge.upto.snapshot.index = false (default)
2023-04-02 14:01:31,385 [3598537c-2d2c-483e-9e41-f30068588b97@group-95E284FF4F57-FollowerState] INFO  server.RaftServerConfigKeys (ConfUtils.java:logFallback(53)) - raft.server.rpc.first-election.timeout.min = 5s (fallback to raft.server.rpc.timeout.min)
2023-04-02 14:01:31,385 [3598537c-2d2c-483e-9e41-f30068588b97@group-95E284FF4F57-FollowerState] INFO  server.RaftServerConfigKeys (ConfUtils.java:logFallback(53)) - raft.server.rpc.first-election.timeout.max = 5200ms (fallback to raft.server.rpc.timeout.max)
2023-04-02 14:01:31,388 [Command processor thread] INFO  ratis.XceiverServerRatis (XceiverServerRatis.java:addGroup(806)) - Created group PipelineID=839edd7b-d036-4bc5-89f8-95e284ff4f57
2023-04-02 14:01:31,413 [grpc-default-executor-0] INFO  server.RaftServer (RaftServerProxy.java:addNew(96)) - 2b490ca0-945f-4f4c-9e95-7ff37cc96b4c: addNew group-95E284FF4F57:[3598537c-2d2c-483e-9e41-f30068588b97|rpc:10.1.0.35:36519|dataStream:10.1.0.35:39781|priority:0|startupRole:FOLLOWER, 2b490ca0-945f-4f4c-9e95-7ff37cc96b4c|rpc:10.1.0.35:36527|dataStream:10.1.0.35:35243|priority:0|startupRole:FOLLOWER, 1fb39430-fcdd-414e-946c-d9923f8003ee|rpc:10.1.0.35:34435|dataStream:10.1.0.35:44291|priority:1|startupRole:FOLLOWER] returns group-95E284FF4F57:java.util.concurrent.CompletableFuture@5b87eb68[Not completed]
2023-04-02 14:01:31,418 [pool-251-thread-1] INFO  server.RaftServer$Division (RaftServerImpl.java:<init>(195)) - 2b490ca0-945f-4f4c-9e95-7ff37cc96b4c: new RaftServerImpl for group-95E284FF4F57:[3598537c-2d2c-483e-9e41-f30068588b97|rpc:10.1.0.35:36519|dataStream:10.1.0.35:39781|priority:0|startupRole:FOLLOWER, 2b490ca0-945f-4f4c-9e95-7ff37cc96b4c|rpc:10.1.0.35:36527|dataStream:10.1.0.35:35243|priority:0|startupRole:FOLLOWER, 1fb39430-fcdd-414e-946c-d9923f8003ee|rpc:10.1.0.35:34435|dataStream:10.1.0.35:44291|priority:1|startupRole:FOLLOWER] with ContainerStateMachine:uninitialized
2023-04-02 14:01:31,418 [pool-251-thread-1] INFO  server.RaftServerConfigKeys (ConfUtils.java:logGet(46)) - raft.server.rpc.timeout.min = 5s (custom)
2023-04-02 14:01:31,418 [pool-251-thread-1] INFO  server.RaftServerConfigKeys (ConfUtils.java:logGet(46)) - raft.server.rpc.timeout.max = 5200ms (custom)
2023-04-02 14:01:31,418 [pool-251-thread-1] INFO  server.RaftServerConfigKeys (ConfUtils.java:logGet(46)) - raft.server.rpc.sleep.time = 25ms (default)
2023-04-02 14:01:31,418 [pool-251-thread-1] INFO  server.RaftServerConfigKeys (ConfUtils.java:logGet(46)) - raft.server.rpc.slowness.timeout = 300000ms (custom)
2023-04-02 14:01:31,418 [pool-251-thread-1] INFO  server.RaftServerConfigKeys (ConfUtils.java:logGet(46)) - raft.server.leaderelection.leader.step-down.wait-time = 10s (default)
2023-04-02 14:01:31,418 [pool-251-thread-1] INFO  server.RaftServerConfigKeys (ConfUtils.java:logGet(46)) - raft.server.sleep.deviation.threshold = 300ms (default)
2023-04-02 14:01:31,419 [pool-251-thread-1] INFO  server.RaftServer$Division (ServerState.java:<init>(118)) - 2b490ca0-945f-4f4c-9e95-7ff37cc96b4c@group-95E284FF4F57: ConfigurationManager, init=-1: peers:[3598537c-2d2c-483e-9e41-f30068588b97|rpc:10.1.0.35:36519|dataStream:10.1.0.35:39781|priority:0|startupRole:FOLLOWER, 2b490ca0-945f-4f4c-9e95-7ff37cc96b4c|rpc:10.1.0.35:36527|dataStream:10.1.0.35:35243|priority:0|startupRole:FOLLOWER, 1fb39430-fcdd-414e-946c-d9923f8003ee|rpc:10.1.0.35:34435|dataStream:10.1.0.35:44291|priority:1|startupRole:FOLLOWER]|listeners:[], old=null, confs=<EMPTY_MAP>
2023-04-02 14:01:31,422 [pool-251-thread-1] INFO  server.RaftServerConfigKeys (ConfUtils.java:logGet(46)) - raft.server.storage.dir = [/home/runner/work/ozone/ozone/hadoop-ozone/integration-test/target/test-dir/MiniOzoneClusterImpl-bc27570d-a894-40b9-be9a-008fe3dc8683/datanode-1/data/ratis] (custom)
2023-04-02 14:01:31,422 [pool-251-thread-1] INFO  server.RaftServerConfigKeys (ConfUtils.java:logGet(46)) - raft.server.log.corruption.policy = EXCEPTION (default)
2023-04-02 14:01:31,422 [pool-251-thread-1] INFO  server.RaftServerConfigKeys (ConfUtils.java:logGet(46)) - raft.server.storage.free-space.min = 0MB (=0) (default)
2023-04-02 14:01:31,422 [pool-251-thread-1] INFO  server.RaftServerConfigKeys (ConfUtils.java:logGet(46)) - raft.server.notification.no-leader.timeout = 300000ms (custom)
2023-04-02 14:01:31,422 [pool-251-thread-1] INFO  server.RaftServerConfigKeys (ConfUtils.java:logGet(46)) - raft.server.retrycache.expirytime = 600000ms (custom)
2023-04-02 14:01:31,423 [pool-251-thread-1] INFO  server.RaftServerConfigKeys (ConfUtils.java:logGet(46)) - raft.server.retrycache.statistics.expirytime = 100μs (default)
2023-04-02 14:01:31,424 [pool-251-thread-1] INFO  server.RaftServerConfigKeys (ConfUtils.java:logGet(46)) - raft.server.log.appender.install.snapshot.enabled = false (custom)
2023-04-02 14:01:31,424 [pool-251-thread-1] INFO  server.RaftServerConfigKeys (ConfUtils.java:logGet(46)) - raft.server.threadpool.server.cached = true (default)
2023-04-02 14:01:31,424 [pool-251-thread-1] INFO  server.RaftServerConfigKeys (ConfUtils.java:logGet(46)) - raft.server.threadpool.server.size = 0 (default)
2023-04-02 14:01:31,424 [pool-251-thread-1] INFO  server.RaftServerConfigKeys (ConfUtils.java:logGet(46)) - raft.server.threadpool.client.cached = true (default)
2023-04-02 14:01:31,424 [pool-251-thread-1] INFO  server.RaftServerConfigKeys (ConfUtils.java:logGet(46)) - raft.server.threadpool.client.size = 0 (default)
2023-04-02 14:01:31,424 [pool-251-thread-1] INFO  storage.RaftStorageDirectory (RaftStorageDirectoryImpl.java:analyzeStorage(137)) - The storage directory /home/runner/work/ozone/ozone/hadoop-ozone/integration-test/target/test-dir/MiniOzoneClusterImpl-bc27570d-a894-40b9-be9a-008fe3dc8683/datanode-1/data/ratis/839edd7b-d036-4bc5-89f8-95e284ff4f57 does not exist. Creating ...
2023-04-02 14:01:31,426 [pool-251-thread-1] INFO  storage.RaftStorageDirectory (RaftStorageDirectoryImpl.java:tryLock(231)) - Lock on /home/runner/work/ozone/ozone/hadoop-ozone/integration-test/target/test-dir/MiniOzoneClusterImpl-bc27570d-a894-40b9-be9a-008fe3dc8683/datanode-1/data/ratis/839edd7b-d036-4bc5-89f8-95e284ff4f57/in_use.lock acquired by nodename 38458@fv-az449-305
2023-04-02 14:01:31,427 [pool-251-thread-1] INFO  storage.RaftStorage (RaftStorageImpl.java:format(96)) - Storage directory /home/runner/work/ozone/ozone/hadoop-ozone/integration-test/target/test-dir/MiniOzoneClusterImpl-bc27570d-a894-40b9-be9a-008fe3dc8683/datanode-1/data/ratis/839edd7b-d036-4bc5-89f8-95e284ff4f57 has been successfully formatted.
2023-04-02 14:01:31,428 [pool-251-thread-1] INFO  ratis.ContainerStateMachine (ContainerStateMachine.java:loadSnapshot(262)) - group-95E284FF4F57: The snapshot info is null. Setting the last applied indexto:(t:0, i:~)
2023-04-02 14:01:31,428 [pool-251-thread-1] INFO  server.RaftServerConfigKeys (ConfUtils.java:logGet(46)) - raft.server.log.use.memory = false (default)
2023-04-02 14:01:31,428 [pool-251-thread-1] INFO  server.RaftServerConfigKeys (ConfUtils.java:logGet(46)) - raft.server.log.purge.gap = 1000000 (custom)
2023-04-02 14:01:31,428 [pool-251-thread-1] INFO  server.RaftServerConfigKeys (ConfUtils.java:logGet(46)) - raft.server.log.appender.buffer.byte-limit = 33554432 (custom)
2023-04-02 14:01:31,428 [pool-251-thread-1] INFO  server.RaftServerConfigKeys (ConfUtils.java:logGet(46)) - raft.server.log.statemachine.data.read.timeout = 1000ms (default)
2023-04-02 14:01:31,428 [pool-251-thread-1] INFO  server.RaftServerConfigKeys (ConfUtils.java:logGet(46)) - raft.server.log.purge.preservation.log.num = 0 (default)
2023-04-02 14:01:31,432 [pool-251-thread-1] INFO  server.RaftServerConfigKeys (ConfUtils.java:logGet(46)) - raft.server.log.segment.size.max = 1048576 (custom)
2023-04-02 14:01:31,432 [pool-251-thread-1] INFO  server.RaftServerConfigKeys (ConfUtils.java:logGet(46)) - raft.server.log.segment.cache.num.max = 2 (custom)
2023-04-02 14:01:31,432 [pool-251-thread-1] INFO  server.RaftServerConfigKeys (ConfUtils.java:logGet(46)) - raft.server.log.segment.cache.size.max = 200MB (=209715200) (default)
2023-04-02 14:01:31,432 [pool-251-thread-1] INFO  segmented.SegmentedRaftLogWorker (SegmentedRaftLogWorker.java:<init>(189)) - new 2b490ca0-945f-4f4c-9e95-7ff37cc96b4c@group-95E284FF4F57-SegmentedRaftLogWorker for RaftStorageImpl:Storage Directory /home/runner/work/ozone/ozone/hadoop-ozone/integration-test/target/test-dir/MiniOzoneClusterImpl-bc27570d-a894-40b9-be9a-008fe3dc8683/datanode-1/data/ratis/839edd7b-d036-4bc5-89f8-95e284ff4f57
2023-04-02 14:01:31,432 [pool-251-thread-1] INFO  server.RaftServerConfigKeys (ConfUtils.java:logGet(46)) - raft.server.log.queue.byte-limit = 4294967296 (custom)
2023-04-02 14:01:31,432 [pool-251-thread-1] INFO  server.RaftServerConfigKeys (ConfUtils.java:logGet(46)) - raft.server.log.queue.element-limit = 1024 (custom)
2023-04-02 14:01:31,432 [pool-251-thread-1] INFO  server.RaftServerConfigKeys (ConfUtils.java:logGet(46)) - raft.server.log.segment.size.max = 1048576 (custom)
2023-04-02 14:01:31,432 [pool-251-thread-1] INFO  server.RaftServerConfigKeys (ConfUtils.java:logGet(46)) - raft.server.log.preallocated.size = 16384 (custom)
2023-04-02 14:01:31,432 [pool-251-thread-1] INFO  server.RaftServerConfigKeys (ConfUtils.java:logGet(46)) - raft.server.log.force.sync.num = 128 (default)
2023-04-02 14:01:31,433 [pool-251-thread-1] INFO  server.RaftServerConfigKeys (ConfUtils.java:logGet(46)) - raft.server.log.statemachine.data.sync = true (default)
2023-04-02 14:01:31,433 [pool-251-thread-1] INFO  server.RaftServerConfigKeys (ConfUtils.java:logGet(46)) - raft.server.log.statemachine.data.sync.timeout = 10s (default)
2023-04-02 14:01:31,433 [pool-251-thread-1] INFO  server.RaftServerConfigKeys (ConfUtils.java:logGet(46)) - raft.server.log.statemachine.data.sync.timeout.retry = -1 (default)
2023-04-02 14:01:31,433 [pool-251-thread-1] INFO  server.RaftServerConfigKeys (ConfUtils.java:logGet(46)) - raft.server.log.write.buffer.size = 1048576 (custom)
2023-04-02 14:01:31,434 [pool-251-thread-1] INFO  server.RaftServerConfigKeys (ConfUtils.java:logGet(46)) - raft.server.log.appender.buffer.byte-limit = 33554432 (custom)
2023-04-02 14:01:31,439 [pool-251-thread-1] INFO  server.RaftServerConfigKeys (ConfUtils.java:logGet(46)) - raft.server.log.unsafe-flush.enabled = false (default)
2023-04-02 14:01:31,440 [pool-251-thread-1] INFO  server.RaftServerConfigKeys (ConfUtils.java:logGet(46)) - raft.server.log.async-flush.enabled = false (default)
2023-04-02 14:01:31,440 [pool-251-thread-1] INFO  server.RaftServerConfigKeys (ConfUtils.java:logGet(46)) - raft.server.log.statemachine.data.caching.enabled = true (custom)
2023-04-02 14:01:31,440 [pool-251-thread-1] INFO  segmented.SegmentedRaftLogWorker (SegmentedRaftLogWorker.java:lambda$new$0(135)) - 2b490ca0-945f-4f4c-9e95-7ff37cc96b4c@group-95E284FF4F57-SegmentedRaftLogWorker: flushIndex: setUnconditionally 0 -> -1
2023-04-02 14:01:31,440 [pool-251-thread-1] INFO  segmented.SegmentedRaftLogWorker (SegmentedRaftLogWorker.java:lambda$new$0(135)) - 2b490ca0-945f-4f4c-9e95-7ff37cc96b4c@group-95E284FF4F57-SegmentedRaftLogWorker: safeCacheEvictIndex: setUnconditionally 0 -> -1
2023-04-02 14:01:31,440 [pool-251-thread-1] INFO  server.RaftServer$Division (RaftServerImpl.java:start(334)) - 2b490ca0-945f-4f4c-9e95-7ff37cc96b4c@group-95E284FF4F57: start as a follower, conf=-1: peers:[3598537c-2d2c-483e-9e41-f30068588b97|rpc:10.1.0.35:36519|dataStream:10.1.0.35:39781|priority:0|startupRole:FOLLOWER, 2b490ca0-945f-4f4c-9e95-7ff37cc96b4c|rpc:10.1.0.35:36527|dataStream:10.1.0.35:35243|priority:0|startupRole:FOLLOWER, 1fb39430-fcdd-414e-946c-d9923f8003ee|rpc:10.1.0.35:34435|dataStream:10.1.0.35:44291|priority:1|startupRole:FOLLOWER]|listeners:[], old=null
2023-04-02 14:01:31,440 [pool-251-thread-1] INFO  server.RaftServer$Division (RaftServerImpl.java:setRole(321)) - 2b490ca0-945f-4f4c-9e95-7ff37cc96b4c@group-95E284FF4F57: changes role from      null to FOLLOWER at term 0 for startAsFollower
2023-04-02 14:01:31,440 [pool-251-thread-1] INFO  impl.RoleInfo (RoleInfo.java:updateAndGet(139)) - 2b490ca0-945f-4f4c-9e95-7ff37cc96b4c: start 2b490ca0-945f-4f4c-9e95-7ff37cc96b4c@group-95E284FF4F57-FollowerState
2023-04-02 14:01:31,443 [pool-251-thread-1] INFO  util.JmxRegister (JmxRegister.java:tryRegister(44)) - Successfully registered JMX Bean with object name Ratis:service=RaftServer,group=group-95E284FF4F57,id=2b490ca0-945f-4f4c-9e95-7ff37cc96b4c
2023-04-02 14:01:31,443 [pool-251-thread-1] INFO  server.RaftServerConfigKeys (ConfUtils.java:logGet(46)) - raft.server.snapshot.auto.trigger.enabled = true (custom)
2023-04-02 14:01:31,443 [pool-251-thread-1] INFO  server.RaftServerConfigKeys (ConfUtils.java:logGet(46)) - raft.server.snapshot.auto.trigger.threshold = 1 (custom)
2023-04-02 14:01:31,443 [pool-251-thread-1] INFO  server.RaftServerConfigKeys (ConfUtils.java:logGet(46)) - raft.server.snapshot.retention.file.num = 5 (custom)
2023-04-02 14:01:31,443 [pool-251-thread-1] INFO  server.RaftServerConfigKeys (ConfUtils.java:logGet(46)) - raft.server.log.purge.upto.snapshot.index = false (default)
2023-04-02 14:01:31,444 [2b490ca0-945f-4f4c-9e95-7ff37cc96b4c@group-95E284FF4F57-FollowerState] INFO  server.RaftServerConfigKeys (ConfUtils.java:logFallback(53)) - raft.server.rpc.first-election.timeout.min = 5s (fallback to raft.server.rpc.timeout.min)
2023-04-02 14:01:31,444 [2b490ca0-945f-4f4c-9e95-7ff37cc96b4c@group-95E284FF4F57-FollowerState] INFO  server.RaftServerConfigKeys (ConfUtils.java:logFallback(53)) - raft.server.rpc.first-election.timeout.max = 5200ms (fallback to raft.server.rpc.timeout.max)
2023-04-02 14:01:31,468 [grpc-default-executor-0] INFO  server.RaftServer (RaftServerProxy.java:addNew(96)) - 1fb39430-fcdd-414e-946c-d9923f8003ee: addNew group-95E284FF4F57:[3598537c-2d2c-483e-9e41-f30068588b97|rpc:10.1.0.35:36519|dataStream:10.1.0.35:39781|priority:0|startupRole:FOLLOWER, 2b490ca0-945f-4f4c-9e95-7ff37cc96b4c|rpc:10.1.0.35:36527|dataStream:10.1.0.35:35243|priority:0|startupRole:FOLLOWER, 1fb39430-fcdd-414e-946c-d9923f8003ee|rpc:10.1.0.35:34435|dataStream:10.1.0.35:44291|priority:1|startupRole:FOLLOWER] returns group-95E284FF4F57:java.util.concurrent.CompletableFuture@6ee8c714[Not completed]
2023-04-02 14:01:31,470 [pool-273-thread-1] INFO  server.RaftServer$Division (RaftServerImpl.java:<init>(195)) - 1fb39430-fcdd-414e-946c-d9923f8003ee: new RaftServerImpl for group-95E284FF4F57:[3598537c-2d2c-483e-9e41-f30068588b97|rpc:10.1.0.35:36519|dataStream:10.1.0.35:39781|priority:0|startupRole:FOLLOWER, 2b490ca0-945f-4f4c-9e95-7ff37cc96b4c|rpc:10.1.0.35:36527|dataStream:10.1.0.35:35243|priority:0|startupRole:FOLLOWER, 1fb39430-fcdd-414e-946c-d9923f8003ee|rpc:10.1.0.35:34435|dataStream:10.1.0.35:44291|priority:1|startupRole:FOLLOWER] with ContainerStateMachine:uninitialized
2023-04-02 14:01:31,470 [pool-273-thread-1] INFO  server.RaftServerConfigKeys (ConfUtils.java:logGet(46)) - raft.server.rpc.timeout.min = 5s (custom)
2023-04-02 14:01:31,470 [pool-273-thread-1] INFO  server.RaftServerConfigKeys (ConfUtils.java:logGet(46)) - raft.server.rpc.timeout.max = 5200ms (custom)
2023-04-02 14:01:31,470 [pool-273-thread-1] INFO  server.RaftServerConfigKeys (ConfUtils.java:logGet(46)) - raft.server.rpc.sleep.time = 25ms (default)
2023-04-02 14:01:31,470 [pool-273-thread-1] INFO  server.RaftServerConfigKeys (ConfUtils.java:logGet(46)) - raft.server.rpc.slowness.timeout = 300000ms (custom)
2023-04-02 14:01:31,470 [pool-273-thread-1] INFO  server.RaftServerConfigKeys (ConfUtils.java:logGet(46)) - raft.server.leaderelection.leader.step-down.wait-time = 10s (default)
2023-04-02 14:01:31,471 [pool-273-thread-1] INFO  server.RaftServerConfigKeys (ConfUtils.java:logGet(46)) - raft.server.sleep.deviation.threshold = 300ms (default)
2023-04-02 14:01:31,471 [pool-273-thread-1] INFO  server.RaftServer$Division (ServerState.java:<init>(118)) - 1fb39430-fcdd-414e-946c-d9923f8003ee@group-95E284FF4F57: ConfigurationManager, init=-1: peers:[3598537c-2d2c-483e-9e41-f30068588b97|rpc:10.1.0.35:36519|dataStream:10.1.0.35:39781|priority:0|startupRole:FOLLOWER, 2b490ca0-945f-4f4c-9e95-7ff37cc96b4c|rpc:10.1.0.35:36527|dataStream:10.1.0.35:35243|priority:0|startupRole:FOLLOWER, 1fb39430-fcdd-414e-946c-d9923f8003ee|rpc:10.1.0.35:34435|dataStream:10.1.0.35:44291|priority:1|startupRole:FOLLOWER]|listeners:[], old=null, confs=<EMPTY_MAP>
2023-04-02 14:01:31,471 [pool-273-thread-1] INFO  server.RaftServerConfigKeys (ConfUtils.java:logGet(46)) - raft.server.storage.dir = [/home/runner/work/ozone/ozone/hadoop-ozone/integration-test/target/test-dir/MiniOzoneClusterImpl-bc27570d-a894-40b9-be9a-008fe3dc8683/datanode-2/data/ratis] (custom)
2023-04-02 14:01:31,471 [pool-273-thread-1] INFO  server.RaftServerConfigKeys (ConfUtils.java:logGet(46)) - raft.server.log.corruption.policy = EXCEPTION (default)
2023-04-02 14:01:31,471 [pool-273-thread-1] INFO  server.RaftServerConfigKeys (ConfUtils.java:logGet(46)) - raft.server.storage.free-space.min = 0MB (=0) (default)
2023-04-02 14:01:31,471 [pool-273-thread-1] INFO  server.RaftServerConfigKeys (ConfUtils.java:logGet(46)) - raft.server.notification.no-leader.timeout = 300000ms (custom)
2023-04-02 14:01:31,472 [pool-273-thread-1] INFO  server.RaftServerConfigKeys (ConfUtils.java:logGet(46)) - raft.server.retrycache.expirytime = 600000ms (custom)
2023-04-02 14:01:31,472 [pool-273-thread-1] INFO  server.RaftServerConfigKeys (ConfUtils.java:logGet(46)) - raft.server.retrycache.statistics.expirytime = 100μs (default)
2023-04-02 14:01:31,472 [pool-273-thread-1] INFO  server.RaftServerConfigKeys (ConfUtils.java:logGet(46)) - raft.server.log.appender.install.snapshot.enabled = false (custom)
2023-04-02 14:01:31,473 [pool-273-thread-1] INFO  server.RaftServerConfigKeys (ConfUtils.java:logGet(46)) - raft.server.threadpool.server.cached = true (default)
2023-04-02 14:01:31,473 [pool-273-thread-1] INFO  server.RaftServerConfigKeys (ConfUtils.java:logGet(46)) - raft.server.threadpool.server.size = 0 (default)
2023-04-02 14:01:31,473 [pool-273-thread-1] INFO  server.RaftServerConfigKeys (ConfUtils.java:logGet(46)) - raft.server.threadpool.client.cached = true (default)
2023-04-02 14:01:31,473 [pool-273-thread-1] INFO  server.RaftServerConfigKeys (ConfUtils.java:logGet(46)) - raft.server.threadpool.client.size = 0 (default)
2023-04-02 14:01:31,473 [pool-273-thread-1] INFO  storage.RaftStorageDirectory (RaftStorageDirectoryImpl.java:analyzeStorage(137)) - The storage directory /home/runner/work/ozone/ozone/hadoop-ozone/integration-test/target/test-dir/MiniOzoneClusterImpl-bc27570d-a894-40b9-be9a-008fe3dc8683/datanode-2/data/ratis/839edd7b-d036-4bc5-89f8-95e284ff4f57 does not exist. Creating ...
2023-04-02 14:01:31,474 [pool-273-thread-1] INFO  storage.RaftStorageDirectory (RaftStorageDirectoryImpl.java:tryLock(231)) - Lock on /home/runner/work/ozone/ozone/hadoop-ozone/integration-test/target/test-dir/MiniOzoneClusterImpl-bc27570d-a894-40b9-be9a-008fe3dc8683/datanode-2/data/ratis/839edd7b-d036-4bc5-89f8-95e284ff4f57/in_use.lock acquired by nodename 38458@fv-az449-305
2023-04-02 14:01:31,476 [pool-273-thread-1] INFO  storage.RaftStorage (RaftStorageImpl.java:format(96)) - Storage directory /home/runner/work/ozone/ozone/hadoop-ozone/integration-test/target/test-dir/MiniOzoneClusterImpl-bc27570d-a894-40b9-be9a-008fe3dc8683/datanode-2/data/ratis/839edd7b-d036-4bc5-89f8-95e284ff4f57 has been successfully formatted.
2023-04-02 14:01:31,476 [pool-273-thread-1] INFO  ratis.ContainerStateMachine (ContainerStateMachine.java:loadSnapshot(262)) - group-95E284FF4F57: The snapshot info is null. Setting the last applied indexto:(t:0, i:~)
2023-04-02 14:01:31,476 [pool-273-thread-1] INFO  server.RaftServerConfigKeys (ConfUtils.java:logGet(46)) - raft.server.log.use.memory = false (default)
2023-04-02 14:01:31,476 [pool-273-thread-1] INFO  server.RaftServerConfigKeys (ConfUtils.java:logGet(46)) - raft.server.log.purge.gap = 1000000 (custom)
2023-04-02 14:01:31,477 [pool-273-thread-1] INFO  server.RaftServerConfigKeys (ConfUtils.java:logGet(46)) - raft.server.log.appender.buffer.byte-limit = 33554432 (custom)
2023-04-02 14:01:31,477 [pool-273-thread-1] INFO  server.RaftServerConfigKeys (ConfUtils.java:logGet(46)) - raft.server.log.statemachine.data.read.timeout = 1000ms (default)
2023-04-02 14:01:31,478 [pool-273-thread-1] INFO  server.RaftServerConfigKeys (ConfUtils.java:logGet(46)) - raft.server.log.purge.preservation.log.num = 0 (default)
2023-04-02 14:01:31,478 [pool-273-thread-1] INFO  server.RaftServerConfigKeys (ConfUtils.java:logGet(46)) - raft.server.log.segment.size.max = 1048576 (custom)
2023-04-02 14:01:31,479 [pool-273-thread-1] INFO  server.RaftServerConfigKeys (ConfUtils.java:logGet(46)) - raft.server.log.segment.cache.num.max = 2 (custom)
2023-04-02 14:01:31,479 [pool-273-thread-1] INFO  server.RaftServerConfigKeys (ConfUtils.java:logGet(46)) - raft.server.log.segment.cache.size.max = 200MB (=209715200) (default)
2023-04-02 14:01:31,479 [pool-273-thread-1] INFO  segmented.SegmentedRaftLogWorker (SegmentedRaftLogWorker.java:<init>(189)) - new 1fb39430-fcdd-414e-946c-d9923f8003ee@group-95E284FF4F57-SegmentedRaftLogWorker for RaftStorageImpl:Storage Directory /home/runner/work/ozone/ozone/hadoop-ozone/integration-test/target/test-dir/MiniOzoneClusterImpl-bc27570d-a894-40b9-be9a-008fe3dc8683/datanode-2/data/ratis/839edd7b-d036-4bc5-89f8-95e284ff4f57
2023-04-02 14:01:31,479 [pool-273-thread-1] INFO  server.RaftServerConfigKeys (ConfUtils.java:logGet(46)) - raft.server.log.queue.byte-limit = 4294967296 (custom)
2023-04-02 14:01:31,479 [pool-273-thread-1] INFO  server.RaftServerConfigKeys (ConfUtils.java:logGet(46)) - raft.server.log.queue.element-limit = 1024 (custom)
2023-04-02 14:01:31,479 [pool-273-thread-1] INFO  server.RaftServerConfigKeys (ConfUtils.java:logGet(46)) - raft.server.log.segment.size.max = 1048576 (custom)
2023-04-02 14:01:31,479 [pool-273-thread-1] INFO  server.RaftServerConfigKeys (ConfUtils.java:logGet(46)) - raft.server.log.preallocated.size = 16384 (custom)
2023-04-02 14:01:31,479 [pool-273-thread-1] INFO  server.RaftServerConfigKeys (ConfUtils.java:logGet(46)) - raft.server.log.force.sync.num = 128 (default)
2023-04-02 14:01:31,479 [pool-273-thread-1] INFO  server.RaftServerConfigKeys (ConfUtils.java:logGet(46)) - raft.server.log.statemachine.data.sync = true (default)
2023-04-02 14:01:31,479 [pool-273-thread-1] INFO  server.RaftServerConfigKeys (ConfUtils.java:logGet(46)) - raft.server.log.statemachine.data.sync.timeout = 10s (default)
2023-04-02 14:01:31,479 [pool-273-thread-1] INFO  server.RaftServerConfigKeys (ConfUtils.java:logGet(46)) - raft.server.log.statemachine.data.sync.timeout.retry = -1 (default)
2023-04-02 14:01:31,480 [pool-273-thread-1] INFO  server.RaftServerConfigKeys (ConfUtils.java:logGet(46)) - raft.server.log.write.buffer.size = 1048576 (custom)
2023-04-02 14:01:31,480 [pool-273-thread-1] INFO  server.RaftServerConfigKeys (ConfUtils.java:logGet(46)) - raft.server.log.appender.buffer.byte-limit = 33554432 (custom)
2023-04-02 14:01:31,741 [pool-251-thread-1] INFO  server.RaftServer$Division (RaftServerImpl.java:<init>(195)) - 2b490ca0-945f-4f4c-9e95-7ff37cc96b4c: new RaftServerImpl for group-425F6AD3A5B2:[2b490ca0-945f-4f4c-9e95-7ff37cc96b4c|rpc:10.1.0.35:36527|dataStream:10.1.0.35:35243|priority:1|startupRole:FOLLOWER] with ContainerStateMachine:uninitialized
2023-04-02 14:01:31,741 [pool-251-thread-1] INFO  server.RaftServerConfigKeys (ConfUtils.java:logGet(46)) - raft.server.rpc.timeout.min = 5s (custom)
2023-04-02 14:01:31,741 [pool-251-thread-1] INFO  server.RaftServerConfigKeys (ConfUtils.java:logGet(46)) - raft.server.rpc.timeout.max = 5200ms (custom)
2023-04-02 14:01:31,741 [pool-251-thread-1] INFO  server.RaftServerConfigKeys (ConfUtils.java:logGet(46)) - raft.server.rpc.sleep.time = 25ms (default)
2023-04-02 14:01:31,741 [pool-251-thread-1] INFO  server.RaftServerConfigKeys (ConfUtils.java:logGet(46)) - raft.server.rpc.slowness.timeout = 300000ms (custom)
2023-04-02 14:01:31,741 [pool-251-thread-1] INFO  server.RaftServerConfigKeys (ConfUtils.java:logGet(46)) - raft.server.leaderelection.leader.step-down.wait-time = 10s (default)
2023-04-02 14:01:31,741 [pool-251-thread-1] INFO  server.RaftServerConfigKeys (ConfUtils.java:logGet(46)) - raft.server.sleep.deviation.threshold = 300ms (default)
2023-04-02 14:01:31,741 [pool-251-thread-1] INFO  server.RaftServer$Division (ServerState.java:<init>(118)) - 2b490ca0-945f-4f4c-9e95-7ff37cc96b4c@group-425F6AD3A5B2: ConfigurationManager, init=-1: peers:[2b490ca0-945f-4f4c-9e95-7ff37cc96b4c|rpc:10.1.0.35:36527|dataStream:10.1.0.35:35243|priority:1|startupRole:FOLLOWER]|listeners:[], old=null, confs=<EMPTY_MAP>
2023-04-02 14:01:31,741 [pool-251-thread-1] INFO  server.RaftServerConfigKeys (ConfUtils.java:logGet(46)) - raft.server.storage.dir = [/home/runner/work/ozone/ozone/hadoop-ozone/integration-test/target/test-dir/MiniOzoneClusterImpl-bc27570d-a894-40b9-be9a-008fe3dc8683/datanode-1/data/ratis] (custom)
2023-04-02 14:01:31,742 [pool-251-thread-1] INFO  server.RaftServerConfigKeys (ConfUtils.java:logGet(46)) - raft.server.log.corruption.policy = EXCEPTION (default)
2023-04-02 14:01:31,742 [pool-251-thread-1] INFO  server.RaftServerConfigKeys (ConfUtils.java:logGet(46)) - raft.server.storage.free-space.min = 0MB (=0) (default)
2023-04-02 14:01:31,742 [Command processor thread] INFO  server.RaftServer (RaftServerProxy.java:addNew(96)) - 2b490ca0-945f-4f4c-9e95-7ff37cc96b4c: addNew group-425F6AD3A5B2:[2b490ca0-945f-4f4c-9e95-7ff37cc96b4c|rpc:10.1.0.35:36527|dataStream:10.1.0.35:35243|priority:1|startupRole:FOLLOWER] returns group-425F6AD3A5B2:java.util.concurrent.CompletableFuture@420b0920[Not completed]
2023-04-02 14:01:31,742 [pool-251-thread-1] INFO  server.RaftServerConfigKeys (ConfUtils.java:logGet(46)) - raft.server.notification.no-leader.timeout = 300000ms (custom)
2023-04-02 14:01:31,742 [pool-251-thread-1] INFO  server.RaftServerConfigKeys (ConfUtils.java:logGet(46)) - raft.server.retrycache.expirytime = 600000ms (custom)
2023-04-02 14:01:31,743 [pool-251-thread-1] INFO  server.RaftServerConfigKeys (ConfUtils.java:logGet(46)) - raft.server.retrycache.statistics.expirytime = 100μs (default)
2023-04-02 14:01:31,747 [EventQueue-OpenPipelineForHealthyPipelineSafeModeRule] INFO  safemode.SCMSafeModeManager (HealthyPipelineSafeModeRule.java:process(137)) - SCM in safe mode. Healthy pipelines reported count is 0, required healthy pipeline reported count is 1
2023-04-02 14:01:31,748 [pool-273-thread-1] INFO  server.RaftServerConfigKeys (ConfUtils.java:logGet(46)) - raft.server.log.unsafe-flush.enabled = false (default)
2023-04-02 14:01:31,748 [pool-273-thread-1] INFO  server.RaftServerConfigKeys (ConfUtils.java:logGet(46)) - raft.server.log.async-flush.enabled = false (default)
2023-04-02 14:01:31,748 [pool-251-thread-1] INFO  server.RaftServerConfigKeys (ConfUtils.java:logGet(46)) - raft.server.log.appender.install.snapshot.enabled = false (custom)
2023-04-02 14:01:31,749 [pool-273-thread-1] INFO  server.RaftServerConfigKeys (ConfUtils.java:logGet(46)) - raft.server.log.statemachine.data.caching.enabled = true (custom)
2023-04-02 14:01:31,749 [pool-251-thread-1] INFO  server.RaftServerConfigKeys (ConfUtils.java:logGet(46)) - raft.server.threadpool.server.cached = true (default)
2023-04-02 14:01:31,750 [pool-251-thread-1] INFO  server.RaftServerConfigKeys (ConfUtils.java:logGet(46)) - raft.server.threadpool.server.size = 0 (default)
2023-04-02 14:01:31,750 [pool-273-thread-1] INFO  segmented.SegmentedRaftLogWorker (SegmentedRaftLogWorker.java:lambda$new$0(135)) - 1fb39430-fcdd-414e-946c-d9923f8003ee@group-95E284FF4F57-SegmentedRaftLogWorker: flushIndex: setUnconditionally 0 -> -1
2023-04-02 14:01:31,751 [pool-273-thread-1] INFO  segmented.SegmentedRaftLogWorker (SegmentedRaftLogWorker.java:lambda$new$0(135)) - 1fb39430-fcdd-414e-946c-d9923f8003ee@group-95E284FF4F57-SegmentedRaftLogWorker: safeCacheEvictIndex: setUnconditionally 0 -> -1
2023-04-02 14:01:31,752 [pool-273-thread-1] INFO  server.RaftServer$Division (RaftServerImpl.java:start(334)) - 1fb39430-fcdd-414e-946c-d9923f8003ee@group-95E284FF4F57: start as a follower, conf=-1: peers:[3598537c-2d2c-483e-9e41-f30068588b97|rpc:10.1.0.35:36519|dataStream:10.1.0.35:39781|priority:0|startupRole:FOLLOWER, 2b490ca0-945f-4f4c-9e95-7ff37cc96b4c|rpc:10.1.0.35:36527|dataStream:10.1.0.35:35243|priority:0|startupRole:FOLLOWER, 1fb39430-fcdd-414e-946c-d9923f8003ee|rpc:10.1.0.35:34435|dataStream:10.1.0.35:44291|priority:1|startupRole:FOLLOWER]|listeners:[], old=null
2023-04-02 14:01:31,752 [pool-273-thread-1] INFO  server.RaftServer$Division (RaftServerImpl.java:setRole(321)) - 1fb39430-fcdd-414e-946c-d9923f8003ee@group-95E284FF4F57: changes role from      null to FOLLOWER at term 0 for startAsFollower
2023-04-02 14:01:31,753 [pool-273-thread-1] INFO  impl.RoleInfo (RoleInfo.java:updateAndGet(139)) - 1fb39430-fcdd-414e-946c-d9923f8003ee: start 1fb39430-fcdd-414e-946c-d9923f8003ee@group-95E284FF4F57-FollowerState
2023-04-02 14:01:31,753 [pool-273-thread-1] INFO  util.JmxRegister (JmxRegister.java:tryRegister(44)) - Successfully registered JMX Bean with object name Ratis:service=RaftServer,group=group-95E284FF4F57,id=1fb39430-fcdd-414e-946c-d9923f8003ee
2023-04-02 14:01:31,750 [pool-251-thread-1] INFO  server.RaftServerConfigKeys (ConfUtils.java:logGet(46)) - raft.server.threadpool.client.cached = true (default)
2023-04-02 14:01:31,753 [pool-251-thread-1] INFO  server.RaftServerConfigKeys (ConfUtils.java:logGet(46)) - raft.server.threadpool.client.size = 0 (default)
2023-04-02 14:01:31,753 [pool-251-thread-1] INFO  storage.RaftStorageDirectory (RaftStorageDirectoryImpl.java:analyzeStorage(137)) - The storage directory /home/runner/work/ozone/ozone/hadoop-ozone/integration-test/target/test-dir/MiniOzoneClusterImpl-bc27570d-a894-40b9-be9a-008fe3dc8683/datanode-1/data/ratis/dfbee987-4d80-44c0-af2d-425f6ad3a5b2 does not exist. Creating ...
2023-04-02 14:01:31,753 [pool-273-thread-1] INFO  server.RaftServerConfigKeys (ConfUtils.java:logGet(46)) - raft.server.snapshot.auto.trigger.enabled = true (custom)
2023-04-02 14:01:31,754 [pool-273-thread-1] INFO  server.RaftServerConfigKeys (ConfUtils.java:logGet(46)) - raft.server.snapshot.auto.trigger.threshold = 1 (custom)
2023-04-02 14:01:31,754 [1fb39430-fcdd-414e-946c-d9923f8003ee@group-95E284FF4F57-FollowerState] INFO  server.RaftServerConfigKeys (ConfUtils.java:logFallback(53)) - raft.server.rpc.first-election.timeout.min = 5s (fallback to raft.server.rpc.timeout.min)
2023-04-02 14:01:31,755 [1fb39430-fcdd-414e-946c-d9923f8003ee@group-95E284FF4F57-FollowerState] INFO  server.RaftServerConfigKeys (ConfUtils.java:logFallback(53)) - raft.server.rpc.first-election.timeout.max = 5200ms (fallback to raft.server.rpc.timeout.max)
2023-04-02 14:01:31,754 [pool-273-thread-1] INFO  server.RaftServerConfigKeys (ConfUtils.java:logGet(46)) - raft.server.snapshot.retention.file.num = 5 (custom)
2023-04-02 14:01:31,755 [pool-273-thread-1] INFO  server.RaftServerConfigKeys (ConfUtils.java:logGet(46)) - raft.server.log.purge.upto.snapshot.index = false (default)
2023-04-02 14:01:31,756 [pool-251-thread-1] INFO  storage.RaftStorageDirectory (RaftStorageDirectoryImpl.java:tryLock(231)) - Lock on /home/runner/work/ozone/ozone/hadoop-ozone/integration-test/target/test-dir/MiniOzoneClusterImpl-bc27570d-a894-40b9-be9a-008fe3dc8683/datanode-1/data/ratis/dfbee987-4d80-44c0-af2d-425f6ad3a5b2/in_use.lock acquired by nodename 38458@fv-az449-305
2023-04-02 14:01:31,757 [pool-251-thread-1] INFO  storage.RaftStorage (RaftStorageImpl.java:format(96)) - Storage directory /home/runner/work/ozone/ozone/hadoop-ozone/integration-test/target/test-dir/MiniOzoneClusterImpl-bc27570d-a894-40b9-be9a-008fe3dc8683/datanode-1/data/ratis/dfbee987-4d80-44c0-af2d-425f6ad3a5b2 has been successfully formatted.
2023-04-02 14:01:31,758 [pool-251-thread-1] INFO  ratis.ContainerStateMachine (ContainerStateMachine.java:loadSnapshot(262)) - group-425F6AD3A5B2: The snapshot info is null. Setting the last applied indexto:(t:0, i:~)
2023-04-02 14:01:31,759 [pool-251-thread-1] INFO  server.RaftServerConfigKeys (ConfUtils.java:logGet(46)) - raft.server.log.use.memory = false (default)
2023-04-02 14:01:31,759 [pool-251-thread-1] INFO  server.RaftServerConfigKeys (ConfUtils.java:logGet(46)) - raft.server.log.purge.gap = 1000000 (custom)
2023-04-02 14:01:31,759 [pool-251-thread-1] INFO  server.RaftServerConfigKeys (ConfUtils.java:logGet(46)) - raft.server.log.appender.buffer.byte-limit = 33554432 (custom)
2023-04-02 14:01:31,759 [pool-251-thread-1] INFO  server.RaftServerConfigKeys (ConfUtils.java:logGet(46)) - raft.server.log.statemachine.data.read.timeout = 1000ms (default)
2023-04-02 14:01:31,759 [pool-251-thread-1] INFO  server.RaftServerConfigKeys (ConfUtils.java:logGet(46)) - raft.server.log.purge.preservation.log.num = 0 (default)
2023-04-02 14:01:31,759 [pool-251-thread-1] INFO  server.RaftServerConfigKeys (ConfUtils.java:logGet(46)) - raft.server.log.segment.size.max = 1048576 (custom)
2023-04-02 14:01:31,759 [pool-251-thread-1] INFO  server.RaftServerConfigKeys (ConfUtils.java:logGet(46)) - raft.server.log.segment.cache.num.max = 2 (custom)
2023-04-02 14:01:31,759 [pool-251-thread-1] INFO  server.RaftServerConfigKeys (ConfUtils.java:logGet(46)) - raft.server.log.segment.cache.size.max = 200MB (=209715200) (default)
2023-04-02 14:01:31,760 [pool-251-thread-1] INFO  segmented.SegmentedRaftLogWorker (SegmentedRaftLogWorker.java:<init>(189)) - new 2b490ca0-945f-4f4c-9e95-7ff37cc96b4c@group-425F6AD3A5B2-SegmentedRaftLogWorker for RaftStorageImpl:Storage Directory /home/runner/work/ozone/ozone/hadoop-ozone/integration-test/target/test-dir/MiniOzoneClusterImpl-bc27570d-a894-40b9-be9a-008fe3dc8683/datanode-1/data/ratis/dfbee987-4d80-44c0-af2d-425f6ad3a5b2
2023-04-02 14:01:31,760 [pool-251-thread-1] INFO  server.RaftServerConfigKeys (ConfUtils.java:logGet(46)) - raft.server.log.queue.byte-limit = 4294967296 (custom)
2023-04-02 14:01:31,760 [pool-251-thread-1] INFO  server.RaftServerConfigKeys (ConfUtils.java:logGet(46)) - raft.server.log.queue.element-limit = 1024 (custom)
2023-04-02 14:01:31,760 [pool-251-thread-1] INFO  server.RaftServerConfigKeys (ConfUtils.java:logGet(46)) - raft.server.log.segment.size.max = 1048576 (custom)
2023-04-02 14:01:31,760 [pool-251-thread-1] INFO  server.RaftServerConfigKeys (ConfUtils.java:logGet(46)) - raft.server.log.preallocated.size = 16384 (custom)
2023-04-02 14:01:31,760 [EventQueue-PipelineReportForPipelineReportHandler] INFO  pipeline.PipelineManagerImpl (PipelineManagerImpl.java:openPipeline(367)) - Pipeline Pipeline[ Id: dfbee987-4d80-44c0-af2d-425f6ad3a5b2, Nodes: 2b490ca0-945f-4f4c-9e95-7ff37cc96b4c(fv-az449-305.jvjgdiodbn4ungrcbaap0pmvbb.dx.internal.cloudapp.net/10.1.0.35), ReplicationConfig: RATIS/ONE, State:ALLOCATED, leaderId:2b490ca0-945f-4f4c-9e95-7ff37cc96b4c, CreationTimestamp2023-04-02T14:01:28.730Z[Etc/UTC]] moved to OPEN state
2023-04-02 14:01:31,763 [EventQueue-OpenPipelineForHealthyPipelineSafeModeRule] INFO  safemode.SCMSafeModeManager (HealthyPipelineSafeModeRule.java:process(137)) - SCM in safe mode. Healthy pipelines reported count is 0, required healthy pipeline reported count is 1
2023-04-02 14:01:31,764 [pool-251-thread-1] INFO  server.RaftServerConfigKeys (ConfUtils.java:logGet(46)) - raft.server.log.force.sync.num = 128 (default)
2023-04-02 14:01:31,764 [pool-251-thread-1] INFO  server.RaftServerConfigKeys (ConfUtils.java:logGet(46)) - raft.server.log.statemachine.data.sync = true (default)
2023-04-02 14:01:31,764 [pool-251-thread-1] INFO  server.RaftServerConfigKeys (ConfUtils.java:logGet(46)) - raft.server.log.statemachine.data.sync.timeout = 10s (default)
2023-04-02 14:01:31,764 [pool-251-thread-1] INFO  server.RaftServerConfigKeys (ConfUtils.java:logGet(46)) - raft.server.log.statemachine.data.sync.timeout.retry = -1 (default)
2023-04-02 14:01:31,765 [pool-251-thread-1] INFO  server.RaftServerConfigKeys (ConfUtils.java:logGet(46)) - raft.server.log.write.buffer.size = 1048576 (custom)
2023-04-02 14:01:31,766 [pool-251-thread-1] INFO  server.RaftServerConfigKeys (ConfUtils.java:logGet(46)) - raft.server.log.appender.buffer.byte-limit = 33554432 (custom)
2023-04-02 14:01:31,772 [pool-251-thread-1] INFO  server.RaftServerConfigKeys (ConfUtils.java:logGet(46)) - raft.server.log.unsafe-flush.enabled = false (default)
2023-04-02 14:01:31,772 [pool-251-thread-1] INFO  server.RaftServerConfigKeys (ConfUtils.java:logGet(46)) - raft.server.log.async-flush.enabled = false (default)
2023-04-02 14:01:31,772 [pool-251-thread-1] INFO  server.RaftServerConfigKeys (ConfUtils.java:logGet(46)) - raft.server.log.statemachine.data.caching.enabled = true (custom)
2023-04-02 14:01:31,772 [pool-251-thread-1] INFO  segmented.SegmentedRaftLogWorker (SegmentedRaftLogWorker.java:lambda$new$0(135)) - 2b490ca0-945f-4f4c-9e95-7ff37cc96b4c@group-425F6AD3A5B2-SegmentedRaftLogWorker: flushIndex: setUnconditionally 0 -> -1
2023-04-02 14:01:31,772 [pool-251-thread-1] INFO  segmented.SegmentedRaftLogWorker (SegmentedRaftLogWorker.java:lambda$new$0(135)) - 2b490ca0-945f-4f4c-9e95-7ff37cc96b4c@group-425F6AD3A5B2-SegmentedRaftLogWorker: safeCacheEvictIndex: setUnconditionally 0 -> -1
2023-04-02 14:01:31,774 [pool-251-thread-1] INFO  server.RaftServer$Division (RaftServerImpl.java:start(334)) - 2b490ca0-945f-4f4c-9e95-7ff37cc96b4c@group-425F6AD3A5B2: start as a follower, conf=-1: peers:[2b490ca0-945f-4f4c-9e95-7ff37cc96b4c|rpc:10.1.0.35:36527|dataStream:10.1.0.35:35243|priority:1|startupRole:FOLLOWER]|listeners:[], old=null
2023-04-02 14:01:31,774 [pool-251-thread-1] INFO  server.RaftServer$Division (RaftServerImpl.java:setRole(321)) - 2b490ca0-945f-4f4c-9e95-7ff37cc96b4c@group-425F6AD3A5B2: changes role from      null to FOLLOWER at term 0 for startAsFollower
2023-04-02 14:01:31,774 [pool-251-thread-1] INFO  impl.RoleInfo (RoleInfo.java:updateAndGet(139)) - 2b490ca0-945f-4f4c-9e95-7ff37cc96b4c: start 2b490ca0-945f-4f4c-9e95-7ff37cc96b4c@group-425F6AD3A5B2-FollowerState
2023-04-02 14:01:31,775 [pool-251-thread-1] INFO  util.JmxRegister (JmxRegister.java:tryRegister(44)) - Successfully registered JMX Bean with object name Ratis:service=RaftServer,group=group-425F6AD3A5B2,id=2b490ca0-945f-4f4c-9e95-7ff37cc96b4c
2023-04-02 14:01:31,775 [pool-251-thread-1] INFO  server.RaftServerConfigKeys (ConfUtils.java:logGet(46)) - raft.server.snapshot.auto.trigger.enabled = true (custom)
2023-04-02 14:01:31,775 [pool-251-thread-1] INFO  server.RaftServerConfigKeys (ConfUtils.java:logGet(46)) - raft.server.snapshot.auto.trigger.threshold = 1 (custom)
2023-04-02 14:01:31,775 [pool-251-thread-1] INFO  server.RaftServerConfigKeys (ConfUtils.java:logGet(46)) - raft.server.snapshot.retention.file.num = 5 (custom)
2023-04-02 14:01:31,775 [pool-251-thread-1] INFO  server.RaftServerConfigKeys (ConfUtils.java:logGet(46)) - raft.server.log.purge.upto.snapshot.index = false (default)
2023-04-02 14:01:31,776 [Command processor thread] INFO  ratis.XceiverServerRatis (XceiverServerRatis.java:addGroup(806)) - Created group PipelineID=dfbee987-4d80-44c0-af2d-425f6ad3a5b2
2023-04-02 14:01:31,776 [Command processor thread] INFO  commandhandler.CreatePipelineCommandHandler (CreatePipelineCommandHandler.java:handle(113)) - Created Pipeline RATIS ONE PipelineID=dfbee987-4d80-44c0-af2d-425f6ad3a5b2.
2023-04-02 14:01:31,776 [Command processor thread] INFO  server.RaftServer (RaftServerProxy.java:addNew(96)) - 2b490ca0-945f-4f4c-9e95-7ff37cc96b4c: addNew group-FBA78F54F0CD:[2b490ca0-945f-4f4c-9e95-7ff37cc96b4c|rpc:10.1.0.35:36527|dataStream:10.1.0.35:35243|priority:0|startupRole:FOLLOWER, 3598537c-2d2c-483e-9e41-f30068588b97|rpc:10.1.0.35:36519|dataStream:10.1.0.35:39781|priority:1|startupRole:FOLLOWER, 1fb39430-fcdd-414e-946c-d9923f8003ee|rpc:10.1.0.35:34435|dataStream:10.1.0.35:44291|priority:0|startupRole:FOLLOWER] returns group-FBA78F54F0CD:java.util.concurrent.CompletableFuture@4cccef11[Not completed]
2023-04-02 14:01:31,777 [pool-251-thread-1] INFO  server.RaftServer$Division (RaftServerImpl.java:<init>(195)) - 2b490ca0-945f-4f4c-9e95-7ff37cc96b4c: new RaftServerImpl for group-FBA78F54F0CD:[2b490ca0-945f-4f4c-9e95-7ff37cc96b4c|rpc:10.1.0.35:36527|dataStream:10.1.0.35:35243|priority:0|startupRole:FOLLOWER, 3598537c-2d2c-483e-9e41-f30068588b97|rpc:10.1.0.35:36519|dataStream:10.1.0.35:39781|priority:1|startupRole:FOLLOWER, 1fb39430-fcdd-414e-946c-d9923f8003ee|rpc:10.1.0.35:34435|dataStream:10.1.0.35:44291|priority:0|startupRole:FOLLOWER] with ContainerStateMachine:uninitialized
2023-04-02 14:01:31,777 [pool-251-thread-1] INFO  server.RaftServerConfigKeys (ConfUtils.java:logGet(46)) - raft.server.rpc.timeout.min = 5s (custom)
2023-04-02 14:01:31,777 [pool-251-thread-1] INFO  server.RaftServerConfigKeys (ConfUtils.java:logGet(46)) - raft.server.rpc.timeout.max = 5200ms (custom)
2023-04-02 14:01:31,777 [pool-251-thread-1] INFO  server.RaftServerConfigKeys (ConfUtils.java:logGet(46)) - raft.server.rpc.sleep.time = 25ms (default)
2023-04-02 14:01:31,777 [pool-251-thread-1] INFO  server.RaftServerConfigKeys (ConfUtils.java:logGet(46)) - raft.server.rpc.slowness.timeout = 300000ms (custom)
2023-04-02 14:01:31,777 [pool-251-thread-1] INFO  server.RaftServerConfigKeys (ConfUtils.java:logGet(46)) - raft.server.leaderelection.leader.step-down.wait-time = 10s (default)
2023-04-02 14:01:31,777 [pool-251-thread-1] INFO  server.RaftServerConfigKeys (ConfUtils.java:logGet(46)) - raft.server.sleep.deviation.threshold = 300ms (default)
2023-04-02 14:01:31,777 [pool-251-thread-1] INFO  server.RaftServer$Division (ServerState.java:<init>(118)) - 2b490ca0-945f-4f4c-9e95-7ff37cc96b4c@group-FBA78F54F0CD: ConfigurationManager, init=-1: peers:[2b490ca0-945f-4f4c-9e95-7ff37cc96b4c|rpc:10.1.0.35:36527|dataStream:10.1.0.35:35243|priority:0|startupRole:FOLLOWER, 3598537c-2d2c-483e-9e41-f30068588b97|rpc:10.1.0.35:36519|dataStream:10.1.0.35:39781|priority:1|startupRole:FOLLOWER, 1fb39430-fcdd-414e-946c-d9923f8003ee|rpc:10.1.0.35:34435|dataStream:10.1.0.35:44291|priority:0|startupRole:FOLLOWER]|listeners:[], old=null, confs=<EMPTY_MAP>
2023-04-02 14:01:31,778 [pool-251-thread-1] INFO  server.RaftServerConfigKeys (ConfUtils.java:logGet(46)) - raft.server.storage.dir = [/home/runner/work/ozone/ozone/hadoop-ozone/integration-test/target/test-dir/MiniOzoneClusterImpl-bc27570d-a894-40b9-be9a-008fe3dc8683/datanode-1/data/ratis] (custom)
2023-04-02 14:01:31,778 [pool-251-thread-1] INFO  server.RaftServerConfigKeys (ConfUtils.java:logGet(46)) - raft.server.log.corruption.policy = EXCEPTION (default)
2023-04-02 14:01:31,778 [pool-251-thread-1] INFO  server.RaftServerConfigKeys (ConfUtils.java:logGet(46)) - raft.server.storage.free-space.min = 0MB (=0) (default)
2023-04-02 14:01:31,778 [pool-251-thread-1] INFO  server.RaftServerConfigKeys (ConfUtils.java:logGet(46)) - raft.server.notification.no-leader.timeout = 300000ms (custom)
2023-04-02 14:01:31,778 [pool-251-thread-1] INFO  server.RaftServerConfigKeys (ConfUtils.java:logGet(46)) - raft.server.retrycache.expirytime = 600000ms (custom)
2023-04-02 14:01:31,778 [pool-251-thread-1] INFO  server.RaftServerConfigKeys (ConfUtils.java:logGet(46)) - raft.server.retrycache.statistics.expirytime = 100μs (default)
2023-04-02 14:01:31,779 [pool-251-thread-1] INFO  server.RaftServerConfigKeys (ConfUtils.java:logGet(46)) - raft.server.log.appender.install.snapshot.enabled = false (custom)
2023-04-02 14:01:31,779 [pool-251-thread-1] INFO  server.RaftServerConfigKeys (ConfUtils.java:logGet(46)) - raft.server.threadpool.server.cached = true (default)
2023-04-02 14:01:31,779 [pool-251-thread-1] INFO  server.RaftServerConfigKeys (ConfUtils.java:logGet(46)) - raft.server.threadpool.server.size = 0 (default)
2023-04-02 14:01:31,779 [pool-251-thread-1] INFO  server.RaftServerConfigKeys (ConfUtils.java:logGet(46)) - raft.server.threadpool.client.cached = true (default)
2023-04-02 14:01:31,779 [pool-251-thread-1] INFO  server.RaftServerConfigKeys (ConfUtils.java:logGet(46)) - raft.server.threadpool.client.size = 0 (default)
2023-04-02 14:01:31,779 [pool-251-thread-1] INFO  storage.RaftStorageDirectory (RaftStorageDirectoryImpl.java:analyzeStorage(137)) - The storage directory /home/runner/work/ozone/ozone/hadoop-ozone/integration-test/target/test-dir/MiniOzoneClusterImpl-bc27570d-a894-40b9-be9a-008fe3dc8683/datanode-1/data/ratis/dc6348e2-1b98-4f5a-99be-fba78f54f0cd does not exist. Creating ...
2023-04-02 14:01:31,781 [pool-251-thread-1] INFO  storage.RaftStorageDirectory (RaftStorageDirectoryImpl.java:tryLock(231)) - Lock on /home/runner/work/ozone/ozone/hadoop-ozone/integration-test/target/test-dir/MiniOzoneClusterImpl-bc27570d-a894-40b9-be9a-008fe3dc8683/datanode-1/data/ratis/dc6348e2-1b98-4f5a-99be-fba78f54f0cd/in_use.lock acquired by nodename 38458@fv-az449-305
2023-04-02 14:01:31,786 [Command processor thread] INFO  commandhandler.CreatePipelineCommandHandler (CreatePipelineCommandHandler.java:handle(113)) - Created Pipeline RATIS THREE PipelineID=839edd7b-d036-4bc5-89f8-95e284ff4f57.
2023-04-02 14:01:31,786 [Command processor thread] INFO  server.RaftServer (RaftServerProxy.java:addNew(96)) - 3598537c-2d2c-483e-9e41-f30068588b97: addNew group-FBA78F54F0CD:[2b490ca0-945f-4f4c-9e95-7ff37cc96b4c|rpc:10.1.0.35:36527|dataStream:10.1.0.35:35243|priority:0|startupRole:FOLLOWER, 3598537c-2d2c-483e-9e41-f30068588b97|rpc:10.1.0.35:36519|dataStream:10.1.0.35:39781|priority:1|startupRole:FOLLOWER, 1fb39430-fcdd-414e-946c-d9923f8003ee|rpc:10.1.0.35:34435|dataStream:10.1.0.35:44291|priority:0|startupRole:FOLLOWER] returns group-FBA78F54F0CD:java.util.concurrent.CompletableFuture@6559ef69[Not completed]
2023-04-02 14:01:31,782 [2b490ca0-945f-4f4c-9e95-7ff37cc96b4c@group-425F6AD3A5B2-FollowerState] INFO  server.RaftServerConfigKeys (ConfUtils.java:logFallback(53)) - raft.server.rpc.first-election.timeout.min = 5s (fallback to raft.server.rpc.timeout.min)
2023-04-02 14:01:31,786 [2b490ca0-945f-4f4c-9e95-7ff37cc96b4c@group-425F6AD3A5B2-FollowerState] INFO  server.RaftServerConfigKeys (ConfUtils.java:logFallback(53)) - raft.server.rpc.first-election.timeout.max = 5200ms (fallback to raft.server.rpc.timeout.max)
2023-04-02 14:01:31,787 [pool-229-thread-1] INFO  server.RaftServer$Division (RaftServerImpl.java:<init>(195)) - 3598537c-2d2c-483e-9e41-f30068588b97: new RaftServerImpl for group-FBA78F54F0CD:[2b490ca0-945f-4f4c-9e95-7ff37cc96b4c|rpc:10.1.0.35:36527|dataStream:10.1.0.35:35243|priority:0|startupRole:FOLLOWER, 3598537c-2d2c-483e-9e41-f30068588b97|rpc:10.1.0.35:36519|dataStream:10.1.0.35:39781|priority:1|startupRole:FOLLOWER, 1fb39430-fcdd-414e-946c-d9923f8003ee|rpc:10.1.0.35:34435|dataStream:10.1.0.35:44291|priority:0|startupRole:FOLLOWER] with ContainerStateMachine:uninitialized
2023-04-02 14:01:31,787 [pool-229-thread-1] INFO  server.RaftServerConfigKeys (ConfUtils.java:logGet(46)) - raft.server.rpc.timeout.min = 5s (custom)
2023-04-02 14:01:31,787 [pool-229-thread-1] INFO  server.RaftServerConfigKeys (ConfUtils.java:logGet(46)) - raft.server.rpc.timeout.max = 5200ms (custom)
2023-04-02 14:01:31,787 [pool-229-thread-1] INFO  server.RaftServerConfigKeys (ConfUtils.java:logGet(46)) - raft.server.rpc.sleep.time = 25ms (default)
2023-04-02 14:01:31,787 [pool-229-thread-1] INFO  server.RaftServerConfigKeys (ConfUtils.java:logGet(46)) - raft.server.rpc.slowness.timeout = 300000ms (custom)
2023-04-02 14:01:31,787 [pool-229-thread-1] INFO  server.RaftServerConfigKeys (ConfUtils.java:logGet(46)) - raft.server.leaderelection.leader.step-down.wait-time = 10s (default)
2023-04-02 14:01:31,787 [pool-229-thread-1] INFO  server.RaftServerConfigKeys (ConfUtils.java:logGet(46)) - raft.server.sleep.deviation.threshold = 300ms (default)
2023-04-02 14:01:31,788 [pool-229-thread-1] INFO  server.RaftServer$Division (ServerState.java:<init>(118)) - 3598537c-2d2c-483e-9e41-f30068588b97@group-FBA78F54F0CD: ConfigurationManager, init=-1: peers:[2b490ca0-945f-4f4c-9e95-7ff37cc96b4c|rpc:10.1.0.35:36527|dataStream:10.1.0.35:35243|priority:0|startupRole:FOLLOWER, 3598537c-2d2c-483e-9e41-f30068588b97|rpc:10.1.0.35:36519|dataStream:10.1.0.35:39781|priority:1|startupRole:FOLLOWER, 1fb39430-fcdd-414e-946c-d9923f8003ee|rpc:10.1.0.35:34435|dataStream:10.1.0.35:44291|priority:0|startupRole:FOLLOWER]|listeners:[], old=null, confs=<EMPTY_MAP>
2023-04-02 14:01:31,788 [pool-229-thread-1] INFO  server.RaftServerConfigKeys (ConfUtils.java:logGet(46)) - raft.server.storage.dir = [/home/runner/work/ozone/ozone/hadoop-ozone/integration-test/target/test-dir/MiniOzoneClusterImpl-bc27570d-a894-40b9-be9a-008fe3dc8683/datanode-0/data/ratis] (custom)
2023-04-02 14:01:31,788 [pool-229-thread-1] INFO  server.RaftServerConfigKeys (ConfUtils.java:logGet(46)) - raft.server.log.corruption.policy = EXCEPTION (default)
2023-04-02 14:01:31,788 [pool-229-thread-1] INFO  server.RaftServerConfigKeys (ConfUtils.java:logGet(46)) - raft.server.storage.free-space.min = 0MB (=0) (default)
2023-04-02 14:01:31,788 [pool-229-thread-1] INFO  server.RaftServerConfigKeys (ConfUtils.java:logGet(46)) - raft.server.notification.no-leader.timeout = 300000ms (custom)
2023-04-02 14:01:31,788 [pool-229-thread-1] INFO  server.RaftServerConfigKeys (ConfUtils.java:logGet(46)) - raft.server.retrycache.expirytime = 600000ms (custom)
2023-04-02 14:01:31,788 [pool-229-thread-1] INFO  server.RaftServerConfigKeys (ConfUtils.java:logGet(46)) - raft.server.retrycache.statistics.expirytime = 100μs (default)
2023-04-02 14:01:31,789 [pool-229-thread-1] INFO  server.RaftServerConfigKeys (ConfUtils.java:logGet(46)) - raft.server.log.appender.install.snapshot.enabled = false (custom)
2023-04-02 14:01:31,789 [pool-229-thread-1] INFO  server.RaftServerConfigKeys (ConfUtils.java:logGet(46)) - raft.server.threadpool.server.cached = true (default)
2023-04-02 14:01:31,789 [pool-229-thread-1] INFO  server.RaftServerConfigKeys (ConfUtils.java:logGet(46)) - raft.server.threadpool.server.size = 0 (default)
2023-04-02 14:01:31,789 [pool-229-thread-1] INFO  server.RaftServerConfigKeys (ConfUtils.java:logGet(46)) - raft.server.threadpool.client.cached = true (default)
2023-04-02 14:01:31,789 [pool-229-thread-1] INFO  server.RaftServerConfigKeys (ConfUtils.java:logGet(46)) - raft.server.threadpool.client.size = 0 (default)
2023-04-02 14:01:31,789 [pool-229-thread-1] INFO  storage.RaftStorageDirectory (RaftStorageDirectoryImpl.java:analyzeStorage(137)) - The storage directory /home/runner/work/ozone/ozone/hadoop-ozone/integration-test/target/test-dir/MiniOzoneClusterImpl-bc27570d-a894-40b9-be9a-008fe3dc8683/datanode-0/data/ratis/dc6348e2-1b98-4f5a-99be-fba78f54f0cd does not exist. Creating ...
2023-04-02 14:01:31,790 [pool-251-thread-1] INFO  storage.RaftStorage (RaftStorageImpl.java:format(96)) - Storage directory /home/runner/work/ozone/ozone/hadoop-ozone/integration-test/target/test-dir/MiniOzoneClusterImpl-bc27570d-a894-40b9-be9a-008fe3dc8683/datanode-1/data/ratis/dc6348e2-1b98-4f5a-99be-fba78f54f0cd has been successfully formatted.
2023-04-02 14:01:31,790 [pool-251-thread-1] INFO  ratis.ContainerStateMachine (ContainerStateMachine.java:loadSnapshot(262)) - group-FBA78F54F0CD: The snapshot info is null. Setting the last applied indexto:(t:0, i:~)
2023-04-02 14:01:31,790 [pool-251-thread-1] INFO  server.RaftServerConfigKeys (ConfUtils.java:logGet(46)) - raft.server.log.use.memory = false (default)
2023-04-02 14:01:31,791 [pool-251-thread-1] INFO  server.RaftServerConfigKeys (ConfUtils.java:logGet(46)) - raft.server.log.purge.gap = 1000000 (custom)
2023-04-02 14:01:31,791 [pool-251-thread-1] INFO  server.RaftServerConfigKeys (ConfUtils.java:logGet(46)) - raft.server.log.appender.buffer.byte-limit = 33554432 (custom)
2023-04-02 14:01:31,791 [pool-251-thread-1] INFO  server.RaftServerConfigKeys (ConfUtils.java:logGet(46)) - raft.server.log.statemachine.data.read.timeout = 1000ms (default)
2023-04-02 14:01:31,791 [pool-251-thread-1] INFO  server.RaftServerConfigKeys (ConfUtils.java:logGet(46)) - raft.server.log.purge.preservation.log.num = 0 (default)
2023-04-02 14:01:31,791 [pool-251-thread-1] INFO  server.RaftServerConfigKeys (ConfUtils.java:logGet(46)) - raft.server.log.segment.size.max = 1048576 (custom)
2023-04-02 14:01:31,792 [EventQueue-OpenPipelineForHealthyPipelineSafeModeRule] INFO  safemode.SCMSafeModeManager (HealthyPipelineSafeModeRule.java:process(137)) - SCM in safe mode. Healthy pipelines reported count is 0, required healthy pipeline reported count is 1
2023-04-02 14:01:31,792 [pool-251-thread-1] INFO  server.RaftServerConfigKeys (ConfUtils.java:logGet(46)) - raft.server.log.segment.cache.num.max = 2 (custom)
2023-04-02 14:01:31,792 [pool-251-thread-1] INFO  server.RaftServerConfigKeys (ConfUtils.java:logGet(46)) - raft.server.log.segment.cache.size.max = 200MB (=209715200) (default)
2023-04-02 14:01:31,793 [pool-251-thread-1] INFO  segmented.SegmentedRaftLogWorker (SegmentedRaftLogWorker.java:<init>(189)) - new 2b490ca0-945f-4f4c-9e95-7ff37cc96b4c@group-FBA78F54F0CD-SegmentedRaftLogWorker for RaftStorageImpl:Storage Directory /home/runner/work/ozone/ozone/hadoop-ozone/integration-test/target/test-dir/MiniOzoneClusterImpl-bc27570d-a894-40b9-be9a-008fe3dc8683/datanode-1/data/ratis/dc6348e2-1b98-4f5a-99be-fba78f54f0cd
2023-04-02 14:01:31,793 [pool-251-thread-1] INFO  server.RaftServerConfigKeys (ConfUtils.java:logGet(46)) - raft.server.log.queue.byte-limit = 4294967296 (custom)
2023-04-02 14:01:31,793 [pool-251-thread-1] INFO  server.RaftServerConfigKeys (ConfUtils.java:logGet(46)) - raft.server.log.queue.element-limit = 1024 (custom)
2023-04-02 14:01:31,793 [pool-251-thread-1] INFO  server.RaftServerConfigKeys (ConfUtils.java:logGet(46)) - raft.server.log.segment.size.max = 1048576 (custom)
2023-04-02 14:01:31,793 [pool-251-thread-1] INFO  server.RaftServerConfigKeys (ConfUtils.java:logGet(46)) - raft.server.log.preallocated.size = 16384 (custom)
2023-04-02 14:01:31,793 [pool-251-thread-1] INFO  server.RaftServerConfigKeys (ConfUtils.java:logGet(46)) - raft.server.log.force.sync.num = 128 (default)
2023-04-02 14:01:31,793 [pool-251-thread-1] INFO  server.RaftServerConfigKeys (ConfUtils.java:logGet(46)) - raft.server.log.statemachine.data.sync = true (default)
2023-04-02 14:01:31,793 [pool-251-thread-1] INFO  server.RaftServerConfigKeys (ConfUtils.java:logGet(46)) - raft.server.log.statemachine.data.sync.timeout = 10s (default)
2023-04-02 14:01:31,793 [pool-251-thread-1] INFO  server.RaftServerConfigKeys (ConfUtils.java:logGet(46)) - raft.server.log.statemachine.data.sync.timeout.retry = -1 (default)
2023-04-02 14:01:31,793 [pool-251-thread-1] INFO  server.RaftServerConfigKeys (ConfUtils.java:logGet(46)) - raft.server.log.write.buffer.size = 1048576 (custom)
2023-04-02 14:01:31,794 [pool-251-thread-1] INFO  server.RaftServerConfigKeys (ConfUtils.java:logGet(46)) - raft.server.log.appender.buffer.byte-limit = 33554432 (custom)
2023-04-02 14:01:31,795 [pool-229-thread-1] INFO  storage.RaftStorageDirectory (RaftStorageDirectoryImpl.java:tryLock(231)) - Lock on /home/runner/work/ozone/ozone/hadoop-ozone/integration-test/target/test-dir/MiniOzoneClusterImpl-bc27570d-a894-40b9-be9a-008fe3dc8683/datanode-0/data/ratis/dc6348e2-1b98-4f5a-99be-fba78f54f0cd/in_use.lock acquired by nodename 38458@fv-az449-305
2023-04-02 14:01:31,799 [pool-229-thread-1] INFO  storage.RaftStorage (RaftStorageImpl.java:format(96)) - Storage directory /home/runner/work/ozone/ozone/hadoop-ozone/integration-test/target/test-dir/MiniOzoneClusterImpl-bc27570d-a894-40b9-be9a-008fe3dc8683/datanode-0/data/ratis/dc6348e2-1b98-4f5a-99be-fba78f54f0cd has been successfully formatted.
2023-04-02 14:01:31,800 [pool-229-thread-1] INFO  ratis.ContainerStateMachine (ContainerStateMachine.java:loadSnapshot(262)) - group-FBA78F54F0CD: The snapshot info is null. Setting the last applied indexto:(t:0, i:~)
2023-04-02 14:01:31,800 [pool-229-thread-1] INFO  server.RaftServerConfigKeys (ConfUtils.java:logGet(46)) - raft.server.log.use.memory = false (default)
2023-04-02 14:01:31,800 [pool-229-thread-1] INFO  server.RaftServerConfigKeys (ConfUtils.java:logGet(46)) - raft.server.log.purge.gap = 1000000 (custom)
2023-04-02 14:01:31,800 [pool-229-thread-1] INFO  server.RaftServerConfigKeys (ConfUtils.java:logGet(46)) - raft.server.log.appender.buffer.byte-limit = 33554432 (custom)
2023-04-02 14:01:31,800 [pool-229-thread-1] INFO  server.RaftServerConfigKeys (ConfUtils.java:logGet(46)) - raft.server.log.statemachine.data.read.timeout = 1000ms (default)
2023-04-02 14:01:31,800 [pool-229-thread-1] INFO  server.RaftServerConfigKeys (ConfUtils.java:logGet(46)) - raft.server.log.purge.preservation.log.num = 0 (default)
2023-04-02 14:01:31,801 [pool-229-thread-1] INFO  server.RaftServerConfigKeys (ConfUtils.java:logGet(46)) - raft.server.log.segment.size.max = 1048576 (custom)
2023-04-02 14:01:31,801 [pool-229-thread-1] INFO  server.RaftServerConfigKeys (ConfUtils.java:logGet(46)) - raft.server.log.segment.cache.num.max = 2 (custom)
2023-04-02 14:01:31,801 [pool-229-thread-1] INFO  server.RaftServerConfigKeys (ConfUtils.java:logGet(46)) - raft.server.log.segment.cache.size.max = 200MB (=209715200) (default)
2023-04-02 14:01:31,801 [pool-229-thread-1] INFO  segmented.SegmentedRaftLogWorker (SegmentedRaftLogWorker.java:<init>(189)) - new 3598537c-2d2c-483e-9e41-f30068588b97@group-FBA78F54F0CD-SegmentedRaftLogWorker for RaftStorageImpl:Storage Directory /home/runner/work/ozone/ozone/hadoop-ozone/integration-test/target/test-dir/MiniOzoneClusterImpl-bc27570d-a894-40b9-be9a-008fe3dc8683/datanode-0/data/ratis/dc6348e2-1b98-4f5a-99be-fba78f54f0cd
2023-04-02 14:01:31,801 [pool-229-thread-1] INFO  server.RaftServerConfigKeys (ConfUtils.java:logGet(46)) - raft.server.log.queue.byte-limit = 4294967296 (custom)
2023-04-02 14:01:31,801 [pool-229-thread-1] INFO  server.RaftServerConfigKeys (ConfUtils.java:logGet(46)) - raft.server.log.queue.element-limit = 1024 (custom)
2023-04-02 14:01:31,801 [pool-229-thread-1] INFO  server.RaftServerConfigKeys (ConfUtils.java:logGet(46)) - raft.server.log.segment.size.max = 1048576 (custom)
2023-04-02 14:01:31,801 [pool-229-thread-1] INFO  server.RaftServerConfigKeys (ConfUtils.java:logGet(46)) - raft.server.log.preallocated.size = 16384 (custom)
2023-04-02 14:01:31,801 [pool-229-thread-1] INFO  server.RaftServerConfigKeys (ConfUtils.java:logGet(46)) - raft.server.log.force.sync.num = 128 (default)
2023-04-02 14:01:31,801 [pool-229-thread-1] INFO  server.RaftServerConfigKeys (ConfUtils.java:logGet(46)) - raft.server.log.statemachine.data.sync = true (default)
2023-04-02 14:01:31,801 [pool-229-thread-1] INFO  server.RaftServerConfigKeys (ConfUtils.java:logGet(46)) - raft.server.log.statemachine.data.sync.timeout = 10s (default)
2023-04-02 14:01:31,801 [pool-229-thread-1] INFO  server.RaftServerConfigKeys (ConfUtils.java:logGet(46)) - raft.server.log.statemachine.data.sync.timeout.retry = -1 (default)
2023-04-02 14:01:31,802 [pool-229-thread-1] INFO  server.RaftServerConfigKeys (ConfUtils.java:logGet(46)) - raft.server.log.write.buffer.size = 1048576 (custom)
2023-04-02 14:01:31,802 [pool-229-thread-1] INFO  server.RaftServerConfigKeys (ConfUtils.java:logGet(46)) - raft.server.log.appender.buffer.byte-limit = 33554432 (custom)
2023-04-02 14:01:31,803 [pool-251-thread-1] INFO  server.RaftServerConfigKeys (ConfUtils.java:logGet(46)) - raft.server.log.unsafe-flush.enabled = false (default)
2023-04-02 14:01:31,803 [pool-251-thread-1] INFO  server.RaftServerConfigKeys (ConfUtils.java:logGet(46)) - raft.server.log.async-flush.enabled = false (default)
2023-04-02 14:01:31,803 [pool-251-thread-1] INFO  server.RaftServerConfigKeys (ConfUtils.java:logGet(46)) - raft.server.log.statemachine.data.caching.enabled = true (custom)
2023-04-02 14:01:31,804 [pool-251-thread-1] INFO  segmented.SegmentedRaftLogWorker (SegmentedRaftLogWorker.java:lambda$new$0(135)) - 2b490ca0-945f-4f4c-9e95-7ff37cc96b4c@group-FBA78F54F0CD-SegmentedRaftLogWorker: flushIndex: setUnconditionally 0 -> -1
2023-04-02 14:01:31,804 [pool-251-thread-1] INFO  segmented.SegmentedRaftLogWorker (SegmentedRaftLogWorker.java:lambda$new$0(135)) - 2b490ca0-945f-4f4c-9e95-7ff37cc96b4c@group-FBA78F54F0CD-SegmentedRaftLogWorker: safeCacheEvictIndex: setUnconditionally 0 -> -1
2023-04-02 14:01:31,804 [pool-251-thread-1] INFO  server.RaftServer$Division (RaftServerImpl.java:start(334)) - 2b490ca0-945f-4f4c-9e95-7ff37cc96b4c@group-FBA78F54F0CD: start as a follower, conf=-1: peers:[2b490ca0-945f-4f4c-9e95-7ff37cc96b4c|rpc:10.1.0.35:36527|dataStream:10.1.0.35:35243|priority:0|startupRole:FOLLOWER, 3598537c-2d2c-483e-9e41-f30068588b97|rpc:10.1.0.35:36519|dataStream:10.1.0.35:39781|priority:1|startupRole:FOLLOWER, 1fb39430-fcdd-414e-946c-d9923f8003ee|rpc:10.1.0.35:34435|dataStream:10.1.0.35:44291|priority:0|startupRole:FOLLOWER]|listeners:[], old=null
2023-04-02 14:01:31,804 [pool-251-thread-1] INFO  server.RaftServer$Division (RaftServerImpl.java:setRole(321)) - 2b490ca0-945f-4f4c-9e95-7ff37cc96b4c@group-FBA78F54F0CD: changes role from      null to FOLLOWER at term 0 for startAsFollower
2023-04-02 14:01:31,804 [pool-251-thread-1] INFO  impl.RoleInfo (RoleInfo.java:updateAndGet(139)) - 2b490ca0-945f-4f4c-9e95-7ff37cc96b4c: start 2b490ca0-945f-4f4c-9e95-7ff37cc96b4c@group-FBA78F54F0CD-FollowerState
2023-04-02 14:01:31,809 [pool-229-thread-1] INFO  server.RaftServerConfigKeys (ConfUtils.java:logGet(46)) - raft.server.log.unsafe-flush.enabled = false (default)
2023-04-02 14:01:31,809 [pool-229-thread-1] INFO  server.RaftServerConfigKeys (ConfUtils.java:logGet(46)) - raft.server.log.async-flush.enabled = false (default)
2023-04-02 14:01:31,809 [pool-229-thread-1] INFO  server.RaftServerConfigKeys (ConfUtils.java:logGet(46)) - raft.server.log.statemachine.data.caching.enabled = true (custom)
2023-04-02 14:01:31,809 [pool-229-thread-1] INFO  segmented.SegmentedRaftLogWorker (SegmentedRaftLogWorker.java:lambda$new$0(135)) - 3598537c-2d2c-483e-9e41-f30068588b97@group-FBA78F54F0CD-SegmentedRaftLogWorker: flushIndex: setUnconditionally 0 -> -1
2023-04-02 14:01:31,809 [pool-229-thread-1] INFO  segmented.SegmentedRaftLogWorker (SegmentedRaftLogWorker.java:lambda$new$0(135)) - 3598537c-2d2c-483e-9e41-f30068588b97@group-FBA78F54F0CD-SegmentedRaftLogWorker: safeCacheEvictIndex: setUnconditionally 0 -> -1
2023-04-02 14:01:31,812 [pool-251-thread-1] INFO  util.JmxRegister (JmxRegister.java:tryRegister(44)) - Successfully registered JMX Bean with object name Ratis:service=RaftServer,group=group-FBA78F54F0CD,id=2b490ca0-945f-4f4c-9e95-7ff37cc96b4c
2023-04-02 14:01:31,812 [pool-251-thread-1] INFO  server.RaftServerConfigKeys (ConfUtils.java:logGet(46)) - raft.server.snapshot.auto.trigger.enabled = true (custom)
2023-04-02 14:01:31,812 [pool-251-thread-1] INFO  server.RaftServerConfigKeys (ConfUtils.java:logGet(46)) - raft.server.snapshot.auto.trigger.threshold = 1 (custom)
2023-04-02 14:01:31,812 [pool-251-thread-1] INFO  server.RaftServerConfigKeys (ConfUtils.java:logGet(46)) - raft.server.snapshot.retention.file.num = 5 (custom)
2023-04-02 14:01:31,812 [pool-251-thread-1] INFO  server.RaftServerConfigKeys (ConfUtils.java:logGet(46)) - raft.server.log.purge.upto.snapshot.index = false (default)
2023-04-02 14:01:31,813 [2b490ca0-945f-4f4c-9e95-7ff37cc96b4c@group-FBA78F54F0CD-FollowerState] INFO  server.RaftServerConfigKeys (ConfUtils.java:logFallback(53)) - raft.server.rpc.first-election.timeout.min = 5s (fallback to raft.server.rpc.timeout.min)
2023-04-02 14:01:31,813 [2b490ca0-945f-4f4c-9e95-7ff37cc96b4c@group-FBA78F54F0CD-FollowerState] INFO  server.RaftServerConfigKeys (ConfUtils.java:logFallback(53)) - raft.server.rpc.first-election.timeout.max = 5200ms (fallback to raft.server.rpc.timeout.max)
2023-04-02 14:01:31,815 [pool-229-thread-1] INFO  server.RaftServer$Division (RaftServerImpl.java:start(334)) - 3598537c-2d2c-483e-9e41-f30068588b97@group-FBA78F54F0CD: start as a follower, conf=-1: peers:[2b490ca0-945f-4f4c-9e95-7ff37cc96b4c|rpc:10.1.0.35:36527|dataStream:10.1.0.35:35243|priority:0|startupRole:FOLLOWER, 3598537c-2d2c-483e-9e41-f30068588b97|rpc:10.1.0.35:36519|dataStream:10.1.0.35:39781|priority:1|startupRole:FOLLOWER, 1fb39430-fcdd-414e-946c-d9923f8003ee|rpc:10.1.0.35:34435|dataStream:10.1.0.35:44291|priority:0|startupRole:FOLLOWER]|listeners:[], old=null
2023-04-02 14:01:31,815 [pool-229-thread-1] INFO  server.RaftServer$Division (RaftServerImpl.java:setRole(321)) - 3598537c-2d2c-483e-9e41-f30068588b97@group-FBA78F54F0CD: changes role from      null to FOLLOWER at term 0 for startAsFollower
2023-04-02 14:01:31,815 [Command processor thread] INFO  ratis.XceiverServerRatis (XceiverServerRatis.java:addGroup(806)) - Created group PipelineID=dc6348e2-1b98-4f5a-99be-fba78f54f0cd
2023-04-02 14:01:31,815 [pool-229-thread-1] INFO  impl.RoleInfo (RoleInfo.java:updateAndGet(139)) - 3598537c-2d2c-483e-9e41-f30068588b97: start 3598537c-2d2c-483e-9e41-f30068588b97@group-FBA78F54F0CD-FollowerState
2023-04-02 14:01:31,817 [pool-229-thread-1] INFO  util.JmxRegister (JmxRegister.java:tryRegister(44)) - Successfully registered JMX Bean with object name Ratis:service=RaftServer,group=group-FBA78F54F0CD,id=3598537c-2d2c-483e-9e41-f30068588b97
2023-04-02 14:01:31,817 [pool-229-thread-1] INFO  server.RaftServerConfigKeys (ConfUtils.java:logGet(46)) - raft.server.snapshot.auto.trigger.enabled = true (custom)
2023-04-02 14:01:31,817 [pool-229-thread-1] INFO  server.RaftServerConfigKeys (ConfUtils.java:logGet(46)) - raft.server.snapshot.auto.trigger.threshold = 1 (custom)
2023-04-02 14:01:31,817 [pool-229-thread-1] INFO  server.RaftServerConfigKeys (ConfUtils.java:logGet(46)) - raft.server.snapshot.retention.file.num = 5 (custom)
2023-04-02 14:01:31,817 [pool-229-thread-1] INFO  server.RaftServerConfigKeys (ConfUtils.java:logGet(46)) - raft.server.log.purge.upto.snapshot.index = false (default)
2023-04-02 14:01:31,823 [EventQueue-OpenPipelineForHealthyPipelineSafeModeRule] INFO  safemode.SCMSafeModeManager (HealthyPipelineSafeModeRule.java:process(137)) - SCM in safe mode. Healthy pipelines reported count is 0, required healthy pipeline reported count is 1
2023-04-02 14:01:31,824 [Command processor thread] INFO  ratis.XceiverServerRatis (XceiverServerRatis.java:addGroup(806)) - Created group PipelineID=dc6348e2-1b98-4f5a-99be-fba78f54f0cd
2023-04-02 14:01:31,827 [3598537c-2d2c-483e-9e41-f30068588b97@group-FBA78F54F0CD-FollowerState] INFO  server.RaftServerConfigKeys (ConfUtils.java:logFallback(53)) - raft.server.rpc.first-election.timeout.min = 5s (fallback to raft.server.rpc.timeout.min)
2023-04-02 14:01:31,827 [3598537c-2d2c-483e-9e41-f30068588b97@group-FBA78F54F0CD-FollowerState] INFO  server.RaftServerConfigKeys (ConfUtils.java:logFallback(53)) - raft.server.rpc.first-election.timeout.max = 5200ms (fallback to raft.server.rpc.timeout.max)
2023-04-02 14:01:31,868 [grpc-default-executor-1] INFO  server.RaftServer (RaftServerProxy.java:addNew(96)) - 1fb39430-fcdd-414e-946c-d9923f8003ee: addNew group-FBA78F54F0CD:[2b490ca0-945f-4f4c-9e95-7ff37cc96b4c|rpc:10.1.0.35:36527|dataStream:10.1.0.35:35243|priority:0|startupRole:FOLLOWER, 3598537c-2d2c-483e-9e41-f30068588b97|rpc:10.1.0.35:36519|dataStream:10.1.0.35:39781|priority:1|startupRole:FOLLOWER, 1fb39430-fcdd-414e-946c-d9923f8003ee|rpc:10.1.0.35:34435|dataStream:10.1.0.35:44291|priority:0|startupRole:FOLLOWER] returns group-FBA78F54F0CD:java.util.concurrent.CompletableFuture@4fc7742a[Not completed]
2023-04-02 14:01:31,870 [pool-273-thread-1] INFO  server.RaftServer$Division (RaftServerImpl.java:<init>(195)) - 1fb39430-fcdd-414e-946c-d9923f8003ee: new RaftServerImpl for group-FBA78F54F0CD:[2b490ca0-945f-4f4c-9e95-7ff37cc96b4c|rpc:10.1.0.35:36527|dataStream:10.1.0.35:35243|priority:0|startupRole:FOLLOWER, 3598537c-2d2c-483e-9e41-f30068588b97|rpc:10.1.0.35:36519|dataStream:10.1.0.35:39781|priority:1|startupRole:FOLLOWER, 1fb39430-fcdd-414e-946c-d9923f8003ee|rpc:10.1.0.35:34435|dataStream:10.1.0.35:44291|priority:0|startupRole:FOLLOWER] with ContainerStateMachine:uninitialized
2023-04-02 14:01:31,870 [pool-273-thread-1] INFO  server.RaftServerConfigKeys (ConfUtils.java:logGet(46)) - raft.server.rpc.timeout.min = 5s (custom)
2023-04-02 14:01:31,870 [pool-273-thread-1] INFO  server.RaftServerConfigKeys (ConfUtils.java:logGet(46)) - raft.server.rpc.timeout.max = 5200ms (custom)
2023-04-02 14:01:31,870 [pool-273-thread-1] INFO  server.RaftServerConfigKeys (ConfUtils.java:logGet(46)) - raft.server.rpc.sleep.time = 25ms (default)
2023-04-02 14:01:31,870 [pool-273-thread-1] INFO  server.RaftServerConfigKeys (ConfUtils.java:logGet(46)) - raft.server.rpc.slowness.timeout = 300000ms (custom)
2023-04-02 14:01:31,870 [pool-273-thread-1] INFO  server.RaftServerConfigKeys (ConfUtils.java:logGet(46)) - raft.server.leaderelection.leader.step-down.wait-time = 10s (default)
2023-04-02 14:01:31,870 [pool-273-thread-1] INFO  server.RaftServerConfigKeys (ConfUtils.java:logGet(46)) - raft.server.sleep.deviation.threshold = 300ms (default)
2023-04-02 14:01:31,870 [pool-273-thread-1] INFO  server.RaftServer$Division (ServerState.java:<init>(118)) - 1fb39430-fcdd-414e-946c-d9923f8003ee@group-FBA78F54F0CD: ConfigurationManager, init=-1: peers:[2b490ca0-945f-4f4c-9e95-7ff37cc96b4c|rpc:10.1.0.35:36527|dataStream:10.1.0.35:35243|priority:0|startupRole:FOLLOWER, 3598537c-2d2c-483e-9e41-f30068588b97|rpc:10.1.0.35:36519|dataStream:10.1.0.35:39781|priority:1|startupRole:FOLLOWER, 1fb39430-fcdd-414e-946c-d9923f8003ee|rpc:10.1.0.35:34435|dataStream:10.1.0.35:44291|priority:0|startupRole:FOLLOWER]|listeners:[], old=null, confs=<EMPTY_MAP>
2023-04-02 14:01:31,870 [pool-273-thread-1] INFO  server.RaftServerConfigKeys (ConfUtils.java:logGet(46)) - raft.server.storage.dir = [/home/runner/work/ozone/ozone/hadoop-ozone/integration-test/target/test-dir/MiniOzoneClusterImpl-bc27570d-a894-40b9-be9a-008fe3dc8683/datanode-2/data/ratis] (custom)
2023-04-02 14:01:31,870 [pool-273-thread-1] INFO  server.RaftServerConfigKeys (ConfUtils.java:logGet(46)) - raft.server.log.corruption.policy = EXCEPTION (default)
2023-04-02 14:01:31,870 [pool-273-thread-1] INFO  server.RaftServerConfigKeys (ConfUtils.java:logGet(46)) - raft.server.storage.free-space.min = 0MB (=0) (default)
2023-04-02 14:01:31,871 [pool-273-thread-1] INFO  server.RaftServerConfigKeys (ConfUtils.java:logGet(46)) - raft.server.notification.no-leader.timeout = 300000ms (custom)
2023-04-02 14:01:31,871 [pool-273-thread-1] INFO  server.RaftServerConfigKeys (ConfUtils.java:logGet(46)) - raft.server.retrycache.expirytime = 600000ms (custom)
2023-04-02 14:01:31,871 [pool-273-thread-1] INFO  server.RaftServerConfigKeys (ConfUtils.java:logGet(46)) - raft.server.retrycache.statistics.expirytime = 100μs (default)
2023-04-02 14:01:31,871 [pool-273-thread-1] INFO  server.RaftServerConfigKeys (ConfUtils.java:logGet(46)) - raft.server.log.appender.install.snapshot.enabled = false (custom)
2023-04-02 14:01:31,871 [pool-273-thread-1] INFO  server.RaftServerConfigKeys (ConfUtils.java:logGet(46)) - raft.server.threadpool.server.cached = true (default)
2023-04-02 14:01:31,871 [pool-273-thread-1] INFO  server.RaftServerConfigKeys (ConfUtils.java:logGet(46)) - raft.server.threadpool.server.size = 0 (default)
2023-04-02 14:01:31,872 [pool-273-thread-1] INFO  server.RaftServerConfigKeys (ConfUtils.java:logGet(46)) - raft.server.threadpool.client.cached = true (default)
2023-04-02 14:01:31,872 [pool-273-thread-1] INFO  server.RaftServerConfigKeys (ConfUtils.java:logGet(46)) - raft.server.threadpool.client.size = 0 (default)
2023-04-02 14:01:31,872 [pool-273-thread-1] INFO  storage.RaftStorageDirectory (RaftStorageDirectoryImpl.java:analyzeStorage(137)) - The storage directory /home/runner/work/ozone/ozone/hadoop-ozone/integration-test/target/test-dir/MiniOzoneClusterImpl-bc27570d-a894-40b9-be9a-008fe3dc8683/datanode-2/data/ratis/dc6348e2-1b98-4f5a-99be-fba78f54f0cd does not exist. Creating ...
2023-04-02 14:01:31,873 [pool-273-thread-1] INFO  storage.RaftStorageDirectory (RaftStorageDirectoryImpl.java:tryLock(231)) - Lock on /home/runner/work/ozone/ozone/hadoop-ozone/integration-test/target/test-dir/MiniOzoneClusterImpl-bc27570d-a894-40b9-be9a-008fe3dc8683/datanode-2/data/ratis/dc6348e2-1b98-4f5a-99be-fba78f54f0cd/in_use.lock acquired by nodename 38458@fv-az449-305
2023-04-02 14:01:31,883 [pool-273-thread-1] INFO  storage.RaftStorage (RaftStorageImpl.java:format(96)) - Storage directory /home/runner/work/ozone/ozone/hadoop-ozone/integration-test/target/test-dir/MiniOzoneClusterImpl-bc27570d-a894-40b9-be9a-008fe3dc8683/datanode-2/data/ratis/dc6348e2-1b98-4f5a-99be-fba78f54f0cd has been successfully formatted.
2023-04-02 14:01:31,884 [pool-273-thread-1] INFO  ratis.ContainerStateMachine (ContainerStateMachine.java:loadSnapshot(262)) - group-FBA78F54F0CD: The snapshot info is null. Setting the last applied indexto:(t:0, i:~)
2023-04-02 14:01:31,885 [pool-273-thread-1] INFO  server.RaftServerConfigKeys (ConfUtils.java:logGet(46)) - raft.server.log.use.memory = false (default)
2023-04-02 14:01:31,885 [pool-273-thread-1] INFO  server.RaftServerConfigKeys (ConfUtils.java:logGet(46)) - raft.server.log.purge.gap = 1000000 (custom)
2023-04-02 14:01:31,885 [pool-273-thread-1] INFO  server.RaftServerConfigKeys (ConfUtils.java:logGet(46)) - raft.server.log.appender.buffer.byte-limit = 33554432 (custom)
2023-04-02 14:01:31,886 [pool-273-thread-1] INFO  server.RaftServerConfigKeys (ConfUtils.java:logGet(46)) - raft.server.log.statemachine.data.read.timeout = 1000ms (default)
2023-04-02 14:01:31,886 [pool-273-thread-1] INFO  server.RaftServerConfigKeys (ConfUtils.java:logGet(46)) - raft.server.log.purge.preservation.log.num = 0 (default)
2023-04-02 14:01:31,886 [pool-273-thread-1] INFO  server.RaftServerConfigKeys (ConfUtils.java:logGet(46)) - raft.server.log.segment.size.max = 1048576 (custom)
2023-04-02 14:01:31,887 [pool-273-thread-1] INFO  server.RaftServerConfigKeys (ConfUtils.java:logGet(46)) - raft.server.log.segment.cache.num.max = 2 (custom)
2023-04-02 14:01:31,887 [pool-273-thread-1] INFO  server.RaftServerConfigKeys (ConfUtils.java:logGet(46)) - raft.server.log.segment.cache.size.max = 200MB (=209715200) (default)
2023-04-02 14:01:31,887 [pool-273-thread-1] INFO  segmented.SegmentedRaftLogWorker (SegmentedRaftLogWorker.java:<init>(189)) - new 1fb39430-fcdd-414e-946c-d9923f8003ee@group-FBA78F54F0CD-SegmentedRaftLogWorker for RaftStorageImpl:Storage Directory /home/runner/work/ozone/ozone/hadoop-ozone/integration-test/target/test-dir/MiniOzoneClusterImpl-bc27570d-a894-40b9-be9a-008fe3dc8683/datanode-2/data/ratis/dc6348e2-1b98-4f5a-99be-fba78f54f0cd
2023-04-02 14:01:31,888 [pool-273-thread-1] INFO  server.RaftServerConfigKeys (ConfUtils.java:logGet(46)) - raft.server.log.queue.byte-limit = 4294967296 (custom)
2023-04-02 14:01:31,888 [pool-273-thread-1] INFO  server.RaftServerConfigKeys (ConfUtils.java:logGet(46)) - raft.server.log.queue.element-limit = 1024 (custom)
2023-04-02 14:01:31,888 [pool-273-thread-1] INFO  server.RaftServerConfigKeys (ConfUtils.java:logGet(46)) - raft.server.log.segment.size.max = 1048576 (custom)
2023-04-02 14:01:31,889 [pool-273-thread-1] INFO  server.RaftServerConfigKeys (ConfUtils.java:logGet(46)) - raft.server.log.preallocated.size = 16384 (custom)
2023-04-02 14:01:31,889 [pool-273-thread-1] INFO  server.RaftServerConfigKeys (ConfUtils.java:logGet(46)) - raft.server.log.force.sync.num = 128 (default)
2023-04-02 14:01:31,889 [pool-273-thread-1] INFO  server.RaftServerConfigKeys (ConfUtils.java:logGet(46)) - raft.server.log.statemachine.data.sync = true (default)
2023-04-02 14:01:31,889 [pool-273-thread-1] INFO  server.RaftServerConfigKeys (ConfUtils.java:logGet(46)) - raft.server.log.statemachine.data.sync.timeout = 10s (default)
2023-04-02 14:01:31,890 [pool-273-thread-1] INFO  server.RaftServerConfigKeys (ConfUtils.java:logGet(46)) - raft.server.log.statemachine.data.sync.timeout.retry = -1 (default)
2023-04-02 14:01:31,892 [pool-273-thread-1] INFO  server.RaftServerConfigKeys (ConfUtils.java:logGet(46)) - raft.server.log.write.buffer.size = 1048576 (custom)
2023-04-02 14:01:31,893 [pool-273-thread-1] INFO  server.RaftServerConfigKeys (ConfUtils.java:logGet(46)) - raft.server.log.appender.buffer.byte-limit = 33554432 (custom)
2023-04-02 14:01:31,901 [pool-273-thread-1] INFO  server.RaftServerConfigKeys (ConfUtils.java:logGet(46)) - raft.server.log.unsafe-flush.enabled = false (default)
2023-04-02 14:01:31,901 [pool-273-thread-1] INFO  server.RaftServerConfigKeys (ConfUtils.java:logGet(46)) - raft.server.log.async-flush.enabled = false (default)
2023-04-02 14:01:31,901 [pool-273-thread-1] INFO  server.RaftServerConfigKeys (ConfUtils.java:logGet(46)) - raft.server.log.statemachine.data.caching.enabled = true (custom)
2023-04-02 14:01:31,901 [pool-273-thread-1] INFO  segmented.SegmentedRaftLogWorker (SegmentedRaftLogWorker.java:lambda$new$0(135)) - 1fb39430-fcdd-414e-946c-d9923f8003ee@group-FBA78F54F0CD-SegmentedRaftLogWorker: flushIndex: setUnconditionally 0 -> -1
2023-04-02 14:01:31,901 [pool-273-thread-1] INFO  segmented.SegmentedRaftLogWorker (SegmentedRaftLogWorker.java:lambda$new$0(135)) - 1fb39430-fcdd-414e-946c-d9923f8003ee@group-FBA78F54F0CD-SegmentedRaftLogWorker: safeCacheEvictIndex: setUnconditionally 0 -> -1
2023-04-02 14:01:31,905 [Command processor thread] INFO  commandhandler.CreatePipelineCommandHandler (CreatePipelineCommandHandler.java:handle(113)) - Created Pipeline RATIS THREE PipelineID=dc6348e2-1b98-4f5a-99be-fba78f54f0cd.
2023-04-02 14:01:31,905 [pool-273-thread-1] INFO  server.RaftServer$Division (RaftServerImpl.java:start(334)) - 1fb39430-fcdd-414e-946c-d9923f8003ee@group-FBA78F54F0CD: start as a follower, conf=-1: peers:[2b490ca0-945f-4f4c-9e95-7ff37cc96b4c|rpc:10.1.0.35:36527|dataStream:10.1.0.35:35243|priority:0|startupRole:FOLLOWER, 3598537c-2d2c-483e-9e41-f30068588b97|rpc:10.1.0.35:36519|dataStream:10.1.0.35:39781|priority:1|startupRole:FOLLOWER, 1fb39430-fcdd-414e-946c-d9923f8003ee|rpc:10.1.0.35:34435|dataStream:10.1.0.35:44291|priority:0|startupRole:FOLLOWER]|listeners:[], old=null
2023-04-02 14:01:31,905 [pool-273-thread-1] INFO  server.RaftServer$Division (RaftServerImpl.java:setRole(321)) - 1fb39430-fcdd-414e-946c-d9923f8003ee@group-FBA78F54F0CD: changes role from      null to FOLLOWER at term 0 for startAsFollower
2023-04-02 14:01:31,905 [pool-273-thread-1] INFO  impl.RoleInfo (RoleInfo.java:updateAndGet(139)) - 1fb39430-fcdd-414e-946c-d9923f8003ee: start 1fb39430-fcdd-414e-946c-d9923f8003ee@group-FBA78F54F0CD-FollowerState
2023-04-02 14:01:31,905 [pool-273-thread-1] INFO  util.JmxRegister (JmxRegister.java:tryRegister(44)) - Successfully registered JMX Bean with object name Ratis:service=RaftServer,group=group-FBA78F54F0CD,id=1fb39430-fcdd-414e-946c-d9923f8003ee
2023-04-02 14:01:31,905 [1fb39430-fcdd-414e-946c-d9923f8003ee@group-FBA78F54F0CD-FollowerState] INFO  server.RaftServerConfigKeys (ConfUtils.java:logFallback(53)) - raft.server.rpc.first-election.timeout.min = 5s (fallback to raft.server.rpc.timeout.min)
2023-04-02 14:01:31,907 [1fb39430-fcdd-414e-946c-d9923f8003ee@group-FBA78F54F0CD-FollowerState] INFO  server.RaftServerConfigKeys (ConfUtils.java:logFallback(53)) - raft.server.rpc.first-election.timeout.max = 5200ms (fallback to raft.server.rpc.timeout.max)
2023-04-02 14:01:31,906 [pool-273-thread-1] INFO  server.RaftServerConfigKeys (ConfUtils.java:logGet(46)) - raft.server.snapshot.auto.trigger.enabled = true (custom)
2023-04-02 14:01:31,912 [pool-273-thread-1] INFO  server.RaftServerConfigKeys (ConfUtils.java:logGet(46)) - raft.server.snapshot.auto.trigger.threshold = 1 (custom)
2023-04-02 14:01:31,912 [pool-273-thread-1] INFO  server.RaftServerConfigKeys (ConfUtils.java:logGet(46)) - raft.server.snapshot.retention.file.num = 5 (custom)
2023-04-02 14:01:31,912 [pool-273-thread-1] INFO  server.RaftServerConfigKeys (ConfUtils.java:logGet(46)) - raft.server.log.purge.upto.snapshot.index = false (default)
2023-04-02 14:01:31,936 [Command processor thread] INFO  commandhandler.CreatePipelineCommandHandler (CreatePipelineCommandHandler.java:handle(113)) - Created Pipeline RATIS THREE PipelineID=dc6348e2-1b98-4f5a-99be-fba78f54f0cd.
2023-04-02 14:01:31,994 [EventQueue-OpenPipelineForHealthyPipelineSafeModeRule] INFO  safemode.SCMSafeModeManager (HealthyPipelineSafeModeRule.java:process(137)) - SCM in safe mode. Healthy pipelines reported count is 0, required healthy pipeline reported count is 1
2023-04-02 14:01:32,179 [Listener at 127.0.0.1/36373] INFO  ozone.MiniOzoneClusterImpl (MiniOzoneClusterImpl.java:lambda$waitForClusterToBeReady$0(222)) - Nodes are ready. Got 3 of 3 DN Heartbeats.
2023-04-02 14:01:32,180 [Listener at 127.0.0.1/36373] INFO  ozone.MiniOzoneClusterImpl (MiniOzoneClusterImpl.java:lambda$waitForClusterToBeReady$0(225)) - Waiting for cluster to exit safe mode
2023-04-02 14:01:32,180 [Listener at 127.0.0.1/36373] INFO  ozone.MiniOzoneClusterImpl (MiniOzoneClusterImpl.java:lambda$waitForClusterToBeReady$0(227)) - SCM became leader
2023-04-02 14:01:32,181 [Command processor thread] INFO  server.RaftServer (RaftServerProxy.java:addNew(96)) - 1fb39430-fcdd-414e-946c-d9923f8003ee: addNew group-0C7B417AAD14:[1fb39430-fcdd-414e-946c-d9923f8003ee|rpc:10.1.0.35:34435|dataStream:10.1.0.35:44291|priority:1|startupRole:FOLLOWER] returns group-0C7B417AAD14:java.util.concurrent.CompletableFuture@333669d2[Not completed]
2023-04-02 14:01:32,185 [pool-273-thread-1] INFO  server.RaftServer$Division (RaftServerImpl.java:<init>(195)) - 1fb39430-fcdd-414e-946c-d9923f8003ee: new RaftServerImpl for group-0C7B417AAD14:[1fb39430-fcdd-414e-946c-d9923f8003ee|rpc:10.1.0.35:34435|dataStream:10.1.0.35:44291|priority:1|startupRole:FOLLOWER] with ContainerStateMachine:uninitialized
2023-04-02 14:01:32,185 [pool-273-thread-1] INFO  server.RaftServerConfigKeys (ConfUtils.java:logGet(46)) - raft.server.rpc.timeout.min = 5s (custom)
2023-04-02 14:01:32,185 [pool-273-thread-1] INFO  server.RaftServerConfigKeys (ConfUtils.java:logGet(46)) - raft.server.rpc.timeout.max = 5200ms (custom)
2023-04-02 14:01:32,185 [pool-273-thread-1] INFO  server.RaftServerConfigKeys (ConfUtils.java:logGet(46)) - raft.server.rpc.sleep.time = 25ms (default)
2023-04-02 14:01:32,185 [pool-273-thread-1] INFO  server.RaftServerConfigKeys (ConfUtils.java:logGet(46)) - raft.server.rpc.slowness.timeout = 300000ms (custom)
2023-04-02 14:01:32,185 [pool-273-thread-1] INFO  server.RaftServerConfigKeys (ConfUtils.java:logGet(46)) - raft.server.leaderelection.leader.step-down.wait-time = 10s (default)
2023-04-02 14:01:32,185 [pool-273-thread-1] INFO  server.RaftServerConfigKeys (ConfUtils.java:logGet(46)) - raft.server.sleep.deviation.threshold = 300ms (default)
2023-04-02 14:01:32,185 [pool-273-thread-1] INFO  server.RaftServer$Division (ServerState.java:<init>(118)) - 1fb39430-fcdd-414e-946c-d9923f8003ee@group-0C7B417AAD14: ConfigurationManager, init=-1: peers:[1fb39430-fcdd-414e-946c-d9923f8003ee|rpc:10.1.0.35:34435|dataStream:10.1.0.35:44291|priority:1|startupRole:FOLLOWER]|listeners:[], old=null, confs=<EMPTY_MAP>
2023-04-02 14:01:32,185 [pool-273-thread-1] INFO  server.RaftServerConfigKeys (ConfUtils.java:logGet(46)) - raft.server.storage.dir = [/home/runner/work/ozone/ozone/hadoop-ozone/integration-test/target/test-dir/MiniOzoneClusterImpl-bc27570d-a894-40b9-be9a-008fe3dc8683/datanode-2/data/ratis] (custom)
2023-04-02 14:01:32,186 [pool-273-thread-1] INFO  server.RaftServerConfigKeys (ConfUtils.java:logGet(46)) - raft.server.log.corruption.policy = EXCEPTION (default)
2023-04-02 14:01:32,186 [pool-273-thread-1] INFO  server.RaftServerConfigKeys (ConfUtils.java:logGet(46)) - raft.server.storage.free-space.min = 0MB (=0) (default)
2023-04-02 14:01:32,186 [pool-273-thread-1] INFO  server.RaftServerConfigKeys (ConfUtils.java:logGet(46)) - raft.server.notification.no-leader.timeout = 300000ms (custom)
2023-04-02 14:01:32,186 [pool-273-thread-1] INFO  server.RaftServerConfigKeys (ConfUtils.java:logGet(46)) - raft.server.retrycache.expirytime = 600000ms (custom)
2023-04-02 14:01:32,186 [pool-273-thread-1] INFO  server.RaftServerConfigKeys (ConfUtils.java:logGet(46)) - raft.server.retrycache.statistics.expirytime = 100μs (default)
2023-04-02 14:01:32,187 [pool-273-thread-1] INFO  server.RaftServerConfigKeys (ConfUtils.java:logGet(46)) - raft.server.log.appender.install.snapshot.enabled = false (custom)
2023-04-02 14:01:32,187 [pool-273-thread-1] INFO  server.RaftServerConfigKeys (ConfUtils.java:logGet(46)) - raft.server.threadpool.server.cached = true (default)
2023-04-02 14:01:32,187 [pool-273-thread-1] INFO  server.RaftServerConfigKeys (ConfUtils.java:logGet(46)) - raft.server.threadpool.server.size = 0 (default)
2023-04-02 14:01:32,187 [pool-273-thread-1] INFO  server.RaftServerConfigKeys (ConfUtils.java:logGet(46)) - raft.server.threadpool.client.cached = true (default)
2023-04-02 14:01:32,187 [pool-273-thread-1] INFO  server.RaftServerConfigKeys (ConfUtils.java:logGet(46)) - raft.server.threadpool.client.size = 0 (default)
2023-04-02 14:01:32,187 [pool-273-thread-1] INFO  storage.RaftStorageDirectory (RaftStorageDirectoryImpl.java:analyzeStorage(137)) - The storage directory /home/runner/work/ozone/ozone/hadoop-ozone/integration-test/target/test-dir/MiniOzoneClusterImpl-bc27570d-a894-40b9-be9a-008fe3dc8683/datanode-2/data/ratis/999c03c2-6b05-43b0-8e43-0c7b417aad14 does not exist. Creating ...
2023-04-02 14:01:32,192 [EventQueue-OpenPipelineForHealthyPipelineSafeModeRule] INFO  safemode.SCMSafeModeManager (HealthyPipelineSafeModeRule.java:process(137)) - SCM in safe mode. Healthy pipelines reported count is 0, required healthy pipeline reported count is 1
2023-04-02 14:01:32,193 [pool-273-thread-1] INFO  storage.RaftStorageDirectory (RaftStorageDirectoryImpl.java:tryLock(231)) - Lock on /home/runner/work/ozone/ozone/hadoop-ozone/integration-test/target/test-dir/MiniOzoneClusterImpl-bc27570d-a894-40b9-be9a-008fe3dc8683/datanode-2/data/ratis/999c03c2-6b05-43b0-8e43-0c7b417aad14/in_use.lock acquired by nodename 38458@fv-az449-305
2023-04-02 14:01:32,196 [pool-273-thread-1] INFO  storage.RaftStorage (RaftStorageImpl.java:format(96)) - Storage directory /home/runner/work/ozone/ozone/hadoop-ozone/integration-test/target/test-dir/MiniOzoneClusterImpl-bc27570d-a894-40b9-be9a-008fe3dc8683/datanode-2/data/ratis/999c03c2-6b05-43b0-8e43-0c7b417aad14 has been successfully formatted.
2023-04-02 14:01:32,196 [pool-273-thread-1] INFO  ratis.ContainerStateMachine (ContainerStateMachine.java:loadSnapshot(262)) - group-0C7B417AAD14: The snapshot info is null. Setting the last applied indexto:(t:0, i:~)
2023-04-02 14:01:32,196 [pool-273-thread-1] INFO  server.RaftServerConfigKeys (ConfUtils.java:logGet(46)) - raft.server.log.use.memory = false (default)
2023-04-02 14:01:32,196 [pool-273-thread-1] INFO  server.RaftServerConfigKeys (ConfUtils.java:logGet(46)) - raft.server.log.purge.gap = 1000000 (custom)
2023-04-02 14:01:32,196 [pool-273-thread-1] INFO  server.RaftServerConfigKeys (ConfUtils.java:logGet(46)) - raft.server.log.appender.buffer.byte-limit = 33554432 (custom)
2023-04-02 14:01:32,197 [pool-273-thread-1] INFO  server.RaftServerConfigKeys (ConfUtils.java:logGet(46)) - raft.server.log.statemachine.data.read.timeout = 1000ms (default)
2023-04-02 14:01:32,197 [pool-273-thread-1] INFO  server.RaftServerConfigKeys (ConfUtils.java:logGet(46)) - raft.server.log.purge.preservation.log.num = 0 (default)
2023-04-02 14:01:32,197 [pool-273-thread-1] INFO  server.RaftServerConfigKeys (ConfUtils.java:logGet(46)) - raft.server.log.segment.size.max = 1048576 (custom)
2023-04-02 14:01:32,198 [EventQueue-PipelineReportForPipelineReportHandler] INFO  pipeline.PipelineManagerImpl (PipelineManagerImpl.java:openPipeline(367)) - Pipeline Pipeline[ Id: 999c03c2-6b05-43b0-8e43-0c7b417aad14, Nodes: 1fb39430-fcdd-414e-946c-d9923f8003ee(fv-az449-305.jvjgdiodbn4ungrcbaap0pmvbb.dx.internal.cloudapp.net/10.1.0.35), ReplicationConfig: RATIS/ONE, State:ALLOCATED, leaderId:1fb39430-fcdd-414e-946c-d9923f8003ee, CreationTimestamp2023-04-02T14:01:29.186Z[Etc/UTC]] moved to OPEN state
2023-04-02 14:01:32,198 [EventQueue-OpenPipelineForHealthyPipelineSafeModeRule] INFO  safemode.SCMSafeModeManager (HealthyPipelineSafeModeRule.java:process(137)) - SCM in safe mode. Healthy pipelines reported count is 0, required healthy pipeline reported count is 1
2023-04-02 14:01:32,199 [pool-273-thread-1] INFO  server.RaftServerConfigKeys (ConfUtils.java:logGet(46)) - raft.server.log.segment.cache.num.max = 2 (custom)
2023-04-02 14:01:32,199 [pool-273-thread-1] INFO  server.RaftServerConfigKeys (ConfUtils.java:logGet(46)) - raft.server.log.segment.cache.size.max = 200MB (=209715200) (default)
2023-04-02 14:01:32,199 [pool-273-thread-1] INFO  segmented.SegmentedRaftLogWorker (SegmentedRaftLogWorker.java:<init>(189)) - new 1fb39430-fcdd-414e-946c-d9923f8003ee@group-0C7B417AAD14-SegmentedRaftLogWorker for RaftStorageImpl:Storage Directory /home/runner/work/ozone/ozone/hadoop-ozone/integration-test/target/test-dir/MiniOzoneClusterImpl-bc27570d-a894-40b9-be9a-008fe3dc8683/datanode-2/data/ratis/999c03c2-6b05-43b0-8e43-0c7b417aad14
2023-04-02 14:01:32,199 [pool-273-thread-1] INFO  server.RaftServerConfigKeys (ConfUtils.java:logGet(46)) - raft.server.log.queue.byte-limit = 4294967296 (custom)
2023-04-02 14:01:32,199 [pool-273-thread-1] INFO  server.RaftServerConfigKeys (ConfUtils.java:logGet(46)) - raft.server.log.queue.element-limit = 1024 (custom)
2023-04-02 14:01:32,199 [pool-273-thread-1] INFO  server.RaftServerConfigKeys (ConfUtils.java:logGet(46)) - raft.server.log.segment.size.max = 1048576 (custom)
2023-04-02 14:01:32,199 [pool-273-thread-1] INFO  server.RaftServerConfigKeys (ConfUtils.java:logGet(46)) - raft.server.log.preallocated.size = 16384 (custom)
2023-04-02 14:01:32,199 [pool-273-thread-1] INFO  server.RaftServerConfigKeys (ConfUtils.java:logGet(46)) - raft.server.log.force.sync.num = 128 (default)
2023-04-02 14:01:32,199 [pool-273-thread-1] INFO  server.RaftServerConfigKeys (ConfUtils.java:logGet(46)) - raft.server.log.statemachine.data.sync = true (default)
2023-04-02 14:01:32,199 [pool-273-thread-1] INFO  server.RaftServerConfigKeys (ConfUtils.java:logGet(46)) - raft.server.log.statemachine.data.sync.timeout = 10s (default)
2023-04-02 14:01:32,199 [pool-273-thread-1] INFO  server.RaftServerConfigKeys (ConfUtils.java:logGet(46)) - raft.server.log.statemachine.data.sync.timeout.retry = -1 (default)
2023-04-02 14:01:32,200 [pool-273-thread-1] INFO  server.RaftServerConfigKeys (ConfUtils.java:logGet(46)) - raft.server.log.write.buffer.size = 1048576 (custom)
2023-04-02 14:01:32,200 [pool-273-thread-1] INFO  server.RaftServerConfigKeys (ConfUtils.java:logGet(46)) - raft.server.log.appender.buffer.byte-limit = 33554432 (custom)
2023-04-02 14:01:32,206 [EventQueue-OpenPipelineForHealthyPipelineSafeModeRule] INFO  safemode.SCMSafeModeManager (HealthyPipelineSafeModeRule.java:process(137)) - SCM in safe mode. Healthy pipelines reported count is 0, required healthy pipeline reported count is 1
2023-04-02 14:01:32,207 [pool-273-thread-1] INFO  server.RaftServerConfigKeys (ConfUtils.java:logGet(46)) - raft.server.log.unsafe-flush.enabled = false (default)
2023-04-02 14:01:32,208 [pool-273-thread-1] INFO  server.RaftServerConfigKeys (ConfUtils.java:logGet(46)) - raft.server.log.async-flush.enabled = false (default)
2023-04-02 14:01:32,208 [pool-273-thread-1] INFO  server.RaftServerConfigKeys (ConfUtils.java:logGet(46)) - raft.server.log.statemachine.data.caching.enabled = true (custom)
2023-04-02 14:01:32,209 [pool-273-thread-1] INFO  segmented.SegmentedRaftLogWorker (SegmentedRaftLogWorker.java:lambda$new$0(135)) - 1fb39430-fcdd-414e-946c-d9923f8003ee@group-0C7B417AAD14-SegmentedRaftLogWorker: flushIndex: setUnconditionally 0 -> -1
2023-04-02 14:01:32,209 [pool-273-thread-1] INFO  segmented.SegmentedRaftLogWorker (SegmentedRaftLogWorker.java:lambda$new$0(135)) - 1fb39430-fcdd-414e-946c-d9923f8003ee@group-0C7B417AAD14-SegmentedRaftLogWorker: safeCacheEvictIndex: setUnconditionally 0 -> -1
2023-04-02 14:01:32,209 [pool-273-thread-1] INFO  server.RaftServer$Division (RaftServerImpl.java:start(334)) - 1fb39430-fcdd-414e-946c-d9923f8003ee@group-0C7B417AAD14: start as a follower, conf=-1: peers:[1fb39430-fcdd-414e-946c-d9923f8003ee|rpc:10.1.0.35:34435|dataStream:10.1.0.35:44291|priority:1|startupRole:FOLLOWER]|listeners:[], old=null
2023-04-02 14:01:32,209 [pool-273-thread-1] INFO  server.RaftServer$Division (RaftServerImpl.java:setRole(321)) - 1fb39430-fcdd-414e-946c-d9923f8003ee@group-0C7B417AAD14: changes role from      null to FOLLOWER at term 0 for startAsFollower
2023-04-02 14:01:32,209 [pool-273-thread-1] INFO  impl.RoleInfo (RoleInfo.java:updateAndGet(139)) - 1fb39430-fcdd-414e-946c-d9923f8003ee: start 1fb39430-fcdd-414e-946c-d9923f8003ee@group-0C7B417AAD14-FollowerState
2023-04-02 14:01:32,212 [pool-273-thread-1] INFO  util.JmxRegister (JmxRegister.java:tryRegister(44)) - Successfully registered JMX Bean with object name Ratis:service=RaftServer,group=group-0C7B417AAD14,id=1fb39430-fcdd-414e-946c-d9923f8003ee
2023-04-02 14:01:32,212 [pool-273-thread-1] INFO  server.RaftServerConfigKeys (ConfUtils.java:logGet(46)) - raft.server.snapshot.auto.trigger.enabled = true (custom)
2023-04-02 14:01:32,212 [pool-273-thread-1] INFO  server.RaftServerConfigKeys (ConfUtils.java:logGet(46)) - raft.server.snapshot.auto.trigger.threshold = 1 (custom)
2023-04-02 14:01:32,212 [pool-273-thread-1] INFO  server.RaftServerConfigKeys (ConfUtils.java:logGet(46)) - raft.server.snapshot.retention.file.num = 5 (custom)
2023-04-02 14:01:32,212 [pool-273-thread-1] INFO  server.RaftServerConfigKeys (ConfUtils.java:logGet(46)) - raft.server.log.purge.upto.snapshot.index = false (default)
2023-04-02 14:01:32,215 [Command processor thread] INFO  ratis.XceiverServerRatis (XceiverServerRatis.java:addGroup(806)) - Created group PipelineID=999c03c2-6b05-43b0-8e43-0c7b417aad14
2023-04-02 14:01:32,215 [Command processor thread] INFO  commandhandler.CreatePipelineCommandHandler (CreatePipelineCommandHandler.java:handle(113)) - Created Pipeline RATIS ONE PipelineID=999c03c2-6b05-43b0-8e43-0c7b417aad14.
2023-04-02 14:01:32,215 [1fb39430-fcdd-414e-946c-d9923f8003ee@group-0C7B417AAD14-FollowerState] INFO  server.RaftServerConfigKeys (ConfUtils.java:logFallback(53)) - raft.server.rpc.first-election.timeout.min = 5s (fallback to raft.server.rpc.timeout.min)
2023-04-02 14:01:32,215 [1fb39430-fcdd-414e-946c-d9923f8003ee@group-0C7B417AAD14-FollowerState] INFO  server.RaftServerConfigKeys (ConfUtils.java:logFallback(53)) - raft.server.rpc.first-election.timeout.max = 5200ms (fallback to raft.server.rpc.timeout.max)
2023-04-02 14:01:32,397 [EventQueue-OpenPipelineForHealthyPipelineSafeModeRule] INFO  safemode.SCMSafeModeManager (HealthyPipelineSafeModeRule.java:process(137)) - SCM in safe mode. Healthy pipelines reported count is 0, required healthy pipeline reported count is 1
2023-04-02 14:01:32,406 [EventQueue-OpenPipelineForHealthyPipelineSafeModeRule] INFO  safemode.SCMSafeModeManager (HealthyPipelineSafeModeRule.java:process(137)) - SCM in safe mode. Healthy pipelines reported count is 0, required healthy pipeline reported count is 1
2023-04-02 14:01:32,592 [EventQueue-OpenPipelineForHealthyPipelineSafeModeRule] INFO  safemode.SCMSafeModeManager (HealthyPipelineSafeModeRule.java:process(137)) - SCM in safe mode. Healthy pipelines reported count is 0, required healthy pipeline reported count is 1
2023-04-02 14:01:32,597 [EventQueue-OpenPipelineForHealthyPipelineSafeModeRule] INFO  safemode.SCMSafeModeManager (HealthyPipelineSafeModeRule.java:process(137)) - SCM in safe mode. Healthy pipelines reported count is 0, required healthy pipeline reported count is 1
2023-04-02 14:01:32,807 [EventQueue-OpenPipelineForHealthyPipelineSafeModeRule] INFO  safemode.SCMSafeModeManager (HealthyPipelineSafeModeRule.java:process(137)) - SCM in safe mode. Healthy pipelines reported count is 0, required healthy pipeline reported count is 1
2023-04-02 14:01:32,992 [EventQueue-OpenPipelineForHealthyPipelineSafeModeRule] INFO  safemode.SCMSafeModeManager (HealthyPipelineSafeModeRule.java:process(137)) - SCM in safe mode. Healthy pipelines reported count is 0, required healthy pipeline reported count is 1
2023-04-02 14:01:33,005 [EventQueue-OpenPipelineForHealthyPipelineSafeModeRule] INFO  safemode.SCMSafeModeManager (HealthyPipelineSafeModeRule.java:process(137)) - SCM in safe mode. Healthy pipelines reported count is 0, required healthy pipeline reported count is 1
2023-04-02 14:01:33,180 [Listener at 127.0.0.1/36373] INFO  ozone.MiniOzoneClusterImpl (MiniOzoneClusterImpl.java:lambda$waitForClusterToBeReady$0(222)) - Nodes are ready. Got 3 of 3 DN Heartbeats.
2023-04-02 14:01:33,180 [Listener at 127.0.0.1/36373] INFO  ozone.MiniOzoneClusterImpl (MiniOzoneClusterImpl.java:lambda$waitForClusterToBeReady$0(225)) - Waiting for cluster to exit safe mode
2023-04-02 14:01:33,180 [Listener at 127.0.0.1/36373] INFO  ozone.MiniOzoneClusterImpl (MiniOzoneClusterImpl.java:lambda$waitForClusterToBeReady$0(227)) - SCM became leader
2023-04-02 14:01:33,205 [EventQueue-OpenPipelineForHealthyPipelineSafeModeRule] INFO  safemode.SCMSafeModeManager (HealthyPipelineSafeModeRule.java:process(137)) - SCM in safe mode. Healthy pipelines reported count is 0, required healthy pipeline reported count is 1
2023-04-02 14:01:33,208 [EventQueue-OpenPipelineForHealthyPipelineSafeModeRule] INFO  safemode.SCMSafeModeManager (HealthyPipelineSafeModeRule.java:process(137)) - SCM in safe mode. Healthy pipelines reported count is 0, required healthy pipeline reported count is 1
2023-04-02 14:01:33,394 [EventQueue-OpenPipelineForHealthyPipelineSafeModeRule] INFO  safemode.SCMSafeModeManager (HealthyPipelineSafeModeRule.java:process(137)) - SCM in safe mode. Healthy pipelines reported count is 0, required healthy pipeline reported count is 1
2023-04-02 14:01:33,404 [EventQueue-OpenPipelineForHealthyPipelineSafeModeRule] INFO  safemode.SCMSafeModeManager (HealthyPipelineSafeModeRule.java:process(137)) - SCM in safe mode. Healthy pipelines reported count is 0, required healthy pipeline reported count is 1
2023-04-02 14:01:33,407 [EventQueue-OpenPipelineForHealthyPipelineSafeModeRule] INFO  safemode.SCMSafeModeManager (HealthyPipelineSafeModeRule.java:process(137)) - SCM in safe mode. Healthy pipelines reported count is 0, required healthy pipeline reported count is 1
2023-04-02 14:01:33,594 [EventQueue-OpenPipelineForHealthyPipelineSafeModeRule] INFO  safemode.SCMSafeModeManager (HealthyPipelineSafeModeRule.java:process(137)) - SCM in safe mode. Healthy pipelines reported count is 0, required healthy pipeline reported count is 1
2023-04-02 14:01:33,604 [EventQueue-OpenPipelineForHealthyPipelineSafeModeRule] INFO  safemode.SCMSafeModeManager (HealthyPipelineSafeModeRule.java:process(137)) - SCM in safe mode. Healthy pipelines reported count is 0, required healthy pipeline reported count is 1
2023-04-02 14:01:33,808 [EventQueue-OpenPipelineForHealthyPipelineSafeModeRule] INFO  safemode.SCMSafeModeManager (HealthyPipelineSafeModeRule.java:process(137)) - SCM in safe mode. Healthy pipelines reported count is 0, required healthy pipeline reported count is 1
2023-04-02 14:01:33,994 [EventQueue-OpenPipelineForHealthyPipelineSafeModeRule] INFO  safemode.SCMSafeModeManager (HealthyPipelineSafeModeRule.java:process(137)) - SCM in safe mode. Healthy pipelines reported count is 0, required healthy pipeline reported count is 1
2023-04-02 14:01:34,005 [EventQueue-OpenPipelineForHealthyPipelineSafeModeRule] INFO  safemode.SCMSafeModeManager (HealthyPipelineSafeModeRule.java:process(137)) - SCM in safe mode. Healthy pipelines reported count is 0, required healthy pipeline reported count is 1
2023-04-02 14:01:34,180 [Listener at 127.0.0.1/36373] INFO  ozone.MiniOzoneClusterImpl (MiniOzoneClusterImpl.java:lambda$waitForClusterToBeReady$0(222)) - Nodes are ready. Got 3 of 3 DN Heartbeats.
2023-04-02 14:01:34,181 [Listener at 127.0.0.1/36373] INFO  ozone.MiniOzoneClusterImpl (MiniOzoneClusterImpl.java:lambda$waitForClusterToBeReady$0(225)) - Waiting for cluster to exit safe mode
2023-04-02 14:01:34,181 [Listener at 127.0.0.1/36373] INFO  ozone.MiniOzoneClusterImpl (MiniOzoneClusterImpl.java:lambda$waitForClusterToBeReady$0(227)) - SCM became leader
2023-04-02 14:01:34,205 [EventQueue-OpenPipelineForHealthyPipelineSafeModeRule] INFO  safemode.SCMSafeModeManager (HealthyPipelineSafeModeRule.java:process(137)) - SCM in safe mode. Healthy pipelines reported count is 0, required healthy pipeline reported count is 1
2023-04-02 14:01:34,208 [EventQueue-OpenPipelineForHealthyPipelineSafeModeRule] INFO  safemode.SCMSafeModeManager (HealthyPipelineSafeModeRule.java:process(137)) - SCM in safe mode. Healthy pipelines reported count is 0, required healthy pipeline reported count is 1
2023-04-02 14:01:34,393 [EventQueue-OpenPipelineForHealthyPipelineSafeModeRule] INFO  safemode.SCMSafeModeManager (HealthyPipelineSafeModeRule.java:process(137)) - SCM in safe mode. Healthy pipelines reported count is 0, required healthy pipeline reported count is 1
2023-04-02 14:01:34,405 [EventQueue-OpenPipelineForHealthyPipelineSafeModeRule] INFO  safemode.SCMSafeModeManager (HealthyPipelineSafeModeRule.java:process(137)) - SCM in safe mode. Healthy pipelines reported count is 0, required healthy pipeline reported count is 1
2023-04-02 14:01:34,408 [EventQueue-OpenPipelineForHealthyPipelineSafeModeRule] INFO  safemode.SCMSafeModeManager (HealthyPipelineSafeModeRule.java:process(137)) - SCM in safe mode. Healthy pipelines reported count is 0, required healthy pipeline reported count is 1
2023-04-02 14:01:34,605 [EventQueue-OpenPipelineForHealthyPipelineSafeModeRule] INFO  safemode.SCMSafeModeManager (HealthyPipelineSafeModeRule.java:process(137)) - SCM in safe mode. Healthy pipelines reported count is 0, required healthy pipeline reported count is 1
2023-04-02 14:01:34,793 [EventQueue-OpenPipelineForHealthyPipelineSafeModeRule] INFO  safemode.SCMSafeModeManager (HealthyPipelineSafeModeRule.java:process(137)) - SCM in safe mode. Healthy pipelines reported count is 0, required healthy pipeline reported count is 1
2023-04-02 14:01:34,807 [EventQueue-OpenPipelineForHealthyPipelineSafeModeRule] INFO  safemode.SCMSafeModeManager (HealthyPipelineSafeModeRule.java:process(137)) - SCM in safe mode. Healthy pipelines reported count is 0, required healthy pipeline reported count is 1
2023-04-02 14:01:34,993 [EventQueue-OpenPipelineForHealthyPipelineSafeModeRule] INFO  safemode.SCMSafeModeManager (HealthyPipelineSafeModeRule.java:process(137)) - SCM in safe mode. Healthy pipelines reported count is 0, required healthy pipeline reported count is 1
2023-04-02 14:01:35,006 [EventQueue-OpenPipelineForHealthyPipelineSafeModeRule] INFO  safemode.SCMSafeModeManager (HealthyPipelineSafeModeRule.java:process(137)) - SCM in safe mode. Healthy pipelines reported count is 0, required healthy pipeline reported count is 1
2023-04-02 14:01:35,008 [EventQueue-OpenPipelineForHealthyPipelineSafeModeRule] INFO  safemode.SCMSafeModeManager (HealthyPipelineSafeModeRule.java:process(137)) - SCM in safe mode. Healthy pipelines reported count is 0, required healthy pipeline reported count is 1
2023-04-02 14:01:35,181 [Listener at 127.0.0.1/36373] INFO  ozone.MiniOzoneClusterImpl (MiniOzoneClusterImpl.java:lambda$waitForClusterToBeReady$0(222)) - Nodes are ready. Got 3 of 3 DN Heartbeats.
2023-04-02 14:01:35,181 [Listener at 127.0.0.1/36373] INFO  ozone.MiniOzoneClusterImpl (MiniOzoneClusterImpl.java:lambda$waitForClusterToBeReady$0(225)) - Waiting for cluster to exit safe mode
2023-04-02 14:01:35,181 [Listener at 127.0.0.1/36373] INFO  ozone.MiniOzoneClusterImpl (MiniOzoneClusterImpl.java:lambda$waitForClusterToBeReady$0(227)) - SCM became leader
2023-04-02 14:01:35,205 [EventQueue-OpenPipelineForHealthyPipelineSafeModeRule] INFO  safemode.SCMSafeModeManager (HealthyPipelineSafeModeRule.java:process(137)) - SCM in safe mode. Healthy pipelines reported count is 0, required healthy pipeline reported count is 1
2023-04-02 14:01:35,394 [EventQueue-OpenPipelineForHealthyPipelineSafeModeRule] INFO  safemode.SCMSafeModeManager (HealthyPipelineSafeModeRule.java:process(137)) - SCM in safe mode. Healthy pipelines reported count is 0, required healthy pipeline reported count is 1
2023-04-02 14:01:35,405 [EventQueue-OpenPipelineForHealthyPipelineSafeModeRule] INFO  safemode.SCMSafeModeManager (HealthyPipelineSafeModeRule.java:process(137)) - SCM in safe mode. Healthy pipelines reported count is 0, required healthy pipeline reported count is 1
2023-04-02 14:01:35,408 [EventQueue-OpenPipelineForHealthyPipelineSafeModeRule] INFO  safemode.SCMSafeModeManager (HealthyPipelineSafeModeRule.java:process(137)) - SCM in safe mode. Healthy pipelines reported count is 0, required healthy pipeline reported count is 1
2023-04-02 14:01:35,605 [EventQueue-OpenPipelineForHealthyPipelineSafeModeRule] INFO  safemode.SCMSafeModeManager (HealthyPipelineSafeModeRule.java:process(137)) - SCM in safe mode. Healthy pipelines reported count is 0, required healthy pipeline reported count is 1
2023-04-02 14:01:35,794 [EventQueue-OpenPipelineForHealthyPipelineSafeModeRule] INFO  safemode.SCMSafeModeManager (HealthyPipelineSafeModeRule.java:process(137)) - SCM in safe mode. Healthy pipelines reported count is 0, required healthy pipeline reported count is 1
2023-04-02 14:01:35,808 [EventQueue-OpenPipelineForHealthyPipelineSafeModeRule] INFO  safemode.SCMSafeModeManager (HealthyPipelineSafeModeRule.java:process(137)) - SCM in safe mode. Healthy pipelines reported count is 0, required healthy pipeline reported count is 1
2023-04-02 14:01:35,995 [EventQueue-OpenPipelineForHealthyPipelineSafeModeRule] INFO  safemode.SCMSafeModeManager (HealthyPipelineSafeModeRule.java:process(137)) - SCM in safe mode. Healthy pipelines reported count is 0, required healthy pipeline reported count is 1
2023-04-02 14:01:36,006 [EventQueue-OpenPipelineForHealthyPipelineSafeModeRule] INFO  safemode.SCMSafeModeManager (HealthyPipelineSafeModeRule.java:process(137)) - SCM in safe mode. Healthy pipelines reported count is 0, required healthy pipeline reported count is 1
2023-04-02 14:01:36,008 [EventQueue-OpenPipelineForHealthyPipelineSafeModeRule] INFO  safemode.SCMSafeModeManager (HealthyPipelineSafeModeRule.java:process(137)) - SCM in safe mode. Healthy pipelines reported count is 0, required healthy pipeline reported count is 1
2023-04-02 14:01:36,181 [Listener at 127.0.0.1/36373] INFO  ozone.MiniOzoneClusterImpl (MiniOzoneClusterImpl.java:lambda$waitForClusterToBeReady$0(222)) - Nodes are ready. Got 3 of 3 DN Heartbeats.
2023-04-02 14:01:36,182 [Listener at 127.0.0.1/36373] INFO  ozone.MiniOzoneClusterImpl (MiniOzoneClusterImpl.java:lambda$waitForClusterToBeReady$0(225)) - Waiting for cluster to exit safe mode
2023-04-02 14:01:36,182 [Listener at 127.0.0.1/36373] INFO  ozone.MiniOzoneClusterImpl (MiniOzoneClusterImpl.java:lambda$waitForClusterToBeReady$0(227)) - SCM became leader
2023-04-02 14:01:36,206 [EventQueue-OpenPipelineForHealthyPipelineSafeModeRule] INFO  safemode.SCMSafeModeManager (HealthyPipelineSafeModeRule.java:process(137)) - SCM in safe mode. Healthy pipelines reported count is 0, required healthy pipeline reported count is 1
2023-04-02 14:01:36,395 [EventQueue-OpenPipelineForHealthyPipelineSafeModeRule] INFO  safemode.SCMSafeModeManager (HealthyPipelineSafeModeRule.java:process(137)) - SCM in safe mode. Healthy pipelines reported count is 0, required healthy pipeline reported count is 1
2023-04-02 14:01:36,405 [EventQueue-OpenPipelineForHealthyPipelineSafeModeRule] INFO  safemode.SCMSafeModeManager (HealthyPipelineSafeModeRule.java:process(137)) - SCM in safe mode. Healthy pipelines reported count is 0, required healthy pipeline reported count is 1
2023-04-02 14:01:36,408 [EventQueue-OpenPipelineForHealthyPipelineSafeModeRule] INFO  safemode.SCMSafeModeManager (HealthyPipelineSafeModeRule.java:process(137)) - SCM in safe mode. Healthy pipelines reported count is 0, required healthy pipeline reported count is 1
2023-04-02 14:01:36,419 [3598537c-2d2c-483e-9e41-f30068588b97@group-6E5A162D5865-FollowerState] INFO  impl.FollowerState (FollowerState.java:run(143)) - 3598537c-2d2c-483e-9e41-f30068588b97@group-6E5A162D5865-FollowerState: change to CANDIDATE, lastRpcElapsedTime:5057356849ns, electionTimeout:5052ms
2023-04-02 14:01:36,419 [3598537c-2d2c-483e-9e41-f30068588b97@group-6E5A162D5865-FollowerState] INFO  impl.RoleInfo (RoleInfo.java:shutdownFollowerState(110)) - 3598537c-2d2c-483e-9e41-f30068588b97: shutdown 3598537c-2d2c-483e-9e41-f30068588b97@group-6E5A162D5865-FollowerState
2023-04-02 14:01:36,419 [3598537c-2d2c-483e-9e41-f30068588b97@group-6E5A162D5865-FollowerState] INFO  server.RaftServer$Division (RaftServerImpl.java:setRole(321)) - 3598537c-2d2c-483e-9e41-f30068588b97@group-6E5A162D5865: changes role from  FOLLOWER to CANDIDATE at term 0 for changeToCandidate
2023-04-02 14:01:36,419 [3598537c-2d2c-483e-9e41-f30068588b97@group-6E5A162D5865-FollowerState] INFO  server.RaftServerConfigKeys (ConfUtils.java:logGet(46)) - raft.server.leaderelection.pre-vote = true (default)
2023-04-02 14:01:36,419 [3598537c-2d2c-483e-9e41-f30068588b97@group-6E5A162D5865-FollowerState] INFO  impl.RoleInfo (RoleInfo.java:updateAndGet(139)) - 3598537c-2d2c-483e-9e41-f30068588b97: start 3598537c-2d2c-483e-9e41-f30068588b97@group-6E5A162D5865-LeaderElection10
2023-04-02 14:01:36,421 [3598537c-2d2c-483e-9e41-f30068588b97@group-95E284FF4F57-FollowerState] INFO  impl.FollowerState (FollowerState.java:run(143)) - 3598537c-2d2c-483e-9e41-f30068588b97@group-95E284FF4F57-FollowerState: change to CANDIDATE, lastRpcElapsedTime:5037450407ns, electionTimeout:5036ms
2023-04-02 14:01:36,422 [3598537c-2d2c-483e-9e41-f30068588b97@group-95E284FF4F57-FollowerState] INFO  impl.RoleInfo (RoleInfo.java:shutdownFollowerState(110)) - 3598537c-2d2c-483e-9e41-f30068588b97: shutdown 3598537c-2d2c-483e-9e41-f30068588b97@group-95E284FF4F57-FollowerState
2023-04-02 14:01:36,422 [3598537c-2d2c-483e-9e41-f30068588b97@group-95E284FF4F57-FollowerState] INFO  server.RaftServer$Division (RaftServerImpl.java:setRole(321)) - 3598537c-2d2c-483e-9e41-f30068588b97@group-95E284FF4F57: changes role from  FOLLOWER to CANDIDATE at term 0 for changeToCandidate
2023-04-02 14:01:36,422 [3598537c-2d2c-483e-9e41-f30068588b97@group-95E284FF4F57-FollowerState] INFO  server.RaftServerConfigKeys (ConfUtils.java:logGet(46)) - raft.server.leaderelection.pre-vote = true (default)
2023-04-02 14:01:36,422 [3598537c-2d2c-483e-9e41-f30068588b97@group-95E284FF4F57-FollowerState] INFO  impl.RoleInfo (RoleInfo.java:updateAndGet(139)) - 3598537c-2d2c-483e-9e41-f30068588b97: start 3598537c-2d2c-483e-9e41-f30068588b97@group-95E284FF4F57-LeaderElection11
2023-04-02 14:01:36,425 [3598537c-2d2c-483e-9e41-f30068588b97@group-6E5A162D5865-LeaderElection10] INFO  impl.LeaderElection (LeaderElection.java:askForVotes(312)) - 3598537c-2d2c-483e-9e41-f30068588b97@group-6E5A162D5865-LeaderElection10 PRE_VOTE round 0: submit vote requests at term 0 for -1: peers:[3598537c-2d2c-483e-9e41-f30068588b97|rpc:10.1.0.35:36519|dataStream:10.1.0.35:39781|priority:1|startupRole:FOLLOWER]|listeners:[], old=null
2023-04-02 14:01:36,425 [3598537c-2d2c-483e-9e41-f30068588b97@group-6E5A162D5865-LeaderElection10] INFO  impl.LeaderElection (LeaderElection.java:askForVotes(314)) - 3598537c-2d2c-483e-9e41-f30068588b97@group-6E5A162D5865-LeaderElection10 PRE_VOTE round 0: result PASSED (term=0)
2023-04-02 14:01:36,425 [3598537c-2d2c-483e-9e41-f30068588b97@group-95E284FF4F57-LeaderElection11] INFO  impl.LeaderElection (LeaderElection.java:askForVotes(312)) - 3598537c-2d2c-483e-9e41-f30068588b97@group-95E284FF4F57-LeaderElection11 PRE_VOTE round 0: submit vote requests at term 0 for -1: peers:[3598537c-2d2c-483e-9e41-f30068588b97|rpc:10.1.0.35:36519|dataStream:10.1.0.35:39781|priority:0|startupRole:FOLLOWER, 2b490ca0-945f-4f4c-9e95-7ff37cc96b4c|rpc:10.1.0.35:36527|dataStream:10.1.0.35:35243|priority:0|startupRole:FOLLOWER, 1fb39430-fcdd-414e-946c-d9923f8003ee|rpc:10.1.0.35:34435|dataStream:10.1.0.35:44291|priority:1|startupRole:FOLLOWER]|listeners:[], old=null
2023-04-02 14:01:36,425 [3598537c-2d2c-483e-9e41-f30068588b97@group-95E284FF4F57-LeaderElection11-1] INFO  server.GrpcServerProtocolClient (GrpcServerProtocolClient.java:<init>(63)) - Build channel for 2b490ca0-945f-4f4c-9e95-7ff37cc96b4c
2023-04-02 14:01:36,426 [3598537c-2d2c-483e-9e41-f30068588b97@group-6E5A162D5865-LeaderElection10] INFO  impl.LeaderElection (LeaderElection.java:askForVotes(312)) - 3598537c-2d2c-483e-9e41-f30068588b97@group-6E5A162D5865-LeaderElection10 ELECTION round 0: submit vote requests at term 1 for -1: peers:[3598537c-2d2c-483e-9e41-f30068588b97|rpc:10.1.0.35:36519|dataStream:10.1.0.35:39781|priority:1|startupRole:FOLLOWER]|listeners:[], old=null
2023-04-02 14:01:36,426 [3598537c-2d2c-483e-9e41-f30068588b97@group-6E5A162D5865-LeaderElection10] INFO  impl.LeaderElection (LeaderElection.java:askForVotes(314)) - 3598537c-2d2c-483e-9e41-f30068588b97@group-6E5A162D5865-LeaderElection10 ELECTION round 0: result PASSED (term=1)
2023-04-02 14:01:36,427 [3598537c-2d2c-483e-9e41-f30068588b97@group-6E5A162D5865-LeaderElection10] INFO  impl.RoleInfo (RoleInfo.java:shutdownLeaderElection(130)) - 3598537c-2d2c-483e-9e41-f30068588b97: shutdown 3598537c-2d2c-483e-9e41-f30068588b97@group-6E5A162D5865-LeaderElection10
2023-04-02 14:01:36,427 [3598537c-2d2c-483e-9e41-f30068588b97@group-6E5A162D5865-LeaderElection10] INFO  server.RaftServer$Division (RaftServerImpl.java:setRole(321)) - 3598537c-2d2c-483e-9e41-f30068588b97@group-6E5A162D5865: changes role from CANDIDATE to LEADER at term 1 for changeToLeader
2023-04-02 14:01:36,427 [3598537c-2d2c-483e-9e41-f30068588b97@group-6E5A162D5865-LeaderElection10] INFO  ratis.XceiverServerRatis (XceiverServerRatis.java:handleLeaderChangedNotification(904)) - Leader change notification received for group: group-6E5A162D5865 with new leaderId: 3598537c-2d2c-483e-9e41-f30068588b97
2023-04-02 14:01:36,428 [3598537c-2d2c-483e-9e41-f30068588b97@group-6E5A162D5865-LeaderElection10] INFO  server.RaftServer$Division (ServerState.java:setLeader(313)) - 3598537c-2d2c-483e-9e41-f30068588b97@group-6E5A162D5865: change Leader from null to 3598537c-2d2c-483e-9e41-f30068588b97 at term 1 for becomeLeader, leader elected after 5083ms
2023-04-02 14:01:36,428 [3598537c-2d2c-483e-9e41-f30068588b97@group-95E284FF4F57-LeaderElection11] INFO  server.RaftServerConfigKeys (ConfUtils.java:logFallback(53)) - raft.server.rpc.first-election.timeout.min = 5s (fallback to raft.server.rpc.timeout.min)
2023-04-02 14:01:36,428 [3598537c-2d2c-483e-9e41-f30068588b97@group-95E284FF4F57-LeaderElection11] INFO  server.RaftServerConfigKeys (ConfUtils.java:logFallback(53)) - raft.server.rpc.first-election.timeout.max = 5200ms (fallback to raft.server.rpc.timeout.max)
2023-04-02 14:01:36,428 [3598537c-2d2c-483e-9e41-f30068588b97@group-95E284FF4F57-LeaderElection11-2] INFO  server.GrpcServerProtocolClient (GrpcServerProtocolClient.java:<init>(63)) - Build channel for 1fb39430-fcdd-414e-946c-d9923f8003ee
2023-04-02 14:01:36,428 [3598537c-2d2c-483e-9e41-f30068588b97@group-6E5A162D5865-LeaderElection10] INFO  server.RaftServerConfigKeys (ConfUtils.java:logGet(46)) - raft.server.staging.catchup.gap = 1000 (default)
2023-04-02 14:01:36,429 [EventQueue-OpenPipelineForHealthyPipelineSafeModeRule] INFO  safemode.SCMSafeModeManager (HealthyPipelineSafeModeRule.java:process(137)) - SCM in safe mode. Healthy pipelines reported count is 0, required healthy pipeline reported count is 1
2023-04-02 14:01:36,435 [3598537c-2d2c-483e-9e41-f30068588b97@group-6E5A162D5865-LeaderElection10] INFO  server.RaftServerConfigKeys (ConfUtils.java:logGet(46)) - raft.server.write.element-limit = 1024 (custom)
2023-04-02 14:01:36,435 [3598537c-2d2c-483e-9e41-f30068588b97@group-6E5A162D5865-LeaderElection10] INFO  server.RaftServerConfigKeys (ConfUtils.java:logGet(46)) - raft.server.write.byte-limit = 1024 M (=1073741824) (custom)
2023-04-02 14:01:36,436 [3598537c-2d2c-483e-9e41-f30068588b97@group-6E5A162D5865-LeaderElection10] INFO  server.RaftServerConfigKeys (ConfUtils.java:logGet(46)) - raft.server.watch.timeout = 10000ms (default)
2023-04-02 14:01:36,436 [3598537c-2d2c-483e-9e41-f30068588b97@group-6E5A162D5865-LeaderElection10] INFO  server.RaftServerConfigKeys (ConfUtils.java:logGet(46)) - raft.server.watch.timeout.denomination = 1s (default)
2023-04-02 14:01:36,436 [3598537c-2d2c-483e-9e41-f30068588b97@group-6E5A162D5865-LeaderElection10] INFO  server.RaftServerConfigKeys (ConfUtils.java:logGet(46)) - raft.server.watch.element-limit = 65536 (default)
2023-04-02 14:01:36,436 [3598537c-2d2c-483e-9e41-f30068588b97@group-6E5A162D5865-LeaderElection10] INFO  server.RaftServerConfigKeys (ConfUtils.java:logGet(46)) - raft.server.write.element-limit = 1024 (custom)
2023-04-02 14:01:36,440 [3598537c-2d2c-483e-9e41-f30068588b97@group-6E5A162D5865-LeaderElection10] INFO  server.RaftServerConfigKeys (ConfUtils.java:logGet(46)) - raft.server.write.follower.gap.ratio.max = -1.0 (default)
2023-04-02 14:01:36,440 [3598537c-2d2c-483e-9e41-f30068588b97@group-6E5A162D5865-LeaderElection10] INFO  impl.RoleInfo (RoleInfo.java:updateAndGet(139)) - 3598537c-2d2c-483e-9e41-f30068588b97: start 3598537c-2d2c-483e-9e41-f30068588b97@group-6E5A162D5865-LeaderStateImpl
2023-04-02 14:01:36,440 [3598537c-2d2c-483e-9e41-f30068588b97@group-6E5A162D5865-LeaderElection10] INFO  segmented.SegmentedRaftLogWorker (SegmentedRaftLogWorker.java:startLogSegment(452)) - 3598537c-2d2c-483e-9e41-f30068588b97@group-6E5A162D5865-SegmentedRaftLogWorker: Starting segment from index:0
2023-04-02 14:01:36,441 [3598537c-2d2c-483e-9e41-f30068588b97@group-6E5A162D5865-SegmentedRaftLogWorker] INFO  segmented.SegmentedRaftLogWorker (SegmentedRaftLogWorker.java:execute(656)) - 3598537c-2d2c-483e-9e41-f30068588b97@group-6E5A162D5865-SegmentedRaftLogWorker: created new log segment /home/runner/work/ozone/ozone/hadoop-ozone/integration-test/target/test-dir/MiniOzoneClusterImpl-bc27570d-a894-40b9-be9a-008fe3dc8683/datanode-0/data/ratis/eee22719-bc20-43f6-bd0b-6e5a162d5865/current/log_inprogress_0
2023-04-02 14:01:36,443 [3598537c-2d2c-483e-9e41-f30068588b97@group-6E5A162D5865-LeaderElection10] INFO  server.RaftServer$Division (ServerState.java:setRaftConf(430)) - 3598537c-2d2c-483e-9e41-f30068588b97@group-6E5A162D5865: set configuration 0: peers:[3598537c-2d2c-483e-9e41-f30068588b97|rpc:10.1.0.35:36519|dataStream:10.1.0.35:39781|priority:1|startupRole:FOLLOWER]|listeners:[], old=null
2023-04-02 14:01:36,444 [grpc-default-executor-0] INFO  server.RaftServer$Division (RaftServerImpl.java:requestVote(1218)) - 2b490ca0-945f-4f4c-9e95-7ff37cc96b4c@group-95E284FF4F57: receive requestVote(PRE_VOTE, 3598537c-2d2c-483e-9e41-f30068588b97, group-95E284FF4F57, 0, (t:0, i:0))
2023-04-02 14:01:36,444 [grpc-default-executor-0] INFO  impl.VoteContext (VoteContext.java:log(49)) - 2b490ca0-945f-4f4c-9e95-7ff37cc96b4c@group-95E284FF4F57-FOLLOWER: accept PRE_VOTE from 3598537c-2d2c-483e-9e41-f30068588b97: our priority 0 <= candidate's priority 0
2023-04-02 14:01:36,444 [grpc-default-executor-0] INFO  server.RaftServer$Division (RaftServerImpl.java:requestVote(1251)) - 2b490ca0-945f-4f4c-9e95-7ff37cc96b4c@group-95E284FF4F57 replies to PRE_VOTE vote request: 3598537c-2d2c-483e-9e41-f30068588b97<-2b490ca0-945f-4f4c-9e95-7ff37cc96b4c#0:OK-t0. Peer's state: 2b490ca0-945f-4f4c-9e95-7ff37cc96b4c@group-95E284FF4F57:t0, leader=null, voted=, raftlog=Memoized:2b490ca0-945f-4f4c-9e95-7ff37cc96b4c@group-95E284FF4F57-SegmentedRaftLog:OPENED:c-1, conf=-1: peers:[3598537c-2d2c-483e-9e41-f30068588b97|rpc:10.1.0.35:36519|dataStream:10.1.0.35:39781|priority:0|startupRole:FOLLOWER, 2b490ca0-945f-4f4c-9e95-7ff37cc96b4c|rpc:10.1.0.35:36527|dataStream:10.1.0.35:35243|priority:0|startupRole:FOLLOWER, 1fb39430-fcdd-414e-946c-d9923f8003ee|rpc:10.1.0.35:34435|dataStream:10.1.0.35:44291|priority:1|startupRole:FOLLOWER]|listeners:[], old=null
2023-04-02 14:01:36,451 [grpc-default-executor-1] INFO  server.RaftServer$Division (RaftServerImpl.java:requestVote(1218)) - 1fb39430-fcdd-414e-946c-d9923f8003ee@group-95E284FF4F57: receive requestVote(PRE_VOTE, 3598537c-2d2c-483e-9e41-f30068588b97, group-95E284FF4F57, 0, (t:0, i:0))
2023-04-02 14:01:36,451 [grpc-default-executor-1] INFO  impl.VoteContext (VoteContext.java:log(49)) - 1fb39430-fcdd-414e-946c-d9923f8003ee@group-95E284FF4F57-FOLLOWER: reject PRE_VOTE from 3598537c-2d2c-483e-9e41-f30068588b97: our priority 1 > candidate's priority 0
2023-04-02 14:01:36,451 [grpc-default-executor-1] INFO  server.RaftServer$Division (RaftServerImpl.java:requestVote(1251)) - 1fb39430-fcdd-414e-946c-d9923f8003ee@group-95E284FF4F57 replies to PRE_VOTE vote request: 3598537c-2d2c-483e-9e41-f30068588b97<-1fb39430-fcdd-414e-946c-d9923f8003ee#0:FAIL-t0. Peer's state: 1fb39430-fcdd-414e-946c-d9923f8003ee@group-95E284FF4F57:t0, leader=null, voted=, raftlog=Memoized:1fb39430-fcdd-414e-946c-d9923f8003ee@group-95E284FF4F57-SegmentedRaftLog:OPENED:c-1, conf=-1: peers:[3598537c-2d2c-483e-9e41-f30068588b97|rpc:10.1.0.35:36519|dataStream:10.1.0.35:39781|priority:0|startupRole:FOLLOWER, 2b490ca0-945f-4f4c-9e95-7ff37cc96b4c|rpc:10.1.0.35:36527|dataStream:10.1.0.35:35243|priority:0|startupRole:FOLLOWER, 1fb39430-fcdd-414e-946c-d9923f8003ee|rpc:10.1.0.35:34435|dataStream:10.1.0.35:44291|priority:1|startupRole:FOLLOWER]|listeners:[], old=null
2023-04-02 14:01:36,452 [3598537c-2d2c-483e-9e41-f30068588b97@group-6E5A162D5865-StateMachineUpdater] INFO  ratis.ContainerStateMachine (ContainerStateMachine.java:takeSnapshot(330)) - group-6E5A162D5865: Taking a snapshot at:(t:1, i:0) file /home/runner/work/ozone/ozone/hadoop-ozone/integration-test/target/test-dir/MiniOzoneClusterImpl-bc27570d-a894-40b9-be9a-008fe3dc8683/datanode-0/data/ratis/eee22719-bc20-43f6-bd0b-6e5a162d5865/sm/snapshot.1_0
2023-04-02 14:01:36,453 [3598537c-2d2c-483e-9e41-f30068588b97@group-6E5A162D5865-StateMachineUpdater] INFO  ratis.ContainerStateMachine (ContainerStateMachine.java:takeSnapshot(341)) - group-6E5A162D5865: Finished taking a snapshot at:(t:1, i:0) file:/home/runner/work/ozone/ozone/hadoop-ozone/integration-test/target/test-dir/MiniOzoneClusterImpl-bc27570d-a894-40b9-be9a-008fe3dc8683/datanode-0/data/ratis/eee22719-bc20-43f6-bd0b-6e5a162d5865/sm/snapshot.1_0 took: 1 ms
2023-04-02 14:01:36,453 [3598537c-2d2c-483e-9e41-f30068588b97@group-6E5A162D5865-StateMachineUpdater] INFO  impl.StateMachineUpdater (StateMachineUpdater.java:takeSnapshot(287)) - 3598537c-2d2c-483e-9e41-f30068588b97@group-6E5A162D5865-StateMachineUpdater: Took a snapshot at index 0
2023-04-02 14:01:36,453 [3598537c-2d2c-483e-9e41-f30068588b97@group-6E5A162D5865-StateMachineUpdater] INFO  impl.StateMachineUpdater (StateMachineUpdater.java:lambda$new$0(92)) - 3598537c-2d2c-483e-9e41-f30068588b97@group-6E5A162D5865-StateMachineUpdater: snapshotIndex: updateIncreasingly -1 -> 0
2023-04-02 14:01:36,457 [3598537c-2d2c-483e-9e41-f30068588b97@group-95E284FF4F57-LeaderElection11] INFO  impl.LeaderElection (LeaderElection.java:logAndReturn(90)) - 3598537c-2d2c-483e-9e41-f30068588b97@group-95E284FF4F57-LeaderElection11: PRE_VOTE REJECTED received 1 response(s) and 0 exception(s):
2023-04-02 14:01:36,457 [3598537c-2d2c-483e-9e41-f30068588b97@group-95E284FF4F57-LeaderElection11] INFO  impl.LeaderElection (LeaderElection.java:logAndReturn(94)) -   Response 0: 3598537c-2d2c-483e-9e41-f30068588b97<-1fb39430-fcdd-414e-946c-d9923f8003ee#0:FAIL-t0
2023-04-02 14:01:36,457 [3598537c-2d2c-483e-9e41-f30068588b97@group-95E284FF4F57-LeaderElection11] INFO  impl.LeaderElection (LeaderElection.java:askForVotes(314)) - 3598537c-2d2c-483e-9e41-f30068588b97@group-95E284FF4F57-LeaderElection11 PRE_VOTE round 0: result REJECTED
2023-04-02 14:01:36,457 [3598537c-2d2c-483e-9e41-f30068588b97@group-95E284FF4F57-LeaderElection11] INFO  server.RaftServer$Division (RaftServerImpl.java:setRole(321)) - 3598537c-2d2c-483e-9e41-f30068588b97@group-95E284FF4F57: changes role from CANDIDATE to FOLLOWER at term 0 for REJECTED
2023-04-02 14:01:36,457 [3598537c-2d2c-483e-9e41-f30068588b97@group-95E284FF4F57-LeaderElection11] INFO  impl.RoleInfo (RoleInfo.java:shutdownLeaderElection(130)) - 3598537c-2d2c-483e-9e41-f30068588b97: shutdown 3598537c-2d2c-483e-9e41-f30068588b97@group-95E284FF4F57-LeaderElection11
2023-04-02 14:01:36,457 [3598537c-2d2c-483e-9e41-f30068588b97@group-95E284FF4F57-LeaderElection11] INFO  impl.RoleInfo (RoleInfo.java:updateAndGet(139)) - 3598537c-2d2c-483e-9e41-f30068588b97: start 3598537c-2d2c-483e-9e41-f30068588b97@group-95E284FF4F57-FollowerState
2023-04-02 14:01:36,458 [3598537c-2d2c-483e-9e41-f30068588b97@group-95E284FF4F57-FollowerState] INFO  server.RaftServerConfigKeys (ConfUtils.java:logFallback(53)) - raft.server.rpc.first-election.timeout.min = 5s (fallback to raft.server.rpc.timeout.min)
2023-04-02 14:01:36,458 [3598537c-2d2c-483e-9e41-f30068588b97@group-95E284FF4F57-FollowerState] INFO  server.RaftServerConfigKeys (ConfUtils.java:logFallback(53)) - raft.server.rpc.first-election.timeout.max = 5200ms (fallback to raft.server.rpc.timeout.max)
2023-04-02 14:01:36,574 [2b490ca0-945f-4f4c-9e95-7ff37cc96b4c@group-95E284FF4F57-FollowerState] INFO  server.RaftServerConfigKeys (ConfUtils.java:logFallback(53)) - raft.server.rpc.first-election.timeout.min = 5s (fallback to raft.server.rpc.timeout.min)
2023-04-02 14:01:36,574 [2b490ca0-945f-4f4c-9e95-7ff37cc96b4c@group-95E284FF4F57-FollowerState] INFO  server.RaftServerConfigKeys (ConfUtils.java:logFallback(53)) - raft.server.rpc.first-election.timeout.max = 5200ms (fallback to raft.server.rpc.timeout.max)
2023-04-02 14:01:36,609 [EventQueue-OpenPipelineForHealthyPipelineSafeModeRule] INFO  safemode.SCMSafeModeManager (HealthyPipelineSafeModeRule.java:process(137)) - SCM in safe mode. Healthy pipelines reported count is 0, required healthy pipeline reported count is 1
2023-04-02 14:01:36,788 [2b490ca0-945f-4f4c-9e95-7ff37cc96b4c@group-425F6AD3A5B2-FollowerState] INFO  impl.FollowerState (FollowerState.java:run(143)) - 2b490ca0-945f-4f4c-9e95-7ff37cc96b4c@group-425F6AD3A5B2-FollowerState: change to CANDIDATE, lastRpcElapsedTime:5014677399ns, electionTimeout:5002ms
2023-04-02 14:01:36,789 [2b490ca0-945f-4f4c-9e95-7ff37cc96b4c@group-425F6AD3A5B2-FollowerState] INFO  impl.RoleInfo (RoleInfo.java:shutdownFollowerState(110)) - 2b490ca0-945f-4f4c-9e95-7ff37cc96b4c: shutdown 2b490ca0-945f-4f4c-9e95-7ff37cc96b4c@group-425F6AD3A5B2-FollowerState
2023-04-02 14:01:36,789 [2b490ca0-945f-4f4c-9e95-7ff37cc96b4c@group-425F6AD3A5B2-FollowerState] INFO  server.RaftServer$Division (RaftServerImpl.java:setRole(321)) - 2b490ca0-945f-4f4c-9e95-7ff37cc96b4c@group-425F6AD3A5B2: changes role from  FOLLOWER to CANDIDATE at term 0 for changeToCandidate
2023-04-02 14:01:36,789 [2b490ca0-945f-4f4c-9e95-7ff37cc96b4c@group-425F6AD3A5B2-FollowerState] INFO  server.RaftServerConfigKeys (ConfUtils.java:logGet(46)) - raft.server.leaderelection.pre-vote = true (default)
2023-04-02 14:01:36,789 [2b490ca0-945f-4f4c-9e95-7ff37cc96b4c@group-425F6AD3A5B2-FollowerState] INFO  impl.RoleInfo (RoleInfo.java:updateAndGet(139)) - 2b490ca0-945f-4f4c-9e95-7ff37cc96b4c: start 2b490ca0-945f-4f4c-9e95-7ff37cc96b4c@group-425F6AD3A5B2-LeaderElection12
2023-04-02 14:01:36,791 [2b490ca0-945f-4f4c-9e95-7ff37cc96b4c@group-425F6AD3A5B2-LeaderElection12] INFO  impl.LeaderElection (LeaderElection.java:askForVotes(312)) - 2b490ca0-945f-4f4c-9e95-7ff37cc96b4c@group-425F6AD3A5B2-LeaderElection12 PRE_VOTE round 0: submit vote requests at term 0 for -1: peers:[2b490ca0-945f-4f4c-9e95-7ff37cc96b4c|rpc:10.1.0.35:36527|dataStream:10.1.0.35:35243|priority:1|startupRole:FOLLOWER]|listeners:[], old=null
2023-04-02 14:01:36,791 [2b490ca0-945f-4f4c-9e95-7ff37cc96b4c@group-425F6AD3A5B2-LeaderElection12] INFO  impl.LeaderElection (LeaderElection.java:askForVotes(314)) - 2b490ca0-945f-4f4c-9e95-7ff37cc96b4c@group-425F6AD3A5B2-LeaderElection12 PRE_VOTE round 0: result PASSED (term=0)
2023-04-02 14:01:36,793 [2b490ca0-945f-4f4c-9e95-7ff37cc96b4c@group-425F6AD3A5B2-LeaderElection12] INFO  impl.LeaderElection (LeaderElection.java:askForVotes(312)) - 2b490ca0-945f-4f4c-9e95-7ff37cc96b4c@group-425F6AD3A5B2-LeaderElection12 ELECTION round 0: submit vote requests at term 1 for -1: peers:[2b490ca0-945f-4f4c-9e95-7ff37cc96b4c|rpc:10.1.0.35:36527|dataStream:10.1.0.35:35243|priority:1|startupRole:FOLLOWER]|listeners:[], old=null
2023-04-02 14:01:36,793 [2b490ca0-945f-4f4c-9e95-7ff37cc96b4c@group-425F6AD3A5B2-LeaderElection12] INFO  impl.LeaderElection (LeaderElection.java:askForVotes(314)) - 2b490ca0-945f-4f4c-9e95-7ff37cc96b4c@group-425F6AD3A5B2-LeaderElection12 ELECTION round 0: result PASSED (term=1)
2023-04-02 14:01:36,793 [2b490ca0-945f-4f4c-9e95-7ff37cc96b4c@group-425F6AD3A5B2-LeaderElection12] INFO  impl.RoleInfo (RoleInfo.java:shutdownLeaderElection(130)) - 2b490ca0-945f-4f4c-9e95-7ff37cc96b4c: shutdown 2b490ca0-945f-4f4c-9e95-7ff37cc96b4c@group-425F6AD3A5B2-LeaderElection12
2023-04-02 14:01:36,793 [2b490ca0-945f-4f4c-9e95-7ff37cc96b4c@group-425F6AD3A5B2-LeaderElection12] INFO  server.RaftServer$Division (RaftServerImpl.java:setRole(321)) - 2b490ca0-945f-4f4c-9e95-7ff37cc96b4c@group-425F6AD3A5B2: changes role from CANDIDATE to LEADER at term 1 for changeToLeader
2023-04-02 14:01:36,793 [2b490ca0-945f-4f4c-9e95-7ff37cc96b4c@group-425F6AD3A5B2-LeaderElection12] INFO  ratis.XceiverServerRatis (XceiverServerRatis.java:handleLeaderChangedNotification(904)) - Leader change notification received for group: group-425F6AD3A5B2 with new leaderId: 2b490ca0-945f-4f4c-9e95-7ff37cc96b4c
2023-04-02 14:01:36,794 [2b490ca0-945f-4f4c-9e95-7ff37cc96b4c@group-425F6AD3A5B2-LeaderElection12] INFO  server.RaftServer$Division (ServerState.java:setLeader(313)) - 2b490ca0-945f-4f4c-9e95-7ff37cc96b4c@group-425F6AD3A5B2: change Leader from null to 2b490ca0-945f-4f4c-9e95-7ff37cc96b4c at term 1 for becomeLeader, leader elected after 5050ms
2023-04-02 14:01:36,794 [2b490ca0-945f-4f4c-9e95-7ff37cc96b4c@group-425F6AD3A5B2-LeaderElection12] INFO  server.RaftServerConfigKeys (ConfUtils.java:logGet(46)) - raft.server.staging.catchup.gap = 1000 (default)
2023-04-02 14:01:36,794 [2b490ca0-945f-4f4c-9e95-7ff37cc96b4c@group-425F6AD3A5B2-LeaderElection12] INFO  server.RaftServerConfigKeys (ConfUtils.java:logGet(46)) - raft.server.write.element-limit = 1024 (custom)
2023-04-02 14:01:36,794 [2b490ca0-945f-4f4c-9e95-7ff37cc96b4c@group-425F6AD3A5B2-LeaderElection12] INFO  server.RaftServerConfigKeys (ConfUtils.java:logGet(46)) - raft.server.write.byte-limit = 1024 M (=1073741824) (custom)
2023-04-02 14:01:36,794 [2b490ca0-945f-4f4c-9e95-7ff37cc96b4c@group-425F6AD3A5B2-LeaderElection12] INFO  server.RaftServerConfigKeys (ConfUtils.java:logGet(46)) - raft.server.watch.timeout = 10000ms (default)
2023-04-02 14:01:36,794 [2b490ca0-945f-4f4c-9e95-7ff37cc96b4c@group-425F6AD3A5B2-LeaderElection12] INFO  server.RaftServerConfigKeys (ConfUtils.java:logGet(46)) - raft.server.watch.timeout.denomination = 1s (default)
2023-04-02 14:01:36,794 [EventQueue-OpenPipelineForHealthyPipelineSafeModeRule] INFO  safemode.SCMSafeModeManager (HealthyPipelineSafeModeRule.java:process(137)) - SCM in safe mode. Healthy pipelines reported count is 0, required healthy pipeline reported count is 1
2023-04-02 14:01:36,795 [2b490ca0-945f-4f4c-9e95-7ff37cc96b4c@group-425F6AD3A5B2-LeaderElection12] INFO  server.RaftServerConfigKeys (ConfUtils.java:logGet(46)) - raft.server.watch.element-limit = 65536 (default)
2023-04-02 14:01:36,795 [2b490ca0-945f-4f4c-9e95-7ff37cc96b4c@group-425F6AD3A5B2-LeaderElection12] INFO  server.RaftServerConfigKeys (ConfUtils.java:logGet(46)) - raft.server.write.element-limit = 1024 (custom)
2023-04-02 14:01:36,795 [2b490ca0-945f-4f4c-9e95-7ff37cc96b4c@group-425F6AD3A5B2-LeaderElection12] INFO  server.RaftServerConfigKeys (ConfUtils.java:logGet(46)) - raft.server.write.follower.gap.ratio.max = -1.0 (default)
2023-04-02 14:01:36,795 [2b490ca0-945f-4f4c-9e95-7ff37cc96b4c@group-425F6AD3A5B2-LeaderElection12] INFO  impl.RoleInfo (RoleInfo.java:updateAndGet(139)) - 2b490ca0-945f-4f4c-9e95-7ff37cc96b4c: start 2b490ca0-945f-4f4c-9e95-7ff37cc96b4c@group-425F6AD3A5B2-LeaderStateImpl
2023-04-02 14:01:36,795 [2b490ca0-945f-4f4c-9e95-7ff37cc96b4c@group-425F6AD3A5B2-LeaderElection12] INFO  segmented.SegmentedRaftLogWorker (SegmentedRaftLogWorker.java:startLogSegment(452)) - 2b490ca0-945f-4f4c-9e95-7ff37cc96b4c@group-425F6AD3A5B2-SegmentedRaftLogWorker: Starting segment from index:0
2023-04-02 14:01:36,796 [EventQueue-OpenPipelineForHealthyPipelineSafeModeRule] INFO  safemode.SCMSafeModeManager (HealthyPipelineSafeModeRule.java:process(137)) - SCM in safe mode. Healthy pipelines reported count is 0, required healthy pipeline reported count is 1
2023-04-02 14:01:36,796 [2b490ca0-945f-4f4c-9e95-7ff37cc96b4c@group-425F6AD3A5B2-SegmentedRaftLogWorker] INFO  segmented.SegmentedRaftLogWorker (SegmentedRaftLogWorker.java:execute(656)) - 2b490ca0-945f-4f4c-9e95-7ff37cc96b4c@group-425F6AD3A5B2-SegmentedRaftLogWorker: created new log segment /home/runner/work/ozone/ozone/hadoop-ozone/integration-test/target/test-dir/MiniOzoneClusterImpl-bc27570d-a894-40b9-be9a-008fe3dc8683/datanode-1/data/ratis/dfbee987-4d80-44c0-af2d-425f6ad3a5b2/current/log_inprogress_0
2023-04-02 14:01:36,797 [2b490ca0-945f-4f4c-9e95-7ff37cc96b4c@group-425F6AD3A5B2-LeaderElection12] INFO  server.RaftServer$Division (ServerState.java:setRaftConf(430)) - 2b490ca0-945f-4f4c-9e95-7ff37cc96b4c@group-425F6AD3A5B2: set configuration 0: peers:[2b490ca0-945f-4f4c-9e95-7ff37cc96b4c|rpc:10.1.0.35:36527|dataStream:10.1.0.35:35243|priority:1|startupRole:FOLLOWER]|listeners:[], old=null
2023-04-02 14:01:36,803 [2b490ca0-945f-4f4c-9e95-7ff37cc96b4c@group-425F6AD3A5B2-StateMachineUpdater] INFO  ratis.ContainerStateMachine (ContainerStateMachine.java:takeSnapshot(330)) - group-425F6AD3A5B2: Taking a snapshot at:(t:1, i:0) file /home/runner/work/ozone/ozone/hadoop-ozone/integration-test/target/test-dir/MiniOzoneClusterImpl-bc27570d-a894-40b9-be9a-008fe3dc8683/datanode-1/data/ratis/dfbee987-4d80-44c0-af2d-425f6ad3a5b2/sm/snapshot.1_0
2023-04-02 14:01:36,804 [2b490ca0-945f-4f4c-9e95-7ff37cc96b4c@group-425F6AD3A5B2-StateMachineUpdater] INFO  ratis.ContainerStateMachine (ContainerStateMachine.java:takeSnapshot(341)) - group-425F6AD3A5B2: Finished taking a snapshot at:(t:1, i:0) file:/home/runner/work/ozone/ozone/hadoop-ozone/integration-test/target/test-dir/MiniOzoneClusterImpl-bc27570d-a894-40b9-be9a-008fe3dc8683/datanode-1/data/ratis/dfbee987-4d80-44c0-af2d-425f6ad3a5b2/sm/snapshot.1_0 took: 0 ms
2023-04-02 14:01:36,804 [2b490ca0-945f-4f4c-9e95-7ff37cc96b4c@group-425F6AD3A5B2-StateMachineUpdater] INFO  impl.StateMachineUpdater (StateMachineUpdater.java:takeSnapshot(287)) - 2b490ca0-945f-4f4c-9e95-7ff37cc96b4c@group-425F6AD3A5B2-StateMachineUpdater: Took a snapshot at index 0
2023-04-02 14:01:36,804 [2b490ca0-945f-4f4c-9e95-7ff37cc96b4c@group-425F6AD3A5B2-StateMachineUpdater] INFO  impl.StateMachineUpdater (StateMachineUpdater.java:lambda$new$0(92)) - 2b490ca0-945f-4f4c-9e95-7ff37cc96b4c@group-425F6AD3A5B2-StateMachineUpdater: snapshotIndex: updateIncreasingly -1 -> 0
2023-04-02 14:01:36,808 [1fb39430-fcdd-414e-946c-d9923f8003ee@group-95E284FF4F57-FollowerState] INFO  impl.FollowerState (FollowerState.java:run(143)) - 1fb39430-fcdd-414e-946c-d9923f8003ee@group-95E284FF4F57-FollowerState: change to CANDIDATE, lastRpcElapsedTime:5054789704ns, electionTimeout:5052ms
2023-04-02 14:01:36,808 [1fb39430-fcdd-414e-946c-d9923f8003ee@group-95E284FF4F57-FollowerState] INFO  impl.RoleInfo (RoleInfo.java:shutdownFollowerState(110)) - 1fb39430-fcdd-414e-946c-d9923f8003ee: shutdown 1fb39430-fcdd-414e-946c-d9923f8003ee@group-95E284FF4F57-FollowerState
2023-04-02 14:01:36,808 [1fb39430-fcdd-414e-946c-d9923f8003ee@group-95E284FF4F57-FollowerState] INFO  server.RaftServer$Division (RaftServerImpl.java:setRole(321)) - 1fb39430-fcdd-414e-946c-d9923f8003ee@group-95E284FF4F57: changes role from  FOLLOWER to CANDIDATE at term 0 for changeToCandidate
2023-04-02 14:01:36,808 [1fb39430-fcdd-414e-946c-d9923f8003ee@group-95E284FF4F57-FollowerState] INFO  server.RaftServerConfigKeys (ConfUtils.java:logGet(46)) - raft.server.leaderelection.pre-vote = true (default)
2023-04-02 14:01:36,808 [1fb39430-fcdd-414e-946c-d9923f8003ee@group-95E284FF4F57-FollowerState] INFO  impl.RoleInfo (RoleInfo.java:updateAndGet(139)) - 1fb39430-fcdd-414e-946c-d9923f8003ee: start 1fb39430-fcdd-414e-946c-d9923f8003ee@group-95E284FF4F57-LeaderElection13
2023-04-02 14:01:36,814 [1fb39430-fcdd-414e-946c-d9923f8003ee@group-95E284FF4F57-LeaderElection13] INFO  impl.LeaderElection (LeaderElection.java:askForVotes(312)) - 1fb39430-fcdd-414e-946c-d9923f8003ee@group-95E284FF4F57-LeaderElection13 PRE_VOTE round 0: submit vote requests at term 0 for -1: peers:[3598537c-2d2c-483e-9e41-f30068588b97|rpc:10.1.0.35:36519|dataStream:10.1.0.35:39781|priority:0|startupRole:FOLLOWER, 2b490ca0-945f-4f4c-9e95-7ff37cc96b4c|rpc:10.1.0.35:36527|dataStream:10.1.0.35:35243|priority:0|startupRole:FOLLOWER, 1fb39430-fcdd-414e-946c-d9923f8003ee|rpc:10.1.0.35:34435|dataStream:10.1.0.35:44291|priority:1|startupRole:FOLLOWER]|listeners:[], old=null
2023-04-02 14:01:36,814 [1fb39430-fcdd-414e-946c-d9923f8003ee@group-95E284FF4F57-LeaderElection13-1] INFO  server.GrpcServerProtocolClient (GrpcServerProtocolClient.java:<init>(63)) - Build channel for 3598537c-2d2c-483e-9e41-f30068588b97
2023-04-02 14:01:36,817 [1fb39430-fcdd-414e-946c-d9923f8003ee@group-95E284FF4F57-LeaderElection13] INFO  server.RaftServerConfigKeys (ConfUtils.java:logFallback(53)) - raft.server.rpc.first-election.timeout.min = 5s (fallback to raft.server.rpc.timeout.min)
2023-04-02 14:01:36,818 [1fb39430-fcdd-414e-946c-d9923f8003ee@group-95E284FF4F57-LeaderElection13] INFO  server.RaftServerConfigKeys (ConfUtils.java:logFallback(53)) - raft.server.rpc.first-election.timeout.max = 5200ms (fallback to raft.server.rpc.timeout.max)
2023-04-02 14:01:36,819 [1fb39430-fcdd-414e-946c-d9923f8003ee@group-95E284FF4F57-LeaderElection13-2] INFO  server.GrpcServerProtocolClient (GrpcServerProtocolClient.java:<init>(63)) - Build channel for 2b490ca0-945f-4f4c-9e95-7ff37cc96b4c
2023-04-02 14:01:36,824 [grpc-default-executor-1] INFO  server.RaftServer$Division (RaftServerImpl.java:requestVote(1218)) - 3598537c-2d2c-483e-9e41-f30068588b97@group-95E284FF4F57: receive requestVote(PRE_VOTE, 1fb39430-fcdd-414e-946c-d9923f8003ee, group-95E284FF4F57, 0, (t:0, i:0))
2023-04-02 14:01:36,824 [grpc-default-executor-1] INFO  impl.VoteContext (VoteContext.java:log(49)) - 3598537c-2d2c-483e-9e41-f30068588b97@group-95E284FF4F57-FOLLOWER: accept PRE_VOTE from 1fb39430-fcdd-414e-946c-d9923f8003ee: our priority 0 <= candidate's priority 1
2023-04-02 14:01:36,824 [grpc-default-executor-1] INFO  server.RaftServer$Division (RaftServerImpl.java:requestVote(1251)) - 3598537c-2d2c-483e-9e41-f30068588b97@group-95E284FF4F57 replies to PRE_VOTE vote request: 1fb39430-fcdd-414e-946c-d9923f8003ee<-3598537c-2d2c-483e-9e41-f30068588b97#0:OK-t0. Peer's state: 3598537c-2d2c-483e-9e41-f30068588b97@group-95E284FF4F57:t0, leader=null, voted=, raftlog=Memoized:3598537c-2d2c-483e-9e41-f30068588b97@group-95E284FF4F57-SegmentedRaftLog:OPENED:c-1, conf=-1: peers:[3598537c-2d2c-483e-9e41-f30068588b97|rpc:10.1.0.35:36519|dataStream:10.1.0.35:39781|priority:0|startupRole:FOLLOWER, 2b490ca0-945f-4f4c-9e95-7ff37cc96b4c|rpc:10.1.0.35:36527|dataStream:10.1.0.35:35243|priority:0|startupRole:FOLLOWER, 1fb39430-fcdd-414e-946c-d9923f8003ee|rpc:10.1.0.35:34435|dataStream:10.1.0.35:44291|priority:1|startupRole:FOLLOWER]|listeners:[], old=null
2023-04-02 14:01:36,829 [1fb39430-fcdd-414e-946c-d9923f8003ee@group-95E284FF4F57-LeaderElection13] INFO  impl.LeaderElection (LeaderElection.java:logAndReturn(90)) - 1fb39430-fcdd-414e-946c-d9923f8003ee@group-95E284FF4F57-LeaderElection13: PRE_VOTE PASSED received 1 response(s) and 0 exception(s):
2023-04-02 14:01:36,829 [1fb39430-fcdd-414e-946c-d9923f8003ee@group-95E284FF4F57-LeaderElection13] INFO  impl.LeaderElection (LeaderElection.java:logAndReturn(94)) -   Response 0: 1fb39430-fcdd-414e-946c-d9923f8003ee<-3598537c-2d2c-483e-9e41-f30068588b97#0:OK-t0
2023-04-02 14:01:36,829 [1fb39430-fcdd-414e-946c-d9923f8003ee@group-95E284FF4F57-LeaderElection13] INFO  impl.LeaderElection (LeaderElection.java:askForVotes(314)) - 1fb39430-fcdd-414e-946c-d9923f8003ee@group-95E284FF4F57-LeaderElection13 PRE_VOTE round 0: result PASSED
2023-04-02 14:01:36,830 [EventQueue-OpenPipelineForHealthyPipelineSafeModeRule] INFO  safemode.SCMSafeModeManager (HealthyPipelineSafeModeRule.java:process(137)) - SCM in safe mode. Healthy pipelines reported count is 0, required healthy pipeline reported count is 1
2023-04-02 14:01:36,831 [1fb39430-fcdd-414e-946c-d9923f8003ee@group-95E284FF4F57-LeaderElection13] INFO  impl.LeaderElection (LeaderElection.java:askForVotes(312)) - 1fb39430-fcdd-414e-946c-d9923f8003ee@group-95E284FF4F57-LeaderElection13 ELECTION round 0: submit vote requests at term 1 for -1: peers:[3598537c-2d2c-483e-9e41-f30068588b97|rpc:10.1.0.35:36519|dataStream:10.1.0.35:39781|priority:0|startupRole:FOLLOWER, 2b490ca0-945f-4f4c-9e95-7ff37cc96b4c|rpc:10.1.0.35:36527|dataStream:10.1.0.35:35243|priority:0|startupRole:FOLLOWER, 1fb39430-fcdd-414e-946c-d9923f8003ee|rpc:10.1.0.35:34435|dataStream:10.1.0.35:44291|priority:1|startupRole:FOLLOWER]|listeners:[], old=null
2023-04-02 14:01:36,839 [1fb39430-fcdd-414e-946c-d9923f8003ee@group-95E284FF4F57-LeaderElection13] INFO  server.RaftServerConfigKeys (ConfUtils.java:logFallback(53)) - raft.server.rpc.first-election.timeout.min = 5s (fallback to raft.server.rpc.timeout.min)
2023-04-02 14:01:36,839 [grpc-default-executor-1] INFO  server.RaftServer$Division (RaftServerImpl.java:requestVote(1218)) - 2b490ca0-945f-4f4c-9e95-7ff37cc96b4c@group-95E284FF4F57: receive requestVote(PRE_VOTE, 1fb39430-fcdd-414e-946c-d9923f8003ee, group-95E284FF4F57, 0, (t:0, i:0))
2023-04-02 14:01:36,839 [grpc-default-executor-1] INFO  impl.VoteContext (VoteContext.java:log(49)) - 2b490ca0-945f-4f4c-9e95-7ff37cc96b4c@group-95E284FF4F57-FOLLOWER: accept PRE_VOTE from 1fb39430-fcdd-414e-946c-d9923f8003ee: our priority 0 <= candidate's priority 1
2023-04-02 14:01:36,839 [grpc-default-executor-1] INFO  server.RaftServer$Division (RaftServerImpl.java:requestVote(1251)) - 2b490ca0-945f-4f4c-9e95-7ff37cc96b4c@group-95E284FF4F57 replies to PRE_VOTE vote request: 1fb39430-fcdd-414e-946c-d9923f8003ee<-2b490ca0-945f-4f4c-9e95-7ff37cc96b4c#0:OK-t0. Peer's state: 2b490ca0-945f-4f4c-9e95-7ff37cc96b4c@group-95E284FF4F57:t0, leader=null, voted=, raftlog=Memoized:2b490ca0-945f-4f4c-9e95-7ff37cc96b4c@group-95E284FF4F57-SegmentedRaftLog:OPENED:c-1, conf=-1: peers:[3598537c-2d2c-483e-9e41-f30068588b97|rpc:10.1.0.35:36519|dataStream:10.1.0.35:39781|priority:0|startupRole:FOLLOWER, 2b490ca0-945f-4f4c-9e95-7ff37cc96b4c|rpc:10.1.0.35:36527|dataStream:10.1.0.35:35243|priority:0|startupRole:FOLLOWER, 1fb39430-fcdd-414e-946c-d9923f8003ee|rpc:10.1.0.35:34435|dataStream:10.1.0.35:44291|priority:1|startupRole:FOLLOWER]|listeners:[], old=null
2023-04-02 14:01:36,841 [grpc-default-executor-0] INFO  server.RaftServer$Division (RaftServerImpl.java:requestVote(1218)) - 3598537c-2d2c-483e-9e41-f30068588b97@group-95E284FF4F57: receive requestVote(ELECTION, 1fb39430-fcdd-414e-946c-d9923f8003ee, group-95E284FF4F57, 1, (t:0, i:0))
2023-04-02 14:01:36,841 [grpc-default-executor-0] INFO  impl.VoteContext (VoteContext.java:log(49)) - 3598537c-2d2c-483e-9e41-f30068588b97@group-95E284FF4F57-FOLLOWER: accept ELECTION from 1fb39430-fcdd-414e-946c-d9923f8003ee: our priority 0 <= candidate's priority 1
2023-04-02 14:01:36,841 [grpc-default-executor-0] INFO  server.RaftServer$Division (RaftServerImpl.java:setRole(321)) - 3598537c-2d2c-483e-9e41-f30068588b97@group-95E284FF4F57: changes role from  FOLLOWER to FOLLOWER at term 1 for candidate:1fb39430-fcdd-414e-946c-d9923f8003ee
2023-04-02 14:01:36,841 [grpc-default-executor-0] INFO  impl.RoleInfo (RoleInfo.java:shutdownFollowerState(110)) - 3598537c-2d2c-483e-9e41-f30068588b97: shutdown 3598537c-2d2c-483e-9e41-f30068588b97@group-95E284FF4F57-FollowerState
2023-04-02 14:01:36,839 [1fb39430-fcdd-414e-946c-d9923f8003ee@group-95E284FF4F57-LeaderElection13] INFO  server.RaftServerConfigKeys (ConfUtils.java:logFallback(53)) - raft.server.rpc.first-election.timeout.max = 5200ms (fallback to raft.server.rpc.timeout.max)
2023-04-02 14:01:36,841 [3598537c-2d2c-483e-9e41-f30068588b97@group-95E284FF4F57-FollowerState] INFO  impl.FollowerState (FollowerState.java:run(152)) - 3598537c-2d2c-483e-9e41-f30068588b97@group-95E284FF4F57-FollowerState was interrupted
2023-04-02 14:01:36,841 [grpc-default-executor-0] INFO  impl.RoleInfo (RoleInfo.java:updateAndGet(139)) - 3598537c-2d2c-483e-9e41-f30068588b97: start 3598537c-2d2c-483e-9e41-f30068588b97@group-95E284FF4F57-FollowerState
2023-04-02 14:01:36,843 [grpc-default-executor-1] INFO  server.RaftServer$Division (RaftServerImpl.java:requestVote(1218)) - 2b490ca0-945f-4f4c-9e95-7ff37cc96b4c@group-95E284FF4F57: receive requestVote(ELECTION, 1fb39430-fcdd-414e-946c-d9923f8003ee, group-95E284FF4F57, 1, (t:0, i:0))
2023-04-02 14:01:36,843 [grpc-default-executor-1] INFO  impl.VoteContext (VoteContext.java:log(49)) - 2b490ca0-945f-4f4c-9e95-7ff37cc96b4c@group-95E284FF4F57-FOLLOWER: accept ELECTION from 1fb39430-fcdd-414e-946c-d9923f8003ee: our priority 0 <= candidate's priority 1
2023-04-02 14:01:36,843 [grpc-default-executor-1] INFO  server.RaftServer$Division (RaftServerImpl.java:setRole(321)) - 2b490ca0-945f-4f4c-9e95-7ff37cc96b4c@group-95E284FF4F57: changes role from  FOLLOWER to FOLLOWER at term 1 for candidate:1fb39430-fcdd-414e-946c-d9923f8003ee
2023-04-02 14:01:36,843 [grpc-default-executor-1] INFO  impl.RoleInfo (RoleInfo.java:shutdownFollowerState(110)) - 2b490ca0-945f-4f4c-9e95-7ff37cc96b4c: shutdown 2b490ca0-945f-4f4c-9e95-7ff37cc96b4c@group-95E284FF4F57-FollowerState
2023-04-02 14:01:36,843 [3598537c-2d2c-483e-9e41-f30068588b97@group-95E284FF4F57-FollowerState] INFO  server.RaftServerConfigKeys (ConfUtils.java:logFallback(53)) - raft.server.rpc.first-election.timeout.min = 5s (fallback to raft.server.rpc.timeout.min)
2023-04-02 14:01:36,843 [3598537c-2d2c-483e-9e41-f30068588b97@group-95E284FF4F57-FollowerState] INFO  server.RaftServerConfigKeys (ConfUtils.java:logFallback(53)) - raft.server.rpc.first-election.timeout.max = 5200ms (fallback to raft.server.rpc.timeout.max)
2023-04-02 14:01:36,843 [grpc-default-executor-1] INFO  impl.RoleInfo (RoleInfo.java:updateAndGet(139)) - 2b490ca0-945f-4f4c-9e95-7ff37cc96b4c: start 2b490ca0-945f-4f4c-9e95-7ff37cc96b4c@group-95E284FF4F57-FollowerState
2023-04-02 14:01:36,844 [2b490ca0-945f-4f4c-9e95-7ff37cc96b4c@group-95E284FF4F57-FollowerState] INFO  impl.FollowerState (FollowerState.java:run(152)) - 2b490ca0-945f-4f4c-9e95-7ff37cc96b4c@group-95E284FF4F57-FollowerState was interrupted
2023-04-02 14:01:36,844 [2b490ca0-945f-4f4c-9e95-7ff37cc96b4c@group-95E284FF4F57-FollowerState] INFO  server.RaftServerConfigKeys (ConfUtils.java:logFallback(53)) - raft.server.rpc.first-election.timeout.min = 5s (fallback to raft.server.rpc.timeout.min)
2023-04-02 14:01:36,845 [grpc-default-executor-0] INFO  server.RaftServer$Division (RaftServerImpl.java:requestVote(1251)) - 3598537c-2d2c-483e-9e41-f30068588b97@group-95E284FF4F57 replies to ELECTION vote request: 1fb39430-fcdd-414e-946c-d9923f8003ee<-3598537c-2d2c-483e-9e41-f30068588b97#0:OK-t1. Peer's state: 3598537c-2d2c-483e-9e41-f30068588b97@group-95E284FF4F57:t1, leader=null, voted=1fb39430-fcdd-414e-946c-d9923f8003ee, raftlog=Memoized:3598537c-2d2c-483e-9e41-f30068588b97@group-95E284FF4F57-SegmentedRaftLog:OPENED:c-1, conf=-1: peers:[3598537c-2d2c-483e-9e41-f30068588b97|rpc:10.1.0.35:36519|dataStream:10.1.0.35:39781|priority:0|startupRole:FOLLOWER, 2b490ca0-945f-4f4c-9e95-7ff37cc96b4c|rpc:10.1.0.35:36527|dataStream:10.1.0.35:35243|priority:0|startupRole:FOLLOWER, 1fb39430-fcdd-414e-946c-d9923f8003ee|rpc:10.1.0.35:34435|dataStream:10.1.0.35:44291|priority:1|startupRole:FOLLOWER]|listeners:[], old=null
2023-04-02 14:01:36,845 [grpc-default-executor-1] INFO  server.RaftServer$Division (RaftServerImpl.java:requestVote(1251)) - 2b490ca0-945f-4f4c-9e95-7ff37cc96b4c@group-95E284FF4F57 replies to ELECTION vote request: 1fb39430-fcdd-414e-946c-d9923f8003ee<-2b490ca0-945f-4f4c-9e95-7ff37cc96b4c#0:OK-t1. Peer's state: 2b490ca0-945f-4f4c-9e95-7ff37cc96b4c@group-95E284FF4F57:t1, leader=null, voted=1fb39430-fcdd-414e-946c-d9923f8003ee, raftlog=Memoized:2b490ca0-945f-4f4c-9e95-7ff37cc96b4c@group-95E284FF4F57-SegmentedRaftLog:OPENED:c-1, conf=-1: peers:[3598537c-2d2c-483e-9e41-f30068588b97|rpc:10.1.0.35:36519|dataStream:10.1.0.35:39781|priority:0|startupRole:FOLLOWER, 2b490ca0-945f-4f4c-9e95-7ff37cc96b4c|rpc:10.1.0.35:36527|dataStream:10.1.0.35:35243|priority:0|startupRole:FOLLOWER, 1fb39430-fcdd-414e-946c-d9923f8003ee|rpc:10.1.0.35:34435|dataStream:10.1.0.35:44291|priority:1|startupRole:FOLLOWER]|listeners:[], old=null
2023-04-02 14:01:36,846 [1fb39430-fcdd-414e-946c-d9923f8003ee@group-95E284FF4F57-LeaderElection13] INFO  impl.LeaderElection (LeaderElection.java:logAndReturn(90)) - 1fb39430-fcdd-414e-946c-d9923f8003ee@group-95E284FF4F57-LeaderElection13: ELECTION PASSED received 1 response(s) and 0 exception(s):
2023-04-02 14:01:36,846 [1fb39430-fcdd-414e-946c-d9923f8003ee@group-95E284FF4F57-LeaderElection13] INFO  impl.LeaderElection (LeaderElection.java:logAndReturn(94)) -   Response 0: 1fb39430-fcdd-414e-946c-d9923f8003ee<-3598537c-2d2c-483e-9e41-f30068588b97#0:OK-t1
2023-04-02 14:01:36,846 [1fb39430-fcdd-414e-946c-d9923f8003ee@group-95E284FF4F57-LeaderElection13] INFO  impl.LeaderElection (LeaderElection.java:askForVotes(314)) - 1fb39430-fcdd-414e-946c-d9923f8003ee@group-95E284FF4F57-LeaderElection13 ELECTION round 0: result PASSED
2023-04-02 14:01:36,846 [1fb39430-fcdd-414e-946c-d9923f8003ee@group-95E284FF4F57-LeaderElection13] INFO  impl.RoleInfo (RoleInfo.java:shutdownLeaderElection(130)) - 1fb39430-fcdd-414e-946c-d9923f8003ee: shutdown 1fb39430-fcdd-414e-946c-d9923f8003ee@group-95E284FF4F57-LeaderElection13
2023-04-02 14:01:36,846 [1fb39430-fcdd-414e-946c-d9923f8003ee@group-95E284FF4F57-LeaderElection13] INFO  server.RaftServer$Division (RaftServerImpl.java:setRole(321)) - 1fb39430-fcdd-414e-946c-d9923f8003ee@group-95E284FF4F57: changes role from CANDIDATE to LEADER at term 1 for changeToLeader
2023-04-02 14:01:36,846 [1fb39430-fcdd-414e-946c-d9923f8003ee@group-95E284FF4F57-LeaderElection13] INFO  ratis.XceiverServerRatis (XceiverServerRatis.java:handleLeaderChangedNotification(904)) - Leader change notification received for group: group-95E284FF4F57 with new leaderId: 1fb39430-fcdd-414e-946c-d9923f8003ee
2023-04-02 14:01:36,847 [1fb39430-fcdd-414e-946c-d9923f8003ee@group-95E284FF4F57-LeaderElection13] INFO  server.RaftServer$Division (ServerState.java:setLeader(313)) - 1fb39430-fcdd-414e-946c-d9923f8003ee@group-95E284FF4F57: change Leader from null to 1fb39430-fcdd-414e-946c-d9923f8003ee at term 1 for becomeLeader, leader elected after 5375ms
2023-04-02 14:01:36,847 [1fb39430-fcdd-414e-946c-d9923f8003ee@group-95E284FF4F57-LeaderElection13] INFO  server.RaftServerConfigKeys (ConfUtils.java:logGet(46)) - raft.server.staging.catchup.gap = 1000 (default)
2023-04-02 14:01:36,847 [1fb39430-fcdd-414e-946c-d9923f8003ee@group-95E284FF4F57-LeaderElection13] INFO  server.RaftServerConfigKeys (ConfUtils.java:logGet(46)) - raft.server.write.element-limit = 1024 (custom)
2023-04-02 14:01:36,847 [1fb39430-fcdd-414e-946c-d9923f8003ee@group-95E284FF4F57-LeaderElection13] INFO  server.RaftServerConfigKeys (ConfUtils.java:logGet(46)) - raft.server.write.byte-limit = 1024 M (=1073741824) (custom)
2023-04-02 14:01:36,847 [1fb39430-fcdd-414e-946c-d9923f8003ee@group-95E284FF4F57-LeaderElection13] INFO  server.RaftServerConfigKeys (ConfUtils.java:logGet(46)) - raft.server.watch.timeout = 10000ms (default)
2023-04-02 14:01:36,847 [1fb39430-fcdd-414e-946c-d9923f8003ee@group-95E284FF4F57-LeaderElection13] INFO  server.RaftServerConfigKeys (ConfUtils.java:logGet(46)) - raft.server.watch.timeout.denomination = 1s (default)
2023-04-02 14:01:36,847 [1fb39430-fcdd-414e-946c-d9923f8003ee@group-95E284FF4F57-LeaderElection13] INFO  server.RaftServerConfigKeys (ConfUtils.java:logGet(46)) - raft.server.watch.element-limit = 65536 (default)
2023-04-02 14:01:36,847 [1fb39430-fcdd-414e-946c-d9923f8003ee@group-95E284FF4F57-LeaderElection13] INFO  server.RaftServerConfigKeys (ConfUtils.java:logGet(46)) - raft.server.write.element-limit = 1024 (custom)
2023-04-02 14:01:36,847 [1fb39430-fcdd-414e-946c-d9923f8003ee@group-95E284FF4F57-LeaderElection13] INFO  server.RaftServerConfigKeys (ConfUtils.java:logGet(46)) - raft.server.write.follower.gap.ratio.max = -1.0 (default)
2023-04-02 14:01:36,849 [1fb39430-fcdd-414e-946c-d9923f8003ee@group-95E284FF4F57-LeaderElection13] INFO  server.RaftServerConfigKeys (ConfUtils.java:logGet(46)) - raft.server.log.appender.snapshot.chunk.size.max = 16MB (=16777216) (default)
2023-04-02 14:01:36,849 [1fb39430-fcdd-414e-946c-d9923f8003ee@group-95E284FF4F57-LeaderElection13] INFO  server.RaftServerConfigKeys (ConfUtils.java:logGet(46)) - raft.server.log.appender.buffer.byte-limit = 33554432 (custom)
2023-04-02 14:01:36,850 [1fb39430-fcdd-414e-946c-d9923f8003ee@group-95E284FF4F57-LeaderElection13] INFO  server.RaftServerConfigKeys (ConfUtils.java:logGet(46)) - raft.server.log.appender.buffer.element-limit = 1 (custom)
2023-04-02 14:01:36,850 [1fb39430-fcdd-414e-946c-d9923f8003ee@group-95E284FF4F57-LeaderElection13] INFO  grpc.GrpcConfigKeys (ConfUtils.java:logGet(46)) - raft.grpc.server.leader.outstanding.appends.max = 128 (default)
2023-04-02 14:01:36,850 [1fb39430-fcdd-414e-946c-d9923f8003ee@group-95E284FF4F57-LeaderElection13] INFO  server.RaftServerConfigKeys (ConfUtils.java:logGet(46)) - raft.server.rpc.request.timeout = 3000ms (default)
2023-04-02 14:01:36,850 [1fb39430-fcdd-414e-946c-d9923f8003ee@group-95E284FF4F57-LeaderElection13] INFO  server.RaftServerConfigKeys (ConfUtils.java:logGet(46)) - raft.server.log.appender.install.snapshot.enabled = false (custom)
2023-04-02 14:01:36,850 [1fb39430-fcdd-414e-946c-d9923f8003ee@group-95E284FF4F57-LeaderElection13] INFO  grpc.GrpcConfigKeys (ConfUtils.java:logGet(46)) - raft.grpc.server.heartbeat.channel = true (default)
2023-04-02 14:01:36,850 [1fb39430-fcdd-414e-946c-d9923f8003ee@group-95E284FF4F57-LeaderElection13] INFO  server.RaftServerConfigKeys (ConfUtils.java:logGet(46)) - raft.server.log.appender.wait-time.min = 10ms (default)
2023-04-02 14:01:36,850 [1fb39430-fcdd-414e-946c-d9923f8003ee@group-95E284FF4F57-LeaderElection13] INFO  server.RaftServerConfigKeys (ConfUtils.java:logGet(46)) - raft.server.log.appender.snapshot.chunk.size.max = 16MB (=16777216) (default)
2023-04-02 14:01:36,851 [1fb39430-fcdd-414e-946c-d9923f8003ee@group-95E284FF4F57-LeaderElection13] INFO  server.RaftServerConfigKeys (ConfUtils.java:logGet(46)) - raft.server.log.appender.buffer.byte-limit = 33554432 (custom)
2023-04-02 14:01:36,851 [1fb39430-fcdd-414e-946c-d9923f8003ee@group-95E284FF4F57-LeaderElection13] INFO  server.RaftServerConfigKeys (ConfUtils.java:logGet(46)) - raft.server.log.appender.buffer.element-limit = 1 (custom)
2023-04-02 14:01:36,851 [1fb39430-fcdd-414e-946c-d9923f8003ee@group-95E284FF4F57-LeaderElection13] INFO  grpc.GrpcConfigKeys (ConfUtils.java:logGet(46)) - raft.grpc.server.leader.outstanding.appends.max = 128 (default)
2023-04-02 14:01:36,851 [1fb39430-fcdd-414e-946c-d9923f8003ee@group-95E284FF4F57-LeaderElection13] INFO  server.RaftServerConfigKeys (ConfUtils.java:logGet(46)) - raft.server.rpc.request.timeout = 3000ms (default)
2023-04-02 14:01:36,851 [1fb39430-fcdd-414e-946c-d9923f8003ee@group-95E284FF4F57-LeaderElection13] INFO  server.RaftServerConfigKeys (ConfUtils.java:logGet(46)) - raft.server.log.appender.install.snapshot.enabled = false (custom)
2023-04-02 14:01:36,851 [1fb39430-fcdd-414e-946c-d9923f8003ee@group-95E284FF4F57-LeaderElection13] INFO  grpc.GrpcConfigKeys (ConfUtils.java:logGet(46)) - raft.grpc.server.heartbeat.channel = true (default)
2023-04-02 14:01:36,851 [1fb39430-fcdd-414e-946c-d9923f8003ee@group-95E284FF4F57-LeaderElection13] INFO  server.RaftServerConfigKeys (ConfUtils.java:logGet(46)) - raft.server.log.appender.wait-time.min = 10ms (default)
2023-04-02 14:01:36,851 [1fb39430-fcdd-414e-946c-d9923f8003ee@group-95E284FF4F57-LeaderElection13] INFO  impl.RoleInfo (RoleInfo.java:updateAndGet(139)) - 1fb39430-fcdd-414e-946c-d9923f8003ee: start 1fb39430-fcdd-414e-946c-d9923f8003ee@group-95E284FF4F57-LeaderStateImpl
2023-04-02 14:01:36,851 [1fb39430-fcdd-414e-946c-d9923f8003ee@group-95E284FF4F57-LeaderElection13] INFO  segmented.SegmentedRaftLogWorker (SegmentedRaftLogWorker.java:startLogSegment(452)) - 1fb39430-fcdd-414e-946c-d9923f8003ee@group-95E284FF4F57-SegmentedRaftLogWorker: Starting segment from index:0
2023-04-02 14:01:36,852 [EventQueue-PipelineReportForPipelineReportHandler] INFO  pipeline.PipelineManagerImpl (PipelineManagerImpl.java:openPipeline(367)) - Pipeline Pipeline[ Id: 839edd7b-d036-4bc5-89f8-95e284ff4f57, Nodes: 3598537c-2d2c-483e-9e41-f30068588b97(fv-az449-305.jvjgdiodbn4ungrcbaap0pmvbb.dx.internal.cloudapp.net/10.1.0.35)2b490ca0-945f-4f4c-9e95-7ff37cc96b4c(fv-az449-305.jvjgdiodbn4ungrcbaap0pmvbb.dx.internal.cloudapp.net/10.1.0.35)1fb39430-fcdd-414e-946c-d9923f8003ee(fv-az449-305.jvjgdiodbn4ungrcbaap0pmvbb.dx.internal.cloudapp.net/10.1.0.35), ReplicationConfig: RATIS/THREE, State:ALLOCATED, leaderId:1fb39430-fcdd-414e-946c-d9923f8003ee, CreationTimestamp2023-04-02T14:01:29.187Z[Etc/UTC]] moved to OPEN state
2023-04-02 14:01:36,852 [EventQueue-OpenPipelineForHealthyPipelineSafeModeRule] INFO  safemode.SCMSafeModeManager (HealthyPipelineSafeModeRule.java:process(137)) - SCM in safe mode. Healthy pipelines reported count is 1, required healthy pipeline reported count is 1
2023-04-02 14:01:36,853 [EventQueue-OpenPipelineForHealthyPipelineSafeModeRule] INFO  safemode.SCMSafeModeManager (SCMSafeModeManager.java:validateSafeModeExitRules(200)) - HealthyPipelineSafeModeRule rule is successfully validated
2023-04-02 14:01:36,853 [EventQueue-OpenPipelineForHealthyPipelineSafeModeRule] INFO  safemode.SCMSafeModeManager (SCMSafeModeManager.java:validateSafeModeExitRules(215)) - ScmSafeModeManager, all rules are successfully validated
2023-04-02 14:01:36,853 [EventQueue-OpenPipelineForHealthyPipelineSafeModeRule] INFO  safemode.SCMSafeModeManager (SCMSafeModeManager.java:exitSafeMode(244)) - SCM exiting safe mode.
2023-04-02 14:01:36,853 [EventQueue-OpenPipelineForHealthyPipelineSafeModeRule] INFO  ha.SCMContext (SCMContext.java:updateSafeModeStatus(228)) - Update SafeModeStatus from SafeModeStatus{safeModeStatus=true, preCheckPassed=true} to SafeModeStatus{safeModeStatus=false, preCheckPassed=true}.
2023-04-02 14:01:36,853 [EventQueue-OpenPipelineForHealthyPipelineSafeModeRule] INFO  pipeline.BackgroundPipelineCreator (BackgroundPipelineCreator.java:notifyStatusChanged(254)) - Service BackgroundPipelineCreator transitions to RUNNING.
2023-04-02 14:01:36,853 [EventQueue-OpenPipelineForHealthyPipelineSafeModeRule] INFO  BackgroundPipelineScrubber (BackgroundSCMService.java:notifyStatusChanged(82)) - Service BackgroundPipelineScrubber transitions to RUNNING.
2023-04-02 14:01:36,853 [EventQueue-OpenPipelineForHealthyPipelineSafeModeRule] INFO  ExpiredContainerReplicaOpScrubber (BackgroundSCMService.java:notifyStatusChanged(82)) - Service ExpiredContainerReplicaOpScrubber transitions to RUNNING.
2023-04-02 14:01:36,853 [EventQueue-OpenPipelineForHealthyPipelineSafeModeRule] INFO  replication.ReplicationManager (ReplicationManager.java:notifyStatusChanged(1351)) - Service ReplicationManager transitions to RUNNING.
2023-04-02 14:01:36,853 [EventQueue-OpenPipelineForHealthyPipelineSafeModeRule] WARN  balancer.ContainerBalancer (ContainerBalancer.java:shouldRun(132)) - Could not find persisted configuration for ContainerBalancer when checking if ContainerBalancer should run. ContainerBalancer should not run now.
2023-04-02 14:01:36,853 [2b490ca0-945f-4f4c-9e95-7ff37cc96b4c@group-95E284FF4F57-FollowerState] INFO  server.RaftServerConfigKeys (ConfUtils.java:logFallback(53)) - raft.server.rpc.first-election.timeout.max = 5200ms (fallback to raft.server.rpc.timeout.max)
2023-04-02 14:01:36,856 [1fb39430-fcdd-414e-946c-d9923f8003ee@group-95E284FF4F57-LeaderElection13] INFO  server.RaftServer$Division (ServerState.java:setRaftConf(430)) - 1fb39430-fcdd-414e-946c-d9923f8003ee@group-95E284FF4F57: set configuration 0: peers:[3598537c-2d2c-483e-9e41-f30068588b97|rpc:10.1.0.35:36519|dataStream:10.1.0.35:39781|priority:0|startupRole:FOLLOWER, 2b490ca0-945f-4f4c-9e95-7ff37cc96b4c|rpc:10.1.0.35:36527|dataStream:10.1.0.35:35243|priority:0|startupRole:FOLLOWER, 1fb39430-fcdd-414e-946c-d9923f8003ee|rpc:10.1.0.35:34435|dataStream:10.1.0.35:44291|priority:1|startupRole:FOLLOWER]|listeners:[], old=null
2023-04-02 14:01:36,864 [3598537c-2d2c-483e-9e41-f30068588b97-server-thread1] INFO  ratis.XceiverServerRatis (XceiverServerRatis.java:handleLeaderChangedNotification(904)) - Leader change notification received for group: group-95E284FF4F57 with new leaderId: 1fb39430-fcdd-414e-946c-d9923f8003ee
2023-04-02 14:01:36,864 [3598537c-2d2c-483e-9e41-f30068588b97-server-thread1] INFO  server.RaftServer$Division (ServerState.java:setLeader(313)) - 3598537c-2d2c-483e-9e41-f30068588b97@group-95E284FF4F57: change Leader from null to 1fb39430-fcdd-414e-946c-d9923f8003ee at term 1 for appendEntries, leader elected after 5498ms
2023-04-02 14:01:36,869 [1fb39430-fcdd-414e-946c-d9923f8003ee@group-95E284FF4F57-SegmentedRaftLogWorker] INFO  segmented.SegmentedRaftLogWorker (SegmentedRaftLogWorker.java:execute(656)) - 1fb39430-fcdd-414e-946c-d9923f8003ee@group-95E284FF4F57-SegmentedRaftLogWorker: created new log segment /home/runner/work/ozone/ozone/hadoop-ozone/integration-test/target/test-dir/MiniOzoneClusterImpl-bc27570d-a894-40b9-be9a-008fe3dc8683/datanode-2/data/ratis/839edd7b-d036-4bc5-89f8-95e284ff4f57/current/log_inprogress_0
2023-04-02 14:01:36,871 [1fb39430-fcdd-414e-946c-d9923f8003ee@group-95E284FF4F57-StateMachineUpdater] INFO  ratis.ContainerStateMachine (ContainerStateMachine.java:takeSnapshot(330)) - group-95E284FF4F57: Taking a snapshot at:(t:1, i:0) file /home/runner/work/ozone/ozone/hadoop-ozone/integration-test/target/test-dir/MiniOzoneClusterImpl-bc27570d-a894-40b9-be9a-008fe3dc8683/datanode-2/data/ratis/839edd7b-d036-4bc5-89f8-95e284ff4f57/sm/snapshot.1_0
2023-04-02 14:01:36,872 [1fb39430-fcdd-414e-946c-d9923f8003ee@group-95E284FF4F57-StateMachineUpdater] INFO  ratis.ContainerStateMachine (ContainerStateMachine.java:takeSnapshot(341)) - group-95E284FF4F57: Finished taking a snapshot at:(t:1, i:0) file:/home/runner/work/ozone/ozone/hadoop-ozone/integration-test/target/test-dir/MiniOzoneClusterImpl-bc27570d-a894-40b9-be9a-008fe3dc8683/datanode-2/data/ratis/839edd7b-d036-4bc5-89f8-95e284ff4f57/sm/snapshot.1_0 took: 1 ms
2023-04-02 14:01:36,872 [1fb39430-fcdd-414e-946c-d9923f8003ee@group-95E284FF4F57-StateMachineUpdater] INFO  impl.StateMachineUpdater (StateMachineUpdater.java:takeSnapshot(287)) - 1fb39430-fcdd-414e-946c-d9923f8003ee@group-95E284FF4F57-StateMachineUpdater: Took a snapshot at index 0
2023-04-02 14:01:36,872 [1fb39430-fcdd-414e-946c-d9923f8003ee@group-95E284FF4F57-StateMachineUpdater] INFO  impl.StateMachineUpdater (StateMachineUpdater.java:lambda$new$0(92)) - 1fb39430-fcdd-414e-946c-d9923f8003ee@group-95E284FF4F57-StateMachineUpdater: snapshotIndex: updateIncreasingly -1 -> 0
2023-04-02 14:01:36,878 [2b490ca0-945f-4f4c-9e95-7ff37cc96b4c-server-thread1] INFO  ratis.XceiverServerRatis (XceiverServerRatis.java:handleLeaderChangedNotification(904)) - Leader change notification received for group: group-95E284FF4F57 with new leaderId: 1fb39430-fcdd-414e-946c-d9923f8003ee
2023-04-02 14:01:36,878 [2b490ca0-945f-4f4c-9e95-7ff37cc96b4c-server-thread1] INFO  server.RaftServer$Division (ServerState.java:setLeader(313)) - 2b490ca0-945f-4f4c-9e95-7ff37cc96b4c@group-95E284FF4F57: change Leader from null to 1fb39430-fcdd-414e-946c-d9923f8003ee at term 1 for appendEntries, leader elected after 5455ms
2023-04-02 14:01:36,886 [3598537c-2d2c-483e-9e41-f30068588b97-server-thread3] INFO  server.RaftServer$Division (ServerState.java:setRaftConf(430)) - 3598537c-2d2c-483e-9e41-f30068588b97@group-95E284FF4F57: set configuration 0: peers:[3598537c-2d2c-483e-9e41-f30068588b97|rpc:10.1.0.35:36519|dataStream:10.1.0.35:39781|priority:0|startupRole:FOLLOWER, 2b490ca0-945f-4f4c-9e95-7ff37cc96b4c|rpc:10.1.0.35:36527|dataStream:10.1.0.35:35243|priority:0|startupRole:FOLLOWER, 1fb39430-fcdd-414e-946c-d9923f8003ee|rpc:10.1.0.35:34435|dataStream:10.1.0.35:44291|priority:1|startupRole:FOLLOWER]|listeners:[], old=null
2023-04-02 14:01:36,886 [3598537c-2d2c-483e-9e41-f30068588b97-server-thread3] INFO  segmented.SegmentedRaftLogWorker (SegmentedRaftLogWorker.java:startLogSegment(452)) - 3598537c-2d2c-483e-9e41-f30068588b97@group-95E284FF4F57-SegmentedRaftLogWorker: Starting segment from index:0
2023-04-02 14:01:36,888 [3598537c-2d2c-483e-9e41-f30068588b97@group-95E284FF4F57-SegmentedRaftLogWorker] INFO  segmented.SegmentedRaftLogWorker (SegmentedRaftLogWorker.java:execute(656)) - 3598537c-2d2c-483e-9e41-f30068588b97@group-95E284FF4F57-SegmentedRaftLogWorker: created new log segment /home/runner/work/ozone/ozone/hadoop-ozone/integration-test/target/test-dir/MiniOzoneClusterImpl-bc27570d-a894-40b9-be9a-008fe3dc8683/datanode-0/data/ratis/839edd7b-d036-4bc5-89f8-95e284ff4f57/current/log_inprogress_0
2023-04-02 14:01:36,895 [3598537c-2d2c-483e-9e41-f30068588b97@group-FBA78F54F0CD-FollowerState] INFO  impl.FollowerState (FollowerState.java:run(143)) - 3598537c-2d2c-483e-9e41-f30068588b97@group-FBA78F54F0CD-FollowerState: change to CANDIDATE, lastRpcElapsedTime:5079781033ns, electionTimeout:5068ms
2023-04-02 14:01:36,895 [3598537c-2d2c-483e-9e41-f30068588b97@group-FBA78F54F0CD-FollowerState] INFO  impl.RoleInfo (RoleInfo.java:shutdownFollowerState(110)) - 3598537c-2d2c-483e-9e41-f30068588b97: shutdown 3598537c-2d2c-483e-9e41-f30068588b97@group-FBA78F54F0CD-FollowerState
2023-04-02 14:01:36,895 [3598537c-2d2c-483e-9e41-f30068588b97@group-FBA78F54F0CD-FollowerState] INFO  server.RaftServer$Division (RaftServerImpl.java:setRole(321)) - 3598537c-2d2c-483e-9e41-f30068588b97@group-FBA78F54F0CD: changes role from  FOLLOWER to CANDIDATE at term 0 for changeToCandidate
2023-04-02 14:01:36,895 [3598537c-2d2c-483e-9e41-f30068588b97@group-FBA78F54F0CD-FollowerState] INFO  server.RaftServerConfigKeys (ConfUtils.java:logGet(46)) - raft.server.leaderelection.pre-vote = true (default)
2023-04-02 14:01:36,895 [3598537c-2d2c-483e-9e41-f30068588b97@group-FBA78F54F0CD-FollowerState] INFO  impl.RoleInfo (RoleInfo.java:updateAndGet(139)) - 3598537c-2d2c-483e-9e41-f30068588b97: start 3598537c-2d2c-483e-9e41-f30068588b97@group-FBA78F54F0CD-LeaderElection14
2023-04-02 14:01:36,896 [2b490ca0-945f-4f4c-9e95-7ff37cc96b4c-server-thread3] INFO  server.RaftServer$Division (ServerState.java:setRaftConf(430)) - 2b490ca0-945f-4f4c-9e95-7ff37cc96b4c@group-95E284FF4F57: set configuration 0: peers:[3598537c-2d2c-483e-9e41-f30068588b97|rpc:10.1.0.35:36519|dataStream:10.1.0.35:39781|priority:0|startupRole:FOLLOWER, 2b490ca0-945f-4f4c-9e95-7ff37cc96b4c|rpc:10.1.0.35:36527|dataStream:10.1.0.35:35243|priority:0|startupRole:FOLLOWER, 1fb39430-fcdd-414e-946c-d9923f8003ee|rpc:10.1.0.35:34435|dataStream:10.1.0.35:44291|priority:1|startupRole:FOLLOWER]|listeners:[], old=null
2023-04-02 14:01:36,896 [2b490ca0-945f-4f4c-9e95-7ff37cc96b4c-server-thread3] INFO  segmented.SegmentedRaftLogWorker (SegmentedRaftLogWorker.java:startLogSegment(452)) - 2b490ca0-945f-4f4c-9e95-7ff37cc96b4c@group-95E284FF4F57-SegmentedRaftLogWorker: Starting segment from index:0
2023-04-02 14:01:36,898 [2b490ca0-945f-4f4c-9e95-7ff37cc96b4c@group-95E284FF4F57-SegmentedRaftLogWorker] INFO  segmented.SegmentedRaftLogWorker (SegmentedRaftLogWorker.java:execute(656)) - 2b490ca0-945f-4f4c-9e95-7ff37cc96b4c@group-95E284FF4F57-SegmentedRaftLogWorker: created new log segment /home/runner/work/ozone/ozone/hadoop-ozone/integration-test/target/test-dir/MiniOzoneClusterImpl-bc27570d-a894-40b9-be9a-008fe3dc8683/datanode-1/data/ratis/839edd7b-d036-4bc5-89f8-95e284ff4f57/current/log_inprogress_0
2023-04-02 14:01:36,898 [3598537c-2d2c-483e-9e41-f30068588b97@group-FBA78F54F0CD-LeaderElection14] INFO  impl.LeaderElection (LeaderElection.java:askForVotes(312)) - 3598537c-2d2c-483e-9e41-f30068588b97@group-FBA78F54F0CD-LeaderElection14 PRE_VOTE round 0: submit vote requests at term 0 for -1: peers:[2b490ca0-945f-4f4c-9e95-7ff37cc96b4c|rpc:10.1.0.35:36527|dataStream:10.1.0.35:35243|priority:0|startupRole:FOLLOWER, 3598537c-2d2c-483e-9e41-f30068588b97|rpc:10.1.0.35:36519|dataStream:10.1.0.35:39781|priority:1|startupRole:FOLLOWER, 1fb39430-fcdd-414e-946c-d9923f8003ee|rpc:10.1.0.35:34435|dataStream:10.1.0.35:44291|priority:0|startupRole:FOLLOWER]|listeners:[], old=null
2023-04-02 14:01:36,900 [3598537c-2d2c-483e-9e41-f30068588b97@group-FBA78F54F0CD-LeaderElection14] INFO  server.RaftServerConfigKeys (ConfUtils.java:logFallback(53)) - raft.server.rpc.first-election.timeout.min = 5s (fallback to raft.server.rpc.timeout.min)
2023-04-02 14:01:36,900 [3598537c-2d2c-483e-9e41-f30068588b97@group-FBA78F54F0CD-LeaderElection14] INFO  server.RaftServerConfigKeys (ConfUtils.java:logFallback(53)) - raft.server.rpc.first-election.timeout.max = 5200ms (fallback to raft.server.rpc.timeout.max)
2023-04-02 14:01:36,901 [2b490ca0-945f-4f4c-9e95-7ff37cc96b4c@group-95E284FF4F57-StateMachineUpdater] INFO  ratis.ContainerStateMachine (ContainerStateMachine.java:takeSnapshot(330)) - group-95E284FF4F57: Taking a snapshot at:(t:1, i:0) file /home/runner/work/ozone/ozone/hadoop-ozone/integration-test/target/test-dir/MiniOzoneClusterImpl-bc27570d-a894-40b9-be9a-008fe3dc8683/datanode-1/data/ratis/839edd7b-d036-4bc5-89f8-95e284ff4f57/sm/snapshot.1_0
2023-04-02 14:01:36,902 [grpc-default-executor-5] INFO  server.RaftServer$Division (RaftServerImpl.java:requestVote(1218)) - 1fb39430-fcdd-414e-946c-d9923f8003ee@group-FBA78F54F0CD: receive requestVote(PRE_VOTE, 3598537c-2d2c-483e-9e41-f30068588b97, group-FBA78F54F0CD, 0, (t:0, i:0))
2023-04-02 14:01:36,902 [grpc-default-executor-5] INFO  impl.VoteContext (VoteContext.java:log(49)) - 1fb39430-fcdd-414e-946c-d9923f8003ee@group-FBA78F54F0CD-FOLLOWER: accept PRE_VOTE from 3598537c-2d2c-483e-9e41-f30068588b97: our priority 0 <= candidate's priority 1
2023-04-02 14:01:36,902 [grpc-default-executor-5] INFO  server.RaftServer$Division (RaftServerImpl.java:requestVote(1251)) - 1fb39430-fcdd-414e-946c-d9923f8003ee@group-FBA78F54F0CD replies to PRE_VOTE vote request: 3598537c-2d2c-483e-9e41-f30068588b97<-1fb39430-fcdd-414e-946c-d9923f8003ee#0:OK-t0. Peer's state: 1fb39430-fcdd-414e-946c-d9923f8003ee@group-FBA78F54F0CD:t0, leader=null, voted=, raftlog=Memoized:1fb39430-fcdd-414e-946c-d9923f8003ee@group-FBA78F54F0CD-SegmentedRaftLog:OPENED:c-1, conf=-1: peers:[2b490ca0-945f-4f4c-9e95-7ff37cc96b4c|rpc:10.1.0.35:36527|dataStream:10.1.0.35:35243|priority:0|startupRole:FOLLOWER, 3598537c-2d2c-483e-9e41-f30068588b97|rpc:10.1.0.35:36519|dataStream:10.1.0.35:39781|priority:1|startupRole:FOLLOWER, 1fb39430-fcdd-414e-946c-d9923f8003ee|rpc:10.1.0.35:34435|dataStream:10.1.0.35:44291|priority:0|startupRole:FOLLOWER]|listeners:[], old=null
2023-04-02 14:01:36,903 [2b490ca0-945f-4f4c-9e95-7ff37cc96b4c@group-95E284FF4F57-StateMachineUpdater] INFO  ratis.ContainerStateMachine (ContainerStateMachine.java:takeSnapshot(341)) - group-95E284FF4F57: Finished taking a snapshot at:(t:1, i:0) file:/home/runner/work/ozone/ozone/hadoop-ozone/integration-test/target/test-dir/MiniOzoneClusterImpl-bc27570d-a894-40b9-be9a-008fe3dc8683/datanode-1/data/ratis/839edd7b-d036-4bc5-89f8-95e284ff4f57/sm/snapshot.1_0 took: 2 ms
2023-04-02 14:01:36,903 [2b490ca0-945f-4f4c-9e95-7ff37cc96b4c@group-95E284FF4F57-StateMachineUpdater] INFO  impl.StateMachineUpdater (StateMachineUpdater.java:takeSnapshot(287)) - 2b490ca0-945f-4f4c-9e95-7ff37cc96b4c@group-95E284FF4F57-StateMachineUpdater: Took a snapshot at index 0
2023-04-02 14:01:36,903 [2b490ca0-945f-4f4c-9e95-7ff37cc96b4c@group-95E284FF4F57-StateMachineUpdater] INFO  impl.StateMachineUpdater (StateMachineUpdater.java:lambda$new$0(92)) - 2b490ca0-945f-4f4c-9e95-7ff37cc96b4c@group-95E284FF4F57-StateMachineUpdater: snapshotIndex: updateIncreasingly -1 -> 0
2023-04-02 14:01:36,905 [3598537c-2d2c-483e-9e41-f30068588b97@group-FBA78F54F0CD-LeaderElection14] INFO  impl.LeaderElection (LeaderElection.java:logAndReturn(90)) - 3598537c-2d2c-483e-9e41-f30068588b97@group-FBA78F54F0CD-LeaderElection14: PRE_VOTE PASSED received 1 response(s) and 0 exception(s):
2023-04-02 14:01:36,905 [3598537c-2d2c-483e-9e41-f30068588b97@group-FBA78F54F0CD-LeaderElection14] INFO  impl.LeaderElection (LeaderElection.java:logAndReturn(94)) -   Response 0: 3598537c-2d2c-483e-9e41-f30068588b97<-1fb39430-fcdd-414e-946c-d9923f8003ee#0:OK-t0
2023-04-02 14:01:36,905 [3598537c-2d2c-483e-9e41-f30068588b97@group-FBA78F54F0CD-LeaderElection14] INFO  impl.LeaderElection (LeaderElection.java:askForVotes(314)) - 3598537c-2d2c-483e-9e41-f30068588b97@group-FBA78F54F0CD-LeaderElection14 PRE_VOTE round 0: result PASSED
2023-04-02 14:01:36,907 [3598537c-2d2c-483e-9e41-f30068588b97@group-FBA78F54F0CD-LeaderElection14] INFO  impl.LeaderElection (LeaderElection.java:askForVotes(312)) - 3598537c-2d2c-483e-9e41-f30068588b97@group-FBA78F54F0CD-LeaderElection14 ELECTION round 0: submit vote requests at term 1 for -1: peers:[2b490ca0-945f-4f4c-9e95-7ff37cc96b4c|rpc:10.1.0.35:36527|dataStream:10.1.0.35:35243|priority:0|startupRole:FOLLOWER, 3598537c-2d2c-483e-9e41-f30068588b97|rpc:10.1.0.35:36519|dataStream:10.1.0.35:39781|priority:1|startupRole:FOLLOWER, 1fb39430-fcdd-414e-946c-d9923f8003ee|rpc:10.1.0.35:34435|dataStream:10.1.0.35:44291|priority:0|startupRole:FOLLOWER]|listeners:[], old=null
2023-04-02 14:01:36,911 [3598537c-2d2c-483e-9e41-f30068588b97@group-FBA78F54F0CD-LeaderElection14] INFO  server.RaftServerConfigKeys (ConfUtils.java:logFallback(53)) - raft.server.rpc.first-election.timeout.min = 5s (fallback to raft.server.rpc.timeout.min)
2023-04-02 14:01:36,911 [3598537c-2d2c-483e-9e41-f30068588b97@group-FBA78F54F0CD-LeaderElection14] INFO  server.RaftServerConfigKeys (ConfUtils.java:logFallback(53)) - raft.server.rpc.first-election.timeout.max = 5200ms (fallback to raft.server.rpc.timeout.max)
2023-04-02 14:01:36,911 [grpc-default-executor-5] INFO  server.RaftServer$Division (RaftServerImpl.java:requestVote(1218)) - 2b490ca0-945f-4f4c-9e95-7ff37cc96b4c@group-FBA78F54F0CD: receive requestVote(PRE_VOTE, 3598537c-2d2c-483e-9e41-f30068588b97, group-FBA78F54F0CD, 0, (t:0, i:0))
2023-04-02 14:01:36,912 [grpc-default-executor-5] INFO  impl.VoteContext (VoteContext.java:log(49)) - 2b490ca0-945f-4f4c-9e95-7ff37cc96b4c@group-FBA78F54F0CD-FOLLOWER: accept PRE_VOTE from 3598537c-2d2c-483e-9e41-f30068588b97: our priority 0 <= candidate's priority 1
2023-04-02 14:01:36,912 [grpc-default-executor-0] INFO  server.RaftServer$Division (RaftServerImpl.java:requestVote(1218)) - 2b490ca0-945f-4f4c-9e95-7ff37cc96b4c@group-FBA78F54F0CD: receive requestVote(ELECTION, 3598537c-2d2c-483e-9e41-f30068588b97, group-FBA78F54F0CD, 1, (t:0, i:0))
2023-04-02 14:01:36,912 [grpc-default-executor-5] INFO  server.RaftServer$Division (RaftServerImpl.java:requestVote(1251)) - 2b490ca0-945f-4f4c-9e95-7ff37cc96b4c@group-FBA78F54F0CD replies to PRE_VOTE vote request: 3598537c-2d2c-483e-9e41-f30068588b97<-2b490ca0-945f-4f4c-9e95-7ff37cc96b4c#0:OK-t0. Peer's state: 2b490ca0-945f-4f4c-9e95-7ff37cc96b4c@group-FBA78F54F0CD:t0, leader=null, voted=, raftlog=Memoized:2b490ca0-945f-4f4c-9e95-7ff37cc96b4c@group-FBA78F54F0CD-SegmentedRaftLog:OPENED:c-1, conf=-1: peers:[2b490ca0-945f-4f4c-9e95-7ff37cc96b4c|rpc:10.1.0.35:36527|dataStream:10.1.0.35:35243|priority:0|startupRole:FOLLOWER, 3598537c-2d2c-483e-9e41-f30068588b97|rpc:10.1.0.35:36519|dataStream:10.1.0.35:39781|priority:1|startupRole:FOLLOWER, 1fb39430-fcdd-414e-946c-d9923f8003ee|rpc:10.1.0.35:34435|dataStream:10.1.0.35:44291|priority:0|startupRole:FOLLOWER]|listeners:[], old=null
2023-04-02 14:01:36,916 [grpc-default-executor-0] INFO  impl.VoteContext (VoteContext.java:log(49)) - 2b490ca0-945f-4f4c-9e95-7ff37cc96b4c@group-FBA78F54F0CD-FOLLOWER: accept ELECTION from 3598537c-2d2c-483e-9e41-f30068588b97: our priority 0 <= candidate's priority 1
2023-04-02 14:01:36,916 [grpc-default-executor-0] INFO  server.RaftServer$Division (RaftServerImpl.java:setRole(321)) - 2b490ca0-945f-4f4c-9e95-7ff37cc96b4c@group-FBA78F54F0CD: changes role from  FOLLOWER to FOLLOWER at term 1 for candidate:3598537c-2d2c-483e-9e41-f30068588b97
2023-04-02 14:01:36,916 [grpc-default-executor-0] INFO  impl.RoleInfo (RoleInfo.java:shutdownFollowerState(110)) - 2b490ca0-945f-4f4c-9e95-7ff37cc96b4c: shutdown 2b490ca0-945f-4f4c-9e95-7ff37cc96b4c@group-FBA78F54F0CD-FollowerState
2023-04-02 14:01:36,916 [grpc-default-executor-0] INFO  impl.RoleInfo (RoleInfo.java:updateAndGet(139)) - 2b490ca0-945f-4f4c-9e95-7ff37cc96b4c: start 2b490ca0-945f-4f4c-9e95-7ff37cc96b4c@group-FBA78F54F0CD-FollowerState
2023-04-02 14:01:36,916 [2b490ca0-945f-4f4c-9e95-7ff37cc96b4c@group-FBA78F54F0CD-FollowerState] INFO  impl.FollowerState (FollowerState.java:run(152)) - 2b490ca0-945f-4f4c-9e95-7ff37cc96b4c@group-FBA78F54F0CD-FollowerState was interrupted
2023-04-02 14:01:36,918 [grpc-default-executor-5] INFO  server.RaftServer$Division (RaftServerImpl.java:requestVote(1218)) - 1fb39430-fcdd-414e-946c-d9923f8003ee@group-FBA78F54F0CD: receive requestVote(ELECTION, 3598537c-2d2c-483e-9e41-f30068588b97, group-FBA78F54F0CD, 1, (t:0, i:0))
2023-04-02 14:01:36,918 [grpc-default-executor-5] INFO  impl.VoteContext (VoteContext.java:log(49)) - 1fb39430-fcdd-414e-946c-d9923f8003ee@group-FBA78F54F0CD-FOLLOWER: accept ELECTION from 3598537c-2d2c-483e-9e41-f30068588b97: our priority 0 <= candidate's priority 1
2023-04-02 14:01:36,918 [grpc-default-executor-5] INFO  server.RaftServer$Division (RaftServerImpl.java:setRole(321)) - 1fb39430-fcdd-414e-946c-d9923f8003ee@group-FBA78F54F0CD: changes role from  FOLLOWER to FOLLOWER at term 1 for candidate:3598537c-2d2c-483e-9e41-f30068588b97
2023-04-02 14:01:36,919 [grpc-default-executor-5] INFO  impl.RoleInfo (RoleInfo.java:shutdownFollowerState(110)) - 1fb39430-fcdd-414e-946c-d9923f8003ee: shutdown 1fb39430-fcdd-414e-946c-d9923f8003ee@group-FBA78F54F0CD-FollowerState
2023-04-02 14:01:36,919 [grpc-default-executor-5] INFO  impl.RoleInfo (RoleInfo.java:updateAndGet(139)) - 1fb39430-fcdd-414e-946c-d9923f8003ee: start 1fb39430-fcdd-414e-946c-d9923f8003ee@group-FBA78F54F0CD-FollowerState
2023-04-02 14:01:36,919 [1fb39430-fcdd-414e-946c-d9923f8003ee@group-FBA78F54F0CD-FollowerState] INFO  impl.FollowerState (FollowerState.java:run(152)) - 1fb39430-fcdd-414e-946c-d9923f8003ee@group-FBA78F54F0CD-FollowerState was interrupted
2023-04-02 14:01:36,919 [2b490ca0-945f-4f4c-9e95-7ff37cc96b4c@group-FBA78F54F0CD-FollowerState] INFO  server.RaftServerConfigKeys (ConfUtils.java:logFallback(53)) - raft.server.rpc.first-election.timeout.min = 5s (fallback to raft.server.rpc.timeout.min)
2023-04-02 14:01:36,919 [2b490ca0-945f-4f4c-9e95-7ff37cc96b4c@group-FBA78F54F0CD-FollowerState] INFO  server.RaftServerConfigKeys (ConfUtils.java:logFallback(53)) - raft.server.rpc.first-election.timeout.max = 5200ms (fallback to raft.server.rpc.timeout.max)
2023-04-02 14:01:36,920 [grpc-default-executor-0] INFO  server.RaftServer$Division (RaftServerImpl.java:requestVote(1251)) - 2b490ca0-945f-4f4c-9e95-7ff37cc96b4c@group-FBA78F54F0CD replies to ELECTION vote request: 3598537c-2d2c-483e-9e41-f30068588b97<-2b490ca0-945f-4f4c-9e95-7ff37cc96b4c#0:OK-t1. Peer's state: 2b490ca0-945f-4f4c-9e95-7ff37cc96b4c@group-FBA78F54F0CD:t1, leader=null, voted=3598537c-2d2c-483e-9e41-f30068588b97, raftlog=Memoized:2b490ca0-945f-4f4c-9e95-7ff37cc96b4c@group-FBA78F54F0CD-SegmentedRaftLog:OPENED:c-1, conf=-1: peers:[2b490ca0-945f-4f4c-9e95-7ff37cc96b4c|rpc:10.1.0.35:36527|dataStream:10.1.0.35:35243|priority:0|startupRole:FOLLOWER, 3598537c-2d2c-483e-9e41-f30068588b97|rpc:10.1.0.35:36519|dataStream:10.1.0.35:39781|priority:1|startupRole:FOLLOWER, 1fb39430-fcdd-414e-946c-d9923f8003ee|rpc:10.1.0.35:34435|dataStream:10.1.0.35:44291|priority:0|startupRole:FOLLOWER]|listeners:[], old=null
2023-04-02 14:01:36,921 [3598537c-2d2c-483e-9e41-f30068588b97@group-FBA78F54F0CD-LeaderElection14] INFO  impl.LeaderElection (LeaderElection.java:logAndReturn(90)) - 3598537c-2d2c-483e-9e41-f30068588b97@group-FBA78F54F0CD-LeaderElection14: ELECTION PASSED received 1 response(s) and 0 exception(s):
2023-04-02 14:01:36,921 [3598537c-2d2c-483e-9e41-f30068588b97@group-FBA78F54F0CD-LeaderElection14] INFO  impl.LeaderElection (LeaderElection.java:logAndReturn(94)) -   Response 0: 3598537c-2d2c-483e-9e41-f30068588b97<-2b490ca0-945f-4f4c-9e95-7ff37cc96b4c#0:OK-t1
2023-04-02 14:01:36,921 [3598537c-2d2c-483e-9e41-f30068588b97@group-FBA78F54F0CD-LeaderElection14] INFO  impl.LeaderElection (LeaderElection.java:askForVotes(314)) - 3598537c-2d2c-483e-9e41-f30068588b97@group-FBA78F54F0CD-LeaderElection14 ELECTION round 0: result PASSED
2023-04-02 14:01:36,921 [3598537c-2d2c-483e-9e41-f30068588b97@group-FBA78F54F0CD-LeaderElection14] INFO  impl.RoleInfo (RoleInfo.java:shutdownLeaderElection(130)) - 3598537c-2d2c-483e-9e41-f30068588b97: shutdown 3598537c-2d2c-483e-9e41-f30068588b97@group-FBA78F54F0CD-LeaderElection14
2023-04-02 14:01:36,922 [3598537c-2d2c-483e-9e41-f30068588b97@group-FBA78F54F0CD-LeaderElection14] INFO  server.RaftServer$Division (RaftServerImpl.java:setRole(321)) - 3598537c-2d2c-483e-9e41-f30068588b97@group-FBA78F54F0CD: changes role from CANDIDATE to LEADER at term 1 for changeToLeader
2023-04-02 14:01:36,922 [3598537c-2d2c-483e-9e41-f30068588b97@group-FBA78F54F0CD-LeaderElection14] INFO  ratis.XceiverServerRatis (XceiverServerRatis.java:handleLeaderChangedNotification(904)) - Leader change notification received for group: group-FBA78F54F0CD with new leaderId: 3598537c-2d2c-483e-9e41-f30068588b97
2023-04-02 14:01:36,922 [grpc-default-executor-5] INFO  server.RaftServer$Division (RaftServerImpl.java:requestVote(1251)) - 1fb39430-fcdd-414e-946c-d9923f8003ee@group-FBA78F54F0CD replies to ELECTION vote request: 3598537c-2d2c-483e-9e41-f30068588b97<-1fb39430-fcdd-414e-946c-d9923f8003ee#0:OK-t1. Peer's state: 1fb39430-fcdd-414e-946c-d9923f8003ee@group-FBA78F54F0CD:t1, leader=null, voted=3598537c-2d2c-483e-9e41-f30068588b97, raftlog=Memoized:1fb39430-fcdd-414e-946c-d9923f8003ee@group-FBA78F54F0CD-SegmentedRaftLog:OPENED:c-1, conf=-1: peers:[2b490ca0-945f-4f4c-9e95-7ff37cc96b4c|rpc:10.1.0.35:36527|dataStream:10.1.0.35:35243|priority:0|startupRole:FOLLOWER, 3598537c-2d2c-483e-9e41-f30068588b97|rpc:10.1.0.35:36519|dataStream:10.1.0.35:39781|priority:1|startupRole:FOLLOWER, 1fb39430-fcdd-414e-946c-d9923f8003ee|rpc:10.1.0.35:34435|dataStream:10.1.0.35:44291|priority:0|startupRole:FOLLOWER]|listeners:[], old=null
2023-04-02 14:01:36,923 [1fb39430-fcdd-414e-946c-d9923f8003ee@group-FBA78F54F0CD-FollowerState] INFO  server.RaftServerConfigKeys (ConfUtils.java:logFallback(53)) - raft.server.rpc.first-election.timeout.min = 5s (fallback to raft.server.rpc.timeout.min)
2023-04-02 14:01:36,923 [1fb39430-fcdd-414e-946c-d9923f8003ee@group-FBA78F54F0CD-FollowerState] INFO  server.RaftServerConfigKeys (ConfUtils.java:logFallback(53)) - raft.server.rpc.first-election.timeout.max = 5200ms (fallback to raft.server.rpc.timeout.max)
2023-04-02 14:01:36,924 [3598537c-2d2c-483e-9e41-f30068588b97@group-FBA78F54F0CD-LeaderElection14] INFO  server.RaftServer$Division (ServerState.java:setLeader(313)) - 3598537c-2d2c-483e-9e41-f30068588b97@group-FBA78F54F0CD: change Leader from null to 3598537c-2d2c-483e-9e41-f30068588b97 at term 1 for becomeLeader, leader elected after 5133ms
2023-04-02 14:01:36,924 [3598537c-2d2c-483e-9e41-f30068588b97@group-FBA78F54F0CD-LeaderElection14] INFO  server.RaftServerConfigKeys (ConfUtils.java:logGet(46)) - raft.server.staging.catchup.gap = 1000 (default)
2023-04-02 14:01:36,924 [3598537c-2d2c-483e-9e41-f30068588b97@group-FBA78F54F0CD-LeaderElection14] INFO  server.RaftServerConfigKeys (ConfUtils.java:logGet(46)) - raft.server.write.element-limit = 1024 (custom)
2023-04-02 14:01:36,924 [3598537c-2d2c-483e-9e41-f30068588b97@group-FBA78F54F0CD-LeaderElection14] INFO  server.RaftServerConfigKeys (ConfUtils.java:logGet(46)) - raft.server.write.byte-limit = 1024 M (=1073741824) (custom)
2023-04-02 14:01:36,924 [3598537c-2d2c-483e-9e41-f30068588b97@group-FBA78F54F0CD-LeaderElection14] INFO  server.RaftServerConfigKeys (ConfUtils.java:logGet(46)) - raft.server.watch.timeout = 10000ms (default)
2023-04-02 14:01:36,924 [3598537c-2d2c-483e-9e41-f30068588b97@group-FBA78F54F0CD-LeaderElection14] INFO  server.RaftServerConfigKeys (ConfUtils.java:logGet(46)) - raft.server.watch.timeout.denomination = 1s (default)
2023-04-02 14:01:36,924 [3598537c-2d2c-483e-9e41-f30068588b97@group-FBA78F54F0CD-LeaderElection14] INFO  server.RaftServerConfigKeys (ConfUtils.java:logGet(46)) - raft.server.watch.element-limit = 65536 (default)
2023-04-02 14:01:36,925 [3598537c-2d2c-483e-9e41-f30068588b97@group-FBA78F54F0CD-LeaderElection14] INFO  server.RaftServerConfigKeys (ConfUtils.java:logGet(46)) - raft.server.write.element-limit = 1024 (custom)
2023-04-02 14:01:36,925 [3598537c-2d2c-483e-9e41-f30068588b97@group-FBA78F54F0CD-LeaderElection14] INFO  server.RaftServerConfigKeys (ConfUtils.java:logGet(46)) - raft.server.write.follower.gap.ratio.max = -1.0 (default)
2023-04-02 14:01:36,925 [3598537c-2d2c-483e-9e41-f30068588b97@group-FBA78F54F0CD-LeaderElection14] INFO  server.RaftServerConfigKeys (ConfUtils.java:logGet(46)) - raft.server.log.appender.snapshot.chunk.size.max = 16MB (=16777216) (default)
2023-04-02 14:01:36,925 [3598537c-2d2c-483e-9e41-f30068588b97@group-FBA78F54F0CD-LeaderElection14] INFO  server.RaftServerConfigKeys (ConfUtils.java:logGet(46)) - raft.server.log.appender.buffer.byte-limit = 33554432 (custom)
2023-04-02 14:01:36,925 [3598537c-2d2c-483e-9e41-f30068588b97@group-FBA78F54F0CD-LeaderElection14] INFO  server.RaftServerConfigKeys (ConfUtils.java:logGet(46)) - raft.server.log.appender.buffer.element-limit = 1 (custom)
2023-04-02 14:01:36,925 [3598537c-2d2c-483e-9e41-f30068588b97@group-FBA78F54F0CD-LeaderElection14] INFO  grpc.GrpcConfigKeys (ConfUtils.java:logGet(46)) - raft.grpc.server.leader.outstanding.appends.max = 128 (default)
2023-04-02 14:01:36,925 [3598537c-2d2c-483e-9e41-f30068588b97@group-FBA78F54F0CD-LeaderElection14] INFO  server.RaftServerConfigKeys (ConfUtils.java:logGet(46)) - raft.server.rpc.request.timeout = 3000ms (default)
2023-04-02 14:01:36,925 [3598537c-2d2c-483e-9e41-f30068588b97@group-FBA78F54F0CD-LeaderElection14] INFO  server.RaftServerConfigKeys (ConfUtils.java:logGet(46)) - raft.server.log.appender.install.snapshot.enabled = false (custom)
2023-04-02 14:01:36,925 [3598537c-2d2c-483e-9e41-f30068588b97@group-FBA78F54F0CD-LeaderElection14] INFO  grpc.GrpcConfigKeys (ConfUtils.java:logGet(46)) - raft.grpc.server.heartbeat.channel = true (default)
2023-04-02 14:01:36,925 [3598537c-2d2c-483e-9e41-f30068588b97@group-FBA78F54F0CD-LeaderElection14] INFO  server.RaftServerConfigKeys (ConfUtils.java:logGet(46)) - raft.server.log.appender.wait-time.min = 10ms (default)
2023-04-02 14:01:36,926 [3598537c-2d2c-483e-9e41-f30068588b97@group-FBA78F54F0CD-LeaderElection14] INFO  server.RaftServerConfigKeys (ConfUtils.java:logGet(46)) - raft.server.log.appender.snapshot.chunk.size.max = 16MB (=16777216) (default)
2023-04-02 14:01:36,926 [3598537c-2d2c-483e-9e41-f30068588b97@group-FBA78F54F0CD-LeaderElection14] INFO  server.RaftServerConfigKeys (ConfUtils.java:logGet(46)) - raft.server.log.appender.buffer.byte-limit = 33554432 (custom)
2023-04-02 14:01:36,926 [3598537c-2d2c-483e-9e41-f30068588b97@group-FBA78F54F0CD-LeaderElection14] INFO  server.RaftServerConfigKeys (ConfUtils.java:logGet(46)) - raft.server.log.appender.buffer.element-limit = 1 (custom)
2023-04-02 14:01:36,926 [3598537c-2d2c-483e-9e41-f30068588b97@group-FBA78F54F0CD-LeaderElection14] INFO  grpc.GrpcConfigKeys (ConfUtils.java:logGet(46)) - raft.grpc.server.leader.outstanding.appends.max = 128 (default)
2023-04-02 14:01:36,926 [3598537c-2d2c-483e-9e41-f30068588b97@group-FBA78F54F0CD-LeaderElection14] INFO  server.RaftServerConfigKeys (ConfUtils.java:logGet(46)) - raft.server.rpc.request.timeout = 3000ms (default)
2023-04-02 14:01:36,926 [3598537c-2d2c-483e-9e41-f30068588b97@group-FBA78F54F0CD-LeaderElection14] INFO  server.RaftServerConfigKeys (ConfUtils.java:logGet(46)) - raft.server.log.appender.install.snapshot.enabled = false (custom)
2023-04-02 14:01:36,926 [3598537c-2d2c-483e-9e41-f30068588b97@group-FBA78F54F0CD-LeaderElection14] INFO  grpc.GrpcConfigKeys (ConfUtils.java:logGet(46)) - raft.grpc.server.heartbeat.channel = true (default)
2023-04-02 14:01:36,926 [3598537c-2d2c-483e-9e41-f30068588b97@group-FBA78F54F0CD-LeaderElection14] INFO  server.RaftServerConfigKeys (ConfUtils.java:logGet(46)) - raft.server.log.appender.wait-time.min = 10ms (default)
2023-04-02 14:01:36,927 [3598537c-2d2c-483e-9e41-f30068588b97@group-FBA78F54F0CD-LeaderElection14] INFO  impl.RoleInfo (RoleInfo.java:updateAndGet(139)) - 3598537c-2d2c-483e-9e41-f30068588b97: start 3598537c-2d2c-483e-9e41-f30068588b97@group-FBA78F54F0CD-LeaderStateImpl
2023-04-02 14:01:36,927 [3598537c-2d2c-483e-9e41-f30068588b97@group-FBA78F54F0CD-LeaderElection14] INFO  segmented.SegmentedRaftLogWorker (SegmentedRaftLogWorker.java:startLogSegment(452)) - 3598537c-2d2c-483e-9e41-f30068588b97@group-FBA78F54F0CD-SegmentedRaftLogWorker: Starting segment from index:0
2023-04-02 14:01:36,928 [3598537c-2d2c-483e-9e41-f30068588b97@group-FBA78F54F0CD-SegmentedRaftLogWorker] INFO  segmented.SegmentedRaftLogWorker (SegmentedRaftLogWorker.java:execute(656)) - 3598537c-2d2c-483e-9e41-f30068588b97@group-FBA78F54F0CD-SegmentedRaftLogWorker: created new log segment /home/runner/work/ozone/ozone/hadoop-ozone/integration-test/target/test-dir/MiniOzoneClusterImpl-bc27570d-a894-40b9-be9a-008fe3dc8683/datanode-0/data/ratis/dc6348e2-1b98-4f5a-99be-fba78f54f0cd/current/log_inprogress_0
2023-04-02 14:01:36,929 [EventQueue-PipelineReportForPipelineReportHandler] INFO  pipeline.PipelineManagerImpl (PipelineManagerImpl.java:openPipeline(367)) - Pipeline Pipeline[ Id: dc6348e2-1b98-4f5a-99be-fba78f54f0cd, Nodes: 2b490ca0-945f-4f4c-9e95-7ff37cc96b4c(fv-az449-305.jvjgdiodbn4ungrcbaap0pmvbb.dx.internal.cloudapp.net/10.1.0.35)3598537c-2d2c-483e-9e41-f30068588b97(fv-az449-305.jvjgdiodbn4ungrcbaap0pmvbb.dx.internal.cloudapp.net/10.1.0.35)1fb39430-fcdd-414e-946c-d9923f8003ee(fv-az449-305.jvjgdiodbn4ungrcbaap0pmvbb.dx.internal.cloudapp.net/10.1.0.35), ReplicationConfig: RATIS/THREE, State:ALLOCATED, leaderId:3598537c-2d2c-483e-9e41-f30068588b97, CreationTimestamp2023-04-02T14:01:29.189Z[Etc/UTC]] moved to OPEN state
2023-04-02 14:01:36,937 [3598537c-2d2c-483e-9e41-f30068588b97@group-FBA78F54F0CD-LeaderElection14] INFO  server.RaftServer$Division (ServerState.java:setRaftConf(430)) - 3598537c-2d2c-483e-9e41-f30068588b97@group-FBA78F54F0CD: set configuration 0: peers:[2b490ca0-945f-4f4c-9e95-7ff37cc96b4c|rpc:10.1.0.35:36527|dataStream:10.1.0.35:35243|priority:0|startupRole:FOLLOWER, 3598537c-2d2c-483e-9e41-f30068588b97|rpc:10.1.0.35:36519|dataStream:10.1.0.35:39781|priority:1|startupRole:FOLLOWER, 1fb39430-fcdd-414e-946c-d9923f8003ee|rpc:10.1.0.35:34435|dataStream:10.1.0.35:44291|priority:0|startupRole:FOLLOWER]|listeners:[], old=null
2023-04-02 14:01:36,938 [3598537c-2d2c-483e-9e41-f30068588b97@group-FBA78F54F0CD-StateMachineUpdater] INFO  ratis.ContainerStateMachine (ContainerStateMachine.java:takeSnapshot(330)) - group-FBA78F54F0CD: Taking a snapshot at:(t:1, i:0) file /home/runner/work/ozone/ozone/hadoop-ozone/integration-test/target/test-dir/MiniOzoneClusterImpl-bc27570d-a894-40b9-be9a-008fe3dc8683/datanode-0/data/ratis/dc6348e2-1b98-4f5a-99be-fba78f54f0cd/sm/snapshot.1_0
2023-04-02 14:01:36,939 [3598537c-2d2c-483e-9e41-f30068588b97@group-FBA78F54F0CD-StateMachineUpdater] INFO  ratis.ContainerStateMachine (ContainerStateMachine.java:takeSnapshot(341)) - group-FBA78F54F0CD: Finished taking a snapshot at:(t:1, i:0) file:/home/runner/work/ozone/ozone/hadoop-ozone/integration-test/target/test-dir/MiniOzoneClusterImpl-bc27570d-a894-40b9-be9a-008fe3dc8683/datanode-0/data/ratis/dc6348e2-1b98-4f5a-99be-fba78f54f0cd/sm/snapshot.1_0 took: 1 ms
2023-04-02 14:01:36,939 [3598537c-2d2c-483e-9e41-f30068588b97@group-FBA78F54F0CD-StateMachineUpdater] INFO  impl.StateMachineUpdater (StateMachineUpdater.java:takeSnapshot(287)) - 3598537c-2d2c-483e-9e41-f30068588b97@group-FBA78F54F0CD-StateMachineUpdater: Took a snapshot at index 0
2023-04-02 14:01:36,939 [3598537c-2d2c-483e-9e41-f30068588b97@group-FBA78F54F0CD-StateMachineUpdater] INFO  impl.StateMachineUpdater (StateMachineUpdater.java:lambda$new$0(92)) - 3598537c-2d2c-483e-9e41-f30068588b97@group-FBA78F54F0CD-StateMachineUpdater: snapshotIndex: updateIncreasingly -1 -> 0
2023-04-02 14:01:36,942 [2b490ca0-945f-4f4c-9e95-7ff37cc96b4c-server-thread1] INFO  ratis.XceiverServerRatis (XceiverServerRatis.java:handleLeaderChangedNotification(904)) - Leader change notification received for group: group-FBA78F54F0CD with new leaderId: 3598537c-2d2c-483e-9e41-f30068588b97
2023-04-02 14:01:36,942 [2b490ca0-945f-4f4c-9e95-7ff37cc96b4c-server-thread1] INFO  server.RaftServer$Division (ServerState.java:setLeader(313)) - 2b490ca0-945f-4f4c-9e95-7ff37cc96b4c@group-FBA78F54F0CD: change Leader from null to 3598537c-2d2c-483e-9e41-f30068588b97 at term 1 for appendEntries, leader elected after 5164ms
2023-04-02 14:01:36,946 [2b490ca0-945f-4f4c-9e95-7ff37cc96b4c-server-thread2] INFO  server.RaftServer$Division (ServerState.java:setRaftConf(430)) - 2b490ca0-945f-4f4c-9e95-7ff37cc96b4c@group-FBA78F54F0CD: set configuration 0: peers:[2b490ca0-945f-4f4c-9e95-7ff37cc96b4c|rpc:10.1.0.35:36527|dataStream:10.1.0.35:35243|priority:0|startupRole:FOLLOWER, 3598537c-2d2c-483e-9e41-f30068588b97|rpc:10.1.0.35:36519|dataStream:10.1.0.35:39781|priority:1|startupRole:FOLLOWER, 1fb39430-fcdd-414e-946c-d9923f8003ee|rpc:10.1.0.35:34435|dataStream:10.1.0.35:44291|priority:0|startupRole:FOLLOWER]|listeners:[], old=null
2023-04-02 14:01:36,946 [2b490ca0-945f-4f4c-9e95-7ff37cc96b4c-server-thread2] INFO  segmented.SegmentedRaftLogWorker (SegmentedRaftLogWorker.java:startLogSegment(452)) - 2b490ca0-945f-4f4c-9e95-7ff37cc96b4c@group-FBA78F54F0CD-SegmentedRaftLogWorker: Starting segment from index:0
2023-04-02 14:01:36,947 [2b490ca0-945f-4f4c-9e95-7ff37cc96b4c@group-FBA78F54F0CD-SegmentedRaftLogWorker] INFO  segmented.SegmentedRaftLogWorker (SegmentedRaftLogWorker.java:execute(656)) - 2b490ca0-945f-4f4c-9e95-7ff37cc96b4c@group-FBA78F54F0CD-SegmentedRaftLogWorker: created new log segment /home/runner/work/ozone/ozone/hadoop-ozone/integration-test/target/test-dir/MiniOzoneClusterImpl-bc27570d-a894-40b9-be9a-008fe3dc8683/datanode-1/data/ratis/dc6348e2-1b98-4f5a-99be-fba78f54f0cd/current/log_inprogress_0
2023-04-02 14:01:36,949 [2b490ca0-945f-4f4c-9e95-7ff37cc96b4c@group-FBA78F54F0CD-StateMachineUpdater] INFO  ratis.ContainerStateMachine (ContainerStateMachine.java:takeSnapshot(330)) - group-FBA78F54F0CD: Taking a snapshot at:(t:1, i:0) file /home/runner/work/ozone/ozone/hadoop-ozone/integration-test/target/test-dir/MiniOzoneClusterImpl-bc27570d-a894-40b9-be9a-008fe3dc8683/datanode-1/data/ratis/dc6348e2-1b98-4f5a-99be-fba78f54f0cd/sm/snapshot.1_0
2023-04-02 14:01:36,950 [2b490ca0-945f-4f4c-9e95-7ff37cc96b4c@group-FBA78F54F0CD-StateMachineUpdater] INFO  ratis.ContainerStateMachine (ContainerStateMachine.java:takeSnapshot(341)) - group-FBA78F54F0CD: Finished taking a snapshot at:(t:1, i:0) file:/home/runner/work/ozone/ozone/hadoop-ozone/integration-test/target/test-dir/MiniOzoneClusterImpl-bc27570d-a894-40b9-be9a-008fe3dc8683/datanode-1/data/ratis/dc6348e2-1b98-4f5a-99be-fba78f54f0cd/sm/snapshot.1_0 took: 1 ms
2023-04-02 14:01:36,950 [2b490ca0-945f-4f4c-9e95-7ff37cc96b4c@group-FBA78F54F0CD-StateMachineUpdater] INFO  impl.StateMachineUpdater (StateMachineUpdater.java:takeSnapshot(287)) - 2b490ca0-945f-4f4c-9e95-7ff37cc96b4c@group-FBA78F54F0CD-StateMachineUpdater: Took a snapshot at index 0
2023-04-02 14:01:36,950 [2b490ca0-945f-4f4c-9e95-7ff37cc96b4c@group-FBA78F54F0CD-StateMachineUpdater] INFO  impl.StateMachineUpdater (StateMachineUpdater.java:lambda$new$0(92)) - 2b490ca0-945f-4f4c-9e95-7ff37cc96b4c@group-FBA78F54F0CD-StateMachineUpdater: snapshotIndex: updateIncreasingly -1 -> 0
2023-04-02 14:01:36,962 [1fb39430-fcdd-414e-946c-d9923f8003ee-server-thread1] INFO  ratis.XceiverServerRatis (XceiverServerRatis.java:handleLeaderChangedNotification(904)) - Leader change notification received for group: group-FBA78F54F0CD with new leaderId: 3598537c-2d2c-483e-9e41-f30068588b97
2023-04-02 14:01:36,963 [1fb39430-fcdd-414e-946c-d9923f8003ee-server-thread1] INFO  server.RaftServer$Division (ServerState.java:setLeader(313)) - 1fb39430-fcdd-414e-946c-d9923f8003ee@group-FBA78F54F0CD: change Leader from null to 3598537c-2d2c-483e-9e41-f30068588b97 at term 1 for appendEntries, leader elected after 5091ms
2023-04-02 14:01:36,965 [1fb39430-fcdd-414e-946c-d9923f8003ee-server-thread2] INFO  server.RaftServer$Division (ServerState.java:setRaftConf(430)) - 1fb39430-fcdd-414e-946c-d9923f8003ee@group-FBA78F54F0CD: set configuration 0: peers:[2b490ca0-945f-4f4c-9e95-7ff37cc96b4c|rpc:10.1.0.35:36527|dataStream:10.1.0.35:35243|priority:0|startupRole:FOLLOWER, 3598537c-2d2c-483e-9e41-f30068588b97|rpc:10.1.0.35:36519|dataStream:10.1.0.35:39781|priority:1|startupRole:FOLLOWER, 1fb39430-fcdd-414e-946c-d9923f8003ee|rpc:10.1.0.35:34435|dataStream:10.1.0.35:44291|priority:0|startupRole:FOLLOWER]|listeners:[], old=null
2023-04-02 14:01:36,965 [1fb39430-fcdd-414e-946c-d9923f8003ee-server-thread2] INFO  segmented.SegmentedRaftLogWorker (SegmentedRaftLogWorker.java:startLogSegment(452)) - 1fb39430-fcdd-414e-946c-d9923f8003ee@group-FBA78F54F0CD-SegmentedRaftLogWorker: Starting segment from index:0
2023-04-02 14:01:36,967 [1fb39430-fcdd-414e-946c-d9923f8003ee@group-FBA78F54F0CD-SegmentedRaftLogWorker] INFO  segmented.SegmentedRaftLogWorker (SegmentedRaftLogWorker.java:execute(656)) - 1fb39430-fcdd-414e-946c-d9923f8003ee@group-FBA78F54F0CD-SegmentedRaftLogWorker: created new log segment /home/runner/work/ozone/ozone/hadoop-ozone/integration-test/target/test-dir/MiniOzoneClusterImpl-bc27570d-a894-40b9-be9a-008fe3dc8683/datanode-2/data/ratis/dc6348e2-1b98-4f5a-99be-fba78f54f0cd/current/log_inprogress_0
2023-04-02 14:01:36,968 [1fb39430-fcdd-414e-946c-d9923f8003ee@group-FBA78F54F0CD-StateMachineUpdater] INFO  ratis.ContainerStateMachine (ContainerStateMachine.java:takeSnapshot(330)) - group-FBA78F54F0CD: Taking a snapshot at:(t:1, i:0) file /home/runner/work/ozone/ozone/hadoop-ozone/integration-test/target/test-dir/MiniOzoneClusterImpl-bc27570d-a894-40b9-be9a-008fe3dc8683/datanode-2/data/ratis/dc6348e2-1b98-4f5a-99be-fba78f54f0cd/sm/snapshot.1_0
2023-04-02 14:01:36,969 [1fb39430-fcdd-414e-946c-d9923f8003ee@group-FBA78F54F0CD-StateMachineUpdater] INFO  ratis.ContainerStateMachine (ContainerStateMachine.java:takeSnapshot(341)) - group-FBA78F54F0CD: Finished taking a snapshot at:(t:1, i:0) file:/home/runner/work/ozone/ozone/hadoop-ozone/integration-test/target/test-dir/MiniOzoneClusterImpl-bc27570d-a894-40b9-be9a-008fe3dc8683/datanode-2/data/ratis/dc6348e2-1b98-4f5a-99be-fba78f54f0cd/sm/snapshot.1_0 took: 1 ms
2023-04-02 14:01:36,969 [1fb39430-fcdd-414e-946c-d9923f8003ee@group-FBA78F54F0CD-StateMachineUpdater] INFO  impl.StateMachineUpdater (StateMachineUpdater.java:takeSnapshot(287)) - 1fb39430-fcdd-414e-946c-d9923f8003ee@group-FBA78F54F0CD-StateMachineUpdater: Took a snapshot at index 0
2023-04-02 14:01:36,969 [1fb39430-fcdd-414e-946c-d9923f8003ee@group-FBA78F54F0CD-StateMachineUpdater] INFO  impl.StateMachineUpdater (StateMachineUpdater.java:lambda$new$0(92)) - 1fb39430-fcdd-414e-946c-d9923f8003ee@group-FBA78F54F0CD-StateMachineUpdater: snapshotIndex: updateIncreasingly -1 -> 0
2023-04-02 14:01:37,182 [Listener at 127.0.0.1/36373] INFO  ozone.MiniOzoneClusterImpl (MiniOzoneClusterImpl.java:lambda$waitForClusterToBeReady$0(222)) - Nodes are ready. Got 3 of 3 DN Heartbeats.
2023-04-02 14:01:37,182 [Listener at 127.0.0.1/36373] INFO  ozone.MiniOzoneClusterImpl (MiniOzoneClusterImpl.java:lambda$waitForClusterToBeReady$0(225)) - Cluster exits safe mode
2023-04-02 14:01:37,182 [Listener at 127.0.0.1/36373] INFO  ozone.MiniOzoneClusterImpl (MiniOzoneClusterImpl.java:lambda$waitForClusterToBeReady$0(227)) - SCM became leader
2023-04-02 14:01:37,194 [Listener at 127.0.0.1/36373] INFO  rpc.RpcClient (RpcClient.java:createVolume(476)) - Creating Volume: testcontainerstatemachinestream, with runner as owner and space quota set to -1 bytes, counts quota set to -1
2023-04-02 14:01:37,208 [OM StateMachine ApplyTransaction Thread - 0] INFO  volume.OMVolumeCreateRequest (OMVolumeCreateRequest.java:validateAndUpdateCache(195)) - created volume:testcontainerstatemachinestream for user:runner
2023-04-02 14:01:37,216 [Listener at 127.0.0.1/36373] INFO  rpc.RpcClient (RpcClient.java:createBucket(698)) - Creating Bucket: testcontainerstatemachinestream/teststreambucket, with server-side default bucket layout, runner as owner, Versioning false, Storage Type set to DISK and Encryption set to false, Replication Type set to server-side default replication type, Namespace Quota set to -1, Space Quota set to -1 
2023-04-02 14:01:37,220 [OM StateMachine ApplyTransaction Thread - 0] INFO  bucket.OMBucketCreateRequest (OMBucketCreateRequest.java:validateAndUpdateCache(269)) - created bucket: teststreambucket of layout FILE_SYSTEM_OPTIMIZED in volume: testcontainerstatemachinestream
2023-04-02 14:01:37,234 [IPC Server handler 4 on default port 33133] INFO  ha.SequenceIdGenerator (SequenceIdGenerator.java:getNextId(128)) - Allocate a batch for containerId, change lastId from 0 to 1000.
2023-04-02 14:01:37,235 [IPC Server handler 4 on default port 33133] WARN  ha.SequenceIdGenerator (SequenceIdGenerator.java:allocateBatch(237)) - Failed to allocate a batch for localId, expected lastId is 0, actual lastId is 111677748019200000.
2023-04-02 14:01:37,235 [IPC Server handler 4 on default port 33133] INFO  ha.SequenceIdGenerator (SequenceIdGenerator.java:getNextId(128)) - Allocate a batch for localId, change lastId from 111677748019200000 to 111677748019201000.
2023-04-02 14:01:37,244 [Listener at 127.0.0.1/36373] INFO  client.DataStreamClient (ConfUtils.java:logGet(46)) - raft.datastream.type = NETTY (custom)
2023-04-02 14:01:37,245 [Listener at 127.0.0.1/36373] INFO  netty.NettyConfigKeys$DataStream (ConfUtils.java:logGet(46)) - raft.netty.dataStream.client.tls.conf = null (default)
2023-04-02 14:01:37,245 [Listener at 127.0.0.1/36373] INFO  netty.NettyConfigKeys$DataStream (ConfUtils.java:logGet(46)) - raft.netty.dataStream.client.reply.queue.grace-period = 1s (default)
2023-04-02 14:01:37,245 [Listener at 127.0.0.1/36373] INFO  netty.NettyConfigKeys$DataStream (ConfUtils.java:logGet(46)) - raft.netty.dataStream.client.worker-group.share = false (default)
2023-04-02 14:01:37,245 [Listener at 127.0.0.1/36373] INFO  netty.NettyConfigKeys$DataStream (ConfUtils.java:logGet(46)) - raft.netty.dataStream.client.worker-group.size = 4 (default)
2023-04-02 14:01:37,250 [3598537c-2d2c-483e-9e41-f30068588b97-NettyServerStreamRpc-bossGroup--thread1] INFO  logging.LoggingHandler (AbstractInternalLogger.java:log(148)) - [id: 0xf6a4c931, L:/0:0:0:0:0:0:0:0:39781] READ: [id: 0x9ad7fcba, L:/10.1.0.35:39781 - R:/10.1.0.35:35778]
2023-04-02 14:01:37,251 [3598537c-2d2c-483e-9e41-f30068588b97-NettyServerStreamRpc-bossGroup--thread1] INFO  logging.LoggingHandler (AbstractInternalLogger.java:log(148)) - [id: 0xf6a4c931, L:/0:0:0:0:0:0:0:0:39781] READ COMPLETE
2023-04-02 14:01:37,253 [3598537c-2d2c-483e-9e41-f30068588b97-NettyServerStreamRpc-workerGroup--thread1] INFO  client.DataStreamClient (ConfUtils.java:logGet(46)) - raft.datastream.type = NETTY (custom)
2023-04-02 14:01:37,254 [3598537c-2d2c-483e-9e41-f30068588b97-NettyServerStreamRpc-workerGroup--thread1] INFO  netty.NettyConfigKeys$DataStream (ConfUtils.java:logGet(46)) - raft.netty.dataStream.client.tls.conf = null (default)
2023-04-02 14:01:37,254 [3598537c-2d2c-483e-9e41-f30068588b97-NettyServerStreamRpc-workerGroup--thread1] INFO  netty.NettyConfigKeys$DataStream (ConfUtils.java:logGet(46)) - raft.netty.dataStream.client.reply.queue.grace-period = 1s (default)
2023-04-02 14:01:37,266 [3598537c-2d2c-483e-9e41-f30068588b97-NettyServerStreamRpc-workerGroup--thread1] INFO  netty.NettyConfigKeys$DataStream (ConfUtils.java:logGet(46)) - raft.netty.dataStream.client.worker-group.share = false (default)
2023-04-02 14:01:37,268 [3598537c-2d2c-483e-9e41-f30068588b97-NettyServerStreamRpc-workerGroup--thread1] INFO  netty.NettyConfigKeys$DataStream (ConfUtils.java:logGet(46)) - raft.netty.dataStream.client.worker-group.size = 4 (default)
2023-04-02 14:01:37,269 [2b490ca0-945f-4f4c-9e95-7ff37cc96b4c-NettyServerStreamRpc-bossGroup--thread1] INFO  logging.LoggingHandler (AbstractInternalLogger.java:log(148)) - [id: 0x08c53932, L:/0:0:0:0:0:0:0:0:35243] READ: [id: 0x18e568d1, L:/10.1.0.35:35243 - R:/10.1.0.35:55802]
2023-04-02 14:01:37,272 [2b490ca0-945f-4f4c-9e95-7ff37cc96b4c-NettyServerStreamRpc-bossGroup--thread1] INFO  logging.LoggingHandler (AbstractInternalLogger.java:log(148)) - [id: 0x08c53932, L:/0:0:0:0:0:0:0:0:35243] READ COMPLETE
2023-04-02 14:01:37,274 [2b490ca0-945f-4f4c-9e95-7ff37cc96b4c-NettyServerStreamRpc-workerGroup--thread1] INFO  client.DataStreamClient (ConfUtils.java:logGet(46)) - raft.datastream.type = NETTY (custom)
2023-04-02 14:01:37,274 [2b490ca0-945f-4f4c-9e95-7ff37cc96b4c-NettyServerStreamRpc-workerGroup--thread1] INFO  netty.NettyConfigKeys$DataStream (ConfUtils.java:logGet(46)) - raft.netty.dataStream.client.tls.conf = null (default)
2023-04-02 14:01:37,274 [2b490ca0-945f-4f4c-9e95-7ff37cc96b4c-NettyServerStreamRpc-workerGroup--thread1] INFO  netty.NettyConfigKeys$DataStream (ConfUtils.java:logGet(46)) - raft.netty.dataStream.client.reply.queue.grace-period = 1s (default)
2023-04-02 14:01:37,274 [2b490ca0-945f-4f4c-9e95-7ff37cc96b4c-NettyServerStreamRpc-workerGroup--thread1] INFO  netty.NettyConfigKeys$DataStream (ConfUtils.java:logGet(46)) - raft.netty.dataStream.client.worker-group.share = false (default)
2023-04-02 14:01:37,274 [2b490ca0-945f-4f4c-9e95-7ff37cc96b4c-NettyServerStreamRpc-workerGroup--thread1] INFO  netty.NettyConfigKeys$DataStream (ConfUtils.java:logGet(46)) - raft.netty.dataStream.client.worker-group.size = 4 (default)
2023-04-02 14:01:37,296 [1fb39430-fcdd-414e-946c-d9923f8003ee-NettyServerStreamRpc-bossGroup--thread1] INFO  logging.LoggingHandler (AbstractInternalLogger.java:log(148)) - [id: 0x004d0ff7, L:/0:0:0:0:0:0:0:0:44291] READ: [id: 0x4ad1b9ed, L:/10.1.0.35:44291 - R:/10.1.0.35:44960]
2023-04-02 14:01:37,301 [1fb39430-fcdd-414e-946c-d9923f8003ee-NettyServerStreamRpc-bossGroup--thread1] INFO  logging.LoggingHandler (AbstractInternalLogger.java:log(148)) - [id: 0x004d0ff7, L:/0:0:0:0:0:0:0:0:44291] READ COMPLETE
2023-04-02 14:01:37,369 [1fb39430-fcdd-414e-946c-d9923f8003ee@group-0C7B417AAD14-FollowerState] INFO  impl.FollowerState (FollowerState.java:run(143)) - 1fb39430-fcdd-414e-946c-d9923f8003ee@group-0C7B417AAD14-FollowerState: change to CANDIDATE, lastRpcElapsedTime:5159651525ns, electionTimeout:5153ms
2023-04-02 14:01:37,369 [1fb39430-fcdd-414e-946c-d9923f8003ee@group-0C7B417AAD14-FollowerState] INFO  impl.RoleInfo (RoleInfo.java:shutdownFollowerState(110)) - 1fb39430-fcdd-414e-946c-d9923f8003ee: shutdown 1fb39430-fcdd-414e-946c-d9923f8003ee@group-0C7B417AAD14-FollowerState
2023-04-02 14:01:37,369 [1fb39430-fcdd-414e-946c-d9923f8003ee@group-0C7B417AAD14-FollowerState] INFO  server.RaftServer$Division (RaftServerImpl.java:setRole(321)) - 1fb39430-fcdd-414e-946c-d9923f8003ee@group-0C7B417AAD14: changes role from  FOLLOWER to CANDIDATE at term 0 for changeToCandidate
2023-04-02 14:01:37,369 [1fb39430-fcdd-414e-946c-d9923f8003ee@group-0C7B417AAD14-FollowerState] INFO  server.RaftServerConfigKeys (ConfUtils.java:logGet(46)) - raft.server.leaderelection.pre-vote = true (default)
2023-04-02 14:01:37,369 [1fb39430-fcdd-414e-946c-d9923f8003ee@group-0C7B417AAD14-FollowerState] INFO  impl.RoleInfo (RoleInfo.java:updateAndGet(139)) - 1fb39430-fcdd-414e-946c-d9923f8003ee: start 1fb39430-fcdd-414e-946c-d9923f8003ee@group-0C7B417AAD14-LeaderElection15
2023-04-02 14:01:37,382 [3598537c-2d2c-483e-9e41-f30068588b97@group-95E284FF4F57-StateMachineUpdater] INFO  ratis.ContainerStateMachine (ContainerStateMachine.java:takeSnapshot(330)) - group-95E284FF4F57: Taking a snapshot at:(t:1, i:0) file /home/runner/work/ozone/ozone/hadoop-ozone/integration-test/target/test-dir/MiniOzoneClusterImpl-bc27570d-a894-40b9-be9a-008fe3dc8683/datanode-0/data/ratis/839edd7b-d036-4bc5-89f8-95e284ff4f57/sm/snapshot.1_0
2023-04-02 14:01:37,384 [3598537c-2d2c-483e-9e41-f30068588b97@group-95E284FF4F57-StateMachineUpdater] INFO  ratis.ContainerStateMachine (ContainerStateMachine.java:takeSnapshot(341)) - group-95E284FF4F57: Finished taking a snapshot at:(t:1, i:0) file:/home/runner/work/ozone/ozone/hadoop-ozone/integration-test/target/test-dir/MiniOzoneClusterImpl-bc27570d-a894-40b9-be9a-008fe3dc8683/datanode-0/data/ratis/839edd7b-d036-4bc5-89f8-95e284ff4f57/sm/snapshot.1_0 took: 1 ms
2023-04-02 14:01:37,384 [1fb39430-fcdd-414e-946c-d9923f8003ee@group-0C7B417AAD14-LeaderElection15] INFO  impl.LeaderElection (LeaderElection.java:askForVotes(312)) - 1fb39430-fcdd-414e-946c-d9923f8003ee@group-0C7B417AAD14-LeaderElection15 PRE_VOTE round 0: submit vote requests at term 0 for -1: peers:[1fb39430-fcdd-414e-946c-d9923f8003ee|rpc:10.1.0.35:34435|dataStream:10.1.0.35:44291|priority:1|startupRole:FOLLOWER]|listeners:[], old=null
2023-04-02 14:01:37,384 [1fb39430-fcdd-414e-946c-d9923f8003ee@group-0C7B417AAD14-LeaderElection15] INFO  impl.LeaderElection (LeaderElection.java:askForVotes(314)) - 1fb39430-fcdd-414e-946c-d9923f8003ee@group-0C7B417AAD14-LeaderElection15 PRE_VOTE round 0: result PASSED (term=0)
2023-04-02 14:01:37,384 [3598537c-2d2c-483e-9e41-f30068588b97@group-95E284FF4F57-StateMachineUpdater] INFO  impl.StateMachineUpdater (StateMachineUpdater.java:takeSnapshot(287)) - 3598537c-2d2c-483e-9e41-f30068588b97@group-95E284FF4F57-StateMachineUpdater: Took a snapshot at index 0
2023-04-02 14:01:37,387 [3598537c-2d2c-483e-9e41-f30068588b97@group-95E284FF4F57-StateMachineUpdater] INFO  impl.StateMachineUpdater (StateMachineUpdater.java:lambda$new$0(92)) - 3598537c-2d2c-483e-9e41-f30068588b97@group-95E284FF4F57-StateMachineUpdater: snapshotIndex: updateIncreasingly -1 -> 0
2023-04-02 14:01:37,389 [1fb39430-fcdd-414e-946c-d9923f8003ee@group-0C7B417AAD14-LeaderElection15] INFO  impl.LeaderElection (LeaderElection.java:askForVotes(312)) - 1fb39430-fcdd-414e-946c-d9923f8003ee@group-0C7B417AAD14-LeaderElection15 ELECTION round 0: submit vote requests at term 1 for -1: peers:[1fb39430-fcdd-414e-946c-d9923f8003ee|rpc:10.1.0.35:34435|dataStream:10.1.0.35:44291|priority:1|startupRole:FOLLOWER]|listeners:[], old=null
2023-04-02 14:01:37,389 [1fb39430-fcdd-414e-946c-d9923f8003ee@group-0C7B417AAD14-LeaderElection15] INFO  impl.LeaderElection (LeaderElection.java:askForVotes(314)) - 1fb39430-fcdd-414e-946c-d9923f8003ee@group-0C7B417AAD14-LeaderElection15 ELECTION round 0: result PASSED (term=1)
2023-04-02 14:01:37,389 [1fb39430-fcdd-414e-946c-d9923f8003ee@group-0C7B417AAD14-LeaderElection15] INFO  impl.RoleInfo (RoleInfo.java:shutdownLeaderElection(130)) - 1fb39430-fcdd-414e-946c-d9923f8003ee: shutdown 1fb39430-fcdd-414e-946c-d9923f8003ee@group-0C7B417AAD14-LeaderElection15
2023-04-02 14:01:37,389 [1fb39430-fcdd-414e-946c-d9923f8003ee@group-0C7B417AAD14-LeaderElection15] INFO  server.RaftServer$Division (RaftServerImpl.java:setRole(321)) - 1fb39430-fcdd-414e-946c-d9923f8003ee@group-0C7B417AAD14: changes role from CANDIDATE to LEADER at term 1 for changeToLeader
2023-04-02 14:01:37,389 [1fb39430-fcdd-414e-946c-d9923f8003ee@group-0C7B417AAD14-LeaderElection15] INFO  ratis.XceiverServerRatis (XceiverServerRatis.java:handleLeaderChangedNotification(904)) - Leader change notification received for group: group-0C7B417AAD14 with new leaderId: 1fb39430-fcdd-414e-946c-d9923f8003ee
2023-04-02 14:01:37,389 [1fb39430-fcdd-414e-946c-d9923f8003ee@group-0C7B417AAD14-LeaderElection15] INFO  server.RaftServer$Division (ServerState.java:setLeader(313)) - 1fb39430-fcdd-414e-946c-d9923f8003ee@group-0C7B417AAD14: change Leader from null to 1fb39430-fcdd-414e-946c-d9923f8003ee at term 1 for becomeLeader, leader elected after 5202ms
2023-04-02 14:01:37,389 [1fb39430-fcdd-414e-946c-d9923f8003ee@group-0C7B417AAD14-LeaderElection15] INFO  server.RaftServerConfigKeys (ConfUtils.java:logGet(46)) - raft.server.staging.catchup.gap = 1000 (default)
2023-04-02 14:01:37,389 [1fb39430-fcdd-414e-946c-d9923f8003ee@group-0C7B417AAD14-LeaderElection15] INFO  server.RaftServerConfigKeys (ConfUtils.java:logGet(46)) - raft.server.write.element-limit = 1024 (custom)
2023-04-02 14:01:37,389 [1fb39430-fcdd-414e-946c-d9923f8003ee@group-0C7B417AAD14-LeaderElection15] INFO  server.RaftServerConfigKeys (ConfUtils.java:logGet(46)) - raft.server.write.byte-limit = 1024 M (=1073741824) (custom)
2023-04-02 14:01:37,389 [1fb39430-fcdd-414e-946c-d9923f8003ee@group-0C7B417AAD14-LeaderElection15] INFO  server.RaftServerConfigKeys (ConfUtils.java:logGet(46)) - raft.server.watch.timeout = 10000ms (default)
2023-04-02 14:01:37,390 [1fb39430-fcdd-414e-946c-d9923f8003ee@group-0C7B417AAD14-LeaderElection15] INFO  server.RaftServerConfigKeys (ConfUtils.java:logGet(46)) - raft.server.watch.timeout.denomination = 1s (default)
2023-04-02 14:01:37,390 [1fb39430-fcdd-414e-946c-d9923f8003ee@group-0C7B417AAD14-LeaderElection15] INFO  server.RaftServerConfigKeys (ConfUtils.java:logGet(46)) - raft.server.watch.element-limit = 65536 (default)
2023-04-02 14:01:37,390 [1fb39430-fcdd-414e-946c-d9923f8003ee@group-0C7B417AAD14-LeaderElection15] INFO  server.RaftServerConfigKeys (ConfUtils.java:logGet(46)) - raft.server.write.element-limit = 1024 (custom)
2023-04-02 14:01:37,390 [1fb39430-fcdd-414e-946c-d9923f8003ee@group-0C7B417AAD14-LeaderElection15] INFO  server.RaftServerConfigKeys (ConfUtils.java:logGet(46)) - raft.server.write.follower.gap.ratio.max = -1.0 (default)
2023-04-02 14:01:37,390 [1fb39430-fcdd-414e-946c-d9923f8003ee@group-0C7B417AAD14-LeaderElection15] INFO  impl.RoleInfo (RoleInfo.java:updateAndGet(139)) - 1fb39430-fcdd-414e-946c-d9923f8003ee: start 1fb39430-fcdd-414e-946c-d9923f8003ee@group-0C7B417AAD14-LeaderStateImpl
2023-04-02 14:01:37,390 [1fb39430-fcdd-414e-946c-d9923f8003ee@group-0C7B417AAD14-LeaderElection15] INFO  segmented.SegmentedRaftLogWorker (SegmentedRaftLogWorker.java:startLogSegment(452)) - 1fb39430-fcdd-414e-946c-d9923f8003ee@group-0C7B417AAD14-SegmentedRaftLogWorker: Starting segment from index:0
2023-04-02 14:01:37,392 [1fb39430-fcdd-414e-946c-d9923f8003ee@group-0C7B417AAD14-SegmentedRaftLogWorker] INFO  segmented.SegmentedRaftLogWorker (SegmentedRaftLogWorker.java:execute(656)) - 1fb39430-fcdd-414e-946c-d9923f8003ee@group-0C7B417AAD14-SegmentedRaftLogWorker: created new log segment /home/runner/work/ozone/ozone/hadoop-ozone/integration-test/target/test-dir/MiniOzoneClusterImpl-bc27570d-a894-40b9-be9a-008fe3dc8683/datanode-2/data/ratis/999c03c2-6b05-43b0-8e43-0c7b417aad14/current/log_inprogress_0
2023-04-02 14:01:37,401 [1fb39430-fcdd-414e-946c-d9923f8003ee@group-0C7B417AAD14-LeaderElection15] INFO  server.RaftServer$Division (ServerState.java:setRaftConf(430)) - 1fb39430-fcdd-414e-946c-d9923f8003ee@group-0C7B417AAD14: set configuration 0: peers:[1fb39430-fcdd-414e-946c-d9923f8003ee|rpc:10.1.0.35:34435|dataStream:10.1.0.35:44291|priority:1|startupRole:FOLLOWER]|listeners:[], old=null
2023-04-02 14:01:37,411 [1fb39430-fcdd-414e-946c-d9923f8003ee@group-0C7B417AAD14-StateMachineUpdater] INFO  ratis.ContainerStateMachine (ContainerStateMachine.java:takeSnapshot(330)) - group-0C7B417AAD14: Taking a snapshot at:(t:1, i:0) file /home/runner/work/ozone/ozone/hadoop-ozone/integration-test/target/test-dir/MiniOzoneClusterImpl-bc27570d-a894-40b9-be9a-008fe3dc8683/datanode-2/data/ratis/999c03c2-6b05-43b0-8e43-0c7b417aad14/sm/snapshot.1_0
2023-04-02 14:01:37,411 [1fb39430-fcdd-414e-946c-d9923f8003ee@group-0C7B417AAD14-StateMachineUpdater] INFO  ratis.ContainerStateMachine (ContainerStateMachine.java:takeSnapshot(341)) - group-0C7B417AAD14: Finished taking a snapshot at:(t:1, i:0) file:/home/runner/work/ozone/ozone/hadoop-ozone/integration-test/target/test-dir/MiniOzoneClusterImpl-bc27570d-a894-40b9-be9a-008fe3dc8683/datanode-2/data/ratis/999c03c2-6b05-43b0-8e43-0c7b417aad14/sm/snapshot.1_0 took: 1 ms
2023-04-02 14:01:37,412 [1fb39430-fcdd-414e-946c-d9923f8003ee@group-0C7B417AAD14-StateMachineUpdater] INFO  impl.StateMachineUpdater (StateMachineUpdater.java:takeSnapshot(287)) - 1fb39430-fcdd-414e-946c-d9923f8003ee@group-0C7B417AAD14-StateMachineUpdater: Took a snapshot at index 0
2023-04-02 14:01:37,412 [1fb39430-fcdd-414e-946c-d9923f8003ee@group-0C7B417AAD14-StateMachineUpdater] INFO  impl.StateMachineUpdater (StateMachineUpdater.java:lambda$new$0(92)) - 1fb39430-fcdd-414e-946c-d9923f8003ee@group-0C7B417AAD14-StateMachineUpdater: snapshotIndex: updateIncreasingly -1 -> 0
2023-04-02 14:01:37,432 [2b490ca0-945f-4f4c-9e95-7ff37cc96b4c@group-95E284FF4F57-StateMachineUpdater] INFO  ratis.ContainerStateMachine (ContainerStateMachine.java:takeSnapshot(330)) - group-95E284FF4F57: Taking a snapshot at:(t:1, i:2) file /home/runner/work/ozone/ozone/hadoop-ozone/integration-test/target/test-dir/MiniOzoneClusterImpl-bc27570d-a894-40b9-be9a-008fe3dc8683/datanode-1/data/ratis/839edd7b-d036-4bc5-89f8-95e284ff4f57/sm/snapshot.1_2
2023-04-02 14:01:37,433 [2b490ca0-945f-4f4c-9e95-7ff37cc96b4c@group-95E284FF4F57-StateMachineUpdater] INFO  ratis.ContainerStateMachine (ContainerStateMachine.java:takeSnapshot(341)) - group-95E284FF4F57: Finished taking a snapshot at:(t:1, i:2) file:/home/runner/work/ozone/ozone/hadoop-ozone/integration-test/target/test-dir/MiniOzoneClusterImpl-bc27570d-a894-40b9-be9a-008fe3dc8683/datanode-1/data/ratis/839edd7b-d036-4bc5-89f8-95e284ff4f57/sm/snapshot.1_2 took: 1 ms
2023-04-02 14:01:37,433 [2b490ca0-945f-4f4c-9e95-7ff37cc96b4c@group-95E284FF4F57-StateMachineUpdater] INFO  impl.StateMachineUpdater (StateMachineUpdater.java:takeSnapshot(287)) - 2b490ca0-945f-4f4c-9e95-7ff37cc96b4c@group-95E284FF4F57-StateMachineUpdater: Took a snapshot at index 2
2023-04-02 14:01:37,433 [2b490ca0-945f-4f4c-9e95-7ff37cc96b4c@group-95E284FF4F57-StateMachineUpdater] INFO  impl.StateMachineUpdater (StateMachineUpdater.java:lambda$new$0(92)) - 2b490ca0-945f-4f4c-9e95-7ff37cc96b4c@group-95E284FF4F57-StateMachineUpdater: snapshotIndex: updateIncreasingly 0 -> 2
2023-04-02 14:01:37,436 [3598537c-2d2c-483e-9e41-f30068588b97@group-95E284FF4F57-StateMachineUpdater] INFO  ratis.ContainerStateMachine (ContainerStateMachine.java:takeSnapshot(330)) - group-95E284FF4F57: Taking a snapshot at:(t:1, i:2) file /home/runner/work/ozone/ozone/hadoop-ozone/integration-test/target/test-dir/MiniOzoneClusterImpl-bc27570d-a894-40b9-be9a-008fe3dc8683/datanode-0/data/ratis/839edd7b-d036-4bc5-89f8-95e284ff4f57/sm/snapshot.1_2
2023-04-02 14:01:37,437 [3598537c-2d2c-483e-9e41-f30068588b97@group-95E284FF4F57-StateMachineUpdater] INFO  ratis.ContainerStateMachine (ContainerStateMachine.java:takeSnapshot(341)) - group-95E284FF4F57: Finished taking a snapshot at:(t:1, i:2) file:/home/runner/work/ozone/ozone/hadoop-ozone/integration-test/target/test-dir/MiniOzoneClusterImpl-bc27570d-a894-40b9-be9a-008fe3dc8683/datanode-0/data/ratis/839edd7b-d036-4bc5-89f8-95e284ff4f57/sm/snapshot.1_2 took: 1 ms
2023-04-02 14:01:37,437 [3598537c-2d2c-483e-9e41-f30068588b97@group-95E284FF4F57-StateMachineUpdater] INFO  impl.StateMachineUpdater (StateMachineUpdater.java:takeSnapshot(287)) - 3598537c-2d2c-483e-9e41-f30068588b97@group-95E284FF4F57-StateMachineUpdater: Took a snapshot at index 2
2023-04-02 14:01:37,437 [3598537c-2d2c-483e-9e41-f30068588b97@group-95E284FF4F57-StateMachineUpdater] INFO  impl.StateMachineUpdater (StateMachineUpdater.java:lambda$new$0(92)) - 3598537c-2d2c-483e-9e41-f30068588b97@group-95E284FF4F57-StateMachineUpdater: snapshotIndex: updateIncreasingly 0 -> 2
2023-04-02 14:01:37,445 [1fb39430-fcdd-414e-946c-d9923f8003ee@group-95E284FF4F57-StateMachineUpdater] INFO  ratis.ContainerStateMachine (ContainerStateMachine.java:takeSnapshot(330)) - group-95E284FF4F57: Taking a snapshot at:(t:1, i:2) file /home/runner/work/ozone/ozone/hadoop-ozone/integration-test/target/test-dir/MiniOzoneClusterImpl-bc27570d-a894-40b9-be9a-008fe3dc8683/datanode-2/data/ratis/839edd7b-d036-4bc5-89f8-95e284ff4f57/sm/snapshot.1_2
2023-04-02 14:01:37,448 [1fb39430-fcdd-414e-946c-d9923f8003ee@group-95E284FF4F57-StateMachineUpdater] INFO  ratis.ContainerStateMachine (ContainerStateMachine.java:takeSnapshot(341)) - group-95E284FF4F57: Finished taking a snapshot at:(t:1, i:2) file:/home/runner/work/ozone/ozone/hadoop-ozone/integration-test/target/test-dir/MiniOzoneClusterImpl-bc27570d-a894-40b9-be9a-008fe3dc8683/datanode-2/data/ratis/839edd7b-d036-4bc5-89f8-95e284ff4f57/sm/snapshot.1_2 took: 3 ms
2023-04-02 14:01:37,449 [1fb39430-fcdd-414e-946c-d9923f8003ee@group-95E284FF4F57-StateMachineUpdater] INFO  impl.StateMachineUpdater (StateMachineUpdater.java:takeSnapshot(287)) - 1fb39430-fcdd-414e-946c-d9923f8003ee@group-95E284FF4F57-StateMachineUpdater: Took a snapshot at index 2
2023-04-02 14:01:37,449 [1fb39430-fcdd-414e-946c-d9923f8003ee@group-95E284FF4F57-StateMachineUpdater] INFO  impl.StateMachineUpdater (StateMachineUpdater.java:lambda$new$0(92)) - 1fb39430-fcdd-414e-946c-d9923f8003ee@group-95E284FF4F57-StateMachineUpdater: snapshotIndex: updateIncreasingly 0 -> 2
2023-04-02 14:01:37,449 [1fb39430-fcdd-414e-946c-d9923f8003ee@group-95E284FF4F57-StateMachineUpdater] INFO  ratis.ContainerStateMachine (ContainerStateMachine.java:takeSnapshot(330)) - group-95E284FF4F57: Taking a snapshot at:(t:1, i:4) file /home/runner/work/ozone/ozone/hadoop-ozone/integration-test/target/test-dir/MiniOzoneClusterImpl-bc27570d-a894-40b9-be9a-008fe3dc8683/datanode-2/data/ratis/839edd7b-d036-4bc5-89f8-95e284ff4f57/sm/snapshot.1_4
2023-04-02 14:01:37,450 [1fb39430-fcdd-414e-946c-d9923f8003ee@group-95E284FF4F57-StateMachineUpdater] INFO  ratis.ContainerStateMachine (ContainerStateMachine.java:takeSnapshot(341)) - group-95E284FF4F57: Finished taking a snapshot at:(t:1, i:4) file:/home/runner/work/ozone/ozone/hadoop-ozone/integration-test/target/test-dir/MiniOzoneClusterImpl-bc27570d-a894-40b9-be9a-008fe3dc8683/datanode-2/data/ratis/839edd7b-d036-4bc5-89f8-95e284ff4f57/sm/snapshot.1_4 took: 1 ms
2023-04-02 14:01:37,450 [1fb39430-fcdd-414e-946c-d9923f8003ee@group-95E284FF4F57-StateMachineUpdater] INFO  impl.StateMachineUpdater (StateMachineUpdater.java:takeSnapshot(287)) - 1fb39430-fcdd-414e-946c-d9923f8003ee@group-95E284FF4F57-StateMachineUpdater: Took a snapshot at index 4
2023-04-02 14:01:37,451 [1fb39430-fcdd-414e-946c-d9923f8003ee@group-95E284FF4F57-StateMachineUpdater] INFO  impl.StateMachineUpdater (StateMachineUpdater.java:lambda$new$0(92)) - 1fb39430-fcdd-414e-946c-d9923f8003ee@group-95E284FF4F57-StateMachineUpdater: snapshotIndex: updateIncreasingly 2 -> 4
2023-04-02 14:01:37,467 [Listener at 127.0.0.1/36373] INFO  ozone.MiniOzoneClusterImpl (MiniOzoneClusterImpl.java:shutdown(455)) - Shutting down the Mini Ozone Cluster
2023-04-02 14:01:37,467 [Listener at 127.0.0.1/36373] INFO  ozone.MiniOzoneClusterImpl (MiniOzoneClusterImpl.java:stop(471)) - Stopping the Mini Ozone Cluster
2023-04-02 14:01:37,467 [Listener at 127.0.0.1/36373] INFO  ozone.MiniOzoneClusterImpl (MiniOzoneClusterImpl.java:stopOM(557)) - Stopping the OzoneManager
2023-04-02 14:01:37,467 [Listener at 127.0.0.1/36373] INFO  om.OzoneManager (OzoneManager.java:stop(2165)) - om1[localhost:0]: Stopping Ozone Manager
2023-04-02 14:01:37,467 [Listener at 127.0.0.1/36373] INFO  ipc.Server (Server.java:stop(3501)) - Stopping server on 36373
2023-04-02 14:01:37,474 [IPC Server listener on 0] INFO  ipc.Server (Server.java:run(1430)) - Stopping IPC Server listener on 0
2023-04-02 14:01:37,476 [IPC Server Responder] INFO  ipc.Server (Server.java:run(1563)) - Stopping IPC Server Responder
2023-04-02 14:01:37,476 [Listener at 127.0.0.1/36373] INFO  server.RaftServer (RaftServerProxy.java:lambda$close$6(409)) - om1: close
2023-04-02 14:01:37,477 [Listener at 127.0.0.1/36373] INFO  server.GrpcService (GrpcService.java:closeImpl(271)) - om1: shutdown server GrpcServerProtocolService now
2023-04-02 14:01:37,477 [om1-impl-thread1] INFO  server.RaftServer$Division (RaftServerImpl.java:lambda$close$4(458)) - om1@group-C5BA1605619E: shutdown
2023-04-02 14:01:37,477 [om1-impl-thread1] INFO  util.JmxRegister (JmxRegister.java:unregister(73)) - Successfully un-registered JMX Bean with object name Ratis:service=RaftServer,group=group-C5BA1605619E,id=om1
2023-04-02 14:01:37,477 [om1-impl-thread1] INFO  impl.RoleInfo (RoleInfo.java:shutdownLeaderState(93)) - om1: shutdown om1@group-C5BA1605619E-LeaderStateImpl
2023-04-02 14:01:37,477 [om1-impl-thread1] INFO  impl.PendingRequests (PendingRequests.java:sendNotLeaderResponses(282)) - om1@group-C5BA1605619E-PendingRequests: sendNotLeaderResponses
2023-04-02 14:01:37,478 [Listener at 127.0.0.1/36373] INFO  server.GrpcService (GrpcService.java:closeImpl(280)) - om1: shutdown server GrpcServerProtocolService successfully
2023-04-02 14:01:37,480 [om1-impl-thread1] INFO  impl.StateMachineUpdater (StateMachineUpdater.java:stopAndJoin(153)) - om1@group-C5BA1605619E-StateMachineUpdater: set stopIndex = 8
2023-04-02 14:01:37,481 [om1@group-C5BA1605619E-StateMachineUpdater] INFO  ratis.OzoneManagerStateMachine (OzoneManagerStateMachine.java:takeSnapshot(445)) - Current Snapshot Index (t:1, i:8)
2023-04-02 14:01:37,500 [om1@group-C5BA1605619E-StateMachineUpdater] INFO  impl.StateMachineUpdater (StateMachineUpdater.java:takeSnapshot(287)) - om1@group-C5BA1605619E-StateMachineUpdater: Took a snapshot at index 8
2023-04-02 14:01:37,500 [om1@group-C5BA1605619E-StateMachineUpdater] INFO  impl.StateMachineUpdater (StateMachineUpdater.java:lambda$new$0(92)) - om1@group-C5BA1605619E-StateMachineUpdater: snapshotIndex: updateIncreasingly -1 -> 8
2023-04-02 14:01:37,500 [om1@group-C5BA1605619E-StateMachineUpdater] INFO  ratis.OzoneManagerStateMachine (OzoneManagerStateMachine.java:close(499)) - StateMachine has shutdown. Shutdown OzoneManager if not already shutdown.
2023-04-02 14:01:37,500 [om1@group-C5BA1605619E-StateMachineUpdater] INFO  ratis.OzoneManagerDoubleBuffer (OzoneManagerDoubleBuffer.java:stopDaemon(540)) - Stopping OMDoubleBuffer flush thread
2023-04-02 14:01:37,500 [OMDoubleBufferFlushThread] INFO  ratis.OzoneManagerDoubleBuffer (OzoneManagerDoubleBuffer.java:canFlush(625)) - OMDoubleBuffer flush thread OMDoubleBufferFlushThread is interrupted and will exit.
2023-04-02 14:01:37,502 [om1-impl-thread1] INFO  server.RaftServer$Division (ServerState.java:close(466)) - om1@group-C5BA1605619E: closes. applyIndex: 8
2023-04-02 14:01:37,502 [om1@group-C5BA1605619E-SegmentedRaftLogWorker] INFO  segmented.SegmentedRaftLogWorker (SegmentedRaftLogWorker.java:run(347)) - om1@group-C5BA1605619E-SegmentedRaftLogWorker was interrupted, exiting. There are 0 tasks remaining in the queue.
2023-04-02 14:01:37,505 [om1-impl-thread1] INFO  segmented.SegmentedRaftLogWorker (SegmentedRaftLogWorker.java:close(257)) - om1@group-C5BA1605619E-SegmentedRaftLogWorker close()
2023-04-02 14:01:37,505 [JvmPauseMonitor4] INFO  util.JvmPauseMonitor (JvmPauseMonitor.java:run(111)) - JvmPauseMonitor-om1: Stopped
2023-04-02 14:01:37,505 [Listener at 127.0.0.1/36373] INFO  ratis.OzoneManagerStateMachine (OzoneManagerStateMachine.java:close(499)) - StateMachine has shutdown. Shutdown OzoneManager if not already shutdown.
2023-04-02 14:01:37,505 [Listener at 127.0.0.1/36373] INFO  ratis.OzoneManagerDoubleBuffer (OzoneManagerDoubleBuffer.java:stopDaemon(549)) - OMDoubleBuffer flush thread is not running.
2023-04-02 14:01:37,506 [Listener at 127.0.0.1/36373] INFO  utils.BackgroundService (BackgroundService.java:shutdown(141)) - Shutting down service KeyDeletingService
2023-04-02 14:01:37,507 [Listener at 127.0.0.1/36373] INFO  utils.BackgroundService (BackgroundService.java:shutdown(141)) - Shutting down service DirectoryDeletingService
2023-04-02 14:01:37,507 [Listener at 127.0.0.1/36373] INFO  utils.BackgroundService (BackgroundService.java:shutdown(141)) - Shutting down service OpenKeyCleanupService
2023-04-02 14:01:37,507 [Listener at 127.0.0.1/36373] INFO  utils.BackgroundService (BackgroundService.java:shutdown(141)) - Shutting down service SstFilteringService
2023-04-02 14:01:37,508 [Listener at 127.0.0.1/36373] INFO  utils.BackgroundService (BackgroundService.java:shutdown(141)) - Shutting down service SnapshotDeletingService
2023-04-02 14:01:37,509 [Listener at 127.0.0.1/36373] INFO  handler.ContextHandler (ContextHandler.java:doStop(1159)) - Stopped o.e.j.w.WebAppContext@6f28b83{ozoneManager,/,null,STOPPED}{file:/home/runner/work/ozone/ozone/hadoop-ozone/integration-test/target/test-classes/webapps/ozoneManager}
2023-04-02 14:01:37,509 [Listener at 127.0.0.1/36373] INFO  server.AbstractConnector (AbstractConnector.java:doStop(383)) - Stopped ServerConnector@6970acb2{HTTP/1.1, (http/1.1)}{0.0.0.0:0}
2023-04-02 14:01:37,509 [Listener at 127.0.0.1/36373] INFO  server.session (HouseKeeper.java:stopScavenging(149)) - node0 Stopped scavenging
2023-04-02 14:01:37,510 [Listener at 127.0.0.1/36373] INFO  handler.ContextHandler (ContextHandler.java:doStop(1159)) - Stopped o.e.j.s.ServletContextHandler@16ff42e5{static,/static,file:///home/runner/work/ozone/ozone/hadoop-ozone/integration-test/target/test-classes/webapps/static,STOPPED}
2023-04-02 14:01:37,510 [Listener at 127.0.0.1/36373] INFO  handler.ContextHandler (ContextHandler.java:doStop(1159)) - Stopped o.e.j.s.ServletContextHandler@420bf0e2{logs,/logs,file:///home/runner/work/ozone/ozone/hadoop-ozone/integration-test/target/log,STOPPED}
2023-04-02 14:01:37,517 [Listener at 127.0.0.1/36373] INFO  ozone.MiniOzoneClusterImpl (MiniOzoneClusterImpl.java:stopDatanodes(534)) - Stopping the HddsDatanodes
2023-04-02 14:01:37,521 [ForkJoinPool.commonPool-worker-0] INFO  ozoneimpl.OzoneContainer (OzoneContainer.java:stop(419)) - Attempting to stop container services.
2023-04-02 14:01:37,521 [Listener at 127.0.0.1/36373] INFO  ozoneimpl.OzoneContainer (OzoneContainer.java:stop(419)) - Attempting to stop container services.
2023-04-02 14:01:37,521 [ForkJoinPool.commonPool-worker-0] INFO  server.RaftServer (RaftServerProxy.java:lambda$close$6(409)) - 3598537c-2d2c-483e-9e41-f30068588b97: close
2023-04-02 14:01:37,521 [3598537c-2d2c-483e-9e41-f30068588b97-impl-thread1] INFO  server.RaftServer$Division (RaftServerImpl.java:lambda$close$4(458)) - 3598537c-2d2c-483e-9e41-f30068588b97@group-FBA78F54F0CD: shutdown
2023-04-02 14:01:37,521 [3598537c-2d2c-483e-9e41-f30068588b97-impl-thread1] INFO  util.JmxRegister (JmxRegister.java:unregister(73)) - Successfully un-registered JMX Bean with object name Ratis:service=RaftServer,group=group-FBA78F54F0CD,id=3598537c-2d2c-483e-9e41-f30068588b97
2023-04-02 14:01:37,522 [3598537c-2d2c-483e-9e41-f30068588b97-impl-thread1] INFO  impl.RoleInfo (RoleInfo.java:shutdownLeaderState(93)) - 3598537c-2d2c-483e-9e41-f30068588b97: shutdown 3598537c-2d2c-483e-9e41-f30068588b97@group-FBA78F54F0CD-LeaderStateImpl
2023-04-02 14:01:37,524 [3598537c-2d2c-483e-9e41-f30068588b97-impl-thread1] INFO  impl.PendingRequests (PendingRequests.java:sendNotLeaderResponses(282)) - 3598537c-2d2c-483e-9e41-f30068588b97@group-FBA78F54F0CD-PendingRequests: sendNotLeaderResponses
2023-04-02 14:01:37,524 [3598537c-2d2c-483e-9e41-f30068588b97-impl-thread2] INFO  server.RaftServer$Division (RaftServerImpl.java:lambda$close$4(458)) - 3598537c-2d2c-483e-9e41-f30068588b97@group-6E5A162D5865: shutdown
2023-04-02 14:01:37,524 [3598537c-2d2c-483e-9e41-f30068588b97-impl-thread2] INFO  util.JmxRegister (JmxRegister.java:unregister(73)) - Successfully un-registered JMX Bean with object name Ratis:service=RaftServer,group=group-6E5A162D5865,id=3598537c-2d2c-483e-9e41-f30068588b97
2023-04-02 14:01:37,524 [3598537c-2d2c-483e-9e41-f30068588b97-impl-thread2] INFO  impl.RoleInfo (RoleInfo.java:shutdownLeaderState(93)) - 3598537c-2d2c-483e-9e41-f30068588b97: shutdown 3598537c-2d2c-483e-9e41-f30068588b97@group-6E5A162D5865-LeaderStateImpl
2023-04-02 14:01:37,524 [3598537c-2d2c-483e-9e41-f30068588b97-impl-thread1] INFO  impl.StateMachineUpdater (StateMachineUpdater.java:stopAndJoin(153)) - 3598537c-2d2c-483e-9e41-f30068588b97@group-FBA78F54F0CD-StateMachineUpdater: set stopIndex = 0
2023-04-02 14:01:37,524 [3598537c-2d2c-483e-9e41-f30068588b97-impl-thread1] INFO  server.RaftServer$Division (ServerState.java:close(466)) - 3598537c-2d2c-483e-9e41-f30068588b97@group-FBA78F54F0CD: closes. applyIndex: 0
2023-04-02 14:01:37,524 [3598537c-2d2c-483e-9e41-f30068588b97-impl-thread2] INFO  impl.PendingRequests (PendingRequests.java:sendNotLeaderResponses(282)) - 3598537c-2d2c-483e-9e41-f30068588b97@group-6E5A162D5865-PendingRequests: sendNotLeaderResponses
2023-04-02 14:01:37,524 [3598537c-2d2c-483e-9e41-f30068588b97@group-FBA78F54F0CD->2b490ca0-945f-4f4c-9e95-7ff37cc96b4c-GrpcLogAppender-LogAppenderDaemon] WARN  server.GrpcLogAppender (GrpcLogAppender.java:mayWait(200)) - 3598537c-2d2c-483e-9e41-f30068588b97@group-FBA78F54F0CD->2b490ca0-945f-4f4c-9e95-7ff37cc96b4c-GrpcLogAppender: Wait interrupted by java.lang.InterruptedException
2023-04-02 14:01:37,524 [3598537c-2d2c-483e-9e41-f30068588b97@group-FBA78F54F0CD->1fb39430-fcdd-414e-946c-d9923f8003ee-GrpcLogAppender-LogAppenderDaemon] WARN  server.GrpcLogAppender (GrpcLogAppender.java:mayWait(200)) - 3598537c-2d2c-483e-9e41-f30068588b97@group-FBA78F54F0CD->1fb39430-fcdd-414e-946c-d9923f8003ee-GrpcLogAppender: Wait interrupted by java.lang.InterruptedException
2023-04-02 14:01:37,525 [3598537c-2d2c-483e-9e41-f30068588b97-impl-thread2] INFO  impl.StateMachineUpdater (StateMachineUpdater.java:stopAndJoin(153)) - 3598537c-2d2c-483e-9e41-f30068588b97@group-6E5A162D5865-StateMachineUpdater: set stopIndex = 0
2023-04-02 14:01:37,525 [3598537c-2d2c-483e-9e41-f30068588b97-impl-thread2] INFO  server.RaftServer$Division (ServerState.java:close(466)) - 3598537c-2d2c-483e-9e41-f30068588b97@group-6E5A162D5865: closes. applyIndex: 0
2023-04-02 14:01:37,525 [ForkJoinPool.commonPool-worker-0] INFO  server.GrpcService (GrpcService.java:closeImpl(271)) - 3598537c-2d2c-483e-9e41-f30068588b97: shutdown server GrpcServerProtocolService now
2023-04-02 14:01:37,528 [Listener at 127.0.0.1/36373] INFO  server.RaftServer (RaftServerProxy.java:lambda$close$6(409)) - 2b490ca0-945f-4f4c-9e95-7ff37cc96b4c: close
2023-04-02 14:01:37,529 [3598537c-2d2c-483e-9e41-f30068588b97-impl-thread3] INFO  server.RaftServer$Division (RaftServerImpl.java:lambda$close$4(458)) - 3598537c-2d2c-483e-9e41-f30068588b97@group-95E284FF4F57: shutdown
2023-04-02 14:01:37,529 [2b490ca0-945f-4f4c-9e95-7ff37cc96b4c-impl-thread1] INFO  server.RaftServer$Division (RaftServerImpl.java:lambda$close$4(458)) - 2b490ca0-945f-4f4c-9e95-7ff37cc96b4c@group-FBA78F54F0CD: shutdown
2023-04-02 14:01:37,529 [2b490ca0-945f-4f4c-9e95-7ff37cc96b4c-impl-thread1] INFO  util.JmxRegister (JmxRegister.java:unregister(73)) - Successfully un-registered JMX Bean with object name Ratis:service=RaftServer,group=group-FBA78F54F0CD,id=2b490ca0-945f-4f4c-9e95-7ff37cc96b4c
2023-04-02 14:01:37,529 [2b490ca0-945f-4f4c-9e95-7ff37cc96b4c-impl-thread1] INFO  impl.RoleInfo (RoleInfo.java:shutdownFollowerState(110)) - 2b490ca0-945f-4f4c-9e95-7ff37cc96b4c: shutdown 2b490ca0-945f-4f4c-9e95-7ff37cc96b4c@group-FBA78F54F0CD-FollowerState
2023-04-02 14:01:37,529 [3598537c-2d2c-483e-9e41-f30068588b97-impl-thread3] INFO  util.JmxRegister (JmxRegister.java:unregister(73)) - Successfully un-registered JMX Bean with object name Ratis:service=RaftServer,group=group-95E284FF4F57,id=3598537c-2d2c-483e-9e41-f30068588b97
2023-04-02 14:01:37,529 [3598537c-2d2c-483e-9e41-f30068588b97-impl-thread3] INFO  impl.RoleInfo (RoleInfo.java:shutdownFollowerState(110)) - 3598537c-2d2c-483e-9e41-f30068588b97: shutdown 3598537c-2d2c-483e-9e41-f30068588b97@group-95E284FF4F57-FollowerState
2023-04-02 14:01:37,529 [2b490ca0-945f-4f4c-9e95-7ff37cc96b4c-impl-thread2] INFO  server.RaftServer$Division (RaftServerImpl.java:lambda$close$4(458)) - 2b490ca0-945f-4f4c-9e95-7ff37cc96b4c@group-95E284FF4F57: shutdown
2023-04-02 14:01:37,529 [2b490ca0-945f-4f4c-9e95-7ff37cc96b4c-impl-thread2] INFO  util.JmxRegister (JmxRegister.java:unregister(73)) - Successfully un-registered JMX Bean with object name Ratis:service=RaftServer,group=group-95E284FF4F57,id=2b490ca0-945f-4f4c-9e95-7ff37cc96b4c
2023-04-02 14:01:37,529 [2b490ca0-945f-4f4c-9e95-7ff37cc96b4c-impl-thread2] INFO  impl.RoleInfo (RoleInfo.java:shutdownFollowerState(110)) - 2b490ca0-945f-4f4c-9e95-7ff37cc96b4c: shutdown 2b490ca0-945f-4f4c-9e95-7ff37cc96b4c@group-95E284FF4F57-FollowerState
2023-04-02 14:01:37,529 [Listener at 127.0.0.1/36373] INFO  server.GrpcService (GrpcService.java:closeImpl(271)) - 2b490ca0-945f-4f4c-9e95-7ff37cc96b4c: shutdown server GrpcServerProtocolService now
2023-04-02 14:01:37,529 [2b490ca0-945f-4f4c-9e95-7ff37cc96b4c-impl-thread3] INFO  server.RaftServer$Division (RaftServerImpl.java:lambda$close$4(458)) - 2b490ca0-945f-4f4c-9e95-7ff37cc96b4c@group-425F6AD3A5B2: shutdown
2023-04-02 14:01:37,532 [2b490ca0-945f-4f4c-9e95-7ff37cc96b4c-impl-thread3] INFO  util.JmxRegister (JmxRegister.java:unregister(73)) - Successfully un-registered JMX Bean with object name Ratis:service=RaftServer,group=group-425F6AD3A5B2,id=2b490ca0-945f-4f4c-9e95-7ff37cc96b4c
2023-04-02 14:01:37,532 [2b490ca0-945f-4f4c-9e95-7ff37cc96b4c-impl-thread3] INFO  impl.RoleInfo (RoleInfo.java:shutdownLeaderState(93)) - 2b490ca0-945f-4f4c-9e95-7ff37cc96b4c: shutdown 2b490ca0-945f-4f4c-9e95-7ff37cc96b4c@group-425F6AD3A5B2-LeaderStateImpl
2023-04-02 14:01:37,532 [2b490ca0-945f-4f4c-9e95-7ff37cc96b4c-impl-thread3] INFO  impl.PendingRequests (PendingRequests.java:sendNotLeaderResponses(282)) - 2b490ca0-945f-4f4c-9e95-7ff37cc96b4c@group-425F6AD3A5B2-PendingRequests: sendNotLeaderResponses
2023-04-02 14:01:37,532 [2b490ca0-945f-4f4c-9e95-7ff37cc96b4c-impl-thread3] INFO  impl.StateMachineUpdater (StateMachineUpdater.java:stopAndJoin(153)) - 2b490ca0-945f-4f4c-9e95-7ff37cc96b4c@group-425F6AD3A5B2-StateMachineUpdater: set stopIndex = 0
2023-04-02 14:01:37,532 [2b490ca0-945f-4f4c-9e95-7ff37cc96b4c-impl-thread3] INFO  server.RaftServer$Division (ServerState.java:close(466)) - 2b490ca0-945f-4f4c-9e95-7ff37cc96b4c@group-425F6AD3A5B2: closes. applyIndex: 0
2023-04-02 14:01:37,533 [2b490ca0-945f-4f4c-9e95-7ff37cc96b4c@group-425F6AD3A5B2-SegmentedRaftLogWorker] INFO  segmented.SegmentedRaftLogWorker (SegmentedRaftLogWorker.java:run(347)) - 2b490ca0-945f-4f4c-9e95-7ff37cc96b4c@group-425F6AD3A5B2-SegmentedRaftLogWorker was interrupted, exiting. There are 0 tasks remaining in the queue.
2023-04-02 14:01:37,536 [grpc-default-executor-3] INFO  server.GrpcServerProtocolService (GrpcServerProtocolService.java:onCompleted(143)) - 1fb39430-fcdd-414e-946c-d9923f8003ee: Completed APPEND_ENTRIES, lastRequest: null
2023-04-02 14:01:37,536 [grpc-default-executor-4] WARN  server.GrpcServerProtocolService (LogUtils.java:warn(122)) - 2b490ca0-945f-4f4c-9e95-7ff37cc96b4c: installSnapshot onError, lastRequest: null: org.apache.ratis.thirdparty.io.grpc.StatusRuntimeException: CANCELLED: client cancelled
2023-04-02 14:01:37,537 [grpc-default-executor-5] INFO  server.GrpcServerProtocolService (GrpcServerProtocolService.java:onCompleted(143)) - 2b490ca0-945f-4f4c-9e95-7ff37cc96b4c: Completed APPEND_ENTRIES, lastRequest: 3598537c-2d2c-483e-9e41-f30068588b97->2b490ca0-945f-4f4c-9e95-7ff37cc96b4c#1-t1,previous=(t:0, i:0),leaderCommit=0,initializing? true,entries: size=1, first=(t:1, i:0), CONFIGURATIONENTRY(current:id: "2b490ca0-945f-4f4c-9e95-7ff37cc96b4c"
address: "10.1.0.35:36527"
dataStreamAddress: "10.1.0.35:35243"
clientAddress: "10.1.0.35:36527"
adminAddress: "10.1.0.35:36527"
startupRole: FOLLOWER
,id: "3598537c-2d2c-483e-9e41-f30068588b97"
address: "10.1.0.35:36519"
priority: 1
dataStreamAddress: "10.1.0.35:39781"
clientAddress: "10.1.0.35:36519"
adminAddress: "10.1.0.35:36519"
startupRole: FOLLOWER
,id: "1fb39430-fcdd-414e-946c-d9923f8003ee"
address: "10.1.0.35:34435"
dataStreamAddress: "10.1.0.35:44291"
clientAddress: "10.1.0.35:34435"
adminAddress: "10.1.0.35:34435"
startupRole: FOLLOWER
, old:)
2023-04-02 14:01:37,536 [grpc-default-executor-1] WARN  server.GrpcServerProtocolService (LogUtils.java:warn(122)) - 3598537c-2d2c-483e-9e41-f30068588b97: installSnapshot onError, lastRequest: 1fb39430-fcdd-414e-946c-d9923f8003ee->3598537c-2d2c-483e-9e41-f30068588b97#62-t1,previous=(t:1, i:3),leaderCommit=3,initializing? true,entries: size=1, first=(t:1, i:4), METADATAENTRY(c:3): org.apache.ratis.thirdparty.io.grpc.StatusRuntimeException: CANCELLED: client cancelled
2023-04-02 14:01:37,538 [grpc-default-executor-1] WARN  server.GrpcServerProtocolService (LogUtils.java:warn(122)) - 3598537c-2d2c-483e-9e41-f30068588b97: installSnapshot onError, lastRequest: null: org.apache.ratis.thirdparty.io.grpc.StatusRuntimeException: CANCELLED: client cancelled
2023-04-02 14:01:37,539 [grpc-default-executor-1] WARN  server.GrpcLogAppender (LogUtils.java:warn(122)) - 1fb39430-fcdd-414e-946c-d9923f8003ee@group-95E284FF4F57->3598537c-2d2c-483e-9e41-f30068588b97-AppendLogResponseHandler: Failed appendEntries: org.apache.ratis.thirdparty.io.grpc.StatusRuntimeException: CANCELLED: RST_STREAM closed stream. HTTP/2 error code: CANCEL
2023-04-02 14:01:37,539 [grpc-default-executor-1] INFO  leader.FollowerInfo (FollowerInfoImpl.java:lambda$new$0(48)) - 1fb39430-fcdd-414e-946c-d9923f8003ee@group-95E284FF4F57->3598537c-2d2c-483e-9e41-f30068588b97: nextIndex: updateUnconditionally 5 -> 4
2023-04-02 14:01:37,539 [grpc-default-executor-1] INFO  server.GrpcLogAppender (GrpcLogAppender.java:onError(404)) - 3598537c-2d2c-483e-9e41-f30068588b97@group-FBA78F54F0CD->2b490ca0-945f-4f4c-9e95-7ff37cc96b4c-GrpcLogAppender is already stopped
2023-04-02 14:01:37,540 [grpc-default-executor-5] WARN  server.GrpcServerProtocolService (LogUtils.java:warn(122)) - 2b490ca0-945f-4f4c-9e95-7ff37cc96b4c: installSnapshot onError, lastRequest: null: org.apache.ratis.thirdparty.io.grpc.StatusRuntimeException: CANCELLED: client cancelled
2023-04-02 14:01:37,540 [3598537c-2d2c-483e-9e41-f30068588b97@group-6E5A162D5865-SegmentedRaftLogWorker] INFO  segmented.SegmentedRaftLogWorker (SegmentedRaftLogWorker.java:run(347)) - 3598537c-2d2c-483e-9e41-f30068588b97@group-6E5A162D5865-SegmentedRaftLogWorker was interrupted, exiting. There are 0 tasks remaining in the queue.
2023-04-02 14:01:37,540 [3598537c-2d2c-483e-9e41-f30068588b97@group-FBA78F54F0CD-SegmentedRaftLogWorker] INFO  segmented.SegmentedRaftLogWorker (SegmentedRaftLogWorker.java:run(347)) - 3598537c-2d2c-483e-9e41-f30068588b97@group-FBA78F54F0CD-SegmentedRaftLogWorker was interrupted, exiting. There are 0 tasks remaining in the queue.
2023-04-02 14:01:37,542 [2b490ca0-945f-4f4c-9e95-7ff37cc96b4c-impl-thread2] INFO  impl.StateMachineUpdater (StateMachineUpdater.java:stopAndJoin(153)) - 2b490ca0-945f-4f4c-9e95-7ff37cc96b4c@group-95E284FF4F57-StateMachineUpdater: set stopIndex = 3
2023-04-02 14:01:37,543 [2b490ca0-945f-4f4c-9e95-7ff37cc96b4c@group-95E284FF4F57-FollowerState] INFO  impl.FollowerState (FollowerState.java:run(152)) - 2b490ca0-945f-4f4c-9e95-7ff37cc96b4c@group-95E284FF4F57-FollowerState was interrupted
2023-04-02 14:01:37,543 [3598537c-2d2c-483e-9e41-f30068588b97-impl-thread3] INFO  impl.StateMachineUpdater (StateMachineUpdater.java:stopAndJoin(153)) - 3598537c-2d2c-483e-9e41-f30068588b97@group-95E284FF4F57-StateMachineUpdater: set stopIndex = 3
2023-04-02 14:01:37,543 [2b490ca0-945f-4f4c-9e95-7ff37cc96b4c@group-95E284FF4F57-StateMachineUpdater] INFO  ratis.ContainerStateMachine (ContainerStateMachine.java:takeSnapshot(330)) - group-95E284FF4F57: Taking a snapshot at:(t:1, i:3) file /home/runner/work/ozone/ozone/hadoop-ozone/integration-test/target/test-dir/MiniOzoneClusterImpl-bc27570d-a894-40b9-be9a-008fe3dc8683/datanode-1/data/ratis/839edd7b-d036-4bc5-89f8-95e284ff4f57/sm/snapshot.1_3
2023-04-02 14:01:37,543 [2b490ca0-945f-4f4c-9e95-7ff37cc96b4c-impl-thread1] INFO  impl.StateMachineUpdater (StateMachineUpdater.java:stopAndJoin(153)) - 2b490ca0-945f-4f4c-9e95-7ff37cc96b4c@group-FBA78F54F0CD-StateMachineUpdater: set stopIndex = 0
2023-04-02 14:01:37,543 [2b490ca0-945f-4f4c-9e95-7ff37cc96b4c@group-FBA78F54F0CD-FollowerState] INFO  impl.FollowerState (FollowerState.java:run(152)) - 2b490ca0-945f-4f4c-9e95-7ff37cc96b4c@group-FBA78F54F0CD-FollowerState was interrupted
2023-04-02 14:01:37,543 [Listener at 127.0.0.1/36373] INFO  server.GrpcService (GrpcService.java:closeImpl(280)) - 2b490ca0-945f-4f4c-9e95-7ff37cc96b4c: shutdown server GrpcServerProtocolService successfully
2023-04-02 14:01:37,546 [grpc-default-executor-0] INFO  server.GrpcServerProtocolService (GrpcServerProtocolService.java:onCompleted(143)) - 1fb39430-fcdd-414e-946c-d9923f8003ee: Completed APPEND_ENTRIES, lastRequest: 3598537c-2d2c-483e-9e41-f30068588b97->1fb39430-fcdd-414e-946c-d9923f8003ee#1-t1,previous=(t:0, i:0),leaderCommit=0,initializing? true,entries: size=1, first=(t:1, i:0), CONFIGURATIONENTRY(current:id: "2b490ca0-945f-4f4c-9e95-7ff37cc96b4c"
address: "10.1.0.35:36527"
dataStreamAddress: "10.1.0.35:35243"
clientAddress: "10.1.0.35:36527"
adminAddress: "10.1.0.35:36527"
startupRole: FOLLOWER
,id: "3598537c-2d2c-483e-9e41-f30068588b97"
address: "10.1.0.35:36519"
priority: 1
dataStreamAddress: "10.1.0.35:39781"
clientAddress: "10.1.0.35:36519"
adminAddress: "10.1.0.35:36519"
startupRole: FOLLOWER
,id: "1fb39430-fcdd-414e-946c-d9923f8003ee"
address: "10.1.0.35:34435"
dataStreamAddress: "10.1.0.35:44291"
clientAddress: "10.1.0.35:34435"
adminAddress: "10.1.0.35:34435"
startupRole: FOLLOWER
, old:)
2023-04-02 14:01:37,547 [grpc-default-executor-5] WARN  server.GrpcServerProtocolService (LogUtils.java:warn(122)) - 2b490ca0-945f-4f4c-9e95-7ff37cc96b4c: installSnapshot onError, lastRequest: 1fb39430-fcdd-414e-946c-d9923f8003ee->2b490ca0-945f-4f4c-9e95-7ff37cc96b4c#12-t1,previous=(t:1, i:3),leaderCommit=3,initializing? true,entries: size=1, first=(t:1, i:4), METADATAENTRY(c:3): org.apache.ratis.thirdparty.io.grpc.StatusRuntimeException: CANCELLED: client cancelled
2023-04-02 14:01:37,545 [grpc-default-executor-2] WARN  server.GrpcLogAppender (LogUtils.java:warn(122)) - 1fb39430-fcdd-414e-946c-d9923f8003ee@group-95E284FF4F57->2b490ca0-945f-4f4c-9e95-7ff37cc96b4c-AppendLogResponseHandler: Failed appendEntries: org.apache.ratis.thirdparty.io.grpc.StatusRuntimeException: CANCELLED: RST_STREAM closed stream. HTTP/2 error code: CANCEL
2023-04-02 14:01:37,547 [grpc-default-executor-2] INFO  leader.FollowerInfo (FollowerInfoImpl.java:lambda$new$0(48)) - 1fb39430-fcdd-414e-946c-d9923f8003ee@group-95E284FF4F57->2b490ca0-945f-4f4c-9e95-7ff37cc96b4c: nextIndex: updateUnconditionally 5 -> 4
2023-04-02 14:01:37,545 [3598537c-2d2c-483e-9e41-f30068588b97@group-95E284FF4F57-StateMachineUpdater] INFO  ratis.ContainerStateMachine (ContainerStateMachine.java:takeSnapshot(330)) - group-95E284FF4F57: Taking a snapshot at:(t:1, i:3) file /home/runner/work/ozone/ozone/hadoop-ozone/integration-test/target/test-dir/MiniOzoneClusterImpl-bc27570d-a894-40b9-be9a-008fe3dc8683/datanode-0/data/ratis/839edd7b-d036-4bc5-89f8-95e284ff4f57/sm/snapshot.1_3
2023-04-02 14:01:37,545 [2b490ca0-945f-4f4c-9e95-7ff37cc96b4c-impl-thread1] INFO  server.RaftServer$Division (ServerState.java:close(466)) - 2b490ca0-945f-4f4c-9e95-7ff37cc96b4c@group-FBA78F54F0CD: closes. applyIndex: 0
2023-04-02 14:01:37,547 [2b490ca0-945f-4f4c-9e95-7ff37cc96b4c@group-FBA78F54F0CD-SegmentedRaftLogWorker] INFO  segmented.SegmentedRaftLogWorker (SegmentedRaftLogWorker.java:run(347)) - 2b490ca0-945f-4f4c-9e95-7ff37cc96b4c@group-FBA78F54F0CD-SegmentedRaftLogWorker was interrupted, exiting. There are 0 tasks remaining in the queue.
2023-04-02 14:01:37,545 [3598537c-2d2c-483e-9e41-f30068588b97@group-95E284FF4F57-FollowerState] INFO  impl.FollowerState (FollowerState.java:run(152)) - 3598537c-2d2c-483e-9e41-f30068588b97@group-95E284FF4F57-FollowerState was interrupted
2023-04-02 14:01:37,545 [2b490ca0-945f-4f4c-9e95-7ff37cc96b4c@group-95E284FF4F57-StateMachineUpdater] INFO  ratis.ContainerStateMachine (ContainerStateMachine.java:takeSnapshot(341)) - group-95E284FF4F57: Finished taking a snapshot at:(t:1, i:3) file:/home/runner/work/ozone/ozone/hadoop-ozone/integration-test/target/test-dir/MiniOzoneClusterImpl-bc27570d-a894-40b9-be9a-008fe3dc8683/datanode-1/data/ratis/839edd7b-d036-4bc5-89f8-95e284ff4f57/sm/snapshot.1_3 took: 2 ms
2023-04-02 14:01:37,544 [grpc-default-executor-3] WARN  server.GrpcLogAppender (LogUtils.java:warn(122)) - 1fb39430-fcdd-414e-946c-d9923f8003ee@group-95E284FF4F57->2b490ca0-945f-4f4c-9e95-7ff37cc96b4c-AppendLogResponseHandler: Failed appendEntries: org.apache.ratis.thirdparty.io.grpc.StatusRuntimeException: CANCELLED: RST_STREAM closed stream. HTTP/2 error code: CANCEL
2023-04-02 14:01:37,553 [grpc-default-executor-3] INFO  leader.FollowerInfo (FollowerInfoImpl.java:lambda$new$0(48)) - 1fb39430-fcdd-414e-946c-d9923f8003ee@group-95E284FF4F57->2b490ca0-945f-4f4c-9e95-7ff37cc96b4c: nextIndex: updateUnconditionally 4 -> 3
2023-04-02 14:01:37,554 [grpc-default-executor-4] INFO  server.GrpcLogAppender (GrpcLogAppender.java:onCompleted(415)) - 3598537c-2d2c-483e-9e41-f30068588b97@group-FBA78F54F0CD->1fb39430-fcdd-414e-946c-d9923f8003ee-AppendLogResponseHandler: follower responses appendEntries COMPLETED
2023-04-02 14:01:37,554 [grpc-default-executor-4] INFO  leader.FollowerInfo (FollowerInfoImpl.java:lambda$new$0(48)) - 3598537c-2d2c-483e-9e41-f30068588b97@group-FBA78F54F0CD->1fb39430-fcdd-414e-946c-d9923f8003ee: nextIndex: updateUnconditionally 1 -> 0
2023-04-02 14:01:37,544 [grpc-default-executor-6] INFO  server.GrpcLogAppender (GrpcLogAppender.java:onError(404)) - 3598537c-2d2c-483e-9e41-f30068588b97@group-FBA78F54F0CD->2b490ca0-945f-4f4c-9e95-7ff37cc96b4c-GrpcLogAppender is already stopped
2023-04-02 14:01:37,553 [2b490ca0-945f-4f4c-9e95-7ff37cc96b4c@group-95E284FF4F57-StateMachineUpdater] INFO  impl.StateMachineUpdater (StateMachineUpdater.java:takeSnapshot(287)) - 2b490ca0-945f-4f4c-9e95-7ff37cc96b4c@group-95E284FF4F57-StateMachineUpdater: Took a snapshot at index 3
2023-04-02 14:01:37,555 [2b490ca0-945f-4f4c-9e95-7ff37cc96b4c@group-95E284FF4F57-StateMachineUpdater] INFO  impl.StateMachineUpdater (StateMachineUpdater.java:lambda$new$0(92)) - 2b490ca0-945f-4f4c-9e95-7ff37cc96b4c@group-95E284FF4F57-StateMachineUpdater: snapshotIndex: updateIncreasingly 2 -> 3
2023-04-02 14:01:37,556 [2b490ca0-945f-4f4c-9e95-7ff37cc96b4c-impl-thread2] INFO  server.RaftServer$Division (ServerState.java:close(466)) - 2b490ca0-945f-4f4c-9e95-7ff37cc96b4c@group-95E284FF4F57: closes. applyIndex: 3
2023-04-02 14:01:37,556 [2b490ca0-945f-4f4c-9e95-7ff37cc96b4c@group-95E284FF4F57-SegmentedRaftLogWorker] INFO  segmented.SegmentedRaftLogWorker (SegmentedRaftLogWorker.java:run(347)) - 2b490ca0-945f-4f4c-9e95-7ff37cc96b4c@group-95E284FF4F57-SegmentedRaftLogWorker was interrupted, exiting. There are 0 tasks remaining in the queue.
2023-04-02 14:01:37,553 [grpc-default-executor-1] WARN  server.GrpcLogAppender (LogUtils.java:warn(122)) - 1fb39430-fcdd-414e-946c-d9923f8003ee@group-95E284FF4F57->3598537c-2d2c-483e-9e41-f30068588b97-AppendLogResponseHandler: Failed appendEntries: org.apache.ratis.thirdparty.io.grpc.StatusRuntimeException: CANCELLED: RST_STREAM closed stream. HTTP/2 error code: CANCEL
2023-04-02 14:01:37,556 [grpc-default-executor-1] INFO  leader.FollowerInfo (FollowerInfoImpl.java:lambda$new$0(48)) - 1fb39430-fcdd-414e-946c-d9923f8003ee@group-95E284FF4F57->3598537c-2d2c-483e-9e41-f30068588b97: nextIndex: updateUnconditionally 5 -> 4
2023-04-02 14:01:37,552 [ForkJoinPool.commonPool-worker-0] INFO  server.GrpcServerProtocolClient (GrpcServerProtocolClient.java:close(101)) - 2b490ca0-945f-4f4c-9e95-7ff37cc96b4c Close channels
2023-04-02 14:01:37,552 [grpc-default-executor-2] INFO  server.GrpcLogAppender (GrpcLogAppender.java:onCompleted(415)) - 3598537c-2d2c-483e-9e41-f30068588b97@group-FBA78F54F0CD->1fb39430-fcdd-414e-946c-d9923f8003ee-AppendLogResponseHandler: follower responses appendEntries COMPLETED
2023-04-02 14:01:37,557 [grpc-default-executor-2] INFO  leader.FollowerInfo (FollowerInfoImpl.java:lambda$new$0(48)) - 3598537c-2d2c-483e-9e41-f30068588b97@group-FBA78F54F0CD->1fb39430-fcdd-414e-946c-d9923f8003ee: nextIndex: updateUnconditionally 0 -> 0
2023-04-02 14:01:37,550 [3598537c-2d2c-483e-9e41-f30068588b97@group-95E284FF4F57-StateMachineUpdater] INFO  ratis.ContainerStateMachine (ContainerStateMachine.java:takeSnapshot(341)) - group-95E284FF4F57: Finished taking a snapshot at:(t:1, i:3) file:/home/runner/work/ozone/ozone/hadoop-ozone/integration-test/target/test-dir/MiniOzoneClusterImpl-bc27570d-a894-40b9-be9a-008fe3dc8683/datanode-0/data/ratis/839edd7b-d036-4bc5-89f8-95e284ff4f57/sm/snapshot.1_3 took: 5 ms
2023-04-02 14:01:37,547 [2b490ca0-945f-4f4c-9e95-7ff37cc96b4c-NettyServerStreamRpc-bossGroup--thread1] INFO  logging.LoggingHandler (AbstractInternalLogger.java:log(148)) - [id: 0x08c53932, L:/0:0:0:0:0:0:0:0:35243] CLOSE
2023-04-02 14:01:37,558 [3598537c-2d2c-483e-9e41-f30068588b97@group-95E284FF4F57-StateMachineUpdater] INFO  impl.StateMachineUpdater (StateMachineUpdater.java:takeSnapshot(287)) - 3598537c-2d2c-483e-9e41-f30068588b97@group-95E284FF4F57-StateMachineUpdater: Took a snapshot at index 3
2023-04-02 14:01:37,558 [2b490ca0-945f-4f4c-9e95-7ff37cc96b4c-NettyServerStreamRpc-bossGroup--thread1] INFO  logging.LoggingHandler (AbstractInternalLogger.java:log(148)) - [id: 0x08c53932, L:/0:0:0:0:0:0:0:0:35243] INACTIVE
2023-04-02 14:01:37,558 [2b490ca0-945f-4f4c-9e95-7ff37cc96b4c-NettyServerStreamRpc-bossGroup--thread1] INFO  logging.LoggingHandler (AbstractInternalLogger.java:log(148)) - [id: 0x08c53932, L:/0:0:0:0:0:0:0:0:35243] UNREGISTERED
2023-04-02 14:01:37,558 [3598537c-2d2c-483e-9e41-f30068588b97@group-95E284FF4F57-StateMachineUpdater] INFO  impl.StateMachineUpdater (StateMachineUpdater.java:lambda$new$0(92)) - 3598537c-2d2c-483e-9e41-f30068588b97@group-95E284FF4F57-StateMachineUpdater: snapshotIndex: updateIncreasingly 2 -> 3
2023-04-02 14:01:37,558 [2b490ca0-945f-4f4c-9e95-7ff37cc96b4c-impl-thread3] INFO  segmented.SegmentedRaftLogWorker (SegmentedRaftLogWorker.java:close(257)) - 2b490ca0-945f-4f4c-9e95-7ff37cc96b4c@group-425F6AD3A5B2-SegmentedRaftLogWorker close()
2023-04-02 14:01:37,561 [NettyClientStreamRpc-workerGroup--thread1] WARN  client.NettyClientStreamRpc (NettyClientStreamRpc.java:scheduleReconnect(206)) - Connection-/10.1.0.35:35243: channel is inactive; schedule reconnecting to /10.1.0.35:35243 in 100ms
2023-04-02 14:01:37,570 [3598537c-2d2c-483e-9e41-f30068588b97-impl-thread1] INFO  segmented.SegmentedRaftLogWorker (SegmentedRaftLogWorker.java:close(257)) - 3598537c-2d2c-483e-9e41-f30068588b97@group-FBA78F54F0CD-SegmentedRaftLogWorker close()
2023-04-02 14:01:37,570 [3598537c-2d2c-483e-9e41-f30068588b97-impl-thread2] INFO  segmented.SegmentedRaftLogWorker (SegmentedRaftLogWorker.java:close(257)) - 3598537c-2d2c-483e-9e41-f30068588b97@group-6E5A162D5865-SegmentedRaftLogWorker close()
2023-04-02 14:01:37,570 [3598537c-2d2c-483e-9e41-f30068588b97-impl-thread3] INFO  server.RaftServer$Division (ServerState.java:close(466)) - 3598537c-2d2c-483e-9e41-f30068588b97@group-95E284FF4F57: closes. applyIndex: 3
2023-04-02 14:01:37,570 [2b490ca0-945f-4f4c-9e95-7ff37cc96b4c-impl-thread1] INFO  segmented.SegmentedRaftLogWorker (SegmentedRaftLogWorker.java:close(257)) - 2b490ca0-945f-4f4c-9e95-7ff37cc96b4c@group-FBA78F54F0CD-SegmentedRaftLogWorker close()
2023-04-02 14:01:37,571 [3598537c-2d2c-483e-9e41-f30068588b97@group-95E284FF4F57-SegmentedRaftLogWorker] INFO  segmented.SegmentedRaftLogWorker (SegmentedRaftLogWorker.java:run(347)) - 3598537c-2d2c-483e-9e41-f30068588b97@group-95E284FF4F57-SegmentedRaftLogWorker was interrupted, exiting. There are 0 tasks remaining in the queue.
2023-04-02 14:01:37,571 [2b490ca0-945f-4f4c-9e95-7ff37cc96b4c-impl-thread2] INFO  segmented.SegmentedRaftLogWorker (SegmentedRaftLogWorker.java:close(257)) - 2b490ca0-945f-4f4c-9e95-7ff37cc96b4c@group-95E284FF4F57-SegmentedRaftLogWorker close()
2023-04-02 14:01:37,571 [grpc-default-executor-3] WARN  server.GrpcLogAppender (LogUtils.java:warn(122)) - 1fb39430-fcdd-414e-946c-d9923f8003ee@group-95E284FF4F57->3598537c-2d2c-483e-9e41-f30068588b97-AppendLogResponseHandler: Failed appendEntries: org.apache.ratis.thirdparty.io.grpc.StatusRuntimeException: UNAVAILABLE: io exception
2023-04-02 14:01:37,571 [grpc-default-executor-1] WARN  server.GrpcLogAppender (LogUtils.java:warn(122)) - 1fb39430-fcdd-414e-946c-d9923f8003ee@group-95E284FF4F57->2b490ca0-945f-4f4c-9e95-7ff37cc96b4c-AppendLogResponseHandler: Failed appendEntries: org.apache.ratis.thirdparty.io.grpc.StatusRuntimeException: UNAVAILABLE: io exception
2023-04-02 14:01:37,572 [grpc-default-executor-1] INFO  leader.FollowerInfo (FollowerInfoImpl.java:lambda$new$0(48)) - 1fb39430-fcdd-414e-946c-d9923f8003ee@group-95E284FF4F57->2b490ca0-945f-4f4c-9e95-7ff37cc96b4c: nextIndex: updateUnconditionally 4 -> 3
2023-04-02 14:01:37,572 [grpc-default-executor-3] INFO  leader.FollowerInfo (FollowerInfoImpl.java:lambda$new$0(48)) - 1fb39430-fcdd-414e-946c-d9923f8003ee@group-95E284FF4F57->3598537c-2d2c-483e-9e41-f30068588b97: nextIndex: updateUnconditionally 4 -> 3
2023-04-02 14:01:37,575 [grpc-default-executor-6] WARN  server.GrpcLogAppender (LogUtils.java:warn(122)) - 1fb39430-fcdd-414e-946c-d9923f8003ee@group-95E284FF4F57->2b490ca0-945f-4f4c-9e95-7ff37cc96b4c-AppendLogResponseHandler: Failed appendEntries: org.apache.ratis.thirdparty.io.grpc.StatusRuntimeException: UNAVAILABLE: io exception
2023-04-02 14:01:37,576 [grpc-default-executor-6] INFO  leader.FollowerInfo (FollowerInfoImpl.java:lambda$new$0(48)) - 1fb39430-fcdd-414e-946c-d9923f8003ee@group-95E284FF4F57->2b490ca0-945f-4f4c-9e95-7ff37cc96b4c: nextIndex: updateUnconditionally 3 -> 2
2023-04-02 14:01:37,576 [grpc-default-executor-2] WARN  server.GrpcLogAppender (LogUtils.java:warn(122)) - 1fb39430-fcdd-414e-946c-d9923f8003ee@group-95E284FF4F57->3598537c-2d2c-483e-9e41-f30068588b97-AppendLogResponseHandler: Failed appendEntries: org.apache.ratis.thirdparty.io.grpc.StatusRuntimeException: UNAVAILABLE: io exception
2023-04-02 14:01:37,577 [grpc-default-executor-2] INFO  leader.FollowerInfo (FollowerInfoImpl.java:lambda$new$0(48)) - 1fb39430-fcdd-414e-946c-d9923f8003ee@group-95E284FF4F57->3598537c-2d2c-483e-9e41-f30068588b97: nextIndex: updateUnconditionally 3 -> 2
2023-04-02 14:01:37,581 [3598537c-2d2c-483e-9e41-f30068588b97-impl-thread3] INFO  segmented.SegmentedRaftLogWorker (SegmentedRaftLogWorker.java:close(257)) - 3598537c-2d2c-483e-9e41-f30068588b97@group-95E284FF4F57-SegmentedRaftLogWorker close()
2023-04-02 14:01:37,587 [ForkJoinPool.commonPool-worker-0] INFO  server.GrpcServerProtocolClient (GrpcServerProtocolClient.java:close(101)) - 1fb39430-fcdd-414e-946c-d9923f8003ee Close channels
2023-04-02 14:01:37,597 [JvmPauseMonitor6] INFO  util.JvmPauseMonitor (JvmPauseMonitor.java:run(111)) - JvmPauseMonitor-2b490ca0-945f-4f4c-9e95-7ff37cc96b4c: Stopped
2023-04-02 14:01:37,599 [ForkJoinPool.commonPool-worker-0] INFO  server.GrpcService (GrpcService.java:closeImpl(280)) - 3598537c-2d2c-483e-9e41-f30068588b97: shutdown server GrpcServerProtocolService successfully
2023-04-02 14:01:37,599 [3598537c-2d2c-483e-9e41-f30068588b97-NettyServerStreamRpc-bossGroup--thread1] INFO  logging.LoggingHandler (AbstractInternalLogger.java:log(148)) - [id: 0xf6a4c931, L:/0:0:0:0:0:0:0:0:39781] CLOSE
2023-04-02 14:01:37,600 [3598537c-2d2c-483e-9e41-f30068588b97-NettyServerStreamRpc-bossGroup--thread1] INFO  logging.LoggingHandler (AbstractInternalLogger.java:log(148)) - [id: 0xf6a4c931, L:/0:0:0:0:0:0:0:0:39781] INACTIVE
2023-04-02 14:01:37,600 [3598537c-2d2c-483e-9e41-f30068588b97-NettyServerStreamRpc-bossGroup--thread1] INFO  logging.LoggingHandler (AbstractInternalLogger.java:log(148)) - [id: 0xf6a4c931, L:/0:0:0:0:0:0:0:0:39781] UNREGISTERED
2023-04-02 14:01:37,607 [ForkJoinPool.commonPool-worker-0] WARN  util.PeerProxyMap (PeerProxyMap.java:closeProxy(177)) - 3598537c-2d2c-483e-9e41-f30068588b97-NettyServerStreamRpc: Failed to close proxy for peer 2b490ca0-945f-4f4c-9e95-7ff37cc96b4c|rpc:10.1.0.35:36527|dataStream:10.1.0.35:35243|priority:0|startupRole:FOLLOWER, proxy class: class org.apache.ratis.client.impl.DataStreamClientImpl
org.apache.ratis.thirdparty.io.netty.channel.AbstractChannel$AnnotatedConnectException: Connection refused: /10.1.0.35:35243
Caused by: java.net.ConnectException: Connection refused
	at sun.nio.ch.SocketChannelImpl.checkConnect(Native Method)
	at sun.nio.ch.SocketChannelImpl.finishConnect(SocketChannelImpl.java:716)
	at org.apache.ratis.thirdparty.io.netty.channel.socket.nio.NioSocketChannel.doFinishConnect(NioSocketChannel.java:337)
	at org.apache.ratis.thirdparty.io.netty.channel.nio.AbstractNioChannel$AbstractNioUnsafe.finishConnect(AbstractNioChannel.java:334)
	at org.apache.ratis.thirdparty.io.netty.channel.nio.NioEventLoop.processSelectedKey(NioEventLoop.java:710)
	at org.apache.ratis.thirdparty.io.netty.channel.nio.NioEventLoop.processSelectedKeysOptimized(NioEventLoop.java:658)
	at org.apache.ratis.thirdparty.io.netty.channel.nio.NioEventLoop.processSelectedKeys(NioEventLoop.java:584)
	at org.apache.ratis.thirdparty.io.netty.channel.nio.NioEventLoop.run(NioEventLoop.java:496)
	at org.apache.ratis.thirdparty.io.netty.util.concurrent.SingleThreadEventExecutor$4.run(SingleThreadEventExecutor.java:995)
	at org.apache.ratis.thirdparty.io.netty.util.internal.ThreadExecutorMap$2.run(ThreadExecutorMap.java:74)
	at java.lang.Thread.run(Thread.java:750)
2023-04-02 14:01:37,607 [NettyClientStreamRpc-workerGroup--thread3] WARN  client.NettyClientStreamRpc (NettyClientStreamRpc.java:scheduleReconnect(206)) - Connection-/10.1.0.35:35243: org.apache.ratis.netty.client.NettyClientStreamRpc$Connection$1@3eec38f9 failed; schedule reconnecting to /10.1.0.35:35243 in 100ms
2023-04-02 14:01:37,609 [NettyClientStreamRpc-workerGroup--thread3] WARN  client.NettyClientStreamRpc (NettyClientStreamRpc.java:scheduleReconnect(208)) - 
org.apache.ratis.thirdparty.io.netty.channel.AbstractChannel$AnnotatedConnectException: Connection refused: /10.1.0.35:35243
Caused by: java.net.ConnectException: Connection refused
	at sun.nio.ch.SocketChannelImpl.checkConnect(Native Method)
	at sun.nio.ch.SocketChannelImpl.finishConnect(SocketChannelImpl.java:716)
	at org.apache.ratis.thirdparty.io.netty.channel.socket.nio.NioSocketChannel.doFinishConnect(NioSocketChannel.java:337)
	at org.apache.ratis.thirdparty.io.netty.channel.nio.AbstractNioChannel$AbstractNioUnsafe.finishConnect(AbstractNioChannel.java:334)
	at org.apache.ratis.thirdparty.io.netty.channel.nio.NioEventLoop.processSelectedKey(NioEventLoop.java:710)
	at org.apache.ratis.thirdparty.io.netty.channel.nio.NioEventLoop.processSelectedKeysOptimized(NioEventLoop.java:658)
	at org.apache.ratis.thirdparty.io.netty.channel.nio.NioEventLoop.processSelectedKeys(NioEventLoop.java:584)
	at org.apache.ratis.thirdparty.io.netty.channel.nio.NioEventLoop.run(NioEventLoop.java:496)
	at org.apache.ratis.thirdparty.io.netty.util.concurrent.SingleThreadEventExecutor$4.run(SingleThreadEventExecutor.java:995)
	at org.apache.ratis.thirdparty.io.netty.util.internal.ThreadExecutorMap$2.run(ThreadExecutorMap.java:74)
	at java.lang.Thread.run(Thread.java:750)
2023-04-02 14:01:39,603 [Listener at 127.0.0.1/36373] INFO  volume.HddsVolume (HddsVolume.java:closeDbStore(437)) - SchemaV3 db is stopped at /home/runner/work/ozone/ozone/hadoop-ozone/integration-test/target/test-dir/MiniOzoneClusterImpl-bc27570d-a894-40b9-be9a-008fe3dc8683/datanode-1/data-0/containers/hdds/bc27570d-a894-40b9-be9a-008fe3dc8683/DS-3d7a1196-ec8f-4644-b4ce-8c7805245310/container.db for volume DS-3d7a1196-ec8f-4644-b4ce-8c7805245310
2023-04-02 14:01:39,603 [Listener at 127.0.0.1/36373] INFO  utils.BackgroundService (BackgroundService.java:shutdown(141)) - Shutting down service BlockDeletingService
2023-04-02 14:01:39,604 [Listener at 127.0.0.1/36373] INFO  utils.BackgroundService (BackgroundService.java:shutdown(141)) - Shutting down service StaleRecoveringContainerScrubbingService
2023-04-02 14:01:39,606 [Listener at 127.0.0.1/36373] INFO  statemachine.DatanodeStateMachine (DatanodeStateMachine.java:stopDaemon(601)) - Ozone container server stopped.
2023-04-02 14:01:39,616 [Listener at 127.0.0.1/36373] INFO  handler.ContextHandler (ContextHandler.java:doStop(1159)) - Stopped o.e.j.w.WebAppContext@3b8a8bd5{hddsDatanode,/,null,STOPPED}{jar:file:/home/runner/.m2/repository/org/apache/ozone/hdds-container-service/1.4.0-SNAPSHOT/hdds-container-service-1.4.0-SNAPSHOT.jar!/webapps/hddsDatanode}
2023-04-02 14:01:39,617 [Listener at 127.0.0.1/36373] INFO  server.AbstractConnector (AbstractConnector.java:doStop(383)) - Stopped ServerConnector@23a0c25c{HTTP/1.1, (http/1.1)}{0.0.0.0:0}
2023-04-02 14:01:39,617 [Listener at 127.0.0.1/36373] INFO  server.session (HouseKeeper.java:stopScavenging(149)) - node0 Stopped scavenging
2023-04-02 14:01:39,617 [Listener at 127.0.0.1/36373] INFO  handler.ContextHandler (ContextHandler.java:doStop(1159)) - Stopped o.e.j.s.ServletContextHandler@414de1c{static,/static,jar:file:/home/runner/.m2/repository/org/apache/ozone/hdds-container-service/1.4.0-SNAPSHOT/hdds-container-service-1.4.0-SNAPSHOT.jar!/webapps/static,STOPPED}
2023-04-02 14:01:39,617 [Listener at 127.0.0.1/36373] INFO  handler.ContextHandler (ContextHandler.java:doStop(1159)) - Stopped o.e.j.s.ServletContextHandler@411bcd4{logs,/logs,file:///home/runner/work/ozone/ozone/hadoop-ozone/integration-test/target/log,STOPPED}
2023-04-02 14:01:39,620 [Listener at 127.0.0.1/36373] INFO  ozoneimpl.OzoneContainer (OzoneContainer.java:stop(419)) - Attempting to stop container services.
2023-04-02 14:01:39,622 [Listener at 127.0.0.1/36373] INFO  server.RaftServer (RaftServerProxy.java:lambda$close$6(409)) - 1fb39430-fcdd-414e-946c-d9923f8003ee: close
2023-04-02 14:01:39,622 [1fb39430-fcdd-414e-946c-d9923f8003ee-impl-thread1] INFO  server.RaftServer$Division (RaftServerImpl.java:lambda$close$4(458)) - 1fb39430-fcdd-414e-946c-d9923f8003ee@group-FBA78F54F0CD: shutdown
2023-04-02 14:01:39,622 [1fb39430-fcdd-414e-946c-d9923f8003ee-impl-thread2] INFO  server.RaftServer$Division (RaftServerImpl.java:lambda$close$4(458)) - 1fb39430-fcdd-414e-946c-d9923f8003ee@group-95E284FF4F57: shutdown
2023-04-02 14:01:39,622 [1fb39430-fcdd-414e-946c-d9923f8003ee-impl-thread2] INFO  util.JmxRegister (JmxRegister.java:unregister(73)) - Successfully un-registered JMX Bean with object name Ratis:service=RaftServer,group=group-95E284FF4F57,id=1fb39430-fcdd-414e-946c-d9923f8003ee
2023-04-02 14:01:39,622 [1fb39430-fcdd-414e-946c-d9923f8003ee-impl-thread2] INFO  impl.RoleInfo (RoleInfo.java:shutdownLeaderState(93)) - 1fb39430-fcdd-414e-946c-d9923f8003ee: shutdown 1fb39430-fcdd-414e-946c-d9923f8003ee@group-95E284FF4F57-LeaderStateImpl
2023-04-02 14:01:39,622 [Listener at 127.0.0.1/36373] INFO  server.GrpcService (GrpcService.java:closeImpl(271)) - 1fb39430-fcdd-414e-946c-d9923f8003ee: shutdown server GrpcServerProtocolService now
2023-04-02 14:01:39,623 [1fb39430-fcdd-414e-946c-d9923f8003ee-impl-thread2] INFO  impl.PendingRequests (PendingRequests.java:sendNotLeaderResponses(282)) - 1fb39430-fcdd-414e-946c-d9923f8003ee@group-95E284FF4F57-PendingRequests: sendNotLeaderResponses
2023-04-02 14:01:39,623 [1fb39430-fcdd-414e-946c-d9923f8003ee-impl-thread3] INFO  server.RaftServer$Division (RaftServerImpl.java:lambda$close$4(458)) - 1fb39430-fcdd-414e-946c-d9923f8003ee@group-0C7B417AAD14: shutdown
2023-04-02 14:01:39,623 [1fb39430-fcdd-414e-946c-d9923f8003ee-impl-thread3] INFO  util.JmxRegister (JmxRegister.java:unregister(73)) - Successfully un-registered JMX Bean with object name Ratis:service=RaftServer,group=group-0C7B417AAD14,id=1fb39430-fcdd-414e-946c-d9923f8003ee
2023-04-02 14:01:39,623 [1fb39430-fcdd-414e-946c-d9923f8003ee-impl-thread3] INFO  impl.RoleInfo (RoleInfo.java:shutdownLeaderState(93)) - 1fb39430-fcdd-414e-946c-d9923f8003ee: shutdown 1fb39430-fcdd-414e-946c-d9923f8003ee@group-0C7B417AAD14-LeaderStateImpl
2023-04-02 14:01:39,623 [1fb39430-fcdd-414e-946c-d9923f8003ee-impl-thread3] INFO  impl.PendingRequests (PendingRequests.java:sendNotLeaderResponses(282)) - 1fb39430-fcdd-414e-946c-d9923f8003ee@group-0C7B417AAD14-PendingRequests: sendNotLeaderResponses
2023-04-02 14:01:39,623 [1fb39430-fcdd-414e-946c-d9923f8003ee-impl-thread3] INFO  impl.StateMachineUpdater (StateMachineUpdater.java:stopAndJoin(153)) - 1fb39430-fcdd-414e-946c-d9923f8003ee@group-0C7B417AAD14-StateMachineUpdater: set stopIndex = 0
2023-04-02 14:01:39,624 [1fb39430-fcdd-414e-946c-d9923f8003ee@group-95E284FF4F57->2b490ca0-945f-4f4c-9e95-7ff37cc96b4c-GrpcLogAppender-LogAppenderDaemon] WARN  server.GrpcLogAppender (GrpcLogAppender.java:mayWait(200)) - 1fb39430-fcdd-414e-946c-d9923f8003ee@group-95E284FF4F57->2b490ca0-945f-4f4c-9e95-7ff37cc96b4c-GrpcLogAppender: Wait interrupted by java.lang.InterruptedException
2023-04-02 14:01:39,624 [1fb39430-fcdd-414e-946c-d9923f8003ee@group-95E284FF4F57->3598537c-2d2c-483e-9e41-f30068588b97-GrpcLogAppender-LogAppenderDaemon] WARN  server.GrpcLogAppender (GrpcLogAppender.java:mayWait(200)) - 1fb39430-fcdd-414e-946c-d9923f8003ee@group-95E284FF4F57->3598537c-2d2c-483e-9e41-f30068588b97-GrpcLogAppender: Wait interrupted by java.lang.InterruptedException
2023-04-02 14:01:39,622 [1fb39430-fcdd-414e-946c-d9923f8003ee-impl-thread1] INFO  util.JmxRegister (JmxRegister.java:unregister(73)) - Successfully un-registered JMX Bean with object name Ratis:service=RaftServer,group=group-FBA78F54F0CD,id=1fb39430-fcdd-414e-946c-d9923f8003ee
2023-04-02 14:01:39,624 [1fb39430-fcdd-414e-946c-d9923f8003ee-impl-thread1] INFO  impl.RoleInfo (RoleInfo.java:shutdownFollowerState(110)) - 1fb39430-fcdd-414e-946c-d9923f8003ee: shutdown 1fb39430-fcdd-414e-946c-d9923f8003ee@group-FBA78F54F0CD-FollowerState
2023-04-02 14:01:39,624 [1fb39430-fcdd-414e-946c-d9923f8003ee-impl-thread1] INFO  impl.StateMachineUpdater (StateMachineUpdater.java:stopAndJoin(153)) - 1fb39430-fcdd-414e-946c-d9923f8003ee@group-FBA78F54F0CD-StateMachineUpdater: set stopIndex = 0
2023-04-02 14:01:39,624 [1fb39430-fcdd-414e-946c-d9923f8003ee@group-FBA78F54F0CD-FollowerState] INFO  impl.FollowerState (FollowerState.java:run(152)) - 1fb39430-fcdd-414e-946c-d9923f8003ee@group-FBA78F54F0CD-FollowerState was interrupted
2023-04-02 14:01:39,625 [1fb39430-fcdd-414e-946c-d9923f8003ee-impl-thread1] INFO  server.RaftServer$Division (ServerState.java:close(466)) - 1fb39430-fcdd-414e-946c-d9923f8003ee@group-FBA78F54F0CD: closes. applyIndex: 0
2023-04-02 14:01:39,625 [1fb39430-fcdd-414e-946c-d9923f8003ee@group-FBA78F54F0CD-SegmentedRaftLogWorker] INFO  segmented.SegmentedRaftLogWorker (SegmentedRaftLogWorker.java:run(347)) - 1fb39430-fcdd-414e-946c-d9923f8003ee@group-FBA78F54F0CD-SegmentedRaftLogWorker was interrupted, exiting. There are 0 tasks remaining in the queue.
2023-04-02 14:01:39,628 [1fb39430-fcdd-414e-946c-d9923f8003ee-impl-thread3] INFO  server.RaftServer$Division (ServerState.java:close(466)) - 1fb39430-fcdd-414e-946c-d9923f8003ee@group-0C7B417AAD14: closes. applyIndex: 0
2023-04-02 14:01:39,628 [1fb39430-fcdd-414e-946c-d9923f8003ee@group-0C7B417AAD14-SegmentedRaftLogWorker] INFO  segmented.SegmentedRaftLogWorker (SegmentedRaftLogWorker.java:run(347)) - 1fb39430-fcdd-414e-946c-d9923f8003ee@group-0C7B417AAD14-SegmentedRaftLogWorker was interrupted, exiting. There are 0 tasks remaining in the queue.
2023-04-02 14:01:39,628 [1fb39430-fcdd-414e-946c-d9923f8003ee-impl-thread1] INFO  segmented.SegmentedRaftLogWorker (SegmentedRaftLogWorker.java:close(257)) - 1fb39430-fcdd-414e-946c-d9923f8003ee@group-FBA78F54F0CD-SegmentedRaftLogWorker close()
2023-04-02 14:01:39,629 [grpc-default-executor-6] WARN  server.GrpcClientProtocolService (LogUtils.java:warn(122)) - 1-OrderedRequestStreamObserver1: onError: org.apache.ratis.thirdparty.io.grpc.StatusRuntimeException: CANCELLED: client cancelled
2023-04-02 14:01:39,630 [Listener at 127.0.0.1/36373] INFO  server.GrpcServerProtocolClient (GrpcServerProtocolClient.java:close(101)) - 3598537c-2d2c-483e-9e41-f30068588b97 Close channels
2023-04-02 14:01:39,632 [1fb39430-fcdd-414e-946c-d9923f8003ee-impl-thread3] INFO  segmented.SegmentedRaftLogWorker (SegmentedRaftLogWorker.java:close(257)) - 1fb39430-fcdd-414e-946c-d9923f8003ee@group-0C7B417AAD14-SegmentedRaftLogWorker close()
2023-04-02 14:01:39,642 [Listener at 127.0.0.1/36373] INFO  server.GrpcServerProtocolClient (GrpcServerProtocolClient.java:close(101)) - 2b490ca0-945f-4f4c-9e95-7ff37cc96b4c Close channels
2023-04-02 14:01:39,642 [1fb39430-fcdd-414e-946c-d9923f8003ee-impl-thread2] INFO  impl.StateMachineUpdater (StateMachineUpdater.java:stopAndJoin(153)) - 1fb39430-fcdd-414e-946c-d9923f8003ee@group-95E284FF4F57-StateMachineUpdater: set stopIndex = 4
2023-04-02 14:01:39,643 [1fb39430-fcdd-414e-946c-d9923f8003ee-impl-thread2] INFO  server.RaftServer$Division (ServerState.java:close(466)) - 1fb39430-fcdd-414e-946c-d9923f8003ee@group-95E284FF4F57: closes. applyIndex: 4
2023-04-02 14:01:39,644 [Listener at 127.0.0.1/36373] INFO  server.GrpcService (GrpcService.java:closeImpl(280)) - 1fb39430-fcdd-414e-946c-d9923f8003ee: shutdown server GrpcServerProtocolService successfully
2023-04-02 14:01:39,644 [1fb39430-fcdd-414e-946c-d9923f8003ee@group-95E284FF4F57-SegmentedRaftLogWorker] INFO  segmented.SegmentedRaftLogWorker (SegmentedRaftLogWorker.java:run(347)) - 1fb39430-fcdd-414e-946c-d9923f8003ee@group-95E284FF4F57-SegmentedRaftLogWorker was interrupted, exiting. There are 0 tasks remaining in the queue.
2023-04-02 14:01:39,645 [1fb39430-fcdd-414e-946c-d9923f8003ee-NettyServerStreamRpc-bossGroup--thread1] INFO  logging.LoggingHandler (AbstractInternalLogger.java:log(148)) - [id: 0x004d0ff7, L:/0:0:0:0:0:0:0:0:44291] CLOSE
2023-04-02 14:01:39,645 [1fb39430-fcdd-414e-946c-d9923f8003ee-impl-thread2] INFO  segmented.SegmentedRaftLogWorker (SegmentedRaftLogWorker.java:close(257)) - 1fb39430-fcdd-414e-946c-d9923f8003ee@group-95E284FF4F57-SegmentedRaftLogWorker close()
2023-04-02 14:01:39,645 [1fb39430-fcdd-414e-946c-d9923f8003ee-NettyServerStreamRpc-bossGroup--thread1] INFO  logging.LoggingHandler (AbstractInternalLogger.java:log(148)) - [id: 0x004d0ff7, L:/0:0:0:0:0:0:0:0:44291] INACTIVE
2023-04-02 14:01:39,645 [1fb39430-fcdd-414e-946c-d9923f8003ee-NettyServerStreamRpc-bossGroup--thread1] INFO  logging.LoggingHandler (AbstractInternalLogger.java:log(148)) - [id: 0x004d0ff7, L:/0:0:0:0:0:0:0:0:44291] UNREGISTERED
2023-04-02 14:01:39,654 [JvmPauseMonitor7] INFO  util.JvmPauseMonitor (JvmPauseMonitor.java:run(111)) - JvmPauseMonitor-1fb39430-fcdd-414e-946c-d9923f8003ee: Stopped
2023-04-02 14:01:41,659 [Listener at 127.0.0.1/36373] INFO  volume.HddsVolume (HddsVolume.java:closeDbStore(437)) - SchemaV3 db is stopped at /home/runner/work/ozone/ozone/hadoop-ozone/integration-test/target/test-dir/MiniOzoneClusterImpl-bc27570d-a894-40b9-be9a-008fe3dc8683/datanode-2/data-0/containers/hdds/bc27570d-a894-40b9-be9a-008fe3dc8683/DS-0c3ca44f-6801-487c-9bb6-feea105d559e/container.db for volume DS-0c3ca44f-6801-487c-9bb6-feea105d559e
2023-04-02 14:01:41,659 [Listener at 127.0.0.1/36373] INFO  utils.BackgroundService (BackgroundService.java:shutdown(141)) - Shutting down service BlockDeletingService
2023-04-02 14:01:41,659 [Listener at 127.0.0.1/36373] INFO  utils.BackgroundService (BackgroundService.java:shutdown(141)) - Shutting down service StaleRecoveringContainerScrubbingService
2023-04-02 14:01:41,665 [Listener at 127.0.0.1/36373] INFO  statemachine.DatanodeStateMachine (DatanodeStateMachine.java:stopDaemon(601)) - Ozone container server stopped.
2023-04-02 14:01:41,679 [Listener at 127.0.0.1/36373] INFO  handler.ContextHandler (ContextHandler.java:doStop(1159)) - Stopped o.e.j.w.WebAppContext@735d1989{hddsDatanode,/,null,STOPPED}{jar:file:/home/runner/.m2/repository/org/apache/ozone/hdds-container-service/1.4.0-SNAPSHOT/hdds-container-service-1.4.0-SNAPSHOT.jar!/webapps/hddsDatanode}
2023-04-02 14:01:41,680 [Listener at 127.0.0.1/36373] INFO  server.AbstractConnector (AbstractConnector.java:doStop(383)) - Stopped ServerConnector@61aa86b9{HTTP/1.1, (http/1.1)}{0.0.0.0:0}
2023-04-02 14:01:41,680 [Listener at 127.0.0.1/36373] INFO  server.session (HouseKeeper.java:stopScavenging(149)) - node0 Stopped scavenging
2023-04-02 14:01:41,681 [Listener at 127.0.0.1/36373] INFO  handler.ContextHandler (ContextHandler.java:doStop(1159)) - Stopped o.e.j.s.ServletContextHandler@32cb164c{static,/static,jar:file:/home/runner/.m2/repository/org/apache/ozone/hdds-container-service/1.4.0-SNAPSHOT/hdds-container-service-1.4.0-SNAPSHOT.jar!/webapps/static,STOPPED}
2023-04-02 14:01:41,681 [Listener at 127.0.0.1/36373] INFO  handler.ContextHandler (ContextHandler.java:doStop(1159)) - Stopped o.e.j.s.ServletContextHandler@16893a1c{logs,/logs,file:///home/runner/work/ozone/ozone/hadoop-ozone/integration-test/target/log,STOPPED}
2023-04-02 14:02:07,492 [EventQueue-StaleNodeForStaleNodeHandler] INFO  node.StaleNodeHandler (StaleNodeHandler.java:onMessage(59)) - Datanode 3598537c-2d2c-483e-9e41-f30068588b97(fv-az449-305.jvjgdiodbn4ungrcbaap0pmvbb.dx.internal.cloudapp.net/10.1.0.35) moved to stale state. Finalizing its pipelines [PipelineID=dc6348e2-1b98-4f5a-99be-fba78f54f0cd, PipelineID=eee22719-bc20-43f6-bd0b-6e5a162d5865, PipelineID=839edd7b-d036-4bc5-89f8-95e284ff4f57]
2023-04-02 14:02:07,493 [EventQueue-StaleNodeForStaleNodeHandler] INFO  pipeline.PipelineManagerImpl (PipelineManagerImpl.java:closePipeline(442)) - Pipeline Pipeline[ Id: dc6348e2-1b98-4f5a-99be-fba78f54f0cd, Nodes: 2b490ca0-945f-4f4c-9e95-7ff37cc96b4c(fv-az449-305.jvjgdiodbn4ungrcbaap0pmvbb.dx.internal.cloudapp.net/10.1.0.35)3598537c-2d2c-483e-9e41-f30068588b97(fv-az449-305.jvjgdiodbn4ungrcbaap0pmvbb.dx.internal.cloudapp.net/10.1.0.35)1fb39430-fcdd-414e-946c-d9923f8003ee(fv-az449-305.jvjgdiodbn4ungrcbaap0pmvbb.dx.internal.cloudapp.net/10.1.0.35), ReplicationConfig: RATIS/THREE, State:OPEN, leaderId:3598537c-2d2c-483e-9e41-f30068588b97, CreationTimestamp2023-04-02T14:01:29.189Z[Etc/UTC]] moved to CLOSED state
2023-04-02 14:02:07,493 [EventQueue-StaleNodeForStaleNodeHandler] INFO  pipeline.PipelineManagerImpl (PipelineManagerImpl.java:closePipeline(442)) - Pipeline Pipeline[ Id: eee22719-bc20-43f6-bd0b-6e5a162d5865, Nodes: 3598537c-2d2c-483e-9e41-f30068588b97(fv-az449-305.jvjgdiodbn4ungrcbaap0pmvbb.dx.internal.cloudapp.net/10.1.0.35), ReplicationConfig: RATIS/ONE, State:OPEN, leaderId:3598537c-2d2c-483e-9e41-f30068588b97, CreationTimestamp2023-04-02T14:01:28.350Z[Etc/UTC]] moved to CLOSED state
2023-04-02 14:02:07,497 [EventQueue-StaleNodeForStaleNodeHandler] INFO  pipeline.PipelineManagerImpl (PipelineManagerImpl.java:closeContainersForPipeline(421)) - Container #1 closed for pipeline=PipelineID=839edd7b-d036-4bc5-89f8-95e284ff4f57
2023-04-02 14:02:07,497 [EventQueue-CloseContainerForCloseContainerEventHandler] INFO  container.CloseContainerEventHandler (CloseContainerEventHandler.java:onMessage(78)) - Close container Event triggered for container : #1, current state: CLOSING
2023-04-02 14:02:07,499 [EventQueue-StaleNodeForStaleNodeHandler] INFO  pipeline.PipelineManagerImpl (PipelineManagerImpl.java:closePipeline(442)) - Pipeline Pipeline[ Id: 839edd7b-d036-4bc5-89f8-95e284ff4f57, Nodes: 3598537c-2d2c-483e-9e41-f30068588b97(fv-az449-305.jvjgdiodbn4ungrcbaap0pmvbb.dx.internal.cloudapp.net/10.1.0.35)2b490ca0-945f-4f4c-9e95-7ff37cc96b4c(fv-az449-305.jvjgdiodbn4ungrcbaap0pmvbb.dx.internal.cloudapp.net/10.1.0.35)1fb39430-fcdd-414e-946c-d9923f8003ee(fv-az449-305.jvjgdiodbn4ungrcbaap0pmvbb.dx.internal.cloudapp.net/10.1.0.35), ReplicationConfig: RATIS/THREE, State:OPEN, leaderId:1fb39430-fcdd-414e-946c-d9923f8003ee, CreationTimestamp2023-04-02T14:01:29.187Z[Etc/UTC]] moved to CLOSED state
2023-04-02 14:02:07,592 [EventQueue-StaleNodeForStaleNodeHandler] INFO  node.StaleNodeHandler (StaleNodeHandler.java:onMessage(59)) - Datanode 2b490ca0-945f-4f4c-9e95-7ff37cc96b4c(fv-az449-305.jvjgdiodbn4ungrcbaap0pmvbb.dx.internal.cloudapp.net/10.1.0.35) moved to stale state. Finalizing its pipelines [PipelineID=dc6348e2-1b98-4f5a-99be-fba78f54f0cd, PipelineID=839edd7b-d036-4bc5-89f8-95e284ff4f57, PipelineID=dfbee987-4d80-44c0-af2d-425f6ad3a5b2]
2023-04-02 14:02:07,593 [EventQueue-StaleNodeForStaleNodeHandler] INFO  pipeline.PipelineManagerImpl (PipelineManagerImpl.java:closePipeline(442)) - Pipeline Pipeline[ Id: dfbee987-4d80-44c0-af2d-425f6ad3a5b2, Nodes: 2b490ca0-945f-4f4c-9e95-7ff37cc96b4c(fv-az449-305.jvjgdiodbn4ungrcbaap0pmvbb.dx.internal.cloudapp.net/10.1.0.35), ReplicationConfig: RATIS/ONE, State:OPEN, leaderId:2b490ca0-945f-4f4c-9e95-7ff37cc96b4c, CreationTimestamp2023-04-02T14:01:28.730Z[Etc/UTC]] moved to CLOSED state
2023-04-02 14:02:09,595 [EventQueue-StaleNodeForStaleNodeHandler] INFO  node.StaleNodeHandler (StaleNodeHandler.java:onMessage(59)) - Datanode 1fb39430-fcdd-414e-946c-d9923f8003ee(fv-az449-305.jvjgdiodbn4ungrcbaap0pmvbb.dx.internal.cloudapp.net/10.1.0.35) moved to stale state. Finalizing its pipelines [PipelineID=dc6348e2-1b98-4f5a-99be-fba78f54f0cd, PipelineID=839edd7b-d036-4bc5-89f8-95e284ff4f57, PipelineID=999c03c2-6b05-43b0-8e43-0c7b417aad14]
2023-04-02 14:02:09,596 [EventQueue-StaleNodeForStaleNodeHandler] INFO  pipeline.PipelineManagerImpl (PipelineManagerImpl.java:closePipeline(442)) - Pipeline Pipeline[ Id: 999c03c2-6b05-43b0-8e43-0c7b417aad14, Nodes: 1fb39430-fcdd-414e-946c-d9923f8003ee(fv-az449-305.jvjgdiodbn4ungrcbaap0pmvbb.dx.internal.cloudapp.net/10.1.0.35), ReplicationConfig: RATIS/ONE, State:OPEN, leaderId:1fb39430-fcdd-414e-946c-d9923f8003ee, CreationTimestamp2023-04-02T14:01:29.186Z[Etc/UTC]] moved to CLOSED state
2023-04-02 14:02:26,409 [BlockDeletingService#0] INFO  interfaces.ContainerDeletionChoosingPolicyTemplate (ContainerDeletionChoosingPolicyTemplate.java:chooseContainerForBlockDeletion(83)) - Chosen 0/5000 blocks from 0 candidate containers.
2023-04-02 14:03:26,411 [BlockDeletingService#1] INFO  interfaces.ContainerDeletionChoosingPolicyTemplate (ContainerDeletionChoosingPolicyTemplate.java:chooseContainerForBlockDeletion(83)) - Chosen 0/5000 blocks from 0 candidate containers.
2023-04-02 14:03:29,193 [RatisPipelineUtilsThread - 0] ERROR pipeline.PipelinePlacementPolicy (PipelinePlacementPolicy.java:filterViableNodes(141)) - No healthy node found to allocate container.
2023-04-02 14:04:26,411 [BlockDeletingService#0] INFO  interfaces.ContainerDeletionChoosingPolicyTemplate (ContainerDeletionChoosingPolicyTemplate.java:chooseContainerForBlockDeletion(83)) - Chosen 0/5000 blocks from 0 candidate containers.
2023-04-02 14:05:26,412 [BlockDeletingService#2] INFO  interfaces.ContainerDeletionChoosingPolicyTemplate (ContainerDeletionChoosingPolicyTemplate.java:chooseContainerForBlockDeletion(83)) - Chosen 0/5000 blocks from 0 candidate containers.
2023-04-02 14:05:29,194 [RatisPipelineUtilsThread - 0] ERROR pipeline.PipelinePlacementPolicy (PipelinePlacementPolicy.java:filterViableNodes(141)) - No healthy node found to allocate container.
]]></system-out>
  </testcase>
</testsuite>