<?xml version="1.0" encoding="UTF-8"?>
<testsuite xmlns:xsi="http://www.w3.org/2001/XMLSchema-instance" xsi:noNamespaceSchemaLocation="https://maven.apache.org/surefire/maven-surefire-plugin/xsd/surefire-test-report.xsd" name="org.apache.hadoop.ozone.scm.TestSCMInstallSnapshotWithHA" time="176.179" tests="3" errors="0" skipped="0" failures="1">
  <properties>
    <property name="awt.toolkit" value="sun.awt.X11.XToolkit"/>
    <property name="file.encoding.pkg" value="sun.io"/>
    <property name="java.specification.version" value="1.8"/>
    <property name="sun.cpu.isalist" value=""/>
    <property name="sun.jnu.encoding" value="UTF-8"/>
    <property name="java.class.path" value="/home/runner/work/ozone/ozone/hadoop-ozone/integration-test/target/test-classes:/home/runner/work/ozone/ozone/hadoop-ozone/integration-test/target/classes:/home/runner/.m2/repository/org/apache/ozone/ozone-common/1.2.0-SNAPSHOT/ozone-common-1.2.0-SNAPSHOT.jar:/home/runner/.m2/repository/org/apache/commons/commons-compress/1.20/commons-compress-1.20.jar:/home/runner/.m2/repository/org/apache/ozone/hdds-common/1.2.0-SNAPSHOT/hdds-common-1.2.0-SNAPSHOT.jar:/home/runner/.m2/repository/org/apache/ozone/hdds-client/1.2.0-SNAPSHOT/hdds-client-1.2.0-SNAPSHOT.jar:/home/runner/.m2/repository/org/apache/ozone/ozone-interface-client/1.2.0-SNAPSHOT/ozone-interface-client-1.2.0-SNAPSHOT.jar:/home/runner/.m2/repository/org/apache/ozone/hdds-server-framework/1.2.0-SNAPSHOT/hdds-server-framework-1.2.0-SNAPSHOT.jar:/home/runner/.m2/repository/org/apache/ozone/hdds-interface-server/1.2.0-SNAPSHOT/hdds-interface-server-1.2.0-SNAPSHOT.jar:/home/runner/.m2/repository/org/eclipse/jetty/jetty-servlet/9.4.43.v20210629/jetty-servlet-9.4.43.v20210629.jar:/home/runner/.m2/repository/org/eclipse/jetty/jetty-security/9.4.43.v20210629/jetty-security-9.4.43.v20210629.jar:/home/runner/.m2/repository/org/rocksdb/rocksdbjni/6.20.3/rocksdbjni-6.20.3.jar:/home/runner/.m2/repository/io/prometheus/simpleclient_dropwizard/0.7.0/simpleclient_dropwizard-0.7.0.jar:/home/runner/.m2/repository/io/prometheus/simpleclient/0.7.0/simpleclient-0.7.0.jar:/home/runner/.m2/repository/io/prometheus/simpleclient_common/0.7.0/simpleclient_common-0.7.0.jar:/home/runner/.m2/repository/com/fasterxml/jackson/datatype/jackson-datatype-jsr310/2.12.1/jackson-datatype-jsr310-2.12.1.jar:/home/runner/.m2/repository/org/apache/ozone/hdds-test-utils/1.2.0-SNAPSHOT/hdds-test-utils-1.2.0-SNAPSHOT.jar:/home/runner/.m2/repository/com/google/guava/guava/30.1.1-jre/guava-30.1.1-jre.jar:/home/runner/.m2/repository/com/google/guava/failureaccess/1.0.1/failureaccess-1.0.1.jar:/home/runner/.m2/repository/com/google/guava/listenablefuture/9999.0-empty-to-avoid-conflict-with-guava/listenablefuture-9999.0-empty-to-avoid-conflict-with-guava.jar:/home/runner/.m2/repository/com/google/code/findbugs/jsr305/3.0.0/jsr305-3.0.0.jar:/home/runner/.m2/repository/org/checkerframework/checker-qual/3.8.0/checker-qual-3.8.0.jar:/home/runner/.m2/repository/com/google/errorprone/error_prone_annotations/2.2.0/error_prone_annotations-2.2.0.jar:/home/runner/.m2/repository/com/google/j2objc/j2objc-annotations/1.3/j2objc-annotations-1.3.jar:/home/runner/.m2/repository/commons-io/commons-io/2.8.0/commons-io-2.8.0.jar:/home/runner/.m2/repository/commons-logging/commons-logging/1.2/commons-logging-1.2.jar:/home/runner/.m2/repository/log4j/log4j/1.2.17/log4j-1.2.17.jar:/home/runner/.m2/repository/org/slf4j/slf4j-api/1.7.30/slf4j-api-1.7.30.jar:/home/runner/.m2/repository/org/apache/ozone/hdds-server-scm/1.2.0-SNAPSHOT/hdds-server-scm-1.2.0-SNAPSHOT.jar:/home/runner/.m2/repository/org/apache/ozone/hdds-container-service/1.2.0-SNAPSHOT/hdds-container-service-1.2.0-SNAPSHOT.jar:/home/runner/.m2/repository/org/apache/ozone/hdds-hadoop-dependency-server/1.2.0-SNAPSHOT/hdds-hadoop-dependency-server-1.2.0-SNAPSHOT.jar:/home/runner/.m2/repository/org/apache/hadoop/hadoop-hdfs/3.3.1/hadoop-hdfs-3.3.1.jar:/home/runner/.m2/repository/io/dropwizard/metrics/metrics-core/3.2.4/metrics-core-3.2.4.jar:/home/runner/.m2/repository/org/apache/hadoop/hadoop-hdfs-client/3.3.1/hadoop-hdfs-client-3.3.1.jar:/home/runner/.m2/repository/org/bouncycastle/bcprov-jdk15on/1.67/bcprov-jdk15on-1.67.jar:/home/runner/.m2/repository/com/google/protobuf/protobuf-java/2.5.0/protobuf-java-2.5.0.jar:/home/runner/.m2/repository/org/apache/ozone/ozone-manager/1.2.0-SNAPSHOT/ozone-manager-1.2.0-SNAPSHOT.jar:/home/runner/.m2/repository/org/aspectj/aspectjrt/1.8.9/aspectjrt-1.8.9.jar:/home/runner/.m2/repository/org/aspectj/aspectjweaver/1.8.9/aspectjweaver-1.8.9.jar:/home/runner/.m2/repository/org/apache/ozone/hdds-interface-client/1.2.0-SNAPSHOT/hdds-interface-client-1.2.0-SNAPSHOT.jar:/home/runner/.m2/repository/org/apache/hadoop/thirdparty/hadoop-shaded-protobuf_3_7/1.1.1/hadoop-shaded-protobuf_3_7-1.1.1.jar:/home/runner/.m2/repository/org/apache/ozone/ozone-interface-storage/1.2.0-SNAPSHOT/ozone-interface-storage-1.2.0-SNAPSHOT.jar:/home/runner/.m2/repository/org/reflections/reflections/0.9.11/reflections-0.9.11.jar:/home/runner/.m2/repository/org/apache/hadoop/hadoop-minikdc/3.3.1/hadoop-minikdc-3.3.1.jar:/home/runner/.m2/repository/org/apache/kerby/kerb-simplekdc/1.0.1/kerb-simplekdc-1.0.1.jar:/home/runner/.m2/repository/org/apache/kerby/kerb-client/1.0.1/kerb-client-1.0.1.jar:/home/runner/.m2/repository/org/apache/kerby/kerby-config/1.0.1/kerby-config-1.0.1.jar:/home/runner/.m2/repository/org/apache/kerby/kerb-common/1.0.1/kerb-common-1.0.1.jar:/home/runner/.m2/repository/org/apache/kerby/kerb-crypto/1.0.1/kerb-crypto-1.0.1.jar:/home/runner/.m2/repository/org/apache/kerby/kerb-util/1.0.1/kerb-util-1.0.1.jar:/home/runner/.m2/repository/org/apache/kerby/token-provider/1.0.1/token-provider-1.0.1.jar:/home/runner/.m2/repository/org/apache/kerby/kerb-admin/1.0.1/kerb-admin-1.0.1.jar:/home/runner/.m2/repository/org/apache/kerby/kerb-server/1.0.1/kerb-server-1.0.1.jar:/home/runner/.m2/repository/org/apache/kerby/kerb-identity/1.0.1/kerb-identity-1.0.1.jar:/home/runner/.m2/repository/org/apache/kerby/kerby-xdr/1.0.1/kerby-xdr-1.0.1.jar:/home/runner/.m2/repository/org/slf4j/slf4j-log4j12/1.7.30/slf4j-log4j12-1.7.30.jar:/home/runner/.m2/repository/org/apache/ozone/ozone-s3gateway/1.2.0-SNAPSHOT/ozone-s3gateway-1.2.0-SNAPSHOT.jar:/home/runner/.m2/repository/org/javassist/javassist/3.21.0-GA/javassist-3.21.0-GA.jar:/home/runner/.m2/repository/org/jboss/weld/servlet/weld-servlet/2.4.7.Final/weld-servlet-2.4.7.Final.jar:/home/runner/.m2/repository/org/glassfish/jersey/containers/jersey-container-servlet-core/2.33/jersey-container-servlet-core-2.33.jar:/home/runner/.m2/repository/org/glassfish/hk2/external/jakarta.inject/2.6.1/jakarta.inject-2.6.1.jar:/home/runner/.m2/repository/org/glassfish/jersey/core/jersey-common/2.33/jersey-common-2.33.jar:/home/runner/.m2/repository/jakarta/ws/rs/jakarta.ws.rs-api/2.1.6/jakarta.ws.rs-api-2.1.6.jar:/home/runner/.m2/repository/org/glassfish/jersey/ext/cdi/jersey-cdi1x/2.33/jersey-cdi1x-2.33.jar:/home/runner/.m2/repository/org/glassfish/jersey/inject/jersey-hk2/2.33/jersey-hk2-2.33.jar:/home/runner/.m2/repository/org/glassfish/hk2/hk2-locator/2.6.1/hk2-locator-2.6.1.jar:/home/runner/.m2/repository/org/glassfish/jersey/media/jersey-media-jaxb/2.33/jersey-media-jaxb-2.33.jar:/home/runner/.m2/repository/org/glassfish/hk2/osgi-resource-locator/1.0.3/osgi-resource-locator-1.0.3.jar:/home/runner/.m2/repository/org/glassfish/hk2/hk2-api/2.5.0/hk2-api-2.5.0.jar:/home/runner/.m2/repository/org/glassfish/hk2/hk2-utils/2.5.0/hk2-utils-2.5.0.jar:/home/runner/.m2/repository/org/glassfish/hk2/external/aopalliance-repackaged/2.5.0/aopalliance-repackaged-2.5.0.jar:/home/runner/.m2/repository/com/fasterxml/jackson/dataformat/jackson-dataformat-xml/2.12.1/jackson-dataformat-xml-2.12.1.jar:/home/runner/.m2/repository/com/fasterxml/jackson/core/jackson-core/2.12.1/jackson-core-2.12.1.jar:/home/runner/.m2/repository/com/fasterxml/jackson/module/jackson-module-jaxb-annotations/2.12.1/jackson-module-jaxb-annotations-2.12.1.jar:/home/runner/.m2/repository/jakarta/xml/bind/jakarta.xml.bind-api/2.3.2/jakarta.xml.bind-api-2.3.2.jar:/home/runner/.m2/repository/org/codehaus/woodstox/stax2-api/3.1.4/stax2-api-3.1.4.jar:/home/runner/.m2/repository/com/fasterxml/woodstox/woodstox-core/5.0.3/woodstox-core-5.0.3.jar:/home/runner/.m2/repository/javax/enterprise/cdi-api/1.2/cdi-api-1.2.jar:/home/runner/.m2/repository/javax/el/javax.el-api/3.0.0/javax.el-api-3.0.0.jar:/home/runner/.m2/repository/javax/interceptor/javax.interceptor-api/1.2/javax.interceptor-api-1.2.jar:/home/runner/.m2/repository/javax/inject/javax.inject/1/javax.inject-1.jar:/home/runner/.m2/repository/javax/xml/bind/jaxb-api/2.3.0/jaxb-api-2.3.0.jar:/home/runner/.m2/repository/org/glassfish/jaxb/jaxb-runtime/2.3.0.1/jaxb-runtime-2.3.0.1.jar:/home/runner/.m2/repository/org/glassfish/jaxb/jaxb-core/2.3.0.1/jaxb-core-2.3.0.1.jar:/home/runner/.m2/repository/org/glassfish/jaxb/txw2/2.3.0.1/txw2-2.3.0.1.jar:/home/runner/.m2/repository/com/sun/istack/istack-commons-runtime/3.0.5/istack-commons-runtime-3.0.5.jar:/home/runner/.m2/repository/org/jvnet/staxex/stax-ex/1.7.8/stax-ex-1.7.8.jar:/home/runner/.m2/repository/com/sun/xml/fastinfoset/FastInfoset/1.2.13/FastInfoset-1.2.13.jar:/home/runner/.m2/repository/javax/activation/activation/1.1.1/activation-1.1.1.jar:/home/runner/.m2/repository/org/apache/ozone/ozone-csi/1.2.0-SNAPSHOT/ozone-csi-1.2.0-SNAPSHOT.jar:/home/runner/.m2/repository/com/google/protobuf/protobuf-java-util/3.12.0/protobuf-java-util-3.12.0.jar:/home/runner/.m2/repository/com/google/code/gson/gson/2.2.4/gson-2.2.4.jar:/home/runner/.m2/repository/org/apache/ozone/hdds-config/1.2.0-SNAPSHOT/hdds-config-1.2.0-SNAPSHOT.jar:/home/runner/.m2/repository/io/grpc/grpc-netty/1.33.0/grpc-netty-1.33.0.jar:/home/runner/.m2/repository/io/grpc/grpc-core/1.33.0/grpc-core-1.33.0.jar:/home/runner/.m2/repository/com/google/android/annotations/4.1.1.4/annotations-4.1.1.4.jar:/home/runner/.m2/repository/io/netty/netty-codec-http2/4.1.63.Final/netty-codec-http2-4.1.63.Final.jar:/home/runner/.m2/repository/io/netty/netty-codec-http/4.1.63.Final/netty-codec-http-4.1.63.Final.jar:/home/runner/.m2/repository/io/netty/netty-handler-proxy/4.1.63.Final/netty-handler-proxy-4.1.63.Final.jar:/home/runner/.m2/repository/io/netty/netty-codec-socks/4.1.63.Final/netty-codec-socks-4.1.63.Final.jar:/home/runner/.m2/repository/io/perfmark/perfmark-api/0.19.0/perfmark-api-0.19.0.jar:/home/runner/.m2/repository/org/codehaus/mojo/animal-sniffer-annotations/1.18/animal-sniffer-annotations-1.18.jar:/home/runner/.m2/repository/io/netty/netty-transport-native-epoll/4.1.63.Final/netty-transport-native-epoll-4.1.63.Final.jar:/home/runner/.m2/repository/io/netty/netty-common/4.1.63.Final/netty-common-4.1.63.Final.jar:/home/runner/.m2/repository/io/netty/netty-buffer/4.1.63.Final/netty-buffer-4.1.63.Final.jar:/home/runner/.m2/repository/io/netty/netty-transport-native-unix-common/4.1.63.Final/netty-transport-native-unix-common-4.1.63.Final.jar:/home/runner/.m2/repository/io/grpc/grpc-protobuf/1.33.0/grpc-protobuf-1.33.0.jar:/home/runner/.m2/repository/io/grpc/grpc-api/1.33.0/grpc-api-1.33.0.jar:/home/runner/.m2/repository/io/grpc/grpc-context/1.33.0/grpc-context-1.33.0.jar:/home/runner/.m2/repository/com/google/api/grpc/proto-google-common-protos/1.17.0/proto-google-common-protos-1.17.0.jar:/home/runner/.m2/repository/io/grpc/grpc-protobuf-lite/1.33.0/grpc-protobuf-lite-1.33.0.jar:/home/runner/.m2/repository/io/grpc/grpc-stub/1.33.0/grpc-stub-1.33.0.jar:/home/runner/.m2/repository/org/apache/ozone/ozone-recon/1.2.0-SNAPSHOT/ozone-recon-1.2.0-SNAPSHOT.jar:/home/runner/.m2/repository/org/apache/ozone/ozone-reconcodegen/1.2.0-SNAPSHOT/ozone-reconcodegen-1.2.0-SNAPSHOT.jar:/home/runner/.m2/repository/com/google/inject/extensions/guice-multibindings/4.0/guice-multibindings-4.0.jar:/home/runner/.m2/repository/com/google/inject/guice/4.0/guice-4.0.jar:/home/runner/.m2/repository/aopalliance/aopalliance/1.0/aopalliance-1.0.jar:/home/runner/.m2/repository/com/google/inject/extensions/guice-assistedinject/4.0/guice-assistedinject-4.0.jar:/home/runner/.m2/repository/com/google/inject/extensions/guice-servlet/4.0/guice-servlet-4.0.jar:/home/runner/.m2/repository/org/glassfish/jersey/containers/jersey-container-servlet/2.33/jersey-container-servlet-2.33.jar:/home/runner/.m2/repository/org/glassfish/hk2/guice-bridge/2.5.0/guice-bridge-2.5.0.jar:/home/runner/.m2/repository/org/glassfish/jersey/core/jersey-server/2.33/jersey-server-2.33.jar:/home/runner/.m2/repository/org/glassfish/jersey/core/jersey-client/2.33/jersey-client-2.33.jar:/home/runner/.m2/repository/jakarta/annotation/jakarta.annotation-api/1.3.5/jakarta.annotation-api-1.3.5.jar:/home/runner/.m2/repository/jakarta/validation/jakarta.validation-api/2.0.2/jakarta.validation-api-2.0.2.jar:/home/runner/.m2/repository/org/glassfish/jersey/media/jersey-media-json-jackson/2.33/jersey-media-json-jackson-2.33.jar:/home/runner/.m2/repository/org/glassfish/jersey/ext/jersey-entity-filtering/2.33/jersey-entity-filtering-2.33.jar:/home/runner/.m2/repository/org/jooq/jooq/3.11.10/jooq-3.11.10.jar:/home/runner/.m2/repository/org/jooq/jooq-meta/3.11.10/jooq-meta-3.11.10.jar:/home/runner/.m2/repository/org/jooq/jooq-codegen/3.11.10/jooq-codegen-3.11.10.jar:/home/runner/.m2/repository/com/jolbox/bonecp/0.8.0.RELEASE/bonecp-0.8.0.RELEASE.jar:/home/runner/.m2/repository/org/apache/derby/derby/10.14.2.0/derby-10.14.2.0.jar:/home/runner/.m2/repository/org/xerial/sqlite-jdbc/3.25.2/sqlite-jdbc-3.25.2.jar:/home/runner/.m2/repository/org/springframework/spring-jdbc/5.2.11.RELEASE/spring-jdbc-5.2.11.RELEASE.jar:/home/runner/.m2/repository/org/springframework/spring-beans/5.2.11.RELEASE/spring-beans-5.2.11.RELEASE.jar:/home/runner/.m2/repository/org/springframework/spring-core/5.2.11.RELEASE/spring-core-5.2.11.RELEASE.jar:/home/runner/.m2/repository/org/springframework/spring-jcl/5.2.11.RELEASE/spring-jcl-5.2.11.RELEASE.jar:/home/runner/.m2/repository/org/springframework/spring-tx/5.2.11.RELEASE/spring-tx-5.2.11.RELEASE.jar:/home/runner/.m2/repository/org/apache/ozone/ozone-client/1.2.0-SNAPSHOT/ozone-client-1.2.0-SNAPSHOT.jar:/home/runner/.m2/repository/org/apache/ozone/ozone-filesystem/1.2.0-SNAPSHOT/ozone-filesystem-1.2.0-SNAPSHOT.jar:/home/runner/.m2/repository/org/apache/ozone/ozone-filesystem-common/1.2.0-SNAPSHOT/ozone-filesystem-common-1.2.0-SNAPSHOT.jar:/home/runner/.m2/repository/org/apache/ozone/ozone-tools/1.2.0-SNAPSHOT/ozone-tools-1.2.0-SNAPSHOT.jar:/home/runner/.m2/repository/org/apache/ratis/ratis-tools/2.1.0-03f3b68-SNAPSHOT/ratis-tools-2.1.0-03f3b68-SNAPSHOT.jar:/home/runner/.m2/repository/com/amazonaws/aws-java-sdk-core/1.11.901/aws-java-sdk-core-1.11.901.jar:/home/runner/.m2/repository/org/apache/httpcomponents/httpclient/4.5.13/httpclient-4.5.13.jar:/home/runner/.m2/repository/org/apache/httpcomponents/httpcore/4.4.13/httpcore-4.4.13.jar:/home/runner/.m2/repository/software/amazon/ion/ion-java/1.0.2/ion-java-1.0.2.jar:/home/runner/.m2/repository/com/fasterxml/jackson/dataformat/jackson-dataformat-cbor/2.12.1/jackson-dataformat-cbor-2.12.1.jar:/home/runner/.m2/repository/joda-time/joda-time/2.8.1/joda-time-2.8.1.jar:/home/runner/.m2/repository/com/amazonaws/aws-java-sdk-s3/1.11.901/aws-java-sdk-s3-1.11.901.jar:/home/runner/.m2/repository/com/amazonaws/aws-java-sdk-kms/1.11.901/aws-java-sdk-kms-1.11.901.jar:/home/runner/.m2/repository/com/amazonaws/jmespath-java/1.11.901/jmespath-java-1.11.901.jar:/home/runner/.m2/repository/org/kohsuke/metainf-services/metainf-services/1.8/metainf-services-1.8.jar:/home/runner/.m2/repository/org/apache/ozone/hdds-tools/1.2.0-SNAPSHOT/hdds-tools-1.2.0-SNAPSHOT.jar:/home/runner/.m2/repository/commons-cli/commons-cli/1.2/commons-cli-1.2.jar:/home/runner/.m2/repository/org/apache/commons/commons-lang3/3.7/commons-lang3-3.7.jar:/home/runner/.m2/repository/org/apache/ozone/ozone-manager/1.2.0-SNAPSHOT/ozone-manager-1.2.0-SNAPSHOT-tests.jar:/home/runner/.m2/repository/org/apache/ozone/hdds-common/1.2.0-SNAPSHOT/hdds-common-1.2.0-SNAPSHOT-tests.jar:/home/runner/.m2/repository/org/apache/ozone/hdds-hadoop-dependency-client/1.2.0-SNAPSHOT/hdds-hadoop-dependency-client-1.2.0-SNAPSHOT.jar:/home/runner/.m2/repository/info/picocli/picocli/4.6.1/picocli-4.6.1.jar:/home/runner/.m2/repository/com/fasterxml/jackson/core/jackson-annotations/2.12.1/jackson-annotations-2.12.1.jar:/home/runner/.m2/repository/javax/annotation/javax.annotation-api/1.2/javax.annotation-api-1.2.jar:/home/runner/.m2/repository/org/apache/ratis/ratis-server/2.1.0-03f3b68-SNAPSHOT/ratis-server-2.1.0-03f3b68-SNAPSHOT.jar:/home/runner/.m2/repository/org/apache/ratis/ratis-client/2.1.0-03f3b68-SNAPSHOT/ratis-client-2.1.0-03f3b68-SNAPSHOT.jar:/home/runner/.m2/repository/org/apache/ratis/ratis-server-api/2.1.0-03f3b68-SNAPSHOT/ratis-server-api-2.1.0-03f3b68-SNAPSHOT.jar:/home/runner/.m2/repository/org/apache/ratis/ratis-metrics/2.1.0-03f3b68-SNAPSHOT/ratis-metrics-2.1.0-03f3b68-SNAPSHOT.jar:/home/runner/.m2/repository/org/apache/ratis/ratis-netty/2.1.0-03f3b68-SNAPSHOT/ratis-netty-2.1.0-03f3b68-SNAPSHOT.jar:/home/runner/.m2/repository/org/apache/ratis/ratis-grpc/2.1.0-03f3b68-SNAPSHOT/ratis-grpc-2.1.0-03f3b68-SNAPSHOT.jar:/home/runner/.m2/repository/org/apache/logging/log4j/log4j-api/2.13.3/log4j-api-2.13.3.jar:/home/runner/.m2/repository/org/apache/logging/log4j/log4j-core/2.13.3/log4j-core-2.13.3.jar:/home/runner/.m2/repository/com/lmax/disruptor/3.4.2/disruptor-3.4.2.jar:/home/runner/.m2/repository/org/apache/commons/commons-pool2/2.6.0/commons-pool2-2.6.0.jar:/home/runner/.m2/repository/org/bouncycastle/bcpkix-jdk15on/1.67/bcpkix-jdk15on-1.67.jar:/home/runner/.m2/repository/commons-validator/commons-validator/1.6/commons-validator-1.6.jar:/home/runner/.m2/repository/commons-beanutils/commons-beanutils/1.9.4/commons-beanutils-1.9.4.jar:/home/runner/.m2/repository/commons-digester/commons-digester/1.8.1/commons-digester-1.8.1.jar:/home/runner/.m2/repository/commons-collections/commons-collections/3.2.2/commons-collections-3.2.2.jar:/home/runner/.m2/repository/io/jaegertracing/jaeger-client/1.6.0/jaeger-client-1.6.0.jar:/home/runner/.m2/repository/io/jaegertracing/jaeger-thrift/1.6.0/jaeger-thrift-1.6.0.jar:/home/runner/.m2/repository/org/apache/thrift/libthrift/0.14.1/libthrift-0.14.1.jar:/home/runner/.m2/repository/com/squareup/okhttp3/okhttp/4.9.0/okhttp-4.9.0.jar:/home/runner/.m2/repository/com/squareup/okio/okio/2.8.0/okio-2.8.0.jar:/home/runner/.m2/repository/io/jaegertracing/jaeger-core/1.6.0/jaeger-core-1.6.0.jar:/home/runner/.m2/repository/io/jaegertracing/jaeger-tracerresolver/1.6.0/jaeger-tracerresolver-1.6.0.jar:/home/runner/.m2/repository/io/opentracing/contrib/opentracing-tracerresolver/0.1.8/opentracing-tracerresolver-0.1.8.jar:/home/runner/.m2/repository/org/jetbrains/kotlin/kotlin-stdlib/1.4.31/kotlin-stdlib-1.4.31.jar:/home/runner/.m2/repository/org/jetbrains/kotlin/kotlin-stdlib-common/1.4.31/kotlin-stdlib-common-1.4.31.jar:/home/runner/.m2/repository/org/jetbrains/annotations/13.0/annotations-13.0.jar:/home/runner/.m2/repository/io/opentracing/opentracing-util/0.33.0/opentracing-util-0.33.0.jar:/home/runner/.m2/repository/io/opentracing/opentracing-api/0.33.0/opentracing-api-0.33.0.jar:/home/runner/.m2/repository/io/opentracing/opentracing-noop/0.33.0/opentracing-noop-0.33.0.jar:/home/runner/.m2/repository/org/yaml/snakeyaml/1.26/snakeyaml-1.26.jar:/home/runner/.m2/repository/org/apache/ozone/hdds-interface-admin/1.2.0-SNAPSHOT/hdds-interface-admin-1.2.0-SNAPSHOT.jar:/home/runner/.m2/repository/junit/junit/4.13.1/junit-4.13.1.jar:/home/runner/.m2/repository/org/hamcrest/hamcrest-core/1.3/hamcrest-core-1.3.jar:/home/runner/.m2/repository/org/junit/jupiter/junit-jupiter-api/5.7.0/junit-jupiter-api-5.7.0.jar:/home/runner/.m2/repository/org/apiguardian/apiguardian-api/1.1.0/apiguardian-api-1.1.0.jar:/home/runner/.m2/repository/org/opentest4j/opentest4j/1.2.0/opentest4j-1.2.0.jar:/home/runner/.m2/repository/org/junit/platform/junit-platform-commons/1.7.0/junit-platform-commons-1.7.0.jar:/home/runner/.m2/repository/org/junit/jupiter/junit-jupiter-engine/5.7.0/junit-jupiter-engine-5.7.0.jar:/home/runner/.m2/repository/org/junit/platform/junit-platform-engine/1.7.0/junit-platform-engine-1.7.0.jar:/home/runner/.m2/repository/org/junit/vintage/junit-vintage-engine/5.7.0/junit-vintage-engine-5.7.0.jar:/home/runner/.m2/repository/org/junit/platform/junit-platform-launcher/1.7.0/junit-platform-launcher-1.7.0.jar:/home/runner/.m2/repository/org/openjdk/jmh/jmh-core/1.19/jmh-core-1.19.jar:/home/runner/.m2/repository/net/sf/jopt-simple/jopt-simple/4.6/jopt-simple-4.6.jar:/home/runner/.m2/repository/org/apache/commons/commons-math3/3.1.1/commons-math3-3.1.1.jar:/home/runner/.m2/repository/org/openjdk/jmh/jmh-generator-annprocess/1.19/jmh-generator-annprocess-1.19.jar:/home/runner/.m2/repository/org/mockito/mockito-core/2.28.2/mockito-core-2.28.2.jar:/home/runner/.m2/repository/net/bytebuddy/byte-buddy/1.9.10/byte-buddy-1.9.10.jar:/home/runner/.m2/repository/net/bytebuddy/byte-buddy-agent/1.9.10/byte-buddy-agent-1.9.10.jar:/home/runner/.m2/repository/org/objenesis/objenesis/1.0/objenesis-1.0.jar:/home/runner/.m2/repository/org/apache/hadoop/hadoop-kms/3.3.1/hadoop-kms-3.3.1.jar:/home/runner/.m2/repository/org/apache/hadoop/hadoop-auth/3.3.1/hadoop-auth-3.3.1.jar:/home/runner/.m2/repository/com/nimbusds/nimbus-jose-jwt/7.9/nimbus-jose-jwt-7.9.jar:/home/runner/.m2/repository/com/github/stephenc/jcip/jcip-annotations/1.0-1/jcip-annotations-1.0-1.jar:/home/runner/.m2/repository/net/minidev/json-smart/2.3/json-smart-2.3.jar:/home/runner/.m2/repository/net/minidev/accessors-smart/1.2/accessors-smart-1.2.jar:/home/runner/.m2/repository/org/ow2/asm/asm/5.0.4/asm-5.0.4.jar:/home/runner/.m2/repository/org/apache/zookeeper/zookeeper/3.5.6/zookeeper-3.5.6.jar:/home/runner/.m2/repository/org/apache/zookeeper/zookeeper-jute/3.5.6/zookeeper-jute-3.5.6.jar:/home/runner/.m2/repository/org/apache/yetus/audience-annotations/0.5.0/audience-annotations-0.5.0.jar:/home/runner/.m2/repository/org/apache/curator/curator-framework/4.2.0/curator-framework-4.2.0.jar:/home/runner/.m2/repository/org/apache/hadoop/thirdparty/hadoop-shaded-guava/1.1.1/hadoop-shaded-guava-1.1.1.jar:/home/runner/.m2/repository/com/sun/jersey/jersey-core/1.19/jersey-core-1.19.jar:/home/runner/.m2/repository/javax/ws/rs/jsr311-api/1.1.1/jsr311-api-1.1.1.jar:/home/runner/.m2/repository/com/sun/jersey/jersey-server/1.19/jersey-server-1.19.jar:/home/runner/.m2/repository/javax/servlet/javax.servlet-api/3.1.0/javax.servlet-api-3.1.0.jar:/home/runner/.m2/repository/org/eclipse/jetty/jetty-server/9.4.43.v20210629/jetty-server-9.4.43.v20210629.jar:/home/runner/.m2/repository/org/eclipse/jetty/jetty-http/9.4.43.v20210629/jetty-http-9.4.43.v20210629.jar:/home/runner/.m2/repository/org/eclipse/jetty/jetty-io/9.4.43.v20210629/jetty-io-9.4.43.v20210629.jar:/home/runner/.m2/repository/org/eclipse/jetty/jetty-webapp/9.4.43.v20210629/jetty-webapp-9.4.43.v20210629.jar:/home/runner/.m2/repository/org/eclipse/jetty/jetty-xml/9.4.43.v20210629/jetty-xml-9.4.43.v20210629.jar:/home/runner/.m2/repository/org/apache/hadoop/hadoop-common/3.3.1/hadoop-common-3.3.1.jar:/home/runner/.m2/repository/commons-net/commons-net/3.6/commons-net-3.6.jar:/home/runner/.m2/repository/jakarta/activation/jakarta.activation-api/1.2.1/jakarta.activation-api-1.2.1.jar:/home/runner/.m2/repository/com/sun/jersey/jersey-servlet/1.19/jersey-servlet-1.19.jar:/home/runner/.m2/repository/com/sun/jersey/jersey-json/1.19/jersey-json-1.19.jar:/home/runner/.m2/repository/org/codehaus/jettison/jettison/1.1/jettison-1.1.jar:/home/runner/.m2/repository/com/sun/xml/bind/jaxb-impl/2.2.3-1/jaxb-impl-2.2.3-1.jar:/home/runner/.m2/repository/org/codehaus/jackson/jackson-jaxrs/1.9.2/jackson-jaxrs-1.9.2.jar:/home/runner/.m2/repository/org/codehaus/jackson/jackson-xc/1.9.2/jackson-xc-1.9.2.jar:/home/runner/.m2/repository/org/apache/commons/commons-configuration2/2.1.1/commons-configuration2-2.1.1.jar:/home/runner/.m2/repository/org/apache/commons/commons-text/1.4/commons-text-1.4.jar:/home/runner/.m2/repository/com/google/re2j/re2j/1.1/re2j-1.1.jar:/home/runner/.m2/repository/com/jcraft/jsch/0.1.54/jsch-0.1.54.jar:/home/runner/.m2/repository/org/apache/curator/curator-client/4.2.0/curator-client-4.2.0.jar:/home/runner/.m2/repository/org/apache/curator/curator-recipes/4.2.0/curator-recipes-4.2.0.jar:/home/runner/.m2/repository/org/apache/kerby/kerb-core/1.0.1/kerb-core-1.0.1.jar:/home/runner/.m2/repository/org/apache/kerby/kerby-pkix/1.0.1/kerby-pkix-1.0.1.jar:/home/runner/.m2/repository/org/apache/kerby/kerby-asn1/1.0.1/kerby-asn1-1.0.1.jar:/home/runner/.m2/repository/org/apache/kerby/kerby-util/1.0.1/kerby-util-1.0.1.jar:/home/runner/.m2/repository/dnsjava/dnsjava/2.1.7/dnsjava-2.1.7.jar:/home/runner/.m2/repository/org/xerial/snappy/snappy-java/1.1.8.2/snappy-java-1.1.8.2.jar:/home/runner/.m2/repository/org/slf4j/jul-to-slf4j/1.7.30/jul-to-slf4j-1.7.30.jar:/home/runner/.m2/repository/org/eclipse/jetty/jetty-util/9.4.43.v20210629/jetty-util-9.4.43.v20210629.jar:/home/runner/.m2/repository/com/fasterxml/jackson/core/jackson-databind/2.12.1/jackson-databind-2.12.1.jar:/home/runner/.m2/repository/org/apache/hadoop/hadoop-kms/3.3.1/hadoop-kms-3.3.1-tests.jar:/home/runner/.m2/repository/org/apache/ozone/hdds-server-scm/1.2.0-SNAPSHOT/hdds-server-scm-1.2.0-SNAPSHOT-tests.jar:/home/runner/.m2/repository/org/apache/ozone/hdds-container-service/1.2.0-SNAPSHOT/hdds-container-service-1.2.0-SNAPSHOT-tests.jar:/home/runner/.m2/repository/commons-codec/commons-codec/1.11/commons-codec-1.11.jar:/home/runner/.m2/repository/io/netty/netty-transport/4.1.63.Final/netty-transport-4.1.63.Final.jar:/home/runner/.m2/repository/io/netty/netty-resolver/4.1.63.Final/netty-resolver-4.1.63.Final.jar:/home/runner/.m2/repository/io/netty/netty-codec/4.1.63.Final/netty-codec-4.1.63.Final.jar:/home/runner/.m2/repository/io/netty/netty-handler/4.1.63.Final/netty-handler-4.1.63.Final.jar:/home/runner/.m2/repository/org/apache/ozone/hdds-hadoop-dependency-test/1.2.0-SNAPSHOT/hdds-hadoop-dependency-test-1.2.0-SNAPSHOT.jar:/home/runner/.m2/repository/org/apache/hadoop/hadoop-common/3.3.1/hadoop-common-3.3.1-tests.jar:/home/runner/.m2/repository/org/assertj/assertj-core/3.12.2/assertj-core-3.12.2.jar:/home/runner/.m2/repository/org/apache/hadoop/hadoop-hdfs/3.3.1/hadoop-hdfs-3.3.1-tests.jar:/home/runner/.m2/repository/org/eclipse/jetty/jetty-util-ajax/9.4.43.v20210629/jetty-util-ajax-9.4.43.v20210629.jar:/home/runner/.m2/repository/commons-daemon/commons-daemon/1.0.13/commons-daemon-1.0.13.jar:/home/runner/.m2/repository/io/netty/netty/3.10.6.Final/netty-3.10.6.Final.jar:/home/runner/.m2/repository/io/netty/netty-all/4.1.63.Final/netty-all-4.1.63.Final.jar:/home/runner/.m2/repository/org/apache/htrace/htrace-core4/4.1.0-incubating/htrace-core4-4.1.0-incubating.jar:/home/runner/.m2/repository/org/fusesource/leveldbjni/leveldbjni-all/1.8/leveldbjni-all-1.8.jar:/home/runner/.m2/repository/org/apache/hadoop/hadoop-distcp/3.3.1/hadoop-distcp-3.3.1.jar:/home/runner/.m2/repository/org/apache/hadoop/hadoop-mapreduce-client-jobclient/3.3.1/hadoop-mapreduce-client-jobclient-3.3.1.jar:/home/runner/.m2/repository/org/apache/hadoop/hadoop-mapreduce-client-common/3.3.1/hadoop-mapreduce-client-common-3.3.1.jar:/home/runner/.m2/repository/org/apache/hadoop/hadoop-yarn-common/3.3.1/hadoop-yarn-common-3.3.1.jar:/home/runner/.m2/repository/org/apache/hadoop/hadoop-yarn-api/3.3.1/hadoop-yarn-api-3.3.1.jar:/home/runner/.m2/repository/com/sun/jersey/jersey-client/1.19/jersey-client-1.19.jar:/home/runner/.m2/repository/com/sun/jersey/contribs/jersey-guice/1.19/jersey-guice-1.19.jar:/home/runner/.m2/repository/com/fasterxml/jackson/jaxrs/jackson-jaxrs-json-provider/2.12.1/jackson-jaxrs-json-provider-2.12.1.jar:/home/runner/.m2/repository/com/fasterxml/jackson/jaxrs/jackson-jaxrs-base/2.12.1/jackson-jaxrs-base-2.12.1.jar:/home/runner/.m2/repository/org/apache/hadoop/hadoop-yarn-client/3.3.1/hadoop-yarn-client-3.3.1.jar:/home/runner/.m2/repository/org/eclipse/jetty/websocket/websocket-client/9.4.40.v20210413/websocket-client-9.4.40.v20210413.jar:/home/runner/.m2/repository/org/eclipse/jetty/jetty-client/9.4.40.v20210413/jetty-client-9.4.40.v20210413.jar:/home/runner/.m2/repository/org/eclipse/jetty/websocket/websocket-common/9.4.40.v20210413/websocket-common-9.4.40.v20210413.jar:/home/runner/.m2/repository/org/eclipse/jetty/websocket/websocket-api/9.4.40.v20210413/websocket-api-9.4.40.v20210413.jar:/home/runner/.m2/repository/org/jline/jline/3.9.0/jline-3.9.0.jar:/home/runner/.m2/repository/org/apache/hadoop/hadoop-mapreduce-client-core/3.3.1/hadoop-mapreduce-client-core-3.3.1.jar:/home/runner/.m2/repository/org/apache/avro/avro/1.7.7/avro-1.7.7.jar:/home/runner/.m2/repository/org/codehaus/jackson/jackson-core-asl/1.9.13/jackson-core-asl-1.9.13.jar:/home/runner/.m2/repository/org/codehaus/jackson/jackson-mapper-asl/1.9.13/jackson-mapper-asl-1.9.13.jar:/home/runner/.m2/repository/com/thoughtworks/paranamer/paranamer/2.3/paranamer-2.3.jar:/home/runner/.m2/repository/org/apache/hadoop/hadoop-annotations/3.3.1/hadoop-annotations-3.3.1.jar:/usr/lib/jvm/adoptopenjdk-8-hotspot-amd64/jre/../lib/tools.jar:/home/runner/.m2/repository/org/apache/hadoop/hadoop-distcp/3.3.1/hadoop-distcp-3.3.1-tests.jar:/home/runner/.m2/repository/org/apache/ratis/ratis-common/2.1.0-03f3b68-SNAPSHOT/ratis-common-2.1.0-03f3b68-SNAPSHOT.jar:/home/runner/.m2/repository/org/apache/ratis/ratis-thirdparty-misc/0.7.0/ratis-thirdparty-misc-0.7.0.jar:/home/runner/.m2/repository/org/apache/ratis/ratis-proto/2.1.0-03f3b68-SNAPSHOT/ratis-proto-2.1.0-03f3b68-SNAPSHOT.jar:"/>
    <property name="java.vm.vendor" value="AdoptOpenJDK"/>
    <property name="sun.arch.data.model" value="64"/>
    <property name="test.build.dir" value="/home/runner/work/ozone/ozone/hadoop-ozone/integration-test/target/test-dir"/>
    <property name="test.cache.data" value=""/>
    <property name="java.vendor.url" value="https://adoptopenjdk.net/"/>
    <property name="user.timezone" value=""/>
    <property name="java.vm.specification.version" value="1.8"/>
    <property name="os.name" value="Linux"/>
    <property name="test.build.data" value="/home/runner/work/ozone/ozone/hadoop-ozone/integration-test/target/test-dir"/>
    <property name="sun.java.launcher" value="SUN_STANDARD"/>
    <property name="sun.boot.library.path" value="/usr/lib/jvm/adoptopenjdk-8-hotspot-amd64/jre/lib/amd64"/>
    <property name="sun.java.command" value="/home/runner/work/ozone/ozone/hadoop-ozone/integration-test/target/surefire/surefirebooter4252778578201842926.jar /home/runner/work/ozone/ozone/hadoop-ozone/integration-test/target/surefire 2021-09-05T12-50-11_044-jvmRun1 surefire5616285577761971492tmp surefire_791669169540169298350tmp"/>
    <property name="surefire.test.class.path" value="/home/runner/work/ozone/ozone/hadoop-ozone/integration-test/target/test-classes:/home/runner/work/ozone/ozone/hadoop-ozone/integration-test/target/classes:/home/runner/.m2/repository/org/apache/ozone/ozone-common/1.2.0-SNAPSHOT/ozone-common-1.2.0-SNAPSHOT.jar:/home/runner/.m2/repository/org/apache/commons/commons-compress/1.20/commons-compress-1.20.jar:/home/runner/.m2/repository/org/apache/ozone/hdds-common/1.2.0-SNAPSHOT/hdds-common-1.2.0-SNAPSHOT.jar:/home/runner/.m2/repository/org/apache/ozone/hdds-client/1.2.0-SNAPSHOT/hdds-client-1.2.0-SNAPSHOT.jar:/home/runner/.m2/repository/org/apache/ozone/ozone-interface-client/1.2.0-SNAPSHOT/ozone-interface-client-1.2.0-SNAPSHOT.jar:/home/runner/.m2/repository/org/apache/ozone/hdds-server-framework/1.2.0-SNAPSHOT/hdds-server-framework-1.2.0-SNAPSHOT.jar:/home/runner/.m2/repository/org/apache/ozone/hdds-interface-server/1.2.0-SNAPSHOT/hdds-interface-server-1.2.0-SNAPSHOT.jar:/home/runner/.m2/repository/org/eclipse/jetty/jetty-servlet/9.4.43.v20210629/jetty-servlet-9.4.43.v20210629.jar:/home/runner/.m2/repository/org/eclipse/jetty/jetty-security/9.4.43.v20210629/jetty-security-9.4.43.v20210629.jar:/home/runner/.m2/repository/org/rocksdb/rocksdbjni/6.20.3/rocksdbjni-6.20.3.jar:/home/runner/.m2/repository/io/prometheus/simpleclient_dropwizard/0.7.0/simpleclient_dropwizard-0.7.0.jar:/home/runner/.m2/repository/io/prometheus/simpleclient/0.7.0/simpleclient-0.7.0.jar:/home/runner/.m2/repository/io/prometheus/simpleclient_common/0.7.0/simpleclient_common-0.7.0.jar:/home/runner/.m2/repository/com/fasterxml/jackson/datatype/jackson-datatype-jsr310/2.12.1/jackson-datatype-jsr310-2.12.1.jar:/home/runner/.m2/repository/org/apache/ozone/hdds-test-utils/1.2.0-SNAPSHOT/hdds-test-utils-1.2.0-SNAPSHOT.jar:/home/runner/.m2/repository/com/google/guava/guava/30.1.1-jre/guava-30.1.1-jre.jar:/home/runner/.m2/repository/com/google/guava/failureaccess/1.0.1/failureaccess-1.0.1.jar:/home/runner/.m2/repository/com/google/guava/listenablefuture/9999.0-empty-to-avoid-conflict-with-guava/listenablefuture-9999.0-empty-to-avoid-conflict-with-guava.jar:/home/runner/.m2/repository/com/google/code/findbugs/jsr305/3.0.0/jsr305-3.0.0.jar:/home/runner/.m2/repository/org/checkerframework/checker-qual/3.8.0/checker-qual-3.8.0.jar:/home/runner/.m2/repository/com/google/errorprone/error_prone_annotations/2.2.0/error_prone_annotations-2.2.0.jar:/home/runner/.m2/repository/com/google/j2objc/j2objc-annotations/1.3/j2objc-annotations-1.3.jar:/home/runner/.m2/repository/commons-io/commons-io/2.8.0/commons-io-2.8.0.jar:/home/runner/.m2/repository/commons-logging/commons-logging/1.2/commons-logging-1.2.jar:/home/runner/.m2/repository/log4j/log4j/1.2.17/log4j-1.2.17.jar:/home/runner/.m2/repository/org/slf4j/slf4j-api/1.7.30/slf4j-api-1.7.30.jar:/home/runner/.m2/repository/org/apache/ozone/hdds-server-scm/1.2.0-SNAPSHOT/hdds-server-scm-1.2.0-SNAPSHOT.jar:/home/runner/.m2/repository/org/apache/ozone/hdds-container-service/1.2.0-SNAPSHOT/hdds-container-service-1.2.0-SNAPSHOT.jar:/home/runner/.m2/repository/org/apache/ozone/hdds-hadoop-dependency-server/1.2.0-SNAPSHOT/hdds-hadoop-dependency-server-1.2.0-SNAPSHOT.jar:/home/runner/.m2/repository/org/apache/hadoop/hadoop-hdfs/3.3.1/hadoop-hdfs-3.3.1.jar:/home/runner/.m2/repository/io/dropwizard/metrics/metrics-core/3.2.4/metrics-core-3.2.4.jar:/home/runner/.m2/repository/org/apache/hadoop/hadoop-hdfs-client/3.3.1/hadoop-hdfs-client-3.3.1.jar:/home/runner/.m2/repository/org/bouncycastle/bcprov-jdk15on/1.67/bcprov-jdk15on-1.67.jar:/home/runner/.m2/repository/com/google/protobuf/protobuf-java/2.5.0/protobuf-java-2.5.0.jar:/home/runner/.m2/repository/org/apache/ozone/ozone-manager/1.2.0-SNAPSHOT/ozone-manager-1.2.0-SNAPSHOT.jar:/home/runner/.m2/repository/org/aspectj/aspectjrt/1.8.9/aspectjrt-1.8.9.jar:/home/runner/.m2/repository/org/aspectj/aspectjweaver/1.8.9/aspectjweaver-1.8.9.jar:/home/runner/.m2/repository/org/apache/ozone/hdds-interface-client/1.2.0-SNAPSHOT/hdds-interface-client-1.2.0-SNAPSHOT.jar:/home/runner/.m2/repository/org/apache/hadoop/thirdparty/hadoop-shaded-protobuf_3_7/1.1.1/hadoop-shaded-protobuf_3_7-1.1.1.jar:/home/runner/.m2/repository/org/apache/ozone/ozone-interface-storage/1.2.0-SNAPSHOT/ozone-interface-storage-1.2.0-SNAPSHOT.jar:/home/runner/.m2/repository/org/reflections/reflections/0.9.11/reflections-0.9.11.jar:/home/runner/.m2/repository/org/apache/hadoop/hadoop-minikdc/3.3.1/hadoop-minikdc-3.3.1.jar:/home/runner/.m2/repository/org/apache/kerby/kerb-simplekdc/1.0.1/kerb-simplekdc-1.0.1.jar:/home/runner/.m2/repository/org/apache/kerby/kerb-client/1.0.1/kerb-client-1.0.1.jar:/home/runner/.m2/repository/org/apache/kerby/kerby-config/1.0.1/kerby-config-1.0.1.jar:/home/runner/.m2/repository/org/apache/kerby/kerb-common/1.0.1/kerb-common-1.0.1.jar:/home/runner/.m2/repository/org/apache/kerby/kerb-crypto/1.0.1/kerb-crypto-1.0.1.jar:/home/runner/.m2/repository/org/apache/kerby/kerb-util/1.0.1/kerb-util-1.0.1.jar:/home/runner/.m2/repository/org/apache/kerby/token-provider/1.0.1/token-provider-1.0.1.jar:/home/runner/.m2/repository/org/apache/kerby/kerb-admin/1.0.1/kerb-admin-1.0.1.jar:/home/runner/.m2/repository/org/apache/kerby/kerb-server/1.0.1/kerb-server-1.0.1.jar:/home/runner/.m2/repository/org/apache/kerby/kerb-identity/1.0.1/kerb-identity-1.0.1.jar:/home/runner/.m2/repository/org/apache/kerby/kerby-xdr/1.0.1/kerby-xdr-1.0.1.jar:/home/runner/.m2/repository/org/slf4j/slf4j-log4j12/1.7.30/slf4j-log4j12-1.7.30.jar:/home/runner/.m2/repository/org/apache/ozone/ozone-s3gateway/1.2.0-SNAPSHOT/ozone-s3gateway-1.2.0-SNAPSHOT.jar:/home/runner/.m2/repository/org/javassist/javassist/3.21.0-GA/javassist-3.21.0-GA.jar:/home/runner/.m2/repository/org/jboss/weld/servlet/weld-servlet/2.4.7.Final/weld-servlet-2.4.7.Final.jar:/home/runner/.m2/repository/org/glassfish/jersey/containers/jersey-container-servlet-core/2.33/jersey-container-servlet-core-2.33.jar:/home/runner/.m2/repository/org/glassfish/hk2/external/jakarta.inject/2.6.1/jakarta.inject-2.6.1.jar:/home/runner/.m2/repository/org/glassfish/jersey/core/jersey-common/2.33/jersey-common-2.33.jar:/home/runner/.m2/repository/jakarta/ws/rs/jakarta.ws.rs-api/2.1.6/jakarta.ws.rs-api-2.1.6.jar:/home/runner/.m2/repository/org/glassfish/jersey/ext/cdi/jersey-cdi1x/2.33/jersey-cdi1x-2.33.jar:/home/runner/.m2/repository/org/glassfish/jersey/inject/jersey-hk2/2.33/jersey-hk2-2.33.jar:/home/runner/.m2/repository/org/glassfish/hk2/hk2-locator/2.6.1/hk2-locator-2.6.1.jar:/home/runner/.m2/repository/org/glassfish/jersey/media/jersey-media-jaxb/2.33/jersey-media-jaxb-2.33.jar:/home/runner/.m2/repository/org/glassfish/hk2/osgi-resource-locator/1.0.3/osgi-resource-locator-1.0.3.jar:/home/runner/.m2/repository/org/glassfish/hk2/hk2-api/2.5.0/hk2-api-2.5.0.jar:/home/runner/.m2/repository/org/glassfish/hk2/hk2-utils/2.5.0/hk2-utils-2.5.0.jar:/home/runner/.m2/repository/org/glassfish/hk2/external/aopalliance-repackaged/2.5.0/aopalliance-repackaged-2.5.0.jar:/home/runner/.m2/repository/com/fasterxml/jackson/dataformat/jackson-dataformat-xml/2.12.1/jackson-dataformat-xml-2.12.1.jar:/home/runner/.m2/repository/com/fasterxml/jackson/core/jackson-core/2.12.1/jackson-core-2.12.1.jar:/home/runner/.m2/repository/com/fasterxml/jackson/module/jackson-module-jaxb-annotations/2.12.1/jackson-module-jaxb-annotations-2.12.1.jar:/home/runner/.m2/repository/jakarta/xml/bind/jakarta.xml.bind-api/2.3.2/jakarta.xml.bind-api-2.3.2.jar:/home/runner/.m2/repository/org/codehaus/woodstox/stax2-api/3.1.4/stax2-api-3.1.4.jar:/home/runner/.m2/repository/com/fasterxml/woodstox/woodstox-core/5.0.3/woodstox-core-5.0.3.jar:/home/runner/.m2/repository/javax/enterprise/cdi-api/1.2/cdi-api-1.2.jar:/home/runner/.m2/repository/javax/el/javax.el-api/3.0.0/javax.el-api-3.0.0.jar:/home/runner/.m2/repository/javax/interceptor/javax.interceptor-api/1.2/javax.interceptor-api-1.2.jar:/home/runner/.m2/repository/javax/inject/javax.inject/1/javax.inject-1.jar:/home/runner/.m2/repository/javax/xml/bind/jaxb-api/2.3.0/jaxb-api-2.3.0.jar:/home/runner/.m2/repository/org/glassfish/jaxb/jaxb-runtime/2.3.0.1/jaxb-runtime-2.3.0.1.jar:/home/runner/.m2/repository/org/glassfish/jaxb/jaxb-core/2.3.0.1/jaxb-core-2.3.0.1.jar:/home/runner/.m2/repository/org/glassfish/jaxb/txw2/2.3.0.1/txw2-2.3.0.1.jar:/home/runner/.m2/repository/com/sun/istack/istack-commons-runtime/3.0.5/istack-commons-runtime-3.0.5.jar:/home/runner/.m2/repository/org/jvnet/staxex/stax-ex/1.7.8/stax-ex-1.7.8.jar:/home/runner/.m2/repository/com/sun/xml/fastinfoset/FastInfoset/1.2.13/FastInfoset-1.2.13.jar:/home/runner/.m2/repository/javax/activation/activation/1.1.1/activation-1.1.1.jar:/home/runner/.m2/repository/org/apache/ozone/ozone-csi/1.2.0-SNAPSHOT/ozone-csi-1.2.0-SNAPSHOT.jar:/home/runner/.m2/repository/com/google/protobuf/protobuf-java-util/3.12.0/protobuf-java-util-3.12.0.jar:/home/runner/.m2/repository/com/google/code/gson/gson/2.2.4/gson-2.2.4.jar:/home/runner/.m2/repository/org/apache/ozone/hdds-config/1.2.0-SNAPSHOT/hdds-config-1.2.0-SNAPSHOT.jar:/home/runner/.m2/repository/io/grpc/grpc-netty/1.33.0/grpc-netty-1.33.0.jar:/home/runner/.m2/repository/io/grpc/grpc-core/1.33.0/grpc-core-1.33.0.jar:/home/runner/.m2/repository/com/google/android/annotations/4.1.1.4/annotations-4.1.1.4.jar:/home/runner/.m2/repository/io/netty/netty-codec-http2/4.1.63.Final/netty-codec-http2-4.1.63.Final.jar:/home/runner/.m2/repository/io/netty/netty-codec-http/4.1.63.Final/netty-codec-http-4.1.63.Final.jar:/home/runner/.m2/repository/io/netty/netty-handler-proxy/4.1.63.Final/netty-handler-proxy-4.1.63.Final.jar:/home/runner/.m2/repository/io/netty/netty-codec-socks/4.1.63.Final/netty-codec-socks-4.1.63.Final.jar:/home/runner/.m2/repository/io/perfmark/perfmark-api/0.19.0/perfmark-api-0.19.0.jar:/home/runner/.m2/repository/org/codehaus/mojo/animal-sniffer-annotations/1.18/animal-sniffer-annotations-1.18.jar:/home/runner/.m2/repository/io/netty/netty-transport-native-epoll/4.1.63.Final/netty-transport-native-epoll-4.1.63.Final.jar:/home/runner/.m2/repository/io/netty/netty-common/4.1.63.Final/netty-common-4.1.63.Final.jar:/home/runner/.m2/repository/io/netty/netty-buffer/4.1.63.Final/netty-buffer-4.1.63.Final.jar:/home/runner/.m2/repository/io/netty/netty-transport-native-unix-common/4.1.63.Final/netty-transport-native-unix-common-4.1.63.Final.jar:/home/runner/.m2/repository/io/grpc/grpc-protobuf/1.33.0/grpc-protobuf-1.33.0.jar:/home/runner/.m2/repository/io/grpc/grpc-api/1.33.0/grpc-api-1.33.0.jar:/home/runner/.m2/repository/io/grpc/grpc-context/1.33.0/grpc-context-1.33.0.jar:/home/runner/.m2/repository/com/google/api/grpc/proto-google-common-protos/1.17.0/proto-google-common-protos-1.17.0.jar:/home/runner/.m2/repository/io/grpc/grpc-protobuf-lite/1.33.0/grpc-protobuf-lite-1.33.0.jar:/home/runner/.m2/repository/io/grpc/grpc-stub/1.33.0/grpc-stub-1.33.0.jar:/home/runner/.m2/repository/org/apache/ozone/ozone-recon/1.2.0-SNAPSHOT/ozone-recon-1.2.0-SNAPSHOT.jar:/home/runner/.m2/repository/org/apache/ozone/ozone-reconcodegen/1.2.0-SNAPSHOT/ozone-reconcodegen-1.2.0-SNAPSHOT.jar:/home/runner/.m2/repository/com/google/inject/extensions/guice-multibindings/4.0/guice-multibindings-4.0.jar:/home/runner/.m2/repository/com/google/inject/guice/4.0/guice-4.0.jar:/home/runner/.m2/repository/aopalliance/aopalliance/1.0/aopalliance-1.0.jar:/home/runner/.m2/repository/com/google/inject/extensions/guice-assistedinject/4.0/guice-assistedinject-4.0.jar:/home/runner/.m2/repository/com/google/inject/extensions/guice-servlet/4.0/guice-servlet-4.0.jar:/home/runner/.m2/repository/org/glassfish/jersey/containers/jersey-container-servlet/2.33/jersey-container-servlet-2.33.jar:/home/runner/.m2/repository/org/glassfish/hk2/guice-bridge/2.5.0/guice-bridge-2.5.0.jar:/home/runner/.m2/repository/org/glassfish/jersey/core/jersey-server/2.33/jersey-server-2.33.jar:/home/runner/.m2/repository/org/glassfish/jersey/core/jersey-client/2.33/jersey-client-2.33.jar:/home/runner/.m2/repository/jakarta/annotation/jakarta.annotation-api/1.3.5/jakarta.annotation-api-1.3.5.jar:/home/runner/.m2/repository/jakarta/validation/jakarta.validation-api/2.0.2/jakarta.validation-api-2.0.2.jar:/home/runner/.m2/repository/org/glassfish/jersey/media/jersey-media-json-jackson/2.33/jersey-media-json-jackson-2.33.jar:/home/runner/.m2/repository/org/glassfish/jersey/ext/jersey-entity-filtering/2.33/jersey-entity-filtering-2.33.jar:/home/runner/.m2/repository/org/jooq/jooq/3.11.10/jooq-3.11.10.jar:/home/runner/.m2/repository/org/jooq/jooq-meta/3.11.10/jooq-meta-3.11.10.jar:/home/runner/.m2/repository/org/jooq/jooq-codegen/3.11.10/jooq-codegen-3.11.10.jar:/home/runner/.m2/repository/com/jolbox/bonecp/0.8.0.RELEASE/bonecp-0.8.0.RELEASE.jar:/home/runner/.m2/repository/org/apache/derby/derby/10.14.2.0/derby-10.14.2.0.jar:/home/runner/.m2/repository/org/xerial/sqlite-jdbc/3.25.2/sqlite-jdbc-3.25.2.jar:/home/runner/.m2/repository/org/springframework/spring-jdbc/5.2.11.RELEASE/spring-jdbc-5.2.11.RELEASE.jar:/home/runner/.m2/repository/org/springframework/spring-beans/5.2.11.RELEASE/spring-beans-5.2.11.RELEASE.jar:/home/runner/.m2/repository/org/springframework/spring-core/5.2.11.RELEASE/spring-core-5.2.11.RELEASE.jar:/home/runner/.m2/repository/org/springframework/spring-jcl/5.2.11.RELEASE/spring-jcl-5.2.11.RELEASE.jar:/home/runner/.m2/repository/org/springframework/spring-tx/5.2.11.RELEASE/spring-tx-5.2.11.RELEASE.jar:/home/runner/.m2/repository/org/apache/ozone/ozone-client/1.2.0-SNAPSHOT/ozone-client-1.2.0-SNAPSHOT.jar:/home/runner/.m2/repository/org/apache/ozone/ozone-filesystem/1.2.0-SNAPSHOT/ozone-filesystem-1.2.0-SNAPSHOT.jar:/home/runner/.m2/repository/org/apache/ozone/ozone-filesystem-common/1.2.0-SNAPSHOT/ozone-filesystem-common-1.2.0-SNAPSHOT.jar:/home/runner/.m2/repository/org/apache/ozone/ozone-tools/1.2.0-SNAPSHOT/ozone-tools-1.2.0-SNAPSHOT.jar:/home/runner/.m2/repository/org/apache/ratis/ratis-tools/2.1.0-03f3b68-SNAPSHOT/ratis-tools-2.1.0-03f3b68-SNAPSHOT.jar:/home/runner/.m2/repository/com/amazonaws/aws-java-sdk-core/1.11.901/aws-java-sdk-core-1.11.901.jar:/home/runner/.m2/repository/org/apache/httpcomponents/httpclient/4.5.13/httpclient-4.5.13.jar:/home/runner/.m2/repository/org/apache/httpcomponents/httpcore/4.4.13/httpcore-4.4.13.jar:/home/runner/.m2/repository/software/amazon/ion/ion-java/1.0.2/ion-java-1.0.2.jar:/home/runner/.m2/repository/com/fasterxml/jackson/dataformat/jackson-dataformat-cbor/2.12.1/jackson-dataformat-cbor-2.12.1.jar:/home/runner/.m2/repository/joda-time/joda-time/2.8.1/joda-time-2.8.1.jar:/home/runner/.m2/repository/com/amazonaws/aws-java-sdk-s3/1.11.901/aws-java-sdk-s3-1.11.901.jar:/home/runner/.m2/repository/com/amazonaws/aws-java-sdk-kms/1.11.901/aws-java-sdk-kms-1.11.901.jar:/home/runner/.m2/repository/com/amazonaws/jmespath-java/1.11.901/jmespath-java-1.11.901.jar:/home/runner/.m2/repository/org/kohsuke/metainf-services/metainf-services/1.8/metainf-services-1.8.jar:/home/runner/.m2/repository/org/apache/ozone/hdds-tools/1.2.0-SNAPSHOT/hdds-tools-1.2.0-SNAPSHOT.jar:/home/runner/.m2/repository/commons-cli/commons-cli/1.2/commons-cli-1.2.jar:/home/runner/.m2/repository/org/apache/commons/commons-lang3/3.7/commons-lang3-3.7.jar:/home/runner/.m2/repository/org/apache/ozone/ozone-manager/1.2.0-SNAPSHOT/ozone-manager-1.2.0-SNAPSHOT-tests.jar:/home/runner/.m2/repository/org/apache/ozone/hdds-common/1.2.0-SNAPSHOT/hdds-common-1.2.0-SNAPSHOT-tests.jar:/home/runner/.m2/repository/org/apache/ozone/hdds-hadoop-dependency-client/1.2.0-SNAPSHOT/hdds-hadoop-dependency-client-1.2.0-SNAPSHOT.jar:/home/runner/.m2/repository/info/picocli/picocli/4.6.1/picocli-4.6.1.jar:/home/runner/.m2/repository/com/fasterxml/jackson/core/jackson-annotations/2.12.1/jackson-annotations-2.12.1.jar:/home/runner/.m2/repository/javax/annotation/javax.annotation-api/1.2/javax.annotation-api-1.2.jar:/home/runner/.m2/repository/org/apache/ratis/ratis-server/2.1.0-03f3b68-SNAPSHOT/ratis-server-2.1.0-03f3b68-SNAPSHOT.jar:/home/runner/.m2/repository/org/apache/ratis/ratis-client/2.1.0-03f3b68-SNAPSHOT/ratis-client-2.1.0-03f3b68-SNAPSHOT.jar:/home/runner/.m2/repository/org/apache/ratis/ratis-server-api/2.1.0-03f3b68-SNAPSHOT/ratis-server-api-2.1.0-03f3b68-SNAPSHOT.jar:/home/runner/.m2/repository/org/apache/ratis/ratis-metrics/2.1.0-03f3b68-SNAPSHOT/ratis-metrics-2.1.0-03f3b68-SNAPSHOT.jar:/home/runner/.m2/repository/org/apache/ratis/ratis-netty/2.1.0-03f3b68-SNAPSHOT/ratis-netty-2.1.0-03f3b68-SNAPSHOT.jar:/home/runner/.m2/repository/org/apache/ratis/ratis-grpc/2.1.0-03f3b68-SNAPSHOT/ratis-grpc-2.1.0-03f3b68-SNAPSHOT.jar:/home/runner/.m2/repository/org/apache/logging/log4j/log4j-api/2.13.3/log4j-api-2.13.3.jar:/home/runner/.m2/repository/org/apache/logging/log4j/log4j-core/2.13.3/log4j-core-2.13.3.jar:/home/runner/.m2/repository/com/lmax/disruptor/3.4.2/disruptor-3.4.2.jar:/home/runner/.m2/repository/org/apache/commons/commons-pool2/2.6.0/commons-pool2-2.6.0.jar:/home/runner/.m2/repository/org/bouncycastle/bcpkix-jdk15on/1.67/bcpkix-jdk15on-1.67.jar:/home/runner/.m2/repository/commons-validator/commons-validator/1.6/commons-validator-1.6.jar:/home/runner/.m2/repository/commons-beanutils/commons-beanutils/1.9.4/commons-beanutils-1.9.4.jar:/home/runner/.m2/repository/commons-digester/commons-digester/1.8.1/commons-digester-1.8.1.jar:/home/runner/.m2/repository/commons-collections/commons-collections/3.2.2/commons-collections-3.2.2.jar:/home/runner/.m2/repository/io/jaegertracing/jaeger-client/1.6.0/jaeger-client-1.6.0.jar:/home/runner/.m2/repository/io/jaegertracing/jaeger-thrift/1.6.0/jaeger-thrift-1.6.0.jar:/home/runner/.m2/repository/org/apache/thrift/libthrift/0.14.1/libthrift-0.14.1.jar:/home/runner/.m2/repository/com/squareup/okhttp3/okhttp/4.9.0/okhttp-4.9.0.jar:/home/runner/.m2/repository/com/squareup/okio/okio/2.8.0/okio-2.8.0.jar:/home/runner/.m2/repository/io/jaegertracing/jaeger-core/1.6.0/jaeger-core-1.6.0.jar:/home/runner/.m2/repository/io/jaegertracing/jaeger-tracerresolver/1.6.0/jaeger-tracerresolver-1.6.0.jar:/home/runner/.m2/repository/io/opentracing/contrib/opentracing-tracerresolver/0.1.8/opentracing-tracerresolver-0.1.8.jar:/home/runner/.m2/repository/org/jetbrains/kotlin/kotlin-stdlib/1.4.31/kotlin-stdlib-1.4.31.jar:/home/runner/.m2/repository/org/jetbrains/kotlin/kotlin-stdlib-common/1.4.31/kotlin-stdlib-common-1.4.31.jar:/home/runner/.m2/repository/org/jetbrains/annotations/13.0/annotations-13.0.jar:/home/runner/.m2/repository/io/opentracing/opentracing-util/0.33.0/opentracing-util-0.33.0.jar:/home/runner/.m2/repository/io/opentracing/opentracing-api/0.33.0/opentracing-api-0.33.0.jar:/home/runner/.m2/repository/io/opentracing/opentracing-noop/0.33.0/opentracing-noop-0.33.0.jar:/home/runner/.m2/repository/org/yaml/snakeyaml/1.26/snakeyaml-1.26.jar:/home/runner/.m2/repository/org/apache/ozone/hdds-interface-admin/1.2.0-SNAPSHOT/hdds-interface-admin-1.2.0-SNAPSHOT.jar:/home/runner/.m2/repository/junit/junit/4.13.1/junit-4.13.1.jar:/home/runner/.m2/repository/org/hamcrest/hamcrest-core/1.3/hamcrest-core-1.3.jar:/home/runner/.m2/repository/org/junit/jupiter/junit-jupiter-api/5.7.0/junit-jupiter-api-5.7.0.jar:/home/runner/.m2/repository/org/apiguardian/apiguardian-api/1.1.0/apiguardian-api-1.1.0.jar:/home/runner/.m2/repository/org/opentest4j/opentest4j/1.2.0/opentest4j-1.2.0.jar:/home/runner/.m2/repository/org/junit/platform/junit-platform-commons/1.7.0/junit-platform-commons-1.7.0.jar:/home/runner/.m2/repository/org/junit/jupiter/junit-jupiter-engine/5.7.0/junit-jupiter-engine-5.7.0.jar:/home/runner/.m2/repository/org/junit/platform/junit-platform-engine/1.7.0/junit-platform-engine-1.7.0.jar:/home/runner/.m2/repository/org/junit/vintage/junit-vintage-engine/5.7.0/junit-vintage-engine-5.7.0.jar:/home/runner/.m2/repository/org/junit/platform/junit-platform-launcher/1.7.0/junit-platform-launcher-1.7.0.jar:/home/runner/.m2/repository/org/openjdk/jmh/jmh-core/1.19/jmh-core-1.19.jar:/home/runner/.m2/repository/net/sf/jopt-simple/jopt-simple/4.6/jopt-simple-4.6.jar:/home/runner/.m2/repository/org/apache/commons/commons-math3/3.1.1/commons-math3-3.1.1.jar:/home/runner/.m2/repository/org/openjdk/jmh/jmh-generator-annprocess/1.19/jmh-generator-annprocess-1.19.jar:/home/runner/.m2/repository/org/mockito/mockito-core/2.28.2/mockito-core-2.28.2.jar:/home/runner/.m2/repository/net/bytebuddy/byte-buddy/1.9.10/byte-buddy-1.9.10.jar:/home/runner/.m2/repository/net/bytebuddy/byte-buddy-agent/1.9.10/byte-buddy-agent-1.9.10.jar:/home/runner/.m2/repository/org/objenesis/objenesis/1.0/objenesis-1.0.jar:/home/runner/.m2/repository/org/apache/hadoop/hadoop-kms/3.3.1/hadoop-kms-3.3.1.jar:/home/runner/.m2/repository/org/apache/hadoop/hadoop-auth/3.3.1/hadoop-auth-3.3.1.jar:/home/runner/.m2/repository/com/nimbusds/nimbus-jose-jwt/7.9/nimbus-jose-jwt-7.9.jar:/home/runner/.m2/repository/com/github/stephenc/jcip/jcip-annotations/1.0-1/jcip-annotations-1.0-1.jar:/home/runner/.m2/repository/net/minidev/json-smart/2.3/json-smart-2.3.jar:/home/runner/.m2/repository/net/minidev/accessors-smart/1.2/accessors-smart-1.2.jar:/home/runner/.m2/repository/org/ow2/asm/asm/5.0.4/asm-5.0.4.jar:/home/runner/.m2/repository/org/apache/zookeeper/zookeeper/3.5.6/zookeeper-3.5.6.jar:/home/runner/.m2/repository/org/apache/zookeeper/zookeeper-jute/3.5.6/zookeeper-jute-3.5.6.jar:/home/runner/.m2/repository/org/apache/yetus/audience-annotations/0.5.0/audience-annotations-0.5.0.jar:/home/runner/.m2/repository/org/apache/curator/curator-framework/4.2.0/curator-framework-4.2.0.jar:/home/runner/.m2/repository/org/apache/hadoop/thirdparty/hadoop-shaded-guava/1.1.1/hadoop-shaded-guava-1.1.1.jar:/home/runner/.m2/repository/com/sun/jersey/jersey-core/1.19/jersey-core-1.19.jar:/home/runner/.m2/repository/javax/ws/rs/jsr311-api/1.1.1/jsr311-api-1.1.1.jar:/home/runner/.m2/repository/com/sun/jersey/jersey-server/1.19/jersey-server-1.19.jar:/home/runner/.m2/repository/javax/servlet/javax.servlet-api/3.1.0/javax.servlet-api-3.1.0.jar:/home/runner/.m2/repository/org/eclipse/jetty/jetty-server/9.4.43.v20210629/jetty-server-9.4.43.v20210629.jar:/home/runner/.m2/repository/org/eclipse/jetty/jetty-http/9.4.43.v20210629/jetty-http-9.4.43.v20210629.jar:/home/runner/.m2/repository/org/eclipse/jetty/jetty-io/9.4.43.v20210629/jetty-io-9.4.43.v20210629.jar:/home/runner/.m2/repository/org/eclipse/jetty/jetty-webapp/9.4.43.v20210629/jetty-webapp-9.4.43.v20210629.jar:/home/runner/.m2/repository/org/eclipse/jetty/jetty-xml/9.4.43.v20210629/jetty-xml-9.4.43.v20210629.jar:/home/runner/.m2/repository/org/apache/hadoop/hadoop-common/3.3.1/hadoop-common-3.3.1.jar:/home/runner/.m2/repository/commons-net/commons-net/3.6/commons-net-3.6.jar:/home/runner/.m2/repository/jakarta/activation/jakarta.activation-api/1.2.1/jakarta.activation-api-1.2.1.jar:/home/runner/.m2/repository/com/sun/jersey/jersey-servlet/1.19/jersey-servlet-1.19.jar:/home/runner/.m2/repository/com/sun/jersey/jersey-json/1.19/jersey-json-1.19.jar:/home/runner/.m2/repository/org/codehaus/jettison/jettison/1.1/jettison-1.1.jar:/home/runner/.m2/repository/com/sun/xml/bind/jaxb-impl/2.2.3-1/jaxb-impl-2.2.3-1.jar:/home/runner/.m2/repository/org/codehaus/jackson/jackson-jaxrs/1.9.2/jackson-jaxrs-1.9.2.jar:/home/runner/.m2/repository/org/codehaus/jackson/jackson-xc/1.9.2/jackson-xc-1.9.2.jar:/home/runner/.m2/repository/org/apache/commons/commons-configuration2/2.1.1/commons-configuration2-2.1.1.jar:/home/runner/.m2/repository/org/apache/commons/commons-text/1.4/commons-text-1.4.jar:/home/runner/.m2/repository/com/google/re2j/re2j/1.1/re2j-1.1.jar:/home/runner/.m2/repository/com/jcraft/jsch/0.1.54/jsch-0.1.54.jar:/home/runner/.m2/repository/org/apache/curator/curator-client/4.2.0/curator-client-4.2.0.jar:/home/runner/.m2/repository/org/apache/curator/curator-recipes/4.2.0/curator-recipes-4.2.0.jar:/home/runner/.m2/repository/org/apache/kerby/kerb-core/1.0.1/kerb-core-1.0.1.jar:/home/runner/.m2/repository/org/apache/kerby/kerby-pkix/1.0.1/kerby-pkix-1.0.1.jar:/home/runner/.m2/repository/org/apache/kerby/kerby-asn1/1.0.1/kerby-asn1-1.0.1.jar:/home/runner/.m2/repository/org/apache/kerby/kerby-util/1.0.1/kerby-util-1.0.1.jar:/home/runner/.m2/repository/dnsjava/dnsjava/2.1.7/dnsjava-2.1.7.jar:/home/runner/.m2/repository/org/xerial/snappy/snappy-java/1.1.8.2/snappy-java-1.1.8.2.jar:/home/runner/.m2/repository/org/slf4j/jul-to-slf4j/1.7.30/jul-to-slf4j-1.7.30.jar:/home/runner/.m2/repository/org/eclipse/jetty/jetty-util/9.4.43.v20210629/jetty-util-9.4.43.v20210629.jar:/home/runner/.m2/repository/com/fasterxml/jackson/core/jackson-databind/2.12.1/jackson-databind-2.12.1.jar:/home/runner/.m2/repository/org/apache/hadoop/hadoop-kms/3.3.1/hadoop-kms-3.3.1-tests.jar:/home/runner/.m2/repository/org/apache/ozone/hdds-server-scm/1.2.0-SNAPSHOT/hdds-server-scm-1.2.0-SNAPSHOT-tests.jar:/home/runner/.m2/repository/org/apache/ozone/hdds-container-service/1.2.0-SNAPSHOT/hdds-container-service-1.2.0-SNAPSHOT-tests.jar:/home/runner/.m2/repository/commons-codec/commons-codec/1.11/commons-codec-1.11.jar:/home/runner/.m2/repository/io/netty/netty-transport/4.1.63.Final/netty-transport-4.1.63.Final.jar:/home/runner/.m2/repository/io/netty/netty-resolver/4.1.63.Final/netty-resolver-4.1.63.Final.jar:/home/runner/.m2/repository/io/netty/netty-codec/4.1.63.Final/netty-codec-4.1.63.Final.jar:/home/runner/.m2/repository/io/netty/netty-handler/4.1.63.Final/netty-handler-4.1.63.Final.jar:/home/runner/.m2/repository/org/apache/ozone/hdds-hadoop-dependency-test/1.2.0-SNAPSHOT/hdds-hadoop-dependency-test-1.2.0-SNAPSHOT.jar:/home/runner/.m2/repository/org/apache/hadoop/hadoop-common/3.3.1/hadoop-common-3.3.1-tests.jar:/home/runner/.m2/repository/org/assertj/assertj-core/3.12.2/assertj-core-3.12.2.jar:/home/runner/.m2/repository/org/apache/hadoop/hadoop-hdfs/3.3.1/hadoop-hdfs-3.3.1-tests.jar:/home/runner/.m2/repository/org/eclipse/jetty/jetty-util-ajax/9.4.43.v20210629/jetty-util-ajax-9.4.43.v20210629.jar:/home/runner/.m2/repository/commons-daemon/commons-daemon/1.0.13/commons-daemon-1.0.13.jar:/home/runner/.m2/repository/io/netty/netty/3.10.6.Final/netty-3.10.6.Final.jar:/home/runner/.m2/repository/io/netty/netty-all/4.1.63.Final/netty-all-4.1.63.Final.jar:/home/runner/.m2/repository/org/apache/htrace/htrace-core4/4.1.0-incubating/htrace-core4-4.1.0-incubating.jar:/home/runner/.m2/repository/org/fusesource/leveldbjni/leveldbjni-all/1.8/leveldbjni-all-1.8.jar:/home/runner/.m2/repository/org/apache/hadoop/hadoop-distcp/3.3.1/hadoop-distcp-3.3.1.jar:/home/runner/.m2/repository/org/apache/hadoop/hadoop-mapreduce-client-jobclient/3.3.1/hadoop-mapreduce-client-jobclient-3.3.1.jar:/home/runner/.m2/repository/org/apache/hadoop/hadoop-mapreduce-client-common/3.3.1/hadoop-mapreduce-client-common-3.3.1.jar:/home/runner/.m2/repository/org/apache/hadoop/hadoop-yarn-common/3.3.1/hadoop-yarn-common-3.3.1.jar:/home/runner/.m2/repository/org/apache/hadoop/hadoop-yarn-api/3.3.1/hadoop-yarn-api-3.3.1.jar:/home/runner/.m2/repository/com/sun/jersey/jersey-client/1.19/jersey-client-1.19.jar:/home/runner/.m2/repository/com/sun/jersey/contribs/jersey-guice/1.19/jersey-guice-1.19.jar:/home/runner/.m2/repository/com/fasterxml/jackson/jaxrs/jackson-jaxrs-json-provider/2.12.1/jackson-jaxrs-json-provider-2.12.1.jar:/home/runner/.m2/repository/com/fasterxml/jackson/jaxrs/jackson-jaxrs-base/2.12.1/jackson-jaxrs-base-2.12.1.jar:/home/runner/.m2/repository/org/apache/hadoop/hadoop-yarn-client/3.3.1/hadoop-yarn-client-3.3.1.jar:/home/runner/.m2/repository/org/eclipse/jetty/websocket/websocket-client/9.4.40.v20210413/websocket-client-9.4.40.v20210413.jar:/home/runner/.m2/repository/org/eclipse/jetty/jetty-client/9.4.40.v20210413/jetty-client-9.4.40.v20210413.jar:/home/runner/.m2/repository/org/eclipse/jetty/websocket/websocket-common/9.4.40.v20210413/websocket-common-9.4.40.v20210413.jar:/home/runner/.m2/repository/org/eclipse/jetty/websocket/websocket-api/9.4.40.v20210413/websocket-api-9.4.40.v20210413.jar:/home/runner/.m2/repository/org/jline/jline/3.9.0/jline-3.9.0.jar:/home/runner/.m2/repository/org/apache/hadoop/hadoop-mapreduce-client-core/3.3.1/hadoop-mapreduce-client-core-3.3.1.jar:/home/runner/.m2/repository/org/apache/avro/avro/1.7.7/avro-1.7.7.jar:/home/runner/.m2/repository/org/codehaus/jackson/jackson-core-asl/1.9.13/jackson-core-asl-1.9.13.jar:/home/runner/.m2/repository/org/codehaus/jackson/jackson-mapper-asl/1.9.13/jackson-mapper-asl-1.9.13.jar:/home/runner/.m2/repository/com/thoughtworks/paranamer/paranamer/2.3/paranamer-2.3.jar:/home/runner/.m2/repository/org/apache/hadoop/hadoop-annotations/3.3.1/hadoop-annotations-3.3.1.jar:/usr/lib/jvm/adoptopenjdk-8-hotspot-amd64/jre/../lib/tools.jar:/home/runner/.m2/repository/org/apache/hadoop/hadoop-distcp/3.3.1/hadoop-distcp-3.3.1-tests.jar:/home/runner/.m2/repository/org/apache/ratis/ratis-common/2.1.0-03f3b68-SNAPSHOT/ratis-common-2.1.0-03f3b68-SNAPSHOT.jar:/home/runner/.m2/repository/org/apache/ratis/ratis-thirdparty-misc/0.7.0/ratis-thirdparty-misc-0.7.0.jar:/home/runner/.m2/repository/org/apache/ratis/ratis-proto/2.1.0-03f3b68-SNAPSHOT/ratis-proto-2.1.0-03f3b68-SNAPSHOT.jar:"/>
    <property name="sun.cpu.endian" value="little"/>
    <property name="user.home" value="/home/runner"/>
    <property name="user.language" value="en"/>
    <property name="java.specification.vendor" value="Oracle Corporation"/>
    <property name="java.home" value="/usr/lib/jvm/adoptopenjdk-8-hotspot-amd64/jre"/>
    <property name="java.security.krb5.conf" value="/home/runner/work/ozone/ozone/hadoop-ozone/integration-test/target/test-classes/krb5.conf"/>
    <property name="basedir" value="/home/runner/work/ozone/ozone/hadoop-ozone/integration-test"/>
    <property name="file.separator" value="/"/>
    <property name="line.separator" value="&#10;"/>
    <property name="java.vm.specification.vendor" value="Oracle Corporation"/>
    <property name="java.specification.name" value="Java Platform API Specification"/>
    <property name="java.awt.graphicsenv" value="sun.awt.X11GraphicsEnvironment"/>
    <property name="skip.installnpx" value="true"/>
    <property name="surefire.real.class.path" value="/home/runner/work/ozone/ozone/hadoop-ozone/integration-test/target/surefire/surefirebooter4252778578201842926.jar:/home/runner/.m2/repository/org/jacoco/org.jacoco.agent/0.8.5/org.jacoco.agent-0.8.5-runtime.jar"/>
    <property name="hadoop.log.dir" value="/home/runner/work/ozone/ozone/hadoop-ozone/integration-test/target/log"/>
    <property name="sun.boot.class.path" value="/usr/lib/jvm/adoptopenjdk-8-hotspot-amd64/jre/lib/resources.jar:/usr/lib/jvm/adoptopenjdk-8-hotspot-amd64/jre/lib/rt.jar:/usr/lib/jvm/adoptopenjdk-8-hotspot-amd64/jre/lib/sunrsasign.jar:/usr/lib/jvm/adoptopenjdk-8-hotspot-amd64/jre/lib/jsse.jar:/usr/lib/jvm/adoptopenjdk-8-hotspot-amd64/jre/lib/jce.jar:/usr/lib/jvm/adoptopenjdk-8-hotspot-amd64/jre/lib/charsets.jar:/usr/lib/jvm/adoptopenjdk-8-hotspot-amd64/jre/lib/jfr.jar:/usr/lib/jvm/adoptopenjdk-8-hotspot-amd64/jre/classes"/>
    <property name="sun.management.compiler" value="HotSpot 64-Bit Tiered Compilers"/>
    <property name="skip.npx" value="true"/>
    <property name="java.runtime.version" value="1.8.0_292-b10"/>
    <property name="java.net.preferIPv4Stack" value="true"/>
    <property name="user.name" value="runner"/>
    <property name="path.separator" value=":"/>
    <property name="java.security.egd" value="file:///dev/urandom"/>
    <property name="os.version" value="5.4.0-1056-azure"/>
    <property name="java.endorsed.dirs" value="/usr/lib/jvm/adoptopenjdk-8-hotspot-amd64/jre/lib/endorsed"/>
    <property name="java.runtime.name" value="OpenJDK Runtime Environment"/>
    <property name="file.encoding" value="UTF-8"/>
    <property name="java.vm.name" value="OpenJDK 64-Bit Server VM"/>
    <property name="test.build.webapps" value=""/>
    <property name="localRepository" value="/home/runner/.m2/repository"/>
    <property name="java.vendor.url.bug" value="https://github.com/AdoptOpenJDK/openjdk-support/issues"/>
    <property name="java.io.tmpdir" value="/tmp"/>
    <property name="require.test.libhadoop" value=""/>
    <property name="java.version" value="1.8.0_292"/>
    <property name="user.dir" value="/home/runner/work/ozone/ozone/hadoop-ozone/integration-test"/>
    <property name="os.arch" value="amd64"/>
    <property name="java.vm.specification.name" value="Java Virtual Machine Specification"/>
    <property name="test.build.classes" value="/home/runner/work/ozone/ozone/hadoop-ozone/integration-test/target/test-classes"/>
    <property name="java.awt.printerjob" value="sun.print.PSPrinterJob"/>
    <property name="sun.os.patch.level" value="unknown"/>
    <property name="hadoop.tmp.dir" value="/home/runner/work/ozone/ozone/hadoop-ozone/integration-test/target/tmp"/>
    <property name="java.library.path" value="/usr/java/packages/lib/amd64:/usr/lib64:/lib64:/lib:/usr/lib"/>
    <property name="java.vm.info" value="mixed mode"/>
    <property name="java.vendor" value="AdoptOpenJDK"/>
    <property name="java.vm.version" value="25.292-b10"/>
    <property name="java.ext.dirs" value="/usr/lib/jvm/adoptopenjdk-8-hotspot-amd64/jre/lib/ext:/usr/java/packages/lib/ext"/>
    <property name="sun.io.unicode.encoding" value="UnicodeLittle"/>
    <property name="java.class.version" value="52.0"/>
  </properties>
  <testcase name="testInstallSnapshot" classname="org.apache.hadoop.ozone.scm.TestSCMInstallSnapshotWithHA" time="64.156"/>
  <testcase name="testInstallOldCheckpointFailure" classname="org.apache.hadoop.ozone.scm.TestSCMInstallSnapshotWithHA" time="52.979">
    <failure message="expected:&lt;(t:2, i:128)&gt; but was:&lt;(t:2, i:28)&gt;" type="java.lang.AssertionError"><![CDATA[java.lang.AssertionError: expected:<(t:2, i:128)> but was:<(t:2, i:28)>
	at org.junit.Assert.fail(Assert.java:89)
	at org.junit.Assert.failNotEquals(Assert.java:835)
	at org.junit.Assert.assertEquals(Assert.java:120)
	at org.junit.Assert.assertEquals(Assert.java:146)
	at org.apache.hadoop.ozone.scm.TestSCMInstallSnapshotWithHA.testInstallOldCheckpointFailure(TestSCMInstallSnapshotWithHA.java:207)
	at sun.reflect.NativeMethodAccessorImpl.invoke0(Native Method)
	at sun.reflect.NativeMethodAccessorImpl.invoke(NativeMethodAccessorImpl.java:62)
	at sun.reflect.DelegatingMethodAccessorImpl.invoke(DelegatingMethodAccessorImpl.java:43)
	at java.lang.reflect.Method.invoke(Method.java:498)
	at org.junit.platform.commons.util.ReflectionUtils.invokeMethod(ReflectionUtils.java:688)
	at org.junit.jupiter.engine.execution.MethodInvocation.proceed(MethodInvocation.java:60)
	at org.junit.jupiter.engine.execution.InvocationInterceptorChain$ValidatingInvocation.proceed(InvocationInterceptorChain.java:131)
	at org.junit.jupiter.engine.extension.TimeoutInvocation.proceed(TimeoutInvocation.java:46)
	at org.junit.jupiter.engine.extension.TimeoutExtension.intercept(TimeoutExtension.java:149)
	at org.junit.jupiter.engine.extension.TimeoutExtension.interceptTestableMethod(TimeoutExtension.java:140)
	at org.junit.jupiter.engine.extension.TimeoutExtension.interceptTestMethod(TimeoutExtension.java:84)
	at org.junit.jupiter.engine.execution.ExecutableInvoker$ReflectiveInterceptorCall.lambda$ofVoidMethod$0(ExecutableInvoker.java:115)
	at org.junit.jupiter.engine.execution.ExecutableInvoker.lambda$invoke$0(ExecutableInvoker.java:105)
	at org.junit.jupiter.engine.execution.InvocationInterceptorChain$InterceptedInvocation.proceed(InvocationInterceptorChain.java:106)
	at org.junit.jupiter.engine.execution.InvocationInterceptorChain.proceed(InvocationInterceptorChain.java:64)
	at org.junit.jupiter.engine.execution.InvocationInterceptorChain.chainAndInvoke(InvocationInterceptorChain.java:45)
	at org.junit.jupiter.engine.execution.InvocationInterceptorChain.invoke(InvocationInterceptorChain.java:37)
	at org.junit.jupiter.engine.execution.ExecutableInvoker.invoke(ExecutableInvoker.java:104)
	at org.junit.jupiter.engine.execution.ExecutableInvoker.invoke(ExecutableInvoker.java:98)
	at org.junit.jupiter.engine.descriptor.TestMethodTestDescriptor.lambda$invokeTestMethod$6(TestMethodTestDescriptor.java:210)
	at org.junit.platform.engine.support.hierarchical.ThrowableCollector.execute(ThrowableCollector.java:73)
	at org.junit.jupiter.engine.descriptor.TestMethodTestDescriptor.invokeTestMethod(TestMethodTestDescriptor.java:206)
	at org.junit.jupiter.engine.descriptor.TestMethodTestDescriptor.execute(TestMethodTestDescriptor.java:131)
	at org.junit.jupiter.engine.descriptor.TestMethodTestDescriptor.execute(TestMethodTestDescriptor.java:65)
	at org.junit.platform.engine.support.hierarchical.NodeTestTask.lambda$executeRecursively$5(NodeTestTask.java:139)
	at org.junit.platform.engine.support.hierarchical.ThrowableCollector.execute(ThrowableCollector.java:73)
	at org.junit.platform.engine.support.hierarchical.NodeTestTask.lambda$executeRecursively$7(NodeTestTask.java:129)
	at org.junit.platform.engine.support.hierarchical.Node.around(Node.java:137)
	at org.junit.platform.engine.support.hierarchical.NodeTestTask.lambda$executeRecursively$8(NodeTestTask.java:127)
	at org.junit.platform.engine.support.hierarchical.ThrowableCollector.execute(ThrowableCollector.java:73)
	at org.junit.platform.engine.support.hierarchical.NodeTestTask.executeRecursively(NodeTestTask.java:126)
	at org.junit.platform.engine.support.hierarchical.NodeTestTask.execute(NodeTestTask.java:84)
	at java.util.ArrayList.forEach(ArrayList.java:1259)
	at org.junit.platform.engine.support.hierarchical.SameThreadHierarchicalTestExecutorService.invokeAll(SameThreadHierarchicalTestExecutorService.java:38)
	at org.junit.platform.engine.support.hierarchical.NodeTestTask.lambda$executeRecursively$5(NodeTestTask.java:143)
	at org.junit.platform.engine.support.hierarchical.ThrowableCollector.execute(ThrowableCollector.java:73)
	at org.junit.platform.engine.support.hierarchical.NodeTestTask.lambda$executeRecursively$7(NodeTestTask.java:129)
	at org.junit.platform.engine.support.hierarchical.Node.around(Node.java:137)
	at org.junit.platform.engine.support.hierarchical.NodeTestTask.lambda$executeRecursively$8(NodeTestTask.java:127)
	at org.junit.platform.engine.support.hierarchical.ThrowableCollector.execute(ThrowableCollector.java:73)
	at org.junit.platform.engine.support.hierarchical.NodeTestTask.executeRecursively(NodeTestTask.java:126)
	at org.junit.platform.engine.support.hierarchical.NodeTestTask.execute(NodeTestTask.java:84)
	at java.util.ArrayList.forEach(ArrayList.java:1259)
	at org.junit.platform.engine.support.hierarchical.SameThreadHierarchicalTestExecutorService.invokeAll(SameThreadHierarchicalTestExecutorService.java:38)
	at org.junit.platform.engine.support.hierarchical.NodeTestTask.lambda$executeRecursively$5(NodeTestTask.java:143)
	at org.junit.platform.engine.support.hierarchical.ThrowableCollector.execute(ThrowableCollector.java:73)
	at org.junit.platform.engine.support.hierarchical.NodeTestTask.lambda$executeRecursively$7(NodeTestTask.java:129)
	at org.junit.platform.engine.support.hierarchical.Node.around(Node.java:137)
	at org.junit.platform.engine.support.hierarchical.NodeTestTask.lambda$executeRecursively$8(NodeTestTask.java:127)
	at org.junit.platform.engine.support.hierarchical.ThrowableCollector.execute(ThrowableCollector.java:73)
	at org.junit.platform.engine.support.hierarchical.NodeTestTask.executeRecursively(NodeTestTask.java:126)
	at org.junit.platform.engine.support.hierarchical.NodeTestTask.execute(NodeTestTask.java:84)
	at org.junit.platform.engine.support.hierarchical.SameThreadHierarchicalTestExecutorService.submit(SameThreadHierarchicalTestExecutorService.java:32)
	at org.junit.platform.engine.support.hierarchical.HierarchicalTestExecutor.execute(HierarchicalTestExecutor.java:57)
	at org.junit.platform.engine.support.hierarchical.HierarchicalTestEngine.execute(HierarchicalTestEngine.java:51)
	at org.junit.platform.launcher.core.EngineExecutionOrchestrator.execute(EngineExecutionOrchestrator.java:108)
	at org.junit.platform.launcher.core.EngineExecutionOrchestrator.execute(EngineExecutionOrchestrator.java:88)
	at org.junit.platform.launcher.core.EngineExecutionOrchestrator.lambda$execute$0(EngineExecutionOrchestrator.java:54)
	at org.junit.platform.launcher.core.EngineExecutionOrchestrator.withInterceptedStreams(EngineExecutionOrchestrator.java:67)
	at org.junit.platform.launcher.core.EngineExecutionOrchestrator.execute(EngineExecutionOrchestrator.java:52)
	at org.junit.platform.launcher.core.DefaultLauncher.execute(DefaultLauncher.java:96)
	at org.junit.platform.launcher.core.DefaultLauncher.execute(DefaultLauncher.java:75)
	at org.apache.maven.surefire.junitplatform.JUnitPlatformProvider.invokeAllTests(JUnitPlatformProvider.java:142)
	at org.apache.maven.surefire.junitplatform.JUnitPlatformProvider.invoke(JUnitPlatformProvider.java:113)
	at org.apache.maven.surefire.booter.ForkedBooter.invokeProviderInSameClassLoader(ForkedBooter.java:384)
	at org.apache.maven.surefire.booter.ForkedBooter.runSuitesInProcess(ForkedBooter.java:345)
	at org.apache.maven.surefire.booter.ForkedBooter.execute(ForkedBooter.java:126)
	at org.apache.maven.surefire.booter.ForkedBooter.main(ForkedBooter.java:418)
]]></failure>
    <system-out><![CDATA[2021-09-05 14:29:56,984 [Listener at 127.0.0.1/10848] WARN  server.ServerUtils (ServerUtils.java:getScmDbDir(148)) - ozone.scm.db.dirs is not configured. We recommend adding this setting. Falling back to ozone.metadata.dirs instead.
2021-09-05 14:29:56,985 [Listener at 127.0.0.1/10848] INFO  ha.SCMHANodeDetails (SCMHANodeDetails.java:loadSCMHAConfig(157)) - ServiceID for StorageContainerManager is scm-service-test1
2021-09-05 14:29:56,985 [Listener at 127.0.0.1/10848] INFO  ha.SCMHANodeDetails (SCMHANodeDetails.java:loadSCMHAConfig(168)) - ServiceID for StorageContainerManager is scm-service-test1
2021-09-05 14:29:56,985 [Listener at 127.0.0.1/10848] WARN  scm.ScmUtils (ScmUtils.java:logWarn(179)) - ConfigKey ozone.scm.block.client.address is deprecated, For configuring different ports for each SCM use PortConfigKey ozone.scm.block.client.port appended with serviceId and nodeId. If want to configure same port configure ozone.scm.block.client.port
2021-09-05 14:29:56,985 [Listener at 127.0.0.1/10848] WARN  scm.ScmUtils (ScmUtils.java:logWarn(179)) - ConfigKey ozone.scm.client.address is deprecated, For configuring different ports for each SCM use PortConfigKey ozone.scm.client.port appended with serviceId and nodeId. If want to configure same port configure ozone.scm.client.port
2021-09-05 14:29:56,985 [Listener at 127.0.0.1/10848] WARN  scm.ScmUtils (ScmUtils.java:logWarn(179)) - ConfigKey ozone.scm.datanode.address is deprecated, For configuring different ports for each SCM use PortConfigKey ozone.scm.datanode.port appended with serviceId and nodeId. If want to configure same port configure ozone.scm.datanode.port
2021-09-05 14:29:56,986 [Listener at 127.0.0.1/10848] WARN  scm.ScmUtils (ScmUtils.java:logWarn(179)) - ConfigKey ozone.scm.block.client.address is deprecated, For configuring different ports for each SCM use PortConfigKey ozone.scm.block.client.port appended with serviceId and nodeId. If want to configure same port configure ozone.scm.block.client.port
2021-09-05 14:29:56,986 [Listener at 127.0.0.1/10848] WARN  scm.ScmUtils (ScmUtils.java:logWarn(179)) - ConfigKey ozone.scm.client.address is deprecated, For configuring different ports for each SCM use PortConfigKey ozone.scm.client.port appended with serviceId and nodeId. If want to configure same port configure ozone.scm.client.port
2021-09-05 14:29:56,986 [Listener at 127.0.0.1/10848] WARN  scm.ScmUtils (ScmUtils.java:logWarn(179)) - ConfigKey ozone.scm.datanode.address is deprecated, For configuring different ports for each SCM use PortConfigKey ozone.scm.datanode.port appended with serviceId and nodeId. If want to configure same port configure ozone.scm.datanode.port
2021-09-05 14:29:56,986 [Listener at 127.0.0.1/10848] INFO  ha.SCMHANodeDetails (SCMHANodeDetails.java:loadSCMHAConfig(250)) - Found matching SCM address with SCMServiceId: scm-service-test1, SCMNodeId: scmNode-1, RPC Address: localhost:13968 and Ratis port: 13968
2021-09-05 14:29:56,986 [Listener at 127.0.0.1/10848] INFO  ha.SCMHANodeDetails (ConfUtils.java:setNodeSpecificConfigs(108)) - Setting configuration key ozone.scm.datanode.address with value of key ozone.scm.datanode.address.scm-service-test1.scmNode-1: 127.0.0.1:13969
2021-09-05 14:29:56,987 [Listener at 127.0.0.1/10848] INFO  ha.SCMHANodeDetails (ConfUtils.java:setNodeSpecificConfigs(108)) - Setting configuration key ozone.scm.block.client.address with value of key ozone.scm.block.client.address.scm-service-test1.scmNode-1: 127.0.0.1:13970
2021-09-05 14:29:56,987 [Listener at 127.0.0.1/10848] INFO  ha.SCMHANodeDetails (ConfUtils.java:setNodeSpecificConfigs(108)) - Setting configuration key ozone.scm.client.address with value of key ozone.scm.client.address.scm-service-test1.scmNode-1: 127.0.0.1:13971
2021-09-05 14:29:56,987 [Listener at 127.0.0.1/10848] INFO  ha.SCMHANodeDetails (ConfUtils.java:setNodeSpecificConfigs(108)) - Setting configuration key ozone.scm.ratis.port with value of key ozone.scm.ratis.port.scm-service-test1.scmNode-1: 13968
2021-09-05 14:29:56,987 [Listener at 127.0.0.1/10848] INFO  ha.SCMHANodeDetails (ConfUtils.java:setNodeSpecificConfigs(108)) - Setting configuration key ozone.scm.grpc.port with value of key ozone.scm.grpc.port.scm-service-test1.scmNode-1: 13972
2021-09-05 14:29:56,987 [Listener at 127.0.0.1/10848] INFO  ha.SCMHANodeDetails (ConfUtils.java:setNodeSpecificConfigs(108)) - Setting configuration key ozone.scm.http-address with value of key ozone.scm.http-address.scm-service-test1.scmNode-1: 127.0.0.1:13966
2021-09-05 14:29:56,987 [Listener at 127.0.0.1/10848] INFO  ha.SCMHANodeDetails (ConfUtils.java:setNodeSpecificConfigs(108)) - Setting configuration key ozone.scm.https-address with value of key ozone.scm.https-address.scm-service-test1.scmNode-1: 127.0.0.1:13967
2021-09-05 14:29:56,987 [Listener at 127.0.0.1/10848] INFO  ha.SCMHANodeDetails (ConfUtils.java:setNodeSpecificConfigs(108)) - Setting configuration key ozone.scm.address with value of key ozone.scm.address.scm-service-test1.scmNode-1: 127.0.0.1
2021-09-05 14:29:56,988 [Listener at 127.0.0.1/10848] WARN  scm.ScmUtils (ScmUtils.java:logWarn(179)) - ConfigKey ozone.scm.block.client.address is deprecated, For configuring different ports for each SCM use PortConfigKey ozone.scm.block.client.port appended with serviceId and nodeId. If want to configure same port configure ozone.scm.block.client.port
2021-09-05 14:29:56,994 [Listener at 127.0.0.1/10848] WARN  scm.ScmUtils (ScmUtils.java:logWarn(179)) - ConfigKey ozone.scm.client.address is deprecated, For configuring different ports for each SCM use PortConfigKey ozone.scm.client.port appended with serviceId and nodeId. If want to configure same port configure ozone.scm.client.port
2021-09-05 14:29:56,995 [Listener at 127.0.0.1/10848] WARN  scm.ScmUtils (ScmUtils.java:logWarn(179)) - ConfigKey ozone.scm.datanode.address is deprecated, For configuring different ports for each SCM use PortConfigKey ozone.scm.datanode.port appended with serviceId and nodeId. If want to configure same port configure ozone.scm.datanode.port
2021-09-05 14:29:56,999 [Listener at 127.0.0.1/10848] INFO  server.RaftServer (ConfUtils.java:logGet(44)) - raft.rpc.type = GRPC (default)
2021-09-05 14:29:56,999 [Listener at 127.0.0.1/10848] INFO  grpc.GrpcFactory (GrpcFactory.java:checkPooledByteBufAllocatorUseCacheForAllThreads(48)) - PERFORMANCE WARNING: useCacheForAllThreads is true that may cause Netty to create a lot garbage objects and, as a result, trigger GC.
	It is recommended to disable useCacheForAllThreads by setting -Dorg.apache.ratis.thirdparty.io.netty.allocator.useCacheForAllThreads=false in command line.
2021-09-05 14:29:57,000 [Listener at 127.0.0.1/10848] INFO  grpc.GrpcConfigKeys (ConfUtils.java:logGet(44)) - raft.grpc.admin.port = -1 (default)
2021-09-05 14:29:57,000 [Listener at 127.0.0.1/10848] INFO  grpc.GrpcConfigKeys (ConfUtils.java:logGet(44)) - raft.grpc.server.port = 13968 (custom)
2021-09-05 14:29:57,000 [Listener at 127.0.0.1/10848] INFO  grpc.GrpcConfigKeys (ConfUtils.java:logGet(44)) - raft.grpc.client.port = -1 (default)
2021-09-05 14:29:57,000 [Listener at 127.0.0.1/10848] INFO  grpc.GrpcConfigKeys (ConfUtils.java:logGet(44)) - raft.grpc.server.port = 13968 (custom)
2021-09-05 14:29:57,000 [Listener at 127.0.0.1/10848] INFO  grpc.GrpcConfigKeys (ConfUtils.java:logGet(44)) - raft.grpc.server.port = 13968 (custom)
2021-09-05 14:29:57,000 [Listener at 127.0.0.1/10848] INFO  server.GrpcService (ConfUtils.java:logGet(44)) - raft.grpc.message.size.max = 32m (=33554432) (custom)
2021-09-05 14:29:57,000 [Listener at 127.0.0.1/10848] INFO  server.RaftServerConfigKeys (ConfUtils.java:logGet(44)) - raft.server.log.appender.buffer.byte-limit = 33554432 (custom)
2021-09-05 14:29:57,001 [Listener at 127.0.0.1/10848] INFO  server.GrpcService (ConfUtils.java:logGet(44)) - raft.grpc.flow.control.window = 1MB (=1048576) (default)
2021-09-05 14:29:57,001 [Listener at 127.0.0.1/10848] INFO  server.RaftServerConfigKeys (ConfUtils.java:logGet(44)) - raft.server.rpc.request.timeout = 30000ms (custom)
2021-09-05 14:29:57,002 [Listener at 127.0.0.1/10848] INFO  impl.DataStreamServerImpl (ConfUtils.java:logGet(44)) - raft.datastream.type = DISABLED (default)
2021-09-05 14:29:57,002 [Listener at 127.0.0.1/10848] INFO  server.RaftServerConfigKeys (ConfUtils.java:logGet(44)) - raft.server.rpc.slowness.timeout = 120000ms (custom)
2021-09-05 14:29:57,002 [Listener at 127.0.0.1/10848] INFO  server.RaftServerConfigKeys (ConfUtils.java:logGet(44)) - raft.server.leaderelection.leader.step-down.wait-time = 10s (default)
2021-09-05 14:29:57,003 [Listener at 127.0.0.1/10848] INFO  server.RaftServerConfigKeys (ConfUtils.java:logGet(44)) - raft.server.storage.dir = [/home/runner/work/ozone/ozone/hadoop-ozone/integration-test/target/test-dir/MiniOzoneClusterImpl-11ada6fe-a5c6-4827-8b3d-97db8748ad29/scmNode-1/scm-ha] (custom)
2021-09-05 14:29:57,013 [Listener at 127.0.0.1/10848] INFO  server.RaftServer (RaftServerProxy.java:addNew(95)) - 69e17fe3-75d6-40e2-b575-3df3d97ee56c: addNew group-97DB8748AD29:[69e17fe3-75d6-40e2-b575-3df3d97ee56c|rpc:localhost:13968|priority:0] returns group-97DB8748AD29:java.util.concurrent.CompletableFuture@60a8d8d6[Not completed]
2021-09-05 14:29:57,013 [pool-175-thread-1] INFO  server.RaftServer$Division (RaftServerImpl.java:<init>(181)) - 69e17fe3-75d6-40e2-b575-3df3d97ee56c: new RaftServerImpl for group-97DB8748AD29:[69e17fe3-75d6-40e2-b575-3df3d97ee56c|rpc:localhost:13968|priority:0] with SCMStateMachine:uninitialized
2021-09-05 14:29:57,014 [pool-175-thread-1] INFO  server.RaftServerConfigKeys (ConfUtils.java:logGet(44)) - raft.server.rpc.timeout.min = 5000ms (custom)
2021-09-05 14:29:57,014 [pool-175-thread-1] INFO  server.RaftServerConfigKeys (ConfUtils.java:logGet(44)) - raft.server.rpc.timeout.max = 5200ms (custom)
2021-09-05 14:29:57,014 [pool-175-thread-1] INFO  server.RaftServerConfigKeys (ConfUtils.java:logGet(44)) - raft.server.rpc.sleep.time = 25ms (default)
2021-09-05 14:29:57,014 [pool-175-thread-1] INFO  server.RaftServerConfigKeys (ConfUtils.java:logGet(44)) - raft.server.rpc.slowness.timeout = 120000ms (custom)
2021-09-05 14:29:57,014 [pool-175-thread-1] INFO  server.RaftServerConfigKeys (ConfUtils.java:logGet(44)) - raft.server.leaderelection.leader.step-down.wait-time = 10s (default)
2021-09-05 14:29:57,014 [pool-175-thread-1] INFO  server.RaftServerConfigKeys (ConfUtils.java:logGet(44)) - raft.server.sleep.deviation.threshold = 300ms (default)
2021-09-05 14:29:57,014 [pool-175-thread-1] INFO  server.RaftServerConfigKeys (ConfUtils.java:logGet(44)) - raft.server.log.appender.install.snapshot.enabled = false (custom)
2021-09-05 14:29:57,014 [pool-175-thread-1] INFO  server.RaftServer$Division (ServerState.java:<init>(105)) - 69e17fe3-75d6-40e2-b575-3df3d97ee56c@group-97DB8748AD29: ConfigurationManager, init=-1: [69e17fe3-75d6-40e2-b575-3df3d97ee56c|rpc:localhost:13968|priority:0], old=null, confs=<EMPTY_MAP>
2021-09-05 14:29:57,014 [pool-175-thread-1] INFO  server.RaftServerConfigKeys (ConfUtils.java:logGet(44)) - raft.server.storage.dir = [/home/runner/work/ozone/ozone/hadoop-ozone/integration-test/target/test-dir/MiniOzoneClusterImpl-11ada6fe-a5c6-4827-8b3d-97db8748ad29/scmNode-1/scm-ha] (custom)
2021-09-05 14:29:57,014 [pool-175-thread-1] INFO  server.RaftServerConfigKeys (ConfUtils.java:logGet(44)) - raft.server.log.corruption.policy = EXCEPTION (default)
2021-09-05 14:29:57,014 [pool-175-thread-1] INFO  server.RaftServerConfigKeys (ConfUtils.java:logGet(44)) - raft.server.storage.free-space.min = 0MB (=0) (default)
2021-09-05 14:29:57,014 [pool-175-thread-1] INFO  storage.RaftStorageDirectory (RaftStorageDirectoryImpl.java:analyzeStorage(135)) - The storage directory /home/runner/work/ozone/ozone/hadoop-ozone/integration-test/target/test-dir/MiniOzoneClusterImpl-11ada6fe-a5c6-4827-8b3d-97db8748ad29/scmNode-1/scm-ha/11ada6fe-a5c6-4827-8b3d-97db8748ad29 does not exist. Creating ...
2021-09-05 14:29:57,018 [pool-175-thread-1] INFO  storage.RaftStorageDirectory (RaftStorageDirectoryImpl.java:tryLock(230)) - Lock on /home/runner/work/ozone/ozone/hadoop-ozone/integration-test/target/test-dir/MiniOzoneClusterImpl-11ada6fe-a5c6-4827-8b3d-97db8748ad29/scmNode-1/scm-ha/11ada6fe-a5c6-4827-8b3d-97db8748ad29/in_use.lock acquired by nodename 23550@fv-az151-757
2021-09-05 14:29:57,019 [pool-175-thread-1] INFO  storage.RaftStorage (RaftStorageImpl.java:format(89)) - Storage directory /home/runner/work/ozone/ozone/hadoop-ozone/integration-test/target/test-dir/MiniOzoneClusterImpl-11ada6fe-a5c6-4827-8b3d-97db8748ad29/scmNode-1/scm-ha/11ada6fe-a5c6-4827-8b3d-97db8748ad29 has been successfully formatted.
2021-09-05 14:29:57,019 [pool-175-thread-1] INFO  server.RaftServerConfigKeys (ConfUtils.java:logGet(44)) - raft.server.notification.no-leader.timeout = 60s (default)
2021-09-05 14:29:57,019 [pool-175-thread-1] INFO  server.RaftServerConfigKeys (ConfUtils.java:logGet(44)) - raft.server.log.use.memory = false (default)
2021-09-05 14:29:57,019 [pool-175-thread-1] INFO  server.RaftServerConfigKeys (ConfUtils.java:logGet(44)) - raft.server.log.purge.gap = 5 (custom)
2021-09-05 14:29:57,019 [pool-175-thread-1] INFO  server.RaftServerConfigKeys (ConfUtils.java:logGet(44)) - raft.server.log.appender.buffer.byte-limit = 33554432 (custom)
2021-09-05 14:29:57,019 [pool-175-thread-1] INFO  server.RaftServerConfigKeys (ConfUtils.java:logGet(44)) - raft.server.log.segment.size.max = 16384 (custom)
2021-09-05 14:29:57,020 [pool-175-thread-1] INFO  server.RaftServerConfigKeys (ConfUtils.java:logGet(44)) - raft.server.log.segment.cache.num.max = 2 (custom)
2021-09-05 14:29:57,020 [pool-175-thread-1] INFO  server.RaftServerConfigKeys (ConfUtils.java:logGet(44)) - raft.server.log.segment.cache.size.max = 200MB (=209715200) (default)
2021-09-05 14:29:57,020 [pool-175-thread-1] INFO  segmented.SegmentedRaftLogWorker (SegmentedRaftLogWorker.java:<init>(182)) - new 69e17fe3-75d6-40e2-b575-3df3d97ee56c@group-97DB8748AD29-SegmentedRaftLogWorker for RaftStorageImpl:Storage Directory /home/runner/work/ozone/ozone/hadoop-ozone/integration-test/target/test-dir/MiniOzoneClusterImpl-11ada6fe-a5c6-4827-8b3d-97db8748ad29/scmNode-1/scm-ha/11ada6fe-a5c6-4827-8b3d-97db8748ad29
2021-09-05 14:29:57,020 [pool-175-thread-1] INFO  server.RaftServerConfigKeys (ConfUtils.java:logGet(44)) - raft.server.log.queue.byte-limit = 64MB (=67108864) (default)
2021-09-05 14:29:57,020 [pool-175-thread-1] INFO  server.RaftServerConfigKeys (ConfUtils.java:logGet(44)) - raft.server.log.queue.element-limit = 4096 (default)
2021-09-05 14:29:57,020 [pool-175-thread-1] INFO  server.RaftServerConfigKeys (ConfUtils.java:logGet(44)) - raft.server.log.segment.size.max = 16384 (custom)
2021-09-05 14:29:57,020 [pool-175-thread-1] INFO  server.RaftServerConfigKeys (ConfUtils.java:logGet(44)) - raft.server.log.preallocated.size = 16384 (custom)
2021-09-05 14:29:57,020 [pool-175-thread-1] INFO  server.RaftServerConfigKeys (ConfUtils.java:logGet(44)) - raft.server.log.force.sync.num = 128 (default)
2021-09-05 14:29:57,020 [pool-175-thread-1] INFO  server.RaftServerConfigKeys (ConfUtils.java:logGet(44)) - raft.server.log.statemachine.data.sync = true (default)
2021-09-05 14:29:57,020 [pool-175-thread-1] INFO  server.RaftServerConfigKeys (ConfUtils.java:logGet(44)) - raft.server.log.statemachine.data.sync.timeout = 10s (default)
2021-09-05 14:29:57,020 [pool-175-thread-1] INFO  server.RaftServerConfigKeys (ConfUtils.java:logGet(44)) - raft.server.log.statemachine.data.sync.timeout.retry = -1 (default)
2021-09-05 14:29:57,024 [pool-175-thread-1] INFO  server.RaftServerConfigKeys (ConfUtils.java:logGet(44)) - raft.server.log.write.buffer.size = 64KB (=65536) (default)
2021-09-05 14:29:57,024 [pool-175-thread-1] INFO  server.RaftServerConfigKeys (ConfUtils.java:logGet(44)) - raft.server.log.statemachine.data.caching.enabled = false (default)
2021-09-05 14:29:57,024 [pool-175-thread-1] INFO  segmented.SegmentedRaftLogWorker (SegmentedRaftLogWorker.java:lambda$new$0(133)) - 69e17fe3-75d6-40e2-b575-3df3d97ee56c@group-97DB8748AD29-SegmentedRaftLogWorker: flushIndex: setUnconditionally 0 -> -1
2021-09-05 14:29:57,024 [pool-175-thread-1] INFO  segmented.SegmentedRaftLogWorker (SegmentedRaftLogWorker.java:lambda$new$0(133)) - 69e17fe3-75d6-40e2-b575-3df3d97ee56c@group-97DB8748AD29-SegmentedRaftLogWorker: safeCacheEvictIndex: setUnconditionally 0 -> -1
2021-09-05 14:29:57,037 [pool-175-thread-1] INFO  server.RaftServerConfigKeys (ConfUtils.java:logGet(44)) - raft.server.snapshot.auto.trigger.enabled = true (custom)
2021-09-05 14:29:57,037 [pool-175-thread-1] INFO  server.RaftServerConfigKeys (ConfUtils.java:logGet(44)) - raft.server.snapshot.auto.trigger.threshold = 5 (custom)
2021-09-05 14:29:57,037 [pool-175-thread-1] INFO  server.RaftServerConfigKeys (ConfUtils.java:logGet(44)) - raft.server.snapshot.retention.file.num = -1 (default)
2021-09-05 14:29:57,037 [pool-175-thread-1] INFO  server.RaftServerConfigKeys (ConfUtils.java:logGet(44)) - raft.server.log.purge.upto.snapshot.index = true (custom)
2021-09-05 14:29:57,037 [pool-175-thread-1] INFO  server.RaftServerConfigKeys (ConfUtils.java:logGet(44)) - raft.server.retrycache.expirytime = 60000ms (default)
2021-09-05 14:29:57,037 [pool-175-thread-1] INFO  server.RaftServerConfigKeys (ConfUtils.java:logGet(44)) - raft.server.retrycache.statistics.expirytime = 100μs (default)
2021-09-05 14:29:57,038 [Listener at 127.0.0.1/10848] INFO  server.RaftServer$Division (RaftServerImpl.java:start(296)) - 69e17fe3-75d6-40e2-b575-3df3d97ee56c@group-97DB8748AD29: start as a follower, conf=-1: [69e17fe3-75d6-40e2-b575-3df3d97ee56c|rpc:localhost:13968|priority:0], old=null
2021-09-05 14:29:57,039 [Listener at 127.0.0.1/10848] INFO  server.RaftServer$Division (RaftServerImpl.java:setRole(285)) - 69e17fe3-75d6-40e2-b575-3df3d97ee56c@group-97DB8748AD29: changes role from      null to FOLLOWER at term 0 for startAsFollower
2021-09-05 14:29:57,039 [Listener at 127.0.0.1/10848] INFO  impl.RoleInfo (RoleInfo.java:updateAndGet(130)) - 69e17fe3-75d6-40e2-b575-3df3d97ee56c: start 69e17fe3-75d6-40e2-b575-3df3d97ee56c@group-97DB8748AD29-FollowerState
2021-09-05 14:29:57,045 [Listener at 127.0.0.1/10848] INFO  util.JmxRegister (JmxRegister.java:tryRegister(44)) - Successfully registered JMX Bean with object name Ratis:service=RaftServer,group=group-97DB8748AD29,id=69e17fe3-75d6-40e2-b575-3df3d97ee56c
2021-09-05 14:29:57,054 [Listener at 127.0.0.1/10848] INFO  server.RaftServer (RaftServerProxy.java:lambda$start$5(374)) - 69e17fe3-75d6-40e2-b575-3df3d97ee56c: start RPC server
2021-09-05 14:29:57,065 [Listener at 127.0.0.1/10848] INFO  server.GrpcService (GrpcService.java:startImpl(253)) - 69e17fe3-75d6-40e2-b575-3df3d97ee56c: GrpcService started, listening on 13968
2021-09-05 14:29:57,071 [org.apache.ratis.util.JvmPauseMonitor$$Lambda$499/1326998608@1d954c50] INFO  util.JvmPauseMonitor (JvmPauseMonitor.java:run(103)) - JvmPauseMonitor-69e17fe3-75d6-40e2-b575-3df3d97ee56c: Started
2021-09-05 14:29:57,737 [EndpointStateMachine task thread for /127.0.0.1:14541 - 0 ] INFO  ipc.Client (Client.java:handleConnectionFailure(977)) - Retrying connect to server: localhost/127.0.0.1:14541. Already tried 0 time(s); retry policy is RetryUpToMaximumCountWithFixedSleep(maxRetries=15, sleepTime=1000 MILLISECONDS)
2021-09-05 14:29:57,737 [EndpointStateMachine task thread for /127.0.0.1:14531 - 0 ] INFO  ipc.Client (Client.java:handleConnectionFailure(977)) - Retrying connect to server: localhost/127.0.0.1:14531. Already tried 1 time(s); retry policy is RetryUpToMaximumCountWithFixedSleep(maxRetries=15, sleepTime=1000 MILLISECONDS)
2021-09-05 14:29:57,740 [EndpointStateMachine task thread for /127.0.0.1:14521 - 0 ] INFO  ipc.Client (Client.java:handleConnectionFailure(977)) - Retrying connect to server: localhost/127.0.0.1:14521. Already tried 2 time(s); retry policy is RetryUpToMaximumCountWithFixedSleep(maxRetries=15, sleepTime=1000 MILLISECONDS)
2021-09-05 14:29:58,737 [EndpointStateMachine task thread for /127.0.0.1:14541 - 0 ] INFO  ipc.Client (Client.java:handleConnectionFailure(977)) - Retrying connect to server: localhost/127.0.0.1:14541. Already tried 1 time(s); retry policy is RetryUpToMaximumCountWithFixedSleep(maxRetries=15, sleepTime=1000 MILLISECONDS)
2021-09-05 14:29:58,738 [EndpointStateMachine task thread for /127.0.0.1:14531 - 0 ] INFO  ipc.Client (Client.java:handleConnectionFailure(977)) - Retrying connect to server: localhost/127.0.0.1:14531. Already tried 2 time(s); retry policy is RetryUpToMaximumCountWithFixedSleep(maxRetries=15, sleepTime=1000 MILLISECONDS)
2021-09-05 14:29:58,741 [EndpointStateMachine task thread for /127.0.0.1:14521 - 0 ] INFO  ipc.Client (Client.java:handleConnectionFailure(977)) - Retrying connect to server: localhost/127.0.0.1:14521. Already tried 3 time(s); retry policy is RetryUpToMaximumCountWithFixedSleep(maxRetries=15, sleepTime=1000 MILLISECONDS)
2021-09-05 14:29:59,738 [EndpointStateMachine task thread for /127.0.0.1:14541 - 0 ] INFO  ipc.Client (Client.java:handleConnectionFailure(977)) - Retrying connect to server: localhost/127.0.0.1:14541. Already tried 2 time(s); retry policy is RetryUpToMaximumCountWithFixedSleep(maxRetries=15, sleepTime=1000 MILLISECONDS)
2021-09-05 14:29:59,739 [EndpointStateMachine task thread for /127.0.0.1:14531 - 0 ] INFO  ipc.Client (Client.java:handleConnectionFailure(977)) - Retrying connect to server: localhost/127.0.0.1:14531. Already tried 3 time(s); retry policy is RetryUpToMaximumCountWithFixedSleep(maxRetries=15, sleepTime=1000 MILLISECONDS)
2021-09-05 14:29:59,741 [EndpointStateMachine task thread for /127.0.0.1:14521 - 0 ] INFO  ipc.Client (Client.java:handleConnectionFailure(977)) - Retrying connect to server: localhost/127.0.0.1:14521. Already tried 4 time(s); retry policy is RetryUpToMaximumCountWithFixedSleep(maxRetries=15, sleepTime=1000 MILLISECONDS)
2021-09-05 14:30:00,739 [EndpointStateMachine task thread for /127.0.0.1:14541 - 0 ] INFO  ipc.Client (Client.java:handleConnectionFailure(977)) - Retrying connect to server: localhost/127.0.0.1:14541. Already tried 3 time(s); retry policy is RetryUpToMaximumCountWithFixedSleep(maxRetries=15, sleepTime=1000 MILLISECONDS)
2021-09-05 14:30:00,739 [EndpointStateMachine task thread for /127.0.0.1:14531 - 0 ] INFO  ipc.Client (Client.java:handleConnectionFailure(977)) - Retrying connect to server: localhost/127.0.0.1:14531. Already tried 4 time(s); retry policy is RetryUpToMaximumCountWithFixedSleep(maxRetries=15, sleepTime=1000 MILLISECONDS)
2021-09-05 14:30:00,741 [EndpointStateMachine task thread for /127.0.0.1:14521 - 0 ] INFO  ipc.Client (Client.java:handleConnectionFailure(977)) - Retrying connect to server: localhost/127.0.0.1:14521. Already tried 5 time(s); retry policy is RetryUpToMaximumCountWithFixedSleep(maxRetries=15, sleepTime=1000 MILLISECONDS)
2021-09-05 14:30:01,740 [EndpointStateMachine task thread for /127.0.0.1:14541 - 0 ] INFO  ipc.Client (Client.java:handleConnectionFailure(977)) - Retrying connect to server: localhost/127.0.0.1:14541. Already tried 4 time(s); retry policy is RetryUpToMaximumCountWithFixedSleep(maxRetries=15, sleepTime=1000 MILLISECONDS)
2021-09-05 14:30:01,740 [EndpointStateMachine task thread for /127.0.0.1:14531 - 0 ] INFO  ipc.Client (Client.java:handleConnectionFailure(977)) - Retrying connect to server: localhost/127.0.0.1:14531. Already tried 5 time(s); retry policy is RetryUpToMaximumCountWithFixedSleep(maxRetries=15, sleepTime=1000 MILLISECONDS)
2021-09-05 14:30:01,742 [EndpointStateMachine task thread for /127.0.0.1:14521 - 0 ] INFO  ipc.Client (Client.java:handleConnectionFailure(977)) - Retrying connect to server: localhost/127.0.0.1:14521. Already tried 6 time(s); retry policy is RetryUpToMaximumCountWithFixedSleep(maxRetries=15, sleepTime=1000 MILLISECONDS)
2021-09-05 14:30:02,187 [69e17fe3-75d6-40e2-b575-3df3d97ee56c@group-97DB8748AD29-FollowerState] INFO  impl.FollowerState (FollowerState.java:run(134)) - 69e17fe3-75d6-40e2-b575-3df3d97ee56c@group-97DB8748AD29-FollowerState: change to CANDIDATE, lastRpcElapsedTime:5148409956ns, electionTimeout:5126ms
2021-09-05 14:30:02,187 [69e17fe3-75d6-40e2-b575-3df3d97ee56c@group-97DB8748AD29-FollowerState] INFO  impl.RoleInfo (RoleInfo.java:shutdownFollowerState(108)) - 69e17fe3-75d6-40e2-b575-3df3d97ee56c: shutdown 69e17fe3-75d6-40e2-b575-3df3d97ee56c@group-97DB8748AD29-FollowerState
2021-09-05 14:30:02,188 [69e17fe3-75d6-40e2-b575-3df3d97ee56c@group-97DB8748AD29-FollowerState] INFO  server.RaftServer$Division (RaftServerImpl.java:setRole(285)) - 69e17fe3-75d6-40e2-b575-3df3d97ee56c@group-97DB8748AD29: changes role from  FOLLOWER to CANDIDATE at term 0 for changeToCandidate
2021-09-05 14:30:02,188 [69e17fe3-75d6-40e2-b575-3df3d97ee56c@group-97DB8748AD29-FollowerState] INFO  server.RaftServerConfigKeys (ConfUtils.java:logGet(44)) - raft.server.leaderelection.pre-vote = false (custom)
2021-09-05 14:30:02,188 [69e17fe3-75d6-40e2-b575-3df3d97ee56c@group-97DB8748AD29-FollowerState] INFO  impl.RoleInfo (RoleInfo.java:updateAndGet(130)) - 69e17fe3-75d6-40e2-b575-3df3d97ee56c: start 69e17fe3-75d6-40e2-b575-3df3d97ee56c@group-97DB8748AD29-LeaderElection11
2021-09-05 14:30:02,202 [69e17fe3-75d6-40e2-b575-3df3d97ee56c@group-97DB8748AD29-LeaderElection11] INFO  impl.LeaderElection (LeaderElection.java:askForVotes(306)) - 69e17fe3-75d6-40e2-b575-3df3d97ee56c@group-97DB8748AD29-LeaderElection11 ELECTION round 0: submit vote requests at term 1 for -1: [69e17fe3-75d6-40e2-b575-3df3d97ee56c|rpc:localhost:13968|priority:0], old=null
2021-09-05 14:30:02,202 [69e17fe3-75d6-40e2-b575-3df3d97ee56c@group-97DB8748AD29-LeaderElection11] INFO  impl.LeaderElection (LeaderElection.java:askForVotes(308)) - 69e17fe3-75d6-40e2-b575-3df3d97ee56c@group-97DB8748AD29-LeaderElection11 ELECTION round 0: result PASSED (term=1)
2021-09-05 14:30:02,202 [69e17fe3-75d6-40e2-b575-3df3d97ee56c@group-97DB8748AD29-LeaderElection11] INFO  impl.RoleInfo (RoleInfo.java:shutdownLeaderElection(121)) - 69e17fe3-75d6-40e2-b575-3df3d97ee56c: shutdown 69e17fe3-75d6-40e2-b575-3df3d97ee56c@group-97DB8748AD29-LeaderElection11
2021-09-05 14:30:02,202 [69e17fe3-75d6-40e2-b575-3df3d97ee56c@group-97DB8748AD29-LeaderElection11] INFO  server.RaftServer$Division (RaftServerImpl.java:setRole(285)) - 69e17fe3-75d6-40e2-b575-3df3d97ee56c@group-97DB8748AD29: changes role from CANDIDATE to LEADER at term 1 for changeToLeader
2021-09-05 14:30:02,202 [69e17fe3-75d6-40e2-b575-3df3d97ee56c@group-97DB8748AD29-LeaderElection11] INFO  server.RaftServer$Division (ServerState.java:setLeader(285)) - 69e17fe3-75d6-40e2-b575-3df3d97ee56c@group-97DB8748AD29: change Leader from null to 69e17fe3-75d6-40e2-b575-3df3d97ee56c at term 1 for becomeLeader, leader elected after 5182ms
2021-09-05 14:30:02,202 [69e17fe3-75d6-40e2-b575-3df3d97ee56c@group-97DB8748AD29-LeaderElection11] INFO  server.RaftServerConfigKeys (ConfUtils.java:logGet(44)) - raft.server.staging.catchup.gap = 1000 (default)
2021-09-05 14:30:02,202 [69e17fe3-75d6-40e2-b575-3df3d97ee56c@group-97DB8748AD29-LeaderElection11] INFO  server.RaftServerConfigKeys (ConfUtils.java:logGet(44)) - raft.server.write.element-limit = 4096 (default)
2021-09-05 14:30:02,202 [69e17fe3-75d6-40e2-b575-3df3d97ee56c@group-97DB8748AD29-LeaderElection11] INFO  server.RaftServerConfigKeys (ConfUtils.java:logGet(44)) - raft.server.write.byte-limit = 64MB (=67108864) (default)
2021-09-05 14:30:02,203 [69e17fe3-75d6-40e2-b575-3df3d97ee56c@group-97DB8748AD29-LeaderElection11] INFO  server.RaftServerConfigKeys (ConfUtils.java:logGet(44)) - raft.server.watch.timeout = 10s (default)
2021-09-05 14:30:02,203 [69e17fe3-75d6-40e2-b575-3df3d97ee56c@group-97DB8748AD29-LeaderElection11] INFO  server.RaftServerConfigKeys (ConfUtils.java:logGet(44)) - raft.server.watch.timeout.denomination = 1s (default)
2021-09-05 14:30:02,203 [69e17fe3-75d6-40e2-b575-3df3d97ee56c@group-97DB8748AD29-LeaderElection11] INFO  server.RaftServerConfigKeys (ConfUtils.java:logGet(44)) - raft.server.watch.element-limit = 65536 (default)
2021-09-05 14:30:02,203 [69e17fe3-75d6-40e2-b575-3df3d97ee56c@group-97DB8748AD29-LeaderElection11] INFO  impl.RoleInfo (RoleInfo.java:updateAndGet(130)) - 69e17fe3-75d6-40e2-b575-3df3d97ee56c: start 69e17fe3-75d6-40e2-b575-3df3d97ee56c@group-97DB8748AD29-LeaderStateImpl
2021-09-05 14:30:02,203 [69e17fe3-75d6-40e2-b575-3df3d97ee56c@group-97DB8748AD29-LeaderElection11] INFO  segmented.SegmentedRaftLogWorker (SegmentedRaftLogWorker.java:startLogSegment(394)) - 69e17fe3-75d6-40e2-b575-3df3d97ee56c@group-97DB8748AD29-SegmentedRaftLogWorker: Starting segment from index:0
2021-09-05 14:30:02,204 [69e17fe3-75d6-40e2-b575-3df3d97ee56c@group-97DB8748AD29-SegmentedRaftLogWorker] INFO  segmented.SegmentedRaftLogWorker (SegmentedRaftLogWorker.java:execute(601)) - 69e17fe3-75d6-40e2-b575-3df3d97ee56c@group-97DB8748AD29-SegmentedRaftLogWorker: created new log segment /home/runner/work/ozone/ozone/hadoop-ozone/integration-test/target/test-dir/MiniOzoneClusterImpl-11ada6fe-a5c6-4827-8b3d-97db8748ad29/scmNode-1/scm-ha/11ada6fe-a5c6-4827-8b3d-97db8748ad29/current/log_inprogress_0
2021-09-05 14:30:02,221 [69e17fe3-75d6-40e2-b575-3df3d97ee56c@group-97DB8748AD29-LeaderElection11] INFO  server.RaftServer$Division (ServerState.java:setRaftConf(387)) - 69e17fe3-75d6-40e2-b575-3df3d97ee56c@group-97DB8748AD29: set configuration 0: [69e17fe3-75d6-40e2-b575-3df3d97ee56c|rpc:localhost:13968|admin:|client:|dataStream:|priority:0], old=null
2021-09-05 14:30:02,740 [EndpointStateMachine task thread for /127.0.0.1:14541 - 0 ] INFO  ipc.Client (Client.java:handleConnectionFailure(977)) - Retrying connect to server: localhost/127.0.0.1:14541. Already tried 5 time(s); retry policy is RetryUpToMaximumCountWithFixedSleep(maxRetries=15, sleepTime=1000 MILLISECONDS)
2021-09-05 14:30:02,740 [EndpointStateMachine task thread for /127.0.0.1:14531 - 0 ] INFO  ipc.Client (Client.java:handleConnectionFailure(977)) - Retrying connect to server: localhost/127.0.0.1:14531. Already tried 6 time(s); retry policy is RetryUpToMaximumCountWithFixedSleep(maxRetries=15, sleepTime=1000 MILLISECONDS)
2021-09-05 14:30:02,743 [EndpointStateMachine task thread for /127.0.0.1:14521 - 0 ] INFO  ipc.Client (Client.java:handleConnectionFailure(977)) - Retrying connect to server: localhost/127.0.0.1:14521. Already tried 7 time(s); retry policy is RetryUpToMaximumCountWithFixedSleep(maxRetries=15, sleepTime=1000 MILLISECONDS)
2021-09-05 14:30:03,071 [Listener at 127.0.0.1/10848] INFO  server.RaftServer (RaftServerProxy.java:lambda$close$6(391)) - 69e17fe3-75d6-40e2-b575-3df3d97ee56c: close
2021-09-05 14:30:03,072 [Listener at 127.0.0.1/10848] INFO  server.RaftServer$Division (RaftServerImpl.java:lambda$close$4(407)) - 69e17fe3-75d6-40e2-b575-3df3d97ee56c@group-97DB8748AD29: shutdown
2021-09-05 14:30:03,072 [Listener at 127.0.0.1/10848] INFO  util.JmxRegister (JmxRegister.java:unregister(73)) - Successfully un-registered JMX Bean with object name Ratis:service=RaftServer,group=group-97DB8748AD29,id=69e17fe3-75d6-40e2-b575-3df3d97ee56c
2021-09-05 14:30:03,072 [Listener at 127.0.0.1/10848] INFO  impl.RoleInfo (RoleInfo.java:shutdownLeaderState(91)) - 69e17fe3-75d6-40e2-b575-3df3d97ee56c: shutdown 69e17fe3-75d6-40e2-b575-3df3d97ee56c@group-97DB8748AD29-LeaderStateImpl
2021-09-05 14:30:03,072 [Listener at 127.0.0.1/10848] INFO  impl.PendingRequests (PendingRequests.java:sendNotLeaderResponses(282)) - 69e17fe3-75d6-40e2-b575-3df3d97ee56c@group-97DB8748AD29-PendingRequests: sendNotLeaderResponses
2021-09-05 14:30:03,073 [Listener at 127.0.0.1/10848] INFO  impl.StateMachineUpdater (StateMachineUpdater.java:stopAndJoin(149)) - 69e17fe3-75d6-40e2-b575-3df3d97ee56c@group-97DB8748AD29-StateMachineUpdater: set stopIndex = 0
2021-09-05 14:30:03,073 [69e17fe3-75d6-40e2-b575-3df3d97ee56c@group-97DB8748AD29-StateMachineUpdater] INFO  impl.StateMachineUpdater (StateMachineUpdater.java:takeSnapshot(281)) - 69e17fe3-75d6-40e2-b575-3df3d97ee56c@group-97DB8748AD29-StateMachineUpdater: Took a snapshot at index 0
2021-09-05 14:30:03,073 [69e17fe3-75d6-40e2-b575-3df3d97ee56c@group-97DB8748AD29-StateMachineUpdater] INFO  impl.StateMachineUpdater (StateMachineUpdater.java:lambda$new$0(89)) - 69e17fe3-75d6-40e2-b575-3df3d97ee56c@group-97DB8748AD29-StateMachineUpdater: snapshotIndex: updateIncreasingly -1 -> 0
2021-09-05 14:30:03,074 [Listener at 127.0.0.1/10848] INFO  server.RaftServer$Division (ServerState.java:close(419)) - 69e17fe3-75d6-40e2-b575-3df3d97ee56c@group-97DB8748AD29: closes. applyIndex: 0
2021-09-05 14:30:03,075 [69e17fe3-75d6-40e2-b575-3df3d97ee56c@group-97DB8748AD29-SegmentedRaftLogWorker] INFO  segmented.SegmentedRaftLogWorker (SegmentedRaftLogWorker.java:run(327)) - 69e17fe3-75d6-40e2-b575-3df3d97ee56c@group-97DB8748AD29-SegmentedRaftLogWorker was interrupted, exiting. There are 0 tasks remaining in the queue.
2021-09-05 14:30:03,075 [Listener at 127.0.0.1/10848] INFO  segmented.SegmentedRaftLogWorker (SegmentedRaftLogWorker.java:close(237)) - 69e17fe3-75d6-40e2-b575-3df3d97ee56c@group-97DB8748AD29-SegmentedRaftLogWorker close()
2021-09-05 14:30:03,080 [Listener at 127.0.0.1/10848] INFO  server.GrpcService (GrpcService.java:closeImpl(262)) - 69e17fe3-75d6-40e2-b575-3df3d97ee56c: shutdown server with port 13968 now
2021-09-05 14:30:03,081 [Listener at 127.0.0.1/10848] INFO  server.GrpcService (GrpcService.java:closeImpl(271)) - 69e17fe3-75d6-40e2-b575-3df3d97ee56c: shutdown server with port 13968 successfully
2021-09-05 14:30:03,081 [org.apache.ratis.util.JvmPauseMonitor$$Lambda$499/1326998608@1d954c50] INFO  util.JvmPauseMonitor (JvmPauseMonitor.java:run(109)) - JvmPauseMonitor-69e17fe3-75d6-40e2-b575-3df3d97ee56c: Stopped
2021-09-05 14:30:03,081 [Listener at 127.0.0.1/10848] WARN  server.ServerUtils (ServerUtils.java:getScmDbDir(148)) - ozone.scm.db.dirs is not configured. We recommend adding this setting. Falling back to ozone.metadata.dirs instead.
2021-09-05 14:30:03,083 [Listener at 127.0.0.1/10848] INFO  server.StorageContainerManager (StorageContainerManager.java:scmInit(1028)) - SCM initialization succeeded. Current cluster id for sd=/home/runner/work/ozone/ozone/hadoop-ozone/integration-test/target/test-dir/MiniOzoneClusterImpl-11ada6fe-a5c6-4827-8b3d-97db8748ad29/scmNode-1/scm; cid=11ada6fe-a5c6-4827-8b3d-97db8748ad29; layoutVersion=2; scmId=69e17fe3-75d6-40e2-b575-3df3d97ee56c
2021-09-05 14:30:03,083 [Listener at 127.0.0.1/10848] INFO  ha.SCMHANodeDetails (SCMHANodeDetails.java:loadSCMHAConfig(157)) - ServiceID for StorageContainerManager is scm-service-test1
2021-09-05 14:30:03,083 [Listener at 127.0.0.1/10848] INFO  ha.SCMHANodeDetails (SCMHANodeDetails.java:loadSCMHAConfig(168)) - ServiceID for StorageContainerManager is scm-service-test1
2021-09-05 14:30:03,084 [Listener at 127.0.0.1/10848] WARN  scm.ScmUtils (ScmUtils.java:logWarn(179)) - ConfigKey ozone.scm.block.client.address is deprecated, For configuring different ports for each SCM use PortConfigKey ozone.scm.block.client.port appended with serviceId and nodeId. If want to configure same port configure ozone.scm.block.client.port
2021-09-05 14:30:03,084 [Listener at 127.0.0.1/10848] WARN  scm.ScmUtils (ScmUtils.java:logWarn(179)) - ConfigKey ozone.scm.client.address is deprecated, For configuring different ports for each SCM use PortConfigKey ozone.scm.client.port appended with serviceId and nodeId. If want to configure same port configure ozone.scm.client.port
2021-09-05 14:30:03,084 [Listener at 127.0.0.1/10848] WARN  scm.ScmUtils (ScmUtils.java:logWarn(179)) - ConfigKey ozone.scm.datanode.address is deprecated, For configuring different ports for each SCM use PortConfigKey ozone.scm.datanode.port appended with serviceId and nodeId. If want to configure same port configure ozone.scm.datanode.port
2021-09-05 14:30:03,084 [Listener at 127.0.0.1/10848] WARN  scm.ScmUtils (ScmUtils.java:logWarn(179)) - ConfigKey ozone.scm.block.client.address is deprecated, For configuring different ports for each SCM use PortConfigKey ozone.scm.block.client.port appended with serviceId and nodeId. If want to configure same port configure ozone.scm.block.client.port
2021-09-05 14:30:03,084 [Listener at 127.0.0.1/10848] WARN  scm.ScmUtils (ScmUtils.java:logWarn(179)) - ConfigKey ozone.scm.client.address is deprecated, For configuring different ports for each SCM use PortConfigKey ozone.scm.client.port appended with serviceId and nodeId. If want to configure same port configure ozone.scm.client.port
2021-09-05 14:30:03,084 [Listener at 127.0.0.1/10848] WARN  scm.ScmUtils (ScmUtils.java:logWarn(179)) - ConfigKey ozone.scm.datanode.address is deprecated, For configuring different ports for each SCM use PortConfigKey ozone.scm.datanode.port appended with serviceId and nodeId. If want to configure same port configure ozone.scm.datanode.port
2021-09-05 14:30:03,085 [Listener at 127.0.0.1/10848] INFO  ha.SCMHANodeDetails (SCMHANodeDetails.java:loadSCMHAConfig(250)) - Found matching SCM address with SCMServiceId: scm-service-test1, SCMNodeId: scmNode-1, RPC Address: localhost:13968 and Ratis port: 13968
2021-09-05 14:30:03,085 [Listener at 127.0.0.1/10848] INFO  ha.SCMHANodeDetails (ConfUtils.java:setNodeSpecificConfigs(108)) - Setting configuration key ozone.scm.datanode.address with value of key ozone.scm.datanode.address.scm-service-test1.scmNode-1: 127.0.0.1:13969
2021-09-05 14:30:03,085 [Listener at 127.0.0.1/10848] INFO  ha.SCMHANodeDetails (ConfUtils.java:setNodeSpecificConfigs(108)) - Setting configuration key ozone.scm.block.client.address with value of key ozone.scm.block.client.address.scm-service-test1.scmNode-1: 127.0.0.1:13970
2021-09-05 14:30:03,085 [Listener at 127.0.0.1/10848] INFO  ha.SCMHANodeDetails (ConfUtils.java:setNodeSpecificConfigs(108)) - Setting configuration key ozone.scm.client.address with value of key ozone.scm.client.address.scm-service-test1.scmNode-1: 127.0.0.1:13971
2021-09-05 14:30:03,085 [Listener at 127.0.0.1/10848] INFO  ha.SCMHANodeDetails (ConfUtils.java:setNodeSpecificConfigs(108)) - Setting configuration key ozone.scm.ratis.port with value of key ozone.scm.ratis.port.scm-service-test1.scmNode-1: 13968
2021-09-05 14:30:03,085 [Listener at 127.0.0.1/10848] INFO  ha.SCMHANodeDetails (ConfUtils.java:setNodeSpecificConfigs(108)) - Setting configuration key ozone.scm.grpc.port with value of key ozone.scm.grpc.port.scm-service-test1.scmNode-1: 13972
2021-09-05 14:30:03,085 [Listener at 127.0.0.1/10848] INFO  ha.SCMHANodeDetails (ConfUtils.java:setNodeSpecificConfigs(108)) - Setting configuration key ozone.scm.http-address with value of key ozone.scm.http-address.scm-service-test1.scmNode-1: 127.0.0.1:13966
2021-09-05 14:30:03,085 [Listener at 127.0.0.1/10848] INFO  ha.SCMHANodeDetails (ConfUtils.java:setNodeSpecificConfigs(108)) - Setting configuration key ozone.scm.https-address with value of key ozone.scm.https-address.scm-service-test1.scmNode-1: 127.0.0.1:13967
2021-09-05 14:30:03,085 [Listener at 127.0.0.1/10848] INFO  ha.SCMHANodeDetails (ConfUtils.java:setNodeSpecificConfigs(108)) - Setting configuration key ozone.scm.address with value of key ozone.scm.address.scm-service-test1.scmNode-1: 127.0.0.1
2021-09-05 14:30:03,086 [Listener at 127.0.0.1/10848] WARN  scm.ScmUtils (ScmUtils.java:logWarn(179)) - ConfigKey ozone.scm.block.client.address is deprecated, For configuring different ports for each SCM use PortConfigKey ozone.scm.block.client.port appended with serviceId and nodeId. If want to configure same port configure ozone.scm.block.client.port
2021-09-05 14:30:03,086 [Listener at 127.0.0.1/10848] WARN  scm.ScmUtils (ScmUtils.java:logWarn(179)) - ConfigKey ozone.scm.client.address is deprecated, For configuring different ports for each SCM use PortConfigKey ozone.scm.client.port appended with serviceId and nodeId. If want to configure same port configure ozone.scm.client.port
2021-09-05 14:30:03,086 [Listener at 127.0.0.1/10848] WARN  scm.ScmUtils (ScmUtils.java:logWarn(179)) - ConfigKey ozone.scm.datanode.address is deprecated, For configuring different ports for each SCM use PortConfigKey ozone.scm.datanode.port appended with serviceId and nodeId. If want to configure same port configure ozone.scm.datanode.port
2021-09-05 14:30:03,086 [Listener at 127.0.0.1/10848] WARN  server.ServerUtils (ServerUtils.java:getScmDbDir(148)) - ozone.scm.db.dirs is not configured. We recommend adding this setting. Falling back to ozone.metadata.dirs instead.
2021-09-05 14:30:03,087 [Listener at 127.0.0.1/10848] INFO  upgrade.AbstractLayoutVersionManager (AbstractLayoutVersionManager.java:init(70)) - Initializing Layout version manager with metadata layout = SCM_HA (version = 2), software layout = SCM_HA (version = 2)
2021-09-05 14:30:03,190 [Listener at 127.0.0.1/10848] INFO  reflections.Reflections (Reflections.java:scan(232)) - Reflections took 102 ms to scan 7 urls, producing 120 keys and 275 values 
2021-09-05 14:30:03,199 [Listener at 127.0.0.1/10848] WARN  utils.HAUtils (HAUtils.java:getMetaDir(342)) - ozone.scm.db.dirs is not configured. We recommend adding this setting. Falling back to ozone.metadata.dirs instead.
2021-09-05 14:30:03,214 [Listener at 127.0.0.1/10848] WARN  db.DBStoreBuilder (DBStoreBuilder.java:applyDBDefinition(145)) - ozone.scm.db.dirs is not configured. We recommend adding this setting. Falling back to ozone.metadata.dirs instead.
2021-09-05 14:30:03,365 [Listener at 127.0.0.1/10848] INFO  net.NodeSchemaLoader (NodeSchemaLoader.java:loadSchemaFromFile(129)) - Loading schema from [jar:file:/home/runner/.m2/repository/org/apache/ozone/hdds-common/1.2.0-SNAPSHOT/hdds-common-1.2.0-SNAPSHOT.jar!/network-topology-default.xml]
2021-09-05 14:30:03,365 [Listener at 127.0.0.1/10848] INFO  net.NodeSchemaLoader (NodeSchemaLoader.java:loadSchema(176)) - Loading network topology layer schema file
2021-09-05 14:30:03,369 [Listener at 127.0.0.1/10848] INFO  ha.SCMRatisServerImpl (SCMRatisServerImpl.java:<init>(87)) - starting Raft server for scm:69e17fe3-75d6-40e2-b575-3df3d97ee56c
2021-09-05 14:30:03,369 [Listener at 127.0.0.1/10848] INFO  server.RaftServer (ConfUtils.java:logGet(44)) - raft.rpc.type = GRPC (default)
2021-09-05 14:30:03,370 [Listener at 127.0.0.1/10848] INFO  grpc.GrpcFactory (GrpcFactory.java:checkPooledByteBufAllocatorUseCacheForAllThreads(48)) - PERFORMANCE WARNING: useCacheForAllThreads is true that may cause Netty to create a lot garbage objects and, as a result, trigger GC.
	It is recommended to disable useCacheForAllThreads by setting -Dorg.apache.ratis.thirdparty.io.netty.allocator.useCacheForAllThreads=false in command line.
2021-09-05 14:30:03,370 [Listener at 127.0.0.1/10848] INFO  grpc.GrpcConfigKeys (ConfUtils.java:logGet(44)) - raft.grpc.admin.port = -1 (default)
2021-09-05 14:30:03,370 [Listener at 127.0.0.1/10848] INFO  grpc.GrpcConfigKeys (ConfUtils.java:logGet(44)) - raft.grpc.server.port = 13968 (custom)
2021-09-05 14:30:03,370 [Listener at 127.0.0.1/10848] INFO  grpc.GrpcConfigKeys (ConfUtils.java:logGet(44)) - raft.grpc.client.port = -1 (default)
2021-09-05 14:30:03,370 [Listener at 127.0.0.1/10848] INFO  grpc.GrpcConfigKeys (ConfUtils.java:logGet(44)) - raft.grpc.server.port = 13968 (custom)
2021-09-05 14:30:03,370 [Listener at 127.0.0.1/10848] INFO  grpc.GrpcConfigKeys (ConfUtils.java:logGet(44)) - raft.grpc.server.port = 13968 (custom)
2021-09-05 14:30:03,370 [Listener at 127.0.0.1/10848] INFO  server.GrpcService (ConfUtils.java:logGet(44)) - raft.grpc.message.size.max = 32m (=33554432) (custom)
2021-09-05 14:30:03,371 [Listener at 127.0.0.1/10848] INFO  server.RaftServerConfigKeys (ConfUtils.java:logGet(44)) - raft.server.log.appender.buffer.byte-limit = 33554432 (custom)
2021-09-05 14:30:03,371 [Listener at 127.0.0.1/10848] INFO  server.GrpcService (ConfUtils.java:logGet(44)) - raft.grpc.flow.control.window = 1MB (=1048576) (default)
2021-09-05 14:30:03,371 [Listener at 127.0.0.1/10848] INFO  server.RaftServerConfigKeys (ConfUtils.java:logGet(44)) - raft.server.rpc.request.timeout = 30000ms (custom)
2021-09-05 14:30:03,372 [Listener at 127.0.0.1/10848] INFO  impl.DataStreamServerImpl (ConfUtils.java:logGet(44)) - raft.datastream.type = DISABLED (default)
2021-09-05 14:30:03,372 [Listener at 127.0.0.1/10848] INFO  server.RaftServerConfigKeys (ConfUtils.java:logGet(44)) - raft.server.rpc.slowness.timeout = 120000ms (custom)
2021-09-05 14:30:03,372 [Listener at 127.0.0.1/10848] INFO  server.RaftServerConfigKeys (ConfUtils.java:logGet(44)) - raft.server.leaderelection.leader.step-down.wait-time = 10s (default)
2021-09-05 14:30:03,373 [Listener at 127.0.0.1/10848] INFO  server.RaftServerConfigKeys (ConfUtils.java:logGet(44)) - raft.server.storage.dir = [/home/runner/work/ozone/ozone/hadoop-ozone/integration-test/target/test-dir/MiniOzoneClusterImpl-11ada6fe-a5c6-4827-8b3d-97db8748ad29/scmNode-1/scm-ha] (custom)
2021-09-05 14:30:03,373 [Listener at 127.0.0.1/10848] INFO  server.RaftServer (RaftServerProxy.java:lambda$null$1(235)) - 69e17fe3-75d6-40e2-b575-3df3d97ee56c: found a subdirectory /home/runner/work/ozone/ozone/hadoop-ozone/integration-test/target/test-dir/MiniOzoneClusterImpl-11ada6fe-a5c6-4827-8b3d-97db8748ad29/scmNode-1/scm-ha/11ada6fe-a5c6-4827-8b3d-97db8748ad29
2021-09-05 14:30:03,373 [Listener at 127.0.0.1/10848] INFO  server.RaftServer (RaftServerProxy.java:addNew(95)) - 69e17fe3-75d6-40e2-b575-3df3d97ee56c: addNew group-97DB8748AD29:[] returns group-97DB8748AD29:java.util.concurrent.CompletableFuture@752ac39a[Not completed]
2021-09-05 14:30:03,374 [pool-190-thread-1] INFO  server.RaftServer$Division (RaftServerImpl.java:<init>(181)) - 69e17fe3-75d6-40e2-b575-3df3d97ee56c: new RaftServerImpl for group-97DB8748AD29:[] with SCMStateMachine:uninitialized
2021-09-05 14:30:03,379 [pool-190-thread-1] INFO  server.RaftServerConfigKeys (ConfUtils.java:logGet(44)) - raft.server.rpc.timeout.min = 5000ms (custom)
2021-09-05 14:30:03,379 [pool-190-thread-1] INFO  server.RaftServerConfigKeys (ConfUtils.java:logGet(44)) - raft.server.rpc.timeout.max = 5200ms (custom)
2021-09-05 14:30:03,379 [pool-190-thread-1] INFO  server.RaftServerConfigKeys (ConfUtils.java:logGet(44)) - raft.server.rpc.sleep.time = 25ms (default)
2021-09-05 14:30:03,379 [pool-190-thread-1] INFO  server.RaftServerConfigKeys (ConfUtils.java:logGet(44)) - raft.server.rpc.slowness.timeout = 120000ms (custom)
2021-09-05 14:30:03,380 [pool-190-thread-1] INFO  server.RaftServerConfigKeys (ConfUtils.java:logGet(44)) - raft.server.leaderelection.leader.step-down.wait-time = 10s (default)
2021-09-05 14:30:03,380 [pool-190-thread-1] INFO  server.RaftServerConfigKeys (ConfUtils.java:logGet(44)) - raft.server.sleep.deviation.threshold = 300ms (default)
2021-09-05 14:30:03,380 [pool-190-thread-1] INFO  server.RaftServerConfigKeys (ConfUtils.java:logGet(44)) - raft.server.log.appender.install.snapshot.enabled = false (custom)
2021-09-05 14:30:03,380 [pool-190-thread-1] INFO  server.RaftServer$Division (ServerState.java:<init>(105)) - 69e17fe3-75d6-40e2-b575-3df3d97ee56c@group-97DB8748AD29: ConfigurationManager, init=-1: [], old=null, confs=<EMPTY_MAP>
2021-09-05 14:30:03,380 [pool-190-thread-1] INFO  server.RaftServerConfigKeys (ConfUtils.java:logGet(44)) - raft.server.storage.dir = [/home/runner/work/ozone/ozone/hadoop-ozone/integration-test/target/test-dir/MiniOzoneClusterImpl-11ada6fe-a5c6-4827-8b3d-97db8748ad29/scmNode-1/scm-ha] (custom)
2021-09-05 14:30:03,380 [pool-190-thread-1] INFO  server.RaftServerConfigKeys (ConfUtils.java:logGet(44)) - raft.server.log.corruption.policy = EXCEPTION (default)
2021-09-05 14:30:03,380 [pool-190-thread-1] INFO  server.RaftServerConfigKeys (ConfUtils.java:logGet(44)) - raft.server.storage.free-space.min = 0MB (=0) (default)
2021-09-05 14:30:03,381 [pool-190-thread-1] INFO  storage.RaftStorageDirectory (RaftStorageDirectoryImpl.java:tryLock(230)) - Lock on /home/runner/work/ozone/ozone/hadoop-ozone/integration-test/target/test-dir/MiniOzoneClusterImpl-11ada6fe-a5c6-4827-8b3d-97db8748ad29/scmNode-1/scm-ha/11ada6fe-a5c6-4827-8b3d-97db8748ad29/in_use.lock acquired by nodename 23550@fv-az151-757
2021-09-05 14:30:03,382 [pool-190-thread-1] INFO  storage.RaftStorage (RaftStorageImpl.java:analyzeAndRecoverStorage(110)) - Read RaftStorageMetadata{term=1, votedFor=69e17fe3-75d6-40e2-b575-3df3d97ee56c} from /home/runner/work/ozone/ozone/hadoop-ozone/integration-test/target/test-dir/MiniOzoneClusterImpl-11ada6fe-a5c6-4827-8b3d-97db8748ad29/scmNode-1/scm-ha/11ada6fe-a5c6-4827-8b3d-97db8748ad29/current/raft-meta
2021-09-05 14:30:03,382 [pool-190-thread-1] INFO  server.RaftServer$Division (ServerState.java:setRaftConf(387)) - 69e17fe3-75d6-40e2-b575-3df3d97ee56c@group-97DB8748AD29: set configuration 0: [69e17fe3-75d6-40e2-b575-3df3d97ee56c|rpc:localhost:13968|admin:|client:|dataStream:|priority:0], old=null
2021-09-05 14:30:03,382 [pool-190-thread-1] INFO  server.RaftServerConfigKeys (ConfUtils.java:logGet(44)) - raft.server.notification.no-leader.timeout = 60s (default)
2021-09-05 14:30:03,382 [pool-190-thread-1] INFO  server.RaftServerConfigKeys (ConfUtils.java:logGet(44)) - raft.server.log.use.memory = false (default)
2021-09-05 14:30:03,382 [pool-190-thread-1] INFO  server.RaftServerConfigKeys (ConfUtils.java:logGet(44)) - raft.server.log.purge.gap = 5 (custom)
2021-09-05 14:30:03,382 [pool-190-thread-1] INFO  server.RaftServerConfigKeys (ConfUtils.java:logGet(44)) - raft.server.log.appender.buffer.byte-limit = 33554432 (custom)
2021-09-05 14:30:03,382 [pool-190-thread-1] INFO  server.RaftServerConfigKeys (ConfUtils.java:logGet(44)) - raft.server.log.segment.size.max = 16384 (custom)
2021-09-05 14:30:03,383 [pool-190-thread-1] INFO  server.RaftServerConfigKeys (ConfUtils.java:logGet(44)) - raft.server.log.segment.cache.num.max = 2 (custom)
2021-09-05 14:30:03,383 [pool-190-thread-1] INFO  server.RaftServerConfigKeys (ConfUtils.java:logGet(44)) - raft.server.log.segment.cache.size.max = 200MB (=209715200) (default)
2021-09-05 14:30:03,383 [pool-190-thread-1] INFO  segmented.SegmentedRaftLogWorker (SegmentedRaftLogWorker.java:<init>(182)) - new 69e17fe3-75d6-40e2-b575-3df3d97ee56c@group-97DB8748AD29-SegmentedRaftLogWorker for RaftStorageImpl:Storage Directory /home/runner/work/ozone/ozone/hadoop-ozone/integration-test/target/test-dir/MiniOzoneClusterImpl-11ada6fe-a5c6-4827-8b3d-97db8748ad29/scmNode-1/scm-ha/11ada6fe-a5c6-4827-8b3d-97db8748ad29
2021-09-05 14:30:03,383 [pool-190-thread-1] INFO  server.RaftServerConfigKeys (ConfUtils.java:logGet(44)) - raft.server.log.queue.byte-limit = 64MB (=67108864) (default)
2021-09-05 14:30:03,383 [pool-190-thread-1] INFO  server.RaftServerConfigKeys (ConfUtils.java:logGet(44)) - raft.server.log.queue.element-limit = 4096 (default)
2021-09-05 14:30:03,383 [pool-190-thread-1] INFO  server.RaftServerConfigKeys (ConfUtils.java:logGet(44)) - raft.server.log.segment.size.max = 16384 (custom)
2021-09-05 14:30:03,383 [pool-190-thread-1] INFO  server.RaftServerConfigKeys (ConfUtils.java:logGet(44)) - raft.server.log.preallocated.size = 16384 (custom)
2021-09-05 14:30:03,383 [pool-190-thread-1] INFO  server.RaftServerConfigKeys (ConfUtils.java:logGet(44)) - raft.server.log.force.sync.num = 128 (default)
2021-09-05 14:30:03,383 [pool-190-thread-1] INFO  server.RaftServerConfigKeys (ConfUtils.java:logGet(44)) - raft.server.log.statemachine.data.sync = true (default)
2021-09-05 14:30:03,383 [pool-190-thread-1] INFO  server.RaftServerConfigKeys (ConfUtils.java:logGet(44)) - raft.server.log.statemachine.data.sync.timeout = 10s (default)
2021-09-05 14:30:03,383 [pool-190-thread-1] INFO  server.RaftServerConfigKeys (ConfUtils.java:logGet(44)) - raft.server.log.statemachine.data.sync.timeout.retry = -1 (default)
2021-09-05 14:30:03,384 [pool-190-thread-1] INFO  server.RaftServerConfigKeys (ConfUtils.java:logGet(44)) - raft.server.log.write.buffer.size = 64KB (=65536) (default)
2021-09-05 14:30:03,384 [pool-190-thread-1] INFO  server.RaftServerConfigKeys (ConfUtils.java:logGet(44)) - raft.server.log.statemachine.data.caching.enabled = false (default)
2021-09-05 14:30:03,385 [pool-190-thread-1] INFO  server.RaftServer$Division (ServerState.java:setRaftConf(387)) - 69e17fe3-75d6-40e2-b575-3df3d97ee56c@group-97DB8748AD29: set configuration 0: [69e17fe3-75d6-40e2-b575-3df3d97ee56c|rpc:localhost:13968|admin:|client:|dataStream:|priority:0], old=null
2021-09-05 14:30:03,385 [pool-190-thread-1] INFO  segmented.LogSegment (LogSegment.java:loadSegment(173)) - Successfully read 1 entries from segment file /home/runner/work/ozone/ozone/hadoop-ozone/integration-test/target/test-dir/MiniOzoneClusterImpl-11ada6fe-a5c6-4827-8b3d-97db8748ad29/scmNode-1/scm-ha/11ada6fe-a5c6-4827-8b3d-97db8748ad29/current/log_inprogress_0
2021-09-05 14:30:03,385 [pool-190-thread-1] INFO  segmented.SegmentedRaftLogWorker (SegmentedRaftLogWorker.java:lambda$new$0(133)) - 69e17fe3-75d6-40e2-b575-3df3d97ee56c@group-97DB8748AD29-SegmentedRaftLogWorker: flushIndex: setUnconditionally 0 -> 0
2021-09-05 14:30:03,385 [pool-190-thread-1] INFO  segmented.SegmentedRaftLogWorker (SegmentedRaftLogWorker.java:lambda$new$0(133)) - 69e17fe3-75d6-40e2-b575-3df3d97ee56c@group-97DB8748AD29-SegmentedRaftLogWorker: safeCacheEvictIndex: setUnconditionally 0 -> -1
2021-09-05 14:30:03,398 [pool-190-thread-1] INFO  server.RaftServerConfigKeys (ConfUtils.java:logGet(44)) - raft.server.snapshot.auto.trigger.enabled = true (custom)
2021-09-05 14:30:03,398 [pool-190-thread-1] INFO  server.RaftServerConfigKeys (ConfUtils.java:logGet(44)) - raft.server.snapshot.auto.trigger.threshold = 5 (custom)
2021-09-05 14:30:03,398 [pool-190-thread-1] INFO  server.RaftServerConfigKeys (ConfUtils.java:logGet(44)) - raft.server.snapshot.retention.file.num = -1 (default)
2021-09-05 14:30:03,398 [pool-190-thread-1] INFO  server.RaftServerConfigKeys (ConfUtils.java:logGet(44)) - raft.server.log.purge.upto.snapshot.index = true (custom)
2021-09-05 14:30:03,398 [pool-190-thread-1] INFO  server.RaftServerConfigKeys (ConfUtils.java:logGet(44)) - raft.server.retrycache.expirytime = 60000ms (default)
2021-09-05 14:30:03,398 [pool-190-thread-1] INFO  server.RaftServerConfigKeys (ConfUtils.java:logGet(44)) - raft.server.retrycache.statistics.expirytime = 100μs (default)
2021-09-05 14:30:03,399 [Listener at 127.0.0.1/10848] INFO  ha.SCMSnapshotProvider (SCMSnapshotProvider.java:<init>(66)) - Initializing SCM Snapshot Provider
2021-09-05 14:30:03,399 [Listener at 127.0.0.1/10848] WARN  server.ServerUtils (ServerUtils.java:getDefaultRatisDirectory(237)) - Storage directory for Ratis is not configured. It is a good idea to map this to an SSD disk. Falling back to ozone.metadata.dirs
2021-09-05 14:30:03,400 [Listener at 127.0.0.1/10848] WARN  ha.SCMHAUtils (SCMHAUtils.java:getSCMRatisSnapshotDirectory(146)) - SCM snapshot dir is not configured. Falling back to ozone.metadata.dirs config
2021-09-05 14:30:03,401 [Listener at 127.0.0.1/10848] INFO  ha.SequenceIdGenerator (SequenceIdGenerator.java:upgradeToSequenceId(327)) - upgrade localId to 107544261427200000
2021-09-05 14:30:03,401 [Listener at 127.0.0.1/10848] INFO  ha.SequenceIdGenerator (SequenceIdGenerator.java:upgradeToSequenceId(337)) - upgrade delTxnId to 0
2021-09-05 14:30:03,401 [Listener at 127.0.0.1/10848] INFO  ha.SequenceIdGenerator (SequenceIdGenerator.java:upgradeToSequenceId(351)) - upgrade containerId to 0
2021-09-05 14:30:03,401 [Listener at 127.0.0.1/10848] INFO  ha.SequenceIdGenerator (SequenceIdGenerator.java:<init>(217)) - Init the HA SequenceIdGenerator.
2021-09-05 14:30:03,405 [Listener at 127.0.0.1/10848] INFO  node.SCMNodeManager (SCMNodeManager.java:<init>(145)) - Entering startup safe mode.
2021-09-05 14:30:03,405 [Listener at 127.0.0.1/10848] INFO  algorithms.ContainerPlacementPolicyFactory (ContainerPlacementPolicyFactory.java:getPolicy(60)) - Create container placement policy of type org.apache.hadoop.hdds.scm.container.placement.algorithms.SCMContainerPlacementRandom
2021-09-05 14:30:03,406 [Listener at 127.0.0.1/10848] INFO  pipeline.PipelineStateManager (PipelineStateManagerV2Impl.java:initialize(78)) - No pipeline exists in current db
2021-09-05 14:30:03,406 [Listener at 127.0.0.1/10848] INFO  algorithms.LeaderChoosePolicyFactory (LeaderChoosePolicyFactory.java:getPolicy(57)) - Create leader choose policy of type org.apache.hadoop.hdds.scm.pipeline.leader.choose.algorithms.MinLeaderCountChoosePolicy
2021-09-05 14:30:03,406 [Listener at 127.0.0.1/10848] INFO  ha.SCMServiceManager (SCMServiceManager.java:register(43)) - Registering service BackgroundPipelineCreator.
2021-09-05 14:30:03,406 [Listener at 127.0.0.1/10848] INFO  pipeline.BackgroundPipelineCreator (BackgroundPipelineCreatorV2.java:start(130)) - Starting RatisPipelineUtilsThread.
2021-09-05 14:30:03,407 [Listener at 127.0.0.1/10848] INFO  algorithms.PipelineChoosePolicyFactory (PipelineChoosePolicyFactory.java:createPipelineChoosePolicyFromClass(73)) - Create pipeline choose policy of type org.apache.hadoop.hdds.scm.pipeline.choose.algorithms.RandomPipelineChoosePolicy
2021-09-05 14:30:03,408 [Listener at 127.0.0.1/10848] INFO  ha.SCMServiceManager (SCMServiceManager.java:register(43)) - Registering service SCMBlockDeletingService.
2021-09-05 14:30:03,408 [Listener at 127.0.0.1/10848] INFO  ha.SCMServiceManager (SCMServiceManager.java:register(43)) - Registering service ReplicationManager.
2021-09-05 14:30:03,408 [Listener at 127.0.0.1/10848] INFO  container.ReplicationManager (ReplicationManager.java:start(307)) - Starting Replication Monitor Thread.
2021-09-05 14:30:03,409 [Listener at 127.0.0.1/10848] INFO  safemode.ContainerSafeModeRule (ContainerSafeModeRule.java:<init>(89)) - containers with one replica threshold count 0
2021-09-05 14:30:03,409 [Listener at 127.0.0.1/10848] INFO  safemode.HealthyPipelineSafeModeRule (HealthyPipelineSafeModeRule.java:initializeRule(156)) - Total pipeline count is 0, healthy pipeline threshold count is 1
2021-09-05 14:30:03,409 [Listener at 127.0.0.1/10848] INFO  safemode.OneReplicaPipelineSafeModeRule (OneReplicaPipelineSafeModeRule.java:initializeRule(180)) - Total pipeline count is 0, pipeline's with at least one datanode reported threshold count is 0
2021-09-05 14:30:03,410 [Listener at 127.0.0.1/10848] INFO  ipc.CallQueueManager (CallQueueManager.java:<init>(90)) - Using callQueue: class java.util.concurrent.LinkedBlockingQueue, queueCapacity: 10000, scheduler: class org.apache.hadoop.ipc.DefaultRpcScheduler, ipcBackoff: false.
2021-09-05 14:30:03,411 [Socket Reader #1 for port 13969] INFO  ipc.Server (Server.java:run(1265)) - Starting Socket Reader #1 for port 13969
2021-09-05 14:30:03,411 [Listener at 0.0.0.0/13969] INFO  ipc.CallQueueManager (CallQueueManager.java:<init>(90)) - Using callQueue: class java.util.concurrent.LinkedBlockingQueue, queueCapacity: 10000, scheduler: class org.apache.hadoop.ipc.DefaultRpcScheduler, ipcBackoff: false.
2021-09-05 14:30:03,412 [Socket Reader #1 for port 13970] INFO  ipc.Server (Server.java:run(1265)) - Starting Socket Reader #1 for port 13970
2021-09-05 14:30:03,412 [Listener at 0.0.0.0/13970] INFO  ipc.CallQueueManager (CallQueueManager.java:<init>(90)) - Using callQueue: class java.util.concurrent.LinkedBlockingQueue, queueCapacity: 10000, scheduler: class org.apache.hadoop.ipc.DefaultRpcScheduler, ipcBackoff: false.
2021-09-05 14:30:03,413 [Socket Reader #1 for port 13971] INFO  ipc.Server (Server.java:run(1265)) - Starting Socket Reader #1 for port 13971
2021-09-05 14:30:03,423 [ReplicationMonitor] INFO  container.ReplicationManager (ReplicationManager.java:processAll(359)) - Replication Monitor Thread took 0 milliseconds for processing 0 containers.
2021-09-05 14:30:03,463 [Listener at 0.0.0.0/13971] INFO  algorithms.ContainerPlacementPolicyFactory (ContainerPlacementPolicyFactory.java:getPolicy(60)) - Create container placement policy of type org.apache.hadoop.hdds.scm.container.placement.algorithms.SCMContainerPlacementRandom
2021-09-05 14:30:03,477 [Listener at 0.0.0.0/13971] INFO  server.StorageContainerManager (StorageContainerManager.java:<init>(387)) - 
Container Balancer status:
Key                            Value
Running                        false
Container Balancer Configuration values:
Key                                                Value
Threshold                                          0.1
Max Datanodes to Involve per Iteration(ratio)      0.5
Max Size to Move per Iteration                     10737418240B

2021-09-05 14:30:03,477 [Listener at 0.0.0.0/13971] WARN  events.EventQueue (EventQueue.java:fireEvent(194)) - No event handler registered for event TypedEvent{payloadType=SafeModeStatus, name='Safe mode status'}
2021-09-05 14:30:03,477 [Listener at 0.0.0.0/13971] INFO  ha.SCMContext (SCMContext.java:updateSafeModeStatus(205)) - Update SafeModeStatus from SafeModeStatus{safeModeStatus=true, preCheckPassed=false} to SafeModeStatus{safeModeStatus=true, preCheckPassed=false}.
2021-09-05 14:30:03,478 [Listener at 0.0.0.0/13971] INFO  server.StorageContainerManager (StorageContainerManager.java:start(1256)) - StorageContainerLocationProtocol RPC server is listening at /0.0.0.0:13971
2021-09-05 14:30:03,478 [Listener at 0.0.0.0/13971] INFO  ha.SCMRatisServerImpl (SCMRatisServerImpl.java:start(177)) - starting ratis server 0.0.0.0:13968
2021-09-05 14:30:03,478 [Listener at 0.0.0.0/13971] INFO  server.RaftServer$Division (RaftServerImpl.java:start(296)) - 69e17fe3-75d6-40e2-b575-3df3d97ee56c@group-97DB8748AD29: start as a follower, conf=0: [69e17fe3-75d6-40e2-b575-3df3d97ee56c|rpc:localhost:13968|admin:|client:|dataStream:|priority:0], old=null
2021-09-05 14:30:03,478 [Listener at 0.0.0.0/13971] INFO  server.RaftServer$Division (RaftServerImpl.java:setRole(285)) - 69e17fe3-75d6-40e2-b575-3df3d97ee56c@group-97DB8748AD29: changes role from      null to FOLLOWER at term 1 for startAsFollower
2021-09-05 14:30:03,478 [Listener at 0.0.0.0/13971] INFO  impl.RoleInfo (RoleInfo.java:updateAndGet(130)) - 69e17fe3-75d6-40e2-b575-3df3d97ee56c: start 69e17fe3-75d6-40e2-b575-3df3d97ee56c@group-97DB8748AD29-FollowerState
2021-09-05 14:30:03,489 [Listener at 0.0.0.0/13971] INFO  util.JmxRegister (JmxRegister.java:tryRegister(44)) - Successfully registered JMX Bean with object name Ratis:service=RaftServer,group=group-97DB8748AD29,id=69e17fe3-75d6-40e2-b575-3df3d97ee56c
2021-09-05 14:30:03,494 [Listener at 0.0.0.0/13971] INFO  server.RaftServer (RaftServerProxy.java:lambda$start$5(374)) - 69e17fe3-75d6-40e2-b575-3df3d97ee56c: start RPC server
2021-09-05 14:30:03,495 [Listener at 0.0.0.0/13971] INFO  server.GrpcService (GrpcService.java:startImpl(253)) - 69e17fe3-75d6-40e2-b575-3df3d97ee56c: GrpcService started, listening on 13968
2021-09-05 14:30:03,496 [Listener at 0.0.0.0/13971] INFO  ha.SCMHAManagerImpl (SCMHAManagerImpl.java:start(120)) -  scm role is FOLLOWER peers [69e17fe3-75d6-40e2-b575-3df3d97ee56c|rpc:localhost:13968|admin:|client:|dataStream:|priority:0]
2021-09-05 14:30:03,496 [Listener at 0.0.0.0/13971] INFO  ha.InterSCMGrpcService (InterSCMGrpcProtocolService.java:start(94)) - Starting SCM Grpc Service at port 13972
2021-09-05 14:30:03,498 [Listener at 0.0.0.0/13971] WARN  impl.MetricsConfig (MetricsConfig.java:loadFirst(136)) - Cannot locate configuration: tried hadoop-metrics2-storagecontainermanager.properties,hadoop-metrics2.properties
2021-09-05 14:30:03,513 [Listener at 0.0.0.0/13971] INFO  impl.MetricsSystemImpl (MetricsSystemImpl.java:startTimer(378)) - Scheduled Metric snapshot period at 10 second(s).
2021-09-05 14:30:03,513 [Listener at 0.0.0.0/13971] INFO  impl.MetricsSystemImpl (MetricsSystemImpl.java:start(191)) - StorageContainerManager metrics system started
2021-09-05 14:30:03,515 [org.apache.ratis.util.JvmPauseMonitor$$Lambda$499/1326998608@60d33834] INFO  util.JvmPauseMonitor (JvmPauseMonitor.java:run(103)) - JvmPauseMonitor-69e17fe3-75d6-40e2-b575-3df3d97ee56c: Started
2021-09-05 14:30:03,581 [Listener at 0.0.0.0/13971] INFO  impl.MetricsSinkAdapter (MetricsSinkAdapter.java:start(204)) - Sink prometheus started
2021-09-05 14:30:03,585 [Listener at 0.0.0.0/13971] INFO  impl.MetricsSystemImpl (MetricsSystemImpl.java:registerSink(305)) - Registered sink prometheus
2021-09-05 14:30:03,626 [Listener at 0.0.0.0/13971] INFO  server.SCMClientProtocolServer (SCMClientProtocolServer.java:start(164)) - RPC server for Client  is listening at /0.0.0.0:13971
2021-09-05 14:30:03,641 [IPC Server Responder] INFO  ipc.Server (Server.java:run(1507)) - IPC Server Responder: starting
2021-09-05 14:30:03,653 [IPC Server listener on 13971] INFO  ipc.Server (Server.java:run(1344)) - IPC Server listener on 13971: starting
2021-09-05 14:30:03,742 [EndpointStateMachine task thread for /127.0.0.1:14531 - 0 ] INFO  ipc.Client (Client.java:handleConnectionFailure(977)) - Retrying connect to server: localhost/127.0.0.1:14531. Already tried 7 time(s); retry policy is RetryUpToMaximumCountWithFixedSleep(maxRetries=15, sleepTime=1000 MILLISECONDS)
2021-09-05 14:30:03,742 [EndpointStateMachine task thread for /127.0.0.1:14541 - 0 ] INFO  ipc.Client (Client.java:handleConnectionFailure(977)) - Retrying connect to server: localhost/127.0.0.1:14541. Already tried 6 time(s); retry policy is RetryUpToMaximumCountWithFixedSleep(maxRetries=15, sleepTime=1000 MILLISECONDS)
2021-09-05 14:30:03,743 [EndpointStateMachine task thread for /127.0.0.1:14521 - 0 ] INFO  ipc.Client (Client.java:handleConnectionFailure(977)) - Retrying connect to server: localhost/127.0.0.1:14521. Already tried 8 time(s); retry policy is RetryUpToMaximumCountWithFixedSleep(maxRetries=15, sleepTime=1000 MILLISECONDS)
2021-09-05 14:30:03,811 [Listener at 0.0.0.0/13971] INFO  server.StorageContainerManager (StorageContainerManager.java:start(1271)) - ScmBlockLocationProtocol RPC server is listening at /0.0.0.0:13970
2021-09-05 14:30:03,811 [Listener at 0.0.0.0/13971] INFO  server.SCMBlockProtocolServer (SCMBlockProtocolServer.java:start(151)) - RPC server for Block Protocol is listening at /0.0.0.0:13970
2021-09-05 14:30:03,812 [IPC Server Responder] INFO  ipc.Server (Server.java:run(1507)) - IPC Server Responder: starting
2021-09-05 14:30:03,812 [IPC Server listener on 13970] INFO  ipc.Server (Server.java:run(1344)) - IPC Server listener on 13970: starting
2021-09-05 14:30:03,819 [Listener at 0.0.0.0/13971] INFO  server.StorageContainerManager (StorageContainerManager.java:start(1277)) - ScmDatanodeProtocl RPC server is listening at /0.0.0.0:13969
2021-09-05 14:30:03,833 [Listener at 0.0.0.0/13971] INFO  http.BaseHttpServer (BaseHttpServer.java:newHttpServer2BuilderForOzone(209)) - Starting Web-server for scm at: http://0.0.0.0:13966
2021-09-05 14:30:03,833 [Listener at 0.0.0.0/13971] INFO  http.BaseHttpServer (BaseHttpServer.java:<init>(107)) - Hadoop Security Enabled: false Ozone Security Enabled: false Ozone HTTP Security Enabled: false 
2021-09-05 14:30:03,835 [Listener at 0.0.0.0/13971] INFO  server.AuthenticationFilter (AuthenticationFilter.java:constructSecretProvider(240)) - Unable to initialize FileSignerSecretProvider, falling back to use random secrets.
2021-09-05 14:30:03,835 [org.apache.hadoop.util.JvmPauseMonitor$Monitor@17de3ab5] INFO  util.JvmPauseMonitor (JvmPauseMonitor.java:run(188)) - Starting JVM pause monitor
2021-09-05 14:30:03,841 [Listener at 0.0.0.0/13971] WARN  http.HttpRequestLog (HttpRequestLog.java:getRequestLog(103)) - Jetty request log can only be enabled using Log4j
2021-09-05 14:30:03,842 [Listener at 0.0.0.0/13971] INFO  http.HttpServer2 (HttpServer2.java:addGlobalFilter(1030)) - Added global filter 'safety' (class=org.apache.hadoop.hdds.server.http.HttpServer2$QuotingInputFilter)
2021-09-05 14:30:03,843 [Listener at 0.0.0.0/13971] INFO  http.HttpServer2 (HttpServer2.java:addFilter(1006)) - Added filter static_user_filter (class=org.apache.hadoop.http.lib.StaticUserWebFilter$StaticUserFilter) to context scm
2021-09-05 14:30:03,843 [Listener at 0.0.0.0/13971] INFO  http.HttpServer2 (HttpServer2.java:addFilter(1014)) - Added filter static_user_filter (class=org.apache.hadoop.http.lib.StaticUserWebFilter$StaticUserFilter) to context logs
2021-09-05 14:30:03,843 [Listener at 0.0.0.0/13971] INFO  http.HttpServer2 (HttpServer2.java:addFilter(1014)) - Added filter static_user_filter (class=org.apache.hadoop.http.lib.StaticUserWebFilter$StaticUserFilter) to context static
2021-09-05 14:30:03,844 [Listener at 0.0.0.0/13971] INFO  http.HttpServer2 (HttpServer2.java:bindListener(1249)) - Jetty bound to port 13966
2021-09-05 14:30:03,844 [Listener at 0.0.0.0/13971] INFO  server.Server (Server.java:doStart(375)) - jetty-9.4.43.v20210629; built: 2021-06-30T11:07:22.254Z; git: 526006ecfa3af7f1a27ef3a288e2bef7ea9dd7e8; jvm 1.8.0_292-b10
2021-09-05 14:30:03,874 [Listener at 0.0.0.0/13971] INFO  server.session (DefaultSessionIdManager.java:doStart(334)) - DefaultSessionIdManager workerName=node0
2021-09-05 14:30:03,874 [Listener at 0.0.0.0/13971] INFO  server.session (DefaultSessionIdManager.java:doStart(339)) - No SessionScavenger set, using defaults
2021-09-05 14:30:03,874 [Listener at 0.0.0.0/13971] INFO  server.session (HouseKeeper.java:startScavenging(132)) - node0 Scavenging every 660000ms
2021-09-05 14:30:03,875 [Listener at 0.0.0.0/13971] INFO  handler.ContextHandler (ContextHandler.java:doStart(915)) - Started o.e.j.s.ServletContextHandler@470a65ae{logs,/logs,file:///home/runner/work/ozone/ozone/hadoop-ozone/integration-test/target/log,AVAILABLE}
2021-09-05 14:30:03,876 [Listener at 0.0.0.0/13971] INFO  handler.ContextHandler (ContextHandler.java:doStart(915)) - Started o.e.j.s.ServletContextHandler@485d3d1{static,/static,file:///home/runner/work/ozone/ozone/hadoop-ozone/integration-test/target/test-classes/webapps/static,AVAILABLE}
2021-09-05 14:30:03,879 [Listener at 0.0.0.0/13971] INFO  handler.ContextHandler (ContextHandler.java:doStart(915)) - Started o.e.j.w.WebAppContext@79b0128d{scm,/,file:///home/runner/work/ozone/ozone/hadoop-ozone/integration-test/target/test-classes/webapps/scm/,AVAILABLE}{file:/home/runner/work/ozone/ozone/hadoop-ozone/integration-test/target/test-classes/webapps/scm}
2021-09-05 14:30:03,889 [Listener at 0.0.0.0/13971] INFO  server.AbstractConnector (AbstractConnector.java:doStart(331)) - Started ServerConnector@11dcc499{HTTP/1.1, (http/1.1)}{0.0.0.0:13966}
2021-09-05 14:30:03,889 [Listener at 0.0.0.0/13971] INFO  server.Server (Server.java:doStart(415)) - Started @72196ms
2021-09-05 14:30:03,889 [Listener at 0.0.0.0/13971] WARN  impl.MetricsSystemImpl (MetricsSystemImpl.java:register(279)) - Sink prometheus already exists!
2021-09-05 14:30:03,890 [Listener at 0.0.0.0/13971] INFO  http.BaseHttpServer (BaseHttpServer.java:updateConnectorAddress(329)) - HTTP server of scm listening at http://0.0.0.0:13966
2021-09-05 14:30:03,890 [Listener at 0.0.0.0/13971] INFO  ozone.MiniOzoneHAClusterImpl (MiniOzoneHAClusterImpl.java:createSCMService(564)) - Started SCM RPC server at org.apache.hadoop.hdds.scm.server.SCMClientProtocolServer@3a784248
2021-09-05 14:30:03,891 [Listener at 0.0.0.0/13971] INFO  ha.SCMHANodeDetails (SCMHANodeDetails.java:loadSCMHAConfig(157)) - ServiceID for StorageContainerManager is scm-service-test1
2021-09-05 14:30:03,891 [Listener at 0.0.0.0/13971] INFO  ha.SCMHANodeDetails (SCMHANodeDetails.java:loadSCMHAConfig(168)) - ServiceID for StorageContainerManager is scm-service-test1
2021-09-05 14:30:03,891 [Listener at 0.0.0.0/13971] WARN  scm.ScmUtils (ScmUtils.java:logWarn(179)) - ConfigKey ozone.scm.block.client.address is deprecated, For configuring different ports for each SCM use PortConfigKey ozone.scm.block.client.port appended with serviceId and nodeId. If want to configure same port configure ozone.scm.block.client.port
2021-09-05 14:30:03,891 [Listener at 0.0.0.0/13971] WARN  scm.ScmUtils (ScmUtils.java:logWarn(179)) - ConfigKey ozone.scm.client.address is deprecated, For configuring different ports for each SCM use PortConfigKey ozone.scm.client.port appended with serviceId and nodeId. If want to configure same port configure ozone.scm.client.port
2021-09-05 14:30:03,891 [Listener at 0.0.0.0/13971] WARN  scm.ScmUtils (ScmUtils.java:logWarn(179)) - ConfigKey ozone.scm.datanode.address is deprecated, For configuring different ports for each SCM use PortConfigKey ozone.scm.datanode.port appended with serviceId and nodeId. If want to configure same port configure ozone.scm.datanode.port
2021-09-05 14:30:03,892 [Listener at 0.0.0.0/13971] WARN  scm.ScmUtils (ScmUtils.java:logWarn(179)) - ConfigKey ozone.scm.block.client.address is deprecated, For configuring different ports for each SCM use PortConfigKey ozone.scm.block.client.port appended with serviceId and nodeId. If want to configure same port configure ozone.scm.block.client.port
2021-09-05 14:30:03,892 [Listener at 0.0.0.0/13971] WARN  scm.ScmUtils (ScmUtils.java:logWarn(179)) - ConfigKey ozone.scm.client.address is deprecated, For configuring different ports for each SCM use PortConfigKey ozone.scm.client.port appended with serviceId and nodeId. If want to configure same port configure ozone.scm.client.port
2021-09-05 14:30:03,892 [Listener at 0.0.0.0/13971] WARN  scm.ScmUtils (ScmUtils.java:logWarn(179)) - ConfigKey ozone.scm.datanode.address is deprecated, For configuring different ports for each SCM use PortConfigKey ozone.scm.datanode.port appended with serviceId and nodeId. If want to configure same port configure ozone.scm.datanode.port
2021-09-05 14:30:03,892 [Listener at 0.0.0.0/13971] INFO  ha.SCMHANodeDetails (SCMHANodeDetails.java:loadSCMHAConfig(250)) - Found matching SCM address with SCMServiceId: scm-service-test1, SCMNodeId: scmNode-2, RPC Address: localhost:13978 and Ratis port: 13978
2021-09-05 14:30:03,892 [Listener at 0.0.0.0/13971] INFO  ha.SCMHANodeDetails (ConfUtils.java:setNodeSpecificConfigs(108)) - Setting configuration key ozone.scm.datanode.address with value of key ozone.scm.datanode.address.scm-service-test1.scmNode-2: 127.0.0.1:13979
2021-09-05 14:30:03,892 [Listener at 0.0.0.0/13971] INFO  ha.SCMHANodeDetails (ConfUtils.java:setNodeSpecificConfigs(108)) - Setting configuration key ozone.scm.block.client.address with value of key ozone.scm.block.client.address.scm-service-test1.scmNode-2: 127.0.0.1:13980
2021-09-05 14:30:03,892 [Listener at 0.0.0.0/13971] INFO  ha.SCMHANodeDetails (ConfUtils.java:setNodeSpecificConfigs(108)) - Setting configuration key ozone.scm.client.address with value of key ozone.scm.client.address.scm-service-test1.scmNode-2: 127.0.0.1:13981
2021-09-05 14:30:03,893 [Listener at 0.0.0.0/13971] INFO  ha.SCMHANodeDetails (ConfUtils.java:setNodeSpecificConfigs(108)) - Setting configuration key ozone.scm.ratis.port with value of key ozone.scm.ratis.port.scm-service-test1.scmNode-2: 13978
2021-09-05 14:30:03,893 [Listener at 0.0.0.0/13971] INFO  ha.SCMHANodeDetails (ConfUtils.java:setNodeSpecificConfigs(108)) - Setting configuration key ozone.scm.grpc.port with value of key ozone.scm.grpc.port.scm-service-test1.scmNode-2: 13982
2021-09-05 14:30:03,893 [Listener at 0.0.0.0/13971] INFO  ha.SCMHANodeDetails (ConfUtils.java:setNodeSpecificConfigs(108)) - Setting configuration key ozone.scm.http-address with value of key ozone.scm.http-address.scm-service-test1.scmNode-2: 127.0.0.1:13976
2021-09-05 14:30:03,893 [Listener at 0.0.0.0/13971] INFO  ha.SCMHANodeDetails (ConfUtils.java:setNodeSpecificConfigs(108)) - Setting configuration key ozone.scm.https-address with value of key ozone.scm.https-address.scm-service-test1.scmNode-2: 127.0.0.1:13977
2021-09-05 14:30:03,901 [Listener at 0.0.0.0/13971] INFO  ha.SCMHANodeDetails (ConfUtils.java:setNodeSpecificConfigs(108)) - Setting configuration key ozone.scm.address with value of key ozone.scm.address.scm-service-test1.scmNode-2: 127.0.0.1
2021-09-05 14:30:03,901 [Listener at 0.0.0.0/13971] WARN  scm.ScmUtils (ScmUtils.java:logWarn(179)) - ConfigKey ozone.scm.block.client.address is deprecated, For configuring different ports for each SCM use PortConfigKey ozone.scm.block.client.port appended with serviceId and nodeId. If want to configure same port configure ozone.scm.block.client.port
2021-09-05 14:30:03,901 [Listener at 0.0.0.0/13971] WARN  scm.ScmUtils (ScmUtils.java:logWarn(179)) - ConfigKey ozone.scm.client.address is deprecated, For configuring different ports for each SCM use PortConfigKey ozone.scm.client.port appended with serviceId and nodeId. If want to configure same port configure ozone.scm.client.port
2021-09-05 14:30:03,902 [Listener at 0.0.0.0/13971] WARN  scm.ScmUtils (ScmUtils.java:logWarn(179)) - ConfigKey ozone.scm.datanode.address is deprecated, For configuring different ports for each SCM use PortConfigKey ozone.scm.datanode.port appended with serviceId and nodeId. If want to configure same port configure ozone.scm.datanode.port
2021-09-05 14:30:03,910 [Listener at 0.0.0.0/13971] WARN  server.ServerUtils (ServerUtils.java:getScmDbDir(148)) - ozone.scm.db.dirs is not configured. We recommend adding this setting. Falling back to ozone.metadata.dirs instead.
2021-09-05 14:30:03,917 [Listener at 0.0.0.0/13971] INFO  ha.SCMNodeInfo (SCMNodeInfo.java:getPort(197)) - ConfigKey ozone.scm.client.address is deprecated, For configuring different ports for each SCM use PortConfigKey ozone.scm.client.port appended with serviceId and nodeId
2021-09-05 14:30:03,917 [Listener at 0.0.0.0/13971] INFO  ha.SCMNodeInfo (SCMNodeInfo.java:getPort(197)) - ConfigKey ozone.scm.block.client.address is deprecated, For configuring different ports for each SCM use PortConfigKey ozone.scm.block.client.port appended with serviceId and nodeId
2021-09-05 14:30:03,917 [Listener at 0.0.0.0/13971] INFO  ha.SCMNodeInfo (SCMNodeInfo.java:getPort(197)) - ConfigKey ozone.scm.datanode.address is deprecated, For configuring different ports for each SCM use PortConfigKey ozone.scm.datanode.port appended with serviceId and nodeId
2021-09-05 14:30:03,918 [Listener at 0.0.0.0/13971] INFO  ha.SCMNodeInfo (SCMNodeInfo.java:getPort(197)) - ConfigKey ozone.scm.client.address is deprecated, For configuring different ports for each SCM use PortConfigKey ozone.scm.client.port appended with serviceId and nodeId
2021-09-05 14:30:03,918 [Listener at 0.0.0.0/13971] INFO  ha.SCMNodeInfo (SCMNodeInfo.java:getPort(197)) - ConfigKey ozone.scm.block.client.address is deprecated, For configuring different ports for each SCM use PortConfigKey ozone.scm.block.client.port appended with serviceId and nodeId
2021-09-05 14:30:03,918 [Listener at 0.0.0.0/13971] INFO  ha.SCMNodeInfo (SCMNodeInfo.java:getPort(197)) - ConfigKey ozone.scm.datanode.address is deprecated, For configuring different ports for each SCM use PortConfigKey ozone.scm.datanode.port appended with serviceId and nodeId
2021-09-05 14:30:03,918 [Listener at 0.0.0.0/13971] INFO  ha.SCMNodeInfo (SCMNodeInfo.java:getPort(197)) - ConfigKey ozone.scm.client.address is deprecated, For configuring different ports for each SCM use PortConfigKey ozone.scm.client.port appended with serviceId and nodeId
2021-09-05 14:30:03,918 [Listener at 0.0.0.0/13971] INFO  ha.SCMNodeInfo (SCMNodeInfo.java:getPort(197)) - ConfigKey ozone.scm.block.client.address is deprecated, For configuring different ports for each SCM use PortConfigKey ozone.scm.block.client.port appended with serviceId and nodeId
2021-09-05 14:30:03,918 [Listener at 0.0.0.0/13971] INFO  ha.SCMNodeInfo (SCMNodeInfo.java:getPort(197)) - ConfigKey ozone.scm.datanode.address is deprecated, For configuring different ports for each SCM use PortConfigKey ozone.scm.datanode.port appended with serviceId and nodeId
2021-09-05 14:30:04,742 [EndpointStateMachine task thread for /127.0.0.1:14531 - 0 ] INFO  ipc.Client (Client.java:handleConnectionFailure(977)) - Retrying connect to server: localhost/127.0.0.1:14531. Already tried 8 time(s); retry policy is RetryUpToMaximumCountWithFixedSleep(maxRetries=15, sleepTime=1000 MILLISECONDS)
2021-09-05 14:30:04,743 [EndpointStateMachine task thread for /127.0.0.1:14541 - 0 ] INFO  ipc.Client (Client.java:handleConnectionFailure(977)) - Retrying connect to server: localhost/127.0.0.1:14541. Already tried 7 time(s); retry policy is RetryUpToMaximumCountWithFixedSleep(maxRetries=15, sleepTime=1000 MILLISECONDS)
2021-09-05 14:30:04,745 [EndpointStateMachine task thread for /127.0.0.1:14521 - 0 ] INFO  ipc.Client (Client.java:handleConnectionFailure(977)) - Retrying connect to server: localhost/127.0.0.1:14521. Already tried 9 time(s); retry policy is RetryUpToMaximumCountWithFixedSleep(maxRetries=15, sleepTime=1000 MILLISECONDS)
2021-09-05 14:30:05,743 [EndpointStateMachine task thread for /127.0.0.1:14531 - 0 ] INFO  ipc.Client (Client.java:handleConnectionFailure(977)) - Retrying connect to server: localhost/127.0.0.1:14531. Already tried 9 time(s); retry policy is RetryUpToMaximumCountWithFixedSleep(maxRetries=15, sleepTime=1000 MILLISECONDS)
2021-09-05 14:30:05,743 [EndpointStateMachine task thread for /127.0.0.1:14541 - 0 ] INFO  ipc.Client (Client.java:handleConnectionFailure(977)) - Retrying connect to server: localhost/127.0.0.1:14541. Already tried 8 time(s); retry policy is RetryUpToMaximumCountWithFixedSleep(maxRetries=15, sleepTime=1000 MILLISECONDS)
2021-09-05 14:30:05,745 [EndpointStateMachine task thread for /127.0.0.1:14521 - 0 ] INFO  ipc.Client (Client.java:handleConnectionFailure(977)) - Retrying connect to server: localhost/127.0.0.1:14521. Already tried 10 time(s); retry policy is RetryUpToMaximumCountWithFixedSleep(maxRetries=15, sleepTime=1000 MILLISECONDS)
2021-09-05 14:30:05,944 [Listener at 0.0.0.0/13971] INFO  retry.RetryInvocationHandler (RetryInvocationHandler.java:log(411)) - com.google.protobuf.ServiceException: java.net.ConnectException: Call From fv-az151-757/10.1.0.15 to localhost:13980 failed on connection exception: java.net.ConnectException: Connection refused; For more details see:  http://wiki.apache.org/hadoop/ConnectionRefused, while invoking $Proxy39.send over nodeId=scmNode-2,nodeAddress=/127.0.0.1:13980 after 1 failover attempts. Trying to failover after sleeping for 2000ms.
2021-09-05 14:30:06,743 [EndpointStateMachine task thread for /127.0.0.1:14541 - 0 ] INFO  ipc.Client (Client.java:handleConnectionFailure(977)) - Retrying connect to server: localhost/127.0.0.1:14541. Already tried 9 time(s); retry policy is RetryUpToMaximumCountWithFixedSleep(maxRetries=15, sleepTime=1000 MILLISECONDS)
2021-09-05 14:30:06,744 [EndpointStateMachine task thread for /127.0.0.1:14531 - 0 ] INFO  ipc.Client (Client.java:handleConnectionFailure(977)) - Retrying connect to server: localhost/127.0.0.1:14531. Already tried 10 time(s); retry policy is RetryUpToMaximumCountWithFixedSleep(maxRetries=15, sleepTime=1000 MILLISECONDS)
2021-09-05 14:30:06,746 [EndpointStateMachine task thread for /127.0.0.1:14521 - 0 ] INFO  ipc.Client (Client.java:handleConnectionFailure(977)) - Retrying connect to server: localhost/127.0.0.1:14521. Already tried 11 time(s); retry policy is RetryUpToMaximumCountWithFixedSleep(maxRetries=15, sleepTime=1000 MILLISECONDS)
2021-09-05 14:30:07,744 [EndpointStateMachine task thread for /127.0.0.1:14541 - 0 ] INFO  ipc.Client (Client.java:handleConnectionFailure(977)) - Retrying connect to server: localhost/127.0.0.1:14541. Already tried 10 time(s); retry policy is RetryUpToMaximumCountWithFixedSleep(maxRetries=15, sleepTime=1000 MILLISECONDS)
2021-09-05 14:30:07,744 [EndpointStateMachine task thread for /127.0.0.1:14531 - 0 ] INFO  ipc.Client (Client.java:handleConnectionFailure(977)) - Retrying connect to server: localhost/127.0.0.1:14531. Already tried 11 time(s); retry policy is RetryUpToMaximumCountWithFixedSleep(maxRetries=15, sleepTime=1000 MILLISECONDS)
2021-09-05 14:30:07,747 [EndpointStateMachine task thread for /127.0.0.1:14521 - 0 ] INFO  ipc.Client (Client.java:handleConnectionFailure(977)) - Retrying connect to server: localhost/127.0.0.1:14521. Already tried 12 time(s); retry policy is RetryUpToMaximumCountWithFixedSleep(maxRetries=15, sleepTime=1000 MILLISECONDS)
2021-09-05 14:30:07,945 [Listener at 0.0.0.0/13971] INFO  retry.RetryInvocationHandler (RetryInvocationHandler.java:log(411)) - com.google.protobuf.ServiceException: java.net.ConnectException: Call From fv-az151-757/10.1.0.15 to localhost:13990 failed on connection exception: java.net.ConnectException: Connection refused; For more details see:  http://wiki.apache.org/hadoop/ConnectionRefused, while invoking $Proxy39.send over nodeId=scmNode-3,nodeAddress=/127.0.0.1:13990 after 2 failover attempts. Trying to failover after sleeping for 2000ms.
2021-09-05 14:30:08,617 [69e17fe3-75d6-40e2-b575-3df3d97ee56c@group-97DB8748AD29-FollowerState] INFO  impl.FollowerState (FollowerState.java:run(134)) - 69e17fe3-75d6-40e2-b575-3df3d97ee56c@group-97DB8748AD29-FollowerState: change to CANDIDATE, lastRpcElapsedTime:5138588775ns, electionTimeout:5127ms
2021-09-05 14:30:08,617 [69e17fe3-75d6-40e2-b575-3df3d97ee56c@group-97DB8748AD29-FollowerState] INFO  impl.RoleInfo (RoleInfo.java:shutdownFollowerState(108)) - 69e17fe3-75d6-40e2-b575-3df3d97ee56c: shutdown 69e17fe3-75d6-40e2-b575-3df3d97ee56c@group-97DB8748AD29-FollowerState
2021-09-05 14:30:08,617 [69e17fe3-75d6-40e2-b575-3df3d97ee56c@group-97DB8748AD29-FollowerState] INFO  server.RaftServer$Division (RaftServerImpl.java:setRole(285)) - 69e17fe3-75d6-40e2-b575-3df3d97ee56c@group-97DB8748AD29: changes role from  FOLLOWER to CANDIDATE at term 1 for changeToCandidate
2021-09-05 14:30:08,618 [69e17fe3-75d6-40e2-b575-3df3d97ee56c@group-97DB8748AD29-FollowerState] INFO  server.RaftServerConfigKeys (ConfUtils.java:logGet(44)) - raft.server.leaderelection.pre-vote = false (custom)
2021-09-05 14:30:08,618 [69e17fe3-75d6-40e2-b575-3df3d97ee56c@group-97DB8748AD29-FollowerState] INFO  impl.RoleInfo (RoleInfo.java:updateAndGet(130)) - 69e17fe3-75d6-40e2-b575-3df3d97ee56c: start 69e17fe3-75d6-40e2-b575-3df3d97ee56c@group-97DB8748AD29-LeaderElection12
2021-09-05 14:30:08,651 [69e17fe3-75d6-40e2-b575-3df3d97ee56c@group-97DB8748AD29-LeaderElection12] INFO  impl.LeaderElection (LeaderElection.java:askForVotes(306)) - 69e17fe3-75d6-40e2-b575-3df3d97ee56c@group-97DB8748AD29-LeaderElection12 ELECTION round 0: submit vote requests at term 2 for 0: [69e17fe3-75d6-40e2-b575-3df3d97ee56c|rpc:localhost:13968|admin:|client:|dataStream:|priority:0], old=null
2021-09-05 14:30:08,651 [69e17fe3-75d6-40e2-b575-3df3d97ee56c@group-97DB8748AD29-LeaderElection12] INFO  impl.LeaderElection (LeaderElection.java:askForVotes(308)) - 69e17fe3-75d6-40e2-b575-3df3d97ee56c@group-97DB8748AD29-LeaderElection12 ELECTION round 0: result PASSED (term=2)
2021-09-05 14:30:08,651 [69e17fe3-75d6-40e2-b575-3df3d97ee56c@group-97DB8748AD29-LeaderElection12] INFO  impl.RoleInfo (RoleInfo.java:shutdownLeaderElection(121)) - 69e17fe3-75d6-40e2-b575-3df3d97ee56c: shutdown 69e17fe3-75d6-40e2-b575-3df3d97ee56c@group-97DB8748AD29-LeaderElection12
2021-09-05 14:30:08,651 [69e17fe3-75d6-40e2-b575-3df3d97ee56c@group-97DB8748AD29-LeaderElection12] INFO  server.RaftServer$Division (RaftServerImpl.java:setRole(285)) - 69e17fe3-75d6-40e2-b575-3df3d97ee56c@group-97DB8748AD29: changes role from CANDIDATE to LEADER at term 2 for changeToLeader
2021-09-05 14:30:08,651 [69e17fe3-75d6-40e2-b575-3df3d97ee56c@group-97DB8748AD29-LeaderElection12] INFO  ha.SCMStateMachine (SCMStateMachine.java:notifyLeaderChanged(252)) - current SCM becomes leader of term 2.
2021-09-05 14:30:08,651 [69e17fe3-75d6-40e2-b575-3df3d97ee56c@group-97DB8748AD29-LeaderElection12] INFO  ha.SCMContext (SCMContext.java:updateLeaderAndTerm(88)) - update <isLeader,term> from <false,0> to <true,2>
2021-09-05 14:30:08,651 [69e17fe3-75d6-40e2-b575-3df3d97ee56c@group-97DB8748AD29-LeaderElection12] INFO  server.RaftServer$Division (ServerState.java:setLeader(285)) - 69e17fe3-75d6-40e2-b575-3df3d97ee56c@group-97DB8748AD29: change Leader from null to 69e17fe3-75d6-40e2-b575-3df3d97ee56c at term 2 for becomeLeader, leader elected after 5268ms
2021-09-05 14:30:08,651 [69e17fe3-75d6-40e2-b575-3df3d97ee56c@group-97DB8748AD29-LeaderElection12] INFO  server.RaftServerConfigKeys (ConfUtils.java:logGet(44)) - raft.server.staging.catchup.gap = 1000 (default)
2021-09-05 14:30:08,651 [69e17fe3-75d6-40e2-b575-3df3d97ee56c@group-97DB8748AD29-LeaderElection12] INFO  server.RaftServerConfigKeys (ConfUtils.java:logGet(44)) - raft.server.write.element-limit = 4096 (default)
2021-09-05 14:30:08,651 [69e17fe3-75d6-40e2-b575-3df3d97ee56c@group-97DB8748AD29-LeaderElection12] INFO  server.RaftServerConfigKeys (ConfUtils.java:logGet(44)) - raft.server.write.byte-limit = 64MB (=67108864) (default)
2021-09-05 14:30:08,652 [69e17fe3-75d6-40e2-b575-3df3d97ee56c@group-97DB8748AD29-LeaderElection12] INFO  server.RaftServerConfigKeys (ConfUtils.java:logGet(44)) - raft.server.watch.timeout = 10s (default)
2021-09-05 14:30:08,652 [69e17fe3-75d6-40e2-b575-3df3d97ee56c@group-97DB8748AD29-LeaderElection12] INFO  server.RaftServerConfigKeys (ConfUtils.java:logGet(44)) - raft.server.watch.timeout.denomination = 1s (default)
2021-09-05 14:30:08,652 [69e17fe3-75d6-40e2-b575-3df3d97ee56c@group-97DB8748AD29-LeaderElection12] INFO  server.RaftServerConfigKeys (ConfUtils.java:logGet(44)) - raft.server.watch.element-limit = 65536 (default)
2021-09-05 14:30:08,652 [69e17fe3-75d6-40e2-b575-3df3d97ee56c@group-97DB8748AD29-LeaderElection12] INFO  impl.RoleInfo (RoleInfo.java:updateAndGet(130)) - 69e17fe3-75d6-40e2-b575-3df3d97ee56c: start 69e17fe3-75d6-40e2-b575-3df3d97ee56c@group-97DB8748AD29-LeaderStateImpl
2021-09-05 14:30:08,652 [69e17fe3-75d6-40e2-b575-3df3d97ee56c@group-97DB8748AD29-LeaderElection12] INFO  segmented.SegmentedRaftLogWorker (SegmentedRaftLogWorker.java:rollLogSegment(399)) - 69e17fe3-75d6-40e2-b575-3df3d97ee56c@group-97DB8748AD29-SegmentedRaftLogWorker: Rolling segment log-0_0 to index:0
2021-09-05 14:30:08,653 [69e17fe3-75d6-40e2-b575-3df3d97ee56c@group-97DB8748AD29-SegmentedRaftLogWorker] INFO  segmented.SegmentedRaftLogWorker (SegmentedRaftLogWorker.java:execute(558)) - 69e17fe3-75d6-40e2-b575-3df3d97ee56c@group-97DB8748AD29-SegmentedRaftLogWorker: Rolled log segment from /home/runner/work/ozone/ozone/hadoop-ozone/integration-test/target/test-dir/MiniOzoneClusterImpl-11ada6fe-a5c6-4827-8b3d-97db8748ad29/scmNode-1/scm-ha/11ada6fe-a5c6-4827-8b3d-97db8748ad29/current/log_inprogress_0 to /home/runner/work/ozone/ozone/hadoop-ozone/integration-test/target/test-dir/MiniOzoneClusterImpl-11ada6fe-a5c6-4827-8b3d-97db8748ad29/scmNode-1/scm-ha/11ada6fe-a5c6-4827-8b3d-97db8748ad29/current/log_0-0
2021-09-05 14:30:08,665 [69e17fe3-75d6-40e2-b575-3df3d97ee56c@group-97DB8748AD29-LeaderElection12] INFO  server.RaftServer$Division (ServerState.java:setRaftConf(387)) - 69e17fe3-75d6-40e2-b575-3df3d97ee56c@group-97DB8748AD29: set configuration 1: [69e17fe3-75d6-40e2-b575-3df3d97ee56c|rpc:localhost:13968|admin:|client:|dataStream:|priority:0], old=null
2021-09-05 14:30:08,670 [69e17fe3-75d6-40e2-b575-3df3d97ee56c@group-97DB8748AD29-SegmentedRaftLogWorker] INFO  segmented.SegmentedRaftLogWorker (SegmentedRaftLogWorker.java:execute(601)) - 69e17fe3-75d6-40e2-b575-3df3d97ee56c@group-97DB8748AD29-SegmentedRaftLogWorker: created new log segment /home/runner/work/ozone/ozone/hadoop-ozone/integration-test/target/test-dir/MiniOzoneClusterImpl-11ada6fe-a5c6-4827-8b3d-97db8748ad29/scmNode-1/scm-ha/11ada6fe-a5c6-4827-8b3d-97db8748ad29/current/log_inprogress_1
2021-09-05 14:30:08,671 [69e17fe3-75d6-40e2-b575-3df3d97ee56c@group-97DB8748AD29-StateMachineUpdater] INFO  ha.SCMContext (SCMContext.java:setLeaderReady(115)) - update <isLeaderReady> from <false> to <true>
2021-09-05 14:30:08,672 [69e17fe3-75d6-40e2-b575-3df3d97ee56c@group-97DB8748AD29-StateMachineUpdater] INFO  pipeline.BackgroundPipelineCreator (BackgroundPipelineCreatorV2.java:notifyStatusChanged(264)) - Service BackgroundPipelineCreator transitions to RUNNING.
2021-09-05 14:30:08,673 [69e17fe3-75d6-40e2-b575-3df3d97ee56c@group-97DB8748AD29-StateMachineUpdater] INFO  safemode.HealthyPipelineSafeModeRule (HealthyPipelineSafeModeRule.java:initializeRule(152)) - Refreshed total pipeline count is 0, healthy pipeline threshold count is 1
2021-09-05 14:30:08,673 [69e17fe3-75d6-40e2-b575-3df3d97ee56c@group-97DB8748AD29-StateMachineUpdater] INFO  safemode.ContainerSafeModeRule (ContainerSafeModeRule.java:reInitializeRule(177)) - Refreshed one replica container threshold 0, currentThreshold 0
2021-09-05 14:30:08,673 [69e17fe3-75d6-40e2-b575-3df3d97ee56c@group-97DB8748AD29-StateMachineUpdater] INFO  safemode.OneReplicaPipelineSafeModeRule (OneReplicaPipelineSafeModeRule.java:initializeRule(176)) - Refreshed Total pipeline count is 0, pipeline's with at least one datanode reported threshold count is 0
2021-09-05 14:30:08,673 [69e17fe3-75d6-40e2-b575-3df3d97ee56c@group-97DB8748AD29-StateMachineUpdater] INFO  server.SCMDatanodeProtocolServer (SCMDatanodeProtocolServer.java:start(181)) - RPC server for DataNodes is listening at /0.0.0.0:13969
2021-09-05 14:30:08,689 [IPC Server listener on 13969] INFO  ipc.Server (Server.java:run(1344)) - IPC Server listener on 13969: starting
2021-09-05 14:30:08,708 [IPC Server Responder] INFO  ipc.Server (Server.java:run(1507)) - IPC Server Responder: starting
2021-09-05 14:30:08,745 [EndpointStateMachine task thread for /127.0.0.1:14541 - 0 ] INFO  ipc.Client (Client.java:handleConnectionFailure(977)) - Retrying connect to server: localhost/127.0.0.1:14541. Already tried 11 time(s); retry policy is RetryUpToMaximumCountWithFixedSleep(maxRetries=15, sleepTime=1000 MILLISECONDS)
2021-09-05 14:30:08,746 [EndpointStateMachine task thread for /127.0.0.1:14531 - 0 ] INFO  ipc.Client (Client.java:handleConnectionFailure(977)) - Retrying connect to server: localhost/127.0.0.1:14531. Already tried 12 time(s); retry policy is RetryUpToMaximumCountWithFixedSleep(maxRetries=15, sleepTime=1000 MILLISECONDS)
2021-09-05 14:30:08,761 [EndpointStateMachine task thread for /127.0.0.1:14521 - 0 ] INFO  ipc.Client (Client.java:handleConnectionFailure(977)) - Retrying connect to server: localhost/127.0.0.1:14521. Already tried 13 time(s); retry policy is RetryUpToMaximumCountWithFixedSleep(maxRetries=15, sleepTime=1000 MILLISECONDS)
2021-09-05 14:30:09,745 [EndpointStateMachine task thread for /127.0.0.1:14541 - 0 ] INFO  ipc.Client (Client.java:handleConnectionFailure(977)) - Retrying connect to server: localhost/127.0.0.1:14541. Already tried 12 time(s); retry policy is RetryUpToMaximumCountWithFixedSleep(maxRetries=15, sleepTime=1000 MILLISECONDS)
2021-09-05 14:30:09,747 [EndpointStateMachine task thread for /127.0.0.1:14531 - 0 ] INFO  ipc.Client (Client.java:handleConnectionFailure(977)) - Retrying connect to server: localhost/127.0.0.1:14531. Already tried 13 time(s); retry policy is RetryUpToMaximumCountWithFixedSleep(maxRetries=15, sleepTime=1000 MILLISECONDS)
2021-09-05 14:30:09,765 [EndpointStateMachine task thread for /127.0.0.1:14521 - 0 ] INFO  ipc.Client (Client.java:handleConnectionFailure(977)) - Retrying connect to server: localhost/127.0.0.1:14521. Already tried 14 time(s); retry policy is RetryUpToMaximumCountWithFixedSleep(maxRetries=15, sleepTime=1000 MILLISECONDS)
2021-09-05 14:30:09,949 [Listener at 0.0.0.0/13971] INFO  server.StorageContainerManager (StorageContainerManager.java:scmBootstrap(955)) - SCM BootStrap  is successful for ClusterID 11ada6fe-a5c6-4827-8b3d-97db8748ad29, SCMID 9d3796c5-d907-4196-a355-2f07340af16c
2021-09-05 14:30:09,949 [Listener at 0.0.0.0/13971] INFO  server.StorageContainerManager (StorageContainerManager.java:scmBootstrap(957)) - Primary SCM Node ID 69e17fe3-75d6-40e2-b575-3df3d97ee56c
2021-09-05 14:30:09,949 [Listener at 0.0.0.0/13971] INFO  ha.SCMHANodeDetails (SCMHANodeDetails.java:loadSCMHAConfig(157)) - ServiceID for StorageContainerManager is scm-service-test1
2021-09-05 14:30:09,949 [Listener at 0.0.0.0/13971] INFO  ha.SCMHANodeDetails (SCMHANodeDetails.java:loadSCMHAConfig(168)) - ServiceID for StorageContainerManager is scm-service-test1
2021-09-05 14:30:09,950 [Listener at 0.0.0.0/13971] WARN  scm.ScmUtils (ScmUtils.java:logWarn(179)) - ConfigKey ozone.scm.block.client.address is deprecated, For configuring different ports for each SCM use PortConfigKey ozone.scm.block.client.port appended with serviceId and nodeId. If want to configure same port configure ozone.scm.block.client.port
2021-09-05 14:30:09,950 [Listener at 0.0.0.0/13971] WARN  scm.ScmUtils (ScmUtils.java:logWarn(179)) - ConfigKey ozone.scm.client.address is deprecated, For configuring different ports for each SCM use PortConfigKey ozone.scm.client.port appended with serviceId and nodeId. If want to configure same port configure ozone.scm.client.port
2021-09-05 14:30:09,950 [Listener at 0.0.0.0/13971] WARN  scm.ScmUtils (ScmUtils.java:logWarn(179)) - ConfigKey ozone.scm.datanode.address is deprecated, For configuring different ports for each SCM use PortConfigKey ozone.scm.datanode.port appended with serviceId and nodeId. If want to configure same port configure ozone.scm.datanode.port
2021-09-05 14:30:09,950 [Listener at 0.0.0.0/13971] WARN  scm.ScmUtils (ScmUtils.java:logWarn(179)) - ConfigKey ozone.scm.block.client.address is deprecated, For configuring different ports for each SCM use PortConfigKey ozone.scm.block.client.port appended with serviceId and nodeId. If want to configure same port configure ozone.scm.block.client.port
2021-09-05 14:30:09,950 [Listener at 0.0.0.0/13971] WARN  scm.ScmUtils (ScmUtils.java:logWarn(179)) - ConfigKey ozone.scm.client.address is deprecated, For configuring different ports for each SCM use PortConfigKey ozone.scm.client.port appended with serviceId and nodeId. If want to configure same port configure ozone.scm.client.port
2021-09-05 14:30:09,950 [Listener at 0.0.0.0/13971] WARN  scm.ScmUtils (ScmUtils.java:logWarn(179)) - ConfigKey ozone.scm.datanode.address is deprecated, For configuring different ports for each SCM use PortConfigKey ozone.scm.datanode.port appended with serviceId and nodeId. If want to configure same port configure ozone.scm.datanode.port
2021-09-05 14:30:09,950 [Listener at 0.0.0.0/13971] INFO  ha.SCMHANodeDetails (SCMHANodeDetails.java:loadSCMHAConfig(250)) - Found matching SCM address with SCMServiceId: scm-service-test1, SCMNodeId: scmNode-2, RPC Address: localhost:13978 and Ratis port: 13978
2021-09-05 14:30:09,951 [Listener at 0.0.0.0/13971] INFO  ha.SCMHANodeDetails (ConfUtils.java:setNodeSpecificConfigs(108)) - Setting configuration key ozone.scm.datanode.address with value of key ozone.scm.datanode.address.scm-service-test1.scmNode-2: 127.0.0.1:13979
2021-09-05 14:30:09,951 [Listener at 0.0.0.0/13971] INFO  ha.SCMHANodeDetails (ConfUtils.java:setNodeSpecificConfigs(108)) - Setting configuration key ozone.scm.block.client.address with value of key ozone.scm.block.client.address.scm-service-test1.scmNode-2: 127.0.0.1:13980
2021-09-05 14:30:09,951 [Listener at 0.0.0.0/13971] INFO  ha.SCMHANodeDetails (ConfUtils.java:setNodeSpecificConfigs(108)) - Setting configuration key ozone.scm.client.address with value of key ozone.scm.client.address.scm-service-test1.scmNode-2: 127.0.0.1:13981
2021-09-05 14:30:09,951 [Listener at 0.0.0.0/13971] INFO  ha.SCMHANodeDetails (ConfUtils.java:setNodeSpecificConfigs(108)) - Setting configuration key ozone.scm.ratis.port with value of key ozone.scm.ratis.port.scm-service-test1.scmNode-2: 13978
2021-09-05 14:30:09,951 [Listener at 0.0.0.0/13971] INFO  ha.SCMHANodeDetails (ConfUtils.java:setNodeSpecificConfigs(108)) - Setting configuration key ozone.scm.grpc.port with value of key ozone.scm.grpc.port.scm-service-test1.scmNode-2: 13982
2021-09-05 14:30:09,951 [Listener at 0.0.0.0/13971] INFO  ha.SCMHANodeDetails (ConfUtils.java:setNodeSpecificConfigs(108)) - Setting configuration key ozone.scm.http-address with value of key ozone.scm.http-address.scm-service-test1.scmNode-2: 127.0.0.1:13976
2021-09-05 14:30:09,951 [Listener at 0.0.0.0/13971] INFO  ha.SCMHANodeDetails (ConfUtils.java:setNodeSpecificConfigs(108)) - Setting configuration key ozone.scm.https-address with value of key ozone.scm.https-address.scm-service-test1.scmNode-2: 127.0.0.1:13977
2021-09-05 14:30:09,951 [Listener at 0.0.0.0/13971] INFO  ha.SCMHANodeDetails (ConfUtils.java:setNodeSpecificConfigs(108)) - Setting configuration key ozone.scm.address with value of key ozone.scm.address.scm-service-test1.scmNode-2: 127.0.0.1
2021-09-05 14:30:09,952 [Listener at 0.0.0.0/13971] WARN  scm.ScmUtils (ScmUtils.java:logWarn(179)) - ConfigKey ozone.scm.block.client.address is deprecated, For configuring different ports for each SCM use PortConfigKey ozone.scm.block.client.port appended with serviceId and nodeId. If want to configure same port configure ozone.scm.block.client.port
2021-09-05 14:30:09,952 [Listener at 0.0.0.0/13971] WARN  scm.ScmUtils (ScmUtils.java:logWarn(179)) - ConfigKey ozone.scm.client.address is deprecated, For configuring different ports for each SCM use PortConfigKey ozone.scm.client.port appended with serviceId and nodeId. If want to configure same port configure ozone.scm.client.port
2021-09-05 14:30:09,953 [Listener at 0.0.0.0/13971] WARN  scm.ScmUtils (ScmUtils.java:logWarn(179)) - ConfigKey ozone.scm.datanode.address is deprecated, For configuring different ports for each SCM use PortConfigKey ozone.scm.datanode.port appended with serviceId and nodeId. If want to configure same port configure ozone.scm.datanode.port
2021-09-05 14:30:09,954 [Listener at 0.0.0.0/13971] WARN  server.ServerUtils (ServerUtils.java:getScmDbDir(148)) - ozone.scm.db.dirs is not configured. We recommend adding this setting. Falling back to ozone.metadata.dirs instead.
2021-09-05 14:30:09,955 [Listener at 0.0.0.0/13971] INFO  upgrade.AbstractLayoutVersionManager (AbstractLayoutVersionManager.java:init(70)) - Initializing Layout version manager with metadata layout = SCM_HA (version = 2), software layout = SCM_HA (version = 2)
2021-09-05 14:30:10,084 [Listener at 0.0.0.0/13971] INFO  reflections.Reflections (Reflections.java:scan(232)) - Reflections took 128 ms to scan 7 urls, producing 120 keys and 275 values 
2021-09-05 14:30:10,094 [Listener at 0.0.0.0/13971] WARN  utils.HAUtils (HAUtils.java:getMetaDir(342)) - ozone.scm.db.dirs is not configured. We recommend adding this setting. Falling back to ozone.metadata.dirs instead.
2021-09-05 14:30:10,103 [Listener at 0.0.0.0/13971] WARN  db.DBStoreBuilder (DBStoreBuilder.java:applyDBDefinition(145)) - ozone.scm.db.dirs is not configured. We recommend adding this setting. Falling back to ozone.metadata.dirs instead.
2021-09-05 14:30:10,258 [Listener at 0.0.0.0/13971] INFO  net.NodeSchemaLoader (NodeSchemaLoader.java:loadSchemaFromFile(129)) - Loading schema from [jar:file:/home/runner/.m2/repository/org/apache/ozone/hdds-common/1.2.0-SNAPSHOT/hdds-common-1.2.0-SNAPSHOT.jar!/network-topology-default.xml]
2021-09-05 14:30:10,258 [Listener at 0.0.0.0/13971] INFO  net.NodeSchemaLoader (NodeSchemaLoader.java:loadSchema(176)) - Loading network topology layer schema file
2021-09-05 14:30:10,261 [Listener at 0.0.0.0/13971] WARN  impl.MetricRegistriesImpl (MetricRegistriesImpl.java:addReporterRegistration(111)) - New reporters are added after registries were created. Some metrics will be missing from the reporter. Please add reporter before adding any new registry.
2021-09-05 14:30:10,261 [Listener at 0.0.0.0/13971] WARN  impl.MetricRegistriesImpl (MetricRegistriesImpl.java:addReporterRegistration(111)) - New reporters are added after registries were created. Some metrics will be missing from the reporter. Please add reporter before adding any new registry.
2021-09-05 14:30:10,262 [Listener at 0.0.0.0/13971] INFO  ha.SCMRatisServerImpl (SCMRatisServerImpl.java:<init>(87)) - starting Raft server for scm:9d3796c5-d907-4196-a355-2f07340af16c
2021-09-05 14:30:10,262 [Listener at 0.0.0.0/13971] INFO  server.RaftServer (ConfUtils.java:logGet(44)) - raft.rpc.type = GRPC (default)
2021-09-05 14:30:10,262 [Listener at 0.0.0.0/13971] INFO  grpc.GrpcFactory (GrpcFactory.java:checkPooledByteBufAllocatorUseCacheForAllThreads(48)) - PERFORMANCE WARNING: useCacheForAllThreads is true that may cause Netty to create a lot garbage objects and, as a result, trigger GC.
	It is recommended to disable useCacheForAllThreads by setting -Dorg.apache.ratis.thirdparty.io.netty.allocator.useCacheForAllThreads=false in command line.
2021-09-05 14:30:10,263 [Listener at 0.0.0.0/13971] INFO  grpc.GrpcConfigKeys (ConfUtils.java:logGet(44)) - raft.grpc.admin.port = -1 (default)
2021-09-05 14:30:10,263 [Listener at 0.0.0.0/13971] INFO  grpc.GrpcConfigKeys (ConfUtils.java:logGet(44)) - raft.grpc.server.port = 13978 (custom)
2021-09-05 14:30:10,263 [Listener at 0.0.0.0/13971] INFO  grpc.GrpcConfigKeys (ConfUtils.java:logGet(44)) - raft.grpc.client.port = -1 (default)
2021-09-05 14:30:10,263 [Listener at 0.0.0.0/13971] INFO  grpc.GrpcConfigKeys (ConfUtils.java:logGet(44)) - raft.grpc.server.port = 13978 (custom)
2021-09-05 14:30:10,263 [Listener at 0.0.0.0/13971] INFO  grpc.GrpcConfigKeys (ConfUtils.java:logGet(44)) - raft.grpc.server.port = 13978 (custom)
2021-09-05 14:30:10,263 [Listener at 0.0.0.0/13971] INFO  server.GrpcService (ConfUtils.java:logGet(44)) - raft.grpc.message.size.max = 32m (=33554432) (custom)
2021-09-05 14:30:10,264 [Listener at 0.0.0.0/13971] INFO  server.RaftServerConfigKeys (ConfUtils.java:logGet(44)) - raft.server.log.appender.buffer.byte-limit = 33554432 (custom)
2021-09-05 14:30:10,264 [Listener at 0.0.0.0/13971] INFO  server.GrpcService (ConfUtils.java:logGet(44)) - raft.grpc.flow.control.window = 1MB (=1048576) (default)
2021-09-05 14:30:10,264 [Listener at 0.0.0.0/13971] INFO  server.RaftServerConfigKeys (ConfUtils.java:logGet(44)) - raft.server.rpc.request.timeout = 30000ms (custom)
2021-09-05 14:30:10,270 [Listener at 0.0.0.0/13971] INFO  impl.DataStreamServerImpl (ConfUtils.java:logGet(44)) - raft.datastream.type = DISABLED (default)
2021-09-05 14:30:10,270 [Listener at 0.0.0.0/13971] INFO  server.RaftServerConfigKeys (ConfUtils.java:logGet(44)) - raft.server.rpc.slowness.timeout = 120000ms (custom)
2021-09-05 14:30:10,270 [Listener at 0.0.0.0/13971] INFO  server.RaftServerConfigKeys (ConfUtils.java:logGet(44)) - raft.server.leaderelection.leader.step-down.wait-time = 10s (default)
2021-09-05 14:30:10,271 [Listener at 0.0.0.0/13971] INFO  server.RaftServerConfigKeys (ConfUtils.java:logGet(44)) - raft.server.storage.dir = [/home/runner/work/ozone/ozone/hadoop-ozone/integration-test/target/test-dir/MiniOzoneClusterImpl-11ada6fe-a5c6-4827-8b3d-97db8748ad29/scmNode-2/scm-ha] (custom)
2021-09-05 14:30:10,281 [Listener at 0.0.0.0/13971] INFO  server.RaftServer (RaftServerProxy.java:addNew(95)) - 9d3796c5-d907-4196-a355-2f07340af16c: addNew group-97DB8748AD29:[] returns group-97DB8748AD29:java.util.concurrent.CompletableFuture@79aac496[Not completed]
2021-09-05 14:30:10,285 [pool-209-thread-1] INFO  server.RaftServer$Division (RaftServerImpl.java:<init>(181)) - 9d3796c5-d907-4196-a355-2f07340af16c: new RaftServerImpl for group-97DB8748AD29:[] with SCMStateMachine:uninitialized
2021-09-05 14:30:10,288 [pool-209-thread-1] INFO  server.RaftServerConfigKeys (ConfUtils.java:logGet(44)) - raft.server.rpc.timeout.min = 5000ms (custom)
2021-09-05 14:30:10,288 [pool-209-thread-1] INFO  server.RaftServerConfigKeys (ConfUtils.java:logGet(44)) - raft.server.rpc.timeout.max = 5200ms (custom)
2021-09-05 14:30:10,288 [pool-209-thread-1] INFO  server.RaftServerConfigKeys (ConfUtils.java:logGet(44)) - raft.server.rpc.sleep.time = 25ms (default)
2021-09-05 14:30:10,288 [pool-209-thread-1] INFO  server.RaftServerConfigKeys (ConfUtils.java:logGet(44)) - raft.server.rpc.slowness.timeout = 120000ms (custom)
2021-09-05 14:30:10,288 [pool-209-thread-1] INFO  server.RaftServerConfigKeys (ConfUtils.java:logGet(44)) - raft.server.leaderelection.leader.step-down.wait-time = 10s (default)
2021-09-05 14:30:10,288 [pool-209-thread-1] INFO  server.RaftServerConfigKeys (ConfUtils.java:logGet(44)) - raft.server.sleep.deviation.threshold = 300ms (default)
2021-09-05 14:30:10,288 [pool-209-thread-1] INFO  server.RaftServerConfigKeys (ConfUtils.java:logGet(44)) - raft.server.log.appender.install.snapshot.enabled = false (custom)
2021-09-05 14:30:10,288 [pool-209-thread-1] INFO  server.RaftServer$Division (ServerState.java:<init>(105)) - 9d3796c5-d907-4196-a355-2f07340af16c@group-97DB8748AD29: ConfigurationManager, init=-1: [], old=null, confs=<EMPTY_MAP>
2021-09-05 14:30:10,288 [pool-209-thread-1] INFO  server.RaftServerConfigKeys (ConfUtils.java:logGet(44)) - raft.server.storage.dir = [/home/runner/work/ozone/ozone/hadoop-ozone/integration-test/target/test-dir/MiniOzoneClusterImpl-11ada6fe-a5c6-4827-8b3d-97db8748ad29/scmNode-2/scm-ha] (custom)
2021-09-05 14:30:10,289 [pool-209-thread-1] INFO  server.RaftServerConfigKeys (ConfUtils.java:logGet(44)) - raft.server.log.corruption.policy = EXCEPTION (default)
2021-09-05 14:30:10,289 [pool-209-thread-1] INFO  server.RaftServerConfigKeys (ConfUtils.java:logGet(44)) - raft.server.storage.free-space.min = 0MB (=0) (default)
2021-09-05 14:30:10,289 [pool-209-thread-1] INFO  storage.RaftStorageDirectory (RaftStorageDirectoryImpl.java:analyzeStorage(135)) - The storage directory /home/runner/work/ozone/ozone/hadoop-ozone/integration-test/target/test-dir/MiniOzoneClusterImpl-11ada6fe-a5c6-4827-8b3d-97db8748ad29/scmNode-2/scm-ha/11ada6fe-a5c6-4827-8b3d-97db8748ad29 does not exist. Creating ...
2021-09-05 14:30:10,290 [pool-209-thread-1] INFO  storage.RaftStorageDirectory (RaftStorageDirectoryImpl.java:tryLock(230)) - Lock on /home/runner/work/ozone/ozone/hadoop-ozone/integration-test/target/test-dir/MiniOzoneClusterImpl-11ada6fe-a5c6-4827-8b3d-97db8748ad29/scmNode-2/scm-ha/11ada6fe-a5c6-4827-8b3d-97db8748ad29/in_use.lock acquired by nodename 23550@fv-az151-757
2021-09-05 14:30:10,291 [pool-209-thread-1] INFO  storage.RaftStorage (RaftStorageImpl.java:format(89)) - Storage directory /home/runner/work/ozone/ozone/hadoop-ozone/integration-test/target/test-dir/MiniOzoneClusterImpl-11ada6fe-a5c6-4827-8b3d-97db8748ad29/scmNode-2/scm-ha/11ada6fe-a5c6-4827-8b3d-97db8748ad29 has been successfully formatted.
2021-09-05 14:30:10,292 [pool-209-thread-1] INFO  server.RaftServerConfigKeys (ConfUtils.java:logGet(44)) - raft.server.notification.no-leader.timeout = 60s (default)
2021-09-05 14:30:10,292 [pool-209-thread-1] INFO  server.RaftServerConfigKeys (ConfUtils.java:logGet(44)) - raft.server.log.use.memory = false (default)
2021-09-05 14:30:10,292 [pool-209-thread-1] INFO  server.RaftServerConfigKeys (ConfUtils.java:logGet(44)) - raft.server.log.purge.gap = 5 (custom)
2021-09-05 14:30:10,292 [pool-209-thread-1] INFO  server.RaftServerConfigKeys (ConfUtils.java:logGet(44)) - raft.server.log.appender.buffer.byte-limit = 33554432 (custom)
2021-09-05 14:30:10,292 [pool-209-thread-1] INFO  server.RaftServerConfigKeys (ConfUtils.java:logGet(44)) - raft.server.log.segment.size.max = 16384 (custom)
2021-09-05 14:30:10,292 [pool-209-thread-1] INFO  server.RaftServerConfigKeys (ConfUtils.java:logGet(44)) - raft.server.log.segment.cache.num.max = 2 (custom)
2021-09-05 14:30:10,292 [pool-209-thread-1] INFO  server.RaftServerConfigKeys (ConfUtils.java:logGet(44)) - raft.server.log.segment.cache.size.max = 200MB (=209715200) (default)
2021-09-05 14:30:10,292 [pool-209-thread-1] INFO  segmented.SegmentedRaftLogWorker (SegmentedRaftLogWorker.java:<init>(182)) - new 9d3796c5-d907-4196-a355-2f07340af16c@group-97DB8748AD29-SegmentedRaftLogWorker for RaftStorageImpl:Storage Directory /home/runner/work/ozone/ozone/hadoop-ozone/integration-test/target/test-dir/MiniOzoneClusterImpl-11ada6fe-a5c6-4827-8b3d-97db8748ad29/scmNode-2/scm-ha/11ada6fe-a5c6-4827-8b3d-97db8748ad29
2021-09-05 14:30:10,292 [pool-209-thread-1] INFO  server.RaftServerConfigKeys (ConfUtils.java:logGet(44)) - raft.server.log.queue.byte-limit = 64MB (=67108864) (default)
2021-09-05 14:30:10,292 [pool-209-thread-1] INFO  server.RaftServerConfigKeys (ConfUtils.java:logGet(44)) - raft.server.log.queue.element-limit = 4096 (default)
2021-09-05 14:30:10,293 [pool-209-thread-1] INFO  server.RaftServerConfigKeys (ConfUtils.java:logGet(44)) - raft.server.log.segment.size.max = 16384 (custom)
2021-09-05 14:30:10,293 [pool-209-thread-1] INFO  server.RaftServerConfigKeys (ConfUtils.java:logGet(44)) - raft.server.log.preallocated.size = 16384 (custom)
2021-09-05 14:30:10,293 [pool-209-thread-1] INFO  server.RaftServerConfigKeys (ConfUtils.java:logGet(44)) - raft.server.log.force.sync.num = 128 (default)
2021-09-05 14:30:10,293 [pool-209-thread-1] INFO  server.RaftServerConfigKeys (ConfUtils.java:logGet(44)) - raft.server.log.statemachine.data.sync = true (default)
2021-09-05 14:30:10,293 [pool-209-thread-1] INFO  server.RaftServerConfigKeys (ConfUtils.java:logGet(44)) - raft.server.log.statemachine.data.sync.timeout = 10s (default)
2021-09-05 14:30:10,293 [pool-209-thread-1] INFO  server.RaftServerConfigKeys (ConfUtils.java:logGet(44)) - raft.server.log.statemachine.data.sync.timeout.retry = -1 (default)
2021-09-05 14:30:10,293 [pool-209-thread-1] INFO  server.RaftServerConfigKeys (ConfUtils.java:logGet(44)) - raft.server.log.write.buffer.size = 64KB (=65536) (default)
2021-09-05 14:30:10,294 [pool-209-thread-1] INFO  server.RaftServerConfigKeys (ConfUtils.java:logGet(44)) - raft.server.log.statemachine.data.caching.enabled = false (default)
2021-09-05 14:30:10,294 [pool-209-thread-1] INFO  segmented.SegmentedRaftLogWorker (SegmentedRaftLogWorker.java:lambda$new$0(133)) - 9d3796c5-d907-4196-a355-2f07340af16c@group-97DB8748AD29-SegmentedRaftLogWorker: flushIndex: setUnconditionally 0 -> -1
2021-09-05 14:30:10,294 [pool-209-thread-1] INFO  segmented.SegmentedRaftLogWorker (SegmentedRaftLogWorker.java:lambda$new$0(133)) - 9d3796c5-d907-4196-a355-2f07340af16c@group-97DB8748AD29-SegmentedRaftLogWorker: safeCacheEvictIndex: setUnconditionally 0 -> -1
2021-09-05 14:30:10,297 [pool-209-thread-1] INFO  server.RaftServerConfigKeys (ConfUtils.java:logGet(44)) - raft.server.snapshot.auto.trigger.enabled = true (custom)
2021-09-05 14:30:10,297 [pool-209-thread-1] INFO  server.RaftServerConfigKeys (ConfUtils.java:logGet(44)) - raft.server.snapshot.auto.trigger.threshold = 5 (custom)
2021-09-05 14:30:10,297 [pool-209-thread-1] INFO  server.RaftServerConfigKeys (ConfUtils.java:logGet(44)) - raft.server.snapshot.retention.file.num = -1 (default)
2021-09-05 14:30:10,297 [pool-209-thread-1] INFO  server.RaftServerConfigKeys (ConfUtils.java:logGet(44)) - raft.server.log.purge.upto.snapshot.index = true (custom)
2021-09-05 14:30:10,297 [pool-209-thread-1] INFO  server.RaftServerConfigKeys (ConfUtils.java:logGet(44)) - raft.server.retrycache.expirytime = 60000ms (default)
2021-09-05 14:30:10,297 [pool-209-thread-1] INFO  server.RaftServerConfigKeys (ConfUtils.java:logGet(44)) - raft.server.retrycache.statistics.expirytime = 100μs (default)
2021-09-05 14:30:10,298 [Listener at 0.0.0.0/13971] INFO  ha.SCMSnapshotProvider (SCMSnapshotProvider.java:<init>(66)) - Initializing SCM Snapshot Provider
2021-09-05 14:30:10,299 [Listener at 0.0.0.0/13971] WARN  server.ServerUtils (ServerUtils.java:getDefaultRatisDirectory(237)) - Storage directory for Ratis is not configured. It is a good idea to map this to an SSD disk. Falling back to ozone.metadata.dirs
2021-09-05 14:30:10,299 [Listener at 0.0.0.0/13971] WARN  ha.SCMHAUtils (SCMHAUtils.java:getSCMRatisSnapshotDirectory(146)) - SCM snapshot dir is not configured. Falling back to ozone.metadata.dirs config
2021-09-05 14:30:10,300 [Listener at 0.0.0.0/13971] INFO  ha.SequenceIdGenerator (SequenceIdGenerator.java:upgradeToSequenceId(327)) - upgrade localId to 107544261427200000
2021-09-05 14:30:10,300 [Listener at 0.0.0.0/13971] INFO  ha.SequenceIdGenerator (SequenceIdGenerator.java:upgradeToSequenceId(337)) - upgrade delTxnId to 0
2021-09-05 14:30:10,300 [Listener at 0.0.0.0/13971] INFO  ha.SequenceIdGenerator (SequenceIdGenerator.java:upgradeToSequenceId(351)) - upgrade containerId to 0
2021-09-05 14:30:10,300 [Listener at 0.0.0.0/13971] INFO  ha.SequenceIdGenerator (SequenceIdGenerator.java:<init>(217)) - Init the HA SequenceIdGenerator.
2021-09-05 14:30:10,301 [Listener at 0.0.0.0/13971] WARN  server.ServerUtils (ServerUtils.java:sanitizeUserArgs(73)) - ozone.scm.stale.node.interval value = 300000 is larger than max = 100000 based on the key value of ozone.scm.heartbeat.thread.interval, reset to the max value 100000.
2021-09-05 14:30:10,301 [Listener at 0.0.0.0/13971] WARN  server.ServerUtils (ServerUtils.java:sanitizeUserArgs(73)) - ozone.scm.stale.node.interval value = 300000 is larger than max = 100000 based on the key value of ozone.scm.heartbeat.thread.interval, reset to the max value 100000.
2021-09-05 14:30:10,315 [Listener at 0.0.0.0/13971] INFO  node.SCMNodeManager (SCMNodeManager.java:<init>(145)) - Entering startup safe mode.
2021-09-05 14:30:10,316 [Listener at 0.0.0.0/13971] INFO  algorithms.ContainerPlacementPolicyFactory (ContainerPlacementPolicyFactory.java:getPolicy(60)) - Create container placement policy of type org.apache.hadoop.hdds.scm.container.placement.algorithms.SCMContainerPlacementRandom
2021-09-05 14:30:10,316 [Listener at 0.0.0.0/13971] INFO  pipeline.PipelineStateManager (PipelineStateManagerV2Impl.java:initialize(78)) - No pipeline exists in current db
2021-09-05 14:30:10,316 [Listener at 0.0.0.0/13971] INFO  algorithms.LeaderChoosePolicyFactory (LeaderChoosePolicyFactory.java:getPolicy(57)) - Create leader choose policy of type org.apache.hadoop.hdds.scm.pipeline.leader.choose.algorithms.MinLeaderCountChoosePolicy
2021-09-05 14:30:10,316 [Listener at 0.0.0.0/13971] INFO  ha.SCMServiceManager (SCMServiceManager.java:register(43)) - Registering service BackgroundPipelineCreator.
2021-09-05 14:30:10,317 [Listener at 0.0.0.0/13971] INFO  pipeline.BackgroundPipelineCreator (BackgroundPipelineCreatorV2.java:start(130)) - Starting RatisPipelineUtilsThread.
2021-09-05 14:30:10,317 [Listener at 0.0.0.0/13971] INFO  algorithms.PipelineChoosePolicyFactory (PipelineChoosePolicyFactory.java:createPipelineChoosePolicyFromClass(73)) - Create pipeline choose policy of type org.apache.hadoop.hdds.scm.pipeline.choose.algorithms.RandomPipelineChoosePolicy
2021-09-05 14:30:10,318 [Listener at 0.0.0.0/13971] INFO  ha.SCMServiceManager (SCMServiceManager.java:register(43)) - Registering service SCMBlockDeletingService.
2021-09-05 14:30:10,318 [Listener at 0.0.0.0/13971] INFO  ha.SCMServiceManager (SCMServiceManager.java:register(43)) - Registering service ReplicationManager.
2021-09-05 14:30:10,318 [Listener at 0.0.0.0/13971] INFO  container.ReplicationManager (ReplicationManager.java:start(307)) - Starting Replication Monitor Thread.
2021-09-05 14:30:10,325 [Listener at 0.0.0.0/13971] INFO  safemode.ContainerSafeModeRule (ContainerSafeModeRule.java:<init>(89)) - containers with one replica threshold count 0
2021-09-05 14:30:10,326 [Listener at 0.0.0.0/13971] INFO  safemode.HealthyPipelineSafeModeRule (HealthyPipelineSafeModeRule.java:initializeRule(156)) - Total pipeline count is 0, healthy pipeline threshold count is 1
2021-09-05 14:30:10,326 [Listener at 0.0.0.0/13971] INFO  safemode.OneReplicaPipelineSafeModeRule (OneReplicaPipelineSafeModeRule.java:initializeRule(180)) - Total pipeline count is 0, pipeline's with at least one datanode reported threshold count is 0
2021-09-05 14:30:10,339 [ReplicationMonitor] INFO  container.ReplicationManager (ReplicationManager.java:processAll(359)) - Replication Monitor Thread took 0 milliseconds for processing 0 containers.
2021-09-05 14:30:10,340 [Listener at 0.0.0.0/13971] INFO  ipc.CallQueueManager (CallQueueManager.java:<init>(90)) - Using callQueue: class java.util.concurrent.LinkedBlockingQueue, queueCapacity: 2000, scheduler: class org.apache.hadoop.ipc.DefaultRpcScheduler, ipcBackoff: false.
2021-09-05 14:30:10,361 [Socket Reader #1 for port 13979] INFO  ipc.Server (Server.java:run(1265)) - Starting Socket Reader #1 for port 13979
2021-09-05 14:30:10,379 [Listener at 0.0.0.0/13979] INFO  ipc.CallQueueManager (CallQueueManager.java:<init>(90)) - Using callQueue: class java.util.concurrent.LinkedBlockingQueue, queueCapacity: 2000, scheduler: class org.apache.hadoop.ipc.DefaultRpcScheduler, ipcBackoff: false.
2021-09-05 14:30:10,389 [Socket Reader #1 for port 13980] INFO  ipc.Server (Server.java:run(1265)) - Starting Socket Reader #1 for port 13980
2021-09-05 14:30:10,391 [Listener at 0.0.0.0/13980] INFO  ipc.CallQueueManager (CallQueueManager.java:<init>(90)) - Using callQueue: class java.util.concurrent.LinkedBlockingQueue, queueCapacity: 2000, scheduler: class org.apache.hadoop.ipc.DefaultRpcScheduler, ipcBackoff: false.
2021-09-05 14:30:10,413 [Socket Reader #1 for port 13981] INFO  ipc.Server (Server.java:run(1265)) - Starting Socket Reader #1 for port 13981
2021-09-05 14:30:10,482 [Listener at 0.0.0.0/13981] INFO  algorithms.ContainerPlacementPolicyFactory (ContainerPlacementPolicyFactory.java:getPolicy(60)) - Create container placement policy of type org.apache.hadoop.hdds.scm.container.placement.algorithms.SCMContainerPlacementRandom
2021-09-05 14:30:10,482 [Listener at 0.0.0.0/13981] INFO  server.StorageContainerManager (StorageContainerManager.java:<init>(387)) - 
Container Balancer status:
Key                            Value
Running                        false
Container Balancer Configuration values:
Key                                                Value
Threshold                                          0.1
Max Datanodes to Involve per Iteration(ratio)      0.5
Max Size to Move per Iteration                     10737418240B

2021-09-05 14:30:10,482 [Listener at 0.0.0.0/13981] WARN  events.EventQueue (EventQueue.java:fireEvent(194)) - No event handler registered for event TypedEvent{payloadType=SafeModeStatus, name='Safe mode status'}
2021-09-05 14:30:10,482 [Listener at 0.0.0.0/13981] INFO  ha.SCMContext (SCMContext.java:updateSafeModeStatus(205)) - Update SafeModeStatus from SafeModeStatus{safeModeStatus=true, preCheckPassed=false} to SafeModeStatus{safeModeStatus=true, preCheckPassed=false}.
2021-09-05 14:30:10,483 [Listener at 0.0.0.0/13981] INFO  server.StorageContainerManager (StorageContainerManager.java:start(1256)) - StorageContainerLocationProtocol RPC server is listening at /0.0.0.0:13981
2021-09-05 14:30:10,483 [Listener at 0.0.0.0/13981] INFO  ha.SCMRatisServerImpl (SCMRatisServerImpl.java:start(177)) - starting ratis server 0.0.0.0:13978
2021-09-05 14:30:10,483 [Listener at 0.0.0.0/13981] INFO  server.RaftServer$Division (RaftServerImpl.java:start(299)) - 9d3796c5-d907-4196-a355-2f07340af16c@group-97DB8748AD29: start with initializing state, conf=-1: [], old=null
2021-09-05 14:30:10,483 [Listener at 0.0.0.0/13981] INFO  server.RaftServer$Division (RaftServerImpl.java:setRole(285)) - 9d3796c5-d907-4196-a355-2f07340af16c@group-97DB8748AD29: changes role from      null to FOLLOWER at term 0 for startInitializing
2021-09-05 14:30:10,484 [Listener at 0.0.0.0/13981] INFO  util.JmxRegister (JmxRegister.java:tryRegister(44)) - Successfully registered JMX Bean with object name Ratis:service=RaftServer,group=group-97DB8748AD29,id=9d3796c5-d907-4196-a355-2f07340af16c
2021-09-05 14:30:10,494 [Listener at 0.0.0.0/13981] INFO  server.RaftServer (RaftServerProxy.java:lambda$start$5(374)) - 9d3796c5-d907-4196-a355-2f07340af16c: start RPC server
2021-09-05 14:30:10,499 [Listener at 0.0.0.0/13981] INFO  server.GrpcService (GrpcService.java:startImpl(253)) - 9d3796c5-d907-4196-a355-2f07340af16c: GrpcService started, listening on 13978
2021-09-05 14:30:10,510 [Listener at 0.0.0.0/13981] INFO  ha.SCMNodeInfo (SCMNodeInfo.java:getPort(197)) - ConfigKey ozone.scm.client.address is deprecated, For configuring different ports for each SCM use PortConfigKey ozone.scm.client.port appended with serviceId and nodeId
2021-09-05 14:30:10,510 [Listener at 0.0.0.0/13981] INFO  ha.SCMNodeInfo (SCMNodeInfo.java:getPort(197)) - ConfigKey ozone.scm.block.client.address is deprecated, For configuring different ports for each SCM use PortConfigKey ozone.scm.block.client.port appended with serviceId and nodeId
2021-09-05 14:30:10,510 [Listener at 0.0.0.0/13981] INFO  ha.SCMNodeInfo (SCMNodeInfo.java:getPort(197)) - ConfigKey ozone.scm.datanode.address is deprecated, For configuring different ports for each SCM use PortConfigKey ozone.scm.datanode.port appended with serviceId and nodeId
2021-09-05 14:30:10,510 [Listener at 0.0.0.0/13981] INFO  ha.SCMNodeInfo (SCMNodeInfo.java:getPort(197)) - ConfigKey ozone.scm.client.address is deprecated, For configuring different ports for each SCM use PortConfigKey ozone.scm.client.port appended with serviceId and nodeId
2021-09-05 14:30:10,510 [Listener at 0.0.0.0/13981] INFO  ha.SCMNodeInfo (SCMNodeInfo.java:getPort(197)) - ConfigKey ozone.scm.block.client.address is deprecated, For configuring different ports for each SCM use PortConfigKey ozone.scm.block.client.port appended with serviceId and nodeId
2021-09-05 14:30:10,510 [Listener at 0.0.0.0/13981] INFO  ha.SCMNodeInfo (SCMNodeInfo.java:getPort(197)) - ConfigKey ozone.scm.datanode.address is deprecated, For configuring different ports for each SCM use PortConfigKey ozone.scm.datanode.port appended with serviceId and nodeId
2021-09-05 14:30:10,510 [Listener at 0.0.0.0/13981] INFO  ha.SCMNodeInfo (SCMNodeInfo.java:getPort(197)) - ConfigKey ozone.scm.client.address is deprecated, For configuring different ports for each SCM use PortConfigKey ozone.scm.client.port appended with serviceId and nodeId
2021-09-05 14:30:10,510 [Listener at 0.0.0.0/13981] INFO  ha.SCMNodeInfo (SCMNodeInfo.java:getPort(197)) - ConfigKey ozone.scm.block.client.address is deprecated, For configuring different ports for each SCM use PortConfigKey ozone.scm.block.client.port appended with serviceId and nodeId
2021-09-05 14:30:10,511 [Listener at 0.0.0.0/13981] INFO  ha.SCMNodeInfo (SCMNodeInfo.java:getPort(197)) - ConfigKey ozone.scm.datanode.address is deprecated, For configuring different ports for each SCM use PortConfigKey ozone.scm.datanode.port appended with serviceId and nodeId
2021-09-05 14:30:10,512 [org.apache.ratis.util.JvmPauseMonitor$$Lambda$499/1326998608@4c39c972] INFO  util.JvmPauseMonitor (JvmPauseMonitor.java:run(103)) - JvmPauseMonitor-9d3796c5-d907-4196-a355-2f07340af16c: Started
2021-09-05 14:30:10,526 [IPC Server handler 1 on default port 13970] INFO  ha.SCMRatisServerImpl (SCMRatisServerImpl.java:addSCM(290)) - 69e17fe3-75d6-40e2-b575-3df3d97ee56c: Submitting SetConfiguration request to Ratis server with new SCM peers list: [69e17fe3-75d6-40e2-b575-3df3d97ee56c|rpc:localhost:13968|admin:|client:|dataStream:|priority:0, 9d3796c5-d907-4196-a355-2f07340af16c|rpc:localhost:13978|priority:0]
2021-09-05 14:30:10,527 [IPC Server handler 1 on default port 13970] INFO  server.RaftServer$Division (RaftServerImpl.java:setConfigurationAsync(971)) - 69e17fe3-75d6-40e2-b575-3df3d97ee56c@group-97DB8748AD29: receive setConfiguration SetConfigurationRequest:client-1F464CD33E50->69e17fe3-75d6-40e2-b575-3df3d97ee56c@group-97DB8748AD29, cid=0, seq=0, RW, null, peers:[69e17fe3-75d6-40e2-b575-3df3d97ee56c|rpc:localhost:13968|admin:|client:|dataStream:|priority:0, 9d3796c5-d907-4196-a355-2f07340af16c|rpc:localhost:13978|priority:0]
2021-09-05 14:30:10,527 [IPC Server handler 1 on default port 13970] INFO  server.RaftServer$Division (LeaderStateImpl.java:startSetConfiguration(345)) - 69e17fe3-75d6-40e2-b575-3df3d97ee56c@group-97DB8748AD29-LeaderStateImpl: startSetConfiguration SetConfigurationRequest:client-1F464CD33E50->69e17fe3-75d6-40e2-b575-3df3d97ee56c@group-97DB8748AD29, cid=0, seq=0, RW, null, peers:[69e17fe3-75d6-40e2-b575-3df3d97ee56c|rpc:localhost:13968|admin:|client:|dataStream:|priority:0, 9d3796c5-d907-4196-a355-2f07340af16c|rpc:localhost:13978|priority:0]
2021-09-05 14:30:10,527 [IPC Server handler 1 on default port 13970] INFO  server.RaftServerConfigKeys (ConfUtils.java:logGet(44)) - raft.server.log.appender.snapshot.chunk.size.max = 16MB (=16777216) (default)
2021-09-05 14:30:10,527 [IPC Server handler 1 on default port 13970] INFO  server.RaftServerConfigKeys (ConfUtils.java:logGet(44)) - raft.server.log.appender.buffer.byte-limit = 33554432 (custom)
2021-09-05 14:30:10,527 [IPC Server handler 1 on default port 13970] INFO  server.RaftServerConfigKeys (ConfUtils.java:logGet(44)) - raft.server.log.appender.buffer.element-limit = 1024 (custom)
2021-09-05 14:30:10,528 [IPC Server handler 1 on default port 13970] INFO  grpc.GrpcConfigKeys (ConfUtils.java:logGet(44)) - raft.grpc.server.leader.outstanding.appends.max = 128 (default)
2021-09-05 14:30:10,528 [IPC Server handler 1 on default port 13970] INFO  server.RaftServerConfigKeys (ConfUtils.java:logGet(44)) - raft.server.rpc.request.timeout = 30000ms (custom)
2021-09-05 14:30:10,528 [IPC Server handler 1 on default port 13970] INFO  server.RaftServerConfigKeys (ConfUtils.java:logGet(44)) - raft.server.log.appender.install.snapshot.enabled = false (custom)
2021-09-05 14:30:10,612 [grpc-default-executor-1] INFO  ha.SCMStateMachine (SCMStateMachine.java:notifyLeaderChanged(248)) - leader changed, yet current SCM is still follower.
2021-09-05 14:30:10,612 [grpc-default-executor-1] INFO  server.RaftServer$Division (ServerState.java:setLeader(285)) - 9d3796c5-d907-4196-a355-2f07340af16c@group-97DB8748AD29: change Leader from null to 69e17fe3-75d6-40e2-b575-3df3d97ee56c at term 2 for appendEntries, leader elected after 320ms
2021-09-05 14:30:10,612 [grpc-default-executor-1] INFO  impl.RoleInfo (RoleInfo.java:updateAndGet(130)) - 9d3796c5-d907-4196-a355-2f07340af16c: start 9d3796c5-d907-4196-a355-2f07340af16c@group-97DB8748AD29-FollowerState
2021-09-05 14:30:10,634 [grpc-default-executor-1] INFO  server.RaftServer$Division (ServerState.java:setRaftConf(387)) - 9d3796c5-d907-4196-a355-2f07340af16c@group-97DB8748AD29: set configuration 0: [69e17fe3-75d6-40e2-b575-3df3d97ee56c|rpc:localhost:13968|admin:|client:|dataStream:|priority:0], old=null
2021-09-05 14:30:10,634 [grpc-default-executor-1] INFO  server.RaftServer$Division (ServerState.java:setRaftConf(387)) - 9d3796c5-d907-4196-a355-2f07340af16c@group-97DB8748AD29: set configuration 1: [69e17fe3-75d6-40e2-b575-3df3d97ee56c|rpc:localhost:13968|admin:|client:|dataStream:|priority:0], old=null
2021-09-05 14:30:10,634 [grpc-default-executor-1] INFO  segmented.SegmentedRaftLogWorker (SegmentedRaftLogWorker.java:startLogSegment(394)) - 9d3796c5-d907-4196-a355-2f07340af16c@group-97DB8748AD29-SegmentedRaftLogWorker: Starting segment from index:0
2021-09-05 14:30:10,635 [grpc-default-executor-1] INFO  segmented.SegmentedRaftLogWorker (SegmentedRaftLogWorker.java:rollLogSegment(399)) - 9d3796c5-d907-4196-a355-2f07340af16c@group-97DB8748AD29-SegmentedRaftLogWorker: Rolling segment log-0_0 to index:0
2021-09-05 14:30:10,639 [9d3796c5-d907-4196-a355-2f07340af16c@group-97DB8748AD29-SegmentedRaftLogWorker] INFO  segmented.SegmentedRaftLogWorker (SegmentedRaftLogWorker.java:execute(601)) - 9d3796c5-d907-4196-a355-2f07340af16c@group-97DB8748AD29-SegmentedRaftLogWorker: created new log segment /home/runner/work/ozone/ozone/hadoop-ozone/integration-test/target/test-dir/MiniOzoneClusterImpl-11ada6fe-a5c6-4827-8b3d-97db8748ad29/scmNode-2/scm-ha/11ada6fe-a5c6-4827-8b3d-97db8748ad29/current/log_inprogress_0
2021-09-05 14:30:10,640 [9d3796c5-d907-4196-a355-2f07340af16c@group-97DB8748AD29-SegmentedRaftLogWorker] INFO  segmented.SegmentedRaftLogWorker (SegmentedRaftLogWorker.java:execute(558)) - 9d3796c5-d907-4196-a355-2f07340af16c@group-97DB8748AD29-SegmentedRaftLogWorker: Rolled log segment from /home/runner/work/ozone/ozone/hadoop-ozone/integration-test/target/test-dir/MiniOzoneClusterImpl-11ada6fe-a5c6-4827-8b3d-97db8748ad29/scmNode-2/scm-ha/11ada6fe-a5c6-4827-8b3d-97db8748ad29/current/log_inprogress_0 to /home/runner/work/ozone/ozone/hadoop-ozone/integration-test/target/test-dir/MiniOzoneClusterImpl-11ada6fe-a5c6-4827-8b3d-97db8748ad29/scmNode-2/scm-ha/11ada6fe-a5c6-4827-8b3d-97db8748ad29/current/log_0-0
2021-09-05 14:30:10,641 [9d3796c5-d907-4196-a355-2f07340af16c@group-97DB8748AD29-SegmentedRaftLogWorker] INFO  segmented.SegmentedRaftLogWorker (SegmentedRaftLogWorker.java:execute(601)) - 9d3796c5-d907-4196-a355-2f07340af16c@group-97DB8748AD29-SegmentedRaftLogWorker: created new log segment /home/runner/work/ozone/ozone/hadoop-ozone/integration-test/target/test-dir/MiniOzoneClusterImpl-11ada6fe-a5c6-4827-8b3d-97db8748ad29/scmNode-2/scm-ha/11ada6fe-a5c6-4827-8b3d-97db8748ad29/current/log_inprogress_1
2021-09-05 14:30:10,665 [9d3796c5-d907-4196-a355-2f07340af16c@group-97DB8748AD29-StateMachineUpdater] INFO  safemode.HealthyPipelineSafeModeRule (HealthyPipelineSafeModeRule.java:initializeRule(152)) - Refreshed total pipeline count is 0, healthy pipeline threshold count is 1
2021-09-05 14:30:10,665 [9d3796c5-d907-4196-a355-2f07340af16c@group-97DB8748AD29-StateMachineUpdater] INFO  safemode.ContainerSafeModeRule (ContainerSafeModeRule.java:reInitializeRule(177)) - Refreshed one replica container threshold 0, currentThreshold 0
2021-09-05 14:30:10,665 [9d3796c5-d907-4196-a355-2f07340af16c@group-97DB8748AD29-StateMachineUpdater] INFO  safemode.OneReplicaPipelineSafeModeRule (OneReplicaPipelineSafeModeRule.java:initializeRule(176)) - Refreshed Total pipeline count is 0, pipeline's with at least one datanode reported threshold count is 0
2021-09-05 14:30:10,666 [9d3796c5-d907-4196-a355-2f07340af16c@group-97DB8748AD29-StateMachineUpdater] INFO  server.SCMDatanodeProtocolServer (SCMDatanodeProtocolServer.java:start(181)) - RPC server for DataNodes is listening at /0.0.0.0:13979
2021-09-05 14:30:10,671 [IPC Server listener on 13979] INFO  ipc.Server (Server.java:run(1344)) - IPC Server listener on 13979: starting
2021-09-05 14:30:10,682 [IPC Server Responder] INFO  ipc.Server (Server.java:run(1507)) - IPC Server Responder: starting
2021-09-05 14:30:10,686 [69e17fe3-75d6-40e2-b575-3df3d97ee56c@group-97DB8748AD29-LeaderStateImpl] INFO  server.RaftServer$Division (ServerState.java:setRaftConf(387)) - 69e17fe3-75d6-40e2-b575-3df3d97ee56c@group-97DB8748AD29: set configuration 3: [69e17fe3-75d6-40e2-b575-3df3d97ee56c|rpc:localhost:13968|admin:|client:|dataStream:|priority:0, 9d3796c5-d907-4196-a355-2f07340af16c|rpc:localhost:13978|priority:0], old=[69e17fe3-75d6-40e2-b575-3df3d97ee56c|rpc:localhost:13968|admin:|client:|dataStream:|priority:0]
2021-09-05 14:30:10,689 [grpc-default-executor-1] INFO  server.RaftServer$Division (ServerState.java:setRaftConf(387)) - 9d3796c5-d907-4196-a355-2f07340af16c@group-97DB8748AD29: set configuration 3: [69e17fe3-75d6-40e2-b575-3df3d97ee56c|rpc:localhost:13968|admin:|client:|dataStream:|priority:0, 9d3796c5-d907-4196-a355-2f07340af16c|rpc:localhost:13978|admin:|client:|dataStream:|priority:0], old=[69e17fe3-75d6-40e2-b575-3df3d97ee56c|rpc:localhost:13968|admin:|client:|dataStream:|priority:0]
2021-09-05 14:30:10,698 [69e17fe3-75d6-40e2-b575-3df3d97ee56c@group-97DB8748AD29-LeaderStateImpl] INFO  server.RaftServer$Division (ServerState.java:setRaftConf(387)) - 69e17fe3-75d6-40e2-b575-3df3d97ee56c@group-97DB8748AD29: set configuration 5: [69e17fe3-75d6-40e2-b575-3df3d97ee56c|rpc:localhost:13968|admin:|client:|dataStream:|priority:0, 9d3796c5-d907-4196-a355-2f07340af16c|rpc:localhost:13978|priority:0], old=null
2021-09-05 14:30:10,699 [grpc-default-executor-1] INFO  server.RaftServer$Division (ServerState.java:setRaftConf(387)) - 9d3796c5-d907-4196-a355-2f07340af16c@group-97DB8748AD29: set configuration 5: [69e17fe3-75d6-40e2-b575-3df3d97ee56c|rpc:localhost:13968|admin:|client:|dataStream:|priority:0, 9d3796c5-d907-4196-a355-2f07340af16c|rpc:localhost:13978|admin:|client:|dataStream:|priority:0], old=null
2021-09-05 14:30:10,709 [69e17fe3-75d6-40e2-b575-3df3d97ee56c@group-97DB8748AD29-StateMachineUpdater] INFO  ha.SCMStateMachine (SCMStateMachine.java:takeSnapshot(290)) - Current Snapshot Index 5, takeSnapshot took 0 ms
2021-09-05 14:30:10,709 [69e17fe3-75d6-40e2-b575-3df3d97ee56c@group-97DB8748AD29-StateMachineUpdater] INFO  impl.StateMachineUpdater (StateMachineUpdater.java:takeSnapshot(281)) - 69e17fe3-75d6-40e2-b575-3df3d97ee56c@group-97DB8748AD29-StateMachineUpdater: Took a snapshot at index 5
2021-09-05 14:30:10,709 [69e17fe3-75d6-40e2-b575-3df3d97ee56c@group-97DB8748AD29-StateMachineUpdater] INFO  impl.StateMachineUpdater (StateMachineUpdater.java:lambda$new$0(89)) - 69e17fe3-75d6-40e2-b575-3df3d97ee56c@group-97DB8748AD29-StateMachineUpdater: snapshotIndex: updateIncreasingly -1 -> 5
2021-09-05 14:30:10,709 [69e17fe3-75d6-40e2-b575-3df3d97ee56c@group-97DB8748AD29-StateMachineUpdater] INFO  raftlog.RaftLog (RaftLogBase.java:purge(306)) - 69e17fe3-75d6-40e2-b575-3df3d97ee56c@group-97DB8748AD29-SegmentedRaftLog: purge 5
2021-09-05 14:30:10,709 [69e17fe3-75d6-40e2-b575-3df3d97ee56c@group-97DB8748AD29-StateMachineUpdater] INFO  raftlog.RaftLog (RaftLogBase.java:lambda$new$0(53)) - 69e17fe3-75d6-40e2-b575-3df3d97ee56c@group-97DB8748AD29-SegmentedRaftLog: snapshotIndex: updateIncreasingly -1 -> 5
2021-09-05 14:30:10,709 [69e17fe3-75d6-40e2-b575-3df3d97ee56c@group-97DB8748AD29-SegmentedRaftLogWorker] INFO  raftlog.RaftLog (RaftLogBase.java:lambda$new$0(53)) - 69e17fe3-75d6-40e2-b575-3df3d97ee56c@group-97DB8748AD29-SegmentedRaftLog: purgeIndex: updateToMax old=-1, new=0, updated? true
2021-09-05 14:30:10,709 [IPC Server handler 1 on default port 13970] INFO  ha.SCMRatisServerImpl (SCMRatisServerImpl.java:addSCM(301)) - Successfully added new SCM: 9d3796c5-d907-4196-a355-2f07340af16c.
2021-09-05 14:30:10,710 [Listener at 0.0.0.0/13981] INFO  ha.SCMHAManagerImpl (SCMHAManagerImpl.java:start(116)) - Successfully added SCM scmNode-2 to group group-97DB8748AD29:[69e17fe3-75d6-40e2-b575-3df3d97ee56c|rpc:localhost:13968|admin:|client:|dataStream:|priority:0, 9d3796c5-d907-4196-a355-2f07340af16c|rpc:localhost:13978|admin:|client:|dataStream:|priority:0]
2021-09-05 14:30:10,710 [Listener at 0.0.0.0/13981] INFO  ha.InterSCMGrpcService (InterSCMGrpcProtocolService.java:start(94)) - Starting SCM Grpc Service at port 13982
2021-09-05 14:30:10,712 [Listener at 0.0.0.0/13981] INFO  impl.MetricsSystemImpl (MetricsSystemImpl.java:init(158)) - StorageContainerManager metrics system started (again)
2021-09-05 14:30:10,728 [9d3796c5-d907-4196-a355-2f07340af16c@group-97DB8748AD29-StateMachineUpdater] INFO  ha.SCMStateMachine (SCMStateMachine.java:takeSnapshot(290)) - Current Snapshot Index 5, takeSnapshot took 1 ms
2021-09-05 14:30:10,728 [9d3796c5-d907-4196-a355-2f07340af16c@group-97DB8748AD29-StateMachineUpdater] INFO  impl.StateMachineUpdater (StateMachineUpdater.java:takeSnapshot(281)) - 9d3796c5-d907-4196-a355-2f07340af16c@group-97DB8748AD29-StateMachineUpdater: Took a snapshot at index 5
2021-09-05 14:30:10,728 [9d3796c5-d907-4196-a355-2f07340af16c@group-97DB8748AD29-StateMachineUpdater] INFO  impl.StateMachineUpdater (StateMachineUpdater.java:lambda$new$0(89)) - 9d3796c5-d907-4196-a355-2f07340af16c@group-97DB8748AD29-StateMachineUpdater: snapshotIndex: updateIncreasingly -1 -> 5
2021-09-05 14:30:10,728 [9d3796c5-d907-4196-a355-2f07340af16c@group-97DB8748AD29-StateMachineUpdater] INFO  raftlog.RaftLog (RaftLogBase.java:purge(306)) - 9d3796c5-d907-4196-a355-2f07340af16c@group-97DB8748AD29-SegmentedRaftLog: purge 5
2021-09-05 14:30:10,728 [9d3796c5-d907-4196-a355-2f07340af16c@group-97DB8748AD29-StateMachineUpdater] INFO  raftlog.RaftLog (RaftLogBase.java:lambda$new$0(53)) - 9d3796c5-d907-4196-a355-2f07340af16c@group-97DB8748AD29-SegmentedRaftLog: snapshotIndex: updateIncreasingly -1 -> 5
2021-09-05 14:30:10,729 [9d3796c5-d907-4196-a355-2f07340af16c@group-97DB8748AD29-SegmentedRaftLogWorker] INFO  raftlog.RaftLog (RaftLogBase.java:lambda$new$0(53)) - 9d3796c5-d907-4196-a355-2f07340af16c@group-97DB8748AD29-SegmentedRaftLog: purgeIndex: updateToMax old=-1, new=0, updated? true
2021-09-05 14:30:10,746 [EndpointStateMachine task thread for /127.0.0.1:14541 - 0 ] INFO  ipc.Client (Client.java:handleConnectionFailure(977)) - Retrying connect to server: localhost/127.0.0.1:14541. Already tried 13 time(s); retry policy is RetryUpToMaximumCountWithFixedSleep(maxRetries=15, sleepTime=1000 MILLISECONDS)
2021-09-05 14:30:10,747 [Listener at 0.0.0.0/13981] INFO  server.SCMClientProtocolServer (SCMClientProtocolServer.java:start(164)) - RPC server for Client  is listening at /0.0.0.0:13981
2021-09-05 14:30:10,747 [EndpointStateMachine task thread for /127.0.0.1:14531 - 0 ] INFO  ipc.Client (Client.java:handleConnectionFailure(977)) - Retrying connect to server: localhost/127.0.0.1:14531. Already tried 14 time(s); retry policy is RetryUpToMaximumCountWithFixedSleep(maxRetries=15, sleepTime=1000 MILLISECONDS)
2021-09-05 14:30:10,749 [IPC Server Responder] INFO  ipc.Server (Server.java:run(1507)) - IPC Server Responder: starting
2021-09-05 14:30:10,749 [IPC Server listener on 13981] INFO  ipc.Server (Server.java:run(1344)) - IPC Server listener on 13981: starting
2021-09-05 14:30:10,750 [Listener at 0.0.0.0/13981] INFO  server.StorageContainerManager (StorageContainerManager.java:start(1271)) - ScmBlockLocationProtocol RPC server is listening at /0.0.0.0:13980
2021-09-05 14:30:10,751 [Listener at 0.0.0.0/13981] INFO  server.SCMBlockProtocolServer (SCMBlockProtocolServer.java:start(151)) - RPC server for Block Protocol is listening at /0.0.0.0:13980
2021-09-05 14:30:10,765 [IPC Server Responder] INFO  ipc.Server (Server.java:run(1507)) - IPC Server Responder: starting
2021-09-05 14:30:10,765 [IPC Server listener on 13980] INFO  ipc.Server (Server.java:run(1344)) - IPC Server listener on 13980: starting
2021-09-05 14:30:10,766 [EndpointStateMachine task thread for /127.0.0.1:14521 - 0 ] INFO  ipc.Client (Client.java:handleConnectionFailure(977)) - Retrying connect to server: localhost/127.0.0.1:14521. Already tried 0 time(s); retry policy is RetryUpToMaximumCountWithFixedSleep(maxRetries=15, sleepTime=1000 MILLISECONDS)
2021-09-05 14:30:10,818 [Listener at 0.0.0.0/13981] INFO  server.StorageContainerManager (StorageContainerManager.java:start(1277)) - ScmDatanodeProtocl RPC server is listening at /0.0.0.0:13979
2021-09-05 14:30:10,829 [Listener at 0.0.0.0/13981] INFO  http.BaseHttpServer (BaseHttpServer.java:newHttpServer2BuilderForOzone(209)) - Starting Web-server for scm at: http://0.0.0.0:13976
2021-09-05 14:30:10,829 [Listener at 0.0.0.0/13981] INFO  http.BaseHttpServer (BaseHttpServer.java:<init>(107)) - Hadoop Security Enabled: false Ozone Security Enabled: false Ozone HTTP Security Enabled: false 
2021-09-05 14:30:10,831 [Listener at 0.0.0.0/13981] INFO  server.AuthenticationFilter (AuthenticationFilter.java:constructSecretProvider(240)) - Unable to initialize FileSignerSecretProvider, falling back to use random secrets.
2021-09-05 14:30:10,831 [org.apache.hadoop.util.JvmPauseMonitor$Monitor@3c1ab0e1] INFO  util.JvmPauseMonitor (JvmPauseMonitor.java:run(188)) - Starting JVM pause monitor
2021-09-05 14:30:10,837 [Listener at 0.0.0.0/13981] WARN  http.HttpRequestLog (HttpRequestLog.java:getRequestLog(103)) - Jetty request log can only be enabled using Log4j
2021-09-05 14:30:10,838 [Listener at 0.0.0.0/13981] INFO  http.HttpServer2 (HttpServer2.java:addGlobalFilter(1030)) - Added global filter 'safety' (class=org.apache.hadoop.hdds.server.http.HttpServer2$QuotingInputFilter)
2021-09-05 14:30:10,839 [Listener at 0.0.0.0/13981] INFO  http.HttpServer2 (HttpServer2.java:addFilter(1006)) - Added filter static_user_filter (class=org.apache.hadoop.http.lib.StaticUserWebFilter$StaticUserFilter) to context scm
2021-09-05 14:30:10,839 [Listener at 0.0.0.0/13981] INFO  http.HttpServer2 (HttpServer2.java:addFilter(1014)) - Added filter static_user_filter (class=org.apache.hadoop.http.lib.StaticUserWebFilter$StaticUserFilter) to context static
2021-09-05 14:30:10,839 [Listener at 0.0.0.0/13981] INFO  http.HttpServer2 (HttpServer2.java:addFilter(1014)) - Added filter static_user_filter (class=org.apache.hadoop.http.lib.StaticUserWebFilter$StaticUserFilter) to context logs
2021-09-05 14:30:10,840 [Listener at 0.0.0.0/13981] INFO  http.HttpServer2 (HttpServer2.java:bindListener(1249)) - Jetty bound to port 13976
2021-09-05 14:30:10,840 [Listener at 0.0.0.0/13981] INFO  server.Server (Server.java:doStart(375)) - jetty-9.4.43.v20210629; built: 2021-06-30T11:07:22.254Z; git: 526006ecfa3af7f1a27ef3a288e2bef7ea9dd7e8; jvm 1.8.0_292-b10
2021-09-05 14:30:10,875 [Listener at 0.0.0.0/13981] INFO  server.session (DefaultSessionIdManager.java:doStart(334)) - DefaultSessionIdManager workerName=node0
2021-09-05 14:30:10,875 [Listener at 0.0.0.0/13981] INFO  server.session (DefaultSessionIdManager.java:doStart(339)) - No SessionScavenger set, using defaults
2021-09-05 14:30:10,875 [Listener at 0.0.0.0/13981] INFO  server.session (HouseKeeper.java:startScavenging(132)) - node0 Scavenging every 600000ms
2021-09-05 14:30:10,877 [Listener at 0.0.0.0/13981] INFO  handler.ContextHandler (ContextHandler.java:doStart(915)) - Started o.e.j.s.ServletContextHandler@3b9a0b15{logs,/logs,file:///home/runner/work/ozone/ozone/hadoop-ozone/integration-test/target/log,AVAILABLE}
2021-09-05 14:30:10,878 [Listener at 0.0.0.0/13981] INFO  handler.ContextHandler (ContextHandler.java:doStart(915)) - Started o.e.j.s.ServletContextHandler@53eb6ac5{static,/static,file:///home/runner/work/ozone/ozone/hadoop-ozone/integration-test/target/test-classes/webapps/static,AVAILABLE}
2021-09-05 14:30:10,889 [Listener at 0.0.0.0/13981] INFO  handler.ContextHandler (ContextHandler.java:doStart(915)) - Started o.e.j.w.WebAppContext@2cf97fb4{scm,/,file:///home/runner/work/ozone/ozone/hadoop-ozone/integration-test/target/test-classes/webapps/scm/,AVAILABLE}{file:/home/runner/work/ozone/ozone/hadoop-ozone/integration-test/target/test-classes/webapps/scm}
2021-09-05 14:30:10,893 [Listener at 0.0.0.0/13981] INFO  server.AbstractConnector (AbstractConnector.java:doStart(331)) - Started ServerConnector@3468198d{HTTP/1.1, (http/1.1)}{0.0.0.0:13976}
2021-09-05 14:30:10,893 [Listener at 0.0.0.0/13981] INFO  server.Server (Server.java:doStart(415)) - Started @79200ms
2021-09-05 14:30:10,893 [Listener at 0.0.0.0/13981] WARN  impl.MetricsSystemImpl (MetricsSystemImpl.java:register(279)) - Sink prometheus already exists!
2021-09-05 14:30:10,894 [Listener at 0.0.0.0/13981] INFO  http.BaseHttpServer (BaseHttpServer.java:updateConnectorAddress(329)) - HTTP server of scm listening at http://0.0.0.0:13976
2021-09-05 14:30:10,895 [Listener at 0.0.0.0/13981] INFO  ozone.MiniOzoneHAClusterImpl (MiniOzoneHAClusterImpl.java:createSCMService(564)) - Started SCM RPC server at org.apache.hadoop.hdds.scm.server.SCMClientProtocolServer@4f940c29
2021-09-05 14:30:10,895 [Listener at 0.0.0.0/13981] INFO  ha.SCMHANodeDetails (SCMHANodeDetails.java:loadSCMHAConfig(157)) - ServiceID for StorageContainerManager is scm-service-test1
2021-09-05 14:30:10,895 [Listener at 0.0.0.0/13981] INFO  ha.SCMHANodeDetails (SCMHANodeDetails.java:loadSCMHAConfig(168)) - ServiceID for StorageContainerManager is scm-service-test1
2021-09-05 14:30:10,896 [Listener at 0.0.0.0/13981] WARN  scm.ScmUtils (ScmUtils.java:logWarn(179)) - ConfigKey ozone.scm.block.client.address is deprecated, For configuring different ports for each SCM use PortConfigKey ozone.scm.block.client.port appended with serviceId and nodeId. If want to configure same port configure ozone.scm.block.client.port
2021-09-05 14:30:10,896 [Listener at 0.0.0.0/13981] WARN  scm.ScmUtils (ScmUtils.java:logWarn(179)) - ConfigKey ozone.scm.client.address is deprecated, For configuring different ports for each SCM use PortConfigKey ozone.scm.client.port appended with serviceId and nodeId. If want to configure same port configure ozone.scm.client.port
2021-09-05 14:30:10,896 [Listener at 0.0.0.0/13981] WARN  scm.ScmUtils (ScmUtils.java:logWarn(179)) - ConfigKey ozone.scm.datanode.address is deprecated, For configuring different ports for each SCM use PortConfigKey ozone.scm.datanode.port appended with serviceId and nodeId. If want to configure same port configure ozone.scm.datanode.port
2021-09-05 14:30:10,896 [Listener at 0.0.0.0/13981] WARN  scm.ScmUtils (ScmUtils.java:logWarn(179)) - ConfigKey ozone.scm.block.client.address is deprecated, For configuring different ports for each SCM use PortConfigKey ozone.scm.block.client.port appended with serviceId and nodeId. If want to configure same port configure ozone.scm.block.client.port
2021-09-05 14:30:10,896 [Listener at 0.0.0.0/13981] WARN  scm.ScmUtils (ScmUtils.java:logWarn(179)) - ConfigKey ozone.scm.client.address is deprecated, For configuring different ports for each SCM use PortConfigKey ozone.scm.client.port appended with serviceId and nodeId. If want to configure same port configure ozone.scm.client.port
2021-09-05 14:30:10,896 [Listener at 0.0.0.0/13981] WARN  scm.ScmUtils (ScmUtils.java:logWarn(179)) - ConfigKey ozone.scm.datanode.address is deprecated, For configuring different ports for each SCM use PortConfigKey ozone.scm.datanode.port appended with serviceId and nodeId. If want to configure same port configure ozone.scm.datanode.port
2021-09-05 14:30:10,897 [Listener at 0.0.0.0/13981] INFO  ha.SCMHANodeDetails (SCMHANodeDetails.java:loadSCMHAConfig(250)) - Found matching SCM address with SCMServiceId: scm-service-test1, SCMNodeId: scmNode-3, RPC Address: localhost:13988 and Ratis port: 13988
2021-09-05 14:30:10,897 [Listener at 0.0.0.0/13981] INFO  ha.SCMHANodeDetails (ConfUtils.java:setNodeSpecificConfigs(108)) - Setting configuration key ozone.scm.datanode.address with value of key ozone.scm.datanode.address.scm-service-test1.scmNode-3: 127.0.0.1:13989
2021-09-05 14:30:10,897 [Listener at 0.0.0.0/13981] INFO  ha.SCMHANodeDetails (ConfUtils.java:setNodeSpecificConfigs(108)) - Setting configuration key ozone.scm.block.client.address with value of key ozone.scm.block.client.address.scm-service-test1.scmNode-3: 127.0.0.1:13990
2021-09-05 14:30:10,897 [Listener at 0.0.0.0/13981] INFO  ha.SCMHANodeDetails (ConfUtils.java:setNodeSpecificConfigs(108)) - Setting configuration key ozone.scm.client.address with value of key ozone.scm.client.address.scm-service-test1.scmNode-3: 127.0.0.1:13991
2021-09-05 14:30:10,897 [Listener at 0.0.0.0/13981] INFO  ha.SCMHANodeDetails (ConfUtils.java:setNodeSpecificConfigs(108)) - Setting configuration key ozone.scm.ratis.port with value of key ozone.scm.ratis.port.scm-service-test1.scmNode-3: 13988
2021-09-05 14:30:10,897 [Listener at 0.0.0.0/13981] INFO  ha.SCMHANodeDetails (ConfUtils.java:setNodeSpecificConfigs(108)) - Setting configuration key ozone.scm.grpc.port with value of key ozone.scm.grpc.port.scm-service-test1.scmNode-3: 13992
2021-09-05 14:30:10,898 [Listener at 0.0.0.0/13981] INFO  ha.SCMHANodeDetails (ConfUtils.java:setNodeSpecificConfigs(108)) - Setting configuration key ozone.scm.http-address with value of key ozone.scm.http-address.scm-service-test1.scmNode-3: 127.0.0.1:13986
2021-09-05 14:30:10,898 [Listener at 0.0.0.0/13981] INFO  ha.SCMHANodeDetails (ConfUtils.java:setNodeSpecificConfigs(108)) - Setting configuration key ozone.scm.https-address with value of key ozone.scm.https-address.scm-service-test1.scmNode-3: 127.0.0.1:13987
2021-09-05 14:30:10,898 [Listener at 0.0.0.0/13981] INFO  ha.SCMHANodeDetails (ConfUtils.java:setNodeSpecificConfigs(108)) - Setting configuration key ozone.scm.address with value of key ozone.scm.address.scm-service-test1.scmNode-3: 127.0.0.1
2021-09-05 14:30:10,898 [Listener at 0.0.0.0/13981] WARN  scm.ScmUtils (ScmUtils.java:logWarn(179)) - ConfigKey ozone.scm.block.client.address is deprecated, For configuring different ports for each SCM use PortConfigKey ozone.scm.block.client.port appended with serviceId and nodeId. If want to configure same port configure ozone.scm.block.client.port
2021-09-05 14:30:10,902 [Listener at 0.0.0.0/13981] WARN  scm.ScmUtils (ScmUtils.java:logWarn(179)) - ConfigKey ozone.scm.client.address is deprecated, For configuring different ports for each SCM use PortConfigKey ozone.scm.client.port appended with serviceId and nodeId. If want to configure same port configure ozone.scm.client.port
2021-09-05 14:30:10,902 [Listener at 0.0.0.0/13981] WARN  scm.ScmUtils (ScmUtils.java:logWarn(179)) - ConfigKey ozone.scm.datanode.address is deprecated, For configuring different ports for each SCM use PortConfigKey ozone.scm.datanode.port appended with serviceId and nodeId. If want to configure same port configure ozone.scm.datanode.port
2021-09-05 14:30:10,902 [Listener at 0.0.0.0/13981] WARN  server.ServerUtils (ServerUtils.java:getScmDbDir(148)) - ozone.scm.db.dirs is not configured. We recommend adding this setting. Falling back to ozone.metadata.dirs instead.
2021-09-05 14:30:10,904 [Listener at 0.0.0.0/13981] INFO  ha.SCMNodeInfo (SCMNodeInfo.java:getPort(197)) - ConfigKey ozone.scm.client.address is deprecated, For configuring different ports for each SCM use PortConfigKey ozone.scm.client.port appended with serviceId and nodeId
2021-09-05 14:30:10,904 [Listener at 0.0.0.0/13981] INFO  ha.SCMNodeInfo (SCMNodeInfo.java:getPort(197)) - ConfigKey ozone.scm.block.client.address is deprecated, For configuring different ports for each SCM use PortConfigKey ozone.scm.block.client.port appended with serviceId and nodeId
2021-09-05 14:30:10,904 [Listener at 0.0.0.0/13981] INFO  ha.SCMNodeInfo (SCMNodeInfo.java:getPort(197)) - ConfigKey ozone.scm.datanode.address is deprecated, For configuring different ports for each SCM use PortConfigKey ozone.scm.datanode.port appended with serviceId and nodeId
2021-09-05 14:30:10,904 [Listener at 0.0.0.0/13981] INFO  ha.SCMNodeInfo (SCMNodeInfo.java:getPort(197)) - ConfigKey ozone.scm.client.address is deprecated, For configuring different ports for each SCM use PortConfigKey ozone.scm.client.port appended with serviceId and nodeId
2021-09-05 14:30:10,904 [Listener at 0.0.0.0/13981] INFO  ha.SCMNodeInfo (SCMNodeInfo.java:getPort(197)) - ConfigKey ozone.scm.block.client.address is deprecated, For configuring different ports for each SCM use PortConfigKey ozone.scm.block.client.port appended with serviceId and nodeId
2021-09-05 14:30:10,904 [Listener at 0.0.0.0/13981] INFO  ha.SCMNodeInfo (SCMNodeInfo.java:getPort(197)) - ConfigKey ozone.scm.datanode.address is deprecated, For configuring different ports for each SCM use PortConfigKey ozone.scm.datanode.port appended with serviceId and nodeId
2021-09-05 14:30:10,904 [Listener at 0.0.0.0/13981] INFO  ha.SCMNodeInfo (SCMNodeInfo.java:getPort(197)) - ConfigKey ozone.scm.client.address is deprecated, For configuring different ports for each SCM use PortConfigKey ozone.scm.client.port appended with serviceId and nodeId
2021-09-05 14:30:10,905 [Listener at 0.0.0.0/13981] INFO  ha.SCMNodeInfo (SCMNodeInfo.java:getPort(197)) - ConfigKey ozone.scm.block.client.address is deprecated, For configuring different ports for each SCM use PortConfigKey ozone.scm.block.client.port appended with serviceId and nodeId
2021-09-05 14:30:10,905 [Listener at 0.0.0.0/13981] INFO  ha.SCMNodeInfo (SCMNodeInfo.java:getPort(197)) - ConfigKey ozone.scm.datanode.address is deprecated, For configuring different ports for each SCM use PortConfigKey ozone.scm.datanode.port appended with serviceId and nodeId
2021-09-05 14:30:10,916 [Listener at 0.0.0.0/13981] INFO  server.StorageContainerManager (StorageContainerManager.java:scmBootstrap(955)) - SCM BootStrap  is successful for ClusterID 11ada6fe-a5c6-4827-8b3d-97db8748ad29, SCMID 49d04e48-288c-4908-850c-f7267af01073
2021-09-05 14:30:10,916 [Listener at 0.0.0.0/13981] INFO  server.StorageContainerManager (StorageContainerManager.java:scmBootstrap(957)) - Primary SCM Node ID 69e17fe3-75d6-40e2-b575-3df3d97ee56c
2021-09-05 14:30:10,916 [Listener at 0.0.0.0/13981] INFO  ha.SCMHANodeDetails (SCMHANodeDetails.java:loadSCMHAConfig(157)) - ServiceID for StorageContainerManager is scm-service-test1
2021-09-05 14:30:10,916 [Listener at 0.0.0.0/13981] INFO  ha.SCMHANodeDetails (SCMHANodeDetails.java:loadSCMHAConfig(168)) - ServiceID for StorageContainerManager is scm-service-test1
2021-09-05 14:30:10,916 [Listener at 0.0.0.0/13981] WARN  scm.ScmUtils (ScmUtils.java:logWarn(179)) - ConfigKey ozone.scm.block.client.address is deprecated, For configuring different ports for each SCM use PortConfigKey ozone.scm.block.client.port appended with serviceId and nodeId. If want to configure same port configure ozone.scm.block.client.port
2021-09-05 14:30:10,917 [Listener at 0.0.0.0/13981] WARN  scm.ScmUtils (ScmUtils.java:logWarn(179)) - ConfigKey ozone.scm.client.address is deprecated, For configuring different ports for each SCM use PortConfigKey ozone.scm.client.port appended with serviceId and nodeId. If want to configure same port configure ozone.scm.client.port
2021-09-05 14:30:10,917 [Listener at 0.0.0.0/13981] WARN  scm.ScmUtils (ScmUtils.java:logWarn(179)) - ConfigKey ozone.scm.datanode.address is deprecated, For configuring different ports for each SCM use PortConfigKey ozone.scm.datanode.port appended with serviceId and nodeId. If want to configure same port configure ozone.scm.datanode.port
2021-09-05 14:30:10,917 [Listener at 0.0.0.0/13981] WARN  scm.ScmUtils (ScmUtils.java:logWarn(179)) - ConfigKey ozone.scm.block.client.address is deprecated, For configuring different ports for each SCM use PortConfigKey ozone.scm.block.client.port appended with serviceId and nodeId. If want to configure same port configure ozone.scm.block.client.port
2021-09-05 14:30:10,917 [Listener at 0.0.0.0/13981] WARN  scm.ScmUtils (ScmUtils.java:logWarn(179)) - ConfigKey ozone.scm.client.address is deprecated, For configuring different ports for each SCM use PortConfigKey ozone.scm.client.port appended with serviceId and nodeId. If want to configure same port configure ozone.scm.client.port
2021-09-05 14:30:10,917 [Listener at 0.0.0.0/13981] WARN  scm.ScmUtils (ScmUtils.java:logWarn(179)) - ConfigKey ozone.scm.datanode.address is deprecated, For configuring different ports for each SCM use PortConfigKey ozone.scm.datanode.port appended with serviceId and nodeId. If want to configure same port configure ozone.scm.datanode.port
2021-09-05 14:30:10,918 [Listener at 0.0.0.0/13981] INFO  ha.SCMHANodeDetails (SCMHANodeDetails.java:loadSCMHAConfig(250)) - Found matching SCM address with SCMServiceId: scm-service-test1, SCMNodeId: scmNode-3, RPC Address: localhost:13988 and Ratis port: 13988
2021-09-05 14:30:10,918 [Listener at 0.0.0.0/13981] INFO  ha.SCMHANodeDetails (ConfUtils.java:setNodeSpecificConfigs(108)) - Setting configuration key ozone.scm.datanode.address with value of key ozone.scm.datanode.address.scm-service-test1.scmNode-3: 127.0.0.1:13989
2021-09-05 14:30:10,918 [Listener at 0.0.0.0/13981] INFO  ha.SCMHANodeDetails (ConfUtils.java:setNodeSpecificConfigs(108)) - Setting configuration key ozone.scm.block.client.address with value of key ozone.scm.block.client.address.scm-service-test1.scmNode-3: 127.0.0.1:13990
2021-09-05 14:30:10,918 [Listener at 0.0.0.0/13981] INFO  ha.SCMHANodeDetails (ConfUtils.java:setNodeSpecificConfigs(108)) - Setting configuration key ozone.scm.client.address with value of key ozone.scm.client.address.scm-service-test1.scmNode-3: 127.0.0.1:13991
2021-09-05 14:30:10,918 [Listener at 0.0.0.0/13981] INFO  ha.SCMHANodeDetails (ConfUtils.java:setNodeSpecificConfigs(108)) - Setting configuration key ozone.scm.ratis.port with value of key ozone.scm.ratis.port.scm-service-test1.scmNode-3: 13988
2021-09-05 14:30:10,918 [Listener at 0.0.0.0/13981] INFO  ha.SCMHANodeDetails (ConfUtils.java:setNodeSpecificConfigs(108)) - Setting configuration key ozone.scm.grpc.port with value of key ozone.scm.grpc.port.scm-service-test1.scmNode-3: 13992
2021-09-05 14:30:10,918 [Listener at 0.0.0.0/13981] INFO  ha.SCMHANodeDetails (ConfUtils.java:setNodeSpecificConfigs(108)) - Setting configuration key ozone.scm.http-address with value of key ozone.scm.http-address.scm-service-test1.scmNode-3: 127.0.0.1:13986
2021-09-05 14:30:10,918 [Listener at 0.0.0.0/13981] INFO  ha.SCMHANodeDetails (ConfUtils.java:setNodeSpecificConfigs(108)) - Setting configuration key ozone.scm.https-address with value of key ozone.scm.https-address.scm-service-test1.scmNode-3: 127.0.0.1:13987
2021-09-05 14:30:10,919 [Listener at 0.0.0.0/13981] INFO  ha.SCMHANodeDetails (ConfUtils.java:setNodeSpecificConfigs(108)) - Setting configuration key ozone.scm.address with value of key ozone.scm.address.scm-service-test1.scmNode-3: 127.0.0.1
2021-09-05 14:30:10,919 [Listener at 0.0.0.0/13981] WARN  scm.ScmUtils (ScmUtils.java:logWarn(179)) - ConfigKey ozone.scm.block.client.address is deprecated, For configuring different ports for each SCM use PortConfigKey ozone.scm.block.client.port appended with serviceId and nodeId. If want to configure same port configure ozone.scm.block.client.port
2021-09-05 14:30:10,919 [Listener at 0.0.0.0/13981] WARN  scm.ScmUtils (ScmUtils.java:logWarn(179)) - ConfigKey ozone.scm.client.address is deprecated, For configuring different ports for each SCM use PortConfigKey ozone.scm.client.port appended with serviceId and nodeId. If want to configure same port configure ozone.scm.client.port
2021-09-05 14:30:10,919 [Listener at 0.0.0.0/13981] WARN  scm.ScmUtils (ScmUtils.java:logWarn(179)) - ConfigKey ozone.scm.datanode.address is deprecated, For configuring different ports for each SCM use PortConfigKey ozone.scm.datanode.port appended with serviceId and nodeId. If want to configure same port configure ozone.scm.datanode.port
2021-09-05 14:30:10,920 [Listener at 0.0.0.0/13981] WARN  server.ServerUtils (ServerUtils.java:getScmDbDir(148)) - ozone.scm.db.dirs is not configured. We recommend adding this setting. Falling back to ozone.metadata.dirs instead.
2021-09-05 14:30:10,920 [Listener at 0.0.0.0/13981] INFO  upgrade.AbstractLayoutVersionManager (AbstractLayoutVersionManager.java:init(70)) - Initializing Layout version manager with metadata layout = SCM_HA (version = 2), software layout = SCM_HA (version = 2)
2021-09-05 14:30:11,055 [Listener at 0.0.0.0/13981] INFO  reflections.Reflections (Reflections.java:scan(232)) - Reflections took 134 ms to scan 7 urls, producing 120 keys and 275 values 
2021-09-05 14:30:11,059 [Listener at 0.0.0.0/13981] WARN  utils.HAUtils (HAUtils.java:getMetaDir(342)) - ozone.scm.db.dirs is not configured. We recommend adding this setting. Falling back to ozone.metadata.dirs instead.
2021-09-05 14:30:11,065 [Listener at 0.0.0.0/13981] WARN  db.DBStoreBuilder (DBStoreBuilder.java:applyDBDefinition(145)) - ozone.scm.db.dirs is not configured. We recommend adding this setting. Falling back to ozone.metadata.dirs instead.
2021-09-05 14:30:11,211 [Listener at 0.0.0.0/13981] INFO  net.NodeSchemaLoader (NodeSchemaLoader.java:loadSchemaFromFile(129)) - Loading schema from [jar:file:/home/runner/.m2/repository/org/apache/ozone/hdds-common/1.2.0-SNAPSHOT/hdds-common-1.2.0-SNAPSHOT.jar!/network-topology-default.xml]
2021-09-05 14:30:11,211 [Listener at 0.0.0.0/13981] INFO  net.NodeSchemaLoader (NodeSchemaLoader.java:loadSchema(176)) - Loading network topology layer schema file
2021-09-05 14:30:11,216 [Listener at 0.0.0.0/13981] WARN  impl.MetricRegistriesImpl (MetricRegistriesImpl.java:addReporterRegistration(111)) - New reporters are added after registries were created. Some metrics will be missing from the reporter. Please add reporter before adding any new registry.
2021-09-05 14:30:11,216 [Listener at 0.0.0.0/13981] WARN  impl.MetricRegistriesImpl (MetricRegistriesImpl.java:addReporterRegistration(111)) - New reporters are added after registries were created. Some metrics will be missing from the reporter. Please add reporter before adding any new registry.
2021-09-05 14:30:11,220 [Listener at 0.0.0.0/13981] INFO  ha.SCMRatisServerImpl (SCMRatisServerImpl.java:<init>(87)) - starting Raft server for scm:49d04e48-288c-4908-850c-f7267af01073
2021-09-05 14:30:11,227 [Listener at 0.0.0.0/13981] INFO  server.RaftServer (ConfUtils.java:logGet(44)) - raft.rpc.type = GRPC (default)
2021-09-05 14:30:11,228 [Listener at 0.0.0.0/13981] INFO  grpc.GrpcFactory (GrpcFactory.java:checkPooledByteBufAllocatorUseCacheForAllThreads(48)) - PERFORMANCE WARNING: useCacheForAllThreads is true that may cause Netty to create a lot garbage objects and, as a result, trigger GC.
	It is recommended to disable useCacheForAllThreads by setting -Dorg.apache.ratis.thirdparty.io.netty.allocator.useCacheForAllThreads=false in command line.
2021-09-05 14:30:11,228 [Listener at 0.0.0.0/13981] INFO  grpc.GrpcConfigKeys (ConfUtils.java:logGet(44)) - raft.grpc.admin.port = -1 (default)
2021-09-05 14:30:11,228 [Listener at 0.0.0.0/13981] INFO  grpc.GrpcConfigKeys (ConfUtils.java:logGet(44)) - raft.grpc.server.port = 13988 (custom)
2021-09-05 14:30:11,228 [Listener at 0.0.0.0/13981] INFO  grpc.GrpcConfigKeys (ConfUtils.java:logGet(44)) - raft.grpc.client.port = -1 (default)
2021-09-05 14:30:11,229 [Listener at 0.0.0.0/13981] INFO  grpc.GrpcConfigKeys (ConfUtils.java:logGet(44)) - raft.grpc.server.port = 13988 (custom)
2021-09-05 14:30:11,229 [Listener at 0.0.0.0/13981] INFO  grpc.GrpcConfigKeys (ConfUtils.java:logGet(44)) - raft.grpc.server.port = 13988 (custom)
2021-09-05 14:30:11,229 [Listener at 0.0.0.0/13981] INFO  server.GrpcService (ConfUtils.java:logGet(44)) - raft.grpc.message.size.max = 32m (=33554432) (custom)
2021-09-05 14:30:11,229 [Listener at 0.0.0.0/13981] INFO  server.RaftServerConfigKeys (ConfUtils.java:logGet(44)) - raft.server.log.appender.buffer.byte-limit = 33554432 (custom)
2021-09-05 14:30:11,229 [Listener at 0.0.0.0/13981] INFO  server.GrpcService (ConfUtils.java:logGet(44)) - raft.grpc.flow.control.window = 1MB (=1048576) (default)
2021-09-05 14:30:11,229 [Listener at 0.0.0.0/13981] INFO  server.RaftServerConfigKeys (ConfUtils.java:logGet(44)) - raft.server.rpc.request.timeout = 30000ms (custom)
2021-09-05 14:30:11,231 [Listener at 0.0.0.0/13981] INFO  impl.DataStreamServerImpl (ConfUtils.java:logGet(44)) - raft.datastream.type = DISABLED (default)
2021-09-05 14:30:11,237 [Listener at 0.0.0.0/13981] INFO  server.RaftServerConfigKeys (ConfUtils.java:logGet(44)) - raft.server.rpc.slowness.timeout = 120000ms (custom)
2021-09-05 14:30:11,237 [Listener at 0.0.0.0/13981] INFO  server.RaftServerConfigKeys (ConfUtils.java:logGet(44)) - raft.server.leaderelection.leader.step-down.wait-time = 10s (default)
2021-09-05 14:30:11,237 [Listener at 0.0.0.0/13981] INFO  server.RaftServerConfigKeys (ConfUtils.java:logGet(44)) - raft.server.storage.dir = [/home/runner/work/ozone/ozone/hadoop-ozone/integration-test/target/test-dir/MiniOzoneClusterImpl-11ada6fe-a5c6-4827-8b3d-97db8748ad29/scmNode-3/scm-ha] (custom)
2021-09-05 14:30:11,238 [Listener at 0.0.0.0/13981] INFO  server.RaftServer (RaftServerProxy.java:addNew(95)) - 49d04e48-288c-4908-850c-f7267af01073: addNew group-97DB8748AD29:[] returns group-97DB8748AD29:java.util.concurrent.CompletableFuture@5b67d66c[Not completed]
2021-09-05 14:30:11,238 [pool-228-thread-1] INFO  server.RaftServer$Division (RaftServerImpl.java:<init>(181)) - 49d04e48-288c-4908-850c-f7267af01073: new RaftServerImpl for group-97DB8748AD29:[] with SCMStateMachine:uninitialized
2021-09-05 14:30:11,241 [pool-228-thread-1] INFO  server.RaftServerConfigKeys (ConfUtils.java:logGet(44)) - raft.server.rpc.timeout.min = 5000ms (custom)
2021-09-05 14:30:11,241 [pool-228-thread-1] INFO  server.RaftServerConfigKeys (ConfUtils.java:logGet(44)) - raft.server.rpc.timeout.max = 5200ms (custom)
2021-09-05 14:30:11,241 [pool-228-thread-1] INFO  server.RaftServerConfigKeys (ConfUtils.java:logGet(44)) - raft.server.rpc.sleep.time = 25ms (default)
2021-09-05 14:30:11,241 [pool-228-thread-1] INFO  server.RaftServerConfigKeys (ConfUtils.java:logGet(44)) - raft.server.rpc.slowness.timeout = 120000ms (custom)
2021-09-05 14:30:11,241 [pool-228-thread-1] INFO  server.RaftServerConfigKeys (ConfUtils.java:logGet(44)) - raft.server.leaderelection.leader.step-down.wait-time = 10s (default)
2021-09-05 14:30:11,241 [pool-228-thread-1] INFO  server.RaftServerConfigKeys (ConfUtils.java:logGet(44)) - raft.server.sleep.deviation.threshold = 300ms (default)
2021-09-05 14:30:11,241 [pool-228-thread-1] INFO  server.RaftServerConfigKeys (ConfUtils.java:logGet(44)) - raft.server.log.appender.install.snapshot.enabled = false (custom)
2021-09-05 14:30:11,241 [pool-228-thread-1] INFO  server.RaftServer$Division (ServerState.java:<init>(105)) - 49d04e48-288c-4908-850c-f7267af01073@group-97DB8748AD29: ConfigurationManager, init=-1: [], old=null, confs=<EMPTY_MAP>
2021-09-05 14:30:11,242 [pool-228-thread-1] INFO  server.RaftServerConfigKeys (ConfUtils.java:logGet(44)) - raft.server.storage.dir = [/home/runner/work/ozone/ozone/hadoop-ozone/integration-test/target/test-dir/MiniOzoneClusterImpl-11ada6fe-a5c6-4827-8b3d-97db8748ad29/scmNode-3/scm-ha] (custom)
2021-09-05 14:30:11,242 [pool-228-thread-1] INFO  server.RaftServerConfigKeys (ConfUtils.java:logGet(44)) - raft.server.log.corruption.policy = EXCEPTION (default)
2021-09-05 14:30:11,242 [pool-228-thread-1] INFO  server.RaftServerConfigKeys (ConfUtils.java:logGet(44)) - raft.server.storage.free-space.min = 0MB (=0) (default)
2021-09-05 14:30:11,242 [pool-228-thread-1] INFO  storage.RaftStorageDirectory (RaftStorageDirectoryImpl.java:analyzeStorage(135)) - The storage directory /home/runner/work/ozone/ozone/hadoop-ozone/integration-test/target/test-dir/MiniOzoneClusterImpl-11ada6fe-a5c6-4827-8b3d-97db8748ad29/scmNode-3/scm-ha/11ada6fe-a5c6-4827-8b3d-97db8748ad29 does not exist. Creating ...
2021-09-05 14:30:11,249 [pool-228-thread-1] INFO  storage.RaftStorageDirectory (RaftStorageDirectoryImpl.java:tryLock(230)) - Lock on /home/runner/work/ozone/ozone/hadoop-ozone/integration-test/target/test-dir/MiniOzoneClusterImpl-11ada6fe-a5c6-4827-8b3d-97db8748ad29/scmNode-3/scm-ha/11ada6fe-a5c6-4827-8b3d-97db8748ad29/in_use.lock acquired by nodename 23550@fv-az151-757
2021-09-05 14:30:11,250 [pool-228-thread-1] INFO  storage.RaftStorage (RaftStorageImpl.java:format(89)) - Storage directory /home/runner/work/ozone/ozone/hadoop-ozone/integration-test/target/test-dir/MiniOzoneClusterImpl-11ada6fe-a5c6-4827-8b3d-97db8748ad29/scmNode-3/scm-ha/11ada6fe-a5c6-4827-8b3d-97db8748ad29 has been successfully formatted.
2021-09-05 14:30:11,250 [pool-228-thread-1] INFO  server.RaftServerConfigKeys (ConfUtils.java:logGet(44)) - raft.server.notification.no-leader.timeout = 60s (default)
2021-09-05 14:30:11,250 [pool-228-thread-1] INFO  server.RaftServerConfigKeys (ConfUtils.java:logGet(44)) - raft.server.log.use.memory = false (default)
2021-09-05 14:30:11,250 [pool-228-thread-1] INFO  server.RaftServerConfigKeys (ConfUtils.java:logGet(44)) - raft.server.log.purge.gap = 5 (custom)
2021-09-05 14:30:11,251 [pool-228-thread-1] INFO  server.RaftServerConfigKeys (ConfUtils.java:logGet(44)) - raft.server.log.appender.buffer.byte-limit = 33554432 (custom)
2021-09-05 14:30:11,251 [pool-228-thread-1] INFO  server.RaftServerConfigKeys (ConfUtils.java:logGet(44)) - raft.server.log.segment.size.max = 16384 (custom)
2021-09-05 14:30:11,251 [pool-228-thread-1] INFO  server.RaftServerConfigKeys (ConfUtils.java:logGet(44)) - raft.server.log.segment.cache.num.max = 2 (custom)
2021-09-05 14:30:11,251 [pool-228-thread-1] INFO  server.RaftServerConfigKeys (ConfUtils.java:logGet(44)) - raft.server.log.segment.cache.size.max = 200MB (=209715200) (default)
2021-09-05 14:30:11,251 [pool-228-thread-1] INFO  segmented.SegmentedRaftLogWorker (SegmentedRaftLogWorker.java:<init>(182)) - new 49d04e48-288c-4908-850c-f7267af01073@group-97DB8748AD29-SegmentedRaftLogWorker for RaftStorageImpl:Storage Directory /home/runner/work/ozone/ozone/hadoop-ozone/integration-test/target/test-dir/MiniOzoneClusterImpl-11ada6fe-a5c6-4827-8b3d-97db8748ad29/scmNode-3/scm-ha/11ada6fe-a5c6-4827-8b3d-97db8748ad29
2021-09-05 14:30:11,251 [pool-228-thread-1] INFO  server.RaftServerConfigKeys (ConfUtils.java:logGet(44)) - raft.server.log.queue.byte-limit = 64MB (=67108864) (default)
2021-09-05 14:30:11,251 [pool-228-thread-1] INFO  server.RaftServerConfigKeys (ConfUtils.java:logGet(44)) - raft.server.log.queue.element-limit = 4096 (default)
2021-09-05 14:30:11,251 [pool-228-thread-1] INFO  server.RaftServerConfigKeys (ConfUtils.java:logGet(44)) - raft.server.log.segment.size.max = 16384 (custom)
2021-09-05 14:30:11,252 [pool-228-thread-1] INFO  server.RaftServerConfigKeys (ConfUtils.java:logGet(44)) - raft.server.log.preallocated.size = 16384 (custom)
2021-09-05 14:30:11,252 [pool-228-thread-1] INFO  server.RaftServerConfigKeys (ConfUtils.java:logGet(44)) - raft.server.log.force.sync.num = 128 (default)
2021-09-05 14:30:11,252 [pool-228-thread-1] INFO  server.RaftServerConfigKeys (ConfUtils.java:logGet(44)) - raft.server.log.statemachine.data.sync = true (default)
2021-09-05 14:30:11,252 [pool-228-thread-1] INFO  server.RaftServerConfigKeys (ConfUtils.java:logGet(44)) - raft.server.log.statemachine.data.sync.timeout = 10s (default)
2021-09-05 14:30:11,252 [pool-228-thread-1] INFO  server.RaftServerConfigKeys (ConfUtils.java:logGet(44)) - raft.server.log.statemachine.data.sync.timeout.retry = -1 (default)
2021-09-05 14:30:11,253 [pool-228-thread-1] INFO  server.RaftServerConfigKeys (ConfUtils.java:logGet(44)) - raft.server.log.write.buffer.size = 64KB (=65536) (default)
2021-09-05 14:30:11,257 [pool-228-thread-1] INFO  server.RaftServerConfigKeys (ConfUtils.java:logGet(44)) - raft.server.log.statemachine.data.caching.enabled = false (default)
2021-09-05 14:30:11,257 [pool-228-thread-1] INFO  segmented.SegmentedRaftLogWorker (SegmentedRaftLogWorker.java:lambda$new$0(133)) - 49d04e48-288c-4908-850c-f7267af01073@group-97DB8748AD29-SegmentedRaftLogWorker: flushIndex: setUnconditionally 0 -> -1
2021-09-05 14:30:11,257 [pool-228-thread-1] INFO  segmented.SegmentedRaftLogWorker (SegmentedRaftLogWorker.java:lambda$new$0(133)) - 49d04e48-288c-4908-850c-f7267af01073@group-97DB8748AD29-SegmentedRaftLogWorker: safeCacheEvictIndex: setUnconditionally 0 -> -1
2021-09-05 14:30:11,262 [pool-228-thread-1] INFO  server.RaftServerConfigKeys (ConfUtils.java:logGet(44)) - raft.server.snapshot.auto.trigger.enabled = true (custom)
2021-09-05 14:30:11,262 [pool-228-thread-1] INFO  server.RaftServerConfigKeys (ConfUtils.java:logGet(44)) - raft.server.snapshot.auto.trigger.threshold = 5 (custom)
2021-09-05 14:30:11,262 [pool-228-thread-1] INFO  server.RaftServerConfigKeys (ConfUtils.java:logGet(44)) - raft.server.snapshot.retention.file.num = -1 (default)
2021-09-05 14:30:11,262 [pool-228-thread-1] INFO  server.RaftServerConfigKeys (ConfUtils.java:logGet(44)) - raft.server.log.purge.upto.snapshot.index = true (custom)
2021-09-05 14:30:11,262 [pool-228-thread-1] INFO  server.RaftServerConfigKeys (ConfUtils.java:logGet(44)) - raft.server.retrycache.expirytime = 60000ms (default)
2021-09-05 14:30:11,262 [pool-228-thread-1] INFO  server.RaftServerConfigKeys (ConfUtils.java:logGet(44)) - raft.server.retrycache.statistics.expirytime = 100μs (default)
2021-09-05 14:30:11,264 [Listener at 0.0.0.0/13981] INFO  ha.SCMSnapshotProvider (SCMSnapshotProvider.java:<init>(66)) - Initializing SCM Snapshot Provider
2021-09-05 14:30:11,264 [Listener at 0.0.0.0/13981] WARN  server.ServerUtils (ServerUtils.java:getDefaultRatisDirectory(237)) - Storage directory for Ratis is not configured. It is a good idea to map this to an SSD disk. Falling back to ozone.metadata.dirs
2021-09-05 14:30:11,264 [Listener at 0.0.0.0/13981] WARN  ha.SCMHAUtils (SCMHAUtils.java:getSCMRatisSnapshotDirectory(146)) - SCM snapshot dir is not configured. Falling back to ozone.metadata.dirs config
2021-09-05 14:30:11,267 [Listener at 0.0.0.0/13981] INFO  ha.SequenceIdGenerator (SequenceIdGenerator.java:upgradeToSequenceId(327)) - upgrade localId to 107544261427200000
2021-09-05 14:30:11,267 [Listener at 0.0.0.0/13981] INFO  ha.SequenceIdGenerator (SequenceIdGenerator.java:upgradeToSequenceId(337)) - upgrade delTxnId to 0
2021-09-05 14:30:11,268 [Listener at 0.0.0.0/13981] INFO  ha.SequenceIdGenerator (SequenceIdGenerator.java:upgradeToSequenceId(351)) - upgrade containerId to 0
2021-09-05 14:30:11,268 [Listener at 0.0.0.0/13981] INFO  ha.SequenceIdGenerator (SequenceIdGenerator.java:<init>(217)) - Init the HA SequenceIdGenerator.
2021-09-05 14:30:11,268 [Listener at 0.0.0.0/13981] WARN  server.ServerUtils (ServerUtils.java:sanitizeUserArgs(73)) - ozone.scm.stale.node.interval value = 300000 is larger than max = 100000 based on the key value of ozone.scm.heartbeat.thread.interval, reset to the max value 100000.
2021-09-05 14:30:11,269 [Listener at 0.0.0.0/13981] WARN  server.ServerUtils (ServerUtils.java:sanitizeUserArgs(73)) - ozone.scm.stale.node.interval value = 300000 is larger than max = 100000 based on the key value of ozone.scm.heartbeat.thread.interval, reset to the max value 100000.
2021-09-05 14:30:11,276 [Listener at 0.0.0.0/13981] INFO  node.SCMNodeManager (SCMNodeManager.java:<init>(145)) - Entering startup safe mode.
2021-09-05 14:30:11,277 [Listener at 0.0.0.0/13981] INFO  algorithms.ContainerPlacementPolicyFactory (ContainerPlacementPolicyFactory.java:getPolicy(60)) - Create container placement policy of type org.apache.hadoop.hdds.scm.container.placement.algorithms.SCMContainerPlacementRandom
2021-09-05 14:30:11,277 [Listener at 0.0.0.0/13981] INFO  pipeline.PipelineStateManager (PipelineStateManagerV2Impl.java:initialize(78)) - No pipeline exists in current db
2021-09-05 14:30:11,278 [Listener at 0.0.0.0/13981] INFO  algorithms.LeaderChoosePolicyFactory (LeaderChoosePolicyFactory.java:getPolicy(57)) - Create leader choose policy of type org.apache.hadoop.hdds.scm.pipeline.leader.choose.algorithms.MinLeaderCountChoosePolicy
2021-09-05 14:30:11,278 [Listener at 0.0.0.0/13981] INFO  ha.SCMServiceManager (SCMServiceManager.java:register(43)) - Registering service BackgroundPipelineCreator.
2021-09-05 14:30:11,278 [Listener at 0.0.0.0/13981] INFO  pipeline.BackgroundPipelineCreator (BackgroundPipelineCreatorV2.java:start(130)) - Starting RatisPipelineUtilsThread.
2021-09-05 14:30:11,280 [Listener at 0.0.0.0/13981] INFO  algorithms.PipelineChoosePolicyFactory (PipelineChoosePolicyFactory.java:createPipelineChoosePolicyFromClass(73)) - Create pipeline choose policy of type org.apache.hadoop.hdds.scm.pipeline.choose.algorithms.RandomPipelineChoosePolicy
2021-09-05 14:30:11,281 [Listener at 0.0.0.0/13981] INFO  ha.SCMServiceManager (SCMServiceManager.java:register(43)) - Registering service SCMBlockDeletingService.
2021-09-05 14:30:11,281 [Listener at 0.0.0.0/13981] INFO  ha.SCMServiceManager (SCMServiceManager.java:register(43)) - Registering service ReplicationManager.
2021-09-05 14:30:11,281 [Listener at 0.0.0.0/13981] INFO  container.ReplicationManager (ReplicationManager.java:start(307)) - Starting Replication Monitor Thread.
2021-09-05 14:30:11,290 [Listener at 0.0.0.0/13981] INFO  safemode.ContainerSafeModeRule (ContainerSafeModeRule.java:<init>(89)) - containers with one replica threshold count 0
2021-09-05 14:30:11,291 [Listener at 0.0.0.0/13981] INFO  safemode.HealthyPipelineSafeModeRule (HealthyPipelineSafeModeRule.java:initializeRule(156)) - Total pipeline count is 0, healthy pipeline threshold count is 1
2021-09-05 14:30:11,291 [Listener at 0.0.0.0/13981] INFO  safemode.OneReplicaPipelineSafeModeRule (OneReplicaPipelineSafeModeRule.java:initializeRule(180)) - Total pipeline count is 0, pipeline's with at least one datanode reported threshold count is 0
2021-09-05 14:30:11,310 [ReplicationMonitor] INFO  container.ReplicationManager (ReplicationManager.java:processAll(359)) - Replication Monitor Thread took 0 milliseconds for processing 0 containers.
2021-09-05 14:30:11,317 [Listener at 0.0.0.0/13981] INFO  ipc.CallQueueManager (CallQueueManager.java:<init>(90)) - Using callQueue: class java.util.concurrent.LinkedBlockingQueue, queueCapacity: 2000, scheduler: class org.apache.hadoop.ipc.DefaultRpcScheduler, ipcBackoff: false.
2021-09-05 14:30:11,325 [Socket Reader #1 for port 13989] INFO  ipc.Server (Server.java:run(1265)) - Starting Socket Reader #1 for port 13989
2021-09-05 14:30:11,334 [Listener at 0.0.0.0/13989] INFO  ipc.CallQueueManager (CallQueueManager.java:<init>(90)) - Using callQueue: class java.util.concurrent.LinkedBlockingQueue, queueCapacity: 2000, scheduler: class org.apache.hadoop.ipc.DefaultRpcScheduler, ipcBackoff: false.
2021-09-05 14:30:11,337 [Socket Reader #1 for port 13990] INFO  ipc.Server (Server.java:run(1265)) - Starting Socket Reader #1 for port 13990
2021-09-05 14:30:11,341 [Listener at 0.0.0.0/13990] INFO  ipc.CallQueueManager (CallQueueManager.java:<init>(90)) - Using callQueue: class java.util.concurrent.LinkedBlockingQueue, queueCapacity: 2000, scheduler: class org.apache.hadoop.ipc.DefaultRpcScheduler, ipcBackoff: false.
2021-09-05 14:30:11,353 [Socket Reader #1 for port 13991] INFO  ipc.Server (Server.java:run(1265)) - Starting Socket Reader #1 for port 13991
2021-09-05 14:30:11,402 [Listener at 0.0.0.0/13991] INFO  algorithms.ContainerPlacementPolicyFactory (ContainerPlacementPolicyFactory.java:getPolicy(60)) - Create container placement policy of type org.apache.hadoop.hdds.scm.container.placement.algorithms.SCMContainerPlacementRandom
2021-09-05 14:30:11,402 [Listener at 0.0.0.0/13991] INFO  server.StorageContainerManager (StorageContainerManager.java:<init>(387)) - 
Container Balancer status:
Key                            Value
Running                        false
Container Balancer Configuration values:
Key                                                Value
Threshold                                          0.1
Max Datanodes to Involve per Iteration(ratio)      0.5
Max Size to Move per Iteration                     10737418240B

2021-09-05 14:30:11,402 [Listener at 0.0.0.0/13991] WARN  events.EventQueue (EventQueue.java:fireEvent(194)) - No event handler registered for event TypedEvent{payloadType=SafeModeStatus, name='Safe mode status'}
2021-09-05 14:30:11,402 [Listener at 0.0.0.0/13991] INFO  ha.SCMContext (SCMContext.java:updateSafeModeStatus(205)) - Update SafeModeStatus from SafeModeStatus{safeModeStatus=true, preCheckPassed=false} to SafeModeStatus{safeModeStatus=true, preCheckPassed=false}.
2021-09-05 14:30:11,403 [Listener at 0.0.0.0/13991] INFO  ozone.MiniOzoneHAClusterImpl (MiniOzoneHAClusterImpl.java:createSCMService(568)) - Intialized SCM at org.apache.hadoop.hdds.scm.server.SCMClientProtocolServer@7f5435ab. This SCM is currently inactive (not running).
2021-09-05 14:30:11,403 [Listener at 0.0.0.0/13991] INFO  ha.OMHANodeDetails (OMHANodeDetails.java:loadOMHAConfig(118)) - ServiceID for OzoneManager is om-service-test1
2021-09-05 14:30:11,404 [Listener at 0.0.0.0/13991] INFO  ha.OMHANodeDetails (OMHANodeDetails.java:loadOMHAConfig(194)) - Found matching OM address with OMServiceId: om-service-test1, OMNodeId: omNode-1, RPC Address: localhost:11040 and Ratis port: 11044
2021-09-05 14:30:11,404 [Listener at 0.0.0.0/13991] INFO  ha.OMHANodeDetails (ConfUtils.java:setNodeSpecificConfigs(108)) - Setting configuration key ozone.om.http-address with value of key ozone.om.http-address.om-service-test1.omNode-1: 127.0.0.1:11042
2021-09-05 14:30:11,404 [Listener at 0.0.0.0/13991] INFO  ha.OMHANodeDetails (ConfUtils.java:setNodeSpecificConfigs(108)) - Setting configuration key ozone.om.https-address with value of key ozone.om.https-address.om-service-test1.omNode-1: 127.0.0.1:11043
2021-09-05 14:30:11,404 [Listener at 0.0.0.0/13991] INFO  ha.OMHANodeDetails (ConfUtils.java:setNodeSpecificConfigs(108)) - Setting configuration key ozone.om.address with value of key ozone.om.address.om-service-test1.omNode-1: 127.0.0.1:11040
2021-09-05 14:30:11,404 [Listener at 0.0.0.0/13991] WARN  server.ServerUtils (ServerUtils.java:getDBPath(225)) - ozone.om.db.dirs is not configured. We recommend adding this setting. Falling back to ozone.metadata.dirs instead.
2021-09-05 14:30:11,407 [Listener at 0.0.0.0/13991] INFO  ha.SCMNodeInfo (SCMNodeInfo.java:getPort(197)) - ConfigKey ozone.scm.client.address is deprecated, For configuring different ports for each SCM use PortConfigKey ozone.scm.client.port appended with serviceId and nodeId
2021-09-05 14:30:11,407 [Listener at 0.0.0.0/13991] INFO  ha.SCMNodeInfo (SCMNodeInfo.java:getPort(197)) - ConfigKey ozone.scm.block.client.address is deprecated, For configuring different ports for each SCM use PortConfigKey ozone.scm.block.client.port appended with serviceId and nodeId
2021-09-05 14:30:11,407 [Listener at 0.0.0.0/13991] INFO  ha.SCMNodeInfo (SCMNodeInfo.java:getPort(197)) - ConfigKey ozone.scm.datanode.address is deprecated, For configuring different ports for each SCM use PortConfigKey ozone.scm.datanode.port appended with serviceId and nodeId
2021-09-05 14:30:11,407 [Listener at 0.0.0.0/13991] INFO  ha.SCMNodeInfo (SCMNodeInfo.java:getPort(197)) - ConfigKey ozone.scm.client.address is deprecated, For configuring different ports for each SCM use PortConfigKey ozone.scm.client.port appended with serviceId and nodeId
2021-09-05 14:30:11,407 [Listener at 0.0.0.0/13991] INFO  ha.SCMNodeInfo (SCMNodeInfo.java:getPort(197)) - ConfigKey ozone.scm.block.client.address is deprecated, For configuring different ports for each SCM use PortConfigKey ozone.scm.block.client.port appended with serviceId and nodeId
2021-09-05 14:30:11,408 [Listener at 0.0.0.0/13991] INFO  ha.SCMNodeInfo (SCMNodeInfo.java:getPort(197)) - ConfigKey ozone.scm.datanode.address is deprecated, For configuring different ports for each SCM use PortConfigKey ozone.scm.datanode.port appended with serviceId and nodeId
2021-09-05 14:30:11,408 [Listener at 0.0.0.0/13991] INFO  ha.SCMNodeInfo (SCMNodeInfo.java:getPort(197)) - ConfigKey ozone.scm.client.address is deprecated, For configuring different ports for each SCM use PortConfigKey ozone.scm.client.port appended with serviceId and nodeId
2021-09-05 14:30:11,408 [Listener at 0.0.0.0/13991] INFO  ha.SCMNodeInfo (SCMNodeInfo.java:getPort(197)) - ConfigKey ozone.scm.block.client.address is deprecated, For configuring different ports for each SCM use PortConfigKey ozone.scm.block.client.port appended with serviceId and nodeId
2021-09-05 14:30:11,410 [Listener at 0.0.0.0/13991] INFO  ha.SCMNodeInfo (SCMNodeInfo.java:getPort(197)) - ConfigKey ozone.scm.datanode.address is deprecated, For configuring different ports for each SCM use PortConfigKey ozone.scm.datanode.port appended with serviceId and nodeId
OM initialization succeeded.Current cluster id for sd=/home/runner/work/ozone/ozone/hadoop-ozone/integration-test/target/test-dir/MiniOzoneClusterImpl-11ada6fe-a5c6-4827-8b3d-97db8748ad29/omNode-1/om;cid=11ada6fe-a5c6-4827-8b3d-97db8748ad29;layoutVersion=0
2021-09-05 14:30:11,424 [Listener at 0.0.0.0/13991] INFO  ha.OMHANodeDetails (OMHANodeDetails.java:loadOMHAConfig(118)) - ServiceID for OzoneManager is om-service-test1
2021-09-05 14:30:11,424 [Listener at 0.0.0.0/13991] INFO  ha.OMHANodeDetails (OMHANodeDetails.java:loadOMHAConfig(194)) - Found matching OM address with OMServiceId: om-service-test1, OMNodeId: omNode-1, RPC Address: localhost:11040 and Ratis port: 11044
2021-09-05 14:30:11,424 [Listener at 0.0.0.0/13991] INFO  ha.OMHANodeDetails (ConfUtils.java:setNodeSpecificConfigs(108)) - Setting configuration key ozone.om.http-address with value of key ozone.om.http-address.om-service-test1.omNode-1: 127.0.0.1:11042
2021-09-05 14:30:11,425 [Listener at 0.0.0.0/13991] INFO  ha.OMHANodeDetails (ConfUtils.java:setNodeSpecificConfigs(108)) - Setting configuration key ozone.om.https-address with value of key ozone.om.https-address.om-service-test1.omNode-1: 127.0.0.1:11043
2021-09-05 14:30:11,425 [Listener at 0.0.0.0/13991] INFO  ha.OMHANodeDetails (ConfUtils.java:setNodeSpecificConfigs(108)) - Setting configuration key ozone.om.address with value of key ozone.om.address.om-service-test1.omNode-1: 127.0.0.1:11040
2021-09-05 14:30:11,425 [Listener at 0.0.0.0/13991] WARN  server.ServerUtils (ServerUtils.java:getDBPath(225)) - ozone.om.db.dirs is not configured. We recommend adding this setting. Falling back to ozone.metadata.dirs instead.
2021-09-05 14:30:11,425 [Listener at 0.0.0.0/13991] INFO  upgrade.AbstractLayoutVersionManager (AbstractLayoutVersionManager.java:init(70)) - Initializing Layout version manager with metadata layout = INITIAL_VERSION (version = 0), software layout = INITIAL_VERSION (version = 0)
2021-09-05 14:30:11,544 [Listener at 0.0.0.0/13991] INFO  reflections.Reflections (Reflections.java:scan(232)) - Reflections took 118 ms to scan 2 urls, producing 131 keys and 342 values [using 2 cores]
2021-09-05 14:30:11,544 [Listener at 0.0.0.0/13991] INFO  upgrade.OMLayoutVersionManager (OMLayoutVersionManager.java:lambda$0(116)) - Skipping Upgrade Action MockOmUpgradeAction since it has been finalized.
2021-09-05 14:30:11,545 [Listener at 0.0.0.0/13991] WARN  server.ServerUtils (ServerUtils.java:getDBPath(225)) - ozone.om.db.dirs is not configured. We recommend adding this setting. Falling back to ozone.metadata.dirs instead.
2021-09-05 14:30:11,546 [Listener at 0.0.0.0/13991] INFO  ha.SCMNodeInfo (SCMNodeInfo.java:getPort(197)) - ConfigKey ozone.scm.client.address is deprecated, For configuring different ports for each SCM use PortConfigKey ozone.scm.client.port appended with serviceId and nodeId
2021-09-05 14:30:11,547 [Listener at 0.0.0.0/13991] INFO  ha.SCMNodeInfo (SCMNodeInfo.java:getPort(197)) - ConfigKey ozone.scm.block.client.address is deprecated, For configuring different ports for each SCM use PortConfigKey ozone.scm.block.client.port appended with serviceId and nodeId
2021-09-05 14:30:11,547 [Listener at 0.0.0.0/13991] INFO  ha.SCMNodeInfo (SCMNodeInfo.java:getPort(197)) - ConfigKey ozone.scm.datanode.address is deprecated, For configuring different ports for each SCM use PortConfigKey ozone.scm.datanode.port appended with serviceId and nodeId
2021-09-05 14:30:11,547 [Listener at 0.0.0.0/13991] INFO  ha.SCMNodeInfo (SCMNodeInfo.java:getPort(197)) - ConfigKey ozone.scm.client.address is deprecated, For configuring different ports for each SCM use PortConfigKey ozone.scm.client.port appended with serviceId and nodeId
2021-09-05 14:30:11,547 [Listener at 0.0.0.0/13991] INFO  ha.SCMNodeInfo (SCMNodeInfo.java:getPort(197)) - ConfigKey ozone.scm.block.client.address is deprecated, For configuring different ports for each SCM use PortConfigKey ozone.scm.block.client.port appended with serviceId and nodeId
2021-09-05 14:30:11,547 [Listener at 0.0.0.0/13991] INFO  ha.SCMNodeInfo (SCMNodeInfo.java:getPort(197)) - ConfigKey ozone.scm.datanode.address is deprecated, For configuring different ports for each SCM use PortConfigKey ozone.scm.datanode.port appended with serviceId and nodeId
2021-09-05 14:30:11,547 [Listener at 0.0.0.0/13991] INFO  ha.SCMNodeInfo (SCMNodeInfo.java:getPort(197)) - ConfigKey ozone.scm.client.address is deprecated, For configuring different ports for each SCM use PortConfigKey ozone.scm.client.port appended with serviceId and nodeId
2021-09-05 14:30:11,547 [Listener at 0.0.0.0/13991] INFO  ha.SCMNodeInfo (SCMNodeInfo.java:getPort(197)) - ConfigKey ozone.scm.block.client.address is deprecated, For configuring different ports for each SCM use PortConfigKey ozone.scm.block.client.port appended with serviceId and nodeId
2021-09-05 14:30:11,547 [Listener at 0.0.0.0/13991] INFO  ha.SCMNodeInfo (SCMNodeInfo.java:getPort(197)) - ConfigKey ozone.scm.datanode.address is deprecated, For configuring different ports for each SCM use PortConfigKey ozone.scm.datanode.port appended with serviceId and nodeId
2021-09-05 14:30:11,548 [Listener at 0.0.0.0/13991] INFO  ha.SCMNodeInfo (SCMNodeInfo.java:getPort(197)) - ConfigKey ozone.scm.client.address is deprecated, For configuring different ports for each SCM use PortConfigKey ozone.scm.client.port appended with serviceId and nodeId
2021-09-05 14:30:11,548 [Listener at 0.0.0.0/13991] INFO  ha.SCMNodeInfo (SCMNodeInfo.java:getPort(197)) - ConfigKey ozone.scm.block.client.address is deprecated, For configuring different ports for each SCM use PortConfigKey ozone.scm.block.client.port appended with serviceId and nodeId
2021-09-05 14:30:11,548 [Listener at 0.0.0.0/13991] INFO  ha.SCMNodeInfo (SCMNodeInfo.java:getPort(197)) - ConfigKey ozone.scm.datanode.address is deprecated, For configuring different ports for each SCM use PortConfigKey ozone.scm.datanode.port appended with serviceId and nodeId
2021-09-05 14:30:11,548 [Listener at 0.0.0.0/13991] INFO  ha.SCMNodeInfo (SCMNodeInfo.java:getPort(197)) - ConfigKey ozone.scm.client.address is deprecated, For configuring different ports for each SCM use PortConfigKey ozone.scm.client.port appended with serviceId and nodeId
2021-09-05 14:30:11,548 [Listener at 0.0.0.0/13991] INFO  ha.SCMNodeInfo (SCMNodeInfo.java:getPort(197)) - ConfigKey ozone.scm.block.client.address is deprecated, For configuring different ports for each SCM use PortConfigKey ozone.scm.block.client.port appended with serviceId and nodeId
2021-09-05 14:30:11,548 [Listener at 0.0.0.0/13991] INFO  ha.SCMNodeInfo (SCMNodeInfo.java:getPort(197)) - ConfigKey ozone.scm.datanode.address is deprecated, For configuring different ports for each SCM use PortConfigKey ozone.scm.datanode.port appended with serviceId and nodeId
2021-09-05 14:30:11,549 [Listener at 0.0.0.0/13991] INFO  ha.SCMNodeInfo (SCMNodeInfo.java:getPort(197)) - ConfigKey ozone.scm.client.address is deprecated, For configuring different ports for each SCM use PortConfigKey ozone.scm.client.port appended with serviceId and nodeId
2021-09-05 14:30:11,549 [Listener at 0.0.0.0/13991] INFO  ha.SCMNodeInfo (SCMNodeInfo.java:getPort(197)) - ConfigKey ozone.scm.block.client.address is deprecated, For configuring different ports for each SCM use PortConfigKey ozone.scm.block.client.port appended with serviceId and nodeId
2021-09-05 14:30:11,549 [Listener at 0.0.0.0/13991] INFO  ha.SCMNodeInfo (SCMNodeInfo.java:getPort(197)) - ConfigKey ozone.scm.datanode.address is deprecated, For configuring different ports for each SCM use PortConfigKey ozone.scm.datanode.port appended with serviceId and nodeId
2021-09-05 14:30:11,552 [Listener at 0.0.0.0/13991] INFO  ha.SCMNodeInfo (SCMNodeInfo.java:getPort(197)) - ConfigKey ozone.scm.client.address is deprecated, For configuring different ports for each SCM use PortConfigKey ozone.scm.client.port appended with serviceId and nodeId
2021-09-05 14:30:11,552 [Listener at 0.0.0.0/13991] INFO  ha.SCMNodeInfo (SCMNodeInfo.java:getPort(197)) - ConfigKey ozone.scm.block.client.address is deprecated, For configuring different ports for each SCM use PortConfigKey ozone.scm.block.client.port appended with serviceId and nodeId
2021-09-05 14:30:11,552 [Listener at 0.0.0.0/13991] INFO  ha.SCMNodeInfo (SCMNodeInfo.java:getPort(197)) - ConfigKey ozone.scm.datanode.address is deprecated, For configuring different ports for each SCM use PortConfigKey ozone.scm.datanode.port appended with serviceId and nodeId
2021-09-05 14:30:11,552 [Listener at 0.0.0.0/13991] INFO  ha.SCMNodeInfo (SCMNodeInfo.java:getPort(197)) - ConfigKey ozone.scm.client.address is deprecated, For configuring different ports for each SCM use PortConfigKey ozone.scm.client.port appended with serviceId and nodeId
2021-09-05 14:30:11,552 [Listener at 0.0.0.0/13991] INFO  ha.SCMNodeInfo (SCMNodeInfo.java:getPort(197)) - ConfigKey ozone.scm.block.client.address is deprecated, For configuring different ports for each SCM use PortConfigKey ozone.scm.block.client.port appended with serviceId and nodeId
2021-09-05 14:30:11,552 [Listener at 0.0.0.0/13991] INFO  ha.SCMNodeInfo (SCMNodeInfo.java:getPort(197)) - ConfigKey ozone.scm.datanode.address is deprecated, For configuring different ports for each SCM use PortConfigKey ozone.scm.datanode.port appended with serviceId and nodeId
2021-09-05 14:30:11,552 [Listener at 0.0.0.0/13991] INFO  ha.SCMNodeInfo (SCMNodeInfo.java:getPort(197)) - ConfigKey ozone.scm.client.address is deprecated, For configuring different ports for each SCM use PortConfigKey ozone.scm.client.port appended with serviceId and nodeId
2021-09-05 14:30:11,553 [Listener at 0.0.0.0/13991] INFO  ha.SCMNodeInfo (SCMNodeInfo.java:getPort(197)) - ConfigKey ozone.scm.block.client.address is deprecated, For configuring different ports for each SCM use PortConfigKey ozone.scm.block.client.port appended with serviceId and nodeId
2021-09-05 14:30:11,553 [Listener at 0.0.0.0/13991] INFO  ha.SCMNodeInfo (SCMNodeInfo.java:getPort(197)) - ConfigKey ozone.scm.datanode.address is deprecated, For configuring different ports for each SCM use PortConfigKey ozone.scm.datanode.port appended with serviceId and nodeId
2021-09-05 14:30:11,570 [Listener at 0.0.0.0/13991] WARN  server.ServerUtils (ServerUtils.java:getDBPath(225)) - ozone.om.db.dirs is not configured. We recommend adding this setting. Falling back to ozone.metadata.dirs instead.
2021-09-05 14:30:11,571 [Listener at 0.0.0.0/13991] INFO  codec.OmKeyInfoCodec (OmKeyInfoCodec.java:<init>(51)) - OmKeyInfoCodec ignorePipeline = true
2021-09-05 14:30:11,573 [Listener at 0.0.0.0/13991] INFO  codec.RepeatedOmKeyInfoCodec (RepeatedOmKeyInfoCodec.java:<init>(42)) - RepeatedOmKeyInfoCodec ignorePipeline = true
2021-09-05 14:30:11,746 [EndpointStateMachine task thread for /127.0.0.1:14541 - 0 ] INFO  ipc.Client (Client.java:handleConnectionFailure(977)) - Retrying connect to server: localhost/127.0.0.1:14541. Already tried 14 time(s); retry policy is RetryUpToMaximumCountWithFixedSleep(maxRetries=15, sleepTime=1000 MILLISECONDS)
2021-09-05 14:30:11,748 [EndpointStateMachine task thread for /127.0.0.1:14531 - 0 ] INFO  ipc.Client (Client.java:handleConnectionFailure(977)) - Retrying connect to server: localhost/127.0.0.1:14531. Already tried 0 time(s); retry policy is RetryUpToMaximumCountWithFixedSleep(maxRetries=15, sleepTime=1000 MILLISECONDS)
2021-09-05 14:30:11,767 [EndpointStateMachine task thread for /127.0.0.1:14521 - 0 ] INFO  ipc.Client (Client.java:handleConnectionFailure(977)) - Retrying connect to server: localhost/127.0.0.1:14521. Already tried 1 time(s); retry policy is RetryUpToMaximumCountWithFixedSleep(maxRetries=15, sleepTime=1000 MILLISECONDS)
2021-09-05 14:30:11,796 [Listener at 0.0.0.0/13991] INFO  om.OzoneManager (OzoneManager.java:addS3GVolumeToDB(4115)) - Created Volume s3v With Owner runner required for S3Gateway operations.
2021-09-05 14:30:11,798 [Listener at 0.0.0.0/13991] WARN  server.ServerUtils (ServerUtils.java:getDefaultRatisDirectory(237)) - Storage directory for Ratis is not configured. It is a good idea to map this to an SSD disk. Falling back to ozone.metadata.dirs
2021-09-05 14:30:11,799 [Listener at 0.0.0.0/13991] WARN  utils.OzoneManagerRatisUtils (OzoneManagerRatisUtils.java:getOMRatisSnapshotDirectory(391)) - ozone.om.ratis.snapshot.dir is not configured. Falling back to ozone.metadata.dirs config
2021-09-05 14:30:11,799 [Listener at 0.0.0.0/13991] WARN  impl.MetricRegistriesImpl (MetricRegistriesImpl.java:addReporterRegistration(111)) - New reporters are added after registries were created. Some metrics will be missing from the reporter. Please add reporter before adding any new registry.
2021-09-05 14:30:11,801 [Listener at 0.0.0.0/13991] WARN  impl.MetricRegistriesImpl (MetricRegistriesImpl.java:addReporterRegistration(111)) - New reporters are added after registries were created. Some metrics will be missing from the reporter. Please add reporter before adding any new registry.
2021-09-05 14:30:11,801 [Listener at 0.0.0.0/13991] WARN  server.ServerUtils (ServerUtils.java:getDefaultRatisDirectory(237)) - Storage directory for Ratis is not configured. It is a good idea to map this to an SSD disk. Falling back to ozone.metadata.dirs
2021-09-05 14:30:11,803 [Listener at 0.0.0.0/13991] INFO  ratis.OzoneManagerRatisServer (OzoneManagerRatisServer.java:<init>(158)) - Instantiating OM Ratis server with groupID: om-service-test1 and peers: localhost:11044
2021-09-05 14:30:11,803 [Listener at 0.0.0.0/13991] INFO  ratis.OzoneManagerStateMachine (OzoneManagerStateMachine.java:loadSnapshotInfoFromDB(605)) - LastAppliedIndex is set from TransactionInfo from OM DB as (t:0, i:~)
2021-09-05 14:30:11,805 [Listener at 0.0.0.0/13991] INFO  server.RaftServer (ConfUtils.java:logGet(44)) - raft.rpc.type = GRPC (default)
2021-09-05 14:30:11,805 [Listener at 0.0.0.0/13991] INFO  grpc.GrpcFactory (GrpcFactory.java:checkPooledByteBufAllocatorUseCacheForAllThreads(48)) - PERFORMANCE WARNING: useCacheForAllThreads is true that may cause Netty to create a lot garbage objects and, as a result, trigger GC.
	It is recommended to disable useCacheForAllThreads by setting -Dorg.apache.ratis.thirdparty.io.netty.allocator.useCacheForAllThreads=false in command line.
2021-09-05 14:30:11,810 [Listener at 0.0.0.0/13991] INFO  grpc.GrpcConfigKeys (ConfUtils.java:logGet(44)) - raft.grpc.admin.port = -1 (default)
2021-09-05 14:30:11,810 [Listener at 0.0.0.0/13991] INFO  grpc.GrpcConfigKeys (ConfUtils.java:logGet(44)) - raft.grpc.server.port = 11044 (custom)
2021-09-05 14:30:11,810 [Listener at 0.0.0.0/13991] INFO  grpc.GrpcConfigKeys (ConfUtils.java:logGet(44)) - raft.grpc.client.port = -1 (default)
2021-09-05 14:30:11,810 [Listener at 0.0.0.0/13991] INFO  grpc.GrpcConfigKeys (ConfUtils.java:logGet(44)) - raft.grpc.server.port = 11044 (custom)
2021-09-05 14:30:11,810 [Listener at 0.0.0.0/13991] INFO  grpc.GrpcConfigKeys (ConfUtils.java:logGet(44)) - raft.grpc.server.port = 11044 (custom)
2021-09-05 14:30:11,811 [Listener at 0.0.0.0/13991] INFO  server.GrpcService (ConfUtils.java:logGet(44)) - raft.grpc.message.size.max = 33554432 (custom)
2021-09-05 14:30:11,811 [Listener at 0.0.0.0/13991] INFO  server.RaftServerConfigKeys (ConfUtils.java:logGet(44)) - raft.server.log.appender.buffer.byte-limit = 33554432 (custom)
2021-09-05 14:30:11,811 [Listener at 0.0.0.0/13991] INFO  server.GrpcService (ConfUtils.java:logGet(44)) - raft.grpc.flow.control.window = 1MB (=1048576) (default)
2021-09-05 14:30:11,811 [Listener at 0.0.0.0/13991] INFO  server.RaftServerConfigKeys (ConfUtils.java:logGet(44)) - raft.server.rpc.request.timeout = 3000ms (default)
2021-09-05 14:30:11,812 [Listener at 0.0.0.0/13991] INFO  impl.DataStreamServerImpl (ConfUtils.java:logGet(44)) - raft.datastream.type = DISABLED (default)
2021-09-05 14:30:11,813 [Listener at 0.0.0.0/13991] INFO  server.RaftServerConfigKeys (ConfUtils.java:logGet(44)) - raft.server.rpc.slowness.timeout = 2s (custom)
2021-09-05 14:30:11,813 [Listener at 0.0.0.0/13991] INFO  server.RaftServerConfigKeys (ConfUtils.java:logGet(44)) - raft.server.leaderelection.leader.step-down.wait-time = 10s (default)
2021-09-05 14:30:11,813 [Listener at 0.0.0.0/13991] INFO  server.RaftServerConfigKeys (ConfUtils.java:logGet(44)) - raft.server.storage.dir = [/home/runner/work/ozone/ozone/hadoop-ozone/integration-test/target/test-dir/MiniOzoneClusterImpl-11ada6fe-a5c6-4827-8b3d-97db8748ad29/omNode-1/ratis] (custom)
2021-09-05 14:30:11,815 [Listener at 0.0.0.0/13991] INFO  server.RaftServer (RaftServerProxy.java:addNew(95)) - omNode-1: addNew group-523986131536:[omNode-1|rpc:localhost:11044|priority:0] returns group-523986131536:java.util.concurrent.CompletableFuture@6853d6fb[Not completed]
2021-09-05 14:30:11,815 [Listener at 0.0.0.0/13991] INFO  om.OzoneManager (OzoneManager.java:initializeRatisServer(1573)) - OzoneManager Ratis server initialized at port 11044
2021-09-05 14:30:11,817 [Listener at 0.0.0.0/13991] INFO  ipc.CallQueueManager (CallQueueManager.java:<init>(90)) - Using callQueue: class java.util.concurrent.LinkedBlockingQueue, queueCapacity: 2000, scheduler: class org.apache.hadoop.ipc.DefaultRpcScheduler, ipcBackoff: false.
2021-09-05 14:30:11,825 [Socket Reader #1 for port 11040] INFO  ipc.Server (Server.java:run(1265)) - Starting Socket Reader #1 for port 11040
2021-09-05 14:30:11,829 [pool-252-thread-1] INFO  server.RaftServer$Division (RaftServerImpl.java:<init>(181)) - omNode-1: new RaftServerImpl for group-523986131536:[omNode-1|rpc:localhost:11044|priority:0] with OzoneManagerStateMachine:uninitialized
2021-09-05 14:30:11,852 [pool-252-thread-1] INFO  server.RaftServerConfigKeys (ConfUtils.java:logGet(44)) - raft.server.rpc.timeout.min = 1s (custom)
2021-09-05 14:30:11,861 [pool-252-thread-1] INFO  server.RaftServerConfigKeys (ConfUtils.java:logGet(44)) - raft.server.rpc.timeout.max = 1200ms (custom)
2021-09-05 14:30:11,861 [pool-252-thread-1] INFO  server.RaftServerConfigKeys (ConfUtils.java:logGet(44)) - raft.server.rpc.sleep.time = 25ms (default)
2021-09-05 14:30:11,861 [pool-252-thread-1] INFO  server.RaftServerConfigKeys (ConfUtils.java:logGet(44)) - raft.server.rpc.slowness.timeout = 2s (custom)
2021-09-05 14:30:11,861 [pool-252-thread-1] INFO  server.RaftServerConfigKeys (ConfUtils.java:logGet(44)) - raft.server.leaderelection.leader.step-down.wait-time = 10s (default)
2021-09-05 14:30:11,861 [pool-252-thread-1] INFO  server.RaftServerConfigKeys (ConfUtils.java:logGet(44)) - raft.server.sleep.deviation.threshold = 300ms (default)
2021-09-05 14:30:11,861 [pool-252-thread-1] INFO  server.RaftServerConfigKeys (ConfUtils.java:logGet(44)) - raft.server.log.appender.install.snapshot.enabled = false (custom)
2021-09-05 14:30:11,861 [pool-252-thread-1] INFO  server.RaftServer$Division (ServerState.java:<init>(105)) - omNode-1@group-523986131536: ConfigurationManager, init=-1: [omNode-1|rpc:localhost:11044|priority:0], old=null, confs=<EMPTY_MAP>
2021-09-05 14:30:11,861 [pool-252-thread-1] INFO  server.RaftServerConfigKeys (ConfUtils.java:logGet(44)) - raft.server.storage.dir = [/home/runner/work/ozone/ozone/hadoop-ozone/integration-test/target/test-dir/MiniOzoneClusterImpl-11ada6fe-a5c6-4827-8b3d-97db8748ad29/omNode-1/ratis] (custom)
2021-09-05 14:30:11,862 [pool-252-thread-1] INFO  server.RaftServerConfigKeys (ConfUtils.java:logGet(44)) - raft.server.log.corruption.policy = EXCEPTION (default)
2021-09-05 14:30:11,862 [pool-252-thread-1] INFO  server.RaftServerConfigKeys (ConfUtils.java:logGet(44)) - raft.server.storage.free-space.min = 0MB (=0) (default)
2021-09-05 14:30:11,862 [pool-252-thread-1] INFO  storage.RaftStorageDirectory (RaftStorageDirectoryImpl.java:analyzeStorage(135)) - The storage directory /home/runner/work/ozone/ozone/hadoop-ozone/integration-test/target/test-dir/MiniOzoneClusterImpl-11ada6fe-a5c6-4827-8b3d-97db8748ad29/omNode-1/ratis/c9bc4cf4-3bc3-3c60-a66b-523986131536 does not exist. Creating ...
2021-09-05 14:30:11,864 [pool-252-thread-1] INFO  storage.RaftStorageDirectory (RaftStorageDirectoryImpl.java:tryLock(230)) - Lock on /home/runner/work/ozone/ozone/hadoop-ozone/integration-test/target/test-dir/MiniOzoneClusterImpl-11ada6fe-a5c6-4827-8b3d-97db8748ad29/omNode-1/ratis/c9bc4cf4-3bc3-3c60-a66b-523986131536/in_use.lock acquired by nodename 23550@fv-az151-757
2021-09-05 14:30:11,865 [pool-252-thread-1] INFO  storage.RaftStorage (RaftStorageImpl.java:format(89)) - Storage directory /home/runner/work/ozone/ozone/hadoop-ozone/integration-test/target/test-dir/MiniOzoneClusterImpl-11ada6fe-a5c6-4827-8b3d-97db8748ad29/omNode-1/ratis/c9bc4cf4-3bc3-3c60-a66b-523986131536 has been successfully formatted.
2021-09-05 14:30:11,865 [pool-252-thread-1] INFO  server.RaftServerConfigKeys (ConfUtils.java:logGet(44)) - raft.server.notification.no-leader.timeout = 2s (custom)
2021-09-05 14:30:11,865 [pool-252-thread-1] INFO  server.RaftServerConfigKeys (ConfUtils.java:logGet(44)) - raft.server.log.use.memory = false (default)
2021-09-05 14:30:11,865 [pool-252-thread-1] INFO  server.RaftServerConfigKeys (ConfUtils.java:logGet(44)) - raft.server.log.purge.gap = 1000000 (custom)
2021-09-05 14:30:11,865 [pool-252-thread-1] INFO  server.RaftServerConfigKeys (ConfUtils.java:logGet(44)) - raft.server.log.appender.buffer.byte-limit = 33554432 (custom)
2021-09-05 14:30:11,865 [pool-252-thread-1] INFO  server.RaftServerConfigKeys (ConfUtils.java:logGet(44)) - raft.server.log.segment.size.max = 4194304 (custom)
2021-09-05 14:30:11,866 [pool-252-thread-1] INFO  server.RaftServerConfigKeys (ConfUtils.java:logGet(44)) - raft.server.log.segment.cache.num.max = 2 (custom)
2021-09-05 14:30:11,866 [pool-252-thread-1] INFO  server.RaftServerConfigKeys (ConfUtils.java:logGet(44)) - raft.server.log.segment.cache.size.max = 200MB (=209715200) (default)
2021-09-05 14:30:11,866 [pool-252-thread-1] INFO  segmented.SegmentedRaftLogWorker (SegmentedRaftLogWorker.java:<init>(182)) - new omNode-1@group-523986131536-SegmentedRaftLogWorker for RaftStorageImpl:Storage Directory /home/runner/work/ozone/ozone/hadoop-ozone/integration-test/target/test-dir/MiniOzoneClusterImpl-11ada6fe-a5c6-4827-8b3d-97db8748ad29/omNode-1/ratis/c9bc4cf4-3bc3-3c60-a66b-523986131536
2021-09-05 14:30:11,866 [pool-252-thread-1] INFO  server.RaftServerConfigKeys (ConfUtils.java:logGet(44)) - raft.server.log.queue.byte-limit = 64MB (=67108864) (default)
2021-09-05 14:30:11,866 [pool-252-thread-1] INFO  server.RaftServerConfigKeys (ConfUtils.java:logGet(44)) - raft.server.log.queue.element-limit = 4096 (default)
2021-09-05 14:30:11,866 [pool-252-thread-1] INFO  server.RaftServerConfigKeys (ConfUtils.java:logGet(44)) - raft.server.log.segment.size.max = 4194304 (custom)
2021-09-05 14:30:11,866 [pool-252-thread-1] INFO  server.RaftServerConfigKeys (ConfUtils.java:logGet(44)) - raft.server.log.preallocated.size = 4194304 (custom)
2021-09-05 14:30:11,866 [pool-252-thread-1] INFO  server.RaftServerConfigKeys (ConfUtils.java:logGet(44)) - raft.server.log.force.sync.num = 128 (default)
2021-09-05 14:30:11,866 [pool-252-thread-1] INFO  server.RaftServerConfigKeys (ConfUtils.java:logGet(44)) - raft.server.log.statemachine.data.sync = true (default)
2021-09-05 14:30:11,866 [pool-252-thread-1] INFO  server.RaftServerConfigKeys (ConfUtils.java:logGet(44)) - raft.server.log.statemachine.data.sync.timeout = 10s (default)
2021-09-05 14:30:11,866 [pool-252-thread-1] INFO  server.RaftServerConfigKeys (ConfUtils.java:logGet(44)) - raft.server.log.statemachine.data.sync.timeout.retry = -1 (default)
2021-09-05 14:30:11,867 [pool-252-thread-1] INFO  server.RaftServerConfigKeys (ConfUtils.java:logGet(44)) - raft.server.log.write.buffer.size = 64KB (=65536) (default)
2021-09-05 14:30:11,867 [pool-252-thread-1] INFO  server.RaftServerConfigKeys (ConfUtils.java:logGet(44)) - raft.server.log.statemachine.data.caching.enabled = false (default)
2021-09-05 14:30:11,867 [pool-252-thread-1] INFO  segmented.SegmentedRaftLogWorker (SegmentedRaftLogWorker.java:lambda$new$0(133)) - omNode-1@group-523986131536-SegmentedRaftLogWorker: flushIndex: setUnconditionally 0 -> -1
2021-09-05 14:30:11,867 [pool-252-thread-1] INFO  segmented.SegmentedRaftLogWorker (SegmentedRaftLogWorker.java:lambda$new$0(133)) - omNode-1@group-523986131536-SegmentedRaftLogWorker: safeCacheEvictIndex: setUnconditionally 0 -> -1
2021-09-05 14:30:11,881 [pool-252-thread-1] INFO  server.RaftServerConfigKeys (ConfUtils.java:logGet(44)) - raft.server.snapshot.auto.trigger.enabled = true (custom)
2021-09-05 14:30:11,881 [pool-252-thread-1] INFO  server.RaftServerConfigKeys (ConfUtils.java:logGet(44)) - raft.server.snapshot.auto.trigger.threshold = 400000 (default)
2021-09-05 14:30:11,881 [pool-252-thread-1] INFO  server.RaftServerConfigKeys (ConfUtils.java:logGet(44)) - raft.server.snapshot.retention.file.num = -1 (default)
2021-09-05 14:30:11,881 [pool-252-thread-1] INFO  server.RaftServerConfigKeys (ConfUtils.java:logGet(44)) - raft.server.log.purge.upto.snapshot.index = true (custom)
2021-09-05 14:30:11,881 [pool-252-thread-1] INFO  server.RaftServerConfigKeys (ConfUtils.java:logGet(44)) - raft.server.retrycache.expirytime = 300s (custom)
2021-09-05 14:30:11,881 [pool-252-thread-1] INFO  server.RaftServerConfigKeys (ConfUtils.java:logGet(44)) - raft.server.retrycache.statistics.expirytime = 100μs (default)
2021-09-05 14:30:11,897 [Listener at 127.0.0.1/11040] INFO  om.OzoneManager (OzoneManager.java:initFSOLayout(4321)) - Configured ozone.om.metadata.layout=SIMPLE and disabled optimized OM FS operations
2021-09-05 14:30:11,901 [Listener at 127.0.0.1/11040] INFO  impl.MetricsSystemImpl (MetricsSystemImpl.java:init(158)) - OzoneManager metrics system started (again)
2021-09-05 14:30:11,940 [Listener at 127.0.0.1/11040] INFO  om.OzoneManager (OzoneManager.java:start(1270)) - OzoneManager RPC server is listening at localhost/127.0.0.1:11040
2021-09-05 14:30:11,945 [Listener at 127.0.0.1/11040] INFO  ratis.OzoneManagerRatisServer (OzoneManagerRatisServer.java:start(516)) - Starting OzoneManagerRatisServer omNode-1 at port 11044
2021-09-05 14:30:11,949 [Listener at 127.0.0.1/11040] INFO  server.RaftServer$Division (RaftServerImpl.java:start(296)) - omNode-1@group-523986131536: start as a follower, conf=-1: [omNode-1|rpc:localhost:11044|priority:0], old=null
2021-09-05 14:30:11,949 [Listener at 127.0.0.1/11040] INFO  server.RaftServer$Division (RaftServerImpl.java:setRole(285)) - omNode-1@group-523986131536: changes role from      null to FOLLOWER at term 0 for startAsFollower
2021-09-05 14:30:11,949 [Listener at 127.0.0.1/11040] INFO  impl.RoleInfo (RoleInfo.java:updateAndGet(130)) - omNode-1: start omNode-1@group-523986131536-FollowerState
2021-09-05 14:30:11,956 [Listener at 127.0.0.1/11040] INFO  util.JmxRegister (JmxRegister.java:tryRegister(44)) - Successfully registered JMX Bean with object name Ratis:service=RaftServer,group=group-523986131536,id=omNode-1
2021-09-05 14:30:11,957 [Listener at 127.0.0.1/11040] INFO  server.RaftServer (RaftServerProxy.java:lambda$start$5(374)) - omNode-1: start RPC server
2021-09-05 14:30:11,965 [Listener at 127.0.0.1/11040] INFO  server.GrpcService (GrpcService.java:startImpl(253)) - omNode-1: GrpcService started, listening on 11044
2021-09-05 14:30:11,965 [Listener at 127.0.0.1/11040] INFO  om.OzoneManager (OzoneManager.java:start(1288)) - Version File has different layout version (0) than OM DB (null). That is expected if this OM has never been finalized to a newer layout version.
2021-09-05 14:30:11,969 [org.apache.ratis.util.JvmPauseMonitor$$Lambda$499/1326998608@5b7ec35a] INFO  util.JvmPauseMonitor (JvmPauseMonitor.java:run(103)) - JvmPauseMonitor-omNode-1: Started
2021-09-05 14:30:11,994 [Listener at 127.0.0.1/11040] INFO  http.BaseHttpServer (BaseHttpServer.java:newHttpServer2BuilderForOzone(209)) - Starting Web-server for ozoneManager at: http://0.0.0.0:11042
2021-09-05 14:30:11,995 [Listener at 127.0.0.1/11040] INFO  http.BaseHttpServer (BaseHttpServer.java:<init>(107)) - Hadoop Security Enabled: false Ozone Security Enabled: false Ozone HTTP Security Enabled: false 
2021-09-05 14:30:11,996 [Listener at 127.0.0.1/11040] INFO  server.AuthenticationFilter (AuthenticationFilter.java:constructSecretProvider(240)) - Unable to initialize FileSignerSecretProvider, falling back to use random secrets.
2021-09-05 14:30:12,006 [Listener at 127.0.0.1/11040] WARN  http.HttpRequestLog (HttpRequestLog.java:getRequestLog(103)) - Jetty request log can only be enabled using Log4j
2021-09-05 14:30:12,007 [Listener at 127.0.0.1/11040] INFO  http.HttpServer2 (HttpServer2.java:addGlobalFilter(1030)) - Added global filter 'safety' (class=org.apache.hadoop.hdds.server.http.HttpServer2$QuotingInputFilter)
2021-09-05 14:30:12,008 [Listener at 127.0.0.1/11040] INFO  http.HttpServer2 (HttpServer2.java:addFilter(1006)) - Added filter static_user_filter (class=org.apache.hadoop.http.lib.StaticUserWebFilter$StaticUserFilter) to context ozoneManager
2021-09-05 14:30:12,008 [Listener at 127.0.0.1/11040] INFO  http.HttpServer2 (HttpServer2.java:addFilter(1014)) - Added filter static_user_filter (class=org.apache.hadoop.http.lib.StaticUserWebFilter$StaticUserFilter) to context logs
2021-09-05 14:30:12,008 [Listener at 127.0.0.1/11040] INFO  http.HttpServer2 (HttpServer2.java:addFilter(1014)) - Added filter static_user_filter (class=org.apache.hadoop.http.lib.StaticUserWebFilter$StaticUserFilter) to context static
2021-09-05 14:30:12,009 [Listener at 127.0.0.1/11040] INFO  http.HttpServer2 (HttpServer2.java:bindListener(1249)) - Jetty bound to port 11042
2021-09-05 14:30:12,009 [Listener at 127.0.0.1/11040] INFO  server.Server (Server.java:doStart(375)) - jetty-9.4.43.v20210629; built: 2021-06-30T11:07:22.254Z; git: 526006ecfa3af7f1a27ef3a288e2bef7ea9dd7e8; jvm 1.8.0_292-b10
2021-09-05 14:30:12,021 [Listener at 127.0.0.1/11040] INFO  server.session (DefaultSessionIdManager.java:doStart(334)) - DefaultSessionIdManager workerName=node0
2021-09-05 14:30:12,022 [Listener at 127.0.0.1/11040] INFO  server.session (DefaultSessionIdManager.java:doStart(339)) - No SessionScavenger set, using defaults
2021-09-05 14:30:12,022 [Listener at 127.0.0.1/11040] INFO  server.session (HouseKeeper.java:startScavenging(132)) - node0 Scavenging every 660000ms
2021-09-05 14:30:12,023 [Listener at 127.0.0.1/11040] INFO  handler.ContextHandler (ContextHandler.java:doStart(915)) - Started o.e.j.s.ServletContextHandler@483a022a{logs,/logs,file:///home/runner/work/ozone/ozone/hadoop-ozone/integration-test/target/log,AVAILABLE}
2021-09-05 14:30:12,023 [Listener at 127.0.0.1/11040] INFO  handler.ContextHandler (ContextHandler.java:doStart(915)) - Started o.e.j.s.ServletContextHandler@2e61a2ff{static,/static,file:///home/runner/work/ozone/ozone/hadoop-ozone/integration-test/target/test-classes/webapps/static,AVAILABLE}
2021-09-05 14:30:12,026 [Listener at 127.0.0.1/11040] INFO  handler.ContextHandler (ContextHandler.java:doStart(915)) - Started o.e.j.w.WebAppContext@2cb6bc65{ozoneManager,/,file:///home/runner/work/ozone/ozone/hadoop-ozone/integration-test/target/test-classes/webapps/ozoneManager/,AVAILABLE}{file:/home/runner/work/ozone/ozone/hadoop-ozone/integration-test/target/test-classes/webapps/ozoneManager}
2021-09-05 14:30:12,045 [Listener at 127.0.0.1/11040] INFO  server.AbstractConnector (AbstractConnector.java:doStart(331)) - Started ServerConnector@5d35e169{HTTP/1.1, (http/1.1)}{0.0.0.0:11042}
2021-09-05 14:30:12,045 [Listener at 127.0.0.1/11040] INFO  server.Server (Server.java:doStart(415)) - Started @80352ms
2021-09-05 14:30:12,045 [Listener at 127.0.0.1/11040] WARN  impl.MetricsSystemImpl (MetricsSystemImpl.java:register(279)) - Sink prometheus already exists!
2021-09-05 14:30:12,046 [Listener at 127.0.0.1/11040] INFO  http.BaseHttpServer (BaseHttpServer.java:updateConnectorAddress(329)) - HTTP server of ozoneManager listening at http://0.0.0.0:11042
2021-09-05 14:30:12,048 [IPC Server Responder] INFO  ipc.Server (Server.java:run(1507)) - IPC Server Responder: starting
2021-09-05 14:30:12,056 [IPC Server listener on 11040] INFO  ipc.Server (Server.java:run(1344)) - IPC Server listener on 11040: starting
2021-09-05 14:30:12,066 [Listener at 127.0.0.1/11040] INFO  om.OzoneManager (OzoneManager.java:startTrashEmptier(1531)) - Trash Interval set to 0. Files deleted will not move to trash
2021-09-05 14:30:12,067 [Listener at 127.0.0.1/11040] INFO  ozone.MiniOzoneHAClusterImpl (MiniOzoneHAClusterImpl.java:createOMService(485)) - Started OzoneManager omNode-1 RPC server at localhost/127.0.0.1:11040
2021-09-05 14:30:12,082 [org.apache.hadoop.util.JvmPauseMonitor$Monitor@6769013a] INFO  util.JvmPauseMonitor (JvmPauseMonitor.java:run(188)) - Starting JVM pause monitor
2021-09-05 14:30:12,084 [Listener at 127.0.0.1/11040] WARN  impl.MetricRegistriesImpl (MetricRegistriesImpl.java:addReporterRegistration(111)) - New reporters are added after registries were created. Some metrics will be missing from the reporter. Please add reporter before adding any new registry.
2021-09-05 14:30:12,084 [Listener at 127.0.0.1/11040] WARN  impl.MetricRegistriesImpl (MetricRegistriesImpl.java:addReporterRegistration(111)) - New reporters are added after registries were created. Some metrics will be missing from the reporter. Please add reporter before adding any new registry.
2021-09-05 14:30:12,084 [Listener at 127.0.0.1/11040] INFO  impl.MetricsSystemImpl (MetricsSystemImpl.java:init(158)) - HddsDatanode metrics system started (again)
2021-09-05 14:30:12,118 [Listener at 127.0.0.1/11040] INFO  ozone.HddsDatanodeService (HddsDatanodeService.java:start(234)) - HddsDatanodeService host:fv-az151-757.yf2hydr00wburbhx3j5hxtcipe.bx.internal.cloudapp.net ip:10.1.0.15
2021-09-05 14:30:12,173 [Listener at 127.0.0.1/11040] INFO  upgrade.AbstractLayoutVersionManager (AbstractLayoutVersionManager.java:init(70)) - Initializing Layout version manager with metadata layout = SCM_HA (version = 2), software layout = SCM_HA (version = 2)
2021-09-05 14:30:12,290 [Listener at 127.0.0.1/11040] INFO  reflections.Reflections (Reflections.java:scan(232)) - Reflections took 115 ms to scan 7 urls, producing 120 keys and 275 values 
2021-09-05 14:30:12,302 [Listener at 127.0.0.1/11040] INFO  ha.SCMNodeInfo (SCMNodeInfo.java:getPort(197)) - ConfigKey ozone.scm.client.address is deprecated, For configuring different ports for each SCM use PortConfigKey ozone.scm.client.port appended with serviceId and nodeId
2021-09-05 14:30:12,302 [Listener at 127.0.0.1/11040] INFO  ha.SCMNodeInfo (SCMNodeInfo.java:getPort(197)) - ConfigKey ozone.scm.block.client.address is deprecated, For configuring different ports for each SCM use PortConfigKey ozone.scm.block.client.port appended with serviceId and nodeId
2021-09-05 14:30:12,302 [Listener at 127.0.0.1/11040] INFO  ha.SCMNodeInfo (SCMNodeInfo.java:getPort(197)) - ConfigKey ozone.scm.datanode.address is deprecated, For configuring different ports for each SCM use PortConfigKey ozone.scm.datanode.port appended with serviceId and nodeId
2021-09-05 14:30:12,302 [Listener at 127.0.0.1/11040] INFO  ha.SCMNodeInfo (SCMNodeInfo.java:getPort(197)) - ConfigKey ozone.scm.client.address is deprecated, For configuring different ports for each SCM use PortConfigKey ozone.scm.client.port appended with serviceId and nodeId
2021-09-05 14:30:12,303 [Listener at 127.0.0.1/11040] INFO  ha.SCMNodeInfo (SCMNodeInfo.java:getPort(197)) - ConfigKey ozone.scm.block.client.address is deprecated, For configuring different ports for each SCM use PortConfigKey ozone.scm.block.client.port appended with serviceId and nodeId
2021-09-05 14:30:12,303 [Listener at 127.0.0.1/11040] INFO  ha.SCMNodeInfo (SCMNodeInfo.java:getPort(197)) - ConfigKey ozone.scm.datanode.address is deprecated, For configuring different ports for each SCM use PortConfigKey ozone.scm.datanode.port appended with serviceId and nodeId
2021-09-05 14:30:12,303 [Listener at 127.0.0.1/11040] INFO  ha.SCMNodeInfo (SCMNodeInfo.java:getPort(197)) - ConfigKey ozone.scm.client.address is deprecated, For configuring different ports for each SCM use PortConfigKey ozone.scm.client.port appended with serviceId and nodeId
2021-09-05 14:30:12,303 [Listener at 127.0.0.1/11040] INFO  ha.SCMNodeInfo (SCMNodeInfo.java:getPort(197)) - ConfigKey ozone.scm.block.client.address is deprecated, For configuring different ports for each SCM use PortConfigKey ozone.scm.block.client.port appended with serviceId and nodeId
2021-09-05 14:30:12,303 [Listener at 127.0.0.1/11040] INFO  ha.SCMNodeInfo (SCMNodeInfo.java:getPort(197)) - ConfigKey ozone.scm.datanode.address is deprecated, For configuring different ports for each SCM use PortConfigKey ozone.scm.datanode.port appended with serviceId and nodeId
2021-09-05 14:30:12,314 [Listener at 127.0.0.1/11040] INFO  volume.HddsVolume (HddsVolume.java:<init>(120)) - Creating HddsVolume: /home/runner/work/ozone/ozone/hadoop-ozone/integration-test/target/test-dir/MiniOzoneClusterImpl-11ada6fe-a5c6-4827-8b3d-97db8748ad29/datanode-0/data-0/containers/hdds of storage type : DISK capacity : 9223372036854775807
2021-09-05 14:30:12,314 [Listener at 127.0.0.1/11040] INFO  volume.MutableVolumeSet (MutableVolumeSet.java:initializeVolumeSet(181)) - Added Volume : /home/runner/work/ozone/ozone/hadoop-ozone/integration-test/target/test-dir/MiniOzoneClusterImpl-11ada6fe-a5c6-4827-8b3d-97db8748ad29/datanode-0/data-0/containers/hdds to VolumeSet
2021-09-05 14:30:12,314 [Listener at 127.0.0.1/11040] INFO  volume.ThrottledAsyncChecker (ThrottledAsyncChecker.java:schedule(141)) - Scheduling a check for /home/runner/work/ozone/ozone/hadoop-ozone/integration-test/target/test-dir/MiniOzoneClusterImpl-11ada6fe-a5c6-4827-8b3d-97db8748ad29/datanode-0/data-0/containers/hdds
2021-09-05 14:30:12,315 [Listener at 127.0.0.1/11040] INFO  volume.StorageVolumeChecker (StorageVolumeChecker.java:checkAllVolumes(202)) - Scheduled health check for volume /home/runner/work/ozone/ozone/hadoop-ozone/integration-test/target/test-dir/MiniOzoneClusterImpl-11ada6fe-a5c6-4827-8b3d-97db8748ad29/datanode-0/data-0/containers/hdds
2021-09-05 14:30:12,340 [Listener at 127.0.0.1/11040] INFO  volume.MutableVolumeSet (MutableVolumeSet.java:initializeVolumeSet(181)) - Added Volume : /home/runner/work/ozone/ozone/hadoop-ozone/integration-test/target/test-dir/MiniOzoneClusterImpl-11ada6fe-a5c6-4827-8b3d-97db8748ad29/datanode-0/data/ratis to VolumeSet
2021-09-05 14:30:12,340 [Listener at 127.0.0.1/11040] INFO  volume.ThrottledAsyncChecker (ThrottledAsyncChecker.java:schedule(141)) - Scheduling a check for /home/runner/work/ozone/ozone/hadoop-ozone/integration-test/target/test-dir/MiniOzoneClusterImpl-11ada6fe-a5c6-4827-8b3d-97db8748ad29/datanode-0/data/ratis
2021-09-05 14:30:12,341 [Listener at 127.0.0.1/11040] INFO  volume.StorageVolumeChecker (StorageVolumeChecker.java:checkAllVolumes(202)) - Scheduled health check for volume /home/runner/work/ozone/ozone/hadoop-ozone/integration-test/target/test-dir/MiniOzoneClusterImpl-11ada6fe-a5c6-4827-8b3d-97db8748ad29/datanode-0/data/ratis
2021-09-05 14:30:12,370 [Listener at 127.0.0.1/11040] INFO  ozoneimpl.ContainerReader (ContainerReader.java:<init>(98)) - Running in upgrade mode:true
2021-09-05 14:30:12,373 [Thread-1439] INFO  ozoneimpl.ContainerReader (ContainerReader.java:readVolume(142)) - Start to verify containers on volume /home/runner/work/ozone/ozone/hadoop-ozone/integration-test/target/test-dir/MiniOzoneClusterImpl-11ada6fe-a5c6-4827-8b3d-97db8748ad29/datanode-0/data-0/containers/hdds
2021-09-05 14:30:12,374 [Thread-1439] INFO  ozoneimpl.ContainerReader (ContainerReader.java:readVolume(174)) - Finish verifying containers on volume /home/runner/work/ozone/ozone/hadoop-ozone/integration-test/target/test-dir/MiniOzoneClusterImpl-11ada6fe-a5c6-4827-8b3d-97db8748ad29/datanode-0/data-0/containers/hdds
2021-09-05 14:30:12,374 [Listener at 127.0.0.1/11040] INFO  ozoneimpl.OzoneContainer (OzoneContainer.java:buildContainerSet(237)) - Build ContainerSet costs 0s
2021-09-05 14:30:12,376 [Listener at 127.0.0.1/11040] INFO  server.RaftServer (ConfUtils.java:logGet(44)) - raft.rpc.type = GRPC (default)
2021-09-05 14:30:12,377 [Listener at 127.0.0.1/11040] INFO  grpc.GrpcFactory (GrpcFactory.java:checkPooledByteBufAllocatorUseCacheForAllThreads(48)) - PERFORMANCE WARNING: useCacheForAllThreads is true that may cause Netty to create a lot garbage objects and, as a result, trigger GC.
	It is recommended to disable useCacheForAllThreads by setting -Dorg.apache.ratis.thirdparty.io.netty.allocator.useCacheForAllThreads=false in command line.
2021-09-05 14:30:12,377 [Listener at 127.0.0.1/11040] INFO  grpc.GrpcConfigKeys (ConfUtils.java:logGet(44)) - raft.grpc.admin.port = 0 (custom)
2021-09-05 14:30:12,377 [Listener at 127.0.0.1/11040] INFO  grpc.GrpcConfigKeys (ConfUtils.java:logGet(44)) - raft.grpc.client.port = 0 (custom)
2021-09-05 14:30:12,377 [Listener at 127.0.0.1/11040] INFO  grpc.GrpcConfigKeys (ConfUtils.java:logGet(44)) - raft.grpc.server.port = 0 (default)
2021-09-05 14:30:12,377 [Listener at 127.0.0.1/11040] INFO  server.GrpcService (ConfUtils.java:logGet(44)) - raft.grpc.message.size.max = 32MB (=33554432) (custom)
2021-09-05 14:30:12,377 [Listener at 127.0.0.1/11040] INFO  server.RaftServerConfigKeys (ConfUtils.java:logGet(44)) - raft.server.log.appender.buffer.byte-limit = 33554432 (custom)
2021-09-05 14:30:12,378 [Listener at 127.0.0.1/11040] INFO  server.GrpcService (ConfUtils.java:logGet(44)) - raft.grpc.flow.control.window = 5MB (=5242880) (custom)
2021-09-05 14:30:12,378 [Listener at 127.0.0.1/11040] INFO  server.RaftServerConfigKeys (ConfUtils.java:logGet(44)) - raft.server.rpc.request.timeout = 60s (custom)
2021-09-05 14:30:12,379 [Listener at 127.0.0.1/11040] INFO  impl.DataStreamServerImpl (ConfUtils.java:logGet(44)) - raft.datastream.type = DISABLED (default)
2021-09-05 14:30:12,379 [Listener at 127.0.0.1/11040] INFO  server.RaftServerConfigKeys (ConfUtils.java:logGet(44)) - raft.server.rpc.slowness.timeout = 300s (custom)
2021-09-05 14:30:12,379 [Listener at 127.0.0.1/11040] INFO  server.RaftServerConfigKeys (ConfUtils.java:logGet(44)) - raft.server.leaderelection.leader.step-down.wait-time = 10s (default)
2021-09-05 14:30:12,380 [Listener at 127.0.0.1/11040] INFO  server.RaftServerConfigKeys (ConfUtils.java:logGet(44)) - raft.server.storage.dir = [/home/runner/work/ozone/ozone/hadoop-ozone/integration-test/target/test-dir/MiniOzoneClusterImpl-11ada6fe-a5c6-4827-8b3d-97db8748ad29/datanode-0/data/ratis] (custom)
2021-09-05 14:30:12,382 [Listener at 127.0.0.1/11040] INFO  http.BaseHttpServer (BaseHttpServer.java:newHttpServer2BuilderForOzone(209)) - Starting Web-server for hddsDatanode at: http://0.0.0.0:0
2021-09-05 14:30:12,383 [Listener at 127.0.0.1/11040] INFO  http.BaseHttpServer (BaseHttpServer.java:<init>(107)) - Hadoop Security Enabled: false Ozone Security Enabled: false Ozone HTTP Security Enabled: false 
2021-09-05 14:30:12,384 [Listener at 127.0.0.1/11040] INFO  server.AuthenticationFilter (AuthenticationFilter.java:constructSecretProvider(240)) - Unable to initialize FileSignerSecretProvider, falling back to use random secrets.
2021-09-05 14:30:12,384 [Listener at 127.0.0.1/11040] WARN  http.HttpRequestLog (HttpRequestLog.java:getRequestLog(103)) - Jetty request log can only be enabled using Log4j
2021-09-05 14:30:12,385 [Listener at 127.0.0.1/11040] INFO  http.HttpServer2 (HttpServer2.java:addGlobalFilter(1030)) - Added global filter 'safety' (class=org.apache.hadoop.hdds.server.http.HttpServer2$QuotingInputFilter)
2021-09-05 14:30:12,386 [Listener at 127.0.0.1/11040] INFO  http.HttpServer2 (HttpServer2.java:addFilter(1006)) - Added filter static_user_filter (class=org.apache.hadoop.http.lib.StaticUserWebFilter$StaticUserFilter) to context hddsDatanode
2021-09-05 14:30:12,386 [Listener at 127.0.0.1/11040] INFO  http.HttpServer2 (HttpServer2.java:addFilter(1014)) - Added filter static_user_filter (class=org.apache.hadoop.http.lib.StaticUserWebFilter$StaticUserFilter) to context logs
2021-09-05 14:30:12,386 [Listener at 127.0.0.1/11040] INFO  http.HttpServer2 (HttpServer2.java:addFilter(1014)) - Added filter static_user_filter (class=org.apache.hadoop.http.lib.StaticUserWebFilter$StaticUserFilter) to context static
2021-09-05 14:30:12,387 [Listener at 127.0.0.1/11040] INFO  http.HttpServer2 (HttpServer2.java:bindListener(1249)) - Jetty bound to port 33505
2021-09-05 14:30:12,387 [Listener at 127.0.0.1/11040] INFO  server.Server (Server.java:doStart(375)) - jetty-9.4.43.v20210629; built: 2021-06-30T11:07:22.254Z; git: 526006ecfa3af7f1a27ef3a288e2bef7ea9dd7e8; jvm 1.8.0_292-b10
2021-09-05 14:30:12,438 [Listener at 127.0.0.1/11040] INFO  server.session (DefaultSessionIdManager.java:doStart(334)) - DefaultSessionIdManager workerName=node0
2021-09-05 14:30:12,438 [Listener at 127.0.0.1/11040] INFO  server.session (DefaultSessionIdManager.java:doStart(339)) - No SessionScavenger set, using defaults
2021-09-05 14:30:12,438 [Listener at 127.0.0.1/11040] INFO  server.session (HouseKeeper.java:startScavenging(132)) - node0 Scavenging every 660000ms
2021-09-05 14:30:12,439 [Listener at 127.0.0.1/11040] INFO  handler.ContextHandler (ContextHandler.java:doStart(915)) - Started o.e.j.s.ServletContextHandler@2393b885{logs,/logs,file:///home/runner/work/ozone/ozone/hadoop-ozone/integration-test/target/log,AVAILABLE}
2021-09-05 14:30:12,463 [Listener at 127.0.0.1/11040] INFO  handler.ContextHandler (ContextHandler.java:doStart(915)) - Started o.e.j.s.ServletContextHandler@6083be44{static,/static,jar:file:/home/runner/.m2/repository/org/apache/ozone/hdds-container-service/1.2.0-SNAPSHOT/hdds-container-service-1.2.0-SNAPSHOT.jar!/webapps/static,AVAILABLE}
2021-09-05 14:30:12,552 [Listener at 127.0.0.1/11040] INFO  handler.ContextHandler (ContextHandler.java:doStart(915)) - Started o.e.j.w.WebAppContext@1e53dc3b{hddsDatanode,/,file:///tmp/jetty-0_0_0_0-33505-hdds-container-service-1_2_0-SNAPSHOT_jar-_-any-4498380088231877904/webapp/,AVAILABLE}{jar:file:/home/runner/.m2/repository/org/apache/ozone/hdds-container-service/1.2.0-SNAPSHOT/hdds-container-service-1.2.0-SNAPSHOT.jar!/webapps/hddsDatanode}
2021-09-05 14:30:12,561 [Listener at 127.0.0.1/11040] INFO  server.AbstractConnector (AbstractConnector.java:doStart(331)) - Started ServerConnector@48e114b4{HTTP/1.1, (http/1.1)}{0.0.0.0:33505}
2021-09-05 14:30:12,561 [Listener at 127.0.0.1/11040] INFO  server.Server (Server.java:doStart(415)) - Started @80868ms
2021-09-05 14:30:12,562 [Listener at 127.0.0.1/11040] WARN  impl.MetricsSystemImpl (MetricsSystemImpl.java:register(279)) - Sink prometheus already exists!
2021-09-05 14:30:12,562 [Listener at 127.0.0.1/11040] INFO  http.BaseHttpServer (BaseHttpServer.java:updateConnectorAddress(329)) - HTTP server of hddsDatanode listening at http://0.0.0.0:33505
2021-09-05 14:30:12,569 [Listener at 127.0.0.1/11040] WARN  impl.MetricRegistriesImpl (MetricRegistriesImpl.java:addReporterRegistration(111)) - New reporters are added after registries were created. Some metrics will be missing from the reporter. Please add reporter before adding any new registry.
2021-09-05 14:30:12,569 [Listener at 127.0.0.1/11040] WARN  impl.MetricRegistriesImpl (MetricRegistriesImpl.java:addReporterRegistration(111)) - New reporters are added after registries were created. Some metrics will be missing from the reporter. Please add reporter before adding any new registry.
2021-09-05 14:30:12,569 [Listener at 127.0.0.1/11040] INFO  impl.MetricsSystemImpl (MetricsSystemImpl.java:init(158)) - HddsDatanode metrics system started (again)
2021-09-05 14:30:12,604 [Listener at 127.0.0.1/11040] INFO  ozone.HddsDatanodeService (HddsDatanodeService.java:start(234)) - HddsDatanodeService host:fv-az151-757.yf2hydr00wburbhx3j5hxtcipe.bx.internal.cloudapp.net ip:10.1.0.15
2021-09-05 14:30:12,638 [Listener at 127.0.0.1/11040] INFO  upgrade.AbstractLayoutVersionManager (AbstractLayoutVersionManager.java:init(70)) - Initializing Layout version manager with metadata layout = SCM_HA (version = 2), software layout = SCM_HA (version = 2)
2021-09-05 14:30:12,661 [org.apache.hadoop.util.JvmPauseMonitor$Monitor@6721c88b] INFO  util.JvmPauseMonitor (JvmPauseMonitor.java:run(188)) - Starting JVM pause monitor
2021-09-05 14:30:12,663 [Datanode State Machine Task Thread - 0] INFO  ha.SCMNodeInfo (SCMNodeInfo.java:getPort(197)) - ConfigKey ozone.scm.client.address is deprecated, For configuring different ports for each SCM use PortConfigKey ozone.scm.client.port appended with serviceId and nodeId
2021-09-05 14:30:12,665 [Datanode State Machine Task Thread - 0] INFO  ha.SCMNodeInfo (SCMNodeInfo.java:getPort(197)) - ConfigKey ozone.scm.block.client.address is deprecated, For configuring different ports for each SCM use PortConfigKey ozone.scm.block.client.port appended with serviceId and nodeId
2021-09-05 14:30:12,665 [Datanode State Machine Task Thread - 0] INFO  ha.SCMNodeInfo (SCMNodeInfo.java:getPort(197)) - ConfigKey ozone.scm.datanode.address is deprecated, For configuring different ports for each SCM use PortConfigKey ozone.scm.datanode.port appended with serviceId and nodeId
2021-09-05 14:30:12,665 [Datanode State Machine Task Thread - 0] INFO  ha.SCMNodeInfo (SCMNodeInfo.java:getPort(197)) - ConfigKey ozone.scm.client.address is deprecated, For configuring different ports for each SCM use PortConfigKey ozone.scm.client.port appended with serviceId and nodeId
2021-09-05 14:30:12,665 [Datanode State Machine Task Thread - 0] INFO  ha.SCMNodeInfo (SCMNodeInfo.java:getPort(197)) - ConfigKey ozone.scm.block.client.address is deprecated, For configuring different ports for each SCM use PortConfigKey ozone.scm.block.client.port appended with serviceId and nodeId
2021-09-05 14:30:12,665 [Datanode State Machine Task Thread - 0] INFO  ha.SCMNodeInfo (SCMNodeInfo.java:getPort(197)) - ConfigKey ozone.scm.datanode.address is deprecated, For configuring different ports for each SCM use PortConfigKey ozone.scm.datanode.port appended with serviceId and nodeId
2021-09-05 14:30:12,665 [Datanode State Machine Task Thread - 0] INFO  ha.SCMNodeInfo (SCMNodeInfo.java:getPort(197)) - ConfigKey ozone.scm.client.address is deprecated, For configuring different ports for each SCM use PortConfigKey ozone.scm.client.port appended with serviceId and nodeId
2021-09-05 14:30:12,665 [Datanode State Machine Task Thread - 0] INFO  ha.SCMNodeInfo (SCMNodeInfo.java:getPort(197)) - ConfigKey ozone.scm.block.client.address is deprecated, For configuring different ports for each SCM use PortConfigKey ozone.scm.block.client.port appended with serviceId and nodeId
2021-09-05 14:30:12,665 [Datanode State Machine Task Thread - 0] INFO  ha.SCMNodeInfo (SCMNodeInfo.java:getPort(197)) - ConfigKey ozone.scm.datanode.address is deprecated, For configuring different ports for each SCM use PortConfigKey ozone.scm.datanode.port appended with serviceId and nodeId
2021-09-05 14:30:12,674 [Datanode State Machine Task Thread - 0] INFO  datanode.InitDatanodeState (InitDatanodeState.java:persistContainerDatanodeDetails(145)) - DatanodeDetails is persisted to /home/runner/work/ozone/ozone/hadoop-ozone/integration-test/target/test-dir/MiniOzoneClusterImpl-11ada6fe-a5c6-4827-8b3d-97db8748ad29/datanode-0/meta/datanode.id
2021-09-05 14:30:12,742 [Listener at 127.0.0.1/11040] INFO  reflections.Reflections (Reflections.java:scan(232)) - Reflections took 103 ms to scan 7 urls, producing 120 keys and 275 values 
2021-09-05 14:30:12,745 [Listener at 127.0.0.1/11040] INFO  ha.SCMNodeInfo (SCMNodeInfo.java:getPort(197)) - ConfigKey ozone.scm.client.address is deprecated, For configuring different ports for each SCM use PortConfigKey ozone.scm.client.port appended with serviceId and nodeId
2021-09-05 14:30:12,745 [Listener at 127.0.0.1/11040] INFO  ha.SCMNodeInfo (SCMNodeInfo.java:getPort(197)) - ConfigKey ozone.scm.block.client.address is deprecated, For configuring different ports for each SCM use PortConfigKey ozone.scm.block.client.port appended with serviceId and nodeId
2021-09-05 14:30:12,745 [Listener at 127.0.0.1/11040] INFO  ha.SCMNodeInfo (SCMNodeInfo.java:getPort(197)) - ConfigKey ozone.scm.datanode.address is deprecated, For configuring different ports for each SCM use PortConfigKey ozone.scm.datanode.port appended with serviceId and nodeId
2021-09-05 14:30:12,746 [Listener at 127.0.0.1/11040] INFO  ha.SCMNodeInfo (SCMNodeInfo.java:getPort(197)) - ConfigKey ozone.scm.client.address is deprecated, For configuring different ports for each SCM use PortConfigKey ozone.scm.client.port appended with serviceId and nodeId
2021-09-05 14:30:12,747 [Listener at 127.0.0.1/11040] INFO  ha.SCMNodeInfo (SCMNodeInfo.java:getPort(197)) - ConfigKey ozone.scm.block.client.address is deprecated, For configuring different ports for each SCM use PortConfigKey ozone.scm.block.client.port appended with serviceId and nodeId
2021-09-05 14:30:12,747 [Listener at 127.0.0.1/11040] INFO  ha.SCMNodeInfo (SCMNodeInfo.java:getPort(197)) - ConfigKey ozone.scm.datanode.address is deprecated, For configuring different ports for each SCM use PortConfigKey ozone.scm.datanode.port appended with serviceId and nodeId
2021-09-05 14:30:12,747 [Listener at 127.0.0.1/11040] INFO  ha.SCMNodeInfo (SCMNodeInfo.java:getPort(197)) - ConfigKey ozone.scm.client.address is deprecated, For configuring different ports for each SCM use PortConfigKey ozone.scm.client.port appended with serviceId and nodeId
2021-09-05 14:30:12,747 [Listener at 127.0.0.1/11040] INFO  ha.SCMNodeInfo (SCMNodeInfo.java:getPort(197)) - ConfigKey ozone.scm.block.client.address is deprecated, For configuring different ports for each SCM use PortConfigKey ozone.scm.block.client.port appended with serviceId and nodeId
2021-09-05 14:30:12,747 [Listener at 127.0.0.1/11040] INFO  ha.SCMNodeInfo (SCMNodeInfo.java:getPort(197)) - ConfigKey ozone.scm.datanode.address is deprecated, For configuring different ports for each SCM use PortConfigKey ozone.scm.datanode.port appended with serviceId and nodeId
2021-09-05 14:30:12,748 [EndpointStateMachine task thread for /127.0.0.1:14541 - 0 ] INFO  ipc.Client (Client.java:handleConnectionFailure(977)) - Retrying connect to server: localhost/127.0.0.1:14541. Already tried 0 time(s); retry policy is RetryUpToMaximumCountWithFixedSleep(maxRetries=15, sleepTime=1000 MILLISECONDS)
2021-09-05 14:30:12,749 [EndpointStateMachine task thread for /127.0.0.1:14531 - 0 ] INFO  ipc.Client (Client.java:handleConnectionFailure(977)) - Retrying connect to server: localhost/127.0.0.1:14531. Already tried 1 time(s); retry policy is RetryUpToMaximumCountWithFixedSleep(maxRetries=15, sleepTime=1000 MILLISECONDS)
2021-09-05 14:30:12,766 [Listener at 127.0.0.1/11040] INFO  volume.HddsVolume (HddsVolume.java:<init>(120)) - Creating HddsVolume: /home/runner/work/ozone/ozone/hadoop-ozone/integration-test/target/test-dir/MiniOzoneClusterImpl-11ada6fe-a5c6-4827-8b3d-97db8748ad29/datanode-1/data-0/containers/hdds of storage type : DISK capacity : 9223372036854775807
2021-09-05 14:30:12,766 [Listener at 127.0.0.1/11040] INFO  volume.MutableVolumeSet (MutableVolumeSet.java:initializeVolumeSet(181)) - Added Volume : /home/runner/work/ozone/ozone/hadoop-ozone/integration-test/target/test-dir/MiniOzoneClusterImpl-11ada6fe-a5c6-4827-8b3d-97db8748ad29/datanode-1/data-0/containers/hdds to VolumeSet
2021-09-05 14:30:12,767 [Listener at 127.0.0.1/11040] INFO  volume.ThrottledAsyncChecker (ThrottledAsyncChecker.java:schedule(141)) - Scheduling a check for /home/runner/work/ozone/ozone/hadoop-ozone/integration-test/target/test-dir/MiniOzoneClusterImpl-11ada6fe-a5c6-4827-8b3d-97db8748ad29/datanode-1/data-0/containers/hdds
2021-09-05 14:30:12,767 [EndpointStateMachine task thread for /127.0.0.1:14521 - 0 ] INFO  ipc.Client (Client.java:handleConnectionFailure(977)) - Retrying connect to server: localhost/127.0.0.1:14521. Already tried 2 time(s); retry policy is RetryUpToMaximumCountWithFixedSleep(maxRetries=15, sleepTime=1000 MILLISECONDS)
2021-09-05 14:30:12,776 [Listener at 127.0.0.1/11040] INFO  volume.StorageVolumeChecker (StorageVolumeChecker.java:checkAllVolumes(202)) - Scheduled health check for volume /home/runner/work/ozone/ozone/hadoop-ozone/integration-test/target/test-dir/MiniOzoneClusterImpl-11ada6fe-a5c6-4827-8b3d-97db8748ad29/datanode-1/data-0/containers/hdds
2021-09-05 14:30:12,805 [Listener at 127.0.0.1/11040] INFO  volume.MutableVolumeSet (MutableVolumeSet.java:initializeVolumeSet(181)) - Added Volume : /home/runner/work/ozone/ozone/hadoop-ozone/integration-test/target/test-dir/MiniOzoneClusterImpl-11ada6fe-a5c6-4827-8b3d-97db8748ad29/datanode-1/data/ratis to VolumeSet
2021-09-05 14:30:12,805 [Listener at 127.0.0.1/11040] INFO  volume.ThrottledAsyncChecker (ThrottledAsyncChecker.java:schedule(141)) - Scheduling a check for /home/runner/work/ozone/ozone/hadoop-ozone/integration-test/target/test-dir/MiniOzoneClusterImpl-11ada6fe-a5c6-4827-8b3d-97db8748ad29/datanode-1/data/ratis
2021-09-05 14:30:12,807 [Listener at 127.0.0.1/11040] INFO  volume.StorageVolumeChecker (StorageVolumeChecker.java:checkAllVolumes(202)) - Scheduled health check for volume /home/runner/work/ozone/ozone/hadoop-ozone/integration-test/target/test-dir/MiniOzoneClusterImpl-11ada6fe-a5c6-4827-8b3d-97db8748ad29/datanode-1/data/ratis
2021-09-05 14:30:12,844 [Listener at 127.0.0.1/11040] INFO  ozoneimpl.ContainerReader (ContainerReader.java:<init>(98)) - Running in upgrade mode:true
2021-09-05 14:30:12,861 [Thread-1451] INFO  ozoneimpl.ContainerReader (ContainerReader.java:readVolume(142)) - Start to verify containers on volume /home/runner/work/ozone/ozone/hadoop-ozone/integration-test/target/test-dir/MiniOzoneClusterImpl-11ada6fe-a5c6-4827-8b3d-97db8748ad29/datanode-1/data-0/containers/hdds
2021-09-05 14:30:12,861 [Thread-1451] INFO  ozoneimpl.ContainerReader (ContainerReader.java:readVolume(174)) - Finish verifying containers on volume /home/runner/work/ozone/ozone/hadoop-ozone/integration-test/target/test-dir/MiniOzoneClusterImpl-11ada6fe-a5c6-4827-8b3d-97db8748ad29/datanode-1/data-0/containers/hdds
2021-09-05 14:30:12,861 [Listener at 127.0.0.1/11040] INFO  ozoneimpl.OzoneContainer (OzoneContainer.java:buildContainerSet(237)) - Build ContainerSet costs 0s
2021-09-05 14:30:12,864 [Listener at 127.0.0.1/11040] INFO  server.RaftServer (ConfUtils.java:logGet(44)) - raft.rpc.type = GRPC (default)
2021-09-05 14:30:12,864 [Listener at 127.0.0.1/11040] INFO  grpc.GrpcFactory (GrpcFactory.java:checkPooledByteBufAllocatorUseCacheForAllThreads(48)) - PERFORMANCE WARNING: useCacheForAllThreads is true that may cause Netty to create a lot garbage objects and, as a result, trigger GC.
	It is recommended to disable useCacheForAllThreads by setting -Dorg.apache.ratis.thirdparty.io.netty.allocator.useCacheForAllThreads=false in command line.
2021-09-05 14:30:12,864 [Listener at 127.0.0.1/11040] INFO  grpc.GrpcConfigKeys (ConfUtils.java:logGet(44)) - raft.grpc.admin.port = 0 (custom)
2021-09-05 14:30:12,864 [Listener at 127.0.0.1/11040] INFO  grpc.GrpcConfigKeys (ConfUtils.java:logGet(44)) - raft.grpc.client.port = 0 (custom)
2021-09-05 14:30:12,864 [Listener at 127.0.0.1/11040] INFO  grpc.GrpcConfigKeys (ConfUtils.java:logGet(44)) - raft.grpc.server.port = 0 (default)
2021-09-05 14:30:12,865 [Listener at 127.0.0.1/11040] INFO  server.GrpcService (ConfUtils.java:logGet(44)) - raft.grpc.message.size.max = 32MB (=33554432) (custom)
2021-09-05 14:30:12,865 [Listener at 127.0.0.1/11040] INFO  server.RaftServerConfigKeys (ConfUtils.java:logGet(44)) - raft.server.log.appender.buffer.byte-limit = 33554432 (custom)
2021-09-05 14:30:12,865 [Listener at 127.0.0.1/11040] INFO  server.GrpcService (ConfUtils.java:logGet(44)) - raft.grpc.flow.control.window = 5MB (=5242880) (custom)
2021-09-05 14:30:12,865 [Listener at 127.0.0.1/11040] INFO  server.RaftServerConfigKeys (ConfUtils.java:logGet(44)) - raft.server.rpc.request.timeout = 60s (custom)
2021-09-05 14:30:12,866 [Listener at 127.0.0.1/11040] INFO  impl.DataStreamServerImpl (ConfUtils.java:logGet(44)) - raft.datastream.type = DISABLED (default)
2021-09-05 14:30:12,867 [Listener at 127.0.0.1/11040] INFO  server.RaftServerConfigKeys (ConfUtils.java:logGet(44)) - raft.server.rpc.slowness.timeout = 300s (custom)
2021-09-05 14:30:12,867 [Listener at 127.0.0.1/11040] INFO  server.RaftServerConfigKeys (ConfUtils.java:logGet(44)) - raft.server.leaderelection.leader.step-down.wait-time = 10s (default)
2021-09-05 14:30:12,867 [Listener at 127.0.0.1/11040] INFO  server.RaftServerConfigKeys (ConfUtils.java:logGet(44)) - raft.server.storage.dir = [/home/runner/work/ozone/ozone/hadoop-ozone/integration-test/target/test-dir/MiniOzoneClusterImpl-11ada6fe-a5c6-4827-8b3d-97db8748ad29/datanode-1/data/ratis] (custom)
2021-09-05 14:30:12,878 [Listener at 127.0.0.1/11040] INFO  http.BaseHttpServer (BaseHttpServer.java:newHttpServer2BuilderForOzone(209)) - Starting Web-server for hddsDatanode at: http://0.0.0.0:0
2021-09-05 14:30:12,878 [Listener at 127.0.0.1/11040] INFO  http.BaseHttpServer (BaseHttpServer.java:<init>(107)) - Hadoop Security Enabled: false Ozone Security Enabled: false Ozone HTTP Security Enabled: false 
2021-09-05 14:30:12,880 [Listener at 127.0.0.1/11040] INFO  server.AuthenticationFilter (AuthenticationFilter.java:constructSecretProvider(240)) - Unable to initialize FileSignerSecretProvider, falling back to use random secrets.
2021-09-05 14:30:12,897 [Listener at 127.0.0.1/11040] WARN  http.HttpRequestLog (HttpRequestLog.java:getRequestLog(103)) - Jetty request log can only be enabled using Log4j
2021-09-05 14:30:12,898 [Listener at 127.0.0.1/11040] INFO  http.HttpServer2 (HttpServer2.java:addGlobalFilter(1030)) - Added global filter 'safety' (class=org.apache.hadoop.hdds.server.http.HttpServer2$QuotingInputFilter)
2021-09-05 14:30:12,899 [Listener at 127.0.0.1/11040] INFO  http.HttpServer2 (HttpServer2.java:addFilter(1006)) - Added filter static_user_filter (class=org.apache.hadoop.http.lib.StaticUserWebFilter$StaticUserFilter) to context hddsDatanode
2021-09-05 14:30:12,899 [Listener at 127.0.0.1/11040] INFO  http.HttpServer2 (HttpServer2.java:addFilter(1014)) - Added filter static_user_filter (class=org.apache.hadoop.http.lib.StaticUserWebFilter$StaticUserFilter) to context logs
2021-09-05 14:30:12,899 [Listener at 127.0.0.1/11040] INFO  http.HttpServer2 (HttpServer2.java:addFilter(1014)) - Added filter static_user_filter (class=org.apache.hadoop.http.lib.StaticUserWebFilter$StaticUserFilter) to context static
2021-09-05 14:30:12,900 [Listener at 127.0.0.1/11040] INFO  http.HttpServer2 (HttpServer2.java:bindListener(1249)) - Jetty bound to port 37179
2021-09-05 14:30:12,900 [Listener at 127.0.0.1/11040] INFO  server.Server (Server.java:doStart(375)) - jetty-9.4.43.v20210629; built: 2021-06-30T11:07:22.254Z; git: 526006ecfa3af7f1a27ef3a288e2bef7ea9dd7e8; jvm 1.8.0_292-b10
2021-09-05 14:30:12,929 [Listener at 127.0.0.1/11040] INFO  server.session (DefaultSessionIdManager.java:doStart(334)) - DefaultSessionIdManager workerName=node0
2021-09-05 14:30:12,930 [Listener at 127.0.0.1/11040] INFO  server.session (DefaultSessionIdManager.java:doStart(339)) - No SessionScavenger set, using defaults
2021-09-05 14:30:12,930 [Listener at 127.0.0.1/11040] INFO  server.session (HouseKeeper.java:startScavenging(132)) - node0 Scavenging every 660000ms
2021-09-05 14:30:12,931 [Listener at 127.0.0.1/11040] INFO  handler.ContextHandler (ContextHandler.java:doStart(915)) - Started o.e.j.s.ServletContextHandler@6d0e7e6{logs,/logs,file:///home/runner/work/ozone/ozone/hadoop-ozone/integration-test/target/log,AVAILABLE}
2021-09-05 14:30:12,931 [Listener at 127.0.0.1/11040] INFO  handler.ContextHandler (ContextHandler.java:doStart(915)) - Started o.e.j.s.ServletContextHandler@170f2883{static,/static,jar:file:/home/runner/.m2/repository/org/apache/ozone/hdds-container-service/1.2.0-SNAPSHOT/hdds-container-service-1.2.0-SNAPSHOT.jar!/webapps/static,AVAILABLE}
2021-09-05 14:30:12,981 [omNode-1@group-523986131536-FollowerState] INFO  impl.FollowerState (FollowerState.java:run(134)) - omNode-1@group-523986131536-FollowerState: change to CANDIDATE, lastRpcElapsedTime:1032033545ns, electionTimeout:1024ms
2021-09-05 14:30:12,982 [omNode-1@group-523986131536-FollowerState] INFO  impl.RoleInfo (RoleInfo.java:shutdownFollowerState(108)) - omNode-1: shutdown omNode-1@group-523986131536-FollowerState
2021-09-05 14:30:12,982 [omNode-1@group-523986131536-FollowerState] INFO  server.RaftServer$Division (RaftServerImpl.java:setRole(285)) - omNode-1@group-523986131536: changes role from  FOLLOWER to CANDIDATE at term 0 for changeToCandidate
2021-09-05 14:30:12,982 [omNode-1@group-523986131536-FollowerState] INFO  server.RaftServerConfigKeys (ConfUtils.java:logGet(44)) - raft.server.leaderelection.pre-vote = false (custom)
2021-09-05 14:30:12,982 [omNode-1@group-523986131536-FollowerState] INFO  impl.RoleInfo (RoleInfo.java:updateAndGet(130)) - omNode-1: start omNode-1@group-523986131536-LeaderElection13
2021-09-05 14:30:13,029 [omNode-1@group-523986131536-LeaderElection13] INFO  impl.LeaderElection (LeaderElection.java:askForVotes(306)) - omNode-1@group-523986131536-LeaderElection13 ELECTION round 0: submit vote requests at term 1 for -1: [omNode-1|rpc:localhost:11044|priority:0], old=null
2021-09-05 14:30:13,029 [omNode-1@group-523986131536-LeaderElection13] INFO  impl.LeaderElection (LeaderElection.java:askForVotes(308)) - omNode-1@group-523986131536-LeaderElection13 ELECTION round 0: result PASSED (term=1)
2021-09-05 14:30:13,029 [omNode-1@group-523986131536-LeaderElection13] INFO  impl.RoleInfo (RoleInfo.java:shutdownLeaderElection(121)) - omNode-1: shutdown omNode-1@group-523986131536-LeaderElection13
2021-09-05 14:30:13,030 [omNode-1@group-523986131536-LeaderElection13] INFO  server.RaftServer$Division (RaftServerImpl.java:setRole(285)) - omNode-1@group-523986131536: changes role from CANDIDATE to LEADER at term 1 for changeToLeader
2021-09-05 14:30:13,030 [omNode-1@group-523986131536-LeaderElection13] INFO  server.RaftServer$Division (ServerState.java:setLeader(285)) - omNode-1@group-523986131536: change Leader from null to omNode-1 at term 1 for becomeLeader, leader elected after 1164ms
2021-09-05 14:30:13,030 [omNode-1@group-523986131536-LeaderElection13] INFO  server.RaftServerConfigKeys (ConfUtils.java:logGet(44)) - raft.server.staging.catchup.gap = 1000 (default)
2021-09-05 14:30:13,030 [omNode-1@group-523986131536-LeaderElection13] INFO  server.RaftServerConfigKeys (ConfUtils.java:logGet(44)) - raft.server.write.element-limit = 4096 (default)
2021-09-05 14:30:13,030 [omNode-1@group-523986131536-LeaderElection13] INFO  server.RaftServerConfigKeys (ConfUtils.java:logGet(44)) - raft.server.write.byte-limit = 64MB (=67108864) (default)
2021-09-05 14:30:13,030 [omNode-1@group-523986131536-LeaderElection13] INFO  server.RaftServerConfigKeys (ConfUtils.java:logGet(44)) - raft.server.watch.timeout = 10s (default)
2021-09-05 14:30:13,030 [omNode-1@group-523986131536-LeaderElection13] INFO  server.RaftServerConfigKeys (ConfUtils.java:logGet(44)) - raft.server.watch.timeout.denomination = 1s (default)
2021-09-05 14:30:13,030 [omNode-1@group-523986131536-LeaderElection13] INFO  server.RaftServerConfigKeys (ConfUtils.java:logGet(44)) - raft.server.watch.element-limit = 65536 (default)
2021-09-05 14:30:13,030 [omNode-1@group-523986131536-LeaderElection13] INFO  impl.RoleInfo (RoleInfo.java:updateAndGet(130)) - omNode-1: start omNode-1@group-523986131536-LeaderStateImpl
2021-09-05 14:30:13,031 [omNode-1@group-523986131536-LeaderElection13] INFO  segmented.SegmentedRaftLogWorker (SegmentedRaftLogWorker.java:startLogSegment(394)) - omNode-1@group-523986131536-SegmentedRaftLogWorker: Starting segment from index:0
2021-09-05 14:30:13,038 [omNode-1@group-523986131536-SegmentedRaftLogWorker] INFO  segmented.SegmentedRaftLogWorker (SegmentedRaftLogWorker.java:execute(601)) - omNode-1@group-523986131536-SegmentedRaftLogWorker: created new log segment /home/runner/work/ozone/ozone/hadoop-ozone/integration-test/target/test-dir/MiniOzoneClusterImpl-11ada6fe-a5c6-4827-8b3d-97db8748ad29/omNode-1/ratis/c9bc4cf4-3bc3-3c60-a66b-523986131536/current/log_inprogress_0
2021-09-05 14:30:13,040 [omNode-1@group-523986131536-LeaderElection13] INFO  server.RaftServer$Division (ServerState.java:setRaftConf(387)) - omNode-1@group-523986131536: set configuration 0: [omNode-1|rpc:localhost:11044|admin:|client:|dataStream:|priority:0], old=null
2021-09-05 14:30:13,041 [omNode-1@group-523986131536-StateMachineUpdater] INFO  ratis.OzoneManagerStateMachine (OzoneManagerStateMachine.java:notifyConfigurationChanged(188)) - Received Configuration change notification from Ratis. New Peer list:
[id: "omNode-1"
address: "localhost:11044"
]
2021-09-05 14:30:13,052 [Listener at 127.0.0.1/11040] INFO  handler.ContextHandler (ContextHandler.java:doStart(915)) - Started o.e.j.w.WebAppContext@29a1aca8{hddsDatanode,/,file:///tmp/jetty-0_0_0_0-37179-hdds-container-service-1_2_0-SNAPSHOT_jar-_-any-7309565610208479879/webapp/,AVAILABLE}{jar:file:/home/runner/.m2/repository/org/apache/ozone/hdds-container-service/1.2.0-SNAPSHOT/hdds-container-service-1.2.0-SNAPSHOT.jar!/webapps/hddsDatanode}
2021-09-05 14:30:13,066 [Listener at 127.0.0.1/11040] INFO  server.AbstractConnector (AbstractConnector.java:doStart(331)) - Started ServerConnector@64e443c1{HTTP/1.1, (http/1.1)}{0.0.0.0:37179}
2021-09-05 14:30:13,066 [Listener at 127.0.0.1/11040] INFO  server.Server (Server.java:doStart(415)) - Started @81373ms
2021-09-05 14:30:13,067 [Listener at 127.0.0.1/11040] WARN  impl.MetricsSystemImpl (MetricsSystemImpl.java:register(279)) - Sink prometheus already exists!
2021-09-05 14:30:13,067 [Listener at 127.0.0.1/11040] INFO  http.BaseHttpServer (BaseHttpServer.java:updateConnectorAddress(329)) - HTTP server of hddsDatanode listening at http://0.0.0.0:37179
2021-09-05 14:30:13,077 [Listener at 127.0.0.1/11040] WARN  impl.MetricRegistriesImpl (MetricRegistriesImpl.java:addReporterRegistration(111)) - New reporters are added after registries were created. Some metrics will be missing from the reporter. Please add reporter before adding any new registry.
2021-09-05 14:30:13,077 [Listener at 127.0.0.1/11040] WARN  impl.MetricRegistriesImpl (MetricRegistriesImpl.java:addReporterRegistration(111)) - New reporters are added after registries were created. Some metrics will be missing from the reporter. Please add reporter before adding any new registry.
2021-09-05 14:30:13,077 [Listener at 127.0.0.1/11040] INFO  impl.MetricsSystemImpl (MetricsSystemImpl.java:init(158)) - HddsDatanode metrics system started (again)
2021-09-05 14:30:13,099 [Listener at 127.0.0.1/11040] INFO  ozone.HddsDatanodeService (HddsDatanodeService.java:start(234)) - HddsDatanodeService host:fv-az151-757.yf2hydr00wburbhx3j5hxtcipe.bx.internal.cloudapp.net ip:10.1.0.15
2021-09-05 14:30:13,100 [org.apache.hadoop.util.JvmPauseMonitor$Monitor@4ed89ad5] INFO  util.JvmPauseMonitor (JvmPauseMonitor.java:run(188)) - Starting JVM pause monitor
2021-09-05 14:30:13,100 [Datanode State Machine Task Thread - 0] INFO  ha.SCMNodeInfo (SCMNodeInfo.java:getPort(197)) - ConfigKey ozone.scm.client.address is deprecated, For configuring different ports for each SCM use PortConfigKey ozone.scm.client.port appended with serviceId and nodeId
2021-09-05 14:30:13,100 [Datanode State Machine Task Thread - 0] INFO  ha.SCMNodeInfo (SCMNodeInfo.java:getPort(197)) - ConfigKey ozone.scm.block.client.address is deprecated, For configuring different ports for each SCM use PortConfigKey ozone.scm.block.client.port appended with serviceId and nodeId
2021-09-05 14:30:13,100 [Datanode State Machine Task Thread - 0] INFO  ha.SCMNodeInfo (SCMNodeInfo.java:getPort(197)) - ConfigKey ozone.scm.datanode.address is deprecated, For configuring different ports for each SCM use PortConfigKey ozone.scm.datanode.port appended with serviceId and nodeId
2021-09-05 14:30:13,100 [Datanode State Machine Task Thread - 0] INFO  ha.SCMNodeInfo (SCMNodeInfo.java:getPort(197)) - ConfigKey ozone.scm.client.address is deprecated, For configuring different ports for each SCM use PortConfigKey ozone.scm.client.port appended with serviceId and nodeId
2021-09-05 14:30:13,100 [Datanode State Machine Task Thread - 0] INFO  ha.SCMNodeInfo (SCMNodeInfo.java:getPort(197)) - ConfigKey ozone.scm.block.client.address is deprecated, For configuring different ports for each SCM use PortConfigKey ozone.scm.block.client.port appended with serviceId and nodeId
2021-09-05 14:30:13,100 [Datanode State Machine Task Thread - 0] INFO  ha.SCMNodeInfo (SCMNodeInfo.java:getPort(197)) - ConfigKey ozone.scm.datanode.address is deprecated, For configuring different ports for each SCM use PortConfigKey ozone.scm.datanode.port appended with serviceId and nodeId
2021-09-05 14:30:13,100 [Datanode State Machine Task Thread - 0] INFO  ha.SCMNodeInfo (SCMNodeInfo.java:getPort(197)) - ConfigKey ozone.scm.client.address is deprecated, For configuring different ports for each SCM use PortConfigKey ozone.scm.client.port appended with serviceId and nodeId
2021-09-05 14:30:13,100 [Datanode State Machine Task Thread - 0] INFO  ha.SCMNodeInfo (SCMNodeInfo.java:getPort(197)) - ConfigKey ozone.scm.block.client.address is deprecated, For configuring different ports for each SCM use PortConfigKey ozone.scm.block.client.port appended with serviceId and nodeId
2021-09-05 14:30:13,101 [Datanode State Machine Task Thread - 0] INFO  ha.SCMNodeInfo (SCMNodeInfo.java:getPort(197)) - ConfigKey ozone.scm.datanode.address is deprecated, For configuring different ports for each SCM use PortConfigKey ozone.scm.datanode.port appended with serviceId and nodeId
2021-09-05 14:30:13,121 [Datanode State Machine Task Thread - 0] INFO  datanode.InitDatanodeState (InitDatanodeState.java:persistContainerDatanodeDetails(145)) - DatanodeDetails is persisted to /home/runner/work/ozone/ozone/hadoop-ozone/integration-test/target/test-dir/MiniOzoneClusterImpl-11ada6fe-a5c6-4827-8b3d-97db8748ad29/datanode-1/meta/datanode.id
2021-09-05 14:30:13,138 [Listener at 127.0.0.1/11040] INFO  upgrade.AbstractLayoutVersionManager (AbstractLayoutVersionManager.java:init(70)) - Initializing Layout version manager with metadata layout = SCM_HA (version = 2), software layout = SCM_HA (version = 2)
2021-09-05 14:30:13,238 [Listener at 127.0.0.1/11040] INFO  reflections.Reflections (Reflections.java:scan(232)) - Reflections took 98 ms to scan 7 urls, producing 120 keys and 275 values 
2021-09-05 14:30:13,240 [Listener at 127.0.0.1/11040] INFO  ha.SCMNodeInfo (SCMNodeInfo.java:getPort(197)) - ConfigKey ozone.scm.client.address is deprecated, For configuring different ports for each SCM use PortConfigKey ozone.scm.client.port appended with serviceId and nodeId
2021-09-05 14:30:13,240 [Listener at 127.0.0.1/11040] INFO  ha.SCMNodeInfo (SCMNodeInfo.java:getPort(197)) - ConfigKey ozone.scm.block.client.address is deprecated, For configuring different ports for each SCM use PortConfigKey ozone.scm.block.client.port appended with serviceId and nodeId
2021-09-05 14:30:13,240 [Listener at 127.0.0.1/11040] INFO  ha.SCMNodeInfo (SCMNodeInfo.java:getPort(197)) - ConfigKey ozone.scm.datanode.address is deprecated, For configuring different ports for each SCM use PortConfigKey ozone.scm.datanode.port appended with serviceId and nodeId
2021-09-05 14:30:13,240 [Listener at 127.0.0.1/11040] INFO  ha.SCMNodeInfo (SCMNodeInfo.java:getPort(197)) - ConfigKey ozone.scm.client.address is deprecated, For configuring different ports for each SCM use PortConfigKey ozone.scm.client.port appended with serviceId and nodeId
2021-09-05 14:30:13,240 [Listener at 127.0.0.1/11040] INFO  ha.SCMNodeInfo (SCMNodeInfo.java:getPort(197)) - ConfigKey ozone.scm.block.client.address is deprecated, For configuring different ports for each SCM use PortConfigKey ozone.scm.block.client.port appended with serviceId and nodeId
2021-09-05 14:30:13,240 [Listener at 127.0.0.1/11040] INFO  ha.SCMNodeInfo (SCMNodeInfo.java:getPort(197)) - ConfigKey ozone.scm.datanode.address is deprecated, For configuring different ports for each SCM use PortConfigKey ozone.scm.datanode.port appended with serviceId and nodeId
2021-09-05 14:30:13,241 [Listener at 127.0.0.1/11040] INFO  ha.SCMNodeInfo (SCMNodeInfo.java:getPort(197)) - ConfigKey ozone.scm.client.address is deprecated, For configuring different ports for each SCM use PortConfigKey ozone.scm.client.port appended with serviceId and nodeId
2021-09-05 14:30:13,241 [Listener at 127.0.0.1/11040] INFO  ha.SCMNodeInfo (SCMNodeInfo.java:getPort(197)) - ConfigKey ozone.scm.block.client.address is deprecated, For configuring different ports for each SCM use PortConfigKey ozone.scm.block.client.port appended with serviceId and nodeId
2021-09-05 14:30:13,241 [Listener at 127.0.0.1/11040] INFO  ha.SCMNodeInfo (SCMNodeInfo.java:getPort(197)) - ConfigKey ozone.scm.datanode.address is deprecated, For configuring different ports for each SCM use PortConfigKey ozone.scm.datanode.port appended with serviceId and nodeId
2021-09-05 14:30:13,254 [Listener at 127.0.0.1/11040] INFO  volume.HddsVolume (HddsVolume.java:<init>(120)) - Creating HddsVolume: /home/runner/work/ozone/ozone/hadoop-ozone/integration-test/target/test-dir/MiniOzoneClusterImpl-11ada6fe-a5c6-4827-8b3d-97db8748ad29/datanode-2/data-0/containers/hdds of storage type : DISK capacity : 9223372036854775807
2021-09-05 14:30:13,254 [Listener at 127.0.0.1/11040] INFO  volume.MutableVolumeSet (MutableVolumeSet.java:initializeVolumeSet(181)) - Added Volume : /home/runner/work/ozone/ozone/hadoop-ozone/integration-test/target/test-dir/MiniOzoneClusterImpl-11ada6fe-a5c6-4827-8b3d-97db8748ad29/datanode-2/data-0/containers/hdds to VolumeSet
2021-09-05 14:30:13,254 [Listener at 127.0.0.1/11040] INFO  volume.ThrottledAsyncChecker (ThrottledAsyncChecker.java:schedule(141)) - Scheduling a check for /home/runner/work/ozone/ozone/hadoop-ozone/integration-test/target/test-dir/MiniOzoneClusterImpl-11ada6fe-a5c6-4827-8b3d-97db8748ad29/datanode-2/data-0/containers/hdds
2021-09-05 14:30:13,274 [Listener at 127.0.0.1/11040] INFO  volume.StorageVolumeChecker (StorageVolumeChecker.java:checkAllVolumes(202)) - Scheduled health check for volume /home/runner/work/ozone/ozone/hadoop-ozone/integration-test/target/test-dir/MiniOzoneClusterImpl-11ada6fe-a5c6-4827-8b3d-97db8748ad29/datanode-2/data-0/containers/hdds
2021-09-05 14:30:13,302 [Listener at 127.0.0.1/11040] INFO  volume.MutableVolumeSet (MutableVolumeSet.java:initializeVolumeSet(181)) - Added Volume : /home/runner/work/ozone/ozone/hadoop-ozone/integration-test/target/test-dir/MiniOzoneClusterImpl-11ada6fe-a5c6-4827-8b3d-97db8748ad29/datanode-2/data/ratis to VolumeSet
2021-09-05 14:30:13,302 [Listener at 127.0.0.1/11040] INFO  volume.ThrottledAsyncChecker (ThrottledAsyncChecker.java:schedule(141)) - Scheduling a check for /home/runner/work/ozone/ozone/hadoop-ozone/integration-test/target/test-dir/MiniOzoneClusterImpl-11ada6fe-a5c6-4827-8b3d-97db8748ad29/datanode-2/data/ratis
2021-09-05 14:30:13,302 [Listener at 127.0.0.1/11040] INFO  volume.StorageVolumeChecker (StorageVolumeChecker.java:checkAllVolumes(202)) - Scheduled health check for volume /home/runner/work/ozone/ozone/hadoop-ozone/integration-test/target/test-dir/MiniOzoneClusterImpl-11ada6fe-a5c6-4827-8b3d-97db8748ad29/datanode-2/data/ratis
2021-09-05 14:30:13,350 [Listener at 127.0.0.1/11040] INFO  ozoneimpl.ContainerReader (ContainerReader.java:<init>(98)) - Running in upgrade mode:true
2021-09-05 14:30:13,357 [Thread-1466] INFO  ozoneimpl.ContainerReader (ContainerReader.java:readVolume(142)) - Start to verify containers on volume /home/runner/work/ozone/ozone/hadoop-ozone/integration-test/target/test-dir/MiniOzoneClusterImpl-11ada6fe-a5c6-4827-8b3d-97db8748ad29/datanode-2/data-0/containers/hdds
2021-09-05 14:30:13,357 [Thread-1466] INFO  ozoneimpl.ContainerReader (ContainerReader.java:readVolume(174)) - Finish verifying containers on volume /home/runner/work/ozone/ozone/hadoop-ozone/integration-test/target/test-dir/MiniOzoneClusterImpl-11ada6fe-a5c6-4827-8b3d-97db8748ad29/datanode-2/data-0/containers/hdds
2021-09-05 14:30:13,357 [Listener at 127.0.0.1/11040] INFO  ozoneimpl.OzoneContainer (OzoneContainer.java:buildContainerSet(237)) - Build ContainerSet costs 0s
2021-09-05 14:30:13,360 [Listener at 127.0.0.1/11040] INFO  server.RaftServer (ConfUtils.java:logGet(44)) - raft.rpc.type = GRPC (default)
2021-09-05 14:30:13,360 [Listener at 127.0.0.1/11040] INFO  grpc.GrpcFactory (GrpcFactory.java:checkPooledByteBufAllocatorUseCacheForAllThreads(48)) - PERFORMANCE WARNING: useCacheForAllThreads is true that may cause Netty to create a lot garbage objects and, as a result, trigger GC.
	It is recommended to disable useCacheForAllThreads by setting -Dorg.apache.ratis.thirdparty.io.netty.allocator.useCacheForAllThreads=false in command line.
2021-09-05 14:30:13,360 [Listener at 127.0.0.1/11040] INFO  grpc.GrpcConfigKeys (ConfUtils.java:logGet(44)) - raft.grpc.admin.port = 0 (custom)
2021-09-05 14:30:13,360 [Listener at 127.0.0.1/11040] INFO  grpc.GrpcConfigKeys (ConfUtils.java:logGet(44)) - raft.grpc.client.port = 0 (custom)
2021-09-05 14:30:13,360 [Listener at 127.0.0.1/11040] INFO  grpc.GrpcConfigKeys (ConfUtils.java:logGet(44)) - raft.grpc.server.port = 0 (default)
2021-09-05 14:30:13,361 [Listener at 127.0.0.1/11040] INFO  server.GrpcService (ConfUtils.java:logGet(44)) - raft.grpc.message.size.max = 32MB (=33554432) (custom)
2021-09-05 14:30:13,361 [Listener at 127.0.0.1/11040] INFO  server.RaftServerConfigKeys (ConfUtils.java:logGet(44)) - raft.server.log.appender.buffer.byte-limit = 33554432 (custom)
2021-09-05 14:30:13,361 [Listener at 127.0.0.1/11040] INFO  server.GrpcService (ConfUtils.java:logGet(44)) - raft.grpc.flow.control.window = 5MB (=5242880) (custom)
2021-09-05 14:30:13,361 [Listener at 127.0.0.1/11040] INFO  server.RaftServerConfigKeys (ConfUtils.java:logGet(44)) - raft.server.rpc.request.timeout = 60s (custom)
2021-09-05 14:30:13,362 [Listener at 127.0.0.1/11040] INFO  impl.DataStreamServerImpl (ConfUtils.java:logGet(44)) - raft.datastream.type = DISABLED (default)
2021-09-05 14:30:13,363 [Listener at 127.0.0.1/11040] INFO  server.RaftServerConfigKeys (ConfUtils.java:logGet(44)) - raft.server.rpc.slowness.timeout = 300s (custom)
2021-09-05 14:30:13,363 [Listener at 127.0.0.1/11040] INFO  server.RaftServerConfigKeys (ConfUtils.java:logGet(44)) - raft.server.leaderelection.leader.step-down.wait-time = 10s (default)
2021-09-05 14:30:13,363 [Listener at 127.0.0.1/11040] INFO  server.RaftServerConfigKeys (ConfUtils.java:logGet(44)) - raft.server.storage.dir = [/home/runner/work/ozone/ozone/hadoop-ozone/integration-test/target/test-dir/MiniOzoneClusterImpl-11ada6fe-a5c6-4827-8b3d-97db8748ad29/datanode-2/data/ratis] (custom)
2021-09-05 14:30:13,381 [Listener at 127.0.0.1/11040] INFO  http.BaseHttpServer (BaseHttpServer.java:newHttpServer2BuilderForOzone(209)) - Starting Web-server for hddsDatanode at: http://0.0.0.0:0
2021-09-05 14:30:13,381 [Listener at 127.0.0.1/11040] INFO  http.BaseHttpServer (BaseHttpServer.java:<init>(107)) - Hadoop Security Enabled: false Ozone Security Enabled: false Ozone HTTP Security Enabled: false 
2021-09-05 14:30:13,383 [Listener at 127.0.0.1/11040] INFO  server.AuthenticationFilter (AuthenticationFilter.java:constructSecretProvider(240)) - Unable to initialize FileSignerSecretProvider, falling back to use random secrets.
2021-09-05 14:30:13,392 [Listener at 127.0.0.1/11040] WARN  http.HttpRequestLog (HttpRequestLog.java:getRequestLog(103)) - Jetty request log can only be enabled using Log4j
2021-09-05 14:30:13,392 [Listener at 127.0.0.1/11040] INFO  http.HttpServer2 (HttpServer2.java:addGlobalFilter(1030)) - Added global filter 'safety' (class=org.apache.hadoop.hdds.server.http.HttpServer2$QuotingInputFilter)
2021-09-05 14:30:13,393 [Listener at 127.0.0.1/11040] INFO  http.HttpServer2 (HttpServer2.java:addFilter(1006)) - Added filter static_user_filter (class=org.apache.hadoop.http.lib.StaticUserWebFilter$StaticUserFilter) to context hddsDatanode
2021-09-05 14:30:13,393 [Listener at 127.0.0.1/11040] INFO  http.HttpServer2 (HttpServer2.java:addFilter(1014)) - Added filter static_user_filter (class=org.apache.hadoop.http.lib.StaticUserWebFilter$StaticUserFilter) to context logs
2021-09-05 14:30:13,393 [Listener at 127.0.0.1/11040] INFO  http.HttpServer2 (HttpServer2.java:addFilter(1014)) - Added filter static_user_filter (class=org.apache.hadoop.http.lib.StaticUserWebFilter$StaticUserFilter) to context static
2021-09-05 14:30:13,394 [Listener at 127.0.0.1/11040] INFO  http.HttpServer2 (HttpServer2.java:bindListener(1249)) - Jetty bound to port 43137
2021-09-05 14:30:13,394 [Listener at 127.0.0.1/11040] INFO  server.Server (Server.java:doStart(375)) - jetty-9.4.43.v20210629; built: 2021-06-30T11:07:22.254Z; git: 526006ecfa3af7f1a27ef3a288e2bef7ea9dd7e8; jvm 1.8.0_292-b10
2021-09-05 14:30:13,433 [Listener at 127.0.0.1/11040] INFO  server.session (DefaultSessionIdManager.java:doStart(334)) - DefaultSessionIdManager workerName=node0
2021-09-05 14:30:13,433 [Listener at 127.0.0.1/11040] INFO  server.session (DefaultSessionIdManager.java:doStart(339)) - No SessionScavenger set, using defaults
2021-09-05 14:30:13,434 [Listener at 127.0.0.1/11040] INFO  server.session (HouseKeeper.java:startScavenging(132)) - node0 Scavenging every 660000ms
2021-09-05 14:30:13,441 [Listener at 127.0.0.1/11040] INFO  handler.ContextHandler (ContextHandler.java:doStart(915)) - Started o.e.j.s.ServletContextHandler@63143b83{logs,/logs,file:///home/runner/work/ozone/ozone/hadoop-ozone/integration-test/target/log,AVAILABLE}
2021-09-05 14:30:13,442 [Listener at 127.0.0.1/11040] INFO  handler.ContextHandler (ContextHandler.java:doStart(915)) - Started o.e.j.s.ServletContextHandler@491a40f{static,/static,jar:file:/home/runner/.m2/repository/org/apache/ozone/hdds-container-service/1.2.0-SNAPSHOT/hdds-container-service-1.2.0-SNAPSHOT.jar!/webapps/static,AVAILABLE}
2021-09-05 14:30:13,607 [Listener at 127.0.0.1/11040] INFO  handler.ContextHandler (ContextHandler.java:doStart(915)) - Started o.e.j.w.WebAppContext@7ef42355{hddsDatanode,/,file:///tmp/jetty-0_0_0_0-43137-hdds-container-service-1_2_0-SNAPSHOT_jar-_-any-7842260626480513880/webapp/,AVAILABLE}{jar:file:/home/runner/.m2/repository/org/apache/ozone/hdds-container-service/1.2.0-SNAPSHOT/hdds-container-service-1.2.0-SNAPSHOT.jar!/webapps/hddsDatanode}
2021-09-05 14:30:13,618 [Listener at 127.0.0.1/11040] INFO  server.AbstractConnector (AbstractConnector.java:doStart(331)) - Started ServerConnector@73fa38cb{HTTP/1.1, (http/1.1)}{0.0.0.0:43137}
2021-09-05 14:30:13,618 [Listener at 127.0.0.1/11040] INFO  server.Server (Server.java:doStart(415)) - Started @81925ms
2021-09-05 14:30:13,618 [Listener at 127.0.0.1/11040] WARN  impl.MetricsSystemImpl (MetricsSystemImpl.java:register(279)) - Sink prometheus already exists!
2021-09-05 14:30:13,622 [Listener at 127.0.0.1/11040] INFO  http.BaseHttpServer (BaseHttpServer.java:updateConnectorAddress(329)) - HTTP server of hddsDatanode listening at http://0.0.0.0:43137
2021-09-05 14:30:13,627 [Listener at 127.0.0.1/11040] INFO  ozone.MiniOzoneClusterImpl (MiniOzoneClusterImpl.java:lambda$waitForClusterToBeReady$0(235)) - Waiting for nodes to be ready. Got 0 of 3 DN Heartbeats.
2021-09-05 14:30:13,627 [Listener at 127.0.0.1/11040] INFO  ozone.MiniOzoneClusterImpl (MiniOzoneClusterImpl.java:lambda$waitForClusterToBeReady$0(238)) - Waiting for cluster to exit safe mode
2021-09-05 14:30:13,628 [Listener at 127.0.0.1/11040] INFO  ozone.MiniOzoneClusterImpl (MiniOzoneClusterImpl.java:lambda$waitForClusterToBeReady$0(240)) - SCM became leader
2021-09-05 14:30:13,681 [org.apache.hadoop.util.JvmPauseMonitor$Monitor@2c49541a] INFO  util.JvmPauseMonitor (JvmPauseMonitor.java:run(188)) - Starting JVM pause monitor
2021-09-05 14:30:13,698 [Datanode State Machine Task Thread - 0] INFO  ha.SCMNodeInfo (SCMNodeInfo.java:getPort(197)) - ConfigKey ozone.scm.client.address is deprecated, For configuring different ports for each SCM use PortConfigKey ozone.scm.client.port appended with serviceId and nodeId
2021-09-05 14:30:13,698 [Datanode State Machine Task Thread - 0] INFO  ha.SCMNodeInfo (SCMNodeInfo.java:getPort(197)) - ConfigKey ozone.scm.block.client.address is deprecated, For configuring different ports for each SCM use PortConfigKey ozone.scm.block.client.port appended with serviceId and nodeId
2021-09-05 14:30:13,698 [Datanode State Machine Task Thread - 0] INFO  ha.SCMNodeInfo (SCMNodeInfo.java:getPort(197)) - ConfigKey ozone.scm.datanode.address is deprecated, For configuring different ports for each SCM use PortConfigKey ozone.scm.datanode.port appended with serviceId and nodeId
2021-09-05 14:30:13,698 [Datanode State Machine Task Thread - 0] INFO  ha.SCMNodeInfo (SCMNodeInfo.java:getPort(197)) - ConfigKey ozone.scm.client.address is deprecated, For configuring different ports for each SCM use PortConfigKey ozone.scm.client.port appended with serviceId and nodeId
2021-09-05 14:30:13,698 [Datanode State Machine Task Thread - 0] INFO  ha.SCMNodeInfo (SCMNodeInfo.java:getPort(197)) - ConfigKey ozone.scm.block.client.address is deprecated, For configuring different ports for each SCM use PortConfigKey ozone.scm.block.client.port appended with serviceId and nodeId
2021-09-05 14:30:13,698 [Datanode State Machine Task Thread - 0] INFO  ha.SCMNodeInfo (SCMNodeInfo.java:getPort(197)) - ConfigKey ozone.scm.datanode.address is deprecated, For configuring different ports for each SCM use PortConfigKey ozone.scm.datanode.port appended with serviceId and nodeId
2021-09-05 14:30:13,698 [Datanode State Machine Task Thread - 0] INFO  ha.SCMNodeInfo (SCMNodeInfo.java:getPort(197)) - ConfigKey ozone.scm.client.address is deprecated, For configuring different ports for each SCM use PortConfigKey ozone.scm.client.port appended with serviceId and nodeId
2021-09-05 14:30:13,698 [Datanode State Machine Task Thread - 0] INFO  ha.SCMNodeInfo (SCMNodeInfo.java:getPort(197)) - ConfigKey ozone.scm.block.client.address is deprecated, For configuring different ports for each SCM use PortConfigKey ozone.scm.block.client.port appended with serviceId and nodeId
2021-09-05 14:30:13,698 [Datanode State Machine Task Thread - 0] INFO  ha.SCMNodeInfo (SCMNodeInfo.java:getPort(197)) - ConfigKey ozone.scm.datanode.address is deprecated, For configuring different ports for each SCM use PortConfigKey ozone.scm.datanode.port appended with serviceId and nodeId
2021-09-05 14:30:13,700 [Datanode State Machine Task Thread - 0] INFO  datanode.InitDatanodeState (InitDatanodeState.java:persistContainerDatanodeDetails(145)) - DatanodeDetails is persisted to /home/runner/work/ozone/ozone/hadoop-ozone/integration-test/target/test-dir/MiniOzoneClusterImpl-11ada6fe-a5c6-4827-8b3d-97db8748ad29/datanode-2/meta/datanode.id
2021-09-05 14:30:13,748 [EndpointStateMachine task thread for /127.0.0.1:14541 - 0 ] INFO  ipc.Client (Client.java:handleConnectionFailure(977)) - Retrying connect to server: localhost/127.0.0.1:14541. Already tried 1 time(s); retry policy is RetryUpToMaximumCountWithFixedSleep(maxRetries=15, sleepTime=1000 MILLISECONDS)
2021-09-05 14:30:13,749 [EndpointStateMachine task thread for /127.0.0.1:14531 - 0 ] INFO  ipc.Client (Client.java:handleConnectionFailure(977)) - Retrying connect to server: localhost/127.0.0.1:14531. Already tried 2 time(s); retry policy is RetryUpToMaximumCountWithFixedSleep(maxRetries=15, sleepTime=1000 MILLISECONDS)
2021-09-05 14:30:13,767 [EndpointStateMachine task thread for /127.0.0.1:14521 - 0 ] INFO  ipc.Client (Client.java:handleConnectionFailure(977)) - Retrying connect to server: localhost/127.0.0.1:14521. Already tried 3 time(s); retry policy is RetryUpToMaximumCountWithFixedSleep(maxRetries=15, sleepTime=1000 MILLISECONDS)
2021-09-05 14:30:14,628 [Listener at 127.0.0.1/11040] INFO  ozone.MiniOzoneClusterImpl (MiniOzoneClusterImpl.java:lambda$waitForClusterToBeReady$0(235)) - Waiting for nodes to be ready. Got 0 of 3 DN Heartbeats.
2021-09-05 14:30:14,628 [Listener at 127.0.0.1/11040] INFO  ozone.MiniOzoneClusterImpl (MiniOzoneClusterImpl.java:lambda$waitForClusterToBeReady$0(238)) - Waiting for cluster to exit safe mode
2021-09-05 14:30:14,628 [Listener at 127.0.0.1/11040] INFO  ozone.MiniOzoneClusterImpl (MiniOzoneClusterImpl.java:lambda$waitForClusterToBeReady$0(240)) - SCM became leader
2021-09-05 14:30:14,699 [EndpointStateMachine task thread for /127.0.0.1:13969 - 0 ] INFO  ozoneimpl.OzoneContainer (OzoneContainer.java:start(305)) - Attempting to start container services.
2021-09-05 14:30:14,699 [EndpointStateMachine task thread for /127.0.0.1:13969 - 0 ] INFO  ozoneimpl.OzoneContainer (OzoneContainer.java:startContainerScrub(250)) - Background container scanner has been disabled.
2021-09-05 14:30:14,705 [EndpointStateMachine task thread for /127.0.0.1:13969 - 0 ] INFO  replication.ReplicationServer (ReplicationServer.java:start(107)) - ReplicationServer is started using port 45841
2021-09-05 14:30:14,710 [EndpointStateMachine task thread for /127.0.0.1:13969 - 0 ] INFO  ratis.XceiverServerRatis (XceiverServerRatis.java:start(482)) - Starting XceiverServerRatis 83398dfc-751f-4fe2-af5b-c65c8f1546c8
2021-09-05 14:30:14,712 [EndpointStateMachine task thread for /127.0.0.1:13969 - 0 ] INFO  server.RaftServer (RaftServerProxy.java:lambda$start$5(374)) - 83398dfc-751f-4fe2-af5b-c65c8f1546c8: start RPC server
2021-09-05 14:30:14,718 [EndpointStateMachine task thread for /127.0.0.1:13969 - 0 ] INFO  server.GrpcService (GrpcService.java:startImpl(253)) - 83398dfc-751f-4fe2-af5b-c65c8f1546c8: GrpcService started, listening on 46795
2021-09-05 14:30:14,718 [EndpointStateMachine task thread for /127.0.0.1:13969 - 0 ] INFO  ratis.XceiverServerRatis (XceiverServerRatis.java:getRealPort(503)) - XceiverServerRatis 83398dfc-751f-4fe2-af5b-c65c8f1546c8 is started using port 46795 for RATIS
2021-09-05 14:30:14,718 [EndpointStateMachine task thread for /127.0.0.1:13969 - 0 ] INFO  ratis.XceiverServerRatis (XceiverServerRatis.java:getRealPort(503)) - XceiverServerRatis 83398dfc-751f-4fe2-af5b-c65c8f1546c8 is started using port 46795 for RATIS_ADMIN
2021-09-05 14:30:14,718 [EndpointStateMachine task thread for /127.0.0.1:13969 - 0 ] INFO  ratis.XceiverServerRatis (XceiverServerRatis.java:getRealPort(503)) - XceiverServerRatis 83398dfc-751f-4fe2-af5b-c65c8f1546c8 is started using port 46795 for RATIS_SERVER
2021-09-05 14:30:14,726 [EndpointStateMachine task thread for /127.0.0.1:13969 - 0 ] INFO  server.XceiverServerGrpc (XceiverServerGrpc.java:start(135)) - XceiverServerGrpc 83398dfc-751f-4fe2-af5b-c65c8f1546c8 is started using port 45989
2021-09-05 14:30:14,728 [EndpointStateMachine task thread for /127.0.0.1:13979 - 0 ] INFO  ozoneimpl.OzoneContainer (OzoneContainer.java:start(301)) - Ignore. OzoneContainer already started.
2021-09-05 14:30:14,728 [org.apache.ratis.util.JvmPauseMonitor$$Lambda$499/1326998608@12afd134] INFO  util.JvmPauseMonitor (JvmPauseMonitor.java:run(103)) - JvmPauseMonitor-83398dfc-751f-4fe2-af5b-c65c8f1546c8: Started
2021-09-05 14:30:14,749 [EndpointStateMachine task thread for /127.0.0.1:14541 - 0 ] INFO  ipc.Client (Client.java:handleConnectionFailure(977)) - Retrying connect to server: localhost/127.0.0.1:14541. Already tried 2 time(s); retry policy is RetryUpToMaximumCountWithFixedSleep(maxRetries=15, sleepTime=1000 MILLISECONDS)
2021-09-05 14:30:14,750 [EndpointStateMachine task thread for /127.0.0.1:14531 - 0 ] INFO  ipc.Client (Client.java:handleConnectionFailure(977)) - Retrying connect to server: localhost/127.0.0.1:14531. Already tried 3 time(s); retry policy is RetryUpToMaximumCountWithFixedSleep(maxRetries=15, sleepTime=1000 MILLISECONDS)
2021-09-05 14:30:14,768 [EndpointStateMachine task thread for /127.0.0.1:14521 - 0 ] INFO  ipc.Client (Client.java:handleConnectionFailure(977)) - Retrying connect to server: localhost/127.0.0.1:14521. Already tried 4 time(s); retry policy is RetryUpToMaximumCountWithFixedSleep(maxRetries=15, sleepTime=1000 MILLISECONDS)
2021-09-05 14:30:15,141 [EndpointStateMachine task thread for /127.0.0.1:13979 - 0 ] INFO  ozoneimpl.OzoneContainer (OzoneContainer.java:start(305)) - Attempting to start container services.
2021-09-05 14:30:15,146 [EndpointStateMachine task thread for /127.0.0.1:13979 - 0 ] INFO  ozoneimpl.OzoneContainer (OzoneContainer.java:startContainerScrub(250)) - Background container scanner has been disabled.
2021-09-05 14:30:15,148 [EndpointStateMachine task thread for /127.0.0.1:13979 - 0 ] INFO  replication.ReplicationServer (ReplicationServer.java:start(107)) - ReplicationServer is started using port 42617
2021-09-05 14:30:15,149 [EndpointStateMachine task thread for /127.0.0.1:13979 - 0 ] INFO  ratis.XceiverServerRatis (XceiverServerRatis.java:start(482)) - Starting XceiverServerRatis 73fc6282-bdcb-4a1d-9106-80b228a82791
2021-09-05 14:30:15,150 [EndpointStateMachine task thread for /127.0.0.1:13979 - 0 ] INFO  server.RaftServer (RaftServerProxy.java:lambda$start$5(374)) - 73fc6282-bdcb-4a1d-9106-80b228a82791: start RPC server
2021-09-05 14:30:15,154 [EndpointStateMachine task thread for /127.0.0.1:13979 - 0 ] INFO  server.GrpcService (GrpcService.java:startImpl(253)) - 73fc6282-bdcb-4a1d-9106-80b228a82791: GrpcService started, listening on 46567
2021-09-05 14:30:15,154 [EndpointStateMachine task thread for /127.0.0.1:13979 - 0 ] INFO  ratis.XceiverServerRatis (XceiverServerRatis.java:getRealPort(503)) - XceiverServerRatis 73fc6282-bdcb-4a1d-9106-80b228a82791 is started using port 46567 for RATIS
2021-09-05 14:30:15,154 [EndpointStateMachine task thread for /127.0.0.1:13979 - 0 ] INFO  ratis.XceiverServerRatis (XceiverServerRatis.java:getRealPort(503)) - XceiverServerRatis 73fc6282-bdcb-4a1d-9106-80b228a82791 is started using port 46567 for RATIS_ADMIN
2021-09-05 14:30:15,154 [EndpointStateMachine task thread for /127.0.0.1:13979 - 0 ] INFO  ratis.XceiverServerRatis (XceiverServerRatis.java:getRealPort(503)) - XceiverServerRatis 73fc6282-bdcb-4a1d-9106-80b228a82791 is started using port 46567 for RATIS_SERVER
2021-09-05 14:30:15,158 [EndpointStateMachine task thread for /127.0.0.1:13979 - 0 ] INFO  server.XceiverServerGrpc (XceiverServerGrpc.java:start(135)) - XceiverServerGrpc 73fc6282-bdcb-4a1d-9106-80b228a82791 is started using port 44315
2021-09-05 14:30:15,159 [EndpointStateMachine task thread for /127.0.0.1:13969 - 0 ] INFO  ozoneimpl.OzoneContainer (OzoneContainer.java:start(301)) - Ignore. OzoneContainer already started.
2021-09-05 14:30:15,162 [org.apache.ratis.util.JvmPauseMonitor$$Lambda$499/1326998608@77c705a8] INFO  util.JvmPauseMonitor (JvmPauseMonitor.java:run(103)) - JvmPauseMonitor-73fc6282-bdcb-4a1d-9106-80b228a82791: Started
2021-09-05 14:30:15,629 [Listener at 127.0.0.1/11040] INFO  ozone.MiniOzoneClusterImpl (MiniOzoneClusterImpl.java:lambda$waitForClusterToBeReady$0(235)) - Waiting for nodes to be ready. Got 0 of 3 DN Heartbeats.
2021-09-05 14:30:15,629 [Listener at 127.0.0.1/11040] INFO  ozone.MiniOzoneClusterImpl (MiniOzoneClusterImpl.java:lambda$waitForClusterToBeReady$0(238)) - Waiting for cluster to exit safe mode
2021-09-05 14:30:15,629 [Listener at 127.0.0.1/11040] INFO  ozone.MiniOzoneClusterImpl (MiniOzoneClusterImpl.java:lambda$waitForClusterToBeReady$0(240)) - SCM became leader
2021-09-05 14:30:15,717 [EndpointStateMachine task thread for /127.0.0.1:13969 - 0 ] INFO  ozoneimpl.OzoneContainer (OzoneContainer.java:start(305)) - Attempting to start container services.
2021-09-05 14:30:15,717 [EndpointStateMachine task thread for /127.0.0.1:13969 - 0 ] INFO  ozoneimpl.OzoneContainer (OzoneContainer.java:startContainerScrub(250)) - Background container scanner has been disabled.
2021-09-05 14:30:15,720 [EndpointStateMachine task thread for /127.0.0.1:13969 - 0 ] INFO  replication.ReplicationServer (ReplicationServer.java:start(107)) - ReplicationServer is started using port 39479
2021-09-05 14:30:15,729 [EndpointStateMachine task thread for /127.0.0.1:13969 - 0 ] INFO  ratis.XceiverServerRatis (XceiverServerRatis.java:start(482)) - Starting XceiverServerRatis 6bbc5292-b6d7-424f-9a49-f587de829c2d
2021-09-05 14:30:15,732 [EndpointStateMachine task thread for /127.0.0.1:13969 - 0 ] INFO  server.RaftServer (RaftServerProxy.java:lambda$start$5(374)) - 6bbc5292-b6d7-424f-9a49-f587de829c2d: start RPC server
2021-09-05 14:30:15,736 [EndpointStateMachine task thread for /127.0.0.1:13969 - 0 ] INFO  server.GrpcService (GrpcService.java:startImpl(253)) - 6bbc5292-b6d7-424f-9a49-f587de829c2d: GrpcService started, listening on 46659
2021-09-05 14:30:15,737 [EndpointStateMachine task thread for /127.0.0.1:13969 - 0 ] INFO  ratis.XceiverServerRatis (XceiverServerRatis.java:getRealPort(503)) - XceiverServerRatis 6bbc5292-b6d7-424f-9a49-f587de829c2d is started using port 46659 for RATIS
2021-09-05 14:30:15,737 [EndpointStateMachine task thread for /127.0.0.1:13969 - 0 ] INFO  ratis.XceiverServerRatis (XceiverServerRatis.java:getRealPort(503)) - XceiverServerRatis 6bbc5292-b6d7-424f-9a49-f587de829c2d is started using port 46659 for RATIS_ADMIN
2021-09-05 14:30:15,737 [EndpointStateMachine task thread for /127.0.0.1:13969 - 0 ] INFO  ratis.XceiverServerRatis (XceiverServerRatis.java:getRealPort(503)) - XceiverServerRatis 6bbc5292-b6d7-424f-9a49-f587de829c2d is started using port 46659 for RATIS_SERVER
2021-09-05 14:30:15,747 [EndpointStateMachine task thread for /127.0.0.1:13969 - 0 ] INFO  server.XceiverServerGrpc (XceiverServerGrpc.java:start(135)) - XceiverServerGrpc 6bbc5292-b6d7-424f-9a49-f587de829c2d is started using port 41237
2021-09-05 14:30:15,747 [org.apache.ratis.util.JvmPauseMonitor$$Lambda$499/1326998608@51a45f51] INFO  util.JvmPauseMonitor (JvmPauseMonitor.java:run(103)) - JvmPauseMonitor-6bbc5292-b6d7-424f-9a49-f587de829c2d: Started
2021-09-05 14:30:15,749 [EndpointStateMachine task thread for /127.0.0.1:14541 - 0 ] INFO  ipc.Client (Client.java:handleConnectionFailure(977)) - Retrying connect to server: localhost/127.0.0.1:14541. Already tried 3 time(s); retry policy is RetryUpToMaximumCountWithFixedSleep(maxRetries=15, sleepTime=1000 MILLISECONDS)
2021-09-05 14:30:15,750 [EndpointStateMachine task thread for /127.0.0.1:14531 - 0 ] INFO  ipc.Client (Client.java:handleConnectionFailure(977)) - Retrying connect to server: localhost/127.0.0.1:14531. Already tried 4 time(s); retry policy is RetryUpToMaximumCountWithFixedSleep(maxRetries=15, sleepTime=1000 MILLISECONDS)
2021-09-05 14:30:15,766 [EndpointStateMachine task thread for /127.0.0.1:13979 - 0 ] INFO  ozoneimpl.OzoneContainer (OzoneContainer.java:start(301)) - Ignore. OzoneContainer already started.
2021-09-05 14:30:15,768 [EndpointStateMachine task thread for /127.0.0.1:14521 - 0 ] INFO  ipc.Client (Client.java:handleConnectionFailure(977)) - Retrying connect to server: localhost/127.0.0.1:14521. Already tried 5 time(s); retry policy is RetryUpToMaximumCountWithFixedSleep(maxRetries=15, sleepTime=1000 MILLISECONDS)
2021-09-05 14:30:16,629 [Listener at 127.0.0.1/11040] INFO  ozone.MiniOzoneClusterImpl (MiniOzoneClusterImpl.java:lambda$waitForClusterToBeReady$0(235)) - Waiting for nodes to be ready. Got 0 of 3 DN Heartbeats.
2021-09-05 14:30:16,630 [Listener at 127.0.0.1/11040] INFO  ozone.MiniOzoneClusterImpl (MiniOzoneClusterImpl.java:lambda$waitForClusterToBeReady$0(238)) - Waiting for cluster to exit safe mode
2021-09-05 14:30:16,630 [Listener at 127.0.0.1/11040] INFO  ozone.MiniOzoneClusterImpl (MiniOzoneClusterImpl.java:lambda$waitForClusterToBeReady$0(240)) - SCM became leader
2021-09-05 14:30:16,672 [IPC Server handler 11 on default port 13979] INFO  net.NetworkTopologyImpl (NetworkTopologyImpl.java:add(112)) - Added a new node: /default-rack/83398dfc-751f-4fe2-af5b-c65c8f1546c8
2021-09-05 14:30:16,672 [IPC Server handler 11 on default port 13979] INFO  node.SCMNodeManager (SCMNodeManager.java:register(390)) - Registered Data node : 83398dfc-751f-4fe2-af5b-c65c8f1546c8{ip: 127.0.0.1, host: localhost, ports: [REPLICATION=45841, RATIS=46795, RATIS_ADMIN=46795, RATIS_SERVER=46795, STANDALONE=45989], networkLocation: /default-rack, certSerialId: null, persistedOpState: null, persistedOpStateExpiryEpochSec: 0}
2021-09-05 14:30:16,674 [EventQueue-NodeRegistrationContainerReportForDataNodeSafeModeRule] INFO  safemode.SCMSafeModeManager (DataNodeSafeModeRule.java:process(71)) - SCM in safe mode. 1 DataNodes registered, 3 required.
2021-09-05 14:30:16,682 [IPC Server handler 6 on default port 13969] INFO  net.NetworkTopologyImpl (NetworkTopologyImpl.java:add(112)) - Added a new node: /default-rack/83398dfc-751f-4fe2-af5b-c65c8f1546c8
2021-09-05 14:30:16,682 [IPC Server handler 6 on default port 13969] INFO  node.SCMNodeManager (SCMNodeManager.java:register(390)) - Registered Data node : 83398dfc-751f-4fe2-af5b-c65c8f1546c8{ip: 127.0.0.1, host: localhost, ports: [REPLICATION=45841, RATIS=46795, RATIS_ADMIN=46795, RATIS_SERVER=46795, STANDALONE=45989], networkLocation: /default-rack, certSerialId: null, persistedOpState: null, persistedOpStateExpiryEpochSec: 0}
2021-09-05 14:30:16,689 [EventQueue-NewNodeForNewNodeHandler] INFO  pipeline.BackgroundPipelineCreator (BackgroundPipelineCreatorV2.java:notifyEventTriggered(279)) - ignore, not leader SCM.
2021-09-05 14:30:16,689 [EventQueue-PipelineReportForOneReplicaPipelineSafeModeRule] INFO  safemode.SCMSafeModeManager (SCMSafeModeManager.java:validateSafeModeExitRules(204)) - AtleastOneDatanodeReportedRule rule is successfully validated
2021-09-05 14:30:16,693 [EventQueue-NewNodeForNewNodeHandler] INFO  pipeline.BackgroundPipelineCreator (BackgroundPipelineCreatorV2.java:notifyEventTriggered(285)) - trigger a one-shot run on RatisPipelineUtilsThread.
2021-09-05 14:30:16,710 [EventQueue-NodeRegistrationContainerReportForDataNodeSafeModeRule] INFO  safemode.SCMSafeModeManager (DataNodeSafeModeRule.java:process(71)) - SCM in safe mode. 1 DataNodes registered, 3 required.
2021-09-05 14:30:16,693 [RatisPipelineUtilsThread - 0] INFO  pipeline.RatisPipelineProvider (RatisPipelineProvider.java:lambda$create$0(183)) - Sending CreatePipelineCommand for pipeline:PipelineID=59a078b3-30f1-43e2-96c6-55f03f1850f1 to datanode:83398dfc-751f-4fe2-af5b-c65c8f1546c8
2021-09-05 14:30:16,714 [EventQueue-NodeRegistrationContainerReportForContainerSafeModeRule] INFO  safemode.SCMSafeModeManager (SCMSafeModeManager.java:validateSafeModeExitRules(204)) - ContainerSafeModeRule rule is successfully validated
2021-09-05 14:30:16,724 [EventQueue-NodeRegistrationContainerReportForContainerSafeModeRule] INFO  safemode.SCMSafeModeManager (SCMSafeModeManager.java:validateSafeModeExitRules(204)) - ContainerSafeModeRule rule is successfully validated
2021-09-05 14:30:16,724 [EventQueue-PipelineReportForOneReplicaPipelineSafeModeRule] INFO  safemode.SCMSafeModeManager (SCMSafeModeManager.java:validateSafeModeExitRules(204)) - AtleastOneDatanodeReportedRule rule is successfully validated
2021-09-05 14:30:16,750 [EndpointStateMachine task thread for /127.0.0.1:14541 - 0 ] INFO  ipc.Client (Client.java:handleConnectionFailure(977)) - Retrying connect to server: localhost/127.0.0.1:14541. Already tried 4 time(s); retry policy is RetryUpToMaximumCountWithFixedSleep(maxRetries=15, sleepTime=1000 MILLISECONDS)
2021-09-05 14:30:16,752 [EndpointStateMachine task thread for /127.0.0.1:14531 - 0 ] INFO  ipc.Client (Client.java:handleConnectionFailure(977)) - Retrying connect to server: localhost/127.0.0.1:14531. Already tried 5 time(s); retry policy is RetryUpToMaximumCountWithFixedSleep(maxRetries=15, sleepTime=1000 MILLISECONDS)
2021-09-05 14:30:16,769 [EndpointStateMachine task thread for /127.0.0.1:14521 - 0 ] INFO  ipc.Client (Client.java:handleConnectionFailure(977)) - Retrying connect to server: localhost/127.0.0.1:14521. Already tried 6 time(s); retry policy is RetryUpToMaximumCountWithFixedSleep(maxRetries=15, sleepTime=1000 MILLISECONDS)
2021-09-05 14:30:16,773 [69e17fe3-75d6-40e2-b575-3df3d97ee56c@group-97DB8748AD29-StateMachineUpdater] INFO  pipeline.PipelineStateManager (PipelineStateManagerV2Impl.java:addPipeline(101)) - Created pipeline Pipeline[ Id: 59a078b3-30f1-43e2-96c6-55f03f1850f1, Nodes: 83398dfc-751f-4fe2-af5b-c65c8f1546c8{ip: 127.0.0.1, host: localhost, ports: [REPLICATION=45841, RATIS=46795, RATIS_ADMIN=46795, RATIS_SERVER=46795, STANDALONE=45989], networkLocation: /default-rack, certSerialId: null, persistedOpState: IN_SERVICE, persistedOpStateExpiryEpochSec: 0}, ReplicationConfig: RATIS/ONE, State:ALLOCATED, leaderId:, CreationTimestamp2021-09-05T14:30:16.693Z[Etc/UTC]].
2021-09-05 14:30:16,773 [69e17fe3-75d6-40e2-b575-3df3d97ee56c@group-97DB8748AD29-StateMachineUpdater] INFO  safemode.HealthyPipelineSafeModeRule (HealthyPipelineSafeModeRule.java:initializeRule(152)) - Refreshed total pipeline count is 0, healthy pipeline threshold count is 1
2021-09-05 14:30:16,773 [RatisPipelineUtilsThread - 0] INFO  ha.SCMHAInvocationHandler (SCMHAInvocationHandler.java:invokeRatis(113)) - Invoking method public abstract void org.apache.hadoop.hdds.scm.pipeline.StateManager.addPipeline(org.apache.hadoop.hdds.protocol.proto.HddsProtos$Pipeline) throws java.io.IOException on target org.apache.hadoop.hdds.scm.ha.SCMRatisServerImpl@7d3b5917, cost 58773.017us
2021-09-05 14:30:16,786 [9d3796c5-d907-4196-a355-2f07340af16c@group-97DB8748AD29-StateMachineUpdater] INFO  pipeline.PipelineStateManager (PipelineStateManagerV2Impl.java:addPipeline(101)) - Created pipeline Pipeline[ Id: 59a078b3-30f1-43e2-96c6-55f03f1850f1, Nodes: 83398dfc-751f-4fe2-af5b-c65c8f1546c8{ip: 127.0.0.1, host: localhost, ports: [REPLICATION=45841, RATIS=46795, RATIS_ADMIN=46795, RATIS_SERVER=46795, STANDALONE=45989], networkLocation: /default-rack, certSerialId: null, persistedOpState: IN_SERVICE, persistedOpStateExpiryEpochSec: 0}, ReplicationConfig: RATIS/ONE, State:ALLOCATED, leaderId:, CreationTimestamp2021-09-05T14:30:16.693Z[Etc/UTC]].
2021-09-05 14:30:16,786 [9d3796c5-d907-4196-a355-2f07340af16c@group-97DB8748AD29-StateMachineUpdater] INFO  safemode.HealthyPipelineSafeModeRule (HealthyPipelineSafeModeRule.java:initializeRule(152)) - Refreshed total pipeline count is 0, healthy pipeline threshold count is 1
2021-09-05 14:30:17,118 [IPC Server handler 11 on default port 13969] INFO  net.NetworkTopologyImpl (NetworkTopologyImpl.java:add(112)) - Added a new node: /default-rack/73fc6282-bdcb-4a1d-9106-80b228a82791
2021-09-05 14:30:17,119 [IPC Server handler 11 on default port 13969] INFO  node.SCMNodeManager (SCMNodeManager.java:register(390)) - Registered Data node : 73fc6282-bdcb-4a1d-9106-80b228a82791{ip: 127.0.0.1, host: localhost, ports: [REPLICATION=42617, RATIS=46567, RATIS_ADMIN=46567, RATIS_SERVER=46567, STANDALONE=44315], networkLocation: /default-rack, certSerialId: null, persistedOpState: null, persistedOpStateExpiryEpochSec: 0}
2021-09-05 14:30:17,119 [EventQueue-NewNodeForNewNodeHandler] INFO  pipeline.BackgroundPipelineCreator (BackgroundPipelineCreatorV2.java:notifyEventTriggered(285)) - trigger a one-shot run on RatisPipelineUtilsThread.
2021-09-05 14:30:17,121 [EventQueue-NodeRegistrationContainerReportForDataNodeSafeModeRule] INFO  safemode.SCMSafeModeManager (DataNodeSafeModeRule.java:process(71)) - SCM in safe mode. 2 DataNodes registered, 3 required.
2021-09-05 14:30:17,128 [RatisPipelineUtilsThread - 0] INFO  pipeline.RatisPipelineProvider (RatisPipelineProvider.java:lambda$create$0(183)) - Sending CreatePipelineCommand for pipeline:PipelineID=d0e0d78f-502a-4f12-babe-4bbebfcd8f1a to datanode:73fc6282-bdcb-4a1d-9106-80b228a82791
2021-09-05 14:30:17,129 [IPC Server handler 12 on default port 13979] INFO  net.NetworkTopologyImpl (NetworkTopologyImpl.java:add(112)) - Added a new node: /default-rack/73fc6282-bdcb-4a1d-9106-80b228a82791
2021-09-05 14:30:17,130 [IPC Server handler 12 on default port 13979] INFO  node.SCMNodeManager (SCMNodeManager.java:register(390)) - Registered Data node : 73fc6282-bdcb-4a1d-9106-80b228a82791{ip: 127.0.0.1, host: localhost, ports: [REPLICATION=42617, RATIS=46567, RATIS_ADMIN=46567, RATIS_SERVER=46567, STANDALONE=44315], networkLocation: /default-rack, certSerialId: null, persistedOpState: null, persistedOpStateExpiryEpochSec: 0}
2021-09-05 14:30:17,130 [EventQueue-NewNodeForNewNodeHandler] INFO  pipeline.BackgroundPipelineCreator (BackgroundPipelineCreatorV2.java:notifyEventTriggered(279)) - ignore, not leader SCM.
2021-09-05 14:30:17,141 [EventQueue-NodeRegistrationContainerReportForDataNodeSafeModeRule] INFO  safemode.SCMSafeModeManager (DataNodeSafeModeRule.java:process(71)) - SCM in safe mode. 2 DataNodes registered, 3 required.
2021-09-05 14:30:17,152 [69e17fe3-75d6-40e2-b575-3df3d97ee56c@group-97DB8748AD29-StateMachineUpdater] INFO  pipeline.PipelineStateManager (PipelineStateManagerV2Impl.java:addPipeline(101)) - Created pipeline Pipeline[ Id: d0e0d78f-502a-4f12-babe-4bbebfcd8f1a, Nodes: 73fc6282-bdcb-4a1d-9106-80b228a82791{ip: 127.0.0.1, host: localhost, ports: [REPLICATION=42617, RATIS=46567, RATIS_ADMIN=46567, RATIS_SERVER=46567, STANDALONE=44315], networkLocation: /default-rack, certSerialId: null, persistedOpState: IN_SERVICE, persistedOpStateExpiryEpochSec: 0}, ReplicationConfig: RATIS/ONE, State:ALLOCATED, leaderId:, CreationTimestamp2021-09-05T14:30:17.128Z[Etc/UTC]].
2021-09-05 14:30:17,152 [69e17fe3-75d6-40e2-b575-3df3d97ee56c@group-97DB8748AD29-StateMachineUpdater] INFO  safemode.HealthyPipelineSafeModeRule (HealthyPipelineSafeModeRule.java:initializeRule(152)) - Refreshed total pipeline count is 0, healthy pipeline threshold count is 1
2021-09-05 14:30:17,152 [RatisPipelineUtilsThread - 0] INFO  ha.SCMHAInvocationHandler (SCMHAInvocationHandler.java:invokeRatis(113)) - Invoking method public abstract void org.apache.hadoop.hdds.scm.pipeline.StateManager.addPipeline(org.apache.hadoop.hdds.protocol.proto.HddsProtos$Pipeline) throws java.io.IOException on target org.apache.hadoop.hdds.scm.ha.SCMRatisServerImpl@7d3b5917, cost 23687.349us
2021-09-05 14:30:17,162 [9d3796c5-d907-4196-a355-2f07340af16c@group-97DB8748AD29-StateMachineUpdater] INFO  pipeline.PipelineStateManager (PipelineStateManagerV2Impl.java:addPipeline(101)) - Created pipeline Pipeline[ Id: d0e0d78f-502a-4f12-babe-4bbebfcd8f1a, Nodes: 73fc6282-bdcb-4a1d-9106-80b228a82791{ip: 127.0.0.1, host: localhost, ports: [REPLICATION=42617, RATIS=46567, RATIS_ADMIN=46567, RATIS_SERVER=46567, STANDALONE=44315], networkLocation: /default-rack, certSerialId: null, persistedOpState: IN_SERVICE, persistedOpStateExpiryEpochSec: 0}, ReplicationConfig: RATIS/ONE, State:ALLOCATED, leaderId:, CreationTimestamp2021-09-05T14:30:17.128Z[Etc/UTC]].
2021-09-05 14:30:17,162 [9d3796c5-d907-4196-a355-2f07340af16c@group-97DB8748AD29-StateMachineUpdater] INFO  safemode.HealthyPipelineSafeModeRule (HealthyPipelineSafeModeRule.java:initializeRule(152)) - Refreshed total pipeline count is 0, healthy pipeline threshold count is 1
2021-09-05 14:30:17,163 [69e17fe3-75d6-40e2-b575-3df3d97ee56c@group-97DB8748AD29-StateMachineUpdater] INFO  ha.SCMStateMachine (SCMStateMachine.java:takeSnapshot(290)) - Current Snapshot Index 10, takeSnapshot took 0 ms
2021-09-05 14:30:17,163 [69e17fe3-75d6-40e2-b575-3df3d97ee56c@group-97DB8748AD29-StateMachineUpdater] INFO  impl.StateMachineUpdater (StateMachineUpdater.java:takeSnapshot(281)) - 69e17fe3-75d6-40e2-b575-3df3d97ee56c@group-97DB8748AD29-StateMachineUpdater: Took a snapshot at index 10
2021-09-05 14:30:17,163 [69e17fe3-75d6-40e2-b575-3df3d97ee56c@group-97DB8748AD29-StateMachineUpdater] INFO  impl.StateMachineUpdater (StateMachineUpdater.java:lambda$new$0(89)) - 69e17fe3-75d6-40e2-b575-3df3d97ee56c@group-97DB8748AD29-StateMachineUpdater: snapshotIndex: updateIncreasingly 5 -> 10
2021-09-05 14:30:17,163 [69e17fe3-75d6-40e2-b575-3df3d97ee56c@group-97DB8748AD29-StateMachineUpdater] INFO  raftlog.RaftLog (RaftLogBase.java:purge(306)) - 69e17fe3-75d6-40e2-b575-3df3d97ee56c@group-97DB8748AD29-SegmentedRaftLog: purge 10
2021-09-05 14:30:17,163 [69e17fe3-75d6-40e2-b575-3df3d97ee56c@group-97DB8748AD29-StateMachineUpdater] INFO  raftlog.RaftLog (RaftLogBase.java:lambda$new$0(53)) - 69e17fe3-75d6-40e2-b575-3df3d97ee56c@group-97DB8748AD29-SegmentedRaftLog: snapshotIndex: updateIncreasingly 5 -> 10
2021-09-05 14:30:17,163 [69e17fe3-75d6-40e2-b575-3df3d97ee56c@group-97DB8748AD29-StateMachineUpdater] INFO  raftlog.RaftLog (RaftLogBase.java:lambda$new$0(53)) - 69e17fe3-75d6-40e2-b575-3df3d97ee56c@group-97DB8748AD29-SegmentedRaftLog: purgeIndex: updateToMax old=0, new=10, updated? true
2021-09-05 14:30:17,630 [Listener at 127.0.0.1/11040] INFO  ozone.MiniOzoneClusterImpl (MiniOzoneClusterImpl.java:lambda$waitForClusterToBeReady$0(235)) - Waiting for nodes to be ready. Got 2 of 3 DN Heartbeats.
2021-09-05 14:30:17,630 [Listener at 127.0.0.1/11040] INFO  ozone.MiniOzoneClusterImpl (MiniOzoneClusterImpl.java:lambda$waitForClusterToBeReady$0(238)) - Waiting for cluster to exit safe mode
2021-09-05 14:30:17,630 [Listener at 127.0.0.1/11040] INFO  ozone.MiniOzoneClusterImpl (MiniOzoneClusterImpl.java:lambda$waitForClusterToBeReady$0(240)) - SCM became leader
2021-09-05 14:30:17,692 [IPC Server handler 5 on default port 13969] INFO  net.NetworkTopologyImpl (NetworkTopologyImpl.java:add(112)) - Added a new node: /default-rack/6bbc5292-b6d7-424f-9a49-f587de829c2d
2021-09-05 14:30:17,692 [IPC Server handler 5 on default port 13969] INFO  node.SCMNodeManager (SCMNodeManager.java:register(390)) - Registered Data node : 6bbc5292-b6d7-424f-9a49-f587de829c2d{ip: 127.0.0.1, host: localhost, ports: [REPLICATION=39479, RATIS=46659, RATIS_ADMIN=46659, RATIS_SERVER=46659, STANDALONE=41237], networkLocation: /default-rack, certSerialId: null, persistedOpState: null, persistedOpStateExpiryEpochSec: 0}
2021-09-05 14:30:17,694 [EventQueue-NewNodeForNewNodeHandler] INFO  pipeline.BackgroundPipelineCreator (BackgroundPipelineCreatorV2.java:notifyEventTriggered(285)) - trigger a one-shot run on RatisPipelineUtilsThread.
2021-09-05 14:30:17,694 [RatisPipelineUtilsThread - 0] INFO  pipeline.RatisPipelineProvider (RatisPipelineProvider.java:lambda$create$0(183)) - Sending CreatePipelineCommand for pipeline:PipelineID=e3aad268-0212-4c0d-aefa-c7d30dc73c8c to datanode:6bbc5292-b6d7-424f-9a49-f587de829c2d
2021-09-05 14:30:17,707 [EventQueue-NodeRegistrationContainerReportForDataNodeSafeModeRule] INFO  safemode.SCMSafeModeManager (DataNodeSafeModeRule.java:process(71)) - SCM in safe mode. 3 DataNodes registered, 3 required.
2021-09-05 14:30:17,707 [EventQueue-NodeRegistrationContainerReportForDataNodeSafeModeRule] INFO  safemode.SCMSafeModeManager (SCMSafeModeManager.java:validateSafeModeExitRules(204)) - DataNodeSafeModeRule rule is successfully validated
2021-09-05 14:30:17,707 [EventQueue-NodeRegistrationContainerReportForDataNodeSafeModeRule] INFO  safemode.SCMSafeModeManager (SCMSafeModeManager.java:completePreCheck(233)) - All SCM safe mode pre check rules have passed
2021-09-05 14:30:17,707 [EventQueue-NodeRegistrationContainerReportForDataNodeSafeModeRule] WARN  events.EventQueue (EventQueue.java:fireEvent(194)) - No event handler registered for event TypedEvent{payloadType=SafeModeStatus, name='Safe mode status'}
2021-09-05 14:30:17,707 [EventQueue-NodeRegistrationContainerReportForDataNodeSafeModeRule] INFO  ha.SCMContext (SCMContext.java:updateSafeModeStatus(205)) - Update SafeModeStatus from SafeModeStatus{safeModeStatus=true, preCheckPassed=false} to SafeModeStatus{safeModeStatus=true, preCheckPassed=true}.
2021-09-05 14:30:17,707 [EventQueue-NodeRegistrationContainerReportForDataNodeSafeModeRule] INFO  pipeline.BackgroundPipelineCreator (BackgroundPipelineCreatorV2.java:notifyEventTriggered(285)) - trigger a one-shot run on RatisPipelineUtilsThread.
2021-09-05 14:30:17,715 [IPC Server handler 13 on default port 13979] INFO  net.NetworkTopologyImpl (NetworkTopologyImpl.java:add(112)) - Added a new node: /default-rack/6bbc5292-b6d7-424f-9a49-f587de829c2d
2021-09-05 14:30:17,715 [IPC Server handler 13 on default port 13979] INFO  node.SCMNodeManager (SCMNodeManager.java:register(390)) - Registered Data node : 6bbc5292-b6d7-424f-9a49-f587de829c2d{ip: 127.0.0.1, host: localhost, ports: [REPLICATION=39479, RATIS=46659, RATIS_ADMIN=46659, RATIS_SERVER=46659, STANDALONE=41237], networkLocation: /default-rack, certSerialId: null, persistedOpState: null, persistedOpStateExpiryEpochSec: 0}
2021-09-05 14:30:17,715 [EventQueue-NewNodeForNewNodeHandler] INFO  pipeline.BackgroundPipelineCreator (BackgroundPipelineCreatorV2.java:notifyEventTriggered(279)) - ignore, not leader SCM.
2021-09-05 14:30:17,716 [EventQueue-NodeRegistrationContainerReportForDataNodeSafeModeRule] INFO  safemode.SCMSafeModeManager (DataNodeSafeModeRule.java:process(71)) - SCM in safe mode. 3 DataNodes registered, 3 required.
2021-09-05 14:30:17,716 [EventQueue-NodeRegistrationContainerReportForDataNodeSafeModeRule] INFO  safemode.SCMSafeModeManager (SCMSafeModeManager.java:validateSafeModeExitRules(204)) - DataNodeSafeModeRule rule is successfully validated
2021-09-05 14:30:17,717 [EventQueue-NodeRegistrationContainerReportForDataNodeSafeModeRule] INFO  safemode.SCMSafeModeManager (SCMSafeModeManager.java:completePreCheck(233)) - All SCM safe mode pre check rules have passed
2021-09-05 14:30:17,717 [EventQueue-NodeRegistrationContainerReportForDataNodeSafeModeRule] WARN  events.EventQueue (EventQueue.java:fireEvent(194)) - No event handler registered for event TypedEvent{payloadType=SafeModeStatus, name='Safe mode status'}
2021-09-05 14:30:17,717 [EventQueue-NodeRegistrationContainerReportForDataNodeSafeModeRule] INFO  ha.SCMContext (SCMContext.java:updateSafeModeStatus(205)) - Update SafeModeStatus from SafeModeStatus{safeModeStatus=true, preCheckPassed=false} to SafeModeStatus{safeModeStatus=true, preCheckPassed=true}.
2021-09-05 14:30:17,717 [EventQueue-NodeRegistrationContainerReportForDataNodeSafeModeRule] INFO  pipeline.BackgroundPipelineCreator (BackgroundPipelineCreatorV2.java:notifyEventTriggered(279)) - ignore, not leader SCM.
2021-09-05 14:30:17,720 [9d3796c5-d907-4196-a355-2f07340af16c@group-97DB8748AD29-StateMachineUpdater] INFO  ha.SCMStateMachine (SCMStateMachine.java:takeSnapshot(290)) - Current Snapshot Index 10, takeSnapshot took 0 ms
2021-09-05 14:30:17,720 [9d3796c5-d907-4196-a355-2f07340af16c@group-97DB8748AD29-StateMachineUpdater] INFO  impl.StateMachineUpdater (StateMachineUpdater.java:takeSnapshot(281)) - 9d3796c5-d907-4196-a355-2f07340af16c@group-97DB8748AD29-StateMachineUpdater: Took a snapshot at index 10
2021-09-05 14:30:17,720 [9d3796c5-d907-4196-a355-2f07340af16c@group-97DB8748AD29-StateMachineUpdater] INFO  impl.StateMachineUpdater (StateMachineUpdater.java:lambda$new$0(89)) - 9d3796c5-d907-4196-a355-2f07340af16c@group-97DB8748AD29-StateMachineUpdater: snapshotIndex: updateIncreasingly 5 -> 10
2021-09-05 14:30:17,720 [9d3796c5-d907-4196-a355-2f07340af16c@group-97DB8748AD29-StateMachineUpdater] INFO  raftlog.RaftLog (RaftLogBase.java:purge(306)) - 9d3796c5-d907-4196-a355-2f07340af16c@group-97DB8748AD29-SegmentedRaftLog: purge 10
2021-09-05 14:30:17,720 [9d3796c5-d907-4196-a355-2f07340af16c@group-97DB8748AD29-StateMachineUpdater] INFO  raftlog.RaftLog (RaftLogBase.java:lambda$new$0(53)) - 9d3796c5-d907-4196-a355-2f07340af16c@group-97DB8748AD29-SegmentedRaftLog: snapshotIndex: updateIncreasingly 5 -> 10
2021-09-05 14:30:17,720 [9d3796c5-d907-4196-a355-2f07340af16c@group-97DB8748AD29-StateMachineUpdater] INFO  raftlog.RaftLog (RaftLogBase.java:lambda$new$0(53)) - 9d3796c5-d907-4196-a355-2f07340af16c@group-97DB8748AD29-SegmentedRaftLog: purgeIndex: updateToMax old=0, new=10, updated? true
2021-09-05 14:30:17,721 [69e17fe3-75d6-40e2-b575-3df3d97ee56c@group-97DB8748AD29-StateMachineUpdater] INFO  pipeline.PipelineStateManager (PipelineStateManagerV2Impl.java:addPipeline(101)) - Created pipeline Pipeline[ Id: e3aad268-0212-4c0d-aefa-c7d30dc73c8c, Nodes: 6bbc5292-b6d7-424f-9a49-f587de829c2d{ip: 127.0.0.1, host: localhost, ports: [REPLICATION=39479, RATIS=46659, RATIS_ADMIN=46659, RATIS_SERVER=46659, STANDALONE=41237], networkLocation: /default-rack, certSerialId: null, persistedOpState: IN_SERVICE, persistedOpStateExpiryEpochSec: 0}, ReplicationConfig: RATIS/ONE, State:ALLOCATED, leaderId:, CreationTimestamp2021-09-05T14:30:17.694Z[Etc/UTC]].
2021-09-05 14:30:17,722 [69e17fe3-75d6-40e2-b575-3df3d97ee56c@group-97DB8748AD29-StateMachineUpdater] INFO  safemode.HealthyPipelineSafeModeRule (HealthyPipelineSafeModeRule.java:initializeRule(152)) - Refreshed total pipeline count is 0, healthy pipeline threshold count is 1
2021-09-05 14:30:17,722 [RatisPipelineUtilsThread - 0] INFO  ha.SCMHAInvocationHandler (SCMHAInvocationHandler.java:invokeRatis(113)) - Invoking method public abstract void org.apache.hadoop.hdds.scm.pipeline.StateManager.addPipeline(org.apache.hadoop.hdds.protocol.proto.HddsProtos$Pipeline) throws java.io.IOException on target org.apache.hadoop.hdds.scm.ha.SCMRatisServerImpl@7d3b5917, cost 27229.585us
2021-09-05 14:30:17,722 [RatisPipelineUtilsThread - 0] INFO  pipeline.RatisPipelineProvider (RatisPipelineProvider.java:lambda$create$0(183)) - Sending CreatePipelineCommand for pipeline:PipelineID=2e6c9be7-a862-4614-98fa-29bfc1b0d5a0 to datanode:6bbc5292-b6d7-424f-9a49-f587de829c2d
2021-09-05 14:30:17,722 [RatisPipelineUtilsThread - 0] INFO  pipeline.RatisPipelineProvider (RatisPipelineProvider.java:lambda$create$0(183)) - Sending CreatePipelineCommand for pipeline:PipelineID=2e6c9be7-a862-4614-98fa-29bfc1b0d5a0 to datanode:73fc6282-bdcb-4a1d-9106-80b228a82791
2021-09-05 14:30:17,722 [RatisPipelineUtilsThread - 0] INFO  pipeline.RatisPipelineProvider (RatisPipelineProvider.java:lambda$create$0(183)) - Sending CreatePipelineCommand for pipeline:PipelineID=2e6c9be7-a862-4614-98fa-29bfc1b0d5a0 to datanode:83398dfc-751f-4fe2-af5b-c65c8f1546c8
2021-09-05 14:30:17,734 [9d3796c5-d907-4196-a355-2f07340af16c@group-97DB8748AD29-StateMachineUpdater] INFO  pipeline.PipelineStateManager (PipelineStateManagerV2Impl.java:addPipeline(101)) - Created pipeline Pipeline[ Id: e3aad268-0212-4c0d-aefa-c7d30dc73c8c, Nodes: 6bbc5292-b6d7-424f-9a49-f587de829c2d{ip: 127.0.0.1, host: localhost, ports: [REPLICATION=39479, RATIS=46659, RATIS_ADMIN=46659, RATIS_SERVER=46659, STANDALONE=41237], networkLocation: /default-rack, certSerialId: null, persistedOpState: IN_SERVICE, persistedOpStateExpiryEpochSec: 0}, ReplicationConfig: RATIS/ONE, State:ALLOCATED, leaderId:, CreationTimestamp2021-09-05T14:30:17.694Z[Etc/UTC]].
2021-09-05 14:30:17,734 [9d3796c5-d907-4196-a355-2f07340af16c@group-97DB8748AD29-StateMachineUpdater] INFO  safemode.HealthyPipelineSafeModeRule (HealthyPipelineSafeModeRule.java:initializeRule(152)) - Refreshed total pipeline count is 0, healthy pipeline threshold count is 1
2021-09-05 14:30:17,736 [69e17fe3-75d6-40e2-b575-3df3d97ee56c@group-97DB8748AD29-StateMachineUpdater] INFO  pipeline.PipelineStateManager (PipelineStateManagerV2Impl.java:addPipeline(101)) - Created pipeline Pipeline[ Id: 2e6c9be7-a862-4614-98fa-29bfc1b0d5a0, Nodes: 6bbc5292-b6d7-424f-9a49-f587de829c2d{ip: 127.0.0.1, host: localhost, ports: [REPLICATION=39479, RATIS=46659, RATIS_ADMIN=46659, RATIS_SERVER=46659, STANDALONE=41237], networkLocation: /default-rack, certSerialId: null, persistedOpState: IN_SERVICE, persistedOpStateExpiryEpochSec: 0}73fc6282-bdcb-4a1d-9106-80b228a82791{ip: 127.0.0.1, host: localhost, ports: [REPLICATION=42617, RATIS=46567, RATIS_ADMIN=46567, RATIS_SERVER=46567, STANDALONE=44315], networkLocation: /default-rack, certSerialId: null, persistedOpState: IN_SERVICE, persistedOpStateExpiryEpochSec: 0}83398dfc-751f-4fe2-af5b-c65c8f1546c8{ip: 127.0.0.1, host: localhost, ports: [REPLICATION=45841, RATIS=46795, RATIS_ADMIN=46795, RATIS_SERVER=46795, STANDALONE=45989], networkLocation: /default-rack, certSerialId: null, persistedOpState: IN_SERVICE, persistedOpStateExpiryEpochSec: 0}, ReplicationConfig: RATIS/THREE, State:ALLOCATED, leaderId:, CreationTimestamp2021-09-05T14:30:17.722Z[Etc/UTC]].
2021-09-05 14:30:17,736 [69e17fe3-75d6-40e2-b575-3df3d97ee56c@group-97DB8748AD29-StateMachineUpdater] INFO  safemode.HealthyPipelineSafeModeRule (HealthyPipelineSafeModeRule.java:initializeRule(152)) - Refreshed total pipeline count is 0, healthy pipeline threshold count is 1
2021-09-05 14:30:17,736 [RatisPipelineUtilsThread - 0] INFO  ha.SCMHAInvocationHandler (SCMHAInvocationHandler.java:invokeRatis(113)) - Invoking method public abstract void org.apache.hadoop.hdds.scm.pipeline.StateManager.addPipeline(org.apache.hadoop.hdds.protocol.proto.HddsProtos$Pipeline) throws java.io.IOException on target org.apache.hadoop.hdds.scm.ha.SCMRatisServerImpl@7d3b5917, cost 13576.942us
2021-09-05 14:30:17,737 [RatisPipelineUtilsThread - 0] INFO  pipeline.RatisPipelineProvider (RatisPipelineProvider.java:lambda$create$0(183)) - Sending CreatePipelineCommand for pipeline:PipelineID=7903d46d-ad54-4c27-a6ea-9ab55f00acc5 to datanode:83398dfc-751f-4fe2-af5b-c65c8f1546c8
2021-09-05 14:30:17,737 [RatisPipelineUtilsThread - 0] INFO  pipeline.RatisPipelineProvider (RatisPipelineProvider.java:lambda$create$0(183)) - Sending CreatePipelineCommand for pipeline:PipelineID=7903d46d-ad54-4c27-a6ea-9ab55f00acc5 to datanode:73fc6282-bdcb-4a1d-9106-80b228a82791
2021-09-05 14:30:17,737 [RatisPipelineUtilsThread - 0] INFO  pipeline.RatisPipelineProvider (RatisPipelineProvider.java:lambda$create$0(183)) - Sending CreatePipelineCommand for pipeline:PipelineID=7903d46d-ad54-4c27-a6ea-9ab55f00acc5 to datanode:6bbc5292-b6d7-424f-9a49-f587de829c2d
2021-09-05 14:30:17,742 [9d3796c5-d907-4196-a355-2f07340af16c@group-97DB8748AD29-StateMachineUpdater] INFO  pipeline.PipelineStateManager (PipelineStateManagerV2Impl.java:addPipeline(101)) - Created pipeline Pipeline[ Id: 2e6c9be7-a862-4614-98fa-29bfc1b0d5a0, Nodes: 6bbc5292-b6d7-424f-9a49-f587de829c2d{ip: 127.0.0.1, host: localhost, ports: [REPLICATION=39479, RATIS=46659, RATIS_ADMIN=46659, RATIS_SERVER=46659, STANDALONE=41237], networkLocation: /default-rack, certSerialId: null, persistedOpState: IN_SERVICE, persistedOpStateExpiryEpochSec: 0}73fc6282-bdcb-4a1d-9106-80b228a82791{ip: 127.0.0.1, host: localhost, ports: [REPLICATION=42617, RATIS=46567, RATIS_ADMIN=46567, RATIS_SERVER=46567, STANDALONE=44315], networkLocation: /default-rack, certSerialId: null, persistedOpState: IN_SERVICE, persistedOpStateExpiryEpochSec: 0}83398dfc-751f-4fe2-af5b-c65c8f1546c8{ip: 127.0.0.1, host: localhost, ports: [REPLICATION=45841, RATIS=46795, RATIS_ADMIN=46795, RATIS_SERVER=46795, STANDALONE=45989], networkLocation: /default-rack, certSerialId: null, persistedOpState: IN_SERVICE, persistedOpStateExpiryEpochSec: 0}, ReplicationConfig: RATIS/THREE, State:ALLOCATED, leaderId:, CreationTimestamp2021-09-05T14:30:17.722Z[Etc/UTC]].
2021-09-05 14:30:17,742 [9d3796c5-d907-4196-a355-2f07340af16c@group-97DB8748AD29-StateMachineUpdater] INFO  safemode.HealthyPipelineSafeModeRule (HealthyPipelineSafeModeRule.java:initializeRule(152)) - Refreshed total pipeline count is 0, healthy pipeline threshold count is 1
2021-09-05 14:30:17,743 [69e17fe3-75d6-40e2-b575-3df3d97ee56c@group-97DB8748AD29-StateMachineUpdater] INFO  pipeline.PipelineStateManager (PipelineStateManagerV2Impl.java:addPipeline(101)) - Created pipeline Pipeline[ Id: 7903d46d-ad54-4c27-a6ea-9ab55f00acc5, Nodes: 83398dfc-751f-4fe2-af5b-c65c8f1546c8{ip: 127.0.0.1, host: localhost, ports: [REPLICATION=45841, RATIS=46795, RATIS_ADMIN=46795, RATIS_SERVER=46795, STANDALONE=45989], networkLocation: /default-rack, certSerialId: null, persistedOpState: IN_SERVICE, persistedOpStateExpiryEpochSec: 0}73fc6282-bdcb-4a1d-9106-80b228a82791{ip: 127.0.0.1, host: localhost, ports: [REPLICATION=42617, RATIS=46567, RATIS_ADMIN=46567, RATIS_SERVER=46567, STANDALONE=44315], networkLocation: /default-rack, certSerialId: null, persistedOpState: IN_SERVICE, persistedOpStateExpiryEpochSec: 0}6bbc5292-b6d7-424f-9a49-f587de829c2d{ip: 127.0.0.1, host: localhost, ports: [REPLICATION=39479, RATIS=46659, RATIS_ADMIN=46659, RATIS_SERVER=46659, STANDALONE=41237], networkLocation: /default-rack, certSerialId: null, persistedOpState: IN_SERVICE, persistedOpStateExpiryEpochSec: 0}, ReplicationConfig: RATIS/THREE, State:ALLOCATED, leaderId:, CreationTimestamp2021-09-05T14:30:17.737Z[Etc/UTC]].
2021-09-05 14:30:17,743 [69e17fe3-75d6-40e2-b575-3df3d97ee56c@group-97DB8748AD29-StateMachineUpdater] INFO  safemode.HealthyPipelineSafeModeRule (HealthyPipelineSafeModeRule.java:initializeRule(152)) - Refreshed total pipeline count is 0, healthy pipeline threshold count is 1
2021-09-05 14:30:17,743 [69e17fe3-75d6-40e2-b575-3df3d97ee56c@group-97DB8748AD29-StateMachineUpdater] INFO  ha.SCMStateMachine (SCMStateMachine.java:takeSnapshot(290)) - Current Snapshot Index 15, takeSnapshot took 0 ms
2021-09-05 14:30:17,743 [69e17fe3-75d6-40e2-b575-3df3d97ee56c@group-97DB8748AD29-StateMachineUpdater] INFO  impl.StateMachineUpdater (StateMachineUpdater.java:takeSnapshot(281)) - 69e17fe3-75d6-40e2-b575-3df3d97ee56c@group-97DB8748AD29-StateMachineUpdater: Took a snapshot at index 15
2021-09-05 14:30:17,743 [69e17fe3-75d6-40e2-b575-3df3d97ee56c@group-97DB8748AD29-StateMachineUpdater] INFO  impl.StateMachineUpdater (StateMachineUpdater.java:lambda$new$0(89)) - 69e17fe3-75d6-40e2-b575-3df3d97ee56c@group-97DB8748AD29-StateMachineUpdater: snapshotIndex: updateIncreasingly 10 -> 15
2021-09-05 14:30:17,743 [69e17fe3-75d6-40e2-b575-3df3d97ee56c@group-97DB8748AD29-StateMachineUpdater] INFO  raftlog.RaftLog (RaftLogBase.java:purge(306)) - 69e17fe3-75d6-40e2-b575-3df3d97ee56c@group-97DB8748AD29-SegmentedRaftLog: purge 15
2021-09-05 14:30:17,744 [RatisPipelineUtilsThread - 0] INFO  ha.SCMHAInvocationHandler (SCMHAInvocationHandler.java:invokeRatis(113)) - Invoking method public abstract void org.apache.hadoop.hdds.scm.pipeline.StateManager.addPipeline(org.apache.hadoop.hdds.protocol.proto.HddsProtos$Pipeline) throws java.io.IOException on target org.apache.hadoop.hdds.scm.ha.SCMRatisServerImpl@7d3b5917, cost 6723.571us
2021-09-05 14:30:17,744 [RatisPipelineUtilsThread - 0] INFO  pipeline.PipelineManagerImpl (PipelineManagerImpl.java:recordMetricsForPipeline(613)) - Pipeline: PipelineID=7903d46d-ad54-4c27-a6ea-9ab55f00acc5 contains same datanodes as previous pipelines: PipelineID=2e6c9be7-a862-4614-98fa-29bfc1b0d5a0 nodeIds: 83398dfc-751f-4fe2-af5b-c65c8f1546c8, 73fc6282-bdcb-4a1d-9106-80b228a82791, 6bbc5292-b6d7-424f-9a49-f587de829c2d
2021-09-05 14:30:17,744 [69e17fe3-75d6-40e2-b575-3df3d97ee56c@group-97DB8748AD29-StateMachineUpdater] INFO  raftlog.RaftLog (RaftLogBase.java:lambda$new$0(53)) - 69e17fe3-75d6-40e2-b575-3df3d97ee56c@group-97DB8748AD29-SegmentedRaftLog: snapshotIndex: updateIncreasingly 10 -> 15
2021-09-05 14:30:17,744 [69e17fe3-75d6-40e2-b575-3df3d97ee56c@group-97DB8748AD29-StateMachineUpdater] INFO  raftlog.RaftLog (RaftLogBase.java:lambda$new$0(53)) - 69e17fe3-75d6-40e2-b575-3df3d97ee56c@group-97DB8748AD29-SegmentedRaftLog: purgeIndex: updateToMax old=10, new=15, updated? true
2021-09-05 14:30:17,749 [9d3796c5-d907-4196-a355-2f07340af16c@group-97DB8748AD29-StateMachineUpdater] INFO  pipeline.PipelineStateManager (PipelineStateManagerV2Impl.java:addPipeline(101)) - Created pipeline Pipeline[ Id: 7903d46d-ad54-4c27-a6ea-9ab55f00acc5, Nodes: 83398dfc-751f-4fe2-af5b-c65c8f1546c8{ip: 127.0.0.1, host: localhost, ports: [REPLICATION=45841, RATIS=46795, RATIS_ADMIN=46795, RATIS_SERVER=46795, STANDALONE=45989], networkLocation: /default-rack, certSerialId: null, persistedOpState: IN_SERVICE, persistedOpStateExpiryEpochSec: 0}73fc6282-bdcb-4a1d-9106-80b228a82791{ip: 127.0.0.1, host: localhost, ports: [REPLICATION=42617, RATIS=46567, RATIS_ADMIN=46567, RATIS_SERVER=46567, STANDALONE=44315], networkLocation: /default-rack, certSerialId: null, persistedOpState: IN_SERVICE, persistedOpStateExpiryEpochSec: 0}6bbc5292-b6d7-424f-9a49-f587de829c2d{ip: 127.0.0.1, host: localhost, ports: [REPLICATION=39479, RATIS=46659, RATIS_ADMIN=46659, RATIS_SERVER=46659, STANDALONE=41237], networkLocation: /default-rack, certSerialId: null, persistedOpState: IN_SERVICE, persistedOpStateExpiryEpochSec: 0}, ReplicationConfig: RATIS/THREE, State:ALLOCATED, leaderId:, CreationTimestamp2021-09-05T14:30:17.737Z[Etc/UTC]].
2021-09-05 14:30:17,749 [9d3796c5-d907-4196-a355-2f07340af16c@group-97DB8748AD29-StateMachineUpdater] INFO  safemode.HealthyPipelineSafeModeRule (HealthyPipelineSafeModeRule.java:initializeRule(152)) - Refreshed total pipeline count is 0, healthy pipeline threshold count is 1
2021-09-05 14:30:17,750 [EndpointStateMachine task thread for /127.0.0.1:14541 - 0 ] INFO  ipc.Client (Client.java:handleConnectionFailure(977)) - Retrying connect to server: localhost/127.0.0.1:14541. Already tried 5 time(s); retry policy is RetryUpToMaximumCountWithFixedSleep(maxRetries=15, sleepTime=1000 MILLISECONDS)
2021-09-05 14:30:17,751 [9d3796c5-d907-4196-a355-2f07340af16c@group-97DB8748AD29-StateMachineUpdater] INFO  ha.SCMStateMachine (SCMStateMachine.java:takeSnapshot(290)) - Current Snapshot Index 15, takeSnapshot took 0 ms
2021-09-05 14:30:17,751 [9d3796c5-d907-4196-a355-2f07340af16c@group-97DB8748AD29-StateMachineUpdater] INFO  impl.StateMachineUpdater (StateMachineUpdater.java:takeSnapshot(281)) - 9d3796c5-d907-4196-a355-2f07340af16c@group-97DB8748AD29-StateMachineUpdater: Took a snapshot at index 15
2021-09-05 14:30:17,751 [9d3796c5-d907-4196-a355-2f07340af16c@group-97DB8748AD29-StateMachineUpdater] INFO  impl.StateMachineUpdater (StateMachineUpdater.java:lambda$new$0(89)) - 9d3796c5-d907-4196-a355-2f07340af16c@group-97DB8748AD29-StateMachineUpdater: snapshotIndex: updateIncreasingly 10 -> 15
2021-09-05 14:30:17,751 [9d3796c5-d907-4196-a355-2f07340af16c@group-97DB8748AD29-StateMachineUpdater] INFO  raftlog.RaftLog (RaftLogBase.java:purge(306)) - 9d3796c5-d907-4196-a355-2f07340af16c@group-97DB8748AD29-SegmentedRaftLog: purge 15
2021-09-05 14:30:17,751 [9d3796c5-d907-4196-a355-2f07340af16c@group-97DB8748AD29-StateMachineUpdater] INFO  raftlog.RaftLog (RaftLogBase.java:lambda$new$0(53)) - 9d3796c5-d907-4196-a355-2f07340af16c@group-97DB8748AD29-SegmentedRaftLog: snapshotIndex: updateIncreasingly 10 -> 15
2021-09-05 14:30:17,751 [9d3796c5-d907-4196-a355-2f07340af16c@group-97DB8748AD29-StateMachineUpdater] INFO  raftlog.RaftLog (RaftLogBase.java:lambda$new$0(53)) - 9d3796c5-d907-4196-a355-2f07340af16c@group-97DB8748AD29-SegmentedRaftLog: purgeIndex: updateToMax old=10, new=15, updated? true
2021-09-05 14:30:17,752 [EndpointStateMachine task thread for /127.0.0.1:14531 - 0 ] INFO  ipc.Client (Client.java:handleConnectionFailure(977)) - Retrying connect to server: localhost/127.0.0.1:14531. Already tried 6 time(s); retry policy is RetryUpToMaximumCountWithFixedSleep(maxRetries=15, sleepTime=1000 MILLISECONDS)
2021-09-05 14:30:17,769 [EndpointStateMachine task thread for /127.0.0.1:14521 - 0 ] INFO  ipc.Client (Client.java:handleConnectionFailure(977)) - Retrying connect to server: localhost/127.0.0.1:14521. Already tried 7 time(s); retry policy is RetryUpToMaximumCountWithFixedSleep(maxRetries=15, sleepTime=1000 MILLISECONDS)
2021-09-05 14:30:18,631 [Listener at 127.0.0.1/11040] INFO  ozone.MiniOzoneClusterImpl (MiniOzoneClusterImpl.java:lambda$waitForClusterToBeReady$0(235)) - Nodes are ready. Got 3 of 3 DN Heartbeats.
2021-09-05 14:30:18,631 [Listener at 127.0.0.1/11040] INFO  ozone.MiniOzoneClusterImpl (MiniOzoneClusterImpl.java:lambda$waitForClusterToBeReady$0(238)) - Waiting for cluster to exit safe mode
2021-09-05 14:30:18,631 [Listener at 127.0.0.1/11040] INFO  ozone.MiniOzoneClusterImpl (MiniOzoneClusterImpl.java:lambda$waitForClusterToBeReady$0(240)) - SCM became leader
2021-09-05 14:30:18,751 [EndpointStateMachine task thread for /127.0.0.1:14541 - 0 ] INFO  ipc.Client (Client.java:handleConnectionFailure(977)) - Retrying connect to server: localhost/127.0.0.1:14541. Already tried 6 time(s); retry policy is RetryUpToMaximumCountWithFixedSleep(maxRetries=15, sleepTime=1000 MILLISECONDS)
2021-09-05 14:30:18,752 [EndpointStateMachine task thread for /127.0.0.1:14531 - 0 ] INFO  ipc.Client (Client.java:handleConnectionFailure(977)) - Retrying connect to server: localhost/127.0.0.1:14531. Already tried 7 time(s); retry policy is RetryUpToMaximumCountWithFixedSleep(maxRetries=15, sleepTime=1000 MILLISECONDS)
2021-09-05 14:30:18,770 [EndpointStateMachine task thread for /127.0.0.1:14521 - 0 ] INFO  ipc.Client (Client.java:handleConnectionFailure(977)) - Retrying connect to server: localhost/127.0.0.1:14521. Already tried 8 time(s); retry policy is RetryUpToMaximumCountWithFixedSleep(maxRetries=15, sleepTime=1000 MILLISECONDS)
2021-09-05 14:30:19,115 [Datanode State Machine Thread - 0] ERROR datanode.RunningDatanodeState (RunningDatanodeState.java:computeNextContainerState(199)) - Error in executing end point task.
java.util.concurrent.ExecutionException: java.util.concurrent.TimeoutException
	at java.util.concurrent.FutureTask.report(FutureTask.java:122)
	at java.util.concurrent.FutureTask.get(FutureTask.java:192)
	at org.apache.hadoop.ozone.container.common.states.datanode.RunningDatanodeState.computeNextContainerState(RunningDatanodeState.java:191)
	at org.apache.hadoop.ozone.container.common.states.datanode.RunningDatanodeState.await(RunningDatanodeState.java:231)
	at org.apache.hadoop.ozone.container.common.states.datanode.RunningDatanodeState.await(RunningDatanodeState.java:50)
	at org.apache.hadoop.ozone.container.common.statemachine.StateContext.execute(StateContext.java:629)
	at org.apache.hadoop.ozone.container.common.statemachine.DatanodeStateMachine.start(DatanodeStateMachine.java:270)
	at org.apache.hadoop.ozone.container.common.statemachine.DatanodeStateMachine.lambda$startDaemon$0(DatanodeStateMachine.java:456)
	at java.lang.Thread.run(Thread.java:748)
Caused by: java.util.concurrent.TimeoutException
	at java.util.concurrent.FutureTask.get(FutureTask.java:205)
	at org.apache.hadoop.ozone.container.common.states.datanode.RunningDatanodeState.lambda$execute$0(RunningDatanodeState.java:149)
	at java.util.concurrent.FutureTask.run(FutureTask.java:266)
	at java.util.concurrent.Executors$RunnableAdapter.call(Executors.java:511)
	at java.util.concurrent.FutureTask.run(FutureTask.java:266)
	at java.util.concurrent.ThreadPoolExecutor.runWorker(ThreadPoolExecutor.java:1149)
	at java.util.concurrent.ThreadPoolExecutor$Worker.run(ThreadPoolExecutor.java:624)
	... 1 more
2021-09-05 14:30:19,632 [Listener at 127.0.0.1/11040] INFO  ozone.MiniOzoneClusterImpl (MiniOzoneClusterImpl.java:lambda$waitForClusterToBeReady$0(235)) - Nodes are ready. Got 3 of 3 DN Heartbeats.
2021-09-05 14:30:19,632 [Listener at 127.0.0.1/11040] INFO  ozone.MiniOzoneClusterImpl (MiniOzoneClusterImpl.java:lambda$waitForClusterToBeReady$0(238)) - Waiting for cluster to exit safe mode
2021-09-05 14:30:19,632 [Listener at 127.0.0.1/11040] INFO  ozone.MiniOzoneClusterImpl (MiniOzoneClusterImpl.java:lambda$waitForClusterToBeReady$0(240)) - SCM became leader
2021-09-05 14:30:19,668 [Datanode State Machine Thread - 0] ERROR datanode.RunningDatanodeState (RunningDatanodeState.java:computeNextContainerState(199)) - Error in executing end point task.
java.util.concurrent.ExecutionException: java.util.concurrent.TimeoutException
	at java.util.concurrent.FutureTask.report(FutureTask.java:122)
	at java.util.concurrent.FutureTask.get(FutureTask.java:192)
	at org.apache.hadoop.ozone.container.common.states.datanode.RunningDatanodeState.computeNextContainerState(RunningDatanodeState.java:191)
	at org.apache.hadoop.ozone.container.common.states.datanode.RunningDatanodeState.await(RunningDatanodeState.java:231)
	at org.apache.hadoop.ozone.container.common.states.datanode.RunningDatanodeState.await(RunningDatanodeState.java:50)
	at org.apache.hadoop.ozone.container.common.statemachine.StateContext.execute(StateContext.java:629)
	at org.apache.hadoop.ozone.container.common.statemachine.DatanodeStateMachine.start(DatanodeStateMachine.java:270)
	at org.apache.hadoop.ozone.container.common.statemachine.DatanodeStateMachine.lambda$startDaemon$0(DatanodeStateMachine.java:456)
	at java.lang.Thread.run(Thread.java:748)
Caused by: java.util.concurrent.TimeoutException
	at java.util.concurrent.FutureTask.get(FutureTask.java:205)
	at org.apache.hadoop.ozone.container.common.states.datanode.RunningDatanodeState.lambda$execute$0(RunningDatanodeState.java:149)
	at java.util.concurrent.FutureTask.run(FutureTask.java:266)
	at java.util.concurrent.Executors$RunnableAdapter.call(Executors.java:511)
	at java.util.concurrent.FutureTask.run(FutureTask.java:266)
	at java.util.concurrent.ThreadPoolExecutor.runWorker(ThreadPoolExecutor.java:1149)
	at java.util.concurrent.ThreadPoolExecutor$Worker.run(ThreadPoolExecutor.java:624)
	... 1 more
2021-09-05 14:30:19,668 [Command processor thread] INFO  server.RaftServer (RaftServerProxy.java:addNew(95)) - 83398dfc-751f-4fe2-af5b-c65c8f1546c8: addNew group-55F03F1850F1:[83398dfc-751f-4fe2-af5b-c65c8f1546c8|rpc:127.0.0.1:46795|priority:1] returns group-55F03F1850F1:java.util.concurrent.CompletableFuture@5636136c[Not completed]
2021-09-05 14:30:19,677 [pool-265-thread-1] INFO  server.RaftServer$Division (RaftServerImpl.java:<init>(181)) - 83398dfc-751f-4fe2-af5b-c65c8f1546c8: new RaftServerImpl for group-55F03F1850F1:[83398dfc-751f-4fe2-af5b-c65c8f1546c8|rpc:127.0.0.1:46795|priority:1] with ContainerStateMachine:uninitialized
2021-09-05 14:30:19,691 [pool-265-thread-1] INFO  server.RaftServerConfigKeys (ConfUtils.java:logGet(44)) - raft.server.rpc.timeout.min = 5s (custom)
2021-09-05 14:30:19,691 [pool-265-thread-1] INFO  server.RaftServerConfigKeys (ConfUtils.java:logGet(44)) - raft.server.rpc.timeout.max = 5200ms (custom)
2021-09-05 14:30:19,691 [pool-265-thread-1] INFO  server.RaftServerConfigKeys (ConfUtils.java:logGet(44)) - raft.server.rpc.sleep.time = 25ms (default)
2021-09-05 14:30:19,691 [pool-265-thread-1] INFO  server.RaftServerConfigKeys (ConfUtils.java:logGet(44)) - raft.server.rpc.slowness.timeout = 300s (custom)
2021-09-05 14:30:19,691 [pool-265-thread-1] INFO  server.RaftServerConfigKeys (ConfUtils.java:logGet(44)) - raft.server.leaderelection.leader.step-down.wait-time = 10s (default)
2021-09-05 14:30:19,691 [pool-265-thread-1] INFO  server.RaftServerConfigKeys (ConfUtils.java:logGet(44)) - raft.server.sleep.deviation.threshold = 300ms (default)
2021-09-05 14:30:19,691 [pool-265-thread-1] INFO  server.RaftServerConfigKeys (ConfUtils.java:logGet(44)) - raft.server.log.appender.install.snapshot.enabled = false (custom)
2021-09-05 14:30:19,691 [pool-265-thread-1] INFO  server.RaftServer$Division (ServerState.java:<init>(105)) - 83398dfc-751f-4fe2-af5b-c65c8f1546c8@group-55F03F1850F1: ConfigurationManager, init=-1: [83398dfc-751f-4fe2-af5b-c65c8f1546c8|rpc:127.0.0.1:46795|priority:1], old=null, confs=<EMPTY_MAP>
2021-09-05 14:30:19,691 [pool-265-thread-1] INFO  server.RaftServerConfigKeys (ConfUtils.java:logGet(44)) - raft.server.storage.dir = [/home/runner/work/ozone/ozone/hadoop-ozone/integration-test/target/test-dir/MiniOzoneClusterImpl-11ada6fe-a5c6-4827-8b3d-97db8748ad29/datanode-0/data/ratis] (custom)
2021-09-05 14:30:19,691 [pool-265-thread-1] INFO  server.RaftServerConfigKeys (ConfUtils.java:logGet(44)) - raft.server.log.corruption.policy = EXCEPTION (default)
2021-09-05 14:30:19,691 [pool-265-thread-1] INFO  server.RaftServerConfigKeys (ConfUtils.java:logGet(44)) - raft.server.storage.free-space.min = 0MB (=0) (default)
2021-09-05 14:30:19,692 [pool-265-thread-1] INFO  storage.RaftStorageDirectory (RaftStorageDirectoryImpl.java:analyzeStorage(135)) - The storage directory /home/runner/work/ozone/ozone/hadoop-ozone/integration-test/target/test-dir/MiniOzoneClusterImpl-11ada6fe-a5c6-4827-8b3d-97db8748ad29/datanode-0/data/ratis/59a078b3-30f1-43e2-96c6-55f03f1850f1 does not exist. Creating ...
2021-09-05 14:30:19,692 [Datanode State Machine Thread - 0] ERROR datanode.RunningDatanodeState (RunningDatanodeState.java:computeNextContainerState(199)) - Error in executing end point task.
java.util.concurrent.ExecutionException: java.util.concurrent.TimeoutException
	at java.util.concurrent.FutureTask.report(FutureTask.java:122)
	at java.util.concurrent.FutureTask.get(FutureTask.java:192)
	at org.apache.hadoop.ozone.container.common.states.datanode.RunningDatanodeState.computeNextContainerState(RunningDatanodeState.java:191)
	at org.apache.hadoop.ozone.container.common.states.datanode.RunningDatanodeState.await(RunningDatanodeState.java:231)
	at org.apache.hadoop.ozone.container.common.states.datanode.RunningDatanodeState.await(RunningDatanodeState.java:50)
	at org.apache.hadoop.ozone.container.common.statemachine.StateContext.execute(StateContext.java:629)
	at org.apache.hadoop.ozone.container.common.statemachine.DatanodeStateMachine.start(DatanodeStateMachine.java:270)
	at org.apache.hadoop.ozone.container.common.statemachine.DatanodeStateMachine.lambda$startDaemon$0(DatanodeStateMachine.java:456)
	at java.lang.Thread.run(Thread.java:748)
Caused by: java.util.concurrent.TimeoutException
	at java.util.concurrent.FutureTask.get(FutureTask.java:205)
	at org.apache.hadoop.ozone.container.common.states.datanode.RunningDatanodeState.lambda$execute$0(RunningDatanodeState.java:149)
	at java.util.concurrent.FutureTask.run(FutureTask.java:266)
	at java.util.concurrent.Executors$RunnableAdapter.call(Executors.java:511)
	at java.util.concurrent.FutureTask.run(FutureTask.java:266)
	at java.util.concurrent.ThreadPoolExecutor.runWorker(ThreadPoolExecutor.java:1149)
	at java.util.concurrent.ThreadPoolExecutor$Worker.run(ThreadPoolExecutor.java:624)
	... 1 more
2021-09-05 14:30:19,697 [pool-265-thread-1] INFO  storage.RaftStorageDirectory (RaftStorageDirectoryImpl.java:tryLock(230)) - Lock on /home/runner/work/ozone/ozone/hadoop-ozone/integration-test/target/test-dir/MiniOzoneClusterImpl-11ada6fe-a5c6-4827-8b3d-97db8748ad29/datanode-0/data/ratis/59a078b3-30f1-43e2-96c6-55f03f1850f1/in_use.lock acquired by nodename 23550@fv-az151-757
2021-09-05 14:30:19,700 [pool-265-thread-1] INFO  storage.RaftStorage (RaftStorageImpl.java:format(89)) - Storage directory /home/runner/work/ozone/ozone/hadoop-ozone/integration-test/target/test-dir/MiniOzoneClusterImpl-11ada6fe-a5c6-4827-8b3d-97db8748ad29/datanode-0/data/ratis/59a078b3-30f1-43e2-96c6-55f03f1850f1 has been successfully formatted.
2021-09-05 14:30:19,700 [pool-265-thread-1] INFO  ratis.ContainerStateMachine (ContainerStateMachine.java:loadSnapshot(224)) - group-55F03F1850F1: The snapshot info is null. Setting the last applied indexto:(t:0, i:~)
2021-09-05 14:30:19,702 [EventQueue-PipelineReportForPipelineReportHandler] INFO  pipeline.PipelineManagerImpl (PipelineManagerImpl.java:openPipeline(282)) - Pipeline Pipeline[ Id: 59a078b3-30f1-43e2-96c6-55f03f1850f1, Nodes: 83398dfc-751f-4fe2-af5b-c65c8f1546c8{ip: 127.0.0.1, host: localhost, ports: [REPLICATION=45841, RATIS=46795, RATIS_ADMIN=46795, RATIS_SERVER=46795, STANDALONE=45989], networkLocation: /default-rack, certSerialId: null, persistedOpState: IN_SERVICE, persistedOpStateExpiryEpochSec: 0}, ReplicationConfig: RATIS/ONE, State:ALLOCATED, leaderId:83398dfc-751f-4fe2-af5b-c65c8f1546c8, CreationTimestamp2021-09-05T14:30:16.693Z[Etc/UTC]] moved to OPEN state
2021-09-05 14:30:19,703 [EventQueue-PipelineReportForPipelineReportHandler] INFO  pipeline.PipelineManagerImpl (PipelineManagerImpl.java:openPipeline(282)) - Pipeline Pipeline[ Id: 59a078b3-30f1-43e2-96c6-55f03f1850f1, Nodes: 83398dfc-751f-4fe2-af5b-c65c8f1546c8{ip: 127.0.0.1, host: localhost, ports: [REPLICATION=45841, RATIS=46795, RATIS_ADMIN=46795, RATIS_SERVER=46795, STANDALONE=45989], networkLocation: /default-rack, certSerialId: null, persistedOpState: IN_SERVICE, persistedOpStateExpiryEpochSec: 0}, ReplicationConfig: RATIS/ONE, State:ALLOCATED, leaderId:83398dfc-751f-4fe2-af5b-c65c8f1546c8, CreationTimestamp2021-09-05T14:30:16.693Z[Etc/UTC]] moved to OPEN state
2021-09-05 14:30:19,707 [EndpointStateMachine task thread for /127.0.0.1:13989 - 0 ] WARN  statemachine.EndpointStateMachine (EndpointStateMachine.java:logIfNeeded(236)) - Unable to communicate to SCM server at 127.0.0.1:13989 for past 0 seconds.
java.net.SocketTimeoutException: Call From fv-az151-757/10.1.0.15 to localhost:13989 failed on socket timeout exception: java.net.SocketTimeoutException: 5000 millis timeout while waiting for channel to be ready for read. ch : java.nio.channels.SocketChannel[connected local=/127.0.0.1:37830 remote=/127.0.0.1:13989]; For more details see:  http://wiki.apache.org/hadoop/SocketTimeout
	at sun.reflect.NativeConstructorAccessorImpl.newInstance0(Native Method)
	at sun.reflect.NativeConstructorAccessorImpl.newInstance(NativeConstructorAccessorImpl.java:62)
	at sun.reflect.DelegatingConstructorAccessorImpl.newInstance(DelegatingConstructorAccessorImpl.java:45)
	at java.lang.reflect.Constructor.newInstance(Constructor.java:423)
	at org.apache.hadoop.net.NetUtils.wrapWithMessage(NetUtils.java:913)
	at org.apache.hadoop.net.NetUtils.wrapException(NetUtils.java:848)
	at org.apache.hadoop.ipc.Client.getRpcResponse(Client.java:1577)
	at org.apache.hadoop.ipc.Client.call(Client.java:1519)
	at org.apache.hadoop.ipc.Client.call(Client.java:1416)
	at org.apache.hadoop.ipc.ProtobufRpcEngine$Invoker.invoke(ProtobufRpcEngine.java:236)
	at org.apache.hadoop.ipc.ProtobufRpcEngine$Invoker.invoke(ProtobufRpcEngine.java:123)
	at com.sun.proxy.$Proxy48.submitRequest(Unknown Source)
	at org.apache.hadoop.ozone.protocolPB.StorageContainerDatanodeProtocolClientSideTranslatorPB.submitRequest(StorageContainerDatanodeProtocolClientSideTranslatorPB.java:117)
	at org.apache.hadoop.ozone.protocolPB.StorageContainerDatanodeProtocolClientSideTranslatorPB.getVersion(StorageContainerDatanodeProtocolClientSideTranslatorPB.java:133)
	at org.apache.hadoop.ozone.container.common.states.endpoint.VersionEndpointTask.call(VersionEndpointTask.java:71)
	at org.apache.hadoop.ozone.container.common.states.endpoint.VersionEndpointTask.call(VersionEndpointTask.java:42)
	at java.util.concurrent.FutureTask.run(FutureTask.java:266)
	at java.util.concurrent.ThreadPoolExecutor.runWorker(ThreadPoolExecutor.java:1149)
	at java.util.concurrent.ThreadPoolExecutor$Worker.run(ThreadPoolExecutor.java:624)
	at java.lang.Thread.run(Thread.java:748)
Caused by: java.net.SocketTimeoutException: 5000 millis timeout while waiting for channel to be ready for read. ch : java.nio.channels.SocketChannel[connected local=/127.0.0.1:37830 remote=/127.0.0.1:13989]
	at org.apache.hadoop.net.SocketIOWithTimeout.doIO(SocketIOWithTimeout.java:164)
	at org.apache.hadoop.net.SocketInputStream.read(SocketInputStream.java:161)
	at org.apache.hadoop.net.SocketInputStream.read(SocketInputStream.java:131)
	at java.io.FilterInputStream.read(FilterInputStream.java:133)
	at java.io.BufferedInputStream.fill(BufferedInputStream.java:246)
	at java.io.BufferedInputStream.read(BufferedInputStream.java:265)
	at java.io.FilterInputStream.read(FilterInputStream.java:83)
	at java.io.FilterInputStream.read(FilterInputStream.java:83)
	at org.apache.hadoop.ipc.Client$Connection$PingInputStream.read(Client.java:563)
	at java.io.DataInputStream.readInt(DataInputStream.java:387)
	at org.apache.hadoop.ipc.Client$IpcStreams.readResponse(Client.java:1892)
	at org.apache.hadoop.ipc.Client$Connection.receiveRpcResponse(Client.java:1202)
	at org.apache.hadoop.ipc.Client$Connection.run(Client.java:1098)
2021-09-05 14:30:19,708 [EndpointStateMachine task thread for /127.0.0.1:13989 - 0 ] WARN  statemachine.EndpointStateMachine (EndpointStateMachine.java:logIfNeeded(236)) - Unable to communicate to SCM server at localhost:13989 for past 0 seconds.
java.net.SocketTimeoutException: Call From fv-az151-757/10.1.0.15 to localhost:13989 failed on socket timeout exception: java.net.SocketTimeoutException: 5000 millis timeout while waiting for channel to be ready for read. ch : java.nio.channels.SocketChannel[connected local=/127.0.0.1:37830 remote=/127.0.0.1:13989]; For more details see:  http://wiki.apache.org/hadoop/SocketTimeout
	at sun.reflect.GeneratedConstructorAccessor40.newInstance(Unknown Source)
	at sun.reflect.DelegatingConstructorAccessorImpl.newInstance(DelegatingConstructorAccessorImpl.java:45)
	at java.lang.reflect.Constructor.newInstance(Constructor.java:423)
	at org.apache.hadoop.net.NetUtils.wrapWithMessage(NetUtils.java:913)
	at org.apache.hadoop.net.NetUtils.wrapException(NetUtils.java:848)
	at org.apache.hadoop.ipc.Client.getRpcResponse(Client.java:1577)
	at org.apache.hadoop.ipc.Client.call(Client.java:1519)
	at org.apache.hadoop.ipc.Client.call(Client.java:1416)
	at org.apache.hadoop.ipc.ProtobufRpcEngine$Invoker.invoke(ProtobufRpcEngine.java:236)
	at org.apache.hadoop.ipc.ProtobufRpcEngine$Invoker.invoke(ProtobufRpcEngine.java:123)
	at com.sun.proxy.$Proxy48.submitRequest(Unknown Source)
	at org.apache.hadoop.ozone.protocolPB.StorageContainerDatanodeProtocolClientSideTranslatorPB.submitRequest(StorageContainerDatanodeProtocolClientSideTranslatorPB.java:117)
	at org.apache.hadoop.ozone.protocolPB.StorageContainerDatanodeProtocolClientSideTranslatorPB.getVersion(StorageContainerDatanodeProtocolClientSideTranslatorPB.java:133)
	at org.apache.hadoop.ozone.container.common.states.endpoint.VersionEndpointTask.call(VersionEndpointTask.java:71)
	at org.apache.hadoop.ozone.container.common.states.endpoint.VersionEndpointTask.call(VersionEndpointTask.java:42)
	at java.util.concurrent.FutureTask.run(FutureTask.java:266)
	at java.util.concurrent.ThreadPoolExecutor.runWorker(ThreadPoolExecutor.java:1149)
	at java.util.concurrent.ThreadPoolExecutor$Worker.run(ThreadPoolExecutor.java:624)
	at java.lang.Thread.run(Thread.java:748)
Caused by: java.net.SocketTimeoutException: 5000 millis timeout while waiting for channel to be ready for read. ch : java.nio.channels.SocketChannel[connected local=/127.0.0.1:37830 remote=/127.0.0.1:13989]
	at org.apache.hadoop.net.SocketIOWithTimeout.doIO(SocketIOWithTimeout.java:164)
	at org.apache.hadoop.net.SocketInputStream.read(SocketInputStream.java:161)
	at org.apache.hadoop.net.SocketInputStream.read(SocketInputStream.java:131)
	at java.io.FilterInputStream.read(FilterInputStream.java:133)
	at java.io.BufferedInputStream.fill(BufferedInputStream.java:246)
	at java.io.BufferedInputStream.read(BufferedInputStream.java:265)
	at java.io.FilterInputStream.read(FilterInputStream.java:83)
	at java.io.FilterInputStream.read(FilterInputStream.java:83)
	at org.apache.hadoop.ipc.Client$Connection$PingInputStream.read(Client.java:563)
	at java.io.DataInputStream.readInt(DataInputStream.java:387)
	at org.apache.hadoop.ipc.Client$IpcStreams.readResponse(Client.java:1892)
	at org.apache.hadoop.ipc.Client$Connection.receiveRpcResponse(Client.java:1202)
	at org.apache.hadoop.ipc.Client$Connection.run(Client.java:1098)
2021-09-05 14:30:19,707 [EndpointStateMachine task thread for /127.0.0.1:13989 - 0 ] WARN  statemachine.EndpointStateMachine (EndpointStateMachine.java:logIfNeeded(236)) - Unable to communicate to SCM server at 127.0.0.1:13989 for past 0 seconds.
java.net.SocketTimeoutException: Call From fv-az151-757/10.1.0.15 to localhost:13989 failed on socket timeout exception: java.net.SocketTimeoutException: 5000 millis timeout while waiting for channel to be ready for read. ch : java.nio.channels.SocketChannel[connected local=/127.0.0.1:37830 remote=/127.0.0.1:13989]; For more details see:  http://wiki.apache.org/hadoop/SocketTimeout
	at sun.reflect.GeneratedConstructorAccessor40.newInstance(Unknown Source)
	at sun.reflect.DelegatingConstructorAccessorImpl.newInstance(DelegatingConstructorAccessorImpl.java:45)
	at java.lang.reflect.Constructor.newInstance(Constructor.java:423)
	at org.apache.hadoop.net.NetUtils.wrapWithMessage(NetUtils.java:913)
	at org.apache.hadoop.net.NetUtils.wrapException(NetUtils.java:848)
	at org.apache.hadoop.ipc.Client.getRpcResponse(Client.java:1577)
	at org.apache.hadoop.ipc.Client.call(Client.java:1519)
	at org.apache.hadoop.ipc.Client.call(Client.java:1416)
	at org.apache.hadoop.ipc.ProtobufRpcEngine$Invoker.invoke(ProtobufRpcEngine.java:236)
	at org.apache.hadoop.ipc.ProtobufRpcEngine$Invoker.invoke(ProtobufRpcEngine.java:123)
	at com.sun.proxy.$Proxy48.submitRequest(Unknown Source)
	at org.apache.hadoop.ozone.protocolPB.StorageContainerDatanodeProtocolClientSideTranslatorPB.submitRequest(StorageContainerDatanodeProtocolClientSideTranslatorPB.java:117)
	at org.apache.hadoop.ozone.protocolPB.StorageContainerDatanodeProtocolClientSideTranslatorPB.getVersion(StorageContainerDatanodeProtocolClientSideTranslatorPB.java:133)
	at org.apache.hadoop.ozone.container.common.states.endpoint.VersionEndpointTask.call(VersionEndpointTask.java:71)
	at org.apache.hadoop.ozone.container.common.states.endpoint.VersionEndpointTask.call(VersionEndpointTask.java:42)
	at java.util.concurrent.FutureTask.run(FutureTask.java:266)
	at java.util.concurrent.ThreadPoolExecutor.runWorker(ThreadPoolExecutor.java:1149)
	at java.util.concurrent.ThreadPoolExecutor$Worker.run(ThreadPoolExecutor.java:624)
	at java.lang.Thread.run(Thread.java:748)
Caused by: java.net.SocketTimeoutException: 5000 millis timeout while waiting for channel to be ready for read. ch : java.nio.channels.SocketChannel[connected local=/127.0.0.1:37830 remote=/127.0.0.1:13989]
	at org.apache.hadoop.net.SocketIOWithTimeout.doIO(SocketIOWithTimeout.java:164)
	at org.apache.hadoop.net.SocketInputStream.read(SocketInputStream.java:161)
	at org.apache.hadoop.net.SocketInputStream.read(SocketInputStream.java:131)
	at java.io.FilterInputStream.read(FilterInputStream.java:133)
	at java.io.BufferedInputStream.fill(BufferedInputStream.java:246)
	at java.io.BufferedInputStream.read(BufferedInputStream.java:265)
	at java.io.FilterInputStream.read(FilterInputStream.java:83)
	at java.io.FilterInputStream.read(FilterInputStream.java:83)
	at org.apache.hadoop.ipc.Client$Connection$PingInputStream.read(Client.java:563)
	at java.io.DataInputStream.readInt(DataInputStream.java:387)
	at org.apache.hadoop.ipc.Client$IpcStreams.readResponse(Client.java:1892)
	at org.apache.hadoop.ipc.Client$Connection.receiveRpcResponse(Client.java:1202)
	at org.apache.hadoop.ipc.Client$Connection.run(Client.java:1098)
2021-09-05 14:30:19,707 [pool-265-thread-1] INFO  server.RaftServerConfigKeys (ConfUtils.java:logGet(44)) - raft.server.notification.no-leader.timeout = 300s (custom)
2021-09-05 14:30:19,715 [pool-265-thread-1] INFO  server.RaftServerConfigKeys (ConfUtils.java:logGet(44)) - raft.server.log.use.memory = false (default)
2021-09-05 14:30:19,715 [pool-265-thread-1] INFO  server.RaftServerConfigKeys (ConfUtils.java:logGet(44)) - raft.server.log.purge.gap = 1000000 (custom)
2021-09-05 14:30:19,721 [pool-265-thread-1] INFO  server.RaftServerConfigKeys (ConfUtils.java:logGet(44)) - raft.server.log.appender.buffer.byte-limit = 33554432 (custom)
2021-09-05 14:30:19,721 [pool-265-thread-1] INFO  server.RaftServerConfigKeys (ConfUtils.java:logGet(44)) - raft.server.log.segment.size.max = 1048576 (custom)
2021-09-05 14:30:19,726 [pool-265-thread-1] INFO  server.RaftServerConfigKeys (ConfUtils.java:logGet(44)) - raft.server.log.segment.cache.num.max = 2 (custom)
2021-09-05 14:30:19,726 [pool-265-thread-1] INFO  server.RaftServerConfigKeys (ConfUtils.java:logGet(44)) - raft.server.log.segment.cache.size.max = 200MB (=209715200) (default)
2021-09-05 14:30:19,727 [pool-265-thread-1] INFO  segmented.SegmentedRaftLogWorker (SegmentedRaftLogWorker.java:<init>(182)) - new 83398dfc-751f-4fe2-af5b-c65c8f1546c8@group-55F03F1850F1-SegmentedRaftLogWorker for RaftStorageImpl:Storage Directory /home/runner/work/ozone/ozone/hadoop-ozone/integration-test/target/test-dir/MiniOzoneClusterImpl-11ada6fe-a5c6-4827-8b3d-97db8748ad29/datanode-0/data/ratis/59a078b3-30f1-43e2-96c6-55f03f1850f1
2021-09-05 14:30:19,727 [pool-265-thread-1] INFO  server.RaftServerConfigKeys (ConfUtils.java:logGet(44)) - raft.server.log.queue.byte-limit = 2147483647 (custom)
2021-09-05 14:30:19,727 [pool-265-thread-1] INFO  server.RaftServerConfigKeys (ConfUtils.java:logGet(44)) - raft.server.log.queue.element-limit = 1024 (custom)
2021-09-05 14:30:19,733 [pool-265-thread-1] INFO  server.RaftServerConfigKeys (ConfUtils.java:logGet(44)) - raft.server.log.segment.size.max = 1048576 (custom)
2021-09-05 14:30:19,733 [pool-265-thread-1] INFO  server.RaftServerConfigKeys (ConfUtils.java:logGet(44)) - raft.server.log.preallocated.size = 16384 (custom)
2021-09-05 14:30:19,734 [pool-265-thread-1] INFO  server.RaftServerConfigKeys (ConfUtils.java:logGet(44)) - raft.server.log.force.sync.num = 128 (default)
2021-09-05 14:30:19,734 [pool-265-thread-1] INFO  server.RaftServerConfigKeys (ConfUtils.java:logGet(44)) - raft.server.log.statemachine.data.sync = true (default)
2021-09-05 14:30:19,734 [pool-265-thread-1] INFO  server.RaftServerConfigKeys (ConfUtils.java:logGet(44)) - raft.server.log.statemachine.data.sync.timeout = 10s (default)
2021-09-05 14:30:19,734 [pool-265-thread-1] INFO  server.RaftServerConfigKeys (ConfUtils.java:logGet(44)) - raft.server.log.statemachine.data.sync.timeout.retry = -1 (default)
2021-09-05 14:30:19,735 [pool-265-thread-1] INFO  server.RaftServerConfigKeys (ConfUtils.java:logGet(44)) - raft.server.log.write.buffer.size = 1048576 (custom)
2021-09-05 14:30:19,735 [pool-265-thread-1] INFO  server.RaftServerConfigKeys (ConfUtils.java:logGet(44)) - raft.server.log.statemachine.data.caching.enabled = true (custom)
2021-09-05 14:30:19,735 [pool-265-thread-1] INFO  segmented.SegmentedRaftLogWorker (SegmentedRaftLogWorker.java:lambda$new$0(133)) - 83398dfc-751f-4fe2-af5b-c65c8f1546c8@group-55F03F1850F1-SegmentedRaftLogWorker: flushIndex: setUnconditionally 0 -> -1
2021-09-05 14:30:19,735 [pool-265-thread-1] INFO  segmented.SegmentedRaftLogWorker (SegmentedRaftLogWorker.java:lambda$new$0(133)) - 83398dfc-751f-4fe2-af5b-c65c8f1546c8@group-55F03F1850F1-SegmentedRaftLogWorker: safeCacheEvictIndex: setUnconditionally 0 -> -1
2021-09-05 14:30:19,745 [pool-265-thread-1] INFO  server.RaftServerConfigKeys (ConfUtils.java:logGet(44)) - raft.server.snapshot.auto.trigger.enabled = true (custom)
2021-09-05 14:30:19,745 [pool-265-thread-1] INFO  server.RaftServerConfigKeys (ConfUtils.java:logGet(44)) - raft.server.snapshot.auto.trigger.threshold = 10000 (custom)
2021-09-05 14:30:19,745 [pool-265-thread-1] INFO  server.RaftServerConfigKeys (ConfUtils.java:logGet(44)) - raft.server.snapshot.retention.file.num = 5 (custom)
2021-09-05 14:30:19,745 [pool-265-thread-1] INFO  server.RaftServerConfigKeys (ConfUtils.java:logGet(44)) - raft.server.log.purge.upto.snapshot.index = false (default)
2021-09-05 14:30:19,745 [pool-265-thread-1] INFO  server.RaftServerConfigKeys (ConfUtils.java:logGet(44)) - raft.server.retrycache.expirytime = 600000ms (custom)
2021-09-05 14:30:19,745 [pool-265-thread-1] INFO  server.RaftServerConfigKeys (ConfUtils.java:logGet(44)) - raft.server.retrycache.statistics.expirytime = 100μs (default)
2021-09-05 14:30:19,752 [EndpointStateMachine task thread for /127.0.0.1:14541 - 0 ] INFO  ipc.Client (Client.java:handleConnectionFailure(977)) - Retrying connect to server: localhost/127.0.0.1:14541. Already tried 7 time(s); retry policy is RetryUpToMaximumCountWithFixedSleep(maxRetries=15, sleepTime=1000 MILLISECONDS)
2021-09-05 14:30:19,753 [pool-265-thread-1] INFO  server.RaftServer$Division (RaftServerImpl.java:start(296)) - 83398dfc-751f-4fe2-af5b-c65c8f1546c8@group-55F03F1850F1: start as a follower, conf=-1: [83398dfc-751f-4fe2-af5b-c65c8f1546c8|rpc:127.0.0.1:46795|priority:1], old=null
2021-09-05 14:30:19,753 [pool-265-thread-1] INFO  server.RaftServer$Division (RaftServerImpl.java:setRole(285)) - 83398dfc-751f-4fe2-af5b-c65c8f1546c8@group-55F03F1850F1: changes role from      null to FOLLOWER at term 0 for startAsFollower
2021-09-05 14:30:19,753 [pool-265-thread-1] INFO  impl.RoleInfo (RoleInfo.java:updateAndGet(130)) - 83398dfc-751f-4fe2-af5b-c65c8f1546c8: start 83398dfc-751f-4fe2-af5b-c65c8f1546c8@group-55F03F1850F1-FollowerState
2021-09-05 14:30:19,754 [69e17fe3-75d6-40e2-b575-3df3d97ee56c@group-97DB8748AD29-StateMachineUpdater] INFO  safemode.HealthyPipelineSafeModeRule (HealthyPipelineSafeModeRule.java:initializeRule(152)) - Refreshed total pipeline count is 0, healthy pipeline threshold count is 1
2021-09-05 14:30:19,754 [EventQueue-PipelineReportForPipelineReportHandler] INFO  ha.SCMHAInvocationHandler (SCMHAInvocationHandler.java:invokeRatis(113)) - Invoking method public abstract void org.apache.hadoop.hdds.scm.pipeline.StateManager.updatePipelineState(org.apache.hadoop.hdds.protocol.proto.HddsProtos$PipelineID,org.apache.hadoop.hdds.protocol.proto.HddsProtos$PipelineState) throws java.io.IOException on target org.apache.hadoop.hdds.scm.ha.SCMRatisServerImpl@7d3b5917, cost 52266.948us
2021-09-05 14:30:19,754 [EndpointStateMachine task thread for /127.0.0.1:14531 - 0 ] INFO  ipc.Client (Client.java:handleConnectionFailure(977)) - Retrying connect to server: localhost/127.0.0.1:14531. Already tried 8 time(s); retry policy is RetryUpToMaximumCountWithFixedSleep(maxRetries=15, sleepTime=1000 MILLISECONDS)
2021-09-05 14:30:19,755 [pool-265-thread-1] INFO  util.JmxRegister (JmxRegister.java:tryRegister(44)) - Successfully registered JMX Bean with object name Ratis:service=RaftServer,group=group-55F03F1850F1,id=83398dfc-751f-4fe2-af5b-c65c8f1546c8
2021-09-05 14:30:19,756 [Command processor thread] INFO  ratis.XceiverServerRatis (XceiverServerRatis.java:addGroup(763)) - Created group PipelineID=59a078b3-30f1-43e2-96c6-55f03f1850f1
2021-09-05 14:30:19,756 [Command processor thread] INFO  commandhandler.CreatePipelineCommandHandler (CreatePipelineCommandHandler.java:handle(106)) - Created Pipeline RATIS ONE PipelineID=59a078b3-30f1-43e2-96c6-55f03f1850f1.
2021-09-05 14:30:19,756 [Command processor thread] INFO  server.RaftServer (RaftServerProxy.java:addNew(95)) - 83398dfc-751f-4fe2-af5b-c65c8f1546c8: addNew group-29BFC1B0D5A0:[83398dfc-751f-4fe2-af5b-c65c8f1546c8|rpc:127.0.0.1:46795|priority:1, 6bbc5292-b6d7-424f-9a49-f587de829c2d|rpc:127.0.0.1:46659|priority:0, 73fc6282-bdcb-4a1d-9106-80b228a82791|rpc:127.0.0.1:46567|priority:0] returns group-29BFC1B0D5A0:java.util.concurrent.CompletableFuture@52098d72[Not completed]
2021-09-05 14:30:19,758 [pool-265-thread-1] INFO  server.RaftServer$Division (RaftServerImpl.java:<init>(181)) - 83398dfc-751f-4fe2-af5b-c65c8f1546c8: new RaftServerImpl for group-29BFC1B0D5A0:[83398dfc-751f-4fe2-af5b-c65c8f1546c8|rpc:127.0.0.1:46795|priority:1, 6bbc5292-b6d7-424f-9a49-f587de829c2d|rpc:127.0.0.1:46659|priority:0, 73fc6282-bdcb-4a1d-9106-80b228a82791|rpc:127.0.0.1:46567|priority:0] with ContainerStateMachine:uninitialized
2021-09-05 14:30:19,758 [pool-265-thread-1] INFO  server.RaftServerConfigKeys (ConfUtils.java:logGet(44)) - raft.server.rpc.timeout.min = 5s (custom)
2021-09-05 14:30:19,758 [pool-265-thread-1] INFO  server.RaftServerConfigKeys (ConfUtils.java:logGet(44)) - raft.server.rpc.timeout.max = 5200ms (custom)
2021-09-05 14:30:19,758 [pool-265-thread-1] INFO  server.RaftServerConfigKeys (ConfUtils.java:logGet(44)) - raft.server.rpc.sleep.time = 25ms (default)
2021-09-05 14:30:19,758 [pool-265-thread-1] INFO  server.RaftServerConfigKeys (ConfUtils.java:logGet(44)) - raft.server.rpc.slowness.timeout = 300s (custom)
2021-09-05 14:30:19,758 [pool-265-thread-1] INFO  server.RaftServerConfigKeys (ConfUtils.java:logGet(44)) - raft.server.leaderelection.leader.step-down.wait-time = 10s (default)
2021-09-05 14:30:19,758 [pool-265-thread-1] INFO  server.RaftServerConfigKeys (ConfUtils.java:logGet(44)) - raft.server.sleep.deviation.threshold = 300ms (default)
2021-09-05 14:30:19,758 [pool-265-thread-1] INFO  server.RaftServerConfigKeys (ConfUtils.java:logGet(44)) - raft.server.log.appender.install.snapshot.enabled = false (custom)
2021-09-05 14:30:19,758 [pool-265-thread-1] INFO  server.RaftServer$Division (ServerState.java:<init>(105)) - 83398dfc-751f-4fe2-af5b-c65c8f1546c8@group-29BFC1B0D5A0: ConfigurationManager, init=-1: [83398dfc-751f-4fe2-af5b-c65c8f1546c8|rpc:127.0.0.1:46795|priority:1, 6bbc5292-b6d7-424f-9a49-f587de829c2d|rpc:127.0.0.1:46659|priority:0, 73fc6282-bdcb-4a1d-9106-80b228a82791|rpc:127.0.0.1:46567|priority:0], old=null, confs=<EMPTY_MAP>
2021-09-05 14:30:19,758 [pool-265-thread-1] INFO  server.RaftServerConfigKeys (ConfUtils.java:logGet(44)) - raft.server.storage.dir = [/home/runner/work/ozone/ozone/hadoop-ozone/integration-test/target/test-dir/MiniOzoneClusterImpl-11ada6fe-a5c6-4827-8b3d-97db8748ad29/datanode-0/data/ratis] (custom)
2021-09-05 14:30:19,758 [pool-265-thread-1] INFO  server.RaftServerConfigKeys (ConfUtils.java:logGet(44)) - raft.server.log.corruption.policy = EXCEPTION (default)
2021-09-05 14:30:19,758 [pool-265-thread-1] INFO  server.RaftServerConfigKeys (ConfUtils.java:logGet(44)) - raft.server.storage.free-space.min = 0MB (=0) (default)
2021-09-05 14:30:19,758 [pool-265-thread-1] INFO  storage.RaftStorageDirectory (RaftStorageDirectoryImpl.java:analyzeStorage(135)) - The storage directory /home/runner/work/ozone/ozone/hadoop-ozone/integration-test/target/test-dir/MiniOzoneClusterImpl-11ada6fe-a5c6-4827-8b3d-97db8748ad29/datanode-0/data/ratis/2e6c9be7-a862-4614-98fa-29bfc1b0d5a0 does not exist. Creating ...
2021-09-05 14:30:19,761 [pool-265-thread-1] INFO  storage.RaftStorageDirectory (RaftStorageDirectoryImpl.java:tryLock(230)) - Lock on /home/runner/work/ozone/ozone/hadoop-ozone/integration-test/target/test-dir/MiniOzoneClusterImpl-11ada6fe-a5c6-4827-8b3d-97db8748ad29/datanode-0/data/ratis/2e6c9be7-a862-4614-98fa-29bfc1b0d5a0/in_use.lock acquired by nodename 23550@fv-az151-757
2021-09-05 14:30:19,766 [pool-265-thread-1] INFO  storage.RaftStorage (RaftStorageImpl.java:format(89)) - Storage directory /home/runner/work/ozone/ozone/hadoop-ozone/integration-test/target/test-dir/MiniOzoneClusterImpl-11ada6fe-a5c6-4827-8b3d-97db8748ad29/datanode-0/data/ratis/2e6c9be7-a862-4614-98fa-29bfc1b0d5a0 has been successfully formatted.
2021-09-05 14:30:19,766 [pool-265-thread-1] INFO  ratis.ContainerStateMachine (ContainerStateMachine.java:loadSnapshot(224)) - group-29BFC1B0D5A0: The snapshot info is null. Setting the last applied indexto:(t:0, i:~)
2021-09-05 14:30:19,766 [pool-265-thread-1] INFO  server.RaftServerConfigKeys (ConfUtils.java:logGet(44)) - raft.server.notification.no-leader.timeout = 300s (custom)
2021-09-05 14:30:19,766 [pool-265-thread-1] INFO  server.RaftServerConfigKeys (ConfUtils.java:logGet(44)) - raft.server.log.use.memory = false (default)
2021-09-05 14:30:19,766 [pool-265-thread-1] INFO  server.RaftServerConfigKeys (ConfUtils.java:logGet(44)) - raft.server.log.purge.gap = 1000000 (custom)
2021-09-05 14:30:19,766 [pool-265-thread-1] INFO  server.RaftServerConfigKeys (ConfUtils.java:logGet(44)) - raft.server.log.appender.buffer.byte-limit = 33554432 (custom)
2021-09-05 14:30:19,767 [pool-265-thread-1] INFO  server.RaftServerConfigKeys (ConfUtils.java:logGet(44)) - raft.server.log.segment.size.max = 1048576 (custom)
2021-09-05 14:30:19,767 [pool-265-thread-1] INFO  server.RaftServerConfigKeys (ConfUtils.java:logGet(44)) - raft.server.log.segment.cache.num.max = 2 (custom)
2021-09-05 14:30:19,767 [pool-265-thread-1] INFO  server.RaftServerConfigKeys (ConfUtils.java:logGet(44)) - raft.server.log.segment.cache.size.max = 200MB (=209715200) (default)
2021-09-05 14:30:19,767 [pool-265-thread-1] INFO  segmented.SegmentedRaftLogWorker (SegmentedRaftLogWorker.java:<init>(182)) - new 83398dfc-751f-4fe2-af5b-c65c8f1546c8@group-29BFC1B0D5A0-SegmentedRaftLogWorker for RaftStorageImpl:Storage Directory /home/runner/work/ozone/ozone/hadoop-ozone/integration-test/target/test-dir/MiniOzoneClusterImpl-11ada6fe-a5c6-4827-8b3d-97db8748ad29/datanode-0/data/ratis/2e6c9be7-a862-4614-98fa-29bfc1b0d5a0
2021-09-05 14:30:19,767 [pool-265-thread-1] INFO  server.RaftServerConfigKeys (ConfUtils.java:logGet(44)) - raft.server.log.queue.byte-limit = 2147483647 (custom)
2021-09-05 14:30:19,767 [pool-265-thread-1] INFO  server.RaftServerConfigKeys (ConfUtils.java:logGet(44)) - raft.server.log.queue.element-limit = 1024 (custom)
2021-09-05 14:30:19,767 [pool-265-thread-1] INFO  server.RaftServerConfigKeys (ConfUtils.java:logGet(44)) - raft.server.log.segment.size.max = 1048576 (custom)
2021-09-05 14:30:19,767 [pool-265-thread-1] INFO  server.RaftServerConfigKeys (ConfUtils.java:logGet(44)) - raft.server.log.preallocated.size = 16384 (custom)
2021-09-05 14:30:19,767 [pool-265-thread-1] INFO  server.RaftServerConfigKeys (ConfUtils.java:logGet(44)) - raft.server.log.force.sync.num = 128 (default)
2021-09-05 14:30:19,767 [pool-265-thread-1] INFO  server.RaftServerConfigKeys (ConfUtils.java:logGet(44)) - raft.server.log.statemachine.data.sync = true (default)
2021-09-05 14:30:19,767 [pool-265-thread-1] INFO  server.RaftServerConfigKeys (ConfUtils.java:logGet(44)) - raft.server.log.statemachine.data.sync.timeout = 10s (default)
2021-09-05 14:30:19,767 [pool-265-thread-1] INFO  server.RaftServerConfigKeys (ConfUtils.java:logGet(44)) - raft.server.log.statemachine.data.sync.timeout.retry = -1 (default)
2021-09-05 14:30:19,768 [pool-265-thread-1] INFO  server.RaftServerConfigKeys (ConfUtils.java:logGet(44)) - raft.server.log.write.buffer.size = 1048576 (custom)
2021-09-05 14:30:19,769 [pool-265-thread-1] INFO  server.RaftServerConfigKeys (ConfUtils.java:logGet(44)) - raft.server.log.statemachine.data.caching.enabled = true (custom)
2021-09-05 14:30:19,769 [pool-265-thread-1] INFO  segmented.SegmentedRaftLogWorker (SegmentedRaftLogWorker.java:lambda$new$0(133)) - 83398dfc-751f-4fe2-af5b-c65c8f1546c8@group-29BFC1B0D5A0-SegmentedRaftLogWorker: flushIndex: setUnconditionally 0 -> -1
2021-09-05 14:30:19,769 [pool-265-thread-1] INFO  segmented.SegmentedRaftLogWorker (SegmentedRaftLogWorker.java:lambda$new$0(133)) - 83398dfc-751f-4fe2-af5b-c65c8f1546c8@group-29BFC1B0D5A0-SegmentedRaftLogWorker: safeCacheEvictIndex: setUnconditionally 0 -> -1
2021-09-05 14:30:19,773 [EndpointStateMachine task thread for /127.0.0.1:14521 - 0 ] INFO  ipc.Client (Client.java:handleConnectionFailure(977)) - Retrying connect to server: localhost/127.0.0.1:14521. Already tried 9 time(s); retry policy is RetryUpToMaximumCountWithFixedSleep(maxRetries=15, sleepTime=1000 MILLISECONDS)
2021-09-05 14:30:19,777 [EventQueue-PipelineReportForPipelineReportHandler] INFO  ha.SCMHAInvocationHandler (SCMHAInvocationHandler.java:invokeRatis(113)) - Invoking method public abstract void org.apache.hadoop.hdds.scm.pipeline.StateManager.updatePipelineState(org.apache.hadoop.hdds.protocol.proto.HddsProtos$PipelineID,org.apache.hadoop.hdds.protocol.proto.HddsProtos$PipelineState) throws java.io.IOException on target org.apache.hadoop.hdds.scm.ha.SCMRatisServerImpl@48ab14ff, cost 74790.685us
2021-09-05 14:30:19,778 [EventQueue-PipelineReportForPipelineReportHandler] INFO  pipeline.PipelineManagerImpl (PipelineManagerImpl.java:openPipeline(282)) - Pipeline Pipeline[ Id: 59a078b3-30f1-43e2-96c6-55f03f1850f1, Nodes: 83398dfc-751f-4fe2-af5b-c65c8f1546c8{ip: 127.0.0.1, host: localhost, ports: [REPLICATION=45841, RATIS=46795, RATIS_ADMIN=46795, RATIS_SERVER=46795, STANDALONE=45989], networkLocation: /default-rack, certSerialId: null, persistedOpState: IN_SERVICE, persistedOpStateExpiryEpochSec: 0}, ReplicationConfig: RATIS/ONE, State:ALLOCATED, leaderId:83398dfc-751f-4fe2-af5b-c65c8f1546c8, CreationTimestamp2021-09-05T14:30:16.693Z[Etc/UTC]] moved to OPEN state
2021-09-05 14:30:19,778 [9d3796c5-d907-4196-a355-2f07340af16c@group-97DB8748AD29-StateMachineUpdater] INFO  safemode.HealthyPipelineSafeModeRule (HealthyPipelineSafeModeRule.java:initializeRule(152)) - Refreshed total pipeline count is 0, healthy pipeline threshold count is 1
2021-09-05 14:30:19,778 [EventQueue-PipelineReportForPipelineReportHandler] INFO  ha.SCMHAInvocationHandler (SCMHAInvocationHandler.java:invokeRatis(113)) - Invoking method public abstract void org.apache.hadoop.hdds.scm.pipeline.StateManager.updatePipelineState(org.apache.hadoop.hdds.protocol.proto.HddsProtos$PipelineID,org.apache.hadoop.hdds.protocol.proto.HddsProtos$PipelineState) throws java.io.IOException on target org.apache.hadoop.hdds.scm.ha.SCMRatisServerImpl@48ab14ff, cost 229.202us
2021-09-05 14:30:19,785 [pool-265-thread-1] INFO  server.RaftServerConfigKeys (ConfUtils.java:logGet(44)) - raft.server.snapshot.auto.trigger.enabled = true (custom)
2021-09-05 14:30:19,785 [pool-265-thread-1] INFO  server.RaftServerConfigKeys (ConfUtils.java:logGet(44)) - raft.server.snapshot.auto.trigger.threshold = 10000 (custom)
2021-09-05 14:30:19,785 [pool-265-thread-1] INFO  server.RaftServerConfigKeys (ConfUtils.java:logGet(44)) - raft.server.snapshot.retention.file.num = 5 (custom)
2021-09-05 14:30:19,785 [pool-265-thread-1] INFO  server.RaftServerConfigKeys (ConfUtils.java:logGet(44)) - raft.server.log.purge.upto.snapshot.index = false (default)
2021-09-05 14:30:19,785 [pool-265-thread-1] INFO  server.RaftServerConfigKeys (ConfUtils.java:logGet(44)) - raft.server.retrycache.expirytime = 600000ms (custom)
2021-09-05 14:30:19,785 [pool-265-thread-1] INFO  server.RaftServerConfigKeys (ConfUtils.java:logGet(44)) - raft.server.retrycache.statistics.expirytime = 100μs (default)
2021-09-05 14:30:19,787 [pool-265-thread-1] INFO  server.RaftServer$Division (RaftServerImpl.java:start(296)) - 83398dfc-751f-4fe2-af5b-c65c8f1546c8@group-29BFC1B0D5A0: start as a follower, conf=-1: [83398dfc-751f-4fe2-af5b-c65c8f1546c8|rpc:127.0.0.1:46795|priority:1, 6bbc5292-b6d7-424f-9a49-f587de829c2d|rpc:127.0.0.1:46659|priority:0, 73fc6282-bdcb-4a1d-9106-80b228a82791|rpc:127.0.0.1:46567|priority:0], old=null
2021-09-05 14:30:19,787 [pool-265-thread-1] INFO  server.RaftServer$Division (RaftServerImpl.java:setRole(285)) - 83398dfc-751f-4fe2-af5b-c65c8f1546c8@group-29BFC1B0D5A0: changes role from      null to FOLLOWER at term 0 for startAsFollower
2021-09-05 14:30:19,787 [pool-265-thread-1] INFO  impl.RoleInfo (RoleInfo.java:updateAndGet(130)) - 83398dfc-751f-4fe2-af5b-c65c8f1546c8: start 83398dfc-751f-4fe2-af5b-c65c8f1546c8@group-29BFC1B0D5A0-FollowerState
2021-09-05 14:30:19,795 [pool-265-thread-1] INFO  util.JmxRegister (JmxRegister.java:tryRegister(44)) - Successfully registered JMX Bean with object name Ratis:service=RaftServer,group=group-29BFC1B0D5A0,id=83398dfc-751f-4fe2-af5b-c65c8f1546c8
2021-09-05 14:30:19,799 [EventQueue-OpenPipelineForHealthyPipelineSafeModeRule] INFO  safemode.SCMSafeModeManager (HealthyPipelineSafeModeRule.java:process(124)) - SCM in safe mode. Healthy pipelines reported count is 0, required healthy pipeline reported count is 1
2021-09-05 14:30:19,799 [EventQueue-OpenPipelineForHealthyPipelineSafeModeRule] INFO  safemode.SCMSafeModeManager (HealthyPipelineSafeModeRule.java:process(124)) - SCM in safe mode. Healthy pipelines reported count is 0, required healthy pipeline reported count is 1
2021-09-05 14:30:19,802 [Command processor thread] INFO  ratis.XceiverServerRatis (XceiverServerRatis.java:addGroup(763)) - Created group PipelineID=2e6c9be7-a862-4614-98fa-29bfc1b0d5a0
2021-09-05 14:30:19,816 [grpc-default-executor-1] INFO  server.RaftServer (RaftServerProxy.java:addNew(95)) - 6bbc5292-b6d7-424f-9a49-f587de829c2d: addNew group-29BFC1B0D5A0:[83398dfc-751f-4fe2-af5b-c65c8f1546c8|rpc:127.0.0.1:46795|dataStream:|priority:1, 6bbc5292-b6d7-424f-9a49-f587de829c2d|rpc:127.0.0.1:46659|dataStream:|priority:0, 73fc6282-bdcb-4a1d-9106-80b228a82791|rpc:127.0.0.1:46567|dataStream:|priority:0] returns group-29BFC1B0D5A0:java.util.concurrent.CompletableFuture@79d6dc51[Not completed]
2021-09-05 14:30:19,830 [pool-307-thread-1] INFO  server.RaftServer$Division (RaftServerImpl.java:<init>(181)) - 6bbc5292-b6d7-424f-9a49-f587de829c2d: new RaftServerImpl for group-29BFC1B0D5A0:[83398dfc-751f-4fe2-af5b-c65c8f1546c8|rpc:127.0.0.1:46795|dataStream:|priority:1, 6bbc5292-b6d7-424f-9a49-f587de829c2d|rpc:127.0.0.1:46659|dataStream:|priority:0, 73fc6282-bdcb-4a1d-9106-80b228a82791|rpc:127.0.0.1:46567|dataStream:|priority:0] with ContainerStateMachine:uninitialized
2021-09-05 14:30:19,837 [pool-307-thread-1] INFO  server.RaftServerConfigKeys (ConfUtils.java:logGet(44)) - raft.server.rpc.timeout.min = 5s (custom)
2021-09-05 14:30:19,837 [pool-307-thread-1] INFO  server.RaftServerConfigKeys (ConfUtils.java:logGet(44)) - raft.server.rpc.timeout.max = 5200ms (custom)
2021-09-05 14:30:19,837 [pool-307-thread-1] INFO  server.RaftServerConfigKeys (ConfUtils.java:logGet(44)) - raft.server.rpc.sleep.time = 25ms (default)
2021-09-05 14:30:19,837 [pool-307-thread-1] INFO  server.RaftServerConfigKeys (ConfUtils.java:logGet(44)) - raft.server.rpc.slowness.timeout = 300s (custom)
2021-09-05 14:30:19,837 [pool-307-thread-1] INFO  server.RaftServerConfigKeys (ConfUtils.java:logGet(44)) - raft.server.leaderelection.leader.step-down.wait-time = 10s (default)
2021-09-05 14:30:19,837 [pool-307-thread-1] INFO  server.RaftServerConfigKeys (ConfUtils.java:logGet(44)) - raft.server.sleep.deviation.threshold = 300ms (default)
2021-09-05 14:30:19,837 [pool-307-thread-1] INFO  server.RaftServerConfigKeys (ConfUtils.java:logGet(44)) - raft.server.log.appender.install.snapshot.enabled = false (custom)
2021-09-05 14:30:19,837 [pool-307-thread-1] INFO  server.RaftServer$Division (ServerState.java:<init>(105)) - 6bbc5292-b6d7-424f-9a49-f587de829c2d@group-29BFC1B0D5A0: ConfigurationManager, init=-1: [83398dfc-751f-4fe2-af5b-c65c8f1546c8|rpc:127.0.0.1:46795|dataStream:|priority:1, 6bbc5292-b6d7-424f-9a49-f587de829c2d|rpc:127.0.0.1:46659|dataStream:|priority:0, 73fc6282-bdcb-4a1d-9106-80b228a82791|rpc:127.0.0.1:46567|dataStream:|priority:0], old=null, confs=<EMPTY_MAP>
2021-09-05 14:30:19,838 [pool-307-thread-1] INFO  server.RaftServerConfigKeys (ConfUtils.java:logGet(44)) - raft.server.storage.dir = [/home/runner/work/ozone/ozone/hadoop-ozone/integration-test/target/test-dir/MiniOzoneClusterImpl-11ada6fe-a5c6-4827-8b3d-97db8748ad29/datanode-2/data/ratis] (custom)
2021-09-05 14:30:19,838 [pool-307-thread-1] INFO  server.RaftServerConfigKeys (ConfUtils.java:logGet(44)) - raft.server.log.corruption.policy = EXCEPTION (default)
2021-09-05 14:30:19,838 [pool-307-thread-1] INFO  server.RaftServerConfigKeys (ConfUtils.java:logGet(44)) - raft.server.storage.free-space.min = 0MB (=0) (default)
2021-09-05 14:30:19,838 [pool-307-thread-1] INFO  storage.RaftStorageDirectory (RaftStorageDirectoryImpl.java:analyzeStorage(135)) - The storage directory /home/runner/work/ozone/ozone/hadoop-ozone/integration-test/target/test-dir/MiniOzoneClusterImpl-11ada6fe-a5c6-4827-8b3d-97db8748ad29/datanode-2/data/ratis/2e6c9be7-a862-4614-98fa-29bfc1b0d5a0 does not exist. Creating ...
2021-09-05 14:30:19,839 [pool-307-thread-1] INFO  storage.RaftStorageDirectory (RaftStorageDirectoryImpl.java:tryLock(230)) - Lock on /home/runner/work/ozone/ozone/hadoop-ozone/integration-test/target/test-dir/MiniOzoneClusterImpl-11ada6fe-a5c6-4827-8b3d-97db8748ad29/datanode-2/data/ratis/2e6c9be7-a862-4614-98fa-29bfc1b0d5a0/in_use.lock acquired by nodename 23550@fv-az151-757
2021-09-05 14:30:19,841 [pool-307-thread-1] INFO  storage.RaftStorage (RaftStorageImpl.java:format(89)) - Storage directory /home/runner/work/ozone/ozone/hadoop-ozone/integration-test/target/test-dir/MiniOzoneClusterImpl-11ada6fe-a5c6-4827-8b3d-97db8748ad29/datanode-2/data/ratis/2e6c9be7-a862-4614-98fa-29bfc1b0d5a0 has been successfully formatted.
2021-09-05 14:30:19,844 [pool-307-thread-1] INFO  ratis.ContainerStateMachine (ContainerStateMachine.java:loadSnapshot(224)) - group-29BFC1B0D5A0: The snapshot info is null. Setting the last applied indexto:(t:0, i:~)
2021-09-05 14:30:19,844 [pool-307-thread-1] INFO  server.RaftServerConfigKeys (ConfUtils.java:logGet(44)) - raft.server.notification.no-leader.timeout = 300s (custom)
2021-09-05 14:30:19,844 [pool-307-thread-1] INFO  server.RaftServerConfigKeys (ConfUtils.java:logGet(44)) - raft.server.log.use.memory = false (default)
2021-09-05 14:30:19,844 [pool-307-thread-1] INFO  server.RaftServerConfigKeys (ConfUtils.java:logGet(44)) - raft.server.log.purge.gap = 1000000 (custom)
2021-09-05 14:30:19,844 [pool-307-thread-1] INFO  server.RaftServerConfigKeys (ConfUtils.java:logGet(44)) - raft.server.log.appender.buffer.byte-limit = 33554432 (custom)
2021-09-05 14:30:19,845 [pool-307-thread-1] INFO  server.RaftServerConfigKeys (ConfUtils.java:logGet(44)) - raft.server.log.segment.size.max = 1048576 (custom)
2021-09-05 14:30:19,845 [pool-307-thread-1] INFO  server.RaftServerConfigKeys (ConfUtils.java:logGet(44)) - raft.server.log.segment.cache.num.max = 2 (custom)
2021-09-05 14:30:19,845 [pool-307-thread-1] INFO  server.RaftServerConfigKeys (ConfUtils.java:logGet(44)) - raft.server.log.segment.cache.size.max = 200MB (=209715200) (default)
2021-09-05 14:30:19,845 [pool-307-thread-1] INFO  segmented.SegmentedRaftLogWorker (SegmentedRaftLogWorker.java:<init>(182)) - new 6bbc5292-b6d7-424f-9a49-f587de829c2d@group-29BFC1B0D5A0-SegmentedRaftLogWorker for RaftStorageImpl:Storage Directory /home/runner/work/ozone/ozone/hadoop-ozone/integration-test/target/test-dir/MiniOzoneClusterImpl-11ada6fe-a5c6-4827-8b3d-97db8748ad29/datanode-2/data/ratis/2e6c9be7-a862-4614-98fa-29bfc1b0d5a0
2021-09-05 14:30:19,845 [pool-307-thread-1] INFO  server.RaftServerConfigKeys (ConfUtils.java:logGet(44)) - raft.server.log.queue.byte-limit = 2147483647 (custom)
2021-09-05 14:30:19,845 [pool-307-thread-1] INFO  server.RaftServerConfigKeys (ConfUtils.java:logGet(44)) - raft.server.log.queue.element-limit = 1024 (custom)
2021-09-05 14:30:19,845 [pool-307-thread-1] INFO  server.RaftServerConfigKeys (ConfUtils.java:logGet(44)) - raft.server.log.segment.size.max = 1048576 (custom)
2021-09-05 14:30:19,845 [pool-307-thread-1] INFO  server.RaftServerConfigKeys (ConfUtils.java:logGet(44)) - raft.server.log.preallocated.size = 16384 (custom)
2021-09-05 14:30:19,845 [pool-307-thread-1] INFO  server.RaftServerConfigKeys (ConfUtils.java:logGet(44)) - raft.server.log.force.sync.num = 128 (default)
2021-09-05 14:30:19,845 [pool-307-thread-1] INFO  server.RaftServerConfigKeys (ConfUtils.java:logGet(44)) - raft.server.log.statemachine.data.sync = true (default)
2021-09-05 14:30:19,845 [pool-307-thread-1] INFO  server.RaftServerConfigKeys (ConfUtils.java:logGet(44)) - raft.server.log.statemachine.data.sync.timeout = 10s (default)
2021-09-05 14:30:19,845 [pool-307-thread-1] INFO  server.RaftServerConfigKeys (ConfUtils.java:logGet(44)) - raft.server.log.statemachine.data.sync.timeout.retry = -1 (default)
2021-09-05 14:30:19,846 [pool-307-thread-1] INFO  server.RaftServerConfigKeys (ConfUtils.java:logGet(44)) - raft.server.log.write.buffer.size = 1048576 (custom)
2021-09-05 14:30:19,847 [pool-307-thread-1] INFO  server.RaftServerConfigKeys (ConfUtils.java:logGet(44)) - raft.server.log.statemachine.data.caching.enabled = true (custom)
2021-09-05 14:30:19,847 [pool-307-thread-1] INFO  segmented.SegmentedRaftLogWorker (SegmentedRaftLogWorker.java:lambda$new$0(133)) - 6bbc5292-b6d7-424f-9a49-f587de829c2d@group-29BFC1B0D5A0-SegmentedRaftLogWorker: flushIndex: setUnconditionally 0 -> -1
2021-09-05 14:30:19,847 [pool-307-thread-1] INFO  segmented.SegmentedRaftLogWorker (SegmentedRaftLogWorker.java:lambda$new$0(133)) - 6bbc5292-b6d7-424f-9a49-f587de829c2d@group-29BFC1B0D5A0-SegmentedRaftLogWorker: safeCacheEvictIndex: setUnconditionally 0 -> -1
2021-09-05 14:30:19,855 [pool-307-thread-1] INFO  server.RaftServerConfigKeys (ConfUtils.java:logGet(44)) - raft.server.snapshot.auto.trigger.enabled = true (custom)
2021-09-05 14:30:19,855 [pool-307-thread-1] INFO  server.RaftServerConfigKeys (ConfUtils.java:logGet(44)) - raft.server.snapshot.auto.trigger.threshold = 10000 (custom)
2021-09-05 14:30:19,855 [pool-307-thread-1] INFO  server.RaftServerConfigKeys (ConfUtils.java:logGet(44)) - raft.server.snapshot.retention.file.num = 5 (custom)
2021-09-05 14:30:19,855 [pool-307-thread-1] INFO  server.RaftServerConfigKeys (ConfUtils.java:logGet(44)) - raft.server.log.purge.upto.snapshot.index = false (default)
2021-09-05 14:30:19,855 [pool-307-thread-1] INFO  server.RaftServerConfigKeys (ConfUtils.java:logGet(44)) - raft.server.retrycache.expirytime = 600000ms (custom)
2021-09-05 14:30:19,855 [pool-307-thread-1] INFO  server.RaftServerConfigKeys (ConfUtils.java:logGet(44)) - raft.server.retrycache.statistics.expirytime = 100μs (default)
2021-09-05 14:30:19,856 [pool-307-thread-1] INFO  server.RaftServer$Division (RaftServerImpl.java:start(296)) - 6bbc5292-b6d7-424f-9a49-f587de829c2d@group-29BFC1B0D5A0: start as a follower, conf=-1: [83398dfc-751f-4fe2-af5b-c65c8f1546c8|rpc:127.0.0.1:46795|dataStream:|priority:1, 6bbc5292-b6d7-424f-9a49-f587de829c2d|rpc:127.0.0.1:46659|dataStream:|priority:0, 73fc6282-bdcb-4a1d-9106-80b228a82791|rpc:127.0.0.1:46567|dataStream:|priority:0], old=null
2021-09-05 14:30:19,857 [pool-307-thread-1] INFO  server.RaftServer$Division (RaftServerImpl.java:setRole(285)) - 6bbc5292-b6d7-424f-9a49-f587de829c2d@group-29BFC1B0D5A0: changes role from      null to FOLLOWER at term 0 for startAsFollower
2021-09-05 14:30:19,857 [pool-307-thread-1] INFO  impl.RoleInfo (RoleInfo.java:updateAndGet(130)) - 6bbc5292-b6d7-424f-9a49-f587de829c2d: start 6bbc5292-b6d7-424f-9a49-f587de829c2d@group-29BFC1B0D5A0-FollowerState
2021-09-05 14:30:19,877 [pool-307-thread-1] INFO  util.JmxRegister (JmxRegister.java:tryRegister(44)) - Successfully registered JMX Bean with object name Ratis:service=RaftServer,group=group-29BFC1B0D5A0,id=6bbc5292-b6d7-424f-9a49-f587de829c2d
2021-09-05 14:30:19,944 [grpc-default-executor-1] INFO  server.RaftServer (RaftServerProxy.java:addNew(95)) - 73fc6282-bdcb-4a1d-9106-80b228a82791: addNew group-29BFC1B0D5A0:[83398dfc-751f-4fe2-af5b-c65c8f1546c8|rpc:127.0.0.1:46795|dataStream:|priority:1, 6bbc5292-b6d7-424f-9a49-f587de829c2d|rpc:127.0.0.1:46659|dataStream:|priority:0, 73fc6282-bdcb-4a1d-9106-80b228a82791|rpc:127.0.0.1:46567|dataStream:|priority:0] returns group-29BFC1B0D5A0:java.util.concurrent.CompletableFuture@187aae8a[Not completed]
2021-09-05 14:30:19,956 [pool-286-thread-1] INFO  server.RaftServer$Division (RaftServerImpl.java:<init>(181)) - 73fc6282-bdcb-4a1d-9106-80b228a82791: new RaftServerImpl for group-29BFC1B0D5A0:[83398dfc-751f-4fe2-af5b-c65c8f1546c8|rpc:127.0.0.1:46795|dataStream:|priority:1, 6bbc5292-b6d7-424f-9a49-f587de829c2d|rpc:127.0.0.1:46659|dataStream:|priority:0, 73fc6282-bdcb-4a1d-9106-80b228a82791|rpc:127.0.0.1:46567|dataStream:|priority:0] with ContainerStateMachine:uninitialized
2021-09-05 14:30:19,971 [pool-286-thread-1] INFO  server.RaftServerConfigKeys (ConfUtils.java:logGet(44)) - raft.server.rpc.timeout.min = 5s (custom)
2021-09-05 14:30:19,971 [pool-286-thread-1] INFO  server.RaftServerConfigKeys (ConfUtils.java:logGet(44)) - raft.server.rpc.timeout.max = 5200ms (custom)
2021-09-05 14:30:19,971 [pool-286-thread-1] INFO  server.RaftServerConfigKeys (ConfUtils.java:logGet(44)) - raft.server.rpc.sleep.time = 25ms (default)
2021-09-05 14:30:19,971 [pool-286-thread-1] INFO  server.RaftServerConfigKeys (ConfUtils.java:logGet(44)) - raft.server.rpc.slowness.timeout = 300s (custom)
2021-09-05 14:30:19,972 [pool-286-thread-1] INFO  server.RaftServerConfigKeys (ConfUtils.java:logGet(44)) - raft.server.leaderelection.leader.step-down.wait-time = 10s (default)
2021-09-05 14:30:19,972 [pool-286-thread-1] INFO  server.RaftServerConfigKeys (ConfUtils.java:logGet(44)) - raft.server.sleep.deviation.threshold = 300ms (default)
2021-09-05 14:30:19,972 [pool-286-thread-1] INFO  server.RaftServerConfigKeys (ConfUtils.java:logGet(44)) - raft.server.log.appender.install.snapshot.enabled = false (custom)
2021-09-05 14:30:19,972 [pool-286-thread-1] INFO  server.RaftServer$Division (ServerState.java:<init>(105)) - 73fc6282-bdcb-4a1d-9106-80b228a82791@group-29BFC1B0D5A0: ConfigurationManager, init=-1: [83398dfc-751f-4fe2-af5b-c65c8f1546c8|rpc:127.0.0.1:46795|dataStream:|priority:1, 6bbc5292-b6d7-424f-9a49-f587de829c2d|rpc:127.0.0.1:46659|dataStream:|priority:0, 73fc6282-bdcb-4a1d-9106-80b228a82791|rpc:127.0.0.1:46567|dataStream:|priority:0], old=null, confs=<EMPTY_MAP>
2021-09-05 14:30:19,972 [pool-286-thread-1] INFO  server.RaftServerConfigKeys (ConfUtils.java:logGet(44)) - raft.server.storage.dir = [/home/runner/work/ozone/ozone/hadoop-ozone/integration-test/target/test-dir/MiniOzoneClusterImpl-11ada6fe-a5c6-4827-8b3d-97db8748ad29/datanode-1/data/ratis] (custom)
2021-09-05 14:30:19,972 [pool-286-thread-1] INFO  server.RaftServerConfigKeys (ConfUtils.java:logGet(44)) - raft.server.log.corruption.policy = EXCEPTION (default)
2021-09-05 14:30:19,972 [pool-286-thread-1] INFO  server.RaftServerConfigKeys (ConfUtils.java:logGet(44)) - raft.server.storage.free-space.min = 0MB (=0) (default)
2021-09-05 14:30:19,972 [pool-286-thread-1] INFO  storage.RaftStorageDirectory (RaftStorageDirectoryImpl.java:analyzeStorage(135)) - The storage directory /home/runner/work/ozone/ozone/hadoop-ozone/integration-test/target/test-dir/MiniOzoneClusterImpl-11ada6fe-a5c6-4827-8b3d-97db8748ad29/datanode-1/data/ratis/2e6c9be7-a862-4614-98fa-29bfc1b0d5a0 does not exist. Creating ...
2021-09-05 14:30:19,974 [pool-286-thread-1] INFO  storage.RaftStorageDirectory (RaftStorageDirectoryImpl.java:tryLock(230)) - Lock on /home/runner/work/ozone/ozone/hadoop-ozone/integration-test/target/test-dir/MiniOzoneClusterImpl-11ada6fe-a5c6-4827-8b3d-97db8748ad29/datanode-1/data/ratis/2e6c9be7-a862-4614-98fa-29bfc1b0d5a0/in_use.lock acquired by nodename 23550@fv-az151-757
2021-09-05 14:30:19,976 [pool-286-thread-1] INFO  storage.RaftStorage (RaftStorageImpl.java:format(89)) - Storage directory /home/runner/work/ozone/ozone/hadoop-ozone/integration-test/target/test-dir/MiniOzoneClusterImpl-11ada6fe-a5c6-4827-8b3d-97db8748ad29/datanode-1/data/ratis/2e6c9be7-a862-4614-98fa-29bfc1b0d5a0 has been successfully formatted.
2021-09-05 14:30:19,976 [pool-286-thread-1] INFO  ratis.ContainerStateMachine (ContainerStateMachine.java:loadSnapshot(224)) - group-29BFC1B0D5A0: The snapshot info is null. Setting the last applied indexto:(t:0, i:~)
2021-09-05 14:30:19,980 [pool-286-thread-1] INFO  server.RaftServerConfigKeys (ConfUtils.java:logGet(44)) - raft.server.notification.no-leader.timeout = 300s (custom)
2021-09-05 14:30:19,980 [pool-286-thread-1] INFO  server.RaftServerConfigKeys (ConfUtils.java:logGet(44)) - raft.server.log.use.memory = false (default)
2021-09-05 14:30:19,980 [pool-286-thread-1] INFO  server.RaftServerConfigKeys (ConfUtils.java:logGet(44)) - raft.server.log.purge.gap = 1000000 (custom)
2021-09-05 14:30:19,980 [pool-286-thread-1] INFO  server.RaftServerConfigKeys (ConfUtils.java:logGet(44)) - raft.server.log.appender.buffer.byte-limit = 33554432 (custom)
2021-09-05 14:30:19,981 [pool-286-thread-1] INFO  server.RaftServerConfigKeys (ConfUtils.java:logGet(44)) - raft.server.log.segment.size.max = 1048576 (custom)
2021-09-05 14:30:19,981 [pool-286-thread-1] INFO  server.RaftServerConfigKeys (ConfUtils.java:logGet(44)) - raft.server.log.segment.cache.num.max = 2 (custom)
2021-09-05 14:30:19,981 [pool-286-thread-1] INFO  server.RaftServerConfigKeys (ConfUtils.java:logGet(44)) - raft.server.log.segment.cache.size.max = 200MB (=209715200) (default)
2021-09-05 14:30:19,981 [pool-286-thread-1] INFO  segmented.SegmentedRaftLogWorker (SegmentedRaftLogWorker.java:<init>(182)) - new 73fc6282-bdcb-4a1d-9106-80b228a82791@group-29BFC1B0D5A0-SegmentedRaftLogWorker for RaftStorageImpl:Storage Directory /home/runner/work/ozone/ozone/hadoop-ozone/integration-test/target/test-dir/MiniOzoneClusterImpl-11ada6fe-a5c6-4827-8b3d-97db8748ad29/datanode-1/data/ratis/2e6c9be7-a862-4614-98fa-29bfc1b0d5a0
2021-09-05 14:30:19,981 [pool-286-thread-1] INFO  server.RaftServerConfigKeys (ConfUtils.java:logGet(44)) - raft.server.log.queue.byte-limit = 2147483647 (custom)
2021-09-05 14:30:19,981 [pool-286-thread-1] INFO  server.RaftServerConfigKeys (ConfUtils.java:logGet(44)) - raft.server.log.queue.element-limit = 1024 (custom)
2021-09-05 14:30:19,981 [pool-286-thread-1] INFO  server.RaftServerConfigKeys (ConfUtils.java:logGet(44)) - raft.server.log.segment.size.max = 1048576 (custom)
2021-09-05 14:30:19,982 [pool-286-thread-1] INFO  server.RaftServerConfigKeys (ConfUtils.java:logGet(44)) - raft.server.log.preallocated.size = 16384 (custom)
2021-09-05 14:30:19,982 [pool-286-thread-1] INFO  server.RaftServerConfigKeys (ConfUtils.java:logGet(44)) - raft.server.log.force.sync.num = 128 (default)
2021-09-05 14:30:19,982 [pool-286-thread-1] INFO  server.RaftServerConfigKeys (ConfUtils.java:logGet(44)) - raft.server.log.statemachine.data.sync = true (default)
2021-09-05 14:30:19,982 [pool-286-thread-1] INFO  server.RaftServerConfigKeys (ConfUtils.java:logGet(44)) - raft.server.log.statemachine.data.sync.timeout = 10s (default)
2021-09-05 14:30:19,982 [pool-286-thread-1] INFO  server.RaftServerConfigKeys (ConfUtils.java:logGet(44)) - raft.server.log.statemachine.data.sync.timeout.retry = -1 (default)
2021-09-05 14:30:19,983 [pool-286-thread-1] INFO  server.RaftServerConfigKeys (ConfUtils.java:logGet(44)) - raft.server.log.write.buffer.size = 1048576 (custom)
2021-09-05 14:30:19,989 [pool-286-thread-1] INFO  server.RaftServerConfigKeys (ConfUtils.java:logGet(44)) - raft.server.log.statemachine.data.caching.enabled = true (custom)
2021-09-05 14:30:19,989 [pool-286-thread-1] INFO  segmented.SegmentedRaftLogWorker (SegmentedRaftLogWorker.java:lambda$new$0(133)) - 73fc6282-bdcb-4a1d-9106-80b228a82791@group-29BFC1B0D5A0-SegmentedRaftLogWorker: flushIndex: setUnconditionally 0 -> -1
2021-09-05 14:30:19,990 [pool-286-thread-1] INFO  segmented.SegmentedRaftLogWorker (SegmentedRaftLogWorker.java:lambda$new$0(133)) - 73fc6282-bdcb-4a1d-9106-80b228a82791@group-29BFC1B0D5A0-SegmentedRaftLogWorker: safeCacheEvictIndex: setUnconditionally 0 -> -1
2021-09-05 14:30:20,005 [pool-286-thread-1] INFO  server.RaftServerConfigKeys (ConfUtils.java:logGet(44)) - raft.server.snapshot.auto.trigger.enabled = true (custom)
2021-09-05 14:30:20,005 [pool-286-thread-1] INFO  server.RaftServerConfigKeys (ConfUtils.java:logGet(44)) - raft.server.snapshot.auto.trigger.threshold = 10000 (custom)
2021-09-05 14:30:20,005 [pool-286-thread-1] INFO  server.RaftServerConfigKeys (ConfUtils.java:logGet(44)) - raft.server.snapshot.retention.file.num = 5 (custom)
2021-09-05 14:30:20,005 [pool-286-thread-1] INFO  server.RaftServerConfigKeys (ConfUtils.java:logGet(44)) - raft.server.log.purge.upto.snapshot.index = false (default)
2021-09-05 14:30:20,005 [pool-286-thread-1] INFO  server.RaftServerConfigKeys (ConfUtils.java:logGet(44)) - raft.server.retrycache.expirytime = 600000ms (custom)
2021-09-05 14:30:20,005 [pool-286-thread-1] INFO  server.RaftServerConfigKeys (ConfUtils.java:logGet(44)) - raft.server.retrycache.statistics.expirytime = 100μs (default)
2021-09-05 14:30:20,007 [pool-286-thread-1] INFO  server.RaftServer$Division (RaftServerImpl.java:start(296)) - 73fc6282-bdcb-4a1d-9106-80b228a82791@group-29BFC1B0D5A0: start as a follower, conf=-1: [83398dfc-751f-4fe2-af5b-c65c8f1546c8|rpc:127.0.0.1:46795|dataStream:|priority:1, 6bbc5292-b6d7-424f-9a49-f587de829c2d|rpc:127.0.0.1:46659|dataStream:|priority:0, 73fc6282-bdcb-4a1d-9106-80b228a82791|rpc:127.0.0.1:46567|dataStream:|priority:0], old=null
2021-09-05 14:30:20,007 [pool-286-thread-1] INFO  server.RaftServer$Division (RaftServerImpl.java:setRole(285)) - 73fc6282-bdcb-4a1d-9106-80b228a82791@group-29BFC1B0D5A0: changes role from      null to FOLLOWER at term 0 for startAsFollower
2021-09-05 14:30:20,007 [pool-286-thread-1] INFO  impl.RoleInfo (RoleInfo.java:updateAndGet(130)) - 73fc6282-bdcb-4a1d-9106-80b228a82791: start 73fc6282-bdcb-4a1d-9106-80b228a82791@group-29BFC1B0D5A0-FollowerState
2021-09-05 14:30:20,020 [pool-286-thread-1] INFO  util.JmxRegister (JmxRegister.java:tryRegister(44)) - Successfully registered JMX Bean with object name Ratis:service=RaftServer,group=group-29BFC1B0D5A0,id=73fc6282-bdcb-4a1d-9106-80b228a82791
2021-09-05 14:30:20,058 [Command processor thread] INFO  commandhandler.CreatePipelineCommandHandler (CreatePipelineCommandHandler.java:handle(106)) - Created Pipeline RATIS THREE PipelineID=2e6c9be7-a862-4614-98fa-29bfc1b0d5a0.
2021-09-05 14:30:20,058 [Command processor thread] INFO  server.RaftServer (RaftServerProxy.java:addNew(95)) - 83398dfc-751f-4fe2-af5b-c65c8f1546c8: addNew group-9AB55F00ACC5:[83398dfc-751f-4fe2-af5b-c65c8f1546c8|rpc:127.0.0.1:46795|priority:0, 6bbc5292-b6d7-424f-9a49-f587de829c2d|rpc:127.0.0.1:46659|priority:0, 73fc6282-bdcb-4a1d-9106-80b228a82791|rpc:127.0.0.1:46567|priority:1] returns group-9AB55F00ACC5:java.util.concurrent.CompletableFuture@8d0f329[Not completed]
2021-09-05 14:30:20,059 [pool-265-thread-1] INFO  server.RaftServer$Division (RaftServerImpl.java:<init>(181)) - 83398dfc-751f-4fe2-af5b-c65c8f1546c8: new RaftServerImpl for group-9AB55F00ACC5:[83398dfc-751f-4fe2-af5b-c65c8f1546c8|rpc:127.0.0.1:46795|priority:0, 6bbc5292-b6d7-424f-9a49-f587de829c2d|rpc:127.0.0.1:46659|priority:0, 73fc6282-bdcb-4a1d-9106-80b228a82791|rpc:127.0.0.1:46567|priority:1] with ContainerStateMachine:uninitialized
2021-09-05 14:30:20,059 [pool-265-thread-1] INFO  server.RaftServerConfigKeys (ConfUtils.java:logGet(44)) - raft.server.rpc.timeout.min = 5s (custom)
2021-09-05 14:30:20,060 [pool-265-thread-1] INFO  server.RaftServerConfigKeys (ConfUtils.java:logGet(44)) - raft.server.rpc.timeout.max = 5200ms (custom)
2021-09-05 14:30:20,060 [pool-265-thread-1] INFO  server.RaftServerConfigKeys (ConfUtils.java:logGet(44)) - raft.server.rpc.sleep.time = 25ms (default)
2021-09-05 14:30:20,060 [pool-265-thread-1] INFO  server.RaftServerConfigKeys (ConfUtils.java:logGet(44)) - raft.server.rpc.slowness.timeout = 300s (custom)
2021-09-05 14:30:20,060 [pool-265-thread-1] INFO  server.RaftServerConfigKeys (ConfUtils.java:logGet(44)) - raft.server.leaderelection.leader.step-down.wait-time = 10s (default)
2021-09-05 14:30:20,060 [pool-265-thread-1] INFO  server.RaftServerConfigKeys (ConfUtils.java:logGet(44)) - raft.server.sleep.deviation.threshold = 300ms (default)
2021-09-05 14:30:20,060 [pool-265-thread-1] INFO  server.RaftServerConfigKeys (ConfUtils.java:logGet(44)) - raft.server.log.appender.install.snapshot.enabled = false (custom)
2021-09-05 14:30:20,060 [pool-265-thread-1] INFO  server.RaftServer$Division (ServerState.java:<init>(105)) - 83398dfc-751f-4fe2-af5b-c65c8f1546c8@group-9AB55F00ACC5: ConfigurationManager, init=-1: [83398dfc-751f-4fe2-af5b-c65c8f1546c8|rpc:127.0.0.1:46795|priority:0, 6bbc5292-b6d7-424f-9a49-f587de829c2d|rpc:127.0.0.1:46659|priority:0, 73fc6282-bdcb-4a1d-9106-80b228a82791|rpc:127.0.0.1:46567|priority:1], old=null, confs=<EMPTY_MAP>
2021-09-05 14:30:20,060 [pool-265-thread-1] INFO  server.RaftServerConfigKeys (ConfUtils.java:logGet(44)) - raft.server.storage.dir = [/home/runner/work/ozone/ozone/hadoop-ozone/integration-test/target/test-dir/MiniOzoneClusterImpl-11ada6fe-a5c6-4827-8b3d-97db8748ad29/datanode-0/data/ratis] (custom)
2021-09-05 14:30:20,060 [pool-265-thread-1] INFO  server.RaftServerConfigKeys (ConfUtils.java:logGet(44)) - raft.server.log.corruption.policy = EXCEPTION (default)
2021-09-05 14:30:20,060 [pool-265-thread-1] INFO  server.RaftServerConfigKeys (ConfUtils.java:logGet(44)) - raft.server.storage.free-space.min = 0MB (=0) (default)
2021-09-05 14:30:20,060 [pool-265-thread-1] INFO  storage.RaftStorageDirectory (RaftStorageDirectoryImpl.java:analyzeStorage(135)) - The storage directory /home/runner/work/ozone/ozone/hadoop-ozone/integration-test/target/test-dir/MiniOzoneClusterImpl-11ada6fe-a5c6-4827-8b3d-97db8748ad29/datanode-0/data/ratis/7903d46d-ad54-4c27-a6ea-9ab55f00acc5 does not exist. Creating ...
2021-09-05 14:30:20,062 [pool-265-thread-1] INFO  storage.RaftStorageDirectory (RaftStorageDirectoryImpl.java:tryLock(230)) - Lock on /home/runner/work/ozone/ozone/hadoop-ozone/integration-test/target/test-dir/MiniOzoneClusterImpl-11ada6fe-a5c6-4827-8b3d-97db8748ad29/datanode-0/data/ratis/7903d46d-ad54-4c27-a6ea-9ab55f00acc5/in_use.lock acquired by nodename 23550@fv-az151-757
2021-09-05 14:30:20,063 [pool-265-thread-1] INFO  storage.RaftStorage (RaftStorageImpl.java:format(89)) - Storage directory /home/runner/work/ozone/ozone/hadoop-ozone/integration-test/target/test-dir/MiniOzoneClusterImpl-11ada6fe-a5c6-4827-8b3d-97db8748ad29/datanode-0/data/ratis/7903d46d-ad54-4c27-a6ea-9ab55f00acc5 has been successfully formatted.
2021-09-05 14:30:20,064 [pool-265-thread-1] INFO  ratis.ContainerStateMachine (ContainerStateMachine.java:loadSnapshot(224)) - group-9AB55F00ACC5: The snapshot info is null. Setting the last applied indexto:(t:0, i:~)
2021-09-05 14:30:20,064 [pool-265-thread-1] INFO  server.RaftServerConfigKeys (ConfUtils.java:logGet(44)) - raft.server.notification.no-leader.timeout = 300s (custom)
2021-09-05 14:30:20,064 [pool-265-thread-1] INFO  server.RaftServerConfigKeys (ConfUtils.java:logGet(44)) - raft.server.log.use.memory = false (default)
2021-09-05 14:30:20,064 [pool-265-thread-1] INFO  server.RaftServerConfigKeys (ConfUtils.java:logGet(44)) - raft.server.log.purge.gap = 1000000 (custom)
2021-09-05 14:30:20,065 [pool-265-thread-1] INFO  server.RaftServerConfigKeys (ConfUtils.java:logGet(44)) - raft.server.log.appender.buffer.byte-limit = 33554432 (custom)
2021-09-05 14:30:20,065 [pool-265-thread-1] INFO  server.RaftServerConfigKeys (ConfUtils.java:logGet(44)) - raft.server.log.segment.size.max = 1048576 (custom)
2021-09-05 14:30:20,065 [EventQueue-OpenPipelineForHealthyPipelineSafeModeRule] INFO  safemode.SCMSafeModeManager (HealthyPipelineSafeModeRule.java:process(124)) - SCM in safe mode. Healthy pipelines reported count is 0, required healthy pipeline reported count is 1
2021-09-05 14:30:20,066 [pool-265-thread-1] INFO  server.RaftServerConfigKeys (ConfUtils.java:logGet(44)) - raft.server.log.segment.cache.num.max = 2 (custom)
2021-09-05 14:30:20,066 [pool-265-thread-1] INFO  server.RaftServerConfigKeys (ConfUtils.java:logGet(44)) - raft.server.log.segment.cache.size.max = 200MB (=209715200) (default)
2021-09-05 14:30:20,066 [pool-265-thread-1] INFO  segmented.SegmentedRaftLogWorker (SegmentedRaftLogWorker.java:<init>(182)) - new 83398dfc-751f-4fe2-af5b-c65c8f1546c8@group-9AB55F00ACC5-SegmentedRaftLogWorker for RaftStorageImpl:Storage Directory /home/runner/work/ozone/ozone/hadoop-ozone/integration-test/target/test-dir/MiniOzoneClusterImpl-11ada6fe-a5c6-4827-8b3d-97db8748ad29/datanode-0/data/ratis/7903d46d-ad54-4c27-a6ea-9ab55f00acc5
2021-09-05 14:30:20,066 [pool-265-thread-1] INFO  server.RaftServerConfigKeys (ConfUtils.java:logGet(44)) - raft.server.log.queue.byte-limit = 2147483647 (custom)
2021-09-05 14:30:20,066 [pool-265-thread-1] INFO  server.RaftServerConfigKeys (ConfUtils.java:logGet(44)) - raft.server.log.queue.element-limit = 1024 (custom)
2021-09-05 14:30:20,066 [pool-265-thread-1] INFO  server.RaftServerConfigKeys (ConfUtils.java:logGet(44)) - raft.server.log.segment.size.max = 1048576 (custom)
2021-09-05 14:30:20,066 [pool-265-thread-1] INFO  server.RaftServerConfigKeys (ConfUtils.java:logGet(44)) - raft.server.log.preallocated.size = 16384 (custom)
2021-09-05 14:30:20,066 [pool-265-thread-1] INFO  server.RaftServerConfigKeys (ConfUtils.java:logGet(44)) - raft.server.log.force.sync.num = 128 (default)
2021-09-05 14:30:20,066 [pool-265-thread-1] INFO  server.RaftServerConfigKeys (ConfUtils.java:logGet(44)) - raft.server.log.statemachine.data.sync = true (default)
2021-09-05 14:30:20,066 [pool-265-thread-1] INFO  server.RaftServerConfigKeys (ConfUtils.java:logGet(44)) - raft.server.log.statemachine.data.sync.timeout = 10s (default)
2021-09-05 14:30:20,066 [pool-265-thread-1] INFO  server.RaftServerConfigKeys (ConfUtils.java:logGet(44)) - raft.server.log.statemachine.data.sync.timeout.retry = -1 (default)
2021-09-05 14:30:20,074 [pool-265-thread-1] INFO  server.RaftServerConfigKeys (ConfUtils.java:logGet(44)) - raft.server.log.write.buffer.size = 1048576 (custom)
2021-09-05 14:30:20,074 [pool-265-thread-1] INFO  server.RaftServerConfigKeys (ConfUtils.java:logGet(44)) - raft.server.log.statemachine.data.caching.enabled = true (custom)
2021-09-05 14:30:20,077 [pool-265-thread-1] INFO  segmented.SegmentedRaftLogWorker (SegmentedRaftLogWorker.java:lambda$new$0(133)) - 83398dfc-751f-4fe2-af5b-c65c8f1546c8@group-9AB55F00ACC5-SegmentedRaftLogWorker: flushIndex: setUnconditionally 0 -> -1
2021-09-05 14:30:20,077 [pool-265-thread-1] INFO  segmented.SegmentedRaftLogWorker (SegmentedRaftLogWorker.java:lambda$new$0(133)) - 83398dfc-751f-4fe2-af5b-c65c8f1546c8@group-9AB55F00ACC5-SegmentedRaftLogWorker: safeCacheEvictIndex: setUnconditionally 0 -> -1
2021-09-05 14:30:20,082 [pool-265-thread-1] INFO  server.RaftServerConfigKeys (ConfUtils.java:logGet(44)) - raft.server.snapshot.auto.trigger.enabled = true (custom)
2021-09-05 14:30:20,082 [pool-265-thread-1] INFO  server.RaftServerConfigKeys (ConfUtils.java:logGet(44)) - raft.server.snapshot.auto.trigger.threshold = 10000 (custom)
2021-09-05 14:30:20,082 [pool-265-thread-1] INFO  server.RaftServerConfigKeys (ConfUtils.java:logGet(44)) - raft.server.snapshot.retention.file.num = 5 (custom)
2021-09-05 14:30:20,082 [pool-265-thread-1] INFO  server.RaftServerConfigKeys (ConfUtils.java:logGet(44)) - raft.server.log.purge.upto.snapshot.index = false (default)
2021-09-05 14:30:20,082 [pool-265-thread-1] INFO  server.RaftServerConfigKeys (ConfUtils.java:logGet(44)) - raft.server.retrycache.expirytime = 600000ms (custom)
2021-09-05 14:30:20,082 [pool-265-thread-1] INFO  server.RaftServerConfigKeys (ConfUtils.java:logGet(44)) - raft.server.retrycache.statistics.expirytime = 100μs (default)
2021-09-05 14:30:20,083 [pool-265-thread-1] INFO  server.RaftServer$Division (RaftServerImpl.java:start(296)) - 83398dfc-751f-4fe2-af5b-c65c8f1546c8@group-9AB55F00ACC5: start as a follower, conf=-1: [83398dfc-751f-4fe2-af5b-c65c8f1546c8|rpc:127.0.0.1:46795|priority:0, 6bbc5292-b6d7-424f-9a49-f587de829c2d|rpc:127.0.0.1:46659|priority:0, 73fc6282-bdcb-4a1d-9106-80b228a82791|rpc:127.0.0.1:46567|priority:1], old=null
2021-09-05 14:30:20,084 [pool-265-thread-1] INFO  server.RaftServer$Division (RaftServerImpl.java:setRole(285)) - 83398dfc-751f-4fe2-af5b-c65c8f1546c8@group-9AB55F00ACC5: changes role from      null to FOLLOWER at term 0 for startAsFollower
2021-09-05 14:30:20,084 [pool-265-thread-1] INFO  impl.RoleInfo (RoleInfo.java:updateAndGet(130)) - 83398dfc-751f-4fe2-af5b-c65c8f1546c8: start 83398dfc-751f-4fe2-af5b-c65c8f1546c8@group-9AB55F00ACC5-FollowerState
2021-09-05 14:30:20,089 [pool-265-thread-1] INFO  util.JmxRegister (JmxRegister.java:tryRegister(44)) - Successfully registered JMX Bean with object name Ratis:service=RaftServer,group=group-9AB55F00ACC5,id=83398dfc-751f-4fe2-af5b-c65c8f1546c8
2021-09-05 14:30:20,090 [Command processor thread] INFO  ratis.XceiverServerRatis (XceiverServerRatis.java:addGroup(763)) - Created group PipelineID=7903d46d-ad54-4c27-a6ea-9ab55f00acc5
2021-09-05 14:30:20,109 [grpc-default-executor-1] INFO  server.RaftServer (RaftServerProxy.java:addNew(95)) - 73fc6282-bdcb-4a1d-9106-80b228a82791: addNew group-9AB55F00ACC5:[83398dfc-751f-4fe2-af5b-c65c8f1546c8|rpc:127.0.0.1:46795|dataStream:|priority:0, 6bbc5292-b6d7-424f-9a49-f587de829c2d|rpc:127.0.0.1:46659|dataStream:|priority:0, 73fc6282-bdcb-4a1d-9106-80b228a82791|rpc:127.0.0.1:46567|dataStream:|priority:1] returns group-9AB55F00ACC5:java.util.concurrent.CompletableFuture@5c61fb78[Not completed]
2021-09-05 14:30:20,109 [pool-286-thread-1] INFO  server.RaftServer$Division (RaftServerImpl.java:<init>(181)) - 73fc6282-bdcb-4a1d-9106-80b228a82791: new RaftServerImpl for group-9AB55F00ACC5:[83398dfc-751f-4fe2-af5b-c65c8f1546c8|rpc:127.0.0.1:46795|dataStream:|priority:0, 6bbc5292-b6d7-424f-9a49-f587de829c2d|rpc:127.0.0.1:46659|dataStream:|priority:0, 73fc6282-bdcb-4a1d-9106-80b228a82791|rpc:127.0.0.1:46567|dataStream:|priority:1] with ContainerStateMachine:uninitialized
2021-09-05 14:30:20,110 [pool-286-thread-1] INFO  server.RaftServerConfigKeys (ConfUtils.java:logGet(44)) - raft.server.rpc.timeout.min = 5s (custom)
2021-09-05 14:30:20,110 [pool-286-thread-1] INFO  server.RaftServerConfigKeys (ConfUtils.java:logGet(44)) - raft.server.rpc.timeout.max = 5200ms (custom)
2021-09-05 14:30:20,110 [pool-286-thread-1] INFO  server.RaftServerConfigKeys (ConfUtils.java:logGet(44)) - raft.server.rpc.sleep.time = 25ms (default)
2021-09-05 14:30:20,110 [pool-286-thread-1] INFO  server.RaftServerConfigKeys (ConfUtils.java:logGet(44)) - raft.server.rpc.slowness.timeout = 300s (custom)
2021-09-05 14:30:20,110 [pool-286-thread-1] INFO  server.RaftServerConfigKeys (ConfUtils.java:logGet(44)) - raft.server.leaderelection.leader.step-down.wait-time = 10s (default)
2021-09-05 14:30:20,110 [pool-286-thread-1] INFO  server.RaftServerConfigKeys (ConfUtils.java:logGet(44)) - raft.server.sleep.deviation.threshold = 300ms (default)
2021-09-05 14:30:20,110 [pool-286-thread-1] INFO  server.RaftServerConfigKeys (ConfUtils.java:logGet(44)) - raft.server.log.appender.install.snapshot.enabled = false (custom)
2021-09-05 14:30:20,110 [pool-286-thread-1] INFO  server.RaftServer$Division (ServerState.java:<init>(105)) - 73fc6282-bdcb-4a1d-9106-80b228a82791@group-9AB55F00ACC5: ConfigurationManager, init=-1: [83398dfc-751f-4fe2-af5b-c65c8f1546c8|rpc:127.0.0.1:46795|dataStream:|priority:0, 6bbc5292-b6d7-424f-9a49-f587de829c2d|rpc:127.0.0.1:46659|dataStream:|priority:0, 73fc6282-bdcb-4a1d-9106-80b228a82791|rpc:127.0.0.1:46567|dataStream:|priority:1], old=null, confs=<EMPTY_MAP>
2021-09-05 14:30:20,110 [pool-286-thread-1] INFO  server.RaftServerConfigKeys (ConfUtils.java:logGet(44)) - raft.server.storage.dir = [/home/runner/work/ozone/ozone/hadoop-ozone/integration-test/target/test-dir/MiniOzoneClusterImpl-11ada6fe-a5c6-4827-8b3d-97db8748ad29/datanode-1/data/ratis] (custom)
2021-09-05 14:30:20,110 [pool-286-thread-1] INFO  server.RaftServerConfigKeys (ConfUtils.java:logGet(44)) - raft.server.log.corruption.policy = EXCEPTION (default)
2021-09-05 14:30:20,110 [pool-286-thread-1] INFO  server.RaftServerConfigKeys (ConfUtils.java:logGet(44)) - raft.server.storage.free-space.min = 0MB (=0) (default)
2021-09-05 14:30:20,110 [pool-286-thread-1] INFO  storage.RaftStorageDirectory (RaftStorageDirectoryImpl.java:analyzeStorage(135)) - The storage directory /home/runner/work/ozone/ozone/hadoop-ozone/integration-test/target/test-dir/MiniOzoneClusterImpl-11ada6fe-a5c6-4827-8b3d-97db8748ad29/datanode-1/data/ratis/7903d46d-ad54-4c27-a6ea-9ab55f00acc5 does not exist. Creating ...
2021-09-05 14:30:20,112 [pool-286-thread-1] INFO  storage.RaftStorageDirectory (RaftStorageDirectoryImpl.java:tryLock(230)) - Lock on /home/runner/work/ozone/ozone/hadoop-ozone/integration-test/target/test-dir/MiniOzoneClusterImpl-11ada6fe-a5c6-4827-8b3d-97db8748ad29/datanode-1/data/ratis/7903d46d-ad54-4c27-a6ea-9ab55f00acc5/in_use.lock acquired by nodename 23550@fv-az151-757
2021-09-05 14:30:20,114 [pool-286-thread-1] INFO  storage.RaftStorage (RaftStorageImpl.java:format(89)) - Storage directory /home/runner/work/ozone/ozone/hadoop-ozone/integration-test/target/test-dir/MiniOzoneClusterImpl-11ada6fe-a5c6-4827-8b3d-97db8748ad29/datanode-1/data/ratis/7903d46d-ad54-4c27-a6ea-9ab55f00acc5 has been successfully formatted.
2021-09-05 14:30:20,114 [pool-286-thread-1] INFO  ratis.ContainerStateMachine (ContainerStateMachine.java:loadSnapshot(224)) - group-9AB55F00ACC5: The snapshot info is null. Setting the last applied indexto:(t:0, i:~)
2021-09-05 14:30:20,114 [pool-286-thread-1] INFO  server.RaftServerConfigKeys (ConfUtils.java:logGet(44)) - raft.server.notification.no-leader.timeout = 300s (custom)
2021-09-05 14:30:20,114 [pool-286-thread-1] INFO  server.RaftServerConfigKeys (ConfUtils.java:logGet(44)) - raft.server.log.use.memory = false (default)
2021-09-05 14:30:20,114 [pool-286-thread-1] INFO  server.RaftServerConfigKeys (ConfUtils.java:logGet(44)) - raft.server.log.purge.gap = 1000000 (custom)
2021-09-05 14:30:20,115 [pool-286-thread-1] INFO  server.RaftServerConfigKeys (ConfUtils.java:logGet(44)) - raft.server.log.appender.buffer.byte-limit = 33554432 (custom)
2021-09-05 14:30:20,115 [pool-286-thread-1] INFO  server.RaftServerConfigKeys (ConfUtils.java:logGet(44)) - raft.server.log.segment.size.max = 1048576 (custom)
2021-09-05 14:30:20,115 [pool-286-thread-1] INFO  server.RaftServerConfigKeys (ConfUtils.java:logGet(44)) - raft.server.log.segment.cache.num.max = 2 (custom)
2021-09-05 14:30:20,115 [pool-286-thread-1] INFO  server.RaftServerConfigKeys (ConfUtils.java:logGet(44)) - raft.server.log.segment.cache.size.max = 200MB (=209715200) (default)
2021-09-05 14:30:20,115 [pool-286-thread-1] INFO  segmented.SegmentedRaftLogWorker (SegmentedRaftLogWorker.java:<init>(182)) - new 73fc6282-bdcb-4a1d-9106-80b228a82791@group-9AB55F00ACC5-SegmentedRaftLogWorker for RaftStorageImpl:Storage Directory /home/runner/work/ozone/ozone/hadoop-ozone/integration-test/target/test-dir/MiniOzoneClusterImpl-11ada6fe-a5c6-4827-8b3d-97db8748ad29/datanode-1/data/ratis/7903d46d-ad54-4c27-a6ea-9ab55f00acc5
2021-09-05 14:30:20,115 [pool-286-thread-1] INFO  server.RaftServerConfigKeys (ConfUtils.java:logGet(44)) - raft.server.log.queue.byte-limit = 2147483647 (custom)
2021-09-05 14:30:20,115 [pool-286-thread-1] INFO  server.RaftServerConfigKeys (ConfUtils.java:logGet(44)) - raft.server.log.queue.element-limit = 1024 (custom)
2021-09-05 14:30:20,115 [pool-286-thread-1] INFO  server.RaftServerConfigKeys (ConfUtils.java:logGet(44)) - raft.server.log.segment.size.max = 1048576 (custom)
2021-09-05 14:30:20,115 [pool-286-thread-1] INFO  server.RaftServerConfigKeys (ConfUtils.java:logGet(44)) - raft.server.log.preallocated.size = 16384 (custom)
2021-09-05 14:30:20,115 [pool-286-thread-1] INFO  server.RaftServerConfigKeys (ConfUtils.java:logGet(44)) - raft.server.log.force.sync.num = 128 (default)
2021-09-05 14:30:20,115 [pool-286-thread-1] INFO  server.RaftServerConfigKeys (ConfUtils.java:logGet(44)) - raft.server.log.statemachine.data.sync = true (default)
2021-09-05 14:30:20,116 [pool-286-thread-1] INFO  server.RaftServerConfigKeys (ConfUtils.java:logGet(44)) - raft.server.log.statemachine.data.sync.timeout = 10s (default)
2021-09-05 14:30:20,116 [pool-286-thread-1] INFO  server.RaftServerConfigKeys (ConfUtils.java:logGet(44)) - raft.server.log.statemachine.data.sync.timeout.retry = -1 (default)
2021-09-05 14:30:20,116 [pool-286-thread-1] INFO  server.RaftServerConfigKeys (ConfUtils.java:logGet(44)) - raft.server.log.write.buffer.size = 1048576 (custom)
2021-09-05 14:30:20,117 [pool-286-thread-1] INFO  server.RaftServerConfigKeys (ConfUtils.java:logGet(44)) - raft.server.log.statemachine.data.caching.enabled = true (custom)
2021-09-05 14:30:20,117 [pool-286-thread-1] INFO  segmented.SegmentedRaftLogWorker (SegmentedRaftLogWorker.java:lambda$new$0(133)) - 73fc6282-bdcb-4a1d-9106-80b228a82791@group-9AB55F00ACC5-SegmentedRaftLogWorker: flushIndex: setUnconditionally 0 -> -1
2021-09-05 14:30:20,117 [pool-286-thread-1] INFO  segmented.SegmentedRaftLogWorker (SegmentedRaftLogWorker.java:lambda$new$0(133)) - 73fc6282-bdcb-4a1d-9106-80b228a82791@group-9AB55F00ACC5-SegmentedRaftLogWorker: safeCacheEvictIndex: setUnconditionally 0 -> -1
2021-09-05 14:30:20,117 [Command processor thread] INFO  server.RaftServer (RaftServerProxy.java:addNew(95)) - 73fc6282-bdcb-4a1d-9106-80b228a82791: addNew group-4BBEBFCD8F1A:[73fc6282-bdcb-4a1d-9106-80b228a82791|rpc:127.0.0.1:46567|priority:1] returns group-4BBEBFCD8F1A:java.util.concurrent.CompletableFuture@3ce3666e[Not completed]
2021-09-05 14:30:20,132 [pool-286-thread-1] INFO  server.RaftServerConfigKeys (ConfUtils.java:logGet(44)) - raft.server.snapshot.auto.trigger.enabled = true (custom)
2021-09-05 14:30:20,132 [pool-286-thread-1] INFO  server.RaftServerConfigKeys (ConfUtils.java:logGet(44)) - raft.server.snapshot.auto.trigger.threshold = 10000 (custom)
2021-09-05 14:30:20,132 [pool-286-thread-1] INFO  server.RaftServerConfigKeys (ConfUtils.java:logGet(44)) - raft.server.snapshot.retention.file.num = 5 (custom)
2021-09-05 14:30:20,132 [pool-286-thread-1] INFO  server.RaftServerConfigKeys (ConfUtils.java:logGet(44)) - raft.server.log.purge.upto.snapshot.index = false (default)
2021-09-05 14:30:20,133 [pool-286-thread-1] INFO  server.RaftServerConfigKeys (ConfUtils.java:logGet(44)) - raft.server.retrycache.expirytime = 600000ms (custom)
2021-09-05 14:30:20,133 [pool-286-thread-1] INFO  server.RaftServerConfigKeys (ConfUtils.java:logGet(44)) - raft.server.retrycache.statistics.expirytime = 100μs (default)
2021-09-05 14:30:20,136 [pool-286-thread-1] INFO  server.RaftServer$Division (RaftServerImpl.java:<init>(181)) - 73fc6282-bdcb-4a1d-9106-80b228a82791: new RaftServerImpl for group-4BBEBFCD8F1A:[73fc6282-bdcb-4a1d-9106-80b228a82791|rpc:127.0.0.1:46567|priority:1] with ContainerStateMachine:uninitialized
2021-09-05 14:30:20,136 [pool-286-thread-1] INFO  server.RaftServerConfigKeys (ConfUtils.java:logGet(44)) - raft.server.rpc.timeout.min = 5s (custom)
2021-09-05 14:30:20,136 [pool-286-thread-1] INFO  server.RaftServerConfigKeys (ConfUtils.java:logGet(44)) - raft.server.rpc.timeout.max = 5200ms (custom)
2021-09-05 14:30:20,136 [pool-286-thread-1] INFO  server.RaftServerConfigKeys (ConfUtils.java:logGet(44)) - raft.server.rpc.sleep.time = 25ms (default)
2021-09-05 14:30:20,136 [pool-286-thread-1] INFO  server.RaftServerConfigKeys (ConfUtils.java:logGet(44)) - raft.server.rpc.slowness.timeout = 300s (custom)
2021-09-05 14:30:20,136 [pool-286-thread-1] INFO  server.RaftServerConfigKeys (ConfUtils.java:logGet(44)) - raft.server.leaderelection.leader.step-down.wait-time = 10s (default)
2021-09-05 14:30:20,136 [pool-286-thread-1] INFO  server.RaftServerConfigKeys (ConfUtils.java:logGet(44)) - raft.server.sleep.deviation.threshold = 300ms (default)
2021-09-05 14:30:20,136 [pool-286-thread-1] INFO  server.RaftServerConfigKeys (ConfUtils.java:logGet(44)) - raft.server.log.appender.install.snapshot.enabled = false (custom)
2021-09-05 14:30:20,136 [pool-286-thread-1] INFO  server.RaftServer$Division (ServerState.java:<init>(105)) - 73fc6282-bdcb-4a1d-9106-80b228a82791@group-4BBEBFCD8F1A: ConfigurationManager, init=-1: [73fc6282-bdcb-4a1d-9106-80b228a82791|rpc:127.0.0.1:46567|priority:1], old=null, confs=<EMPTY_MAP>
2021-09-05 14:30:20,136 [pool-286-thread-1] INFO  server.RaftServerConfigKeys (ConfUtils.java:logGet(44)) - raft.server.storage.dir = [/home/runner/work/ozone/ozone/hadoop-ozone/integration-test/target/test-dir/MiniOzoneClusterImpl-11ada6fe-a5c6-4827-8b3d-97db8748ad29/datanode-1/data/ratis] (custom)
2021-09-05 14:30:20,136 [pool-286-thread-1] INFO  server.RaftServerConfigKeys (ConfUtils.java:logGet(44)) - raft.server.log.corruption.policy = EXCEPTION (default)
2021-09-05 14:30:20,136 [pool-286-thread-1] INFO  server.RaftServerConfigKeys (ConfUtils.java:logGet(44)) - raft.server.storage.free-space.min = 0MB (=0) (default)
2021-09-05 14:30:20,137 [pool-286-thread-1] INFO  storage.RaftStorageDirectory (RaftStorageDirectoryImpl.java:analyzeStorage(135)) - The storage directory /home/runner/work/ozone/ozone/hadoop-ozone/integration-test/target/test-dir/MiniOzoneClusterImpl-11ada6fe-a5c6-4827-8b3d-97db8748ad29/datanode-1/data/ratis/d0e0d78f-502a-4f12-babe-4bbebfcd8f1a does not exist. Creating ...
2021-09-05 14:30:20,137 [pool-286-thread-1] INFO  storage.RaftStorageDirectory (RaftStorageDirectoryImpl.java:tryLock(230)) - Lock on /home/runner/work/ozone/ozone/hadoop-ozone/integration-test/target/test-dir/MiniOzoneClusterImpl-11ada6fe-a5c6-4827-8b3d-97db8748ad29/datanode-1/data/ratis/d0e0d78f-502a-4f12-babe-4bbebfcd8f1a/in_use.lock acquired by nodename 23550@fv-az151-757
2021-09-05 14:30:20,138 [pool-286-thread-1] INFO  storage.RaftStorage (RaftStorageImpl.java:format(89)) - Storage directory /home/runner/work/ozone/ozone/hadoop-ozone/integration-test/target/test-dir/MiniOzoneClusterImpl-11ada6fe-a5c6-4827-8b3d-97db8748ad29/datanode-1/data/ratis/d0e0d78f-502a-4f12-babe-4bbebfcd8f1a has been successfully formatted.
2021-09-05 14:30:20,139 [pool-286-thread-1] INFO  ratis.ContainerStateMachine (ContainerStateMachine.java:loadSnapshot(224)) - group-4BBEBFCD8F1A: The snapshot info is null. Setting the last applied indexto:(t:0, i:~)
2021-09-05 14:30:20,140 [pool-286-thread-1] INFO  server.RaftServerConfigKeys (ConfUtils.java:logGet(44)) - raft.server.notification.no-leader.timeout = 300s (custom)
2021-09-05 14:30:20,140 [pool-286-thread-1] INFO  server.RaftServerConfigKeys (ConfUtils.java:logGet(44)) - raft.server.log.use.memory = false (default)
2021-09-05 14:30:20,140 [pool-286-thread-1] INFO  server.RaftServerConfigKeys (ConfUtils.java:logGet(44)) - raft.server.log.purge.gap = 1000000 (custom)
2021-09-05 14:30:20,140 [pool-286-thread-1] INFO  server.RaftServerConfigKeys (ConfUtils.java:logGet(44)) - raft.server.log.appender.buffer.byte-limit = 33554432 (custom)
2021-09-05 14:30:20,140 [pool-286-thread-1] INFO  server.RaftServerConfigKeys (ConfUtils.java:logGet(44)) - raft.server.log.segment.size.max = 1048576 (custom)
2021-09-05 14:30:20,140 [pool-286-thread-1] INFO  server.RaftServerConfigKeys (ConfUtils.java:logGet(44)) - raft.server.log.segment.cache.num.max = 2 (custom)
2021-09-05 14:30:20,142 [EventQueue-PipelineReportForPipelineReportHandler] INFO  pipeline.PipelineManagerImpl (PipelineManagerImpl.java:openPipeline(282)) - Pipeline Pipeline[ Id: d0e0d78f-502a-4f12-babe-4bbebfcd8f1a, Nodes: 73fc6282-bdcb-4a1d-9106-80b228a82791{ip: 127.0.0.1, host: localhost, ports: [REPLICATION=42617, RATIS=46567, RATIS_ADMIN=46567, RATIS_SERVER=46567, STANDALONE=44315], networkLocation: /default-rack, certSerialId: null, persistedOpState: IN_SERVICE, persistedOpStateExpiryEpochSec: 0}, ReplicationConfig: RATIS/ONE, State:ALLOCATED, leaderId:73fc6282-bdcb-4a1d-9106-80b228a82791, CreationTimestamp2021-09-05T14:30:17.128Z[Etc/UTC]] moved to OPEN state
2021-09-05 14:30:20,141 [EventQueue-PipelineReportForPipelineReportHandler] INFO  pipeline.PipelineManagerImpl (PipelineManagerImpl.java:openPipeline(282)) - Pipeline Pipeline[ Id: d0e0d78f-502a-4f12-babe-4bbebfcd8f1a, Nodes: 73fc6282-bdcb-4a1d-9106-80b228a82791{ip: 127.0.0.1, host: localhost, ports: [REPLICATION=42617, RATIS=46567, RATIS_ADMIN=46567, RATIS_SERVER=46567, STANDALONE=44315], networkLocation: /default-rack, certSerialId: null, persistedOpState: IN_SERVICE, persistedOpStateExpiryEpochSec: 0}, ReplicationConfig: RATIS/ONE, State:ALLOCATED, leaderId:73fc6282-bdcb-4a1d-9106-80b228a82791, CreationTimestamp2021-09-05T14:30:17.128Z[Etc/UTC]] moved to OPEN state
2021-09-05 14:30:20,142 [EventQueue-PipelineReportForPipelineReportHandler] INFO  ha.SCMHAInvocationHandler (SCMHAInvocationHandler.java:invokeRatis(113)) - Invoking method public abstract void org.apache.hadoop.hdds.scm.pipeline.StateManager.updatePipelineState(org.apache.hadoop.hdds.protocol.proto.HddsProtos$PipelineID,org.apache.hadoop.hdds.protocol.proto.HddsProtos$PipelineState) throws java.io.IOException on target org.apache.hadoop.hdds.scm.ha.SCMRatisServerImpl@48ab14ff, cost 239.703us
2021-09-05 14:30:20,142 [pool-286-thread-1] INFO  server.RaftServerConfigKeys (ConfUtils.java:logGet(44)) - raft.server.log.segment.cache.size.max = 200MB (=209715200) (default)
2021-09-05 14:30:20,142 [pool-286-thread-1] INFO  segmented.SegmentedRaftLogWorker (SegmentedRaftLogWorker.java:<init>(182)) - new 73fc6282-bdcb-4a1d-9106-80b228a82791@group-4BBEBFCD8F1A-SegmentedRaftLogWorker for RaftStorageImpl:Storage Directory /home/runner/work/ozone/ozone/hadoop-ozone/integration-test/target/test-dir/MiniOzoneClusterImpl-11ada6fe-a5c6-4827-8b3d-97db8748ad29/datanode-1/data/ratis/d0e0d78f-502a-4f12-babe-4bbebfcd8f1a
2021-09-05 14:30:20,142 [pool-286-thread-1] INFO  server.RaftServerConfigKeys (ConfUtils.java:logGet(44)) - raft.server.log.queue.byte-limit = 2147483647 (custom)
2021-09-05 14:30:20,142 [pool-286-thread-1] INFO  server.RaftServerConfigKeys (ConfUtils.java:logGet(44)) - raft.server.log.queue.element-limit = 1024 (custom)
2021-09-05 14:30:20,143 [pool-286-thread-1] INFO  server.RaftServerConfigKeys (ConfUtils.java:logGet(44)) - raft.server.log.segment.size.max = 1048576 (custom)
2021-09-05 14:30:20,143 [pool-286-thread-1] INFO  server.RaftServerConfigKeys (ConfUtils.java:logGet(44)) - raft.server.log.preallocated.size = 16384 (custom)
2021-09-05 14:30:20,143 [pool-286-thread-1] INFO  server.RaftServerConfigKeys (ConfUtils.java:logGet(44)) - raft.server.log.force.sync.num = 128 (default)
2021-09-05 14:30:20,143 [pool-286-thread-1] INFO  server.RaftServerConfigKeys (ConfUtils.java:logGet(44)) - raft.server.log.statemachine.data.sync = true (default)
2021-09-05 14:30:20,143 [pool-286-thread-1] INFO  server.RaftServerConfigKeys (ConfUtils.java:logGet(44)) - raft.server.log.statemachine.data.sync.timeout = 10s (default)
2021-09-05 14:30:20,143 [pool-286-thread-1] INFO  server.RaftServerConfigKeys (ConfUtils.java:logGet(44)) - raft.server.log.statemachine.data.sync.timeout.retry = -1 (default)
2021-09-05 14:30:20,154 [pool-286-thread-1] INFO  server.RaftServerConfigKeys (ConfUtils.java:logGet(44)) - raft.server.log.write.buffer.size = 1048576 (custom)
2021-09-05 14:30:20,154 [pool-286-thread-1] INFO  server.RaftServerConfigKeys (ConfUtils.java:logGet(44)) - raft.server.log.statemachine.data.caching.enabled = true (custom)
2021-09-05 14:30:20,155 [69e17fe3-75d6-40e2-b575-3df3d97ee56c@group-97DB8748AD29-StateMachineUpdater] INFO  safemode.HealthyPipelineSafeModeRule (HealthyPipelineSafeModeRule.java:initializeRule(152)) - Refreshed total pipeline count is 0, healthy pipeline threshold count is 1
2021-09-05 14:30:20,155 [pool-286-thread-1] INFO  segmented.SegmentedRaftLogWorker (SegmentedRaftLogWorker.java:lambda$new$0(133)) - 73fc6282-bdcb-4a1d-9106-80b228a82791@group-4BBEBFCD8F1A-SegmentedRaftLogWorker: flushIndex: setUnconditionally 0 -> -1
2021-09-05 14:30:20,155 [pool-286-thread-1] INFO  segmented.SegmentedRaftLogWorker (SegmentedRaftLogWorker.java:lambda$new$0(133)) - 73fc6282-bdcb-4a1d-9106-80b228a82791@group-4BBEBFCD8F1A-SegmentedRaftLogWorker: safeCacheEvictIndex: setUnconditionally 0 -> -1
2021-09-05 14:30:20,155 [EventQueue-PipelineReportForPipelineReportHandler] INFO  ha.SCMHAInvocationHandler (SCMHAInvocationHandler.java:invokeRatis(113)) - Invoking method public abstract void org.apache.hadoop.hdds.scm.pipeline.StateManager.updatePipelineState(org.apache.hadoop.hdds.protocol.proto.HddsProtos$PipelineID,org.apache.hadoop.hdds.protocol.proto.HddsProtos$PipelineState) throws java.io.IOException on target org.apache.hadoop.hdds.scm.ha.SCMRatisServerImpl@7d3b5917, cost 13235.539us
2021-09-05 14:30:20,155 [EventQueue-OpenPipelineForHealthyPipelineSafeModeRule] INFO  safemode.SCMSafeModeManager (HealthyPipelineSafeModeRule.java:process(124)) - SCM in safe mode. Healthy pipelines reported count is 0, required healthy pipeline reported count is 1
2021-09-05 14:30:20,158 [pool-286-thread-1] INFO  server.RaftServerConfigKeys (ConfUtils.java:logGet(44)) - raft.server.snapshot.auto.trigger.enabled = true (custom)
2021-09-05 14:30:20,158 [pool-286-thread-1] INFO  server.RaftServerConfigKeys (ConfUtils.java:logGet(44)) - raft.server.snapshot.auto.trigger.threshold = 10000 (custom)
2021-09-05 14:30:20,158 [pool-286-thread-1] INFO  server.RaftServerConfigKeys (ConfUtils.java:logGet(44)) - raft.server.snapshot.retention.file.num = 5 (custom)
2021-09-05 14:30:20,158 [pool-286-thread-1] INFO  server.RaftServerConfigKeys (ConfUtils.java:logGet(44)) - raft.server.log.purge.upto.snapshot.index = false (default)
2021-09-05 14:30:20,158 [pool-286-thread-1] INFO  server.RaftServerConfigKeys (ConfUtils.java:logGet(44)) - raft.server.retrycache.expirytime = 600000ms (custom)
2021-09-05 14:30:20,158 [pool-286-thread-1] INFO  server.RaftServerConfigKeys (ConfUtils.java:logGet(44)) - raft.server.retrycache.statistics.expirytime = 100μs (default)
2021-09-05 14:30:20,160 [pool-286-thread-1] INFO  server.RaftServer$Division (RaftServerImpl.java:start(296)) - 73fc6282-bdcb-4a1d-9106-80b228a82791@group-9AB55F00ACC5: start as a follower, conf=-1: [83398dfc-751f-4fe2-af5b-c65c8f1546c8|rpc:127.0.0.1:46795|dataStream:|priority:0, 6bbc5292-b6d7-424f-9a49-f587de829c2d|rpc:127.0.0.1:46659|dataStream:|priority:0, 73fc6282-bdcb-4a1d-9106-80b228a82791|rpc:127.0.0.1:46567|dataStream:|priority:1], old=null
2021-09-05 14:30:20,160 [pool-286-thread-1] INFO  server.RaftServer$Division (RaftServerImpl.java:setRole(285)) - 73fc6282-bdcb-4a1d-9106-80b228a82791@group-9AB55F00ACC5: changes role from      null to FOLLOWER at term 0 for startAsFollower
2021-09-05 14:30:20,162 [pool-286-thread-1] INFO  impl.RoleInfo (RoleInfo.java:updateAndGet(130)) - 73fc6282-bdcb-4a1d-9106-80b228a82791: start 73fc6282-bdcb-4a1d-9106-80b228a82791@group-9AB55F00ACC5-FollowerState
2021-09-05 14:30:20,163 [9d3796c5-d907-4196-a355-2f07340af16c@group-97DB8748AD29-StateMachineUpdater] INFO  safemode.HealthyPipelineSafeModeRule (HealthyPipelineSafeModeRule.java:initializeRule(152)) - Refreshed total pipeline count is 0, healthy pipeline threshold count is 1
2021-09-05 14:30:20,165 [69e17fe3-75d6-40e2-b575-3df3d97ee56c@group-97DB8748AD29-StateMachineUpdater] INFO  ha.SCMStateMachine (SCMStateMachine.java:takeSnapshot(290)) - Current Snapshot Index 20, takeSnapshot took 0 ms
2021-09-05 14:30:20,165 [69e17fe3-75d6-40e2-b575-3df3d97ee56c@group-97DB8748AD29-StateMachineUpdater] INFO  impl.StateMachineUpdater (StateMachineUpdater.java:takeSnapshot(281)) - 69e17fe3-75d6-40e2-b575-3df3d97ee56c@group-97DB8748AD29-StateMachineUpdater: Took a snapshot at index 20
2021-09-05 14:30:20,165 [69e17fe3-75d6-40e2-b575-3df3d97ee56c@group-97DB8748AD29-StateMachineUpdater] INFO  impl.StateMachineUpdater (StateMachineUpdater.java:lambda$new$0(89)) - 69e17fe3-75d6-40e2-b575-3df3d97ee56c@group-97DB8748AD29-StateMachineUpdater: snapshotIndex: updateIncreasingly 15 -> 20
2021-09-05 14:30:20,165 [69e17fe3-75d6-40e2-b575-3df3d97ee56c@group-97DB8748AD29-StateMachineUpdater] INFO  raftlog.RaftLog (RaftLogBase.java:purge(306)) - 69e17fe3-75d6-40e2-b575-3df3d97ee56c@group-97DB8748AD29-SegmentedRaftLog: purge 20
2021-09-05 14:30:20,165 [69e17fe3-75d6-40e2-b575-3df3d97ee56c@group-97DB8748AD29-StateMachineUpdater] INFO  raftlog.RaftLog (RaftLogBase.java:lambda$new$0(53)) - 69e17fe3-75d6-40e2-b575-3df3d97ee56c@group-97DB8748AD29-SegmentedRaftLog: snapshotIndex: updateIncreasingly 15 -> 20
2021-09-05 14:30:20,165 [69e17fe3-75d6-40e2-b575-3df3d97ee56c@group-97DB8748AD29-StateMachineUpdater] INFO  raftlog.RaftLog (RaftLogBase.java:lambda$new$0(53)) - 69e17fe3-75d6-40e2-b575-3df3d97ee56c@group-97DB8748AD29-SegmentedRaftLog: purgeIndex: updateToMax old=15, new=20, updated? true
2021-09-05 14:30:20,172 [pool-286-thread-1] INFO  util.JmxRegister (JmxRegister.java:tryRegister(44)) - Successfully registered JMX Bean with object name Ratis:service=RaftServer,group=group-9AB55F00ACC5,id=73fc6282-bdcb-4a1d-9106-80b228a82791
2021-09-05 14:30:20,173 [pool-286-thread-1] INFO  server.RaftServer$Division (RaftServerImpl.java:start(296)) - 73fc6282-bdcb-4a1d-9106-80b228a82791@group-4BBEBFCD8F1A: start as a follower, conf=-1: [73fc6282-bdcb-4a1d-9106-80b228a82791|rpc:127.0.0.1:46567|priority:1], old=null
2021-09-05 14:30:20,173 [pool-286-thread-1] INFO  server.RaftServer$Division (RaftServerImpl.java:setRole(285)) - 73fc6282-bdcb-4a1d-9106-80b228a82791@group-4BBEBFCD8F1A: changes role from      null to FOLLOWER at term 0 for startAsFollower
2021-09-05 14:30:20,173 [pool-286-thread-1] INFO  impl.RoleInfo (RoleInfo.java:updateAndGet(130)) - 73fc6282-bdcb-4a1d-9106-80b228a82791: start 73fc6282-bdcb-4a1d-9106-80b228a82791@group-4BBEBFCD8F1A-FollowerState
2021-09-05 14:30:20,182 [pool-286-thread-1] INFO  util.JmxRegister (JmxRegister.java:tryRegister(44)) - Successfully registered JMX Bean with object name Ratis:service=RaftServer,group=group-4BBEBFCD8F1A,id=73fc6282-bdcb-4a1d-9106-80b228a82791
2021-09-05 14:30:20,193 [Command processor thread] INFO  ratis.XceiverServerRatis (XceiverServerRatis.java:addGroup(763)) - Created group PipelineID=d0e0d78f-502a-4f12-babe-4bbebfcd8f1a
2021-09-05 14:30:20,193 [Command processor thread] INFO  commandhandler.CreatePipelineCommandHandler (CreatePipelineCommandHandler.java:handle(106)) - Created Pipeline RATIS ONE PipelineID=d0e0d78f-502a-4f12-babe-4bbebfcd8f1a.
2021-09-05 14:30:20,220 [grpc-default-executor-1] INFO  server.RaftServer (RaftServerProxy.java:addNew(95)) - 6bbc5292-b6d7-424f-9a49-f587de829c2d: addNew group-9AB55F00ACC5:[83398dfc-751f-4fe2-af5b-c65c8f1546c8|rpc:127.0.0.1:46795|dataStream:|priority:0, 6bbc5292-b6d7-424f-9a49-f587de829c2d|rpc:127.0.0.1:46659|dataStream:|priority:0, 73fc6282-bdcb-4a1d-9106-80b228a82791|rpc:127.0.0.1:46567|dataStream:|priority:1] returns group-9AB55F00ACC5:java.util.concurrent.CompletableFuture@29c6a1f6[Not completed]
2021-09-05 14:30:20,221 [pool-307-thread-1] INFO  server.RaftServer$Division (RaftServerImpl.java:<init>(181)) - 6bbc5292-b6d7-424f-9a49-f587de829c2d: new RaftServerImpl for group-9AB55F00ACC5:[83398dfc-751f-4fe2-af5b-c65c8f1546c8|rpc:127.0.0.1:46795|dataStream:|priority:0, 6bbc5292-b6d7-424f-9a49-f587de829c2d|rpc:127.0.0.1:46659|dataStream:|priority:0, 73fc6282-bdcb-4a1d-9106-80b228a82791|rpc:127.0.0.1:46567|dataStream:|priority:1] with ContainerStateMachine:uninitialized
2021-09-05 14:30:20,221 [pool-307-thread-1] INFO  server.RaftServerConfigKeys (ConfUtils.java:logGet(44)) - raft.server.rpc.timeout.min = 5s (custom)
2021-09-05 14:30:20,221 [pool-307-thread-1] INFO  server.RaftServerConfigKeys (ConfUtils.java:logGet(44)) - raft.server.rpc.timeout.max = 5200ms (custom)
2021-09-05 14:30:20,221 [pool-307-thread-1] INFO  server.RaftServerConfigKeys (ConfUtils.java:logGet(44)) - raft.server.rpc.sleep.time = 25ms (default)
2021-09-05 14:30:20,221 [pool-307-thread-1] INFO  server.RaftServerConfigKeys (ConfUtils.java:logGet(44)) - raft.server.rpc.slowness.timeout = 300s (custom)
2021-09-05 14:30:20,221 [pool-307-thread-1] INFO  server.RaftServerConfigKeys (ConfUtils.java:logGet(44)) - raft.server.leaderelection.leader.step-down.wait-time = 10s (default)
2021-09-05 14:30:20,221 [pool-307-thread-1] INFO  server.RaftServerConfigKeys (ConfUtils.java:logGet(44)) - raft.server.sleep.deviation.threshold = 300ms (default)
2021-09-05 14:30:20,221 [pool-307-thread-1] INFO  server.RaftServerConfigKeys (ConfUtils.java:logGet(44)) - raft.server.log.appender.install.snapshot.enabled = false (custom)
2021-09-05 14:30:20,221 [pool-307-thread-1] INFO  server.RaftServer$Division (ServerState.java:<init>(105)) - 6bbc5292-b6d7-424f-9a49-f587de829c2d@group-9AB55F00ACC5: ConfigurationManager, init=-1: [83398dfc-751f-4fe2-af5b-c65c8f1546c8|rpc:127.0.0.1:46795|dataStream:|priority:0, 6bbc5292-b6d7-424f-9a49-f587de829c2d|rpc:127.0.0.1:46659|dataStream:|priority:0, 73fc6282-bdcb-4a1d-9106-80b228a82791|rpc:127.0.0.1:46567|dataStream:|priority:1], old=null, confs=<EMPTY_MAP>
2021-09-05 14:30:20,221 [pool-307-thread-1] INFO  server.RaftServerConfigKeys (ConfUtils.java:logGet(44)) - raft.server.storage.dir = [/home/runner/work/ozone/ozone/hadoop-ozone/integration-test/target/test-dir/MiniOzoneClusterImpl-11ada6fe-a5c6-4827-8b3d-97db8748ad29/datanode-2/data/ratis] (custom)
2021-09-05 14:30:20,222 [pool-307-thread-1] INFO  server.RaftServerConfigKeys (ConfUtils.java:logGet(44)) - raft.server.log.corruption.policy = EXCEPTION (default)
2021-09-05 14:30:20,222 [pool-307-thread-1] INFO  server.RaftServerConfigKeys (ConfUtils.java:logGet(44)) - raft.server.storage.free-space.min = 0MB (=0) (default)
2021-09-05 14:30:20,222 [pool-307-thread-1] INFO  storage.RaftStorageDirectory (RaftStorageDirectoryImpl.java:analyzeStorage(135)) - The storage directory /home/runner/work/ozone/ozone/hadoop-ozone/integration-test/target/test-dir/MiniOzoneClusterImpl-11ada6fe-a5c6-4827-8b3d-97db8748ad29/datanode-2/data/ratis/7903d46d-ad54-4c27-a6ea-9ab55f00acc5 does not exist. Creating ...
2021-09-05 14:30:20,223 [pool-307-thread-1] INFO  storage.RaftStorageDirectory (RaftStorageDirectoryImpl.java:tryLock(230)) - Lock on /home/runner/work/ozone/ozone/hadoop-ozone/integration-test/target/test-dir/MiniOzoneClusterImpl-11ada6fe-a5c6-4827-8b3d-97db8748ad29/datanode-2/data/ratis/7903d46d-ad54-4c27-a6ea-9ab55f00acc5/in_use.lock acquired by nodename 23550@fv-az151-757
2021-09-05 14:30:20,225 [pool-307-thread-1] INFO  storage.RaftStorage (RaftStorageImpl.java:format(89)) - Storage directory /home/runner/work/ozone/ozone/hadoop-ozone/integration-test/target/test-dir/MiniOzoneClusterImpl-11ada6fe-a5c6-4827-8b3d-97db8748ad29/datanode-2/data/ratis/7903d46d-ad54-4c27-a6ea-9ab55f00acc5 has been successfully formatted.
2021-09-05 14:30:20,225 [pool-307-thread-1] INFO  ratis.ContainerStateMachine (ContainerStateMachine.java:loadSnapshot(224)) - group-9AB55F00ACC5: The snapshot info is null. Setting the last applied indexto:(t:0, i:~)
2021-09-05 14:30:20,225 [pool-307-thread-1] INFO  server.RaftServerConfigKeys (ConfUtils.java:logGet(44)) - raft.server.notification.no-leader.timeout = 300s (custom)
2021-09-05 14:30:20,225 [pool-307-thread-1] INFO  server.RaftServerConfigKeys (ConfUtils.java:logGet(44)) - raft.server.log.use.memory = false (default)
2021-09-05 14:30:20,226 [pool-307-thread-1] INFO  server.RaftServerConfigKeys (ConfUtils.java:logGet(44)) - raft.server.log.purge.gap = 1000000 (custom)
2021-09-05 14:30:20,226 [pool-307-thread-1] INFO  server.RaftServerConfigKeys (ConfUtils.java:logGet(44)) - raft.server.log.appender.buffer.byte-limit = 33554432 (custom)
2021-09-05 14:30:20,226 [pool-307-thread-1] INFO  server.RaftServerConfigKeys (ConfUtils.java:logGet(44)) - raft.server.log.segment.size.max = 1048576 (custom)
2021-09-05 14:30:20,227 [pool-307-thread-1] INFO  server.RaftServerConfigKeys (ConfUtils.java:logGet(44)) - raft.server.log.segment.cache.num.max = 2 (custom)
2021-09-05 14:30:20,227 [pool-307-thread-1] INFO  server.RaftServerConfigKeys (ConfUtils.java:logGet(44)) - raft.server.log.segment.cache.size.max = 200MB (=209715200) (default)
2021-09-05 14:30:20,227 [pool-307-thread-1] INFO  segmented.SegmentedRaftLogWorker (SegmentedRaftLogWorker.java:<init>(182)) - new 6bbc5292-b6d7-424f-9a49-f587de829c2d@group-9AB55F00ACC5-SegmentedRaftLogWorker for RaftStorageImpl:Storage Directory /home/runner/work/ozone/ozone/hadoop-ozone/integration-test/target/test-dir/MiniOzoneClusterImpl-11ada6fe-a5c6-4827-8b3d-97db8748ad29/datanode-2/data/ratis/7903d46d-ad54-4c27-a6ea-9ab55f00acc5
2021-09-05 14:30:20,227 [pool-307-thread-1] INFO  server.RaftServerConfigKeys (ConfUtils.java:logGet(44)) - raft.server.log.queue.byte-limit = 2147483647 (custom)
2021-09-05 14:30:20,227 [pool-307-thread-1] INFO  server.RaftServerConfigKeys (ConfUtils.java:logGet(44)) - raft.server.log.queue.element-limit = 1024 (custom)
2021-09-05 14:30:20,227 [pool-307-thread-1] INFO  server.RaftServerConfigKeys (ConfUtils.java:logGet(44)) - raft.server.log.segment.size.max = 1048576 (custom)
2021-09-05 14:30:20,227 [pool-307-thread-1] INFO  server.RaftServerConfigKeys (ConfUtils.java:logGet(44)) - raft.server.log.preallocated.size = 16384 (custom)
2021-09-05 14:30:20,227 [pool-307-thread-1] INFO  server.RaftServerConfigKeys (ConfUtils.java:logGet(44)) - raft.server.log.force.sync.num = 128 (default)
2021-09-05 14:30:20,228 [pool-307-thread-1] INFO  server.RaftServerConfigKeys (ConfUtils.java:logGet(44)) - raft.server.log.statemachine.data.sync = true (default)
2021-09-05 14:30:20,228 [pool-307-thread-1] INFO  server.RaftServerConfigKeys (ConfUtils.java:logGet(44)) - raft.server.log.statemachine.data.sync.timeout = 10s (default)
2021-09-05 14:30:20,228 [pool-307-thread-1] INFO  server.RaftServerConfigKeys (ConfUtils.java:logGet(44)) - raft.server.log.statemachine.data.sync.timeout.retry = -1 (default)
2021-09-05 14:30:20,229 [pool-307-thread-1] INFO  server.RaftServerConfigKeys (ConfUtils.java:logGet(44)) - raft.server.log.write.buffer.size = 1048576 (custom)
2021-09-05 14:30:20,230 [pool-307-thread-1] INFO  server.RaftServerConfigKeys (ConfUtils.java:logGet(44)) - raft.server.log.statemachine.data.caching.enabled = true (custom)
2021-09-05 14:30:20,230 [pool-307-thread-1] INFO  segmented.SegmentedRaftLogWorker (SegmentedRaftLogWorker.java:lambda$new$0(133)) - 6bbc5292-b6d7-424f-9a49-f587de829c2d@group-9AB55F00ACC5-SegmentedRaftLogWorker: flushIndex: setUnconditionally 0 -> -1
2021-09-05 14:30:20,231 [pool-307-thread-1] INFO  segmented.SegmentedRaftLogWorker (SegmentedRaftLogWorker.java:lambda$new$0(133)) - 6bbc5292-b6d7-424f-9a49-f587de829c2d@group-9AB55F00ACC5-SegmentedRaftLogWorker: safeCacheEvictIndex: setUnconditionally 0 -> -1
2021-09-05 14:30:20,244 [pool-307-thread-1] INFO  server.RaftServerConfigKeys (ConfUtils.java:logGet(44)) - raft.server.snapshot.auto.trigger.enabled = true (custom)
2021-09-05 14:30:20,244 [pool-307-thread-1] INFO  server.RaftServerConfigKeys (ConfUtils.java:logGet(44)) - raft.server.snapshot.auto.trigger.threshold = 10000 (custom)
2021-09-05 14:30:20,244 [pool-307-thread-1] INFO  server.RaftServerConfigKeys (ConfUtils.java:logGet(44)) - raft.server.snapshot.retention.file.num = 5 (custom)
2021-09-05 14:30:20,244 [pool-307-thread-1] INFO  server.RaftServerConfigKeys (ConfUtils.java:logGet(44)) - raft.server.log.purge.upto.snapshot.index = false (default)
2021-09-05 14:30:20,245 [pool-307-thread-1] INFO  server.RaftServerConfigKeys (ConfUtils.java:logGet(44)) - raft.server.retrycache.expirytime = 600000ms (custom)
2021-09-05 14:30:20,245 [pool-307-thread-1] INFO  server.RaftServerConfigKeys (ConfUtils.java:logGet(44)) - raft.server.retrycache.statistics.expirytime = 100μs (default)
2021-09-05 14:30:20,246 [pool-307-thread-1] INFO  server.RaftServer$Division (RaftServerImpl.java:start(296)) - 6bbc5292-b6d7-424f-9a49-f587de829c2d@group-9AB55F00ACC5: start as a follower, conf=-1: [83398dfc-751f-4fe2-af5b-c65c8f1546c8|rpc:127.0.0.1:46795|dataStream:|priority:0, 6bbc5292-b6d7-424f-9a49-f587de829c2d|rpc:127.0.0.1:46659|dataStream:|priority:0, 73fc6282-bdcb-4a1d-9106-80b228a82791|rpc:127.0.0.1:46567|dataStream:|priority:1], old=null
2021-09-05 14:30:20,246 [pool-307-thread-1] INFO  server.RaftServer$Division (RaftServerImpl.java:setRole(285)) - 6bbc5292-b6d7-424f-9a49-f587de829c2d@group-9AB55F00ACC5: changes role from      null to FOLLOWER at term 0 for startAsFollower
2021-09-05 14:30:20,246 [pool-307-thread-1] INFO  impl.RoleInfo (RoleInfo.java:updateAndGet(130)) - 6bbc5292-b6d7-424f-9a49-f587de829c2d: start 6bbc5292-b6d7-424f-9a49-f587de829c2d@group-9AB55F00ACC5-FollowerState
2021-09-05 14:30:20,246 [pool-307-thread-1] INFO  util.JmxRegister (JmxRegister.java:tryRegister(44)) - Successfully registered JMX Bean with object name Ratis:service=RaftServer,group=group-9AB55F00ACC5,id=6bbc5292-b6d7-424f-9a49-f587de829c2d
2021-09-05 14:30:20,290 [Command processor thread] INFO  commandhandler.CreatePipelineCommandHandler (CreatePipelineCommandHandler.java:handle(106)) - Created Pipeline RATIS THREE PipelineID=7903d46d-ad54-4c27-a6ea-9ab55f00acc5.
2021-09-05 14:30:20,632 [Listener at 127.0.0.1/11040] INFO  ozone.MiniOzoneClusterImpl (MiniOzoneClusterImpl.java:lambda$waitForClusterToBeReady$0(235)) - Nodes are ready. Got 3 of 3 DN Heartbeats.
2021-09-05 14:30:20,633 [Listener at 127.0.0.1/11040] INFO  ozone.MiniOzoneClusterImpl (MiniOzoneClusterImpl.java:lambda$waitForClusterToBeReady$0(238)) - Waiting for cluster to exit safe mode
2021-09-05 14:30:20,633 [Listener at 127.0.0.1/11040] INFO  ozone.MiniOzoneClusterImpl (MiniOzoneClusterImpl.java:lambda$waitForClusterToBeReady$0(240)) - SCM became leader
2021-09-05 14:30:20,681 [EventQueue-OpenPipelineForHealthyPipelineSafeModeRule] INFO  safemode.SCMSafeModeManager (HealthyPipelineSafeModeRule.java:process(124)) - SCM in safe mode. Healthy pipelines reported count is 0, required healthy pipeline reported count is 1
2021-09-05 14:30:20,691 [Command processor thread] INFO  server.RaftServer (RaftServerProxy.java:addNew(95)) - 6bbc5292-b6d7-424f-9a49-f587de829c2d: addNew group-C7D30DC73C8C:[6bbc5292-b6d7-424f-9a49-f587de829c2d|rpc:127.0.0.1:46659|priority:1] returns group-C7D30DC73C8C:java.util.concurrent.CompletableFuture@7cf533a2[Not completed]
2021-09-05 14:30:20,692 [pool-307-thread-1] INFO  server.RaftServer$Division (RaftServerImpl.java:<init>(181)) - 6bbc5292-b6d7-424f-9a49-f587de829c2d: new RaftServerImpl for group-C7D30DC73C8C:[6bbc5292-b6d7-424f-9a49-f587de829c2d|rpc:127.0.0.1:46659|priority:1] with ContainerStateMachine:uninitialized
2021-09-05 14:30:20,692 [pool-307-thread-1] INFO  server.RaftServerConfigKeys (ConfUtils.java:logGet(44)) - raft.server.rpc.timeout.min = 5s (custom)
2021-09-05 14:30:20,692 [pool-307-thread-1] INFO  server.RaftServerConfigKeys (ConfUtils.java:logGet(44)) - raft.server.rpc.timeout.max = 5200ms (custom)
2021-09-05 14:30:20,692 [pool-307-thread-1] INFO  server.RaftServerConfigKeys (ConfUtils.java:logGet(44)) - raft.server.rpc.sleep.time = 25ms (default)
2021-09-05 14:30:20,692 [pool-307-thread-1] INFO  server.RaftServerConfigKeys (ConfUtils.java:logGet(44)) - raft.server.rpc.slowness.timeout = 300s (custom)
2021-09-05 14:30:20,692 [pool-307-thread-1] INFO  server.RaftServerConfigKeys (ConfUtils.java:logGet(44)) - raft.server.leaderelection.leader.step-down.wait-time = 10s (default)
2021-09-05 14:30:20,692 [pool-307-thread-1] INFO  server.RaftServerConfigKeys (ConfUtils.java:logGet(44)) - raft.server.sleep.deviation.threshold = 300ms (default)
2021-09-05 14:30:20,692 [pool-307-thread-1] INFO  server.RaftServerConfigKeys (ConfUtils.java:logGet(44)) - raft.server.log.appender.install.snapshot.enabled = false (custom)
2021-09-05 14:30:20,693 [pool-307-thread-1] INFO  server.RaftServer$Division (ServerState.java:<init>(105)) - 6bbc5292-b6d7-424f-9a49-f587de829c2d@group-C7D30DC73C8C: ConfigurationManager, init=-1: [6bbc5292-b6d7-424f-9a49-f587de829c2d|rpc:127.0.0.1:46659|priority:1], old=null, confs=<EMPTY_MAP>
2021-09-05 14:30:20,693 [pool-307-thread-1] INFO  server.RaftServerConfigKeys (ConfUtils.java:logGet(44)) - raft.server.storage.dir = [/home/runner/work/ozone/ozone/hadoop-ozone/integration-test/target/test-dir/MiniOzoneClusterImpl-11ada6fe-a5c6-4827-8b3d-97db8748ad29/datanode-2/data/ratis] (custom)
2021-09-05 14:30:20,693 [pool-307-thread-1] INFO  server.RaftServerConfigKeys (ConfUtils.java:logGet(44)) - raft.server.log.corruption.policy = EXCEPTION (default)
2021-09-05 14:30:20,693 [pool-307-thread-1] INFO  server.RaftServerConfigKeys (ConfUtils.java:logGet(44)) - raft.server.storage.free-space.min = 0MB (=0) (default)
2021-09-05 14:30:20,693 [pool-307-thread-1] INFO  storage.RaftStorageDirectory (RaftStorageDirectoryImpl.java:analyzeStorage(135)) - The storage directory /home/runner/work/ozone/ozone/hadoop-ozone/integration-test/target/test-dir/MiniOzoneClusterImpl-11ada6fe-a5c6-4827-8b3d-97db8748ad29/datanode-2/data/ratis/e3aad268-0212-4c0d-aefa-c7d30dc73c8c does not exist. Creating ...
2021-09-05 14:30:20,695 [pool-307-thread-1] INFO  storage.RaftStorageDirectory (RaftStorageDirectoryImpl.java:tryLock(230)) - Lock on /home/runner/work/ozone/ozone/hadoop-ozone/integration-test/target/test-dir/MiniOzoneClusterImpl-11ada6fe-a5c6-4827-8b3d-97db8748ad29/datanode-2/data/ratis/e3aad268-0212-4c0d-aefa-c7d30dc73c8c/in_use.lock acquired by nodename 23550@fv-az151-757
2021-09-05 14:30:20,696 [pool-307-thread-1] INFO  storage.RaftStorage (RaftStorageImpl.java:format(89)) - Storage directory /home/runner/work/ozone/ozone/hadoop-ozone/integration-test/target/test-dir/MiniOzoneClusterImpl-11ada6fe-a5c6-4827-8b3d-97db8748ad29/datanode-2/data/ratis/e3aad268-0212-4c0d-aefa-c7d30dc73c8c has been successfully formatted.
2021-09-05 14:30:20,696 [pool-307-thread-1] INFO  ratis.ContainerStateMachine (ContainerStateMachine.java:loadSnapshot(224)) - group-C7D30DC73C8C: The snapshot info is null. Setting the last applied indexto:(t:0, i:~)
2021-09-05 14:30:20,696 [pool-307-thread-1] INFO  server.RaftServerConfigKeys (ConfUtils.java:logGet(44)) - raft.server.notification.no-leader.timeout = 300s (custom)
2021-09-05 14:30:20,697 [pool-307-thread-1] INFO  server.RaftServerConfigKeys (ConfUtils.java:logGet(44)) - raft.server.log.use.memory = false (default)
2021-09-05 14:30:20,697 [pool-307-thread-1] INFO  server.RaftServerConfigKeys (ConfUtils.java:logGet(44)) - raft.server.log.purge.gap = 1000000 (custom)
2021-09-05 14:30:20,697 [pool-307-thread-1] INFO  server.RaftServerConfigKeys (ConfUtils.java:logGet(44)) - raft.server.log.appender.buffer.byte-limit = 33554432 (custom)
2021-09-05 14:30:20,697 [EventQueue-PipelineReportForPipelineReportHandler] INFO  pipeline.PipelineManagerImpl (PipelineManagerImpl.java:openPipeline(282)) - Pipeline Pipeline[ Id: e3aad268-0212-4c0d-aefa-c7d30dc73c8c, Nodes: 6bbc5292-b6d7-424f-9a49-f587de829c2d{ip: 127.0.0.1, host: localhost, ports: [REPLICATION=39479, RATIS=46659, RATIS_ADMIN=46659, RATIS_SERVER=46659, STANDALONE=41237], networkLocation: /default-rack, certSerialId: null, persistedOpState: IN_SERVICE, persistedOpStateExpiryEpochSec: 0}, ReplicationConfig: RATIS/ONE, State:ALLOCATED, leaderId:6bbc5292-b6d7-424f-9a49-f587de829c2d, CreationTimestamp2021-09-05T14:30:17.694Z[Etc/UTC]] moved to OPEN state
2021-09-05 14:30:20,699 [EventQueue-PipelineReportForPipelineReportHandler] INFO  pipeline.PipelineManagerImpl (PipelineManagerImpl.java:openPipeline(282)) - Pipeline Pipeline[ Id: e3aad268-0212-4c0d-aefa-c7d30dc73c8c, Nodes: 6bbc5292-b6d7-424f-9a49-f587de829c2d{ip: 127.0.0.1, host: localhost, ports: [REPLICATION=39479, RATIS=46659, RATIS_ADMIN=46659, RATIS_SERVER=46659, STANDALONE=41237], networkLocation: /default-rack, certSerialId: null, persistedOpState: IN_SERVICE, persistedOpStateExpiryEpochSec: 0}, ReplicationConfig: RATIS/ONE, State:ALLOCATED, leaderId:6bbc5292-b6d7-424f-9a49-f587de829c2d, CreationTimestamp2021-09-05T14:30:17.694Z[Etc/UTC]] moved to OPEN state
2021-09-05 14:30:20,700 [EventQueue-PipelineReportForPipelineReportHandler] INFO  ha.SCMHAInvocationHandler (SCMHAInvocationHandler.java:invokeRatis(113)) - Invoking method public abstract void org.apache.hadoop.hdds.scm.pipeline.StateManager.updatePipelineState(org.apache.hadoop.hdds.protocol.proto.HddsProtos$PipelineID,org.apache.hadoop.hdds.protocol.proto.HddsProtos$PipelineState) throws java.io.IOException on target org.apache.hadoop.hdds.scm.ha.SCMRatisServerImpl@48ab14ff, cost 184.702us
2021-09-05 14:30:20,700 [pool-307-thread-1] INFO  server.RaftServerConfigKeys (ConfUtils.java:logGet(44)) - raft.server.log.segment.size.max = 1048576 (custom)
2021-09-05 14:30:20,701 [pool-307-thread-1] INFO  server.RaftServerConfigKeys (ConfUtils.java:logGet(44)) - raft.server.log.segment.cache.num.max = 2 (custom)
2021-09-05 14:30:20,701 [pool-307-thread-1] INFO  server.RaftServerConfigKeys (ConfUtils.java:logGet(44)) - raft.server.log.segment.cache.size.max = 200MB (=209715200) (default)
2021-09-05 14:30:20,701 [pool-307-thread-1] INFO  segmented.SegmentedRaftLogWorker (SegmentedRaftLogWorker.java:<init>(182)) - new 6bbc5292-b6d7-424f-9a49-f587de829c2d@group-C7D30DC73C8C-SegmentedRaftLogWorker for RaftStorageImpl:Storage Directory /home/runner/work/ozone/ozone/hadoop-ozone/integration-test/target/test-dir/MiniOzoneClusterImpl-11ada6fe-a5c6-4827-8b3d-97db8748ad29/datanode-2/data/ratis/e3aad268-0212-4c0d-aefa-c7d30dc73c8c
2021-09-05 14:30:20,701 [pool-307-thread-1] INFO  server.RaftServerConfigKeys (ConfUtils.java:logGet(44)) - raft.server.log.queue.byte-limit = 2147483647 (custom)
2021-09-05 14:30:20,701 [pool-307-thread-1] INFO  server.RaftServerConfigKeys (ConfUtils.java:logGet(44)) - raft.server.log.queue.element-limit = 1024 (custom)
2021-09-05 14:30:20,701 [pool-307-thread-1] INFO  server.RaftServerConfigKeys (ConfUtils.java:logGet(44)) - raft.server.log.segment.size.max = 1048576 (custom)
2021-09-05 14:30:20,701 [pool-307-thread-1] INFO  server.RaftServerConfigKeys (ConfUtils.java:logGet(44)) - raft.server.log.preallocated.size = 16384 (custom)
2021-09-05 14:30:20,701 [pool-307-thread-1] INFO  server.RaftServerConfigKeys (ConfUtils.java:logGet(44)) - raft.server.log.force.sync.num = 128 (default)
2021-09-05 14:30:20,701 [pool-307-thread-1] INFO  server.RaftServerConfigKeys (ConfUtils.java:logGet(44)) - raft.server.log.statemachine.data.sync = true (default)
2021-09-05 14:30:20,706 [pool-307-thread-1] INFO  server.RaftServerConfigKeys (ConfUtils.java:logGet(44)) - raft.server.log.statemachine.data.sync.timeout = 10s (default)
2021-09-05 14:30:20,706 [pool-307-thread-1] INFO  server.RaftServerConfigKeys (ConfUtils.java:logGet(44)) - raft.server.log.statemachine.data.sync.timeout.retry = -1 (default)
2021-09-05 14:30:20,713 [9d3796c5-d907-4196-a355-2f07340af16c@group-97DB8748AD29-StateMachineUpdater] INFO  ha.SCMStateMachine (SCMStateMachine.java:takeSnapshot(290)) - Current Snapshot Index 20, takeSnapshot took 0 ms
2021-09-05 14:30:20,713 [9d3796c5-d907-4196-a355-2f07340af16c@group-97DB8748AD29-StateMachineUpdater] INFO  impl.StateMachineUpdater (StateMachineUpdater.java:takeSnapshot(281)) - 9d3796c5-d907-4196-a355-2f07340af16c@group-97DB8748AD29-StateMachineUpdater: Took a snapshot at index 20
2021-09-05 14:30:20,713 [9d3796c5-d907-4196-a355-2f07340af16c@group-97DB8748AD29-StateMachineUpdater] INFO  impl.StateMachineUpdater (StateMachineUpdater.java:lambda$new$0(89)) - 9d3796c5-d907-4196-a355-2f07340af16c@group-97DB8748AD29-StateMachineUpdater: snapshotIndex: updateIncreasingly 15 -> 20
2021-09-05 14:30:20,713 [9d3796c5-d907-4196-a355-2f07340af16c@group-97DB8748AD29-StateMachineUpdater] INFO  raftlog.RaftLog (RaftLogBase.java:purge(306)) - 9d3796c5-d907-4196-a355-2f07340af16c@group-97DB8748AD29-SegmentedRaftLog: purge 20
2021-09-05 14:30:20,713 [9d3796c5-d907-4196-a355-2f07340af16c@group-97DB8748AD29-StateMachineUpdater] INFO  raftlog.RaftLog (RaftLogBase.java:lambda$new$0(53)) - 9d3796c5-d907-4196-a355-2f07340af16c@group-97DB8748AD29-SegmentedRaftLog: snapshotIndex: updateIncreasingly 15 -> 20
2021-09-05 14:30:20,714 [9d3796c5-d907-4196-a355-2f07340af16c@group-97DB8748AD29-StateMachineUpdater] INFO  raftlog.RaftLog (RaftLogBase.java:lambda$new$0(53)) - 9d3796c5-d907-4196-a355-2f07340af16c@group-97DB8748AD29-SegmentedRaftLog: purgeIndex: updateToMax old=15, new=20, updated? true
2021-09-05 14:30:20,714 [pool-307-thread-1] INFO  server.RaftServerConfigKeys (ConfUtils.java:logGet(44)) - raft.server.log.write.buffer.size = 1048576 (custom)
2021-09-05 14:30:20,715 [69e17fe3-75d6-40e2-b575-3df3d97ee56c@group-97DB8748AD29-StateMachineUpdater] INFO  safemode.HealthyPipelineSafeModeRule (HealthyPipelineSafeModeRule.java:initializeRule(152)) - Refreshed total pipeline count is 0, healthy pipeline threshold count is 1
2021-09-05 14:30:20,715 [EventQueue-PipelineReportForPipelineReportHandler] INFO  ha.SCMHAInvocationHandler (SCMHAInvocationHandler.java:invokeRatis(113)) - Invoking method public abstract void org.apache.hadoop.hdds.scm.pipeline.StateManager.updatePipelineState(org.apache.hadoop.hdds.protocol.proto.HddsProtos$PipelineID,org.apache.hadoop.hdds.protocol.proto.HddsProtos$PipelineState) throws java.io.IOException on target org.apache.hadoop.hdds.scm.ha.SCMRatisServerImpl@7d3b5917, cost 17338.781us
2021-09-05 14:30:20,715 [EventQueue-OpenPipelineForHealthyPipelineSafeModeRule] INFO  safemode.SCMSafeModeManager (HealthyPipelineSafeModeRule.java:process(124)) - SCM in safe mode. Healthy pipelines reported count is 0, required healthy pipeline reported count is 1
2021-09-05 14:30:20,719 [pool-307-thread-1] INFO  server.RaftServerConfigKeys (ConfUtils.java:logGet(44)) - raft.server.log.statemachine.data.caching.enabled = true (custom)
2021-09-05 14:30:20,719 [pool-307-thread-1] INFO  segmented.SegmentedRaftLogWorker (SegmentedRaftLogWorker.java:lambda$new$0(133)) - 6bbc5292-b6d7-424f-9a49-f587de829c2d@group-C7D30DC73C8C-SegmentedRaftLogWorker: flushIndex: setUnconditionally 0 -> -1
2021-09-05 14:30:20,719 [pool-307-thread-1] INFO  segmented.SegmentedRaftLogWorker (SegmentedRaftLogWorker.java:lambda$new$0(133)) - 6bbc5292-b6d7-424f-9a49-f587de829c2d@group-C7D30DC73C8C-SegmentedRaftLogWorker: safeCacheEvictIndex: setUnconditionally 0 -> -1
2021-09-05 14:30:20,722 [9d3796c5-d907-4196-a355-2f07340af16c@group-97DB8748AD29-StateMachineUpdater] INFO  safemode.HealthyPipelineSafeModeRule (HealthyPipelineSafeModeRule.java:initializeRule(152)) - Refreshed total pipeline count is 0, healthy pipeline threshold count is 1
2021-09-05 14:30:20,732 [pool-307-thread-1] INFO  server.RaftServerConfigKeys (ConfUtils.java:logGet(44)) - raft.server.snapshot.auto.trigger.enabled = true (custom)
2021-09-05 14:30:20,732 [pool-307-thread-1] INFO  server.RaftServerConfigKeys (ConfUtils.java:logGet(44)) - raft.server.snapshot.auto.trigger.threshold = 10000 (custom)
2021-09-05 14:30:20,732 [pool-307-thread-1] INFO  server.RaftServerConfigKeys (ConfUtils.java:logGet(44)) - raft.server.snapshot.retention.file.num = 5 (custom)
2021-09-05 14:30:20,732 [pool-307-thread-1] INFO  server.RaftServerConfigKeys (ConfUtils.java:logGet(44)) - raft.server.log.purge.upto.snapshot.index = false (default)
2021-09-05 14:30:20,732 [pool-307-thread-1] INFO  server.RaftServerConfigKeys (ConfUtils.java:logGet(44)) - raft.server.retrycache.expirytime = 600000ms (custom)
2021-09-05 14:30:20,732 [pool-307-thread-1] INFO  server.RaftServerConfigKeys (ConfUtils.java:logGet(44)) - raft.server.retrycache.statistics.expirytime = 100μs (default)
2021-09-05 14:30:20,734 [pool-307-thread-1] INFO  server.RaftServer$Division (RaftServerImpl.java:start(296)) - 6bbc5292-b6d7-424f-9a49-f587de829c2d@group-C7D30DC73C8C: start as a follower, conf=-1: [6bbc5292-b6d7-424f-9a49-f587de829c2d|rpc:127.0.0.1:46659|priority:1], old=null
2021-09-05 14:30:20,734 [pool-307-thread-1] INFO  server.RaftServer$Division (RaftServerImpl.java:setRole(285)) - 6bbc5292-b6d7-424f-9a49-f587de829c2d@group-C7D30DC73C8C: changes role from      null to FOLLOWER at term 0 for startAsFollower
2021-09-05 14:30:20,734 [pool-307-thread-1] INFO  impl.RoleInfo (RoleInfo.java:updateAndGet(130)) - 6bbc5292-b6d7-424f-9a49-f587de829c2d: start 6bbc5292-b6d7-424f-9a49-f587de829c2d@group-C7D30DC73C8C-FollowerState
2021-09-05 14:30:20,738 [pool-307-thread-1] INFO  util.JmxRegister (JmxRegister.java:tryRegister(44)) - Successfully registered JMX Bean with object name Ratis:service=RaftServer,group=group-C7D30DC73C8C,id=6bbc5292-b6d7-424f-9a49-f587de829c2d
2021-09-05 14:30:20,739 [Command processor thread] INFO  ratis.XceiverServerRatis (XceiverServerRatis.java:addGroup(763)) - Created group PipelineID=e3aad268-0212-4c0d-aefa-c7d30dc73c8c
2021-09-05 14:30:20,739 [Command processor thread] INFO  commandhandler.CreatePipelineCommandHandler (CreatePipelineCommandHandler.java:handle(106)) - Created Pipeline RATIS ONE PipelineID=e3aad268-0212-4c0d-aefa-c7d30dc73c8c.
2021-09-05 14:30:20,753 [EndpointStateMachine task thread for /127.0.0.1:14541 - 0 ] INFO  ipc.Client (Client.java:handleConnectionFailure(977)) - Retrying connect to server: localhost/127.0.0.1:14541. Already tried 8 time(s); retry policy is RetryUpToMaximumCountWithFixedSleep(maxRetries=15, sleepTime=1000 MILLISECONDS)
2021-09-05 14:30:20,755 [EndpointStateMachine task thread for /127.0.0.1:14531 - 0 ] INFO  ipc.Client (Client.java:handleConnectionFailure(977)) - Retrying connect to server: localhost/127.0.0.1:14531. Already tried 9 time(s); retry policy is RetryUpToMaximumCountWithFixedSleep(maxRetries=15, sleepTime=1000 MILLISECONDS)
2021-09-05 14:30:20,774 [EndpointStateMachine task thread for /127.0.0.1:14521 - 0 ] INFO  ipc.Client (Client.java:handleConnectionFailure(977)) - Retrying connect to server: localhost/127.0.0.1:14521. Already tried 10 time(s); retry policy is RetryUpToMaximumCountWithFixedSleep(maxRetries=15, sleepTime=1000 MILLISECONDS)
2021-09-05 14:30:21,139 [Datanode State Machine Thread - 0] ERROR datanode.RunningDatanodeState (RunningDatanodeState.java:computeNextContainerState(199)) - Error in executing end point task.
java.util.concurrent.ExecutionException: java.util.concurrent.TimeoutException
	at java.util.concurrent.FutureTask.report(FutureTask.java:122)
	at java.util.concurrent.FutureTask.get(FutureTask.java:192)
	at org.apache.hadoop.ozone.container.common.states.datanode.RunningDatanodeState.computeNextContainerState(RunningDatanodeState.java:191)
	at org.apache.hadoop.ozone.container.common.states.datanode.RunningDatanodeState.await(RunningDatanodeState.java:231)
	at org.apache.hadoop.ozone.container.common.states.datanode.RunningDatanodeState.await(RunningDatanodeState.java:50)
	at org.apache.hadoop.ozone.container.common.statemachine.StateContext.execute(StateContext.java:629)
	at org.apache.hadoop.ozone.container.common.statemachine.DatanodeStateMachine.start(DatanodeStateMachine.java:270)
	at org.apache.hadoop.ozone.container.common.statemachine.DatanodeStateMachine.lambda$startDaemon$0(DatanodeStateMachine.java:456)
	at java.lang.Thread.run(Thread.java:748)
Caused by: java.util.concurrent.TimeoutException
	at java.util.concurrent.FutureTask.get(FutureTask.java:205)
	at org.apache.hadoop.ozone.container.common.states.datanode.RunningDatanodeState.lambda$execute$0(RunningDatanodeState.java:149)
	at java.util.concurrent.FutureTask.run(FutureTask.java:266)
	at java.util.concurrent.Executors$RunnableAdapter.call(Executors.java:511)
	at java.util.concurrent.FutureTask.run(FutureTask.java:266)
	at java.util.concurrent.ThreadPoolExecutor.runWorker(ThreadPoolExecutor.java:1149)
	at java.util.concurrent.ThreadPoolExecutor$Worker.run(ThreadPoolExecutor.java:624)
	... 1 more
2021-09-05 14:30:21,633 [Listener at 127.0.0.1/11040] INFO  ozone.MiniOzoneClusterImpl (MiniOzoneClusterImpl.java:lambda$waitForClusterToBeReady$0(235)) - Nodes are ready. Got 3 of 3 DN Heartbeats.
2021-09-05 14:30:21,633 [Listener at 127.0.0.1/11040] INFO  ozone.MiniOzoneClusterImpl (MiniOzoneClusterImpl.java:lambda$waitForClusterToBeReady$0(238)) - Waiting for cluster to exit safe mode
2021-09-05 14:30:21,633 [Listener at 127.0.0.1/11040] INFO  ozone.MiniOzoneClusterImpl (MiniOzoneClusterImpl.java:lambda$waitForClusterToBeReady$0(240)) - SCM became leader
2021-09-05 14:30:21,753 [EndpointStateMachine task thread for /127.0.0.1:14541 - 0 ] INFO  ipc.Client (Client.java:handleConnectionFailure(977)) - Retrying connect to server: localhost/127.0.0.1:14541. Already tried 9 time(s); retry policy is RetryUpToMaximumCountWithFixedSleep(maxRetries=15, sleepTime=1000 MILLISECONDS)
2021-09-05 14:30:21,755 [EndpointStateMachine task thread for /127.0.0.1:14531 - 0 ] INFO  ipc.Client (Client.java:handleConnectionFailure(977)) - Retrying connect to server: localhost/127.0.0.1:14531. Already tried 10 time(s); retry policy is RetryUpToMaximumCountWithFixedSleep(maxRetries=15, sleepTime=1000 MILLISECONDS)
2021-09-05 14:30:21,786 [EndpointStateMachine task thread for /127.0.0.1:14521 - 0 ] INFO  ipc.Client (Client.java:handleConnectionFailure(977)) - Retrying connect to server: localhost/127.0.0.1:14521. Already tried 11 time(s); retry policy is RetryUpToMaximumCountWithFixedSleep(maxRetries=15, sleepTime=1000 MILLISECONDS)
2021-09-05 14:30:22,063 [Datanode State Machine Thread - 0] ERROR datanode.RunningDatanodeState (RunningDatanodeState.java:computeNextContainerState(199)) - Error in executing end point task.
java.util.concurrent.ExecutionException: java.util.concurrent.TimeoutException
	at java.util.concurrent.FutureTask.report(FutureTask.java:122)
	at java.util.concurrent.FutureTask.get(FutureTask.java:192)
	at org.apache.hadoop.ozone.container.common.states.datanode.RunningDatanodeState.computeNextContainerState(RunningDatanodeState.java:191)
	at org.apache.hadoop.ozone.container.common.states.datanode.RunningDatanodeState.await(RunningDatanodeState.java:231)
	at org.apache.hadoop.ozone.container.common.states.datanode.RunningDatanodeState.await(RunningDatanodeState.java:50)
	at org.apache.hadoop.ozone.container.common.statemachine.StateContext.execute(StateContext.java:629)
	at org.apache.hadoop.ozone.container.common.statemachine.DatanodeStateMachine.start(DatanodeStateMachine.java:270)
	at org.apache.hadoop.ozone.container.common.statemachine.DatanodeStateMachine.lambda$startDaemon$0(DatanodeStateMachine.java:456)
	at java.lang.Thread.run(Thread.java:748)
Caused by: java.util.concurrent.TimeoutException
	at java.util.concurrent.FutureTask.get(FutureTask.java:205)
	at org.apache.hadoop.ozone.container.common.states.datanode.RunningDatanodeState.lambda$execute$0(RunningDatanodeState.java:149)
	at java.util.concurrent.FutureTask.run(FutureTask.java:266)
	at java.util.concurrent.Executors$RunnableAdapter.call(Executors.java:511)
	at java.util.concurrent.FutureTask.run(FutureTask.java:266)
	at java.util.concurrent.ThreadPoolExecutor.runWorker(ThreadPoolExecutor.java:1149)
	at java.util.concurrent.ThreadPoolExecutor$Worker.run(ThreadPoolExecutor.java:624)
	... 1 more
2021-09-05 14:30:22,141 [Datanode State Machine Thread - 0] ERROR datanode.RunningDatanodeState (RunningDatanodeState.java:computeNextContainerState(199)) - Error in executing end point task.
java.util.concurrent.ExecutionException: java.util.concurrent.TimeoutException
	at java.util.concurrent.FutureTask.report(FutureTask.java:122)
	at java.util.concurrent.FutureTask.get(FutureTask.java:192)
	at org.apache.hadoop.ozone.container.common.states.datanode.RunningDatanodeState.computeNextContainerState(RunningDatanodeState.java:191)
	at org.apache.hadoop.ozone.container.common.states.datanode.RunningDatanodeState.await(RunningDatanodeState.java:231)
	at org.apache.hadoop.ozone.container.common.states.datanode.RunningDatanodeState.await(RunningDatanodeState.java:50)
	at org.apache.hadoop.ozone.container.common.statemachine.StateContext.execute(StateContext.java:629)
	at org.apache.hadoop.ozone.container.common.statemachine.DatanodeStateMachine.start(DatanodeStateMachine.java:270)
	at org.apache.hadoop.ozone.container.common.statemachine.DatanodeStateMachine.lambda$startDaemon$0(DatanodeStateMachine.java:456)
	at java.lang.Thread.run(Thread.java:748)
Caused by: java.util.concurrent.TimeoutException
	at java.util.concurrent.FutureTask.get(FutureTask.java:205)
	at org.apache.hadoop.ozone.container.common.states.datanode.RunningDatanodeState.lambda$execute$0(RunningDatanodeState.java:149)
	at java.util.concurrent.FutureTask.run(FutureTask.java:266)
	at java.util.concurrent.Executors$RunnableAdapter.call(Executors.java:511)
	at java.util.concurrent.FutureTask.run(FutureTask.java:266)
	at java.util.concurrent.ThreadPoolExecutor.runWorker(ThreadPoolExecutor.java:1149)
	at java.util.concurrent.ThreadPoolExecutor$Worker.run(ThreadPoolExecutor.java:624)
	... 1 more
2021-09-05 14:30:22,634 [Listener at 127.0.0.1/11040] INFO  ozone.MiniOzoneClusterImpl (MiniOzoneClusterImpl.java:lambda$waitForClusterToBeReady$0(235)) - Nodes are ready. Got 3 of 3 DN Heartbeats.
2021-09-05 14:30:22,634 [Listener at 127.0.0.1/11040] INFO  ozone.MiniOzoneClusterImpl (MiniOzoneClusterImpl.java:lambda$waitForClusterToBeReady$0(238)) - Waiting for cluster to exit safe mode
2021-09-05 14:30:22,634 [Listener at 127.0.0.1/11040] INFO  ozone.MiniOzoneClusterImpl (MiniOzoneClusterImpl.java:lambda$waitForClusterToBeReady$0(240)) - SCM became leader
2021-09-05 14:30:22,696 [Datanode State Machine Thread - 0] ERROR datanode.RunningDatanodeState (RunningDatanodeState.java:computeNextContainerState(199)) - Error in executing end point task.
java.util.concurrent.ExecutionException: java.util.concurrent.TimeoutException
	at java.util.concurrent.FutureTask.report(FutureTask.java:122)
	at java.util.concurrent.FutureTask.get(FutureTask.java:192)
	at org.apache.hadoop.ozone.container.common.states.datanode.RunningDatanodeState.computeNextContainerState(RunningDatanodeState.java:191)
	at org.apache.hadoop.ozone.container.common.states.datanode.RunningDatanodeState.await(RunningDatanodeState.java:231)
	at org.apache.hadoop.ozone.container.common.states.datanode.RunningDatanodeState.await(RunningDatanodeState.java:50)
	at org.apache.hadoop.ozone.container.common.statemachine.StateContext.execute(StateContext.java:629)
	at org.apache.hadoop.ozone.container.common.statemachine.DatanodeStateMachine.start(DatanodeStateMachine.java:270)
	at org.apache.hadoop.ozone.container.common.statemachine.DatanodeStateMachine.lambda$startDaemon$0(DatanodeStateMachine.java:456)
	at java.lang.Thread.run(Thread.java:748)
Caused by: java.util.concurrent.TimeoutException
	at java.util.concurrent.FutureTask.get(FutureTask.java:205)
	at org.apache.hadoop.ozone.container.common.states.datanode.RunningDatanodeState.lambda$execute$0(RunningDatanodeState.java:149)
	at java.util.concurrent.FutureTask.run(FutureTask.java:266)
	at java.util.concurrent.Executors$RunnableAdapter.call(Executors.java:511)
	at java.util.concurrent.FutureTask.run(FutureTask.java:266)
	at java.util.concurrent.ThreadPoolExecutor.runWorker(ThreadPoolExecutor.java:1149)
	at java.util.concurrent.ThreadPoolExecutor$Worker.run(ThreadPoolExecutor.java:624)
	... 1 more
2021-09-05 14:30:22,754 [EndpointStateMachine task thread for /127.0.0.1:14541 - 0 ] INFO  ipc.Client (Client.java:handleConnectionFailure(977)) - Retrying connect to server: localhost/127.0.0.1:14541. Already tried 10 time(s); retry policy is RetryUpToMaximumCountWithFixedSleep(maxRetries=15, sleepTime=1000 MILLISECONDS)
2021-09-05 14:30:22,756 [EndpointStateMachine task thread for /127.0.0.1:14531 - 0 ] INFO  ipc.Client (Client.java:handleConnectionFailure(977)) - Retrying connect to server: localhost/127.0.0.1:14531. Already tried 11 time(s); retry policy is RetryUpToMaximumCountWithFixedSleep(maxRetries=15, sleepTime=1000 MILLISECONDS)
2021-09-05 14:30:22,786 [EndpointStateMachine task thread for /127.0.0.1:14521 - 0 ] INFO  ipc.Client (Client.java:handleConnectionFailure(977)) - Retrying connect to server: localhost/127.0.0.1:14521. Already tried 12 time(s); retry policy is RetryUpToMaximumCountWithFixedSleep(maxRetries=15, sleepTime=1000 MILLISECONDS)
2021-09-05 14:30:23,143 [Datanode State Machine Thread - 0] ERROR datanode.RunningDatanodeState (RunningDatanodeState.java:computeNextContainerState(199)) - Error in executing end point task.
java.util.concurrent.ExecutionException: java.util.concurrent.TimeoutException
	at java.util.concurrent.FutureTask.report(FutureTask.java:122)
	at java.util.concurrent.FutureTask.get(FutureTask.java:192)
	at org.apache.hadoop.ozone.container.common.states.datanode.RunningDatanodeState.computeNextContainerState(RunningDatanodeState.java:191)
	at org.apache.hadoop.ozone.container.common.states.datanode.RunningDatanodeState.await(RunningDatanodeState.java:231)
	at org.apache.hadoop.ozone.container.common.states.datanode.RunningDatanodeState.await(RunningDatanodeState.java:50)
	at org.apache.hadoop.ozone.container.common.statemachine.StateContext.execute(StateContext.java:629)
	at org.apache.hadoop.ozone.container.common.statemachine.DatanodeStateMachine.start(DatanodeStateMachine.java:270)
	at org.apache.hadoop.ozone.container.common.statemachine.DatanodeStateMachine.lambda$startDaemon$0(DatanodeStateMachine.java:456)
	at java.lang.Thread.run(Thread.java:748)
Caused by: java.util.concurrent.TimeoutException
	at java.util.concurrent.FutureTask.get(FutureTask.java:205)
	at org.apache.hadoop.ozone.container.common.states.datanode.RunningDatanodeState.lambda$execute$0(RunningDatanodeState.java:149)
	at java.util.concurrent.FutureTask.run(FutureTask.java:266)
	at java.util.concurrent.Executors$RunnableAdapter.call(Executors.java:511)
	at java.util.concurrent.FutureTask.run(FutureTask.java:266)
	at java.util.concurrent.ThreadPoolExecutor.runWorker(ThreadPoolExecutor.java:1149)
	at java.util.concurrent.ThreadPoolExecutor$Worker.run(ThreadPoolExecutor.java:624)
	... 1 more
2021-09-05 14:30:23,634 [Listener at 127.0.0.1/11040] INFO  ozone.MiniOzoneClusterImpl (MiniOzoneClusterImpl.java:lambda$waitForClusterToBeReady$0(235)) - Nodes are ready. Got 3 of 3 DN Heartbeats.
2021-09-05 14:30:23,635 [Listener at 127.0.0.1/11040] INFO  ozone.MiniOzoneClusterImpl (MiniOzoneClusterImpl.java:lambda$waitForClusterToBeReady$0(238)) - Waiting for cluster to exit safe mode
2021-09-05 14:30:23,635 [Listener at 127.0.0.1/11040] INFO  ozone.MiniOzoneClusterImpl (MiniOzoneClusterImpl.java:lambda$waitForClusterToBeReady$0(240)) - SCM became leader
2021-09-05 14:30:23,699 [Datanode State Machine Thread - 0] ERROR datanode.RunningDatanodeState (RunningDatanodeState.java:computeNextContainerState(199)) - Error in executing end point task.
java.util.concurrent.ExecutionException: java.util.concurrent.TimeoutException
	at java.util.concurrent.FutureTask.report(FutureTask.java:122)
	at java.util.concurrent.FutureTask.get(FutureTask.java:192)
	at org.apache.hadoop.ozone.container.common.states.datanode.RunningDatanodeState.computeNextContainerState(RunningDatanodeState.java:191)
	at org.apache.hadoop.ozone.container.common.states.datanode.RunningDatanodeState.await(RunningDatanodeState.java:231)
	at org.apache.hadoop.ozone.container.common.states.datanode.RunningDatanodeState.await(RunningDatanodeState.java:50)
	at org.apache.hadoop.ozone.container.common.statemachine.StateContext.execute(StateContext.java:629)
	at org.apache.hadoop.ozone.container.common.statemachine.DatanodeStateMachine.start(DatanodeStateMachine.java:270)
	at org.apache.hadoop.ozone.container.common.statemachine.DatanodeStateMachine.lambda$startDaemon$0(DatanodeStateMachine.java:456)
	at java.lang.Thread.run(Thread.java:748)
Caused by: java.util.concurrent.TimeoutException
	at java.util.concurrent.FutureTask.get(FutureTask.java:205)
	at org.apache.hadoop.ozone.container.common.states.datanode.RunningDatanodeState.lambda$execute$0(RunningDatanodeState.java:149)
	at java.util.concurrent.FutureTask.run(FutureTask.java:266)
	at java.util.concurrent.Executors$RunnableAdapter.call(Executors.java:511)
	at java.util.concurrent.FutureTask.run(FutureTask.java:266)
	at java.util.concurrent.ThreadPoolExecutor.runWorker(ThreadPoolExecutor.java:1149)
	at java.util.concurrent.ThreadPoolExecutor$Worker.run(ThreadPoolExecutor.java:624)
	... 1 more
2021-09-05 14:30:23,754 [EndpointStateMachine task thread for /127.0.0.1:14541 - 0 ] INFO  ipc.Client (Client.java:handleConnectionFailure(977)) - Retrying connect to server: localhost/127.0.0.1:14541. Already tried 11 time(s); retry policy is RetryUpToMaximumCountWithFixedSleep(maxRetries=15, sleepTime=1000 MILLISECONDS)
2021-09-05 14:30:23,756 [EndpointStateMachine task thread for /127.0.0.1:14531 - 0 ] INFO  ipc.Client (Client.java:handleConnectionFailure(977)) - Retrying connect to server: localhost/127.0.0.1:14531. Already tried 12 time(s); retry policy is RetryUpToMaximumCountWithFixedSleep(maxRetries=15, sleepTime=1000 MILLISECONDS)
2021-09-05 14:30:23,787 [EndpointStateMachine task thread for /127.0.0.1:14521 - 0 ] INFO  ipc.Client (Client.java:handleConnectionFailure(977)) - Retrying connect to server: localhost/127.0.0.1:14521. Already tried 13 time(s); retry policy is RetryUpToMaximumCountWithFixedSleep(maxRetries=15, sleepTime=1000 MILLISECONDS)
2021-09-05 14:30:24,071 [Datanode State Machine Thread - 0] ERROR datanode.RunningDatanodeState (RunningDatanodeState.java:computeNextContainerState(199)) - Error in executing end point task.
java.util.concurrent.ExecutionException: java.util.concurrent.TimeoutException
	at java.util.concurrent.FutureTask.report(FutureTask.java:122)
	at java.util.concurrent.FutureTask.get(FutureTask.java:192)
	at org.apache.hadoop.ozone.container.common.states.datanode.RunningDatanodeState.computeNextContainerState(RunningDatanodeState.java:191)
	at org.apache.hadoop.ozone.container.common.states.datanode.RunningDatanodeState.await(RunningDatanodeState.java:231)
	at org.apache.hadoop.ozone.container.common.states.datanode.RunningDatanodeState.await(RunningDatanodeState.java:50)
	at org.apache.hadoop.ozone.container.common.statemachine.StateContext.execute(StateContext.java:629)
	at org.apache.hadoop.ozone.container.common.statemachine.DatanodeStateMachine.start(DatanodeStateMachine.java:270)
	at org.apache.hadoop.ozone.container.common.statemachine.DatanodeStateMachine.lambda$startDaemon$0(DatanodeStateMachine.java:456)
	at java.lang.Thread.run(Thread.java:748)
Caused by: java.util.concurrent.TimeoutException
	at java.util.concurrent.FutureTask.get(FutureTask.java:205)
	at org.apache.hadoop.ozone.container.common.states.datanode.RunningDatanodeState.lambda$execute$0(RunningDatanodeState.java:149)
	at java.util.concurrent.FutureTask.run(FutureTask.java:266)
	at java.util.concurrent.Executors$RunnableAdapter.call(Executors.java:511)
	at java.util.concurrent.FutureTask.run(FutureTask.java:266)
	at java.util.concurrent.ThreadPoolExecutor.runWorker(ThreadPoolExecutor.java:1149)
	at java.util.concurrent.ThreadPoolExecutor$Worker.run(ThreadPoolExecutor.java:624)
	... 1 more
2021-09-05 14:30:24,635 [Listener at 127.0.0.1/11040] INFO  ozone.MiniOzoneClusterImpl (MiniOzoneClusterImpl.java:lambda$waitForClusterToBeReady$0(235)) - Nodes are ready. Got 3 of 3 DN Heartbeats.
2021-09-05 14:30:24,635 [Listener at 127.0.0.1/11040] INFO  ozone.MiniOzoneClusterImpl (MiniOzoneClusterImpl.java:lambda$waitForClusterToBeReady$0(238)) - Waiting for cluster to exit safe mode
2021-09-05 14:30:24,635 [Listener at 127.0.0.1/11040] INFO  ozone.MiniOzoneClusterImpl (MiniOzoneClusterImpl.java:lambda$waitForClusterToBeReady$0(240)) - SCM became leader
2021-09-05 14:30:24,755 [EndpointStateMachine task thread for /127.0.0.1:14541 - 0 ] INFO  ipc.Client (Client.java:handleConnectionFailure(977)) - Retrying connect to server: localhost/127.0.0.1:14541. Already tried 12 time(s); retry policy is RetryUpToMaximumCountWithFixedSleep(maxRetries=15, sleepTime=1000 MILLISECONDS)
2021-09-05 14:30:24,757 [EndpointStateMachine task thread for /127.0.0.1:14531 - 0 ] INFO  ipc.Client (Client.java:handleConnectionFailure(977)) - Retrying connect to server: localhost/127.0.0.1:14531. Already tried 13 time(s); retry policy is RetryUpToMaximumCountWithFixedSleep(maxRetries=15, sleepTime=1000 MILLISECONDS)
2021-09-05 14:30:24,787 [EndpointStateMachine task thread for /127.0.0.1:14521 - 0 ] INFO  ipc.Client (Client.java:handleConnectionFailure(977)) - Retrying connect to server: localhost/127.0.0.1:14521. Already tried 14 time(s); retry policy is RetryUpToMaximumCountWithFixedSleep(maxRetries=15, sleepTime=1000 MILLISECONDS)
2021-09-05 14:30:24,837 [83398dfc-751f-4fe2-af5b-c65c8f1546c8@group-29BFC1B0D5A0-FollowerState] INFO  impl.FollowerState (FollowerState.java:run(134)) - 83398dfc-751f-4fe2-af5b-c65c8f1546c8@group-29BFC1B0D5A0-FollowerState: change to CANDIDATE, lastRpcElapsedTime:5050245555ns, electionTimeout:5027ms
2021-09-05 14:30:24,837 [83398dfc-751f-4fe2-af5b-c65c8f1546c8@group-29BFC1B0D5A0-FollowerState] INFO  impl.RoleInfo (RoleInfo.java:shutdownFollowerState(108)) - 83398dfc-751f-4fe2-af5b-c65c8f1546c8: shutdown 83398dfc-751f-4fe2-af5b-c65c8f1546c8@group-29BFC1B0D5A0-FollowerState
2021-09-05 14:30:24,837 [83398dfc-751f-4fe2-af5b-c65c8f1546c8@group-29BFC1B0D5A0-FollowerState] INFO  server.RaftServer$Division (RaftServerImpl.java:setRole(285)) - 83398dfc-751f-4fe2-af5b-c65c8f1546c8@group-29BFC1B0D5A0: changes role from  FOLLOWER to CANDIDATE at term 0 for changeToCandidate
2021-09-05 14:30:24,837 [83398dfc-751f-4fe2-af5b-c65c8f1546c8@group-29BFC1B0D5A0-FollowerState] INFO  server.RaftServerConfigKeys (ConfUtils.java:logGet(44)) - raft.server.leaderelection.pre-vote = false (custom)
2021-09-05 14:30:24,838 [83398dfc-751f-4fe2-af5b-c65c8f1546c8@group-29BFC1B0D5A0-FollowerState] INFO  impl.RoleInfo (RoleInfo.java:updateAndGet(130)) - 83398dfc-751f-4fe2-af5b-c65c8f1546c8: start 83398dfc-751f-4fe2-af5b-c65c8f1546c8@group-29BFC1B0D5A0-LeaderElection14
2021-09-05 14:30:24,850 [83398dfc-751f-4fe2-af5b-c65c8f1546c8@group-29BFC1B0D5A0-LeaderElection14] INFO  impl.LeaderElection (LeaderElection.java:askForVotes(306)) - 83398dfc-751f-4fe2-af5b-c65c8f1546c8@group-29BFC1B0D5A0-LeaderElection14 ELECTION round 0: submit vote requests at term 1 for -1: [83398dfc-751f-4fe2-af5b-c65c8f1546c8|rpc:127.0.0.1:46795|priority:1, 6bbc5292-b6d7-424f-9a49-f587de829c2d|rpc:127.0.0.1:46659|priority:0, 73fc6282-bdcb-4a1d-9106-80b228a82791|rpc:127.0.0.1:46567|priority:0], old=null
2021-09-05 14:30:24,855 [83398dfc-751f-4fe2-af5b-c65c8f1546c8@group-55F03F1850F1-FollowerState] INFO  impl.FollowerState (FollowerState.java:run(134)) - 83398dfc-751f-4fe2-af5b-c65c8f1546c8@group-55F03F1850F1-FollowerState: change to CANDIDATE, lastRpcElapsedTime:5101879896ns, electionTimeout:5099ms
2021-09-05 14:30:24,855 [83398dfc-751f-4fe2-af5b-c65c8f1546c8@group-55F03F1850F1-FollowerState] INFO  impl.RoleInfo (RoleInfo.java:shutdownFollowerState(108)) - 83398dfc-751f-4fe2-af5b-c65c8f1546c8: shutdown 83398dfc-751f-4fe2-af5b-c65c8f1546c8@group-55F03F1850F1-FollowerState
2021-09-05 14:30:24,855 [83398dfc-751f-4fe2-af5b-c65c8f1546c8@group-55F03F1850F1-FollowerState] INFO  server.RaftServer$Division (RaftServerImpl.java:setRole(285)) - 83398dfc-751f-4fe2-af5b-c65c8f1546c8@group-55F03F1850F1: changes role from  FOLLOWER to CANDIDATE at term 0 for changeToCandidate
2021-09-05 14:30:24,865 [83398dfc-751f-4fe2-af5b-c65c8f1546c8@group-55F03F1850F1-FollowerState] INFO  server.RaftServerConfigKeys (ConfUtils.java:logGet(44)) - raft.server.leaderelection.pre-vote = false (custom)
2021-09-05 14:30:24,865 [83398dfc-751f-4fe2-af5b-c65c8f1546c8@group-55F03F1850F1-FollowerState] INFO  impl.RoleInfo (RoleInfo.java:updateAndGet(130)) - 83398dfc-751f-4fe2-af5b-c65c8f1546c8: start 83398dfc-751f-4fe2-af5b-c65c8f1546c8@group-55F03F1850F1-LeaderElection15
2021-09-05 14:30:24,875 [grpc-default-executor-2] INFO  server.RaftServer$Division (RaftServerImpl.java:requestVote(1043)) - 6bbc5292-b6d7-424f-9a49-f587de829c2d@group-29BFC1B0D5A0: receive requestVote(ELECTION, 83398dfc-751f-4fe2-af5b-c65c8f1546c8, group-29BFC1B0D5A0, 1, (t:0, i:0))
2021-09-05 14:30:24,875 [grpc-default-executor-2] INFO  impl.VoteContext (VoteContext.java:log(48)) - 6bbc5292-b6d7-424f-9a49-f587de829c2d@group-29BFC1B0D5A0-FOLLOWER: accept ELECTION from 83398dfc-751f-4fe2-af5b-c65c8f1546c8: our priority 0 <= candidate's priority 1
2021-09-05 14:30:24,875 [grpc-default-executor-2] INFO  server.RaftServer$Division (RaftServerImpl.java:setRole(285)) - 6bbc5292-b6d7-424f-9a49-f587de829c2d@group-29BFC1B0D5A0: changes role from  FOLLOWER to FOLLOWER at term 1 for candidate:83398dfc-751f-4fe2-af5b-c65c8f1546c8
2021-09-05 14:30:24,875 [grpc-default-executor-2] INFO  impl.RoleInfo (RoleInfo.java:shutdownFollowerState(108)) - 6bbc5292-b6d7-424f-9a49-f587de829c2d: shutdown 6bbc5292-b6d7-424f-9a49-f587de829c2d@group-29BFC1B0D5A0-FollowerState
2021-09-05 14:30:24,875 [6bbc5292-b6d7-424f-9a49-f587de829c2d@group-29BFC1B0D5A0-FollowerState] INFO  impl.FollowerState (FollowerState.java:run(143)) - 6bbc5292-b6d7-424f-9a49-f587de829c2d@group-29BFC1B0D5A0-FollowerState was interrupted: {}
java.lang.InterruptedException: sleep interrupted
	at java.lang.Thread.sleep(Native Method)
	at java.lang.Thread.sleep(Thread.java:340)
	at java.util.concurrent.TimeUnit.sleep(TimeUnit.java:386)
	at org.apache.ratis.util.TimeDuration.sleep(TimeDuration.java:324)
	at org.apache.ratis.util.TimeDuration.sleep(TimeDuration.java:309)
	at org.apache.ratis.server.impl.FollowerState.run(FollowerState.java:118)
2021-09-05 14:30:24,875 [grpc-default-executor-2] INFO  impl.RoleInfo (RoleInfo.java:updateAndGet(130)) - 6bbc5292-b6d7-424f-9a49-f587de829c2d: start 6bbc5292-b6d7-424f-9a49-f587de829c2d@group-29BFC1B0D5A0-FollowerState
2021-09-05 14:30:24,885 [grpc-default-executor-2] INFO  server.RaftServer$Division (RaftServerImpl.java:requestVote(1075)) - 6bbc5292-b6d7-424f-9a49-f587de829c2d@group-29BFC1B0D5A0 replies to ELECTION vote request: 83398dfc-751f-4fe2-af5b-c65c8f1546c8<-6bbc5292-b6d7-424f-9a49-f587de829c2d#0:OK-t1. Peer's state: 6bbc5292-b6d7-424f-9a49-f587de829c2d@group-29BFC1B0D5A0:t1, leader=null, voted=83398dfc-751f-4fe2-af5b-c65c8f1546c8, raftlog=6bbc5292-b6d7-424f-9a49-f587de829c2d@group-29BFC1B0D5A0-SegmentedRaftLog:OPENED:c-1,f-1,i0, conf=-1: [83398dfc-751f-4fe2-af5b-c65c8f1546c8|rpc:127.0.0.1:46795|dataStream:|priority:1, 6bbc5292-b6d7-424f-9a49-f587de829c2d|rpc:127.0.0.1:46659|dataStream:|priority:0, 73fc6282-bdcb-4a1d-9106-80b228a82791|rpc:127.0.0.1:46567|dataStream:|priority:0], old=null
2021-09-05 14:30:24,889 [83398dfc-751f-4fe2-af5b-c65c8f1546c8@group-29BFC1B0D5A0-LeaderElection14] INFO  impl.LeaderElection (LeaderElection.java:logAndReturn(89)) - 83398dfc-751f-4fe2-af5b-c65c8f1546c8@group-29BFC1B0D5A0-LeaderElection14: ELECTION PASSED received 1 response(s) and 0 exception(s):
2021-09-05 14:30:24,889 [83398dfc-751f-4fe2-af5b-c65c8f1546c8@group-29BFC1B0D5A0-LeaderElection14] INFO  impl.LeaderElection (LeaderElection.java:logAndReturn(93)) -   Response 0: 83398dfc-751f-4fe2-af5b-c65c8f1546c8<-6bbc5292-b6d7-424f-9a49-f587de829c2d#0:OK-t1
2021-09-05 14:30:24,889 [83398dfc-751f-4fe2-af5b-c65c8f1546c8@group-29BFC1B0D5A0-LeaderElection14] INFO  impl.LeaderElection (LeaderElection.java:askForVotes(308)) - 83398dfc-751f-4fe2-af5b-c65c8f1546c8@group-29BFC1B0D5A0-LeaderElection14 ELECTION round 0: result PASSED
2021-09-05 14:30:24,889 [83398dfc-751f-4fe2-af5b-c65c8f1546c8@group-29BFC1B0D5A0-LeaderElection14] INFO  impl.RoleInfo (RoleInfo.java:shutdownLeaderElection(121)) - 83398dfc-751f-4fe2-af5b-c65c8f1546c8: shutdown 83398dfc-751f-4fe2-af5b-c65c8f1546c8@group-29BFC1B0D5A0-LeaderElection14
2021-09-05 14:30:24,889 [83398dfc-751f-4fe2-af5b-c65c8f1546c8@group-29BFC1B0D5A0-LeaderElection14] INFO  server.RaftServer$Division (RaftServerImpl.java:setRole(285)) - 83398dfc-751f-4fe2-af5b-c65c8f1546c8@group-29BFC1B0D5A0: changes role from CANDIDATE to LEADER at term 1 for changeToLeader
2021-09-05 14:30:24,889 [83398dfc-751f-4fe2-af5b-c65c8f1546c8@group-29BFC1B0D5A0-LeaderElection14] INFO  ratis.XceiverServerRatis (XceiverServerRatis.java:handleLeaderChangedNotification(861)) - Leader change notification received for group: group-29BFC1B0D5A0 with new leaderId: 83398dfc-751f-4fe2-af5b-c65c8f1546c8
2021-09-05 14:30:24,890 [83398dfc-751f-4fe2-af5b-c65c8f1546c8@group-29BFC1B0D5A0-LeaderElection14] INFO  server.RaftServer$Division (ServerState.java:setLeader(285)) - 83398dfc-751f-4fe2-af5b-c65c8f1546c8@group-29BFC1B0D5A0: change Leader from null to 83398dfc-751f-4fe2-af5b-c65c8f1546c8 at term 1 for becomeLeader, leader elected after 5123ms
2021-09-05 14:30:24,890 [83398dfc-751f-4fe2-af5b-c65c8f1546c8@group-29BFC1B0D5A0-LeaderElection14] INFO  server.RaftServerConfigKeys (ConfUtils.java:logGet(44)) - raft.server.staging.catchup.gap = 1000 (default)
2021-09-05 14:30:24,890 [83398dfc-751f-4fe2-af5b-c65c8f1546c8@group-29BFC1B0D5A0-LeaderElection14] INFO  server.RaftServerConfigKeys (ConfUtils.java:logGet(44)) - raft.server.write.element-limit = 1024 (custom)
2021-09-05 14:30:24,890 [83398dfc-751f-4fe2-af5b-c65c8f1546c8@group-29BFC1B0D5A0-LeaderElection14] INFO  server.RaftServerConfigKeys (ConfUtils.java:logGet(44)) - raft.server.write.byte-limit = 1024 M (=1073741824) (custom)
2021-09-05 14:30:24,893 [83398dfc-751f-4fe2-af5b-c65c8f1546c8@group-29BFC1B0D5A0-LeaderElection14] INFO  server.RaftServerConfigKeys (ConfUtils.java:logGet(44)) - raft.server.watch.timeout = 180s (custom)
2021-09-05 14:30:24,894 [83398dfc-751f-4fe2-af5b-c65c8f1546c8@group-29BFC1B0D5A0-LeaderElection14] INFO  server.RaftServerConfigKeys (ConfUtils.java:logGet(44)) - raft.server.watch.timeout.denomination = 1s (default)
2021-09-05 14:30:24,894 [83398dfc-751f-4fe2-af5b-c65c8f1546c8@group-29BFC1B0D5A0-LeaderElection14] INFO  server.RaftServerConfigKeys (ConfUtils.java:logGet(44)) - raft.server.watch.element-limit = 65536 (default)
2021-09-05 14:30:24,894 [83398dfc-751f-4fe2-af5b-c65c8f1546c8@group-29BFC1B0D5A0-LeaderElection14] INFO  server.RaftServerConfigKeys (ConfUtils.java:logGet(44)) - raft.server.log.appender.snapshot.chunk.size.max = 16MB (=16777216) (default)
2021-09-05 14:30:24,894 [83398dfc-751f-4fe2-af5b-c65c8f1546c8@group-29BFC1B0D5A0-LeaderElection14] INFO  server.RaftServerConfigKeys (ConfUtils.java:logGet(44)) - raft.server.log.appender.buffer.byte-limit = 33554432 (custom)
2021-09-05 14:30:24,894 [83398dfc-751f-4fe2-af5b-c65c8f1546c8@group-29BFC1B0D5A0-LeaderElection14] INFO  server.RaftServerConfigKeys (ConfUtils.java:logGet(44)) - raft.server.log.appender.buffer.element-limit = 1 (custom)
2021-09-05 14:30:24,894 [83398dfc-751f-4fe2-af5b-c65c8f1546c8@group-29BFC1B0D5A0-LeaderElection14] INFO  grpc.GrpcConfigKeys (ConfUtils.java:logGet(44)) - raft.grpc.server.leader.outstanding.appends.max = 128 (default)
2021-09-05 14:30:24,894 [83398dfc-751f-4fe2-af5b-c65c8f1546c8@group-29BFC1B0D5A0-LeaderElection14] INFO  server.RaftServerConfigKeys (ConfUtils.java:logGet(44)) - raft.server.rpc.request.timeout = 60s (custom)
2021-09-05 14:30:24,894 [83398dfc-751f-4fe2-af5b-c65c8f1546c8@group-29BFC1B0D5A0-LeaderElection14] INFO  server.RaftServerConfigKeys (ConfUtils.java:logGet(44)) - raft.server.log.appender.install.snapshot.enabled = false (custom)
2021-09-05 14:30:24,895 [83398dfc-751f-4fe2-af5b-c65c8f1546c8@group-29BFC1B0D5A0-LeaderElection14] INFO  server.RaftServerConfigKeys (ConfUtils.java:logGet(44)) - raft.server.log.appender.snapshot.chunk.size.max = 16MB (=16777216) (default)
2021-09-05 14:30:24,895 [83398dfc-751f-4fe2-af5b-c65c8f1546c8@group-29BFC1B0D5A0-LeaderElection14] INFO  server.RaftServerConfigKeys (ConfUtils.java:logGet(44)) - raft.server.log.appender.buffer.byte-limit = 33554432 (custom)
2021-09-05 14:30:24,895 [83398dfc-751f-4fe2-af5b-c65c8f1546c8@group-29BFC1B0D5A0-LeaderElection14] INFO  server.RaftServerConfigKeys (ConfUtils.java:logGet(44)) - raft.server.log.appender.buffer.element-limit = 1 (custom)
2021-09-05 14:30:24,895 [83398dfc-751f-4fe2-af5b-c65c8f1546c8@group-29BFC1B0D5A0-LeaderElection14] INFO  grpc.GrpcConfigKeys (ConfUtils.java:logGet(44)) - raft.grpc.server.leader.outstanding.appends.max = 128 (default)
2021-09-05 14:30:24,895 [83398dfc-751f-4fe2-af5b-c65c8f1546c8@group-29BFC1B0D5A0-LeaderElection14] INFO  server.RaftServerConfigKeys (ConfUtils.java:logGet(44)) - raft.server.rpc.request.timeout = 60s (custom)
2021-09-05 14:30:24,895 [83398dfc-751f-4fe2-af5b-c65c8f1546c8@group-29BFC1B0D5A0-LeaderElection14] INFO  server.RaftServerConfigKeys (ConfUtils.java:logGet(44)) - raft.server.log.appender.install.snapshot.enabled = false (custom)
2021-09-05 14:30:24,897 [83398dfc-751f-4fe2-af5b-c65c8f1546c8@group-55F03F1850F1-LeaderElection15] INFO  impl.LeaderElection (LeaderElection.java:askForVotes(306)) - 83398dfc-751f-4fe2-af5b-c65c8f1546c8@group-55F03F1850F1-LeaderElection15 ELECTION round 0: submit vote requests at term 1 for -1: [83398dfc-751f-4fe2-af5b-c65c8f1546c8|rpc:127.0.0.1:46795|priority:1], old=null
2021-09-05 14:30:24,897 [83398dfc-751f-4fe2-af5b-c65c8f1546c8@group-55F03F1850F1-LeaderElection15] INFO  impl.LeaderElection (LeaderElection.java:askForVotes(308)) - 83398dfc-751f-4fe2-af5b-c65c8f1546c8@group-55F03F1850F1-LeaderElection15 ELECTION round 0: result PASSED (term=1)
2021-09-05 14:30:24,897 [EventQueue-PipelineReportForPipelineReportHandler] INFO  pipeline.PipelineManagerImpl (PipelineManagerImpl.java:openPipeline(282)) - Pipeline Pipeline[ Id: 2e6c9be7-a862-4614-98fa-29bfc1b0d5a0, Nodes: 6bbc5292-b6d7-424f-9a49-f587de829c2d{ip: 127.0.0.1, host: localhost, ports: [REPLICATION=39479, RATIS=46659, RATIS_ADMIN=46659, RATIS_SERVER=46659, STANDALONE=41237], networkLocation: /default-rack, certSerialId: null, persistedOpState: IN_SERVICE, persistedOpStateExpiryEpochSec: 0}73fc6282-bdcb-4a1d-9106-80b228a82791{ip: 127.0.0.1, host: localhost, ports: [REPLICATION=42617, RATIS=46567, RATIS_ADMIN=46567, RATIS_SERVER=46567, STANDALONE=44315], networkLocation: /default-rack, certSerialId: null, persistedOpState: IN_SERVICE, persistedOpStateExpiryEpochSec: 0}83398dfc-751f-4fe2-af5b-c65c8f1546c8{ip: 127.0.0.1, host: localhost, ports: [REPLICATION=45841, RATIS=46795, RATIS_ADMIN=46795, RATIS_SERVER=46795, STANDALONE=45989], networkLocation: /default-rack, certSerialId: null, persistedOpState: IN_SERVICE, persistedOpStateExpiryEpochSec: 0}, ReplicationConfig: RATIS/THREE, State:ALLOCATED, leaderId:83398dfc-751f-4fe2-af5b-c65c8f1546c8, CreationTimestamp2021-09-05T14:30:17.722Z[Etc/UTC]] moved to OPEN state
2021-09-05 14:30:24,897 [83398dfc-751f-4fe2-af5b-c65c8f1546c8@group-55F03F1850F1-LeaderElection15] INFO  impl.RoleInfo (RoleInfo.java:shutdownLeaderElection(121)) - 83398dfc-751f-4fe2-af5b-c65c8f1546c8: shutdown 83398dfc-751f-4fe2-af5b-c65c8f1546c8@group-55F03F1850F1-LeaderElection15
2021-09-05 14:30:24,897 [83398dfc-751f-4fe2-af5b-c65c8f1546c8@group-55F03F1850F1-LeaderElection15] INFO  server.RaftServer$Division (RaftServerImpl.java:setRole(285)) - 83398dfc-751f-4fe2-af5b-c65c8f1546c8@group-55F03F1850F1: changes role from CANDIDATE to LEADER at term 1 for changeToLeader
2021-09-05 14:30:24,897 [83398dfc-751f-4fe2-af5b-c65c8f1546c8@group-55F03F1850F1-LeaderElection15] INFO  ratis.XceiverServerRatis (XceiverServerRatis.java:handleLeaderChangedNotification(861)) - Leader change notification received for group: group-55F03F1850F1 with new leaderId: 83398dfc-751f-4fe2-af5b-c65c8f1546c8
2021-09-05 14:30:24,897 [83398dfc-751f-4fe2-af5b-c65c8f1546c8@group-55F03F1850F1-LeaderElection15] INFO  server.RaftServer$Division (ServerState.java:setLeader(285)) - 83398dfc-751f-4fe2-af5b-c65c8f1546c8@group-55F03F1850F1: change Leader from null to 83398dfc-751f-4fe2-af5b-c65c8f1546c8 at term 1 for becomeLeader, leader elected after 5189ms
2021-09-05 14:30:24,897 [83398dfc-751f-4fe2-af5b-c65c8f1546c8@group-55F03F1850F1-LeaderElection15] INFO  server.RaftServerConfigKeys (ConfUtils.java:logGet(44)) - raft.server.staging.catchup.gap = 1000 (default)
2021-09-05 14:30:24,897 [83398dfc-751f-4fe2-af5b-c65c8f1546c8@group-55F03F1850F1-LeaderElection15] INFO  server.RaftServerConfigKeys (ConfUtils.java:logGet(44)) - raft.server.write.element-limit = 1024 (custom)
2021-09-05 14:30:24,897 [83398dfc-751f-4fe2-af5b-c65c8f1546c8@group-55F03F1850F1-LeaderElection15] INFO  server.RaftServerConfigKeys (ConfUtils.java:logGet(44)) - raft.server.write.byte-limit = 1024 M (=1073741824) (custom)
2021-09-05 14:30:24,898 [EventQueue-PipelineReportForPipelineReportHandler] INFO  pipeline.PipelineManagerImpl (PipelineManagerImpl.java:openPipeline(282)) - Pipeline Pipeline[ Id: 2e6c9be7-a862-4614-98fa-29bfc1b0d5a0, Nodes: 6bbc5292-b6d7-424f-9a49-f587de829c2d{ip: 127.0.0.1, host: localhost, ports: [REPLICATION=39479, RATIS=46659, RATIS_ADMIN=46659, RATIS_SERVER=46659, STANDALONE=41237], networkLocation: /default-rack, certSerialId: null, persistedOpState: IN_SERVICE, persistedOpStateExpiryEpochSec: 0}73fc6282-bdcb-4a1d-9106-80b228a82791{ip: 127.0.0.1, host: localhost, ports: [REPLICATION=42617, RATIS=46567, RATIS_ADMIN=46567, RATIS_SERVER=46567, STANDALONE=44315], networkLocation: /default-rack, certSerialId: null, persistedOpState: IN_SERVICE, persistedOpStateExpiryEpochSec: 0}83398dfc-751f-4fe2-af5b-c65c8f1546c8{ip: 127.0.0.1, host: localhost, ports: [REPLICATION=45841, RATIS=46795, RATIS_ADMIN=46795, RATIS_SERVER=46795, STANDALONE=45989], networkLocation: /default-rack, certSerialId: null, persistedOpState: IN_SERVICE, persistedOpStateExpiryEpochSec: 0}, ReplicationConfig: RATIS/THREE, State:ALLOCATED, leaderId:83398dfc-751f-4fe2-af5b-c65c8f1546c8, CreationTimestamp2021-09-05T14:30:17.722Z[Etc/UTC]] moved to OPEN state
2021-09-05 14:30:24,900 [EventQueue-PipelineReportForPipelineReportHandler] INFO  ha.SCMHAInvocationHandler (SCMHAInvocationHandler.java:invokeRatis(113)) - Invoking method public abstract void org.apache.hadoop.hdds.scm.pipeline.StateManager.updatePipelineState(org.apache.hadoop.hdds.protocol.proto.HddsProtos$PipelineID,org.apache.hadoop.hdds.protocol.proto.HddsProtos$PipelineState) throws java.io.IOException on target org.apache.hadoop.hdds.scm.ha.SCMRatisServerImpl@48ab14ff, cost 3042.932us
2021-09-05 14:30:24,900 [EventQueue-OpenPipelineForHealthyPipelineSafeModeRule] INFO  safemode.SCMSafeModeManager (HealthyPipelineSafeModeRule.java:process(124)) - SCM in safe mode. Healthy pipelines reported count is 0, required healthy pipeline reported count is 1
2021-09-05 14:30:24,901 [EventQueue-PipelineReportForPipelineReportHandler] INFO  pipeline.PipelineManagerImpl (PipelineManagerImpl.java:openPipeline(282)) - Pipeline Pipeline[ Id: 2e6c9be7-a862-4614-98fa-29bfc1b0d5a0, Nodes: 6bbc5292-b6d7-424f-9a49-f587de829c2d{ip: 127.0.0.1, host: localhost, ports: [REPLICATION=39479, RATIS=46659, RATIS_ADMIN=46659, RATIS_SERVER=46659, STANDALONE=41237], networkLocation: /default-rack, certSerialId: null, persistedOpState: IN_SERVICE, persistedOpStateExpiryEpochSec: 0}73fc6282-bdcb-4a1d-9106-80b228a82791{ip: 127.0.0.1, host: localhost, ports: [REPLICATION=42617, RATIS=46567, RATIS_ADMIN=46567, RATIS_SERVER=46567, STANDALONE=44315], networkLocation: /default-rack, certSerialId: null, persistedOpState: IN_SERVICE, persistedOpStateExpiryEpochSec: 0}83398dfc-751f-4fe2-af5b-c65c8f1546c8{ip: 127.0.0.1, host: localhost, ports: [REPLICATION=45841, RATIS=46795, RATIS_ADMIN=46795, RATIS_SERVER=46795, STANDALONE=45989], networkLocation: /default-rack, certSerialId: null, persistedOpState: IN_SERVICE, persistedOpStateExpiryEpochSec: 0}, ReplicationConfig: RATIS/THREE, State:ALLOCATED, leaderId:83398dfc-751f-4fe2-af5b-c65c8f1546c8, CreationTimestamp2021-09-05T14:30:17.722Z[Etc/UTC]] moved to OPEN state
2021-09-05 14:30:24,901 [EventQueue-PipelineReportForPipelineReportHandler] INFO  ha.SCMHAInvocationHandler (SCMHAInvocationHandler.java:invokeRatis(113)) - Invoking method public abstract void org.apache.hadoop.hdds.scm.pipeline.StateManager.updatePipelineState(org.apache.hadoop.hdds.protocol.proto.HddsProtos$PipelineID,org.apache.hadoop.hdds.protocol.proto.HddsProtos$PipelineState) throws java.io.IOException on target org.apache.hadoop.hdds.scm.ha.SCMRatisServerImpl@48ab14ff, cost 149.002us
2021-09-05 14:30:24,902 [EventQueue-OpenPipelineForHealthyPipelineSafeModeRule] INFO  safemode.SCMSafeModeManager (HealthyPipelineSafeModeRule.java:process(124)) - SCM in safe mode. Healthy pipelines reported count is 0, required healthy pipeline reported count is 1
2021-09-05 14:30:24,917 [grpc-default-executor-1] INFO  server.RaftServer$Division (RaftServerImpl.java:requestVote(1043)) - 73fc6282-bdcb-4a1d-9106-80b228a82791@group-29BFC1B0D5A0: receive requestVote(ELECTION, 83398dfc-751f-4fe2-af5b-c65c8f1546c8, group-29BFC1B0D5A0, 1, (t:0, i:0))
2021-09-05 14:30:24,917 [grpc-default-executor-1] INFO  impl.VoteContext (VoteContext.java:log(48)) - 73fc6282-bdcb-4a1d-9106-80b228a82791@group-29BFC1B0D5A0-FOLLOWER: accept ELECTION from 83398dfc-751f-4fe2-af5b-c65c8f1546c8: our priority 0 <= candidate's priority 1
2021-09-05 14:30:24,917 [83398dfc-751f-4fe2-af5b-c65c8f1546c8@group-55F03F1850F1-LeaderElection15] INFO  server.RaftServerConfigKeys (ConfUtils.java:logGet(44)) - raft.server.watch.timeout = 180s (custom)
2021-09-05 14:30:24,917 [grpc-default-executor-1] INFO  server.RaftServer$Division (RaftServerImpl.java:setRole(285)) - 73fc6282-bdcb-4a1d-9106-80b228a82791@group-29BFC1B0D5A0: changes role from  FOLLOWER to FOLLOWER at term 1 for candidate:83398dfc-751f-4fe2-af5b-c65c8f1546c8
2021-09-05 14:30:24,918 [grpc-default-executor-1] INFO  impl.RoleInfo (RoleInfo.java:shutdownFollowerState(108)) - 73fc6282-bdcb-4a1d-9106-80b228a82791: shutdown 73fc6282-bdcb-4a1d-9106-80b228a82791@group-29BFC1B0D5A0-FollowerState
2021-09-05 14:30:24,918 [grpc-default-executor-1] INFO  impl.RoleInfo (RoleInfo.java:updateAndGet(130)) - 73fc6282-bdcb-4a1d-9106-80b228a82791: start 73fc6282-bdcb-4a1d-9106-80b228a82791@group-29BFC1B0D5A0-FollowerState
2021-09-05 14:30:24,918 [73fc6282-bdcb-4a1d-9106-80b228a82791@group-29BFC1B0D5A0-FollowerState] INFO  impl.FollowerState (FollowerState.java:run(143)) - 73fc6282-bdcb-4a1d-9106-80b228a82791@group-29BFC1B0D5A0-FollowerState was interrupted: {}
java.lang.InterruptedException: sleep interrupted
	at java.lang.Thread.sleep(Native Method)
	at java.lang.Thread.sleep(Thread.java:340)
	at java.util.concurrent.TimeUnit.sleep(TimeUnit.java:386)
	at org.apache.ratis.util.TimeDuration.sleep(TimeDuration.java:324)
	at org.apache.ratis.util.TimeDuration.sleep(TimeDuration.java:309)
	at org.apache.ratis.server.impl.FollowerState.run(FollowerState.java:118)
2021-09-05 14:30:24,917 [83398dfc-751f-4fe2-af5b-c65c8f1546c8@group-55F03F1850F1-LeaderElection15] INFO  server.RaftServerConfigKeys (ConfUtils.java:logGet(44)) - raft.server.watch.timeout.denomination = 1s (default)
2021-09-05 14:30:24,922 [83398dfc-751f-4fe2-af5b-c65c8f1546c8@group-55F03F1850F1-LeaderElection15] INFO  server.RaftServerConfigKeys (ConfUtils.java:logGet(44)) - raft.server.watch.element-limit = 65536 (default)
2021-09-05 14:30:24,922 [83398dfc-751f-4fe2-af5b-c65c8f1546c8@group-55F03F1850F1-LeaderElection15] INFO  impl.RoleInfo (RoleInfo.java:updateAndGet(130)) - 83398dfc-751f-4fe2-af5b-c65c8f1546c8: start 83398dfc-751f-4fe2-af5b-c65c8f1546c8@group-55F03F1850F1-LeaderStateImpl
2021-09-05 14:30:24,922 [83398dfc-751f-4fe2-af5b-c65c8f1546c8@group-55F03F1850F1-LeaderElection15] INFO  segmented.SegmentedRaftLogWorker (SegmentedRaftLogWorker.java:startLogSegment(394)) - 83398dfc-751f-4fe2-af5b-c65c8f1546c8@group-55F03F1850F1-SegmentedRaftLogWorker: Starting segment from index:0
2021-09-05 14:30:24,918 [83398dfc-751f-4fe2-af5b-c65c8f1546c8@group-29BFC1B0D5A0-LeaderElection14] INFO  impl.RoleInfo (RoleInfo.java:updateAndGet(130)) - 83398dfc-751f-4fe2-af5b-c65c8f1546c8: start 83398dfc-751f-4fe2-af5b-c65c8f1546c8@group-29BFC1B0D5A0-LeaderStateImpl
2021-09-05 14:30:24,923 [83398dfc-751f-4fe2-af5b-c65c8f1546c8@group-29BFC1B0D5A0-LeaderElection14] INFO  segmented.SegmentedRaftLogWorker (SegmentedRaftLogWorker.java:startLogSegment(394)) - 83398dfc-751f-4fe2-af5b-c65c8f1546c8@group-29BFC1B0D5A0-SegmentedRaftLogWorker: Starting segment from index:0
2021-09-05 14:30:24,923 [69e17fe3-75d6-40e2-b575-3df3d97ee56c@group-97DB8748AD29-StateMachineUpdater] INFO  safemode.HealthyPipelineSafeModeRule (HealthyPipelineSafeModeRule.java:initializeRule(152)) - Refreshed total pipeline count is 1, healthy pipeline threshold count is 1
2021-09-05 14:30:24,931 [83398dfc-751f-4fe2-af5b-c65c8f1546c8@group-29BFC1B0D5A0-SegmentedRaftLogWorker] INFO  segmented.SegmentedRaftLogWorker (SegmentedRaftLogWorker.java:execute(601)) - 83398dfc-751f-4fe2-af5b-c65c8f1546c8@group-29BFC1B0D5A0-SegmentedRaftLogWorker: created new log segment /home/runner/work/ozone/ozone/hadoop-ozone/integration-test/target/test-dir/MiniOzoneClusterImpl-11ada6fe-a5c6-4827-8b3d-97db8748ad29/datanode-0/data/ratis/2e6c9be7-a862-4614-98fa-29bfc1b0d5a0/current/log_inprogress_0
2021-09-05 14:30:24,938 [grpc-default-executor-1] INFO  server.RaftServer$Division (RaftServerImpl.java:requestVote(1075)) - 73fc6282-bdcb-4a1d-9106-80b228a82791@group-29BFC1B0D5A0 replies to ELECTION vote request: 83398dfc-751f-4fe2-af5b-c65c8f1546c8<-73fc6282-bdcb-4a1d-9106-80b228a82791#0:OK-t1. Peer's state: 73fc6282-bdcb-4a1d-9106-80b228a82791@group-29BFC1B0D5A0:t1, leader=null, voted=83398dfc-751f-4fe2-af5b-c65c8f1546c8, raftlog=73fc6282-bdcb-4a1d-9106-80b228a82791@group-29BFC1B0D5A0-SegmentedRaftLog:OPENED:c-1,f-1,i0, conf=-1: [83398dfc-751f-4fe2-af5b-c65c8f1546c8|rpc:127.0.0.1:46795|dataStream:|priority:1, 6bbc5292-b6d7-424f-9a49-f587de829c2d|rpc:127.0.0.1:46659|dataStream:|priority:0, 73fc6282-bdcb-4a1d-9106-80b228a82791|rpc:127.0.0.1:46567|dataStream:|priority:0], old=null
2021-09-05 14:30:24,940 [EventQueue-PipelineReportForPipelineReportHandler] INFO  ha.SCMHAInvocationHandler (SCMHAInvocationHandler.java:invokeRatis(113)) - Invoking method public abstract void org.apache.hadoop.hdds.scm.pipeline.StateManager.updatePipelineState(org.apache.hadoop.hdds.protocol.proto.HddsProtos$PipelineID,org.apache.hadoop.hdds.protocol.proto.HddsProtos$PipelineState) throws java.io.IOException on target org.apache.hadoop.hdds.scm.ha.SCMRatisServerImpl@7d3b5917, cost 41980.44us
2021-09-05 14:30:24,940 [EventQueue-OpenPipelineForHealthyPipelineSafeModeRule] INFO  safemode.SCMSafeModeManager (HealthyPipelineSafeModeRule.java:process(124)) - SCM in safe mode. Healthy pipelines reported count is 1, required healthy pipeline reported count is 1
2021-09-05 14:30:24,940 [EventQueue-OpenPipelineForHealthyPipelineSafeModeRule] INFO  safemode.SCMSafeModeManager (SCMSafeModeManager.java:validateSafeModeExitRules(204)) - HealthyPipelineSafeModeRule rule is successfully validated
2021-09-05 14:30:24,940 [EventQueue-OpenPipelineForHealthyPipelineSafeModeRule] INFO  safemode.SCMSafeModeManager (SCMSafeModeManager.java:validateSafeModeExitRules(219)) - ScmSafeModeManager, all rules are successfully validated
2021-09-05 14:30:24,940 [EventQueue-OpenPipelineForHealthyPipelineSafeModeRule] INFO  safemode.SCMSafeModeManager (SCMSafeModeManager.java:exitSafeMode(248)) - SCM exiting safe mode.
2021-09-05 14:30:24,940 [EventQueue-OpenPipelineForHealthyPipelineSafeModeRule] WARN  events.EventQueue (EventQueue.java:fireEvent(194)) - No event handler registered for event TypedEvent{payloadType=SafeModeStatus, name='Safe mode status'}
2021-09-05 14:30:24,940 [EventQueue-OpenPipelineForHealthyPipelineSafeModeRule] INFO  ha.SCMContext (SCMContext.java:updateSafeModeStatus(205)) - Update SafeModeStatus from SafeModeStatus{safeModeStatus=true, preCheckPassed=true} to SafeModeStatus{safeModeStatus=false, preCheckPassed=true}.
2021-09-05 14:30:24,940 [EventQueue-OpenPipelineForHealthyPipelineSafeModeRule] INFO  container.ReplicationManager (ReplicationManager.java:notifyStatusChanged(1722)) - Service ReplicationManager transitions to RUNNING.
2021-09-05 14:30:24,946 [83398dfc-751f-4fe2-af5b-c65c8f1546c8@group-29BFC1B0D5A0-LeaderElection14] INFO  server.RaftServer$Division (ServerState.java:setRaftConf(387)) - 83398dfc-751f-4fe2-af5b-c65c8f1546c8@group-29BFC1B0D5A0: set configuration 0: [83398dfc-751f-4fe2-af5b-c65c8f1546c8|rpc:127.0.0.1:46795|dataStream:|priority:1, 6bbc5292-b6d7-424f-9a49-f587de829c2d|rpc:127.0.0.1:46659|dataStream:|priority:0, 73fc6282-bdcb-4a1d-9106-80b228a82791|rpc:127.0.0.1:46567|dataStream:|priority:0], old=null
2021-09-05 14:30:24,946 [83398dfc-751f-4fe2-af5b-c65c8f1546c8@group-55F03F1850F1-LeaderElection15] INFO  server.RaftServer$Division (ServerState.java:setRaftConf(387)) - 83398dfc-751f-4fe2-af5b-c65c8f1546c8@group-55F03F1850F1: set configuration 0: [83398dfc-751f-4fe2-af5b-c65c8f1546c8|rpc:127.0.0.1:46795|dataStream:|priority:1], old=null
2021-09-05 14:30:24,952 [83398dfc-751f-4fe2-af5b-c65c8f1546c8@group-55F03F1850F1-SegmentedRaftLogWorker] INFO  segmented.SegmentedRaftLogWorker (SegmentedRaftLogWorker.java:execute(601)) - 83398dfc-751f-4fe2-af5b-c65c8f1546c8@group-55F03F1850F1-SegmentedRaftLogWorker: created new log segment /home/runner/work/ozone/ozone/hadoop-ozone/integration-test/target/test-dir/MiniOzoneClusterImpl-11ada6fe-a5c6-4827-8b3d-97db8748ad29/datanode-0/data/ratis/59a078b3-30f1-43e2-96c6-55f03f1850f1/current/log_inprogress_0
2021-09-05 14:30:24,966 [grpc-default-executor-0] INFO  ratis.XceiverServerRatis (XceiverServerRatis.java:handleLeaderChangedNotification(861)) - Leader change notification received for group: group-29BFC1B0D5A0 with new leaderId: 83398dfc-751f-4fe2-af5b-c65c8f1546c8
2021-09-05 14:30:24,966 [grpc-default-executor-0] INFO  server.RaftServer$Division (ServerState.java:setLeader(285)) - 6bbc5292-b6d7-424f-9a49-f587de829c2d@group-29BFC1B0D5A0: change Leader from null to 83398dfc-751f-4fe2-af5b-c65c8f1546c8 at term 1 for appendEntries, leader elected after 5121ms
2021-09-05 14:30:24,973 [grpc-default-executor-1] INFO  ratis.XceiverServerRatis (XceiverServerRatis.java:handleLeaderChangedNotification(861)) - Leader change notification received for group: group-29BFC1B0D5A0 with new leaderId: 83398dfc-751f-4fe2-af5b-c65c8f1546c8
2021-09-05 14:30:24,973 [grpc-default-executor-1] INFO  server.RaftServer$Division (ServerState.java:setLeader(285)) - 73fc6282-bdcb-4a1d-9106-80b228a82791@group-29BFC1B0D5A0: change Leader from null to 83398dfc-751f-4fe2-af5b-c65c8f1546c8 at term 1 for appendEntries, leader elected after 4993ms
2021-09-05 14:30:24,973 [9d3796c5-d907-4196-a355-2f07340af16c@group-97DB8748AD29-StateMachineUpdater] INFO  safemode.HealthyPipelineSafeModeRule (HealthyPipelineSafeModeRule.java:initializeRule(152)) - Refreshed total pipeline count is 1, healthy pipeline threshold count is 1
2021-09-05 14:30:24,981 [grpc-default-executor-0] INFO  server.RaftServer$Division (ServerState.java:setRaftConf(387)) - 6bbc5292-b6d7-424f-9a49-f587de829c2d@group-29BFC1B0D5A0: set configuration 0: [83398dfc-751f-4fe2-af5b-c65c8f1546c8|rpc:127.0.0.1:46795|dataStream:|priority:1, 6bbc5292-b6d7-424f-9a49-f587de829c2d|rpc:127.0.0.1:46659|dataStream:|priority:0, 73fc6282-bdcb-4a1d-9106-80b228a82791|rpc:127.0.0.1:46567|dataStream:|priority:0], old=null
2021-09-05 14:30:24,981 [grpc-default-executor-1] INFO  server.RaftServer$Division (ServerState.java:setRaftConf(387)) - 73fc6282-bdcb-4a1d-9106-80b228a82791@group-29BFC1B0D5A0: set configuration 0: [83398dfc-751f-4fe2-af5b-c65c8f1546c8|rpc:127.0.0.1:46795|dataStream:|priority:1, 6bbc5292-b6d7-424f-9a49-f587de829c2d|rpc:127.0.0.1:46659|dataStream:|priority:0, 73fc6282-bdcb-4a1d-9106-80b228a82791|rpc:127.0.0.1:46567|dataStream:|priority:0], old=null
2021-09-05 14:30:24,981 [grpc-default-executor-0] INFO  segmented.SegmentedRaftLogWorker (SegmentedRaftLogWorker.java:startLogSegment(394)) - 6bbc5292-b6d7-424f-9a49-f587de829c2d@group-29BFC1B0D5A0-SegmentedRaftLogWorker: Starting segment from index:0
2021-09-05 14:30:24,982 [grpc-default-executor-1] INFO  segmented.SegmentedRaftLogWorker (SegmentedRaftLogWorker.java:startLogSegment(394)) - 73fc6282-bdcb-4a1d-9106-80b228a82791@group-29BFC1B0D5A0-SegmentedRaftLogWorker: Starting segment from index:0
2021-09-05 14:30:24,990 [73fc6282-bdcb-4a1d-9106-80b228a82791@group-29BFC1B0D5A0-SegmentedRaftLogWorker] INFO  segmented.SegmentedRaftLogWorker (SegmentedRaftLogWorker.java:execute(601)) - 73fc6282-bdcb-4a1d-9106-80b228a82791@group-29BFC1B0D5A0-SegmentedRaftLogWorker: created new log segment /home/runner/work/ozone/ozone/hadoop-ozone/integration-test/target/test-dir/MiniOzoneClusterImpl-11ada6fe-a5c6-4827-8b3d-97db8748ad29/datanode-1/data/ratis/2e6c9be7-a862-4614-98fa-29bfc1b0d5a0/current/log_inprogress_0
2021-09-05 14:30:24,991 [6bbc5292-b6d7-424f-9a49-f587de829c2d@group-29BFC1B0D5A0-SegmentedRaftLogWorker] INFO  segmented.SegmentedRaftLogWorker (SegmentedRaftLogWorker.java:execute(601)) - 6bbc5292-b6d7-424f-9a49-f587de829c2d@group-29BFC1B0D5A0-SegmentedRaftLogWorker: created new log segment /home/runner/work/ozone/ozone/hadoop-ozone/integration-test/target/test-dir/MiniOzoneClusterImpl-11ada6fe-a5c6-4827-8b3d-97db8748ad29/datanode-2/data/ratis/2e6c9be7-a862-4614-98fa-29bfc1b0d5a0/current/log_inprogress_0
2021-09-05 14:30:25,120 [83398dfc-751f-4fe2-af5b-c65c8f1546c8@group-9AB55F00ACC5-FollowerState] INFO  impl.FollowerState (FollowerState.java:run(134)) - 83398dfc-751f-4fe2-af5b-c65c8f1546c8@group-9AB55F00ACC5-FollowerState: change to CANDIDATE, lastRpcElapsedTime:5036073402ns, electionTimeout:5030ms
2021-09-05 14:30:25,120 [83398dfc-751f-4fe2-af5b-c65c8f1546c8@group-9AB55F00ACC5-FollowerState] INFO  impl.RoleInfo (RoleInfo.java:shutdownFollowerState(108)) - 83398dfc-751f-4fe2-af5b-c65c8f1546c8: shutdown 83398dfc-751f-4fe2-af5b-c65c8f1546c8@group-9AB55F00ACC5-FollowerState
2021-09-05 14:30:25,120 [83398dfc-751f-4fe2-af5b-c65c8f1546c8@group-9AB55F00ACC5-FollowerState] INFO  server.RaftServer$Division (RaftServerImpl.java:setRole(285)) - 83398dfc-751f-4fe2-af5b-c65c8f1546c8@group-9AB55F00ACC5: changes role from  FOLLOWER to CANDIDATE at term 0 for changeToCandidate
2021-09-05 14:30:25,120 [83398dfc-751f-4fe2-af5b-c65c8f1546c8@group-9AB55F00ACC5-FollowerState] INFO  server.RaftServerConfigKeys (ConfUtils.java:logGet(44)) - raft.server.leaderelection.pre-vote = false (custom)
2021-09-05 14:30:25,120 [83398dfc-751f-4fe2-af5b-c65c8f1546c8@group-9AB55F00ACC5-FollowerState] INFO  impl.RoleInfo (RoleInfo.java:updateAndGet(130)) - 83398dfc-751f-4fe2-af5b-c65c8f1546c8: start 83398dfc-751f-4fe2-af5b-c65c8f1546c8@group-9AB55F00ACC5-LeaderElection16
2021-09-05 14:30:25,144 [83398dfc-751f-4fe2-af5b-c65c8f1546c8@group-9AB55F00ACC5-LeaderElection16] INFO  impl.LeaderElection (LeaderElection.java:askForVotes(306)) - 83398dfc-751f-4fe2-af5b-c65c8f1546c8@group-9AB55F00ACC5-LeaderElection16 ELECTION round 0: submit vote requests at term 1 for -1: [83398dfc-751f-4fe2-af5b-c65c8f1546c8|rpc:127.0.0.1:46795|priority:0, 6bbc5292-b6d7-424f-9a49-f587de829c2d|rpc:127.0.0.1:46659|priority:0, 73fc6282-bdcb-4a1d-9106-80b228a82791|rpc:127.0.0.1:46567|priority:1], old=null
2021-09-05 14:30:25,151 [Datanode State Machine Thread - 0] ERROR datanode.RunningDatanodeState (RunningDatanodeState.java:computeNextContainerState(199)) - Error in executing end point task.
java.util.concurrent.ExecutionException: java.util.concurrent.TimeoutException
	at java.util.concurrent.FutureTask.report(FutureTask.java:122)
	at java.util.concurrent.FutureTask.get(FutureTask.java:192)
	at org.apache.hadoop.ozone.container.common.states.datanode.RunningDatanodeState.computeNextContainerState(RunningDatanodeState.java:191)
	at org.apache.hadoop.ozone.container.common.states.datanode.RunningDatanodeState.await(RunningDatanodeState.java:231)
	at org.apache.hadoop.ozone.container.common.states.datanode.RunningDatanodeState.await(RunningDatanodeState.java:50)
	at org.apache.hadoop.ozone.container.common.statemachine.StateContext.execute(StateContext.java:629)
	at org.apache.hadoop.ozone.container.common.statemachine.DatanodeStateMachine.start(DatanodeStateMachine.java:270)
	at org.apache.hadoop.ozone.container.common.statemachine.DatanodeStateMachine.lambda$startDaemon$0(DatanodeStateMachine.java:456)
	at java.lang.Thread.run(Thread.java:748)
Caused by: java.util.concurrent.TimeoutException
	at java.util.concurrent.FutureTask.get(FutureTask.java:205)
	at org.apache.hadoop.ozone.container.common.states.datanode.RunningDatanodeState.lambda$execute$0(RunningDatanodeState.java:149)
	at java.util.concurrent.FutureTask.run(FutureTask.java:266)
	at java.util.concurrent.Executors$RunnableAdapter.call(Executors.java:511)
	at java.util.concurrent.FutureTask.run(FutureTask.java:266)
	at java.util.concurrent.ThreadPoolExecutor.runWorker(ThreadPoolExecutor.java:1149)
	at java.util.concurrent.ThreadPoolExecutor$Worker.run(ThreadPoolExecutor.java:624)
	... 1 more
2021-09-05 14:30:25,163 [grpc-default-executor-0] INFO  server.RaftServer$Division (RaftServerImpl.java:requestVote(1043)) - 6bbc5292-b6d7-424f-9a49-f587de829c2d@group-9AB55F00ACC5: receive requestVote(ELECTION, 83398dfc-751f-4fe2-af5b-c65c8f1546c8, group-9AB55F00ACC5, 1, (t:0, i:0))
2021-09-05 14:30:25,168 [grpc-default-executor-0] INFO  impl.VoteContext (VoteContext.java:log(48)) - 6bbc5292-b6d7-424f-9a49-f587de829c2d@group-9AB55F00ACC5-FOLLOWER: accept ELECTION from 83398dfc-751f-4fe2-af5b-c65c8f1546c8: our priority 0 <= candidate's priority 0
2021-09-05 14:30:25,168 [grpc-default-executor-0] INFO  server.RaftServer$Division (RaftServerImpl.java:setRole(285)) - 6bbc5292-b6d7-424f-9a49-f587de829c2d@group-9AB55F00ACC5: changes role from  FOLLOWER to FOLLOWER at term 1 for candidate:83398dfc-751f-4fe2-af5b-c65c8f1546c8
2021-09-05 14:30:25,168 [grpc-default-executor-0] INFO  impl.RoleInfo (RoleInfo.java:shutdownFollowerState(108)) - 6bbc5292-b6d7-424f-9a49-f587de829c2d: shutdown 6bbc5292-b6d7-424f-9a49-f587de829c2d@group-9AB55F00ACC5-FollowerState
2021-09-05 14:30:25,168 [grpc-default-executor-0] INFO  impl.RoleInfo (RoleInfo.java:updateAndGet(130)) - 6bbc5292-b6d7-424f-9a49-f587de829c2d: start 6bbc5292-b6d7-424f-9a49-f587de829c2d@group-9AB55F00ACC5-FollowerState
2021-09-05 14:30:25,168 [6bbc5292-b6d7-424f-9a49-f587de829c2d@group-9AB55F00ACC5-FollowerState] INFO  impl.FollowerState (FollowerState.java:run(143)) - 6bbc5292-b6d7-424f-9a49-f587de829c2d@group-9AB55F00ACC5-FollowerState was interrupted: {}
java.lang.InterruptedException: sleep interrupted
	at java.lang.Thread.sleep(Native Method)
	at java.lang.Thread.sleep(Thread.java:340)
	at java.util.concurrent.TimeUnit.sleep(TimeUnit.java:386)
	at org.apache.ratis.util.TimeDuration.sleep(TimeDuration.java:324)
	at org.apache.ratis.util.TimeDuration.sleep(TimeDuration.java:309)
	at org.apache.ratis.server.impl.FollowerState.run(FollowerState.java:118)
2021-09-05 14:30:25,171 [grpc-default-executor-0] INFO  server.RaftServer$Division (RaftServerImpl.java:requestVote(1075)) - 6bbc5292-b6d7-424f-9a49-f587de829c2d@group-9AB55F00ACC5 replies to ELECTION vote request: 83398dfc-751f-4fe2-af5b-c65c8f1546c8<-6bbc5292-b6d7-424f-9a49-f587de829c2d#0:OK-t1. Peer's state: 6bbc5292-b6d7-424f-9a49-f587de829c2d@group-9AB55F00ACC5:t1, leader=null, voted=83398dfc-751f-4fe2-af5b-c65c8f1546c8, raftlog=6bbc5292-b6d7-424f-9a49-f587de829c2d@group-9AB55F00ACC5-SegmentedRaftLog:OPENED:c-1,f-1,i0, conf=-1: [83398dfc-751f-4fe2-af5b-c65c8f1546c8|rpc:127.0.0.1:46795|dataStream:|priority:0, 6bbc5292-b6d7-424f-9a49-f587de829c2d|rpc:127.0.0.1:46659|dataStream:|priority:0, 73fc6282-bdcb-4a1d-9106-80b228a82791|rpc:127.0.0.1:46567|dataStream:|priority:1], old=null
2021-09-05 14:30:25,187 [grpc-default-executor-0] INFO  server.RaftServer$Division (RaftServerImpl.java:requestVote(1043)) - 73fc6282-bdcb-4a1d-9106-80b228a82791@group-9AB55F00ACC5: receive requestVote(ELECTION, 83398dfc-751f-4fe2-af5b-c65c8f1546c8, group-9AB55F00ACC5, 1, (t:0, i:0))
2021-09-05 14:30:25,187 [grpc-default-executor-0] INFO  impl.VoteContext (VoteContext.java:log(48)) - 73fc6282-bdcb-4a1d-9106-80b228a82791@group-9AB55F00ACC5-FOLLOWER: reject ELECTION from 83398dfc-751f-4fe2-af5b-c65c8f1546c8: our priority 1 > candidate's priority 0
2021-09-05 14:30:25,187 [grpc-default-executor-0] INFO  server.RaftServer$Division (RaftServerImpl.java:setRole(285)) - 73fc6282-bdcb-4a1d-9106-80b228a82791@group-9AB55F00ACC5: changes role from  FOLLOWER to FOLLOWER at term 1 for candidate:83398dfc-751f-4fe2-af5b-c65c8f1546c8
2021-09-05 14:30:25,187 [grpc-default-executor-0] INFO  impl.RoleInfo (RoleInfo.java:shutdownFollowerState(108)) - 73fc6282-bdcb-4a1d-9106-80b228a82791: shutdown 73fc6282-bdcb-4a1d-9106-80b228a82791@group-9AB55F00ACC5-FollowerState
2021-09-05 14:30:25,187 [73fc6282-bdcb-4a1d-9106-80b228a82791@group-9AB55F00ACC5-FollowerState] INFO  impl.FollowerState (FollowerState.java:run(143)) - 73fc6282-bdcb-4a1d-9106-80b228a82791@group-9AB55F00ACC5-FollowerState was interrupted: {}
java.lang.InterruptedException: sleep interrupted
	at java.lang.Thread.sleep(Native Method)
	at java.lang.Thread.sleep(Thread.java:340)
	at java.util.concurrent.TimeUnit.sleep(TimeUnit.java:386)
	at org.apache.ratis.util.TimeDuration.sleep(TimeDuration.java:324)
	at org.apache.ratis.util.TimeDuration.sleep(TimeDuration.java:309)
	at org.apache.ratis.server.impl.FollowerState.run(FollowerState.java:118)
2021-09-05 14:30:25,187 [grpc-default-executor-0] INFO  impl.RoleInfo (RoleInfo.java:updateAndGet(130)) - 73fc6282-bdcb-4a1d-9106-80b228a82791: start 73fc6282-bdcb-4a1d-9106-80b228a82791@group-9AB55F00ACC5-FollowerState
2021-09-05 14:30:25,194 [grpc-default-executor-0] INFO  server.RaftServer$Division (RaftServerImpl.java:requestVote(1075)) - 73fc6282-bdcb-4a1d-9106-80b228a82791@group-9AB55F00ACC5 replies to ELECTION vote request: 83398dfc-751f-4fe2-af5b-c65c8f1546c8<-73fc6282-bdcb-4a1d-9106-80b228a82791#0:FAIL-t1. Peer's state: 73fc6282-bdcb-4a1d-9106-80b228a82791@group-9AB55F00ACC5:t1, leader=null, voted=null, raftlog=73fc6282-bdcb-4a1d-9106-80b228a82791@group-9AB55F00ACC5-SegmentedRaftLog:OPENED:c-1,f-1,i0, conf=-1: [83398dfc-751f-4fe2-af5b-c65c8f1546c8|rpc:127.0.0.1:46795|dataStream:|priority:0, 6bbc5292-b6d7-424f-9a49-f587de829c2d|rpc:127.0.0.1:46659|dataStream:|priority:0, 73fc6282-bdcb-4a1d-9106-80b228a82791|rpc:127.0.0.1:46567|dataStream:|priority:1], old=null
2021-09-05 14:30:25,197 [83398dfc-751f-4fe2-af5b-c65c8f1546c8@group-9AB55F00ACC5-LeaderElection16] INFO  impl.LeaderElection (LeaderElection.java:logAndReturn(89)) - 83398dfc-751f-4fe2-af5b-c65c8f1546c8@group-9AB55F00ACC5-LeaderElection16: ELECTION REJECTED received 2 response(s) and 0 exception(s):
2021-09-05 14:30:25,197 [83398dfc-751f-4fe2-af5b-c65c8f1546c8@group-9AB55F00ACC5-LeaderElection16] INFO  impl.LeaderElection (LeaderElection.java:logAndReturn(93)) -   Response 0: 83398dfc-751f-4fe2-af5b-c65c8f1546c8<-6bbc5292-b6d7-424f-9a49-f587de829c2d#0:OK-t1
2021-09-05 14:30:25,197 [83398dfc-751f-4fe2-af5b-c65c8f1546c8@group-9AB55F00ACC5-LeaderElection16] INFO  impl.LeaderElection (LeaderElection.java:logAndReturn(93)) -   Response 1: 83398dfc-751f-4fe2-af5b-c65c8f1546c8<-73fc6282-bdcb-4a1d-9106-80b228a82791#0:FAIL-t1
2021-09-05 14:30:25,197 [83398dfc-751f-4fe2-af5b-c65c8f1546c8@group-9AB55F00ACC5-LeaderElection16] INFO  impl.LeaderElection (LeaderElection.java:askForVotes(308)) - 83398dfc-751f-4fe2-af5b-c65c8f1546c8@group-9AB55F00ACC5-LeaderElection16 ELECTION round 0: result REJECTED
2021-09-05 14:30:25,197 [83398dfc-751f-4fe2-af5b-c65c8f1546c8@group-9AB55F00ACC5-LeaderElection16] INFO  server.RaftServer$Division (RaftServerImpl.java:setRole(285)) - 83398dfc-751f-4fe2-af5b-c65c8f1546c8@group-9AB55F00ACC5: changes role from CANDIDATE to FOLLOWER at term 1 for REJECTED
2021-09-05 14:30:25,197 [83398dfc-751f-4fe2-af5b-c65c8f1546c8@group-9AB55F00ACC5-LeaderElection16] INFO  impl.RoleInfo (RoleInfo.java:shutdownLeaderElection(121)) - 83398dfc-751f-4fe2-af5b-c65c8f1546c8: shutdown 83398dfc-751f-4fe2-af5b-c65c8f1546c8@group-9AB55F00ACC5-LeaderElection16
2021-09-05 14:30:25,197 [83398dfc-751f-4fe2-af5b-c65c8f1546c8@group-9AB55F00ACC5-LeaderElection16] INFO  impl.RoleInfo (RoleInfo.java:updateAndGet(130)) - 83398dfc-751f-4fe2-af5b-c65c8f1546c8: start 83398dfc-751f-4fe2-af5b-c65c8f1546c8@group-9AB55F00ACC5-FollowerState
2021-09-05 14:30:25,383 [73fc6282-bdcb-4a1d-9106-80b228a82791@group-4BBEBFCD8F1A-FollowerState] INFO  impl.FollowerState (FollowerState.java:run(134)) - 73fc6282-bdcb-4a1d-9106-80b228a82791@group-4BBEBFCD8F1A-FollowerState: change to CANDIDATE, lastRpcElapsedTime:5209947323ns, electionTimeout:5200ms
2021-09-05 14:30:25,383 [73fc6282-bdcb-4a1d-9106-80b228a82791@group-4BBEBFCD8F1A-FollowerState] INFO  impl.RoleInfo (RoleInfo.java:shutdownFollowerState(108)) - 73fc6282-bdcb-4a1d-9106-80b228a82791: shutdown 73fc6282-bdcb-4a1d-9106-80b228a82791@group-4BBEBFCD8F1A-FollowerState
2021-09-05 14:30:25,383 [73fc6282-bdcb-4a1d-9106-80b228a82791@group-4BBEBFCD8F1A-FollowerState] INFO  server.RaftServer$Division (RaftServerImpl.java:setRole(285)) - 73fc6282-bdcb-4a1d-9106-80b228a82791@group-4BBEBFCD8F1A: changes role from  FOLLOWER to CANDIDATE at term 0 for changeToCandidate
2021-09-05 14:30:25,385 [73fc6282-bdcb-4a1d-9106-80b228a82791@group-4BBEBFCD8F1A-FollowerState] INFO  server.RaftServerConfigKeys (ConfUtils.java:logGet(44)) - raft.server.leaderelection.pre-vote = false (custom)
2021-09-05 14:30:25,385 [73fc6282-bdcb-4a1d-9106-80b228a82791@group-4BBEBFCD8F1A-FollowerState] INFO  impl.RoleInfo (RoleInfo.java:updateAndGet(130)) - 73fc6282-bdcb-4a1d-9106-80b228a82791: start 73fc6282-bdcb-4a1d-9106-80b228a82791@group-4BBEBFCD8F1A-LeaderElection17
2021-09-05 14:30:25,403 [73fc6282-bdcb-4a1d-9106-80b228a82791@group-4BBEBFCD8F1A-LeaderElection17] INFO  impl.LeaderElection (LeaderElection.java:askForVotes(306)) - 73fc6282-bdcb-4a1d-9106-80b228a82791@group-4BBEBFCD8F1A-LeaderElection17 ELECTION round 0: submit vote requests at term 1 for -1: [73fc6282-bdcb-4a1d-9106-80b228a82791|rpc:127.0.0.1:46567|priority:1], old=null
2021-09-05 14:30:25,403 [73fc6282-bdcb-4a1d-9106-80b228a82791@group-4BBEBFCD8F1A-LeaderElection17] INFO  impl.LeaderElection (LeaderElection.java:askForVotes(308)) - 73fc6282-bdcb-4a1d-9106-80b228a82791@group-4BBEBFCD8F1A-LeaderElection17 ELECTION round 0: result PASSED (term=1)
2021-09-05 14:30:25,403 [73fc6282-bdcb-4a1d-9106-80b228a82791@group-4BBEBFCD8F1A-LeaderElection17] INFO  impl.RoleInfo (RoleInfo.java:shutdownLeaderElection(121)) - 73fc6282-bdcb-4a1d-9106-80b228a82791: shutdown 73fc6282-bdcb-4a1d-9106-80b228a82791@group-4BBEBFCD8F1A-LeaderElection17
2021-09-05 14:30:25,404 [73fc6282-bdcb-4a1d-9106-80b228a82791@group-4BBEBFCD8F1A-LeaderElection17] INFO  server.RaftServer$Division (RaftServerImpl.java:setRole(285)) - 73fc6282-bdcb-4a1d-9106-80b228a82791@group-4BBEBFCD8F1A: changes role from CANDIDATE to LEADER at term 1 for changeToLeader
2021-09-05 14:30:25,404 [73fc6282-bdcb-4a1d-9106-80b228a82791@group-4BBEBFCD8F1A-LeaderElection17] INFO  ratis.XceiverServerRatis (XceiverServerRatis.java:handleLeaderChangedNotification(861)) - Leader change notification received for group: group-4BBEBFCD8F1A with new leaderId: 73fc6282-bdcb-4a1d-9106-80b228a82791
2021-09-05 14:30:25,404 [73fc6282-bdcb-4a1d-9106-80b228a82791@group-4BBEBFCD8F1A-LeaderElection17] INFO  server.RaftServer$Division (ServerState.java:setLeader(285)) - 73fc6282-bdcb-4a1d-9106-80b228a82791@group-4BBEBFCD8F1A: change Leader from null to 73fc6282-bdcb-4a1d-9106-80b228a82791 at term 1 for becomeLeader, leader elected after 5263ms
2021-09-05 14:30:25,404 [73fc6282-bdcb-4a1d-9106-80b228a82791@group-4BBEBFCD8F1A-LeaderElection17] INFO  server.RaftServerConfigKeys (ConfUtils.java:logGet(44)) - raft.server.staging.catchup.gap = 1000 (default)
2021-09-05 14:30:25,404 [73fc6282-bdcb-4a1d-9106-80b228a82791@group-4BBEBFCD8F1A-LeaderElection17] INFO  server.RaftServerConfigKeys (ConfUtils.java:logGet(44)) - raft.server.write.element-limit = 1024 (custom)
2021-09-05 14:30:25,404 [73fc6282-bdcb-4a1d-9106-80b228a82791@group-4BBEBFCD8F1A-LeaderElection17] INFO  server.RaftServerConfigKeys (ConfUtils.java:logGet(44)) - raft.server.write.byte-limit = 1024 M (=1073741824) (custom)
2021-09-05 14:30:25,404 [73fc6282-bdcb-4a1d-9106-80b228a82791@group-4BBEBFCD8F1A-LeaderElection17] INFO  server.RaftServerConfigKeys (ConfUtils.java:logGet(44)) - raft.server.watch.timeout = 180s (custom)
2021-09-05 14:30:25,405 [73fc6282-bdcb-4a1d-9106-80b228a82791@group-4BBEBFCD8F1A-LeaderElection17] INFO  server.RaftServerConfigKeys (ConfUtils.java:logGet(44)) - raft.server.watch.timeout.denomination = 1s (default)
2021-09-05 14:30:25,405 [73fc6282-bdcb-4a1d-9106-80b228a82791@group-4BBEBFCD8F1A-LeaderElection17] INFO  server.RaftServerConfigKeys (ConfUtils.java:logGet(44)) - raft.server.watch.element-limit = 65536 (default)
2021-09-05 14:30:25,405 [73fc6282-bdcb-4a1d-9106-80b228a82791@group-4BBEBFCD8F1A-LeaderElection17] INFO  impl.RoleInfo (RoleInfo.java:updateAndGet(130)) - 73fc6282-bdcb-4a1d-9106-80b228a82791: start 73fc6282-bdcb-4a1d-9106-80b228a82791@group-4BBEBFCD8F1A-LeaderStateImpl
2021-09-05 14:30:25,417 [EventQueue-OpenPipelineForHealthyPipelineSafeModeRule] INFO  safemode.SCMSafeModeManager (HealthyPipelineSafeModeRule.java:process(124)) - SCM in safe mode. Healthy pipelines reported count is 0, required healthy pipeline reported count is 1
2021-09-05 14:30:25,417 [73fc6282-bdcb-4a1d-9106-80b228a82791@group-4BBEBFCD8F1A-LeaderElection17] INFO  segmented.SegmentedRaftLogWorker (SegmentedRaftLogWorker.java:startLogSegment(394)) - 73fc6282-bdcb-4a1d-9106-80b228a82791@group-4BBEBFCD8F1A-SegmentedRaftLogWorker: Starting segment from index:0
2021-09-05 14:30:25,417 [EventQueue-OpenPipelineForHealthyPipelineSafeModeRule] INFO  safemode.SCMSafeModeManager (HealthyPipelineSafeModeRule.java:process(124)) - SCM in safe mode. Healthy pipelines reported count is 1, required healthy pipeline reported count is 1
2021-09-05 14:30:25,418 [EventQueue-OpenPipelineForHealthyPipelineSafeModeRule] INFO  safemode.SCMSafeModeManager (SCMSafeModeManager.java:validateSafeModeExitRules(204)) - HealthyPipelineSafeModeRule rule is successfully validated
2021-09-05 14:30:25,418 [EventQueue-OpenPipelineForHealthyPipelineSafeModeRule] INFO  safemode.SCMSafeModeManager (SCMSafeModeManager.java:validateSafeModeExitRules(219)) - ScmSafeModeManager, all rules are successfully validated
2021-09-05 14:30:25,418 [EventQueue-OpenPipelineForHealthyPipelineSafeModeRule] INFO  safemode.SCMSafeModeManager (SCMSafeModeManager.java:exitSafeMode(248)) - SCM exiting safe mode.
2021-09-05 14:30:25,418 [EventQueue-OpenPipelineForHealthyPipelineSafeModeRule] WARN  events.EventQueue (EventQueue.java:fireEvent(194)) - No event handler registered for event TypedEvent{payloadType=SafeModeStatus, name='Safe mode status'}
2021-09-05 14:30:25,418 [EventQueue-OpenPipelineForHealthyPipelineSafeModeRule] INFO  ha.SCMContext (SCMContext.java:updateSafeModeStatus(205)) - Update SafeModeStatus from SafeModeStatus{safeModeStatus=true, preCheckPassed=true} to SafeModeStatus{safeModeStatus=false, preCheckPassed=true}.
2021-09-05 14:30:25,419 [73fc6282-bdcb-4a1d-9106-80b228a82791@group-4BBEBFCD8F1A-SegmentedRaftLogWorker] INFO  segmented.SegmentedRaftLogWorker (SegmentedRaftLogWorker.java:execute(601)) - 73fc6282-bdcb-4a1d-9106-80b228a82791@group-4BBEBFCD8F1A-SegmentedRaftLogWorker: created new log segment /home/runner/work/ozone/ozone/hadoop-ozone/integration-test/target/test-dir/MiniOzoneClusterImpl-11ada6fe-a5c6-4827-8b3d-97db8748ad29/datanode-1/data/ratis/d0e0d78f-502a-4f12-babe-4bbebfcd8f1a/current/log_inprogress_0
2021-09-05 14:30:25,422 [73fc6282-bdcb-4a1d-9106-80b228a82791@group-4BBEBFCD8F1A-LeaderElection17] INFO  server.RaftServer$Division (ServerState.java:setRaftConf(387)) - 73fc6282-bdcb-4a1d-9106-80b228a82791@group-4BBEBFCD8F1A: set configuration 0: [73fc6282-bdcb-4a1d-9106-80b228a82791|rpc:127.0.0.1:46567|dataStream:|priority:1], old=null
2021-09-05 14:30:25,636 [Listener at 127.0.0.1/11040] INFO  ozone.MiniOzoneClusterImpl (MiniOzoneClusterImpl.java:lambda$waitForClusterToBeReady$0(235)) - Nodes are ready. Got 3 of 3 DN Heartbeats.
2021-09-05 14:30:25,636 [Listener at 127.0.0.1/11040] INFO  ozone.MiniOzoneClusterImpl (MiniOzoneClusterImpl.java:lambda$waitForClusterToBeReady$0(238)) - Cluster exits safe mode
2021-09-05 14:30:25,636 [Listener at 127.0.0.1/11040] INFO  ozone.MiniOzoneClusterImpl (MiniOzoneClusterImpl.java:lambda$waitForClusterToBeReady$0(240)) - SCM became leader
2021-09-05 14:30:25,636 [Listener at 127.0.0.1/11040] INFO  server.StorageContainerManager (StorageContainerManager.java:start(1256)) - StorageContainerLocationProtocol RPC server is listening at /0.0.0.0:13991
2021-09-05 14:30:25,637 [Listener at 127.0.0.1/11040] INFO  ha.SCMRatisServerImpl (SCMRatisServerImpl.java:start(177)) - starting ratis server 0.0.0.0:13988
2021-09-05 14:30:25,637 [Listener at 127.0.0.1/11040] INFO  server.RaftServer$Division (RaftServerImpl.java:start(299)) - 49d04e48-288c-4908-850c-f7267af01073@group-97DB8748AD29: start with initializing state, conf=-1: [], old=null
2021-09-05 14:30:25,637 [Listener at 127.0.0.1/11040] INFO  server.RaftServer$Division (RaftServerImpl.java:setRole(285)) - 49d04e48-288c-4908-850c-f7267af01073@group-97DB8748AD29: changes role from      null to FOLLOWER at term 0 for startInitializing
2021-09-05 14:30:25,637 [Listener at 127.0.0.1/11040] INFO  util.JmxRegister (JmxRegister.java:tryRegister(44)) - Successfully registered JMX Bean with object name Ratis:service=RaftServer,group=group-97DB8748AD29,id=49d04e48-288c-4908-850c-f7267af01073
2021-09-05 14:30:25,641 [Listener at 127.0.0.1/11040] INFO  server.RaftServer (RaftServerProxy.java:lambda$start$5(374)) - 49d04e48-288c-4908-850c-f7267af01073: start RPC server
2021-09-05 14:30:25,642 [Listener at 127.0.0.1/11040] INFO  server.GrpcService (GrpcService.java:startImpl(253)) - 49d04e48-288c-4908-850c-f7267af01073: GrpcService started, listening on 13988
2021-09-05 14:30:25,646 [Listener at 127.0.0.1/11040] INFO  ha.SCMNodeInfo (SCMNodeInfo.java:getPort(197)) - ConfigKey ozone.scm.client.address is deprecated, For configuring different ports for each SCM use PortConfigKey ozone.scm.client.port appended with serviceId and nodeId
2021-09-05 14:30:25,646 [Listener at 127.0.0.1/11040] INFO  ha.SCMNodeInfo (SCMNodeInfo.java:getPort(197)) - ConfigKey ozone.scm.block.client.address is deprecated, For configuring different ports for each SCM use PortConfigKey ozone.scm.block.client.port appended with serviceId and nodeId
2021-09-05 14:30:25,646 [Listener at 127.0.0.1/11040] INFO  ha.SCMNodeInfo (SCMNodeInfo.java:getPort(197)) - ConfigKey ozone.scm.datanode.address is deprecated, For configuring different ports for each SCM use PortConfigKey ozone.scm.datanode.port appended with serviceId and nodeId
2021-09-05 14:30:25,646 [Listener at 127.0.0.1/11040] INFO  ha.SCMNodeInfo (SCMNodeInfo.java:getPort(197)) - ConfigKey ozone.scm.client.address is deprecated, For configuring different ports for each SCM use PortConfigKey ozone.scm.client.port appended with serviceId and nodeId
2021-09-05 14:30:25,646 [Listener at 127.0.0.1/11040] INFO  ha.SCMNodeInfo (SCMNodeInfo.java:getPort(197)) - ConfigKey ozone.scm.block.client.address is deprecated, For configuring different ports for each SCM use PortConfigKey ozone.scm.block.client.port appended with serviceId and nodeId
2021-09-05 14:30:25,646 [Listener at 127.0.0.1/11040] INFO  ha.SCMNodeInfo (SCMNodeInfo.java:getPort(197)) - ConfigKey ozone.scm.datanode.address is deprecated, For configuring different ports for each SCM use PortConfigKey ozone.scm.datanode.port appended with serviceId and nodeId
2021-09-05 14:30:25,646 [Listener at 127.0.0.1/11040] INFO  ha.SCMNodeInfo (SCMNodeInfo.java:getPort(197)) - ConfigKey ozone.scm.client.address is deprecated, For configuring different ports for each SCM use PortConfigKey ozone.scm.client.port appended with serviceId and nodeId
2021-09-05 14:30:25,646 [Listener at 127.0.0.1/11040] INFO  ha.SCMNodeInfo (SCMNodeInfo.java:getPort(197)) - ConfigKey ozone.scm.block.client.address is deprecated, For configuring different ports for each SCM use PortConfigKey ozone.scm.block.client.port appended with serviceId and nodeId
2021-09-05 14:30:25,647 [Listener at 127.0.0.1/11040] INFO  ha.SCMNodeInfo (SCMNodeInfo.java:getPort(197)) - ConfigKey ozone.scm.datanode.address is deprecated, For configuring different ports for each SCM use PortConfigKey ozone.scm.datanode.port appended with serviceId and nodeId
2021-09-05 14:30:25,648 [org.apache.ratis.util.JvmPauseMonitor$$Lambda$499/1326998608@1f018baf] INFO  util.JvmPauseMonitor (JvmPauseMonitor.java:run(103)) - JvmPauseMonitor-49d04e48-288c-4908-850c-f7267af01073: Started
2021-09-05 14:30:25,657 [IPC Server handler 4 on default port 13970] INFO  ha.SCMRatisServerImpl (SCMRatisServerImpl.java:addSCM(290)) - 69e17fe3-75d6-40e2-b575-3df3d97ee56c: Submitting SetConfiguration request to Ratis server with new SCM peers list: [69e17fe3-75d6-40e2-b575-3df3d97ee56c|rpc:localhost:13968|admin:|client:|dataStream:|priority:0, 9d3796c5-d907-4196-a355-2f07340af16c|rpc:localhost:13978|priority:0, 49d04e48-288c-4908-850c-f7267af01073|rpc:localhost:13988|priority:0]
2021-09-05 14:30:25,657 [IPC Server handler 4 on default port 13970] INFO  server.RaftServer$Division (RaftServerImpl.java:setConfigurationAsync(971)) - 69e17fe3-75d6-40e2-b575-3df3d97ee56c@group-97DB8748AD29: receive setConfiguration SetConfigurationRequest:client-1F464CD33E50->69e17fe3-75d6-40e2-b575-3df3d97ee56c@group-97DB8748AD29, cid=10, seq=0, RW, null, peers:[69e17fe3-75d6-40e2-b575-3df3d97ee56c|rpc:localhost:13968|admin:|client:|dataStream:|priority:0, 9d3796c5-d907-4196-a355-2f07340af16c|rpc:localhost:13978|priority:0, 49d04e48-288c-4908-850c-f7267af01073|rpc:localhost:13988|priority:0]
2021-09-05 14:30:25,657 [IPC Server handler 4 on default port 13970] INFO  server.RaftServer$Division (LeaderStateImpl.java:startSetConfiguration(345)) - 69e17fe3-75d6-40e2-b575-3df3d97ee56c@group-97DB8748AD29-LeaderStateImpl: startSetConfiguration SetConfigurationRequest:client-1F464CD33E50->69e17fe3-75d6-40e2-b575-3df3d97ee56c@group-97DB8748AD29, cid=10, seq=0, RW, null, peers:[69e17fe3-75d6-40e2-b575-3df3d97ee56c|rpc:localhost:13968|admin:|client:|dataStream:|priority:0, 9d3796c5-d907-4196-a355-2f07340af16c|rpc:localhost:13978|priority:0, 49d04e48-288c-4908-850c-f7267af01073|rpc:localhost:13988|priority:0]
2021-09-05 14:30:25,657 [IPC Server handler 4 on default port 13970] INFO  server.RaftServerConfigKeys (ConfUtils.java:logGet(44)) - raft.server.log.appender.snapshot.chunk.size.max = 16MB (=16777216) (default)
2021-09-05 14:30:25,657 [IPC Server handler 4 on default port 13970] INFO  server.RaftServerConfigKeys (ConfUtils.java:logGet(44)) - raft.server.log.appender.buffer.byte-limit = 33554432 (custom)
2021-09-05 14:30:25,657 [IPC Server handler 4 on default port 13970] INFO  server.RaftServerConfigKeys (ConfUtils.java:logGet(44)) - raft.server.log.appender.buffer.element-limit = 1024 (custom)
2021-09-05 14:30:25,658 [IPC Server handler 4 on default port 13970] INFO  grpc.GrpcConfigKeys (ConfUtils.java:logGet(44)) - raft.grpc.server.leader.outstanding.appends.max = 128 (default)
2021-09-05 14:30:25,658 [IPC Server handler 4 on default port 13970] INFO  server.RaftServerConfigKeys (ConfUtils.java:logGet(44)) - raft.server.rpc.request.timeout = 30000ms (custom)
2021-09-05 14:30:25,659 [IPC Server handler 4 on default port 13970] INFO  server.RaftServerConfigKeys (ConfUtils.java:logGet(44)) - raft.server.log.appender.install.snapshot.enabled = false (custom)
2021-09-05 14:30:25,670 [69e17fe3-75d6-40e2-b575-3df3d97ee56c@group-97DB8748AD29->49d04e48-288c-4908-850c-f7267af01073-GrpcLogAppender-LogAppenderDaemon] INFO  server.GrpcLogAppender (GrpcLogAppender.java:installSnapshot(524)) - 69e17fe3-75d6-40e2-b575-3df3d97ee56c@group-97DB8748AD29->49d04e48-288c-4908-850c-f7267af01073-GrpcLogAppender: followerNextIndex = 0 but logStartIndex = 1, notify follower to install snapshot-(t:2, i:1)
2021-09-05 14:30:25,670 [69e17fe3-75d6-40e2-b575-3df3d97ee56c@group-97DB8748AD29->49d04e48-288c-4908-850c-f7267af01073-GrpcLogAppender-LogAppenderDaemon] INFO  server.GrpcLogAppender (GrpcLogAppender.java:installSnapshot(532)) - 69e17fe3-75d6-40e2-b575-3df3d97ee56c@group-97DB8748AD29->49d04e48-288c-4908-850c-f7267af01073-GrpcLogAppender: send 69e17fe3-75d6-40e2-b575-3df3d97ee56c->49d04e48-288c-4908-850c-f7267af01073#0-t2,notify:(t:2, i:1)
2021-09-05 14:30:25,678 [grpc-default-executor-0] INFO  server.RaftServer$Division (RaftServerImpl.java:installSnapshot(1329)) - 49d04e48-288c-4908-850c-f7267af01073@group-97DB8748AD29: receive installSnapshot: 69e17fe3-75d6-40e2-b575-3df3d97ee56c->49d04e48-288c-4908-850c-f7267af01073#0-t2,notify:(t:2, i:1)
2021-09-05 14:30:25,680 [grpc-default-executor-0] INFO  ha.SCMStateMachine (SCMStateMachine.java:notifyLeaderChanged(248)) - leader changed, yet current SCM is still follower.
2021-09-05 14:30:25,680 [grpc-default-executor-0] INFO  server.RaftServer$Division (ServerState.java:setLeader(285)) - 49d04e48-288c-4908-850c-f7267af01073@group-97DB8748AD29: change Leader from null to 69e17fe3-75d6-40e2-b575-3df3d97ee56c at term 2 for installSnapshot, leader elected after 14429ms
2021-09-05 14:30:25,680 [grpc-default-executor-0] INFO  server.RaftServer$Division (RaftServerImpl.java:notifyStateMachineToInstallSnapshot(1581)) - 49d04e48-288c-4908-850c-f7267af01073@group-97DB8748AD29: notifyInstallSnapshot: nextIndex is 0 but the leader's first available index is 1.
2021-09-05 14:30:25,680 [grpc-default-executor-0] INFO  ha.SCMStateMachine (SCMStateMachine.java:notifyInstallSnapshotFromLeader(212)) - Received install snapshot notification from SCM leader: localhost:13968 with term index: (t:2, i:1)
2021-09-05 14:30:25,680 [grpc-default-executor-0] INFO  server.RaftServer$Division (RaftServerImpl.java:installSnapshotImpl(1459)) - 49d04e48-288c-4908-850c-f7267af01073@group-97DB8748AD29: set new configuration index: 5
configurationEntry {
  peers {
    id: "69e17fe3-75d6-40e2-b575-3df3d97ee56c"
    address: "localhost:13968"
  }
  peers {
    id: "9d3796c5-d907-4196-a355-2f07340af16c"
    address: "localhost:13978"
  }
}
 from snapshot
2021-09-05 14:30:25,681 [grpc-default-executor-0] INFO  server.RaftServer$Division (ServerState.java:setRaftConf(387)) - 49d04e48-288c-4908-850c-f7267af01073@group-97DB8748AD29: set configuration 5: [69e17fe3-75d6-40e2-b575-3df3d97ee56c|rpc:localhost:13968|admin:|client:|dataStream:|priority:0, 9d3796c5-d907-4196-a355-2f07340af16c|rpc:localhost:13978|admin:|client:|dataStream:|priority:0], old=null
2021-09-05 14:30:25,681 [grpc-default-executor-0] INFO  server.RaftServer$Division (RaftServerImpl.java:installSnapshot(1340)) - 49d04e48-288c-4908-850c-f7267af01073@group-97DB8748AD29: reply installSnapshot: 69e17fe3-75d6-40e2-b575-3df3d97ee56c<-49d04e48-288c-4908-850c-f7267af01073#0:FAIL-t0,IN_PROGRESS
2021-09-05 14:30:25,681 [grpc-default-executor-0] INFO  server.GrpcServerProtocolService (GrpcServerProtocolService.java:onCompleted(140)) - 49d04e48-288c-4908-850c-f7267af01073: Completed INSTALL_SNAPSHOT, lastRequest: 69e17fe3-75d6-40e2-b575-3df3d97ee56c->49d04e48-288c-4908-850c-f7267af01073#0-t2,notify:(t:2, i:1)
2021-09-05 14:30:25,686 [grpc-default-executor-1] INFO  server.GrpcLogAppender (GrpcLogAppender.java:onNext(400)) - 69e17fe3-75d6-40e2-b575-3df3d97ee56c@group-97DB8748AD29->49d04e48-288c-4908-850c-f7267af01073-InstallSnapshotResponseHandler: received the first reply 69e17fe3-75d6-40e2-b575-3df3d97ee56c<-49d04e48-288c-4908-850c-f7267af01073#0:FAIL-t0,IN_PROGRESS
2021-09-05 14:30:25,686 [grpc-default-executor-1] INFO  server.GrpcLogAppender (GrpcLogAppender.java:onNext(417)) - 69e17fe3-75d6-40e2-b575-3df3d97ee56c@group-97DB8748AD29->49d04e48-288c-4908-850c-f7267af01073-InstallSnapshotResponseHandler: InstallSnapshot in progress.
2021-09-05 14:30:25,688 [69e17fe3-75d6-40e2-b575-3df3d97ee56c@group-97DB8748AD29->49d04e48-288c-4908-850c-f7267af01073-GrpcLogAppender-LogAppenderDaemon] INFO  server.GrpcLogAppender (GrpcLogAppender.java:installSnapshot(524)) - 69e17fe3-75d6-40e2-b575-3df3d97ee56c@group-97DB8748AD29->49d04e48-288c-4908-850c-f7267af01073-GrpcLogAppender: followerNextIndex = 0 but logStartIndex = 1, notify follower to install snapshot-(t:2, i:1)
2021-09-05 14:30:25,689 [69e17fe3-75d6-40e2-b575-3df3d97ee56c@group-97DB8748AD29->49d04e48-288c-4908-850c-f7267af01073-GrpcLogAppender-LogAppenderDaemon] INFO  server.GrpcLogAppender (GrpcLogAppender.java:installSnapshot(532)) - 69e17fe3-75d6-40e2-b575-3df3d97ee56c@group-97DB8748AD29->49d04e48-288c-4908-850c-f7267af01073-GrpcLogAppender: send 69e17fe3-75d6-40e2-b575-3df3d97ee56c->49d04e48-288c-4908-850c-f7267af01073#0-t2,notify:(t:2, i:1)
2021-09-05 14:30:25,690 [pool-229-thread-1] INFO  ha.SCMHAManagerImpl (SCMHAManagerImpl.java:getDBCheckpointFromLeader(206)) - Downloading checkpoint from leader SCM scmNode-1 and reloading state from the checkpoint.
2021-09-05 14:30:25,693 [grpc-default-executor-1] INFO  impl.RoleInfo (RoleInfo.java:updateAndGet(130)) - 49d04e48-288c-4908-850c-f7267af01073: start 49d04e48-288c-4908-850c-f7267af01073@group-97DB8748AD29-FollowerState
2021-09-05 14:30:25,697 [grpc-default-executor-1] INFO  server.RaftServer$Division (RaftServerImpl.java:checkInconsistentAppendEntries(1293)) - 49d04e48-288c-4908-850c-f7267af01073@group-97DB8748AD29: Failed appendEntries as snapshot ((t:2, i:1)) installation is in progress
2021-09-05 14:30:25,697 [grpc-default-executor-1] INFO  server.RaftServer$Division (RaftServerImpl.java:checkInconsistentAppendEntries(1285)) - 49d04e48-288c-4908-850c-f7267af01073@group-97DB8748AD29: inconsistency entries. Reply:69e17fe3-75d6-40e2-b575-3df3d97ee56c<-49d04e48-288c-4908-850c-f7267af01073#0:FAIL-t2,INCONSISTENCY,nextIndex=0,followerCommit=-1
2021-09-05 14:30:25,698 [grpc-default-executor-1] INFO  leader.FollowerInfo (FollowerInfoImpl.java:lambda$new$0(46)) - 69e17fe3-75d6-40e2-b575-3df3d97ee56c@group-97DB8748AD29->49d04e48-288c-4908-850c-f7267af01073: nextIndex: updateUnconditionally 0 -> 0
2021-09-05 14:30:25,701 [grpc-default-executor-0] INFO  server.RaftServer$Division (RaftServerImpl.java:installSnapshot(1329)) - 49d04e48-288c-4908-850c-f7267af01073@group-97DB8748AD29: receive installSnapshot: 69e17fe3-75d6-40e2-b575-3df3d97ee56c->49d04e48-288c-4908-850c-f7267af01073#0-t2,notify:(t:2, i:1)
2021-09-05 14:30:25,701 [grpc-default-executor-0] INFO  server.RaftServer$Division (RaftServerImpl.java:notifyStateMachineToInstallSnapshot(1611)) - 49d04e48-288c-4908-850c-f7267af01073@group-97DB8748AD29: Snapshot Installation by StateMachine is in progress.
2021-09-05 14:30:25,701 [grpc-default-executor-0] INFO  server.RaftServer$Division (RaftServerImpl.java:installSnapshotImpl(1459)) - 49d04e48-288c-4908-850c-f7267af01073@group-97DB8748AD29: set new configuration index: 5
configurationEntry {
  peers {
    id: "69e17fe3-75d6-40e2-b575-3df3d97ee56c"
    address: "localhost:13968"
  }
  peers {
    id: "9d3796c5-d907-4196-a355-2f07340af16c"
    address: "localhost:13978"
  }
}
 from snapshot
2021-09-05 14:30:25,701 [Datanode State Machine Thread - 0] ERROR datanode.RunningDatanodeState (RunningDatanodeState.java:computeNextContainerState(199)) - Error in executing end point task.
java.util.concurrent.ExecutionException: java.util.concurrent.TimeoutException
	at java.util.concurrent.FutureTask.report(FutureTask.java:122)
	at java.util.concurrent.FutureTask.get(FutureTask.java:192)
	at org.apache.hadoop.ozone.container.common.states.datanode.RunningDatanodeState.computeNextContainerState(RunningDatanodeState.java:191)
	at org.apache.hadoop.ozone.container.common.states.datanode.RunningDatanodeState.await(RunningDatanodeState.java:231)
	at org.apache.hadoop.ozone.container.common.states.datanode.RunningDatanodeState.await(RunningDatanodeState.java:50)
	at org.apache.hadoop.ozone.container.common.statemachine.StateContext.execute(StateContext.java:629)
	at org.apache.hadoop.ozone.container.common.statemachine.DatanodeStateMachine.start(DatanodeStateMachine.java:270)
	at org.apache.hadoop.ozone.container.common.statemachine.DatanodeStateMachine.lambda$startDaemon$0(DatanodeStateMachine.java:456)
	at java.lang.Thread.run(Thread.java:748)
Caused by: java.util.concurrent.TimeoutException
	at java.util.concurrent.FutureTask.get(FutureTask.java:205)
	at org.apache.hadoop.ozone.container.common.states.datanode.RunningDatanodeState.lambda$execute$0(RunningDatanodeState.java:149)
	at java.util.concurrent.FutureTask.run(FutureTask.java:266)
	at java.util.concurrent.Executors$RunnableAdapter.call(Executors.java:511)
	at java.util.concurrent.FutureTask.run(FutureTask.java:266)
	at java.util.concurrent.ThreadPoolExecutor.runWorker(ThreadPoolExecutor.java:1149)
	at java.util.concurrent.ThreadPoolExecutor$Worker.run(ThreadPoolExecutor.java:624)
	... 1 more
2021-09-05 14:30:25,701 [grpc-default-executor-0] INFO  server.RaftServer$Division (ServerState.java:setRaftConf(387)) - 49d04e48-288c-4908-850c-f7267af01073@group-97DB8748AD29: set configuration 5: [69e17fe3-75d6-40e2-b575-3df3d97ee56c|rpc:localhost:13968|admin:|client:|dataStream:|priority:0, 9d3796c5-d907-4196-a355-2f07340af16c|rpc:localhost:13978|admin:|client:|dataStream:|priority:0], old=null
2021-09-05 14:30:25,707 [grpc-default-executor-1] INFO  ha.SCMDBCheckpointProvider (SCMDBCheckpointProvider.java:writeDBCheckPointToSream(48)) - Received request to obtain SCM DB checkpoint snapshot
2021-09-05 14:30:25,715 [grpc-default-executor-0] INFO  server.RaftServer$Division (RaftServerImpl.java:installSnapshot(1340)) - 49d04e48-288c-4908-850c-f7267af01073@group-97DB8748AD29: reply installSnapshot: 69e17fe3-75d6-40e2-b575-3df3d97ee56c<-49d04e48-288c-4908-850c-f7267af01073#0:FAIL-t2,IN_PROGRESS
2021-09-05 14:30:25,715 [grpc-default-executor-0] INFO  server.GrpcServerProtocolService (GrpcServerProtocolService.java:onCompleted(140)) - 49d04e48-288c-4908-850c-f7267af01073: Completed INSTALL_SNAPSHOT, lastRequest: 69e17fe3-75d6-40e2-b575-3df3d97ee56c->49d04e48-288c-4908-850c-f7267af01073#0-t2,notify:(t:2, i:1)
2021-09-05 14:30:25,717 [grpc-default-executor-0] INFO  server.GrpcLogAppender (GrpcLogAppender.java:onNext(400)) - 69e17fe3-75d6-40e2-b575-3df3d97ee56c@group-97DB8748AD29->49d04e48-288c-4908-850c-f7267af01073-InstallSnapshotResponseHandler: received a reply 69e17fe3-75d6-40e2-b575-3df3d97ee56c<-49d04e48-288c-4908-850c-f7267af01073#0:FAIL-t2,IN_PROGRESS
2021-09-05 14:30:25,717 [grpc-default-executor-0] INFO  server.GrpcLogAppender (GrpcLogAppender.java:onNext(417)) - 69e17fe3-75d6-40e2-b575-3df3d97ee56c@group-97DB8748AD29->49d04e48-288c-4908-850c-f7267af01073-InstallSnapshotResponseHandler: InstallSnapshot in progress.
2021-09-05 14:30:25,724 [69e17fe3-75d6-40e2-b575-3df3d97ee56c@group-97DB8748AD29->49d04e48-288c-4908-850c-f7267af01073-GrpcLogAppender-LogAppenderDaemon] INFO  server.GrpcLogAppender (GrpcLogAppender.java:installSnapshot(524)) - 69e17fe3-75d6-40e2-b575-3df3d97ee56c@group-97DB8748AD29->49d04e48-288c-4908-850c-f7267af01073-GrpcLogAppender: followerNextIndex = 0 but logStartIndex = 1, notify follower to install snapshot-(t:2, i:1)
2021-09-05 14:30:25,724 [69e17fe3-75d6-40e2-b575-3df3d97ee56c@group-97DB8748AD29->49d04e48-288c-4908-850c-f7267af01073-GrpcLogAppender-LogAppenderDaemon] INFO  server.GrpcLogAppender (GrpcLogAppender.java:installSnapshot(532)) - 69e17fe3-75d6-40e2-b575-3df3d97ee56c@group-97DB8748AD29->49d04e48-288c-4908-850c-f7267af01073-GrpcLogAppender: send 69e17fe3-75d6-40e2-b575-3df3d97ee56c->49d04e48-288c-4908-850c-f7267af01073#0-t2,notify:(t:2, i:1)
2021-09-05 14:30:25,724 [grpc-default-executor-0] INFO  server.RaftServer$Division (RaftServerImpl.java:checkInconsistentAppendEntries(1293)) - 49d04e48-288c-4908-850c-f7267af01073@group-97DB8748AD29: Failed appendEntries as snapshot ((t:2, i:1)) installation is in progress
2021-09-05 14:30:25,724 [grpc-default-executor-0] INFO  server.RaftServer$Division (RaftServerImpl.java:checkInconsistentAppendEntries(1285)) - 49d04e48-288c-4908-850c-f7267af01073@group-97DB8748AD29: inconsistency entries. Reply:69e17fe3-75d6-40e2-b575-3df3d97ee56c<-49d04e48-288c-4908-850c-f7267af01073#1:FAIL-t2,INCONSISTENCY,nextIndex=0,followerCommit=-1
2021-09-05 14:30:25,726 [grpc-default-executor-2] INFO  server.RaftServer$Division (RaftServerImpl.java:installSnapshot(1329)) - 49d04e48-288c-4908-850c-f7267af01073@group-97DB8748AD29: receive installSnapshot: 69e17fe3-75d6-40e2-b575-3df3d97ee56c->49d04e48-288c-4908-850c-f7267af01073#0-t2,notify:(t:2, i:1)
2021-09-05 14:30:25,726 [grpc-default-executor-2] INFO  server.RaftServer$Division (RaftServerImpl.java:notifyStateMachineToInstallSnapshot(1611)) - 49d04e48-288c-4908-850c-f7267af01073@group-97DB8748AD29: Snapshot Installation by StateMachine is in progress.
2021-09-05 14:30:25,726 [grpc-default-executor-2] INFO  server.RaftServer$Division (RaftServerImpl.java:installSnapshotImpl(1459)) - 49d04e48-288c-4908-850c-f7267af01073@group-97DB8748AD29: set new configuration index: 5
configurationEntry {
  peers {
    id: "69e17fe3-75d6-40e2-b575-3df3d97ee56c"
    address: "localhost:13968"
  }
  peers {
    id: "9d3796c5-d907-4196-a355-2f07340af16c"
    address: "localhost:13978"
  }
}
 from snapshot
2021-09-05 14:30:25,730 [grpc-default-executor-2] INFO  server.RaftServer$Division (ServerState.java:setRaftConf(387)) - 49d04e48-288c-4908-850c-f7267af01073@group-97DB8748AD29: set configuration 5: [69e17fe3-75d6-40e2-b575-3df3d97ee56c|rpc:localhost:13968|admin:|client:|dataStream:|priority:0, 9d3796c5-d907-4196-a355-2f07340af16c|rpc:localhost:13978|admin:|client:|dataStream:|priority:0], old=null
2021-09-05 14:30:25,730 [grpc-default-executor-2] INFO  server.RaftServer$Division (RaftServerImpl.java:installSnapshot(1340)) - 49d04e48-288c-4908-850c-f7267af01073@group-97DB8748AD29: reply installSnapshot: 69e17fe3-75d6-40e2-b575-3df3d97ee56c<-49d04e48-288c-4908-850c-f7267af01073#0:FAIL-t2,IN_PROGRESS
2021-09-05 14:30:25,730 [grpc-default-executor-2] INFO  server.GrpcServerProtocolService (GrpcServerProtocolService.java:onCompleted(140)) - 49d04e48-288c-4908-850c-f7267af01073: Completed INSTALL_SNAPSHOT, lastRequest: 69e17fe3-75d6-40e2-b575-3df3d97ee56c->49d04e48-288c-4908-850c-f7267af01073#0-t2,notify:(t:2, i:1)
2021-09-05 14:30:25,730 [grpc-default-executor-0] INFO  leader.FollowerInfo (FollowerInfoImpl.java:lambda$new$0(46)) - 69e17fe3-75d6-40e2-b575-3df3d97ee56c@group-97DB8748AD29->49d04e48-288c-4908-850c-f7267af01073: nextIndex: updateUnconditionally 0 -> 0
2021-09-05 14:30:25,731 [grpc-default-executor-0] INFO  server.GrpcLogAppender (GrpcLogAppender.java:onNext(400)) - 69e17fe3-75d6-40e2-b575-3df3d97ee56c@group-97DB8748AD29->49d04e48-288c-4908-850c-f7267af01073-InstallSnapshotResponseHandler: received a reply 69e17fe3-75d6-40e2-b575-3df3d97ee56c<-49d04e48-288c-4908-850c-f7267af01073#0:FAIL-t2,IN_PROGRESS
2021-09-05 14:30:25,731 [grpc-default-executor-0] INFO  server.GrpcLogAppender (GrpcLogAppender.java:onNext(417)) - 69e17fe3-75d6-40e2-b575-3df3d97ee56c@group-97DB8748AD29->49d04e48-288c-4908-850c-f7267af01073-InstallSnapshotResponseHandler: InstallSnapshot in progress.
2021-09-05 14:30:25,729 [grpc-default-executor-1] INFO  db.RDBCheckpointManager (RDBCheckpointManager.java:createCheckpoint(86)) - Created checkpoint at /home/runner/work/ozone/ozone/hadoop-ozone/integration-test/target/test-dir/MiniOzoneClusterImpl-11ada6fe-a5c6-4827-8b3d-97db8748ad29/scmNode-1/db.checkpoints/scm.db_checkpoint_1630852225714 in 15 milliseconds
2021-09-05 14:30:25,733 [69e17fe3-75d6-40e2-b575-3df3d97ee56c@group-97DB8748AD29->49d04e48-288c-4908-850c-f7267af01073-GrpcLogAppender-LogAppenderDaemon] INFO  server.GrpcLogAppender (GrpcLogAppender.java:installSnapshot(524)) - 69e17fe3-75d6-40e2-b575-3df3d97ee56c@group-97DB8748AD29->49d04e48-288c-4908-850c-f7267af01073-GrpcLogAppender: followerNextIndex = 0 but logStartIndex = 1, notify follower to install snapshot-(t:2, i:1)
2021-09-05 14:30:25,733 [69e17fe3-75d6-40e2-b575-3df3d97ee56c@group-97DB8748AD29->49d04e48-288c-4908-850c-f7267af01073-GrpcLogAppender-LogAppenderDaemon] INFO  server.GrpcLogAppender (GrpcLogAppender.java:installSnapshot(532)) - 69e17fe3-75d6-40e2-b575-3df3d97ee56c@group-97DB8748AD29->49d04e48-288c-4908-850c-f7267af01073-GrpcLogAppender: send 69e17fe3-75d6-40e2-b575-3df3d97ee56c->49d04e48-288c-4908-850c-f7267af01073#0-t2,notify:(t:2, i:1)
2021-09-05 14:30:25,734 [grpc-default-executor-2] INFO  server.RaftServer$Division (RaftServerImpl.java:checkInconsistentAppendEntries(1293)) - 49d04e48-288c-4908-850c-f7267af01073@group-97DB8748AD29: Failed appendEntries as snapshot ((t:2, i:1)) installation is in progress
2021-09-05 14:30:25,734 [grpc-default-executor-2] INFO  server.RaftServer$Division (RaftServerImpl.java:checkInconsistentAppendEntries(1285)) - 49d04e48-288c-4908-850c-f7267af01073@group-97DB8748AD29: inconsistency entries. Reply:69e17fe3-75d6-40e2-b575-3df3d97ee56c<-49d04e48-288c-4908-850c-f7267af01073#2:FAIL-t2,INCONSISTENCY,nextIndex=0,followerCommit=-1
2021-09-05 14:30:25,734 [grpc-default-executor-0] INFO  leader.FollowerInfo (FollowerInfoImpl.java:lambda$new$0(46)) - 69e17fe3-75d6-40e2-b575-3df3d97ee56c@group-97DB8748AD29->49d04e48-288c-4908-850c-f7267af01073: nextIndex: updateUnconditionally 0 -> 0
2021-09-05 14:30:25,735 [grpc-default-executor-2] INFO  server.RaftServer$Division (RaftServerImpl.java:installSnapshot(1329)) - 49d04e48-288c-4908-850c-f7267af01073@group-97DB8748AD29: receive installSnapshot: 69e17fe3-75d6-40e2-b575-3df3d97ee56c->49d04e48-288c-4908-850c-f7267af01073#0-t2,notify:(t:2, i:1)
2021-09-05 14:30:25,735 [grpc-default-executor-2] INFO  server.RaftServer$Division (RaftServerImpl.java:notifyStateMachineToInstallSnapshot(1611)) - 49d04e48-288c-4908-850c-f7267af01073@group-97DB8748AD29: Snapshot Installation by StateMachine is in progress.
2021-09-05 14:30:25,735 [grpc-default-executor-2] INFO  server.RaftServer$Division (RaftServerImpl.java:installSnapshotImpl(1459)) - 49d04e48-288c-4908-850c-f7267af01073@group-97DB8748AD29: set new configuration index: 5
configurationEntry {
  peers {
    id: "69e17fe3-75d6-40e2-b575-3df3d97ee56c"
    address: "localhost:13968"
  }
  peers {
    id: "9d3796c5-d907-4196-a355-2f07340af16c"
    address: "localhost:13978"
  }
}
 from snapshot
2021-09-05 14:30:25,735 [grpc-default-executor-2] INFO  server.RaftServer$Division (ServerState.java:setRaftConf(387)) - 49d04e48-288c-4908-850c-f7267af01073@group-97DB8748AD29: set configuration 5: [69e17fe3-75d6-40e2-b575-3df3d97ee56c|rpc:localhost:13968|admin:|client:|dataStream:|priority:0, 9d3796c5-d907-4196-a355-2f07340af16c|rpc:localhost:13978|admin:|client:|dataStream:|priority:0], old=null
2021-09-05 14:30:25,735 [grpc-default-executor-2] INFO  server.RaftServer$Division (RaftServerImpl.java:installSnapshot(1340)) - 49d04e48-288c-4908-850c-f7267af01073@group-97DB8748AD29: reply installSnapshot: 69e17fe3-75d6-40e2-b575-3df3d97ee56c<-49d04e48-288c-4908-850c-f7267af01073#0:FAIL-t2,IN_PROGRESS
2021-09-05 14:30:25,735 [grpc-default-executor-2] INFO  server.GrpcServerProtocolService (GrpcServerProtocolService.java:onCompleted(140)) - 49d04e48-288c-4908-850c-f7267af01073: Completed INSTALL_SNAPSHOT, lastRequest: 69e17fe3-75d6-40e2-b575-3df3d97ee56c->49d04e48-288c-4908-850c-f7267af01073#0-t2,notify:(t:2, i:1)
2021-09-05 14:30:25,739 [grpc-default-executor-2] INFO  server.GrpcLogAppender (GrpcLogAppender.java:onNext(400)) - 69e17fe3-75d6-40e2-b575-3df3d97ee56c@group-97DB8748AD29->49d04e48-288c-4908-850c-f7267af01073-InstallSnapshotResponseHandler: received a reply 69e17fe3-75d6-40e2-b575-3df3d97ee56c<-49d04e48-288c-4908-850c-f7267af01073#0:FAIL-t2,IN_PROGRESS
2021-09-05 14:30:25,739 [grpc-default-executor-2] INFO  server.GrpcLogAppender (GrpcLogAppender.java:onNext(417)) - 69e17fe3-75d6-40e2-b575-3df3d97ee56c@group-97DB8748AD29->49d04e48-288c-4908-850c-f7267af01073-InstallSnapshotResponseHandler: InstallSnapshot in progress.
2021-09-05 14:30:25,735 [grpc-default-executor-1] INFO  ha.SCMGrpcOutputStream (SCMGrpcOutputStream.java:close(111)) - Sent 6089 bytes for cluster 11ada6fe-a5c6-4827-8b3d-97db8748ad29
2021-09-05 14:30:25,748 [grpc-default-executor-1] INFO  ha.SCMDBCheckpointProvider (SCMDBCheckpointProvider.java:writeDBCheckPointToSream(73)) - Time taken to write the checkpoint to response output stream: 16 milliseconds
2021-09-05 14:30:25,749 [69e17fe3-75d6-40e2-b575-3df3d97ee56c@group-97DB8748AD29->49d04e48-288c-4908-850c-f7267af01073-GrpcLogAppender-LogAppenderDaemon] INFO  server.GrpcLogAppender (GrpcLogAppender.java:installSnapshot(524)) - 69e17fe3-75d6-40e2-b575-3df3d97ee56c@group-97DB8748AD29->49d04e48-288c-4908-850c-f7267af01073-GrpcLogAppender: followerNextIndex = 0 but logStartIndex = 1, notify follower to install snapshot-(t:2, i:1)
2021-09-05 14:30:25,749 [69e17fe3-75d6-40e2-b575-3df3d97ee56c@group-97DB8748AD29->49d04e48-288c-4908-850c-f7267af01073-GrpcLogAppender-LogAppenderDaemon] INFO  server.GrpcLogAppender (GrpcLogAppender.java:installSnapshot(532)) - 69e17fe3-75d6-40e2-b575-3df3d97ee56c@group-97DB8748AD29->49d04e48-288c-4908-850c-f7267af01073-GrpcLogAppender: send 69e17fe3-75d6-40e2-b575-3df3d97ee56c->49d04e48-288c-4908-850c-f7267af01073#0-t2,notify:(t:2, i:1)
2021-09-05 14:30:25,753 [grpc-default-executor-2] INFO  server.RaftServer$Division (RaftServerImpl.java:installSnapshot(1329)) - 49d04e48-288c-4908-850c-f7267af01073@group-97DB8748AD29: receive installSnapshot: 69e17fe3-75d6-40e2-b575-3df3d97ee56c->49d04e48-288c-4908-850c-f7267af01073#0-t2,notify:(t:2, i:1)
2021-09-05 14:30:25,753 [grpc-default-executor-2] INFO  server.RaftServer$Division (RaftServerImpl.java:notifyStateMachineToInstallSnapshot(1611)) - 49d04e48-288c-4908-850c-f7267af01073@group-97DB8748AD29: Snapshot Installation by StateMachine is in progress.
2021-09-05 14:30:25,753 [grpc-default-executor-2] INFO  server.RaftServer$Division (RaftServerImpl.java:installSnapshotImpl(1459)) - 49d04e48-288c-4908-850c-f7267af01073@group-97DB8748AD29: set new configuration index: 5
configurationEntry {
  peers {
    id: "69e17fe3-75d6-40e2-b575-3df3d97ee56c"
    address: "localhost:13968"
  }
  peers {
    id: "9d3796c5-d907-4196-a355-2f07340af16c"
    address: "localhost:13978"
  }
}
 from snapshot
2021-09-05 14:30:25,753 [grpc-default-executor-2] INFO  server.RaftServer$Division (ServerState.java:setRaftConf(387)) - 49d04e48-288c-4908-850c-f7267af01073@group-97DB8748AD29: set configuration 5: [69e17fe3-75d6-40e2-b575-3df3d97ee56c|rpc:localhost:13968|admin:|client:|dataStream:|priority:0, 9d3796c5-d907-4196-a355-2f07340af16c|rpc:localhost:13978|admin:|client:|dataStream:|priority:0], old=null
2021-09-05 14:30:25,753 [grpc-default-executor-2] INFO  server.RaftServer$Division (RaftServerImpl.java:installSnapshot(1340)) - 49d04e48-288c-4908-850c-f7267af01073@group-97DB8748AD29: reply installSnapshot: 69e17fe3-75d6-40e2-b575-3df3d97ee56c<-49d04e48-288c-4908-850c-f7267af01073#0:FAIL-t2,IN_PROGRESS
2021-09-05 14:30:25,753 [grpc-default-executor-2] INFO  server.GrpcServerProtocolService (GrpcServerProtocolService.java:onCompleted(140)) - 49d04e48-288c-4908-850c-f7267af01073: Completed INSTALL_SNAPSHOT, lastRequest: 69e17fe3-75d6-40e2-b575-3df3d97ee56c->49d04e48-288c-4908-850c-f7267af01073#0-t2,notify:(t:2, i:1)
2021-09-05 14:30:25,754 [grpc-default-executor-3] INFO  server.RaftServer$Division (RaftServerImpl.java:checkInconsistentAppendEntries(1293)) - 49d04e48-288c-4908-850c-f7267af01073@group-97DB8748AD29: Failed appendEntries as snapshot ((t:2, i:1)) installation is in progress
2021-09-05 14:30:25,754 [grpc-default-executor-3] INFO  server.RaftServer$Division (RaftServerImpl.java:checkInconsistentAppendEntries(1285)) - 49d04e48-288c-4908-850c-f7267af01073@group-97DB8748AD29: inconsistency entries. Reply:69e17fe3-75d6-40e2-b575-3df3d97ee56c<-49d04e48-288c-4908-850c-f7267af01073#3:FAIL-t2,INCONSISTENCY,nextIndex=0,followerCommit=-1
2021-09-05 14:30:25,748 [grpc-default-executor-1] INFO  db.RocksDBCheckpoint (RocksDBCheckpoint.java:cleanupCheckpoint(78)) - Cleaning up RocksDB checkpoint at /home/runner/work/ozone/ozone/hadoop-ozone/integration-test/target/test-dir/MiniOzoneClusterImpl-11ada6fe-a5c6-4827-8b3d-97db8748ad29/scmNode-1/db.checkpoints/scm.db_checkpoint_1630852225714
2021-09-05 14:30:25,749 [grpc-default-executor-0] INFO  ha.InterSCMGrpcClient (InterSCMGrpcClient.java:onCompleted(173)) - Checkpoint is downloaded to /home/runner/work/ozone/ozone/hadoop-ozone/integration-test/target/test-dir/MiniOzoneClusterImpl-11ada6fe-a5c6-4827-8b3d-97db8748ad29/scmNode-3/snapshot/scm.db-scmNode-1-1630852225690.tar.gz
2021-09-05 14:30:25,769 [grpc-default-executor-3] INFO  leader.FollowerInfo (FollowerInfoImpl.java:lambda$new$0(46)) - 69e17fe3-75d6-40e2-b575-3df3d97ee56c@group-97DB8748AD29->49d04e48-288c-4908-850c-f7267af01073: nextIndex: updateUnconditionally 0 -> 0
2021-09-05 14:30:25,769 [EndpointStateMachine task thread for /127.0.0.1:14531 - 0 ] INFO  ipc.Client (Client.java:handleConnectionFailure(977)) - Retrying connect to server: localhost/127.0.0.1:14531. Already tried 14 time(s); retry policy is RetryUpToMaximumCountWithFixedSleep(maxRetries=15, sleepTime=1000 MILLISECONDS)
2021-09-05 14:30:25,770 [EndpointStateMachine task thread for /127.0.0.1:14541 - 0 ] INFO  ipc.Client (Client.java:handleConnectionFailure(977)) - Retrying connect to server: localhost/127.0.0.1:14541. Already tried 13 time(s); retry policy is RetryUpToMaximumCountWithFixedSleep(maxRetries=15, sleepTime=1000 MILLISECONDS)
2021-09-05 14:30:25,777 [grpc-default-executor-4] INFO  server.GrpcLogAppender (GrpcLogAppender.java:onNext(400)) - 69e17fe3-75d6-40e2-b575-3df3d97ee56c@group-97DB8748AD29->49d04e48-288c-4908-850c-f7267af01073-InstallSnapshotResponseHandler: received a reply 69e17fe3-75d6-40e2-b575-3df3d97ee56c<-49d04e48-288c-4908-850c-f7267af01073#0:FAIL-t2,IN_PROGRESS
2021-09-05 14:30:25,777 [grpc-default-executor-4] INFO  server.GrpcLogAppender (GrpcLogAppender.java:onNext(417)) - 69e17fe3-75d6-40e2-b575-3df3d97ee56c@group-97DB8748AD29->49d04e48-288c-4908-850c-f7267af01073-InstallSnapshotResponseHandler: InstallSnapshot in progress.
2021-09-05 14:30:25,785 [69e17fe3-75d6-40e2-b575-3df3d97ee56c@group-97DB8748AD29->49d04e48-288c-4908-850c-f7267af01073-GrpcLogAppender-LogAppenderDaemon] INFO  server.GrpcLogAppender (GrpcLogAppender.java:installSnapshot(524)) - 69e17fe3-75d6-40e2-b575-3df3d97ee56c@group-97DB8748AD29->49d04e48-288c-4908-850c-f7267af01073-GrpcLogAppender: followerNextIndex = 0 but logStartIndex = 1, notify follower to install snapshot-(t:2, i:1)
2021-09-05 14:30:25,785 [69e17fe3-75d6-40e2-b575-3df3d97ee56c@group-97DB8748AD29->49d04e48-288c-4908-850c-f7267af01073-GrpcLogAppender-LogAppenderDaemon] INFO  server.GrpcLogAppender (GrpcLogAppender.java:installSnapshot(532)) - 69e17fe3-75d6-40e2-b575-3df3d97ee56c@group-97DB8748AD29->49d04e48-288c-4908-850c-f7267af01073-GrpcLogAppender: send 69e17fe3-75d6-40e2-b575-3df3d97ee56c->49d04e48-288c-4908-850c-f7267af01073#0-t2,notify:(t:2, i:1)
2021-09-05 14:30:25,788 [EndpointStateMachine task thread for /127.0.0.1:14521 - 0 ] INFO  ipc.Client (Client.java:handleConnectionFailure(977)) - Retrying connect to server: localhost/127.0.0.1:14521. Already tried 0 time(s); retry policy is RetryUpToMaximumCountWithFixedSleep(maxRetries=15, sleepTime=1000 MILLISECONDS)
2021-09-05 14:30:25,793 [pool-229-thread-1] INFO  ha.SCMSnapshotProvider (SCMSnapshotProvider.java:getSCMDBSnapshot(131)) - Successfully downloaded latest checkpoint from leader SCM: scmNode-1 path /home/runner/work/ozone/ozone/hadoop-ozone/integration-test/target/test-dir/MiniOzoneClusterImpl-11ada6fe-a5c6-4827-8b3d-97db8748ad29/scmNode-3/snapshot/scm.db-scmNode-1-1630852225690
2021-09-05 14:30:25,793 [pool-229-thread-1] INFO  ha.SCMHAManagerImpl (SCMHAManagerImpl.java:downloadCheckpointFromLeader(158)) - Downloaded checkpoint from Leader scmNode-1 to the location /home/runner/work/ozone/ozone/hadoop-ozone/integration-test/target/test-dir/MiniOzoneClusterImpl-11ada6fe-a5c6-4827-8b3d-97db8748ad29/scmNode-3/snapshot/scm.db-scmNode-1-1630852225690
2021-09-05 14:30:25,796 [grpc-default-executor-3] INFO  server.RaftServer$Division (RaftServerImpl.java:checkInconsistentAppendEntries(1293)) - 49d04e48-288c-4908-850c-f7267af01073@group-97DB8748AD29: Failed appendEntries as snapshot ((t:2, i:1)) installation is in progress
2021-09-05 14:30:25,796 [grpc-default-executor-3] INFO  server.RaftServer$Division (RaftServerImpl.java:checkInconsistentAppendEntries(1285)) - 49d04e48-288c-4908-850c-f7267af01073@group-97DB8748AD29: inconsistency entries. Reply:69e17fe3-75d6-40e2-b575-3df3d97ee56c<-49d04e48-288c-4908-850c-f7267af01073#4:FAIL-t2,INCONSISTENCY,nextIndex=0,followerCommit=-1
2021-09-05 14:30:25,796 [grpc-default-executor-4] INFO  server.RaftServer$Division (RaftServerImpl.java:installSnapshot(1329)) - 49d04e48-288c-4908-850c-f7267af01073@group-97DB8748AD29: receive installSnapshot: 69e17fe3-75d6-40e2-b575-3df3d97ee56c->49d04e48-288c-4908-850c-f7267af01073#0-t2,notify:(t:2, i:1)
2021-09-05 14:30:25,796 [grpc-default-executor-4] INFO  server.RaftServer$Division (RaftServerImpl.java:notifyStateMachineToInstallSnapshot(1611)) - 49d04e48-288c-4908-850c-f7267af01073@group-97DB8748AD29: Snapshot Installation by StateMachine is in progress.
2021-09-05 14:30:25,796 [grpc-default-executor-4] INFO  server.RaftServer$Division (RaftServerImpl.java:installSnapshotImpl(1459)) - 49d04e48-288c-4908-850c-f7267af01073@group-97DB8748AD29: set new configuration index: 5
configurationEntry {
  peers {
    id: "69e17fe3-75d6-40e2-b575-3df3d97ee56c"
    address: "localhost:13968"
  }
  peers {
    id: "9d3796c5-d907-4196-a355-2f07340af16c"
    address: "localhost:13978"
  }
}
 from snapshot
2021-09-05 14:30:25,796 [grpc-default-executor-3] INFO  leader.FollowerInfo (FollowerInfoImpl.java:lambda$new$0(46)) - 69e17fe3-75d6-40e2-b575-3df3d97ee56c@group-97DB8748AD29->49d04e48-288c-4908-850c-f7267af01073: nextIndex: updateUnconditionally 0 -> 0
2021-09-05 14:30:25,797 [grpc-default-executor-4] INFO  server.RaftServer$Division (ServerState.java:setRaftConf(387)) - 49d04e48-288c-4908-850c-f7267af01073@group-97DB8748AD29: set configuration 5: [69e17fe3-75d6-40e2-b575-3df3d97ee56c|rpc:localhost:13968|admin:|client:|dataStream:|priority:0, 9d3796c5-d907-4196-a355-2f07340af16c|rpc:localhost:13978|admin:|client:|dataStream:|priority:0], old=null
2021-09-05 14:30:25,797 [grpc-default-executor-4] INFO  server.RaftServer$Division (RaftServerImpl.java:installSnapshot(1340)) - 49d04e48-288c-4908-850c-f7267af01073@group-97DB8748AD29: reply installSnapshot: 69e17fe3-75d6-40e2-b575-3df3d97ee56c<-49d04e48-288c-4908-850c-f7267af01073#0:FAIL-t2,IN_PROGRESS
2021-09-05 14:30:25,797 [grpc-default-executor-4] INFO  server.GrpcServerProtocolService (GrpcServerProtocolService.java:onCompleted(140)) - 49d04e48-288c-4908-850c-f7267af01073: Completed INSTALL_SNAPSHOT, lastRequest: 69e17fe3-75d6-40e2-b575-3df3d97ee56c->49d04e48-288c-4908-850c-f7267af01073#0-t2,notify:(t:2, i:1)
2021-09-05 14:30:25,798 [grpc-default-executor-4] INFO  server.GrpcLogAppender (GrpcLogAppender.java:onNext(400)) - 69e17fe3-75d6-40e2-b575-3df3d97ee56c@group-97DB8748AD29->49d04e48-288c-4908-850c-f7267af01073-InstallSnapshotResponseHandler: received a reply 69e17fe3-75d6-40e2-b575-3df3d97ee56c<-49d04e48-288c-4908-850c-f7267af01073#0:FAIL-t2,IN_PROGRESS
2021-09-05 14:30:25,798 [grpc-default-executor-4] INFO  server.GrpcLogAppender (GrpcLogAppender.java:onNext(417)) - 69e17fe3-75d6-40e2-b575-3df3d97ee56c@group-97DB8748AD29->49d04e48-288c-4908-850c-f7267af01073-InstallSnapshotResponseHandler: InstallSnapshot in progress.
2021-09-05 14:30:25,805 [69e17fe3-75d6-40e2-b575-3df3d97ee56c@group-97DB8748AD29->49d04e48-288c-4908-850c-f7267af01073-GrpcLogAppender-LogAppenderDaemon] INFO  server.GrpcLogAppender (GrpcLogAppender.java:installSnapshot(524)) - 69e17fe3-75d6-40e2-b575-3df3d97ee56c@group-97DB8748AD29->49d04e48-288c-4908-850c-f7267af01073-GrpcLogAppender: followerNextIndex = 0 but logStartIndex = 1, notify follower to install snapshot-(t:2, i:1)
2021-09-05 14:30:25,805 [69e17fe3-75d6-40e2-b575-3df3d97ee56c@group-97DB8748AD29->49d04e48-288c-4908-850c-f7267af01073-GrpcLogAppender-LogAppenderDaemon] INFO  server.GrpcLogAppender (GrpcLogAppender.java:installSnapshot(532)) - 69e17fe3-75d6-40e2-b575-3df3d97ee56c@group-97DB8748AD29->49d04e48-288c-4908-850c-f7267af01073-GrpcLogAppender: send 69e17fe3-75d6-40e2-b575-3df3d97ee56c->49d04e48-288c-4908-850c-f7267af01073#0-t2,notify:(t:2, i:1)
2021-09-05 14:30:25,805 [grpc-default-executor-4] INFO  server.RaftServer$Division (RaftServerImpl.java:checkInconsistentAppendEntries(1293)) - 49d04e48-288c-4908-850c-f7267af01073@group-97DB8748AD29: Failed appendEntries as snapshot ((t:2, i:1)) installation is in progress
2021-09-05 14:30:25,806 [grpc-default-executor-4] INFO  server.RaftServer$Division (RaftServerImpl.java:checkInconsistentAppendEntries(1285)) - 49d04e48-288c-4908-850c-f7267af01073@group-97DB8748AD29: inconsistency entries. Reply:69e17fe3-75d6-40e2-b575-3df3d97ee56c<-49d04e48-288c-4908-850c-f7267af01073#5:FAIL-t2,INCONSISTENCY,nextIndex=0,followerCommit=-1
2021-09-05 14:30:25,807 [grpc-default-executor-4] INFO  leader.FollowerInfo (FollowerInfoImpl.java:lambda$new$0(46)) - 69e17fe3-75d6-40e2-b575-3df3d97ee56c@group-97DB8748AD29->49d04e48-288c-4908-850c-f7267af01073: nextIndex: updateUnconditionally 0 -> 0
2021-09-05 14:30:25,807 [grpc-default-executor-4] INFO  server.RaftServer$Division (RaftServerImpl.java:installSnapshot(1329)) - 49d04e48-288c-4908-850c-f7267af01073@group-97DB8748AD29: receive installSnapshot: 69e17fe3-75d6-40e2-b575-3df3d97ee56c->49d04e48-288c-4908-850c-f7267af01073#0-t2,notify:(t:2, i:1)
2021-09-05 14:30:25,807 [grpc-default-executor-4] INFO  server.RaftServer$Division (RaftServerImpl.java:notifyStateMachineToInstallSnapshot(1611)) - 49d04e48-288c-4908-850c-f7267af01073@group-97DB8748AD29: Snapshot Installation by StateMachine is in progress.
2021-09-05 14:30:25,808 [grpc-default-executor-4] INFO  server.RaftServer$Division (RaftServerImpl.java:installSnapshotImpl(1459)) - 49d04e48-288c-4908-850c-f7267af01073@group-97DB8748AD29: set new configuration index: 5
configurationEntry {
  peers {
    id: "69e17fe3-75d6-40e2-b575-3df3d97ee56c"
    address: "localhost:13968"
  }
  peers {
    id: "9d3796c5-d907-4196-a355-2f07340af16c"
    address: "localhost:13978"
  }
}
 from snapshot
2021-09-05 14:30:25,808 [grpc-default-executor-4] INFO  server.RaftServer$Division (ServerState.java:setRaftConf(387)) - 49d04e48-288c-4908-850c-f7267af01073@group-97DB8748AD29: set configuration 5: [69e17fe3-75d6-40e2-b575-3df3d97ee56c|rpc:localhost:13968|admin:|client:|dataStream:|priority:0, 9d3796c5-d907-4196-a355-2f07340af16c|rpc:localhost:13978|admin:|client:|dataStream:|priority:0], old=null
2021-09-05 14:30:25,808 [grpc-default-executor-4] INFO  server.RaftServer$Division (RaftServerImpl.java:installSnapshot(1340)) - 49d04e48-288c-4908-850c-f7267af01073@group-97DB8748AD29: reply installSnapshot: 69e17fe3-75d6-40e2-b575-3df3d97ee56c<-49d04e48-288c-4908-850c-f7267af01073#0:FAIL-t2,IN_PROGRESS
2021-09-05 14:30:25,808 [grpc-default-executor-4] INFO  server.GrpcServerProtocolService (GrpcServerProtocolService.java:onCompleted(140)) - 49d04e48-288c-4908-850c-f7267af01073: Completed INSTALL_SNAPSHOT, lastRequest: 69e17fe3-75d6-40e2-b575-3df3d97ee56c->49d04e48-288c-4908-850c-f7267af01073#0-t2,notify:(t:2, i:1)
2021-09-05 14:30:25,809 [grpc-default-executor-3] INFO  server.GrpcLogAppender (GrpcLogAppender.java:onNext(400)) - 69e17fe3-75d6-40e2-b575-3df3d97ee56c@group-97DB8748AD29->49d04e48-288c-4908-850c-f7267af01073-InstallSnapshotResponseHandler: received a reply 69e17fe3-75d6-40e2-b575-3df3d97ee56c<-49d04e48-288c-4908-850c-f7267af01073#0:FAIL-t2,IN_PROGRESS
2021-09-05 14:30:25,809 [grpc-default-executor-3] INFO  server.GrpcLogAppender (GrpcLogAppender.java:onNext(417)) - 69e17fe3-75d6-40e2-b575-3df3d97ee56c@group-97DB8748AD29->49d04e48-288c-4908-850c-f7267af01073-InstallSnapshotResponseHandler: InstallSnapshot in progress.
2021-09-05 14:30:25,818 [69e17fe3-75d6-40e2-b575-3df3d97ee56c@group-97DB8748AD29->49d04e48-288c-4908-850c-f7267af01073-GrpcLogAppender-LogAppenderDaemon] INFO  server.GrpcLogAppender (GrpcLogAppender.java:installSnapshot(524)) - 69e17fe3-75d6-40e2-b575-3df3d97ee56c@group-97DB8748AD29->49d04e48-288c-4908-850c-f7267af01073-GrpcLogAppender: followerNextIndex = 0 but logStartIndex = 1, notify follower to install snapshot-(t:2, i:1)
2021-09-05 14:30:25,818 [69e17fe3-75d6-40e2-b575-3df3d97ee56c@group-97DB8748AD29->49d04e48-288c-4908-850c-f7267af01073-GrpcLogAppender-LogAppenderDaemon] INFO  server.GrpcLogAppender (GrpcLogAppender.java:installSnapshot(532)) - 69e17fe3-75d6-40e2-b575-3df3d97ee56c@group-97DB8748AD29->49d04e48-288c-4908-850c-f7267af01073-GrpcLogAppender: send 69e17fe3-75d6-40e2-b575-3df3d97ee56c->49d04e48-288c-4908-850c-f7267af01073#0-t2,notify:(t:2, i:1)
2021-09-05 14:30:25,820 [grpc-default-executor-1] INFO  server.RaftServer$Division (RaftServerImpl.java:checkInconsistentAppendEntries(1293)) - 49d04e48-288c-4908-850c-f7267af01073@group-97DB8748AD29: Failed appendEntries as snapshot ((t:2, i:1)) installation is in progress
2021-09-05 14:30:25,820 [grpc-default-executor-1] INFO  server.RaftServer$Division (RaftServerImpl.java:checkInconsistentAppendEntries(1285)) - 49d04e48-288c-4908-850c-f7267af01073@group-97DB8748AD29: inconsistency entries. Reply:69e17fe3-75d6-40e2-b575-3df3d97ee56c<-49d04e48-288c-4908-850c-f7267af01073#6:FAIL-t2,INCONSISTENCY,nextIndex=0,followerCommit=-1
2021-09-05 14:30:25,826 [grpc-default-executor-1] INFO  server.RaftServer$Division (RaftServerImpl.java:installSnapshot(1329)) - 49d04e48-288c-4908-850c-f7267af01073@group-97DB8748AD29: receive installSnapshot: 69e17fe3-75d6-40e2-b575-3df3d97ee56c->49d04e48-288c-4908-850c-f7267af01073#0-t2,notify:(t:2, i:1)
2021-09-05 14:30:25,826 [grpc-default-executor-1] INFO  server.RaftServer$Division (RaftServerImpl.java:notifyStateMachineToInstallSnapshot(1611)) - 49d04e48-288c-4908-850c-f7267af01073@group-97DB8748AD29: Snapshot Installation by StateMachine is in progress.
2021-09-05 14:30:25,826 [grpc-default-executor-1] INFO  server.RaftServer$Division (RaftServerImpl.java:installSnapshotImpl(1459)) - 49d04e48-288c-4908-850c-f7267af01073@group-97DB8748AD29: set new configuration index: 5
configurationEntry {
  peers {
    id: "69e17fe3-75d6-40e2-b575-3df3d97ee56c"
    address: "localhost:13968"
  }
  peers {
    id: "9d3796c5-d907-4196-a355-2f07340af16c"
    address: "localhost:13978"
  }
}
 from snapshot
2021-09-05 14:30:25,826 [grpc-default-executor-1] INFO  server.RaftServer$Division (ServerState.java:setRaftConf(387)) - 49d04e48-288c-4908-850c-f7267af01073@group-97DB8748AD29: set configuration 5: [69e17fe3-75d6-40e2-b575-3df3d97ee56c|rpc:localhost:13968|admin:|client:|dataStream:|priority:0, 9d3796c5-d907-4196-a355-2f07340af16c|rpc:localhost:13978|admin:|client:|dataStream:|priority:0], old=null
2021-09-05 14:30:25,826 [grpc-default-executor-1] INFO  server.RaftServer$Division (RaftServerImpl.java:installSnapshot(1340)) - 49d04e48-288c-4908-850c-f7267af01073@group-97DB8748AD29: reply installSnapshot: 69e17fe3-75d6-40e2-b575-3df3d97ee56c<-49d04e48-288c-4908-850c-f7267af01073#0:FAIL-t2,IN_PROGRESS
2021-09-05 14:30:25,826 [grpc-default-executor-1] INFO  server.GrpcServerProtocolService (GrpcServerProtocolService.java:onCompleted(140)) - 49d04e48-288c-4908-850c-f7267af01073: Completed INSTALL_SNAPSHOT, lastRequest: 69e17fe3-75d6-40e2-b575-3df3d97ee56c->49d04e48-288c-4908-850c-f7267af01073#0-t2,notify:(t:2, i:1)
2021-09-05 14:30:25,827 [grpc-default-executor-4] INFO  server.GrpcLogAppender (GrpcLogAppender.java:onNext(400)) - 69e17fe3-75d6-40e2-b575-3df3d97ee56c@group-97DB8748AD29->49d04e48-288c-4908-850c-f7267af01073-InstallSnapshotResponseHandler: received a reply 69e17fe3-75d6-40e2-b575-3df3d97ee56c<-49d04e48-288c-4908-850c-f7267af01073#0:FAIL-t2,IN_PROGRESS
2021-09-05 14:30:25,827 [grpc-default-executor-4] INFO  server.GrpcLogAppender (GrpcLogAppender.java:onNext(417)) - 69e17fe3-75d6-40e2-b575-3df3d97ee56c@group-97DB8748AD29->49d04e48-288c-4908-850c-f7267af01073-InstallSnapshotResponseHandler: InstallSnapshot in progress.
2021-09-05 14:30:25,829 [69e17fe3-75d6-40e2-b575-3df3d97ee56c@group-97DB8748AD29->49d04e48-288c-4908-850c-f7267af01073-GrpcLogAppender-LogAppenderDaemon] INFO  server.GrpcLogAppender (GrpcLogAppender.java:installSnapshot(524)) - 69e17fe3-75d6-40e2-b575-3df3d97ee56c@group-97DB8748AD29->49d04e48-288c-4908-850c-f7267af01073-GrpcLogAppender: followerNextIndex = 0 but logStartIndex = 1, notify follower to install snapshot-(t:2, i:1)
2021-09-05 14:30:25,829 [69e17fe3-75d6-40e2-b575-3df3d97ee56c@group-97DB8748AD29->49d04e48-288c-4908-850c-f7267af01073-GrpcLogAppender-LogAppenderDaemon] INFO  server.GrpcLogAppender (GrpcLogAppender.java:installSnapshot(532)) - 69e17fe3-75d6-40e2-b575-3df3d97ee56c@group-97DB8748AD29->49d04e48-288c-4908-850c-f7267af01073-GrpcLogAppender: send 69e17fe3-75d6-40e2-b575-3df3d97ee56c->49d04e48-288c-4908-850c-f7267af01073#0-t2,notify:(t:2, i:1)
2021-09-05 14:30:25,830 [grpc-default-executor-4] INFO  server.RaftServer$Division (RaftServerImpl.java:installSnapshot(1329)) - 49d04e48-288c-4908-850c-f7267af01073@group-97DB8748AD29: receive installSnapshot: 69e17fe3-75d6-40e2-b575-3df3d97ee56c->49d04e48-288c-4908-850c-f7267af01073#0-t2,notify:(t:2, i:1)
2021-09-05 14:30:25,830 [grpc-default-executor-4] INFO  server.RaftServer$Division (RaftServerImpl.java:notifyStateMachineToInstallSnapshot(1611)) - 49d04e48-288c-4908-850c-f7267af01073@group-97DB8748AD29: Snapshot Installation by StateMachine is in progress.
2021-09-05 14:30:25,830 [grpc-default-executor-4] INFO  server.RaftServer$Division (RaftServerImpl.java:installSnapshotImpl(1459)) - 49d04e48-288c-4908-850c-f7267af01073@group-97DB8748AD29: set new configuration index: 5
configurationEntry {
  peers {
    id: "69e17fe3-75d6-40e2-b575-3df3d97ee56c"
    address: "localhost:13968"
  }
  peers {
    id: "9d3796c5-d907-4196-a355-2f07340af16c"
    address: "localhost:13978"
  }
}
 from snapshot
2021-09-05 14:30:25,830 [grpc-default-executor-4] INFO  server.RaftServer$Division (ServerState.java:setRaftConf(387)) - 49d04e48-288c-4908-850c-f7267af01073@group-97DB8748AD29: set configuration 5: [69e17fe3-75d6-40e2-b575-3df3d97ee56c|rpc:localhost:13968|admin:|client:|dataStream:|priority:0, 9d3796c5-d907-4196-a355-2f07340af16c|rpc:localhost:13978|admin:|client:|dataStream:|priority:0], old=null
2021-09-05 14:30:25,830 [grpc-default-executor-4] INFO  server.RaftServer$Division (RaftServerImpl.java:installSnapshot(1340)) - 49d04e48-288c-4908-850c-f7267af01073@group-97DB8748AD29: reply installSnapshot: 69e17fe3-75d6-40e2-b575-3df3d97ee56c<-49d04e48-288c-4908-850c-f7267af01073#0:FAIL-t2,IN_PROGRESS
2021-09-05 14:30:25,830 [grpc-default-executor-4] INFO  server.GrpcServerProtocolService (GrpcServerProtocolService.java:onCompleted(140)) - 49d04e48-288c-4908-850c-f7267af01073: Completed INSTALL_SNAPSHOT, lastRequest: 69e17fe3-75d6-40e2-b575-3df3d97ee56c->49d04e48-288c-4908-850c-f7267af01073#0-t2,notify:(t:2, i:1)
2021-09-05 14:30:25,831 [grpc-default-executor-3] INFO  server.GrpcLogAppender (GrpcLogAppender.java:onNext(400)) - 69e17fe3-75d6-40e2-b575-3df3d97ee56c@group-97DB8748AD29->49d04e48-288c-4908-850c-f7267af01073-InstallSnapshotResponseHandler: received a reply 69e17fe3-75d6-40e2-b575-3df3d97ee56c<-49d04e48-288c-4908-850c-f7267af01073#0:FAIL-t2,IN_PROGRESS
2021-09-05 14:30:25,831 [grpc-default-executor-3] INFO  server.GrpcLogAppender (GrpcLogAppender.java:onNext(417)) - 69e17fe3-75d6-40e2-b575-3df3d97ee56c@group-97DB8748AD29->49d04e48-288c-4908-850c-f7267af01073-InstallSnapshotResponseHandler: InstallSnapshot in progress.
2021-09-05 14:30:25,832 [69e17fe3-75d6-40e2-b575-3df3d97ee56c@group-97DB8748AD29->49d04e48-288c-4908-850c-f7267af01073-GrpcLogAppender-LogAppenderDaemon] INFO  server.GrpcLogAppender (GrpcLogAppender.java:installSnapshot(524)) - 69e17fe3-75d6-40e2-b575-3df3d97ee56c@group-97DB8748AD29->49d04e48-288c-4908-850c-f7267af01073-GrpcLogAppender: followerNextIndex = 0 but logStartIndex = 1, notify follower to install snapshot-(t:2, i:1)
2021-09-05 14:30:25,832 [69e17fe3-75d6-40e2-b575-3df3d97ee56c@group-97DB8748AD29->49d04e48-288c-4908-850c-f7267af01073-GrpcLogAppender-LogAppenderDaemon] INFO  server.GrpcLogAppender (GrpcLogAppender.java:installSnapshot(532)) - 69e17fe3-75d6-40e2-b575-3df3d97ee56c@group-97DB8748AD29->49d04e48-288c-4908-850c-f7267af01073-GrpcLogAppender: send 69e17fe3-75d6-40e2-b575-3df3d97ee56c->49d04e48-288c-4908-850c-f7267af01073#0-t2,notify:(t:2, i:1)
2021-09-05 14:30:25,833 [grpc-default-executor-3] INFO  server.RaftServer$Division (RaftServerImpl.java:installSnapshot(1329)) - 49d04e48-288c-4908-850c-f7267af01073@group-97DB8748AD29: receive installSnapshot: 69e17fe3-75d6-40e2-b575-3df3d97ee56c->49d04e48-288c-4908-850c-f7267af01073#0-t2,notify:(t:2, i:1)
2021-09-05 14:30:25,833 [grpc-default-executor-3] INFO  server.RaftServer$Division (RaftServerImpl.java:notifyStateMachineToInstallSnapshot(1611)) - 49d04e48-288c-4908-850c-f7267af01073@group-97DB8748AD29: Snapshot Installation by StateMachine is in progress.
2021-09-05 14:30:25,833 [grpc-default-executor-3] INFO  server.RaftServer$Division (RaftServerImpl.java:installSnapshotImpl(1459)) - 49d04e48-288c-4908-850c-f7267af01073@group-97DB8748AD29: set new configuration index: 5
configurationEntry {
  peers {
    id: "69e17fe3-75d6-40e2-b575-3df3d97ee56c"
    address: "localhost:13968"
  }
  peers {
    id: "9d3796c5-d907-4196-a355-2f07340af16c"
    address: "localhost:13978"
  }
}
 from snapshot
2021-09-05 14:30:25,833 [grpc-default-executor-3] INFO  server.RaftServer$Division (ServerState.java:setRaftConf(387)) - 49d04e48-288c-4908-850c-f7267af01073@group-97DB8748AD29: set configuration 5: [69e17fe3-75d6-40e2-b575-3df3d97ee56c|rpc:localhost:13968|admin:|client:|dataStream:|priority:0, 9d3796c5-d907-4196-a355-2f07340af16c|rpc:localhost:13978|admin:|client:|dataStream:|priority:0], old=null
2021-09-05 14:30:25,834 [grpc-default-executor-3] INFO  server.RaftServer$Division (RaftServerImpl.java:installSnapshot(1340)) - 49d04e48-288c-4908-850c-f7267af01073@group-97DB8748AD29: reply installSnapshot: 69e17fe3-75d6-40e2-b575-3df3d97ee56c<-49d04e48-288c-4908-850c-f7267af01073#0:FAIL-t2,IN_PROGRESS
2021-09-05 14:30:25,834 [grpc-default-executor-3] INFO  server.GrpcServerProtocolService (GrpcServerProtocolService.java:onCompleted(140)) - 49d04e48-288c-4908-850c-f7267af01073: Completed INSTALL_SNAPSHOT, lastRequest: 69e17fe3-75d6-40e2-b575-3df3d97ee56c->49d04e48-288c-4908-850c-f7267af01073#0-t2,notify:(t:2, i:1)
2021-09-05 14:30:25,834 [grpc-default-executor-2] INFO  server.GrpcLogAppender (GrpcLogAppender.java:onNext(400)) - 69e17fe3-75d6-40e2-b575-3df3d97ee56c@group-97DB8748AD29->49d04e48-288c-4908-850c-f7267af01073-InstallSnapshotResponseHandler: received a reply 69e17fe3-75d6-40e2-b575-3df3d97ee56c<-49d04e48-288c-4908-850c-f7267af01073#0:FAIL-t2,IN_PROGRESS
2021-09-05 14:30:25,834 [grpc-default-executor-2] INFO  server.GrpcLogAppender (GrpcLogAppender.java:onNext(417)) - 69e17fe3-75d6-40e2-b575-3df3d97ee56c@group-97DB8748AD29->49d04e48-288c-4908-850c-f7267af01073-InstallSnapshotResponseHandler: InstallSnapshot in progress.
2021-09-05 14:30:25,834 [grpc-default-executor-1] INFO  leader.FollowerInfo (FollowerInfoImpl.java:lambda$new$0(46)) - 69e17fe3-75d6-40e2-b575-3df3d97ee56c@group-97DB8748AD29->49d04e48-288c-4908-850c-f7267af01073: nextIndex: updateUnconditionally 0 -> 0
2021-09-05 14:30:25,837 [69e17fe3-75d6-40e2-b575-3df3d97ee56c@group-97DB8748AD29->49d04e48-288c-4908-850c-f7267af01073-GrpcLogAppender-LogAppenderDaemon] INFO  server.GrpcLogAppender (GrpcLogAppender.java:installSnapshot(524)) - 69e17fe3-75d6-40e2-b575-3df3d97ee56c@group-97DB8748AD29->49d04e48-288c-4908-850c-f7267af01073-GrpcLogAppender: followerNextIndex = 0 but logStartIndex = 1, notify follower to install snapshot-(t:2, i:1)
2021-09-05 14:30:25,837 [69e17fe3-75d6-40e2-b575-3df3d97ee56c@group-97DB8748AD29->49d04e48-288c-4908-850c-f7267af01073-GrpcLogAppender-LogAppenderDaemon] INFO  server.GrpcLogAppender (GrpcLogAppender.java:installSnapshot(532)) - 69e17fe3-75d6-40e2-b575-3df3d97ee56c@group-97DB8748AD29->49d04e48-288c-4908-850c-f7267af01073-GrpcLogAppender: send 69e17fe3-75d6-40e2-b575-3df3d97ee56c->49d04e48-288c-4908-850c-f7267af01073#0-t2,notify:(t:2, i:1)
2021-09-05 14:30:25,838 [grpc-default-executor-0] INFO  server.RaftServer$Division (RaftServerImpl.java:checkInconsistentAppendEntries(1293)) - 49d04e48-288c-4908-850c-f7267af01073@group-97DB8748AD29: Failed appendEntries as snapshot ((t:2, i:1)) installation is in progress
2021-09-05 14:30:25,838 [grpc-default-executor-0] INFO  server.RaftServer$Division (RaftServerImpl.java:checkInconsistentAppendEntries(1285)) - 49d04e48-288c-4908-850c-f7267af01073@group-97DB8748AD29: inconsistency entries. Reply:69e17fe3-75d6-40e2-b575-3df3d97ee56c<-49d04e48-288c-4908-850c-f7267af01073#7:FAIL-t2,INCONSISTENCY,nextIndex=0,followerCommit=-1
2021-09-05 14:30:25,838 [grpc-default-executor-0] INFO  server.RaftServer$Division (RaftServerImpl.java:installSnapshot(1329)) - 49d04e48-288c-4908-850c-f7267af01073@group-97DB8748AD29: receive installSnapshot: 69e17fe3-75d6-40e2-b575-3df3d97ee56c->49d04e48-288c-4908-850c-f7267af01073#0-t2,notify:(t:2, i:1)
2021-09-05 14:30:25,838 [grpc-default-executor-0] INFO  server.RaftServer$Division (RaftServerImpl.java:notifyStateMachineToInstallSnapshot(1611)) - 49d04e48-288c-4908-850c-f7267af01073@group-97DB8748AD29: Snapshot Installation by StateMachine is in progress.
2021-09-05 14:30:25,838 [grpc-default-executor-0] INFO  server.RaftServer$Division (RaftServerImpl.java:installSnapshotImpl(1459)) - 49d04e48-288c-4908-850c-f7267af01073@group-97DB8748AD29: set new configuration index: 5
configurationEntry {
  peers {
    id: "69e17fe3-75d6-40e2-b575-3df3d97ee56c"
    address: "localhost:13968"
  }
  peers {
    id: "9d3796c5-d907-4196-a355-2f07340af16c"
    address: "localhost:13978"
  }
}
 from snapshot
2021-09-05 14:30:25,838 [grpc-default-executor-0] INFO  server.RaftServer$Division (ServerState.java:setRaftConf(387)) - 49d04e48-288c-4908-850c-f7267af01073@group-97DB8748AD29: set configuration 5: [69e17fe3-75d6-40e2-b575-3df3d97ee56c|rpc:localhost:13968|admin:|client:|dataStream:|priority:0, 9d3796c5-d907-4196-a355-2f07340af16c|rpc:localhost:13978|admin:|client:|dataStream:|priority:0], old=null
2021-09-05 14:30:25,839 [grpc-default-executor-0] INFO  server.RaftServer$Division (RaftServerImpl.java:installSnapshot(1340)) - 49d04e48-288c-4908-850c-f7267af01073@group-97DB8748AD29: reply installSnapshot: 69e17fe3-75d6-40e2-b575-3df3d97ee56c<-49d04e48-288c-4908-850c-f7267af01073#0:FAIL-t2,IN_PROGRESS
2021-09-05 14:30:25,839 [grpc-default-executor-0] INFO  server.GrpcServerProtocolService (GrpcServerProtocolService.java:onCompleted(140)) - 49d04e48-288c-4908-850c-f7267af01073: Completed INSTALL_SNAPSHOT, lastRequest: 69e17fe3-75d6-40e2-b575-3df3d97ee56c->49d04e48-288c-4908-850c-f7267af01073#0-t2,notify:(t:2, i:1)
2021-09-05 14:30:25,839 [grpc-default-executor-4] INFO  server.RaftServer$Division (RaftServerImpl.java:checkInconsistentAppendEntries(1293)) - 49d04e48-288c-4908-850c-f7267af01073@group-97DB8748AD29: Failed appendEntries as snapshot ((t:2, i:1)) installation is in progress
2021-09-05 14:30:25,839 [grpc-default-executor-4] INFO  server.RaftServer$Division (RaftServerImpl.java:checkInconsistentAppendEntries(1285)) - 49d04e48-288c-4908-850c-f7267af01073@group-97DB8748AD29: inconsistency entries. Reply:69e17fe3-75d6-40e2-b575-3df3d97ee56c<-49d04e48-288c-4908-850c-f7267af01073#8:FAIL-t2,INCONSISTENCY,nextIndex=0,followerCommit=-1
2021-09-05 14:30:25,840 [grpc-default-executor-0] INFO  server.RaftServer$Division (RaftServerImpl.java:checkInconsistentAppendEntries(1293)) - 49d04e48-288c-4908-850c-f7267af01073@group-97DB8748AD29: Failed appendEntries as snapshot ((t:2, i:1)) installation is in progress
2021-09-05 14:30:25,840 [grpc-default-executor-0] INFO  server.RaftServer$Division (RaftServerImpl.java:checkInconsistentAppendEntries(1285)) - 49d04e48-288c-4908-850c-f7267af01073@group-97DB8748AD29: inconsistency entries. Reply:69e17fe3-75d6-40e2-b575-3df3d97ee56c<-49d04e48-288c-4908-850c-f7267af01073#9:FAIL-t2,INCONSISTENCY,nextIndex=0,followerCommit=-1
2021-09-05 14:30:25,843 [grpc-default-executor-4] INFO  leader.FollowerInfo (FollowerInfoImpl.java:lambda$new$0(46)) - 69e17fe3-75d6-40e2-b575-3df3d97ee56c@group-97DB8748AD29->49d04e48-288c-4908-850c-f7267af01073: nextIndex: updateUnconditionally 0 -> 0
2021-09-05 14:30:25,843 [grpc-default-executor-0] INFO  server.GrpcLogAppender (GrpcLogAppender.java:onNext(400)) - 69e17fe3-75d6-40e2-b575-3df3d97ee56c@group-97DB8748AD29->49d04e48-288c-4908-850c-f7267af01073-InstallSnapshotResponseHandler: received a reply 69e17fe3-75d6-40e2-b575-3df3d97ee56c<-49d04e48-288c-4908-850c-f7267af01073#0:FAIL-t2,IN_PROGRESS
2021-09-05 14:30:25,843 [grpc-default-executor-0] INFO  server.GrpcLogAppender (GrpcLogAppender.java:onNext(417)) - 69e17fe3-75d6-40e2-b575-3df3d97ee56c@group-97DB8748AD29->49d04e48-288c-4908-850c-f7267af01073-InstallSnapshotResponseHandler: InstallSnapshot in progress.
2021-09-05 14:30:25,844 [grpc-default-executor-4] INFO  leader.FollowerInfo (FollowerInfoImpl.java:lambda$new$0(46)) - 69e17fe3-75d6-40e2-b575-3df3d97ee56c@group-97DB8748AD29->49d04e48-288c-4908-850c-f7267af01073: nextIndex: updateUnconditionally 0 -> 0
2021-09-05 14:30:25,844 [grpc-default-executor-4] INFO  leader.FollowerInfo (FollowerInfoImpl.java:lambda$new$0(46)) - 69e17fe3-75d6-40e2-b575-3df3d97ee56c@group-97DB8748AD29->49d04e48-288c-4908-850c-f7267af01073: nextIndex: updateUnconditionally 0 -> 0
2021-09-05 14:30:25,845 [69e17fe3-75d6-40e2-b575-3df3d97ee56c@group-97DB8748AD29->49d04e48-288c-4908-850c-f7267af01073-GrpcLogAppender-LogAppenderDaemon] INFO  server.GrpcLogAppender (GrpcLogAppender.java:installSnapshot(524)) - 69e17fe3-75d6-40e2-b575-3df3d97ee56c@group-97DB8748AD29->49d04e48-288c-4908-850c-f7267af01073-GrpcLogAppender: followerNextIndex = 0 but logStartIndex = 1, notify follower to install snapshot-(t:2, i:1)
2021-09-05 14:30:25,845 [grpc-default-executor-0] INFO  server.RaftServer$Division (RaftServerImpl.java:checkInconsistentAppendEntries(1293)) - 49d04e48-288c-4908-850c-f7267af01073@group-97DB8748AD29: Failed appendEntries as snapshot ((t:2, i:1)) installation is in progress
2021-09-05 14:30:25,845 [grpc-default-executor-0] INFO  server.RaftServer$Division (RaftServerImpl.java:checkInconsistentAppendEntries(1285)) - 49d04e48-288c-4908-850c-f7267af01073@group-97DB8748AD29: inconsistency entries. Reply:69e17fe3-75d6-40e2-b575-3df3d97ee56c<-49d04e48-288c-4908-850c-f7267af01073#10:FAIL-t2,INCONSISTENCY,nextIndex=0,followerCommit=-1
2021-09-05 14:30:25,846 [grpc-default-executor-0] INFO  leader.FollowerInfo (FollowerInfoImpl.java:lambda$new$0(46)) - 69e17fe3-75d6-40e2-b575-3df3d97ee56c@group-97DB8748AD29->49d04e48-288c-4908-850c-f7267af01073: nextIndex: updateUnconditionally 0 -> 0
2021-09-05 14:30:25,853 [69e17fe3-75d6-40e2-b575-3df3d97ee56c@group-97DB8748AD29->49d04e48-288c-4908-850c-f7267af01073-GrpcLogAppender-LogAppenderDaemon] INFO  server.GrpcLogAppender (GrpcLogAppender.java:installSnapshot(532)) - 69e17fe3-75d6-40e2-b575-3df3d97ee56c@group-97DB8748AD29->49d04e48-288c-4908-850c-f7267af01073-GrpcLogAppender: send 69e17fe3-75d6-40e2-b575-3df3d97ee56c->49d04e48-288c-4908-850c-f7267af01073#0-t2,notify:(t:2, i:1)
2021-09-05 14:30:25,856 [grpc-default-executor-4] INFO  server.RaftServer$Division (RaftServerImpl.java:installSnapshot(1329)) - 49d04e48-288c-4908-850c-f7267af01073@group-97DB8748AD29: receive installSnapshot: 69e17fe3-75d6-40e2-b575-3df3d97ee56c->49d04e48-288c-4908-850c-f7267af01073#0-t2,notify:(t:2, i:1)
2021-09-05 14:30:25,856 [grpc-default-executor-4] INFO  server.RaftServer$Division (RaftServerImpl.java:notifyStateMachineToInstallSnapshot(1611)) - 49d04e48-288c-4908-850c-f7267af01073@group-97DB8748AD29: Snapshot Installation by StateMachine is in progress.
2021-09-05 14:30:25,856 [grpc-default-executor-4] INFO  server.RaftServer$Division (RaftServerImpl.java:installSnapshotImpl(1459)) - 49d04e48-288c-4908-850c-f7267af01073@group-97DB8748AD29: set new configuration index: 5
configurationEntry {
  peers {
    id: "69e17fe3-75d6-40e2-b575-3df3d97ee56c"
    address: "localhost:13968"
  }
  peers {
    id: "9d3796c5-d907-4196-a355-2f07340af16c"
    address: "localhost:13978"
  }
}
 from snapshot
2021-09-05 14:30:25,856 [grpc-default-executor-4] INFO  server.RaftServer$Division (ServerState.java:setRaftConf(387)) - 49d04e48-288c-4908-850c-f7267af01073@group-97DB8748AD29: set configuration 5: [69e17fe3-75d6-40e2-b575-3df3d97ee56c|rpc:localhost:13968|admin:|client:|dataStream:|priority:0, 9d3796c5-d907-4196-a355-2f07340af16c|rpc:localhost:13978|admin:|client:|dataStream:|priority:0], old=null
2021-09-05 14:30:25,856 [grpc-default-executor-4] INFO  server.RaftServer$Division (RaftServerImpl.java:installSnapshot(1340)) - 49d04e48-288c-4908-850c-f7267af01073@group-97DB8748AD29: reply installSnapshot: 69e17fe3-75d6-40e2-b575-3df3d97ee56c<-49d04e48-288c-4908-850c-f7267af01073#0:FAIL-t2,IN_PROGRESS
2021-09-05 14:30:25,856 [grpc-default-executor-4] INFO  server.GrpcServerProtocolService (GrpcServerProtocolService.java:onCompleted(140)) - 49d04e48-288c-4908-850c-f7267af01073: Completed INSTALL_SNAPSHOT, lastRequest: 69e17fe3-75d6-40e2-b575-3df3d97ee56c->49d04e48-288c-4908-850c-f7267af01073#0-t2,notify:(t:2, i:1)
2021-09-05 14:30:25,857 [grpc-default-executor-0] INFO  server.GrpcLogAppender (GrpcLogAppender.java:onNext(400)) - 69e17fe3-75d6-40e2-b575-3df3d97ee56c@group-97DB8748AD29->49d04e48-288c-4908-850c-f7267af01073-InstallSnapshotResponseHandler: received a reply 69e17fe3-75d6-40e2-b575-3df3d97ee56c<-49d04e48-288c-4908-850c-f7267af01073#0:FAIL-t2,IN_PROGRESS
2021-09-05 14:30:25,857 [grpc-default-executor-0] INFO  server.GrpcLogAppender (GrpcLogAppender.java:onNext(417)) - 69e17fe3-75d6-40e2-b575-3df3d97ee56c@group-97DB8748AD29->49d04e48-288c-4908-850c-f7267af01073-InstallSnapshotResponseHandler: InstallSnapshot in progress.
2021-09-05 14:30:25,864 [69e17fe3-75d6-40e2-b575-3df3d97ee56c@group-97DB8748AD29->49d04e48-288c-4908-850c-f7267af01073-GrpcLogAppender-LogAppenderDaemon] INFO  server.GrpcLogAppender (GrpcLogAppender.java:installSnapshot(524)) - 69e17fe3-75d6-40e2-b575-3df3d97ee56c@group-97DB8748AD29->49d04e48-288c-4908-850c-f7267af01073-GrpcLogAppender: followerNextIndex = 0 but logStartIndex = 1, notify follower to install snapshot-(t:2, i:1)
2021-09-05 14:30:25,864 [69e17fe3-75d6-40e2-b575-3df3d97ee56c@group-97DB8748AD29->49d04e48-288c-4908-850c-f7267af01073-GrpcLogAppender-LogAppenderDaemon] INFO  server.GrpcLogAppender (GrpcLogAppender.java:installSnapshot(532)) - 69e17fe3-75d6-40e2-b575-3df3d97ee56c@group-97DB8748AD29->49d04e48-288c-4908-850c-f7267af01073-GrpcLogAppender: send 69e17fe3-75d6-40e2-b575-3df3d97ee56c->49d04e48-288c-4908-850c-f7267af01073#0-t2,notify:(t:2, i:1)
2021-09-05 14:30:25,865 [grpc-default-executor-3] INFO  server.RaftServer$Division (RaftServerImpl.java:checkInconsistentAppendEntries(1293)) - 49d04e48-288c-4908-850c-f7267af01073@group-97DB8748AD29: Failed appendEntries as snapshot ((t:2, i:1)) installation is in progress
2021-09-05 14:30:25,865 [grpc-default-executor-3] INFO  server.RaftServer$Division (RaftServerImpl.java:checkInconsistentAppendEntries(1285)) - 49d04e48-288c-4908-850c-f7267af01073@group-97DB8748AD29: inconsistency entries. Reply:69e17fe3-75d6-40e2-b575-3df3d97ee56c<-49d04e48-288c-4908-850c-f7267af01073#11:FAIL-t2,INCONSISTENCY,nextIndex=0,followerCommit=-1
2021-09-05 14:30:25,865 [grpc-default-executor-0] INFO  server.RaftServer$Division (RaftServerImpl.java:installSnapshot(1329)) - 49d04e48-288c-4908-850c-f7267af01073@group-97DB8748AD29: receive installSnapshot: 69e17fe3-75d6-40e2-b575-3df3d97ee56c->49d04e48-288c-4908-850c-f7267af01073#0-t2,notify:(t:2, i:1)
2021-09-05 14:30:25,865 [grpc-default-executor-0] INFO  server.RaftServer$Division (RaftServerImpl.java:notifyStateMachineToInstallSnapshot(1611)) - 49d04e48-288c-4908-850c-f7267af01073@group-97DB8748AD29: Snapshot Installation by StateMachine is in progress.
2021-09-05 14:30:25,866 [grpc-default-executor-0] INFO  server.RaftServer$Division (RaftServerImpl.java:installSnapshotImpl(1459)) - 49d04e48-288c-4908-850c-f7267af01073@group-97DB8748AD29: set new configuration index: 5
configurationEntry {
  peers {
    id: "69e17fe3-75d6-40e2-b575-3df3d97ee56c"
    address: "localhost:13968"
  }
  peers {
    id: "9d3796c5-d907-4196-a355-2f07340af16c"
    address: "localhost:13978"
  }
}
 from snapshot
2021-09-05 14:30:25,866 [grpc-default-executor-0] INFO  server.RaftServer$Division (ServerState.java:setRaftConf(387)) - 49d04e48-288c-4908-850c-f7267af01073@group-97DB8748AD29: set configuration 5: [69e17fe3-75d6-40e2-b575-3df3d97ee56c|rpc:localhost:13968|admin:|client:|dataStream:|priority:0, 9d3796c5-d907-4196-a355-2f07340af16c|rpc:localhost:13978|admin:|client:|dataStream:|priority:0], old=null
2021-09-05 14:30:25,866 [grpc-default-executor-0] INFO  server.RaftServer$Division (RaftServerImpl.java:installSnapshot(1340)) - 49d04e48-288c-4908-850c-f7267af01073@group-97DB8748AD29: reply installSnapshot: 69e17fe3-75d6-40e2-b575-3df3d97ee56c<-49d04e48-288c-4908-850c-f7267af01073#0:FAIL-t2,IN_PROGRESS
2021-09-05 14:30:25,866 [grpc-default-executor-0] INFO  server.GrpcServerProtocolService (GrpcServerProtocolService.java:onCompleted(140)) - 49d04e48-288c-4908-850c-f7267af01073: Completed INSTALL_SNAPSHOT, lastRequest: 69e17fe3-75d6-40e2-b575-3df3d97ee56c->49d04e48-288c-4908-850c-f7267af01073#0-t2,notify:(t:2, i:1)
2021-09-05 14:30:25,867 [grpc-default-executor-3] INFO  server.GrpcLogAppender (GrpcLogAppender.java:onNext(400)) - 69e17fe3-75d6-40e2-b575-3df3d97ee56c@group-97DB8748AD29->49d04e48-288c-4908-850c-f7267af01073-InstallSnapshotResponseHandler: received a reply 69e17fe3-75d6-40e2-b575-3df3d97ee56c<-49d04e48-288c-4908-850c-f7267af01073#0:FAIL-t2,IN_PROGRESS
2021-09-05 14:30:25,867 [grpc-default-executor-3] INFO  server.GrpcLogAppender (GrpcLogAppender.java:onNext(417)) - 69e17fe3-75d6-40e2-b575-3df3d97ee56c@group-97DB8748AD29->49d04e48-288c-4908-850c-f7267af01073-InstallSnapshotResponseHandler: InstallSnapshot in progress.
2021-09-05 14:30:25,868 [69e17fe3-75d6-40e2-b575-3df3d97ee56c@group-97DB8748AD29->49d04e48-288c-4908-850c-f7267af01073-GrpcLogAppender-LogAppenderDaemon] INFO  server.GrpcLogAppender (GrpcLogAppender.java:installSnapshot(524)) - 69e17fe3-75d6-40e2-b575-3df3d97ee56c@group-97DB8748AD29->49d04e48-288c-4908-850c-f7267af01073-GrpcLogAppender: followerNextIndex = 0 but logStartIndex = 1, notify follower to install snapshot-(t:2, i:1)
2021-09-05 14:30:25,868 [69e17fe3-75d6-40e2-b575-3df3d97ee56c@group-97DB8748AD29->49d04e48-288c-4908-850c-f7267af01073-GrpcLogAppender-LogAppenderDaemon] INFO  server.GrpcLogAppender (GrpcLogAppender.java:installSnapshot(532)) - 69e17fe3-75d6-40e2-b575-3df3d97ee56c@group-97DB8748AD29->49d04e48-288c-4908-850c-f7267af01073-GrpcLogAppender: send 69e17fe3-75d6-40e2-b575-3df3d97ee56c->49d04e48-288c-4908-850c-f7267af01073#0-t2,notify:(t:2, i:1)
2021-09-05 14:30:25,871 [grpc-default-executor-1] INFO  server.RaftServer$Division (RaftServerImpl.java:checkInconsistentAppendEntries(1293)) - 49d04e48-288c-4908-850c-f7267af01073@group-97DB8748AD29: Failed appendEntries as snapshot ((t:2, i:1)) installation is in progress
2021-09-05 14:30:25,871 [grpc-default-executor-1] INFO  server.RaftServer$Division (RaftServerImpl.java:checkInconsistentAppendEntries(1285)) - 49d04e48-288c-4908-850c-f7267af01073@group-97DB8748AD29: inconsistency entries. Reply:69e17fe3-75d6-40e2-b575-3df3d97ee56c<-49d04e48-288c-4908-850c-f7267af01073#12:FAIL-t2,INCONSISTENCY,nextIndex=0,followerCommit=-1
2021-09-05 14:30:25,872 [grpc-default-executor-1] INFO  server.RaftServer$Division (RaftServerImpl.java:installSnapshot(1329)) - 49d04e48-288c-4908-850c-f7267af01073@group-97DB8748AD29: receive installSnapshot: 69e17fe3-75d6-40e2-b575-3df3d97ee56c->49d04e48-288c-4908-850c-f7267af01073#0-t2,notify:(t:2, i:1)
2021-09-05 14:30:25,872 [grpc-default-executor-1] INFO  server.RaftServer$Division (RaftServerImpl.java:notifyStateMachineToInstallSnapshot(1611)) - 49d04e48-288c-4908-850c-f7267af01073@group-97DB8748AD29: Snapshot Installation by StateMachine is in progress.
2021-09-05 14:30:25,872 [grpc-default-executor-1] INFO  server.RaftServer$Division (RaftServerImpl.java:installSnapshotImpl(1459)) - 49d04e48-288c-4908-850c-f7267af01073@group-97DB8748AD29: set new configuration index: 5
configurationEntry {
  peers {
    id: "69e17fe3-75d6-40e2-b575-3df3d97ee56c"
    address: "localhost:13968"
  }
  peers {
    id: "9d3796c5-d907-4196-a355-2f07340af16c"
    address: "localhost:13978"
  }
}
 from snapshot
2021-09-05 14:30:25,872 [grpc-default-executor-1] INFO  server.RaftServer$Division (ServerState.java:setRaftConf(387)) - 49d04e48-288c-4908-850c-f7267af01073@group-97DB8748AD29: set configuration 5: [69e17fe3-75d6-40e2-b575-3df3d97ee56c|rpc:localhost:13968|admin:|client:|dataStream:|priority:0, 9d3796c5-d907-4196-a355-2f07340af16c|rpc:localhost:13978|admin:|client:|dataStream:|priority:0], old=null
2021-09-05 14:30:25,872 [grpc-default-executor-1] INFO  server.RaftServer$Division (RaftServerImpl.java:installSnapshot(1340)) - 49d04e48-288c-4908-850c-f7267af01073@group-97DB8748AD29: reply installSnapshot: 69e17fe3-75d6-40e2-b575-3df3d97ee56c<-49d04e48-288c-4908-850c-f7267af01073#0:FAIL-t2,IN_PROGRESS
2021-09-05 14:30:25,873 [grpc-default-executor-1] INFO  server.GrpcServerProtocolService (GrpcServerProtocolService.java:onCompleted(140)) - 49d04e48-288c-4908-850c-f7267af01073: Completed INSTALL_SNAPSHOT, lastRequest: 69e17fe3-75d6-40e2-b575-3df3d97ee56c->49d04e48-288c-4908-850c-f7267af01073#0-t2,notify:(t:2, i:1)
2021-09-05 14:30:25,873 [grpc-default-executor-4] INFO  server.GrpcLogAppender (GrpcLogAppender.java:onNext(400)) - 69e17fe3-75d6-40e2-b575-3df3d97ee56c@group-97DB8748AD29->49d04e48-288c-4908-850c-f7267af01073-InstallSnapshotResponseHandler: received a reply 69e17fe3-75d6-40e2-b575-3df3d97ee56c<-49d04e48-288c-4908-850c-f7267af01073#0:FAIL-t2,IN_PROGRESS
2021-09-05 14:30:25,873 [grpc-default-executor-4] INFO  server.GrpcLogAppender (GrpcLogAppender.java:onNext(417)) - 69e17fe3-75d6-40e2-b575-3df3d97ee56c@group-97DB8748AD29->49d04e48-288c-4908-850c-f7267af01073-InstallSnapshotResponseHandler: InstallSnapshot in progress.
2021-09-05 14:30:25,874 [69e17fe3-75d6-40e2-b575-3df3d97ee56c@group-97DB8748AD29->49d04e48-288c-4908-850c-f7267af01073-GrpcLogAppender-LogAppenderDaemon] INFO  server.GrpcLogAppender (GrpcLogAppender.java:installSnapshot(524)) - 69e17fe3-75d6-40e2-b575-3df3d97ee56c@group-97DB8748AD29->49d04e48-288c-4908-850c-f7267af01073-GrpcLogAppender: followerNextIndex = 0 but logStartIndex = 1, notify follower to install snapshot-(t:2, i:1)
2021-09-05 14:30:25,875 [69e17fe3-75d6-40e2-b575-3df3d97ee56c@group-97DB8748AD29->49d04e48-288c-4908-850c-f7267af01073-GrpcLogAppender-LogAppenderDaemon] INFO  server.GrpcLogAppender (GrpcLogAppender.java:installSnapshot(532)) - 69e17fe3-75d6-40e2-b575-3df3d97ee56c@group-97DB8748AD29->49d04e48-288c-4908-850c-f7267af01073-GrpcLogAppender: send 69e17fe3-75d6-40e2-b575-3df3d97ee56c->49d04e48-288c-4908-850c-f7267af01073#0-t2,notify:(t:2, i:1)
2021-09-05 14:30:25,875 [grpc-default-executor-0] INFO  leader.FollowerInfo (FollowerInfoImpl.java:lambda$new$0(46)) - 69e17fe3-75d6-40e2-b575-3df3d97ee56c@group-97DB8748AD29->49d04e48-288c-4908-850c-f7267af01073: nextIndex: updateUnconditionally 0 -> 0
2021-09-05 14:30:25,879 [grpc-default-executor-0] INFO  leader.FollowerInfo (FollowerInfoImpl.java:lambda$new$0(46)) - 69e17fe3-75d6-40e2-b575-3df3d97ee56c@group-97DB8748AD29->49d04e48-288c-4908-850c-f7267af01073: nextIndex: updateUnconditionally 0 -> 0
2021-09-05 14:30:25,879 [grpc-default-executor-3] INFO  server.RaftServer$Division (RaftServerImpl.java:checkInconsistentAppendEntries(1293)) - 49d04e48-288c-4908-850c-f7267af01073@group-97DB8748AD29: Failed appendEntries as snapshot ((t:2, i:1)) installation is in progress
2021-09-05 14:30:25,879 [grpc-default-executor-3] INFO  server.RaftServer$Division (RaftServerImpl.java:checkInconsistentAppendEntries(1285)) - 49d04e48-288c-4908-850c-f7267af01073@group-97DB8748AD29: inconsistency entries. Reply:69e17fe3-75d6-40e2-b575-3df3d97ee56c<-49d04e48-288c-4908-850c-f7267af01073#13:FAIL-t2,INCONSISTENCY,nextIndex=0,followerCommit=-1
2021-09-05 14:30:25,879 [grpc-default-executor-1] INFO  server.RaftServer$Division (RaftServerImpl.java:installSnapshot(1329)) - 49d04e48-288c-4908-850c-f7267af01073@group-97DB8748AD29: receive installSnapshot: 69e17fe3-75d6-40e2-b575-3df3d97ee56c->49d04e48-288c-4908-850c-f7267af01073#0-t2,notify:(t:2, i:1)
2021-09-05 14:30:25,879 [grpc-default-executor-1] INFO  server.RaftServer$Division (RaftServerImpl.java:notifyStateMachineToInstallSnapshot(1611)) - 49d04e48-288c-4908-850c-f7267af01073@group-97DB8748AD29: Snapshot Installation by StateMachine is in progress.
2021-09-05 14:30:25,880 [grpc-default-executor-1] INFO  server.RaftServer$Division (RaftServerImpl.java:installSnapshotImpl(1459)) - 49d04e48-288c-4908-850c-f7267af01073@group-97DB8748AD29: set new configuration index: 5
configurationEntry {
  peers {
    id: "69e17fe3-75d6-40e2-b575-3df3d97ee56c"
    address: "localhost:13968"
  }
  peers {
    id: "9d3796c5-d907-4196-a355-2f07340af16c"
    address: "localhost:13978"
  }
}
 from snapshot
2021-09-05 14:30:25,880 [grpc-default-executor-1] INFO  server.RaftServer$Division (ServerState.java:setRaftConf(387)) - 49d04e48-288c-4908-850c-f7267af01073@group-97DB8748AD29: set configuration 5: [69e17fe3-75d6-40e2-b575-3df3d97ee56c|rpc:localhost:13968|admin:|client:|dataStream:|priority:0, 9d3796c5-d907-4196-a355-2f07340af16c|rpc:localhost:13978|admin:|client:|dataStream:|priority:0], old=null
2021-09-05 14:30:25,880 [grpc-default-executor-1] INFO  server.RaftServer$Division (RaftServerImpl.java:installSnapshot(1340)) - 49d04e48-288c-4908-850c-f7267af01073@group-97DB8748AD29: reply installSnapshot: 69e17fe3-75d6-40e2-b575-3df3d97ee56c<-49d04e48-288c-4908-850c-f7267af01073#0:FAIL-t2,IN_PROGRESS
2021-09-05 14:30:25,880 [grpc-default-executor-1] INFO  server.GrpcServerProtocolService (GrpcServerProtocolService.java:onCompleted(140)) - 49d04e48-288c-4908-850c-f7267af01073: Completed INSTALL_SNAPSHOT, lastRequest: 69e17fe3-75d6-40e2-b575-3df3d97ee56c->49d04e48-288c-4908-850c-f7267af01073#0-t2,notify:(t:2, i:1)
2021-09-05 14:30:25,881 [grpc-default-executor-3] INFO  server.GrpcLogAppender (GrpcLogAppender.java:onNext(400)) - 69e17fe3-75d6-40e2-b575-3df3d97ee56c@group-97DB8748AD29->49d04e48-288c-4908-850c-f7267af01073-InstallSnapshotResponseHandler: received a reply 69e17fe3-75d6-40e2-b575-3df3d97ee56c<-49d04e48-288c-4908-850c-f7267af01073#0:FAIL-t2,IN_PROGRESS
2021-09-05 14:30:25,881 [grpc-default-executor-3] INFO  server.GrpcLogAppender (GrpcLogAppender.java:onNext(417)) - 69e17fe3-75d6-40e2-b575-3df3d97ee56c@group-97DB8748AD29->49d04e48-288c-4908-850c-f7267af01073-InstallSnapshotResponseHandler: InstallSnapshot in progress.
2021-09-05 14:30:25,883 [69e17fe3-75d6-40e2-b575-3df3d97ee56c@group-97DB8748AD29->49d04e48-288c-4908-850c-f7267af01073-GrpcLogAppender-LogAppenderDaemon] INFO  server.GrpcLogAppender (GrpcLogAppender.java:installSnapshot(524)) - 69e17fe3-75d6-40e2-b575-3df3d97ee56c@group-97DB8748AD29->49d04e48-288c-4908-850c-f7267af01073-GrpcLogAppender: followerNextIndex = 0 but logStartIndex = 1, notify follower to install snapshot-(t:2, i:1)
2021-09-05 14:30:25,883 [grpc-default-executor-3] INFO  server.RaftServer$Division (RaftServerImpl.java:checkInconsistentAppendEntries(1293)) - 49d04e48-288c-4908-850c-f7267af01073@group-97DB8748AD29: Failed appendEntries as snapshot ((t:2, i:1)) installation is in progress
2021-09-05 14:30:25,884 [grpc-default-executor-3] INFO  server.RaftServer$Division (RaftServerImpl.java:checkInconsistentAppendEntries(1285)) - 49d04e48-288c-4908-850c-f7267af01073@group-97DB8748AD29: inconsistency entries. Reply:69e17fe3-75d6-40e2-b575-3df3d97ee56c<-49d04e48-288c-4908-850c-f7267af01073#14:FAIL-t2,INCONSISTENCY,nextIndex=0,followerCommit=-1
2021-09-05 14:30:25,884 [69e17fe3-75d6-40e2-b575-3df3d97ee56c@group-97DB8748AD29->49d04e48-288c-4908-850c-f7267af01073-GrpcLogAppender-LogAppenderDaemon] INFO  server.GrpcLogAppender (GrpcLogAppender.java:installSnapshot(532)) - 69e17fe3-75d6-40e2-b575-3df3d97ee56c@group-97DB8748AD29->49d04e48-288c-4908-850c-f7267af01073-GrpcLogAppender: send 69e17fe3-75d6-40e2-b575-3df3d97ee56c->49d04e48-288c-4908-850c-f7267af01073#0-t2,notify:(t:2, i:1)
2021-09-05 14:30:25,885 [grpc-default-executor-4] INFO  server.RaftServer$Division (RaftServerImpl.java:installSnapshot(1329)) - 49d04e48-288c-4908-850c-f7267af01073@group-97DB8748AD29: receive installSnapshot: 69e17fe3-75d6-40e2-b575-3df3d97ee56c->49d04e48-288c-4908-850c-f7267af01073#0-t2,notify:(t:2, i:1)
2021-09-05 14:30:25,885 [grpc-default-executor-4] INFO  server.RaftServer$Division (RaftServerImpl.java:notifyStateMachineToInstallSnapshot(1611)) - 49d04e48-288c-4908-850c-f7267af01073@group-97DB8748AD29: Snapshot Installation by StateMachine is in progress.
2021-09-05 14:30:25,885 [grpc-default-executor-4] INFO  server.RaftServer$Division (RaftServerImpl.java:installSnapshotImpl(1459)) - 49d04e48-288c-4908-850c-f7267af01073@group-97DB8748AD29: set new configuration index: 5
configurationEntry {
  peers {
    id: "69e17fe3-75d6-40e2-b575-3df3d97ee56c"
    address: "localhost:13968"
  }
  peers {
    id: "9d3796c5-d907-4196-a355-2f07340af16c"
    address: "localhost:13978"
  }
}
 from snapshot
2021-09-05 14:30:25,897 [grpc-default-executor-1] INFO  leader.FollowerInfo (FollowerInfoImpl.java:lambda$new$0(46)) - 69e17fe3-75d6-40e2-b575-3df3d97ee56c@group-97DB8748AD29->49d04e48-288c-4908-850c-f7267af01073: nextIndex: updateUnconditionally 0 -> 0
2021-09-05 14:30:25,897 [grpc-default-executor-1] INFO  leader.FollowerInfo (FollowerInfoImpl.java:lambda$new$0(46)) - 69e17fe3-75d6-40e2-b575-3df3d97ee56c@group-97DB8748AD29->49d04e48-288c-4908-850c-f7267af01073: nextIndex: updateUnconditionally 0 -> 0
2021-09-05 14:30:25,898 [grpc-default-executor-4] INFO  server.RaftServer$Division (ServerState.java:setRaftConf(387)) - 49d04e48-288c-4908-850c-f7267af01073@group-97DB8748AD29: set configuration 5: [69e17fe3-75d6-40e2-b575-3df3d97ee56c|rpc:localhost:13968|admin:|client:|dataStream:|priority:0, 9d3796c5-d907-4196-a355-2f07340af16c|rpc:localhost:13978|admin:|client:|dataStream:|priority:0], old=null
2021-09-05 14:30:25,898 [grpc-default-executor-4] INFO  server.RaftServer$Division (RaftServerImpl.java:installSnapshot(1340)) - 49d04e48-288c-4908-850c-f7267af01073@group-97DB8748AD29: reply installSnapshot: 69e17fe3-75d6-40e2-b575-3df3d97ee56c<-49d04e48-288c-4908-850c-f7267af01073#0:FAIL-t2,IN_PROGRESS
2021-09-05 14:30:25,898 [grpc-default-executor-4] INFO  server.GrpcServerProtocolService (GrpcServerProtocolService.java:onCompleted(140)) - 49d04e48-288c-4908-850c-f7267af01073: Completed INSTALL_SNAPSHOT, lastRequest: 69e17fe3-75d6-40e2-b575-3df3d97ee56c->49d04e48-288c-4908-850c-f7267af01073#0-t2,notify:(t:2, i:1)
2021-09-05 14:30:25,900 [grpc-default-executor-1] INFO  server.GrpcLogAppender (GrpcLogAppender.java:onNext(400)) - 69e17fe3-75d6-40e2-b575-3df3d97ee56c@group-97DB8748AD29->49d04e48-288c-4908-850c-f7267af01073-InstallSnapshotResponseHandler: received a reply 69e17fe3-75d6-40e2-b575-3df3d97ee56c<-49d04e48-288c-4908-850c-f7267af01073#0:FAIL-t2,IN_PROGRESS
2021-09-05 14:30:25,900 [grpc-default-executor-1] INFO  server.GrpcLogAppender (GrpcLogAppender.java:onNext(417)) - 69e17fe3-75d6-40e2-b575-3df3d97ee56c@group-97DB8748AD29->49d04e48-288c-4908-850c-f7267af01073-InstallSnapshotResponseHandler: InstallSnapshot in progress.
2021-09-05 14:30:25,901 [69e17fe3-75d6-40e2-b575-3df3d97ee56c@group-97DB8748AD29->49d04e48-288c-4908-850c-f7267af01073-GrpcLogAppender-LogAppenderDaemon] INFO  server.GrpcLogAppender (GrpcLogAppender.java:installSnapshot(524)) - 69e17fe3-75d6-40e2-b575-3df3d97ee56c@group-97DB8748AD29->49d04e48-288c-4908-850c-f7267af01073-GrpcLogAppender: followerNextIndex = 0 but logStartIndex = 1, notify follower to install snapshot-(t:2, i:1)
2021-09-05 14:30:25,901 [69e17fe3-75d6-40e2-b575-3df3d97ee56c@group-97DB8748AD29->49d04e48-288c-4908-850c-f7267af01073-GrpcLogAppender-LogAppenderDaemon] INFO  server.GrpcLogAppender (GrpcLogAppender.java:installSnapshot(532)) - 69e17fe3-75d6-40e2-b575-3df3d97ee56c@group-97DB8748AD29->49d04e48-288c-4908-850c-f7267af01073-GrpcLogAppender: send 69e17fe3-75d6-40e2-b575-3df3d97ee56c->49d04e48-288c-4908-850c-f7267af01073#0-t2,notify:(t:2, i:1)
2021-09-05 14:30:25,902 [grpc-default-executor-1] INFO  server.RaftServer$Division (RaftServerImpl.java:checkInconsistentAppendEntries(1293)) - 49d04e48-288c-4908-850c-f7267af01073@group-97DB8748AD29: Failed appendEntries as snapshot ((t:2, i:1)) installation is in progress
2021-09-05 14:30:25,902 [grpc-default-executor-1] INFO  server.RaftServer$Division (RaftServerImpl.java:checkInconsistentAppendEntries(1285)) - 49d04e48-288c-4908-850c-f7267af01073@group-97DB8748AD29: inconsistency entries. Reply:69e17fe3-75d6-40e2-b575-3df3d97ee56c<-49d04e48-288c-4908-850c-f7267af01073#15:FAIL-t2,INCONSISTENCY,nextIndex=0,followerCommit=-1
2021-09-05 14:30:25,902 [grpc-default-executor-3] INFO  leader.FollowerInfo (FollowerInfoImpl.java:lambda$new$0(46)) - 69e17fe3-75d6-40e2-b575-3df3d97ee56c@group-97DB8748AD29->49d04e48-288c-4908-850c-f7267af01073: nextIndex: updateUnconditionally 0 -> 0
2021-09-05 14:30:25,903 [grpc-default-executor-0] INFO  server.RaftServer$Division (RaftServerImpl.java:installSnapshot(1329)) - 49d04e48-288c-4908-850c-f7267af01073@group-97DB8748AD29: receive installSnapshot: 69e17fe3-75d6-40e2-b575-3df3d97ee56c->49d04e48-288c-4908-850c-f7267af01073#0-t2,notify:(t:2, i:1)
2021-09-05 14:30:25,903 [grpc-default-executor-0] INFO  server.RaftServer$Division (RaftServerImpl.java:notifyStateMachineToInstallSnapshot(1611)) - 49d04e48-288c-4908-850c-f7267af01073@group-97DB8748AD29: Snapshot Installation by StateMachine is in progress.
2021-09-05 14:30:25,903 [grpc-default-executor-0] INFO  server.RaftServer$Division (RaftServerImpl.java:installSnapshotImpl(1459)) - 49d04e48-288c-4908-850c-f7267af01073@group-97DB8748AD29: set new configuration index: 5
configurationEntry {
  peers {
    id: "69e17fe3-75d6-40e2-b575-3df3d97ee56c"
    address: "localhost:13968"
  }
  peers {
    id: "9d3796c5-d907-4196-a355-2f07340af16c"
    address: "localhost:13978"
  }
}
 from snapshot
2021-09-05 14:30:25,903 [grpc-default-executor-0] INFO  server.RaftServer$Division (ServerState.java:setRaftConf(387)) - 49d04e48-288c-4908-850c-f7267af01073@group-97DB8748AD29: set configuration 5: [69e17fe3-75d6-40e2-b575-3df3d97ee56c|rpc:localhost:13968|admin:|client:|dataStream:|priority:0, 9d3796c5-d907-4196-a355-2f07340af16c|rpc:localhost:13978|admin:|client:|dataStream:|priority:0], old=null
2021-09-05 14:30:25,903 [grpc-default-executor-0] INFO  server.RaftServer$Division (RaftServerImpl.java:installSnapshot(1340)) - 49d04e48-288c-4908-850c-f7267af01073@group-97DB8748AD29: reply installSnapshot: 69e17fe3-75d6-40e2-b575-3df3d97ee56c<-49d04e48-288c-4908-850c-f7267af01073#0:FAIL-t2,IN_PROGRESS
2021-09-05 14:30:25,903 [grpc-default-executor-0] INFO  server.GrpcServerProtocolService (GrpcServerProtocolService.java:onCompleted(140)) - 49d04e48-288c-4908-850c-f7267af01073: Completed INSTALL_SNAPSHOT, lastRequest: 69e17fe3-75d6-40e2-b575-3df3d97ee56c->49d04e48-288c-4908-850c-f7267af01073#0-t2,notify:(t:2, i:1)
2021-09-05 14:30:25,904 [grpc-default-executor-1] INFO  server.GrpcLogAppender (GrpcLogAppender.java:onNext(400)) - 69e17fe3-75d6-40e2-b575-3df3d97ee56c@group-97DB8748AD29->49d04e48-288c-4908-850c-f7267af01073-InstallSnapshotResponseHandler: received a reply 69e17fe3-75d6-40e2-b575-3df3d97ee56c<-49d04e48-288c-4908-850c-f7267af01073#0:FAIL-t2,IN_PROGRESS
2021-09-05 14:30:25,904 [grpc-default-executor-1] INFO  server.GrpcLogAppender (GrpcLogAppender.java:onNext(417)) - 69e17fe3-75d6-40e2-b575-3df3d97ee56c@group-97DB8748AD29->49d04e48-288c-4908-850c-f7267af01073-InstallSnapshotResponseHandler: InstallSnapshot in progress.
2021-09-05 14:30:25,905 [69e17fe3-75d6-40e2-b575-3df3d97ee56c@group-97DB8748AD29->49d04e48-288c-4908-850c-f7267af01073-GrpcLogAppender-LogAppenderDaemon] INFO  server.GrpcLogAppender (GrpcLogAppender.java:installSnapshot(524)) - 69e17fe3-75d6-40e2-b575-3df3d97ee56c@group-97DB8748AD29->49d04e48-288c-4908-850c-f7267af01073-GrpcLogAppender: followerNextIndex = 0 but logStartIndex = 1, notify follower to install snapshot-(t:2, i:1)
2021-09-05 14:30:25,905 [69e17fe3-75d6-40e2-b575-3df3d97ee56c@group-97DB8748AD29->49d04e48-288c-4908-850c-f7267af01073-GrpcLogAppender-LogAppenderDaemon] INFO  server.GrpcLogAppender (GrpcLogAppender.java:installSnapshot(532)) - 69e17fe3-75d6-40e2-b575-3df3d97ee56c@group-97DB8748AD29->49d04e48-288c-4908-850c-f7267af01073-GrpcLogAppender: send 69e17fe3-75d6-40e2-b575-3df3d97ee56c->49d04e48-288c-4908-850c-f7267af01073#0-t2,notify:(t:2, i:1)
2021-09-05 14:30:25,905 [grpc-default-executor-1] INFO  server.RaftServer$Division (RaftServerImpl.java:checkInconsistentAppendEntries(1293)) - 49d04e48-288c-4908-850c-f7267af01073@group-97DB8748AD29: Failed appendEntries as snapshot ((t:2, i:1)) installation is in progress
2021-09-05 14:30:25,906 [grpc-default-executor-1] INFO  server.RaftServer$Division (RaftServerImpl.java:checkInconsistentAppendEntries(1285)) - 49d04e48-288c-4908-850c-f7267af01073@group-97DB8748AD29: inconsistency entries. Reply:69e17fe3-75d6-40e2-b575-3df3d97ee56c<-49d04e48-288c-4908-850c-f7267af01073#16:FAIL-t2,INCONSISTENCY,nextIndex=0,followerCommit=-1
2021-09-05 14:30:25,906 [grpc-default-executor-1] INFO  leader.FollowerInfo (FollowerInfoImpl.java:lambda$new$0(46)) - 69e17fe3-75d6-40e2-b575-3df3d97ee56c@group-97DB8748AD29->49d04e48-288c-4908-850c-f7267af01073: nextIndex: updateUnconditionally 0 -> 0
2021-09-05 14:30:25,907 [grpc-default-executor-3] INFO  server.RaftServer$Division (RaftServerImpl.java:installSnapshot(1329)) - 49d04e48-288c-4908-850c-f7267af01073@group-97DB8748AD29: receive installSnapshot: 69e17fe3-75d6-40e2-b575-3df3d97ee56c->49d04e48-288c-4908-850c-f7267af01073#0-t2,notify:(t:2, i:1)
2021-09-05 14:30:25,907 [grpc-default-executor-3] INFO  server.RaftServer$Division (RaftServerImpl.java:notifyStateMachineToInstallSnapshot(1611)) - 49d04e48-288c-4908-850c-f7267af01073@group-97DB8748AD29: Snapshot Installation by StateMachine is in progress.
2021-09-05 14:30:25,907 [grpc-default-executor-3] INFO  server.RaftServer$Division (RaftServerImpl.java:installSnapshotImpl(1459)) - 49d04e48-288c-4908-850c-f7267af01073@group-97DB8748AD29: set new configuration index: 5
configurationEntry {
  peers {
    id: "69e17fe3-75d6-40e2-b575-3df3d97ee56c"
    address: "localhost:13968"
  }
  peers {
    id: "9d3796c5-d907-4196-a355-2f07340af16c"
    address: "localhost:13978"
  }
}
 from snapshot
2021-09-05 14:30:25,907 [grpc-default-executor-3] INFO  server.RaftServer$Division (ServerState.java:setRaftConf(387)) - 49d04e48-288c-4908-850c-f7267af01073@group-97DB8748AD29: set configuration 5: [69e17fe3-75d6-40e2-b575-3df3d97ee56c|rpc:localhost:13968|admin:|client:|dataStream:|priority:0, 9d3796c5-d907-4196-a355-2f07340af16c|rpc:localhost:13978|admin:|client:|dataStream:|priority:0], old=null
2021-09-05 14:30:25,907 [grpc-default-executor-3] INFO  server.RaftServer$Division (RaftServerImpl.java:installSnapshot(1340)) - 49d04e48-288c-4908-850c-f7267af01073@group-97DB8748AD29: reply installSnapshot: 69e17fe3-75d6-40e2-b575-3df3d97ee56c<-49d04e48-288c-4908-850c-f7267af01073#0:FAIL-t2,IN_PROGRESS
2021-09-05 14:30:25,907 [grpc-default-executor-3] INFO  server.GrpcServerProtocolService (GrpcServerProtocolService.java:onCompleted(140)) - 49d04e48-288c-4908-850c-f7267af01073: Completed INSTALL_SNAPSHOT, lastRequest: 69e17fe3-75d6-40e2-b575-3df3d97ee56c->49d04e48-288c-4908-850c-f7267af01073#0-t2,notify:(t:2, i:1)
2021-09-05 14:30:25,910 [grpc-default-executor-3] INFO  server.GrpcLogAppender (GrpcLogAppender.java:onNext(400)) - 69e17fe3-75d6-40e2-b575-3df3d97ee56c@group-97DB8748AD29->49d04e48-288c-4908-850c-f7267af01073-InstallSnapshotResponseHandler: received a reply 69e17fe3-75d6-40e2-b575-3df3d97ee56c<-49d04e48-288c-4908-850c-f7267af01073#0:FAIL-t2,IN_PROGRESS
2021-09-05 14:30:25,910 [grpc-default-executor-3] INFO  server.GrpcLogAppender (GrpcLogAppender.java:onNext(417)) - 69e17fe3-75d6-40e2-b575-3df3d97ee56c@group-97DB8748AD29->49d04e48-288c-4908-850c-f7267af01073-InstallSnapshotResponseHandler: InstallSnapshot in progress.
2021-09-05 14:30:25,914 [69e17fe3-75d6-40e2-b575-3df3d97ee56c@group-97DB8748AD29->49d04e48-288c-4908-850c-f7267af01073-GrpcLogAppender-LogAppenderDaemon] INFO  server.GrpcLogAppender (GrpcLogAppender.java:installSnapshot(524)) - 69e17fe3-75d6-40e2-b575-3df3d97ee56c@group-97DB8748AD29->49d04e48-288c-4908-850c-f7267af01073-GrpcLogAppender: followerNextIndex = 0 but logStartIndex = 1, notify follower to install snapshot-(t:2, i:1)
2021-09-05 14:30:25,914 [69e17fe3-75d6-40e2-b575-3df3d97ee56c@group-97DB8748AD29->49d04e48-288c-4908-850c-f7267af01073-GrpcLogAppender-LogAppenderDaemon] INFO  server.GrpcLogAppender (GrpcLogAppender.java:installSnapshot(532)) - 69e17fe3-75d6-40e2-b575-3df3d97ee56c@group-97DB8748AD29->49d04e48-288c-4908-850c-f7267af01073-GrpcLogAppender: send 69e17fe3-75d6-40e2-b575-3df3d97ee56c->49d04e48-288c-4908-850c-f7267af01073#0-t2,notify:(t:2, i:1)
2021-09-05 14:30:25,914 [grpc-default-executor-3] INFO  server.RaftServer$Division (RaftServerImpl.java:checkInconsistentAppendEntries(1293)) - 49d04e48-288c-4908-850c-f7267af01073@group-97DB8748AD29: Failed appendEntries as snapshot ((t:2, i:1)) installation is in progress
2021-09-05 14:30:25,914 [grpc-default-executor-3] INFO  server.RaftServer$Division (RaftServerImpl.java:checkInconsistentAppendEntries(1285)) - 49d04e48-288c-4908-850c-f7267af01073@group-97DB8748AD29: inconsistency entries. Reply:69e17fe3-75d6-40e2-b575-3df3d97ee56c<-49d04e48-288c-4908-850c-f7267af01073#17:FAIL-t2,INCONSISTENCY,nextIndex=0,followerCommit=-1
2021-09-05 14:30:25,915 [grpc-default-executor-3] INFO  leader.FollowerInfo (FollowerInfoImpl.java:lambda$new$0(46)) - 69e17fe3-75d6-40e2-b575-3df3d97ee56c@group-97DB8748AD29->49d04e48-288c-4908-850c-f7267af01073: nextIndex: updateUnconditionally 0 -> 0
2021-09-05 14:30:25,916 [grpc-default-executor-3] INFO  server.RaftServer$Division (RaftServerImpl.java:installSnapshot(1329)) - 49d04e48-288c-4908-850c-f7267af01073@group-97DB8748AD29: receive installSnapshot: 69e17fe3-75d6-40e2-b575-3df3d97ee56c->49d04e48-288c-4908-850c-f7267af01073#0-t2,notify:(t:2, i:1)
2021-09-05 14:30:25,916 [grpc-default-executor-3] INFO  server.RaftServer$Division (RaftServerImpl.java:notifyStateMachineToInstallSnapshot(1611)) - 49d04e48-288c-4908-850c-f7267af01073@group-97DB8748AD29: Snapshot Installation by StateMachine is in progress.
2021-09-05 14:30:25,916 [grpc-default-executor-3] INFO  server.RaftServer$Division (RaftServerImpl.java:installSnapshotImpl(1459)) - 49d04e48-288c-4908-850c-f7267af01073@group-97DB8748AD29: set new configuration index: 5
configurationEntry {
  peers {
    id: "69e17fe3-75d6-40e2-b575-3df3d97ee56c"
    address: "localhost:13968"
  }
  peers {
    id: "9d3796c5-d907-4196-a355-2f07340af16c"
    address: "localhost:13978"
  }
}
 from snapshot
2021-09-05 14:30:25,916 [grpc-default-executor-3] INFO  server.RaftServer$Division (ServerState.java:setRaftConf(387)) - 49d04e48-288c-4908-850c-f7267af01073@group-97DB8748AD29: set configuration 5: [69e17fe3-75d6-40e2-b575-3df3d97ee56c|rpc:localhost:13968|admin:|client:|dataStream:|priority:0, 9d3796c5-d907-4196-a355-2f07340af16c|rpc:localhost:13978|admin:|client:|dataStream:|priority:0], old=null
2021-09-05 14:30:25,916 [grpc-default-executor-3] INFO  server.RaftServer$Division (RaftServerImpl.java:installSnapshot(1340)) - 49d04e48-288c-4908-850c-f7267af01073@group-97DB8748AD29: reply installSnapshot: 69e17fe3-75d6-40e2-b575-3df3d97ee56c<-49d04e48-288c-4908-850c-f7267af01073#0:FAIL-t2,IN_PROGRESS
2021-09-05 14:30:25,916 [grpc-default-executor-3] INFO  server.GrpcServerProtocolService (GrpcServerProtocolService.java:onCompleted(140)) - 49d04e48-288c-4908-850c-f7267af01073: Completed INSTALL_SNAPSHOT, lastRequest: 69e17fe3-75d6-40e2-b575-3df3d97ee56c->49d04e48-288c-4908-850c-f7267af01073#0-t2,notify:(t:2, i:1)
2021-09-05 14:30:25,917 [grpc-default-executor-0] INFO  server.GrpcLogAppender (GrpcLogAppender.java:onNext(400)) - 69e17fe3-75d6-40e2-b575-3df3d97ee56c@group-97DB8748AD29->49d04e48-288c-4908-850c-f7267af01073-InstallSnapshotResponseHandler: received a reply 69e17fe3-75d6-40e2-b575-3df3d97ee56c<-49d04e48-288c-4908-850c-f7267af01073#0:FAIL-t2,IN_PROGRESS
2021-09-05 14:30:25,917 [grpc-default-executor-0] INFO  server.GrpcLogAppender (GrpcLogAppender.java:onNext(417)) - 69e17fe3-75d6-40e2-b575-3df3d97ee56c@group-97DB8748AD29->49d04e48-288c-4908-850c-f7267af01073-InstallSnapshotResponseHandler: InstallSnapshot in progress.
2021-09-05 14:30:25,918 [69e17fe3-75d6-40e2-b575-3df3d97ee56c@group-97DB8748AD29->49d04e48-288c-4908-850c-f7267af01073-GrpcLogAppender-LogAppenderDaemon] INFO  server.GrpcLogAppender (GrpcLogAppender.java:installSnapshot(524)) - 69e17fe3-75d6-40e2-b575-3df3d97ee56c@group-97DB8748AD29->49d04e48-288c-4908-850c-f7267af01073-GrpcLogAppender: followerNextIndex = 0 but logStartIndex = 1, notify follower to install snapshot-(t:2, i:1)
2021-09-05 14:30:25,918 [69e17fe3-75d6-40e2-b575-3df3d97ee56c@group-97DB8748AD29->49d04e48-288c-4908-850c-f7267af01073-GrpcLogAppender-LogAppenderDaemon] INFO  server.GrpcLogAppender (GrpcLogAppender.java:installSnapshot(532)) - 69e17fe3-75d6-40e2-b575-3df3d97ee56c@group-97DB8748AD29->49d04e48-288c-4908-850c-f7267af01073-GrpcLogAppender: send 69e17fe3-75d6-40e2-b575-3df3d97ee56c->49d04e48-288c-4908-850c-f7267af01073#0-t2,notify:(t:2, i:1)
2021-09-05 14:30:25,918 [grpc-default-executor-0] INFO  server.RaftServer$Division (RaftServerImpl.java:checkInconsistentAppendEntries(1293)) - 49d04e48-288c-4908-850c-f7267af01073@group-97DB8748AD29: Failed appendEntries as snapshot ((t:2, i:1)) installation is in progress
2021-09-05 14:30:25,919 [grpc-default-executor-0] INFO  server.RaftServer$Division (RaftServerImpl.java:checkInconsistentAppendEntries(1285)) - 49d04e48-288c-4908-850c-f7267af01073@group-97DB8748AD29: inconsistency entries. Reply:69e17fe3-75d6-40e2-b575-3df3d97ee56c<-49d04e48-288c-4908-850c-f7267af01073#18:FAIL-t2,INCONSISTENCY,nextIndex=0,followerCommit=-1
2021-09-05 14:30:25,919 [6bbc5292-b6d7-424f-9a49-f587de829c2d@group-C7D30DC73C8C-FollowerState] INFO  impl.FollowerState (FollowerState.java:run(134)) - 6bbc5292-b6d7-424f-9a49-f587de829c2d@group-C7D30DC73C8C-FollowerState: change to CANDIDATE, lastRpcElapsedTime:5184843254ns, electionTimeout:5180ms
2021-09-05 14:30:25,919 [6bbc5292-b6d7-424f-9a49-f587de829c2d@group-C7D30DC73C8C-FollowerState] INFO  impl.RoleInfo (RoleInfo.java:shutdownFollowerState(108)) - 6bbc5292-b6d7-424f-9a49-f587de829c2d: shutdown 6bbc5292-b6d7-424f-9a49-f587de829c2d@group-C7D30DC73C8C-FollowerState
2021-09-05 14:30:25,919 [6bbc5292-b6d7-424f-9a49-f587de829c2d@group-C7D30DC73C8C-FollowerState] INFO  server.RaftServer$Division (RaftServerImpl.java:setRole(285)) - 6bbc5292-b6d7-424f-9a49-f587de829c2d@group-C7D30DC73C8C: changes role from  FOLLOWER to CANDIDATE at term 0 for changeToCandidate
2021-09-05 14:30:25,919 [6bbc5292-b6d7-424f-9a49-f587de829c2d@group-C7D30DC73C8C-FollowerState] INFO  server.RaftServerConfigKeys (ConfUtils.java:logGet(44)) - raft.server.leaderelection.pre-vote = false (custom)
2021-09-05 14:30:25,919 [6bbc5292-b6d7-424f-9a49-f587de829c2d@group-C7D30DC73C8C-FollowerState] INFO  impl.RoleInfo (RoleInfo.java:updateAndGet(130)) - 6bbc5292-b6d7-424f-9a49-f587de829c2d: start 6bbc5292-b6d7-424f-9a49-f587de829c2d@group-C7D30DC73C8C-LeaderElection18
2021-09-05 14:30:25,920 [grpc-default-executor-0] INFO  server.RaftServer$Division (RaftServerImpl.java:installSnapshot(1329)) - 49d04e48-288c-4908-850c-f7267af01073@group-97DB8748AD29: receive installSnapshot: 69e17fe3-75d6-40e2-b575-3df3d97ee56c->49d04e48-288c-4908-850c-f7267af01073#0-t2,notify:(t:2, i:1)
2021-09-05 14:30:25,920 [grpc-default-executor-0] INFO  server.RaftServer$Division (RaftServerImpl.java:notifyStateMachineToInstallSnapshot(1611)) - 49d04e48-288c-4908-850c-f7267af01073@group-97DB8748AD29: Snapshot Installation by StateMachine is in progress.
2021-09-05 14:30:25,920 [grpc-default-executor-4] INFO  leader.FollowerInfo (FollowerInfoImpl.java:lambda$new$0(46)) - 69e17fe3-75d6-40e2-b575-3df3d97ee56c@group-97DB8748AD29->49d04e48-288c-4908-850c-f7267af01073: nextIndex: updateUnconditionally 0 -> 0
2021-09-05 14:30:25,920 [grpc-default-executor-0] INFO  server.RaftServer$Division (RaftServerImpl.java:installSnapshotImpl(1459)) - 49d04e48-288c-4908-850c-f7267af01073@group-97DB8748AD29: set new configuration index: 5
configurationEntry {
  peers {
    id: "69e17fe3-75d6-40e2-b575-3df3d97ee56c"
    address: "localhost:13968"
  }
  peers {
    id: "9d3796c5-d907-4196-a355-2f07340af16c"
    address: "localhost:13978"
  }
}
 from snapshot
2021-09-05 14:30:25,920 [grpc-default-executor-0] INFO  server.RaftServer$Division (ServerState.java:setRaftConf(387)) - 49d04e48-288c-4908-850c-f7267af01073@group-97DB8748AD29: set configuration 5: [69e17fe3-75d6-40e2-b575-3df3d97ee56c|rpc:localhost:13968|admin:|client:|dataStream:|priority:0, 9d3796c5-d907-4196-a355-2f07340af16c|rpc:localhost:13978|admin:|client:|dataStream:|priority:0], old=null
2021-09-05 14:30:25,920 [grpc-default-executor-0] INFO  server.RaftServer$Division (RaftServerImpl.java:installSnapshot(1340)) - 49d04e48-288c-4908-850c-f7267af01073@group-97DB8748AD29: reply installSnapshot: 69e17fe3-75d6-40e2-b575-3df3d97ee56c<-49d04e48-288c-4908-850c-f7267af01073#0:FAIL-t2,IN_PROGRESS
2021-09-05 14:30:25,920 [grpc-default-executor-0] INFO  server.GrpcServerProtocolService (GrpcServerProtocolService.java:onCompleted(140)) - 49d04e48-288c-4908-850c-f7267af01073: Completed INSTALL_SNAPSHOT, lastRequest: 69e17fe3-75d6-40e2-b575-3df3d97ee56c->49d04e48-288c-4908-850c-f7267af01073#0-t2,notify:(t:2, i:1)
2021-09-05 14:30:25,922 [grpc-default-executor-0] INFO  server.GrpcLogAppender (GrpcLogAppender.java:onNext(400)) - 69e17fe3-75d6-40e2-b575-3df3d97ee56c@group-97DB8748AD29->49d04e48-288c-4908-850c-f7267af01073-InstallSnapshotResponseHandler: received a reply 69e17fe3-75d6-40e2-b575-3df3d97ee56c<-49d04e48-288c-4908-850c-f7267af01073#0:FAIL-t2,IN_PROGRESS
2021-09-05 14:30:25,922 [grpc-default-executor-0] INFO  server.GrpcLogAppender (GrpcLogAppender.java:onNext(417)) - 69e17fe3-75d6-40e2-b575-3df3d97ee56c@group-97DB8748AD29->49d04e48-288c-4908-850c-f7267af01073-InstallSnapshotResponseHandler: InstallSnapshot in progress.
2021-09-05 14:30:25,945 [69e17fe3-75d6-40e2-b575-3df3d97ee56c@group-97DB8748AD29->49d04e48-288c-4908-850c-f7267af01073-GrpcLogAppender-LogAppenderDaemon] INFO  server.GrpcLogAppender (GrpcLogAppender.java:installSnapshot(524)) - 69e17fe3-75d6-40e2-b575-3df3d97ee56c@group-97DB8748AD29->49d04e48-288c-4908-850c-f7267af01073-GrpcLogAppender: followerNextIndex = 0 but logStartIndex = 1, notify follower to install snapshot-(t:2, i:1)
2021-09-05 14:30:25,945 [69e17fe3-75d6-40e2-b575-3df3d97ee56c@group-97DB8748AD29->49d04e48-288c-4908-850c-f7267af01073-GrpcLogAppender-LogAppenderDaemon] INFO  server.GrpcLogAppender (GrpcLogAppender.java:installSnapshot(532)) - 69e17fe3-75d6-40e2-b575-3df3d97ee56c@group-97DB8748AD29->49d04e48-288c-4908-850c-f7267af01073-GrpcLogAppender: send 69e17fe3-75d6-40e2-b575-3df3d97ee56c->49d04e48-288c-4908-850c-f7267af01073#0-t2,notify:(t:2, i:1)
2021-09-05 14:30:25,947 [6bbc5292-b6d7-424f-9a49-f587de829c2d@group-C7D30DC73C8C-LeaderElection18] INFO  impl.LeaderElection (LeaderElection.java:askForVotes(306)) - 6bbc5292-b6d7-424f-9a49-f587de829c2d@group-C7D30DC73C8C-LeaderElection18 ELECTION round 0: submit vote requests at term 1 for -1: [6bbc5292-b6d7-424f-9a49-f587de829c2d|rpc:127.0.0.1:46659|priority:1], old=null
2021-09-05 14:30:25,947 [6bbc5292-b6d7-424f-9a49-f587de829c2d@group-C7D30DC73C8C-LeaderElection18] INFO  impl.LeaderElection (LeaderElection.java:askForVotes(308)) - 6bbc5292-b6d7-424f-9a49-f587de829c2d@group-C7D30DC73C8C-LeaderElection18 ELECTION round 0: result PASSED (term=1)
2021-09-05 14:30:25,947 [6bbc5292-b6d7-424f-9a49-f587de829c2d@group-C7D30DC73C8C-LeaderElection18] INFO  impl.RoleInfo (RoleInfo.java:shutdownLeaderElection(121)) - 6bbc5292-b6d7-424f-9a49-f587de829c2d: shutdown 6bbc5292-b6d7-424f-9a49-f587de829c2d@group-C7D30DC73C8C-LeaderElection18
2021-09-05 14:30:25,947 [6bbc5292-b6d7-424f-9a49-f587de829c2d@group-C7D30DC73C8C-LeaderElection18] INFO  server.RaftServer$Division (RaftServerImpl.java:setRole(285)) - 6bbc5292-b6d7-424f-9a49-f587de829c2d@group-C7D30DC73C8C: changes role from CANDIDATE to LEADER at term 1 for changeToLeader
2021-09-05 14:30:25,947 [6bbc5292-b6d7-424f-9a49-f587de829c2d@group-C7D30DC73C8C-LeaderElection18] INFO  ratis.XceiverServerRatis (XceiverServerRatis.java:handleLeaderChangedNotification(861)) - Leader change notification received for group: group-C7D30DC73C8C with new leaderId: 6bbc5292-b6d7-424f-9a49-f587de829c2d
2021-09-05 14:30:25,947 [pool-229-thread-1] INFO  ha.SCMHAManagerImpl (SCMHAManagerImpl.java:verifyCheckpointFromLeader(172)) - Installing checkpoint with SCMTransactionInfo 2#24
2021-09-05 14:30:25,947 [6bbc5292-b6d7-424f-9a49-f587de829c2d@group-C7D30DC73C8C-LeaderElection18] INFO  server.RaftServer$Division (ServerState.java:setLeader(285)) - 6bbc5292-b6d7-424f-9a49-f587de829c2d@group-C7D30DC73C8C: change Leader from null to 6bbc5292-b6d7-424f-9a49-f587de829c2d at term 1 for becomeLeader, leader elected after 5250ms
2021-09-05 14:30:25,947 [pool-229-thread-1] INFO  server.RaftServer$Division (RaftServerImpl.java:lambda$notifyStateMachineToInstallSnapshot$30(1594)) - 49d04e48-288c-4908-850c-f7267af01073@group-97DB8748AD29: StateMachine successfully installed snapshot index 24. Reloading the StateMachine.
2021-09-05 14:30:25,947 [pool-229-thread-1] INFO  segmented.SegmentedRaftLogWorker (SegmentedRaftLogWorker.java:lambda$new$0(133)) - 49d04e48-288c-4908-850c-f7267af01073@group-97DB8748AD29-SegmentedRaftLogWorker: flushIndex: setUnconditionally -1 -> 24
2021-09-05 14:30:25,947 [pool-229-thread-1] INFO  segmented.SegmentedRaftLogWorker (SegmentedRaftLogWorker.java:lambda$new$0(133)) - 49d04e48-288c-4908-850c-f7267af01073@group-97DB8748AD29-SegmentedRaftLogWorker: safeCacheEvictIndex: setUnconditionally -1 -> 24
2021-09-05 14:30:25,947 [pool-229-thread-1] INFO  raftlog.RaftLog (RaftLogBase.java:lambda$new$0(53)) - 49d04e48-288c-4908-850c-f7267af01073@group-97DB8748AD29-SegmentedRaftLog: snapshotIndex: updateIncreasingly -1 -> 24
2021-09-05 14:30:25,951 [grpc-default-executor-0] INFO  server.RaftServer$Division (RaftServerImpl.java:installSnapshot(1329)) - 49d04e48-288c-4908-850c-f7267af01073@group-97DB8748AD29: receive installSnapshot: 69e17fe3-75d6-40e2-b575-3df3d97ee56c->49d04e48-288c-4908-850c-f7267af01073#0-t2,notify:(t:2, i:1)
2021-09-05 14:30:25,952 [grpc-default-executor-0] INFO  server.RaftServer$Division (RaftServerImpl.java:notifyStateMachineToInstallSnapshot(1560)) - 49d04e48-288c-4908-850c-f7267af01073@group-97DB8748AD29: StateMachine snapshotIndex is 24
2021-09-05 14:30:25,952 [grpc-default-executor-0] INFO  server.RaftServer$Division (RaftServerImpl.java:installSnapshotImpl(1459)) - 49d04e48-288c-4908-850c-f7267af01073@group-97DB8748AD29: set new configuration index: 5
configurationEntry {
  peers {
    id: "69e17fe3-75d6-40e2-b575-3df3d97ee56c"
    address: "localhost:13968"
  }
  peers {
    id: "9d3796c5-d907-4196-a355-2f07340af16c"
    address: "localhost:13978"
  }
}
 from snapshot
2021-09-05 14:30:25,952 [grpc-default-executor-0] INFO  server.RaftServer$Division (ServerState.java:setRaftConf(387)) - 49d04e48-288c-4908-850c-f7267af01073@group-97DB8748AD29: set configuration 5: [69e17fe3-75d6-40e2-b575-3df3d97ee56c|rpc:localhost:13968|admin:|client:|dataStream:|priority:0, 9d3796c5-d907-4196-a355-2f07340af16c|rpc:localhost:13978|admin:|client:|dataStream:|priority:0], old=null
2021-09-05 14:30:25,952 [grpc-default-executor-0] INFO  server.RaftServer$Division (RaftServerImpl.java:installSnapshot(1340)) - 49d04e48-288c-4908-850c-f7267af01073@group-97DB8748AD29: reply installSnapshot: 69e17fe3-75d6-40e2-b575-3df3d97ee56c<-49d04e48-288c-4908-850c-f7267af01073#0:FAIL-t2,ALREADY_INSTALLED,snapshotIndex=24
2021-09-05 14:30:25,952 [grpc-default-executor-0] INFO  server.GrpcServerProtocolService (GrpcServerProtocolService.java:onCompleted(140)) - 49d04e48-288c-4908-850c-f7267af01073: Completed INSTALL_SNAPSHOT, lastRequest: 69e17fe3-75d6-40e2-b575-3df3d97ee56c->49d04e48-288c-4908-850c-f7267af01073#0-t2,notify:(t:2, i:1)
2021-09-05 14:30:25,954 [grpc-default-executor-4] INFO  server.GrpcLogAppender (GrpcLogAppender.java:onNext(400)) - 69e17fe3-75d6-40e2-b575-3df3d97ee56c@group-97DB8748AD29->49d04e48-288c-4908-850c-f7267af01073-InstallSnapshotResponseHandler: received a reply 69e17fe3-75d6-40e2-b575-3df3d97ee56c<-49d04e48-288c-4908-850c-f7267af01073#0:FAIL-t2,ALREADY_INSTALLED,snapshotIndex=24
2021-09-05 14:30:25,954 [grpc-default-executor-4] INFO  server.GrpcLogAppender (GrpcLogAppender.java:onNext(422)) - 69e17fe3-75d6-40e2-b575-3df3d97ee56c@group-97DB8748AD29->49d04e48-288c-4908-850c-f7267af01073-InstallSnapshotResponseHandler: Already Installed Snapshot Index 24.
2021-09-05 14:30:25,954 [grpc-default-executor-4] INFO  leader.FollowerInfo (FollowerInfoImpl.java:lambda$new$0(46)) - 69e17fe3-75d6-40e2-b575-3df3d97ee56c@group-97DB8748AD29->49d04e48-288c-4908-850c-f7267af01073: snapshotIndex: setUnconditionally 0 -> 24
2021-09-05 14:30:25,954 [grpc-default-executor-4] INFO  leader.FollowerInfo (FollowerInfoImpl.java:lambda$new$0(46)) - 69e17fe3-75d6-40e2-b575-3df3d97ee56c@group-97DB8748AD29->49d04e48-288c-4908-850c-f7267af01073: matchIndex: setUnconditionally 0 -> 24
2021-09-05 14:30:25,954 [grpc-default-executor-4] INFO  leader.FollowerInfo (FollowerInfoImpl.java:lambda$new$0(46)) - 69e17fe3-75d6-40e2-b575-3df3d97ee56c@group-97DB8748AD29->49d04e48-288c-4908-850c-f7267af01073: nextIndex: setUnconditionally 0 -> 25
2021-09-05 14:30:25,954 [grpc-default-executor-4] INFO  leader.FollowerInfo (FollowerInfoImpl.java:lambda$new$0(46)) - 69e17fe3-75d6-40e2-b575-3df3d97ee56c@group-97DB8748AD29->49d04e48-288c-4908-850c-f7267af01073: nextIndex: updateToMax old=25, new=25, updated? false
2021-09-05 14:30:25,947 [6bbc5292-b6d7-424f-9a49-f587de829c2d@group-C7D30DC73C8C-LeaderElection18] INFO  server.RaftServerConfigKeys (ConfUtils.java:logGet(44)) - raft.server.staging.catchup.gap = 1000 (default)
2021-09-05 14:30:25,967 [6bbc5292-b6d7-424f-9a49-f587de829c2d@group-C7D30DC73C8C-LeaderElection18] INFO  server.RaftServerConfigKeys (ConfUtils.java:logGet(44)) - raft.server.write.element-limit = 1024 (custom)
2021-09-05 14:30:25,967 [6bbc5292-b6d7-424f-9a49-f587de829c2d@group-C7D30DC73C8C-LeaderElection18] INFO  server.RaftServerConfigKeys (ConfUtils.java:logGet(44)) - raft.server.write.byte-limit = 1024 M (=1073741824) (custom)
2021-09-05 14:30:25,967 [6bbc5292-b6d7-424f-9a49-f587de829c2d@group-C7D30DC73C8C-LeaderElection18] INFO  server.RaftServerConfigKeys (ConfUtils.java:logGet(44)) - raft.server.watch.timeout = 180s (custom)
2021-09-05 14:30:25,967 [6bbc5292-b6d7-424f-9a49-f587de829c2d@group-C7D30DC73C8C-LeaderElection18] INFO  server.RaftServerConfigKeys (ConfUtils.java:logGet(44)) - raft.server.watch.timeout.denomination = 1s (default)
2021-09-05 14:30:25,967 [6bbc5292-b6d7-424f-9a49-f587de829c2d@group-C7D30DC73C8C-LeaderElection18] INFO  server.RaftServerConfigKeys (ConfUtils.java:logGet(44)) - raft.server.watch.element-limit = 65536 (default)
2021-09-05 14:30:25,967 [6bbc5292-b6d7-424f-9a49-f587de829c2d@group-C7D30DC73C8C-LeaderElection18] INFO  impl.RoleInfo (RoleInfo.java:updateAndGet(130)) - 6bbc5292-b6d7-424f-9a49-f587de829c2d: start 6bbc5292-b6d7-424f-9a49-f587de829c2d@group-C7D30DC73C8C-LeaderStateImpl
2021-09-05 14:30:25,968 [6bbc5292-b6d7-424f-9a49-f587de829c2d@group-C7D30DC73C8C-LeaderElection18] INFO  segmented.SegmentedRaftLogWorker (SegmentedRaftLogWorker.java:startLogSegment(394)) - 6bbc5292-b6d7-424f-9a49-f587de829c2d@group-C7D30DC73C8C-SegmentedRaftLogWorker: Starting segment from index:0
2021-09-05 14:30:25,970 [6bbc5292-b6d7-424f-9a49-f587de829c2d@group-C7D30DC73C8C-SegmentedRaftLogWorker] INFO  segmented.SegmentedRaftLogWorker (SegmentedRaftLogWorker.java:execute(601)) - 6bbc5292-b6d7-424f-9a49-f587de829c2d@group-C7D30DC73C8C-SegmentedRaftLogWorker: created new log segment /home/runner/work/ozone/ozone/hadoop-ozone/integration-test/target/test-dir/MiniOzoneClusterImpl-11ada6fe-a5c6-4827-8b3d-97db8748ad29/datanode-2/data/ratis/e3aad268-0212-4c0d-aefa-c7d30dc73c8c/current/log_inprogress_0
2021-09-05 14:30:25,981 [6bbc5292-b6d7-424f-9a49-f587de829c2d@group-C7D30DC73C8C-LeaderElection18] INFO  server.RaftServer$Division (ServerState.java:setRaftConf(387)) - 6bbc5292-b6d7-424f-9a49-f587de829c2d@group-C7D30DC73C8C: set configuration 0: [6bbc5292-b6d7-424f-9a49-f587de829c2d|rpc:127.0.0.1:46659|dataStream:|priority:1], old=null
2021-09-05 14:30:26,076 [49d04e48-288c-4908-850c-f7267af01073@group-97DB8748AD29-StateMachineUpdater] INFO  ha.SCMHAManagerImpl (SCMHAManagerImpl.java:installCheckpoint(227)) - Installing checkpoint with SCMTransactionInfo 2#24
2021-09-05 14:30:26,077 [49d04e48-288c-4908-850c-f7267af01073@group-97DB8748AD29-StateMachineUpdater] INFO  ha.SCMHAManagerImpl (SCMHAManagerImpl.java:installCheckpoint(266)) - Replaced DB with checkpoint, term: 2, index: 24
2021-09-05 14:30:26,080 [49d04e48-288c-4908-850c-f7267af01073@group-97DB8748AD29-StateMachineUpdater] WARN  utils.HAUtils (HAUtils.java:getMetaDir(342)) - ozone.scm.db.dirs is not configured. We recommend adding this setting. Falling back to ozone.metadata.dirs instead.
2021-09-05 14:30:26,081 [49d04e48-288c-4908-850c-f7267af01073@group-97DB8748AD29-StateMachineUpdater] WARN  db.DBStoreBuilder (DBStoreBuilder.java:applyDBDefinition(145)) - ozone.scm.db.dirs is not configured. We recommend adding this setting. Falling back to ozone.metadata.dirs instead.
2021-09-05 14:30:26,141 [49d04e48-288c-4908-850c-f7267af01073@group-97DB8748AD29-StateMachineUpdater] INFO  ha.SequenceIdGenerator (SequenceIdGenerator.java:reinitialize(165)) - reinitialize SequenceIdGenerator.
2021-09-05 14:30:26,142 [49d04e48-288c-4908-850c-f7267af01073@group-97DB8748AD29-StateMachineUpdater] INFO  ha.SCMHAManagerImpl (SCMHAManagerImpl.java:installCheckpoint(277)) - Reloaded SCM state with Term: 2 and Index: 24
2021-09-05 14:30:26,143 [49d04e48-288c-4908-850c-f7267af01073@group-97DB8748AD29-StateMachineUpdater] INFO  impl.StateMachineUpdater (StateMachineUpdater.java:lambda$new$0(89)) - 49d04e48-288c-4908-850c-f7267af01073@group-97DB8748AD29-StateMachineUpdater: snapshotIndex: setUnconditionally -1 -> 24
2021-09-05 14:30:26,143 [49d04e48-288c-4908-850c-f7267af01073@group-97DB8748AD29-StateMachineUpdater] INFO  impl.StateMachineUpdater (StateMachineUpdater.java:lambda$new$0(89)) - 49d04e48-288c-4908-850c-f7267af01073@group-97DB8748AD29-StateMachineUpdater: appliedIndex: setUnconditionally -1 -> 24
2021-09-05 14:30:26,404 [Datanode State Machine Thread - 0] ERROR datanode.RunningDatanodeState (RunningDatanodeState.java:computeNextContainerState(199)) - Error in executing end point task.
java.util.concurrent.ExecutionException: java.util.concurrent.TimeoutException
	at java.util.concurrent.FutureTask.report(FutureTask.java:122)
	at java.util.concurrent.FutureTask.get(FutureTask.java:192)
	at org.apache.hadoop.ozone.container.common.states.datanode.RunningDatanodeState.computeNextContainerState(RunningDatanodeState.java:191)
	at org.apache.hadoop.ozone.container.common.states.datanode.RunningDatanodeState.await(RunningDatanodeState.java:231)
	at org.apache.hadoop.ozone.container.common.states.datanode.RunningDatanodeState.await(RunningDatanodeState.java:50)
	at org.apache.hadoop.ozone.container.common.statemachine.StateContext.execute(StateContext.java:629)
	at org.apache.hadoop.ozone.container.common.statemachine.DatanodeStateMachine.start(DatanodeStateMachine.java:270)
	at org.apache.hadoop.ozone.container.common.statemachine.DatanodeStateMachine.lambda$startDaemon$0(DatanodeStateMachine.java:456)
	at java.lang.Thread.run(Thread.java:748)
Caused by: java.util.concurrent.TimeoutException
	at java.util.concurrent.FutureTask.get(FutureTask.java:205)
	at org.apache.hadoop.ozone.container.common.states.datanode.RunningDatanodeState.lambda$execute$0(RunningDatanodeState.java:149)
	at java.util.concurrent.FutureTask.run(FutureTask.java:266)
	at java.util.concurrent.Executors$RunnableAdapter.call(Executors.java:511)
	at java.util.concurrent.FutureTask.run(FutureTask.java:266)
	at java.util.concurrent.ThreadPoolExecutor.runWorker(ThreadPoolExecutor.java:1149)
	at java.util.concurrent.ThreadPoolExecutor$Worker.run(ThreadPoolExecutor.java:624)
	... 1 more
2021-09-05 14:30:26,771 [EndpointStateMachine task thread for /127.0.0.1:14541 - 0 ] INFO  ipc.Client (Client.java:handleConnectionFailure(977)) - Retrying connect to server: localhost/127.0.0.1:14541. Already tried 14 time(s); retry policy is RetryUpToMaximumCountWithFixedSleep(maxRetries=15, sleepTime=1000 MILLISECONDS)
2021-09-05 14:30:26,772 [EndpointStateMachine task thread for /127.0.0.1:14531 - 0 ] INFO  ipc.Client (Client.java:handleConnectionFailure(977)) - Retrying connect to server: localhost/127.0.0.1:14531. Already tried 0 time(s); retry policy is RetryUpToMaximumCountWithFixedSleep(maxRetries=15, sleepTime=1000 MILLISECONDS)
2021-09-05 14:30:26,788 [EndpointStateMachine task thread for /127.0.0.1:14521 - 0 ] INFO  ipc.Client (Client.java:handleConnectionFailure(977)) - Retrying connect to server: localhost/127.0.0.1:14521. Already tried 1 time(s); retry policy is RetryUpToMaximumCountWithFixedSleep(maxRetries=15, sleepTime=1000 MILLISECONDS)
2021-09-05 14:30:26,947 [Datanode State Machine Thread - 0] ERROR datanode.RunningDatanodeState (RunningDatanodeState.java:computeNextContainerState(199)) - Error in executing end point task.
java.util.concurrent.ExecutionException: java.util.concurrent.TimeoutException
	at java.util.concurrent.FutureTask.report(FutureTask.java:122)
	at java.util.concurrent.FutureTask.get(FutureTask.java:192)
	at org.apache.hadoop.ozone.container.common.states.datanode.RunningDatanodeState.computeNextContainerState(RunningDatanodeState.java:191)
	at org.apache.hadoop.ozone.container.common.states.datanode.RunningDatanodeState.await(RunningDatanodeState.java:231)
	at org.apache.hadoop.ozone.container.common.states.datanode.RunningDatanodeState.await(RunningDatanodeState.java:50)
	at org.apache.hadoop.ozone.container.common.statemachine.StateContext.execute(StateContext.java:629)
	at org.apache.hadoop.ozone.container.common.statemachine.DatanodeStateMachine.start(DatanodeStateMachine.java:270)
	at org.apache.hadoop.ozone.container.common.statemachine.DatanodeStateMachine.lambda$startDaemon$0(DatanodeStateMachine.java:456)
	at java.lang.Thread.run(Thread.java:748)
Caused by: java.util.concurrent.TimeoutException
	at java.util.concurrent.FutureTask.get(FutureTask.java:205)
	at org.apache.hadoop.ozone.container.common.states.datanode.RunningDatanodeState.lambda$execute$0(RunningDatanodeState.java:149)
	at java.util.concurrent.FutureTask.run(FutureTask.java:266)
	at java.util.concurrent.Executors$RunnableAdapter.call(Executors.java:511)
	at java.util.concurrent.FutureTask.run(FutureTask.java:266)
	at java.util.concurrent.ThreadPoolExecutor.runWorker(ThreadPoolExecutor.java:1149)
	at java.util.concurrent.ThreadPoolExecutor$Worker.run(ThreadPoolExecutor.java:624)
	... 1 more
2021-09-05 14:30:27,406 [Datanode State Machine Thread - 0] ERROR datanode.RunningDatanodeState (RunningDatanodeState.java:computeNextContainerState(199)) - Error in executing end point task.
java.util.concurrent.ExecutionException: java.util.concurrent.TimeoutException
	at java.util.concurrent.FutureTask.report(FutureTask.java:122)
	at java.util.concurrent.FutureTask.get(FutureTask.java:192)
	at org.apache.hadoop.ozone.container.common.states.datanode.RunningDatanodeState.computeNextContainerState(RunningDatanodeState.java:191)
	at org.apache.hadoop.ozone.container.common.states.datanode.RunningDatanodeState.await(RunningDatanodeState.java:231)
	at org.apache.hadoop.ozone.container.common.states.datanode.RunningDatanodeState.await(RunningDatanodeState.java:50)
	at org.apache.hadoop.ozone.container.common.statemachine.StateContext.execute(StateContext.java:629)
	at org.apache.hadoop.ozone.container.common.statemachine.DatanodeStateMachine.start(DatanodeStateMachine.java:270)
	at org.apache.hadoop.ozone.container.common.statemachine.DatanodeStateMachine.lambda$startDaemon$0(DatanodeStateMachine.java:456)
	at java.lang.Thread.run(Thread.java:748)
Caused by: java.util.concurrent.TimeoutException
	at java.util.concurrent.FutureTask.get(FutureTask.java:205)
	at org.apache.hadoop.ozone.container.common.states.datanode.RunningDatanodeState.lambda$execute$0(RunningDatanodeState.java:149)
	at java.util.concurrent.FutureTask.run(FutureTask.java:266)
	at java.util.concurrent.Executors$RunnableAdapter.call(Executors.java:511)
	at java.util.concurrent.FutureTask.run(FutureTask.java:266)
	at java.util.concurrent.ThreadPoolExecutor.runWorker(ThreadPoolExecutor.java:1149)
	at java.util.concurrent.ThreadPoolExecutor$Worker.run(ThreadPoolExecutor.java:624)
	... 1 more
2021-09-05 14:30:27,772 [EndpointStateMachine task thread for /127.0.0.1:14541 - 0 ] INFO  ipc.Client (Client.java:handleConnectionFailure(977)) - Retrying connect to server: localhost/127.0.0.1:14541. Already tried 0 time(s); retry policy is RetryUpToMaximumCountWithFixedSleep(maxRetries=15, sleepTime=1000 MILLISECONDS)
2021-09-05 14:30:27,772 [EndpointStateMachine task thread for /127.0.0.1:14531 - 0 ] INFO  ipc.Client (Client.java:handleConnectionFailure(977)) - Retrying connect to server: localhost/127.0.0.1:14531. Already tried 1 time(s); retry policy is RetryUpToMaximumCountWithFixedSleep(maxRetries=15, sleepTime=1000 MILLISECONDS)
2021-09-05 14:30:27,789 [EndpointStateMachine task thread for /127.0.0.1:14521 - 0 ] INFO  ipc.Client (Client.java:handleConnectionFailure(977)) - Retrying connect to server: localhost/127.0.0.1:14521. Already tried 2 time(s); retry policy is RetryUpToMaximumCountWithFixedSleep(maxRetries=15, sleepTime=1000 MILLISECONDS)
2021-09-05 14:30:27,949 [Datanode State Machine Thread - 0] ERROR datanode.RunningDatanodeState (RunningDatanodeState.java:computeNextContainerState(199)) - Error in executing end point task.
java.util.concurrent.ExecutionException: java.util.concurrent.TimeoutException
	at java.util.concurrent.FutureTask.report(FutureTask.java:122)
	at java.util.concurrent.FutureTask.get(FutureTask.java:192)
	at org.apache.hadoop.ozone.container.common.states.datanode.RunningDatanodeState.computeNextContainerState(RunningDatanodeState.java:191)
	at org.apache.hadoop.ozone.container.common.states.datanode.RunningDatanodeState.await(RunningDatanodeState.java:231)
	at org.apache.hadoop.ozone.container.common.states.datanode.RunningDatanodeState.await(RunningDatanodeState.java:50)
	at org.apache.hadoop.ozone.container.common.statemachine.StateContext.execute(StateContext.java:629)
	at org.apache.hadoop.ozone.container.common.statemachine.DatanodeStateMachine.start(DatanodeStateMachine.java:270)
	at org.apache.hadoop.ozone.container.common.statemachine.DatanodeStateMachine.lambda$startDaemon$0(DatanodeStateMachine.java:456)
	at java.lang.Thread.run(Thread.java:748)
Caused by: java.util.concurrent.TimeoutException
	at java.util.concurrent.FutureTask.get(FutureTask.java:205)
	at org.apache.hadoop.ozone.container.common.states.datanode.RunningDatanodeState.lambda$execute$0(RunningDatanodeState.java:149)
	at java.util.concurrent.FutureTask.run(FutureTask.java:266)
	at java.util.concurrent.Executors$RunnableAdapter.call(Executors.java:511)
	at java.util.concurrent.FutureTask.run(FutureTask.java:266)
	at java.util.concurrent.ThreadPoolExecutor.runWorker(ThreadPoolExecutor.java:1149)
	at java.util.concurrent.ThreadPoolExecutor$Worker.run(ThreadPoolExecutor.java:624)
	... 1 more
2021-09-05 14:30:28,772 [EndpointStateMachine task thread for /127.0.0.1:14541 - 0 ] INFO  ipc.Client (Client.java:handleConnectionFailure(977)) - Retrying connect to server: localhost/127.0.0.1:14541. Already tried 1 time(s); retry policy is RetryUpToMaximumCountWithFixedSleep(maxRetries=15, sleepTime=1000 MILLISECONDS)
2021-09-05 14:30:28,772 [EndpointStateMachine task thread for /127.0.0.1:14531 - 0 ] INFO  ipc.Client (Client.java:handleConnectionFailure(977)) - Retrying connect to server: localhost/127.0.0.1:14531. Already tried 2 time(s); retry policy is RetryUpToMaximumCountWithFixedSleep(maxRetries=15, sleepTime=1000 MILLISECONDS)
2021-09-05 14:30:28,789 [EndpointStateMachine task thread for /127.0.0.1:14521 - 0 ] INFO  ipc.Client (Client.java:handleConnectionFailure(977)) - Retrying connect to server: localhost/127.0.0.1:14521. Already tried 3 time(s); retry policy is RetryUpToMaximumCountWithFixedSleep(maxRetries=15, sleepTime=1000 MILLISECONDS)
2021-09-05 14:30:28,901 [Datanode State Machine Thread - 0] ERROR datanode.RunningDatanodeState (RunningDatanodeState.java:computeNextContainerState(199)) - Error in executing end point task.
java.util.concurrent.ExecutionException: java.util.concurrent.TimeoutException
	at java.util.concurrent.FutureTask.report(FutureTask.java:122)
	at java.util.concurrent.FutureTask.get(FutureTask.java:192)
	at org.apache.hadoop.ozone.container.common.states.datanode.RunningDatanodeState.computeNextContainerState(RunningDatanodeState.java:191)
	at org.apache.hadoop.ozone.container.common.states.datanode.RunningDatanodeState.await(RunningDatanodeState.java:231)
	at org.apache.hadoop.ozone.container.common.states.datanode.RunningDatanodeState.await(RunningDatanodeState.java:50)
	at org.apache.hadoop.ozone.container.common.statemachine.StateContext.execute(StateContext.java:629)
	at org.apache.hadoop.ozone.container.common.statemachine.DatanodeStateMachine.start(DatanodeStateMachine.java:270)
	at org.apache.hadoop.ozone.container.common.statemachine.DatanodeStateMachine.lambda$startDaemon$0(DatanodeStateMachine.java:456)
	at java.lang.Thread.run(Thread.java:748)
Caused by: java.util.concurrent.TimeoutException
	at java.util.concurrent.FutureTask.get(FutureTask.java:205)
	at org.apache.hadoop.ozone.container.common.states.datanode.RunningDatanodeState.lambda$execute$0(RunningDatanodeState.java:149)
	at java.util.concurrent.FutureTask.run(FutureTask.java:266)
	at java.util.concurrent.Executors$RunnableAdapter.call(Executors.java:511)
	at java.util.concurrent.FutureTask.run(FutureTask.java:266)
	at java.util.concurrent.ThreadPoolExecutor.runWorker(ThreadPoolExecutor.java:1149)
	at java.util.concurrent.ThreadPoolExecutor$Worker.run(ThreadPoolExecutor.java:624)
	... 1 more
2021-09-05 14:30:29,413 [Datanode State Machine Thread - 0] ERROR datanode.RunningDatanodeState (RunningDatanodeState.java:computeNextContainerState(199)) - Error in executing end point task.
java.util.concurrent.ExecutionException: java.util.concurrent.TimeoutException
	at java.util.concurrent.FutureTask.report(FutureTask.java:122)
	at java.util.concurrent.FutureTask.get(FutureTask.java:192)
	at org.apache.hadoop.ozone.container.common.states.datanode.RunningDatanodeState.computeNextContainerState(RunningDatanodeState.java:191)
	at org.apache.hadoop.ozone.container.common.states.datanode.RunningDatanodeState.await(RunningDatanodeState.java:231)
	at org.apache.hadoop.ozone.container.common.states.datanode.RunningDatanodeState.await(RunningDatanodeState.java:50)
	at org.apache.hadoop.ozone.container.common.statemachine.StateContext.execute(StateContext.java:629)
	at org.apache.hadoop.ozone.container.common.statemachine.DatanodeStateMachine.start(DatanodeStateMachine.java:270)
	at org.apache.hadoop.ozone.container.common.statemachine.DatanodeStateMachine.lambda$startDaemon$0(DatanodeStateMachine.java:456)
	at java.lang.Thread.run(Thread.java:748)
Caused by: java.util.concurrent.TimeoutException
	at java.util.concurrent.FutureTask.get(FutureTask.java:205)
	at org.apache.hadoop.ozone.container.common.states.datanode.RunningDatanodeState.lambda$execute$0(RunningDatanodeState.java:149)
	at java.util.concurrent.FutureTask.run(FutureTask.java:266)
	at java.util.concurrent.Executors$RunnableAdapter.call(Executors.java:511)
	at java.util.concurrent.FutureTask.run(FutureTask.java:266)
	at java.util.concurrent.ThreadPoolExecutor.runWorker(ThreadPoolExecutor.java:1149)
	at java.util.concurrent.ThreadPoolExecutor$Worker.run(ThreadPoolExecutor.java:624)
	... 1 more
2021-09-05 14:30:29,773 [EndpointStateMachine task thread for /127.0.0.1:14541 - 0 ] INFO  ipc.Client (Client.java:handleConnectionFailure(977)) - Retrying connect to server: localhost/127.0.0.1:14541. Already tried 2 time(s); retry policy is RetryUpToMaximumCountWithFixedSleep(maxRetries=15, sleepTime=1000 MILLISECONDS)
2021-09-05 14:30:29,773 [EndpointStateMachine task thread for /127.0.0.1:14531 - 0 ] INFO  ipc.Client (Client.java:handleConnectionFailure(977)) - Retrying connect to server: localhost/127.0.0.1:14531. Already tried 3 time(s); retry policy is RetryUpToMaximumCountWithFixedSleep(maxRetries=15, sleepTime=1000 MILLISECONDS)
2021-09-05 14:30:29,790 [EndpointStateMachine task thread for /127.0.0.1:14521 - 0 ] INFO  ipc.Client (Client.java:handleConnectionFailure(977)) - Retrying connect to server: localhost/127.0.0.1:14521. Already tried 4 time(s); retry policy is RetryUpToMaximumCountWithFixedSleep(maxRetries=15, sleepTime=1000 MILLISECONDS)
2021-09-05 14:30:30,176 [69e17fe3-75d6-40e2-b575-3df3d97ee56c@group-97DB8748AD29-LeaderStateImpl] INFO  server.RaftServer$Division (ServerState.java:setRaftConf(387)) - 69e17fe3-75d6-40e2-b575-3df3d97ee56c@group-97DB8748AD29: set configuration 25: [69e17fe3-75d6-40e2-b575-3df3d97ee56c|rpc:localhost:13968|admin:|client:|dataStream:|priority:0, 49d04e48-288c-4908-850c-f7267af01073|rpc:localhost:13988|priority:0, 9d3796c5-d907-4196-a355-2f07340af16c|rpc:localhost:13978|priority:0], old=[69e17fe3-75d6-40e2-b575-3df3d97ee56c|rpc:localhost:13968|admin:|client:|dataStream:|priority:0, 9d3796c5-d907-4196-a355-2f07340af16c|rpc:localhost:13978|priority:0]
2021-09-05 14:30:30,178 [grpc-default-executor-4] INFO  server.RaftServer$Division (ServerState.java:setRaftConf(387)) - 9d3796c5-d907-4196-a355-2f07340af16c@group-97DB8748AD29: set configuration 25: [69e17fe3-75d6-40e2-b575-3df3d97ee56c|rpc:localhost:13968|admin:|client:|dataStream:|priority:0, 49d04e48-288c-4908-850c-f7267af01073|rpc:localhost:13988|admin:|client:|dataStream:|priority:0, 9d3796c5-d907-4196-a355-2f07340af16c|rpc:localhost:13978|admin:|client:|dataStream:|priority:0], old=[69e17fe3-75d6-40e2-b575-3df3d97ee56c|rpc:localhost:13968|admin:|client:|dataStream:|priority:0, 9d3796c5-d907-4196-a355-2f07340af16c|rpc:localhost:13978|admin:|client:|dataStream:|priority:0]
2021-09-05 14:30:30,182 [grpc-default-executor-4] INFO  server.RaftServer$Division (ServerState.java:setRaftConf(387)) - 49d04e48-288c-4908-850c-f7267af01073@group-97DB8748AD29: set configuration 25: [69e17fe3-75d6-40e2-b575-3df3d97ee56c|rpc:localhost:13968|admin:|client:|dataStream:|priority:0, 49d04e48-288c-4908-850c-f7267af01073|rpc:localhost:13988|admin:|client:|dataStream:|priority:0, 9d3796c5-d907-4196-a355-2f07340af16c|rpc:localhost:13978|admin:|client:|dataStream:|priority:0], old=[69e17fe3-75d6-40e2-b575-3df3d97ee56c|rpc:localhost:13968|admin:|client:|dataStream:|priority:0, 9d3796c5-d907-4196-a355-2f07340af16c|rpc:localhost:13978|admin:|client:|dataStream:|priority:0]
2021-09-05 14:30:30,182 [grpc-default-executor-4] INFO  segmented.SegmentedRaftLogWorker (SegmentedRaftLogWorker.java:startLogSegment(394)) - 49d04e48-288c-4908-850c-f7267af01073@group-97DB8748AD29-SegmentedRaftLogWorker: Starting segment from index:25
2021-09-05 14:30:30,188 [49d04e48-288c-4908-850c-f7267af01073@group-97DB8748AD29-SegmentedRaftLogWorker] INFO  segmented.SegmentedRaftLogWorker (SegmentedRaftLogWorker.java:execute(601)) - 49d04e48-288c-4908-850c-f7267af01073@group-97DB8748AD29-SegmentedRaftLogWorker: created new log segment /home/runner/work/ozone/ozone/hadoop-ozone/integration-test/target/test-dir/MiniOzoneClusterImpl-11ada6fe-a5c6-4827-8b3d-97db8748ad29/scmNode-3/scm-ha/11ada6fe-a5c6-4827-8b3d-97db8748ad29/current/log_inprogress_25
2021-09-05 14:30:30,190 [69e17fe3-75d6-40e2-b575-3df3d97ee56c@group-97DB8748AD29-LeaderStateImpl] INFO  server.RaftServer$Division (ServerState.java:setRaftConf(387)) - 69e17fe3-75d6-40e2-b575-3df3d97ee56c@group-97DB8748AD29: set configuration 27: [69e17fe3-75d6-40e2-b575-3df3d97ee56c|rpc:localhost:13968|admin:|client:|dataStream:|priority:0, 49d04e48-288c-4908-850c-f7267af01073|rpc:localhost:13988|priority:0, 9d3796c5-d907-4196-a355-2f07340af16c|rpc:localhost:13978|priority:0], old=null
2021-09-05 14:30:30,190 [69e17fe3-75d6-40e2-b575-3df3d97ee56c@group-97DB8748AD29-StateMachineUpdater] INFO  ha.SCMStateMachine (SCMStateMachine.java:takeSnapshot(290)) - Current Snapshot Index 25, takeSnapshot took 0 ms
2021-09-05 14:30:30,190 [69e17fe3-75d6-40e2-b575-3df3d97ee56c@group-97DB8748AD29-StateMachineUpdater] INFO  impl.StateMachineUpdater (StateMachineUpdater.java:takeSnapshot(281)) - 69e17fe3-75d6-40e2-b575-3df3d97ee56c@group-97DB8748AD29-StateMachineUpdater: Took a snapshot at index 25
2021-09-05 14:30:30,190 [69e17fe3-75d6-40e2-b575-3df3d97ee56c@group-97DB8748AD29-StateMachineUpdater] INFO  impl.StateMachineUpdater (StateMachineUpdater.java:lambda$new$0(89)) - 69e17fe3-75d6-40e2-b575-3df3d97ee56c@group-97DB8748AD29-StateMachineUpdater: snapshotIndex: updateIncreasingly 20 -> 25
2021-09-05 14:30:30,190 [69e17fe3-75d6-40e2-b575-3df3d97ee56c@group-97DB8748AD29-StateMachineUpdater] INFO  raftlog.RaftLog (RaftLogBase.java:purge(306)) - 69e17fe3-75d6-40e2-b575-3df3d97ee56c@group-97DB8748AD29-SegmentedRaftLog: purge 25
2021-09-05 14:30:30,191 [69e17fe3-75d6-40e2-b575-3df3d97ee56c@group-97DB8748AD29-StateMachineUpdater] INFO  raftlog.RaftLog (RaftLogBase.java:lambda$new$0(53)) - 69e17fe3-75d6-40e2-b575-3df3d97ee56c@group-97DB8748AD29-SegmentedRaftLog: snapshotIndex: updateIncreasingly 20 -> 25
2021-09-05 14:30:30,191 [69e17fe3-75d6-40e2-b575-3df3d97ee56c@group-97DB8748AD29-StateMachineUpdater] INFO  raftlog.RaftLog (RaftLogBase.java:lambda$new$0(53)) - 69e17fe3-75d6-40e2-b575-3df3d97ee56c@group-97DB8748AD29-SegmentedRaftLog: purgeIndex: updateToMax old=20, new=25, updated? true
2021-09-05 14:30:30,191 [grpc-default-executor-4] INFO  server.RaftServer$Division (ServerState.java:setRaftConf(387)) - 9d3796c5-d907-4196-a355-2f07340af16c@group-97DB8748AD29: set configuration 27: [69e17fe3-75d6-40e2-b575-3df3d97ee56c|rpc:localhost:13968|admin:|client:|dataStream:|priority:0, 49d04e48-288c-4908-850c-f7267af01073|rpc:localhost:13988|admin:|client:|dataStream:|priority:0, 9d3796c5-d907-4196-a355-2f07340af16c|rpc:localhost:13978|admin:|client:|dataStream:|priority:0], old=null
2021-09-05 14:30:30,192 [grpc-default-executor-4] INFO  server.RaftServer$Division (ServerState.java:setRaftConf(387)) - 49d04e48-288c-4908-850c-f7267af01073@group-97DB8748AD29: set configuration 27: [69e17fe3-75d6-40e2-b575-3df3d97ee56c|rpc:localhost:13968|admin:|client:|dataStream:|priority:0, 49d04e48-288c-4908-850c-f7267af01073|rpc:localhost:13988|admin:|client:|dataStream:|priority:0, 9d3796c5-d907-4196-a355-2f07340af16c|rpc:localhost:13978|admin:|client:|dataStream:|priority:0], old=null
2021-09-05 14:30:30,197 [9d3796c5-d907-4196-a355-2f07340af16c@group-97DB8748AD29-StateMachineUpdater] INFO  ha.SCMStateMachine (SCMStateMachine.java:takeSnapshot(290)) - Current Snapshot Index 25, takeSnapshot took 0 ms
2021-09-05 14:30:30,197 [9d3796c5-d907-4196-a355-2f07340af16c@group-97DB8748AD29-StateMachineUpdater] INFO  impl.StateMachineUpdater (StateMachineUpdater.java:takeSnapshot(281)) - 9d3796c5-d907-4196-a355-2f07340af16c@group-97DB8748AD29-StateMachineUpdater: Took a snapshot at index 25
2021-09-05 14:30:30,197 [9d3796c5-d907-4196-a355-2f07340af16c@group-97DB8748AD29-StateMachineUpdater] INFO  impl.StateMachineUpdater (StateMachineUpdater.java:lambda$new$0(89)) - 9d3796c5-d907-4196-a355-2f07340af16c@group-97DB8748AD29-StateMachineUpdater: snapshotIndex: updateIncreasingly 20 -> 25
2021-09-05 14:30:30,198 [9d3796c5-d907-4196-a355-2f07340af16c@group-97DB8748AD29-StateMachineUpdater] INFO  raftlog.RaftLog (RaftLogBase.java:purge(306)) - 9d3796c5-d907-4196-a355-2f07340af16c@group-97DB8748AD29-SegmentedRaftLog: purge 25
2021-09-05 14:30:30,198 [9d3796c5-d907-4196-a355-2f07340af16c@group-97DB8748AD29-StateMachineUpdater] INFO  raftlog.RaftLog (RaftLogBase.java:lambda$new$0(53)) - 9d3796c5-d907-4196-a355-2f07340af16c@group-97DB8748AD29-SegmentedRaftLog: snapshotIndex: updateIncreasingly 20 -> 25
2021-09-05 14:30:30,198 [9d3796c5-d907-4196-a355-2f07340af16c@group-97DB8748AD29-StateMachineUpdater] INFO  raftlog.RaftLog (RaftLogBase.java:lambda$new$0(53)) - 9d3796c5-d907-4196-a355-2f07340af16c@group-97DB8748AD29-SegmentedRaftLog: purgeIndex: updateToMax old=20, new=25, updated? true
2021-09-05 14:30:30,200 [IPC Server handler 4 on default port 13970] INFO  ha.SCMRatisServerImpl (SCMRatisServerImpl.java:addSCM(301)) - Successfully added new SCM: 49d04e48-288c-4908-850c-f7267af01073.
2021-09-05 14:30:30,201 [Listener at 127.0.0.1/11040] INFO  ha.SCMHAManagerImpl (SCMHAManagerImpl.java:start(116)) - Successfully added SCM scmNode-3 to group group-97DB8748AD29:[69e17fe3-75d6-40e2-b575-3df3d97ee56c|rpc:localhost:13968|admin:|client:|dataStream:|priority:0, 49d04e48-288c-4908-850c-f7267af01073|rpc:localhost:13988|admin:|client:|dataStream:|priority:0, 9d3796c5-d907-4196-a355-2f07340af16c|rpc:localhost:13978|admin:|client:|dataStream:|priority:0]
2021-09-05 14:30:30,202 [Listener at 127.0.0.1/11040] INFO  ha.InterSCMGrpcService (InterSCMGrpcProtocolService.java:start(94)) - Starting SCM Grpc Service at port 13992
2021-09-05 14:30:30,202 [Listener at 127.0.0.1/11040] INFO  impl.MetricsSystemImpl (MetricsSystemImpl.java:init(158)) - StorageContainerManager metrics system started (again)
2021-09-05 14:30:30,226 [73fc6282-bdcb-4a1d-9106-80b228a82791@group-9AB55F00ACC5-FollowerState] INFO  impl.FollowerState (FollowerState.java:run(134)) - 73fc6282-bdcb-4a1d-9106-80b228a82791@group-9AB55F00ACC5-FollowerState: change to CANDIDATE, lastRpcElapsedTime:5039304378ns, electionTimeout:5017ms
2021-09-05 14:30:30,226 [73fc6282-bdcb-4a1d-9106-80b228a82791@group-9AB55F00ACC5-FollowerState] INFO  impl.RoleInfo (RoleInfo.java:shutdownFollowerState(108)) - 73fc6282-bdcb-4a1d-9106-80b228a82791: shutdown 73fc6282-bdcb-4a1d-9106-80b228a82791@group-9AB55F00ACC5-FollowerState
2021-09-05 14:30:30,226 [73fc6282-bdcb-4a1d-9106-80b228a82791@group-9AB55F00ACC5-FollowerState] INFO  server.RaftServer$Division (RaftServerImpl.java:setRole(285)) - 73fc6282-bdcb-4a1d-9106-80b228a82791@group-9AB55F00ACC5: changes role from  FOLLOWER to CANDIDATE at term 1 for changeToCandidate
2021-09-05 14:30:30,227 [73fc6282-bdcb-4a1d-9106-80b228a82791@group-9AB55F00ACC5-FollowerState] INFO  server.RaftServerConfigKeys (ConfUtils.java:logGet(44)) - raft.server.leaderelection.pre-vote = false (custom)
2021-09-05 14:30:30,227 [73fc6282-bdcb-4a1d-9106-80b228a82791@group-9AB55F00ACC5-FollowerState] INFO  impl.RoleInfo (RoleInfo.java:updateAndGet(130)) - 73fc6282-bdcb-4a1d-9106-80b228a82791: start 73fc6282-bdcb-4a1d-9106-80b228a82791@group-9AB55F00ACC5-LeaderElection19
2021-09-05 14:30:30,250 [49d04e48-288c-4908-850c-f7267af01073@group-97DB8748AD29-StateMachineUpdater] INFO  safemode.HealthyPipelineSafeModeRule (HealthyPipelineSafeModeRule.java:initializeRule(152)) - Refreshed total pipeline count is 1, healthy pipeline threshold count is 1
2021-09-05 14:30:30,251 [49d04e48-288c-4908-850c-f7267af01073@group-97DB8748AD29-StateMachineUpdater] INFO  safemode.ContainerSafeModeRule (ContainerSafeModeRule.java:reInitializeRule(177)) - Refreshed one replica container threshold 0, currentThreshold 0
2021-09-05 14:30:30,251 [49d04e48-288c-4908-850c-f7267af01073@group-97DB8748AD29-StateMachineUpdater] INFO  safemode.OneReplicaPipelineSafeModeRule (OneReplicaPipelineSafeModeRule.java:initializeRule(176)) - Refreshed Total pipeline count is 1, pipeline's with at least one datanode reported threshold count is 1
2021-09-05 14:30:30,251 [49d04e48-288c-4908-850c-f7267af01073@group-97DB8748AD29-StateMachineUpdater] INFO  server.SCMDatanodeProtocolServer (SCMDatanodeProtocolServer.java:start(181)) - RPC server for DataNodes is listening at /0.0.0.0:13989
2021-09-05 14:30:30,252 [73fc6282-bdcb-4a1d-9106-80b228a82791@group-9AB55F00ACC5-LeaderElection19] INFO  impl.LeaderElection (LeaderElection.java:askForVotes(306)) - 73fc6282-bdcb-4a1d-9106-80b228a82791@group-9AB55F00ACC5-LeaderElection19 ELECTION round 0: submit vote requests at term 2 for -1: [83398dfc-751f-4fe2-af5b-c65c8f1546c8|rpc:127.0.0.1:46795|dataStream:|priority:0, 6bbc5292-b6d7-424f-9a49-f587de829c2d|rpc:127.0.0.1:46659|dataStream:|priority:0, 73fc6282-bdcb-4a1d-9106-80b228a82791|rpc:127.0.0.1:46567|dataStream:|priority:1], old=null
2021-09-05 14:30:30,266 [83398dfc-751f-4fe2-af5b-c65c8f1546c8@group-9AB55F00ACC5-FollowerState] INFO  impl.FollowerState (FollowerState.java:run(134)) - 83398dfc-751f-4fe2-af5b-c65c8f1546c8@group-9AB55F00ACC5-FollowerState: change to CANDIDATE, lastRpcElapsedTime:5068430983ns, electionTimeout:5052ms
2021-09-05 14:30:30,266 [83398dfc-751f-4fe2-af5b-c65c8f1546c8@group-9AB55F00ACC5-FollowerState] INFO  impl.RoleInfo (RoleInfo.java:shutdownFollowerState(108)) - 83398dfc-751f-4fe2-af5b-c65c8f1546c8: shutdown 83398dfc-751f-4fe2-af5b-c65c8f1546c8@group-9AB55F00ACC5-FollowerState
2021-09-05 14:30:30,266 [83398dfc-751f-4fe2-af5b-c65c8f1546c8@group-9AB55F00ACC5-FollowerState] INFO  server.RaftServer$Division (RaftServerImpl.java:setRole(285)) - 83398dfc-751f-4fe2-af5b-c65c8f1546c8@group-9AB55F00ACC5: changes role from  FOLLOWER to CANDIDATE at term 1 for changeToCandidate
2021-09-05 14:30:30,271 [grpc-default-executor-4] INFO  server.RaftServer$Division (RaftServerImpl.java:requestVote(1043)) - 83398dfc-751f-4fe2-af5b-c65c8f1546c8@group-9AB55F00ACC5: receive requestVote(ELECTION, 73fc6282-bdcb-4a1d-9106-80b228a82791, group-9AB55F00ACC5, 2, (t:0, i:0))
2021-09-05 14:30:30,275 [83398dfc-751f-4fe2-af5b-c65c8f1546c8@group-9AB55F00ACC5-FollowerState] INFO  server.RaftServerConfigKeys (ConfUtils.java:logGet(44)) - raft.server.leaderelection.pre-vote = false (custom)
2021-09-05 14:30:30,285 [83398dfc-751f-4fe2-af5b-c65c8f1546c8@group-9AB55F00ACC5-FollowerState] INFO  impl.RoleInfo (RoleInfo.java:updateAndGet(130)) - 83398dfc-751f-4fe2-af5b-c65c8f1546c8: start 83398dfc-751f-4fe2-af5b-c65c8f1546c8@group-9AB55F00ACC5-LeaderElection20
2021-09-05 14:30:30,280 [IPC Server listener on 13989] INFO  ipc.Server (Server.java:run(1344)) - IPC Server listener on 13989: starting
2021-09-05 14:30:30,297 [IPC Server Responder] INFO  ipc.Server (Server.java:run(1507)) - IPC Server Responder: starting
2021-09-05 14:30:30,301 [6bbc5292-b6d7-424f-9a49-f587de829c2d@group-9AB55F00ACC5-FollowerState] INFO  impl.FollowerState (FollowerState.java:run(134)) - 6bbc5292-b6d7-424f-9a49-f587de829c2d@group-9AB55F00ACC5-FollowerState: change to CANDIDATE, lastRpcElapsedTime:5129932926ns, electionTimeout:5122ms
2021-09-05 14:30:30,301 [6bbc5292-b6d7-424f-9a49-f587de829c2d@group-9AB55F00ACC5-FollowerState] INFO  impl.RoleInfo (RoleInfo.java:shutdownFollowerState(108)) - 6bbc5292-b6d7-424f-9a49-f587de829c2d: shutdown 6bbc5292-b6d7-424f-9a49-f587de829c2d@group-9AB55F00ACC5-FollowerState
2021-09-05 14:30:30,301 [6bbc5292-b6d7-424f-9a49-f587de829c2d@group-9AB55F00ACC5-FollowerState] INFO  server.RaftServer$Division (RaftServerImpl.java:setRole(285)) - 6bbc5292-b6d7-424f-9a49-f587de829c2d@group-9AB55F00ACC5: changes role from  FOLLOWER to CANDIDATE at term 1 for changeToCandidate
2021-09-05 14:30:30,301 [6bbc5292-b6d7-424f-9a49-f587de829c2d@group-9AB55F00ACC5-FollowerState] INFO  server.RaftServerConfigKeys (ConfUtils.java:logGet(44)) - raft.server.leaderelection.pre-vote = false (custom)
2021-09-05 14:30:30,301 [6bbc5292-b6d7-424f-9a49-f587de829c2d@group-9AB55F00ACC5-FollowerState] INFO  impl.RoleInfo (RoleInfo.java:updateAndGet(130)) - 6bbc5292-b6d7-424f-9a49-f587de829c2d: start 6bbc5292-b6d7-424f-9a49-f587de829c2d@group-9AB55F00ACC5-LeaderElection21
2021-09-05 14:30:30,318 [Listener at 127.0.0.1/11040] INFO  server.SCMClientProtocolServer (SCMClientProtocolServer.java:start(164)) - RPC server for Client  is listening at /0.0.0.0:13991
2021-09-05 14:30:30,319 [grpc-default-executor-3] INFO  server.RaftServer$Division (RaftServerImpl.java:requestVote(1043)) - 6bbc5292-b6d7-424f-9a49-f587de829c2d@group-9AB55F00ACC5: receive requestVote(ELECTION, 73fc6282-bdcb-4a1d-9106-80b228a82791, group-9AB55F00ACC5, 2, (t:0, i:0))
2021-09-05 14:30:30,320 [grpc-default-executor-3] INFO  impl.VoteContext (VoteContext.java:log(48)) - 6bbc5292-b6d7-424f-9a49-f587de829c2d@group-9AB55F00ACC5-CANDIDATE: accept ELECTION from 73fc6282-bdcb-4a1d-9106-80b228a82791: our priority 0 <= candidate's priority 1
2021-09-05 14:30:30,320 [grpc-default-executor-3] INFO  server.RaftServer$Division (RaftServerImpl.java:setRole(285)) - 6bbc5292-b6d7-424f-9a49-f587de829c2d@group-9AB55F00ACC5: changes role from CANDIDATE to FOLLOWER at term 2 for candidate:73fc6282-bdcb-4a1d-9106-80b228a82791
2021-09-05 14:30:30,320 [grpc-default-executor-3] INFO  impl.RoleInfo (RoleInfo.java:shutdownLeaderElection(121)) - 6bbc5292-b6d7-424f-9a49-f587de829c2d: shutdown 6bbc5292-b6d7-424f-9a49-f587de829c2d@group-9AB55F00ACC5-LeaderElection21
2021-09-05 14:30:30,321 [83398dfc-751f-4fe2-af5b-c65c8f1546c8@group-9AB55F00ACC5-LeaderElection20] INFO  impl.LeaderElection (LeaderElection.java:askForVotes(306)) - 83398dfc-751f-4fe2-af5b-c65c8f1546c8@group-9AB55F00ACC5-LeaderElection20 ELECTION round 0: submit vote requests at term 2 for -1: [83398dfc-751f-4fe2-af5b-c65c8f1546c8|rpc:127.0.0.1:46795|priority:0, 6bbc5292-b6d7-424f-9a49-f587de829c2d|rpc:127.0.0.1:46659|priority:0, 73fc6282-bdcb-4a1d-9106-80b228a82791|rpc:127.0.0.1:46567|priority:1], old=null
2021-09-05 14:30:30,321 [grpc-default-executor-4] INFO  impl.VoteContext (VoteContext.java:log(48)) - 83398dfc-751f-4fe2-af5b-c65c8f1546c8@group-9AB55F00ACC5-CANDIDATE: reject ELECTION from 73fc6282-bdcb-4a1d-9106-80b228a82791: already has voted for 83398dfc-751f-4fe2-af5b-c65c8f1546c8 at current term 2
2021-09-05 14:30:30,322 [grpc-default-executor-4] INFO  server.RaftServer$Division (RaftServerImpl.java:requestVote(1075)) - 83398dfc-751f-4fe2-af5b-c65c8f1546c8@group-9AB55F00ACC5 replies to ELECTION vote request: 73fc6282-bdcb-4a1d-9106-80b228a82791<-83398dfc-751f-4fe2-af5b-c65c8f1546c8#0:FAIL-t2. Peer's state: 83398dfc-751f-4fe2-af5b-c65c8f1546c8@group-9AB55F00ACC5:t2, leader=null, voted=83398dfc-751f-4fe2-af5b-c65c8f1546c8, raftlog=83398dfc-751f-4fe2-af5b-c65c8f1546c8@group-9AB55F00ACC5-SegmentedRaftLog:OPENED:c-1,f-1,i0, conf=-1: [83398dfc-751f-4fe2-af5b-c65c8f1546c8|rpc:127.0.0.1:46795|priority:0, 6bbc5292-b6d7-424f-9a49-f587de829c2d|rpc:127.0.0.1:46659|priority:0, 73fc6282-bdcb-4a1d-9106-80b228a82791|rpc:127.0.0.1:46567|priority:1], old=null
2021-09-05 14:30:30,322 [IPC Server Responder] INFO  ipc.Server (Server.java:run(1507)) - IPC Server Responder: starting
2021-09-05 14:30:30,325 [grpc-default-executor-3] INFO  impl.RoleInfo (RoleInfo.java:updateAndGet(130)) - 6bbc5292-b6d7-424f-9a49-f587de829c2d: start 6bbc5292-b6d7-424f-9a49-f587de829c2d@group-9AB55F00ACC5-FollowerState
2021-09-05 14:30:30,327 [IPC Server listener on 13991] INFO  ipc.Server (Server.java:run(1344)) - IPC Server listener on 13991: starting
2021-09-05 14:30:30,343 [6bbc5292-b6d7-424f-9a49-f587de829c2d@group-9AB55F00ACC5-LeaderElection21] INFO  impl.LeaderElection (LeaderElection.java:run(230)) - 6bbc5292-b6d7-424f-9a49-f587de829c2d@group-9AB55F00ACC5-LeaderElection21: skip running since this is already CLOSING
2021-09-05 14:30:30,394 [Listener at 127.0.0.1/11040] INFO  server.StorageContainerManager (StorageContainerManager.java:start(1271)) - ScmBlockLocationProtocol RPC server is listening at /0.0.0.0:13990
2021-09-05 14:30:30,394 [Listener at 127.0.0.1/11040] INFO  server.SCMBlockProtocolServer (SCMBlockProtocolServer.java:start(151)) - RPC server for Block Protocol is listening at /0.0.0.0:13990
2021-09-05 14:30:30,395 [IPC Server Responder] INFO  ipc.Server (Server.java:run(1507)) - IPC Server Responder: starting
2021-09-05 14:30:30,395 [IPC Server listener on 13990] INFO  ipc.Server (Server.java:run(1344)) - IPC Server listener on 13990: starting
2021-09-05 14:30:30,409 [Listener at 127.0.0.1/11040] INFO  server.StorageContainerManager (StorageContainerManager.java:start(1277)) - ScmDatanodeProtocl RPC server is listening at /0.0.0.0:13989
2021-09-05 14:30:30,415 [Datanode State Machine Thread - 0] ERROR datanode.RunningDatanodeState (RunningDatanodeState.java:computeNextContainerState(199)) - Error in executing end point task.
java.util.concurrent.ExecutionException: java.util.concurrent.TimeoutException
	at java.util.concurrent.FutureTask.report(FutureTask.java:122)
	at java.util.concurrent.FutureTask.get(FutureTask.java:192)
	at org.apache.hadoop.ozone.container.common.states.datanode.RunningDatanodeState.computeNextContainerState(RunningDatanodeState.java:191)
	at org.apache.hadoop.ozone.container.common.states.datanode.RunningDatanodeState.await(RunningDatanodeState.java:231)
	at org.apache.hadoop.ozone.container.common.states.datanode.RunningDatanodeState.await(RunningDatanodeState.java:50)
	at org.apache.hadoop.ozone.container.common.statemachine.StateContext.execute(StateContext.java:629)
	at org.apache.hadoop.ozone.container.common.statemachine.DatanodeStateMachine.start(DatanodeStateMachine.java:270)
	at org.apache.hadoop.ozone.container.common.statemachine.DatanodeStateMachine.lambda$startDaemon$0(DatanodeStateMachine.java:456)
	at java.lang.Thread.run(Thread.java:748)
Caused by: java.util.concurrent.TimeoutException
	at java.util.concurrent.FutureTask.get(FutureTask.java:205)
	at org.apache.hadoop.ozone.container.common.states.datanode.RunningDatanodeState.lambda$execute$0(RunningDatanodeState.java:149)
	at java.util.concurrent.FutureTask.run(FutureTask.java:266)
	at java.util.concurrent.Executors$RunnableAdapter.call(Executors.java:511)
	at java.util.concurrent.FutureTask.run(FutureTask.java:266)
	at java.util.concurrent.ThreadPoolExecutor.runWorker(ThreadPoolExecutor.java:1149)
	at java.util.concurrent.ThreadPoolExecutor$Worker.run(ThreadPoolExecutor.java:624)
	... 1 more
2021-09-05 14:30:30,422 [Listener at 127.0.0.1/11040] INFO  http.BaseHttpServer (BaseHttpServer.java:newHttpServer2BuilderForOzone(209)) - Starting Web-server for scm at: http://0.0.0.0:13986
2021-09-05 14:30:30,437 [Listener at 127.0.0.1/11040] INFO  http.BaseHttpServer (BaseHttpServer.java:<init>(107)) - Hadoop Security Enabled: false Ozone Security Enabled: false Ozone HTTP Security Enabled: false 
2021-09-05 14:30:30,438 [grpc-default-executor-3] INFO  server.RaftServer$Division (RaftServerImpl.java:requestVote(1075)) - 6bbc5292-b6d7-424f-9a49-f587de829c2d@group-9AB55F00ACC5 replies to ELECTION vote request: 73fc6282-bdcb-4a1d-9106-80b228a82791<-6bbc5292-b6d7-424f-9a49-f587de829c2d#0:OK-t2. Peer's state: 6bbc5292-b6d7-424f-9a49-f587de829c2d@group-9AB55F00ACC5:t2, leader=null, voted=73fc6282-bdcb-4a1d-9106-80b228a82791, raftlog=6bbc5292-b6d7-424f-9a49-f587de829c2d@group-9AB55F00ACC5-SegmentedRaftLog:OPENED:c-1,f-1,i0, conf=-1: [83398dfc-751f-4fe2-af5b-c65c8f1546c8|rpc:127.0.0.1:46795|dataStream:|priority:0, 6bbc5292-b6d7-424f-9a49-f587de829c2d|rpc:127.0.0.1:46659|dataStream:|priority:0, 73fc6282-bdcb-4a1d-9106-80b228a82791|rpc:127.0.0.1:46567|dataStream:|priority:1], old=null
2021-09-05 14:30:30,439 [Listener at 127.0.0.1/11040] INFO  server.AuthenticationFilter (AuthenticationFilter.java:constructSecretProvider(240)) - Unable to initialize FileSignerSecretProvider, falling back to use random secrets.
2021-09-05 14:30:30,421 [org.apache.hadoop.util.JvmPauseMonitor$Monitor@725e942b] INFO  util.JvmPauseMonitor (JvmPauseMonitor.java:run(188)) - Starting JVM pause monitor
2021-09-05 14:30:30,440 [Listener at 127.0.0.1/11040] WARN  http.HttpRequestLog (HttpRequestLog.java:getRequestLog(103)) - Jetty request log can only be enabled using Log4j
2021-09-05 14:30:30,441 [Listener at 127.0.0.1/11040] INFO  http.HttpServer2 (HttpServer2.java:addGlobalFilter(1030)) - Added global filter 'safety' (class=org.apache.hadoop.hdds.server.http.HttpServer2$QuotingInputFilter)
2021-09-05 14:30:30,442 [Listener at 127.0.0.1/11040] INFO  http.HttpServer2 (HttpServer2.java:addFilter(1006)) - Added filter static_user_filter (class=org.apache.hadoop.http.lib.StaticUserWebFilter$StaticUserFilter) to context scm
2021-09-05 14:30:30,442 [Listener at 127.0.0.1/11040] INFO  http.HttpServer2 (HttpServer2.java:addFilter(1014)) - Added filter static_user_filter (class=org.apache.hadoop.http.lib.StaticUserWebFilter$StaticUserFilter) to context static
2021-09-05 14:30:30,442 [Listener at 127.0.0.1/11040] INFO  http.HttpServer2 (HttpServer2.java:addFilter(1014)) - Added filter static_user_filter (class=org.apache.hadoop.http.lib.StaticUserWebFilter$StaticUserFilter) to context logs
2021-09-05 14:30:30,443 [Listener at 127.0.0.1/11040] INFO  http.HttpServer2 (HttpServer2.java:bindListener(1249)) - Jetty bound to port 13986
2021-09-05 14:30:30,443 [Listener at 127.0.0.1/11040] INFO  server.Server (Server.java:doStart(375)) - jetty-9.4.43.v20210629; built: 2021-06-30T11:07:22.254Z; git: 526006ecfa3af7f1a27ef3a288e2bef7ea9dd7e8; jvm 1.8.0_292-b10
2021-09-05 14:30:30,446 [Listener at 127.0.0.1/11040] INFO  server.session (DefaultSessionIdManager.java:doStart(334)) - DefaultSessionIdManager workerName=node0
2021-09-05 14:30:30,446 [Listener at 127.0.0.1/11040] INFO  server.session (DefaultSessionIdManager.java:doStart(339)) - No SessionScavenger set, using defaults
2021-09-05 14:30:30,446 [Listener at 127.0.0.1/11040] INFO  server.session (HouseKeeper.java:startScavenging(132)) - node0 Scavenging every 660000ms
2021-09-05 14:30:30,448 [Listener at 127.0.0.1/11040] INFO  handler.ContextHandler (ContextHandler.java:doStart(915)) - Started o.e.j.s.ServletContextHandler@3dbf2603{logs,/logs,file:///home/runner/work/ozone/ozone/hadoop-ozone/integration-test/target/log,AVAILABLE}
2021-09-05 14:30:30,449 [Listener at 127.0.0.1/11040] INFO  handler.ContextHandler (ContextHandler.java:doStart(915)) - Started o.e.j.s.ServletContextHandler@3fad151c{static,/static,file:///home/runner/work/ozone/ozone/hadoop-ozone/integration-test/target/test-classes/webapps/static,AVAILABLE}
2021-09-05 14:30:30,452 [IPC Server handler 2 on default port 13989] INFO  ipc.Server (Server.java:run(1026)) - IPC Server handler 2 on default port 13989: skipped Call#209 Retry#0 org.apache.hadoop.ozone.protocol.StorageContainerDatanodeProtocol.submitRequest from 127.0.0.1:37830
2021-09-05 14:30:30,452 [IPC Server handler 2 on default port 13989] INFO  ipc.Server (Server.java:run(1026)) - IPC Server handler 2 on default port 13989: skipped Call#277 Retry#0 org.apache.hadoop.ozone.protocol.StorageContainerDatanodeProtocol.submitRequest from 127.0.0.1:37920
2021-09-05 14:30:30,452 [IPC Server handler 2 on default port 13989] INFO  ipc.Server (Server.java:run(1026)) - IPC Server handler 2 on default port 13989: skipped Call#233 Retry#0 org.apache.hadoop.ozone.protocol.StorageContainerDatanodeProtocol.submitRequest from 127.0.0.1:37864
2021-09-05 14:30:30,452 [grpc-default-executor-3] INFO  server.RaftServer$Division (RaftServerImpl.java:requestVote(1043)) - 6bbc5292-b6d7-424f-9a49-f587de829c2d@group-9AB55F00ACC5: receive requestVote(ELECTION, 83398dfc-751f-4fe2-af5b-c65c8f1546c8, group-9AB55F00ACC5, 2, (t:0, i:0))
2021-09-05 14:30:30,452 [grpc-default-executor-3] INFO  impl.VoteContext (VoteContext.java:log(48)) - 6bbc5292-b6d7-424f-9a49-f587de829c2d@group-9AB55F00ACC5-FOLLOWER: reject ELECTION from 83398dfc-751f-4fe2-af5b-c65c8f1546c8: already has voted for 73fc6282-bdcb-4a1d-9106-80b228a82791 at current term 2
2021-09-05 14:30:30,453 [grpc-default-executor-3] INFO  server.RaftServer$Division (RaftServerImpl.java:requestVote(1075)) - 6bbc5292-b6d7-424f-9a49-f587de829c2d@group-9AB55F00ACC5 replies to ELECTION vote request: 83398dfc-751f-4fe2-af5b-c65c8f1546c8<-6bbc5292-b6d7-424f-9a49-f587de829c2d#0:FAIL-t2. Peer's state: 6bbc5292-b6d7-424f-9a49-f587de829c2d@group-9AB55F00ACC5:t2, leader=null, voted=73fc6282-bdcb-4a1d-9106-80b228a82791, raftlog=6bbc5292-b6d7-424f-9a49-f587de829c2d@group-9AB55F00ACC5-SegmentedRaftLog:OPENED:c-1,f-1,i0, conf=-1: [83398dfc-751f-4fe2-af5b-c65c8f1546c8|rpc:127.0.0.1:46795|dataStream:|priority:0, 6bbc5292-b6d7-424f-9a49-f587de829c2d|rpc:127.0.0.1:46659|dataStream:|priority:0, 73fc6282-bdcb-4a1d-9106-80b228a82791|rpc:127.0.0.1:46567|dataStream:|priority:1], old=null
2021-09-05 14:30:30,453 [73fc6282-bdcb-4a1d-9106-80b228a82791@group-9AB55F00ACC5-LeaderElection19] INFO  impl.LeaderElection (LeaderElection.java:logAndReturn(89)) - 73fc6282-bdcb-4a1d-9106-80b228a82791@group-9AB55F00ACC5-LeaderElection19: ELECTION PASSED received 2 response(s) and 0 exception(s):
2021-09-05 14:30:30,453 [73fc6282-bdcb-4a1d-9106-80b228a82791@group-9AB55F00ACC5-LeaderElection19] INFO  impl.LeaderElection (LeaderElection.java:logAndReturn(93)) -   Response 0: 73fc6282-bdcb-4a1d-9106-80b228a82791<-83398dfc-751f-4fe2-af5b-c65c8f1546c8#0:FAIL-t2
2021-09-05 14:30:30,453 [73fc6282-bdcb-4a1d-9106-80b228a82791@group-9AB55F00ACC5-LeaderElection19] INFO  impl.LeaderElection (LeaderElection.java:logAndReturn(93)) -   Response 1: 73fc6282-bdcb-4a1d-9106-80b228a82791<-6bbc5292-b6d7-424f-9a49-f587de829c2d#0:OK-t2
2021-09-05 14:30:30,453 [73fc6282-bdcb-4a1d-9106-80b228a82791@group-9AB55F00ACC5-LeaderElection19] INFO  impl.LeaderElection (LeaderElection.java:askForVotes(308)) - 73fc6282-bdcb-4a1d-9106-80b228a82791@group-9AB55F00ACC5-LeaderElection19 ELECTION round 0: result PASSED
2021-09-05 14:30:30,453 [73fc6282-bdcb-4a1d-9106-80b228a82791@group-9AB55F00ACC5-LeaderElection19] INFO  impl.RoleInfo (RoleInfo.java:shutdownLeaderElection(121)) - 73fc6282-bdcb-4a1d-9106-80b228a82791: shutdown 73fc6282-bdcb-4a1d-9106-80b228a82791@group-9AB55F00ACC5-LeaderElection19
2021-09-05 14:30:30,453 [73fc6282-bdcb-4a1d-9106-80b228a82791@group-9AB55F00ACC5-LeaderElection19] INFO  server.RaftServer$Division (RaftServerImpl.java:setRole(285)) - 73fc6282-bdcb-4a1d-9106-80b228a82791@group-9AB55F00ACC5: changes role from CANDIDATE to LEADER at term 2 for changeToLeader
2021-09-05 14:30:30,453 [73fc6282-bdcb-4a1d-9106-80b228a82791@group-9AB55F00ACC5-LeaderElection19] INFO  ratis.XceiverServerRatis (XceiverServerRatis.java:handleLeaderChangedNotification(861)) - Leader change notification received for group: group-9AB55F00ACC5 with new leaderId: 73fc6282-bdcb-4a1d-9106-80b228a82791
2021-09-05 14:30:30,453 [73fc6282-bdcb-4a1d-9106-80b228a82791@group-9AB55F00ACC5-LeaderElection19] INFO  server.RaftServer$Division (ServerState.java:setLeader(285)) - 73fc6282-bdcb-4a1d-9106-80b228a82791@group-9AB55F00ACC5: change Leader from null to 73fc6282-bdcb-4a1d-9106-80b228a82791 at term 2 for becomeLeader, leader elected after 10338ms
2021-09-05 14:30:30,453 [73fc6282-bdcb-4a1d-9106-80b228a82791@group-9AB55F00ACC5-LeaderElection19] INFO  server.RaftServerConfigKeys (ConfUtils.java:logGet(44)) - raft.server.staging.catchup.gap = 1000 (default)
2021-09-05 14:30:30,454 [73fc6282-bdcb-4a1d-9106-80b228a82791@group-9AB55F00ACC5-LeaderElection19] INFO  server.RaftServerConfigKeys (ConfUtils.java:logGet(44)) - raft.server.write.element-limit = 1024 (custom)
2021-09-05 14:30:30,454 [73fc6282-bdcb-4a1d-9106-80b228a82791@group-9AB55F00ACC5-LeaderElection19] INFO  server.RaftServerConfigKeys (ConfUtils.java:logGet(44)) - raft.server.write.byte-limit = 1024 M (=1073741824) (custom)
2021-09-05 14:30:30,454 [73fc6282-bdcb-4a1d-9106-80b228a82791@group-9AB55F00ACC5-LeaderElection19] INFO  server.RaftServerConfigKeys (ConfUtils.java:logGet(44)) - raft.server.watch.timeout = 180s (custom)
2021-09-05 14:30:30,454 [73fc6282-bdcb-4a1d-9106-80b228a82791@group-9AB55F00ACC5-LeaderElection19] INFO  server.RaftServerConfigKeys (ConfUtils.java:logGet(44)) - raft.server.watch.timeout.denomination = 1s (default)
2021-09-05 14:30:30,454 [73fc6282-bdcb-4a1d-9106-80b228a82791@group-9AB55F00ACC5-LeaderElection19] INFO  server.RaftServerConfigKeys (ConfUtils.java:logGet(44)) - raft.server.watch.element-limit = 65536 (default)
2021-09-05 14:30:30,454 [73fc6282-bdcb-4a1d-9106-80b228a82791@group-9AB55F00ACC5-LeaderElection19] INFO  server.RaftServerConfigKeys (ConfUtils.java:logGet(44)) - raft.server.log.appender.snapshot.chunk.size.max = 16MB (=16777216) (default)
2021-09-05 14:30:30,454 [73fc6282-bdcb-4a1d-9106-80b228a82791@group-9AB55F00ACC5-LeaderElection19] INFO  server.RaftServerConfigKeys (ConfUtils.java:logGet(44)) - raft.server.log.appender.buffer.byte-limit = 33554432 (custom)
2021-09-05 14:30:30,454 [73fc6282-bdcb-4a1d-9106-80b228a82791@group-9AB55F00ACC5-LeaderElection19] INFO  server.RaftServerConfigKeys (ConfUtils.java:logGet(44)) - raft.server.log.appender.buffer.element-limit = 1 (custom)
2021-09-05 14:30:30,454 [73fc6282-bdcb-4a1d-9106-80b228a82791@group-9AB55F00ACC5-LeaderElection19] INFO  grpc.GrpcConfigKeys (ConfUtils.java:logGet(44)) - raft.grpc.server.leader.outstanding.appends.max = 128 (default)
2021-09-05 14:30:30,454 [73fc6282-bdcb-4a1d-9106-80b228a82791@group-9AB55F00ACC5-LeaderElection19] INFO  server.RaftServerConfigKeys (ConfUtils.java:logGet(44)) - raft.server.rpc.request.timeout = 60s (custom)
2021-09-05 14:30:30,455 [73fc6282-bdcb-4a1d-9106-80b228a82791@group-9AB55F00ACC5-LeaderElection19] INFO  server.RaftServerConfigKeys (ConfUtils.java:logGet(44)) - raft.server.log.appender.install.snapshot.enabled = false (custom)
2021-09-05 14:30:30,455 [73fc6282-bdcb-4a1d-9106-80b228a82791@group-9AB55F00ACC5-LeaderElection19] INFO  server.RaftServerConfigKeys (ConfUtils.java:logGet(44)) - raft.server.log.appender.snapshot.chunk.size.max = 16MB (=16777216) (default)
2021-09-05 14:30:30,455 [73fc6282-bdcb-4a1d-9106-80b228a82791@group-9AB55F00ACC5-LeaderElection19] INFO  server.RaftServerConfigKeys (ConfUtils.java:logGet(44)) - raft.server.log.appender.buffer.byte-limit = 33554432 (custom)
2021-09-05 14:30:30,455 [73fc6282-bdcb-4a1d-9106-80b228a82791@group-9AB55F00ACC5-LeaderElection19] INFO  server.RaftServerConfigKeys (ConfUtils.java:logGet(44)) - raft.server.log.appender.buffer.element-limit = 1 (custom)
2021-09-05 14:30:30,455 [73fc6282-bdcb-4a1d-9106-80b228a82791@group-9AB55F00ACC5-LeaderElection19] INFO  grpc.GrpcConfigKeys (ConfUtils.java:logGet(44)) - raft.grpc.server.leader.outstanding.appends.max = 128 (default)
2021-09-05 14:30:30,456 [73fc6282-bdcb-4a1d-9106-80b228a82791@group-9AB55F00ACC5-LeaderElection19] INFO  server.RaftServerConfigKeys (ConfUtils.java:logGet(44)) - raft.server.rpc.request.timeout = 60s (custom)
2021-09-05 14:30:30,456 [73fc6282-bdcb-4a1d-9106-80b228a82791@group-9AB55F00ACC5-LeaderElection19] INFO  server.RaftServerConfigKeys (ConfUtils.java:logGet(44)) - raft.server.log.appender.install.snapshot.enabled = false (custom)
2021-09-05 14:30:30,457 [73fc6282-bdcb-4a1d-9106-80b228a82791@group-9AB55F00ACC5-LeaderElection19] INFO  impl.RoleInfo (RoleInfo.java:updateAndGet(130)) - 73fc6282-bdcb-4a1d-9106-80b228a82791: start 73fc6282-bdcb-4a1d-9106-80b228a82791@group-9AB55F00ACC5-LeaderStateImpl
2021-09-05 14:30:30,458 [73fc6282-bdcb-4a1d-9106-80b228a82791@group-9AB55F00ACC5-LeaderElection19] INFO  segmented.SegmentedRaftLogWorker (SegmentedRaftLogWorker.java:startLogSegment(394)) - 73fc6282-bdcb-4a1d-9106-80b228a82791@group-9AB55F00ACC5-SegmentedRaftLogWorker: Starting segment from index:0
2021-09-05 14:30:30,459 [73fc6282-bdcb-4a1d-9106-80b228a82791@group-9AB55F00ACC5-SegmentedRaftLogWorker] INFO  segmented.SegmentedRaftLogWorker (SegmentedRaftLogWorker.java:execute(601)) - 73fc6282-bdcb-4a1d-9106-80b228a82791@group-9AB55F00ACC5-SegmentedRaftLogWorker: created new log segment /home/runner/work/ozone/ozone/hadoop-ozone/integration-test/target/test-dir/MiniOzoneClusterImpl-11ada6fe-a5c6-4827-8b3d-97db8748ad29/datanode-1/data/ratis/7903d46d-ad54-4c27-a6ea-9ab55f00acc5/current/log_inprogress_0
2021-09-05 14:30:30,461 [grpc-default-executor-3] INFO  server.RaftServer$Division (RaftServerImpl.java:setRole(285)) - 83398dfc-751f-4fe2-af5b-c65c8f1546c8@group-9AB55F00ACC5: changes role from CANDIDATE to FOLLOWER at term 2 for appendEntries
2021-09-05 14:30:30,461 [grpc-default-executor-3] INFO  impl.RoleInfo (RoleInfo.java:shutdownLeaderElection(121)) - 83398dfc-751f-4fe2-af5b-c65c8f1546c8: shutdown 83398dfc-751f-4fe2-af5b-c65c8f1546c8@group-9AB55F00ACC5-LeaderElection20
2021-09-05 14:30:30,461 [73fc6282-bdcb-4a1d-9106-80b228a82791@group-9AB55F00ACC5-LeaderElection19] INFO  server.RaftServer$Division (ServerState.java:setRaftConf(387)) - 73fc6282-bdcb-4a1d-9106-80b228a82791@group-9AB55F00ACC5: set configuration 0: [83398dfc-751f-4fe2-af5b-c65c8f1546c8|rpc:127.0.0.1:46795|dataStream:|priority:0, 6bbc5292-b6d7-424f-9a49-f587de829c2d|rpc:127.0.0.1:46659|dataStream:|priority:0, 73fc6282-bdcb-4a1d-9106-80b228a82791|rpc:127.0.0.1:46567|dataStream:|priority:1], old=null
2021-09-05 14:30:30,467 [IPC Server handler 3 on default port 13989] INFO  ipc.Server (Server.java:run(1026)) - IPC Server handler 3 on default port 13989: skipped Call#213 Retry#0 org.apache.hadoop.ozone.protocol.StorageContainerDatanodeProtocol.submitRequest from 127.0.0.1:37830
2021-09-05 14:30:30,467 [IPC Server handler 3 on default port 13989] INFO  ipc.Server (Server.java:run(1026)) - IPC Server handler 3 on default port 13989: skipped Call#278 Retry#0 org.apache.hadoop.ozone.protocol.StorageContainerDatanodeProtocol.submitRequest from 127.0.0.1:37920
2021-09-05 14:30:30,467 [IPC Server handler 3 on default port 13989] INFO  ipc.Server (Server.java:run(1026)) - IPC Server handler 3 on default port 13989: skipped Call#234 Retry#0 org.apache.hadoop.ozone.protocol.StorageContainerDatanodeProtocol.submitRequest from 127.0.0.1:37864
2021-09-05 14:30:30,469 [grpc-default-executor-3] INFO  impl.RoleInfo (RoleInfo.java:updateAndGet(130)) - 83398dfc-751f-4fe2-af5b-c65c8f1546c8: start 83398dfc-751f-4fe2-af5b-c65c8f1546c8@group-9AB55F00ACC5-FollowerState
2021-09-05 14:30:30,469 [IPC Server handler 3 on default port 13989] INFO  ipc.Server (Server.java:run(1026)) - IPC Server handler 3 on default port 13989: skipped Call#215 Retry#0 org.apache.hadoop.ozone.protocol.StorageContainerDatanodeProtocol.submitRequest from 127.0.0.1:37830
2021-09-05 14:30:30,469 [grpc-default-executor-3] INFO  ratis.XceiverServerRatis (XceiverServerRatis.java:handleLeaderChangedNotification(861)) - Leader change notification received for group: group-9AB55F00ACC5 with new leaderId: 73fc6282-bdcb-4a1d-9106-80b228a82791
2021-09-05 14:30:30,469 [grpc-default-executor-3] INFO  server.RaftServer$Division (ServerState.java:setLeader(285)) - 83398dfc-751f-4fe2-af5b-c65c8f1546c8@group-9AB55F00ACC5: change Leader from null to 73fc6282-bdcb-4a1d-9106-80b228a82791 at term 2 for appendEntries, leader elected after 10404ms
2021-09-05 14:30:30,469 [EndpointStateMachine task thread for /127.0.0.1:13989 - 0 ] INFO  ozoneimpl.OzoneContainer (OzoneContainer.java:start(301)) - Ignore. OzoneContainer already started.
2021-09-05 14:30:30,475 [Listener at 127.0.0.1/11040] INFO  handler.ContextHandler (ContextHandler.java:doStart(915)) - Started o.e.j.w.WebAppContext@2d9803b4{scm,/,file:///home/runner/work/ozone/ozone/hadoop-ozone/integration-test/target/test-classes/webapps/scm/,AVAILABLE}{file:/home/runner/work/ozone/ozone/hadoop-ozone/integration-test/target/test-classes/webapps/scm}
2021-09-05 14:30:30,477 [EndpointStateMachine task thread for /127.0.0.1:13989 - 0 ] INFO  ozoneimpl.OzoneContainer (OzoneContainer.java:start(301)) - Ignore. OzoneContainer already started.
2021-09-05 14:30:30,477 [grpc-default-executor-4] INFO  server.RaftServer$Division (RaftServerImpl.java:requestVote(1043)) - 73fc6282-bdcb-4a1d-9106-80b228a82791@group-9AB55F00ACC5: receive requestVote(ELECTION, 83398dfc-751f-4fe2-af5b-c65c8f1546c8, group-9AB55F00ACC5, 2, (t:0, i:0))
2021-09-05 14:30:30,478 [grpc-default-executor-4] INFO  impl.VoteContext (VoteContext.java:log(48)) - 73fc6282-bdcb-4a1d-9106-80b228a82791@group-9AB55F00ACC5-LEADER: reject ELECTION from 83398dfc-751f-4fe2-af5b-c65c8f1546c8: already has voted for 73fc6282-bdcb-4a1d-9106-80b228a82791 at current term 2
2021-09-05 14:30:30,478 [grpc-default-executor-4] INFO  server.RaftServer$Division (RaftServerImpl.java:requestVote(1075)) - 73fc6282-bdcb-4a1d-9106-80b228a82791@group-9AB55F00ACC5 replies to ELECTION vote request: 83398dfc-751f-4fe2-af5b-c65c8f1546c8<-73fc6282-bdcb-4a1d-9106-80b228a82791#0:FAIL-t2. Peer's state: 73fc6282-bdcb-4a1d-9106-80b228a82791@group-9AB55F00ACC5:t2, leader=73fc6282-bdcb-4a1d-9106-80b228a82791, voted=73fc6282-bdcb-4a1d-9106-80b228a82791, raftlog=73fc6282-bdcb-4a1d-9106-80b228a82791@group-9AB55F00ACC5-SegmentedRaftLog:OPENED:c-1,f-1,i0, conf=0: [83398dfc-751f-4fe2-af5b-c65c8f1546c8|rpc:127.0.0.1:46795|dataStream:|priority:0, 6bbc5292-b6d7-424f-9a49-f587de829c2d|rpc:127.0.0.1:46659|dataStream:|priority:0, 73fc6282-bdcb-4a1d-9106-80b228a82791|rpc:127.0.0.1:46567|dataStream:|priority:1], old=null
2021-09-05 14:30:30,478 [83398dfc-751f-4fe2-af5b-c65c8f1546c8@group-9AB55F00ACC5-LeaderElection20] INFO  impl.LeaderElection (LeaderElection.java:logAndReturn(89)) - 83398dfc-751f-4fe2-af5b-c65c8f1546c8@group-9AB55F00ACC5-LeaderElection20: ELECTION REJECTED received 2 response(s) and 0 exception(s):
2021-09-05 14:30:30,478 [83398dfc-751f-4fe2-af5b-c65c8f1546c8@group-9AB55F00ACC5-LeaderElection20] INFO  impl.LeaderElection (LeaderElection.java:logAndReturn(93)) -   Response 0: 83398dfc-751f-4fe2-af5b-c65c8f1546c8<-6bbc5292-b6d7-424f-9a49-f587de829c2d#0:FAIL-t2
2021-09-05 14:30:30,478 [83398dfc-751f-4fe2-af5b-c65c8f1546c8@group-9AB55F00ACC5-LeaderElection20] INFO  impl.LeaderElection (LeaderElection.java:logAndReturn(93)) -   Response 1: 83398dfc-751f-4fe2-af5b-c65c8f1546c8<-73fc6282-bdcb-4a1d-9106-80b228a82791#0:FAIL-t2
2021-09-05 14:30:30,479 [grpc-default-executor-4] INFO  ratis.XceiverServerRatis (XceiverServerRatis.java:handleLeaderChangedNotification(861)) - Leader change notification received for group: group-9AB55F00ACC5 with new leaderId: 73fc6282-bdcb-4a1d-9106-80b228a82791
2021-09-05 14:30:30,479 [grpc-default-executor-4] INFO  server.RaftServer$Division (ServerState.java:setLeader(285)) - 6bbc5292-b6d7-424f-9a49-f587de829c2d@group-9AB55F00ACC5: change Leader from null to 73fc6282-bdcb-4a1d-9106-80b228a82791 at term 2 for appendEntries, leader elected after 10253ms
2021-09-05 14:30:30,480 [grpc-default-executor-4] INFO  server.RaftServer$Division (ServerState.java:setRaftConf(387)) - 6bbc5292-b6d7-424f-9a49-f587de829c2d@group-9AB55F00ACC5: set configuration 0: [83398dfc-751f-4fe2-af5b-c65c8f1546c8|rpc:127.0.0.1:46795|dataStream:|priority:0, 6bbc5292-b6d7-424f-9a49-f587de829c2d|rpc:127.0.0.1:46659|dataStream:|priority:0, 73fc6282-bdcb-4a1d-9106-80b228a82791|rpc:127.0.0.1:46567|dataStream:|priority:1], old=null
2021-09-05 14:30:30,480 [grpc-default-executor-4] INFO  segmented.SegmentedRaftLogWorker (SegmentedRaftLogWorker.java:startLogSegment(394)) - 6bbc5292-b6d7-424f-9a49-f587de829c2d@group-9AB55F00ACC5-SegmentedRaftLogWorker: Starting segment from index:0
2021-09-05 14:30:30,481 [Listener at 127.0.0.1/11040] INFO  server.AbstractConnector (AbstractConnector.java:doStart(331)) - Started ServerConnector@ce1454c{HTTP/1.1, (http/1.1)}{0.0.0.0:13986}
2021-09-05 14:30:30,484 [Listener at 127.0.0.1/11040] INFO  server.Server (Server.java:doStart(415)) - Started @98791ms
2021-09-05 14:30:30,484 [Listener at 127.0.0.1/11040] WARN  impl.MetricsSystemImpl (MetricsSystemImpl.java:register(279)) - Sink prometheus already exists!
2021-09-05 14:30:30,485 [EventQueue-PipelineReportForPipelineReportHandler] INFO  pipeline.PipelineManagerImpl (PipelineManagerImpl.java:openPipeline(282)) - Pipeline Pipeline[ Id: 7903d46d-ad54-4c27-a6ea-9ab55f00acc5, Nodes: 83398dfc-751f-4fe2-af5b-c65c8f1546c8{ip: 127.0.0.1, host: localhost, ports: [REPLICATION=45841, RATIS=46795, RATIS_ADMIN=46795, RATIS_SERVER=46795, STANDALONE=45989], networkLocation: /default-rack, certSerialId: null, persistedOpState: IN_SERVICE, persistedOpStateExpiryEpochSec: 0}73fc6282-bdcb-4a1d-9106-80b228a82791{ip: 127.0.0.1, host: localhost, ports: [REPLICATION=42617, RATIS=46567, RATIS_ADMIN=46567, RATIS_SERVER=46567, STANDALONE=44315], networkLocation: /default-rack, certSerialId: null, persistedOpState: IN_SERVICE, persistedOpStateExpiryEpochSec: 0}6bbc5292-b6d7-424f-9a49-f587de829c2d{ip: 127.0.0.1, host: localhost, ports: [REPLICATION=39479, RATIS=46659, RATIS_ADMIN=46659, RATIS_SERVER=46659, STANDALONE=41237], networkLocation: /default-rack, certSerialId: null, persistedOpState: IN_SERVICE, persistedOpStateExpiryEpochSec: 0}, ReplicationConfig: RATIS/THREE, State:ALLOCATED, leaderId:73fc6282-bdcb-4a1d-9106-80b228a82791, CreationTimestamp2021-09-05T14:30:17.737Z[Etc/UTC]] moved to OPEN state
2021-09-05 14:30:30,485 [EventQueue-PipelineReportForPipelineReportHandler] INFO  ha.SCMHAInvocationHandler (SCMHAInvocationHandler.java:invokeRatis(113)) - Invoking method public abstract void org.apache.hadoop.hdds.scm.pipeline.StateManager.updatePipelineState(org.apache.hadoop.hdds.protocol.proto.HddsProtos$PipelineID,org.apache.hadoop.hdds.protocol.proto.HddsProtos$PipelineState) throws java.io.IOException on target org.apache.hadoop.hdds.scm.ha.SCMRatisServerImpl@48ab14ff, cost 204.202us
2021-09-05 14:30:30,481 [6bbc5292-b6d7-424f-9a49-f587de829c2d@group-9AB55F00ACC5-SegmentedRaftLogWorker] INFO  segmented.SegmentedRaftLogWorker (SegmentedRaftLogWorker.java:execute(601)) - 6bbc5292-b6d7-424f-9a49-f587de829c2d@group-9AB55F00ACC5-SegmentedRaftLogWorker: created new log segment /home/runner/work/ozone/ozone/hadoop-ozone/integration-test/target/test-dir/MiniOzoneClusterImpl-11ada6fe-a5c6-4827-8b3d-97db8748ad29/datanode-2/data/ratis/7903d46d-ad54-4c27-a6ea-9ab55f00acc5/current/log_inprogress_0
2021-09-05 14:30:30,489 [grpc-default-executor-0] INFO  server.RaftServer$Division (ServerState.java:setRaftConf(387)) - 83398dfc-751f-4fe2-af5b-c65c8f1546c8@group-9AB55F00ACC5: set configuration 0: [83398dfc-751f-4fe2-af5b-c65c8f1546c8|rpc:127.0.0.1:46795|dataStream:|priority:0, 6bbc5292-b6d7-424f-9a49-f587de829c2d|rpc:127.0.0.1:46659|dataStream:|priority:0, 73fc6282-bdcb-4a1d-9106-80b228a82791|rpc:127.0.0.1:46567|dataStream:|priority:1], old=null
2021-09-05 14:30:30,490 [grpc-default-executor-0] INFO  segmented.SegmentedRaftLogWorker (SegmentedRaftLogWorker.java:startLogSegment(394)) - 83398dfc-751f-4fe2-af5b-c65c8f1546c8@group-9AB55F00ACC5-SegmentedRaftLogWorker: Starting segment from index:0
2021-09-05 14:30:30,483 [EndpointStateMachine task thread for /127.0.0.1:13989 - 0 ] INFO  ozoneimpl.OzoneContainer (OzoneContainer.java:start(301)) - Ignore. OzoneContainer already started.
2021-09-05 14:30:30,482 [83398dfc-751f-4fe2-af5b-c65c8f1546c8@group-9AB55F00ACC5-LeaderElection20] INFO  impl.LeaderElection (LeaderElection.java:askForVotes(308)) - 83398dfc-751f-4fe2-af5b-c65c8f1546c8@group-9AB55F00ACC5-LeaderElection20 ELECTION round 0: result REJECTED
2021-09-05 14:30:30,482 [EventQueue-PipelineReportForPipelineReportHandler] INFO  pipeline.PipelineManagerImpl (PipelineManagerImpl.java:openPipeline(282)) - Pipeline Pipeline[ Id: 7903d46d-ad54-4c27-a6ea-9ab55f00acc5, Nodes: 83398dfc-751f-4fe2-af5b-c65c8f1546c8{ip: 127.0.0.1, host: localhost, ports: [REPLICATION=45841, RATIS=46795, RATIS_ADMIN=46795, RATIS_SERVER=46795, STANDALONE=45989], networkLocation: /default-rack, certSerialId: null, persistedOpState: IN_SERVICE, persistedOpStateExpiryEpochSec: 0}73fc6282-bdcb-4a1d-9106-80b228a82791{ip: 127.0.0.1, host: localhost, ports: [REPLICATION=42617, RATIS=46567, RATIS_ADMIN=46567, RATIS_SERVER=46567, STANDALONE=44315], networkLocation: /default-rack, certSerialId: null, persistedOpState: IN_SERVICE, persistedOpStateExpiryEpochSec: 0}6bbc5292-b6d7-424f-9a49-f587de829c2d{ip: 127.0.0.1, host: localhost, ports: [REPLICATION=39479, RATIS=46659, RATIS_ADMIN=46659, RATIS_SERVER=46659, STANDALONE=41237], networkLocation: /default-rack, certSerialId: null, persistedOpState: IN_SERVICE, persistedOpStateExpiryEpochSec: 0}, ReplicationConfig: RATIS/THREE, State:ALLOCATED, leaderId:73fc6282-bdcb-4a1d-9106-80b228a82791, CreationTimestamp2021-09-05T14:30:17.737Z[Etc/UTC]] moved to OPEN state
2021-09-05 14:30:30,492 [Listener at 127.0.0.1/11040] INFO  http.BaseHttpServer (BaseHttpServer.java:updateConnectorAddress(329)) - HTTP server of scm listening at http://0.0.0.0:13986
2021-09-05 14:30:30,492 [Listener at 127.0.0.1/11040] INFO  safemode.SCMSafeModeManager (SCMSafeModeManager.java:exitSafeMode(248)) - SCM exiting safe mode.
2021-09-05 14:30:30,493 [Listener at 127.0.0.1/11040] WARN  events.EventQueue (EventQueue.java:fireEvent(194)) - No event handler registered for event TypedEvent{payloadType=SafeModeStatus, name='Safe mode status'}
2021-09-05 14:30:30,493 [Listener at 127.0.0.1/11040] INFO  ha.SCMContext (SCMContext.java:updateSafeModeStatus(205)) - Update SafeModeStatus from SafeModeStatus{safeModeStatus=true, preCheckPassed=false} to SafeModeStatus{safeModeStatus=false, preCheckPassed=true}.
2021-09-05 14:30:30,501 [Listener at 127.0.0.1/11040] INFO  db.RDBCheckpointManager (RDBCheckpointManager.java:createCheckpoint(86)) - Created checkpoint at /home/runner/work/ozone/ozone/hadoop-ozone/integration-test/target/test-dir/MiniOzoneClusterImpl-11ada6fe-a5c6-4827-8b3d-97db8748ad29/scmNode-1/db.checkpoints/scm.db_checkpoint_1630852230493 in 8 milliseconds
2021-09-05 14:30:30,510 [49d04e48-288c-4908-850c-f7267af01073@group-97DB8748AD29-StateMachineUpdater] ERROR impl.StateMachineUpdater (StateMachineUpdater.java:run(191)) - 49d04e48-288c-4908-850c-f7267af01073@group-97DB8748AD29-StateMachineUpdater caught a Throwable.
java.lang.IllegalStateException: 49d04e48-288c-4908-850c-f7267af01073: Failed updateLastAppliedTermIndex: newTI = (t:2, i:28) < oldTI = (t:2, i:128)
	at org.apache.ratis.util.Preconditions.assertTrue(Preconditions.java:72)
	at org.apache.ratis.statemachine.impl.BaseStateMachine.updateLastAppliedTermIndex(BaseStateMachine.java:142)
	at org.apache.hadoop.hdds.scm.ha.SCMStateMachine.notifyTermIndexUpdated(SCMStateMachine.java:303)
	at org.apache.ratis.server.impl.RaftServerImpl.applyLogToStateMachine(RaftServerImpl.java:1669)
	at org.apache.ratis.server.impl.StateMachineUpdater.applyLog(StateMachineUpdater.java:234)
	at org.apache.ratis.server.impl.StateMachineUpdater.run(StateMachineUpdater.java:179)
	at java.lang.Thread.run(Thread.java:748)
2021-09-05 14:30:30,510 [49d04e48-288c-4908-850c-f7267af01073@group-97DB8748AD29-StateMachineUpdater] INFO  server.RaftServer$Division (RaftServerImpl.java:lambda$close$4(407)) - 49d04e48-288c-4908-850c-f7267af01073@group-97DB8748AD29: shutdown
2021-09-05 14:30:30,510 [49d04e48-288c-4908-850c-f7267af01073@group-97DB8748AD29-StateMachineUpdater] INFO  util.JmxRegister (JmxRegister.java:unregister(73)) - Successfully un-registered JMX Bean with object name Ratis:service=RaftServer,group=group-97DB8748AD29,id=49d04e48-288c-4908-850c-f7267af01073
2021-09-05 14:30:30,510 [49d04e48-288c-4908-850c-f7267af01073@group-97DB8748AD29-StateMachineUpdater] INFO  impl.RoleInfo (RoleInfo.java:shutdownFollowerState(108)) - 49d04e48-288c-4908-850c-f7267af01073: shutdown 49d04e48-288c-4908-850c-f7267af01073@group-97DB8748AD29-FollowerState
2021-09-05 14:30:30,511 [EventQueue-PipelineReportForPipelineReportHandler] INFO  ha.SCMHAInvocationHandler (SCMHAInvocationHandler.java:invokeRatis(113)) - Invoking method public abstract void org.apache.hadoop.hdds.scm.pipeline.StateManager.updatePipelineState(org.apache.hadoop.hdds.protocol.proto.HddsProtos$PipelineID,org.apache.hadoop.hdds.protocol.proto.HddsProtos$PipelineState) throws java.io.IOException on target org.apache.hadoop.hdds.scm.ha.SCMRatisServerImpl@7d3b5917, cost 21072.721us
2021-09-05 14:30:30,525 [83398dfc-751f-4fe2-af5b-c65c8f1546c8@group-9AB55F00ACC5-SegmentedRaftLogWorker] INFO  segmented.SegmentedRaftLogWorker (SegmentedRaftLogWorker.java:execute(601)) - 83398dfc-751f-4fe2-af5b-c65c8f1546c8@group-9AB55F00ACC5-SegmentedRaftLogWorker: created new log segment /home/runner/work/ozone/ozone/hadoop-ozone/integration-test/target/test-dir/MiniOzoneClusterImpl-11ada6fe-a5c6-4827-8b3d-97db8748ad29/datanode-0/data/ratis/7903d46d-ad54-4c27-a6ea-9ab55f00acc5/current/log_inprogress_0
2021-09-05 14:30:30,526 [49d04e48-288c-4908-850c-f7267af01073@group-97DB8748AD29-FollowerState] INFO  impl.FollowerState (FollowerState.java:run(143)) - 49d04e48-288c-4908-850c-f7267af01073@group-97DB8748AD29-FollowerState was interrupted: {}
java.lang.InterruptedException: sleep interrupted
	at java.lang.Thread.sleep(Native Method)
	at java.lang.Thread.sleep(Thread.java:340)
	at java.util.concurrent.TimeUnit.sleep(TimeUnit.java:386)
	at org.apache.ratis.util.TimeDuration.sleep(TimeDuration.java:324)
	at org.apache.ratis.util.TimeDuration.sleep(TimeDuration.java:309)
	at org.apache.ratis.server.impl.FollowerState.run(FollowerState.java:118)
2021-09-05 14:30:30,539 [49d04e48-288c-4908-850c-f7267af01073@group-97DB8748AD29-StateMachineUpdater] INFO  server.RaftServer$Division (ServerState.java:close(419)) - 49d04e48-288c-4908-850c-f7267af01073@group-97DB8748AD29: closes. applyIndex: 28
2021-09-05 14:30:30,539 [49d04e48-288c-4908-850c-f7267af01073@group-97DB8748AD29-SegmentedRaftLogWorker] INFO  segmented.SegmentedRaftLogWorker (SegmentedRaftLogWorker.java:run(327)) - 49d04e48-288c-4908-850c-f7267af01073@group-97DB8748AD29-SegmentedRaftLogWorker was interrupted, exiting. There are 0 tasks remaining in the queue.
2021-09-05 14:30:30,541 [69e17fe3-75d6-40e2-b575-3df3d97ee56c@group-97DB8748AD29-StateMachineUpdater] INFO  ha.SCMStateMachine (SCMStateMachine.java:takeSnapshot(290)) - Current Snapshot Index 30, takeSnapshot took 0 ms
2021-09-05 14:30:30,541 [69e17fe3-75d6-40e2-b575-3df3d97ee56c@group-97DB8748AD29-StateMachineUpdater] INFO  impl.StateMachineUpdater (StateMachineUpdater.java:takeSnapshot(281)) - 69e17fe3-75d6-40e2-b575-3df3d97ee56c@group-97DB8748AD29-StateMachineUpdater: Took a snapshot at index 30
2021-09-05 14:30:30,541 [69e17fe3-75d6-40e2-b575-3df3d97ee56c@group-97DB8748AD29-StateMachineUpdater] INFO  impl.StateMachineUpdater (StateMachineUpdater.java:lambda$new$0(89)) - 69e17fe3-75d6-40e2-b575-3df3d97ee56c@group-97DB8748AD29-StateMachineUpdater: snapshotIndex: updateIncreasingly 25 -> 30
2021-09-05 14:30:30,541 [69e17fe3-75d6-40e2-b575-3df3d97ee56c@group-97DB8748AD29-StateMachineUpdater] INFO  raftlog.RaftLog (RaftLogBase.java:purge(306)) - 69e17fe3-75d6-40e2-b575-3df3d97ee56c@group-97DB8748AD29-SegmentedRaftLog: purge 30
2021-09-05 14:30:30,541 [69e17fe3-75d6-40e2-b575-3df3d97ee56c@group-97DB8748AD29-StateMachineUpdater] INFO  raftlog.RaftLog (RaftLogBase.java:lambda$new$0(53)) - 69e17fe3-75d6-40e2-b575-3df3d97ee56c@group-97DB8748AD29-SegmentedRaftLog: snapshotIndex: updateIncreasingly 25 -> 30
2021-09-05 14:30:30,541 [69e17fe3-75d6-40e2-b575-3df3d97ee56c@group-97DB8748AD29-StateMachineUpdater] INFO  raftlog.RaftLog (RaftLogBase.java:lambda$new$0(53)) - 69e17fe3-75d6-40e2-b575-3df3d97ee56c@group-97DB8748AD29-SegmentedRaftLog: purgeIndex: updateToMax old=25, new=30, updated? true
2021-09-05 14:30:30,545 [49d04e48-288c-4908-850c-f7267af01073@group-97DB8748AD29-StateMachineUpdater] INFO  segmented.SegmentedRaftLogWorker (SegmentedRaftLogWorker.java:close(237)) - 49d04e48-288c-4908-850c-f7267af01073@group-97DB8748AD29-SegmentedRaftLogWorker close()
2021-09-05 14:30:30,600 [Listener at 127.0.0.1/11040] INFO  ha.SCMHAManagerImpl (SCMHAManagerImpl.java:installCheckpoint(227)) - Installing checkpoint with SCMTransactionInfo 2#25
2021-09-05 14:30:30,600 [Listener at 127.0.0.1/11040] WARN  ha.SCMHAManagerImpl (SCMHAManagerImpl.java:installCheckpoint(240)) - Cannot proceed with InstallSnapshot as SCM is at TermIndex (t:2, i:28) and checkpoint has lower TermIndex (t:2, i:25). Reloading old state of SCM.
2021-09-05 14:30:30,607 [Listener at 127.0.0.1/11040] INFO  ozone.MiniOzoneClusterImpl (MiniOzoneClusterImpl.java:shutdown(453)) - Shutting down the Mini Ozone Cluster
2021-09-05 14:30:30,609 [Listener at 127.0.0.1/11040] INFO  ozone.MiniOzoneHAClusterImpl (MiniOzoneHAClusterImpl.java:stop(298)) - Stopping the OzoneManager omNode-1
2021-09-05 14:30:30,609 [Listener at 127.0.0.1/11040] INFO  om.OzoneManager (OzoneManager.java:stop(1632)) - Stopping Ozone Manager
2021-09-05 14:30:30,614 [Listener at 127.0.0.1/11040] INFO  ipc.Server (Server.java:stop(3414)) - Stopping server on 11040
2021-09-05 14:30:30,619 [IPC Server listener on 11040] INFO  ipc.Server (Server.java:run(1376)) - Stopping IPC Server listener on 11040
2021-09-05 14:30:30,623 [IPC Server Responder] INFO  ipc.Server (Server.java:run(1512)) - Stopping IPC Server Responder
2021-09-05 14:30:30,623 [Listener at 127.0.0.1/11040] INFO  server.RaftServer (RaftServerProxy.java:lambda$close$6(391)) - omNode-1: close
2021-09-05 14:30:30,623 [Listener at 127.0.0.1/11040] INFO  server.RaftServer$Division (RaftServerImpl.java:lambda$close$4(407)) - omNode-1@group-523986131536: shutdown
2021-09-05 14:30:30,623 [Listener at 127.0.0.1/11040] INFO  util.JmxRegister (JmxRegister.java:unregister(73)) - Successfully un-registered JMX Bean with object name Ratis:service=RaftServer,group=group-523986131536,id=omNode-1
2021-09-05 14:30:30,623 [Listener at 127.0.0.1/11040] INFO  impl.RoleInfo (RoleInfo.java:shutdownLeaderState(91)) - omNode-1: shutdown omNode-1@group-523986131536-LeaderStateImpl
2021-09-05 14:30:30,624 [Listener at 127.0.0.1/11040] INFO  impl.PendingRequests (PendingRequests.java:sendNotLeaderResponses(282)) - omNode-1@group-523986131536-PendingRequests: sendNotLeaderResponses
2021-09-05 14:30:30,624 [omNode-1@group-523986131536-StateMachineUpdater] INFO  ratis.OzoneManagerStateMachine (OzoneManagerStateMachine.java:takeSnapshot(417)) - Current Snapshot Index (t:1, i:0)
2021-09-05 14:30:30,625 [omNode-1@group-523986131536-StateMachineUpdater] INFO  impl.StateMachineUpdater (StateMachineUpdater.java:takeSnapshot(281)) - omNode-1@group-523986131536-StateMachineUpdater: Took a snapshot at index 0
2021-09-05 14:30:30,625 [omNode-1@group-523986131536-StateMachineUpdater] INFO  impl.StateMachineUpdater (StateMachineUpdater.java:lambda$new$0(89)) - omNode-1@group-523986131536-StateMachineUpdater: snapshotIndex: updateIncreasingly -1 -> 0
2021-09-05 14:30:30,625 [omNode-1@group-523986131536-StateMachineUpdater] INFO  ratis.OzoneManagerStateMachine (OzoneManagerStateMachine.java:close(471)) - StateMachine has shutdown. Shutdown OzoneManager if not already shutdown.
2021-09-05 14:30:30,625 [Listener at 127.0.0.1/11040] INFO  impl.StateMachineUpdater (StateMachineUpdater.java:stopAndJoin(149)) - omNode-1@group-523986131536-StateMachineUpdater: set stopIndex = 0
2021-09-05 14:30:30,625 [Listener at 127.0.0.1/11040] INFO  server.RaftServer$Division (ServerState.java:close(419)) - omNode-1@group-523986131536: closes. applyIndex: 0
2021-09-05 14:30:30,625 [omNode-1@group-523986131536-SegmentedRaftLogWorker] INFO  segmented.SegmentedRaftLogWorker (SegmentedRaftLogWorker.java:run(327)) - omNode-1@group-523986131536-SegmentedRaftLogWorker was interrupted, exiting. There are 0 tasks remaining in the queue.
2021-09-05 14:30:30,628 [Listener at 127.0.0.1/11040] INFO  segmented.SegmentedRaftLogWorker (SegmentedRaftLogWorker.java:close(237)) - omNode-1@group-523986131536-SegmentedRaftLogWorker close()
2021-09-05 14:30:30,630 [Listener at 127.0.0.1/11040] INFO  server.GrpcService (GrpcService.java:closeImpl(262)) - omNode-1: shutdown server with port 11044 now
2021-09-05 14:30:30,632 [Listener at 127.0.0.1/11040] INFO  server.GrpcService (GrpcService.java:closeImpl(271)) - omNode-1: shutdown server with port 11044 successfully
2021-09-05 14:30:30,632 [org.apache.ratis.util.JvmPauseMonitor$$Lambda$499/1326998608@5b7ec35a] INFO  util.JvmPauseMonitor (JvmPauseMonitor.java:run(109)) - JvmPauseMonitor-omNode-1: Stopped
2021-09-05 14:30:30,632 [Listener at 127.0.0.1/11040] INFO  ratis.OzoneManagerDoubleBuffer (OzoneManagerDoubleBuffer.java:stop(437)) - Stopping OMDoubleBuffer flush thread
2021-09-05 14:30:30,632 [OMDoubleBufferFlushThread] INFO  ratis.OzoneManagerDoubleBuffer (OzoneManagerDoubleBuffer.java:flushTransactions(356)) - OMDoubleBuffer flush thread OMDoubleBufferFlushThread is interrupted and will exit. OMDoubleBufferFlushThread
2021-09-05 14:30:30,633 [Listener at 127.0.0.1/11040] INFO  utils.BackgroundService (BackgroundService.java:shutdown(132)) - Shutting down service KeyDeletingService
2021-09-05 14:30:30,635 [Listener at 127.0.0.1/11040] INFO  handler.ContextHandler (ContextHandler.java:doStop(1153)) - Stopped o.e.j.w.WebAppContext@2cb6bc65{ozoneManager,/,null,STOPPED}{file:/home/runner/work/ozone/ozone/hadoop-ozone/integration-test/target/test-classes/webapps/ozoneManager}
2021-09-05 14:30:30,638 [Listener at 127.0.0.1/11040] INFO  server.AbstractConnector (AbstractConnector.java:doStop(381)) - Stopped ServerConnector@5d35e169{HTTP/1.1, (http/1.1)}{0.0.0.0:11042}
2021-09-05 14:30:30,639 [Listener at 127.0.0.1/11040] INFO  server.session (HouseKeeper.java:stopScavenging(149)) - node0 Stopped scavenging
2021-09-05 14:30:30,639 [Listener at 127.0.0.1/11040] INFO  handler.ContextHandler (ContextHandler.java:doStop(1153)) - Stopped o.e.j.s.ServletContextHandler@2e61a2ff{static,/static,file:///home/runner/work/ozone/ozone/hadoop-ozone/integration-test/target/test-classes/webapps/static,STOPPED}
2021-09-05 14:30:30,640 [Listener at 127.0.0.1/11040] INFO  handler.ContextHandler (ContextHandler.java:doStop(1153)) - Stopped o.e.j.s.ServletContextHandler@483a022a{logs,/logs,file:///home/runner/work/ozone/ozone/hadoop-ozone/integration-test/target/log,STOPPED}
2021-09-05 14:30:30,653 [Listener at 127.0.0.1/11040] INFO  ozone.MiniOzoneHAClusterImpl (MiniOzoneHAClusterImpl.java:stop(306)) - Stopping the StorageContainerManager 69e17fe3-75d6-40e2-b575-3df3d97ee56c
2021-09-05 14:30:30,653 [Listener at 127.0.0.1/11040] INFO  server.StorageContainerManager (StorageContainerManager.java:stop(1348)) - Stopping Container Balancer service.
2021-09-05 14:30:30,653 [Listener at 127.0.0.1/11040] INFO  balancer.ContainerBalancer (ContainerBalancer.java:stop(721)) - Container Balancer is not running.
2021-09-05 14:30:30,653 [Listener at 127.0.0.1/11040] INFO  server.StorageContainerManager (StorageContainerManager.java:stop(1355)) - Stopping Replication Manager Service.
2021-09-05 14:30:30,653 [Listener at 127.0.0.1/11040] INFO  container.ReplicationManager (ReplicationManager.java:stop(338)) - Stopping Replication Monitor Thread.
2021-09-05 14:30:30,654 [Listener at 127.0.0.1/11040] INFO  server.StorageContainerManager (StorageContainerManager.java:stop(1362)) - Stopping the Datanode Admin Monitor.
2021-09-05 14:30:30,654 [Listener at 127.0.0.1/11040] INFO  server.StorageContainerManager (StorageContainerManager.java:stop(1369)) - Stopping Lease Manager of the command watchers
2021-09-05 14:30:30,654 [Listener at 127.0.0.1/11040] INFO  server.StorageContainerManager (StorageContainerManager.java:stop(1376)) - Stopping datanode service RPC server
2021-09-05 14:30:30,654 [Listener at 127.0.0.1/11040] INFO  server.SCMDatanodeProtocolServer (SCMDatanodeProtocolServer.java:stop(389)) - Stopping the RPC server for DataNodes
2021-09-05 14:30:30,654 [Listener at 127.0.0.1/11040] INFO  ipc.Server (Server.java:stop(3414)) - Stopping server on 13969
2021-09-05 14:30:30,655 [IPC Server listener on 13969] INFO  ipc.Server (Server.java:run(1376)) - Stopping IPC Server listener on 13969
2021-09-05 14:30:30,662 [IPC Server Responder] INFO  ipc.Server (Server.java:run(1512)) - Stopping IPC Server Responder
2021-09-05 14:30:30,773 [EndpointStateMachine task thread for /127.0.0.1:14541 - 0 ] INFO  ipc.Client (Client.java:handleConnectionFailure(977)) - Retrying connect to server: localhost/127.0.0.1:14541. Already tried 3 time(s); retry policy is RetryUpToMaximumCountWithFixedSleep(maxRetries=15, sleepTime=1000 MILLISECONDS)
2021-09-05 14:30:30,774 [EndpointStateMachine task thread for /127.0.0.1:14531 - 0 ] INFO  ipc.Client (Client.java:handleConnectionFailure(977)) - Retrying connect to server: localhost/127.0.0.1:14531. Already tried 4 time(s); retry policy is RetryUpToMaximumCountWithFixedSleep(maxRetries=15, sleepTime=1000 MILLISECONDS)
2021-09-05 14:30:30,790 [EndpointStateMachine task thread for /127.0.0.1:14521 - 0 ] INFO  ipc.Client (Client.java:handleConnectionFailure(977)) - Retrying connect to server: localhost/127.0.0.1:14521. Already tried 5 time(s); retry policy is RetryUpToMaximumCountWithFixedSleep(maxRetries=15, sleepTime=1000 MILLISECONDS)
2021-09-05 14:30:30,907 [IPC Server handler 12 on default port 13989] INFO  net.NetworkTopologyImpl (NetworkTopologyImpl.java:add(112)) - Added a new node: /default-rack/83398dfc-751f-4fe2-af5b-c65c8f1546c8
2021-09-05 14:30:30,907 [IPC Server handler 12 on default port 13989] INFO  node.SCMNodeManager (SCMNodeManager.java:register(390)) - Registered Data node : 83398dfc-751f-4fe2-af5b-c65c8f1546c8{ip: 127.0.0.1, host: localhost, ports: [REPLICATION=45841, RATIS=46795, RATIS_ADMIN=46795, RATIS_SERVER=46795, STANDALONE=45989], networkLocation: /default-rack, certSerialId: null, persistedOpState: null, persistedOpStateExpiryEpochSec: 0}
2021-09-05 14:30:30,918 [EndpointStateMachine task thread for /127.0.0.1:13969 - 0 ] WARN  statemachine.EndpointStateMachine (EndpointStateMachine.java:logIfNeeded(236)) - Unable to communicate to SCM server at localhost:13969 for past 0 seconds.
java.io.EOFException: End of File Exception between local host is: "fv-az151-757/10.1.0.15"; destination host is: "localhost":13969; : java.io.EOFException; For more details see:  http://wiki.apache.org/hadoop/EOFException
	at sun.reflect.NativeConstructorAccessorImpl.newInstance0(Native Method)
	at sun.reflect.NativeConstructorAccessorImpl.newInstance(NativeConstructorAccessorImpl.java:62)
	at sun.reflect.DelegatingConstructorAccessorImpl.newInstance(DelegatingConstructorAccessorImpl.java:45)
	at java.lang.reflect.Constructor.newInstance(Constructor.java:423)
	at org.apache.hadoop.net.NetUtils.wrapWithMessage(NetUtils.java:913)
	at org.apache.hadoop.net.NetUtils.wrapException(NetUtils.java:862)
	at org.apache.hadoop.ipc.Client.getRpcResponse(Client.java:1577)
	at org.apache.hadoop.ipc.Client.call(Client.java:1519)
	at org.apache.hadoop.ipc.Client.call(Client.java:1416)
	at org.apache.hadoop.ipc.ProtobufRpcEngine$Invoker.invoke(ProtobufRpcEngine.java:236)
	at org.apache.hadoop.ipc.ProtobufRpcEngine$Invoker.invoke(ProtobufRpcEngine.java:123)
	at com.sun.proxy.$Proxy48.submitRequest(Unknown Source)
	at org.apache.hadoop.ozone.protocolPB.StorageContainerDatanodeProtocolClientSideTranslatorPB.submitRequest(StorageContainerDatanodeProtocolClientSideTranslatorPB.java:117)
	at org.apache.hadoop.ozone.protocolPB.StorageContainerDatanodeProtocolClientSideTranslatorPB.sendHeartbeat(StorageContainerDatanodeProtocolClientSideTranslatorPB.java:149)
	at org.apache.hadoop.ozone.container.common.states.endpoint.HeartbeatEndpointTask.call(HeartbeatEndpointTask.java:179)
	at org.apache.hadoop.ozone.container.common.states.endpoint.HeartbeatEndpointTask.call(HeartbeatEndpointTask.java:82)
	at java.util.concurrent.FutureTask.run(FutureTask.java:266)
	at java.util.concurrent.ThreadPoolExecutor.runWorker(ThreadPoolExecutor.java:1149)
	at java.util.concurrent.ThreadPoolExecutor$Worker.run(ThreadPoolExecutor.java:624)
	at java.lang.Thread.run(Thread.java:748)
Caused by: java.io.EOFException
	at java.io.DataInputStream.readInt(DataInputStream.java:392)
	at org.apache.hadoop.ipc.Client$IpcStreams.readResponse(Client.java:1892)
	at org.apache.hadoop.ipc.Client$Connection.receiveRpcResponse(Client.java:1202)
	at org.apache.hadoop.ipc.Client$Connection.run(Client.java:1098)
2021-09-05 14:30:30,922 [EventQueue-NewNodeForNewNodeHandler] INFO  pipeline.BackgroundPipelineCreator (BackgroundPipelineCreatorV2.java:notifyEventTriggered(279)) - ignore, not leader SCM.
2021-09-05 14:30:30,954 [IPC Server handler 13 on default port 13989] INFO  net.NetworkTopologyImpl (NetworkTopologyImpl.java:add(112)) - Added a new node: /default-rack/6bbc5292-b6d7-424f-9a49-f587de829c2d
2021-09-05 14:30:30,954 [IPC Server handler 13 on default port 13989] INFO  node.SCMNodeManager (SCMNodeManager.java:register(390)) - Registered Data node : 6bbc5292-b6d7-424f-9a49-f587de829c2d{ip: 127.0.0.1, host: localhost, ports: [REPLICATION=39479, RATIS=46659, RATIS_ADMIN=46659, RATIS_SERVER=46659, STANDALONE=41237], networkLocation: /default-rack, certSerialId: null, persistedOpState: null, persistedOpStateExpiryEpochSec: 0}
2021-09-05 14:30:30,954 [EventQueue-NewNodeForNewNodeHandler] INFO  pipeline.BackgroundPipelineCreator (BackgroundPipelineCreatorV2.java:notifyEventTriggered(279)) - ignore, not leader SCM.
2021-09-05 14:30:31,457 [IPC Server handler 3 on default port 13989] INFO  net.NetworkTopologyImpl (NetworkTopologyImpl.java:add(112)) - Added a new node: /default-rack/73fc6282-bdcb-4a1d-9106-80b228a82791
2021-09-05 14:30:31,457 [IPC Server handler 3 on default port 13989] INFO  node.SCMNodeManager (SCMNodeManager.java:register(390)) - Registered Data node : 73fc6282-bdcb-4a1d-9106-80b228a82791{ip: 127.0.0.1, host: localhost, ports: [REPLICATION=42617, RATIS=46567, RATIS_ADMIN=46567, RATIS_SERVER=46567, STANDALONE=44315], networkLocation: /default-rack, certSerialId: null, persistedOpState: null, persistedOpStateExpiryEpochSec: 0}
2021-09-05 14:30:31,458 [EventQueue-NewNodeForNewNodeHandler] INFO  pipeline.BackgroundPipelineCreator (BackgroundPipelineCreatorV2.java:notifyEventTriggered(279)) - ignore, not leader SCM.
2021-09-05 14:30:31,458 [EventQueue-PipelineReportForPipelineReportHandler] INFO  pipeline.PipelineManagerImpl (PipelineManagerImpl.java:openPipeline(282)) - Pipeline Pipeline[ Id: 7903d46d-ad54-4c27-a6ea-9ab55f00acc5, Nodes: 83398dfc-751f-4fe2-af5b-c65c8f1546c8{ip: 127.0.0.1, host: localhost, ports: [REPLICATION=45841, RATIS=46795, RATIS_ADMIN=46795, RATIS_SERVER=46795, STANDALONE=45989], networkLocation: /default-rack, certSerialId: null, persistedOpState: IN_SERVICE, persistedOpStateExpiryEpochSec: 0}73fc6282-bdcb-4a1d-9106-80b228a82791{ip: 127.0.0.1, host: localhost, ports: [REPLICATION=42617, RATIS=46567, RATIS_ADMIN=46567, RATIS_SERVER=46567, STANDALONE=44315], networkLocation: /default-rack, certSerialId: null, persistedOpState: IN_SERVICE, persistedOpStateExpiryEpochSec: 0}6bbc5292-b6d7-424f-9a49-f587de829c2d{ip: 127.0.0.1, host: localhost, ports: [REPLICATION=39479, RATIS=46659, RATIS_ADMIN=46659, RATIS_SERVER=46659, STANDALONE=41237], networkLocation: /default-rack, certSerialId: null, persistedOpState: IN_SERVICE, persistedOpStateExpiryEpochSec: 0}, ReplicationConfig: RATIS/THREE, State:ALLOCATED, leaderId:73fc6282-bdcb-4a1d-9106-80b228a82791, CreationTimestamp2021-09-05T14:30:26.142Z[Etc/UTC]] moved to OPEN state
2021-09-05 14:30:31,485 [EventQueue-PipelineReportForPipelineReportHandler] ERROR events.SingleThreadExecutor (SingleThreadExecutor.java:lambda$onMessage$1(88)) - Error on execution message org.apache.hadoop.hdds.scm.server.SCMDatanodeHeartbeatDispatcher$PipelineReportFromDatanode@cb17cd6
java.lang.reflect.UndeclaredThrowableException
	at com.sun.proxy.$Proxy23.updatePipelineState(Unknown Source)
	at org.apache.hadoop.hdds.scm.pipeline.PipelineManagerImpl.openPipeline(PipelineManagerImpl.java:283)
	at org.apache.hadoop.hdds.scm.pipeline.PipelineReportHandler.processPipelineReport(PipelineReportHandler.java:133)
	at org.apache.hadoop.hdds.scm.pipeline.PipelineReportHandler.onMessage(PipelineReportHandler.java:92)
	at org.apache.hadoop.hdds.scm.pipeline.PipelineReportHandler.onMessage(PipelineReportHandler.java:51)
	at org.apache.hadoop.hdds.server.events.SingleThreadExecutor.lambda$onMessage$1(SingleThreadExecutor.java:85)
	at java.util.concurrent.ThreadPoolExecutor.runWorker(ThreadPoolExecutor.java:1149)
	at java.util.concurrent.ThreadPoolExecutor$Worker.run(ThreadPoolExecutor.java:624)
	at java.lang.Thread.run(Thread.java:748)
Caused by: java.util.concurrent.ExecutionException: org.apache.ratis.protocol.exceptions.ServerNotReadyException: 49d04e48-288c-4908-850c-f7267af01073@group-97DB8748AD29 is not in [RUNNING]: current state is CLOSED
	at java.util.concurrent.CompletableFuture.reportGet(CompletableFuture.java:357)
	at java.util.concurrent.CompletableFuture.get(CompletableFuture.java:1928)
	at org.apache.hadoop.hdds.scm.ha.SCMRatisServerImpl.submitRequest(SCMRatisServerImpl.java:223)
	at org.apache.hadoop.hdds.scm.ha.SCMHAInvocationHandler.invokeRatis(SCMHAInvocationHandler.java:110)
	at org.apache.hadoop.hdds.scm.ha.SCMHAInvocationHandler.invoke(SCMHAInvocationHandler.java:67)
	... 9 more
Caused by: org.apache.ratis.protocol.exceptions.ServerNotReadyException: 49d04e48-288c-4908-850c-f7267af01073@group-97DB8748AD29 is not in [RUNNING]: current state is CLOSED
	at org.apache.ratis.server.impl.RaftServerImpl.lambda$assertLifeCycleState$9(RaftServerImpl.java:667)
	at org.apache.ratis.util.LifeCycle.assertCurrentState(LifeCycle.java:253)
	at org.apache.ratis.server.impl.RaftServerImpl.assertLifeCycleState(RaftServerImpl.java:666)
	at org.apache.ratis.server.impl.RaftServerImpl.submitClientRequestAsync(RaftServerImpl.java:745)
	at org.apache.ratis.server.impl.RaftServerProxy.lambda$submitClientRequestAsync$9(RaftServerProxy.java:417)
	at org.apache.ratis.server.impl.RaftServerProxy.lambda$null$7(RaftServerProxy.java:412)
	at org.apache.ratis.util.JavaUtils.callAsUnchecked(JavaUtils.java:115)
	at org.apache.ratis.server.impl.RaftServerProxy.lambda$submitRequest$8(RaftServerProxy.java:412)
	at java.util.concurrent.CompletableFuture.uniComposeStage(CompletableFuture.java:995)
	at java.util.concurrent.CompletableFuture.thenCompose(CompletableFuture.java:2137)
	at org.apache.ratis.server.impl.RaftServerProxy.submitRequest(RaftServerProxy.java:411)
	at org.apache.ratis.server.impl.RaftServerProxy.submitClientRequestAsync(RaftServerProxy.java:417)
	at org.apache.hadoop.hdds.scm.ha.SCMRatisServerImpl.submitRequest(SCMRatisServerImpl.java:222)
	... 11 more
2021-09-05 14:30:31,774 [EndpointStateMachine task thread for /127.0.0.1:14541 - 0 ] INFO  ipc.Client (Client.java:handleConnectionFailure(977)) - Retrying connect to server: localhost/127.0.0.1:14541. Already tried 4 time(s); retry policy is RetryUpToMaximumCountWithFixedSleep(maxRetries=15, sleepTime=1000 MILLISECONDS)
2021-09-05 14:30:31,774 [EndpointStateMachine task thread for /127.0.0.1:14531 - 0 ] INFO  ipc.Client (Client.java:handleConnectionFailure(977)) - Retrying connect to server: localhost/127.0.0.1:14531. Already tried 5 time(s); retry policy is RetryUpToMaximumCountWithFixedSleep(maxRetries=15, sleepTime=1000 MILLISECONDS)
2021-09-05 14:30:31,790 [EndpointStateMachine task thread for /127.0.0.1:14521 - 0 ] INFO  ipc.Client (Client.java:handleConnectionFailure(977)) - Retrying connect to server: localhost/127.0.0.1:14521. Already tried 6 time(s); retry policy is RetryUpToMaximumCountWithFixedSleep(maxRetries=15, sleepTime=1000 MILLISECONDS)
2021-09-05 14:30:31,905 [EventQueue-PipelineReportForPipelineReportHandler] INFO  pipeline.PipelineManagerImpl (PipelineManagerImpl.java:openPipeline(282)) - Pipeline Pipeline[ Id: 7903d46d-ad54-4c27-a6ea-9ab55f00acc5, Nodes: 83398dfc-751f-4fe2-af5b-c65c8f1546c8{ip: 127.0.0.1, host: localhost, ports: [REPLICATION=45841, RATIS=46795, RATIS_ADMIN=46795, RATIS_SERVER=46795, STANDALONE=45989], networkLocation: /default-rack, certSerialId: null, persistedOpState: IN_SERVICE, persistedOpStateExpiryEpochSec: 0}73fc6282-bdcb-4a1d-9106-80b228a82791{ip: 127.0.0.1, host: localhost, ports: [REPLICATION=42617, RATIS=46567, RATIS_ADMIN=46567, RATIS_SERVER=46567, STANDALONE=44315], networkLocation: /default-rack, certSerialId: null, persistedOpState: IN_SERVICE, persistedOpStateExpiryEpochSec: 0}6bbc5292-b6d7-424f-9a49-f587de829c2d{ip: 127.0.0.1, host: localhost, ports: [REPLICATION=39479, RATIS=46659, RATIS_ADMIN=46659, RATIS_SERVER=46659, STANDALONE=41237], networkLocation: /default-rack, certSerialId: null, persistedOpState: IN_SERVICE, persistedOpStateExpiryEpochSec: 0}, ReplicationConfig: RATIS/THREE, State:ALLOCATED, leaderId:73fc6282-bdcb-4a1d-9106-80b228a82791, CreationTimestamp2021-09-05T14:30:26.142Z[Etc/UTC]] moved to OPEN state
2021-09-05 14:30:31,905 [EventQueue-PipelineReportForPipelineReportHandler] ERROR events.SingleThreadExecutor (SingleThreadExecutor.java:lambda$onMessage$1(88)) - Error on execution message org.apache.hadoop.hdds.scm.server.SCMDatanodeHeartbeatDispatcher$PipelineReportFromDatanode@703a2e9
java.lang.reflect.UndeclaredThrowableException
	at com.sun.proxy.$Proxy23.updatePipelineState(Unknown Source)
	at org.apache.hadoop.hdds.scm.pipeline.PipelineManagerImpl.openPipeline(PipelineManagerImpl.java:283)
	at org.apache.hadoop.hdds.scm.pipeline.PipelineReportHandler.processPipelineReport(PipelineReportHandler.java:133)
	at org.apache.hadoop.hdds.scm.pipeline.PipelineReportHandler.onMessage(PipelineReportHandler.java:92)
	at org.apache.hadoop.hdds.scm.pipeline.PipelineReportHandler.onMessage(PipelineReportHandler.java:51)
	at org.apache.hadoop.hdds.server.events.SingleThreadExecutor.lambda$onMessage$1(SingleThreadExecutor.java:85)
	at java.util.concurrent.ThreadPoolExecutor.runWorker(ThreadPoolExecutor.java:1149)
	at java.util.concurrent.ThreadPoolExecutor$Worker.run(ThreadPoolExecutor.java:624)
	at java.lang.Thread.run(Thread.java:748)
Caused by: java.util.concurrent.ExecutionException: org.apache.ratis.protocol.exceptions.ServerNotReadyException: 49d04e48-288c-4908-850c-f7267af01073@group-97DB8748AD29 is not in [RUNNING]: current state is CLOSED
	at java.util.concurrent.CompletableFuture.reportGet(CompletableFuture.java:357)
	at java.util.concurrent.CompletableFuture.get(CompletableFuture.java:1928)
	at org.apache.hadoop.hdds.scm.ha.SCMRatisServerImpl.submitRequest(SCMRatisServerImpl.java:223)
	at org.apache.hadoop.hdds.scm.ha.SCMHAInvocationHandler.invokeRatis(SCMHAInvocationHandler.java:110)
	at org.apache.hadoop.hdds.scm.ha.SCMHAInvocationHandler.invoke(SCMHAInvocationHandler.java:67)
	... 9 more
Caused by: org.apache.ratis.protocol.exceptions.ServerNotReadyException: 49d04e48-288c-4908-850c-f7267af01073@group-97DB8748AD29 is not in [RUNNING]: current state is CLOSED
	at org.apache.ratis.server.impl.RaftServerImpl.lambda$assertLifeCycleState$9(RaftServerImpl.java:667)
	at org.apache.ratis.util.LifeCycle.assertCurrentState(LifeCycle.java:253)
	at org.apache.ratis.server.impl.RaftServerImpl.assertLifeCycleState(RaftServerImpl.java:666)
	at org.apache.ratis.server.impl.RaftServerImpl.submitClientRequestAsync(RaftServerImpl.java:745)
	at org.apache.ratis.server.impl.RaftServerProxy.lambda$submitClientRequestAsync$9(RaftServerProxy.java:417)
	at org.apache.ratis.server.impl.RaftServerProxy.lambda$null$7(RaftServerProxy.java:412)
	at org.apache.ratis.util.JavaUtils.callAsUnchecked(JavaUtils.java:115)
	at org.apache.ratis.server.impl.RaftServerProxy.lambda$submitRequest$8(RaftServerProxy.java:412)
	at java.util.concurrent.CompletableFuture.uniComposeStage(CompletableFuture.java:995)
	at java.util.concurrent.CompletableFuture.thenCompose(CompletableFuture.java:2137)
	at org.apache.ratis.server.impl.RaftServerProxy.submitRequest(RaftServerProxy.java:411)
	at org.apache.ratis.server.impl.RaftServerProxy.submitClientRequestAsync(RaftServerProxy.java:417)
	at org.apache.hadoop.hdds.scm.ha.SCMRatisServerImpl.submitRequest(SCMRatisServerImpl.java:222)
	... 11 more
2021-09-05 14:30:31,952 [Datanode State Machine Thread - 0] ERROR datanode.RunningDatanodeState (RunningDatanodeState.java:computeNextContainerState(199)) - Error in executing end point task.
java.util.concurrent.ExecutionException: java.util.concurrent.TimeoutException
	at java.util.concurrent.FutureTask.report(FutureTask.java:122)
	at java.util.concurrent.FutureTask.get(FutureTask.java:192)
	at org.apache.hadoop.ozone.container.common.states.datanode.RunningDatanodeState.computeNextContainerState(RunningDatanodeState.java:191)
	at org.apache.hadoop.ozone.container.common.states.datanode.RunningDatanodeState.await(RunningDatanodeState.java:231)
	at org.apache.hadoop.ozone.container.common.states.datanode.RunningDatanodeState.await(RunningDatanodeState.java:50)
	at org.apache.hadoop.ozone.container.common.statemachine.StateContext.execute(StateContext.java:629)
	at org.apache.hadoop.ozone.container.common.statemachine.DatanodeStateMachine.start(DatanodeStateMachine.java:270)
	at org.apache.hadoop.ozone.container.common.statemachine.DatanodeStateMachine.lambda$startDaemon$0(DatanodeStateMachine.java:456)
	at java.lang.Thread.run(Thread.java:748)
Caused by: java.util.concurrent.TimeoutException
	at java.util.concurrent.FutureTask.get(FutureTask.java:205)
	at org.apache.hadoop.ozone.container.common.states.datanode.RunningDatanodeState.lambda$execute$0(RunningDatanodeState.java:149)
	at java.util.concurrent.FutureTask.run(FutureTask.java:266)
	at java.util.concurrent.Executors$RunnableAdapter.call(Executors.java:511)
	at java.util.concurrent.FutureTask.run(FutureTask.java:266)
	at java.util.concurrent.ThreadPoolExecutor.runWorker(ThreadPoolExecutor.java:1149)
	at java.util.concurrent.ThreadPoolExecutor$Worker.run(ThreadPoolExecutor.java:624)
	... 1 more
2021-09-05 14:30:31,955 [EndpointStateMachine task thread for /127.0.0.1:13969 - 0 ] INFO  ipc.Client (Client.java:handleConnectionFailure(977)) - Retrying connect to server: localhost/127.0.0.1:13969. Already tried 0 time(s); retry policy is RetryUpToMaximumCountWithFixedSleep(maxRetries=15, sleepTime=1000 MILLISECONDS)
2021-09-05 14:30:31,959 [EventQueue-PipelineReportForPipelineReportHandler] INFO  pipeline.PipelineManagerImpl (PipelineManagerImpl.java:openPipeline(282)) - Pipeline Pipeline[ Id: 7903d46d-ad54-4c27-a6ea-9ab55f00acc5, Nodes: 83398dfc-751f-4fe2-af5b-c65c8f1546c8{ip: 127.0.0.1, host: localhost, ports: [REPLICATION=45841, RATIS=46795, RATIS_ADMIN=46795, RATIS_SERVER=46795, STANDALONE=45989], networkLocation: /default-rack, certSerialId: null, persistedOpState: IN_SERVICE, persistedOpStateExpiryEpochSec: 0}73fc6282-bdcb-4a1d-9106-80b228a82791{ip: 127.0.0.1, host: localhost, ports: [REPLICATION=42617, RATIS=46567, RATIS_ADMIN=46567, RATIS_SERVER=46567, STANDALONE=44315], networkLocation: /default-rack, certSerialId: null, persistedOpState: IN_SERVICE, persistedOpStateExpiryEpochSec: 0}6bbc5292-b6d7-424f-9a49-f587de829c2d{ip: 127.0.0.1, host: localhost, ports: [REPLICATION=39479, RATIS=46659, RATIS_ADMIN=46659, RATIS_SERVER=46659, STANDALONE=41237], networkLocation: /default-rack, certSerialId: null, persistedOpState: IN_SERVICE, persistedOpStateExpiryEpochSec: 0}, ReplicationConfig: RATIS/THREE, State:ALLOCATED, leaderId:73fc6282-bdcb-4a1d-9106-80b228a82791, CreationTimestamp2021-09-05T14:30:26.142Z[Etc/UTC]] moved to OPEN state
2021-09-05 14:30:31,960 [EventQueue-PipelineReportForPipelineReportHandler] ERROR events.SingleThreadExecutor (SingleThreadExecutor.java:lambda$onMessage$1(88)) - Error on execution message org.apache.hadoop.hdds.scm.server.SCMDatanodeHeartbeatDispatcher$PipelineReportFromDatanode@44d47ee4
java.lang.reflect.UndeclaredThrowableException
	at com.sun.proxy.$Proxy23.updatePipelineState(Unknown Source)
	at org.apache.hadoop.hdds.scm.pipeline.PipelineManagerImpl.openPipeline(PipelineManagerImpl.java:283)
	at org.apache.hadoop.hdds.scm.pipeline.PipelineReportHandler.processPipelineReport(PipelineReportHandler.java:133)
	at org.apache.hadoop.hdds.scm.pipeline.PipelineReportHandler.onMessage(PipelineReportHandler.java:92)
	at org.apache.hadoop.hdds.scm.pipeline.PipelineReportHandler.onMessage(PipelineReportHandler.java:51)
	at org.apache.hadoop.hdds.server.events.SingleThreadExecutor.lambda$onMessage$1(SingleThreadExecutor.java:85)
	at java.util.concurrent.ThreadPoolExecutor.runWorker(ThreadPoolExecutor.java:1149)
	at java.util.concurrent.ThreadPoolExecutor$Worker.run(ThreadPoolExecutor.java:624)
	at java.lang.Thread.run(Thread.java:748)
Caused by: java.util.concurrent.ExecutionException: org.apache.ratis.protocol.exceptions.ServerNotReadyException: 49d04e48-288c-4908-850c-f7267af01073@group-97DB8748AD29 is not in [RUNNING]: current state is CLOSED
	at java.util.concurrent.CompletableFuture.reportGet(CompletableFuture.java:357)
	at java.util.concurrent.CompletableFuture.get(CompletableFuture.java:1928)
	at org.apache.hadoop.hdds.scm.ha.SCMRatisServerImpl.submitRequest(SCMRatisServerImpl.java:223)
	at org.apache.hadoop.hdds.scm.ha.SCMHAInvocationHandler.invokeRatis(SCMHAInvocationHandler.java:110)
	at org.apache.hadoop.hdds.scm.ha.SCMHAInvocationHandler.invoke(SCMHAInvocationHandler.java:67)
	... 9 more
Caused by: org.apache.ratis.protocol.exceptions.ServerNotReadyException: 49d04e48-288c-4908-850c-f7267af01073@group-97DB8748AD29 is not in [RUNNING]: current state is CLOSED
	at org.apache.ratis.server.impl.RaftServerImpl.lambda$assertLifeCycleState$9(RaftServerImpl.java:667)
	at org.apache.ratis.util.LifeCycle.assertCurrentState(LifeCycle.java:253)
	at org.apache.ratis.server.impl.RaftServerImpl.assertLifeCycleState(RaftServerImpl.java:666)
	at org.apache.ratis.server.impl.RaftServerImpl.submitClientRequestAsync(RaftServerImpl.java:745)
	at org.apache.ratis.server.impl.RaftServerProxy.lambda$submitClientRequestAsync$9(RaftServerProxy.java:417)
	at org.apache.ratis.server.impl.RaftServerProxy.lambda$null$7(RaftServerProxy.java:412)
	at org.apache.ratis.util.JavaUtils.callAsUnchecked(JavaUtils.java:115)
	at org.apache.ratis.server.impl.RaftServerProxy.lambda$submitRequest$8(RaftServerProxy.java:412)
	at java.util.concurrent.CompletableFuture.uniComposeStage(CompletableFuture.java:995)
	at java.util.concurrent.CompletableFuture.thenCompose(CompletableFuture.java:2137)
	at org.apache.ratis.server.impl.RaftServerProxy.submitRequest(RaftServerProxy.java:411)
	at org.apache.ratis.server.impl.RaftServerProxy.submitClientRequestAsync(RaftServerProxy.java:417)
	at org.apache.hadoop.hdds.scm.ha.SCMRatisServerImpl.submitRequest(SCMRatisServerImpl.java:222)
	... 11 more
2021-09-05 14:30:32,455 [Datanode State Machine Thread - 0] ERROR datanode.RunningDatanodeState (RunningDatanodeState.java:computeNextContainerState(199)) - Error in executing end point task.
java.util.concurrent.ExecutionException: java.util.concurrent.TimeoutException
	at java.util.concurrent.FutureTask.report(FutureTask.java:122)
	at java.util.concurrent.FutureTask.get(FutureTask.java:192)
	at org.apache.hadoop.ozone.container.common.states.datanode.RunningDatanodeState.computeNextContainerState(RunningDatanodeState.java:191)
	at org.apache.hadoop.ozone.container.common.states.datanode.RunningDatanodeState.await(RunningDatanodeState.java:231)
	at org.apache.hadoop.ozone.container.common.states.datanode.RunningDatanodeState.await(RunningDatanodeState.java:50)
	at org.apache.hadoop.ozone.container.common.statemachine.StateContext.execute(StateContext.java:629)
	at org.apache.hadoop.ozone.container.common.statemachine.DatanodeStateMachine.start(DatanodeStateMachine.java:270)
	at org.apache.hadoop.ozone.container.common.statemachine.DatanodeStateMachine.lambda$startDaemon$0(DatanodeStateMachine.java:456)
	at java.lang.Thread.run(Thread.java:748)
Caused by: java.util.concurrent.TimeoutException
	at java.util.concurrent.FutureTask.get(FutureTask.java:205)
	at org.apache.hadoop.ozone.container.common.states.datanode.RunningDatanodeState.lambda$execute$0(RunningDatanodeState.java:149)
	at java.util.concurrent.FutureTask.run(FutureTask.java:266)
	at java.util.concurrent.Executors$RunnableAdapter.call(Executors.java:511)
	at java.util.concurrent.FutureTask.run(FutureTask.java:266)
	at java.util.concurrent.ThreadPoolExecutor.runWorker(ThreadPoolExecutor.java:1149)
	at java.util.concurrent.ThreadPoolExecutor$Worker.run(ThreadPoolExecutor.java:624)
	... 1 more
2021-09-05 14:30:32,459 [EventQueue-PipelineReportForPipelineReportHandler] INFO  pipeline.PipelineManagerImpl (PipelineManagerImpl.java:openPipeline(282)) - Pipeline Pipeline[ Id: 7903d46d-ad54-4c27-a6ea-9ab55f00acc5, Nodes: 83398dfc-751f-4fe2-af5b-c65c8f1546c8{ip: 127.0.0.1, host: localhost, ports: [REPLICATION=45841, RATIS=46795, RATIS_ADMIN=46795, RATIS_SERVER=46795, STANDALONE=45989], networkLocation: /default-rack, certSerialId: null, persistedOpState: IN_SERVICE, persistedOpStateExpiryEpochSec: 0}73fc6282-bdcb-4a1d-9106-80b228a82791{ip: 127.0.0.1, host: localhost, ports: [REPLICATION=42617, RATIS=46567, RATIS_ADMIN=46567, RATIS_SERVER=46567, STANDALONE=44315], networkLocation: /default-rack, certSerialId: null, persistedOpState: IN_SERVICE, persistedOpStateExpiryEpochSec: 0}6bbc5292-b6d7-424f-9a49-f587de829c2d{ip: 127.0.0.1, host: localhost, ports: [REPLICATION=39479, RATIS=46659, RATIS_ADMIN=46659, RATIS_SERVER=46659, STANDALONE=41237], networkLocation: /default-rack, certSerialId: null, persistedOpState: IN_SERVICE, persistedOpStateExpiryEpochSec: 0}, ReplicationConfig: RATIS/THREE, State:ALLOCATED, leaderId:73fc6282-bdcb-4a1d-9106-80b228a82791, CreationTimestamp2021-09-05T14:30:26.142Z[Etc/UTC]] moved to OPEN state
2021-09-05 14:30:32,460 [EventQueue-PipelineReportForPipelineReportHandler] ERROR events.SingleThreadExecutor (SingleThreadExecutor.java:lambda$onMessage$1(88)) - Error on execution message org.apache.hadoop.hdds.scm.server.SCMDatanodeHeartbeatDispatcher$PipelineReportFromDatanode@775ad42e
java.lang.reflect.UndeclaredThrowableException
	at com.sun.proxy.$Proxy23.updatePipelineState(Unknown Source)
	at org.apache.hadoop.hdds.scm.pipeline.PipelineManagerImpl.openPipeline(PipelineManagerImpl.java:283)
	at org.apache.hadoop.hdds.scm.pipeline.PipelineReportHandler.processPipelineReport(PipelineReportHandler.java:133)
	at org.apache.hadoop.hdds.scm.pipeline.PipelineReportHandler.onMessage(PipelineReportHandler.java:92)
	at org.apache.hadoop.hdds.scm.pipeline.PipelineReportHandler.onMessage(PipelineReportHandler.java:51)
	at org.apache.hadoop.hdds.server.events.SingleThreadExecutor.lambda$onMessage$1(SingleThreadExecutor.java:85)
	at java.util.concurrent.ThreadPoolExecutor.runWorker(ThreadPoolExecutor.java:1149)
	at java.util.concurrent.ThreadPoolExecutor$Worker.run(ThreadPoolExecutor.java:624)
	at java.lang.Thread.run(Thread.java:748)
Caused by: java.util.concurrent.ExecutionException: org.apache.ratis.protocol.exceptions.ServerNotReadyException: 49d04e48-288c-4908-850c-f7267af01073@group-97DB8748AD29 is not in [RUNNING]: current state is CLOSED
	at java.util.concurrent.CompletableFuture.reportGet(CompletableFuture.java:357)
	at java.util.concurrent.CompletableFuture.get(CompletableFuture.java:1928)
	at org.apache.hadoop.hdds.scm.ha.SCMRatisServerImpl.submitRequest(SCMRatisServerImpl.java:223)
	at org.apache.hadoop.hdds.scm.ha.SCMHAInvocationHandler.invokeRatis(SCMHAInvocationHandler.java:110)
	at org.apache.hadoop.hdds.scm.ha.SCMHAInvocationHandler.invoke(SCMHAInvocationHandler.java:67)
	... 9 more
Caused by: org.apache.ratis.protocol.exceptions.ServerNotReadyException: 49d04e48-288c-4908-850c-f7267af01073@group-97DB8748AD29 is not in [RUNNING]: current state is CLOSED
	at org.apache.ratis.server.impl.RaftServerImpl.lambda$assertLifeCycleState$9(RaftServerImpl.java:667)
	at org.apache.ratis.util.LifeCycle.assertCurrentState(LifeCycle.java:253)
	at org.apache.ratis.server.impl.RaftServerImpl.assertLifeCycleState(RaftServerImpl.java:666)
	at org.apache.ratis.server.impl.RaftServerImpl.submitClientRequestAsync(RaftServerImpl.java:745)
	at org.apache.ratis.server.impl.RaftServerProxy.lambda$submitClientRequestAsync$9(RaftServerProxy.java:417)
	at org.apache.ratis.server.impl.RaftServerProxy.lambda$null$7(RaftServerProxy.java:412)
	at org.apache.ratis.util.JavaUtils.callAsUnchecked(JavaUtils.java:115)
	at org.apache.ratis.server.impl.RaftServerProxy.lambda$submitRequest$8(RaftServerProxy.java:412)
	at java.util.concurrent.CompletableFuture.uniComposeStage(CompletableFuture.java:995)
	at java.util.concurrent.CompletableFuture.thenCompose(CompletableFuture.java:2137)
	at org.apache.ratis.server.impl.RaftServerProxy.submitRequest(RaftServerProxy.java:411)
	at org.apache.ratis.server.impl.RaftServerProxy.submitClientRequestAsync(RaftServerProxy.java:417)
	at org.apache.hadoop.hdds.scm.ha.SCMRatisServerImpl.submitRequest(SCMRatisServerImpl.java:222)
	... 11 more
2021-09-05 14:30:32,774 [EndpointStateMachine task thread for /127.0.0.1:14541 - 0 ] INFO  ipc.Client (Client.java:handleConnectionFailure(977)) - Retrying connect to server: localhost/127.0.0.1:14541. Already tried 5 time(s); retry policy is RetryUpToMaximumCountWithFixedSleep(maxRetries=15, sleepTime=1000 MILLISECONDS)
2021-09-05 14:30:32,775 [EndpointStateMachine task thread for /127.0.0.1:14531 - 0 ] INFO  ipc.Client (Client.java:handleConnectionFailure(977)) - Retrying connect to server: localhost/127.0.0.1:14531. Already tried 6 time(s); retry policy is RetryUpToMaximumCountWithFixedSleep(maxRetries=15, sleepTime=1000 MILLISECONDS)
2021-09-05 14:30:32,791 [EndpointStateMachine task thread for /127.0.0.1:14521 - 0 ] INFO  ipc.Client (Client.java:handleConnectionFailure(977)) - Retrying connect to server: localhost/127.0.0.1:14521. Already tried 7 time(s); retry policy is RetryUpToMaximumCountWithFixedSleep(maxRetries=15, sleepTime=1000 MILLISECONDS)
2021-09-05 14:30:32,956 [EndpointStateMachine task thread for /127.0.0.1:13969 - 0 ] INFO  ipc.Client (Client.java:handleConnectionFailure(977)) - Retrying connect to server: localhost/127.0.0.1:13969. Already tried 1 time(s); retry policy is RetryUpToMaximumCountWithFixedSleep(maxRetries=15, sleepTime=1000 MILLISECONDS)
2021-09-05 14:30:33,041 [9d3796c5-d907-4196-a355-2f07340af16c@group-97DB8748AD29-StateMachineUpdater] INFO  ha.SCMStateMachine (SCMStateMachine.java:takeSnapshot(290)) - Current Snapshot Index 30, takeSnapshot took 0 ms
2021-09-05 14:30:33,041 [9d3796c5-d907-4196-a355-2f07340af16c@group-97DB8748AD29-StateMachineUpdater] INFO  impl.StateMachineUpdater (StateMachineUpdater.java:takeSnapshot(281)) - 9d3796c5-d907-4196-a355-2f07340af16c@group-97DB8748AD29-StateMachineUpdater: Took a snapshot at index 30
2021-09-05 14:30:33,041 [9d3796c5-d907-4196-a355-2f07340af16c@group-97DB8748AD29-StateMachineUpdater] INFO  impl.StateMachineUpdater (StateMachineUpdater.java:lambda$new$0(89)) - 9d3796c5-d907-4196-a355-2f07340af16c@group-97DB8748AD29-StateMachineUpdater: snapshotIndex: updateIncreasingly 25 -> 30
2021-09-05 14:30:33,041 [9d3796c5-d907-4196-a355-2f07340af16c@group-97DB8748AD29-StateMachineUpdater] INFO  raftlog.RaftLog (RaftLogBase.java:purge(306)) - 9d3796c5-d907-4196-a355-2f07340af16c@group-97DB8748AD29-SegmentedRaftLog: purge 30
2021-09-05 14:30:33,042 [9d3796c5-d907-4196-a355-2f07340af16c@group-97DB8748AD29-StateMachineUpdater] INFO  raftlog.RaftLog (RaftLogBase.java:lambda$new$0(53)) - 9d3796c5-d907-4196-a355-2f07340af16c@group-97DB8748AD29-SegmentedRaftLog: snapshotIndex: updateIncreasingly 25 -> 30
2021-09-05 14:30:33,042 [9d3796c5-d907-4196-a355-2f07340af16c@group-97DB8748AD29-StateMachineUpdater] INFO  raftlog.RaftLog (RaftLogBase.java:lambda$new$0(53)) - 9d3796c5-d907-4196-a355-2f07340af16c@group-97DB8748AD29-SegmentedRaftLog: purgeIndex: updateToMax old=25, new=30, updated? true
2021-09-05 14:30:33,413 [SCM Heartbeat Processing Thread - 0] WARN  node.NodeStateManager (NodeStateManager.java:scheduleNextHealthCheck(799)) - Current Thread is interrupted, shutting down HB processing thread for Node Manager.
2021-09-05 14:30:33,427 [Listener at 127.0.0.1/11040] INFO  server.StorageContainerManager (StorageContainerManager.java:stop(1384)) - Stopping block service RPC server
2021-09-05 14:30:33,428 [Listener at 127.0.0.1/11040] INFO  server.SCMBlockProtocolServer (SCMBlockProtocolServer.java:stop(160)) - Stopping the RPC server for Block Protocol
2021-09-05 14:30:33,428 [Listener at 127.0.0.1/11040] INFO  ipc.Server (Server.java:stop(3414)) - Stopping server on 13970
2021-09-05 14:30:33,434 [IPC Server listener on 13970] INFO  ipc.Server (Server.java:run(1376)) - Stopping IPC Server listener on 13970
2021-09-05 14:30:33,439 [IPC Server Responder] INFO  ipc.Server (Server.java:run(1512)) - Stopping IPC Server Responder
2021-09-05 14:30:33,439 [Listener at 127.0.0.1/11040] INFO  server.StorageContainerManager (StorageContainerManager.java:stop(1391)) - Stopping the StorageContainerLocationProtocol RPC server
2021-09-05 14:30:33,439 [Listener at 127.0.0.1/11040] INFO  server.SCMClientProtocolServer (SCMClientProtocolServer.java:stop(173)) - Stopping the RPC server for Client Protocol
2021-09-05 14:30:33,439 [Listener at 127.0.0.1/11040] INFO  ipc.Server (Server.java:stop(3414)) - Stopping server on 13971
2021-09-05 14:30:33,444 [IPC Server listener on 13971] INFO  ipc.Server (Server.java:run(1376)) - Stopping IPC Server listener on 13971
2021-09-05 14:30:33,449 [Listener at 127.0.0.1/11040] INFO  server.StorageContainerManager (StorageContainerManager.java:stop(1398)) - Stopping Storage Container Manager HTTP server.
2021-09-05 14:30:33,450 [Listener at 127.0.0.1/11040] INFO  handler.ContextHandler (ContextHandler.java:doStop(1153)) - Stopped o.e.j.w.WebAppContext@79b0128d{scm,/,null,STOPPED}{file:/home/runner/work/ozone/ozone/hadoop-ozone/integration-test/target/test-classes/webapps/scm}
2021-09-05 14:30:33,450 [IPC Server Responder] INFO  ipc.Server (Server.java:run(1512)) - Stopping IPC Server Responder
2021-09-05 14:30:33,453 [Listener at 127.0.0.1/11040] INFO  server.AbstractConnector (AbstractConnector.java:doStop(381)) - Stopped ServerConnector@11dcc499{HTTP/1.1, (http/1.1)}{0.0.0.0:13966}
2021-09-05 14:30:33,453 [Listener at 127.0.0.1/11040] INFO  server.session (HouseKeeper.java:stopScavenging(149)) - node0 Stopped scavenging
2021-09-05 14:30:33,454 [Listener at 127.0.0.1/11040] INFO  handler.ContextHandler (ContextHandler.java:doStop(1153)) - Stopped o.e.j.s.ServletContextHandler@485d3d1{static,/static,file:///home/runner/work/ozone/ozone/hadoop-ozone/integration-test/target/test-classes/webapps/static,STOPPED}
2021-09-05 14:30:33,454 [Listener at 127.0.0.1/11040] INFO  handler.ContextHandler (ContextHandler.java:doStop(1153)) - Stopped o.e.j.s.ServletContextHandler@470a65ae{logs,/logs,file:///home/runner/work/ozone/ozone/hadoop-ozone/integration-test/target/log,STOPPED}
2021-09-05 14:30:33,456 [Listener at 127.0.0.1/11040] INFO  server.StorageContainerManager (StorageContainerManager.java:stop(1409)) - Stopping Block Manager Service.
2021-09-05 14:30:33,456 [Listener at 127.0.0.1/11040] INFO  utils.BackgroundService (BackgroundService.java:shutdown(132)) - Shutting down service SCMBlockDeletingService
2021-09-05 14:30:33,457 [Listener at 127.0.0.1/11040] INFO  utils.BackgroundService (BackgroundService.java:shutdown(132)) - Shutting down service SCMBlockDeletingService
2021-09-05 14:30:33,457 [Datanode State Machine Thread - 0] ERROR datanode.RunningDatanodeState (RunningDatanodeState.java:computeNextContainerState(199)) - Error in executing end point task.
java.util.concurrent.ExecutionException: java.util.concurrent.TimeoutException
	at java.util.concurrent.FutureTask.report(FutureTask.java:122)
	at java.util.concurrent.FutureTask.get(FutureTask.java:192)
	at org.apache.hadoop.ozone.container.common.states.datanode.RunningDatanodeState.computeNextContainerState(RunningDatanodeState.java:191)
	at org.apache.hadoop.ozone.container.common.states.datanode.RunningDatanodeState.await(RunningDatanodeState.java:231)
	at org.apache.hadoop.ozone.container.common.states.datanode.RunningDatanodeState.await(RunningDatanodeState.java:50)
	at org.apache.hadoop.ozone.container.common.statemachine.StateContext.execute(StateContext.java:629)
	at org.apache.hadoop.ozone.container.common.statemachine.DatanodeStateMachine.start(DatanodeStateMachine.java:270)
	at org.apache.hadoop.ozone.container.common.statemachine.DatanodeStateMachine.lambda$startDaemon$0(DatanodeStateMachine.java:456)
	at java.lang.Thread.run(Thread.java:748)
Caused by: java.util.concurrent.TimeoutException
	at java.util.concurrent.FutureTask.get(FutureTask.java:205)
	at org.apache.hadoop.ozone.container.common.states.datanode.RunningDatanodeState.lambda$execute$0(RunningDatanodeState.java:149)
	at java.util.concurrent.FutureTask.run(FutureTask.java:266)
	at java.util.concurrent.Executors$RunnableAdapter.call(Executors.java:511)
	at java.util.concurrent.FutureTask.run(FutureTask.java:266)
	at java.util.concurrent.ThreadPoolExecutor.runWorker(ThreadPoolExecutor.java:1149)
	at java.util.concurrent.ThreadPoolExecutor$Worker.run(ThreadPoolExecutor.java:624)
	... 1 more
2021-09-05 14:30:33,457 [Listener at 127.0.0.1/11040] INFO  server.StorageContainerManager (StorageContainerManager.java:stop(1436)) - Stopping SCM Event Queue.
2021-09-05 14:30:33,467 [Listener at 127.0.0.1/11040] INFO  server.StorageContainerManager (StorageContainerManager.java:stop(1447)) - Stopping SCM HA services.
2021-09-05 14:30:33,467 [Listener at 127.0.0.1/11040] INFO  ha.SCMRatisServerImpl (SCMRatisServerImpl.java:stop(236)) - stopping ratis server 0.0.0.0:13968
2021-09-05 14:30:33,467 [Listener at 127.0.0.1/11040] INFO  server.RaftServer (RaftServerProxy.java:lambda$close$6(391)) - 69e17fe3-75d6-40e2-b575-3df3d97ee56c: close
2021-09-05 14:30:33,467 [Listener at 127.0.0.1/11040] INFO  server.RaftServer$Division (RaftServerImpl.java:lambda$close$4(407)) - 69e17fe3-75d6-40e2-b575-3df3d97ee56c@group-97DB8748AD29: shutdown
2021-09-05 14:30:33,468 [Listener at 127.0.0.1/11040] INFO  util.JmxRegister (JmxRegister.java:unregister(73)) - Successfully un-registered JMX Bean with object name Ratis:service=RaftServer,group=group-97DB8748AD29,id=69e17fe3-75d6-40e2-b575-3df3d97ee56c
2021-09-05 14:30:33,468 [Listener at 127.0.0.1/11040] INFO  impl.RoleInfo (RoleInfo.java:shutdownLeaderState(91)) - 69e17fe3-75d6-40e2-b575-3df3d97ee56c: shutdown 69e17fe3-75d6-40e2-b575-3df3d97ee56c@group-97DB8748AD29-LeaderStateImpl
2021-09-05 14:30:33,468 [69e17fe3-75d6-40e2-b575-3df3d97ee56c@group-97DB8748AD29->9d3796c5-d907-4196-a355-2f07340af16c-GrpcLogAppender-LogAppenderDaemon] WARN  server.GrpcLogAppender (GrpcLogAppender.java:mayWait(175)) - 69e17fe3-75d6-40e2-b575-3df3d97ee56c@group-97DB8748AD29->9d3796c5-d907-4196-a355-2f07340af16c-GrpcLogAppender: Wait interrupted by java.lang.InterruptedException
2021-09-05 14:30:33,468 [grpc-default-executor-0] INFO  server.GrpcServerProtocolService (GrpcServerProtocolService.java:onCompleted(140)) - 9d3796c5-d907-4196-a355-2f07340af16c: Completed APPEND_ENTRIES, lastRequest: 69e17fe3-75d6-40e2-b575-3df3d97ee56c->9d3796c5-d907-4196-a355-2f07340af16c#933-t2,previous=(t:2, i:29),leaderCommit=29,initializing? true,entries: size=1, first=(t:2, i:30), METADATAENTRY(c:29)
2021-09-05 14:30:33,469 [grpc-default-executor-0] INFO  server.GrpcLogAppender (GrpcLogAppender.java:onCompleted(344)) - 69e17fe3-75d6-40e2-b575-3df3d97ee56c@group-97DB8748AD29->9d3796c5-d907-4196-a355-2f07340af16c-AppendLogResponseHandler: follower responses appendEntries COMPLETED
2021-09-05 14:30:33,469 [grpc-default-executor-0] INFO  leader.FollowerInfo (FollowerInfoImpl.java:lambda$new$0(46)) - 69e17fe3-75d6-40e2-b575-3df3d97ee56c@group-97DB8748AD29->9d3796c5-d907-4196-a355-2f07340af16c: nextIndex: updateUnconditionally 31 -> 30
2021-09-05 14:30:33,470 [69e17fe3-75d6-40e2-b575-3df3d97ee56c@group-97DB8748AD29->49d04e48-288c-4908-850c-f7267af01073-GrpcLogAppender-LogAppenderDaemon] WARN  server.GrpcLogAppender (GrpcLogAppender.java:mayWait(175)) - 69e17fe3-75d6-40e2-b575-3df3d97ee56c@group-97DB8748AD29->49d04e48-288c-4908-850c-f7267af01073-GrpcLogAppender: Wait interrupted by java.lang.InterruptedException
2021-09-05 14:30:33,470 [grpc-default-executor-0] INFO  server.GrpcServerProtocolService (GrpcServerProtocolService.java:onCompleted(140)) - 49d04e48-288c-4908-850c-f7267af01073: Completed APPEND_ENTRIES, lastRequest: 69e17fe3-75d6-40e2-b575-3df3d97ee56c->49d04e48-288c-4908-850c-f7267af01073#59-t2,previous=(t:2, i:29),leaderCommit=29,initializing? true,entries: size=1, first=(t:2, i:30), METADATAENTRY(c:29)
2021-09-05 14:30:33,470 [grpc-default-executor-3] INFO  server.GrpcLogAppender (GrpcLogAppender.java:onCompleted(344)) - 69e17fe3-75d6-40e2-b575-3df3d97ee56c@group-97DB8748AD29->49d04e48-288c-4908-850c-f7267af01073-AppendLogResponseHandler: follower responses appendEntries COMPLETED
2021-09-05 14:30:33,470 [grpc-default-executor-3] INFO  leader.FollowerInfo (FollowerInfoImpl.java:lambda$new$0(46)) - 69e17fe3-75d6-40e2-b575-3df3d97ee56c@group-97DB8748AD29->49d04e48-288c-4908-850c-f7267af01073: nextIndex: updateUnconditionally 31 -> 30
2021-09-05 14:30:33,471 [Listener at 127.0.0.1/11040] INFO  impl.PendingRequests (PendingRequests.java:sendNotLeaderResponses(282)) - 69e17fe3-75d6-40e2-b575-3df3d97ee56c@group-97DB8748AD29-PendingRequests: sendNotLeaderResponses
2021-09-05 14:30:33,471 [Listener at 127.0.0.1/11040] INFO  ha.SCMStateMachine (SCMStateMachine.java:notifyNotLeader(183)) - current leader SCM steps down.
2021-09-05 14:30:33,471 [Listener at 127.0.0.1/11040] INFO  ha.SCMContext (SCMContext.java:updateLeaderAndTerm(88)) - update <isLeader,term> from <true,2> to <false,0>
2021-09-05 14:30:33,471 [Listener at 127.0.0.1/11040] INFO  ha.SCMContext (SCMContext.java:updateLeaderAndTerm(95)) - update <isLeaderReady> from <false> to <false>
2021-09-05 14:30:33,473 [Listener at 127.0.0.1/11040] INFO  impl.StateMachineUpdater (StateMachineUpdater.java:stopAndJoin(149)) - 69e17fe3-75d6-40e2-b575-3df3d97ee56c@group-97DB8748AD29-StateMachineUpdater: set stopIndex = 30
2021-09-05 14:30:33,473 [Listener at 127.0.0.1/11040] INFO  server.RaftServer$Division (ServerState.java:close(419)) - 69e17fe3-75d6-40e2-b575-3df3d97ee56c@group-97DB8748AD29: closes. applyIndex: 30
2021-09-05 14:30:33,473 [69e17fe3-75d6-40e2-b575-3df3d97ee56c@group-97DB8748AD29-SegmentedRaftLogWorker] INFO  segmented.SegmentedRaftLogWorker (SegmentedRaftLogWorker.java:run(327)) - 69e17fe3-75d6-40e2-b575-3df3d97ee56c@group-97DB8748AD29-SegmentedRaftLogWorker was interrupted, exiting. There are 0 tasks remaining in the queue.
2021-09-05 14:30:33,477 [Listener at 127.0.0.1/11040] INFO  segmented.SegmentedRaftLogWorker (SegmentedRaftLogWorker.java:close(237)) - 69e17fe3-75d6-40e2-b575-3df3d97ee56c@group-97DB8748AD29-SegmentedRaftLogWorker close()
2021-09-05 14:30:33,478 [Listener at 127.0.0.1/11040] INFO  server.GrpcService (GrpcService.java:closeImpl(262)) - 69e17fe3-75d6-40e2-b575-3df3d97ee56c: shutdown server with port 13968 now
2021-09-05 14:30:33,497 [Listener at 127.0.0.1/11040] INFO  server.GrpcService (GrpcService.java:closeImpl(271)) - 69e17fe3-75d6-40e2-b575-3df3d97ee56c: shutdown server with port 13968 successfully
2021-09-05 14:30:33,497 [org.apache.ratis.util.JvmPauseMonitor$$Lambda$499/1326998608@60d33834] INFO  util.JvmPauseMonitor (JvmPauseMonitor.java:run(109)) - JvmPauseMonitor-69e17fe3-75d6-40e2-b575-3df3d97ee56c: Stopped
2021-09-05 14:30:33,500 [Listener at 127.0.0.1/11040] INFO  pipeline.BackgroundPipelineCreator (BackgroundPipelineCreatorV2.java:stop(158)) - Stopping RatisPipelineUtilsThread.
2021-09-05 14:30:33,500 [Listener at 127.0.0.1/11040] INFO  server.StorageContainerManager (StorageContainerManager.java:stop(1457)) - Stopping SCM MetadataStore.
2021-09-05 14:30:33,501 [Listener at 127.0.0.1/11040] INFO  impl.MetricsSystemImpl (MetricsSystemImpl.java:stop(210)) - Stopping StorageContainerManager metrics system...
2021-09-05 14:30:33,502 [prometheus] INFO  impl.MetricsSinkAdapter (MetricsSinkAdapter.java:publishMetricsFromQueue(141)) - prometheus thread interrupted.
2021-09-05 14:30:33,509 [Listener at 127.0.0.1/11040] INFO  impl.MetricsSystemImpl (MetricsSystemImpl.java:stop(216)) - StorageContainerManager metrics system stopped.
2021-09-05 14:30:33,509 [Listener at 127.0.0.1/11040] INFO  ozone.MiniOzoneHAClusterImpl (MiniOzoneHAClusterImpl.java:stop(306)) - Stopping the StorageContainerManager 49d04e48-288c-4908-850c-f7267af01073
2021-09-05 14:30:33,509 [Listener at 127.0.0.1/11040] INFO  server.StorageContainerManager (StorageContainerManager.java:stop(1348)) - Stopping Container Balancer service.
2021-09-05 14:30:33,509 [Listener at 127.0.0.1/11040] INFO  balancer.ContainerBalancer (ContainerBalancer.java:stop(721)) - Container Balancer is not running.
2021-09-05 14:30:33,510 [Listener at 127.0.0.1/11040] INFO  server.StorageContainerManager (StorageContainerManager.java:stop(1355)) - Stopping Replication Manager Service.
2021-09-05 14:30:33,510 [Listener at 127.0.0.1/11040] INFO  container.ReplicationManager (ReplicationManager.java:stop(338)) - Stopping Replication Monitor Thread.
2021-09-05 14:30:33,519 [Listener at 127.0.0.1/11040] INFO  server.StorageContainerManager (StorageContainerManager.java:stop(1362)) - Stopping the Datanode Admin Monitor.
2021-09-05 14:30:33,520 [Listener at 127.0.0.1/11040] INFO  server.StorageContainerManager (StorageContainerManager.java:stop(1369)) - Stopping Lease Manager of the command watchers
2021-09-05 14:30:33,521 [Listener at 127.0.0.1/11040] INFO  server.StorageContainerManager (StorageContainerManager.java:stop(1376)) - Stopping datanode service RPC server
2021-09-05 14:30:33,521 [Listener at 127.0.0.1/11040] INFO  server.SCMDatanodeProtocolServer (SCMDatanodeProtocolServer.java:stop(389)) - Stopping the RPC server for DataNodes
2021-09-05 14:30:33,521 [Listener at 127.0.0.1/11040] INFO  ipc.Server (Server.java:stop(3414)) - Stopping server on 13989
2021-09-05 14:30:33,523 [IPC Server listener on 13989] INFO  ipc.Server (Server.java:run(1376)) - Stopping IPC Server listener on 13989
2021-09-05 14:30:33,529 [IPC Server Responder] INFO  ipc.Server (Server.java:run(1512)) - Stopping IPC Server Responder
2021-09-05 14:30:33,573 [SCM Heartbeat Processing Thread - 0] WARN  node.NodeStateManager (NodeStateManager.java:scheduleNextHealthCheck(799)) - Current Thread is interrupted, shutting down HB processing thread for Node Manager.
2021-09-05 14:30:33,573 [Listener at 127.0.0.1/11040] INFO  server.StorageContainerManager (StorageContainerManager.java:stop(1384)) - Stopping block service RPC server
2021-09-05 14:30:33,574 [Listener at 127.0.0.1/11040] INFO  server.SCMBlockProtocolServer (SCMBlockProtocolServer.java:stop(160)) - Stopping the RPC server for Block Protocol
2021-09-05 14:30:33,574 [Listener at 127.0.0.1/11040] INFO  ipc.Server (Server.java:stop(3414)) - Stopping server on 13990
2021-09-05 14:30:33,574 [IPC Server listener on 13990] INFO  ipc.Server (Server.java:run(1376)) - Stopping IPC Server listener on 13990
2021-09-05 14:30:33,581 [IPC Server Responder] INFO  ipc.Server (Server.java:run(1512)) - Stopping IPC Server Responder
2021-09-05 14:30:33,581 [Listener at 127.0.0.1/11040] INFO  server.StorageContainerManager (StorageContainerManager.java:stop(1391)) - Stopping the StorageContainerLocationProtocol RPC server
2021-09-05 14:30:33,581 [Listener at 127.0.0.1/11040] INFO  server.SCMClientProtocolServer (SCMClientProtocolServer.java:stop(173)) - Stopping the RPC server for Client Protocol
2021-09-05 14:30:33,581 [Listener at 127.0.0.1/11040] INFO  ipc.Server (Server.java:stop(3414)) - Stopping server on 13991
2021-09-05 14:30:33,584 [IPC Server listener on 13991] INFO  ipc.Server (Server.java:run(1376)) - Stopping IPC Server listener on 13991
2021-09-05 14:30:33,588 [IPC Server Responder] INFO  ipc.Server (Server.java:run(1512)) - Stopping IPC Server Responder
2021-09-05 14:30:33,588 [Listener at 127.0.0.1/11040] INFO  server.StorageContainerManager (StorageContainerManager.java:stop(1398)) - Stopping Storage Container Manager HTTP server.
2021-09-05 14:30:33,588 [Listener at 127.0.0.1/11040] INFO  handler.ContextHandler (ContextHandler.java:doStop(1153)) - Stopped o.e.j.w.WebAppContext@2d9803b4{scm,/,null,STOPPED}{file:/home/runner/work/ozone/ozone/hadoop-ozone/integration-test/target/test-classes/webapps/scm}
2021-09-05 14:30:33,589 [Listener at 127.0.0.1/11040] INFO  server.AbstractConnector (AbstractConnector.java:doStop(381)) - Stopped ServerConnector@ce1454c{HTTP/1.1, (http/1.1)}{0.0.0.0:13986}
2021-09-05 14:30:33,589 [Listener at 127.0.0.1/11040] INFO  server.session (HouseKeeper.java:stopScavenging(149)) - node0 Stopped scavenging
2021-09-05 14:30:33,589 [Listener at 127.0.0.1/11040] INFO  handler.ContextHandler (ContextHandler.java:doStop(1153)) - Stopped o.e.j.s.ServletContextHandler@3fad151c{static,/static,file:///home/runner/work/ozone/ozone/hadoop-ozone/integration-test/target/test-classes/webapps/static,STOPPED}
2021-09-05 14:30:33,589 [Listener at 127.0.0.1/11040] INFO  handler.ContextHandler (ContextHandler.java:doStop(1153)) - Stopped o.e.j.s.ServletContextHandler@3dbf2603{logs,/logs,file:///home/runner/work/ozone/ozone/hadoop-ozone/integration-test/target/log,STOPPED}
2021-09-05 14:30:33,593 [Listener at 127.0.0.1/11040] INFO  server.StorageContainerManager (StorageContainerManager.java:stop(1409)) - Stopping Block Manager Service.
2021-09-05 14:30:33,593 [Listener at 127.0.0.1/11040] INFO  utils.BackgroundService (BackgroundService.java:shutdown(132)) - Shutting down service SCMBlockDeletingService
2021-09-05 14:30:33,593 [Listener at 127.0.0.1/11040] INFO  utils.BackgroundService (BackgroundService.java:shutdown(132)) - Shutting down service SCMBlockDeletingService
2021-09-05 14:30:33,593 [Listener at 127.0.0.1/11040] INFO  server.StorageContainerManager (StorageContainerManager.java:stop(1436)) - Stopping SCM Event Queue.
2021-09-05 14:30:33,594 [Listener at 127.0.0.1/11040] INFO  server.StorageContainerManager (StorageContainerManager.java:stop(1447)) - Stopping SCM HA services.
2021-09-05 14:30:33,594 [Listener at 127.0.0.1/11040] INFO  ha.SCMRatisServerImpl (SCMRatisServerImpl.java:stop(236)) - stopping ratis server 0.0.0.0:13988
2021-09-05 14:30:33,595 [Listener at 127.0.0.1/11040] INFO  server.RaftServer (RaftServerProxy.java:lambda$close$6(391)) - 49d04e48-288c-4908-850c-f7267af01073: close
2021-09-05 14:30:33,595 [Listener at 127.0.0.1/11040] INFO  server.GrpcService (GrpcService.java:closeImpl(262)) - 49d04e48-288c-4908-850c-f7267af01073: shutdown server with port 13988 now
2021-09-05 14:30:33,597 [Listener at 127.0.0.1/11040] INFO  server.GrpcService (GrpcService.java:closeImpl(271)) - 49d04e48-288c-4908-850c-f7267af01073: shutdown server with port 13988 successfully
2021-09-05 14:30:33,597 [org.apache.ratis.util.JvmPauseMonitor$$Lambda$499/1326998608@1f018baf] INFO  util.JvmPauseMonitor (JvmPauseMonitor.java:run(109)) - JvmPauseMonitor-49d04e48-288c-4908-850c-f7267af01073: Stopped
2021-09-05 14:30:33,597 [Listener at 127.0.0.1/11040] INFO  pipeline.BackgroundPipelineCreator (BackgroundPipelineCreatorV2.java:stop(158)) - Stopping RatisPipelineUtilsThread.
2021-09-05 14:30:33,598 [Listener at 127.0.0.1/11040] INFO  server.StorageContainerManager (StorageContainerManager.java:stop(1457)) - Stopping SCM MetadataStore.
2021-09-05 14:30:33,600 [Listener at 127.0.0.1/11040] INFO  impl.MetricsSystemImpl (MetricsSystemImpl.java:stop(205)) - StorageContainerManager metrics system stopped (again)
2021-09-05 14:30:33,600 [Listener at 127.0.0.1/11040] INFO  ozone.MiniOzoneHAClusterImpl (MiniOzoneHAClusterImpl.java:stop(306)) - Stopping the StorageContainerManager 9d3796c5-d907-4196-a355-2f07340af16c
2021-09-05 14:30:33,600 [Listener at 127.0.0.1/11040] INFO  server.StorageContainerManager (StorageContainerManager.java:stop(1348)) - Stopping Container Balancer service.
2021-09-05 14:30:33,600 [Listener at 127.0.0.1/11040] INFO  balancer.ContainerBalancer (ContainerBalancer.java:stop(721)) - Container Balancer is not running.
2021-09-05 14:30:33,600 [Listener at 127.0.0.1/11040] INFO  server.StorageContainerManager (StorageContainerManager.java:stop(1355)) - Stopping Replication Manager Service.
2021-09-05 14:30:33,600 [Listener at 127.0.0.1/11040] INFO  container.ReplicationManager (ReplicationManager.java:stop(338)) - Stopping Replication Monitor Thread.
2021-09-05 14:30:33,600 [Listener at 127.0.0.1/11040] INFO  server.StorageContainerManager (StorageContainerManager.java:stop(1362)) - Stopping the Datanode Admin Monitor.
2021-09-05 14:30:33,600 [Listener at 127.0.0.1/11040] INFO  server.StorageContainerManager (StorageContainerManager.java:stop(1369)) - Stopping Lease Manager of the command watchers
2021-09-05 14:30:33,601 [Listener at 127.0.0.1/11040] INFO  server.StorageContainerManager (StorageContainerManager.java:stop(1376)) - Stopping datanode service RPC server
2021-09-05 14:30:33,601 [Listener at 127.0.0.1/11040] INFO  server.SCMDatanodeProtocolServer (SCMDatanodeProtocolServer.java:stop(389)) - Stopping the RPC server for DataNodes
2021-09-05 14:30:33,601 [Listener at 127.0.0.1/11040] INFO  ipc.Server (Server.java:stop(3414)) - Stopping server on 13979
2021-09-05 14:30:33,603 [IPC Server listener on 13979] INFO  ipc.Server (Server.java:run(1376)) - Stopping IPC Server listener on 13979
2021-09-05 14:30:33,613 [IPC Server Responder] INFO  ipc.Server (Server.java:run(1512)) - Stopping IPC Server Responder
2021-09-05 14:30:33,707 [SCM Heartbeat Processing Thread - 0] WARN  node.NodeStateManager (NodeStateManager.java:scheduleNextHealthCheck(799)) - Current Thread is interrupted, shutting down HB processing thread for Node Manager.
2021-09-05 14:30:33,708 [Listener at 127.0.0.1/11040] INFO  server.StorageContainerManager (StorageContainerManager.java:stop(1384)) - Stopping block service RPC server
2021-09-05 14:30:33,708 [Listener at 127.0.0.1/11040] INFO  server.SCMBlockProtocolServer (SCMBlockProtocolServer.java:stop(160)) - Stopping the RPC server for Block Protocol
2021-09-05 14:30:33,708 [Listener at 127.0.0.1/11040] INFO  ipc.Server (Server.java:stop(3414)) - Stopping server on 13980
2021-09-05 14:30:33,710 [IPC Server listener on 13980] INFO  ipc.Server (Server.java:run(1376)) - Stopping IPC Server listener on 13980
2021-09-05 14:30:33,710 [Listener at 127.0.0.1/11040] INFO  server.StorageContainerManager (StorageContainerManager.java:stop(1391)) - Stopping the StorageContainerLocationProtocol RPC server
2021-09-05 14:30:33,711 [IPC Server Responder] INFO  ipc.Server (Server.java:run(1512)) - Stopping IPC Server Responder
2021-09-05 14:30:33,711 [Listener at 127.0.0.1/11040] INFO  server.SCMClientProtocolServer (SCMClientProtocolServer.java:stop(173)) - Stopping the RPC server for Client Protocol
2021-09-05 14:30:33,711 [Listener at 127.0.0.1/11040] INFO  ipc.Server (Server.java:stop(3414)) - Stopping server on 13981
2021-09-05 14:30:33,713 [IPC Server Responder] INFO  ipc.Server (Server.java:run(1512)) - Stopping IPC Server Responder
2021-09-05 14:30:33,713 [IPC Server listener on 13981] INFO  ipc.Server (Server.java:run(1376)) - Stopping IPC Server listener on 13981
2021-09-05 14:30:33,714 [Listener at 127.0.0.1/11040] INFO  server.StorageContainerManager (StorageContainerManager.java:stop(1398)) - Stopping Storage Container Manager HTTP server.
2021-09-05 14:30:33,715 [Listener at 127.0.0.1/11040] INFO  handler.ContextHandler (ContextHandler.java:doStop(1153)) - Stopped o.e.j.w.WebAppContext@2cf97fb4{scm,/,null,STOPPED}{file:/home/runner/work/ozone/ozone/hadoop-ozone/integration-test/target/test-classes/webapps/scm}
2021-09-05 14:30:33,716 [Listener at 127.0.0.1/11040] INFO  server.AbstractConnector (AbstractConnector.java:doStop(381)) - Stopped ServerConnector@3468198d{HTTP/1.1, (http/1.1)}{0.0.0.0:13976}
2021-09-05 14:30:33,716 [Listener at 127.0.0.1/11040] INFO  server.session (HouseKeeper.java:stopScavenging(149)) - node0 Stopped scavenging
2021-09-05 14:30:33,716 [Listener at 127.0.0.1/11040] INFO  handler.ContextHandler (ContextHandler.java:doStop(1153)) - Stopped o.e.j.s.ServletContextHandler@53eb6ac5{static,/static,file:///home/runner/work/ozone/ozone/hadoop-ozone/integration-test/target/test-classes/webapps/static,STOPPED}
2021-09-05 14:30:33,716 [Listener at 127.0.0.1/11040] INFO  handler.ContextHandler (ContextHandler.java:doStop(1153)) - Stopped o.e.j.s.ServletContextHandler@3b9a0b15{logs,/logs,file:///home/runner/work/ozone/ozone/hadoop-ozone/integration-test/target/log,STOPPED}
2021-09-05 14:30:33,725 [Listener at 127.0.0.1/11040] INFO  server.StorageContainerManager (StorageContainerManager.java:stop(1409)) - Stopping Block Manager Service.
2021-09-05 14:30:33,726 [Listener at 127.0.0.1/11040] INFO  utils.BackgroundService (BackgroundService.java:shutdown(132)) - Shutting down service SCMBlockDeletingService
2021-09-05 14:30:33,726 [Listener at 127.0.0.1/11040] INFO  utils.BackgroundService (BackgroundService.java:shutdown(132)) - Shutting down service SCMBlockDeletingService
2021-09-05 14:30:33,726 [Listener at 127.0.0.1/11040] INFO  server.StorageContainerManager (StorageContainerManager.java:stop(1436)) - Stopping SCM Event Queue.
2021-09-05 14:30:33,727 [Listener at 127.0.0.1/11040] INFO  server.StorageContainerManager (StorageContainerManager.java:stop(1447)) - Stopping SCM HA services.
2021-09-05 14:30:33,727 [Listener at 127.0.0.1/11040] INFO  ha.SCMRatisServerImpl (SCMRatisServerImpl.java:stop(236)) - stopping ratis server 0.0.0.0:13978
2021-09-05 14:30:33,727 [Listener at 127.0.0.1/11040] INFO  server.RaftServer (RaftServerProxy.java:lambda$close$6(391)) - 9d3796c5-d907-4196-a355-2f07340af16c: close
2021-09-05 14:30:33,727 [Listener at 127.0.0.1/11040] INFO  server.RaftServer$Division (RaftServerImpl.java:lambda$close$4(407)) - 9d3796c5-d907-4196-a355-2f07340af16c@group-97DB8748AD29: shutdown
2021-09-05 14:30:33,727 [Listener at 127.0.0.1/11040] INFO  util.JmxRegister (JmxRegister.java:unregister(73)) - Successfully un-registered JMX Bean with object name Ratis:service=RaftServer,group=group-97DB8748AD29,id=9d3796c5-d907-4196-a355-2f07340af16c
2021-09-05 14:30:33,728 [Listener at 127.0.0.1/11040] INFO  impl.RoleInfo (RoleInfo.java:shutdownFollowerState(108)) - 9d3796c5-d907-4196-a355-2f07340af16c: shutdown 9d3796c5-d907-4196-a355-2f07340af16c@group-97DB8748AD29-FollowerState
2021-09-05 14:30:33,728 [Listener at 127.0.0.1/11040] INFO  impl.StateMachineUpdater (StateMachineUpdater.java:stopAndJoin(149)) - 9d3796c5-d907-4196-a355-2f07340af16c@group-97DB8748AD29-StateMachineUpdater: set stopIndex = 30
2021-09-05 14:30:33,728 [9d3796c5-d907-4196-a355-2f07340af16c@group-97DB8748AD29-FollowerState] INFO  impl.FollowerState (FollowerState.java:run(143)) - 9d3796c5-d907-4196-a355-2f07340af16c@group-97DB8748AD29-FollowerState was interrupted: {}
java.lang.InterruptedException: sleep interrupted
	at java.lang.Thread.sleep(Native Method)
	at java.lang.Thread.sleep(Thread.java:340)
	at java.util.concurrent.TimeUnit.sleep(TimeUnit.java:386)
	at org.apache.ratis.util.TimeDuration.sleep(TimeDuration.java:324)
	at org.apache.ratis.util.TimeDuration.sleep(TimeDuration.java:309)
	at org.apache.ratis.server.impl.FollowerState.run(FollowerState.java:118)
2021-09-05 14:30:33,728 [Listener at 127.0.0.1/11040] INFO  server.RaftServer$Division (ServerState.java:close(419)) - 9d3796c5-d907-4196-a355-2f07340af16c@group-97DB8748AD29: closes. applyIndex: 30
2021-09-05 14:30:33,733 [9d3796c5-d907-4196-a355-2f07340af16c@group-97DB8748AD29-SegmentedRaftLogWorker] INFO  segmented.SegmentedRaftLogWorker (SegmentedRaftLogWorker.java:run(327)) - 9d3796c5-d907-4196-a355-2f07340af16c@group-97DB8748AD29-SegmentedRaftLogWorker was interrupted, exiting. There are 0 tasks remaining in the queue.
2021-09-05 14:30:33,735 [Listener at 127.0.0.1/11040] INFO  segmented.SegmentedRaftLogWorker (SegmentedRaftLogWorker.java:close(237)) - 9d3796c5-d907-4196-a355-2f07340af16c@group-97DB8748AD29-SegmentedRaftLogWorker close()
2021-09-05 14:30:33,736 [Listener at 127.0.0.1/11040] INFO  server.GrpcService (GrpcService.java:closeImpl(262)) - 9d3796c5-d907-4196-a355-2f07340af16c: shutdown server with port 13978 now
2021-09-05 14:30:33,738 [Listener at 127.0.0.1/11040] INFO  server.GrpcService (GrpcService.java:closeImpl(271)) - 9d3796c5-d907-4196-a355-2f07340af16c: shutdown server with port 13978 successfully
2021-09-05 14:30:33,738 [org.apache.ratis.util.JvmPauseMonitor$$Lambda$499/1326998608@4c39c972] INFO  util.JvmPauseMonitor (JvmPauseMonitor.java:run(109)) - JvmPauseMonitor-9d3796c5-d907-4196-a355-2f07340af16c: Stopped
2021-09-05 14:30:33,738 [Listener at 127.0.0.1/11040] INFO  pipeline.BackgroundPipelineCreator (BackgroundPipelineCreatorV2.java:stop(158)) - Stopping RatisPipelineUtilsThread.
2021-09-05 14:30:33,738 [Listener at 127.0.0.1/11040] INFO  server.StorageContainerManager (StorageContainerManager.java:stop(1457)) - Stopping SCM MetadataStore.
2021-09-05 14:30:33,739 [Listener at 127.0.0.1/11040] INFO  impl.MetricsSystemImpl (MetricsSystemImpl.java:stop(205)) - StorageContainerManager metrics system stopped (again)
2021-09-05 14:30:33,739 [Listener at 127.0.0.1/11040] INFO  ozone.MiniOzoneClusterImpl (MiniOzoneClusterImpl.java:stop(468)) - Stopping the Mini Ozone Cluster
2021-09-05 14:30:33,739 [Listener at 127.0.0.1/11040] INFO  ozone.MiniOzoneClusterImpl (MiniOzoneClusterImpl.java:stopDatanodes(527)) - Stopping the HddsDatanodes
2021-09-05 14:30:33,775 [EndpointStateMachine task thread for /127.0.0.1:14541 - 0 ] INFO  ipc.Client (Client.java:handleConnectionFailure(977)) - Retrying connect to server: localhost/127.0.0.1:14541. Already tried 6 time(s); retry policy is RetryUpToMaximumCountWithFixedSleep(maxRetries=15, sleepTime=1000 MILLISECONDS)
2021-09-05 14:30:33,775 [EndpointStateMachine task thread for /127.0.0.1:14531 - 0 ] INFO  ipc.Client (Client.java:handleConnectionFailure(977)) - Retrying connect to server: localhost/127.0.0.1:14531. Already tried 7 time(s); retry policy is RetryUpToMaximumCountWithFixedSleep(maxRetries=15, sleepTime=1000 MILLISECONDS)
2021-09-05 14:30:33,791 [EndpointStateMachine task thread for /127.0.0.1:14521 - 0 ] INFO  ipc.Client (Client.java:handleConnectionFailure(977)) - Retrying connect to server: localhost/127.0.0.1:14521. Already tried 8 time(s); retry policy is RetryUpToMaximumCountWithFixedSleep(maxRetries=15, sleepTime=1000 MILLISECONDS)
2021-09-05 14:30:33,905 [Datanode State Machine Thread - 0] ERROR datanode.RunningDatanodeState (RunningDatanodeState.java:computeNextContainerState(199)) - Error in executing end point task.
java.util.concurrent.ExecutionException: java.util.concurrent.TimeoutException
	at java.util.concurrent.FutureTask.report(FutureTask.java:122)
	at java.util.concurrent.FutureTask.get(FutureTask.java:192)
	at org.apache.hadoop.ozone.container.common.states.datanode.RunningDatanodeState.computeNextContainerState(RunningDatanodeState.java:191)
	at org.apache.hadoop.ozone.container.common.states.datanode.RunningDatanodeState.await(RunningDatanodeState.java:231)
	at org.apache.hadoop.ozone.container.common.states.datanode.RunningDatanodeState.await(RunningDatanodeState.java:50)
	at org.apache.hadoop.ozone.container.common.statemachine.StateContext.execute(StateContext.java:629)
	at org.apache.hadoop.ozone.container.common.statemachine.DatanodeStateMachine.start(DatanodeStateMachine.java:270)
	at org.apache.hadoop.ozone.container.common.statemachine.DatanodeStateMachine.lambda$startDaemon$0(DatanodeStateMachine.java:456)
	at java.lang.Thread.run(Thread.java:748)
Caused by: java.util.concurrent.TimeoutException
	at java.util.concurrent.FutureTask.get(FutureTask.java:205)
	at org.apache.hadoop.ozone.container.common.states.datanode.RunningDatanodeState.lambda$execute$0(RunningDatanodeState.java:149)
	at java.util.concurrent.FutureTask.run(FutureTask.java:266)
	at java.util.concurrent.Executors$RunnableAdapter.call(Executors.java:511)
	at java.util.concurrent.FutureTask.run(FutureTask.java:266)
	at java.util.concurrent.ThreadPoolExecutor.runWorker(ThreadPoolExecutor.java:1149)
	at java.util.concurrent.ThreadPoolExecutor$Worker.run(ThreadPoolExecutor.java:624)
	... 1 more
2021-09-05 14:30:33,906 [Datanode State Machine Thread - 0] WARN  statemachine.StateContext (StateContext.java:setState(246)) - Ignore disallowed transition from SHUTDOWN to RUNNING
2021-09-05 14:30:33,906 [Datanode State Machine Thread - 0] INFO  statemachine.DatanodeStateMachine (DatanodeStateMachine.java:lambda$startDaemon$0(457)) - Ozone container server started.
2021-09-05 14:30:33,957 [EndpointStateMachine task thread for /127.0.0.1:13969 - 0 ] INFO  ipc.Client (Client.java:handleConnectionFailure(977)) - Retrying connect to server: localhost/127.0.0.1:13969. Already tried 2 time(s); retry policy is RetryUpToMaximumCountWithFixedSleep(maxRetries=15, sleepTime=1000 MILLISECONDS)
2021-09-05 14:30:33,958 [EndpointStateMachine task thread for /127.0.0.1:13979 - 0 ] WARN  statemachine.EndpointStateMachine (EndpointStateMachine.java:logIfNeeded(236)) - Unable to communicate to SCM server at 127.0.0.1:13979 for past 0 seconds.
java.io.EOFException: End of File Exception between local host is: "fv-az151-757/10.1.0.15"; destination host is: "localhost":13979; : java.io.EOFException; For more details see:  http://wiki.apache.org/hadoop/EOFException
	at sun.reflect.NativeConstructorAccessorImpl.newInstance0(Native Method)
	at sun.reflect.NativeConstructorAccessorImpl.newInstance(NativeConstructorAccessorImpl.java:62)
	at sun.reflect.DelegatingConstructorAccessorImpl.newInstance(DelegatingConstructorAccessorImpl.java:45)
	at java.lang.reflect.Constructor.newInstance(Constructor.java:423)
	at org.apache.hadoop.net.NetUtils.wrapWithMessage(NetUtils.java:913)
	at org.apache.hadoop.net.NetUtils.wrapException(NetUtils.java:862)
	at org.apache.hadoop.ipc.Client.getRpcResponse(Client.java:1577)
	at org.apache.hadoop.ipc.Client.call(Client.java:1519)
	at org.apache.hadoop.ipc.Client.call(Client.java:1416)
	at org.apache.hadoop.ipc.ProtobufRpcEngine$Invoker.invoke(ProtobufRpcEngine.java:236)
	at org.apache.hadoop.ipc.ProtobufRpcEngine$Invoker.invoke(ProtobufRpcEngine.java:123)
	at com.sun.proxy.$Proxy48.submitRequest(Unknown Source)
	at org.apache.hadoop.ozone.protocolPB.StorageContainerDatanodeProtocolClientSideTranslatorPB.submitRequest(StorageContainerDatanodeProtocolClientSideTranslatorPB.java:117)
	at org.apache.hadoop.ozone.protocolPB.StorageContainerDatanodeProtocolClientSideTranslatorPB.sendHeartbeat(StorageContainerDatanodeProtocolClientSideTranslatorPB.java:149)
	at org.apache.hadoop.ozone.container.common.states.endpoint.HeartbeatEndpointTask.call(HeartbeatEndpointTask.java:179)
	at org.apache.hadoop.ozone.container.common.states.endpoint.HeartbeatEndpointTask.call(HeartbeatEndpointTask.java:82)
	at java.util.concurrent.FutureTask.run(FutureTask.java:266)
	at java.util.concurrent.ThreadPoolExecutor.runWorker(ThreadPoolExecutor.java:1149)
	at java.util.concurrent.ThreadPoolExecutor$Worker.run(ThreadPoolExecutor.java:624)
	at java.lang.Thread.run(Thread.java:748)
Caused by: java.io.EOFException
	at java.io.DataInputStream.readInt(DataInputStream.java:392)
	at org.apache.hadoop.ipc.Client$IpcStreams.readResponse(Client.java:1892)
	at org.apache.hadoop.ipc.Client$Connection.receiveRpcResponse(Client.java:1202)
	at org.apache.hadoop.ipc.Client$Connection.run(Client.java:1098)
2021-09-05 14:30:33,965 [EndpointStateMachine task thread for /127.0.0.1:13989 - 0 ] WARN  statemachine.EndpointStateMachine (EndpointStateMachine.java:logIfNeeded(236)) - Unable to communicate to SCM server at localhost:13989 for past 0 seconds.
java.io.EOFException: End of File Exception between local host is: "fv-az151-757/10.1.0.15"; destination host is: "localhost":13989; : java.io.EOFException; For more details see:  http://wiki.apache.org/hadoop/EOFException
	at sun.reflect.NativeConstructorAccessorImpl.newInstance0(Native Method)
	at sun.reflect.NativeConstructorAccessorImpl.newInstance(NativeConstructorAccessorImpl.java:62)
	at sun.reflect.DelegatingConstructorAccessorImpl.newInstance(DelegatingConstructorAccessorImpl.java:45)
	at java.lang.reflect.Constructor.newInstance(Constructor.java:423)
	at org.apache.hadoop.net.NetUtils.wrapWithMessage(NetUtils.java:913)
	at org.apache.hadoop.net.NetUtils.wrapException(NetUtils.java:862)
	at org.apache.hadoop.ipc.Client.getRpcResponse(Client.java:1577)
	at org.apache.hadoop.ipc.Client.call(Client.java:1519)
	at org.apache.hadoop.ipc.Client.call(Client.java:1416)
	at org.apache.hadoop.ipc.ProtobufRpcEngine$Invoker.invoke(ProtobufRpcEngine.java:236)
	at org.apache.hadoop.ipc.ProtobufRpcEngine$Invoker.invoke(ProtobufRpcEngine.java:123)
	at com.sun.proxy.$Proxy48.submitRequest(Unknown Source)
	at org.apache.hadoop.ozone.protocolPB.StorageContainerDatanodeProtocolClientSideTranslatorPB.submitRequest(StorageContainerDatanodeProtocolClientSideTranslatorPB.java:117)
	at org.apache.hadoop.ozone.protocolPB.StorageContainerDatanodeProtocolClientSideTranslatorPB.sendHeartbeat(StorageContainerDatanodeProtocolClientSideTranslatorPB.java:149)
	at org.apache.hadoop.ozone.container.common.states.endpoint.HeartbeatEndpointTask.call(HeartbeatEndpointTask.java:179)
	at org.apache.hadoop.ozone.container.common.states.endpoint.HeartbeatEndpointTask.call(HeartbeatEndpointTask.java:82)
	at java.util.concurrent.FutureTask.run(FutureTask.java:266)
	at java.util.concurrent.ThreadPoolExecutor.runWorker(ThreadPoolExecutor.java:1149)
	at java.util.concurrent.ThreadPoolExecutor$Worker.run(ThreadPoolExecutor.java:624)
	at java.lang.Thread.run(Thread.java:748)
Caused by: java.io.EOFException
	at java.io.DataInputStream.readInt(DataInputStream.java:392)
	at org.apache.hadoop.ipc.Client$IpcStreams.readResponse(Client.java:1892)
	at org.apache.hadoop.ipc.Client$Connection.receiveRpcResponse(Client.java:1202)
	at org.apache.hadoop.ipc.Client$Connection.run(Client.java:1098)
2021-09-05 14:30:34,459 [Datanode State Machine Thread - 0] WARN  statemachine.StateContext (StateContext.java:setState(246)) - Ignore disallowed transition from SHUTDOWN to RUNNING
2021-09-05 14:30:34,459 [Datanode State Machine Thread - 0] INFO  statemachine.DatanodeStateMachine (DatanodeStateMachine.java:lambda$startDaemon$0(457)) - Ozone container server started.
2021-09-05 14:30:34,775 [EndpointStateMachine task thread for /127.0.0.1:14541 - 0 ] INFO  ipc.Client (Client.java:handleConnectionFailure(977)) - Retrying connect to server: localhost/127.0.0.1:14541. Already tried 7 time(s); retry policy is RetryUpToMaximumCountWithFixedSleep(maxRetries=15, sleepTime=1000 MILLISECONDS)
2021-09-05 14:30:34,776 [EndpointStateMachine task thread for /127.0.0.1:14531 - 0 ] INFO  ipc.Client (Client.java:handleConnectionFailure(977)) - Retrying connect to server: localhost/127.0.0.1:14531. Already tried 8 time(s); retry policy is RetryUpToMaximumCountWithFixedSleep(maxRetries=15, sleepTime=1000 MILLISECONDS)
2021-09-05 14:30:34,791 [EndpointStateMachine task thread for /127.0.0.1:14521 - 0 ] INFO  ipc.Client (Client.java:handleConnectionFailure(977)) - Retrying connect to server: localhost/127.0.0.1:14521. Already tried 9 time(s); retry policy is RetryUpToMaximumCountWithFixedSleep(maxRetries=15, sleepTime=1000 MILLISECONDS)
2021-09-05 14:30:34,957 [Datanode State Machine Thread - 0] ERROR datanode.RunningDatanodeState (RunningDatanodeState.java:computeNextContainerState(199)) - Error in executing end point task.
java.util.concurrent.ExecutionException: java.util.concurrent.TimeoutException
	at java.util.concurrent.FutureTask.report(FutureTask.java:122)
	at java.util.concurrent.FutureTask.get(FutureTask.java:192)
	at org.apache.hadoop.ozone.container.common.states.datanode.RunningDatanodeState.computeNextContainerState(RunningDatanodeState.java:191)
	at org.apache.hadoop.ozone.container.common.states.datanode.RunningDatanodeState.await(RunningDatanodeState.java:231)
	at org.apache.hadoop.ozone.container.common.states.datanode.RunningDatanodeState.await(RunningDatanodeState.java:50)
	at org.apache.hadoop.ozone.container.common.statemachine.StateContext.execute(StateContext.java:629)
	at org.apache.hadoop.ozone.container.common.statemachine.DatanodeStateMachine.start(DatanodeStateMachine.java:270)
	at org.apache.hadoop.ozone.container.common.statemachine.DatanodeStateMachine.lambda$startDaemon$0(DatanodeStateMachine.java:456)
	at java.lang.Thread.run(Thread.java:748)
Caused by: java.util.concurrent.TimeoutException
	at java.util.concurrent.FutureTask.get(FutureTask.java:205)
	at org.apache.hadoop.ozone.container.common.states.datanode.RunningDatanodeState.lambda$execute$0(RunningDatanodeState.java:149)
	at java.util.concurrent.FutureTask.run(FutureTask.java:266)
	at java.util.concurrent.Executors$RunnableAdapter.call(Executors.java:511)
	at java.util.concurrent.FutureTask.run(FutureTask.java:266)
	at java.util.concurrent.ThreadPoolExecutor.runWorker(ThreadPoolExecutor.java:1149)
	at java.util.concurrent.ThreadPoolExecutor$Worker.run(ThreadPoolExecutor.java:624)
	... 1 more
2021-09-05 14:30:34,959 [EndpointStateMachine task thread for /127.0.0.1:13969 - 0 ] INFO  ipc.Client (Client.java:handleConnectionFailure(977)) - Retrying connect to server: localhost/127.0.0.1:13969. Already tried 3 time(s); retry policy is RetryUpToMaximumCountWithFixedSleep(maxRetries=15, sleepTime=1000 MILLISECONDS)
2021-09-05 14:30:35,776 [EndpointStateMachine task thread for /127.0.0.1:14541 - 0 ] INFO  ipc.Client (Client.java:handleConnectionFailure(977)) - Retrying connect to server: localhost/127.0.0.1:14541. Already tried 8 time(s); retry policy is RetryUpToMaximumCountWithFixedSleep(maxRetries=15, sleepTime=1000 MILLISECONDS)
2021-09-05 14:30:35,776 [EndpointStateMachine task thread for /127.0.0.1:14531 - 0 ] INFO  ipc.Client (Client.java:handleConnectionFailure(977)) - Retrying connect to server: localhost/127.0.0.1:14531. Already tried 9 time(s); retry policy is RetryUpToMaximumCountWithFixedSleep(maxRetries=15, sleepTime=1000 MILLISECONDS)
2021-09-05 14:30:35,792 [EndpointStateMachine task thread for /127.0.0.1:14521 - 0 ] INFO  ipc.Client (Client.java:handleConnectionFailure(977)) - Retrying connect to server: localhost/127.0.0.1:14521. Already tried 10 time(s); retry policy is RetryUpToMaximumCountWithFixedSleep(maxRetries=15, sleepTime=1000 MILLISECONDS)
2021-09-05 14:30:35,959 [EndpointStateMachine task thread for /127.0.0.1:13989 - 0 ] INFO  ipc.Client (Client.java:handleConnectionFailure(977)) - Retrying connect to server: localhost/127.0.0.1:13989. Already tried 0 time(s); retry policy is RetryUpToMaximumCountWithFixedSleep(maxRetries=15, sleepTime=1000 MILLISECONDS)
2021-09-05 14:30:35,959 [EndpointStateMachine task thread for /127.0.0.1:13979 - 0 ] INFO  ipc.Client (Client.java:handleConnectionFailure(977)) - Retrying connect to server: localhost/127.0.0.1:13979. Already tried 0 time(s); retry policy is RetryUpToMaximumCountWithFixedSleep(maxRetries=15, sleepTime=1000 MILLISECONDS)
2021-09-05 14:30:35,959 [EndpointStateMachine task thread for /127.0.0.1:13969 - 0 ] INFO  ipc.Client (Client.java:handleConnectionFailure(977)) - Retrying connect to server: localhost/127.0.0.1:13969. Already tried 4 time(s); retry policy is RetryUpToMaximumCountWithFixedSleep(maxRetries=15, sleepTime=1000 MILLISECONDS)
2021-09-05 14:30:36,776 [EndpointStateMachine task thread for /127.0.0.1:14541 - 0 ] INFO  ipc.Client (Client.java:handleConnectionFailure(977)) - Retrying connect to server: localhost/127.0.0.1:14541. Already tried 9 time(s); retry policy is RetryUpToMaximumCountWithFixedSleep(maxRetries=15, sleepTime=1000 MILLISECONDS)
2021-09-05 14:30:36,777 [EndpointStateMachine task thread for /127.0.0.1:14531 - 0 ] INFO  ipc.Client (Client.java:handleConnectionFailure(977)) - Retrying connect to server: localhost/127.0.0.1:14531. Already tried 10 time(s); retry policy is RetryUpToMaximumCountWithFixedSleep(maxRetries=15, sleepTime=1000 MILLISECONDS)
2021-09-05 14:30:36,792 [EndpointStateMachine task thread for /127.0.0.1:14521 - 0 ] INFO  ipc.Client (Client.java:handleConnectionFailure(977)) - Retrying connect to server: localhost/127.0.0.1:14521. Already tried 11 time(s); retry policy is RetryUpToMaximumCountWithFixedSleep(maxRetries=15, sleepTime=1000 MILLISECONDS)
2021-09-05 14:30:36,959 [EndpointStateMachine task thread for /127.0.0.1:13989 - 0 ] INFO  ipc.Client (Client.java:handleConnectionFailure(977)) - Retrying connect to server: localhost/127.0.0.1:13989. Already tried 1 time(s); retry policy is RetryUpToMaximumCountWithFixedSleep(maxRetries=15, sleepTime=1000 MILLISECONDS)
2021-09-05 14:30:36,959 [EndpointStateMachine task thread for /127.0.0.1:13969 - 0 ] INFO  ipc.Client (Client.java:handleConnectionFailure(977)) - Retrying connect to server: localhost/127.0.0.1:13969. Already tried 5 time(s); retry policy is RetryUpToMaximumCountWithFixedSleep(maxRetries=15, sleepTime=1000 MILLISECONDS)
2021-09-05 14:30:36,963 [EndpointStateMachine task thread for /127.0.0.1:13979 - 0 ] INFO  ipc.Client (Client.java:handleConnectionFailure(977)) - Retrying connect to server: localhost/127.0.0.1:13979. Already tried 1 time(s); retry policy is RetryUpToMaximumCountWithFixedSleep(maxRetries=15, sleepTime=1000 MILLISECONDS)
2021-09-05 14:30:37,777 [EndpointStateMachine task thread for /127.0.0.1:14541 - 0 ] INFO  ipc.Client (Client.java:handleConnectionFailure(977)) - Retrying connect to server: localhost/127.0.0.1:14541. Already tried 10 time(s); retry policy is RetryUpToMaximumCountWithFixedSleep(maxRetries=15, sleepTime=1000 MILLISECONDS)
2021-09-05 14:30:37,777 [EndpointStateMachine task thread for /127.0.0.1:14531 - 0 ] INFO  ipc.Client (Client.java:handleConnectionFailure(977)) - Retrying connect to server: localhost/127.0.0.1:14531. Already tried 11 time(s); retry policy is RetryUpToMaximumCountWithFixedSleep(maxRetries=15, sleepTime=1000 MILLISECONDS)
2021-09-05 14:30:37,793 [EndpointStateMachine task thread for /127.0.0.1:14521 - 0 ] INFO  ipc.Client (Client.java:handleConnectionFailure(977)) - Retrying connect to server: localhost/127.0.0.1:14521. Already tried 12 time(s); retry policy is RetryUpToMaximumCountWithFixedSleep(maxRetries=15, sleepTime=1000 MILLISECONDS)
2021-09-05 14:30:37,959 [EndpointStateMachine task thread for /127.0.0.1:13989 - 0 ] INFO  ipc.Client (Client.java:handleConnectionFailure(977)) - Retrying connect to server: localhost/127.0.0.1:13989. Already tried 2 time(s); retry policy is RetryUpToMaximumCountWithFixedSleep(maxRetries=15, sleepTime=1000 MILLISECONDS)
2021-09-05 14:30:37,960 [EndpointStateMachine task thread for /127.0.0.1:13969 - 0 ] INFO  ipc.Client (Client.java:handleConnectionFailure(977)) - Retrying connect to server: localhost/127.0.0.1:13969. Already tried 6 time(s); retry policy is RetryUpToMaximumCountWithFixedSleep(maxRetries=15, sleepTime=1000 MILLISECONDS)
2021-09-05 14:30:37,963 [EndpointStateMachine task thread for /127.0.0.1:13979 - 0 ] INFO  ipc.Client (Client.java:handleConnectionFailure(977)) - Retrying connect to server: localhost/127.0.0.1:13979. Already tried 2 time(s); retry policy is RetryUpToMaximumCountWithFixedSleep(maxRetries=15, sleepTime=1000 MILLISECONDS)
2021-09-05 14:30:38,741 [Listener at 127.0.0.1/11040] INFO  ozoneimpl.OzoneContainer (OzoneContainer.java:stop(326)) - Attempting to stop container services.
2021-09-05 14:30:38,742 [ForkJoinPool.commonPool-worker-1] INFO  ozoneimpl.OzoneContainer (OzoneContainer.java:stop(326)) - Attempting to stop container services.
2021-09-05 14:30:38,742 [Listener at 127.0.0.1/11040] INFO  server.RaftServer (RaftServerProxy.java:lambda$close$6(391)) - 73fc6282-bdcb-4a1d-9106-80b228a82791: close
2021-09-05 14:30:38,742 [Listener at 127.0.0.1/11040] INFO  server.RaftServer$Division (RaftServerImpl.java:lambda$close$4(407)) - 73fc6282-bdcb-4a1d-9106-80b228a82791@group-4BBEBFCD8F1A: shutdown
2021-09-05 14:30:38,742 [Listener at 127.0.0.1/11040] INFO  util.JmxRegister (JmxRegister.java:unregister(73)) - Successfully un-registered JMX Bean with object name Ratis:service=RaftServer,group=group-4BBEBFCD8F1A,id=73fc6282-bdcb-4a1d-9106-80b228a82791
2021-09-05 14:30:38,743 [Listener at 127.0.0.1/11040] INFO  impl.RoleInfo (RoleInfo.java:shutdownLeaderState(91)) - 73fc6282-bdcb-4a1d-9106-80b228a82791: shutdown 73fc6282-bdcb-4a1d-9106-80b228a82791@group-4BBEBFCD8F1A-LeaderStateImpl
2021-09-05 14:30:38,743 [Listener at 127.0.0.1/11040] INFO  impl.PendingRequests (PendingRequests.java:sendNotLeaderResponses(282)) - 73fc6282-bdcb-4a1d-9106-80b228a82791@group-4BBEBFCD8F1A-PendingRequests: sendNotLeaderResponses
2021-09-05 14:30:38,743 [ForkJoinPool.commonPool-worker-1] INFO  server.RaftServer (RaftServerProxy.java:lambda$close$6(391)) - 83398dfc-751f-4fe2-af5b-c65c8f1546c8: close
2021-09-05 14:30:38,743 [ForkJoinPool.commonPool-worker-1] INFO  server.RaftServer$Division (RaftServerImpl.java:lambda$close$4(407)) - 83398dfc-751f-4fe2-af5b-c65c8f1546c8@group-9AB55F00ACC5: shutdown
2021-09-05 14:30:38,743 [ForkJoinPool.commonPool-worker-1] INFO  util.JmxRegister (JmxRegister.java:unregister(73)) - Successfully un-registered JMX Bean with object name Ratis:service=RaftServer,group=group-9AB55F00ACC5,id=83398dfc-751f-4fe2-af5b-c65c8f1546c8
2021-09-05 14:30:38,743 [ForkJoinPool.commonPool-worker-1] INFO  impl.RoleInfo (RoleInfo.java:shutdownFollowerState(108)) - 83398dfc-751f-4fe2-af5b-c65c8f1546c8: shutdown 83398dfc-751f-4fe2-af5b-c65c8f1546c8@group-9AB55F00ACC5-FollowerState
2021-09-05 14:30:38,743 [ForkJoinPool.commonPool-worker-1] INFO  impl.StateMachineUpdater (StateMachineUpdater.java:stopAndJoin(149)) - 83398dfc-751f-4fe2-af5b-c65c8f1546c8@group-9AB55F00ACC5-StateMachineUpdater: set stopIndex = 0
2021-09-05 14:30:38,744 [83398dfc-751f-4fe2-af5b-c65c8f1546c8@group-9AB55F00ACC5-FollowerState] INFO  impl.FollowerState (FollowerState.java:run(143)) - 83398dfc-751f-4fe2-af5b-c65c8f1546c8@group-9AB55F00ACC5-FollowerState was interrupted: {}
java.lang.InterruptedException: sleep interrupted
	at java.lang.Thread.sleep(Native Method)
	at java.lang.Thread.sleep(Thread.java:340)
	at java.util.concurrent.TimeUnit.sleep(TimeUnit.java:386)
	at org.apache.ratis.util.TimeDuration.sleep(TimeDuration.java:324)
	at org.apache.ratis.util.TimeDuration.sleep(TimeDuration.java:309)
	at org.apache.ratis.server.impl.FollowerState.run(FollowerState.java:118)
2021-09-05 14:30:38,744 [Listener at 127.0.0.1/11040] INFO  impl.StateMachineUpdater (StateMachineUpdater.java:stopAndJoin(149)) - 73fc6282-bdcb-4a1d-9106-80b228a82791@group-4BBEBFCD8F1A-StateMachineUpdater: set stopIndex = 0
2021-09-05 14:30:38,746 [83398dfc-751f-4fe2-af5b-c65c8f1546c8@group-9AB55F00ACC5-StateMachineUpdater] INFO  ratis.ContainerStateMachine (ContainerStateMachine.java:takeSnapshot(292)) - group-9AB55F00ACC5: Taking a snapshot at:(t:2, i:0) file /home/runner/work/ozone/ozone/hadoop-ozone/integration-test/target/test-dir/MiniOzoneClusterImpl-11ada6fe-a5c6-4827-8b3d-97db8748ad29/datanode-0/data/ratis/7903d46d-ad54-4c27-a6ea-9ab55f00acc5/sm/snapshot.2_0
2021-09-05 14:30:38,746 [73fc6282-bdcb-4a1d-9106-80b228a82791@group-4BBEBFCD8F1A-StateMachineUpdater] INFO  ratis.ContainerStateMachine (ContainerStateMachine.java:takeSnapshot(292)) - group-4BBEBFCD8F1A: Taking a snapshot at:(t:1, i:0) file /home/runner/work/ozone/ozone/hadoop-ozone/integration-test/target/test-dir/MiniOzoneClusterImpl-11ada6fe-a5c6-4827-8b3d-97db8748ad29/datanode-1/data/ratis/d0e0d78f-502a-4f12-babe-4bbebfcd8f1a/sm/snapshot.1_0
2021-09-05 14:30:38,748 [83398dfc-751f-4fe2-af5b-c65c8f1546c8@group-9AB55F00ACC5-StateMachineUpdater] INFO  ratis.ContainerStateMachine (ContainerStateMachine.java:takeSnapshot(303)) - group-9AB55F00ACC5: Finished taking a snapshot at:(t:2, i:0) file:/home/runner/work/ozone/ozone/hadoop-ozone/integration-test/target/test-dir/MiniOzoneClusterImpl-11ada6fe-a5c6-4827-8b3d-97db8748ad29/datanode-0/data/ratis/7903d46d-ad54-4c27-a6ea-9ab55f00acc5/sm/snapshot.2_0 took: 2 ms
2021-09-05 14:30:38,749 [83398dfc-751f-4fe2-af5b-c65c8f1546c8@group-9AB55F00ACC5-StateMachineUpdater] INFO  impl.StateMachineUpdater (StateMachineUpdater.java:takeSnapshot(281)) - 83398dfc-751f-4fe2-af5b-c65c8f1546c8@group-9AB55F00ACC5-StateMachineUpdater: Took a snapshot at index 0
2021-09-05 14:30:38,749 [83398dfc-751f-4fe2-af5b-c65c8f1546c8@group-9AB55F00ACC5-StateMachineUpdater] INFO  impl.StateMachineUpdater (StateMachineUpdater.java:lambda$new$0(89)) - 83398dfc-751f-4fe2-af5b-c65c8f1546c8@group-9AB55F00ACC5-StateMachineUpdater: snapshotIndex: updateIncreasingly -1 -> 0
2021-09-05 14:30:38,749 [ForkJoinPool.commonPool-worker-1] INFO  server.RaftServer$Division (ServerState.java:close(419)) - 83398dfc-751f-4fe2-af5b-c65c8f1546c8@group-9AB55F00ACC5: closes. applyIndex: 0
2021-09-05 14:30:38,748 [73fc6282-bdcb-4a1d-9106-80b228a82791@group-4BBEBFCD8F1A-StateMachineUpdater] INFO  ratis.ContainerStateMachine (ContainerStateMachine.java:takeSnapshot(303)) - group-4BBEBFCD8F1A: Finished taking a snapshot at:(t:1, i:0) file:/home/runner/work/ozone/ozone/hadoop-ozone/integration-test/target/test-dir/MiniOzoneClusterImpl-11ada6fe-a5c6-4827-8b3d-97db8748ad29/datanode-1/data/ratis/d0e0d78f-502a-4f12-babe-4bbebfcd8f1a/sm/snapshot.1_0 took: 2 ms
2021-09-05 14:30:38,749 [83398dfc-751f-4fe2-af5b-c65c8f1546c8@group-9AB55F00ACC5-SegmentedRaftLogWorker] INFO  segmented.SegmentedRaftLogWorker (SegmentedRaftLogWorker.java:run(327)) - 83398dfc-751f-4fe2-af5b-c65c8f1546c8@group-9AB55F00ACC5-SegmentedRaftLogWorker was interrupted, exiting. There are 0 tasks remaining in the queue.
2021-09-05 14:30:38,749 [73fc6282-bdcb-4a1d-9106-80b228a82791@group-4BBEBFCD8F1A-StateMachineUpdater] INFO  impl.StateMachineUpdater (StateMachineUpdater.java:takeSnapshot(281)) - 73fc6282-bdcb-4a1d-9106-80b228a82791@group-4BBEBFCD8F1A-StateMachineUpdater: Took a snapshot at index 0
2021-09-05 14:30:38,749 [73fc6282-bdcb-4a1d-9106-80b228a82791@group-4BBEBFCD8F1A-StateMachineUpdater] INFO  impl.StateMachineUpdater (StateMachineUpdater.java:lambda$new$0(89)) - 73fc6282-bdcb-4a1d-9106-80b228a82791@group-4BBEBFCD8F1A-StateMachineUpdater: snapshotIndex: updateIncreasingly -1 -> 0
2021-09-05 14:30:38,750 [ForkJoinPool.commonPool-worker-1] INFO  segmented.SegmentedRaftLogWorker (SegmentedRaftLogWorker.java:close(237)) - 83398dfc-751f-4fe2-af5b-c65c8f1546c8@group-9AB55F00ACC5-SegmentedRaftLogWorker close()
2021-09-05 14:30:38,751 [ForkJoinPool.commonPool-worker-1] INFO  server.RaftServer$Division (RaftServerImpl.java:lambda$close$4(407)) - 83398dfc-751f-4fe2-af5b-c65c8f1546c8@group-29BFC1B0D5A0: shutdown
2021-09-05 14:30:38,751 [ForkJoinPool.commonPool-worker-1] INFO  util.JmxRegister (JmxRegister.java:unregister(73)) - Successfully un-registered JMX Bean with object name Ratis:service=RaftServer,group=group-29BFC1B0D5A0,id=83398dfc-751f-4fe2-af5b-c65c8f1546c8
2021-09-05 14:30:38,751 [ForkJoinPool.commonPool-worker-1] INFO  impl.RoleInfo (RoleInfo.java:shutdownLeaderState(91)) - 83398dfc-751f-4fe2-af5b-c65c8f1546c8: shutdown 83398dfc-751f-4fe2-af5b-c65c8f1546c8@group-29BFC1B0D5A0-LeaderStateImpl
2021-09-05 14:30:38,751 [Listener at 127.0.0.1/11040] INFO  server.RaftServer$Division (ServerState.java:close(419)) - 73fc6282-bdcb-4a1d-9106-80b228a82791@group-4BBEBFCD8F1A: closes. applyIndex: 0
2021-09-05 14:30:38,751 [73fc6282-bdcb-4a1d-9106-80b228a82791@group-4BBEBFCD8F1A-SegmentedRaftLogWorker] INFO  segmented.SegmentedRaftLogWorker (SegmentedRaftLogWorker.java:run(327)) - 73fc6282-bdcb-4a1d-9106-80b228a82791@group-4BBEBFCD8F1A-SegmentedRaftLogWorker was interrupted, exiting. There are 0 tasks remaining in the queue.
2021-09-05 14:30:38,757 [83398dfc-751f-4fe2-af5b-c65c8f1546c8@group-29BFC1B0D5A0->6bbc5292-b6d7-424f-9a49-f587de829c2d-GrpcLogAppender-LogAppenderDaemon] WARN  server.GrpcLogAppender (GrpcLogAppender.java:mayWait(175)) - 83398dfc-751f-4fe2-af5b-c65c8f1546c8@group-29BFC1B0D5A0->6bbc5292-b6d7-424f-9a49-f587de829c2d-GrpcLogAppender: Wait interrupted by java.lang.InterruptedException
2021-09-05 14:30:38,757 [ForkJoinPool.commonPool-worker-1] INFO  impl.PendingRequests (PendingRequests.java:sendNotLeaderResponses(282)) - 83398dfc-751f-4fe2-af5b-c65c8f1546c8@group-29BFC1B0D5A0-PendingRequests: sendNotLeaderResponses
2021-09-05 14:30:38,757 [83398dfc-751f-4fe2-af5b-c65c8f1546c8@group-29BFC1B0D5A0->73fc6282-bdcb-4a1d-9106-80b228a82791-GrpcLogAppender-LogAppenderDaemon] WARN  server.GrpcLogAppender (GrpcLogAppender.java:mayWait(175)) - 83398dfc-751f-4fe2-af5b-c65c8f1546c8@group-29BFC1B0D5A0->73fc6282-bdcb-4a1d-9106-80b228a82791-GrpcLogAppender: Wait interrupted by java.lang.InterruptedException
2021-09-05 14:30:38,758 [ForkJoinPool.commonPool-worker-1] INFO  impl.StateMachineUpdater (StateMachineUpdater.java:stopAndJoin(149)) - 83398dfc-751f-4fe2-af5b-c65c8f1546c8@group-29BFC1B0D5A0-StateMachineUpdater: set stopIndex = 0
2021-09-05 14:30:38,758 [grpc-default-executor-0] INFO  server.GrpcServerProtocolService (GrpcServerProtocolService.java:onCompleted(140)) - 6bbc5292-b6d7-424f-9a49-f587de829c2d: Completed APPEND_ENTRIES, lastRequest: 83398dfc-751f-4fe2-af5b-c65c8f1546c8->6bbc5292-b6d7-424f-9a49-f587de829c2d#1-t1,previous=(t:0, i:0),leaderCommit=-1,initializing? true,entries: size=1, first=(t:1, i:0), CONFIGURATIONENTRY
2021-09-05 14:30:38,758 [grpc-default-executor-3] INFO  server.GrpcServerProtocolService (GrpcServerProtocolService.java:onCompleted(140)) - 73fc6282-bdcb-4a1d-9106-80b228a82791: Completed APPEND_ENTRIES, lastRequest: 83398dfc-751f-4fe2-af5b-c65c8f1546c8->73fc6282-bdcb-4a1d-9106-80b228a82791#1-t1,previous=(t:0, i:0),leaderCommit=0,initializing? true,entries: size=1, first=(t:1, i:0), CONFIGURATIONENTRY
2021-09-05 14:30:38,760 [Listener at 127.0.0.1/11040] INFO  segmented.SegmentedRaftLogWorker (SegmentedRaftLogWorker.java:close(237)) - 73fc6282-bdcb-4a1d-9106-80b228a82791@group-4BBEBFCD8F1A-SegmentedRaftLogWorker close()
2021-09-05 14:30:38,762 [Listener at 127.0.0.1/11040] INFO  server.RaftServer$Division (RaftServerImpl.java:lambda$close$4(407)) - 73fc6282-bdcb-4a1d-9106-80b228a82791@group-9AB55F00ACC5: shutdown
2021-09-05 14:30:38,762 [Listener at 127.0.0.1/11040] INFO  util.JmxRegister (JmxRegister.java:unregister(73)) - Successfully un-registered JMX Bean with object name Ratis:service=RaftServer,group=group-9AB55F00ACC5,id=73fc6282-bdcb-4a1d-9106-80b228a82791
2021-09-05 14:30:38,762 [Listener at 127.0.0.1/11040] INFO  impl.RoleInfo (RoleInfo.java:shutdownLeaderState(91)) - 73fc6282-bdcb-4a1d-9106-80b228a82791: shutdown 73fc6282-bdcb-4a1d-9106-80b228a82791@group-9AB55F00ACC5-LeaderStateImpl
2021-09-05 14:30:38,763 [73fc6282-bdcb-4a1d-9106-80b228a82791@group-9AB55F00ACC5->83398dfc-751f-4fe2-af5b-c65c8f1546c8-GrpcLogAppender-LogAppenderDaemon] WARN  server.GrpcLogAppender (GrpcLogAppender.java:mayWait(175)) - 73fc6282-bdcb-4a1d-9106-80b228a82791@group-9AB55F00ACC5->83398dfc-751f-4fe2-af5b-c65c8f1546c8-GrpcLogAppender: Wait interrupted by java.lang.InterruptedException
2021-09-05 14:30:38,763 [Listener at 127.0.0.1/11040] INFO  impl.PendingRequests (PendingRequests.java:sendNotLeaderResponses(282)) - 73fc6282-bdcb-4a1d-9106-80b228a82791@group-9AB55F00ACC5-PendingRequests: sendNotLeaderResponses
2021-09-05 14:30:38,763 [73fc6282-bdcb-4a1d-9106-80b228a82791@group-9AB55F00ACC5->6bbc5292-b6d7-424f-9a49-f587de829c2d-GrpcLogAppender-LogAppenderDaemon] WARN  server.GrpcLogAppender (GrpcLogAppender.java:mayWait(175)) - 73fc6282-bdcb-4a1d-9106-80b228a82791@group-9AB55F00ACC5->6bbc5292-b6d7-424f-9a49-f587de829c2d-GrpcLogAppender: Wait interrupted by java.lang.InterruptedException
2021-09-05 14:30:38,763 [grpc-default-executor-4] INFO  server.GrpcServerProtocolService (GrpcServerProtocolService.java:onCompleted(140)) - 83398dfc-751f-4fe2-af5b-c65c8f1546c8: Completed APPEND_ENTRIES, lastRequest: 73fc6282-bdcb-4a1d-9106-80b228a82791->83398dfc-751f-4fe2-af5b-c65c8f1546c8#1-t2,previous=(t:0, i:0),leaderCommit=-1,initializing? true,entries: size=1, first=(t:2, i:0), CONFIGURATIONENTRY
2021-09-05 14:30:38,763 [grpc-default-executor-2] INFO  server.GrpcServerProtocolService (GrpcServerProtocolService.java:onCompleted(140)) - 6bbc5292-b6d7-424f-9a49-f587de829c2d: Completed APPEND_ENTRIES, lastRequest: 73fc6282-bdcb-4a1d-9106-80b228a82791->6bbc5292-b6d7-424f-9a49-f587de829c2d#1-t2,previous=(t:0, i:0),leaderCommit=-1,initializing? true,entries: size=1, first=(t:2, i:0), CONFIGURATIONENTRY
2021-09-05 14:30:38,764 [grpc-default-executor-1] INFO  server.GrpcLogAppender (GrpcLogAppender.java:onCompleted(344)) - 73fc6282-bdcb-4a1d-9106-80b228a82791@group-9AB55F00ACC5->6bbc5292-b6d7-424f-9a49-f587de829c2d-AppendLogResponseHandler: follower responses appendEntries COMPLETED
2021-09-05 14:30:38,764 [grpc-default-executor-1] INFO  leader.FollowerInfo (FollowerInfoImpl.java:lambda$new$0(46)) - 73fc6282-bdcb-4a1d-9106-80b228a82791@group-9AB55F00ACC5->6bbc5292-b6d7-424f-9a49-f587de829c2d: nextIndex: updateUnconditionally 1 -> 0
2021-09-05 14:30:38,765 [grpc-default-executor-2] INFO  server.GrpcLogAppender (GrpcLogAppender.java:onCompleted(344)) - 83398dfc-751f-4fe2-af5b-c65c8f1546c8@group-29BFC1B0D5A0->6bbc5292-b6d7-424f-9a49-f587de829c2d-AppendLogResponseHandler: follower responses appendEntries COMPLETED
2021-09-05 14:30:38,765 [grpc-default-executor-2] INFO  leader.FollowerInfo (FollowerInfoImpl.java:lambda$new$0(46)) - 83398dfc-751f-4fe2-af5b-c65c8f1546c8@group-29BFC1B0D5A0->6bbc5292-b6d7-424f-9a49-f587de829c2d: nextIndex: updateUnconditionally 1 -> 0
2021-09-05 14:30:38,767 [83398dfc-751f-4fe2-af5b-c65c8f1546c8@group-29BFC1B0D5A0-StateMachineUpdater] INFO  ratis.ContainerStateMachine (ContainerStateMachine.java:takeSnapshot(292)) - group-29BFC1B0D5A0: Taking a snapshot at:(t:1, i:0) file /home/runner/work/ozone/ozone/hadoop-ozone/integration-test/target/test-dir/MiniOzoneClusterImpl-11ada6fe-a5c6-4827-8b3d-97db8748ad29/datanode-0/data/ratis/2e6c9be7-a862-4614-98fa-29bfc1b0d5a0/sm/snapshot.1_0
2021-09-05 14:30:38,767 [83398dfc-751f-4fe2-af5b-c65c8f1546c8@group-29BFC1B0D5A0-StateMachineUpdater] INFO  ratis.ContainerStateMachine (ContainerStateMachine.java:takeSnapshot(303)) - group-29BFC1B0D5A0: Finished taking a snapshot at:(t:1, i:0) file:/home/runner/work/ozone/ozone/hadoop-ozone/integration-test/target/test-dir/MiniOzoneClusterImpl-11ada6fe-a5c6-4827-8b3d-97db8748ad29/datanode-0/data/ratis/2e6c9be7-a862-4614-98fa-29bfc1b0d5a0/sm/snapshot.1_0 took: 1 ms
2021-09-05 14:30:38,767 [grpc-default-executor-4] INFO  server.GrpcLogAppender (GrpcLogAppender.java:onCompleted(344)) - 73fc6282-bdcb-4a1d-9106-80b228a82791@group-9AB55F00ACC5->83398dfc-751f-4fe2-af5b-c65c8f1546c8-AppendLogResponseHandler: follower responses appendEntries COMPLETED
2021-09-05 14:30:38,768 [83398dfc-751f-4fe2-af5b-c65c8f1546c8@group-29BFC1B0D5A0-StateMachineUpdater] INFO  impl.StateMachineUpdater (StateMachineUpdater.java:takeSnapshot(281)) - 83398dfc-751f-4fe2-af5b-c65c8f1546c8@group-29BFC1B0D5A0-StateMachineUpdater: Took a snapshot at index 0
2021-09-05 14:30:38,768 [83398dfc-751f-4fe2-af5b-c65c8f1546c8@group-29BFC1B0D5A0-StateMachineUpdater] INFO  impl.StateMachineUpdater (StateMachineUpdater.java:lambda$new$0(89)) - 83398dfc-751f-4fe2-af5b-c65c8f1546c8@group-29BFC1B0D5A0-StateMachineUpdater: snapshotIndex: updateIncreasingly -1 -> 0
2021-09-05 14:30:38,768 [grpc-default-executor-4] INFO  leader.FollowerInfo (FollowerInfoImpl.java:lambda$new$0(46)) - 73fc6282-bdcb-4a1d-9106-80b228a82791@group-9AB55F00ACC5->83398dfc-751f-4fe2-af5b-c65c8f1546c8: nextIndex: updateUnconditionally 1 -> 0
2021-09-05 14:30:38,768 [ForkJoinPool.commonPool-worker-1] INFO  server.RaftServer$Division (ServerState.java:close(419)) - 83398dfc-751f-4fe2-af5b-c65c8f1546c8@group-29BFC1B0D5A0: closes. applyIndex: 0
2021-09-05 14:30:38,768 [grpc-default-executor-4] INFO  server.GrpcLogAppender (GrpcLogAppender.java:onCompleted(344)) - 83398dfc-751f-4fe2-af5b-c65c8f1546c8@group-29BFC1B0D5A0->73fc6282-bdcb-4a1d-9106-80b228a82791-AppendLogResponseHandler: follower responses appendEntries COMPLETED
2021-09-05 14:30:38,768 [83398dfc-751f-4fe2-af5b-c65c8f1546c8@group-29BFC1B0D5A0-SegmentedRaftLogWorker] INFO  segmented.SegmentedRaftLogWorker (SegmentedRaftLogWorker.java:run(327)) - 83398dfc-751f-4fe2-af5b-c65c8f1546c8@group-29BFC1B0D5A0-SegmentedRaftLogWorker was interrupted, exiting. There are 0 tasks remaining in the queue.
2021-09-05 14:30:38,768 [grpc-default-executor-4] INFO  leader.FollowerInfo (FollowerInfoImpl.java:lambda$new$0(46)) - 83398dfc-751f-4fe2-af5b-c65c8f1546c8@group-29BFC1B0D5A0->73fc6282-bdcb-4a1d-9106-80b228a82791: nextIndex: updateUnconditionally 1 -> 0
2021-09-05 14:30:38,768 [Listener at 127.0.0.1/11040] INFO  impl.StateMachineUpdater (StateMachineUpdater.java:stopAndJoin(149)) - 73fc6282-bdcb-4a1d-9106-80b228a82791@group-9AB55F00ACC5-StateMachineUpdater: set stopIndex = 0
2021-09-05 14:30:38,769 [73fc6282-bdcb-4a1d-9106-80b228a82791@group-9AB55F00ACC5-StateMachineUpdater] INFO  ratis.ContainerStateMachine (ContainerStateMachine.java:takeSnapshot(292)) - group-9AB55F00ACC5: Taking a snapshot at:(t:2, i:0) file /home/runner/work/ozone/ozone/hadoop-ozone/integration-test/target/test-dir/MiniOzoneClusterImpl-11ada6fe-a5c6-4827-8b3d-97db8748ad29/datanode-1/data/ratis/7903d46d-ad54-4c27-a6ea-9ab55f00acc5/sm/snapshot.2_0
2021-09-05 14:30:38,770 [ForkJoinPool.commonPool-worker-1] INFO  segmented.SegmentedRaftLogWorker (SegmentedRaftLogWorker.java:close(237)) - 83398dfc-751f-4fe2-af5b-c65c8f1546c8@group-29BFC1B0D5A0-SegmentedRaftLogWorker close()
2021-09-05 14:30:38,773 [ForkJoinPool.commonPool-worker-1] INFO  server.RaftServer$Division (RaftServerImpl.java:lambda$close$4(407)) - 83398dfc-751f-4fe2-af5b-c65c8f1546c8@group-55F03F1850F1: shutdown
2021-09-05 14:30:38,773 [ForkJoinPool.commonPool-worker-1] INFO  util.JmxRegister (JmxRegister.java:unregister(73)) - Successfully un-registered JMX Bean with object name Ratis:service=RaftServer,group=group-55F03F1850F1,id=83398dfc-751f-4fe2-af5b-c65c8f1546c8
2021-09-05 14:30:38,773 [ForkJoinPool.commonPool-worker-1] INFO  impl.RoleInfo (RoleInfo.java:shutdownLeaderState(91)) - 83398dfc-751f-4fe2-af5b-c65c8f1546c8: shutdown 83398dfc-751f-4fe2-af5b-c65c8f1546c8@group-55F03F1850F1-LeaderStateImpl
2021-09-05 14:30:38,773 [73fc6282-bdcb-4a1d-9106-80b228a82791@group-9AB55F00ACC5-StateMachineUpdater] INFO  ratis.ContainerStateMachine (ContainerStateMachine.java:takeSnapshot(303)) - group-9AB55F00ACC5: Finished taking a snapshot at:(t:2, i:0) file:/home/runner/work/ozone/ozone/hadoop-ozone/integration-test/target/test-dir/MiniOzoneClusterImpl-11ada6fe-a5c6-4827-8b3d-97db8748ad29/datanode-1/data/ratis/7903d46d-ad54-4c27-a6ea-9ab55f00acc5/sm/snapshot.2_0 took: 5 ms
2021-09-05 14:30:38,773 [ForkJoinPool.commonPool-worker-1] INFO  impl.PendingRequests (PendingRequests.java:sendNotLeaderResponses(282)) - 83398dfc-751f-4fe2-af5b-c65c8f1546c8@group-55F03F1850F1-PendingRequests: sendNotLeaderResponses
2021-09-05 14:30:38,773 [73fc6282-bdcb-4a1d-9106-80b228a82791@group-9AB55F00ACC5-StateMachineUpdater] INFO  impl.StateMachineUpdater (StateMachineUpdater.java:takeSnapshot(281)) - 73fc6282-bdcb-4a1d-9106-80b228a82791@group-9AB55F00ACC5-StateMachineUpdater: Took a snapshot at index 0
2021-09-05 14:30:38,773 [73fc6282-bdcb-4a1d-9106-80b228a82791@group-9AB55F00ACC5-StateMachineUpdater] INFO  impl.StateMachineUpdater (StateMachineUpdater.java:lambda$new$0(89)) - 73fc6282-bdcb-4a1d-9106-80b228a82791@group-9AB55F00ACC5-StateMachineUpdater: snapshotIndex: updateIncreasingly -1 -> 0
2021-09-05 14:30:38,774 [Listener at 127.0.0.1/11040] INFO  server.RaftServer$Division (ServerState.java:close(419)) - 73fc6282-bdcb-4a1d-9106-80b228a82791@group-9AB55F00ACC5: closes. applyIndex: 0
2021-09-05 14:30:38,774 [83398dfc-751f-4fe2-af5b-c65c8f1546c8@group-55F03F1850F1-StateMachineUpdater] INFO  ratis.ContainerStateMachine (ContainerStateMachine.java:takeSnapshot(292)) - group-55F03F1850F1: Taking a snapshot at:(t:1, i:0) file /home/runner/work/ozone/ozone/hadoop-ozone/integration-test/target/test-dir/MiniOzoneClusterImpl-11ada6fe-a5c6-4827-8b3d-97db8748ad29/datanode-0/data/ratis/59a078b3-30f1-43e2-96c6-55f03f1850f1/sm/snapshot.1_0
2021-09-05 14:30:38,774 [73fc6282-bdcb-4a1d-9106-80b228a82791@group-9AB55F00ACC5-SegmentedRaftLogWorker] INFO  segmented.SegmentedRaftLogWorker (SegmentedRaftLogWorker.java:run(327)) - 73fc6282-bdcb-4a1d-9106-80b228a82791@group-9AB55F00ACC5-SegmentedRaftLogWorker was interrupted, exiting. There are 0 tasks remaining in the queue.
2021-09-05 14:30:38,774 [ForkJoinPool.commonPool-worker-1] INFO  impl.StateMachineUpdater (StateMachineUpdater.java:stopAndJoin(149)) - 83398dfc-751f-4fe2-af5b-c65c8f1546c8@group-55F03F1850F1-StateMachineUpdater: set stopIndex = 0
2021-09-05 14:30:38,774 [83398dfc-751f-4fe2-af5b-c65c8f1546c8@group-55F03F1850F1-StateMachineUpdater] INFO  ratis.ContainerStateMachine (ContainerStateMachine.java:takeSnapshot(303)) - group-55F03F1850F1: Finished taking a snapshot at:(t:1, i:0) file:/home/runner/work/ozone/ozone/hadoop-ozone/integration-test/target/test-dir/MiniOzoneClusterImpl-11ada6fe-a5c6-4827-8b3d-97db8748ad29/datanode-0/data/ratis/59a078b3-30f1-43e2-96c6-55f03f1850f1/sm/snapshot.1_0 took: 0 ms
2021-09-05 14:30:38,774 [83398dfc-751f-4fe2-af5b-c65c8f1546c8@group-55F03F1850F1-StateMachineUpdater] INFO  impl.StateMachineUpdater (StateMachineUpdater.java:takeSnapshot(281)) - 83398dfc-751f-4fe2-af5b-c65c8f1546c8@group-55F03F1850F1-StateMachineUpdater: Took a snapshot at index 0
2021-09-05 14:30:38,775 [83398dfc-751f-4fe2-af5b-c65c8f1546c8@group-55F03F1850F1-StateMachineUpdater] INFO  impl.StateMachineUpdater (StateMachineUpdater.java:lambda$new$0(89)) - 83398dfc-751f-4fe2-af5b-c65c8f1546c8@group-55F03F1850F1-StateMachineUpdater: snapshotIndex: updateIncreasingly -1 -> 0
2021-09-05 14:30:38,775 [ForkJoinPool.commonPool-worker-1] INFO  server.RaftServer$Division (ServerState.java:close(419)) - 83398dfc-751f-4fe2-af5b-c65c8f1546c8@group-55F03F1850F1: closes. applyIndex: 0
2021-09-05 14:30:38,775 [Listener at 127.0.0.1/11040] INFO  segmented.SegmentedRaftLogWorker (SegmentedRaftLogWorker.java:close(237)) - 73fc6282-bdcb-4a1d-9106-80b228a82791@group-9AB55F00ACC5-SegmentedRaftLogWorker close()
2021-09-05 14:30:38,776 [Listener at 127.0.0.1/11040] INFO  server.RaftServer$Division (RaftServerImpl.java:lambda$close$4(407)) - 73fc6282-bdcb-4a1d-9106-80b228a82791@group-29BFC1B0D5A0: shutdown
2021-09-05 14:30:38,776 [Listener at 127.0.0.1/11040] INFO  util.JmxRegister (JmxRegister.java:unregister(73)) - Successfully un-registered JMX Bean with object name Ratis:service=RaftServer,group=group-29BFC1B0D5A0,id=73fc6282-bdcb-4a1d-9106-80b228a82791
2021-09-05 14:30:38,776 [Listener at 127.0.0.1/11040] INFO  impl.RoleInfo (RoleInfo.java:shutdownFollowerState(108)) - 73fc6282-bdcb-4a1d-9106-80b228a82791: shutdown 73fc6282-bdcb-4a1d-9106-80b228a82791@group-29BFC1B0D5A0-FollowerState
2021-09-05 14:30:38,776 [Listener at 127.0.0.1/11040] INFO  impl.StateMachineUpdater (StateMachineUpdater.java:stopAndJoin(149)) - 73fc6282-bdcb-4a1d-9106-80b228a82791@group-29BFC1B0D5A0-StateMachineUpdater: set stopIndex = 0
2021-09-05 14:30:38,777 [73fc6282-bdcb-4a1d-9106-80b228a82791@group-29BFC1B0D5A0-StateMachineUpdater] INFO  ratis.ContainerStateMachine (ContainerStateMachine.java:takeSnapshot(292)) - group-29BFC1B0D5A0: Taking a snapshot at:(t:1, i:0) file /home/runner/work/ozone/ozone/hadoop-ozone/integration-test/target/test-dir/MiniOzoneClusterImpl-11ada6fe-a5c6-4827-8b3d-97db8748ad29/datanode-1/data/ratis/2e6c9be7-a862-4614-98fa-29bfc1b0d5a0/sm/snapshot.1_0
2021-09-05 14:30:38,777 [73fc6282-bdcb-4a1d-9106-80b228a82791@group-29BFC1B0D5A0-FollowerState] INFO  impl.FollowerState (FollowerState.java:run(143)) - 73fc6282-bdcb-4a1d-9106-80b228a82791@group-29BFC1B0D5A0-FollowerState was interrupted: {}
java.lang.InterruptedException: sleep interrupted
	at java.lang.Thread.sleep(Native Method)
	at java.lang.Thread.sleep(Thread.java:340)
	at java.util.concurrent.TimeUnit.sleep(TimeUnit.java:386)
	at org.apache.ratis.util.TimeDuration.sleep(TimeDuration.java:324)
	at org.apache.ratis.util.TimeDuration.sleep(TimeDuration.java:309)
	at org.apache.ratis.server.impl.FollowerState.run(FollowerState.java:118)
2021-09-05 14:30:38,777 [73fc6282-bdcb-4a1d-9106-80b228a82791@group-29BFC1B0D5A0-StateMachineUpdater] INFO  ratis.ContainerStateMachine (ContainerStateMachine.java:takeSnapshot(303)) - group-29BFC1B0D5A0: Finished taking a snapshot at:(t:1, i:0) file:/home/runner/work/ozone/ozone/hadoop-ozone/integration-test/target/test-dir/MiniOzoneClusterImpl-11ada6fe-a5c6-4827-8b3d-97db8748ad29/datanode-1/data/ratis/2e6c9be7-a862-4614-98fa-29bfc1b0d5a0/sm/snapshot.1_0 took: 1 ms
2021-09-05 14:30:38,777 [83398dfc-751f-4fe2-af5b-c65c8f1546c8@group-55F03F1850F1-SegmentedRaftLogWorker] INFO  segmented.SegmentedRaftLogWorker (SegmentedRaftLogWorker.java:run(327)) - 83398dfc-751f-4fe2-af5b-c65c8f1546c8@group-55F03F1850F1-SegmentedRaftLogWorker was interrupted, exiting. There are 0 tasks remaining in the queue.
2021-09-05 14:30:38,777 [73fc6282-bdcb-4a1d-9106-80b228a82791@group-29BFC1B0D5A0-StateMachineUpdater] INFO  impl.StateMachineUpdater (StateMachineUpdater.java:takeSnapshot(281)) - 73fc6282-bdcb-4a1d-9106-80b228a82791@group-29BFC1B0D5A0-StateMachineUpdater: Took a snapshot at index 0
2021-09-05 14:30:38,777 [73fc6282-bdcb-4a1d-9106-80b228a82791@group-29BFC1B0D5A0-StateMachineUpdater] INFO  impl.StateMachineUpdater (StateMachineUpdater.java:lambda$new$0(89)) - 73fc6282-bdcb-4a1d-9106-80b228a82791@group-29BFC1B0D5A0-StateMachineUpdater: snapshotIndex: updateIncreasingly -1 -> 0
2021-09-05 14:30:38,778 [EndpointStateMachine task thread for /127.0.0.1:14541 - 0 ] INFO  ipc.Client (Client.java:handleConnectionFailure(977)) - Retrying connect to server: localhost/127.0.0.1:14541. Already tried 11 time(s); retry policy is RetryUpToMaximumCountWithFixedSleep(maxRetries=15, sleepTime=1000 MILLISECONDS)
2021-09-05 14:30:38,778 [ForkJoinPool.commonPool-worker-1] INFO  segmented.SegmentedRaftLogWorker (SegmentedRaftLogWorker.java:close(237)) - 83398dfc-751f-4fe2-af5b-c65c8f1546c8@group-55F03F1850F1-SegmentedRaftLogWorker close()
2021-09-05 14:30:38,778 [ForkJoinPool.commonPool-worker-1] INFO  server.GrpcService (GrpcService.java:closeImpl(262)) - 83398dfc-751f-4fe2-af5b-c65c8f1546c8: shutdown server with port 46795 now
2021-09-05 14:30:38,780 [EndpointStateMachine task thread for /127.0.0.1:14531 - 0 ] INFO  ipc.Client (Client.java:handleConnectionFailure(977)) - Retrying connect to server: localhost/127.0.0.1:14531. Already tried 12 time(s); retry policy is RetryUpToMaximumCountWithFixedSleep(maxRetries=15, sleepTime=1000 MILLISECONDS)
2021-09-05 14:30:38,780 [Listener at 127.0.0.1/11040] INFO  server.RaftServer$Division (ServerState.java:close(419)) - 73fc6282-bdcb-4a1d-9106-80b228a82791@group-29BFC1B0D5A0: closes. applyIndex: 0
2021-09-05 14:30:38,780 [73fc6282-bdcb-4a1d-9106-80b228a82791@group-29BFC1B0D5A0-SegmentedRaftLogWorker] INFO  segmented.SegmentedRaftLogWorker (SegmentedRaftLogWorker.java:run(327)) - 73fc6282-bdcb-4a1d-9106-80b228a82791@group-29BFC1B0D5A0-SegmentedRaftLogWorker was interrupted, exiting. There are 0 tasks remaining in the queue.
2021-09-05 14:30:38,789 [Listener at 127.0.0.1/11040] INFO  segmented.SegmentedRaftLogWorker (SegmentedRaftLogWorker.java:close(237)) - 73fc6282-bdcb-4a1d-9106-80b228a82791@group-29BFC1B0D5A0-SegmentedRaftLogWorker close()
2021-09-05 14:30:38,791 [Listener at 127.0.0.1/11040] INFO  server.GrpcService (GrpcService.java:closeImpl(262)) - 73fc6282-bdcb-4a1d-9106-80b228a82791: shutdown server with port 46567 now
2021-09-05 14:30:38,794 [EndpointStateMachine task thread for /127.0.0.1:14521 - 0 ] INFO  ipc.Client (Client.java:handleConnectionFailure(977)) - Retrying connect to server: localhost/127.0.0.1:14521. Already tried 13 time(s); retry policy is RetryUpToMaximumCountWithFixedSleep(maxRetries=15, sleepTime=1000 MILLISECONDS)
2021-09-05 14:30:38,794 [ForkJoinPool.commonPool-worker-1] INFO  server.GrpcService (GrpcService.java:closeImpl(271)) - 83398dfc-751f-4fe2-af5b-c65c8f1546c8: shutdown server with port 46795 successfully
2021-09-05 14:30:38,794 [org.apache.ratis.util.JvmPauseMonitor$$Lambda$499/1326998608@12afd134] INFO  util.JvmPauseMonitor (JvmPauseMonitor.java:run(109)) - JvmPauseMonitor-83398dfc-751f-4fe2-af5b-c65c8f1546c8: Stopped
2021-09-05 14:30:38,796 [ForkJoinPool.commonPool-worker-1] INFO  utils.BackgroundService (BackgroundService.java:shutdown(132)) - Shutting down service BlockDeletingService
2021-09-05 14:30:38,805 [Listener at 127.0.0.1/11040] INFO  server.GrpcService (GrpcService.java:closeImpl(271)) - 73fc6282-bdcb-4a1d-9106-80b228a82791: shutdown server with port 46567 successfully
2021-09-05 14:30:38,806 [org.apache.ratis.util.JvmPauseMonitor$$Lambda$499/1326998608@77c705a8] INFO  util.JvmPauseMonitor (JvmPauseMonitor.java:run(109)) - JvmPauseMonitor-73fc6282-bdcb-4a1d-9106-80b228a82791: Stopped
2021-09-05 14:30:38,807 [Listener at 127.0.0.1/11040] INFO  utils.BackgroundService (BackgroundService.java:shutdown(132)) - Shutting down service BlockDeletingService
2021-09-05 14:30:38,960 [EndpointStateMachine task thread for /127.0.0.1:13989 - 0 ] INFO  ipc.Client (Client.java:handleConnectionFailure(977)) - Retrying connect to server: localhost/127.0.0.1:13989. Already tried 3 time(s); retry policy is RetryUpToMaximumCountWithFixedSleep(maxRetries=15, sleepTime=1000 MILLISECONDS)
2021-09-05 14:30:38,961 [EndpointStateMachine task thread for /127.0.0.1:13969 - 0 ] INFO  ipc.Client (Client.java:handleConnectionFailure(977)) - Retrying connect to server: localhost/127.0.0.1:13969. Already tried 7 time(s); retry policy is RetryUpToMaximumCountWithFixedSleep(maxRetries=15, sleepTime=1000 MILLISECONDS)
2021-09-05 14:30:38,964 [EndpointStateMachine task thread for /127.0.0.1:13979 - 0 ] INFO  ipc.Client (Client.java:handleConnectionFailure(977)) - Retrying connect to server: localhost/127.0.0.1:13979. Already tried 3 time(s); retry policy is RetryUpToMaximumCountWithFixedSleep(maxRetries=15, sleepTime=1000 MILLISECONDS)
2021-09-05 14:30:39,780 [EndpointStateMachine task thread for /127.0.0.1:14531 - 0 ] INFO  ipc.Client (Client.java:handleConnectionFailure(977)) - Retrying connect to server: localhost/127.0.0.1:14531. Already tried 13 time(s); retry policy is RetryUpToMaximumCountWithFixedSleep(maxRetries=15, sleepTime=1000 MILLISECONDS)
2021-09-05 14:30:39,781 [EndpointStateMachine task thread for /127.0.0.1:14541 - 0 ] INFO  ipc.Client (Client.java:handleConnectionFailure(977)) - Retrying connect to server: localhost/127.0.0.1:14541. Already tried 12 time(s); retry policy is RetryUpToMaximumCountWithFixedSleep(maxRetries=15, sleepTime=1000 MILLISECONDS)
2021-09-05 14:30:39,794 [EndpointStateMachine task thread for /127.0.0.1:14521 - 0 ] INFO  ipc.Client (Client.java:handleConnectionFailure(977)) - Retrying connect to server: localhost/127.0.0.1:14521. Already tried 14 time(s); retry policy is RetryUpToMaximumCountWithFixedSleep(maxRetries=15, sleepTime=1000 MILLISECONDS)
2021-09-05 14:30:39,961 [EndpointStateMachine task thread for /127.0.0.1:13989 - 0 ] INFO  ipc.Client (Client.java:handleConnectionFailure(977)) - Retrying connect to server: localhost/127.0.0.1:13989. Already tried 4 time(s); retry policy is RetryUpToMaximumCountWithFixedSleep(maxRetries=15, sleepTime=1000 MILLISECONDS)
2021-09-05 14:30:39,961 [EndpointStateMachine task thread for /127.0.0.1:13969 - 0 ] INFO  ipc.Client (Client.java:handleConnectionFailure(977)) - Retrying connect to server: localhost/127.0.0.1:13969. Already tried 8 time(s); retry policy is RetryUpToMaximumCountWithFixedSleep(maxRetries=15, sleepTime=1000 MILLISECONDS)
2021-09-05 14:30:39,964 [EndpointStateMachine task thread for /127.0.0.1:13979 - 0 ] INFO  ipc.Client (Client.java:handleConnectionFailure(977)) - Retrying connect to server: localhost/127.0.0.1:13979. Already tried 4 time(s); retry policy is RetryUpToMaximumCountWithFixedSleep(maxRetries=15, sleepTime=1000 MILLISECONDS)
2021-09-05 14:30:40,781 [EndpointStateMachine task thread for /127.0.0.1:14531 - 0 ] INFO  ipc.Client (Client.java:handleConnectionFailure(977)) - Retrying connect to server: localhost/127.0.0.1:14531. Already tried 14 time(s); retry policy is RetryUpToMaximumCountWithFixedSleep(maxRetries=15, sleepTime=1000 MILLISECONDS)
2021-09-05 14:30:40,782 [EndpointStateMachine task thread for /127.0.0.1:14541 - 0 ] INFO  ipc.Client (Client.java:handleConnectionFailure(977)) - Retrying connect to server: localhost/127.0.0.1:14541. Already tried 13 time(s); retry policy is RetryUpToMaximumCountWithFixedSleep(maxRetries=15, sleepTime=1000 MILLISECONDS)
2021-09-05 14:30:40,798 [EndpointStateMachine task thread for /127.0.0.1:14521 - 0 ] INFO  ipc.Client (Client.java:handleConnectionFailure(977)) - Retrying connect to server: localhost/127.0.0.1:14521. Already tried 0 time(s); retry policy is RetryUpToMaximumCountWithFixedSleep(maxRetries=15, sleepTime=1000 MILLISECONDS)
2021-09-05 14:30:40,961 [EndpointStateMachine task thread for /127.0.0.1:13989 - 0 ] INFO  ipc.Client (Client.java:handleConnectionFailure(977)) - Retrying connect to server: localhost/127.0.0.1:13989. Already tried 5 time(s); retry policy is RetryUpToMaximumCountWithFixedSleep(maxRetries=15, sleepTime=1000 MILLISECONDS)
2021-09-05 14:30:40,962 [EndpointStateMachine task thread for /127.0.0.1:13969 - 0 ] INFO  ipc.Client (Client.java:handleConnectionFailure(977)) - Retrying connect to server: localhost/127.0.0.1:13969. Already tried 9 time(s); retry policy is RetryUpToMaximumCountWithFixedSleep(maxRetries=15, sleepTime=1000 MILLISECONDS)
2021-09-05 14:30:40,964 [EndpointStateMachine task thread for /127.0.0.1:13979 - 0 ] INFO  ipc.Client (Client.java:handleConnectionFailure(977)) - Retrying connect to server: localhost/127.0.0.1:13979. Already tried 5 time(s); retry policy is RetryUpToMaximumCountWithFixedSleep(maxRetries=15, sleepTime=1000 MILLISECONDS)
2021-09-05 14:30:41,782 [EndpointStateMachine task thread for /127.0.0.1:14531 - 0 ] INFO  ipc.Client (Client.java:handleConnectionFailure(977)) - Retrying connect to server: localhost/127.0.0.1:14531. Already tried 0 time(s); retry policy is RetryUpToMaximumCountWithFixedSleep(maxRetries=15, sleepTime=1000 MILLISECONDS)
2021-09-05 14:30:41,782 [EndpointStateMachine task thread for /127.0.0.1:14541 - 0 ] INFO  ipc.Client (Client.java:handleConnectionFailure(977)) - Retrying connect to server: localhost/127.0.0.1:14541. Already tried 14 time(s); retry policy is RetryUpToMaximumCountWithFixedSleep(maxRetries=15, sleepTime=1000 MILLISECONDS)
2021-09-05 14:30:41,797 [ForkJoinPool.commonPool-worker-1] INFO  statemachine.DatanodeStateMachine (DatanodeStateMachine.java:stopDaemon(515)) - Ozone container server stopped.
2021-09-05 14:30:41,799 [ForkJoinPool.commonPool-worker-1] INFO  handler.ContextHandler (ContextHandler.java:doStop(1153)) - Stopped o.e.j.w.WebAppContext@1e53dc3b{hddsDatanode,/,null,STOPPED}{jar:file:/home/runner/.m2/repository/org/apache/ozone/hdds-container-service/1.2.0-SNAPSHOT/hdds-container-service-1.2.0-SNAPSHOT.jar!/webapps/hddsDatanode}
2021-09-05 14:30:41,808 [Listener at 127.0.0.1/11040] INFO  statemachine.DatanodeStateMachine (DatanodeStateMachine.java:stopDaemon(515)) - Ozone container server stopped.
2021-09-05 14:30:41,809 [Listener at 127.0.0.1/11040] INFO  handler.ContextHandler (ContextHandler.java:doStop(1153)) - Stopped o.e.j.w.WebAppContext@29a1aca8{hddsDatanode,/,null,STOPPED}{jar:file:/home/runner/.m2/repository/org/apache/ozone/hdds-container-service/1.2.0-SNAPSHOT/hdds-container-service-1.2.0-SNAPSHOT.jar!/webapps/hddsDatanode}
2021-09-05 14:30:41,810 [Listener at 127.0.0.1/11040] INFO  server.AbstractConnector (AbstractConnector.java:doStop(381)) - Stopped ServerConnector@64e443c1{HTTP/1.1, (http/1.1)}{0.0.0.0:0}
2021-09-05 14:30:41,810 [Listener at 127.0.0.1/11040] INFO  server.session (HouseKeeper.java:stopScavenging(149)) - node0 Stopped scavenging
2021-09-05 14:30:41,810 [Listener at 127.0.0.1/11040] INFO  handler.ContextHandler (ContextHandler.java:doStop(1153)) - Stopped o.e.j.s.ServletContextHandler@170f2883{static,/static,jar:file:/home/runner/.m2/repository/org/apache/ozone/hdds-container-service/1.2.0-SNAPSHOT/hdds-container-service-1.2.0-SNAPSHOT.jar!/webapps/static,STOPPED}
2021-09-05 14:30:41,810 [Listener at 127.0.0.1/11040] INFO  handler.ContextHandler (ContextHandler.java:doStop(1153)) - Stopped o.e.j.s.ServletContextHandler@6d0e7e6{logs,/logs,file:///home/runner/work/ozone/ozone/hadoop-ozone/integration-test/target/log,STOPPED}
2021-09-05 14:30:41,812 [ForkJoinPool.commonPool-worker-1] INFO  server.AbstractConnector (AbstractConnector.java:doStop(381)) - Stopped ServerConnector@48e114b4{HTTP/1.1, (http/1.1)}{0.0.0.0:0}
2021-09-05 14:30:41,812 [ForkJoinPool.commonPool-worker-1] INFO  server.session (HouseKeeper.java:stopScavenging(149)) - node0 Stopped scavenging
2021-09-05 14:30:41,815 [EndpointStateMachine task thread for /127.0.0.1:14521 - 0 ] INFO  ipc.Client (Client.java:handleConnectionFailure(977)) - Retrying connect to server: localhost/127.0.0.1:14521. Already tried 1 time(s); retry policy is RetryUpToMaximumCountWithFixedSleep(maxRetries=15, sleepTime=1000 MILLISECONDS)
2021-09-05 14:30:41,815 [ForkJoinPool.commonPool-worker-1] INFO  handler.ContextHandler (ContextHandler.java:doStop(1153)) - Stopped o.e.j.s.ServletContextHandler@6083be44{static,/static,jar:file:/home/runner/.m2/repository/org/apache/ozone/hdds-container-service/1.2.0-SNAPSHOT/hdds-container-service-1.2.0-SNAPSHOT.jar!/webapps/static,STOPPED}
2021-09-05 14:30:41,817 [ForkJoinPool.commonPool-worker-1] INFO  handler.ContextHandler (ContextHandler.java:doStop(1153)) - Stopped o.e.j.s.ServletContextHandler@2393b885{logs,/logs,file:///home/runner/work/ozone/ozone/hadoop-ozone/integration-test/target/log,STOPPED}
2021-09-05 14:30:41,961 [Datanode State Machine Thread - 0] WARN  statemachine.StateContext (StateContext.java:setState(246)) - Ignore disallowed transition from SHUTDOWN to RUNNING
2021-09-05 14:30:41,961 [Datanode State Machine Thread - 0] INFO  statemachine.DatanodeStateMachine (DatanodeStateMachine.java:lambda$startDaemon$0(457)) - Ozone container server started.
2021-09-05 14:30:41,962 [EndpointStateMachine task thread for /127.0.0.1:13989 - 0 ] INFO  ipc.Client (Client.java:handleConnectionFailure(977)) - Retrying connect to server: localhost/127.0.0.1:13989. Already tried 6 time(s); retry policy is RetryUpToMaximumCountWithFixedSleep(maxRetries=15, sleepTime=1000 MILLISECONDS)
2021-09-05 14:30:41,962 [EndpointStateMachine task thread for /127.0.0.1:13969 - 0 ] INFO  ipc.Client (Client.java:handleConnectionFailure(977)) - Retrying connect to server: localhost/127.0.0.1:13969. Already tried 10 time(s); retry policy is RetryUpToMaximumCountWithFixedSleep(maxRetries=15, sleepTime=1000 MILLISECONDS)
2021-09-05 14:30:41,965 [EndpointStateMachine task thread for /127.0.0.1:13979 - 0 ] INFO  ipc.Client (Client.java:handleConnectionFailure(977)) - Retrying connect to server: localhost/127.0.0.1:13979. Already tried 6 time(s); retry policy is RetryUpToMaximumCountWithFixedSleep(maxRetries=15, sleepTime=1000 MILLISECONDS)
2021-09-05 14:30:42,792 [EndpointStateMachine task thread for /127.0.0.1:14541 - 0 ] INFO  ipc.Client (Client.java:handleConnectionFailure(977)) - Retrying connect to server: localhost/127.0.0.1:14541. Already tried 0 time(s); retry policy is RetryUpToMaximumCountWithFixedSleep(maxRetries=15, sleepTime=1000 MILLISECONDS)
2021-09-05 14:30:42,793 [EndpointStateMachine task thread for /127.0.0.1:14531 - 0 ] INFO  ipc.Client (Client.java:handleConnectionFailure(977)) - Retrying connect to server: localhost/127.0.0.1:14531. Already tried 1 time(s); retry policy is RetryUpToMaximumCountWithFixedSleep(maxRetries=15, sleepTime=1000 MILLISECONDS)
2021-09-05 14:30:42,815 [EndpointStateMachine task thread for /127.0.0.1:14521 - 0 ] INFO  ipc.Client (Client.java:handleConnectionFailure(977)) - Retrying connect to server: localhost/127.0.0.1:14521. Already tried 2 time(s); retry policy is RetryUpToMaximumCountWithFixedSleep(maxRetries=15, sleepTime=1000 MILLISECONDS)
2021-09-05 14:30:42,962 [EndpointStateMachine task thread for /127.0.0.1:13969 - 0 ] INFO  ipc.Client (Client.java:handleConnectionFailure(977)) - Retrying connect to server: localhost/127.0.0.1:13969. Already tried 11 time(s); retry policy is RetryUpToMaximumCountWithFixedSleep(maxRetries=15, sleepTime=1000 MILLISECONDS)
2021-09-05 14:30:42,963 [EndpointStateMachine task thread for /127.0.0.1:13989 - 0 ] INFO  ipc.Client (Client.java:handleConnectionFailure(977)) - Retrying connect to server: localhost/127.0.0.1:13989. Already tried 7 time(s); retry policy is RetryUpToMaximumCountWithFixedSleep(maxRetries=15, sleepTime=1000 MILLISECONDS)
2021-09-05 14:30:42,965 [EndpointStateMachine task thread for /127.0.0.1:13979 - 0 ] INFO  ipc.Client (Client.java:handleConnectionFailure(977)) - Retrying connect to server: localhost/127.0.0.1:13979. Already tried 7 time(s); retry policy is RetryUpToMaximumCountWithFixedSleep(maxRetries=15, sleepTime=1000 MILLISECONDS)
2021-09-05 14:30:43,792 [EndpointStateMachine task thread for /127.0.0.1:14541 - 0 ] INFO  ipc.Client (Client.java:handleConnectionFailure(977)) - Retrying connect to server: localhost/127.0.0.1:14541. Already tried 1 time(s); retry policy is RetryUpToMaximumCountWithFixedSleep(maxRetries=15, sleepTime=1000 MILLISECONDS)
2021-09-05 14:30:43,794 [EndpointStateMachine task thread for /127.0.0.1:14531 - 0 ] INFO  ipc.Client (Client.java:handleConnectionFailure(977)) - Retrying connect to server: localhost/127.0.0.1:14531. Already tried 2 time(s); retry policy is RetryUpToMaximumCountWithFixedSleep(maxRetries=15, sleepTime=1000 MILLISECONDS)
2021-09-05 14:30:43,815 [EndpointStateMachine task thread for /127.0.0.1:14521 - 0 ] INFO  ipc.Client (Client.java:handleConnectionFailure(977)) - Retrying connect to server: localhost/127.0.0.1:14521. Already tried 3 time(s); retry policy is RetryUpToMaximumCountWithFixedSleep(maxRetries=15, sleepTime=1000 MILLISECONDS)
2021-09-05 14:30:43,963 [EndpointStateMachine task thread for /127.0.0.1:13969 - 0 ] INFO  ipc.Client (Client.java:handleConnectionFailure(977)) - Retrying connect to server: localhost/127.0.0.1:13969. Already tried 12 time(s); retry policy is RetryUpToMaximumCountWithFixedSleep(maxRetries=15, sleepTime=1000 MILLISECONDS)
2021-09-05 14:30:43,964 [EndpointStateMachine task thread for /127.0.0.1:13989 - 0 ] INFO  ipc.Client (Client.java:handleConnectionFailure(977)) - Retrying connect to server: localhost/127.0.0.1:13989. Already tried 8 time(s); retry policy is RetryUpToMaximumCountWithFixedSleep(maxRetries=15, sleepTime=1000 MILLISECONDS)
2021-09-05 14:30:43,965 [EndpointStateMachine task thread for /127.0.0.1:13979 - 0 ] INFO  ipc.Client (Client.java:handleConnectionFailure(977)) - Retrying connect to server: localhost/127.0.0.1:13979. Already tried 8 time(s); retry policy is RetryUpToMaximumCountWithFixedSleep(maxRetries=15, sleepTime=1000 MILLISECONDS)
2021-09-05 14:30:44,793 [EndpointStateMachine task thread for /127.0.0.1:14541 - 0 ] INFO  ipc.Client (Client.java:handleConnectionFailure(977)) - Retrying connect to server: localhost/127.0.0.1:14541. Already tried 2 time(s); retry policy is RetryUpToMaximumCountWithFixedSleep(maxRetries=15, sleepTime=1000 MILLISECONDS)
2021-09-05 14:30:44,797 [EndpointStateMachine task thread for /127.0.0.1:14531 - 0 ] INFO  ipc.Client (Client.java:handleConnectionFailure(977)) - Retrying connect to server: localhost/127.0.0.1:14531. Already tried 3 time(s); retry policy is RetryUpToMaximumCountWithFixedSleep(maxRetries=15, sleepTime=1000 MILLISECONDS)
2021-09-05 14:30:44,816 [EndpointStateMachine task thread for /127.0.0.1:14521 - 0 ] INFO  ipc.Client (Client.java:handleConnectionFailure(977)) - Retrying connect to server: localhost/127.0.0.1:14521. Already tried 4 time(s); retry policy is RetryUpToMaximumCountWithFixedSleep(maxRetries=15, sleepTime=1000 MILLISECONDS)
2021-09-05 14:30:44,963 [EndpointStateMachine task thread for /127.0.0.1:13969 - 0 ] INFO  ipc.Client (Client.java:handleConnectionFailure(977)) - Retrying connect to server: localhost/127.0.0.1:13969. Already tried 13 time(s); retry policy is RetryUpToMaximumCountWithFixedSleep(maxRetries=15, sleepTime=1000 MILLISECONDS)
2021-09-05 14:30:44,965 [EndpointStateMachine task thread for /127.0.0.1:13989 - 0 ] INFO  ipc.Client (Client.java:handleConnectionFailure(977)) - Retrying connect to server: localhost/127.0.0.1:13989. Already tried 9 time(s); retry policy is RetryUpToMaximumCountWithFixedSleep(maxRetries=15, sleepTime=1000 MILLISECONDS)
2021-09-05 14:30:44,965 [EndpointStateMachine task thread for /127.0.0.1:13979 - 0 ] INFO  ipc.Client (Client.java:handleConnectionFailure(977)) - Retrying connect to server: localhost/127.0.0.1:13979. Already tried 9 time(s); retry policy is RetryUpToMaximumCountWithFixedSleep(maxRetries=15, sleepTime=1000 MILLISECONDS)
2021-09-05 14:30:45,256 [6bbc5292-b6d7-424f-9a49-f587de829c2d@group-29BFC1B0D5A0-FollowerState] INFO  impl.FollowerState (FollowerState.java:run(134)) - 6bbc5292-b6d7-424f-9a49-f587de829c2d@group-29BFC1B0D5A0-FollowerState: change to CANDIDATE, lastRpcElapsedTime:7690683713ns, electionTimeout:5122ms
2021-09-05 14:30:45,256 [6bbc5292-b6d7-424f-9a49-f587de829c2d@group-29BFC1B0D5A0-FollowerState] INFO  impl.RoleInfo (RoleInfo.java:shutdownFollowerState(108)) - 6bbc5292-b6d7-424f-9a49-f587de829c2d: shutdown 6bbc5292-b6d7-424f-9a49-f587de829c2d@group-29BFC1B0D5A0-FollowerState
2021-09-05 14:30:45,256 [6bbc5292-b6d7-424f-9a49-f587de829c2d@group-29BFC1B0D5A0-FollowerState] INFO  server.RaftServer$Division (RaftServerImpl.java:setRole(285)) - 6bbc5292-b6d7-424f-9a49-f587de829c2d@group-29BFC1B0D5A0: changes role from  FOLLOWER to CANDIDATE at term 1 for changeToCandidate
2021-09-05 14:30:45,256 [6bbc5292-b6d7-424f-9a49-f587de829c2d@group-29BFC1B0D5A0-FollowerState] INFO  server.RaftServerConfigKeys (ConfUtils.java:logGet(44)) - raft.server.leaderelection.pre-vote = false (custom)
2021-09-05 14:30:45,256 [6bbc5292-b6d7-424f-9a49-f587de829c2d@group-29BFC1B0D5A0-FollowerState] INFO  impl.RoleInfo (RoleInfo.java:updateAndGet(130)) - 6bbc5292-b6d7-424f-9a49-f587de829c2d: start 6bbc5292-b6d7-424f-9a49-f587de829c2d@group-29BFC1B0D5A0-LeaderElection22
2021-09-05 14:30:45,269 [6bbc5292-b6d7-424f-9a49-f587de829c2d@group-29BFC1B0D5A0-LeaderElection22] INFO  server.RaftServer$Division (ServerState.java:setLeader(285)) - 6bbc5292-b6d7-424f-9a49-f587de829c2d@group-29BFC1B0D5A0: change Leader from 83398dfc-751f-4fe2-af5b-c65c8f1546c8 to null at term 1 for ELECTION
2021-09-05 14:30:45,270 [6bbc5292-b6d7-424f-9a49-f587de829c2d@group-29BFC1B0D5A0-LeaderElection22] INFO  impl.LeaderElection (LeaderElection.java:askForVotes(306)) - 6bbc5292-b6d7-424f-9a49-f587de829c2d@group-29BFC1B0D5A0-LeaderElection22 ELECTION round 0: submit vote requests at term 2 for 0: [83398dfc-751f-4fe2-af5b-c65c8f1546c8|rpc:127.0.0.1:46795|dataStream:|priority:1, 6bbc5292-b6d7-424f-9a49-f587de829c2d|rpc:127.0.0.1:46659|dataStream:|priority:0, 73fc6282-bdcb-4a1d-9106-80b228a82791|rpc:127.0.0.1:46567|dataStream:|priority:0], old=null
2021-09-05 14:30:45,310 [6bbc5292-b6d7-424f-9a49-f587de829c2d@group-29BFC1B0D5A0-LeaderElection22] INFO  impl.LeaderElection (LogUtils.java:infoOrTrace(137)) - 6bbc5292-b6d7-424f-9a49-f587de829c2d@group-29BFC1B0D5A0-LeaderElection22 got exception when requesting votes: java.util.concurrent.ExecutionException: org.apache.ratis.thirdparty.io.grpc.StatusRuntimeException: UNAVAILABLE: io exception
2021-09-05 14:30:45,325 [6bbc5292-b6d7-424f-9a49-f587de829c2d@group-29BFC1B0D5A0-LeaderElection22] INFO  impl.LeaderElection (LogUtils.java:infoOrTrace(137)) - 6bbc5292-b6d7-424f-9a49-f587de829c2d@group-29BFC1B0D5A0-LeaderElection22 got exception when requesting votes: java.util.concurrent.ExecutionException: org.apache.ratis.thirdparty.io.grpc.StatusRuntimeException: UNAVAILABLE: io exception
2021-09-05 14:30:45,325 [6bbc5292-b6d7-424f-9a49-f587de829c2d@group-29BFC1B0D5A0-LeaderElection22] INFO  impl.LeaderElection (LeaderElection.java:logAndReturn(89)) - 6bbc5292-b6d7-424f-9a49-f587de829c2d@group-29BFC1B0D5A0-LeaderElection22: ELECTION REJECTED received 0 response(s) and 2 exception(s):
2021-09-05 14:30:45,325 [6bbc5292-b6d7-424f-9a49-f587de829c2d@group-29BFC1B0D5A0-LeaderElection22] INFO  impl.LeaderElection (LogUtils.java:infoOrTrace(137)) -   Exception 0: java.util.concurrent.ExecutionException: org.apache.ratis.thirdparty.io.grpc.StatusRuntimeException: UNAVAILABLE: io exception
2021-09-05 14:30:45,325 [6bbc5292-b6d7-424f-9a49-f587de829c2d@group-29BFC1B0D5A0-LeaderElection22] INFO  impl.LeaderElection (LogUtils.java:infoOrTrace(137)) -   Exception 1: java.util.concurrent.ExecutionException: org.apache.ratis.thirdparty.io.grpc.StatusRuntimeException: UNAVAILABLE: io exception
2021-09-05 14:30:45,325 [6bbc5292-b6d7-424f-9a49-f587de829c2d@group-29BFC1B0D5A0-LeaderElection22] INFO  impl.LeaderElection (LeaderElection.java:askForVotes(308)) - 6bbc5292-b6d7-424f-9a49-f587de829c2d@group-29BFC1B0D5A0-LeaderElection22 ELECTION round 0: result REJECTED
2021-09-05 14:30:45,325 [6bbc5292-b6d7-424f-9a49-f587de829c2d@group-29BFC1B0D5A0-LeaderElection22] INFO  server.RaftServer$Division (RaftServerImpl.java:setRole(285)) - 6bbc5292-b6d7-424f-9a49-f587de829c2d@group-29BFC1B0D5A0: changes role from CANDIDATE to FOLLOWER at term 2 for REJECTED
2021-09-05 14:30:45,325 [6bbc5292-b6d7-424f-9a49-f587de829c2d@group-29BFC1B0D5A0-LeaderElection22] INFO  impl.RoleInfo (RoleInfo.java:shutdownLeaderElection(121)) - 6bbc5292-b6d7-424f-9a49-f587de829c2d: shutdown 6bbc5292-b6d7-424f-9a49-f587de829c2d@group-29BFC1B0D5A0-LeaderElection22
2021-09-05 14:30:45,325 [6bbc5292-b6d7-424f-9a49-f587de829c2d@group-29BFC1B0D5A0-LeaderElection22] INFO  impl.RoleInfo (RoleInfo.java:updateAndGet(130)) - 6bbc5292-b6d7-424f-9a49-f587de829c2d: start 6bbc5292-b6d7-424f-9a49-f587de829c2d@group-29BFC1B0D5A0-FollowerState
2021-09-05 14:30:45,793 [EndpointStateMachine task thread for /127.0.0.1:14541 - 0 ] INFO  ipc.Client (Client.java:handleConnectionFailure(977)) - Retrying connect to server: localhost/127.0.0.1:14541. Already tried 3 time(s); retry policy is RetryUpToMaximumCountWithFixedSleep(maxRetries=15, sleepTime=1000 MILLISECONDS)
2021-09-05 14:30:45,797 [EndpointStateMachine task thread for /127.0.0.1:14531 - 0 ] INFO  ipc.Client (Client.java:handleConnectionFailure(977)) - Retrying connect to server: localhost/127.0.0.1:14531. Already tried 4 time(s); retry policy is RetryUpToMaximumCountWithFixedSleep(maxRetries=15, sleepTime=1000 MILLISECONDS)
2021-09-05 14:30:45,809 [6bbc5292-b6d7-424f-9a49-f587de829c2d@group-9AB55F00ACC5-FollowerState] INFO  impl.FollowerState (FollowerState.java:run(134)) - 6bbc5292-b6d7-424f-9a49-f587de829c2d@group-9AB55F00ACC5-FollowerState: change to CANDIDATE, lastRpcElapsedTime:7759894726ns, electionTimeout:5128ms
2021-09-05 14:30:45,809 [6bbc5292-b6d7-424f-9a49-f587de829c2d@group-9AB55F00ACC5-FollowerState] INFO  impl.RoleInfo (RoleInfo.java:shutdownFollowerState(108)) - 6bbc5292-b6d7-424f-9a49-f587de829c2d: shutdown 6bbc5292-b6d7-424f-9a49-f587de829c2d@group-9AB55F00ACC5-FollowerState
2021-09-05 14:30:45,809 [6bbc5292-b6d7-424f-9a49-f587de829c2d@group-9AB55F00ACC5-FollowerState] INFO  server.RaftServer$Division (RaftServerImpl.java:setRole(285)) - 6bbc5292-b6d7-424f-9a49-f587de829c2d@group-9AB55F00ACC5: changes role from  FOLLOWER to CANDIDATE at term 2 for changeToCandidate
2021-09-05 14:30:45,809 [6bbc5292-b6d7-424f-9a49-f587de829c2d@group-9AB55F00ACC5-FollowerState] INFO  server.RaftServerConfigKeys (ConfUtils.java:logGet(44)) - raft.server.leaderelection.pre-vote = false (custom)
2021-09-05 14:30:45,809 [6bbc5292-b6d7-424f-9a49-f587de829c2d@group-9AB55F00ACC5-FollowerState] INFO  impl.RoleInfo (RoleInfo.java:updateAndGet(130)) - 6bbc5292-b6d7-424f-9a49-f587de829c2d: start 6bbc5292-b6d7-424f-9a49-f587de829c2d@group-9AB55F00ACC5-LeaderElection23
2021-09-05 14:30:45,816 [EndpointStateMachine task thread for /127.0.0.1:14521 - 0 ] INFO  ipc.Client (Client.java:handleConnectionFailure(977)) - Retrying connect to server: localhost/127.0.0.1:14521. Already tried 5 time(s); retry policy is RetryUpToMaximumCountWithFixedSleep(maxRetries=15, sleepTime=1000 MILLISECONDS)
2021-09-05 14:30:45,833 [6bbc5292-b6d7-424f-9a49-f587de829c2d@group-9AB55F00ACC5-LeaderElection23] INFO  server.RaftServer$Division (ServerState.java:setLeader(285)) - 6bbc5292-b6d7-424f-9a49-f587de829c2d@group-9AB55F00ACC5: change Leader from 73fc6282-bdcb-4a1d-9106-80b228a82791 to null at term 2 for ELECTION
2021-09-05 14:30:45,835 [6bbc5292-b6d7-424f-9a49-f587de829c2d@group-9AB55F00ACC5-LeaderElection23] INFO  impl.LeaderElection (LeaderElection.java:askForVotes(306)) - 6bbc5292-b6d7-424f-9a49-f587de829c2d@group-9AB55F00ACC5-LeaderElection23 ELECTION round 0: submit vote requests at term 3 for 0: [83398dfc-751f-4fe2-af5b-c65c8f1546c8|rpc:127.0.0.1:46795|dataStream:|priority:0, 6bbc5292-b6d7-424f-9a49-f587de829c2d|rpc:127.0.0.1:46659|dataStream:|priority:0, 73fc6282-bdcb-4a1d-9106-80b228a82791|rpc:127.0.0.1:46567|dataStream:|priority:1], old=null
2021-09-05 14:30:45,836 [6bbc5292-b6d7-424f-9a49-f587de829c2d@group-9AB55F00ACC5-LeaderElection23] INFO  impl.LeaderElection (LogUtils.java:infoOrTrace(137)) - 6bbc5292-b6d7-424f-9a49-f587de829c2d@group-9AB55F00ACC5-LeaderElection23 got exception when requesting votes: java.util.concurrent.ExecutionException: org.apache.ratis.thirdparty.io.grpc.StatusRuntimeException: UNAVAILABLE: io exception
2021-09-05 14:30:45,836 [6bbc5292-b6d7-424f-9a49-f587de829c2d@group-9AB55F00ACC5-LeaderElection23] INFO  impl.LeaderElection (LogUtils.java:infoOrTrace(137)) - 6bbc5292-b6d7-424f-9a49-f587de829c2d@group-9AB55F00ACC5-LeaderElection23 got exception when requesting votes: java.util.concurrent.ExecutionException: org.apache.ratis.thirdparty.io.grpc.StatusRuntimeException: UNAVAILABLE: io exception
2021-09-05 14:30:45,836 [6bbc5292-b6d7-424f-9a49-f587de829c2d@group-9AB55F00ACC5-LeaderElection23] INFO  impl.LeaderElection (LeaderElection.java:logAndReturn(89)) - 6bbc5292-b6d7-424f-9a49-f587de829c2d@group-9AB55F00ACC5-LeaderElection23: ELECTION REJECTED received 0 response(s) and 2 exception(s):
2021-09-05 14:30:45,836 [6bbc5292-b6d7-424f-9a49-f587de829c2d@group-9AB55F00ACC5-LeaderElection23] INFO  impl.LeaderElection (LogUtils.java:infoOrTrace(137)) -   Exception 0: java.util.concurrent.ExecutionException: org.apache.ratis.thirdparty.io.grpc.StatusRuntimeException: UNAVAILABLE: io exception
2021-09-05 14:30:45,836 [6bbc5292-b6d7-424f-9a49-f587de829c2d@group-9AB55F00ACC5-LeaderElection23] INFO  impl.LeaderElection (LogUtils.java:infoOrTrace(137)) -   Exception 1: java.util.concurrent.ExecutionException: org.apache.ratis.thirdparty.io.grpc.StatusRuntimeException: UNAVAILABLE: io exception
2021-09-05 14:30:45,836 [6bbc5292-b6d7-424f-9a49-f587de829c2d@group-9AB55F00ACC5-LeaderElection23] INFO  impl.LeaderElection (LeaderElection.java:askForVotes(308)) - 6bbc5292-b6d7-424f-9a49-f587de829c2d@group-9AB55F00ACC5-LeaderElection23 ELECTION round 0: result REJECTED
2021-09-05 14:30:45,836 [6bbc5292-b6d7-424f-9a49-f587de829c2d@group-9AB55F00ACC5-LeaderElection23] INFO  server.RaftServer$Division (RaftServerImpl.java:setRole(285)) - 6bbc5292-b6d7-424f-9a49-f587de829c2d@group-9AB55F00ACC5: changes role from CANDIDATE to FOLLOWER at term 3 for REJECTED
2021-09-05 14:30:45,837 [6bbc5292-b6d7-424f-9a49-f587de829c2d@group-9AB55F00ACC5-LeaderElection23] INFO  impl.RoleInfo (RoleInfo.java:shutdownLeaderElection(121)) - 6bbc5292-b6d7-424f-9a49-f587de829c2d: shutdown 6bbc5292-b6d7-424f-9a49-f587de829c2d@group-9AB55F00ACC5-LeaderElection23
2021-09-05 14:30:45,837 [6bbc5292-b6d7-424f-9a49-f587de829c2d@group-9AB55F00ACC5-LeaderElection23] INFO  impl.RoleInfo (RoleInfo.java:updateAndGet(130)) - 6bbc5292-b6d7-424f-9a49-f587de829c2d: start 6bbc5292-b6d7-424f-9a49-f587de829c2d@group-9AB55F00ACC5-FollowerState
2021-09-05 14:30:45,964 [EndpointStateMachine task thread for /127.0.0.1:13969 - 0 ] INFO  ipc.Client (Client.java:handleConnectionFailure(977)) - Retrying connect to server: localhost/127.0.0.1:13969. Already tried 14 time(s); retry policy is RetryUpToMaximumCountWithFixedSleep(maxRetries=15, sleepTime=1000 MILLISECONDS)
2021-09-05 14:30:45,965 [EndpointStateMachine task thread for /127.0.0.1:13969 - 0 ] WARN  statemachine.EndpointStateMachine (EndpointStateMachine.java:logIfNeeded(236)) - Unable to communicate to SCM server at localhost:13969 for past 0 seconds.
java.net.ConnectException: Call From fv-az151-757/10.1.0.15 to localhost:13969 failed on connection exception: java.net.ConnectException: Connection refused; For more details see:  http://wiki.apache.org/hadoop/ConnectionRefused
	at sun.reflect.GeneratedConstructorAccessor42.newInstance(Unknown Source)
	at sun.reflect.DelegatingConstructorAccessorImpl.newInstance(DelegatingConstructorAccessorImpl.java:45)
	at java.lang.reflect.Constructor.newInstance(Constructor.java:423)
	at org.apache.hadoop.net.NetUtils.wrapWithMessage(NetUtils.java:913)
	at org.apache.hadoop.net.NetUtils.wrapException(NetUtils.java:828)
	at org.apache.hadoop.ipc.Client.getRpcResponse(Client.java:1577)
	at org.apache.hadoop.ipc.Client.call(Client.java:1519)
	at org.apache.hadoop.ipc.Client.call(Client.java:1416)
	at org.apache.hadoop.ipc.ProtobufRpcEngine$Invoker.invoke(ProtobufRpcEngine.java:236)
	at org.apache.hadoop.ipc.ProtobufRpcEngine$Invoker.invoke(ProtobufRpcEngine.java:123)
	at com.sun.proxy.$Proxy48.submitRequest(Unknown Source)
	at org.apache.hadoop.ozone.protocolPB.StorageContainerDatanodeProtocolClientSideTranslatorPB.submitRequest(StorageContainerDatanodeProtocolClientSideTranslatorPB.java:117)
	at org.apache.hadoop.ozone.protocolPB.StorageContainerDatanodeProtocolClientSideTranslatorPB.sendHeartbeat(StorageContainerDatanodeProtocolClientSideTranslatorPB.java:149)
	at org.apache.hadoop.ozone.container.common.states.endpoint.HeartbeatEndpointTask.call(HeartbeatEndpointTask.java:179)
	at org.apache.hadoop.ozone.container.common.states.endpoint.HeartbeatEndpointTask.call(HeartbeatEndpointTask.java:82)
	at java.util.concurrent.FutureTask.run(FutureTask.java:266)
	at java.util.concurrent.ThreadPoolExecutor.runWorker(ThreadPoolExecutor.java:1149)
	at java.util.concurrent.ThreadPoolExecutor$Worker.run(ThreadPoolExecutor.java:624)
	at java.lang.Thread.run(Thread.java:748)
Caused by: java.net.ConnectException: Connection refused
	at sun.nio.ch.SocketChannelImpl.checkConnect(Native Method)
	at sun.nio.ch.SocketChannelImpl.finishConnect(SocketChannelImpl.java:716)
	at org.apache.hadoop.net.SocketIOWithTimeout.connect(SocketIOWithTimeout.java:206)
	at org.apache.hadoop.net.NetUtils.connect(NetUtils.java:586)
	at org.apache.hadoop.ipc.Client$Connection.setupConnection(Client.java:701)
	at org.apache.hadoop.ipc.Client$Connection.setupIOstreams(Client.java:822)
	at org.apache.hadoop.ipc.Client$Connection.access$3800(Client.java:414)
	at org.apache.hadoop.ipc.Client.getConnection(Client.java:1647)
	at org.apache.hadoop.ipc.Client.call(Client.java:1463)
	... 12 more
2021-09-05 14:30:45,966 [EndpointStateMachine task thread for /127.0.0.1:13979 - 0 ] INFO  ipc.Client (Client.java:handleConnectionFailure(977)) - Retrying connect to server: localhost/127.0.0.1:13979. Already tried 10 time(s); retry policy is RetryUpToMaximumCountWithFixedSleep(maxRetries=15, sleepTime=1000 MILLISECONDS)
2021-09-05 14:30:45,966 [EndpointStateMachine task thread for /127.0.0.1:13989 - 0 ] INFO  ipc.Client (Client.java:handleConnectionFailure(977)) - Retrying connect to server: localhost/127.0.0.1:13989. Already tried 10 time(s); retry policy is RetryUpToMaximumCountWithFixedSleep(maxRetries=15, sleepTime=1000 MILLISECONDS)
2021-09-05 14:30:46,794 [EndpointStateMachine task thread for /127.0.0.1:14541 - 0 ] INFO  ipc.Client (Client.java:handleConnectionFailure(977)) - Retrying connect to server: localhost/127.0.0.1:14541. Already tried 4 time(s); retry policy is RetryUpToMaximumCountWithFixedSleep(maxRetries=15, sleepTime=1000 MILLISECONDS)
2021-09-05 14:30:46,798 [EndpointStateMachine task thread for /127.0.0.1:14531 - 0 ] INFO  ipc.Client (Client.java:handleConnectionFailure(977)) - Retrying connect to server: localhost/127.0.0.1:14531. Already tried 5 time(s); retry policy is RetryUpToMaximumCountWithFixedSleep(maxRetries=15, sleepTime=1000 MILLISECONDS)
2021-09-05 14:30:46,816 [EndpointStateMachine task thread for /127.0.0.1:14521 - 0 ] INFO  ipc.Client (Client.java:handleConnectionFailure(977)) - Retrying connect to server: localhost/127.0.0.1:14521. Already tried 6 time(s); retry policy is RetryUpToMaximumCountWithFixedSleep(maxRetries=15, sleepTime=1000 MILLISECONDS)
2021-09-05 14:30:46,821 [ForkJoinPool.commonPool-worker-1] INFO  ozoneimpl.OzoneContainer (OzoneContainer.java:stop(326)) - Attempting to stop container services.
2021-09-05 14:30:46,823 [ForkJoinPool.commonPool-worker-1] INFO  server.RaftServer (RaftServerProxy.java:lambda$close$6(391)) - 6bbc5292-b6d7-424f-9a49-f587de829c2d: close
2021-09-05 14:30:46,824 [ForkJoinPool.commonPool-worker-1] INFO  server.RaftServer$Division (RaftServerImpl.java:lambda$close$4(407)) - 6bbc5292-b6d7-424f-9a49-f587de829c2d@group-9AB55F00ACC5: shutdown
2021-09-05 14:30:46,824 [ForkJoinPool.commonPool-worker-1] INFO  util.JmxRegister (JmxRegister.java:unregister(73)) - Successfully un-registered JMX Bean with object name Ratis:service=RaftServer,group=group-9AB55F00ACC5,id=6bbc5292-b6d7-424f-9a49-f587de829c2d
2021-09-05 14:30:46,824 [ForkJoinPool.commonPool-worker-1] INFO  impl.RoleInfo (RoleInfo.java:shutdownFollowerState(108)) - 6bbc5292-b6d7-424f-9a49-f587de829c2d: shutdown 6bbc5292-b6d7-424f-9a49-f587de829c2d@group-9AB55F00ACC5-FollowerState
2021-09-05 14:30:46,824 [ForkJoinPool.commonPool-worker-1] INFO  impl.StateMachineUpdater (StateMachineUpdater.java:stopAndJoin(149)) - 6bbc5292-b6d7-424f-9a49-f587de829c2d@group-9AB55F00ACC5-StateMachineUpdater: set stopIndex = 0
2021-09-05 14:30:46,824 [6bbc5292-b6d7-424f-9a49-f587de829c2d@group-9AB55F00ACC5-FollowerState] INFO  impl.FollowerState (FollowerState.java:run(143)) - 6bbc5292-b6d7-424f-9a49-f587de829c2d@group-9AB55F00ACC5-FollowerState was interrupted: {}
java.lang.InterruptedException: sleep interrupted
	at java.lang.Thread.sleep(Native Method)
	at java.lang.Thread.sleep(Thread.java:340)
	at java.util.concurrent.TimeUnit.sleep(TimeUnit.java:386)
	at org.apache.ratis.util.TimeDuration.sleep(TimeDuration.java:324)
	at org.apache.ratis.util.TimeDuration.sleep(TimeDuration.java:309)
	at org.apache.ratis.server.impl.FollowerState.run(FollowerState.java:118)
2021-09-05 14:30:46,841 [6bbc5292-b6d7-424f-9a49-f587de829c2d@group-9AB55F00ACC5-StateMachineUpdater] INFO  ratis.ContainerStateMachine (ContainerStateMachine.java:takeSnapshot(292)) - group-9AB55F00ACC5: Taking a snapshot at:(t:2, i:0) file /home/runner/work/ozone/ozone/hadoop-ozone/integration-test/target/test-dir/MiniOzoneClusterImpl-11ada6fe-a5c6-4827-8b3d-97db8748ad29/datanode-2/data/ratis/7903d46d-ad54-4c27-a6ea-9ab55f00acc5/sm/snapshot.2_0
2021-09-05 14:30:46,842 [6bbc5292-b6d7-424f-9a49-f587de829c2d@group-9AB55F00ACC5-StateMachineUpdater] INFO  ratis.ContainerStateMachine (ContainerStateMachine.java:takeSnapshot(303)) - group-9AB55F00ACC5: Finished taking a snapshot at:(t:2, i:0) file:/home/runner/work/ozone/ozone/hadoop-ozone/integration-test/target/test-dir/MiniOzoneClusterImpl-11ada6fe-a5c6-4827-8b3d-97db8748ad29/datanode-2/data/ratis/7903d46d-ad54-4c27-a6ea-9ab55f00acc5/sm/snapshot.2_0 took: 1 ms
2021-09-05 14:30:46,843 [6bbc5292-b6d7-424f-9a49-f587de829c2d@group-9AB55F00ACC5-StateMachineUpdater] INFO  impl.StateMachineUpdater (StateMachineUpdater.java:takeSnapshot(281)) - 6bbc5292-b6d7-424f-9a49-f587de829c2d@group-9AB55F00ACC5-StateMachineUpdater: Took a snapshot at index 0
2021-09-05 14:30:46,843 [6bbc5292-b6d7-424f-9a49-f587de829c2d@group-9AB55F00ACC5-StateMachineUpdater] INFO  impl.StateMachineUpdater (StateMachineUpdater.java:lambda$new$0(89)) - 6bbc5292-b6d7-424f-9a49-f587de829c2d@group-9AB55F00ACC5-StateMachineUpdater: snapshotIndex: updateIncreasingly -1 -> 0
2021-09-05 14:30:46,843 [ForkJoinPool.commonPool-worker-1] INFO  server.RaftServer$Division (ServerState.java:close(419)) - 6bbc5292-b6d7-424f-9a49-f587de829c2d@group-9AB55F00ACC5: closes. applyIndex: 0
2021-09-05 14:30:46,843 [6bbc5292-b6d7-424f-9a49-f587de829c2d@group-9AB55F00ACC5-SegmentedRaftLogWorker] INFO  segmented.SegmentedRaftLogWorker (SegmentedRaftLogWorker.java:run(327)) - 6bbc5292-b6d7-424f-9a49-f587de829c2d@group-9AB55F00ACC5-SegmentedRaftLogWorker was interrupted, exiting. There are 0 tasks remaining in the queue.
2021-09-05 14:30:46,843 [ForkJoinPool.commonPool-worker-1] INFO  segmented.SegmentedRaftLogWorker (SegmentedRaftLogWorker.java:close(237)) - 6bbc5292-b6d7-424f-9a49-f587de829c2d@group-9AB55F00ACC5-SegmentedRaftLogWorker close()
2021-09-05 14:30:46,844 [ForkJoinPool.commonPool-worker-1] INFO  server.RaftServer$Division (RaftServerImpl.java:lambda$close$4(407)) - 6bbc5292-b6d7-424f-9a49-f587de829c2d@group-29BFC1B0D5A0: shutdown
2021-09-05 14:30:46,844 [ForkJoinPool.commonPool-worker-1] INFO  util.JmxRegister (JmxRegister.java:unregister(73)) - Successfully un-registered JMX Bean with object name Ratis:service=RaftServer,group=group-29BFC1B0D5A0,id=6bbc5292-b6d7-424f-9a49-f587de829c2d
2021-09-05 14:30:46,844 [ForkJoinPool.commonPool-worker-1] INFO  impl.RoleInfo (RoleInfo.java:shutdownFollowerState(108)) - 6bbc5292-b6d7-424f-9a49-f587de829c2d: shutdown 6bbc5292-b6d7-424f-9a49-f587de829c2d@group-29BFC1B0D5A0-FollowerState
2021-09-05 14:30:46,844 [ForkJoinPool.commonPool-worker-1] INFO  impl.StateMachineUpdater (StateMachineUpdater.java:stopAndJoin(149)) - 6bbc5292-b6d7-424f-9a49-f587de829c2d@group-29BFC1B0D5A0-StateMachineUpdater: set stopIndex = 0
2021-09-05 14:30:46,844 [6bbc5292-b6d7-424f-9a49-f587de829c2d@group-29BFC1B0D5A0-FollowerState] INFO  impl.FollowerState (FollowerState.java:run(143)) - 6bbc5292-b6d7-424f-9a49-f587de829c2d@group-29BFC1B0D5A0-FollowerState was interrupted: {}
java.lang.InterruptedException: sleep interrupted
	at java.lang.Thread.sleep(Native Method)
	at java.lang.Thread.sleep(Thread.java:340)
	at java.util.concurrent.TimeUnit.sleep(TimeUnit.java:386)
	at org.apache.ratis.util.TimeDuration.sleep(TimeDuration.java:324)
	at org.apache.ratis.util.TimeDuration.sleep(TimeDuration.java:309)
	at org.apache.ratis.server.impl.FollowerState.run(FollowerState.java:118)
2021-09-05 14:30:46,844 [6bbc5292-b6d7-424f-9a49-f587de829c2d@group-29BFC1B0D5A0-StateMachineUpdater] INFO  ratis.ContainerStateMachine (ContainerStateMachine.java:takeSnapshot(292)) - group-29BFC1B0D5A0: Taking a snapshot at:(t:1, i:0) file /home/runner/work/ozone/ozone/hadoop-ozone/integration-test/target/test-dir/MiniOzoneClusterImpl-11ada6fe-a5c6-4827-8b3d-97db8748ad29/datanode-2/data/ratis/2e6c9be7-a862-4614-98fa-29bfc1b0d5a0/sm/snapshot.1_0
2021-09-05 14:30:46,845 [6bbc5292-b6d7-424f-9a49-f587de829c2d@group-29BFC1B0D5A0-StateMachineUpdater] INFO  ratis.ContainerStateMachine (ContainerStateMachine.java:takeSnapshot(303)) - group-29BFC1B0D5A0: Finished taking a snapshot at:(t:1, i:0) file:/home/runner/work/ozone/ozone/hadoop-ozone/integration-test/target/test-dir/MiniOzoneClusterImpl-11ada6fe-a5c6-4827-8b3d-97db8748ad29/datanode-2/data/ratis/2e6c9be7-a862-4614-98fa-29bfc1b0d5a0/sm/snapshot.1_0 took: 1 ms
2021-09-05 14:30:46,845 [6bbc5292-b6d7-424f-9a49-f587de829c2d@group-29BFC1B0D5A0-StateMachineUpdater] INFO  impl.StateMachineUpdater (StateMachineUpdater.java:takeSnapshot(281)) - 6bbc5292-b6d7-424f-9a49-f587de829c2d@group-29BFC1B0D5A0-StateMachineUpdater: Took a snapshot at index 0
2021-09-05 14:30:46,846 [6bbc5292-b6d7-424f-9a49-f587de829c2d@group-29BFC1B0D5A0-StateMachineUpdater] INFO  impl.StateMachineUpdater (StateMachineUpdater.java:lambda$new$0(89)) - 6bbc5292-b6d7-424f-9a49-f587de829c2d@group-29BFC1B0D5A0-StateMachineUpdater: snapshotIndex: updateIncreasingly -1 -> 0
2021-09-05 14:30:46,846 [ForkJoinPool.commonPool-worker-1] INFO  server.RaftServer$Division (ServerState.java:close(419)) - 6bbc5292-b6d7-424f-9a49-f587de829c2d@group-29BFC1B0D5A0: closes. applyIndex: 0
2021-09-05 14:30:46,852 [6bbc5292-b6d7-424f-9a49-f587de829c2d@group-29BFC1B0D5A0-SegmentedRaftLogWorker] INFO  segmented.SegmentedRaftLogWorker (SegmentedRaftLogWorker.java:run(327)) - 6bbc5292-b6d7-424f-9a49-f587de829c2d@group-29BFC1B0D5A0-SegmentedRaftLogWorker was interrupted, exiting. There are 0 tasks remaining in the queue.
2021-09-05 14:30:46,852 [ForkJoinPool.commonPool-worker-1] INFO  segmented.SegmentedRaftLogWorker (SegmentedRaftLogWorker.java:close(237)) - 6bbc5292-b6d7-424f-9a49-f587de829c2d@group-29BFC1B0D5A0-SegmentedRaftLogWorker close()
2021-09-05 14:30:46,852 [ForkJoinPool.commonPool-worker-1] INFO  server.RaftServer$Division (RaftServerImpl.java:lambda$close$4(407)) - 6bbc5292-b6d7-424f-9a49-f587de829c2d@group-C7D30DC73C8C: shutdown
2021-09-05 14:30:46,852 [ForkJoinPool.commonPool-worker-1] INFO  util.JmxRegister (JmxRegister.java:unregister(73)) - Successfully un-registered JMX Bean with object name Ratis:service=RaftServer,group=group-C7D30DC73C8C,id=6bbc5292-b6d7-424f-9a49-f587de829c2d
2021-09-05 14:30:46,852 [ForkJoinPool.commonPool-worker-1] INFO  impl.RoleInfo (RoleInfo.java:shutdownLeaderState(91)) - 6bbc5292-b6d7-424f-9a49-f587de829c2d: shutdown 6bbc5292-b6d7-424f-9a49-f587de829c2d@group-C7D30DC73C8C-LeaderStateImpl
2021-09-05 14:30:46,852 [ForkJoinPool.commonPool-worker-1] INFO  impl.PendingRequests (PendingRequests.java:sendNotLeaderResponses(282)) - 6bbc5292-b6d7-424f-9a49-f587de829c2d@group-C7D30DC73C8C-PendingRequests: sendNotLeaderResponses
2021-09-05 14:30:46,853 [ForkJoinPool.commonPool-worker-1] INFO  impl.StateMachineUpdater (StateMachineUpdater.java:stopAndJoin(149)) - 6bbc5292-b6d7-424f-9a49-f587de829c2d@group-C7D30DC73C8C-StateMachineUpdater: set stopIndex = 0
2021-09-05 14:30:46,853 [6bbc5292-b6d7-424f-9a49-f587de829c2d@group-C7D30DC73C8C-StateMachineUpdater] INFO  ratis.ContainerStateMachine (ContainerStateMachine.java:takeSnapshot(292)) - group-C7D30DC73C8C: Taking a snapshot at:(t:1, i:0) file /home/runner/work/ozone/ozone/hadoop-ozone/integration-test/target/test-dir/MiniOzoneClusterImpl-11ada6fe-a5c6-4827-8b3d-97db8748ad29/datanode-2/data/ratis/e3aad268-0212-4c0d-aefa-c7d30dc73c8c/sm/snapshot.1_0
2021-09-05 14:30:46,854 [6bbc5292-b6d7-424f-9a49-f587de829c2d@group-C7D30DC73C8C-StateMachineUpdater] INFO  ratis.ContainerStateMachine (ContainerStateMachine.java:takeSnapshot(303)) - group-C7D30DC73C8C: Finished taking a snapshot at:(t:1, i:0) file:/home/runner/work/ozone/ozone/hadoop-ozone/integration-test/target/test-dir/MiniOzoneClusterImpl-11ada6fe-a5c6-4827-8b3d-97db8748ad29/datanode-2/data/ratis/e3aad268-0212-4c0d-aefa-c7d30dc73c8c/sm/snapshot.1_0 took: 1 ms
2021-09-05 14:30:46,854 [6bbc5292-b6d7-424f-9a49-f587de829c2d@group-C7D30DC73C8C-StateMachineUpdater] INFO  impl.StateMachineUpdater (StateMachineUpdater.java:takeSnapshot(281)) - 6bbc5292-b6d7-424f-9a49-f587de829c2d@group-C7D30DC73C8C-StateMachineUpdater: Took a snapshot at index 0
2021-09-05 14:30:46,854 [6bbc5292-b6d7-424f-9a49-f587de829c2d@group-C7D30DC73C8C-StateMachineUpdater] INFO  impl.StateMachineUpdater (StateMachineUpdater.java:lambda$new$0(89)) - 6bbc5292-b6d7-424f-9a49-f587de829c2d@group-C7D30DC73C8C-StateMachineUpdater: snapshotIndex: updateIncreasingly -1 -> 0
2021-09-05 14:30:46,854 [ForkJoinPool.commonPool-worker-1] INFO  server.RaftServer$Division (ServerState.java:close(419)) - 6bbc5292-b6d7-424f-9a49-f587de829c2d@group-C7D30DC73C8C: closes. applyIndex: 0
2021-09-05 14:30:46,855 [6bbc5292-b6d7-424f-9a49-f587de829c2d@group-C7D30DC73C8C-SegmentedRaftLogWorker] INFO  segmented.SegmentedRaftLogWorker (SegmentedRaftLogWorker.java:run(327)) - 6bbc5292-b6d7-424f-9a49-f587de829c2d@group-C7D30DC73C8C-SegmentedRaftLogWorker was interrupted, exiting. There are 0 tasks remaining in the queue.
2021-09-05 14:30:46,855 [ForkJoinPool.commonPool-worker-1] INFO  segmented.SegmentedRaftLogWorker (SegmentedRaftLogWorker.java:close(237)) - 6bbc5292-b6d7-424f-9a49-f587de829c2d@group-C7D30DC73C8C-SegmentedRaftLogWorker close()
2021-09-05 14:30:46,855 [ForkJoinPool.commonPool-worker-1] INFO  server.GrpcService (GrpcService.java:closeImpl(262)) - 6bbc5292-b6d7-424f-9a49-f587de829c2d: shutdown server with port 46659 now
2021-09-05 14:30:46,856 [ForkJoinPool.commonPool-worker-1] INFO  server.GrpcService (GrpcService.java:closeImpl(271)) - 6bbc5292-b6d7-424f-9a49-f587de829c2d: shutdown server with port 46659 successfully
2021-09-05 14:30:46,857 [org.apache.ratis.util.JvmPauseMonitor$$Lambda$499/1326998608@51a45f51] INFO  util.JvmPauseMonitor (JvmPauseMonitor.java:run(109)) - JvmPauseMonitor-6bbc5292-b6d7-424f-9a49-f587de829c2d: Stopped
2021-09-05 14:30:46,862 [ForkJoinPool.commonPool-worker-1] INFO  utils.BackgroundService (BackgroundService.java:shutdown(132)) - Shutting down service BlockDeletingService
2021-09-05 14:30:46,966 [EndpointStateMachine task thread for /127.0.0.1:13979 - 0 ] INFO  ipc.Client (Client.java:handleConnectionFailure(977)) - Retrying connect to server: localhost/127.0.0.1:13979. Already tried 11 time(s); retry policy is RetryUpToMaximumCountWithFixedSleep(maxRetries=15, sleepTime=1000 MILLISECONDS)
2021-09-05 14:30:46,966 [EndpointStateMachine task thread for /127.0.0.1:13969 - 0 ] INFO  ipc.Client (Client.java:handleConnectionFailure(977)) - Retrying connect to server: localhost/127.0.0.1:13969. Already tried 0 time(s); retry policy is RetryUpToMaximumCountWithFixedSleep(maxRetries=15, sleepTime=1000 MILLISECONDS)
2021-09-05 14:30:46,967 [EndpointStateMachine task thread for /127.0.0.1:13989 - 0 ] INFO  ipc.Client (Client.java:handleConnectionFailure(977)) - Retrying connect to server: localhost/127.0.0.1:13989. Already tried 11 time(s); retry policy is RetryUpToMaximumCountWithFixedSleep(maxRetries=15, sleepTime=1000 MILLISECONDS)
2021-09-05 14:30:47,794 [EndpointStateMachine task thread for /127.0.0.1:14541 - 0 ] INFO  ipc.Client (Client.java:handleConnectionFailure(977)) - Retrying connect to server: localhost/127.0.0.1:14541. Already tried 5 time(s); retry policy is RetryUpToMaximumCountWithFixedSleep(maxRetries=15, sleepTime=1000 MILLISECONDS)
2021-09-05 14:30:47,800 [EndpointStateMachine task thread for /127.0.0.1:14531 - 0 ] INFO  ipc.Client (Client.java:handleConnectionFailure(977)) - Retrying connect to server: localhost/127.0.0.1:14531. Already tried 6 time(s); retry policy is RetryUpToMaximumCountWithFixedSleep(maxRetries=15, sleepTime=1000 MILLISECONDS)
2021-09-05 14:30:47,817 [EndpointStateMachine task thread for /127.0.0.1:14521 - 0 ] INFO  ipc.Client (Client.java:handleConnectionFailure(977)) - Retrying connect to server: localhost/127.0.0.1:14521. Already tried 7 time(s); retry policy is RetryUpToMaximumCountWithFixedSleep(maxRetries=15, sleepTime=1000 MILLISECONDS)
2021-09-05 14:30:47,967 [EndpointStateMachine task thread for /127.0.0.1:13979 - 0 ] INFO  ipc.Client (Client.java:handleConnectionFailure(977)) - Retrying connect to server: localhost/127.0.0.1:13979. Already tried 12 time(s); retry policy is RetryUpToMaximumCountWithFixedSleep(maxRetries=15, sleepTime=1000 MILLISECONDS)
2021-09-05 14:30:47,967 [EndpointStateMachine task thread for /127.0.0.1:13969 - 0 ] INFO  ipc.Client (Client.java:handleConnectionFailure(977)) - Retrying connect to server: localhost/127.0.0.1:13969. Already tried 1 time(s); retry policy is RetryUpToMaximumCountWithFixedSleep(maxRetries=15, sleepTime=1000 MILLISECONDS)
2021-09-05 14:30:47,969 [EndpointStateMachine task thread for /127.0.0.1:13989 - 0 ] INFO  ipc.Client (Client.java:handleConnectionFailure(977)) - Retrying connect to server: localhost/127.0.0.1:13989. Already tried 12 time(s); retry policy is RetryUpToMaximumCountWithFixedSleep(maxRetries=15, sleepTime=1000 MILLISECONDS)
2021-09-05 14:30:48,795 [EndpointStateMachine task thread for /127.0.0.1:14541 - 0 ] INFO  ipc.Client (Client.java:handleConnectionFailure(977)) - Retrying connect to server: localhost/127.0.0.1:14541. Already tried 6 time(s); retry policy is RetryUpToMaximumCountWithFixedSleep(maxRetries=15, sleepTime=1000 MILLISECONDS)
2021-09-05 14:30:48,800 [EndpointStateMachine task thread for /127.0.0.1:14531 - 0 ] INFO  ipc.Client (Client.java:handleConnectionFailure(977)) - Retrying connect to server: localhost/127.0.0.1:14531. Already tried 7 time(s); retry policy is RetryUpToMaximumCountWithFixedSleep(maxRetries=15, sleepTime=1000 MILLISECONDS)
2021-09-05 14:30:48,821 [EndpointStateMachine task thread for /127.0.0.1:14521 - 0 ] INFO  ipc.Client (Client.java:handleConnectionFailure(977)) - Retrying connect to server: localhost/127.0.0.1:14521. Already tried 8 time(s); retry policy is RetryUpToMaximumCountWithFixedSleep(maxRetries=15, sleepTime=1000 MILLISECONDS)
2021-09-05 14:30:48,967 [EndpointStateMachine task thread for /127.0.0.1:13979 - 0 ] INFO  ipc.Client (Client.java:handleConnectionFailure(977)) - Retrying connect to server: localhost/127.0.0.1:13979. Already tried 13 time(s); retry policy is RetryUpToMaximumCountWithFixedSleep(maxRetries=15, sleepTime=1000 MILLISECONDS)
2021-09-05 14:30:48,971 [EndpointStateMachine task thread for /127.0.0.1:13989 - 0 ] INFO  ipc.Client (Client.java:handleConnectionFailure(977)) - Retrying connect to server: localhost/127.0.0.1:13989. Already tried 13 time(s); retry policy is RetryUpToMaximumCountWithFixedSleep(maxRetries=15, sleepTime=1000 MILLISECONDS)
2021-09-05 14:30:48,967 [EndpointStateMachine task thread for /127.0.0.1:13969 - 0 ] INFO  ipc.Client (Client.java:handleConnectionFailure(977)) - Retrying connect to server: localhost/127.0.0.1:13969. Already tried 2 time(s); retry policy is RetryUpToMaximumCountWithFixedSleep(maxRetries=15, sleepTime=1000 MILLISECONDS)
2021-09-05 14:30:49,796 [EndpointStateMachine task thread for /127.0.0.1:14541 - 0 ] INFO  ipc.Client (Client.java:handleConnectionFailure(977)) - Retrying connect to server: localhost/127.0.0.1:14541. Already tried 7 time(s); retry policy is RetryUpToMaximumCountWithFixedSleep(maxRetries=15, sleepTime=1000 MILLISECONDS)
2021-09-05 14:30:49,800 [EndpointStateMachine task thread for /127.0.0.1:14531 - 0 ] INFO  ipc.Client (Client.java:handleConnectionFailure(977)) - Retrying connect to server: localhost/127.0.0.1:14531. Already tried 8 time(s); retry policy is RetryUpToMaximumCountWithFixedSleep(maxRetries=15, sleepTime=1000 MILLISECONDS)
2021-09-05 14:30:49,821 [EndpointStateMachine task thread for /127.0.0.1:14521 - 0 ] INFO  ipc.Client (Client.java:handleConnectionFailure(977)) - Retrying connect to server: localhost/127.0.0.1:14521. Already tried 9 time(s); retry policy is RetryUpToMaximumCountWithFixedSleep(maxRetries=15, sleepTime=1000 MILLISECONDS)
2021-09-05 14:30:49,869 [ForkJoinPool.commonPool-worker-1] INFO  statemachine.DatanodeStateMachine (DatanodeStateMachine.java:stopDaemon(515)) - Ozone container server stopped.
2021-09-05 14:30:49,871 [ForkJoinPool.commonPool-worker-1] INFO  handler.ContextHandler (ContextHandler.java:doStop(1153)) - Stopped o.e.j.w.WebAppContext@7ef42355{hddsDatanode,/,null,STOPPED}{jar:file:/home/runner/.m2/repository/org/apache/ozone/hdds-container-service/1.2.0-SNAPSHOT/hdds-container-service-1.2.0-SNAPSHOT.jar!/webapps/hddsDatanode}
2021-09-05 14:30:49,881 [ForkJoinPool.commonPool-worker-1] INFO  server.AbstractConnector (AbstractConnector.java:doStop(381)) - Stopped ServerConnector@73fa38cb{HTTP/1.1, (http/1.1)}{0.0.0.0:0}
2021-09-05 14:30:49,881 [ForkJoinPool.commonPool-worker-1] INFO  server.session (HouseKeeper.java:stopScavenging(149)) - node0 Stopped scavenging
2021-09-05 14:30:49,882 [ForkJoinPool.commonPool-worker-1] INFO  handler.ContextHandler (ContextHandler.java:doStop(1153)) - Stopped o.e.j.s.ServletContextHandler@491a40f{static,/static,jar:file:/home/runner/.m2/repository/org/apache/ozone/hdds-container-service/1.2.0-SNAPSHOT/hdds-container-service-1.2.0-SNAPSHOT.jar!/webapps/static,STOPPED}
2021-09-05 14:30:49,882 [ForkJoinPool.commonPool-worker-1] INFO  handler.ContextHandler (ContextHandler.java:doStop(1153)) - Stopped o.e.j.s.ServletContextHandler@63143b83{logs,/logs,file:///home/runner/work/ozone/ozone/hadoop-ozone/integration-test/target/log,STOPPED}
]]></system-out>
  </testcase>
  <testcase name="testInstallCorruptedCheckpointFailure" classname="org.apache.hadoop.ozone.scm.TestSCMInstallSnapshotWithHA" time="58.984"/>
</testsuite>