<?xml version="1.0" encoding="UTF-8"?>
<testsuite xmlns:xsi="http://www.w3.org/2001/XMLSchema-instance" xsi:noNamespaceSchemaLocation="https://maven.apache.org/surefire/maven-surefire-plugin/xsd/surefire-test-report-3.0.xsd" version="3.0" name="org.apache.hadoop.ozone.shell.TestOzoneShellHA" time="110.542" tests="20" errors="1" skipped="0" failures="0">
  <properties>
    <property name="awt.toolkit" value="sun.awt.X11.XToolkit"/>
    <property name="file.encoding.pkg" value="sun.io"/>
    <property name="java.specification.version" value="1.8"/>
    <property name="sun.cpu.isalist" value=""/>
    <property name="sun.jnu.encoding" value="UTF-8"/>
    <property name="java.class.path" value="/home/runner/work/ozone/ozone/hadoop-ozone/integration-test/target/test-classes:/home/runner/work/ozone/ozone/hadoop-ozone/integration-test/target/classes:/home/runner/.m2/repository/org/apache/ozone/ozone-common/1.4.0-SNAPSHOT/ozone-common-1.4.0-SNAPSHOT.jar:/home/runner/.m2/repository/io/grpc/grpc-netty/1.51.1/grpc-netty-1.51.1.jar:/home/runner/.m2/repository/io/grpc/grpc-core/1.51.1/grpc-core-1.51.1.jar:/home/runner/.m2/repository/com/google/android/annotations/4.1.1.4/annotations-4.1.1.4.jar:/home/runner/.m2/repository/org/codehaus/mojo/animal-sniffer-annotations/1.21/animal-sniffer-annotations-1.21.jar:/home/runner/.m2/repository/com/google/errorprone/error_prone_annotations/2.2.0/error_prone_annotations-2.2.0.jar:/home/runner/.m2/repository/io/perfmark/perfmark-api/0.25.0/perfmark-api-0.25.0.jar:/home/runner/.m2/repository/io/netty/netty-codec-http2/4.1.86.Final/netty-codec-http2-4.1.86.Final.jar:/home/runner/.m2/repository/io/netty/netty-common/4.1.86.Final/netty-common-4.1.86.Final.jar:/home/runner/.m2/repository/io/netty/netty-buffer/4.1.86.Final/netty-buffer-4.1.86.Final.jar:/home/runner/.m2/repository/io/netty/netty-codec-http/4.1.86.Final/netty-codec-http-4.1.86.Final.jar:/home/runner/.m2/repository/io/netty/netty-handler-proxy/4.1.86.Final/netty-handler-proxy-4.1.86.Final.jar:/home/runner/.m2/repository/io/netty/netty-codec-socks/4.1.86.Final/netty-codec-socks-4.1.86.Final.jar:/home/runner/.m2/repository/io/netty/netty-tcnative-boringssl-static/2.0.54.Final/netty-tcnative-boringssl-static-2.0.54.Final.jar:/home/runner/.m2/repository/io/netty/netty-tcnative-classes/2.0.54.Final/netty-tcnative-classes-2.0.54.Final.jar:/home/runner/.m2/repository/io/netty/netty-tcnative-boringssl-static/2.0.54.Final/netty-tcnative-boringssl-static-2.0.54.Final-linux-x86_64.jar:/home/runner/.m2/repository/io/netty/netty-tcnative-boringssl-static/2.0.54.Final/netty-tcnative-boringssl-static-2.0.54.Final-linux-aarch_64.jar:/home/runner/.m2/repository/io/netty/netty-tcnative-boringssl-static/2.0.54.Final/netty-tcnative-boringssl-static-2.0.54.Final-osx-x86_64.jar:/home/runner/.m2/repository/io/netty/netty-tcnative-boringssl-static/2.0.54.Final/netty-tcnative-boringssl-static-2.0.54.Final-osx-aarch_64.jar:/home/runner/.m2/repository/io/netty/netty-tcnative-boringssl-static/2.0.54.Final/netty-tcnative-boringssl-static-2.0.54.Final-windows-x86_64.jar:/home/runner/.m2/repository/org/apache/commons/commons-compress/1.21/commons-compress-1.21.jar:/home/runner/.m2/repository/org/apache/ozone/hdds-common/1.4.0-SNAPSHOT/hdds-common-1.4.0-SNAPSHOT.jar:/home/runner/.m2/repository/org/apache/ozone/hdds-client/1.4.0-SNAPSHOT/hdds-client-1.4.0-SNAPSHOT.jar:/home/runner/.m2/repository/org/apache/ozone/ozone-interface-client/1.4.0-SNAPSHOT/ozone-interface-client-1.4.0-SNAPSHOT.jar:/home/runner/.m2/repository/org/apache/hadoop/hadoop-hdfs-client/3.3.6/hadoop-hdfs-client-3.3.6.jar:/home/runner/.m2/repository/com/squareup/okhttp3/okhttp/4.9.3/okhttp-4.9.3.jar:/home/runner/.m2/repository/com/squareup/okio/okio/2.8.0/okio-2.8.0.jar:/home/runner/.m2/repository/org/jetbrains/kotlin/kotlin-stdlib-common/1.6.21/kotlin-stdlib-common-1.6.21.jar:/home/runner/.m2/repository/org/apache/ozone/hdds-test-utils/1.4.0-SNAPSHOT/hdds-test-utils-1.4.0-SNAPSHOT.jar:/home/runner/.m2/repository/com/google/guava/guava/32.0.0-jre/guava-32.0.0-jre.jar:/home/runner/.m2/repository/com/google/guava/failureaccess/1.0.1/failureaccess-1.0.1.jar:/home/runner/.m2/repository/com/google/guava/listenablefuture/9999.0-empty-to-avoid-conflict-with-guava/listenablefuture-9999.0-empty-to-avoid-conflict-with-guava.jar:/home/runner/.m2/repository/com/google/code/findbugs/jsr305/3.0.0/jsr305-3.0.0.jar:/home/runner/.m2/repository/org/checkerframework/checker-qual/3.33.0/checker-qual-3.33.0.jar:/home/runner/.m2/repository/com/google/j2objc/j2objc-annotations/2.8/j2objc-annotations-2.8.jar:/home/runner/.m2/repository/commons-io/commons-io/2.11.0/commons-io-2.11.0.jar:/home/runner/.m2/repository/commons-logging/commons-logging/1.2/commons-logging-1.2.jar:/home/runner/.m2/repository/ch/qos/reload4j/reload4j/1.2.22/reload4j-1.2.22.jar:/home/runner/.m2/repository/org/slf4j/slf4j-api/1.7.36/slf4j-api-1.7.36.jar:/home/runner/.m2/repository/org/apache/ozone/hdds-server-scm/1.4.0-SNAPSHOT/hdds-server-scm-1.4.0-SNAPSHOT.jar:/home/runner/.m2/repository/org/apache/ozone/hdds-container-service/1.4.0-SNAPSHOT/hdds-container-service-1.4.0-SNAPSHOT.jar:/home/runner/.m2/repository/org/apache/ozone/hdds-hadoop-dependency-server/1.4.0-SNAPSHOT/hdds-hadoop-dependency-server-1.4.0-SNAPSHOT.jar:/home/runner/.m2/repository/org/apache/hadoop/hadoop-hdfs/3.3.6/hadoop-hdfs-3.3.6.jar:/home/runner/.m2/repository/commons-daemon/commons-daemon/1.0.13/commons-daemon-1.0.13.jar:/home/runner/.m2/repository/org/apache/ozone/hdds-server-framework/1.4.0-SNAPSHOT/hdds-server-framework-1.4.0-SNAPSHOT.jar:/home/runner/.m2/repository/io/dropwizard/metrics/metrics-core/3.2.4/metrics-core-3.2.4.jar:/home/runner/.m2/repository/org/apache/commons/commons-text/1.10.0/commons-text-1.10.0.jar:/home/runner/.m2/repository/org/bouncycastle/bcprov-jdk15on/1.67/bcprov-jdk15on-1.67.jar:/home/runner/.m2/repository/com/google/protobuf/protobuf-java/2.5.0/protobuf-java-2.5.0.jar:/home/runner/.m2/repository/org/apache/ozone/hdds-server-framework/1.4.0-SNAPSHOT/hdds-server-framework-1.4.0-SNAPSHOT-tests.jar:/home/runner/.m2/repository/org/apache/ozone/hdds-interface-server/1.4.0-SNAPSHOT/hdds-interface-server-1.4.0-SNAPSHOT.jar:/home/runner/.m2/repository/org/apache/ozone/hdds-interface-admin/1.4.0-SNAPSHOT/hdds-interface-admin-1.4.0-SNAPSHOT.jar:/home/runner/.m2/repository/org/apache/ozone/hdds-managed-rocksdb/1.4.0-SNAPSHOT/hdds-managed-rocksdb-1.4.0-SNAPSHOT.jar:/home/runner/.m2/repository/org/rocksdb/rocksdbjni/7.7.3/rocksdbjni-7.7.3.jar:/home/runner/.m2/repository/org/slf4j/slf4j-reload4j/1.7.36/slf4j-reload4j-1.7.36.jar:/home/runner/.m2/repository/org/apache/commons/commons-configuration2/2.1.1/commons-configuration2-2.1.1.jar:/home/runner/.m2/repository/commons-fileupload/commons-fileupload/1.5/commons-fileupload-1.5.jar:/home/runner/.m2/repository/org/apache/logging/log4j/log4j-core/2.17.1/log4j-core-2.17.1.jar:/home/runner/.m2/repository/com/lmax/disruptor/3.4.2/disruptor-3.4.2.jar:/home/runner/.m2/repository/org/eclipse/jetty/jetty-util/9.4.51.v20230217/jetty-util-9.4.51.v20230217.jar:/home/runner/.m2/repository/org/eclipse/jetty/jetty-server/9.4.51.v20230217/jetty-server-9.4.51.v20230217.jar:/home/runner/.m2/repository/org/eclipse/jetty/jetty-http/9.4.51.v20230217/jetty-http-9.4.51.v20230217.jar:/home/runner/.m2/repository/org/eclipse/jetty/jetty-io/9.4.51.v20230217/jetty-io-9.4.51.v20230217.jar:/home/runner/.m2/repository/org/eclipse/jetty/jetty-servlet/9.4.51.v20230217/jetty-servlet-9.4.51.v20230217.jar:/home/runner/.m2/repository/org/eclipse/jetty/jetty-security/9.4.51.v20230217/jetty-security-9.4.51.v20230217.jar:/home/runner/.m2/repository/org/eclipse/jetty/jetty-util-ajax/9.4.51.v20230217/jetty-util-ajax-9.4.51.v20230217.jar:/home/runner/.m2/repository/org/eclipse/jetty/jetty-webapp/9.4.51.v20230217/jetty-webapp-9.4.51.v20230217.jar:/home/runner/.m2/repository/org/eclipse/jetty/jetty-xml/9.4.51.v20230217/jetty-xml-9.4.51.v20230217.jar:/home/runner/.m2/repository/org/apache/ratis/ratis-server/2.5.1/ratis-server-2.5.1.jar:/home/runner/.m2/repository/org/apache/ratis/ratis-thirdparty-misc/1.0.4/ratis-thirdparty-misc-1.0.4.jar:/home/runner/.m2/repository/org/apache/ratis/ratis-proto/2.5.1/ratis-proto-2.5.1.jar:/home/runner/.m2/repository/org/apache/ratis/ratis-common/2.5.1/ratis-common-2.5.1.jar:/home/runner/.m2/repository/org/apache/ratis/ratis-client/2.5.1/ratis-client-2.5.1.jar:/home/runner/.m2/repository/org/apache/ratis/ratis-server-api/2.5.1/ratis-server-api-2.5.1.jar:/home/runner/.m2/repository/org/apache/ratis/ratis-metrics/2.5.1/ratis-metrics-2.5.1.jar:/home/runner/.m2/repository/io/prometheus/simpleclient_dropwizard/0.7.0/simpleclient_dropwizard-0.7.0.jar:/home/runner/.m2/repository/io/prometheus/simpleclient/0.7.0/simpleclient-0.7.0.jar:/home/runner/.m2/repository/io/prometheus/simpleclient_common/0.7.0/simpleclient_common-0.7.0.jar:/home/runner/.m2/repository/com/fasterxml/jackson/datatype/jackson-datatype-jsr310/2.13.4/jackson-datatype-jsr310-2.13.4.jar:/home/runner/.m2/repository/com/fasterxml/jackson/core/jackson-core/2.13.4/jackson-core-2.13.4.jar:/home/runner/.m2/repository/com/github/spotbugs/spotbugs-annotations/3.1.12/spotbugs-annotations-3.1.12.jar:/home/runner/.m2/repository/org/apache/ozone/rocksdb-checkpoint-differ/1.4.0-SNAPSHOT/rocksdb-checkpoint-differ-1.4.0-SNAPSHOT.jar:/home/runner/.m2/repository/org/awaitility/awaitility/4.2.0/awaitility-4.2.0.jar:/home/runner/.m2/repository/org/hamcrest/hamcrest/2.1/hamcrest-2.1.jar:/home/runner/.m2/repository/org/apache/ozone/ozone-manager/1.4.0-SNAPSHOT/ozone-manager-1.4.0-SNAPSHOT.jar:/home/runner/.m2/repository/org/aspectj/aspectjrt/1.9.7/aspectjrt-1.9.7.jar:/home/runner/.m2/repository/org/aspectj/aspectjweaver/1.9.7/aspectjweaver-1.9.7.jar:/home/runner/.m2/repository/org/apache/ozone/hdds-interface-client/1.4.0-SNAPSHOT/hdds-interface-client-1.4.0-SNAPSHOT.jar:/home/runner/.m2/repository/org/apache/hadoop/thirdparty/hadoop-shaded-protobuf_3_7/1.1.1/hadoop-shaded-protobuf_3_7-1.1.1.jar:/home/runner/.m2/repository/org/apache/ozone/ozone-interface-storage/1.4.0-SNAPSHOT/ozone-interface-storage-1.4.0-SNAPSHOT.jar:/home/runner/.m2/repository/org/reflections/reflections/0.9.11/reflections-0.9.11.jar:/home/runner/.m2/repository/com/sun/jersey/jersey-client/1.19/jersey-client-1.19.jar:/home/runner/.m2/repository/org/codehaus/jackson/jackson-core-asl/1.9.13/jackson-core-asl-1.9.13.jar:/home/runner/.m2/repository/org/codehaus/jackson/jackson-mapper-asl/1.9.13/jackson-mapper-asl-1.9.13.jar:/home/runner/.m2/repository/org/codehaus/jackson/jackson-jaxrs/1.9.13/jackson-jaxrs-1.9.13.jar:/home/runner/.m2/repository/org/apache/ranger/ranger-intg/2.3.0/ranger-intg-2.3.0.jar:/home/runner/.m2/repository/org/apache/ranger/ranger-plugins-common/2.3.0/ranger-plugins-common-2.3.0.jar:/home/runner/.m2/repository/commons-lang/commons-lang/2.6/commons-lang-2.6.jar:/home/runner/.m2/repository/org/apache/ranger/ranger-plugins-cred/2.3.0/ranger-plugins-cred-2.3.0.jar:/home/runner/.m2/repository/org/apache/ranger/ranger-plugins-audit/2.3.0/ranger-plugins-audit-2.3.0.jar:/home/runner/.m2/repository/org/eclipse/jetty/jetty-client/9.4.51.v20230217/jetty-client-9.4.51.v20230217.jar:/home/runner/.m2/repository/org/apache/httpcomponents/httpmime/4.5.6/httpmime-4.5.6.jar:/home/runner/.m2/repository/org/apache/httpcomponents/httpcore-nio/4.4.13/httpcore-nio-4.4.13.jar:/home/runner/.m2/repository/org/apache/httpcomponents/httpasyncclient/4.1.3/httpasyncclient-4.1.3.jar:/home/runner/.m2/repository/com/carrotsearch/hppc/0.8.0/hppc-0.8.0.jar:/home/runner/.m2/repository/org/apache/orc/orc-core/1.5.8/orc-core-1.5.8.jar:/home/runner/.m2/repository/net/java/dev/jna/jna/5.2.0/jna-5.2.0.jar:/home/runner/.m2/repository/net/java/dev/jna/jna-platform/5.2.0/jna-platform-5.2.0.jar:/home/runner/.m2/repository/com/kstruct/gethostname4j/0.0.2/gethostname4j-0.0.2.jar:/home/runner/.m2/repository/org/apache/ranger/ranger-plugin-classloader/2.3.0/ranger-plugin-classloader-2.3.0.jar:/home/runner/.m2/repository/org/apache/ozone/hdds-rocks-native/1.4.0-SNAPSHOT/hdds-rocks-native-1.4.0-SNAPSHOT.jar:/home/runner/.m2/repository/org/apache/hadoop/hadoop-minikdc/3.3.6/hadoop-minikdc-3.3.6.jar:/home/runner/.m2/repository/org/apache/kerby/kerb-simplekdc/1.0.1/kerb-simplekdc-1.0.1.jar:/home/runner/.m2/repository/org/apache/kerby/kerb-client/1.0.1/kerb-client-1.0.1.jar:/home/runner/.m2/repository/org/apache/kerby/kerby-config/1.0.1/kerby-config-1.0.1.jar:/home/runner/.m2/repository/org/apache/kerby/kerb-common/1.0.1/kerb-common-1.0.1.jar:/home/runner/.m2/repository/org/apache/kerby/kerb-crypto/1.0.1/kerb-crypto-1.0.1.jar:/home/runner/.m2/repository/org/apache/kerby/kerb-util/1.0.1/kerb-util-1.0.1.jar:/home/runner/.m2/repository/org/apache/kerby/token-provider/1.0.1/token-provider-1.0.1.jar:/home/runner/.m2/repository/org/apache/kerby/kerb-admin/1.0.1/kerb-admin-1.0.1.jar:/home/runner/.m2/repository/org/apache/kerby/kerb-server/1.0.1/kerb-server-1.0.1.jar:/home/runner/.m2/repository/org/apache/kerby/kerb-identity/1.0.1/kerb-identity-1.0.1.jar:/home/runner/.m2/repository/org/apache/kerby/kerby-xdr/1.0.1/kerby-xdr-1.0.1.jar:/home/runner/.m2/repository/org/apache/ozone/ozone-s3gateway/1.4.0-SNAPSHOT/ozone-s3gateway-1.4.0-SNAPSHOT.jar:/home/runner/.m2/repository/org/javassist/javassist/3.21.0-GA/javassist-3.21.0-GA.jar:/home/runner/.m2/repository/org/jboss/weld/servlet/weld-servlet-shaded/3.1.9.Final/weld-servlet-shaded-3.1.9.Final.jar:/home/runner/.m2/repository/org/glassfish/jersey/containers/jersey-container-servlet-core/2.34/jersey-container-servlet-core-2.34.jar:/home/runner/.m2/repository/org/glassfish/hk2/external/jakarta.inject/2.6.1/jakarta.inject-2.6.1.jar:/home/runner/.m2/repository/org/glassfish/jersey/core/jersey-common/2.34/jersey-common-2.34.jar:/home/runner/.m2/repository/jakarta/ws/rs/jakarta.ws.rs-api/2.1.6/jakarta.ws.rs-api-2.1.6.jar:/home/runner/.m2/repository/org/glassfish/jersey/ext/cdi/jersey-cdi1x/2.34/jersey-cdi1x-2.34.jar:/home/runner/.m2/repository/org/glassfish/jersey/inject/jersey-hk2/2.34/jersey-hk2-2.34.jar:/home/runner/.m2/repository/org/glassfish/hk2/hk2-locator/2.6.1/hk2-locator-2.6.1.jar:/home/runner/.m2/repository/org/glassfish/jersey/media/jersey-media-jaxb/2.34/jersey-media-jaxb-2.34.jar:/home/runner/.m2/repository/org/glassfish/hk2/osgi-resource-locator/1.0.3/osgi-resource-locator-1.0.3.jar:/home/runner/.m2/repository/org/glassfish/hk2/hk2-api/2.5.0/hk2-api-2.5.0.jar:/home/runner/.m2/repository/org/glassfish/hk2/hk2-utils/2.5.0/hk2-utils-2.5.0.jar:/home/runner/.m2/repository/org/glassfish/hk2/external/aopalliance-repackaged/2.5.0/aopalliance-repackaged-2.5.0.jar:/home/runner/.m2/repository/com/fasterxml/jackson/dataformat/jackson-dataformat-xml/2.13.4/jackson-dataformat-xml-2.13.4.jar:/home/runner/.m2/repository/org/codehaus/woodstox/stax2-api/4.2.1/stax2-api-4.2.1.jar:/home/runner/.m2/repository/com/fasterxml/woodstox/woodstox-core/5.4.0/woodstox-core-5.4.0.jar:/home/runner/.m2/repository/com/fasterxml/jackson/module/jackson-module-jaxb-annotations/2.13.4/jackson-module-jaxb-annotations-2.13.4.jar:/home/runner/.m2/repository/jakarta/xml/bind/jakarta.xml.bind-api/2.3.3/jakarta.xml.bind-api-2.3.3.jar:/home/runner/.m2/repository/jakarta/activation/jakarta.activation-api/1.2.2/jakarta.activation-api-1.2.2.jar:/home/runner/.m2/repository/javax/enterprise/cdi-api/2.0/cdi-api-2.0.jar:/home/runner/.m2/repository/javax/el/javax.el-api/3.0.0/javax.el-api-3.0.0.jar:/home/runner/.m2/repository/javax/interceptor/javax.interceptor-api/1.2/javax.interceptor-api-1.2.jar:/home/runner/.m2/repository/javax/inject/javax.inject/1/javax.inject-1.jar:/home/runner/.m2/repository/javax/xml/bind/jaxb-api/2.3.0/jaxb-api-2.3.0.jar:/home/runner/.m2/repository/org/glassfish/jaxb/jaxb-runtime/2.3.0.1/jaxb-runtime-2.3.0.1.jar:/home/runner/.m2/repository/org/glassfish/jaxb/jaxb-core/2.3.0.1/jaxb-core-2.3.0.1.jar:/home/runner/.m2/repository/org/glassfish/jaxb/txw2/2.3.0.1/txw2-2.3.0.1.jar:/home/runner/.m2/repository/com/sun/istack/istack-commons-runtime/3.0.5/istack-commons-runtime-3.0.5.jar:/home/runner/.m2/repository/org/jvnet/staxex/stax-ex/1.7.8/stax-ex-1.7.8.jar:/home/runner/.m2/repository/com/sun/xml/fastinfoset/FastInfoset/1.2.13/FastInfoset-1.2.13.jar:/home/runner/.m2/repository/javax/activation/activation/1.1.1/activation-1.1.1.jar:/home/runner/.m2/repository/io/grpc/grpc-protobuf/1.51.1/grpc-protobuf-1.51.1.jar:/home/runner/.m2/repository/com/google/api/grpc/proto-google-common-protos/2.9.0/proto-google-common-protos-2.9.0.jar:/home/runner/.m2/repository/io/grpc/grpc-protobuf-lite/1.51.1/grpc-protobuf-lite-1.51.1.jar:/home/runner/.m2/repository/io/grpc/grpc-stub/1.51.1/grpc-stub-1.51.1.jar:/home/runner/.m2/repository/io/netty/netty-transport/4.1.86.Final/netty-transport-4.1.86.Final.jar:/home/runner/.m2/repository/io/netty/netty-resolver/4.1.86.Final/netty-resolver-4.1.86.Final.jar:/home/runner/.m2/repository/org/apache/ozone/ozone-csi/1.4.0-SNAPSHOT/ozone-csi-1.4.0-SNAPSHOT.jar:/home/runner/.m2/repository/com/google/protobuf/protobuf-java-util/3.19.6/protobuf-java-util-3.19.6.jar:/home/runner/.m2/repository/com/google/code/gson/gson/2.9.0/gson-2.9.0.jar:/home/runner/.m2/repository/org/apache/ozone/hdds-config/1.4.0-SNAPSHOT/hdds-config-1.4.0-SNAPSHOT.jar:/home/runner/.m2/repository/io/netty/netty-transport-native-epoll/4.1.86.Final/netty-transport-native-epoll-4.1.86.Final-linux-x86_64.jar:/home/runner/.m2/repository/io/netty/netty-transport-classes-epoll/4.1.86.Final/netty-transport-classes-epoll-4.1.86.Final.jar:/home/runner/.m2/repository/io/netty/netty-transport-native-unix-common/4.1.86.Final/netty-transport-native-unix-common-4.1.86.Final.jar:/home/runner/.m2/repository/org/apache/ozone/ozone-recon/1.4.0-SNAPSHOT/ozone-recon-1.4.0-SNAPSHOT.jar:/home/runner/.m2/repository/org/apache/ozone/ozone-reconcodegen/1.4.0-SNAPSHOT/ozone-reconcodegen-1.4.0-SNAPSHOT.jar:/home/runner/.m2/repository/com/google/inject/guice/5.1.0/guice-5.1.0.jar:/home/runner/.m2/repository/aopalliance/aopalliance/1.0/aopalliance-1.0.jar:/home/runner/.m2/repository/com/google/inject/extensions/guice-assistedinject/5.1.0/guice-assistedinject-5.1.0.jar:/home/runner/.m2/repository/com/google/inject/extensions/guice-servlet/5.1.0/guice-servlet-5.1.0.jar:/home/runner/.m2/repository/org/glassfish/jersey/containers/jersey-container-servlet/2.34/jersey-container-servlet-2.34.jar:/home/runner/.m2/repository/org/glassfish/hk2/guice-bridge/2.5.0/guice-bridge-2.5.0.jar:/home/runner/.m2/repository/org/glassfish/jersey/core/jersey-server/2.34/jersey-server-2.34.jar:/home/runner/.m2/repository/org/glassfish/jersey/core/jersey-client/2.34/jersey-client-2.34.jar:/home/runner/.m2/repository/jakarta/annotation/jakarta.annotation-api/1.3.5/jakarta.annotation-api-1.3.5.jar:/home/runner/.m2/repository/jakarta/validation/jakarta.validation-api/2.0.2/jakarta.validation-api-2.0.2.jar:/home/runner/.m2/repository/org/glassfish/jersey/media/jersey-media-json-jackson/2.34/jersey-media-json-jackson-2.34.jar:/home/runner/.m2/repository/org/glassfish/jersey/ext/jersey-entity-filtering/2.34/jersey-entity-filtering-2.34.jar:/home/runner/.m2/repository/org/jooq/jooq/3.11.10/jooq-3.11.10.jar:/home/runner/.m2/repository/org/jooq/jooq-meta/3.11.10/jooq-meta-3.11.10.jar:/home/runner/.m2/repository/org/jooq/jooq-codegen/3.11.10/jooq-codegen-3.11.10.jar:/home/runner/.m2/repository/com/jolbox/bonecp/0.8.0.RELEASE/bonecp-0.8.0.RELEASE.jar:/home/runner/.m2/repository/org/apache/derby/derby/10.14.2.0/derby-10.14.2.0.jar:/home/runner/.m2/repository/org/xerial/sqlite-jdbc/3.41.2.2/sqlite-jdbc-3.41.2.2.jar:/home/runner/.m2/repository/org/springframework/spring-jdbc/5.3.27/spring-jdbc-5.3.27.jar:/home/runner/.m2/repository/org/springframework/spring-beans/5.3.27/spring-beans-5.3.27.jar:/home/runner/.m2/repository/org/springframework/spring-core/5.3.27/spring-core-5.3.27.jar:/home/runner/.m2/repository/org/springframework/spring-tx/5.3.27/spring-tx-5.3.27.jar:/home/runner/.m2/repository/org/apache/ozone/ozone-client/1.4.0-SNAPSHOT/ozone-client-1.4.0-SNAPSHOT.jar:/home/runner/.m2/repository/org/apache/ozone/hdds-erasurecode/1.4.0-SNAPSHOT/hdds-erasurecode-1.4.0-SNAPSHOT.jar:/home/runner/.m2/repository/org/apache/ozone/ozone-filesystem/1.4.0-SNAPSHOT/ozone-filesystem-1.4.0-SNAPSHOT.jar:/home/runner/.m2/repository/org/apache/ozone/ozone-filesystem-common/1.4.0-SNAPSHOT/ozone-filesystem-common-1.4.0-SNAPSHOT.jar:/home/runner/.m2/repository/org/apache/ozone/ozone-tools/1.4.0-SNAPSHOT/ozone-tools-1.4.0-SNAPSHOT.jar:/home/runner/.m2/repository/com/amazonaws/aws-java-sdk-core/1.12.261/aws-java-sdk-core-1.12.261.jar:/home/runner/.m2/repository/org/apache/httpcomponents/httpclient/4.5.13/httpclient-4.5.13.jar:/home/runner/.m2/repository/org/apache/httpcomponents/httpcore/4.4.13/httpcore-4.4.13.jar:/home/runner/.m2/repository/software/amazon/ion/ion-java/1.0.2/ion-java-1.0.2.jar:/home/runner/.m2/repository/com/fasterxml/jackson/dataformat/jackson-dataformat-cbor/2.13.4/jackson-dataformat-cbor-2.13.4.jar:/home/runner/.m2/repository/joda-time/joda-time/2.10.6/joda-time-2.10.6.jar:/home/runner/.m2/repository/com/amazonaws/aws-java-sdk-s3/1.12.261/aws-java-sdk-s3-1.12.261.jar:/home/runner/.m2/repository/com/amazonaws/aws-java-sdk-kms/1.12.261/aws-java-sdk-kms-1.12.261.jar:/home/runner/.m2/repository/com/amazonaws/jmespath-java/1.12.261/jmespath-java-1.12.261.jar:/home/runner/.m2/repository/org/kohsuke/metainf-services/metainf-services/1.8/metainf-services-1.8.jar:/home/runner/.m2/repository/org/apache/ozone/hdds-tools/1.4.0-SNAPSHOT/hdds-tools-1.4.0-SNAPSHOT.jar:/home/runner/.m2/repository/org/apache/ratis/ratis-tools/2.5.1/ratis-tools-2.5.1.jar:/home/runner/.m2/repository/commons-cli/commons-cli/1.2/commons-cli-1.2.jar:/home/runner/.m2/repository/org/apache/commons/commons-lang3/3.7/commons-lang3-3.7.jar:/home/runner/.m2/repository/org/apache/ozone/ozone-manager/1.4.0-SNAPSHOT/ozone-manager-1.4.0-SNAPSHOT-tests.jar:/home/runner/.m2/repository/org/apache/ozone/hdds-common/1.4.0-SNAPSHOT/hdds-common-1.4.0-SNAPSHOT-tests.jar:/home/runner/.m2/repository/org/apache/ozone/hdds-hadoop-dependency-client/1.4.0-SNAPSHOT/hdds-hadoop-dependency-client-1.4.0-SNAPSHOT.jar:/home/runner/.m2/repository/info/picocli/picocli/4.6.1/picocli-4.6.1.jar:/home/runner/.m2/repository/com/fasterxml/jackson/core/jackson-annotations/2.13.4/jackson-annotations-2.13.4.jar:/home/runner/.m2/repository/org/apache/ozone/hdds-annotation-processing/1.4.0-SNAPSHOT/hdds-annotation-processing-1.4.0-SNAPSHOT.jar:/home/runner/.m2/repository/javax/annotation/javax.annotation-api/1.2/javax.annotation-api-1.2.jar:/home/runner/.m2/repository/org/apache/ratis/ratis-netty/2.5.1/ratis-netty-2.5.1.jar:/home/runner/.m2/repository/org/apache/ratis/ratis-grpc/2.5.1/ratis-grpc-2.5.1.jar:/home/runner/.m2/repository/org/apache/logging/log4j/log4j-api/2.17.1/log4j-api-2.17.1.jar:/home/runner/.m2/repository/org/apache/commons/commons-pool2/2.6.0/commons-pool2-2.6.0.jar:/home/runner/.m2/repository/org/bouncycastle/bcpkix-jdk15on/1.67/bcpkix-jdk15on-1.67.jar:/home/runner/.m2/repository/commons-validator/commons-validator/1.6/commons-validator-1.6.jar:/home/runner/.m2/repository/commons-beanutils/commons-beanutils/1.9.4/commons-beanutils-1.9.4.jar:/home/runner/.m2/repository/commons-digester/commons-digester/1.8.1/commons-digester-1.8.1.jar:/home/runner/.m2/repository/commons-collections/commons-collections/3.2.2/commons-collections-3.2.2.jar:/home/runner/.m2/repository/io/jaegertracing/jaeger-client/1.6.0/jaeger-client-1.6.0.jar:/home/runner/.m2/repository/io/jaegertracing/jaeger-thrift/1.6.0/jaeger-thrift-1.6.0.jar:/home/runner/.m2/repository/org/apache/thrift/libthrift/0.14.1/libthrift-0.14.1.jar:/home/runner/.m2/repository/io/jaegertracing/jaeger-core/1.6.0/jaeger-core-1.6.0.jar:/home/runner/.m2/repository/io/jaegertracing/jaeger-tracerresolver/1.6.0/jaeger-tracerresolver-1.6.0.jar:/home/runner/.m2/repository/io/opentracing/contrib/opentracing-tracerresolver/0.1.8/opentracing-tracerresolver-0.1.8.jar:/home/runner/.m2/repository/org/jetbrains/kotlin/kotlin-stdlib/1.6.21/kotlin-stdlib-1.6.21.jar:/home/runner/.m2/repository/org/jetbrains/annotations/13.0/annotations-13.0.jar:/home/runner/.m2/repository/io/opentracing/opentracing-util/0.33.0/opentracing-util-0.33.0.jar:/home/runner/.m2/repository/io/opentracing/opentracing-api/0.33.0/opentracing-api-0.33.0.jar:/home/runner/.m2/repository/io/opentracing/opentracing-noop/0.33.0/opentracing-noop-0.33.0.jar:/home/runner/.m2/repository/org/yaml/snakeyaml/2.0/snakeyaml-2.0.jar:/home/runner/.m2/repository/io/grpc/grpc-api/1.51.1/grpc-api-1.51.1.jar:/home/runner/.m2/repository/io/grpc/grpc-context/1.51.1/grpc-context-1.51.1.jar:/home/runner/.m2/repository/junit/junit/4.13.1/junit-4.13.1.jar:/home/runner/.m2/repository/org/hamcrest/hamcrest-core/1.3/hamcrest-core-1.3.jar:/home/runner/.m2/repository/org/junit/jupiter/junit-jupiter-api/5.8.2/junit-jupiter-api-5.8.2.jar:/home/runner/.m2/repository/org/opentest4j/opentest4j/1.2.0/opentest4j-1.2.0.jar:/home/runner/.m2/repository/org/junit/platform/junit-platform-commons/1.8.2/junit-platform-commons-1.8.2.jar:/home/runner/.m2/repository/org/apiguardian/apiguardian-api/1.1.2/apiguardian-api-1.1.2.jar:/home/runner/.m2/repository/org/junit/jupiter/junit-jupiter-params/5.8.2/junit-jupiter-params-5.8.2.jar:/home/runner/.m2/repository/org/junit/jupiter/junit-jupiter-migrationsupport/5.8.2/junit-jupiter-migrationsupport-5.8.2.jar:/home/runner/.m2/repository/org/junit/jupiter/junit-jupiter-engine/5.8.2/junit-jupiter-engine-5.8.2.jar:/home/runner/.m2/repository/org/junit/platform/junit-platform-engine/1.8.2/junit-platform-engine-1.8.2.jar:/home/runner/.m2/repository/org/junit/vintage/junit-vintage-engine/5.8.2/junit-vintage-engine-5.8.2.jar:/home/runner/.m2/repository/org/junit/platform/junit-platform-launcher/1.8.2/junit-platform-launcher-1.8.2.jar:/home/runner/.m2/repository/org/mockito/mockito-core/3.5.9/mockito-core-3.5.9.jar:/home/runner/.m2/repository/net/bytebuddy/byte-buddy/1.10.13/byte-buddy-1.10.13.jar:/home/runner/.m2/repository/net/bytebuddy/byte-buddy-agent/1.10.13/byte-buddy-agent-1.10.13.jar:/home/runner/.m2/repository/org/objenesis/objenesis/1.0/objenesis-1.0.jar:/home/runner/.m2/repository/org/apache/hadoop/hadoop-kms/3.3.6/hadoop-kms-3.3.6.jar:/home/runner/.m2/repository/org/apache/hadoop/hadoop-auth/3.3.6/hadoop-auth-3.3.6.jar:/home/runner/.m2/repository/com/nimbusds/nimbus-jose-jwt/9.8.1/nimbus-jose-jwt-9.8.1.jar:/home/runner/.m2/repository/com/github/stephenc/jcip/jcip-annotations/1.0-1/jcip-annotations-1.0-1.jar:/home/runner/.m2/repository/org/apache/zookeeper/zookeeper/3.5.6/zookeeper-3.5.6.jar:/home/runner/.m2/repository/org/apache/zookeeper/zookeeper-jute/3.5.6/zookeeper-jute-3.5.6.jar:/home/runner/.m2/repository/org/apache/yetus/audience-annotations/0.5.0/audience-annotations-0.5.0.jar:/home/runner/.m2/repository/org/apache/curator/curator-framework/4.2.0/curator-framework-4.2.0.jar:/home/runner/.m2/repository/org/apache/hadoop/thirdparty/hadoop-shaded-guava/1.1.1/hadoop-shaded-guava-1.1.1.jar:/home/runner/.m2/repository/com/sun/jersey/jersey-core/1.19/jersey-core-1.19.jar:/home/runner/.m2/repository/javax/ws/rs/jsr311-api/1.1.1/jsr311-api-1.1.1.jar:/home/runner/.m2/repository/com/sun/jersey/jersey-server/1.19/jersey-server-1.19.jar:/home/runner/.m2/repository/javax/servlet/javax.servlet-api/3.1.0/javax.servlet-api-3.1.0.jar:/home/runner/.m2/repository/org/apache/hadoop/hadoop-common/3.3.6/hadoop-common-3.3.6.jar:/home/runner/.m2/repository/org/apache/commons/commons-math3/3.1.1/commons-math3-3.1.1.jar:/home/runner/.m2/repository/commons-net/commons-net/3.9.0/commons-net-3.9.0.jar:/home/runner/.m2/repository/com/sun/jersey/jersey-servlet/1.19/jersey-servlet-1.19.jar:/home/runner/.m2/repository/com/github/pjfanning/jersey-json/1.20/jersey-json-1.20.jar:/home/runner/.m2/repository/org/codehaus/jettison/jettison/1.1/jettison-1.1.jar:/home/runner/.m2/repository/com/sun/xml/bind/jaxb-impl/2.2.3-1/jaxb-impl-2.2.3-1.jar:/home/runner/.m2/repository/com/google/re2j/re2j/1.1/re2j-1.1.jar:/home/runner/.m2/repository/com/jcraft/jsch/0.1.54/jsch-0.1.54.jar:/home/runner/.m2/repository/org/apache/curator/curator-client/4.2.0/curator-client-4.2.0.jar:/home/runner/.m2/repository/org/apache/curator/curator-recipes/5.2.0/curator-recipes-5.2.0.jar:/home/runner/.m2/repository/org/apache/kerby/kerb-core/1.0.1/kerb-core-1.0.1.jar:/home/runner/.m2/repository/org/apache/kerby/kerby-pkix/1.0.1/kerby-pkix-1.0.1.jar:/home/runner/.m2/repository/org/apache/kerby/kerby-asn1/1.0.1/kerby-asn1-1.0.1.jar:/home/runner/.m2/repository/org/apache/kerby/kerby-util/1.0.1/kerby-util-1.0.1.jar:/home/runner/.m2/repository/dnsjava/dnsjava/2.1.7/dnsjava-2.1.7.jar:/home/runner/.m2/repository/org/xerial/snappy/snappy-java/1.1.8.2/snappy-java-1.1.8.2.jar:/home/runner/.m2/repository/com/fasterxml/jackson/core/jackson-databind/2.13.4.2/jackson-databind-2.13.4.2.jar:/home/runner/.m2/repository/org/apache/hadoop/hadoop-kms/3.3.6/hadoop-kms-3.3.6-tests.jar:/home/runner/.m2/repository/org/apache/ozone/hdds-server-scm/1.4.0-SNAPSHOT/hdds-server-scm-1.4.0-SNAPSHOT-tests.jar:/home/runner/.m2/repository/org/apache/ozone/hdds-container-service/1.4.0-SNAPSHOT/hdds-container-service-1.4.0-SNAPSHOT-tests.jar:/home/runner/.m2/repository/com/github/luben/zstd-jni/1.5.2-5/zstd-jni-1.5.2-5.jar:/home/runner/.m2/repository/commons-codec/commons-codec/1.15/commons-codec-1.15.jar:/home/runner/.m2/repository/io/netty/netty-codec/4.1.86.Final/netty-codec-4.1.86.Final.jar:/home/runner/.m2/repository/io/netty/netty-handler/4.1.86.Final/netty-handler-4.1.86.Final.jar:/home/runner/.m2/repository/org/apache/ozone/hdds-hadoop-dependency-test/1.4.0-SNAPSHOT/hdds-hadoop-dependency-test-1.4.0-SNAPSHOT.jar:/home/runner/.m2/repository/org/apache/hadoop/hadoop-common/3.3.6/hadoop-common-3.3.6-tests.jar:/home/runner/.m2/repository/org/apache/hadoop/hadoop-hdfs/3.3.6/hadoop-hdfs-3.3.6-tests.jar:/home/runner/.m2/repository/org/assertj/assertj-core/3.12.2/assertj-core-3.12.2.jar:/home/runner/.m2/repository/org/apache/hadoop/hadoop-distcp/3.3.6/hadoop-distcp-3.3.6.jar:/home/runner/.m2/repository/org/apache/hadoop/hadoop-mapreduce-client-jobclient/3.3.6/hadoop-mapreduce-client-jobclient-3.3.6.jar:/home/runner/.m2/repository/org/apache/hadoop/hadoop-mapreduce-client-common/3.3.6/hadoop-mapreduce-client-common-3.3.6.jar:/home/runner/.m2/repository/org/apache/hadoop/hadoop-yarn-common/3.3.6/hadoop-yarn-common-3.3.6.jar:/home/runner/.m2/repository/org/apache/hadoop/hadoop-yarn-api/3.3.6/hadoop-yarn-api-3.3.6.jar:/home/runner/.m2/repository/com/sun/jersey/contribs/jersey-guice/1.19/jersey-guice-1.19.jar:/home/runner/.m2/repository/com/fasterxml/jackson/jaxrs/jackson-jaxrs-json-provider/2.13.4/jackson-jaxrs-json-provider-2.13.4.jar:/home/runner/.m2/repository/com/fasterxml/jackson/jaxrs/jackson-jaxrs-base/2.13.4/jackson-jaxrs-base-2.13.4.jar:/home/runner/.m2/repository/org/apache/hadoop/hadoop-yarn-client/3.3.6/hadoop-yarn-client-3.3.6.jar:/home/runner/.m2/repository/org/eclipse/jetty/websocket/websocket-client/9.4.51.v20230217/websocket-client-9.4.51.v20230217.jar:/home/runner/.m2/repository/org/eclipse/jetty/websocket/websocket-common/9.4.51.v20230217/websocket-common-9.4.51.v20230217.jar:/home/runner/.m2/repository/org/eclipse/jetty/websocket/websocket-api/9.4.51.v20230217/websocket-api-9.4.51.v20230217.jar:/home/runner/.m2/repository/org/jline/jline/3.9.0/jline-3.9.0.jar:/home/runner/.m2/repository/org/apache/hadoop/hadoop-mapreduce-client-core/3.3.6/hadoop-mapreduce-client-core-3.3.6.jar:/home/runner/.m2/repository/org/apache/avro/avro/1.7.7/avro-1.7.7.jar:/home/runner/.m2/repository/com/thoughtworks/paranamer/paranamer/2.3/paranamer-2.3.jar:/home/runner/.m2/repository/org/apache/hadoop/hadoop-annotations/3.3.6/hadoop-annotations-3.3.6.jar:/usr/lib/jvm/temurin-8-jdk-amd64/jre/../lib/tools.jar:/home/runner/.m2/repository/io/netty/netty/3.10.6.Final/netty-3.10.6.Final.jar:/home/runner/.m2/repository/org/apache/hadoop/hadoop-distcp/3.3.6/hadoop-distcp-3.3.6-tests.jar:/home/runner/.m2/repository/org/slf4j/jul-to-slf4j/1.7.36/jul-to-slf4j-1.7.36.jar:"/>
    <property name="java.vm.vendor" value="Temurin"/>
    <property name="sun.arch.data.model" value="64"/>
    <property name="test.build.dir" value="/home/runner/work/ozone/ozone/hadoop-ozone/integration-test/target/test-dir"/>
    <property name="test.cache.data" value=""/>
    <property name="java.vendor.url" value="https://adoptium.net/"/>
    <property name="user.timezone" value="Etc/UTC"/>
    <property name="java.vm.specification.version" value="1.8"/>
    <property name="os.name" value="Linux"/>
    <property name="test.build.data" value="/home/runner/work/ozone/ozone/hadoop-ozone/integration-test/target/test-dir"/>
    <property name="sun.java.launcher" value="SUN_STANDARD"/>
    <property name="sun.boot.library.path" value="/usr/lib/jvm/temurin-8-jdk-amd64/jre/lib/amd64"/>
    <property name="sun.java.command" value="/home/runner/work/ozone/ozone/hadoop-ozone/integration-test/target/surefire/surefirebooter7473071411115270935.jar /home/runner/work/ozone/ozone/hadoop-ozone/integration-test/target/surefire 2023-06-28T20-45-03_134-jvmRun1 surefire6893776622427120764tmp surefire_343999347990665945671tmp"/>
    <property name="native.lib.tmp.dir" value="/tmp"/>
    <property name="surefire.test.class.path" value="/home/runner/work/ozone/ozone/hadoop-ozone/integration-test/target/test-classes:/home/runner/work/ozone/ozone/hadoop-ozone/integration-test/target/classes:/home/runner/.m2/repository/org/apache/ozone/ozone-common/1.4.0-SNAPSHOT/ozone-common-1.4.0-SNAPSHOT.jar:/home/runner/.m2/repository/io/grpc/grpc-netty/1.51.1/grpc-netty-1.51.1.jar:/home/runner/.m2/repository/io/grpc/grpc-core/1.51.1/grpc-core-1.51.1.jar:/home/runner/.m2/repository/com/google/android/annotations/4.1.1.4/annotations-4.1.1.4.jar:/home/runner/.m2/repository/org/codehaus/mojo/animal-sniffer-annotations/1.21/animal-sniffer-annotations-1.21.jar:/home/runner/.m2/repository/com/google/errorprone/error_prone_annotations/2.2.0/error_prone_annotations-2.2.0.jar:/home/runner/.m2/repository/io/perfmark/perfmark-api/0.25.0/perfmark-api-0.25.0.jar:/home/runner/.m2/repository/io/netty/netty-codec-http2/4.1.86.Final/netty-codec-http2-4.1.86.Final.jar:/home/runner/.m2/repository/io/netty/netty-common/4.1.86.Final/netty-common-4.1.86.Final.jar:/home/runner/.m2/repository/io/netty/netty-buffer/4.1.86.Final/netty-buffer-4.1.86.Final.jar:/home/runner/.m2/repository/io/netty/netty-codec-http/4.1.86.Final/netty-codec-http-4.1.86.Final.jar:/home/runner/.m2/repository/io/netty/netty-handler-proxy/4.1.86.Final/netty-handler-proxy-4.1.86.Final.jar:/home/runner/.m2/repository/io/netty/netty-codec-socks/4.1.86.Final/netty-codec-socks-4.1.86.Final.jar:/home/runner/.m2/repository/io/netty/netty-tcnative-boringssl-static/2.0.54.Final/netty-tcnative-boringssl-static-2.0.54.Final.jar:/home/runner/.m2/repository/io/netty/netty-tcnative-classes/2.0.54.Final/netty-tcnative-classes-2.0.54.Final.jar:/home/runner/.m2/repository/io/netty/netty-tcnative-boringssl-static/2.0.54.Final/netty-tcnative-boringssl-static-2.0.54.Final-linux-x86_64.jar:/home/runner/.m2/repository/io/netty/netty-tcnative-boringssl-static/2.0.54.Final/netty-tcnative-boringssl-static-2.0.54.Final-linux-aarch_64.jar:/home/runner/.m2/repository/io/netty/netty-tcnative-boringssl-static/2.0.54.Final/netty-tcnative-boringssl-static-2.0.54.Final-osx-x86_64.jar:/home/runner/.m2/repository/io/netty/netty-tcnative-boringssl-static/2.0.54.Final/netty-tcnative-boringssl-static-2.0.54.Final-osx-aarch_64.jar:/home/runner/.m2/repository/io/netty/netty-tcnative-boringssl-static/2.0.54.Final/netty-tcnative-boringssl-static-2.0.54.Final-windows-x86_64.jar:/home/runner/.m2/repository/org/apache/commons/commons-compress/1.21/commons-compress-1.21.jar:/home/runner/.m2/repository/org/apache/ozone/hdds-common/1.4.0-SNAPSHOT/hdds-common-1.4.0-SNAPSHOT.jar:/home/runner/.m2/repository/org/apache/ozone/hdds-client/1.4.0-SNAPSHOT/hdds-client-1.4.0-SNAPSHOT.jar:/home/runner/.m2/repository/org/apache/ozone/ozone-interface-client/1.4.0-SNAPSHOT/ozone-interface-client-1.4.0-SNAPSHOT.jar:/home/runner/.m2/repository/org/apache/hadoop/hadoop-hdfs-client/3.3.6/hadoop-hdfs-client-3.3.6.jar:/home/runner/.m2/repository/com/squareup/okhttp3/okhttp/4.9.3/okhttp-4.9.3.jar:/home/runner/.m2/repository/com/squareup/okio/okio/2.8.0/okio-2.8.0.jar:/home/runner/.m2/repository/org/jetbrains/kotlin/kotlin-stdlib-common/1.6.21/kotlin-stdlib-common-1.6.21.jar:/home/runner/.m2/repository/org/apache/ozone/hdds-test-utils/1.4.0-SNAPSHOT/hdds-test-utils-1.4.0-SNAPSHOT.jar:/home/runner/.m2/repository/com/google/guava/guava/32.0.0-jre/guava-32.0.0-jre.jar:/home/runner/.m2/repository/com/google/guava/failureaccess/1.0.1/failureaccess-1.0.1.jar:/home/runner/.m2/repository/com/google/guava/listenablefuture/9999.0-empty-to-avoid-conflict-with-guava/listenablefuture-9999.0-empty-to-avoid-conflict-with-guava.jar:/home/runner/.m2/repository/com/google/code/findbugs/jsr305/3.0.0/jsr305-3.0.0.jar:/home/runner/.m2/repository/org/checkerframework/checker-qual/3.33.0/checker-qual-3.33.0.jar:/home/runner/.m2/repository/com/google/j2objc/j2objc-annotations/2.8/j2objc-annotations-2.8.jar:/home/runner/.m2/repository/commons-io/commons-io/2.11.0/commons-io-2.11.0.jar:/home/runner/.m2/repository/commons-logging/commons-logging/1.2/commons-logging-1.2.jar:/home/runner/.m2/repository/ch/qos/reload4j/reload4j/1.2.22/reload4j-1.2.22.jar:/home/runner/.m2/repository/org/slf4j/slf4j-api/1.7.36/slf4j-api-1.7.36.jar:/home/runner/.m2/repository/org/apache/ozone/hdds-server-scm/1.4.0-SNAPSHOT/hdds-server-scm-1.4.0-SNAPSHOT.jar:/home/runner/.m2/repository/org/apache/ozone/hdds-container-service/1.4.0-SNAPSHOT/hdds-container-service-1.4.0-SNAPSHOT.jar:/home/runner/.m2/repository/org/apache/ozone/hdds-hadoop-dependency-server/1.4.0-SNAPSHOT/hdds-hadoop-dependency-server-1.4.0-SNAPSHOT.jar:/home/runner/.m2/repository/org/apache/hadoop/hadoop-hdfs/3.3.6/hadoop-hdfs-3.3.6.jar:/home/runner/.m2/repository/commons-daemon/commons-daemon/1.0.13/commons-daemon-1.0.13.jar:/home/runner/.m2/repository/org/apache/ozone/hdds-server-framework/1.4.0-SNAPSHOT/hdds-server-framework-1.4.0-SNAPSHOT.jar:/home/runner/.m2/repository/io/dropwizard/metrics/metrics-core/3.2.4/metrics-core-3.2.4.jar:/home/runner/.m2/repository/org/apache/commons/commons-text/1.10.0/commons-text-1.10.0.jar:/home/runner/.m2/repository/org/bouncycastle/bcprov-jdk15on/1.67/bcprov-jdk15on-1.67.jar:/home/runner/.m2/repository/com/google/protobuf/protobuf-java/2.5.0/protobuf-java-2.5.0.jar:/home/runner/.m2/repository/org/apache/ozone/hdds-server-framework/1.4.0-SNAPSHOT/hdds-server-framework-1.4.0-SNAPSHOT-tests.jar:/home/runner/.m2/repository/org/apache/ozone/hdds-interface-server/1.4.0-SNAPSHOT/hdds-interface-server-1.4.0-SNAPSHOT.jar:/home/runner/.m2/repository/org/apache/ozone/hdds-interface-admin/1.4.0-SNAPSHOT/hdds-interface-admin-1.4.0-SNAPSHOT.jar:/home/runner/.m2/repository/org/apache/ozone/hdds-managed-rocksdb/1.4.0-SNAPSHOT/hdds-managed-rocksdb-1.4.0-SNAPSHOT.jar:/home/runner/.m2/repository/org/rocksdb/rocksdbjni/7.7.3/rocksdbjni-7.7.3.jar:/home/runner/.m2/repository/org/slf4j/slf4j-reload4j/1.7.36/slf4j-reload4j-1.7.36.jar:/home/runner/.m2/repository/org/apache/commons/commons-configuration2/2.1.1/commons-configuration2-2.1.1.jar:/home/runner/.m2/repository/commons-fileupload/commons-fileupload/1.5/commons-fileupload-1.5.jar:/home/runner/.m2/repository/org/apache/logging/log4j/log4j-core/2.17.1/log4j-core-2.17.1.jar:/home/runner/.m2/repository/com/lmax/disruptor/3.4.2/disruptor-3.4.2.jar:/home/runner/.m2/repository/org/eclipse/jetty/jetty-util/9.4.51.v20230217/jetty-util-9.4.51.v20230217.jar:/home/runner/.m2/repository/org/eclipse/jetty/jetty-server/9.4.51.v20230217/jetty-server-9.4.51.v20230217.jar:/home/runner/.m2/repository/org/eclipse/jetty/jetty-http/9.4.51.v20230217/jetty-http-9.4.51.v20230217.jar:/home/runner/.m2/repository/org/eclipse/jetty/jetty-io/9.4.51.v20230217/jetty-io-9.4.51.v20230217.jar:/home/runner/.m2/repository/org/eclipse/jetty/jetty-servlet/9.4.51.v20230217/jetty-servlet-9.4.51.v20230217.jar:/home/runner/.m2/repository/org/eclipse/jetty/jetty-security/9.4.51.v20230217/jetty-security-9.4.51.v20230217.jar:/home/runner/.m2/repository/org/eclipse/jetty/jetty-util-ajax/9.4.51.v20230217/jetty-util-ajax-9.4.51.v20230217.jar:/home/runner/.m2/repository/org/eclipse/jetty/jetty-webapp/9.4.51.v20230217/jetty-webapp-9.4.51.v20230217.jar:/home/runner/.m2/repository/org/eclipse/jetty/jetty-xml/9.4.51.v20230217/jetty-xml-9.4.51.v20230217.jar:/home/runner/.m2/repository/org/apache/ratis/ratis-server/2.5.1/ratis-server-2.5.1.jar:/home/runner/.m2/repository/org/apache/ratis/ratis-thirdparty-misc/1.0.4/ratis-thirdparty-misc-1.0.4.jar:/home/runner/.m2/repository/org/apache/ratis/ratis-proto/2.5.1/ratis-proto-2.5.1.jar:/home/runner/.m2/repository/org/apache/ratis/ratis-common/2.5.1/ratis-common-2.5.1.jar:/home/runner/.m2/repository/org/apache/ratis/ratis-client/2.5.1/ratis-client-2.5.1.jar:/home/runner/.m2/repository/org/apache/ratis/ratis-server-api/2.5.1/ratis-server-api-2.5.1.jar:/home/runner/.m2/repository/org/apache/ratis/ratis-metrics/2.5.1/ratis-metrics-2.5.1.jar:/home/runner/.m2/repository/io/prometheus/simpleclient_dropwizard/0.7.0/simpleclient_dropwizard-0.7.0.jar:/home/runner/.m2/repository/io/prometheus/simpleclient/0.7.0/simpleclient-0.7.0.jar:/home/runner/.m2/repository/io/prometheus/simpleclient_common/0.7.0/simpleclient_common-0.7.0.jar:/home/runner/.m2/repository/com/fasterxml/jackson/datatype/jackson-datatype-jsr310/2.13.4/jackson-datatype-jsr310-2.13.4.jar:/home/runner/.m2/repository/com/fasterxml/jackson/core/jackson-core/2.13.4/jackson-core-2.13.4.jar:/home/runner/.m2/repository/com/github/spotbugs/spotbugs-annotations/3.1.12/spotbugs-annotations-3.1.12.jar:/home/runner/.m2/repository/org/apache/ozone/rocksdb-checkpoint-differ/1.4.0-SNAPSHOT/rocksdb-checkpoint-differ-1.4.0-SNAPSHOT.jar:/home/runner/.m2/repository/org/awaitility/awaitility/4.2.0/awaitility-4.2.0.jar:/home/runner/.m2/repository/org/hamcrest/hamcrest/2.1/hamcrest-2.1.jar:/home/runner/.m2/repository/org/apache/ozone/ozone-manager/1.4.0-SNAPSHOT/ozone-manager-1.4.0-SNAPSHOT.jar:/home/runner/.m2/repository/org/aspectj/aspectjrt/1.9.7/aspectjrt-1.9.7.jar:/home/runner/.m2/repository/org/aspectj/aspectjweaver/1.9.7/aspectjweaver-1.9.7.jar:/home/runner/.m2/repository/org/apache/ozone/hdds-interface-client/1.4.0-SNAPSHOT/hdds-interface-client-1.4.0-SNAPSHOT.jar:/home/runner/.m2/repository/org/apache/hadoop/thirdparty/hadoop-shaded-protobuf_3_7/1.1.1/hadoop-shaded-protobuf_3_7-1.1.1.jar:/home/runner/.m2/repository/org/apache/ozone/ozone-interface-storage/1.4.0-SNAPSHOT/ozone-interface-storage-1.4.0-SNAPSHOT.jar:/home/runner/.m2/repository/org/reflections/reflections/0.9.11/reflections-0.9.11.jar:/home/runner/.m2/repository/com/sun/jersey/jersey-client/1.19/jersey-client-1.19.jar:/home/runner/.m2/repository/org/codehaus/jackson/jackson-core-asl/1.9.13/jackson-core-asl-1.9.13.jar:/home/runner/.m2/repository/org/codehaus/jackson/jackson-mapper-asl/1.9.13/jackson-mapper-asl-1.9.13.jar:/home/runner/.m2/repository/org/codehaus/jackson/jackson-jaxrs/1.9.13/jackson-jaxrs-1.9.13.jar:/home/runner/.m2/repository/org/apache/ranger/ranger-intg/2.3.0/ranger-intg-2.3.0.jar:/home/runner/.m2/repository/org/apache/ranger/ranger-plugins-common/2.3.0/ranger-plugins-common-2.3.0.jar:/home/runner/.m2/repository/commons-lang/commons-lang/2.6/commons-lang-2.6.jar:/home/runner/.m2/repository/org/apache/ranger/ranger-plugins-cred/2.3.0/ranger-plugins-cred-2.3.0.jar:/home/runner/.m2/repository/org/apache/ranger/ranger-plugins-audit/2.3.0/ranger-plugins-audit-2.3.0.jar:/home/runner/.m2/repository/org/eclipse/jetty/jetty-client/9.4.51.v20230217/jetty-client-9.4.51.v20230217.jar:/home/runner/.m2/repository/org/apache/httpcomponents/httpmime/4.5.6/httpmime-4.5.6.jar:/home/runner/.m2/repository/org/apache/httpcomponents/httpcore-nio/4.4.13/httpcore-nio-4.4.13.jar:/home/runner/.m2/repository/org/apache/httpcomponents/httpasyncclient/4.1.3/httpasyncclient-4.1.3.jar:/home/runner/.m2/repository/com/carrotsearch/hppc/0.8.0/hppc-0.8.0.jar:/home/runner/.m2/repository/org/apache/orc/orc-core/1.5.8/orc-core-1.5.8.jar:/home/runner/.m2/repository/net/java/dev/jna/jna/5.2.0/jna-5.2.0.jar:/home/runner/.m2/repository/net/java/dev/jna/jna-platform/5.2.0/jna-platform-5.2.0.jar:/home/runner/.m2/repository/com/kstruct/gethostname4j/0.0.2/gethostname4j-0.0.2.jar:/home/runner/.m2/repository/org/apache/ranger/ranger-plugin-classloader/2.3.0/ranger-plugin-classloader-2.3.0.jar:/home/runner/.m2/repository/org/apache/ozone/hdds-rocks-native/1.4.0-SNAPSHOT/hdds-rocks-native-1.4.0-SNAPSHOT.jar:/home/runner/.m2/repository/org/apache/hadoop/hadoop-minikdc/3.3.6/hadoop-minikdc-3.3.6.jar:/home/runner/.m2/repository/org/apache/kerby/kerb-simplekdc/1.0.1/kerb-simplekdc-1.0.1.jar:/home/runner/.m2/repository/org/apache/kerby/kerb-client/1.0.1/kerb-client-1.0.1.jar:/home/runner/.m2/repository/org/apache/kerby/kerby-config/1.0.1/kerby-config-1.0.1.jar:/home/runner/.m2/repository/org/apache/kerby/kerb-common/1.0.1/kerb-common-1.0.1.jar:/home/runner/.m2/repository/org/apache/kerby/kerb-crypto/1.0.1/kerb-crypto-1.0.1.jar:/home/runner/.m2/repository/org/apache/kerby/kerb-util/1.0.1/kerb-util-1.0.1.jar:/home/runner/.m2/repository/org/apache/kerby/token-provider/1.0.1/token-provider-1.0.1.jar:/home/runner/.m2/repository/org/apache/kerby/kerb-admin/1.0.1/kerb-admin-1.0.1.jar:/home/runner/.m2/repository/org/apache/kerby/kerb-server/1.0.1/kerb-server-1.0.1.jar:/home/runner/.m2/repository/org/apache/kerby/kerb-identity/1.0.1/kerb-identity-1.0.1.jar:/home/runner/.m2/repository/org/apache/kerby/kerby-xdr/1.0.1/kerby-xdr-1.0.1.jar:/home/runner/.m2/repository/org/apache/ozone/ozone-s3gateway/1.4.0-SNAPSHOT/ozone-s3gateway-1.4.0-SNAPSHOT.jar:/home/runner/.m2/repository/org/javassist/javassist/3.21.0-GA/javassist-3.21.0-GA.jar:/home/runner/.m2/repository/org/jboss/weld/servlet/weld-servlet-shaded/3.1.9.Final/weld-servlet-shaded-3.1.9.Final.jar:/home/runner/.m2/repository/org/glassfish/jersey/containers/jersey-container-servlet-core/2.34/jersey-container-servlet-core-2.34.jar:/home/runner/.m2/repository/org/glassfish/hk2/external/jakarta.inject/2.6.1/jakarta.inject-2.6.1.jar:/home/runner/.m2/repository/org/glassfish/jersey/core/jersey-common/2.34/jersey-common-2.34.jar:/home/runner/.m2/repository/jakarta/ws/rs/jakarta.ws.rs-api/2.1.6/jakarta.ws.rs-api-2.1.6.jar:/home/runner/.m2/repository/org/glassfish/jersey/ext/cdi/jersey-cdi1x/2.34/jersey-cdi1x-2.34.jar:/home/runner/.m2/repository/org/glassfish/jersey/inject/jersey-hk2/2.34/jersey-hk2-2.34.jar:/home/runner/.m2/repository/org/glassfish/hk2/hk2-locator/2.6.1/hk2-locator-2.6.1.jar:/home/runner/.m2/repository/org/glassfish/jersey/media/jersey-media-jaxb/2.34/jersey-media-jaxb-2.34.jar:/home/runner/.m2/repository/org/glassfish/hk2/osgi-resource-locator/1.0.3/osgi-resource-locator-1.0.3.jar:/home/runner/.m2/repository/org/glassfish/hk2/hk2-api/2.5.0/hk2-api-2.5.0.jar:/home/runner/.m2/repository/org/glassfish/hk2/hk2-utils/2.5.0/hk2-utils-2.5.0.jar:/home/runner/.m2/repository/org/glassfish/hk2/external/aopalliance-repackaged/2.5.0/aopalliance-repackaged-2.5.0.jar:/home/runner/.m2/repository/com/fasterxml/jackson/dataformat/jackson-dataformat-xml/2.13.4/jackson-dataformat-xml-2.13.4.jar:/home/runner/.m2/repository/org/codehaus/woodstox/stax2-api/4.2.1/stax2-api-4.2.1.jar:/home/runner/.m2/repository/com/fasterxml/woodstox/woodstox-core/5.4.0/woodstox-core-5.4.0.jar:/home/runner/.m2/repository/com/fasterxml/jackson/module/jackson-module-jaxb-annotations/2.13.4/jackson-module-jaxb-annotations-2.13.4.jar:/home/runner/.m2/repository/jakarta/xml/bind/jakarta.xml.bind-api/2.3.3/jakarta.xml.bind-api-2.3.3.jar:/home/runner/.m2/repository/jakarta/activation/jakarta.activation-api/1.2.2/jakarta.activation-api-1.2.2.jar:/home/runner/.m2/repository/javax/enterprise/cdi-api/2.0/cdi-api-2.0.jar:/home/runner/.m2/repository/javax/el/javax.el-api/3.0.0/javax.el-api-3.0.0.jar:/home/runner/.m2/repository/javax/interceptor/javax.interceptor-api/1.2/javax.interceptor-api-1.2.jar:/home/runner/.m2/repository/javax/inject/javax.inject/1/javax.inject-1.jar:/home/runner/.m2/repository/javax/xml/bind/jaxb-api/2.3.0/jaxb-api-2.3.0.jar:/home/runner/.m2/repository/org/glassfish/jaxb/jaxb-runtime/2.3.0.1/jaxb-runtime-2.3.0.1.jar:/home/runner/.m2/repository/org/glassfish/jaxb/jaxb-core/2.3.0.1/jaxb-core-2.3.0.1.jar:/home/runner/.m2/repository/org/glassfish/jaxb/txw2/2.3.0.1/txw2-2.3.0.1.jar:/home/runner/.m2/repository/com/sun/istack/istack-commons-runtime/3.0.5/istack-commons-runtime-3.0.5.jar:/home/runner/.m2/repository/org/jvnet/staxex/stax-ex/1.7.8/stax-ex-1.7.8.jar:/home/runner/.m2/repository/com/sun/xml/fastinfoset/FastInfoset/1.2.13/FastInfoset-1.2.13.jar:/home/runner/.m2/repository/javax/activation/activation/1.1.1/activation-1.1.1.jar:/home/runner/.m2/repository/io/grpc/grpc-protobuf/1.51.1/grpc-protobuf-1.51.1.jar:/home/runner/.m2/repository/com/google/api/grpc/proto-google-common-protos/2.9.0/proto-google-common-protos-2.9.0.jar:/home/runner/.m2/repository/io/grpc/grpc-protobuf-lite/1.51.1/grpc-protobuf-lite-1.51.1.jar:/home/runner/.m2/repository/io/grpc/grpc-stub/1.51.1/grpc-stub-1.51.1.jar:/home/runner/.m2/repository/io/netty/netty-transport/4.1.86.Final/netty-transport-4.1.86.Final.jar:/home/runner/.m2/repository/io/netty/netty-resolver/4.1.86.Final/netty-resolver-4.1.86.Final.jar:/home/runner/.m2/repository/org/apache/ozone/ozone-csi/1.4.0-SNAPSHOT/ozone-csi-1.4.0-SNAPSHOT.jar:/home/runner/.m2/repository/com/google/protobuf/protobuf-java-util/3.19.6/protobuf-java-util-3.19.6.jar:/home/runner/.m2/repository/com/google/code/gson/gson/2.9.0/gson-2.9.0.jar:/home/runner/.m2/repository/org/apache/ozone/hdds-config/1.4.0-SNAPSHOT/hdds-config-1.4.0-SNAPSHOT.jar:/home/runner/.m2/repository/io/netty/netty-transport-native-epoll/4.1.86.Final/netty-transport-native-epoll-4.1.86.Final-linux-x86_64.jar:/home/runner/.m2/repository/io/netty/netty-transport-classes-epoll/4.1.86.Final/netty-transport-classes-epoll-4.1.86.Final.jar:/home/runner/.m2/repository/io/netty/netty-transport-native-unix-common/4.1.86.Final/netty-transport-native-unix-common-4.1.86.Final.jar:/home/runner/.m2/repository/org/apache/ozone/ozone-recon/1.4.0-SNAPSHOT/ozone-recon-1.4.0-SNAPSHOT.jar:/home/runner/.m2/repository/org/apache/ozone/ozone-reconcodegen/1.4.0-SNAPSHOT/ozone-reconcodegen-1.4.0-SNAPSHOT.jar:/home/runner/.m2/repository/com/google/inject/guice/5.1.0/guice-5.1.0.jar:/home/runner/.m2/repository/aopalliance/aopalliance/1.0/aopalliance-1.0.jar:/home/runner/.m2/repository/com/google/inject/extensions/guice-assistedinject/5.1.0/guice-assistedinject-5.1.0.jar:/home/runner/.m2/repository/com/google/inject/extensions/guice-servlet/5.1.0/guice-servlet-5.1.0.jar:/home/runner/.m2/repository/org/glassfish/jersey/containers/jersey-container-servlet/2.34/jersey-container-servlet-2.34.jar:/home/runner/.m2/repository/org/glassfish/hk2/guice-bridge/2.5.0/guice-bridge-2.5.0.jar:/home/runner/.m2/repository/org/glassfish/jersey/core/jersey-server/2.34/jersey-server-2.34.jar:/home/runner/.m2/repository/org/glassfish/jersey/core/jersey-client/2.34/jersey-client-2.34.jar:/home/runner/.m2/repository/jakarta/annotation/jakarta.annotation-api/1.3.5/jakarta.annotation-api-1.3.5.jar:/home/runner/.m2/repository/jakarta/validation/jakarta.validation-api/2.0.2/jakarta.validation-api-2.0.2.jar:/home/runner/.m2/repository/org/glassfish/jersey/media/jersey-media-json-jackson/2.34/jersey-media-json-jackson-2.34.jar:/home/runner/.m2/repository/org/glassfish/jersey/ext/jersey-entity-filtering/2.34/jersey-entity-filtering-2.34.jar:/home/runner/.m2/repository/org/jooq/jooq/3.11.10/jooq-3.11.10.jar:/home/runner/.m2/repository/org/jooq/jooq-meta/3.11.10/jooq-meta-3.11.10.jar:/home/runner/.m2/repository/org/jooq/jooq-codegen/3.11.10/jooq-codegen-3.11.10.jar:/home/runner/.m2/repository/com/jolbox/bonecp/0.8.0.RELEASE/bonecp-0.8.0.RELEASE.jar:/home/runner/.m2/repository/org/apache/derby/derby/10.14.2.0/derby-10.14.2.0.jar:/home/runner/.m2/repository/org/xerial/sqlite-jdbc/3.41.2.2/sqlite-jdbc-3.41.2.2.jar:/home/runner/.m2/repository/org/springframework/spring-jdbc/5.3.27/spring-jdbc-5.3.27.jar:/home/runner/.m2/repository/org/springframework/spring-beans/5.3.27/spring-beans-5.3.27.jar:/home/runner/.m2/repository/org/springframework/spring-core/5.3.27/spring-core-5.3.27.jar:/home/runner/.m2/repository/org/springframework/spring-tx/5.3.27/spring-tx-5.3.27.jar:/home/runner/.m2/repository/org/apache/ozone/ozone-client/1.4.0-SNAPSHOT/ozone-client-1.4.0-SNAPSHOT.jar:/home/runner/.m2/repository/org/apache/ozone/hdds-erasurecode/1.4.0-SNAPSHOT/hdds-erasurecode-1.4.0-SNAPSHOT.jar:/home/runner/.m2/repository/org/apache/ozone/ozone-filesystem/1.4.0-SNAPSHOT/ozone-filesystem-1.4.0-SNAPSHOT.jar:/home/runner/.m2/repository/org/apache/ozone/ozone-filesystem-common/1.4.0-SNAPSHOT/ozone-filesystem-common-1.4.0-SNAPSHOT.jar:/home/runner/.m2/repository/org/apache/ozone/ozone-tools/1.4.0-SNAPSHOT/ozone-tools-1.4.0-SNAPSHOT.jar:/home/runner/.m2/repository/com/amazonaws/aws-java-sdk-core/1.12.261/aws-java-sdk-core-1.12.261.jar:/home/runner/.m2/repository/org/apache/httpcomponents/httpclient/4.5.13/httpclient-4.5.13.jar:/home/runner/.m2/repository/org/apache/httpcomponents/httpcore/4.4.13/httpcore-4.4.13.jar:/home/runner/.m2/repository/software/amazon/ion/ion-java/1.0.2/ion-java-1.0.2.jar:/home/runner/.m2/repository/com/fasterxml/jackson/dataformat/jackson-dataformat-cbor/2.13.4/jackson-dataformat-cbor-2.13.4.jar:/home/runner/.m2/repository/joda-time/joda-time/2.10.6/joda-time-2.10.6.jar:/home/runner/.m2/repository/com/amazonaws/aws-java-sdk-s3/1.12.261/aws-java-sdk-s3-1.12.261.jar:/home/runner/.m2/repository/com/amazonaws/aws-java-sdk-kms/1.12.261/aws-java-sdk-kms-1.12.261.jar:/home/runner/.m2/repository/com/amazonaws/jmespath-java/1.12.261/jmespath-java-1.12.261.jar:/home/runner/.m2/repository/org/kohsuke/metainf-services/metainf-services/1.8/metainf-services-1.8.jar:/home/runner/.m2/repository/org/apache/ozone/hdds-tools/1.4.0-SNAPSHOT/hdds-tools-1.4.0-SNAPSHOT.jar:/home/runner/.m2/repository/org/apache/ratis/ratis-tools/2.5.1/ratis-tools-2.5.1.jar:/home/runner/.m2/repository/commons-cli/commons-cli/1.2/commons-cli-1.2.jar:/home/runner/.m2/repository/org/apache/commons/commons-lang3/3.7/commons-lang3-3.7.jar:/home/runner/.m2/repository/org/apache/ozone/ozone-manager/1.4.0-SNAPSHOT/ozone-manager-1.4.0-SNAPSHOT-tests.jar:/home/runner/.m2/repository/org/apache/ozone/hdds-common/1.4.0-SNAPSHOT/hdds-common-1.4.0-SNAPSHOT-tests.jar:/home/runner/.m2/repository/org/apache/ozone/hdds-hadoop-dependency-client/1.4.0-SNAPSHOT/hdds-hadoop-dependency-client-1.4.0-SNAPSHOT.jar:/home/runner/.m2/repository/info/picocli/picocli/4.6.1/picocli-4.6.1.jar:/home/runner/.m2/repository/com/fasterxml/jackson/core/jackson-annotations/2.13.4/jackson-annotations-2.13.4.jar:/home/runner/.m2/repository/org/apache/ozone/hdds-annotation-processing/1.4.0-SNAPSHOT/hdds-annotation-processing-1.4.0-SNAPSHOT.jar:/home/runner/.m2/repository/javax/annotation/javax.annotation-api/1.2/javax.annotation-api-1.2.jar:/home/runner/.m2/repository/org/apache/ratis/ratis-netty/2.5.1/ratis-netty-2.5.1.jar:/home/runner/.m2/repository/org/apache/ratis/ratis-grpc/2.5.1/ratis-grpc-2.5.1.jar:/home/runner/.m2/repository/org/apache/logging/log4j/log4j-api/2.17.1/log4j-api-2.17.1.jar:/home/runner/.m2/repository/org/apache/commons/commons-pool2/2.6.0/commons-pool2-2.6.0.jar:/home/runner/.m2/repository/org/bouncycastle/bcpkix-jdk15on/1.67/bcpkix-jdk15on-1.67.jar:/home/runner/.m2/repository/commons-validator/commons-validator/1.6/commons-validator-1.6.jar:/home/runner/.m2/repository/commons-beanutils/commons-beanutils/1.9.4/commons-beanutils-1.9.4.jar:/home/runner/.m2/repository/commons-digester/commons-digester/1.8.1/commons-digester-1.8.1.jar:/home/runner/.m2/repository/commons-collections/commons-collections/3.2.2/commons-collections-3.2.2.jar:/home/runner/.m2/repository/io/jaegertracing/jaeger-client/1.6.0/jaeger-client-1.6.0.jar:/home/runner/.m2/repository/io/jaegertracing/jaeger-thrift/1.6.0/jaeger-thrift-1.6.0.jar:/home/runner/.m2/repository/org/apache/thrift/libthrift/0.14.1/libthrift-0.14.1.jar:/home/runner/.m2/repository/io/jaegertracing/jaeger-core/1.6.0/jaeger-core-1.6.0.jar:/home/runner/.m2/repository/io/jaegertracing/jaeger-tracerresolver/1.6.0/jaeger-tracerresolver-1.6.0.jar:/home/runner/.m2/repository/io/opentracing/contrib/opentracing-tracerresolver/0.1.8/opentracing-tracerresolver-0.1.8.jar:/home/runner/.m2/repository/org/jetbrains/kotlin/kotlin-stdlib/1.6.21/kotlin-stdlib-1.6.21.jar:/home/runner/.m2/repository/org/jetbrains/annotations/13.0/annotations-13.0.jar:/home/runner/.m2/repository/io/opentracing/opentracing-util/0.33.0/opentracing-util-0.33.0.jar:/home/runner/.m2/repository/io/opentracing/opentracing-api/0.33.0/opentracing-api-0.33.0.jar:/home/runner/.m2/repository/io/opentracing/opentracing-noop/0.33.0/opentracing-noop-0.33.0.jar:/home/runner/.m2/repository/org/yaml/snakeyaml/2.0/snakeyaml-2.0.jar:/home/runner/.m2/repository/io/grpc/grpc-api/1.51.1/grpc-api-1.51.1.jar:/home/runner/.m2/repository/io/grpc/grpc-context/1.51.1/grpc-context-1.51.1.jar:/home/runner/.m2/repository/junit/junit/4.13.1/junit-4.13.1.jar:/home/runner/.m2/repository/org/hamcrest/hamcrest-core/1.3/hamcrest-core-1.3.jar:/home/runner/.m2/repository/org/junit/jupiter/junit-jupiter-api/5.8.2/junit-jupiter-api-5.8.2.jar:/home/runner/.m2/repository/org/opentest4j/opentest4j/1.2.0/opentest4j-1.2.0.jar:/home/runner/.m2/repository/org/junit/platform/junit-platform-commons/1.8.2/junit-platform-commons-1.8.2.jar:/home/runner/.m2/repository/org/apiguardian/apiguardian-api/1.1.2/apiguardian-api-1.1.2.jar:/home/runner/.m2/repository/org/junit/jupiter/junit-jupiter-params/5.8.2/junit-jupiter-params-5.8.2.jar:/home/runner/.m2/repository/org/junit/jupiter/junit-jupiter-migrationsupport/5.8.2/junit-jupiter-migrationsupport-5.8.2.jar:/home/runner/.m2/repository/org/junit/jupiter/junit-jupiter-engine/5.8.2/junit-jupiter-engine-5.8.2.jar:/home/runner/.m2/repository/org/junit/platform/junit-platform-engine/1.8.2/junit-platform-engine-1.8.2.jar:/home/runner/.m2/repository/org/junit/vintage/junit-vintage-engine/5.8.2/junit-vintage-engine-5.8.2.jar:/home/runner/.m2/repository/org/junit/platform/junit-platform-launcher/1.8.2/junit-platform-launcher-1.8.2.jar:/home/runner/.m2/repository/org/mockito/mockito-core/3.5.9/mockito-core-3.5.9.jar:/home/runner/.m2/repository/net/bytebuddy/byte-buddy/1.10.13/byte-buddy-1.10.13.jar:/home/runner/.m2/repository/net/bytebuddy/byte-buddy-agent/1.10.13/byte-buddy-agent-1.10.13.jar:/home/runner/.m2/repository/org/objenesis/objenesis/1.0/objenesis-1.0.jar:/home/runner/.m2/repository/org/apache/hadoop/hadoop-kms/3.3.6/hadoop-kms-3.3.6.jar:/home/runner/.m2/repository/org/apache/hadoop/hadoop-auth/3.3.6/hadoop-auth-3.3.6.jar:/home/runner/.m2/repository/com/nimbusds/nimbus-jose-jwt/9.8.1/nimbus-jose-jwt-9.8.1.jar:/home/runner/.m2/repository/com/github/stephenc/jcip/jcip-annotations/1.0-1/jcip-annotations-1.0-1.jar:/home/runner/.m2/repository/org/apache/zookeeper/zookeeper/3.5.6/zookeeper-3.5.6.jar:/home/runner/.m2/repository/org/apache/zookeeper/zookeeper-jute/3.5.6/zookeeper-jute-3.5.6.jar:/home/runner/.m2/repository/org/apache/yetus/audience-annotations/0.5.0/audience-annotations-0.5.0.jar:/home/runner/.m2/repository/org/apache/curator/curator-framework/4.2.0/curator-framework-4.2.0.jar:/home/runner/.m2/repository/org/apache/hadoop/thirdparty/hadoop-shaded-guava/1.1.1/hadoop-shaded-guava-1.1.1.jar:/home/runner/.m2/repository/com/sun/jersey/jersey-core/1.19/jersey-core-1.19.jar:/home/runner/.m2/repository/javax/ws/rs/jsr311-api/1.1.1/jsr311-api-1.1.1.jar:/home/runner/.m2/repository/com/sun/jersey/jersey-server/1.19/jersey-server-1.19.jar:/home/runner/.m2/repository/javax/servlet/javax.servlet-api/3.1.0/javax.servlet-api-3.1.0.jar:/home/runner/.m2/repository/org/apache/hadoop/hadoop-common/3.3.6/hadoop-common-3.3.6.jar:/home/runner/.m2/repository/org/apache/commons/commons-math3/3.1.1/commons-math3-3.1.1.jar:/home/runner/.m2/repository/commons-net/commons-net/3.9.0/commons-net-3.9.0.jar:/home/runner/.m2/repository/com/sun/jersey/jersey-servlet/1.19/jersey-servlet-1.19.jar:/home/runner/.m2/repository/com/github/pjfanning/jersey-json/1.20/jersey-json-1.20.jar:/home/runner/.m2/repository/org/codehaus/jettison/jettison/1.1/jettison-1.1.jar:/home/runner/.m2/repository/com/sun/xml/bind/jaxb-impl/2.2.3-1/jaxb-impl-2.2.3-1.jar:/home/runner/.m2/repository/com/google/re2j/re2j/1.1/re2j-1.1.jar:/home/runner/.m2/repository/com/jcraft/jsch/0.1.54/jsch-0.1.54.jar:/home/runner/.m2/repository/org/apache/curator/curator-client/4.2.0/curator-client-4.2.0.jar:/home/runner/.m2/repository/org/apache/curator/curator-recipes/5.2.0/curator-recipes-5.2.0.jar:/home/runner/.m2/repository/org/apache/kerby/kerb-core/1.0.1/kerb-core-1.0.1.jar:/home/runner/.m2/repository/org/apache/kerby/kerby-pkix/1.0.1/kerby-pkix-1.0.1.jar:/home/runner/.m2/repository/org/apache/kerby/kerby-asn1/1.0.1/kerby-asn1-1.0.1.jar:/home/runner/.m2/repository/org/apache/kerby/kerby-util/1.0.1/kerby-util-1.0.1.jar:/home/runner/.m2/repository/dnsjava/dnsjava/2.1.7/dnsjava-2.1.7.jar:/home/runner/.m2/repository/org/xerial/snappy/snappy-java/1.1.8.2/snappy-java-1.1.8.2.jar:/home/runner/.m2/repository/com/fasterxml/jackson/core/jackson-databind/2.13.4.2/jackson-databind-2.13.4.2.jar:/home/runner/.m2/repository/org/apache/hadoop/hadoop-kms/3.3.6/hadoop-kms-3.3.6-tests.jar:/home/runner/.m2/repository/org/apache/ozone/hdds-server-scm/1.4.0-SNAPSHOT/hdds-server-scm-1.4.0-SNAPSHOT-tests.jar:/home/runner/.m2/repository/org/apache/ozone/hdds-container-service/1.4.0-SNAPSHOT/hdds-container-service-1.4.0-SNAPSHOT-tests.jar:/home/runner/.m2/repository/com/github/luben/zstd-jni/1.5.2-5/zstd-jni-1.5.2-5.jar:/home/runner/.m2/repository/commons-codec/commons-codec/1.15/commons-codec-1.15.jar:/home/runner/.m2/repository/io/netty/netty-codec/4.1.86.Final/netty-codec-4.1.86.Final.jar:/home/runner/.m2/repository/io/netty/netty-handler/4.1.86.Final/netty-handler-4.1.86.Final.jar:/home/runner/.m2/repository/org/apache/ozone/hdds-hadoop-dependency-test/1.4.0-SNAPSHOT/hdds-hadoop-dependency-test-1.4.0-SNAPSHOT.jar:/home/runner/.m2/repository/org/apache/hadoop/hadoop-common/3.3.6/hadoop-common-3.3.6-tests.jar:/home/runner/.m2/repository/org/apache/hadoop/hadoop-hdfs/3.3.6/hadoop-hdfs-3.3.6-tests.jar:/home/runner/.m2/repository/org/assertj/assertj-core/3.12.2/assertj-core-3.12.2.jar:/home/runner/.m2/repository/org/apache/hadoop/hadoop-distcp/3.3.6/hadoop-distcp-3.3.6.jar:/home/runner/.m2/repository/org/apache/hadoop/hadoop-mapreduce-client-jobclient/3.3.6/hadoop-mapreduce-client-jobclient-3.3.6.jar:/home/runner/.m2/repository/org/apache/hadoop/hadoop-mapreduce-client-common/3.3.6/hadoop-mapreduce-client-common-3.3.6.jar:/home/runner/.m2/repository/org/apache/hadoop/hadoop-yarn-common/3.3.6/hadoop-yarn-common-3.3.6.jar:/home/runner/.m2/repository/org/apache/hadoop/hadoop-yarn-api/3.3.6/hadoop-yarn-api-3.3.6.jar:/home/runner/.m2/repository/com/sun/jersey/contribs/jersey-guice/1.19/jersey-guice-1.19.jar:/home/runner/.m2/repository/com/fasterxml/jackson/jaxrs/jackson-jaxrs-json-provider/2.13.4/jackson-jaxrs-json-provider-2.13.4.jar:/home/runner/.m2/repository/com/fasterxml/jackson/jaxrs/jackson-jaxrs-base/2.13.4/jackson-jaxrs-base-2.13.4.jar:/home/runner/.m2/repository/org/apache/hadoop/hadoop-yarn-client/3.3.6/hadoop-yarn-client-3.3.6.jar:/home/runner/.m2/repository/org/eclipse/jetty/websocket/websocket-client/9.4.51.v20230217/websocket-client-9.4.51.v20230217.jar:/home/runner/.m2/repository/org/eclipse/jetty/websocket/websocket-common/9.4.51.v20230217/websocket-common-9.4.51.v20230217.jar:/home/runner/.m2/repository/org/eclipse/jetty/websocket/websocket-api/9.4.51.v20230217/websocket-api-9.4.51.v20230217.jar:/home/runner/.m2/repository/org/jline/jline/3.9.0/jline-3.9.0.jar:/home/runner/.m2/repository/org/apache/hadoop/hadoop-mapreduce-client-core/3.3.6/hadoop-mapreduce-client-core-3.3.6.jar:/home/runner/.m2/repository/org/apache/avro/avro/1.7.7/avro-1.7.7.jar:/home/runner/.m2/repository/com/thoughtworks/paranamer/paranamer/2.3/paranamer-2.3.jar:/home/runner/.m2/repository/org/apache/hadoop/hadoop-annotations/3.3.6/hadoop-annotations-3.3.6.jar:/usr/lib/jvm/temurin-8-jdk-amd64/jre/../lib/tools.jar:/home/runner/.m2/repository/io/netty/netty/3.10.6.Final/netty-3.10.6.Final.jar:/home/runner/.m2/repository/org/apache/hadoop/hadoop-distcp/3.3.6/hadoop-distcp-3.3.6-tests.jar:/home/runner/.m2/repository/org/slf4j/jul-to-slf4j/1.7.36/jul-to-slf4j-1.7.36.jar:"/>
    <property name="sun.cpu.endian" value="little"/>
    <property name="user.home" value="/home/runner"/>
    <property name="user.language" value="en"/>
    <property name="java.specification.vendor" value="Oracle Corporation"/>
    <property name="java.home" value="/usr/lib/jvm/temurin-8-jdk-amd64/jre"/>
    <property name="java.security.krb5.conf" value="/home/runner/work/ozone/ozone/hadoop-ozone/integration-test/target/test-classes/krb5.conf"/>
    <property name="basedir" value="/home/runner/work/ozone/ozone/hadoop-ozone/integration-test"/>
    <property name="file.separator" value="/"/>
    <property name="line.separator" value="&#10;"/>
    <property name="java.vm.specification.vendor" value="Oracle Corporation"/>
    <property name="java.specification.name" value="Java Platform API Specification"/>
    <property name="java.awt.graphicsenv" value="sun.awt.X11GraphicsEnvironment"/>
    <property name="skip.installnpx" value="true"/>
    <property name="surefire.real.class.path" value="/home/runner/work/ozone/ozone/hadoop-ozone/integration-test/target/surefire/surefirebooter7473071411115270935.jar:/home/runner/.m2/repository/org/jacoco/org.jacoco.agent/0.8.5/org.jacoco.agent-0.8.5-runtime.jar"/>
    <property name="hadoop.log.dir" value="/home/runner/work/ozone/ozone/hadoop-ozone/integration-test/target/log"/>
    <property name="sun.boot.class.path" value="/usr/lib/jvm/temurin-8-jdk-amd64/jre/lib/resources.jar:/usr/lib/jvm/temurin-8-jdk-amd64/jre/lib/rt.jar:/usr/lib/jvm/temurin-8-jdk-amd64/jre/lib/sunrsasign.jar:/usr/lib/jvm/temurin-8-jdk-amd64/jre/lib/jsse.jar:/usr/lib/jvm/temurin-8-jdk-amd64/jre/lib/jce.jar:/usr/lib/jvm/temurin-8-jdk-amd64/jre/lib/charsets.jar:/usr/lib/jvm/temurin-8-jdk-amd64/jre/lib/jfr.jar:/usr/lib/jvm/temurin-8-jdk-amd64/jre/classes"/>
    <property name="sun.management.compiler" value="HotSpot 64-Bit Tiered Compilers"/>
    <property name="skip.npx" value="true"/>
    <property name="java.runtime.version" value="1.8.0_372-b07"/>
    <property name="java.net.preferIPv4Stack" value="true"/>
    <property name="user.name" value="runner"/>
    <property name="path.separator" value=":"/>
    <property name="java.security.egd" value="file:///dev/urandom"/>
    <property name="os.version" value="5.15.0-1040-azure"/>
    <property name="java.endorsed.dirs" value="/usr/lib/jvm/temurin-8-jdk-amd64/jre/lib/endorsed"/>
    <property name="java.runtime.name" value="OpenJDK Runtime Environment"/>
    <property name="file.encoding" value="UTF-8"/>
    <property name="java.vm.name" value="OpenJDK 64-Bit Server VM"/>
    <property name="test.build.webapps" value=""/>
    <property name="localRepository" value="/home/runner/.m2/repository"/>
    <property name="jetty.git.hash" value="b45c405e4544384de066f814ed42ae3dceacdd49"/>
    <property name="java.vendor.url.bug" value="https://github.com/adoptium/adoptium-support/issues"/>
    <property name="java.io.tmpdir" value="/tmp"/>
    <property name="require.test.libhadoop" value=""/>
    <property name="java.version" value="1.8.0_372"/>
    <property name="user.dir" value="/home/runner/work/ozone/ozone/hadoop-ozone/integration-test"/>
    <property name="os.arch" value="amd64"/>
    <property name="java.vm.specification.name" value="Java Virtual Machine Specification"/>
    <property name="test.build.classes" value="/home/runner/work/ozone/ozone/hadoop-ozone/integration-test/target/test-classes"/>
    <property name="java.awt.printerjob" value="sun.print.PSPrinterJob"/>
    <property name="sun.os.patch.level" value="unknown"/>
    <property name="org.apache.ratis.thirdparty.io.netty.allocator.useCacheForAllThreads" value="false"/>
    <property name="hadoop.tmp.dir" value="/home/runner/work/ozone/ozone/hadoop-ozone/integration-test/target/tmp"/>
    <property name="java.library.path" value="/usr/java/packages/lib/amd64:/usr/lib64:/lib64:/lib:/usr/lib"/>
    <property name="java.vm.info" value="mixed mode"/>
    <property name="java.vendor" value="Temurin"/>
    <property name="java.vm.version" value="25.372-b07"/>
    <property name="java.specification.maintenance.version" value="4"/>
    <property name="java.ext.dirs" value="/usr/lib/jvm/temurin-8-jdk-amd64/jre/lib/ext:/usr/java/packages/lib/ext"/>
    <property name="sun.io.unicode.encoding" value="UnicodeLittle"/>
    <property name="java.class.version" value="52.0"/>
  </properties>
  <testcase name="testDeleteToTrashOrSkipTrash" classname="org.apache.hadoop.ozone.shell.TestOzoneShellHA" time="3.17">
    <system-out><![CDATA[2023-06-28 21:18:19,288 [main] WARN  server.ServerUtils (ServerUtils.java:getScmDbDir(155)) - ozone.scm.db.dirs is not configured. We recommend adding this setting. Falling back to ozone.metadata.dirs instead.
2023-06-28 21:18:19,526 [main] INFO  reflections.Reflections (Reflections.java:scan(232)) - Reflections took 178 ms to scan 7 urls, producing 160 keys and 377 values 
2023-06-28 21:18:19,693 [main] WARN  server.ServerUtils (ServerUtils.java:getScmDbDir(155)) - ozone.scm.db.dirs is not configured. We recommend adding this setting. Falling back to ozone.metadata.dirs instead.
2023-06-28 21:18:19,698 [main] INFO  ha.SCMHANodeDetails (SCMHANodeDetails.java:loadSCMHAConfig(210)) - ServiceID for StorageContainerManager is null
2023-06-28 21:18:19,706 [main] WARN  ha.SCMHANodeDetails (SCMHANodeDetails.java:validateSCMHAConfig(183)) - Invalid config ozone.scm.ratis.enable. The config was not specified, but the default value true conflicts with the expected config value false. Falling back to the expected value. Current State of SCM: SCM is running in Non-HA without Ratis Ratis SCM -> Non Ratis SCM or Non HA SCM -> HA SCM is not supported
2023-06-28 21:18:19,707 [main] INFO  ha.SCMHANodeDetails (SCMHANodeDetails.java:loadSCMHAConfig(215)) - ozone.scm.default.service.id is not defined, falling back to ozone.scm.service.ids to find serviceID for StorageContainerManager if it is HA enabled cluster
2023-06-28 21:18:20,575 [main] WARN  utils.HAUtils (HAUtils.java:getMetaDir(339)) - ozone.scm.db.dirs is not configured. We recommend adding this setting. Falling back to ozone.metadata.dirs instead.
2023-06-28 21:18:20,743 [main] WARN  db.DBStoreBuilder (DBStoreBuilder.java:applyDBDefinition(166)) - ozone.scm.db.dirs is not configured. We recommend adding this setting. Falling back to ozone.metadata.dirs instead.
2023-06-28 21:18:21,005 [main] INFO  net.NodeSchemaLoader (NodeSchemaLoader.java:loadSchemaFromFile(129)) - Loading schema from [jar:file:/home/runner/.m2/repository/org/apache/ozone/hdds-common/1.4.0-SNAPSHOT/hdds-common-1.4.0-SNAPSHOT.jar!/network-topology-default.xml]
2023-06-28 21:18:21,008 [main] INFO  net.NodeSchemaLoader (NodeSchemaLoader.java:loadSchema(176)) - Loading network topology layer schema file
2023-06-28 21:18:21,063 [main] INFO  metrics.MetricRegistries (MetricRegistriesLoader.java:load(64)) - Loaded MetricRegistries class org.apache.ratis.metrics.impl.MetricRegistriesImpl
2023-06-28 21:18:21,077 [main] INFO  upgrade.AbstractLayoutVersionManager (AbstractLayoutVersionManager.java:init(83)) - Initializing Layout version manager with metadata layout = HADOOP_PRC_PORTS_IN_DATANODEDETAILS (version = 7), software layout = HADOOP_PRC_PORTS_IN_DATANODEDETAILS (version = 7)
2023-06-28 21:18:21,284 [main] INFO  ha.SequenceIdGenerator (SequenceIdGenerator.java:upgradeToSequenceId(349)) - upgrade localId to 111677748019200000
2023-06-28 21:18:21,288 [main] INFO  ha.SequenceIdGenerator (SequenceIdGenerator.java:upgradeToSequenceId(359)) - upgrade delTxnId to 0
2023-06-28 21:18:21,295 [main] INFO  ha.SequenceIdGenerator (SequenceIdGenerator.java:upgradeToSequenceId(376)) - upgrade containerId to 0
2023-06-28 21:18:21,297 [main] INFO  ha.SequenceIdGenerator (SequenceIdGenerator.java:<init>(220)) - Init the HA SequenceIdGenerator.
2023-06-28 21:18:21,354 [main] WARN  server.ServerUtils (ServerUtils.java:sanitizeUserArgs(80)) - ozone.scm.stale.node.interval value = 300000 is larger than max = 100000 based on the key value of ozone.scm.heartbeat.thread.interval, reset to the max value 100000.
2023-06-28 21:18:21,355 [main] WARN  server.ServerUtils (ServerUtils.java:sanitizeUserArgs(80)) - ozone.scm.stale.node.interval value = 300000 is larger than max = 100000 based on the key value of ozone.scm.heartbeat.thread.interval, reset to the max value 100000.
2023-06-28 21:18:21,361 [main] INFO  node.SCMNodeManager (SCMNodeManager.java:<init>(157)) - Entering startup safe mode.
2023-06-28 21:18:21,389 [main] INFO  algorithms.ContainerPlacementPolicyFactory (ContainerPlacementPolicyFactory.java:getPolicyInternal(86)) - Create container placement policy of type org.apache.hadoop.hdds.scm.container.placement.algorithms.SCMContainerPlacementRackAware
2023-06-28 21:18:21,392 [main] INFO  algorithms.ContainerPlacementPolicyFactory (ContainerPlacementPolicyFactory.java:getPolicyInternal(86)) - Create container placement policy of type org.apache.hadoop.hdds.scm.container.placement.algorithms.SCMContainerPlacementRackScatter
2023-06-28 21:18:21,404 [main] INFO  pipeline.PipelineStateManagerImpl (PipelineStateManagerImpl.java:initialize(78)) - No pipeline exists in current db
2023-06-28 21:18:21,419 [main] INFO  algorithms.LeaderChoosePolicyFactory (LeaderChoosePolicyFactory.java:getPolicy(57)) - Create leader choose policy of type org.apache.hadoop.hdds.scm.pipeline.leader.choose.algorithms.MinLeaderCountChoosePolicy
2023-06-28 21:18:21,420 [main] INFO  algorithms.ContainerPlacementPolicyFactory (ContainerPlacementPolicyFactory.java:getPolicyInternal(86)) - Create container placement policy of type org.apache.hadoop.hdds.scm.container.placement.algorithms.SCMContainerPlacementRackScatter
2023-06-28 21:18:21,426 [main] INFO  ha.SCMServiceManager (SCMServiceManager.java:register(42)) - Registering service BackgroundPipelineCreator.
2023-06-28 21:18:21,427 [main] INFO  pipeline.BackgroundPipelineCreator (BackgroundPipelineCreator.java:start(124)) - Starting RatisPipelineUtilsThread.
2023-06-28 21:18:21,431 [main] INFO  BackgroundPipelineScrubber (BackgroundSCMService.java:start(68)) - Starting BackgroundPipelineScrubber Service.
2023-06-28 21:18:21,432 [main] INFO  ha.SCMServiceManager (SCMServiceManager.java:register(42)) - Registering service BackgroundPipelineScrubber.
2023-06-28 21:18:21,439 [main] INFO  ExpiredContainerReplicaOpScrubber (BackgroundSCMService.java:start(68)) - Starting ExpiredContainerReplicaOpScrubber Service.
2023-06-28 21:18:21,439 [main] INFO  ha.SCMServiceManager (SCMServiceManager.java:register(42)) - Registering service ExpiredContainerReplicaOpScrubber.
2023-06-28 21:18:21,474 [main] INFO  algorithms.PipelineChoosePolicyFactory (PipelineChoosePolicyFactory.java:createPipelineChoosePolicyFromClass(78)) - Create pipeline choose policy of type org.apache.hadoop.hdds.scm.pipeline.choose.algorithms.RandomPipelineChoosePolicy
2023-06-28 21:18:21,474 [main] INFO  algorithms.PipelineChoosePolicyFactory (PipelineChoosePolicyFactory.java:createPipelineChoosePolicyFromClass(78)) - Create pipeline choose policy of type org.apache.hadoop.hdds.scm.pipeline.choose.algorithms.RandomPipelineChoosePolicy
2023-06-28 21:18:21,504 [main] INFO  ha.SCMServiceManager (SCMServiceManager.java:register(42)) - Registering service SCMBlockDeletingService.
2023-06-28 21:18:21,575 [main] INFO  replication.ReplicationManager (ReplicationManager.java:start(286)) - Starting Replication Monitor Thread.
2023-06-28 21:18:21,591 [main] INFO  ha.SCMServiceManager (SCMServiceManager.java:register(42)) - Registering service ReplicationManager.
2023-06-28 21:18:21,596 [ReplicationMonitor] INFO  replication.ReplicationManager (ReplicationManager.java:processAll(361)) - Replication Manager is not ready to run until 3000ms after safemode exit
2023-06-28 21:18:21,607 [main] INFO  safemode.ContainerSafeModeRule (ContainerSafeModeRule.java:<init>(89)) - containers with one replica threshold count 0
2023-06-28 21:18:21,611 [main] INFO  safemode.HealthyPipelineSafeModeRule (HealthyPipelineSafeModeRule.java:initializeRule(169)) - Total pipeline count is 0, healthy pipeline threshold count is 1
2023-06-28 21:18:21,614 [main] INFO  safemode.OneReplicaPipelineSafeModeRule (OneReplicaPipelineSafeModeRule.java:initializeRule(180)) - Total pipeline count is 0, pipeline's with at least one datanode reported threshold count is 0
2023-06-28 21:18:21,669 [main] INFO  server.StorageContainerManager (StorageContainerManager.java:<init>(424)) - SCM start with adminUsers: [runner]
2023-06-28 21:18:22,106 [main] INFO  audit.AuditLogger (AuditLogger.java:refreshDebugCmdSet(126)) - Refresh DebugCmdSet for SCMAudit to [].
2023-06-28 21:18:22,142 [main] INFO  ipc.CallQueueManager (CallQueueManager.java:<init>(90)) - Using callQueue: class java.util.concurrent.LinkedBlockingQueue, queueCapacity: 2000, scheduler: class org.apache.hadoop.ipc.DefaultRpcScheduler, ipcBackoff: false.
2023-06-28 21:18:22,182 [main] INFO  ipc.Server (Server.java:<init>(1287)) - Listener at 0.0.0.0:15002
2023-06-28 21:18:22,185 [Socket Reader #1 for port 15002] INFO  ipc.Server (Server.java:run(1323)) - Starting Socket Reader #1 for port 15002
2023-06-28 21:18:22,250 [main] INFO  audit.AuditLogger (AuditLogger.java:refreshDebugCmdSet(126)) - Refresh DebugCmdSet for SCMAudit to [].
2023-06-28 21:18:22,256 [main] INFO  ipc.CallQueueManager (CallQueueManager.java:<init>(90)) - Using callQueue: class java.util.concurrent.LinkedBlockingQueue, queueCapacity: 2000, scheduler: class org.apache.hadoop.ipc.DefaultRpcScheduler, ipcBackoff: false.
2023-06-28 21:18:22,257 [main] INFO  ipc.Server (Server.java:<init>(1287)) - Listener at 0.0.0.0:15001
2023-06-28 21:18:22,257 [Socket Reader #1 for port 15001] INFO  ipc.Server (Server.java:run(1323)) - Starting Socket Reader #1 for port 15001
2023-06-28 21:18:22,298 [main] INFO  audit.AuditLogger (AuditLogger.java:refreshDebugCmdSet(126)) - Refresh DebugCmdSet for SCMAudit to [].
2023-06-28 21:18:22,318 [main] INFO  ipc.CallQueueManager (CallQueueManager.java:<init>(90)) - Using callQueue: class java.util.concurrent.LinkedBlockingQueue, queueCapacity: 2000, scheduler: class org.apache.hadoop.ipc.DefaultRpcScheduler, ipcBackoff: false.
2023-06-28 21:18:22,318 [main] INFO  ipc.Server (Server.java:<init>(1287)) - Listener at 0.0.0.0:15000
2023-06-28 21:18:22,322 [Socket Reader #1 for port 15000] INFO  ipc.Server (Server.java:run(1323)) - Starting Socket Reader #1 for port 15000
2023-06-28 21:18:22,385 [main] INFO  ha.SCMServiceManager (SCMServiceManager.java:register(42)) - Registering service ContainerBalancer.
2023-06-28 21:18:22,387 [main] INFO  server.StorageContainerManager (StorageContainerManager.java:<init>(437)) - 
Container Balancer status:
Key                            Value
Running                        false
Container Balancer Configuration values:
Key                                                Value
Threshold                                          10
Max Datanodes to Involve per Iteration(percent)    20
Max Size to Move per Iteration                     500GB
Max Size Entering Target per Iteration             26GB
Max Size Leaving Source per Iteration              26GB

2023-06-28 21:18:22,388 [main] INFO  ha.SCMContext (SCMContext.java:updateSafeModeStatus(228)) - Update SafeModeStatus from SafeModeStatus{safeModeStatus=true, preCheckPassed=false} to SafeModeStatus{safeModeStatus=true, preCheckPassed=false}.
2023-06-28 21:18:22,392 [main] INFO  server.StorageContainerManager (StorageContainerManager.java:start(1495)) - StorageContainerLocationProtocol RPC server is listening at /0.0.0.0:15000
2023-06-28 21:18:22,470 [main] WARN  impl.MetricsConfig (MetricsConfig.java:loadFirst(136)) - Cannot locate configuration: tried hadoop-metrics2-storagecontainermanager.properties,hadoop-metrics2.properties
2023-06-28 21:18:22,486 [main] INFO  impl.MetricsSystemImpl (MetricsSystemImpl.java:startTimer(378)) - Scheduled Metric snapshot period at 10 second(s).
2023-06-28 21:18:22,486 [main] INFO  impl.MetricsSystemImpl (MetricsSystemImpl.java:start(191)) - StorageContainerManager metrics system started
2023-06-28 21:18:22,775 [main] INFO  server.SCMClientProtocolServer (SCMClientProtocolServer.java:start(201)) - RPC server for Client  is listening at /0.0.0.0:15000
2023-06-28 21:18:22,775 [IPC Server Responder] INFO  ipc.Server (Server.java:run(1562)) - IPC Server Responder: starting
2023-06-28 21:18:22,777 [IPC Server listener on 15000] INFO  ipc.Server (Server.java:run(1402)) - IPC Server listener on 15000: starting
2023-06-28 21:18:22,788 [main] INFO  server.StorageContainerManager (StorageContainerManager.java:start(1508)) - ScmBlockLocationProtocol RPC server is listening at /0.0.0.0:15001
2023-06-28 21:18:22,790 [main] INFO  server.SCMBlockProtocolServer (SCMBlockProtocolServer.java:start(152)) - RPC server for Block Protocol is listening at /0.0.0.0:15001
2023-06-28 21:18:22,791 [IPC Server Responder] INFO  ipc.Server (Server.java:run(1562)) - IPC Server Responder: starting
2023-06-28 21:18:22,791 [IPC Server listener on 15001] INFO  ipc.Server (Server.java:run(1402)) - IPC Server listener on 15001: starting
2023-06-28 21:18:22,804 [main] INFO  server.SCMDatanodeProtocolServer (SCMDatanodeProtocolServer.java:start(193)) - ScmDatanodeProtocol RPC server for DataNodes is listening at /0.0.0.0:15002
2023-06-28 21:18:22,806 [IPC Server Responder] INFO  ipc.Server (Server.java:run(1562)) - IPC Server Responder: starting
2023-06-28 21:18:22,807 [IPC Server listener on 15002] INFO  ipc.Server (Server.java:run(1402)) - IPC Server listener on 15002: starting
2023-06-28 21:18:22,839 [JvmPauseMonitor0] INFO  util.JvmPauseMonitor (JvmPauseMonitor.java:run(103)) - JvmPauseMonitor-86b108b1-e814-4214-9a95-1bb63bd17ec5: Started
2023-06-28 21:18:22,848 [main] INFO  http.BaseHttpServer (BaseHttpServer.java:newHttpServer2BuilderForOzone(224)) - Starting Web-server for scm at: http://0.0.0.0:15003
2023-06-28 21:18:22,848 [main] INFO  http.BaseHttpServer (BaseHttpServer.java:<init>(111)) - Hadoop Security Enabled: false Ozone Security Enabled: false Ozone HTTP Security Enabled: false 
2023-06-28 21:18:22,883 [main] INFO  util.log (Log.java:initialized(170)) - Logging initialized @5201ms to org.eclipse.jetty.util.log.Slf4jLog
2023-06-28 21:18:23,020 [main] WARN  server.AuthenticationFilter (AuthenticationFilter.java:constructSecretProvider(240)) - Unable to initialize FileSignerSecretProvider, falling back to use random secrets. Reason: Could not read signature secret file: /home/runner/hadoop-http-auth-signature-secret
2023-06-28 21:18:23,031 [main] INFO  http.HttpRequestLog (HttpRequestLog.java:getRequestLog(86)) - Http request log for http.requests.scm is not defined
2023-06-28 21:18:23,037 [main] INFO  http.HttpServer2 (HttpServer2.java:addGlobalFilter(1031)) - Added global filter 'safety' (class=org.apache.hadoop.hdds.server.http.HttpServer2$QuotingInputFilter)
2023-06-28 21:18:23,040 [main] INFO  http.HttpServer2 (HttpServer2.java:addFilter(1007)) - Added filter static_user_filter (class=org.apache.hadoop.http.lib.StaticUserWebFilter$StaticUserFilter) to context scm
2023-06-28 21:18:23,040 [main] INFO  http.HttpServer2 (HttpServer2.java:addFilter(1015)) - Added filter static_user_filter (class=org.apache.hadoop.http.lib.StaticUserWebFilter$StaticUserFilter) to context static
2023-06-28 21:18:23,040 [main] INFO  http.HttpServer2 (HttpServer2.java:addFilter(1015)) - Added filter static_user_filter (class=org.apache.hadoop.http.lib.StaticUserWebFilter$StaticUserFilter) to context logs
2023-06-28 21:18:23,079 [main] INFO  http.BaseHttpServer (BaseHttpServer.java:<init>(190)) - HTTP server of scm uses base directory /home/runner/work/ozone/ozone/hadoop-ozone/integration-test/target/test-dir/MiniOzoneClusterImpl-392d5ccd-e702-410a-a53a-05dc11be4355/ozone-meta/webserver
2023-06-28 21:18:23,080 [main] INFO  http.HttpServer2 (HttpServer2.java:bindListener(1250)) - Jetty bound to port 15003
2023-06-28 21:18:23,081 [main] INFO  server.Server (Server.java:doStart(375)) - jetty-9.4.51.v20230217; built: 2023-02-17T08:19:37.309Z; git: b45c405e4544384de066f814ed42ae3dceacdd49; jvm 1.8.0_372-b07
2023-06-28 21:18:23,113 [main] INFO  server.session (DefaultSessionIdManager.java:doStart(334)) - DefaultSessionIdManager workerName=node0
2023-06-28 21:18:23,113 [main] INFO  server.session (DefaultSessionIdManager.java:doStart(339)) - No SessionScavenger set, using defaults
2023-06-28 21:18:23,115 [main] INFO  server.session (HouseKeeper.java:startScavenging(132)) - node0 Scavenging every 660000ms
2023-06-28 21:18:23,129 [main] INFO  handler.ContextHandler (ContextHandler.java:doStart(921)) - Started o.e.j.s.ServletContextHandler@58e9e852{logs,/logs,file:///home/runner/work/ozone/ozone/hadoop-ozone/integration-test/target/log,AVAILABLE}
2023-06-28 21:18:23,130 [main] INFO  handler.ContextHandler (ContextHandler.java:doStart(921)) - Started o.e.j.s.ServletContextHandler@49f32bcb{static,/static,file:///home/runner/work/ozone/ozone/hadoop-ozone/integration-test/target/test-classes/webapps/static,AVAILABLE}
2023-06-28 21:18:23,172 [main] INFO  handler.ContextHandler (ContextHandler.java:doStart(921)) - Started o.e.j.w.WebAppContext@7c046af{scm,/,file:///home/runner/work/ozone/ozone/hadoop-ozone/integration-test/target/test-classes/webapps/scm/,AVAILABLE}{file:/home/runner/work/ozone/ozone/hadoop-ozone/integration-test/target/test-classes/webapps/scm}
2023-06-28 21:18:23,182 [main] INFO  server.AbstractConnector (AbstractConnector.java:doStart(333)) - Started ServerConnector@30e734a1{HTTP/1.1, (http/1.1)}{0.0.0.0:15003}
2023-06-28 21:18:23,182 [main] INFO  server.Server (Server.java:doStart(415)) - Started @5499ms
2023-06-28 21:18:23,185 [main] INFO  impl.MetricsSinkAdapter (MetricsSinkAdapter.java:start(204)) - Sink prometheus started
2023-06-28 21:18:23,185 [main] INFO  impl.MetricsSystemImpl (MetricsSystemImpl.java:registerSink(305)) - Registered sink prometheus
2023-06-28 21:18:23,186 [main] INFO  http.BaseHttpServer (BaseHttpServer.java:updateConnectorAddress(344)) - HTTP server of scm listening at http://0.0.0.0:15003
2023-06-28 21:18:23,259 [main] INFO  audit.AuditLogger (AuditLogger.java:refreshDebugCmdSet(126)) - Refresh DebugCmdSet for OMAudit to [].
2023-06-28 21:18:23,346 [main] INFO  ha.OMHANodeDetails (OMHANodeDetails.java:loadOMHAConfig(121)) - ServiceID for OzoneManager is om-service-test1
2023-06-28 21:18:23,353 [main] INFO  ha.OMHANodeDetails (OMHANodeDetails.java:loadOMHAConfig(201)) - Found matching OM address with OMServiceId: om-service-test1, OMNodeId: omNode-1, RPC Address: localhost:15004 and Ratis port: 15007
2023-06-28 21:18:23,354 [main] INFO  ha.OMHANodeDetails (ConfUtils.java:setNodeSpecificConfigs(97)) - Setting configuration key ozone.om.http-address with value of key ozone.om.http-address.om-service-test1.omNode-1: 127.0.0.1:15005
2023-06-28 21:18:23,354 [main] INFO  ha.OMHANodeDetails (ConfUtils.java:setNodeSpecificConfigs(97)) - Setting configuration key ozone.om.https-address with value of key ozone.om.https-address.om-service-test1.omNode-1: 127.0.0.1:15006
2023-06-28 21:18:23,354 [main] INFO  ha.OMHANodeDetails (ConfUtils.java:setNodeSpecificConfigs(97)) - Setting configuration key ozone.om.address with value of key ozone.om.address.om-service-test1.omNode-1: 127.0.0.1:15004
2023-06-28 21:18:23,354 [main] WARN  server.ServerUtils (ServerUtils.java:getDBPath(311)) - ozone.om.db.dirs is not configured. We recommend adding this setting. Falling back to ozone.metadata.dirs instead.
2023-06-28 21:18:23,365 [main] INFO  proxy.SCMBlockLocationFailoverProxyProvider (SCMBlockLocationFailoverProxyProvider.java:<init>(114)) - Created block location fail-over proxy with 1 nodes: [nodeId=scmNodeId,nodeAddress=/0.0.0.0:15001]
OM initialization succeeded.Current cluster id for sd=/home/runner/work/ozone/ozone/hadoop-ozone/integration-test/target/test-dir/MiniOzoneClusterImpl-392d5ccd-e702-410a-a53a-05dc11be4355/omNode-1/om;cid=392d5ccd-e702-410a-a53a-05dc11be4355;layoutVersion=6
2023-06-28 21:18:23,679 [main] INFO  ha.OMHANodeDetails (OMHANodeDetails.java:loadOMHAConfig(121)) - ServiceID for OzoneManager is om-service-test1
2023-06-28 21:18:23,680 [main] INFO  ha.OMHANodeDetails (OMHANodeDetails.java:loadOMHAConfig(201)) - Found matching OM address with OMServiceId: om-service-test1, OMNodeId: omNode-1, RPC Address: localhost:15004 and Ratis port: 15007
2023-06-28 21:18:23,680 [main] INFO  ha.OMHANodeDetails (ConfUtils.java:setNodeSpecificConfigs(97)) - Setting configuration key ozone.om.http-address with value of key ozone.om.http-address.om-service-test1.omNode-1: 127.0.0.1:15005
2023-06-28 21:18:23,680 [main] INFO  ha.OMHANodeDetails (ConfUtils.java:setNodeSpecificConfigs(97)) - Setting configuration key ozone.om.https-address with value of key ozone.om.https-address.om-service-test1.omNode-1: 127.0.0.1:15006
2023-06-28 21:18:23,680 [main] INFO  ha.OMHANodeDetails (ConfUtils.java:setNodeSpecificConfigs(97)) - Setting configuration key ozone.om.address with value of key ozone.om.address.om-service-test1.omNode-1: 127.0.0.1:15004
2023-06-28 21:18:23,681 [main] WARN  server.ServerUtils (ServerUtils.java:getDBPath(311)) - ozone.om.db.dirs is not configured. We recommend adding this setting. Falling back to ozone.metadata.dirs instead.
2023-06-28 21:18:23,689 [main] INFO  upgrade.AbstractLayoutVersionManager (AbstractLayoutVersionManager.java:init(83)) - Initializing Layout version manager with metadata layout = QUOTA (version = 6), software layout = QUOTA (version = 6)
2023-06-28 21:18:23,809 [main] INFO  reflections.Reflections (Reflections.java:scan(232)) - Reflections took 115 ms to scan 2 urls, producing 184 keys and 505 values [using 2 cores]
2023-06-28 21:18:23,817 [main] INFO  upgrade.OMLayoutVersionManager (OMLayoutVersionManager.java:lambda$0(115)) - Skipping Upgrade Action MockOmUpgradeAction since it has been finalized.
2023-06-28 21:18:23,818 [main] INFO  upgrade.OMLayoutVersionManager (OMLayoutVersionManager.java:lambda$0(115)) - Skipping Upgrade Action QuotaRepairUpgradeAction since it has been finalized.
2023-06-28 21:18:23,823 [main] WARN  server.ServerUtils (ServerUtils.java:getDBPath(311)) - ozone.om.db.dirs is not configured. We recommend adding this setting. Falling back to ozone.metadata.dirs instead.
2023-06-28 21:18:23,969 [main] INFO  proxy.SCMBlockLocationFailoverProxyProvider (SCMBlockLocationFailoverProxyProvider.java:<init>(114)) - Created block location fail-over proxy with 1 nodes: [nodeId=scmNodeId,nodeAddress=/0.0.0.0:15001]
2023-06-28 21:18:23,981 [main] INFO  proxy.SCMBlockLocationFailoverProxyProvider (SCMBlockLocationFailoverProxyProvider.java:<init>(114)) - Created block location fail-over proxy with 1 nodes: [nodeId=scmNodeId,nodeAddress=/0.0.0.0:15001]
2023-06-28 21:18:24,006 [main] INFO  om.OzoneManager (OzoneManager.java:<init>(651)) - OM start with adminUsers: [runner]
2023-06-28 21:18:24,035 [main] WARN  server.ServerUtils (ServerUtils.java:getDBPath(311)) - ozone.om.db.dirs is not configured. We recommend adding this setting. Falling back to ozone.metadata.dirs instead.
2023-06-28 21:18:24,065 [main] INFO  helpers.OmKeyInfo (OmKeyInfo.java:getCodec(71)) - OmKeyInfo.getCodec ignorePipeline = true
2023-06-28 21:18:24,384 [main] INFO  om.OzoneManager (OzoneManager.java:instantiateServices(780)) - S3 Multi-Tenancy is disabled
2023-06-28 21:18:24,449 [main] INFO  om.OmSnapshotManager (OmSnapshotManager.java:<init>(176)) - Ozone filesystem snapshot feature is enabled.
2023-06-28 21:18:24,467 [main] WARN  server.ServerUtils (ServerUtils.java:getDBPath(311)) - ozone.om.snapshot.diff.db.dir is not configured. We recommend adding this setting. Falling back to ozone.metadata.dirs instead.
2023-06-28 21:18:24,517 [main] INFO  utils.NativeLibraryLoader (NativeLibraryLoader.java:loadLibrary(105)) - Loading Library: ozone_rocksdb_tools
2023-06-28 21:18:24,519 [main] INFO  snapshot.SnapshotDiffManager (SnapshotDiffManager.java:closeExecutorService(1687)) - Shutting down executorService: 'SstDumpToolExecutor'
2023-06-28 21:18:24,605 [main] INFO  om.OzoneManager (OzoneManager.java:addS3GVolumeToDB(4259)) - Created Volume s3v With Owner runner required for S3Gateway operations.
2023-06-28 21:18:24,676 [main] WARN  server.ServerUtils (ServerUtils.java:getDefaultRatisDirectory(323)) - Storage directory for Ratis is not configured. It is a good idea to map this to an SSD disk. Falling back to ozone.metadata.dirs
2023-06-28 21:18:24,677 [main] WARN  utils.OzoneManagerRatisUtils (OzoneManagerRatisUtils.java:getOMRatisSnapshotDirectory(461)) - ozone.om.ratis.snapshot.dir is not configured. Falling back to ozone.metadata.dirs config
2023-06-28 21:18:24,685 [main] INFO  utils.RDBSnapshotProvider (RDBSnapshotProvider.java:init(86)) - Cleaning up the candidate dir: /home/runner/work/ozone/ozone/hadoop-ozone/integration-test/target/test-dir/MiniOzoneClusterImpl-392d5ccd-e702-410a-a53a-05dc11be4355/omNode-1/snapshot/om.db.candidate
2023-06-28 21:18:24,685 [main] INFO  ratis_snapshot.OmRatisSnapshotProvider (OmRatisSnapshotProvider.java:<init>(99)) - Initializing OM Snapshot Provider
2023-06-28 21:18:24,806 [main] WARN  server.ServerUtils (ServerUtils.java:getDefaultRatisDirectory(323)) - Storage directory for Ratis is not configured. It is a good idea to map this to an SSD disk. Falling back to ozone.metadata.dirs
2023-06-28 21:18:24,837 [main] INFO  ratis.OzoneManagerRatisServer (OzoneManagerRatisServer.java:<init>(163)) - Instantiating OM Ratis server with groupID: om-service-test1 and peers: localhost:15007, localhost:15015, localhost:15011
2023-06-28 21:18:24,848 [main] INFO  ratis.OzoneManagerStateMachine (OzoneManagerStateMachine.java:loadSnapshotInfoFromDB(670)) - LastAppliedIndex is set from TransactionInfo from OM DB as (t:0, i:~)
2023-06-28 21:18:24,918 [main] INFO  server.RaftServer (ConfUtils.java:logGet(46)) - raft.rpc.type = GRPC (default)
2023-06-28 21:18:24,928 [main] INFO  grpc.GrpcConfigKeys (ConfUtils.java:logFallback(53)) - raft.grpc.admin.host = null (fallback to raft.grpc.server.host)
2023-06-28 21:18:24,930 [main] INFO  grpc.GrpcConfigKeys (ConfUtils.java:logFallback(53)) - raft.grpc.admin.port = 15007 (fallback to raft.grpc.server.port)
2023-06-28 21:18:24,930 [main] INFO  grpc.GrpcConfigKeys (ConfUtils.java:logFallback(53)) - raft.grpc.client.host = null (fallback to raft.grpc.server.host)
2023-06-28 21:18:24,931 [main] INFO  grpc.GrpcConfigKeys (ConfUtils.java:logFallback(53)) - raft.grpc.client.port = 15007 (fallback to raft.grpc.server.port)
2023-06-28 21:18:24,931 [main] INFO  grpc.GrpcConfigKeys (ConfUtils.java:logGet(46)) - raft.grpc.server.host = null (default)
2023-06-28 21:18:24,931 [main] INFO  grpc.GrpcConfigKeys (ConfUtils.java:logGet(46)) - raft.grpc.server.port = 15007 (custom)
2023-06-28 21:18:24,932 [main] INFO  server.GrpcService (ConfUtils.java:logGet(46)) - raft.grpc.message.size.max = 33554432 (custom)
2023-06-28 21:18:24,933 [main] INFO  server.RaftServerConfigKeys (ConfUtils.java:logGet(46)) - raft.server.log.appender.buffer.byte-limit = 33554432 (custom)
2023-06-28 21:18:24,934 [main] INFO  server.GrpcService (ConfUtils.java:logGet(46)) - raft.grpc.flow.control.window = 1MB (=1048576) (default)
2023-06-28 21:18:24,935 [main] INFO  server.RaftServerConfigKeys (ConfUtils.java:logGet(46)) - raft.server.rpc.request.timeout = 3000ms (default)
2023-06-28 21:18:24,949 [main] INFO  grpc.GrpcConfigKeys (ConfUtils.java:logGet(46)) - raft.grpc.server.heartbeat.channel = true (default)
2023-06-28 21:18:24,952 [main] INFO  grpc.GrpcConfigKeys (ConfUtils.java:logGet(46)) - raft.grpc.server.async.request.thread.pool.cached = true (default)
2023-06-28 21:18:24,953 [main] INFO  grpc.GrpcConfigKeys (ConfUtils.java:logGet(46)) - raft.grpc.server.async.request.thread.pool.size = 32 (default)
2023-06-28 21:18:25,343 [main] INFO  impl.DataStreamServerImpl (ConfUtils.java:logGet(46)) - raft.datastream.type = DISABLED (default)
2023-06-28 21:18:25,346 [main] INFO  server.RaftServerConfigKeys (ConfUtils.java:logGet(46)) - raft.server.threadpool.proxy.cached = true (default)
2023-06-28 21:18:25,347 [main] INFO  server.RaftServerConfigKeys (ConfUtils.java:logGet(46)) - raft.server.threadpool.proxy.size = 0 (default)
2023-06-28 21:18:25,347 [main] INFO  server.RaftServerConfigKeys (ConfUtils.java:logGet(46)) - raft.server.rpc.slowness.timeout = 2s (custom)
2023-06-28 21:18:25,347 [main] INFO  server.RaftServerConfigKeys (ConfUtils.java:logGet(46)) - raft.server.leaderelection.leader.step-down.wait-time = 10s (default)
2023-06-28 21:18:25,353 [main] INFO  server.RaftServerConfigKeys (ConfUtils.java:logGet(46)) - raft.server.storage.dir = [/home/runner/work/ozone/ozone/hadoop-ozone/integration-test/target/test-dir/MiniOzoneClusterImpl-392d5ccd-e702-410a-a53a-05dc11be4355/omNode-1/ratis] (custom)
2023-06-28 21:18:25,366 [main] INFO  server.RaftServer (RaftServerProxy.java:addNew(98)) - omNode-1: addNew group-523986131536:[omNode-3|rpc:localhost:15015|priority:0|startupRole:FOLLOWER, omNode-1|rpc:localhost:15007|priority:0|startupRole:FOLLOWER, omNode-2|rpc:localhost:15011|priority:0|startupRole:FOLLOWER] returns group-523986131536:java.util.concurrent.CompletableFuture@6593a932[Not completed]
2023-06-28 21:18:25,366 [main] INFO  om.OzoneManager (OzoneManager.java:initializeRatisServer(2129)) - OzoneManager Ratis server initialized at port 15007
2023-06-28 21:18:25,369 [main] INFO  om.OzoneManager (OzoneManager.java:getRpcServer(1177)) - Creating RPC Server
2023-06-28 21:18:25,400 [omNode-1-groupManagement] INFO  server.RaftServer$Division (RaftServerImpl.java:<init>(198)) - omNode-1: new RaftServerImpl for group-523986131536:[omNode-3|rpc:localhost:15015|priority:0|startupRole:FOLLOWER, omNode-1|rpc:localhost:15007|priority:0|startupRole:FOLLOWER, omNode-2|rpc:localhost:15011|priority:0|startupRole:FOLLOWER] with OzoneManagerStateMachine:uninitialized
2023-06-28 21:18:25,403 [omNode-1-groupManagement] INFO  server.RaftServerConfigKeys (ConfUtils.java:logGet(46)) - raft.server.rpc.timeout.min = 1s (custom)
2023-06-28 21:18:25,409 [omNode-1-groupManagement] INFO  server.RaftServerConfigKeys (ConfUtils.java:logGet(46)) - raft.server.rpc.timeout.max = 1200ms (custom)
2023-06-28 21:18:25,410 [omNode-1-groupManagement] INFO  server.RaftServerConfigKeys (ConfUtils.java:logGet(46)) - raft.server.rpc.sleep.time = 25ms (default)
2023-06-28 21:18:25,410 [omNode-1-groupManagement] INFO  server.RaftServerConfigKeys (ConfUtils.java:logGet(46)) - raft.server.rpc.slowness.timeout = 2s (custom)
2023-06-28 21:18:25,410 [omNode-1-groupManagement] INFO  server.RaftServerConfigKeys (ConfUtils.java:logGet(46)) - raft.server.leaderelection.leader.step-down.wait-time = 10s (default)
2023-06-28 21:18:25,410 [omNode-1-groupManagement] INFO  server.RaftServerConfigKeys (ConfUtils.java:logGet(46)) - raft.server.sleep.deviation.threshold = 300ms (default)
2023-06-28 21:18:25,438 [omNode-1-groupManagement] INFO  server.RaftServer$Division (ServerState.java:<init>(120)) - omNode-1@group-523986131536: ConfigurationManager, init=-1: peers:[omNode-3|rpc:localhost:15015|priority:0|startupRole:FOLLOWER, omNode-1|rpc:localhost:15007|priority:0|startupRole:FOLLOWER, omNode-2|rpc:localhost:15011|priority:0|startupRole:FOLLOWER]|listeners:[], old=null, confs=<EMPTY_MAP>
2023-06-28 21:18:25,438 [omNode-1-groupManagement] INFO  server.RaftServerConfigKeys (ConfUtils.java:logGet(46)) - raft.server.storage.dir = [/home/runner/work/ozone/ozone/hadoop-ozone/integration-test/target/test-dir/MiniOzoneClusterImpl-392d5ccd-e702-410a-a53a-05dc11be4355/omNode-1/ratis] (custom)
2023-06-28 21:18:25,444 [omNode-1-groupManagement] INFO  server.RaftServerConfigKeys (ConfUtils.java:logGet(46)) - raft.server.log.corruption.policy = EXCEPTION (default)
2023-06-28 21:18:25,444 [omNode-1-groupManagement] INFO  server.RaftServerConfigKeys (ConfUtils.java:logGet(46)) - raft.server.storage.free-space.min = 0MB (=0) (default)
2023-06-28 21:18:25,469 [omNode-1-groupManagement] INFO  server.RaftServerConfigKeys (ConfUtils.java:logGet(46)) - raft.server.notification.no-leader.timeout = 2s (custom)
2023-06-28 21:18:25,478 [omNode-1-groupManagement] INFO  server.RaftServerConfigKeys (ConfUtils.java:logGet(46)) - raft.server.read.timeout = 10s (default)
2023-06-28 21:18:25,482 [omNode-1-groupManagement] INFO  server.RaftServerConfigKeys (ConfUtils.java:logGet(46)) - raft.server.retrycache.expirytime = 300s (custom)
2023-06-28 21:18:25,482 [omNode-1-groupManagement] INFO  server.RaftServerConfigKeys (ConfUtils.java:logGet(46)) - raft.server.retrycache.statistics.expirytime = 100μs (default)
2023-06-28 21:18:25,540 [omNode-1-groupManagement] INFO  server.RaftServerConfigKeys (ConfUtils.java:logGet(46)) - raft.server.read.option = DEFAULT (default)
2023-06-28 21:18:25,590 [omNode-1-groupManagement] INFO  server.RaftServerConfigKeys (ConfUtils.java:logGet(46)) - raft.server.rpc.request.timeout = 3000ms (default)
2023-06-28 21:18:25,602 [omNode-1-groupManagement] INFO  server.RaftServerConfigKeys (ConfUtils.java:logGet(46)) - raft.server.log.appender.install.snapshot.enabled = false (custom)
2023-06-28 21:18:25,602 [omNode-1-groupManagement] INFO  server.RaftServerConfigKeys (ConfUtils.java:logGet(46)) - raft.server.threadpool.server.cached = true (default)
2023-06-28 21:18:25,602 [omNode-1-groupManagement] INFO  server.RaftServerConfigKeys (ConfUtils.java:logGet(46)) - raft.server.threadpool.server.size = 0 (default)
2023-06-28 21:18:25,603 [omNode-1-groupManagement] INFO  server.RaftServerConfigKeys (ConfUtils.java:logGet(46)) - raft.server.threadpool.client.cached = true (default)
2023-06-28 21:18:25,603 [omNode-1-groupManagement] INFO  server.RaftServerConfigKeys (ConfUtils.java:logGet(46)) - raft.server.threadpool.client.size = 0 (default)
2023-06-28 21:18:26,367 [main] INFO  reflections.Reflections (Reflections.java:scan(232)) - Reflections took 913 ms to scan 19 urls, producing 69 keys and 5483 values [using 2 cores]
2023-06-28 21:18:26,547 [main] INFO  ipc.CallQueueManager (CallQueueManager.java:<init>(90)) - Using callQueue: class java.util.concurrent.LinkedBlockingQueue, queueCapacity: 2000, scheduler: class org.apache.hadoop.ipc.DefaultRpcScheduler, ipcBackoff: false.
2023-06-28 21:18:26,548 [main] INFO  ipc.Server (Server.java:<init>(1287)) - Listener at 127.0.0.1:15004
2023-06-28 21:18:26,548 [Socket Reader #1 for port 15004] INFO  ipc.Server (Server.java:run(1323)) - Starting Socket Reader #1 for port 15004
2023-06-28 21:18:26,595 [main] INFO  impl.MetricsSystemImpl (MetricsSystemImpl.java:init(158)) - OzoneManager metrics system started (again)
2023-06-28 21:18:26,610 [main] INFO  om.OzoneManager (OzoneManager.java:start(1607)) - OzoneManager RPC server is listening at localhost/127.0.0.1:15004
2023-06-28 21:18:26,611 [main] INFO  ratis.OzoneManagerRatisServer (OzoneManagerRatisServer.java:start(558)) - Starting OzoneManagerRatisServer omNode-1 at port 15007
2023-06-28 21:18:26,614 [omNode-1-impl-thread1] INFO  storage.RaftStorageDirectory (RaftStorageDirectoryImpl.java:analyzeStorage(137)) - The storage directory /home/runner/work/ozone/ozone/hadoop-ozone/integration-test/target/test-dir/MiniOzoneClusterImpl-392d5ccd-e702-410a-a53a-05dc11be4355/omNode-1/ratis/c9bc4cf4-3bc3-3c60-a66b-523986131536 does not exist. Creating ...
2023-06-28 21:18:26,618 [omNode-1-impl-thread1] INFO  storage.RaftStorageDirectory (RaftStorageDirectoryImpl.java:tryLock(231)) - Lock on /home/runner/work/ozone/ozone/hadoop-ozone/integration-test/target/test-dir/MiniOzoneClusterImpl-392d5ccd-e702-410a-a53a-05dc11be4355/omNode-1/ratis/c9bc4cf4-3bc3-3c60-a66b-523986131536/in_use.lock acquired by nodename 42875@fv-az613-21
2023-06-28 21:18:26,624 [omNode-1-impl-thread1] INFO  storage.RaftStorage (RaftStorageImpl.java:format(96)) - Storage directory /home/runner/work/ozone/ozone/hadoop-ozone/integration-test/target/test-dir/MiniOzoneClusterImpl-392d5ccd-e702-410a-a53a-05dc11be4355/omNode-1/ratis/c9bc4cf4-3bc3-3c60-a66b-523986131536 has been successfully formatted.
2023-06-28 21:18:26,629 [omNode-1-impl-thread1] INFO  server.RaftServerConfigKeys (ConfUtils.java:logGet(46)) - raft.server.log.use.memory = false (default)
2023-06-28 21:18:26,639 [omNode-1-impl-thread1] INFO  server.RaftServerConfigKeys (ConfUtils.java:logGet(46)) - raft.server.log.purge.gap = 1000000 (custom)
2023-06-28 21:18:26,640 [omNode-1-impl-thread1] INFO  server.RaftServerConfigKeys (ConfUtils.java:logGet(46)) - raft.server.log.appender.buffer.byte-limit = 33554432 (custom)
2023-06-28 21:18:26,641 [omNode-1-impl-thread1] INFO  server.RaftServerConfigKeys (ConfUtils.java:logGet(46)) - raft.server.log.statemachine.data.read.timeout = 1000ms (default)
2023-06-28 21:18:26,644 [omNode-1-impl-thread1] INFO  server.RaftServerConfigKeys (ConfUtils.java:logGet(46)) - raft.server.log.purge.preservation.log.num = 0 (default)
2023-06-28 21:18:26,646 [omNode-1-impl-thread1] INFO  server.RaftServerConfigKeys (ConfUtils.java:logGet(46)) - raft.server.log.segment.size.max = 4194304 (custom)
2023-06-28 21:18:26,652 [omNode-1-impl-thread1] INFO  server.RaftServerConfigKeys (ConfUtils.java:logGet(46)) - raft.server.log.segment.cache.num.max = 2 (custom)
2023-06-28 21:18:26,654 [omNode-1-impl-thread1] INFO  server.RaftServerConfigKeys (ConfUtils.java:logGet(46)) - raft.server.log.segment.cache.size.max = 200MB (=209715200) (default)
2023-06-28 21:18:26,654 [omNode-1-impl-thread1] INFO  server.RaftServerConfigKeys (ConfUtils.java:logGet(46)) - raft.server.log.appender.buffer.byte-limit = 33554432 (custom)
2023-06-28 21:18:26,660 [omNode-1-impl-thread1] INFO  segmented.SegmentedRaftLogWorker (SegmentedRaftLogWorker.java:<init>(188)) - new omNode-1@group-523986131536-SegmentedRaftLogWorker for RaftStorageImpl:Storage Directory /home/runner/work/ozone/ozone/hadoop-ozone/integration-test/target/test-dir/MiniOzoneClusterImpl-392d5ccd-e702-410a-a53a-05dc11be4355/omNode-1/ratis/c9bc4cf4-3bc3-3c60-a66b-523986131536
2023-06-28 21:18:26,660 [omNode-1-impl-thread1] INFO  server.RaftServerConfigKeys (ConfUtils.java:logGet(46)) - raft.server.log.queue.byte-limit = 64MB (=67108864) (default)
2023-06-28 21:18:26,661 [omNode-1-impl-thread1] INFO  server.RaftServerConfigKeys (ConfUtils.java:logGet(46)) - raft.server.log.queue.element-limit = 4096 (default)
2023-06-28 21:18:26,662 [omNode-1-impl-thread1] INFO  server.RaftServerConfigKeys (ConfUtils.java:logGet(46)) - raft.server.log.segment.size.max = 4194304 (custom)
2023-06-28 21:18:26,663 [omNode-1-impl-thread1] INFO  server.RaftServerConfigKeys (ConfUtils.java:logGet(46)) - raft.server.log.preallocated.size = 4194304 (custom)
2023-06-28 21:18:26,663 [omNode-1-impl-thread1] INFO  server.RaftServerConfigKeys (ConfUtils.java:logGet(46)) - raft.server.log.force.sync.num = 128 (default)
2023-06-28 21:18:26,668 [omNode-1-impl-thread1] INFO  server.RaftServerConfigKeys (ConfUtils.java:logGet(46)) - raft.server.log.statemachine.data.sync = true (default)
2023-06-28 21:18:26,671 [omNode-1-impl-thread1] INFO  server.RaftServerConfigKeys (ConfUtils.java:logGet(46)) - raft.server.log.statemachine.data.sync.timeout = 10s (default)
2023-06-28 21:18:26,671 [omNode-1-impl-thread1] INFO  server.RaftServerConfigKeys (ConfUtils.java:logGet(46)) - raft.server.log.statemachine.data.sync.timeout.retry = -1 (default)
2023-06-28 21:18:26,683 [omNode-1-impl-thread1] INFO  server.RaftServerConfigKeys (ConfUtils.java:logGet(46)) - raft.server.log.write.buffer.size = 64KB (=65536) (default)
2023-06-28 21:18:26,684 [omNode-1-impl-thread1] INFO  server.RaftServerConfigKeys (ConfUtils.java:logGet(46)) - raft.server.log.appender.buffer.byte-limit = 33554432 (custom)
2023-06-28 21:18:26,689 [omNode-1-impl-thread1] INFO  server.RaftServerConfigKeys (ConfUtils.java:logGet(46)) - raft.server.log.unsafe-flush.enabled = false (default)
2023-06-28 21:18:26,690 [omNode-1-impl-thread1] INFO  server.RaftServerConfigKeys (ConfUtils.java:logGet(46)) - raft.server.log.async-flush.enabled = false (default)
2023-06-28 21:18:26,690 [omNode-1-impl-thread1] INFO  server.RaftServerConfigKeys (ConfUtils.java:logGet(46)) - raft.server.log.statemachine.data.caching.enabled = false (default)
2023-06-28 21:18:26,696 [omNode-1-impl-thread1] INFO  segmented.SegmentedRaftLogWorker (SegmentedRaftLogWorker.java:lambda$new$0(135)) - omNode-1@group-523986131536-SegmentedRaftLogWorker: flushIndex: setUnconditionally 0 -> -1
2023-06-28 21:18:26,696 [omNode-1-impl-thread1] INFO  segmented.SegmentedRaftLogWorker (SegmentedRaftLogWorker.java:lambda$new$0(135)) - omNode-1@group-523986131536-SegmentedRaftLogWorker: safeCacheEvictIndex: setUnconditionally 0 -> -1
2023-06-28 21:18:26,698 [omNode-1-impl-thread1] INFO  server.RaftServer$Division (RaftServerImpl.java:start(342)) - omNode-1@group-523986131536: start as a follower, conf=-1: peers:[omNode-3|rpc:localhost:15015|priority:0|startupRole:FOLLOWER, omNode-1|rpc:localhost:15007|priority:0|startupRole:FOLLOWER, omNode-2|rpc:localhost:15011|priority:0|startupRole:FOLLOWER]|listeners:[], old=null
2023-06-28 21:18:26,701 [omNode-1-impl-thread1] INFO  server.RaftServer$Division (RaftServerImpl.java:setRole(329)) - omNode-1@group-523986131536: changes role from      null to FOLLOWER at term 0 for startAsFollower
2023-06-28 21:18:26,702 [omNode-1-impl-thread1] INFO  impl.RoleInfo (RoleInfo.java:updateAndGet(139)) - omNode-1: start omNode-1@group-523986131536-FollowerState
2023-06-28 21:18:26,704 [omNode-1-impl-thread1] INFO  util.JmxRegister (JmxRegister.java:tryRegister(44)) - Successfully registered JMX Bean with object name Ratis:service=RaftServer,group=group-523986131536,id=omNode-1
2023-06-28 21:18:26,708 [omNode-1-impl-thread1] INFO  server.RaftServerConfigKeys (ConfUtils.java:logGet(46)) - raft.server.snapshot.auto.trigger.enabled = true (custom)
2023-06-28 21:18:26,708 [omNode-1-impl-thread1] INFO  server.RaftServerConfigKeys (ConfUtils.java:logGet(46)) - raft.server.snapshot.auto.trigger.threshold = 400000 (default)
2023-06-28 21:18:26,709 [omNode-1-impl-thread1] INFO  server.RaftServerConfigKeys (ConfUtils.java:logGet(46)) - raft.server.snapshot.retention.file.num = -1 (default)
2023-06-28 21:18:26,710 [omNode-1-impl-thread1] INFO  server.RaftServerConfigKeys (ConfUtils.java:logGet(46)) - raft.server.log.purge.upto.snapshot.index = true (custom)
2023-06-28 21:18:26,713 [omNode-1@group-523986131536-FollowerState] INFO  server.RaftServerConfigKeys (ConfUtils.java:logFallback(53)) - raft.server.rpc.first-election.timeout.min = 1s (fallback to raft.server.rpc.timeout.min)
2023-06-28 21:18:26,714 [omNode-1@group-523986131536-FollowerState] INFO  server.RaftServerConfigKeys (ConfUtils.java:logFallback(53)) - raft.server.rpc.first-election.timeout.max = 1200ms (fallback to raft.server.rpc.timeout.max)
2023-06-28 21:18:26,716 [main] INFO  server.RaftServer (RaftServerProxy.java:startImpl(400)) - omNode-1: start RPC server
2023-06-28 21:18:26,767 [main] INFO  server.GrpcService (GrpcService.java:startImpl(302)) - omNode-1: GrpcService started, listening on 15007
2023-06-28 21:18:26,768 [main] INFO  om.OzoneManager (OzoneManager.java:start(1623)) - Version File has different layout version (6) than OM DB (null). That is expected if this OM has never been finalized to a newer layout version.
2023-06-28 21:18:26,769 [JvmPauseMonitor1] INFO  util.JvmPauseMonitor (JvmPauseMonitor.java:run(103)) - JvmPauseMonitor-omNode-1: Started
2023-06-28 21:18:26,790 [main] INFO  http.BaseHttpServer (BaseHttpServer.java:newHttpServer2BuilderForOzone(224)) - Starting Web-server for ozoneManager at: http://0.0.0.0:15005
2023-06-28 21:18:26,791 [main] INFO  http.BaseHttpServer (BaseHttpServer.java:<init>(111)) - Hadoop Security Enabled: false Ozone Security Enabled: false Ozone HTTP Security Enabled: false 
2023-06-28 21:18:26,792 [main] WARN  server.AuthenticationFilter (AuthenticationFilter.java:constructSecretProvider(240)) - Unable to initialize FileSignerSecretProvider, falling back to use random secrets. Reason: Could not read signature secret file: /home/runner/hadoop-http-auth-signature-secret
2023-06-28 21:18:26,796 [main] INFO  http.HttpRequestLog (HttpRequestLog.java:getRequestLog(86)) - Http request log for http.requests.ozoneManager is not defined
2023-06-28 21:18:26,799 [main] INFO  http.HttpServer2 (HttpServer2.java:addGlobalFilter(1031)) - Added global filter 'safety' (class=org.apache.hadoop.hdds.server.http.HttpServer2$QuotingInputFilter)
2023-06-28 21:18:26,800 [main] INFO  http.HttpServer2 (HttpServer2.java:addFilter(1007)) - Added filter static_user_filter (class=org.apache.hadoop.http.lib.StaticUserWebFilter$StaticUserFilter) to context ozoneManager
2023-06-28 21:18:26,800 [main] INFO  http.HttpServer2 (HttpServer2.java:addFilter(1015)) - Added filter static_user_filter (class=org.apache.hadoop.http.lib.StaticUserWebFilter$StaticUserFilter) to context logs
2023-06-28 21:18:26,800 [main] INFO  http.HttpServer2 (HttpServer2.java:addFilter(1015)) - Added filter static_user_filter (class=org.apache.hadoop.http.lib.StaticUserWebFilter$StaticUserFilter) to context static
2023-06-28 21:18:26,802 [main] INFO  http.BaseHttpServer (BaseHttpServer.java:<init>(190)) - HTTP server of ozoneManager uses base directory /home/runner/work/ozone/ozone/hadoop-ozone/integration-test/target/test-dir/MiniOzoneClusterImpl-392d5ccd-e702-410a-a53a-05dc11be4355/omNode-1/webserver
2023-06-28 21:18:26,805 [main] INFO  http.HttpServer2 (HttpServer2.java:bindListener(1250)) - Jetty bound to port 15005
2023-06-28 21:18:26,805 [main] INFO  server.Server (Server.java:doStart(375)) - jetty-9.4.51.v20230217; built: 2023-02-17T08:19:37.309Z; git: b45c405e4544384de066f814ed42ae3dceacdd49; jvm 1.8.0_372-b07
2023-06-28 21:18:26,808 [main] INFO  server.session (DefaultSessionIdManager.java:doStart(334)) - DefaultSessionIdManager workerName=node0
2023-06-28 21:18:26,808 [main] INFO  server.session (DefaultSessionIdManager.java:doStart(339)) - No SessionScavenger set, using defaults
2023-06-28 21:18:26,808 [main] INFO  server.session (HouseKeeper.java:startScavenging(132)) - node0 Scavenging every 660000ms
2023-06-28 21:18:26,809 [main] INFO  handler.ContextHandler (ContextHandler.java:doStart(921)) - Started o.e.j.s.ServletContextHandler@35145f52{logs,/logs,file:///home/runner/work/ozone/ozone/hadoop-ozone/integration-test/target/log,AVAILABLE}
2023-06-28 21:18:26,810 [main] INFO  handler.ContextHandler (ContextHandler.java:doStart(921)) - Started o.e.j.s.ServletContextHandler@ca698e0{static,/static,file:///home/runner/work/ozone/ozone/hadoop-ozone/integration-test/target/test-classes/webapps/static,AVAILABLE}
2023-06-28 21:18:26,815 [main] INFO  handler.ContextHandler (ContextHandler.java:doStart(921)) - Started o.e.j.w.WebAppContext@2351bf67{ozoneManager,/,file:///home/runner/work/ozone/ozone/hadoop-ozone/integration-test/target/test-classes/webapps/ozoneManager/,AVAILABLE}{file:/home/runner/work/ozone/ozone/hadoop-ozone/integration-test/target/test-classes/webapps/ozoneManager}
2023-06-28 21:18:26,821 [main] INFO  server.AbstractConnector (AbstractConnector.java:doStart(333)) - Started ServerConnector@4e0f805c{HTTP/1.1, (http/1.1)}{0.0.0.0:15005}
2023-06-28 21:18:26,821 [main] INFO  server.Server (Server.java:doStart(415)) - Started @9139ms
2023-06-28 21:18:26,822 [main] WARN  impl.MetricsSystemImpl (MetricsSystemImpl.java:register(279)) - Sink prometheus already exists!
2023-06-28 21:18:26,822 [main] INFO  http.BaseHttpServer (BaseHttpServer.java:updateConnectorAddress(344)) - HTTP server of ozoneManager listening at http://0.0.0.0:15005
2023-06-28 21:18:26,824 [IPC Server Responder] INFO  ipc.Server (Server.java:run(1562)) - IPC Server Responder: starting
2023-06-28 21:18:26,829 [IPC Server listener on 15004] INFO  ipc.Server (Server.java:run(1402)) - IPC Server listener on 15004: starting
2023-06-28 21:18:26,835 [main] INFO  om.OzoneManager (OzoneManager.java:startTrashEmptier(2082)) - Trash Interval set to 0. Files deleted won't move to trash
2023-06-28 21:18:26,836 [main] INFO  ozone.MiniOzoneHAClusterImpl (MiniOzoneHAClusterImpl.java:createOMService(505)) - Started OzoneManager omNode-1 RPC server at localhost/127.0.0.1:15004
2023-06-28 21:18:26,837 [main] INFO  ha.OMHANodeDetails (OMHANodeDetails.java:loadOMHAConfig(121)) - ServiceID for OzoneManager is om-service-test1
2023-06-28 21:18:26,838 [main] INFO  ha.OMHANodeDetails (OMHANodeDetails.java:loadOMHAConfig(201)) - Found matching OM address with OMServiceId: om-service-test1, OMNodeId: omNode-2, RPC Address: localhost:15008 and Ratis port: 15011
2023-06-28 21:18:26,838 [main] INFO  ha.OMHANodeDetails (ConfUtils.java:setNodeSpecificConfigs(97)) - Setting configuration key ozone.om.http-address with value of key ozone.om.http-address.om-service-test1.omNode-2: 127.0.0.1:15009
2023-06-28 21:18:26,838 [main] INFO  ha.OMHANodeDetails (ConfUtils.java:setNodeSpecificConfigs(97)) - Setting configuration key ozone.om.https-address with value of key ozone.om.https-address.om-service-test1.omNode-2: 127.0.0.1:15010
2023-06-28 21:18:26,838 [main] INFO  ha.OMHANodeDetails (ConfUtils.java:setNodeSpecificConfigs(97)) - Setting configuration key ozone.om.address with value of key ozone.om.address.om-service-test1.omNode-2: 127.0.0.1:15008
2023-06-28 21:18:26,838 [main] WARN  server.ServerUtils (ServerUtils.java:getDBPath(311)) - ozone.om.db.dirs is not configured. We recommend adding this setting. Falling back to ozone.metadata.dirs instead.
2023-06-28 21:18:26,840 [main] INFO  proxy.SCMBlockLocationFailoverProxyProvider (SCMBlockLocationFailoverProxyProvider.java:<init>(114)) - Created block location fail-over proxy with 1 nodes: [nodeId=scmNodeId,nodeAddress=/0.0.0.0:15001]
OM initialization succeeded.Current cluster id for sd=/home/runner/work/ozone/ozone/hadoop-ozone/integration-test/target/test-dir/MiniOzoneClusterImpl-392d5ccd-e702-410a-a53a-05dc11be4355/omNode-2/om;cid=392d5ccd-e702-410a-a53a-05dc11be4355;layoutVersion=6
2023-06-28 21:18:26,851 [main] INFO  ha.OMHANodeDetails (OMHANodeDetails.java:loadOMHAConfig(121)) - ServiceID for OzoneManager is om-service-test1
2023-06-28 21:18:26,852 [main] INFO  ha.OMHANodeDetails (OMHANodeDetails.java:loadOMHAConfig(201)) - Found matching OM address with OMServiceId: om-service-test1, OMNodeId: omNode-2, RPC Address: localhost:15008 and Ratis port: 15011
2023-06-28 21:18:26,852 [main] INFO  ha.OMHANodeDetails (ConfUtils.java:setNodeSpecificConfigs(97)) - Setting configuration key ozone.om.http-address with value of key ozone.om.http-address.om-service-test1.omNode-2: 127.0.0.1:15009
2023-06-28 21:18:26,852 [main] INFO  ha.OMHANodeDetails (ConfUtils.java:setNodeSpecificConfigs(97)) - Setting configuration key ozone.om.https-address with value of key ozone.om.https-address.om-service-test1.omNode-2: 127.0.0.1:15010
2023-06-28 21:18:26,852 [main] INFO  ha.OMHANodeDetails (ConfUtils.java:setNodeSpecificConfigs(97)) - Setting configuration key ozone.om.address with value of key ozone.om.address.om-service-test1.omNode-2: 127.0.0.1:15008
2023-06-28 21:18:26,853 [main] WARN  server.ServerUtils (ServerUtils.java:getDBPath(311)) - ozone.om.db.dirs is not configured. We recommend adding this setting. Falling back to ozone.metadata.dirs instead.
2023-06-28 21:18:26,856 [main] INFO  upgrade.AbstractLayoutVersionManager (AbstractLayoutVersionManager.java:init(83)) - Initializing Layout version manager with metadata layout = QUOTA (version = 6), software layout = QUOTA (version = 6)
2023-06-28 21:18:26,967 [main] INFO  reflections.Reflections (Reflections.java:scan(232)) - Reflections took 109 ms to scan 2 urls, producing 184 keys and 505 values [using 2 cores]
2023-06-28 21:18:26,967 [main] INFO  upgrade.OMLayoutVersionManager (OMLayoutVersionManager.java:lambda$0(115)) - Skipping Upgrade Action MockOmUpgradeAction since it has been finalized.
2023-06-28 21:18:26,968 [main] INFO  upgrade.OMLayoutVersionManager (OMLayoutVersionManager.java:lambda$0(115)) - Skipping Upgrade Action QuotaRepairUpgradeAction since it has been finalized.
2023-06-28 21:18:26,968 [main] WARN  server.ServerUtils (ServerUtils.java:getDBPath(311)) - ozone.om.db.dirs is not configured. We recommend adding this setting. Falling back to ozone.metadata.dirs instead.
2023-06-28 21:18:26,973 [main] INFO  proxy.SCMBlockLocationFailoverProxyProvider (SCMBlockLocationFailoverProxyProvider.java:<init>(114)) - Created block location fail-over proxy with 1 nodes: [nodeId=scmNodeId,nodeAddress=/0.0.0.0:15001]
2023-06-28 21:18:26,978 [main] INFO  proxy.SCMBlockLocationFailoverProxyProvider (SCMBlockLocationFailoverProxyProvider.java:<init>(114)) - Created block location fail-over proxy with 1 nodes: [nodeId=scmNodeId,nodeAddress=/0.0.0.0:15001]
2023-06-28 21:18:26,994 [main] INFO  om.OzoneManager (OzoneManager.java:<init>(651)) - OM start with adminUsers: [runner]
2023-06-28 21:18:26,995 [main] WARN  server.ServerUtils (ServerUtils.java:getDBPath(311)) - ozone.om.db.dirs is not configured. We recommend adding this setting. Falling back to ozone.metadata.dirs instead.
2023-06-28 21:18:26,996 [main] INFO  helpers.OmKeyInfo (OmKeyInfo.java:getCodec(71)) - OmKeyInfo.getCodec ignorePipeline = true
2023-06-28 21:18:27,231 [main] INFO  om.OzoneManager (OzoneManager.java:instantiateServices(780)) - S3 Multi-Tenancy is disabled
2023-06-28 21:18:27,232 [main] INFO  om.OmSnapshotManager (OmSnapshotManager.java:<init>(176)) - Ozone filesystem snapshot feature is enabled.
2023-06-28 21:18:27,232 [main] WARN  server.ServerUtils (ServerUtils.java:getDBPath(311)) - ozone.om.snapshot.diff.db.dir is not configured. We recommend adding this setting. Falling back to ozone.metadata.dirs instead.
2023-06-28 21:18:27,276 [main] INFO  snapshot.SnapshotDiffManager (SnapshotDiffManager.java:closeExecutorService(1687)) - Shutting down executorService: 'SstDumpToolExecutor'
2023-06-28 21:18:27,279 [main] INFO  om.OzoneManager (OzoneManager.java:addS3GVolumeToDB(4259)) - Created Volume s3v With Owner runner required for S3Gateway operations.
2023-06-28 21:18:27,279 [main] WARN  server.ServerUtils (ServerUtils.java:getDefaultRatisDirectory(323)) - Storage directory for Ratis is not configured. It is a good idea to map this to an SSD disk. Falling back to ozone.metadata.dirs
2023-06-28 21:18:27,280 [main] WARN  utils.OzoneManagerRatisUtils (OzoneManagerRatisUtils.java:getOMRatisSnapshotDirectory(461)) - ozone.om.ratis.snapshot.dir is not configured. Falling back to ozone.metadata.dirs config
2023-06-28 21:18:27,280 [main] INFO  utils.RDBSnapshotProvider (RDBSnapshotProvider.java:init(86)) - Cleaning up the candidate dir: /home/runner/work/ozone/ozone/hadoop-ozone/integration-test/target/test-dir/MiniOzoneClusterImpl-392d5ccd-e702-410a-a53a-05dc11be4355/omNode-2/snapshot/om.db.candidate
2023-06-28 21:18:27,281 [main] INFO  ratis_snapshot.OmRatisSnapshotProvider (OmRatisSnapshotProvider.java:<init>(99)) - Initializing OM Snapshot Provider
2023-06-28 21:18:27,287 [main] WARN  impl.MetricRegistriesImpl (MetricRegistriesImpl.java:addReporterRegistration(111)) - New reporters are added after registries were created. Some metrics will be missing from the reporter. Please add reporter before adding any new registry.
2023-06-28 21:18:27,287 [main] WARN  impl.MetricRegistriesImpl (MetricRegistriesImpl.java:addReporterRegistration(111)) - New reporters are added after registries were created. Some metrics will be missing from the reporter. Please add reporter before adding any new registry.
2023-06-28 21:18:27,287 [main] WARN  server.ServerUtils (ServerUtils.java:getDefaultRatisDirectory(323)) - Storage directory for Ratis is not configured. It is a good idea to map this to an SSD disk. Falling back to ozone.metadata.dirs
2023-06-28 21:18:27,289 [main] INFO  ratis.OzoneManagerRatisServer (OzoneManagerRatisServer.java:<init>(163)) - Instantiating OM Ratis server with groupID: om-service-test1 and peers: localhost:15011, localhost:15015, localhost:15007
2023-06-28 21:18:27,290 [main] INFO  ratis.OzoneManagerStateMachine (OzoneManagerStateMachine.java:loadSnapshotInfoFromDB(670)) - LastAppliedIndex is set from TransactionInfo from OM DB as (t:0, i:~)
2023-06-28 21:18:27,290 [main] INFO  server.RaftServer (ConfUtils.java:logGet(46)) - raft.rpc.type = GRPC (default)
2023-06-28 21:18:27,290 [main] INFO  grpc.GrpcConfigKeys (ConfUtils.java:logFallback(53)) - raft.grpc.admin.host = null (fallback to raft.grpc.server.host)
2023-06-28 21:18:27,290 [main] INFO  grpc.GrpcConfigKeys (ConfUtils.java:logFallback(53)) - raft.grpc.admin.port = 15011 (fallback to raft.grpc.server.port)
2023-06-28 21:18:27,291 [main] INFO  grpc.GrpcConfigKeys (ConfUtils.java:logFallback(53)) - raft.grpc.client.host = null (fallback to raft.grpc.server.host)
2023-06-28 21:18:27,291 [main] INFO  grpc.GrpcConfigKeys (ConfUtils.java:logFallback(53)) - raft.grpc.client.port = 15011 (fallback to raft.grpc.server.port)
2023-06-28 21:18:27,291 [main] INFO  grpc.GrpcConfigKeys (ConfUtils.java:logGet(46)) - raft.grpc.server.host = null (default)
2023-06-28 21:18:27,291 [main] INFO  grpc.GrpcConfigKeys (ConfUtils.java:logGet(46)) - raft.grpc.server.port = 15011 (custom)
2023-06-28 21:18:27,291 [main] INFO  server.GrpcService (ConfUtils.java:logGet(46)) - raft.grpc.message.size.max = 33554432 (custom)
2023-06-28 21:18:27,291 [main] INFO  server.RaftServerConfigKeys (ConfUtils.java:logGet(46)) - raft.server.log.appender.buffer.byte-limit = 33554432 (custom)
2023-06-28 21:18:27,291 [main] INFO  server.GrpcService (ConfUtils.java:logGet(46)) - raft.grpc.flow.control.window = 1MB (=1048576) (default)
2023-06-28 21:18:27,292 [main] INFO  server.RaftServerConfigKeys (ConfUtils.java:logGet(46)) - raft.server.rpc.request.timeout = 3000ms (default)
2023-06-28 21:18:27,292 [main] INFO  grpc.GrpcConfigKeys (ConfUtils.java:logGet(46)) - raft.grpc.server.heartbeat.channel = true (default)
2023-06-28 21:18:27,292 [main] INFO  grpc.GrpcConfigKeys (ConfUtils.java:logGet(46)) - raft.grpc.server.async.request.thread.pool.cached = true (default)
2023-06-28 21:18:27,292 [main] INFO  grpc.GrpcConfigKeys (ConfUtils.java:logGet(46)) - raft.grpc.server.async.request.thread.pool.size = 32 (default)
2023-06-28 21:18:27,293 [main] INFO  impl.DataStreamServerImpl (ConfUtils.java:logGet(46)) - raft.datastream.type = DISABLED (default)
2023-06-28 21:18:27,294 [main] INFO  server.RaftServerConfigKeys (ConfUtils.java:logGet(46)) - raft.server.threadpool.proxy.cached = true (default)
2023-06-28 21:18:27,294 [main] INFO  server.RaftServerConfigKeys (ConfUtils.java:logGet(46)) - raft.server.threadpool.proxy.size = 0 (default)
2023-06-28 21:18:27,294 [main] INFO  server.RaftServerConfigKeys (ConfUtils.java:logGet(46)) - raft.server.rpc.slowness.timeout = 2s (custom)
2023-06-28 21:18:27,294 [main] INFO  server.RaftServerConfigKeys (ConfUtils.java:logGet(46)) - raft.server.leaderelection.leader.step-down.wait-time = 10s (default)
2023-06-28 21:18:27,294 [main] INFO  server.RaftServerConfigKeys (ConfUtils.java:logGet(46)) - raft.server.storage.dir = [/home/runner/work/ozone/ozone/hadoop-ozone/integration-test/target/test-dir/MiniOzoneClusterImpl-392d5ccd-e702-410a-a53a-05dc11be4355/omNode-2/ratis] (custom)
2023-06-28 21:18:27,297 [main] INFO  server.RaftServer (RaftServerProxy.java:addNew(98)) - omNode-2: addNew group-523986131536:[omNode-3|rpc:localhost:15015|priority:0|startupRole:FOLLOWER, omNode-1|rpc:localhost:15007|priority:0|startupRole:FOLLOWER, omNode-2|rpc:localhost:15011|priority:0|startupRole:FOLLOWER] returns group-523986131536:java.util.concurrent.CompletableFuture@48ef02f2[Not completed]
2023-06-28 21:18:27,297 [main] INFO  om.OzoneManager (OzoneManager.java:initializeRatisServer(2129)) - OzoneManager Ratis server initialized at port 15011
2023-06-28 21:18:27,297 [main] INFO  om.OzoneManager (OzoneManager.java:getRpcServer(1177)) - Creating RPC Server
2023-06-28 21:18:27,299 [omNode-2-groupManagement] INFO  server.RaftServer$Division (RaftServerImpl.java:<init>(198)) - omNode-2: new RaftServerImpl for group-523986131536:[omNode-3|rpc:localhost:15015|priority:0|startupRole:FOLLOWER, omNode-1|rpc:localhost:15007|priority:0|startupRole:FOLLOWER, omNode-2|rpc:localhost:15011|priority:0|startupRole:FOLLOWER] with OzoneManagerStateMachine:uninitialized
2023-06-28 21:18:27,299 [omNode-2-groupManagement] INFO  server.RaftServerConfigKeys (ConfUtils.java:logGet(46)) - raft.server.rpc.timeout.min = 1s (custom)
2023-06-28 21:18:27,299 [omNode-2-groupManagement] INFO  server.RaftServerConfigKeys (ConfUtils.java:logGet(46)) - raft.server.rpc.timeout.max = 1200ms (custom)
2023-06-28 21:18:27,299 [omNode-2-groupManagement] INFO  server.RaftServerConfigKeys (ConfUtils.java:logGet(46)) - raft.server.rpc.sleep.time = 25ms (default)
2023-06-28 21:18:27,299 [omNode-2-groupManagement] INFO  server.RaftServerConfigKeys (ConfUtils.java:logGet(46)) - raft.server.rpc.slowness.timeout = 2s (custom)
2023-06-28 21:18:27,300 [omNode-2-groupManagement] INFO  server.RaftServerConfigKeys (ConfUtils.java:logGet(46)) - raft.server.leaderelection.leader.step-down.wait-time = 10s (default)
2023-06-28 21:18:27,300 [omNode-2-groupManagement] INFO  server.RaftServerConfigKeys (ConfUtils.java:logGet(46)) - raft.server.sleep.deviation.threshold = 300ms (default)
2023-06-28 21:18:27,300 [omNode-2-groupManagement] INFO  server.RaftServer$Division (ServerState.java:<init>(120)) - omNode-2@group-523986131536: ConfigurationManager, init=-1: peers:[omNode-3|rpc:localhost:15015|priority:0|startupRole:FOLLOWER, omNode-1|rpc:localhost:15007|priority:0|startupRole:FOLLOWER, omNode-2|rpc:localhost:15011|priority:0|startupRole:FOLLOWER]|listeners:[], old=null, confs=<EMPTY_MAP>
2023-06-28 21:18:27,300 [omNode-2-groupManagement] INFO  server.RaftServerConfigKeys (ConfUtils.java:logGet(46)) - raft.server.storage.dir = [/home/runner/work/ozone/ozone/hadoop-ozone/integration-test/target/test-dir/MiniOzoneClusterImpl-392d5ccd-e702-410a-a53a-05dc11be4355/omNode-2/ratis] (custom)
2023-06-28 21:18:27,300 [omNode-2-groupManagement] INFO  server.RaftServerConfigKeys (ConfUtils.java:logGet(46)) - raft.server.log.corruption.policy = EXCEPTION (default)
2023-06-28 21:18:27,300 [omNode-2-groupManagement] INFO  server.RaftServerConfigKeys (ConfUtils.java:logGet(46)) - raft.server.storage.free-space.min = 0MB (=0) (default)
2023-06-28 21:18:27,300 [omNode-2-groupManagement] INFO  server.RaftServerConfigKeys (ConfUtils.java:logGet(46)) - raft.server.notification.no-leader.timeout = 2s (custom)
2023-06-28 21:18:27,301 [omNode-2-groupManagement] INFO  server.RaftServerConfigKeys (ConfUtils.java:logGet(46)) - raft.server.read.timeout = 10s (default)
2023-06-28 21:18:27,301 [omNode-2-groupManagement] INFO  server.RaftServerConfigKeys (ConfUtils.java:logGet(46)) - raft.server.retrycache.expirytime = 300s (custom)
2023-06-28 21:18:27,301 [omNode-2-groupManagement] INFO  server.RaftServerConfigKeys (ConfUtils.java:logGet(46)) - raft.server.retrycache.statistics.expirytime = 100μs (default)
2023-06-28 21:18:27,301 [omNode-2-groupManagement] INFO  server.RaftServerConfigKeys (ConfUtils.java:logGet(46)) - raft.server.read.option = DEFAULT (default)
2023-06-28 21:18:27,302 [omNode-2-groupManagement] INFO  server.RaftServerConfigKeys (ConfUtils.java:logGet(46)) - raft.server.rpc.request.timeout = 3000ms (default)
2023-06-28 21:18:27,303 [omNode-2-groupManagement] INFO  server.RaftServerConfigKeys (ConfUtils.java:logGet(46)) - raft.server.log.appender.install.snapshot.enabled = false (custom)
2023-06-28 21:18:27,303 [omNode-2-groupManagement] INFO  server.RaftServerConfigKeys (ConfUtils.java:logGet(46)) - raft.server.threadpool.server.cached = true (default)
2023-06-28 21:18:27,303 [omNode-2-groupManagement] INFO  server.RaftServerConfigKeys (ConfUtils.java:logGet(46)) - raft.server.threadpool.server.size = 0 (default)
2023-06-28 21:18:27,303 [omNode-2-groupManagement] INFO  server.RaftServerConfigKeys (ConfUtils.java:logGet(46)) - raft.server.threadpool.client.cached = true (default)
2023-06-28 21:18:27,303 [omNode-2-groupManagement] INFO  server.RaftServerConfigKeys (ConfUtils.java:logGet(46)) - raft.server.threadpool.client.size = 0 (default)
2023-06-28 21:18:27,889 [omNode-1@group-523986131536-FollowerState] INFO  impl.FollowerState (FollowerState.java:run(143)) - omNode-1@group-523986131536-FollowerState: change to CANDIDATE, lastRpcElapsedTime:1186720274ns, electionTimeout:1173ms
2023-06-28 21:18:27,890 [omNode-1@group-523986131536-FollowerState] INFO  impl.RoleInfo (RoleInfo.java:shutdownFollowerState(110)) - omNode-1: shutdown omNode-1@group-523986131536-FollowerState
2023-06-28 21:18:27,891 [omNode-1@group-523986131536-FollowerState] INFO  server.RaftServer$Division (RaftServerImpl.java:setRole(329)) - omNode-1@group-523986131536: changes role from  FOLLOWER to CANDIDATE at term 0 for changeToCandidate
2023-06-28 21:18:28,122 [main] INFO  reflections.Reflections (Reflections.java:scan(232)) - Reflections took 823 ms to scan 19 urls, producing 69 keys and 5483 values [using 2 cores]
2023-06-28 21:18:28,123 [omNode-1@group-523986131536-FollowerState] INFO  server.RaftServerConfigKeys (ConfUtils.java:logGet(46)) - raft.server.leaderelection.pre-vote = true (default)
2023-06-28 21:18:28,123 [omNode-1@group-523986131536-FollowerState] INFO  impl.RoleInfo (RoleInfo.java:updateAndGet(139)) - omNode-1: start omNode-1@group-523986131536-LeaderElection1
2023-06-28 21:18:28,124 [main] INFO  ipc.CallQueueManager (CallQueueManager.java:<init>(90)) - Using callQueue: class java.util.concurrent.LinkedBlockingQueue, queueCapacity: 2000, scheduler: class org.apache.hadoop.ipc.DefaultRpcScheduler, ipcBackoff: false.
2023-06-28 21:18:28,127 [main] INFO  ipc.Server (Server.java:<init>(1287)) - Listener at 127.0.0.1:15008
2023-06-28 21:18:28,129 [Socket Reader #1 for port 15008] INFO  ipc.Server (Server.java:run(1323)) - Starting Socket Reader #1 for port 15008
2023-06-28 21:18:28,141 [omNode-1@group-523986131536-LeaderElection1] INFO  impl.LeaderElection (LeaderElection.java:askForVotes(321)) - omNode-1@group-523986131536-LeaderElection1 PRE_VOTE round 0: submit vote requests at term 0 for -1: peers:[omNode-3|rpc:localhost:15015|priority:0|startupRole:FOLLOWER, omNode-1|rpc:localhost:15007|priority:0|startupRole:FOLLOWER, omNode-2|rpc:localhost:15011|priority:0|startupRole:FOLLOWER]|listeners:[], old=null
2023-06-28 21:18:28,177 [main] INFO  impl.MetricsSystemImpl (MetricsSystemImpl.java:init(158)) - OzoneManager metrics system started (again)
2023-06-28 21:18:28,194 [omNode-1@group-523986131536-LeaderElection1] INFO  server.RaftServerConfigKeys (ConfUtils.java:logFallback(53)) - raft.server.rpc.first-election.timeout.min = 1s (fallback to raft.server.rpc.timeout.min)
2023-06-28 21:18:28,195 [omNode-1@group-523986131536-LeaderElection1] INFO  server.RaftServerConfigKeys (ConfUtils.java:logFallback(53)) - raft.server.rpc.first-election.timeout.max = 1200ms (fallback to raft.server.rpc.timeout.max)
2023-06-28 21:18:28,198 [omNode-1@group-523986131536-LeaderElection1-1] INFO  server.GrpcServerProtocolClient (GrpcServerProtocolClient.java:<init>(65)) - Build channel for omNode-3
2023-06-28 21:18:28,201 [omNode-1@group-523986131536-LeaderElection1-2] INFO  server.GrpcServerProtocolClient (GrpcServerProtocolClient.java:<init>(65)) - Build channel for omNode-2
2023-06-28 21:18:28,213 [main] INFO  om.OzoneManager (OzoneManager.java:start(1607)) - OzoneManager RPC server is listening at localhost/127.0.0.1:15008
2023-06-28 21:18:28,214 [main] INFO  ratis.OzoneManagerRatisServer (OzoneManagerRatisServer.java:start(558)) - Starting OzoneManagerRatisServer omNode-2 at port 15011
2023-06-28 21:18:28,214 [omNode-2-impl-thread1] INFO  storage.RaftStorageDirectory (RaftStorageDirectoryImpl.java:analyzeStorage(137)) - The storage directory /home/runner/work/ozone/ozone/hadoop-ozone/integration-test/target/test-dir/MiniOzoneClusterImpl-392d5ccd-e702-410a-a53a-05dc11be4355/omNode-2/ratis/c9bc4cf4-3bc3-3c60-a66b-523986131536 does not exist. Creating ...
2023-06-28 21:18:28,221 [omNode-2-impl-thread1] INFO  storage.RaftStorageDirectory (RaftStorageDirectoryImpl.java:tryLock(231)) - Lock on /home/runner/work/ozone/ozone/hadoop-ozone/integration-test/target/test-dir/MiniOzoneClusterImpl-392d5ccd-e702-410a-a53a-05dc11be4355/omNode-2/ratis/c9bc4cf4-3bc3-3c60-a66b-523986131536/in_use.lock acquired by nodename 42875@fv-az613-21
2023-06-28 21:18:28,222 [omNode-2-impl-thread1] INFO  storage.RaftStorage (RaftStorageImpl.java:format(96)) - Storage directory /home/runner/work/ozone/ozone/hadoop-ozone/integration-test/target/test-dir/MiniOzoneClusterImpl-392d5ccd-e702-410a-a53a-05dc11be4355/omNode-2/ratis/c9bc4cf4-3bc3-3c60-a66b-523986131536 has been successfully formatted.
2023-06-28 21:18:28,223 [omNode-2-impl-thread1] INFO  server.RaftServerConfigKeys (ConfUtils.java:logGet(46)) - raft.server.log.use.memory = false (default)
2023-06-28 21:18:28,223 [omNode-2-impl-thread1] INFO  server.RaftServerConfigKeys (ConfUtils.java:logGet(46)) - raft.server.log.purge.gap = 1000000 (custom)
2023-06-28 21:18:28,223 [omNode-2-impl-thread1] INFO  server.RaftServerConfigKeys (ConfUtils.java:logGet(46)) - raft.server.log.appender.buffer.byte-limit = 33554432 (custom)
2023-06-28 21:18:28,223 [omNode-2-impl-thread1] INFO  server.RaftServerConfigKeys (ConfUtils.java:logGet(46)) - raft.server.log.statemachine.data.read.timeout = 1000ms (default)
2023-06-28 21:18:28,224 [omNode-2-impl-thread1] INFO  server.RaftServerConfigKeys (ConfUtils.java:logGet(46)) - raft.server.log.purge.preservation.log.num = 0 (default)
2023-06-28 21:18:28,224 [omNode-2-impl-thread1] INFO  server.RaftServerConfigKeys (ConfUtils.java:logGet(46)) - raft.server.log.segment.size.max = 4194304 (custom)
2023-06-28 21:18:28,225 [omNode-2-impl-thread1] INFO  server.RaftServerConfigKeys (ConfUtils.java:logGet(46)) - raft.server.log.segment.cache.num.max = 2 (custom)
2023-06-28 21:18:28,225 [omNode-2-impl-thread1] INFO  server.RaftServerConfigKeys (ConfUtils.java:logGet(46)) - raft.server.log.segment.cache.size.max = 200MB (=209715200) (default)
2023-06-28 21:18:28,226 [omNode-2-impl-thread1] INFO  server.RaftServerConfigKeys (ConfUtils.java:logGet(46)) - raft.server.log.appender.buffer.byte-limit = 33554432 (custom)
2023-06-28 21:18:28,226 [omNode-2-impl-thread1] INFO  segmented.SegmentedRaftLogWorker (SegmentedRaftLogWorker.java:<init>(188)) - new omNode-2@group-523986131536-SegmentedRaftLogWorker for RaftStorageImpl:Storage Directory /home/runner/work/ozone/ozone/hadoop-ozone/integration-test/target/test-dir/MiniOzoneClusterImpl-392d5ccd-e702-410a-a53a-05dc11be4355/omNode-2/ratis/c9bc4cf4-3bc3-3c60-a66b-523986131536
2023-06-28 21:18:28,226 [omNode-2-impl-thread1] INFO  server.RaftServerConfigKeys (ConfUtils.java:logGet(46)) - raft.server.log.queue.byte-limit = 64MB (=67108864) (default)
2023-06-28 21:18:28,226 [omNode-2-impl-thread1] INFO  server.RaftServerConfigKeys (ConfUtils.java:logGet(46)) - raft.server.log.queue.element-limit = 4096 (default)
2023-06-28 21:18:28,228 [omNode-2-impl-thread1] INFO  server.RaftServerConfigKeys (ConfUtils.java:logGet(46)) - raft.server.log.segment.size.max = 4194304 (custom)
2023-06-28 21:18:28,228 [omNode-2-impl-thread1] INFO  server.RaftServerConfigKeys (ConfUtils.java:logGet(46)) - raft.server.log.preallocated.size = 4194304 (custom)
2023-06-28 21:18:28,228 [omNode-2-impl-thread1] INFO  server.RaftServerConfigKeys (ConfUtils.java:logGet(46)) - raft.server.log.force.sync.num = 128 (default)
2023-06-28 21:18:28,229 [omNode-2-impl-thread1] INFO  server.RaftServerConfigKeys (ConfUtils.java:logGet(46)) - raft.server.log.statemachine.data.sync = true (default)
2023-06-28 21:18:28,229 [omNode-2-impl-thread1] INFO  server.RaftServerConfigKeys (ConfUtils.java:logGet(46)) - raft.server.log.statemachine.data.sync.timeout = 10s (default)
2023-06-28 21:18:28,229 [omNode-2-impl-thread1] INFO  server.RaftServerConfigKeys (ConfUtils.java:logGet(46)) - raft.server.log.statemachine.data.sync.timeout.retry = -1 (default)
2023-06-28 21:18:28,231 [omNode-2-impl-thread1] INFO  server.RaftServerConfigKeys (ConfUtils.java:logGet(46)) - raft.server.log.write.buffer.size = 64KB (=65536) (default)
2023-06-28 21:18:28,235 [omNode-2-impl-thread1] INFO  server.RaftServerConfigKeys (ConfUtils.java:logGet(46)) - raft.server.log.appender.buffer.byte-limit = 33554432 (custom)
2023-06-28 21:18:28,246 [omNode-2-impl-thread1] INFO  server.RaftServerConfigKeys (ConfUtils.java:logGet(46)) - raft.server.log.unsafe-flush.enabled = false (default)
2023-06-28 21:18:28,247 [omNode-2-impl-thread1] INFO  server.RaftServerConfigKeys (ConfUtils.java:logGet(46)) - raft.server.log.async-flush.enabled = false (default)
2023-06-28 21:18:28,249 [omNode-2-impl-thread1] INFO  server.RaftServerConfigKeys (ConfUtils.java:logGet(46)) - raft.server.log.statemachine.data.caching.enabled = false (default)
2023-06-28 21:18:28,249 [omNode-2-impl-thread1] INFO  segmented.SegmentedRaftLogWorker (SegmentedRaftLogWorker.java:lambda$new$0(135)) - omNode-2@group-523986131536-SegmentedRaftLogWorker: flushIndex: setUnconditionally 0 -> -1
2023-06-28 21:18:28,249 [omNode-2-impl-thread1] INFO  segmented.SegmentedRaftLogWorker (SegmentedRaftLogWorker.java:lambda$new$0(135)) - omNode-2@group-523986131536-SegmentedRaftLogWorker: safeCacheEvictIndex: setUnconditionally 0 -> -1
2023-06-28 21:18:28,259 [omNode-2-impl-thread1] INFO  server.RaftServer$Division (RaftServerImpl.java:start(342)) - omNode-2@group-523986131536: start as a follower, conf=-1: peers:[omNode-3|rpc:localhost:15015|priority:0|startupRole:FOLLOWER, omNode-1|rpc:localhost:15007|priority:0|startupRole:FOLLOWER, omNode-2|rpc:localhost:15011|priority:0|startupRole:FOLLOWER]|listeners:[], old=null
2023-06-28 21:18:28,259 [omNode-2-impl-thread1] INFO  server.RaftServer$Division (RaftServerImpl.java:setRole(329)) - omNode-2@group-523986131536: changes role from      null to FOLLOWER at term 0 for startAsFollower
2023-06-28 21:18:28,259 [omNode-2-impl-thread1] INFO  impl.RoleInfo (RoleInfo.java:updateAndGet(139)) - omNode-2: start omNode-2@group-523986131536-FollowerState
2023-06-28 21:18:28,263 [omNode-2-impl-thread1] INFO  util.JmxRegister (JmxRegister.java:tryRegister(44)) - Successfully registered JMX Bean with object name Ratis:service=RaftServer,group=group-523986131536,id=omNode-2
2023-06-28 21:18:28,264 [omNode-2-impl-thread1] INFO  server.RaftServerConfigKeys (ConfUtils.java:logGet(46)) - raft.server.snapshot.auto.trigger.enabled = true (custom)
2023-06-28 21:18:28,264 [omNode-2-impl-thread1] INFO  server.RaftServerConfigKeys (ConfUtils.java:logGet(46)) - raft.server.snapshot.auto.trigger.threshold = 400000 (default)
2023-06-28 21:18:28,264 [omNode-2-impl-thread1] INFO  server.RaftServerConfigKeys (ConfUtils.java:logGet(46)) - raft.server.snapshot.retention.file.num = -1 (default)
2023-06-28 21:18:28,264 [omNode-2-impl-thread1] INFO  server.RaftServerConfigKeys (ConfUtils.java:logGet(46)) - raft.server.log.purge.upto.snapshot.index = true (custom)
2023-06-28 21:18:28,268 [main] INFO  server.RaftServer (RaftServerProxy.java:startImpl(400)) - omNode-2: start RPC server
2023-06-28 21:18:28,271 [main] INFO  server.GrpcService (GrpcService.java:startImpl(302)) - omNode-2: GrpcService started, listening on 15011
2023-06-28 21:18:28,271 [omNode-2@group-523986131536-FollowerState] INFO  server.RaftServerConfigKeys (ConfUtils.java:logFallback(53)) - raft.server.rpc.first-election.timeout.min = 1s (fallback to raft.server.rpc.timeout.min)
2023-06-28 21:18:28,271 [omNode-2@group-523986131536-FollowerState] INFO  server.RaftServerConfigKeys (ConfUtils.java:logFallback(53)) - raft.server.rpc.first-election.timeout.max = 1200ms (fallback to raft.server.rpc.timeout.max)
2023-06-28 21:18:28,271 [JvmPauseMonitor2] INFO  util.JvmPauseMonitor (JvmPauseMonitor.java:run(103)) - JvmPauseMonitor-omNode-2: Started
2023-06-28 21:18:28,272 [main] INFO  om.OzoneManager (OzoneManager.java:start(1623)) - Version File has different layout version (6) than OM DB (null). That is expected if this OM has never been finalized to a newer layout version.
2023-06-28 21:18:28,296 [main] INFO  http.BaseHttpServer (BaseHttpServer.java:newHttpServer2BuilderForOzone(224)) - Starting Web-server for ozoneManager at: http://0.0.0.0:15009
2023-06-28 21:18:28,297 [main] INFO  http.BaseHttpServer (BaseHttpServer.java:<init>(111)) - Hadoop Security Enabled: false Ozone Security Enabled: false Ozone HTTP Security Enabled: false 
2023-06-28 21:18:28,300 [main] WARN  server.AuthenticationFilter (AuthenticationFilter.java:constructSecretProvider(240)) - Unable to initialize FileSignerSecretProvider, falling back to use random secrets. Reason: Could not read signature secret file: /home/runner/hadoop-http-auth-signature-secret
2023-06-28 21:18:28,304 [main] INFO  http.HttpRequestLog (HttpRequestLog.java:getRequestLog(86)) - Http request log for http.requests.ozoneManager is not defined
2023-06-28 21:18:28,306 [main] INFO  http.HttpServer2 (HttpServer2.java:addGlobalFilter(1031)) - Added global filter 'safety' (class=org.apache.hadoop.hdds.server.http.HttpServer2$QuotingInputFilter)
2023-06-28 21:18:28,307 [main] INFO  http.HttpServer2 (HttpServer2.java:addFilter(1007)) - Added filter static_user_filter (class=org.apache.hadoop.http.lib.StaticUserWebFilter$StaticUserFilter) to context ozoneManager
2023-06-28 21:18:28,307 [main] INFO  http.HttpServer2 (HttpServer2.java:addFilter(1015)) - Added filter static_user_filter (class=org.apache.hadoop.http.lib.StaticUserWebFilter$StaticUserFilter) to context static
2023-06-28 21:18:28,307 [main] INFO  http.HttpServer2 (HttpServer2.java:addFilter(1015)) - Added filter static_user_filter (class=org.apache.hadoop.http.lib.StaticUserWebFilter$StaticUserFilter) to context logs
2023-06-28 21:18:28,308 [main] INFO  http.BaseHttpServer (BaseHttpServer.java:<init>(190)) - HTTP server of ozoneManager uses base directory /home/runner/work/ozone/ozone/hadoop-ozone/integration-test/target/test-dir/MiniOzoneClusterImpl-392d5ccd-e702-410a-a53a-05dc11be4355/omNode-2/webserver
2023-06-28 21:18:28,313 [main] INFO  http.HttpServer2 (HttpServer2.java:bindListener(1250)) - Jetty bound to port 15009
2023-06-28 21:18:28,313 [main] INFO  server.Server (Server.java:doStart(375)) - jetty-9.4.51.v20230217; built: 2023-02-17T08:19:37.309Z; git: b45c405e4544384de066f814ed42ae3dceacdd49; jvm 1.8.0_372-b07
2023-06-28 21:18:28,327 [main] INFO  server.session (DefaultSessionIdManager.java:doStart(334)) - DefaultSessionIdManager workerName=node0
2023-06-28 21:18:28,327 [main] INFO  server.session (DefaultSessionIdManager.java:doStart(339)) - No SessionScavenger set, using defaults
2023-06-28 21:18:28,327 [main] INFO  server.session (HouseKeeper.java:startScavenging(132)) - node0 Scavenging every 600000ms
2023-06-28 21:18:28,329 [main] INFO  handler.ContextHandler (ContextHandler.java:doStart(921)) - Started o.e.j.s.ServletContextHandler@2f97c35a{logs,/logs,file:///home/runner/work/ozone/ozone/hadoop-ozone/integration-test/target/log,AVAILABLE}
2023-06-28 21:18:28,330 [main] INFO  handler.ContextHandler (ContextHandler.java:doStart(921)) - Started o.e.j.s.ServletContextHandler@7bbaf6fc{static,/static,file:///home/runner/work/ozone/ozone/hadoop-ozone/integration-test/target/test-classes/webapps/static,AVAILABLE}
2023-06-28 21:18:28,334 [main] INFO  handler.ContextHandler (ContextHandler.java:doStart(921)) - Started o.e.j.w.WebAppContext@6425ba4e{ozoneManager,/,file:///home/runner/work/ozone/ozone/hadoop-ozone/integration-test/target/test-classes/webapps/ozoneManager/,AVAILABLE}{file:/home/runner/work/ozone/ozone/hadoop-ozone/integration-test/target/test-classes/webapps/ozoneManager}
2023-06-28 21:18:28,343 [main] INFO  server.AbstractConnector (AbstractConnector.java:doStart(333)) - Started ServerConnector@26414b51{HTTP/1.1, (http/1.1)}{0.0.0.0:15009}
2023-06-28 21:18:28,343 [main] INFO  server.Server (Server.java:doStart(415)) - Started @10660ms
2023-06-28 21:18:28,343 [main] WARN  impl.MetricsSystemImpl (MetricsSystemImpl.java:register(279)) - Sink prometheus already exists!
2023-06-28 21:18:28,344 [main] INFO  http.BaseHttpServer (BaseHttpServer.java:updateConnectorAddress(344)) - HTTP server of ozoneManager listening at http://0.0.0.0:15009
2023-06-28 21:18:28,345 [IPC Server Responder] INFO  ipc.Server (Server.java:run(1562)) - IPC Server Responder: starting
2023-06-28 21:18:28,347 [IPC Server listener on 15008] INFO  ipc.Server (Server.java:run(1402)) - IPC Server listener on 15008: starting
2023-06-28 21:18:28,359 [main] INFO  om.OzoneManager (OzoneManager.java:startTrashEmptier(2082)) - Trash Interval set to 0. Files deleted won't move to trash
2023-06-28 21:18:28,359 [main] INFO  ozone.MiniOzoneHAClusterImpl (MiniOzoneHAClusterImpl.java:createOMService(505)) - Started OzoneManager omNode-2 RPC server at localhost/127.0.0.1:15008
2023-06-28 21:18:28,360 [main] INFO  ha.OMHANodeDetails (OMHANodeDetails.java:loadOMHAConfig(121)) - ServiceID for OzoneManager is om-service-test1
2023-06-28 21:18:28,362 [main] INFO  ha.OMHANodeDetails (OMHANodeDetails.java:loadOMHAConfig(201)) - Found matching OM address with OMServiceId: om-service-test1, OMNodeId: omNode-3, RPC Address: localhost:15012 and Ratis port: 15015
2023-06-28 21:18:28,362 [main] INFO  ha.OMHANodeDetails (ConfUtils.java:setNodeSpecificConfigs(97)) - Setting configuration key ozone.om.http-address with value of key ozone.om.http-address.om-service-test1.omNode-3: 127.0.0.1:15013
2023-06-28 21:18:28,362 [main] INFO  ha.OMHANodeDetails (ConfUtils.java:setNodeSpecificConfigs(97)) - Setting configuration key ozone.om.https-address with value of key ozone.om.https-address.om-service-test1.omNode-3: 127.0.0.1:15014
2023-06-28 21:18:28,362 [main] INFO  ha.OMHANodeDetails (ConfUtils.java:setNodeSpecificConfigs(97)) - Setting configuration key ozone.om.address with value of key ozone.om.address.om-service-test1.omNode-3: 127.0.0.1:15012
2023-06-28 21:18:28,362 [main] WARN  server.ServerUtils (ServerUtils.java:getDBPath(311)) - ozone.om.db.dirs is not configured. We recommend adding this setting. Falling back to ozone.metadata.dirs instead.
2023-06-28 21:18:28,368 [main] INFO  proxy.SCMBlockLocationFailoverProxyProvider (SCMBlockLocationFailoverProxyProvider.java:<init>(114)) - Created block location fail-over proxy with 1 nodes: [nodeId=scmNodeId,nodeAddress=/0.0.0.0:15001]
OM initialization succeeded.Current cluster id for sd=/home/runner/work/ozone/ozone/hadoop-ozone/integration-test/target/test-dir/MiniOzoneClusterImpl-392d5ccd-e702-410a-a53a-05dc11be4355/omNode-3/om;cid=392d5ccd-e702-410a-a53a-05dc11be4355;layoutVersion=6
2023-06-28 21:18:28,395 [main] INFO  ha.OMHANodeDetails (OMHANodeDetails.java:loadOMHAConfig(121)) - ServiceID for OzoneManager is om-service-test1
2023-06-28 21:18:28,396 [main] INFO  ha.OMHANodeDetails (OMHANodeDetails.java:loadOMHAConfig(201)) - Found matching OM address with OMServiceId: om-service-test1, OMNodeId: omNode-3, RPC Address: localhost:15012 and Ratis port: 15015
2023-06-28 21:18:28,396 [main] INFO  ha.OMHANodeDetails (ConfUtils.java:setNodeSpecificConfigs(97)) - Setting configuration key ozone.om.http-address with value of key ozone.om.http-address.om-service-test1.omNode-3: 127.0.0.1:15013
2023-06-28 21:18:28,396 [main] INFO  ha.OMHANodeDetails (ConfUtils.java:setNodeSpecificConfigs(97)) - Setting configuration key ozone.om.https-address with value of key ozone.om.https-address.om-service-test1.omNode-3: 127.0.0.1:15014
2023-06-28 21:18:28,396 [main] INFO  ha.OMHANodeDetails (ConfUtils.java:setNodeSpecificConfigs(97)) - Setting configuration key ozone.om.address with value of key ozone.om.address.om-service-test1.omNode-3: 127.0.0.1:15012
2023-06-28 21:18:28,397 [main] WARN  server.ServerUtils (ServerUtils.java:getDBPath(311)) - ozone.om.db.dirs is not configured. We recommend adding this setting. Falling back to ozone.metadata.dirs instead.
2023-06-28 21:18:28,398 [main] INFO  upgrade.AbstractLayoutVersionManager (AbstractLayoutVersionManager.java:init(83)) - Initializing Layout version manager with metadata layout = QUOTA (version = 6), software layout = QUOTA (version = 6)
2023-06-28 21:18:28,570 [main] INFO  reflections.Reflections (Reflections.java:scan(232)) - Reflections took 171 ms to scan 2 urls, producing 184 keys and 505 values [using 2 cores]
2023-06-28 21:18:28,570 [main] INFO  upgrade.OMLayoutVersionManager (OMLayoutVersionManager.java:lambda$0(115)) - Skipping Upgrade Action MockOmUpgradeAction since it has been finalized.
2023-06-28 21:18:28,570 [main] INFO  upgrade.OMLayoutVersionManager (OMLayoutVersionManager.java:lambda$0(115)) - Skipping Upgrade Action QuotaRepairUpgradeAction since it has been finalized.
2023-06-28 21:18:28,571 [main] WARN  server.ServerUtils (ServerUtils.java:getDBPath(311)) - ozone.om.db.dirs is not configured. We recommend adding this setting. Falling back to ozone.metadata.dirs instead.
2023-06-28 21:18:28,572 [main] INFO  proxy.SCMBlockLocationFailoverProxyProvider (SCMBlockLocationFailoverProxyProvider.java:<init>(114)) - Created block location fail-over proxy with 1 nodes: [nodeId=scmNodeId,nodeAddress=/0.0.0.0:15001]
2023-06-28 21:18:28,582 [main] INFO  proxy.SCMBlockLocationFailoverProxyProvider (SCMBlockLocationFailoverProxyProvider.java:<init>(114)) - Created block location fail-over proxy with 1 nodes: [nodeId=scmNodeId,nodeAddress=/0.0.0.0:15001]
2023-06-28 21:18:28,621 [main] INFO  om.OzoneManager (OzoneManager.java:<init>(651)) - OM start with adminUsers: [runner]
2023-06-28 21:18:28,622 [main] WARN  server.ServerUtils (ServerUtils.java:getDBPath(311)) - ozone.om.db.dirs is not configured. We recommend adding this setting. Falling back to ozone.metadata.dirs instead.
2023-06-28 21:18:28,623 [main] INFO  helpers.OmKeyInfo (OmKeyInfo.java:getCodec(71)) - OmKeyInfo.getCodec ignorePipeline = true
2023-06-28 21:18:28,676 [omNode-1@group-523986131536-LeaderElection1] INFO  impl.LeaderElection (LogUtils.java:infoOrTrace(137)) - omNode-1@group-523986131536-LeaderElection1 got exception when requesting votes: java.util.concurrent.ExecutionException: org.apache.ratis.thirdparty.io.grpc.StatusRuntimeException: UNAVAILABLE: io exception
2023-06-28 21:18:28,796 [grpc-default-executor-1] INFO  server.RaftServer$Division (RaftServerImpl.java:requestVote(1302)) - omNode-2@group-523986131536: receive requestVote(PRE_VOTE, omNode-1, group-523986131536, 0, (t:0, i:~))
2023-06-28 21:18:28,799 [grpc-default-executor-1] INFO  impl.VoteContext (VoteContext.java:log(49)) - omNode-2@group-523986131536-FOLLOWER: accept PRE_VOTE from omNode-1: our priority 0 <= candidate's priority 0
2023-06-28 21:18:28,806 [grpc-default-executor-1] INFO  server.RaftServer$Division (RaftServerImpl.java:requestVote(1335)) - omNode-2@group-523986131536 replies to PRE_VOTE vote request: omNode-1<-omNode-2#0:OK-t0. Peer's state: omNode-2@group-523986131536:t0, leader=null, voted=, raftlog=Memoized:omNode-2@group-523986131536-SegmentedRaftLog:OPENED:c-1, conf=-1: peers:[omNode-3|rpc:localhost:15015|priority:0|startupRole:FOLLOWER, omNode-1|rpc:localhost:15007|priority:0|startupRole:FOLLOWER, omNode-2|rpc:localhost:15011|priority:0|startupRole:FOLLOWER]|listeners:[], old=null
2023-06-28 21:18:28,819 [omNode-1@group-523986131536-LeaderElection1] INFO  impl.LeaderElection (LeaderElection.java:logAndReturn(90)) - omNode-1@group-523986131536-LeaderElection1: PRE_VOTE PASSED received 1 response(s) and 1 exception(s):
2023-06-28 21:18:28,819 [omNode-1@group-523986131536-LeaderElection1] INFO  impl.LeaderElection (LeaderElection.java:logAndReturn(94)) -   Response 0: omNode-1<-omNode-2#0:OK-t0
2023-06-28 21:18:28,819 [omNode-1@group-523986131536-LeaderElection1] INFO  impl.LeaderElection (LogUtils.java:infoOrTrace(137)) -   Exception 1: java.util.concurrent.ExecutionException: org.apache.ratis.thirdparty.io.grpc.StatusRuntimeException: UNAVAILABLE: io exception
2023-06-28 21:18:28,820 [omNode-1@group-523986131536-LeaderElection1] INFO  impl.LeaderElection (LeaderElection.java:askForVotes(323)) - omNode-1@group-523986131536-LeaderElection1 PRE_VOTE round 0: result PASSED
2023-06-28 21:18:28,823 [omNode-1@group-523986131536-LeaderElection1] INFO  impl.LeaderElection (LeaderElection.java:askForVotes(321)) - omNode-1@group-523986131536-LeaderElection1 ELECTION round 0: submit vote requests at term 1 for -1: peers:[omNode-3|rpc:localhost:15015|priority:0|startupRole:FOLLOWER, omNode-1|rpc:localhost:15007|priority:0|startupRole:FOLLOWER, omNode-2|rpc:localhost:15011|priority:0|startupRole:FOLLOWER]|listeners:[], old=null
2023-06-28 21:18:28,824 [omNode-1@group-523986131536-LeaderElection1] INFO  server.RaftServerConfigKeys (ConfUtils.java:logFallback(53)) - raft.server.rpc.first-election.timeout.min = 1s (fallback to raft.server.rpc.timeout.min)
2023-06-28 21:18:28,824 [omNode-1@group-523986131536-LeaderElection1] INFO  server.RaftServerConfigKeys (ConfUtils.java:logFallback(53)) - raft.server.rpc.first-election.timeout.max = 1200ms (fallback to raft.server.rpc.timeout.max)
2023-06-28 21:18:28,824 [omNode-1@group-523986131536-LeaderElection1] INFO  impl.LeaderElection (LogUtils.java:infoOrTrace(137)) - omNode-1@group-523986131536-LeaderElection1 got exception when requesting votes: java.util.concurrent.ExecutionException: org.apache.ratis.thirdparty.io.grpc.StatusRuntimeException: UNAVAILABLE: io exception
2023-06-28 21:18:28,829 [grpc-default-executor-1] INFO  server.RaftServer$Division (RaftServerImpl.java:requestVote(1302)) - omNode-2@group-523986131536: receive requestVote(ELECTION, omNode-1, group-523986131536, 1, (t:0, i:~))
2023-06-28 21:18:28,830 [grpc-default-executor-1] INFO  impl.VoteContext (VoteContext.java:log(49)) - omNode-2@group-523986131536-FOLLOWER: accept ELECTION from omNode-1: our priority 0 <= candidate's priority 0
2023-06-28 21:18:28,830 [grpc-default-executor-1] INFO  server.RaftServer$Division (RaftServerImpl.java:setRole(329)) - omNode-2@group-523986131536: changes role from  FOLLOWER to FOLLOWER at term 1 for candidate:omNode-1
2023-06-28 21:18:28,830 [grpc-default-executor-1] INFO  impl.RoleInfo (RoleInfo.java:shutdownFollowerState(110)) - omNode-2: shutdown omNode-2@group-523986131536-FollowerState
2023-06-28 21:18:28,830 [grpc-default-executor-1] INFO  impl.RoleInfo (RoleInfo.java:updateAndGet(139)) - omNode-2: start omNode-2@group-523986131536-FollowerState
2023-06-28 21:18:28,831 [omNode-2@group-523986131536-FollowerState] INFO  impl.FollowerState (FollowerState.java:run(152)) - omNode-2@group-523986131536-FollowerState was interrupted
2023-06-28 21:18:28,832 [grpc-default-executor-1] INFO  server.RaftServer$Division (RaftServerImpl.java:requestVote(1335)) - omNode-2@group-523986131536 replies to ELECTION vote request: omNode-1<-omNode-2#0:OK-t1. Peer's state: omNode-2@group-523986131536:t1, leader=null, voted=omNode-1, raftlog=Memoized:omNode-2@group-523986131536-SegmentedRaftLog:OPENED:c-1, conf=-1: peers:[omNode-3|rpc:localhost:15015|priority:0|startupRole:FOLLOWER, omNode-1|rpc:localhost:15007|priority:0|startupRole:FOLLOWER, omNode-2|rpc:localhost:15011|priority:0|startupRole:FOLLOWER]|listeners:[], old=null
2023-06-28 21:18:28,835 [omNode-1@group-523986131536-LeaderElection1] INFO  impl.LeaderElection (LeaderElection.java:logAndReturn(90)) - omNode-1@group-523986131536-LeaderElection1: ELECTION PASSED received 1 response(s) and 1 exception(s):
2023-06-28 21:18:28,835 [omNode-1@group-523986131536-LeaderElection1] INFO  impl.LeaderElection (LeaderElection.java:logAndReturn(94)) -   Response 0: omNode-1<-omNode-2#0:OK-t1
2023-06-28 21:18:28,835 [omNode-1@group-523986131536-LeaderElection1] INFO  impl.LeaderElection (LogUtils.java:infoOrTrace(137)) -   Exception 1: java.util.concurrent.ExecutionException: org.apache.ratis.thirdparty.io.grpc.StatusRuntimeException: UNAVAILABLE: io exception
2023-06-28 21:18:28,835 [omNode-1@group-523986131536-LeaderElection1] INFO  impl.LeaderElection (LeaderElection.java:askForVotes(323)) - omNode-1@group-523986131536-LeaderElection1 ELECTION round 0: result PASSED
2023-06-28 21:18:28,835 [omNode-1@group-523986131536-LeaderElection1] INFO  impl.RoleInfo (RoleInfo.java:shutdownLeaderElection(130)) - omNode-1: shutdown omNode-1@group-523986131536-LeaderElection1
2023-06-28 21:18:28,836 [omNode-1@group-523986131536-LeaderElection1] INFO  server.RaftServer$Division (RaftServerImpl.java:setRole(329)) - omNode-1@group-523986131536: changes role from CANDIDATE to LEADER at term 1 for changeToLeader
2023-06-28 21:18:28,838 [omNode-1@group-523986131536-LeaderElection1] INFO  server.RaftServer$Division (ServerState.java:setLeader(317)) - omNode-1@group-523986131536: change Leader from null to omNode-1 at term 1 for becomeLeader, leader elected after 3366ms
2023-06-28 21:18:28,847 [omNode-1@group-523986131536-LeaderElection1] INFO  server.RaftServerConfigKeys (ConfUtils.java:logGet(46)) - raft.server.staging.catchup.gap = 1000 (default)
2023-06-28 21:18:28,852 [omNode-1@group-523986131536-LeaderElection1] INFO  server.RaftServerConfigKeys (ConfUtils.java:logGet(46)) - raft.server.write.element-limit = 4096 (default)
2023-06-28 21:18:28,852 [omNode-1@group-523986131536-LeaderElection1] INFO  server.RaftServerConfigKeys (ConfUtils.java:logGet(46)) - raft.server.write.byte-limit = 64MB (=67108864) (default)
2023-06-28 21:18:28,858 [omNode-1@group-523986131536-LeaderElection1] INFO  server.RaftServerConfigKeys (ConfUtils.java:logGet(46)) - raft.server.watch.timeout = 10s (default)
2023-06-28 21:18:28,858 [omNode-1@group-523986131536-LeaderElection1] INFO  server.RaftServerConfigKeys (ConfUtils.java:logGet(46)) - raft.server.watch.timeout.denomination = 1s (default)
2023-06-28 21:18:28,858 [omNode-1@group-523986131536-LeaderElection1] INFO  server.RaftServerConfigKeys (ConfUtils.java:logGet(46)) - raft.server.watch.element-limit = 65536 (default)
2023-06-28 21:18:28,864 [omNode-1@group-523986131536-LeaderElection1] INFO  server.RaftServerConfigKeys (ConfUtils.java:logGet(46)) - raft.server.write.element-limit = 4096 (default)
2023-06-28 21:18:28,866 [omNode-1@group-523986131536-LeaderElection1] INFO  server.RaftServerConfigKeys (ConfUtils.java:logGet(46)) - raft.server.write.follower.gap.ratio.max = -1.0 (default)
2023-06-28 21:18:28,880 [omNode-1@group-523986131536-LeaderElection1] INFO  server.RaftServerConfigKeys (ConfUtils.java:logGet(46)) - raft.server.log.appender.snapshot.chunk.size.max = 16MB (=16777216) (default)
2023-06-28 21:18:28,880 [omNode-1@group-523986131536-LeaderElection1] INFO  server.RaftServerConfigKeys (ConfUtils.java:logGet(46)) - raft.server.log.appender.buffer.byte-limit = 33554432 (custom)
2023-06-28 21:18:28,880 [omNode-1@group-523986131536-LeaderElection1] INFO  server.RaftServerConfigKeys (ConfUtils.java:logGet(46)) - raft.server.log.appender.buffer.element-limit = 1024 (custom)
2023-06-28 21:18:28,882 [omNode-1@group-523986131536-LeaderElection1] INFO  server.RaftServerConfigKeys (ConfUtils.java:logGet(46)) - raft.server.log.appender.wait-time.min = 10ms (default)
2023-06-28 21:18:28,883 [omNode-1@group-523986131536-LeaderElection1] INFO  grpc.GrpcConfigKeys (ConfUtils.java:logGet(46)) - raft.grpc.server.leader.outstanding.appends.max = 128 (default)
2023-06-28 21:18:28,884 [omNode-1@group-523986131536-LeaderElection1] INFO  server.RaftServerConfigKeys (ConfUtils.java:logGet(46)) - raft.server.rpc.request.timeout = 3000ms (default)
2023-06-28 21:18:28,885 [omNode-1@group-523986131536-LeaderElection1] INFO  grpc.GrpcConfigKeys (ConfUtils.java:logGet(46)) - raft.grpc.server.install_snapshot.request.element-limit = 8 (default)
2023-06-28 21:18:28,885 [omNode-1@group-523986131536-LeaderElection1] INFO  grpc.GrpcConfigKeys (ConfUtils.java:logGet(46)) - raft.grpc.server.install_snapshot.request.timeout = 3000ms (default)
2023-06-28 21:18:28,885 [omNode-1@group-523986131536-LeaderElection1] INFO  server.RaftServerConfigKeys (ConfUtils.java:logGet(46)) - raft.server.log.appender.install.snapshot.enabled = false (custom)
2023-06-28 21:18:28,885 [omNode-1@group-523986131536-LeaderElection1] INFO  grpc.GrpcConfigKeys (ConfUtils.java:logGet(46)) - raft.grpc.server.heartbeat.channel = true (default)
2023-06-28 21:18:28,887 [omNode-1@group-523986131536-LeaderElection1] INFO  server.RaftServerConfigKeys (ConfUtils.java:logGet(46)) - raft.server.log.appender.snapshot.chunk.size.max = 16MB (=16777216) (default)
2023-06-28 21:18:28,888 [omNode-1@group-523986131536-LeaderElection1] INFO  server.RaftServerConfigKeys (ConfUtils.java:logGet(46)) - raft.server.log.appender.buffer.byte-limit = 33554432 (custom)
2023-06-28 21:18:28,888 [omNode-1@group-523986131536-LeaderElection1] INFO  server.RaftServerConfigKeys (ConfUtils.java:logGet(46)) - raft.server.log.appender.buffer.element-limit = 1024 (custom)
2023-06-28 21:18:28,888 [omNode-1@group-523986131536-LeaderElection1] INFO  server.RaftServerConfigKeys (ConfUtils.java:logGet(46)) - raft.server.log.appender.wait-time.min = 10ms (default)
2023-06-28 21:18:28,888 [omNode-1@group-523986131536-LeaderElection1] INFO  grpc.GrpcConfigKeys (ConfUtils.java:logGet(46)) - raft.grpc.server.leader.outstanding.appends.max = 128 (default)
2023-06-28 21:18:28,888 [omNode-1@group-523986131536-LeaderElection1] INFO  server.RaftServerConfigKeys (ConfUtils.java:logGet(46)) - raft.server.rpc.request.timeout = 3000ms (default)
2023-06-28 21:18:28,888 [omNode-1@group-523986131536-LeaderElection1] INFO  grpc.GrpcConfigKeys (ConfUtils.java:logGet(46)) - raft.grpc.server.install_snapshot.request.element-limit = 8 (default)
2023-06-28 21:18:28,888 [omNode-1@group-523986131536-LeaderElection1] INFO  grpc.GrpcConfigKeys (ConfUtils.java:logGet(46)) - raft.grpc.server.install_snapshot.request.timeout = 3000ms (default)
2023-06-28 21:18:28,888 [omNode-1@group-523986131536-LeaderElection1] INFO  server.RaftServerConfigKeys (ConfUtils.java:logGet(46)) - raft.server.log.appender.install.snapshot.enabled = false (custom)
2023-06-28 21:18:28,888 [omNode-1@group-523986131536-LeaderElection1] INFO  grpc.GrpcConfigKeys (ConfUtils.java:logGet(46)) - raft.grpc.server.heartbeat.channel = true (default)
2023-06-28 21:18:28,890 [omNode-1@group-523986131536-LeaderElection1] INFO  impl.RoleInfo (RoleInfo.java:updateAndGet(139)) - omNode-1: start omNode-1@group-523986131536-LeaderStateImpl
2023-06-28 21:18:28,907 [omNode-1@group-523986131536-LeaderElection1] INFO  segmented.SegmentedRaftLogWorker (SegmentedRaftLogWorker.java:startLogSegment(447)) - omNode-1@group-523986131536-SegmentedRaftLogWorker: Starting segment from index:0
2023-06-28 21:18:28,930 [omNode-1@group-523986131536-LeaderElection1] INFO  server.RaftServer$Division (ServerState.java:setRaftConf(434)) - omNode-1@group-523986131536: set configuration 0: peers:[omNode-3|rpc:localhost:15015|admin:|client:|dataStream:|priority:0|startupRole:FOLLOWER, omNode-1|rpc:localhost:15007|admin:|client:|dataStream:|priority:0|startupRole:FOLLOWER, omNode-2|rpc:localhost:15011|admin:|client:|dataStream:|priority:0|startupRole:FOLLOWER]|listeners:[], old=null
2023-06-28 21:18:28,958 [grpc-default-executor-1] WARN  server.GrpcLogAppender (LogUtils.java:warn(122)) - omNode-1@group-523986131536->omNode-3-AppendLogResponseHandler: Failed appendEntries: org.apache.ratis.thirdparty.io.grpc.StatusRuntimeException: UNAVAILABLE: io exception
2023-06-28 21:18:29,011 [grpc-default-executor-1] INFO  leader.FollowerInfo (FollowerInfoImpl.java:lambda$new$0(52)) - omNode-1@group-523986131536->omNode-3: decreaseNextIndex nextIndex: updateUnconditionally 1 -> 0
2023-06-28 21:18:29,021 [grpc-default-executor-5] WARN  server.GrpcLogAppender (LogUtils.java:warn(122)) - omNode-1@group-523986131536->omNode-3-AppendLogResponseHandler: Failed appendEntries: org.apache.ratis.thirdparty.io.grpc.StatusRuntimeException: UNAVAILABLE: io exception
2023-06-28 21:18:29,037 [grpc-default-executor-5] INFO  leader.FollowerInfo (FollowerInfoImpl.java:lambda$new$0(52)) - omNode-1@group-523986131536->omNode-3: decreaseNextIndex nextIndex: updateUnconditionally 1 -> 0
2023-06-28 21:18:29,067 [omNode-2-server-thread1] INFO  server.RaftServer$Division (ServerState.java:setLeader(317)) - omNode-2@group-523986131536: change Leader from null to omNode-1 at term 1 for appendEntries, leader elected after 1760ms
2023-06-28 21:18:29,069 [grpc-default-executor-3] WARN  server.GrpcLogAppender (LogUtils.java:warn(122)) - omNode-1@group-523986131536->omNode-3-AppendLogResponseHandler: Failed appendEntries: org.apache.ratis.thirdparty.io.grpc.StatusRuntimeException: UNAVAILABLE: io exception
2023-06-28 21:18:29,073 [grpc-default-executor-3] WARN  server.GrpcLogAppender (LogUtils.java:warn(122)) - omNode-1@group-523986131536->omNode-3-AppendLogResponseHandler: Failed appendEntries: org.apache.ratis.thirdparty.io.grpc.StatusRuntimeException: UNAVAILABLE: io exception
2023-06-28 21:18:29,078 [omNode-2-server-thread1] INFO  server.RaftServer$Division (ServerState.java:setRaftConf(434)) - omNode-2@group-523986131536: set configuration 0: peers:[omNode-3|rpc:localhost:15015|admin:|client:|dataStream:|priority:0|startupRole:FOLLOWER, omNode-1|rpc:localhost:15007|admin:|client:|dataStream:|priority:0|startupRole:FOLLOWER, omNode-2|rpc:localhost:15011|admin:|client:|dataStream:|priority:0|startupRole:FOLLOWER]|listeners:[], old=null
2023-06-28 21:18:29,078 [omNode-2-server-thread1] INFO  segmented.SegmentedRaftLogWorker (SegmentedRaftLogWorker.java:startLogSegment(447)) - omNode-2@group-523986131536-SegmentedRaftLogWorker: Starting segment from index:0
2023-06-28 21:18:29,095 [main] INFO  om.OzoneManager (OzoneManager.java:instantiateServices(780)) - S3 Multi-Tenancy is disabled
2023-06-28 21:18:29,100 [main] INFO  om.OmSnapshotManager (OmSnapshotManager.java:<init>(176)) - Ozone filesystem snapshot feature is enabled.
2023-06-28 21:18:29,100 [main] WARN  server.ServerUtils (ServerUtils.java:getDBPath(311)) - ozone.om.snapshot.diff.db.dir is not configured. We recommend adding this setting. Falling back to ozone.metadata.dirs instead.
2023-06-28 21:18:29,149 [omNode-2@group-523986131536-SegmentedRaftLogWorker] INFO  segmented.SegmentedRaftLogWorker (SegmentedRaftLogWorker.java:execute(651)) - omNode-2@group-523986131536-SegmentedRaftLogWorker: created new log segment /home/runner/work/ozone/ozone/hadoop-ozone/integration-test/target/test-dir/MiniOzoneClusterImpl-392d5ccd-e702-410a-a53a-05dc11be4355/omNode-2/ratis/c9bc4cf4-3bc3-3c60-a66b-523986131536/current/log_inprogress_0
2023-06-28 21:18:29,152 [omNode-1@group-523986131536-SegmentedRaftLogWorker] INFO  segmented.SegmentedRaftLogWorker (SegmentedRaftLogWorker.java:execute(651)) - omNode-1@group-523986131536-SegmentedRaftLogWorker: created new log segment /home/runner/work/ozone/ozone/hadoop-ozone/integration-test/target/test-dir/MiniOzoneClusterImpl-392d5ccd-e702-410a-a53a-05dc11be4355/omNode-1/ratis/c9bc4cf4-3bc3-3c60-a66b-523986131536/current/log_inprogress_0
2023-06-28 21:18:29,159 [main] INFO  snapshot.SnapshotDiffManager (SnapshotDiffManager.java:closeExecutorService(1687)) - Shutting down executorService: 'SstDumpToolExecutor'
2023-06-28 21:18:29,175 [main] INFO  om.OzoneManager (OzoneManager.java:addS3GVolumeToDB(4259)) - Created Volume s3v With Owner runner required for S3Gateway operations.
2023-06-28 21:18:29,175 [main] WARN  server.ServerUtils (ServerUtils.java:getDefaultRatisDirectory(323)) - Storage directory for Ratis is not configured. It is a good idea to map this to an SSD disk. Falling back to ozone.metadata.dirs
2023-06-28 21:18:29,175 [main] WARN  utils.OzoneManagerRatisUtils (OzoneManagerRatisUtils.java:getOMRatisSnapshotDirectory(461)) - ozone.om.ratis.snapshot.dir is not configured. Falling back to ozone.metadata.dirs config
2023-06-28 21:18:29,176 [main] INFO  utils.RDBSnapshotProvider (RDBSnapshotProvider.java:init(86)) - Cleaning up the candidate dir: /home/runner/work/ozone/ozone/hadoop-ozone/integration-test/target/test-dir/MiniOzoneClusterImpl-392d5ccd-e702-410a-a53a-05dc11be4355/omNode-3/snapshot/om.db.candidate
2023-06-28 21:18:29,176 [main] INFO  ratis_snapshot.OmRatisSnapshotProvider (OmRatisSnapshotProvider.java:<init>(99)) - Initializing OM Snapshot Provider
2023-06-28 21:18:29,177 [grpc-default-executor-1] WARN  server.GrpcLogAppender (LogUtils.java:warn(122)) - omNode-1@group-523986131536->omNode-3-AppendLogResponseHandler: Failed appendEntries: org.apache.ratis.thirdparty.io.grpc.StatusRuntimeException: UNAVAILABLE: io exception
2023-06-28 21:18:29,179 [grpc-default-executor-1] INFO  leader.FollowerInfo (FollowerInfoImpl.java:lambda$new$0(52)) - omNode-1@group-523986131536->omNode-3: decreaseNextIndex nextIndex: updateUnconditionally 1 -> 0
2023-06-28 21:18:29,180 [grpc-default-executor-4] WARN  server.GrpcLogAppender (LogUtils.java:warn(122)) - omNode-1@group-523986131536->omNode-3-AppendLogResponseHandler: Failed appendEntries: org.apache.ratis.thirdparty.io.grpc.StatusRuntimeException: UNAVAILABLE: io exception
2023-06-28 21:18:29,182 [main] WARN  impl.MetricRegistriesImpl (MetricRegistriesImpl.java:addReporterRegistration(111)) - New reporters are added after registries were created. Some metrics will be missing from the reporter. Please add reporter before adding any new registry.
2023-06-28 21:18:29,182 [main] WARN  impl.MetricRegistriesImpl (MetricRegistriesImpl.java:addReporterRegistration(111)) - New reporters are added after registries were created. Some metrics will be missing from the reporter. Please add reporter before adding any new registry.
2023-06-28 21:18:29,183 [main] WARN  server.ServerUtils (ServerUtils.java:getDefaultRatisDirectory(323)) - Storage directory for Ratis is not configured. It is a good idea to map this to an SSD disk. Falling back to ozone.metadata.dirs
2023-06-28 21:18:29,184 [main] INFO  ratis.OzoneManagerRatisServer (OzoneManagerRatisServer.java:<init>(163)) - Instantiating OM Ratis server with groupID: om-service-test1 and peers: localhost:15015, localhost:15007, localhost:15011
2023-06-28 21:18:29,188 [main] INFO  ratis.OzoneManagerStateMachine (OzoneManagerStateMachine.java:loadSnapshotInfoFromDB(670)) - LastAppliedIndex is set from TransactionInfo from OM DB as (t:0, i:~)
2023-06-28 21:18:29,191 [grpc-default-executor-1] WARN  server.GrpcLogAppender (LogUtils.java:warn(122)) - omNode-1@group-523986131536->omNode-3-AppendLogResponseHandler: Failed appendEntries: org.apache.ratis.thirdparty.io.grpc.StatusRuntimeException: UNAVAILABLE: io exception
2023-06-28 21:18:29,191 [grpc-default-executor-4] WARN  server.GrpcLogAppender (LogUtils.java:warn(122)) - omNode-1@group-523986131536->omNode-3-AppendLogResponseHandler: Failed appendEntries: org.apache.ratis.thirdparty.io.grpc.StatusRuntimeException: UNAVAILABLE: io exception
2023-06-28 21:18:29,192 [grpc-default-executor-1] INFO  leader.FollowerInfo (FollowerInfoImpl.java:lambda$new$0(52)) - omNode-1@group-523986131536->omNode-3: decreaseNextIndex nextIndex: updateUnconditionally 1 -> 0
2023-06-28 21:18:29,192 [main] INFO  server.RaftServer (ConfUtils.java:logGet(46)) - raft.rpc.type = GRPC (default)
2023-06-28 21:18:29,193 [main] INFO  grpc.GrpcConfigKeys (ConfUtils.java:logFallback(53)) - raft.grpc.admin.host = null (fallback to raft.grpc.server.host)
2023-06-28 21:18:29,193 [main] INFO  grpc.GrpcConfigKeys (ConfUtils.java:logFallback(53)) - raft.grpc.admin.port = 15015 (fallback to raft.grpc.server.port)
2023-06-28 21:18:29,193 [main] INFO  grpc.GrpcConfigKeys (ConfUtils.java:logFallback(53)) - raft.grpc.client.host = null (fallback to raft.grpc.server.host)
2023-06-28 21:18:29,193 [main] INFO  grpc.GrpcConfigKeys (ConfUtils.java:logFallback(53)) - raft.grpc.client.port = 15015 (fallback to raft.grpc.server.port)
2023-06-28 21:18:29,193 [main] INFO  grpc.GrpcConfigKeys (ConfUtils.java:logGet(46)) - raft.grpc.server.host = null (default)
2023-06-28 21:18:29,193 [main] INFO  grpc.GrpcConfigKeys (ConfUtils.java:logGet(46)) - raft.grpc.server.port = 15015 (custom)
2023-06-28 21:18:29,193 [main] INFO  server.GrpcService (ConfUtils.java:logGet(46)) - raft.grpc.message.size.max = 33554432 (custom)
2023-06-28 21:18:29,193 [main] INFO  server.RaftServerConfigKeys (ConfUtils.java:logGet(46)) - raft.server.log.appender.buffer.byte-limit = 33554432 (custom)
2023-06-28 21:18:29,194 [main] INFO  server.GrpcService (ConfUtils.java:logGet(46)) - raft.grpc.flow.control.window = 1MB (=1048576) (default)
2023-06-28 21:18:29,194 [main] INFO  server.RaftServerConfigKeys (ConfUtils.java:logGet(46)) - raft.server.rpc.request.timeout = 3000ms (default)
2023-06-28 21:18:29,194 [main] INFO  grpc.GrpcConfigKeys (ConfUtils.java:logGet(46)) - raft.grpc.server.heartbeat.channel = true (default)
2023-06-28 21:18:29,194 [main] INFO  grpc.GrpcConfigKeys (ConfUtils.java:logGet(46)) - raft.grpc.server.async.request.thread.pool.cached = true (default)
2023-06-28 21:18:29,194 [main] INFO  grpc.GrpcConfigKeys (ConfUtils.java:logGet(46)) - raft.grpc.server.async.request.thread.pool.size = 32 (default)
2023-06-28 21:18:29,198 [main] INFO  impl.DataStreamServerImpl (ConfUtils.java:logGet(46)) - raft.datastream.type = DISABLED (default)
2023-06-28 21:18:29,198 [main] INFO  server.RaftServerConfigKeys (ConfUtils.java:logGet(46)) - raft.server.threadpool.proxy.cached = true (default)
2023-06-28 21:18:29,198 [main] INFO  server.RaftServerConfigKeys (ConfUtils.java:logGet(46)) - raft.server.threadpool.proxy.size = 0 (default)
2023-06-28 21:18:29,199 [main] INFO  server.RaftServerConfigKeys (ConfUtils.java:logGet(46)) - raft.server.rpc.slowness.timeout = 2s (custom)
2023-06-28 21:18:29,199 [main] INFO  server.RaftServerConfigKeys (ConfUtils.java:logGet(46)) - raft.server.leaderelection.leader.step-down.wait-time = 10s (default)
2023-06-28 21:18:29,199 [main] INFO  server.RaftServerConfigKeys (ConfUtils.java:logGet(46)) - raft.server.storage.dir = [/home/runner/work/ozone/ozone/hadoop-ozone/integration-test/target/test-dir/MiniOzoneClusterImpl-392d5ccd-e702-410a-a53a-05dc11be4355/omNode-3/ratis] (custom)
2023-06-28 21:18:29,210 [main] INFO  server.RaftServer (RaftServerProxy.java:addNew(98)) - omNode-3: addNew group-523986131536:[omNode-3|rpc:localhost:15015|priority:0|startupRole:FOLLOWER, omNode-1|rpc:localhost:15007|priority:0|startupRole:FOLLOWER, omNode-2|rpc:localhost:15011|priority:0|startupRole:FOLLOWER] returns group-523986131536:java.util.concurrent.CompletableFuture@5f98b31[Not completed]
2023-06-28 21:18:29,210 [omNode-3-groupManagement] INFO  server.RaftServer$Division (RaftServerImpl.java:<init>(198)) - omNode-3: new RaftServerImpl for group-523986131536:[omNode-3|rpc:localhost:15015|priority:0|startupRole:FOLLOWER, omNode-1|rpc:localhost:15007|priority:0|startupRole:FOLLOWER, omNode-2|rpc:localhost:15011|priority:0|startupRole:FOLLOWER] with OzoneManagerStateMachine:uninitialized
2023-06-28 21:18:29,210 [main] INFO  om.OzoneManager (OzoneManager.java:initializeRatisServer(2129)) - OzoneManager Ratis server initialized at port 15015
2023-06-28 21:18:29,213 [main] INFO  om.OzoneManager (OzoneManager.java:getRpcServer(1177)) - Creating RPC Server
2023-06-28 21:18:29,213 [omNode-3-groupManagement] INFO  server.RaftServerConfigKeys (ConfUtils.java:logGet(46)) - raft.server.rpc.timeout.min = 1s (custom)
2023-06-28 21:18:29,214 [omNode-3-groupManagement] INFO  server.RaftServerConfigKeys (ConfUtils.java:logGet(46)) - raft.server.rpc.timeout.max = 1200ms (custom)
2023-06-28 21:18:29,215 [omNode-3-groupManagement] INFO  server.RaftServerConfigKeys (ConfUtils.java:logGet(46)) - raft.server.rpc.sleep.time = 25ms (default)
2023-06-28 21:18:29,215 [omNode-3-groupManagement] INFO  server.RaftServerConfigKeys (ConfUtils.java:logGet(46)) - raft.server.rpc.slowness.timeout = 2s (custom)
2023-06-28 21:18:29,215 [omNode-3-groupManagement] INFO  server.RaftServerConfigKeys (ConfUtils.java:logGet(46)) - raft.server.leaderelection.leader.step-down.wait-time = 10s (default)
2023-06-28 21:18:29,215 [omNode-3-groupManagement] INFO  server.RaftServerConfigKeys (ConfUtils.java:logGet(46)) - raft.server.sleep.deviation.threshold = 300ms (default)
2023-06-28 21:18:29,215 [omNode-3-groupManagement] INFO  server.RaftServer$Division (ServerState.java:<init>(120)) - omNode-3@group-523986131536: ConfigurationManager, init=-1: peers:[omNode-3|rpc:localhost:15015|priority:0|startupRole:FOLLOWER, omNode-1|rpc:localhost:15007|priority:0|startupRole:FOLLOWER, omNode-2|rpc:localhost:15011|priority:0|startupRole:FOLLOWER]|listeners:[], old=null, confs=<EMPTY_MAP>
2023-06-28 21:18:29,215 [omNode-3-groupManagement] INFO  server.RaftServerConfigKeys (ConfUtils.java:logGet(46)) - raft.server.storage.dir = [/home/runner/work/ozone/ozone/hadoop-ozone/integration-test/target/test-dir/MiniOzoneClusterImpl-392d5ccd-e702-410a-a53a-05dc11be4355/omNode-3/ratis] (custom)
2023-06-28 21:18:29,215 [omNode-3-groupManagement] INFO  server.RaftServerConfigKeys (ConfUtils.java:logGet(46)) - raft.server.log.corruption.policy = EXCEPTION (default)
2023-06-28 21:18:29,215 [omNode-3-groupManagement] INFO  server.RaftServerConfigKeys (ConfUtils.java:logGet(46)) - raft.server.storage.free-space.min = 0MB (=0) (default)
2023-06-28 21:18:29,215 [omNode-3-groupManagement] INFO  server.RaftServerConfigKeys (ConfUtils.java:logGet(46)) - raft.server.notification.no-leader.timeout = 2s (custom)
2023-06-28 21:18:29,216 [omNode-3-groupManagement] INFO  server.RaftServerConfigKeys (ConfUtils.java:logGet(46)) - raft.server.read.timeout = 10s (default)
2023-06-28 21:18:29,216 [omNode-3-groupManagement] INFO  server.RaftServerConfigKeys (ConfUtils.java:logGet(46)) - raft.server.retrycache.expirytime = 300s (custom)
2023-06-28 21:18:29,216 [omNode-3-groupManagement] INFO  server.RaftServerConfigKeys (ConfUtils.java:logGet(46)) - raft.server.retrycache.statistics.expirytime = 100μs (default)
2023-06-28 21:18:29,216 [omNode-3-groupManagement] INFO  server.RaftServerConfigKeys (ConfUtils.java:logGet(46)) - raft.server.read.option = DEFAULT (default)
2023-06-28 21:18:29,220 [omNode-3-groupManagement] INFO  server.RaftServerConfigKeys (ConfUtils.java:logGet(46)) - raft.server.rpc.request.timeout = 3000ms (default)
2023-06-28 21:18:29,220 [omNode-3-groupManagement] INFO  server.RaftServerConfigKeys (ConfUtils.java:logGet(46)) - raft.server.log.appender.install.snapshot.enabled = false (custom)
2023-06-28 21:18:29,220 [omNode-3-groupManagement] INFO  server.RaftServerConfigKeys (ConfUtils.java:logGet(46)) - raft.server.threadpool.server.cached = true (default)
2023-06-28 21:18:29,220 [omNode-3-groupManagement] INFO  server.RaftServerConfigKeys (ConfUtils.java:logGet(46)) - raft.server.threadpool.server.size = 0 (default)
2023-06-28 21:18:29,220 [omNode-3-groupManagement] INFO  server.RaftServerConfigKeys (ConfUtils.java:logGet(46)) - raft.server.threadpool.client.cached = true (default)
2023-06-28 21:18:29,220 [omNode-3-groupManagement] INFO  server.RaftServerConfigKeys (ConfUtils.java:logGet(46)) - raft.server.threadpool.client.size = 0 (default)
2023-06-28 21:18:29,223 [grpc-default-executor-3] WARN  server.GrpcLogAppender (LogUtils.java:warn(122)) - omNode-1@group-523986131536->omNode-3-AppendLogResponseHandler: Failed appendEntries: org.apache.ratis.thirdparty.io.grpc.StatusRuntimeException: UNAVAILABLE: io exception
2023-06-28 21:18:29,225 [grpc-default-executor-3] INFO  leader.FollowerInfo (FollowerInfoImpl.java:lambda$new$0(52)) - omNode-1@group-523986131536->omNode-3: decreaseNextIndex nextIndex: updateUnconditionally 1 -> 0
2023-06-28 21:18:29,225 [grpc-default-executor-4] WARN  server.GrpcLogAppender (LogUtils.java:warn(122)) - omNode-1@group-523986131536->omNode-3-AppendLogResponseHandler: Failed appendEntries: org.apache.ratis.thirdparty.io.grpc.StatusRuntimeException: UNAVAILABLE: io exception
2023-06-28 21:18:29,461 [grpc-default-executor-4] WARN  server.GrpcLogAppender (LogUtils.java:warn(122)) - omNode-1@group-523986131536->omNode-3-AppendLogResponseHandler: Failed appendEntries: org.apache.ratis.thirdparty.io.grpc.StatusRuntimeException: UNAVAILABLE: io exception
2023-06-28 21:18:29,462 [grpc-default-executor-3] WARN  server.GrpcLogAppender (LogUtils.java:warn(122)) - omNode-1@group-523986131536->omNode-3-AppendLogResponseHandler: Failed appendEntries: org.apache.ratis.thirdparty.io.grpc.StatusRuntimeException: UNAVAILABLE: io exception
2023-06-28 21:18:29,488 [grpc-default-executor-3] WARN  server.GrpcLogAppender (LogUtils.java:warn(122)) - omNode-1@group-523986131536->omNode-3-AppendLogResponseHandler: Failed appendEntries: org.apache.ratis.thirdparty.io.grpc.StatusRuntimeException: UNAVAILABLE: io exception
2023-06-28 21:18:29,489 [grpc-default-executor-3] INFO  leader.FollowerInfo (FollowerInfoImpl.java:lambda$new$0(52)) - omNode-1@group-523986131536->omNode-3: decreaseNextIndex nextIndex: updateUnconditionally 1 -> 0
2023-06-28 21:18:29,489 [grpc-default-executor-4] WARN  server.GrpcLogAppender (LogUtils.java:warn(122)) - omNode-1@group-523986131536->omNode-3-AppendLogResponseHandler: Failed appendEntries: org.apache.ratis.thirdparty.io.grpc.StatusRuntimeException: UNAVAILABLE: io exception
2023-06-28 21:18:29,487 [omNode-1@group-523986131536-StateMachineUpdater] INFO  ratis.OzoneManagerStateMachine (OzoneManagerStateMachine.java:notifyConfigurationChanged(201)) - Received Configuration change notification from Ratis. New Peer list:
[id: "omNode-3"
address: "localhost:15015"
startupRole: FOLLOWER
, id: "omNode-1"
address: "localhost:15007"
startupRole: FOLLOWER
, id: "omNode-2"
address: "localhost:15011"
startupRole: FOLLOWER
]
2023-06-28 21:18:29,666 [omNode-2@group-523986131536-StateMachineUpdater] INFO  ratis.OzoneManagerStateMachine (OzoneManagerStateMachine.java:notifyConfigurationChanged(201)) - Received Configuration change notification from Ratis. New Peer list:
[id: "omNode-3"
address: "localhost:15015"
startupRole: FOLLOWER
, id: "omNode-1"
address: "localhost:15007"
startupRole: FOLLOWER
, id: "omNode-2"
address: "localhost:15011"
startupRole: FOLLOWER
]
2023-06-28 21:18:29,676 [grpc-default-executor-3] WARN  server.GrpcLogAppender (LogUtils.java:warn(122)) - omNode-1@group-523986131536->omNode-3-AppendLogResponseHandler: Failed appendEntries: org.apache.ratis.thirdparty.io.grpc.StatusRuntimeException: UNAVAILABLE: io exception
2023-06-28 21:18:29,678 [grpc-default-executor-3] INFO  leader.FollowerInfo (FollowerInfoImpl.java:lambda$new$0(52)) - omNode-1@group-523986131536->omNode-3: decreaseNextIndex nextIndex: updateUnconditionally 1 -> 0
2023-06-28 21:18:29,678 [grpc-default-executor-4] WARN  server.GrpcLogAppender (LogUtils.java:warn(122)) - omNode-1@group-523986131536->omNode-3-AppendLogResponseHandler: Failed appendEntries: org.apache.ratis.thirdparty.io.grpc.StatusRuntimeException: UNAVAILABLE: io exception
2023-06-28 21:18:29,712 [grpc-default-executor-4] WARN  server.GrpcLogAppender (LogUtils.java:warn(122)) - omNode-1@group-523986131536->omNode-3-AppendLogResponseHandler: Failed appendEntries: org.apache.ratis.thirdparty.io.grpc.StatusRuntimeException: UNAVAILABLE: io exception
2023-06-28 21:18:29,714 [grpc-default-executor-3] WARN  server.GrpcLogAppender (LogUtils.java:warn(122)) - omNode-1@group-523986131536->omNode-3-AppendLogResponseHandler: Failed appendEntries: org.apache.ratis.thirdparty.io.grpc.StatusRuntimeException: UNAVAILABLE: io exception
2023-06-28 21:18:29,795 [main] INFO  reflections.Reflections (Reflections.java:scan(232)) - Reflections took 577 ms to scan 19 urls, producing 69 keys and 5483 values [using 2 cores]
2023-06-28 21:18:29,799 [main] INFO  ipc.CallQueueManager (CallQueueManager.java:<init>(90)) - Using callQueue: class java.util.concurrent.LinkedBlockingQueue, queueCapacity: 2000, scheduler: class org.apache.hadoop.ipc.DefaultRpcScheduler, ipcBackoff: false.
2023-06-28 21:18:29,800 [main] INFO  ipc.Server (Server.java:<init>(1287)) - Listener at 127.0.0.1:15012
2023-06-28 21:18:29,800 [Socket Reader #1 for port 15012] INFO  ipc.Server (Server.java:run(1323)) - Starting Socket Reader #1 for port 15012
2023-06-28 21:18:29,828 [main] INFO  impl.MetricsSystemImpl (MetricsSystemImpl.java:init(158)) - OzoneManager metrics system started (again)
2023-06-28 21:18:29,842 [main] INFO  om.OzoneManager (OzoneManager.java:start(1607)) - OzoneManager RPC server is listening at localhost/127.0.0.1:15012
2023-06-28 21:18:29,842 [main] INFO  ratis.OzoneManagerRatisServer (OzoneManagerRatisServer.java:start(558)) - Starting OzoneManagerRatisServer omNode-3 at port 15015
2023-06-28 21:18:29,843 [omNode-3-impl-thread1] INFO  storage.RaftStorageDirectory (RaftStorageDirectoryImpl.java:analyzeStorage(137)) - The storage directory /home/runner/work/ozone/ozone/hadoop-ozone/integration-test/target/test-dir/MiniOzoneClusterImpl-392d5ccd-e702-410a-a53a-05dc11be4355/omNode-3/ratis/c9bc4cf4-3bc3-3c60-a66b-523986131536 does not exist. Creating ...
2023-06-28 21:18:29,845 [omNode-3-impl-thread1] INFO  storage.RaftStorageDirectory (RaftStorageDirectoryImpl.java:tryLock(231)) - Lock on /home/runner/work/ozone/ozone/hadoop-ozone/integration-test/target/test-dir/MiniOzoneClusterImpl-392d5ccd-e702-410a-a53a-05dc11be4355/omNode-3/ratis/c9bc4cf4-3bc3-3c60-a66b-523986131536/in_use.lock acquired by nodename 42875@fv-az613-21
2023-06-28 21:18:29,846 [omNode-3-impl-thread1] INFO  storage.RaftStorage (RaftStorageImpl.java:format(96)) - Storage directory /home/runner/work/ozone/ozone/hadoop-ozone/integration-test/target/test-dir/MiniOzoneClusterImpl-392d5ccd-e702-410a-a53a-05dc11be4355/omNode-3/ratis/c9bc4cf4-3bc3-3c60-a66b-523986131536 has been successfully formatted.
2023-06-28 21:18:29,846 [omNode-3-impl-thread1] INFO  server.RaftServerConfigKeys (ConfUtils.java:logGet(46)) - raft.server.log.use.memory = false (default)
2023-06-28 21:18:29,847 [omNode-3-impl-thread1] INFO  server.RaftServerConfigKeys (ConfUtils.java:logGet(46)) - raft.server.log.purge.gap = 1000000 (custom)
2023-06-28 21:18:29,847 [omNode-3-impl-thread1] INFO  server.RaftServerConfigKeys (ConfUtils.java:logGet(46)) - raft.server.log.appender.buffer.byte-limit = 33554432 (custom)
2023-06-28 21:18:29,848 [omNode-3-impl-thread1] INFO  server.RaftServerConfigKeys (ConfUtils.java:logGet(46)) - raft.server.log.statemachine.data.read.timeout = 1000ms (default)
2023-06-28 21:18:29,849 [omNode-3-impl-thread1] INFO  server.RaftServerConfigKeys (ConfUtils.java:logGet(46)) - raft.server.log.purge.preservation.log.num = 0 (default)
2023-06-28 21:18:29,849 [omNode-3-impl-thread1] INFO  server.RaftServerConfigKeys (ConfUtils.java:logGet(46)) - raft.server.log.segment.size.max = 4194304 (custom)
2023-06-28 21:18:29,849 [omNode-3-impl-thread1] INFO  server.RaftServerConfigKeys (ConfUtils.java:logGet(46)) - raft.server.log.segment.cache.num.max = 2 (custom)
2023-06-28 21:18:29,850 [omNode-3-impl-thread1] INFO  server.RaftServerConfigKeys (ConfUtils.java:logGet(46)) - raft.server.log.segment.cache.size.max = 200MB (=209715200) (default)
2023-06-28 21:18:29,850 [omNode-3-impl-thread1] INFO  server.RaftServerConfigKeys (ConfUtils.java:logGet(46)) - raft.server.log.appender.buffer.byte-limit = 33554432 (custom)
2023-06-28 21:18:29,850 [omNode-3-impl-thread1] INFO  segmented.SegmentedRaftLogWorker (SegmentedRaftLogWorker.java:<init>(188)) - new omNode-3@group-523986131536-SegmentedRaftLogWorker for RaftStorageImpl:Storage Directory /home/runner/work/ozone/ozone/hadoop-ozone/integration-test/target/test-dir/MiniOzoneClusterImpl-392d5ccd-e702-410a-a53a-05dc11be4355/omNode-3/ratis/c9bc4cf4-3bc3-3c60-a66b-523986131536
2023-06-28 21:18:29,850 [omNode-3-impl-thread1] INFO  server.RaftServerConfigKeys (ConfUtils.java:logGet(46)) - raft.server.log.queue.byte-limit = 64MB (=67108864) (default)
2023-06-28 21:18:29,850 [omNode-3-impl-thread1] INFO  server.RaftServerConfigKeys (ConfUtils.java:logGet(46)) - raft.server.log.queue.element-limit = 4096 (default)
2023-06-28 21:18:29,850 [omNode-3-impl-thread1] INFO  server.RaftServerConfigKeys (ConfUtils.java:logGet(46)) - raft.server.log.segment.size.max = 4194304 (custom)
2023-06-28 21:18:29,850 [omNode-3-impl-thread1] INFO  server.RaftServerConfigKeys (ConfUtils.java:logGet(46)) - raft.server.log.preallocated.size = 4194304 (custom)
2023-06-28 21:18:29,850 [omNode-3-impl-thread1] INFO  server.RaftServerConfigKeys (ConfUtils.java:logGet(46)) - raft.server.log.force.sync.num = 128 (default)
2023-06-28 21:18:29,850 [omNode-3-impl-thread1] INFO  server.RaftServerConfigKeys (ConfUtils.java:logGet(46)) - raft.server.log.statemachine.data.sync = true (default)
2023-06-28 21:18:29,850 [omNode-3-impl-thread1] INFO  server.RaftServerConfigKeys (ConfUtils.java:logGet(46)) - raft.server.log.statemachine.data.sync.timeout = 10s (default)
2023-06-28 21:18:29,850 [omNode-3-impl-thread1] INFO  server.RaftServerConfigKeys (ConfUtils.java:logGet(46)) - raft.server.log.statemachine.data.sync.timeout.retry = -1 (default)
2023-06-28 21:18:29,852 [omNode-3-impl-thread1] INFO  server.RaftServerConfigKeys (ConfUtils.java:logGet(46)) - raft.server.log.write.buffer.size = 64KB (=65536) (default)
2023-06-28 21:18:29,852 [omNode-3-impl-thread1] INFO  server.RaftServerConfigKeys (ConfUtils.java:logGet(46)) - raft.server.log.appender.buffer.byte-limit = 33554432 (custom)
2023-06-28 21:18:29,926 [omNode-3-impl-thread1] INFO  server.RaftServerConfigKeys (ConfUtils.java:logGet(46)) - raft.server.log.unsafe-flush.enabled = false (default)
2023-06-28 21:18:29,927 [omNode-3-impl-thread1] INFO  server.RaftServerConfigKeys (ConfUtils.java:logGet(46)) - raft.server.log.async-flush.enabled = false (default)
2023-06-28 21:18:29,927 [omNode-3-impl-thread1] INFO  server.RaftServerConfigKeys (ConfUtils.java:logGet(46)) - raft.server.log.statemachine.data.caching.enabled = false (default)
2023-06-28 21:18:29,927 [omNode-3-impl-thread1] INFO  segmented.SegmentedRaftLogWorker (SegmentedRaftLogWorker.java:lambda$new$0(135)) - omNode-3@group-523986131536-SegmentedRaftLogWorker: flushIndex: setUnconditionally 0 -> -1
2023-06-28 21:18:29,927 [omNode-3-impl-thread1] INFO  segmented.SegmentedRaftLogWorker (SegmentedRaftLogWorker.java:lambda$new$0(135)) - omNode-3@group-523986131536-SegmentedRaftLogWorker: safeCacheEvictIndex: setUnconditionally 0 -> -1
2023-06-28 21:18:29,927 [omNode-3-impl-thread1] INFO  server.RaftServer$Division (RaftServerImpl.java:start(342)) - omNode-3@group-523986131536: start as a follower, conf=-1: peers:[omNode-3|rpc:localhost:15015|priority:0|startupRole:FOLLOWER, omNode-1|rpc:localhost:15007|priority:0|startupRole:FOLLOWER, omNode-2|rpc:localhost:15011|priority:0|startupRole:FOLLOWER]|listeners:[], old=null
2023-06-28 21:18:29,928 [omNode-3-impl-thread1] INFO  server.RaftServer$Division (RaftServerImpl.java:setRole(329)) - omNode-3@group-523986131536: changes role from      null to FOLLOWER at term 0 for startAsFollower
2023-06-28 21:18:29,930 [omNode-3-impl-thread1] INFO  impl.RoleInfo (RoleInfo.java:updateAndGet(139)) - omNode-3: start omNode-3@group-523986131536-FollowerState
2023-06-28 21:18:29,930 [omNode-3-impl-thread1] INFO  util.JmxRegister (JmxRegister.java:tryRegister(44)) - Successfully registered JMX Bean with object name Ratis:service=RaftServer,group=group-523986131536,id=omNode-3
2023-06-28 21:18:29,931 [omNode-3-impl-thread1] INFO  server.RaftServerConfigKeys (ConfUtils.java:logGet(46)) - raft.server.snapshot.auto.trigger.enabled = true (custom)
2023-06-28 21:18:29,931 [omNode-3@group-523986131536-FollowerState] INFO  server.RaftServerConfigKeys (ConfUtils.java:logFallback(53)) - raft.server.rpc.first-election.timeout.min = 1s (fallback to raft.server.rpc.timeout.min)
2023-06-28 21:18:29,931 [omNode-3-impl-thread1] INFO  server.RaftServerConfigKeys (ConfUtils.java:logGet(46)) - raft.server.snapshot.auto.trigger.threshold = 400000 (default)
2023-06-28 21:18:29,931 [omNode-3-impl-thread1] INFO  server.RaftServerConfigKeys (ConfUtils.java:logGet(46)) - raft.server.snapshot.retention.file.num = -1 (default)
2023-06-28 21:18:29,931 [omNode-3-impl-thread1] INFO  server.RaftServerConfigKeys (ConfUtils.java:logGet(46)) - raft.server.log.purge.upto.snapshot.index = true (custom)
2023-06-28 21:18:29,932 [main] INFO  server.RaftServer (RaftServerProxy.java:startImpl(400)) - omNode-3: start RPC server
2023-06-28 21:18:29,933 [omNode-3@group-523986131536-FollowerState] INFO  server.RaftServerConfigKeys (ConfUtils.java:logFallback(53)) - raft.server.rpc.first-election.timeout.max = 1200ms (fallback to raft.server.rpc.timeout.max)
2023-06-28 21:18:29,934 [main] INFO  server.GrpcService (GrpcService.java:startImpl(302)) - omNode-3: GrpcService started, listening on 15015
2023-06-28 21:18:29,935 [main] INFO  om.OzoneManager (OzoneManager.java:start(1623)) - Version File has different layout version (6) than OM DB (null). That is expected if this OM has never been finalized to a newer layout version.
2023-06-28 21:18:29,936 [JvmPauseMonitor3] INFO  util.JvmPauseMonitor (JvmPauseMonitor.java:run(103)) - JvmPauseMonitor-omNode-3: Started
2023-06-28 21:18:29,939 [main] INFO  http.BaseHttpServer (BaseHttpServer.java:newHttpServer2BuilderForOzone(224)) - Starting Web-server for ozoneManager at: http://0.0.0.0:15013
2023-06-28 21:18:29,940 [main] INFO  http.BaseHttpServer (BaseHttpServer.java:<init>(111)) - Hadoop Security Enabled: false Ozone Security Enabled: false Ozone HTTP Security Enabled: false 
2023-06-28 21:18:29,941 [main] WARN  server.AuthenticationFilter (AuthenticationFilter.java:constructSecretProvider(240)) - Unable to initialize FileSignerSecretProvider, falling back to use random secrets. Reason: Could not read signature secret file: /home/runner/hadoop-http-auth-signature-secret
2023-06-28 21:18:29,942 [main] INFO  http.HttpRequestLog (HttpRequestLog.java:getRequestLog(86)) - Http request log for http.requests.ozoneManager is not defined
2023-06-28 21:18:29,944 [main] INFO  http.HttpServer2 (HttpServer2.java:addGlobalFilter(1031)) - Added global filter 'safety' (class=org.apache.hadoop.hdds.server.http.HttpServer2$QuotingInputFilter)
2023-06-28 21:18:29,945 [main] INFO  http.HttpServer2 (HttpServer2.java:addFilter(1007)) - Added filter static_user_filter (class=org.apache.hadoop.http.lib.StaticUserWebFilter$StaticUserFilter) to context ozoneManager
2023-06-28 21:18:29,945 [main] INFO  http.HttpServer2 (HttpServer2.java:addFilter(1015)) - Added filter static_user_filter (class=org.apache.hadoop.http.lib.StaticUserWebFilter$StaticUserFilter) to context logs
2023-06-28 21:18:29,945 [main] INFO  http.HttpServer2 (HttpServer2.java:addFilter(1015)) - Added filter static_user_filter (class=org.apache.hadoop.http.lib.StaticUserWebFilter$StaticUserFilter) to context static
2023-06-28 21:18:29,946 [main] INFO  http.BaseHttpServer (BaseHttpServer.java:<init>(190)) - HTTP server of ozoneManager uses base directory /home/runner/work/ozone/ozone/hadoop-ozone/integration-test/target/test-dir/MiniOzoneClusterImpl-392d5ccd-e702-410a-a53a-05dc11be4355/omNode-3/webserver
2023-06-28 21:18:29,946 [main] INFO  http.HttpServer2 (HttpServer2.java:bindListener(1250)) - Jetty bound to port 15013
2023-06-28 21:18:29,946 [main] INFO  server.Server (Server.java:doStart(375)) - jetty-9.4.51.v20230217; built: 2023-02-17T08:19:37.309Z; git: b45c405e4544384de066f814ed42ae3dceacdd49; jvm 1.8.0_372-b07
2023-06-28 21:18:29,949 [main] INFO  server.session (DefaultSessionIdManager.java:doStart(334)) - DefaultSessionIdManager workerName=node0
2023-06-28 21:18:29,949 [main] INFO  server.session (DefaultSessionIdManager.java:doStart(339)) - No SessionScavenger set, using defaults
2023-06-28 21:18:29,950 [main] INFO  server.session (HouseKeeper.java:startScavenging(132)) - node0 Scavenging every 660000ms
2023-06-28 21:18:29,950 [main] INFO  handler.ContextHandler (ContextHandler.java:doStart(921)) - Started o.e.j.s.ServletContextHandler@62ececb1{logs,/logs,file:///home/runner/work/ozone/ozone/hadoop-ozone/integration-test/target/log,AVAILABLE}
2023-06-28 21:18:29,951 [main] INFO  handler.ContextHandler (ContextHandler.java:doStart(921)) - Started o.e.j.s.ServletContextHandler@67d5075b{static,/static,file:///home/runner/work/ozone/ozone/hadoop-ozone/integration-test/target/test-classes/webapps/static,AVAILABLE}
2023-06-28 21:18:29,956 [main] INFO  handler.ContextHandler (ContextHandler.java:doStart(921)) - Started o.e.j.w.WebAppContext@69925e55{ozoneManager,/,file:///home/runner/work/ozone/ozone/hadoop-ozone/integration-test/target/test-classes/webapps/ozoneManager/,AVAILABLE}{file:/home/runner/work/ozone/ozone/hadoop-ozone/integration-test/target/test-classes/webapps/ozoneManager}
2023-06-28 21:18:29,961 [main] INFO  server.AbstractConnector (AbstractConnector.java:doStart(333)) - Started ServerConnector@1deb3f79{HTTP/1.1, (http/1.1)}{0.0.0.0:15013}
2023-06-28 21:18:29,961 [main] INFO  server.Server (Server.java:doStart(415)) - Started @12278ms
2023-06-28 21:18:29,961 [main] WARN  impl.MetricsSystemImpl (MetricsSystemImpl.java:register(279)) - Sink prometheus already exists!
2023-06-28 21:18:29,962 [grpc-default-executor-3] WARN  server.GrpcLogAppender (LogUtils.java:warn(122)) - omNode-1@group-523986131536->omNode-3-AppendLogResponseHandler: Failed appendEntries: org.apache.ratis.thirdparty.io.grpc.StatusRuntimeException: UNAVAILABLE: io exception
2023-06-28 21:18:29,963 [grpc-default-executor-4] WARN  server.GrpcLogAppender (LogUtils.java:warn(122)) - omNode-1@group-523986131536->omNode-3-AppendLogResponseHandler: Failed appendEntries: org.apache.ratis.thirdparty.io.grpc.StatusRuntimeException: UNAVAILABLE: io exception
2023-06-28 21:18:29,969 [main] INFO  http.BaseHttpServer (BaseHttpServer.java:updateConnectorAddress(344)) - HTTP server of ozoneManager listening at http://0.0.0.0:15013
2023-06-28 21:18:29,972 [IPC Server listener on 15012] INFO  ipc.Server (Server.java:run(1402)) - IPC Server listener on 15012: starting
2023-06-28 21:18:29,973 [IPC Server Responder] INFO  ipc.Server (Server.java:run(1562)) - IPC Server Responder: starting
2023-06-28 21:18:29,979 [main] INFO  om.OzoneManager (OzoneManager.java:startTrashEmptier(2082)) - Trash Interval set to 0. Files deleted won't move to trash
2023-06-28 21:18:29,979 [main] INFO  ozone.MiniOzoneHAClusterImpl (MiniOzoneHAClusterImpl.java:createOMService(505)) - Started OzoneManager omNode-3 RPC server at localhost/127.0.0.1:15012
2023-06-28 21:18:30,126 [main] WARN  impl.MetricRegistriesImpl (MetricRegistriesImpl.java:addReporterRegistration(111)) - New reporters are added after registries were created. Some metrics will be missing from the reporter. Please add reporter before adding any new registry.
2023-06-28 21:18:30,127 [main] WARN  impl.MetricRegistriesImpl (MetricRegistriesImpl.java:addReporterRegistration(111)) - New reporters are added after registries were created. Some metrics will be missing from the reporter. Please add reporter before adding any new registry.
2023-06-28 21:18:30,127 [main] INFO  impl.MetricsSystemImpl (MetricsSystemImpl.java:init(158)) - HddsDatanode metrics system started (again)
2023-06-28 21:18:30,149 [main] INFO  ozone.HddsDatanodeService (HddsDatanodeService.java:start(237)) - HddsDatanodeService host:fv-az613-21.sfleub4vn5uufca0bzvsziz2ge.jx.internal.cloudapp.net ip:10.1.0.52
2023-06-28 21:18:30,193 [main] INFO  upgrade.AbstractLayoutVersionManager (AbstractLayoutVersionManager.java:init(83)) - Initializing Layout version manager with metadata layout = HADOOP_PRC_PORTS_IN_DATANODEDETAILS (version = 7), software layout = HADOOP_PRC_PORTS_IN_DATANODEDETAILS (version = 7)
2023-06-28 21:18:30,195 [main] INFO  statemachine.DatanodeStateMachine (DatanodeStateMachine.java:getEndPointTaskThreadPoolSize(279)) - Datanode State Machine Task Thread Pool size 2
2023-06-28 21:18:30,226 [omNode-3-server-thread1] INFO  server.RaftServer$Division (ServerState.java:setLeader(317)) - omNode-3@group-523986131536: change Leader from null to omNode-1 at term 1 for appendEntries, leader elected after 1009ms
2023-06-28 21:18:30,252 [omNode-3-server-thread2] INFO  server.RaftServer$Division (ServerState.java:setRaftConf(434)) - omNode-3@group-523986131536: set configuration 0: peers:[omNode-3|rpc:localhost:15015|admin:|client:|dataStream:|priority:0|startupRole:FOLLOWER, omNode-1|rpc:localhost:15007|admin:|client:|dataStream:|priority:0|startupRole:FOLLOWER, omNode-2|rpc:localhost:15011|admin:|client:|dataStream:|priority:0|startupRole:FOLLOWER]|listeners:[], old=null
2023-06-28 21:18:30,252 [omNode-3-server-thread2] INFO  segmented.SegmentedRaftLogWorker (SegmentedRaftLogWorker.java:startLogSegment(447)) - omNode-3@group-523986131536-SegmentedRaftLogWorker: Starting segment from index:0
2023-06-28 21:18:30,266 [omNode-3@group-523986131536-SegmentedRaftLogWorker] INFO  segmented.SegmentedRaftLogWorker (SegmentedRaftLogWorker.java:execute(651)) - omNode-3@group-523986131536-SegmentedRaftLogWorker: created new log segment /home/runner/work/ozone/ozone/hadoop-ozone/integration-test/target/test-dir/MiniOzoneClusterImpl-392d5ccd-e702-410a-a53a-05dc11be4355/omNode-3/ratis/c9bc4cf4-3bc3-3c60-a66b-523986131536/current/log_inprogress_0
2023-06-28 21:18:30,270 [omNode-3@group-523986131536-StateMachineUpdater] INFO  ratis.OzoneManagerStateMachine (OzoneManagerStateMachine.java:notifyConfigurationChanged(201)) - Received Configuration change notification from Ratis. New Peer list:
[id: "omNode-3"
address: "localhost:15015"
startupRole: FOLLOWER
, id: "omNode-1"
address: "localhost:15007"
startupRole: FOLLOWER
, id: "omNode-2"
address: "localhost:15011"
startupRole: FOLLOWER
]
2023-06-28 21:18:30,287 [main] INFO  volume.HddsVolume (HddsVolume.java:<init>(133)) - Creating HddsVolume: /home/runner/work/ozone/ozone/hadoop-ozone/integration-test/target/test-dir/MiniOzoneClusterImpl-392d5ccd-e702-410a-a53a-05dc11be4355/datanode-0/data-0/containers/hdds of storage type : DISK capacity : 9223372036854775807
2023-06-28 21:18:30,289 [main] INFO  volume.MutableVolumeSet (MutableVolumeSet.java:initializeVolumeSet(175)) - Added Volume : /home/runner/work/ozone/ozone/hadoop-ozone/integration-test/target/test-dir/MiniOzoneClusterImpl-392d5ccd-e702-410a-a53a-05dc11be4355/datanode-0/data-0/containers/hdds to VolumeSet
2023-06-28 21:18:30,291 [main] INFO  volume.ThrottledAsyncChecker (ThrottledAsyncChecker.java:schedule(141)) - Scheduling a check for /home/runner/work/ozone/ozone/hadoop-ozone/integration-test/target/test-dir/MiniOzoneClusterImpl-392d5ccd-e702-410a-a53a-05dc11be4355/datanode-0/data-0/containers/hdds
2023-06-28 21:18:30,329 [main] INFO  volume.StorageVolumeChecker (StorageVolumeChecker.java:checkAllVolumes(202)) - Scheduled health check for volume /home/runner/work/ozone/ozone/hadoop-ozone/integration-test/target/test-dir/MiniOzoneClusterImpl-392d5ccd-e702-410a-a53a-05dc11be4355/datanode-0/data-0/containers/hdds
2023-06-28 21:18:30,334 [main] INFO  volume.MutableVolumeSet (MutableVolumeSet.java:initializeVolumeSet(175)) - Added Volume : /home/runner/work/ozone/ozone/hadoop-ozone/integration-test/target/test-dir/MiniOzoneClusterImpl-392d5ccd-e702-410a-a53a-05dc11be4355/datanode-0/data/ratis to VolumeSet
2023-06-28 21:18:30,334 [main] INFO  volume.ThrottledAsyncChecker (ThrottledAsyncChecker.java:schedule(141)) - Scheduling a check for /home/runner/work/ozone/ozone/hadoop-ozone/integration-test/target/test-dir/MiniOzoneClusterImpl-392d5ccd-e702-410a-a53a-05dc11be4355/datanode-0/data/ratis
2023-06-28 21:18:30,335 [main] INFO  volume.StorageVolumeChecker (StorageVolumeChecker.java:checkAllVolumes(202)) - Scheduled health check for volume /home/runner/work/ozone/ozone/hadoop-ozone/integration-test/target/test-dir/MiniOzoneClusterImpl-392d5ccd-e702-410a-a53a-05dc11be4355/datanode-0/data/ratis
2023-06-28 21:18:30,349 [Thread-259] INFO  ozoneimpl.ContainerReader (ContainerReader.java:readVolume(175)) - Finish verifying containers on volume /home/runner/work/ozone/ozone/hadoop-ozone/integration-test/target/test-dir/MiniOzoneClusterImpl-392d5ccd-e702-410a-a53a-05dc11be4355/datanode-0/data-0/containers/hdds
2023-06-28 21:18:30,349 [main] INFO  ozoneimpl.OzoneContainer (OzoneContainer.java:buildContainerSet(316)) - Build ContainerSet costs 0s
2023-06-28 21:18:30,403 [main] INFO  audit.AuditLogger (AuditLogger.java:refreshDebugCmdSet(126)) - Refresh DebugCmdSet for DNAudit to [].
2023-06-28 21:18:30,434 [main] INFO  server.RaftServer (ConfUtils.java:logGet(46)) - raft.rpc.type = GRPC (default)
2023-06-28 21:18:30,435 [main] INFO  grpc.GrpcConfigKeys (ConfUtils.java:logFallback(53)) - raft.grpc.admin.host = null (fallback to raft.grpc.server.host)
2023-06-28 21:18:30,435 [main] INFO  grpc.GrpcConfigKeys (ConfUtils.java:logGet(46)) - raft.grpc.admin.port = 15021 (custom)
2023-06-28 21:18:30,435 [main] INFO  grpc.GrpcConfigKeys (ConfUtils.java:logFallback(53)) - raft.grpc.client.host = null (fallback to raft.grpc.server.host)
2023-06-28 21:18:30,435 [main] INFO  grpc.GrpcConfigKeys (ConfUtils.java:logGet(46)) - raft.grpc.client.port = 15020 (custom)
2023-06-28 21:18:30,435 [main] INFO  grpc.GrpcConfigKeys (ConfUtils.java:logGet(46)) - raft.grpc.server.host = null (default)
2023-06-28 21:18:30,435 [main] INFO  grpc.GrpcConfigKeys (ConfUtils.java:logGet(46)) - raft.grpc.server.port = 15022 (custom)
2023-06-28 21:18:30,436 [main] INFO  server.GrpcService (ConfUtils.java:logGet(46)) - raft.grpc.message.size.max = 32MB (=33554432) (custom)
2023-06-28 21:18:30,436 [main] INFO  server.RaftServerConfigKeys (ConfUtils.java:logGet(46)) - raft.server.log.appender.buffer.byte-limit = 33554432 (custom)
2023-06-28 21:18:30,436 [main] INFO  server.GrpcService (ConfUtils.java:logGet(46)) - raft.grpc.flow.control.window = 5MB (=5242880) (custom)
2023-06-28 21:18:30,436 [main] INFO  server.RaftServerConfigKeys (ConfUtils.java:logGet(46)) - raft.server.rpc.request.timeout = 60s (custom)
2023-06-28 21:18:30,436 [main] INFO  grpc.GrpcConfigKeys (ConfUtils.java:logGet(46)) - raft.grpc.server.heartbeat.channel = true (default)
2023-06-28 21:18:30,436 [main] INFO  grpc.GrpcConfigKeys (ConfUtils.java:logGet(46)) - raft.grpc.server.async.request.thread.pool.cached = true (default)
2023-06-28 21:18:30,436 [main] INFO  grpc.GrpcConfigKeys (ConfUtils.java:logGet(46)) - raft.grpc.server.async.request.thread.pool.size = 32 (default)
2023-06-28 21:18:30,439 [main] INFO  impl.DataStreamServerImpl (ConfUtils.java:logGet(46)) - raft.datastream.type = NETTY (custom)
2023-06-28 21:18:30,448 [main] INFO  server.RaftServerConfigKeys (ConfUtils.java:logGet(46)) - raft.server.data-stream.async.request.thread.pool.cached = false (default)
2023-06-28 21:18:30,449 [main] INFO  server.RaftServerConfigKeys (ConfUtils.java:logGet(46)) - raft.server.data-stream.async.request.thread.pool.size = 20 (custom)
2023-06-28 21:18:30,449 [main] INFO  server.RaftServerConfigKeys (ConfUtils.java:logGet(46)) - raft.server.data-stream.async.write.thread.pool.size = 16 (default)
2023-06-28 21:18:30,450 [main] INFO  server.RaftServerConfigKeys (ConfUtils.java:logGet(46)) - raft.server.data-stream.client.pool.size = 10 (default)
2023-06-28 21:18:30,453 [main] INFO  netty.NettyConfigKeys$DataStream (ConfUtils.java:logGet(46)) - raft.netty.dataStream.server.use-epoll = false (default)
2023-06-28 21:18:30,454 [main] INFO  netty.NettyConfigKeys$DataStream (ConfUtils.java:logGet(46)) - raft.netty.dataStream.server.boss-group.size = 0 (default)
2023-06-28 21:18:30,461 [main] INFO  netty.NettyConfigKeys$DataStream (ConfUtils.java:logGet(46)) - raft.netty.dataStream.server.worker-group.size = 0 (default)
2023-06-28 21:18:30,462 [main] INFO  netty.NettyConfigKeys$DataStream (ConfUtils.java:logGet(46)) - raft.netty.dataStream.server.tls.conf = null (default)
2023-06-28 21:18:30,463 [main] INFO  netty.NettyConfigKeys$DataStream (ConfUtils.java:logGet(46)) - raft.netty.dataStream.host = null (default)
2023-06-28 21:18:30,464 [main] INFO  netty.NettyConfigKeys$DataStream (ConfUtils.java:logGet(46)) - raft.netty.dataStream.port = 15023 (custom)
2023-06-28 21:18:30,474 [main] INFO  server.RaftServerConfigKeys (ConfUtils.java:logGet(46)) - raft.server.threadpool.proxy.cached = true (default)
2023-06-28 21:18:30,474 [main] INFO  server.RaftServerConfigKeys (ConfUtils.java:logGet(46)) - raft.server.threadpool.proxy.size = 0 (default)
2023-06-28 21:18:30,474 [main] INFO  server.RaftServerConfigKeys (ConfUtils.java:logGet(46)) - raft.server.rpc.slowness.timeout = 300s (custom)
2023-06-28 21:18:30,474 [main] INFO  server.RaftServerConfigKeys (ConfUtils.java:logGet(46)) - raft.server.leaderelection.leader.step-down.wait-time = 10s (default)
2023-06-28 21:18:30,475 [main] INFO  server.RaftServerConfigKeys (ConfUtils.java:logGet(46)) - raft.server.storage.dir = [/home/runner/work/ozone/ozone/hadoop-ozone/integration-test/target/test-dir/MiniOzoneClusterImpl-392d5ccd-e702-410a-a53a-05dc11be4355/datanode-0/data/ratis] (custom)
2023-06-28 21:18:30,508 [bb0e9150-086f-4512-ab04-1336b269041b-NettyServerStreamRpc-bossGroup--thread1] INFO  logging.LoggingHandler (AbstractInternalLogger.java:log(148)) - [id: 0x7954b4e1] REGISTERED
2023-06-28 21:18:30,510 [bb0e9150-086f-4512-ab04-1336b269041b-NettyServerStreamRpc-bossGroup--thread1] INFO  logging.LoggingHandler (AbstractInternalLogger.java:log(148)) - [id: 0x7954b4e1] BIND: 0.0.0.0/0.0.0.0:15023
2023-06-28 21:18:30,511 [bb0e9150-086f-4512-ab04-1336b269041b-NettyServerStreamRpc-bossGroup--thread1] INFO  logging.LoggingHandler (AbstractInternalLogger.java:log(148)) - [id: 0x7954b4e1, L:/0:0:0:0:0:0:0:0:15023] ACTIVE
2023-06-28 21:18:30,522 [main] INFO  server.XceiverServerGrpc (XceiverServerGrpc.java:<init>(132)) - GrpcServer channel type EpollServerSocketChannel
2023-06-28 21:18:30,569 [main] INFO  replication.ReplicationSupervisor (ReplicationSupervisor.java:nodeStateUpdated(305)) - Node state updated to IN_SERVICE, scaling executor pool size to 10
2023-06-28 21:18:30,626 [main] INFO  http.BaseHttpServer (BaseHttpServer.java:newHttpServer2BuilderForOzone(224)) - Starting Web-server for hddsDatanode at: http://0.0.0.0:15017
2023-06-28 21:18:30,626 [main] INFO  http.BaseHttpServer (BaseHttpServer.java:<init>(111)) - Hadoop Security Enabled: false Ozone Security Enabled: false Ozone HTTP Security Enabled: false 
2023-06-28 21:18:30,628 [main] WARN  server.AuthenticationFilter (AuthenticationFilter.java:constructSecretProvider(240)) - Unable to initialize FileSignerSecretProvider, falling back to use random secrets. Reason: Could not read signature secret file: /home/runner/hadoop-http-auth-signature-secret
2023-06-28 21:18:30,629 [main] INFO  http.HttpRequestLog (HttpRequestLog.java:getRequestLog(86)) - Http request log for http.requests.hddsDatanode is not defined
2023-06-28 21:18:30,630 [main] INFO  http.HttpServer2 (HttpServer2.java:addGlobalFilter(1031)) - Added global filter 'safety' (class=org.apache.hadoop.hdds.server.http.HttpServer2$QuotingInputFilter)
2023-06-28 21:18:30,631 [main] INFO  http.HttpServer2 (HttpServer2.java:addFilter(1007)) - Added filter static_user_filter (class=org.apache.hadoop.http.lib.StaticUserWebFilter$StaticUserFilter) to context hddsDatanode
2023-06-28 21:18:30,631 [main] INFO  http.HttpServer2 (HttpServer2.java:addFilter(1015)) - Added filter static_user_filter (class=org.apache.hadoop.http.lib.StaticUserWebFilter$StaticUserFilter) to context logs
2023-06-28 21:18:30,631 [main] INFO  http.HttpServer2 (HttpServer2.java:addFilter(1015)) - Added filter static_user_filter (class=org.apache.hadoop.http.lib.StaticUserWebFilter$StaticUserFilter) to context static
2023-06-28 21:18:30,632 [main] INFO  http.BaseHttpServer (BaseHttpServer.java:<init>(190)) - HTTP server of hddsDatanode uses base directory /home/runner/work/ozone/ozone/hadoop-ozone/integration-test/target/test-dir/MiniOzoneClusterImpl-392d5ccd-e702-410a-a53a-05dc11be4355/datanode-0/meta/webserver
2023-06-28 21:18:30,634 [main] INFO  http.HttpServer2 (HttpServer2.java:bindListener(1250)) - Jetty bound to port 15017
2023-06-28 21:18:30,635 [main] INFO  server.Server (Server.java:doStart(375)) - jetty-9.4.51.v20230217; built: 2023-02-17T08:19:37.309Z; git: b45c405e4544384de066f814ed42ae3dceacdd49; jvm 1.8.0_372-b07
2023-06-28 21:18:30,640 [main] INFO  server.session (DefaultSessionIdManager.java:doStart(334)) - DefaultSessionIdManager workerName=node0
2023-06-28 21:18:30,640 [main] INFO  server.session (DefaultSessionIdManager.java:doStart(339)) - No SessionScavenger set, using defaults
2023-06-28 21:18:30,640 [main] INFO  server.session (HouseKeeper.java:startScavenging(132)) - node0 Scavenging every 660000ms
2023-06-28 21:18:30,642 [main] INFO  handler.ContextHandler (ContextHandler.java:doStart(921)) - Started o.e.j.s.ServletContextHandler@5461b718{logs,/logs,file:///home/runner/work/ozone/ozone/hadoop-ozone/integration-test/target/log,AVAILABLE}
2023-06-28 21:18:30,642 [main] INFO  handler.ContextHandler (ContextHandler.java:doStart(921)) - Started o.e.j.s.ServletContextHandler@25469b3c{static,/static,jar:file:/home/runner/.m2/repository/org/apache/ozone/hdds-container-service/1.4.0-SNAPSHOT/hdds-container-service-1.4.0-SNAPSHOT.jar!/webapps/static,AVAILABLE}
2023-06-28 21:18:30,916 [main] INFO  handler.ContextHandler (ContextHandler.java:doStart(921)) - Started o.e.j.w.WebAppContext@5a69d594{hddsDatanode,/,file:///home/runner/work/ozone/ozone/hadoop-ozone/integration-test/target/test-dir/MiniOzoneClusterImpl-392d5ccd-e702-410a-a53a-05dc11be4355/datanode-0/meta/webserver/jetty-0_0_0_0-15017-hdds-container-service-1_4_0-SNAPSHOT_jar-_-any-8783242296180789907/webapp/,AVAILABLE}{jar:file:/home/runner/.m2/repository/org/apache/ozone/hdds-container-service/1.4.0-SNAPSHOT/hdds-container-service-1.4.0-SNAPSHOT.jar!/webapps/hddsDatanode}
2023-06-28 21:18:30,919 [main] INFO  server.AbstractConnector (AbstractConnector.java:doStart(333)) - Started ServerConnector@77b7a383{HTTP/1.1, (http/1.1)}{0.0.0.0:15017}
2023-06-28 21:18:30,920 [main] INFO  server.Server (Server.java:doStart(415)) - Started @13237ms
2023-06-28 21:18:30,920 [main] WARN  impl.MetricsSystemImpl (MetricsSystemImpl.java:register(279)) - Sink prometheus already exists!
2023-06-28 21:18:30,921 [main] INFO  http.BaseHttpServer (BaseHttpServer.java:updateConnectorAddress(344)) - HTTP server of hddsDatanode listening at http://0.0.0.0:15017
2023-06-28 21:18:30,927 [main] INFO  ipc.CallQueueManager (CallQueueManager.java:<init>(90)) - Using callQueue: class java.util.concurrent.LinkedBlockingQueue, queueCapacity: 100, scheduler: class org.apache.hadoop.ipc.DefaultRpcScheduler, ipcBackoff: false.
2023-06-28 21:18:30,928 [main] INFO  ipc.Server (Server.java:<init>(1287)) - Listener at 0.0.0.0:15018
2023-06-28 21:18:30,929 [Socket Reader #1 for port 15018] INFO  ipc.Server (Server.java:run(1323)) - Starting Socket Reader #1 for port 15018
2023-06-28 21:18:30,936 [main] INFO  ozone.HddsDatanodeService (HddsDatanodeService.java:start(315)) - Datanode start with admins: [runner]
2023-06-28 21:18:30,936 [main] INFO  ozone.HddsDatanodeClientProtocolServer (HddsDatanodeClientProtocolServer.java:start(72)) - RPC server for Client /0.0.0.0:15018
2023-06-28 21:18:30,936 [IPC Server Responder] INFO  ipc.Server (Server.java:run(1562)) - IPC Server Responder: starting
2023-06-28 21:18:30,936 [IPC Server listener on 15018] INFO  ipc.Server (Server.java:run(1402)) - IPC Server listener on 15018: starting
2023-06-28 21:18:30,939 [main] WARN  impl.MetricRegistriesImpl (MetricRegistriesImpl.java:addReporterRegistration(111)) - New reporters are added after registries were created. Some metrics will be missing from the reporter. Please add reporter before adding any new registry.
2023-06-28 21:18:30,939 [main] WARN  impl.MetricRegistriesImpl (MetricRegistriesImpl.java:addReporterRegistration(111)) - New reporters are added after registries were created. Some metrics will be missing from the reporter. Please add reporter before adding any new registry.
2023-06-28 21:18:30,939 [main] INFO  impl.MetricsSystemImpl (MetricsSystemImpl.java:init(158)) - HddsDatanode metrics system started (again)
2023-06-28 21:18:30,949 [Datanode State Machine Daemon Thread] INFO  statemachine.DatanodeStateMachine (DatanodeStateMachine.java:lambda$startDaemon$0(531)) - Ozone container server started.
2023-06-28 21:18:30,966 [main] INFO  ozone.HddsDatanodeService (HddsDatanodeService.java:start(237)) - HddsDatanodeService host:fv-az613-21.sfleub4vn5uufca0bzvsziz2ge.jx.internal.cloudapp.net ip:10.1.0.52
2023-06-28 21:18:31,000 [main] INFO  upgrade.AbstractLayoutVersionManager (AbstractLayoutVersionManager.java:init(83)) - Initializing Layout version manager with metadata layout = HADOOP_PRC_PORTS_IN_DATANODEDETAILS (version = 7), software layout = HADOOP_PRC_PORTS_IN_DATANODEDETAILS (version = 7)
2023-06-28 21:18:31,001 [main] INFO  statemachine.DatanodeStateMachine (DatanodeStateMachine.java:getEndPointTaskThreadPoolSize(279)) - Datanode State Machine Task Thread Pool size 2
2023-06-28 21:18:31,011 [main] INFO  volume.HddsVolume (HddsVolume.java:<init>(133)) - Creating HddsVolume: /home/runner/work/ozone/ozone/hadoop-ozone/integration-test/target/test-dir/MiniOzoneClusterImpl-392d5ccd-e702-410a-a53a-05dc11be4355/datanode-1/data-0/containers/hdds of storage type : DISK capacity : 9223372036854775807
2023-06-28 21:18:31,012 [main] INFO  volume.MutableVolumeSet (MutableVolumeSet.java:initializeVolumeSet(175)) - Added Volume : /home/runner/work/ozone/ozone/hadoop-ozone/integration-test/target/test-dir/MiniOzoneClusterImpl-392d5ccd-e702-410a-a53a-05dc11be4355/datanode-1/data-0/containers/hdds to VolumeSet
2023-06-28 21:18:31,012 [main] INFO  volume.ThrottledAsyncChecker (ThrottledAsyncChecker.java:schedule(141)) - Scheduling a check for /home/runner/work/ozone/ozone/hadoop-ozone/integration-test/target/test-dir/MiniOzoneClusterImpl-392d5ccd-e702-410a-a53a-05dc11be4355/datanode-1/data-0/containers/hdds
2023-06-28 21:18:31,020 [main] INFO  volume.StorageVolumeChecker (StorageVolumeChecker.java:checkAllVolumes(202)) - Scheduled health check for volume /home/runner/work/ozone/ozone/hadoop-ozone/integration-test/target/test-dir/MiniOzoneClusterImpl-392d5ccd-e702-410a-a53a-05dc11be4355/datanode-1/data-0/containers/hdds
2023-06-28 21:18:31,023 [main] INFO  volume.MutableVolumeSet (MutableVolumeSet.java:initializeVolumeSet(175)) - Added Volume : /home/runner/work/ozone/ozone/hadoop-ozone/integration-test/target/test-dir/MiniOzoneClusterImpl-392d5ccd-e702-410a-a53a-05dc11be4355/datanode-1/data/ratis to VolumeSet
2023-06-28 21:18:31,023 [main] INFO  volume.ThrottledAsyncChecker (ThrottledAsyncChecker.java:schedule(141)) - Scheduling a check for /home/runner/work/ozone/ozone/hadoop-ozone/integration-test/target/test-dir/MiniOzoneClusterImpl-392d5ccd-e702-410a-a53a-05dc11be4355/datanode-1/data/ratis
2023-06-28 21:18:31,026 [main] INFO  volume.StorageVolumeChecker (StorageVolumeChecker.java:checkAllVolumes(202)) - Scheduled health check for volume /home/runner/work/ozone/ozone/hadoop-ozone/integration-test/target/test-dir/MiniOzoneClusterImpl-392d5ccd-e702-410a-a53a-05dc11be4355/datanode-1/data/ratis
2023-06-28 21:18:31,049 [Thread-276] INFO  ozoneimpl.ContainerReader (ContainerReader.java:readVolume(175)) - Finish verifying containers on volume /home/runner/work/ozone/ozone/hadoop-ozone/integration-test/target/test-dir/MiniOzoneClusterImpl-392d5ccd-e702-410a-a53a-05dc11be4355/datanode-1/data-0/containers/hdds
2023-06-28 21:18:31,050 [main] INFO  ozoneimpl.OzoneContainer (OzoneContainer.java:buildContainerSet(316)) - Build ContainerSet costs 0s
2023-06-28 21:18:31,054 [main] INFO  server.RaftServer (ConfUtils.java:logGet(46)) - raft.rpc.type = GRPC (default)
2023-06-28 21:18:31,054 [main] INFO  grpc.GrpcConfigKeys (ConfUtils.java:logFallback(53)) - raft.grpc.admin.host = null (fallback to raft.grpc.server.host)
2023-06-28 21:18:31,054 [main] INFO  grpc.GrpcConfigKeys (ConfUtils.java:logGet(46)) - raft.grpc.admin.port = 15030 (custom)
2023-06-28 21:18:31,054 [main] INFO  grpc.GrpcConfigKeys (ConfUtils.java:logFallback(53)) - raft.grpc.client.host = null (fallback to raft.grpc.server.host)
2023-06-28 21:18:31,054 [main] INFO  grpc.GrpcConfigKeys (ConfUtils.java:logGet(46)) - raft.grpc.client.port = 15029 (custom)
2023-06-28 21:18:31,055 [main] INFO  grpc.GrpcConfigKeys (ConfUtils.java:logGet(46)) - raft.grpc.server.host = null (default)
2023-06-28 21:18:31,055 [main] INFO  grpc.GrpcConfigKeys (ConfUtils.java:logGet(46)) - raft.grpc.server.port = 15031 (custom)
2023-06-28 21:18:31,055 [main] INFO  server.GrpcService (ConfUtils.java:logGet(46)) - raft.grpc.message.size.max = 32MB (=33554432) (custom)
2023-06-28 21:18:31,055 [main] INFO  server.RaftServerConfigKeys (ConfUtils.java:logGet(46)) - raft.server.log.appender.buffer.byte-limit = 33554432 (custom)
2023-06-28 21:18:31,055 [main] INFO  server.GrpcService (ConfUtils.java:logGet(46)) - raft.grpc.flow.control.window = 5MB (=5242880) (custom)
2023-06-28 21:18:31,055 [main] INFO  server.RaftServerConfigKeys (ConfUtils.java:logGet(46)) - raft.server.rpc.request.timeout = 60s (custom)
2023-06-28 21:18:31,055 [main] INFO  grpc.GrpcConfigKeys (ConfUtils.java:logGet(46)) - raft.grpc.server.heartbeat.channel = true (default)
2023-06-28 21:18:31,055 [main] INFO  grpc.GrpcConfigKeys (ConfUtils.java:logGet(46)) - raft.grpc.server.async.request.thread.pool.cached = true (default)
2023-06-28 21:18:31,055 [main] INFO  grpc.GrpcConfigKeys (ConfUtils.java:logGet(46)) - raft.grpc.server.async.request.thread.pool.size = 32 (default)
2023-06-28 21:18:31,061 [main] INFO  impl.DataStreamServerImpl (ConfUtils.java:logGet(46)) - raft.datastream.type = NETTY (custom)
2023-06-28 21:18:31,062 [main] INFO  server.RaftServerConfigKeys (ConfUtils.java:logGet(46)) - raft.server.data-stream.async.request.thread.pool.cached = false (default)
2023-06-28 21:18:31,062 [main] INFO  server.RaftServerConfigKeys (ConfUtils.java:logGet(46)) - raft.server.data-stream.async.request.thread.pool.size = 20 (custom)
2023-06-28 21:18:31,063 [main] INFO  server.RaftServerConfigKeys (ConfUtils.java:logGet(46)) - raft.server.data-stream.async.write.thread.pool.size = 16 (default)
2023-06-28 21:18:31,063 [main] INFO  server.RaftServerConfigKeys (ConfUtils.java:logGet(46)) - raft.server.data-stream.client.pool.size = 10 (default)
2023-06-28 21:18:31,063 [main] INFO  netty.NettyConfigKeys$DataStream (ConfUtils.java:logGet(46)) - raft.netty.dataStream.server.use-epoll = false (default)
2023-06-28 21:18:31,063 [main] INFO  netty.NettyConfigKeys$DataStream (ConfUtils.java:logGet(46)) - raft.netty.dataStream.server.boss-group.size = 0 (default)
2023-06-28 21:18:31,065 [main] INFO  netty.NettyConfigKeys$DataStream (ConfUtils.java:logGet(46)) - raft.netty.dataStream.server.worker-group.size = 0 (default)
2023-06-28 21:18:31,065 [main] INFO  netty.NettyConfigKeys$DataStream (ConfUtils.java:logGet(46)) - raft.netty.dataStream.server.tls.conf = null (default)
2023-06-28 21:18:31,065 [main] INFO  netty.NettyConfigKeys$DataStream (ConfUtils.java:logGet(46)) - raft.netty.dataStream.host = null (default)
2023-06-28 21:18:31,065 [main] INFO  netty.NettyConfigKeys$DataStream (ConfUtils.java:logGet(46)) - raft.netty.dataStream.port = 15032 (custom)
2023-06-28 21:18:31,070 [main] INFO  server.RaftServerConfigKeys (ConfUtils.java:logGet(46)) - raft.server.threadpool.proxy.cached = true (default)
2023-06-28 21:18:31,070 [main] INFO  server.RaftServerConfigKeys (ConfUtils.java:logGet(46)) - raft.server.threadpool.proxy.size = 0 (default)
2023-06-28 21:18:31,070 [08ff75f9-1328-4943-9840-929c3a1c46cb-NettyServerStreamRpc-bossGroup--thread1] INFO  logging.LoggingHandler (AbstractInternalLogger.java:log(148)) - [id: 0x7dcf3f8e] REGISTERED
2023-06-28 21:18:31,071 [main] INFO  server.RaftServerConfigKeys (ConfUtils.java:logGet(46)) - raft.server.rpc.slowness.timeout = 300s (custom)
2023-06-28 21:18:31,072 [main] INFO  server.RaftServerConfigKeys (ConfUtils.java:logGet(46)) - raft.server.leaderelection.leader.step-down.wait-time = 10s (default)
2023-06-28 21:18:31,073 [08ff75f9-1328-4943-9840-929c3a1c46cb-NettyServerStreamRpc-bossGroup--thread1] INFO  logging.LoggingHandler (AbstractInternalLogger.java:log(148)) - [id: 0x7dcf3f8e] BIND: 0.0.0.0/0.0.0.0:15032
2023-06-28 21:18:31,073 [main] INFO  server.RaftServerConfigKeys (ConfUtils.java:logGet(46)) - raft.server.storage.dir = [/home/runner/work/ozone/ozone/hadoop-ozone/integration-test/target/test-dir/MiniOzoneClusterImpl-392d5ccd-e702-410a-a53a-05dc11be4355/datanode-1/data/ratis] (custom)
2023-06-28 21:18:31,073 [08ff75f9-1328-4943-9840-929c3a1c46cb-NettyServerStreamRpc-bossGroup--thread1] INFO  logging.LoggingHandler (AbstractInternalLogger.java:log(148)) - [id: 0x7dcf3f8e, L:/0:0:0:0:0:0:0:0:15032] ACTIVE
2023-06-28 21:18:31,076 [omNode-3@group-523986131536-FollowerState] INFO  server.RaftServerConfigKeys (ConfUtils.java:logFallback(53)) - raft.server.rpc.first-election.timeout.min = 1s (fallback to raft.server.rpc.timeout.min)
2023-06-28 21:18:31,076 [omNode-3@group-523986131536-FollowerState] INFO  server.RaftServerConfigKeys (ConfUtils.java:logFallback(53)) - raft.server.rpc.first-election.timeout.max = 1200ms (fallback to raft.server.rpc.timeout.max)
2023-06-28 21:18:31,080 [main] INFO  server.XceiverServerGrpc (XceiverServerGrpc.java:<init>(132)) - GrpcServer channel type EpollServerSocketChannel
2023-06-28 21:18:31,083 [main] INFO  replication.ReplicationSupervisor (ReplicationSupervisor.java:nodeStateUpdated(305)) - Node state updated to IN_SERVICE, scaling executor pool size to 10
2023-06-28 21:18:31,089 [main] INFO  http.BaseHttpServer (BaseHttpServer.java:newHttpServer2BuilderForOzone(224)) - Starting Web-server for hddsDatanode at: http://0.0.0.0:15026
2023-06-28 21:18:31,089 [main] INFO  http.BaseHttpServer (BaseHttpServer.java:<init>(111)) - Hadoop Security Enabled: false Ozone Security Enabled: false Ozone HTTP Security Enabled: false 
2023-06-28 21:18:31,091 [main] WARN  server.AuthenticationFilter (AuthenticationFilter.java:constructSecretProvider(240)) - Unable to initialize FileSignerSecretProvider, falling back to use random secrets. Reason: Could not read signature secret file: /home/runner/hadoop-http-auth-signature-secret
2023-06-28 21:18:31,091 [main] INFO  http.HttpRequestLog (HttpRequestLog.java:getRequestLog(86)) - Http request log for http.requests.hddsDatanode is not defined
2023-06-28 21:18:31,093 [main] INFO  http.HttpServer2 (HttpServer2.java:addGlobalFilter(1031)) - Added global filter 'safety' (class=org.apache.hadoop.hdds.server.http.HttpServer2$QuotingInputFilter)
2023-06-28 21:18:31,094 [main] INFO  http.HttpServer2 (HttpServer2.java:addFilter(1007)) - Added filter static_user_filter (class=org.apache.hadoop.http.lib.StaticUserWebFilter$StaticUserFilter) to context hddsDatanode
2023-06-28 21:18:31,094 [main] INFO  http.HttpServer2 (HttpServer2.java:addFilter(1015)) - Added filter static_user_filter (class=org.apache.hadoop.http.lib.StaticUserWebFilter$StaticUserFilter) to context static
2023-06-28 21:18:31,094 [main] INFO  http.HttpServer2 (HttpServer2.java:addFilter(1015)) - Added filter static_user_filter (class=org.apache.hadoop.http.lib.StaticUserWebFilter$StaticUserFilter) to context logs
2023-06-28 21:18:31,095 [main] INFO  http.BaseHttpServer (BaseHttpServer.java:<init>(190)) - HTTP server of hddsDatanode uses base directory /home/runner/work/ozone/ozone/hadoop-ozone/integration-test/target/test-dir/MiniOzoneClusterImpl-392d5ccd-e702-410a-a53a-05dc11be4355/datanode-1/meta/webserver
2023-06-28 21:18:31,095 [main] INFO  http.HttpServer2 (HttpServer2.java:bindListener(1250)) - Jetty bound to port 15026
2023-06-28 21:18:31,095 [main] INFO  server.Server (Server.java:doStart(375)) - jetty-9.4.51.v20230217; built: 2023-02-17T08:19:37.309Z; git: b45c405e4544384de066f814ed42ae3dceacdd49; jvm 1.8.0_372-b07
2023-06-28 21:18:31,111 [main] INFO  server.session (DefaultSessionIdManager.java:doStart(334)) - DefaultSessionIdManager workerName=node0
2023-06-28 21:18:31,111 [main] INFO  server.session (DefaultSessionIdManager.java:doStart(339)) - No SessionScavenger set, using defaults
2023-06-28 21:18:31,111 [main] INFO  server.session (HouseKeeper.java:startScavenging(132)) - node0 Scavenging every 600000ms
2023-06-28 21:18:31,112 [main] INFO  handler.ContextHandler (ContextHandler.java:doStart(921)) - Started o.e.j.s.ServletContextHandler@3c0790ed{logs,/logs,file:///home/runner/work/ozone/ozone/hadoop-ozone/integration-test/target/log,AVAILABLE}
2023-06-28 21:18:31,118 [main] INFO  handler.ContextHandler (ContextHandler.java:doStart(921)) - Started o.e.j.s.ServletContextHandler@3bf4390d{static,/static,jar:file:/home/runner/.m2/repository/org/apache/ozone/hdds-container-service/1.4.0-SNAPSHOT/hdds-container-service-1.4.0-SNAPSHOT.jar!/webapps/static,AVAILABLE}
2023-06-28 21:18:31,170 [Datanode State Machine Task Thread - 0] INFO  datanode.InitDatanodeState (InitDatanodeState.java:persistContainerDatanodeDetails(138)) - DatanodeDetails is persisted to /home/runner/work/ozone/ozone/hadoop-ozone/integration-test/target/test-dir/MiniOzoneClusterImpl-392d5ccd-e702-410a-a53a-05dc11be4355/datanode-0/meta/datanode.id
2023-06-28 21:18:31,372 [main] INFO  handler.ContextHandler (ContextHandler.java:doStart(921)) - Started o.e.j.w.WebAppContext@26d76e45{hddsDatanode,/,file:///home/runner/work/ozone/ozone/hadoop-ozone/integration-test/target/test-dir/MiniOzoneClusterImpl-392d5ccd-e702-410a-a53a-05dc11be4355/datanode-1/meta/webserver/jetty-0_0_0_0-15026-hdds-container-service-1_4_0-SNAPSHOT_jar-_-any-650083800035916821/webapp/,AVAILABLE}{jar:file:/home/runner/.m2/repository/org/apache/ozone/hdds-container-service/1.4.0-SNAPSHOT/hdds-container-service-1.4.0-SNAPSHOT.jar!/webapps/hddsDatanode}
2023-06-28 21:18:31,374 [main] INFO  server.AbstractConnector (AbstractConnector.java:doStart(333)) - Started ServerConnector@58dc1aaa{HTTP/1.1, (http/1.1)}{0.0.0.0:15026}
2023-06-28 21:18:31,374 [main] INFO  server.Server (Server.java:doStart(415)) - Started @13691ms
2023-06-28 21:18:31,374 [main] WARN  impl.MetricsSystemImpl (MetricsSystemImpl.java:register(279)) - Sink prometheus already exists!
2023-06-28 21:18:31,375 [main] INFO  http.BaseHttpServer (BaseHttpServer.java:updateConnectorAddress(344)) - HTTP server of hddsDatanode listening at http://0.0.0.0:15026
2023-06-28 21:18:31,375 [main] INFO  ipc.CallQueueManager (CallQueueManager.java:<init>(90)) - Using callQueue: class java.util.concurrent.LinkedBlockingQueue, queueCapacity: 100, scheduler: class org.apache.hadoop.ipc.DefaultRpcScheduler, ipcBackoff: false.
2023-06-28 21:18:31,375 [main] INFO  ipc.Server (Server.java:<init>(1287)) - Listener at 0.0.0.0:15027
2023-06-28 21:18:31,379 [Socket Reader #1 for port 15027] INFO  ipc.Server (Server.java:run(1323)) - Starting Socket Reader #1 for port 15027
2023-06-28 21:18:31,387 [main] INFO  ozone.HddsDatanodeService (HddsDatanodeService.java:start(315)) - Datanode start with admins: [runner]
2023-06-28 21:18:31,387 [main] INFO  ozone.HddsDatanodeClientProtocolServer (HddsDatanodeClientProtocolServer.java:start(72)) - RPC server for Client /0.0.0.0:15027
2023-06-28 21:18:31,387 [IPC Server Responder] INFO  ipc.Server (Server.java:run(1562)) - IPC Server Responder: starting
2023-06-28 21:18:31,388 [IPC Server listener on 15027] INFO  ipc.Server (Server.java:run(1402)) - IPC Server listener on 15027: starting
2023-06-28 21:18:31,391 [Datanode State Machine Daemon Thread] INFO  statemachine.DatanodeStateMachine (DatanodeStateMachine.java:lambda$startDaemon$0(531)) - Ozone container server started.
2023-06-28 21:18:31,391 [main] WARN  impl.MetricRegistriesImpl (MetricRegistriesImpl.java:addReporterRegistration(111)) - New reporters are added after registries were created. Some metrics will be missing from the reporter. Please add reporter before adding any new registry.
2023-06-28 21:18:31,391 [main] WARN  impl.MetricRegistriesImpl (MetricRegistriesImpl.java:addReporterRegistration(111)) - New reporters are added after registries were created. Some metrics will be missing from the reporter. Please add reporter before adding any new registry.
2023-06-28 21:18:31,391 [main] INFO  impl.MetricsSystemImpl (MetricsSystemImpl.java:init(158)) - HddsDatanode metrics system started (again)
2023-06-28 21:18:31,414 [Datanode State Machine Task Thread - 0] INFO  datanode.InitDatanodeState (InitDatanodeState.java:persistContainerDatanodeDetails(138)) - DatanodeDetails is persisted to /home/runner/work/ozone/ozone/hadoop-ozone/integration-test/target/test-dir/MiniOzoneClusterImpl-392d5ccd-e702-410a-a53a-05dc11be4355/datanode-1/meta/datanode.id
2023-06-28 21:18:31,417 [main] INFO  ozone.HddsDatanodeService (HddsDatanodeService.java:start(237)) - HddsDatanodeService host:fv-az613-21.sfleub4vn5uufca0bzvsziz2ge.jx.internal.cloudapp.net ip:10.1.0.52
2023-06-28 21:18:31,450 [main] INFO  upgrade.AbstractLayoutVersionManager (AbstractLayoutVersionManager.java:init(83)) - Initializing Layout version manager with metadata layout = HADOOP_PRC_PORTS_IN_DATANODEDETAILS (version = 7), software layout = HADOOP_PRC_PORTS_IN_DATANODEDETAILS (version = 7)
2023-06-28 21:18:31,453 [main] INFO  statemachine.DatanodeStateMachine (DatanodeStateMachine.java:getEndPointTaskThreadPoolSize(279)) - Datanode State Machine Task Thread Pool size 2
2023-06-28 21:18:31,458 [main] INFO  volume.HddsVolume (HddsVolume.java:<init>(133)) - Creating HddsVolume: /home/runner/work/ozone/ozone/hadoop-ozone/integration-test/target/test-dir/MiniOzoneClusterImpl-392d5ccd-e702-410a-a53a-05dc11be4355/datanode-2/data-0/containers/hdds of storage type : DISK capacity : 9223372036854775807
2023-06-28 21:18:31,458 [main] INFO  volume.MutableVolumeSet (MutableVolumeSet.java:initializeVolumeSet(175)) - Added Volume : /home/runner/work/ozone/ozone/hadoop-ozone/integration-test/target/test-dir/MiniOzoneClusterImpl-392d5ccd-e702-410a-a53a-05dc11be4355/datanode-2/data-0/containers/hdds to VolumeSet
2023-06-28 21:18:31,459 [main] INFO  volume.ThrottledAsyncChecker (ThrottledAsyncChecker.java:schedule(141)) - Scheduling a check for /home/runner/work/ozone/ozone/hadoop-ozone/integration-test/target/test-dir/MiniOzoneClusterImpl-392d5ccd-e702-410a-a53a-05dc11be4355/datanode-2/data-0/containers/hdds
2023-06-28 21:18:31,459 [main] INFO  volume.StorageVolumeChecker (StorageVolumeChecker.java:checkAllVolumes(202)) - Scheduled health check for volume /home/runner/work/ozone/ozone/hadoop-ozone/integration-test/target/test-dir/MiniOzoneClusterImpl-392d5ccd-e702-410a-a53a-05dc11be4355/datanode-2/data-0/containers/hdds
2023-06-28 21:18:31,465 [main] INFO  volume.MutableVolumeSet (MutableVolumeSet.java:initializeVolumeSet(175)) - Added Volume : /home/runner/work/ozone/ozone/hadoop-ozone/integration-test/target/test-dir/MiniOzoneClusterImpl-392d5ccd-e702-410a-a53a-05dc11be4355/datanode-2/data/ratis to VolumeSet
2023-06-28 21:18:31,466 [main] INFO  volume.ThrottledAsyncChecker (ThrottledAsyncChecker.java:schedule(141)) - Scheduling a check for /home/runner/work/ozone/ozone/hadoop-ozone/integration-test/target/test-dir/MiniOzoneClusterImpl-392d5ccd-e702-410a-a53a-05dc11be4355/datanode-2/data/ratis
2023-06-28 21:18:31,466 [main] INFO  volume.StorageVolumeChecker (StorageVolumeChecker.java:checkAllVolumes(202)) - Scheduled health check for volume /home/runner/work/ozone/ozone/hadoop-ozone/integration-test/target/test-dir/MiniOzoneClusterImpl-392d5ccd-e702-410a-a53a-05dc11be4355/datanode-2/data/ratis
2023-06-28 21:18:31,467 [Thread-293] INFO  ozoneimpl.ContainerReader (ContainerReader.java:readVolume(175)) - Finish verifying containers on volume /home/runner/work/ozone/ozone/hadoop-ozone/integration-test/target/test-dir/MiniOzoneClusterImpl-392d5ccd-e702-410a-a53a-05dc11be4355/datanode-2/data-0/containers/hdds
2023-06-28 21:18:31,467 [main] INFO  ozoneimpl.OzoneContainer (OzoneContainer.java:buildContainerSet(316)) - Build ContainerSet costs 0s
2023-06-28 21:18:31,480 [main] INFO  server.RaftServer (ConfUtils.java:logGet(46)) - raft.rpc.type = GRPC (default)
2023-06-28 21:18:31,480 [main] INFO  grpc.GrpcConfigKeys (ConfUtils.java:logFallback(53)) - raft.grpc.admin.host = null (fallback to raft.grpc.server.host)
2023-06-28 21:18:31,481 [main] INFO  grpc.GrpcConfigKeys (ConfUtils.java:logGet(46)) - raft.grpc.admin.port = 15039 (custom)
2023-06-28 21:18:31,481 [main] INFO  grpc.GrpcConfigKeys (ConfUtils.java:logFallback(53)) - raft.grpc.client.host = null (fallback to raft.grpc.server.host)
2023-06-28 21:18:31,482 [main] INFO  grpc.GrpcConfigKeys (ConfUtils.java:logGet(46)) - raft.grpc.client.port = 15038 (custom)
2023-06-28 21:18:31,482 [main] INFO  grpc.GrpcConfigKeys (ConfUtils.java:logGet(46)) - raft.grpc.server.host = null (default)
2023-06-28 21:18:31,482 [main] INFO  grpc.GrpcConfigKeys (ConfUtils.java:logGet(46)) - raft.grpc.server.port = 15040 (custom)
2023-06-28 21:18:31,482 [main] INFO  server.GrpcService (ConfUtils.java:logGet(46)) - raft.grpc.message.size.max = 32MB (=33554432) (custom)
2023-06-28 21:18:31,482 [main] INFO  server.RaftServerConfigKeys (ConfUtils.java:logGet(46)) - raft.server.log.appender.buffer.byte-limit = 33554432 (custom)
2023-06-28 21:18:31,483 [main] INFO  server.GrpcService (ConfUtils.java:logGet(46)) - raft.grpc.flow.control.window = 5MB (=5242880) (custom)
2023-06-28 21:18:31,483 [main] INFO  server.RaftServerConfigKeys (ConfUtils.java:logGet(46)) - raft.server.rpc.request.timeout = 60s (custom)
2023-06-28 21:18:31,483 [main] INFO  grpc.GrpcConfigKeys (ConfUtils.java:logGet(46)) - raft.grpc.server.heartbeat.channel = true (default)
2023-06-28 21:18:31,483 [main] INFO  grpc.GrpcConfigKeys (ConfUtils.java:logGet(46)) - raft.grpc.server.async.request.thread.pool.cached = true (default)
2023-06-28 21:18:31,483 [main] INFO  grpc.GrpcConfigKeys (ConfUtils.java:logGet(46)) - raft.grpc.server.async.request.thread.pool.size = 32 (default)
2023-06-28 21:18:31,487 [main] INFO  impl.DataStreamServerImpl (ConfUtils.java:logGet(46)) - raft.datastream.type = NETTY (custom)
2023-06-28 21:18:31,487 [main] INFO  server.RaftServerConfigKeys (ConfUtils.java:logGet(46)) - raft.server.data-stream.async.request.thread.pool.cached = false (default)
2023-06-28 21:18:31,487 [main] INFO  server.RaftServerConfigKeys (ConfUtils.java:logGet(46)) - raft.server.data-stream.async.request.thread.pool.size = 20 (custom)
2023-06-28 21:18:31,488 [main] INFO  server.RaftServerConfigKeys (ConfUtils.java:logGet(46)) - raft.server.data-stream.async.write.thread.pool.size = 16 (default)
2023-06-28 21:18:31,488 [main] INFO  server.RaftServerConfigKeys (ConfUtils.java:logGet(46)) - raft.server.data-stream.client.pool.size = 10 (default)
2023-06-28 21:18:31,488 [main] INFO  netty.NettyConfigKeys$DataStream (ConfUtils.java:logGet(46)) - raft.netty.dataStream.server.use-epoll = false (default)
2023-06-28 21:18:31,488 [main] INFO  netty.NettyConfigKeys$DataStream (ConfUtils.java:logGet(46)) - raft.netty.dataStream.server.boss-group.size = 0 (default)
2023-06-28 21:18:31,489 [main] INFO  netty.NettyConfigKeys$DataStream (ConfUtils.java:logGet(46)) - raft.netty.dataStream.server.worker-group.size = 0 (default)
2023-06-28 21:18:31,489 [main] INFO  netty.NettyConfigKeys$DataStream (ConfUtils.java:logGet(46)) - raft.netty.dataStream.server.tls.conf = null (default)
2023-06-28 21:18:31,489 [main] INFO  netty.NettyConfigKeys$DataStream (ConfUtils.java:logGet(46)) - raft.netty.dataStream.host = null (default)
2023-06-28 21:18:31,489 [main] INFO  netty.NettyConfigKeys$DataStream (ConfUtils.java:logGet(46)) - raft.netty.dataStream.port = 15041 (custom)
2023-06-28 21:18:31,490 [main] INFO  server.RaftServerConfigKeys (ConfUtils.java:logGet(46)) - raft.server.threadpool.proxy.cached = true (default)
2023-06-28 21:18:31,490 [main] INFO  server.RaftServerConfigKeys (ConfUtils.java:logGet(46)) - raft.server.threadpool.proxy.size = 0 (default)
2023-06-28 21:18:31,490 [main] INFO  server.RaftServerConfigKeys (ConfUtils.java:logGet(46)) - raft.server.rpc.slowness.timeout = 300s (custom)
2023-06-28 21:18:31,490 [main] INFO  server.RaftServerConfigKeys (ConfUtils.java:logGet(46)) - raft.server.leaderelection.leader.step-down.wait-time = 10s (default)
2023-06-28 21:18:31,490 [main] INFO  server.RaftServerConfigKeys (ConfUtils.java:logGet(46)) - raft.server.storage.dir = [/home/runner/work/ozone/ozone/hadoop-ozone/integration-test/target/test-dir/MiniOzoneClusterImpl-392d5ccd-e702-410a-a53a-05dc11be4355/datanode-2/data/ratis] (custom)
2023-06-28 21:18:31,491 [8a2b3145-2dd0-434b-a2c2-caa8e5fb0ef1-NettyServerStreamRpc-bossGroup--thread1] INFO  logging.LoggingHandler (AbstractInternalLogger.java:log(148)) - [id: 0xa001721d] REGISTERED
2023-06-28 21:18:31,492 [8a2b3145-2dd0-434b-a2c2-caa8e5fb0ef1-NettyServerStreamRpc-bossGroup--thread1] INFO  logging.LoggingHandler (AbstractInternalLogger.java:log(148)) - [id: 0xa001721d] BIND: 0.0.0.0/0.0.0.0:15041
2023-06-28 21:18:31,492 [8a2b3145-2dd0-434b-a2c2-caa8e5fb0ef1-NettyServerStreamRpc-bossGroup--thread1] INFO  logging.LoggingHandler (AbstractInternalLogger.java:log(148)) - [id: 0xa001721d, L:/0:0:0:0:0:0:0:0:15041] ACTIVE
2023-06-28 21:18:31,492 [main] INFO  server.XceiverServerGrpc (XceiverServerGrpc.java:<init>(132)) - GrpcServer channel type EpollServerSocketChannel
2023-06-28 21:18:31,495 [main] INFO  replication.ReplicationSupervisor (ReplicationSupervisor.java:nodeStateUpdated(305)) - Node state updated to IN_SERVICE, scaling executor pool size to 10
2023-06-28 21:18:31,497 [main] INFO  http.BaseHttpServer (BaseHttpServer.java:newHttpServer2BuilderForOzone(224)) - Starting Web-server for hddsDatanode at: http://0.0.0.0:15035
2023-06-28 21:18:31,497 [main] INFO  http.BaseHttpServer (BaseHttpServer.java:<init>(111)) - Hadoop Security Enabled: false Ozone Security Enabled: false Ozone HTTP Security Enabled: false 
2023-06-28 21:18:31,499 [main] WARN  server.AuthenticationFilter (AuthenticationFilter.java:constructSecretProvider(240)) - Unable to initialize FileSignerSecretProvider, falling back to use random secrets. Reason: Could not read signature secret file: /home/runner/hadoop-http-auth-signature-secret
2023-06-28 21:18:31,500 [main] INFO  http.HttpRequestLog (HttpRequestLog.java:getRequestLog(86)) - Http request log for http.requests.hddsDatanode is not defined
2023-06-28 21:18:31,501 [main] INFO  http.HttpServer2 (HttpServer2.java:addGlobalFilter(1031)) - Added global filter 'safety' (class=org.apache.hadoop.hdds.server.http.HttpServer2$QuotingInputFilter)
2023-06-28 21:18:31,502 [main] INFO  http.HttpServer2 (HttpServer2.java:addFilter(1007)) - Added filter static_user_filter (class=org.apache.hadoop.http.lib.StaticUserWebFilter$StaticUserFilter) to context hddsDatanode
2023-06-28 21:18:31,502 [main] INFO  http.HttpServer2 (HttpServer2.java:addFilter(1015)) - Added filter static_user_filter (class=org.apache.hadoop.http.lib.StaticUserWebFilter$StaticUserFilter) to context static
2023-06-28 21:18:31,502 [main] INFO  http.HttpServer2 (HttpServer2.java:addFilter(1015)) - Added filter static_user_filter (class=org.apache.hadoop.http.lib.StaticUserWebFilter$StaticUserFilter) to context logs
2023-06-28 21:18:31,503 [main] INFO  http.BaseHttpServer (BaseHttpServer.java:<init>(190)) - HTTP server of hddsDatanode uses base directory /home/runner/work/ozone/ozone/hadoop-ozone/integration-test/target/test-dir/MiniOzoneClusterImpl-392d5ccd-e702-410a-a53a-05dc11be4355/datanode-2/meta/webserver
2023-06-28 21:18:31,503 [main] INFO  http.HttpServer2 (HttpServer2.java:bindListener(1250)) - Jetty bound to port 15035
2023-06-28 21:18:31,503 [main] INFO  server.Server (Server.java:doStart(375)) - jetty-9.4.51.v20230217; built: 2023-02-17T08:19:37.309Z; git: b45c405e4544384de066f814ed42ae3dceacdd49; jvm 1.8.0_372-b07
2023-06-28 21:18:31,505 [main] INFO  server.session (DefaultSessionIdManager.java:doStart(334)) - DefaultSessionIdManager workerName=node0
2023-06-28 21:18:31,505 [main] INFO  server.session (DefaultSessionIdManager.java:doStart(339)) - No SessionScavenger set, using defaults
2023-06-28 21:18:31,505 [main] INFO  server.session (HouseKeeper.java:startScavenging(132)) - node0 Scavenging every 600000ms
2023-06-28 21:18:31,506 [main] INFO  handler.ContextHandler (ContextHandler.java:doStart(921)) - Started o.e.j.s.ServletContextHandler@5f990556{logs,/logs,file:///home/runner/work/ozone/ozone/hadoop-ozone/integration-test/target/log,AVAILABLE}
2023-06-28 21:18:31,507 [main] INFO  handler.ContextHandler (ContextHandler.java:doStart(921)) - Started o.e.j.s.ServletContextHandler@55875ea7{static,/static,jar:file:/home/runner/.m2/repository/org/apache/ozone/hdds-container-service/1.4.0-SNAPSHOT/hdds-container-service-1.4.0-SNAPSHOT.jar!/webapps/static,AVAILABLE}
2023-06-28 21:18:31,733 [main] INFO  handler.ContextHandler (ContextHandler.java:doStart(921)) - Started o.e.j.w.WebAppContext@4b342bb8{hddsDatanode,/,file:///home/runner/work/ozone/ozone/hadoop-ozone/integration-test/target/test-dir/MiniOzoneClusterImpl-392d5ccd-e702-410a-a53a-05dc11be4355/datanode-2/meta/webserver/jetty-0_0_0_0-15035-hdds-container-service-1_4_0-SNAPSHOT_jar-_-any-1702283958832791546/webapp/,AVAILABLE}{jar:file:/home/runner/.m2/repository/org/apache/ozone/hdds-container-service/1.4.0-SNAPSHOT/hdds-container-service-1.4.0-SNAPSHOT.jar!/webapps/hddsDatanode}
2023-06-28 21:18:31,735 [main] INFO  server.AbstractConnector (AbstractConnector.java:doStart(333)) - Started ServerConnector@2e862e83{HTTP/1.1, (http/1.1)}{0.0.0.0:15035}
2023-06-28 21:18:31,736 [main] INFO  server.Server (Server.java:doStart(415)) - Started @14053ms
2023-06-28 21:18:31,736 [main] WARN  impl.MetricsSystemImpl (MetricsSystemImpl.java:register(279)) - Sink prometheus already exists!
2023-06-28 21:18:31,736 [main] INFO  http.BaseHttpServer (BaseHttpServer.java:updateConnectorAddress(344)) - HTTP server of hddsDatanode listening at http://0.0.0.0:15035
2023-06-28 21:18:31,737 [main] INFO  ipc.CallQueueManager (CallQueueManager.java:<init>(90)) - Using callQueue: class java.util.concurrent.LinkedBlockingQueue, queueCapacity: 100, scheduler: class org.apache.hadoop.ipc.DefaultRpcScheduler, ipcBackoff: false.
2023-06-28 21:18:31,737 [main] INFO  ipc.Server (Server.java:<init>(1287)) - Listener at 0.0.0.0:15036
2023-06-28 21:18:31,737 [Socket Reader #1 for port 15036] INFO  ipc.Server (Server.java:run(1323)) - Starting Socket Reader #1 for port 15036
2023-06-28 21:18:31,742 [main] INFO  ozone.HddsDatanodeService (HddsDatanodeService.java:start(315)) - Datanode start with admins: [runner]
2023-06-28 21:18:31,742 [main] INFO  ozone.HddsDatanodeClientProtocolServer (HddsDatanodeClientProtocolServer.java:start(72)) - RPC server for Client /0.0.0.0:15036
2023-06-28 21:18:31,742 [IPC Server Responder] INFO  ipc.Server (Server.java:run(1562)) - IPC Server Responder: starting
2023-06-28 21:18:31,743 [IPC Server listener on 15036] INFO  ipc.Server (Server.java:run(1402)) - IPC Server listener on 15036: starting
2023-06-28 21:18:31,744 [main] WARN  impl.MetricRegistriesImpl (MetricRegistriesImpl.java:addReporterRegistration(111)) - New reporters are added after registries were created. Some metrics will be missing from the reporter. Please add reporter before adding any new registry.
2023-06-28 21:18:31,744 [main] WARN  impl.MetricRegistriesImpl (MetricRegistriesImpl.java:addReporterRegistration(111)) - New reporters are added after registries were created. Some metrics will be missing from the reporter. Please add reporter before adding any new registry.
2023-06-28 21:18:31,744 [main] INFO  impl.MetricsSystemImpl (MetricsSystemImpl.java:init(158)) - HddsDatanode metrics system started (again)
2023-06-28 21:18:31,758 [Datanode State Machine Daemon Thread] INFO  statemachine.DatanodeStateMachine (DatanodeStateMachine.java:lambda$startDaemon$0(531)) - Ozone container server started.
2023-06-28 21:18:31,768 [main] INFO  ozone.HddsDatanodeService (HddsDatanodeService.java:start(237)) - HddsDatanodeService host:fv-az613-21.sfleub4vn5uufca0bzvsziz2ge.jx.internal.cloudapp.net ip:10.1.0.52
2023-06-28 21:18:31,776 [Datanode State Machine Task Thread - 0] INFO  datanode.InitDatanodeState (InitDatanodeState.java:persistContainerDatanodeDetails(138)) - DatanodeDetails is persisted to /home/runner/work/ozone/ozone/hadoop-ozone/integration-test/target/test-dir/MiniOzoneClusterImpl-392d5ccd-e702-410a-a53a-05dc11be4355/datanode-2/meta/datanode.id
2023-06-28 21:18:31,796 [main] INFO  upgrade.AbstractLayoutVersionManager (AbstractLayoutVersionManager.java:init(83)) - Initializing Layout version manager with metadata layout = HADOOP_PRC_PORTS_IN_DATANODEDETAILS (version = 7), software layout = HADOOP_PRC_PORTS_IN_DATANODEDETAILS (version = 7)
2023-06-28 21:18:31,797 [main] INFO  statemachine.DatanodeStateMachine (DatanodeStateMachine.java:getEndPointTaskThreadPoolSize(279)) - Datanode State Machine Task Thread Pool size 2
2023-06-28 21:18:31,799 [main] INFO  volume.HddsVolume (HddsVolume.java:<init>(133)) - Creating HddsVolume: /home/runner/work/ozone/ozone/hadoop-ozone/integration-test/target/test-dir/MiniOzoneClusterImpl-392d5ccd-e702-410a-a53a-05dc11be4355/datanode-3/data-0/containers/hdds of storage type : DISK capacity : 9223372036854775807
2023-06-28 21:18:31,799 [main] INFO  volume.MutableVolumeSet (MutableVolumeSet.java:initializeVolumeSet(175)) - Added Volume : /home/runner/work/ozone/ozone/hadoop-ozone/integration-test/target/test-dir/MiniOzoneClusterImpl-392d5ccd-e702-410a-a53a-05dc11be4355/datanode-3/data-0/containers/hdds to VolumeSet
2023-06-28 21:18:31,799 [main] INFO  volume.ThrottledAsyncChecker (ThrottledAsyncChecker.java:schedule(141)) - Scheduling a check for /home/runner/work/ozone/ozone/hadoop-ozone/integration-test/target/test-dir/MiniOzoneClusterImpl-392d5ccd-e702-410a-a53a-05dc11be4355/datanode-3/data-0/containers/hdds
2023-06-28 21:18:31,800 [main] INFO  volume.StorageVolumeChecker (StorageVolumeChecker.java:checkAllVolumes(202)) - Scheduled health check for volume /home/runner/work/ozone/ozone/hadoop-ozone/integration-test/target/test-dir/MiniOzoneClusterImpl-392d5ccd-e702-410a-a53a-05dc11be4355/datanode-3/data-0/containers/hdds
2023-06-28 21:18:31,804 [main] INFO  volume.MutableVolumeSet (MutableVolumeSet.java:initializeVolumeSet(175)) - Added Volume : /home/runner/work/ozone/ozone/hadoop-ozone/integration-test/target/test-dir/MiniOzoneClusterImpl-392d5ccd-e702-410a-a53a-05dc11be4355/datanode-3/data/ratis to VolumeSet
2023-06-28 21:18:31,804 [main] INFO  volume.ThrottledAsyncChecker (ThrottledAsyncChecker.java:schedule(141)) - Scheduling a check for /home/runner/work/ozone/ozone/hadoop-ozone/integration-test/target/test-dir/MiniOzoneClusterImpl-392d5ccd-e702-410a-a53a-05dc11be4355/datanode-3/data/ratis
2023-06-28 21:18:31,804 [main] INFO  volume.StorageVolumeChecker (StorageVolumeChecker.java:checkAllVolumes(202)) - Scheduled health check for volume /home/runner/work/ozone/ozone/hadoop-ozone/integration-test/target/test-dir/MiniOzoneClusterImpl-392d5ccd-e702-410a-a53a-05dc11be4355/datanode-3/data/ratis
2023-06-28 21:18:31,806 [Thread-310] INFO  ozoneimpl.ContainerReader (ContainerReader.java:readVolume(175)) - Finish verifying containers on volume /home/runner/work/ozone/ozone/hadoop-ozone/integration-test/target/test-dir/MiniOzoneClusterImpl-392d5ccd-e702-410a-a53a-05dc11be4355/datanode-3/data-0/containers/hdds
2023-06-28 21:18:31,806 [main] INFO  ozoneimpl.OzoneContainer (OzoneContainer.java:buildContainerSet(316)) - Build ContainerSet costs 0s
2023-06-28 21:18:31,810 [main] INFO  server.RaftServer (ConfUtils.java:logGet(46)) - raft.rpc.type = GRPC (default)
2023-06-28 21:18:31,810 [main] INFO  grpc.GrpcConfigKeys (ConfUtils.java:logFallback(53)) - raft.grpc.admin.host = null (fallback to raft.grpc.server.host)
2023-06-28 21:18:31,811 [main] INFO  grpc.GrpcConfigKeys (ConfUtils.java:logGet(46)) - raft.grpc.admin.port = 15048 (custom)
2023-06-28 21:18:31,811 [main] INFO  grpc.GrpcConfigKeys (ConfUtils.java:logFallback(53)) - raft.grpc.client.host = null (fallback to raft.grpc.server.host)
2023-06-28 21:18:31,811 [main] INFO  grpc.GrpcConfigKeys (ConfUtils.java:logGet(46)) - raft.grpc.client.port = 15047 (custom)
2023-06-28 21:18:31,811 [main] INFO  grpc.GrpcConfigKeys (ConfUtils.java:logGet(46)) - raft.grpc.server.host = null (default)
2023-06-28 21:18:31,811 [main] INFO  grpc.GrpcConfigKeys (ConfUtils.java:logGet(46)) - raft.grpc.server.port = 15049 (custom)
2023-06-28 21:18:31,811 [main] INFO  server.GrpcService (ConfUtils.java:logGet(46)) - raft.grpc.message.size.max = 32MB (=33554432) (custom)
2023-06-28 21:18:31,811 [main] INFO  server.RaftServerConfigKeys (ConfUtils.java:logGet(46)) - raft.server.log.appender.buffer.byte-limit = 33554432 (custom)
2023-06-28 21:18:31,811 [main] INFO  server.GrpcService (ConfUtils.java:logGet(46)) - raft.grpc.flow.control.window = 5MB (=5242880) (custom)
2023-06-28 21:18:31,812 [main] INFO  server.RaftServerConfigKeys (ConfUtils.java:logGet(46)) - raft.server.rpc.request.timeout = 60s (custom)
2023-06-28 21:18:31,812 [main] INFO  grpc.GrpcConfigKeys (ConfUtils.java:logGet(46)) - raft.grpc.server.heartbeat.channel = true (default)
2023-06-28 21:18:31,812 [main] INFO  grpc.GrpcConfigKeys (ConfUtils.java:logGet(46)) - raft.grpc.server.async.request.thread.pool.cached = true (default)
2023-06-28 21:18:31,812 [main] INFO  grpc.GrpcConfigKeys (ConfUtils.java:logGet(46)) - raft.grpc.server.async.request.thread.pool.size = 32 (default)
2023-06-28 21:18:31,817 [main] INFO  impl.DataStreamServerImpl (ConfUtils.java:logGet(46)) - raft.datastream.type = NETTY (custom)
2023-06-28 21:18:31,818 [main] INFO  server.RaftServerConfigKeys (ConfUtils.java:logGet(46)) - raft.server.data-stream.async.request.thread.pool.cached = false (default)
2023-06-28 21:18:31,818 [main] INFO  server.RaftServerConfigKeys (ConfUtils.java:logGet(46)) - raft.server.data-stream.async.request.thread.pool.size = 20 (custom)
2023-06-28 21:18:31,818 [main] INFO  server.RaftServerConfigKeys (ConfUtils.java:logGet(46)) - raft.server.data-stream.async.write.thread.pool.size = 16 (default)
2023-06-28 21:18:31,818 [main] INFO  server.RaftServerConfigKeys (ConfUtils.java:logGet(46)) - raft.server.data-stream.client.pool.size = 10 (default)
2023-06-28 21:18:31,819 [main] INFO  netty.NettyConfigKeys$DataStream (ConfUtils.java:logGet(46)) - raft.netty.dataStream.server.use-epoll = false (default)
2023-06-28 21:18:31,819 [main] INFO  netty.NettyConfigKeys$DataStream (ConfUtils.java:logGet(46)) - raft.netty.dataStream.server.boss-group.size = 0 (default)
2023-06-28 21:18:31,819 [main] INFO  netty.NettyConfigKeys$DataStream (ConfUtils.java:logGet(46)) - raft.netty.dataStream.server.worker-group.size = 0 (default)
2023-06-28 21:18:31,820 [main] INFO  netty.NettyConfigKeys$DataStream (ConfUtils.java:logGet(46)) - raft.netty.dataStream.server.tls.conf = null (default)
2023-06-28 21:18:31,820 [main] INFO  netty.NettyConfigKeys$DataStream (ConfUtils.java:logGet(46)) - raft.netty.dataStream.host = null (default)
2023-06-28 21:18:31,821 [main] INFO  netty.NettyConfigKeys$DataStream (ConfUtils.java:logGet(46)) - raft.netty.dataStream.port = 15050 (custom)
2023-06-28 21:18:31,824 [main] INFO  server.RaftServerConfigKeys (ConfUtils.java:logGet(46)) - raft.server.threadpool.proxy.cached = true (default)
2023-06-28 21:18:31,826 [main] INFO  server.RaftServerConfigKeys (ConfUtils.java:logGet(46)) - raft.server.threadpool.proxy.size = 0 (default)
2023-06-28 21:18:31,825 [dafdcea3-8be0-4d1d-be6d-f6a2e26020ac-NettyServerStreamRpc-bossGroup--thread1] INFO  logging.LoggingHandler (AbstractInternalLogger.java:log(148)) - [id: 0xbec5bfdd] REGISTERED
2023-06-28 21:18:31,826 [dafdcea3-8be0-4d1d-be6d-f6a2e26020ac-NettyServerStreamRpc-bossGroup--thread1] INFO  logging.LoggingHandler (AbstractInternalLogger.java:log(148)) - [id: 0xbec5bfdd] BIND: 0.0.0.0/0.0.0.0:15050
2023-06-28 21:18:31,826 [dafdcea3-8be0-4d1d-be6d-f6a2e26020ac-NettyServerStreamRpc-bossGroup--thread1] INFO  logging.LoggingHandler (AbstractInternalLogger.java:log(148)) - [id: 0xbec5bfdd, L:/0:0:0:0:0:0:0:0:15050] ACTIVE
2023-06-28 21:18:31,828 [main] INFO  server.RaftServerConfigKeys (ConfUtils.java:logGet(46)) - raft.server.rpc.slowness.timeout = 300s (custom)
2023-06-28 21:18:31,829 [main] INFO  server.RaftServerConfigKeys (ConfUtils.java:logGet(46)) - raft.server.leaderelection.leader.step-down.wait-time = 10s (default)
2023-06-28 21:18:31,830 [main] INFO  server.RaftServerConfigKeys (ConfUtils.java:logGet(46)) - raft.server.storage.dir = [/home/runner/work/ozone/ozone/hadoop-ozone/integration-test/target/test-dir/MiniOzoneClusterImpl-392d5ccd-e702-410a-a53a-05dc11be4355/datanode-3/data/ratis] (custom)
2023-06-28 21:18:31,832 [main] INFO  server.XceiverServerGrpc (XceiverServerGrpc.java:<init>(132)) - GrpcServer channel type EpollServerSocketChannel
2023-06-28 21:18:31,838 [main] INFO  replication.ReplicationSupervisor (ReplicationSupervisor.java:nodeStateUpdated(305)) - Node state updated to IN_SERVICE, scaling executor pool size to 10
2023-06-28 21:18:31,844 [main] INFO  http.BaseHttpServer (BaseHttpServer.java:newHttpServer2BuilderForOzone(224)) - Starting Web-server for hddsDatanode at: http://0.0.0.0:15044
2023-06-28 21:18:31,844 [main] INFO  http.BaseHttpServer (BaseHttpServer.java:<init>(111)) - Hadoop Security Enabled: false Ozone Security Enabled: false Ozone HTTP Security Enabled: false 
2023-06-28 21:18:31,846 [main] WARN  server.AuthenticationFilter (AuthenticationFilter.java:constructSecretProvider(240)) - Unable to initialize FileSignerSecretProvider, falling back to use random secrets. Reason: Could not read signature secret file: /home/runner/hadoop-http-auth-signature-secret
2023-06-28 21:18:31,847 [main] INFO  http.HttpRequestLog (HttpRequestLog.java:getRequestLog(86)) - Http request log for http.requests.hddsDatanode is not defined
2023-06-28 21:18:31,849 [main] INFO  http.HttpServer2 (HttpServer2.java:addGlobalFilter(1031)) - Added global filter 'safety' (class=org.apache.hadoop.hdds.server.http.HttpServer2$QuotingInputFilter)
2023-06-28 21:18:31,850 [main] INFO  http.HttpServer2 (HttpServer2.java:addFilter(1007)) - Added filter static_user_filter (class=org.apache.hadoop.http.lib.StaticUserWebFilter$StaticUserFilter) to context hddsDatanode
2023-06-28 21:18:31,850 [main] INFO  http.HttpServer2 (HttpServer2.java:addFilter(1015)) - Added filter static_user_filter (class=org.apache.hadoop.http.lib.StaticUserWebFilter$StaticUserFilter) to context logs
2023-06-28 21:18:31,851 [main] INFO  http.HttpServer2 (HttpServer2.java:addFilter(1015)) - Added filter static_user_filter (class=org.apache.hadoop.http.lib.StaticUserWebFilter$StaticUserFilter) to context static
2023-06-28 21:18:31,853 [main] INFO  http.BaseHttpServer (BaseHttpServer.java:<init>(190)) - HTTP server of hddsDatanode uses base directory /home/runner/work/ozone/ozone/hadoop-ozone/integration-test/target/test-dir/MiniOzoneClusterImpl-392d5ccd-e702-410a-a53a-05dc11be4355/datanode-3/meta/webserver
2023-06-28 21:18:31,853 [main] INFO  http.HttpServer2 (HttpServer2.java:bindListener(1250)) - Jetty bound to port 15044
2023-06-28 21:18:31,853 [main] INFO  server.Server (Server.java:doStart(375)) - jetty-9.4.51.v20230217; built: 2023-02-17T08:19:37.309Z; git: b45c405e4544384de066f814ed42ae3dceacdd49; jvm 1.8.0_372-b07
2023-06-28 21:18:31,855 [main] INFO  server.session (DefaultSessionIdManager.java:doStart(334)) - DefaultSessionIdManager workerName=node0
2023-06-28 21:18:31,855 [main] INFO  server.session (DefaultSessionIdManager.java:doStart(339)) - No SessionScavenger set, using defaults
2023-06-28 21:18:31,855 [main] INFO  server.session (HouseKeeper.java:startScavenging(132)) - node0 Scavenging every 600000ms
2023-06-28 21:18:31,856 [main] INFO  handler.ContextHandler (ContextHandler.java:doStart(921)) - Started o.e.j.s.ServletContextHandler@6400429a{logs,/logs,file:///home/runner/work/ozone/ozone/hadoop-ozone/integration-test/target/log,AVAILABLE}
2023-06-28 21:18:31,856 [main] INFO  handler.ContextHandler (ContextHandler.java:doStart(921)) - Started o.e.j.s.ServletContextHandler@250d64e0{static,/static,jar:file:/home/runner/.m2/repository/org/apache/ozone/hdds-container-service/1.4.0-SNAPSHOT/hdds-container-service-1.4.0-SNAPSHOT.jar!/webapps/static,AVAILABLE}
2023-06-28 21:18:32,084 [main] INFO  handler.ContextHandler (ContextHandler.java:doStart(921)) - Started o.e.j.w.WebAppContext@691fffb9{hddsDatanode,/,file:///home/runner/work/ozone/ozone/hadoop-ozone/integration-test/target/test-dir/MiniOzoneClusterImpl-392d5ccd-e702-410a-a53a-05dc11be4355/datanode-3/meta/webserver/jetty-0_0_0_0-15044-hdds-container-service-1_4_0-SNAPSHOT_jar-_-any-1515028579131645341/webapp/,AVAILABLE}{jar:file:/home/runner/.m2/repository/org/apache/ozone/hdds-container-service/1.4.0-SNAPSHOT/hdds-container-service-1.4.0-SNAPSHOT.jar!/webapps/hddsDatanode}
2023-06-28 21:18:32,086 [main] INFO  server.AbstractConnector (AbstractConnector.java:doStart(333)) - Started ServerConnector@451e5f57{HTTP/1.1, (http/1.1)}{0.0.0.0:15044}
2023-06-28 21:18:32,086 [main] INFO  server.Server (Server.java:doStart(415)) - Started @14404ms
2023-06-28 21:18:32,087 [main] WARN  impl.MetricsSystemImpl (MetricsSystemImpl.java:register(279)) - Sink prometheus already exists!
2023-06-28 21:18:32,087 [main] INFO  http.BaseHttpServer (BaseHttpServer.java:updateConnectorAddress(344)) - HTTP server of hddsDatanode listening at http://0.0.0.0:15044
2023-06-28 21:18:32,088 [main] INFO  ipc.CallQueueManager (CallQueueManager.java:<init>(90)) - Using callQueue: class java.util.concurrent.LinkedBlockingQueue, queueCapacity: 100, scheduler: class org.apache.hadoop.ipc.DefaultRpcScheduler, ipcBackoff: false.
2023-06-28 21:18:32,088 [main] INFO  ipc.Server (Server.java:<init>(1287)) - Listener at 0.0.0.0:15045
2023-06-28 21:18:32,092 [Socket Reader #1 for port 15045] INFO  ipc.Server (Server.java:run(1323)) - Starting Socket Reader #1 for port 15045
2023-06-28 21:18:32,094 [main] INFO  ozone.HddsDatanodeService (HddsDatanodeService.java:start(315)) - Datanode start with admins: [runner]
2023-06-28 21:18:32,100 [main] INFO  ozone.HddsDatanodeClientProtocolServer (HddsDatanodeClientProtocolServer.java:start(72)) - RPC server for Client /0.0.0.0:15045
2023-06-28 21:18:32,100 [IPC Server Responder] INFO  ipc.Server (Server.java:run(1562)) - IPC Server Responder: starting
2023-06-28 21:18:32,100 [IPC Server listener on 15045] INFO  ipc.Server (Server.java:run(1402)) - IPC Server listener on 15045: starting
2023-06-28 21:18:32,101 [main] WARN  impl.MetricRegistriesImpl (MetricRegistriesImpl.java:addReporterRegistration(111)) - New reporters are added after registries were created. Some metrics will be missing from the reporter. Please add reporter before adding any new registry.
2023-06-28 21:18:32,101 [main] WARN  impl.MetricRegistriesImpl (MetricRegistriesImpl.java:addReporterRegistration(111)) - New reporters are added after registries were created. Some metrics will be missing from the reporter. Please add reporter before adding any new registry.
2023-06-28 21:18:32,101 [main] INFO  impl.MetricsSystemImpl (MetricsSystemImpl.java:init(158)) - HddsDatanode metrics system started (again)
2023-06-28 21:18:32,115 [Datanode State Machine Daemon Thread] INFO  statemachine.DatanodeStateMachine (DatanodeStateMachine.java:lambda$startDaemon$0(531)) - Ozone container server started.
2023-06-28 21:18:32,116 [main] INFO  ozone.HddsDatanodeService (HddsDatanodeService.java:start(237)) - HddsDatanodeService host:fv-az613-21.sfleub4vn5uufca0bzvsziz2ge.jx.internal.cloudapp.net ip:10.1.0.52
2023-06-28 21:18:32,132 [Datanode State Machine Task Thread - 0] INFO  datanode.InitDatanodeState (InitDatanodeState.java:persistContainerDatanodeDetails(138)) - DatanodeDetails is persisted to /home/runner/work/ozone/ozone/hadoop-ozone/integration-test/target/test-dir/MiniOzoneClusterImpl-392d5ccd-e702-410a-a53a-05dc11be4355/datanode-3/meta/datanode.id
2023-06-28 21:18:32,155 [main] INFO  upgrade.AbstractLayoutVersionManager (AbstractLayoutVersionManager.java:init(83)) - Initializing Layout version manager with metadata layout = HADOOP_PRC_PORTS_IN_DATANODEDETAILS (version = 7), software layout = HADOOP_PRC_PORTS_IN_DATANODEDETAILS (version = 7)
2023-06-28 21:18:32,157 [main] INFO  statemachine.DatanodeStateMachine (DatanodeStateMachine.java:getEndPointTaskThreadPoolSize(279)) - Datanode State Machine Task Thread Pool size 2
2023-06-28 21:18:32,162 [main] INFO  volume.HddsVolume (HddsVolume.java:<init>(133)) - Creating HddsVolume: /home/runner/work/ozone/ozone/hadoop-ozone/integration-test/target/test-dir/MiniOzoneClusterImpl-392d5ccd-e702-410a-a53a-05dc11be4355/datanode-4/data-0/containers/hdds of storage type : DISK capacity : 9223372036854775807
2023-06-28 21:18:32,162 [main] INFO  volume.MutableVolumeSet (MutableVolumeSet.java:initializeVolumeSet(175)) - Added Volume : /home/runner/work/ozone/ozone/hadoop-ozone/integration-test/target/test-dir/MiniOzoneClusterImpl-392d5ccd-e702-410a-a53a-05dc11be4355/datanode-4/data-0/containers/hdds to VolumeSet
2023-06-28 21:18:32,162 [main] INFO  volume.ThrottledAsyncChecker (ThrottledAsyncChecker.java:schedule(141)) - Scheduling a check for /home/runner/work/ozone/ozone/hadoop-ozone/integration-test/target/test-dir/MiniOzoneClusterImpl-392d5ccd-e702-410a-a53a-05dc11be4355/datanode-4/data-0/containers/hdds
2023-06-28 21:18:32,175 [main] INFO  volume.StorageVolumeChecker (StorageVolumeChecker.java:checkAllVolumes(202)) - Scheduled health check for volume /home/runner/work/ozone/ozone/hadoop-ozone/integration-test/target/test-dir/MiniOzoneClusterImpl-392d5ccd-e702-410a-a53a-05dc11be4355/datanode-4/data-0/containers/hdds
2023-06-28 21:18:32,177 [main] INFO  volume.MutableVolumeSet (MutableVolumeSet.java:initializeVolumeSet(175)) - Added Volume : /home/runner/work/ozone/ozone/hadoop-ozone/integration-test/target/test-dir/MiniOzoneClusterImpl-392d5ccd-e702-410a-a53a-05dc11be4355/datanode-4/data/ratis to VolumeSet
2023-06-28 21:18:32,178 [main] INFO  volume.ThrottledAsyncChecker (ThrottledAsyncChecker.java:schedule(141)) - Scheduling a check for /home/runner/work/ozone/ozone/hadoop-ozone/integration-test/target/test-dir/MiniOzoneClusterImpl-392d5ccd-e702-410a-a53a-05dc11be4355/datanode-4/data/ratis
2023-06-28 21:18:32,178 [main] INFO  volume.StorageVolumeChecker (StorageVolumeChecker.java:checkAllVolumes(202)) - Scheduled health check for volume /home/runner/work/ozone/ozone/hadoop-ozone/integration-test/target/test-dir/MiniOzoneClusterImpl-392d5ccd-e702-410a-a53a-05dc11be4355/datanode-4/data/ratis
2023-06-28 21:18:32,181 [omNode-3@group-523986131536-FollowerState] INFO  server.RaftServerConfigKeys (ConfUtils.java:logFallback(53)) - raft.server.rpc.first-election.timeout.min = 1s (fallback to raft.server.rpc.timeout.min)
2023-06-28 21:18:32,181 [omNode-3@group-523986131536-FollowerState] INFO  server.RaftServerConfigKeys (ConfUtils.java:logFallback(53)) - raft.server.rpc.first-election.timeout.max = 1200ms (fallback to raft.server.rpc.timeout.max)
2023-06-28 21:18:32,185 [Thread-327] INFO  ozoneimpl.ContainerReader (ContainerReader.java:readVolume(175)) - Finish verifying containers on volume /home/runner/work/ozone/ozone/hadoop-ozone/integration-test/target/test-dir/MiniOzoneClusterImpl-392d5ccd-e702-410a-a53a-05dc11be4355/datanode-4/data-0/containers/hdds
2023-06-28 21:18:32,185 [main] INFO  ozoneimpl.OzoneContainer (OzoneContainer.java:buildContainerSet(316)) - Build ContainerSet costs 0s
2023-06-28 21:18:32,188 [main] INFO  server.RaftServer (ConfUtils.java:logGet(46)) - raft.rpc.type = GRPC (default)
2023-06-28 21:18:32,188 [main] INFO  grpc.GrpcConfigKeys (ConfUtils.java:logFallback(53)) - raft.grpc.admin.host = null (fallback to raft.grpc.server.host)
2023-06-28 21:18:32,188 [main] INFO  grpc.GrpcConfigKeys (ConfUtils.java:logGet(46)) - raft.grpc.admin.port = 15057 (custom)
2023-06-28 21:18:32,189 [main] INFO  grpc.GrpcConfigKeys (ConfUtils.java:logFallback(53)) - raft.grpc.client.host = null (fallback to raft.grpc.server.host)
2023-06-28 21:18:32,189 [main] INFO  grpc.GrpcConfigKeys (ConfUtils.java:logGet(46)) - raft.grpc.client.port = 15056 (custom)
2023-06-28 21:18:32,189 [main] INFO  grpc.GrpcConfigKeys (ConfUtils.java:logGet(46)) - raft.grpc.server.host = null (default)
2023-06-28 21:18:32,189 [main] INFO  grpc.GrpcConfigKeys (ConfUtils.java:logGet(46)) - raft.grpc.server.port = 15058 (custom)
2023-06-28 21:18:32,189 [main] INFO  server.GrpcService (ConfUtils.java:logGet(46)) - raft.grpc.message.size.max = 32MB (=33554432) (custom)
2023-06-28 21:18:32,189 [main] INFO  server.RaftServerConfigKeys (ConfUtils.java:logGet(46)) - raft.server.log.appender.buffer.byte-limit = 33554432 (custom)
2023-06-28 21:18:32,189 [main] INFO  server.GrpcService (ConfUtils.java:logGet(46)) - raft.grpc.flow.control.window = 5MB (=5242880) (custom)
2023-06-28 21:18:32,189 [main] INFO  server.RaftServerConfigKeys (ConfUtils.java:logGet(46)) - raft.server.rpc.request.timeout = 60s (custom)
2023-06-28 21:18:32,189 [main] INFO  grpc.GrpcConfigKeys (ConfUtils.java:logGet(46)) - raft.grpc.server.heartbeat.channel = true (default)
2023-06-28 21:18:32,190 [main] INFO  grpc.GrpcConfigKeys (ConfUtils.java:logGet(46)) - raft.grpc.server.async.request.thread.pool.cached = true (default)
2023-06-28 21:18:32,190 [main] INFO  grpc.GrpcConfigKeys (ConfUtils.java:logGet(46)) - raft.grpc.server.async.request.thread.pool.size = 32 (default)
2023-06-28 21:18:32,195 [main] INFO  impl.DataStreamServerImpl (ConfUtils.java:logGet(46)) - raft.datastream.type = NETTY (custom)
2023-06-28 21:18:32,195 [main] INFO  server.RaftServerConfigKeys (ConfUtils.java:logGet(46)) - raft.server.data-stream.async.request.thread.pool.cached = false (default)
2023-06-28 21:18:32,195 [main] INFO  server.RaftServerConfigKeys (ConfUtils.java:logGet(46)) - raft.server.data-stream.async.request.thread.pool.size = 20 (custom)
2023-06-28 21:18:32,196 [main] INFO  server.RaftServerConfigKeys (ConfUtils.java:logGet(46)) - raft.server.data-stream.async.write.thread.pool.size = 16 (default)
2023-06-28 21:18:32,196 [main] INFO  server.RaftServerConfigKeys (ConfUtils.java:logGet(46)) - raft.server.data-stream.client.pool.size = 10 (default)
2023-06-28 21:18:32,197 [main] INFO  netty.NettyConfigKeys$DataStream (ConfUtils.java:logGet(46)) - raft.netty.dataStream.server.use-epoll = false (default)
2023-06-28 21:18:32,197 [main] INFO  netty.NettyConfigKeys$DataStream (ConfUtils.java:logGet(46)) - raft.netty.dataStream.server.boss-group.size = 0 (default)
2023-06-28 21:18:32,198 [main] INFO  netty.NettyConfigKeys$DataStream (ConfUtils.java:logGet(46)) - raft.netty.dataStream.server.worker-group.size = 0 (default)
2023-06-28 21:18:32,199 [main] INFO  netty.NettyConfigKeys$DataStream (ConfUtils.java:logGet(46)) - raft.netty.dataStream.server.tls.conf = null (default)
2023-06-28 21:18:32,199 [main] INFO  netty.NettyConfigKeys$DataStream (ConfUtils.java:logGet(46)) - raft.netty.dataStream.host = null (default)
2023-06-28 21:18:32,199 [main] INFO  netty.NettyConfigKeys$DataStream (ConfUtils.java:logGet(46)) - raft.netty.dataStream.port = 15059 (custom)
2023-06-28 21:18:32,200 [main] INFO  server.RaftServerConfigKeys (ConfUtils.java:logGet(46)) - raft.server.threadpool.proxy.cached = true (default)
2023-06-28 21:18:32,200 [main] INFO  server.RaftServerConfigKeys (ConfUtils.java:logGet(46)) - raft.server.threadpool.proxy.size = 0 (default)
2023-06-28 21:18:32,200 [main] INFO  server.RaftServerConfigKeys (ConfUtils.java:logGet(46)) - raft.server.rpc.slowness.timeout = 300s (custom)
2023-06-28 21:18:32,200 [main] INFO  server.RaftServerConfigKeys (ConfUtils.java:logGet(46)) - raft.server.leaderelection.leader.step-down.wait-time = 10s (default)
2023-06-28 21:18:32,201 [main] INFO  server.RaftServerConfigKeys (ConfUtils.java:logGet(46)) - raft.server.storage.dir = [/home/runner/work/ozone/ozone/hadoop-ozone/integration-test/target/test-dir/MiniOzoneClusterImpl-392d5ccd-e702-410a-a53a-05dc11be4355/datanode-4/data/ratis] (custom)
2023-06-28 21:18:32,201 [68d6cd24-bd24-4fd7-81ed-64a513f0bb68-NettyServerStreamRpc-bossGroup--thread1] INFO  logging.LoggingHandler (AbstractInternalLogger.java:log(148)) - [id: 0x6235b70e] REGISTERED
2023-06-28 21:18:32,201 [68d6cd24-bd24-4fd7-81ed-64a513f0bb68-NettyServerStreamRpc-bossGroup--thread1] INFO  logging.LoggingHandler (AbstractInternalLogger.java:log(148)) - [id: 0x6235b70e] BIND: 0.0.0.0/0.0.0.0:15059
2023-06-28 21:18:32,201 [68d6cd24-bd24-4fd7-81ed-64a513f0bb68-NettyServerStreamRpc-bossGroup--thread1] INFO  logging.LoggingHandler (AbstractInternalLogger.java:log(148)) - [id: 0x6235b70e, L:/0:0:0:0:0:0:0:0:15059] ACTIVE
2023-06-28 21:18:32,203 [main] INFO  server.XceiverServerGrpc (XceiverServerGrpc.java:<init>(132)) - GrpcServer channel type EpollServerSocketChannel
2023-06-28 21:18:32,206 [main] INFO  replication.ReplicationSupervisor (ReplicationSupervisor.java:nodeStateUpdated(305)) - Node state updated to IN_SERVICE, scaling executor pool size to 10
2023-06-28 21:18:32,208 [main] INFO  http.BaseHttpServer (BaseHttpServer.java:newHttpServer2BuilderForOzone(224)) - Starting Web-server for hddsDatanode at: http://0.0.0.0:15053
2023-06-28 21:18:32,208 [main] INFO  http.BaseHttpServer (BaseHttpServer.java:<init>(111)) - Hadoop Security Enabled: false Ozone Security Enabled: false Ozone HTTP Security Enabled: false 
2023-06-28 21:18:32,210 [main] WARN  server.AuthenticationFilter (AuthenticationFilter.java:constructSecretProvider(240)) - Unable to initialize FileSignerSecretProvider, falling back to use random secrets. Reason: Could not read signature secret file: /home/runner/hadoop-http-auth-signature-secret
2023-06-28 21:18:32,210 [main] INFO  http.HttpRequestLog (HttpRequestLog.java:getRequestLog(86)) - Http request log for http.requests.hddsDatanode is not defined
2023-06-28 21:18:32,212 [main] INFO  http.HttpServer2 (HttpServer2.java:addGlobalFilter(1031)) - Added global filter 'safety' (class=org.apache.hadoop.hdds.server.http.HttpServer2$QuotingInputFilter)
2023-06-28 21:18:32,213 [main] INFO  http.HttpServer2 (HttpServer2.java:addFilter(1007)) - Added filter static_user_filter (class=org.apache.hadoop.http.lib.StaticUserWebFilter$StaticUserFilter) to context hddsDatanode
2023-06-28 21:18:32,213 [main] INFO  http.HttpServer2 (HttpServer2.java:addFilter(1015)) - Added filter static_user_filter (class=org.apache.hadoop.http.lib.StaticUserWebFilter$StaticUserFilter) to context static
2023-06-28 21:18:32,213 [main] INFO  http.HttpServer2 (HttpServer2.java:addFilter(1015)) - Added filter static_user_filter (class=org.apache.hadoop.http.lib.StaticUserWebFilter$StaticUserFilter) to context logs
2023-06-28 21:18:32,214 [main] INFO  http.BaseHttpServer (BaseHttpServer.java:<init>(190)) - HTTP server of hddsDatanode uses base directory /home/runner/work/ozone/ozone/hadoop-ozone/integration-test/target/test-dir/MiniOzoneClusterImpl-392d5ccd-e702-410a-a53a-05dc11be4355/datanode-4/meta/webserver
2023-06-28 21:18:32,214 [main] INFO  http.HttpServer2 (HttpServer2.java:bindListener(1250)) - Jetty bound to port 15053
2023-06-28 21:18:32,214 [main] INFO  server.Server (Server.java:doStart(375)) - jetty-9.4.51.v20230217; built: 2023-02-17T08:19:37.309Z; git: b45c405e4544384de066f814ed42ae3dceacdd49; jvm 1.8.0_372-b07
2023-06-28 21:18:32,216 [main] INFO  server.session (DefaultSessionIdManager.java:doStart(334)) - DefaultSessionIdManager workerName=node0
2023-06-28 21:18:32,216 [main] INFO  server.session (DefaultSessionIdManager.java:doStart(339)) - No SessionScavenger set, using defaults
2023-06-28 21:18:32,216 [main] INFO  server.session (HouseKeeper.java:startScavenging(132)) - node0 Scavenging every 660000ms
2023-06-28 21:18:32,217 [main] INFO  handler.ContextHandler (ContextHandler.java:doStart(921)) - Started o.e.j.s.ServletContextHandler@2b13fc09{logs,/logs,file:///home/runner/work/ozone/ozone/hadoop-ozone/integration-test/target/log,AVAILABLE}
2023-06-28 21:18:32,217 [main] INFO  handler.ContextHandler (ContextHandler.java:doStart(921)) - Started o.e.j.s.ServletContextHandler@7575f0a4{static,/static,jar:file:/home/runner/.m2/repository/org/apache/ozone/hdds-container-service/1.4.0-SNAPSHOT/hdds-container-service-1.4.0-SNAPSHOT.jar!/webapps/static,AVAILABLE}
2023-06-28 21:18:32,444 [main] INFO  handler.ContextHandler (ContextHandler.java:doStart(921)) - Started o.e.j.w.WebAppContext@690a0350{hddsDatanode,/,file:///home/runner/work/ozone/ozone/hadoop-ozone/integration-test/target/test-dir/MiniOzoneClusterImpl-392d5ccd-e702-410a-a53a-05dc11be4355/datanode-4/meta/webserver/jetty-0_0_0_0-15053-hdds-container-service-1_4_0-SNAPSHOT_jar-_-any-2053739486452811701/webapp/,AVAILABLE}{jar:file:/home/runner/.m2/repository/org/apache/ozone/hdds-container-service/1.4.0-SNAPSHOT/hdds-container-service-1.4.0-SNAPSHOT.jar!/webapps/hddsDatanode}
2023-06-28 21:18:32,446 [main] INFO  server.AbstractConnector (AbstractConnector.java:doStart(333)) - Started ServerConnector@76e20939{HTTP/1.1, (http/1.1)}{0.0.0.0:15053}
2023-06-28 21:18:32,446 [main] INFO  server.Server (Server.java:doStart(415)) - Started @14764ms
2023-06-28 21:18:32,446 [main] WARN  impl.MetricsSystemImpl (MetricsSystemImpl.java:register(279)) - Sink prometheus already exists!
2023-06-28 21:18:32,447 [main] INFO  http.BaseHttpServer (BaseHttpServer.java:updateConnectorAddress(344)) - HTTP server of hddsDatanode listening at http://0.0.0.0:15053
2023-06-28 21:18:32,448 [main] INFO  ipc.CallQueueManager (CallQueueManager.java:<init>(90)) - Using callQueue: class java.util.concurrent.LinkedBlockingQueue, queueCapacity: 100, scheduler: class org.apache.hadoop.ipc.DefaultRpcScheduler, ipcBackoff: false.
2023-06-28 21:18:32,448 [main] INFO  ipc.Server (Server.java:<init>(1287)) - Listener at 0.0.0.0:15054
2023-06-28 21:18:32,450 [Socket Reader #1 for port 15054] INFO  ipc.Server (Server.java:run(1323)) - Starting Socket Reader #1 for port 15054
2023-06-28 21:18:32,454 [main] INFO  ozone.HddsDatanodeService (HddsDatanodeService.java:start(315)) - Datanode start with admins: [runner]
2023-06-28 21:18:32,457 [main] INFO  ozone.HddsDatanodeClientProtocolServer (HddsDatanodeClientProtocolServer.java:start(72)) - RPC server for Client /0.0.0.0:15054
2023-06-28 21:18:32,457 [IPC Server Responder] INFO  ipc.Server (Server.java:run(1562)) - IPC Server Responder: starting
2023-06-28 21:18:32,458 [IPC Server listener on 15054] INFO  ipc.Server (Server.java:run(1402)) - IPC Server listener on 15054: starting
2023-06-28 21:18:32,459 [main] INFO  ozone.MiniOzoneClusterImpl (MiniOzoneClusterImpl.java:lambda$waitForClusterToBeReady$0(224)) - Waiting for nodes to be ready. Got 0 of 5 DN Heartbeats.
2023-06-28 21:18:32,460 [main] INFO  ozone.MiniOzoneClusterImpl (MiniOzoneClusterImpl.java:lambda$waitForClusterToBeReady$0(227)) - Waiting for cluster to exit safe mode
2023-06-28 21:18:32,460 [main] INFO  ozone.MiniOzoneClusterImpl (MiniOzoneClusterImpl.java:lambda$waitForClusterToBeReady$0(229)) - SCM became leader
2023-06-28 21:18:32,465 [Datanode State Machine Daemon Thread] INFO  statemachine.DatanodeStateMachine (DatanodeStateMachine.java:lambda$startDaemon$0(531)) - Ozone container server started.
2023-06-28 21:18:32,479 [Datanode State Machine Task Thread - 0] INFO  datanode.InitDatanodeState (InitDatanodeState.java:persistContainerDatanodeDetails(138)) - DatanodeDetails is persisted to /home/runner/work/ozone/ozone/hadoop-ozone/integration-test/target/test-dir/MiniOzoneClusterImpl-392d5ccd-e702-410a-a53a-05dc11be4355/datanode-4/meta/datanode.id
2023-06-28 21:18:33,100 [EndpointStateMachine task thread for /0.0.0.0:15002 - 0 ] INFO  utils.DatanodeStoreCache (DatanodeStoreCache.java:addDB(66)) - Added db /home/runner/work/ozone/ozone/hadoop-ozone/integration-test/target/test-dir/MiniOzoneClusterImpl-392d5ccd-e702-410a-a53a-05dc11be4355/datanode-0/data-0/containers/hdds/392d5ccd-e702-410a-a53a-05dc11be4355/DS-479a2bb6-4713-47c1-a0b3-c573be3fb0b4/container.db to cache
2023-06-28 21:18:33,100 [EndpointStateMachine task thread for /0.0.0.0:15002 - 0 ] INFO  volume.HddsVolume (HddsVolume.java:createDbStore(478)) - SchemaV3 db is created and loaded at /home/runner/work/ozone/ozone/hadoop-ozone/integration-test/target/test-dir/MiniOzoneClusterImpl-392d5ccd-e702-410a-a53a-05dc11be4355/datanode-0/data-0/containers/hdds/392d5ccd-e702-410a-a53a-05dc11be4355/DS-479a2bb6-4713-47c1-a0b3-c573be3fb0b4/container.db for volume DS-479a2bb6-4713-47c1-a0b3-c573be3fb0b4
2023-06-28 21:18:33,103 [EndpointStateMachine task thread for /0.0.0.0:15002 - 0 ] INFO  ozoneimpl.OzoneContainer (OzoneContainer.java:start(419)) - Attempting to start container services.
2023-06-28 21:18:33,109 [EndpointStateMachine task thread for /0.0.0.0:15002 - 0 ] INFO  ozoneimpl.OzoneContainer (OzoneContainer.java:startContainerScrub(327)) - Scheduled background container scanners and the on-demand container scanner have been disabled.
2023-06-28 21:18:33,112 [EndpointStateMachine task thread for /0.0.0.0:15002 - 0 ] INFO  replication.ReplicationServer (ReplicationServer.java:start(128)) - ReplicationServer is started using port 15024
2023-06-28 21:18:33,112 [EndpointStateMachine task thread for /0.0.0.0:15002 - 0 ] INFO  ratis.XceiverServerRatis (XceiverServerRatis.java:start(517)) - Starting XceiverServerRatis bb0e9150-086f-4512-ab04-1336b269041b
2023-06-28 21:18:33,115 [EndpointStateMachine task thread for /0.0.0.0:15002 - 0 ] INFO  server.RaftServer (RaftServerProxy.java:startImpl(400)) - bb0e9150-086f-4512-ab04-1336b269041b: start RPC server
2023-06-28 21:18:33,125 [EndpointStateMachine task thread for /0.0.0.0:15002 - 0 ] INFO  server.GrpcService (GrpcService.java:startImpl(302)) - bb0e9150-086f-4512-ab04-1336b269041b: GrpcService started, listening on 15020
2023-06-28 21:18:33,129 [EndpointStateMachine task thread for /0.0.0.0:15002 - 0 ] INFO  server.GrpcService (GrpcService.java:startImpl(302)) - bb0e9150-086f-4512-ab04-1336b269041b: GrpcService started, listening on 15022
2023-06-28 21:18:33,131 [EndpointStateMachine task thread for /0.0.0.0:15002 - 0 ] INFO  server.GrpcService (GrpcService.java:startImpl(302)) - bb0e9150-086f-4512-ab04-1336b269041b: GrpcService started, listening on 15021
2023-06-28 21:18:33,132 [EndpointStateMachine task thread for /0.0.0.0:15002 - 0 ] INFO  ratis.XceiverServerRatis (XceiverServerRatis.java:getRealPort(543)) - XceiverServerRatis bb0e9150-086f-4512-ab04-1336b269041b is started using port 15020 for RATIS
2023-06-28 21:18:33,132 [EndpointStateMachine task thread for /0.0.0.0:15002 - 0 ] INFO  ratis.XceiverServerRatis (XceiverServerRatis.java:getRealPort(543)) - XceiverServerRatis bb0e9150-086f-4512-ab04-1336b269041b is started using port 15021 for RATIS_ADMIN
2023-06-28 21:18:33,132 [EndpointStateMachine task thread for /0.0.0.0:15002 - 0 ] INFO  ratis.XceiverServerRatis (XceiverServerRatis.java:getRealPort(543)) - XceiverServerRatis bb0e9150-086f-4512-ab04-1336b269041b is started using port 15022 for RATIS_SERVER
2023-06-28 21:18:33,132 [EndpointStateMachine task thread for /0.0.0.0:15002 - 0 ] INFO  ratis.XceiverServerRatis (XceiverServerRatis.java:getRealPort(543)) - XceiverServerRatis bb0e9150-086f-4512-ab04-1336b269041b is started using port 15023 for RATIS_DATASTREAM
2023-06-28 21:18:33,132 [JvmPauseMonitor4] INFO  util.JvmPauseMonitor (JvmPauseMonitor.java:run(103)) - JvmPauseMonitor-bb0e9150-086f-4512-ab04-1336b269041b: Started
2023-06-28 21:18:33,155 [BlockDeletingService#0] INFO  interfaces.ContainerDeletionChoosingPolicyTemplate (ContainerDeletionChoosingPolicyTemplate.java:chooseContainerForBlockDeletion(83)) - Chosen 0/5000 blocks from 0 candidate containers.
2023-06-28 21:18:33,313 [omNode-3@group-523986131536-FollowerState] INFO  server.RaftServerConfigKeys (ConfUtils.java:logFallback(53)) - raft.server.rpc.first-election.timeout.min = 1s (fallback to raft.server.rpc.timeout.min)
2023-06-28 21:18:33,313 [omNode-3@group-523986131536-FollowerState] INFO  server.RaftServerConfigKeys (ConfUtils.java:logFallback(53)) - raft.server.rpc.first-election.timeout.max = 1200ms (fallback to raft.server.rpc.timeout.max)
2023-06-28 21:18:33,457 [EndpointStateMachine task thread for /0.0.0.0:15002 - 0 ] INFO  utils.DatanodeStoreCache (DatanodeStoreCache.java:addDB(66)) - Added db /home/runner/work/ozone/ozone/hadoop-ozone/integration-test/target/test-dir/MiniOzoneClusterImpl-392d5ccd-e702-410a-a53a-05dc11be4355/datanode-1/data-0/containers/hdds/392d5ccd-e702-410a-a53a-05dc11be4355/DS-5d1683c0-7582-49a2-afb1-d32d1ba78c9d/container.db to cache
2023-06-28 21:18:33,457 [EndpointStateMachine task thread for /0.0.0.0:15002 - 0 ] INFO  volume.HddsVolume (HddsVolume.java:createDbStore(478)) - SchemaV3 db is created and loaded at /home/runner/work/ozone/ozone/hadoop-ozone/integration-test/target/test-dir/MiniOzoneClusterImpl-392d5ccd-e702-410a-a53a-05dc11be4355/datanode-1/data-0/containers/hdds/392d5ccd-e702-410a-a53a-05dc11be4355/DS-5d1683c0-7582-49a2-afb1-d32d1ba78c9d/container.db for volume DS-5d1683c0-7582-49a2-afb1-d32d1ba78c9d
2023-06-28 21:18:33,458 [EndpointStateMachine task thread for /0.0.0.0:15002 - 0 ] INFO  ozoneimpl.OzoneContainer (OzoneContainer.java:start(419)) - Attempting to start container services.
2023-06-28 21:18:33,458 [EndpointStateMachine task thread for /0.0.0.0:15002 - 0 ] INFO  ozoneimpl.OzoneContainer (OzoneContainer.java:startContainerScrub(327)) - Scheduled background container scanners and the on-demand container scanner have been disabled.
2023-06-28 21:18:33,460 [main] INFO  ozone.MiniOzoneClusterImpl (MiniOzoneClusterImpl.java:lambda$waitForClusterToBeReady$0(224)) - Waiting for nodes to be ready. Got 0 of 5 DN Heartbeats.
2023-06-28 21:18:33,460 [main] INFO  ozone.MiniOzoneClusterImpl (MiniOzoneClusterImpl.java:lambda$waitForClusterToBeReady$0(227)) - Waiting for cluster to exit safe mode
2023-06-28 21:18:33,460 [main] INFO  ozone.MiniOzoneClusterImpl (MiniOzoneClusterImpl.java:lambda$waitForClusterToBeReady$0(229)) - SCM became leader
2023-06-28 21:18:33,461 [EndpointStateMachine task thread for /0.0.0.0:15002 - 0 ] INFO  replication.ReplicationServer (ReplicationServer.java:start(128)) - ReplicationServer is started using port 15033
2023-06-28 21:18:33,461 [EndpointStateMachine task thread for /0.0.0.0:15002 - 0 ] INFO  ratis.XceiverServerRatis (XceiverServerRatis.java:start(517)) - Starting XceiverServerRatis 08ff75f9-1328-4943-9840-929c3a1c46cb
2023-06-28 21:18:33,479 [EndpointStateMachine task thread for /0.0.0.0:15002 - 0 ] INFO  server.RaftServer (RaftServerProxy.java:startImpl(400)) - 08ff75f9-1328-4943-9840-929c3a1c46cb: start RPC server
2023-06-28 21:18:33,484 [EndpointStateMachine task thread for /0.0.0.0:15002 - 0 ] INFO  server.GrpcService (GrpcService.java:startImpl(302)) - 08ff75f9-1328-4943-9840-929c3a1c46cb: GrpcService started, listening on 15029
2023-06-28 21:18:33,487 [EndpointStateMachine task thread for /0.0.0.0:15002 - 0 ] INFO  server.GrpcService (GrpcService.java:startImpl(302)) - 08ff75f9-1328-4943-9840-929c3a1c46cb: GrpcService started, listening on 15031
2023-06-28 21:18:33,489 [EndpointStateMachine task thread for /0.0.0.0:15002 - 0 ] INFO  server.GrpcService (GrpcService.java:startImpl(302)) - 08ff75f9-1328-4943-9840-929c3a1c46cb: GrpcService started, listening on 15030
2023-06-28 21:18:33,490 [EndpointStateMachine task thread for /0.0.0.0:15002 - 0 ] INFO  ratis.XceiverServerRatis (XceiverServerRatis.java:getRealPort(543)) - XceiverServerRatis 08ff75f9-1328-4943-9840-929c3a1c46cb is started using port 15029 for RATIS
2023-06-28 21:18:33,490 [EndpointStateMachine task thread for /0.0.0.0:15002 - 0 ] INFO  ratis.XceiverServerRatis (XceiverServerRatis.java:getRealPort(543)) - XceiverServerRatis 08ff75f9-1328-4943-9840-929c3a1c46cb is started using port 15030 for RATIS_ADMIN
2023-06-28 21:18:33,490 [JvmPauseMonitor5] INFO  util.JvmPauseMonitor (JvmPauseMonitor.java:run(103)) - JvmPauseMonitor-08ff75f9-1328-4943-9840-929c3a1c46cb: Started
2023-06-28 21:18:33,490 [EndpointStateMachine task thread for /0.0.0.0:15002 - 0 ] INFO  ratis.XceiverServerRatis (XceiverServerRatis.java:getRealPort(543)) - XceiverServerRatis 08ff75f9-1328-4943-9840-929c3a1c46cb is started using port 15031 for RATIS_SERVER
2023-06-28 21:18:33,490 [EndpointStateMachine task thread for /0.0.0.0:15002 - 0 ] INFO  ratis.XceiverServerRatis (XceiverServerRatis.java:getRealPort(543)) - XceiverServerRatis 08ff75f9-1328-4943-9840-929c3a1c46cb is started using port 15032 for RATIS_DATASTREAM
2023-06-28 21:18:33,497 [BlockDeletingService#0] INFO  interfaces.ContainerDeletionChoosingPolicyTemplate (ContainerDeletionChoosingPolicyTemplate.java:chooseContainerForBlockDeletion(83)) - Chosen 0/5000 blocks from 0 candidate containers.
2023-06-28 21:18:33,811 [EndpointStateMachine task thread for /0.0.0.0:15002 - 0 ] INFO  utils.DatanodeStoreCache (DatanodeStoreCache.java:addDB(66)) - Added db /home/runner/work/ozone/ozone/hadoop-ozone/integration-test/target/test-dir/MiniOzoneClusterImpl-392d5ccd-e702-410a-a53a-05dc11be4355/datanode-2/data-0/containers/hdds/392d5ccd-e702-410a-a53a-05dc11be4355/DS-c7fa6c7a-228e-4482-975e-aa8db5b0999b/container.db to cache
2023-06-28 21:18:33,811 [EndpointStateMachine task thread for /0.0.0.0:15002 - 0 ] INFO  volume.HddsVolume (HddsVolume.java:createDbStore(478)) - SchemaV3 db is created and loaded at /home/runner/work/ozone/ozone/hadoop-ozone/integration-test/target/test-dir/MiniOzoneClusterImpl-392d5ccd-e702-410a-a53a-05dc11be4355/datanode-2/data-0/containers/hdds/392d5ccd-e702-410a-a53a-05dc11be4355/DS-c7fa6c7a-228e-4482-975e-aa8db5b0999b/container.db for volume DS-c7fa6c7a-228e-4482-975e-aa8db5b0999b
2023-06-28 21:18:33,812 [EndpointStateMachine task thread for /0.0.0.0:15002 - 0 ] INFO  ozoneimpl.OzoneContainer (OzoneContainer.java:start(419)) - Attempting to start container services.
2023-06-28 21:18:33,812 [EndpointStateMachine task thread for /0.0.0.0:15002 - 0 ] INFO  ozoneimpl.OzoneContainer (OzoneContainer.java:startContainerScrub(327)) - Scheduled background container scanners and the on-demand container scanner have been disabled.
2023-06-28 21:18:33,815 [EndpointStateMachine task thread for /0.0.0.0:15002 - 0 ] INFO  replication.ReplicationServer (ReplicationServer.java:start(128)) - ReplicationServer is started using port 15042
2023-06-28 21:18:33,816 [EndpointStateMachine task thread for /0.0.0.0:15002 - 0 ] INFO  ratis.XceiverServerRatis (XceiverServerRatis.java:start(517)) - Starting XceiverServerRatis 8a2b3145-2dd0-434b-a2c2-caa8e5fb0ef1
2023-06-28 21:18:33,817 [EndpointStateMachine task thread for /0.0.0.0:15002 - 0 ] INFO  server.RaftServer (RaftServerProxy.java:startImpl(400)) - 8a2b3145-2dd0-434b-a2c2-caa8e5fb0ef1: start RPC server
2023-06-28 21:18:33,819 [EndpointStateMachine task thread for /0.0.0.0:15002 - 0 ] INFO  server.GrpcService (GrpcService.java:startImpl(302)) - 8a2b3145-2dd0-434b-a2c2-caa8e5fb0ef1: GrpcService started, listening on 15038
2023-06-28 21:18:33,822 [EndpointStateMachine task thread for /0.0.0.0:15002 - 0 ] INFO  server.GrpcService (GrpcService.java:startImpl(302)) - 8a2b3145-2dd0-434b-a2c2-caa8e5fb0ef1: GrpcService started, listening on 15040
2023-06-28 21:18:33,824 [EndpointStateMachine task thread for /0.0.0.0:15002 - 0 ] INFO  server.GrpcService (GrpcService.java:startImpl(302)) - 8a2b3145-2dd0-434b-a2c2-caa8e5fb0ef1: GrpcService started, listening on 15039
2023-06-28 21:18:33,825 [EndpointStateMachine task thread for /0.0.0.0:15002 - 0 ] INFO  ratis.XceiverServerRatis (XceiverServerRatis.java:getRealPort(543)) - XceiverServerRatis 8a2b3145-2dd0-434b-a2c2-caa8e5fb0ef1 is started using port 15038 for RATIS
2023-06-28 21:18:33,825 [EndpointStateMachine task thread for /0.0.0.0:15002 - 0 ] INFO  ratis.XceiverServerRatis (XceiverServerRatis.java:getRealPort(543)) - XceiverServerRatis 8a2b3145-2dd0-434b-a2c2-caa8e5fb0ef1 is started using port 15039 for RATIS_ADMIN
2023-06-28 21:18:33,825 [JvmPauseMonitor6] INFO  util.JvmPauseMonitor (JvmPauseMonitor.java:run(103)) - JvmPauseMonitor-8a2b3145-2dd0-434b-a2c2-caa8e5fb0ef1: Started
2023-06-28 21:18:33,825 [EndpointStateMachine task thread for /0.0.0.0:15002 - 0 ] INFO  ratis.XceiverServerRatis (XceiverServerRatis.java:getRealPort(543)) - XceiverServerRatis 8a2b3145-2dd0-434b-a2c2-caa8e5fb0ef1 is started using port 15040 for RATIS_SERVER
2023-06-28 21:18:33,825 [EndpointStateMachine task thread for /0.0.0.0:15002 - 0 ] INFO  ratis.XceiverServerRatis (XceiverServerRatis.java:getRealPort(543)) - XceiverServerRatis 8a2b3145-2dd0-434b-a2c2-caa8e5fb0ef1 is started using port 15041 for RATIS_DATASTREAM
2023-06-28 21:18:33,837 [BlockDeletingService#0] INFO  interfaces.ContainerDeletionChoosingPolicyTemplate (ContainerDeletionChoosingPolicyTemplate.java:chooseContainerForBlockDeletion(83)) - Chosen 0/5000 blocks from 0 candidate containers.
2023-06-28 21:18:34,172 [EndpointStateMachine task thread for /0.0.0.0:15002 - 0 ] INFO  utils.DatanodeStoreCache (DatanodeStoreCache.java:addDB(66)) - Added db /home/runner/work/ozone/ozone/hadoop-ozone/integration-test/target/test-dir/MiniOzoneClusterImpl-392d5ccd-e702-410a-a53a-05dc11be4355/datanode-3/data-0/containers/hdds/392d5ccd-e702-410a-a53a-05dc11be4355/DS-b4999dc9-57b3-48ba-b575-ee325c917db9/container.db to cache
2023-06-28 21:18:34,173 [EndpointStateMachine task thread for /0.0.0.0:15002 - 0 ] INFO  volume.HddsVolume (HddsVolume.java:createDbStore(478)) - SchemaV3 db is created and loaded at /home/runner/work/ozone/ozone/hadoop-ozone/integration-test/target/test-dir/MiniOzoneClusterImpl-392d5ccd-e702-410a-a53a-05dc11be4355/datanode-3/data-0/containers/hdds/392d5ccd-e702-410a-a53a-05dc11be4355/DS-b4999dc9-57b3-48ba-b575-ee325c917db9/container.db for volume DS-b4999dc9-57b3-48ba-b575-ee325c917db9
2023-06-28 21:18:34,173 [EndpointStateMachine task thread for /0.0.0.0:15002 - 0 ] INFO  ozoneimpl.OzoneContainer (OzoneContainer.java:start(419)) - Attempting to start container services.
2023-06-28 21:18:34,173 [EndpointStateMachine task thread for /0.0.0.0:15002 - 0 ] INFO  ozoneimpl.OzoneContainer (OzoneContainer.java:startContainerScrub(327)) - Scheduled background container scanners and the on-demand container scanner have been disabled.
2023-06-28 21:18:34,177 [EndpointStateMachine task thread for /0.0.0.0:15002 - 0 ] INFO  replication.ReplicationServer (ReplicationServer.java:start(128)) - ReplicationServer is started using port 15051
2023-06-28 21:18:34,177 [EndpointStateMachine task thread for /0.0.0.0:15002 - 0 ] INFO  ratis.XceiverServerRatis (XceiverServerRatis.java:start(517)) - Starting XceiverServerRatis dafdcea3-8be0-4d1d-be6d-f6a2e26020ac
2023-06-28 21:18:34,178 [EndpointStateMachine task thread for /0.0.0.0:15002 - 0 ] INFO  server.RaftServer (RaftServerProxy.java:startImpl(400)) - dafdcea3-8be0-4d1d-be6d-f6a2e26020ac: start RPC server
2023-06-28 21:18:34,185 [EndpointStateMachine task thread for /0.0.0.0:15002 - 0 ] INFO  server.GrpcService (GrpcService.java:startImpl(302)) - dafdcea3-8be0-4d1d-be6d-f6a2e26020ac: GrpcService started, listening on 15047
2023-06-28 21:18:34,188 [EndpointStateMachine task thread for /0.0.0.0:15002 - 0 ] INFO  server.GrpcService (GrpcService.java:startImpl(302)) - dafdcea3-8be0-4d1d-be6d-f6a2e26020ac: GrpcService started, listening on 15049
2023-06-28 21:18:34,189 [EndpointStateMachine task thread for /0.0.0.0:15002 - 0 ] INFO  server.GrpcService (GrpcService.java:startImpl(302)) - dafdcea3-8be0-4d1d-be6d-f6a2e26020ac: GrpcService started, listening on 15048
2023-06-28 21:18:34,190 [EndpointStateMachine task thread for /0.0.0.0:15002 - 0 ] INFO  ratis.XceiverServerRatis (XceiverServerRatis.java:getRealPort(543)) - XceiverServerRatis dafdcea3-8be0-4d1d-be6d-f6a2e26020ac is started using port 15047 for RATIS
2023-06-28 21:18:34,190 [EndpointStateMachine task thread for /0.0.0.0:15002 - 0 ] INFO  ratis.XceiverServerRatis (XceiverServerRatis.java:getRealPort(543)) - XceiverServerRatis dafdcea3-8be0-4d1d-be6d-f6a2e26020ac is started using port 15048 for RATIS_ADMIN
2023-06-28 21:18:34,190 [EndpointStateMachine task thread for /0.0.0.0:15002 - 0 ] INFO  ratis.XceiverServerRatis (XceiverServerRatis.java:getRealPort(543)) - XceiverServerRatis dafdcea3-8be0-4d1d-be6d-f6a2e26020ac is started using port 15049 for RATIS_SERVER
2023-06-28 21:18:34,190 [EndpointStateMachine task thread for /0.0.0.0:15002 - 0 ] INFO  ratis.XceiverServerRatis (XceiverServerRatis.java:getRealPort(543)) - XceiverServerRatis dafdcea3-8be0-4d1d-be6d-f6a2e26020ac is started using port 15050 for RATIS_DATASTREAM
2023-06-28 21:18:34,190 [JvmPauseMonitor7] INFO  util.JvmPauseMonitor (JvmPauseMonitor.java:run(103)) - JvmPauseMonitor-dafdcea3-8be0-4d1d-be6d-f6a2e26020ac: Started
2023-06-28 21:18:34,199 [BlockDeletingService#0] INFO  interfaces.ContainerDeletionChoosingPolicyTemplate (ContainerDeletionChoosingPolicyTemplate.java:chooseContainerForBlockDeletion(83)) - Chosen 0/5000 blocks from 0 candidate containers.
2023-06-28 21:18:34,371 [omNode-3@group-523986131536-FollowerState] INFO  server.RaftServerConfigKeys (ConfUtils.java:logFallback(53)) - raft.server.rpc.first-election.timeout.min = 1s (fallback to raft.server.rpc.timeout.min)
2023-06-28 21:18:34,371 [omNode-3@group-523986131536-FollowerState] INFO  server.RaftServerConfigKeys (ConfUtils.java:logFallback(53)) - raft.server.rpc.first-election.timeout.max = 1200ms (fallback to raft.server.rpc.timeout.max)
2023-06-28 21:18:34,460 [main] INFO  ozone.MiniOzoneClusterImpl (MiniOzoneClusterImpl.java:lambda$waitForClusterToBeReady$0(224)) - Waiting for nodes to be ready. Got 0 of 5 DN Heartbeats.
2023-06-28 21:18:34,461 [main] INFO  ozone.MiniOzoneClusterImpl (MiniOzoneClusterImpl.java:lambda$waitForClusterToBeReady$0(227)) - Waiting for cluster to exit safe mode
2023-06-28 21:18:34,461 [main] INFO  ozone.MiniOzoneClusterImpl (MiniOzoneClusterImpl.java:lambda$waitForClusterToBeReady$0(229)) - SCM became leader
2023-06-28 21:18:34,519 [EndpointStateMachine task thread for /0.0.0.0:15002 - 0 ] INFO  utils.DatanodeStoreCache (DatanodeStoreCache.java:addDB(66)) - Added db /home/runner/work/ozone/ozone/hadoop-ozone/integration-test/target/test-dir/MiniOzoneClusterImpl-392d5ccd-e702-410a-a53a-05dc11be4355/datanode-4/data-0/containers/hdds/392d5ccd-e702-410a-a53a-05dc11be4355/DS-8fd2b50c-2f02-4bb1-8167-481190340f1b/container.db to cache
2023-06-28 21:18:34,519 [EndpointStateMachine task thread for /0.0.0.0:15002 - 0 ] INFO  volume.HddsVolume (HddsVolume.java:createDbStore(478)) - SchemaV3 db is created and loaded at /home/runner/work/ozone/ozone/hadoop-ozone/integration-test/target/test-dir/MiniOzoneClusterImpl-392d5ccd-e702-410a-a53a-05dc11be4355/datanode-4/data-0/containers/hdds/392d5ccd-e702-410a-a53a-05dc11be4355/DS-8fd2b50c-2f02-4bb1-8167-481190340f1b/container.db for volume DS-8fd2b50c-2f02-4bb1-8167-481190340f1b
2023-06-28 21:18:34,519 [EndpointStateMachine task thread for /0.0.0.0:15002 - 0 ] INFO  ozoneimpl.OzoneContainer (OzoneContainer.java:start(419)) - Attempting to start container services.
2023-06-28 21:18:34,520 [EndpointStateMachine task thread for /0.0.0.0:15002 - 0 ] INFO  ozoneimpl.OzoneContainer (OzoneContainer.java:startContainerScrub(327)) - Scheduled background container scanners and the on-demand container scanner have been disabled.
2023-06-28 21:18:34,522 [EndpointStateMachine task thread for /0.0.0.0:15002 - 0 ] INFO  replication.ReplicationServer (ReplicationServer.java:start(128)) - ReplicationServer is started using port 15060
2023-06-28 21:18:34,522 [EndpointStateMachine task thread for /0.0.0.0:15002 - 0 ] INFO  ratis.XceiverServerRatis (XceiverServerRatis.java:start(517)) - Starting XceiverServerRatis 68d6cd24-bd24-4fd7-81ed-64a513f0bb68
2023-06-28 21:18:34,548 [EndpointStateMachine task thread for /0.0.0.0:15002 - 0 ] INFO  server.RaftServer (RaftServerProxy.java:startImpl(400)) - 68d6cd24-bd24-4fd7-81ed-64a513f0bb68: start RPC server
2023-06-28 21:18:34,557 [EndpointStateMachine task thread for /0.0.0.0:15002 - 0 ] INFO  server.GrpcService (GrpcService.java:startImpl(302)) - 68d6cd24-bd24-4fd7-81ed-64a513f0bb68: GrpcService started, listening on 15056
2023-06-28 21:18:34,559 [EndpointStateMachine task thread for /0.0.0.0:15002 - 0 ] INFO  server.GrpcService (GrpcService.java:startImpl(302)) - 68d6cd24-bd24-4fd7-81ed-64a513f0bb68: GrpcService started, listening on 15058
2023-06-28 21:18:34,560 [EndpointStateMachine task thread for /0.0.0.0:15002 - 0 ] INFO  server.GrpcService (GrpcService.java:startImpl(302)) - 68d6cd24-bd24-4fd7-81ed-64a513f0bb68: GrpcService started, listening on 15057
2023-06-28 21:18:34,561 [EndpointStateMachine task thread for /0.0.0.0:15002 - 0 ] INFO  ratis.XceiverServerRatis (XceiverServerRatis.java:getRealPort(543)) - XceiverServerRatis 68d6cd24-bd24-4fd7-81ed-64a513f0bb68 is started using port 15056 for RATIS
2023-06-28 21:18:34,561 [EndpointStateMachine task thread for /0.0.0.0:15002 - 0 ] INFO  ratis.XceiverServerRatis (XceiverServerRatis.java:getRealPort(543)) - XceiverServerRatis 68d6cd24-bd24-4fd7-81ed-64a513f0bb68 is started using port 15057 for RATIS_ADMIN
2023-06-28 21:18:34,561 [JvmPauseMonitor8] INFO  util.JvmPauseMonitor (JvmPauseMonitor.java:run(103)) - JvmPauseMonitor-68d6cd24-bd24-4fd7-81ed-64a513f0bb68: Started
2023-06-28 21:18:34,561 [EndpointStateMachine task thread for /0.0.0.0:15002 - 0 ] INFO  ratis.XceiverServerRatis (XceiverServerRatis.java:getRealPort(543)) - XceiverServerRatis 68d6cd24-bd24-4fd7-81ed-64a513f0bb68 is started using port 15058 for RATIS_SERVER
2023-06-28 21:18:34,561 [EndpointStateMachine task thread for /0.0.0.0:15002 - 0 ] INFO  ratis.XceiverServerRatis (XceiverServerRatis.java:getRealPort(543)) - XceiverServerRatis 68d6cd24-bd24-4fd7-81ed-64a513f0bb68 is started using port 15059 for RATIS_DATASTREAM
2023-06-28 21:18:34,568 [BlockDeletingService#0] INFO  interfaces.ContainerDeletionChoosingPolicyTemplate (ContainerDeletionChoosingPolicyTemplate.java:chooseContainerForBlockDeletion(83)) - Chosen 0/5000 blocks from 0 candidate containers.
2023-06-28 21:18:35,007 [IPC Server handler 1 on default port 15002] INFO  net.NetworkTopologyImpl (NetworkTopologyImpl.java:add(112)) - Added a new node: /default-rack/bb0e9150-086f-4512-ab04-1336b269041b
2023-06-28 21:18:35,010 [IPC Server handler 1 on default port 15002] INFO  node.SCMNodeManager (SCMNodeManager.java:register(405)) - Registered Data node : bb0e9150-086f-4512-ab04-1336b269041b{ip: 10.1.0.52, host: fv-az613-21.sfleub4vn5uufca0bzvsziz2ge.jx.internal.cloudapp.net, ports: [HTTP=15017, CLIENT_RPC=15018, REPLICATION=15024, RATIS=15020, RATIS_ADMIN=15021, RATIS_SERVER=15022, RATIS_DATASTREAM=15023, STANDALONE=15019], networkLocation: /default-rack, certSerialId: null, persistedOpState: null, persistedOpStateExpiryEpochSec: 0}
2023-06-28 21:18:35,022 [EventQueue-NewNodeForNewNodeHandler] INFO  pipeline.BackgroundPipelineCreator (BackgroundPipelineCreator.java:notifyEventTriggered(276)) - trigger a one-shot run on RatisPipelineUtilsThread.
2023-06-28 21:18:35,029 [EventQueue-NodeRegistrationContainerReportForContainerSafeModeRule] INFO  safemode.SCMSafeModeManager (SCMSafeModeManager.java:validateSafeModeExitRules(200)) - ContainerSafeModeRule rule is successfully validated
2023-06-28 21:18:35,051 [EventQueue-PipelineReportForOneReplicaPipelineSafeModeRule] INFO  safemode.SCMSafeModeManager (SCMSafeModeManager.java:validateSafeModeExitRules(200)) - AtleastOneDatanodeReportedRule rule is successfully validated
2023-06-28 21:18:35,049 [RatisPipelineUtilsThread - 0] INFO  pipeline.RatisPipelineProvider (RatisPipelineProvider.java:lambda$create$0(206)) - Sending CreatePipelineCommand for pipeline:PipelineID=fd3b967d-b787-471a-aab3-f2940e7630a6 to datanode:bb0e9150-086f-4512-ab04-1336b269041b
2023-06-28 21:18:35,034 [EventQueue-NodeRegistrationContainerReportForDataNodeSafeModeRule] INFO  safemode.SCMSafeModeManager (DataNodeSafeModeRule.java:process(71)) - SCM in safe mode. 1 DataNodes registered, 3 required.
2023-06-28 21:18:35,063 [RatisPipelineUtilsThread - 0] INFO  pipeline.PipelineManagerImpl (PipelineManagerImpl.java:addPipelineToManager(301)) - Added pipeline Pipeline[ Id: fd3b967d-b787-471a-aab3-f2940e7630a6, Nodes: bb0e9150-086f-4512-ab04-1336b269041b(fv-az613-21.sfleub4vn5uufca0bzvsziz2ge.jx.internal.cloudapp.net/10.1.0.52), ReplicationConfig: RATIS/ONE, State:ALLOCATED, leaderId:, CreationTimestamp2023-06-28T21:18:35.048Z[Etc/UTC]].
2023-06-28 21:18:35,399 [IPC Server handler 2 on default port 15002] INFO  net.NetworkTopologyImpl (NetworkTopologyImpl.java:add(112)) - Added a new node: /default-rack/08ff75f9-1328-4943-9840-929c3a1c46cb
2023-06-28 21:18:35,399 [IPC Server handler 2 on default port 15002] INFO  node.SCMNodeManager (SCMNodeManager.java:register(405)) - Registered Data node : 08ff75f9-1328-4943-9840-929c3a1c46cb{ip: 10.1.0.52, host: fv-az613-21.sfleub4vn5uufca0bzvsziz2ge.jx.internal.cloudapp.net, ports: [HTTP=15026, CLIENT_RPC=15027, REPLICATION=15033, RATIS=15029, RATIS_ADMIN=15030, RATIS_SERVER=15031, RATIS_DATASTREAM=15032, STANDALONE=15028], networkLocation: /default-rack, certSerialId: null, persistedOpState: null, persistedOpStateExpiryEpochSec: 0}
2023-06-28 21:18:35,399 [EventQueue-NodeRegistrationContainerReportForDataNodeSafeModeRule] INFO  safemode.SCMSafeModeManager (DataNodeSafeModeRule.java:process(71)) - SCM in safe mode. 2 DataNodes registered, 3 required.
2023-06-28 21:18:35,400 [EventQueue-NewNodeForNewNodeHandler] INFO  pipeline.BackgroundPipelineCreator (BackgroundPipelineCreator.java:notifyEventTriggered(276)) - trigger a one-shot run on RatisPipelineUtilsThread.
2023-06-28 21:18:35,402 [RatisPipelineUtilsThread - 0] INFO  pipeline.RatisPipelineProvider (RatisPipelineProvider.java:lambda$create$0(206)) - Sending CreatePipelineCommand for pipeline:PipelineID=e37e79e9-e918-4f3a-82bd-8f8bef6afdd6 to datanode:08ff75f9-1328-4943-9840-929c3a1c46cb
2023-06-28 21:18:35,403 [RatisPipelineUtilsThread - 0] INFO  pipeline.PipelineManagerImpl (PipelineManagerImpl.java:addPipelineToManager(301)) - Added pipeline Pipeline[ Id: e37e79e9-e918-4f3a-82bd-8f8bef6afdd6, Nodes: 08ff75f9-1328-4943-9840-929c3a1c46cb(fv-az613-21.sfleub4vn5uufca0bzvsziz2ge.jx.internal.cloudapp.net/10.1.0.52), ReplicationConfig: RATIS/ONE, State:ALLOCATED, leaderId:, CreationTimestamp2023-06-28T21:18:35.402Z[Etc/UTC]].
2023-06-28 21:18:35,461 [main] INFO  ozone.MiniOzoneClusterImpl (MiniOzoneClusterImpl.java:lambda$waitForClusterToBeReady$0(224)) - Waiting for nodes to be ready. Got 2 of 5 DN Heartbeats.
2023-06-28 21:18:35,461 [main] INFO  ozone.MiniOzoneClusterImpl (MiniOzoneClusterImpl.java:lambda$waitForClusterToBeReady$0(227)) - Waiting for cluster to exit safe mode
2023-06-28 21:18:35,461 [main] INFO  ozone.MiniOzoneClusterImpl (MiniOzoneClusterImpl.java:lambda$waitForClusterToBeReady$0(229)) - SCM became leader
2023-06-28 21:18:35,476 [omNode-3@group-523986131536-FollowerState] INFO  server.RaftServerConfigKeys (ConfUtils.java:logFallback(53)) - raft.server.rpc.first-election.timeout.min = 1s (fallback to raft.server.rpc.timeout.min)
2023-06-28 21:18:35,476 [omNode-3@group-523986131536-FollowerState] INFO  server.RaftServerConfigKeys (ConfUtils.java:logFallback(53)) - raft.server.rpc.first-election.timeout.max = 1200ms (fallback to raft.server.rpc.timeout.max)
2023-06-28 21:18:35,770 [IPC Server handler 3 on default port 15002] INFO  net.NetworkTopologyImpl (NetworkTopologyImpl.java:add(112)) - Added a new node: /default-rack/8a2b3145-2dd0-434b-a2c2-caa8e5fb0ef1
2023-06-28 21:18:35,770 [IPC Server handler 3 on default port 15002] INFO  node.SCMNodeManager (SCMNodeManager.java:register(405)) - Registered Data node : 8a2b3145-2dd0-434b-a2c2-caa8e5fb0ef1{ip: 10.1.0.52, host: fv-az613-21.sfleub4vn5uufca0bzvsziz2ge.jx.internal.cloudapp.net, ports: [HTTP=15035, CLIENT_RPC=15036, REPLICATION=15042, RATIS=15038, RATIS_ADMIN=15039, RATIS_SERVER=15040, RATIS_DATASTREAM=15041, STANDALONE=15037], networkLocation: /default-rack, certSerialId: null, persistedOpState: null, persistedOpStateExpiryEpochSec: 0}
2023-06-28 21:18:35,772 [EventQueue-NewNodeForNewNodeHandler] INFO  pipeline.BackgroundPipelineCreator (BackgroundPipelineCreator.java:notifyEventTriggered(276)) - trigger a one-shot run on RatisPipelineUtilsThread.
2023-06-28 21:18:35,773 [RatisPipelineUtilsThread - 0] INFO  pipeline.RatisPipelineProvider (RatisPipelineProvider.java:lambda$create$0(206)) - Sending CreatePipelineCommand for pipeline:PipelineID=fbb153d4-2199-4531-8493-103e87ce587b to datanode:8a2b3145-2dd0-434b-a2c2-caa8e5fb0ef1
2023-06-28 21:18:35,775 [EventQueue-NodeRegistrationContainerReportForDataNodeSafeModeRule] INFO  safemode.SCMSafeModeManager (DataNodeSafeModeRule.java:process(71)) - SCM in safe mode. 3 DataNodes registered, 3 required.
2023-06-28 21:18:35,776 [EventQueue-NodeRegistrationContainerReportForDataNodeSafeModeRule] INFO  safemode.SCMSafeModeManager (SCMSafeModeManager.java:validateSafeModeExitRules(200)) - DataNodeSafeModeRule rule is successfully validated
2023-06-28 21:18:35,776 [EventQueue-NodeRegistrationContainerReportForDataNodeSafeModeRule] INFO  safemode.SCMSafeModeManager (SCMSafeModeManager.java:completePreCheck(229)) - All SCM safe mode pre check rules have passed
2023-06-28 21:18:35,776 [EventQueue-NodeRegistrationContainerReportForDataNodeSafeModeRule] INFO  ha.SCMContext (SCMContext.java:updateSafeModeStatus(228)) - Update SafeModeStatus from SafeModeStatus{safeModeStatus=true, preCheckPassed=false} to SafeModeStatus{safeModeStatus=true, preCheckPassed=true}.
2023-06-28 21:18:35,777 [EventQueue-NodeRegistrationContainerReportForDataNodeSafeModeRule] INFO  pipeline.BackgroundPipelineCreator (BackgroundPipelineCreator.java:notifyEventTriggered(276)) - trigger a one-shot run on RatisPipelineUtilsThread.
2023-06-28 21:18:35,778 [RatisPipelineUtilsThread - 0] INFO  pipeline.PipelineManagerImpl (PipelineManagerImpl.java:addPipelineToManager(301)) - Added pipeline Pipeline[ Id: fbb153d4-2199-4531-8493-103e87ce587b, Nodes: 8a2b3145-2dd0-434b-a2c2-caa8e5fb0ef1(fv-az613-21.sfleub4vn5uufca0bzvsziz2ge.jx.internal.cloudapp.net/10.1.0.52), ReplicationConfig: RATIS/ONE, State:ALLOCATED, leaderId:, CreationTimestamp2023-06-28T21:18:35.773Z[Etc/UTC]].
2023-06-28 21:18:35,782 [RatisPipelineUtilsThread - 0] INFO  pipeline.RatisPipelineProvider (RatisPipelineProvider.java:lambda$create$0(206)) - Sending CreatePipelineCommand for pipeline:PipelineID=d02221a8-2fe3-4c2b-a6d8-0f7ce2c5f091 to datanode:8a2b3145-2dd0-434b-a2c2-caa8e5fb0ef1
2023-06-28 21:18:35,782 [RatisPipelineUtilsThread - 0] INFO  pipeline.RatisPipelineProvider (RatisPipelineProvider.java:lambda$create$0(206)) - Sending CreatePipelineCommand for pipeline:PipelineID=d02221a8-2fe3-4c2b-a6d8-0f7ce2c5f091 to datanode:bb0e9150-086f-4512-ab04-1336b269041b
2023-06-28 21:18:35,782 [RatisPipelineUtilsThread - 0] INFO  pipeline.RatisPipelineProvider (RatisPipelineProvider.java:lambda$create$0(206)) - Sending CreatePipelineCommand for pipeline:PipelineID=d02221a8-2fe3-4c2b-a6d8-0f7ce2c5f091 to datanode:08ff75f9-1328-4943-9840-929c3a1c46cb
2023-06-28 21:18:35,783 [RatisPipelineUtilsThread - 0] INFO  pipeline.PipelineManagerImpl (PipelineManagerImpl.java:addPipelineToManager(301)) - Added pipeline Pipeline[ Id: d02221a8-2fe3-4c2b-a6d8-0f7ce2c5f091, Nodes: 8a2b3145-2dd0-434b-a2c2-caa8e5fb0ef1(fv-az613-21.sfleub4vn5uufca0bzvsziz2ge.jx.internal.cloudapp.net/10.1.0.52)bb0e9150-086f-4512-ab04-1336b269041b(fv-az613-21.sfleub4vn5uufca0bzvsziz2ge.jx.internal.cloudapp.net/10.1.0.52)08ff75f9-1328-4943-9840-929c3a1c46cb(fv-az613-21.sfleub4vn5uufca0bzvsziz2ge.jx.internal.cloudapp.net/10.1.0.52), ReplicationConfig: RATIS/THREE, State:ALLOCATED, leaderId:, CreationTimestamp2023-06-28T21:18:35.782Z[Etc/UTC]].
2023-06-28 21:18:35,785 [RatisPipelineUtilsThread - 0] INFO  pipeline.RatisPipelineProvider (RatisPipelineProvider.java:lambda$create$0(206)) - Sending CreatePipelineCommand for pipeline:PipelineID=ec97d074-e652-4099-ba0c-e00510221aac to datanode:08ff75f9-1328-4943-9840-929c3a1c46cb
2023-06-28 21:18:35,785 [RatisPipelineUtilsThread - 0] INFO  pipeline.RatisPipelineProvider (RatisPipelineProvider.java:lambda$create$0(206)) - Sending CreatePipelineCommand for pipeline:PipelineID=ec97d074-e652-4099-ba0c-e00510221aac to datanode:8a2b3145-2dd0-434b-a2c2-caa8e5fb0ef1
2023-06-28 21:18:35,785 [RatisPipelineUtilsThread - 0] INFO  pipeline.RatisPipelineProvider (RatisPipelineProvider.java:lambda$create$0(206)) - Sending CreatePipelineCommand for pipeline:PipelineID=ec97d074-e652-4099-ba0c-e00510221aac to datanode:bb0e9150-086f-4512-ab04-1336b269041b
2023-06-28 21:18:35,786 [RatisPipelineUtilsThread - 0] INFO  pipeline.PipelineManagerImpl (PipelineManagerImpl.java:addPipelineToManager(301)) - Added pipeline Pipeline[ Id: ec97d074-e652-4099-ba0c-e00510221aac, Nodes: 08ff75f9-1328-4943-9840-929c3a1c46cb(fv-az613-21.sfleub4vn5uufca0bzvsziz2ge.jx.internal.cloudapp.net/10.1.0.52)8a2b3145-2dd0-434b-a2c2-caa8e5fb0ef1(fv-az613-21.sfleub4vn5uufca0bzvsziz2ge.jx.internal.cloudapp.net/10.1.0.52)bb0e9150-086f-4512-ab04-1336b269041b(fv-az613-21.sfleub4vn5uufca0bzvsziz2ge.jx.internal.cloudapp.net/10.1.0.52), ReplicationConfig: RATIS/THREE, State:ALLOCATED, leaderId:, CreationTimestamp2023-06-28T21:18:35.785Z[Etc/UTC]].
2023-06-28 21:18:35,786 [RatisPipelineUtilsThread - 0] INFO  pipeline.PipelineManagerImpl (PipelineManagerImpl.java:recordMetricsForPipeline(904)) - Pipeline: PipelineID=ec97d074-e652-4099-ba0c-e00510221aac contains same datanodes as previous pipelines: PipelineID=d02221a8-2fe3-4c2b-a6d8-0f7ce2c5f091 nodeIds: 08ff75f9-1328-4943-9840-929c3a1c46cb, 8a2b3145-2dd0-434b-a2c2-caa8e5fb0ef1, bb0e9150-086f-4512-ab04-1336b269041b
2023-06-28 21:18:35,787 [RatisPipelineUtilsThread - 0] WARN  pipeline.PipelinePlacementPolicy (PipelinePlacementPolicy.java:filterViableNodes(166)) - Pipeline creation failed due to no sufficient healthy datanodes. Required 3. Found 0. Excluded 3.
2023-06-28 21:18:35,788 [RatisPipelineUtilsThread - 0] WARN  pipeline.PipelinePlacementPolicy (PipelinePlacementPolicy.java:filterViableNodes(166)) - Pipeline creation failed due to no sufficient healthy datanodes. Required 3. Found 0. Excluded 3.
2023-06-28 21:18:36,126 [IPC Server handler 0 on default port 15002] INFO  net.NetworkTopologyImpl (NetworkTopologyImpl.java:add(112)) - Added a new node: /default-rack/dafdcea3-8be0-4d1d-be6d-f6a2e26020ac
2023-06-28 21:18:36,128 [IPC Server handler 0 on default port 15002] INFO  node.SCMNodeManager (SCMNodeManager.java:register(405)) - Registered Data node : dafdcea3-8be0-4d1d-be6d-f6a2e26020ac{ip: 10.1.0.52, host: fv-az613-21.sfleub4vn5uufca0bzvsziz2ge.jx.internal.cloudapp.net, ports: [HTTP=15044, CLIENT_RPC=15045, REPLICATION=15051, RATIS=15047, RATIS_ADMIN=15048, RATIS_SERVER=15049, RATIS_DATASTREAM=15050, STANDALONE=15046], networkLocation: /default-rack, certSerialId: null, persistedOpState: null, persistedOpStateExpiryEpochSec: 0}
2023-06-28 21:18:36,129 [EventQueue-NewNodeForNewNodeHandler] INFO  pipeline.BackgroundPipelineCreator (BackgroundPipelineCreator.java:notifyEventTriggered(276)) - trigger a one-shot run on RatisPipelineUtilsThread.
2023-06-28 21:18:36,131 [RatisPipelineUtilsThread - 0] INFO  pipeline.RatisPipelineProvider (RatisPipelineProvider.java:lambda$create$0(206)) - Sending CreatePipelineCommand for pipeline:PipelineID=09561415-6bbd-4062-a8a9-c0c33696154c to datanode:dafdcea3-8be0-4d1d-be6d-f6a2e26020ac
2023-06-28 21:18:36,133 [RatisPipelineUtilsThread - 0] INFO  pipeline.PipelineManagerImpl (PipelineManagerImpl.java:addPipelineToManager(301)) - Added pipeline Pipeline[ Id: 09561415-6bbd-4062-a8a9-c0c33696154c, Nodes: dafdcea3-8be0-4d1d-be6d-f6a2e26020ac(fv-az613-21.sfleub4vn5uufca0bzvsziz2ge.jx.internal.cloudapp.net/10.1.0.52), ReplicationConfig: RATIS/ONE, State:ALLOCATED, leaderId:, CreationTimestamp2023-06-28T21:18:36.131Z[Etc/UTC]].
2023-06-28 21:18:36,134 [RatisPipelineUtilsThread - 0] WARN  pipeline.PipelinePlacementPolicy (PipelinePlacementPolicy.java:filterViableNodes(166)) - Pipeline creation failed due to no sufficient healthy datanodes. Required 3. Found 1. Excluded 3.
2023-06-28 21:18:36,461 [main] INFO  ozone.MiniOzoneClusterImpl (MiniOzoneClusterImpl.java:lambda$waitForClusterToBeReady$0(224)) - Waiting for nodes to be ready. Got 4 of 5 DN Heartbeats.
2023-06-28 21:18:36,462 [main] INFO  ozone.MiniOzoneClusterImpl (MiniOzoneClusterImpl.java:lambda$waitForClusterToBeReady$0(227)) - Waiting for cluster to exit safe mode
2023-06-28 21:18:36,462 [main] INFO  ozone.MiniOzoneClusterImpl (MiniOzoneClusterImpl.java:lambda$waitForClusterToBeReady$0(229)) - SCM became leader
2023-06-28 21:18:36,478 [IPC Server handler 3 on default port 15002] INFO  net.NetworkTopologyImpl (NetworkTopologyImpl.java:add(112)) - Added a new node: /default-rack/68d6cd24-bd24-4fd7-81ed-64a513f0bb68
2023-06-28 21:18:36,478 [IPC Server handler 3 on default port 15002] INFO  node.SCMNodeManager (SCMNodeManager.java:register(405)) - Registered Data node : 68d6cd24-bd24-4fd7-81ed-64a513f0bb68{ip: 10.1.0.52, host: fv-az613-21.sfleub4vn5uufca0bzvsziz2ge.jx.internal.cloudapp.net, ports: [HTTP=15053, CLIENT_RPC=15054, REPLICATION=15060, RATIS=15056, RATIS_ADMIN=15057, RATIS_SERVER=15058, RATIS_DATASTREAM=15059, STANDALONE=15055], networkLocation: /default-rack, certSerialId: null, persistedOpState: null, persistedOpStateExpiryEpochSec: 0}
2023-06-28 21:18:36,479 [EventQueue-NewNodeForNewNodeHandler] INFO  pipeline.BackgroundPipelineCreator (BackgroundPipelineCreator.java:notifyEventTriggered(276)) - trigger a one-shot run on RatisPipelineUtilsThread.
2023-06-28 21:18:36,481 [RatisPipelineUtilsThread - 0] INFO  pipeline.RatisPipelineProvider (RatisPipelineProvider.java:lambda$create$0(206)) - Sending CreatePipelineCommand for pipeline:PipelineID=8eeaad6d-0a7d-4ea0-9f0e-3530cb79f85c to datanode:68d6cd24-bd24-4fd7-81ed-64a513f0bb68
2023-06-28 21:18:36,483 [RatisPipelineUtilsThread - 0] INFO  pipeline.PipelineManagerImpl (PipelineManagerImpl.java:addPipelineToManager(301)) - Added pipeline Pipeline[ Id: 8eeaad6d-0a7d-4ea0-9f0e-3530cb79f85c, Nodes: 68d6cd24-bd24-4fd7-81ed-64a513f0bb68(fv-az613-21.sfleub4vn5uufca0bzvsziz2ge.jx.internal.cloudapp.net/10.1.0.52), ReplicationConfig: RATIS/ONE, State:ALLOCATED, leaderId:, CreationTimestamp2023-06-28T21:18:36.481Z[Etc/UTC]].
2023-06-28 21:18:36,484 [RatisPipelineUtilsThread - 0] WARN  pipeline.PipelinePlacementPolicy (PipelinePlacementPolicy.java:filterViableNodes(166)) - Pipeline creation failed due to no sufficient healthy datanodes. Required 3. Found 2. Excluded 3.
2023-06-28 21:18:36,539 [omNode-3@group-523986131536-FollowerState] INFO  server.RaftServerConfigKeys (ConfUtils.java:logFallback(53)) - raft.server.rpc.first-election.timeout.min = 1s (fallback to raft.server.rpc.timeout.min)
2023-06-28 21:18:36,539 [omNode-3@group-523986131536-FollowerState] INFO  server.RaftServerConfigKeys (ConfUtils.java:logFallback(53)) - raft.server.rpc.first-election.timeout.max = 1200ms (fallback to raft.server.rpc.timeout.max)
2023-06-28 21:18:37,462 [main] INFO  ozone.MiniOzoneClusterImpl (MiniOzoneClusterImpl.java:lambda$waitForClusterToBeReady$0(224)) - Nodes are ready. Got 5 of 5 DN Heartbeats.
2023-06-28 21:18:37,462 [main] INFO  ozone.MiniOzoneClusterImpl (MiniOzoneClusterImpl.java:lambda$waitForClusterToBeReady$0(227)) - Waiting for cluster to exit safe mode
2023-06-28 21:18:37,462 [main] INFO  ozone.MiniOzoneClusterImpl (MiniOzoneClusterImpl.java:lambda$waitForClusterToBeReady$0(229)) - SCM became leader
2023-06-28 21:18:37,698 [omNode-3@group-523986131536-FollowerState] INFO  server.RaftServerConfigKeys (ConfUtils.java:logFallback(53)) - raft.server.rpc.first-election.timeout.min = 1s (fallback to raft.server.rpc.timeout.min)
2023-06-28 21:18:37,698 [omNode-3@group-523986131536-FollowerState] INFO  server.RaftServerConfigKeys (ConfUtils.java:logFallback(53)) - raft.server.rpc.first-election.timeout.max = 1200ms (fallback to raft.server.rpc.timeout.max)
2023-06-28 21:18:38,011 [PipelineCommandHandlerThread-0] INFO  server.RaftServer (RaftServerProxy.java:addNew(98)) - bb0e9150-086f-4512-ab04-1336b269041b: addNew group-F2940E7630A6:[bb0e9150-086f-4512-ab04-1336b269041b|rpc:10.1.0.52:15022|admin:10.1.0.52:15021|client:10.1.0.52:15020|dataStream:10.1.0.52:15023|priority:1|startupRole:FOLLOWER] returns group-F2940E7630A6:java.util.concurrent.CompletableFuture@584e5053[Not completed]
2023-06-28 21:18:38,028 [bb0e9150-086f-4512-ab04-1336b269041b-groupManagement] INFO  server.RaftServer$Division (RaftServerImpl.java:<init>(198)) - bb0e9150-086f-4512-ab04-1336b269041b: new RaftServerImpl for group-F2940E7630A6:[bb0e9150-086f-4512-ab04-1336b269041b|rpc:10.1.0.52:15022|admin:10.1.0.52:15021|client:10.1.0.52:15020|dataStream:10.1.0.52:15023|priority:1|startupRole:FOLLOWER] with ContainerStateMachine:uninitialized
2023-06-28 21:18:38,028 [bb0e9150-086f-4512-ab04-1336b269041b-groupManagement] INFO  server.RaftServerConfigKeys (ConfUtils.java:logGet(46)) - raft.server.rpc.timeout.min = 5s (custom)
2023-06-28 21:18:38,028 [bb0e9150-086f-4512-ab04-1336b269041b-groupManagement] INFO  server.RaftServerConfigKeys (ConfUtils.java:logGet(46)) - raft.server.rpc.timeout.max = 5200ms (custom)
2023-06-28 21:18:38,028 [bb0e9150-086f-4512-ab04-1336b269041b-groupManagement] INFO  server.RaftServerConfigKeys (ConfUtils.java:logGet(46)) - raft.server.rpc.sleep.time = 25ms (default)
2023-06-28 21:18:38,028 [bb0e9150-086f-4512-ab04-1336b269041b-groupManagement] INFO  server.RaftServerConfigKeys (ConfUtils.java:logGet(46)) - raft.server.rpc.slowness.timeout = 300s (custom)
2023-06-28 21:18:38,028 [bb0e9150-086f-4512-ab04-1336b269041b-groupManagement] INFO  server.RaftServerConfigKeys (ConfUtils.java:logGet(46)) - raft.server.leaderelection.leader.step-down.wait-time = 10s (default)
2023-06-28 21:18:38,028 [bb0e9150-086f-4512-ab04-1336b269041b-groupManagement] INFO  server.RaftServerConfigKeys (ConfUtils.java:logGet(46)) - raft.server.sleep.deviation.threshold = 300ms (default)
2023-06-28 21:18:38,029 [bb0e9150-086f-4512-ab04-1336b269041b-groupManagement] INFO  server.RaftServer$Division (ServerState.java:<init>(120)) - bb0e9150-086f-4512-ab04-1336b269041b@group-F2940E7630A6: ConfigurationManager, init=-1: peers:[bb0e9150-086f-4512-ab04-1336b269041b|rpc:10.1.0.52:15022|admin:10.1.0.52:15021|client:10.1.0.52:15020|dataStream:10.1.0.52:15023|priority:1|startupRole:FOLLOWER]|listeners:[], old=null, confs=<EMPTY_MAP>
2023-06-28 21:18:38,029 [bb0e9150-086f-4512-ab04-1336b269041b-groupManagement] INFO  server.RaftServerConfigKeys (ConfUtils.java:logGet(46)) - raft.server.storage.dir = [/home/runner/work/ozone/ozone/hadoop-ozone/integration-test/target/test-dir/MiniOzoneClusterImpl-392d5ccd-e702-410a-a53a-05dc11be4355/datanode-0/data/ratis] (custom)
2023-06-28 21:18:38,029 [bb0e9150-086f-4512-ab04-1336b269041b-groupManagement] INFO  server.RaftServerConfigKeys (ConfUtils.java:logGet(46)) - raft.server.log.corruption.policy = EXCEPTION (default)
2023-06-28 21:18:38,029 [bb0e9150-086f-4512-ab04-1336b269041b-groupManagement] INFO  server.RaftServerConfigKeys (ConfUtils.java:logGet(46)) - raft.server.storage.free-space.min = 0MB (=0) (default)
2023-06-28 21:18:38,029 [bb0e9150-086f-4512-ab04-1336b269041b-groupManagement] INFO  server.RaftServerConfigKeys (ConfUtils.java:logGet(46)) - raft.server.notification.no-leader.timeout = 300s (custom)
2023-06-28 21:18:38,029 [bb0e9150-086f-4512-ab04-1336b269041b-groupManagement] INFO  server.RaftServerConfigKeys (ConfUtils.java:logGet(46)) - raft.server.read.timeout = 10s (default)
2023-06-28 21:18:38,029 [bb0e9150-086f-4512-ab04-1336b269041b-groupManagement] INFO  server.RaftServerConfigKeys (ConfUtils.java:logGet(46)) - raft.server.retrycache.expirytime = 600000ms (custom)
2023-06-28 21:18:38,029 [bb0e9150-086f-4512-ab04-1336b269041b-groupManagement] INFO  server.RaftServerConfigKeys (ConfUtils.java:logGet(46)) - raft.server.retrycache.statistics.expirytime = 100μs (default)
2023-06-28 21:18:38,029 [bb0e9150-086f-4512-ab04-1336b269041b-groupManagement] INFO  server.RaftServerConfigKeys (ConfUtils.java:logGet(46)) - raft.server.read.option = DEFAULT (default)
2023-06-28 21:18:38,036 [bb0e9150-086f-4512-ab04-1336b269041b-groupManagement] INFO  server.RaftServerConfigKeys (ConfUtils.java:logGet(46)) - raft.server.rpc.request.timeout = 60s (custom)
2023-06-28 21:18:38,036 [bb0e9150-086f-4512-ab04-1336b269041b-groupManagement] INFO  server.RaftServerConfigKeys (ConfUtils.java:logGet(46)) - raft.server.log.appender.install.snapshot.enabled = false (custom)
2023-06-28 21:18:38,036 [bb0e9150-086f-4512-ab04-1336b269041b-groupManagement] INFO  server.RaftServerConfigKeys (ConfUtils.java:logGet(46)) - raft.server.threadpool.server.cached = true (default)
2023-06-28 21:18:38,036 [bb0e9150-086f-4512-ab04-1336b269041b-groupManagement] INFO  server.RaftServerConfigKeys (ConfUtils.java:logGet(46)) - raft.server.threadpool.server.size = 0 (default)
2023-06-28 21:18:38,036 [bb0e9150-086f-4512-ab04-1336b269041b-groupManagement] INFO  server.RaftServerConfigKeys (ConfUtils.java:logGet(46)) - raft.server.threadpool.client.cached = true (default)
2023-06-28 21:18:38,036 [bb0e9150-086f-4512-ab04-1336b269041b-groupManagement] INFO  server.RaftServerConfigKeys (ConfUtils.java:logGet(46)) - raft.server.threadpool.client.size = 0 (default)
2023-06-28 21:18:38,036 [bb0e9150-086f-4512-ab04-1336b269041b-groupManagement] INFO  storage.RaftStorageDirectory (RaftStorageDirectoryImpl.java:analyzeStorage(137)) - The storage directory /home/runner/work/ozone/ozone/hadoop-ozone/integration-test/target/test-dir/MiniOzoneClusterImpl-392d5ccd-e702-410a-a53a-05dc11be4355/datanode-0/data/ratis/fd3b967d-b787-471a-aab3-f2940e7630a6 does not exist. Creating ...
2023-06-28 21:18:38,038 [bb0e9150-086f-4512-ab04-1336b269041b-groupManagement] INFO  storage.RaftStorageDirectory (RaftStorageDirectoryImpl.java:tryLock(231)) - Lock on /home/runner/work/ozone/ozone/hadoop-ozone/integration-test/target/test-dir/MiniOzoneClusterImpl-392d5ccd-e702-410a-a53a-05dc11be4355/datanode-0/data/ratis/fd3b967d-b787-471a-aab3-f2940e7630a6/in_use.lock acquired by nodename 42875@fv-az613-21
2023-06-28 21:18:38,039 [bb0e9150-086f-4512-ab04-1336b269041b-groupManagement] INFO  storage.RaftStorage (RaftStorageImpl.java:format(96)) - Storage directory /home/runner/work/ozone/ozone/hadoop-ozone/integration-test/target/test-dir/MiniOzoneClusterImpl-392d5ccd-e702-410a-a53a-05dc11be4355/datanode-0/data/ratis/fd3b967d-b787-471a-aab3-f2940e7630a6 has been successfully formatted.
2023-06-28 21:18:38,045 [bb0e9150-086f-4512-ab04-1336b269041b-groupManagement] INFO  ratis.ContainerStateMachine (ContainerStateMachine.java:loadSnapshot(262)) - group-F2940E7630A6: The snapshot info is null. Setting the last applied indexto:(t:0, i:~)
2023-06-28 21:18:38,046 [bb0e9150-086f-4512-ab04-1336b269041b-groupManagement] INFO  server.RaftServerConfigKeys (ConfUtils.java:logGet(46)) - raft.server.log.use.memory = false (default)
2023-06-28 21:18:38,046 [bb0e9150-086f-4512-ab04-1336b269041b-groupManagement] INFO  server.RaftServerConfigKeys (ConfUtils.java:logGet(46)) - raft.server.log.purge.gap = 1000000 (custom)
2023-06-28 21:18:38,046 [bb0e9150-086f-4512-ab04-1336b269041b-groupManagement] INFO  server.RaftServerConfigKeys (ConfUtils.java:logGet(46)) - raft.server.log.appender.buffer.byte-limit = 33554432 (custom)
2023-06-28 21:18:38,046 [bb0e9150-086f-4512-ab04-1336b269041b-groupManagement] INFO  server.RaftServerConfigKeys (ConfUtils.java:logGet(46)) - raft.server.log.statemachine.data.read.timeout = 1000ms (default)
2023-06-28 21:18:38,046 [bb0e9150-086f-4512-ab04-1336b269041b-groupManagement] INFO  server.RaftServerConfigKeys (ConfUtils.java:logGet(46)) - raft.server.log.purge.preservation.log.num = 0 (default)
2023-06-28 21:18:38,046 [bb0e9150-086f-4512-ab04-1336b269041b-groupManagement] INFO  server.RaftServerConfigKeys (ConfUtils.java:logGet(46)) - raft.server.log.segment.size.max = 1048576 (custom)
2023-06-28 21:18:38,047 [bb0e9150-086f-4512-ab04-1336b269041b-groupManagement] INFO  server.RaftServerConfigKeys (ConfUtils.java:logGet(46)) - raft.server.log.segment.cache.num.max = 2 (custom)
2023-06-28 21:18:38,047 [bb0e9150-086f-4512-ab04-1336b269041b-groupManagement] INFO  server.RaftServerConfigKeys (ConfUtils.java:logGet(46)) - raft.server.log.segment.cache.size.max = 200MB (=209715200) (default)
2023-06-28 21:18:38,047 [bb0e9150-086f-4512-ab04-1336b269041b-groupManagement] INFO  server.RaftServerConfigKeys (ConfUtils.java:logGet(46)) - raft.server.log.appender.buffer.byte-limit = 33554432 (custom)
2023-06-28 21:18:38,047 [bb0e9150-086f-4512-ab04-1336b269041b-groupManagement] INFO  segmented.SegmentedRaftLogWorker (SegmentedRaftLogWorker.java:<init>(188)) - new bb0e9150-086f-4512-ab04-1336b269041b@group-F2940E7630A6-SegmentedRaftLogWorker for RaftStorageImpl:Storage Directory /home/runner/work/ozone/ozone/hadoop-ozone/integration-test/target/test-dir/MiniOzoneClusterImpl-392d5ccd-e702-410a-a53a-05dc11be4355/datanode-0/data/ratis/fd3b967d-b787-471a-aab3-f2940e7630a6
2023-06-28 21:18:38,047 [bb0e9150-086f-4512-ab04-1336b269041b-groupManagement] INFO  server.RaftServerConfigKeys (ConfUtils.java:logGet(46)) - raft.server.log.queue.byte-limit = 4294967296 (custom)
2023-06-28 21:18:38,047 [bb0e9150-086f-4512-ab04-1336b269041b-groupManagement] INFO  server.RaftServerConfigKeys (ConfUtils.java:logGet(46)) - raft.server.log.queue.element-limit = 1024 (custom)
2023-06-28 21:18:38,047 [bb0e9150-086f-4512-ab04-1336b269041b-groupManagement] INFO  server.RaftServerConfigKeys (ConfUtils.java:logGet(46)) - raft.server.log.segment.size.max = 1048576 (custom)
2023-06-28 21:18:38,047 [bb0e9150-086f-4512-ab04-1336b269041b-groupManagement] INFO  server.RaftServerConfigKeys (ConfUtils.java:logGet(46)) - raft.server.log.preallocated.size = 16384 (custom)
2023-06-28 21:18:38,048 [bb0e9150-086f-4512-ab04-1336b269041b-groupManagement] INFO  server.RaftServerConfigKeys (ConfUtils.java:logGet(46)) - raft.server.log.force.sync.num = 128 (default)
2023-06-28 21:18:38,048 [bb0e9150-086f-4512-ab04-1336b269041b-groupManagement] INFO  server.RaftServerConfigKeys (ConfUtils.java:logGet(46)) - raft.server.log.statemachine.data.sync = true (default)
2023-06-28 21:18:38,048 [bb0e9150-086f-4512-ab04-1336b269041b-groupManagement] INFO  server.RaftServerConfigKeys (ConfUtils.java:logGet(46)) - raft.server.log.statemachine.data.sync.timeout = 10s (default)
2023-06-28 21:18:38,048 [bb0e9150-086f-4512-ab04-1336b269041b-groupManagement] INFO  server.RaftServerConfigKeys (ConfUtils.java:logGet(46)) - raft.server.log.statemachine.data.sync.timeout.retry = -1 (default)
2023-06-28 21:18:38,049 [bb0e9150-086f-4512-ab04-1336b269041b-groupManagement] INFO  server.RaftServerConfigKeys (ConfUtils.java:logGet(46)) - raft.server.log.write.buffer.size = 1048576 (custom)
2023-06-28 21:18:38,050 [bb0e9150-086f-4512-ab04-1336b269041b-groupManagement] INFO  server.RaftServerConfigKeys (ConfUtils.java:logGet(46)) - raft.server.log.appender.buffer.byte-limit = 33554432 (custom)
2023-06-28 21:18:38,055 [bb0e9150-086f-4512-ab04-1336b269041b-groupManagement] INFO  server.RaftServerConfigKeys (ConfUtils.java:logGet(46)) - raft.server.log.unsafe-flush.enabled = false (default)
2023-06-28 21:18:38,055 [bb0e9150-086f-4512-ab04-1336b269041b-groupManagement] INFO  server.RaftServerConfigKeys (ConfUtils.java:logGet(46)) - raft.server.log.async-flush.enabled = false (default)
2023-06-28 21:18:38,056 [bb0e9150-086f-4512-ab04-1336b269041b-groupManagement] INFO  server.RaftServerConfigKeys (ConfUtils.java:logGet(46)) - raft.server.log.statemachine.data.caching.enabled = true (custom)
2023-06-28 21:18:38,056 [bb0e9150-086f-4512-ab04-1336b269041b-groupManagement] INFO  segmented.SegmentedRaftLogWorker (SegmentedRaftLogWorker.java:lambda$new$0(135)) - bb0e9150-086f-4512-ab04-1336b269041b@group-F2940E7630A6-SegmentedRaftLogWorker: flushIndex: setUnconditionally 0 -> -1
2023-06-28 21:18:38,056 [bb0e9150-086f-4512-ab04-1336b269041b-groupManagement] INFO  segmented.SegmentedRaftLogWorker (SegmentedRaftLogWorker.java:lambda$new$0(135)) - bb0e9150-086f-4512-ab04-1336b269041b@group-F2940E7630A6-SegmentedRaftLogWorker: safeCacheEvictIndex: setUnconditionally 0 -> -1
2023-06-28 21:18:38,057 [bb0e9150-086f-4512-ab04-1336b269041b-groupManagement] INFO  server.RaftServer$Division (RaftServerImpl.java:start(342)) - bb0e9150-086f-4512-ab04-1336b269041b@group-F2940E7630A6: start as a follower, conf=-1: peers:[bb0e9150-086f-4512-ab04-1336b269041b|rpc:10.1.0.52:15022|admin:10.1.0.52:15021|client:10.1.0.52:15020|dataStream:10.1.0.52:15023|priority:1|startupRole:FOLLOWER]|listeners:[], old=null
2023-06-28 21:18:38,057 [bb0e9150-086f-4512-ab04-1336b269041b-groupManagement] INFO  server.RaftServer$Division (RaftServerImpl.java:setRole(329)) - bb0e9150-086f-4512-ab04-1336b269041b@group-F2940E7630A6: changes role from      null to FOLLOWER at term 0 for startAsFollower
2023-06-28 21:18:38,057 [bb0e9150-086f-4512-ab04-1336b269041b-groupManagement] INFO  impl.RoleInfo (RoleInfo.java:updateAndGet(139)) - bb0e9150-086f-4512-ab04-1336b269041b: start bb0e9150-086f-4512-ab04-1336b269041b@group-F2940E7630A6-FollowerState
2023-06-28 21:18:38,058 [bb0e9150-086f-4512-ab04-1336b269041b-groupManagement] INFO  util.JmxRegister (JmxRegister.java:tryRegister(44)) - Successfully registered JMX Bean with object name Ratis:service=RaftServer,group=group-F2940E7630A6,id=bb0e9150-086f-4512-ab04-1336b269041b
2023-06-28 21:18:38,058 [bb0e9150-086f-4512-ab04-1336b269041b-groupManagement] INFO  server.RaftServerConfigKeys (ConfUtils.java:logGet(46)) - raft.server.snapshot.auto.trigger.enabled = true (custom)
2023-06-28 21:18:38,058 [bb0e9150-086f-4512-ab04-1336b269041b-groupManagement] INFO  server.RaftServerConfigKeys (ConfUtils.java:logGet(46)) - raft.server.snapshot.auto.trigger.threshold = 10000 (custom)
2023-06-28 21:18:38,058 [bb0e9150-086f-4512-ab04-1336b269041b-groupManagement] INFO  server.RaftServerConfigKeys (ConfUtils.java:logGet(46)) - raft.server.snapshot.retention.file.num = 5 (custom)
2023-06-28 21:18:38,058 [bb0e9150-086f-4512-ab04-1336b269041b-groupManagement] INFO  server.RaftServerConfigKeys (ConfUtils.java:logGet(46)) - raft.server.log.purge.upto.snapshot.index = false (default)
2023-06-28 21:18:38,059 [bb0e9150-086f-4512-ab04-1336b269041b@group-F2940E7630A6-FollowerState] INFO  server.RaftServerConfigKeys (ConfUtils.java:logFallback(53)) - raft.server.rpc.first-election.timeout.min = 5s (fallback to raft.server.rpc.timeout.min)
2023-06-28 21:18:38,059 [bb0e9150-086f-4512-ab04-1336b269041b@group-F2940E7630A6-FollowerState] INFO  server.RaftServerConfigKeys (ConfUtils.java:logFallback(53)) - raft.server.rpc.first-election.timeout.max = 5200ms (fallback to raft.server.rpc.timeout.max)
2023-06-28 21:18:38,064 [PipelineCommandHandlerThread-0] INFO  ratis.XceiverServerRatis (XceiverServerRatis.java:addGroup(804)) - Created group PipelineID=fd3b967d-b787-471a-aab3-f2940e7630a6
2023-06-28 21:18:38,064 [PipelineCommandHandlerThread-0] INFO  commandhandler.CreatePipelineCommandHandler (CreatePipelineCommandHandler.java:lambda$handle$2(124)) - Created Pipeline RATIS ONE PipelineID=fd3b967d-b787-471a-aab3-f2940e7630a6.
2023-06-28 21:18:38,065 [PipelineCommandHandlerThread-0] INFO  server.RaftServer (RaftServerProxy.java:addNew(98)) - bb0e9150-086f-4512-ab04-1336b269041b: addNew group-0F7CE2C5F091:[bb0e9150-086f-4512-ab04-1336b269041b|rpc:10.1.0.52:15022|admin:10.1.0.52:15021|client:10.1.0.52:15020|dataStream:10.1.0.52:15023|priority:1|startupRole:FOLLOWER, 8a2b3145-2dd0-434b-a2c2-caa8e5fb0ef1|rpc:10.1.0.52:15040|admin:10.1.0.52:15039|client:10.1.0.52:15038|dataStream:10.1.0.52:15041|priority:0|startupRole:FOLLOWER, 08ff75f9-1328-4943-9840-929c3a1c46cb|rpc:10.1.0.52:15031|admin:10.1.0.52:15030|client:10.1.0.52:15029|dataStream:10.1.0.52:15032|priority:0|startupRole:FOLLOWER] returns group-0F7CE2C5F091:java.util.concurrent.CompletableFuture@2b7536f5[Not completed]
2023-06-28 21:18:38,066 [bb0e9150-086f-4512-ab04-1336b269041b-groupManagement] INFO  server.RaftServer$Division (RaftServerImpl.java:<init>(198)) - bb0e9150-086f-4512-ab04-1336b269041b: new RaftServerImpl for group-0F7CE2C5F091:[bb0e9150-086f-4512-ab04-1336b269041b|rpc:10.1.0.52:15022|admin:10.1.0.52:15021|client:10.1.0.52:15020|dataStream:10.1.0.52:15023|priority:1|startupRole:FOLLOWER, 8a2b3145-2dd0-434b-a2c2-caa8e5fb0ef1|rpc:10.1.0.52:15040|admin:10.1.0.52:15039|client:10.1.0.52:15038|dataStream:10.1.0.52:15041|priority:0|startupRole:FOLLOWER, 08ff75f9-1328-4943-9840-929c3a1c46cb|rpc:10.1.0.52:15031|admin:10.1.0.52:15030|client:10.1.0.52:15029|dataStream:10.1.0.52:15032|priority:0|startupRole:FOLLOWER] with ContainerStateMachine:uninitialized
2023-06-28 21:18:38,066 [bb0e9150-086f-4512-ab04-1336b269041b-groupManagement] INFO  server.RaftServerConfigKeys (ConfUtils.java:logGet(46)) - raft.server.rpc.timeout.min = 5s (custom)
2023-06-28 21:18:38,066 [bb0e9150-086f-4512-ab04-1336b269041b-groupManagement] INFO  server.RaftServerConfigKeys (ConfUtils.java:logGet(46)) - raft.server.rpc.timeout.max = 5200ms (custom)
2023-06-28 21:18:38,066 [bb0e9150-086f-4512-ab04-1336b269041b-groupManagement] INFO  server.RaftServerConfigKeys (ConfUtils.java:logGet(46)) - raft.server.rpc.sleep.time = 25ms (default)
2023-06-28 21:18:38,066 [bb0e9150-086f-4512-ab04-1336b269041b-groupManagement] INFO  server.RaftServerConfigKeys (ConfUtils.java:logGet(46)) - raft.server.rpc.slowness.timeout = 300s (custom)
2023-06-28 21:18:38,066 [bb0e9150-086f-4512-ab04-1336b269041b-groupManagement] INFO  server.RaftServerConfigKeys (ConfUtils.java:logGet(46)) - raft.server.leaderelection.leader.step-down.wait-time = 10s (default)
2023-06-28 21:18:38,066 [bb0e9150-086f-4512-ab04-1336b269041b-groupManagement] INFO  server.RaftServerConfigKeys (ConfUtils.java:logGet(46)) - raft.server.sleep.deviation.threshold = 300ms (default)
2023-06-28 21:18:38,067 [bb0e9150-086f-4512-ab04-1336b269041b-groupManagement] INFO  server.RaftServer$Division (ServerState.java:<init>(120)) - bb0e9150-086f-4512-ab04-1336b269041b@group-0F7CE2C5F091: ConfigurationManager, init=-1: peers:[bb0e9150-086f-4512-ab04-1336b269041b|rpc:10.1.0.52:15022|admin:10.1.0.52:15021|client:10.1.0.52:15020|dataStream:10.1.0.52:15023|priority:1|startupRole:FOLLOWER, 8a2b3145-2dd0-434b-a2c2-caa8e5fb0ef1|rpc:10.1.0.52:15040|admin:10.1.0.52:15039|client:10.1.0.52:15038|dataStream:10.1.0.52:15041|priority:0|startupRole:FOLLOWER, 08ff75f9-1328-4943-9840-929c3a1c46cb|rpc:10.1.0.52:15031|admin:10.1.0.52:15030|client:10.1.0.52:15029|dataStream:10.1.0.52:15032|priority:0|startupRole:FOLLOWER]|listeners:[], old=null, confs=<EMPTY_MAP>
2023-06-28 21:18:38,067 [bb0e9150-086f-4512-ab04-1336b269041b-groupManagement] INFO  server.RaftServerConfigKeys (ConfUtils.java:logGet(46)) - raft.server.storage.dir = [/home/runner/work/ozone/ozone/hadoop-ozone/integration-test/target/test-dir/MiniOzoneClusterImpl-392d5ccd-e702-410a-a53a-05dc11be4355/datanode-0/data/ratis] (custom)
2023-06-28 21:18:38,067 [bb0e9150-086f-4512-ab04-1336b269041b-groupManagement] INFO  server.RaftServerConfigKeys (ConfUtils.java:logGet(46)) - raft.server.log.corruption.policy = EXCEPTION (default)
2023-06-28 21:18:38,067 [bb0e9150-086f-4512-ab04-1336b269041b-groupManagement] INFO  server.RaftServerConfigKeys (ConfUtils.java:logGet(46)) - raft.server.storage.free-space.min = 0MB (=0) (default)
2023-06-28 21:18:38,067 [bb0e9150-086f-4512-ab04-1336b269041b-groupManagement] INFO  server.RaftServerConfigKeys (ConfUtils.java:logGet(46)) - raft.server.notification.no-leader.timeout = 300s (custom)
2023-06-28 21:18:38,067 [bb0e9150-086f-4512-ab04-1336b269041b-groupManagement] INFO  server.RaftServerConfigKeys (ConfUtils.java:logGet(46)) - raft.server.read.timeout = 10s (default)
2023-06-28 21:18:38,067 [bb0e9150-086f-4512-ab04-1336b269041b-groupManagement] INFO  server.RaftServerConfigKeys (ConfUtils.java:logGet(46)) - raft.server.retrycache.expirytime = 600000ms (custom)
2023-06-28 21:18:38,067 [bb0e9150-086f-4512-ab04-1336b269041b-groupManagement] INFO  server.RaftServerConfigKeys (ConfUtils.java:logGet(46)) - raft.server.retrycache.statistics.expirytime = 100μs (default)
2023-06-28 21:18:38,067 [bb0e9150-086f-4512-ab04-1336b269041b-groupManagement] INFO  server.RaftServerConfigKeys (ConfUtils.java:logGet(46)) - raft.server.read.option = DEFAULT (default)
2023-06-28 21:18:38,069 [bb0e9150-086f-4512-ab04-1336b269041b-groupManagement] INFO  server.RaftServerConfigKeys (ConfUtils.java:logGet(46)) - raft.server.rpc.request.timeout = 60s (custom)
2023-06-28 21:18:38,069 [bb0e9150-086f-4512-ab04-1336b269041b-groupManagement] INFO  server.RaftServerConfigKeys (ConfUtils.java:logGet(46)) - raft.server.log.appender.install.snapshot.enabled = false (custom)
2023-06-28 21:18:38,069 [bb0e9150-086f-4512-ab04-1336b269041b-groupManagement] INFO  server.RaftServerConfigKeys (ConfUtils.java:logGet(46)) - raft.server.threadpool.server.cached = true (default)
2023-06-28 21:18:38,069 [bb0e9150-086f-4512-ab04-1336b269041b-groupManagement] INFO  server.RaftServerConfigKeys (ConfUtils.java:logGet(46)) - raft.server.threadpool.server.size = 0 (default)
2023-06-28 21:18:38,070 [bb0e9150-086f-4512-ab04-1336b269041b-groupManagement] INFO  server.RaftServerConfigKeys (ConfUtils.java:logGet(46)) - raft.server.threadpool.client.cached = true (default)
2023-06-28 21:18:38,070 [bb0e9150-086f-4512-ab04-1336b269041b-groupManagement] INFO  server.RaftServerConfigKeys (ConfUtils.java:logGet(46)) - raft.server.threadpool.client.size = 0 (default)
2023-06-28 21:18:38,070 [bb0e9150-086f-4512-ab04-1336b269041b-groupManagement] INFO  storage.RaftStorageDirectory (RaftStorageDirectoryImpl.java:analyzeStorage(137)) - The storage directory /home/runner/work/ozone/ozone/hadoop-ozone/integration-test/target/test-dir/MiniOzoneClusterImpl-392d5ccd-e702-410a-a53a-05dc11be4355/datanode-0/data/ratis/d02221a8-2fe3-4c2b-a6d8-0f7ce2c5f091 does not exist. Creating ...
2023-06-28 21:18:38,071 [bb0e9150-086f-4512-ab04-1336b269041b-groupManagement] INFO  storage.RaftStorageDirectory (RaftStorageDirectoryImpl.java:tryLock(231)) - Lock on /home/runner/work/ozone/ozone/hadoop-ozone/integration-test/target/test-dir/MiniOzoneClusterImpl-392d5ccd-e702-410a-a53a-05dc11be4355/datanode-0/data/ratis/d02221a8-2fe3-4c2b-a6d8-0f7ce2c5f091/in_use.lock acquired by nodename 42875@fv-az613-21
2023-06-28 21:18:38,073 [bb0e9150-086f-4512-ab04-1336b269041b-groupManagement] INFO  storage.RaftStorage (RaftStorageImpl.java:format(96)) - Storage directory /home/runner/work/ozone/ozone/hadoop-ozone/integration-test/target/test-dir/MiniOzoneClusterImpl-392d5ccd-e702-410a-a53a-05dc11be4355/datanode-0/data/ratis/d02221a8-2fe3-4c2b-a6d8-0f7ce2c5f091 has been successfully formatted.
2023-06-28 21:18:38,073 [bb0e9150-086f-4512-ab04-1336b269041b-groupManagement] INFO  ratis.ContainerStateMachine (ContainerStateMachine.java:loadSnapshot(262)) - group-0F7CE2C5F091: The snapshot info is null. Setting the last applied indexto:(t:0, i:~)
2023-06-28 21:18:38,073 [bb0e9150-086f-4512-ab04-1336b269041b-groupManagement] INFO  server.RaftServerConfigKeys (ConfUtils.java:logGet(46)) - raft.server.log.use.memory = false (default)
2023-06-28 21:18:38,073 [bb0e9150-086f-4512-ab04-1336b269041b-groupManagement] INFO  server.RaftServerConfigKeys (ConfUtils.java:logGet(46)) - raft.server.log.purge.gap = 1000000 (custom)
2023-06-28 21:18:38,073 [bb0e9150-086f-4512-ab04-1336b269041b-groupManagement] INFO  server.RaftServerConfigKeys (ConfUtils.java:logGet(46)) - raft.server.log.appender.buffer.byte-limit = 33554432 (custom)
2023-06-28 21:18:38,074 [bb0e9150-086f-4512-ab04-1336b269041b-groupManagement] INFO  server.RaftServerConfigKeys (ConfUtils.java:logGet(46)) - raft.server.log.statemachine.data.read.timeout = 1000ms (default)
2023-06-28 21:18:38,074 [bb0e9150-086f-4512-ab04-1336b269041b-groupManagement] INFO  server.RaftServerConfigKeys (ConfUtils.java:logGet(46)) - raft.server.log.purge.preservation.log.num = 0 (default)
2023-06-28 21:18:38,074 [bb0e9150-086f-4512-ab04-1336b269041b-groupManagement] INFO  server.RaftServerConfigKeys (ConfUtils.java:logGet(46)) - raft.server.log.segment.size.max = 1048576 (custom)
2023-06-28 21:18:38,081 [EventQueue-PipelineReportForPipelineReportHandler] INFO  pipeline.PipelineManagerImpl (PipelineManagerImpl.java:openPipeline(443)) - Pipeline Pipeline[ Id: fd3b967d-b787-471a-aab3-f2940e7630a6, Nodes: bb0e9150-086f-4512-ab04-1336b269041b(fv-az613-21.sfleub4vn5uufca0bzvsziz2ge.jx.internal.cloudapp.net/10.1.0.52), ReplicationConfig: RATIS/ONE, State:ALLOCATED, leaderId:bb0e9150-086f-4512-ab04-1336b269041b, CreationTimestamp2023-06-28T21:18:35.048Z[Etc/UTC]] moved to OPEN state
2023-06-28 21:18:38,083 [bb0e9150-086f-4512-ab04-1336b269041b-groupManagement] INFO  server.RaftServerConfigKeys (ConfUtils.java:logGet(46)) - raft.server.log.segment.cache.num.max = 2 (custom)
2023-06-28 21:18:38,083 [bb0e9150-086f-4512-ab04-1336b269041b-groupManagement] INFO  server.RaftServerConfigKeys (ConfUtils.java:logGet(46)) - raft.server.log.segment.cache.size.max = 200MB (=209715200) (default)
2023-06-28 21:18:38,083 [bb0e9150-086f-4512-ab04-1336b269041b-groupManagement] INFO  server.RaftServerConfigKeys (ConfUtils.java:logGet(46)) - raft.server.log.appender.buffer.byte-limit = 33554432 (custom)
2023-06-28 21:18:38,083 [bb0e9150-086f-4512-ab04-1336b269041b-groupManagement] INFO  segmented.SegmentedRaftLogWorker (SegmentedRaftLogWorker.java:<init>(188)) - new bb0e9150-086f-4512-ab04-1336b269041b@group-0F7CE2C5F091-SegmentedRaftLogWorker for RaftStorageImpl:Storage Directory /home/runner/work/ozone/ozone/hadoop-ozone/integration-test/target/test-dir/MiniOzoneClusterImpl-392d5ccd-e702-410a-a53a-05dc11be4355/datanode-0/data/ratis/d02221a8-2fe3-4c2b-a6d8-0f7ce2c5f091
2023-06-28 21:18:38,083 [bb0e9150-086f-4512-ab04-1336b269041b-groupManagement] INFO  server.RaftServerConfigKeys (ConfUtils.java:logGet(46)) - raft.server.log.queue.byte-limit = 4294967296 (custom)
2023-06-28 21:18:38,083 [bb0e9150-086f-4512-ab04-1336b269041b-groupManagement] INFO  server.RaftServerConfigKeys (ConfUtils.java:logGet(46)) - raft.server.log.queue.element-limit = 1024 (custom)
2023-06-28 21:18:38,084 [bb0e9150-086f-4512-ab04-1336b269041b-groupManagement] INFO  server.RaftServerConfigKeys (ConfUtils.java:logGet(46)) - raft.server.log.segment.size.max = 1048576 (custom)
2023-06-28 21:18:38,084 [bb0e9150-086f-4512-ab04-1336b269041b-groupManagement] INFO  server.RaftServerConfigKeys (ConfUtils.java:logGet(46)) - raft.server.log.preallocated.size = 16384 (custom)
2023-06-28 21:18:38,084 [bb0e9150-086f-4512-ab04-1336b269041b-groupManagement] INFO  server.RaftServerConfigKeys (ConfUtils.java:logGet(46)) - raft.server.log.force.sync.num = 128 (default)
2023-06-28 21:18:38,084 [bb0e9150-086f-4512-ab04-1336b269041b-groupManagement] INFO  server.RaftServerConfigKeys (ConfUtils.java:logGet(46)) - raft.server.log.statemachine.data.sync = true (default)
2023-06-28 21:18:38,084 [bb0e9150-086f-4512-ab04-1336b269041b-groupManagement] INFO  server.RaftServerConfigKeys (ConfUtils.java:logGet(46)) - raft.server.log.statemachine.data.sync.timeout = 10s (default)
2023-06-28 21:18:38,084 [bb0e9150-086f-4512-ab04-1336b269041b-groupManagement] INFO  server.RaftServerConfigKeys (ConfUtils.java:logGet(46)) - raft.server.log.statemachine.data.sync.timeout.retry = -1 (default)
2023-06-28 21:18:38,085 [bb0e9150-086f-4512-ab04-1336b269041b-groupManagement] INFO  server.RaftServerConfigKeys (ConfUtils.java:logGet(46)) - raft.server.log.write.buffer.size = 1048576 (custom)
2023-06-28 21:18:38,086 [bb0e9150-086f-4512-ab04-1336b269041b-groupManagement] INFO  server.RaftServerConfigKeys (ConfUtils.java:logGet(46)) - raft.server.log.appender.buffer.byte-limit = 33554432 (custom)
2023-06-28 21:18:38,091 [EventQueue-OpenPipelineForHealthyPipelineSafeModeRule] INFO  safemode.SCMSafeModeManager (HealthyPipelineSafeModeRule.java:process(137)) - SCM in safe mode. Healthy pipelines reported count is 0, required healthy pipeline reported count is 1
2023-06-28 21:18:38,091 [bb0e9150-086f-4512-ab04-1336b269041b-groupManagement] INFO  server.RaftServerConfigKeys (ConfUtils.java:logGet(46)) - raft.server.log.unsafe-flush.enabled = false (default)
2023-06-28 21:18:38,091 [bb0e9150-086f-4512-ab04-1336b269041b-groupManagement] INFO  server.RaftServerConfigKeys (ConfUtils.java:logGet(46)) - raft.server.log.async-flush.enabled = false (default)
2023-06-28 21:18:38,091 [bb0e9150-086f-4512-ab04-1336b269041b-groupManagement] INFO  server.RaftServerConfigKeys (ConfUtils.java:logGet(46)) - raft.server.log.statemachine.data.caching.enabled = true (custom)
2023-06-28 21:18:38,092 [bb0e9150-086f-4512-ab04-1336b269041b-groupManagement] INFO  segmented.SegmentedRaftLogWorker (SegmentedRaftLogWorker.java:lambda$new$0(135)) - bb0e9150-086f-4512-ab04-1336b269041b@group-0F7CE2C5F091-SegmentedRaftLogWorker: flushIndex: setUnconditionally 0 -> -1
2023-06-28 21:18:38,092 [bb0e9150-086f-4512-ab04-1336b269041b-groupManagement] INFO  segmented.SegmentedRaftLogWorker (SegmentedRaftLogWorker.java:lambda$new$0(135)) - bb0e9150-086f-4512-ab04-1336b269041b@group-0F7CE2C5F091-SegmentedRaftLogWorker: safeCacheEvictIndex: setUnconditionally 0 -> -1
2023-06-28 21:18:38,091 [EventQueue-OpenPipelineForHealthyPipelineSafeModeRule] INFO  safemode.SCMSafeModeManager (HealthyPipelineSafeModeRule.java:process(137)) - SCM in safe mode. Healthy pipelines reported count is 0, required healthy pipeline reported count is 1
2023-06-28 21:18:38,092 [bb0e9150-086f-4512-ab04-1336b269041b-groupManagement] INFO  server.RaftServer$Division (RaftServerImpl.java:start(342)) - bb0e9150-086f-4512-ab04-1336b269041b@group-0F7CE2C5F091: start as a follower, conf=-1: peers:[bb0e9150-086f-4512-ab04-1336b269041b|rpc:10.1.0.52:15022|admin:10.1.0.52:15021|client:10.1.0.52:15020|dataStream:10.1.0.52:15023|priority:1|startupRole:FOLLOWER, 8a2b3145-2dd0-434b-a2c2-caa8e5fb0ef1|rpc:10.1.0.52:15040|admin:10.1.0.52:15039|client:10.1.0.52:15038|dataStream:10.1.0.52:15041|priority:0|startupRole:FOLLOWER, 08ff75f9-1328-4943-9840-929c3a1c46cb|rpc:10.1.0.52:15031|admin:10.1.0.52:15030|client:10.1.0.52:15029|dataStream:10.1.0.52:15032|priority:0|startupRole:FOLLOWER]|listeners:[], old=null
2023-06-28 21:18:38,092 [bb0e9150-086f-4512-ab04-1336b269041b-groupManagement] INFO  server.RaftServer$Division (RaftServerImpl.java:setRole(329)) - bb0e9150-086f-4512-ab04-1336b269041b@group-0F7CE2C5F091: changes role from      null to FOLLOWER at term 0 for startAsFollower
2023-06-28 21:18:38,092 [bb0e9150-086f-4512-ab04-1336b269041b-groupManagement] INFO  impl.RoleInfo (RoleInfo.java:updateAndGet(139)) - bb0e9150-086f-4512-ab04-1336b269041b: start bb0e9150-086f-4512-ab04-1336b269041b@group-0F7CE2C5F091-FollowerState
2023-06-28 21:18:38,096 [bb0e9150-086f-4512-ab04-1336b269041b-groupManagement] INFO  util.JmxRegister (JmxRegister.java:tryRegister(44)) - Successfully registered JMX Bean with object name Ratis:service=RaftServer,group=group-0F7CE2C5F091,id=bb0e9150-086f-4512-ab04-1336b269041b
2023-06-28 21:18:38,097 [bb0e9150-086f-4512-ab04-1336b269041b-groupManagement] INFO  server.RaftServerConfigKeys (ConfUtils.java:logGet(46)) - raft.server.snapshot.auto.trigger.enabled = true (custom)
2023-06-28 21:18:38,097 [bb0e9150-086f-4512-ab04-1336b269041b-groupManagement] INFO  server.RaftServerConfigKeys (ConfUtils.java:logGet(46)) - raft.server.snapshot.auto.trigger.threshold = 10000 (custom)
2023-06-28 21:18:38,097 [bb0e9150-086f-4512-ab04-1336b269041b-groupManagement] INFO  server.RaftServerConfigKeys (ConfUtils.java:logGet(46)) - raft.server.snapshot.retention.file.num = 5 (custom)
2023-06-28 21:18:38,097 [bb0e9150-086f-4512-ab04-1336b269041b-groupManagement] INFO  server.RaftServerConfigKeys (ConfUtils.java:logGet(46)) - raft.server.log.purge.upto.snapshot.index = false (default)
2023-06-28 21:18:38,097 [bb0e9150-086f-4512-ab04-1336b269041b@group-0F7CE2C5F091-FollowerState] INFO  server.RaftServerConfigKeys (ConfUtils.java:logFallback(53)) - raft.server.rpc.first-election.timeout.min = 5s (fallback to raft.server.rpc.timeout.min)
2023-06-28 21:18:38,099 [PipelineCommandHandlerThread-0] INFO  ratis.XceiverServerRatis (XceiverServerRatis.java:addGroup(804)) - Created group PipelineID=d02221a8-2fe3-4c2b-a6d8-0f7ce2c5f091
2023-06-28 21:18:38,104 [bb0e9150-086f-4512-ab04-1336b269041b@group-0F7CE2C5F091-FollowerState] INFO  server.RaftServerConfigKeys (ConfUtils.java:logFallback(53)) - raft.server.rpc.first-election.timeout.max = 5200ms (fallback to raft.server.rpc.timeout.max)
2023-06-28 21:18:38,170 [grpc-default-executor-1] INFO  server.RaftServer (RaftServerProxy.java:addNew(98)) - 8a2b3145-2dd0-434b-a2c2-caa8e5fb0ef1: addNew group-0F7CE2C5F091:[bb0e9150-086f-4512-ab04-1336b269041b|rpc:10.1.0.52:15022|admin:10.1.0.52:15021|client:10.1.0.52:15020|dataStream:10.1.0.52:15023|priority:1|startupRole:FOLLOWER, 8a2b3145-2dd0-434b-a2c2-caa8e5fb0ef1|rpc:10.1.0.52:15040|admin:10.1.0.52:15039|client:10.1.0.52:15038|dataStream:10.1.0.52:15041|priority:0|startupRole:FOLLOWER, 08ff75f9-1328-4943-9840-929c3a1c46cb|rpc:10.1.0.52:15031|admin:10.1.0.52:15030|client:10.1.0.52:15029|dataStream:10.1.0.52:15032|priority:0|startupRole:FOLLOWER] returns group-0F7CE2C5F091:java.util.concurrent.CompletableFuture@5859d919[Not completed]
2023-06-28 21:18:38,173 [8a2b3145-2dd0-434b-a2c2-caa8e5fb0ef1-groupManagement] INFO  server.RaftServer$Division (RaftServerImpl.java:<init>(198)) - 8a2b3145-2dd0-434b-a2c2-caa8e5fb0ef1: new RaftServerImpl for group-0F7CE2C5F091:[bb0e9150-086f-4512-ab04-1336b269041b|rpc:10.1.0.52:15022|admin:10.1.0.52:15021|client:10.1.0.52:15020|dataStream:10.1.0.52:15023|priority:1|startupRole:FOLLOWER, 8a2b3145-2dd0-434b-a2c2-caa8e5fb0ef1|rpc:10.1.0.52:15040|admin:10.1.0.52:15039|client:10.1.0.52:15038|dataStream:10.1.0.52:15041|priority:0|startupRole:FOLLOWER, 08ff75f9-1328-4943-9840-929c3a1c46cb|rpc:10.1.0.52:15031|admin:10.1.0.52:15030|client:10.1.0.52:15029|dataStream:10.1.0.52:15032|priority:0|startupRole:FOLLOWER] with ContainerStateMachine:uninitialized
2023-06-28 21:18:38,173 [8a2b3145-2dd0-434b-a2c2-caa8e5fb0ef1-groupManagement] INFO  server.RaftServerConfigKeys (ConfUtils.java:logGet(46)) - raft.server.rpc.timeout.min = 5s (custom)
2023-06-28 21:18:38,173 [8a2b3145-2dd0-434b-a2c2-caa8e5fb0ef1-groupManagement] INFO  server.RaftServerConfigKeys (ConfUtils.java:logGet(46)) - raft.server.rpc.timeout.max = 5200ms (custom)
2023-06-28 21:18:38,173 [8a2b3145-2dd0-434b-a2c2-caa8e5fb0ef1-groupManagement] INFO  server.RaftServerConfigKeys (ConfUtils.java:logGet(46)) - raft.server.rpc.sleep.time = 25ms (default)
2023-06-28 21:18:38,173 [8a2b3145-2dd0-434b-a2c2-caa8e5fb0ef1-groupManagement] INFO  server.RaftServerConfigKeys (ConfUtils.java:logGet(46)) - raft.server.rpc.slowness.timeout = 300s (custom)
2023-06-28 21:18:38,173 [8a2b3145-2dd0-434b-a2c2-caa8e5fb0ef1-groupManagement] INFO  server.RaftServerConfigKeys (ConfUtils.java:logGet(46)) - raft.server.leaderelection.leader.step-down.wait-time = 10s (default)
2023-06-28 21:18:38,173 [8a2b3145-2dd0-434b-a2c2-caa8e5fb0ef1-groupManagement] INFO  server.RaftServerConfigKeys (ConfUtils.java:logGet(46)) - raft.server.sleep.deviation.threshold = 300ms (default)
2023-06-28 21:18:38,173 [8a2b3145-2dd0-434b-a2c2-caa8e5fb0ef1-groupManagement] INFO  server.RaftServer$Division (ServerState.java:<init>(120)) - 8a2b3145-2dd0-434b-a2c2-caa8e5fb0ef1@group-0F7CE2C5F091: ConfigurationManager, init=-1: peers:[bb0e9150-086f-4512-ab04-1336b269041b|rpc:10.1.0.52:15022|admin:10.1.0.52:15021|client:10.1.0.52:15020|dataStream:10.1.0.52:15023|priority:1|startupRole:FOLLOWER, 8a2b3145-2dd0-434b-a2c2-caa8e5fb0ef1|rpc:10.1.0.52:15040|admin:10.1.0.52:15039|client:10.1.0.52:15038|dataStream:10.1.0.52:15041|priority:0|startupRole:FOLLOWER, 08ff75f9-1328-4943-9840-929c3a1c46cb|rpc:10.1.0.52:15031|admin:10.1.0.52:15030|client:10.1.0.52:15029|dataStream:10.1.0.52:15032|priority:0|startupRole:FOLLOWER]|listeners:[], old=null, confs=<EMPTY_MAP>
2023-06-28 21:18:38,173 [8a2b3145-2dd0-434b-a2c2-caa8e5fb0ef1-groupManagement] INFO  server.RaftServerConfigKeys (ConfUtils.java:logGet(46)) - raft.server.storage.dir = [/home/runner/work/ozone/ozone/hadoop-ozone/integration-test/target/test-dir/MiniOzoneClusterImpl-392d5ccd-e702-410a-a53a-05dc11be4355/datanode-2/data/ratis] (custom)
2023-06-28 21:18:38,174 [8a2b3145-2dd0-434b-a2c2-caa8e5fb0ef1-groupManagement] INFO  server.RaftServerConfigKeys (ConfUtils.java:logGet(46)) - raft.server.log.corruption.policy = EXCEPTION (default)
2023-06-28 21:18:38,174 [8a2b3145-2dd0-434b-a2c2-caa8e5fb0ef1-groupManagement] INFO  server.RaftServerConfigKeys (ConfUtils.java:logGet(46)) - raft.server.storage.free-space.min = 0MB (=0) (default)
2023-06-28 21:18:38,174 [8a2b3145-2dd0-434b-a2c2-caa8e5fb0ef1-groupManagement] INFO  server.RaftServerConfigKeys (ConfUtils.java:logGet(46)) - raft.server.notification.no-leader.timeout = 300s (custom)
2023-06-28 21:18:38,174 [8a2b3145-2dd0-434b-a2c2-caa8e5fb0ef1-groupManagement] INFO  server.RaftServerConfigKeys (ConfUtils.java:logGet(46)) - raft.server.read.timeout = 10s (default)
2023-06-28 21:18:38,174 [8a2b3145-2dd0-434b-a2c2-caa8e5fb0ef1-groupManagement] INFO  server.RaftServerConfigKeys (ConfUtils.java:logGet(46)) - raft.server.retrycache.expirytime = 600000ms (custom)
2023-06-28 21:18:38,174 [8a2b3145-2dd0-434b-a2c2-caa8e5fb0ef1-groupManagement] INFO  server.RaftServerConfigKeys (ConfUtils.java:logGet(46)) - raft.server.retrycache.statistics.expirytime = 100μs (default)
2023-06-28 21:18:38,174 [8a2b3145-2dd0-434b-a2c2-caa8e5fb0ef1-groupManagement] INFO  server.RaftServerConfigKeys (ConfUtils.java:logGet(46)) - raft.server.read.option = DEFAULT (default)
2023-06-28 21:18:38,176 [8a2b3145-2dd0-434b-a2c2-caa8e5fb0ef1-groupManagement] INFO  server.RaftServerConfigKeys (ConfUtils.java:logGet(46)) - raft.server.rpc.request.timeout = 60s (custom)
2023-06-28 21:18:38,177 [8a2b3145-2dd0-434b-a2c2-caa8e5fb0ef1-groupManagement] INFO  server.RaftServerConfigKeys (ConfUtils.java:logGet(46)) - raft.server.log.appender.install.snapshot.enabled = false (custom)
2023-06-28 21:18:38,177 [8a2b3145-2dd0-434b-a2c2-caa8e5fb0ef1-groupManagement] INFO  server.RaftServerConfigKeys (ConfUtils.java:logGet(46)) - raft.server.threadpool.server.cached = true (default)
2023-06-28 21:18:38,177 [8a2b3145-2dd0-434b-a2c2-caa8e5fb0ef1-groupManagement] INFO  server.RaftServerConfigKeys (ConfUtils.java:logGet(46)) - raft.server.threadpool.server.size = 0 (default)
2023-06-28 21:18:38,177 [8a2b3145-2dd0-434b-a2c2-caa8e5fb0ef1-groupManagement] INFO  server.RaftServerConfigKeys (ConfUtils.java:logGet(46)) - raft.server.threadpool.client.cached = true (default)
2023-06-28 21:18:38,177 [8a2b3145-2dd0-434b-a2c2-caa8e5fb0ef1-groupManagement] INFO  server.RaftServerConfigKeys (ConfUtils.java:logGet(46)) - raft.server.threadpool.client.size = 0 (default)
2023-06-28 21:18:38,177 [8a2b3145-2dd0-434b-a2c2-caa8e5fb0ef1-groupManagement] INFO  storage.RaftStorageDirectory (RaftStorageDirectoryImpl.java:analyzeStorage(137)) - The storage directory /home/runner/work/ozone/ozone/hadoop-ozone/integration-test/target/test-dir/MiniOzoneClusterImpl-392d5ccd-e702-410a-a53a-05dc11be4355/datanode-2/data/ratis/d02221a8-2fe3-4c2b-a6d8-0f7ce2c5f091 does not exist. Creating ...
2023-06-28 21:18:38,179 [8a2b3145-2dd0-434b-a2c2-caa8e5fb0ef1-groupManagement] INFO  storage.RaftStorageDirectory (RaftStorageDirectoryImpl.java:tryLock(231)) - Lock on /home/runner/work/ozone/ozone/hadoop-ozone/integration-test/target/test-dir/MiniOzoneClusterImpl-392d5ccd-e702-410a-a53a-05dc11be4355/datanode-2/data/ratis/d02221a8-2fe3-4c2b-a6d8-0f7ce2c5f091/in_use.lock acquired by nodename 42875@fv-az613-21
2023-06-28 21:18:38,180 [8a2b3145-2dd0-434b-a2c2-caa8e5fb0ef1-groupManagement] INFO  storage.RaftStorage (RaftStorageImpl.java:format(96)) - Storage directory /home/runner/work/ozone/ozone/hadoop-ozone/integration-test/target/test-dir/MiniOzoneClusterImpl-392d5ccd-e702-410a-a53a-05dc11be4355/datanode-2/data/ratis/d02221a8-2fe3-4c2b-a6d8-0f7ce2c5f091 has been successfully formatted.
2023-06-28 21:18:38,182 [8a2b3145-2dd0-434b-a2c2-caa8e5fb0ef1-groupManagement] INFO  ratis.ContainerStateMachine (ContainerStateMachine.java:loadSnapshot(262)) - group-0F7CE2C5F091: The snapshot info is null. Setting the last applied indexto:(t:0, i:~)
2023-06-28 21:18:38,189 [8a2b3145-2dd0-434b-a2c2-caa8e5fb0ef1-groupManagement] INFO  server.RaftServerConfigKeys (ConfUtils.java:logGet(46)) - raft.server.log.use.memory = false (default)
2023-06-28 21:18:38,189 [8a2b3145-2dd0-434b-a2c2-caa8e5fb0ef1-groupManagement] INFO  server.RaftServerConfigKeys (ConfUtils.java:logGet(46)) - raft.server.log.purge.gap = 1000000 (custom)
2023-06-28 21:18:38,189 [8a2b3145-2dd0-434b-a2c2-caa8e5fb0ef1-groupManagement] INFO  server.RaftServerConfigKeys (ConfUtils.java:logGet(46)) - raft.server.log.appender.buffer.byte-limit = 33554432 (custom)
2023-06-28 21:18:38,189 [8a2b3145-2dd0-434b-a2c2-caa8e5fb0ef1-groupManagement] INFO  server.RaftServerConfigKeys (ConfUtils.java:logGet(46)) - raft.server.log.statemachine.data.read.timeout = 1000ms (default)
2023-06-28 21:18:38,189 [8a2b3145-2dd0-434b-a2c2-caa8e5fb0ef1-groupManagement] INFO  server.RaftServerConfigKeys (ConfUtils.java:logGet(46)) - raft.server.log.purge.preservation.log.num = 0 (default)
2023-06-28 21:18:38,191 [8a2b3145-2dd0-434b-a2c2-caa8e5fb0ef1-groupManagement] INFO  server.RaftServerConfigKeys (ConfUtils.java:logGet(46)) - raft.server.log.segment.size.max = 1048576 (custom)
2023-06-28 21:18:38,191 [8a2b3145-2dd0-434b-a2c2-caa8e5fb0ef1-groupManagement] INFO  server.RaftServerConfigKeys (ConfUtils.java:logGet(46)) - raft.server.log.segment.cache.num.max = 2 (custom)
2023-06-28 21:18:38,191 [8a2b3145-2dd0-434b-a2c2-caa8e5fb0ef1-groupManagement] INFO  server.RaftServerConfigKeys (ConfUtils.java:logGet(46)) - raft.server.log.segment.cache.size.max = 200MB (=209715200) (default)
2023-06-28 21:18:38,192 [8a2b3145-2dd0-434b-a2c2-caa8e5fb0ef1-groupManagement] INFO  server.RaftServerConfigKeys (ConfUtils.java:logGet(46)) - raft.server.log.appender.buffer.byte-limit = 33554432 (custom)
2023-06-28 21:18:38,192 [8a2b3145-2dd0-434b-a2c2-caa8e5fb0ef1-groupManagement] INFO  segmented.SegmentedRaftLogWorker (SegmentedRaftLogWorker.java:<init>(188)) - new 8a2b3145-2dd0-434b-a2c2-caa8e5fb0ef1@group-0F7CE2C5F091-SegmentedRaftLogWorker for RaftStorageImpl:Storage Directory /home/runner/work/ozone/ozone/hadoop-ozone/integration-test/target/test-dir/MiniOzoneClusterImpl-392d5ccd-e702-410a-a53a-05dc11be4355/datanode-2/data/ratis/d02221a8-2fe3-4c2b-a6d8-0f7ce2c5f091
2023-06-28 21:18:38,192 [8a2b3145-2dd0-434b-a2c2-caa8e5fb0ef1-groupManagement] INFO  server.RaftServerConfigKeys (ConfUtils.java:logGet(46)) - raft.server.log.queue.byte-limit = 4294967296 (custom)
2023-06-28 21:18:38,192 [8a2b3145-2dd0-434b-a2c2-caa8e5fb0ef1-groupManagement] INFO  server.RaftServerConfigKeys (ConfUtils.java:logGet(46)) - raft.server.log.queue.element-limit = 1024 (custom)
2023-06-28 21:18:38,192 [8a2b3145-2dd0-434b-a2c2-caa8e5fb0ef1-groupManagement] INFO  server.RaftServerConfigKeys (ConfUtils.java:logGet(46)) - raft.server.log.segment.size.max = 1048576 (custom)
2023-06-28 21:18:38,192 [8a2b3145-2dd0-434b-a2c2-caa8e5fb0ef1-groupManagement] INFO  server.RaftServerConfigKeys (ConfUtils.java:logGet(46)) - raft.server.log.preallocated.size = 16384 (custom)
2023-06-28 21:18:38,193 [8a2b3145-2dd0-434b-a2c2-caa8e5fb0ef1-groupManagement] INFO  server.RaftServerConfigKeys (ConfUtils.java:logGet(46)) - raft.server.log.force.sync.num = 128 (default)
2023-06-28 21:18:38,193 [8a2b3145-2dd0-434b-a2c2-caa8e5fb0ef1-groupManagement] INFO  server.RaftServerConfigKeys (ConfUtils.java:logGet(46)) - raft.server.log.statemachine.data.sync = true (default)
2023-06-28 21:18:38,193 [8a2b3145-2dd0-434b-a2c2-caa8e5fb0ef1-groupManagement] INFO  server.RaftServerConfigKeys (ConfUtils.java:logGet(46)) - raft.server.log.statemachine.data.sync.timeout = 10s (default)
2023-06-28 21:18:38,193 [8a2b3145-2dd0-434b-a2c2-caa8e5fb0ef1-groupManagement] INFO  server.RaftServerConfigKeys (ConfUtils.java:logGet(46)) - raft.server.log.statemachine.data.sync.timeout.retry = -1 (default)
2023-06-28 21:18:38,194 [8a2b3145-2dd0-434b-a2c2-caa8e5fb0ef1-groupManagement] INFO  server.RaftServerConfigKeys (ConfUtils.java:logGet(46)) - raft.server.log.write.buffer.size = 1048576 (custom)
2023-06-28 21:18:38,195 [8a2b3145-2dd0-434b-a2c2-caa8e5fb0ef1-groupManagement] INFO  server.RaftServerConfigKeys (ConfUtils.java:logGet(46)) - raft.server.log.appender.buffer.byte-limit = 33554432 (custom)
2023-06-28 21:18:38,200 [8a2b3145-2dd0-434b-a2c2-caa8e5fb0ef1-groupManagement] INFO  server.RaftServerConfigKeys (ConfUtils.java:logGet(46)) - raft.server.log.unsafe-flush.enabled = false (default)
2023-06-28 21:18:38,200 [8a2b3145-2dd0-434b-a2c2-caa8e5fb0ef1-groupManagement] INFO  server.RaftServerConfigKeys (ConfUtils.java:logGet(46)) - raft.server.log.async-flush.enabled = false (default)
2023-06-28 21:18:38,200 [8a2b3145-2dd0-434b-a2c2-caa8e5fb0ef1-groupManagement] INFO  server.RaftServerConfigKeys (ConfUtils.java:logGet(46)) - raft.server.log.statemachine.data.caching.enabled = true (custom)
2023-06-28 21:18:38,201 [8a2b3145-2dd0-434b-a2c2-caa8e5fb0ef1-groupManagement] INFO  segmented.SegmentedRaftLogWorker (SegmentedRaftLogWorker.java:lambda$new$0(135)) - 8a2b3145-2dd0-434b-a2c2-caa8e5fb0ef1@group-0F7CE2C5F091-SegmentedRaftLogWorker: flushIndex: setUnconditionally 0 -> -1
2023-06-28 21:18:38,201 [8a2b3145-2dd0-434b-a2c2-caa8e5fb0ef1-groupManagement] INFO  segmented.SegmentedRaftLogWorker (SegmentedRaftLogWorker.java:lambda$new$0(135)) - 8a2b3145-2dd0-434b-a2c2-caa8e5fb0ef1@group-0F7CE2C5F091-SegmentedRaftLogWorker: safeCacheEvictIndex: setUnconditionally 0 -> -1
2023-06-28 21:18:38,201 [8a2b3145-2dd0-434b-a2c2-caa8e5fb0ef1-groupManagement] INFO  server.RaftServer$Division (RaftServerImpl.java:start(342)) - 8a2b3145-2dd0-434b-a2c2-caa8e5fb0ef1@group-0F7CE2C5F091: start as a follower, conf=-1: peers:[bb0e9150-086f-4512-ab04-1336b269041b|rpc:10.1.0.52:15022|admin:10.1.0.52:15021|client:10.1.0.52:15020|dataStream:10.1.0.52:15023|priority:1|startupRole:FOLLOWER, 8a2b3145-2dd0-434b-a2c2-caa8e5fb0ef1|rpc:10.1.0.52:15040|admin:10.1.0.52:15039|client:10.1.0.52:15038|dataStream:10.1.0.52:15041|priority:0|startupRole:FOLLOWER, 08ff75f9-1328-4943-9840-929c3a1c46cb|rpc:10.1.0.52:15031|admin:10.1.0.52:15030|client:10.1.0.52:15029|dataStream:10.1.0.52:15032|priority:0|startupRole:FOLLOWER]|listeners:[], old=null
2023-06-28 21:18:38,201 [8a2b3145-2dd0-434b-a2c2-caa8e5fb0ef1-groupManagement] INFO  server.RaftServer$Division (RaftServerImpl.java:setRole(329)) - 8a2b3145-2dd0-434b-a2c2-caa8e5fb0ef1@group-0F7CE2C5F091: changes role from      null to FOLLOWER at term 0 for startAsFollower
2023-06-28 21:18:38,201 [8a2b3145-2dd0-434b-a2c2-caa8e5fb0ef1-groupManagement] INFO  impl.RoleInfo (RoleInfo.java:updateAndGet(139)) - 8a2b3145-2dd0-434b-a2c2-caa8e5fb0ef1: start 8a2b3145-2dd0-434b-a2c2-caa8e5fb0ef1@group-0F7CE2C5F091-FollowerState
2023-06-28 21:18:38,204 [8a2b3145-2dd0-434b-a2c2-caa8e5fb0ef1-groupManagement] INFO  util.JmxRegister (JmxRegister.java:tryRegister(44)) - Successfully registered JMX Bean with object name Ratis:service=RaftServer,group=group-0F7CE2C5F091,id=8a2b3145-2dd0-434b-a2c2-caa8e5fb0ef1
2023-06-28 21:18:38,205 [8a2b3145-2dd0-434b-a2c2-caa8e5fb0ef1-groupManagement] INFO  server.RaftServerConfigKeys (ConfUtils.java:logGet(46)) - raft.server.snapshot.auto.trigger.enabled = true (custom)
2023-06-28 21:18:38,205 [8a2b3145-2dd0-434b-a2c2-caa8e5fb0ef1-groupManagement] INFO  server.RaftServerConfigKeys (ConfUtils.java:logGet(46)) - raft.server.snapshot.auto.trigger.threshold = 10000 (custom)
2023-06-28 21:18:38,205 [8a2b3145-2dd0-434b-a2c2-caa8e5fb0ef1-groupManagement] INFO  server.RaftServerConfigKeys (ConfUtils.java:logGet(46)) - raft.server.snapshot.retention.file.num = 5 (custom)
2023-06-28 21:18:38,205 [8a2b3145-2dd0-434b-a2c2-caa8e5fb0ef1-groupManagement] INFO  server.RaftServerConfigKeys (ConfUtils.java:logGet(46)) - raft.server.log.purge.upto.snapshot.index = false (default)
2023-06-28 21:18:38,206 [8a2b3145-2dd0-434b-a2c2-caa8e5fb0ef1@group-0F7CE2C5F091-FollowerState] INFO  server.RaftServerConfigKeys (ConfUtils.java:logFallback(53)) - raft.server.rpc.first-election.timeout.min = 5s (fallback to raft.server.rpc.timeout.min)
2023-06-28 21:18:38,213 [8a2b3145-2dd0-434b-a2c2-caa8e5fb0ef1@group-0F7CE2C5F091-FollowerState] INFO  server.RaftServerConfigKeys (ConfUtils.java:logFallback(53)) - raft.server.rpc.first-election.timeout.max = 5200ms (fallback to raft.server.rpc.timeout.max)
2023-06-28 21:18:38,271 [grpc-default-executor-1] INFO  server.RaftServer (RaftServerProxy.java:addNew(98)) - 08ff75f9-1328-4943-9840-929c3a1c46cb: addNew group-0F7CE2C5F091:[bb0e9150-086f-4512-ab04-1336b269041b|rpc:10.1.0.52:15022|admin:10.1.0.52:15021|client:10.1.0.52:15020|dataStream:10.1.0.52:15023|priority:1|startupRole:FOLLOWER, 8a2b3145-2dd0-434b-a2c2-caa8e5fb0ef1|rpc:10.1.0.52:15040|admin:10.1.0.52:15039|client:10.1.0.52:15038|dataStream:10.1.0.52:15041|priority:0|startupRole:FOLLOWER, 08ff75f9-1328-4943-9840-929c3a1c46cb|rpc:10.1.0.52:15031|admin:10.1.0.52:15030|client:10.1.0.52:15029|dataStream:10.1.0.52:15032|priority:0|startupRole:FOLLOWER] returns group-0F7CE2C5F091:java.util.concurrent.CompletableFuture@c327219[Not completed]
2023-06-28 21:18:38,274 [08ff75f9-1328-4943-9840-929c3a1c46cb-groupManagement] INFO  server.RaftServer$Division (RaftServerImpl.java:<init>(198)) - 08ff75f9-1328-4943-9840-929c3a1c46cb: new RaftServerImpl for group-0F7CE2C5F091:[bb0e9150-086f-4512-ab04-1336b269041b|rpc:10.1.0.52:15022|admin:10.1.0.52:15021|client:10.1.0.52:15020|dataStream:10.1.0.52:15023|priority:1|startupRole:FOLLOWER, 8a2b3145-2dd0-434b-a2c2-caa8e5fb0ef1|rpc:10.1.0.52:15040|admin:10.1.0.52:15039|client:10.1.0.52:15038|dataStream:10.1.0.52:15041|priority:0|startupRole:FOLLOWER, 08ff75f9-1328-4943-9840-929c3a1c46cb|rpc:10.1.0.52:15031|admin:10.1.0.52:15030|client:10.1.0.52:15029|dataStream:10.1.0.52:15032|priority:0|startupRole:FOLLOWER] with ContainerStateMachine:uninitialized
2023-06-28 21:18:38,274 [08ff75f9-1328-4943-9840-929c3a1c46cb-groupManagement] INFO  server.RaftServerConfigKeys (ConfUtils.java:logGet(46)) - raft.server.rpc.timeout.min = 5s (custom)
2023-06-28 21:18:38,274 [08ff75f9-1328-4943-9840-929c3a1c46cb-groupManagement] INFO  server.RaftServerConfigKeys (ConfUtils.java:logGet(46)) - raft.server.rpc.timeout.max = 5200ms (custom)
2023-06-28 21:18:38,274 [08ff75f9-1328-4943-9840-929c3a1c46cb-groupManagement] INFO  server.RaftServerConfigKeys (ConfUtils.java:logGet(46)) - raft.server.rpc.sleep.time = 25ms (default)
2023-06-28 21:18:38,274 [08ff75f9-1328-4943-9840-929c3a1c46cb-groupManagement] INFO  server.RaftServerConfigKeys (ConfUtils.java:logGet(46)) - raft.server.rpc.slowness.timeout = 300s (custom)
2023-06-28 21:18:38,274 [08ff75f9-1328-4943-9840-929c3a1c46cb-groupManagement] INFO  server.RaftServerConfigKeys (ConfUtils.java:logGet(46)) - raft.server.leaderelection.leader.step-down.wait-time = 10s (default)
2023-06-28 21:18:38,274 [08ff75f9-1328-4943-9840-929c3a1c46cb-groupManagement] INFO  server.RaftServerConfigKeys (ConfUtils.java:logGet(46)) - raft.server.sleep.deviation.threshold = 300ms (default)
2023-06-28 21:18:38,274 [08ff75f9-1328-4943-9840-929c3a1c46cb-groupManagement] INFO  server.RaftServer$Division (ServerState.java:<init>(120)) - 08ff75f9-1328-4943-9840-929c3a1c46cb@group-0F7CE2C5F091: ConfigurationManager, init=-1: peers:[bb0e9150-086f-4512-ab04-1336b269041b|rpc:10.1.0.52:15022|admin:10.1.0.52:15021|client:10.1.0.52:15020|dataStream:10.1.0.52:15023|priority:1|startupRole:FOLLOWER, 8a2b3145-2dd0-434b-a2c2-caa8e5fb0ef1|rpc:10.1.0.52:15040|admin:10.1.0.52:15039|client:10.1.0.52:15038|dataStream:10.1.0.52:15041|priority:0|startupRole:FOLLOWER, 08ff75f9-1328-4943-9840-929c3a1c46cb|rpc:10.1.0.52:15031|admin:10.1.0.52:15030|client:10.1.0.52:15029|dataStream:10.1.0.52:15032|priority:0|startupRole:FOLLOWER]|listeners:[], old=null, confs=<EMPTY_MAP>
2023-06-28 21:18:38,275 [08ff75f9-1328-4943-9840-929c3a1c46cb-groupManagement] INFO  server.RaftServerConfigKeys (ConfUtils.java:logGet(46)) - raft.server.storage.dir = [/home/runner/work/ozone/ozone/hadoop-ozone/integration-test/target/test-dir/MiniOzoneClusterImpl-392d5ccd-e702-410a-a53a-05dc11be4355/datanode-1/data/ratis] (custom)
2023-06-28 21:18:38,275 [08ff75f9-1328-4943-9840-929c3a1c46cb-groupManagement] INFO  server.RaftServerConfigKeys (ConfUtils.java:logGet(46)) - raft.server.log.corruption.policy = EXCEPTION (default)
2023-06-28 21:18:38,275 [08ff75f9-1328-4943-9840-929c3a1c46cb-groupManagement] INFO  server.RaftServerConfigKeys (ConfUtils.java:logGet(46)) - raft.server.storage.free-space.min = 0MB (=0) (default)
2023-06-28 21:18:38,275 [08ff75f9-1328-4943-9840-929c3a1c46cb-groupManagement] INFO  server.RaftServerConfigKeys (ConfUtils.java:logGet(46)) - raft.server.notification.no-leader.timeout = 300s (custom)
2023-06-28 21:18:38,275 [08ff75f9-1328-4943-9840-929c3a1c46cb-groupManagement] INFO  server.RaftServerConfigKeys (ConfUtils.java:logGet(46)) - raft.server.read.timeout = 10s (default)
2023-06-28 21:18:38,275 [08ff75f9-1328-4943-9840-929c3a1c46cb-groupManagement] INFO  server.RaftServerConfigKeys (ConfUtils.java:logGet(46)) - raft.server.retrycache.expirytime = 600000ms (custom)
2023-06-28 21:18:38,275 [08ff75f9-1328-4943-9840-929c3a1c46cb-groupManagement] INFO  server.RaftServerConfigKeys (ConfUtils.java:logGet(46)) - raft.server.retrycache.statistics.expirytime = 100μs (default)
2023-06-28 21:18:38,275 [08ff75f9-1328-4943-9840-929c3a1c46cb-groupManagement] INFO  server.RaftServerConfigKeys (ConfUtils.java:logGet(46)) - raft.server.read.option = DEFAULT (default)
2023-06-28 21:18:38,277 [08ff75f9-1328-4943-9840-929c3a1c46cb-groupManagement] INFO  server.RaftServerConfigKeys (ConfUtils.java:logGet(46)) - raft.server.rpc.request.timeout = 60s (custom)
2023-06-28 21:18:38,277 [08ff75f9-1328-4943-9840-929c3a1c46cb-groupManagement] INFO  server.RaftServerConfigKeys (ConfUtils.java:logGet(46)) - raft.server.log.appender.install.snapshot.enabled = false (custom)
2023-06-28 21:18:38,277 [08ff75f9-1328-4943-9840-929c3a1c46cb-groupManagement] INFO  server.RaftServerConfigKeys (ConfUtils.java:logGet(46)) - raft.server.threadpool.server.cached = true (default)
2023-06-28 21:18:38,277 [08ff75f9-1328-4943-9840-929c3a1c46cb-groupManagement] INFO  server.RaftServerConfigKeys (ConfUtils.java:logGet(46)) - raft.server.threadpool.server.size = 0 (default)
2023-06-28 21:18:38,277 [08ff75f9-1328-4943-9840-929c3a1c46cb-groupManagement] INFO  server.RaftServerConfigKeys (ConfUtils.java:logGet(46)) - raft.server.threadpool.client.cached = true (default)
2023-06-28 21:18:38,278 [08ff75f9-1328-4943-9840-929c3a1c46cb-groupManagement] INFO  server.RaftServerConfigKeys (ConfUtils.java:logGet(46)) - raft.server.threadpool.client.size = 0 (default)
2023-06-28 21:18:38,278 [08ff75f9-1328-4943-9840-929c3a1c46cb-groupManagement] INFO  storage.RaftStorageDirectory (RaftStorageDirectoryImpl.java:analyzeStorage(137)) - The storage directory /home/runner/work/ozone/ozone/hadoop-ozone/integration-test/target/test-dir/MiniOzoneClusterImpl-392d5ccd-e702-410a-a53a-05dc11be4355/datanode-1/data/ratis/d02221a8-2fe3-4c2b-a6d8-0f7ce2c5f091 does not exist. Creating ...
2023-06-28 21:18:38,280 [08ff75f9-1328-4943-9840-929c3a1c46cb-groupManagement] INFO  storage.RaftStorageDirectory (RaftStorageDirectoryImpl.java:tryLock(231)) - Lock on /home/runner/work/ozone/ozone/hadoop-ozone/integration-test/target/test-dir/MiniOzoneClusterImpl-392d5ccd-e702-410a-a53a-05dc11be4355/datanode-1/data/ratis/d02221a8-2fe3-4c2b-a6d8-0f7ce2c5f091/in_use.lock acquired by nodename 42875@fv-az613-21
2023-06-28 21:18:38,281 [08ff75f9-1328-4943-9840-929c3a1c46cb-groupManagement] INFO  storage.RaftStorage (RaftStorageImpl.java:format(96)) - Storage directory /home/runner/work/ozone/ozone/hadoop-ozone/integration-test/target/test-dir/MiniOzoneClusterImpl-392d5ccd-e702-410a-a53a-05dc11be4355/datanode-1/data/ratis/d02221a8-2fe3-4c2b-a6d8-0f7ce2c5f091 has been successfully formatted.
2023-06-28 21:18:38,288 [08ff75f9-1328-4943-9840-929c3a1c46cb-groupManagement] INFO  ratis.ContainerStateMachine (ContainerStateMachine.java:loadSnapshot(262)) - group-0F7CE2C5F091: The snapshot info is null. Setting the last applied indexto:(t:0, i:~)
2023-06-28 21:18:38,288 [08ff75f9-1328-4943-9840-929c3a1c46cb-groupManagement] INFO  server.RaftServerConfigKeys (ConfUtils.java:logGet(46)) - raft.server.log.use.memory = false (default)
2023-06-28 21:18:38,288 [08ff75f9-1328-4943-9840-929c3a1c46cb-groupManagement] INFO  server.RaftServerConfigKeys (ConfUtils.java:logGet(46)) - raft.server.log.purge.gap = 1000000 (custom)
2023-06-28 21:18:38,289 [08ff75f9-1328-4943-9840-929c3a1c46cb-groupManagement] INFO  server.RaftServerConfigKeys (ConfUtils.java:logGet(46)) - raft.server.log.appender.buffer.byte-limit = 33554432 (custom)
2023-06-28 21:18:38,289 [08ff75f9-1328-4943-9840-929c3a1c46cb-groupManagement] INFO  server.RaftServerConfigKeys (ConfUtils.java:logGet(46)) - raft.server.log.statemachine.data.read.timeout = 1000ms (default)
2023-06-28 21:18:38,291 [08ff75f9-1328-4943-9840-929c3a1c46cb-groupManagement] INFO  server.RaftServerConfigKeys (ConfUtils.java:logGet(46)) - raft.server.log.purge.preservation.log.num = 0 (default)
2023-06-28 21:18:38,291 [08ff75f9-1328-4943-9840-929c3a1c46cb-groupManagement] INFO  server.RaftServerConfigKeys (ConfUtils.java:logGet(46)) - raft.server.log.segment.size.max = 1048576 (custom)
2023-06-28 21:18:38,292 [08ff75f9-1328-4943-9840-929c3a1c46cb-groupManagement] INFO  server.RaftServerConfigKeys (ConfUtils.java:logGet(46)) - raft.server.log.segment.cache.num.max = 2 (custom)
2023-06-28 21:18:38,292 [08ff75f9-1328-4943-9840-929c3a1c46cb-groupManagement] INFO  server.RaftServerConfigKeys (ConfUtils.java:logGet(46)) - raft.server.log.segment.cache.size.max = 200MB (=209715200) (default)
2023-06-28 21:18:38,292 [08ff75f9-1328-4943-9840-929c3a1c46cb-groupManagement] INFO  server.RaftServerConfigKeys (ConfUtils.java:logGet(46)) - raft.server.log.appender.buffer.byte-limit = 33554432 (custom)
2023-06-28 21:18:38,292 [08ff75f9-1328-4943-9840-929c3a1c46cb-groupManagement] INFO  segmented.SegmentedRaftLogWorker (SegmentedRaftLogWorker.java:<init>(188)) - new 08ff75f9-1328-4943-9840-929c3a1c46cb@group-0F7CE2C5F091-SegmentedRaftLogWorker for RaftStorageImpl:Storage Directory /home/runner/work/ozone/ozone/hadoop-ozone/integration-test/target/test-dir/MiniOzoneClusterImpl-392d5ccd-e702-410a-a53a-05dc11be4355/datanode-1/data/ratis/d02221a8-2fe3-4c2b-a6d8-0f7ce2c5f091
2023-06-28 21:18:38,292 [08ff75f9-1328-4943-9840-929c3a1c46cb-groupManagement] INFO  server.RaftServerConfigKeys (ConfUtils.java:logGet(46)) - raft.server.log.queue.byte-limit = 4294967296 (custom)
2023-06-28 21:18:38,292 [08ff75f9-1328-4943-9840-929c3a1c46cb-groupManagement] INFO  server.RaftServerConfigKeys (ConfUtils.java:logGet(46)) - raft.server.log.queue.element-limit = 1024 (custom)
2023-06-28 21:18:38,292 [08ff75f9-1328-4943-9840-929c3a1c46cb-groupManagement] INFO  server.RaftServerConfigKeys (ConfUtils.java:logGet(46)) - raft.server.log.segment.size.max = 1048576 (custom)
2023-06-28 21:18:38,292 [08ff75f9-1328-4943-9840-929c3a1c46cb-groupManagement] INFO  server.RaftServerConfigKeys (ConfUtils.java:logGet(46)) - raft.server.log.preallocated.size = 16384 (custom)
2023-06-28 21:18:38,292 [08ff75f9-1328-4943-9840-929c3a1c46cb-groupManagement] INFO  server.RaftServerConfigKeys (ConfUtils.java:logGet(46)) - raft.server.log.force.sync.num = 128 (default)
2023-06-28 21:18:38,292 [08ff75f9-1328-4943-9840-929c3a1c46cb-groupManagement] INFO  server.RaftServerConfigKeys (ConfUtils.java:logGet(46)) - raft.server.log.statemachine.data.sync = true (default)
2023-06-28 21:18:38,292 [08ff75f9-1328-4943-9840-929c3a1c46cb-groupManagement] INFO  server.RaftServerConfigKeys (ConfUtils.java:logGet(46)) - raft.server.log.statemachine.data.sync.timeout = 10s (default)
2023-06-28 21:18:38,292 [08ff75f9-1328-4943-9840-929c3a1c46cb-groupManagement] INFO  server.RaftServerConfigKeys (ConfUtils.java:logGet(46)) - raft.server.log.statemachine.data.sync.timeout.retry = -1 (default)
2023-06-28 21:18:38,293 [08ff75f9-1328-4943-9840-929c3a1c46cb-groupManagement] INFO  server.RaftServerConfigKeys (ConfUtils.java:logGet(46)) - raft.server.log.write.buffer.size = 1048576 (custom)
2023-06-28 21:18:38,294 [08ff75f9-1328-4943-9840-929c3a1c46cb-groupManagement] INFO  server.RaftServerConfigKeys (ConfUtils.java:logGet(46)) - raft.server.log.appender.buffer.byte-limit = 33554432 (custom)
2023-06-28 21:18:38,306 [08ff75f9-1328-4943-9840-929c3a1c46cb-groupManagement] INFO  server.RaftServerConfigKeys (ConfUtils.java:logGet(46)) - raft.server.log.unsafe-flush.enabled = false (default)
2023-06-28 21:18:38,306 [08ff75f9-1328-4943-9840-929c3a1c46cb-groupManagement] INFO  server.RaftServerConfigKeys (ConfUtils.java:logGet(46)) - raft.server.log.async-flush.enabled = false (default)
2023-06-28 21:18:38,306 [08ff75f9-1328-4943-9840-929c3a1c46cb-groupManagement] INFO  server.RaftServerConfigKeys (ConfUtils.java:logGet(46)) - raft.server.log.statemachine.data.caching.enabled = true (custom)
2023-06-28 21:18:38,306 [08ff75f9-1328-4943-9840-929c3a1c46cb-groupManagement] INFO  segmented.SegmentedRaftLogWorker (SegmentedRaftLogWorker.java:lambda$new$0(135)) - 08ff75f9-1328-4943-9840-929c3a1c46cb@group-0F7CE2C5F091-SegmentedRaftLogWorker: flushIndex: setUnconditionally 0 -> -1
2023-06-28 21:18:38,306 [08ff75f9-1328-4943-9840-929c3a1c46cb-groupManagement] INFO  segmented.SegmentedRaftLogWorker (SegmentedRaftLogWorker.java:lambda$new$0(135)) - 08ff75f9-1328-4943-9840-929c3a1c46cb@group-0F7CE2C5F091-SegmentedRaftLogWorker: safeCacheEvictIndex: setUnconditionally 0 -> -1
2023-06-28 21:18:38,306 [08ff75f9-1328-4943-9840-929c3a1c46cb-groupManagement] INFO  server.RaftServer$Division (RaftServerImpl.java:start(342)) - 08ff75f9-1328-4943-9840-929c3a1c46cb@group-0F7CE2C5F091: start as a follower, conf=-1: peers:[bb0e9150-086f-4512-ab04-1336b269041b|rpc:10.1.0.52:15022|admin:10.1.0.52:15021|client:10.1.0.52:15020|dataStream:10.1.0.52:15023|priority:1|startupRole:FOLLOWER, 8a2b3145-2dd0-434b-a2c2-caa8e5fb0ef1|rpc:10.1.0.52:15040|admin:10.1.0.52:15039|client:10.1.0.52:15038|dataStream:10.1.0.52:15041|priority:0|startupRole:FOLLOWER, 08ff75f9-1328-4943-9840-929c3a1c46cb|rpc:10.1.0.52:15031|admin:10.1.0.52:15030|client:10.1.0.52:15029|dataStream:10.1.0.52:15032|priority:0|startupRole:FOLLOWER]|listeners:[], old=null
2023-06-28 21:18:38,307 [08ff75f9-1328-4943-9840-929c3a1c46cb-groupManagement] INFO  server.RaftServer$Division (RaftServerImpl.java:setRole(329)) - 08ff75f9-1328-4943-9840-929c3a1c46cb@group-0F7CE2C5F091: changes role from      null to FOLLOWER at term 0 for startAsFollower
2023-06-28 21:18:38,307 [08ff75f9-1328-4943-9840-929c3a1c46cb-groupManagement] INFO  impl.RoleInfo (RoleInfo.java:updateAndGet(139)) - 08ff75f9-1328-4943-9840-929c3a1c46cb: start 08ff75f9-1328-4943-9840-929c3a1c46cb@group-0F7CE2C5F091-FollowerState
2023-06-28 21:18:38,308 [08ff75f9-1328-4943-9840-929c3a1c46cb-groupManagement] INFO  util.JmxRegister (JmxRegister.java:tryRegister(44)) - Successfully registered JMX Bean with object name Ratis:service=RaftServer,group=group-0F7CE2C5F091,id=08ff75f9-1328-4943-9840-929c3a1c46cb
2023-06-28 21:18:38,309 [08ff75f9-1328-4943-9840-929c3a1c46cb-groupManagement] INFO  server.RaftServerConfigKeys (ConfUtils.java:logGet(46)) - raft.server.snapshot.auto.trigger.enabled = true (custom)
2023-06-28 21:18:38,309 [08ff75f9-1328-4943-9840-929c3a1c46cb-groupManagement] INFO  server.RaftServerConfigKeys (ConfUtils.java:logGet(46)) - raft.server.snapshot.auto.trigger.threshold = 10000 (custom)
2023-06-28 21:18:38,309 [08ff75f9-1328-4943-9840-929c3a1c46cb-groupManagement] INFO  server.RaftServerConfigKeys (ConfUtils.java:logGet(46)) - raft.server.snapshot.retention.file.num = 5 (custom)
2023-06-28 21:18:38,309 [08ff75f9-1328-4943-9840-929c3a1c46cb-groupManagement] INFO  server.RaftServerConfigKeys (ConfUtils.java:logGet(46)) - raft.server.log.purge.upto.snapshot.index = false (default)
2023-06-28 21:18:38,310 [08ff75f9-1328-4943-9840-929c3a1c46cb@group-0F7CE2C5F091-FollowerState] INFO  server.RaftServerConfigKeys (ConfUtils.java:logFallback(53)) - raft.server.rpc.first-election.timeout.min = 5s (fallback to raft.server.rpc.timeout.min)
2023-06-28 21:18:38,320 [08ff75f9-1328-4943-9840-929c3a1c46cb@group-0F7CE2C5F091-FollowerState] INFO  server.RaftServerConfigKeys (ConfUtils.java:logFallback(53)) - raft.server.rpc.first-election.timeout.max = 5200ms (fallback to raft.server.rpc.timeout.max)
2023-06-28 21:18:38,331 [PipelineCommandHandlerThread-0] INFO  commandhandler.CreatePipelineCommandHandler (CreatePipelineCommandHandler.java:lambda$handle$2(124)) - Created Pipeline RATIS THREE PipelineID=d02221a8-2fe3-4c2b-a6d8-0f7ce2c5f091.
2023-06-28 21:18:38,331 [PipelineCommandHandlerThread-0] INFO  server.RaftServer (RaftServerProxy.java:addNew(98)) - bb0e9150-086f-4512-ab04-1336b269041b: addNew group-E00510221AAC:[bb0e9150-086f-4512-ab04-1336b269041b|rpc:10.1.0.52:15022|admin:10.1.0.52:15021|client:10.1.0.52:15020|dataStream:10.1.0.52:15023|priority:0|startupRole:FOLLOWER, 08ff75f9-1328-4943-9840-929c3a1c46cb|rpc:10.1.0.52:15031|admin:10.1.0.52:15030|client:10.1.0.52:15029|dataStream:10.1.0.52:15032|priority:0|startupRole:FOLLOWER, 8a2b3145-2dd0-434b-a2c2-caa8e5fb0ef1|rpc:10.1.0.52:15040|admin:10.1.0.52:15039|client:10.1.0.52:15038|dataStream:10.1.0.52:15041|priority:1|startupRole:FOLLOWER] returns group-E00510221AAC:java.util.concurrent.CompletableFuture@a65a6fe[Not completed]
2023-06-28 21:18:38,334 [bb0e9150-086f-4512-ab04-1336b269041b-groupManagement] INFO  server.RaftServer$Division (RaftServerImpl.java:<init>(198)) - bb0e9150-086f-4512-ab04-1336b269041b: new RaftServerImpl for group-E00510221AAC:[bb0e9150-086f-4512-ab04-1336b269041b|rpc:10.1.0.52:15022|admin:10.1.0.52:15021|client:10.1.0.52:15020|dataStream:10.1.0.52:15023|priority:0|startupRole:FOLLOWER, 08ff75f9-1328-4943-9840-929c3a1c46cb|rpc:10.1.0.52:15031|admin:10.1.0.52:15030|client:10.1.0.52:15029|dataStream:10.1.0.52:15032|priority:0|startupRole:FOLLOWER, 8a2b3145-2dd0-434b-a2c2-caa8e5fb0ef1|rpc:10.1.0.52:15040|admin:10.1.0.52:15039|client:10.1.0.52:15038|dataStream:10.1.0.52:15041|priority:1|startupRole:FOLLOWER] with ContainerStateMachine:uninitialized
2023-06-28 21:18:38,334 [bb0e9150-086f-4512-ab04-1336b269041b-groupManagement] INFO  server.RaftServerConfigKeys (ConfUtils.java:logGet(46)) - raft.server.rpc.timeout.min = 5s (custom)
2023-06-28 21:18:38,334 [bb0e9150-086f-4512-ab04-1336b269041b-groupManagement] INFO  server.RaftServerConfigKeys (ConfUtils.java:logGet(46)) - raft.server.rpc.timeout.max = 5200ms (custom)
2023-06-28 21:18:38,334 [bb0e9150-086f-4512-ab04-1336b269041b-groupManagement] INFO  server.RaftServerConfigKeys (ConfUtils.java:logGet(46)) - raft.server.rpc.sleep.time = 25ms (default)
2023-06-28 21:18:38,334 [bb0e9150-086f-4512-ab04-1336b269041b-groupManagement] INFO  server.RaftServerConfigKeys (ConfUtils.java:logGet(46)) - raft.server.rpc.slowness.timeout = 300s (custom)
2023-06-28 21:18:38,334 [bb0e9150-086f-4512-ab04-1336b269041b-groupManagement] INFO  server.RaftServerConfigKeys (ConfUtils.java:logGet(46)) - raft.server.leaderelection.leader.step-down.wait-time = 10s (default)
2023-06-28 21:18:38,334 [bb0e9150-086f-4512-ab04-1336b269041b-groupManagement] INFO  server.RaftServerConfigKeys (ConfUtils.java:logGet(46)) - raft.server.sleep.deviation.threshold = 300ms (default)
2023-06-28 21:18:38,334 [bb0e9150-086f-4512-ab04-1336b269041b-groupManagement] INFO  server.RaftServer$Division (ServerState.java:<init>(120)) - bb0e9150-086f-4512-ab04-1336b269041b@group-E00510221AAC: ConfigurationManager, init=-1: peers:[bb0e9150-086f-4512-ab04-1336b269041b|rpc:10.1.0.52:15022|admin:10.1.0.52:15021|client:10.1.0.52:15020|dataStream:10.1.0.52:15023|priority:0|startupRole:FOLLOWER, 08ff75f9-1328-4943-9840-929c3a1c46cb|rpc:10.1.0.52:15031|admin:10.1.0.52:15030|client:10.1.0.52:15029|dataStream:10.1.0.52:15032|priority:0|startupRole:FOLLOWER, 8a2b3145-2dd0-434b-a2c2-caa8e5fb0ef1|rpc:10.1.0.52:15040|admin:10.1.0.52:15039|client:10.1.0.52:15038|dataStream:10.1.0.52:15041|priority:1|startupRole:FOLLOWER]|listeners:[], old=null, confs=<EMPTY_MAP>
2023-06-28 21:18:38,334 [bb0e9150-086f-4512-ab04-1336b269041b-groupManagement] INFO  server.RaftServerConfigKeys (ConfUtils.java:logGet(46)) - raft.server.storage.dir = [/home/runner/work/ozone/ozone/hadoop-ozone/integration-test/target/test-dir/MiniOzoneClusterImpl-392d5ccd-e702-410a-a53a-05dc11be4355/datanode-0/data/ratis] (custom)
2023-06-28 21:18:38,334 [bb0e9150-086f-4512-ab04-1336b269041b-groupManagement] INFO  server.RaftServerConfigKeys (ConfUtils.java:logGet(46)) - raft.server.log.corruption.policy = EXCEPTION (default)
2023-06-28 21:18:38,334 [bb0e9150-086f-4512-ab04-1336b269041b-groupManagement] INFO  server.RaftServerConfigKeys (ConfUtils.java:logGet(46)) - raft.server.storage.free-space.min = 0MB (=0) (default)
2023-06-28 21:18:38,335 [bb0e9150-086f-4512-ab04-1336b269041b-groupManagement] INFO  server.RaftServerConfigKeys (ConfUtils.java:logGet(46)) - raft.server.notification.no-leader.timeout = 300s (custom)
2023-06-28 21:18:38,335 [bb0e9150-086f-4512-ab04-1336b269041b-groupManagement] INFO  server.RaftServerConfigKeys (ConfUtils.java:logGet(46)) - raft.server.read.timeout = 10s (default)
2023-06-28 21:18:38,335 [bb0e9150-086f-4512-ab04-1336b269041b-groupManagement] INFO  server.RaftServerConfigKeys (ConfUtils.java:logGet(46)) - raft.server.retrycache.expirytime = 600000ms (custom)
2023-06-28 21:18:38,335 [bb0e9150-086f-4512-ab04-1336b269041b-groupManagement] INFO  server.RaftServerConfigKeys (ConfUtils.java:logGet(46)) - raft.server.retrycache.statistics.expirytime = 100μs (default)
2023-06-28 21:18:38,335 [bb0e9150-086f-4512-ab04-1336b269041b-groupManagement] INFO  server.RaftServerConfigKeys (ConfUtils.java:logGet(46)) - raft.server.read.option = DEFAULT (default)
2023-06-28 21:18:38,336 [bb0e9150-086f-4512-ab04-1336b269041b-groupManagement] INFO  server.RaftServerConfigKeys (ConfUtils.java:logGet(46)) - raft.server.rpc.request.timeout = 60s (custom)
2023-06-28 21:18:38,336 [bb0e9150-086f-4512-ab04-1336b269041b-groupManagement] INFO  server.RaftServerConfigKeys (ConfUtils.java:logGet(46)) - raft.server.log.appender.install.snapshot.enabled = false (custom)
2023-06-28 21:18:38,336 [bb0e9150-086f-4512-ab04-1336b269041b-groupManagement] INFO  server.RaftServerConfigKeys (ConfUtils.java:logGet(46)) - raft.server.threadpool.server.cached = true (default)
2023-06-28 21:18:38,336 [bb0e9150-086f-4512-ab04-1336b269041b-groupManagement] INFO  server.RaftServerConfigKeys (ConfUtils.java:logGet(46)) - raft.server.threadpool.server.size = 0 (default)
2023-06-28 21:18:38,336 [bb0e9150-086f-4512-ab04-1336b269041b-groupManagement] INFO  server.RaftServerConfigKeys (ConfUtils.java:logGet(46)) - raft.server.threadpool.client.cached = true (default)
2023-06-28 21:18:38,336 [bb0e9150-086f-4512-ab04-1336b269041b-groupManagement] INFO  server.RaftServerConfigKeys (ConfUtils.java:logGet(46)) - raft.server.threadpool.client.size = 0 (default)
2023-06-28 21:18:38,337 [bb0e9150-086f-4512-ab04-1336b269041b-groupManagement] INFO  storage.RaftStorageDirectory (RaftStorageDirectoryImpl.java:analyzeStorage(137)) - The storage directory /home/runner/work/ozone/ozone/hadoop-ozone/integration-test/target/test-dir/MiniOzoneClusterImpl-392d5ccd-e702-410a-a53a-05dc11be4355/datanode-0/data/ratis/ec97d074-e652-4099-ba0c-e00510221aac does not exist. Creating ...
2023-06-28 21:18:38,337 [bb0e9150-086f-4512-ab04-1336b269041b-groupManagement] INFO  storage.RaftStorageDirectory (RaftStorageDirectoryImpl.java:tryLock(231)) - Lock on /home/runner/work/ozone/ozone/hadoop-ozone/integration-test/target/test-dir/MiniOzoneClusterImpl-392d5ccd-e702-410a-a53a-05dc11be4355/datanode-0/data/ratis/ec97d074-e652-4099-ba0c-e00510221aac/in_use.lock acquired by nodename 42875@fv-az613-21
2023-06-28 21:18:38,339 [bb0e9150-086f-4512-ab04-1336b269041b-groupManagement] INFO  storage.RaftStorage (RaftStorageImpl.java:format(96)) - Storage directory /home/runner/work/ozone/ozone/hadoop-ozone/integration-test/target/test-dir/MiniOzoneClusterImpl-392d5ccd-e702-410a-a53a-05dc11be4355/datanode-0/data/ratis/ec97d074-e652-4099-ba0c-e00510221aac has been successfully formatted.
2023-06-28 21:18:38,339 [bb0e9150-086f-4512-ab04-1336b269041b-groupManagement] INFO  ratis.ContainerStateMachine (ContainerStateMachine.java:loadSnapshot(262)) - group-E00510221AAC: The snapshot info is null. Setting the last applied indexto:(t:0, i:~)
2023-06-28 21:18:38,340 [bb0e9150-086f-4512-ab04-1336b269041b-groupManagement] INFO  server.RaftServerConfigKeys (ConfUtils.java:logGet(46)) - raft.server.log.use.memory = false (default)
2023-06-28 21:18:38,340 [bb0e9150-086f-4512-ab04-1336b269041b-groupManagement] INFO  server.RaftServerConfigKeys (ConfUtils.java:logGet(46)) - raft.server.log.purge.gap = 1000000 (custom)
2023-06-28 21:18:38,340 [bb0e9150-086f-4512-ab04-1336b269041b-groupManagement] INFO  server.RaftServerConfigKeys (ConfUtils.java:logGet(46)) - raft.server.log.appender.buffer.byte-limit = 33554432 (custom)
2023-06-28 21:18:38,340 [bb0e9150-086f-4512-ab04-1336b269041b-groupManagement] INFO  server.RaftServerConfigKeys (ConfUtils.java:logGet(46)) - raft.server.log.statemachine.data.read.timeout = 1000ms (default)
2023-06-28 21:18:38,340 [bb0e9150-086f-4512-ab04-1336b269041b-groupManagement] INFO  server.RaftServerConfigKeys (ConfUtils.java:logGet(46)) - raft.server.log.purge.preservation.log.num = 0 (default)
2023-06-28 21:18:38,341 [bb0e9150-086f-4512-ab04-1336b269041b-groupManagement] INFO  server.RaftServerConfigKeys (ConfUtils.java:logGet(46)) - raft.server.log.segment.size.max = 1048576 (custom)
2023-06-28 21:18:38,341 [bb0e9150-086f-4512-ab04-1336b269041b-groupManagement] INFO  server.RaftServerConfigKeys (ConfUtils.java:logGet(46)) - raft.server.log.segment.cache.num.max = 2 (custom)
2023-06-28 21:18:38,341 [bb0e9150-086f-4512-ab04-1336b269041b-groupManagement] INFO  server.RaftServerConfigKeys (ConfUtils.java:logGet(46)) - raft.server.log.segment.cache.size.max = 200MB (=209715200) (default)
2023-06-28 21:18:38,347 [EventQueue-OpenPipelineForHealthyPipelineSafeModeRule] INFO  safemode.SCMSafeModeManager (HealthyPipelineSafeModeRule.java:process(137)) - SCM in safe mode. Healthy pipelines reported count is 0, required healthy pipeline reported count is 1
2023-06-28 21:18:38,349 [bb0e9150-086f-4512-ab04-1336b269041b-groupManagement] INFO  server.RaftServerConfigKeys (ConfUtils.java:logGet(46)) - raft.server.log.appender.buffer.byte-limit = 33554432 (custom)
2023-06-28 21:18:38,349 [bb0e9150-086f-4512-ab04-1336b269041b-groupManagement] INFO  segmented.SegmentedRaftLogWorker (SegmentedRaftLogWorker.java:<init>(188)) - new bb0e9150-086f-4512-ab04-1336b269041b@group-E00510221AAC-SegmentedRaftLogWorker for RaftStorageImpl:Storage Directory /home/runner/work/ozone/ozone/hadoop-ozone/integration-test/target/test-dir/MiniOzoneClusterImpl-392d5ccd-e702-410a-a53a-05dc11be4355/datanode-0/data/ratis/ec97d074-e652-4099-ba0c-e00510221aac
2023-06-28 21:18:38,349 [bb0e9150-086f-4512-ab04-1336b269041b-groupManagement] INFO  server.RaftServerConfigKeys (ConfUtils.java:logGet(46)) - raft.server.log.queue.byte-limit = 4294967296 (custom)
2023-06-28 21:18:38,349 [bb0e9150-086f-4512-ab04-1336b269041b-groupManagement] INFO  server.RaftServerConfigKeys (ConfUtils.java:logGet(46)) - raft.server.log.queue.element-limit = 1024 (custom)
2023-06-28 21:18:38,349 [bb0e9150-086f-4512-ab04-1336b269041b-groupManagement] INFO  server.RaftServerConfigKeys (ConfUtils.java:logGet(46)) - raft.server.log.segment.size.max = 1048576 (custom)
2023-06-28 21:18:38,350 [bb0e9150-086f-4512-ab04-1336b269041b-groupManagement] INFO  server.RaftServerConfigKeys (ConfUtils.java:logGet(46)) - raft.server.log.preallocated.size = 16384 (custom)
2023-06-28 21:18:38,350 [bb0e9150-086f-4512-ab04-1336b269041b-groupManagement] INFO  server.RaftServerConfigKeys (ConfUtils.java:logGet(46)) - raft.server.log.force.sync.num = 128 (default)
2023-06-28 21:18:38,350 [bb0e9150-086f-4512-ab04-1336b269041b-groupManagement] INFO  server.RaftServerConfigKeys (ConfUtils.java:logGet(46)) - raft.server.log.statemachine.data.sync = true (default)
2023-06-28 21:18:38,350 [bb0e9150-086f-4512-ab04-1336b269041b-groupManagement] INFO  server.RaftServerConfigKeys (ConfUtils.java:logGet(46)) - raft.server.log.statemachine.data.sync.timeout = 10s (default)
2023-06-28 21:18:38,351 [bb0e9150-086f-4512-ab04-1336b269041b-groupManagement] INFO  server.RaftServerConfigKeys (ConfUtils.java:logGet(46)) - raft.server.log.statemachine.data.sync.timeout.retry = -1 (default)
2023-06-28 21:18:38,352 [bb0e9150-086f-4512-ab04-1336b269041b-groupManagement] INFO  server.RaftServerConfigKeys (ConfUtils.java:logGet(46)) - raft.server.log.write.buffer.size = 1048576 (custom)
2023-06-28 21:18:38,353 [bb0e9150-086f-4512-ab04-1336b269041b-groupManagement] INFO  server.RaftServerConfigKeys (ConfUtils.java:logGet(46)) - raft.server.log.appender.buffer.byte-limit = 33554432 (custom)
2023-06-28 21:18:38,364 [bb0e9150-086f-4512-ab04-1336b269041b-groupManagement] INFO  server.RaftServerConfigKeys (ConfUtils.java:logGet(46)) - raft.server.log.unsafe-flush.enabled = false (default)
2023-06-28 21:18:38,364 [bb0e9150-086f-4512-ab04-1336b269041b-groupManagement] INFO  server.RaftServerConfigKeys (ConfUtils.java:logGet(46)) - raft.server.log.async-flush.enabled = false (default)
2023-06-28 21:18:38,364 [bb0e9150-086f-4512-ab04-1336b269041b-groupManagement] INFO  server.RaftServerConfigKeys (ConfUtils.java:logGet(46)) - raft.server.log.statemachine.data.caching.enabled = true (custom)
2023-06-28 21:18:38,364 [bb0e9150-086f-4512-ab04-1336b269041b-groupManagement] INFO  segmented.SegmentedRaftLogWorker (SegmentedRaftLogWorker.java:lambda$new$0(135)) - bb0e9150-086f-4512-ab04-1336b269041b@group-E00510221AAC-SegmentedRaftLogWorker: flushIndex: setUnconditionally 0 -> -1
2023-06-28 21:18:38,364 [bb0e9150-086f-4512-ab04-1336b269041b-groupManagement] INFO  segmented.SegmentedRaftLogWorker (SegmentedRaftLogWorker.java:lambda$new$0(135)) - bb0e9150-086f-4512-ab04-1336b269041b@group-E00510221AAC-SegmentedRaftLogWorker: safeCacheEvictIndex: setUnconditionally 0 -> -1
2023-06-28 21:18:38,365 [bb0e9150-086f-4512-ab04-1336b269041b-groupManagement] INFO  server.RaftServer$Division (RaftServerImpl.java:start(342)) - bb0e9150-086f-4512-ab04-1336b269041b@group-E00510221AAC: start as a follower, conf=-1: peers:[bb0e9150-086f-4512-ab04-1336b269041b|rpc:10.1.0.52:15022|admin:10.1.0.52:15021|client:10.1.0.52:15020|dataStream:10.1.0.52:15023|priority:0|startupRole:FOLLOWER, 08ff75f9-1328-4943-9840-929c3a1c46cb|rpc:10.1.0.52:15031|admin:10.1.0.52:15030|client:10.1.0.52:15029|dataStream:10.1.0.52:15032|priority:0|startupRole:FOLLOWER, 8a2b3145-2dd0-434b-a2c2-caa8e5fb0ef1|rpc:10.1.0.52:15040|admin:10.1.0.52:15039|client:10.1.0.52:15038|dataStream:10.1.0.52:15041|priority:1|startupRole:FOLLOWER]|listeners:[], old=null
2023-06-28 21:18:38,365 [bb0e9150-086f-4512-ab04-1336b269041b-groupManagement] INFO  server.RaftServer$Division (RaftServerImpl.java:setRole(329)) - bb0e9150-086f-4512-ab04-1336b269041b@group-E00510221AAC: changes role from      null to FOLLOWER at term 0 for startAsFollower
2023-06-28 21:18:38,365 [bb0e9150-086f-4512-ab04-1336b269041b-groupManagement] INFO  impl.RoleInfo (RoleInfo.java:updateAndGet(139)) - bb0e9150-086f-4512-ab04-1336b269041b: start bb0e9150-086f-4512-ab04-1336b269041b@group-E00510221AAC-FollowerState
2023-06-28 21:18:38,365 [bb0e9150-086f-4512-ab04-1336b269041b-groupManagement] INFO  util.JmxRegister (JmxRegister.java:tryRegister(44)) - Successfully registered JMX Bean with object name Ratis:service=RaftServer,group=group-E00510221AAC,id=bb0e9150-086f-4512-ab04-1336b269041b
2023-06-28 21:18:38,365 [bb0e9150-086f-4512-ab04-1336b269041b-groupManagement] INFO  server.RaftServerConfigKeys (ConfUtils.java:logGet(46)) - raft.server.snapshot.auto.trigger.enabled = true (custom)
2023-06-28 21:18:38,365 [bb0e9150-086f-4512-ab04-1336b269041b-groupManagement] INFO  server.RaftServerConfigKeys (ConfUtils.java:logGet(46)) - raft.server.snapshot.auto.trigger.threshold = 10000 (custom)
2023-06-28 21:18:38,366 [bb0e9150-086f-4512-ab04-1336b269041b-groupManagement] INFO  server.RaftServerConfigKeys (ConfUtils.java:logGet(46)) - raft.server.snapshot.retention.file.num = 5 (custom)
2023-06-28 21:18:38,366 [bb0e9150-086f-4512-ab04-1336b269041b-groupManagement] INFO  server.RaftServerConfigKeys (ConfUtils.java:logGet(46)) - raft.server.log.purge.upto.snapshot.index = false (default)
2023-06-28 21:18:38,366 [bb0e9150-086f-4512-ab04-1336b269041b@group-E00510221AAC-FollowerState] INFO  server.RaftServerConfigKeys (ConfUtils.java:logFallback(53)) - raft.server.rpc.first-election.timeout.min = 5s (fallback to raft.server.rpc.timeout.min)
2023-06-28 21:18:38,370 [PipelineCommandHandlerThread-0] INFO  ratis.XceiverServerRatis (XceiverServerRatis.java:addGroup(804)) - Created group PipelineID=ec97d074-e652-4099-ba0c-e00510221aac
2023-06-28 21:18:38,372 [bb0e9150-086f-4512-ab04-1336b269041b@group-E00510221AAC-FollowerState] INFO  server.RaftServerConfigKeys (ConfUtils.java:logFallback(53)) - raft.server.rpc.first-election.timeout.max = 5200ms (fallback to raft.server.rpc.timeout.max)
2023-06-28 21:18:38,398 [08ff75f9-1328-4943-9840-929c3a1c46cb-groupManagement] INFO  server.RaftServer$Division (RaftServerImpl.java:<init>(198)) - 08ff75f9-1328-4943-9840-929c3a1c46cb: new RaftServerImpl for group-8F8BEF6AFDD6:[08ff75f9-1328-4943-9840-929c3a1c46cb|rpc:10.1.0.52:15031|admin:10.1.0.52:15030|client:10.1.0.52:15029|dataStream:10.1.0.52:15032|priority:1|startupRole:FOLLOWER] with ContainerStateMachine:uninitialized
2023-06-28 21:18:38,398 [08ff75f9-1328-4943-9840-929c3a1c46cb-groupManagement] INFO  server.RaftServerConfigKeys (ConfUtils.java:logGet(46)) - raft.server.rpc.timeout.min = 5s (custom)
2023-06-28 21:18:38,398 [08ff75f9-1328-4943-9840-929c3a1c46cb-groupManagement] INFO  server.RaftServerConfigKeys (ConfUtils.java:logGet(46)) - raft.server.rpc.timeout.max = 5200ms (custom)
2023-06-28 21:18:38,398 [08ff75f9-1328-4943-9840-929c3a1c46cb-groupManagement] INFO  server.RaftServerConfigKeys (ConfUtils.java:logGet(46)) - raft.server.rpc.sleep.time = 25ms (default)
2023-06-28 21:18:38,398 [08ff75f9-1328-4943-9840-929c3a1c46cb-groupManagement] INFO  server.RaftServerConfigKeys (ConfUtils.java:logGet(46)) - raft.server.rpc.slowness.timeout = 300s (custom)
2023-06-28 21:18:38,398 [08ff75f9-1328-4943-9840-929c3a1c46cb-groupManagement] INFO  server.RaftServerConfigKeys (ConfUtils.java:logGet(46)) - raft.server.leaderelection.leader.step-down.wait-time = 10s (default)
2023-06-28 21:18:38,398 [08ff75f9-1328-4943-9840-929c3a1c46cb-groupManagement] INFO  server.RaftServerConfigKeys (ConfUtils.java:logGet(46)) - raft.server.sleep.deviation.threshold = 300ms (default)
2023-06-28 21:18:38,398 [08ff75f9-1328-4943-9840-929c3a1c46cb-groupManagement] INFO  server.RaftServer$Division (ServerState.java:<init>(120)) - 08ff75f9-1328-4943-9840-929c3a1c46cb@group-8F8BEF6AFDD6: ConfigurationManager, init=-1: peers:[08ff75f9-1328-4943-9840-929c3a1c46cb|rpc:10.1.0.52:15031|admin:10.1.0.52:15030|client:10.1.0.52:15029|dataStream:10.1.0.52:15032|priority:1|startupRole:FOLLOWER]|listeners:[], old=null, confs=<EMPTY_MAP>
2023-06-28 21:18:38,399 [08ff75f9-1328-4943-9840-929c3a1c46cb-groupManagement] INFO  server.RaftServerConfigKeys (ConfUtils.java:logGet(46)) - raft.server.storage.dir = [/home/runner/work/ozone/ozone/hadoop-ozone/integration-test/target/test-dir/MiniOzoneClusterImpl-392d5ccd-e702-410a-a53a-05dc11be4355/datanode-1/data/ratis] (custom)
2023-06-28 21:18:38,399 [08ff75f9-1328-4943-9840-929c3a1c46cb-groupManagement] INFO  server.RaftServerConfigKeys (ConfUtils.java:logGet(46)) - raft.server.log.corruption.policy = EXCEPTION (default)
2023-06-28 21:18:38,399 [08ff75f9-1328-4943-9840-929c3a1c46cb-groupManagement] INFO  server.RaftServerConfigKeys (ConfUtils.java:logGet(46)) - raft.server.storage.free-space.min = 0MB (=0) (default)
2023-06-28 21:18:38,399 [08ff75f9-1328-4943-9840-929c3a1c46cb-groupManagement] INFO  server.RaftServerConfigKeys (ConfUtils.java:logGet(46)) - raft.server.notification.no-leader.timeout = 300s (custom)
2023-06-28 21:18:38,399 [08ff75f9-1328-4943-9840-929c3a1c46cb-groupManagement] INFO  server.RaftServerConfigKeys (ConfUtils.java:logGet(46)) - raft.server.read.timeout = 10s (default)
2023-06-28 21:18:38,399 [08ff75f9-1328-4943-9840-929c3a1c46cb-groupManagement] INFO  server.RaftServerConfigKeys (ConfUtils.java:logGet(46)) - raft.server.retrycache.expirytime = 600000ms (custom)
2023-06-28 21:18:38,399 [08ff75f9-1328-4943-9840-929c3a1c46cb-groupManagement] INFO  server.RaftServerConfigKeys (ConfUtils.java:logGet(46)) - raft.server.retrycache.statistics.expirytime = 100μs (default)
2023-06-28 21:18:38,399 [08ff75f9-1328-4943-9840-929c3a1c46cb-groupManagement] INFO  server.RaftServerConfigKeys (ConfUtils.java:logGet(46)) - raft.server.read.option = DEFAULT (default)
2023-06-28 21:18:38,400 [08ff75f9-1328-4943-9840-929c3a1c46cb-groupManagement] INFO  server.RaftServerConfigKeys (ConfUtils.java:logGet(46)) - raft.server.rpc.request.timeout = 60s (custom)
2023-06-28 21:18:38,401 [08ff75f9-1328-4943-9840-929c3a1c46cb-groupManagement] INFO  server.RaftServerConfigKeys (ConfUtils.java:logGet(46)) - raft.server.log.appender.install.snapshot.enabled = false (custom)
2023-06-28 21:18:38,401 [08ff75f9-1328-4943-9840-929c3a1c46cb-groupManagement] INFO  server.RaftServerConfigKeys (ConfUtils.java:logGet(46)) - raft.server.threadpool.server.cached = true (default)
2023-06-28 21:18:38,401 [08ff75f9-1328-4943-9840-929c3a1c46cb-groupManagement] INFO  server.RaftServerConfigKeys (ConfUtils.java:logGet(46)) - raft.server.threadpool.server.size = 0 (default)
2023-06-28 21:18:38,401 [08ff75f9-1328-4943-9840-929c3a1c46cb-groupManagement] INFO  server.RaftServerConfigKeys (ConfUtils.java:logGet(46)) - raft.server.threadpool.client.cached = true (default)
2023-06-28 21:18:38,401 [08ff75f9-1328-4943-9840-929c3a1c46cb-groupManagement] INFO  server.RaftServerConfigKeys (ConfUtils.java:logGet(46)) - raft.server.threadpool.client.size = 0 (default)
2023-06-28 21:18:38,401 [PipelineCommandHandlerThread-0] INFO  server.RaftServer (RaftServerProxy.java:addNew(98)) - 08ff75f9-1328-4943-9840-929c3a1c46cb: addNew group-8F8BEF6AFDD6:[08ff75f9-1328-4943-9840-929c3a1c46cb|rpc:10.1.0.52:15031|admin:10.1.0.52:15030|client:10.1.0.52:15029|dataStream:10.1.0.52:15032|priority:1|startupRole:FOLLOWER] returns      null 08ff75f9-1328-4943-9840-929c3a1c46cb@group-8F8BEF6AFDD6:t0, leader=null, voted=null, raftlog=UNINITIALIZED, conf=-1: peers:[08ff75f9-1328-4943-9840-929c3a1c46cb|rpc:10.1.0.52:15031|admin:10.1.0.52:15030|client:10.1.0.52:15029|dataStream:10.1.0.52:15032|priority:1|startupRole:FOLLOWER]|listeners:[], old=null NEW
2023-06-28 21:18:38,402 [grpc-default-executor-1] INFO  server.RaftServer (RaftServerProxy.java:addNew(98)) - 08ff75f9-1328-4943-9840-929c3a1c46cb: addNew group-E00510221AAC:[bb0e9150-086f-4512-ab04-1336b269041b|rpc:10.1.0.52:15022|admin:10.1.0.52:15021|client:10.1.0.52:15020|dataStream:10.1.0.52:15023|priority:0|startupRole:FOLLOWER, 08ff75f9-1328-4943-9840-929c3a1c46cb|rpc:10.1.0.52:15031|admin:10.1.0.52:15030|client:10.1.0.52:15029|dataStream:10.1.0.52:15032|priority:0|startupRole:FOLLOWER, 8a2b3145-2dd0-434b-a2c2-caa8e5fb0ef1|rpc:10.1.0.52:15040|admin:10.1.0.52:15039|client:10.1.0.52:15038|dataStream:10.1.0.52:15041|priority:1|startupRole:FOLLOWER] returns group-E00510221AAC:java.util.concurrent.CompletableFuture@ce99521[Not completed]
2023-06-28 21:18:38,402 [08ff75f9-1328-4943-9840-929c3a1c46cb-groupManagement] INFO  storage.RaftStorageDirectory (RaftStorageDirectoryImpl.java:analyzeStorage(137)) - The storage directory /home/runner/work/ozone/ozone/hadoop-ozone/integration-test/target/test-dir/MiniOzoneClusterImpl-392d5ccd-e702-410a-a53a-05dc11be4355/datanode-1/data/ratis/e37e79e9-e918-4f3a-82bd-8f8bef6afdd6 does not exist. Creating ...
2023-06-28 21:18:38,403 [08ff75f9-1328-4943-9840-929c3a1c46cb-groupManagement] INFO  storage.RaftStorageDirectory (RaftStorageDirectoryImpl.java:tryLock(231)) - Lock on /home/runner/work/ozone/ozone/hadoop-ozone/integration-test/target/test-dir/MiniOzoneClusterImpl-392d5ccd-e702-410a-a53a-05dc11be4355/datanode-1/data/ratis/e37e79e9-e918-4f3a-82bd-8f8bef6afdd6/in_use.lock acquired by nodename 42875@fv-az613-21
2023-06-28 21:18:38,404 [08ff75f9-1328-4943-9840-929c3a1c46cb-groupManagement] INFO  storage.RaftStorage (RaftStorageImpl.java:format(96)) - Storage directory /home/runner/work/ozone/ozone/hadoop-ozone/integration-test/target/test-dir/MiniOzoneClusterImpl-392d5ccd-e702-410a-a53a-05dc11be4355/datanode-1/data/ratis/e37e79e9-e918-4f3a-82bd-8f8bef6afdd6 has been successfully formatted.
2023-06-28 21:18:38,407 [08ff75f9-1328-4943-9840-929c3a1c46cb-groupManagement] INFO  ratis.ContainerStateMachine (ContainerStateMachine.java:loadSnapshot(262)) - group-8F8BEF6AFDD6: The snapshot info is null. Setting the last applied indexto:(t:0, i:~)
2023-06-28 21:18:38,408 [08ff75f9-1328-4943-9840-929c3a1c46cb-groupManagement] INFO  server.RaftServerConfigKeys (ConfUtils.java:logGet(46)) - raft.server.log.use.memory = false (default)
2023-06-28 21:18:38,409 [08ff75f9-1328-4943-9840-929c3a1c46cb-groupManagement] INFO  server.RaftServerConfigKeys (ConfUtils.java:logGet(46)) - raft.server.log.purge.gap = 1000000 (custom)
2023-06-28 21:18:38,409 [08ff75f9-1328-4943-9840-929c3a1c46cb-groupManagement] INFO  server.RaftServerConfigKeys (ConfUtils.java:logGet(46)) - raft.server.log.appender.buffer.byte-limit = 33554432 (custom)
2023-06-28 21:18:38,409 [08ff75f9-1328-4943-9840-929c3a1c46cb-groupManagement] INFO  server.RaftServerConfigKeys (ConfUtils.java:logGet(46)) - raft.server.log.statemachine.data.read.timeout = 1000ms (default)
2023-06-28 21:18:38,409 [08ff75f9-1328-4943-9840-929c3a1c46cb-groupManagement] INFO  server.RaftServerConfigKeys (ConfUtils.java:logGet(46)) - raft.server.log.purge.preservation.log.num = 0 (default)
2023-06-28 21:18:38,409 [EventQueue-PipelineReportForPipelineReportHandler] INFO  pipeline.PipelineManagerImpl (PipelineManagerImpl.java:openPipeline(443)) - Pipeline Pipeline[ Id: e37e79e9-e918-4f3a-82bd-8f8bef6afdd6, Nodes: 08ff75f9-1328-4943-9840-929c3a1c46cb(fv-az613-21.sfleub4vn5uufca0bzvsziz2ge.jx.internal.cloudapp.net/10.1.0.52), ReplicationConfig: RATIS/ONE, State:ALLOCATED, leaderId:08ff75f9-1328-4943-9840-929c3a1c46cb, CreationTimestamp2023-06-28T21:18:35.402Z[Etc/UTC]] moved to OPEN state
2023-06-28 21:18:38,413 [08ff75f9-1328-4943-9840-929c3a1c46cb-groupManagement] INFO  server.RaftServerConfigKeys (ConfUtils.java:logGet(46)) - raft.server.log.segment.size.max = 1048576 (custom)
2023-06-28 21:18:38,413 [EventQueue-OpenPipelineForHealthyPipelineSafeModeRule] INFO  safemode.SCMSafeModeManager (HealthyPipelineSafeModeRule.java:process(137)) - SCM in safe mode. Healthy pipelines reported count is 0, required healthy pipeline reported count is 1
2023-06-28 21:18:38,413 [08ff75f9-1328-4943-9840-929c3a1c46cb-groupManagement] INFO  server.RaftServerConfigKeys (ConfUtils.java:logGet(46)) - raft.server.log.segment.cache.num.max = 2 (custom)
2023-06-28 21:18:38,413 [08ff75f9-1328-4943-9840-929c3a1c46cb-groupManagement] INFO  server.RaftServerConfigKeys (ConfUtils.java:logGet(46)) - raft.server.log.segment.cache.size.max = 200MB (=209715200) (default)
2023-06-28 21:18:38,414 [08ff75f9-1328-4943-9840-929c3a1c46cb-groupManagement] INFO  server.RaftServerConfigKeys (ConfUtils.java:logGet(46)) - raft.server.log.appender.buffer.byte-limit = 33554432 (custom)
2023-06-28 21:18:38,414 [08ff75f9-1328-4943-9840-929c3a1c46cb-groupManagement] INFO  segmented.SegmentedRaftLogWorker (SegmentedRaftLogWorker.java:<init>(188)) - new 08ff75f9-1328-4943-9840-929c3a1c46cb@group-8F8BEF6AFDD6-SegmentedRaftLogWorker for RaftStorageImpl:Storage Directory /home/runner/work/ozone/ozone/hadoop-ozone/integration-test/target/test-dir/MiniOzoneClusterImpl-392d5ccd-e702-410a-a53a-05dc11be4355/datanode-1/data/ratis/e37e79e9-e918-4f3a-82bd-8f8bef6afdd6
2023-06-28 21:18:38,414 [08ff75f9-1328-4943-9840-929c3a1c46cb-groupManagement] INFO  server.RaftServerConfigKeys (ConfUtils.java:logGet(46)) - raft.server.log.queue.byte-limit = 4294967296 (custom)
2023-06-28 21:18:38,414 [08ff75f9-1328-4943-9840-929c3a1c46cb-groupManagement] INFO  server.RaftServerConfigKeys (ConfUtils.java:logGet(46)) - raft.server.log.queue.element-limit = 1024 (custom)
2023-06-28 21:18:38,414 [08ff75f9-1328-4943-9840-929c3a1c46cb-groupManagement] INFO  server.RaftServerConfigKeys (ConfUtils.java:logGet(46)) - raft.server.log.segment.size.max = 1048576 (custom)
2023-06-28 21:18:38,414 [08ff75f9-1328-4943-9840-929c3a1c46cb-groupManagement] INFO  server.RaftServerConfigKeys (ConfUtils.java:logGet(46)) - raft.server.log.preallocated.size = 16384 (custom)
2023-06-28 21:18:38,414 [08ff75f9-1328-4943-9840-929c3a1c46cb-groupManagement] INFO  server.RaftServerConfigKeys (ConfUtils.java:logGet(46)) - raft.server.log.force.sync.num = 128 (default)
2023-06-28 21:18:38,414 [08ff75f9-1328-4943-9840-929c3a1c46cb-groupManagement] INFO  server.RaftServerConfigKeys (ConfUtils.java:logGet(46)) - raft.server.log.statemachine.data.sync = true (default)
2023-06-28 21:18:38,414 [08ff75f9-1328-4943-9840-929c3a1c46cb-groupManagement] INFO  server.RaftServerConfigKeys (ConfUtils.java:logGet(46)) - raft.server.log.statemachine.data.sync.timeout = 10s (default)
2023-06-28 21:18:38,414 [08ff75f9-1328-4943-9840-929c3a1c46cb-groupManagement] INFO  server.RaftServerConfigKeys (ConfUtils.java:logGet(46)) - raft.server.log.statemachine.data.sync.timeout.retry = -1 (default)
2023-06-28 21:18:38,415 [08ff75f9-1328-4943-9840-929c3a1c46cb-groupManagement] INFO  server.RaftServerConfigKeys (ConfUtils.java:logGet(46)) - raft.server.log.write.buffer.size = 1048576 (custom)
2023-06-28 21:18:38,416 [08ff75f9-1328-4943-9840-929c3a1c46cb-groupManagement] INFO  server.RaftServerConfigKeys (ConfUtils.java:logGet(46)) - raft.server.log.appender.buffer.byte-limit = 33554432 (custom)
2023-06-28 21:18:38,429 [08ff75f9-1328-4943-9840-929c3a1c46cb-groupManagement] INFO  server.RaftServerConfigKeys (ConfUtils.java:logGet(46)) - raft.server.log.unsafe-flush.enabled = false (default)
2023-06-28 21:18:38,430 [08ff75f9-1328-4943-9840-929c3a1c46cb-groupManagement] INFO  server.RaftServerConfigKeys (ConfUtils.java:logGet(46)) - raft.server.log.async-flush.enabled = false (default)
2023-06-28 21:18:38,430 [08ff75f9-1328-4943-9840-929c3a1c46cb-groupManagement] INFO  server.RaftServerConfigKeys (ConfUtils.java:logGet(46)) - raft.server.log.statemachine.data.caching.enabled = true (custom)
2023-06-28 21:18:38,430 [08ff75f9-1328-4943-9840-929c3a1c46cb-groupManagement] INFO  segmented.SegmentedRaftLogWorker (SegmentedRaftLogWorker.java:lambda$new$0(135)) - 08ff75f9-1328-4943-9840-929c3a1c46cb@group-8F8BEF6AFDD6-SegmentedRaftLogWorker: flushIndex: setUnconditionally 0 -> -1
2023-06-28 21:18:38,430 [08ff75f9-1328-4943-9840-929c3a1c46cb-groupManagement] INFO  segmented.SegmentedRaftLogWorker (SegmentedRaftLogWorker.java:lambda$new$0(135)) - 08ff75f9-1328-4943-9840-929c3a1c46cb@group-8F8BEF6AFDD6-SegmentedRaftLogWorker: safeCacheEvictIndex: setUnconditionally 0 -> -1
2023-06-28 21:18:38,430 [08ff75f9-1328-4943-9840-929c3a1c46cb-groupManagement] INFO  server.RaftServer$Division (RaftServerImpl.java:start(342)) - 08ff75f9-1328-4943-9840-929c3a1c46cb@group-8F8BEF6AFDD6: start as a follower, conf=-1: peers:[08ff75f9-1328-4943-9840-929c3a1c46cb|rpc:10.1.0.52:15031|admin:10.1.0.52:15030|client:10.1.0.52:15029|dataStream:10.1.0.52:15032|priority:1|startupRole:FOLLOWER]|listeners:[], old=null
2023-06-28 21:18:38,430 [08ff75f9-1328-4943-9840-929c3a1c46cb-groupManagement] INFO  server.RaftServer$Division (RaftServerImpl.java:setRole(329)) - 08ff75f9-1328-4943-9840-929c3a1c46cb@group-8F8BEF6AFDD6: changes role from      null to FOLLOWER at term 0 for startAsFollower
2023-06-28 21:18:38,431 [08ff75f9-1328-4943-9840-929c3a1c46cb-groupManagement] INFO  impl.RoleInfo (RoleInfo.java:updateAndGet(139)) - 08ff75f9-1328-4943-9840-929c3a1c46cb: start 08ff75f9-1328-4943-9840-929c3a1c46cb@group-8F8BEF6AFDD6-FollowerState
2023-06-28 21:18:38,432 [08ff75f9-1328-4943-9840-929c3a1c46cb-groupManagement] INFO  util.JmxRegister (JmxRegister.java:tryRegister(44)) - Successfully registered JMX Bean with object name Ratis:service=RaftServer,group=group-8F8BEF6AFDD6,id=08ff75f9-1328-4943-9840-929c3a1c46cb
2023-06-28 21:18:38,433 [08ff75f9-1328-4943-9840-929c3a1c46cb-groupManagement] INFO  server.RaftServerConfigKeys (ConfUtils.java:logGet(46)) - raft.server.snapshot.auto.trigger.enabled = true (custom)
2023-06-28 21:18:38,433 [08ff75f9-1328-4943-9840-929c3a1c46cb-groupManagement] INFO  server.RaftServerConfigKeys (ConfUtils.java:logGet(46)) - raft.server.snapshot.auto.trigger.threshold = 10000 (custom)
2023-06-28 21:18:38,433 [08ff75f9-1328-4943-9840-929c3a1c46cb-groupManagement] INFO  server.RaftServerConfigKeys (ConfUtils.java:logGet(46)) - raft.server.snapshot.retention.file.num = 5 (custom)
2023-06-28 21:18:38,433 [08ff75f9-1328-4943-9840-929c3a1c46cb-groupManagement] INFO  server.RaftServerConfigKeys (ConfUtils.java:logGet(46)) - raft.server.log.purge.upto.snapshot.index = false (default)
2023-06-28 21:18:38,434 [08ff75f9-1328-4943-9840-929c3a1c46cb@group-8F8BEF6AFDD6-FollowerState] INFO  server.RaftServerConfigKeys (ConfUtils.java:logFallback(53)) - raft.server.rpc.first-election.timeout.min = 5s (fallback to raft.server.rpc.timeout.min)
2023-06-28 21:18:38,434 [08ff75f9-1328-4943-9840-929c3a1c46cb@group-8F8BEF6AFDD6-FollowerState] INFO  server.RaftServerConfigKeys (ConfUtils.java:logFallback(53)) - raft.server.rpc.first-election.timeout.max = 5200ms (fallback to raft.server.rpc.timeout.max)
2023-06-28 21:18:38,436 [PipelineCommandHandlerThread-0] INFO  ratis.XceiverServerRatis (XceiverServerRatis.java:addGroup(804)) - Created group PipelineID=e37e79e9-e918-4f3a-82bd-8f8bef6afdd6
2023-06-28 21:18:38,443 [08ff75f9-1328-4943-9840-929c3a1c46cb-groupManagement] INFO  server.RaftServer$Division (RaftServerImpl.java:<init>(198)) - 08ff75f9-1328-4943-9840-929c3a1c46cb: new RaftServerImpl for group-E00510221AAC:[bb0e9150-086f-4512-ab04-1336b269041b|rpc:10.1.0.52:15022|admin:10.1.0.52:15021|client:10.1.0.52:15020|dataStream:10.1.0.52:15023|priority:0|startupRole:FOLLOWER, 08ff75f9-1328-4943-9840-929c3a1c46cb|rpc:10.1.0.52:15031|admin:10.1.0.52:15030|client:10.1.0.52:15029|dataStream:10.1.0.52:15032|priority:0|startupRole:FOLLOWER, 8a2b3145-2dd0-434b-a2c2-caa8e5fb0ef1|rpc:10.1.0.52:15040|admin:10.1.0.52:15039|client:10.1.0.52:15038|dataStream:10.1.0.52:15041|priority:1|startupRole:FOLLOWER] with ContainerStateMachine:uninitialized
2023-06-28 21:18:38,444 [08ff75f9-1328-4943-9840-929c3a1c46cb-groupManagement] INFO  server.RaftServerConfigKeys (ConfUtils.java:logGet(46)) - raft.server.rpc.timeout.min = 5s (custom)
2023-06-28 21:18:38,444 [08ff75f9-1328-4943-9840-929c3a1c46cb-groupManagement] INFO  server.RaftServerConfigKeys (ConfUtils.java:logGet(46)) - raft.server.rpc.timeout.max = 5200ms (custom)
2023-06-28 21:18:38,444 [08ff75f9-1328-4943-9840-929c3a1c46cb-groupManagement] INFO  server.RaftServerConfigKeys (ConfUtils.java:logGet(46)) - raft.server.rpc.sleep.time = 25ms (default)
2023-06-28 21:18:38,444 [08ff75f9-1328-4943-9840-929c3a1c46cb-groupManagement] INFO  server.RaftServerConfigKeys (ConfUtils.java:logGet(46)) - raft.server.rpc.slowness.timeout = 300s (custom)
2023-06-28 21:18:38,444 [08ff75f9-1328-4943-9840-929c3a1c46cb-groupManagement] INFO  server.RaftServerConfigKeys (ConfUtils.java:logGet(46)) - raft.server.leaderelection.leader.step-down.wait-time = 10s (default)
2023-06-28 21:18:38,444 [08ff75f9-1328-4943-9840-929c3a1c46cb-groupManagement] INFO  server.RaftServerConfigKeys (ConfUtils.java:logGet(46)) - raft.server.sleep.deviation.threshold = 300ms (default)
2023-06-28 21:18:38,445 [08ff75f9-1328-4943-9840-929c3a1c46cb-groupManagement] INFO  server.RaftServer$Division (ServerState.java:<init>(120)) - 08ff75f9-1328-4943-9840-929c3a1c46cb@group-E00510221AAC: ConfigurationManager, init=-1: peers:[bb0e9150-086f-4512-ab04-1336b269041b|rpc:10.1.0.52:15022|admin:10.1.0.52:15021|client:10.1.0.52:15020|dataStream:10.1.0.52:15023|priority:0|startupRole:FOLLOWER, 08ff75f9-1328-4943-9840-929c3a1c46cb|rpc:10.1.0.52:15031|admin:10.1.0.52:15030|client:10.1.0.52:15029|dataStream:10.1.0.52:15032|priority:0|startupRole:FOLLOWER, 8a2b3145-2dd0-434b-a2c2-caa8e5fb0ef1|rpc:10.1.0.52:15040|admin:10.1.0.52:15039|client:10.1.0.52:15038|dataStream:10.1.0.52:15041|priority:1|startupRole:FOLLOWER]|listeners:[], old=null, confs=<EMPTY_MAP>
2023-06-28 21:18:38,445 [08ff75f9-1328-4943-9840-929c3a1c46cb-groupManagement] INFO  server.RaftServerConfigKeys (ConfUtils.java:logGet(46)) - raft.server.storage.dir = [/home/runner/work/ozone/ozone/hadoop-ozone/integration-test/target/test-dir/MiniOzoneClusterImpl-392d5ccd-e702-410a-a53a-05dc11be4355/datanode-1/data/ratis] (custom)
2023-06-28 21:18:38,445 [08ff75f9-1328-4943-9840-929c3a1c46cb-groupManagement] INFO  server.RaftServerConfigKeys (ConfUtils.java:logGet(46)) - raft.server.log.corruption.policy = EXCEPTION (default)
2023-06-28 21:18:38,445 [08ff75f9-1328-4943-9840-929c3a1c46cb-groupManagement] INFO  server.RaftServerConfigKeys (ConfUtils.java:logGet(46)) - raft.server.storage.free-space.min = 0MB (=0) (default)
2023-06-28 21:18:38,445 [08ff75f9-1328-4943-9840-929c3a1c46cb-groupManagement] INFO  server.RaftServerConfigKeys (ConfUtils.java:logGet(46)) - raft.server.notification.no-leader.timeout = 300s (custom)
2023-06-28 21:18:38,445 [08ff75f9-1328-4943-9840-929c3a1c46cb-groupManagement] INFO  server.RaftServerConfigKeys (ConfUtils.java:logGet(46)) - raft.server.read.timeout = 10s (default)
2023-06-28 21:18:38,445 [08ff75f9-1328-4943-9840-929c3a1c46cb-groupManagement] INFO  server.RaftServerConfigKeys (ConfUtils.java:logGet(46)) - raft.server.retrycache.expirytime = 600000ms (custom)
2023-06-28 21:18:38,445 [08ff75f9-1328-4943-9840-929c3a1c46cb-groupManagement] INFO  server.RaftServerConfigKeys (ConfUtils.java:logGet(46)) - raft.server.retrycache.statistics.expirytime = 100μs (default)
2023-06-28 21:18:38,445 [08ff75f9-1328-4943-9840-929c3a1c46cb-groupManagement] INFO  server.RaftServerConfigKeys (ConfUtils.java:logGet(46)) - raft.server.read.option = DEFAULT (default)
2023-06-28 21:18:38,447 [08ff75f9-1328-4943-9840-929c3a1c46cb-groupManagement] INFO  server.RaftServerConfigKeys (ConfUtils.java:logGet(46)) - raft.server.rpc.request.timeout = 60s (custom)
2023-06-28 21:18:38,447 [08ff75f9-1328-4943-9840-929c3a1c46cb-groupManagement] INFO  server.RaftServerConfigKeys (ConfUtils.java:logGet(46)) - raft.server.log.appender.install.snapshot.enabled = false (custom)
2023-06-28 21:18:38,447 [08ff75f9-1328-4943-9840-929c3a1c46cb-groupManagement] INFO  server.RaftServerConfigKeys (ConfUtils.java:logGet(46)) - raft.server.threadpool.server.cached = true (default)
2023-06-28 21:18:38,447 [08ff75f9-1328-4943-9840-929c3a1c46cb-groupManagement] INFO  server.RaftServerConfigKeys (ConfUtils.java:logGet(46)) - raft.server.threadpool.server.size = 0 (default)
2023-06-28 21:18:38,447 [08ff75f9-1328-4943-9840-929c3a1c46cb-groupManagement] INFO  server.RaftServerConfigKeys (ConfUtils.java:logGet(46)) - raft.server.threadpool.client.cached = true (default)
2023-06-28 21:18:38,447 [08ff75f9-1328-4943-9840-929c3a1c46cb-groupManagement] INFO  server.RaftServerConfigKeys (ConfUtils.java:logGet(46)) - raft.server.threadpool.client.size = 0 (default)
2023-06-28 21:18:38,447 [08ff75f9-1328-4943-9840-929c3a1c46cb-groupManagement] INFO  storage.RaftStorageDirectory (RaftStorageDirectoryImpl.java:analyzeStorage(137)) - The storage directory /home/runner/work/ozone/ozone/hadoop-ozone/integration-test/target/test-dir/MiniOzoneClusterImpl-392d5ccd-e702-410a-a53a-05dc11be4355/datanode-1/data/ratis/ec97d074-e652-4099-ba0c-e00510221aac does not exist. Creating ...
2023-06-28 21:18:38,437 [PipelineCommandHandlerThread-0] INFO  commandhandler.CreatePipelineCommandHandler (CreatePipelineCommandHandler.java:lambda$handle$2(124)) - Created Pipeline RATIS ONE PipelineID=e37e79e9-e918-4f3a-82bd-8f8bef6afdd6.
2023-06-28 21:18:38,450 [08ff75f9-1328-4943-9840-929c3a1c46cb-groupManagement] INFO  storage.RaftStorageDirectory (RaftStorageDirectoryImpl.java:tryLock(231)) - Lock on /home/runner/work/ozone/ozone/hadoop-ozone/integration-test/target/test-dir/MiniOzoneClusterImpl-392d5ccd-e702-410a-a53a-05dc11be4355/datanode-1/data/ratis/ec97d074-e652-4099-ba0c-e00510221aac/in_use.lock acquired by nodename 42875@fv-az613-21
2023-06-28 21:18:38,452 [08ff75f9-1328-4943-9840-929c3a1c46cb-groupManagement] INFO  storage.RaftStorage (RaftStorageImpl.java:format(96)) - Storage directory /home/runner/work/ozone/ozone/hadoop-ozone/integration-test/target/test-dir/MiniOzoneClusterImpl-392d5ccd-e702-410a-a53a-05dc11be4355/datanode-1/data/ratis/ec97d074-e652-4099-ba0c-e00510221aac has been successfully formatted.
2023-06-28 21:18:38,452 [08ff75f9-1328-4943-9840-929c3a1c46cb-groupManagement] INFO  ratis.ContainerStateMachine (ContainerStateMachine.java:loadSnapshot(262)) - group-E00510221AAC: The snapshot info is null. Setting the last applied indexto:(t:0, i:~)
2023-06-28 21:18:38,452 [08ff75f9-1328-4943-9840-929c3a1c46cb-groupManagement] INFO  server.RaftServerConfigKeys (ConfUtils.java:logGet(46)) - raft.server.log.use.memory = false (default)
2023-06-28 21:18:38,453 [08ff75f9-1328-4943-9840-929c3a1c46cb-groupManagement] INFO  server.RaftServerConfigKeys (ConfUtils.java:logGet(46)) - raft.server.log.purge.gap = 1000000 (custom)
2023-06-28 21:18:38,453 [08ff75f9-1328-4943-9840-929c3a1c46cb-groupManagement] INFO  server.RaftServerConfigKeys (ConfUtils.java:logGet(46)) - raft.server.log.appender.buffer.byte-limit = 33554432 (custom)
2023-06-28 21:18:38,453 [08ff75f9-1328-4943-9840-929c3a1c46cb-groupManagement] INFO  server.RaftServerConfigKeys (ConfUtils.java:logGet(46)) - raft.server.log.statemachine.data.read.timeout = 1000ms (default)
2023-06-28 21:18:38,453 [08ff75f9-1328-4943-9840-929c3a1c46cb-groupManagement] INFO  server.RaftServerConfigKeys (ConfUtils.java:logGet(46)) - raft.server.log.purge.preservation.log.num = 0 (default)
2023-06-28 21:18:38,455 [08ff75f9-1328-4943-9840-929c3a1c46cb-groupManagement] INFO  server.RaftServerConfigKeys (ConfUtils.java:logGet(46)) - raft.server.log.segment.size.max = 1048576 (custom)
2023-06-28 21:18:38,456 [08ff75f9-1328-4943-9840-929c3a1c46cb-groupManagement] INFO  server.RaftServerConfigKeys (ConfUtils.java:logGet(46)) - raft.server.log.segment.cache.num.max = 2 (custom)
2023-06-28 21:18:38,456 [EventQueue-OpenPipelineForHealthyPipelineSafeModeRule] INFO  safemode.SCMSafeModeManager (HealthyPipelineSafeModeRule.java:process(137)) - SCM in safe mode. Healthy pipelines reported count is 0, required healthy pipeline reported count is 1
2023-06-28 21:18:38,458 [08ff75f9-1328-4943-9840-929c3a1c46cb-groupManagement] INFO  server.RaftServerConfigKeys (ConfUtils.java:logGet(46)) - raft.server.log.segment.cache.size.max = 200MB (=209715200) (default)
2023-06-28 21:18:38,458 [08ff75f9-1328-4943-9840-929c3a1c46cb-groupManagement] INFO  server.RaftServerConfigKeys (ConfUtils.java:logGet(46)) - raft.server.log.appender.buffer.byte-limit = 33554432 (custom)
2023-06-28 21:18:38,458 [08ff75f9-1328-4943-9840-929c3a1c46cb-groupManagement] INFO  segmented.SegmentedRaftLogWorker (SegmentedRaftLogWorker.java:<init>(188)) - new 08ff75f9-1328-4943-9840-929c3a1c46cb@group-E00510221AAC-SegmentedRaftLogWorker for RaftStorageImpl:Storage Directory /home/runner/work/ozone/ozone/hadoop-ozone/integration-test/target/test-dir/MiniOzoneClusterImpl-392d5ccd-e702-410a-a53a-05dc11be4355/datanode-1/data/ratis/ec97d074-e652-4099-ba0c-e00510221aac
2023-06-28 21:18:38,458 [08ff75f9-1328-4943-9840-929c3a1c46cb-groupManagement] INFO  server.RaftServerConfigKeys (ConfUtils.java:logGet(46)) - raft.server.log.queue.byte-limit = 4294967296 (custom)
2023-06-28 21:18:38,458 [08ff75f9-1328-4943-9840-929c3a1c46cb-groupManagement] INFO  server.RaftServerConfigKeys (ConfUtils.java:logGet(46)) - raft.server.log.queue.element-limit = 1024 (custom)
2023-06-28 21:18:38,458 [08ff75f9-1328-4943-9840-929c3a1c46cb-groupManagement] INFO  server.RaftServerConfigKeys (ConfUtils.java:logGet(46)) - raft.server.log.segment.size.max = 1048576 (custom)
2023-06-28 21:18:38,458 [08ff75f9-1328-4943-9840-929c3a1c46cb-groupManagement] INFO  server.RaftServerConfigKeys (ConfUtils.java:logGet(46)) - raft.server.log.preallocated.size = 16384 (custom)
2023-06-28 21:18:38,458 [08ff75f9-1328-4943-9840-929c3a1c46cb-groupManagement] INFO  server.RaftServerConfigKeys (ConfUtils.java:logGet(46)) - raft.server.log.force.sync.num = 128 (default)
2023-06-28 21:18:38,459 [08ff75f9-1328-4943-9840-929c3a1c46cb-groupManagement] INFO  server.RaftServerConfigKeys (ConfUtils.java:logGet(46)) - raft.server.log.statemachine.data.sync = true (default)
2023-06-28 21:18:38,459 [08ff75f9-1328-4943-9840-929c3a1c46cb-groupManagement] INFO  server.RaftServerConfigKeys (ConfUtils.java:logGet(46)) - raft.server.log.statemachine.data.sync.timeout = 10s (default)
2023-06-28 21:18:38,459 [08ff75f9-1328-4943-9840-929c3a1c46cb-groupManagement] INFO  server.RaftServerConfigKeys (ConfUtils.java:logGet(46)) - raft.server.log.statemachine.data.sync.timeout.retry = -1 (default)
2023-06-28 21:18:38,463 [main] INFO  ozone.MiniOzoneClusterImpl (MiniOzoneClusterImpl.java:lambda$waitForClusterToBeReady$0(224)) - Nodes are ready. Got 5 of 5 DN Heartbeats.
2023-06-28 21:18:38,463 [main] INFO  ozone.MiniOzoneClusterImpl (MiniOzoneClusterImpl.java:lambda$waitForClusterToBeReady$0(227)) - Waiting for cluster to exit safe mode
2023-06-28 21:18:38,463 [main] INFO  ozone.MiniOzoneClusterImpl (MiniOzoneClusterImpl.java:lambda$waitForClusterToBeReady$0(229)) - SCM became leader
2023-06-28 21:18:38,463 [08ff75f9-1328-4943-9840-929c3a1c46cb-groupManagement] INFO  server.RaftServerConfigKeys (ConfUtils.java:logGet(46)) - raft.server.log.write.buffer.size = 1048576 (custom)
2023-06-28 21:18:38,464 [08ff75f9-1328-4943-9840-929c3a1c46cb-groupManagement] INFO  server.RaftServerConfigKeys (ConfUtils.java:logGet(46)) - raft.server.log.appender.buffer.byte-limit = 33554432 (custom)
2023-06-28 21:18:38,762 [JvmPauseMonitor4] WARN  util.JvmPauseMonitor (JvmPauseMonitor.java:detectPause(124)) - JvmPauseMonitor-bb0e9150-086f-4512-ab04-1336b269041b: Detected pause in JVM or host machine approximately 0.122s with 0.291s GC time.
GC pool 'PS MarkSweep' had collection(s): count=1 time=195ms
GC pool 'PS Scavenge' had collection(s): count=1 time=96ms
2023-06-28 21:18:38,763 [JvmPauseMonitor8] WARN  util.JvmPauseMonitor (JvmPauseMonitor.java:detectPause(124)) - JvmPauseMonitor-68d6cd24-bd24-4fd7-81ed-64a513f0bb68: Detected pause in JVM or host machine approximately 0.200s with 0.291s GC time.
GC pool 'PS MarkSweep' had collection(s): count=1 time=195ms
GC pool 'PS Scavenge' had collection(s): count=1 time=96ms
2023-06-28 21:18:38,764 [JvmPauseMonitor5] WARN  util.JvmPauseMonitor (JvmPauseMonitor.java:detectPause(124)) - JvmPauseMonitor-08ff75f9-1328-4943-9840-929c3a1c46cb: Detected pause in JVM or host machine approximately 0.272s with 0.291s GC time.
GC pool 'PS MarkSweep' had collection(s): count=1 time=195ms
GC pool 'PS Scavenge' had collection(s): count=1 time=96ms
2023-06-28 21:18:38,764 [PipelineCommandHandlerThread-0] INFO  server.RaftServer (RaftServerProxy.java:addNew(98)) - 8a2b3145-2dd0-434b-a2c2-caa8e5fb0ef1: addNew group-103E87CE587B:[8a2b3145-2dd0-434b-a2c2-caa8e5fb0ef1|rpc:10.1.0.52:15040|admin:10.1.0.52:15039|client:10.1.0.52:15038|dataStream:10.1.0.52:15041|priority:1|startupRole:FOLLOWER] returns group-103E87CE587B:java.util.concurrent.CompletableFuture@3788e402[Not completed]
2023-06-28 21:18:38,765 [8a2b3145-2dd0-434b-a2c2-caa8e5fb0ef1-groupManagement] INFO  server.RaftServer$Division (RaftServerImpl.java:<init>(198)) - 8a2b3145-2dd0-434b-a2c2-caa8e5fb0ef1: new RaftServerImpl for group-103E87CE587B:[8a2b3145-2dd0-434b-a2c2-caa8e5fb0ef1|rpc:10.1.0.52:15040|admin:10.1.0.52:15039|client:10.1.0.52:15038|dataStream:10.1.0.52:15041|priority:1|startupRole:FOLLOWER] with ContainerStateMachine:uninitialized
2023-06-28 21:18:38,765 [8a2b3145-2dd0-434b-a2c2-caa8e5fb0ef1-groupManagement] INFO  server.RaftServerConfigKeys (ConfUtils.java:logGet(46)) - raft.server.rpc.timeout.min = 5s (custom)
2023-06-28 21:18:38,765 [8a2b3145-2dd0-434b-a2c2-caa8e5fb0ef1-groupManagement] INFO  server.RaftServerConfigKeys (ConfUtils.java:logGet(46)) - raft.server.rpc.timeout.max = 5200ms (custom)
2023-06-28 21:18:38,765 [8a2b3145-2dd0-434b-a2c2-caa8e5fb0ef1-groupManagement] INFO  server.RaftServerConfigKeys (ConfUtils.java:logGet(46)) - raft.server.rpc.sleep.time = 25ms (default)
2023-06-28 21:18:38,765 [8a2b3145-2dd0-434b-a2c2-caa8e5fb0ef1-groupManagement] INFO  server.RaftServerConfigKeys (ConfUtils.java:logGet(46)) - raft.server.rpc.slowness.timeout = 300s (custom)
2023-06-28 21:18:38,766 [8a2b3145-2dd0-434b-a2c2-caa8e5fb0ef1-groupManagement] INFO  server.RaftServerConfigKeys (ConfUtils.java:logGet(46)) - raft.server.leaderelection.leader.step-down.wait-time = 10s (default)
2023-06-28 21:18:38,766 [8a2b3145-2dd0-434b-a2c2-caa8e5fb0ef1-groupManagement] INFO  server.RaftServerConfigKeys (ConfUtils.java:logGet(46)) - raft.server.sleep.deviation.threshold = 300ms (default)
2023-06-28 21:18:38,766 [8a2b3145-2dd0-434b-a2c2-caa8e5fb0ef1-groupManagement] INFO  server.RaftServer$Division (ServerState.java:<init>(120)) - 8a2b3145-2dd0-434b-a2c2-caa8e5fb0ef1@group-103E87CE587B: ConfigurationManager, init=-1: peers:[8a2b3145-2dd0-434b-a2c2-caa8e5fb0ef1|rpc:10.1.0.52:15040|admin:10.1.0.52:15039|client:10.1.0.52:15038|dataStream:10.1.0.52:15041|priority:1|startupRole:FOLLOWER]|listeners:[], old=null, confs=<EMPTY_MAP>
2023-06-28 21:18:38,766 [8a2b3145-2dd0-434b-a2c2-caa8e5fb0ef1-groupManagement] INFO  server.RaftServerConfigKeys (ConfUtils.java:logGet(46)) - raft.server.storage.dir = [/home/runner/work/ozone/ozone/hadoop-ozone/integration-test/target/test-dir/MiniOzoneClusterImpl-392d5ccd-e702-410a-a53a-05dc11be4355/datanode-2/data/ratis] (custom)
2023-06-28 21:18:38,766 [8a2b3145-2dd0-434b-a2c2-caa8e5fb0ef1-groupManagement] INFO  server.RaftServerConfigKeys (ConfUtils.java:logGet(46)) - raft.server.log.corruption.policy = EXCEPTION (default)
2023-06-28 21:18:38,766 [8a2b3145-2dd0-434b-a2c2-caa8e5fb0ef1-groupManagement] INFO  server.RaftServerConfigKeys (ConfUtils.java:logGet(46)) - raft.server.storage.free-space.min = 0MB (=0) (default)
2023-06-28 21:18:38,766 [8a2b3145-2dd0-434b-a2c2-caa8e5fb0ef1-groupManagement] INFO  server.RaftServerConfigKeys (ConfUtils.java:logGet(46)) - raft.server.notification.no-leader.timeout = 300s (custom)
2023-06-28 21:18:38,766 [8a2b3145-2dd0-434b-a2c2-caa8e5fb0ef1-groupManagement] INFO  server.RaftServerConfigKeys (ConfUtils.java:logGet(46)) - raft.server.read.timeout = 10s (default)
2023-06-28 21:18:38,766 [8a2b3145-2dd0-434b-a2c2-caa8e5fb0ef1-groupManagement] INFO  server.RaftServerConfigKeys (ConfUtils.java:logGet(46)) - raft.server.retrycache.expirytime = 600000ms (custom)
2023-06-28 21:18:38,767 [8a2b3145-2dd0-434b-a2c2-caa8e5fb0ef1-groupManagement] INFO  server.RaftServerConfigKeys (ConfUtils.java:logGet(46)) - raft.server.retrycache.statistics.expirytime = 100μs (default)
2023-06-28 21:18:38,767 [8a2b3145-2dd0-434b-a2c2-caa8e5fb0ef1-groupManagement] INFO  server.RaftServerConfigKeys (ConfUtils.java:logGet(46)) - raft.server.read.option = DEFAULT (default)
2023-06-28 21:18:38,768 [8a2b3145-2dd0-434b-a2c2-caa8e5fb0ef1-groupManagement] INFO  server.RaftServerConfigKeys (ConfUtils.java:logGet(46)) - raft.server.rpc.request.timeout = 60s (custom)
2023-06-28 21:18:38,768 [8a2b3145-2dd0-434b-a2c2-caa8e5fb0ef1-groupManagement] INFO  server.RaftServerConfigKeys (ConfUtils.java:logGet(46)) - raft.server.log.appender.install.snapshot.enabled = false (custom)
2023-06-28 21:18:38,768 [8a2b3145-2dd0-434b-a2c2-caa8e5fb0ef1-groupManagement] INFO  server.RaftServerConfigKeys (ConfUtils.java:logGet(46)) - raft.server.threadpool.server.cached = true (default)
2023-06-28 21:18:38,768 [8a2b3145-2dd0-434b-a2c2-caa8e5fb0ef1-groupManagement] INFO  server.RaftServerConfigKeys (ConfUtils.java:logGet(46)) - raft.server.threadpool.server.size = 0 (default)
2023-06-28 21:18:38,768 [8a2b3145-2dd0-434b-a2c2-caa8e5fb0ef1-groupManagement] INFO  server.RaftServerConfigKeys (ConfUtils.java:logGet(46)) - raft.server.threadpool.client.cached = true (default)
2023-06-28 21:18:38,768 [8a2b3145-2dd0-434b-a2c2-caa8e5fb0ef1-groupManagement] INFO  server.RaftServerConfigKeys (ConfUtils.java:logGet(46)) - raft.server.threadpool.client.size = 0 (default)
2023-06-28 21:18:38,768 [8a2b3145-2dd0-434b-a2c2-caa8e5fb0ef1-groupManagement] INFO  storage.RaftStorageDirectory (RaftStorageDirectoryImpl.java:analyzeStorage(137)) - The storage directory /home/runner/work/ozone/ozone/hadoop-ozone/integration-test/target/test-dir/MiniOzoneClusterImpl-392d5ccd-e702-410a-a53a-05dc11be4355/datanode-2/data/ratis/fbb153d4-2199-4531-8493-103e87ce587b does not exist. Creating ...
2023-06-28 21:18:38,774 [8a2b3145-2dd0-434b-a2c2-caa8e5fb0ef1-groupManagement] INFO  storage.RaftStorageDirectory (RaftStorageDirectoryImpl.java:tryLock(231)) - Lock on /home/runner/work/ozone/ozone/hadoop-ozone/integration-test/target/test-dir/MiniOzoneClusterImpl-392d5ccd-e702-410a-a53a-05dc11be4355/datanode-2/data/ratis/fbb153d4-2199-4531-8493-103e87ce587b/in_use.lock acquired by nodename 42875@fv-az613-21
2023-06-28 21:18:38,781 [08ff75f9-1328-4943-9840-929c3a1c46cb-groupManagement] INFO  server.RaftServerConfigKeys (ConfUtils.java:logGet(46)) - raft.server.log.unsafe-flush.enabled = false (default)
2023-06-28 21:18:38,786 [08ff75f9-1328-4943-9840-929c3a1c46cb-groupManagement] INFO  server.RaftServerConfigKeys (ConfUtils.java:logGet(46)) - raft.server.log.async-flush.enabled = false (default)
2023-06-28 21:18:38,787 [08ff75f9-1328-4943-9840-929c3a1c46cb-groupManagement] INFO  server.RaftServerConfigKeys (ConfUtils.java:logGet(46)) - raft.server.log.statemachine.data.caching.enabled = true (custom)
2023-06-28 21:18:38,788 [08ff75f9-1328-4943-9840-929c3a1c46cb-groupManagement] INFO  segmented.SegmentedRaftLogWorker (SegmentedRaftLogWorker.java:lambda$new$0(135)) - 08ff75f9-1328-4943-9840-929c3a1c46cb@group-E00510221AAC-SegmentedRaftLogWorker: flushIndex: setUnconditionally 0 -> -1
2023-06-28 21:18:38,788 [08ff75f9-1328-4943-9840-929c3a1c46cb-groupManagement] INFO  segmented.SegmentedRaftLogWorker (SegmentedRaftLogWorker.java:lambda$new$0(135)) - 08ff75f9-1328-4943-9840-929c3a1c46cb@group-E00510221AAC-SegmentedRaftLogWorker: safeCacheEvictIndex: setUnconditionally 0 -> -1
2023-06-28 21:18:38,788 [08ff75f9-1328-4943-9840-929c3a1c46cb-groupManagement] INFO  server.RaftServer$Division (RaftServerImpl.java:start(342)) - 08ff75f9-1328-4943-9840-929c3a1c46cb@group-E00510221AAC: start as a follower, conf=-1: peers:[bb0e9150-086f-4512-ab04-1336b269041b|rpc:10.1.0.52:15022|admin:10.1.0.52:15021|client:10.1.0.52:15020|dataStream:10.1.0.52:15023|priority:0|startupRole:FOLLOWER, 08ff75f9-1328-4943-9840-929c3a1c46cb|rpc:10.1.0.52:15031|admin:10.1.0.52:15030|client:10.1.0.52:15029|dataStream:10.1.0.52:15032|priority:0|startupRole:FOLLOWER, 8a2b3145-2dd0-434b-a2c2-caa8e5fb0ef1|rpc:10.1.0.52:15040|admin:10.1.0.52:15039|client:10.1.0.52:15038|dataStream:10.1.0.52:15041|priority:1|startupRole:FOLLOWER]|listeners:[], old=null
2023-06-28 21:18:38,788 [08ff75f9-1328-4943-9840-929c3a1c46cb-groupManagement] INFO  server.RaftServer$Division (RaftServerImpl.java:setRole(329)) - 08ff75f9-1328-4943-9840-929c3a1c46cb@group-E00510221AAC: changes role from      null to FOLLOWER at term 0 for startAsFollower
2023-06-28 21:18:38,788 [08ff75f9-1328-4943-9840-929c3a1c46cb-groupManagement] INFO  impl.RoleInfo (RoleInfo.java:updateAndGet(139)) - 08ff75f9-1328-4943-9840-929c3a1c46cb: start 08ff75f9-1328-4943-9840-929c3a1c46cb@group-E00510221AAC-FollowerState
2023-06-28 21:18:38,790 [08ff75f9-1328-4943-9840-929c3a1c46cb-groupManagement] INFO  util.JmxRegister (JmxRegister.java:tryRegister(44)) - Successfully registered JMX Bean with object name Ratis:service=RaftServer,group=group-E00510221AAC,id=08ff75f9-1328-4943-9840-929c3a1c46cb
2023-06-28 21:18:38,790 [08ff75f9-1328-4943-9840-929c3a1c46cb-groupManagement] INFO  server.RaftServerConfigKeys (ConfUtils.java:logGet(46)) - raft.server.snapshot.auto.trigger.enabled = true (custom)
2023-06-28 21:18:38,790 [08ff75f9-1328-4943-9840-929c3a1c46cb-groupManagement] INFO  server.RaftServerConfigKeys (ConfUtils.java:logGet(46)) - raft.server.snapshot.auto.trigger.threshold = 10000 (custom)
2023-06-28 21:18:38,790 [08ff75f9-1328-4943-9840-929c3a1c46cb-groupManagement] INFO  server.RaftServerConfigKeys (ConfUtils.java:logGet(46)) - raft.server.snapshot.retention.file.num = 5 (custom)
2023-06-28 21:18:38,790 [08ff75f9-1328-4943-9840-929c3a1c46cb-groupManagement] INFO  server.RaftServerConfigKeys (ConfUtils.java:logGet(46)) - raft.server.log.purge.upto.snapshot.index = false (default)
2023-06-28 21:18:38,791 [08ff75f9-1328-4943-9840-929c3a1c46cb@group-E00510221AAC-FollowerState] INFO  server.RaftServerConfigKeys (ConfUtils.java:logFallback(53)) - raft.server.rpc.first-election.timeout.min = 5s (fallback to raft.server.rpc.timeout.min)
2023-06-28 21:18:38,800 [08ff75f9-1328-4943-9840-929c3a1c46cb@group-E00510221AAC-FollowerState] INFO  server.RaftServerConfigKeys (ConfUtils.java:logFallback(53)) - raft.server.rpc.first-election.timeout.max = 5200ms (fallback to raft.server.rpc.timeout.max)
2023-06-28 21:18:38,795 [8a2b3145-2dd0-434b-a2c2-caa8e5fb0ef1-groupManagement] INFO  storage.RaftStorage (RaftStorageImpl.java:format(96)) - Storage directory /home/runner/work/ozone/ozone/hadoop-ozone/integration-test/target/test-dir/MiniOzoneClusterImpl-392d5ccd-e702-410a-a53a-05dc11be4355/datanode-2/data/ratis/fbb153d4-2199-4531-8493-103e87ce587b has been successfully formatted.
2023-06-28 21:18:38,806 [8a2b3145-2dd0-434b-a2c2-caa8e5fb0ef1-groupManagement] INFO  ratis.ContainerStateMachine (ContainerStateMachine.java:loadSnapshot(262)) - group-103E87CE587B: The snapshot info is null. Setting the last applied indexto:(t:0, i:~)
2023-06-28 21:18:38,806 [8a2b3145-2dd0-434b-a2c2-caa8e5fb0ef1-groupManagement] INFO  server.RaftServerConfigKeys (ConfUtils.java:logGet(46)) - raft.server.log.use.memory = false (default)
2023-06-28 21:18:38,806 [8a2b3145-2dd0-434b-a2c2-caa8e5fb0ef1-groupManagement] INFO  server.RaftServerConfigKeys (ConfUtils.java:logGet(46)) - raft.server.log.purge.gap = 1000000 (custom)
2023-06-28 21:18:38,806 [8a2b3145-2dd0-434b-a2c2-caa8e5fb0ef1-groupManagement] INFO  server.RaftServerConfigKeys (ConfUtils.java:logGet(46)) - raft.server.log.appender.buffer.byte-limit = 33554432 (custom)
2023-06-28 21:18:38,806 [8a2b3145-2dd0-434b-a2c2-caa8e5fb0ef1-groupManagement] INFO  server.RaftServerConfigKeys (ConfUtils.java:logGet(46)) - raft.server.log.statemachine.data.read.timeout = 1000ms (default)
2023-06-28 21:18:38,806 [8a2b3145-2dd0-434b-a2c2-caa8e5fb0ef1-groupManagement] INFO  server.RaftServerConfigKeys (ConfUtils.java:logGet(46)) - raft.server.log.purge.preservation.log.num = 0 (default)
2023-06-28 21:18:38,807 [8a2b3145-2dd0-434b-a2c2-caa8e5fb0ef1-groupManagement] INFO  server.RaftServerConfigKeys (ConfUtils.java:logGet(46)) - raft.server.log.segment.size.max = 1048576 (custom)
2023-06-28 21:18:38,811 [8a2b3145-2dd0-434b-a2c2-caa8e5fb0ef1-groupManagement] INFO  server.RaftServerConfigKeys (ConfUtils.java:logGet(46)) - raft.server.log.segment.cache.num.max = 2 (custom)
2023-06-28 21:18:38,811 [8a2b3145-2dd0-434b-a2c2-caa8e5fb0ef1-groupManagement] INFO  server.RaftServerConfigKeys (ConfUtils.java:logGet(46)) - raft.server.log.segment.cache.size.max = 200MB (=209715200) (default)
2023-06-28 21:18:38,812 [8a2b3145-2dd0-434b-a2c2-caa8e5fb0ef1-groupManagement] INFO  server.RaftServerConfigKeys (ConfUtils.java:logGet(46)) - raft.server.log.appender.buffer.byte-limit = 33554432 (custom)
2023-06-28 21:18:38,812 [8a2b3145-2dd0-434b-a2c2-caa8e5fb0ef1-groupManagement] INFO  segmented.SegmentedRaftLogWorker (SegmentedRaftLogWorker.java:<init>(188)) - new 8a2b3145-2dd0-434b-a2c2-caa8e5fb0ef1@group-103E87CE587B-SegmentedRaftLogWorker for RaftStorageImpl:Storage Directory /home/runner/work/ozone/ozone/hadoop-ozone/integration-test/target/test-dir/MiniOzoneClusterImpl-392d5ccd-e702-410a-a53a-05dc11be4355/datanode-2/data/ratis/fbb153d4-2199-4531-8493-103e87ce587b
2023-06-28 21:18:38,821 [8a2b3145-2dd0-434b-a2c2-caa8e5fb0ef1-groupManagement] INFO  server.RaftServerConfigKeys (ConfUtils.java:logGet(46)) - raft.server.log.queue.byte-limit = 4294967296 (custom)
2023-06-28 21:18:38,821 [8a2b3145-2dd0-434b-a2c2-caa8e5fb0ef1-groupManagement] INFO  server.RaftServerConfigKeys (ConfUtils.java:logGet(46)) - raft.server.log.queue.element-limit = 1024 (custom)
2023-06-28 21:18:38,821 [8a2b3145-2dd0-434b-a2c2-caa8e5fb0ef1-groupManagement] INFO  server.RaftServerConfigKeys (ConfUtils.java:logGet(46)) - raft.server.log.segment.size.max = 1048576 (custom)
2023-06-28 21:18:38,821 [8a2b3145-2dd0-434b-a2c2-caa8e5fb0ef1-groupManagement] INFO  server.RaftServerConfigKeys (ConfUtils.java:logGet(46)) - raft.server.log.preallocated.size = 16384 (custom)
2023-06-28 21:18:38,821 [8a2b3145-2dd0-434b-a2c2-caa8e5fb0ef1-groupManagement] INFO  server.RaftServerConfigKeys (ConfUtils.java:logGet(46)) - raft.server.log.force.sync.num = 128 (default)
2023-06-28 21:18:38,821 [8a2b3145-2dd0-434b-a2c2-caa8e5fb0ef1-groupManagement] INFO  server.RaftServerConfigKeys (ConfUtils.java:logGet(46)) - raft.server.log.statemachine.data.sync = true (default)
2023-06-28 21:18:38,821 [8a2b3145-2dd0-434b-a2c2-caa8e5fb0ef1-groupManagement] INFO  server.RaftServerConfigKeys (ConfUtils.java:logGet(46)) - raft.server.log.statemachine.data.sync.timeout = 10s (default)
2023-06-28 21:18:38,821 [8a2b3145-2dd0-434b-a2c2-caa8e5fb0ef1-groupManagement] INFO  server.RaftServerConfigKeys (ConfUtils.java:logGet(46)) - raft.server.log.statemachine.data.sync.timeout.retry = -1 (default)
2023-06-28 21:18:38,819 [EventQueue-PipelineReportForPipelineReportHandler] INFO  pipeline.PipelineManagerImpl (PipelineManagerImpl.java:openPipeline(443)) - Pipeline Pipeline[ Id: fbb153d4-2199-4531-8493-103e87ce587b, Nodes: 8a2b3145-2dd0-434b-a2c2-caa8e5fb0ef1(fv-az613-21.sfleub4vn5uufca0bzvsziz2ge.jx.internal.cloudapp.net/10.1.0.52), ReplicationConfig: RATIS/ONE, State:ALLOCATED, leaderId:8a2b3145-2dd0-434b-a2c2-caa8e5fb0ef1, CreationTimestamp2023-06-28T21:18:35.773Z[Etc/UTC]] moved to OPEN state
2023-06-28 21:18:38,822 [EventQueue-OpenPipelineForHealthyPipelineSafeModeRule] INFO  safemode.SCMSafeModeManager (HealthyPipelineSafeModeRule.java:process(137)) - SCM in safe mode. Healthy pipelines reported count is 0, required healthy pipeline reported count is 1
2023-06-28 21:18:38,822 [8a2b3145-2dd0-434b-a2c2-caa8e5fb0ef1-groupManagement] INFO  server.RaftServerConfigKeys (ConfUtils.java:logGet(46)) - raft.server.log.write.buffer.size = 1048576 (custom)
2023-06-28 21:18:38,823 [8a2b3145-2dd0-434b-a2c2-caa8e5fb0ef1-groupManagement] INFO  server.RaftServerConfigKeys (ConfUtils.java:logGet(46)) - raft.server.log.appender.buffer.byte-limit = 33554432 (custom)
2023-06-28 21:18:38,829 [8a2b3145-2dd0-434b-a2c2-caa8e5fb0ef1-groupManagement] INFO  server.RaftServerConfigKeys (ConfUtils.java:logGet(46)) - raft.server.log.unsafe-flush.enabled = false (default)
2023-06-28 21:18:38,829 [8a2b3145-2dd0-434b-a2c2-caa8e5fb0ef1-groupManagement] INFO  server.RaftServerConfigKeys (ConfUtils.java:logGet(46)) - raft.server.log.async-flush.enabled = false (default)
2023-06-28 21:18:38,829 [8a2b3145-2dd0-434b-a2c2-caa8e5fb0ef1-groupManagement] INFO  server.RaftServerConfigKeys (ConfUtils.java:logGet(46)) - raft.server.log.statemachine.data.caching.enabled = true (custom)
2023-06-28 21:18:38,829 [8a2b3145-2dd0-434b-a2c2-caa8e5fb0ef1-groupManagement] INFO  segmented.SegmentedRaftLogWorker (SegmentedRaftLogWorker.java:lambda$new$0(135)) - 8a2b3145-2dd0-434b-a2c2-caa8e5fb0ef1@group-103E87CE587B-SegmentedRaftLogWorker: flushIndex: setUnconditionally 0 -> -1
2023-06-28 21:18:38,829 [8a2b3145-2dd0-434b-a2c2-caa8e5fb0ef1-groupManagement] INFO  segmented.SegmentedRaftLogWorker (SegmentedRaftLogWorker.java:lambda$new$0(135)) - 8a2b3145-2dd0-434b-a2c2-caa8e5fb0ef1@group-103E87CE587B-SegmentedRaftLogWorker: safeCacheEvictIndex: setUnconditionally 0 -> -1
2023-06-28 21:18:38,829 [8a2b3145-2dd0-434b-a2c2-caa8e5fb0ef1-groupManagement] INFO  server.RaftServer$Division (RaftServerImpl.java:start(342)) - 8a2b3145-2dd0-434b-a2c2-caa8e5fb0ef1@group-103E87CE587B: start as a follower, conf=-1: peers:[8a2b3145-2dd0-434b-a2c2-caa8e5fb0ef1|rpc:10.1.0.52:15040|admin:10.1.0.52:15039|client:10.1.0.52:15038|dataStream:10.1.0.52:15041|priority:1|startupRole:FOLLOWER]|listeners:[], old=null
2023-06-28 21:18:38,829 [8a2b3145-2dd0-434b-a2c2-caa8e5fb0ef1-groupManagement] INFO  server.RaftServer$Division (RaftServerImpl.java:setRole(329)) - 8a2b3145-2dd0-434b-a2c2-caa8e5fb0ef1@group-103E87CE587B: changes role from      null to FOLLOWER at term 0 for startAsFollower
2023-06-28 21:18:38,830 [8a2b3145-2dd0-434b-a2c2-caa8e5fb0ef1-groupManagement] INFO  impl.RoleInfo (RoleInfo.java:updateAndGet(139)) - 8a2b3145-2dd0-434b-a2c2-caa8e5fb0ef1: start 8a2b3145-2dd0-434b-a2c2-caa8e5fb0ef1@group-103E87CE587B-FollowerState
2023-06-28 21:18:38,830 [8a2b3145-2dd0-434b-a2c2-caa8e5fb0ef1-groupManagement] INFO  util.JmxRegister (JmxRegister.java:tryRegister(44)) - Successfully registered JMX Bean with object name Ratis:service=RaftServer,group=group-103E87CE587B,id=8a2b3145-2dd0-434b-a2c2-caa8e5fb0ef1
2023-06-28 21:18:38,830 [8a2b3145-2dd0-434b-a2c2-caa8e5fb0ef1-groupManagement] INFO  server.RaftServerConfigKeys (ConfUtils.java:logGet(46)) - raft.server.snapshot.auto.trigger.enabled = true (custom)
2023-06-28 21:18:38,830 [8a2b3145-2dd0-434b-a2c2-caa8e5fb0ef1-groupManagement] INFO  server.RaftServerConfigKeys (ConfUtils.java:logGet(46)) - raft.server.snapshot.auto.trigger.threshold = 10000 (custom)
2023-06-28 21:18:38,830 [8a2b3145-2dd0-434b-a2c2-caa8e5fb0ef1-groupManagement] INFO  server.RaftServerConfigKeys (ConfUtils.java:logGet(46)) - raft.server.snapshot.retention.file.num = 5 (custom)
2023-06-28 21:18:38,830 [8a2b3145-2dd0-434b-a2c2-caa8e5fb0ef1-groupManagement] INFO  server.RaftServerConfigKeys (ConfUtils.java:logGet(46)) - raft.server.log.purge.upto.snapshot.index = false (default)
2023-06-28 21:18:38,831 [8a2b3145-2dd0-434b-a2c2-caa8e5fb0ef1@group-103E87CE587B-FollowerState] INFO  server.RaftServerConfigKeys (ConfUtils.java:logFallback(53)) - raft.server.rpc.first-election.timeout.min = 5s (fallback to raft.server.rpc.timeout.min)
2023-06-28 21:18:38,831 [8a2b3145-2dd0-434b-a2c2-caa8e5fb0ef1@group-103E87CE587B-FollowerState] INFO  server.RaftServerConfigKeys (ConfUtils.java:logFallback(53)) - raft.server.rpc.first-election.timeout.max = 5200ms (fallback to raft.server.rpc.timeout.max)
2023-06-28 21:18:38,832 [PipelineCommandHandlerThread-0] INFO  ratis.XceiverServerRatis (XceiverServerRatis.java:addGroup(804)) - Created group PipelineID=fbb153d4-2199-4531-8493-103e87ce587b
2023-06-28 21:18:38,832 [PipelineCommandHandlerThread-0] INFO  commandhandler.CreatePipelineCommandHandler (CreatePipelineCommandHandler.java:lambda$handle$2(124)) - Created Pipeline RATIS ONE PipelineID=fbb153d4-2199-4531-8493-103e87ce587b.
2023-06-28 21:18:38,832 [PipelineCommandHandlerThread-0] INFO  server.RaftServer (RaftServerProxy.java:addNew(98)) - 8a2b3145-2dd0-434b-a2c2-caa8e5fb0ef1: addNew group-E00510221AAC:[bb0e9150-086f-4512-ab04-1336b269041b|rpc:10.1.0.52:15022|admin:10.1.0.52:15021|client:10.1.0.52:15020|dataStream:10.1.0.52:15023|priority:0|startupRole:FOLLOWER, 08ff75f9-1328-4943-9840-929c3a1c46cb|rpc:10.1.0.52:15031|admin:10.1.0.52:15030|client:10.1.0.52:15029|dataStream:10.1.0.52:15032|priority:0|startupRole:FOLLOWER, 8a2b3145-2dd0-434b-a2c2-caa8e5fb0ef1|rpc:10.1.0.52:15040|admin:10.1.0.52:15039|client:10.1.0.52:15038|dataStream:10.1.0.52:15041|priority:1|startupRole:FOLLOWER] returns group-E00510221AAC:java.util.concurrent.CompletableFuture@394f0c83[Not completed]
2023-06-28 21:18:38,833 [8a2b3145-2dd0-434b-a2c2-caa8e5fb0ef1-groupManagement] INFO  server.RaftServer$Division (RaftServerImpl.java:<init>(198)) - 8a2b3145-2dd0-434b-a2c2-caa8e5fb0ef1: new RaftServerImpl for group-E00510221AAC:[bb0e9150-086f-4512-ab04-1336b269041b|rpc:10.1.0.52:15022|admin:10.1.0.52:15021|client:10.1.0.52:15020|dataStream:10.1.0.52:15023|priority:0|startupRole:FOLLOWER, 08ff75f9-1328-4943-9840-929c3a1c46cb|rpc:10.1.0.52:15031|admin:10.1.0.52:15030|client:10.1.0.52:15029|dataStream:10.1.0.52:15032|priority:0|startupRole:FOLLOWER, 8a2b3145-2dd0-434b-a2c2-caa8e5fb0ef1|rpc:10.1.0.52:15040|admin:10.1.0.52:15039|client:10.1.0.52:15038|dataStream:10.1.0.52:15041|priority:1|startupRole:FOLLOWER] with ContainerStateMachine:uninitialized
2023-06-28 21:18:38,833 [8a2b3145-2dd0-434b-a2c2-caa8e5fb0ef1-groupManagement] INFO  server.RaftServerConfigKeys (ConfUtils.java:logGet(46)) - raft.server.rpc.timeout.min = 5s (custom)
2023-06-28 21:18:38,834 [8a2b3145-2dd0-434b-a2c2-caa8e5fb0ef1-groupManagement] INFO  server.RaftServerConfigKeys (ConfUtils.java:logGet(46)) - raft.server.rpc.timeout.max = 5200ms (custom)
2023-06-28 21:18:38,834 [8a2b3145-2dd0-434b-a2c2-caa8e5fb0ef1-groupManagement] INFO  server.RaftServerConfigKeys (ConfUtils.java:logGet(46)) - raft.server.rpc.sleep.time = 25ms (default)
2023-06-28 21:18:38,834 [8a2b3145-2dd0-434b-a2c2-caa8e5fb0ef1-groupManagement] INFO  server.RaftServerConfigKeys (ConfUtils.java:logGet(46)) - raft.server.rpc.slowness.timeout = 300s (custom)
2023-06-28 21:18:38,834 [8a2b3145-2dd0-434b-a2c2-caa8e5fb0ef1-groupManagement] INFO  server.RaftServerConfigKeys (ConfUtils.java:logGet(46)) - raft.server.leaderelection.leader.step-down.wait-time = 10s (default)
2023-06-28 21:18:38,834 [8a2b3145-2dd0-434b-a2c2-caa8e5fb0ef1-groupManagement] INFO  server.RaftServerConfigKeys (ConfUtils.java:logGet(46)) - raft.server.sleep.deviation.threshold = 300ms (default)
2023-06-28 21:18:38,834 [8a2b3145-2dd0-434b-a2c2-caa8e5fb0ef1-groupManagement] INFO  server.RaftServer$Division (ServerState.java:<init>(120)) - 8a2b3145-2dd0-434b-a2c2-caa8e5fb0ef1@group-E00510221AAC: ConfigurationManager, init=-1: peers:[bb0e9150-086f-4512-ab04-1336b269041b|rpc:10.1.0.52:15022|admin:10.1.0.52:15021|client:10.1.0.52:15020|dataStream:10.1.0.52:15023|priority:0|startupRole:FOLLOWER, 08ff75f9-1328-4943-9840-929c3a1c46cb|rpc:10.1.0.52:15031|admin:10.1.0.52:15030|client:10.1.0.52:15029|dataStream:10.1.0.52:15032|priority:0|startupRole:FOLLOWER, 8a2b3145-2dd0-434b-a2c2-caa8e5fb0ef1|rpc:10.1.0.52:15040|admin:10.1.0.52:15039|client:10.1.0.52:15038|dataStream:10.1.0.52:15041|priority:1|startupRole:FOLLOWER]|listeners:[], old=null, confs=<EMPTY_MAP>
2023-06-28 21:18:38,834 [8a2b3145-2dd0-434b-a2c2-caa8e5fb0ef1-groupManagement] INFO  server.RaftServerConfigKeys (ConfUtils.java:logGet(46)) - raft.server.storage.dir = [/home/runner/work/ozone/ozone/hadoop-ozone/integration-test/target/test-dir/MiniOzoneClusterImpl-392d5ccd-e702-410a-a53a-05dc11be4355/datanode-2/data/ratis] (custom)
2023-06-28 21:18:38,834 [8a2b3145-2dd0-434b-a2c2-caa8e5fb0ef1-groupManagement] INFO  server.RaftServerConfigKeys (ConfUtils.java:logGet(46)) - raft.server.log.corruption.policy = EXCEPTION (default)
2023-06-28 21:18:38,834 [8a2b3145-2dd0-434b-a2c2-caa8e5fb0ef1-groupManagement] INFO  server.RaftServerConfigKeys (ConfUtils.java:logGet(46)) - raft.server.storage.free-space.min = 0MB (=0) (default)
2023-06-28 21:18:38,834 [8a2b3145-2dd0-434b-a2c2-caa8e5fb0ef1-groupManagement] INFO  server.RaftServerConfigKeys (ConfUtils.java:logGet(46)) - raft.server.notification.no-leader.timeout = 300s (custom)
2023-06-28 21:18:38,834 [8a2b3145-2dd0-434b-a2c2-caa8e5fb0ef1-groupManagement] INFO  server.RaftServerConfigKeys (ConfUtils.java:logGet(46)) - raft.server.read.timeout = 10s (default)
2023-06-28 21:18:38,834 [8a2b3145-2dd0-434b-a2c2-caa8e5fb0ef1-groupManagement] INFO  server.RaftServerConfigKeys (ConfUtils.java:logGet(46)) - raft.server.retrycache.expirytime = 600000ms (custom)
2023-06-28 21:18:38,834 [8a2b3145-2dd0-434b-a2c2-caa8e5fb0ef1-groupManagement] INFO  server.RaftServerConfigKeys (ConfUtils.java:logGet(46)) - raft.server.retrycache.statistics.expirytime = 100μs (default)
2023-06-28 21:18:38,835 [8a2b3145-2dd0-434b-a2c2-caa8e5fb0ef1-groupManagement] INFO  server.RaftServerConfigKeys (ConfUtils.java:logGet(46)) - raft.server.read.option = DEFAULT (default)
2023-06-28 21:18:38,836 [8a2b3145-2dd0-434b-a2c2-caa8e5fb0ef1-groupManagement] INFO  server.RaftServerConfigKeys (ConfUtils.java:logGet(46)) - raft.server.rpc.request.timeout = 60s (custom)
2023-06-28 21:18:38,836 [8a2b3145-2dd0-434b-a2c2-caa8e5fb0ef1-groupManagement] INFO  server.RaftServerConfigKeys (ConfUtils.java:logGet(46)) - raft.server.log.appender.install.snapshot.enabled = false (custom)
2023-06-28 21:18:38,836 [8a2b3145-2dd0-434b-a2c2-caa8e5fb0ef1-groupManagement] INFO  server.RaftServerConfigKeys (ConfUtils.java:logGet(46)) - raft.server.threadpool.server.cached = true (default)
2023-06-28 21:18:38,836 [8a2b3145-2dd0-434b-a2c2-caa8e5fb0ef1-groupManagement] INFO  server.RaftServerConfigKeys (ConfUtils.java:logGet(46)) - raft.server.threadpool.server.size = 0 (default)
2023-06-28 21:18:38,836 [8a2b3145-2dd0-434b-a2c2-caa8e5fb0ef1-groupManagement] INFO  server.RaftServerConfigKeys (ConfUtils.java:logGet(46)) - raft.server.threadpool.client.cached = true (default)
2023-06-28 21:18:38,836 [8a2b3145-2dd0-434b-a2c2-caa8e5fb0ef1-groupManagement] INFO  server.RaftServerConfigKeys (ConfUtils.java:logGet(46)) - raft.server.threadpool.client.size = 0 (default)
2023-06-28 21:18:38,836 [8a2b3145-2dd0-434b-a2c2-caa8e5fb0ef1-groupManagement] INFO  storage.RaftStorageDirectory (RaftStorageDirectoryImpl.java:analyzeStorage(137)) - The storage directory /home/runner/work/ozone/ozone/hadoop-ozone/integration-test/target/test-dir/MiniOzoneClusterImpl-392d5ccd-e702-410a-a53a-05dc11be4355/datanode-2/data/ratis/ec97d074-e652-4099-ba0c-e00510221aac does not exist. Creating ...
2023-06-28 21:18:38,837 [8a2b3145-2dd0-434b-a2c2-caa8e5fb0ef1-groupManagement] INFO  storage.RaftStorageDirectory (RaftStorageDirectoryImpl.java:tryLock(231)) - Lock on /home/runner/work/ozone/ozone/hadoop-ozone/integration-test/target/test-dir/MiniOzoneClusterImpl-392d5ccd-e702-410a-a53a-05dc11be4355/datanode-2/data/ratis/ec97d074-e652-4099-ba0c-e00510221aac/in_use.lock acquired by nodename 42875@fv-az613-21
2023-06-28 21:18:38,839 [8a2b3145-2dd0-434b-a2c2-caa8e5fb0ef1-groupManagement] INFO  storage.RaftStorage (RaftStorageImpl.java:format(96)) - Storage directory /home/runner/work/ozone/ozone/hadoop-ozone/integration-test/target/test-dir/MiniOzoneClusterImpl-392d5ccd-e702-410a-a53a-05dc11be4355/datanode-2/data/ratis/ec97d074-e652-4099-ba0c-e00510221aac has been successfully formatted.
2023-06-28 21:18:38,839 [8a2b3145-2dd0-434b-a2c2-caa8e5fb0ef1-groupManagement] INFO  ratis.ContainerStateMachine (ContainerStateMachine.java:loadSnapshot(262)) - group-E00510221AAC: The snapshot info is null. Setting the last applied indexto:(t:0, i:~)
2023-06-28 21:18:38,840 [8a2b3145-2dd0-434b-a2c2-caa8e5fb0ef1-groupManagement] INFO  server.RaftServerConfigKeys (ConfUtils.java:logGet(46)) - raft.server.log.use.memory = false (default)
2023-06-28 21:18:38,840 [8a2b3145-2dd0-434b-a2c2-caa8e5fb0ef1-groupManagement] INFO  server.RaftServerConfigKeys (ConfUtils.java:logGet(46)) - raft.server.log.purge.gap = 1000000 (custom)
2023-06-28 21:18:38,840 [8a2b3145-2dd0-434b-a2c2-caa8e5fb0ef1-groupManagement] INFO  server.RaftServerConfigKeys (ConfUtils.java:logGet(46)) - raft.server.log.appender.buffer.byte-limit = 33554432 (custom)
2023-06-28 21:18:38,840 [8a2b3145-2dd0-434b-a2c2-caa8e5fb0ef1-groupManagement] INFO  server.RaftServerConfigKeys (ConfUtils.java:logGet(46)) - raft.server.log.statemachine.data.read.timeout = 1000ms (default)
2023-06-28 21:18:38,840 [8a2b3145-2dd0-434b-a2c2-caa8e5fb0ef1-groupManagement] INFO  server.RaftServerConfigKeys (ConfUtils.java:logGet(46)) - raft.server.log.purge.preservation.log.num = 0 (default)
2023-06-28 21:18:38,840 [8a2b3145-2dd0-434b-a2c2-caa8e5fb0ef1-groupManagement] INFO  server.RaftServerConfigKeys (ConfUtils.java:logGet(46)) - raft.server.log.segment.size.max = 1048576 (custom)
2023-06-28 21:18:38,843 [8a2b3145-2dd0-434b-a2c2-caa8e5fb0ef1-groupManagement] INFO  server.RaftServerConfigKeys (ConfUtils.java:logGet(46)) - raft.server.log.segment.cache.num.max = 2 (custom)
2023-06-28 21:18:38,844 [8a2b3145-2dd0-434b-a2c2-caa8e5fb0ef1-groupManagement] INFO  server.RaftServerConfigKeys (ConfUtils.java:logGet(46)) - raft.server.log.segment.cache.size.max = 200MB (=209715200) (default)
2023-06-28 21:18:38,844 [8a2b3145-2dd0-434b-a2c2-caa8e5fb0ef1-groupManagement] INFO  server.RaftServerConfigKeys (ConfUtils.java:logGet(46)) - raft.server.log.appender.buffer.byte-limit = 33554432 (custom)
2023-06-28 21:18:38,844 [8a2b3145-2dd0-434b-a2c2-caa8e5fb0ef1-groupManagement] INFO  segmented.SegmentedRaftLogWorker (SegmentedRaftLogWorker.java:<init>(188)) - new 8a2b3145-2dd0-434b-a2c2-caa8e5fb0ef1@group-E00510221AAC-SegmentedRaftLogWorker for RaftStorageImpl:Storage Directory /home/runner/work/ozone/ozone/hadoop-ozone/integration-test/target/test-dir/MiniOzoneClusterImpl-392d5ccd-e702-410a-a53a-05dc11be4355/datanode-2/data/ratis/ec97d074-e652-4099-ba0c-e00510221aac
2023-06-28 21:18:38,844 [8a2b3145-2dd0-434b-a2c2-caa8e5fb0ef1-groupManagement] INFO  server.RaftServerConfigKeys (ConfUtils.java:logGet(46)) - raft.server.log.queue.byte-limit = 4294967296 (custom)
2023-06-28 21:18:38,844 [8a2b3145-2dd0-434b-a2c2-caa8e5fb0ef1-groupManagement] INFO  server.RaftServerConfigKeys (ConfUtils.java:logGet(46)) - raft.server.log.queue.element-limit = 1024 (custom)
2023-06-28 21:18:38,844 [8a2b3145-2dd0-434b-a2c2-caa8e5fb0ef1-groupManagement] INFO  server.RaftServerConfigKeys (ConfUtils.java:logGet(46)) - raft.server.log.segment.size.max = 1048576 (custom)
2023-06-28 21:18:38,844 [8a2b3145-2dd0-434b-a2c2-caa8e5fb0ef1-groupManagement] INFO  server.RaftServerConfigKeys (ConfUtils.java:logGet(46)) - raft.server.log.preallocated.size = 16384 (custom)
2023-06-28 21:18:38,844 [8a2b3145-2dd0-434b-a2c2-caa8e5fb0ef1-groupManagement] INFO  server.RaftServerConfigKeys (ConfUtils.java:logGet(46)) - raft.server.log.force.sync.num = 128 (default)
2023-06-28 21:18:38,844 [8a2b3145-2dd0-434b-a2c2-caa8e5fb0ef1-groupManagement] INFO  server.RaftServerConfigKeys (ConfUtils.java:logGet(46)) - raft.server.log.statemachine.data.sync = true (default)
2023-06-28 21:18:38,844 [8a2b3145-2dd0-434b-a2c2-caa8e5fb0ef1-groupManagement] INFO  server.RaftServerConfigKeys (ConfUtils.java:logGet(46)) - raft.server.log.statemachine.data.sync.timeout = 10s (default)
2023-06-28 21:18:38,847 [8a2b3145-2dd0-434b-a2c2-caa8e5fb0ef1-groupManagement] INFO  server.RaftServerConfigKeys (ConfUtils.java:logGet(46)) - raft.server.log.statemachine.data.sync.timeout.retry = -1 (default)
2023-06-28 21:18:38,844 [EventQueue-OpenPipelineForHealthyPipelineSafeModeRule] INFO  safemode.SCMSafeModeManager (HealthyPipelineSafeModeRule.java:process(137)) - SCM in safe mode. Healthy pipelines reported count is 0, required healthy pipeline reported count is 1
2023-06-28 21:18:38,848 [8a2b3145-2dd0-434b-a2c2-caa8e5fb0ef1-groupManagement] INFO  server.RaftServerConfigKeys (ConfUtils.java:logGet(46)) - raft.server.log.write.buffer.size = 1048576 (custom)
2023-06-28 21:18:38,852 [8a2b3145-2dd0-434b-a2c2-caa8e5fb0ef1-groupManagement] INFO  server.RaftServerConfigKeys (ConfUtils.java:logGet(46)) - raft.server.log.appender.buffer.byte-limit = 33554432 (custom)
2023-06-28 21:18:38,861 [8a2b3145-2dd0-434b-a2c2-caa8e5fb0ef1-groupManagement] INFO  server.RaftServerConfigKeys (ConfUtils.java:logGet(46)) - raft.server.log.unsafe-flush.enabled = false (default)
2023-06-28 21:18:38,861 [8a2b3145-2dd0-434b-a2c2-caa8e5fb0ef1-groupManagement] INFO  server.RaftServerConfigKeys (ConfUtils.java:logGet(46)) - raft.server.log.async-flush.enabled = false (default)
2023-06-28 21:18:38,861 [8a2b3145-2dd0-434b-a2c2-caa8e5fb0ef1-groupManagement] INFO  server.RaftServerConfigKeys (ConfUtils.java:logGet(46)) - raft.server.log.statemachine.data.caching.enabled = true (custom)
2023-06-28 21:18:38,861 [8a2b3145-2dd0-434b-a2c2-caa8e5fb0ef1-groupManagement] INFO  segmented.SegmentedRaftLogWorker (SegmentedRaftLogWorker.java:lambda$new$0(135)) - 8a2b3145-2dd0-434b-a2c2-caa8e5fb0ef1@group-E00510221AAC-SegmentedRaftLogWorker: flushIndex: setUnconditionally 0 -> -1
2023-06-28 21:18:38,862 [8a2b3145-2dd0-434b-a2c2-caa8e5fb0ef1-groupManagement] INFO  segmented.SegmentedRaftLogWorker (SegmentedRaftLogWorker.java:lambda$new$0(135)) - 8a2b3145-2dd0-434b-a2c2-caa8e5fb0ef1@group-E00510221AAC-SegmentedRaftLogWorker: safeCacheEvictIndex: setUnconditionally 0 -> -1
2023-06-28 21:18:38,863 [8a2b3145-2dd0-434b-a2c2-caa8e5fb0ef1-groupManagement] INFO  server.RaftServer$Division (RaftServerImpl.java:start(342)) - 8a2b3145-2dd0-434b-a2c2-caa8e5fb0ef1@group-E00510221AAC: start as a follower, conf=-1: peers:[bb0e9150-086f-4512-ab04-1336b269041b|rpc:10.1.0.52:15022|admin:10.1.0.52:15021|client:10.1.0.52:15020|dataStream:10.1.0.52:15023|priority:0|startupRole:FOLLOWER, 08ff75f9-1328-4943-9840-929c3a1c46cb|rpc:10.1.0.52:15031|admin:10.1.0.52:15030|client:10.1.0.52:15029|dataStream:10.1.0.52:15032|priority:0|startupRole:FOLLOWER, 8a2b3145-2dd0-434b-a2c2-caa8e5fb0ef1|rpc:10.1.0.52:15040|admin:10.1.0.52:15039|client:10.1.0.52:15038|dataStream:10.1.0.52:15041|priority:1|startupRole:FOLLOWER]|listeners:[], old=null
2023-06-28 21:18:38,863 [8a2b3145-2dd0-434b-a2c2-caa8e5fb0ef1-groupManagement] INFO  server.RaftServer$Division (RaftServerImpl.java:setRole(329)) - 8a2b3145-2dd0-434b-a2c2-caa8e5fb0ef1@group-E00510221AAC: changes role from      null to FOLLOWER at term 0 for startAsFollower
2023-06-28 21:18:38,863 [8a2b3145-2dd0-434b-a2c2-caa8e5fb0ef1-groupManagement] INFO  impl.RoleInfo (RoleInfo.java:updateAndGet(139)) - 8a2b3145-2dd0-434b-a2c2-caa8e5fb0ef1: start 8a2b3145-2dd0-434b-a2c2-caa8e5fb0ef1@group-E00510221AAC-FollowerState
2023-06-28 21:18:38,863 [8a2b3145-2dd0-434b-a2c2-caa8e5fb0ef1-groupManagement] INFO  util.JmxRegister (JmxRegister.java:tryRegister(44)) - Successfully registered JMX Bean with object name Ratis:service=RaftServer,group=group-E00510221AAC,id=8a2b3145-2dd0-434b-a2c2-caa8e5fb0ef1
2023-06-28 21:18:38,864 [8a2b3145-2dd0-434b-a2c2-caa8e5fb0ef1-groupManagement] INFO  server.RaftServerConfigKeys (ConfUtils.java:logGet(46)) - raft.server.snapshot.auto.trigger.enabled = true (custom)
2023-06-28 21:18:38,864 [8a2b3145-2dd0-434b-a2c2-caa8e5fb0ef1-groupManagement] INFO  server.RaftServerConfigKeys (ConfUtils.java:logGet(46)) - raft.server.snapshot.auto.trigger.threshold = 10000 (custom)
2023-06-28 21:18:38,864 [8a2b3145-2dd0-434b-a2c2-caa8e5fb0ef1-groupManagement] INFO  server.RaftServerConfigKeys (ConfUtils.java:logGet(46)) - raft.server.snapshot.retention.file.num = 5 (custom)
2023-06-28 21:18:38,864 [8a2b3145-2dd0-434b-a2c2-caa8e5fb0ef1-groupManagement] INFO  server.RaftServerConfigKeys (ConfUtils.java:logGet(46)) - raft.server.log.purge.upto.snapshot.index = false (default)
2023-06-28 21:18:38,865 [8a2b3145-2dd0-434b-a2c2-caa8e5fb0ef1@group-E00510221AAC-FollowerState] INFO  server.RaftServerConfigKeys (ConfUtils.java:logFallback(53)) - raft.server.rpc.first-election.timeout.min = 5s (fallback to raft.server.rpc.timeout.min)
2023-06-28 21:18:38,867 [PipelineCommandHandlerThread-0] INFO  ratis.XceiverServerRatis (XceiverServerRatis.java:addGroup(804)) - Created group PipelineID=ec97d074-e652-4099-ba0c-e00510221aac
2023-06-28 21:18:38,871 [8a2b3145-2dd0-434b-a2c2-caa8e5fb0ef1@group-E00510221AAC-FollowerState] INFO  server.RaftServerConfigKeys (ConfUtils.java:logFallback(53)) - raft.server.rpc.first-election.timeout.max = 5200ms (fallback to raft.server.rpc.timeout.max)
2023-06-28 21:18:38,898 [omNode-3@group-523986131536-FollowerState] INFO  server.RaftServerConfigKeys (ConfUtils.java:logFallback(53)) - raft.server.rpc.first-election.timeout.min = 1s (fallback to raft.server.rpc.timeout.min)
2023-06-28 21:18:38,898 [omNode-3@group-523986131536-FollowerState] INFO  server.RaftServerConfigKeys (ConfUtils.java:logFallback(53)) - raft.server.rpc.first-election.timeout.max = 1200ms (fallback to raft.server.rpc.timeout.max)
2023-06-28 21:18:38,925 [PipelineCommandHandlerThread-0] INFO  commandhandler.CreatePipelineCommandHandler (CreatePipelineCommandHandler.java:lambda$handle$2(124)) - Created Pipeline RATIS THREE PipelineID=ec97d074-e652-4099-ba0c-e00510221aac.
2023-06-28 21:18:38,957 [PipelineCommandHandlerThread-0] INFO  commandhandler.CreatePipelineCommandHandler (CreatePipelineCommandHandler.java:lambda$handle$2(124)) - Created Pipeline RATIS THREE PipelineID=ec97d074-e652-4099-ba0c-e00510221aac.
2023-06-28 21:18:39,133 [PipelineCommandHandlerThread-0] INFO  server.RaftServer (RaftServerProxy.java:addNew(98)) - dafdcea3-8be0-4d1d-be6d-f6a2e26020ac: addNew group-C0C33696154C:[dafdcea3-8be0-4d1d-be6d-f6a2e26020ac|rpc:10.1.0.52:15049|admin:10.1.0.52:15048|client:10.1.0.52:15047|dataStream:10.1.0.52:15050|priority:1|startupRole:FOLLOWER] returns group-C0C33696154C:java.util.concurrent.CompletableFuture@1ff62f8a[Not completed]
2023-06-28 21:18:39,135 [dafdcea3-8be0-4d1d-be6d-f6a2e26020ac-groupManagement] INFO  server.RaftServer$Division (RaftServerImpl.java:<init>(198)) - dafdcea3-8be0-4d1d-be6d-f6a2e26020ac: new RaftServerImpl for group-C0C33696154C:[dafdcea3-8be0-4d1d-be6d-f6a2e26020ac|rpc:10.1.0.52:15049|admin:10.1.0.52:15048|client:10.1.0.52:15047|dataStream:10.1.0.52:15050|priority:1|startupRole:FOLLOWER] with ContainerStateMachine:uninitialized
2023-06-28 21:18:39,135 [dafdcea3-8be0-4d1d-be6d-f6a2e26020ac-groupManagement] INFO  server.RaftServerConfigKeys (ConfUtils.java:logGet(46)) - raft.server.rpc.timeout.min = 5s (custom)
2023-06-28 21:18:39,135 [dafdcea3-8be0-4d1d-be6d-f6a2e26020ac-groupManagement] INFO  server.RaftServerConfigKeys (ConfUtils.java:logGet(46)) - raft.server.rpc.timeout.max = 5200ms (custom)
2023-06-28 21:18:39,135 [dafdcea3-8be0-4d1d-be6d-f6a2e26020ac-groupManagement] INFO  server.RaftServerConfigKeys (ConfUtils.java:logGet(46)) - raft.server.rpc.sleep.time = 25ms (default)
2023-06-28 21:18:39,135 [dafdcea3-8be0-4d1d-be6d-f6a2e26020ac-groupManagement] INFO  server.RaftServerConfigKeys (ConfUtils.java:logGet(46)) - raft.server.rpc.slowness.timeout = 300s (custom)
2023-06-28 21:18:39,135 [dafdcea3-8be0-4d1d-be6d-f6a2e26020ac-groupManagement] INFO  server.RaftServerConfigKeys (ConfUtils.java:logGet(46)) - raft.server.leaderelection.leader.step-down.wait-time = 10s (default)
2023-06-28 21:18:39,135 [dafdcea3-8be0-4d1d-be6d-f6a2e26020ac-groupManagement] INFO  server.RaftServerConfigKeys (ConfUtils.java:logGet(46)) - raft.server.sleep.deviation.threshold = 300ms (default)
2023-06-28 21:18:39,135 [dafdcea3-8be0-4d1d-be6d-f6a2e26020ac-groupManagement] INFO  server.RaftServer$Division (ServerState.java:<init>(120)) - dafdcea3-8be0-4d1d-be6d-f6a2e26020ac@group-C0C33696154C: ConfigurationManager, init=-1: peers:[dafdcea3-8be0-4d1d-be6d-f6a2e26020ac|rpc:10.1.0.52:15049|admin:10.1.0.52:15048|client:10.1.0.52:15047|dataStream:10.1.0.52:15050|priority:1|startupRole:FOLLOWER]|listeners:[], old=null, confs=<EMPTY_MAP>
2023-06-28 21:18:39,135 [dafdcea3-8be0-4d1d-be6d-f6a2e26020ac-groupManagement] INFO  server.RaftServerConfigKeys (ConfUtils.java:logGet(46)) - raft.server.storage.dir = [/home/runner/work/ozone/ozone/hadoop-ozone/integration-test/target/test-dir/MiniOzoneClusterImpl-392d5ccd-e702-410a-a53a-05dc11be4355/datanode-3/data/ratis] (custom)
2023-06-28 21:18:39,136 [dafdcea3-8be0-4d1d-be6d-f6a2e26020ac-groupManagement] INFO  server.RaftServerConfigKeys (ConfUtils.java:logGet(46)) - raft.server.log.corruption.policy = EXCEPTION (default)
2023-06-28 21:18:39,136 [dafdcea3-8be0-4d1d-be6d-f6a2e26020ac-groupManagement] INFO  server.RaftServerConfigKeys (ConfUtils.java:logGet(46)) - raft.server.storage.free-space.min = 0MB (=0) (default)
2023-06-28 21:18:39,136 [dafdcea3-8be0-4d1d-be6d-f6a2e26020ac-groupManagement] INFO  server.RaftServerConfigKeys (ConfUtils.java:logGet(46)) - raft.server.notification.no-leader.timeout = 300s (custom)
2023-06-28 21:18:39,136 [dafdcea3-8be0-4d1d-be6d-f6a2e26020ac-groupManagement] INFO  server.RaftServerConfigKeys (ConfUtils.java:logGet(46)) - raft.server.read.timeout = 10s (default)
2023-06-28 21:18:39,136 [dafdcea3-8be0-4d1d-be6d-f6a2e26020ac-groupManagement] INFO  server.RaftServerConfigKeys (ConfUtils.java:logGet(46)) - raft.server.retrycache.expirytime = 600000ms (custom)
2023-06-28 21:18:39,136 [dafdcea3-8be0-4d1d-be6d-f6a2e26020ac-groupManagement] INFO  server.RaftServerConfigKeys (ConfUtils.java:logGet(46)) - raft.server.retrycache.statistics.expirytime = 100μs (default)
2023-06-28 21:18:39,136 [dafdcea3-8be0-4d1d-be6d-f6a2e26020ac-groupManagement] INFO  server.RaftServerConfigKeys (ConfUtils.java:logGet(46)) - raft.server.read.option = DEFAULT (default)
2023-06-28 21:18:39,139 [dafdcea3-8be0-4d1d-be6d-f6a2e26020ac-groupManagement] INFO  server.RaftServerConfigKeys (ConfUtils.java:logGet(46)) - raft.server.rpc.request.timeout = 60s (custom)
2023-06-28 21:18:39,140 [dafdcea3-8be0-4d1d-be6d-f6a2e26020ac-groupManagement] INFO  server.RaftServerConfigKeys (ConfUtils.java:logGet(46)) - raft.server.log.appender.install.snapshot.enabled = false (custom)
2023-06-28 21:18:39,140 [dafdcea3-8be0-4d1d-be6d-f6a2e26020ac-groupManagement] INFO  server.RaftServerConfigKeys (ConfUtils.java:logGet(46)) - raft.server.threadpool.server.cached = true (default)
2023-06-28 21:18:39,140 [dafdcea3-8be0-4d1d-be6d-f6a2e26020ac-groupManagement] INFO  server.RaftServerConfigKeys (ConfUtils.java:logGet(46)) - raft.server.threadpool.server.size = 0 (default)
2023-06-28 21:18:39,140 [dafdcea3-8be0-4d1d-be6d-f6a2e26020ac-groupManagement] INFO  server.RaftServerConfigKeys (ConfUtils.java:logGet(46)) - raft.server.threadpool.client.cached = true (default)
2023-06-28 21:18:39,140 [dafdcea3-8be0-4d1d-be6d-f6a2e26020ac-groupManagement] INFO  server.RaftServerConfigKeys (ConfUtils.java:logGet(46)) - raft.server.threadpool.client.size = 0 (default)
2023-06-28 21:18:39,140 [dafdcea3-8be0-4d1d-be6d-f6a2e26020ac-groupManagement] INFO  storage.RaftStorageDirectory (RaftStorageDirectoryImpl.java:analyzeStorage(137)) - The storage directory /home/runner/work/ozone/ozone/hadoop-ozone/integration-test/target/test-dir/MiniOzoneClusterImpl-392d5ccd-e702-410a-a53a-05dc11be4355/datanode-3/data/ratis/09561415-6bbd-4062-a8a9-c0c33696154c does not exist. Creating ...
2023-06-28 21:18:39,141 [dafdcea3-8be0-4d1d-be6d-f6a2e26020ac-groupManagement] INFO  storage.RaftStorageDirectory (RaftStorageDirectoryImpl.java:tryLock(231)) - Lock on /home/runner/work/ozone/ozone/hadoop-ozone/integration-test/target/test-dir/MiniOzoneClusterImpl-392d5ccd-e702-410a-a53a-05dc11be4355/datanode-3/data/ratis/09561415-6bbd-4062-a8a9-c0c33696154c/in_use.lock acquired by nodename 42875@fv-az613-21
2023-06-28 21:18:39,143 [dafdcea3-8be0-4d1d-be6d-f6a2e26020ac-groupManagement] INFO  storage.RaftStorage (RaftStorageImpl.java:format(96)) - Storage directory /home/runner/work/ozone/ozone/hadoop-ozone/integration-test/target/test-dir/MiniOzoneClusterImpl-392d5ccd-e702-410a-a53a-05dc11be4355/datanode-3/data/ratis/09561415-6bbd-4062-a8a9-c0c33696154c has been successfully formatted.
2023-06-28 21:18:39,146 [dafdcea3-8be0-4d1d-be6d-f6a2e26020ac-groupManagement] INFO  ratis.ContainerStateMachine (ContainerStateMachine.java:loadSnapshot(262)) - group-C0C33696154C: The snapshot info is null. Setting the last applied indexto:(t:0, i:~)
2023-06-28 21:18:39,147 [dafdcea3-8be0-4d1d-be6d-f6a2e26020ac-groupManagement] INFO  server.RaftServerConfigKeys (ConfUtils.java:logGet(46)) - raft.server.log.use.memory = false (default)
2023-06-28 21:18:39,147 [dafdcea3-8be0-4d1d-be6d-f6a2e26020ac-groupManagement] INFO  server.RaftServerConfigKeys (ConfUtils.java:logGet(46)) - raft.server.log.purge.gap = 1000000 (custom)
2023-06-28 21:18:39,149 [dafdcea3-8be0-4d1d-be6d-f6a2e26020ac-groupManagement] INFO  server.RaftServerConfigKeys (ConfUtils.java:logGet(46)) - raft.server.log.appender.buffer.byte-limit = 33554432 (custom)
2023-06-28 21:18:39,149 [dafdcea3-8be0-4d1d-be6d-f6a2e26020ac-groupManagement] INFO  server.RaftServerConfigKeys (ConfUtils.java:logGet(46)) - raft.server.log.statemachine.data.read.timeout = 1000ms (default)
2023-06-28 21:18:39,149 [dafdcea3-8be0-4d1d-be6d-f6a2e26020ac-groupManagement] INFO  server.RaftServerConfigKeys (ConfUtils.java:logGet(46)) - raft.server.log.purge.preservation.log.num = 0 (default)
2023-06-28 21:18:39,150 [dafdcea3-8be0-4d1d-be6d-f6a2e26020ac-groupManagement] INFO  server.RaftServerConfigKeys (ConfUtils.java:logGet(46)) - raft.server.log.segment.size.max = 1048576 (custom)
2023-06-28 21:18:39,150 [dafdcea3-8be0-4d1d-be6d-f6a2e26020ac-groupManagement] INFO  server.RaftServerConfigKeys (ConfUtils.java:logGet(46)) - raft.server.log.segment.cache.num.max = 2 (custom)
2023-06-28 21:18:39,150 [dafdcea3-8be0-4d1d-be6d-f6a2e26020ac-groupManagement] INFO  server.RaftServerConfigKeys (ConfUtils.java:logGet(46)) - raft.server.log.segment.cache.size.max = 200MB (=209715200) (default)
2023-06-28 21:18:39,150 [dafdcea3-8be0-4d1d-be6d-f6a2e26020ac-groupManagement] INFO  server.RaftServerConfigKeys (ConfUtils.java:logGet(46)) - raft.server.log.appender.buffer.byte-limit = 33554432 (custom)
2023-06-28 21:18:39,150 [dafdcea3-8be0-4d1d-be6d-f6a2e26020ac-groupManagement] INFO  segmented.SegmentedRaftLogWorker (SegmentedRaftLogWorker.java:<init>(188)) - new dafdcea3-8be0-4d1d-be6d-f6a2e26020ac@group-C0C33696154C-SegmentedRaftLogWorker for RaftStorageImpl:Storage Directory /home/runner/work/ozone/ozone/hadoop-ozone/integration-test/target/test-dir/MiniOzoneClusterImpl-392d5ccd-e702-410a-a53a-05dc11be4355/datanode-3/data/ratis/09561415-6bbd-4062-a8a9-c0c33696154c
2023-06-28 21:18:39,151 [dafdcea3-8be0-4d1d-be6d-f6a2e26020ac-groupManagement] INFO  server.RaftServerConfigKeys (ConfUtils.java:logGet(46)) - raft.server.log.queue.byte-limit = 4294967296 (custom)
2023-06-28 21:18:39,151 [dafdcea3-8be0-4d1d-be6d-f6a2e26020ac-groupManagement] INFO  server.RaftServerConfigKeys (ConfUtils.java:logGet(46)) - raft.server.log.queue.element-limit = 1024 (custom)
2023-06-28 21:18:39,151 [dafdcea3-8be0-4d1d-be6d-f6a2e26020ac-groupManagement] INFO  server.RaftServerConfigKeys (ConfUtils.java:logGet(46)) - raft.server.log.segment.size.max = 1048576 (custom)
2023-06-28 21:18:39,151 [dafdcea3-8be0-4d1d-be6d-f6a2e26020ac-groupManagement] INFO  server.RaftServerConfigKeys (ConfUtils.java:logGet(46)) - raft.server.log.preallocated.size = 16384 (custom)
2023-06-28 21:18:39,151 [dafdcea3-8be0-4d1d-be6d-f6a2e26020ac-groupManagement] INFO  server.RaftServerConfigKeys (ConfUtils.java:logGet(46)) - raft.server.log.force.sync.num = 128 (default)
2023-06-28 21:18:39,151 [dafdcea3-8be0-4d1d-be6d-f6a2e26020ac-groupManagement] INFO  server.RaftServerConfigKeys (ConfUtils.java:logGet(46)) - raft.server.log.statemachine.data.sync = true (default)
2023-06-28 21:18:39,151 [dafdcea3-8be0-4d1d-be6d-f6a2e26020ac-groupManagement] INFO  server.RaftServerConfigKeys (ConfUtils.java:logGet(46)) - raft.server.log.statemachine.data.sync.timeout = 10s (default)
2023-06-28 21:18:39,151 [EventQueue-PipelineReportForPipelineReportHandler] INFO  pipeline.PipelineManagerImpl (PipelineManagerImpl.java:openPipeline(443)) - Pipeline Pipeline[ Id: 09561415-6bbd-4062-a8a9-c0c33696154c, Nodes: dafdcea3-8be0-4d1d-be6d-f6a2e26020ac(fv-az613-21.sfleub4vn5uufca0bzvsziz2ge.jx.internal.cloudapp.net/10.1.0.52), ReplicationConfig: RATIS/ONE, State:ALLOCATED, leaderId:dafdcea3-8be0-4d1d-be6d-f6a2e26020ac, CreationTimestamp2023-06-28T21:18:36.131Z[Etc/UTC]] moved to OPEN state
2023-06-28 21:18:39,151 [dafdcea3-8be0-4d1d-be6d-f6a2e26020ac-groupManagement] INFO  server.RaftServerConfigKeys (ConfUtils.java:logGet(46)) - raft.server.log.statemachine.data.sync.timeout.retry = -1 (default)
2023-06-28 21:18:39,151 [EventQueue-OpenPipelineForHealthyPipelineSafeModeRule] INFO  safemode.SCMSafeModeManager (HealthyPipelineSafeModeRule.java:process(137)) - SCM in safe mode. Healthy pipelines reported count is 0, required healthy pipeline reported count is 1
2023-06-28 21:18:39,160 [dafdcea3-8be0-4d1d-be6d-f6a2e26020ac-groupManagement] INFO  server.RaftServerConfigKeys (ConfUtils.java:logGet(46)) - raft.server.log.write.buffer.size = 1048576 (custom)
2023-06-28 21:18:39,161 [dafdcea3-8be0-4d1d-be6d-f6a2e26020ac-groupManagement] INFO  server.RaftServerConfigKeys (ConfUtils.java:logGet(46)) - raft.server.log.appender.buffer.byte-limit = 33554432 (custom)
2023-06-28 21:18:39,170 [dafdcea3-8be0-4d1d-be6d-f6a2e26020ac-groupManagement] INFO  server.RaftServerConfigKeys (ConfUtils.java:logGet(46)) - raft.server.log.unsafe-flush.enabled = false (default)
2023-06-28 21:18:39,171 [dafdcea3-8be0-4d1d-be6d-f6a2e26020ac-groupManagement] INFO  server.RaftServerConfigKeys (ConfUtils.java:logGet(46)) - raft.server.log.async-flush.enabled = false (default)
2023-06-28 21:18:39,171 [dafdcea3-8be0-4d1d-be6d-f6a2e26020ac-groupManagement] INFO  server.RaftServerConfigKeys (ConfUtils.java:logGet(46)) - raft.server.log.statemachine.data.caching.enabled = true (custom)
2023-06-28 21:18:39,172 [dafdcea3-8be0-4d1d-be6d-f6a2e26020ac-groupManagement] INFO  segmented.SegmentedRaftLogWorker (SegmentedRaftLogWorker.java:lambda$new$0(135)) - dafdcea3-8be0-4d1d-be6d-f6a2e26020ac@group-C0C33696154C-SegmentedRaftLogWorker: flushIndex: setUnconditionally 0 -> -1
2023-06-28 21:18:39,172 [dafdcea3-8be0-4d1d-be6d-f6a2e26020ac-groupManagement] INFO  segmented.SegmentedRaftLogWorker (SegmentedRaftLogWorker.java:lambda$new$0(135)) - dafdcea3-8be0-4d1d-be6d-f6a2e26020ac@group-C0C33696154C-SegmentedRaftLogWorker: safeCacheEvictIndex: setUnconditionally 0 -> -1
2023-06-28 21:18:39,173 [dafdcea3-8be0-4d1d-be6d-f6a2e26020ac-groupManagement] INFO  server.RaftServer$Division (RaftServerImpl.java:start(342)) - dafdcea3-8be0-4d1d-be6d-f6a2e26020ac@group-C0C33696154C: start as a follower, conf=-1: peers:[dafdcea3-8be0-4d1d-be6d-f6a2e26020ac|rpc:10.1.0.52:15049|admin:10.1.0.52:15048|client:10.1.0.52:15047|dataStream:10.1.0.52:15050|priority:1|startupRole:FOLLOWER]|listeners:[], old=null
2023-06-28 21:18:39,173 [dafdcea3-8be0-4d1d-be6d-f6a2e26020ac-groupManagement] INFO  server.RaftServer$Division (RaftServerImpl.java:setRole(329)) - dafdcea3-8be0-4d1d-be6d-f6a2e26020ac@group-C0C33696154C: changes role from      null to FOLLOWER at term 0 for startAsFollower
2023-06-28 21:18:39,173 [dafdcea3-8be0-4d1d-be6d-f6a2e26020ac-groupManagement] INFO  impl.RoleInfo (RoleInfo.java:updateAndGet(139)) - dafdcea3-8be0-4d1d-be6d-f6a2e26020ac: start dafdcea3-8be0-4d1d-be6d-f6a2e26020ac@group-C0C33696154C-FollowerState
2023-06-28 21:18:39,185 [dafdcea3-8be0-4d1d-be6d-f6a2e26020ac-groupManagement] INFO  util.JmxRegister (JmxRegister.java:tryRegister(44)) - Successfully registered JMX Bean with object name Ratis:service=RaftServer,group=group-C0C33696154C,id=dafdcea3-8be0-4d1d-be6d-f6a2e26020ac
2023-06-28 21:18:39,185 [dafdcea3-8be0-4d1d-be6d-f6a2e26020ac-groupManagement] INFO  server.RaftServerConfigKeys (ConfUtils.java:logGet(46)) - raft.server.snapshot.auto.trigger.enabled = true (custom)
2023-06-28 21:18:39,185 [dafdcea3-8be0-4d1d-be6d-f6a2e26020ac-groupManagement] INFO  server.RaftServerConfigKeys (ConfUtils.java:logGet(46)) - raft.server.snapshot.auto.trigger.threshold = 10000 (custom)
2023-06-28 21:18:39,185 [dafdcea3-8be0-4d1d-be6d-f6a2e26020ac-groupManagement] INFO  server.RaftServerConfigKeys (ConfUtils.java:logGet(46)) - raft.server.snapshot.retention.file.num = 5 (custom)
2023-06-28 21:18:39,185 [dafdcea3-8be0-4d1d-be6d-f6a2e26020ac-groupManagement] INFO  server.RaftServerConfigKeys (ConfUtils.java:logGet(46)) - raft.server.log.purge.upto.snapshot.index = false (default)
2023-06-28 21:18:39,186 [dafdcea3-8be0-4d1d-be6d-f6a2e26020ac@group-C0C33696154C-FollowerState] INFO  server.RaftServerConfigKeys (ConfUtils.java:logFallback(53)) - raft.server.rpc.first-election.timeout.min = 5s (fallback to raft.server.rpc.timeout.min)
2023-06-28 21:18:39,186 [dafdcea3-8be0-4d1d-be6d-f6a2e26020ac@group-C0C33696154C-FollowerState] INFO  server.RaftServerConfigKeys (ConfUtils.java:logFallback(53)) - raft.server.rpc.first-election.timeout.max = 5200ms (fallback to raft.server.rpc.timeout.max)
2023-06-28 21:18:39,188 [PipelineCommandHandlerThread-0] INFO  ratis.XceiverServerRatis (XceiverServerRatis.java:addGroup(804)) - Created group PipelineID=09561415-6bbd-4062-a8a9-c0c33696154c
2023-06-28 21:18:39,188 [PipelineCommandHandlerThread-0] INFO  commandhandler.CreatePipelineCommandHandler (CreatePipelineCommandHandler.java:lambda$handle$2(124)) - Created Pipeline RATIS ONE PipelineID=09561415-6bbd-4062-a8a9-c0c33696154c.
2023-06-28 21:18:39,463 [main] INFO  ozone.MiniOzoneClusterImpl (MiniOzoneClusterImpl.java:lambda$waitForClusterToBeReady$0(224)) - Nodes are ready. Got 5 of 5 DN Heartbeats.
2023-06-28 21:18:39,463 [main] INFO  ozone.MiniOzoneClusterImpl (MiniOzoneClusterImpl.java:lambda$waitForClusterToBeReady$0(227)) - Waiting for cluster to exit safe mode
2023-06-28 21:18:39,463 [main] INFO  ozone.MiniOzoneClusterImpl (MiniOzoneClusterImpl.java:lambda$waitForClusterToBeReady$0(229)) - SCM became leader
2023-06-28 21:18:39,476 [PipelineCommandHandlerThread-0] INFO  server.RaftServer (RaftServerProxy.java:addNew(98)) - 68d6cd24-bd24-4fd7-81ed-64a513f0bb68: addNew group-3530CB79F85C:[68d6cd24-bd24-4fd7-81ed-64a513f0bb68|rpc:10.1.0.52:15058|admin:10.1.0.52:15057|client:10.1.0.52:15056|dataStream:10.1.0.52:15059|priority:1|startupRole:FOLLOWER] returns group-3530CB79F85C:java.util.concurrent.CompletableFuture@23f911aa[Not completed]
2023-06-28 21:18:39,477 [68d6cd24-bd24-4fd7-81ed-64a513f0bb68-groupManagement] INFO  server.RaftServer$Division (RaftServerImpl.java:<init>(198)) - 68d6cd24-bd24-4fd7-81ed-64a513f0bb68: new RaftServerImpl for group-3530CB79F85C:[68d6cd24-bd24-4fd7-81ed-64a513f0bb68|rpc:10.1.0.52:15058|admin:10.1.0.52:15057|client:10.1.0.52:15056|dataStream:10.1.0.52:15059|priority:1|startupRole:FOLLOWER] with ContainerStateMachine:uninitialized
2023-06-28 21:18:39,478 [68d6cd24-bd24-4fd7-81ed-64a513f0bb68-groupManagement] INFO  server.RaftServerConfigKeys (ConfUtils.java:logGet(46)) - raft.server.rpc.timeout.min = 5s (custom)
2023-06-28 21:18:39,478 [68d6cd24-bd24-4fd7-81ed-64a513f0bb68-groupManagement] INFO  server.RaftServerConfigKeys (ConfUtils.java:logGet(46)) - raft.server.rpc.timeout.max = 5200ms (custom)
2023-06-28 21:18:39,478 [68d6cd24-bd24-4fd7-81ed-64a513f0bb68-groupManagement] INFO  server.RaftServerConfigKeys (ConfUtils.java:logGet(46)) - raft.server.rpc.sleep.time = 25ms (default)
2023-06-28 21:18:39,478 [68d6cd24-bd24-4fd7-81ed-64a513f0bb68-groupManagement] INFO  server.RaftServerConfigKeys (ConfUtils.java:logGet(46)) - raft.server.rpc.slowness.timeout = 300s (custom)
2023-06-28 21:18:39,478 [68d6cd24-bd24-4fd7-81ed-64a513f0bb68-groupManagement] INFO  server.RaftServerConfigKeys (ConfUtils.java:logGet(46)) - raft.server.leaderelection.leader.step-down.wait-time = 10s (default)
2023-06-28 21:18:39,478 [68d6cd24-bd24-4fd7-81ed-64a513f0bb68-groupManagement] INFO  server.RaftServerConfigKeys (ConfUtils.java:logGet(46)) - raft.server.sleep.deviation.threshold = 300ms (default)
2023-06-28 21:18:39,478 [68d6cd24-bd24-4fd7-81ed-64a513f0bb68-groupManagement] INFO  server.RaftServer$Division (ServerState.java:<init>(120)) - 68d6cd24-bd24-4fd7-81ed-64a513f0bb68@group-3530CB79F85C: ConfigurationManager, init=-1: peers:[68d6cd24-bd24-4fd7-81ed-64a513f0bb68|rpc:10.1.0.52:15058|admin:10.1.0.52:15057|client:10.1.0.52:15056|dataStream:10.1.0.52:15059|priority:1|startupRole:FOLLOWER]|listeners:[], old=null, confs=<EMPTY_MAP>
2023-06-28 21:18:39,478 [68d6cd24-bd24-4fd7-81ed-64a513f0bb68-groupManagement] INFO  server.RaftServerConfigKeys (ConfUtils.java:logGet(46)) - raft.server.storage.dir = [/home/runner/work/ozone/ozone/hadoop-ozone/integration-test/target/test-dir/MiniOzoneClusterImpl-392d5ccd-e702-410a-a53a-05dc11be4355/datanode-4/data/ratis] (custom)
2023-06-28 21:18:39,478 [68d6cd24-bd24-4fd7-81ed-64a513f0bb68-groupManagement] INFO  server.RaftServerConfigKeys (ConfUtils.java:logGet(46)) - raft.server.log.corruption.policy = EXCEPTION (default)
2023-06-28 21:18:39,478 [68d6cd24-bd24-4fd7-81ed-64a513f0bb68-groupManagement] INFO  server.RaftServerConfigKeys (ConfUtils.java:logGet(46)) - raft.server.storage.free-space.min = 0MB (=0) (default)
2023-06-28 21:18:39,479 [68d6cd24-bd24-4fd7-81ed-64a513f0bb68-groupManagement] INFO  server.RaftServerConfigKeys (ConfUtils.java:logGet(46)) - raft.server.notification.no-leader.timeout = 300s (custom)
2023-06-28 21:18:39,479 [68d6cd24-bd24-4fd7-81ed-64a513f0bb68-groupManagement] INFO  server.RaftServerConfigKeys (ConfUtils.java:logGet(46)) - raft.server.read.timeout = 10s (default)
2023-06-28 21:18:39,479 [68d6cd24-bd24-4fd7-81ed-64a513f0bb68-groupManagement] INFO  server.RaftServerConfigKeys (ConfUtils.java:logGet(46)) - raft.server.retrycache.expirytime = 600000ms (custom)
2023-06-28 21:18:39,479 [68d6cd24-bd24-4fd7-81ed-64a513f0bb68-groupManagement] INFO  server.RaftServerConfigKeys (ConfUtils.java:logGet(46)) - raft.server.retrycache.statistics.expirytime = 100μs (default)
2023-06-28 21:18:39,479 [68d6cd24-bd24-4fd7-81ed-64a513f0bb68-groupManagement] INFO  server.RaftServerConfigKeys (ConfUtils.java:logGet(46)) - raft.server.read.option = DEFAULT (default)
2023-06-28 21:18:39,483 [68d6cd24-bd24-4fd7-81ed-64a513f0bb68-groupManagement] INFO  server.RaftServerConfigKeys (ConfUtils.java:logGet(46)) - raft.server.rpc.request.timeout = 60s (custom)
2023-06-28 21:18:39,483 [68d6cd24-bd24-4fd7-81ed-64a513f0bb68-groupManagement] INFO  server.RaftServerConfigKeys (ConfUtils.java:logGet(46)) - raft.server.log.appender.install.snapshot.enabled = false (custom)
2023-06-28 21:18:39,483 [68d6cd24-bd24-4fd7-81ed-64a513f0bb68-groupManagement] INFO  server.RaftServerConfigKeys (ConfUtils.java:logGet(46)) - raft.server.threadpool.server.cached = true (default)
2023-06-28 21:18:39,483 [68d6cd24-bd24-4fd7-81ed-64a513f0bb68-groupManagement] INFO  server.RaftServerConfigKeys (ConfUtils.java:logGet(46)) - raft.server.threadpool.server.size = 0 (default)
2023-06-28 21:18:39,483 [68d6cd24-bd24-4fd7-81ed-64a513f0bb68-groupManagement] INFO  server.RaftServerConfigKeys (ConfUtils.java:logGet(46)) - raft.server.threadpool.client.cached = true (default)
2023-06-28 21:18:39,483 [68d6cd24-bd24-4fd7-81ed-64a513f0bb68-groupManagement] INFO  server.RaftServerConfigKeys (ConfUtils.java:logGet(46)) - raft.server.threadpool.client.size = 0 (default)
2023-06-28 21:18:39,483 [68d6cd24-bd24-4fd7-81ed-64a513f0bb68-groupManagement] INFO  storage.RaftStorageDirectory (RaftStorageDirectoryImpl.java:analyzeStorage(137)) - The storage directory /home/runner/work/ozone/ozone/hadoop-ozone/integration-test/target/test-dir/MiniOzoneClusterImpl-392d5ccd-e702-410a-a53a-05dc11be4355/datanode-4/data/ratis/8eeaad6d-0a7d-4ea0-9f0e-3530cb79f85c does not exist. Creating ...
2023-06-28 21:18:39,488 [68d6cd24-bd24-4fd7-81ed-64a513f0bb68-groupManagement] INFO  storage.RaftStorageDirectory (RaftStorageDirectoryImpl.java:tryLock(231)) - Lock on /home/runner/work/ozone/ozone/hadoop-ozone/integration-test/target/test-dir/MiniOzoneClusterImpl-392d5ccd-e702-410a-a53a-05dc11be4355/datanode-4/data/ratis/8eeaad6d-0a7d-4ea0-9f0e-3530cb79f85c/in_use.lock acquired by nodename 42875@fv-az613-21
2023-06-28 21:18:39,490 [68d6cd24-bd24-4fd7-81ed-64a513f0bb68-groupManagement] INFO  storage.RaftStorage (RaftStorageImpl.java:format(96)) - Storage directory /home/runner/work/ozone/ozone/hadoop-ozone/integration-test/target/test-dir/MiniOzoneClusterImpl-392d5ccd-e702-410a-a53a-05dc11be4355/datanode-4/data/ratis/8eeaad6d-0a7d-4ea0-9f0e-3530cb79f85c has been successfully formatted.
2023-06-28 21:18:39,491 [68d6cd24-bd24-4fd7-81ed-64a513f0bb68-groupManagement] INFO  ratis.ContainerStateMachine (ContainerStateMachine.java:loadSnapshot(262)) - group-3530CB79F85C: The snapshot info is null. Setting the last applied indexto:(t:0, i:~)
2023-06-28 21:18:39,491 [68d6cd24-bd24-4fd7-81ed-64a513f0bb68-groupManagement] INFO  server.RaftServerConfigKeys (ConfUtils.java:logGet(46)) - raft.server.log.use.memory = false (default)
2023-06-28 21:18:39,494 [EventQueue-PipelineReportForPipelineReportHandler] INFO  pipeline.PipelineManagerImpl (PipelineManagerImpl.java:openPipeline(443)) - Pipeline Pipeline[ Id: 8eeaad6d-0a7d-4ea0-9f0e-3530cb79f85c, Nodes: 68d6cd24-bd24-4fd7-81ed-64a513f0bb68(fv-az613-21.sfleub4vn5uufca0bzvsziz2ge.jx.internal.cloudapp.net/10.1.0.52), ReplicationConfig: RATIS/ONE, State:ALLOCATED, leaderId:68d6cd24-bd24-4fd7-81ed-64a513f0bb68, CreationTimestamp2023-06-28T21:18:36.481Z[Etc/UTC]] moved to OPEN state
2023-06-28 21:18:39,494 [EventQueue-OpenPipelineForHealthyPipelineSafeModeRule] INFO  safemode.SCMSafeModeManager (HealthyPipelineSafeModeRule.java:process(137)) - SCM in safe mode. Healthy pipelines reported count is 0, required healthy pipeline reported count is 1
2023-06-28 21:18:39,495 [68d6cd24-bd24-4fd7-81ed-64a513f0bb68-groupManagement] INFO  server.RaftServerConfigKeys (ConfUtils.java:logGet(46)) - raft.server.log.purge.gap = 1000000 (custom)
2023-06-28 21:18:39,495 [68d6cd24-bd24-4fd7-81ed-64a513f0bb68-groupManagement] INFO  server.RaftServerConfigKeys (ConfUtils.java:logGet(46)) - raft.server.log.appender.buffer.byte-limit = 33554432 (custom)
2023-06-28 21:18:39,495 [68d6cd24-bd24-4fd7-81ed-64a513f0bb68-groupManagement] INFO  server.RaftServerConfigKeys (ConfUtils.java:logGet(46)) - raft.server.log.statemachine.data.read.timeout = 1000ms (default)
2023-06-28 21:18:39,495 [68d6cd24-bd24-4fd7-81ed-64a513f0bb68-groupManagement] INFO  server.RaftServerConfigKeys (ConfUtils.java:logGet(46)) - raft.server.log.purge.preservation.log.num = 0 (default)
2023-06-28 21:18:39,495 [68d6cd24-bd24-4fd7-81ed-64a513f0bb68-groupManagement] INFO  server.RaftServerConfigKeys (ConfUtils.java:logGet(46)) - raft.server.log.segment.size.max = 1048576 (custom)
2023-06-28 21:18:39,496 [68d6cd24-bd24-4fd7-81ed-64a513f0bb68-groupManagement] INFO  server.RaftServerConfigKeys (ConfUtils.java:logGet(46)) - raft.server.log.segment.cache.num.max = 2 (custom)
2023-06-28 21:18:39,496 [68d6cd24-bd24-4fd7-81ed-64a513f0bb68-groupManagement] INFO  server.RaftServerConfigKeys (ConfUtils.java:logGet(46)) - raft.server.log.segment.cache.size.max = 200MB (=209715200) (default)
2023-06-28 21:18:39,496 [68d6cd24-bd24-4fd7-81ed-64a513f0bb68-groupManagement] INFO  server.RaftServerConfigKeys (ConfUtils.java:logGet(46)) - raft.server.log.appender.buffer.byte-limit = 33554432 (custom)
2023-06-28 21:18:39,496 [68d6cd24-bd24-4fd7-81ed-64a513f0bb68-groupManagement] INFO  segmented.SegmentedRaftLogWorker (SegmentedRaftLogWorker.java:<init>(188)) - new 68d6cd24-bd24-4fd7-81ed-64a513f0bb68@group-3530CB79F85C-SegmentedRaftLogWorker for RaftStorageImpl:Storage Directory /home/runner/work/ozone/ozone/hadoop-ozone/integration-test/target/test-dir/MiniOzoneClusterImpl-392d5ccd-e702-410a-a53a-05dc11be4355/datanode-4/data/ratis/8eeaad6d-0a7d-4ea0-9f0e-3530cb79f85c
2023-06-28 21:18:39,496 [68d6cd24-bd24-4fd7-81ed-64a513f0bb68-groupManagement] INFO  server.RaftServerConfigKeys (ConfUtils.java:logGet(46)) - raft.server.log.queue.byte-limit = 4294967296 (custom)
2023-06-28 21:18:39,496 [68d6cd24-bd24-4fd7-81ed-64a513f0bb68-groupManagement] INFO  server.RaftServerConfigKeys (ConfUtils.java:logGet(46)) - raft.server.log.queue.element-limit = 1024 (custom)
2023-06-28 21:18:39,496 [68d6cd24-bd24-4fd7-81ed-64a513f0bb68-groupManagement] INFO  server.RaftServerConfigKeys (ConfUtils.java:logGet(46)) - raft.server.log.segment.size.max = 1048576 (custom)
2023-06-28 21:18:39,496 [68d6cd24-bd24-4fd7-81ed-64a513f0bb68-groupManagement] INFO  server.RaftServerConfigKeys (ConfUtils.java:logGet(46)) - raft.server.log.preallocated.size = 16384 (custom)
2023-06-28 21:18:39,496 [68d6cd24-bd24-4fd7-81ed-64a513f0bb68-groupManagement] INFO  server.RaftServerConfigKeys (ConfUtils.java:logGet(46)) - raft.server.log.force.sync.num = 128 (default)
2023-06-28 21:18:39,496 [68d6cd24-bd24-4fd7-81ed-64a513f0bb68-groupManagement] INFO  server.RaftServerConfigKeys (ConfUtils.java:logGet(46)) - raft.server.log.statemachine.data.sync = true (default)
2023-06-28 21:18:39,496 [68d6cd24-bd24-4fd7-81ed-64a513f0bb68-groupManagement] INFO  server.RaftServerConfigKeys (ConfUtils.java:logGet(46)) - raft.server.log.statemachine.data.sync.timeout = 10s (default)
2023-06-28 21:18:39,496 [68d6cd24-bd24-4fd7-81ed-64a513f0bb68-groupManagement] INFO  server.RaftServerConfigKeys (ConfUtils.java:logGet(46)) - raft.server.log.statemachine.data.sync.timeout.retry = -1 (default)
2023-06-28 21:18:39,497 [68d6cd24-bd24-4fd7-81ed-64a513f0bb68-groupManagement] INFO  server.RaftServerConfigKeys (ConfUtils.java:logGet(46)) - raft.server.log.write.buffer.size = 1048576 (custom)
2023-06-28 21:18:39,498 [68d6cd24-bd24-4fd7-81ed-64a513f0bb68-groupManagement] INFO  server.RaftServerConfigKeys (ConfUtils.java:logGet(46)) - raft.server.log.appender.buffer.byte-limit = 33554432 (custom)
2023-06-28 21:18:39,503 [68d6cd24-bd24-4fd7-81ed-64a513f0bb68-groupManagement] INFO  server.RaftServerConfigKeys (ConfUtils.java:logGet(46)) - raft.server.log.unsafe-flush.enabled = false (default)
2023-06-28 21:18:39,503 [68d6cd24-bd24-4fd7-81ed-64a513f0bb68-groupManagement] INFO  server.RaftServerConfigKeys (ConfUtils.java:logGet(46)) - raft.server.log.async-flush.enabled = false (default)
2023-06-28 21:18:39,503 [68d6cd24-bd24-4fd7-81ed-64a513f0bb68-groupManagement] INFO  server.RaftServerConfigKeys (ConfUtils.java:logGet(46)) - raft.server.log.statemachine.data.caching.enabled = true (custom)
2023-06-28 21:18:39,503 [68d6cd24-bd24-4fd7-81ed-64a513f0bb68-groupManagement] INFO  segmented.SegmentedRaftLogWorker (SegmentedRaftLogWorker.java:lambda$new$0(135)) - 68d6cd24-bd24-4fd7-81ed-64a513f0bb68@group-3530CB79F85C-SegmentedRaftLogWorker: flushIndex: setUnconditionally 0 -> -1
2023-06-28 21:18:39,504 [68d6cd24-bd24-4fd7-81ed-64a513f0bb68-groupManagement] INFO  segmented.SegmentedRaftLogWorker (SegmentedRaftLogWorker.java:lambda$new$0(135)) - 68d6cd24-bd24-4fd7-81ed-64a513f0bb68@group-3530CB79F85C-SegmentedRaftLogWorker: safeCacheEvictIndex: setUnconditionally 0 -> -1
2023-06-28 21:18:39,504 [68d6cd24-bd24-4fd7-81ed-64a513f0bb68-groupManagement] INFO  server.RaftServer$Division (RaftServerImpl.java:start(342)) - 68d6cd24-bd24-4fd7-81ed-64a513f0bb68@group-3530CB79F85C: start as a follower, conf=-1: peers:[68d6cd24-bd24-4fd7-81ed-64a513f0bb68|rpc:10.1.0.52:15058|admin:10.1.0.52:15057|client:10.1.0.52:15056|dataStream:10.1.0.52:15059|priority:1|startupRole:FOLLOWER]|listeners:[], old=null
2023-06-28 21:18:39,504 [68d6cd24-bd24-4fd7-81ed-64a513f0bb68-groupManagement] INFO  server.RaftServer$Division (RaftServerImpl.java:setRole(329)) - 68d6cd24-bd24-4fd7-81ed-64a513f0bb68@group-3530CB79F85C: changes role from      null to FOLLOWER at term 0 for startAsFollower
2023-06-28 21:18:39,504 [68d6cd24-bd24-4fd7-81ed-64a513f0bb68-groupManagement] INFO  impl.RoleInfo (RoleInfo.java:updateAndGet(139)) - 68d6cd24-bd24-4fd7-81ed-64a513f0bb68: start 68d6cd24-bd24-4fd7-81ed-64a513f0bb68@group-3530CB79F85C-FollowerState
2023-06-28 21:18:39,504 [68d6cd24-bd24-4fd7-81ed-64a513f0bb68-groupManagement] INFO  util.JmxRegister (JmxRegister.java:tryRegister(44)) - Successfully registered JMX Bean with object name Ratis:service=RaftServer,group=group-3530CB79F85C,id=68d6cd24-bd24-4fd7-81ed-64a513f0bb68
2023-06-28 21:18:39,504 [68d6cd24-bd24-4fd7-81ed-64a513f0bb68-groupManagement] INFO  server.RaftServerConfigKeys (ConfUtils.java:logGet(46)) - raft.server.snapshot.auto.trigger.enabled = true (custom)
2023-06-28 21:18:39,505 [68d6cd24-bd24-4fd7-81ed-64a513f0bb68-groupManagement] INFO  server.RaftServerConfigKeys (ConfUtils.java:logGet(46)) - raft.server.snapshot.auto.trigger.threshold = 10000 (custom)
2023-06-28 21:18:39,505 [68d6cd24-bd24-4fd7-81ed-64a513f0bb68-groupManagement] INFO  server.RaftServerConfigKeys (ConfUtils.java:logGet(46)) - raft.server.snapshot.retention.file.num = 5 (custom)
2023-06-28 21:18:39,505 [68d6cd24-bd24-4fd7-81ed-64a513f0bb68-groupManagement] INFO  server.RaftServerConfigKeys (ConfUtils.java:logGet(46)) - raft.server.log.purge.upto.snapshot.index = false (default)
2023-06-28 21:18:39,505 [68d6cd24-bd24-4fd7-81ed-64a513f0bb68@group-3530CB79F85C-FollowerState] INFO  server.RaftServerConfigKeys (ConfUtils.java:logFallback(53)) - raft.server.rpc.first-election.timeout.min = 5s (fallback to raft.server.rpc.timeout.min)
2023-06-28 21:18:39,506 [68d6cd24-bd24-4fd7-81ed-64a513f0bb68@group-3530CB79F85C-FollowerState] INFO  server.RaftServerConfigKeys (ConfUtils.java:logFallback(53)) - raft.server.rpc.first-election.timeout.max = 5200ms (fallback to raft.server.rpc.timeout.max)
2023-06-28 21:18:39,508 [PipelineCommandHandlerThread-0] INFO  ratis.XceiverServerRatis (XceiverServerRatis.java:addGroup(804)) - Created group PipelineID=8eeaad6d-0a7d-4ea0-9f0e-3530cb79f85c
2023-06-28 21:18:39,508 [PipelineCommandHandlerThread-0] INFO  commandhandler.CreatePipelineCommandHandler (CreatePipelineCommandHandler.java:lambda$handle$2(124)) - Created Pipeline RATIS ONE PipelineID=8eeaad6d-0a7d-4ea0-9f0e-3530cb79f85c.
2023-06-28 21:18:40,092 [omNode-3@group-523986131536-FollowerState] INFO  server.RaftServerConfigKeys (ConfUtils.java:logFallback(53)) - raft.server.rpc.first-election.timeout.min = 1s (fallback to raft.server.rpc.timeout.min)
2023-06-28 21:18:40,093 [omNode-3@group-523986131536-FollowerState] INFO  server.RaftServerConfigKeys (ConfUtils.java:logFallback(53)) - raft.server.rpc.first-election.timeout.max = 1200ms (fallback to raft.server.rpc.timeout.max)
2023-06-28 21:18:40,464 [main] INFO  ozone.MiniOzoneClusterImpl (MiniOzoneClusterImpl.java:lambda$waitForClusterToBeReady$0(224)) - Nodes are ready. Got 5 of 5 DN Heartbeats.
2023-06-28 21:18:40,464 [main] INFO  ozone.MiniOzoneClusterImpl (MiniOzoneClusterImpl.java:lambda$waitForClusterToBeReady$0(227)) - Waiting for cluster to exit safe mode
2023-06-28 21:18:40,464 [main] INFO  ozone.MiniOzoneClusterImpl (MiniOzoneClusterImpl.java:lambda$waitForClusterToBeReady$0(229)) - SCM became leader
2023-06-28 21:18:41,238 [omNode-3@group-523986131536-FollowerState] INFO  server.RaftServerConfigKeys (ConfUtils.java:logFallback(53)) - raft.server.rpc.first-election.timeout.min = 1s (fallback to raft.server.rpc.timeout.min)
2023-06-28 21:18:41,238 [omNode-3@group-523986131536-FollowerState] INFO  server.RaftServerConfigKeys (ConfUtils.java:logFallback(53)) - raft.server.rpc.first-election.timeout.max = 1200ms (fallback to raft.server.rpc.timeout.max)
2023-06-28 21:18:41,464 [main] INFO  ozone.MiniOzoneClusterImpl (MiniOzoneClusterImpl.java:lambda$waitForClusterToBeReady$0(224)) - Nodes are ready. Got 5 of 5 DN Heartbeats.
2023-06-28 21:18:41,464 [main] INFO  ozone.MiniOzoneClusterImpl (MiniOzoneClusterImpl.java:lambda$waitForClusterToBeReady$0(227)) - Waiting for cluster to exit safe mode
2023-06-28 21:18:41,465 [main] INFO  ozone.MiniOzoneClusterImpl (MiniOzoneClusterImpl.java:lambda$waitForClusterToBeReady$0(229)) - SCM became leader
2023-06-28 21:18:42,339 [omNode-3@group-523986131536-FollowerState] INFO  server.RaftServerConfigKeys (ConfUtils.java:logFallback(53)) - raft.server.rpc.first-election.timeout.min = 1s (fallback to raft.server.rpc.timeout.min)
2023-06-28 21:18:42,340 [omNode-3@group-523986131536-FollowerState] INFO  server.RaftServerConfigKeys (ConfUtils.java:logFallback(53)) - raft.server.rpc.first-election.timeout.max = 1200ms (fallback to raft.server.rpc.timeout.max)
2023-06-28 21:18:42,465 [main] INFO  ozone.MiniOzoneClusterImpl (MiniOzoneClusterImpl.java:lambda$waitForClusterToBeReady$0(224)) - Nodes are ready. Got 5 of 5 DN Heartbeats.
2023-06-28 21:18:42,465 [main] INFO  ozone.MiniOzoneClusterImpl (MiniOzoneClusterImpl.java:lambda$waitForClusterToBeReady$0(227)) - Waiting for cluster to exit safe mode
2023-06-28 21:18:42,465 [main] INFO  ozone.MiniOzoneClusterImpl (MiniOzoneClusterImpl.java:lambda$waitForClusterToBeReady$0(229)) - SCM became leader
2023-06-28 21:18:43,113 [bb0e9150-086f-4512-ab04-1336b269041b@group-0F7CE2C5F091-FollowerState] INFO  impl.FollowerState (FollowerState.java:run(143)) - bb0e9150-086f-4512-ab04-1336b269041b@group-0F7CE2C5F091-FollowerState: change to CANDIDATE, lastRpcElapsedTime:5020279772ns, electionTimeout:5008ms
2023-06-28 21:18:43,113 [bb0e9150-086f-4512-ab04-1336b269041b@group-0F7CE2C5F091-FollowerState] INFO  impl.RoleInfo (RoleInfo.java:shutdownFollowerState(110)) - bb0e9150-086f-4512-ab04-1336b269041b: shutdown bb0e9150-086f-4512-ab04-1336b269041b@group-0F7CE2C5F091-FollowerState
2023-06-28 21:18:43,113 [bb0e9150-086f-4512-ab04-1336b269041b@group-0F7CE2C5F091-FollowerState] INFO  server.RaftServer$Division (RaftServerImpl.java:setRole(329)) - bb0e9150-086f-4512-ab04-1336b269041b@group-0F7CE2C5F091: changes role from  FOLLOWER to CANDIDATE at term 0 for changeToCandidate
2023-06-28 21:18:43,113 [bb0e9150-086f-4512-ab04-1336b269041b@group-0F7CE2C5F091-FollowerState] INFO  server.RaftServerConfigKeys (ConfUtils.java:logGet(46)) - raft.server.leaderelection.pre-vote = true (default)
2023-06-28 21:18:43,113 [bb0e9150-086f-4512-ab04-1336b269041b@group-0F7CE2C5F091-FollowerState] INFO  impl.RoleInfo (RoleInfo.java:updateAndGet(139)) - bb0e9150-086f-4512-ab04-1336b269041b: start bb0e9150-086f-4512-ab04-1336b269041b@group-0F7CE2C5F091-LeaderElection2
2023-06-28 21:18:43,117 [bb0e9150-086f-4512-ab04-1336b269041b@group-0F7CE2C5F091-LeaderElection2] INFO  impl.LeaderElection (LeaderElection.java:askForVotes(321)) - bb0e9150-086f-4512-ab04-1336b269041b@group-0F7CE2C5F091-LeaderElection2 PRE_VOTE round 0: submit vote requests at term 0 for -1: peers:[bb0e9150-086f-4512-ab04-1336b269041b|rpc:10.1.0.52:15022|admin:10.1.0.52:15021|client:10.1.0.52:15020|dataStream:10.1.0.52:15023|priority:1|startupRole:FOLLOWER, 8a2b3145-2dd0-434b-a2c2-caa8e5fb0ef1|rpc:10.1.0.52:15040|admin:10.1.0.52:15039|client:10.1.0.52:15038|dataStream:10.1.0.52:15041|priority:0|startupRole:FOLLOWER, 08ff75f9-1328-4943-9840-929c3a1c46cb|rpc:10.1.0.52:15031|admin:10.1.0.52:15030|client:10.1.0.52:15029|dataStream:10.1.0.52:15032|priority:0|startupRole:FOLLOWER]|listeners:[], old=null
2023-06-28 21:18:43,117 [bb0e9150-086f-4512-ab04-1336b269041b@group-0F7CE2C5F091-LeaderElection2-1] INFO  server.GrpcServerProtocolClient (GrpcServerProtocolClient.java:<init>(65)) - Build channel for 8a2b3145-2dd0-434b-a2c2-caa8e5fb0ef1
2023-06-28 21:18:43,122 [bb0e9150-086f-4512-ab04-1336b269041b@group-0F7CE2C5F091-LeaderElection2] INFO  server.RaftServerConfigKeys (ConfUtils.java:logFallback(53)) - raft.server.rpc.first-election.timeout.min = 5s (fallback to raft.server.rpc.timeout.min)
2023-06-28 21:18:43,123 [bb0e9150-086f-4512-ab04-1336b269041b@group-0F7CE2C5F091-LeaderElection2] INFO  server.RaftServerConfigKeys (ConfUtils.java:logFallback(53)) - raft.server.rpc.first-election.timeout.max = 5200ms (fallback to raft.server.rpc.timeout.max)
2023-06-28 21:18:43,122 [bb0e9150-086f-4512-ab04-1336b269041b@group-0F7CE2C5F091-LeaderElection2-2] INFO  server.GrpcServerProtocolClient (GrpcServerProtocolClient.java:<init>(65)) - Build channel for 08ff75f9-1328-4943-9840-929c3a1c46cb
2023-06-28 21:18:43,128 [grpc-default-executor-1] INFO  server.RaftServer$Division (RaftServerImpl.java:requestVote(1302)) - 8a2b3145-2dd0-434b-a2c2-caa8e5fb0ef1@group-0F7CE2C5F091: receive requestVote(PRE_VOTE, bb0e9150-086f-4512-ab04-1336b269041b, group-0F7CE2C5F091, 0, (t:0, i:0))
2023-06-28 21:18:43,128 [grpc-default-executor-1] INFO  impl.VoteContext (VoteContext.java:log(49)) - 8a2b3145-2dd0-434b-a2c2-caa8e5fb0ef1@group-0F7CE2C5F091-FOLLOWER: accept PRE_VOTE from bb0e9150-086f-4512-ab04-1336b269041b: our priority 0 <= candidate's priority 1
2023-06-28 21:18:43,128 [grpc-default-executor-1] INFO  server.RaftServer$Division (RaftServerImpl.java:requestVote(1335)) - 8a2b3145-2dd0-434b-a2c2-caa8e5fb0ef1@group-0F7CE2C5F091 replies to PRE_VOTE vote request: bb0e9150-086f-4512-ab04-1336b269041b<-8a2b3145-2dd0-434b-a2c2-caa8e5fb0ef1#0:OK-t0. Peer's state: 8a2b3145-2dd0-434b-a2c2-caa8e5fb0ef1@group-0F7CE2C5F091:t0, leader=null, voted=, raftlog=Memoized:8a2b3145-2dd0-434b-a2c2-caa8e5fb0ef1@group-0F7CE2C5F091-SegmentedRaftLog:OPENED:c-1, conf=-1: peers:[bb0e9150-086f-4512-ab04-1336b269041b|rpc:10.1.0.52:15022|admin:10.1.0.52:15021|client:10.1.0.52:15020|dataStream:10.1.0.52:15023|priority:1|startupRole:FOLLOWER, 8a2b3145-2dd0-434b-a2c2-caa8e5fb0ef1|rpc:10.1.0.52:15040|admin:10.1.0.52:15039|client:10.1.0.52:15038|dataStream:10.1.0.52:15041|priority:0|startupRole:FOLLOWER, 08ff75f9-1328-4943-9840-929c3a1c46cb|rpc:10.1.0.52:15031|admin:10.1.0.52:15030|client:10.1.0.52:15029|dataStream:10.1.0.52:15032|priority:0|startupRole:FOLLOWER]|listeners:[], old=null
2023-06-28 21:18:43,133 [bb0e9150-086f-4512-ab04-1336b269041b@group-0F7CE2C5F091-LeaderElection2] INFO  impl.LeaderElection (LeaderElection.java:logAndReturn(90)) - bb0e9150-086f-4512-ab04-1336b269041b@group-0F7CE2C5F091-LeaderElection2: PRE_VOTE PASSED received 1 response(s) and 0 exception(s):
2023-06-28 21:18:43,133 [bb0e9150-086f-4512-ab04-1336b269041b@group-0F7CE2C5F091-LeaderElection2] INFO  impl.LeaderElection (LeaderElection.java:logAndReturn(94)) -   Response 0: bb0e9150-086f-4512-ab04-1336b269041b<-8a2b3145-2dd0-434b-a2c2-caa8e5fb0ef1#0:OK-t0
2023-06-28 21:18:43,133 [bb0e9150-086f-4512-ab04-1336b269041b@group-0F7CE2C5F091-LeaderElection2] INFO  impl.LeaderElection (LeaderElection.java:askForVotes(323)) - bb0e9150-086f-4512-ab04-1336b269041b@group-0F7CE2C5F091-LeaderElection2 PRE_VOTE round 0: result PASSED
2023-06-28 21:18:43,136 [bb0e9150-086f-4512-ab04-1336b269041b@group-0F7CE2C5F091-LeaderElection2] INFO  impl.LeaderElection (LeaderElection.java:askForVotes(321)) - bb0e9150-086f-4512-ab04-1336b269041b@group-0F7CE2C5F091-LeaderElection2 ELECTION round 0: submit vote requests at term 1 for -1: peers:[bb0e9150-086f-4512-ab04-1336b269041b|rpc:10.1.0.52:15022|admin:10.1.0.52:15021|client:10.1.0.52:15020|dataStream:10.1.0.52:15023|priority:1|startupRole:FOLLOWER, 8a2b3145-2dd0-434b-a2c2-caa8e5fb0ef1|rpc:10.1.0.52:15040|admin:10.1.0.52:15039|client:10.1.0.52:15038|dataStream:10.1.0.52:15041|priority:0|startupRole:FOLLOWER, 08ff75f9-1328-4943-9840-929c3a1c46cb|rpc:10.1.0.52:15031|admin:10.1.0.52:15030|client:10.1.0.52:15029|dataStream:10.1.0.52:15032|priority:0|startupRole:FOLLOWER]|listeners:[], old=null
2023-06-28 21:18:43,137 [grpc-default-executor-1] INFO  server.RaftServer$Division (RaftServerImpl.java:requestVote(1302)) - 08ff75f9-1328-4943-9840-929c3a1c46cb@group-0F7CE2C5F091: receive requestVote(PRE_VOTE, bb0e9150-086f-4512-ab04-1336b269041b, group-0F7CE2C5F091, 0, (t:0, i:0))
2023-06-28 21:18:43,145 [grpc-default-executor-1] INFO  impl.VoteContext (VoteContext.java:log(49)) - 08ff75f9-1328-4943-9840-929c3a1c46cb@group-0F7CE2C5F091-FOLLOWER: accept PRE_VOTE from bb0e9150-086f-4512-ab04-1336b269041b: our priority 0 <= candidate's priority 1
2023-06-28 21:18:43,145 [grpc-default-executor-1] INFO  server.RaftServer$Division (RaftServerImpl.java:requestVote(1335)) - 08ff75f9-1328-4943-9840-929c3a1c46cb@group-0F7CE2C5F091 replies to PRE_VOTE vote request: bb0e9150-086f-4512-ab04-1336b269041b<-08ff75f9-1328-4943-9840-929c3a1c46cb#0:OK-t0. Peer's state: 08ff75f9-1328-4943-9840-929c3a1c46cb@group-0F7CE2C5F091:t0, leader=null, voted=, raftlog=Memoized:08ff75f9-1328-4943-9840-929c3a1c46cb@group-0F7CE2C5F091-SegmentedRaftLog:OPENED:c-1, conf=-1: peers:[bb0e9150-086f-4512-ab04-1336b269041b|rpc:10.1.0.52:15022|admin:10.1.0.52:15021|client:10.1.0.52:15020|dataStream:10.1.0.52:15023|priority:1|startupRole:FOLLOWER, 8a2b3145-2dd0-434b-a2c2-caa8e5fb0ef1|rpc:10.1.0.52:15040|admin:10.1.0.52:15039|client:10.1.0.52:15038|dataStream:10.1.0.52:15041|priority:0|startupRole:FOLLOWER, 08ff75f9-1328-4943-9840-929c3a1c46cb|rpc:10.1.0.52:15031|admin:10.1.0.52:15030|client:10.1.0.52:15029|dataStream:10.1.0.52:15032|priority:0|startupRole:FOLLOWER]|listeners:[], old=null
2023-06-28 21:18:43,146 [grpc-default-executor-3] INFO  server.RaftServer$Division (RaftServerImpl.java:requestVote(1302)) - 8a2b3145-2dd0-434b-a2c2-caa8e5fb0ef1@group-0F7CE2C5F091: receive requestVote(ELECTION, bb0e9150-086f-4512-ab04-1336b269041b, group-0F7CE2C5F091, 1, (t:0, i:0))
2023-06-28 21:18:43,147 [bb0e9150-086f-4512-ab04-1336b269041b@group-0F7CE2C5F091-LeaderElection2] INFO  server.RaftServerConfigKeys (ConfUtils.java:logFallback(53)) - raft.server.rpc.first-election.timeout.min = 5s (fallback to raft.server.rpc.timeout.min)
2023-06-28 21:18:43,150 [bb0e9150-086f-4512-ab04-1336b269041b@group-0F7CE2C5F091-LeaderElection2] INFO  server.RaftServerConfigKeys (ConfUtils.java:logFallback(53)) - raft.server.rpc.first-election.timeout.max = 5200ms (fallback to raft.server.rpc.timeout.max)
2023-06-28 21:18:43,151 [grpc-default-executor-1] INFO  server.RaftServer$Division (RaftServerImpl.java:requestVote(1302)) - 08ff75f9-1328-4943-9840-929c3a1c46cb@group-0F7CE2C5F091: receive requestVote(ELECTION, bb0e9150-086f-4512-ab04-1336b269041b, group-0F7CE2C5F091, 1, (t:0, i:0))
2023-06-28 21:18:43,151 [grpc-default-executor-1] INFO  impl.VoteContext (VoteContext.java:log(49)) - 08ff75f9-1328-4943-9840-929c3a1c46cb@group-0F7CE2C5F091-FOLLOWER: accept ELECTION from bb0e9150-086f-4512-ab04-1336b269041b: our priority 0 <= candidate's priority 1
2023-06-28 21:18:43,152 [grpc-default-executor-1] INFO  server.RaftServer$Division (RaftServerImpl.java:setRole(329)) - 08ff75f9-1328-4943-9840-929c3a1c46cb@group-0F7CE2C5F091: changes role from  FOLLOWER to FOLLOWER at term 1 for candidate:bb0e9150-086f-4512-ab04-1336b269041b
2023-06-28 21:18:43,152 [grpc-default-executor-1] INFO  impl.RoleInfo (RoleInfo.java:shutdownFollowerState(110)) - 08ff75f9-1328-4943-9840-929c3a1c46cb: shutdown 08ff75f9-1328-4943-9840-929c3a1c46cb@group-0F7CE2C5F091-FollowerState
2023-06-28 21:18:43,152 [grpc-default-executor-1] INFO  impl.RoleInfo (RoleInfo.java:updateAndGet(139)) - 08ff75f9-1328-4943-9840-929c3a1c46cb: start 08ff75f9-1328-4943-9840-929c3a1c46cb@group-0F7CE2C5F091-FollowerState
2023-06-28 21:18:43,152 [08ff75f9-1328-4943-9840-929c3a1c46cb@group-0F7CE2C5F091-FollowerState] INFO  impl.FollowerState (FollowerState.java:run(152)) - 08ff75f9-1328-4943-9840-929c3a1c46cb@group-0F7CE2C5F091-FollowerState was interrupted
2023-06-28 21:18:43,151 [grpc-default-executor-3] INFO  impl.VoteContext (VoteContext.java:log(49)) - 8a2b3145-2dd0-434b-a2c2-caa8e5fb0ef1@group-0F7CE2C5F091-FOLLOWER: accept ELECTION from bb0e9150-086f-4512-ab04-1336b269041b: our priority 0 <= candidate's priority 1
2023-06-28 21:18:43,154 [grpc-default-executor-3] INFO  server.RaftServer$Division (RaftServerImpl.java:setRole(329)) - 8a2b3145-2dd0-434b-a2c2-caa8e5fb0ef1@group-0F7CE2C5F091: changes role from  FOLLOWER to FOLLOWER at term 1 for candidate:bb0e9150-086f-4512-ab04-1336b269041b
2023-06-28 21:18:43,154 [grpc-default-executor-1] INFO  server.RaftServer$Division (RaftServerImpl.java:requestVote(1335)) - 08ff75f9-1328-4943-9840-929c3a1c46cb@group-0F7CE2C5F091 replies to ELECTION vote request: bb0e9150-086f-4512-ab04-1336b269041b<-08ff75f9-1328-4943-9840-929c3a1c46cb#0:OK-t1. Peer's state: 08ff75f9-1328-4943-9840-929c3a1c46cb@group-0F7CE2C5F091:t1, leader=null, voted=bb0e9150-086f-4512-ab04-1336b269041b, raftlog=Memoized:08ff75f9-1328-4943-9840-929c3a1c46cb@group-0F7CE2C5F091-SegmentedRaftLog:OPENED:c-1, conf=-1: peers:[bb0e9150-086f-4512-ab04-1336b269041b|rpc:10.1.0.52:15022|admin:10.1.0.52:15021|client:10.1.0.52:15020|dataStream:10.1.0.52:15023|priority:1|startupRole:FOLLOWER, 8a2b3145-2dd0-434b-a2c2-caa8e5fb0ef1|rpc:10.1.0.52:15040|admin:10.1.0.52:15039|client:10.1.0.52:15038|dataStream:10.1.0.52:15041|priority:0|startupRole:FOLLOWER, 08ff75f9-1328-4943-9840-929c3a1c46cb|rpc:10.1.0.52:15031|admin:10.1.0.52:15030|client:10.1.0.52:15029|dataStream:10.1.0.52:15032|priority:0|startupRole:FOLLOWER]|listeners:[], old=null
2023-06-28 21:18:43,154 [grpc-default-executor-3] INFO  impl.RoleInfo (RoleInfo.java:shutdownFollowerState(110)) - 8a2b3145-2dd0-434b-a2c2-caa8e5fb0ef1: shutdown 8a2b3145-2dd0-434b-a2c2-caa8e5fb0ef1@group-0F7CE2C5F091-FollowerState
2023-06-28 21:18:43,154 [grpc-default-executor-3] INFO  impl.RoleInfo (RoleInfo.java:updateAndGet(139)) - 8a2b3145-2dd0-434b-a2c2-caa8e5fb0ef1: start 8a2b3145-2dd0-434b-a2c2-caa8e5fb0ef1@group-0F7CE2C5F091-FollowerState
2023-06-28 21:18:43,154 [8a2b3145-2dd0-434b-a2c2-caa8e5fb0ef1@group-0F7CE2C5F091-FollowerState] INFO  impl.FollowerState (FollowerState.java:run(152)) - 8a2b3145-2dd0-434b-a2c2-caa8e5fb0ef1@group-0F7CE2C5F091-FollowerState was interrupted
2023-06-28 21:18:43,157 [bb0e9150-086f-4512-ab04-1336b269041b@group-0F7CE2C5F091-LeaderElection2] INFO  impl.LeaderElection (LeaderElection.java:logAndReturn(90)) - bb0e9150-086f-4512-ab04-1336b269041b@group-0F7CE2C5F091-LeaderElection2: ELECTION PASSED received 1 response(s) and 0 exception(s):
2023-06-28 21:18:43,158 [bb0e9150-086f-4512-ab04-1336b269041b@group-0F7CE2C5F091-LeaderElection2] INFO  impl.LeaderElection (LeaderElection.java:logAndReturn(94)) -   Response 0: bb0e9150-086f-4512-ab04-1336b269041b<-08ff75f9-1328-4943-9840-929c3a1c46cb#0:OK-t1
2023-06-28 21:18:43,158 [bb0e9150-086f-4512-ab04-1336b269041b@group-0F7CE2C5F091-LeaderElection2] INFO  impl.LeaderElection (LeaderElection.java:askForVotes(323)) - bb0e9150-086f-4512-ab04-1336b269041b@group-0F7CE2C5F091-LeaderElection2 ELECTION round 0: result PASSED
2023-06-28 21:18:43,158 [bb0e9150-086f-4512-ab04-1336b269041b@group-0F7CE2C5F091-LeaderElection2] INFO  impl.RoleInfo (RoleInfo.java:shutdownLeaderElection(130)) - bb0e9150-086f-4512-ab04-1336b269041b: shutdown bb0e9150-086f-4512-ab04-1336b269041b@group-0F7CE2C5F091-LeaderElection2
2023-06-28 21:18:43,158 [bb0e9150-086f-4512-ab04-1336b269041b@group-0F7CE2C5F091-LeaderElection2] INFO  server.RaftServer$Division (RaftServerImpl.java:setRole(329)) - bb0e9150-086f-4512-ab04-1336b269041b@group-0F7CE2C5F091: changes role from CANDIDATE to LEADER at term 1 for changeToLeader
2023-06-28 21:18:43,158 [bb0e9150-086f-4512-ab04-1336b269041b@group-0F7CE2C5F091-LeaderElection2] INFO  ratis.XceiverServerRatis (XceiverServerRatis.java:handleLeaderChangedNotification(902)) - Leader change notification received for group: group-0F7CE2C5F091 with new leaderId: bb0e9150-086f-4512-ab04-1336b269041b
2023-06-28 21:18:43,158 [bb0e9150-086f-4512-ab04-1336b269041b@group-0F7CE2C5F091-LeaderElection2] INFO  server.RaftServer$Division (ServerState.java:setLeader(317)) - bb0e9150-086f-4512-ab04-1336b269041b@group-0F7CE2C5F091: change Leader from null to bb0e9150-086f-4512-ab04-1336b269041b at term 1 for becomeLeader, leader elected after 5090ms
2023-06-28 21:18:43,158 [bb0e9150-086f-4512-ab04-1336b269041b@group-0F7CE2C5F091-LeaderElection2] INFO  server.RaftServerConfigKeys (ConfUtils.java:logGet(46)) - raft.server.staging.catchup.gap = 1000 (default)
2023-06-28 21:18:43,159 [bb0e9150-086f-4512-ab04-1336b269041b@group-0F7CE2C5F091-LeaderElection2] INFO  server.RaftServerConfigKeys (ConfUtils.java:logGet(46)) - raft.server.write.element-limit = 1024 (custom)
2023-06-28 21:18:43,159 [bb0e9150-086f-4512-ab04-1336b269041b@group-0F7CE2C5F091-LeaderElection2] INFO  server.RaftServerConfigKeys (ConfUtils.java:logGet(46)) - raft.server.write.byte-limit = 1024 M (=1073741824) (custom)
2023-06-28 21:18:43,159 [bb0e9150-086f-4512-ab04-1336b269041b@group-0F7CE2C5F091-LeaderElection2] INFO  server.RaftServerConfigKeys (ConfUtils.java:logGet(46)) - raft.server.watch.timeout = 180s (custom)
2023-06-28 21:18:43,159 [bb0e9150-086f-4512-ab04-1336b269041b@group-0F7CE2C5F091-LeaderElection2] INFO  server.RaftServerConfigKeys (ConfUtils.java:logGet(46)) - raft.server.watch.timeout.denomination = 1s (default)
2023-06-28 21:18:43,159 [bb0e9150-086f-4512-ab04-1336b269041b@group-0F7CE2C5F091-LeaderElection2] INFO  server.RaftServerConfigKeys (ConfUtils.java:logGet(46)) - raft.server.watch.element-limit = 65536 (default)
2023-06-28 21:18:43,159 [bb0e9150-086f-4512-ab04-1336b269041b@group-0F7CE2C5F091-LeaderElection2] INFO  server.RaftServerConfigKeys (ConfUtils.java:logGet(46)) - raft.server.write.element-limit = 1024 (custom)
2023-06-28 21:18:43,159 [bb0e9150-086f-4512-ab04-1336b269041b@group-0F7CE2C5F091-LeaderElection2] INFO  server.RaftServerConfigKeys (ConfUtils.java:logGet(46)) - raft.server.write.follower.gap.ratio.max = -1.0 (default)
2023-06-28 21:18:43,160 [bb0e9150-086f-4512-ab04-1336b269041b@group-0F7CE2C5F091-LeaderElection2] INFO  server.RaftServerConfigKeys (ConfUtils.java:logGet(46)) - raft.server.log.appender.snapshot.chunk.size.max = 16MB (=16777216) (default)
2023-06-28 21:18:43,160 [bb0e9150-086f-4512-ab04-1336b269041b@group-0F7CE2C5F091-LeaderElection2] INFO  server.RaftServerConfigKeys (ConfUtils.java:logGet(46)) - raft.server.log.appender.buffer.byte-limit = 33554432 (custom)
2023-06-28 21:18:43,160 [bb0e9150-086f-4512-ab04-1336b269041b@group-0F7CE2C5F091-LeaderElection2] INFO  server.RaftServerConfigKeys (ConfUtils.java:logGet(46)) - raft.server.log.appender.buffer.element-limit = 1 (custom)
2023-06-28 21:18:43,165 [EventQueue-PipelineReportForPipelineReportHandler] INFO  pipeline.PipelineManagerImpl (PipelineManagerImpl.java:openPipeline(443)) - Pipeline Pipeline[ Id: d02221a8-2fe3-4c2b-a6d8-0f7ce2c5f091, Nodes: 8a2b3145-2dd0-434b-a2c2-caa8e5fb0ef1(fv-az613-21.sfleub4vn5uufca0bzvsziz2ge.jx.internal.cloudapp.net/10.1.0.52)bb0e9150-086f-4512-ab04-1336b269041b(fv-az613-21.sfleub4vn5uufca0bzvsziz2ge.jx.internal.cloudapp.net/10.1.0.52)08ff75f9-1328-4943-9840-929c3a1c46cb(fv-az613-21.sfleub4vn5uufca0bzvsziz2ge.jx.internal.cloudapp.net/10.1.0.52), ReplicationConfig: RATIS/THREE, State:ALLOCATED, leaderId:bb0e9150-086f-4512-ab04-1336b269041b, CreationTimestamp2023-06-28T21:18:35.782Z[Etc/UTC]] moved to OPEN state
2023-06-28 21:18:43,165 [EventQueue-OpenPipelineForHealthyPipelineSafeModeRule] INFO  safemode.SCMSafeModeManager (HealthyPipelineSafeModeRule.java:process(137)) - SCM in safe mode. Healthy pipelines reported count is 1, required healthy pipeline reported count is 1
2023-06-28 21:18:43,165 [EventQueue-OpenPipelineForHealthyPipelineSafeModeRule] INFO  safemode.SCMSafeModeManager (SCMSafeModeManager.java:validateSafeModeExitRules(200)) - HealthyPipelineSafeModeRule rule is successfully validated
2023-06-28 21:18:43,165 [EventQueue-OpenPipelineForHealthyPipelineSafeModeRule] INFO  safemode.SCMSafeModeManager (SCMSafeModeManager.java:validateSafeModeExitRules(215)) - ScmSafeModeManager, all rules are successfully validated
2023-06-28 21:18:43,166 [EventQueue-OpenPipelineForHealthyPipelineSafeModeRule] INFO  safemode.SCMSafeModeManager (SCMSafeModeManager.java:exitSafeMode(244)) - SCM exiting safe mode.
2023-06-28 21:18:43,166 [EventQueue-OpenPipelineForHealthyPipelineSafeModeRule] INFO  ha.SCMContext (SCMContext.java:updateSafeModeStatus(228)) - Update SafeModeStatus from SafeModeStatus{safeModeStatus=true, preCheckPassed=true} to SafeModeStatus{safeModeStatus=false, preCheckPassed=true}.
2023-06-28 21:18:43,166 [EventQueue-OpenPipelineForHealthyPipelineSafeModeRule] INFO  pipeline.BackgroundPipelineCreator (BackgroundPipelineCreator.java:notifyStatusChanged(254)) - Service BackgroundPipelineCreator transitions to RUNNING.
2023-06-28 21:18:43,166 [EventQueue-OpenPipelineForHealthyPipelineSafeModeRule] INFO  BackgroundPipelineScrubber (BackgroundSCMService.java:notifyStatusChanged(82)) - Service BackgroundPipelineScrubber transitions to RUNNING.
2023-06-28 21:18:43,166 [EventQueue-OpenPipelineForHealthyPipelineSafeModeRule] INFO  ExpiredContainerReplicaOpScrubber (BackgroundSCMService.java:notifyStatusChanged(82)) - Service ExpiredContainerReplicaOpScrubber transitions to RUNNING.
2023-06-28 21:18:43,166 [EventQueue-OpenPipelineForHealthyPipelineSafeModeRule] INFO  replication.ReplicationManager (ReplicationManager.java:notifyStatusChanged(1367)) - Service ReplicationManager transitions to RUNNING.
2023-06-28 21:18:43,168 [bb0e9150-086f-4512-ab04-1336b269041b@group-0F7CE2C5F091-LeaderElection2] INFO  server.RaftServerConfigKeys (ConfUtils.java:logGet(46)) - raft.server.log.appender.wait-time.min = 10ms (default)
2023-06-28 21:18:43,170 [bb0e9150-086f-4512-ab04-1336b269041b@group-0F7CE2C5F091-LeaderElection2] INFO  grpc.GrpcConfigKeys (ConfUtils.java:logGet(46)) - raft.grpc.server.leader.outstanding.appends.max = 128 (default)
2023-06-28 21:18:43,170 [bb0e9150-086f-4512-ab04-1336b269041b@group-0F7CE2C5F091-LeaderElection2] INFO  server.RaftServerConfigKeys (ConfUtils.java:logGet(46)) - raft.server.rpc.request.timeout = 60s (custom)
2023-06-28 21:18:43,170 [bb0e9150-086f-4512-ab04-1336b269041b@group-0F7CE2C5F091-LeaderElection2] INFO  grpc.GrpcConfigKeys (ConfUtils.java:logGet(46)) - raft.grpc.server.install_snapshot.request.element-limit = 8 (default)
2023-06-28 21:18:43,170 [bb0e9150-086f-4512-ab04-1336b269041b@group-0F7CE2C5F091-LeaderElection2] INFO  grpc.GrpcConfigKeys (ConfUtils.java:logGet(46)) - raft.grpc.server.install_snapshot.request.timeout = 3000ms (default)
2023-06-28 21:18:43,170 [bb0e9150-086f-4512-ab04-1336b269041b@group-0F7CE2C5F091-LeaderElection2] INFO  server.RaftServerConfigKeys (ConfUtils.java:logGet(46)) - raft.server.log.appender.install.snapshot.enabled = false (custom)
2023-06-28 21:18:43,170 [bb0e9150-086f-4512-ab04-1336b269041b@group-0F7CE2C5F091-LeaderElection2] INFO  grpc.GrpcConfigKeys (ConfUtils.java:logGet(46)) - raft.grpc.server.heartbeat.channel = true (default)
2023-06-28 21:18:43,157 [grpc-default-executor-3] INFO  server.RaftServer$Division (RaftServerImpl.java:requestVote(1335)) - 8a2b3145-2dd0-434b-a2c2-caa8e5fb0ef1@group-0F7CE2C5F091 replies to ELECTION vote request: bb0e9150-086f-4512-ab04-1336b269041b<-8a2b3145-2dd0-434b-a2c2-caa8e5fb0ef1#0:OK-t1. Peer's state: 8a2b3145-2dd0-434b-a2c2-caa8e5fb0ef1@group-0F7CE2C5F091:t1, leader=null, voted=bb0e9150-086f-4512-ab04-1336b269041b, raftlog=Memoized:8a2b3145-2dd0-434b-a2c2-caa8e5fb0ef1@group-0F7CE2C5F091-SegmentedRaftLog:OPENED:c-1, conf=-1: peers:[bb0e9150-086f-4512-ab04-1336b269041b|rpc:10.1.0.52:15022|admin:10.1.0.52:15021|client:10.1.0.52:15020|dataStream:10.1.0.52:15023|priority:1|startupRole:FOLLOWER, 8a2b3145-2dd0-434b-a2c2-caa8e5fb0ef1|rpc:10.1.0.52:15040|admin:10.1.0.52:15039|client:10.1.0.52:15038|dataStream:10.1.0.52:15041|priority:0|startupRole:FOLLOWER, 08ff75f9-1328-4943-9840-929c3a1c46cb|rpc:10.1.0.52:15031|admin:10.1.0.52:15030|client:10.1.0.52:15029|dataStream:10.1.0.52:15032|priority:0|startupRole:FOLLOWER]|listeners:[], old=null
2023-06-28 21:18:43,173 [EventQueue-OpenPipelineForHealthyPipelineSafeModeRule] WARN  balancer.ContainerBalancer (ContainerBalancer.java:shouldRun(135)) - Could not find persisted configuration for ContainerBalancer when checking if ContainerBalancer should run. ContainerBalancer should not run now.
2023-06-28 21:18:43,173 [bb0e9150-086f-4512-ab04-1336b269041b@group-0F7CE2C5F091-LeaderElection2] INFO  server.RaftServerConfigKeys (ConfUtils.java:logGet(46)) - raft.server.log.appender.snapshot.chunk.size.max = 16MB (=16777216) (default)
2023-06-28 21:18:43,174 [bb0e9150-086f-4512-ab04-1336b269041b@group-0F7CE2C5F091-LeaderElection2] INFO  server.RaftServerConfigKeys (ConfUtils.java:logGet(46)) - raft.server.log.appender.buffer.byte-limit = 33554432 (custom)
2023-06-28 21:18:43,174 [bb0e9150-086f-4512-ab04-1336b269041b@group-0F7CE2C5F091-LeaderElection2] INFO  server.RaftServerConfigKeys (ConfUtils.java:logGet(46)) - raft.server.log.appender.buffer.element-limit = 1 (custom)
2023-06-28 21:18:43,174 [bb0e9150-086f-4512-ab04-1336b269041b@group-0F7CE2C5F091-LeaderElection2] INFO  server.RaftServerConfigKeys (ConfUtils.java:logGet(46)) - raft.server.log.appender.wait-time.min = 10ms (default)
2023-06-28 21:18:43,174 [bb0e9150-086f-4512-ab04-1336b269041b@group-0F7CE2C5F091-LeaderElection2] INFO  grpc.GrpcConfigKeys (ConfUtils.java:logGet(46)) - raft.grpc.server.leader.outstanding.appends.max = 128 (default)
2023-06-28 21:18:43,174 [bb0e9150-086f-4512-ab04-1336b269041b@group-0F7CE2C5F091-LeaderElection2] INFO  server.RaftServerConfigKeys (ConfUtils.java:logGet(46)) - raft.server.rpc.request.timeout = 60s (custom)
2023-06-28 21:18:43,174 [bb0e9150-086f-4512-ab04-1336b269041b@group-0F7CE2C5F091-LeaderElection2] INFO  grpc.GrpcConfigKeys (ConfUtils.java:logGet(46)) - raft.grpc.server.install_snapshot.request.element-limit = 8 (default)
2023-06-28 21:18:43,174 [bb0e9150-086f-4512-ab04-1336b269041b@group-0F7CE2C5F091-LeaderElection2] INFO  grpc.GrpcConfigKeys (ConfUtils.java:logGet(46)) - raft.grpc.server.install_snapshot.request.timeout = 3000ms (default)
2023-06-28 21:18:43,174 [bb0e9150-086f-4512-ab04-1336b269041b@group-0F7CE2C5F091-LeaderElection2] INFO  server.RaftServerConfigKeys (ConfUtils.java:logGet(46)) - raft.server.log.appender.install.snapshot.enabled = false (custom)
2023-06-28 21:18:43,174 [bb0e9150-086f-4512-ab04-1336b269041b@group-0F7CE2C5F091-LeaderElection2] INFO  grpc.GrpcConfigKeys (ConfUtils.java:logGet(46)) - raft.grpc.server.heartbeat.channel = true (default)
2023-06-28 21:18:43,174 [bb0e9150-086f-4512-ab04-1336b269041b@group-0F7CE2C5F091-LeaderElection2] INFO  impl.RoleInfo (RoleInfo.java:updateAndGet(139)) - bb0e9150-086f-4512-ab04-1336b269041b: start bb0e9150-086f-4512-ab04-1336b269041b@group-0F7CE2C5F091-LeaderStateImpl
2023-06-28 21:18:43,175 [bb0e9150-086f-4512-ab04-1336b269041b@group-0F7CE2C5F091-LeaderElection2] INFO  segmented.SegmentedRaftLogWorker (SegmentedRaftLogWorker.java:startLogSegment(447)) - bb0e9150-086f-4512-ab04-1336b269041b@group-0F7CE2C5F091-SegmentedRaftLogWorker: Starting segment from index:0
2023-06-28 21:18:43,176 [bb0e9150-086f-4512-ab04-1336b269041b@group-0F7CE2C5F091-SegmentedRaftLogWorker] INFO  segmented.SegmentedRaftLogWorker (SegmentedRaftLogWorker.java:execute(651)) - bb0e9150-086f-4512-ab04-1336b269041b@group-0F7CE2C5F091-SegmentedRaftLogWorker: created new log segment /home/runner/work/ozone/ozone/hadoop-ozone/integration-test/target/test-dir/MiniOzoneClusterImpl-392d5ccd-e702-410a-a53a-05dc11be4355/datanode-0/data/ratis/d02221a8-2fe3-4c2b-a6d8-0f7ce2c5f091/current/log_inprogress_0
2023-06-28 21:18:43,191 [bb0e9150-086f-4512-ab04-1336b269041b@group-0F7CE2C5F091-LeaderElection2] INFO  server.RaftServer$Division (ServerState.java:setRaftConf(434)) - bb0e9150-086f-4512-ab04-1336b269041b@group-0F7CE2C5F091: set configuration 0: peers:[bb0e9150-086f-4512-ab04-1336b269041b|rpc:10.1.0.52:15022|admin:10.1.0.52:15021|client:10.1.0.52:15020|dataStream:10.1.0.52:15023|priority:1|startupRole:FOLLOWER, 8a2b3145-2dd0-434b-a2c2-caa8e5fb0ef1|rpc:10.1.0.52:15040|admin:10.1.0.52:15039|client:10.1.0.52:15038|dataStream:10.1.0.52:15041|priority:0|startupRole:FOLLOWER, 08ff75f9-1328-4943-9840-929c3a1c46cb|rpc:10.1.0.52:15031|admin:10.1.0.52:15030|client:10.1.0.52:15029|dataStream:10.1.0.52:15032|priority:0|startupRole:FOLLOWER]|listeners:[], old=null
2023-06-28 21:18:43,201 [8a2b3145-2dd0-434b-a2c2-caa8e5fb0ef1-server-thread1] INFO  ratis.XceiverServerRatis (XceiverServerRatis.java:handleLeaderChangedNotification(902)) - Leader change notification received for group: group-0F7CE2C5F091 with new leaderId: bb0e9150-086f-4512-ab04-1336b269041b
2023-06-28 21:18:43,201 [8a2b3145-2dd0-434b-a2c2-caa8e5fb0ef1-server-thread1] INFO  server.RaftServer$Division (ServerState.java:setLeader(317)) - 8a2b3145-2dd0-434b-a2c2-caa8e5fb0ef1@group-0F7CE2C5F091: change Leader from null to bb0e9150-086f-4512-ab04-1336b269041b at term 1 for appendEntries, leader elected after 5027ms
2023-06-28 21:18:43,212 [08ff75f9-1328-4943-9840-929c3a1c46cb-server-thread1] INFO  ratis.XceiverServerRatis (XceiverServerRatis.java:handleLeaderChangedNotification(902)) - Leader change notification received for group: group-0F7CE2C5F091 with new leaderId: bb0e9150-086f-4512-ab04-1336b269041b
2023-06-28 21:18:43,218 [08ff75f9-1328-4943-9840-929c3a1c46cb-server-thread1] INFO  server.RaftServer$Division (ServerState.java:setLeader(317)) - 08ff75f9-1328-4943-9840-929c3a1c46cb@group-0F7CE2C5F091: change Leader from null to bb0e9150-086f-4512-ab04-1336b269041b at term 1 for appendEntries, leader elected after 4937ms
2023-06-28 21:18:43,217 [bb0e9150-086f-4512-ab04-1336b269041b@group-F2940E7630A6-FollowerState] INFO  impl.FollowerState (FollowerState.java:run(143)) - bb0e9150-086f-4512-ab04-1336b269041b@group-F2940E7630A6-FollowerState: change to CANDIDATE, lastRpcElapsedTime:5160037900ns, electionTimeout:5156ms
2023-06-28 21:18:43,212 [8a2b3145-2dd0-434b-a2c2-caa8e5fb0ef1-server-thread2] INFO  server.RaftServer$Division (ServerState.java:setRaftConf(434)) - 8a2b3145-2dd0-434b-a2c2-caa8e5fb0ef1@group-0F7CE2C5F091: set configuration 0: peers:[bb0e9150-086f-4512-ab04-1336b269041b|rpc:10.1.0.52:15022|admin:10.1.0.52:15021|client:10.1.0.52:15020|dataStream:10.1.0.52:15023|priority:1|startupRole:FOLLOWER, 8a2b3145-2dd0-434b-a2c2-caa8e5fb0ef1|rpc:10.1.0.52:15040|admin:10.1.0.52:15039|client:10.1.0.52:15038|dataStream:10.1.0.52:15041|priority:0|startupRole:FOLLOWER, 08ff75f9-1328-4943-9840-929c3a1c46cb|rpc:10.1.0.52:15031|admin:10.1.0.52:15030|client:10.1.0.52:15029|dataStream:10.1.0.52:15032|priority:0|startupRole:FOLLOWER]|listeners:[], old=null
2023-06-28 21:18:43,218 [bb0e9150-086f-4512-ab04-1336b269041b@group-F2940E7630A6-FollowerState] INFO  impl.RoleInfo (RoleInfo.java:shutdownFollowerState(110)) - bb0e9150-086f-4512-ab04-1336b269041b: shutdown bb0e9150-086f-4512-ab04-1336b269041b@group-F2940E7630A6-FollowerState
2023-06-28 21:18:43,218 [bb0e9150-086f-4512-ab04-1336b269041b@group-F2940E7630A6-FollowerState] INFO  server.RaftServer$Division (RaftServerImpl.java:setRole(329)) - bb0e9150-086f-4512-ab04-1336b269041b@group-F2940E7630A6: changes role from  FOLLOWER to CANDIDATE at term 0 for changeToCandidate
2023-06-28 21:18:43,218 [8a2b3145-2dd0-434b-a2c2-caa8e5fb0ef1-server-thread2] INFO  segmented.SegmentedRaftLogWorker (SegmentedRaftLogWorker.java:startLogSegment(447)) - 8a2b3145-2dd0-434b-a2c2-caa8e5fb0ef1@group-0F7CE2C5F091-SegmentedRaftLogWorker: Starting segment from index:0
2023-06-28 21:18:43,230 [bb0e9150-086f-4512-ab04-1336b269041b@group-F2940E7630A6-FollowerState] INFO  server.RaftServerConfigKeys (ConfUtils.java:logGet(46)) - raft.server.leaderelection.pre-vote = true (default)
2023-06-28 21:18:43,230 [bb0e9150-086f-4512-ab04-1336b269041b@group-F2940E7630A6-FollowerState] INFO  impl.RoleInfo (RoleInfo.java:updateAndGet(139)) - bb0e9150-086f-4512-ab04-1336b269041b: start bb0e9150-086f-4512-ab04-1336b269041b@group-F2940E7630A6-LeaderElection3
2023-06-28 21:18:43,230 [8a2b3145-2dd0-434b-a2c2-caa8e5fb0ef1@group-0F7CE2C5F091-SegmentedRaftLogWorker] INFO  segmented.SegmentedRaftLogWorker (SegmentedRaftLogWorker.java:execute(651)) - 8a2b3145-2dd0-434b-a2c2-caa8e5fb0ef1@group-0F7CE2C5F091-SegmentedRaftLogWorker: created new log segment /home/runner/work/ozone/ozone/hadoop-ozone/integration-test/target/test-dir/MiniOzoneClusterImpl-392d5ccd-e702-410a-a53a-05dc11be4355/datanode-2/data/ratis/d02221a8-2fe3-4c2b-a6d8-0f7ce2c5f091/current/log_inprogress_0
2023-06-28 21:18:43,233 [08ff75f9-1328-4943-9840-929c3a1c46cb-server-thread2] INFO  server.RaftServer$Division (ServerState.java:setRaftConf(434)) - 08ff75f9-1328-4943-9840-929c3a1c46cb@group-0F7CE2C5F091: set configuration 0: peers:[bb0e9150-086f-4512-ab04-1336b269041b|rpc:10.1.0.52:15022|admin:10.1.0.52:15021|client:10.1.0.52:15020|dataStream:10.1.0.52:15023|priority:1|startupRole:FOLLOWER, 8a2b3145-2dd0-434b-a2c2-caa8e5fb0ef1|rpc:10.1.0.52:15040|admin:10.1.0.52:15039|client:10.1.0.52:15038|dataStream:10.1.0.52:15041|priority:0|startupRole:FOLLOWER, 08ff75f9-1328-4943-9840-929c3a1c46cb|rpc:10.1.0.52:15031|admin:10.1.0.52:15030|client:10.1.0.52:15029|dataStream:10.1.0.52:15032|priority:0|startupRole:FOLLOWER]|listeners:[], old=null
2023-06-28 21:18:43,234 [08ff75f9-1328-4943-9840-929c3a1c46cb-server-thread2] INFO  segmented.SegmentedRaftLogWorker (SegmentedRaftLogWorker.java:startLogSegment(447)) - 08ff75f9-1328-4943-9840-929c3a1c46cb@group-0F7CE2C5F091-SegmentedRaftLogWorker: Starting segment from index:0
2023-06-28 21:18:43,236 [08ff75f9-1328-4943-9840-929c3a1c46cb@group-0F7CE2C5F091-SegmentedRaftLogWorker] INFO  segmented.SegmentedRaftLogWorker (SegmentedRaftLogWorker.java:execute(651)) - 08ff75f9-1328-4943-9840-929c3a1c46cb@group-0F7CE2C5F091-SegmentedRaftLogWorker: created new log segment /home/runner/work/ozone/ozone/hadoop-ozone/integration-test/target/test-dir/MiniOzoneClusterImpl-392d5ccd-e702-410a-a53a-05dc11be4355/datanode-1/data/ratis/d02221a8-2fe3-4c2b-a6d8-0f7ce2c5f091/current/log_inprogress_0
2023-06-28 21:18:43,236 [bb0e9150-086f-4512-ab04-1336b269041b@group-F2940E7630A6-LeaderElection3] INFO  impl.LeaderElection (LeaderElection.java:askForVotes(321)) - bb0e9150-086f-4512-ab04-1336b269041b@group-F2940E7630A6-LeaderElection3 PRE_VOTE round 0: submit vote requests at term 0 for -1: peers:[bb0e9150-086f-4512-ab04-1336b269041b|rpc:10.1.0.52:15022|admin:10.1.0.52:15021|client:10.1.0.52:15020|dataStream:10.1.0.52:15023|priority:1|startupRole:FOLLOWER]|listeners:[], old=null
2023-06-28 21:18:43,239 [bb0e9150-086f-4512-ab04-1336b269041b@group-F2940E7630A6-LeaderElection3] INFO  impl.LeaderElection (LeaderElection.java:askForVotes(323)) - bb0e9150-086f-4512-ab04-1336b269041b@group-F2940E7630A6-LeaderElection3 PRE_VOTE round 0: result PASSED (term=0)
2023-06-28 21:18:43,242 [bb0e9150-086f-4512-ab04-1336b269041b@group-F2940E7630A6-LeaderElection3] INFO  impl.LeaderElection (LeaderElection.java:askForVotes(321)) - bb0e9150-086f-4512-ab04-1336b269041b@group-F2940E7630A6-LeaderElection3 ELECTION round 0: submit vote requests at term 1 for -1: peers:[bb0e9150-086f-4512-ab04-1336b269041b|rpc:10.1.0.52:15022|admin:10.1.0.52:15021|client:10.1.0.52:15020|dataStream:10.1.0.52:15023|priority:1|startupRole:FOLLOWER]|listeners:[], old=null
2023-06-28 21:18:43,243 [bb0e9150-086f-4512-ab04-1336b269041b@group-F2940E7630A6-LeaderElection3] INFO  impl.LeaderElection (LeaderElection.java:askForVotes(323)) - bb0e9150-086f-4512-ab04-1336b269041b@group-F2940E7630A6-LeaderElection3 ELECTION round 0: result PASSED (term=1)
2023-06-28 21:18:43,243 [bb0e9150-086f-4512-ab04-1336b269041b@group-F2940E7630A6-LeaderElection3] INFO  impl.RoleInfo (RoleInfo.java:shutdownLeaderElection(130)) - bb0e9150-086f-4512-ab04-1336b269041b: shutdown bb0e9150-086f-4512-ab04-1336b269041b@group-F2940E7630A6-LeaderElection3
2023-06-28 21:18:43,249 [bb0e9150-086f-4512-ab04-1336b269041b@group-F2940E7630A6-LeaderElection3] INFO  server.RaftServer$Division (RaftServerImpl.java:setRole(329)) - bb0e9150-086f-4512-ab04-1336b269041b@group-F2940E7630A6: changes role from CANDIDATE to LEADER at term 1 for changeToLeader
2023-06-28 21:18:43,249 [bb0e9150-086f-4512-ab04-1336b269041b@group-F2940E7630A6-LeaderElection3] INFO  ratis.XceiverServerRatis (XceiverServerRatis.java:handleLeaderChangedNotification(902)) - Leader change notification received for group: group-F2940E7630A6 with new leaderId: bb0e9150-086f-4512-ab04-1336b269041b
2023-06-28 21:18:43,250 [bb0e9150-086f-4512-ab04-1336b269041b@group-F2940E7630A6-LeaderElection3] INFO  server.RaftServer$Division (ServerState.java:setLeader(317)) - bb0e9150-086f-4512-ab04-1336b269041b@group-F2940E7630A6: change Leader from null to bb0e9150-086f-4512-ab04-1336b269041b at term 1 for becomeLeader, leader elected after 5219ms
2023-06-28 21:18:43,250 [bb0e9150-086f-4512-ab04-1336b269041b@group-F2940E7630A6-LeaderElection3] INFO  server.RaftServerConfigKeys (ConfUtils.java:logGet(46)) - raft.server.staging.catchup.gap = 1000 (default)
2023-06-28 21:18:43,251 [bb0e9150-086f-4512-ab04-1336b269041b@group-F2940E7630A6-LeaderElection3] INFO  server.RaftServerConfigKeys (ConfUtils.java:logGet(46)) - raft.server.write.element-limit = 1024 (custom)
2023-06-28 21:18:43,251 [bb0e9150-086f-4512-ab04-1336b269041b@group-F2940E7630A6-LeaderElection3] INFO  server.RaftServerConfigKeys (ConfUtils.java:logGet(46)) - raft.server.write.byte-limit = 1024 M (=1073741824) (custom)
2023-06-28 21:18:43,257 [bb0e9150-086f-4512-ab04-1336b269041b@group-F2940E7630A6-LeaderElection3] INFO  server.RaftServerConfigKeys (ConfUtils.java:logGet(46)) - raft.server.watch.timeout = 180s (custom)
2023-06-28 21:18:43,257 [bb0e9150-086f-4512-ab04-1336b269041b@group-F2940E7630A6-LeaderElection3] INFO  server.RaftServerConfigKeys (ConfUtils.java:logGet(46)) - raft.server.watch.timeout.denomination = 1s (default)
2023-06-28 21:18:43,257 [bb0e9150-086f-4512-ab04-1336b269041b@group-F2940E7630A6-LeaderElection3] INFO  server.RaftServerConfigKeys (ConfUtils.java:logGet(46)) - raft.server.watch.element-limit = 65536 (default)
2023-06-28 21:18:43,257 [bb0e9150-086f-4512-ab04-1336b269041b@group-F2940E7630A6-LeaderElection3] INFO  server.RaftServerConfigKeys (ConfUtils.java:logGet(46)) - raft.server.write.element-limit = 1024 (custom)
2023-06-28 21:18:43,257 [bb0e9150-086f-4512-ab04-1336b269041b@group-F2940E7630A6-LeaderElection3] INFO  server.RaftServerConfigKeys (ConfUtils.java:logGet(46)) - raft.server.write.follower.gap.ratio.max = -1.0 (default)
2023-06-28 21:18:43,258 [bb0e9150-086f-4512-ab04-1336b269041b@group-F2940E7630A6-LeaderElection3] INFO  impl.RoleInfo (RoleInfo.java:updateAndGet(139)) - bb0e9150-086f-4512-ab04-1336b269041b: start bb0e9150-086f-4512-ab04-1336b269041b@group-F2940E7630A6-LeaderStateImpl
2023-06-28 21:18:43,258 [bb0e9150-086f-4512-ab04-1336b269041b@group-F2940E7630A6-LeaderElection3] INFO  segmented.SegmentedRaftLogWorker (SegmentedRaftLogWorker.java:startLogSegment(447)) - bb0e9150-086f-4512-ab04-1336b269041b@group-F2940E7630A6-SegmentedRaftLogWorker: Starting segment from index:0
2023-06-28 21:18:43,259 [bb0e9150-086f-4512-ab04-1336b269041b@group-F2940E7630A6-SegmentedRaftLogWorker] INFO  segmented.SegmentedRaftLogWorker (SegmentedRaftLogWorker.java:execute(651)) - bb0e9150-086f-4512-ab04-1336b269041b@group-F2940E7630A6-SegmentedRaftLogWorker: created new log segment /home/runner/work/ozone/ozone/hadoop-ozone/integration-test/target/test-dir/MiniOzoneClusterImpl-392d5ccd-e702-410a-a53a-05dc11be4355/datanode-0/data/ratis/fd3b967d-b787-471a-aab3-f2940e7630a6/current/log_inprogress_0
2023-06-28 21:18:43,265 [bb0e9150-086f-4512-ab04-1336b269041b@group-F2940E7630A6-LeaderElection3] INFO  server.RaftServer$Division (ServerState.java:setRaftConf(434)) - bb0e9150-086f-4512-ab04-1336b269041b@group-F2940E7630A6: set configuration 0: peers:[bb0e9150-086f-4512-ab04-1336b269041b|rpc:10.1.0.52:15022|admin:10.1.0.52:15021|client:10.1.0.52:15020|dataStream:10.1.0.52:15023|priority:1|startupRole:FOLLOWER]|listeners:[], old=null
2023-06-28 21:18:43,399 [bb0e9150-086f-4512-ab04-1336b269041b@group-E00510221AAC-FollowerState] INFO  impl.FollowerState (FollowerState.java:run(143)) - bb0e9150-086f-4512-ab04-1336b269041b@group-E00510221AAC-FollowerState: change to CANDIDATE, lastRpcElapsedTime:5033511285ns, electionTimeout:5026ms
2023-06-28 21:18:43,399 [bb0e9150-086f-4512-ab04-1336b269041b@group-E00510221AAC-FollowerState] INFO  impl.RoleInfo (RoleInfo.java:shutdownFollowerState(110)) - bb0e9150-086f-4512-ab04-1336b269041b: shutdown bb0e9150-086f-4512-ab04-1336b269041b@group-E00510221AAC-FollowerState
2023-06-28 21:18:43,399 [bb0e9150-086f-4512-ab04-1336b269041b@group-E00510221AAC-FollowerState] INFO  server.RaftServer$Division (RaftServerImpl.java:setRole(329)) - bb0e9150-086f-4512-ab04-1336b269041b@group-E00510221AAC: changes role from  FOLLOWER to CANDIDATE at term 0 for changeToCandidate
2023-06-28 21:18:43,399 [bb0e9150-086f-4512-ab04-1336b269041b@group-E00510221AAC-FollowerState] INFO  server.RaftServerConfigKeys (ConfUtils.java:logGet(46)) - raft.server.leaderelection.pre-vote = true (default)
2023-06-28 21:18:43,399 [bb0e9150-086f-4512-ab04-1336b269041b@group-E00510221AAC-FollowerState] INFO  impl.RoleInfo (RoleInfo.java:updateAndGet(139)) - bb0e9150-086f-4512-ab04-1336b269041b: start bb0e9150-086f-4512-ab04-1336b269041b@group-E00510221AAC-LeaderElection4
2023-06-28 21:18:43,402 [omNode-3@group-523986131536-FollowerState] INFO  server.RaftServerConfigKeys (ConfUtils.java:logFallback(53)) - raft.server.rpc.first-election.timeout.min = 1s (fallback to raft.server.rpc.timeout.min)
2023-06-28 21:18:43,402 [omNode-3@group-523986131536-FollowerState] INFO  server.RaftServerConfigKeys (ConfUtils.java:logFallback(53)) - raft.server.rpc.first-election.timeout.max = 1200ms (fallback to raft.server.rpc.timeout.max)
2023-06-28 21:18:43,403 [bb0e9150-086f-4512-ab04-1336b269041b@group-E00510221AAC-LeaderElection4] INFO  impl.LeaderElection (LeaderElection.java:askForVotes(321)) - bb0e9150-086f-4512-ab04-1336b269041b@group-E00510221AAC-LeaderElection4 PRE_VOTE round 0: submit vote requests at term 0 for -1: peers:[bb0e9150-086f-4512-ab04-1336b269041b|rpc:10.1.0.52:15022|admin:10.1.0.52:15021|client:10.1.0.52:15020|dataStream:10.1.0.52:15023|priority:0|startupRole:FOLLOWER, 08ff75f9-1328-4943-9840-929c3a1c46cb|rpc:10.1.0.52:15031|admin:10.1.0.52:15030|client:10.1.0.52:15029|dataStream:10.1.0.52:15032|priority:0|startupRole:FOLLOWER, 8a2b3145-2dd0-434b-a2c2-caa8e5fb0ef1|rpc:10.1.0.52:15040|admin:10.1.0.52:15039|client:10.1.0.52:15038|dataStream:10.1.0.52:15041|priority:1|startupRole:FOLLOWER]|listeners:[], old=null
2023-06-28 21:18:43,408 [bb0e9150-086f-4512-ab04-1336b269041b@group-E00510221AAC-LeaderElection4] INFO  server.RaftServerConfigKeys (ConfUtils.java:logFallback(53)) - raft.server.rpc.first-election.timeout.min = 5s (fallback to raft.server.rpc.timeout.min)
2023-06-28 21:18:43,408 [bb0e9150-086f-4512-ab04-1336b269041b@group-E00510221AAC-LeaderElection4] INFO  server.RaftServerConfigKeys (ConfUtils.java:logFallback(53)) - raft.server.rpc.first-election.timeout.max = 5200ms (fallback to raft.server.rpc.timeout.max)
2023-06-28 21:18:43,408 [grpc-default-executor-5] INFO  server.RaftServer$Division (RaftServerImpl.java:requestVote(1302)) - 08ff75f9-1328-4943-9840-929c3a1c46cb@group-E00510221AAC: receive requestVote(PRE_VOTE, bb0e9150-086f-4512-ab04-1336b269041b, group-E00510221AAC, 0, (t:0, i:0))
2023-06-28 21:18:43,409 [grpc-default-executor-5] INFO  impl.VoteContext (VoteContext.java:log(49)) - 08ff75f9-1328-4943-9840-929c3a1c46cb@group-E00510221AAC-FOLLOWER: accept PRE_VOTE from bb0e9150-086f-4512-ab04-1336b269041b: our priority 0 <= candidate's priority 0
2023-06-28 21:18:43,409 [grpc-default-executor-5] INFO  server.RaftServer$Division (RaftServerImpl.java:requestVote(1335)) - 08ff75f9-1328-4943-9840-929c3a1c46cb@group-E00510221AAC replies to PRE_VOTE vote request: bb0e9150-086f-4512-ab04-1336b269041b<-08ff75f9-1328-4943-9840-929c3a1c46cb#0:OK-t0. Peer's state: 08ff75f9-1328-4943-9840-929c3a1c46cb@group-E00510221AAC:t0, leader=null, voted=, raftlog=Memoized:08ff75f9-1328-4943-9840-929c3a1c46cb@group-E00510221AAC-SegmentedRaftLog:OPENED:c-1, conf=-1: peers:[bb0e9150-086f-4512-ab04-1336b269041b|rpc:10.1.0.52:15022|admin:10.1.0.52:15021|client:10.1.0.52:15020|dataStream:10.1.0.52:15023|priority:0|startupRole:FOLLOWER, 08ff75f9-1328-4943-9840-929c3a1c46cb|rpc:10.1.0.52:15031|admin:10.1.0.52:15030|client:10.1.0.52:15029|dataStream:10.1.0.52:15032|priority:0|startupRole:FOLLOWER, 8a2b3145-2dd0-434b-a2c2-caa8e5fb0ef1|rpc:10.1.0.52:15040|admin:10.1.0.52:15039|client:10.1.0.52:15038|dataStream:10.1.0.52:15041|priority:1|startupRole:FOLLOWER]|listeners:[], old=null
2023-06-28 21:18:43,416 [grpc-default-executor-1] INFO  server.RaftServer$Division (RaftServerImpl.java:requestVote(1302)) - 8a2b3145-2dd0-434b-a2c2-caa8e5fb0ef1@group-E00510221AAC: receive requestVote(PRE_VOTE, bb0e9150-086f-4512-ab04-1336b269041b, group-E00510221AAC, 0, (t:0, i:0))
2023-06-28 21:18:43,416 [grpc-default-executor-1] INFO  impl.VoteContext (VoteContext.java:log(49)) - 8a2b3145-2dd0-434b-a2c2-caa8e5fb0ef1@group-E00510221AAC-FOLLOWER: reject PRE_VOTE from bb0e9150-086f-4512-ab04-1336b269041b: our priority 1 > candidate's priority 0
2023-06-28 21:18:43,416 [grpc-default-executor-1] INFO  server.RaftServer$Division (RaftServerImpl.java:requestVote(1335)) - 8a2b3145-2dd0-434b-a2c2-caa8e5fb0ef1@group-E00510221AAC replies to PRE_VOTE vote request: bb0e9150-086f-4512-ab04-1336b269041b<-8a2b3145-2dd0-434b-a2c2-caa8e5fb0ef1#0:FAIL-t0. Peer's state: 8a2b3145-2dd0-434b-a2c2-caa8e5fb0ef1@group-E00510221AAC:t0, leader=null, voted=, raftlog=Memoized:8a2b3145-2dd0-434b-a2c2-caa8e5fb0ef1@group-E00510221AAC-SegmentedRaftLog:OPENED:c-1, conf=-1: peers:[bb0e9150-086f-4512-ab04-1336b269041b|rpc:10.1.0.52:15022|admin:10.1.0.52:15021|client:10.1.0.52:15020|dataStream:10.1.0.52:15023|priority:0|startupRole:FOLLOWER, 08ff75f9-1328-4943-9840-929c3a1c46cb|rpc:10.1.0.52:15031|admin:10.1.0.52:15030|client:10.1.0.52:15029|dataStream:10.1.0.52:15032|priority:0|startupRole:FOLLOWER, 8a2b3145-2dd0-434b-a2c2-caa8e5fb0ef1|rpc:10.1.0.52:15040|admin:10.1.0.52:15039|client:10.1.0.52:15038|dataStream:10.1.0.52:15041|priority:1|startupRole:FOLLOWER]|listeners:[], old=null
2023-06-28 21:18:43,418 [bb0e9150-086f-4512-ab04-1336b269041b@group-E00510221AAC-LeaderElection4] INFO  impl.LeaderElection (LeaderElection.java:logAndReturn(90)) - bb0e9150-086f-4512-ab04-1336b269041b@group-E00510221AAC-LeaderElection4: PRE_VOTE REJECTED received 2 response(s) and 0 exception(s):
2023-06-28 21:18:43,419 [bb0e9150-086f-4512-ab04-1336b269041b@group-E00510221AAC-LeaderElection4] INFO  impl.LeaderElection (LeaderElection.java:logAndReturn(94)) -   Response 0: bb0e9150-086f-4512-ab04-1336b269041b<-08ff75f9-1328-4943-9840-929c3a1c46cb#0:OK-t0
2023-06-28 21:18:43,419 [bb0e9150-086f-4512-ab04-1336b269041b@group-E00510221AAC-LeaderElection4] INFO  impl.LeaderElection (LeaderElection.java:logAndReturn(94)) -   Response 1: bb0e9150-086f-4512-ab04-1336b269041b<-8a2b3145-2dd0-434b-a2c2-caa8e5fb0ef1#0:FAIL-t0
2023-06-28 21:18:43,420 [bb0e9150-086f-4512-ab04-1336b269041b@group-E00510221AAC-LeaderElection4] INFO  impl.LeaderElection (LeaderElection.java:askForVotes(323)) - bb0e9150-086f-4512-ab04-1336b269041b@group-E00510221AAC-LeaderElection4 PRE_VOTE round 0: result REJECTED
2023-06-28 21:18:43,420 [bb0e9150-086f-4512-ab04-1336b269041b@group-E00510221AAC-LeaderElection4] INFO  server.RaftServer$Division (RaftServerImpl.java:setRole(329)) - bb0e9150-086f-4512-ab04-1336b269041b@group-E00510221AAC: changes role from CANDIDATE to FOLLOWER at term 0 for REJECTED
2023-06-28 21:18:43,420 [bb0e9150-086f-4512-ab04-1336b269041b@group-E00510221AAC-LeaderElection4] INFO  impl.RoleInfo (RoleInfo.java:shutdownLeaderElection(130)) - bb0e9150-086f-4512-ab04-1336b269041b: shutdown bb0e9150-086f-4512-ab04-1336b269041b@group-E00510221AAC-LeaderElection4
2023-06-28 21:18:43,420 [bb0e9150-086f-4512-ab04-1336b269041b@group-E00510221AAC-LeaderElection4] INFO  impl.RoleInfo (RoleInfo.java:updateAndGet(139)) - bb0e9150-086f-4512-ab04-1336b269041b: start bb0e9150-086f-4512-ab04-1336b269041b@group-E00510221AAC-FollowerState
2023-06-28 21:18:43,453 [08ff75f9-1328-4943-9840-929c3a1c46cb@group-8F8BEF6AFDD6-FollowerState] INFO  impl.FollowerState (FollowerState.java:run(143)) - 08ff75f9-1328-4943-9840-929c3a1c46cb@group-8F8BEF6AFDD6-FollowerState: change to CANDIDATE, lastRpcElapsedTime:5022892851ns, electionTimeout:5019ms
2023-06-28 21:18:43,457 [08ff75f9-1328-4943-9840-929c3a1c46cb@group-8F8BEF6AFDD6-FollowerState] INFO  impl.RoleInfo (RoleInfo.java:shutdownFollowerState(110)) - 08ff75f9-1328-4943-9840-929c3a1c46cb: shutdown 08ff75f9-1328-4943-9840-929c3a1c46cb@group-8F8BEF6AFDD6-FollowerState
2023-06-28 21:18:43,457 [08ff75f9-1328-4943-9840-929c3a1c46cb@group-8F8BEF6AFDD6-FollowerState] INFO  server.RaftServer$Division (RaftServerImpl.java:setRole(329)) - 08ff75f9-1328-4943-9840-929c3a1c46cb@group-8F8BEF6AFDD6: changes role from  FOLLOWER to CANDIDATE at term 0 for changeToCandidate
2023-06-28 21:18:43,457 [08ff75f9-1328-4943-9840-929c3a1c46cb@group-8F8BEF6AFDD6-FollowerState] INFO  server.RaftServerConfigKeys (ConfUtils.java:logGet(46)) - raft.server.leaderelection.pre-vote = true (default)
2023-06-28 21:18:43,457 [08ff75f9-1328-4943-9840-929c3a1c46cb@group-8F8BEF6AFDD6-FollowerState] INFO  impl.RoleInfo (RoleInfo.java:updateAndGet(139)) - 08ff75f9-1328-4943-9840-929c3a1c46cb: start 08ff75f9-1328-4943-9840-929c3a1c46cb@group-8F8BEF6AFDD6-LeaderElection5
2023-06-28 21:18:43,465 [main] INFO  ozone.MiniOzoneClusterImpl (MiniOzoneClusterImpl.java:lambda$waitForClusterToBeReady$0(224)) - Nodes are ready. Got 5 of 5 DN Heartbeats.
2023-06-28 21:18:43,465 [main] INFO  ozone.MiniOzoneClusterImpl (MiniOzoneClusterImpl.java:lambda$waitForClusterToBeReady$0(227)) - Cluster exits safe mode
2023-06-28 21:18:43,466 [main] INFO  ozone.MiniOzoneClusterImpl (MiniOzoneClusterImpl.java:lambda$waitForClusterToBeReady$0(229)) - SCM became leader
2023-06-28 21:18:43,469 [08ff75f9-1328-4943-9840-929c3a1c46cb@group-8F8BEF6AFDD6-LeaderElection5] INFO  impl.LeaderElection (LeaderElection.java:askForVotes(321)) - 08ff75f9-1328-4943-9840-929c3a1c46cb@group-8F8BEF6AFDD6-LeaderElection5 PRE_VOTE round 0: submit vote requests at term 0 for -1: peers:[08ff75f9-1328-4943-9840-929c3a1c46cb|rpc:10.1.0.52:15031|admin:10.1.0.52:15030|client:10.1.0.52:15029|dataStream:10.1.0.52:15032|priority:1|startupRole:FOLLOWER]|listeners:[], old=null
2023-06-28 21:18:43,469 [08ff75f9-1328-4943-9840-929c3a1c46cb@group-8F8BEF6AFDD6-LeaderElection5] INFO  impl.LeaderElection (LeaderElection.java:askForVotes(323)) - 08ff75f9-1328-4943-9840-929c3a1c46cb@group-8F8BEF6AFDD6-LeaderElection5 PRE_VOTE round 0: result PASSED (term=0)
2023-06-28 21:18:43,470 [08ff75f9-1328-4943-9840-929c3a1c46cb@group-8F8BEF6AFDD6-LeaderElection5] INFO  impl.LeaderElection (LeaderElection.java:askForVotes(321)) - 08ff75f9-1328-4943-9840-929c3a1c46cb@group-8F8BEF6AFDD6-LeaderElection5 ELECTION round 0: submit vote requests at term 1 for -1: peers:[08ff75f9-1328-4943-9840-929c3a1c46cb|rpc:10.1.0.52:15031|admin:10.1.0.52:15030|client:10.1.0.52:15029|dataStream:10.1.0.52:15032|priority:1|startupRole:FOLLOWER]|listeners:[], old=null
2023-06-28 21:18:43,470 [08ff75f9-1328-4943-9840-929c3a1c46cb@group-8F8BEF6AFDD6-LeaderElection5] INFO  impl.LeaderElection (LeaderElection.java:askForVotes(323)) - 08ff75f9-1328-4943-9840-929c3a1c46cb@group-8F8BEF6AFDD6-LeaderElection5 ELECTION round 0: result PASSED (term=1)
2023-06-28 21:18:43,471 [08ff75f9-1328-4943-9840-929c3a1c46cb@group-8F8BEF6AFDD6-LeaderElection5] INFO  impl.RoleInfo (RoleInfo.java:shutdownLeaderElection(130)) - 08ff75f9-1328-4943-9840-929c3a1c46cb: shutdown 08ff75f9-1328-4943-9840-929c3a1c46cb@group-8F8BEF6AFDD6-LeaderElection5
2023-06-28 21:18:43,471 [08ff75f9-1328-4943-9840-929c3a1c46cb@group-8F8BEF6AFDD6-LeaderElection5] INFO  server.RaftServer$Division (RaftServerImpl.java:setRole(329)) - 08ff75f9-1328-4943-9840-929c3a1c46cb@group-8F8BEF6AFDD6: changes role from CANDIDATE to LEADER at term 1 for changeToLeader
2023-06-28 21:18:43,471 [08ff75f9-1328-4943-9840-929c3a1c46cb@group-8F8BEF6AFDD6-LeaderElection5] INFO  ratis.XceiverServerRatis (XceiverServerRatis.java:handleLeaderChangedNotification(902)) - Leader change notification received for group: group-8F8BEF6AFDD6 with new leaderId: 08ff75f9-1328-4943-9840-929c3a1c46cb
2023-06-28 21:18:43,472 [08ff75f9-1328-4943-9840-929c3a1c46cb@group-8F8BEF6AFDD6-LeaderElection5] INFO  server.RaftServer$Division (ServerState.java:setLeader(317)) - 08ff75f9-1328-4943-9840-929c3a1c46cb@group-8F8BEF6AFDD6: change Leader from null to 08ff75f9-1328-4943-9840-929c3a1c46cb at term 1 for becomeLeader, leader elected after 5071ms
2023-06-28 21:18:43,472 [08ff75f9-1328-4943-9840-929c3a1c46cb@group-8F8BEF6AFDD6-LeaderElection5] INFO  server.RaftServerConfigKeys (ConfUtils.java:logGet(46)) - raft.server.staging.catchup.gap = 1000 (default)
2023-06-28 21:18:43,472 [08ff75f9-1328-4943-9840-929c3a1c46cb@group-8F8BEF6AFDD6-LeaderElection5] INFO  server.RaftServerConfigKeys (ConfUtils.java:logGet(46)) - raft.server.write.element-limit = 1024 (custom)
2023-06-28 21:18:43,472 [08ff75f9-1328-4943-9840-929c3a1c46cb@group-8F8BEF6AFDD6-LeaderElection5] INFO  server.RaftServerConfigKeys (ConfUtils.java:logGet(46)) - raft.server.write.byte-limit = 1024 M (=1073741824) (custom)
2023-06-28 21:18:43,474 [08ff75f9-1328-4943-9840-929c3a1c46cb@group-8F8BEF6AFDD6-LeaderElection5] INFO  server.RaftServerConfigKeys (ConfUtils.java:logGet(46)) - raft.server.watch.timeout = 180s (custom)
2023-06-28 21:18:43,475 [08ff75f9-1328-4943-9840-929c3a1c46cb@group-8F8BEF6AFDD6-LeaderElection5] INFO  server.RaftServerConfigKeys (ConfUtils.java:logGet(46)) - raft.server.watch.timeout.denomination = 1s (default)
2023-06-28 21:18:43,476 [08ff75f9-1328-4943-9840-929c3a1c46cb@group-8F8BEF6AFDD6-LeaderElection5] INFO  server.RaftServerConfigKeys (ConfUtils.java:logGet(46)) - raft.server.watch.element-limit = 65536 (default)
2023-06-28 21:18:43,476 [08ff75f9-1328-4943-9840-929c3a1c46cb@group-8F8BEF6AFDD6-LeaderElection5] INFO  server.RaftServerConfigKeys (ConfUtils.java:logGet(46)) - raft.server.write.element-limit = 1024 (custom)
2023-06-28 21:18:43,476 [08ff75f9-1328-4943-9840-929c3a1c46cb@group-8F8BEF6AFDD6-LeaderElection5] INFO  server.RaftServerConfigKeys (ConfUtils.java:logGet(46)) - raft.server.write.follower.gap.ratio.max = -1.0 (default)
2023-06-28 21:18:43,476 [08ff75f9-1328-4943-9840-929c3a1c46cb@group-8F8BEF6AFDD6-LeaderElection5] INFO  impl.RoleInfo (RoleInfo.java:updateAndGet(139)) - 08ff75f9-1328-4943-9840-929c3a1c46cb: start 08ff75f9-1328-4943-9840-929c3a1c46cb@group-8F8BEF6AFDD6-LeaderStateImpl
2023-06-28 21:18:43,476 [08ff75f9-1328-4943-9840-929c3a1c46cb@group-8F8BEF6AFDD6-LeaderElection5] INFO  segmented.SegmentedRaftLogWorker (SegmentedRaftLogWorker.java:startLogSegment(447)) - 08ff75f9-1328-4943-9840-929c3a1c46cb@group-8F8BEF6AFDD6-SegmentedRaftLogWorker: Starting segment from index:0
2023-06-28 21:18:43,480 [08ff75f9-1328-4943-9840-929c3a1c46cb@group-8F8BEF6AFDD6-SegmentedRaftLogWorker] INFO  segmented.SegmentedRaftLogWorker (SegmentedRaftLogWorker.java:execute(651)) - 08ff75f9-1328-4943-9840-929c3a1c46cb@group-8F8BEF6AFDD6-SegmentedRaftLogWorker: created new log segment /home/runner/work/ozone/ozone/hadoop-ozone/integration-test/target/test-dir/MiniOzoneClusterImpl-392d5ccd-e702-410a-a53a-05dc11be4355/datanode-1/data/ratis/e37e79e9-e918-4f3a-82bd-8f8bef6afdd6/current/log_inprogress_0
2023-06-28 21:18:43,485 [08ff75f9-1328-4943-9840-929c3a1c46cb@group-8F8BEF6AFDD6-LeaderElection5] INFO  server.RaftServer$Division (ServerState.java:setRaftConf(434)) - 08ff75f9-1328-4943-9840-929c3a1c46cb@group-8F8BEF6AFDD6: set configuration 0: peers:[08ff75f9-1328-4943-9840-929c3a1c46cb|rpc:10.1.0.52:15031|admin:10.1.0.52:15030|client:10.1.0.52:15029|dataStream:10.1.0.52:15032|priority:1|startupRole:FOLLOWER]|listeners:[], old=null
2023-06-28 21:18:43,935 [08ff75f9-1328-4943-9840-929c3a1c46cb@group-E00510221AAC-FollowerState] INFO  server.RaftServerConfigKeys (ConfUtils.java:logFallback(53)) - raft.server.rpc.first-election.timeout.min = 5s (fallback to raft.server.rpc.timeout.min)
2023-06-28 21:18:43,935 [08ff75f9-1328-4943-9840-929c3a1c46cb@group-E00510221AAC-FollowerState] INFO  server.RaftServerConfigKeys (ConfUtils.java:logFallback(53)) - raft.server.rpc.first-election.timeout.max = 5200ms (fallback to raft.server.rpc.timeout.max)
2023-06-28 21:18:44,021 [8a2b3145-2dd0-434b-a2c2-caa8e5fb0ef1@group-103E87CE587B-FollowerState] INFO  impl.FollowerState (FollowerState.java:run(143)) - 8a2b3145-2dd0-434b-a2c2-caa8e5fb0ef1@group-103E87CE587B-FollowerState: change to CANDIDATE, lastRpcElapsedTime:5191113525ns, electionTimeout:5189ms
2023-06-28 21:18:44,021 [8a2b3145-2dd0-434b-a2c2-caa8e5fb0ef1@group-103E87CE587B-FollowerState] INFO  impl.RoleInfo (RoleInfo.java:shutdownFollowerState(110)) - 8a2b3145-2dd0-434b-a2c2-caa8e5fb0ef1: shutdown 8a2b3145-2dd0-434b-a2c2-caa8e5fb0ef1@group-103E87CE587B-FollowerState
2023-06-28 21:18:44,021 [8a2b3145-2dd0-434b-a2c2-caa8e5fb0ef1@group-103E87CE587B-FollowerState] INFO  server.RaftServer$Division (RaftServerImpl.java:setRole(329)) - 8a2b3145-2dd0-434b-a2c2-caa8e5fb0ef1@group-103E87CE587B: changes role from  FOLLOWER to CANDIDATE at term 0 for changeToCandidate
2023-06-28 21:18:44,021 [8a2b3145-2dd0-434b-a2c2-caa8e5fb0ef1@group-103E87CE587B-FollowerState] INFO  server.RaftServerConfigKeys (ConfUtils.java:logGet(46)) - raft.server.leaderelection.pre-vote = true (default)
2023-06-28 21:18:44,021 [8a2b3145-2dd0-434b-a2c2-caa8e5fb0ef1@group-103E87CE587B-FollowerState] INFO  impl.RoleInfo (RoleInfo.java:updateAndGet(139)) - 8a2b3145-2dd0-434b-a2c2-caa8e5fb0ef1: start 8a2b3145-2dd0-434b-a2c2-caa8e5fb0ef1@group-103E87CE587B-LeaderElection6
2023-06-28 21:18:44,035 [8a2b3145-2dd0-434b-a2c2-caa8e5fb0ef1@group-103E87CE587B-LeaderElection6] INFO  impl.LeaderElection (LeaderElection.java:askForVotes(321)) - 8a2b3145-2dd0-434b-a2c2-caa8e5fb0ef1@group-103E87CE587B-LeaderElection6 PRE_VOTE round 0: submit vote requests at term 0 for -1: peers:[8a2b3145-2dd0-434b-a2c2-caa8e5fb0ef1|rpc:10.1.0.52:15040|admin:10.1.0.52:15039|client:10.1.0.52:15038|dataStream:10.1.0.52:15041|priority:1|startupRole:FOLLOWER]|listeners:[], old=null
2023-06-28 21:18:44,035 [8a2b3145-2dd0-434b-a2c2-caa8e5fb0ef1@group-103E87CE587B-LeaderElection6] INFO  impl.LeaderElection (LeaderElection.java:askForVotes(323)) - 8a2b3145-2dd0-434b-a2c2-caa8e5fb0ef1@group-103E87CE587B-LeaderElection6 PRE_VOTE round 0: result PASSED (term=0)
2023-06-28 21:18:44,036 [8a2b3145-2dd0-434b-a2c2-caa8e5fb0ef1@group-103E87CE587B-LeaderElection6] INFO  impl.LeaderElection (LeaderElection.java:askForVotes(321)) - 8a2b3145-2dd0-434b-a2c2-caa8e5fb0ef1@group-103E87CE587B-LeaderElection6 ELECTION round 0: submit vote requests at term 1 for -1: peers:[8a2b3145-2dd0-434b-a2c2-caa8e5fb0ef1|rpc:10.1.0.52:15040|admin:10.1.0.52:15039|client:10.1.0.52:15038|dataStream:10.1.0.52:15041|priority:1|startupRole:FOLLOWER]|listeners:[], old=null
2023-06-28 21:18:44,036 [8a2b3145-2dd0-434b-a2c2-caa8e5fb0ef1@group-103E87CE587B-LeaderElection6] INFO  impl.LeaderElection (LeaderElection.java:askForVotes(323)) - 8a2b3145-2dd0-434b-a2c2-caa8e5fb0ef1@group-103E87CE587B-LeaderElection6 ELECTION round 0: result PASSED (term=1)
2023-06-28 21:18:44,037 [8a2b3145-2dd0-434b-a2c2-caa8e5fb0ef1@group-103E87CE587B-LeaderElection6] INFO  impl.RoleInfo (RoleInfo.java:shutdownLeaderElection(130)) - 8a2b3145-2dd0-434b-a2c2-caa8e5fb0ef1: shutdown 8a2b3145-2dd0-434b-a2c2-caa8e5fb0ef1@group-103E87CE587B-LeaderElection6
2023-06-28 21:18:44,037 [8a2b3145-2dd0-434b-a2c2-caa8e5fb0ef1@group-103E87CE587B-LeaderElection6] INFO  server.RaftServer$Division (RaftServerImpl.java:setRole(329)) - 8a2b3145-2dd0-434b-a2c2-caa8e5fb0ef1@group-103E87CE587B: changes role from CANDIDATE to LEADER at term 1 for changeToLeader
2023-06-28 21:18:44,037 [8a2b3145-2dd0-434b-a2c2-caa8e5fb0ef1@group-103E87CE587B-LeaderElection6] INFO  ratis.XceiverServerRatis (XceiverServerRatis.java:handleLeaderChangedNotification(902)) - Leader change notification received for group: group-103E87CE587B with new leaderId: 8a2b3145-2dd0-434b-a2c2-caa8e5fb0ef1
2023-06-28 21:18:44,039 [8a2b3145-2dd0-434b-a2c2-caa8e5fb0ef1@group-103E87CE587B-LeaderElection6] INFO  server.RaftServer$Division (ServerState.java:setLeader(317)) - 8a2b3145-2dd0-434b-a2c2-caa8e5fb0ef1@group-103E87CE587B: change Leader from null to 8a2b3145-2dd0-434b-a2c2-caa8e5fb0ef1 at term 1 for becomeLeader, leader elected after 5270ms
2023-06-28 21:18:44,039 [8a2b3145-2dd0-434b-a2c2-caa8e5fb0ef1@group-103E87CE587B-LeaderElection6] INFO  server.RaftServerConfigKeys (ConfUtils.java:logGet(46)) - raft.server.staging.catchup.gap = 1000 (default)
2023-06-28 21:18:44,039 [8a2b3145-2dd0-434b-a2c2-caa8e5fb0ef1@group-103E87CE587B-LeaderElection6] INFO  server.RaftServerConfigKeys (ConfUtils.java:logGet(46)) - raft.server.write.element-limit = 1024 (custom)
2023-06-28 21:18:44,039 [8a2b3145-2dd0-434b-a2c2-caa8e5fb0ef1@group-103E87CE587B-LeaderElection6] INFO  server.RaftServerConfigKeys (ConfUtils.java:logGet(46)) - raft.server.write.byte-limit = 1024 M (=1073741824) (custom)
2023-06-28 21:18:44,040 [8a2b3145-2dd0-434b-a2c2-caa8e5fb0ef1@group-103E87CE587B-LeaderElection6] INFO  server.RaftServerConfigKeys (ConfUtils.java:logGet(46)) - raft.server.watch.timeout = 180s (custom)
2023-06-28 21:18:44,040 [8a2b3145-2dd0-434b-a2c2-caa8e5fb0ef1@group-103E87CE587B-LeaderElection6] INFO  server.RaftServerConfigKeys (ConfUtils.java:logGet(46)) - raft.server.watch.timeout.denomination = 1s (default)
2023-06-28 21:18:44,040 [8a2b3145-2dd0-434b-a2c2-caa8e5fb0ef1@group-103E87CE587B-LeaderElection6] INFO  server.RaftServerConfigKeys (ConfUtils.java:logGet(46)) - raft.server.watch.element-limit = 65536 (default)
2023-06-28 21:18:44,040 [8a2b3145-2dd0-434b-a2c2-caa8e5fb0ef1@group-103E87CE587B-LeaderElection6] INFO  server.RaftServerConfigKeys (ConfUtils.java:logGet(46)) - raft.server.write.element-limit = 1024 (custom)
2023-06-28 21:18:44,040 [8a2b3145-2dd0-434b-a2c2-caa8e5fb0ef1@group-103E87CE587B-LeaderElection6] INFO  server.RaftServerConfigKeys (ConfUtils.java:logGet(46)) - raft.server.write.follower.gap.ratio.max = -1.0 (default)
2023-06-28 21:18:44,040 [8a2b3145-2dd0-434b-a2c2-caa8e5fb0ef1@group-103E87CE587B-LeaderElection6] INFO  impl.RoleInfo (RoleInfo.java:updateAndGet(139)) - 8a2b3145-2dd0-434b-a2c2-caa8e5fb0ef1: start 8a2b3145-2dd0-434b-a2c2-caa8e5fb0ef1@group-103E87CE587B-LeaderStateImpl
2023-06-28 21:18:44,041 [8a2b3145-2dd0-434b-a2c2-caa8e5fb0ef1@group-103E87CE587B-LeaderElection6] INFO  segmented.SegmentedRaftLogWorker (SegmentedRaftLogWorker.java:startLogSegment(447)) - 8a2b3145-2dd0-434b-a2c2-caa8e5fb0ef1@group-103E87CE587B-SegmentedRaftLogWorker: Starting segment from index:0
2023-06-28 21:18:44,043 [8a2b3145-2dd0-434b-a2c2-caa8e5fb0ef1@group-103E87CE587B-LeaderElection6] INFO  server.RaftServer$Division (ServerState.java:setRaftConf(434)) - 8a2b3145-2dd0-434b-a2c2-caa8e5fb0ef1@group-103E87CE587B: set configuration 0: peers:[8a2b3145-2dd0-434b-a2c2-caa8e5fb0ef1|rpc:10.1.0.52:15040|admin:10.1.0.52:15039|client:10.1.0.52:15038|dataStream:10.1.0.52:15041|priority:1|startupRole:FOLLOWER]|listeners:[], old=null
2023-06-28 21:18:44,045 [8a2b3145-2dd0-434b-a2c2-caa8e5fb0ef1@group-103E87CE587B-SegmentedRaftLogWorker] INFO  segmented.SegmentedRaftLogWorker (SegmentedRaftLogWorker.java:execute(651)) - 8a2b3145-2dd0-434b-a2c2-caa8e5fb0ef1@group-103E87CE587B-SegmentedRaftLogWorker: created new log segment /home/runner/work/ozone/ozone/hadoop-ozone/integration-test/target/test-dir/MiniOzoneClusterImpl-392d5ccd-e702-410a-a53a-05dc11be4355/datanode-2/data/ratis/fbb153d4-2199-4531-8493-103e87ce587b/current/log_inprogress_0
2023-06-28 21:18:44,073 [8a2b3145-2dd0-434b-a2c2-caa8e5fb0ef1@group-E00510221AAC-FollowerState] INFO  impl.FollowerState (FollowerState.java:run(143)) - 8a2b3145-2dd0-434b-a2c2-caa8e5fb0ef1@group-E00510221AAC-FollowerState: change to CANDIDATE, lastRpcElapsedTime:5209740014ns, electionTimeout:5200ms
2023-06-28 21:18:44,073 [8a2b3145-2dd0-434b-a2c2-caa8e5fb0ef1@group-E00510221AAC-FollowerState] INFO  impl.RoleInfo (RoleInfo.java:shutdownFollowerState(110)) - 8a2b3145-2dd0-434b-a2c2-caa8e5fb0ef1: shutdown 8a2b3145-2dd0-434b-a2c2-caa8e5fb0ef1@group-E00510221AAC-FollowerState
2023-06-28 21:18:44,073 [8a2b3145-2dd0-434b-a2c2-caa8e5fb0ef1@group-E00510221AAC-FollowerState] INFO  server.RaftServer$Division (RaftServerImpl.java:setRole(329)) - 8a2b3145-2dd0-434b-a2c2-caa8e5fb0ef1@group-E00510221AAC: changes role from  FOLLOWER to CANDIDATE at term 0 for changeToCandidate
2023-06-28 21:18:44,073 [8a2b3145-2dd0-434b-a2c2-caa8e5fb0ef1@group-E00510221AAC-FollowerState] INFO  server.RaftServerConfigKeys (ConfUtils.java:logGet(46)) - raft.server.leaderelection.pre-vote = true (default)
2023-06-28 21:18:44,073 [8a2b3145-2dd0-434b-a2c2-caa8e5fb0ef1@group-E00510221AAC-FollowerState] INFO  impl.RoleInfo (RoleInfo.java:updateAndGet(139)) - 8a2b3145-2dd0-434b-a2c2-caa8e5fb0ef1: start 8a2b3145-2dd0-434b-a2c2-caa8e5fb0ef1@group-E00510221AAC-LeaderElection7
2023-06-28 21:18:44,082 [8a2b3145-2dd0-434b-a2c2-caa8e5fb0ef1@group-E00510221AAC-LeaderElection7] INFO  impl.LeaderElection (LeaderElection.java:askForVotes(321)) - 8a2b3145-2dd0-434b-a2c2-caa8e5fb0ef1@group-E00510221AAC-LeaderElection7 PRE_VOTE round 0: submit vote requests at term 0 for -1: peers:[bb0e9150-086f-4512-ab04-1336b269041b|rpc:10.1.0.52:15022|admin:10.1.0.52:15021|client:10.1.0.52:15020|dataStream:10.1.0.52:15023|priority:0|startupRole:FOLLOWER, 08ff75f9-1328-4943-9840-929c3a1c46cb|rpc:10.1.0.52:15031|admin:10.1.0.52:15030|client:10.1.0.52:15029|dataStream:10.1.0.52:15032|priority:0|startupRole:FOLLOWER, 8a2b3145-2dd0-434b-a2c2-caa8e5fb0ef1|rpc:10.1.0.52:15040|admin:10.1.0.52:15039|client:10.1.0.52:15038|dataStream:10.1.0.52:15041|priority:1|startupRole:FOLLOWER]|listeners:[], old=null
2023-06-28 21:18:44,083 [8a2b3145-2dd0-434b-a2c2-caa8e5fb0ef1@group-E00510221AAC-LeaderElection7-1] INFO  server.GrpcServerProtocolClient (GrpcServerProtocolClient.java:<init>(65)) - Build channel for bb0e9150-086f-4512-ab04-1336b269041b
2023-06-28 21:18:44,088 [8a2b3145-2dd0-434b-a2c2-caa8e5fb0ef1@group-E00510221AAC-LeaderElection7] INFO  server.RaftServerConfigKeys (ConfUtils.java:logFallback(53)) - raft.server.rpc.first-election.timeout.min = 5s (fallback to raft.server.rpc.timeout.min)
2023-06-28 21:18:44,088 [8a2b3145-2dd0-434b-a2c2-caa8e5fb0ef1@group-E00510221AAC-LeaderElection7] INFO  server.RaftServerConfigKeys (ConfUtils.java:logFallback(53)) - raft.server.rpc.first-election.timeout.max = 5200ms (fallback to raft.server.rpc.timeout.max)
2023-06-28 21:18:44,088 [8a2b3145-2dd0-434b-a2c2-caa8e5fb0ef1@group-E00510221AAC-LeaderElection7-2] INFO  server.GrpcServerProtocolClient (GrpcServerProtocolClient.java:<init>(65)) - Build channel for 08ff75f9-1328-4943-9840-929c3a1c46cb
2023-06-28 21:18:44,092 [grpc-default-executor-1] INFO  server.RaftServer$Division (RaftServerImpl.java:requestVote(1302)) - bb0e9150-086f-4512-ab04-1336b269041b@group-E00510221AAC: receive requestVote(PRE_VOTE, 8a2b3145-2dd0-434b-a2c2-caa8e5fb0ef1, group-E00510221AAC, 0, (t:0, i:0))
2023-06-28 21:18:44,092 [grpc-default-executor-1] INFO  impl.VoteContext (VoteContext.java:log(49)) - bb0e9150-086f-4512-ab04-1336b269041b@group-E00510221AAC-FOLLOWER: accept PRE_VOTE from 8a2b3145-2dd0-434b-a2c2-caa8e5fb0ef1: our priority 0 <= candidate's priority 1
2023-06-28 21:18:44,092 [grpc-default-executor-1] INFO  server.RaftServer$Division (RaftServerImpl.java:requestVote(1335)) - bb0e9150-086f-4512-ab04-1336b269041b@group-E00510221AAC replies to PRE_VOTE vote request: 8a2b3145-2dd0-434b-a2c2-caa8e5fb0ef1<-bb0e9150-086f-4512-ab04-1336b269041b#0:OK-t0. Peer's state: bb0e9150-086f-4512-ab04-1336b269041b@group-E00510221AAC:t0, leader=null, voted=, raftlog=Memoized:bb0e9150-086f-4512-ab04-1336b269041b@group-E00510221AAC-SegmentedRaftLog:OPENED:c-1, conf=-1: peers:[bb0e9150-086f-4512-ab04-1336b269041b|rpc:10.1.0.52:15022|admin:10.1.0.52:15021|client:10.1.0.52:15020|dataStream:10.1.0.52:15023|priority:0|startupRole:FOLLOWER, 08ff75f9-1328-4943-9840-929c3a1c46cb|rpc:10.1.0.52:15031|admin:10.1.0.52:15030|client:10.1.0.52:15029|dataStream:10.1.0.52:15032|priority:0|startupRole:FOLLOWER, 8a2b3145-2dd0-434b-a2c2-caa8e5fb0ef1|rpc:10.1.0.52:15040|admin:10.1.0.52:15039|client:10.1.0.52:15038|dataStream:10.1.0.52:15041|priority:1|startupRole:FOLLOWER]|listeners:[], old=null
2023-06-28 21:18:44,103 [8a2b3145-2dd0-434b-a2c2-caa8e5fb0ef1@group-E00510221AAC-LeaderElection7] INFO  impl.LeaderElection (LeaderElection.java:logAndReturn(90)) - 8a2b3145-2dd0-434b-a2c2-caa8e5fb0ef1@group-E00510221AAC-LeaderElection7: PRE_VOTE PASSED received 1 response(s) and 0 exception(s):
2023-06-28 21:18:44,103 [8a2b3145-2dd0-434b-a2c2-caa8e5fb0ef1@group-E00510221AAC-LeaderElection7] INFO  impl.LeaderElection (LeaderElection.java:logAndReturn(94)) -   Response 0: 8a2b3145-2dd0-434b-a2c2-caa8e5fb0ef1<-bb0e9150-086f-4512-ab04-1336b269041b#0:OK-t0
2023-06-28 21:18:44,103 [8a2b3145-2dd0-434b-a2c2-caa8e5fb0ef1@group-E00510221AAC-LeaderElection7] INFO  impl.LeaderElection (LeaderElection.java:askForVotes(323)) - 8a2b3145-2dd0-434b-a2c2-caa8e5fb0ef1@group-E00510221AAC-LeaderElection7 PRE_VOTE round 0: result PASSED
2023-06-28 21:18:44,107 [8a2b3145-2dd0-434b-a2c2-caa8e5fb0ef1@group-E00510221AAC-LeaderElection7] INFO  impl.LeaderElection (LeaderElection.java:askForVotes(321)) - 8a2b3145-2dd0-434b-a2c2-caa8e5fb0ef1@group-E00510221AAC-LeaderElection7 ELECTION round 0: submit vote requests at term 1 for -1: peers:[bb0e9150-086f-4512-ab04-1336b269041b|rpc:10.1.0.52:15022|admin:10.1.0.52:15021|client:10.1.0.52:15020|dataStream:10.1.0.52:15023|priority:0|startupRole:FOLLOWER, 08ff75f9-1328-4943-9840-929c3a1c46cb|rpc:10.1.0.52:15031|admin:10.1.0.52:15030|client:10.1.0.52:15029|dataStream:10.1.0.52:15032|priority:0|startupRole:FOLLOWER, 8a2b3145-2dd0-434b-a2c2-caa8e5fb0ef1|rpc:10.1.0.52:15040|admin:10.1.0.52:15039|client:10.1.0.52:15038|dataStream:10.1.0.52:15041|priority:1|startupRole:FOLLOWER]|listeners:[], old=null
2023-06-28 21:18:44,112 [8a2b3145-2dd0-434b-a2c2-caa8e5fb0ef1@group-E00510221AAC-LeaderElection7] INFO  server.RaftServerConfigKeys (ConfUtils.java:logFallback(53)) - raft.server.rpc.first-election.timeout.min = 5s (fallback to raft.server.rpc.timeout.min)
2023-06-28 21:18:44,113 [8a2b3145-2dd0-434b-a2c2-caa8e5fb0ef1@group-E00510221AAC-LeaderElection7] INFO  server.RaftServerConfigKeys (ConfUtils.java:logFallback(53)) - raft.server.rpc.first-election.timeout.max = 5200ms (fallback to raft.server.rpc.timeout.max)
2023-06-28 21:18:44,117 [grpc-default-executor-1] INFO  server.RaftServer$Division (RaftServerImpl.java:requestVote(1302)) - 08ff75f9-1328-4943-9840-929c3a1c46cb@group-E00510221AAC: receive requestVote(PRE_VOTE, 8a2b3145-2dd0-434b-a2c2-caa8e5fb0ef1, group-E00510221AAC, 0, (t:0, i:0))
2023-06-28 21:18:44,117 [grpc-default-executor-1] INFO  impl.VoteContext (VoteContext.java:log(49)) - 08ff75f9-1328-4943-9840-929c3a1c46cb@group-E00510221AAC-FOLLOWER: accept PRE_VOTE from 8a2b3145-2dd0-434b-a2c2-caa8e5fb0ef1: our priority 0 <= candidate's priority 1
2023-06-28 21:18:44,118 [grpc-default-executor-1] INFO  server.RaftServer$Division (RaftServerImpl.java:requestVote(1335)) - 08ff75f9-1328-4943-9840-929c3a1c46cb@group-E00510221AAC replies to PRE_VOTE vote request: 8a2b3145-2dd0-434b-a2c2-caa8e5fb0ef1<-08ff75f9-1328-4943-9840-929c3a1c46cb#0:OK-t0. Peer's state: 08ff75f9-1328-4943-9840-929c3a1c46cb@group-E00510221AAC:t0, leader=null, voted=, raftlog=Memoized:08ff75f9-1328-4943-9840-929c3a1c46cb@group-E00510221AAC-SegmentedRaftLog:OPENED:c-1, conf=-1: peers:[bb0e9150-086f-4512-ab04-1336b269041b|rpc:10.1.0.52:15022|admin:10.1.0.52:15021|client:10.1.0.52:15020|dataStream:10.1.0.52:15023|priority:0|startupRole:FOLLOWER, 08ff75f9-1328-4943-9840-929c3a1c46cb|rpc:10.1.0.52:15031|admin:10.1.0.52:15030|client:10.1.0.52:15029|dataStream:10.1.0.52:15032|priority:0|startupRole:FOLLOWER, 8a2b3145-2dd0-434b-a2c2-caa8e5fb0ef1|rpc:10.1.0.52:15040|admin:10.1.0.52:15039|client:10.1.0.52:15038|dataStream:10.1.0.52:15041|priority:1|startupRole:FOLLOWER]|listeners:[], old=null
2023-06-28 21:18:44,121 [grpc-default-executor-1] INFO  server.RaftServer$Division (RaftServerImpl.java:requestVote(1302)) - bb0e9150-086f-4512-ab04-1336b269041b@group-E00510221AAC: receive requestVote(ELECTION, 8a2b3145-2dd0-434b-a2c2-caa8e5fb0ef1, group-E00510221AAC, 1, (t:0, i:0))
2023-06-28 21:18:44,121 [grpc-default-executor-1] INFO  impl.VoteContext (VoteContext.java:log(49)) - bb0e9150-086f-4512-ab04-1336b269041b@group-E00510221AAC-FOLLOWER: accept ELECTION from 8a2b3145-2dd0-434b-a2c2-caa8e5fb0ef1: our priority 0 <= candidate's priority 1
2023-06-28 21:18:44,122 [grpc-default-executor-1] INFO  server.RaftServer$Division (RaftServerImpl.java:setRole(329)) - bb0e9150-086f-4512-ab04-1336b269041b@group-E00510221AAC: changes role from  FOLLOWER to FOLLOWER at term 1 for candidate:8a2b3145-2dd0-434b-a2c2-caa8e5fb0ef1
2023-06-28 21:18:44,122 [grpc-default-executor-1] INFO  impl.RoleInfo (RoleInfo.java:shutdownFollowerState(110)) - bb0e9150-086f-4512-ab04-1336b269041b: shutdown bb0e9150-086f-4512-ab04-1336b269041b@group-E00510221AAC-FollowerState
2023-06-28 21:18:44,122 [grpc-default-executor-1] INFO  impl.RoleInfo (RoleInfo.java:updateAndGet(139)) - bb0e9150-086f-4512-ab04-1336b269041b: start bb0e9150-086f-4512-ab04-1336b269041b@group-E00510221AAC-FollowerState
2023-06-28 21:18:44,122 [bb0e9150-086f-4512-ab04-1336b269041b@group-E00510221AAC-FollowerState] INFO  impl.FollowerState (FollowerState.java:run(152)) - bb0e9150-086f-4512-ab04-1336b269041b@group-E00510221AAC-FollowerState was interrupted
2023-06-28 21:18:44,129 [grpc-default-executor-5] INFO  server.RaftServer$Division (RaftServerImpl.java:requestVote(1302)) - 08ff75f9-1328-4943-9840-929c3a1c46cb@group-E00510221AAC: receive requestVote(ELECTION, 8a2b3145-2dd0-434b-a2c2-caa8e5fb0ef1, group-E00510221AAC, 1, (t:0, i:0))
2023-06-28 21:18:44,130 [grpc-default-executor-5] INFO  impl.VoteContext (VoteContext.java:log(49)) - 08ff75f9-1328-4943-9840-929c3a1c46cb@group-E00510221AAC-FOLLOWER: accept ELECTION from 8a2b3145-2dd0-434b-a2c2-caa8e5fb0ef1: our priority 0 <= candidate's priority 1
2023-06-28 21:18:44,130 [grpc-default-executor-5] INFO  server.RaftServer$Division (RaftServerImpl.java:setRole(329)) - 08ff75f9-1328-4943-9840-929c3a1c46cb@group-E00510221AAC: changes role from  FOLLOWER to FOLLOWER at term 1 for candidate:8a2b3145-2dd0-434b-a2c2-caa8e5fb0ef1
2023-06-28 21:18:44,130 [grpc-default-executor-5] INFO  impl.RoleInfo (RoleInfo.java:shutdownFollowerState(110)) - 08ff75f9-1328-4943-9840-929c3a1c46cb: shutdown 08ff75f9-1328-4943-9840-929c3a1c46cb@group-E00510221AAC-FollowerState
2023-06-28 21:18:44,130 [grpc-default-executor-5] INFO  impl.RoleInfo (RoleInfo.java:updateAndGet(139)) - 08ff75f9-1328-4943-9840-929c3a1c46cb: start 08ff75f9-1328-4943-9840-929c3a1c46cb@group-E00510221AAC-FollowerState
2023-06-28 21:18:44,130 [08ff75f9-1328-4943-9840-929c3a1c46cb@group-E00510221AAC-FollowerState] INFO  impl.FollowerState (FollowerState.java:run(152)) - 08ff75f9-1328-4943-9840-929c3a1c46cb@group-E00510221AAC-FollowerState was interrupted
2023-06-28 21:18:44,131 [grpc-default-executor-1] INFO  server.RaftServer$Division (RaftServerImpl.java:requestVote(1335)) - bb0e9150-086f-4512-ab04-1336b269041b@group-E00510221AAC replies to ELECTION vote request: 8a2b3145-2dd0-434b-a2c2-caa8e5fb0ef1<-bb0e9150-086f-4512-ab04-1336b269041b#0:OK-t1. Peer's state: bb0e9150-086f-4512-ab04-1336b269041b@group-E00510221AAC:t1, leader=null, voted=8a2b3145-2dd0-434b-a2c2-caa8e5fb0ef1, raftlog=Memoized:bb0e9150-086f-4512-ab04-1336b269041b@group-E00510221AAC-SegmentedRaftLog:OPENED:c-1, conf=-1: peers:[bb0e9150-086f-4512-ab04-1336b269041b|rpc:10.1.0.52:15022|admin:10.1.0.52:15021|client:10.1.0.52:15020|dataStream:10.1.0.52:15023|priority:0|startupRole:FOLLOWER, 08ff75f9-1328-4943-9840-929c3a1c46cb|rpc:10.1.0.52:15031|admin:10.1.0.52:15030|client:10.1.0.52:15029|dataStream:10.1.0.52:15032|priority:0|startupRole:FOLLOWER, 8a2b3145-2dd0-434b-a2c2-caa8e5fb0ef1|rpc:10.1.0.52:15040|admin:10.1.0.52:15039|client:10.1.0.52:15038|dataStream:10.1.0.52:15041|priority:1|startupRole:FOLLOWER]|listeners:[], old=null
2023-06-28 21:18:44,132 [8a2b3145-2dd0-434b-a2c2-caa8e5fb0ef1@group-E00510221AAC-LeaderElection7] INFO  impl.LeaderElection (LeaderElection.java:logAndReturn(90)) - 8a2b3145-2dd0-434b-a2c2-caa8e5fb0ef1@group-E00510221AAC-LeaderElection7: ELECTION PASSED received 1 response(s) and 0 exception(s):
2023-06-28 21:18:44,133 [8a2b3145-2dd0-434b-a2c2-caa8e5fb0ef1@group-E00510221AAC-LeaderElection7] INFO  impl.LeaderElection (LeaderElection.java:logAndReturn(94)) -   Response 0: 8a2b3145-2dd0-434b-a2c2-caa8e5fb0ef1<-bb0e9150-086f-4512-ab04-1336b269041b#0:OK-t1
2023-06-28 21:18:44,133 [8a2b3145-2dd0-434b-a2c2-caa8e5fb0ef1@group-E00510221AAC-LeaderElection7] INFO  impl.LeaderElection (LeaderElection.java:askForVotes(323)) - 8a2b3145-2dd0-434b-a2c2-caa8e5fb0ef1@group-E00510221AAC-LeaderElection7 ELECTION round 0: result PASSED
2023-06-28 21:18:44,133 [8a2b3145-2dd0-434b-a2c2-caa8e5fb0ef1@group-E00510221AAC-LeaderElection7] INFO  impl.RoleInfo (RoleInfo.java:shutdownLeaderElection(130)) - 8a2b3145-2dd0-434b-a2c2-caa8e5fb0ef1: shutdown 8a2b3145-2dd0-434b-a2c2-caa8e5fb0ef1@group-E00510221AAC-LeaderElection7
2023-06-28 21:18:44,133 [8a2b3145-2dd0-434b-a2c2-caa8e5fb0ef1@group-E00510221AAC-LeaderElection7] INFO  server.RaftServer$Division (RaftServerImpl.java:setRole(329)) - 8a2b3145-2dd0-434b-a2c2-caa8e5fb0ef1@group-E00510221AAC: changes role from CANDIDATE to LEADER at term 1 for changeToLeader
2023-06-28 21:18:44,133 [8a2b3145-2dd0-434b-a2c2-caa8e5fb0ef1@group-E00510221AAC-LeaderElection7] INFO  ratis.XceiverServerRatis (XceiverServerRatis.java:handleLeaderChangedNotification(902)) - Leader change notification received for group: group-E00510221AAC with new leaderId: 8a2b3145-2dd0-434b-a2c2-caa8e5fb0ef1
2023-06-28 21:18:44,133 [8a2b3145-2dd0-434b-a2c2-caa8e5fb0ef1@group-E00510221AAC-LeaderElection7] INFO  server.RaftServer$Division (ServerState.java:setLeader(317)) - 8a2b3145-2dd0-434b-a2c2-caa8e5fb0ef1@group-E00510221AAC: change Leader from null to 8a2b3145-2dd0-434b-a2c2-caa8e5fb0ef1 at term 1 for becomeLeader, leader elected after 5298ms
2023-06-28 21:18:44,133 [8a2b3145-2dd0-434b-a2c2-caa8e5fb0ef1@group-E00510221AAC-LeaderElection7] INFO  server.RaftServerConfigKeys (ConfUtils.java:logGet(46)) - raft.server.staging.catchup.gap = 1000 (default)
2023-06-28 21:18:44,133 [8a2b3145-2dd0-434b-a2c2-caa8e5fb0ef1@group-E00510221AAC-LeaderElection7] INFO  server.RaftServerConfigKeys (ConfUtils.java:logGet(46)) - raft.server.write.element-limit = 1024 (custom)
2023-06-28 21:18:44,133 [8a2b3145-2dd0-434b-a2c2-caa8e5fb0ef1@group-E00510221AAC-LeaderElection7] INFO  server.RaftServerConfigKeys (ConfUtils.java:logGet(46)) - raft.server.write.byte-limit = 1024 M (=1073741824) (custom)
2023-06-28 21:18:44,134 [8a2b3145-2dd0-434b-a2c2-caa8e5fb0ef1@group-E00510221AAC-LeaderElection7] INFO  server.RaftServerConfigKeys (ConfUtils.java:logGet(46)) - raft.server.watch.timeout = 180s (custom)
2023-06-28 21:18:44,134 [8a2b3145-2dd0-434b-a2c2-caa8e5fb0ef1@group-E00510221AAC-LeaderElection7] INFO  server.RaftServerConfigKeys (ConfUtils.java:logGet(46)) - raft.server.watch.timeout.denomination = 1s (default)
2023-06-28 21:18:44,134 [8a2b3145-2dd0-434b-a2c2-caa8e5fb0ef1@group-E00510221AAC-LeaderElection7] INFO  server.RaftServerConfigKeys (ConfUtils.java:logGet(46)) - raft.server.watch.element-limit = 65536 (default)
2023-06-28 21:18:44,134 [8a2b3145-2dd0-434b-a2c2-caa8e5fb0ef1@group-E00510221AAC-LeaderElection7] INFO  server.RaftServerConfigKeys (ConfUtils.java:logGet(46)) - raft.server.write.element-limit = 1024 (custom)
2023-06-28 21:18:44,134 [8a2b3145-2dd0-434b-a2c2-caa8e5fb0ef1@group-E00510221AAC-LeaderElection7] INFO  server.RaftServerConfigKeys (ConfUtils.java:logGet(46)) - raft.server.write.follower.gap.ratio.max = -1.0 (default)
2023-06-28 21:18:44,135 [8a2b3145-2dd0-434b-a2c2-caa8e5fb0ef1@group-E00510221AAC-LeaderElection7] INFO  server.RaftServerConfigKeys (ConfUtils.java:logGet(46)) - raft.server.log.appender.snapshot.chunk.size.max = 16MB (=16777216) (default)
2023-06-28 21:18:44,135 [8a2b3145-2dd0-434b-a2c2-caa8e5fb0ef1@group-E00510221AAC-LeaderElection7] INFO  server.RaftServerConfigKeys (ConfUtils.java:logGet(46)) - raft.server.log.appender.buffer.byte-limit = 33554432 (custom)
2023-06-28 21:18:44,135 [8a2b3145-2dd0-434b-a2c2-caa8e5fb0ef1@group-E00510221AAC-LeaderElection7] INFO  server.RaftServerConfigKeys (ConfUtils.java:logGet(46)) - raft.server.log.appender.buffer.element-limit = 1 (custom)
2023-06-28 21:18:44,135 [8a2b3145-2dd0-434b-a2c2-caa8e5fb0ef1@group-E00510221AAC-LeaderElection7] INFO  server.RaftServerConfigKeys (ConfUtils.java:logGet(46)) - raft.server.log.appender.wait-time.min = 10ms (default)
2023-06-28 21:18:44,135 [8a2b3145-2dd0-434b-a2c2-caa8e5fb0ef1@group-E00510221AAC-LeaderElection7] INFO  grpc.GrpcConfigKeys (ConfUtils.java:logGet(46)) - raft.grpc.server.leader.outstanding.appends.max = 128 (default)
2023-06-28 21:18:44,135 [8a2b3145-2dd0-434b-a2c2-caa8e5fb0ef1@group-E00510221AAC-LeaderElection7] INFO  server.RaftServerConfigKeys (ConfUtils.java:logGet(46)) - raft.server.rpc.request.timeout = 60s (custom)
2023-06-28 21:18:44,135 [8a2b3145-2dd0-434b-a2c2-caa8e5fb0ef1@group-E00510221AAC-LeaderElection7] INFO  grpc.GrpcConfigKeys (ConfUtils.java:logGet(46)) - raft.grpc.server.install_snapshot.request.element-limit = 8 (default)
2023-06-28 21:18:44,135 [8a2b3145-2dd0-434b-a2c2-caa8e5fb0ef1@group-E00510221AAC-LeaderElection7] INFO  grpc.GrpcConfigKeys (ConfUtils.java:logGet(46)) - raft.grpc.server.install_snapshot.request.timeout = 3000ms (default)
2023-06-28 21:18:44,135 [8a2b3145-2dd0-434b-a2c2-caa8e5fb0ef1@group-E00510221AAC-LeaderElection7] INFO  server.RaftServerConfigKeys (ConfUtils.java:logGet(46)) - raft.server.log.appender.install.snapshot.enabled = false (custom)
2023-06-28 21:18:44,135 [8a2b3145-2dd0-434b-a2c2-caa8e5fb0ef1@group-E00510221AAC-LeaderElection7] INFO  grpc.GrpcConfigKeys (ConfUtils.java:logGet(46)) - raft.grpc.server.heartbeat.channel = true (default)
2023-06-28 21:18:44,136 [8a2b3145-2dd0-434b-a2c2-caa8e5fb0ef1@group-E00510221AAC-LeaderElection7] INFO  server.RaftServerConfigKeys (ConfUtils.java:logGet(46)) - raft.server.log.appender.snapshot.chunk.size.max = 16MB (=16777216) (default)
2023-06-28 21:18:44,136 [8a2b3145-2dd0-434b-a2c2-caa8e5fb0ef1@group-E00510221AAC-LeaderElection7] INFO  server.RaftServerConfigKeys (ConfUtils.java:logGet(46)) - raft.server.log.appender.buffer.byte-limit = 33554432 (custom)
2023-06-28 21:18:44,136 [8a2b3145-2dd0-434b-a2c2-caa8e5fb0ef1@group-E00510221AAC-LeaderElection7] INFO  server.RaftServerConfigKeys (ConfUtils.java:logGet(46)) - raft.server.log.appender.buffer.element-limit = 1 (custom)
2023-06-28 21:18:44,139 [8a2b3145-2dd0-434b-a2c2-caa8e5fb0ef1@group-E00510221AAC-LeaderElection7] INFO  server.RaftServerConfigKeys (ConfUtils.java:logGet(46)) - raft.server.log.appender.wait-time.min = 10ms (default)
2023-06-28 21:18:44,141 [8a2b3145-2dd0-434b-a2c2-caa8e5fb0ef1@group-E00510221AAC-LeaderElection7] INFO  grpc.GrpcConfigKeys (ConfUtils.java:logGet(46)) - raft.grpc.server.leader.outstanding.appends.max = 128 (default)
2023-06-28 21:18:44,141 [8a2b3145-2dd0-434b-a2c2-caa8e5fb0ef1@group-E00510221AAC-LeaderElection7] INFO  server.RaftServerConfigKeys (ConfUtils.java:logGet(46)) - raft.server.rpc.request.timeout = 60s (custom)
2023-06-28 21:18:44,141 [8a2b3145-2dd0-434b-a2c2-caa8e5fb0ef1@group-E00510221AAC-LeaderElection7] INFO  grpc.GrpcConfigKeys (ConfUtils.java:logGet(46)) - raft.grpc.server.install_snapshot.request.element-limit = 8 (default)
2023-06-28 21:18:44,141 [8a2b3145-2dd0-434b-a2c2-caa8e5fb0ef1@group-E00510221AAC-LeaderElection7] INFO  grpc.GrpcConfigKeys (ConfUtils.java:logGet(46)) - raft.grpc.server.install_snapshot.request.timeout = 3000ms (default)
2023-06-28 21:18:44,141 [8a2b3145-2dd0-434b-a2c2-caa8e5fb0ef1@group-E00510221AAC-LeaderElection7] INFO  server.RaftServerConfigKeys (ConfUtils.java:logGet(46)) - raft.server.log.appender.install.snapshot.enabled = false (custom)
2023-06-28 21:18:44,141 [8a2b3145-2dd0-434b-a2c2-caa8e5fb0ef1@group-E00510221AAC-LeaderElection7] INFO  grpc.GrpcConfigKeys (ConfUtils.java:logGet(46)) - raft.grpc.server.heartbeat.channel = true (default)
2023-06-28 21:18:44,141 [8a2b3145-2dd0-434b-a2c2-caa8e5fb0ef1@group-E00510221AAC-LeaderElection7] INFO  impl.RoleInfo (RoleInfo.java:updateAndGet(139)) - 8a2b3145-2dd0-434b-a2c2-caa8e5fb0ef1: start 8a2b3145-2dd0-434b-a2c2-caa8e5fb0ef1@group-E00510221AAC-LeaderStateImpl
2023-06-28 21:18:44,141 [8a2b3145-2dd0-434b-a2c2-caa8e5fb0ef1@group-E00510221AAC-LeaderElection7] INFO  segmented.SegmentedRaftLogWorker (SegmentedRaftLogWorker.java:startLogSegment(447)) - 8a2b3145-2dd0-434b-a2c2-caa8e5fb0ef1@group-E00510221AAC-SegmentedRaftLogWorker: Starting segment from index:0
2023-06-28 21:18:44,143 [8a2b3145-2dd0-434b-a2c2-caa8e5fb0ef1@group-E00510221AAC-SegmentedRaftLogWorker] INFO  segmented.SegmentedRaftLogWorker (SegmentedRaftLogWorker.java:execute(651)) - 8a2b3145-2dd0-434b-a2c2-caa8e5fb0ef1@group-E00510221AAC-SegmentedRaftLogWorker: created new log segment /home/runner/work/ozone/ozone/hadoop-ozone/integration-test/target/test-dir/MiniOzoneClusterImpl-392d5ccd-e702-410a-a53a-05dc11be4355/datanode-2/data/ratis/ec97d074-e652-4099-ba0c-e00510221aac/current/log_inprogress_0
2023-06-28 21:18:44,148 [grpc-default-executor-5] INFO  server.RaftServer$Division (RaftServerImpl.java:requestVote(1335)) - 08ff75f9-1328-4943-9840-929c3a1c46cb@group-E00510221AAC replies to ELECTION vote request: 8a2b3145-2dd0-434b-a2c2-caa8e5fb0ef1<-08ff75f9-1328-4943-9840-929c3a1c46cb#0:OK-t1. Peer's state: 08ff75f9-1328-4943-9840-929c3a1c46cb@group-E00510221AAC:t1, leader=null, voted=8a2b3145-2dd0-434b-a2c2-caa8e5fb0ef1, raftlog=Memoized:08ff75f9-1328-4943-9840-929c3a1c46cb@group-E00510221AAC-SegmentedRaftLog:OPENED:c-1, conf=-1: peers:[bb0e9150-086f-4512-ab04-1336b269041b|rpc:10.1.0.52:15022|admin:10.1.0.52:15021|client:10.1.0.52:15020|dataStream:10.1.0.52:15023|priority:0|startupRole:FOLLOWER, 08ff75f9-1328-4943-9840-929c3a1c46cb|rpc:10.1.0.52:15031|admin:10.1.0.52:15030|client:10.1.0.52:15029|dataStream:10.1.0.52:15032|priority:0|startupRole:FOLLOWER, 8a2b3145-2dd0-434b-a2c2-caa8e5fb0ef1|rpc:10.1.0.52:15040|admin:10.1.0.52:15039|client:10.1.0.52:15038|dataStream:10.1.0.52:15041|priority:1|startupRole:FOLLOWER]|listeners:[], old=null
2023-06-28 21:18:44,150 [8a2b3145-2dd0-434b-a2c2-caa8e5fb0ef1@group-E00510221AAC-LeaderElection7] INFO  server.RaftServer$Division (ServerState.java:setRaftConf(434)) - 8a2b3145-2dd0-434b-a2c2-caa8e5fb0ef1@group-E00510221AAC: set configuration 0: peers:[bb0e9150-086f-4512-ab04-1336b269041b|rpc:10.1.0.52:15022|admin:10.1.0.52:15021|client:10.1.0.52:15020|dataStream:10.1.0.52:15023|priority:0|startupRole:FOLLOWER, 08ff75f9-1328-4943-9840-929c3a1c46cb|rpc:10.1.0.52:15031|admin:10.1.0.52:15030|client:10.1.0.52:15029|dataStream:10.1.0.52:15032|priority:0|startupRole:FOLLOWER, 8a2b3145-2dd0-434b-a2c2-caa8e5fb0ef1|rpc:10.1.0.52:15040|admin:10.1.0.52:15039|client:10.1.0.52:15038|dataStream:10.1.0.52:15041|priority:1|startupRole:FOLLOWER]|listeners:[], old=null
2023-06-28 21:18:44,153 [EventQueue-PipelineReportForPipelineReportHandler] INFO  pipeline.PipelineManagerImpl (PipelineManagerImpl.java:openPipeline(443)) - Pipeline Pipeline[ Id: ec97d074-e652-4099-ba0c-e00510221aac, Nodes: 08ff75f9-1328-4943-9840-929c3a1c46cb(fv-az613-21.sfleub4vn5uufca0bzvsziz2ge.jx.internal.cloudapp.net/10.1.0.52)8a2b3145-2dd0-434b-a2c2-caa8e5fb0ef1(fv-az613-21.sfleub4vn5uufca0bzvsziz2ge.jx.internal.cloudapp.net/10.1.0.52)bb0e9150-086f-4512-ab04-1336b269041b(fv-az613-21.sfleub4vn5uufca0bzvsziz2ge.jx.internal.cloudapp.net/10.1.0.52), ReplicationConfig: RATIS/THREE, State:ALLOCATED, leaderId:8a2b3145-2dd0-434b-a2c2-caa8e5fb0ef1, CreationTimestamp2023-06-28T21:18:35.785Z[Etc/UTC]] moved to OPEN state
2023-06-28 21:18:44,167 [bb0e9150-086f-4512-ab04-1336b269041b-server-thread1] INFO  ratis.XceiverServerRatis (XceiverServerRatis.java:handleLeaderChangedNotification(902)) - Leader change notification received for group: group-E00510221AAC with new leaderId: 8a2b3145-2dd0-434b-a2c2-caa8e5fb0ef1
2023-06-28 21:18:44,167 [bb0e9150-086f-4512-ab04-1336b269041b-server-thread1] INFO  server.RaftServer$Division (ServerState.java:setLeader(317)) - bb0e9150-086f-4512-ab04-1336b269041b@group-E00510221AAC: change Leader from null to 8a2b3145-2dd0-434b-a2c2-caa8e5fb0ef1 at term 1 for appendEntries, leader elected after 5832ms
2023-06-28 21:18:44,171 [08ff75f9-1328-4943-9840-929c3a1c46cb-server-thread1] INFO  ratis.XceiverServerRatis (XceiverServerRatis.java:handleLeaderChangedNotification(902)) - Leader change notification received for group: group-E00510221AAC with new leaderId: 8a2b3145-2dd0-434b-a2c2-caa8e5fb0ef1
2023-06-28 21:18:44,171 [08ff75f9-1328-4943-9840-929c3a1c46cb-server-thread1] INFO  server.RaftServer$Division (ServerState.java:setLeader(317)) - 08ff75f9-1328-4943-9840-929c3a1c46cb@group-E00510221AAC: change Leader from null to 8a2b3145-2dd0-434b-a2c2-caa8e5fb0ef1 at term 1 for appendEntries, leader elected after 5725ms
2023-06-28 21:18:44,176 [bb0e9150-086f-4512-ab04-1336b269041b-server-thread2] INFO  server.RaftServer$Division (ServerState.java:setRaftConf(434)) - bb0e9150-086f-4512-ab04-1336b269041b@group-E00510221AAC: set configuration 0: peers:[bb0e9150-086f-4512-ab04-1336b269041b|rpc:10.1.0.52:15022|admin:10.1.0.52:15021|client:10.1.0.52:15020|dataStream:10.1.0.52:15023|priority:0|startupRole:FOLLOWER, 08ff75f9-1328-4943-9840-929c3a1c46cb|rpc:10.1.0.52:15031|admin:10.1.0.52:15030|client:10.1.0.52:15029|dataStream:10.1.0.52:15032|priority:0|startupRole:FOLLOWER, 8a2b3145-2dd0-434b-a2c2-caa8e5fb0ef1|rpc:10.1.0.52:15040|admin:10.1.0.52:15039|client:10.1.0.52:15038|dataStream:10.1.0.52:15041|priority:1|startupRole:FOLLOWER]|listeners:[], old=null
2023-06-28 21:18:44,176 [bb0e9150-086f-4512-ab04-1336b269041b-server-thread2] INFO  segmented.SegmentedRaftLogWorker (SegmentedRaftLogWorker.java:startLogSegment(447)) - bb0e9150-086f-4512-ab04-1336b269041b@group-E00510221AAC-SegmentedRaftLogWorker: Starting segment from index:0
2023-06-28 21:18:44,177 [08ff75f9-1328-4943-9840-929c3a1c46cb-server-thread2] INFO  server.RaftServer$Division (ServerState.java:setRaftConf(434)) - 08ff75f9-1328-4943-9840-929c3a1c46cb@group-E00510221AAC: set configuration 0: peers:[bb0e9150-086f-4512-ab04-1336b269041b|rpc:10.1.0.52:15022|admin:10.1.0.52:15021|client:10.1.0.52:15020|dataStream:10.1.0.52:15023|priority:0|startupRole:FOLLOWER, 08ff75f9-1328-4943-9840-929c3a1c46cb|rpc:10.1.0.52:15031|admin:10.1.0.52:15030|client:10.1.0.52:15029|dataStream:10.1.0.52:15032|priority:0|startupRole:FOLLOWER, 8a2b3145-2dd0-434b-a2c2-caa8e5fb0ef1|rpc:10.1.0.52:15040|admin:10.1.0.52:15039|client:10.1.0.52:15038|dataStream:10.1.0.52:15041|priority:1|startupRole:FOLLOWER]|listeners:[], old=null
2023-06-28 21:18:44,178 [bb0e9150-086f-4512-ab04-1336b269041b@group-E00510221AAC-SegmentedRaftLogWorker] INFO  segmented.SegmentedRaftLogWorker (SegmentedRaftLogWorker.java:execute(651)) - bb0e9150-086f-4512-ab04-1336b269041b@group-E00510221AAC-SegmentedRaftLogWorker: created new log segment /home/runner/work/ozone/ozone/hadoop-ozone/integration-test/target/test-dir/MiniOzoneClusterImpl-392d5ccd-e702-410a-a53a-05dc11be4355/datanode-0/data/ratis/ec97d074-e652-4099-ba0c-e00510221aac/current/log_inprogress_0
2023-06-28 21:18:44,179 [08ff75f9-1328-4943-9840-929c3a1c46cb-server-thread2] INFO  segmented.SegmentedRaftLogWorker (SegmentedRaftLogWorker.java:startLogSegment(447)) - 08ff75f9-1328-4943-9840-929c3a1c46cb@group-E00510221AAC-SegmentedRaftLogWorker: Starting segment from index:0
2023-06-28 21:18:44,180 [08ff75f9-1328-4943-9840-929c3a1c46cb@group-E00510221AAC-SegmentedRaftLogWorker] INFO  segmented.SegmentedRaftLogWorker (SegmentedRaftLogWorker.java:execute(651)) - 08ff75f9-1328-4943-9840-929c3a1c46cb@group-E00510221AAC-SegmentedRaftLogWorker: created new log segment /home/runner/work/ozone/ozone/hadoop-ozone/integration-test/target/test-dir/MiniOzoneClusterImpl-392d5ccd-e702-410a-a53a-05dc11be4355/datanode-1/data/ratis/ec97d074-e652-4099-ba0c-e00510221aac/current/log_inprogress_0
2023-06-28 21:18:44,204 [dafdcea3-8be0-4d1d-be6d-f6a2e26020ac@group-C0C33696154C-FollowerState] INFO  impl.FollowerState (FollowerState.java:run(143)) - dafdcea3-8be0-4d1d-be6d-f6a2e26020ac@group-C0C33696154C-FollowerState: change to CANDIDATE, lastRpcElapsedTime:5030445771ns, electionTimeout:5017ms
2023-06-28 21:18:44,204 [dafdcea3-8be0-4d1d-be6d-f6a2e26020ac@group-C0C33696154C-FollowerState] INFO  impl.RoleInfo (RoleInfo.java:shutdownFollowerState(110)) - dafdcea3-8be0-4d1d-be6d-f6a2e26020ac: shutdown dafdcea3-8be0-4d1d-be6d-f6a2e26020ac@group-C0C33696154C-FollowerState
2023-06-28 21:18:44,204 [dafdcea3-8be0-4d1d-be6d-f6a2e26020ac@group-C0C33696154C-FollowerState] INFO  server.RaftServer$Division (RaftServerImpl.java:setRole(329)) - dafdcea3-8be0-4d1d-be6d-f6a2e26020ac@group-C0C33696154C: changes role from  FOLLOWER to CANDIDATE at term 0 for changeToCandidate
2023-06-28 21:18:44,204 [dafdcea3-8be0-4d1d-be6d-f6a2e26020ac@group-C0C33696154C-FollowerState] INFO  server.RaftServerConfigKeys (ConfUtils.java:logGet(46)) - raft.server.leaderelection.pre-vote = true (default)
2023-06-28 21:18:44,204 [dafdcea3-8be0-4d1d-be6d-f6a2e26020ac@group-C0C33696154C-FollowerState] INFO  impl.RoleInfo (RoleInfo.java:updateAndGet(139)) - dafdcea3-8be0-4d1d-be6d-f6a2e26020ac: start dafdcea3-8be0-4d1d-be6d-f6a2e26020ac@group-C0C33696154C-LeaderElection8
2023-06-28 21:18:44,215 [dafdcea3-8be0-4d1d-be6d-f6a2e26020ac@group-C0C33696154C-LeaderElection8] INFO  impl.LeaderElection (LeaderElection.java:askForVotes(321)) - dafdcea3-8be0-4d1d-be6d-f6a2e26020ac@group-C0C33696154C-LeaderElection8 PRE_VOTE round 0: submit vote requests at term 0 for -1: peers:[dafdcea3-8be0-4d1d-be6d-f6a2e26020ac|rpc:10.1.0.52:15049|admin:10.1.0.52:15048|client:10.1.0.52:15047|dataStream:10.1.0.52:15050|priority:1|startupRole:FOLLOWER]|listeners:[], old=null
2023-06-28 21:18:44,215 [dafdcea3-8be0-4d1d-be6d-f6a2e26020ac@group-C0C33696154C-LeaderElection8] INFO  impl.LeaderElection (LeaderElection.java:askForVotes(323)) - dafdcea3-8be0-4d1d-be6d-f6a2e26020ac@group-C0C33696154C-LeaderElection8 PRE_VOTE round 0: result PASSED (term=0)
2023-06-28 21:18:44,217 [dafdcea3-8be0-4d1d-be6d-f6a2e26020ac@group-C0C33696154C-LeaderElection8] INFO  impl.LeaderElection (LeaderElection.java:askForVotes(321)) - dafdcea3-8be0-4d1d-be6d-f6a2e26020ac@group-C0C33696154C-LeaderElection8 ELECTION round 0: submit vote requests at term 1 for -1: peers:[dafdcea3-8be0-4d1d-be6d-f6a2e26020ac|rpc:10.1.0.52:15049|admin:10.1.0.52:15048|client:10.1.0.52:15047|dataStream:10.1.0.52:15050|priority:1|startupRole:FOLLOWER]|listeners:[], old=null
2023-06-28 21:18:44,217 [dafdcea3-8be0-4d1d-be6d-f6a2e26020ac@group-C0C33696154C-LeaderElection8] INFO  impl.LeaderElection (LeaderElection.java:askForVotes(323)) - dafdcea3-8be0-4d1d-be6d-f6a2e26020ac@group-C0C33696154C-LeaderElection8 ELECTION round 0: result PASSED (term=1)
2023-06-28 21:18:44,217 [dafdcea3-8be0-4d1d-be6d-f6a2e26020ac@group-C0C33696154C-LeaderElection8] INFO  impl.RoleInfo (RoleInfo.java:shutdownLeaderElection(130)) - dafdcea3-8be0-4d1d-be6d-f6a2e26020ac: shutdown dafdcea3-8be0-4d1d-be6d-f6a2e26020ac@group-C0C33696154C-LeaderElection8
2023-06-28 21:18:44,217 [dafdcea3-8be0-4d1d-be6d-f6a2e26020ac@group-C0C33696154C-LeaderElection8] INFO  server.RaftServer$Division (RaftServerImpl.java:setRole(329)) - dafdcea3-8be0-4d1d-be6d-f6a2e26020ac@group-C0C33696154C: changes role from CANDIDATE to LEADER at term 1 for changeToLeader
2023-06-28 21:18:44,217 [dafdcea3-8be0-4d1d-be6d-f6a2e26020ac@group-C0C33696154C-LeaderElection8] INFO  ratis.XceiverServerRatis (XceiverServerRatis.java:handleLeaderChangedNotification(902)) - Leader change notification received for group: group-C0C33696154C with new leaderId: dafdcea3-8be0-4d1d-be6d-f6a2e26020ac
2023-06-28 21:18:44,219 [dafdcea3-8be0-4d1d-be6d-f6a2e26020ac@group-C0C33696154C-LeaderElection8] INFO  server.RaftServer$Division (ServerState.java:setLeader(317)) - dafdcea3-8be0-4d1d-be6d-f6a2e26020ac@group-C0C33696154C: change Leader from null to dafdcea3-8be0-4d1d-be6d-f6a2e26020ac at term 1 for becomeLeader, leader elected after 5081ms
2023-06-28 21:18:44,219 [dafdcea3-8be0-4d1d-be6d-f6a2e26020ac@group-C0C33696154C-LeaderElection8] INFO  server.RaftServerConfigKeys (ConfUtils.java:logGet(46)) - raft.server.staging.catchup.gap = 1000 (default)
2023-06-28 21:18:44,220 [dafdcea3-8be0-4d1d-be6d-f6a2e26020ac@group-C0C33696154C-LeaderElection8] INFO  server.RaftServerConfigKeys (ConfUtils.java:logGet(46)) - raft.server.write.element-limit = 1024 (custom)
2023-06-28 21:18:44,222 [dafdcea3-8be0-4d1d-be6d-f6a2e26020ac@group-C0C33696154C-LeaderElection8] INFO  server.RaftServerConfigKeys (ConfUtils.java:logGet(46)) - raft.server.write.byte-limit = 1024 M (=1073741824) (custom)
2023-06-28 21:18:44,222 [dafdcea3-8be0-4d1d-be6d-f6a2e26020ac@group-C0C33696154C-LeaderElection8] INFO  server.RaftServerConfigKeys (ConfUtils.java:logGet(46)) - raft.server.watch.timeout = 180s (custom)
2023-06-28 21:18:44,222 [dafdcea3-8be0-4d1d-be6d-f6a2e26020ac@group-C0C33696154C-LeaderElection8] INFO  server.RaftServerConfigKeys (ConfUtils.java:logGet(46)) - raft.server.watch.timeout.denomination = 1s (default)
2023-06-28 21:18:44,223 [dafdcea3-8be0-4d1d-be6d-f6a2e26020ac@group-C0C33696154C-LeaderElection8] INFO  server.RaftServerConfigKeys (ConfUtils.java:logGet(46)) - raft.server.watch.element-limit = 65536 (default)
2023-06-28 21:18:44,223 [dafdcea3-8be0-4d1d-be6d-f6a2e26020ac@group-C0C33696154C-LeaderElection8] INFO  server.RaftServerConfigKeys (ConfUtils.java:logGet(46)) - raft.server.write.element-limit = 1024 (custom)
2023-06-28 21:18:44,223 [dafdcea3-8be0-4d1d-be6d-f6a2e26020ac@group-C0C33696154C-LeaderElection8] INFO  server.RaftServerConfigKeys (ConfUtils.java:logGet(46)) - raft.server.write.follower.gap.ratio.max = -1.0 (default)
2023-06-28 21:18:44,224 [dafdcea3-8be0-4d1d-be6d-f6a2e26020ac@group-C0C33696154C-LeaderElection8] INFO  impl.RoleInfo (RoleInfo.java:updateAndGet(139)) - dafdcea3-8be0-4d1d-be6d-f6a2e26020ac: start dafdcea3-8be0-4d1d-be6d-f6a2e26020ac@group-C0C33696154C-LeaderStateImpl
2023-06-28 21:18:44,225 [dafdcea3-8be0-4d1d-be6d-f6a2e26020ac@group-C0C33696154C-LeaderElection8] INFO  segmented.SegmentedRaftLogWorker (SegmentedRaftLogWorker.java:startLogSegment(447)) - dafdcea3-8be0-4d1d-be6d-f6a2e26020ac@group-C0C33696154C-SegmentedRaftLogWorker: Starting segment from index:0
2023-06-28 21:18:44,230 [dafdcea3-8be0-4d1d-be6d-f6a2e26020ac@group-C0C33696154C-LeaderElection8] INFO  server.RaftServer$Division (ServerState.java:setRaftConf(434)) - dafdcea3-8be0-4d1d-be6d-f6a2e26020ac@group-C0C33696154C: set configuration 0: peers:[dafdcea3-8be0-4d1d-be6d-f6a2e26020ac|rpc:10.1.0.52:15049|admin:10.1.0.52:15048|client:10.1.0.52:15047|dataStream:10.1.0.52:15050|priority:1|startupRole:FOLLOWER]|listeners:[], old=null
2023-06-28 21:18:44,232 [dafdcea3-8be0-4d1d-be6d-f6a2e26020ac@group-C0C33696154C-SegmentedRaftLogWorker] INFO  segmented.SegmentedRaftLogWorker (SegmentedRaftLogWorker.java:execute(651)) - dafdcea3-8be0-4d1d-be6d-f6a2e26020ac@group-C0C33696154C-SegmentedRaftLogWorker: created new log segment /home/runner/work/ozone/ozone/hadoop-ozone/integration-test/target/test-dir/MiniOzoneClusterImpl-392d5ccd-e702-410a-a53a-05dc11be4355/datanode-3/data/ratis/09561415-6bbd-4062-a8a9-c0c33696154c/current/log_inprogress_0
2023-06-28 21:18:44,440 [omNode-3@group-523986131536-FollowerState] INFO  server.RaftServerConfigKeys (ConfUtils.java:logFallback(53)) - raft.server.rpc.first-election.timeout.min = 1s (fallback to raft.server.rpc.timeout.min)
2023-06-28 21:18:44,440 [omNode-3@group-523986131536-FollowerState] INFO  server.RaftServerConfigKeys (ConfUtils.java:logFallback(53)) - raft.server.rpc.first-election.timeout.max = 1200ms (fallback to raft.server.rpc.timeout.max)
2023-06-28 21:18:44,564 [68d6cd24-bd24-4fd7-81ed-64a513f0bb68@group-3530CB79F85C-FollowerState] INFO  impl.FollowerState (FollowerState.java:run(143)) - 68d6cd24-bd24-4fd7-81ed-64a513f0bb68@group-3530CB79F85C-FollowerState: change to CANDIDATE, lastRpcElapsedTime:5059713344ns, electionTimeout:5058ms
2023-06-28 21:18:44,564 [68d6cd24-bd24-4fd7-81ed-64a513f0bb68@group-3530CB79F85C-FollowerState] INFO  impl.RoleInfo (RoleInfo.java:shutdownFollowerState(110)) - 68d6cd24-bd24-4fd7-81ed-64a513f0bb68: shutdown 68d6cd24-bd24-4fd7-81ed-64a513f0bb68@group-3530CB79F85C-FollowerState
2023-06-28 21:18:44,564 [68d6cd24-bd24-4fd7-81ed-64a513f0bb68@group-3530CB79F85C-FollowerState] INFO  server.RaftServer$Division (RaftServerImpl.java:setRole(329)) - 68d6cd24-bd24-4fd7-81ed-64a513f0bb68@group-3530CB79F85C: changes role from  FOLLOWER to CANDIDATE at term 0 for changeToCandidate
2023-06-28 21:18:44,564 [68d6cd24-bd24-4fd7-81ed-64a513f0bb68@group-3530CB79F85C-FollowerState] INFO  server.RaftServerConfigKeys (ConfUtils.java:logGet(46)) - raft.server.leaderelection.pre-vote = true (default)
2023-06-28 21:18:44,564 [68d6cd24-bd24-4fd7-81ed-64a513f0bb68@group-3530CB79F85C-FollowerState] INFO  impl.RoleInfo (RoleInfo.java:updateAndGet(139)) - 68d6cd24-bd24-4fd7-81ed-64a513f0bb68: start 68d6cd24-bd24-4fd7-81ed-64a513f0bb68@group-3530CB79F85C-LeaderElection9
2023-06-28 21:18:44,587 [68d6cd24-bd24-4fd7-81ed-64a513f0bb68@group-3530CB79F85C-LeaderElection9] INFO  impl.LeaderElection (LeaderElection.java:askForVotes(321)) - 68d6cd24-bd24-4fd7-81ed-64a513f0bb68@group-3530CB79F85C-LeaderElection9 PRE_VOTE round 0: submit vote requests at term 0 for -1: peers:[68d6cd24-bd24-4fd7-81ed-64a513f0bb68|rpc:10.1.0.52:15058|admin:10.1.0.52:15057|client:10.1.0.52:15056|dataStream:10.1.0.52:15059|priority:1|startupRole:FOLLOWER]|listeners:[], old=null
2023-06-28 21:18:44,587 [68d6cd24-bd24-4fd7-81ed-64a513f0bb68@group-3530CB79F85C-LeaderElection9] INFO  impl.LeaderElection (LeaderElection.java:askForVotes(323)) - 68d6cd24-bd24-4fd7-81ed-64a513f0bb68@group-3530CB79F85C-LeaderElection9 PRE_VOTE round 0: result PASSED (term=0)
2023-06-28 21:18:44,588 [68d6cd24-bd24-4fd7-81ed-64a513f0bb68@group-3530CB79F85C-LeaderElection9] INFO  impl.LeaderElection (LeaderElection.java:askForVotes(321)) - 68d6cd24-bd24-4fd7-81ed-64a513f0bb68@group-3530CB79F85C-LeaderElection9 ELECTION round 0: submit vote requests at term 1 for -1: peers:[68d6cd24-bd24-4fd7-81ed-64a513f0bb68|rpc:10.1.0.52:15058|admin:10.1.0.52:15057|client:10.1.0.52:15056|dataStream:10.1.0.52:15059|priority:1|startupRole:FOLLOWER]|listeners:[], old=null
2023-06-28 21:18:44,589 [68d6cd24-bd24-4fd7-81ed-64a513f0bb68@group-3530CB79F85C-LeaderElection9] INFO  impl.LeaderElection (LeaderElection.java:askForVotes(323)) - 68d6cd24-bd24-4fd7-81ed-64a513f0bb68@group-3530CB79F85C-LeaderElection9 ELECTION round 0: result PASSED (term=1)
2023-06-28 21:18:44,589 [68d6cd24-bd24-4fd7-81ed-64a513f0bb68@group-3530CB79F85C-LeaderElection9] INFO  impl.RoleInfo (RoleInfo.java:shutdownLeaderElection(130)) - 68d6cd24-bd24-4fd7-81ed-64a513f0bb68: shutdown 68d6cd24-bd24-4fd7-81ed-64a513f0bb68@group-3530CB79F85C-LeaderElection9
2023-06-28 21:18:44,589 [68d6cd24-bd24-4fd7-81ed-64a513f0bb68@group-3530CB79F85C-LeaderElection9] INFO  server.RaftServer$Division (RaftServerImpl.java:setRole(329)) - 68d6cd24-bd24-4fd7-81ed-64a513f0bb68@group-3530CB79F85C: changes role from CANDIDATE to LEADER at term 1 for changeToLeader
2023-06-28 21:18:44,589 [68d6cd24-bd24-4fd7-81ed-64a513f0bb68@group-3530CB79F85C-LeaderElection9] INFO  ratis.XceiverServerRatis (XceiverServerRatis.java:handleLeaderChangedNotification(902)) - Leader change notification received for group: group-3530CB79F85C with new leaderId: 68d6cd24-bd24-4fd7-81ed-64a513f0bb68
2023-06-28 21:18:44,589 [68d6cd24-bd24-4fd7-81ed-64a513f0bb68@group-3530CB79F85C-LeaderElection9] INFO  server.RaftServer$Division (ServerState.java:setLeader(317)) - 68d6cd24-bd24-4fd7-81ed-64a513f0bb68@group-3530CB79F85C: change Leader from null to 68d6cd24-bd24-4fd7-81ed-64a513f0bb68 at term 1 for becomeLeader, leader elected after 5110ms
2023-06-28 21:18:44,589 [68d6cd24-bd24-4fd7-81ed-64a513f0bb68@group-3530CB79F85C-LeaderElection9] INFO  server.RaftServerConfigKeys (ConfUtils.java:logGet(46)) - raft.server.staging.catchup.gap = 1000 (default)
2023-06-28 21:18:44,591 [68d6cd24-bd24-4fd7-81ed-64a513f0bb68@group-3530CB79F85C-LeaderElection9] INFO  server.RaftServerConfigKeys (ConfUtils.java:logGet(46)) - raft.server.write.element-limit = 1024 (custom)
2023-06-28 21:18:44,592 [68d6cd24-bd24-4fd7-81ed-64a513f0bb68@group-3530CB79F85C-LeaderElection9] INFO  server.RaftServerConfigKeys (ConfUtils.java:logGet(46)) - raft.server.write.byte-limit = 1024 M (=1073741824) (custom)
2023-06-28 21:18:44,592 [68d6cd24-bd24-4fd7-81ed-64a513f0bb68@group-3530CB79F85C-LeaderElection9] INFO  server.RaftServerConfigKeys (ConfUtils.java:logGet(46)) - raft.server.watch.timeout = 180s (custom)
2023-06-28 21:18:44,592 [68d6cd24-bd24-4fd7-81ed-64a513f0bb68@group-3530CB79F85C-LeaderElection9] INFO  server.RaftServerConfigKeys (ConfUtils.java:logGet(46)) - raft.server.watch.timeout.denomination = 1s (default)
2023-06-28 21:18:44,592 [68d6cd24-bd24-4fd7-81ed-64a513f0bb68@group-3530CB79F85C-LeaderElection9] INFO  server.RaftServerConfigKeys (ConfUtils.java:logGet(46)) - raft.server.watch.element-limit = 65536 (default)
2023-06-28 21:18:44,592 [68d6cd24-bd24-4fd7-81ed-64a513f0bb68@group-3530CB79F85C-LeaderElection9] INFO  server.RaftServerConfigKeys (ConfUtils.java:logGet(46)) - raft.server.write.element-limit = 1024 (custom)
2023-06-28 21:18:44,592 [68d6cd24-bd24-4fd7-81ed-64a513f0bb68@group-3530CB79F85C-LeaderElection9] INFO  server.RaftServerConfigKeys (ConfUtils.java:logGet(46)) - raft.server.write.follower.gap.ratio.max = -1.0 (default)
2023-06-28 21:18:44,592 [68d6cd24-bd24-4fd7-81ed-64a513f0bb68@group-3530CB79F85C-LeaderElection9] INFO  impl.RoleInfo (RoleInfo.java:updateAndGet(139)) - 68d6cd24-bd24-4fd7-81ed-64a513f0bb68: start 68d6cd24-bd24-4fd7-81ed-64a513f0bb68@group-3530CB79F85C-LeaderStateImpl
2023-06-28 21:18:44,593 [68d6cd24-bd24-4fd7-81ed-64a513f0bb68@group-3530CB79F85C-LeaderElection9] INFO  segmented.SegmentedRaftLogWorker (SegmentedRaftLogWorker.java:startLogSegment(447)) - 68d6cd24-bd24-4fd7-81ed-64a513f0bb68@group-3530CB79F85C-SegmentedRaftLogWorker: Starting segment from index:0
2023-06-28 21:18:44,594 [68d6cd24-bd24-4fd7-81ed-64a513f0bb68@group-3530CB79F85C-SegmentedRaftLogWorker] INFO  segmented.SegmentedRaftLogWorker (SegmentedRaftLogWorker.java:execute(651)) - 68d6cd24-bd24-4fd7-81ed-64a513f0bb68@group-3530CB79F85C-SegmentedRaftLogWorker: created new log segment /home/runner/work/ozone/ozone/hadoop-ozone/integration-test/target/test-dir/MiniOzoneClusterImpl-392d5ccd-e702-410a-a53a-05dc11be4355/datanode-4/data/ratis/8eeaad6d-0a7d-4ea0-9f0e-3530cb79f85c/current/log_inprogress_0
2023-06-28 21:18:44,625 [68d6cd24-bd24-4fd7-81ed-64a513f0bb68@group-3530CB79F85C-LeaderElection9] INFO  server.RaftServer$Division (ServerState.java:setRaftConf(434)) - 68d6cd24-bd24-4fd7-81ed-64a513f0bb68@group-3530CB79F85C: set configuration 0: peers:[68d6cd24-bd24-4fd7-81ed-64a513f0bb68|rpc:10.1.0.52:15058|admin:10.1.0.52:15057|client:10.1.0.52:15056|dataStream:10.1.0.52:15059|priority:1|startupRole:FOLLOWER]|listeners:[], old=null
2023-06-28 21:18:45,531 [omNode-3@group-523986131536-FollowerState] INFO  server.RaftServerConfigKeys (ConfUtils.java:logFallback(53)) - raft.server.rpc.first-election.timeout.min = 1s (fallback to raft.server.rpc.timeout.min)
2023-06-28 21:18:45,531 [omNode-3@group-523986131536-FollowerState] INFO  server.RaftServerConfigKeys (ConfUtils.java:logFallback(53)) - raft.server.rpc.first-election.timeout.max = 1200ms (fallback to raft.server.rpc.timeout.max)
21:18:46.129 [IPC Server handler 2 on default port 15004] ERROR OMAudit - user=runner | ip=127.0.0.1 | op=READ_BUCKET {volume=volumed2t, bucket=bucket1} | ret=FAILURE
org.apache.hadoop.ozone.om.exceptions.OMException: Volume not found when getting bucket info
	at org.apache.hadoop.ozone.om.BucketManagerImpl.getBucketInfo(BucketManagerImpl.java:81) ~[ozone-manager-1.4.0-SNAPSHOT.jar:?]
	at org.apache.hadoop.ozone.om.OzoneManager.getBucketInfo(OzoneManager.java:2778) ~[ozone-manager-1.4.0-SNAPSHOT.jar:?]
	at org.apache.hadoop.ozone.protocolPB.OzoneManagerRequestHandler.infoBucket(OzoneManagerRequestHandler.java:532) ~[ozone-manager-1.4.0-SNAPSHOT.jar:?]
	at org.apache.hadoop.ozone.protocolPB.OzoneManagerRequestHandler.handleReadRequest(OzoneManagerRequestHandler.java:198) ~[ozone-manager-1.4.0-SNAPSHOT.jar:?]
	at org.apache.hadoop.ozone.protocolPB.OzoneManagerProtocolServerSideTranslatorPB.submitReadRequestToOM(OzoneManagerProtocolServerSideTranslatorPB.java:223) ~[ozone-manager-1.4.0-SNAPSHOT.jar:?]
	at org.apache.hadoop.ozone.protocolPB.OzoneManagerProtocolServerSideTranslatorPB.processRequest(OzoneManagerProtocolServerSideTranslatorPB.java:177) ~[ozone-manager-1.4.0-SNAPSHOT.jar:?]
	at org.apache.hadoop.hdds.server.OzoneProtocolMessageDispatcher.processRequest(OzoneProtocolMessageDispatcher.java:87) [hdds-server-framework-1.4.0-SNAPSHOT.jar:?]
	at org.apache.hadoop.ozone.protocolPB.OzoneManagerProtocolServerSideTranslatorPB.submitRequest(OzoneManagerProtocolServerSideTranslatorPB.java:147) [ozone-manager-1.4.0-SNAPSHOT.jar:?]
	at org.apache.hadoop.ozone.protocol.proto.OzoneManagerProtocolProtos$OzoneManagerService$2.callBlockingMethod(OzoneManagerProtocolProtos.java) [ozone-interface-client-1.4.0-SNAPSHOT.jar:?]
	at org.apache.hadoop.ipc.ProtobufRpcEngine$Server.processCall(ProtobufRpcEngine.java:484) [hadoop-common-3.3.6.jar:?]
	at org.apache.hadoop.ipc.ProtobufRpcEngine2$Server$ProtoBufRpcInvoker.call(ProtobufRpcEngine2.java:595) [hadoop-common-3.3.6.jar:?]
	at org.apache.hadoop.ipc.ProtobufRpcEngine2$Server$ProtoBufRpcInvoker.call(ProtobufRpcEngine2.java:573) [hadoop-common-3.3.6.jar:?]
	at org.apache.hadoop.ipc.RPC$Server.call(RPC.java:1227) [hadoop-common-3.3.6.jar:?]
	at org.apache.hadoop.ipc.Server$RpcCall.run(Server.java:1094) [hadoop-common-3.3.6.jar:?]
	at org.apache.hadoop.ipc.Server$RpcCall.run(Server.java:1017) [hadoop-common-3.3.6.jar:?]
	at java.security.AccessController.doPrivileged(Native Method) ~[?:1.8.0_372]
	at javax.security.auth.Subject.doAs(Subject.java:422) [?:1.8.0_372]
	at org.apache.hadoop.security.UserGroupInformation.doAs(UserGroupInformation.java:1899) [hadoop-common-3.3.6.jar:?]
	at org.apache.hadoop.ipc.Server$Handler.run(Server.java:3048) [hadoop-common-3.3.6.jar:?]
21:18:46.190 [IPC Server handler 19 on default port 15004] ERROR OMAudit - user=runner | ip=127.0.0.1 | op=READ_BUCKET {volume=volumed2t, bucket=bucket1} | ret=FAILURE
org.apache.hadoop.ozone.om.exceptions.OMException: Volume not found when getting bucket info
	at org.apache.hadoop.ozone.om.BucketManagerImpl.getBucketInfo(BucketManagerImpl.java:81) ~[ozone-manager-1.4.0-SNAPSHOT.jar:?]
	at org.apache.hadoop.ozone.om.OzoneManager.getBucketInfo(OzoneManager.java:2778) ~[ozone-manager-1.4.0-SNAPSHOT.jar:?]
	at org.apache.hadoop.ozone.protocolPB.OzoneManagerRequestHandler.infoBucket(OzoneManagerRequestHandler.java:532) ~[ozone-manager-1.4.0-SNAPSHOT.jar:?]
	at org.apache.hadoop.ozone.protocolPB.OzoneManagerRequestHandler.handleReadRequest(OzoneManagerRequestHandler.java:198) ~[ozone-manager-1.4.0-SNAPSHOT.jar:?]
	at org.apache.hadoop.ozone.protocolPB.OzoneManagerProtocolServerSideTranslatorPB.submitReadRequestToOM(OzoneManagerProtocolServerSideTranslatorPB.java:223) ~[ozone-manager-1.4.0-SNAPSHOT.jar:?]
	at org.apache.hadoop.ozone.protocolPB.OzoneManagerProtocolServerSideTranslatorPB.processRequest(OzoneManagerProtocolServerSideTranslatorPB.java:177) ~[ozone-manager-1.4.0-SNAPSHOT.jar:?]
	at org.apache.hadoop.hdds.server.OzoneProtocolMessageDispatcher.processRequest(OzoneProtocolMessageDispatcher.java:87) [hdds-server-framework-1.4.0-SNAPSHOT.jar:?]
	at org.apache.hadoop.ozone.protocolPB.OzoneManagerProtocolServerSideTranslatorPB.submitRequest(OzoneManagerProtocolServerSideTranslatorPB.java:147) [ozone-manager-1.4.0-SNAPSHOT.jar:?]
	at org.apache.hadoop.ozone.protocol.proto.OzoneManagerProtocolProtos$OzoneManagerService$2.callBlockingMethod(OzoneManagerProtocolProtos.java) [ozone-interface-client-1.4.0-SNAPSHOT.jar:?]
	at org.apache.hadoop.ipc.ProtobufRpcEngine$Server.processCall(ProtobufRpcEngine.java:484) [hadoop-common-3.3.6.jar:?]
	at org.apache.hadoop.ipc.ProtobufRpcEngine2$Server$ProtoBufRpcInvoker.call(ProtobufRpcEngine2.java:595) [hadoop-common-3.3.6.jar:?]
	at org.apache.hadoop.ipc.ProtobufRpcEngine2$Server$ProtoBufRpcInvoker.call(ProtobufRpcEngine2.java:573) [hadoop-common-3.3.6.jar:?]
	at org.apache.hadoop.ipc.RPC$Server.call(RPC.java:1227) [hadoop-common-3.3.6.jar:?]
	at org.apache.hadoop.ipc.Server$RpcCall.run(Server.java:1094) [hadoop-common-3.3.6.jar:?]
	at org.apache.hadoop.ipc.Server$RpcCall.run(Server.java:1017) [hadoop-common-3.3.6.jar:?]
	at java.security.AccessController.doPrivileged(Native Method) ~[?:1.8.0_372]
	at javax.security.auth.Subject.doAs(Subject.java:422) [?:1.8.0_372]
	at org.apache.hadoop.security.UserGroupInformation.doAs(UserGroupInformation.java:1899) [hadoop-common-3.3.6.jar:?]
	at org.apache.hadoop.ipc.Server$Handler.run(Server.java:3048) [hadoop-common-3.3.6.jar:?]
2023-06-28 21:18:46,195 [Time-limited test] INFO  rpc.RpcClient (RpcClient.java:createVolume(460)) - Creating Volume: volumed2t, with runner as owner and space quota set to -1 bytes, counts quota set to -1
2023-06-28 21:18:46,298 [OM StateMachine ApplyTransaction Thread - 0] INFO  volume.OMVolumeCreateRequest (OMVolumeCreateRequest.java:validateAndUpdateCache(196)) - created volume:volumed2t for user:runner
2023-06-28 21:18:46,306 [OM StateMachine ApplyTransaction Thread - 0] INFO  volume.OMVolumeCreateRequest (OMVolumeCreateRequest.java:validateAndUpdateCache(196)) - created volume:volumed2t for user:runner
2023-06-28 21:18:46,307 [OM StateMachine ApplyTransaction Thread - 0] INFO  volume.OMVolumeCreateRequest (OMVolumeCreateRequest.java:validateAndUpdateCache(196)) - created volume:volumed2t for user:runner
2023-06-28 21:18:46,342 [Time-limited test] INFO  rpc.RpcClient (RpcClient.java:createBucket(687)) - Creating Bucket: volumed2t/bucket1, with bucket layout FILE_SYSTEM_OPTIMIZED, runner as owner, Versioning false, Storage Type set to DISK and Encryption set to false, Replication Type set to server-side default replication type, Namespace Quota set to -1, Space Quota set to -1 
2023-06-28 21:18:46,370 [OM StateMachine ApplyTransaction Thread - 0] INFO  bucket.OMBucketCreateRequest (OMBucketCreateRequest.java:validateAndUpdateCache(270)) - created bucket: bucket1 of layout FILE_SYSTEM_OPTIMIZED in volume: volumed2t
2023-06-28 21:18:46,374 [OM StateMachine ApplyTransaction Thread - 0] INFO  bucket.OMBucketCreateRequest (OMBucketCreateRequest.java:validateAndUpdateCache(270)) - created bucket: bucket1 of layout FILE_SYSTEM_OPTIMIZED in volume: volumed2t
2023-06-28 21:18:46,376 [OM StateMachine ApplyTransaction Thread - 0] INFO  bucket.OMBucketCreateRequest (OMBucketCreateRequest.java:validateAndUpdateCache(270)) - created bucket: bucket1 of layout FILE_SYSTEM_OPTIMIZED in volume: volumed2t
21:18:46.503 [IPC Server handler 16 on default port 15004] ERROR OMAudit - user=runner | ip=127.0.0.1 | op=GET_FILE_STATUS {volume=volumed2t, bucket=bucket1, key=dir1/key1, dataSize=0, replicationConfig=null} | ret=FAILURE
org.apache.hadoop.ozone.om.exceptions.OMException: Unable to get file status: volume: volumed2t bucket: bucket1 key: dir1/key1
	at org.apache.hadoop.ozone.om.KeyManagerImpl.getOzoneFileStatusFSO(KeyManagerImpl.java:1311) ~[ozone-manager-1.4.0-SNAPSHOT.jar:?]
	at org.apache.hadoop.ozone.om.KeyManagerImpl.getFileStatus(KeyManagerImpl.java:1102) ~[ozone-manager-1.4.0-SNAPSHOT.jar:?]
	at org.apache.hadoop.ozone.om.OmMetadataReader.getFileStatus(OmMetadataReader.java:286) ~[ozone-manager-1.4.0-SNAPSHOT.jar:?]
	at org.apache.hadoop.ozone.om.OzoneManager.getFileStatus(OzoneManager.java:3500) ~[ozone-manager-1.4.0-SNAPSHOT.jar:?]
	at org.apache.hadoop.ozone.protocolPB.OzoneManagerRequestHandler.getOzoneFileStatus(OzoneManagerRequestHandler.java:958) ~[ozone-manager-1.4.0-SNAPSHOT.jar:?]
	at org.apache.hadoop.ozone.protocolPB.OzoneManagerRequestHandler.handleReadRequest(OzoneManagerRequestHandler.java:248) ~[ozone-manager-1.4.0-SNAPSHOT.jar:?]
	at org.apache.hadoop.ozone.protocolPB.OzoneManagerProtocolServerSideTranslatorPB.submitReadRequestToOM(OzoneManagerProtocolServerSideTranslatorPB.java:223) ~[ozone-manager-1.4.0-SNAPSHOT.jar:?]
	at org.apache.hadoop.ozone.protocolPB.OzoneManagerProtocolServerSideTranslatorPB.processRequest(OzoneManagerProtocolServerSideTranslatorPB.java:177) ~[ozone-manager-1.4.0-SNAPSHOT.jar:?]
	at org.apache.hadoop.hdds.server.OzoneProtocolMessageDispatcher.processRequest(OzoneProtocolMessageDispatcher.java:87) [hdds-server-framework-1.4.0-SNAPSHOT.jar:?]
	at org.apache.hadoop.ozone.protocolPB.OzoneManagerProtocolServerSideTranslatorPB.submitRequest(OzoneManagerProtocolServerSideTranslatorPB.java:147) [ozone-manager-1.4.0-SNAPSHOT.jar:?]
	at org.apache.hadoop.ozone.protocol.proto.OzoneManagerProtocolProtos$OzoneManagerService$2.callBlockingMethod(OzoneManagerProtocolProtos.java) [ozone-interface-client-1.4.0-SNAPSHOT.jar:?]
	at org.apache.hadoop.ipc.ProtobufRpcEngine$Server.processCall(ProtobufRpcEngine.java:484) [hadoop-common-3.3.6.jar:?]
	at org.apache.hadoop.ipc.ProtobufRpcEngine2$Server$ProtoBufRpcInvoker.call(ProtobufRpcEngine2.java:595) [hadoop-common-3.3.6.jar:?]
	at org.apache.hadoop.ipc.ProtobufRpcEngine2$Server$ProtoBufRpcInvoker.call(ProtobufRpcEngine2.java:573) [hadoop-common-3.3.6.jar:?]
	at org.apache.hadoop.ipc.RPC$Server.call(RPC.java:1227) [hadoop-common-3.3.6.jar:?]
	at org.apache.hadoop.ipc.Server$RpcCall.run(Server.java:1094) [hadoop-common-3.3.6.jar:?]
	at org.apache.hadoop.ipc.Server$RpcCall.run(Server.java:1017) [hadoop-common-3.3.6.jar:?]
	at java.security.AccessController.doPrivileged(Native Method) ~[?:1.8.0_372]
	at javax.security.auth.Subject.doAs(Subject.java:422) [?:1.8.0_372]
	at org.apache.hadoop.security.UserGroupInformation.doAs(UserGroupInformation.java:1899) [hadoop-common-3.3.6.jar:?]
	at org.apache.hadoop.ipc.Server$Handler.run(Server.java:3048) [hadoop-common-3.3.6.jar:?]
2023-06-28 21:18:46,650 [omNode-3@group-523986131536-FollowerState] INFO  server.RaftServerConfigKeys (ConfUtils.java:logFallback(53)) - raft.server.rpc.first-election.timeout.min = 1s (fallback to raft.server.rpc.timeout.min)
2023-06-28 21:18:46,650 [omNode-3@group-523986131536-FollowerState] INFO  server.RaftServerConfigKeys (ConfUtils.java:logFallback(53)) - raft.server.rpc.first-election.timeout.max = 1200ms (fallback to raft.server.rpc.timeout.max)
21:18:46.665 [IPC Server handler 6 on default port 15004] ERROR OMAudit - user=runner | ip=127.0.0.1 | op=GET_FILE_STATUS {volume=volumed2t, bucket=bucket1, key=dir1/key1, dataSize=0, replicationConfig=null} | ret=FAILURE
org.apache.hadoop.ozone.om.exceptions.OMException: Unable to get file status: volume: volumed2t bucket: bucket1 key: dir1/key1
	at org.apache.hadoop.ozone.om.KeyManagerImpl.getOzoneFileStatusFSO(KeyManagerImpl.java:1311) ~[ozone-manager-1.4.0-SNAPSHOT.jar:?]
	at org.apache.hadoop.ozone.om.KeyManagerImpl.getFileStatus(KeyManagerImpl.java:1102) ~[ozone-manager-1.4.0-SNAPSHOT.jar:?]
	at org.apache.hadoop.ozone.om.OmMetadataReader.getFileStatus(OmMetadataReader.java:286) ~[ozone-manager-1.4.0-SNAPSHOT.jar:?]
	at org.apache.hadoop.ozone.om.OzoneManager.getFileStatus(OzoneManager.java:3500) ~[ozone-manager-1.4.0-SNAPSHOT.jar:?]
	at org.apache.hadoop.ozone.protocolPB.OzoneManagerRequestHandler.getOzoneFileStatus(OzoneManagerRequestHandler.java:958) ~[ozone-manager-1.4.0-SNAPSHOT.jar:?]
	at org.apache.hadoop.ozone.protocolPB.OzoneManagerRequestHandler.handleReadRequest(OzoneManagerRequestHandler.java:248) ~[ozone-manager-1.4.0-SNAPSHOT.jar:?]
	at org.apache.hadoop.ozone.protocolPB.OzoneManagerProtocolServerSideTranslatorPB.submitReadRequestToOM(OzoneManagerProtocolServerSideTranslatorPB.java:223) ~[ozone-manager-1.4.0-SNAPSHOT.jar:?]
	at org.apache.hadoop.ozone.protocolPB.OzoneManagerProtocolServerSideTranslatorPB.processRequest(OzoneManagerProtocolServerSideTranslatorPB.java:177) ~[ozone-manager-1.4.0-SNAPSHOT.jar:?]
	at org.apache.hadoop.hdds.server.OzoneProtocolMessageDispatcher.processRequest(OzoneProtocolMessageDispatcher.java:87) [hdds-server-framework-1.4.0-SNAPSHOT.jar:?]
	at org.apache.hadoop.ozone.protocolPB.OzoneManagerProtocolServerSideTranslatorPB.submitRequest(OzoneManagerProtocolServerSideTranslatorPB.java:147) [ozone-manager-1.4.0-SNAPSHOT.jar:?]
	at org.apache.hadoop.ozone.protocol.proto.OzoneManagerProtocolProtos$OzoneManagerService$2.callBlockingMethod(OzoneManagerProtocolProtos.java) [ozone-interface-client-1.4.0-SNAPSHOT.jar:?]
	at org.apache.hadoop.ipc.ProtobufRpcEngine$Server.processCall(ProtobufRpcEngine.java:484) [hadoop-common-3.3.6.jar:?]
	at org.apache.hadoop.ipc.ProtobufRpcEngine2$Server$ProtoBufRpcInvoker.call(ProtobufRpcEngine2.java:595) [hadoop-common-3.3.6.jar:?]
	at org.apache.hadoop.ipc.ProtobufRpcEngine2$Server$ProtoBufRpcInvoker.call(ProtobufRpcEngine2.java:573) [hadoop-common-3.3.6.jar:?]
	at org.apache.hadoop.ipc.RPC$Server.call(RPC.java:1227) [hadoop-common-3.3.6.jar:?]
	at org.apache.hadoop.ipc.Server$RpcCall.run(Server.java:1094) [hadoop-common-3.3.6.jar:?]
	at org.apache.hadoop.ipc.Server$RpcCall.run(Server.java:1017) [hadoop-common-3.3.6.jar:?]
	at java.security.AccessController.doPrivileged(Native Method) ~[?:1.8.0_372]
	at javax.security.auth.Subject.doAs(Subject.java:422) [?:1.8.0_372]
	at org.apache.hadoop.security.UserGroupInformation.doAs(UserGroupInformation.java:1899) [hadoop-common-3.3.6.jar:?]
	at org.apache.hadoop.ipc.Server$Handler.run(Server.java:3048) [hadoop-common-3.3.6.jar:?]
2023-06-28 21:18:46,735 [IPC Server handler 3 on default port 15001] INFO  ha.SequenceIdGenerator (SequenceIdGenerator.java:getNextId(128)) - Allocate a batch for containerId, change lastId from 0 to 1000.
2023-06-28 21:18:46,748 [IPC Server handler 3 on default port 15001] WARN  ha.SequenceIdGenerator (SequenceIdGenerator.java:allocateBatch(237)) - Failed to allocate a batch for localId, expected lastId is 0, actual lastId is 111677748019200000.
2023-06-28 21:18:46,748 [IPC Server handler 3 on default port 15001] INFO  ha.SequenceIdGenerator (SequenceIdGenerator.java:getNextId(128)) - Allocate a batch for localId, change lastId from 111677748019200000 to 111677748019201000.
2023-06-28 21:18:46,959 [Time-limited test] INFO  Configuration.deprecation (Configuration.java:logDeprecation(1442)) - io.bytes.per.checksum is deprecated. Instead, use dfs.bytes-per-checksum
21:18:46.998 [IPC Server handler 3 on default port 15004] ERROR OMAudit - user=runner | ip=127.0.0.1 | op=GET_FILE_STATUS {volume=volumed2t, bucket=bucket1, key=.Trash/runner/Current/dir1/key1, dataSize=0, replicationConfig=null} | ret=FAILURE
org.apache.hadoop.ozone.om.exceptions.OMException: Unable to get file status: volume: volumed2t bucket: bucket1 key: .Trash/runner/Current/dir1/key1
	at org.apache.hadoop.ozone.om.KeyManagerImpl.getOzoneFileStatusFSO(KeyManagerImpl.java:1311) ~[ozone-manager-1.4.0-SNAPSHOT.jar:?]
	at org.apache.hadoop.ozone.om.KeyManagerImpl.getFileStatus(KeyManagerImpl.java:1102) ~[ozone-manager-1.4.0-SNAPSHOT.jar:?]
	at org.apache.hadoop.ozone.om.OmMetadataReader.getFileStatus(OmMetadataReader.java:286) ~[ozone-manager-1.4.0-SNAPSHOT.jar:?]
	at org.apache.hadoop.ozone.om.OzoneManager.getFileStatus(OzoneManager.java:3500) ~[ozone-manager-1.4.0-SNAPSHOT.jar:?]
	at org.apache.hadoop.ozone.protocolPB.OzoneManagerRequestHandler.getOzoneFileStatus(OzoneManagerRequestHandler.java:958) ~[ozone-manager-1.4.0-SNAPSHOT.jar:?]
	at org.apache.hadoop.ozone.protocolPB.OzoneManagerRequestHandler.handleReadRequest(OzoneManagerRequestHandler.java:248) ~[ozone-manager-1.4.0-SNAPSHOT.jar:?]
	at org.apache.hadoop.ozone.protocolPB.OzoneManagerProtocolServerSideTranslatorPB.submitReadRequestToOM(OzoneManagerProtocolServerSideTranslatorPB.java:223) ~[ozone-manager-1.4.0-SNAPSHOT.jar:?]
	at org.apache.hadoop.ozone.protocolPB.OzoneManagerProtocolServerSideTranslatorPB.processRequest(OzoneManagerProtocolServerSideTranslatorPB.java:177) ~[ozone-manager-1.4.0-SNAPSHOT.jar:?]
	at org.apache.hadoop.hdds.server.OzoneProtocolMessageDispatcher.processRequest(OzoneProtocolMessageDispatcher.java:87) [hdds-server-framework-1.4.0-SNAPSHOT.jar:?]
	at org.apache.hadoop.ozone.protocolPB.OzoneManagerProtocolServerSideTranslatorPB.submitRequest(OzoneManagerProtocolServerSideTranslatorPB.java:147) [ozone-manager-1.4.0-SNAPSHOT.jar:?]
	at org.apache.hadoop.ozone.protocol.proto.OzoneManagerProtocolProtos$OzoneManagerService$2.callBlockingMethod(OzoneManagerProtocolProtos.java) [ozone-interface-client-1.4.0-SNAPSHOT.jar:?]
	at org.apache.hadoop.ipc.ProtobufRpcEngine$Server.processCall(ProtobufRpcEngine.java:484) [hadoop-common-3.3.6.jar:?]
	at org.apache.hadoop.ipc.ProtobufRpcEngine2$Server$ProtoBufRpcInvoker.call(ProtobufRpcEngine2.java:595) [hadoop-common-3.3.6.jar:?]
	at org.apache.hadoop.ipc.ProtobufRpcEngine2$Server$ProtoBufRpcInvoker.call(ProtobufRpcEngine2.java:573) [hadoop-common-3.3.6.jar:?]
	at org.apache.hadoop.ipc.RPC$Server.call(RPC.java:1227) [hadoop-common-3.3.6.jar:?]
	at org.apache.hadoop.ipc.Server$RpcCall.run(Server.java:1094) [hadoop-common-3.3.6.jar:?]
	at org.apache.hadoop.ipc.Server$RpcCall.run(Server.java:1017) [hadoop-common-3.3.6.jar:?]
	at java.security.AccessController.doPrivileged(Native Method) ~[?:1.8.0_372]
	at javax.security.auth.Subject.doAs(Subject.java:422) [?:1.8.0_372]
	at org.apache.hadoop.security.UserGroupInformation.doAs(UserGroupInformation.java:1899) [hadoop-common-3.3.6.jar:?]
	at org.apache.hadoop.ipc.Server$Handler.run(Server.java:3048) [hadoop-common-3.3.6.jar:?]
2023-06-28 21:18:47,037 [Time-limited test] INFO  om.TrashPolicyOzone (TrashPolicyOzone.java:moveToTrash(209)) - Moved: 'ofs://om-service-test1/volumed2t/bucket1/dir1/key1' to trash at: ofs://om-service-test1/volumed2t/bucket1/.Trash/runner/Current/dir1/key1
21:18:47.060 [IPC Server handler 8 on default port 15004] ERROR OMAudit - user=runner | ip=127.0.0.1 | op=GET_FILE_STATUS {volume=volumed2t, bucket=bucket1, key=dir1/key2, dataSize=0, replicationConfig=null} | ret=FAILURE
org.apache.hadoop.ozone.om.exceptions.OMException: Unable to get file status: volume: volumed2t bucket: bucket1 key: dir1/key2
	at org.apache.hadoop.ozone.om.KeyManagerImpl.getOzoneFileStatusFSO(KeyManagerImpl.java:1311) ~[ozone-manager-1.4.0-SNAPSHOT.jar:?]
	at org.apache.hadoop.ozone.om.KeyManagerImpl.getFileStatus(KeyManagerImpl.java:1102) ~[ozone-manager-1.4.0-SNAPSHOT.jar:?]
	at org.apache.hadoop.ozone.om.OmMetadataReader.getFileStatus(OmMetadataReader.java:286) ~[ozone-manager-1.4.0-SNAPSHOT.jar:?]
	at org.apache.hadoop.ozone.om.OzoneManager.getFileStatus(OzoneManager.java:3500) ~[ozone-manager-1.4.0-SNAPSHOT.jar:?]
	at org.apache.hadoop.ozone.protocolPB.OzoneManagerRequestHandler.getOzoneFileStatus(OzoneManagerRequestHandler.java:958) ~[ozone-manager-1.4.0-SNAPSHOT.jar:?]
	at org.apache.hadoop.ozone.protocolPB.OzoneManagerRequestHandler.handleReadRequest(OzoneManagerRequestHandler.java:248) ~[ozone-manager-1.4.0-SNAPSHOT.jar:?]
	at org.apache.hadoop.ozone.protocolPB.OzoneManagerProtocolServerSideTranslatorPB.submitReadRequestToOM(OzoneManagerProtocolServerSideTranslatorPB.java:223) ~[ozone-manager-1.4.0-SNAPSHOT.jar:?]
	at org.apache.hadoop.ozone.protocolPB.OzoneManagerProtocolServerSideTranslatorPB.processRequest(OzoneManagerProtocolServerSideTranslatorPB.java:177) ~[ozone-manager-1.4.0-SNAPSHOT.jar:?]
	at org.apache.hadoop.hdds.server.OzoneProtocolMessageDispatcher.processRequest(OzoneProtocolMessageDispatcher.java:87) [hdds-server-framework-1.4.0-SNAPSHOT.jar:?]
	at org.apache.hadoop.ozone.protocolPB.OzoneManagerProtocolServerSideTranslatorPB.submitRequest(OzoneManagerProtocolServerSideTranslatorPB.java:147) [ozone-manager-1.4.0-SNAPSHOT.jar:?]
	at org.apache.hadoop.ozone.protocol.proto.OzoneManagerProtocolProtos$OzoneManagerService$2.callBlockingMethod(OzoneManagerProtocolProtos.java) [ozone-interface-client-1.4.0-SNAPSHOT.jar:?]
	at org.apache.hadoop.ipc.ProtobufRpcEngine$Server.processCall(ProtobufRpcEngine.java:484) [hadoop-common-3.3.6.jar:?]
	at org.apache.hadoop.ipc.ProtobufRpcEngine2$Server$ProtoBufRpcInvoker.call(ProtobufRpcEngine2.java:595) [hadoop-common-3.3.6.jar:?]
	at org.apache.hadoop.ipc.ProtobufRpcEngine2$Server$ProtoBufRpcInvoker.call(ProtobufRpcEngine2.java:573) [hadoop-common-3.3.6.jar:?]
	at org.apache.hadoop.ipc.RPC$Server.call(RPC.java:1227) [hadoop-common-3.3.6.jar:?]
	at org.apache.hadoop.ipc.Server$RpcCall.run(Server.java:1094) [hadoop-common-3.3.6.jar:?]
	at org.apache.hadoop.ipc.Server$RpcCall.run(Server.java:1017) [hadoop-common-3.3.6.jar:?]
	at java.security.AccessController.doPrivileged(Native Method) ~[?:1.8.0_372]
	at javax.security.auth.Subject.doAs(Subject.java:422) [?:1.8.0_372]
	at org.apache.hadoop.security.UserGroupInformation.doAs(UserGroupInformation.java:1899) [hadoop-common-3.3.6.jar:?]
	at org.apache.hadoop.ipc.Server$Handler.run(Server.java:3048) [hadoop-common-3.3.6.jar:?]
21:18:47.068 [IPC Server handler 13 on default port 15004] ERROR OMAudit - user=runner | ip=127.0.0.1 | op=GET_FILE_STATUS {volume=volumed2t, bucket=bucket1, key=dir1/key2, dataSize=0, replicationConfig=null} | ret=FAILURE
org.apache.hadoop.ozone.om.exceptions.OMException: Unable to get file status: volume: volumed2t bucket: bucket1 key: dir1/key2
	at org.apache.hadoop.ozone.om.KeyManagerImpl.getOzoneFileStatusFSO(KeyManagerImpl.java:1311) ~[ozone-manager-1.4.0-SNAPSHOT.jar:?]
	at org.apache.hadoop.ozone.om.KeyManagerImpl.getFileStatus(KeyManagerImpl.java:1102) ~[ozone-manager-1.4.0-SNAPSHOT.jar:?]
	at org.apache.hadoop.ozone.om.OmMetadataReader.getFileStatus(OmMetadataReader.java:286) ~[ozone-manager-1.4.0-SNAPSHOT.jar:?]
	at org.apache.hadoop.ozone.om.OzoneManager.getFileStatus(OzoneManager.java:3500) ~[ozone-manager-1.4.0-SNAPSHOT.jar:?]
	at org.apache.hadoop.ozone.protocolPB.OzoneManagerRequestHandler.getOzoneFileStatus(OzoneManagerRequestHandler.java:958) ~[ozone-manager-1.4.0-SNAPSHOT.jar:?]
	at org.apache.hadoop.ozone.protocolPB.OzoneManagerRequestHandler.handleReadRequest(OzoneManagerRequestHandler.java:248) ~[ozone-manager-1.4.0-SNAPSHOT.jar:?]
	at org.apache.hadoop.ozone.protocolPB.OzoneManagerProtocolServerSideTranslatorPB.submitReadRequestToOM(OzoneManagerProtocolServerSideTranslatorPB.java:223) ~[ozone-manager-1.4.0-SNAPSHOT.jar:?]
	at org.apache.hadoop.ozone.protocolPB.OzoneManagerProtocolServerSideTranslatorPB.processRequest(OzoneManagerProtocolServerSideTranslatorPB.java:177) ~[ozone-manager-1.4.0-SNAPSHOT.jar:?]
	at org.apache.hadoop.hdds.server.OzoneProtocolMessageDispatcher.processRequest(OzoneProtocolMessageDispatcher.java:87) [hdds-server-framework-1.4.0-SNAPSHOT.jar:?]
	at org.apache.hadoop.ozone.protocolPB.OzoneManagerProtocolServerSideTranslatorPB.submitRequest(OzoneManagerProtocolServerSideTranslatorPB.java:147) [ozone-manager-1.4.0-SNAPSHOT.jar:?]
	at org.apache.hadoop.ozone.protocol.proto.OzoneManagerProtocolProtos$OzoneManagerService$2.callBlockingMethod(OzoneManagerProtocolProtos.java) [ozone-interface-client-1.4.0-SNAPSHOT.jar:?]
	at org.apache.hadoop.ipc.ProtobufRpcEngine$Server.processCall(ProtobufRpcEngine.java:484) [hadoop-common-3.3.6.jar:?]
	at org.apache.hadoop.ipc.ProtobufRpcEngine2$Server$ProtoBufRpcInvoker.call(ProtobufRpcEngine2.java:595) [hadoop-common-3.3.6.jar:?]
	at org.apache.hadoop.ipc.ProtobufRpcEngine2$Server$ProtoBufRpcInvoker.call(ProtobufRpcEngine2.java:573) [hadoop-common-3.3.6.jar:?]
	at org.apache.hadoop.ipc.RPC$Server.call(RPC.java:1227) [hadoop-common-3.3.6.jar:?]
	at org.apache.hadoop.ipc.Server$RpcCall.run(Server.java:1094) [hadoop-common-3.3.6.jar:?]
	at org.apache.hadoop.ipc.Server$RpcCall.run(Server.java:1017) [hadoop-common-3.3.6.jar:?]
	at java.security.AccessController.doPrivileged(Native Method) ~[?:1.8.0_372]
	at javax.security.auth.Subject.doAs(Subject.java:422) [?:1.8.0_372]
	at org.apache.hadoop.security.UserGroupInformation.doAs(UserGroupInformation.java:1899) [hadoop-common-3.3.6.jar:?]
	at org.apache.hadoop.ipc.Server$Handler.run(Server.java:3048) [hadoop-common-3.3.6.jar:?]
21:18:47.164 [IPC Server handler 12 on default port 15004] ERROR OMAudit - user=runner | ip=127.0.0.1 | op=GET_FILE_STATUS {volume=volumed2t, bucket=bucket1, key=.Trash/runner/Current/dir1/key2, dataSize=0, replicationConfig=null} | ret=FAILURE
org.apache.hadoop.ozone.om.exceptions.OMException: Unable to get file status: volume: volumed2t bucket: bucket1 key: .Trash/runner/Current/dir1/key2
	at org.apache.hadoop.ozone.om.KeyManagerImpl.getOzoneFileStatusFSO(KeyManagerImpl.java:1311) ~[ozone-manager-1.4.0-SNAPSHOT.jar:?]
	at org.apache.hadoop.ozone.om.KeyManagerImpl.getFileStatus(KeyManagerImpl.java:1102) ~[ozone-manager-1.4.0-SNAPSHOT.jar:?]
	at org.apache.hadoop.ozone.om.OmMetadataReader.getFileStatus(OmMetadataReader.java:286) ~[ozone-manager-1.4.0-SNAPSHOT.jar:?]
	at org.apache.hadoop.ozone.om.OzoneManager.getFileStatus(OzoneManager.java:3500) ~[ozone-manager-1.4.0-SNAPSHOT.jar:?]
	at org.apache.hadoop.ozone.protocolPB.OzoneManagerRequestHandler.getOzoneFileStatus(OzoneManagerRequestHandler.java:958) ~[ozone-manager-1.4.0-SNAPSHOT.jar:?]
	at org.apache.hadoop.ozone.protocolPB.OzoneManagerRequestHandler.handleReadRequest(OzoneManagerRequestHandler.java:248) ~[ozone-manager-1.4.0-SNAPSHOT.jar:?]
	at org.apache.hadoop.ozone.protocolPB.OzoneManagerProtocolServerSideTranslatorPB.submitReadRequestToOM(OzoneManagerProtocolServerSideTranslatorPB.java:223) ~[ozone-manager-1.4.0-SNAPSHOT.jar:?]
	at org.apache.hadoop.ozone.protocolPB.OzoneManagerProtocolServerSideTranslatorPB.processRequest(OzoneManagerProtocolServerSideTranslatorPB.java:177) ~[ozone-manager-1.4.0-SNAPSHOT.jar:?]
	at org.apache.hadoop.hdds.server.OzoneProtocolMessageDispatcher.processRequest(OzoneProtocolMessageDispatcher.java:87) [hdds-server-framework-1.4.0-SNAPSHOT.jar:?]
	at org.apache.hadoop.ozone.protocolPB.OzoneManagerProtocolServerSideTranslatorPB.submitRequest(OzoneManagerProtocolServerSideTranslatorPB.java:147) [ozone-manager-1.4.0-SNAPSHOT.jar:?]
	at org.apache.hadoop.ozone.protocol.proto.OzoneManagerProtocolProtos$OzoneManagerService$2.callBlockingMethod(OzoneManagerProtocolProtos.java) [ozone-interface-client-1.4.0-SNAPSHOT.jar:?]
	at org.apache.hadoop.ipc.ProtobufRpcEngine$Server.processCall(ProtobufRpcEngine.java:484) [hadoop-common-3.3.6.jar:?]
	at org.apache.hadoop.ipc.ProtobufRpcEngine2$Server$ProtoBufRpcInvoker.call(ProtobufRpcEngine2.java:595) [hadoop-common-3.3.6.jar:?]
	at org.apache.hadoop.ipc.ProtobufRpcEngine2$Server$ProtoBufRpcInvoker.call(ProtobufRpcEngine2.java:573) [hadoop-common-3.3.6.jar:?]
	at org.apache.hadoop.ipc.RPC$Server.call(RPC.java:1227) [hadoop-common-3.3.6.jar:?]
	at org.apache.hadoop.ipc.Server$RpcCall.run(Server.java:1094) [hadoop-common-3.3.6.jar:?]
	at org.apache.hadoop.ipc.Server$RpcCall.run(Server.java:1017) [hadoop-common-3.3.6.jar:?]
	at java.security.AccessController.doPrivileged(Native Method) ~[?:1.8.0_372]
	at javax.security.auth.Subject.doAs(Subject.java:422) [?:1.8.0_372]
	at org.apache.hadoop.security.UserGroupInformation.doAs(UserGroupInformation.java:1899) [hadoop-common-3.3.6.jar:?]
	at org.apache.hadoop.ipc.Server$Handler.run(Server.java:3048) [hadoop-common-3.3.6.jar:?]
]]></system-out>
  </testcase>
  <testcase name="testKeyDeleteOrSkipTrashWhenTrashEnableFSO" classname="org.apache.hadoop.ozone.shell.TestOzoneShellHA" time="9.114">
    <system-out><![CDATA[2023-06-28 21:18:47,703 [omNode-3@group-523986131536-FollowerState] INFO  server.RaftServerConfigKeys (ConfUtils.java:logFallback(53)) - raft.server.rpc.first-election.timeout.min = 1s (fallback to raft.server.rpc.timeout.min)
2023-06-28 21:18:47,703 [omNode-3@group-523986131536-FollowerState] INFO  server.RaftServerConfigKeys (ConfUtils.java:logFallback(53)) - raft.server.rpc.first-election.timeout.max = 1200ms (fallback to raft.server.rpc.timeout.max)
2023-06-28 21:18:48,006 [Time-limited test] INFO  shell.TestOzoneShellHA (TestOzoneShellHA.java:execute(212)) - Executing OzoneShell command with args [volume, create, o3://om-service-test1/volumefso1]
2023-06-28 21:18:48,061 [Time-limited test] INFO  rpc.RpcClient (RpcClient.java:createVolume(460)) - Creating Volume: volumefso1, with runner as owner and space quota set to -1 bytes, counts quota set to -1
2023-06-28 21:18:48,074 [OM StateMachine ApplyTransaction Thread - 0] INFO  volume.OMVolumeCreateRequest (OMVolumeCreateRequest.java:validateAndUpdateCache(196)) - created volume:volumefso1 for user:runner
2023-06-28 21:18:48,081 [Time-limited test] INFO  shell.TestOzoneShellHA (TestOzoneShellHA.java:execute(212)) - Executing OzoneShell command with args [bucket, create, o3://om-service-test1/volumefso1/bucket1, --layout, FILE_SYSTEM_OPTIMIZED]
2023-06-28 21:18:48,086 [OM StateMachine ApplyTransaction Thread - 0] INFO  volume.OMVolumeCreateRequest (OMVolumeCreateRequest.java:validateAndUpdateCache(196)) - created volume:volumefso1 for user:runner
2023-06-28 21:18:48,088 [OM StateMachine ApplyTransaction Thread - 0] INFO  volume.OMVolumeCreateRequest (OMVolumeCreateRequest.java:validateAndUpdateCache(196)) - created volume:volumefso1 for user:runner
2023-06-28 21:18:48,126 [Time-limited test] INFO  rpc.RpcClient (RpcClient.java:createBucket(687)) - Creating Bucket: volumefso1/bucket1, with bucket layout FILE_SYSTEM_OPTIMIZED, runner as owner, Versioning false, Storage Type set to DISK and Encryption set to false, Replication Type set to server-side default replication type, Namespace Quota set to -1, Space Quota set to -1 
2023-06-28 21:18:48,134 [OM StateMachine ApplyTransaction Thread - 0] INFO  bucket.OMBucketCreateRequest (OMBucketCreateRequest.java:validateAndUpdateCache(270)) - created bucket: bucket1 of layout FILE_SYSTEM_OPTIMIZED in volume: volumefso1
2023-06-28 21:18:48,135 [Time-limited test] INFO  shell.TestOzoneShellHA (TestOzoneShellHA.java:execute(212)) - Executing OzoneShell command with args [key, put, o3://om-service-test1/volumefso1/bucket1/key0, /home/runner/work/ozone/ozone/hadoop-ozone/integration-test/target/test-dir/TestOzoneShellHA/testFile]
2023-06-28 21:18:48,142 [OM StateMachine ApplyTransaction Thread - 0] INFO  bucket.OMBucketCreateRequest (OMBucketCreateRequest.java:validateAndUpdateCache(270)) - created bucket: bucket1 of layout FILE_SYSTEM_OPTIMIZED in volume: volumefso1
2023-06-28 21:18:48,144 [OM StateMachine ApplyTransaction Thread - 0] INFO  bucket.OMBucketCreateRequest (OMBucketCreateRequest.java:validateAndUpdateCache(270)) - created bucket: bucket1 of layout FILE_SYSTEM_OPTIMIZED in volume: volumefso1
2023-06-28 21:18:48,213 [Time-limited test] INFO  shell.TestOzoneShellHA (TestOzoneShellHA.java:execute(212)) - Executing OzoneShell command with args [key, put, o3://om-service-test1/volumefso1/bucket1/key1, /home/runner/work/ozone/ozone/hadoop-ozone/integration-test/target/test-dir/TestOzoneShellHA/testFile]
2023-06-28 21:18:48,296 [Time-limited test] INFO  shell.TestOzoneShellHA (TestOzoneShellHA.java:execute(212)) - Executing OzoneShell command with args [key, put, o3://om-service-test1/volumefso1/bucket1/key2, /home/runner/work/ozone/ozone/hadoop-ozone/integration-test/target/test-dir/TestOzoneShellHA/testFile]
2023-06-28 21:18:48,381 [Time-limited test] INFO  shell.TestOzoneShellHA (TestOzoneShellHA.java:execute(212)) - Executing OzoneShell command with args [key, put, o3://om-service-test1/volumefso1/bucket1/key3, /home/runner/work/ozone/ozone/hadoop-ozone/integration-test/target/test-dir/TestOzoneShellHA/testFile]
2023-06-28 21:18:48,465 [Time-limited test] INFO  shell.TestOzoneShellHA (TestOzoneShellHA.java:execute(212)) - Executing OzoneShell command with args [key, put, o3://om-service-test1/volumefso1/bucket1/key4, /home/runner/work/ozone/ozone/hadoop-ozone/integration-test/target/test-dir/TestOzoneShellHA/testFile]
2023-06-28 21:18:48,544 [Time-limited test] INFO  shell.TestOzoneShellHA (TestOzoneShellHA.java:execute(212)) - Executing OzoneShell command with args [key, put, o3://om-service-test1/volumefso1/bucket1/key5, /home/runner/work/ozone/ozone/hadoop-ozone/integration-test/target/test-dir/TestOzoneShellHA/testFile]
2023-06-28 21:18:48,622 [Time-limited test] INFO  shell.TestOzoneShellHA (TestOzoneShellHA.java:execute(212)) - Executing OzoneShell command with args [key, put, o3://om-service-test1/volumefso1/bucket1/key6, /home/runner/work/ozone/ozone/hadoop-ozone/integration-test/target/test-dir/TestOzoneShellHA/testFile]
2023-06-28 21:18:48,698 [Time-limited test] INFO  shell.TestOzoneShellHA (TestOzoneShellHA.java:execute(212)) - Executing OzoneShell command with args [key, put, o3://om-service-test1/volumefso1/bucket1/key7, /home/runner/work/ozone/ozone/hadoop-ozone/integration-test/target/test-dir/TestOzoneShellHA/testFile]
2023-06-28 21:18:48,718 [omNode-3@group-523986131536-FollowerState] INFO  server.RaftServerConfigKeys (ConfUtils.java:logFallback(53)) - raft.server.rpc.first-election.timeout.min = 1s (fallback to raft.server.rpc.timeout.min)
2023-06-28 21:18:48,718 [omNode-3@group-523986131536-FollowerState] INFO  server.RaftServerConfigKeys (ConfUtils.java:logFallback(53)) - raft.server.rpc.first-election.timeout.max = 1200ms (fallback to raft.server.rpc.timeout.max)
2023-06-28 21:18:48,791 [Time-limited test] INFO  shell.TestOzoneShellHA (TestOzoneShellHA.java:execute(212)) - Executing OzoneShell command with args [key, put, o3://om-service-test1/volumefso1/bucket1/key8, /home/runner/work/ozone/ozone/hadoop-ozone/integration-test/target/test-dir/TestOzoneShellHA/testFile]
2023-06-28 21:18:48,888 [Time-limited test] INFO  shell.TestOzoneShellHA (TestOzoneShellHA.java:execute(212)) - Executing OzoneShell command with args [key, put, o3://om-service-test1/volumefso1/bucket1/key9, /home/runner/work/ozone/ozone/hadoop-ozone/integration-test/target/test-dir/TestOzoneShellHA/testFile]
2023-06-28 21:18:48,990 [Time-limited test] INFO  shell.TestOzoneShellHA (TestOzoneShellHA.java:execute(212)) - Executing OzoneShell command with args [key, put, o3://om-service-test1/volumefso1/bucket1/key10, /home/runner/work/ozone/ozone/hadoop-ozone/integration-test/target/test-dir/TestOzoneShellHA/testFile]
2023-06-28 21:18:49,069 [Time-limited test] INFO  shell.TestOzoneShellHA (TestOzoneShellHA.java:execute(212)) - Executing OzoneShell command with args [key, put, o3://om-service-test1/volumefso1/bucket1/key11, /home/runner/work/ozone/ozone/hadoop-ozone/integration-test/target/test-dir/TestOzoneShellHA/testFile]
2023-06-28 21:18:49,149 [Time-limited test] INFO  shell.TestOzoneShellHA (TestOzoneShellHA.java:execute(212)) - Executing OzoneShell command with args [key, put, o3://om-service-test1/volumefso1/bucket1/key12, /home/runner/work/ozone/ozone/hadoop-ozone/integration-test/target/test-dir/TestOzoneShellHA/testFile]
2023-06-28 21:18:49,237 [Time-limited test] INFO  shell.TestOzoneShellHA (TestOzoneShellHA.java:execute(212)) - Executing OzoneShell command with args [key, put, o3://om-service-test1/volumefso1/bucket1/key13, /home/runner/work/ozone/ozone/hadoop-ozone/integration-test/target/test-dir/TestOzoneShellHA/testFile]
2023-06-28 21:18:49,327 [Time-limited test] INFO  shell.TestOzoneShellHA (TestOzoneShellHA.java:execute(212)) - Executing OzoneShell command with args [key, put, o3://om-service-test1/volumefso1/bucket1/key14, /home/runner/work/ozone/ozone/hadoop-ozone/integration-test/target/test-dir/TestOzoneShellHA/testFile]
2023-06-28 21:18:49,424 [Time-limited test] INFO  shell.TestOzoneShellHA (TestOzoneShellHA.java:execute(212)) - Executing OzoneShell command with args [key, put, o3://om-service-test1/volumefso1/bucket1/key15, /home/runner/work/ozone/ozone/hadoop-ozone/integration-test/target/test-dir/TestOzoneShellHA/testFile]
2023-06-28 21:18:49,499 [Time-limited test] INFO  shell.TestOzoneShellHA (TestOzoneShellHA.java:execute(212)) - Executing OzoneShell command with args [key, put, o3://om-service-test1/volumefso1/bucket1/key16, /home/runner/work/ozone/ozone/hadoop-ozone/integration-test/target/test-dir/TestOzoneShellHA/testFile]
2023-06-28 21:18:49,572 [Time-limited test] INFO  shell.TestOzoneShellHA (TestOzoneShellHA.java:execute(212)) - Executing OzoneShell command with args [key, put, o3://om-service-test1/volumefso1/bucket1/key17, /home/runner/work/ozone/ozone/hadoop-ozone/integration-test/target/test-dir/TestOzoneShellHA/testFile]
2023-06-28 21:18:49,667 [Time-limited test] INFO  shell.TestOzoneShellHA (TestOzoneShellHA.java:execute(212)) - Executing OzoneShell command with args [key, put, o3://om-service-test1/volumefso1/bucket1/key18, /home/runner/work/ozone/ozone/hadoop-ozone/integration-test/target/test-dir/TestOzoneShellHA/testFile]
2023-06-28 21:18:49,747 [Time-limited test] INFO  shell.TestOzoneShellHA (TestOzoneShellHA.java:execute(212)) - Executing OzoneShell command with args [key, put, o3://om-service-test1/volumefso1/bucket1/key19, /home/runner/work/ozone/ozone/hadoop-ozone/integration-test/target/test-dir/TestOzoneShellHA/testFile]
2023-06-28 21:18:49,837 [Time-limited test] INFO  shell.TestOzoneShellHA (TestOzoneShellHA.java:execute(212)) - Executing OzoneShell command with args [key, put, o3://om-service-test1/volumefso1/bucket1/key20, /home/runner/work/ozone/ozone/hadoop-ozone/integration-test/target/test-dir/TestOzoneShellHA/testFile]
2023-06-28 21:18:49,866 [omNode-3@group-523986131536-FollowerState] INFO  server.RaftServerConfigKeys (ConfUtils.java:logFallback(53)) - raft.server.rpc.first-election.timeout.min = 1s (fallback to raft.server.rpc.timeout.min)
2023-06-28 21:18:49,867 [omNode-3@group-523986131536-FollowerState] INFO  server.RaftServerConfigKeys (ConfUtils.java:logFallback(53)) - raft.server.rpc.first-election.timeout.max = 1200ms (fallback to raft.server.rpc.timeout.max)
2023-06-28 21:18:49,907 [Time-limited test] INFO  shell.TestOzoneShellHA (TestOzoneShellHA.java:execute(212)) - Executing OzoneShell command with args [key, put, o3://om-service-test1/volumefso1/bucket1/key21, /home/runner/work/ozone/ozone/hadoop-ozone/integration-test/target/test-dir/TestOzoneShellHA/testFile]
2023-06-28 21:18:49,982 [Time-limited test] INFO  shell.TestOzoneShellHA (TestOzoneShellHA.java:execute(212)) - Executing OzoneShell command with args [key, put, o3://om-service-test1/volumefso1/bucket1/key22, /home/runner/work/ozone/ozone/hadoop-ozone/integration-test/target/test-dir/TestOzoneShellHA/testFile]
2023-06-28 21:18:50,058 [Time-limited test] INFO  shell.TestOzoneShellHA (TestOzoneShellHA.java:execute(212)) - Executing OzoneShell command with args [key, put, o3://om-service-test1/volumefso1/bucket1/key23, /home/runner/work/ozone/ozone/hadoop-ozone/integration-test/target/test-dir/TestOzoneShellHA/testFile]
2023-06-28 21:18:50,137 [Time-limited test] INFO  shell.TestOzoneShellHA (TestOzoneShellHA.java:execute(212)) - Executing OzoneShell command with args [key, put, o3://om-service-test1/volumefso1/bucket1/key24, /home/runner/work/ozone/ozone/hadoop-ozone/integration-test/target/test-dir/TestOzoneShellHA/testFile]
2023-06-28 21:18:50,215 [Time-limited test] INFO  shell.TestOzoneShellHA (TestOzoneShellHA.java:execute(212)) - Executing OzoneShell command with args [key, put, o3://om-service-test1/volumefso1/bucket1/key25, /home/runner/work/ozone/ozone/hadoop-ozone/integration-test/target/test-dir/TestOzoneShellHA/testFile]
2023-06-28 21:18:50,285 [Time-limited test] INFO  shell.TestOzoneShellHA (TestOzoneShellHA.java:execute(212)) - Executing OzoneShell command with args [key, put, o3://om-service-test1/volumefso1/bucket1/key26, /home/runner/work/ozone/ozone/hadoop-ozone/integration-test/target/test-dir/TestOzoneShellHA/testFile]
2023-06-28 21:18:50,380 [Time-limited test] INFO  shell.TestOzoneShellHA (TestOzoneShellHA.java:execute(212)) - Executing OzoneShell command with args [key, put, o3://om-service-test1/volumefso1/bucket1/key27, /home/runner/work/ozone/ozone/hadoop-ozone/integration-test/target/test-dir/TestOzoneShellHA/testFile]
2023-06-28 21:18:50,459 [Time-limited test] INFO  shell.TestOzoneShellHA (TestOzoneShellHA.java:execute(212)) - Executing OzoneShell command with args [key, put, o3://om-service-test1/volumefso1/bucket1/key28, /home/runner/work/ozone/ozone/hadoop-ozone/integration-test/target/test-dir/TestOzoneShellHA/testFile]
2023-06-28 21:18:50,540 [Time-limited test] INFO  shell.TestOzoneShellHA (TestOzoneShellHA.java:execute(212)) - Executing OzoneShell command with args [key, put, o3://om-service-test1/volumefso1/bucket1/key29, /home/runner/work/ozone/ozone/hadoop-ozone/integration-test/target/test-dir/TestOzoneShellHA/testFile]
2023-06-28 21:18:50,630 [Time-limited test] INFO  shell.TestOzoneShellHA (TestOzoneShellHA.java:execute(212)) - Executing OzoneShell command with args [key, put, o3://om-service-test1/volumefso1/bucket1/key30, /home/runner/work/ozone/ozone/hadoop-ozone/integration-test/target/test-dir/TestOzoneShellHA/testFile]
2023-06-28 21:18:50,698 [Time-limited test] INFO  shell.TestOzoneShellHA (TestOzoneShellHA.java:execute(212)) - Executing OzoneShell command with args [key, put, o3://om-service-test1/volumefso1/bucket1/key31, /home/runner/work/ozone/ozone/hadoop-ozone/integration-test/target/test-dir/TestOzoneShellHA/testFile]
2023-06-28 21:18:50,771 [Time-limited test] INFO  shell.TestOzoneShellHA (TestOzoneShellHA.java:execute(212)) - Executing OzoneShell command with args [key, put, o3://om-service-test1/volumefso1/bucket1/key32, /home/runner/work/ozone/ozone/hadoop-ozone/integration-test/target/test-dir/TestOzoneShellHA/testFile]
2023-06-28 21:18:50,854 [Time-limited test] INFO  shell.TestOzoneShellHA (TestOzoneShellHA.java:execute(212)) - Executing OzoneShell command with args [key, put, o3://om-service-test1/volumefso1/bucket1/key33, /home/runner/work/ozone/ozone/hadoop-ozone/integration-test/target/test-dir/TestOzoneShellHA/testFile]
2023-06-28 21:18:50,924 [Time-limited test] INFO  shell.TestOzoneShellHA (TestOzoneShellHA.java:execute(212)) - Executing OzoneShell command with args [key, put, o3://om-service-test1/volumefso1/bucket1/key34, /home/runner/work/ozone/ozone/hadoop-ozone/integration-test/target/test-dir/TestOzoneShellHA/testFile]
2023-06-28 21:18:50,980 [omNode-3@group-523986131536-FollowerState] INFO  server.RaftServerConfigKeys (ConfUtils.java:logFallback(53)) - raft.server.rpc.first-election.timeout.min = 1s (fallback to raft.server.rpc.timeout.min)
2023-06-28 21:18:50,980 [omNode-3@group-523986131536-FollowerState] INFO  server.RaftServerConfigKeys (ConfUtils.java:logFallback(53)) - raft.server.rpc.first-election.timeout.max = 1200ms (fallback to raft.server.rpc.timeout.max)
2023-06-28 21:18:50,986 [Time-limited test] INFO  shell.TestOzoneShellHA (TestOzoneShellHA.java:execute(212)) - Executing OzoneShell command with args [key, put, o3://om-service-test1/volumefso1/bucket1/key35, /home/runner/work/ozone/ozone/hadoop-ozone/integration-test/target/test-dir/TestOzoneShellHA/testFile]
2023-06-28 21:18:51,058 [Time-limited test] INFO  shell.TestOzoneShellHA (TestOzoneShellHA.java:execute(212)) - Executing OzoneShell command with args [key, put, o3://om-service-test1/volumefso1/bucket1/key36, /home/runner/work/ozone/ozone/hadoop-ozone/integration-test/target/test-dir/TestOzoneShellHA/testFile]
2023-06-28 21:18:51,125 [Time-limited test] INFO  shell.TestOzoneShellHA (TestOzoneShellHA.java:execute(212)) - Executing OzoneShell command with args [key, put, o3://om-service-test1/volumefso1/bucket1/key37, /home/runner/work/ozone/ozone/hadoop-ozone/integration-test/target/test-dir/TestOzoneShellHA/testFile]
2023-06-28 21:18:51,197 [Time-limited test] INFO  shell.TestOzoneShellHA (TestOzoneShellHA.java:execute(212)) - Executing OzoneShell command with args [key, put, o3://om-service-test1/volumefso1/bucket1/key38, /home/runner/work/ozone/ozone/hadoop-ozone/integration-test/target/test-dir/TestOzoneShellHA/testFile]
2023-06-28 21:18:51,274 [Time-limited test] INFO  shell.TestOzoneShellHA (TestOzoneShellHA.java:execute(212)) - Executing OzoneShell command with args [key, put, o3://om-service-test1/volumefso1/bucket1/key39, /home/runner/work/ozone/ozone/hadoop-ozone/integration-test/target/test-dir/TestOzoneShellHA/testFile]
2023-06-28 21:18:51,345 [Time-limited test] INFO  shell.TestOzoneShellHA (TestOzoneShellHA.java:execute(212)) - Executing OzoneShell command with args [key, put, o3://om-service-test1/volumefso1/bucket1/key40, /home/runner/work/ozone/ozone/hadoop-ozone/integration-test/target/test-dir/TestOzoneShellHA/testFile]
2023-06-28 21:18:51,413 [Time-limited test] INFO  shell.TestOzoneShellHA (TestOzoneShellHA.java:execute(212)) - Executing OzoneShell command with args [key, put, o3://om-service-test1/volumefso1/bucket1/key41, /home/runner/work/ozone/ozone/hadoop-ozone/integration-test/target/test-dir/TestOzoneShellHA/testFile]
2023-06-28 21:18:51,478 [Time-limited test] INFO  shell.TestOzoneShellHA (TestOzoneShellHA.java:execute(212)) - Executing OzoneShell command with args [key, put, o3://om-service-test1/volumefso1/bucket1/key42, /home/runner/work/ozone/ozone/hadoop-ozone/integration-test/target/test-dir/TestOzoneShellHA/testFile]
2023-06-28 21:18:51,538 [Time-limited test] INFO  shell.TestOzoneShellHA (TestOzoneShellHA.java:execute(212)) - Executing OzoneShell command with args [key, put, o3://om-service-test1/volumefso1/bucket1/key43, /home/runner/work/ozone/ozone/hadoop-ozone/integration-test/target/test-dir/TestOzoneShellHA/testFile]
2023-06-28 21:18:51,606 [Time-limited test] INFO  shell.TestOzoneShellHA (TestOzoneShellHA.java:execute(212)) - Executing OzoneShell command with args [key, put, o3://om-service-test1/volumefso1/bucket1/key44, /home/runner/work/ozone/ozone/hadoop-ozone/integration-test/target/test-dir/TestOzoneShellHA/testFile]
2023-06-28 21:18:51,688 [Time-limited test] INFO  shell.TestOzoneShellHA (TestOzoneShellHA.java:execute(212)) - Executing OzoneShell command with args [key, put, o3://om-service-test1/volumefso1/bucket1/key45, /home/runner/work/ozone/ozone/hadoop-ozone/integration-test/target/test-dir/TestOzoneShellHA/testFile]
2023-06-28 21:18:51,763 [Time-limited test] INFO  shell.TestOzoneShellHA (TestOzoneShellHA.java:execute(212)) - Executing OzoneShell command with args [key, put, o3://om-service-test1/volumefso1/bucket1/key46, /home/runner/work/ozone/ozone/hadoop-ozone/integration-test/target/test-dir/TestOzoneShellHA/testFile]
2023-06-28 21:18:51,834 [Time-limited test] INFO  shell.TestOzoneShellHA (TestOzoneShellHA.java:execute(212)) - Executing OzoneShell command with args [key, put, o3://om-service-test1/volumefso1/bucket1/key47, /home/runner/work/ozone/ozone/hadoop-ozone/integration-test/target/test-dir/TestOzoneShellHA/testFile]
2023-06-28 21:18:51,901 [Time-limited test] INFO  shell.TestOzoneShellHA (TestOzoneShellHA.java:execute(212)) - Executing OzoneShell command with args [key, put, o3://om-service-test1/volumefso1/bucket1/key48, /home/runner/work/ozone/ozone/hadoop-ozone/integration-test/target/test-dir/TestOzoneShellHA/testFile]
2023-06-28 21:18:51,967 [Time-limited test] INFO  shell.TestOzoneShellHA (TestOzoneShellHA.java:execute(212)) - Executing OzoneShell command with args [key, put, o3://om-service-test1/volumefso1/bucket1/key49, /home/runner/work/ozone/ozone/hadoop-ozone/integration-test/target/test-dir/TestOzoneShellHA/testFile]
2023-06-28 21:18:52,036 [Time-limited test] INFO  shell.TestOzoneShellHA (TestOzoneShellHA.java:execute(212)) - Executing OzoneShell command with args [key, put, o3://om-service-test1/volumefso1/bucket1/key50, /home/runner/work/ozone/ozone/hadoop-ozone/integration-test/target/test-dir/TestOzoneShellHA/testFile]
2023-06-28 21:18:52,093 [omNode-3@group-523986131536-FollowerState] INFO  server.RaftServerConfigKeys (ConfUtils.java:logFallback(53)) - raft.server.rpc.first-election.timeout.min = 1s (fallback to raft.server.rpc.timeout.min)
2023-06-28 21:18:52,093 [omNode-3@group-523986131536-FollowerState] INFO  server.RaftServerConfigKeys (ConfUtils.java:logFallback(53)) - raft.server.rpc.first-election.timeout.max = 1200ms (fallback to raft.server.rpc.timeout.max)
2023-06-28 21:18:52,108 [Time-limited test] INFO  shell.TestOzoneShellHA (TestOzoneShellHA.java:execute(212)) - Executing OzoneShell command with args [key, put, o3://om-service-test1/volumefso1/bucket1/key51, /home/runner/work/ozone/ozone/hadoop-ozone/integration-test/target/test-dir/TestOzoneShellHA/testFile]
2023-06-28 21:18:52,171 [Time-limited test] INFO  shell.TestOzoneShellHA (TestOzoneShellHA.java:execute(212)) - Executing OzoneShell command with args [key, put, o3://om-service-test1/volumefso1/bucket1/key52, /home/runner/work/ozone/ozone/hadoop-ozone/integration-test/target/test-dir/TestOzoneShellHA/testFile]
2023-06-28 21:18:52,234 [Time-limited test] INFO  shell.TestOzoneShellHA (TestOzoneShellHA.java:execute(212)) - Executing OzoneShell command with args [key, put, o3://om-service-test1/volumefso1/bucket1/key53, /home/runner/work/ozone/ozone/hadoop-ozone/integration-test/target/test-dir/TestOzoneShellHA/testFile]
2023-06-28 21:18:52,300 [Time-limited test] INFO  shell.TestOzoneShellHA (TestOzoneShellHA.java:execute(212)) - Executing OzoneShell command with args [key, put, o3://om-service-test1/volumefso1/bucket1/key54, /home/runner/work/ozone/ozone/hadoop-ozone/integration-test/target/test-dir/TestOzoneShellHA/testFile]
2023-06-28 21:18:52,368 [Time-limited test] INFO  shell.TestOzoneShellHA (TestOzoneShellHA.java:execute(212)) - Executing OzoneShell command with args [key, put, o3://om-service-test1/volumefso1/bucket1/key55, /home/runner/work/ozone/ozone/hadoop-ozone/integration-test/target/test-dir/TestOzoneShellHA/testFile]
2023-06-28 21:18:52,433 [Time-limited test] INFO  shell.TestOzoneShellHA (TestOzoneShellHA.java:execute(212)) - Executing OzoneShell command with args [key, put, o3://om-service-test1/volumefso1/bucket1/key56, /home/runner/work/ozone/ozone/hadoop-ozone/integration-test/target/test-dir/TestOzoneShellHA/testFile]
2023-06-28 21:18:52,568 [JvmPauseMonitor3] WARN  util.JvmPauseMonitor (JvmPauseMonitor.java:detectPause(124)) - JvmPauseMonitor-omNode-3: Detected pause in JVM or host machine approximately 0.112s with 0.113s GC time.
GC pool 'PS Scavenge' had collection(s): count=1 time=113ms
2023-06-28 21:18:52,681 [Time-limited test] INFO  shell.TestOzoneShellHA (TestOzoneShellHA.java:execute(212)) - Executing OzoneShell command with args [key, put, o3://om-service-test1/volumefso1/bucket1/key57, /home/runner/work/ozone/ozone/hadoop-ozone/integration-test/target/test-dir/TestOzoneShellHA/testFile]
2023-06-28 21:18:52,785 [Time-limited test] INFO  shell.TestOzoneShellHA (TestOzoneShellHA.java:execute(212)) - Executing OzoneShell command with args [key, put, o3://om-service-test1/volumefso1/bucket1/key58, /home/runner/work/ozone/ozone/hadoop-ozone/integration-test/target/test-dir/TestOzoneShellHA/testFile]
2023-06-28 21:18:52,855 [Time-limited test] INFO  shell.TestOzoneShellHA (TestOzoneShellHA.java:execute(212)) - Executing OzoneShell command with args [key, put, o3://om-service-test1/volumefso1/bucket1/key59, /home/runner/work/ozone/ozone/hadoop-ozone/integration-test/target/test-dir/TestOzoneShellHA/testFile]
2023-06-28 21:18:52,933 [Time-limited test] INFO  shell.TestOzoneShellHA (TestOzoneShellHA.java:execute(212)) - Executing OzoneShell command with args [key, put, o3://om-service-test1/volumefso1/bucket1/key60, /home/runner/work/ozone/ozone/hadoop-ozone/integration-test/target/test-dir/TestOzoneShellHA/testFile]
2023-06-28 21:18:52,994 [Time-limited test] INFO  shell.TestOzoneShellHA (TestOzoneShellHA.java:execute(212)) - Executing OzoneShell command with args [key, put, o3://om-service-test1/volumefso1/bucket1/key61, /home/runner/work/ozone/ozone/hadoop-ozone/integration-test/target/test-dir/TestOzoneShellHA/testFile]
2023-06-28 21:18:53,057 [Time-limited test] INFO  shell.TestOzoneShellHA (TestOzoneShellHA.java:execute(212)) - Executing OzoneShell command with args [key, put, o3://om-service-test1/volumefso1/bucket1/key62, /home/runner/work/ozone/ozone/hadoop-ozone/integration-test/target/test-dir/TestOzoneShellHA/testFile]
2023-06-28 21:18:53,122 [omNode-3@group-523986131536-FollowerState] INFO  server.RaftServerConfigKeys (ConfUtils.java:logFallback(53)) - raft.server.rpc.first-election.timeout.min = 1s (fallback to raft.server.rpc.timeout.min)
2023-06-28 21:18:53,122 [omNode-3@group-523986131536-FollowerState] INFO  server.RaftServerConfigKeys (ConfUtils.java:logFallback(53)) - raft.server.rpc.first-election.timeout.max = 1200ms (fallback to raft.server.rpc.timeout.max)
2023-06-28 21:18:53,123 [Time-limited test] INFO  shell.TestOzoneShellHA (TestOzoneShellHA.java:execute(212)) - Executing OzoneShell command with args [key, put, o3://om-service-test1/volumefso1/bucket1/key63, /home/runner/work/ozone/ozone/hadoop-ozone/integration-test/target/test-dir/TestOzoneShellHA/testFile]
2023-06-28 21:18:53,193 [Time-limited test] INFO  shell.TestOzoneShellHA (TestOzoneShellHA.java:execute(212)) - Executing OzoneShell command with args [key, put, o3://om-service-test1/volumefso1/bucket1/key64, /home/runner/work/ozone/ozone/hadoop-ozone/integration-test/target/test-dir/TestOzoneShellHA/testFile]
2023-06-28 21:18:53,259 [Time-limited test] INFO  shell.TestOzoneShellHA (TestOzoneShellHA.java:execute(212)) - Executing OzoneShell command with args [key, put, o3://om-service-test1/volumefso1/bucket1/key65, /home/runner/work/ozone/ozone/hadoop-ozone/integration-test/target/test-dir/TestOzoneShellHA/testFile]
2023-06-28 21:18:53,328 [Time-limited test] INFO  shell.TestOzoneShellHA (TestOzoneShellHA.java:execute(212)) - Executing OzoneShell command with args [key, put, o3://om-service-test1/volumefso1/bucket1/key66, /home/runner/work/ozone/ozone/hadoop-ozone/integration-test/target/test-dir/TestOzoneShellHA/testFile]
2023-06-28 21:18:53,395 [Time-limited test] INFO  shell.TestOzoneShellHA (TestOzoneShellHA.java:execute(212)) - Executing OzoneShell command with args [key, put, o3://om-service-test1/volumefso1/bucket1/key67, /home/runner/work/ozone/ozone/hadoop-ozone/integration-test/target/test-dir/TestOzoneShellHA/testFile]
2023-06-28 21:18:53,457 [Time-limited test] INFO  shell.TestOzoneShellHA (TestOzoneShellHA.java:execute(212)) - Executing OzoneShell command with args [key, put, o3://om-service-test1/volumefso1/bucket1/key68, /home/runner/work/ozone/ozone/hadoop-ozone/integration-test/target/test-dir/TestOzoneShellHA/testFile]
2023-06-28 21:18:53,542 [Time-limited test] INFO  shell.TestOzoneShellHA (TestOzoneShellHA.java:execute(212)) - Executing OzoneShell command with args [key, put, o3://om-service-test1/volumefso1/bucket1/key69, /home/runner/work/ozone/ozone/hadoop-ozone/integration-test/target/test-dir/TestOzoneShellHA/testFile]
2023-06-28 21:18:53,608 [Time-limited test] INFO  shell.TestOzoneShellHA (TestOzoneShellHA.java:execute(212)) - Executing OzoneShell command with args [key, put, o3://om-service-test1/volumefso1/bucket1/key70, /home/runner/work/ozone/ozone/hadoop-ozone/integration-test/target/test-dir/TestOzoneShellHA/testFile]
2023-06-28 21:18:53,676 [Time-limited test] INFO  shell.TestOzoneShellHA (TestOzoneShellHA.java:execute(212)) - Executing OzoneShell command with args [key, put, o3://om-service-test1/volumefso1/bucket1/key71, /home/runner/work/ozone/ozone/hadoop-ozone/integration-test/target/test-dir/TestOzoneShellHA/testFile]
2023-06-28 21:18:53,739 [Time-limited test] INFO  shell.TestOzoneShellHA (TestOzoneShellHA.java:execute(212)) - Executing OzoneShell command with args [key, put, o3://om-service-test1/volumefso1/bucket1/key72, /home/runner/work/ozone/ozone/hadoop-ozone/integration-test/target/test-dir/TestOzoneShellHA/testFile]
2023-06-28 21:18:53,809 [Time-limited test] INFO  shell.TestOzoneShellHA (TestOzoneShellHA.java:execute(212)) - Executing OzoneShell command with args [key, put, o3://om-service-test1/volumefso1/bucket1/key73, /home/runner/work/ozone/ozone/hadoop-ozone/integration-test/target/test-dir/TestOzoneShellHA/testFile]
2023-06-28 21:18:53,880 [Time-limited test] INFO  shell.TestOzoneShellHA (TestOzoneShellHA.java:execute(212)) - Executing OzoneShell command with args [key, put, o3://om-service-test1/volumefso1/bucket1/key74, /home/runner/work/ozone/ozone/hadoop-ozone/integration-test/target/test-dir/TestOzoneShellHA/testFile]
2023-06-28 21:18:53,961 [Time-limited test] INFO  shell.TestOzoneShellHA (TestOzoneShellHA.java:execute(212)) - Executing OzoneShell command with args [key, put, o3://om-service-test1/volumefso1/bucket1/key75, /home/runner/work/ozone/ozone/hadoop-ozone/integration-test/target/test-dir/TestOzoneShellHA/testFile]
2023-06-28 21:18:54,041 [Time-limited test] INFO  shell.TestOzoneShellHA (TestOzoneShellHA.java:execute(212)) - Executing OzoneShell command with args [key, put, o3://om-service-test1/volumefso1/bucket1/key76, /home/runner/work/ozone/ozone/hadoop-ozone/integration-test/target/test-dir/TestOzoneShellHA/testFile]
2023-06-28 21:18:54,105 [Time-limited test] INFO  shell.TestOzoneShellHA (TestOzoneShellHA.java:execute(212)) - Executing OzoneShell command with args [key, put, o3://om-service-test1/volumefso1/bucket1/key77, /home/runner/work/ozone/ozone/hadoop-ozone/integration-test/target/test-dir/TestOzoneShellHA/testFile]
2023-06-28 21:18:54,172 [Time-limited test] INFO  shell.TestOzoneShellHA (TestOzoneShellHA.java:execute(212)) - Executing OzoneShell command with args [key, put, o3://om-service-test1/volumefso1/bucket1/key78, /home/runner/work/ozone/ozone/hadoop-ozone/integration-test/target/test-dir/TestOzoneShellHA/testFile]
2023-06-28 21:18:54,173 [omNode-3@group-523986131536-FollowerState] INFO  server.RaftServerConfigKeys (ConfUtils.java:logFallback(53)) - raft.server.rpc.first-election.timeout.min = 1s (fallback to raft.server.rpc.timeout.min)
2023-06-28 21:18:54,173 [omNode-3@group-523986131536-FollowerState] INFO  server.RaftServerConfigKeys (ConfUtils.java:logFallback(53)) - raft.server.rpc.first-election.timeout.max = 1200ms (fallback to raft.server.rpc.timeout.max)
2023-06-28 21:18:54,246 [Time-limited test] INFO  shell.TestOzoneShellHA (TestOzoneShellHA.java:execute(212)) - Executing OzoneShell command with args [key, put, o3://om-service-test1/volumefso1/bucket1/key79, /home/runner/work/ozone/ozone/hadoop-ozone/integration-test/target/test-dir/TestOzoneShellHA/testFile]
2023-06-28 21:18:54,311 [Time-limited test] INFO  shell.TestOzoneShellHA (TestOzoneShellHA.java:execute(212)) - Executing OzoneShell command with args [key, put, o3://om-service-test1/volumefso1/bucket1/key80, /home/runner/work/ozone/ozone/hadoop-ozone/integration-test/target/test-dir/TestOzoneShellHA/testFile]
2023-06-28 21:18:54,381 [Time-limited test] INFO  shell.TestOzoneShellHA (TestOzoneShellHA.java:execute(212)) - Executing OzoneShell command with args [key, put, o3://om-service-test1/volumefso1/bucket1/key81, /home/runner/work/ozone/ozone/hadoop-ozone/integration-test/target/test-dir/TestOzoneShellHA/testFile]
2023-06-28 21:18:54,449 [Time-limited test] INFO  shell.TestOzoneShellHA (TestOzoneShellHA.java:execute(212)) - Executing OzoneShell command with args [key, put, o3://om-service-test1/volumefso1/bucket1/key82, /home/runner/work/ozone/ozone/hadoop-ozone/integration-test/target/test-dir/TestOzoneShellHA/testFile]
2023-06-28 21:18:54,517 [Time-limited test] INFO  shell.TestOzoneShellHA (TestOzoneShellHA.java:execute(212)) - Executing OzoneShell command with args [key, put, o3://om-service-test1/volumefso1/bucket1/key83, /home/runner/work/ozone/ozone/hadoop-ozone/integration-test/target/test-dir/TestOzoneShellHA/testFile]
2023-06-28 21:18:54,593 [Time-limited test] INFO  shell.TestOzoneShellHA (TestOzoneShellHA.java:execute(212)) - Executing OzoneShell command with args [key, put, o3://om-service-test1/volumefso1/bucket1/key84, /home/runner/work/ozone/ozone/hadoop-ozone/integration-test/target/test-dir/TestOzoneShellHA/testFile]
2023-06-28 21:18:54,664 [Time-limited test] INFO  shell.TestOzoneShellHA (TestOzoneShellHA.java:execute(212)) - Executing OzoneShell command with args [key, put, o3://om-service-test1/volumefso1/bucket1/key85, /home/runner/work/ozone/ozone/hadoop-ozone/integration-test/target/test-dir/TestOzoneShellHA/testFile]
2023-06-28 21:18:54,727 [Time-limited test] INFO  shell.TestOzoneShellHA (TestOzoneShellHA.java:execute(212)) - Executing OzoneShell command with args [key, put, o3://om-service-test1/volumefso1/bucket1/key86, /home/runner/work/ozone/ozone/hadoop-ozone/integration-test/target/test-dir/TestOzoneShellHA/testFile]
2023-06-28 21:18:54,788 [Time-limited test] INFO  shell.TestOzoneShellHA (TestOzoneShellHA.java:execute(212)) - Executing OzoneShell command with args [key, put, o3://om-service-test1/volumefso1/bucket1/key87, /home/runner/work/ozone/ozone/hadoop-ozone/integration-test/target/test-dir/TestOzoneShellHA/testFile]
2023-06-28 21:18:54,850 [Time-limited test] INFO  shell.TestOzoneShellHA (TestOzoneShellHA.java:execute(212)) - Executing OzoneShell command with args [key, put, o3://om-service-test1/volumefso1/bucket1/key88, /home/runner/work/ozone/ozone/hadoop-ozone/integration-test/target/test-dir/TestOzoneShellHA/testFile]
2023-06-28 21:18:54,912 [Time-limited test] INFO  shell.TestOzoneShellHA (TestOzoneShellHA.java:execute(212)) - Executing OzoneShell command with args [key, put, o3://om-service-test1/volumefso1/bucket1/key89, /home/runner/work/ozone/ozone/hadoop-ozone/integration-test/target/test-dir/TestOzoneShellHA/testFile]
2023-06-28 21:18:54,979 [Time-limited test] INFO  shell.TestOzoneShellHA (TestOzoneShellHA.java:execute(212)) - Executing OzoneShell command with args [key, put, o3://om-service-test1/volumefso1/bucket1/key90, /home/runner/work/ozone/ozone/hadoop-ozone/integration-test/target/test-dir/TestOzoneShellHA/testFile]
2023-06-28 21:18:55,040 [Time-limited test] INFO  shell.TestOzoneShellHA (TestOzoneShellHA.java:execute(212)) - Executing OzoneShell command with args [key, put, o3://om-service-test1/volumefso1/bucket1/key91, /home/runner/work/ozone/ozone/hadoop-ozone/integration-test/target/test-dir/TestOzoneShellHA/testFile]
2023-06-28 21:18:55,099 [Time-limited test] INFO  shell.TestOzoneShellHA (TestOzoneShellHA.java:execute(212)) - Executing OzoneShell command with args [key, put, o3://om-service-test1/volumefso1/bucket1/key92, /home/runner/work/ozone/ozone/hadoop-ozone/integration-test/target/test-dir/TestOzoneShellHA/testFile]
2023-06-28 21:18:55,167 [Time-limited test] INFO  shell.TestOzoneShellHA (TestOzoneShellHA.java:execute(212)) - Executing OzoneShell command with args [key, put, o3://om-service-test1/volumefso1/bucket1/key93, /home/runner/work/ozone/ozone/hadoop-ozone/integration-test/target/test-dir/TestOzoneShellHA/testFile]
2023-06-28 21:18:55,229 [Time-limited test] INFO  shell.TestOzoneShellHA (TestOzoneShellHA.java:execute(212)) - Executing OzoneShell command with args [key, put, o3://om-service-test1/volumefso1/bucket1/key94, /home/runner/work/ozone/ozone/hadoop-ozone/integration-test/target/test-dir/TestOzoneShellHA/testFile]
2023-06-28 21:18:55,242 [omNode-3@group-523986131536-FollowerState] INFO  server.RaftServerConfigKeys (ConfUtils.java:logFallback(53)) - raft.server.rpc.first-election.timeout.min = 1s (fallback to raft.server.rpc.timeout.min)
2023-06-28 21:18:55,242 [omNode-3@group-523986131536-FollowerState] INFO  server.RaftServerConfigKeys (ConfUtils.java:logFallback(53)) - raft.server.rpc.first-election.timeout.max = 1200ms (fallback to raft.server.rpc.timeout.max)
2023-06-28 21:18:55,284 [Time-limited test] INFO  shell.TestOzoneShellHA (TestOzoneShellHA.java:execute(212)) - Executing OzoneShell command with args [key, put, o3://om-service-test1/volumefso1/bucket1/key95, /home/runner/work/ozone/ozone/hadoop-ozone/integration-test/target/test-dir/TestOzoneShellHA/testFile]
2023-06-28 21:18:55,342 [Time-limited test] INFO  shell.TestOzoneShellHA (TestOzoneShellHA.java:execute(212)) - Executing OzoneShell command with args [key, put, o3://om-service-test1/volumefso1/bucket1/key96, /home/runner/work/ozone/ozone/hadoop-ozone/integration-test/target/test-dir/TestOzoneShellHA/testFile]
2023-06-28 21:18:55,409 [Time-limited test] INFO  shell.TestOzoneShellHA (TestOzoneShellHA.java:execute(212)) - Executing OzoneShell command with args [key, put, o3://om-service-test1/volumefso1/bucket1/key97, /home/runner/work/ozone/ozone/hadoop-ozone/integration-test/target/test-dir/TestOzoneShellHA/testFile]
2023-06-28 21:18:55,466 [Time-limited test] INFO  shell.TestOzoneShellHA (TestOzoneShellHA.java:execute(212)) - Executing OzoneShell command with args [key, put, o3://om-service-test1/volumefso1/bucket1/key98, /home/runner/work/ozone/ozone/hadoop-ozone/integration-test/target/test-dir/TestOzoneShellHA/testFile]
2023-06-28 21:18:55,527 [Time-limited test] INFO  shell.TestOzoneShellHA (TestOzoneShellHA.java:execute(212)) - Executing OzoneShell command with args [key, put, o3://om-service-test1/volumefso1/bucket1/key99, /home/runner/work/ozone/ozone/hadoop-ozone/integration-test/target/test-dir/TestOzoneShellHA/testFile]
2023-06-28 21:18:55,586 [Time-limited test] INFO  shell.TestOzoneShellHA (TestOzoneShellHA.java:execute(212)) - Executing OzoneShell command with args [--set=ozone.fs.trash.interval=1, key, delete, /volumefso1/bucket1/key4]
21:18:55.634 [IPC Server handler 13 on default port 15004] ERROR OMAudit - user=runner | ip=127.0.0.1 | op=READ_KEY {volume=volumefso1, bucket=bucket1, key=/.Trash/runner/Current/key4, dataSize=0, replicationConfig=null} | ret=FAILURE
org.apache.hadoop.ozone.om.exceptions.OMException: Key:.Trash/runner/Current/key4 not found
	at org.apache.hadoop.ozone.om.KeyManagerImpl.readKeyInfo(KeyManagerImpl.java:427) ~[ozone-manager-1.4.0-SNAPSHOT.jar:?]
	at org.apache.hadoop.ozone.om.KeyManagerImpl.lambda$9(KeyManagerImpl.java:1922) ~[ozone-manager-1.4.0-SNAPSHOT.jar:?]
	at org.apache.hadoop.util.MetricUtil.captureLatencyNs(MetricUtil.java:39) ~[hdds-common-1.4.0-SNAPSHOT.jar:?]
	at org.apache.hadoop.ozone.om.KeyManagerImpl.getKeyInfo(KeyManagerImpl.java:1920) ~[ozone-manager-1.4.0-SNAPSHOT.jar:?]
	at org.apache.hadoop.ozone.om.OmMetadataReader.getKeyInfo(OmMetadataReader.java:209) ~[ozone-manager-1.4.0-SNAPSHOT.jar:?]
	at org.apache.hadoop.ozone.om.OzoneManager.getKeyInfo(OzoneManager.java:2808) ~[ozone-manager-1.4.0-SNAPSHOT.jar:?]
	at org.apache.hadoop.ozone.protocolPB.OzoneManagerRequestHandler.getKeyInfo(OzoneManagerRequestHandler.java:572) ~[ozone-manager-1.4.0-SNAPSHOT.jar:?]
	at org.apache.hadoop.ozone.protocolPB.OzoneManagerRequestHandler.handleReadRequest(OzoneManagerRequestHandler.java:302) ~[ozone-manager-1.4.0-SNAPSHOT.jar:?]
	at org.apache.hadoop.ozone.protocolPB.OzoneManagerProtocolServerSideTranslatorPB.submitReadRequestToOM(OzoneManagerProtocolServerSideTranslatorPB.java:223) ~[ozone-manager-1.4.0-SNAPSHOT.jar:?]
	at org.apache.hadoop.ozone.protocolPB.OzoneManagerProtocolServerSideTranslatorPB.processRequest(OzoneManagerProtocolServerSideTranslatorPB.java:177) ~[ozone-manager-1.4.0-SNAPSHOT.jar:?]
	at org.apache.hadoop.hdds.server.OzoneProtocolMessageDispatcher.processRequest(OzoneProtocolMessageDispatcher.java:87) [hdds-server-framework-1.4.0-SNAPSHOT.jar:?]
	at org.apache.hadoop.ozone.protocolPB.OzoneManagerProtocolServerSideTranslatorPB.submitRequest(OzoneManagerProtocolServerSideTranslatorPB.java:147) [ozone-manager-1.4.0-SNAPSHOT.jar:?]
	at org.apache.hadoop.ozone.protocol.proto.OzoneManagerProtocolProtos$OzoneManagerService$2.callBlockingMethod(OzoneManagerProtocolProtos.java) [ozone-interface-client-1.4.0-SNAPSHOT.jar:?]
	at org.apache.hadoop.ipc.ProtobufRpcEngine$Server.processCall(ProtobufRpcEngine.java:484) [hadoop-common-3.3.6.jar:?]
	at org.apache.hadoop.ipc.ProtobufRpcEngine2$Server$ProtoBufRpcInvoker.call(ProtobufRpcEngine2.java:595) [hadoop-common-3.3.6.jar:?]
	at org.apache.hadoop.ipc.ProtobufRpcEngine2$Server$ProtoBufRpcInvoker.call(ProtobufRpcEngine2.java:573) [hadoop-common-3.3.6.jar:?]
	at org.apache.hadoop.ipc.RPC$Server.call(RPC.java:1227) [hadoop-common-3.3.6.jar:?]
	at org.apache.hadoop.ipc.Server$RpcCall.run(Server.java:1094) [hadoop-common-3.3.6.jar:?]
	at org.apache.hadoop.ipc.Server$RpcCall.run(Server.java:1017) [hadoop-common-3.3.6.jar:?]
	at java.security.AccessController.doPrivileged(Native Method) ~[?:1.8.0_372]
	at javax.security.auth.Subject.doAs(Subject.java:422) [?:1.8.0_372]
	at org.apache.hadoop.security.UserGroupInformation.doAs(UserGroupInformation.java:1899) [hadoop-common-3.3.6.jar:?]
	at org.apache.hadoop.ipc.Server$Handler.run(Server.java:3048) [hadoop-common-3.3.6.jar:?]
21:18:55.636 [IPC Server handler 14 on default port 15004] ERROR OMAudit - user=runner | ip=127.0.0.1 | op=READ_KEY {volume=volumefso1, bucket=bucket1, key=/.Trash/runner/Current, dataSize=0, replicationConfig=null} | ret=FAILURE
org.apache.hadoop.ozone.om.exceptions.OMException: Key:.Trash/runner/Current not found
	at org.apache.hadoop.ozone.om.KeyManagerImpl.readKeyInfo(KeyManagerImpl.java:427) ~[ozone-manager-1.4.0-SNAPSHOT.jar:?]
	at org.apache.hadoop.ozone.om.KeyManagerImpl.lambda$9(KeyManagerImpl.java:1922) ~[ozone-manager-1.4.0-SNAPSHOT.jar:?]
	at org.apache.hadoop.util.MetricUtil.captureLatencyNs(MetricUtil.java:39) ~[hdds-common-1.4.0-SNAPSHOT.jar:?]
	at org.apache.hadoop.ozone.om.KeyManagerImpl.getKeyInfo(KeyManagerImpl.java:1920) ~[ozone-manager-1.4.0-SNAPSHOT.jar:?]
	at org.apache.hadoop.ozone.om.OmMetadataReader.getKeyInfo(OmMetadataReader.java:209) ~[ozone-manager-1.4.0-SNAPSHOT.jar:?]
	at org.apache.hadoop.ozone.om.OzoneManager.getKeyInfo(OzoneManager.java:2808) ~[ozone-manager-1.4.0-SNAPSHOT.jar:?]
	at org.apache.hadoop.ozone.protocolPB.OzoneManagerRequestHandler.getKeyInfo(OzoneManagerRequestHandler.java:572) ~[ozone-manager-1.4.0-SNAPSHOT.jar:?]
	at org.apache.hadoop.ozone.protocolPB.OzoneManagerRequestHandler.handleReadRequest(OzoneManagerRequestHandler.java:302) ~[ozone-manager-1.4.0-SNAPSHOT.jar:?]
	at org.apache.hadoop.ozone.protocolPB.OzoneManagerProtocolServerSideTranslatorPB.submitReadRequestToOM(OzoneManagerProtocolServerSideTranslatorPB.java:223) ~[ozone-manager-1.4.0-SNAPSHOT.jar:?]
	at org.apache.hadoop.ozone.protocolPB.OzoneManagerProtocolServerSideTranslatorPB.processRequest(OzoneManagerProtocolServerSideTranslatorPB.java:177) ~[ozone-manager-1.4.0-SNAPSHOT.jar:?]
	at org.apache.hadoop.hdds.server.OzoneProtocolMessageDispatcher.processRequest(OzoneProtocolMessageDispatcher.java:87) [hdds-server-framework-1.4.0-SNAPSHOT.jar:?]
	at org.apache.hadoop.ozone.protocolPB.OzoneManagerProtocolServerSideTranslatorPB.submitRequest(OzoneManagerProtocolServerSideTranslatorPB.java:147) [ozone-manager-1.4.0-SNAPSHOT.jar:?]
	at org.apache.hadoop.ozone.protocol.proto.OzoneManagerProtocolProtos$OzoneManagerService$2.callBlockingMethod(OzoneManagerProtocolProtos.java) [ozone-interface-client-1.4.0-SNAPSHOT.jar:?]
	at org.apache.hadoop.ipc.ProtobufRpcEngine$Server.processCall(ProtobufRpcEngine.java:484) [hadoop-common-3.3.6.jar:?]
	at org.apache.hadoop.ipc.ProtobufRpcEngine2$Server$ProtoBufRpcInvoker.call(ProtobufRpcEngine2.java:595) [hadoop-common-3.3.6.jar:?]
	at org.apache.hadoop.ipc.ProtobufRpcEngine2$Server$ProtoBufRpcInvoker.call(ProtobufRpcEngine2.java:573) [hadoop-common-3.3.6.jar:?]
	at org.apache.hadoop.ipc.RPC$Server.call(RPC.java:1227) [hadoop-common-3.3.6.jar:?]
	at org.apache.hadoop.ipc.Server$RpcCall.run(Server.java:1094) [hadoop-common-3.3.6.jar:?]
	at org.apache.hadoop.ipc.Server$RpcCall.run(Server.java:1017) [hadoop-common-3.3.6.jar:?]
	at java.security.AccessController.doPrivileged(Native Method) ~[?:1.8.0_372]
	at javax.security.auth.Subject.doAs(Subject.java:422) [?:1.8.0_372]
	at org.apache.hadoop.security.UserGroupInformation.doAs(UserGroupInformation.java:1899) [hadoop-common-3.3.6.jar:?]
	at org.apache.hadoop.ipc.Server$Handler.run(Server.java:3048) [hadoop-common-3.3.6.jar:?]
2023-06-28 21:18:55,666 [Time-limited test] INFO  shell.TestOzoneShellHA (TestOzoneShellHA.java:execute(212)) - Executing OzoneShell command with args [key, list, --prefix=.Trash, o3://om-service-test1/volumefso1/bucket1/]
2023-06-28 21:18:55,779 [Time-limited test] INFO  shell.TestOzoneShellHA (TestOzoneShellHA.java:execute(212)) - Executing OzoneShell command with args [key, list, o3://om-service-test1/volumefso1/bucket1/, -l , 110]
2023-06-28 21:18:55,889 [Time-limited test] INFO  shell.TestOzoneShellHA (TestOzoneShellHA.java:execute(212)) - Executing OzoneShell command with args [--set=ozone.fs.trash.interval=1, key, delete, /volumefso1/bucket1/key5, --skipTrash]
2023-06-28 21:18:55,924 [Time-limited test] INFO  shell.TestOzoneShellHA (TestOzoneShellHA.java:execute(212)) - Executing OzoneShell command with args [key, list, --prefix=.Trash, o3://om-service-test1/volumefso1/bucket1/]
2023-06-28 21:18:55,982 [Time-limited test] INFO  shell.TestOzoneShellHA (TestOzoneShellHA.java:execute(212)) - Executing OzoneShell command with args [key, list, o3://om-service-test1/volumefso1/bucket1/, -l , 110]
2023-06-28 21:18:56,064 [Time-limited test] INFO  shell.TestOzoneShellHA (TestOzoneShellHA.java:execute(212)) - Executing OzoneShell command with args [--set=ozone.fs.trash.interval=1, key, delete, /volumefso1/bucket1//.Trash/runner/Current/key4]
2023-06-28 21:18:56,096 [Time-limited test] INFO  shell.TestOzoneShellHA (TestOzoneShellHA.java:execute(212)) - Executing OzoneShell command with args [key, list, o3://om-service-test1/volumefso1/bucket1/, -l , 110]
2023-06-28 21:18:56,168 [Time-limited test] INFO  shell.TestOzoneShellHA (TestOzoneShellHA.java:execute(212)) - Executing OzoneShell command with args [--set=ozone.fs.trash.interval=1, key, delete, /volumefso1/bucket1//.Trash/runner/Current/key4, --skipTrash]
2023-06-28 21:18:56,209 [Time-limited test] INFO  shell.TestOzoneShellHA (TestOzoneShellHA.java:execute(212)) - Executing OzoneShell command with args [key, list, o3://om-service-test1/volumefso1/bucket1/, -l , 110]
]]></system-out>
  </testcase>
  <testcase name="testCreateBucketWithECReplicationConfig" classname="org.apache.hadoop.ozone.shell.TestOzoneShellHA" time="1.049">
    <system-out><![CDATA[2023-06-28 21:18:56,341 [omNode-3@group-523986131536-FollowerState] INFO  server.RaftServerConfigKeys (ConfUtils.java:logFallback(53)) - raft.server.rpc.first-election.timeout.min = 1s (fallback to raft.server.rpc.timeout.min)
2023-06-28 21:18:56,341 [omNode-3@group-523986131536-FollowerState] INFO  server.RaftServerConfigKeys (ConfUtils.java:logFallback(53)) - raft.server.rpc.first-election.timeout.max = 1200ms (fallback to raft.server.rpc.timeout.max)
2023-06-28 21:18:57,024 [Time-limited test] INFO  shell.TestOzoneShellHA (TestOzoneShellHA.java:execute(212)) - Executing OzoneShell command with args [volume, create, o3://om-service-test1/volume100]
2023-06-28 21:18:57,050 [Time-limited test] INFO  rpc.RpcClient (RpcClient.java:createVolume(460)) - Creating Volume: volume100, with runner as owner and space quota set to -1 bytes, counts quota set to -1
2023-06-28 21:18:57,055 [OM StateMachine ApplyTransaction Thread - 0] INFO  volume.OMVolumeCreateRequest (OMVolumeCreateRequest.java:validateAndUpdateCache(196)) - created volume:volume100 for user:runner
2023-06-28 21:18:57,057 [Time-limited test] INFO  shell.TestOzoneShellHA (TestOzoneShellHA.java:execute(212)) - Executing OzoneShell command with args [bucket, create, /volume100/bucket0, -t, EC, -r, rs-3-2-1024k]
2023-06-28 21:18:57,065 [OM StateMachine ApplyTransaction Thread - 0] INFO  volume.OMVolumeCreateRequest (OMVolumeCreateRequest.java:validateAndUpdateCache(196)) - created volume:volume100 for user:runner
2023-06-28 21:18:57,067 [OM StateMachine ApplyTransaction Thread - 0] INFO  volume.OMVolumeCreateRequest (OMVolumeCreateRequest.java:validateAndUpdateCache(196)) - created volume:volume100 for user:runner
2023-06-28 21:18:57,097 [Time-limited test] INFO  rpc.RpcClient (RpcClient.java:createBucket(687)) - Creating Bucket: volume100/bucket0, with server-side default bucket layout, runner as owner, Versioning false, Storage Type set to DISK and Encryption set to false, Replication Type set to EC, Namespace Quota set to -1, Space Quota set to -1 
2023-06-28 21:18:57,106 [OM StateMachine ApplyTransaction Thread - 0] INFO  bucket.OMBucketCreateRequest (OMBucketCreateRequest.java:validateAndUpdateCache(270)) - created bucket: bucket0 of layout FILE_SYSTEM_OPTIMIZED in volume: volume100
2023-06-28 21:18:57,116 [OM StateMachine ApplyTransaction Thread - 0] INFO  bucket.OMBucketCreateRequest (OMBucketCreateRequest.java:validateAndUpdateCache(270)) - created bucket: bucket0 of layout FILE_SYSTEM_OPTIMIZED in volume: volume100
2023-06-28 21:18:57,117 [OM StateMachine ApplyTransaction Thread - 0] INFO  bucket.OMBucketCreateRequest (OMBucketCreateRequest.java:validateAndUpdateCache(270)) - created bucket: bucket0 of layout FILE_SYSTEM_OPTIMIZED in volume: volume100
2023-06-28 21:18:57,133 [IPC Server handler 7 on default port 15001] INFO  pipeline.PipelineManagerImpl (PipelineManagerImpl.java:addPipelineToManager(301)) - Added pipeline Pipeline[ Id: 783773ad-f4ad-4fb7-a5b5-4bc6374175a3, Nodes: 8a2b3145-2dd0-434b-a2c2-caa8e5fb0ef1(fv-az613-21.sfleub4vn5uufca0bzvsziz2ge.jx.internal.cloudapp.net/10.1.0.52)68d6cd24-bd24-4fd7-81ed-64a513f0bb68(fv-az613-21.sfleub4vn5uufca0bzvsziz2ge.jx.internal.cloudapp.net/10.1.0.52)bb0e9150-086f-4512-ab04-1336b269041b(fv-az613-21.sfleub4vn5uufca0bzvsziz2ge.jx.internal.cloudapp.net/10.1.0.52)dafdcea3-8be0-4d1d-be6d-f6a2e26020ac(fv-az613-21.sfleub4vn5uufca0bzvsziz2ge.jx.internal.cloudapp.net/10.1.0.52)08ff75f9-1328-4943-9840-929c3a1c46cb(fv-az613-21.sfleub4vn5uufca0bzvsziz2ge.jx.internal.cloudapp.net/10.1.0.52), ReplicationConfig: EC{rs-3-2-1024k}, State:ALLOCATED, leaderId:, CreationTimestamp2023-06-28T21:18:57.131Z[Etc/UTC]].
2023-06-28 21:18:57,136 [IPC Server handler 7 on default port 15001] INFO  pipeline.PipelineManagerImpl (PipelineManagerImpl.java:openPipeline(443)) - Pipeline Pipeline[ Id: 783773ad-f4ad-4fb7-a5b5-4bc6374175a3, Nodes: 8a2b3145-2dd0-434b-a2c2-caa8e5fb0ef1(fv-az613-21.sfleub4vn5uufca0bzvsziz2ge.jx.internal.cloudapp.net/10.1.0.52)68d6cd24-bd24-4fd7-81ed-64a513f0bb68(fv-az613-21.sfleub4vn5uufca0bzvsziz2ge.jx.internal.cloudapp.net/10.1.0.52)bb0e9150-086f-4512-ab04-1336b269041b(fv-az613-21.sfleub4vn5uufca0bzvsziz2ge.jx.internal.cloudapp.net/10.1.0.52)dafdcea3-8be0-4d1d-be6d-f6a2e26020ac(fv-az613-21.sfleub4vn5uufca0bzvsziz2ge.jx.internal.cloudapp.net/10.1.0.52)08ff75f9-1328-4943-9840-929c3a1c46cb(fv-az613-21.sfleub4vn5uufca0bzvsziz2ge.jx.internal.cloudapp.net/10.1.0.52), ReplicationConfig: EC{rs-3-2-1024k}, State:ALLOCATED, leaderId:, CreationTimestamp2023-06-28T21:18:57.131Z[Etc/UTC]] moved to OPEN state
2023-06-28 21:18:57,211 [Time-limited test] WARN  erasurecode.ErasureCodeNative (ErasureCodeNative.java:<clinit>(55)) - ISA-L support is not available in your platform... using builtin-java codec where applicable
]]></system-out>
  </testcase>
  <testcase name="testCreateBucketWithRatisReplicationConfig" classname="org.apache.hadoop.ozone.shell.TestOzoneShellHA" time="0.996">
    <system-out><![CDATA[2023-06-28 21:18:57,468 [omNode-3@group-523986131536-FollowerState] INFO  server.RaftServerConfigKeys (ConfUtils.java:logFallback(53)) - raft.server.rpc.first-election.timeout.min = 1s (fallback to raft.server.rpc.timeout.min)
2023-06-28 21:18:57,468 [omNode-3@group-523986131536-FollowerState] INFO  server.RaftServerConfigKeys (ConfUtils.java:logFallback(53)) - raft.server.rpc.first-election.timeout.max = 1200ms (fallback to raft.server.rpc.timeout.max)
2023-06-28 21:18:58,215 [Time-limited test] INFO  shell.TestOzoneShellHA (TestOzoneShellHA.java:execute(212)) - Executing OzoneShell command with args [volume, create, o3://om-service-test1/volume101]
2023-06-28 21:18:58,240 [Time-limited test] INFO  rpc.RpcClient (RpcClient.java:createVolume(460)) - Creating Volume: volume101, with runner as owner and space quota set to -1 bytes, counts quota set to -1
2023-06-28 21:18:58,244 [OM StateMachine ApplyTransaction Thread - 0] INFO  volume.OMVolumeCreateRequest (OMVolumeCreateRequest.java:validateAndUpdateCache(196)) - created volume:volume101 for user:runner
2023-06-28 21:18:58,245 [Time-limited test] INFO  shell.TestOzoneShellHA (TestOzoneShellHA.java:execute(212)) - Executing OzoneShell command with args [bucket, create, /volume101/bucket1, -t, RATIS, -r, 3]
2023-06-28 21:18:58,254 [OM StateMachine ApplyTransaction Thread - 0] INFO  volume.OMVolumeCreateRequest (OMVolumeCreateRequest.java:validateAndUpdateCache(196)) - created volume:volume101 for user:runner
2023-06-28 21:18:58,255 [OM StateMachine ApplyTransaction Thread - 0] INFO  volume.OMVolumeCreateRequest (OMVolumeCreateRequest.java:validateAndUpdateCache(196)) - created volume:volume101 for user:runner
2023-06-28 21:18:58,280 [Time-limited test] INFO  rpc.RpcClient (RpcClient.java:createBucket(687)) - Creating Bucket: volume101/bucket1, with server-side default bucket layout, runner as owner, Versioning false, Storage Type set to DISK and Encryption set to false, Replication Type set to RATIS, Namespace Quota set to -1, Space Quota set to -1 
2023-06-28 21:18:58,284 [OM StateMachine ApplyTransaction Thread - 0] INFO  bucket.OMBucketCreateRequest (OMBucketCreateRequest.java:validateAndUpdateCache(270)) - created bucket: bucket1 of layout FILE_SYSTEM_OPTIMIZED in volume: volume101
2023-06-28 21:18:58,295 [OM StateMachine ApplyTransaction Thread - 0] INFO  bucket.OMBucketCreateRequest (OMBucketCreateRequest.java:validateAndUpdateCache(270)) - created bucket: bucket1 of layout FILE_SYSTEM_OPTIMIZED in volume: volume101
2023-06-28 21:18:58,296 [OM StateMachine ApplyTransaction Thread - 0] INFO  bucket.OMBucketCreateRequest (OMBucketCreateRequest.java:validateAndUpdateCache(270)) - created bucket: bucket1 of layout FILE_SYSTEM_OPTIMIZED in volume: volume101
]]></system-out>
  </testcase>
  <testcase name="testListAllKeys" classname="org.apache.hadoop.ozone.shell.TestOzoneShellHA" time="8.938">
    <system-out><![CDATA[2023-06-28 21:18:58,621 [omNode-3@group-523986131536-FollowerState] INFO  server.RaftServerConfigKeys (ConfUtils.java:logFallback(53)) - raft.server.rpc.first-election.timeout.min = 1s (fallback to raft.server.rpc.timeout.min)
2023-06-28 21:18:58,621 [omNode-3@group-523986131536-FollowerState] INFO  server.RaftServerConfigKeys (ConfUtils.java:logFallback(53)) - raft.server.rpc.first-election.timeout.max = 1200ms (fallback to raft.server.rpc.timeout.max)
2023-06-28 21:18:59,074 [Time-limited test] INFO  shell.TestOzoneShellHA (TestOzoneShellHA.java:execute(212)) - Executing OzoneShell command with args [volume, create, o3://om-service-test1/vollst]
2023-06-28 21:18:59,098 [Time-limited test] INFO  rpc.RpcClient (RpcClient.java:createVolume(460)) - Creating Volume: vollst, with runner as owner and space quota set to -1 bytes, counts quota set to -1
2023-06-28 21:18:59,102 [OM StateMachine ApplyTransaction Thread - 0] INFO  volume.OMVolumeCreateRequest (OMVolumeCreateRequest.java:validateAndUpdateCache(196)) - created volume:vollst for user:runner
2023-06-28 21:18:59,103 [Time-limited test] INFO  shell.TestOzoneShellHA (TestOzoneShellHA.java:execute(212)) - Executing OzoneShell command with args [bucket, create, o3://om-service-test1/vollst/bucket1]
2023-06-28 21:18:59,113 [OM StateMachine ApplyTransaction Thread - 0] INFO  volume.OMVolumeCreateRequest (OMVolumeCreateRequest.java:validateAndUpdateCache(196)) - created volume:vollst for user:runner
2023-06-28 21:18:59,114 [OM StateMachine ApplyTransaction Thread - 0] INFO  volume.OMVolumeCreateRequest (OMVolumeCreateRequest.java:validateAndUpdateCache(196)) - created volume:vollst for user:runner
2023-06-28 21:18:59,133 [Time-limited test] INFO  rpc.RpcClient (RpcClient.java:createBucket(687)) - Creating Bucket: vollst/bucket1, with server-side default bucket layout, runner as owner, Versioning false, Storage Type set to DISK and Encryption set to false, Replication Type set to server-side default replication type, Namespace Quota set to -1, Space Quota set to -1 
2023-06-28 21:18:59,136 [OM StateMachine ApplyTransaction Thread - 0] INFO  bucket.OMBucketCreateRequest (OMBucketCreateRequest.java:validateAndUpdateCache(270)) - created bucket: bucket1 of layout FILE_SYSTEM_OPTIMIZED in volume: vollst
2023-06-28 21:18:59,137 [Time-limited test] INFO  shell.TestOzoneShellHA (TestOzoneShellHA.java:execute(212)) - Executing OzoneShell command with args [key, put, o3://om-service-test1/vollst/bucket1/key0, /home/runner/work/ozone/ozone/hadoop-ozone/integration-test/target/test-dir/TestOzoneShellHA/testFile]
2023-06-28 21:18:59,146 [OM StateMachine ApplyTransaction Thread - 0] INFO  bucket.OMBucketCreateRequest (OMBucketCreateRequest.java:validateAndUpdateCache(270)) - created bucket: bucket1 of layout FILE_SYSTEM_OPTIMIZED in volume: vollst
2023-06-28 21:18:59,148 [OM StateMachine ApplyTransaction Thread - 0] INFO  bucket.OMBucketCreateRequest (OMBucketCreateRequest.java:validateAndUpdateCache(270)) - created bucket: bucket1 of layout FILE_SYSTEM_OPTIMIZED in volume: vollst
2023-06-28 21:18:59,198 [Time-limited test] INFO  shell.TestOzoneShellHA (TestOzoneShellHA.java:execute(212)) - Executing OzoneShell command with args [key, put, o3://om-service-test1/vollst/bucket1/key1, /home/runner/work/ozone/ozone/hadoop-ozone/integration-test/target/test-dir/TestOzoneShellHA/testFile]
2023-06-28 21:18:59,261 [Time-limited test] INFO  shell.TestOzoneShellHA (TestOzoneShellHA.java:execute(212)) - Executing OzoneShell command with args [key, put, o3://om-service-test1/vollst/bucket1/key2, /home/runner/work/ozone/ozone/hadoop-ozone/integration-test/target/test-dir/TestOzoneShellHA/testFile]
2023-06-28 21:18:59,322 [Time-limited test] INFO  shell.TestOzoneShellHA (TestOzoneShellHA.java:execute(212)) - Executing OzoneShell command with args [key, put, o3://om-service-test1/vollst/bucket1/key3, /home/runner/work/ozone/ozone/hadoop-ozone/integration-test/target/test-dir/TestOzoneShellHA/testFile]
2023-06-28 21:18:59,379 [Time-limited test] INFO  shell.TestOzoneShellHA (TestOzoneShellHA.java:execute(212)) - Executing OzoneShell command with args [key, put, o3://om-service-test1/vollst/bucket1/key4, /home/runner/work/ozone/ozone/hadoop-ozone/integration-test/target/test-dir/TestOzoneShellHA/testFile]
2023-06-28 21:18:59,440 [Time-limited test] INFO  shell.TestOzoneShellHA (TestOzoneShellHA.java:execute(212)) - Executing OzoneShell command with args [key, put, o3://om-service-test1/vollst/bucket1/key5, /home/runner/work/ozone/ozone/hadoop-ozone/integration-test/target/test-dir/TestOzoneShellHA/testFile]
2023-06-28 21:18:59,496 [Time-limited test] INFO  shell.TestOzoneShellHA (TestOzoneShellHA.java:execute(212)) - Executing OzoneShell command with args [key, put, o3://om-service-test1/vollst/bucket1/key6, /home/runner/work/ozone/ozone/hadoop-ozone/integration-test/target/test-dir/TestOzoneShellHA/testFile]
2023-06-28 21:18:59,555 [Time-limited test] INFO  shell.TestOzoneShellHA (TestOzoneShellHA.java:execute(212)) - Executing OzoneShell command with args [key, put, o3://om-service-test1/vollst/bucket1/key7, /home/runner/work/ozone/ozone/hadoop-ozone/integration-test/target/test-dir/TestOzoneShellHA/testFile]
2023-06-28 21:18:59,612 [Time-limited test] INFO  shell.TestOzoneShellHA (TestOzoneShellHA.java:execute(212)) - Executing OzoneShell command with args [key, put, o3://om-service-test1/vollst/bucket1/key8, /home/runner/work/ozone/ozone/hadoop-ozone/integration-test/target/test-dir/TestOzoneShellHA/testFile]
2023-06-28 21:18:59,672 [Time-limited test] INFO  shell.TestOzoneShellHA (TestOzoneShellHA.java:execute(212)) - Executing OzoneShell command with args [key, put, o3://om-service-test1/vollst/bucket1/key9, /home/runner/work/ozone/ozone/hadoop-ozone/integration-test/target/test-dir/TestOzoneShellHA/testFile]
2023-06-28 21:18:59,702 [omNode-3@group-523986131536-FollowerState] INFO  server.RaftServerConfigKeys (ConfUtils.java:logFallback(53)) - raft.server.rpc.first-election.timeout.min = 1s (fallback to raft.server.rpc.timeout.min)
2023-06-28 21:18:59,702 [omNode-3@group-523986131536-FollowerState] INFO  server.RaftServerConfigKeys (ConfUtils.java:logFallback(53)) - raft.server.rpc.first-election.timeout.max = 1200ms (fallback to raft.server.rpc.timeout.max)
2023-06-28 21:18:59,730 [Time-limited test] INFO  shell.TestOzoneShellHA (TestOzoneShellHA.java:execute(212)) - Executing OzoneShell command with args [key, put, o3://om-service-test1/vollst/bucket1/key10, /home/runner/work/ozone/ozone/hadoop-ozone/integration-test/target/test-dir/TestOzoneShellHA/testFile]
2023-06-28 21:18:59,797 [Time-limited test] INFO  shell.TestOzoneShellHA (TestOzoneShellHA.java:execute(212)) - Executing OzoneShell command with args [key, put, o3://om-service-test1/vollst/bucket1/key11, /home/runner/work/ozone/ozone/hadoop-ozone/integration-test/target/test-dir/TestOzoneShellHA/testFile]
2023-06-28 21:18:59,855 [Time-limited test] INFO  shell.TestOzoneShellHA (TestOzoneShellHA.java:execute(212)) - Executing OzoneShell command with args [key, put, o3://om-service-test1/vollst/bucket1/key12, /home/runner/work/ozone/ozone/hadoop-ozone/integration-test/target/test-dir/TestOzoneShellHA/testFile]
2023-06-28 21:18:59,917 [Time-limited test] INFO  shell.TestOzoneShellHA (TestOzoneShellHA.java:execute(212)) - Executing OzoneShell command with args [key, put, o3://om-service-test1/vollst/bucket1/key13, /home/runner/work/ozone/ozone/hadoop-ozone/integration-test/target/test-dir/TestOzoneShellHA/testFile]
2023-06-28 21:18:59,976 [Time-limited test] INFO  shell.TestOzoneShellHA (TestOzoneShellHA.java:execute(212)) - Executing OzoneShell command with args [key, put, o3://om-service-test1/vollst/bucket1/key14, /home/runner/work/ozone/ozone/hadoop-ozone/integration-test/target/test-dir/TestOzoneShellHA/testFile]
2023-06-28 21:19:00,050 [Time-limited test] INFO  shell.TestOzoneShellHA (TestOzoneShellHA.java:execute(212)) - Executing OzoneShell command with args [key, put, o3://om-service-test1/vollst/bucket1/key15, /home/runner/work/ozone/ozone/hadoop-ozone/integration-test/target/test-dir/TestOzoneShellHA/testFile]
2023-06-28 21:19:00,108 [Time-limited test] INFO  shell.TestOzoneShellHA (TestOzoneShellHA.java:execute(212)) - Executing OzoneShell command with args [key, put, o3://om-service-test1/vollst/bucket1/key16, /home/runner/work/ozone/ozone/hadoop-ozone/integration-test/target/test-dir/TestOzoneShellHA/testFile]
2023-06-28 21:19:00,168 [Time-limited test] INFO  shell.TestOzoneShellHA (TestOzoneShellHA.java:execute(212)) - Executing OzoneShell command with args [key, put, o3://om-service-test1/vollst/bucket1/key17, /home/runner/work/ozone/ozone/hadoop-ozone/integration-test/target/test-dir/TestOzoneShellHA/testFile]
2023-06-28 21:19:00,227 [Time-limited test] INFO  shell.TestOzoneShellHA (TestOzoneShellHA.java:execute(212)) - Executing OzoneShell command with args [key, put, o3://om-service-test1/vollst/bucket1/key18, /home/runner/work/ozone/ozone/hadoop-ozone/integration-test/target/test-dir/TestOzoneShellHA/testFile]
2023-06-28 21:19:00,282 [Time-limited test] INFO  shell.TestOzoneShellHA (TestOzoneShellHA.java:execute(212)) - Executing OzoneShell command with args [key, put, o3://om-service-test1/vollst/bucket1/key19, /home/runner/work/ozone/ozone/hadoop-ozone/integration-test/target/test-dir/TestOzoneShellHA/testFile]
2023-06-28 21:19:00,348 [Time-limited test] INFO  shell.TestOzoneShellHA (TestOzoneShellHA.java:execute(212)) - Executing OzoneShell command with args [key, put, o3://om-service-test1/vollst/bucket1/key20, /home/runner/work/ozone/ozone/hadoop-ozone/integration-test/target/test-dir/TestOzoneShellHA/testFile]
2023-06-28 21:19:00,406 [Time-limited test] INFO  shell.TestOzoneShellHA (TestOzoneShellHA.java:execute(212)) - Executing OzoneShell command with args [key, put, o3://om-service-test1/vollst/bucket1/key21, /home/runner/work/ozone/ozone/hadoop-ozone/integration-test/target/test-dir/TestOzoneShellHA/testFile]
2023-06-28 21:19:00,463 [Time-limited test] INFO  shell.TestOzoneShellHA (TestOzoneShellHA.java:execute(212)) - Executing OzoneShell command with args [key, put, o3://om-service-test1/vollst/bucket1/key22, /home/runner/work/ozone/ozone/hadoop-ozone/integration-test/target/test-dir/TestOzoneShellHA/testFile]
2023-06-28 21:19:00,522 [Time-limited test] INFO  shell.TestOzoneShellHA (TestOzoneShellHA.java:execute(212)) - Executing OzoneShell command with args [key, put, o3://om-service-test1/vollst/bucket1/key23, /home/runner/work/ozone/ozone/hadoop-ozone/integration-test/target/test-dir/TestOzoneShellHA/testFile]
2023-06-28 21:19:00,580 [Time-limited test] INFO  shell.TestOzoneShellHA (TestOzoneShellHA.java:execute(212)) - Executing OzoneShell command with args [key, put, o3://om-service-test1/vollst/bucket1/key24, /home/runner/work/ozone/ozone/hadoop-ozone/integration-test/target/test-dir/TestOzoneShellHA/testFile]
2023-06-28 21:19:00,647 [Time-limited test] INFO  shell.TestOzoneShellHA (TestOzoneShellHA.java:execute(212)) - Executing OzoneShell command with args [key, put, o3://om-service-test1/vollst/bucket1/key25, /home/runner/work/ozone/ozone/hadoop-ozone/integration-test/target/test-dir/TestOzoneShellHA/testFile]
2023-06-28 21:19:00,704 [Time-limited test] INFO  shell.TestOzoneShellHA (TestOzoneShellHA.java:execute(212)) - Executing OzoneShell command with args [key, put, o3://om-service-test1/vollst/bucket1/key26, /home/runner/work/ozone/ozone/hadoop-ozone/integration-test/target/test-dir/TestOzoneShellHA/testFile]
2023-06-28 21:19:00,765 [Time-limited test] INFO  shell.TestOzoneShellHA (TestOzoneShellHA.java:execute(212)) - Executing OzoneShell command with args [key, put, o3://om-service-test1/vollst/bucket1/key27, /home/runner/work/ozone/ozone/hadoop-ozone/integration-test/target/test-dir/TestOzoneShellHA/testFile]
2023-06-28 21:19:00,830 [Time-limited test] INFO  shell.TestOzoneShellHA (TestOzoneShellHA.java:execute(212)) - Executing OzoneShell command with args [key, put, o3://om-service-test1/vollst/bucket1/key28, /home/runner/work/ozone/ozone/hadoop-ozone/integration-test/target/test-dir/TestOzoneShellHA/testFile]
2023-06-28 21:19:00,880 [omNode-3@group-523986131536-FollowerState] INFO  server.RaftServerConfigKeys (ConfUtils.java:logFallback(53)) - raft.server.rpc.first-election.timeout.min = 1s (fallback to raft.server.rpc.timeout.min)
2023-06-28 21:19:00,880 [omNode-3@group-523986131536-FollowerState] INFO  server.RaftServerConfigKeys (ConfUtils.java:logFallback(53)) - raft.server.rpc.first-election.timeout.max = 1200ms (fallback to raft.server.rpc.timeout.max)
2023-06-28 21:19:00,889 [Time-limited test] INFO  shell.TestOzoneShellHA (TestOzoneShellHA.java:execute(212)) - Executing OzoneShell command with args [key, put, o3://om-service-test1/vollst/bucket1/key29, /home/runner/work/ozone/ozone/hadoop-ozone/integration-test/target/test-dir/TestOzoneShellHA/testFile]
2023-06-28 21:19:00,947 [Time-limited test] INFO  shell.TestOzoneShellHA (TestOzoneShellHA.java:execute(212)) - Executing OzoneShell command with args [key, put, o3://om-service-test1/vollst/bucket1/key30, /home/runner/work/ozone/ozone/hadoop-ozone/integration-test/target/test-dir/TestOzoneShellHA/testFile]
2023-06-28 21:19:01,005 [Time-limited test] INFO  shell.TestOzoneShellHA (TestOzoneShellHA.java:execute(212)) - Executing OzoneShell command with args [key, put, o3://om-service-test1/vollst/bucket1/key31, /home/runner/work/ozone/ozone/hadoop-ozone/integration-test/target/test-dir/TestOzoneShellHA/testFile]
2023-06-28 21:19:01,063 [Time-limited test] INFO  shell.TestOzoneShellHA (TestOzoneShellHA.java:execute(212)) - Executing OzoneShell command with args [key, put, o3://om-service-test1/vollst/bucket1/key32, /home/runner/work/ozone/ozone/hadoop-ozone/integration-test/target/test-dir/TestOzoneShellHA/testFile]
2023-06-28 21:19:01,124 [Time-limited test] INFO  shell.TestOzoneShellHA (TestOzoneShellHA.java:execute(212)) - Executing OzoneShell command with args [key, put, o3://om-service-test1/vollst/bucket1/key33, /home/runner/work/ozone/ozone/hadoop-ozone/integration-test/target/test-dir/TestOzoneShellHA/testFile]
2023-06-28 21:19:01,183 [Time-limited test] INFO  shell.TestOzoneShellHA (TestOzoneShellHA.java:execute(212)) - Executing OzoneShell command with args [key, put, o3://om-service-test1/vollst/bucket1/key34, /home/runner/work/ozone/ozone/hadoop-ozone/integration-test/target/test-dir/TestOzoneShellHA/testFile]
2023-06-28 21:19:01,241 [Time-limited test] INFO  shell.TestOzoneShellHA (TestOzoneShellHA.java:execute(212)) - Executing OzoneShell command with args [key, put, o3://om-service-test1/vollst/bucket1/key35, /home/runner/work/ozone/ozone/hadoop-ozone/integration-test/target/test-dir/TestOzoneShellHA/testFile]
2023-06-28 21:19:01,303 [Time-limited test] INFO  shell.TestOzoneShellHA (TestOzoneShellHA.java:execute(212)) - Executing OzoneShell command with args [key, put, o3://om-service-test1/vollst/bucket1/key36, /home/runner/work/ozone/ozone/hadoop-ozone/integration-test/target/test-dir/TestOzoneShellHA/testFile]
2023-06-28 21:19:02,129 [omNode-3@group-523986131536-FollowerState] INFO  server.RaftServerConfigKeys (ConfUtils.java:logFallback(53)) - raft.server.rpc.first-election.timeout.min = 1s (fallback to raft.server.rpc.timeout.min)
2023-06-28 21:19:02,129 [omNode-3@group-523986131536-FollowerState] INFO  server.RaftServerConfigKeys (ConfUtils.java:logFallback(53)) - raft.server.rpc.first-election.timeout.max = 1200ms (fallback to raft.server.rpc.timeout.max)
2023-06-28 21:19:02,131 [JvmPauseMonitor1] WARN  util.JvmPauseMonitor (JvmPauseMonitor.java:detectPause(124)) - JvmPauseMonitor-omNode-1: Detected pause in JVM or host machine approximately 0.332s with 0.804s GC time.
GC pool 'PS MarkSweep' had collection(s): count=1 time=673ms
GC pool 'PS Scavenge' had collection(s): count=1 time=131ms
2023-06-28 21:19:02,133 [JvmPauseMonitor2] WARN  util.JvmPauseMonitor (JvmPauseMonitor.java:detectPause(124)) - JvmPauseMonitor-omNode-2: Detected pause in JVM or host machine approximately 0.338s with 0.804s GC time.
GC pool 'PS MarkSweep' had collection(s): count=1 time=673ms
GC pool 'PS Scavenge' had collection(s): count=1 time=131ms
2023-06-28 21:19:02,133 [JvmPauseMonitor8] WARN  util.JvmPauseMonitor (JvmPauseMonitor.java:detectPause(124)) - JvmPauseMonitor-68d6cd24-bd24-4fd7-81ed-64a513f0bb68: Detected pause in JVM or host machine approximately 0.354s with 0.804s GC time.
GC pool 'PS MarkSweep' had collection(s): count=1 time=673ms
GC pool 'PS Scavenge' had collection(s): count=1 time=131ms
2023-06-28 21:19:02,133 [JvmPauseMonitor5] WARN  util.JvmPauseMonitor (JvmPauseMonitor.java:detectPause(124)) - JvmPauseMonitor-08ff75f9-1328-4943-9840-929c3a1c46cb: Detected pause in JVM or host machine approximately 0.355s with 0.804s GC time.
GC pool 'PS MarkSweep' had collection(s): count=1 time=673ms
GC pool 'PS Scavenge' had collection(s): count=1 time=131ms
2023-06-28 21:19:02,133 [JvmPauseMonitor7] WARN  util.JvmPauseMonitor (JvmPauseMonitor.java:detectPause(124)) - JvmPauseMonitor-dafdcea3-8be0-4d1d-be6d-f6a2e26020ac: Detected pause in JVM or host machine approximately 0.355s with 0.804s GC time.
GC pool 'PS MarkSweep' had collection(s): count=1 time=673ms
GC pool 'PS Scavenge' had collection(s): count=1 time=131ms
2023-06-28 21:19:02,133 [JvmPauseMonitor4] WARN  util.JvmPauseMonitor (JvmPauseMonitor.java:detectPause(124)) - JvmPauseMonitor-bb0e9150-086f-4512-ab04-1336b269041b: Detected pause in JVM or host machine approximately 0.355s with 0.804s GC time.
GC pool 'PS MarkSweep' had collection(s): count=1 time=673ms
GC pool 'PS Scavenge' had collection(s): count=1 time=131ms
2023-06-28 21:19:02,135 [JvmPauseMonitor3] WARN  util.JvmPauseMonitor (JvmPauseMonitor.java:detectPause(124)) - JvmPauseMonitor-omNode-3: Detected pause in JVM or host machine approximately 0.565s with 0.804s GC time.
GC pool 'PS MarkSweep' had collection(s): count=1 time=673ms
GC pool 'PS Scavenge' had collection(s): count=1 time=131ms
2023-06-28 21:19:02,137 [JvmPauseMonitor0] WARN  util.JvmPauseMonitor (JvmPauseMonitor.java:detectPause(124)) - JvmPauseMonitor-86b108b1-e814-4214-9a95-1bb63bd17ec5: Detected pause in JVM or host machine approximately 0.763s with 0.804s GC time.
GC pool 'PS MarkSweep' had collection(s): count=1 time=673ms
GC pool 'PS Scavenge' had collection(s): count=1 time=131ms
2023-06-28 21:19:02,138 [JvmPauseMonitor6] WARN  util.JvmPauseMonitor (JvmPauseMonitor.java:detectPause(124)) - JvmPauseMonitor-8a2b3145-2dd0-434b-a2c2-caa8e5fb0ef1: Detected pause in JVM or host machine approximately 0.797s with 0.804s GC time.
GC pool 'PS MarkSweep' had collection(s): count=1 time=673ms
GC pool 'PS Scavenge' had collection(s): count=1 time=131ms
2023-06-28 21:19:02,200 [Time-limited test] INFO  shell.TestOzoneShellHA (TestOzoneShellHA.java:execute(212)) - Executing OzoneShell command with args [key, put, o3://om-service-test1/vollst/bucket1/key37, /home/runner/work/ozone/ozone/hadoop-ozone/integration-test/target/test-dir/TestOzoneShellHA/testFile]
2023-06-28 21:19:02,261 [Time-limited test] INFO  shell.TestOzoneShellHA (TestOzoneShellHA.java:execute(212)) - Executing OzoneShell command with args [key, put, o3://om-service-test1/vollst/bucket1/key38, /home/runner/work/ozone/ozone/hadoop-ozone/integration-test/target/test-dir/TestOzoneShellHA/testFile]
2023-06-28 21:19:02,318 [Time-limited test] INFO  shell.TestOzoneShellHA (TestOzoneShellHA.java:execute(212)) - Executing OzoneShell command with args [key, put, o3://om-service-test1/vollst/bucket1/key39, /home/runner/work/ozone/ozone/hadoop-ozone/integration-test/target/test-dir/TestOzoneShellHA/testFile]
2023-06-28 21:19:02,375 [Time-limited test] INFO  shell.TestOzoneShellHA (TestOzoneShellHA.java:execute(212)) - Executing OzoneShell command with args [key, put, o3://om-service-test1/vollst/bucket1/key40, /home/runner/work/ozone/ozone/hadoop-ozone/integration-test/target/test-dir/TestOzoneShellHA/testFile]
2023-06-28 21:19:02,438 [Time-limited test] INFO  shell.TestOzoneShellHA (TestOzoneShellHA.java:execute(212)) - Executing OzoneShell command with args [key, put, o3://om-service-test1/vollst/bucket1/key41, /home/runner/work/ozone/ozone/hadoop-ozone/integration-test/target/test-dir/TestOzoneShellHA/testFile]
2023-06-28 21:19:02,504 [Time-limited test] INFO  shell.TestOzoneShellHA (TestOzoneShellHA.java:execute(212)) - Executing OzoneShell command with args [key, put, o3://om-service-test1/vollst/bucket1/key42, /home/runner/work/ozone/ozone/hadoop-ozone/integration-test/target/test-dir/TestOzoneShellHA/testFile]
2023-06-28 21:19:02,591 [Time-limited test] INFO  shell.TestOzoneShellHA (TestOzoneShellHA.java:execute(212)) - Executing OzoneShell command with args [key, put, o3://om-service-test1/vollst/bucket1/key43, /home/runner/work/ozone/ozone/hadoop-ozone/integration-test/target/test-dir/TestOzoneShellHA/testFile]
2023-06-28 21:19:02,643 [Time-limited test] INFO  shell.TestOzoneShellHA (TestOzoneShellHA.java:execute(212)) - Executing OzoneShell command with args [key, put, o3://om-service-test1/vollst/bucket1/key44, /home/runner/work/ozone/ozone/hadoop-ozone/integration-test/target/test-dir/TestOzoneShellHA/testFile]
2023-06-28 21:19:02,696 [Time-limited test] INFO  shell.TestOzoneShellHA (TestOzoneShellHA.java:execute(212)) - Executing OzoneShell command with args [key, put, o3://om-service-test1/vollst/bucket1/key45, /home/runner/work/ozone/ozone/hadoop-ozone/integration-test/target/test-dir/TestOzoneShellHA/testFile]
2023-06-28 21:19:02,755 [Time-limited test] INFO  shell.TestOzoneShellHA (TestOzoneShellHA.java:execute(212)) - Executing OzoneShell command with args [key, put, o3://om-service-test1/vollst/bucket1/key46, /home/runner/work/ozone/ozone/hadoop-ozone/integration-test/target/test-dir/TestOzoneShellHA/testFile]
2023-06-28 21:19:02,810 [Time-limited test] INFO  shell.TestOzoneShellHA (TestOzoneShellHA.java:execute(212)) - Executing OzoneShell command with args [key, put, o3://om-service-test1/vollst/bucket1/key47, /home/runner/work/ozone/ozone/hadoop-ozone/integration-test/target/test-dir/TestOzoneShellHA/testFile]
2023-06-28 21:19:02,865 [Time-limited test] INFO  shell.TestOzoneShellHA (TestOzoneShellHA.java:execute(212)) - Executing OzoneShell command with args [key, put, o3://om-service-test1/vollst/bucket1/key48, /home/runner/work/ozone/ozone/hadoop-ozone/integration-test/target/test-dir/TestOzoneShellHA/testFile]
2023-06-28 21:19:02,928 [Time-limited test] INFO  shell.TestOzoneShellHA (TestOzoneShellHA.java:execute(212)) - Executing OzoneShell command with args [key, put, o3://om-service-test1/vollst/bucket1/key49, /home/runner/work/ozone/ozone/hadoop-ozone/integration-test/target/test-dir/TestOzoneShellHA/testFile]
2023-06-28 21:19:02,985 [Time-limited test] INFO  shell.TestOzoneShellHA (TestOzoneShellHA.java:execute(212)) - Executing OzoneShell command with args [key, put, o3://om-service-test1/vollst/bucket1/key50, /home/runner/work/ozone/ozone/hadoop-ozone/integration-test/target/test-dir/TestOzoneShellHA/testFile]
2023-06-28 21:19:03,041 [Time-limited test] INFO  shell.TestOzoneShellHA (TestOzoneShellHA.java:execute(212)) - Executing OzoneShell command with args [key, put, o3://om-service-test1/vollst/bucket1/key51, /home/runner/work/ozone/ozone/hadoop-ozone/integration-test/target/test-dir/TestOzoneShellHA/testFile]
2023-06-28 21:19:03,097 [Time-limited test] INFO  shell.TestOzoneShellHA (TestOzoneShellHA.java:execute(212)) - Executing OzoneShell command with args [key, put, o3://om-service-test1/vollst/bucket1/key52, /home/runner/work/ozone/ozone/hadoop-ozone/integration-test/target/test-dir/TestOzoneShellHA/testFile]
2023-06-28 21:19:03,154 [Time-limited test] INFO  shell.TestOzoneShellHA (TestOzoneShellHA.java:execute(212)) - Executing OzoneShell command with args [key, put, o3://om-service-test1/vollst/bucket1/key53, /home/runner/work/ozone/ozone/hadoop-ozone/integration-test/target/test-dir/TestOzoneShellHA/testFile]
2023-06-28 21:19:03,212 [Time-limited test] INFO  shell.TestOzoneShellHA (TestOzoneShellHA.java:execute(212)) - Executing OzoneShell command with args [key, put, o3://om-service-test1/vollst/bucket1/key54, /home/runner/work/ozone/ozone/hadoop-ozone/integration-test/target/test-dir/TestOzoneShellHA/testFile]
2023-06-28 21:19:03,265 [omNode-3@group-523986131536-FollowerState] INFO  server.RaftServerConfigKeys (ConfUtils.java:logFallback(53)) - raft.server.rpc.first-election.timeout.min = 1s (fallback to raft.server.rpc.timeout.min)
2023-06-28 21:19:03,265 [omNode-3@group-523986131536-FollowerState] INFO  server.RaftServerConfigKeys (ConfUtils.java:logFallback(53)) - raft.server.rpc.first-election.timeout.max = 1200ms (fallback to raft.server.rpc.timeout.max)
2023-06-28 21:19:03,269 [Time-limited test] INFO  shell.TestOzoneShellHA (TestOzoneShellHA.java:execute(212)) - Executing OzoneShell command with args [key, put, o3://om-service-test1/vollst/bucket1/key55, /home/runner/work/ozone/ozone/hadoop-ozone/integration-test/target/test-dir/TestOzoneShellHA/testFile]
2023-06-28 21:19:03,325 [Time-limited test] INFO  shell.TestOzoneShellHA (TestOzoneShellHA.java:execute(212)) - Executing OzoneShell command with args [key, put, o3://om-service-test1/vollst/bucket1/key56, /home/runner/work/ozone/ozone/hadoop-ozone/integration-test/target/test-dir/TestOzoneShellHA/testFile]
2023-06-28 21:19:03,385 [Time-limited test] INFO  shell.TestOzoneShellHA (TestOzoneShellHA.java:execute(212)) - Executing OzoneShell command with args [key, put, o3://om-service-test1/vollst/bucket1/key57, /home/runner/work/ozone/ozone/hadoop-ozone/integration-test/target/test-dir/TestOzoneShellHA/testFile]
2023-06-28 21:19:03,443 [Time-limited test] INFO  shell.TestOzoneShellHA (TestOzoneShellHA.java:execute(212)) - Executing OzoneShell command with args [key, put, o3://om-service-test1/vollst/bucket1/key58, /home/runner/work/ozone/ozone/hadoop-ozone/integration-test/target/test-dir/TestOzoneShellHA/testFile]
2023-06-28 21:19:03,502 [Time-limited test] INFO  shell.TestOzoneShellHA (TestOzoneShellHA.java:execute(212)) - Executing OzoneShell command with args [key, put, o3://om-service-test1/vollst/bucket1/key59, /home/runner/work/ozone/ozone/hadoop-ozone/integration-test/target/test-dir/TestOzoneShellHA/testFile]
2023-06-28 21:19:03,558 [Time-limited test] INFO  shell.TestOzoneShellHA (TestOzoneShellHA.java:execute(212)) - Executing OzoneShell command with args [key, put, o3://om-service-test1/vollst/bucket1/key60, /home/runner/work/ozone/ozone/hadoop-ozone/integration-test/target/test-dir/TestOzoneShellHA/testFile]
2023-06-28 21:19:03,614 [Time-limited test] INFO  shell.TestOzoneShellHA (TestOzoneShellHA.java:execute(212)) - Executing OzoneShell command with args [key, put, o3://om-service-test1/vollst/bucket1/key61, /home/runner/work/ozone/ozone/hadoop-ozone/integration-test/target/test-dir/TestOzoneShellHA/testFile]
2023-06-28 21:19:03,672 [Time-limited test] INFO  shell.TestOzoneShellHA (TestOzoneShellHA.java:execute(212)) - Executing OzoneShell command with args [key, put, o3://om-service-test1/vollst/bucket1/key62, /home/runner/work/ozone/ozone/hadoop-ozone/integration-test/target/test-dir/TestOzoneShellHA/testFile]
2023-06-28 21:19:03,768 [Time-limited test] INFO  shell.TestOzoneShellHA (TestOzoneShellHA.java:execute(212)) - Executing OzoneShell command with args [key, put, o3://om-service-test1/vollst/bucket1/key63, /home/runner/work/ozone/ozone/hadoop-ozone/integration-test/target/test-dir/TestOzoneShellHA/testFile]
2023-06-28 21:19:03,855 [Time-limited test] INFO  shell.TestOzoneShellHA (TestOzoneShellHA.java:execute(212)) - Executing OzoneShell command with args [key, put, o3://om-service-test1/vollst/bucket1/key64, /home/runner/work/ozone/ozone/hadoop-ozone/integration-test/target/test-dir/TestOzoneShellHA/testFile]
2023-06-28 21:19:03,915 [Time-limited test] INFO  shell.TestOzoneShellHA (TestOzoneShellHA.java:execute(212)) - Executing OzoneShell command with args [key, put, o3://om-service-test1/vollst/bucket1/key65, /home/runner/work/ozone/ozone/hadoop-ozone/integration-test/target/test-dir/TestOzoneShellHA/testFile]
2023-06-28 21:19:03,974 [Time-limited test] INFO  shell.TestOzoneShellHA (TestOzoneShellHA.java:execute(212)) - Executing OzoneShell command with args [key, put, o3://om-service-test1/vollst/bucket1/key66, /home/runner/work/ozone/ozone/hadoop-ozone/integration-test/target/test-dir/TestOzoneShellHA/testFile]
2023-06-28 21:19:04,032 [Time-limited test] INFO  shell.TestOzoneShellHA (TestOzoneShellHA.java:execute(212)) - Executing OzoneShell command with args [key, put, o3://om-service-test1/vollst/bucket1/key67, /home/runner/work/ozone/ozone/hadoop-ozone/integration-test/target/test-dir/TestOzoneShellHA/testFile]
2023-06-28 21:19:04,087 [Time-limited test] INFO  shell.TestOzoneShellHA (TestOzoneShellHA.java:execute(212)) - Executing OzoneShell command with args [key, put, o3://om-service-test1/vollst/bucket1/key68, /home/runner/work/ozone/ozone/hadoop-ozone/integration-test/target/test-dir/TestOzoneShellHA/testFile]
2023-06-28 21:19:04,140 [Time-limited test] INFO  shell.TestOzoneShellHA (TestOzoneShellHA.java:execute(212)) - Executing OzoneShell command with args [key, put, o3://om-service-test1/vollst/bucket1/key69, /home/runner/work/ozone/ozone/hadoop-ozone/integration-test/target/test-dir/TestOzoneShellHA/testFile]
2023-06-28 21:19:04,196 [Time-limited test] INFO  shell.TestOzoneShellHA (TestOzoneShellHA.java:execute(212)) - Executing OzoneShell command with args [key, put, o3://om-service-test1/vollst/bucket1/key70, /home/runner/work/ozone/ozone/hadoop-ozone/integration-test/target/test-dir/TestOzoneShellHA/testFile]
2023-06-28 21:19:04,252 [Time-limited test] INFO  shell.TestOzoneShellHA (TestOzoneShellHA.java:execute(212)) - Executing OzoneShell command with args [key, put, o3://om-service-test1/vollst/bucket1/key71, /home/runner/work/ozone/ozone/hadoop-ozone/integration-test/target/test-dir/TestOzoneShellHA/testFile]
2023-06-28 21:19:04,312 [Time-limited test] INFO  shell.TestOzoneShellHA (TestOzoneShellHA.java:execute(212)) - Executing OzoneShell command with args [key, put, o3://om-service-test1/vollst/bucket1/key72, /home/runner/work/ozone/ozone/hadoop-ozone/integration-test/target/test-dir/TestOzoneShellHA/testFile]
2023-06-28 21:19:04,366 [Time-limited test] INFO  shell.TestOzoneShellHA (TestOzoneShellHA.java:execute(212)) - Executing OzoneShell command with args [key, put, o3://om-service-test1/vollst/bucket1/key73, /home/runner/work/ozone/ozone/hadoop-ozone/integration-test/target/test-dir/TestOzoneShellHA/testFile]
2023-06-28 21:19:04,424 [Time-limited test] INFO  shell.TestOzoneShellHA (TestOzoneShellHA.java:execute(212)) - Executing OzoneShell command with args [key, put, o3://om-service-test1/vollst/bucket1/key74, /home/runner/work/ozone/ozone/hadoop-ozone/integration-test/target/test-dir/TestOzoneShellHA/testFile]
2023-06-28 21:19:04,428 [omNode-3@group-523986131536-FollowerState] INFO  server.RaftServerConfigKeys (ConfUtils.java:logFallback(53)) - raft.server.rpc.first-election.timeout.min = 1s (fallback to raft.server.rpc.timeout.min)
2023-06-28 21:19:04,429 [omNode-3@group-523986131536-FollowerState] INFO  server.RaftServerConfigKeys (ConfUtils.java:logFallback(53)) - raft.server.rpc.first-election.timeout.max = 1200ms (fallback to raft.server.rpc.timeout.max)
2023-06-28 21:19:04,481 [Time-limited test] INFO  shell.TestOzoneShellHA (TestOzoneShellHA.java:execute(212)) - Executing OzoneShell command with args [key, put, o3://om-service-test1/vollst/bucket1/key75, /home/runner/work/ozone/ozone/hadoop-ozone/integration-test/target/test-dir/TestOzoneShellHA/testFile]
2023-06-28 21:19:04,540 [Time-limited test] INFO  shell.TestOzoneShellHA (TestOzoneShellHA.java:execute(212)) - Executing OzoneShell command with args [key, put, o3://om-service-test1/vollst/bucket1/key76, /home/runner/work/ozone/ozone/hadoop-ozone/integration-test/target/test-dir/TestOzoneShellHA/testFile]
2023-06-28 21:19:04,602 [Time-limited test] INFO  shell.TestOzoneShellHA (TestOzoneShellHA.java:execute(212)) - Executing OzoneShell command with args [key, put, o3://om-service-test1/vollst/bucket1/key77, /home/runner/work/ozone/ozone/hadoop-ozone/integration-test/target/test-dir/TestOzoneShellHA/testFile]
2023-06-28 21:19:04,658 [Time-limited test] INFO  shell.TestOzoneShellHA (TestOzoneShellHA.java:execute(212)) - Executing OzoneShell command with args [key, put, o3://om-service-test1/vollst/bucket1/key78, /home/runner/work/ozone/ozone/hadoop-ozone/integration-test/target/test-dir/TestOzoneShellHA/testFile]
2023-06-28 21:19:04,714 [Time-limited test] INFO  shell.TestOzoneShellHA (TestOzoneShellHA.java:execute(212)) - Executing OzoneShell command with args [key, put, o3://om-service-test1/vollst/bucket1/key79, /home/runner/work/ozone/ozone/hadoop-ozone/integration-test/target/test-dir/TestOzoneShellHA/testFile]
2023-06-28 21:19:04,780 [Time-limited test] INFO  shell.TestOzoneShellHA (TestOzoneShellHA.java:execute(212)) - Executing OzoneShell command with args [key, put, o3://om-service-test1/vollst/bucket1/key80, /home/runner/work/ozone/ozone/hadoop-ozone/integration-test/target/test-dir/TestOzoneShellHA/testFile]
2023-06-28 21:19:04,838 [Time-limited test] INFO  shell.TestOzoneShellHA (TestOzoneShellHA.java:execute(212)) - Executing OzoneShell command with args [key, put, o3://om-service-test1/vollst/bucket1/key81, /home/runner/work/ozone/ozone/hadoop-ozone/integration-test/target/test-dir/TestOzoneShellHA/testFile]
2023-06-28 21:19:04,890 [Time-limited test] INFO  shell.TestOzoneShellHA (TestOzoneShellHA.java:execute(212)) - Executing OzoneShell command with args [key, put, o3://om-service-test1/vollst/bucket1/key82, /home/runner/work/ozone/ozone/hadoop-ozone/integration-test/target/test-dir/TestOzoneShellHA/testFile]
2023-06-28 21:19:04,947 [Time-limited test] INFO  shell.TestOzoneShellHA (TestOzoneShellHA.java:execute(212)) - Executing OzoneShell command with args [key, put, o3://om-service-test1/vollst/bucket1/key83, /home/runner/work/ozone/ozone/hadoop-ozone/integration-test/target/test-dir/TestOzoneShellHA/testFile]
2023-06-28 21:19:05,002 [Time-limited test] INFO  shell.TestOzoneShellHA (TestOzoneShellHA.java:execute(212)) - Executing OzoneShell command with args [key, put, o3://om-service-test1/vollst/bucket1/key84, /home/runner/work/ozone/ozone/hadoop-ozone/integration-test/target/test-dir/TestOzoneShellHA/testFile]
2023-06-28 21:19:05,057 [Time-limited test] INFO  shell.TestOzoneShellHA (TestOzoneShellHA.java:execute(212)) - Executing OzoneShell command with args [key, put, o3://om-service-test1/vollst/bucket1/key85, /home/runner/work/ozone/ozone/hadoop-ozone/integration-test/target/test-dir/TestOzoneShellHA/testFile]
2023-06-28 21:19:05,117 [Time-limited test] INFO  shell.TestOzoneShellHA (TestOzoneShellHA.java:execute(212)) - Executing OzoneShell command with args [key, put, o3://om-service-test1/vollst/bucket1/key86, /home/runner/work/ozone/ozone/hadoop-ozone/integration-test/target/test-dir/TestOzoneShellHA/testFile]
2023-06-28 21:19:05,183 [Time-limited test] INFO  shell.TestOzoneShellHA (TestOzoneShellHA.java:execute(212)) - Executing OzoneShell command with args [key, put, o3://om-service-test1/vollst/bucket1/key87, /home/runner/work/ozone/ozone/hadoop-ozone/integration-test/target/test-dir/TestOzoneShellHA/testFile]
2023-06-28 21:19:05,239 [Time-limited test] INFO  shell.TestOzoneShellHA (TestOzoneShellHA.java:execute(212)) - Executing OzoneShell command with args [key, put, o3://om-service-test1/vollst/bucket1/key88, /home/runner/work/ozone/ozone/hadoop-ozone/integration-test/target/test-dir/TestOzoneShellHA/testFile]
2023-06-28 21:19:05,307 [Time-limited test] INFO  shell.TestOzoneShellHA (TestOzoneShellHA.java:execute(212)) - Executing OzoneShell command with args [key, put, o3://om-service-test1/vollst/bucket1/key89, /home/runner/work/ozone/ozone/hadoop-ozone/integration-test/target/test-dir/TestOzoneShellHA/testFile]
2023-06-28 21:19:05,367 [Time-limited test] INFO  shell.TestOzoneShellHA (TestOzoneShellHA.java:execute(212)) - Executing OzoneShell command with args [key, put, o3://om-service-test1/vollst/bucket1/key90, /home/runner/work/ozone/ozone/hadoop-ozone/integration-test/target/test-dir/TestOzoneShellHA/testFile]
2023-06-28 21:19:05,427 [Time-limited test] INFO  shell.TestOzoneShellHA (TestOzoneShellHA.java:execute(212)) - Executing OzoneShell command with args [key, put, o3://om-service-test1/vollst/bucket1/key91, /home/runner/work/ozone/ozone/hadoop-ozone/integration-test/target/test-dir/TestOzoneShellHA/testFile]
2023-06-28 21:19:05,436 [omNode-3@group-523986131536-FollowerState] INFO  server.RaftServerConfigKeys (ConfUtils.java:logFallback(53)) - raft.server.rpc.first-election.timeout.min = 1s (fallback to raft.server.rpc.timeout.min)
2023-06-28 21:19:05,436 [omNode-3@group-523986131536-FollowerState] INFO  server.RaftServerConfigKeys (ConfUtils.java:logFallback(53)) - raft.server.rpc.first-election.timeout.max = 1200ms (fallback to raft.server.rpc.timeout.max)
2023-06-28 21:19:05,483 [Time-limited test] INFO  shell.TestOzoneShellHA (TestOzoneShellHA.java:execute(212)) - Executing OzoneShell command with args [key, put, o3://om-service-test1/vollst/bucket1/key92, /home/runner/work/ozone/ozone/hadoop-ozone/integration-test/target/test-dir/TestOzoneShellHA/testFile]
2023-06-28 21:19:05,549 [Time-limited test] INFO  shell.TestOzoneShellHA (TestOzoneShellHA.java:execute(212)) - Executing OzoneShell command with args [key, put, o3://om-service-test1/vollst/bucket1/key93, /home/runner/work/ozone/ozone/hadoop-ozone/integration-test/target/test-dir/TestOzoneShellHA/testFile]
2023-06-28 21:19:05,607 [Time-limited test] INFO  shell.TestOzoneShellHA (TestOzoneShellHA.java:execute(212)) - Executing OzoneShell command with args [key, put, o3://om-service-test1/vollst/bucket1/key94, /home/runner/work/ozone/ozone/hadoop-ozone/integration-test/target/test-dir/TestOzoneShellHA/testFile]
2023-06-28 21:19:05,661 [Time-limited test] INFO  shell.TestOzoneShellHA (TestOzoneShellHA.java:execute(212)) - Executing OzoneShell command with args [key, put, o3://om-service-test1/vollst/bucket1/key95, /home/runner/work/ozone/ozone/hadoop-ozone/integration-test/target/test-dir/TestOzoneShellHA/testFile]
2023-06-28 21:19:05,720 [Time-limited test] INFO  shell.TestOzoneShellHA (TestOzoneShellHA.java:execute(212)) - Executing OzoneShell command with args [key, put, o3://om-service-test1/vollst/bucket1/key96, /home/runner/work/ozone/ozone/hadoop-ozone/integration-test/target/test-dir/TestOzoneShellHA/testFile]
2023-06-28 21:19:05,779 [Time-limited test] INFO  shell.TestOzoneShellHA (TestOzoneShellHA.java:execute(212)) - Executing OzoneShell command with args [key, put, o3://om-service-test1/vollst/bucket1/key97, /home/runner/work/ozone/ozone/hadoop-ozone/integration-test/target/test-dir/TestOzoneShellHA/testFile]
2023-06-28 21:19:05,833 [Time-limited test] INFO  shell.TestOzoneShellHA (TestOzoneShellHA.java:execute(212)) - Executing OzoneShell command with args [key, put, o3://om-service-test1/vollst/bucket1/key98, /home/runner/work/ozone/ozone/hadoop-ozone/integration-test/target/test-dir/TestOzoneShellHA/testFile]
2023-06-28 21:19:05,894 [Time-limited test] INFO  shell.TestOzoneShellHA (TestOzoneShellHA.java:execute(212)) - Executing OzoneShell command with args [key, put, o3://om-service-test1/vollst/bucket1/key99, /home/runner/work/ozone/ozone/hadoop-ozone/integration-test/target/test-dir/TestOzoneShellHA/testFile]
2023-06-28 21:19:05,959 [Time-limited test] INFO  shell.TestOzoneShellHA (TestOzoneShellHA.java:execute(212)) - Executing OzoneShell command with args [key, put, o3://om-service-test1/vollst/bucket1/key100, /home/runner/work/ozone/ozone/hadoop-ozone/integration-test/target/test-dir/TestOzoneShellHA/testFile]
2023-06-28 21:19:06,015 [Time-limited test] INFO  shell.TestOzoneShellHA (TestOzoneShellHA.java:execute(212)) - Executing OzoneShell command with args [key, put, o3://om-service-test1/vollst/bucket1/key101, /home/runner/work/ozone/ozone/hadoop-ozone/integration-test/target/test-dir/TestOzoneShellHA/testFile]
2023-06-28 21:19:06,072 [Time-limited test] INFO  shell.TestOzoneShellHA (TestOzoneShellHA.java:execute(212)) - Executing OzoneShell command with args [key, put, o3://om-service-test1/vollst/bucket1/key102, /home/runner/work/ozone/ozone/hadoop-ozone/integration-test/target/test-dir/TestOzoneShellHA/testFile]
2023-06-28 21:19:06,129 [Time-limited test] INFO  shell.TestOzoneShellHA (TestOzoneShellHA.java:execute(212)) - Executing OzoneShell command with args [key, put, o3://om-service-test1/vollst/bucket1/key103, /home/runner/work/ozone/ozone/hadoop-ozone/integration-test/target/test-dir/TestOzoneShellHA/testFile]
2023-06-28 21:19:06,190 [Time-limited test] INFO  shell.TestOzoneShellHA (TestOzoneShellHA.java:execute(212)) - Executing OzoneShell command with args [key, put, o3://om-service-test1/vollst/bucket1/key104, /home/runner/work/ozone/ozone/hadoop-ozone/integration-test/target/test-dir/TestOzoneShellHA/testFile]
2023-06-28 21:19:06,246 [Time-limited test] INFO  shell.TestOzoneShellHA (TestOzoneShellHA.java:execute(212)) - Executing OzoneShell command with args [key, put, o3://om-service-test1/vollst/bucket1/key105, /home/runner/work/ozone/ozone/hadoop-ozone/integration-test/target/test-dir/TestOzoneShellHA/testFile]
2023-06-28 21:19:06,308 [Time-limited test] INFO  shell.TestOzoneShellHA (TestOzoneShellHA.java:execute(212)) - Executing OzoneShell command with args [key, put, o3://om-service-test1/vollst/bucket1/key106, /home/runner/work/ozone/ozone/hadoop-ozone/integration-test/target/test-dir/TestOzoneShellHA/testFile]
2023-06-28 21:19:06,370 [Time-limited test] INFO  shell.TestOzoneShellHA (TestOzoneShellHA.java:execute(212)) - Executing OzoneShell command with args [key, put, o3://om-service-test1/vollst/bucket1/key107, /home/runner/work/ozone/ozone/hadoop-ozone/integration-test/target/test-dir/TestOzoneShellHA/testFile]
2023-06-28 21:19:06,427 [Time-limited test] INFO  shell.TestOzoneShellHA (TestOzoneShellHA.java:execute(212)) - Executing OzoneShell command with args [key, put, o3://om-service-test1/vollst/bucket1/key108, /home/runner/work/ozone/ozone/hadoop-ozone/integration-test/target/test-dir/TestOzoneShellHA/testFile]
2023-06-28 21:19:06,488 [Time-limited test] INFO  shell.TestOzoneShellHA (TestOzoneShellHA.java:execute(212)) - Executing OzoneShell command with args [key, put, o3://om-service-test1/vollst/bucket1/key109, /home/runner/work/ozone/ozone/hadoop-ozone/integration-test/target/test-dir/TestOzoneShellHA/testFile]
2023-06-28 21:19:06,546 [Time-limited test] INFO  shell.TestOzoneShellHA (TestOzoneShellHA.java:execute(212)) - Executing OzoneShell command with args [key, put, o3://om-service-test1/vollst/bucket1/key110, /home/runner/work/ozone/ozone/hadoop-ozone/integration-test/target/test-dir/TestOzoneShellHA/testFile]
2023-06-28 21:19:06,604 [Time-limited test] INFO  shell.TestOzoneShellHA (TestOzoneShellHA.java:execute(212)) - Executing OzoneShell command with args [key, put, o3://om-service-test1/vollst/bucket1/key111, /home/runner/work/ozone/ozone/hadoop-ozone/integration-test/target/test-dir/TestOzoneShellHA/testFile]
2023-06-28 21:19:06,615 [omNode-3@group-523986131536-FollowerState] INFO  server.RaftServerConfigKeys (ConfUtils.java:logFallback(53)) - raft.server.rpc.first-election.timeout.min = 1s (fallback to raft.server.rpc.timeout.min)
2023-06-28 21:19:06,616 [omNode-3@group-523986131536-FollowerState] INFO  server.RaftServerConfigKeys (ConfUtils.java:logFallback(53)) - raft.server.rpc.first-election.timeout.max = 1200ms (fallback to raft.server.rpc.timeout.max)
2023-06-28 21:19:06,722 [Time-limited test] INFO  shell.TestOzoneShellHA (TestOzoneShellHA.java:execute(212)) - Executing OzoneShell command with args [key, put, o3://om-service-test1/vollst/bucket1/key112, /home/runner/work/ozone/ozone/hadoop-ozone/integration-test/target/test-dir/TestOzoneShellHA/testFile]
2023-06-28 21:19:06,775 [Time-limited test] INFO  shell.TestOzoneShellHA (TestOzoneShellHA.java:execute(212)) - Executing OzoneShell command with args [key, put, o3://om-service-test1/vollst/bucket1/key113, /home/runner/work/ozone/ozone/hadoop-ozone/integration-test/target/test-dir/TestOzoneShellHA/testFile]
2023-06-28 21:19:06,826 [Time-limited test] INFO  shell.TestOzoneShellHA (TestOzoneShellHA.java:execute(212)) - Executing OzoneShell command with args [key, put, o3://om-service-test1/vollst/bucket1/key114, /home/runner/work/ozone/ozone/hadoop-ozone/integration-test/target/test-dir/TestOzoneShellHA/testFile]
2023-06-28 21:19:06,881 [Time-limited test] INFO  shell.TestOzoneShellHA (TestOzoneShellHA.java:execute(212)) - Executing OzoneShell command with args [key, put, o3://om-service-test1/vollst/bucket1/key115, /home/runner/work/ozone/ozone/hadoop-ozone/integration-test/target/test-dir/TestOzoneShellHA/testFile]
2023-06-28 21:19:06,938 [Time-limited test] INFO  shell.TestOzoneShellHA (TestOzoneShellHA.java:execute(212)) - Executing OzoneShell command with args [key, put, o3://om-service-test1/vollst/bucket1/key116, /home/runner/work/ozone/ozone/hadoop-ozone/integration-test/target/test-dir/TestOzoneShellHA/testFile]
2023-06-28 21:19:06,995 [Time-limited test] INFO  shell.TestOzoneShellHA (TestOzoneShellHA.java:execute(212)) - Executing OzoneShell command with args [key, put, o3://om-service-test1/vollst/bucket1/key117, /home/runner/work/ozone/ozone/hadoop-ozone/integration-test/target/test-dir/TestOzoneShellHA/testFile]
2023-06-28 21:19:07,051 [Time-limited test] INFO  shell.TestOzoneShellHA (TestOzoneShellHA.java:execute(212)) - Executing OzoneShell command with args [key, put, o3://om-service-test1/vollst/bucket1/key118, /home/runner/work/ozone/ozone/hadoop-ozone/integration-test/target/test-dir/TestOzoneShellHA/testFile]
2023-06-28 21:19:07,110 [Time-limited test] INFO  shell.TestOzoneShellHA (TestOzoneShellHA.java:execute(212)) - Executing OzoneShell command with args [key, put, o3://om-service-test1/vollst/bucket1/key119, /home/runner/work/ozone/ozone/hadoop-ozone/integration-test/target/test-dir/TestOzoneShellHA/testFile]
2023-06-28 21:19:07,165 [Time-limited test] INFO  shell.TestOzoneShellHA (TestOzoneShellHA.java:execute(212)) - Executing OzoneShell command with args [key, list, vollst]
2023-06-28 21:19:07,214 [Time-limited test] INFO  shell.TestOzoneShellHA (TestOzoneShellHA.java:execute(212)) - Executing OzoneShell command with args [key, list, --all, vollst]
]]></system-out>
  </testcase>
  <testcase name="testClientBucketLayoutValidation" classname="org.apache.hadoop.ozone.shell.TestOzoneShellHA" time="0.78">
    <system-out><![CDATA[2023-06-28 21:19:07,741 [omNode-3@group-523986131536-FollowerState] INFO  server.RaftServerConfigKeys (ConfUtils.java:logFallback(53)) - raft.server.rpc.first-election.timeout.min = 1s (fallback to raft.server.rpc.timeout.min)
2023-06-28 21:19:07,741 [omNode-3@group-523986131536-FollowerState] INFO  server.RaftServerConfigKeys (ConfUtils.java:logFallback(53)) - raft.server.rpc.first-election.timeout.max = 1200ms (fallback to raft.server.rpc.timeout.max)
2023-06-28 21:19:08,015 [Time-limited test] INFO  shell.TestOzoneShellHA (TestOzoneShellHA.java:execute(212)) - Executing OzoneShell command with args [volume, create, o3://om-service-test1/vol-d773e598-15f5-44e2-a592-5439191c0ab0]
2023-06-28 21:19:08,042 [Time-limited test] INFO  rpc.RpcClient (RpcClient.java:createVolume(460)) - Creating Volume: vol-d773e598-15f5-44e2-a592-5439191c0ab0, with runner as owner and space quota set to -1 bytes, counts quota set to -1
2023-06-28 21:19:08,046 [OM StateMachine ApplyTransaction Thread - 0] INFO  volume.OMVolumeCreateRequest (OMVolumeCreateRequest.java:validateAndUpdateCache(196)) - created volume:vol-d773e598-15f5-44e2-a592-5439191c0ab0 for user:runner
2023-06-28 21:19:08,047 [Time-limited test] INFO  shell.TestOzoneShellHA (TestOzoneShellHA.java:execute(212)) - Executing OzoneShell command with args [bucket, create, o3://om-service-test1/vol-d773e598-15f5-44e2-a592-5439191c0ab0/buck-1, --layout, ]
2023-06-28 21:19:08,049 [Time-limited test] INFO  shell.TestOzoneShellHA (TestOzoneShellHA.java:execute(212)) - Executing OzoneShell command with args [bucket, create, o3://om-service-test1/vol-d773e598-15f5-44e2-a592-5439191c0ab0/buck-2, --layout, INVALID]
]]></system-out>
  </testcase>
  <testcase name="testCreateBucketWithECReplicationConfigWithoutReplicationParam" classname="org.apache.hadoop.ozone.shell.TestOzoneShellHA" time="0.718">
    <system-out><![CDATA[2023-06-28 21:19:08,055 [OM StateMachine ApplyTransaction Thread - 0] INFO  volume.OMVolumeCreateRequest (OMVolumeCreateRequest.java:validateAndUpdateCache(196)) - created volume:vol-d773e598-15f5-44e2-a592-5439191c0ab0 for user:runner
2023-06-28 21:19:08,055 [OM StateMachine ApplyTransaction Thread - 0] INFO  volume.OMVolumeCreateRequest (OMVolumeCreateRequest.java:validateAndUpdateCache(196)) - created volume:vol-d773e598-15f5-44e2-a592-5439191c0ab0 for user:runner
2023-06-28 21:19:08,710 [Time-limited test] INFO  shell.TestOzoneShellHA (TestOzoneShellHA.java:execute(212)) - Executing OzoneShell command with args [volume, create, o3://om-service-test1/volume102]
2023-06-28 21:19:08,733 [Time-limited test] INFO  rpc.RpcClient (RpcClient.java:createVolume(460)) - Creating Volume: volume102, with runner as owner and space quota set to -1 bytes, counts quota set to -1
2023-06-28 21:19:08,740 [OM StateMachine ApplyTransaction Thread - 0] INFO  volume.OMVolumeCreateRequest (OMVolumeCreateRequest.java:validateAndUpdateCache(196)) - created volume:volume102 for user:runner
2023-06-28 21:19:08,741 [Time-limited test] INFO  shell.TestOzoneShellHA (TestOzoneShellHA.java:execute(212)) - Executing OzoneShell command with args [bucket, create, /volume102/bucket2, -t, EC]
2023-06-28 21:19:08,746 [OM StateMachine ApplyTransaction Thread - 0] INFO  volume.OMVolumeCreateRequest (OMVolumeCreateRequest.java:validateAndUpdateCache(196)) - created volume:volume102 for user:runner
2023-06-28 21:19:08,748 [OM StateMachine ApplyTransaction Thread - 0] INFO  volume.OMVolumeCreateRequest (OMVolumeCreateRequest.java:validateAndUpdateCache(196)) - created volume:volume102 for user:runner
]]></system-out>
  </testcase>
  <testcase name="testOzoneShCmdList" classname="org.apache.hadoop.ozone.shell.TestOzoneShellHA" time="10.108">
    <system-out><![CDATA[2023-06-28 21:19:08,799 [omNode-3@group-523986131536-FollowerState] INFO  server.RaftServerConfigKeys (ConfUtils.java:logFallback(53)) - raft.server.rpc.first-election.timeout.min = 1s (fallback to raft.server.rpc.timeout.min)
2023-06-28 21:19:08,799 [omNode-3@group-523986131536-FollowerState] INFO  server.RaftServerConfigKeys (ConfUtils.java:logFallback(53)) - raft.server.rpc.first-election.timeout.max = 1200ms (fallback to raft.server.rpc.timeout.max)
2023-06-28 21:19:09,465 [Time-limited test] INFO  shell.TestOzoneShellHA (TestOzoneShellHA.java:execute(212)) - Executing OzoneShell command with args [volume, create, o3://om-service-test1/volume4]
2023-06-28 21:19:09,488 [Time-limited test] INFO  rpc.RpcClient (RpcClient.java:createVolume(460)) - Creating Volume: volume4, with runner as owner and space quota set to -1 bytes, counts quota set to -1
2023-06-28 21:19:09,492 [OM StateMachine ApplyTransaction Thread - 0] INFO  volume.OMVolumeCreateRequest (OMVolumeCreateRequest.java:validateAndUpdateCache(196)) - created volume:volume4 for user:runner
2023-06-28 21:19:09,493 [Time-limited test] INFO  shell.TestOzoneShellHA (TestOzoneShellHA.java:execute(212)) - Executing OzoneShell command with args [bucket, create, o3://om-service-test1/volume4/bucket]
2023-06-28 21:19:09,501 [OM StateMachine ApplyTransaction Thread - 0] INFO  volume.OMVolumeCreateRequest (OMVolumeCreateRequest.java:validateAndUpdateCache(196)) - created volume:volume4 for user:runner
2023-06-28 21:19:09,501 [OM StateMachine ApplyTransaction Thread - 0] INFO  volume.OMVolumeCreateRequest (OMVolumeCreateRequest.java:validateAndUpdateCache(196)) - created volume:volume4 for user:runner
2023-06-28 21:19:09,545 [Time-limited test] INFO  rpc.RpcClient (RpcClient.java:createBucket(687)) - Creating Bucket: volume4/bucket, with server-side default bucket layout, runner as owner, Versioning false, Storage Type set to DISK and Encryption set to false, Replication Type set to server-side default replication type, Namespace Quota set to -1, Space Quota set to -1 
2023-06-28 21:19:09,549 [OM StateMachine ApplyTransaction Thread - 0] INFO  bucket.OMBucketCreateRequest (OMBucketCreateRequest.java:validateAndUpdateCache(270)) - created bucket: bucket of layout FILE_SYSTEM_OPTIMIZED in volume: volume4
2023-06-28 21:19:09,550 [Time-limited test] INFO  shell.TestOzoneShellHA (TestOzoneShellHA.java:execute(212)) - Executing OzoneShell command with args [key, put, o3://om-service-test1/volume4/bucket/key0, /home/runner/work/ozone/ozone/hadoop-ozone/integration-test/target/test-dir/TestOzoneShellHA/testFile]
2023-06-28 21:19:09,559 [OM StateMachine ApplyTransaction Thread - 0] INFO  bucket.OMBucketCreateRequest (OMBucketCreateRequest.java:validateAndUpdateCache(270)) - created bucket: bucket of layout FILE_SYSTEM_OPTIMIZED in volume: volume4
2023-06-28 21:19:09,560 [OM StateMachine ApplyTransaction Thread - 0] INFO  bucket.OMBucketCreateRequest (OMBucketCreateRequest.java:validateAndUpdateCache(270)) - created bucket: bucket of layout FILE_SYSTEM_OPTIMIZED in volume: volume4
2023-06-28 21:19:09,606 [Time-limited test] INFO  shell.TestOzoneShellHA (TestOzoneShellHA.java:execute(212)) - Executing OzoneShell command with args [key, put, o3://om-service-test1/volume4/bucket/key1, /home/runner/work/ozone/ozone/hadoop-ozone/integration-test/target/test-dir/TestOzoneShellHA/testFile]
2023-06-28 21:19:09,663 [Time-limited test] INFO  shell.TestOzoneShellHA (TestOzoneShellHA.java:execute(212)) - Executing OzoneShell command with args [key, put, o3://om-service-test1/volume4/bucket/key2, /home/runner/work/ozone/ozone/hadoop-ozone/integration-test/target/test-dir/TestOzoneShellHA/testFile]
2023-06-28 21:19:09,718 [Time-limited test] INFO  shell.TestOzoneShellHA (TestOzoneShellHA.java:execute(212)) - Executing OzoneShell command with args [key, put, o3://om-service-test1/volume4/bucket/key3, /home/runner/work/ozone/ozone/hadoop-ozone/integration-test/target/test-dir/TestOzoneShellHA/testFile]
2023-06-28 21:19:09,774 [Time-limited test] INFO  shell.TestOzoneShellHA (TestOzoneShellHA.java:execute(212)) - Executing OzoneShell command with args [key, put, o3://om-service-test1/volume4/bucket/key4, /home/runner/work/ozone/ozone/hadoop-ozone/integration-test/target/test-dir/TestOzoneShellHA/testFile]
2023-06-28 21:19:09,814 [omNode-3@group-523986131536-FollowerState] INFO  server.RaftServerConfigKeys (ConfUtils.java:logFallback(53)) - raft.server.rpc.first-election.timeout.min = 1s (fallback to raft.server.rpc.timeout.min)
2023-06-28 21:19:09,814 [omNode-3@group-523986131536-FollowerState] INFO  server.RaftServerConfigKeys (ConfUtils.java:logFallback(53)) - raft.server.rpc.first-election.timeout.max = 1200ms (fallback to raft.server.rpc.timeout.max)
2023-06-28 21:19:09,829 [Time-limited test] INFO  shell.TestOzoneShellHA (TestOzoneShellHA.java:execute(212)) - Executing OzoneShell command with args [key, put, o3://om-service-test1/volume4/bucket/key5, /home/runner/work/ozone/ozone/hadoop-ozone/integration-test/target/test-dir/TestOzoneShellHA/testFile]
2023-06-28 21:19:09,885 [Time-limited test] INFO  shell.TestOzoneShellHA (TestOzoneShellHA.java:execute(212)) - Executing OzoneShell command with args [key, put, o3://om-service-test1/volume4/bucket/key6, /home/runner/work/ozone/ozone/hadoop-ozone/integration-test/target/test-dir/TestOzoneShellHA/testFile]
2023-06-28 21:19:09,946 [Time-limited test] INFO  shell.TestOzoneShellHA (TestOzoneShellHA.java:execute(212)) - Executing OzoneShell command with args [key, put, o3://om-service-test1/volume4/bucket/key7, /home/runner/work/ozone/ozone/hadoop-ozone/integration-test/target/test-dir/TestOzoneShellHA/testFile]
2023-06-28 21:19:10,004 [Time-limited test] INFO  shell.TestOzoneShellHA (TestOzoneShellHA.java:execute(212)) - Executing OzoneShell command with args [key, put, o3://om-service-test1/volume4/bucket/key8, /home/runner/work/ozone/ozone/hadoop-ozone/integration-test/target/test-dir/TestOzoneShellHA/testFile]
2023-06-28 21:19:10,062 [Time-limited test] INFO  shell.TestOzoneShellHA (TestOzoneShellHA.java:execute(212)) - Executing OzoneShell command with args [key, put, o3://om-service-test1/volume4/bucket/key9, /home/runner/work/ozone/ozone/hadoop-ozone/integration-test/target/test-dir/TestOzoneShellHA/testFile]
2023-06-28 21:19:10,123 [Time-limited test] INFO  shell.TestOzoneShellHA (TestOzoneShellHA.java:execute(212)) - Executing OzoneShell command with args [key, put, o3://om-service-test1/volume4/bucket/key10, /home/runner/work/ozone/ozone/hadoop-ozone/integration-test/target/test-dir/TestOzoneShellHA/testFile]
2023-06-28 21:19:10,196 [Time-limited test] INFO  shell.TestOzoneShellHA (TestOzoneShellHA.java:execute(212)) - Executing OzoneShell command with args [key, put, o3://om-service-test1/volume4/bucket/key11, /home/runner/work/ozone/ozone/hadoop-ozone/integration-test/target/test-dir/TestOzoneShellHA/testFile]
2023-06-28 21:19:10,253 [Time-limited test] INFO  shell.TestOzoneShellHA (TestOzoneShellHA.java:execute(212)) - Executing OzoneShell command with args [key, put, o3://om-service-test1/volume4/bucket/key12, /home/runner/work/ozone/ozone/hadoop-ozone/integration-test/target/test-dir/TestOzoneShellHA/testFile]
2023-06-28 21:19:10,312 [Time-limited test] INFO  shell.TestOzoneShellHA (TestOzoneShellHA.java:execute(212)) - Executing OzoneShell command with args [key, put, o3://om-service-test1/volume4/bucket/key13, /home/runner/work/ozone/ozone/hadoop-ozone/integration-test/target/test-dir/TestOzoneShellHA/testFile]
2023-06-28 21:19:10,384 [Time-limited test] INFO  shell.TestOzoneShellHA (TestOzoneShellHA.java:execute(212)) - Executing OzoneShell command with args [key, put, o3://om-service-test1/volume4/bucket/key14, /home/runner/work/ozone/ozone/hadoop-ozone/integration-test/target/test-dir/TestOzoneShellHA/testFile]
2023-06-28 21:19:10,441 [Time-limited test] INFO  shell.TestOzoneShellHA (TestOzoneShellHA.java:execute(212)) - Executing OzoneShell command with args [key, put, o3://om-service-test1/volume4/bucket/key15, /home/runner/work/ozone/ozone/hadoop-ozone/integration-test/target/test-dir/TestOzoneShellHA/testFile]
2023-06-28 21:19:10,497 [Time-limited test] INFO  shell.TestOzoneShellHA (TestOzoneShellHA.java:execute(212)) - Executing OzoneShell command with args [key, put, o3://om-service-test1/volume4/bucket/key16, /home/runner/work/ozone/ozone/hadoop-ozone/integration-test/target/test-dir/TestOzoneShellHA/testFile]
2023-06-28 21:19:10,552 [Time-limited test] INFO  shell.TestOzoneShellHA (TestOzoneShellHA.java:execute(212)) - Executing OzoneShell command with args [key, put, o3://om-service-test1/volume4/bucket/key17, /home/runner/work/ozone/ozone/hadoop-ozone/integration-test/target/test-dir/TestOzoneShellHA/testFile]
2023-06-28 21:19:10,610 [Time-limited test] INFO  shell.TestOzoneShellHA (TestOzoneShellHA.java:execute(212)) - Executing OzoneShell command with args [key, put, o3://om-service-test1/volume4/bucket/key18, /home/runner/work/ozone/ozone/hadoop-ozone/integration-test/target/test-dir/TestOzoneShellHA/testFile]
2023-06-28 21:19:10,666 [Time-limited test] INFO  shell.TestOzoneShellHA (TestOzoneShellHA.java:execute(212)) - Executing OzoneShell command with args [key, put, o3://om-service-test1/volume4/bucket/key19, /home/runner/work/ozone/ozone/hadoop-ozone/integration-test/target/test-dir/TestOzoneShellHA/testFile]
2023-06-28 21:19:10,721 [Time-limited test] INFO  shell.TestOzoneShellHA (TestOzoneShellHA.java:execute(212)) - Executing OzoneShell command with args [key, put, o3://om-service-test1/volume4/bucket/key20, /home/runner/work/ozone/ozone/hadoop-ozone/integration-test/target/test-dir/TestOzoneShellHA/testFile]
2023-06-28 21:19:10,776 [Time-limited test] INFO  shell.TestOzoneShellHA (TestOzoneShellHA.java:execute(212)) - Executing OzoneShell command with args [key, put, o3://om-service-test1/volume4/bucket/key21, /home/runner/work/ozone/ozone/hadoop-ozone/integration-test/target/test-dir/TestOzoneShellHA/testFile]
2023-06-28 21:19:10,832 [Time-limited test] INFO  shell.TestOzoneShellHA (TestOzoneShellHA.java:execute(212)) - Executing OzoneShell command with args [key, put, o3://om-service-test1/volume4/bucket/key22, /home/runner/work/ozone/ozone/hadoop-ozone/integration-test/target/test-dir/TestOzoneShellHA/testFile]
2023-06-28 21:19:10,834 [omNode-3@group-523986131536-FollowerState] INFO  server.RaftServerConfigKeys (ConfUtils.java:logFallback(53)) - raft.server.rpc.first-election.timeout.min = 1s (fallback to raft.server.rpc.timeout.min)
2023-06-28 21:19:10,834 [omNode-3@group-523986131536-FollowerState] INFO  server.RaftServerConfigKeys (ConfUtils.java:logFallback(53)) - raft.server.rpc.first-election.timeout.max = 1200ms (fallback to raft.server.rpc.timeout.max)
2023-06-28 21:19:10,888 [Time-limited test] INFO  shell.TestOzoneShellHA (TestOzoneShellHA.java:execute(212)) - Executing OzoneShell command with args [key, put, o3://om-service-test1/volume4/bucket/key23, /home/runner/work/ozone/ozone/hadoop-ozone/integration-test/target/test-dir/TestOzoneShellHA/testFile]
2023-06-28 21:19:10,942 [Time-limited test] INFO  shell.TestOzoneShellHA (TestOzoneShellHA.java:execute(212)) - Executing OzoneShell command with args [key, put, o3://om-service-test1/volume4/bucket/key24, /home/runner/work/ozone/ozone/hadoop-ozone/integration-test/target/test-dir/TestOzoneShellHA/testFile]
2023-06-28 21:19:10,999 [Time-limited test] INFO  shell.TestOzoneShellHA (TestOzoneShellHA.java:execute(212)) - Executing OzoneShell command with args [key, put, o3://om-service-test1/volume4/bucket/key25, /home/runner/work/ozone/ozone/hadoop-ozone/integration-test/target/test-dir/TestOzoneShellHA/testFile]
2023-06-28 21:19:11,054 [Time-limited test] INFO  shell.TestOzoneShellHA (TestOzoneShellHA.java:execute(212)) - Executing OzoneShell command with args [key, put, o3://om-service-test1/volume4/bucket/key26, /home/runner/work/ozone/ozone/hadoop-ozone/integration-test/target/test-dir/TestOzoneShellHA/testFile]
2023-06-28 21:19:11,110 [Time-limited test] INFO  shell.TestOzoneShellHA (TestOzoneShellHA.java:execute(212)) - Executing OzoneShell command with args [key, put, o3://om-service-test1/volume4/bucket/key27, /home/runner/work/ozone/ozone/hadoop-ozone/integration-test/target/test-dir/TestOzoneShellHA/testFile]
2023-06-28 21:19:11,172 [Time-limited test] INFO  shell.TestOzoneShellHA (TestOzoneShellHA.java:execute(212)) - Executing OzoneShell command with args [key, put, o3://om-service-test1/volume4/bucket/key28, /home/runner/work/ozone/ozone/hadoop-ozone/integration-test/target/test-dir/TestOzoneShellHA/testFile]
2023-06-28 21:19:11,236 [Time-limited test] INFO  shell.TestOzoneShellHA (TestOzoneShellHA.java:execute(212)) - Executing OzoneShell command with args [key, put, o3://om-service-test1/volume4/bucket/key29, /home/runner/work/ozone/ozone/hadoop-ozone/integration-test/target/test-dir/TestOzoneShellHA/testFile]
2023-06-28 21:19:11,306 [Time-limited test] INFO  shell.TestOzoneShellHA (TestOzoneShellHA.java:execute(212)) - Executing OzoneShell command with args [key, put, o3://om-service-test1/volume4/bucket/key30, /home/runner/work/ozone/ozone/hadoop-ozone/integration-test/target/test-dir/TestOzoneShellHA/testFile]
2023-06-28 21:19:11,365 [Time-limited test] INFO  shell.TestOzoneShellHA (TestOzoneShellHA.java:execute(212)) - Executing OzoneShell command with args [key, put, o3://om-service-test1/volume4/bucket/key31, /home/runner/work/ozone/ozone/hadoop-ozone/integration-test/target/test-dir/TestOzoneShellHA/testFile]
2023-06-28 21:19:11,420 [Time-limited test] INFO  shell.TestOzoneShellHA (TestOzoneShellHA.java:execute(212)) - Executing OzoneShell command with args [key, put, o3://om-service-test1/volume4/bucket/key32, /home/runner/work/ozone/ozone/hadoop-ozone/integration-test/target/test-dir/TestOzoneShellHA/testFile]
2023-06-28 21:19:11,482 [Time-limited test] INFO  shell.TestOzoneShellHA (TestOzoneShellHA.java:execute(212)) - Executing OzoneShell command with args [key, put, o3://om-service-test1/volume4/bucket/key33, /home/runner/work/ozone/ozone/hadoop-ozone/integration-test/target/test-dir/TestOzoneShellHA/testFile]
2023-06-28 21:19:11,540 [Time-limited test] INFO  shell.TestOzoneShellHA (TestOzoneShellHA.java:execute(212)) - Executing OzoneShell command with args [key, put, o3://om-service-test1/volume4/bucket/key34, /home/runner/work/ozone/ozone/hadoop-ozone/integration-test/target/test-dir/TestOzoneShellHA/testFile]
2023-06-28 21:19:11,602 [Time-limited test] INFO  shell.TestOzoneShellHA (TestOzoneShellHA.java:execute(212)) - Executing OzoneShell command with args [key, put, o3://om-service-test1/volume4/bucket/key35, /home/runner/work/ozone/ozone/hadoop-ozone/integration-test/target/test-dir/TestOzoneShellHA/testFile]
2023-06-28 21:19:11,663 [Time-limited test] INFO  shell.TestOzoneShellHA (TestOzoneShellHA.java:execute(212)) - Executing OzoneShell command with args [key, put, o3://om-service-test1/volume4/bucket/key36, /home/runner/work/ozone/ozone/hadoop-ozone/integration-test/target/test-dir/TestOzoneShellHA/testFile]
2023-06-28 21:19:11,711 [Time-limited test] INFO  shell.TestOzoneShellHA (TestOzoneShellHA.java:execute(212)) - Executing OzoneShell command with args [key, put, o3://om-service-test1/volume4/bucket/key37, /home/runner/work/ozone/ozone/hadoop-ozone/integration-test/target/test-dir/TestOzoneShellHA/testFile]
2023-06-28 21:19:11,771 [Time-limited test] INFO  shell.TestOzoneShellHA (TestOzoneShellHA.java:execute(212)) - Executing OzoneShell command with args [key, put, o3://om-service-test1/volume4/bucket/key38, /home/runner/work/ozone/ozone/hadoop-ozone/integration-test/target/test-dir/TestOzoneShellHA/testFile]
2023-06-28 21:19:11,844 [Time-limited test] INFO  shell.TestOzoneShellHA (TestOzoneShellHA.java:execute(212)) - Executing OzoneShell command with args [key, put, o3://om-service-test1/volume4/bucket/key39, /home/runner/work/ozone/ozone/hadoop-ozone/integration-test/target/test-dir/TestOzoneShellHA/testFile]
2023-06-28 21:19:11,901 [Time-limited test] INFO  shell.TestOzoneShellHA (TestOzoneShellHA.java:execute(212)) - Executing OzoneShell command with args [key, put, o3://om-service-test1/volume4/bucket/key40, /home/runner/work/ozone/ozone/hadoop-ozone/integration-test/target/test-dir/TestOzoneShellHA/testFile]
2023-06-28 21:19:11,948 [omNode-3@group-523986131536-FollowerState] INFO  server.RaftServerConfigKeys (ConfUtils.java:logFallback(53)) - raft.server.rpc.first-election.timeout.min = 1s (fallback to raft.server.rpc.timeout.min)
2023-06-28 21:19:11,948 [omNode-3@group-523986131536-FollowerState] INFO  server.RaftServerConfigKeys (ConfUtils.java:logFallback(53)) - raft.server.rpc.first-election.timeout.max = 1200ms (fallback to raft.server.rpc.timeout.max)
2023-06-28 21:19:11,956 [Time-limited test] INFO  shell.TestOzoneShellHA (TestOzoneShellHA.java:execute(212)) - Executing OzoneShell command with args [key, put, o3://om-service-test1/volume4/bucket/key41, /home/runner/work/ozone/ozone/hadoop-ozone/integration-test/target/test-dir/TestOzoneShellHA/testFile]
2023-06-28 21:19:12,010 [Time-limited test] INFO  shell.TestOzoneShellHA (TestOzoneShellHA.java:execute(212)) - Executing OzoneShell command with args [key, put, o3://om-service-test1/volume4/bucket/key42, /home/runner/work/ozone/ozone/hadoop-ozone/integration-test/target/test-dir/TestOzoneShellHA/testFile]
2023-06-28 21:19:12,070 [Time-limited test] INFO  shell.TestOzoneShellHA (TestOzoneShellHA.java:execute(212)) - Executing OzoneShell command with args [key, put, o3://om-service-test1/volume4/bucket/key43, /home/runner/work/ozone/ozone/hadoop-ozone/integration-test/target/test-dir/TestOzoneShellHA/testFile]
2023-06-28 21:19:12,130 [Time-limited test] INFO  shell.TestOzoneShellHA (TestOzoneShellHA.java:execute(212)) - Executing OzoneShell command with args [key, put, o3://om-service-test1/volume4/bucket/key44, /home/runner/work/ozone/ozone/hadoop-ozone/integration-test/target/test-dir/TestOzoneShellHA/testFile]
2023-06-28 21:19:12,195 [Time-limited test] INFO  shell.TestOzoneShellHA (TestOzoneShellHA.java:execute(212)) - Executing OzoneShell command with args [key, put, o3://om-service-test1/volume4/bucket/key45, /home/runner/work/ozone/ozone/hadoop-ozone/integration-test/target/test-dir/TestOzoneShellHA/testFile]
2023-06-28 21:19:12,262 [Time-limited test] INFO  shell.TestOzoneShellHA (TestOzoneShellHA.java:execute(212)) - Executing OzoneShell command with args [key, put, o3://om-service-test1/volume4/bucket/key46, /home/runner/work/ozone/ozone/hadoop-ozone/integration-test/target/test-dir/TestOzoneShellHA/testFile]
2023-06-28 21:19:12,316 [Time-limited test] INFO  shell.TestOzoneShellHA (TestOzoneShellHA.java:execute(212)) - Executing OzoneShell command with args [key, put, o3://om-service-test1/volume4/bucket/key47, /home/runner/work/ozone/ozone/hadoop-ozone/integration-test/target/test-dir/TestOzoneShellHA/testFile]
2023-06-28 21:19:12,373 [Time-limited test] INFO  shell.TestOzoneShellHA (TestOzoneShellHA.java:execute(212)) - Executing OzoneShell command with args [key, put, o3://om-service-test1/volume4/bucket/key48, /home/runner/work/ozone/ozone/hadoop-ozone/integration-test/target/test-dir/TestOzoneShellHA/testFile]
2023-06-28 21:19:12,430 [Time-limited test] INFO  shell.TestOzoneShellHA (TestOzoneShellHA.java:execute(212)) - Executing OzoneShell command with args [key, put, o3://om-service-test1/volume4/bucket/key49, /home/runner/work/ozone/ozone/hadoop-ozone/integration-test/target/test-dir/TestOzoneShellHA/testFile]
2023-06-28 21:19:12,512 [Time-limited test] INFO  shell.TestOzoneShellHA (TestOzoneShellHA.java:execute(212)) - Executing OzoneShell command with args [key, put, o3://om-service-test1/volume4/bucket/key50, /home/runner/work/ozone/ozone/hadoop-ozone/integration-test/target/test-dir/TestOzoneShellHA/testFile]
2023-06-28 21:19:12,567 [Time-limited test] INFO  shell.TestOzoneShellHA (TestOzoneShellHA.java:execute(212)) - Executing OzoneShell command with args [key, put, o3://om-service-test1/volume4/bucket/key51, /home/runner/work/ozone/ozone/hadoop-ozone/integration-test/target/test-dir/TestOzoneShellHA/testFile]
2023-06-28 21:19:12,632 [Time-limited test] INFO  shell.TestOzoneShellHA (TestOzoneShellHA.java:execute(212)) - Executing OzoneShell command with args [key, put, o3://om-service-test1/volume4/bucket/key52, /home/runner/work/ozone/ozone/hadoop-ozone/integration-test/target/test-dir/TestOzoneShellHA/testFile]
2023-06-28 21:19:12,686 [Time-limited test] INFO  shell.TestOzoneShellHA (TestOzoneShellHA.java:execute(212)) - Executing OzoneShell command with args [key, put, o3://om-service-test1/volume4/bucket/key53, /home/runner/work/ozone/ozone/hadoop-ozone/integration-test/target/test-dir/TestOzoneShellHA/testFile]
2023-06-28 21:19:12,743 [Time-limited test] INFO  shell.TestOzoneShellHA (TestOzoneShellHA.java:execute(212)) - Executing OzoneShell command with args [key, put, o3://om-service-test1/volume4/bucket/key54, /home/runner/work/ozone/ozone/hadoop-ozone/integration-test/target/test-dir/TestOzoneShellHA/testFile]
2023-06-28 21:19:12,798 [Time-limited test] INFO  shell.TestOzoneShellHA (TestOzoneShellHA.java:execute(212)) - Executing OzoneShell command with args [key, put, o3://om-service-test1/volume4/bucket/key55, /home/runner/work/ozone/ozone/hadoop-ozone/integration-test/target/test-dir/TestOzoneShellHA/testFile]
2023-06-28 21:19:12,852 [Time-limited test] INFO  shell.TestOzoneShellHA (TestOzoneShellHA.java:execute(212)) - Executing OzoneShell command with args [key, put, o3://om-service-test1/volume4/bucket/key56, /home/runner/work/ozone/ozone/hadoop-ozone/integration-test/target/test-dir/TestOzoneShellHA/testFile]
2023-06-28 21:19:12,910 [Time-limited test] INFO  shell.TestOzoneShellHA (TestOzoneShellHA.java:execute(212)) - Executing OzoneShell command with args [key, put, o3://om-service-test1/volume4/bucket/key57, /home/runner/work/ozone/ozone/hadoop-ozone/integration-test/target/test-dir/TestOzoneShellHA/testFile]
2023-06-28 21:19:12,958 [omNode-3@group-523986131536-FollowerState] INFO  server.RaftServerConfigKeys (ConfUtils.java:logFallback(53)) - raft.server.rpc.first-election.timeout.min = 1s (fallback to raft.server.rpc.timeout.min)
2023-06-28 21:19:12,958 [omNode-3@group-523986131536-FollowerState] INFO  server.RaftServerConfigKeys (ConfUtils.java:logFallback(53)) - raft.server.rpc.first-election.timeout.max = 1200ms (fallback to raft.server.rpc.timeout.max)
2023-06-28 21:19:12,965 [Time-limited test] INFO  shell.TestOzoneShellHA (TestOzoneShellHA.java:execute(212)) - Executing OzoneShell command with args [key, put, o3://om-service-test1/volume4/bucket/key58, /home/runner/work/ozone/ozone/hadoop-ozone/integration-test/target/test-dir/TestOzoneShellHA/testFile]
2023-06-28 21:19:13,020 [Time-limited test] INFO  shell.TestOzoneShellHA (TestOzoneShellHA.java:execute(212)) - Executing OzoneShell command with args [key, put, o3://om-service-test1/volume4/bucket/key59, /home/runner/work/ozone/ozone/hadoop-ozone/integration-test/target/test-dir/TestOzoneShellHA/testFile]
2023-06-28 21:19:13,075 [Time-limited test] INFO  shell.TestOzoneShellHA (TestOzoneShellHA.java:execute(212)) - Executing OzoneShell command with args [key, put, o3://om-service-test1/volume4/bucket/key60, /home/runner/work/ozone/ozone/hadoop-ozone/integration-test/target/test-dir/TestOzoneShellHA/testFile]
2023-06-28 21:19:13,128 [Time-limited test] INFO  shell.TestOzoneShellHA (TestOzoneShellHA.java:execute(212)) - Executing OzoneShell command with args [key, put, o3://om-service-test1/volume4/bucket/key61, /home/runner/work/ozone/ozone/hadoop-ozone/integration-test/target/test-dir/TestOzoneShellHA/testFile]
2023-06-28 21:19:13,186 [Time-limited test] INFO  shell.TestOzoneShellHA (TestOzoneShellHA.java:execute(212)) - Executing OzoneShell command with args [key, put, o3://om-service-test1/volume4/bucket/key62, /home/runner/work/ozone/ozone/hadoop-ozone/integration-test/target/test-dir/TestOzoneShellHA/testFile]
2023-06-28 21:19:13,244 [Time-limited test] INFO  shell.TestOzoneShellHA (TestOzoneShellHA.java:execute(212)) - Executing OzoneShell command with args [key, put, o3://om-service-test1/volume4/bucket/key63, /home/runner/work/ozone/ozone/hadoop-ozone/integration-test/target/test-dir/TestOzoneShellHA/testFile]
2023-06-28 21:19:13,304 [Time-limited test] INFO  shell.TestOzoneShellHA (TestOzoneShellHA.java:execute(212)) - Executing OzoneShell command with args [key, put, o3://om-service-test1/volume4/bucket/key64, /home/runner/work/ozone/ozone/hadoop-ozone/integration-test/target/test-dir/TestOzoneShellHA/testFile]
2023-06-28 21:19:13,356 [Time-limited test] INFO  shell.TestOzoneShellHA (TestOzoneShellHA.java:execute(212)) - Executing OzoneShell command with args [key, put, o3://om-service-test1/volume4/bucket/key65, /home/runner/work/ozone/ozone/hadoop-ozone/integration-test/target/test-dir/TestOzoneShellHA/testFile]
2023-06-28 21:19:13,411 [Time-limited test] INFO  shell.TestOzoneShellHA (TestOzoneShellHA.java:execute(212)) - Executing OzoneShell command with args [key, put, o3://om-service-test1/volume4/bucket/key66, /home/runner/work/ozone/ozone/hadoop-ozone/integration-test/target/test-dir/TestOzoneShellHA/testFile]
2023-06-28 21:19:13,463 [Time-limited test] INFO  shell.TestOzoneShellHA (TestOzoneShellHA.java:execute(212)) - Executing OzoneShell command with args [key, put, o3://om-service-test1/volume4/bucket/key67, /home/runner/work/ozone/ozone/hadoop-ozone/integration-test/target/test-dir/TestOzoneShellHA/testFile]
2023-06-28 21:19:13,518 [Time-limited test] INFO  shell.TestOzoneShellHA (TestOzoneShellHA.java:execute(212)) - Executing OzoneShell command with args [key, put, o3://om-service-test1/volume4/bucket/key68, /home/runner/work/ozone/ozone/hadoop-ozone/integration-test/target/test-dir/TestOzoneShellHA/testFile]
2023-06-28 21:19:13,573 [Time-limited test] INFO  shell.TestOzoneShellHA (TestOzoneShellHA.java:execute(212)) - Executing OzoneShell command with args [key, put, o3://om-service-test1/volume4/bucket/key69, /home/runner/work/ozone/ozone/hadoop-ozone/integration-test/target/test-dir/TestOzoneShellHA/testFile]
2023-06-28 21:19:13,629 [Time-limited test] INFO  shell.TestOzoneShellHA (TestOzoneShellHA.java:execute(212)) - Executing OzoneShell command with args [key, put, o3://om-service-test1/volume4/bucket/key70, /home/runner/work/ozone/ozone/hadoop-ozone/integration-test/target/test-dir/TestOzoneShellHA/testFile]
2023-06-28 21:19:13,682 [Time-limited test] INFO  shell.TestOzoneShellHA (TestOzoneShellHA.java:execute(212)) - Executing OzoneShell command with args [key, put, o3://om-service-test1/volume4/bucket/key71, /home/runner/work/ozone/ozone/hadoop-ozone/integration-test/target/test-dir/TestOzoneShellHA/testFile]
2023-06-28 21:19:13,743 [Time-limited test] INFO  shell.TestOzoneShellHA (TestOzoneShellHA.java:execute(212)) - Executing OzoneShell command with args [key, put, o3://om-service-test1/volume4/bucket/key72, /home/runner/work/ozone/ozone/hadoop-ozone/integration-test/target/test-dir/TestOzoneShellHA/testFile]
2023-06-28 21:19:13,894 [Time-limited test] INFO  shell.TestOzoneShellHA (TestOzoneShellHA.java:execute(212)) - Executing OzoneShell command with args [key, put, o3://om-service-test1/volume4/bucket/key73, /home/runner/work/ozone/ozone/hadoop-ozone/integration-test/target/test-dir/TestOzoneShellHA/testFile]
2023-06-28 21:19:13,951 [Time-limited test] INFO  shell.TestOzoneShellHA (TestOzoneShellHA.java:execute(212)) - Executing OzoneShell command with args [key, put, o3://om-service-test1/volume4/bucket/key74, /home/runner/work/ozone/ozone/hadoop-ozone/integration-test/target/test-dir/TestOzoneShellHA/testFile]
2023-06-28 21:19:13,997 [omNode-3@group-523986131536-FollowerState] INFO  server.RaftServerConfigKeys (ConfUtils.java:logFallback(53)) - raft.server.rpc.first-election.timeout.min = 1s (fallback to raft.server.rpc.timeout.min)
2023-06-28 21:19:13,997 [omNode-3@group-523986131536-FollowerState] INFO  server.RaftServerConfigKeys (ConfUtils.java:logFallback(53)) - raft.server.rpc.first-election.timeout.max = 1200ms (fallback to raft.server.rpc.timeout.max)
2023-06-28 21:19:14,005 [Time-limited test] INFO  shell.TestOzoneShellHA (TestOzoneShellHA.java:execute(212)) - Executing OzoneShell command with args [key, put, o3://om-service-test1/volume4/bucket/key75, /home/runner/work/ozone/ozone/hadoop-ozone/integration-test/target/test-dir/TestOzoneShellHA/testFile]
2023-06-28 21:19:14,060 [Time-limited test] INFO  shell.TestOzoneShellHA (TestOzoneShellHA.java:execute(212)) - Executing OzoneShell command with args [key, put, o3://om-service-test1/volume4/bucket/key76, /home/runner/work/ozone/ozone/hadoop-ozone/integration-test/target/test-dir/TestOzoneShellHA/testFile]
2023-06-28 21:19:14,122 [Time-limited test] INFO  shell.TestOzoneShellHA (TestOzoneShellHA.java:execute(212)) - Executing OzoneShell command with args [key, put, o3://om-service-test1/volume4/bucket/key77, /home/runner/work/ozone/ozone/hadoop-ozone/integration-test/target/test-dir/TestOzoneShellHA/testFile]
2023-06-28 21:19:14,182 [Time-limited test] INFO  shell.TestOzoneShellHA (TestOzoneShellHA.java:execute(212)) - Executing OzoneShell command with args [key, put, o3://om-service-test1/volume4/bucket/key78, /home/runner/work/ozone/ozone/hadoop-ozone/integration-test/target/test-dir/TestOzoneShellHA/testFile]
2023-06-28 21:19:14,237 [Time-limited test] INFO  shell.TestOzoneShellHA (TestOzoneShellHA.java:execute(212)) - Executing OzoneShell command with args [key, put, o3://om-service-test1/volume4/bucket/key79, /home/runner/work/ozone/ozone/hadoop-ozone/integration-test/target/test-dir/TestOzoneShellHA/testFile]
2023-06-28 21:19:14,298 [Time-limited test] INFO  shell.TestOzoneShellHA (TestOzoneShellHA.java:execute(212)) - Executing OzoneShell command with args [key, put, o3://om-service-test1/volume4/bucket/key80, /home/runner/work/ozone/ozone/hadoop-ozone/integration-test/target/test-dir/TestOzoneShellHA/testFile]
2023-06-28 21:19:14,357 [Time-limited test] INFO  shell.TestOzoneShellHA (TestOzoneShellHA.java:execute(212)) - Executing OzoneShell command with args [key, put, o3://om-service-test1/volume4/bucket/key81, /home/runner/work/ozone/ozone/hadoop-ozone/integration-test/target/test-dir/TestOzoneShellHA/testFile]
2023-06-28 21:19:14,415 [Time-limited test] INFO  shell.TestOzoneShellHA (TestOzoneShellHA.java:execute(212)) - Executing OzoneShell command with args [key, put, o3://om-service-test1/volume4/bucket/key82, /home/runner/work/ozone/ozone/hadoop-ozone/integration-test/target/test-dir/TestOzoneShellHA/testFile]
2023-06-28 21:19:14,481 [Time-limited test] INFO  shell.TestOzoneShellHA (TestOzoneShellHA.java:execute(212)) - Executing OzoneShell command with args [key, put, o3://om-service-test1/volume4/bucket/key83, /home/runner/work/ozone/ozone/hadoop-ozone/integration-test/target/test-dir/TestOzoneShellHA/testFile]
2023-06-28 21:19:14,543 [Time-limited test] INFO  shell.TestOzoneShellHA (TestOzoneShellHA.java:execute(212)) - Executing OzoneShell command with args [key, put, o3://om-service-test1/volume4/bucket/key84, /home/runner/work/ozone/ozone/hadoop-ozone/integration-test/target/test-dir/TestOzoneShellHA/testFile]
2023-06-28 21:19:14,608 [Time-limited test] INFO  shell.TestOzoneShellHA (TestOzoneShellHA.java:execute(212)) - Executing OzoneShell command with args [key, put, o3://om-service-test1/volume4/bucket/key85, /home/runner/work/ozone/ozone/hadoop-ozone/integration-test/target/test-dir/TestOzoneShellHA/testFile]
2023-06-28 21:19:14,670 [Time-limited test] INFO  shell.TestOzoneShellHA (TestOzoneShellHA.java:execute(212)) - Executing OzoneShell command with args [key, put, o3://om-service-test1/volume4/bucket/key86, /home/runner/work/ozone/ozone/hadoop-ozone/integration-test/target/test-dir/TestOzoneShellHA/testFile]
2023-06-28 21:19:14,727 [Time-limited test] INFO  shell.TestOzoneShellHA (TestOzoneShellHA.java:execute(212)) - Executing OzoneShell command with args [key, put, o3://om-service-test1/volume4/bucket/key87, /home/runner/work/ozone/ozone/hadoop-ozone/integration-test/target/test-dir/TestOzoneShellHA/testFile]
2023-06-28 21:19:14,790 [Time-limited test] INFO  shell.TestOzoneShellHA (TestOzoneShellHA.java:execute(212)) - Executing OzoneShell command with args [key, put, o3://om-service-test1/volume4/bucket/key88, /home/runner/work/ozone/ozone/hadoop-ozone/integration-test/target/test-dir/TestOzoneShellHA/testFile]
2023-06-28 21:19:14,846 [Time-limited test] INFO  shell.TestOzoneShellHA (TestOzoneShellHA.java:execute(212)) - Executing OzoneShell command with args [key, put, o3://om-service-test1/volume4/bucket/key89, /home/runner/work/ozone/ozone/hadoop-ozone/integration-test/target/test-dir/TestOzoneShellHA/testFile]
2023-06-28 21:19:14,908 [Time-limited test] INFO  shell.TestOzoneShellHA (TestOzoneShellHA.java:execute(212)) - Executing OzoneShell command with args [key, put, o3://om-service-test1/volume4/bucket/key90, /home/runner/work/ozone/ozone/hadoop-ozone/integration-test/target/test-dir/TestOzoneShellHA/testFile]
2023-06-28 21:19:14,967 [Time-limited test] INFO  shell.TestOzoneShellHA (TestOzoneShellHA.java:execute(212)) - Executing OzoneShell command with args [key, put, o3://om-service-test1/volume4/bucket/key91, /home/runner/work/ozone/ozone/hadoop-ozone/integration-test/target/test-dir/TestOzoneShellHA/testFile]
2023-06-28 21:19:15,022 [Time-limited test] INFO  shell.TestOzoneShellHA (TestOzoneShellHA.java:execute(212)) - Executing OzoneShell command with args [key, put, o3://om-service-test1/volume4/bucket/key92, /home/runner/work/ozone/ozone/hadoop-ozone/integration-test/target/test-dir/TestOzoneShellHA/testFile]
2023-06-28 21:19:15,075 [Time-limited test] INFO  shell.TestOzoneShellHA (TestOzoneShellHA.java:execute(212)) - Executing OzoneShell command with args [key, put, o3://om-service-test1/volume4/bucket/key93, /home/runner/work/ozone/ozone/hadoop-ozone/integration-test/target/test-dir/TestOzoneShellHA/testFile]
2023-06-28 21:19:15,134 [Time-limited test] INFO  shell.TestOzoneShellHA (TestOzoneShellHA.java:execute(212)) - Executing OzoneShell command with args [key, put, o3://om-service-test1/volume4/bucket/key94, /home/runner/work/ozone/ozone/hadoop-ozone/integration-test/target/test-dir/TestOzoneShellHA/testFile]
2023-06-28 21:19:15,165 [omNode-3@group-523986131536-FollowerState] INFO  server.RaftServerConfigKeys (ConfUtils.java:logFallback(53)) - raft.server.rpc.first-election.timeout.min = 1s (fallback to raft.server.rpc.timeout.min)
2023-06-28 21:19:15,165 [omNode-3@group-523986131536-FollowerState] INFO  server.RaftServerConfigKeys (ConfUtils.java:logFallback(53)) - raft.server.rpc.first-election.timeout.max = 1200ms (fallback to raft.server.rpc.timeout.max)
2023-06-28 21:19:15,195 [Time-limited test] INFO  shell.TestOzoneShellHA (TestOzoneShellHA.java:execute(212)) - Executing OzoneShell command with args [key, put, o3://om-service-test1/volume4/bucket/key95, /home/runner/work/ozone/ozone/hadoop-ozone/integration-test/target/test-dir/TestOzoneShellHA/testFile]
2023-06-28 21:19:15,247 [Time-limited test] INFO  shell.TestOzoneShellHA (TestOzoneShellHA.java:execute(212)) - Executing OzoneShell command with args [key, put, o3://om-service-test1/volume4/bucket/key96, /home/runner/work/ozone/ozone/hadoop-ozone/integration-test/target/test-dir/TestOzoneShellHA/testFile]
2023-06-28 21:19:15,300 [Time-limited test] INFO  shell.TestOzoneShellHA (TestOzoneShellHA.java:execute(212)) - Executing OzoneShell command with args [key, put, o3://om-service-test1/volume4/bucket/key97, /home/runner/work/ozone/ozone/hadoop-ozone/integration-test/target/test-dir/TestOzoneShellHA/testFile]
2023-06-28 21:19:15,353 [Time-limited test] INFO  shell.TestOzoneShellHA (TestOzoneShellHA.java:execute(212)) - Executing OzoneShell command with args [key, put, o3://om-service-test1/volume4/bucket/key98, /home/runner/work/ozone/ozone/hadoop-ozone/integration-test/target/test-dir/TestOzoneShellHA/testFile]
2023-06-28 21:19:15,407 [Time-limited test] INFO  shell.TestOzoneShellHA (TestOzoneShellHA.java:execute(212)) - Executing OzoneShell command with args [key, put, o3://om-service-test1/volume4/bucket/key99, /home/runner/work/ozone/ozone/hadoop-ozone/integration-test/target/test-dir/TestOzoneShellHA/testFile]
2023-06-28 21:19:15,462 [Time-limited test] INFO  shell.TestOzoneShellHA (TestOzoneShellHA.java:execute(212)) - Executing OzoneShell command with args [key, list, o3://om-service-test1/volume4/bucket]
2023-06-28 21:19:15,505 [Time-limited test] INFO  shell.TestOzoneShellHA (TestOzoneShellHA.java:execute(212)) - Executing OzoneShell command with args [key, list, --start=key99, o3://om-service-test1/volume4/bucket]
2023-06-28 21:19:15,544 [Time-limited test] INFO  shell.TestOzoneShellHA (TestOzoneShellHA.java:execute(212)) - Executing OzoneShell command with args [volume, create, o3://om-service-test1/volume5]
2023-06-28 21:19:15,567 [Time-limited test] INFO  rpc.RpcClient (RpcClient.java:createVolume(460)) - Creating Volume: volume5, with runner as owner and space quota set to -1 bytes, counts quota set to -1
2023-06-28 21:19:15,570 [OM StateMachine ApplyTransaction Thread - 0] INFO  volume.OMVolumeCreateRequest (OMVolumeCreateRequest.java:validateAndUpdateCache(196)) - created volume:volume5 for user:runner
2023-06-28 21:19:15,572 [Time-limited test] INFO  shell.TestOzoneShellHA (TestOzoneShellHA.java:execute(212)) - Executing OzoneShell command with args [bucket, create, o3://om-service-test1/volume5/testbucket0]
2023-06-28 21:19:15,581 [OM StateMachine ApplyTransaction Thread - 0] INFO  volume.OMVolumeCreateRequest (OMVolumeCreateRequest.java:validateAndUpdateCache(196)) - created volume:volume5 for user:runner
2023-06-28 21:19:15,583 [OM StateMachine ApplyTransaction Thread - 0] INFO  volume.OMVolumeCreateRequest (OMVolumeCreateRequest.java:validateAndUpdateCache(196)) - created volume:volume5 for user:runner
2023-06-28 21:19:15,598 [Time-limited test] INFO  rpc.RpcClient (RpcClient.java:createBucket(687)) - Creating Bucket: volume5/testbucket0, with server-side default bucket layout, runner as owner, Versioning false, Storage Type set to DISK and Encryption set to false, Replication Type set to server-side default replication type, Namespace Quota set to -1, Space Quota set to -1 
2023-06-28 21:19:15,603 [OM StateMachine ApplyTransaction Thread - 0] INFO  bucket.OMBucketCreateRequest (OMBucketCreateRequest.java:validateAndUpdateCache(270)) - created bucket: testbucket0 of layout FILE_SYSTEM_OPTIMIZED in volume: volume5
2023-06-28 21:19:15,604 [Time-limited test] INFO  shell.TestOzoneShellHA (TestOzoneShellHA.java:execute(212)) - Executing OzoneShell command with args [bucket, create, o3://om-service-test1/volume5/testbucket1]
2023-06-28 21:19:15,612 [OM StateMachine ApplyTransaction Thread - 0] INFO  bucket.OMBucketCreateRequest (OMBucketCreateRequest.java:validateAndUpdateCache(270)) - created bucket: testbucket0 of layout FILE_SYSTEM_OPTIMIZED in volume: volume5
2023-06-28 21:19:15,613 [OM StateMachine ApplyTransaction Thread - 0] INFO  bucket.OMBucketCreateRequest (OMBucketCreateRequest.java:validateAndUpdateCache(270)) - created bucket: testbucket0 of layout FILE_SYSTEM_OPTIMIZED in volume: volume5
2023-06-28 21:19:15,651 [Time-limited test] INFO  rpc.RpcClient (RpcClient.java:createBucket(687)) - Creating Bucket: volume5/testbucket1, with server-side default bucket layout, runner as owner, Versioning false, Storage Type set to DISK and Encryption set to false, Replication Type set to server-side default replication type, Namespace Quota set to -1, Space Quota set to -1 
2023-06-28 21:19:15,654 [OM StateMachine ApplyTransaction Thread - 0] INFO  bucket.OMBucketCreateRequest (OMBucketCreateRequest.java:validateAndUpdateCache(270)) - created bucket: testbucket1 of layout FILE_SYSTEM_OPTIMIZED in volume: volume5
2023-06-28 21:19:15,655 [Time-limited test] INFO  shell.TestOzoneShellHA (TestOzoneShellHA.java:execute(212)) - Executing OzoneShell command with args [bucket, create, o3://om-service-test1/volume5/testbucket2]
2023-06-28 21:19:15,665 [OM StateMachine ApplyTransaction Thread - 0] INFO  bucket.OMBucketCreateRequest (OMBucketCreateRequest.java:validateAndUpdateCache(270)) - created bucket: testbucket1 of layout FILE_SYSTEM_OPTIMIZED in volume: volume5
2023-06-28 21:19:15,665 [OM StateMachine ApplyTransaction Thread - 0] INFO  bucket.OMBucketCreateRequest (OMBucketCreateRequest.java:validateAndUpdateCache(270)) - created bucket: testbucket1 of layout FILE_SYSTEM_OPTIMIZED in volume: volume5
2023-06-28 21:19:15,683 [Time-limited test] INFO  rpc.RpcClient (RpcClient.java:createBucket(687)) - Creating Bucket: volume5/testbucket2, with server-side default bucket layout, runner as owner, Versioning false, Storage Type set to DISK and Encryption set to false, Replication Type set to server-side default replication type, Namespace Quota set to -1, Space Quota set to -1 
2023-06-28 21:19:15,687 [OM StateMachine ApplyTransaction Thread - 0] INFO  bucket.OMBucketCreateRequest (OMBucketCreateRequest.java:validateAndUpdateCache(270)) - created bucket: testbucket2 of layout FILE_SYSTEM_OPTIMIZED in volume: volume5
2023-06-28 21:19:15,688 [Time-limited test] INFO  shell.TestOzoneShellHA (TestOzoneShellHA.java:execute(212)) - Executing OzoneShell command with args [bucket, create, o3://om-service-test1/volume5/testbucket3]
2023-06-28 21:19:15,697 [OM StateMachine ApplyTransaction Thread - 0] INFO  bucket.OMBucketCreateRequest (OMBucketCreateRequest.java:validateAndUpdateCache(270)) - created bucket: testbucket2 of layout FILE_SYSTEM_OPTIMIZED in volume: volume5
2023-06-28 21:19:15,698 [OM StateMachine ApplyTransaction Thread - 0] INFO  bucket.OMBucketCreateRequest (OMBucketCreateRequest.java:validateAndUpdateCache(270)) - created bucket: testbucket2 of layout FILE_SYSTEM_OPTIMIZED in volume: volume5
2023-06-28 21:19:15,713 [Time-limited test] INFO  rpc.RpcClient (RpcClient.java:createBucket(687)) - Creating Bucket: volume5/testbucket3, with server-side default bucket layout, runner as owner, Versioning false, Storage Type set to DISK and Encryption set to false, Replication Type set to server-side default replication type, Namespace Quota set to -1, Space Quota set to -1 
2023-06-28 21:19:15,716 [OM StateMachine ApplyTransaction Thread - 0] INFO  bucket.OMBucketCreateRequest (OMBucketCreateRequest.java:validateAndUpdateCache(270)) - created bucket: testbucket3 of layout FILE_SYSTEM_OPTIMIZED in volume: volume5
2023-06-28 21:19:15,717 [Time-limited test] INFO  shell.TestOzoneShellHA (TestOzoneShellHA.java:execute(212)) - Executing OzoneShell command with args [bucket, create, o3://om-service-test1/volume5/testbucket4]
2023-06-28 21:19:15,726 [OM StateMachine ApplyTransaction Thread - 0] INFO  bucket.OMBucketCreateRequest (OMBucketCreateRequest.java:validateAndUpdateCache(270)) - created bucket: testbucket3 of layout FILE_SYSTEM_OPTIMIZED in volume: volume5
2023-06-28 21:19:15,727 [OM StateMachine ApplyTransaction Thread - 0] INFO  bucket.OMBucketCreateRequest (OMBucketCreateRequest.java:validateAndUpdateCache(270)) - created bucket: testbucket3 of layout FILE_SYSTEM_OPTIMIZED in volume: volume5
2023-06-28 21:19:15,741 [Time-limited test] INFO  rpc.RpcClient (RpcClient.java:createBucket(687)) - Creating Bucket: volume5/testbucket4, with server-side default bucket layout, runner as owner, Versioning false, Storage Type set to DISK and Encryption set to false, Replication Type set to server-side default replication type, Namespace Quota set to -1, Space Quota set to -1 
2023-06-28 21:19:15,744 [OM StateMachine ApplyTransaction Thread - 0] INFO  bucket.OMBucketCreateRequest (OMBucketCreateRequest.java:validateAndUpdateCache(270)) - created bucket: testbucket4 of layout FILE_SYSTEM_OPTIMIZED in volume: volume5
2023-06-28 21:19:15,745 [Time-limited test] INFO  shell.TestOzoneShellHA (TestOzoneShellHA.java:execute(212)) - Executing OzoneShell command with args [bucket, create, o3://om-service-test1/volume5/testbucket5]
2023-06-28 21:19:15,755 [OM StateMachine ApplyTransaction Thread - 0] INFO  bucket.OMBucketCreateRequest (OMBucketCreateRequest.java:validateAndUpdateCache(270)) - created bucket: testbucket4 of layout FILE_SYSTEM_OPTIMIZED in volume: volume5
2023-06-28 21:19:15,756 [OM StateMachine ApplyTransaction Thread - 0] INFO  bucket.OMBucketCreateRequest (OMBucketCreateRequest.java:validateAndUpdateCache(270)) - created bucket: testbucket4 of layout FILE_SYSTEM_OPTIMIZED in volume: volume5
2023-06-28 21:19:15,771 [Time-limited test] INFO  rpc.RpcClient (RpcClient.java:createBucket(687)) - Creating Bucket: volume5/testbucket5, with server-side default bucket layout, runner as owner, Versioning false, Storage Type set to DISK and Encryption set to false, Replication Type set to server-side default replication type, Namespace Quota set to -1, Space Quota set to -1 
2023-06-28 21:19:15,774 [OM StateMachine ApplyTransaction Thread - 0] INFO  bucket.OMBucketCreateRequest (OMBucketCreateRequest.java:validateAndUpdateCache(270)) - created bucket: testbucket5 of layout FILE_SYSTEM_OPTIMIZED in volume: volume5
2023-06-28 21:19:15,776 [Time-limited test] INFO  shell.TestOzoneShellHA (TestOzoneShellHA.java:execute(212)) - Executing OzoneShell command with args [bucket, create, o3://om-service-test1/volume5/testbucket6]
2023-06-28 21:19:15,785 [OM StateMachine ApplyTransaction Thread - 0] INFO  bucket.OMBucketCreateRequest (OMBucketCreateRequest.java:validateAndUpdateCache(270)) - created bucket: testbucket5 of layout FILE_SYSTEM_OPTIMIZED in volume: volume5
2023-06-28 21:19:15,787 [OM StateMachine ApplyTransaction Thread - 0] INFO  bucket.OMBucketCreateRequest (OMBucketCreateRequest.java:validateAndUpdateCache(270)) - created bucket: testbucket5 of layout FILE_SYSTEM_OPTIMIZED in volume: volume5
2023-06-28 21:19:15,800 [Time-limited test] INFO  rpc.RpcClient (RpcClient.java:createBucket(687)) - Creating Bucket: volume5/testbucket6, with server-side default bucket layout, runner as owner, Versioning false, Storage Type set to DISK and Encryption set to false, Replication Type set to server-side default replication type, Namespace Quota set to -1, Space Quota set to -1 
2023-06-28 21:19:15,805 [OM StateMachine ApplyTransaction Thread - 0] INFO  bucket.OMBucketCreateRequest (OMBucketCreateRequest.java:validateAndUpdateCache(270)) - created bucket: testbucket6 of layout FILE_SYSTEM_OPTIMIZED in volume: volume5
2023-06-28 21:19:15,805 [Time-limited test] INFO  shell.TestOzoneShellHA (TestOzoneShellHA.java:execute(212)) - Executing OzoneShell command with args [bucket, create, o3://om-service-test1/volume5/testbucket7]
2023-06-28 21:19:15,814 [OM StateMachine ApplyTransaction Thread - 0] INFO  bucket.OMBucketCreateRequest (OMBucketCreateRequest.java:validateAndUpdateCache(270)) - created bucket: testbucket6 of layout FILE_SYSTEM_OPTIMIZED in volume: volume5
2023-06-28 21:19:15,815 [OM StateMachine ApplyTransaction Thread - 0] INFO  bucket.OMBucketCreateRequest (OMBucketCreateRequest.java:validateAndUpdateCache(270)) - created bucket: testbucket6 of layout FILE_SYSTEM_OPTIMIZED in volume: volume5
2023-06-28 21:19:15,830 [Time-limited test] INFO  rpc.RpcClient (RpcClient.java:createBucket(687)) - Creating Bucket: volume5/testbucket7, with server-side default bucket layout, runner as owner, Versioning false, Storage Type set to DISK and Encryption set to false, Replication Type set to server-side default replication type, Namespace Quota set to -1, Space Quota set to -1 
2023-06-28 21:19:15,834 [OM StateMachine ApplyTransaction Thread - 0] INFO  bucket.OMBucketCreateRequest (OMBucketCreateRequest.java:validateAndUpdateCache(270)) - created bucket: testbucket7 of layout FILE_SYSTEM_OPTIMIZED in volume: volume5
2023-06-28 21:19:15,836 [Time-limited test] INFO  shell.TestOzoneShellHA (TestOzoneShellHA.java:execute(212)) - Executing OzoneShell command with args [bucket, create, o3://om-service-test1/volume5/testbucket8]
2023-06-28 21:19:15,844 [OM StateMachine ApplyTransaction Thread - 0] INFO  bucket.OMBucketCreateRequest (OMBucketCreateRequest.java:validateAndUpdateCache(270)) - created bucket: testbucket7 of layout FILE_SYSTEM_OPTIMIZED in volume: volume5
2023-06-28 21:19:15,845 [OM StateMachine ApplyTransaction Thread - 0] INFO  bucket.OMBucketCreateRequest (OMBucketCreateRequest.java:validateAndUpdateCache(270)) - created bucket: testbucket7 of layout FILE_SYSTEM_OPTIMIZED in volume: volume5
2023-06-28 21:19:15,863 [Time-limited test] INFO  rpc.RpcClient (RpcClient.java:createBucket(687)) - Creating Bucket: volume5/testbucket8, with server-side default bucket layout, runner as owner, Versioning false, Storage Type set to DISK and Encryption set to false, Replication Type set to server-side default replication type, Namespace Quota set to -1, Space Quota set to -1 
2023-06-28 21:19:15,866 [OM StateMachine ApplyTransaction Thread - 0] INFO  bucket.OMBucketCreateRequest (OMBucketCreateRequest.java:validateAndUpdateCache(270)) - created bucket: testbucket8 of layout FILE_SYSTEM_OPTIMIZED in volume: volume5
2023-06-28 21:19:15,867 [Time-limited test] INFO  shell.TestOzoneShellHA (TestOzoneShellHA.java:execute(212)) - Executing OzoneShell command with args [bucket, create, o3://om-service-test1/volume5/testbucket9]
2023-06-28 21:19:15,876 [OM StateMachine ApplyTransaction Thread - 0] INFO  bucket.OMBucketCreateRequest (OMBucketCreateRequest.java:validateAndUpdateCache(270)) - created bucket: testbucket8 of layout FILE_SYSTEM_OPTIMIZED in volume: volume5
2023-06-28 21:19:15,877 [OM StateMachine ApplyTransaction Thread - 0] INFO  bucket.OMBucketCreateRequest (OMBucketCreateRequest.java:validateAndUpdateCache(270)) - created bucket: testbucket8 of layout FILE_SYSTEM_OPTIMIZED in volume: volume5
2023-06-28 21:19:15,895 [Time-limited test] INFO  rpc.RpcClient (RpcClient.java:createBucket(687)) - Creating Bucket: volume5/testbucket9, with server-side default bucket layout, runner as owner, Versioning false, Storage Type set to DISK and Encryption set to false, Replication Type set to server-side default replication type, Namespace Quota set to -1, Space Quota set to -1 
2023-06-28 21:19:15,899 [OM StateMachine ApplyTransaction Thread - 0] INFO  bucket.OMBucketCreateRequest (OMBucketCreateRequest.java:validateAndUpdateCache(270)) - created bucket: testbucket9 of layout FILE_SYSTEM_OPTIMIZED in volume: volume5
2023-06-28 21:19:15,900 [Time-limited test] INFO  shell.TestOzoneShellHA (TestOzoneShellHA.java:execute(212)) - Executing OzoneShell command with args [bucket, create, o3://om-service-test1/volume5/testbucket10]
2023-06-28 21:19:15,909 [OM StateMachine ApplyTransaction Thread - 0] INFO  bucket.OMBucketCreateRequest (OMBucketCreateRequest.java:validateAndUpdateCache(270)) - created bucket: testbucket9 of layout FILE_SYSTEM_OPTIMIZED in volume: volume5
2023-06-28 21:19:15,910 [OM StateMachine ApplyTransaction Thread - 0] INFO  bucket.OMBucketCreateRequest (OMBucketCreateRequest.java:validateAndUpdateCache(270)) - created bucket: testbucket9 of layout FILE_SYSTEM_OPTIMIZED in volume: volume5
2023-06-28 21:19:15,926 [Time-limited test] INFO  rpc.RpcClient (RpcClient.java:createBucket(687)) - Creating Bucket: volume5/testbucket10, with server-side default bucket layout, runner as owner, Versioning false, Storage Type set to DISK and Encryption set to false, Replication Type set to server-side default replication type, Namespace Quota set to -1, Space Quota set to -1 
2023-06-28 21:19:15,929 [OM StateMachine ApplyTransaction Thread - 0] INFO  bucket.OMBucketCreateRequest (OMBucketCreateRequest.java:validateAndUpdateCache(270)) - created bucket: testbucket10 of layout FILE_SYSTEM_OPTIMIZED in volume: volume5
2023-06-28 21:19:15,930 [Time-limited test] INFO  shell.TestOzoneShellHA (TestOzoneShellHA.java:execute(212)) - Executing OzoneShell command with args [bucket, create, o3://om-service-test1/volume5/testbucket11]
2023-06-28 21:19:15,939 [OM StateMachine ApplyTransaction Thread - 0] INFO  bucket.OMBucketCreateRequest (OMBucketCreateRequest.java:validateAndUpdateCache(270)) - created bucket: testbucket10 of layout FILE_SYSTEM_OPTIMIZED in volume: volume5
2023-06-28 21:19:15,939 [OM StateMachine ApplyTransaction Thread - 0] INFO  bucket.OMBucketCreateRequest (OMBucketCreateRequest.java:validateAndUpdateCache(270)) - created bucket: testbucket10 of layout FILE_SYSTEM_OPTIMIZED in volume: volume5
2023-06-28 21:19:15,953 [Time-limited test] INFO  rpc.RpcClient (RpcClient.java:createBucket(687)) - Creating Bucket: volume5/testbucket11, with server-side default bucket layout, runner as owner, Versioning false, Storage Type set to DISK and Encryption set to false, Replication Type set to server-side default replication type, Namespace Quota set to -1, Space Quota set to -1 
2023-06-28 21:19:15,956 [OM StateMachine ApplyTransaction Thread - 0] INFO  bucket.OMBucketCreateRequest (OMBucketCreateRequest.java:validateAndUpdateCache(270)) - created bucket: testbucket11 of layout FILE_SYSTEM_OPTIMIZED in volume: volume5
2023-06-28 21:19:15,958 [Time-limited test] INFO  shell.TestOzoneShellHA (TestOzoneShellHA.java:execute(212)) - Executing OzoneShell command with args [bucket, create, o3://om-service-test1/volume5/testbucket12]
2023-06-28 21:19:15,966 [OM StateMachine ApplyTransaction Thread - 0] INFO  bucket.OMBucketCreateRequest (OMBucketCreateRequest.java:validateAndUpdateCache(270)) - created bucket: testbucket11 of layout FILE_SYSTEM_OPTIMIZED in volume: volume5
2023-06-28 21:19:15,967 [OM StateMachine ApplyTransaction Thread - 0] INFO  bucket.OMBucketCreateRequest (OMBucketCreateRequest.java:validateAndUpdateCache(270)) - created bucket: testbucket11 of layout FILE_SYSTEM_OPTIMIZED in volume: volume5
2023-06-28 21:19:15,980 [Time-limited test] INFO  rpc.RpcClient (RpcClient.java:createBucket(687)) - Creating Bucket: volume5/testbucket12, with server-side default bucket layout, runner as owner, Versioning false, Storage Type set to DISK and Encryption set to false, Replication Type set to server-side default replication type, Namespace Quota set to -1, Space Quota set to -1 
2023-06-28 21:19:15,986 [OM StateMachine ApplyTransaction Thread - 0] INFO  bucket.OMBucketCreateRequest (OMBucketCreateRequest.java:validateAndUpdateCache(270)) - created bucket: testbucket12 of layout FILE_SYSTEM_OPTIMIZED in volume: volume5
2023-06-28 21:19:15,987 [Time-limited test] INFO  shell.TestOzoneShellHA (TestOzoneShellHA.java:execute(212)) - Executing OzoneShell command with args [bucket, create, o3://om-service-test1/volume5/testbucket13]
2023-06-28 21:19:15,993 [OM StateMachine ApplyTransaction Thread - 0] INFO  bucket.OMBucketCreateRequest (OMBucketCreateRequest.java:validateAndUpdateCache(270)) - created bucket: testbucket12 of layout FILE_SYSTEM_OPTIMIZED in volume: volume5
2023-06-28 21:19:15,993 [OM StateMachine ApplyTransaction Thread - 0] INFO  bucket.OMBucketCreateRequest (OMBucketCreateRequest.java:validateAndUpdateCache(270)) - created bucket: testbucket12 of layout FILE_SYSTEM_OPTIMIZED in volume: volume5
2023-06-28 21:19:16,010 [Time-limited test] INFO  rpc.RpcClient (RpcClient.java:createBucket(687)) - Creating Bucket: volume5/testbucket13, with server-side default bucket layout, runner as owner, Versioning false, Storage Type set to DISK and Encryption set to false, Replication Type set to server-side default replication type, Namespace Quota set to -1, Space Quota set to -1 
2023-06-28 21:19:16,012 [OM StateMachine ApplyTransaction Thread - 0] INFO  bucket.OMBucketCreateRequest (OMBucketCreateRequest.java:validateAndUpdateCache(270)) - created bucket: testbucket13 of layout FILE_SYSTEM_OPTIMIZED in volume: volume5
2023-06-28 21:19:16,013 [Time-limited test] INFO  shell.TestOzoneShellHA (TestOzoneShellHA.java:execute(212)) - Executing OzoneShell command with args [bucket, create, o3://om-service-test1/volume5/testbucket14]
2023-06-28 21:19:16,022 [OM StateMachine ApplyTransaction Thread - 0] INFO  bucket.OMBucketCreateRequest (OMBucketCreateRequest.java:validateAndUpdateCache(270)) - created bucket: testbucket13 of layout FILE_SYSTEM_OPTIMIZED in volume: volume5
2023-06-28 21:19:16,023 [OM StateMachine ApplyTransaction Thread - 0] INFO  bucket.OMBucketCreateRequest (OMBucketCreateRequest.java:validateAndUpdateCache(270)) - created bucket: testbucket13 of layout FILE_SYSTEM_OPTIMIZED in volume: volume5
2023-06-28 21:19:16,042 [Time-limited test] INFO  rpc.RpcClient (RpcClient.java:createBucket(687)) - Creating Bucket: volume5/testbucket14, with server-side default bucket layout, runner as owner, Versioning false, Storage Type set to DISK and Encryption set to false, Replication Type set to server-side default replication type, Namespace Quota set to -1, Space Quota set to -1 
2023-06-28 21:19:16,045 [OM StateMachine ApplyTransaction Thread - 0] INFO  bucket.OMBucketCreateRequest (OMBucketCreateRequest.java:validateAndUpdateCache(270)) - created bucket: testbucket14 of layout FILE_SYSTEM_OPTIMIZED in volume: volume5
2023-06-28 21:19:16,045 [Time-limited test] INFO  shell.TestOzoneShellHA (TestOzoneShellHA.java:execute(212)) - Executing OzoneShell command with args [bucket, create, o3://om-service-test1/volume5/testbucket15]
2023-06-28 21:19:16,055 [OM StateMachine ApplyTransaction Thread - 0] INFO  bucket.OMBucketCreateRequest (OMBucketCreateRequest.java:validateAndUpdateCache(270)) - created bucket: testbucket14 of layout FILE_SYSTEM_OPTIMIZED in volume: volume5
2023-06-28 21:19:16,056 [OM StateMachine ApplyTransaction Thread - 0] INFO  bucket.OMBucketCreateRequest (OMBucketCreateRequest.java:validateAndUpdateCache(270)) - created bucket: testbucket14 of layout FILE_SYSTEM_OPTIMIZED in volume: volume5
2023-06-28 21:19:16,072 [Time-limited test] INFO  rpc.RpcClient (RpcClient.java:createBucket(687)) - Creating Bucket: volume5/testbucket15, with server-side default bucket layout, runner as owner, Versioning false, Storage Type set to DISK and Encryption set to false, Replication Type set to server-side default replication type, Namespace Quota set to -1, Space Quota set to -1 
2023-06-28 21:19:16,075 [OM StateMachine ApplyTransaction Thread - 0] INFO  bucket.OMBucketCreateRequest (OMBucketCreateRequest.java:validateAndUpdateCache(270)) - created bucket: testbucket15 of layout FILE_SYSTEM_OPTIMIZED in volume: volume5
2023-06-28 21:19:16,076 [Time-limited test] INFO  shell.TestOzoneShellHA (TestOzoneShellHA.java:execute(212)) - Executing OzoneShell command with args [bucket, create, o3://om-service-test1/volume5/testbucket16]
2023-06-28 21:19:16,086 [OM StateMachine ApplyTransaction Thread - 0] INFO  bucket.OMBucketCreateRequest (OMBucketCreateRequest.java:validateAndUpdateCache(270)) - created bucket: testbucket15 of layout FILE_SYSTEM_OPTIMIZED in volume: volume5
2023-06-28 21:19:16,087 [OM StateMachine ApplyTransaction Thread - 0] INFO  bucket.OMBucketCreateRequest (OMBucketCreateRequest.java:validateAndUpdateCache(270)) - created bucket: testbucket15 of layout FILE_SYSTEM_OPTIMIZED in volume: volume5
2023-06-28 21:19:16,102 [Time-limited test] INFO  rpc.RpcClient (RpcClient.java:createBucket(687)) - Creating Bucket: volume5/testbucket16, with server-side default bucket layout, runner as owner, Versioning false, Storage Type set to DISK and Encryption set to false, Replication Type set to server-side default replication type, Namespace Quota set to -1, Space Quota set to -1 
2023-06-28 21:19:16,105 [OM StateMachine ApplyTransaction Thread - 0] INFO  bucket.OMBucketCreateRequest (OMBucketCreateRequest.java:validateAndUpdateCache(270)) - created bucket: testbucket16 of layout FILE_SYSTEM_OPTIMIZED in volume: volume5
2023-06-28 21:19:16,106 [Time-limited test] INFO  shell.TestOzoneShellHA (TestOzoneShellHA.java:execute(212)) - Executing OzoneShell command with args [bucket, create, o3://om-service-test1/volume5/testbucket17]
2023-06-28 21:19:16,115 [OM StateMachine ApplyTransaction Thread - 0] INFO  bucket.OMBucketCreateRequest (OMBucketCreateRequest.java:validateAndUpdateCache(270)) - created bucket: testbucket16 of layout FILE_SYSTEM_OPTIMIZED in volume: volume5
2023-06-28 21:19:16,115 [OM StateMachine ApplyTransaction Thread - 0] INFO  bucket.OMBucketCreateRequest (OMBucketCreateRequest.java:validateAndUpdateCache(270)) - created bucket: testbucket16 of layout FILE_SYSTEM_OPTIMIZED in volume: volume5
2023-06-28 21:19:16,130 [Time-limited test] INFO  rpc.RpcClient (RpcClient.java:createBucket(687)) - Creating Bucket: volume5/testbucket17, with server-side default bucket layout, runner as owner, Versioning false, Storage Type set to DISK and Encryption set to false, Replication Type set to server-side default replication type, Namespace Quota set to -1, Space Quota set to -1 
2023-06-28 21:19:16,134 [OM StateMachine ApplyTransaction Thread - 0] INFO  bucket.OMBucketCreateRequest (OMBucketCreateRequest.java:validateAndUpdateCache(270)) - created bucket: testbucket17 of layout FILE_SYSTEM_OPTIMIZED in volume: volume5
2023-06-28 21:19:16,135 [Time-limited test] INFO  shell.TestOzoneShellHA (TestOzoneShellHA.java:execute(212)) - Executing OzoneShell command with args [bucket, create, o3://om-service-test1/volume5/testbucket18]
2023-06-28 21:19:16,145 [OM StateMachine ApplyTransaction Thread - 0] INFO  bucket.OMBucketCreateRequest (OMBucketCreateRequest.java:validateAndUpdateCache(270)) - created bucket: testbucket17 of layout FILE_SYSTEM_OPTIMIZED in volume: volume5
2023-06-28 21:19:16,146 [OM StateMachine ApplyTransaction Thread - 0] INFO  bucket.OMBucketCreateRequest (OMBucketCreateRequest.java:validateAndUpdateCache(270)) - created bucket: testbucket17 of layout FILE_SYSTEM_OPTIMIZED in volume: volume5
2023-06-28 21:19:16,159 [Time-limited test] INFO  rpc.RpcClient (RpcClient.java:createBucket(687)) - Creating Bucket: volume5/testbucket18, with server-side default bucket layout, runner as owner, Versioning false, Storage Type set to DISK and Encryption set to false, Replication Type set to server-side default replication type, Namespace Quota set to -1, Space Quota set to -1 
2023-06-28 21:19:16,162 [OM StateMachine ApplyTransaction Thread - 0] INFO  bucket.OMBucketCreateRequest (OMBucketCreateRequest.java:validateAndUpdateCache(270)) - created bucket: testbucket18 of layout FILE_SYSTEM_OPTIMIZED in volume: volume5
2023-06-28 21:19:16,163 [Time-limited test] INFO  shell.TestOzoneShellHA (TestOzoneShellHA.java:execute(212)) - Executing OzoneShell command with args [bucket, create, o3://om-service-test1/volume5/testbucket19]
2023-06-28 21:19:16,172 [OM StateMachine ApplyTransaction Thread - 0] INFO  bucket.OMBucketCreateRequest (OMBucketCreateRequest.java:validateAndUpdateCache(270)) - created bucket: testbucket18 of layout FILE_SYSTEM_OPTIMIZED in volume: volume5
2023-06-28 21:19:16,173 [OM StateMachine ApplyTransaction Thread - 0] INFO  bucket.OMBucketCreateRequest (OMBucketCreateRequest.java:validateAndUpdateCache(270)) - created bucket: testbucket18 of layout FILE_SYSTEM_OPTIMIZED in volume: volume5
2023-06-28 21:19:16,187 [Time-limited test] INFO  rpc.RpcClient (RpcClient.java:createBucket(687)) - Creating Bucket: volume5/testbucket19, with server-side default bucket layout, runner as owner, Versioning false, Storage Type set to DISK and Encryption set to false, Replication Type set to server-side default replication type, Namespace Quota set to -1, Space Quota set to -1 
2023-06-28 21:19:16,190 [OM StateMachine ApplyTransaction Thread - 0] INFO  bucket.OMBucketCreateRequest (OMBucketCreateRequest.java:validateAndUpdateCache(270)) - created bucket: testbucket19 of layout FILE_SYSTEM_OPTIMIZED in volume: volume5
2023-06-28 21:19:16,191 [Time-limited test] INFO  shell.TestOzoneShellHA (TestOzoneShellHA.java:execute(212)) - Executing OzoneShell command with args [bucket, create, o3://om-service-test1/volume5/testbucket20]
2023-06-28 21:19:16,200 [OM StateMachine ApplyTransaction Thread - 0] INFO  bucket.OMBucketCreateRequest (OMBucketCreateRequest.java:validateAndUpdateCache(270)) - created bucket: testbucket19 of layout FILE_SYSTEM_OPTIMIZED in volume: volume5
2023-06-28 21:19:16,201 [OM StateMachine ApplyTransaction Thread - 0] INFO  bucket.OMBucketCreateRequest (OMBucketCreateRequest.java:validateAndUpdateCache(270)) - created bucket: testbucket19 of layout FILE_SYSTEM_OPTIMIZED in volume: volume5
2023-06-28 21:19:16,215 [Time-limited test] INFO  rpc.RpcClient (RpcClient.java:createBucket(687)) - Creating Bucket: volume5/testbucket20, with server-side default bucket layout, runner as owner, Versioning false, Storage Type set to DISK and Encryption set to false, Replication Type set to server-side default replication type, Namespace Quota set to -1, Space Quota set to -1 
2023-06-28 21:19:16,220 [OM StateMachine ApplyTransaction Thread - 0] INFO  bucket.OMBucketCreateRequest (OMBucketCreateRequest.java:validateAndUpdateCache(270)) - created bucket: testbucket20 of layout FILE_SYSTEM_OPTIMIZED in volume: volume5
2023-06-28 21:19:16,221 [Time-limited test] INFO  shell.TestOzoneShellHA (TestOzoneShellHA.java:execute(212)) - Executing OzoneShell command with args [bucket, create, o3://om-service-test1/volume5/testbucket21]
2023-06-28 21:19:16,228 [OM StateMachine ApplyTransaction Thread - 0] INFO  bucket.OMBucketCreateRequest (OMBucketCreateRequest.java:validateAndUpdateCache(270)) - created bucket: testbucket20 of layout FILE_SYSTEM_OPTIMIZED in volume: volume5
2023-06-28 21:19:16,231 [OM StateMachine ApplyTransaction Thread - 0] INFO  bucket.OMBucketCreateRequest (OMBucketCreateRequest.java:validateAndUpdateCache(270)) - created bucket: testbucket20 of layout FILE_SYSTEM_OPTIMIZED in volume: volume5
2023-06-28 21:19:16,245 [Time-limited test] INFO  rpc.RpcClient (RpcClient.java:createBucket(687)) - Creating Bucket: volume5/testbucket21, with server-side default bucket layout, runner as owner, Versioning false, Storage Type set to DISK and Encryption set to false, Replication Type set to server-side default replication type, Namespace Quota set to -1, Space Quota set to -1 
2023-06-28 21:19:16,248 [OM StateMachine ApplyTransaction Thread - 0] INFO  bucket.OMBucketCreateRequest (OMBucketCreateRequest.java:validateAndUpdateCache(270)) - created bucket: testbucket21 of layout FILE_SYSTEM_OPTIMIZED in volume: volume5
2023-06-28 21:19:16,249 [Time-limited test] INFO  shell.TestOzoneShellHA (TestOzoneShellHA.java:execute(212)) - Executing OzoneShell command with args [bucket, create, o3://om-service-test1/volume5/testbucket22]
2023-06-28 21:19:16,258 [OM StateMachine ApplyTransaction Thread - 0] INFO  bucket.OMBucketCreateRequest (OMBucketCreateRequest.java:validateAndUpdateCache(270)) - created bucket: testbucket21 of layout FILE_SYSTEM_OPTIMIZED in volume: volume5
2023-06-28 21:19:16,259 [OM StateMachine ApplyTransaction Thread - 0] INFO  bucket.OMBucketCreateRequest (OMBucketCreateRequest.java:validateAndUpdateCache(270)) - created bucket: testbucket21 of layout FILE_SYSTEM_OPTIMIZED in volume: volume5
2023-06-28 21:19:16,276 [omNode-3@group-523986131536-FollowerState] INFO  server.RaftServerConfigKeys (ConfUtils.java:logFallback(53)) - raft.server.rpc.first-election.timeout.min = 1s (fallback to raft.server.rpc.timeout.min)
2023-06-28 21:19:16,276 [omNode-3@group-523986131536-FollowerState] INFO  server.RaftServerConfigKeys (ConfUtils.java:logFallback(53)) - raft.server.rpc.first-election.timeout.max = 1200ms (fallback to raft.server.rpc.timeout.max)
2023-06-28 21:19:16,279 [Time-limited test] INFO  rpc.RpcClient (RpcClient.java:createBucket(687)) - Creating Bucket: volume5/testbucket22, with server-side default bucket layout, runner as owner, Versioning false, Storage Type set to DISK and Encryption set to false, Replication Type set to server-side default replication type, Namespace Quota set to -1, Space Quota set to -1 
2023-06-28 21:19:16,283 [OM StateMachine ApplyTransaction Thread - 0] INFO  bucket.OMBucketCreateRequest (OMBucketCreateRequest.java:validateAndUpdateCache(270)) - created bucket: testbucket22 of layout FILE_SYSTEM_OPTIMIZED in volume: volume5
2023-06-28 21:19:16,284 [Time-limited test] INFO  shell.TestOzoneShellHA (TestOzoneShellHA.java:execute(212)) - Executing OzoneShell command with args [bucket, create, o3://om-service-test1/volume5/testbucket23]
2023-06-28 21:19:16,293 [OM StateMachine ApplyTransaction Thread - 0] INFO  bucket.OMBucketCreateRequest (OMBucketCreateRequest.java:validateAndUpdateCache(270)) - created bucket: testbucket22 of layout FILE_SYSTEM_OPTIMIZED in volume: volume5
2023-06-28 21:19:16,294 [OM StateMachine ApplyTransaction Thread - 0] INFO  bucket.OMBucketCreateRequest (OMBucketCreateRequest.java:validateAndUpdateCache(270)) - created bucket: testbucket22 of layout FILE_SYSTEM_OPTIMIZED in volume: volume5
2023-06-28 21:19:16,311 [Time-limited test] INFO  rpc.RpcClient (RpcClient.java:createBucket(687)) - Creating Bucket: volume5/testbucket23, with server-side default bucket layout, runner as owner, Versioning false, Storage Type set to DISK and Encryption set to false, Replication Type set to server-side default replication type, Namespace Quota set to -1, Space Quota set to -1 
2023-06-28 21:19:16,314 [OM StateMachine ApplyTransaction Thread - 0] INFO  bucket.OMBucketCreateRequest (OMBucketCreateRequest.java:validateAndUpdateCache(270)) - created bucket: testbucket23 of layout FILE_SYSTEM_OPTIMIZED in volume: volume5
2023-06-28 21:19:16,315 [Time-limited test] INFO  shell.TestOzoneShellHA (TestOzoneShellHA.java:execute(212)) - Executing OzoneShell command with args [bucket, create, o3://om-service-test1/volume5/testbucket24]
2023-06-28 21:19:16,324 [OM StateMachine ApplyTransaction Thread - 0] INFO  bucket.OMBucketCreateRequest (OMBucketCreateRequest.java:validateAndUpdateCache(270)) - created bucket: testbucket23 of layout FILE_SYSTEM_OPTIMIZED in volume: volume5
2023-06-28 21:19:16,325 [OM StateMachine ApplyTransaction Thread - 0] INFO  bucket.OMBucketCreateRequest (OMBucketCreateRequest.java:validateAndUpdateCache(270)) - created bucket: testbucket23 of layout FILE_SYSTEM_OPTIMIZED in volume: volume5
2023-06-28 21:19:16,338 [Time-limited test] INFO  rpc.RpcClient (RpcClient.java:createBucket(687)) - Creating Bucket: volume5/testbucket24, with server-side default bucket layout, runner as owner, Versioning false, Storage Type set to DISK and Encryption set to false, Replication Type set to server-side default replication type, Namespace Quota set to -1, Space Quota set to -1 
2023-06-28 21:19:16,341 [OM StateMachine ApplyTransaction Thread - 0] INFO  bucket.OMBucketCreateRequest (OMBucketCreateRequest.java:validateAndUpdateCache(270)) - created bucket: testbucket24 of layout FILE_SYSTEM_OPTIMIZED in volume: volume5
2023-06-28 21:19:16,343 [Time-limited test] INFO  shell.TestOzoneShellHA (TestOzoneShellHA.java:execute(212)) - Executing OzoneShell command with args [bucket, create, o3://om-service-test1/volume5/testbucket25]
2023-06-28 21:19:16,353 [OM StateMachine ApplyTransaction Thread - 0] INFO  bucket.OMBucketCreateRequest (OMBucketCreateRequest.java:validateAndUpdateCache(270)) - created bucket: testbucket24 of layout FILE_SYSTEM_OPTIMIZED in volume: volume5
2023-06-28 21:19:16,353 [OM StateMachine ApplyTransaction Thread - 0] INFO  bucket.OMBucketCreateRequest (OMBucketCreateRequest.java:validateAndUpdateCache(270)) - created bucket: testbucket24 of layout FILE_SYSTEM_OPTIMIZED in volume: volume5
2023-06-28 21:19:16,372 [Time-limited test] INFO  rpc.RpcClient (RpcClient.java:createBucket(687)) - Creating Bucket: volume5/testbucket25, with server-side default bucket layout, runner as owner, Versioning false, Storage Type set to DISK and Encryption set to false, Replication Type set to server-side default replication type, Namespace Quota set to -1, Space Quota set to -1 
2023-06-28 21:19:16,375 [OM StateMachine ApplyTransaction Thread - 0] INFO  bucket.OMBucketCreateRequest (OMBucketCreateRequest.java:validateAndUpdateCache(270)) - created bucket: testbucket25 of layout FILE_SYSTEM_OPTIMIZED in volume: volume5
2023-06-28 21:19:16,376 [Time-limited test] INFO  shell.TestOzoneShellHA (TestOzoneShellHA.java:execute(212)) - Executing OzoneShell command with args [bucket, create, o3://om-service-test1/volume5/testbucket26]
2023-06-28 21:19:16,385 [OM StateMachine ApplyTransaction Thread - 0] INFO  bucket.OMBucketCreateRequest (OMBucketCreateRequest.java:validateAndUpdateCache(270)) - created bucket: testbucket25 of layout FILE_SYSTEM_OPTIMIZED in volume: volume5
2023-06-28 21:19:16,385 [OM StateMachine ApplyTransaction Thread - 0] INFO  bucket.OMBucketCreateRequest (OMBucketCreateRequest.java:validateAndUpdateCache(270)) - created bucket: testbucket25 of layout FILE_SYSTEM_OPTIMIZED in volume: volume5
2023-06-28 21:19:16,402 [Time-limited test] INFO  rpc.RpcClient (RpcClient.java:createBucket(687)) - Creating Bucket: volume5/testbucket26, with server-side default bucket layout, runner as owner, Versioning false, Storage Type set to DISK and Encryption set to false, Replication Type set to server-side default replication type, Namespace Quota set to -1, Space Quota set to -1 
2023-06-28 21:19:16,406 [OM StateMachine ApplyTransaction Thread - 0] INFO  bucket.OMBucketCreateRequest (OMBucketCreateRequest.java:validateAndUpdateCache(270)) - created bucket: testbucket26 of layout FILE_SYSTEM_OPTIMIZED in volume: volume5
2023-06-28 21:19:16,409 [Time-limited test] INFO  shell.TestOzoneShellHA (TestOzoneShellHA.java:execute(212)) - Executing OzoneShell command with args [bucket, create, o3://om-service-test1/volume5/testbucket27]
2023-06-28 21:19:16,417 [OM StateMachine ApplyTransaction Thread - 0] INFO  bucket.OMBucketCreateRequest (OMBucketCreateRequest.java:validateAndUpdateCache(270)) - created bucket: testbucket26 of layout FILE_SYSTEM_OPTIMIZED in volume: volume5
2023-06-28 21:19:16,417 [OM StateMachine ApplyTransaction Thread - 0] INFO  bucket.OMBucketCreateRequest (OMBucketCreateRequest.java:validateAndUpdateCache(270)) - created bucket: testbucket26 of layout FILE_SYSTEM_OPTIMIZED in volume: volume5
2023-06-28 21:19:16,435 [Time-limited test] INFO  rpc.RpcClient (RpcClient.java:createBucket(687)) - Creating Bucket: volume5/testbucket27, with server-side default bucket layout, runner as owner, Versioning false, Storage Type set to DISK and Encryption set to false, Replication Type set to server-side default replication type, Namespace Quota set to -1, Space Quota set to -1 
2023-06-28 21:19:16,438 [OM StateMachine ApplyTransaction Thread - 0] INFO  bucket.OMBucketCreateRequest (OMBucketCreateRequest.java:validateAndUpdateCache(270)) - created bucket: testbucket27 of layout FILE_SYSTEM_OPTIMIZED in volume: volume5
2023-06-28 21:19:16,439 [Time-limited test] INFO  shell.TestOzoneShellHA (TestOzoneShellHA.java:execute(212)) - Executing OzoneShell command with args [bucket, create, o3://om-service-test1/volume5/testbucket28]
2023-06-28 21:19:16,449 [OM StateMachine ApplyTransaction Thread - 0] INFO  bucket.OMBucketCreateRequest (OMBucketCreateRequest.java:validateAndUpdateCache(270)) - created bucket: testbucket27 of layout FILE_SYSTEM_OPTIMIZED in volume: volume5
2023-06-28 21:19:16,449 [OM StateMachine ApplyTransaction Thread - 0] INFO  bucket.OMBucketCreateRequest (OMBucketCreateRequest.java:validateAndUpdateCache(270)) - created bucket: testbucket27 of layout FILE_SYSTEM_OPTIMIZED in volume: volume5
2023-06-28 21:19:16,471 [Time-limited test] INFO  rpc.RpcClient (RpcClient.java:createBucket(687)) - Creating Bucket: volume5/testbucket28, with server-side default bucket layout, runner as owner, Versioning false, Storage Type set to DISK and Encryption set to false, Replication Type set to server-side default replication type, Namespace Quota set to -1, Space Quota set to -1 
2023-06-28 21:19:16,475 [OM StateMachine ApplyTransaction Thread - 0] INFO  bucket.OMBucketCreateRequest (OMBucketCreateRequest.java:validateAndUpdateCache(270)) - created bucket: testbucket28 of layout FILE_SYSTEM_OPTIMIZED in volume: volume5
2023-06-28 21:19:16,476 [Time-limited test] INFO  shell.TestOzoneShellHA (TestOzoneShellHA.java:execute(212)) - Executing OzoneShell command with args [bucket, create, o3://om-service-test1/volume5/testbucket29]
2023-06-28 21:19:16,485 [OM StateMachine ApplyTransaction Thread - 0] INFO  bucket.OMBucketCreateRequest (OMBucketCreateRequest.java:validateAndUpdateCache(270)) - created bucket: testbucket28 of layout FILE_SYSTEM_OPTIMIZED in volume: volume5
2023-06-28 21:19:16,485 [OM StateMachine ApplyTransaction Thread - 0] INFO  bucket.OMBucketCreateRequest (OMBucketCreateRequest.java:validateAndUpdateCache(270)) - created bucket: testbucket28 of layout FILE_SYSTEM_OPTIMIZED in volume: volume5
2023-06-28 21:19:16,501 [Time-limited test] INFO  rpc.RpcClient (RpcClient.java:createBucket(687)) - Creating Bucket: volume5/testbucket29, with server-side default bucket layout, runner as owner, Versioning false, Storage Type set to DISK and Encryption set to false, Replication Type set to server-side default replication type, Namespace Quota set to -1, Space Quota set to -1 
2023-06-28 21:19:16,504 [OM StateMachine ApplyTransaction Thread - 0] INFO  bucket.OMBucketCreateRequest (OMBucketCreateRequest.java:validateAndUpdateCache(270)) - created bucket: testbucket29 of layout FILE_SYSTEM_OPTIMIZED in volume: volume5
2023-06-28 21:19:16,505 [Time-limited test] INFO  shell.TestOzoneShellHA (TestOzoneShellHA.java:execute(212)) - Executing OzoneShell command with args [bucket, create, o3://om-service-test1/volume5/testbucket30]
2023-06-28 21:19:16,515 [OM StateMachine ApplyTransaction Thread - 0] INFO  bucket.OMBucketCreateRequest (OMBucketCreateRequest.java:validateAndUpdateCache(270)) - created bucket: testbucket29 of layout FILE_SYSTEM_OPTIMIZED in volume: volume5
2023-06-28 21:19:16,515 [OM StateMachine ApplyTransaction Thread - 0] INFO  bucket.OMBucketCreateRequest (OMBucketCreateRequest.java:validateAndUpdateCache(270)) - created bucket: testbucket29 of layout FILE_SYSTEM_OPTIMIZED in volume: volume5
2023-06-28 21:19:16,532 [Time-limited test] INFO  rpc.RpcClient (RpcClient.java:createBucket(687)) - Creating Bucket: volume5/testbucket30, with server-side default bucket layout, runner as owner, Versioning false, Storage Type set to DISK and Encryption set to false, Replication Type set to server-side default replication type, Namespace Quota set to -1, Space Quota set to -1 
2023-06-28 21:19:16,539 [OM StateMachine ApplyTransaction Thread - 0] INFO  bucket.OMBucketCreateRequest (OMBucketCreateRequest.java:validateAndUpdateCache(270)) - created bucket: testbucket30 of layout FILE_SYSTEM_OPTIMIZED in volume: volume5
2023-06-28 21:19:16,540 [Time-limited test] INFO  shell.TestOzoneShellHA (TestOzoneShellHA.java:execute(212)) - Executing OzoneShell command with args [bucket, create, o3://om-service-test1/volume5/testbucket31]
2023-06-28 21:19:16,549 [OM StateMachine ApplyTransaction Thread - 0] INFO  bucket.OMBucketCreateRequest (OMBucketCreateRequest.java:validateAndUpdateCache(270)) - created bucket: testbucket30 of layout FILE_SYSTEM_OPTIMIZED in volume: volume5
2023-06-28 21:19:16,550 [OM StateMachine ApplyTransaction Thread - 0] INFO  bucket.OMBucketCreateRequest (OMBucketCreateRequest.java:validateAndUpdateCache(270)) - created bucket: testbucket30 of layout FILE_SYSTEM_OPTIMIZED in volume: volume5
2023-06-28 21:19:16,571 [Time-limited test] INFO  rpc.RpcClient (RpcClient.java:createBucket(687)) - Creating Bucket: volume5/testbucket31, with server-side default bucket layout, runner as owner, Versioning false, Storage Type set to DISK and Encryption set to false, Replication Type set to server-side default replication type, Namespace Quota set to -1, Space Quota set to -1 
2023-06-28 21:19:16,574 [OM StateMachine ApplyTransaction Thread - 0] INFO  bucket.OMBucketCreateRequest (OMBucketCreateRequest.java:validateAndUpdateCache(270)) - created bucket: testbucket31 of layout FILE_SYSTEM_OPTIMIZED in volume: volume5
2023-06-28 21:19:16,575 [Time-limited test] INFO  shell.TestOzoneShellHA (TestOzoneShellHA.java:execute(212)) - Executing OzoneShell command with args [bucket, create, o3://om-service-test1/volume5/testbucket32]
2023-06-28 21:19:16,585 [OM StateMachine ApplyTransaction Thread - 0] INFO  bucket.OMBucketCreateRequest (OMBucketCreateRequest.java:validateAndUpdateCache(270)) - created bucket: testbucket31 of layout FILE_SYSTEM_OPTIMIZED in volume: volume5
2023-06-28 21:19:16,586 [OM StateMachine ApplyTransaction Thread - 0] INFO  bucket.OMBucketCreateRequest (OMBucketCreateRequest.java:validateAndUpdateCache(270)) - created bucket: testbucket31 of layout FILE_SYSTEM_OPTIMIZED in volume: volume5
2023-06-28 21:19:16,607 [Time-limited test] INFO  rpc.RpcClient (RpcClient.java:createBucket(687)) - Creating Bucket: volume5/testbucket32, with server-side default bucket layout, runner as owner, Versioning false, Storage Type set to DISK and Encryption set to false, Replication Type set to server-side default replication type, Namespace Quota set to -1, Space Quota set to -1 
2023-06-28 21:19:16,609 [OM StateMachine ApplyTransaction Thread - 0] INFO  bucket.OMBucketCreateRequest (OMBucketCreateRequest.java:validateAndUpdateCache(270)) - created bucket: testbucket32 of layout FILE_SYSTEM_OPTIMIZED in volume: volume5
2023-06-28 21:19:16,610 [Time-limited test] INFO  shell.TestOzoneShellHA (TestOzoneShellHA.java:execute(212)) - Executing OzoneShell command with args [bucket, create, o3://om-service-test1/volume5/testbucket33]
2023-06-28 21:19:16,620 [OM StateMachine ApplyTransaction Thread - 0] INFO  bucket.OMBucketCreateRequest (OMBucketCreateRequest.java:validateAndUpdateCache(270)) - created bucket: testbucket32 of layout FILE_SYSTEM_OPTIMIZED in volume: volume5
2023-06-28 21:19:16,620 [OM StateMachine ApplyTransaction Thread - 0] INFO  bucket.OMBucketCreateRequest (OMBucketCreateRequest.java:validateAndUpdateCache(270)) - created bucket: testbucket32 of layout FILE_SYSTEM_OPTIMIZED in volume: volume5
2023-06-28 21:19:16,642 [Time-limited test] INFO  rpc.RpcClient (RpcClient.java:createBucket(687)) - Creating Bucket: volume5/testbucket33, with server-side default bucket layout, runner as owner, Versioning false, Storage Type set to DISK and Encryption set to false, Replication Type set to server-side default replication type, Namespace Quota set to -1, Space Quota set to -1 
2023-06-28 21:19:16,645 [OM StateMachine ApplyTransaction Thread - 0] INFO  bucket.OMBucketCreateRequest (OMBucketCreateRequest.java:validateAndUpdateCache(270)) - created bucket: testbucket33 of layout FILE_SYSTEM_OPTIMIZED in volume: volume5
2023-06-28 21:19:16,647 [Time-limited test] INFO  shell.TestOzoneShellHA (TestOzoneShellHA.java:execute(212)) - Executing OzoneShell command with args [bucket, create, o3://om-service-test1/volume5/testbucket34]
2023-06-28 21:19:16,656 [OM StateMachine ApplyTransaction Thread - 0] INFO  bucket.OMBucketCreateRequest (OMBucketCreateRequest.java:validateAndUpdateCache(270)) - created bucket: testbucket33 of layout FILE_SYSTEM_OPTIMIZED in volume: volume5
2023-06-28 21:19:16,657 [OM StateMachine ApplyTransaction Thread - 0] INFO  bucket.OMBucketCreateRequest (OMBucketCreateRequest.java:validateAndUpdateCache(270)) - created bucket: testbucket33 of layout FILE_SYSTEM_OPTIMIZED in volume: volume5
2023-06-28 21:19:16,678 [Time-limited test] INFO  rpc.RpcClient (RpcClient.java:createBucket(687)) - Creating Bucket: volume5/testbucket34, with server-side default bucket layout, runner as owner, Versioning false, Storage Type set to DISK and Encryption set to false, Replication Type set to server-side default replication type, Namespace Quota set to -1, Space Quota set to -1 
2023-06-28 21:19:16,681 [OM StateMachine ApplyTransaction Thread - 0] INFO  bucket.OMBucketCreateRequest (OMBucketCreateRequest.java:validateAndUpdateCache(270)) - created bucket: testbucket34 of layout FILE_SYSTEM_OPTIMIZED in volume: volume5
2023-06-28 21:19:16,681 [Time-limited test] INFO  shell.TestOzoneShellHA (TestOzoneShellHA.java:execute(212)) - Executing OzoneShell command with args [bucket, create, o3://om-service-test1/volume5/testbucket35]
2023-06-28 21:19:16,691 [OM StateMachine ApplyTransaction Thread - 0] INFO  bucket.OMBucketCreateRequest (OMBucketCreateRequest.java:validateAndUpdateCache(270)) - created bucket: testbucket34 of layout FILE_SYSTEM_OPTIMIZED in volume: volume5
2023-06-28 21:19:16,692 [OM StateMachine ApplyTransaction Thread - 0] INFO  bucket.OMBucketCreateRequest (OMBucketCreateRequest.java:validateAndUpdateCache(270)) - created bucket: testbucket34 of layout FILE_SYSTEM_OPTIMIZED in volume: volume5
2023-06-28 21:19:16,716 [Time-limited test] INFO  rpc.RpcClient (RpcClient.java:createBucket(687)) - Creating Bucket: volume5/testbucket35, with server-side default bucket layout, runner as owner, Versioning false, Storage Type set to DISK and Encryption set to false, Replication Type set to server-side default replication type, Namespace Quota set to -1, Space Quota set to -1 
2023-06-28 21:19:16,722 [OM StateMachine ApplyTransaction Thread - 0] INFO  bucket.OMBucketCreateRequest (OMBucketCreateRequest.java:validateAndUpdateCache(270)) - created bucket: testbucket35 of layout FILE_SYSTEM_OPTIMIZED in volume: volume5
2023-06-28 21:19:16,723 [Time-limited test] INFO  shell.TestOzoneShellHA (TestOzoneShellHA.java:execute(212)) - Executing OzoneShell command with args [bucket, create, o3://om-service-test1/volume5/testbucket36]
2023-06-28 21:19:16,731 [OM StateMachine ApplyTransaction Thread - 0] INFO  bucket.OMBucketCreateRequest (OMBucketCreateRequest.java:validateAndUpdateCache(270)) - created bucket: testbucket35 of layout FILE_SYSTEM_OPTIMIZED in volume: volume5
2023-06-28 21:19:16,732 [OM StateMachine ApplyTransaction Thread - 0] INFO  bucket.OMBucketCreateRequest (OMBucketCreateRequest.java:validateAndUpdateCache(270)) - created bucket: testbucket35 of layout FILE_SYSTEM_OPTIMIZED in volume: volume5
2023-06-28 21:19:16,750 [Time-limited test] INFO  rpc.RpcClient (RpcClient.java:createBucket(687)) - Creating Bucket: volume5/testbucket36, with server-side default bucket layout, runner as owner, Versioning false, Storage Type set to DISK and Encryption set to false, Replication Type set to server-side default replication type, Namespace Quota set to -1, Space Quota set to -1 
2023-06-28 21:19:16,753 [OM StateMachine ApplyTransaction Thread - 0] INFO  bucket.OMBucketCreateRequest (OMBucketCreateRequest.java:validateAndUpdateCache(270)) - created bucket: testbucket36 of layout FILE_SYSTEM_OPTIMIZED in volume: volume5
2023-06-28 21:19:16,753 [Time-limited test] INFO  shell.TestOzoneShellHA (TestOzoneShellHA.java:execute(212)) - Executing OzoneShell command with args [bucket, create, o3://om-service-test1/volume5/testbucket37]
2023-06-28 21:19:16,763 [OM StateMachine ApplyTransaction Thread - 0] INFO  bucket.OMBucketCreateRequest (OMBucketCreateRequest.java:validateAndUpdateCache(270)) - created bucket: testbucket36 of layout FILE_SYSTEM_OPTIMIZED in volume: volume5
2023-06-28 21:19:16,763 [OM StateMachine ApplyTransaction Thread - 0] INFO  bucket.OMBucketCreateRequest (OMBucketCreateRequest.java:validateAndUpdateCache(270)) - created bucket: testbucket36 of layout FILE_SYSTEM_OPTIMIZED in volume: volume5
2023-06-28 21:19:16,778 [Time-limited test] INFO  rpc.RpcClient (RpcClient.java:createBucket(687)) - Creating Bucket: volume5/testbucket37, with server-side default bucket layout, runner as owner, Versioning false, Storage Type set to DISK and Encryption set to false, Replication Type set to server-side default replication type, Namespace Quota set to -1, Space Quota set to -1 
2023-06-28 21:19:16,781 [OM StateMachine ApplyTransaction Thread - 0] INFO  bucket.OMBucketCreateRequest (OMBucketCreateRequest.java:validateAndUpdateCache(270)) - created bucket: testbucket37 of layout FILE_SYSTEM_OPTIMIZED in volume: volume5
2023-06-28 21:19:16,783 [Time-limited test] INFO  shell.TestOzoneShellHA (TestOzoneShellHA.java:execute(212)) - Executing OzoneShell command with args [bucket, create, o3://om-service-test1/volume5/testbucket38]
2023-06-28 21:19:16,791 [OM StateMachine ApplyTransaction Thread - 0] INFO  bucket.OMBucketCreateRequest (OMBucketCreateRequest.java:validateAndUpdateCache(270)) - created bucket: testbucket37 of layout FILE_SYSTEM_OPTIMIZED in volume: volume5
2023-06-28 21:19:16,792 [OM StateMachine ApplyTransaction Thread - 0] INFO  bucket.OMBucketCreateRequest (OMBucketCreateRequest.java:validateAndUpdateCache(270)) - created bucket: testbucket37 of layout FILE_SYSTEM_OPTIMIZED in volume: volume5
2023-06-28 21:19:16,807 [Time-limited test] INFO  rpc.RpcClient (RpcClient.java:createBucket(687)) - Creating Bucket: volume5/testbucket38, with server-side default bucket layout, runner as owner, Versioning false, Storage Type set to DISK and Encryption set to false, Replication Type set to server-side default replication type, Namespace Quota set to -1, Space Quota set to -1 
2023-06-28 21:19:16,813 [OM StateMachine ApplyTransaction Thread - 0] INFO  bucket.OMBucketCreateRequest (OMBucketCreateRequest.java:validateAndUpdateCache(270)) - created bucket: testbucket38 of layout FILE_SYSTEM_OPTIMIZED in volume: volume5
2023-06-28 21:19:16,816 [Time-limited test] INFO  shell.TestOzoneShellHA (TestOzoneShellHA.java:execute(212)) - Executing OzoneShell command with args [bucket, create, o3://om-service-test1/volume5/testbucket39]
2023-06-28 21:19:16,822 [OM StateMachine ApplyTransaction Thread - 0] INFO  bucket.OMBucketCreateRequest (OMBucketCreateRequest.java:validateAndUpdateCache(270)) - created bucket: testbucket38 of layout FILE_SYSTEM_OPTIMIZED in volume: volume5
2023-06-28 21:19:16,823 [OM StateMachine ApplyTransaction Thread - 0] INFO  bucket.OMBucketCreateRequest (OMBucketCreateRequest.java:validateAndUpdateCache(270)) - created bucket: testbucket38 of layout FILE_SYSTEM_OPTIMIZED in volume: volume5
2023-06-28 21:19:16,849 [Time-limited test] INFO  rpc.RpcClient (RpcClient.java:createBucket(687)) - Creating Bucket: volume5/testbucket39, with server-side default bucket layout, runner as owner, Versioning false, Storage Type set to DISK and Encryption set to false, Replication Type set to server-side default replication type, Namespace Quota set to -1, Space Quota set to -1 
2023-06-28 21:19:16,852 [OM StateMachine ApplyTransaction Thread - 0] INFO  bucket.OMBucketCreateRequest (OMBucketCreateRequest.java:validateAndUpdateCache(270)) - created bucket: testbucket39 of layout FILE_SYSTEM_OPTIMIZED in volume: volume5
2023-06-28 21:19:16,856 [Time-limited test] INFO  shell.TestOzoneShellHA (TestOzoneShellHA.java:execute(212)) - Executing OzoneShell command with args [bucket, create, o3://om-service-test1/volume5/testbucket40]
2023-06-28 21:19:16,865 [OM StateMachine ApplyTransaction Thread - 0] INFO  bucket.OMBucketCreateRequest (OMBucketCreateRequest.java:validateAndUpdateCache(270)) - created bucket: testbucket39 of layout FILE_SYSTEM_OPTIMIZED in volume: volume5
2023-06-28 21:19:16,870 [OM StateMachine ApplyTransaction Thread - 0] INFO  bucket.OMBucketCreateRequest (OMBucketCreateRequest.java:validateAndUpdateCache(270)) - created bucket: testbucket39 of layout FILE_SYSTEM_OPTIMIZED in volume: volume5
2023-06-28 21:19:16,895 [Time-limited test] INFO  rpc.RpcClient (RpcClient.java:createBucket(687)) - Creating Bucket: volume5/testbucket40, with server-side default bucket layout, runner as owner, Versioning false, Storage Type set to DISK and Encryption set to false, Replication Type set to server-side default replication type, Namespace Quota set to -1, Space Quota set to -1 
2023-06-28 21:19:16,898 [OM StateMachine ApplyTransaction Thread - 0] INFO  bucket.OMBucketCreateRequest (OMBucketCreateRequest.java:validateAndUpdateCache(270)) - created bucket: testbucket40 of layout FILE_SYSTEM_OPTIMIZED in volume: volume5
2023-06-28 21:19:16,899 [Time-limited test] INFO  shell.TestOzoneShellHA (TestOzoneShellHA.java:execute(212)) - Executing OzoneShell command with args [bucket, create, o3://om-service-test1/volume5/testbucket41]
2023-06-28 21:19:16,909 [OM StateMachine ApplyTransaction Thread - 0] INFO  bucket.OMBucketCreateRequest (OMBucketCreateRequest.java:validateAndUpdateCache(270)) - created bucket: testbucket40 of layout FILE_SYSTEM_OPTIMIZED in volume: volume5
2023-06-28 21:19:16,910 [OM StateMachine ApplyTransaction Thread - 0] INFO  bucket.OMBucketCreateRequest (OMBucketCreateRequest.java:validateAndUpdateCache(270)) - created bucket: testbucket40 of layout FILE_SYSTEM_OPTIMIZED in volume: volume5
2023-06-28 21:19:16,927 [Time-limited test] INFO  rpc.RpcClient (RpcClient.java:createBucket(687)) - Creating Bucket: volume5/testbucket41, with server-side default bucket layout, runner as owner, Versioning false, Storage Type set to DISK and Encryption set to false, Replication Type set to server-side default replication type, Namespace Quota set to -1, Space Quota set to -1 
2023-06-28 21:19:16,930 [OM StateMachine ApplyTransaction Thread - 0] INFO  bucket.OMBucketCreateRequest (OMBucketCreateRequest.java:validateAndUpdateCache(270)) - created bucket: testbucket41 of layout FILE_SYSTEM_OPTIMIZED in volume: volume5
2023-06-28 21:19:16,931 [Time-limited test] INFO  shell.TestOzoneShellHA (TestOzoneShellHA.java:execute(212)) - Executing OzoneShell command with args [bucket, create, o3://om-service-test1/volume5/testbucket42]
2023-06-28 21:19:16,940 [OM StateMachine ApplyTransaction Thread - 0] INFO  bucket.OMBucketCreateRequest (OMBucketCreateRequest.java:validateAndUpdateCache(270)) - created bucket: testbucket41 of layout FILE_SYSTEM_OPTIMIZED in volume: volume5
2023-06-28 21:19:16,941 [OM StateMachine ApplyTransaction Thread - 0] INFO  bucket.OMBucketCreateRequest (OMBucketCreateRequest.java:validateAndUpdateCache(270)) - created bucket: testbucket41 of layout FILE_SYSTEM_OPTIMIZED in volume: volume5
2023-06-28 21:19:16,959 [Time-limited test] INFO  rpc.RpcClient (RpcClient.java:createBucket(687)) - Creating Bucket: volume5/testbucket42, with server-side default bucket layout, runner as owner, Versioning false, Storage Type set to DISK and Encryption set to false, Replication Type set to server-side default replication type, Namespace Quota set to -1, Space Quota set to -1 
2023-06-28 21:19:16,961 [OM StateMachine ApplyTransaction Thread - 0] INFO  bucket.OMBucketCreateRequest (OMBucketCreateRequest.java:validateAndUpdateCache(270)) - created bucket: testbucket42 of layout FILE_SYSTEM_OPTIMIZED in volume: volume5
2023-06-28 21:19:16,962 [Time-limited test] INFO  shell.TestOzoneShellHA (TestOzoneShellHA.java:execute(212)) - Executing OzoneShell command with args [bucket, create, o3://om-service-test1/volume5/testbucket43]
2023-06-28 21:19:16,971 [OM StateMachine ApplyTransaction Thread - 0] INFO  bucket.OMBucketCreateRequest (OMBucketCreateRequest.java:validateAndUpdateCache(270)) - created bucket: testbucket42 of layout FILE_SYSTEM_OPTIMIZED in volume: volume5
2023-06-28 21:19:16,972 [OM StateMachine ApplyTransaction Thread - 0] INFO  bucket.OMBucketCreateRequest (OMBucketCreateRequest.java:validateAndUpdateCache(270)) - created bucket: testbucket42 of layout FILE_SYSTEM_OPTIMIZED in volume: volume5
2023-06-28 21:19:16,988 [Time-limited test] INFO  rpc.RpcClient (RpcClient.java:createBucket(687)) - Creating Bucket: volume5/testbucket43, with server-side default bucket layout, runner as owner, Versioning false, Storage Type set to DISK and Encryption set to false, Replication Type set to server-side default replication type, Namespace Quota set to -1, Space Quota set to -1 
2023-06-28 21:19:16,991 [OM StateMachine ApplyTransaction Thread - 0] INFO  bucket.OMBucketCreateRequest (OMBucketCreateRequest.java:validateAndUpdateCache(270)) - created bucket: testbucket43 of layout FILE_SYSTEM_OPTIMIZED in volume: volume5
2023-06-28 21:19:16,992 [Time-limited test] INFO  shell.TestOzoneShellHA (TestOzoneShellHA.java:execute(212)) - Executing OzoneShell command with args [bucket, create, o3://om-service-test1/volume5/testbucket44]
2023-06-28 21:19:17,001 [OM StateMachine ApplyTransaction Thread - 0] INFO  bucket.OMBucketCreateRequest (OMBucketCreateRequest.java:validateAndUpdateCache(270)) - created bucket: testbucket43 of layout FILE_SYSTEM_OPTIMIZED in volume: volume5
2023-06-28 21:19:17,002 [OM StateMachine ApplyTransaction Thread - 0] INFO  bucket.OMBucketCreateRequest (OMBucketCreateRequest.java:validateAndUpdateCache(270)) - created bucket: testbucket43 of layout FILE_SYSTEM_OPTIMIZED in volume: volume5
2023-06-28 21:19:17,017 [Time-limited test] INFO  rpc.RpcClient (RpcClient.java:createBucket(687)) - Creating Bucket: volume5/testbucket44, with server-side default bucket layout, runner as owner, Versioning false, Storage Type set to DISK and Encryption set to false, Replication Type set to server-side default replication type, Namespace Quota set to -1, Space Quota set to -1 
2023-06-28 21:19:17,020 [OM StateMachine ApplyTransaction Thread - 0] INFO  bucket.OMBucketCreateRequest (OMBucketCreateRequest.java:validateAndUpdateCache(270)) - created bucket: testbucket44 of layout FILE_SYSTEM_OPTIMIZED in volume: volume5
2023-06-28 21:19:17,021 [Time-limited test] INFO  shell.TestOzoneShellHA (TestOzoneShellHA.java:execute(212)) - Executing OzoneShell command with args [bucket, create, o3://om-service-test1/volume5/testbucket45]
2023-06-28 21:19:17,030 [OM StateMachine ApplyTransaction Thread - 0] INFO  bucket.OMBucketCreateRequest (OMBucketCreateRequest.java:validateAndUpdateCache(270)) - created bucket: testbucket44 of layout FILE_SYSTEM_OPTIMIZED in volume: volume5
2023-06-28 21:19:17,030 [OM StateMachine ApplyTransaction Thread - 0] INFO  bucket.OMBucketCreateRequest (OMBucketCreateRequest.java:validateAndUpdateCache(270)) - created bucket: testbucket44 of layout FILE_SYSTEM_OPTIMIZED in volume: volume5
2023-06-28 21:19:17,053 [Time-limited test] INFO  rpc.RpcClient (RpcClient.java:createBucket(687)) - Creating Bucket: volume5/testbucket45, with server-side default bucket layout, runner as owner, Versioning false, Storage Type set to DISK and Encryption set to false, Replication Type set to server-side default replication type, Namespace Quota set to -1, Space Quota set to -1 
2023-06-28 21:19:17,056 [OM StateMachine ApplyTransaction Thread - 0] INFO  bucket.OMBucketCreateRequest (OMBucketCreateRequest.java:validateAndUpdateCache(270)) - created bucket: testbucket45 of layout FILE_SYSTEM_OPTIMIZED in volume: volume5
2023-06-28 21:19:17,057 [Time-limited test] INFO  shell.TestOzoneShellHA (TestOzoneShellHA.java:execute(212)) - Executing OzoneShell command with args [bucket, create, o3://om-service-test1/volume5/testbucket46]
2023-06-28 21:19:17,066 [OM StateMachine ApplyTransaction Thread - 0] INFO  bucket.OMBucketCreateRequest (OMBucketCreateRequest.java:validateAndUpdateCache(270)) - created bucket: testbucket45 of layout FILE_SYSTEM_OPTIMIZED in volume: volume5
2023-06-28 21:19:17,067 [OM StateMachine ApplyTransaction Thread - 0] INFO  bucket.OMBucketCreateRequest (OMBucketCreateRequest.java:validateAndUpdateCache(270)) - created bucket: testbucket45 of layout FILE_SYSTEM_OPTIMIZED in volume: volume5
2023-06-28 21:19:17,093 [Time-limited test] INFO  rpc.RpcClient (RpcClient.java:createBucket(687)) - Creating Bucket: volume5/testbucket46, with server-side default bucket layout, runner as owner, Versioning false, Storage Type set to DISK and Encryption set to false, Replication Type set to server-side default replication type, Namespace Quota set to -1, Space Quota set to -1 
2023-06-28 21:19:17,096 [OM StateMachine ApplyTransaction Thread - 0] INFO  bucket.OMBucketCreateRequest (OMBucketCreateRequest.java:validateAndUpdateCache(270)) - created bucket: testbucket46 of layout FILE_SYSTEM_OPTIMIZED in volume: volume5
2023-06-28 21:19:17,097 [Time-limited test] INFO  shell.TestOzoneShellHA (TestOzoneShellHA.java:execute(212)) - Executing OzoneShell command with args [bucket, create, o3://om-service-test1/volume5/testbucket47]
2023-06-28 21:19:17,106 [OM StateMachine ApplyTransaction Thread - 0] INFO  bucket.OMBucketCreateRequest (OMBucketCreateRequest.java:validateAndUpdateCache(270)) - created bucket: testbucket46 of layout FILE_SYSTEM_OPTIMIZED in volume: volume5
2023-06-28 21:19:17,107 [OM StateMachine ApplyTransaction Thread - 0] INFO  bucket.OMBucketCreateRequest (OMBucketCreateRequest.java:validateAndUpdateCache(270)) - created bucket: testbucket46 of layout FILE_SYSTEM_OPTIMIZED in volume: volume5
2023-06-28 21:19:17,127 [Time-limited test] INFO  rpc.RpcClient (RpcClient.java:createBucket(687)) - Creating Bucket: volume5/testbucket47, with server-side default bucket layout, runner as owner, Versioning false, Storage Type set to DISK and Encryption set to false, Replication Type set to server-side default replication type, Namespace Quota set to -1, Space Quota set to -1 
2023-06-28 21:19:17,130 [OM StateMachine ApplyTransaction Thread - 0] INFO  bucket.OMBucketCreateRequest (OMBucketCreateRequest.java:validateAndUpdateCache(270)) - created bucket: testbucket47 of layout FILE_SYSTEM_OPTIMIZED in volume: volume5
2023-06-28 21:19:17,131 [Time-limited test] INFO  shell.TestOzoneShellHA (TestOzoneShellHA.java:execute(212)) - Executing OzoneShell command with args [bucket, create, o3://om-service-test1/volume5/testbucket48]
2023-06-28 21:19:17,141 [OM StateMachine ApplyTransaction Thread - 0] INFO  bucket.OMBucketCreateRequest (OMBucketCreateRequest.java:validateAndUpdateCache(270)) - created bucket: testbucket47 of layout FILE_SYSTEM_OPTIMIZED in volume: volume5
2023-06-28 21:19:17,142 [OM StateMachine ApplyTransaction Thread - 0] INFO  bucket.OMBucketCreateRequest (OMBucketCreateRequest.java:validateAndUpdateCache(270)) - created bucket: testbucket47 of layout FILE_SYSTEM_OPTIMIZED in volume: volume5
2023-06-28 21:19:17,166 [Time-limited test] INFO  rpc.RpcClient (RpcClient.java:createBucket(687)) - Creating Bucket: volume5/testbucket48, with server-side default bucket layout, runner as owner, Versioning false, Storage Type set to DISK and Encryption set to false, Replication Type set to server-side default replication type, Namespace Quota set to -1, Space Quota set to -1 
2023-06-28 21:19:17,170 [OM StateMachine ApplyTransaction Thread - 0] INFO  bucket.OMBucketCreateRequest (OMBucketCreateRequest.java:validateAndUpdateCache(270)) - created bucket: testbucket48 of layout FILE_SYSTEM_OPTIMIZED in volume: volume5
2023-06-28 21:19:17,172 [Time-limited test] INFO  shell.TestOzoneShellHA (TestOzoneShellHA.java:execute(212)) - Executing OzoneShell command with args [bucket, create, o3://om-service-test1/volume5/testbucket49]
2023-06-28 21:19:17,179 [OM StateMachine ApplyTransaction Thread - 0] INFO  bucket.OMBucketCreateRequest (OMBucketCreateRequest.java:validateAndUpdateCache(270)) - created bucket: testbucket48 of layout FILE_SYSTEM_OPTIMIZED in volume: volume5
2023-06-28 21:19:17,180 [OM StateMachine ApplyTransaction Thread - 0] INFO  bucket.OMBucketCreateRequest (OMBucketCreateRequest.java:validateAndUpdateCache(270)) - created bucket: testbucket48 of layout FILE_SYSTEM_OPTIMIZED in volume: volume5
2023-06-28 21:19:17,198 [Time-limited test] INFO  rpc.RpcClient (RpcClient.java:createBucket(687)) - Creating Bucket: volume5/testbucket49, with server-side default bucket layout, runner as owner, Versioning false, Storage Type set to DISK and Encryption set to false, Replication Type set to server-side default replication type, Namespace Quota set to -1, Space Quota set to -1 
2023-06-28 21:19:17,201 [OM StateMachine ApplyTransaction Thread - 0] INFO  bucket.OMBucketCreateRequest (OMBucketCreateRequest.java:validateAndUpdateCache(270)) - created bucket: testbucket49 of layout FILE_SYSTEM_OPTIMIZED in volume: volume5
2023-06-28 21:19:17,205 [Time-limited test] INFO  shell.TestOzoneShellHA (TestOzoneShellHA.java:execute(212)) - Executing OzoneShell command with args [bucket, create, o3://om-service-test1/volume5/testbucket50]
2023-06-28 21:19:17,211 [OM StateMachine ApplyTransaction Thread - 0] INFO  bucket.OMBucketCreateRequest (OMBucketCreateRequest.java:validateAndUpdateCache(270)) - created bucket: testbucket49 of layout FILE_SYSTEM_OPTIMIZED in volume: volume5
2023-06-28 21:19:17,212 [OM StateMachine ApplyTransaction Thread - 0] INFO  bucket.OMBucketCreateRequest (OMBucketCreateRequest.java:validateAndUpdateCache(270)) - created bucket: testbucket49 of layout FILE_SYSTEM_OPTIMIZED in volume: volume5
2023-06-28 21:19:17,232 [Time-limited test] INFO  rpc.RpcClient (RpcClient.java:createBucket(687)) - Creating Bucket: volume5/testbucket50, with server-side default bucket layout, runner as owner, Versioning false, Storage Type set to DISK and Encryption set to false, Replication Type set to server-side default replication type, Namespace Quota set to -1, Space Quota set to -1 
2023-06-28 21:19:17,235 [OM StateMachine ApplyTransaction Thread - 0] INFO  bucket.OMBucketCreateRequest (OMBucketCreateRequest.java:validateAndUpdateCache(270)) - created bucket: testbucket50 of layout FILE_SYSTEM_OPTIMIZED in volume: volume5
2023-06-28 21:19:17,236 [Time-limited test] INFO  shell.TestOzoneShellHA (TestOzoneShellHA.java:execute(212)) - Executing OzoneShell command with args [bucket, create, o3://om-service-test1/volume5/testbucket51]
2023-06-28 21:19:17,245 [OM StateMachine ApplyTransaction Thread - 0] INFO  bucket.OMBucketCreateRequest (OMBucketCreateRequest.java:validateAndUpdateCache(270)) - created bucket: testbucket50 of layout FILE_SYSTEM_OPTIMIZED in volume: volume5
2023-06-28 21:19:17,246 [OM StateMachine ApplyTransaction Thread - 0] INFO  bucket.OMBucketCreateRequest (OMBucketCreateRequest.java:validateAndUpdateCache(270)) - created bucket: testbucket50 of layout FILE_SYSTEM_OPTIMIZED in volume: volume5
2023-06-28 21:19:17,261 [Time-limited test] INFO  rpc.RpcClient (RpcClient.java:createBucket(687)) - Creating Bucket: volume5/testbucket51, with server-side default bucket layout, runner as owner, Versioning false, Storage Type set to DISK and Encryption set to false, Replication Type set to server-side default replication type, Namespace Quota set to -1, Space Quota set to -1 
2023-06-28 21:19:17,267 [OM StateMachine ApplyTransaction Thread - 0] INFO  bucket.OMBucketCreateRequest (OMBucketCreateRequest.java:validateAndUpdateCache(270)) - created bucket: testbucket51 of layout FILE_SYSTEM_OPTIMIZED in volume: volume5
2023-06-28 21:19:17,268 [Time-limited test] INFO  shell.TestOzoneShellHA (TestOzoneShellHA.java:execute(212)) - Executing OzoneShell command with args [bucket, create, o3://om-service-test1/volume5/testbucket52]
2023-06-28 21:19:17,278 [OM StateMachine ApplyTransaction Thread - 0] INFO  bucket.OMBucketCreateRequest (OMBucketCreateRequest.java:validateAndUpdateCache(270)) - created bucket: testbucket51 of layout FILE_SYSTEM_OPTIMIZED in volume: volume5
2023-06-28 21:19:17,279 [OM StateMachine ApplyTransaction Thread - 0] INFO  bucket.OMBucketCreateRequest (OMBucketCreateRequest.java:validateAndUpdateCache(270)) - created bucket: testbucket51 of layout FILE_SYSTEM_OPTIMIZED in volume: volume5
2023-06-28 21:19:17,295 [Time-limited test] INFO  rpc.RpcClient (RpcClient.java:createBucket(687)) - Creating Bucket: volume5/testbucket52, with server-side default bucket layout, runner as owner, Versioning false, Storage Type set to DISK and Encryption set to false, Replication Type set to server-side default replication type, Namespace Quota set to -1, Space Quota set to -1 
2023-06-28 21:19:17,298 [OM StateMachine ApplyTransaction Thread - 0] INFO  bucket.OMBucketCreateRequest (OMBucketCreateRequest.java:validateAndUpdateCache(270)) - created bucket: testbucket52 of layout FILE_SYSTEM_OPTIMIZED in volume: volume5
2023-06-28 21:19:17,299 [Time-limited test] INFO  shell.TestOzoneShellHA (TestOzoneShellHA.java:execute(212)) - Executing OzoneShell command with args [bucket, create, o3://om-service-test1/volume5/testbucket53]
2023-06-28 21:19:17,309 [OM StateMachine ApplyTransaction Thread - 0] INFO  bucket.OMBucketCreateRequest (OMBucketCreateRequest.java:validateAndUpdateCache(270)) - created bucket: testbucket52 of layout FILE_SYSTEM_OPTIMIZED in volume: volume5
2023-06-28 21:19:17,310 [OM StateMachine ApplyTransaction Thread - 0] INFO  bucket.OMBucketCreateRequest (OMBucketCreateRequest.java:validateAndUpdateCache(270)) - created bucket: testbucket52 of layout FILE_SYSTEM_OPTIMIZED in volume: volume5
2023-06-28 21:19:17,325 [Time-limited test] INFO  rpc.RpcClient (RpcClient.java:createBucket(687)) - Creating Bucket: volume5/testbucket53, with server-side default bucket layout, runner as owner, Versioning false, Storage Type set to DISK and Encryption set to false, Replication Type set to server-side default replication type, Namespace Quota set to -1, Space Quota set to -1 
2023-06-28 21:19:17,328 [OM StateMachine ApplyTransaction Thread - 0] INFO  bucket.OMBucketCreateRequest (OMBucketCreateRequest.java:validateAndUpdateCache(270)) - created bucket: testbucket53 of layout FILE_SYSTEM_OPTIMIZED in volume: volume5
2023-06-28 21:19:17,329 [Time-limited test] INFO  shell.TestOzoneShellHA (TestOzoneShellHA.java:execute(212)) - Executing OzoneShell command with args [bucket, create, o3://om-service-test1/volume5/testbucket54]
2023-06-28 21:19:17,339 [OM StateMachine ApplyTransaction Thread - 0] INFO  bucket.OMBucketCreateRequest (OMBucketCreateRequest.java:validateAndUpdateCache(270)) - created bucket: testbucket53 of layout FILE_SYSTEM_OPTIMIZED in volume: volume5
2023-06-28 21:19:17,340 [OM StateMachine ApplyTransaction Thread - 0] INFO  bucket.OMBucketCreateRequest (OMBucketCreateRequest.java:validateAndUpdateCache(270)) - created bucket: testbucket53 of layout FILE_SYSTEM_OPTIMIZED in volume: volume5
2023-06-28 21:19:17,355 [Time-limited test] INFO  rpc.RpcClient (RpcClient.java:createBucket(687)) - Creating Bucket: volume5/testbucket54, with server-side default bucket layout, runner as owner, Versioning false, Storage Type set to DISK and Encryption set to false, Replication Type set to server-side default replication type, Namespace Quota set to -1, Space Quota set to -1 
2023-06-28 21:19:17,358 [OM StateMachine ApplyTransaction Thread - 0] INFO  bucket.OMBucketCreateRequest (OMBucketCreateRequest.java:validateAndUpdateCache(270)) - created bucket: testbucket54 of layout FILE_SYSTEM_OPTIMIZED in volume: volume5
2023-06-28 21:19:17,359 [Time-limited test] INFO  shell.TestOzoneShellHA (TestOzoneShellHA.java:execute(212)) - Executing OzoneShell command with args [bucket, create, o3://om-service-test1/volume5/testbucket55]
2023-06-28 21:19:17,368 [OM StateMachine ApplyTransaction Thread - 0] INFO  bucket.OMBucketCreateRequest (OMBucketCreateRequest.java:validateAndUpdateCache(270)) - created bucket: testbucket54 of layout FILE_SYSTEM_OPTIMIZED in volume: volume5
2023-06-28 21:19:17,369 [OM StateMachine ApplyTransaction Thread - 0] INFO  bucket.OMBucketCreateRequest (OMBucketCreateRequest.java:validateAndUpdateCache(270)) - created bucket: testbucket54 of layout FILE_SYSTEM_OPTIMIZED in volume: volume5
2023-06-28 21:19:17,387 [Time-limited test] INFO  rpc.RpcClient (RpcClient.java:createBucket(687)) - Creating Bucket: volume5/testbucket55, with server-side default bucket layout, runner as owner, Versioning false, Storage Type set to DISK and Encryption set to false, Replication Type set to server-side default replication type, Namespace Quota set to -1, Space Quota set to -1 
2023-06-28 21:19:17,390 [OM StateMachine ApplyTransaction Thread - 0] INFO  bucket.OMBucketCreateRequest (OMBucketCreateRequest.java:validateAndUpdateCache(270)) - created bucket: testbucket55 of layout FILE_SYSTEM_OPTIMIZED in volume: volume5
2023-06-28 21:19:17,391 [Time-limited test] INFO  shell.TestOzoneShellHA (TestOzoneShellHA.java:execute(212)) - Executing OzoneShell command with args [bucket, create, o3://om-service-test1/volume5/testbucket56]
2023-06-28 21:19:17,397 [omNode-3@group-523986131536-FollowerState] INFO  server.RaftServerConfigKeys (ConfUtils.java:logFallback(53)) - raft.server.rpc.first-election.timeout.min = 1s (fallback to raft.server.rpc.timeout.min)
2023-06-28 21:19:17,397 [omNode-3@group-523986131536-FollowerState] INFO  server.RaftServerConfigKeys (ConfUtils.java:logFallback(53)) - raft.server.rpc.first-election.timeout.max = 1200ms (fallback to raft.server.rpc.timeout.max)
2023-06-28 21:19:17,401 [OM StateMachine ApplyTransaction Thread - 0] INFO  bucket.OMBucketCreateRequest (OMBucketCreateRequest.java:validateAndUpdateCache(270)) - created bucket: testbucket55 of layout FILE_SYSTEM_OPTIMIZED in volume: volume5
2023-06-28 21:19:17,402 [OM StateMachine ApplyTransaction Thread - 0] INFO  bucket.OMBucketCreateRequest (OMBucketCreateRequest.java:validateAndUpdateCache(270)) - created bucket: testbucket55 of layout FILE_SYSTEM_OPTIMIZED in volume: volume5
2023-06-28 21:19:17,420 [Time-limited test] INFO  rpc.RpcClient (RpcClient.java:createBucket(687)) - Creating Bucket: volume5/testbucket56, with server-side default bucket layout, runner as owner, Versioning false, Storage Type set to DISK and Encryption set to false, Replication Type set to server-side default replication type, Namespace Quota set to -1, Space Quota set to -1 
2023-06-28 21:19:17,423 [OM StateMachine ApplyTransaction Thread - 0] INFO  bucket.OMBucketCreateRequest (OMBucketCreateRequest.java:validateAndUpdateCache(270)) - created bucket: testbucket56 of layout FILE_SYSTEM_OPTIMIZED in volume: volume5
2023-06-28 21:19:17,424 [Time-limited test] INFO  shell.TestOzoneShellHA (TestOzoneShellHA.java:execute(212)) - Executing OzoneShell command with args [bucket, create, o3://om-service-test1/volume5/testbucket57]
2023-06-28 21:19:17,434 [OM StateMachine ApplyTransaction Thread - 0] INFO  bucket.OMBucketCreateRequest (OMBucketCreateRequest.java:validateAndUpdateCache(270)) - created bucket: testbucket56 of layout FILE_SYSTEM_OPTIMIZED in volume: volume5
2023-06-28 21:19:17,435 [OM StateMachine ApplyTransaction Thread - 0] INFO  bucket.OMBucketCreateRequest (OMBucketCreateRequest.java:validateAndUpdateCache(270)) - created bucket: testbucket56 of layout FILE_SYSTEM_OPTIMIZED in volume: volume5
2023-06-28 21:19:17,451 [Time-limited test] INFO  rpc.RpcClient (RpcClient.java:createBucket(687)) - Creating Bucket: volume5/testbucket57, with server-side default bucket layout, runner as owner, Versioning false, Storage Type set to DISK and Encryption set to false, Replication Type set to server-side default replication type, Namespace Quota set to -1, Space Quota set to -1 
2023-06-28 21:19:17,455 [OM StateMachine ApplyTransaction Thread - 0] INFO  bucket.OMBucketCreateRequest (OMBucketCreateRequest.java:validateAndUpdateCache(270)) - created bucket: testbucket57 of layout FILE_SYSTEM_OPTIMIZED in volume: volume5
2023-06-28 21:19:17,455 [Time-limited test] INFO  shell.TestOzoneShellHA (TestOzoneShellHA.java:execute(212)) - Executing OzoneShell command with args [bucket, create, o3://om-service-test1/volume5/testbucket58]
2023-06-28 21:19:17,464 [OM StateMachine ApplyTransaction Thread - 0] INFO  bucket.OMBucketCreateRequest (OMBucketCreateRequest.java:validateAndUpdateCache(270)) - created bucket: testbucket57 of layout FILE_SYSTEM_OPTIMIZED in volume: volume5
2023-06-28 21:19:17,465 [OM StateMachine ApplyTransaction Thread - 0] INFO  bucket.OMBucketCreateRequest (OMBucketCreateRequest.java:validateAndUpdateCache(270)) - created bucket: testbucket57 of layout FILE_SYSTEM_OPTIMIZED in volume: volume5
2023-06-28 21:19:17,486 [Time-limited test] INFO  rpc.RpcClient (RpcClient.java:createBucket(687)) - Creating Bucket: volume5/testbucket58, with server-side default bucket layout, runner as owner, Versioning false, Storage Type set to DISK and Encryption set to false, Replication Type set to server-side default replication type, Namespace Quota set to -1, Space Quota set to -1 
2023-06-28 21:19:17,489 [OM StateMachine ApplyTransaction Thread - 0] INFO  bucket.OMBucketCreateRequest (OMBucketCreateRequest.java:validateAndUpdateCache(270)) - created bucket: testbucket58 of layout FILE_SYSTEM_OPTIMIZED in volume: volume5
2023-06-28 21:19:17,490 [Time-limited test] INFO  shell.TestOzoneShellHA (TestOzoneShellHA.java:execute(212)) - Executing OzoneShell command with args [bucket, create, o3://om-service-test1/volume5/testbucket59]
2023-06-28 21:19:17,499 [OM StateMachine ApplyTransaction Thread - 0] INFO  bucket.OMBucketCreateRequest (OMBucketCreateRequest.java:validateAndUpdateCache(270)) - created bucket: testbucket58 of layout FILE_SYSTEM_OPTIMIZED in volume: volume5
2023-06-28 21:19:17,500 [OM StateMachine ApplyTransaction Thread - 0] INFO  bucket.OMBucketCreateRequest (OMBucketCreateRequest.java:validateAndUpdateCache(270)) - created bucket: testbucket58 of layout FILE_SYSTEM_OPTIMIZED in volume: volume5
2023-06-28 21:19:17,515 [Time-limited test] INFO  rpc.RpcClient (RpcClient.java:createBucket(687)) - Creating Bucket: volume5/testbucket59, with server-side default bucket layout, runner as owner, Versioning false, Storage Type set to DISK and Encryption set to false, Replication Type set to server-side default replication type, Namespace Quota set to -1, Space Quota set to -1 
2023-06-28 21:19:17,519 [OM StateMachine ApplyTransaction Thread - 0] INFO  bucket.OMBucketCreateRequest (OMBucketCreateRequest.java:validateAndUpdateCache(270)) - created bucket: testbucket59 of layout FILE_SYSTEM_OPTIMIZED in volume: volume5
2023-06-28 21:19:17,520 [Time-limited test] INFO  shell.TestOzoneShellHA (TestOzoneShellHA.java:execute(212)) - Executing OzoneShell command with args [bucket, create, o3://om-service-test1/volume5/testbucket60]
2023-06-28 21:19:17,529 [OM StateMachine ApplyTransaction Thread - 0] INFO  bucket.OMBucketCreateRequest (OMBucketCreateRequest.java:validateAndUpdateCache(270)) - created bucket: testbucket59 of layout FILE_SYSTEM_OPTIMIZED in volume: volume5
2023-06-28 21:19:17,530 [OM StateMachine ApplyTransaction Thread - 0] INFO  bucket.OMBucketCreateRequest (OMBucketCreateRequest.java:validateAndUpdateCache(270)) - created bucket: testbucket59 of layout FILE_SYSTEM_OPTIMIZED in volume: volume5
2023-06-28 21:19:17,546 [Time-limited test] INFO  rpc.RpcClient (RpcClient.java:createBucket(687)) - Creating Bucket: volume5/testbucket60, with server-side default bucket layout, runner as owner, Versioning false, Storage Type set to DISK and Encryption set to false, Replication Type set to server-side default replication type, Namespace Quota set to -1, Space Quota set to -1 
2023-06-28 21:19:17,549 [OM StateMachine ApplyTransaction Thread - 0] INFO  bucket.OMBucketCreateRequest (OMBucketCreateRequest.java:validateAndUpdateCache(270)) - created bucket: testbucket60 of layout FILE_SYSTEM_OPTIMIZED in volume: volume5
2023-06-28 21:19:17,550 [Time-limited test] INFO  shell.TestOzoneShellHA (TestOzoneShellHA.java:execute(212)) - Executing OzoneShell command with args [bucket, create, o3://om-service-test1/volume5/testbucket61]
2023-06-28 21:19:17,559 [OM StateMachine ApplyTransaction Thread - 0] INFO  bucket.OMBucketCreateRequest (OMBucketCreateRequest.java:validateAndUpdateCache(270)) - created bucket: testbucket60 of layout FILE_SYSTEM_OPTIMIZED in volume: volume5
2023-06-28 21:19:17,560 [OM StateMachine ApplyTransaction Thread - 0] INFO  bucket.OMBucketCreateRequest (OMBucketCreateRequest.java:validateAndUpdateCache(270)) - created bucket: testbucket60 of layout FILE_SYSTEM_OPTIMIZED in volume: volume5
2023-06-28 21:19:17,578 [Time-limited test] INFO  rpc.RpcClient (RpcClient.java:createBucket(687)) - Creating Bucket: volume5/testbucket61, with server-side default bucket layout, runner as owner, Versioning false, Storage Type set to DISK and Encryption set to false, Replication Type set to server-side default replication type, Namespace Quota set to -1, Space Quota set to -1 
2023-06-28 21:19:17,583 [OM StateMachine ApplyTransaction Thread - 0] INFO  bucket.OMBucketCreateRequest (OMBucketCreateRequest.java:validateAndUpdateCache(270)) - created bucket: testbucket61 of layout FILE_SYSTEM_OPTIMIZED in volume: volume5
2023-06-28 21:19:17,584 [Time-limited test] INFO  shell.TestOzoneShellHA (TestOzoneShellHA.java:execute(212)) - Executing OzoneShell command with args [bucket, create, o3://om-service-test1/volume5/testbucket62]
2023-06-28 21:19:17,594 [OM StateMachine ApplyTransaction Thread - 0] INFO  bucket.OMBucketCreateRequest (OMBucketCreateRequest.java:validateAndUpdateCache(270)) - created bucket: testbucket61 of layout FILE_SYSTEM_OPTIMIZED in volume: volume5
2023-06-28 21:19:17,594 [OM StateMachine ApplyTransaction Thread - 0] INFO  bucket.OMBucketCreateRequest (OMBucketCreateRequest.java:validateAndUpdateCache(270)) - created bucket: testbucket61 of layout FILE_SYSTEM_OPTIMIZED in volume: volume5
2023-06-28 21:19:17,609 [Time-limited test] INFO  rpc.RpcClient (RpcClient.java:createBucket(687)) - Creating Bucket: volume5/testbucket62, with server-side default bucket layout, runner as owner, Versioning false, Storage Type set to DISK and Encryption set to false, Replication Type set to server-side default replication type, Namespace Quota set to -1, Space Quota set to -1 
2023-06-28 21:19:17,615 [OM StateMachine ApplyTransaction Thread - 0] INFO  bucket.OMBucketCreateRequest (OMBucketCreateRequest.java:validateAndUpdateCache(270)) - created bucket: testbucket62 of layout FILE_SYSTEM_OPTIMIZED in volume: volume5
2023-06-28 21:19:17,616 [Time-limited test] INFO  shell.TestOzoneShellHA (TestOzoneShellHA.java:execute(212)) - Executing OzoneShell command with args [bucket, create, o3://om-service-test1/volume5/testbucket63]
2023-06-28 21:19:17,623 [OM StateMachine ApplyTransaction Thread - 0] INFO  bucket.OMBucketCreateRequest (OMBucketCreateRequest.java:validateAndUpdateCache(270)) - created bucket: testbucket62 of layout FILE_SYSTEM_OPTIMIZED in volume: volume5
2023-06-28 21:19:17,623 [OM StateMachine ApplyTransaction Thread - 0] INFO  bucket.OMBucketCreateRequest (OMBucketCreateRequest.java:validateAndUpdateCache(270)) - created bucket: testbucket62 of layout FILE_SYSTEM_OPTIMIZED in volume: volume5
2023-06-28 21:19:17,640 [Time-limited test] INFO  rpc.RpcClient (RpcClient.java:createBucket(687)) - Creating Bucket: volume5/testbucket63, with server-side default bucket layout, runner as owner, Versioning false, Storage Type set to DISK and Encryption set to false, Replication Type set to server-side default replication type, Namespace Quota set to -1, Space Quota set to -1 
2023-06-28 21:19:17,644 [OM StateMachine ApplyTransaction Thread - 0] INFO  bucket.OMBucketCreateRequest (OMBucketCreateRequest.java:validateAndUpdateCache(270)) - created bucket: testbucket63 of layout FILE_SYSTEM_OPTIMIZED in volume: volume5
2023-06-28 21:19:17,645 [Time-limited test] INFO  shell.TestOzoneShellHA (TestOzoneShellHA.java:execute(212)) - Executing OzoneShell command with args [bucket, create, o3://om-service-test1/volume5/testbucket64]
2023-06-28 21:19:17,653 [OM StateMachine ApplyTransaction Thread - 0] INFO  bucket.OMBucketCreateRequest (OMBucketCreateRequest.java:validateAndUpdateCache(270)) - created bucket: testbucket63 of layout FILE_SYSTEM_OPTIMIZED in volume: volume5
2023-06-28 21:19:17,654 [OM StateMachine ApplyTransaction Thread - 0] INFO  bucket.OMBucketCreateRequest (OMBucketCreateRequest.java:validateAndUpdateCache(270)) - created bucket: testbucket63 of layout FILE_SYSTEM_OPTIMIZED in volume: volume5
2023-06-28 21:19:17,670 [Time-limited test] INFO  rpc.RpcClient (RpcClient.java:createBucket(687)) - Creating Bucket: volume5/testbucket64, with server-side default bucket layout, runner as owner, Versioning false, Storage Type set to DISK and Encryption set to false, Replication Type set to server-side default replication type, Namespace Quota set to -1, Space Quota set to -1 
2023-06-28 21:19:17,673 [OM StateMachine ApplyTransaction Thread - 0] INFO  bucket.OMBucketCreateRequest (OMBucketCreateRequest.java:validateAndUpdateCache(270)) - created bucket: testbucket64 of layout FILE_SYSTEM_OPTIMIZED in volume: volume5
2023-06-28 21:19:17,674 [Time-limited test] INFO  shell.TestOzoneShellHA (TestOzoneShellHA.java:execute(212)) - Executing OzoneShell command with args [bucket, create, o3://om-service-test1/volume5/testbucket65]
2023-06-28 21:19:17,683 [OM StateMachine ApplyTransaction Thread - 0] INFO  bucket.OMBucketCreateRequest (OMBucketCreateRequest.java:validateAndUpdateCache(270)) - created bucket: testbucket64 of layout FILE_SYSTEM_OPTIMIZED in volume: volume5
2023-06-28 21:19:17,684 [OM StateMachine ApplyTransaction Thread - 0] INFO  bucket.OMBucketCreateRequest (OMBucketCreateRequest.java:validateAndUpdateCache(270)) - created bucket: testbucket64 of layout FILE_SYSTEM_OPTIMIZED in volume: volume5
2023-06-28 21:19:17,698 [Time-limited test] INFO  rpc.RpcClient (RpcClient.java:createBucket(687)) - Creating Bucket: volume5/testbucket65, with server-side default bucket layout, runner as owner, Versioning false, Storage Type set to DISK and Encryption set to false, Replication Type set to server-side default replication type, Namespace Quota set to -1, Space Quota set to -1 
2023-06-28 21:19:17,700 [OM StateMachine ApplyTransaction Thread - 0] INFO  bucket.OMBucketCreateRequest (OMBucketCreateRequest.java:validateAndUpdateCache(270)) - created bucket: testbucket65 of layout FILE_SYSTEM_OPTIMIZED in volume: volume5
2023-06-28 21:19:17,701 [Time-limited test] INFO  shell.TestOzoneShellHA (TestOzoneShellHA.java:execute(212)) - Executing OzoneShell command with args [bucket, create, o3://om-service-test1/volume5/testbucket66]
2023-06-28 21:19:17,710 [OM StateMachine ApplyTransaction Thread - 0] INFO  bucket.OMBucketCreateRequest (OMBucketCreateRequest.java:validateAndUpdateCache(270)) - created bucket: testbucket65 of layout FILE_SYSTEM_OPTIMIZED in volume: volume5
2023-06-28 21:19:17,711 [OM StateMachine ApplyTransaction Thread - 0] INFO  bucket.OMBucketCreateRequest (OMBucketCreateRequest.java:validateAndUpdateCache(270)) - created bucket: testbucket65 of layout FILE_SYSTEM_OPTIMIZED in volume: volume5
2023-06-28 21:19:17,737 [Time-limited test] INFO  rpc.RpcClient (RpcClient.java:createBucket(687)) - Creating Bucket: volume5/testbucket66, with server-side default bucket layout, runner as owner, Versioning false, Storage Type set to DISK and Encryption set to false, Replication Type set to server-side default replication type, Namespace Quota set to -1, Space Quota set to -1 
2023-06-28 21:19:17,740 [OM StateMachine ApplyTransaction Thread - 0] INFO  bucket.OMBucketCreateRequest (OMBucketCreateRequest.java:validateAndUpdateCache(270)) - created bucket: testbucket66 of layout FILE_SYSTEM_OPTIMIZED in volume: volume5
2023-06-28 21:19:17,741 [Time-limited test] INFO  shell.TestOzoneShellHA (TestOzoneShellHA.java:execute(212)) - Executing OzoneShell command with args [bucket, create, o3://om-service-test1/volume5/testbucket67]
2023-06-28 21:19:17,750 [OM StateMachine ApplyTransaction Thread - 0] INFO  bucket.OMBucketCreateRequest (OMBucketCreateRequest.java:validateAndUpdateCache(270)) - created bucket: testbucket66 of layout FILE_SYSTEM_OPTIMIZED in volume: volume5
2023-06-28 21:19:17,751 [OM StateMachine ApplyTransaction Thread - 0] INFO  bucket.OMBucketCreateRequest (OMBucketCreateRequest.java:validateAndUpdateCache(270)) - created bucket: testbucket66 of layout FILE_SYSTEM_OPTIMIZED in volume: volume5
2023-06-28 21:19:17,768 [Time-limited test] INFO  rpc.RpcClient (RpcClient.java:createBucket(687)) - Creating Bucket: volume5/testbucket67, with server-side default bucket layout, runner as owner, Versioning false, Storage Type set to DISK and Encryption set to false, Replication Type set to server-side default replication type, Namespace Quota set to -1, Space Quota set to -1 
2023-06-28 21:19:17,771 [OM StateMachine ApplyTransaction Thread - 0] INFO  bucket.OMBucketCreateRequest (OMBucketCreateRequest.java:validateAndUpdateCache(270)) - created bucket: testbucket67 of layout FILE_SYSTEM_OPTIMIZED in volume: volume5
2023-06-28 21:19:17,772 [Time-limited test] INFO  shell.TestOzoneShellHA (TestOzoneShellHA.java:execute(212)) - Executing OzoneShell command with args [bucket, create, o3://om-service-test1/volume5/testbucket68]
2023-06-28 21:19:17,781 [OM StateMachine ApplyTransaction Thread - 0] INFO  bucket.OMBucketCreateRequest (OMBucketCreateRequest.java:validateAndUpdateCache(270)) - created bucket: testbucket67 of layout FILE_SYSTEM_OPTIMIZED in volume: volume5
2023-06-28 21:19:17,782 [OM StateMachine ApplyTransaction Thread - 0] INFO  bucket.OMBucketCreateRequest (OMBucketCreateRequest.java:validateAndUpdateCache(270)) - created bucket: testbucket67 of layout FILE_SYSTEM_OPTIMIZED in volume: volume5
2023-06-28 21:19:17,798 [Time-limited test] INFO  rpc.RpcClient (RpcClient.java:createBucket(687)) - Creating Bucket: volume5/testbucket68, with server-side default bucket layout, runner as owner, Versioning false, Storage Type set to DISK and Encryption set to false, Replication Type set to server-side default replication type, Namespace Quota set to -1, Space Quota set to -1 
2023-06-28 21:19:17,817 [OM StateMachine ApplyTransaction Thread - 0] INFO  bucket.OMBucketCreateRequest (OMBucketCreateRequest.java:validateAndUpdateCache(270)) - created bucket: testbucket68 of layout FILE_SYSTEM_OPTIMIZED in volume: volume5
2023-06-28 21:19:17,818 [OM StateMachine ApplyTransaction Thread - 0] INFO  bucket.OMBucketCreateRequest (OMBucketCreateRequest.java:validateAndUpdateCache(270)) - created bucket: testbucket68 of layout FILE_SYSTEM_OPTIMIZED in volume: volume5
2023-06-28 21:19:17,818 [Time-limited test] INFO  shell.TestOzoneShellHA (TestOzoneShellHA.java:execute(212)) - Executing OzoneShell command with args [bucket, create, o3://om-service-test1/volume5/testbucket69]
2023-06-28 21:19:17,821 [OM StateMachine ApplyTransaction Thread - 0] INFO  bucket.OMBucketCreateRequest (OMBucketCreateRequest.java:validateAndUpdateCache(270)) - created bucket: testbucket68 of layout FILE_SYSTEM_OPTIMIZED in volume: volume5
2023-06-28 21:19:17,842 [Time-limited test] INFO  rpc.RpcClient (RpcClient.java:createBucket(687)) - Creating Bucket: volume5/testbucket69, with server-side default bucket layout, runner as owner, Versioning false, Storage Type set to DISK and Encryption set to false, Replication Type set to server-side default replication type, Namespace Quota set to -1, Space Quota set to -1 
2023-06-28 21:19:17,845 [OM StateMachine ApplyTransaction Thread - 0] INFO  bucket.OMBucketCreateRequest (OMBucketCreateRequest.java:validateAndUpdateCache(270)) - created bucket: testbucket69 of layout FILE_SYSTEM_OPTIMIZED in volume: volume5
2023-06-28 21:19:17,847 [Time-limited test] INFO  shell.TestOzoneShellHA (TestOzoneShellHA.java:execute(212)) - Executing OzoneShell command with args [bucket, create, o3://om-service-test1/volume5/testbucket70]
2023-06-28 21:19:17,855 [OM StateMachine ApplyTransaction Thread - 0] INFO  bucket.OMBucketCreateRequest (OMBucketCreateRequest.java:validateAndUpdateCache(270)) - created bucket: testbucket69 of layout FILE_SYSTEM_OPTIMIZED in volume: volume5
2023-06-28 21:19:17,855 [OM StateMachine ApplyTransaction Thread - 0] INFO  bucket.OMBucketCreateRequest (OMBucketCreateRequest.java:validateAndUpdateCache(270)) - created bucket: testbucket69 of layout FILE_SYSTEM_OPTIMIZED in volume: volume5
2023-06-28 21:19:17,877 [Time-limited test] INFO  rpc.RpcClient (RpcClient.java:createBucket(687)) - Creating Bucket: volume5/testbucket70, with server-side default bucket layout, runner as owner, Versioning false, Storage Type set to DISK and Encryption set to false, Replication Type set to server-side default replication type, Namespace Quota set to -1, Space Quota set to -1 
2023-06-28 21:19:17,881 [OM StateMachine ApplyTransaction Thread - 0] INFO  bucket.OMBucketCreateRequest (OMBucketCreateRequest.java:validateAndUpdateCache(270)) - created bucket: testbucket70 of layout FILE_SYSTEM_OPTIMIZED in volume: volume5
2023-06-28 21:19:17,882 [Time-limited test] INFO  shell.TestOzoneShellHA (TestOzoneShellHA.java:execute(212)) - Executing OzoneShell command with args [bucket, create, o3://om-service-test1/volume5/testbucket71]
2023-06-28 21:19:17,890 [OM StateMachine ApplyTransaction Thread - 0] INFO  bucket.OMBucketCreateRequest (OMBucketCreateRequest.java:validateAndUpdateCache(270)) - created bucket: testbucket70 of layout FILE_SYSTEM_OPTIMIZED in volume: volume5
2023-06-28 21:19:17,890 [OM StateMachine ApplyTransaction Thread - 0] INFO  bucket.OMBucketCreateRequest (OMBucketCreateRequest.java:validateAndUpdateCache(270)) - created bucket: testbucket70 of layout FILE_SYSTEM_OPTIMIZED in volume: volume5
2023-06-28 21:19:17,908 [Time-limited test] INFO  rpc.RpcClient (RpcClient.java:createBucket(687)) - Creating Bucket: volume5/testbucket71, with server-side default bucket layout, runner as owner, Versioning false, Storage Type set to DISK and Encryption set to false, Replication Type set to server-side default replication type, Namespace Quota set to -1, Space Quota set to -1 
2023-06-28 21:19:17,911 [OM StateMachine ApplyTransaction Thread - 0] INFO  bucket.OMBucketCreateRequest (OMBucketCreateRequest.java:validateAndUpdateCache(270)) - created bucket: testbucket71 of layout FILE_SYSTEM_OPTIMIZED in volume: volume5
2023-06-28 21:19:17,912 [Time-limited test] INFO  shell.TestOzoneShellHA (TestOzoneShellHA.java:execute(212)) - Executing OzoneShell command with args [bucket, create, o3://om-service-test1/volume5/testbucket72]
2023-06-28 21:19:17,921 [OM StateMachine ApplyTransaction Thread - 0] INFO  bucket.OMBucketCreateRequest (OMBucketCreateRequest.java:validateAndUpdateCache(270)) - created bucket: testbucket71 of layout FILE_SYSTEM_OPTIMIZED in volume: volume5
2023-06-28 21:19:17,922 [OM StateMachine ApplyTransaction Thread - 0] INFO  bucket.OMBucketCreateRequest (OMBucketCreateRequest.java:validateAndUpdateCache(270)) - created bucket: testbucket71 of layout FILE_SYSTEM_OPTIMIZED in volume: volume5
2023-06-28 21:19:17,939 [Time-limited test] INFO  rpc.RpcClient (RpcClient.java:createBucket(687)) - Creating Bucket: volume5/testbucket72, with server-side default bucket layout, runner as owner, Versioning false, Storage Type set to DISK and Encryption set to false, Replication Type set to server-side default replication type, Namespace Quota set to -1, Space Quota set to -1 
2023-06-28 21:19:17,942 [OM StateMachine ApplyTransaction Thread - 0] INFO  bucket.OMBucketCreateRequest (OMBucketCreateRequest.java:validateAndUpdateCache(270)) - created bucket: testbucket72 of layout FILE_SYSTEM_OPTIMIZED in volume: volume5
2023-06-28 21:19:17,943 [Time-limited test] INFO  shell.TestOzoneShellHA (TestOzoneShellHA.java:execute(212)) - Executing OzoneShell command with args [bucket, create, o3://om-service-test1/volume5/testbucket73]
2023-06-28 21:19:17,952 [OM StateMachine ApplyTransaction Thread - 0] INFO  bucket.OMBucketCreateRequest (OMBucketCreateRequest.java:validateAndUpdateCache(270)) - created bucket: testbucket72 of layout FILE_SYSTEM_OPTIMIZED in volume: volume5
2023-06-28 21:19:17,953 [OM StateMachine ApplyTransaction Thread - 0] INFO  bucket.OMBucketCreateRequest (OMBucketCreateRequest.java:validateAndUpdateCache(270)) - created bucket: testbucket72 of layout FILE_SYSTEM_OPTIMIZED in volume: volume5
2023-06-28 21:19:17,971 [Time-limited test] INFO  rpc.RpcClient (RpcClient.java:createBucket(687)) - Creating Bucket: volume5/testbucket73, with server-side default bucket layout, runner as owner, Versioning false, Storage Type set to DISK and Encryption set to false, Replication Type set to server-side default replication type, Namespace Quota set to -1, Space Quota set to -1 
2023-06-28 21:19:17,974 [OM StateMachine ApplyTransaction Thread - 0] INFO  bucket.OMBucketCreateRequest (OMBucketCreateRequest.java:validateAndUpdateCache(270)) - created bucket: testbucket73 of layout FILE_SYSTEM_OPTIMIZED in volume: volume5
2023-06-28 21:19:17,975 [Time-limited test] INFO  shell.TestOzoneShellHA (TestOzoneShellHA.java:execute(212)) - Executing OzoneShell command with args [bucket, create, o3://om-service-test1/volume5/testbucket74]
2023-06-28 21:19:17,984 [OM StateMachine ApplyTransaction Thread - 0] INFO  bucket.OMBucketCreateRequest (OMBucketCreateRequest.java:validateAndUpdateCache(270)) - created bucket: testbucket73 of layout FILE_SYSTEM_OPTIMIZED in volume: volume5
2023-06-28 21:19:17,985 [OM StateMachine ApplyTransaction Thread - 0] INFO  bucket.OMBucketCreateRequest (OMBucketCreateRequest.java:validateAndUpdateCache(270)) - created bucket: testbucket73 of layout FILE_SYSTEM_OPTIMIZED in volume: volume5
2023-06-28 21:19:17,997 [Time-limited test] INFO  rpc.RpcClient (RpcClient.java:createBucket(687)) - Creating Bucket: volume5/testbucket74, with server-side default bucket layout, runner as owner, Versioning false, Storage Type set to DISK and Encryption set to false, Replication Type set to server-side default replication type, Namespace Quota set to -1, Space Quota set to -1 
2023-06-28 21:19:18,001 [OM StateMachine ApplyTransaction Thread - 0] INFO  bucket.OMBucketCreateRequest (OMBucketCreateRequest.java:validateAndUpdateCache(270)) - created bucket: testbucket74 of layout FILE_SYSTEM_OPTIMIZED in volume: volume5
2023-06-28 21:19:18,002 [Time-limited test] INFO  shell.TestOzoneShellHA (TestOzoneShellHA.java:execute(212)) - Executing OzoneShell command with args [bucket, create, o3://om-service-test1/volume5/testbucket75]
2023-06-28 21:19:18,010 [OM StateMachine ApplyTransaction Thread - 0] INFO  bucket.OMBucketCreateRequest (OMBucketCreateRequest.java:validateAndUpdateCache(270)) - created bucket: testbucket74 of layout FILE_SYSTEM_OPTIMIZED in volume: volume5
2023-06-28 21:19:18,016 [OM StateMachine ApplyTransaction Thread - 0] INFO  bucket.OMBucketCreateRequest (OMBucketCreateRequest.java:validateAndUpdateCache(270)) - created bucket: testbucket74 of layout FILE_SYSTEM_OPTIMIZED in volume: volume5
2023-06-28 21:19:18,025 [Time-limited test] INFO  rpc.RpcClient (RpcClient.java:createBucket(687)) - Creating Bucket: volume5/testbucket75, with server-side default bucket layout, runner as owner, Versioning false, Storage Type set to DISK and Encryption set to false, Replication Type set to server-side default replication type, Namespace Quota set to -1, Space Quota set to -1 
2023-06-28 21:19:18,027 [OM StateMachine ApplyTransaction Thread - 0] INFO  bucket.OMBucketCreateRequest (OMBucketCreateRequest.java:validateAndUpdateCache(270)) - created bucket: testbucket75 of layout FILE_SYSTEM_OPTIMIZED in volume: volume5
2023-06-28 21:19:18,028 [Time-limited test] INFO  shell.TestOzoneShellHA (TestOzoneShellHA.java:execute(212)) - Executing OzoneShell command with args [bucket, create, o3://om-service-test1/volume5/testbucket76]
2023-06-28 21:19:18,037 [OM StateMachine ApplyTransaction Thread - 0] INFO  bucket.OMBucketCreateRequest (OMBucketCreateRequest.java:validateAndUpdateCache(270)) - created bucket: testbucket75 of layout FILE_SYSTEM_OPTIMIZED in volume: volume5
2023-06-28 21:19:18,038 [OM StateMachine ApplyTransaction Thread - 0] INFO  bucket.OMBucketCreateRequest (OMBucketCreateRequest.java:validateAndUpdateCache(270)) - created bucket: testbucket75 of layout FILE_SYSTEM_OPTIMIZED in volume: volume5
2023-06-28 21:19:18,052 [Time-limited test] INFO  rpc.RpcClient (RpcClient.java:createBucket(687)) - Creating Bucket: volume5/testbucket76, with server-side default bucket layout, runner as owner, Versioning false, Storage Type set to DISK and Encryption set to false, Replication Type set to server-side default replication type, Namespace Quota set to -1, Space Quota set to -1 
2023-06-28 21:19:18,055 [OM StateMachine ApplyTransaction Thread - 0] INFO  bucket.OMBucketCreateRequest (OMBucketCreateRequest.java:validateAndUpdateCache(270)) - created bucket: testbucket76 of layout FILE_SYSTEM_OPTIMIZED in volume: volume5
2023-06-28 21:19:18,056 [Time-limited test] INFO  shell.TestOzoneShellHA (TestOzoneShellHA.java:execute(212)) - Executing OzoneShell command with args [bucket, create, o3://om-service-test1/volume5/testbucket77]
2023-06-28 21:19:18,065 [OM StateMachine ApplyTransaction Thread - 0] INFO  bucket.OMBucketCreateRequest (OMBucketCreateRequest.java:validateAndUpdateCache(270)) - created bucket: testbucket76 of layout FILE_SYSTEM_OPTIMIZED in volume: volume5
2023-06-28 21:19:18,066 [OM StateMachine ApplyTransaction Thread - 0] INFO  bucket.OMBucketCreateRequest (OMBucketCreateRequest.java:validateAndUpdateCache(270)) - created bucket: testbucket76 of layout FILE_SYSTEM_OPTIMIZED in volume: volume5
2023-06-28 21:19:18,080 [Time-limited test] INFO  rpc.RpcClient (RpcClient.java:createBucket(687)) - Creating Bucket: volume5/testbucket77, with server-side default bucket layout, runner as owner, Versioning false, Storage Type set to DISK and Encryption set to false, Replication Type set to server-side default replication type, Namespace Quota set to -1, Space Quota set to -1 
2023-06-28 21:19:18,088 [OM StateMachine ApplyTransaction Thread - 0] INFO  bucket.OMBucketCreateRequest (OMBucketCreateRequest.java:validateAndUpdateCache(270)) - created bucket: testbucket77 of layout FILE_SYSTEM_OPTIMIZED in volume: volume5
2023-06-28 21:19:18,090 [Time-limited test] INFO  shell.TestOzoneShellHA (TestOzoneShellHA.java:execute(212)) - Executing OzoneShell command with args [bucket, create, o3://om-service-test1/volume5/testbucket78]
2023-06-28 21:19:18,096 [OM StateMachine ApplyTransaction Thread - 0] INFO  bucket.OMBucketCreateRequest (OMBucketCreateRequest.java:validateAndUpdateCache(270)) - created bucket: testbucket77 of layout FILE_SYSTEM_OPTIMIZED in volume: volume5
2023-06-28 21:19:18,097 [OM StateMachine ApplyTransaction Thread - 0] INFO  bucket.OMBucketCreateRequest (OMBucketCreateRequest.java:validateAndUpdateCache(270)) - created bucket: testbucket77 of layout FILE_SYSTEM_OPTIMIZED in volume: volume5
2023-06-28 21:19:18,117 [Time-limited test] INFO  rpc.RpcClient (RpcClient.java:createBucket(687)) - Creating Bucket: volume5/testbucket78, with server-side default bucket layout, runner as owner, Versioning false, Storage Type set to DISK and Encryption set to false, Replication Type set to server-side default replication type, Namespace Quota set to -1, Space Quota set to -1 
2023-06-28 21:19:18,120 [OM StateMachine ApplyTransaction Thread - 0] INFO  bucket.OMBucketCreateRequest (OMBucketCreateRequest.java:validateAndUpdateCache(270)) - created bucket: testbucket78 of layout FILE_SYSTEM_OPTIMIZED in volume: volume5
2023-06-28 21:19:18,121 [Time-limited test] INFO  shell.TestOzoneShellHA (TestOzoneShellHA.java:execute(212)) - Executing OzoneShell command with args [bucket, create, o3://om-service-test1/volume5/testbucket79]
2023-06-28 21:19:18,130 [OM StateMachine ApplyTransaction Thread - 0] INFO  bucket.OMBucketCreateRequest (OMBucketCreateRequest.java:validateAndUpdateCache(270)) - created bucket: testbucket78 of layout FILE_SYSTEM_OPTIMIZED in volume: volume5
2023-06-28 21:19:18,131 [OM StateMachine ApplyTransaction Thread - 0] INFO  bucket.OMBucketCreateRequest (OMBucketCreateRequest.java:validateAndUpdateCache(270)) - created bucket: testbucket78 of layout FILE_SYSTEM_OPTIMIZED in volume: volume5
2023-06-28 21:19:18,151 [Time-limited test] INFO  rpc.RpcClient (RpcClient.java:createBucket(687)) - Creating Bucket: volume5/testbucket79, with server-side default bucket layout, runner as owner, Versioning false, Storage Type set to DISK and Encryption set to false, Replication Type set to server-side default replication type, Namespace Quota set to -1, Space Quota set to -1 
2023-06-28 21:19:18,154 [OM StateMachine ApplyTransaction Thread - 0] INFO  bucket.OMBucketCreateRequest (OMBucketCreateRequest.java:validateAndUpdateCache(270)) - created bucket: testbucket79 of layout FILE_SYSTEM_OPTIMIZED in volume: volume5
2023-06-28 21:19:18,157 [Time-limited test] INFO  shell.TestOzoneShellHA (TestOzoneShellHA.java:execute(212)) - Executing OzoneShell command with args [bucket, create, o3://om-service-test1/volume5/testbucket80]
2023-06-28 21:19:18,165 [OM StateMachine ApplyTransaction Thread - 0] INFO  bucket.OMBucketCreateRequest (OMBucketCreateRequest.java:validateAndUpdateCache(270)) - created bucket: testbucket79 of layout FILE_SYSTEM_OPTIMIZED in volume: volume5
2023-06-28 21:19:18,165 [OM StateMachine ApplyTransaction Thread - 0] INFO  bucket.OMBucketCreateRequest (OMBucketCreateRequest.java:validateAndUpdateCache(270)) - created bucket: testbucket79 of layout FILE_SYSTEM_OPTIMIZED in volume: volume5
2023-06-28 21:19:18,185 [Time-limited test] INFO  rpc.RpcClient (RpcClient.java:createBucket(687)) - Creating Bucket: volume5/testbucket80, with server-side default bucket layout, runner as owner, Versioning false, Storage Type set to DISK and Encryption set to false, Replication Type set to server-side default replication type, Namespace Quota set to -1, Space Quota set to -1 
2023-06-28 21:19:18,188 [OM StateMachine ApplyTransaction Thread - 0] INFO  bucket.OMBucketCreateRequest (OMBucketCreateRequest.java:validateAndUpdateCache(270)) - created bucket: testbucket80 of layout FILE_SYSTEM_OPTIMIZED in volume: volume5
2023-06-28 21:19:18,189 [Time-limited test] INFO  shell.TestOzoneShellHA (TestOzoneShellHA.java:execute(212)) - Executing OzoneShell command with args [bucket, create, o3://om-service-test1/volume5/testbucket81]
2023-06-28 21:19:18,198 [OM StateMachine ApplyTransaction Thread - 0] INFO  bucket.OMBucketCreateRequest (OMBucketCreateRequest.java:validateAndUpdateCache(270)) - created bucket: testbucket80 of layout FILE_SYSTEM_OPTIMIZED in volume: volume5
2023-06-28 21:19:18,199 [OM StateMachine ApplyTransaction Thread - 0] INFO  bucket.OMBucketCreateRequest (OMBucketCreateRequest.java:validateAndUpdateCache(270)) - created bucket: testbucket80 of layout FILE_SYSTEM_OPTIMIZED in volume: volume5
2023-06-28 21:19:18,212 [Time-limited test] INFO  rpc.RpcClient (RpcClient.java:createBucket(687)) - Creating Bucket: volume5/testbucket81, with server-side default bucket layout, runner as owner, Versioning false, Storage Type set to DISK and Encryption set to false, Replication Type set to server-side default replication type, Namespace Quota set to -1, Space Quota set to -1 
2023-06-28 21:19:18,216 [OM StateMachine ApplyTransaction Thread - 0] INFO  bucket.OMBucketCreateRequest (OMBucketCreateRequest.java:validateAndUpdateCache(270)) - created bucket: testbucket81 of layout FILE_SYSTEM_OPTIMIZED in volume: volume5
2023-06-28 21:19:18,217 [Time-limited test] INFO  shell.TestOzoneShellHA (TestOzoneShellHA.java:execute(212)) - Executing OzoneShell command with args [bucket, create, o3://om-service-test1/volume5/testbucket82]
2023-06-28 21:19:18,230 [OM StateMachine ApplyTransaction Thread - 0] INFO  bucket.OMBucketCreateRequest (OMBucketCreateRequest.java:validateAndUpdateCache(270)) - created bucket: testbucket81 of layout FILE_SYSTEM_OPTIMIZED in volume: volume5
2023-06-28 21:19:18,230 [OM StateMachine ApplyTransaction Thread - 0] INFO  bucket.OMBucketCreateRequest (OMBucketCreateRequest.java:validateAndUpdateCache(270)) - created bucket: testbucket81 of layout FILE_SYSTEM_OPTIMIZED in volume: volume5
2023-06-28 21:19:18,248 [Time-limited test] INFO  rpc.RpcClient (RpcClient.java:createBucket(687)) - Creating Bucket: volume5/testbucket82, with server-side default bucket layout, runner as owner, Versioning false, Storage Type set to DISK and Encryption set to false, Replication Type set to server-side default replication type, Namespace Quota set to -1, Space Quota set to -1 
2023-06-28 21:19:18,252 [OM StateMachine ApplyTransaction Thread - 0] INFO  bucket.OMBucketCreateRequest (OMBucketCreateRequest.java:validateAndUpdateCache(270)) - created bucket: testbucket82 of layout FILE_SYSTEM_OPTIMIZED in volume: volume5
2023-06-28 21:19:18,253 [Time-limited test] INFO  shell.TestOzoneShellHA (TestOzoneShellHA.java:execute(212)) - Executing OzoneShell command with args [bucket, create, o3://om-service-test1/volume5/testbucket83]
2023-06-28 21:19:18,263 [OM StateMachine ApplyTransaction Thread - 0] INFO  bucket.OMBucketCreateRequest (OMBucketCreateRequest.java:validateAndUpdateCache(270)) - created bucket: testbucket82 of layout FILE_SYSTEM_OPTIMIZED in volume: volume5
2023-06-28 21:19:18,263 [OM StateMachine ApplyTransaction Thread - 0] INFO  bucket.OMBucketCreateRequest (OMBucketCreateRequest.java:validateAndUpdateCache(270)) - created bucket: testbucket82 of layout FILE_SYSTEM_OPTIMIZED in volume: volume5
2023-06-28 21:19:18,279 [Time-limited test] INFO  rpc.RpcClient (RpcClient.java:createBucket(687)) - Creating Bucket: volume5/testbucket83, with server-side default bucket layout, runner as owner, Versioning false, Storage Type set to DISK and Encryption set to false, Replication Type set to server-side default replication type, Namespace Quota set to -1, Space Quota set to -1 
2023-06-28 21:19:18,282 [OM StateMachine ApplyTransaction Thread - 0] INFO  bucket.OMBucketCreateRequest (OMBucketCreateRequest.java:validateAndUpdateCache(270)) - created bucket: testbucket83 of layout FILE_SYSTEM_OPTIMIZED in volume: volume5
2023-06-28 21:19:18,283 [Time-limited test] INFO  shell.TestOzoneShellHA (TestOzoneShellHA.java:execute(212)) - Executing OzoneShell command with args [bucket, create, o3://om-service-test1/volume5/testbucket84]
2023-06-28 21:19:18,292 [OM StateMachine ApplyTransaction Thread - 0] INFO  bucket.OMBucketCreateRequest (OMBucketCreateRequest.java:validateAndUpdateCache(270)) - created bucket: testbucket83 of layout FILE_SYSTEM_OPTIMIZED in volume: volume5
2023-06-28 21:19:18,293 [OM StateMachine ApplyTransaction Thread - 0] INFO  bucket.OMBucketCreateRequest (OMBucketCreateRequest.java:validateAndUpdateCache(270)) - created bucket: testbucket83 of layout FILE_SYSTEM_OPTIMIZED in volume: volume5
2023-06-28 21:19:18,311 [Time-limited test] INFO  rpc.RpcClient (RpcClient.java:createBucket(687)) - Creating Bucket: volume5/testbucket84, with server-side default bucket layout, runner as owner, Versioning false, Storage Type set to DISK and Encryption set to false, Replication Type set to server-side default replication type, Namespace Quota set to -1, Space Quota set to -1 
2023-06-28 21:19:18,314 [OM StateMachine ApplyTransaction Thread - 0] INFO  bucket.OMBucketCreateRequest (OMBucketCreateRequest.java:validateAndUpdateCache(270)) - created bucket: testbucket84 of layout FILE_SYSTEM_OPTIMIZED in volume: volume5
2023-06-28 21:19:18,315 [Time-limited test] INFO  shell.TestOzoneShellHA (TestOzoneShellHA.java:execute(212)) - Executing OzoneShell command with args [bucket, create, o3://om-service-test1/volume5/testbucket85]
2023-06-28 21:19:18,325 [OM StateMachine ApplyTransaction Thread - 0] INFO  bucket.OMBucketCreateRequest (OMBucketCreateRequest.java:validateAndUpdateCache(270)) - created bucket: testbucket84 of layout FILE_SYSTEM_OPTIMIZED in volume: volume5
2023-06-28 21:19:18,325 [OM StateMachine ApplyTransaction Thread - 0] INFO  bucket.OMBucketCreateRequest (OMBucketCreateRequest.java:validateAndUpdateCache(270)) - created bucket: testbucket84 of layout FILE_SYSTEM_OPTIMIZED in volume: volume5
2023-06-28 21:19:18,343 [Time-limited test] INFO  rpc.RpcClient (RpcClient.java:createBucket(687)) - Creating Bucket: volume5/testbucket85, with server-side default bucket layout, runner as owner, Versioning false, Storage Type set to DISK and Encryption set to false, Replication Type set to server-side default replication type, Namespace Quota set to -1, Space Quota set to -1 
2023-06-28 21:19:18,345 [OM StateMachine ApplyTransaction Thread - 0] INFO  bucket.OMBucketCreateRequest (OMBucketCreateRequest.java:validateAndUpdateCache(270)) - created bucket: testbucket85 of layout FILE_SYSTEM_OPTIMIZED in volume: volume5
2023-06-28 21:19:18,346 [Time-limited test] INFO  shell.TestOzoneShellHA (TestOzoneShellHA.java:execute(212)) - Executing OzoneShell command with args [bucket, create, o3://om-service-test1/volume5/testbucket86]
2023-06-28 21:19:18,356 [OM StateMachine ApplyTransaction Thread - 0] INFO  bucket.OMBucketCreateRequest (OMBucketCreateRequest.java:validateAndUpdateCache(270)) - created bucket: testbucket85 of layout FILE_SYSTEM_OPTIMIZED in volume: volume5
2023-06-28 21:19:18,357 [OM StateMachine ApplyTransaction Thread - 0] INFO  bucket.OMBucketCreateRequest (OMBucketCreateRequest.java:validateAndUpdateCache(270)) - created bucket: testbucket85 of layout FILE_SYSTEM_OPTIMIZED in volume: volume5
2023-06-28 21:19:18,374 [Time-limited test] INFO  rpc.RpcClient (RpcClient.java:createBucket(687)) - Creating Bucket: volume5/testbucket86, with server-side default bucket layout, runner as owner, Versioning false, Storage Type set to DISK and Encryption set to false, Replication Type set to server-side default replication type, Namespace Quota set to -1, Space Quota set to -1 
2023-06-28 21:19:18,377 [OM StateMachine ApplyTransaction Thread - 0] INFO  bucket.OMBucketCreateRequest (OMBucketCreateRequest.java:validateAndUpdateCache(270)) - created bucket: testbucket86 of layout FILE_SYSTEM_OPTIMIZED in volume: volume5
2023-06-28 21:19:18,378 [Time-limited test] INFO  shell.TestOzoneShellHA (TestOzoneShellHA.java:execute(212)) - Executing OzoneShell command with args [bucket, create, o3://om-service-test1/volume5/testbucket87]
2023-06-28 21:19:18,388 [OM StateMachine ApplyTransaction Thread - 0] INFO  bucket.OMBucketCreateRequest (OMBucketCreateRequest.java:validateAndUpdateCache(270)) - created bucket: testbucket86 of layout FILE_SYSTEM_OPTIMIZED in volume: volume5
2023-06-28 21:19:18,388 [OM StateMachine ApplyTransaction Thread - 0] INFO  bucket.OMBucketCreateRequest (OMBucketCreateRequest.java:validateAndUpdateCache(270)) - created bucket: testbucket86 of layout FILE_SYSTEM_OPTIMIZED in volume: volume5
2023-06-28 21:19:18,404 [Time-limited test] INFO  rpc.RpcClient (RpcClient.java:createBucket(687)) - Creating Bucket: volume5/testbucket87, with server-side default bucket layout, runner as owner, Versioning false, Storage Type set to DISK and Encryption set to false, Replication Type set to server-side default replication type, Namespace Quota set to -1, Space Quota set to -1 
2023-06-28 21:19:18,407 [OM StateMachine ApplyTransaction Thread - 0] INFO  bucket.OMBucketCreateRequest (OMBucketCreateRequest.java:validateAndUpdateCache(270)) - created bucket: testbucket87 of layout FILE_SYSTEM_OPTIMIZED in volume: volume5
2023-06-28 21:19:18,408 [Time-limited test] INFO  shell.TestOzoneShellHA (TestOzoneShellHA.java:execute(212)) - Executing OzoneShell command with args [bucket, create, o3://om-service-test1/volume5/testbucket88]
2023-06-28 21:19:18,417 [OM StateMachine ApplyTransaction Thread - 0] INFO  bucket.OMBucketCreateRequest (OMBucketCreateRequest.java:validateAndUpdateCache(270)) - created bucket: testbucket87 of layout FILE_SYSTEM_OPTIMIZED in volume: volume5
2023-06-28 21:19:18,418 [OM StateMachine ApplyTransaction Thread - 0] INFO  bucket.OMBucketCreateRequest (OMBucketCreateRequest.java:validateAndUpdateCache(270)) - created bucket: testbucket87 of layout FILE_SYSTEM_OPTIMIZED in volume: volume5
2023-06-28 21:19:18,439 [Time-limited test] INFO  rpc.RpcClient (RpcClient.java:createBucket(687)) - Creating Bucket: volume5/testbucket88, with server-side default bucket layout, runner as owner, Versioning false, Storage Type set to DISK and Encryption set to false, Replication Type set to server-side default replication type, Namespace Quota set to -1, Space Quota set to -1 
2023-06-28 21:19:18,442 [OM StateMachine ApplyTransaction Thread - 0] INFO  bucket.OMBucketCreateRequest (OMBucketCreateRequest.java:validateAndUpdateCache(270)) - created bucket: testbucket88 of layout FILE_SYSTEM_OPTIMIZED in volume: volume5
2023-06-28 21:19:18,443 [Time-limited test] INFO  shell.TestOzoneShellHA (TestOzoneShellHA.java:execute(212)) - Executing OzoneShell command with args [bucket, create, o3://om-service-test1/volume5/testbucket89]
2023-06-28 21:19:18,452 [OM StateMachine ApplyTransaction Thread - 0] INFO  bucket.OMBucketCreateRequest (OMBucketCreateRequest.java:validateAndUpdateCache(270)) - created bucket: testbucket88 of layout FILE_SYSTEM_OPTIMIZED in volume: volume5
2023-06-28 21:19:18,453 [OM StateMachine ApplyTransaction Thread - 0] INFO  bucket.OMBucketCreateRequest (OMBucketCreateRequest.java:validateAndUpdateCache(270)) - created bucket: testbucket88 of layout FILE_SYSTEM_OPTIMIZED in volume: volume5
2023-06-28 21:19:18,476 [Time-limited test] INFO  rpc.RpcClient (RpcClient.java:createBucket(687)) - Creating Bucket: volume5/testbucket89, with server-side default bucket layout, runner as owner, Versioning false, Storage Type set to DISK and Encryption set to false, Replication Type set to server-side default replication type, Namespace Quota set to -1, Space Quota set to -1 
2023-06-28 21:19:18,479 [OM StateMachine ApplyTransaction Thread - 0] INFO  bucket.OMBucketCreateRequest (OMBucketCreateRequest.java:validateAndUpdateCache(270)) - created bucket: testbucket89 of layout FILE_SYSTEM_OPTIMIZED in volume: volume5
2023-06-28 21:19:18,480 [Time-limited test] INFO  shell.TestOzoneShellHA (TestOzoneShellHA.java:execute(212)) - Executing OzoneShell command with args [bucket, create, o3://om-service-test1/volume5/testbucket90]
2023-06-28 21:19:18,489 [OM StateMachine ApplyTransaction Thread - 0] INFO  bucket.OMBucketCreateRequest (OMBucketCreateRequest.java:validateAndUpdateCache(270)) - created bucket: testbucket89 of layout FILE_SYSTEM_OPTIMIZED in volume: volume5
2023-06-28 21:19:18,490 [OM StateMachine ApplyTransaction Thread - 0] INFO  bucket.OMBucketCreateRequest (OMBucketCreateRequest.java:validateAndUpdateCache(270)) - created bucket: testbucket89 of layout FILE_SYSTEM_OPTIMIZED in volume: volume5
2023-06-28 21:19:18,509 [Time-limited test] INFO  rpc.RpcClient (RpcClient.java:createBucket(687)) - Creating Bucket: volume5/testbucket90, with server-side default bucket layout, runner as owner, Versioning false, Storage Type set to DISK and Encryption set to false, Replication Type set to server-side default replication type, Namespace Quota set to -1, Space Quota set to -1 
2023-06-28 21:19:18,511 [OM StateMachine ApplyTransaction Thread - 0] INFO  bucket.OMBucketCreateRequest (OMBucketCreateRequest.java:validateAndUpdateCache(270)) - created bucket: testbucket90 of layout FILE_SYSTEM_OPTIMIZED in volume: volume5
2023-06-28 21:19:18,512 [Time-limited test] INFO  shell.TestOzoneShellHA (TestOzoneShellHA.java:execute(212)) - Executing OzoneShell command with args [bucket, create, o3://om-service-test1/volume5/testbucket91]
2023-06-28 21:19:18,521 [OM StateMachine ApplyTransaction Thread - 0] INFO  bucket.OMBucketCreateRequest (OMBucketCreateRequest.java:validateAndUpdateCache(270)) - created bucket: testbucket90 of layout FILE_SYSTEM_OPTIMIZED in volume: volume5
2023-06-28 21:19:18,522 [OM StateMachine ApplyTransaction Thread - 0] INFO  bucket.OMBucketCreateRequest (OMBucketCreateRequest.java:validateAndUpdateCache(270)) - created bucket: testbucket90 of layout FILE_SYSTEM_OPTIMIZED in volume: volume5
2023-06-28 21:19:18,542 [Time-limited test] INFO  rpc.RpcClient (RpcClient.java:createBucket(687)) - Creating Bucket: volume5/testbucket91, with server-side default bucket layout, runner as owner, Versioning false, Storage Type set to DISK and Encryption set to false, Replication Type set to server-side default replication type, Namespace Quota set to -1, Space Quota set to -1 
2023-06-28 21:19:18,545 [OM StateMachine ApplyTransaction Thread - 0] INFO  bucket.OMBucketCreateRequest (OMBucketCreateRequest.java:validateAndUpdateCache(270)) - created bucket: testbucket91 of layout FILE_SYSTEM_OPTIMIZED in volume: volume5
2023-06-28 21:19:18,546 [Time-limited test] INFO  shell.TestOzoneShellHA (TestOzoneShellHA.java:execute(212)) - Executing OzoneShell command with args [bucket, create, o3://om-service-test1/volume5/testbucket92]
2023-06-28 21:19:18,555 [OM StateMachine ApplyTransaction Thread - 0] INFO  bucket.OMBucketCreateRequest (OMBucketCreateRequest.java:validateAndUpdateCache(270)) - created bucket: testbucket91 of layout FILE_SYSTEM_OPTIMIZED in volume: volume5
2023-06-28 21:19:18,557 [OM StateMachine ApplyTransaction Thread - 0] INFO  bucket.OMBucketCreateRequest (OMBucketCreateRequest.java:validateAndUpdateCache(270)) - created bucket: testbucket91 of layout FILE_SYSTEM_OPTIMIZED in volume: volume5
2023-06-28 21:19:18,571 [Time-limited test] INFO  rpc.RpcClient (RpcClient.java:createBucket(687)) - Creating Bucket: volume5/testbucket92, with server-side default bucket layout, runner as owner, Versioning false, Storage Type set to DISK and Encryption set to false, Replication Type set to server-side default replication type, Namespace Quota set to -1, Space Quota set to -1 
2023-06-28 21:19:18,574 [OM StateMachine ApplyTransaction Thread - 0] INFO  bucket.OMBucketCreateRequest (OMBucketCreateRequest.java:validateAndUpdateCache(270)) - created bucket: testbucket92 of layout FILE_SYSTEM_OPTIMIZED in volume: volume5
2023-06-28 21:19:18,575 [Time-limited test] INFO  shell.TestOzoneShellHA (TestOzoneShellHA.java:execute(212)) - Executing OzoneShell command with args [bucket, create, o3://om-service-test1/volume5/testbucket93]
2023-06-28 21:19:18,584 [OM StateMachine ApplyTransaction Thread - 0] INFO  bucket.OMBucketCreateRequest (OMBucketCreateRequest.java:validateAndUpdateCache(270)) - created bucket: testbucket92 of layout FILE_SYSTEM_OPTIMIZED in volume: volume5
2023-06-28 21:19:18,585 [OM StateMachine ApplyTransaction Thread - 0] INFO  bucket.OMBucketCreateRequest (OMBucketCreateRequest.java:validateAndUpdateCache(270)) - created bucket: testbucket92 of layout FILE_SYSTEM_OPTIMIZED in volume: volume5
2023-06-28 21:19:18,586 [omNode-3@group-523986131536-FollowerState] INFO  server.RaftServerConfigKeys (ConfUtils.java:logFallback(53)) - raft.server.rpc.first-election.timeout.min = 1s (fallback to raft.server.rpc.timeout.min)
2023-06-28 21:19:18,587 [omNode-3@group-523986131536-FollowerState] INFO  server.RaftServerConfigKeys (ConfUtils.java:logFallback(53)) - raft.server.rpc.first-election.timeout.max = 1200ms (fallback to raft.server.rpc.timeout.max)
2023-06-28 21:19:18,603 [Time-limited test] INFO  rpc.RpcClient (RpcClient.java:createBucket(687)) - Creating Bucket: volume5/testbucket93, with server-side default bucket layout, runner as owner, Versioning false, Storage Type set to DISK and Encryption set to false, Replication Type set to server-side default replication type, Namespace Quota set to -1, Space Quota set to -1 
2023-06-28 21:19:18,606 [OM StateMachine ApplyTransaction Thread - 0] INFO  bucket.OMBucketCreateRequest (OMBucketCreateRequest.java:validateAndUpdateCache(270)) - created bucket: testbucket93 of layout FILE_SYSTEM_OPTIMIZED in volume: volume5
2023-06-28 21:19:18,607 [Time-limited test] INFO  shell.TestOzoneShellHA (TestOzoneShellHA.java:execute(212)) - Executing OzoneShell command with args [bucket, create, o3://om-service-test1/volume5/testbucket94]
2023-06-28 21:19:18,617 [OM StateMachine ApplyTransaction Thread - 0] INFO  bucket.OMBucketCreateRequest (OMBucketCreateRequest.java:validateAndUpdateCache(270)) - created bucket: testbucket93 of layout FILE_SYSTEM_OPTIMIZED in volume: volume5
2023-06-28 21:19:18,618 [OM StateMachine ApplyTransaction Thread - 0] INFO  bucket.OMBucketCreateRequest (OMBucketCreateRequest.java:validateAndUpdateCache(270)) - created bucket: testbucket93 of layout FILE_SYSTEM_OPTIMIZED in volume: volume5
2023-06-28 21:19:18,635 [Time-limited test] INFO  rpc.RpcClient (RpcClient.java:createBucket(687)) - Creating Bucket: volume5/testbucket94, with server-side default bucket layout, runner as owner, Versioning false, Storage Type set to DISK and Encryption set to false, Replication Type set to server-side default replication type, Namespace Quota set to -1, Space Quota set to -1 
2023-06-28 21:19:18,638 [OM StateMachine ApplyTransaction Thread - 0] INFO  bucket.OMBucketCreateRequest (OMBucketCreateRequest.java:validateAndUpdateCache(270)) - created bucket: testbucket94 of layout FILE_SYSTEM_OPTIMIZED in volume: volume5
2023-06-28 21:19:18,639 [Time-limited test] INFO  shell.TestOzoneShellHA (TestOzoneShellHA.java:execute(212)) - Executing OzoneShell command with args [bucket, create, o3://om-service-test1/volume5/testbucket95]
2023-06-28 21:19:18,649 [OM StateMachine ApplyTransaction Thread - 0] INFO  bucket.OMBucketCreateRequest (OMBucketCreateRequest.java:validateAndUpdateCache(270)) - created bucket: testbucket94 of layout FILE_SYSTEM_OPTIMIZED in volume: volume5
2023-06-28 21:19:18,649 [OM StateMachine ApplyTransaction Thread - 0] INFO  bucket.OMBucketCreateRequest (OMBucketCreateRequest.java:validateAndUpdateCache(270)) - created bucket: testbucket94 of layout FILE_SYSTEM_OPTIMIZED in volume: volume5
2023-06-28 21:19:18,663 [Time-limited test] INFO  rpc.RpcClient (RpcClient.java:createBucket(687)) - Creating Bucket: volume5/testbucket95, with server-side default bucket layout, runner as owner, Versioning false, Storage Type set to DISK and Encryption set to false, Replication Type set to server-side default replication type, Namespace Quota set to -1, Space Quota set to -1 
2023-06-28 21:19:18,666 [OM StateMachine ApplyTransaction Thread - 0] INFO  bucket.OMBucketCreateRequest (OMBucketCreateRequest.java:validateAndUpdateCache(270)) - created bucket: testbucket95 of layout FILE_SYSTEM_OPTIMIZED in volume: volume5
2023-06-28 21:19:18,667 [Time-limited test] INFO  shell.TestOzoneShellHA (TestOzoneShellHA.java:execute(212)) - Executing OzoneShell command with args [bucket, create, o3://om-service-test1/volume5/testbucket96]
2023-06-28 21:19:18,676 [OM StateMachine ApplyTransaction Thread - 0] INFO  bucket.OMBucketCreateRequest (OMBucketCreateRequest.java:validateAndUpdateCache(270)) - created bucket: testbucket95 of layout FILE_SYSTEM_OPTIMIZED in volume: volume5
2023-06-28 21:19:18,677 [OM StateMachine ApplyTransaction Thread - 0] INFO  bucket.OMBucketCreateRequest (OMBucketCreateRequest.java:validateAndUpdateCache(270)) - created bucket: testbucket95 of layout FILE_SYSTEM_OPTIMIZED in volume: volume5
2023-06-28 21:19:18,691 [Time-limited test] INFO  rpc.RpcClient (RpcClient.java:createBucket(687)) - Creating Bucket: volume5/testbucket96, with server-side default bucket layout, runner as owner, Versioning false, Storage Type set to DISK and Encryption set to false, Replication Type set to server-side default replication type, Namespace Quota set to -1, Space Quota set to -1 
2023-06-28 21:19:18,697 [OM StateMachine ApplyTransaction Thread - 0] INFO  bucket.OMBucketCreateRequest (OMBucketCreateRequest.java:validateAndUpdateCache(270)) - created bucket: testbucket96 of layout FILE_SYSTEM_OPTIMIZED in volume: volume5
2023-06-28 21:19:18,703 [Time-limited test] INFO  shell.TestOzoneShellHA (TestOzoneShellHA.java:execute(212)) - Executing OzoneShell command with args [bucket, create, o3://om-service-test1/volume5/testbucket97]
2023-06-28 21:19:18,707 [OM StateMachine ApplyTransaction Thread - 0] INFO  bucket.OMBucketCreateRequest (OMBucketCreateRequest.java:validateAndUpdateCache(270)) - created bucket: testbucket96 of layout FILE_SYSTEM_OPTIMIZED in volume: volume5
2023-06-28 21:19:18,709 [OM StateMachine ApplyTransaction Thread - 0] INFO  bucket.OMBucketCreateRequest (OMBucketCreateRequest.java:validateAndUpdateCache(270)) - created bucket: testbucket96 of layout FILE_SYSTEM_OPTIMIZED in volume: volume5
2023-06-28 21:19:18,729 [Time-limited test] INFO  rpc.RpcClient (RpcClient.java:createBucket(687)) - Creating Bucket: volume5/testbucket97, with server-side default bucket layout, runner as owner, Versioning false, Storage Type set to DISK and Encryption set to false, Replication Type set to server-side default replication type, Namespace Quota set to -1, Space Quota set to -1 
2023-06-28 21:19:18,732 [OM StateMachine ApplyTransaction Thread - 0] INFO  bucket.OMBucketCreateRequest (OMBucketCreateRequest.java:validateAndUpdateCache(270)) - created bucket: testbucket97 of layout FILE_SYSTEM_OPTIMIZED in volume: volume5
2023-06-28 21:19:18,733 [Time-limited test] INFO  shell.TestOzoneShellHA (TestOzoneShellHA.java:execute(212)) - Executing OzoneShell command with args [bucket, create, o3://om-service-test1/volume5/testbucket98]
2023-06-28 21:19:18,742 [OM StateMachine ApplyTransaction Thread - 0] INFO  bucket.OMBucketCreateRequest (OMBucketCreateRequest.java:validateAndUpdateCache(270)) - created bucket: testbucket97 of layout FILE_SYSTEM_OPTIMIZED in volume: volume5
2023-06-28 21:19:18,743 [OM StateMachine ApplyTransaction Thread - 0] INFO  bucket.OMBucketCreateRequest (OMBucketCreateRequest.java:validateAndUpdateCache(270)) - created bucket: testbucket97 of layout FILE_SYSTEM_OPTIMIZED in volume: volume5
2023-06-28 21:19:18,757 [Time-limited test] INFO  rpc.RpcClient (RpcClient.java:createBucket(687)) - Creating Bucket: volume5/testbucket98, with server-side default bucket layout, runner as owner, Versioning false, Storage Type set to DISK and Encryption set to false, Replication Type set to server-side default replication type, Namespace Quota set to -1, Space Quota set to -1 
2023-06-28 21:19:18,763 [OM StateMachine ApplyTransaction Thread - 0] INFO  bucket.OMBucketCreateRequest (OMBucketCreateRequest.java:validateAndUpdateCache(270)) - created bucket: testbucket98 of layout FILE_SYSTEM_OPTIMIZED in volume: volume5
2023-06-28 21:19:18,763 [Time-limited test] INFO  shell.TestOzoneShellHA (TestOzoneShellHA.java:execute(212)) - Executing OzoneShell command with args [bucket, create, o3://om-service-test1/volume5/testbucket99]
2023-06-28 21:19:18,773 [OM StateMachine ApplyTransaction Thread - 0] INFO  bucket.OMBucketCreateRequest (OMBucketCreateRequest.java:validateAndUpdateCache(270)) - created bucket: testbucket98 of layout FILE_SYSTEM_OPTIMIZED in volume: volume5
2023-06-28 21:19:18,774 [OM StateMachine ApplyTransaction Thread - 0] INFO  bucket.OMBucketCreateRequest (OMBucketCreateRequest.java:validateAndUpdateCache(270)) - created bucket: testbucket98 of layout FILE_SYSTEM_OPTIMIZED in volume: volume5
2023-06-28 21:19:18,790 [Time-limited test] INFO  rpc.RpcClient (RpcClient.java:createBucket(687)) - Creating Bucket: volume5/testbucket99, with server-side default bucket layout, runner as owner, Versioning false, Storage Type set to DISK and Encryption set to false, Replication Type set to server-side default replication type, Namespace Quota set to -1, Space Quota set to -1 
2023-06-28 21:19:18,793 [OM StateMachine ApplyTransaction Thread - 0] INFO  bucket.OMBucketCreateRequest (OMBucketCreateRequest.java:validateAndUpdateCache(270)) - created bucket: testbucket99 of layout FILE_SYSTEM_OPTIMIZED in volume: volume5
2023-06-28 21:19:18,794 [Time-limited test] INFO  shell.TestOzoneShellHA (TestOzoneShellHA.java:execute(212)) - Executing OzoneShell command with args [bucket, list, o3://om-service-test1/volume5]
2023-06-28 21:19:18,803 [OM StateMachine ApplyTransaction Thread - 0] INFO  bucket.OMBucketCreateRequest (OMBucketCreateRequest.java:validateAndUpdateCache(270)) - created bucket: testbucket99 of layout FILE_SYSTEM_OPTIMIZED in volume: volume5
2023-06-28 21:19:18,804 [OM StateMachine ApplyTransaction Thread - 0] INFO  bucket.OMBucketCreateRequest (OMBucketCreateRequest.java:validateAndUpdateCache(270)) - created bucket: testbucket99 of layout FILE_SYSTEM_OPTIMIZED in volume: volume5
2023-06-28 21:19:18,844 [Time-limited test] INFO  shell.TestOzoneShellHA (TestOzoneShellHA.java:execute(212)) - Executing OzoneShell command with args [bucket, list, --start=testbucket99, o3://om-service-test1/volume5]
]]></system-out>
  </testcase>
  <testcase name="testOzoneShCmdURIs" classname="org.apache.hadoop.ozone.shell.TestOzoneShellHA" time="0.902">
    <system-out><![CDATA[2023-06-28 21:19:19,592 [Time-limited test] INFO  shell.TestOzoneShellHA (TestOzoneShellHA.java:execute(212)) - Executing OzoneShell command with args [--set=ozone.om.address=127.0.0.1:15004, volume, create, o3://127.0.0.1/volume2]
2023-06-28 21:19:19,593 [omNode-3@group-523986131536-FollowerState] INFO  server.RaftServerConfigKeys (ConfUtils.java:logFallback(53)) - raft.server.rpc.first-election.timeout.min = 1s (fallback to raft.server.rpc.timeout.min)
2023-06-28 21:19:19,593 [omNode-3@group-523986131536-FollowerState] INFO  server.RaftServerConfigKeys (ConfUtils.java:logFallback(53)) - raft.server.rpc.first-election.timeout.max = 1200ms (fallback to raft.server.rpc.timeout.max)
2023-06-28 21:19:19,614 [Time-limited test] INFO  rpc.RpcClient (RpcClient.java:createVolume(460)) - Creating Volume: volume2, with runner as owner and space quota set to -1 bytes, counts quota set to -1
2023-06-28 21:19:19,617 [OM StateMachine ApplyTransaction Thread - 0] INFO  volume.OMVolumeCreateRequest (OMVolumeCreateRequest.java:validateAndUpdateCache(196)) - created volume:volume2 for user:runner
2023-06-28 21:19:19,620 [Time-limited test] INFO  shell.TestOzoneShellHA (TestOzoneShellHA.java:execute(212)) - Executing OzoneShell command with args [volume, create, o3://127.0.0.1:15004/volume3]
2023-06-28 21:19:19,627 [OM StateMachine ApplyTransaction Thread - 0] INFO  volume.OMVolumeCreateRequest (OMVolumeCreateRequest.java:validateAndUpdateCache(196)) - created volume:volume2 for user:runner
2023-06-28 21:19:19,627 [OM StateMachine ApplyTransaction Thread - 0] INFO  volume.OMVolumeCreateRequest (OMVolumeCreateRequest.java:validateAndUpdateCache(196)) - created volume:volume2 for user:runner
2023-06-28 21:19:19,657 [Time-limited test] INFO  rpc.RpcClient (RpcClient.java:createVolume(460)) - Creating Volume: volume3, with runner as owner and space quota set to -1 bytes, counts quota set to -1
2023-06-28 21:19:19,660 [OM StateMachine ApplyTransaction Thread - 0] INFO  volume.OMVolumeCreateRequest (OMVolumeCreateRequest.java:validateAndUpdateCache(196)) - created volume:volume3 for user:runner
2023-06-28 21:19:19,661 [Time-limited test] INFO  shell.TestOzoneShellHA (TestOzoneShellHA.java:execute(212)) - Executing OzoneShell command with args [volume, create, o3://om-service-test1/volume]
2023-06-28 21:19:19,670 [OM StateMachine ApplyTransaction Thread - 0] INFO  volume.OMVolumeCreateRequest (OMVolumeCreateRequest.java:validateAndUpdateCache(196)) - created volume:volume3 for user:runner
2023-06-28 21:19:19,670 [OM StateMachine ApplyTransaction Thread - 0] INFO  volume.OMVolumeCreateRequest (OMVolumeCreateRequest.java:validateAndUpdateCache(196)) - created volume:volume3 for user:runner
2023-06-28 21:19:19,687 [Time-limited test] INFO  rpc.RpcClient (RpcClient.java:createVolume(460)) - Creating Volume: volume, with runner as owner and space quota set to -1 bytes, counts quota set to -1
2023-06-28 21:19:19,702 [OM StateMachine ApplyTransaction Thread - 0] INFO  volume.OMVolumeCreateRequest (OMVolumeCreateRequest.java:validateAndUpdateCache(196)) - created volume:volume for user:runner
2023-06-28 21:19:19,702 [Time-limited test] INFO  shell.TestOzoneShellHA (TestOzoneShellHA.java:execute(212)) - Executing OzoneShell command with args [volume, create, o3://om-service-test1:9862/volume]
2023-06-28 21:19:19,705 [OM StateMachine ApplyTransaction Thread - 0] INFO  volume.OMVolumeCreateRequest (OMVolumeCreateRequest.java:validateAndUpdateCache(196)) - created volume:volume for user:runner
2023-06-28 21:19:19,706 [OM StateMachine ApplyTransaction Thread - 0] INFO  volume.OMVolumeCreateRequest (OMVolumeCreateRequest.java:validateAndUpdateCache(196)) - created volume:volume for user:runner
2023-06-28 21:19:19,723 [Time-limited test] INFO  shell.TestOzoneShellHA (TestOzoneShellHA.java:execute(212)) - Executing OzoneShell command with args [bucket, create, /volume/bucket-one]
2023-06-28 21:19:19,747 [Time-limited test] INFO  rpc.RpcClient (RpcClient.java:createBucket(687)) - Creating Bucket: volume/bucket-one, with server-side default bucket layout, runner as owner, Versioning false, Storage Type set to DISK and Encryption set to false, Replication Type set to server-side default replication type, Namespace Quota set to -1, Space Quota set to -1 
2023-06-28 21:19:19,750 [OM StateMachine ApplyTransaction Thread - 0] INFO  bucket.OMBucketCreateRequest (OMBucketCreateRequest.java:validateAndUpdateCache(270)) - created bucket: bucket-one of layout FILE_SYSTEM_OPTIMIZED in volume: volume
2023-06-28 21:19:19,751 [Time-limited test] INFO  shell.TestOzoneShellHA (TestOzoneShellHA.java:execute(212)) - Executing OzoneShell command with args [bucket, create, o3://om-service-test1/volume/bucket-two]
2023-06-28 21:19:19,761 [OM StateMachine ApplyTransaction Thread - 0] INFO  bucket.OMBucketCreateRequest (OMBucketCreateRequest.java:validateAndUpdateCache(270)) - created bucket: bucket-one of layout FILE_SYSTEM_OPTIMIZED in volume: volume
2023-06-28 21:19:19,761 [OM StateMachine ApplyTransaction Thread - 0] INFO  bucket.OMBucketCreateRequest (OMBucketCreateRequest.java:validateAndUpdateCache(270)) - created bucket: bucket-one of layout FILE_SYSTEM_OPTIMIZED in volume: volume
2023-06-28 21:19:19,775 [Time-limited test] INFO  rpc.RpcClient (RpcClient.java:createBucket(687)) - Creating Bucket: volume/bucket-two, with server-side default bucket layout, runner as owner, Versioning false, Storage Type set to DISK and Encryption set to false, Replication Type set to server-side default replication type, Namespace Quota set to -1, Space Quota set to -1 
2023-06-28 21:19:19,778 [OM StateMachine ApplyTransaction Thread - 0] INFO  bucket.OMBucketCreateRequest (OMBucketCreateRequest.java:validateAndUpdateCache(270)) - created bucket: bucket-two of layout FILE_SYSTEM_OPTIMIZED in volume: volume
]]></system-out>
  </testcase>
  <testcase name="testKeyDeleteWhenTrashDisableFSO" classname="org.apache.hadoop.ozone.shell.TestOzoneShellHA" time="6.338">
    <system-out><![CDATA[2023-06-28 21:19:19,788 [OM StateMachine ApplyTransaction Thread - 0] INFO  bucket.OMBucketCreateRequest (OMBucketCreateRequest.java:validateAndUpdateCache(270)) - created bucket: bucket-two of layout FILE_SYSTEM_OPTIMIZED in volume: volume
2023-06-28 21:19:19,789 [OM StateMachine ApplyTransaction Thread - 0] INFO  bucket.OMBucketCreateRequest (OMBucketCreateRequest.java:validateAndUpdateCache(270)) - created bucket: bucket-two of layout FILE_SYSTEM_OPTIMIZED in volume: volume
2023-06-28 21:19:20,411 [Time-limited test] INFO  shell.TestOzoneShellHA (TestOzoneShellHA.java:execute(212)) - Executing OzoneShell command with args [volume, create, o3://om-service-test1/volumefso2]
2023-06-28 21:19:20,432 [Time-limited test] INFO  rpc.RpcClient (RpcClient.java:createVolume(460)) - Creating Volume: volumefso2, with runner as owner and space quota set to -1 bytes, counts quota set to -1
2023-06-28 21:19:20,435 [OM StateMachine ApplyTransaction Thread - 0] INFO  volume.OMVolumeCreateRequest (OMVolumeCreateRequest.java:validateAndUpdateCache(196)) - created volume:volumefso2 for user:runner
2023-06-28 21:19:20,435 [Time-limited test] INFO  shell.TestOzoneShellHA (TestOzoneShellHA.java:execute(212)) - Executing OzoneShell command with args [bucket, create, o3://om-service-test1/volumefso2/bucket2, --layout, FILE_SYSTEM_OPTIMIZED]
2023-06-28 21:19:20,445 [OM StateMachine ApplyTransaction Thread - 0] INFO  volume.OMVolumeCreateRequest (OMVolumeCreateRequest.java:validateAndUpdateCache(196)) - created volume:volumefso2 for user:runner
2023-06-28 21:19:20,445 [OM StateMachine ApplyTransaction Thread - 0] INFO  volume.OMVolumeCreateRequest (OMVolumeCreateRequest.java:validateAndUpdateCache(196)) - created volume:volumefso2 for user:runner
2023-06-28 21:19:20,462 [Time-limited test] INFO  rpc.RpcClient (RpcClient.java:createBucket(687)) - Creating Bucket: volumefso2/bucket2, with bucket layout FILE_SYSTEM_OPTIMIZED, runner as owner, Versioning false, Storage Type set to DISK and Encryption set to false, Replication Type set to server-side default replication type, Namespace Quota set to -1, Space Quota set to -1 
2023-06-28 21:19:20,464 [OM StateMachine ApplyTransaction Thread - 0] INFO  bucket.OMBucketCreateRequest (OMBucketCreateRequest.java:validateAndUpdateCache(270)) - created bucket: bucket2 of layout FILE_SYSTEM_OPTIMIZED in volume: volumefso2
2023-06-28 21:19:20,466 [Time-limited test] INFO  shell.TestOzoneShellHA (TestOzoneShellHA.java:execute(212)) - Executing OzoneShell command with args [key, put, o3://om-service-test1/volumefso2/bucket2/key0, /home/runner/work/ozone/ozone/hadoop-ozone/integration-test/target/test-dir/TestOzoneShellHA/testFile]
2023-06-28 21:19:20,475 [OM StateMachine ApplyTransaction Thread - 0] INFO  bucket.OMBucketCreateRequest (OMBucketCreateRequest.java:validateAndUpdateCache(270)) - created bucket: bucket2 of layout FILE_SYSTEM_OPTIMIZED in volume: volumefso2
2023-06-28 21:19:20,475 [OM StateMachine ApplyTransaction Thread - 0] INFO  bucket.OMBucketCreateRequest (OMBucketCreateRequest.java:validateAndUpdateCache(270)) - created bucket: bucket2 of layout FILE_SYSTEM_OPTIMIZED in volume: volumefso2
2023-06-28 21:19:20,522 [Time-limited test] INFO  shell.TestOzoneShellHA (TestOzoneShellHA.java:execute(212)) - Executing OzoneShell command with args [key, put, o3://om-service-test1/volumefso2/bucket2/key1, /home/runner/work/ozone/ozone/hadoop-ozone/integration-test/target/test-dir/TestOzoneShellHA/testFile]
2023-06-28 21:19:20,575 [Time-limited test] INFO  shell.TestOzoneShellHA (TestOzoneShellHA.java:execute(212)) - Executing OzoneShell command with args [key, put, o3://om-service-test1/volumefso2/bucket2/key2, /home/runner/work/ozone/ozone/hadoop-ozone/integration-test/target/test-dir/TestOzoneShellHA/testFile]
2023-06-28 21:19:20,635 [Time-limited test] INFO  shell.TestOzoneShellHA (TestOzoneShellHA.java:execute(212)) - Executing OzoneShell command with args [key, put, o3://om-service-test1/volumefso2/bucket2/key3, /home/runner/work/ozone/ozone/hadoop-ozone/integration-test/target/test-dir/TestOzoneShellHA/testFile]
2023-06-28 21:19:20,685 [Time-limited test] INFO  shell.TestOzoneShellHA (TestOzoneShellHA.java:execute(212)) - Executing OzoneShell command with args [key, put, o3://om-service-test1/volumefso2/bucket2/key4, /home/runner/work/ozone/ozone/hadoop-ozone/integration-test/target/test-dir/TestOzoneShellHA/testFile]
2023-06-28 21:19:20,734 [Time-limited test] INFO  shell.TestOzoneShellHA (TestOzoneShellHA.java:execute(212)) - Executing OzoneShell command with args [key, put, o3://om-service-test1/volumefso2/bucket2/key5, /home/runner/work/ozone/ozone/hadoop-ozone/integration-test/target/test-dir/TestOzoneShellHA/testFile]
2023-06-28 21:19:20,743 [omNode-3@group-523986131536-FollowerState] INFO  server.RaftServerConfigKeys (ConfUtils.java:logFallback(53)) - raft.server.rpc.first-election.timeout.min = 1s (fallback to raft.server.rpc.timeout.min)
2023-06-28 21:19:20,743 [omNode-3@group-523986131536-FollowerState] INFO  server.RaftServerConfigKeys (ConfUtils.java:logFallback(53)) - raft.server.rpc.first-election.timeout.max = 1200ms (fallback to raft.server.rpc.timeout.max)
2023-06-28 21:19:20,790 [Time-limited test] INFO  shell.TestOzoneShellHA (TestOzoneShellHA.java:execute(212)) - Executing OzoneShell command with args [key, put, o3://om-service-test1/volumefso2/bucket2/key6, /home/runner/work/ozone/ozone/hadoop-ozone/integration-test/target/test-dir/TestOzoneShellHA/testFile]
2023-06-28 21:19:20,842 [Time-limited test] INFO  shell.TestOzoneShellHA (TestOzoneShellHA.java:execute(212)) - Executing OzoneShell command with args [key, put, o3://om-service-test1/volumefso2/bucket2/key7, /home/runner/work/ozone/ozone/hadoop-ozone/integration-test/target/test-dir/TestOzoneShellHA/testFile]
2023-06-28 21:19:20,895 [Time-limited test] INFO  shell.TestOzoneShellHA (TestOzoneShellHA.java:execute(212)) - Executing OzoneShell command with args [key, put, o3://om-service-test1/volumefso2/bucket2/key8, /home/runner/work/ozone/ozone/hadoop-ozone/integration-test/target/test-dir/TestOzoneShellHA/testFile]
2023-06-28 21:19:20,948 [Time-limited test] INFO  shell.TestOzoneShellHA (TestOzoneShellHA.java:execute(212)) - Executing OzoneShell command with args [key, put, o3://om-service-test1/volumefso2/bucket2/key9, /home/runner/work/ozone/ozone/hadoop-ozone/integration-test/target/test-dir/TestOzoneShellHA/testFile]
2023-06-28 21:19:21,000 [Time-limited test] INFO  shell.TestOzoneShellHA (TestOzoneShellHA.java:execute(212)) - Executing OzoneShell command with args [key, put, o3://om-service-test1/volumefso2/bucket2/key10, /home/runner/work/ozone/ozone/hadoop-ozone/integration-test/target/test-dir/TestOzoneShellHA/testFile]
2023-06-28 21:19:21,054 [Time-limited test] INFO  shell.TestOzoneShellHA (TestOzoneShellHA.java:execute(212)) - Executing OzoneShell command with args [key, put, o3://om-service-test1/volumefso2/bucket2/key11, /home/runner/work/ozone/ozone/hadoop-ozone/integration-test/target/test-dir/TestOzoneShellHA/testFile]
2023-06-28 21:19:21,109 [Time-limited test] INFO  shell.TestOzoneShellHA (TestOzoneShellHA.java:execute(212)) - Executing OzoneShell command with args [key, put, o3://om-service-test1/volumefso2/bucket2/key12, /home/runner/work/ozone/ozone/hadoop-ozone/integration-test/target/test-dir/TestOzoneShellHA/testFile]
2023-06-28 21:19:21,164 [Time-limited test] INFO  shell.TestOzoneShellHA (TestOzoneShellHA.java:execute(212)) - Executing OzoneShell command with args [key, put, o3://om-service-test1/volumefso2/bucket2/key13, /home/runner/work/ozone/ozone/hadoop-ozone/integration-test/target/test-dir/TestOzoneShellHA/testFile]
2023-06-28 21:19:21,218 [Time-limited test] INFO  shell.TestOzoneShellHA (TestOzoneShellHA.java:execute(212)) - Executing OzoneShell command with args [key, put, o3://om-service-test1/volumefso2/bucket2/key14, /home/runner/work/ozone/ozone/hadoop-ozone/integration-test/target/test-dir/TestOzoneShellHA/testFile]
2023-06-28 21:19:21,274 [Time-limited test] INFO  shell.TestOzoneShellHA (TestOzoneShellHA.java:execute(212)) - Executing OzoneShell command with args [key, put, o3://om-service-test1/volumefso2/bucket2/key15, /home/runner/work/ozone/ozone/hadoop-ozone/integration-test/target/test-dir/TestOzoneShellHA/testFile]
2023-06-28 21:19:21,339 [Time-limited test] INFO  shell.TestOzoneShellHA (TestOzoneShellHA.java:execute(212)) - Executing OzoneShell command with args [key, put, o3://om-service-test1/volumefso2/bucket2/key16, /home/runner/work/ozone/ozone/hadoop-ozone/integration-test/target/test-dir/TestOzoneShellHA/testFile]
2023-06-28 21:19:21,396 [Time-limited test] INFO  shell.TestOzoneShellHA (TestOzoneShellHA.java:execute(212)) - Executing OzoneShell command with args [key, put, o3://om-service-test1/volumefso2/bucket2/key17, /home/runner/work/ozone/ozone/hadoop-ozone/integration-test/target/test-dir/TestOzoneShellHA/testFile]
2023-06-28 21:19:21,453 [Time-limited test] INFO  shell.TestOzoneShellHA (TestOzoneShellHA.java:execute(212)) - Executing OzoneShell command with args [key, put, o3://om-service-test1/volumefso2/bucket2/key18, /home/runner/work/ozone/ozone/hadoop-ozone/integration-test/target/test-dir/TestOzoneShellHA/testFile]
2023-06-28 21:19:21,510 [Time-limited test] INFO  shell.TestOzoneShellHA (TestOzoneShellHA.java:execute(212)) - Executing OzoneShell command with args [key, put, o3://om-service-test1/volumefso2/bucket2/key19, /home/runner/work/ozone/ozone/hadoop-ozone/integration-test/target/test-dir/TestOzoneShellHA/testFile]
2023-06-28 21:19:21,560 [Time-limited test] INFO  shell.TestOzoneShellHA (TestOzoneShellHA.java:execute(212)) - Executing OzoneShell command with args [key, put, o3://om-service-test1/volumefso2/bucket2/key20, /home/runner/work/ozone/ozone/hadoop-ozone/integration-test/target/test-dir/TestOzoneShellHA/testFile]
2023-06-28 21:19:21,613 [Time-limited test] INFO  shell.TestOzoneShellHA (TestOzoneShellHA.java:execute(212)) - Executing OzoneShell command with args [key, put, o3://om-service-test1/volumefso2/bucket2/key21, /home/runner/work/ozone/ozone/hadoop-ozone/integration-test/target/test-dir/TestOzoneShellHA/testFile]
2023-06-28 21:19:21,667 [Time-limited test] INFO  shell.TestOzoneShellHA (TestOzoneShellHA.java:execute(212)) - Executing OzoneShell command with args [key, put, o3://om-service-test1/volumefso2/bucket2/key22, /home/runner/work/ozone/ozone/hadoop-ozone/integration-test/target/test-dir/TestOzoneShellHA/testFile]
2023-06-28 21:19:21,729 [Time-limited test] INFO  shell.TestOzoneShellHA (TestOzoneShellHA.java:execute(212)) - Executing OzoneShell command with args [key, put, o3://om-service-test1/volumefso2/bucket2/key23, /home/runner/work/ozone/ozone/hadoop-ozone/integration-test/target/test-dir/TestOzoneShellHA/testFile]
2023-06-28 21:19:21,782 [Time-limited test] INFO  shell.TestOzoneShellHA (TestOzoneShellHA.java:execute(212)) - Executing OzoneShell command with args [key, put, o3://om-service-test1/volumefso2/bucket2/key24, /home/runner/work/ozone/ozone/hadoop-ozone/integration-test/target/test-dir/TestOzoneShellHA/testFile]
2023-06-28 21:19:21,820 [omNode-3@group-523986131536-FollowerState] INFO  server.RaftServerConfigKeys (ConfUtils.java:logFallback(53)) - raft.server.rpc.first-election.timeout.min = 1s (fallback to raft.server.rpc.timeout.min)
2023-06-28 21:19:21,820 [omNode-3@group-523986131536-FollowerState] INFO  server.RaftServerConfigKeys (ConfUtils.java:logFallback(53)) - raft.server.rpc.first-election.timeout.max = 1200ms (fallback to raft.server.rpc.timeout.max)
2023-06-28 21:19:21,834 [Time-limited test] INFO  shell.TestOzoneShellHA (TestOzoneShellHA.java:execute(212)) - Executing OzoneShell command with args [key, put, o3://om-service-test1/volumefso2/bucket2/key25, /home/runner/work/ozone/ozone/hadoop-ozone/integration-test/target/test-dir/TestOzoneShellHA/testFile]
2023-06-28 21:19:21,886 [Time-limited test] INFO  shell.TestOzoneShellHA (TestOzoneShellHA.java:execute(212)) - Executing OzoneShell command with args [key, put, o3://om-service-test1/volumefso2/bucket2/key26, /home/runner/work/ozone/ozone/hadoop-ozone/integration-test/target/test-dir/TestOzoneShellHA/testFile]
2023-06-28 21:19:21,937 [Time-limited test] INFO  shell.TestOzoneShellHA (TestOzoneShellHA.java:execute(212)) - Executing OzoneShell command with args [key, put, o3://om-service-test1/volumefso2/bucket2/key27, /home/runner/work/ozone/ozone/hadoop-ozone/integration-test/target/test-dir/TestOzoneShellHA/testFile]
2023-06-28 21:19:21,996 [Time-limited test] INFO  shell.TestOzoneShellHA (TestOzoneShellHA.java:execute(212)) - Executing OzoneShell command with args [key, put, o3://om-service-test1/volumefso2/bucket2/key28, /home/runner/work/ozone/ozone/hadoop-ozone/integration-test/target/test-dir/TestOzoneShellHA/testFile]
2023-06-28 21:19:22,046 [Time-limited test] INFO  shell.TestOzoneShellHA (TestOzoneShellHA.java:execute(212)) - Executing OzoneShell command with args [key, put, o3://om-service-test1/volumefso2/bucket2/key29, /home/runner/work/ozone/ozone/hadoop-ozone/integration-test/target/test-dir/TestOzoneShellHA/testFile]
2023-06-28 21:19:22,098 [Time-limited test] INFO  shell.TestOzoneShellHA (TestOzoneShellHA.java:execute(212)) - Executing OzoneShell command with args [key, put, o3://om-service-test1/volumefso2/bucket2/key30, /home/runner/work/ozone/ozone/hadoop-ozone/integration-test/target/test-dir/TestOzoneShellHA/testFile]
2023-06-28 21:19:22,152 [Time-limited test] INFO  shell.TestOzoneShellHA (TestOzoneShellHA.java:execute(212)) - Executing OzoneShell command with args [key, put, o3://om-service-test1/volumefso2/bucket2/key31, /home/runner/work/ozone/ozone/hadoop-ozone/integration-test/target/test-dir/TestOzoneShellHA/testFile]
2023-06-28 21:19:22,202 [Time-limited test] INFO  shell.TestOzoneShellHA (TestOzoneShellHA.java:execute(212)) - Executing OzoneShell command with args [key, put, o3://om-service-test1/volumefso2/bucket2/key32, /home/runner/work/ozone/ozone/hadoop-ozone/integration-test/target/test-dir/TestOzoneShellHA/testFile]
2023-06-28 21:19:22,255 [Time-limited test] INFO  shell.TestOzoneShellHA (TestOzoneShellHA.java:execute(212)) - Executing OzoneShell command with args [key, put, o3://om-service-test1/volumefso2/bucket2/key33, /home/runner/work/ozone/ozone/hadoop-ozone/integration-test/target/test-dir/TestOzoneShellHA/testFile]
2023-06-28 21:19:22,308 [Time-limited test] INFO  shell.TestOzoneShellHA (TestOzoneShellHA.java:execute(212)) - Executing OzoneShell command with args [key, put, o3://om-service-test1/volumefso2/bucket2/key34, /home/runner/work/ozone/ozone/hadoop-ozone/integration-test/target/test-dir/TestOzoneShellHA/testFile]
2023-06-28 21:19:22,363 [Time-limited test] INFO  shell.TestOzoneShellHA (TestOzoneShellHA.java:execute(212)) - Executing OzoneShell command with args [key, put, o3://om-service-test1/volumefso2/bucket2/key35, /home/runner/work/ozone/ozone/hadoop-ozone/integration-test/target/test-dir/TestOzoneShellHA/testFile]
2023-06-28 21:19:22,520 [Time-limited test] INFO  shell.TestOzoneShellHA (TestOzoneShellHA.java:execute(212)) - Executing OzoneShell command with args [key, put, o3://om-service-test1/volumefso2/bucket2/key36, /home/runner/work/ozone/ozone/hadoop-ozone/integration-test/target/test-dir/TestOzoneShellHA/testFile]
2023-06-28 21:19:22,571 [Time-limited test] INFO  shell.TestOzoneShellHA (TestOzoneShellHA.java:execute(212)) - Executing OzoneShell command with args [key, put, o3://om-service-test1/volumefso2/bucket2/key37, /home/runner/work/ozone/ozone/hadoop-ozone/integration-test/target/test-dir/TestOzoneShellHA/testFile]
2023-06-28 21:19:22,651 [Time-limited test] INFO  shell.TestOzoneShellHA (TestOzoneShellHA.java:execute(212)) - Executing OzoneShell command with args [key, put, o3://om-service-test1/volumefso2/bucket2/key38, /home/runner/work/ozone/ozone/hadoop-ozone/integration-test/target/test-dir/TestOzoneShellHA/testFile]
2023-06-28 21:19:22,703 [Time-limited test] INFO  shell.TestOzoneShellHA (TestOzoneShellHA.java:execute(212)) - Executing OzoneShell command with args [key, put, o3://om-service-test1/volumefso2/bucket2/key39, /home/runner/work/ozone/ozone/hadoop-ozone/integration-test/target/test-dir/TestOzoneShellHA/testFile]
2023-06-28 21:19:22,766 [Time-limited test] INFO  shell.TestOzoneShellHA (TestOzoneShellHA.java:execute(212)) - Executing OzoneShell command with args [key, put, o3://om-service-test1/volumefso2/bucket2/key40, /home/runner/work/ozone/ozone/hadoop-ozone/integration-test/target/test-dir/TestOzoneShellHA/testFile]
2023-06-28 21:19:22,822 [Time-limited test] INFO  shell.TestOzoneShellHA (TestOzoneShellHA.java:execute(212)) - Executing OzoneShell command with args [key, put, o3://om-service-test1/volumefso2/bucket2/key41, /home/runner/work/ozone/ozone/hadoop-ozone/integration-test/target/test-dir/TestOzoneShellHA/testFile]
2023-06-28 21:19:22,881 [Time-limited test] INFO  shell.TestOzoneShellHA (TestOzoneShellHA.java:execute(212)) - Executing OzoneShell command with args [key, put, o3://om-service-test1/volumefso2/bucket2/key42, /home/runner/work/ozone/ozone/hadoop-ozone/integration-test/target/test-dir/TestOzoneShellHA/testFile]
2023-06-28 21:19:22,934 [Time-limited test] INFO  shell.TestOzoneShellHA (TestOzoneShellHA.java:execute(212)) - Executing OzoneShell command with args [key, put, o3://om-service-test1/volumefso2/bucket2/key43, /home/runner/work/ozone/ozone/hadoop-ozone/integration-test/target/test-dir/TestOzoneShellHA/testFile]
2023-06-28 21:19:22,982 [omNode-3@group-523986131536-FollowerState] INFO  server.RaftServerConfigKeys (ConfUtils.java:logFallback(53)) - raft.server.rpc.first-election.timeout.min = 1s (fallback to raft.server.rpc.timeout.min)
2023-06-28 21:19:22,982 [omNode-3@group-523986131536-FollowerState] INFO  server.RaftServerConfigKeys (ConfUtils.java:logFallback(53)) - raft.server.rpc.first-election.timeout.max = 1200ms (fallback to raft.server.rpc.timeout.max)
2023-06-28 21:19:22,989 [Time-limited test] INFO  shell.TestOzoneShellHA (TestOzoneShellHA.java:execute(212)) - Executing OzoneShell command with args [key, put, o3://om-service-test1/volumefso2/bucket2/key44, /home/runner/work/ozone/ozone/hadoop-ozone/integration-test/target/test-dir/TestOzoneShellHA/testFile]
2023-06-28 21:19:23,043 [Time-limited test] INFO  shell.TestOzoneShellHA (TestOzoneShellHA.java:execute(212)) - Executing OzoneShell command with args [key, put, o3://om-service-test1/volumefso2/bucket2/key45, /home/runner/work/ozone/ozone/hadoop-ozone/integration-test/target/test-dir/TestOzoneShellHA/testFile]
2023-06-28 21:19:23,095 [Time-limited test] INFO  shell.TestOzoneShellHA (TestOzoneShellHA.java:execute(212)) - Executing OzoneShell command with args [key, put, o3://om-service-test1/volumefso2/bucket2/key46, /home/runner/work/ozone/ozone/hadoop-ozone/integration-test/target/test-dir/TestOzoneShellHA/testFile]
2023-06-28 21:19:23,151 [Time-limited test] INFO  shell.TestOzoneShellHA (TestOzoneShellHA.java:execute(212)) - Executing OzoneShell command with args [key, put, o3://om-service-test1/volumefso2/bucket2/key47, /home/runner/work/ozone/ozone/hadoop-ozone/integration-test/target/test-dir/TestOzoneShellHA/testFile]
2023-06-28 21:19:23,209 [Time-limited test] INFO  shell.TestOzoneShellHA (TestOzoneShellHA.java:execute(212)) - Executing OzoneShell command with args [key, put, o3://om-service-test1/volumefso2/bucket2/key48, /home/runner/work/ozone/ozone/hadoop-ozone/integration-test/target/test-dir/TestOzoneShellHA/testFile]
2023-06-28 21:19:23,262 [Time-limited test] INFO  shell.TestOzoneShellHA (TestOzoneShellHA.java:execute(212)) - Executing OzoneShell command with args [key, put, o3://om-service-test1/volumefso2/bucket2/key49, /home/runner/work/ozone/ozone/hadoop-ozone/integration-test/target/test-dir/TestOzoneShellHA/testFile]
2023-06-28 21:19:23,323 [Time-limited test] INFO  shell.TestOzoneShellHA (TestOzoneShellHA.java:execute(212)) - Executing OzoneShell command with args [key, put, o3://om-service-test1/volumefso2/bucket2/key50, /home/runner/work/ozone/ozone/hadoop-ozone/integration-test/target/test-dir/TestOzoneShellHA/testFile]
2023-06-28 21:19:23,379 [Time-limited test] INFO  shell.TestOzoneShellHA (TestOzoneShellHA.java:execute(212)) - Executing OzoneShell command with args [key, put, o3://om-service-test1/volumefso2/bucket2/key51, /home/runner/work/ozone/ozone/hadoop-ozone/integration-test/target/test-dir/TestOzoneShellHA/testFile]
2023-06-28 21:19:23,437 [Time-limited test] INFO  shell.TestOzoneShellHA (TestOzoneShellHA.java:execute(212)) - Executing OzoneShell command with args [key, put, o3://om-service-test1/volumefso2/bucket2/key52, /home/runner/work/ozone/ozone/hadoop-ozone/integration-test/target/test-dir/TestOzoneShellHA/testFile]
2023-06-28 21:19:23,493 [Time-limited test] INFO  shell.TestOzoneShellHA (TestOzoneShellHA.java:execute(212)) - Executing OzoneShell command with args [key, put, o3://om-service-test1/volumefso2/bucket2/key53, /home/runner/work/ozone/ozone/hadoop-ozone/integration-test/target/test-dir/TestOzoneShellHA/testFile]
2023-06-28 21:19:23,552 [Time-limited test] INFO  shell.TestOzoneShellHA (TestOzoneShellHA.java:execute(212)) - Executing OzoneShell command with args [key, put, o3://om-service-test1/volumefso2/bucket2/key54, /home/runner/work/ozone/ozone/hadoop-ozone/integration-test/target/test-dir/TestOzoneShellHA/testFile]
2023-06-28 21:19:23,607 [Time-limited test] INFO  shell.TestOzoneShellHA (TestOzoneShellHA.java:execute(212)) - Executing OzoneShell command with args [key, put, o3://om-service-test1/volumefso2/bucket2/key55, /home/runner/work/ozone/ozone/hadoop-ozone/integration-test/target/test-dir/TestOzoneShellHA/testFile]
2023-06-28 21:19:23,668 [Time-limited test] INFO  shell.TestOzoneShellHA (TestOzoneShellHA.java:execute(212)) - Executing OzoneShell command with args [key, put, o3://om-service-test1/volumefso2/bucket2/key56, /home/runner/work/ozone/ozone/hadoop-ozone/integration-test/target/test-dir/TestOzoneShellHA/testFile]
2023-06-28 21:19:23,722 [Time-limited test] INFO  shell.TestOzoneShellHA (TestOzoneShellHA.java:execute(212)) - Executing OzoneShell command with args [key, put, o3://om-service-test1/volumefso2/bucket2/key57, /home/runner/work/ozone/ozone/hadoop-ozone/integration-test/target/test-dir/TestOzoneShellHA/testFile]
2023-06-28 21:19:23,773 [Time-limited test] INFO  shell.TestOzoneShellHA (TestOzoneShellHA.java:execute(212)) - Executing OzoneShell command with args [key, put, o3://om-service-test1/volumefso2/bucket2/key58, /home/runner/work/ozone/ozone/hadoop-ozone/integration-test/target/test-dir/TestOzoneShellHA/testFile]
2023-06-28 21:19:23,826 [Time-limited test] INFO  shell.TestOzoneShellHA (TestOzoneShellHA.java:execute(212)) - Executing OzoneShell command with args [key, put, o3://om-service-test1/volumefso2/bucket2/key59, /home/runner/work/ozone/ozone/hadoop-ozone/integration-test/target/test-dir/TestOzoneShellHA/testFile]
2023-06-28 21:19:23,879 [Time-limited test] INFO  shell.TestOzoneShellHA (TestOzoneShellHA.java:execute(212)) - Executing OzoneShell command with args [key, put, o3://om-service-test1/volumefso2/bucket2/key60, /home/runner/work/ozone/ozone/hadoop-ozone/integration-test/target/test-dir/TestOzoneShellHA/testFile]
2023-06-28 21:19:23,937 [Time-limited test] INFO  shell.TestOzoneShellHA (TestOzoneShellHA.java:execute(212)) - Executing OzoneShell command with args [key, put, o3://om-service-test1/volumefso2/bucket2/key61, /home/runner/work/ozone/ozone/hadoop-ozone/integration-test/target/test-dir/TestOzoneShellHA/testFile]
2023-06-28 21:19:23,990 [Time-limited test] INFO  shell.TestOzoneShellHA (TestOzoneShellHA.java:execute(212)) - Executing OzoneShell command with args [key, put, o3://om-service-test1/volumefso2/bucket2/key62, /home/runner/work/ozone/ozone/hadoop-ozone/integration-test/target/test-dir/TestOzoneShellHA/testFile]
2023-06-28 21:19:24,050 [Time-limited test] INFO  shell.TestOzoneShellHA (TestOzoneShellHA.java:execute(212)) - Executing OzoneShell command with args [key, put, o3://om-service-test1/volumefso2/bucket2/key63, /home/runner/work/ozone/ozone/hadoop-ozone/integration-test/target/test-dir/TestOzoneShellHA/testFile]
2023-06-28 21:19:24,074 [omNode-3@group-523986131536-FollowerState] INFO  server.RaftServerConfigKeys (ConfUtils.java:logFallback(53)) - raft.server.rpc.first-election.timeout.min = 1s (fallback to raft.server.rpc.timeout.min)
2023-06-28 21:19:24,075 [omNode-3@group-523986131536-FollowerState] INFO  server.RaftServerConfigKeys (ConfUtils.java:logFallback(53)) - raft.server.rpc.first-election.timeout.max = 1200ms (fallback to raft.server.rpc.timeout.max)
2023-06-28 21:19:24,104 [Time-limited test] INFO  shell.TestOzoneShellHA (TestOzoneShellHA.java:execute(212)) - Executing OzoneShell command with args [key, put, o3://om-service-test1/volumefso2/bucket2/key64, /home/runner/work/ozone/ozone/hadoop-ozone/integration-test/target/test-dir/TestOzoneShellHA/testFile]
2023-06-28 21:19:24,156 [Time-limited test] INFO  shell.TestOzoneShellHA (TestOzoneShellHA.java:execute(212)) - Executing OzoneShell command with args [key, put, o3://om-service-test1/volumefso2/bucket2/key65, /home/runner/work/ozone/ozone/hadoop-ozone/integration-test/target/test-dir/TestOzoneShellHA/testFile]
2023-06-28 21:19:24,209 [Time-limited test] INFO  shell.TestOzoneShellHA (TestOzoneShellHA.java:execute(212)) - Executing OzoneShell command with args [key, put, o3://om-service-test1/volumefso2/bucket2/key66, /home/runner/work/ozone/ozone/hadoop-ozone/integration-test/target/test-dir/TestOzoneShellHA/testFile]
2023-06-28 21:19:24,262 [Time-limited test] INFO  shell.TestOzoneShellHA (TestOzoneShellHA.java:execute(212)) - Executing OzoneShell command with args [key, put, o3://om-service-test1/volumefso2/bucket2/key67, /home/runner/work/ozone/ozone/hadoop-ozone/integration-test/target/test-dir/TestOzoneShellHA/testFile]
2023-06-28 21:19:24,318 [Time-limited test] INFO  shell.TestOzoneShellHA (TestOzoneShellHA.java:execute(212)) - Executing OzoneShell command with args [key, put, o3://om-service-test1/volumefso2/bucket2/key68, /home/runner/work/ozone/ozone/hadoop-ozone/integration-test/target/test-dir/TestOzoneShellHA/testFile]
2023-06-28 21:19:24,363 [Time-limited test] INFO  shell.TestOzoneShellHA (TestOzoneShellHA.java:execute(212)) - Executing OzoneShell command with args [key, put, o3://om-service-test1/volumefso2/bucket2/key69, /home/runner/work/ozone/ozone/hadoop-ozone/integration-test/target/test-dir/TestOzoneShellHA/testFile]
2023-06-28 21:19:24,417 [Time-limited test] INFO  shell.TestOzoneShellHA (TestOzoneShellHA.java:execute(212)) - Executing OzoneShell command with args [key, put, o3://om-service-test1/volumefso2/bucket2/key70, /home/runner/work/ozone/ozone/hadoop-ozone/integration-test/target/test-dir/TestOzoneShellHA/testFile]
2023-06-28 21:19:24,472 [Time-limited test] INFO  shell.TestOzoneShellHA (TestOzoneShellHA.java:execute(212)) - Executing OzoneShell command with args [key, put, o3://om-service-test1/volumefso2/bucket2/key71, /home/runner/work/ozone/ozone/hadoop-ozone/integration-test/target/test-dir/TestOzoneShellHA/testFile]
2023-06-28 21:19:24,525 [Time-limited test] INFO  shell.TestOzoneShellHA (TestOzoneShellHA.java:execute(212)) - Executing OzoneShell command with args [key, put, o3://om-service-test1/volumefso2/bucket2/key72, /home/runner/work/ozone/ozone/hadoop-ozone/integration-test/target/test-dir/TestOzoneShellHA/testFile]
2023-06-28 21:19:24,576 [Time-limited test] INFO  shell.TestOzoneShellHA (TestOzoneShellHA.java:execute(212)) - Executing OzoneShell command with args [key, put, o3://om-service-test1/volumefso2/bucket2/key73, /home/runner/work/ozone/ozone/hadoop-ozone/integration-test/target/test-dir/TestOzoneShellHA/testFile]
2023-06-28 21:19:24,628 [Time-limited test] INFO  shell.TestOzoneShellHA (TestOzoneShellHA.java:execute(212)) - Executing OzoneShell command with args [key, put, o3://om-service-test1/volumefso2/bucket2/key74, /home/runner/work/ozone/ozone/hadoop-ozone/integration-test/target/test-dir/TestOzoneShellHA/testFile]
2023-06-28 21:19:24,681 [Time-limited test] INFO  shell.TestOzoneShellHA (TestOzoneShellHA.java:execute(212)) - Executing OzoneShell command with args [key, put, o3://om-service-test1/volumefso2/bucket2/key75, /home/runner/work/ozone/ozone/hadoop-ozone/integration-test/target/test-dir/TestOzoneShellHA/testFile]
2023-06-28 21:19:24,732 [Time-limited test] INFO  shell.TestOzoneShellHA (TestOzoneShellHA.java:execute(212)) - Executing OzoneShell command with args [key, put, o3://om-service-test1/volumefso2/bucket2/key76, /home/runner/work/ozone/ozone/hadoop-ozone/integration-test/target/test-dir/TestOzoneShellHA/testFile]
2023-06-28 21:19:24,785 [Time-limited test] INFO  shell.TestOzoneShellHA (TestOzoneShellHA.java:execute(212)) - Executing OzoneShell command with args [key, put, o3://om-service-test1/volumefso2/bucket2/key77, /home/runner/work/ozone/ozone/hadoop-ozone/integration-test/target/test-dir/TestOzoneShellHA/testFile]
2023-06-28 21:19:24,840 [Time-limited test] INFO  shell.TestOzoneShellHA (TestOzoneShellHA.java:execute(212)) - Executing OzoneShell command with args [key, put, o3://om-service-test1/volumefso2/bucket2/key78, /home/runner/work/ozone/ozone/hadoop-ozone/integration-test/target/test-dir/TestOzoneShellHA/testFile]
2023-06-28 21:19:24,894 [Time-limited test] INFO  shell.TestOzoneShellHA (TestOzoneShellHA.java:execute(212)) - Executing OzoneShell command with args [key, put, o3://om-service-test1/volumefso2/bucket2/key79, /home/runner/work/ozone/ozone/hadoop-ozone/integration-test/target/test-dir/TestOzoneShellHA/testFile]
2023-06-28 21:19:24,946 [Time-limited test] INFO  shell.TestOzoneShellHA (TestOzoneShellHA.java:execute(212)) - Executing OzoneShell command with args [key, put, o3://om-service-test1/volumefso2/bucket2/key80, /home/runner/work/ozone/ozone/hadoop-ozone/integration-test/target/test-dir/TestOzoneShellHA/testFile]
2023-06-28 21:19:24,998 [Time-limited test] INFO  shell.TestOzoneShellHA (TestOzoneShellHA.java:execute(212)) - Executing OzoneShell command with args [key, put, o3://om-service-test1/volumefso2/bucket2/key81, /home/runner/work/ozone/ozone/hadoop-ozone/integration-test/target/test-dir/TestOzoneShellHA/testFile]
2023-06-28 21:19:25,052 [Time-limited test] INFO  shell.TestOzoneShellHA (TestOzoneShellHA.java:execute(212)) - Executing OzoneShell command with args [key, put, o3://om-service-test1/volumefso2/bucket2/key82, /home/runner/work/ozone/ozone/hadoop-ozone/integration-test/target/test-dir/TestOzoneShellHA/testFile]
2023-06-28 21:19:25,093 [omNode-3@group-523986131536-FollowerState] INFO  server.RaftServerConfigKeys (ConfUtils.java:logFallback(53)) - raft.server.rpc.first-election.timeout.min = 1s (fallback to raft.server.rpc.timeout.min)
2023-06-28 21:19:25,093 [omNode-3@group-523986131536-FollowerState] INFO  server.RaftServerConfigKeys (ConfUtils.java:logFallback(53)) - raft.server.rpc.first-election.timeout.max = 1200ms (fallback to raft.server.rpc.timeout.max)
2023-06-28 21:19:25,105 [Time-limited test] INFO  shell.TestOzoneShellHA (TestOzoneShellHA.java:execute(212)) - Executing OzoneShell command with args [key, put, o3://om-service-test1/volumefso2/bucket2/key83, /home/runner/work/ozone/ozone/hadoop-ozone/integration-test/target/test-dir/TestOzoneShellHA/testFile]
2023-06-28 21:19:25,158 [Time-limited test] INFO  shell.TestOzoneShellHA (TestOzoneShellHA.java:execute(212)) - Executing OzoneShell command with args [key, put, o3://om-service-test1/volumefso2/bucket2/key84, /home/runner/work/ozone/ozone/hadoop-ozone/integration-test/target/test-dir/TestOzoneShellHA/testFile]
2023-06-28 21:19:25,212 [Time-limited test] INFO  shell.TestOzoneShellHA (TestOzoneShellHA.java:execute(212)) - Executing OzoneShell command with args [key, put, o3://om-service-test1/volumefso2/bucket2/key85, /home/runner/work/ozone/ozone/hadoop-ozone/integration-test/target/test-dir/TestOzoneShellHA/testFile]
2023-06-28 21:19:25,264 [Time-limited test] INFO  shell.TestOzoneShellHA (TestOzoneShellHA.java:execute(212)) - Executing OzoneShell command with args [key, put, o3://om-service-test1/volumefso2/bucket2/key86, /home/runner/work/ozone/ozone/hadoop-ozone/integration-test/target/test-dir/TestOzoneShellHA/testFile]
2023-06-28 21:19:25,315 [Time-limited test] INFO  shell.TestOzoneShellHA (TestOzoneShellHA.java:execute(212)) - Executing OzoneShell command with args [key, put, o3://om-service-test1/volumefso2/bucket2/key87, /home/runner/work/ozone/ozone/hadoop-ozone/integration-test/target/test-dir/TestOzoneShellHA/testFile]
2023-06-28 21:19:25,370 [Time-limited test] INFO  shell.TestOzoneShellHA (TestOzoneShellHA.java:execute(212)) - Executing OzoneShell command with args [key, put, o3://om-service-test1/volumefso2/bucket2/key88, /home/runner/work/ozone/ozone/hadoop-ozone/integration-test/target/test-dir/TestOzoneShellHA/testFile]
2023-06-28 21:19:25,423 [Time-limited test] INFO  shell.TestOzoneShellHA (TestOzoneShellHA.java:execute(212)) - Executing OzoneShell command with args [key, put, o3://om-service-test1/volumefso2/bucket2/key89, /home/runner/work/ozone/ozone/hadoop-ozone/integration-test/target/test-dir/TestOzoneShellHA/testFile]
2023-06-28 21:19:25,479 [Time-limited test] INFO  shell.TestOzoneShellHA (TestOzoneShellHA.java:execute(212)) - Executing OzoneShell command with args [key, put, o3://om-service-test1/volumefso2/bucket2/key90, /home/runner/work/ozone/ozone/hadoop-ozone/integration-test/target/test-dir/TestOzoneShellHA/testFile]
2023-06-28 21:19:25,550 [Time-limited test] INFO  shell.TestOzoneShellHA (TestOzoneShellHA.java:execute(212)) - Executing OzoneShell command with args [key, put, o3://om-service-test1/volumefso2/bucket2/key91, /home/runner/work/ozone/ozone/hadoop-ozone/integration-test/target/test-dir/TestOzoneShellHA/testFile]
2023-06-28 21:19:25,601 [Time-limited test] INFO  shell.TestOzoneShellHA (TestOzoneShellHA.java:execute(212)) - Executing OzoneShell command with args [key, put, o3://om-service-test1/volumefso2/bucket2/key92, /home/runner/work/ozone/ozone/hadoop-ozone/integration-test/target/test-dir/TestOzoneShellHA/testFile]
2023-06-28 21:19:25,654 [Time-limited test] INFO  shell.TestOzoneShellHA (TestOzoneShellHA.java:execute(212)) - Executing OzoneShell command with args [key, put, o3://om-service-test1/volumefso2/bucket2/key93, /home/runner/work/ozone/ozone/hadoop-ozone/integration-test/target/test-dir/TestOzoneShellHA/testFile]
2023-06-28 21:19:25,706 [Time-limited test] INFO  shell.TestOzoneShellHA (TestOzoneShellHA.java:execute(212)) - Executing OzoneShell command with args [key, put, o3://om-service-test1/volumefso2/bucket2/key94, /home/runner/work/ozone/ozone/hadoop-ozone/integration-test/target/test-dir/TestOzoneShellHA/testFile]
2023-06-28 21:19:25,757 [Time-limited test] INFO  shell.TestOzoneShellHA (TestOzoneShellHA.java:execute(212)) - Executing OzoneShell command with args [key, put, o3://om-service-test1/volumefso2/bucket2/key95, /home/runner/work/ozone/ozone/hadoop-ozone/integration-test/target/test-dir/TestOzoneShellHA/testFile]
2023-06-28 21:19:25,801 [Time-limited test] INFO  shell.TestOzoneShellHA (TestOzoneShellHA.java:execute(212)) - Executing OzoneShell command with args [key, put, o3://om-service-test1/volumefso2/bucket2/key96, /home/runner/work/ozone/ozone/hadoop-ozone/integration-test/target/test-dir/TestOzoneShellHA/testFile]
2023-06-28 21:19:25,856 [Time-limited test] INFO  shell.TestOzoneShellHA (TestOzoneShellHA.java:execute(212)) - Executing OzoneShell command with args [key, put, o3://om-service-test1/volumefso2/bucket2/key97, /home/runner/work/ozone/ozone/hadoop-ozone/integration-test/target/test-dir/TestOzoneShellHA/testFile]
2023-06-28 21:19:25,908 [Time-limited test] INFO  shell.TestOzoneShellHA (TestOzoneShellHA.java:execute(212)) - Executing OzoneShell command with args [key, put, o3://om-service-test1/volumefso2/bucket2/key98, /home/runner/work/ozone/ozone/hadoop-ozone/integration-test/target/test-dir/TestOzoneShellHA/testFile]
2023-06-28 21:19:25,960 [Time-limited test] INFO  shell.TestOzoneShellHA (TestOzoneShellHA.java:execute(212)) - Executing OzoneShell command with args [key, put, o3://om-service-test1/volumefso2/bucket2/key99, /home/runner/work/ozone/ozone/hadoop-ozone/integration-test/target/test-dir/TestOzoneShellHA/testFile]
2023-06-28 21:19:26,014 [Time-limited test] INFO  shell.TestOzoneShellHA (TestOzoneShellHA.java:execute(212)) - Executing OzoneShell command with args [--set=ozone.fs.trash.interval=0, key, delete, /volumefso2/bucket2/key4]
2023-06-28 21:19:26,042 [Time-limited test] INFO  shell.TestOzoneShellHA (TestOzoneShellHA.java:execute(212)) - Executing OzoneShell command with args [key, list, --prefix=.Trash, o3://om-service-test1/volumefso2/bucket2/]
21:19:26.070 [IPC Server handler 8 on default port 15004] ERROR OMAudit - user=runner | ip=127.0.0.1 | op=GET_FILE_STATUS {volume=volumefso2, bucket=bucket2, key=.Trash, dataSize=0, replicationConfig=null} | ret=FAILURE
org.apache.hadoop.ozone.om.exceptions.OMException: Unable to get file status: volume: volumefso2 bucket: bucket2 key: .Trash
	at org.apache.hadoop.ozone.om.KeyManagerImpl.getOzoneFileStatusFSO(KeyManagerImpl.java:1311) ~[ozone-manager-1.4.0-SNAPSHOT.jar:?]
	at org.apache.hadoop.ozone.om.KeyManagerImpl.getFileStatus(KeyManagerImpl.java:1102) ~[ozone-manager-1.4.0-SNAPSHOT.jar:?]
	at org.apache.hadoop.ozone.om.OmMetadataReader.getFileStatus(OmMetadataReader.java:286) ~[ozone-manager-1.4.0-SNAPSHOT.jar:?]
	at org.apache.hadoop.ozone.om.OzoneManager.getFileStatus(OzoneManager.java:3500) ~[ozone-manager-1.4.0-SNAPSHOT.jar:?]
	at org.apache.hadoop.ozone.protocolPB.OzoneManagerRequestHandler.getOzoneFileStatus(OzoneManagerRequestHandler.java:958) ~[ozone-manager-1.4.0-SNAPSHOT.jar:?]
	at org.apache.hadoop.ozone.protocolPB.OzoneManagerRequestHandler.handleReadRequest(OzoneManagerRequestHandler.java:248) ~[ozone-manager-1.4.0-SNAPSHOT.jar:?]
	at org.apache.hadoop.ozone.protocolPB.OzoneManagerProtocolServerSideTranslatorPB.submitReadRequestToOM(OzoneManagerProtocolServerSideTranslatorPB.java:223) ~[ozone-manager-1.4.0-SNAPSHOT.jar:?]
	at org.apache.hadoop.ozone.protocolPB.OzoneManagerProtocolServerSideTranslatorPB.processRequest(OzoneManagerProtocolServerSideTranslatorPB.java:177) ~[ozone-manager-1.4.0-SNAPSHOT.jar:?]
	at org.apache.hadoop.hdds.server.OzoneProtocolMessageDispatcher.processRequest(OzoneProtocolMessageDispatcher.java:87) [hdds-server-framework-1.4.0-SNAPSHOT.jar:?]
	at org.apache.hadoop.ozone.protocolPB.OzoneManagerProtocolServerSideTranslatorPB.submitRequest(OzoneManagerProtocolServerSideTranslatorPB.java:147) [ozone-manager-1.4.0-SNAPSHOT.jar:?]
	at org.apache.hadoop.ozone.protocol.proto.OzoneManagerProtocolProtos$OzoneManagerService$2.callBlockingMethod(OzoneManagerProtocolProtos.java) [ozone-interface-client-1.4.0-SNAPSHOT.jar:?]
	at org.apache.hadoop.ipc.ProtobufRpcEngine$Server.processCall(ProtobufRpcEngine.java:484) [hadoop-common-3.3.6.jar:?]
	at org.apache.hadoop.ipc.ProtobufRpcEngine2$Server$ProtoBufRpcInvoker.call(ProtobufRpcEngine2.java:595) [hadoop-common-3.3.6.jar:?]
	at org.apache.hadoop.ipc.ProtobufRpcEngine2$Server$ProtoBufRpcInvoker.call(ProtobufRpcEngine2.java:573) [hadoop-common-3.3.6.jar:?]
	at org.apache.hadoop.ipc.RPC$Server.call(RPC.java:1227) [hadoop-common-3.3.6.jar:?]
	at org.apache.hadoop.ipc.Server$RpcCall.run(Server.java:1094) [hadoop-common-3.3.6.jar:?]
	at org.apache.hadoop.ipc.Server$RpcCall.run(Server.java:1017) [hadoop-common-3.3.6.jar:?]
	at java.security.AccessController.doPrivileged(Native Method) ~[?:1.8.0_372]
	at javax.security.auth.Subject.doAs(Subject.java:422) [?:1.8.0_372]
	at org.apache.hadoop.security.UserGroupInformation.doAs(UserGroupInformation.java:1899) [hadoop-common-3.3.6.jar:?]
	at org.apache.hadoop.ipc.Server$Handler.run(Server.java:3048) [hadoop-common-3.3.6.jar:?]
2023-06-28 21:19:26,071 [Time-limited test] INFO  shell.TestOzoneShellHA (TestOzoneShellHA.java:execute(212)) - Executing OzoneShell command with args [key, list, o3://om-service-test1/volumefso2/bucket2/]
]]></system-out>
  </testcase>
  <testcase name="testSetECReplicationConfigOnBucket" classname="org.apache.hadoop.ozone.shell.TestOzoneShellHA" time="1.061">
    <system-out><![CDATA[2023-06-28 21:19:26,220 [omNode-3@group-523986131536-FollowerState] INFO  server.RaftServerConfigKeys (ConfUtils.java:logFallback(53)) - raft.server.rpc.first-election.timeout.min = 1s (fallback to raft.server.rpc.timeout.min)
2023-06-28 21:19:26,220 [omNode-3@group-523986131536-FollowerState] INFO  server.RaftServerConfigKeys (ConfUtils.java:logFallback(53)) - raft.server.rpc.first-election.timeout.max = 1200ms (fallback to raft.server.rpc.timeout.max)
2023-06-28 21:19:26,840 [Time-limited test] INFO  shell.TestOzoneShellHA (TestOzoneShellHA.java:execute(212)) - Executing OzoneShell command with args [volume, create, o3://om-service-test1/volume110]
2023-06-28 21:19:26,862 [Time-limited test] INFO  rpc.RpcClient (RpcClient.java:createVolume(460)) - Creating Volume: volume110, with runner as owner and space quota set to -1 bytes, counts quota set to -1
2023-06-28 21:19:26,865 [OM StateMachine ApplyTransaction Thread - 0] INFO  volume.OMVolumeCreateRequest (OMVolumeCreateRequest.java:validateAndUpdateCache(196)) - created volume:volume110 for user:runner
2023-06-28 21:19:26,866 [Time-limited test] INFO  shell.TestOzoneShellHA (TestOzoneShellHA.java:execute(212)) - Executing OzoneShell command with args [bucket, create, /volume110/bucket0]
2023-06-28 21:19:26,877 [OM StateMachine ApplyTransaction Thread - 0] INFO  volume.OMVolumeCreateRequest (OMVolumeCreateRequest.java:validateAndUpdateCache(196)) - created volume:volume110 for user:runner
2023-06-28 21:19:26,878 [OM StateMachine ApplyTransaction Thread - 0] INFO  volume.OMVolumeCreateRequest (OMVolumeCreateRequest.java:validateAndUpdateCache(196)) - created volume:volume110 for user:runner
2023-06-28 21:19:26,883 [IPC Server handler 13 on default port 15001] INFO  ha.SequenceIdGenerator (SequenceIdGenerator.java:getNextId(128)) - Allocate a batch for delTxnId, change lastId from 0 to 1000.
2023-06-28 21:19:26,924 [Time-limited test] INFO  rpc.RpcClient (RpcClient.java:createBucket(687)) - Creating Bucket: volume110/bucket0, with server-side default bucket layout, runner as owner, Versioning false, Storage Type set to DISK and Encryption set to false, Replication Type set to server-side default replication type, Namespace Quota set to -1, Space Quota set to -1 
2023-06-28 21:19:26,927 [OM StateMachine ApplyTransaction Thread - 0] INFO  bucket.OMBucketCreateRequest (OMBucketCreateRequest.java:validateAndUpdateCache(270)) - created bucket: bucket0 of layout FILE_SYSTEM_OPTIMIZED in volume: volume110
2023-06-28 21:19:26,938 [OM StateMachine ApplyTransaction Thread - 0] INFO  bucket.OMBucketCreateRequest (OMBucketCreateRequest.java:validateAndUpdateCache(270)) - created bucket: bucket0 of layout FILE_SYSTEM_OPTIMIZED in volume: volume110
2023-06-28 21:19:26,938 [OM StateMachine ApplyTransaction Thread - 0] INFO  bucket.OMBucketCreateRequest (OMBucketCreateRequest.java:validateAndUpdateCache(270)) - created bucket: bucket0 of layout FILE_SYSTEM_OPTIMIZED in volume: volume110
2023-06-28 21:19:26,984 [Time-limited test] INFO  shell.TestOzoneShellHA (TestOzoneShellHA.java:execute(212)) - Executing OzoneShell command with args [bucket, set-replication-config, /volume110/bucket0, -t, EC, -r, rs-3-2-1024k]
2023-06-28 21:19:27,052 [IPC Server handler 8 on default port 15001] INFO  pipeline.PipelineManagerImpl (PipelineManagerImpl.java:addPipelineToManager(301)) - Added pipeline Pipeline[ Id: 117e8ced-7e6a-4eb0-94b4-c8dfaba2b621, Nodes: 68d6cd24-bd24-4fd7-81ed-64a513f0bb68(fv-az613-21.sfleub4vn5uufca0bzvsziz2ge.jx.internal.cloudapp.net/10.1.0.52)08ff75f9-1328-4943-9840-929c3a1c46cb(fv-az613-21.sfleub4vn5uufca0bzvsziz2ge.jx.internal.cloudapp.net/10.1.0.52)dafdcea3-8be0-4d1d-be6d-f6a2e26020ac(fv-az613-21.sfleub4vn5uufca0bzvsziz2ge.jx.internal.cloudapp.net/10.1.0.52)8a2b3145-2dd0-434b-a2c2-caa8e5fb0ef1(fv-az613-21.sfleub4vn5uufca0bzvsziz2ge.jx.internal.cloudapp.net/10.1.0.52)bb0e9150-086f-4512-ab04-1336b269041b(fv-az613-21.sfleub4vn5uufca0bzvsziz2ge.jx.internal.cloudapp.net/10.1.0.52), ReplicationConfig: EC{rs-3-2-1024k}, State:ALLOCATED, leaderId:, CreationTimestamp2023-06-28T21:19:27.051Z[Etc/UTC]].
2023-06-28 21:19:27,053 [IPC Server handler 8 on default port 15001] INFO  pipeline.PipelineManagerImpl (PipelineManagerImpl.java:openPipeline(443)) - Pipeline Pipeline[ Id: 117e8ced-7e6a-4eb0-94b4-c8dfaba2b621, Nodes: 68d6cd24-bd24-4fd7-81ed-64a513f0bb68(fv-az613-21.sfleub4vn5uufca0bzvsziz2ge.jx.internal.cloudapp.net/10.1.0.52)08ff75f9-1328-4943-9840-929c3a1c46cb(fv-az613-21.sfleub4vn5uufca0bzvsziz2ge.jx.internal.cloudapp.net/10.1.0.52)dafdcea3-8be0-4d1d-be6d-f6a2e26020ac(fv-az613-21.sfleub4vn5uufca0bzvsziz2ge.jx.internal.cloudapp.net/10.1.0.52)8a2b3145-2dd0-434b-a2c2-caa8e5fb0ef1(fv-az613-21.sfleub4vn5uufca0bzvsziz2ge.jx.internal.cloudapp.net/10.1.0.52)bb0e9150-086f-4512-ab04-1336b269041b(fv-az613-21.sfleub4vn5uufca0bzvsziz2ge.jx.internal.cloudapp.net/10.1.0.52), ReplicationConfig: EC{rs-3-2-1024k}, State:ALLOCATED, leaderId:, CreationTimestamp2023-06-28T21:19:27.051Z[Etc/UTC]] moved to OPEN state
2023-06-28 21:19:27,102 [Time-limited test] INFO  shell.TestOzoneShellHA (TestOzoneShellHA.java:execute(212)) - Executing OzoneShell command with args [bucket, set-replication-config, /volume110/bucket0, -t, RATIS, -r, THREE]
]]></system-out>
  </testcase>
  <testcase name="testOzoneAdminCmdList" classname="org.apache.hadoop.ozone.shell.TestOzoneShellHA" time="6.475">
    <system-out><![CDATA[2023-06-28 21:19:27,226 [omNode-3@group-523986131536-FollowerState] INFO  server.RaftServerConfigKeys (ConfUtils.java:logFallback(53)) - raft.server.rpc.first-election.timeout.min = 1s (fallback to raft.server.rpc.timeout.min)
2023-06-28 21:19:27,227 [omNode-3@group-523986131536-FollowerState] INFO  server.RaftServerConfigKeys (ConfUtils.java:logFallback(53)) - raft.server.rpc.first-election.timeout.max = 1200ms (fallback to raft.server.rpc.timeout.max)
2023-06-28 21:19:27,830 [Time-limited test] INFO  shell.TestOzoneShellHA (TestOzoneShellHA.java:execute(212)) - Executing OzoneShell command with args [volume, create, o3://om-service-test1/volume6]
2023-06-28 21:19:27,850 [Time-limited test] INFO  rpc.RpcClient (RpcClient.java:createVolume(460)) - Creating Volume: volume6, with runner as owner and space quota set to -1 bytes, counts quota set to -1
2023-06-28 21:19:27,853 [OM StateMachine ApplyTransaction Thread - 0] INFO  volume.OMVolumeCreateRequest (OMVolumeCreateRequest.java:validateAndUpdateCache(196)) - created volume:volume6 for user:runner
2023-06-28 21:19:27,854 [Time-limited test] INFO  shell.TestOzoneShellHA (TestOzoneShellHA.java:execute(212)) - Executing OzoneShell command with args [bucket, create, o3://om-service-test1/volume6/bucket]
2023-06-28 21:19:27,864 [OM StateMachine ApplyTransaction Thread - 0] INFO  volume.OMVolumeCreateRequest (OMVolumeCreateRequest.java:validateAndUpdateCache(196)) - created volume:volume6 for user:runner
2023-06-28 21:19:27,868 [OM StateMachine ApplyTransaction Thread - 0] INFO  volume.OMVolumeCreateRequest (OMVolumeCreateRequest.java:validateAndUpdateCache(196)) - created volume:volume6 for user:runner
2023-06-28 21:19:27,880 [Time-limited test] INFO  rpc.RpcClient (RpcClient.java:createBucket(687)) - Creating Bucket: volume6/bucket, with server-side default bucket layout, runner as owner, Versioning false, Storage Type set to DISK and Encryption set to false, Replication Type set to server-side default replication type, Namespace Quota set to -1, Space Quota set to -1 
2023-06-28 21:19:27,882 [OM StateMachine ApplyTransaction Thread - 0] INFO  bucket.OMBucketCreateRequest (OMBucketCreateRequest.java:validateAndUpdateCache(270)) - created bucket: bucket of layout FILE_SYSTEM_OPTIMIZED in volume: volume6
2023-06-28 21:19:27,888 [Time-limited test] INFO  shell.TestOzoneShellHA (TestOzoneShellHA.java:execute(212)) - Executing OzoneShell command with args [key, put, o3://om-service-test1/volume6/bucket/key0, /home/runner/work/ozone/ozone/hadoop-ozone/integration-test/target/test-dir/TestOzoneShellHA/testFile]
2023-06-28 21:19:27,893 [OM StateMachine ApplyTransaction Thread - 0] INFO  bucket.OMBucketCreateRequest (OMBucketCreateRequest.java:validateAndUpdateCache(270)) - created bucket: bucket of layout FILE_SYSTEM_OPTIMIZED in volume: volume6
2023-06-28 21:19:27,894 [OM StateMachine ApplyTransaction Thread - 0] INFO  bucket.OMBucketCreateRequest (OMBucketCreateRequest.java:validateAndUpdateCache(270)) - created bucket: bucket of layout FILE_SYSTEM_OPTIMIZED in volume: volume6
2023-06-28 21:19:27,946 [Time-limited test] INFO  shell.TestOzoneShellHA (TestOzoneShellHA.java:execute(212)) - Executing OzoneShell command with args [key, put, o3://om-service-test1/volume6/bucket/key1, /home/runner/work/ozone/ozone/hadoop-ozone/integration-test/target/test-dir/TestOzoneShellHA/testFile]
2023-06-28 21:19:27,997 [Time-limited test] INFO  shell.TestOzoneShellHA (TestOzoneShellHA.java:execute(212)) - Executing OzoneShell command with args [key, put, o3://om-service-test1/volume6/bucket/key2, /home/runner/work/ozone/ozone/hadoop-ozone/integration-test/target/test-dir/TestOzoneShellHA/testFile]
2023-06-28 21:19:28,063 [Time-limited test] INFO  shell.TestOzoneShellHA (TestOzoneShellHA.java:execute(212)) - Executing OzoneShell command with args [key, put, o3://om-service-test1/volume6/bucket/key3, /home/runner/work/ozone/ozone/hadoop-ozone/integration-test/target/test-dir/TestOzoneShellHA/testFile]
2023-06-28 21:19:28,115 [Time-limited test] INFO  shell.TestOzoneShellHA (TestOzoneShellHA.java:execute(212)) - Executing OzoneShell command with args [key, put, o3://om-service-test1/volume6/bucket/key4, /home/runner/work/ozone/ozone/hadoop-ozone/integration-test/target/test-dir/TestOzoneShellHA/testFile]
2023-06-28 21:19:28,177 [Time-limited test] INFO  shell.TestOzoneShellHA (TestOzoneShellHA.java:execute(212)) - Executing OzoneShell command with args [key, put, o3://om-service-test1/volume6/bucket/key5, /home/runner/work/ozone/ozone/hadoop-ozone/integration-test/target/test-dir/TestOzoneShellHA/testFile]
2023-06-28 21:19:28,227 [Time-limited test] INFO  shell.TestOzoneShellHA (TestOzoneShellHA.java:execute(212)) - Executing OzoneShell command with args [key, put, o3://om-service-test1/volume6/bucket/key6, /home/runner/work/ozone/ozone/hadoop-ozone/integration-test/target/test-dir/TestOzoneShellHA/testFile]
2023-06-28 21:19:28,282 [Time-limited test] INFO  shell.TestOzoneShellHA (TestOzoneShellHA.java:execute(212)) - Executing OzoneShell command with args [key, put, o3://om-service-test1/volume6/bucket/key7, /home/runner/work/ozone/ozone/hadoop-ozone/integration-test/target/test-dir/TestOzoneShellHA/testFile]
2023-06-28 21:19:28,331 [omNode-3@group-523986131536-FollowerState] INFO  server.RaftServerConfigKeys (ConfUtils.java:logFallback(53)) - raft.server.rpc.first-election.timeout.min = 1s (fallback to raft.server.rpc.timeout.min)
2023-06-28 21:19:28,331 [omNode-3@group-523986131536-FollowerState] INFO  server.RaftServerConfigKeys (ConfUtils.java:logFallback(53)) - raft.server.rpc.first-election.timeout.max = 1200ms (fallback to raft.server.rpc.timeout.max)
2023-06-28 21:19:28,335 [Time-limited test] INFO  shell.TestOzoneShellHA (TestOzoneShellHA.java:execute(212)) - Executing OzoneShell command with args [key, put, o3://om-service-test1/volume6/bucket/key8, /home/runner/work/ozone/ozone/hadoop-ozone/integration-test/target/test-dir/TestOzoneShellHA/testFile]
2023-06-28 21:19:28,394 [Time-limited test] INFO  shell.TestOzoneShellHA (TestOzoneShellHA.java:execute(212)) - Executing OzoneShell command with args [key, put, o3://om-service-test1/volume6/bucket/key9, /home/runner/work/ozone/ozone/hadoop-ozone/integration-test/target/test-dir/TestOzoneShellHA/testFile]
2023-06-28 21:19:28,448 [Time-limited test] INFO  shell.TestOzoneShellHA (TestOzoneShellHA.java:execute(212)) - Executing OzoneShell command with args [key, put, o3://om-service-test1/volume6/bucket/key10, /home/runner/work/ozone/ozone/hadoop-ozone/integration-test/target/test-dir/TestOzoneShellHA/testFile]
2023-06-28 21:19:28,503 [Time-limited test] INFO  shell.TestOzoneShellHA (TestOzoneShellHA.java:execute(212)) - Executing OzoneShell command with args [key, put, o3://om-service-test1/volume6/bucket/key11, /home/runner/work/ozone/ozone/hadoop-ozone/integration-test/target/test-dir/TestOzoneShellHA/testFile]
2023-06-28 21:19:28,561 [Time-limited test] INFO  shell.TestOzoneShellHA (TestOzoneShellHA.java:execute(212)) - Executing OzoneShell command with args [key, put, o3://om-service-test1/volume6/bucket/key12, /home/runner/work/ozone/ozone/hadoop-ozone/integration-test/target/test-dir/TestOzoneShellHA/testFile]
2023-06-28 21:19:28,616 [Time-limited test] INFO  shell.TestOzoneShellHA (TestOzoneShellHA.java:execute(212)) - Executing OzoneShell command with args [key, put, o3://om-service-test1/volume6/bucket/key13, /home/runner/work/ozone/ozone/hadoop-ozone/integration-test/target/test-dir/TestOzoneShellHA/testFile]
2023-06-28 21:19:28,668 [Time-limited test] INFO  shell.TestOzoneShellHA (TestOzoneShellHA.java:execute(212)) - Executing OzoneShell command with args [key, put, o3://om-service-test1/volume6/bucket/key14, /home/runner/work/ozone/ozone/hadoop-ozone/integration-test/target/test-dir/TestOzoneShellHA/testFile]
2023-06-28 21:19:28,721 [Time-limited test] INFO  shell.TestOzoneShellHA (TestOzoneShellHA.java:execute(212)) - Executing OzoneShell command with args [key, put, o3://om-service-test1/volume6/bucket/key15, /home/runner/work/ozone/ozone/hadoop-ozone/integration-test/target/test-dir/TestOzoneShellHA/testFile]
2023-06-28 21:19:28,773 [Time-limited test] INFO  shell.TestOzoneShellHA (TestOzoneShellHA.java:execute(212)) - Executing OzoneShell command with args [key, put, o3://om-service-test1/volume6/bucket/key16, /home/runner/work/ozone/ozone/hadoop-ozone/integration-test/target/test-dir/TestOzoneShellHA/testFile]
2023-06-28 21:19:28,831 [Time-limited test] INFO  shell.TestOzoneShellHA (TestOzoneShellHA.java:execute(212)) - Executing OzoneShell command with args [key, put, o3://om-service-test1/volume6/bucket/key17, /home/runner/work/ozone/ozone/hadoop-ozone/integration-test/target/test-dir/TestOzoneShellHA/testFile]
2023-06-28 21:19:28,885 [Time-limited test] INFO  shell.TestOzoneShellHA (TestOzoneShellHA.java:execute(212)) - Executing OzoneShell command with args [key, put, o3://om-service-test1/volume6/bucket/key18, /home/runner/work/ozone/ozone/hadoop-ozone/integration-test/target/test-dir/TestOzoneShellHA/testFile]
2023-06-28 21:19:28,937 [Time-limited test] INFO  shell.TestOzoneShellHA (TestOzoneShellHA.java:execute(212)) - Executing OzoneShell command with args [key, put, o3://om-service-test1/volume6/bucket/key19, /home/runner/work/ozone/ozone/hadoop-ozone/integration-test/target/test-dir/TestOzoneShellHA/testFile]
2023-06-28 21:19:28,988 [Time-limited test] INFO  shell.TestOzoneShellHA (TestOzoneShellHA.java:execute(212)) - Executing OzoneShell command with args [key, put, o3://om-service-test1/volume6/bucket/key20, /home/runner/work/ozone/ozone/hadoop-ozone/integration-test/target/test-dir/TestOzoneShellHA/testFile]
2023-06-28 21:19:29,039 [Time-limited test] INFO  shell.TestOzoneShellHA (TestOzoneShellHA.java:execute(212)) - Executing OzoneShell command with args [key, put, o3://om-service-test1/volume6/bucket/key21, /home/runner/work/ozone/ozone/hadoop-ozone/integration-test/target/test-dir/TestOzoneShellHA/testFile]
2023-06-28 21:19:29,092 [Time-limited test] INFO  shell.TestOzoneShellHA (TestOzoneShellHA.java:execute(212)) - Executing OzoneShell command with args [key, put, o3://om-service-test1/volume6/bucket/key22, /home/runner/work/ozone/ozone/hadoop-ozone/integration-test/target/test-dir/TestOzoneShellHA/testFile]
2023-06-28 21:19:29,152 [Time-limited test] INFO  shell.TestOzoneShellHA (TestOzoneShellHA.java:execute(212)) - Executing OzoneShell command with args [key, put, o3://om-service-test1/volume6/bucket/key23, /home/runner/work/ozone/ozone/hadoop-ozone/integration-test/target/test-dir/TestOzoneShellHA/testFile]
2023-06-28 21:19:29,205 [Time-limited test] INFO  shell.TestOzoneShellHA (TestOzoneShellHA.java:execute(212)) - Executing OzoneShell command with args [key, put, o3://om-service-test1/volume6/bucket/key24, /home/runner/work/ozone/ozone/hadoop-ozone/integration-test/target/test-dir/TestOzoneShellHA/testFile]
2023-06-28 21:19:29,251 [Time-limited test] INFO  shell.TestOzoneShellHA (TestOzoneShellHA.java:execute(212)) - Executing OzoneShell command with args [key, put, o3://om-service-test1/volume6/bucket/key25, /home/runner/work/ozone/ozone/hadoop-ozone/integration-test/target/test-dir/TestOzoneShellHA/testFile]
2023-06-28 21:19:29,304 [Time-limited test] INFO  shell.TestOzoneShellHA (TestOzoneShellHA.java:execute(212)) - Executing OzoneShell command with args [key, put, o3://om-service-test1/volume6/bucket/key26, /home/runner/work/ozone/ozone/hadoop-ozone/integration-test/target/test-dir/TestOzoneShellHA/testFile]
2023-06-28 21:19:29,354 [Time-limited test] INFO  shell.TestOzoneShellHA (TestOzoneShellHA.java:execute(212)) - Executing OzoneShell command with args [key, put, o3://om-service-test1/volume6/bucket/key27, /home/runner/work/ozone/ozone/hadoop-ozone/integration-test/target/test-dir/TestOzoneShellHA/testFile]
2023-06-28 21:19:29,405 [Time-limited test] INFO  shell.TestOzoneShellHA (TestOzoneShellHA.java:execute(212)) - Executing OzoneShell command with args [key, put, o3://om-service-test1/volume6/bucket/key28, /home/runner/work/ozone/ozone/hadoop-ozone/integration-test/target/test-dir/TestOzoneShellHA/testFile]
2023-06-28 21:19:29,457 [Time-limited test] INFO  shell.TestOzoneShellHA (TestOzoneShellHA.java:execute(212)) - Executing OzoneShell command with args [key, put, o3://om-service-test1/volume6/bucket/key29, /home/runner/work/ozone/ozone/hadoop-ozone/integration-test/target/test-dir/TestOzoneShellHA/testFile]
2023-06-28 21:19:29,511 [Time-limited test] INFO  shell.TestOzoneShellHA (TestOzoneShellHA.java:execute(212)) - Executing OzoneShell command with args [key, put, o3://om-service-test1/volume6/bucket/key30, /home/runner/work/ozone/ozone/hadoop-ozone/integration-test/target/test-dir/TestOzoneShellHA/testFile]
2023-06-28 21:19:29,512 [omNode-3@group-523986131536-FollowerState] INFO  server.RaftServerConfigKeys (ConfUtils.java:logFallback(53)) - raft.server.rpc.first-election.timeout.min = 1s (fallback to raft.server.rpc.timeout.min)
2023-06-28 21:19:29,512 [omNode-3@group-523986131536-FollowerState] INFO  server.RaftServerConfigKeys (ConfUtils.java:logFallback(53)) - raft.server.rpc.first-election.timeout.max = 1200ms (fallback to raft.server.rpc.timeout.max)
2023-06-28 21:19:29,562 [Time-limited test] INFO  shell.TestOzoneShellHA (TestOzoneShellHA.java:execute(212)) - Executing OzoneShell command with args [key, put, o3://om-service-test1/volume6/bucket/key31, /home/runner/work/ozone/ozone/hadoop-ozone/integration-test/target/test-dir/TestOzoneShellHA/testFile]
2023-06-28 21:19:29,615 [Time-limited test] INFO  shell.TestOzoneShellHA (TestOzoneShellHA.java:execute(212)) - Executing OzoneShell command with args [key, put, o3://om-service-test1/volume6/bucket/key32, /home/runner/work/ozone/ozone/hadoop-ozone/integration-test/target/test-dir/TestOzoneShellHA/testFile]
2023-06-28 21:19:29,669 [Time-limited test] INFO  shell.TestOzoneShellHA (TestOzoneShellHA.java:execute(212)) - Executing OzoneShell command with args [key, put, o3://om-service-test1/volume6/bucket/key33, /home/runner/work/ozone/ozone/hadoop-ozone/integration-test/target/test-dir/TestOzoneShellHA/testFile]
2023-06-28 21:19:29,722 [Time-limited test] INFO  shell.TestOzoneShellHA (TestOzoneShellHA.java:execute(212)) - Executing OzoneShell command with args [key, put, o3://om-service-test1/volume6/bucket/key34, /home/runner/work/ozone/ozone/hadoop-ozone/integration-test/target/test-dir/TestOzoneShellHA/testFile]
2023-06-28 21:19:29,778 [Time-limited test] INFO  shell.TestOzoneShellHA (TestOzoneShellHA.java:execute(212)) - Executing OzoneShell command with args [key, put, o3://om-service-test1/volume6/bucket/key35, /home/runner/work/ozone/ozone/hadoop-ozone/integration-test/target/test-dir/TestOzoneShellHA/testFile]
2023-06-28 21:19:29,830 [Time-limited test] INFO  shell.TestOzoneShellHA (TestOzoneShellHA.java:execute(212)) - Executing OzoneShell command with args [key, put, o3://om-service-test1/volume6/bucket/key36, /home/runner/work/ozone/ozone/hadoop-ozone/integration-test/target/test-dir/TestOzoneShellHA/testFile]
2023-06-28 21:19:29,880 [Time-limited test] INFO  shell.TestOzoneShellHA (TestOzoneShellHA.java:execute(212)) - Executing OzoneShell command with args [key, put, o3://om-service-test1/volume6/bucket/key37, /home/runner/work/ozone/ozone/hadoop-ozone/integration-test/target/test-dir/TestOzoneShellHA/testFile]
2023-06-28 21:19:29,932 [Time-limited test] INFO  shell.TestOzoneShellHA (TestOzoneShellHA.java:execute(212)) - Executing OzoneShell command with args [key, put, o3://om-service-test1/volume6/bucket/key38, /home/runner/work/ozone/ozone/hadoop-ozone/integration-test/target/test-dir/TestOzoneShellHA/testFile]
2023-06-28 21:19:29,978 [Time-limited test] INFO  shell.TestOzoneShellHA (TestOzoneShellHA.java:execute(212)) - Executing OzoneShell command with args [key, put, o3://om-service-test1/volume6/bucket/key39, /home/runner/work/ozone/ozone/hadoop-ozone/integration-test/target/test-dir/TestOzoneShellHA/testFile]
2023-06-28 21:19:30,035 [Time-limited test] INFO  shell.TestOzoneShellHA (TestOzoneShellHA.java:execute(212)) - Executing OzoneShell command with args [key, put, o3://om-service-test1/volume6/bucket/key40, /home/runner/work/ozone/ozone/hadoop-ozone/integration-test/target/test-dir/TestOzoneShellHA/testFile]
2023-06-28 21:19:30,094 [Time-limited test] INFO  shell.TestOzoneShellHA (TestOzoneShellHA.java:execute(212)) - Executing OzoneShell command with args [key, put, o3://om-service-test1/volume6/bucket/key41, /home/runner/work/ozone/ozone/hadoop-ozone/integration-test/target/test-dir/TestOzoneShellHA/testFile]
2023-06-28 21:19:30,150 [Time-limited test] INFO  shell.TestOzoneShellHA (TestOzoneShellHA.java:execute(212)) - Executing OzoneShell command with args [key, put, o3://om-service-test1/volume6/bucket/key42, /home/runner/work/ozone/ozone/hadoop-ozone/integration-test/target/test-dir/TestOzoneShellHA/testFile]
2023-06-28 21:19:30,199 [Time-limited test] INFO  shell.TestOzoneShellHA (TestOzoneShellHA.java:execute(212)) - Executing OzoneShell command with args [key, put, o3://om-service-test1/volume6/bucket/key43, /home/runner/work/ozone/ozone/hadoop-ozone/integration-test/target/test-dir/TestOzoneShellHA/testFile]
2023-06-28 21:19:30,248 [Time-limited test] INFO  shell.TestOzoneShellHA (TestOzoneShellHA.java:execute(212)) - Executing OzoneShell command with args [key, put, o3://om-service-test1/volume6/bucket/key44, /home/runner/work/ozone/ozone/hadoop-ozone/integration-test/target/test-dir/TestOzoneShellHA/testFile]
2023-06-28 21:19:30,298 [Time-limited test] INFO  shell.TestOzoneShellHA (TestOzoneShellHA.java:execute(212)) - Executing OzoneShell command with args [key, put, o3://om-service-test1/volume6/bucket/key45, /home/runner/work/ozone/ozone/hadoop-ozone/integration-test/target/test-dir/TestOzoneShellHA/testFile]
2023-06-28 21:19:30,349 [Time-limited test] INFO  shell.TestOzoneShellHA (TestOzoneShellHA.java:execute(212)) - Executing OzoneShell command with args [key, put, o3://om-service-test1/volume6/bucket/key46, /home/runner/work/ozone/ozone/hadoop-ozone/integration-test/target/test-dir/TestOzoneShellHA/testFile]
2023-06-28 21:19:30,399 [Time-limited test] INFO  shell.TestOzoneShellHA (TestOzoneShellHA.java:execute(212)) - Executing OzoneShell command with args [key, put, o3://om-service-test1/volume6/bucket/key47, /home/runner/work/ozone/ozone/hadoop-ozone/integration-test/target/test-dir/TestOzoneShellHA/testFile]
2023-06-28 21:19:30,453 [Time-limited test] INFO  shell.TestOzoneShellHA (TestOzoneShellHA.java:execute(212)) - Executing OzoneShell command with args [key, put, o3://om-service-test1/volume6/bucket/key48, /home/runner/work/ozone/ozone/hadoop-ozone/integration-test/target/test-dir/TestOzoneShellHA/testFile]
2023-06-28 21:19:30,504 [Time-limited test] INFO  shell.TestOzoneShellHA (TestOzoneShellHA.java:execute(212)) - Executing OzoneShell command with args [key, put, o3://om-service-test1/volume6/bucket/key49, /home/runner/work/ozone/ozone/hadoop-ozone/integration-test/target/test-dir/TestOzoneShellHA/testFile]
2023-06-28 21:19:30,556 [Time-limited test] INFO  shell.TestOzoneShellHA (TestOzoneShellHA.java:execute(212)) - Executing OzoneShell command with args [key, put, o3://om-service-test1/volume6/bucket/key50, /home/runner/work/ozone/ozone/hadoop-ozone/integration-test/target/test-dir/TestOzoneShellHA/testFile]
2023-06-28 21:19:30,613 [Time-limited test] INFO  shell.TestOzoneShellHA (TestOzoneShellHA.java:execute(212)) - Executing OzoneShell command with args [key, put, o3://om-service-test1/volume6/bucket/key51, /home/runner/work/ozone/ozone/hadoop-ozone/integration-test/target/test-dir/TestOzoneShellHA/testFile]
2023-06-28 21:19:30,667 [Time-limited test] INFO  shell.TestOzoneShellHA (TestOzoneShellHA.java:execute(212)) - Executing OzoneShell command with args [key, put, o3://om-service-test1/volume6/bucket/key52, /home/runner/work/ozone/ozone/hadoop-ozone/integration-test/target/test-dir/TestOzoneShellHA/testFile]
2023-06-28 21:19:30,672 [omNode-3@group-523986131536-FollowerState] INFO  server.RaftServerConfigKeys (ConfUtils.java:logFallback(53)) - raft.server.rpc.first-election.timeout.min = 1s (fallback to raft.server.rpc.timeout.min)
2023-06-28 21:19:30,672 [omNode-3@group-523986131536-FollowerState] INFO  server.RaftServerConfigKeys (ConfUtils.java:logFallback(53)) - raft.server.rpc.first-election.timeout.max = 1200ms (fallback to raft.server.rpc.timeout.max)
2023-06-28 21:19:30,719 [Time-limited test] INFO  shell.TestOzoneShellHA (TestOzoneShellHA.java:execute(212)) - Executing OzoneShell command with args [key, put, o3://om-service-test1/volume6/bucket/key53, /home/runner/work/ozone/ozone/hadoop-ozone/integration-test/target/test-dir/TestOzoneShellHA/testFile]
2023-06-28 21:19:30,774 [Time-limited test] INFO  shell.TestOzoneShellHA (TestOzoneShellHA.java:execute(212)) - Executing OzoneShell command with args [key, put, o3://om-service-test1/volume6/bucket/key54, /home/runner/work/ozone/ozone/hadoop-ozone/integration-test/target/test-dir/TestOzoneShellHA/testFile]
2023-06-28 21:19:30,828 [Time-limited test] INFO  shell.TestOzoneShellHA (TestOzoneShellHA.java:execute(212)) - Executing OzoneShell command with args [key, put, o3://om-service-test1/volume6/bucket/key55, /home/runner/work/ozone/ozone/hadoop-ozone/integration-test/target/test-dir/TestOzoneShellHA/testFile]
2023-06-28 21:19:30,879 [Time-limited test] INFO  shell.TestOzoneShellHA (TestOzoneShellHA.java:execute(212)) - Executing OzoneShell command with args [key, put, o3://om-service-test1/volume6/bucket/key56, /home/runner/work/ozone/ozone/hadoop-ozone/integration-test/target/test-dir/TestOzoneShellHA/testFile]
2023-06-28 21:19:31,038 [Time-limited test] INFO  shell.TestOzoneShellHA (TestOzoneShellHA.java:execute(212)) - Executing OzoneShell command with args [key, put, o3://om-service-test1/volume6/bucket/key57, /home/runner/work/ozone/ozone/hadoop-ozone/integration-test/target/test-dir/TestOzoneShellHA/testFile]
2023-06-28 21:19:31,089 [Time-limited test] INFO  shell.TestOzoneShellHA (TestOzoneShellHA.java:execute(212)) - Executing OzoneShell command with args [key, put, o3://om-service-test1/volume6/bucket/key58, /home/runner/work/ozone/ozone/hadoop-ozone/integration-test/target/test-dir/TestOzoneShellHA/testFile]
2023-06-28 21:19:31,141 [Time-limited test] INFO  shell.TestOzoneShellHA (TestOzoneShellHA.java:execute(212)) - Executing OzoneShell command with args [key, put, o3://om-service-test1/volume6/bucket/key59, /home/runner/work/ozone/ozone/hadoop-ozone/integration-test/target/test-dir/TestOzoneShellHA/testFile]
2023-06-28 21:19:31,193 [Time-limited test] INFO  shell.TestOzoneShellHA (TestOzoneShellHA.java:execute(212)) - Executing OzoneShell command with args [key, put, o3://om-service-test1/volume6/bucket/key60, /home/runner/work/ozone/ozone/hadoop-ozone/integration-test/target/test-dir/TestOzoneShellHA/testFile]
2023-06-28 21:19:31,245 [Time-limited test] INFO  shell.TestOzoneShellHA (TestOzoneShellHA.java:execute(212)) - Executing OzoneShell command with args [key, put, o3://om-service-test1/volume6/bucket/key61, /home/runner/work/ozone/ozone/hadoop-ozone/integration-test/target/test-dir/TestOzoneShellHA/testFile]
2023-06-28 21:19:31,300 [Time-limited test] INFO  shell.TestOzoneShellHA (TestOzoneShellHA.java:execute(212)) - Executing OzoneShell command with args [key, put, o3://om-service-test1/volume6/bucket/key62, /home/runner/work/ozone/ozone/hadoop-ozone/integration-test/target/test-dir/TestOzoneShellHA/testFile]
2023-06-28 21:19:31,350 [Time-limited test] INFO  shell.TestOzoneShellHA (TestOzoneShellHA.java:execute(212)) - Executing OzoneShell command with args [key, put, o3://om-service-test1/volume6/bucket/key63, /home/runner/work/ozone/ozone/hadoop-ozone/integration-test/target/test-dir/TestOzoneShellHA/testFile]
2023-06-28 21:19:31,401 [Time-limited test] INFO  shell.TestOzoneShellHA (TestOzoneShellHA.java:execute(212)) - Executing OzoneShell command with args [key, put, o3://om-service-test1/volume6/bucket/key64, /home/runner/work/ozone/ozone/hadoop-ozone/integration-test/target/test-dir/TestOzoneShellHA/testFile]
2023-06-28 21:19:31,451 [Time-limited test] INFO  shell.TestOzoneShellHA (TestOzoneShellHA.java:execute(212)) - Executing OzoneShell command with args [key, put, o3://om-service-test1/volume6/bucket/key65, /home/runner/work/ozone/ozone/hadoop-ozone/integration-test/target/test-dir/TestOzoneShellHA/testFile]
2023-06-28 21:19:31,504 [Time-limited test] INFO  shell.TestOzoneShellHA (TestOzoneShellHA.java:execute(212)) - Executing OzoneShell command with args [key, put, o3://om-service-test1/volume6/bucket/key66, /home/runner/work/ozone/ozone/hadoop-ozone/integration-test/target/test-dir/TestOzoneShellHA/testFile]
2023-06-28 21:19:31,555 [Time-limited test] INFO  shell.TestOzoneShellHA (TestOzoneShellHA.java:execute(212)) - Executing OzoneShell command with args [key, put, o3://om-service-test1/volume6/bucket/key67, /home/runner/work/ozone/ozone/hadoop-ozone/integration-test/target/test-dir/TestOzoneShellHA/testFile]
2023-06-28 21:19:31,605 [Time-limited test] INFO  shell.TestOzoneShellHA (TestOzoneShellHA.java:execute(212)) - Executing OzoneShell command with args [key, put, o3://om-service-test1/volume6/bucket/key68, /home/runner/work/ozone/ozone/hadoop-ozone/integration-test/target/test-dir/TestOzoneShellHA/testFile]
2023-06-28 21:19:31,656 [Time-limited test] INFO  shell.TestOzoneShellHA (TestOzoneShellHA.java:execute(212)) - Executing OzoneShell command with args [key, put, o3://om-service-test1/volume6/bucket/key69, /home/runner/work/ozone/ozone/hadoop-ozone/integration-test/target/test-dir/TestOzoneShellHA/testFile]
2023-06-28 21:19:31,710 [Time-limited test] INFO  shell.TestOzoneShellHA (TestOzoneShellHA.java:execute(212)) - Executing OzoneShell command with args [key, put, o3://om-service-test1/volume6/bucket/key70, /home/runner/work/ozone/ozone/hadoop-ozone/integration-test/target/test-dir/TestOzoneShellHA/testFile]
2023-06-28 21:19:31,725 [omNode-3@group-523986131536-FollowerState] INFO  server.RaftServerConfigKeys (ConfUtils.java:logFallback(53)) - raft.server.rpc.first-election.timeout.min = 1s (fallback to raft.server.rpc.timeout.min)
2023-06-28 21:19:31,725 [omNode-3@group-523986131536-FollowerState] INFO  server.RaftServerConfigKeys (ConfUtils.java:logFallback(53)) - raft.server.rpc.first-election.timeout.max = 1200ms (fallback to raft.server.rpc.timeout.max)
2023-06-28 21:19:31,764 [Time-limited test] INFO  shell.TestOzoneShellHA (TestOzoneShellHA.java:execute(212)) - Executing OzoneShell command with args [key, put, o3://om-service-test1/volume6/bucket/key71, /home/runner/work/ozone/ozone/hadoop-ozone/integration-test/target/test-dir/TestOzoneShellHA/testFile]
2023-06-28 21:19:31,818 [Time-limited test] INFO  shell.TestOzoneShellHA (TestOzoneShellHA.java:execute(212)) - Executing OzoneShell command with args [key, put, o3://om-service-test1/volume6/bucket/key72, /home/runner/work/ozone/ozone/hadoop-ozone/integration-test/target/test-dir/TestOzoneShellHA/testFile]
2023-06-28 21:19:31,868 [Time-limited test] INFO  shell.TestOzoneShellHA (TestOzoneShellHA.java:execute(212)) - Executing OzoneShell command with args [key, put, o3://om-service-test1/volume6/bucket/key73, /home/runner/work/ozone/ozone/hadoop-ozone/integration-test/target/test-dir/TestOzoneShellHA/testFile]
2023-06-28 21:19:31,918 [Time-limited test] INFO  shell.TestOzoneShellHA (TestOzoneShellHA.java:execute(212)) - Executing OzoneShell command with args [key, put, o3://om-service-test1/volume6/bucket/key74, /home/runner/work/ozone/ozone/hadoop-ozone/integration-test/target/test-dir/TestOzoneShellHA/testFile]
2023-06-28 21:19:31,976 [Time-limited test] INFO  shell.TestOzoneShellHA (TestOzoneShellHA.java:execute(212)) - Executing OzoneShell command with args [key, put, o3://om-service-test1/volume6/bucket/key75, /home/runner/work/ozone/ozone/hadoop-ozone/integration-test/target/test-dir/TestOzoneShellHA/testFile]
2023-06-28 21:19:32,031 [Time-limited test] INFO  shell.TestOzoneShellHA (TestOzoneShellHA.java:execute(212)) - Executing OzoneShell command with args [key, put, o3://om-service-test1/volume6/bucket/key76, /home/runner/work/ozone/ozone/hadoop-ozone/integration-test/target/test-dir/TestOzoneShellHA/testFile]
2023-06-28 21:19:32,083 [Time-limited test] INFO  shell.TestOzoneShellHA (TestOzoneShellHA.java:execute(212)) - Executing OzoneShell command with args [key, put, o3://om-service-test1/volume6/bucket/key77, /home/runner/work/ozone/ozone/hadoop-ozone/integration-test/target/test-dir/TestOzoneShellHA/testFile]
2023-06-28 21:19:32,135 [Time-limited test] INFO  shell.TestOzoneShellHA (TestOzoneShellHA.java:execute(212)) - Executing OzoneShell command with args [key, put, o3://om-service-test1/volume6/bucket/key78, /home/runner/work/ozone/ozone/hadoop-ozone/integration-test/target/test-dir/TestOzoneShellHA/testFile]
2023-06-28 21:19:32,189 [Time-limited test] INFO  shell.TestOzoneShellHA (TestOzoneShellHA.java:execute(212)) - Executing OzoneShell command with args [key, put, o3://om-service-test1/volume6/bucket/key79, /home/runner/work/ozone/ozone/hadoop-ozone/integration-test/target/test-dir/TestOzoneShellHA/testFile]
2023-06-28 21:19:32,244 [Time-limited test] INFO  shell.TestOzoneShellHA (TestOzoneShellHA.java:execute(212)) - Executing OzoneShell command with args [key, put, o3://om-service-test1/volume6/bucket/key80, /home/runner/work/ozone/ozone/hadoop-ozone/integration-test/target/test-dir/TestOzoneShellHA/testFile]
2023-06-28 21:19:32,296 [Time-limited test] INFO  shell.TestOzoneShellHA (TestOzoneShellHA.java:execute(212)) - Executing OzoneShell command with args [key, put, o3://om-service-test1/volume6/bucket/key81, /home/runner/work/ozone/ozone/hadoop-ozone/integration-test/target/test-dir/TestOzoneShellHA/testFile]
2023-06-28 21:19:32,347 [Time-limited test] INFO  shell.TestOzoneShellHA (TestOzoneShellHA.java:execute(212)) - Executing OzoneShell command with args [key, put, o3://om-service-test1/volume6/bucket/key82, /home/runner/work/ozone/ozone/hadoop-ozone/integration-test/target/test-dir/TestOzoneShellHA/testFile]
2023-06-28 21:19:32,401 [Time-limited test] INFO  shell.TestOzoneShellHA (TestOzoneShellHA.java:execute(212)) - Executing OzoneShell command with args [key, put, o3://om-service-test1/volume6/bucket/key83, /home/runner/work/ozone/ozone/hadoop-ozone/integration-test/target/test-dir/TestOzoneShellHA/testFile]
2023-06-28 21:19:32,454 [Time-limited test] INFO  shell.TestOzoneShellHA (TestOzoneShellHA.java:execute(212)) - Executing OzoneShell command with args [key, put, o3://om-service-test1/volume6/bucket/key84, /home/runner/work/ozone/ozone/hadoop-ozone/integration-test/target/test-dir/TestOzoneShellHA/testFile]
2023-06-28 21:19:32,517 [Time-limited test] INFO  shell.TestOzoneShellHA (TestOzoneShellHA.java:execute(212)) - Executing OzoneShell command with args [key, put, o3://om-service-test1/volume6/bucket/key85, /home/runner/work/ozone/ozone/hadoop-ozone/integration-test/target/test-dir/TestOzoneShellHA/testFile]
2023-06-28 21:19:32,598 [Time-limited test] INFO  shell.TestOzoneShellHA (TestOzoneShellHA.java:execute(212)) - Executing OzoneShell command with args [key, put, o3://om-service-test1/volume6/bucket/key86, /home/runner/work/ozone/ozone/hadoop-ozone/integration-test/target/test-dir/TestOzoneShellHA/testFile]
2023-06-28 21:19:32,650 [Time-limited test] INFO  shell.TestOzoneShellHA (TestOzoneShellHA.java:execute(212)) - Executing OzoneShell command with args [key, put, o3://om-service-test1/volume6/bucket/key87, /home/runner/work/ozone/ozone/hadoop-ozone/integration-test/target/test-dir/TestOzoneShellHA/testFile]
2023-06-28 21:19:32,701 [Time-limited test] INFO  shell.TestOzoneShellHA (TestOzoneShellHA.java:execute(212)) - Executing OzoneShell command with args [key, put, o3://om-service-test1/volume6/bucket/key88, /home/runner/work/ozone/ozone/hadoop-ozone/integration-test/target/test-dir/TestOzoneShellHA/testFile]
2023-06-28 21:19:32,757 [Time-limited test] INFO  shell.TestOzoneShellHA (TestOzoneShellHA.java:execute(212)) - Executing OzoneShell command with args [key, put, o3://om-service-test1/volume6/bucket/key89, /home/runner/work/ozone/ozone/hadoop-ozone/integration-test/target/test-dir/TestOzoneShellHA/testFile]
2023-06-28 21:19:32,811 [Time-limited test] INFO  shell.TestOzoneShellHA (TestOzoneShellHA.java:execute(212)) - Executing OzoneShell command with args [key, put, o3://om-service-test1/volume6/bucket/key90, /home/runner/work/ozone/ozone/hadoop-ozone/integration-test/target/test-dir/TestOzoneShellHA/testFile]
2023-06-28 21:19:32,843 [omNode-3@group-523986131536-FollowerState] INFO  server.RaftServerConfigKeys (ConfUtils.java:logFallback(53)) - raft.server.rpc.first-election.timeout.min = 1s (fallback to raft.server.rpc.timeout.min)
2023-06-28 21:19:32,844 [omNode-3@group-523986131536-FollowerState] INFO  server.RaftServerConfigKeys (ConfUtils.java:logFallback(53)) - raft.server.rpc.first-election.timeout.max = 1200ms (fallback to raft.server.rpc.timeout.max)
2023-06-28 21:19:32,862 [Time-limited test] INFO  shell.TestOzoneShellHA (TestOzoneShellHA.java:execute(212)) - Executing OzoneShell command with args [key, put, o3://om-service-test1/volume6/bucket/key91, /home/runner/work/ozone/ozone/hadoop-ozone/integration-test/target/test-dir/TestOzoneShellHA/testFile]
2023-06-28 21:19:32,917 [Time-limited test] INFO  shell.TestOzoneShellHA (TestOzoneShellHA.java:execute(212)) - Executing OzoneShell command with args [key, put, o3://om-service-test1/volume6/bucket/key92, /home/runner/work/ozone/ozone/hadoop-ozone/integration-test/target/test-dir/TestOzoneShellHA/testFile]
2023-06-28 21:19:32,967 [Time-limited test] INFO  shell.TestOzoneShellHA (TestOzoneShellHA.java:execute(212)) - Executing OzoneShell command with args [key, put, o3://om-service-test1/volume6/bucket/key93, /home/runner/work/ozone/ozone/hadoop-ozone/integration-test/target/test-dir/TestOzoneShellHA/testFile]
2023-06-28 21:19:33,027 [Time-limited test] INFO  shell.TestOzoneShellHA (TestOzoneShellHA.java:execute(212)) - Executing OzoneShell command with args [key, put, o3://om-service-test1/volume6/bucket/key94, /home/runner/work/ozone/ozone/hadoop-ozone/integration-test/target/test-dir/TestOzoneShellHA/testFile]
2023-06-28 21:19:33,075 [Time-limited test] INFO  shell.TestOzoneShellHA (TestOzoneShellHA.java:execute(212)) - Executing OzoneShell command with args [key, put, o3://om-service-test1/volume6/bucket/key95, /home/runner/work/ozone/ozone/hadoop-ozone/integration-test/target/test-dir/TestOzoneShellHA/testFile]
2023-06-28 21:19:33,125 [Time-limited test] INFO  shell.TestOzoneShellHA (TestOzoneShellHA.java:execute(212)) - Executing OzoneShell command with args [key, put, o3://om-service-test1/volume6/bucket/key96, /home/runner/work/ozone/ozone/hadoop-ozone/integration-test/target/test-dir/TestOzoneShellHA/testFile]
2023-06-28 21:19:33,156 [BlockDeletingService#0] INFO  interfaces.ContainerDeletionChoosingPolicyTemplate (ContainerDeletionChoosingPolicyTemplate.java:chooseContainerForBlockDeletion(83)) - Chosen 0/5000 blocks from 0 candidate containers.
2023-06-28 21:19:33,184 [Time-limited test] INFO  shell.TestOzoneShellHA (TestOzoneShellHA.java:execute(212)) - Executing OzoneShell command with args [key, put, o3://om-service-test1/volume6/bucket/key97, /home/runner/work/ozone/ozone/hadoop-ozone/integration-test/target/test-dir/TestOzoneShellHA/testFile]
2023-06-28 21:19:33,240 [Time-limited test] INFO  shell.TestOzoneShellHA (TestOzoneShellHA.java:execute(212)) - Executing OzoneShell command with args [key, put, o3://om-service-test1/volume6/bucket/key98, /home/runner/work/ozone/ozone/hadoop-ozone/integration-test/target/test-dir/TestOzoneShellHA/testFile]
2023-06-28 21:19:33,295 [Time-limited test] INFO  shell.TestOzoneShellHA (TestOzoneShellHA.java:execute(212)) - Executing OzoneShell command with args [key, put, o3://om-service-test1/volume6/bucket/key99, /home/runner/work/ozone/ozone/hadoop-ozone/integration-test/target/test-dir/TestOzoneShellHA/testFile]
2023-06-28 21:19:33,352 [Time-limited test] INFO  shell.TestOzoneShellHA (TestOzoneShellHA.java:execute(212)) - Executing OzoneShell command with args [container, list, --scm, localhost:15000, --state=OPEN]
2023-06-28 21:19:33,501 [BlockDeletingService#0] INFO  interfaces.ContainerDeletionChoosingPolicyTemplate (ContainerDeletionChoosingPolicyTemplate.java:chooseContainerForBlockDeletion(83)) - Chosen 0/5000 blocks from 0 candidate containers.
2023-06-28 21:19:33,557 [Time-limited test] INFO  container.ListSubcommand (ListSubcommand.java:outputContainerInfo(97)) - {
  "state" : "OPEN",
  "stateEnterTime" : "2023-06-28T21:18:57.133Z",
  "replicationConfig" : {
    "data" : 3,
    "parity" : 2,
    "ecChunkSize" : 1048576,
    "codec" : "RS"
  },
  "usedBytes" : 0,
  "numberOfKeys" : 0,
  "lastUsed" : "2023-06-28T21:19:33.552Z",
  "owner" : "omNode-1",
  "containerID" : 5,
  "deleteTransactionId" : 5,
  "sequenceId" : 0,
  "deleted" : false,
  "open" : true
}
2023-06-28 21:19:33,557 [Time-limited test] INFO  container.ListSubcommand (ListSubcommand.java:outputContainerInfo(97)) - {
  "state" : "OPEN",
  "stateEnterTime" : "2023-06-28T21:19:27.052Z",
  "replicationConfig" : {
    "data" : 3,
    "parity" : 2,
    "ecChunkSize" : 1048576,
    "codec" : "RS"
  },
  "usedBytes" : 0,
  "numberOfKeys" : 0,
  "lastUsed" : "2023-06-28T21:19:33.552Z",
  "owner" : "omNode-1",
  "containerID" : 6,
  "deleteTransactionId" : 0,
  "sequenceId" : 0,
  "deleted" : false,
  "open" : true
}
2023-06-28 21:19:33,559 [Time-limited test] INFO  container.ListSubcommand (ListSubcommand.java:outputContainerInfo(97)) - {
  "state" : "OPEN",
  "stateEnterTime" : "2023-06-28T21:18:46.740Z",
  "replicationConfig" : {
    "replicationFactor" : "THREE",
    "replicationType" : "RATIS"
  },
  "usedBytes" : 0,
  "numberOfKeys" : 0,
  "lastUsed" : "2023-06-28T21:19:33.552Z",
  "owner" : "omNode-1",
  "containerID" : 1,
  "deleteTransactionId" : 1,
  "sequenceId" : 0,
  "deleted" : false,
  "open" : true
}
2023-06-28 21:19:33,559 [Time-limited test] INFO  container.ListSubcommand (ListSubcommand.java:outputContainerInfo(97)) - {
  "state" : "OPEN",
  "stateEnterTime" : "2023-06-28T21:18:48.761Z",
  "replicationConfig" : {
    "replicationFactor" : "THREE",
    "replicationType" : "RATIS"
  },
  "usedBytes" : 0,
  "numberOfKeys" : 0,
  "lastUsed" : "2023-06-28T21:19:33.552Z",
  "owner" : "omNode-1",
  "containerID" : 4,
  "deleteTransactionId" : 4,
  "sequenceId" : 0,
  "deleted" : false,
  "open" : true
}
2023-06-28 21:19:33,560 [Time-limited test] INFO  container.ListSubcommand (ListSubcommand.java:outputContainerInfo(97)) - {
  "state" : "OPEN",
  "stateEnterTime" : "2023-06-28T21:18:48.349Z",
  "replicationConfig" : {
    "replicationFactor" : "THREE",
    "replicationType" : "RATIS"
  },
  "usedBytes" : 0,
  "numberOfKeys" : 0,
  "lastUsed" : "2023-06-28T21:19:33.552Z",
  "owner" : "omNode-1",
  "containerID" : 3,
  "deleteTransactionId" : 3,
  "sequenceId" : 0,
  "deleted" : false,
  "open" : true
}
2023-06-28 21:19:33,560 [Time-limited test] INFO  container.ListSubcommand (ListSubcommand.java:outputContainerInfo(97)) - {
  "state" : "OPEN",
  "stateEnterTime" : "2023-06-28T21:18:47.077Z",
  "replicationConfig" : {
    "replicationFactor" : "THREE",
    "replicationType" : "RATIS"
  },
  "usedBytes" : 0,
  "numberOfKeys" : 0,
  "lastUsed" : "2023-06-28T21:19:33.552Z",
  "owner" : "omNode-1",
  "containerID" : 2,
  "deleteTransactionId" : 2,
  "sequenceId" : 0,
  "deleted" : false,
  "open" : true
}
2023-06-28 21:19:33,560 [Time-limited test] INFO  shell.TestOzoneShellHA (TestOzoneShellHA.java:execute(212)) - Executing OzoneShell command with args [container, list, --scm, localhost:15000, --state=CLOSED]
2023-06-28 21:19:33,580 [Time-limited test] INFO  shell.TestOzoneShellHA (TestOzoneShellHA.java:execute(212)) - Executing OzoneShell command with args [container, list, --scm, localhost:15000, --replication=THREE, --type=RATIS]
2023-06-28 21:19:33,617 [Time-limited test] INFO  container.ListSubcommand (ListSubcommand.java:outputContainerInfo(97)) - {
  "state" : "OPEN",
  "stateEnterTime" : "2023-06-28T21:18:46.740Z",
  "replicationConfig" : {
    "replicationFactor" : "THREE",
    "replicationType" : "RATIS"
  },
  "usedBytes" : 0,
  "numberOfKeys" : 0,
  "lastUsed" : "2023-06-28T21:19:33.617Z",
  "owner" : "omNode-1",
  "containerID" : 1,
  "deleteTransactionId" : 1,
  "sequenceId" : 0,
  "deleted" : false,
  "open" : true
}
2023-06-28 21:19:33,617 [Time-limited test] INFO  container.ListSubcommand (ListSubcommand.java:outputContainerInfo(97)) - {
  "state" : "OPEN",
  "stateEnterTime" : "2023-06-28T21:18:48.761Z",
  "replicationConfig" : {
    "replicationFactor" : "THREE",
    "replicationType" : "RATIS"
  },
  "usedBytes" : 0,
  "numberOfKeys" : 0,
  "lastUsed" : "2023-06-28T21:19:33.617Z",
  "owner" : "omNode-1",
  "containerID" : 4,
  "deleteTransactionId" : 4,
  "sequenceId" : 0,
  "deleted" : false,
  "open" : true
}
2023-06-28 21:19:33,617 [Time-limited test] INFO  container.ListSubcommand (ListSubcommand.java:outputContainerInfo(97)) - {
  "state" : "OPEN",
  "stateEnterTime" : "2023-06-28T21:18:48.349Z",
  "replicationConfig" : {
    "replicationFactor" : "THREE",
    "replicationType" : "RATIS"
  },
  "usedBytes" : 0,
  "numberOfKeys" : 0,
  "lastUsed" : "2023-06-28T21:19:33.617Z",
  "owner" : "omNode-1",
  "containerID" : 3,
  "deleteTransactionId" : 3,
  "sequenceId" : 0,
  "deleted" : false,
  "open" : true
}
2023-06-28 21:19:33,617 [Time-limited test] INFO  container.ListSubcommand (ListSubcommand.java:outputContainerInfo(97)) - {
  "state" : "OPEN",
  "stateEnterTime" : "2023-06-28T21:18:47.077Z",
  "replicationConfig" : {
    "replicationFactor" : "THREE",
    "replicationType" : "RATIS"
  },
  "usedBytes" : 0,
  "numberOfKeys" : 0,
  "lastUsed" : "2023-06-28T21:19:33.617Z",
  "owner" : "omNode-1",
  "containerID" : 2,
  "deleteTransactionId" : 2,
  "sequenceId" : 0,
  "deleted" : false,
  "open" : true
}
2023-06-28 21:19:33,617 [Time-limited test] INFO  shell.TestOzoneShellHA (TestOzoneShellHA.java:execute(212)) - Executing OzoneShell command with args [container, list, --scm, localhost:15000, --replication=ONE, --type=RATIS]
]]></system-out>
  </testcase>
  <testcase name="testRecursiveVolumeDelete" classname="org.apache.hadoop.ozone.shell.TestOzoneShellHA" time="12.448">
    <error type="picocli.CommandLine$ExecutionException"><![CDATA[picocli.CommandLine$ExecutionException: Error while calling command (org.apache.hadoop.ozone.shell.volume.DeleteVolumeHandler@70e6dbf2): VOLUME_NOT_EMPTY org.apache.hadoop.ozone.om.exceptions.OMException: 
	at picocli.CommandLine.executeUserObject(CommandLine.java:1962)
	at picocli.CommandLine.access$1300(CommandLine.java:145)
	at picocli.CommandLine$RunLast.executeUserObjectOfLastSubcommandWithSameParent(CommandLine.java:2352)
	at picocli.CommandLine$RunLast.handle(CommandLine.java:2346)
	at picocli.CommandLine$RunLast.handle(CommandLine.java:2311)
	at picocli.CommandLine$AbstractParseResultHandler.handleParseResult(CommandLine.java:2172)
	at picocli.CommandLine.parseWithHandlers(CommandLine.java:2550)
	at org.apache.hadoop.ozone.shell.TestOzoneShellHA.execute(TestOzoneShellHA.java:234)
	at org.apache.hadoop.ozone.shell.TestOzoneShellHA.testRecursiveVolumeDelete(TestOzoneShellHA.java:1579)
	at sun.reflect.NativeMethodAccessorImpl.invoke0(Native Method)
	at sun.reflect.NativeMethodAccessorImpl.invoke(NativeMethodAccessorImpl.java:62)
	at sun.reflect.DelegatingMethodAccessorImpl.invoke(DelegatingMethodAccessorImpl.java:43)
	at java.lang.reflect.Method.invoke(Method.java:498)
	at org.junit.runners.model.FrameworkMethod$1.runReflectiveCall(FrameworkMethod.java:59)
	at org.junit.internal.runners.model.ReflectiveCallable.run(ReflectiveCallable.java:12)
	at org.junit.runners.model.FrameworkMethod.invokeExplosively(FrameworkMethod.java:56)
	at org.junit.internal.runners.statements.InvokeMethod.evaluate(InvokeMethod.java:17)
	at org.junit.internal.runners.statements.RunBefores.evaluate(RunBefores.java:26)
	at org.junit.internal.runners.statements.RunAfters.evaluate(RunAfters.java:27)
	at org.junit.internal.runners.statements.FailOnTimeout$CallableStatement.call(FailOnTimeout.java:288)
	at org.junit.internal.runners.statements.FailOnTimeout$CallableStatement.call(FailOnTimeout.java:282)
	at java.util.concurrent.FutureTask.run(FutureTask.java:266)
	at java.lang.Thread.run(Thread.java:750)
Caused by: VOLUME_NOT_EMPTY org.apache.hadoop.ozone.om.exceptions.OMException: 
	at org.apache.hadoop.ozone.om.protocolPB.OzoneManagerProtocolClientSideTranslatorPB.handleError(OzoneManagerProtocolClientSideTranslatorPB.java:713)
	at org.apache.hadoop.ozone.om.protocolPB.OzoneManagerProtocolClientSideTranslatorPB.deleteVolume(OzoneManagerProtocolClientSideTranslatorPB.java:447)
	at org.apache.hadoop.ozone.client.rpc.RpcClient.deleteVolume(RpcClient.java:546)
	at org.apache.hadoop.ozone.client.ObjectStore.deleteVolume(ObjectStore.java:389)
	at org.apache.hadoop.ozone.shell.volume.DeleteVolumeHandler.execute(DeleteVolumeHandler.java:130)
	at org.apache.hadoop.ozone.shell.Handler.call(Handler.java:98)
	at org.apache.hadoop.ozone.shell.Handler.call(Handler.java:44)
	at picocli.CommandLine.executeUserObject(CommandLine.java:1953)
	... 22 more
]]></error>
    <system-out><![CDATA[2023-06-28 21:19:33,838 [BlockDeletingService#0] INFO  interfaces.ContainerDeletionChoosingPolicyTemplate (ContainerDeletionChoosingPolicyTemplate.java:chooseContainerForBlockDeletion(83)) - Chosen 0/5000 blocks from 0 candidate containers.
2023-06-28 21:19:34,012 [omNode-3@group-523986131536-FollowerState] INFO  server.RaftServerConfigKeys (ConfUtils.java:logFallback(53)) - raft.server.rpc.first-election.timeout.min = 1s (fallback to raft.server.rpc.timeout.min)
2023-06-28 21:19:34,012 [omNode-3@group-523986131536-FollowerState] INFO  server.RaftServerConfigKeys (ConfUtils.java:logFallback(53)) - raft.server.rpc.first-election.timeout.max = 1200ms (fallback to raft.server.rpc.timeout.max)
2023-06-28 21:19:34,199 [BlockDeletingService#0] INFO  interfaces.ContainerDeletionChoosingPolicyTemplate (ContainerDeletionChoosingPolicyTemplate.java:chooseContainerForBlockDeletion(83)) - Chosen 0/5000 blocks from 0 candidate containers.
2023-06-28 21:19:34,247 [Time-limited test] INFO  shell.TestOzoneShellHA (TestOzoneShellHA.java:execute(212)) - Executing OzoneShell command with args [volume, create, o3://om-service-test1/volume10]
2023-06-28 21:19:34,270 [Time-limited test] INFO  rpc.RpcClient (RpcClient.java:createVolume(460)) - Creating Volume: volume10, with runner as owner and space quota set to -1 bytes, counts quota set to -1
2023-06-28 21:19:34,272 [OM StateMachine ApplyTransaction Thread - 0] INFO  volume.OMVolumeCreateRequest (OMVolumeCreateRequest.java:validateAndUpdateCache(196)) - created volume:volume10 for user:runner
2023-06-28 21:19:34,273 [Time-limited test] INFO  shell.TestOzoneShellHA (TestOzoneShellHA.java:execute(212)) - Executing OzoneShell command with args [bucket, create, o3://om-service-test1/volume10/bucketfso, --layout, FILE_SYSTEM_OPTIMIZED]
2023-06-28 21:19:34,282 [OM StateMachine ApplyTransaction Thread - 0] INFO  volume.OMVolumeCreateRequest (OMVolumeCreateRequest.java:validateAndUpdateCache(196)) - created volume:volume10 for user:runner
2023-06-28 21:19:34,296 [Time-limited test] INFO  rpc.RpcClient (RpcClient.java:createBucket(687)) - Creating Bucket: volume10/bucketfso, with bucket layout FILE_SYSTEM_OPTIMIZED, runner as owner, Versioning false, Storage Type set to DISK and Encryption set to false, Replication Type set to server-side default replication type, Namespace Quota set to -1, Space Quota set to -1 
2023-06-28 21:19:34,305 [OM StateMachine ApplyTransaction Thread - 0] INFO  volume.OMVolumeCreateRequest (OMVolumeCreateRequest.java:validateAndUpdateCache(196)) - created volume:volume10 for user:runner
2023-06-28 21:19:34,306 [OM StateMachine ApplyTransaction Thread - 0] INFO  bucket.OMBucketCreateRequest (OMBucketCreateRequest.java:validateAndUpdateCache(270)) - created bucket: bucketfso of layout FILE_SYSTEM_OPTIMIZED in volume: volume10
2023-06-28 21:19:34,306 [Time-limited test] INFO  shell.TestOzoneShellHA (TestOzoneShellHA.java:execute(212)) - Executing OzoneShell command with args [key, put, o3://om-service-test1/volume10/bucketfso/key0, /home/runner/work/ozone/ozone/hadoop-ozone/integration-test/target/test-dir/TestOzoneShellHA/testFile]
2023-06-28 21:19:34,309 [OM StateMachine ApplyTransaction Thread - 0] INFO  bucket.OMBucketCreateRequest (OMBucketCreateRequest.java:validateAndUpdateCache(270)) - created bucket: bucketfso of layout FILE_SYSTEM_OPTIMIZED in volume: volume10
2023-06-28 21:19:34,310 [OM StateMachine ApplyTransaction Thread - 0] INFO  bucket.OMBucketCreateRequest (OMBucketCreateRequest.java:validateAndUpdateCache(270)) - created bucket: bucketfso of layout FILE_SYSTEM_OPTIMIZED in volume: volume10
2023-06-28 21:19:34,356 [Time-limited test] INFO  shell.TestOzoneShellHA (TestOzoneShellHA.java:execute(212)) - Executing OzoneShell command with args [key, put, o3://om-service-test1/volume10/bucketfso/key1, /home/runner/work/ozone/ozone/hadoop-ozone/integration-test/target/test-dir/TestOzoneShellHA/testFile]
2023-06-28 21:19:34,412 [Time-limited test] INFO  shell.TestOzoneShellHA (TestOzoneShellHA.java:execute(212)) - Executing OzoneShell command with args [key, put, o3://om-service-test1/volume10/bucketfso/key2, /home/runner/work/ozone/ozone/hadoop-ozone/integration-test/target/test-dir/TestOzoneShellHA/testFile]
2023-06-28 21:19:34,463 [Time-limited test] INFO  shell.TestOzoneShellHA (TestOzoneShellHA.java:execute(212)) - Executing OzoneShell command with args [key, put, o3://om-service-test1/volume10/bucketfso/key3, /home/runner/work/ozone/ozone/hadoop-ozone/integration-test/target/test-dir/TestOzoneShellHA/testFile]
2023-06-28 21:19:34,512 [Time-limited test] INFO  shell.TestOzoneShellHA (TestOzoneShellHA.java:execute(212)) - Executing OzoneShell command with args [key, put, o3://om-service-test1/volume10/bucketfso/key4, /home/runner/work/ozone/ozone/hadoop-ozone/integration-test/target/test-dir/TestOzoneShellHA/testFile]
2023-06-28 21:19:34,565 [Time-limited test] INFO  shell.TestOzoneShellHA (TestOzoneShellHA.java:execute(212)) - Executing OzoneShell command with args [key, put, o3://om-service-test1/volume10/bucketfso/key5, /home/runner/work/ozone/ozone/hadoop-ozone/integration-test/target/test-dir/TestOzoneShellHA/testFile]
2023-06-28 21:19:34,569 [BlockDeletingService#0] INFO  interfaces.ContainerDeletionChoosingPolicyTemplate (ContainerDeletionChoosingPolicyTemplate.java:chooseContainerForBlockDeletion(83)) - Chosen 0/5000 blocks from 0 candidate containers.
2023-06-28 21:19:34,616 [Time-limited test] INFO  shell.TestOzoneShellHA (TestOzoneShellHA.java:execute(212)) - Executing OzoneShell command with args [key, put, o3://om-service-test1/volume10/bucketfso/key6, /home/runner/work/ozone/ozone/hadoop-ozone/integration-test/target/test-dir/TestOzoneShellHA/testFile]
2023-06-28 21:19:34,669 [Time-limited test] INFO  shell.TestOzoneShellHA (TestOzoneShellHA.java:execute(212)) - Executing OzoneShell command with args [key, put, o3://om-service-test1/volume10/bucketfso/key7, /home/runner/work/ozone/ozone/hadoop-ozone/integration-test/target/test-dir/TestOzoneShellHA/testFile]
2023-06-28 21:19:34,720 [Time-limited test] INFO  shell.TestOzoneShellHA (TestOzoneShellHA.java:execute(212)) - Executing OzoneShell command with args [key, put, o3://om-service-test1/volume10/bucketfso/key8, /home/runner/work/ozone/ozone/hadoop-ozone/integration-test/target/test-dir/TestOzoneShellHA/testFile]
2023-06-28 21:19:34,772 [Time-limited test] INFO  shell.TestOzoneShellHA (TestOzoneShellHA.java:execute(212)) - Executing OzoneShell command with args [key, put, o3://om-service-test1/volume10/bucketfso/key9, /home/runner/work/ozone/ozone/hadoop-ozone/integration-test/target/test-dir/TestOzoneShellHA/testFile]
2023-06-28 21:19:34,814 [Time-limited test] INFO  shell.TestOzoneShellHA (TestOzoneShellHA.java:execute(212)) - Executing OzoneShell command with args [key, put, o3://om-service-test1/volume10/bucketfso/key10, /home/runner/work/ozone/ozone/hadoop-ozone/integration-test/target/test-dir/TestOzoneShellHA/testFile]
2023-06-28 21:19:34,866 [Time-limited test] INFO  shell.TestOzoneShellHA (TestOzoneShellHA.java:execute(212)) - Executing OzoneShell command with args [key, put, o3://om-service-test1/volume10/bucketfso/key11, /home/runner/work/ozone/ozone/hadoop-ozone/integration-test/target/test-dir/TestOzoneShellHA/testFile]
2023-06-28 21:19:34,918 [Time-limited test] INFO  shell.TestOzoneShellHA (TestOzoneShellHA.java:execute(212)) - Executing OzoneShell command with args [key, put, o3://om-service-test1/volume10/bucketfso/key12, /home/runner/work/ozone/ozone/hadoop-ozone/integration-test/target/test-dir/TestOzoneShellHA/testFile]
2023-06-28 21:19:34,973 [Time-limited test] INFO  shell.TestOzoneShellHA (TestOzoneShellHA.java:execute(212)) - Executing OzoneShell command with args [key, put, o3://om-service-test1/volume10/bucketfso/key13, /home/runner/work/ozone/ozone/hadoop-ozone/integration-test/target/test-dir/TestOzoneShellHA/testFile]
2023-06-28 21:19:35,022 [Time-limited test] INFO  shell.TestOzoneShellHA (TestOzoneShellHA.java:execute(212)) - Executing OzoneShell command with args [key, put, o3://om-service-test1/volume10/bucketfso/key14, /home/runner/work/ozone/ozone/hadoop-ozone/integration-test/target/test-dir/TestOzoneShellHA/testFile]
2023-06-28 21:19:35,132 [omNode-3@group-523986131536-FollowerState] INFO  server.RaftServerConfigKeys (ConfUtils.java:logFallback(53)) - raft.server.rpc.first-election.timeout.min = 1s (fallback to raft.server.rpc.timeout.min)
2023-06-28 21:19:35,132 [omNode-3@group-523986131536-FollowerState] INFO  server.RaftServerConfigKeys (ConfUtils.java:logFallback(53)) - raft.server.rpc.first-election.timeout.max = 1200ms (fallback to raft.server.rpc.timeout.max)
2023-06-28 21:19:35,179 [Time-limited test] INFO  shell.TestOzoneShellHA (TestOzoneShellHA.java:execute(212)) - Executing OzoneShell command with args [key, put, o3://om-service-test1/volume10/bucketfso/key15, /home/runner/work/ozone/ozone/hadoop-ozone/integration-test/target/test-dir/TestOzoneShellHA/testFile]
2023-06-28 21:19:35,231 [Time-limited test] INFO  shell.TestOzoneShellHA (TestOzoneShellHA.java:execute(212)) - Executing OzoneShell command with args [key, put, o3://om-service-test1/volume10/bucketfso/key16, /home/runner/work/ozone/ozone/hadoop-ozone/integration-test/target/test-dir/TestOzoneShellHA/testFile]
2023-06-28 21:19:35,282 [Time-limited test] INFO  shell.TestOzoneShellHA (TestOzoneShellHA.java:execute(212)) - Executing OzoneShell command with args [key, put, o3://om-service-test1/volume10/bucketfso/key17, /home/runner/work/ozone/ozone/hadoop-ozone/integration-test/target/test-dir/TestOzoneShellHA/testFile]
2023-06-28 21:19:35,337 [Time-limited test] INFO  shell.TestOzoneShellHA (TestOzoneShellHA.java:execute(212)) - Executing OzoneShell command with args [key, put, o3://om-service-test1/volume10/bucketfso/key18, /home/runner/work/ozone/ozone/hadoop-ozone/integration-test/target/test-dir/TestOzoneShellHA/testFile]
2023-06-28 21:19:35,388 [Time-limited test] INFO  shell.TestOzoneShellHA (TestOzoneShellHA.java:execute(212)) - Executing OzoneShell command with args [key, put, o3://om-service-test1/volume10/bucketfso/key19, /home/runner/work/ozone/ozone/hadoop-ozone/integration-test/target/test-dir/TestOzoneShellHA/testFile]
2023-06-28 21:19:35,439 [Time-limited test] INFO  shell.TestOzoneShellHA (TestOzoneShellHA.java:execute(212)) - Executing OzoneShell command with args [key, put, o3://om-service-test1/volume10/bucketfso/key20, /home/runner/work/ozone/ozone/hadoop-ozone/integration-test/target/test-dir/TestOzoneShellHA/testFile]
2023-06-28 21:19:35,491 [Time-limited test] INFO  shell.TestOzoneShellHA (TestOzoneShellHA.java:execute(212)) - Executing OzoneShell command with args [key, put, o3://om-service-test1/volume10/bucketfso/key21, /home/runner/work/ozone/ozone/hadoop-ozone/integration-test/target/test-dir/TestOzoneShellHA/testFile]
2023-06-28 21:19:35,544 [Time-limited test] INFO  shell.TestOzoneShellHA (TestOzoneShellHA.java:execute(212)) - Executing OzoneShell command with args [key, put, o3://om-service-test1/volume10/bucketfso/key22, /home/runner/work/ozone/ozone/hadoop-ozone/integration-test/target/test-dir/TestOzoneShellHA/testFile]
2023-06-28 21:19:35,598 [Time-limited test] INFO  shell.TestOzoneShellHA (TestOzoneShellHA.java:execute(212)) - Executing OzoneShell command with args [key, put, o3://om-service-test1/volume10/bucketfso/key23, /home/runner/work/ozone/ozone/hadoop-ozone/integration-test/target/test-dir/TestOzoneShellHA/testFile]
2023-06-28 21:19:35,652 [Time-limited test] INFO  shell.TestOzoneShellHA (TestOzoneShellHA.java:execute(212)) - Executing OzoneShell command with args [key, put, o3://om-service-test1/volume10/bucketfso/key24, /home/runner/work/ozone/ozone/hadoop-ozone/integration-test/target/test-dir/TestOzoneShellHA/testFile]
2023-06-28 21:19:35,720 [Time-limited test] INFO  shell.TestOzoneShellHA (TestOzoneShellHA.java:execute(212)) - Executing OzoneShell command with args [key, put, o3://om-service-test1/volume10/bucketfso/key25, /home/runner/work/ozone/ozone/hadoop-ozone/integration-test/target/test-dir/TestOzoneShellHA/testFile]
2023-06-28 21:19:35,771 [Time-limited test] INFO  shell.TestOzoneShellHA (TestOzoneShellHA.java:execute(212)) - Executing OzoneShell command with args [key, put, o3://om-service-test1/volume10/bucketfso/key26, /home/runner/work/ozone/ozone/hadoop-ozone/integration-test/target/test-dir/TestOzoneShellHA/testFile]
2023-06-28 21:19:35,830 [Time-limited test] INFO  shell.TestOzoneShellHA (TestOzoneShellHA.java:execute(212)) - Executing OzoneShell command with args [key, put, o3://om-service-test1/volume10/bucketfso/key27, /home/runner/work/ozone/ozone/hadoop-ozone/integration-test/target/test-dir/TestOzoneShellHA/testFile]
2023-06-28 21:19:35,889 [Time-limited test] INFO  shell.TestOzoneShellHA (TestOzoneShellHA.java:execute(212)) - Executing OzoneShell command with args [key, put, o3://om-service-test1/volume10/bucketfso/key28, /home/runner/work/ozone/ozone/hadoop-ozone/integration-test/target/test-dir/TestOzoneShellHA/testFile]
2023-06-28 21:19:35,940 [Time-limited test] INFO  shell.TestOzoneShellHA (TestOzoneShellHA.java:execute(212)) - Executing OzoneShell command with args [key, put, o3://om-service-test1/volume10/bucketfso/key29, /home/runner/work/ozone/ozone/hadoop-ozone/integration-test/target/test-dir/TestOzoneShellHA/testFile]
2023-06-28 21:19:35,990 [Time-limited test] INFO  shell.TestOzoneShellHA (TestOzoneShellHA.java:execute(212)) - Executing OzoneShell command with args [key, put, o3://om-service-test1/volume10/bucketfso/key30, /home/runner/work/ozone/ozone/hadoop-ozone/integration-test/target/test-dir/TestOzoneShellHA/testFile]
2023-06-28 21:19:36,042 [Time-limited test] INFO  shell.TestOzoneShellHA (TestOzoneShellHA.java:execute(212)) - Executing OzoneShell command with args [key, put, o3://om-service-test1/volume10/bucketfso/key31, /home/runner/work/ozone/ozone/hadoop-ozone/integration-test/target/test-dir/TestOzoneShellHA/testFile]
2023-06-28 21:19:36,092 [Time-limited test] INFO  shell.TestOzoneShellHA (TestOzoneShellHA.java:execute(212)) - Executing OzoneShell command with args [key, put, o3://om-service-test1/volume10/bucketfso/key32, /home/runner/work/ozone/ozone/hadoop-ozone/integration-test/target/test-dir/TestOzoneShellHA/testFile]
2023-06-28 21:19:36,135 [omNode-3@group-523986131536-FollowerState] INFO  server.RaftServerConfigKeys (ConfUtils.java:logFallback(53)) - raft.server.rpc.first-election.timeout.min = 1s (fallback to raft.server.rpc.timeout.min)
2023-06-28 21:19:36,136 [omNode-3@group-523986131536-FollowerState] INFO  server.RaftServerConfigKeys (ConfUtils.java:logFallback(53)) - raft.server.rpc.first-election.timeout.max = 1200ms (fallback to raft.server.rpc.timeout.max)
2023-06-28 21:19:36,145 [Time-limited test] INFO  shell.TestOzoneShellHA (TestOzoneShellHA.java:execute(212)) - Executing OzoneShell command with args [key, put, o3://om-service-test1/volume10/bucketfso/key33, /home/runner/work/ozone/ozone/hadoop-ozone/integration-test/target/test-dir/TestOzoneShellHA/testFile]
2023-06-28 21:19:36,200 [Time-limited test] INFO  shell.TestOzoneShellHA (TestOzoneShellHA.java:execute(212)) - Executing OzoneShell command with args [key, put, o3://om-service-test1/volume10/bucketfso/key34, /home/runner/work/ozone/ozone/hadoop-ozone/integration-test/target/test-dir/TestOzoneShellHA/testFile]
2023-06-28 21:19:36,253 [Time-limited test] INFO  shell.TestOzoneShellHA (TestOzoneShellHA.java:execute(212)) - Executing OzoneShell command with args [key, put, o3://om-service-test1/volume10/bucketfso/key35, /home/runner/work/ozone/ozone/hadoop-ozone/integration-test/target/test-dir/TestOzoneShellHA/testFile]
2023-06-28 21:19:36,302 [Time-limited test] INFO  shell.TestOzoneShellHA (TestOzoneShellHA.java:execute(212)) - Executing OzoneShell command with args [key, put, o3://om-service-test1/volume10/bucketfso/key36, /home/runner/work/ozone/ozone/hadoop-ozone/integration-test/target/test-dir/TestOzoneShellHA/testFile]
2023-06-28 21:19:36,354 [Time-limited test] INFO  shell.TestOzoneShellHA (TestOzoneShellHA.java:execute(212)) - Executing OzoneShell command with args [key, put, o3://om-service-test1/volume10/bucketfso/key37, /home/runner/work/ozone/ozone/hadoop-ozone/integration-test/target/test-dir/TestOzoneShellHA/testFile]
2023-06-28 21:19:36,403 [Time-limited test] INFO  shell.TestOzoneShellHA (TestOzoneShellHA.java:execute(212)) - Executing OzoneShell command with args [key, put, o3://om-service-test1/volume10/bucketfso/key38, /home/runner/work/ozone/ozone/hadoop-ozone/integration-test/target/test-dir/TestOzoneShellHA/testFile]
2023-06-28 21:19:36,454 [Time-limited test] INFO  shell.TestOzoneShellHA (TestOzoneShellHA.java:execute(212)) - Executing OzoneShell command with args [key, put, o3://om-service-test1/volume10/bucketfso/key39, /home/runner/work/ozone/ozone/hadoop-ozone/integration-test/target/test-dir/TestOzoneShellHA/testFile]
2023-06-28 21:19:36,509 [Time-limited test] INFO  shell.TestOzoneShellHA (TestOzoneShellHA.java:execute(212)) - Executing OzoneShell command with args [key, put, o3://om-service-test1/volume10/bucketfso/key40, /home/runner/work/ozone/ozone/hadoop-ozone/integration-test/target/test-dir/TestOzoneShellHA/testFile]
2023-06-28 21:19:36,560 [Time-limited test] INFO  shell.TestOzoneShellHA (TestOzoneShellHA.java:execute(212)) - Executing OzoneShell command with args [key, put, o3://om-service-test1/volume10/bucketfso/key41, /home/runner/work/ozone/ozone/hadoop-ozone/integration-test/target/test-dir/TestOzoneShellHA/testFile]
2023-06-28 21:19:36,614 [Time-limited test] INFO  shell.TestOzoneShellHA (TestOzoneShellHA.java:execute(212)) - Executing OzoneShell command with args [key, put, o3://om-service-test1/volume10/bucketfso/key42, /home/runner/work/ozone/ozone/hadoop-ozone/integration-test/target/test-dir/TestOzoneShellHA/testFile]
2023-06-28 21:19:36,664 [Time-limited test] INFO  shell.TestOzoneShellHA (TestOzoneShellHA.java:execute(212)) - Executing OzoneShell command with args [key, put, o3://om-service-test1/volume10/bucketfso/key43, /home/runner/work/ozone/ozone/hadoop-ozone/integration-test/target/test-dir/TestOzoneShellHA/testFile]
2023-06-28 21:19:36,713 [Time-limited test] INFO  shell.TestOzoneShellHA (TestOzoneShellHA.java:execute(212)) - Executing OzoneShell command with args [key, put, o3://om-service-test1/volume10/bucketfso/key44, /home/runner/work/ozone/ozone/hadoop-ozone/integration-test/target/test-dir/TestOzoneShellHA/testFile]
2023-06-28 21:19:36,764 [Time-limited test] INFO  shell.TestOzoneShellHA (TestOzoneShellHA.java:execute(212)) - Executing OzoneShell command with args [key, put, o3://om-service-test1/volume10/bucketfso/key45, /home/runner/work/ozone/ozone/hadoop-ozone/integration-test/target/test-dir/TestOzoneShellHA/testFile]
2023-06-28 21:19:36,813 [Time-limited test] INFO  shell.TestOzoneShellHA (TestOzoneShellHA.java:execute(212)) - Executing OzoneShell command with args [key, put, o3://om-service-test1/volume10/bucketfso/key46, /home/runner/work/ozone/ozone/hadoop-ozone/integration-test/target/test-dir/TestOzoneShellHA/testFile]
2023-06-28 21:19:36,865 [Time-limited test] INFO  shell.TestOzoneShellHA (TestOzoneShellHA.java:execute(212)) - Executing OzoneShell command with args [key, put, o3://om-service-test1/volume10/bucketfso/key47, /home/runner/work/ozone/ozone/hadoop-ozone/integration-test/target/test-dir/TestOzoneShellHA/testFile]
2023-06-28 21:19:36,915 [Time-limited test] INFO  shell.TestOzoneShellHA (TestOzoneShellHA.java:execute(212)) - Executing OzoneShell command with args [key, put, o3://om-service-test1/volume10/bucketfso/key48, /home/runner/work/ozone/ozone/hadoop-ozone/integration-test/target/test-dir/TestOzoneShellHA/testFile]
2023-06-28 21:19:36,968 [Time-limited test] INFO  shell.TestOzoneShellHA (TestOzoneShellHA.java:execute(212)) - Executing OzoneShell command with args [key, put, o3://om-service-test1/volume10/bucketfso/key49, /home/runner/work/ozone/ozone/hadoop-ozone/integration-test/target/test-dir/TestOzoneShellHA/testFile]
2023-06-28 21:19:37,016 [Time-limited test] INFO  shell.TestOzoneShellHA (TestOzoneShellHA.java:execute(212)) - Executing OzoneShell command with args [key, put, o3://om-service-test1/volume10/bucketfso/key50, /home/runner/work/ozone/ozone/hadoop-ozone/integration-test/target/test-dir/TestOzoneShellHA/testFile]
2023-06-28 21:19:37,067 [Time-limited test] INFO  shell.TestOzoneShellHA (TestOzoneShellHA.java:execute(212)) - Executing OzoneShell command with args [key, put, o3://om-service-test1/volume10/bucketfso/key51, /home/runner/work/ozone/ozone/hadoop-ozone/integration-test/target/test-dir/TestOzoneShellHA/testFile]
2023-06-28 21:19:37,117 [Time-limited test] INFO  shell.TestOzoneShellHA (TestOzoneShellHA.java:execute(212)) - Executing OzoneShell command with args [key, put, o3://om-service-test1/volume10/bucketfso/key52, /home/runner/work/ozone/ozone/hadoop-ozone/integration-test/target/test-dir/TestOzoneShellHA/testFile]
2023-06-28 21:19:37,175 [Time-limited test] INFO  shell.TestOzoneShellHA (TestOzoneShellHA.java:execute(212)) - Executing OzoneShell command with args [key, put, o3://om-service-test1/volume10/bucketfso/key53, /home/runner/work/ozone/ozone/hadoop-ozone/integration-test/target/test-dir/TestOzoneShellHA/testFile]
2023-06-28 21:19:37,223 [Time-limited test] INFO  shell.TestOzoneShellHA (TestOzoneShellHA.java:execute(212)) - Executing OzoneShell command with args [key, put, o3://om-service-test1/volume10/bucketfso/key54, /home/runner/work/ozone/ozone/hadoop-ozone/integration-test/target/test-dir/TestOzoneShellHA/testFile]
2023-06-28 21:19:37,274 [Time-limited test] INFO  shell.TestOzoneShellHA (TestOzoneShellHA.java:execute(212)) - Executing OzoneShell command with args [key, put, o3://om-service-test1/volume10/bucketfso/key55, /home/runner/work/ozone/ozone/hadoop-ozone/integration-test/target/test-dir/TestOzoneShellHA/testFile]
2023-06-28 21:19:37,300 [omNode-3@group-523986131536-FollowerState] INFO  server.RaftServerConfigKeys (ConfUtils.java:logFallback(53)) - raft.server.rpc.first-election.timeout.min = 1s (fallback to raft.server.rpc.timeout.min)
2023-06-28 21:19:37,300 [omNode-3@group-523986131536-FollowerState] INFO  server.RaftServerConfigKeys (ConfUtils.java:logFallback(53)) - raft.server.rpc.first-election.timeout.max = 1200ms (fallback to raft.server.rpc.timeout.max)
2023-06-28 21:19:37,329 [Time-limited test] INFO  shell.TestOzoneShellHA (TestOzoneShellHA.java:execute(212)) - Executing OzoneShell command with args [key, put, o3://om-service-test1/volume10/bucketfso/key56, /home/runner/work/ozone/ozone/hadoop-ozone/integration-test/target/test-dir/TestOzoneShellHA/testFile]
2023-06-28 21:19:37,381 [Time-limited test] INFO  shell.TestOzoneShellHA (TestOzoneShellHA.java:execute(212)) - Executing OzoneShell command with args [key, put, o3://om-service-test1/volume10/bucketfso/key57, /home/runner/work/ozone/ozone/hadoop-ozone/integration-test/target/test-dir/TestOzoneShellHA/testFile]
2023-06-28 21:19:37,429 [Time-limited test] INFO  shell.TestOzoneShellHA (TestOzoneShellHA.java:execute(212)) - Executing OzoneShell command with args [key, put, o3://om-service-test1/volume10/bucketfso/key58, /home/runner/work/ozone/ozone/hadoop-ozone/integration-test/target/test-dir/TestOzoneShellHA/testFile]
2023-06-28 21:19:37,479 [Time-limited test] INFO  shell.TestOzoneShellHA (TestOzoneShellHA.java:execute(212)) - Executing OzoneShell command with args [key, put, o3://om-service-test1/volume10/bucketfso/key59, /home/runner/work/ozone/ozone/hadoop-ozone/integration-test/target/test-dir/TestOzoneShellHA/testFile]
2023-06-28 21:19:37,540 [Time-limited test] INFO  shell.TestOzoneShellHA (TestOzoneShellHA.java:execute(212)) - Executing OzoneShell command with args [key, put, o3://om-service-test1/volume10/bucketfso/key60, /home/runner/work/ozone/ozone/hadoop-ozone/integration-test/target/test-dir/TestOzoneShellHA/testFile]
2023-06-28 21:19:37,589 [Time-limited test] INFO  shell.TestOzoneShellHA (TestOzoneShellHA.java:execute(212)) - Executing OzoneShell command with args [key, put, o3://om-service-test1/volume10/bucketfso/key61, /home/runner/work/ozone/ozone/hadoop-ozone/integration-test/target/test-dir/TestOzoneShellHA/testFile]
2023-06-28 21:19:37,639 [Time-limited test] INFO  shell.TestOzoneShellHA (TestOzoneShellHA.java:execute(212)) - Executing OzoneShell command with args [key, put, o3://om-service-test1/volume10/bucketfso/key62, /home/runner/work/ozone/ozone/hadoop-ozone/integration-test/target/test-dir/TestOzoneShellHA/testFile]
2023-06-28 21:19:37,694 [Time-limited test] INFO  shell.TestOzoneShellHA (TestOzoneShellHA.java:execute(212)) - Executing OzoneShell command with args [key, put, o3://om-service-test1/volume10/bucketfso/key63, /home/runner/work/ozone/ozone/hadoop-ozone/integration-test/target/test-dir/TestOzoneShellHA/testFile]
2023-06-28 21:19:37,749 [Time-limited test] INFO  shell.TestOzoneShellHA (TestOzoneShellHA.java:execute(212)) - Executing OzoneShell command with args [key, put, o3://om-service-test1/volume10/bucketfso/key64, /home/runner/work/ozone/ozone/hadoop-ozone/integration-test/target/test-dir/TestOzoneShellHA/testFile]
2023-06-28 21:19:37,804 [Time-limited test] INFO  shell.TestOzoneShellHA (TestOzoneShellHA.java:execute(212)) - Executing OzoneShell command with args [key, put, o3://om-service-test1/volume10/bucketfso/key65, /home/runner/work/ozone/ozone/hadoop-ozone/integration-test/target/test-dir/TestOzoneShellHA/testFile]
2023-06-28 21:19:37,858 [Time-limited test] INFO  shell.TestOzoneShellHA (TestOzoneShellHA.java:execute(212)) - Executing OzoneShell command with args [key, put, o3://om-service-test1/volume10/bucketfso/key66, /home/runner/work/ozone/ozone/hadoop-ozone/integration-test/target/test-dir/TestOzoneShellHA/testFile]
2023-06-28 21:19:37,904 [Time-limited test] INFO  shell.TestOzoneShellHA (TestOzoneShellHA.java:execute(212)) - Executing OzoneShell command with args [key, put, o3://om-service-test1/volume10/bucketfso/key67, /home/runner/work/ozone/ozone/hadoop-ozone/integration-test/target/test-dir/TestOzoneShellHA/testFile]
2023-06-28 21:19:37,961 [Time-limited test] INFO  shell.TestOzoneShellHA (TestOzoneShellHA.java:execute(212)) - Executing OzoneShell command with args [key, put, o3://om-service-test1/volume10/bucketfso/key68, /home/runner/work/ozone/ozone/hadoop-ozone/integration-test/target/test-dir/TestOzoneShellHA/testFile]
2023-06-28 21:19:38,004 [Time-limited test] INFO  shell.TestOzoneShellHA (TestOzoneShellHA.java:execute(212)) - Executing OzoneShell command with args [key, put, o3://om-service-test1/volume10/bucketfso/key69, /home/runner/work/ozone/ozone/hadoop-ozone/integration-test/target/test-dir/TestOzoneShellHA/testFile]
2023-06-28 21:19:38,059 [Time-limited test] INFO  shell.TestOzoneShellHA (TestOzoneShellHA.java:execute(212)) - Executing OzoneShell command with args [key, put, o3://om-service-test1/volume10/bucketfso/key70, /home/runner/work/ozone/ozone/hadoop-ozone/integration-test/target/test-dir/TestOzoneShellHA/testFile]
2023-06-28 21:19:38,109 [Time-limited test] INFO  shell.TestOzoneShellHA (TestOzoneShellHA.java:execute(212)) - Executing OzoneShell command with args [key, put, o3://om-service-test1/volume10/bucketfso/key71, /home/runner/work/ozone/ozone/hadoop-ozone/integration-test/target/test-dir/TestOzoneShellHA/testFile]
2023-06-28 21:19:38,162 [Time-limited test] INFO  shell.TestOzoneShellHA (TestOzoneShellHA.java:execute(212)) - Executing OzoneShell command with args [key, put, o3://om-service-test1/volume10/bucketfso/key72, /home/runner/work/ozone/ozone/hadoop-ozone/integration-test/target/test-dir/TestOzoneShellHA/testFile]
2023-06-28 21:19:38,215 [Time-limited test] INFO  shell.TestOzoneShellHA (TestOzoneShellHA.java:execute(212)) - Executing OzoneShell command with args [key, put, o3://om-service-test1/volume10/bucketfso/key73, /home/runner/work/ozone/ozone/hadoop-ozone/integration-test/target/test-dir/TestOzoneShellHA/testFile]
2023-06-28 21:19:38,275 [Time-limited test] INFO  shell.TestOzoneShellHA (TestOzoneShellHA.java:execute(212)) - Executing OzoneShell command with args [key, put, o3://om-service-test1/volume10/bucketfso/key74, /home/runner/work/ozone/ozone/hadoop-ozone/integration-test/target/test-dir/TestOzoneShellHA/testFile]
2023-06-28 21:19:38,330 [Time-limited test] INFO  shell.TestOzoneShellHA (TestOzoneShellHA.java:execute(212)) - Executing OzoneShell command with args [key, put, o3://om-service-test1/volume10/bucketfso/key75, /home/runner/work/ozone/ozone/hadoop-ozone/integration-test/target/test-dir/TestOzoneShellHA/testFile]
2023-06-28 21:19:38,341 [omNode-3@group-523986131536-FollowerState] INFO  server.RaftServerConfigKeys (ConfUtils.java:logFallback(53)) - raft.server.rpc.first-election.timeout.min = 1s (fallback to raft.server.rpc.timeout.min)
2023-06-28 21:19:38,341 [omNode-3@group-523986131536-FollowerState] INFO  server.RaftServerConfigKeys (ConfUtils.java:logFallback(53)) - raft.server.rpc.first-election.timeout.max = 1200ms (fallback to raft.server.rpc.timeout.max)
2023-06-28 21:19:38,385 [Time-limited test] INFO  shell.TestOzoneShellHA (TestOzoneShellHA.java:execute(212)) - Executing OzoneShell command with args [key, put, o3://om-service-test1/volume10/bucketfso/key76, /home/runner/work/ozone/ozone/hadoop-ozone/integration-test/target/test-dir/TestOzoneShellHA/testFile]
2023-06-28 21:19:38,438 [Time-limited test] INFO  shell.TestOzoneShellHA (TestOzoneShellHA.java:execute(212)) - Executing OzoneShell command with args [key, put, o3://om-service-test1/volume10/bucketfso/key77, /home/runner/work/ozone/ozone/hadoop-ozone/integration-test/target/test-dir/TestOzoneShellHA/testFile]
2023-06-28 21:19:38,489 [Time-limited test] INFO  shell.TestOzoneShellHA (TestOzoneShellHA.java:execute(212)) - Executing OzoneShell command with args [key, put, o3://om-service-test1/volume10/bucketfso/key78, /home/runner/work/ozone/ozone/hadoop-ozone/integration-test/target/test-dir/TestOzoneShellHA/testFile]
2023-06-28 21:19:38,540 [Time-limited test] INFO  shell.TestOzoneShellHA (TestOzoneShellHA.java:execute(212)) - Executing OzoneShell command with args [key, put, o3://om-service-test1/volume10/bucketfso/key79, /home/runner/work/ozone/ozone/hadoop-ozone/integration-test/target/test-dir/TestOzoneShellHA/testFile]
2023-06-28 21:19:38,589 [Time-limited test] INFO  shell.TestOzoneShellHA (TestOzoneShellHA.java:execute(212)) - Executing OzoneShell command with args [key, put, o3://om-service-test1/volume10/bucketfso/key80, /home/runner/work/ozone/ozone/hadoop-ozone/integration-test/target/test-dir/TestOzoneShellHA/testFile]
2023-06-28 21:19:38,643 [Time-limited test] INFO  shell.TestOzoneShellHA (TestOzoneShellHA.java:execute(212)) - Executing OzoneShell command with args [key, put, o3://om-service-test1/volume10/bucketfso/key81, /home/runner/work/ozone/ozone/hadoop-ozone/integration-test/target/test-dir/TestOzoneShellHA/testFile]
2023-06-28 21:19:38,693 [Time-limited test] INFO  shell.TestOzoneShellHA (TestOzoneShellHA.java:execute(212)) - Executing OzoneShell command with args [key, put, o3://om-service-test1/volume10/bucketfso/key82, /home/runner/work/ozone/ozone/hadoop-ozone/integration-test/target/test-dir/TestOzoneShellHA/testFile]
2023-06-28 21:19:38,746 [Time-limited test] INFO  shell.TestOzoneShellHA (TestOzoneShellHA.java:execute(212)) - Executing OzoneShell command with args [key, put, o3://om-service-test1/volume10/bucketfso/key83, /home/runner/work/ozone/ozone/hadoop-ozone/integration-test/target/test-dir/TestOzoneShellHA/testFile]
2023-06-28 21:19:38,798 [Time-limited test] INFO  shell.TestOzoneShellHA (TestOzoneShellHA.java:execute(212)) - Executing OzoneShell command with args [key, put, o3://om-service-test1/volume10/bucketfso/key84, /home/runner/work/ozone/ozone/hadoop-ozone/integration-test/target/test-dir/TestOzoneShellHA/testFile]
2023-06-28 21:19:38,851 [Time-limited test] INFO  shell.TestOzoneShellHA (TestOzoneShellHA.java:execute(212)) - Executing OzoneShell command with args [key, put, o3://om-service-test1/volume10/bucketfso/key85, /home/runner/work/ozone/ozone/hadoop-ozone/integration-test/target/test-dir/TestOzoneShellHA/testFile]
2023-06-28 21:19:38,902 [Time-limited test] INFO  shell.TestOzoneShellHA (TestOzoneShellHA.java:execute(212)) - Executing OzoneShell command with args [key, put, o3://om-service-test1/volume10/bucketfso/key86, /home/runner/work/ozone/ozone/hadoop-ozone/integration-test/target/test-dir/TestOzoneShellHA/testFile]
2023-06-28 21:19:38,955 [Time-limited test] INFO  shell.TestOzoneShellHA (TestOzoneShellHA.java:execute(212)) - Executing OzoneShell command with args [key, put, o3://om-service-test1/volume10/bucketfso/key87, /home/runner/work/ozone/ozone/hadoop-ozone/integration-test/target/test-dir/TestOzoneShellHA/testFile]
2023-06-28 21:19:39,007 [Time-limited test] INFO  shell.TestOzoneShellHA (TestOzoneShellHA.java:execute(212)) - Executing OzoneShell command with args [key, put, o3://om-service-test1/volume10/bucketfso/key88, /home/runner/work/ozone/ozone/hadoop-ozone/integration-test/target/test-dir/TestOzoneShellHA/testFile]
2023-06-28 21:19:39,061 [Time-limited test] INFO  shell.TestOzoneShellHA (TestOzoneShellHA.java:execute(212)) - Executing OzoneShell command with args [key, put, o3://om-service-test1/volume10/bucketfso/key89, /home/runner/work/ozone/ozone/hadoop-ozone/integration-test/target/test-dir/TestOzoneShellHA/testFile]
2023-06-28 21:19:39,113 [Time-limited test] INFO  shell.TestOzoneShellHA (TestOzoneShellHA.java:execute(212)) - Executing OzoneShell command with args [key, put, o3://om-service-test1/volume10/bucketfso/key90, /home/runner/work/ozone/ozone/hadoop-ozone/integration-test/target/test-dir/TestOzoneShellHA/testFile]
2023-06-28 21:19:39,171 [Time-limited test] INFO  shell.TestOzoneShellHA (TestOzoneShellHA.java:execute(212)) - Executing OzoneShell command with args [key, put, o3://om-service-test1/volume10/bucketfso/key91, /home/runner/work/ozone/ozone/hadoop-ozone/integration-test/target/test-dir/TestOzoneShellHA/testFile]
2023-06-28 21:19:39,249 [Time-limited test] INFO  shell.TestOzoneShellHA (TestOzoneShellHA.java:execute(212)) - Executing OzoneShell command with args [key, put, o3://om-service-test1/volume10/bucketfso/key92, /home/runner/work/ozone/ozone/hadoop-ozone/integration-test/target/test-dir/TestOzoneShellHA/testFile]
2023-06-28 21:19:39,300 [Time-limited test] INFO  shell.TestOzoneShellHA (TestOzoneShellHA.java:execute(212)) - Executing OzoneShell command with args [key, put, o3://om-service-test1/volume10/bucketfso/key93, /home/runner/work/ozone/ozone/hadoop-ozone/integration-test/target/test-dir/TestOzoneShellHA/testFile]
2023-06-28 21:19:39,353 [Time-limited test] INFO  shell.TestOzoneShellHA (TestOzoneShellHA.java:execute(212)) - Executing OzoneShell command with args [key, put, o3://om-service-test1/volume10/bucketfso/key94, /home/runner/work/ozone/ozone/hadoop-ozone/integration-test/target/test-dir/TestOzoneShellHA/testFile]
2023-06-28 21:19:39,403 [Time-limited test] INFO  shell.TestOzoneShellHA (TestOzoneShellHA.java:execute(212)) - Executing OzoneShell command with args [key, put, o3://om-service-test1/volume10/bucketfso/key95, /home/runner/work/ozone/ozone/hadoop-ozone/integration-test/target/test-dir/TestOzoneShellHA/testFile]
2023-06-28 21:19:39,433 [omNode-3@group-523986131536-FollowerState] INFO  server.RaftServerConfigKeys (ConfUtils.java:logFallback(53)) - raft.server.rpc.first-election.timeout.min = 1s (fallback to raft.server.rpc.timeout.min)
2023-06-28 21:19:39,433 [omNode-3@group-523986131536-FollowerState] INFO  server.RaftServerConfigKeys (ConfUtils.java:logFallback(53)) - raft.server.rpc.first-election.timeout.max = 1200ms (fallback to raft.server.rpc.timeout.max)
2023-06-28 21:19:39,455 [Time-limited test] INFO  shell.TestOzoneShellHA (TestOzoneShellHA.java:execute(212)) - Executing OzoneShell command with args [key, put, o3://om-service-test1/volume10/bucketfso/key96, /home/runner/work/ozone/ozone/hadoop-ozone/integration-test/target/test-dir/TestOzoneShellHA/testFile]
2023-06-28 21:19:39,508 [Time-limited test] INFO  shell.TestOzoneShellHA (TestOzoneShellHA.java:execute(212)) - Executing OzoneShell command with args [key, put, o3://om-service-test1/volume10/bucketfso/key97, /home/runner/work/ozone/ozone/hadoop-ozone/integration-test/target/test-dir/TestOzoneShellHA/testFile]
2023-06-28 21:19:39,563 [Time-limited test] INFO  shell.TestOzoneShellHA (TestOzoneShellHA.java:execute(212)) - Executing OzoneShell command with args [key, put, o3://om-service-test1/volume10/bucketfso/key98, /home/runner/work/ozone/ozone/hadoop-ozone/integration-test/target/test-dir/TestOzoneShellHA/testFile]
2023-06-28 21:19:39,618 [Time-limited test] INFO  shell.TestOzoneShellHA (TestOzoneShellHA.java:execute(212)) - Executing OzoneShell command with args [key, put, o3://om-service-test1/volume10/bucketfso/key99, /home/runner/work/ozone/ozone/hadoop-ozone/integration-test/target/test-dir/TestOzoneShellHA/testFile]
2023-06-28 21:19:39,670 [Time-limited test] INFO  shell.TestOzoneShellHA (TestOzoneShellHA.java:execute(212)) - Executing OzoneShell command with args [volume, create, o3://om-service-test1/volume20]
2023-06-28 21:19:39,692 [Time-limited test] INFO  rpc.RpcClient (RpcClient.java:createVolume(460)) - Creating Volume: volume20, with runner as owner and space quota set to -1 bytes, counts quota set to -1
2023-06-28 21:19:39,694 [OM StateMachine ApplyTransaction Thread - 0] INFO  volume.OMVolumeCreateRequest (OMVolumeCreateRequest.java:validateAndUpdateCache(196)) - created volume:volume20 for user:runner
2023-06-28 21:19:39,695 [Time-limited test] INFO  shell.TestOzoneShellHA (TestOzoneShellHA.java:execute(212)) - Executing OzoneShell command with args [bucket, create, o3://om-service-test1/volume20/bucket2, --layout, FILE_SYSTEM_OPTIMIZED]
2023-06-28 21:19:39,704 [OM StateMachine ApplyTransaction Thread - 0] INFO  volume.OMVolumeCreateRequest (OMVolumeCreateRequest.java:validateAndUpdateCache(196)) - created volume:volume20 for user:runner
2023-06-28 21:19:39,704 [OM StateMachine ApplyTransaction Thread - 0] INFO  volume.OMVolumeCreateRequest (OMVolumeCreateRequest.java:validateAndUpdateCache(196)) - created volume:volume20 for user:runner
2023-06-28 21:19:39,719 [Time-limited test] INFO  rpc.RpcClient (RpcClient.java:createBucket(687)) - Creating Bucket: volume20/bucket2, with bucket layout FILE_SYSTEM_OPTIMIZED, runner as owner, Versioning false, Storage Type set to DISK and Encryption set to false, Replication Type set to server-side default replication type, Namespace Quota set to -1, Space Quota set to -1 
2023-06-28 21:19:39,721 [OM StateMachine ApplyTransaction Thread - 0] INFO  bucket.OMBucketCreateRequest (OMBucketCreateRequest.java:validateAndUpdateCache(270)) - created bucket: bucket2 of layout FILE_SYSTEM_OPTIMIZED in volume: volume20
2023-06-28 21:19:39,721 [Time-limited test] INFO  shell.TestOzoneShellHA (TestOzoneShellHA.java:execute(212)) - Executing OzoneShell command with args [key, put, o3://om-service-test1/volume20/bucket2/key0, /home/runner/work/ozone/ozone/hadoop-ozone/integration-test/target/test-dir/TestOzoneShellHA/testFile]
2023-06-28 21:19:39,731 [OM StateMachine ApplyTransaction Thread - 0] INFO  bucket.OMBucketCreateRequest (OMBucketCreateRequest.java:validateAndUpdateCache(270)) - created bucket: bucket2 of layout FILE_SYSTEM_OPTIMIZED in volume: volume20
2023-06-28 21:19:39,731 [OM StateMachine ApplyTransaction Thread - 0] INFO  bucket.OMBucketCreateRequest (OMBucketCreateRequest.java:validateAndUpdateCache(270)) - created bucket: bucket2 of layout FILE_SYSTEM_OPTIMIZED in volume: volume20
2023-06-28 21:19:39,770 [Time-limited test] INFO  shell.TestOzoneShellHA (TestOzoneShellHA.java:execute(212)) - Executing OzoneShell command with args [key, put, o3://om-service-test1/volume20/bucket2/key1, /home/runner/work/ozone/ozone/hadoop-ozone/integration-test/target/test-dir/TestOzoneShellHA/testFile]
2023-06-28 21:19:39,829 [Time-limited test] INFO  shell.TestOzoneShellHA (TestOzoneShellHA.java:execute(212)) - Executing OzoneShell command with args [key, put, o3://om-service-test1/volume20/bucket2/key2, /home/runner/work/ozone/ozone/hadoop-ozone/integration-test/target/test-dir/TestOzoneShellHA/testFile]
2023-06-28 21:19:39,883 [Time-limited test] INFO  shell.TestOzoneShellHA (TestOzoneShellHA.java:execute(212)) - Executing OzoneShell command with args [key, put, o3://om-service-test1/volume20/bucket2/key3, /home/runner/work/ozone/ozone/hadoop-ozone/integration-test/target/test-dir/TestOzoneShellHA/testFile]
2023-06-28 21:19:39,934 [Time-limited test] INFO  shell.TestOzoneShellHA (TestOzoneShellHA.java:execute(212)) - Executing OzoneShell command with args [key, put, o3://om-service-test1/volume20/bucket2/key4, /home/runner/work/ozone/ozone/hadoop-ozone/integration-test/target/test-dir/TestOzoneShellHA/testFile]
2023-06-28 21:19:39,983 [Time-limited test] INFO  shell.TestOzoneShellHA (TestOzoneShellHA.java:execute(212)) - Executing OzoneShell command with args [key, put, o3://om-service-test1/volume20/bucket2/key5, /home/runner/work/ozone/ozone/hadoop-ozone/integration-test/target/test-dir/TestOzoneShellHA/testFile]
2023-06-28 21:19:40,041 [Time-limited test] INFO  shell.TestOzoneShellHA (TestOzoneShellHA.java:execute(212)) - Executing OzoneShell command with args [key, put, o3://om-service-test1/volume20/bucket2/key6, /home/runner/work/ozone/ozone/hadoop-ozone/integration-test/target/test-dir/TestOzoneShellHA/testFile]
2023-06-28 21:19:40,091 [Time-limited test] INFO  shell.TestOzoneShellHA (TestOzoneShellHA.java:execute(212)) - Executing OzoneShell command with args [key, put, o3://om-service-test1/volume20/bucket2/key7, /home/runner/work/ozone/ozone/hadoop-ozone/integration-test/target/test-dir/TestOzoneShellHA/testFile]
2023-06-28 21:19:40,147 [Time-limited test] INFO  shell.TestOzoneShellHA (TestOzoneShellHA.java:execute(212)) - Executing OzoneShell command with args [key, put, o3://om-service-test1/volume20/bucket2/key8, /home/runner/work/ozone/ozone/hadoop-ozone/integration-test/target/test-dir/TestOzoneShellHA/testFile]
2023-06-28 21:19:40,316 [Time-limited test] INFO  shell.TestOzoneShellHA (TestOzoneShellHA.java:execute(212)) - Executing OzoneShell command with args [key, put, o3://om-service-test1/volume20/bucket2/key9, /home/runner/work/ozone/ozone/hadoop-ozone/integration-test/target/test-dir/TestOzoneShellHA/testFile]
2023-06-28 21:19:40,365 [Time-limited test] INFO  shell.TestOzoneShellHA (TestOzoneShellHA.java:execute(212)) - Executing OzoneShell command with args [key, put, o3://om-service-test1/volume20/bucket2/key10, /home/runner/work/ozone/ozone/hadoop-ozone/integration-test/target/test-dir/TestOzoneShellHA/testFile]
2023-06-28 21:19:40,409 [Time-limited test] INFO  shell.TestOzoneShellHA (TestOzoneShellHA.java:execute(212)) - Executing OzoneShell command with args [key, put, o3://om-service-test1/volume20/bucket2/key11, /home/runner/work/ozone/ozone/hadoop-ozone/integration-test/target/test-dir/TestOzoneShellHA/testFile]
2023-06-28 21:19:40,452 [Time-limited test] INFO  shell.TestOzoneShellHA (TestOzoneShellHA.java:execute(212)) - Executing OzoneShell command with args [key, put, o3://om-service-test1/volume20/bucket2/key12, /home/runner/work/ozone/ozone/hadoop-ozone/integration-test/target/test-dir/TestOzoneShellHA/testFile]
2023-06-28 21:19:40,505 [Time-limited test] INFO  shell.TestOzoneShellHA (TestOzoneShellHA.java:execute(212)) - Executing OzoneShell command with args [key, put, o3://om-service-test1/volume20/bucket2/key13, /home/runner/work/ozone/ozone/hadoop-ozone/integration-test/target/test-dir/TestOzoneShellHA/testFile]
2023-06-28 21:19:40,555 [Time-limited test] INFO  shell.TestOzoneShellHA (TestOzoneShellHA.java:execute(212)) - Executing OzoneShell command with args [key, put, o3://om-service-test1/volume20/bucket2/key14, /home/runner/work/ozone/ozone/hadoop-ozone/integration-test/target/test-dir/TestOzoneShellHA/testFile]
2023-06-28 21:19:40,573 [omNode-3@group-523986131536-FollowerState] INFO  server.RaftServerConfigKeys (ConfUtils.java:logFallback(53)) - raft.server.rpc.first-election.timeout.min = 1s (fallback to raft.server.rpc.timeout.min)
2023-06-28 21:19:40,573 [omNode-3@group-523986131536-FollowerState] INFO  server.RaftServerConfigKeys (ConfUtils.java:logFallback(53)) - raft.server.rpc.first-election.timeout.max = 1200ms (fallback to raft.server.rpc.timeout.max)
2023-06-28 21:19:40,605 [Time-limited test] INFO  shell.TestOzoneShellHA (TestOzoneShellHA.java:execute(212)) - Executing OzoneShell command with args [key, put, o3://om-service-test1/volume20/bucket2/key15, /home/runner/work/ozone/ozone/hadoop-ozone/integration-test/target/test-dir/TestOzoneShellHA/testFile]
2023-06-28 21:19:40,656 [Time-limited test] INFO  shell.TestOzoneShellHA (TestOzoneShellHA.java:execute(212)) - Executing OzoneShell command with args [key, put, o3://om-service-test1/volume20/bucket2/key16, /home/runner/work/ozone/ozone/hadoop-ozone/integration-test/target/test-dir/TestOzoneShellHA/testFile]
2023-06-28 21:19:40,712 [Time-limited test] INFO  shell.TestOzoneShellHA (TestOzoneShellHA.java:execute(212)) - Executing OzoneShell command with args [key, put, o3://om-service-test1/volume20/bucket2/key17, /home/runner/work/ozone/ozone/hadoop-ozone/integration-test/target/test-dir/TestOzoneShellHA/testFile]
2023-06-28 21:19:40,766 [Time-limited test] INFO  shell.TestOzoneShellHA (TestOzoneShellHA.java:execute(212)) - Executing OzoneShell command with args [key, put, o3://om-service-test1/volume20/bucket2/key18, /home/runner/work/ozone/ozone/hadoop-ozone/integration-test/target/test-dir/TestOzoneShellHA/testFile]
2023-06-28 21:19:40,820 [Time-limited test] INFO  shell.TestOzoneShellHA (TestOzoneShellHA.java:execute(212)) - Executing OzoneShell command with args [key, put, o3://om-service-test1/volume20/bucket2/key19, /home/runner/work/ozone/ozone/hadoop-ozone/integration-test/target/test-dir/TestOzoneShellHA/testFile]
2023-06-28 21:19:40,872 [Time-limited test] INFO  shell.TestOzoneShellHA (TestOzoneShellHA.java:execute(212)) - Executing OzoneShell command with args [key, put, o3://om-service-test1/volume20/bucket2/key20, /home/runner/work/ozone/ozone/hadoop-ozone/integration-test/target/test-dir/TestOzoneShellHA/testFile]
2023-06-28 21:19:40,926 [Time-limited test] INFO  shell.TestOzoneShellHA (TestOzoneShellHA.java:execute(212)) - Executing OzoneShell command with args [key, put, o3://om-service-test1/volume20/bucket2/key21, /home/runner/work/ozone/ozone/hadoop-ozone/integration-test/target/test-dir/TestOzoneShellHA/testFile]
2023-06-28 21:19:40,977 [Time-limited test] INFO  shell.TestOzoneShellHA (TestOzoneShellHA.java:execute(212)) - Executing OzoneShell command with args [key, put, o3://om-service-test1/volume20/bucket2/key22, /home/runner/work/ozone/ozone/hadoop-ozone/integration-test/target/test-dir/TestOzoneShellHA/testFile]
2023-06-28 21:19:41,028 [Time-limited test] INFO  shell.TestOzoneShellHA (TestOzoneShellHA.java:execute(212)) - Executing OzoneShell command with args [key, put, o3://om-service-test1/volume20/bucket2/key23, /home/runner/work/ozone/ozone/hadoop-ozone/integration-test/target/test-dir/TestOzoneShellHA/testFile]
2023-06-28 21:19:41,079 [Time-limited test] INFO  shell.TestOzoneShellHA (TestOzoneShellHA.java:execute(212)) - Executing OzoneShell command with args [key, put, o3://om-service-test1/volume20/bucket2/key24, /home/runner/work/ozone/ozone/hadoop-ozone/integration-test/target/test-dir/TestOzoneShellHA/testFile]
2023-06-28 21:19:41,119 [Time-limited test] INFO  shell.TestOzoneShellHA (TestOzoneShellHA.java:execute(212)) - Executing OzoneShell command with args [key, put, o3://om-service-test1/volume20/bucket2/key25, /home/runner/work/ozone/ozone/hadoop-ozone/integration-test/target/test-dir/TestOzoneShellHA/testFile]
2023-06-28 21:19:41,171 [Time-limited test] INFO  shell.TestOzoneShellHA (TestOzoneShellHA.java:execute(212)) - Executing OzoneShell command with args [key, put, o3://om-service-test1/volume20/bucket2/key26, /home/runner/work/ozone/ozone/hadoop-ozone/integration-test/target/test-dir/TestOzoneShellHA/testFile]
2023-06-28 21:19:41,223 [Time-limited test] INFO  shell.TestOzoneShellHA (TestOzoneShellHA.java:execute(212)) - Executing OzoneShell command with args [key, put, o3://om-service-test1/volume20/bucket2/key27, /home/runner/work/ozone/ozone/hadoop-ozone/integration-test/target/test-dir/TestOzoneShellHA/testFile]
2023-06-28 21:19:41,280 [Time-limited test] INFO  shell.TestOzoneShellHA (TestOzoneShellHA.java:execute(212)) - Executing OzoneShell command with args [key, put, o3://om-service-test1/volume20/bucket2/key28, /home/runner/work/ozone/ozone/hadoop-ozone/integration-test/target/test-dir/TestOzoneShellHA/testFile]
2023-06-28 21:19:41,332 [Time-limited test] INFO  shell.TestOzoneShellHA (TestOzoneShellHA.java:execute(212)) - Executing OzoneShell command with args [key, put, o3://om-service-test1/volume20/bucket2/key29, /home/runner/work/ozone/ozone/hadoop-ozone/integration-test/target/test-dir/TestOzoneShellHA/testFile]
2023-06-28 21:19:41,387 [Time-limited test] INFO  shell.TestOzoneShellHA (TestOzoneShellHA.java:execute(212)) - Executing OzoneShell command with args [key, put, o3://om-service-test1/volume20/bucket2/key30, /home/runner/work/ozone/ozone/hadoop-ozone/integration-test/target/test-dir/TestOzoneShellHA/testFile]
2023-06-28 21:19:41,441 [Time-limited test] INFO  shell.TestOzoneShellHA (TestOzoneShellHA.java:execute(212)) - Executing OzoneShell command with args [key, put, o3://om-service-test1/volume20/bucket2/key31, /home/runner/work/ozone/ozone/hadoop-ozone/integration-test/target/test-dir/TestOzoneShellHA/testFile]
2023-06-28 21:19:41,492 [Time-limited test] INFO  shell.TestOzoneShellHA (TestOzoneShellHA.java:execute(212)) - Executing OzoneShell command with args [key, put, o3://om-service-test1/volume20/bucket2/key32, /home/runner/work/ozone/ozone/hadoop-ozone/integration-test/target/test-dir/TestOzoneShellHA/testFile]
2023-06-28 21:19:41,548 [Time-limited test] INFO  shell.TestOzoneShellHA (TestOzoneShellHA.java:execute(212)) - Executing OzoneShell command with args [key, put, o3://om-service-test1/volume20/bucket2/key33, /home/runner/work/ozone/ozone/hadoop-ozone/integration-test/target/test-dir/TestOzoneShellHA/testFile]
2023-06-28 21:19:41,599 [Time-limited test] INFO  shell.TestOzoneShellHA (TestOzoneShellHA.java:execute(212)) - Executing OzoneShell command with args [key, put, o3://om-service-test1/volume20/bucket2/key34, /home/runner/work/ozone/ozone/hadoop-ozone/integration-test/target/test-dir/TestOzoneShellHA/testFile]
2023-06-28 21:19:41,661 [omNode-3@group-523986131536-FollowerState] INFO  server.RaftServerConfigKeys (ConfUtils.java:logFallback(53)) - raft.server.rpc.first-election.timeout.min = 1s (fallback to raft.server.rpc.timeout.min)
2023-06-28 21:19:41,661 [omNode-3@group-523986131536-FollowerState] INFO  server.RaftServerConfigKeys (ConfUtils.java:logFallback(53)) - raft.server.rpc.first-election.timeout.max = 1200ms (fallback to raft.server.rpc.timeout.max)
2023-06-28 21:19:41,671 [Time-limited test] INFO  shell.TestOzoneShellHA (TestOzoneShellHA.java:execute(212)) - Executing OzoneShell command with args [key, put, o3://om-service-test1/volume20/bucket2/key35, /home/runner/work/ozone/ozone/hadoop-ozone/integration-test/target/test-dir/TestOzoneShellHA/testFile]
2023-06-28 21:19:41,722 [Time-limited test] INFO  shell.TestOzoneShellHA (TestOzoneShellHA.java:execute(212)) - Executing OzoneShell command with args [key, put, o3://om-service-test1/volume20/bucket2/key36, /home/runner/work/ozone/ozone/hadoop-ozone/integration-test/target/test-dir/TestOzoneShellHA/testFile]
2023-06-28 21:19:41,775 [Time-limited test] INFO  shell.TestOzoneShellHA (TestOzoneShellHA.java:execute(212)) - Executing OzoneShell command with args [key, put, o3://om-service-test1/volume20/bucket2/key37, /home/runner/work/ozone/ozone/hadoop-ozone/integration-test/target/test-dir/TestOzoneShellHA/testFile]
2023-06-28 21:19:41,825 [Time-limited test] INFO  shell.TestOzoneShellHA (TestOzoneShellHA.java:execute(212)) - Executing OzoneShell command with args [key, put, o3://om-service-test1/volume20/bucket2/key38, /home/runner/work/ozone/ozone/hadoop-ozone/integration-test/target/test-dir/TestOzoneShellHA/testFile]
2023-06-28 21:19:41,876 [Time-limited test] INFO  shell.TestOzoneShellHA (TestOzoneShellHA.java:execute(212)) - Executing OzoneShell command with args [key, put, o3://om-service-test1/volume20/bucket2/key39, /home/runner/work/ozone/ozone/hadoop-ozone/integration-test/target/test-dir/TestOzoneShellHA/testFile]
2023-06-28 21:19:41,927 [Time-limited test] INFO  shell.TestOzoneShellHA (TestOzoneShellHA.java:execute(212)) - Executing OzoneShell command with args [key, put, o3://om-service-test1/volume20/bucket2/key40, /home/runner/work/ozone/ozone/hadoop-ozone/integration-test/target/test-dir/TestOzoneShellHA/testFile]
2023-06-28 21:19:41,976 [Time-limited test] INFO  shell.TestOzoneShellHA (TestOzoneShellHA.java:execute(212)) - Executing OzoneShell command with args [key, put, o3://om-service-test1/volume20/bucket2/key41, /home/runner/work/ozone/ozone/hadoop-ozone/integration-test/target/test-dir/TestOzoneShellHA/testFile]
2023-06-28 21:19:42,026 [Time-limited test] INFO  shell.TestOzoneShellHA (TestOzoneShellHA.java:execute(212)) - Executing OzoneShell command with args [key, put, o3://om-service-test1/volume20/bucket2/key42, /home/runner/work/ozone/ozone/hadoop-ozone/integration-test/target/test-dir/TestOzoneShellHA/testFile]
2023-06-28 21:19:42,075 [Time-limited test] INFO  shell.TestOzoneShellHA (TestOzoneShellHA.java:execute(212)) - Executing OzoneShell command with args [key, put, o3://om-service-test1/volume20/bucket2/key43, /home/runner/work/ozone/ozone/hadoop-ozone/integration-test/target/test-dir/TestOzoneShellHA/testFile]
2023-06-28 21:19:42,125 [Time-limited test] INFO  shell.TestOzoneShellHA (TestOzoneShellHA.java:execute(212)) - Executing OzoneShell command with args [key, put, o3://om-service-test1/volume20/bucket2/key44, /home/runner/work/ozone/ozone/hadoop-ozone/integration-test/target/test-dir/TestOzoneShellHA/testFile]
2023-06-28 21:19:42,177 [Time-limited test] INFO  shell.TestOzoneShellHA (TestOzoneShellHA.java:execute(212)) - Executing OzoneShell command with args [key, put, o3://om-service-test1/volume20/bucket2/key45, /home/runner/work/ozone/ozone/hadoop-ozone/integration-test/target/test-dir/TestOzoneShellHA/testFile]
2023-06-28 21:19:42,230 [Time-limited test] INFO  shell.TestOzoneShellHA (TestOzoneShellHA.java:execute(212)) - Executing OzoneShell command with args [key, put, o3://om-service-test1/volume20/bucket2/key46, /home/runner/work/ozone/ozone/hadoop-ozone/integration-test/target/test-dir/TestOzoneShellHA/testFile]
2023-06-28 21:19:42,279 [Time-limited test] INFO  shell.TestOzoneShellHA (TestOzoneShellHA.java:execute(212)) - Executing OzoneShell command with args [key, put, o3://om-service-test1/volume20/bucket2/key47, /home/runner/work/ozone/ozone/hadoop-ozone/integration-test/target/test-dir/TestOzoneShellHA/testFile]
2023-06-28 21:19:42,329 [Time-limited test] INFO  shell.TestOzoneShellHA (TestOzoneShellHA.java:execute(212)) - Executing OzoneShell command with args [key, put, o3://om-service-test1/volume20/bucket2/key48, /home/runner/work/ozone/ozone/hadoop-ozone/integration-test/target/test-dir/TestOzoneShellHA/testFile]
2023-06-28 21:19:42,378 [Time-limited test] INFO  shell.TestOzoneShellHA (TestOzoneShellHA.java:execute(212)) - Executing OzoneShell command with args [key, put, o3://om-service-test1/volume20/bucket2/key49, /home/runner/work/ozone/ozone/hadoop-ozone/integration-test/target/test-dir/TestOzoneShellHA/testFile]
2023-06-28 21:19:42,427 [Time-limited test] INFO  shell.TestOzoneShellHA (TestOzoneShellHA.java:execute(212)) - Executing OzoneShell command with args [key, put, o3://om-service-test1/volume20/bucket2/key50, /home/runner/work/ozone/ozone/hadoop-ozone/integration-test/target/test-dir/TestOzoneShellHA/testFile]
2023-06-28 21:19:42,485 [Time-limited test] INFO  shell.TestOzoneShellHA (TestOzoneShellHA.java:execute(212)) - Executing OzoneShell command with args [key, put, o3://om-service-test1/volume20/bucket2/key51, /home/runner/work/ozone/ozone/hadoop-ozone/integration-test/target/test-dir/TestOzoneShellHA/testFile]
2023-06-28 21:19:42,540 [Time-limited test] INFO  shell.TestOzoneShellHA (TestOzoneShellHA.java:execute(212)) - Executing OzoneShell command with args [key, put, o3://om-service-test1/volume20/bucket2/key52, /home/runner/work/ozone/ozone/hadoop-ozone/integration-test/target/test-dir/TestOzoneShellHA/testFile]
2023-06-28 21:19:42,601 [Time-limited test] INFO  shell.TestOzoneShellHA (TestOzoneShellHA.java:execute(212)) - Executing OzoneShell command with args [key, put, o3://om-service-test1/volume20/bucket2/key53, /home/runner/work/ozone/ozone/hadoop-ozone/integration-test/target/test-dir/TestOzoneShellHA/testFile]
2023-06-28 21:19:42,653 [Time-limited test] INFO  shell.TestOzoneShellHA (TestOzoneShellHA.java:execute(212)) - Executing OzoneShell command with args [key, put, o3://om-service-test1/volume20/bucket2/key54, /home/runner/work/ozone/ozone/hadoop-ozone/integration-test/target/test-dir/TestOzoneShellHA/testFile]
2023-06-28 21:19:42,702 [Time-limited test] INFO  shell.TestOzoneShellHA (TestOzoneShellHA.java:execute(212)) - Executing OzoneShell command with args [key, put, o3://om-service-test1/volume20/bucket2/key55, /home/runner/work/ozone/ozone/hadoop-ozone/integration-test/target/test-dir/TestOzoneShellHA/testFile]
2023-06-28 21:19:42,736 [omNode-3@group-523986131536-FollowerState] INFO  server.RaftServerConfigKeys (ConfUtils.java:logFallback(53)) - raft.server.rpc.first-election.timeout.min = 1s (fallback to raft.server.rpc.timeout.min)
2023-06-28 21:19:42,736 [omNode-3@group-523986131536-FollowerState] INFO  server.RaftServerConfigKeys (ConfUtils.java:logFallback(53)) - raft.server.rpc.first-election.timeout.max = 1200ms (fallback to raft.server.rpc.timeout.max)
2023-06-28 21:19:42,755 [Time-limited test] INFO  shell.TestOzoneShellHA (TestOzoneShellHA.java:execute(212)) - Executing OzoneShell command with args [key, put, o3://om-service-test1/volume20/bucket2/key56, /home/runner/work/ozone/ozone/hadoop-ozone/integration-test/target/test-dir/TestOzoneShellHA/testFile]
2023-06-28 21:19:42,808 [Time-limited test] INFO  shell.TestOzoneShellHA (TestOzoneShellHA.java:execute(212)) - Executing OzoneShell command with args [key, put, o3://om-service-test1/volume20/bucket2/key57, /home/runner/work/ozone/ozone/hadoop-ozone/integration-test/target/test-dir/TestOzoneShellHA/testFile]
2023-06-28 21:19:42,858 [Time-limited test] INFO  shell.TestOzoneShellHA (TestOzoneShellHA.java:execute(212)) - Executing OzoneShell command with args [key, put, o3://om-service-test1/volume20/bucket2/key58, /home/runner/work/ozone/ozone/hadoop-ozone/integration-test/target/test-dir/TestOzoneShellHA/testFile]
2023-06-28 21:19:42,914 [Time-limited test] INFO  shell.TestOzoneShellHA (TestOzoneShellHA.java:execute(212)) - Executing OzoneShell command with args [key, put, o3://om-service-test1/volume20/bucket2/key59, /home/runner/work/ozone/ozone/hadoop-ozone/integration-test/target/test-dir/TestOzoneShellHA/testFile]
2023-06-28 21:19:42,969 [Time-limited test] INFO  shell.TestOzoneShellHA (TestOzoneShellHA.java:execute(212)) - Executing OzoneShell command with args [key, put, o3://om-service-test1/volume20/bucket2/key60, /home/runner/work/ozone/ozone/hadoop-ozone/integration-test/target/test-dir/TestOzoneShellHA/testFile]
2023-06-28 21:19:43,019 [Time-limited test] INFO  shell.TestOzoneShellHA (TestOzoneShellHA.java:execute(212)) - Executing OzoneShell command with args [key, put, o3://om-service-test1/volume20/bucket2/key61, /home/runner/work/ozone/ozone/hadoop-ozone/integration-test/target/test-dir/TestOzoneShellHA/testFile]
2023-06-28 21:19:43,075 [Time-limited test] INFO  shell.TestOzoneShellHA (TestOzoneShellHA.java:execute(212)) - Executing OzoneShell command with args [key, put, o3://om-service-test1/volume20/bucket2/key62, /home/runner/work/ozone/ozone/hadoop-ozone/integration-test/target/test-dir/TestOzoneShellHA/testFile]
2023-06-28 21:19:43,126 [Time-limited test] INFO  shell.TestOzoneShellHA (TestOzoneShellHA.java:execute(212)) - Executing OzoneShell command with args [key, put, o3://om-service-test1/volume20/bucket2/key63, /home/runner/work/ozone/ozone/hadoop-ozone/integration-test/target/test-dir/TestOzoneShellHA/testFile]
2023-06-28 21:19:43,178 [Time-limited test] INFO  shell.TestOzoneShellHA (TestOzoneShellHA.java:execute(212)) - Executing OzoneShell command with args [key, put, o3://om-service-test1/volume20/bucket2/key64, /home/runner/work/ozone/ozone/hadoop-ozone/integration-test/target/test-dir/TestOzoneShellHA/testFile]
2023-06-28 21:19:43,229 [Time-limited test] INFO  shell.TestOzoneShellHA (TestOzoneShellHA.java:execute(212)) - Executing OzoneShell command with args [key, put, o3://om-service-test1/volume20/bucket2/key65, /home/runner/work/ozone/ozone/hadoop-ozone/integration-test/target/test-dir/TestOzoneShellHA/testFile]
2023-06-28 21:19:43,280 [Time-limited test] INFO  shell.TestOzoneShellHA (TestOzoneShellHA.java:execute(212)) - Executing OzoneShell command with args [key, put, o3://om-service-test1/volume20/bucket2/key66, /home/runner/work/ozone/ozone/hadoop-ozone/integration-test/target/test-dir/TestOzoneShellHA/testFile]
2023-06-28 21:19:43,336 [Time-limited test] INFO  shell.TestOzoneShellHA (TestOzoneShellHA.java:execute(212)) - Executing OzoneShell command with args [key, put, o3://om-service-test1/volume20/bucket2/key67, /home/runner/work/ozone/ozone/hadoop-ozone/integration-test/target/test-dir/TestOzoneShellHA/testFile]
2023-06-28 21:19:43,388 [Time-limited test] INFO  shell.TestOzoneShellHA (TestOzoneShellHA.java:execute(212)) - Executing OzoneShell command with args [key, put, o3://om-service-test1/volume20/bucket2/key68, /home/runner/work/ozone/ozone/hadoop-ozone/integration-test/target/test-dir/TestOzoneShellHA/testFile]
2023-06-28 21:19:43,438 [Time-limited test] INFO  shell.TestOzoneShellHA (TestOzoneShellHA.java:execute(212)) - Executing OzoneShell command with args [key, put, o3://om-service-test1/volume20/bucket2/key69, /home/runner/work/ozone/ozone/hadoop-ozone/integration-test/target/test-dir/TestOzoneShellHA/testFile]
2023-06-28 21:19:43,488 [Time-limited test] INFO  shell.TestOzoneShellHA (TestOzoneShellHA.java:execute(212)) - Executing OzoneShell command with args [key, put, o3://om-service-test1/volume20/bucket2/key70, /home/runner/work/ozone/ozone/hadoop-ozone/integration-test/target/test-dir/TestOzoneShellHA/testFile]
2023-06-28 21:19:43,539 [Time-limited test] INFO  shell.TestOzoneShellHA (TestOzoneShellHA.java:execute(212)) - Executing OzoneShell command with args [key, put, o3://om-service-test1/volume20/bucket2/key71, /home/runner/work/ozone/ozone/hadoop-ozone/integration-test/target/test-dir/TestOzoneShellHA/testFile]
2023-06-28 21:19:43,590 [Time-limited test] INFO  shell.TestOzoneShellHA (TestOzoneShellHA.java:execute(212)) - Executing OzoneShell command with args [key, put, o3://om-service-test1/volume20/bucket2/key72, /home/runner/work/ozone/ozone/hadoop-ozone/integration-test/target/test-dir/TestOzoneShellHA/testFile]
2023-06-28 21:19:43,643 [Time-limited test] INFO  shell.TestOzoneShellHA (TestOzoneShellHA.java:execute(212)) - Executing OzoneShell command with args [key, put, o3://om-service-test1/volume20/bucket2/key73, /home/runner/work/ozone/ozone/hadoop-ozone/integration-test/target/test-dir/TestOzoneShellHA/testFile]
2023-06-28 21:19:43,696 [Time-limited test] INFO  shell.TestOzoneShellHA (TestOzoneShellHA.java:execute(212)) - Executing OzoneShell command with args [key, put, o3://om-service-test1/volume20/bucket2/key74, /home/runner/work/ozone/ozone/hadoop-ozone/integration-test/target/test-dir/TestOzoneShellHA/testFile]
2023-06-28 21:19:43,748 [Time-limited test] INFO  shell.TestOzoneShellHA (TestOzoneShellHA.java:execute(212)) - Executing OzoneShell command with args [key, put, o3://om-service-test1/volume20/bucket2/key75, /home/runner/work/ozone/ozone/hadoop-ozone/integration-test/target/test-dir/TestOzoneShellHA/testFile]
2023-06-28 21:19:43,799 [Time-limited test] INFO  shell.TestOzoneShellHA (TestOzoneShellHA.java:execute(212)) - Executing OzoneShell command with args [key, put, o3://om-service-test1/volume20/bucket2/key76, /home/runner/work/ozone/ozone/hadoop-ozone/integration-test/target/test-dir/TestOzoneShellHA/testFile]
2023-06-28 21:19:43,847 [Time-limited test] INFO  shell.TestOzoneShellHA (TestOzoneShellHA.java:execute(212)) - Executing OzoneShell command with args [key, put, o3://om-service-test1/volume20/bucket2/key77, /home/runner/work/ozone/ozone/hadoop-ozone/integration-test/target/test-dir/TestOzoneShellHA/testFile]
2023-06-28 21:19:43,897 [Time-limited test] INFO  shell.TestOzoneShellHA (TestOzoneShellHA.java:execute(212)) - Executing OzoneShell command with args [key, put, o3://om-service-test1/volume20/bucket2/key78, /home/runner/work/ozone/ozone/hadoop-ozone/integration-test/target/test-dir/TestOzoneShellHA/testFile]
2023-06-28 21:19:43,914 [omNode-3@group-523986131536-FollowerState] INFO  server.RaftServerConfigKeys (ConfUtils.java:logFallback(53)) - raft.server.rpc.first-election.timeout.min = 1s (fallback to raft.server.rpc.timeout.min)
2023-06-28 21:19:43,914 [omNode-3@group-523986131536-FollowerState] INFO  server.RaftServerConfigKeys (ConfUtils.java:logFallback(53)) - raft.server.rpc.first-election.timeout.max = 1200ms (fallback to raft.server.rpc.timeout.max)
2023-06-28 21:19:43,947 [Time-limited test] INFO  shell.TestOzoneShellHA (TestOzoneShellHA.java:execute(212)) - Executing OzoneShell command with args [key, put, o3://om-service-test1/volume20/bucket2/key79, /home/runner/work/ozone/ozone/hadoop-ozone/integration-test/target/test-dir/TestOzoneShellHA/testFile]
2023-06-28 21:19:43,996 [Time-limited test] INFO  shell.TestOzoneShellHA (TestOzoneShellHA.java:execute(212)) - Executing OzoneShell command with args [key, put, o3://om-service-test1/volume20/bucket2/key80, /home/runner/work/ozone/ozone/hadoop-ozone/integration-test/target/test-dir/TestOzoneShellHA/testFile]
2023-06-28 21:19:44,045 [Time-limited test] INFO  shell.TestOzoneShellHA (TestOzoneShellHA.java:execute(212)) - Executing OzoneShell command with args [key, put, o3://om-service-test1/volume20/bucket2/key81, /home/runner/work/ozone/ozone/hadoop-ozone/integration-test/target/test-dir/TestOzoneShellHA/testFile]
2023-06-28 21:19:44,098 [Time-limited test] INFO  shell.TestOzoneShellHA (TestOzoneShellHA.java:execute(212)) - Executing OzoneShell command with args [key, put, o3://om-service-test1/volume20/bucket2/key82, /home/runner/work/ozone/ozone/hadoop-ozone/integration-test/target/test-dir/TestOzoneShellHA/testFile]
2023-06-28 21:19:44,152 [Time-limited test] INFO  shell.TestOzoneShellHA (TestOzoneShellHA.java:execute(212)) - Executing OzoneShell command with args [key, put, o3://om-service-test1/volume20/bucket2/key83, /home/runner/work/ozone/ozone/hadoop-ozone/integration-test/target/test-dir/TestOzoneShellHA/testFile]
2023-06-28 21:19:44,206 [Time-limited test] INFO  shell.TestOzoneShellHA (TestOzoneShellHA.java:execute(212)) - Executing OzoneShell command with args [key, put, o3://om-service-test1/volume20/bucket2/key84, /home/runner/work/ozone/ozone/hadoop-ozone/integration-test/target/test-dir/TestOzoneShellHA/testFile]
2023-06-28 21:19:44,262 [Time-limited test] INFO  shell.TestOzoneShellHA (TestOzoneShellHA.java:execute(212)) - Executing OzoneShell command with args [key, put, o3://om-service-test1/volume20/bucket2/key85, /home/runner/work/ozone/ozone/hadoop-ozone/integration-test/target/test-dir/TestOzoneShellHA/testFile]
2023-06-28 21:19:44,313 [Time-limited test] INFO  shell.TestOzoneShellHA (TestOzoneShellHA.java:execute(212)) - Executing OzoneShell command with args [key, put, o3://om-service-test1/volume20/bucket2/key86, /home/runner/work/ozone/ozone/hadoop-ozone/integration-test/target/test-dir/TestOzoneShellHA/testFile]
2023-06-28 21:19:44,369 [Time-limited test] INFO  shell.TestOzoneShellHA (TestOzoneShellHA.java:execute(212)) - Executing OzoneShell command with args [key, put, o3://om-service-test1/volume20/bucket2/key87, /home/runner/work/ozone/ozone/hadoop-ozone/integration-test/target/test-dir/TestOzoneShellHA/testFile]
2023-06-28 21:19:44,422 [Time-limited test] INFO  shell.TestOzoneShellHA (TestOzoneShellHA.java:execute(212)) - Executing OzoneShell command with args [key, put, o3://om-service-test1/volume20/bucket2/key88, /home/runner/work/ozone/ozone/hadoop-ozone/integration-test/target/test-dir/TestOzoneShellHA/testFile]
2023-06-28 21:19:44,472 [Time-limited test] INFO  shell.TestOzoneShellHA (TestOzoneShellHA.java:execute(212)) - Executing OzoneShell command with args [key, put, o3://om-service-test1/volume20/bucket2/key89, /home/runner/work/ozone/ozone/hadoop-ozone/integration-test/target/test-dir/TestOzoneShellHA/testFile]
2023-06-28 21:19:44,520 [Time-limited test] INFO  shell.TestOzoneShellHA (TestOzoneShellHA.java:execute(212)) - Executing OzoneShell command with args [key, put, o3://om-service-test1/volume20/bucket2/key90, /home/runner/work/ozone/ozone/hadoop-ozone/integration-test/target/test-dir/TestOzoneShellHA/testFile]
2023-06-28 21:19:44,575 [Time-limited test] INFO  shell.TestOzoneShellHA (TestOzoneShellHA.java:execute(212)) - Executing OzoneShell command with args [key, put, o3://om-service-test1/volume20/bucket2/key91, /home/runner/work/ozone/ozone/hadoop-ozone/integration-test/target/test-dir/TestOzoneShellHA/testFile]
2023-06-28 21:19:44,627 [Time-limited test] INFO  shell.TestOzoneShellHA (TestOzoneShellHA.java:execute(212)) - Executing OzoneShell command with args [key, put, o3://om-service-test1/volume20/bucket2/key92, /home/runner/work/ozone/ozone/hadoop-ozone/integration-test/target/test-dir/TestOzoneShellHA/testFile]
2023-06-28 21:19:44,680 [Time-limited test] INFO  shell.TestOzoneShellHA (TestOzoneShellHA.java:execute(212)) - Executing OzoneShell command with args [key, put, o3://om-service-test1/volume20/bucket2/key93, /home/runner/work/ozone/ozone/hadoop-ozone/integration-test/target/test-dir/TestOzoneShellHA/testFile]
2023-06-28 21:19:44,731 [Time-limited test] INFO  shell.TestOzoneShellHA (TestOzoneShellHA.java:execute(212)) - Executing OzoneShell command with args [key, put, o3://om-service-test1/volume20/bucket2/key94, /home/runner/work/ozone/ozone/hadoop-ozone/integration-test/target/test-dir/TestOzoneShellHA/testFile]
2023-06-28 21:19:44,784 [Time-limited test] INFO  shell.TestOzoneShellHA (TestOzoneShellHA.java:execute(212)) - Executing OzoneShell command with args [key, put, o3://om-service-test1/volume20/bucket2/key95, /home/runner/work/ozone/ozone/hadoop-ozone/integration-test/target/test-dir/TestOzoneShellHA/testFile]
2023-06-28 21:19:44,836 [Time-limited test] INFO  shell.TestOzoneShellHA (TestOzoneShellHA.java:execute(212)) - Executing OzoneShell command with args [key, put, o3://om-service-test1/volume20/bucket2/key96, /home/runner/work/ozone/ozone/hadoop-ozone/integration-test/target/test-dir/TestOzoneShellHA/testFile]
2023-06-28 21:19:44,888 [Time-limited test] INFO  shell.TestOzoneShellHA (TestOzoneShellHA.java:execute(212)) - Executing OzoneShell command with args [key, put, o3://om-service-test1/volume20/bucket2/key97, /home/runner/work/ozone/ozone/hadoop-ozone/integration-test/target/test-dir/TestOzoneShellHA/testFile]
2023-06-28 21:19:44,922 [omNode-3@group-523986131536-FollowerState] INFO  server.RaftServerConfigKeys (ConfUtils.java:logFallback(53)) - raft.server.rpc.first-election.timeout.min = 1s (fallback to raft.server.rpc.timeout.min)
2023-06-28 21:19:44,922 [omNode-3@group-523986131536-FollowerState] INFO  server.RaftServerConfigKeys (ConfUtils.java:logFallback(53)) - raft.server.rpc.first-election.timeout.max = 1200ms (fallback to raft.server.rpc.timeout.max)
2023-06-28 21:19:44,950 [Time-limited test] INFO  shell.TestOzoneShellHA (TestOzoneShellHA.java:execute(212)) - Executing OzoneShell command with args [key, put, o3://om-service-test1/volume20/bucket2/key98, /home/runner/work/ozone/ozone/hadoop-ozone/integration-test/target/test-dir/TestOzoneShellHA/testFile]
2023-06-28 21:19:45,004 [Time-limited test] INFO  shell.TestOzoneShellHA (TestOzoneShellHA.java:execute(212)) - Executing OzoneShell command with args [key, put, o3://om-service-test1/volume20/bucket2/key99, /home/runner/work/ozone/ozone/hadoop-ozone/integration-test/target/test-dir/TestOzoneShellHA/testFile]
2023-06-28 21:19:45,055 [Time-limited test] INFO  shell.TestOzoneShellHA (TestOzoneShellHA.java:execute(212)) - Executing OzoneShell command with args [bucket, create, --layout, OBJECT_STORE, volume10/bucketobs]
2023-06-28 21:19:45,080 [Time-limited test] INFO  rpc.RpcClient (RpcClient.java:createBucket(687)) - Creating Bucket: volume10/bucketobs, with bucket layout OBJECT_STORE, runner as owner, Versioning false, Storage Type set to DISK and Encryption set to false, Replication Type set to server-side default replication type, Namespace Quota set to -1, Space Quota set to -1 
2023-06-28 21:19:45,083 [OM StateMachine ApplyTransaction Thread - 0] INFO  bucket.OMBucketCreateRequest (OMBucketCreateRequest.java:validateAndUpdateCache(270)) - created bucket: bucketobs of layout OBJECT_STORE in volume: volume10
2023-06-28 21:19:45,084 [Time-limited test] INFO  shell.TestOzoneShellHA (TestOzoneShellHA.java:execute(212)) - Executing OzoneShell command with args [key, put, o3://om-service-test1/volume10/bucketobs/key0, /home/runner/work/ozone/ozone/hadoop-ozone/integration-test/target/test-dir/TestOzoneShellHA/testFile]
2023-06-28 21:19:45,093 [OM StateMachine ApplyTransaction Thread - 0] INFO  bucket.OMBucketCreateRequest (OMBucketCreateRequest.java:validateAndUpdateCache(270)) - created bucket: bucketobs of layout OBJECT_STORE in volume: volume10
2023-06-28 21:19:45,094 [OM StateMachine ApplyTransaction Thread - 0] INFO  bucket.OMBucketCreateRequest (OMBucketCreateRequest.java:validateAndUpdateCache(270)) - created bucket: bucketobs of layout OBJECT_STORE in volume: volume10
2023-06-28 21:19:45,143 [Time-limited test] INFO  shell.TestOzoneShellHA (TestOzoneShellHA.java:execute(212)) - Executing OzoneShell command with args [key, put, o3://om-service-test1/volume10/bucketobs/key1, /home/runner/work/ozone/ozone/hadoop-ozone/integration-test/target/test-dir/TestOzoneShellHA/testFile]
2023-06-28 21:19:45,214 [Time-limited test] INFO  shell.TestOzoneShellHA (TestOzoneShellHA.java:execute(212)) - Executing OzoneShell command with args [key, put, o3://om-service-test1/volume10/bucketobs/key2, /home/runner/work/ozone/ozone/hadoop-ozone/integration-test/target/test-dir/TestOzoneShellHA/testFile]
2023-06-28 21:19:45,263 [Time-limited test] INFO  shell.TestOzoneShellHA (TestOzoneShellHA.java:execute(212)) - Executing OzoneShell command with args [key, put, o3://om-service-test1/volume10/bucketobs/key3, /home/runner/work/ozone/ozone/hadoop-ozone/integration-test/target/test-dir/TestOzoneShellHA/testFile]
2023-06-28 21:19:45,316 [Time-limited test] INFO  shell.TestOzoneShellHA (TestOzoneShellHA.java:execute(212)) - Executing OzoneShell command with args [key, put, o3://om-service-test1/volume10/bucketobs/key4, /home/runner/work/ozone/ozone/hadoop-ozone/integration-test/target/test-dir/TestOzoneShellHA/testFile]
2023-06-28 21:19:45,489 [Time-limited test] INFO  shell.TestOzoneShellHA (TestOzoneShellHA.java:execute(212)) - Executing OzoneShell command with args [bucket, create, --layout, LEGACY, volume10/bucketlegacy]
2023-06-28 21:19:45,513 [Time-limited test] INFO  rpc.RpcClient (RpcClient.java:createBucket(687)) - Creating Bucket: volume10/bucketlegacy, with bucket layout LEGACY, runner as owner, Versioning false, Storage Type set to DISK and Encryption set to false, Replication Type set to server-side default replication type, Namespace Quota set to -1, Space Quota set to -1 
2023-06-28 21:19:45,515 [OM StateMachine ApplyTransaction Thread - 0] INFO  bucket.OMBucketCreateRequest (OMBucketCreateRequest.java:validateAndUpdateCache(270)) - created bucket: bucketlegacy of layout LEGACY in volume: volume10
2023-06-28 21:19:45,516 [Time-limited test] INFO  shell.TestOzoneShellHA (TestOzoneShellHA.java:execute(212)) - Executing OzoneShell command with args [key, put, o3://om-service-test1/volume10/bucketlegacy/key0, /home/runner/work/ozone/ozone/hadoop-ozone/integration-test/target/test-dir/TestOzoneShellHA/testFile]
2023-06-28 21:19:45,525 [OM StateMachine ApplyTransaction Thread - 0] INFO  bucket.OMBucketCreateRequest (OMBucketCreateRequest.java:validateAndUpdateCache(270)) - created bucket: bucketlegacy of layout LEGACY in volume: volume10
2023-06-28 21:19:45,526 [OM StateMachine ApplyTransaction Thread - 0] INFO  bucket.OMBucketCreateRequest (OMBucketCreateRequest.java:validateAndUpdateCache(270)) - created bucket: bucketlegacy of layout LEGACY in volume: volume10
2023-06-28 21:19:45,563 [Time-limited test] INFO  shell.TestOzoneShellHA (TestOzoneShellHA.java:execute(212)) - Executing OzoneShell command with args [key, put, o3://om-service-test1/volume10/bucketlegacy/key1, /home/runner/work/ozone/ozone/hadoop-ozone/integration-test/target/test-dir/TestOzoneShellHA/testFile]
2023-06-28 21:19:45,614 [Time-limited test] INFO  shell.TestOzoneShellHA (TestOzoneShellHA.java:execute(212)) - Executing OzoneShell command with args [key, put, o3://om-service-test1/volume10/bucketlegacy/key2, /home/runner/work/ozone/ozone/hadoop-ozone/integration-test/target/test-dir/TestOzoneShellHA/testFile]
2023-06-28 21:19:45,664 [Time-limited test] INFO  shell.TestOzoneShellHA (TestOzoneShellHA.java:execute(212)) - Executing OzoneShell command with args [key, put, o3://om-service-test1/volume10/bucketlegacy/key3, /home/runner/work/ozone/ozone/hadoop-ozone/integration-test/target/test-dir/TestOzoneShellHA/testFile]
2023-06-28 21:19:45,714 [Time-limited test] INFO  shell.TestOzoneShellHA (TestOzoneShellHA.java:execute(212)) - Executing OzoneShell command with args [key, put, o3://om-service-test1/volume10/bucketlegacy/key4, /home/runner/work/ozone/ozone/hadoop-ozone/integration-test/target/test-dir/TestOzoneShellHA/testFile]
2023-06-28 21:19:45,773 [Time-limited test] INFO  shell.TestOzoneShellHA (TestOzoneShellHA.java:execute(212)) - Executing OzoneShell command with args [volume, delete, volume10]
21:19:45.808 [OM StateMachine ApplyTransaction Thread - 0] ERROR OMAudit - user=runner | ip=127.0.0.1 | op=DELETE_VOLUME {volume=volume10} | ret=FAILURE
org.apache.hadoop.ozone.om.exceptions.OMException: null
	at org.apache.hadoop.ozone.om.request.volume.OMVolumeDeleteRequest.validateAndUpdateCache(OMVolumeDeleteRequest.java:121) ~[ozone-manager-1.4.0-SNAPSHOT.jar:?]
	at org.apache.hadoop.ozone.protocolPB.OzoneManagerRequestHandler.handleWriteRequest(OzoneManagerRequestHandler.java:360) ~[ozone-manager-1.4.0-SNAPSHOT.jar:?]
	at org.apache.hadoop.ozone.om.ratis.OzoneManagerStateMachine.runCommand(OzoneManagerStateMachine.java:567) ~[ozone-manager-1.4.0-SNAPSHOT.jar:?]
	at org.apache.hadoop.ozone.om.ratis.OzoneManagerStateMachine.lambda$1(OzoneManagerStateMachine.java:358) ~[ozone-manager-1.4.0-SNAPSHOT.jar:?]
	at java.util.concurrent.CompletableFuture$AsyncSupply.run(CompletableFuture.java:1604) [?:1.8.0_372]
	at java.util.concurrent.ThreadPoolExecutor.runWorker(ThreadPoolExecutor.java:1149) [?:1.8.0_372]
	at java.util.concurrent.ThreadPoolExecutor$Worker.run(ThreadPoolExecutor.java:624) [?:1.8.0_372]
	at java.lang.Thread.run(Thread.java:750) [?:1.8.0_372]
2023-06-28 21:19:45,810 [OM StateMachine ApplyTransaction Thread - 0] ERROR volume.OMVolumeDeleteRequest (OMVolumeDeleteRequest.java:validateAndUpdateCache(168)) - Volume deletion failed for user:runner volume:volume10
VOLUME_NOT_EMPTY org.apache.hadoop.ozone.om.exceptions.OMException
	at org.apache.hadoop.ozone.om.request.volume.OMVolumeDeleteRequest.validateAndUpdateCache(OMVolumeDeleteRequest.java:121)
	at org.apache.hadoop.ozone.protocolPB.OzoneManagerRequestHandler.handleWriteRequest(OzoneManagerRequestHandler.java:360)
	at org.apache.hadoop.ozone.om.ratis.OzoneManagerStateMachine.runCommand(OzoneManagerStateMachine.java:567)
	at org.apache.hadoop.ozone.om.ratis.OzoneManagerStateMachine.lambda$1(OzoneManagerStateMachine.java:358)
	at java.util.concurrent.CompletableFuture$AsyncSupply.run(CompletableFuture.java:1604)
	at java.util.concurrent.ThreadPoolExecutor.runWorker(ThreadPoolExecutor.java:1149)
	at java.util.concurrent.ThreadPoolExecutor$Worker.run(ThreadPoolExecutor.java:624)
	at java.lang.Thread.run(Thread.java:750)
2023-06-28 21:19:45,817 [Time-limited test] INFO  shell.TestOzoneShellHA (TestOzoneShellHA.java:execute(212)) - Executing OzoneShell command with args [volume, delete, volume10, -r, --yes, -id, om-service-test1]
21:19:45.821 [OM StateMachine ApplyTransaction Thread - 0] ERROR OMAudit - user=runner | ip=127.0.0.1 | op=DELETE_VOLUME {volume=volume10} | ret=FAILURE
org.apache.hadoop.ozone.om.exceptions.OMException: null
	at org.apache.hadoop.ozone.om.request.volume.OMVolumeDeleteRequest.validateAndUpdateCache(OMVolumeDeleteRequest.java:121) ~[ozone-manager-1.4.0-SNAPSHOT.jar:?]
	at org.apache.hadoop.ozone.protocolPB.OzoneManagerRequestHandler.handleWriteRequest(OzoneManagerRequestHandler.java:360) ~[ozone-manager-1.4.0-SNAPSHOT.jar:?]
	at org.apache.hadoop.ozone.om.ratis.OzoneManagerStateMachine.runCommand(OzoneManagerStateMachine.java:567) ~[ozone-manager-1.4.0-SNAPSHOT.jar:?]
	at org.apache.hadoop.ozone.om.ratis.OzoneManagerStateMachine.lambda$1(OzoneManagerStateMachine.java:358) ~[ozone-manager-1.4.0-SNAPSHOT.jar:?]
	at java.util.concurrent.CompletableFuture$AsyncSupply.run(CompletableFuture.java:1604) [?:1.8.0_372]
	at java.util.concurrent.ThreadPoolExecutor.runWorker(ThreadPoolExecutor.java:1149) [?:1.8.0_372]
	at java.util.concurrent.ThreadPoolExecutor$Worker.run(ThreadPoolExecutor.java:624) [?:1.8.0_372]
	at java.lang.Thread.run(Thread.java:750) [?:1.8.0_372]
21:19:45.831 [OM StateMachine ApplyTransaction Thread - 0] ERROR OMAudit - user=runner | ip=127.0.0.1 | op=DELETE_VOLUME {volume=volume10} | ret=FAILURE
org.apache.hadoop.ozone.om.exceptions.OMException: null
	at org.apache.hadoop.ozone.om.request.volume.OMVolumeDeleteRequest.validateAndUpdateCache(OMVolumeDeleteRequest.java:121) ~[ozone-manager-1.4.0-SNAPSHOT.jar:?]
	at org.apache.hadoop.ozone.protocolPB.OzoneManagerRequestHandler.handleWriteRequest(OzoneManagerRequestHandler.java:360) ~[ozone-manager-1.4.0-SNAPSHOT.jar:?]
	at org.apache.hadoop.ozone.om.ratis.OzoneManagerStateMachine.runCommand(OzoneManagerStateMachine.java:567) ~[ozone-manager-1.4.0-SNAPSHOT.jar:?]
	at org.apache.hadoop.ozone.om.ratis.OzoneManagerStateMachine.lambda$1(OzoneManagerStateMachine.java:358) ~[ozone-manager-1.4.0-SNAPSHOT.jar:?]
	at java.util.concurrent.CompletableFuture$AsyncSupply.run(CompletableFuture.java:1604) [?:1.8.0_372]
	at java.util.concurrent.ThreadPoolExecutor.runWorker(ThreadPoolExecutor.java:1149) [?:1.8.0_372]
	at java.util.concurrent.ThreadPoolExecutor$Worker.run(ThreadPoolExecutor.java:624) [?:1.8.0_372]
	at java.lang.Thread.run(Thread.java:750) [?:1.8.0_372]
2023-06-28 21:19:45,831 [OM StateMachine ApplyTransaction Thread - 0] ERROR volume.OMVolumeDeleteRequest (OMVolumeDeleteRequest.java:validateAndUpdateCache(168)) - Volume deletion failed for user:runner volume:volume10
VOLUME_NOT_EMPTY org.apache.hadoop.ozone.om.exceptions.OMException
	at org.apache.hadoop.ozone.om.request.volume.OMVolumeDeleteRequest.validateAndUpdateCache(OMVolumeDeleteRequest.java:121)
	at org.apache.hadoop.ozone.protocolPB.OzoneManagerRequestHandler.handleWriteRequest(OzoneManagerRequestHandler.java:360)
	at org.apache.hadoop.ozone.om.ratis.OzoneManagerStateMachine.runCommand(OzoneManagerStateMachine.java:567)
	at org.apache.hadoop.ozone.om.ratis.OzoneManagerStateMachine.lambda$1(OzoneManagerStateMachine.java:358)
	at java.util.concurrent.CompletableFuture$AsyncSupply.run(CompletableFuture.java:1604)
	at java.util.concurrent.ThreadPoolExecutor.runWorker(ThreadPoolExecutor.java:1149)
	at java.util.concurrent.ThreadPoolExecutor$Worker.run(ThreadPoolExecutor.java:624)
	at java.lang.Thread.run(Thread.java:750)
2023-06-28 21:19:45,822 [OM StateMachine ApplyTransaction Thread - 0] ERROR volume.OMVolumeDeleteRequest (OMVolumeDeleteRequest.java:validateAndUpdateCache(168)) - Volume deletion failed for user:runner volume:volume10
VOLUME_NOT_EMPTY org.apache.hadoop.ozone.om.exceptions.OMException
	at org.apache.hadoop.ozone.om.request.volume.OMVolumeDeleteRequest.validateAndUpdateCache(OMVolumeDeleteRequest.java:121)
	at org.apache.hadoop.ozone.protocolPB.OzoneManagerRequestHandler.handleWriteRequest(OzoneManagerRequestHandler.java:360)
	at org.apache.hadoop.ozone.om.ratis.OzoneManagerStateMachine.runCommand(OzoneManagerStateMachine.java:567)
	at org.apache.hadoop.ozone.om.ratis.OzoneManagerStateMachine.lambda$1(OzoneManagerStateMachine.java:358)
	at java.util.concurrent.CompletableFuture$AsyncSupply.run(CompletableFuture.java:1604)
	at java.util.concurrent.ThreadPoolExecutor.runWorker(ThreadPoolExecutor.java:1149)
	at java.util.concurrent.ThreadPoolExecutor$Worker.run(ThreadPoolExecutor.java:624)
	at java.lang.Thread.run(Thread.java:750)
2023-06-28 21:19:45,924 [omNode-3@group-523986131536-FollowerState] INFO  server.RaftServerConfigKeys (ConfUtils.java:logFallback(53)) - raft.server.rpc.first-election.timeout.min = 1s (fallback to raft.server.rpc.timeout.min)
2023-06-28 21:19:45,924 [omNode-3@group-523986131536-FollowerState] INFO  server.RaftServerConfigKeys (ConfUtils.java:logFallback(53)) - raft.server.rpc.first-election.timeout.max = 1200ms (fallback to raft.server.rpc.timeout.max)
2023-06-28 21:19:45,951 [pool-281-thread-3] ERROR util.ExitUtils (ExitUtils.java:terminate(133)) - Terminating with exit status -1: Thread[pool-281-thread-3,5,FailOnTimeoutGroup] has thrown an uncaught exception
java.lang.RuntimeException: Invalid bucket layout
	at org.apache.hadoop.ozone.shell.volume.DeleteVolumeHandler$BucketCleaner.run(DeleteVolumeHandler.java:232)
	at java.util.concurrent.ThreadPoolExecutor.runWorker(ThreadPoolExecutor.java:1149)
	at java.util.concurrent.ThreadPoolExecutor$Worker.run(ThreadPoolExecutor.java:624)
	at java.lang.Thread.run(Thread.java:750)
21:19:46.077 [OM StateMachine ApplyTransaction Thread - 0] ERROR OMAudit - user=runner | ip=127.0.0.1 | op=DELETE_BUCKET {volume=volume10, bucket=bucketfso} | ret=FAILURE
org.apache.hadoop.ozone.om.exceptions.OMException: Bucket is not empty
	at org.apache.hadoop.ozone.om.request.bucket.OMBucketDeleteRequest.validateAndUpdateCache(OMBucketDeleteRequest.java:139) ~[ozone-manager-1.4.0-SNAPSHOT.jar:?]
	at org.apache.hadoop.ozone.protocolPB.OzoneManagerRequestHandler.handleWriteRequest(OzoneManagerRequestHandler.java:360) ~[ozone-manager-1.4.0-SNAPSHOT.jar:?]
	at org.apache.hadoop.ozone.om.ratis.OzoneManagerStateMachine.runCommand(OzoneManagerStateMachine.java:567) ~[ozone-manager-1.4.0-SNAPSHOT.jar:?]
	at org.apache.hadoop.ozone.om.ratis.OzoneManagerStateMachine.lambda$1(OzoneManagerStateMachine.java:358) ~[ozone-manager-1.4.0-SNAPSHOT.jar:?]
	at java.util.concurrent.CompletableFuture$AsyncSupply.run(CompletableFuture.java:1604) [?:1.8.0_372]
	at java.util.concurrent.ThreadPoolExecutor.runWorker(ThreadPoolExecutor.java:1149) [?:1.8.0_372]
	at java.util.concurrent.ThreadPoolExecutor$Worker.run(ThreadPoolExecutor.java:624) [?:1.8.0_372]
	at java.lang.Thread.run(Thread.java:750) [?:1.8.0_372]
2023-06-28 21:19:46,078 [OM StateMachine ApplyTransaction Thread - 0] ERROR bucket.OMBucketDeleteRequest (OMBucketDeleteRequest.java:validateAndUpdateCache(212)) - Delete bucket failed for bucket:bucketfso in volume:volume10
BUCKET_NOT_EMPTY org.apache.hadoop.ozone.om.exceptions.OMException: Bucket is not empty
	at org.apache.hadoop.ozone.om.request.bucket.OMBucketDeleteRequest.validateAndUpdateCache(OMBucketDeleteRequest.java:139)
	at org.apache.hadoop.ozone.protocolPB.OzoneManagerRequestHandler.handleWriteRequest(OzoneManagerRequestHandler.java:360)
	at org.apache.hadoop.ozone.om.ratis.OzoneManagerStateMachine.runCommand(OzoneManagerStateMachine.java:567)
	at org.apache.hadoop.ozone.om.ratis.OzoneManagerStateMachine.lambda$1(OzoneManagerStateMachine.java:358)
	at java.util.concurrent.CompletableFuture$AsyncSupply.run(CompletableFuture.java:1604)
	at java.util.concurrent.ThreadPoolExecutor.runWorker(ThreadPoolExecutor.java:1149)
	at java.util.concurrent.ThreadPoolExecutor$Worker.run(ThreadPoolExecutor.java:624)
	at java.lang.Thread.run(Thread.java:750)
2023-06-28 21:19:46,081 [pool-281-thread-1] ERROR shell.Handler (DeleteVolumeHandler.java:cleanFSBucket(208)) - Could not clean bucket 
org.apache.hadoop.fs.PathIsNotEmptyDirectoryException: `ofs://om-service-test1/volume10/bucketfso': Directory is not empty
	at org.apache.hadoop.fs.ozone.BasicRootedOzoneFileSystem.deleteBucketFromVolume(BasicRootedOzoneFileSystem.java:773)
	at org.apache.hadoop.fs.ozone.BasicRootedOzoneFileSystem.deleteBucket(BasicRootedOzoneFileSystem.java:745)
	at org.apache.hadoop.fs.ozone.BasicRootedOzoneFileSystem.delete(BasicRootedOzoneFileSystem.java:673)
	at org.apache.hadoop.ozone.shell.volume.DeleteVolumeHandler.cleanFSBucket(DeleteVolumeHandler.java:201)
	at org.apache.hadoop.ozone.shell.volume.DeleteVolumeHandler.access$400(DeleteVolumeHandler.java:58)
	at org.apache.hadoop.ozone.shell.volume.DeleteVolumeHandler$BucketCleaner.run(DeleteVolumeHandler.java:223)
	at java.util.concurrent.ThreadPoolExecutor.runWorker(ThreadPoolExecutor.java:1149)
	at java.util.concurrent.ThreadPoolExecutor$Worker.run(ThreadPoolExecutor.java:624)
	at java.lang.Thread.run(Thread.java:750)
2023-06-28 21:19:46,084 [pool-281-thread-1] ERROR util.ExitUtils (ExitUtils.java:terminate(133)) - Terminating with exit status -1: Thread[pool-281-thread-1,5,FailOnTimeoutGroup] has thrown an uncaught exception
java.lang.RuntimeException: Failed to clean bucket
	at org.apache.hadoop.ozone.shell.volume.DeleteVolumeHandler$BucketCleaner.run(DeleteVolumeHandler.java:224)
	at java.util.concurrent.ThreadPoolExecutor.runWorker(ThreadPoolExecutor.java:1149)
	at java.util.concurrent.ThreadPoolExecutor$Worker.run(ThreadPoolExecutor.java:624)
	at java.lang.Thread.run(Thread.java:750)
21:19:46.097 [OM StateMachine ApplyTransaction Thread - 0] ERROR OMAudit - user=runner | ip=127.0.0.1 | op=DELETE_VOLUME {volume=volume10} | ret=FAILURE
org.apache.hadoop.ozone.om.exceptions.OMException: null
	at org.apache.hadoop.ozone.om.request.volume.OMVolumeDeleteRequest.validateAndUpdateCache(OMVolumeDeleteRequest.java:121) ~[ozone-manager-1.4.0-SNAPSHOT.jar:?]
	at org.apache.hadoop.ozone.protocolPB.OzoneManagerRequestHandler.handleWriteRequest(OzoneManagerRequestHandler.java:360) ~[ozone-manager-1.4.0-SNAPSHOT.jar:?]
	at org.apache.hadoop.ozone.om.ratis.OzoneManagerStateMachine.runCommand(OzoneManagerStateMachine.java:567) ~[ozone-manager-1.4.0-SNAPSHOT.jar:?]
	at org.apache.hadoop.ozone.om.ratis.OzoneManagerStateMachine.lambda$1(OzoneManagerStateMachine.java:358) ~[ozone-manager-1.4.0-SNAPSHOT.jar:?]
	at java.util.concurrent.CompletableFuture$AsyncSupply.run(CompletableFuture.java:1604) [?:1.8.0_372]
	at java.util.concurrent.ThreadPoolExecutor.runWorker(ThreadPoolExecutor.java:1149) [?:1.8.0_372]
	at java.util.concurrent.ThreadPoolExecutor$Worker.run(ThreadPoolExecutor.java:624) [?:1.8.0_372]
	at java.lang.Thread.run(Thread.java:750) [?:1.8.0_372]
2023-06-28 21:19:46,097 [OM StateMachine ApplyTransaction Thread - 0] ERROR volume.OMVolumeDeleteRequest (OMVolumeDeleteRequest.java:validateAndUpdateCache(168)) - Volume deletion failed for user:runner volume:volume10
VOLUME_NOT_EMPTY org.apache.hadoop.ozone.om.exceptions.OMException
	at org.apache.hadoop.ozone.om.request.volume.OMVolumeDeleteRequest.validateAndUpdateCache(OMVolumeDeleteRequest.java:121)
	at org.apache.hadoop.ozone.protocolPB.OzoneManagerRequestHandler.handleWriteRequest(OzoneManagerRequestHandler.java:360)
	at org.apache.hadoop.ozone.om.ratis.OzoneManagerStateMachine.runCommand(OzoneManagerStateMachine.java:567)
	at org.apache.hadoop.ozone.om.ratis.OzoneManagerStateMachine.lambda$1(OzoneManagerStateMachine.java:358)
	at java.util.concurrent.CompletableFuture$AsyncSupply.run(CompletableFuture.java:1604)
	at java.util.concurrent.ThreadPoolExecutor.runWorker(ThreadPoolExecutor.java:1149)
	at java.util.concurrent.ThreadPoolExecutor$Worker.run(ThreadPoolExecutor.java:624)
	at java.lang.Thread.run(Thread.java:750)
]]></system-out>
  </testcase>
  <testcase name="testKeyDeleteWhenTrashEnableOBS" classname="org.apache.hadoop.ozone.shell.TestOzoneShellHA" time="6.07">
    <system-out><![CDATA[2023-06-28 21:19:46,702 [Time-limited test] INFO  shell.TestOzoneShellHA (TestOzoneShellHA.java:execute(212)) - Executing OzoneShell command with args [volume, create, o3://om-service-test1/volumeobs1]
2023-06-28 21:19:46,723 [Time-limited test] INFO  rpc.RpcClient (RpcClient.java:createVolume(460)) - Creating Volume: volumeobs1, with runner as owner and space quota set to -1 bytes, counts quota set to -1
2023-06-28 21:19:46,727 [OM StateMachine ApplyTransaction Thread - 0] INFO  volume.OMVolumeCreateRequest (OMVolumeCreateRequest.java:validateAndUpdateCache(196)) - created volume:volumeobs1 for user:runner
2023-06-28 21:19:46,728 [Time-limited test] INFO  shell.TestOzoneShellHA (TestOzoneShellHA.java:execute(212)) - Executing OzoneShell command with args [bucket, create, o3://om-service-test1/volumeobs1/bucket1, --layout, OBJECT_STORE]
2023-06-28 21:19:46,736 [OM StateMachine ApplyTransaction Thread - 0] INFO  volume.OMVolumeCreateRequest (OMVolumeCreateRequest.java:validateAndUpdateCache(196)) - created volume:volumeobs1 for user:runner
2023-06-28 21:19:46,738 [OM StateMachine ApplyTransaction Thread - 0] INFO  volume.OMVolumeCreateRequest (OMVolumeCreateRequest.java:validateAndUpdateCache(196)) - created volume:volumeobs1 for user:runner
2023-06-28 21:19:46,755 [Time-limited test] INFO  rpc.RpcClient (RpcClient.java:createBucket(687)) - Creating Bucket: volumeobs1/bucket1, with bucket layout OBJECT_STORE, runner as owner, Versioning false, Storage Type set to DISK and Encryption set to false, Replication Type set to server-side default replication type, Namespace Quota set to -1, Space Quota set to -1 
2023-06-28 21:19:46,757 [OM StateMachine ApplyTransaction Thread - 0] INFO  bucket.OMBucketCreateRequest (OMBucketCreateRequest.java:validateAndUpdateCache(270)) - created bucket: bucket1 of layout OBJECT_STORE in volume: volumeobs1
2023-06-28 21:19:46,758 [Time-limited test] INFO  shell.TestOzoneShellHA (TestOzoneShellHA.java:execute(212)) - Executing OzoneShell command with args [key, put, o3://om-service-test1/volumeobs1/bucket1/key0, /home/runner/work/ozone/ozone/hadoop-ozone/integration-test/target/test-dir/TestOzoneShellHA/testFile]
2023-06-28 21:19:46,767 [OM StateMachine ApplyTransaction Thread - 0] INFO  bucket.OMBucketCreateRequest (OMBucketCreateRequest.java:validateAndUpdateCache(270)) - created bucket: bucket1 of layout OBJECT_STORE in volume: volumeobs1
2023-06-28 21:19:46,768 [OM StateMachine ApplyTransaction Thread - 0] INFO  bucket.OMBucketCreateRequest (OMBucketCreateRequest.java:validateAndUpdateCache(270)) - created bucket: bucket1 of layout OBJECT_STORE in volume: volumeobs1
2023-06-28 21:19:46,808 [Time-limited test] INFO  shell.TestOzoneShellHA (TestOzoneShellHA.java:execute(212)) - Executing OzoneShell command with args [key, put, o3://om-service-test1/volumeobs1/bucket1/key1, /home/runner/work/ozone/ozone/hadoop-ozone/integration-test/target/test-dir/TestOzoneShellHA/testFile]
2023-06-28 21:19:46,870 [Time-limited test] INFO  shell.TestOzoneShellHA (TestOzoneShellHA.java:execute(212)) - Executing OzoneShell command with args [key, put, o3://om-service-test1/volumeobs1/bucket1/key2, /home/runner/work/ozone/ozone/hadoop-ozone/integration-test/target/test-dir/TestOzoneShellHA/testFile]
2023-06-28 21:19:46,918 [Time-limited test] INFO  shell.TestOzoneShellHA (TestOzoneShellHA.java:execute(212)) - Executing OzoneShell command with args [key, put, o3://om-service-test1/volumeobs1/bucket1/key3, /home/runner/work/ozone/ozone/hadoop-ozone/integration-test/target/test-dir/TestOzoneShellHA/testFile]
2023-06-28 21:19:46,972 [Time-limited test] INFO  shell.TestOzoneShellHA (TestOzoneShellHA.java:execute(212)) - Executing OzoneShell command with args [key, put, o3://om-service-test1/volumeobs1/bucket1/key4, /home/runner/work/ozone/ozone/hadoop-ozone/integration-test/target/test-dir/TestOzoneShellHA/testFile]
2023-06-28 21:19:47,025 [Time-limited test] INFO  shell.TestOzoneShellHA (TestOzoneShellHA.java:execute(212)) - Executing OzoneShell command with args [key, put, o3://om-service-test1/volumeobs1/bucket1/key5, /home/runner/work/ozone/ozone/hadoop-ozone/integration-test/target/test-dir/TestOzoneShellHA/testFile]
2023-06-28 21:19:47,043 [omNode-3@group-523986131536-FollowerState] INFO  server.RaftServerConfigKeys (ConfUtils.java:logFallback(53)) - raft.server.rpc.first-election.timeout.min = 1s (fallback to raft.server.rpc.timeout.min)
2023-06-28 21:19:47,043 [omNode-3@group-523986131536-FollowerState] INFO  server.RaftServerConfigKeys (ConfUtils.java:logFallback(53)) - raft.server.rpc.first-election.timeout.max = 1200ms (fallback to raft.server.rpc.timeout.max)
2023-06-28 21:19:47,076 [Time-limited test] INFO  shell.TestOzoneShellHA (TestOzoneShellHA.java:execute(212)) - Executing OzoneShell command with args [key, put, o3://om-service-test1/volumeobs1/bucket1/key6, /home/runner/work/ozone/ozone/hadoop-ozone/integration-test/target/test-dir/TestOzoneShellHA/testFile]
2023-06-28 21:19:47,126 [Time-limited test] INFO  shell.TestOzoneShellHA (TestOzoneShellHA.java:execute(212)) - Executing OzoneShell command with args [key, put, o3://om-service-test1/volumeobs1/bucket1/key7, /home/runner/work/ozone/ozone/hadoop-ozone/integration-test/target/test-dir/TestOzoneShellHA/testFile]
2023-06-28 21:19:47,182 [Time-limited test] INFO  shell.TestOzoneShellHA (TestOzoneShellHA.java:execute(212)) - Executing OzoneShell command with args [key, put, o3://om-service-test1/volumeobs1/bucket1/key8, /home/runner/work/ozone/ozone/hadoop-ozone/integration-test/target/test-dir/TestOzoneShellHA/testFile]
2023-06-28 21:19:47,232 [Time-limited test] INFO  shell.TestOzoneShellHA (TestOzoneShellHA.java:execute(212)) - Executing OzoneShell command with args [key, put, o3://om-service-test1/volumeobs1/bucket1/key9, /home/runner/work/ozone/ozone/hadoop-ozone/integration-test/target/test-dir/TestOzoneShellHA/testFile]
2023-06-28 21:19:47,283 [Time-limited test] INFO  shell.TestOzoneShellHA (TestOzoneShellHA.java:execute(212)) - Executing OzoneShell command with args [key, put, o3://om-service-test1/volumeobs1/bucket1/key10, /home/runner/work/ozone/ozone/hadoop-ozone/integration-test/target/test-dir/TestOzoneShellHA/testFile]
2023-06-28 21:19:47,334 [Time-limited test] INFO  shell.TestOzoneShellHA (TestOzoneShellHA.java:execute(212)) - Executing OzoneShell command with args [key, put, o3://om-service-test1/volumeobs1/bucket1/key11, /home/runner/work/ozone/ozone/hadoop-ozone/integration-test/target/test-dir/TestOzoneShellHA/testFile]
2023-06-28 21:19:47,385 [Time-limited test] INFO  shell.TestOzoneShellHA (TestOzoneShellHA.java:execute(212)) - Executing OzoneShell command with args [key, put, o3://om-service-test1/volumeobs1/bucket1/key12, /home/runner/work/ozone/ozone/hadoop-ozone/integration-test/target/test-dir/TestOzoneShellHA/testFile]
2023-06-28 21:19:47,437 [Time-limited test] INFO  shell.TestOzoneShellHA (TestOzoneShellHA.java:execute(212)) - Executing OzoneShell command with args [key, put, o3://om-service-test1/volumeobs1/bucket1/key13, /home/runner/work/ozone/ozone/hadoop-ozone/integration-test/target/test-dir/TestOzoneShellHA/testFile]
2023-06-28 21:19:47,488 [Time-limited test] INFO  shell.TestOzoneShellHA (TestOzoneShellHA.java:execute(212)) - Executing OzoneShell command with args [key, put, o3://om-service-test1/volumeobs1/bucket1/key14, /home/runner/work/ozone/ozone/hadoop-ozone/integration-test/target/test-dir/TestOzoneShellHA/testFile]
2023-06-28 21:19:47,540 [Time-limited test] INFO  shell.TestOzoneShellHA (TestOzoneShellHA.java:execute(212)) - Executing OzoneShell command with args [key, put, o3://om-service-test1/volumeobs1/bucket1/key15, /home/runner/work/ozone/ozone/hadoop-ozone/integration-test/target/test-dir/TestOzoneShellHA/testFile]
2023-06-28 21:19:47,591 [Time-limited test] INFO  shell.TestOzoneShellHA (TestOzoneShellHA.java:execute(212)) - Executing OzoneShell command with args [key, put, o3://om-service-test1/volumeobs1/bucket1/key16, /home/runner/work/ozone/ozone/hadoop-ozone/integration-test/target/test-dir/TestOzoneShellHA/testFile]
2023-06-28 21:19:47,645 [Time-limited test] INFO  shell.TestOzoneShellHA (TestOzoneShellHA.java:execute(212)) - Executing OzoneShell command with args [key, put, o3://om-service-test1/volumeobs1/bucket1/key17, /home/runner/work/ozone/ozone/hadoop-ozone/integration-test/target/test-dir/TestOzoneShellHA/testFile]
2023-06-28 21:19:47,697 [Time-limited test] INFO  shell.TestOzoneShellHA (TestOzoneShellHA.java:execute(212)) - Executing OzoneShell command with args [key, put, o3://om-service-test1/volumeobs1/bucket1/key18, /home/runner/work/ozone/ozone/hadoop-ozone/integration-test/target/test-dir/TestOzoneShellHA/testFile]
2023-06-28 21:19:47,747 [Time-limited test] INFO  shell.TestOzoneShellHA (TestOzoneShellHA.java:execute(212)) - Executing OzoneShell command with args [key, put, o3://om-service-test1/volumeobs1/bucket1/key19, /home/runner/work/ozone/ozone/hadoop-ozone/integration-test/target/test-dir/TestOzoneShellHA/testFile]
2023-06-28 21:19:47,799 [Time-limited test] INFO  shell.TestOzoneShellHA (TestOzoneShellHA.java:execute(212)) - Executing OzoneShell command with args [key, put, o3://om-service-test1/volumeobs1/bucket1/key20, /home/runner/work/ozone/ozone/hadoop-ozone/integration-test/target/test-dir/TestOzoneShellHA/testFile]
2023-06-28 21:19:47,854 [Time-limited test] INFO  shell.TestOzoneShellHA (TestOzoneShellHA.java:execute(212)) - Executing OzoneShell command with args [key, put, o3://om-service-test1/volumeobs1/bucket1/key21, /home/runner/work/ozone/ozone/hadoop-ozone/integration-test/target/test-dir/TestOzoneShellHA/testFile]
2023-06-28 21:19:47,906 [Time-limited test] INFO  shell.TestOzoneShellHA (TestOzoneShellHA.java:execute(212)) - Executing OzoneShell command with args [key, put, o3://om-service-test1/volumeobs1/bucket1/key22, /home/runner/work/ozone/ozone/hadoop-ozone/integration-test/target/test-dir/TestOzoneShellHA/testFile]
2023-06-28 21:19:47,957 [Time-limited test] INFO  shell.TestOzoneShellHA (TestOzoneShellHA.java:execute(212)) - Executing OzoneShell command with args [key, put, o3://om-service-test1/volumeobs1/bucket1/key23, /home/runner/work/ozone/ozone/hadoop-ozone/integration-test/target/test-dir/TestOzoneShellHA/testFile]
2023-06-28 21:19:48,008 [Time-limited test] INFO  shell.TestOzoneShellHA (TestOzoneShellHA.java:execute(212)) - Executing OzoneShell command with args [key, put, o3://om-service-test1/volumeobs1/bucket1/key24, /home/runner/work/ozone/ozone/hadoop-ozone/integration-test/target/test-dir/TestOzoneShellHA/testFile]
2023-06-28 21:19:48,059 [Time-limited test] INFO  shell.TestOzoneShellHA (TestOzoneShellHA.java:execute(212)) - Executing OzoneShell command with args [key, put, o3://om-service-test1/volumeobs1/bucket1/key25, /home/runner/work/ozone/ozone/hadoop-ozone/integration-test/target/test-dir/TestOzoneShellHA/testFile]
2023-06-28 21:19:48,067 [omNode-3@group-523986131536-FollowerState] INFO  server.RaftServerConfigKeys (ConfUtils.java:logFallback(53)) - raft.server.rpc.first-election.timeout.min = 1s (fallback to raft.server.rpc.timeout.min)
2023-06-28 21:19:48,067 [omNode-3@group-523986131536-FollowerState] INFO  server.RaftServerConfigKeys (ConfUtils.java:logFallback(53)) - raft.server.rpc.first-election.timeout.max = 1200ms (fallback to raft.server.rpc.timeout.max)
2023-06-28 21:19:48,109 [Time-limited test] INFO  shell.TestOzoneShellHA (TestOzoneShellHA.java:execute(212)) - Executing OzoneShell command with args [key, put, o3://om-service-test1/volumeobs1/bucket1/key26, /home/runner/work/ozone/ozone/hadoop-ozone/integration-test/target/test-dir/TestOzoneShellHA/testFile]
2023-06-28 21:19:48,162 [Time-limited test] INFO  shell.TestOzoneShellHA (TestOzoneShellHA.java:execute(212)) - Executing OzoneShell command with args [key, put, o3://om-service-test1/volumeobs1/bucket1/key27, /home/runner/work/ozone/ozone/hadoop-ozone/integration-test/target/test-dir/TestOzoneShellHA/testFile]
2023-06-28 21:19:48,209 [Time-limited test] INFO  shell.TestOzoneShellHA (TestOzoneShellHA.java:execute(212)) - Executing OzoneShell command with args [key, put, o3://om-service-test1/volumeobs1/bucket1/key28, /home/runner/work/ozone/ozone/hadoop-ozone/integration-test/target/test-dir/TestOzoneShellHA/testFile]
2023-06-28 21:19:48,262 [Time-limited test] INFO  shell.TestOzoneShellHA (TestOzoneShellHA.java:execute(212)) - Executing OzoneShell command with args [key, put, o3://om-service-test1/volumeobs1/bucket1/key29, /home/runner/work/ozone/ozone/hadoop-ozone/integration-test/target/test-dir/TestOzoneShellHA/testFile]
2023-06-28 21:19:48,311 [Time-limited test] INFO  shell.TestOzoneShellHA (TestOzoneShellHA.java:execute(212)) - Executing OzoneShell command with args [key, put, o3://om-service-test1/volumeobs1/bucket1/key30, /home/runner/work/ozone/ozone/hadoop-ozone/integration-test/target/test-dir/TestOzoneShellHA/testFile]
2023-06-28 21:19:48,365 [Time-limited test] INFO  shell.TestOzoneShellHA (TestOzoneShellHA.java:execute(212)) - Executing OzoneShell command with args [key, put, o3://om-service-test1/volumeobs1/bucket1/key31, /home/runner/work/ozone/ozone/hadoop-ozone/integration-test/target/test-dir/TestOzoneShellHA/testFile]
2023-06-28 21:19:48,423 [Time-limited test] INFO  shell.TestOzoneShellHA (TestOzoneShellHA.java:execute(212)) - Executing OzoneShell command with args [key, put, o3://om-service-test1/volumeobs1/bucket1/key32, /home/runner/work/ozone/ozone/hadoop-ozone/integration-test/target/test-dir/TestOzoneShellHA/testFile]
2023-06-28 21:19:48,478 [Time-limited test] INFO  shell.TestOzoneShellHA (TestOzoneShellHA.java:execute(212)) - Executing OzoneShell command with args [key, put, o3://om-service-test1/volumeobs1/bucket1/key33, /home/runner/work/ozone/ozone/hadoop-ozone/integration-test/target/test-dir/TestOzoneShellHA/testFile]
2023-06-28 21:19:48,529 [Time-limited test] INFO  shell.TestOzoneShellHA (TestOzoneShellHA.java:execute(212)) - Executing OzoneShell command with args [key, put, o3://om-service-test1/volumeobs1/bucket1/key34, /home/runner/work/ozone/ozone/hadoop-ozone/integration-test/target/test-dir/TestOzoneShellHA/testFile]
2023-06-28 21:19:48,580 [Time-limited test] INFO  shell.TestOzoneShellHA (TestOzoneShellHA.java:execute(212)) - Executing OzoneShell command with args [key, put, o3://om-service-test1/volumeobs1/bucket1/key35, /home/runner/work/ozone/ozone/hadoop-ozone/integration-test/target/test-dir/TestOzoneShellHA/testFile]
2023-06-28 21:19:48,633 [Time-limited test] INFO  shell.TestOzoneShellHA (TestOzoneShellHA.java:execute(212)) - Executing OzoneShell command with args [key, put, o3://om-service-test1/volumeobs1/bucket1/key36, /home/runner/work/ozone/ozone/hadoop-ozone/integration-test/target/test-dir/TestOzoneShellHA/testFile]
2023-06-28 21:19:48,684 [Time-limited test] INFO  shell.TestOzoneShellHA (TestOzoneShellHA.java:execute(212)) - Executing OzoneShell command with args [key, put, o3://om-service-test1/volumeobs1/bucket1/key37, /home/runner/work/ozone/ozone/hadoop-ozone/integration-test/target/test-dir/TestOzoneShellHA/testFile]
2023-06-28 21:19:48,734 [Time-limited test] INFO  shell.TestOzoneShellHA (TestOzoneShellHA.java:execute(212)) - Executing OzoneShell command with args [key, put, o3://om-service-test1/volumeobs1/bucket1/key38, /home/runner/work/ozone/ozone/hadoop-ozone/integration-test/target/test-dir/TestOzoneShellHA/testFile]
2023-06-28 21:19:48,783 [Time-limited test] INFO  shell.TestOzoneShellHA (TestOzoneShellHA.java:execute(212)) - Executing OzoneShell command with args [key, put, o3://om-service-test1/volumeobs1/bucket1/key39, /home/runner/work/ozone/ozone/hadoop-ozone/integration-test/target/test-dir/TestOzoneShellHA/testFile]
2023-06-28 21:19:48,834 [Time-limited test] INFO  shell.TestOzoneShellHA (TestOzoneShellHA.java:execute(212)) - Executing OzoneShell command with args [key, put, o3://om-service-test1/volumeobs1/bucket1/key40, /home/runner/work/ozone/ozone/hadoop-ozone/integration-test/target/test-dir/TestOzoneShellHA/testFile]
2023-06-28 21:19:48,885 [Time-limited test] INFO  shell.TestOzoneShellHA (TestOzoneShellHA.java:execute(212)) - Executing OzoneShell command with args [key, put, o3://om-service-test1/volumeobs1/bucket1/key41, /home/runner/work/ozone/ozone/hadoop-ozone/integration-test/target/test-dir/TestOzoneShellHA/testFile]
2023-06-28 21:19:48,936 [Time-limited test] INFO  shell.TestOzoneShellHA (TestOzoneShellHA.java:execute(212)) - Executing OzoneShell command with args [key, put, o3://om-service-test1/volumeobs1/bucket1/key42, /home/runner/work/ozone/ozone/hadoop-ozone/integration-test/target/test-dir/TestOzoneShellHA/testFile]
2023-06-28 21:19:48,990 [Time-limited test] INFO  shell.TestOzoneShellHA (TestOzoneShellHA.java:execute(212)) - Executing OzoneShell command with args [key, put, o3://om-service-test1/volumeobs1/bucket1/key43, /home/runner/work/ozone/ozone/hadoop-ozone/integration-test/target/test-dir/TestOzoneShellHA/testFile]
2023-06-28 21:19:49,044 [Time-limited test] INFO  shell.TestOzoneShellHA (TestOzoneShellHA.java:execute(212)) - Executing OzoneShell command with args [key, put, o3://om-service-test1/volumeobs1/bucket1/key44, /home/runner/work/ozone/ozone/hadoop-ozone/integration-test/target/test-dir/TestOzoneShellHA/testFile]
2023-06-28 21:19:49,101 [Time-limited test] INFO  shell.TestOzoneShellHA (TestOzoneShellHA.java:execute(212)) - Executing OzoneShell command with args [key, put, o3://om-service-test1/volumeobs1/bucket1/key45, /home/runner/work/ozone/ozone/hadoop-ozone/integration-test/target/test-dir/TestOzoneShellHA/testFile]
2023-06-28 21:19:49,149 [omNode-3@group-523986131536-FollowerState] INFO  server.RaftServerConfigKeys (ConfUtils.java:logFallback(53)) - raft.server.rpc.first-election.timeout.min = 1s (fallback to raft.server.rpc.timeout.min)
2023-06-28 21:19:49,149 [omNode-3@group-523986131536-FollowerState] INFO  server.RaftServerConfigKeys (ConfUtils.java:logFallback(53)) - raft.server.rpc.first-election.timeout.max = 1200ms (fallback to raft.server.rpc.timeout.max)
2023-06-28 21:19:49,155 [Time-limited test] INFO  shell.TestOzoneShellHA (TestOzoneShellHA.java:execute(212)) - Executing OzoneShell command with args [key, put, o3://om-service-test1/volumeobs1/bucket1/key46, /home/runner/work/ozone/ozone/hadoop-ozone/integration-test/target/test-dir/TestOzoneShellHA/testFile]
2023-06-28 21:19:49,207 [Time-limited test] INFO  shell.TestOzoneShellHA (TestOzoneShellHA.java:execute(212)) - Executing OzoneShell command with args [key, put, o3://om-service-test1/volumeobs1/bucket1/key47, /home/runner/work/ozone/ozone/hadoop-ozone/integration-test/target/test-dir/TestOzoneShellHA/testFile]
2023-06-28 21:19:49,265 [Time-limited test] INFO  shell.TestOzoneShellHA (TestOzoneShellHA.java:execute(212)) - Executing OzoneShell command with args [key, put, o3://om-service-test1/volumeobs1/bucket1/key48, /home/runner/work/ozone/ozone/hadoop-ozone/integration-test/target/test-dir/TestOzoneShellHA/testFile]
2023-06-28 21:19:49,329 [Time-limited test] INFO  shell.TestOzoneShellHA (TestOzoneShellHA.java:execute(212)) - Executing OzoneShell command with args [key, put, o3://om-service-test1/volumeobs1/bucket1/key49, /home/runner/work/ozone/ozone/hadoop-ozone/integration-test/target/test-dir/TestOzoneShellHA/testFile]
2023-06-28 21:19:49,403 [Time-limited test] INFO  shell.TestOzoneShellHA (TestOzoneShellHA.java:execute(212)) - Executing OzoneShell command with args [key, put, o3://om-service-test1/volumeobs1/bucket1/key50, /home/runner/work/ozone/ozone/hadoop-ozone/integration-test/target/test-dir/TestOzoneShellHA/testFile]
2023-06-28 21:19:49,459 [Time-limited test] INFO  shell.TestOzoneShellHA (TestOzoneShellHA.java:execute(212)) - Executing OzoneShell command with args [key, put, o3://om-service-test1/volumeobs1/bucket1/key51, /home/runner/work/ozone/ozone/hadoop-ozone/integration-test/target/test-dir/TestOzoneShellHA/testFile]
2023-06-28 21:19:49,515 [Time-limited test] INFO  shell.TestOzoneShellHA (TestOzoneShellHA.java:execute(212)) - Executing OzoneShell command with args [key, put, o3://om-service-test1/volumeobs1/bucket1/key52, /home/runner/work/ozone/ozone/hadoop-ozone/integration-test/target/test-dir/TestOzoneShellHA/testFile]
2023-06-28 21:19:49,566 [Time-limited test] INFO  shell.TestOzoneShellHA (TestOzoneShellHA.java:execute(212)) - Executing OzoneShell command with args [key, put, o3://om-service-test1/volumeobs1/bucket1/key53, /home/runner/work/ozone/ozone/hadoop-ozone/integration-test/target/test-dir/TestOzoneShellHA/testFile]
2023-06-28 21:19:49,622 [Time-limited test] INFO  shell.TestOzoneShellHA (TestOzoneShellHA.java:execute(212)) - Executing OzoneShell command with args [key, put, o3://om-service-test1/volumeobs1/bucket1/key54, /home/runner/work/ozone/ozone/hadoop-ozone/integration-test/target/test-dir/TestOzoneShellHA/testFile]
2023-06-28 21:19:49,673 [Time-limited test] INFO  shell.TestOzoneShellHA (TestOzoneShellHA.java:execute(212)) - Executing OzoneShell command with args [key, put, o3://om-service-test1/volumeobs1/bucket1/key55, /home/runner/work/ozone/ozone/hadoop-ozone/integration-test/target/test-dir/TestOzoneShellHA/testFile]
2023-06-28 21:19:49,724 [Time-limited test] INFO  shell.TestOzoneShellHA (TestOzoneShellHA.java:execute(212)) - Executing OzoneShell command with args [key, put, o3://om-service-test1/volumeobs1/bucket1/key56, /home/runner/work/ozone/ozone/hadoop-ozone/integration-test/target/test-dir/TestOzoneShellHA/testFile]
2023-06-28 21:19:49,780 [Time-limited test] INFO  shell.TestOzoneShellHA (TestOzoneShellHA.java:execute(212)) - Executing OzoneShell command with args [key, put, o3://om-service-test1/volumeobs1/bucket1/key57, /home/runner/work/ozone/ozone/hadoop-ozone/integration-test/target/test-dir/TestOzoneShellHA/testFile]
2023-06-28 21:19:49,831 [Time-limited test] INFO  shell.TestOzoneShellHA (TestOzoneShellHA.java:execute(212)) - Executing OzoneShell command with args [key, put, o3://om-service-test1/volumeobs1/bucket1/key58, /home/runner/work/ozone/ozone/hadoop-ozone/integration-test/target/test-dir/TestOzoneShellHA/testFile]
2023-06-28 21:19:49,882 [Time-limited test] INFO  shell.TestOzoneShellHA (TestOzoneShellHA.java:execute(212)) - Executing OzoneShell command with args [key, put, o3://om-service-test1/volumeobs1/bucket1/key59, /home/runner/work/ozone/ozone/hadoop-ozone/integration-test/target/test-dir/TestOzoneShellHA/testFile]
2023-06-28 21:19:49,932 [Time-limited test] INFO  shell.TestOzoneShellHA (TestOzoneShellHA.java:execute(212)) - Executing OzoneShell command with args [key, put, o3://om-service-test1/volumeobs1/bucket1/key60, /home/runner/work/ozone/ozone/hadoop-ozone/integration-test/target/test-dir/TestOzoneShellHA/testFile]
2023-06-28 21:19:49,981 [Time-limited test] INFO  shell.TestOzoneShellHA (TestOzoneShellHA.java:execute(212)) - Executing OzoneShell command with args [key, put, o3://om-service-test1/volumeobs1/bucket1/key61, /home/runner/work/ozone/ozone/hadoop-ozone/integration-test/target/test-dir/TestOzoneShellHA/testFile]
2023-06-28 21:19:50,031 [Time-limited test] INFO  shell.TestOzoneShellHA (TestOzoneShellHA.java:execute(212)) - Executing OzoneShell command with args [key, put, o3://om-service-test1/volumeobs1/bucket1/key62, /home/runner/work/ozone/ozone/hadoop-ozone/integration-test/target/test-dir/TestOzoneShellHA/testFile]
2023-06-28 21:19:50,081 [Time-limited test] INFO  shell.TestOzoneShellHA (TestOzoneShellHA.java:execute(212)) - Executing OzoneShell command with args [key, put, o3://om-service-test1/volumeobs1/bucket1/key63, /home/runner/work/ozone/ozone/hadoop-ozone/integration-test/target/test-dir/TestOzoneShellHA/testFile]
2023-06-28 21:19:50,136 [Time-limited test] INFO  shell.TestOzoneShellHA (TestOzoneShellHA.java:execute(212)) - Executing OzoneShell command with args [key, put, o3://om-service-test1/volumeobs1/bucket1/key64, /home/runner/work/ozone/ozone/hadoop-ozone/integration-test/target/test-dir/TestOzoneShellHA/testFile]
2023-06-28 21:19:50,260 [JvmPauseMonitor2] WARN  util.JvmPauseMonitor (JvmPauseMonitor.java:detectPause(124)) - JvmPauseMonitor-omNode-2: Detected pause in JVM or host machine approximately 0.104s with 0.113s GC time.
GC pool 'PS Scavenge' had collection(s): count=1 time=113ms
2023-06-28 21:19:50,261 [JvmPauseMonitor5] WARN  util.JvmPauseMonitor (JvmPauseMonitor.java:detectPause(124)) - JvmPauseMonitor-08ff75f9-1328-4943-9840-929c3a1c46cb: Detected pause in JVM or host machine approximately 0.105s with 0.113s GC time.
GC pool 'PS Scavenge' had collection(s): count=1 time=113ms
2023-06-28 21:19:50,261 [JvmPauseMonitor0] WARN  util.JvmPauseMonitor (JvmPauseMonitor.java:detectPause(124)) - JvmPauseMonitor-86b108b1-e814-4214-9a95-1bb63bd17ec5: Detected pause in JVM or host machine approximately 0.105s with 0.113s GC time.
GC pool 'PS Scavenge' had collection(s): count=1 time=113ms
2023-06-28 21:19:50,261 [JvmPauseMonitor8] WARN  util.JvmPauseMonitor (JvmPauseMonitor.java:detectPause(124)) - JvmPauseMonitor-68d6cd24-bd24-4fd7-81ed-64a513f0bb68: Detected pause in JVM or host machine approximately 0.105s with 0.113s GC time.
GC pool 'PS Scavenge' had collection(s): count=1 time=113ms
2023-06-28 21:19:50,261 [JvmPauseMonitor3] WARN  util.JvmPauseMonitor (JvmPauseMonitor.java:detectPause(124)) - JvmPauseMonitor-omNode-3: Detected pause in JVM or host machine approximately 0.107s with 0.113s GC time.
GC pool 'PS Scavenge' had collection(s): count=1 time=113ms
2023-06-28 21:19:50,261 [JvmPauseMonitor7] WARN  util.JvmPauseMonitor (JvmPauseMonitor.java:detectPause(124)) - JvmPauseMonitor-dafdcea3-8be0-4d1d-be6d-f6a2e26020ac: Detected pause in JVM or host machine approximately 0.108s with 0.113s GC time.
GC pool 'PS Scavenge' had collection(s): count=1 time=113ms
2023-06-28 21:19:50,261 [JvmPauseMonitor4] WARN  util.JvmPauseMonitor (JvmPauseMonitor.java:detectPause(124)) - JvmPauseMonitor-bb0e9150-086f-4512-ab04-1336b269041b: Detected pause in JVM or host machine approximately 0.110s with 0.113s GC time.
GC pool 'PS Scavenge' had collection(s): count=1 time=113ms
2023-06-28 21:19:50,264 [JvmPauseMonitor1] WARN  util.JvmPauseMonitor (JvmPauseMonitor.java:detectPause(124)) - JvmPauseMonitor-omNode-1: Detected pause in JVM or host machine approximately 0.119s with 0.113s GC time.
GC pool 'PS Scavenge' had collection(s): count=1 time=113ms
2023-06-28 21:19:50,313 [Time-limited test] INFO  shell.TestOzoneShellHA (TestOzoneShellHA.java:execute(212)) - Executing OzoneShell command with args [key, put, o3://om-service-test1/volumeobs1/bucket1/key65, /home/runner/work/ozone/ozone/hadoop-ozone/integration-test/target/test-dir/TestOzoneShellHA/testFile]
2023-06-28 21:19:50,318 [omNode-3@group-523986131536-FollowerState] INFO  server.RaftServerConfigKeys (ConfUtils.java:logFallback(53)) - raft.server.rpc.first-election.timeout.min = 1s (fallback to raft.server.rpc.timeout.min)
2023-06-28 21:19:50,318 [omNode-3@group-523986131536-FollowerState] INFO  server.RaftServerConfigKeys (ConfUtils.java:logFallback(53)) - raft.server.rpc.first-election.timeout.max = 1200ms (fallback to raft.server.rpc.timeout.max)
2023-06-28 21:19:50,370 [Time-limited test] INFO  shell.TestOzoneShellHA (TestOzoneShellHA.java:execute(212)) - Executing OzoneShell command with args [key, put, o3://om-service-test1/volumeobs1/bucket1/key66, /home/runner/work/ozone/ozone/hadoop-ozone/integration-test/target/test-dir/TestOzoneShellHA/testFile]
2023-06-28 21:19:50,419 [Time-limited test] INFO  shell.TestOzoneShellHA (TestOzoneShellHA.java:execute(212)) - Executing OzoneShell command with args [key, put, o3://om-service-test1/volumeobs1/bucket1/key67, /home/runner/work/ozone/ozone/hadoop-ozone/integration-test/target/test-dir/TestOzoneShellHA/testFile]
2023-06-28 21:19:50,469 [Time-limited test] INFO  shell.TestOzoneShellHA (TestOzoneShellHA.java:execute(212)) - Executing OzoneShell command with args [key, put, o3://om-service-test1/volumeobs1/bucket1/key68, /home/runner/work/ozone/ozone/hadoop-ozone/integration-test/target/test-dir/TestOzoneShellHA/testFile]
2023-06-28 21:19:50,520 [Time-limited test] INFO  shell.TestOzoneShellHA (TestOzoneShellHA.java:execute(212)) - Executing OzoneShell command with args [key, put, o3://om-service-test1/volumeobs1/bucket1/key69, /home/runner/work/ozone/ozone/hadoop-ozone/integration-test/target/test-dir/TestOzoneShellHA/testFile]
2023-06-28 21:19:50,568 [Time-limited test] INFO  shell.TestOzoneShellHA (TestOzoneShellHA.java:execute(212)) - Executing OzoneShell command with args [key, put, o3://om-service-test1/volumeobs1/bucket1/key70, /home/runner/work/ozone/ozone/hadoop-ozone/integration-test/target/test-dir/TestOzoneShellHA/testFile]
2023-06-28 21:19:50,616 [Time-limited test] INFO  shell.TestOzoneShellHA (TestOzoneShellHA.java:execute(212)) - Executing OzoneShell command with args [key, put, o3://om-service-test1/volumeobs1/bucket1/key71, /home/runner/work/ozone/ozone/hadoop-ozone/integration-test/target/test-dir/TestOzoneShellHA/testFile]
2023-06-28 21:19:50,667 [Time-limited test] INFO  shell.TestOzoneShellHA (TestOzoneShellHA.java:execute(212)) - Executing OzoneShell command with args [key, put, o3://om-service-test1/volumeobs1/bucket1/key72, /home/runner/work/ozone/ozone/hadoop-ozone/integration-test/target/test-dir/TestOzoneShellHA/testFile]
2023-06-28 21:19:50,718 [Time-limited test] INFO  shell.TestOzoneShellHA (TestOzoneShellHA.java:execute(212)) - Executing OzoneShell command with args [key, put, o3://om-service-test1/volumeobs1/bucket1/key73, /home/runner/work/ozone/ozone/hadoop-ozone/integration-test/target/test-dir/TestOzoneShellHA/testFile]
2023-06-28 21:19:50,770 [Time-limited test] INFO  shell.TestOzoneShellHA (TestOzoneShellHA.java:execute(212)) - Executing OzoneShell command with args [key, put, o3://om-service-test1/volumeobs1/bucket1/key74, /home/runner/work/ozone/ozone/hadoop-ozone/integration-test/target/test-dir/TestOzoneShellHA/testFile]
2023-06-28 21:19:50,822 [Time-limited test] INFO  shell.TestOzoneShellHA (TestOzoneShellHA.java:execute(212)) - Executing OzoneShell command with args [key, put, o3://om-service-test1/volumeobs1/bucket1/key75, /home/runner/work/ozone/ozone/hadoop-ozone/integration-test/target/test-dir/TestOzoneShellHA/testFile]
2023-06-28 21:19:50,872 [Time-limited test] INFO  shell.TestOzoneShellHA (TestOzoneShellHA.java:execute(212)) - Executing OzoneShell command with args [key, put, o3://om-service-test1/volumeobs1/bucket1/key76, /home/runner/work/ozone/ozone/hadoop-ozone/integration-test/target/test-dir/TestOzoneShellHA/testFile]
2023-06-28 21:19:50,923 [Time-limited test] INFO  shell.TestOzoneShellHA (TestOzoneShellHA.java:execute(212)) - Executing OzoneShell command with args [key, put, o3://om-service-test1/volumeobs1/bucket1/key77, /home/runner/work/ozone/ozone/hadoop-ozone/integration-test/target/test-dir/TestOzoneShellHA/testFile]
2023-06-28 21:19:50,970 [Time-limited test] INFO  shell.TestOzoneShellHA (TestOzoneShellHA.java:execute(212)) - Executing OzoneShell command with args [key, put, o3://om-service-test1/volumeobs1/bucket1/key78, /home/runner/work/ozone/ozone/hadoop-ozone/integration-test/target/test-dir/TestOzoneShellHA/testFile]
2023-06-28 21:19:51,018 [Time-limited test] INFO  shell.TestOzoneShellHA (TestOzoneShellHA.java:execute(212)) - Executing OzoneShell command with args [key, put, o3://om-service-test1/volumeobs1/bucket1/key79, /home/runner/work/ozone/ozone/hadoop-ozone/integration-test/target/test-dir/TestOzoneShellHA/testFile]
2023-06-28 21:19:51,068 [Time-limited test] INFO  shell.TestOzoneShellHA (TestOzoneShellHA.java:execute(212)) - Executing OzoneShell command with args [key, put, o3://om-service-test1/volumeobs1/bucket1/key80, /home/runner/work/ozone/ozone/hadoop-ozone/integration-test/target/test-dir/TestOzoneShellHA/testFile]
2023-06-28 21:19:51,120 [Time-limited test] INFO  shell.TestOzoneShellHA (TestOzoneShellHA.java:execute(212)) - Executing OzoneShell command with args [key, put, o3://om-service-test1/volumeobs1/bucket1/key81, /home/runner/work/ozone/ozone/hadoop-ozone/integration-test/target/test-dir/TestOzoneShellHA/testFile]
2023-06-28 21:19:51,169 [Time-limited test] INFO  shell.TestOzoneShellHA (TestOzoneShellHA.java:execute(212)) - Executing OzoneShell command with args [key, put, o3://om-service-test1/volumeobs1/bucket1/key82, /home/runner/work/ozone/ozone/hadoop-ozone/integration-test/target/test-dir/TestOzoneShellHA/testFile]
2023-06-28 21:19:51,218 [Time-limited test] INFO  shell.TestOzoneShellHA (TestOzoneShellHA.java:execute(212)) - Executing OzoneShell command with args [key, put, o3://om-service-test1/volumeobs1/bucket1/key83, /home/runner/work/ozone/ozone/hadoop-ozone/integration-test/target/test-dir/TestOzoneShellHA/testFile]
2023-06-28 21:19:51,269 [Time-limited test] INFO  shell.TestOzoneShellHA (TestOzoneShellHA.java:execute(212)) - Executing OzoneShell command with args [key, put, o3://om-service-test1/volumeobs1/bucket1/key84, /home/runner/work/ozone/ozone/hadoop-ozone/integration-test/target/test-dir/TestOzoneShellHA/testFile]
2023-06-28 21:19:51,325 [Time-limited test] INFO  shell.TestOzoneShellHA (TestOzoneShellHA.java:execute(212)) - Executing OzoneShell command with args [key, put, o3://om-service-test1/volumeobs1/bucket1/key85, /home/runner/work/ozone/ozone/hadoop-ozone/integration-test/target/test-dir/TestOzoneShellHA/testFile]
2023-06-28 21:19:51,383 [Time-limited test] INFO  shell.TestOzoneShellHA (TestOzoneShellHA.java:execute(212)) - Executing OzoneShell command with args [key, put, o3://om-service-test1/volumeobs1/bucket1/key86, /home/runner/work/ozone/ozone/hadoop-ozone/integration-test/target/test-dir/TestOzoneShellHA/testFile]
2023-06-28 21:19:51,436 [Time-limited test] INFO  shell.TestOzoneShellHA (TestOzoneShellHA.java:execute(212)) - Executing OzoneShell command with args [key, put, o3://om-service-test1/volumeobs1/bucket1/key87, /home/runner/work/ozone/ozone/hadoop-ozone/integration-test/target/test-dir/TestOzoneShellHA/testFile]
2023-06-28 21:19:51,437 [omNode-3@group-523986131536-FollowerState] INFO  server.RaftServerConfigKeys (ConfUtils.java:logFallback(53)) - raft.server.rpc.first-election.timeout.min = 1s (fallback to raft.server.rpc.timeout.min)
2023-06-28 21:19:51,437 [omNode-3@group-523986131536-FollowerState] INFO  server.RaftServerConfigKeys (ConfUtils.java:logFallback(53)) - raft.server.rpc.first-election.timeout.max = 1200ms (fallback to raft.server.rpc.timeout.max)
2023-06-28 21:19:51,486 [Time-limited test] INFO  shell.TestOzoneShellHA (TestOzoneShellHA.java:execute(212)) - Executing OzoneShell command with args [key, put, o3://om-service-test1/volumeobs1/bucket1/key88, /home/runner/work/ozone/ozone/hadoop-ozone/integration-test/target/test-dir/TestOzoneShellHA/testFile]
2023-06-28 21:19:51,540 [Time-limited test] INFO  shell.TestOzoneShellHA (TestOzoneShellHA.java:execute(212)) - Executing OzoneShell command with args [key, put, o3://om-service-test1/volumeobs1/bucket1/key89, /home/runner/work/ozone/ozone/hadoop-ozone/integration-test/target/test-dir/TestOzoneShellHA/testFile]
2023-06-28 21:19:51,591 [Time-limited test] INFO  shell.TestOzoneShellHA (TestOzoneShellHA.java:execute(212)) - Executing OzoneShell command with args [key, put, o3://om-service-test1/volumeobs1/bucket1/key90, /home/runner/work/ozone/ozone/hadoop-ozone/integration-test/target/test-dir/TestOzoneShellHA/testFile]
2023-06-28 21:19:51,643 [Time-limited test] INFO  shell.TestOzoneShellHA (TestOzoneShellHA.java:execute(212)) - Executing OzoneShell command with args [key, put, o3://om-service-test1/volumeobs1/bucket1/key91, /home/runner/work/ozone/ozone/hadoop-ozone/integration-test/target/test-dir/TestOzoneShellHA/testFile]
2023-06-28 21:19:51,694 [Time-limited test] INFO  shell.TestOzoneShellHA (TestOzoneShellHA.java:execute(212)) - Executing OzoneShell command with args [key, put, o3://om-service-test1/volumeobs1/bucket1/key92, /home/runner/work/ozone/ozone/hadoop-ozone/integration-test/target/test-dir/TestOzoneShellHA/testFile]
2023-06-28 21:19:51,741 [Time-limited test] INFO  shell.TestOzoneShellHA (TestOzoneShellHA.java:execute(212)) - Executing OzoneShell command with args [key, put, o3://om-service-test1/volumeobs1/bucket1/key93, /home/runner/work/ozone/ozone/hadoop-ozone/integration-test/target/test-dir/TestOzoneShellHA/testFile]
2023-06-28 21:19:51,793 [Time-limited test] INFO  shell.TestOzoneShellHA (TestOzoneShellHA.java:execute(212)) - Executing OzoneShell command with args [key, put, o3://om-service-test1/volumeobs1/bucket1/key94, /home/runner/work/ozone/ozone/hadoop-ozone/integration-test/target/test-dir/TestOzoneShellHA/testFile]
2023-06-28 21:19:51,832 [Time-limited test] INFO  shell.TestOzoneShellHA (TestOzoneShellHA.java:execute(212)) - Executing OzoneShell command with args [key, put, o3://om-service-test1/volumeobs1/bucket1/key95, /home/runner/work/ozone/ozone/hadoop-ozone/integration-test/target/test-dir/TestOzoneShellHA/testFile]
2023-06-28 21:19:51,881 [Time-limited test] INFO  shell.TestOzoneShellHA (TestOzoneShellHA.java:execute(212)) - Executing OzoneShell command with args [key, put, o3://om-service-test1/volumeobs1/bucket1/key96, /home/runner/work/ozone/ozone/hadoop-ozone/integration-test/target/test-dir/TestOzoneShellHA/testFile]
2023-06-28 21:19:51,935 [Time-limited test] INFO  shell.TestOzoneShellHA (TestOzoneShellHA.java:execute(212)) - Executing OzoneShell command with args [key, put, o3://om-service-test1/volumeobs1/bucket1/key97, /home/runner/work/ozone/ozone/hadoop-ozone/integration-test/target/test-dir/TestOzoneShellHA/testFile]
2023-06-28 21:19:51,986 [Time-limited test] INFO  shell.TestOzoneShellHA (TestOzoneShellHA.java:execute(212)) - Executing OzoneShell command with args [key, put, o3://om-service-test1/volumeobs1/bucket1/key98, /home/runner/work/ozone/ozone/hadoop-ozone/integration-test/target/test-dir/TestOzoneShellHA/testFile]
2023-06-28 21:19:52,050 [Time-limited test] INFO  shell.TestOzoneShellHA (TestOzoneShellHA.java:execute(212)) - Executing OzoneShell command with args [key, put, o3://om-service-test1/volumeobs1/bucket1/key99, /home/runner/work/ozone/ozone/hadoop-ozone/integration-test/target/test-dir/TestOzoneShellHA/testFile]
2023-06-28 21:19:52,098 [Time-limited test] INFO  shell.TestOzoneShellHA (TestOzoneShellHA.java:execute(212)) - Executing OzoneShell command with args [--set=ozone.fs.trash.interval=1, key, delete, /volumeobs1/bucket1/key4]
2023-06-28 21:19:52,125 [Time-limited test] INFO  shell.TestOzoneShellHA (TestOzoneShellHA.java:execute(212)) - Executing OzoneShell command with args [key, list, --prefix=.Trash, o3://om-service-test1/volumeobs1/bucket1/]
2023-06-28 21:19:52,150 [Time-limited test] INFO  shell.TestOzoneShellHA (TestOzoneShellHA.java:execute(212)) - Executing OzoneShell command with args [key, list, o3://om-service-test1/volumeobs1/bucket1/]
]]></system-out>
  </testcase>
  <testcase name="testVolumeListKeys" classname="org.apache.hadoop.ozone.shell.TestOzoneShellHA" time="6.607">
    <system-out><![CDATA[2023-06-28 21:19:52,618 [omNode-3@group-523986131536-FollowerState] INFO  server.RaftServerConfigKeys (ConfUtils.java:logFallback(53)) - raft.server.rpc.first-election.timeout.min = 1s (fallback to raft.server.rpc.timeout.min)
2023-06-28 21:19:52,618 [omNode-3@group-523986131536-FollowerState] INFO  server.RaftServerConfigKeys (ConfUtils.java:logFallback(53)) - raft.server.rpc.first-election.timeout.max = 1200ms (fallback to raft.server.rpc.timeout.max)
2023-06-28 21:19:52,823 [Time-limited test] INFO  shell.TestOzoneShellHA (TestOzoneShellHA.java:execute(212)) - Executing OzoneShell command with args [volume, create, o3://om-service-test1/volx]
2023-06-28 21:19:52,843 [Time-limited test] INFO  rpc.RpcClient (RpcClient.java:createVolume(460)) - Creating Volume: volx, with runner as owner and space quota set to -1 bytes, counts quota set to -1
2023-06-28 21:19:52,847 [OM StateMachine ApplyTransaction Thread - 0] INFO  volume.OMVolumeCreateRequest (OMVolumeCreateRequest.java:validateAndUpdateCache(196)) - created volume:volx for user:runner
2023-06-28 21:19:52,847 [Time-limited test] INFO  shell.TestOzoneShellHA (TestOzoneShellHA.java:execute(212)) - Executing OzoneShell command with args [bucket, create, o3://om-service-test1/volx/bucketfso, --layout, FILE_SYSTEM_OPTIMIZED]
2023-06-28 21:19:52,857 [OM StateMachine ApplyTransaction Thread - 0] INFO  volume.OMVolumeCreateRequest (OMVolumeCreateRequest.java:validateAndUpdateCache(196)) - created volume:volx for user:runner
2023-06-28 21:19:52,858 [OM StateMachine ApplyTransaction Thread - 0] INFO  volume.OMVolumeCreateRequest (OMVolumeCreateRequest.java:validateAndUpdateCache(196)) - created volume:volx for user:runner
2023-06-28 21:19:52,868 [Time-limited test] INFO  lib.Interns (Interns.java:removeEldestEntry(70)) - Metrics intern cache overflow at 1001 for ContainerInfo=MetricsTag{info=CacheName, value=ContainerInfo}
2023-06-28 21:19:52,869 [Time-limited test] INFO  rpc.RpcClient (RpcClient.java:createBucket(687)) - Creating Bucket: volx/bucketfso, with bucket layout FILE_SYSTEM_OPTIMIZED, runner as owner, Versioning false, Storage Type set to DISK and Encryption set to false, Replication Type set to server-side default replication type, Namespace Quota set to -1, Space Quota set to -1 
2023-06-28 21:19:52,871 [OM StateMachine ApplyTransaction Thread - 0] INFO  bucket.OMBucketCreateRequest (OMBucketCreateRequest.java:validateAndUpdateCache(270)) - created bucket: bucketfso of layout FILE_SYSTEM_OPTIMIZED in volume: volx
2023-06-28 21:19:52,872 [Time-limited test] INFO  shell.TestOzoneShellHA (TestOzoneShellHA.java:execute(212)) - Executing OzoneShell command with args [key, put, o3://om-service-test1/volx/bucketfso/key0, /home/runner/work/ozone/ozone/hadoop-ozone/integration-test/target/test-dir/TestOzoneShellHA/testFile]
2023-06-28 21:19:52,881 [OM StateMachine ApplyTransaction Thread - 0] INFO  bucket.OMBucketCreateRequest (OMBucketCreateRequest.java:validateAndUpdateCache(270)) - created bucket: bucketfso of layout FILE_SYSTEM_OPTIMIZED in volume: volx
2023-06-28 21:19:52,882 [OM StateMachine ApplyTransaction Thread - 0] INFO  bucket.OMBucketCreateRequest (OMBucketCreateRequest.java:validateAndUpdateCache(270)) - created bucket: bucketfso of layout FILE_SYSTEM_OPTIMIZED in volume: volx
2023-06-28 21:19:52,921 [Time-limited test] INFO  shell.TestOzoneShellHA (TestOzoneShellHA.java:execute(212)) - Executing OzoneShell command with args [key, put, o3://om-service-test1/volx/bucketfso/key1, /home/runner/work/ozone/ozone/hadoop-ozone/integration-test/target/test-dir/TestOzoneShellHA/testFile]
2023-06-28 21:19:52,971 [Time-limited test] INFO  shell.TestOzoneShellHA (TestOzoneShellHA.java:execute(212)) - Executing OzoneShell command with args [key, put, o3://om-service-test1/volx/bucketfso/key2, /home/runner/work/ozone/ozone/hadoop-ozone/integration-test/target/test-dir/TestOzoneShellHA/testFile]
2023-06-28 21:19:53,022 [Time-limited test] INFO  shell.TestOzoneShellHA (TestOzoneShellHA.java:execute(212)) - Executing OzoneShell command with args [key, put, o3://om-service-test1/volx/bucketfso/key3, /home/runner/work/ozone/ozone/hadoop-ozone/integration-test/target/test-dir/TestOzoneShellHA/testFile]
2023-06-28 21:19:53,073 [Time-limited test] INFO  shell.TestOzoneShellHA (TestOzoneShellHA.java:execute(212)) - Executing OzoneShell command with args [key, put, o3://om-service-test1/volx/bucketfso/key4, /home/runner/work/ozone/ozone/hadoop-ozone/integration-test/target/test-dir/TestOzoneShellHA/testFile]
2023-06-28 21:19:53,123 [Time-limited test] INFO  shell.TestOzoneShellHA (TestOzoneShellHA.java:execute(212)) - Executing OzoneShell command with args [key, put, o3://om-service-test1/volx/bucketfso/key5, /home/runner/work/ozone/ozone/hadoop-ozone/integration-test/target/test-dir/TestOzoneShellHA/testFile]
2023-06-28 21:19:53,172 [Time-limited test] INFO  shell.TestOzoneShellHA (TestOzoneShellHA.java:execute(212)) - Executing OzoneShell command with args [key, put, o3://om-service-test1/volx/bucketfso/key6, /home/runner/work/ozone/ozone/hadoop-ozone/integration-test/target/test-dir/TestOzoneShellHA/testFile]
2023-06-28 21:19:53,221 [Time-limited test] INFO  shell.TestOzoneShellHA (TestOzoneShellHA.java:execute(212)) - Executing OzoneShell command with args [key, put, o3://om-service-test1/volx/bucketfso/key7, /home/runner/work/ozone/ozone/hadoop-ozone/integration-test/target/test-dir/TestOzoneShellHA/testFile]
2023-06-28 21:19:53,271 [Time-limited test] INFO  shell.TestOzoneShellHA (TestOzoneShellHA.java:execute(212)) - Executing OzoneShell command with args [key, put, o3://om-service-test1/volx/bucketfso/key8, /home/runner/work/ozone/ozone/hadoop-ozone/integration-test/target/test-dir/TestOzoneShellHA/testFile]
2023-06-28 21:19:53,321 [Time-limited test] INFO  shell.TestOzoneShellHA (TestOzoneShellHA.java:execute(212)) - Executing OzoneShell command with args [key, put, o3://om-service-test1/volx/bucketfso/key9, /home/runner/work/ozone/ozone/hadoop-ozone/integration-test/target/test-dir/TestOzoneShellHA/testFile]
2023-06-28 21:19:53,372 [Time-limited test] INFO  shell.TestOzoneShellHA (TestOzoneShellHA.java:execute(212)) - Executing OzoneShell command with args [key, put, o3://om-service-test1/volx/bucketfso/key10, /home/runner/work/ozone/ozone/hadoop-ozone/integration-test/target/test-dir/TestOzoneShellHA/testFile]
2023-06-28 21:19:53,432 [Time-limited test] INFO  shell.TestOzoneShellHA (TestOzoneShellHA.java:execute(212)) - Executing OzoneShell command with args [key, put, o3://om-service-test1/volx/bucketfso/key11, /home/runner/work/ozone/ozone/hadoop-ozone/integration-test/target/test-dir/TestOzoneShellHA/testFile]
2023-06-28 21:19:53,482 [Time-limited test] INFO  shell.TestOzoneShellHA (TestOzoneShellHA.java:execute(212)) - Executing OzoneShell command with args [key, put, o3://om-service-test1/volx/bucketfso/key12, /home/runner/work/ozone/ozone/hadoop-ozone/integration-test/target/test-dir/TestOzoneShellHA/testFile]
2023-06-28 21:19:53,530 [Time-limited test] INFO  shell.TestOzoneShellHA (TestOzoneShellHA.java:execute(212)) - Executing OzoneShell command with args [key, put, o3://om-service-test1/volx/bucketfso/key13, /home/runner/work/ozone/ozone/hadoop-ozone/integration-test/target/test-dir/TestOzoneShellHA/testFile]
2023-06-28 21:19:53,579 [Time-limited test] INFO  shell.TestOzoneShellHA (TestOzoneShellHA.java:execute(212)) - Executing OzoneShell command with args [key, put, o3://om-service-test1/volx/bucketfso/key14, /home/runner/work/ozone/ozone/hadoop-ozone/integration-test/target/test-dir/TestOzoneShellHA/testFile]
2023-06-28 21:19:53,630 [Time-limited test] INFO  shell.TestOzoneShellHA (TestOzoneShellHA.java:execute(212)) - Executing OzoneShell command with args [key, put, o3://om-service-test1/volx/bucketfso/key15, /home/runner/work/ozone/ozone/hadoop-ozone/integration-test/target/test-dir/TestOzoneShellHA/testFile]
2023-06-28 21:19:53,642 [omNode-3@group-523986131536-FollowerState] INFO  server.RaftServerConfigKeys (ConfUtils.java:logFallback(53)) - raft.server.rpc.first-election.timeout.min = 1s (fallback to raft.server.rpc.timeout.min)
2023-06-28 21:19:53,642 [omNode-3@group-523986131536-FollowerState] INFO  server.RaftServerConfigKeys (ConfUtils.java:logFallback(53)) - raft.server.rpc.first-election.timeout.max = 1200ms (fallback to raft.server.rpc.timeout.max)
2023-06-28 21:19:53,684 [Time-limited test] INFO  shell.TestOzoneShellHA (TestOzoneShellHA.java:execute(212)) - Executing OzoneShell command with args [key, put, o3://om-service-test1/volx/bucketfso/key16, /home/runner/work/ozone/ozone/hadoop-ozone/integration-test/target/test-dir/TestOzoneShellHA/testFile]
2023-06-28 21:19:53,736 [Time-limited test] INFO  shell.TestOzoneShellHA (TestOzoneShellHA.java:execute(212)) - Executing OzoneShell command with args [key, put, o3://om-service-test1/volx/bucketfso/key17, /home/runner/work/ozone/ozone/hadoop-ozone/integration-test/target/test-dir/TestOzoneShellHA/testFile]
2023-06-28 21:19:53,787 [Time-limited test] INFO  shell.TestOzoneShellHA (TestOzoneShellHA.java:execute(212)) - Executing OzoneShell command with args [key, put, o3://om-service-test1/volx/bucketfso/key18, /home/runner/work/ozone/ozone/hadoop-ozone/integration-test/target/test-dir/TestOzoneShellHA/testFile]
2023-06-28 21:19:53,839 [Time-limited test] INFO  shell.TestOzoneShellHA (TestOzoneShellHA.java:execute(212)) - Executing OzoneShell command with args [key, put, o3://om-service-test1/volx/bucketfso/key19, /home/runner/work/ozone/ozone/hadoop-ozone/integration-test/target/test-dir/TestOzoneShellHA/testFile]
2023-06-28 21:19:53,887 [Time-limited test] INFO  shell.TestOzoneShellHA (TestOzoneShellHA.java:execute(212)) - Executing OzoneShell command with args [key, put, o3://om-service-test1/volx/bucketfso/key20, /home/runner/work/ozone/ozone/hadoop-ozone/integration-test/target/test-dir/TestOzoneShellHA/testFile]
2023-06-28 21:19:53,940 [Time-limited test] INFO  shell.TestOzoneShellHA (TestOzoneShellHA.java:execute(212)) - Executing OzoneShell command with args [key, put, o3://om-service-test1/volx/bucketfso/key21, /home/runner/work/ozone/ozone/hadoop-ozone/integration-test/target/test-dir/TestOzoneShellHA/testFile]
2023-06-28 21:19:53,989 [Time-limited test] INFO  shell.TestOzoneShellHA (TestOzoneShellHA.java:execute(212)) - Executing OzoneShell command with args [key, put, o3://om-service-test1/volx/bucketfso/key22, /home/runner/work/ozone/ozone/hadoop-ozone/integration-test/target/test-dir/TestOzoneShellHA/testFile]
2023-06-28 21:19:54,039 [Time-limited test] INFO  shell.TestOzoneShellHA (TestOzoneShellHA.java:execute(212)) - Executing OzoneShell command with args [key, put, o3://om-service-test1/volx/bucketfso/key23, /home/runner/work/ozone/ozone/hadoop-ozone/integration-test/target/test-dir/TestOzoneShellHA/testFile]
2023-06-28 21:19:54,106 [Time-limited test] INFO  shell.TestOzoneShellHA (TestOzoneShellHA.java:execute(212)) - Executing OzoneShell command with args [key, put, o3://om-service-test1/volx/bucketfso/key24, /home/runner/work/ozone/ozone/hadoop-ozone/integration-test/target/test-dir/TestOzoneShellHA/testFile]
2023-06-28 21:19:54,158 [Time-limited test] INFO  shell.TestOzoneShellHA (TestOzoneShellHA.java:execute(212)) - Executing OzoneShell command with args [key, put, o3://om-service-test1/volx/bucketfso/key25, /home/runner/work/ozone/ozone/hadoop-ozone/integration-test/target/test-dir/TestOzoneShellHA/testFile]
2023-06-28 21:19:54,211 [Time-limited test] INFO  shell.TestOzoneShellHA (TestOzoneShellHA.java:execute(212)) - Executing OzoneShell command with args [key, put, o3://om-service-test1/volx/bucketfso/key26, /home/runner/work/ozone/ozone/hadoop-ozone/integration-test/target/test-dir/TestOzoneShellHA/testFile]
2023-06-28 21:19:54,261 [Time-limited test] INFO  shell.TestOzoneShellHA (TestOzoneShellHA.java:execute(212)) - Executing OzoneShell command with args [key, put, o3://om-service-test1/volx/bucketfso/key27, /home/runner/work/ozone/ozone/hadoop-ozone/integration-test/target/test-dir/TestOzoneShellHA/testFile]
2023-06-28 21:19:54,317 [Time-limited test] INFO  shell.TestOzoneShellHA (TestOzoneShellHA.java:execute(212)) - Executing OzoneShell command with args [key, put, o3://om-service-test1/volx/bucketfso/key28, /home/runner/work/ozone/ozone/hadoop-ozone/integration-test/target/test-dir/TestOzoneShellHA/testFile]
2023-06-28 21:19:54,370 [Time-limited test] INFO  shell.TestOzoneShellHA (TestOzoneShellHA.java:execute(212)) - Executing OzoneShell command with args [key, put, o3://om-service-test1/volx/bucketfso/key29, /home/runner/work/ozone/ozone/hadoop-ozone/integration-test/target/test-dir/TestOzoneShellHA/testFile]
2023-06-28 21:19:54,419 [Time-limited test] INFO  shell.TestOzoneShellHA (TestOzoneShellHA.java:execute(212)) - Executing OzoneShell command with args [key, put, o3://om-service-test1/volx/bucketfso/key30, /home/runner/work/ozone/ozone/hadoop-ozone/integration-test/target/test-dir/TestOzoneShellHA/testFile]
2023-06-28 21:19:54,470 [Time-limited test] INFO  shell.TestOzoneShellHA (TestOzoneShellHA.java:execute(212)) - Executing OzoneShell command with args [key, put, o3://om-service-test1/volx/bucketfso/key31, /home/runner/work/ozone/ozone/hadoop-ozone/integration-test/target/test-dir/TestOzoneShellHA/testFile]
2023-06-28 21:19:54,523 [Time-limited test] INFO  shell.TestOzoneShellHA (TestOzoneShellHA.java:execute(212)) - Executing OzoneShell command with args [key, put, o3://om-service-test1/volx/bucketfso/key32, /home/runner/work/ozone/ozone/hadoop-ozone/integration-test/target/test-dir/TestOzoneShellHA/testFile]
2023-06-28 21:19:54,576 [Time-limited test] INFO  shell.TestOzoneShellHA (TestOzoneShellHA.java:execute(212)) - Executing OzoneShell command with args [key, put, o3://om-service-test1/volx/bucketfso/key33, /home/runner/work/ozone/ozone/hadoop-ozone/integration-test/target/test-dir/TestOzoneShellHA/testFile]
2023-06-28 21:19:54,626 [Time-limited test] INFO  shell.TestOzoneShellHA (TestOzoneShellHA.java:execute(212)) - Executing OzoneShell command with args [key, put, o3://om-service-test1/volx/bucketfso/key34, /home/runner/work/ozone/ozone/hadoop-ozone/integration-test/target/test-dir/TestOzoneShellHA/testFile]
2023-06-28 21:19:54,773 [omNode-3@group-523986131536-FollowerState] INFO  server.RaftServerConfigKeys (ConfUtils.java:logFallback(53)) - raft.server.rpc.first-election.timeout.min = 1s (fallback to raft.server.rpc.timeout.min)
2023-06-28 21:19:54,773 [omNode-3@group-523986131536-FollowerState] INFO  server.RaftServerConfigKeys (ConfUtils.java:logFallback(53)) - raft.server.rpc.first-election.timeout.max = 1200ms (fallback to raft.server.rpc.timeout.max)
2023-06-28 21:19:54,790 [Time-limited test] INFO  shell.TestOzoneShellHA (TestOzoneShellHA.java:execute(212)) - Executing OzoneShell command with args [key, put, o3://om-service-test1/volx/bucketfso/key35, /home/runner/work/ozone/ozone/hadoop-ozone/integration-test/target/test-dir/TestOzoneShellHA/testFile]
2023-06-28 21:19:54,846 [Time-limited test] INFO  shell.TestOzoneShellHA (TestOzoneShellHA.java:execute(212)) - Executing OzoneShell command with args [key, put, o3://om-service-test1/volx/bucketfso/key36, /home/runner/work/ozone/ozone/hadoop-ozone/integration-test/target/test-dir/TestOzoneShellHA/testFile]
2023-06-28 21:19:54,896 [Time-limited test] INFO  shell.TestOzoneShellHA (TestOzoneShellHA.java:execute(212)) - Executing OzoneShell command with args [key, put, o3://om-service-test1/volx/bucketfso/key37, /home/runner/work/ozone/ozone/hadoop-ozone/integration-test/target/test-dir/TestOzoneShellHA/testFile]
2023-06-28 21:19:54,952 [Time-limited test] INFO  shell.TestOzoneShellHA (TestOzoneShellHA.java:execute(212)) - Executing OzoneShell command with args [key, put, o3://om-service-test1/volx/bucketfso/key38, /home/runner/work/ozone/ozone/hadoop-ozone/integration-test/target/test-dir/TestOzoneShellHA/testFile]
2023-06-28 21:19:55,001 [Time-limited test] INFO  shell.TestOzoneShellHA (TestOzoneShellHA.java:execute(212)) - Executing OzoneShell command with args [key, put, o3://om-service-test1/volx/bucketfso/key39, /home/runner/work/ozone/ozone/hadoop-ozone/integration-test/target/test-dir/TestOzoneShellHA/testFile]
2023-06-28 21:19:55,051 [Time-limited test] INFO  shell.TestOzoneShellHA (TestOzoneShellHA.java:execute(212)) - Executing OzoneShell command with args [key, put, o3://om-service-test1/volx/bucketfso/key40, /home/runner/work/ozone/ozone/hadoop-ozone/integration-test/target/test-dir/TestOzoneShellHA/testFile]
2023-06-28 21:19:55,100 [Time-limited test] INFO  shell.TestOzoneShellHA (TestOzoneShellHA.java:execute(212)) - Executing OzoneShell command with args [key, put, o3://om-service-test1/volx/bucketfso/key41, /home/runner/work/ozone/ozone/hadoop-ozone/integration-test/target/test-dir/TestOzoneShellHA/testFile]
2023-06-28 21:19:55,148 [Time-limited test] INFO  shell.TestOzoneShellHA (TestOzoneShellHA.java:execute(212)) - Executing OzoneShell command with args [key, put, o3://om-service-test1/volx/bucketfso/key42, /home/runner/work/ozone/ozone/hadoop-ozone/integration-test/target/test-dir/TestOzoneShellHA/testFile]
2023-06-28 21:19:55,198 [Time-limited test] INFO  shell.TestOzoneShellHA (TestOzoneShellHA.java:execute(212)) - Executing OzoneShell command with args [key, put, o3://om-service-test1/volx/bucketfso/key43, /home/runner/work/ozone/ozone/hadoop-ozone/integration-test/target/test-dir/TestOzoneShellHA/testFile]
2023-06-28 21:19:55,253 [Time-limited test] INFO  shell.TestOzoneShellHA (TestOzoneShellHA.java:execute(212)) - Executing OzoneShell command with args [key, put, o3://om-service-test1/volx/bucketfso/key44, /home/runner/work/ozone/ozone/hadoop-ozone/integration-test/target/test-dir/TestOzoneShellHA/testFile]
2023-06-28 21:19:55,305 [Time-limited test] INFO  shell.TestOzoneShellHA (TestOzoneShellHA.java:execute(212)) - Executing OzoneShell command with args [key, put, o3://om-service-test1/volx/bucketfso/key45, /home/runner/work/ozone/ozone/hadoop-ozone/integration-test/target/test-dir/TestOzoneShellHA/testFile]
2023-06-28 21:19:55,357 [Time-limited test] INFO  shell.TestOzoneShellHA (TestOzoneShellHA.java:execute(212)) - Executing OzoneShell command with args [key, put, o3://om-service-test1/volx/bucketfso/key46, /home/runner/work/ozone/ozone/hadoop-ozone/integration-test/target/test-dir/TestOzoneShellHA/testFile]
2023-06-28 21:19:55,409 [Time-limited test] INFO  shell.TestOzoneShellHA (TestOzoneShellHA.java:execute(212)) - Executing OzoneShell command with args [key, put, o3://om-service-test1/volx/bucketfso/key47, /home/runner/work/ozone/ozone/hadoop-ozone/integration-test/target/test-dir/TestOzoneShellHA/testFile]
2023-06-28 21:19:55,460 [Time-limited test] INFO  shell.TestOzoneShellHA (TestOzoneShellHA.java:execute(212)) - Executing OzoneShell command with args [key, put, o3://om-service-test1/volx/bucketfso/key48, /home/runner/work/ozone/ozone/hadoop-ozone/integration-test/target/test-dir/TestOzoneShellHA/testFile]
2023-06-28 21:19:55,513 [Time-limited test] INFO  shell.TestOzoneShellHA (TestOzoneShellHA.java:execute(212)) - Executing OzoneShell command with args [key, put, o3://om-service-test1/volx/bucketfso/key49, /home/runner/work/ozone/ozone/hadoop-ozone/integration-test/target/test-dir/TestOzoneShellHA/testFile]
2023-06-28 21:19:55,562 [Time-limited test] INFO  shell.TestOzoneShellHA (TestOzoneShellHA.java:execute(212)) - Executing OzoneShell command with args [key, put, o3://om-service-test1/volx/bucketfso/key50, /home/runner/work/ozone/ozone/hadoop-ozone/integration-test/target/test-dir/TestOzoneShellHA/testFile]
2023-06-28 21:19:55,616 [Time-limited test] INFO  shell.TestOzoneShellHA (TestOzoneShellHA.java:execute(212)) - Executing OzoneShell command with args [key, put, o3://om-service-test1/volx/bucketfso/key51, /home/runner/work/ozone/ozone/hadoop-ozone/integration-test/target/test-dir/TestOzoneShellHA/testFile]
2023-06-28 21:19:55,668 [Time-limited test] INFO  shell.TestOzoneShellHA (TestOzoneShellHA.java:execute(212)) - Executing OzoneShell command with args [key, put, o3://om-service-test1/volx/bucketfso/key52, /home/runner/work/ozone/ozone/hadoop-ozone/integration-test/target/test-dir/TestOzoneShellHA/testFile]
2023-06-28 21:19:55,718 [Time-limited test] INFO  shell.TestOzoneShellHA (TestOzoneShellHA.java:execute(212)) - Executing OzoneShell command with args [key, put, o3://om-service-test1/volx/bucketfso/key53, /home/runner/work/ozone/ozone/hadoop-ozone/integration-test/target/test-dir/TestOzoneShellHA/testFile]
2023-06-28 21:19:55,768 [Time-limited test] INFO  shell.TestOzoneShellHA (TestOzoneShellHA.java:execute(212)) - Executing OzoneShell command with args [key, put, o3://om-service-test1/volx/bucketfso/key54, /home/runner/work/ozone/ozone/hadoop-ozone/integration-test/target/test-dir/TestOzoneShellHA/testFile]
2023-06-28 21:19:55,822 [Time-limited test] INFO  shell.TestOzoneShellHA (TestOzoneShellHA.java:execute(212)) - Executing OzoneShell command with args [key, put, o3://om-service-test1/volx/bucketfso/key55, /home/runner/work/ozone/ozone/hadoop-ozone/integration-test/target/test-dir/TestOzoneShellHA/testFile]
2023-06-28 21:19:55,866 [Time-limited test] INFO  shell.TestOzoneShellHA (TestOzoneShellHA.java:execute(212)) - Executing OzoneShell command with args [key, put, o3://om-service-test1/volx/bucketfso/key56, /home/runner/work/ozone/ozone/hadoop-ozone/integration-test/target/test-dir/TestOzoneShellHA/testFile]
2023-06-28 21:19:55,921 [Time-limited test] INFO  shell.TestOzoneShellHA (TestOzoneShellHA.java:execute(212)) - Executing OzoneShell command with args [key, put, o3://om-service-test1/volx/bucketfso/key57, /home/runner/work/ozone/ozone/hadoop-ozone/integration-test/target/test-dir/TestOzoneShellHA/testFile]
2023-06-28 21:19:55,932 [omNode-3@group-523986131536-FollowerState] INFO  server.RaftServerConfigKeys (ConfUtils.java:logFallback(53)) - raft.server.rpc.first-election.timeout.min = 1s (fallback to raft.server.rpc.timeout.min)
2023-06-28 21:19:55,932 [omNode-3@group-523986131536-FollowerState] INFO  server.RaftServerConfigKeys (ConfUtils.java:logFallback(53)) - raft.server.rpc.first-election.timeout.max = 1200ms (fallback to raft.server.rpc.timeout.max)
2023-06-28 21:19:55,971 [Time-limited test] INFO  shell.TestOzoneShellHA (TestOzoneShellHA.java:execute(212)) - Executing OzoneShell command with args [key, put, o3://om-service-test1/volx/bucketfso/key58, /home/runner/work/ozone/ozone/hadoop-ozone/integration-test/target/test-dir/TestOzoneShellHA/testFile]
2023-06-28 21:19:56,025 [Time-limited test] INFO  shell.TestOzoneShellHA (TestOzoneShellHA.java:execute(212)) - Executing OzoneShell command with args [key, put, o3://om-service-test1/volx/bucketfso/key59, /home/runner/work/ozone/ozone/hadoop-ozone/integration-test/target/test-dir/TestOzoneShellHA/testFile]
2023-06-28 21:19:56,075 [Time-limited test] INFO  shell.TestOzoneShellHA (TestOzoneShellHA.java:execute(212)) - Executing OzoneShell command with args [key, put, o3://om-service-test1/volx/bucketfso/key60, /home/runner/work/ozone/ozone/hadoop-ozone/integration-test/target/test-dir/TestOzoneShellHA/testFile]
2023-06-28 21:19:56,127 [Time-limited test] INFO  shell.TestOzoneShellHA (TestOzoneShellHA.java:execute(212)) - Executing OzoneShell command with args [key, put, o3://om-service-test1/volx/bucketfso/key61, /home/runner/work/ozone/ozone/hadoop-ozone/integration-test/target/test-dir/TestOzoneShellHA/testFile]
2023-06-28 21:19:56,177 [Time-limited test] INFO  shell.TestOzoneShellHA (TestOzoneShellHA.java:execute(212)) - Executing OzoneShell command with args [key, put, o3://om-service-test1/volx/bucketfso/key62, /home/runner/work/ozone/ozone/hadoop-ozone/integration-test/target/test-dir/TestOzoneShellHA/testFile]
2023-06-28 21:19:56,226 [Time-limited test] INFO  shell.TestOzoneShellHA (TestOzoneShellHA.java:execute(212)) - Executing OzoneShell command with args [key, put, o3://om-service-test1/volx/bucketfso/key63, /home/runner/work/ozone/ozone/hadoop-ozone/integration-test/target/test-dir/TestOzoneShellHA/testFile]
2023-06-28 21:19:56,275 [Time-limited test] INFO  shell.TestOzoneShellHA (TestOzoneShellHA.java:execute(212)) - Executing OzoneShell command with args [key, put, o3://om-service-test1/volx/bucketfso/key64, /home/runner/work/ozone/ozone/hadoop-ozone/integration-test/target/test-dir/TestOzoneShellHA/testFile]
2023-06-28 21:19:56,326 [Time-limited test] INFO  shell.TestOzoneShellHA (TestOzoneShellHA.java:execute(212)) - Executing OzoneShell command with args [key, put, o3://om-service-test1/volx/bucketfso/key65, /home/runner/work/ozone/ozone/hadoop-ozone/integration-test/target/test-dir/TestOzoneShellHA/testFile]
2023-06-28 21:19:56,380 [Time-limited test] INFO  shell.TestOzoneShellHA (TestOzoneShellHA.java:execute(212)) - Executing OzoneShell command with args [key, put, o3://om-service-test1/volx/bucketfso/key66, /home/runner/work/ozone/ozone/hadoop-ozone/integration-test/target/test-dir/TestOzoneShellHA/testFile]
2023-06-28 21:19:56,435 [Time-limited test] INFO  shell.TestOzoneShellHA (TestOzoneShellHA.java:execute(212)) - Executing OzoneShell command with args [key, put, o3://om-service-test1/volx/bucketfso/key67, /home/runner/work/ozone/ozone/hadoop-ozone/integration-test/target/test-dir/TestOzoneShellHA/testFile]
2023-06-28 21:19:56,482 [Time-limited test] INFO  shell.TestOzoneShellHA (TestOzoneShellHA.java:execute(212)) - Executing OzoneShell command with args [key, put, o3://om-service-test1/volx/bucketfso/key68, /home/runner/work/ozone/ozone/hadoop-ozone/integration-test/target/test-dir/TestOzoneShellHA/testFile]
2023-06-28 21:19:56,529 [Time-limited test] INFO  shell.TestOzoneShellHA (TestOzoneShellHA.java:execute(212)) - Executing OzoneShell command with args [key, put, o3://om-service-test1/volx/bucketfso/key69, /home/runner/work/ozone/ozone/hadoop-ozone/integration-test/target/test-dir/TestOzoneShellHA/testFile]
2023-06-28 21:19:56,580 [Time-limited test] INFO  shell.TestOzoneShellHA (TestOzoneShellHA.java:execute(212)) - Executing OzoneShell command with args [key, put, o3://om-service-test1/volx/bucketfso/key70, /home/runner/work/ozone/ozone/hadoop-ozone/integration-test/target/test-dir/TestOzoneShellHA/testFile]
2023-06-28 21:19:56,632 [Time-limited test] INFO  shell.TestOzoneShellHA (TestOzoneShellHA.java:execute(212)) - Executing OzoneShell command with args [key, put, o3://om-service-test1/volx/bucketfso/key71, /home/runner/work/ozone/ozone/hadoop-ozone/integration-test/target/test-dir/TestOzoneShellHA/testFile]
2023-06-28 21:19:56,682 [Time-limited test] INFO  shell.TestOzoneShellHA (TestOzoneShellHA.java:execute(212)) - Executing OzoneShell command with args [key, put, o3://om-service-test1/volx/bucketfso/key72, /home/runner/work/ozone/ozone/hadoop-ozone/integration-test/target/test-dir/TestOzoneShellHA/testFile]
2023-06-28 21:19:56,735 [Time-limited test] INFO  shell.TestOzoneShellHA (TestOzoneShellHA.java:execute(212)) - Executing OzoneShell command with args [key, put, o3://om-service-test1/volx/bucketfso/key73, /home/runner/work/ozone/ozone/hadoop-ozone/integration-test/target/test-dir/TestOzoneShellHA/testFile]
2023-06-28 21:19:56,788 [Time-limited test] INFO  shell.TestOzoneShellHA (TestOzoneShellHA.java:execute(212)) - Executing OzoneShell command with args [key, put, o3://om-service-test1/volx/bucketfso/key74, /home/runner/work/ozone/ozone/hadoop-ozone/integration-test/target/test-dir/TestOzoneShellHA/testFile]
2023-06-28 21:19:56,839 [Time-limited test] INFO  shell.TestOzoneShellHA (TestOzoneShellHA.java:execute(212)) - Executing OzoneShell command with args [key, put, o3://om-service-test1/volx/bucketfso/key75, /home/runner/work/ozone/ozone/hadoop-ozone/integration-test/target/test-dir/TestOzoneShellHA/testFile]
2023-06-28 21:19:56,888 [Time-limited test] INFO  shell.TestOzoneShellHA (TestOzoneShellHA.java:execute(212)) - Executing OzoneShell command with args [key, put, o3://om-service-test1/volx/bucketfso/key76, /home/runner/work/ozone/ozone/hadoop-ozone/integration-test/target/test-dir/TestOzoneShellHA/testFile]
2023-06-28 21:19:56,941 [Time-limited test] INFO  shell.TestOzoneShellHA (TestOzoneShellHA.java:execute(212)) - Executing OzoneShell command with args [key, put, o3://om-service-test1/volx/bucketfso/key77, /home/runner/work/ozone/ozone/hadoop-ozone/integration-test/target/test-dir/TestOzoneShellHA/testFile]
2023-06-28 21:19:56,990 [Time-limited test] INFO  shell.TestOzoneShellHA (TestOzoneShellHA.java:execute(212)) - Executing OzoneShell command with args [key, put, o3://om-service-test1/volx/bucketfso/key78, /home/runner/work/ozone/ozone/hadoop-ozone/integration-test/target/test-dir/TestOzoneShellHA/testFile]
2023-06-28 21:19:57,030 [omNode-3@group-523986131536-FollowerState] INFO  server.RaftServerConfigKeys (ConfUtils.java:logFallback(53)) - raft.server.rpc.first-election.timeout.min = 1s (fallback to raft.server.rpc.timeout.min)
2023-06-28 21:19:57,030 [omNode-3@group-523986131536-FollowerState] INFO  server.RaftServerConfigKeys (ConfUtils.java:logFallback(53)) - raft.server.rpc.first-election.timeout.max = 1200ms (fallback to raft.server.rpc.timeout.max)
2023-06-28 21:19:57,042 [Time-limited test] INFO  shell.TestOzoneShellHA (TestOzoneShellHA.java:execute(212)) - Executing OzoneShell command with args [key, put, o3://om-service-test1/volx/bucketfso/key79, /home/runner/work/ozone/ozone/hadoop-ozone/integration-test/target/test-dir/TestOzoneShellHA/testFile]
2023-06-28 21:19:57,091 [Time-limited test] INFO  shell.TestOzoneShellHA (TestOzoneShellHA.java:execute(212)) - Executing OzoneShell command with args [key, put, o3://om-service-test1/volx/bucketfso/key80, /home/runner/work/ozone/ozone/hadoop-ozone/integration-test/target/test-dir/TestOzoneShellHA/testFile]
2023-06-28 21:19:57,137 [Time-limited test] INFO  shell.TestOzoneShellHA (TestOzoneShellHA.java:execute(212)) - Executing OzoneShell command with args [key, put, o3://om-service-test1/volx/bucketfso/key81, /home/runner/work/ozone/ozone/hadoop-ozone/integration-test/target/test-dir/TestOzoneShellHA/testFile]
2023-06-28 21:19:57,186 [Time-limited test] INFO  shell.TestOzoneShellHA (TestOzoneShellHA.java:execute(212)) - Executing OzoneShell command with args [key, put, o3://om-service-test1/volx/bucketfso/key82, /home/runner/work/ozone/ozone/hadoop-ozone/integration-test/target/test-dir/TestOzoneShellHA/testFile]
2023-06-28 21:19:57,237 [Time-limited test] INFO  shell.TestOzoneShellHA (TestOzoneShellHA.java:execute(212)) - Executing OzoneShell command with args [key, put, o3://om-service-test1/volx/bucketfso/key83, /home/runner/work/ozone/ozone/hadoop-ozone/integration-test/target/test-dir/TestOzoneShellHA/testFile]
2023-06-28 21:19:57,288 [Time-limited test] INFO  shell.TestOzoneShellHA (TestOzoneShellHA.java:execute(212)) - Executing OzoneShell command with args [key, put, o3://om-service-test1/volx/bucketfso/key84, /home/runner/work/ozone/ozone/hadoop-ozone/integration-test/target/test-dir/TestOzoneShellHA/testFile]
2023-06-28 21:19:57,340 [Time-limited test] INFO  shell.TestOzoneShellHA (TestOzoneShellHA.java:execute(212)) - Executing OzoneShell command with args [key, put, o3://om-service-test1/volx/bucketfso/key85, /home/runner/work/ozone/ozone/hadoop-ozone/integration-test/target/test-dir/TestOzoneShellHA/testFile]
2023-06-28 21:19:57,381 [Time-limited test] INFO  shell.TestOzoneShellHA (TestOzoneShellHA.java:execute(212)) - Executing OzoneShell command with args [key, put, o3://om-service-test1/volx/bucketfso/key86, /home/runner/work/ozone/ozone/hadoop-ozone/integration-test/target/test-dir/TestOzoneShellHA/testFile]
2023-06-28 21:19:57,431 [Time-limited test] INFO  shell.TestOzoneShellHA (TestOzoneShellHA.java:execute(212)) - Executing OzoneShell command with args [key, put, o3://om-service-test1/volx/bucketfso/key87, /home/runner/work/ozone/ozone/hadoop-ozone/integration-test/target/test-dir/TestOzoneShellHA/testFile]
2023-06-28 21:19:57,482 [Time-limited test] INFO  shell.TestOzoneShellHA (TestOzoneShellHA.java:execute(212)) - Executing OzoneShell command with args [key, put, o3://om-service-test1/volx/bucketfso/key88, /home/runner/work/ozone/ozone/hadoop-ozone/integration-test/target/test-dir/TestOzoneShellHA/testFile]
2023-06-28 21:19:57,533 [Time-limited test] INFO  shell.TestOzoneShellHA (TestOzoneShellHA.java:execute(212)) - Executing OzoneShell command with args [key, put, o3://om-service-test1/volx/bucketfso/key89, /home/runner/work/ozone/ozone/hadoop-ozone/integration-test/target/test-dir/TestOzoneShellHA/testFile]
2023-06-28 21:19:57,583 [Time-limited test] INFO  shell.TestOzoneShellHA (TestOzoneShellHA.java:execute(212)) - Executing OzoneShell command with args [key, put, o3://om-service-test1/volx/bucketfso/key90, /home/runner/work/ozone/ozone/hadoop-ozone/integration-test/target/test-dir/TestOzoneShellHA/testFile]
2023-06-28 21:19:57,637 [Time-limited test] INFO  shell.TestOzoneShellHA (TestOzoneShellHA.java:execute(212)) - Executing OzoneShell command with args [key, put, o3://om-service-test1/volx/bucketfso/key91, /home/runner/work/ozone/ozone/hadoop-ozone/integration-test/target/test-dir/TestOzoneShellHA/testFile]
2023-06-28 21:19:57,690 [Time-limited test] INFO  shell.TestOzoneShellHA (TestOzoneShellHA.java:execute(212)) - Executing OzoneShell command with args [key, put, o3://om-service-test1/volx/bucketfso/key92, /home/runner/work/ozone/ozone/hadoop-ozone/integration-test/target/test-dir/TestOzoneShellHA/testFile]
2023-06-28 21:19:57,738 [Time-limited test] INFO  shell.TestOzoneShellHA (TestOzoneShellHA.java:execute(212)) - Executing OzoneShell command with args [key, put, o3://om-service-test1/volx/bucketfso/key93, /home/runner/work/ozone/ozone/hadoop-ozone/integration-test/target/test-dir/TestOzoneShellHA/testFile]
2023-06-28 21:19:57,789 [Time-limited test] INFO  shell.TestOzoneShellHA (TestOzoneShellHA.java:execute(212)) - Executing OzoneShell command with args [key, put, o3://om-service-test1/volx/bucketfso/key94, /home/runner/work/ozone/ozone/hadoop-ozone/integration-test/target/test-dir/TestOzoneShellHA/testFile]
2023-06-28 21:19:57,841 [Time-limited test] INFO  shell.TestOzoneShellHA (TestOzoneShellHA.java:execute(212)) - Executing OzoneShell command with args [key, put, o3://om-service-test1/volx/bucketfso/key95, /home/runner/work/ozone/ozone/hadoop-ozone/integration-test/target/test-dir/TestOzoneShellHA/testFile]
2023-06-28 21:19:57,894 [Time-limited test] INFO  shell.TestOzoneShellHA (TestOzoneShellHA.java:execute(212)) - Executing OzoneShell command with args [key, put, o3://om-service-test1/volx/bucketfso/key96, /home/runner/work/ozone/ozone/hadoop-ozone/integration-test/target/test-dir/TestOzoneShellHA/testFile]
2023-06-28 21:19:57,944 [Time-limited test] INFO  shell.TestOzoneShellHA (TestOzoneShellHA.java:execute(212)) - Executing OzoneShell command with args [key, put, o3://om-service-test1/volx/bucketfso/key97, /home/runner/work/ozone/ozone/hadoop-ozone/integration-test/target/test-dir/TestOzoneShellHA/testFile]
2023-06-28 21:19:57,997 [Time-limited test] INFO  shell.TestOzoneShellHA (TestOzoneShellHA.java:execute(212)) - Executing OzoneShell command with args [key, put, o3://om-service-test1/volx/bucketfso/key98, /home/runner/work/ozone/ozone/hadoop-ozone/integration-test/target/test-dir/TestOzoneShellHA/testFile]
2023-06-28 21:19:58,050 [Time-limited test] INFO  shell.TestOzoneShellHA (TestOzoneShellHA.java:execute(212)) - Executing OzoneShell command with args [key, put, o3://om-service-test1/volx/bucketfso/key99, /home/runner/work/ozone/ozone/hadoop-ozone/integration-test/target/test-dir/TestOzoneShellHA/testFile]
2023-06-28 21:19:58,100 [Time-limited test] INFO  shell.TestOzoneShellHA (TestOzoneShellHA.java:execute(212)) - Executing OzoneShell command with args [bucket, create, --layout, OBJECT_STORE, volx/bucketobs]
2023-06-28 21:19:58,108 [omNode-3@group-523986131536-FollowerState] INFO  server.RaftServerConfigKeys (ConfUtils.java:logFallback(53)) - raft.server.rpc.first-election.timeout.min = 1s (fallback to raft.server.rpc.timeout.min)
2023-06-28 21:19:58,108 [omNode-3@group-523986131536-FollowerState] INFO  server.RaftServerConfigKeys (ConfUtils.java:logFallback(53)) - raft.server.rpc.first-election.timeout.max = 1200ms (fallback to raft.server.rpc.timeout.max)
2023-06-28 21:19:58,124 [Time-limited test] INFO  rpc.RpcClient (RpcClient.java:createBucket(687)) - Creating Bucket: volx/bucketobs, with bucket layout OBJECT_STORE, runner as owner, Versioning false, Storage Type set to DISK and Encryption set to false, Replication Type set to server-side default replication type, Namespace Quota set to -1, Space Quota set to -1 
2023-06-28 21:19:58,126 [OM StateMachine ApplyTransaction Thread - 0] INFO  bucket.OMBucketCreateRequest (OMBucketCreateRequest.java:validateAndUpdateCache(270)) - created bucket: bucketobs of layout OBJECT_STORE in volume: volx
2023-06-28 21:19:58,127 [Time-limited test] INFO  shell.TestOzoneShellHA (TestOzoneShellHA.java:execute(212)) - Executing OzoneShell command with args [key, put, o3://om-service-test1/volx/bucketobs/key0, /home/runner/work/ozone/ozone/hadoop-ozone/integration-test/target/test-dir/TestOzoneShellHA/testFile]
2023-06-28 21:19:58,137 [OM StateMachine ApplyTransaction Thread - 0] INFO  bucket.OMBucketCreateRequest (OMBucketCreateRequest.java:validateAndUpdateCache(270)) - created bucket: bucketobs of layout OBJECT_STORE in volume: volx
2023-06-28 21:19:58,137 [OM StateMachine ApplyTransaction Thread - 0] INFO  bucket.OMBucketCreateRequest (OMBucketCreateRequest.java:validateAndUpdateCache(270)) - created bucket: bucketobs of layout OBJECT_STORE in volume: volx
2023-06-28 21:19:58,177 [Time-limited test] INFO  shell.TestOzoneShellHA (TestOzoneShellHA.java:execute(212)) - Executing OzoneShell command with args [key, put, o3://om-service-test1/volx/bucketobs/key1, /home/runner/work/ozone/ozone/hadoop-ozone/integration-test/target/test-dir/TestOzoneShellHA/testFile]
2023-06-28 21:19:58,226 [Time-limited test] INFO  shell.TestOzoneShellHA (TestOzoneShellHA.java:execute(212)) - Executing OzoneShell command with args [key, put, o3://om-service-test1/volx/bucketobs/key2, /home/runner/work/ozone/ozone/hadoop-ozone/integration-test/target/test-dir/TestOzoneShellHA/testFile]
2023-06-28 21:19:58,277 [Time-limited test] INFO  shell.TestOzoneShellHA (TestOzoneShellHA.java:execute(212)) - Executing OzoneShell command with args [key, put, o3://om-service-test1/volx/bucketobs/key3, /home/runner/work/ozone/ozone/hadoop-ozone/integration-test/target/test-dir/TestOzoneShellHA/testFile]
2023-06-28 21:19:58,327 [Time-limited test] INFO  shell.TestOzoneShellHA (TestOzoneShellHA.java:execute(212)) - Executing OzoneShell command with args [key, put, o3://om-service-test1/volx/bucketobs/key4, /home/runner/work/ozone/ozone/hadoop-ozone/integration-test/target/test-dir/TestOzoneShellHA/testFile]
2023-06-28 21:19:58,383 [Time-limited test] INFO  shell.TestOzoneShellHA (TestOzoneShellHA.java:execute(212)) - Executing OzoneShell command with args [bucket, create, --layout, LEGACY, volx/bucketlegacy]
2023-06-28 21:19:58,410 [Time-limited test] INFO  rpc.RpcClient (RpcClient.java:createBucket(687)) - Creating Bucket: volx/bucketlegacy, with bucket layout LEGACY, runner as owner, Versioning false, Storage Type set to DISK and Encryption set to false, Replication Type set to server-side default replication type, Namespace Quota set to -1, Space Quota set to -1 
2023-06-28 21:19:58,414 [OM StateMachine ApplyTransaction Thread - 0] INFO  bucket.OMBucketCreateRequest (OMBucketCreateRequest.java:validateAndUpdateCache(270)) - created bucket: bucketlegacy of layout LEGACY in volume: volx
2023-06-28 21:19:58,415 [Time-limited test] INFO  shell.TestOzoneShellHA (TestOzoneShellHA.java:execute(212)) - Executing OzoneShell command with args [key, put, o3://om-service-test1/volx/bucketlegacy/key0, /home/runner/work/ozone/ozone/hadoop-ozone/integration-test/target/test-dir/TestOzoneShellHA/testFile]
2023-06-28 21:19:58,425 [OM StateMachine ApplyTransaction Thread - 0] INFO  bucket.OMBucketCreateRequest (OMBucketCreateRequest.java:validateAndUpdateCache(270)) - created bucket: bucketlegacy of layout LEGACY in volume: volx
2023-06-28 21:19:58,425 [OM StateMachine ApplyTransaction Thread - 0] INFO  bucket.OMBucketCreateRequest (OMBucketCreateRequest.java:validateAndUpdateCache(270)) - created bucket: bucketlegacy of layout LEGACY in volume: volx
2023-06-28 21:19:58,466 [Time-limited test] INFO  shell.TestOzoneShellHA (TestOzoneShellHA.java:execute(212)) - Executing OzoneShell command with args [key, put, o3://om-service-test1/volx/bucketlegacy/key1, /home/runner/work/ozone/ozone/hadoop-ozone/integration-test/target/test-dir/TestOzoneShellHA/testFile]
2023-06-28 21:19:58,519 [Time-limited test] INFO  shell.TestOzoneShellHA (TestOzoneShellHA.java:execute(212)) - Executing OzoneShell command with args [key, put, o3://om-service-test1/volx/bucketlegacy/key2, /home/runner/work/ozone/ozone/hadoop-ozone/integration-test/target/test-dir/TestOzoneShellHA/testFile]
2023-06-28 21:19:58,568 [Time-limited test] INFO  shell.TestOzoneShellHA (TestOzoneShellHA.java:execute(212)) - Executing OzoneShell command with args [key, put, o3://om-service-test1/volx/bucketlegacy/key3, /home/runner/work/ozone/ozone/hadoop-ozone/integration-test/target/test-dir/TestOzoneShellHA/testFile]
2023-06-28 21:19:58,618 [Time-limited test] INFO  shell.TestOzoneShellHA (TestOzoneShellHA.java:execute(212)) - Executing OzoneShell command with args [key, put, o3://om-service-test1/volx/bucketlegacy/key4, /home/runner/work/ozone/ozone/hadoop-ozone/integration-test/target/test-dir/TestOzoneShellHA/testFile]
2023-06-28 21:19:58,673 [Time-limited test] INFO  shell.TestOzoneShellHA (TestOzoneShellHA.java:execute(212)) - Executing OzoneShell command with args [key, list, -l, 200, volx]
2023-06-28 21:19:58,721 [Time-limited test] INFO  shell.TestOzoneShellHA (TestOzoneShellHA.java:execute(212)) - Executing OzoneShell command with args [key, list, -l, 200, volx]
2023-06-28 21:19:58,765 [Time-limited test] INFO  shell.TestOzoneShellHA (TestOzoneShellHA.java:execute(212)) - Executing OzoneShell command with args [key, list, voly]
21:19:58.791 [IPC Server handler 9 on default port 15004] ERROR OMAudit - user=runner | ip=127.0.0.1 | op=READ_VOLUME {volume=voly} | ret=FAILURE
org.apache.hadoop.ozone.om.exceptions.OMException: Volume voly is not found
	at org.apache.hadoop.ozone.om.VolumeManagerImpl.getVolumeInfo(VolumeManagerImpl.java:61) ~[ozone-manager-1.4.0-SNAPSHOT.jar:?]
	at org.apache.hadoop.ozone.om.OzoneManager.getVolumeInfo(OzoneManager.java:2593) ~[ozone-manager-1.4.0-SNAPSHOT.jar:?]
	at org.apache.hadoop.ozone.protocolPB.OzoneManagerRequestHandler.infoVolume(OzoneManagerRequestHandler.java:458) ~[ozone-manager-1.4.0-SNAPSHOT.jar:?]
	at org.apache.hadoop.ozone.protocolPB.OzoneManagerRequestHandler.handleReadRequest(OzoneManagerRequestHandler.java:188) ~[ozone-manager-1.4.0-SNAPSHOT.jar:?]
	at org.apache.hadoop.ozone.protocolPB.OzoneManagerProtocolServerSideTranslatorPB.submitReadRequestToOM(OzoneManagerProtocolServerSideTranslatorPB.java:223) ~[ozone-manager-1.4.0-SNAPSHOT.jar:?]
	at org.apache.hadoop.ozone.protocolPB.OzoneManagerProtocolServerSideTranslatorPB.processRequest(OzoneManagerProtocolServerSideTranslatorPB.java:177) ~[ozone-manager-1.4.0-SNAPSHOT.jar:?]
	at org.apache.hadoop.hdds.server.OzoneProtocolMessageDispatcher.processRequest(OzoneProtocolMessageDispatcher.java:87) [hdds-server-framework-1.4.0-SNAPSHOT.jar:?]
	at org.apache.hadoop.ozone.protocolPB.OzoneManagerProtocolServerSideTranslatorPB.submitRequest(OzoneManagerProtocolServerSideTranslatorPB.java:147) [ozone-manager-1.4.0-SNAPSHOT.jar:?]
	at org.apache.hadoop.ozone.protocol.proto.OzoneManagerProtocolProtos$OzoneManagerService$2.callBlockingMethod(OzoneManagerProtocolProtos.java) [ozone-interface-client-1.4.0-SNAPSHOT.jar:?]
	at org.apache.hadoop.ipc.ProtobufRpcEngine$Server.processCall(ProtobufRpcEngine.java:484) [hadoop-common-3.3.6.jar:?]
	at org.apache.hadoop.ipc.ProtobufRpcEngine2$Server$ProtoBufRpcInvoker.call(ProtobufRpcEngine2.java:595) [hadoop-common-3.3.6.jar:?]
	at org.apache.hadoop.ipc.ProtobufRpcEngine2$Server$ProtoBufRpcInvoker.call(ProtobufRpcEngine2.java:573) [hadoop-common-3.3.6.jar:?]
	at org.apache.hadoop.ipc.RPC$Server.call(RPC.java:1227) [hadoop-common-3.3.6.jar:?]
	at org.apache.hadoop.ipc.Server$RpcCall.run(Server.java:1094) [hadoop-common-3.3.6.jar:?]
	at org.apache.hadoop.ipc.Server$RpcCall.run(Server.java:1017) [hadoop-common-3.3.6.jar:?]
	at java.security.AccessController.doPrivileged(Native Method) ~[?:1.8.0_372]
	at javax.security.auth.Subject.doAs(Subject.java:422) [?:1.8.0_372]
	at org.apache.hadoop.security.UserGroupInformation.doAs(UserGroupInformation.java:1899) [hadoop-common-3.3.6.jar:?]
	at org.apache.hadoop.ipc.Server$Handler.run(Server.java:3048) [hadoop-common-3.3.6.jar:?]
]]></system-out>
  </testcase>
  <testcase name="testShQuota" classname="org.apache.hadoop.ozone.shell.TestOzoneShellHA" time="1.832">
    <system-out><![CDATA[2023-06-28 21:19:59,233 [omNode-3@group-523986131536-FollowerState] INFO  server.RaftServerConfigKeys (ConfUtils.java:logFallback(53)) - raft.server.rpc.first-election.timeout.min = 1s (fallback to raft.server.rpc.timeout.min)
2023-06-28 21:19:59,233 [omNode-3@group-523986131536-FollowerState] INFO  server.RaftServerConfigKeys (ConfUtils.java:logFallback(53)) - raft.server.rpc.first-election.timeout.max = 1200ms (fallback to raft.server.rpc.timeout.max)
2023-06-28 21:19:59,615 [Time-limited test] INFO  shell.TestOzoneShellHA (TestOzoneShellHA.java:execute(212)) - Executing OzoneShell command with args [volume, create, vol]
2023-06-28 21:19:59,637 [Time-limited test] INFO  rpc.RpcClient (RpcClient.java:createVolume(460)) - Creating Volume: vol, with runner as owner and space quota set to -1 bytes, counts quota set to -1
2023-06-28 21:19:59,639 [OM StateMachine ApplyTransaction Thread - 0] INFO  volume.OMVolumeCreateRequest (OMVolumeCreateRequest.java:validateAndUpdateCache(196)) - created volume:vol for user:runner
2023-06-28 21:19:59,642 [Time-limited test] INFO  shell.TestOzoneShellHA (TestOzoneShellHA.java:execute(212)) - Executing OzoneShell command with args [bucket, create, vol/buck]
2023-06-28 21:19:59,649 [OM StateMachine ApplyTransaction Thread - 0] INFO  volume.OMVolumeCreateRequest (OMVolumeCreateRequest.java:validateAndUpdateCache(196)) - created volume:vol for user:runner
2023-06-28 21:19:59,650 [OM StateMachine ApplyTransaction Thread - 0] INFO  volume.OMVolumeCreateRequest (OMVolumeCreateRequest.java:validateAndUpdateCache(196)) - created volume:vol for user:runner
2023-06-28 21:19:59,667 [Time-limited test] INFO  rpc.RpcClient (RpcClient.java:createBucket(687)) - Creating Bucket: vol/buck, with server-side default bucket layout, runner as owner, Versioning false, Storage Type set to DISK and Encryption set to false, Replication Type set to server-side default replication type, Namespace Quota set to -1, Space Quota set to -1 
2023-06-28 21:19:59,669 [OM StateMachine ApplyTransaction Thread - 0] INFO  bucket.OMBucketCreateRequest (OMBucketCreateRequest.java:validateAndUpdateCache(270)) - created bucket: buck of layout FILE_SYSTEM_OPTIMIZED in volume: vol
2023-06-28 21:19:59,672 [Time-limited test] INFO  shell.TestOzoneShellHA (TestOzoneShellHA.java:execute(212)) - Executing OzoneShell command with args [volume, create, vol1, --quota, 100B]
2023-06-28 21:19:59,679 [OM StateMachine ApplyTransaction Thread - 0] INFO  bucket.OMBucketCreateRequest (OMBucketCreateRequest.java:validateAndUpdateCache(270)) - created bucket: buck of layout FILE_SYSTEM_OPTIMIZED in volume: vol
2023-06-28 21:19:59,680 [OM StateMachine ApplyTransaction Thread - 0] INFO  bucket.OMBucketCreateRequest (OMBucketCreateRequest.java:validateAndUpdateCache(270)) - created bucket: buck of layout FILE_SYSTEM_OPTIMIZED in volume: vol
2023-06-28 21:19:59,695 [Time-limited test] INFO  rpc.RpcClient (RpcClient.java:createVolume(460)) - Creating Volume: vol1, with runner as owner and space quota set to 100 bytes, counts quota set to -1
2023-06-28 21:19:59,698 [OM StateMachine ApplyTransaction Thread - 0] INFO  volume.OMVolumeCreateRequest (OMVolumeCreateRequest.java:validateAndUpdateCache(196)) - created volume:vol1 for user:runner
2023-06-28 21:19:59,699 [Time-limited test] INFO  shell.TestOzoneShellHA (TestOzoneShellHA.java:execute(212)) - Executing OzoneShell command with args [bucket, create, vol1/buck1, --quota, 10B]
2023-06-28 21:19:59,708 [OM StateMachine ApplyTransaction Thread - 0] INFO  volume.OMVolumeCreateRequest (OMVolumeCreateRequest.java:validateAndUpdateCache(196)) - created volume:vol1 for user:runner
2023-06-28 21:19:59,710 [OM StateMachine ApplyTransaction Thread - 0] INFO  volume.OMVolumeCreateRequest (OMVolumeCreateRequest.java:validateAndUpdateCache(196)) - created volume:vol1 for user:runner
2023-06-28 21:19:59,727 [Time-limited test] INFO  rpc.RpcClient (RpcClient.java:createBucket(687)) - Creating Bucket: vol1/buck1, with server-side default bucket layout, runner as owner, Versioning false, Storage Type set to DISK and Encryption set to false, Replication Type set to server-side default replication type, Namespace Quota set to -1, Space Quota set to 10 
2023-06-28 21:19:59,729 [OM StateMachine ApplyTransaction Thread - 0] INFO  bucket.OMBucketCreateRequest (OMBucketCreateRequest.java:validateAndUpdateCache(270)) - created bucket: buck1 of layout FILE_SYSTEM_OPTIMIZED in volume: vol1
2023-06-28 21:19:59,731 [Time-limited test] INFO  shell.TestOzoneShellHA (TestOzoneShellHA.java:execute(212)) - Executing OzoneShell command with args [volume, create, vol2, --space-quota, 100B]
2023-06-28 21:19:59,739 [OM StateMachine ApplyTransaction Thread - 0] INFO  bucket.OMBucketCreateRequest (OMBucketCreateRequest.java:validateAndUpdateCache(270)) - created bucket: buck1 of layout FILE_SYSTEM_OPTIMIZED in volume: vol1
2023-06-28 21:19:59,739 [OM StateMachine ApplyTransaction Thread - 0] INFO  bucket.OMBucketCreateRequest (OMBucketCreateRequest.java:validateAndUpdateCache(270)) - created bucket: buck1 of layout FILE_SYSTEM_OPTIMIZED in volume: vol1
2023-06-28 21:19:59,762 [Time-limited test] INFO  rpc.RpcClient (RpcClient.java:createVolume(460)) - Creating Volume: vol2, with runner as owner and space quota set to 100 bytes, counts quota set to -1
2023-06-28 21:19:59,769 [OM StateMachine ApplyTransaction Thread - 0] INFO  volume.OMVolumeCreateRequest (OMVolumeCreateRequest.java:validateAndUpdateCache(196)) - created volume:vol2 for user:runner
2023-06-28 21:19:59,771 [Time-limited test] INFO  shell.TestOzoneShellHA (TestOzoneShellHA.java:execute(212)) - Executing OzoneShell command with args [bucket, create, vol2/buck2, --space-quota, 10B]
2023-06-28 21:19:59,777 [OM StateMachine ApplyTransaction Thread - 0] INFO  volume.OMVolumeCreateRequest (OMVolumeCreateRequest.java:validateAndUpdateCache(196)) - created volume:vol2 for user:runner
2023-06-28 21:19:59,778 [OM StateMachine ApplyTransaction Thread - 0] INFO  volume.OMVolumeCreateRequest (OMVolumeCreateRequest.java:validateAndUpdateCache(196)) - created volume:vol2 for user:runner
2023-06-28 21:19:59,799 [Time-limited test] INFO  rpc.RpcClient (RpcClient.java:createBucket(687)) - Creating Bucket: vol2/buck2, with server-side default bucket layout, runner as owner, Versioning false, Storage Type set to DISK and Encryption set to false, Replication Type set to server-side default replication type, Namespace Quota set to -1, Space Quota set to 10 
2023-06-28 21:19:59,801 [OM StateMachine ApplyTransaction Thread - 0] INFO  bucket.OMBucketCreateRequest (OMBucketCreateRequest.java:validateAndUpdateCache(270)) - created bucket: buck2 of layout FILE_SYSTEM_OPTIMIZED in volume: vol2
2023-06-28 21:19:59,805 [Time-limited test] INFO  shell.TestOzoneShellHA (TestOzoneShellHA.java:execute(212)) - Executing OzoneShell command with args [volume, create, vol3, --namespace-quota, 100]
2023-06-28 21:19:59,812 [OM StateMachine ApplyTransaction Thread - 0] INFO  bucket.OMBucketCreateRequest (OMBucketCreateRequest.java:validateAndUpdateCache(270)) - created bucket: buck2 of layout FILE_SYSTEM_OPTIMIZED in volume: vol2
2023-06-28 21:19:59,815 [OM StateMachine ApplyTransaction Thread - 0] INFO  bucket.OMBucketCreateRequest (OMBucketCreateRequest.java:validateAndUpdateCache(270)) - created bucket: buck2 of layout FILE_SYSTEM_OPTIMIZED in volume: vol2
2023-06-28 21:19:59,833 [Time-limited test] INFO  rpc.RpcClient (RpcClient.java:createVolume(460)) - Creating Volume: vol3, with runner as owner and space quota set to -1 bytes, counts quota set to 100
2023-06-28 21:19:59,836 [OM StateMachine ApplyTransaction Thread - 0] INFO  volume.OMVolumeCreateRequest (OMVolumeCreateRequest.java:validateAndUpdateCache(196)) - created volume:vol3 for user:runner
2023-06-28 21:19:59,838 [Time-limited test] INFO  shell.TestOzoneShellHA (TestOzoneShellHA.java:execute(212)) - Executing OzoneShell command with args [bucket, create, vol3/buck3, --namespace-quota, 10]
2023-06-28 21:19:59,846 [OM StateMachine ApplyTransaction Thread - 0] INFO  volume.OMVolumeCreateRequest (OMVolumeCreateRequest.java:validateAndUpdateCache(196)) - created volume:vol3 for user:runner
2023-06-28 21:19:59,846 [OM StateMachine ApplyTransaction Thread - 0] INFO  volume.OMVolumeCreateRequest (OMVolumeCreateRequest.java:validateAndUpdateCache(196)) - created volume:vol3 for user:runner
2023-06-28 21:19:59,861 [Time-limited test] INFO  rpc.RpcClient (RpcClient.java:createBucket(687)) - Creating Bucket: vol3/buck3, with server-side default bucket layout, runner as owner, Versioning false, Storage Type set to DISK and Encryption set to false, Replication Type set to server-side default replication type, Namespace Quota set to 10, Space Quota set to -1 
2023-06-28 21:19:59,864 [OM StateMachine ApplyTransaction Thread - 0] INFO  bucket.OMBucketCreateRequest (OMBucketCreateRequest.java:validateAndUpdateCache(270)) - created bucket: buck3 of layout FILE_SYSTEM_OPTIMIZED in volume: vol3
2023-06-28 21:19:59,866 [Time-limited test] INFO  shell.TestOzoneShellHA (TestOzoneShellHA.java:execute(212)) - Executing OzoneShell command with args [volume, create, vol4, --space-quota, 100B, --namespace-quota, 100]
2023-06-28 21:19:59,874 [OM StateMachine ApplyTransaction Thread - 0] INFO  bucket.OMBucketCreateRequest (OMBucketCreateRequest.java:validateAndUpdateCache(270)) - created bucket: buck3 of layout FILE_SYSTEM_OPTIMIZED in volume: vol3
2023-06-28 21:19:59,875 [OM StateMachine ApplyTransaction Thread - 0] INFO  bucket.OMBucketCreateRequest (OMBucketCreateRequest.java:validateAndUpdateCache(270)) - created bucket: buck3 of layout FILE_SYSTEM_OPTIMIZED in volume: vol3
2023-06-28 21:19:59,890 [Time-limited test] INFO  rpc.RpcClient (RpcClient.java:createVolume(460)) - Creating Volume: vol4, with runner as owner and space quota set to 100 bytes, counts quota set to 100
2023-06-28 21:19:59,896 [OM StateMachine ApplyTransaction Thread - 0] INFO  volume.OMVolumeCreateRequest (OMVolumeCreateRequest.java:validateAndUpdateCache(196)) - created volume:vol4 for user:runner
2023-06-28 21:19:59,898 [Time-limited test] INFO  shell.TestOzoneShellHA (TestOzoneShellHA.java:execute(212)) - Executing OzoneShell command with args [bucket, create, vol4/buck4, --space-quota, 10B, --namespace-quota, 10]
2023-06-28 21:19:59,903 [OM StateMachine ApplyTransaction Thread - 0] INFO  volume.OMVolumeCreateRequest (OMVolumeCreateRequest.java:validateAndUpdateCache(196)) - created volume:vol4 for user:runner
2023-06-28 21:19:59,904 [OM StateMachine ApplyTransaction Thread - 0] INFO  volume.OMVolumeCreateRequest (OMVolumeCreateRequest.java:validateAndUpdateCache(196)) - created volume:vol4 for user:runner
2023-06-28 21:19:59,923 [Time-limited test] INFO  rpc.RpcClient (RpcClient.java:createBucket(687)) - Creating Bucket: vol4/buck4, with server-side default bucket layout, runner as owner, Versioning false, Storage Type set to DISK and Encryption set to false, Replication Type set to server-side default replication type, Namespace Quota set to 10, Space Quota set to 10 
2023-06-28 21:19:59,926 [OM StateMachine ApplyTransaction Thread - 0] INFO  bucket.OMBucketCreateRequest (OMBucketCreateRequest.java:validateAndUpdateCache(270)) - created bucket: buck4 of layout FILE_SYSTEM_OPTIMIZED in volume: vol4
2023-06-28 21:19:59,928 [Time-limited test] INFO  shell.TestOzoneShellHA (TestOzoneShellHA.java:execute(212)) - Executing OzoneShell command with args [volume, clrquota, vol4]
2023-06-28 21:19:59,936 [OM StateMachine ApplyTransaction Thread - 0] INFO  bucket.OMBucketCreateRequest (OMBucketCreateRequest.java:validateAndUpdateCache(270)) - created bucket: buck4 of layout FILE_SYSTEM_OPTIMIZED in volume: vol4
2023-06-28 21:19:59,936 [OM StateMachine ApplyTransaction Thread - 0] INFO  bucket.OMBucketCreateRequest (OMBucketCreateRequest.java:validateAndUpdateCache(270)) - created bucket: buck4 of layout FILE_SYSTEM_OPTIMIZED in volume: vol4
2023-06-28 21:19:59,955 [Time-limited test] INFO  shell.TestOzoneShellHA (TestOzoneShellHA.java:execute(212)) - Executing OzoneShell command with args [volume, clrquota, vol4, --space-quota, --namespace-quota]
2023-06-28 21:20:00,011 [Time-limited test] INFO  shell.TestOzoneShellHA (TestOzoneShellHA.java:execute(212)) - Executing OzoneShell command with args [bucket, clrquota, vol4/buck4]
2023-06-28 21:20:00,040 [Time-limited test] INFO  shell.TestOzoneShellHA (TestOzoneShellHA.java:execute(212)) - Executing OzoneShell command with args [bucket, clrquota, vol4/buck4, --space-quota, --namespace-quota]
2023-06-28 21:20:00,097 [Time-limited test] INFO  shell.TestOzoneShellHA (TestOzoneShellHA.java:execute(212)) - Executing OzoneShell command with args [volume, setquota, vol4, --space-quota, 0GB]
2023-06-28 21:20:00,134 [Time-limited test] INFO  shell.TestOzoneShellHA (TestOzoneShellHA.java:execute(212)) - Executing OzoneShell command with args [volume, setquota, vol4, --namespace-quota, 0]
2023-06-28 21:20:00,157 [Time-limited test] INFO  shell.TestOzoneShellHA (TestOzoneShellHA.java:execute(212)) - Executing OzoneShell command with args [bucket, setquota, vol4/buck4, --space-quota, 0GB]
2023-06-28 21:20:00,186 [Time-limited test] INFO  shell.TestOzoneShellHA (TestOzoneShellHA.java:execute(212)) - Executing OzoneShell command with args [bucket, setquota, vol4/buck4, --namespace-quota, 0]
2023-06-28 21:20:00,208 [Time-limited test] INFO  shell.TestOzoneShellHA (TestOzoneShellHA.java:execute(212)) - Executing OzoneShell command with args [bucket, setquota, vol4/buck4, --space-quota, 1000B]
2023-06-28 21:20:00,237 [Time-limited test] INFO  shell.TestOzoneShellHA (TestOzoneShellHA.java:execute(212)) - Executing OzoneShell command with args [bucket, setquota, vol4/buck4, --namespace-quota, 100]
2023-06-28 21:20:00,277 [Time-limited test] INFO  shell.TestOzoneShellHA (TestOzoneShellHA.java:execute(212)) - Executing OzoneShell command with args [bucket, setquota, vol4/buck4, --space-quota, 500]
2023-06-28 21:20:00,309 [omNode-3@group-523986131536-FollowerState] INFO  server.RaftServerConfigKeys (ConfUtils.java:logFallback(53)) - raft.server.rpc.first-election.timeout.min = 1s (fallback to raft.server.rpc.timeout.min)
2023-06-28 21:20:00,310 [omNode-3@group-523986131536-FollowerState] INFO  server.RaftServerConfigKeys (ConfUtils.java:logFallback(53)) - raft.server.rpc.first-election.timeout.max = 1200ms (fallback to raft.server.rpc.timeout.max)
2023-06-28 21:20:00,326 [Time-limited test] INFO  shell.TestOzoneShellHA (TestOzoneShellHA.java:execute(212)) - Executing OzoneShell command with args [bucket, setquota, vol4/buck4]
2023-06-28 21:20:00,355 [Time-limited test] INFO  shell.TestOzoneShellHA (TestOzoneShellHA.java:execute(212)) - Executing OzoneShell command with args [volume, setquota, vol4, --space-quota, 1000B]
2023-06-28 21:20:00,390 [Time-limited test] INFO  shell.TestOzoneShellHA (TestOzoneShellHA.java:execute(212)) - Executing OzoneShell command with args [volume, setquota, vol4, --namespace-quota, 100]
2023-06-28 21:20:00,421 [Time-limited test] INFO  shell.TestOzoneShellHA (TestOzoneShellHA.java:execute(212)) - Executing OzoneShell command with args [volume, setquota, vol4]
]]></system-out>
  </testcase>
  <testcase name="testDeleteTrashNoSkipTrash" classname="org.apache.hadoop.ozone.shell.TestOzoneShellHA" time="0.803">
    <system-out><![CDATA[2023-06-28 21:20:01,217 [Time-limited test] INFO  shell.TestOzoneShellHA (TestOzoneShellHA.java:testDeleteTrashNoSkipTrash(749)) - Executing testDeleteTrashNoSkipTrash: FsShell with args [-mkdir, -p, /vol1/bucket1]
21:20:01.225 [IPC Server handler 17 on default port 15004] ERROR OMAudit - user=runner | ip=127.0.0.1 | op=READ_BUCKET {volume=vol1, bucket=bucket1} | ret=FAILURE
org.apache.hadoop.ozone.om.exceptions.OMException: Volume not found when getting bucket info
	at org.apache.hadoop.ozone.om.BucketManagerImpl.getBucketInfo(BucketManagerImpl.java:81) ~[ozone-manager-1.4.0-SNAPSHOT.jar:?]
	at org.apache.hadoop.ozone.om.OzoneManager.getBucketInfo(OzoneManager.java:2778) ~[ozone-manager-1.4.0-SNAPSHOT.jar:?]
	at org.apache.hadoop.ozone.protocolPB.OzoneManagerRequestHandler.infoBucket(OzoneManagerRequestHandler.java:532) ~[ozone-manager-1.4.0-SNAPSHOT.jar:?]
	at org.apache.hadoop.ozone.protocolPB.OzoneManagerRequestHandler.handleReadRequest(OzoneManagerRequestHandler.java:198) ~[ozone-manager-1.4.0-SNAPSHOT.jar:?]
	at org.apache.hadoop.ozone.protocolPB.OzoneManagerProtocolServerSideTranslatorPB.submitReadRequestToOM(OzoneManagerProtocolServerSideTranslatorPB.java:223) ~[ozone-manager-1.4.0-SNAPSHOT.jar:?]
	at org.apache.hadoop.ozone.protocolPB.OzoneManagerProtocolServerSideTranslatorPB.processRequest(OzoneManagerProtocolServerSideTranslatorPB.java:177) ~[ozone-manager-1.4.0-SNAPSHOT.jar:?]
	at org.apache.hadoop.hdds.server.OzoneProtocolMessageDispatcher.processRequest(OzoneProtocolMessageDispatcher.java:87) [hdds-server-framework-1.4.0-SNAPSHOT.jar:?]
	at org.apache.hadoop.ozone.protocolPB.OzoneManagerProtocolServerSideTranslatorPB.submitRequest(OzoneManagerProtocolServerSideTranslatorPB.java:147) [ozone-manager-1.4.0-SNAPSHOT.jar:?]
	at org.apache.hadoop.ozone.protocol.proto.OzoneManagerProtocolProtos$OzoneManagerService$2.callBlockingMethod(OzoneManagerProtocolProtos.java) [ozone-interface-client-1.4.0-SNAPSHOT.jar:?]
	at org.apache.hadoop.ipc.ProtobufRpcEngine$Server.processCall(ProtobufRpcEngine.java:484) [hadoop-common-3.3.6.jar:?]
	at org.apache.hadoop.ipc.ProtobufRpcEngine2$Server$ProtoBufRpcInvoker.call(ProtobufRpcEngine2.java:595) [hadoop-common-3.3.6.jar:?]
	at org.apache.hadoop.ipc.ProtobufRpcEngine2$Server$ProtoBufRpcInvoker.call(ProtobufRpcEngine2.java:573) [hadoop-common-3.3.6.jar:?]
	at org.apache.hadoop.ipc.RPC$Server.call(RPC.java:1227) [hadoop-common-3.3.6.jar:?]
	at org.apache.hadoop.ipc.Server$RpcCall.run(Server.java:1094) [hadoop-common-3.3.6.jar:?]
	at org.apache.hadoop.ipc.Server$RpcCall.run(Server.java:1017) [hadoop-common-3.3.6.jar:?]
	at java.security.AccessController.doPrivileged(Native Method) ~[?:1.8.0_372]
	at javax.security.auth.Subject.doAs(Subject.java:422) [?:1.8.0_372]
	at org.apache.hadoop.security.UserGroupInformation.doAs(UserGroupInformation.java:1899) [hadoop-common-3.3.6.jar:?]
	at org.apache.hadoop.ipc.Server$Handler.run(Server.java:3048) [hadoop-common-3.3.6.jar:?]
21:20:01.229 [IPC Server handler 6 on default port 15004] ERROR OMAudit - user=runner | ip=127.0.0.1 | op=READ_BUCKET {volume=vol1, bucket=bucket1} | ret=FAILURE
org.apache.hadoop.ozone.om.exceptions.OMException: Volume not found when getting bucket info
	at org.apache.hadoop.ozone.om.BucketManagerImpl.getBucketInfo(BucketManagerImpl.java:81) ~[ozone-manager-1.4.0-SNAPSHOT.jar:?]
	at org.apache.hadoop.ozone.om.OzoneManager.getBucketInfo(OzoneManager.java:2778) ~[ozone-manager-1.4.0-SNAPSHOT.jar:?]
	at org.apache.hadoop.ozone.protocolPB.OzoneManagerRequestHandler.infoBucket(OzoneManagerRequestHandler.java:532) ~[ozone-manager-1.4.0-SNAPSHOT.jar:?]
	at org.apache.hadoop.ozone.protocolPB.OzoneManagerRequestHandler.handleReadRequest(OzoneManagerRequestHandler.java:198) ~[ozone-manager-1.4.0-SNAPSHOT.jar:?]
	at org.apache.hadoop.ozone.protocolPB.OzoneManagerProtocolServerSideTranslatorPB.submitReadRequestToOM(OzoneManagerProtocolServerSideTranslatorPB.java:223) ~[ozone-manager-1.4.0-SNAPSHOT.jar:?]
	at org.apache.hadoop.ozone.protocolPB.OzoneManagerProtocolServerSideTranslatorPB.processRequest(OzoneManagerProtocolServerSideTranslatorPB.java:177) ~[ozone-manager-1.4.0-SNAPSHOT.jar:?]
	at org.apache.hadoop.hdds.server.OzoneProtocolMessageDispatcher.processRequest(OzoneProtocolMessageDispatcher.java:87) [hdds-server-framework-1.4.0-SNAPSHOT.jar:?]
	at org.apache.hadoop.ozone.protocolPB.OzoneManagerProtocolServerSideTranslatorPB.submitRequest(OzoneManagerProtocolServerSideTranslatorPB.java:147) [ozone-manager-1.4.0-SNAPSHOT.jar:?]
	at org.apache.hadoop.ozone.protocol.proto.OzoneManagerProtocolProtos$OzoneManagerService$2.callBlockingMethod(OzoneManagerProtocolProtos.java) [ozone-interface-client-1.4.0-SNAPSHOT.jar:?]
	at org.apache.hadoop.ipc.ProtobufRpcEngine$Server.processCall(ProtobufRpcEngine.java:484) [hadoop-common-3.3.6.jar:?]
	at org.apache.hadoop.ipc.ProtobufRpcEngine2$Server$ProtoBufRpcInvoker.call(ProtobufRpcEngine2.java:595) [hadoop-common-3.3.6.jar:?]
	at org.apache.hadoop.ipc.ProtobufRpcEngine2$Server$ProtoBufRpcInvoker.call(ProtobufRpcEngine2.java:573) [hadoop-common-3.3.6.jar:?]
	at org.apache.hadoop.ipc.RPC$Server.call(RPC.java:1227) [hadoop-common-3.3.6.jar:?]
	at org.apache.hadoop.ipc.Server$RpcCall.run(Server.java:1094) [hadoop-common-3.3.6.jar:?]
	at org.apache.hadoop.ipc.Server$RpcCall.run(Server.java:1017) [hadoop-common-3.3.6.jar:?]
	at java.security.AccessController.doPrivileged(Native Method) ~[?:1.8.0_372]
	at javax.security.auth.Subject.doAs(Subject.java:422) [?:1.8.0_372]
	at org.apache.hadoop.security.UserGroupInformation.doAs(UserGroupInformation.java:1899) [hadoop-common-3.3.6.jar:?]
	at org.apache.hadoop.ipc.Server$Handler.run(Server.java:3048) [hadoop-common-3.3.6.jar:?]
2023-06-28 21:20:01,230 [Time-limited test] INFO  rpc.RpcClient (RpcClient.java:createVolume(460)) - Creating Volume: vol1, with runner as owner and space quota set to -1 bytes, counts quota set to -1
2023-06-28 21:20:01,232 [OM StateMachine ApplyTransaction Thread - 0] INFO  volume.OMVolumeCreateRequest (OMVolumeCreateRequest.java:validateAndUpdateCache(196)) - created volume:vol1 for user:runner
2023-06-28 21:20:01,233 [Time-limited test] INFO  rpc.RpcClient (RpcClient.java:createBucket(687)) - Creating Bucket: vol1/bucket1, with bucket layout FILE_SYSTEM_OPTIMIZED, runner as owner, Versioning false, Storage Type set to DISK and Encryption set to false, Replication Type set to server-side default replication type, Namespace Quota set to -1, Space Quota set to -1 
2023-06-28 21:20:01,243 [OM StateMachine ApplyTransaction Thread - 0] INFO  volume.OMVolumeCreateRequest (OMVolumeCreateRequest.java:validateAndUpdateCache(196)) - created volume:vol1 for user:runner
2023-06-28 21:20:01,243 [OM StateMachine ApplyTransaction Thread - 0] INFO  volume.OMVolumeCreateRequest (OMVolumeCreateRequest.java:validateAndUpdateCache(196)) - created volume:vol1 for user:runner
2023-06-28 21:20:01,253 [OM StateMachine ApplyTransaction Thread - 0] INFO  bucket.OMBucketCreateRequest (OMBucketCreateRequest.java:validateAndUpdateCache(270)) - created bucket: bucket1 of layout FILE_SYSTEM_OPTIMIZED in volume: vol1
21:20:01.257 [IPC Server handler 9 on default port 15004] ERROR OMAudit - user=runner | ip=127.0.0.1 | op=GET_FILE_STATUS {volume=vol1, bucket=bucket1, key=key1, dataSize=0, replicationConfig=null} | ret=FAILURE
org.apache.hadoop.ozone.om.exceptions.OMException: Unable to get file status: volume: vol1 bucket: bucket1 key: key1
	at org.apache.hadoop.ozone.om.KeyManagerImpl.getOzoneFileStatusFSO(KeyManagerImpl.java:1311) ~[ozone-manager-1.4.0-SNAPSHOT.jar:?]
	at org.apache.hadoop.ozone.om.KeyManagerImpl.getFileStatus(KeyManagerImpl.java:1102) ~[ozone-manager-1.4.0-SNAPSHOT.jar:?]
	at org.apache.hadoop.ozone.om.OmMetadataReader.getFileStatus(OmMetadataReader.java:286) ~[ozone-manager-1.4.0-SNAPSHOT.jar:?]
	at org.apache.hadoop.ozone.om.OzoneManager.getFileStatus(OzoneManager.java:3500) ~[ozone-manager-1.4.0-SNAPSHOT.jar:?]
	at org.apache.hadoop.ozone.protocolPB.OzoneManagerRequestHandler.getOzoneFileStatus(OzoneManagerRequestHandler.java:958) ~[ozone-manager-1.4.0-SNAPSHOT.jar:?]
	at org.apache.hadoop.ozone.protocolPB.OzoneManagerRequestHandler.handleReadRequest(OzoneManagerRequestHandler.java:248) ~[ozone-manager-1.4.0-SNAPSHOT.jar:?]
	at org.apache.hadoop.ozone.protocolPB.OzoneManagerProtocolServerSideTranslatorPB.submitReadRequestToOM(OzoneManagerProtocolServerSideTranslatorPB.java:223) ~[ozone-manager-1.4.0-SNAPSHOT.jar:?]
	at org.apache.hadoop.ozone.protocolPB.OzoneManagerProtocolServerSideTranslatorPB.processRequest(OzoneManagerProtocolServerSideTranslatorPB.java:177) ~[ozone-manager-1.4.0-SNAPSHOT.jar:?]
	at org.apache.hadoop.hdds.server.OzoneProtocolMessageDispatcher.processRequest(OzoneProtocolMessageDispatcher.java:87) [hdds-server-framework-1.4.0-SNAPSHOT.jar:?]
	at org.apache.hadoop.ozone.protocolPB.OzoneManagerProtocolServerSideTranslatorPB.submitRequest(OzoneManagerProtocolServerSideTranslatorPB.java:147) [ozone-manager-1.4.0-SNAPSHOT.jar:?]
	at org.apache.hadoop.ozone.protocol.proto.OzoneManagerProtocolProtos$OzoneManagerService$2.callBlockingMethod(OzoneManagerProtocolProtos.java) [ozone-interface-client-1.4.0-SNAPSHOT.jar:?]
	at org.apache.hadoop.ipc.ProtobufRpcEngine$Server.processCall(ProtobufRpcEngine.java:484) [hadoop-common-3.3.6.jar:?]
	at org.apache.hadoop.ipc.ProtobufRpcEngine2$Server$ProtoBufRpcInvoker.call(ProtobufRpcEngine2.java:595) [hadoop-common-3.3.6.jar:?]
	at org.apache.hadoop.ipc.ProtobufRpcEngine2$Server$ProtoBufRpcInvoker.call(ProtobufRpcEngine2.java:573) [hadoop-common-3.3.6.jar:?]
	at org.apache.hadoop.ipc.RPC$Server.call(RPC.java:1227) [hadoop-common-3.3.6.jar:?]
	at org.apache.hadoop.ipc.Server$RpcCall.run(Server.java:1094) [hadoop-common-3.3.6.jar:?]
	at org.apache.hadoop.ipc.Server$RpcCall.run(Server.java:1017) [hadoop-common-3.3.6.jar:?]
	at java.security.AccessController.doPrivileged(Native Method) ~[?:1.8.0_372]
	at javax.security.auth.Subject.doAs(Subject.java:422) [?:1.8.0_372]
	at org.apache.hadoop.security.UserGroupInformation.doAs(UserGroupInformation.java:1899) [hadoop-common-3.3.6.jar:?]
	at org.apache.hadoop.ipc.Server$Handler.run(Server.java:3048) [hadoop-common-3.3.6.jar:?]
21:20:01.261 [IPC Server handler 2 on default port 15004] ERROR OMAudit - user=runner | ip=127.0.0.1 | op=GET_FILE_STATUS {volume=vol1, bucket=bucket1, key=key1, dataSize=0, replicationConfig=null} | ret=FAILURE
org.apache.hadoop.ozone.om.exceptions.OMException: Unable to get file status: volume: vol1 bucket: bucket1 key: key1
	at org.apache.hadoop.ozone.om.KeyManagerImpl.getOzoneFileStatusFSO(KeyManagerImpl.java:1311) ~[ozone-manager-1.4.0-SNAPSHOT.jar:?]
	at org.apache.hadoop.ozone.om.KeyManagerImpl.getFileStatus(KeyManagerImpl.java:1102) ~[ozone-manager-1.4.0-SNAPSHOT.jar:?]
	at org.apache.hadoop.ozone.om.OmMetadataReader.getFileStatus(OmMetadataReader.java:286) ~[ozone-manager-1.4.0-SNAPSHOT.jar:?]
	at org.apache.hadoop.ozone.om.OzoneManager.getFileStatus(OzoneManager.java:3500) ~[ozone-manager-1.4.0-SNAPSHOT.jar:?]
	at org.apache.hadoop.ozone.protocolPB.OzoneManagerRequestHandler.getOzoneFileStatus(OzoneManagerRequestHandler.java:958) ~[ozone-manager-1.4.0-SNAPSHOT.jar:?]
	at org.apache.hadoop.ozone.protocolPB.OzoneManagerRequestHandler.handleReadRequest(OzoneManagerRequestHandler.java:248) ~[ozone-manager-1.4.0-SNAPSHOT.jar:?]
	at org.apache.hadoop.ozone.protocolPB.OzoneManagerProtocolServerSideTranslatorPB.submitReadRequestToOM(OzoneManagerProtocolServerSideTranslatorPB.java:223) ~[ozone-manager-1.4.0-SNAPSHOT.jar:?]
	at org.apache.hadoop.ozone.protocolPB.OzoneManagerProtocolServerSideTranslatorPB.processRequest(OzoneManagerProtocolServerSideTranslatorPB.java:177) ~[ozone-manager-1.4.0-SNAPSHOT.jar:?]
	at org.apache.hadoop.hdds.server.OzoneProtocolMessageDispatcher.processRequest(OzoneProtocolMessageDispatcher.java:87) [hdds-server-framework-1.4.0-SNAPSHOT.jar:?]
	at org.apache.hadoop.ozone.protocolPB.OzoneManagerProtocolServerSideTranslatorPB.submitRequest(OzoneManagerProtocolServerSideTranslatorPB.java:147) [ozone-manager-1.4.0-SNAPSHOT.jar:?]
	at org.apache.hadoop.ozone.protocol.proto.OzoneManagerProtocolProtos$OzoneManagerService$2.callBlockingMethod(OzoneManagerProtocolProtos.java) [ozone-interface-client-1.4.0-SNAPSHOT.jar:?]
	at org.apache.hadoop.ipc.ProtobufRpcEngine$Server.processCall(ProtobufRpcEngine.java:484) [hadoop-common-3.3.6.jar:?]
	at org.apache.hadoop.ipc.ProtobufRpcEngine2$Server$ProtoBufRpcInvoker.call(ProtobufRpcEngine2.java:595) [hadoop-common-3.3.6.jar:?]
	at org.apache.hadoop.ipc.ProtobufRpcEngine2$Server$ProtoBufRpcInvoker.call(ProtobufRpcEngine2.java:573) [hadoop-common-3.3.6.jar:?]
	at org.apache.hadoop.ipc.RPC$Server.call(RPC.java:1227) [hadoop-common-3.3.6.jar:?]
	at org.apache.hadoop.ipc.Server$RpcCall.run(Server.java:1094) [hadoop-common-3.3.6.jar:?]
	at org.apache.hadoop.ipc.Server$RpcCall.run(Server.java:1017) [hadoop-common-3.3.6.jar:?]
	at java.security.AccessController.doPrivileged(Native Method) ~[?:1.8.0_372]
	at javax.security.auth.Subject.doAs(Subject.java:422) [?:1.8.0_372]
	at org.apache.hadoop.security.UserGroupInformation.doAs(UserGroupInformation.java:1899) [hadoop-common-3.3.6.jar:?]
	at org.apache.hadoop.ipc.Server$Handler.run(Server.java:3048) [hadoop-common-3.3.6.jar:?]
2023-06-28 21:20:01,265 [OM StateMachine ApplyTransaction Thread - 0] INFO  bucket.OMBucketCreateRequest (OMBucketCreateRequest.java:validateAndUpdateCache(270)) - created bucket: bucket1 of layout FILE_SYSTEM_OPTIMIZED in volume: vol1
2023-06-28 21:20:01,265 [OM StateMachine ApplyTransaction Thread - 0] INFO  bucket.OMBucketCreateRequest (OMBucketCreateRequest.java:validateAndUpdateCache(270)) - created bucket: bucket1 of layout FILE_SYSTEM_OPTIMIZED in volume: vol1
2023-06-28 21:20:01,297 [Time-limited test] INFO  shell.TestOzoneShellHA (TestOzoneShellHA.java:execute(212)) - Executing OzoneShell command with args [key, list, /vol1/bucket1]
2023-06-28 21:20:01,327 [Time-limited test] INFO  shell.TestOzoneShellHA (TestOzoneShellHA.java:testDeleteTrashNoSkipTrash(779)) - Executing testDeleteTrashNoSkipTrash: FsShell with args [-rm, -R, /vol1/bucket1/key1]
2023-06-28 21:20:01,332 [Time-limited test] INFO  Configuration.deprecation (Configuration.java:logDeprecation(1442)) - io.bytes.per.checksum is deprecated. Instead, use dfs.bytes-per-checksum
21:20:01.343 [IPC Server handler 15 on default port 15004] ERROR OMAudit - user=runner | ip=127.0.0.1 | op=GET_FILE_STATUS {volume=vol1, bucket=bucket1, key=.Trash/runner/Current/key1, dataSize=0, replicationConfig=null} | ret=FAILURE
org.apache.hadoop.ozone.om.exceptions.OMException: Unable to get file status: volume: vol1 bucket: bucket1 key: .Trash/runner/Current/key1
	at org.apache.hadoop.ozone.om.KeyManagerImpl.getOzoneFileStatusFSO(KeyManagerImpl.java:1311) ~[ozone-manager-1.4.0-SNAPSHOT.jar:?]
	at org.apache.hadoop.ozone.om.KeyManagerImpl.getFileStatus(KeyManagerImpl.java:1102) ~[ozone-manager-1.4.0-SNAPSHOT.jar:?]
	at org.apache.hadoop.ozone.om.OmMetadataReader.getFileStatus(OmMetadataReader.java:286) ~[ozone-manager-1.4.0-SNAPSHOT.jar:?]
	at org.apache.hadoop.ozone.om.OzoneManager.getFileStatus(OzoneManager.java:3500) ~[ozone-manager-1.4.0-SNAPSHOT.jar:?]
	at org.apache.hadoop.ozone.protocolPB.OzoneManagerRequestHandler.getOzoneFileStatus(OzoneManagerRequestHandler.java:958) ~[ozone-manager-1.4.0-SNAPSHOT.jar:?]
	at org.apache.hadoop.ozone.protocolPB.OzoneManagerRequestHandler.handleReadRequest(OzoneManagerRequestHandler.java:248) ~[ozone-manager-1.4.0-SNAPSHOT.jar:?]
	at org.apache.hadoop.ozone.protocolPB.OzoneManagerProtocolServerSideTranslatorPB.submitReadRequestToOM(OzoneManagerProtocolServerSideTranslatorPB.java:223) ~[ozone-manager-1.4.0-SNAPSHOT.jar:?]
	at org.apache.hadoop.ozone.protocolPB.OzoneManagerProtocolServerSideTranslatorPB.processRequest(OzoneManagerProtocolServerSideTranslatorPB.java:177) ~[ozone-manager-1.4.0-SNAPSHOT.jar:?]
	at org.apache.hadoop.hdds.server.OzoneProtocolMessageDispatcher.processRequest(OzoneProtocolMessageDispatcher.java:87) [hdds-server-framework-1.4.0-SNAPSHOT.jar:?]
	at org.apache.hadoop.ozone.protocolPB.OzoneManagerProtocolServerSideTranslatorPB.submitRequest(OzoneManagerProtocolServerSideTranslatorPB.java:147) [ozone-manager-1.4.0-SNAPSHOT.jar:?]
	at org.apache.hadoop.ozone.protocol.proto.OzoneManagerProtocolProtos$OzoneManagerService$2.callBlockingMethod(OzoneManagerProtocolProtos.java) [ozone-interface-client-1.4.0-SNAPSHOT.jar:?]
	at org.apache.hadoop.ipc.ProtobufRpcEngine$Server.processCall(ProtobufRpcEngine.java:484) [hadoop-common-3.3.6.jar:?]
	at org.apache.hadoop.ipc.ProtobufRpcEngine2$Server$ProtoBufRpcInvoker.call(ProtobufRpcEngine2.java:595) [hadoop-common-3.3.6.jar:?]
	at org.apache.hadoop.ipc.ProtobufRpcEngine2$Server$ProtoBufRpcInvoker.call(ProtobufRpcEngine2.java:573) [hadoop-common-3.3.6.jar:?]
	at org.apache.hadoop.ipc.RPC$Server.call(RPC.java:1227) [hadoop-common-3.3.6.jar:?]
	at org.apache.hadoop.ipc.Server$RpcCall.run(Server.java:1094) [hadoop-common-3.3.6.jar:?]
	at org.apache.hadoop.ipc.Server$RpcCall.run(Server.java:1017) [hadoop-common-3.3.6.jar:?]
	at java.security.AccessController.doPrivileged(Native Method) ~[?:1.8.0_372]
	at javax.security.auth.Subject.doAs(Subject.java:422) [?:1.8.0_372]
	at org.apache.hadoop.security.UserGroupInformation.doAs(UserGroupInformation.java:1899) [hadoop-common-3.3.6.jar:?]
	at org.apache.hadoop.ipc.Server$Handler.run(Server.java:3048) [hadoop-common-3.3.6.jar:?]
2023-06-28 21:20:01,362 [Time-limited test] INFO  om.TrashPolicyOzone (TrashPolicyOzone.java:moveToTrash(209)) - Moved: 'ofs://om-service-test1/vol1/bucket1/key1' to trash at: ofs://om-service-test1/vol1/bucket1/.Trash/runner/Current/key1
2023-06-28 21:20:01,364 [Time-limited test] INFO  shell.TestOzoneShellHA (TestOzoneShellHA.java:testDeleteTrashNoSkipTrash(784)) - Executing testDeleteTrashNoSkipTrash: key1 deleted moved to Trash: ofs:/vol1/bucket1/.Trash/runner/Current/key1
2023-06-28 21:20:01,367 [Time-limited test] INFO  shell.TestOzoneShellHA (TestOzoneShellHA.java:testDeleteTrashNoSkipTrash(788)) - Executing testDeleteTrashNoSkipTrash: deleting trash FsShell with args[-rm, -R, /vol1/bucket1/.Trash]: 
2023-06-28 21:20:01,374 [omNode-3@group-523986131536-FollowerState] INFO  server.RaftServerConfigKeys (ConfUtils.java:logFallback(53)) - raft.server.rpc.first-election.timeout.min = 1s (fallback to raft.server.rpc.timeout.min)
2023-06-28 21:20:01,374 [omNode-3@group-523986131536-FollowerState] INFO  server.RaftServerConfigKeys (ConfUtils.java:logFallback(53)) - raft.server.rpc.first-election.timeout.max = 1200ms (fallback to raft.server.rpc.timeout.max)
2023-06-28 21:20:01,388 [Time-limited test] INFO  shell.TestOzoneShellHA (TestOzoneShellHA.java:execute(212)) - Executing OzoneShell command with args [key, list, /vol1/bucket1]
]]></system-out>
  </testcase>
  <testcase name="testRATISTypeECReplication" classname="org.apache.hadoop.ozone.shell.TestOzoneShellHA" time="0.609">
    <system-out><![CDATA[2023-06-28 21:20:02,018 [Time-limited test] INFO  shell.TestOzoneShellHA (TestOzoneShellHA.java:execute(212)) - Executing OzoneShell command with args [bucket, create, /vol/bucket, --type=RATIS, --replication=rs-3-2-1024k]
]]></system-out>
  </testcase>
  <testcase name="testPutKeyOnBucketWithECReplicationConfig" classname="org.apache.hadoop.ozone.shell.TestOzoneShellHA" time="0.735">
    <system-out><![CDATA[2023-06-28 21:20:02,538 [omNode-3@group-523986131536-FollowerState] INFO  server.RaftServerConfigKeys (ConfUtils.java:logFallback(53)) - raft.server.rpc.first-election.timeout.min = 1s (fallback to raft.server.rpc.timeout.min)
2023-06-28 21:20:02,538 [omNode-3@group-523986131536-FollowerState] INFO  server.RaftServerConfigKeys (ConfUtils.java:logFallback(53)) - raft.server.rpc.first-election.timeout.max = 1200ms (fallback to raft.server.rpc.timeout.max)
2023-06-28 21:20:02,664 [Time-limited test] INFO  shell.TestOzoneShellHA (TestOzoneShellHA.java:execute(212)) - Executing OzoneShell command with args [volume, create, o3://om-service-test1/44ee07db-8c52-4c7a-b54f-7cdcd0654b72]
2023-06-28 21:20:02,684 [Time-limited test] INFO  rpc.RpcClient (RpcClient.java:createVolume(460)) - Creating Volume: 44ee07db-8c52-4c7a-b54f-7cdcd0654b72, with runner as owner and space quota set to -1 bytes, counts quota set to -1
2023-06-28 21:20:02,687 [OM StateMachine ApplyTransaction Thread - 0] INFO  volume.OMVolumeCreateRequest (OMVolumeCreateRequest.java:validateAndUpdateCache(196)) - created volume:44ee07db-8c52-4c7a-b54f-7cdcd0654b72 for user:runner
2023-06-28 21:20:02,687 [Time-limited test] INFO  shell.TestOzoneShellHA (TestOzoneShellHA.java:execute(212)) - Executing OzoneShell command with args [bucket, create, /44ee07db-8c52-4c7a-b54f-7cdcd0654b72/4706ec66-f752-41a4-ba9e-aca9bc476f8c, -t, EC, -r, rs-3-2-1024k]
2023-06-28 21:20:02,697 [OM StateMachine ApplyTransaction Thread - 0] INFO  volume.OMVolumeCreateRequest (OMVolumeCreateRequest.java:validateAndUpdateCache(196)) - created volume:44ee07db-8c52-4c7a-b54f-7cdcd0654b72 for user:runner
2023-06-28 21:20:02,698 [OM StateMachine ApplyTransaction Thread - 0] INFO  volume.OMVolumeCreateRequest (OMVolumeCreateRequest.java:validateAndUpdateCache(196)) - created volume:44ee07db-8c52-4c7a-b54f-7cdcd0654b72 for user:runner
2023-06-28 21:20:02,712 [Time-limited test] INFO  rpc.RpcClient (RpcClient.java:createBucket(687)) - Creating Bucket: 44ee07db-8c52-4c7a-b54f-7cdcd0654b72/4706ec66-f752-41a4-ba9e-aca9bc476f8c, with server-side default bucket layout, runner as owner, Versioning false, Storage Type set to DISK and Encryption set to false, Replication Type set to EC, Namespace Quota set to -1, Space Quota set to -1 
2023-06-28 21:20:02,714 [OM StateMachine ApplyTransaction Thread - 0] INFO  bucket.OMBucketCreateRequest (OMBucketCreateRequest.java:validateAndUpdateCache(270)) - created bucket: 4706ec66-f752-41a4-ba9e-aca9bc476f8c of layout FILE_SYSTEM_OPTIMIZED in volume: 44ee07db-8c52-4c7a-b54f-7cdcd0654b72
2023-06-28 21:20:02,715 [Time-limited test] INFO  shell.TestOzoneShellHA (TestOzoneShellHA.java:execute(212)) - Executing OzoneShell command with args [key, put, /44ee07db-8c52-4c7a-b54f-7cdcd0654b72/4706ec66-f752-41a4-ba9e-aca9bc476f8c/5154026d-83bd-4aef-815b-ebafb57bea8d, /home/runner/work/ozone/ozone/hadoop-ozone/integration-test/target/test-dir/TestOzoneShellHA/testFile]
2023-06-28 21:20:02,724 [OM StateMachine ApplyTransaction Thread - 0] INFO  bucket.OMBucketCreateRequest (OMBucketCreateRequest.java:validateAndUpdateCache(270)) - created bucket: 4706ec66-f752-41a4-ba9e-aca9bc476f8c of layout FILE_SYSTEM_OPTIMIZED in volume: 44ee07db-8c52-4c7a-b54f-7cdcd0654b72
2023-06-28 21:20:02,725 [OM StateMachine ApplyTransaction Thread - 0] INFO  bucket.OMBucketCreateRequest (OMBucketCreateRequest.java:validateAndUpdateCache(270)) - created bucket: 4706ec66-f752-41a4-ba9e-aca9bc476f8c of layout FILE_SYSTEM_OPTIMIZED in volume: 44ee07db-8c52-4c7a-b54f-7cdcd0654b72
2023-06-28 21:20:02,740 [IPC Server handler 17 on default port 15001] INFO  pipeline.PipelineManagerImpl (PipelineManagerImpl.java:addPipelineToManager(301)) - Added pipeline Pipeline[ Id: 4f7afad6-50ee-4597-9304-e330cb49c4ea, Nodes: 8a2b3145-2dd0-434b-a2c2-caa8e5fb0ef1(fv-az613-21.sfleub4vn5uufca0bzvsziz2ge.jx.internal.cloudapp.net/10.1.0.52)68d6cd24-bd24-4fd7-81ed-64a513f0bb68(fv-az613-21.sfleub4vn5uufca0bzvsziz2ge.jx.internal.cloudapp.net/10.1.0.52)bb0e9150-086f-4512-ab04-1336b269041b(fv-az613-21.sfleub4vn5uufca0bzvsziz2ge.jx.internal.cloudapp.net/10.1.0.52)08ff75f9-1328-4943-9840-929c3a1c46cb(fv-az613-21.sfleub4vn5uufca0bzvsziz2ge.jx.internal.cloudapp.net/10.1.0.52)dafdcea3-8be0-4d1d-be6d-f6a2e26020ac(fv-az613-21.sfleub4vn5uufca0bzvsziz2ge.jx.internal.cloudapp.net/10.1.0.52), ReplicationConfig: EC{rs-3-2-1024k}, State:ALLOCATED, leaderId:, CreationTimestamp2023-06-28T21:20:02.739Z[Etc/UTC]].
2023-06-28 21:20:02,741 [IPC Server handler 17 on default port 15001] INFO  pipeline.PipelineManagerImpl (PipelineManagerImpl.java:openPipeline(443)) - Pipeline Pipeline[ Id: 4f7afad6-50ee-4597-9304-e330cb49c4ea, Nodes: 8a2b3145-2dd0-434b-a2c2-caa8e5fb0ef1(fv-az613-21.sfleub4vn5uufca0bzvsziz2ge.jx.internal.cloudapp.net/10.1.0.52)68d6cd24-bd24-4fd7-81ed-64a513f0bb68(fv-az613-21.sfleub4vn5uufca0bzvsziz2ge.jx.internal.cloudapp.net/10.1.0.52)bb0e9150-086f-4512-ab04-1336b269041b(fv-az613-21.sfleub4vn5uufca0bzvsziz2ge.jx.internal.cloudapp.net/10.1.0.52)08ff75f9-1328-4943-9840-929c3a1c46cb(fv-az613-21.sfleub4vn5uufca0bzvsziz2ge.jx.internal.cloudapp.net/10.1.0.52)dafdcea3-8be0-4d1d-be6d-f6a2e26020ac(fv-az613-21.sfleub4vn5uufca0bzvsziz2ge.jx.internal.cloudapp.net/10.1.0.52), ReplicationConfig: EC{rs-3-2-1024k}, State:ALLOCATED, leaderId:, CreationTimestamp2023-06-28T21:20:02.739Z[Etc/UTC]] moved to OPEN state
]]></system-out>
  </testcase>
  <testcase name="testLinkBucketOrphan" classname="org.apache.hadoop.ozone.shell.TestOzoneShellHA" time="0.998">
    <system-out><![CDATA[21:20:03.459 [IPC Server handler 2 on default port 15004] ERROR OMAudit - user=runner | ip=127.0.0.1 | op=READ_VOLUME {volume=linkvol} | ret=FAILURE
org.apache.hadoop.ozone.om.exceptions.OMException: Volume linkvol is not found
	at org.apache.hadoop.ozone.om.VolumeManagerImpl.getVolumeInfo(VolumeManagerImpl.java:61) ~[ozone-manager-1.4.0-SNAPSHOT.jar:?]
	at org.apache.hadoop.ozone.om.OzoneManager.getVolumeInfo(OzoneManager.java:2593) ~[ozone-manager-1.4.0-SNAPSHOT.jar:?]
	at org.apache.hadoop.ozone.protocolPB.OzoneManagerRequestHandler.infoVolume(OzoneManagerRequestHandler.java:458) ~[ozone-manager-1.4.0-SNAPSHOT.jar:?]
	at org.apache.hadoop.ozone.protocolPB.OzoneManagerRequestHandler.handleReadRequest(OzoneManagerRequestHandler.java:188) ~[ozone-manager-1.4.0-SNAPSHOT.jar:?]
	at org.apache.hadoop.ozone.protocolPB.OzoneManagerProtocolServerSideTranslatorPB.submitReadRequestToOM(OzoneManagerProtocolServerSideTranslatorPB.java:223) ~[ozone-manager-1.4.0-SNAPSHOT.jar:?]
	at org.apache.hadoop.ozone.protocolPB.OzoneManagerProtocolServerSideTranslatorPB.processRequest(OzoneManagerProtocolServerSideTranslatorPB.java:177) ~[ozone-manager-1.4.0-SNAPSHOT.jar:?]
	at org.apache.hadoop.hdds.server.OzoneProtocolMessageDispatcher.processRequest(OzoneProtocolMessageDispatcher.java:87) [hdds-server-framework-1.4.0-SNAPSHOT.jar:?]
	at org.apache.hadoop.ozone.protocolPB.OzoneManagerProtocolServerSideTranslatorPB.submitRequest(OzoneManagerProtocolServerSideTranslatorPB.java:147) [ozone-manager-1.4.0-SNAPSHOT.jar:?]
	at org.apache.hadoop.ozone.protocol.proto.OzoneManagerProtocolProtos$OzoneManagerService$2.callBlockingMethod(OzoneManagerProtocolProtos.java) [ozone-interface-client-1.4.0-SNAPSHOT.jar:?]
	at org.apache.hadoop.ipc.ProtobufRpcEngine$Server.processCall(ProtobufRpcEngine.java:484) [hadoop-common-3.3.6.jar:?]
	at org.apache.hadoop.ipc.ProtobufRpcEngine2$Server$ProtoBufRpcInvoker.call(ProtobufRpcEngine2.java:595) [hadoop-common-3.3.6.jar:?]
	at org.apache.hadoop.ipc.ProtobufRpcEngine2$Server$ProtoBufRpcInvoker.call(ProtobufRpcEngine2.java:573) [hadoop-common-3.3.6.jar:?]
	at org.apache.hadoop.ipc.RPC$Server.call(RPC.java:1227) [hadoop-common-3.3.6.jar:?]
	at org.apache.hadoop.ipc.Server$RpcCall.run(Server.java:1094) [hadoop-common-3.3.6.jar:?]
	at org.apache.hadoop.ipc.Server$RpcCall.run(Server.java:1017) [hadoop-common-3.3.6.jar:?]
	at java.security.AccessController.doPrivileged(Native Method) ~[?:1.8.0_372]
	at javax.security.auth.Subject.doAs(Subject.java:422) [?:1.8.0_372]
	at org.apache.hadoop.security.UserGroupInformation.doAs(UserGroupInformation.java:1899) [hadoop-common-3.3.6.jar:?]
	at org.apache.hadoop.ipc.Server$Handler.run(Server.java:3048) [hadoop-common-3.3.6.jar:?]
2023-06-28 21:20:03,460 [Time-limited test] INFO  rpc.RpcClient (RpcClient.java:createVolume(460)) - Creating Volume: linkvol, with runner as owner and space quota set to -1 bytes, counts quota set to -1
2023-06-28 21:20:03,462 [OM StateMachine ApplyTransaction Thread - 0] INFO  volume.OMVolumeCreateRequest (OMVolumeCreateRequest.java:validateAndUpdateCache(196)) - created volume:linkvol for user:runner
2023-06-28 21:20:03,463 [Time-limited test] INFO  shell.TestOzoneShellHA (TestOzoneShellHA.java:execute(212)) - Executing OzoneShell command with args [bucket, link, /vol1/bucket1, /linkvol/linkbuck]
2023-06-28 21:20:03,472 [OM StateMachine ApplyTransaction Thread - 0] INFO  volume.OMVolumeCreateRequest (OMVolumeCreateRequest.java:validateAndUpdateCache(196)) - created volume:linkvol for user:runner
2023-06-28 21:20:03,474 [OM StateMachine ApplyTransaction Thread - 0] INFO  volume.OMVolumeCreateRequest (OMVolumeCreateRequest.java:validateAndUpdateCache(196)) - created volume:linkvol for user:runner
2023-06-28 21:20:03,492 [Time-limited test] INFO  rpc.RpcClient (RpcClient.java:createBucket(687)) - Creating Bucket: linkvol/linkbuck, with server-side default bucket layout, runner as owner, Versioning false, Storage Type set to DISK and Encryption set to false, Replication Type set to server-side default replication type, Namespace Quota set to -1, Space Quota set to -1 
2023-06-28 21:20:03,495 [OM StateMachine ApplyTransaction Thread - 0] INFO  bucket.OMBucketCreateRequest (OMBucketCreateRequest.java:validateAndUpdateCache(270)) - created bucket: linkbuck of layout FILE_SYSTEM_OPTIMIZED in volume: linkvol
2023-06-28 21:20:03,505 [OM StateMachine ApplyTransaction Thread - 0] INFO  bucket.OMBucketCreateRequest (OMBucketCreateRequest.java:validateAndUpdateCache(270)) - created bucket: linkbuck of layout FILE_SYSTEM_OPTIMIZED in volume: linkvol
2023-06-28 21:20:03,505 [OM StateMachine ApplyTransaction Thread - 0] INFO  bucket.OMBucketCreateRequest (OMBucketCreateRequest.java:validateAndUpdateCache(270)) - created bucket: linkbuck of layout FILE_SYSTEM_OPTIMIZED in volume: linkvol
21:20:03.566 [IPC Server handler 16 on default port 15004] ERROR OMAudit - user=runner | ip=127.0.0.1 | op=READ_VOLUME {volume=vol1} | ret=FAILURE
org.apache.hadoop.ozone.om.exceptions.OMException: Volume vol1 is not found
	at org.apache.hadoop.ozone.om.VolumeManagerImpl.getVolumeInfo(VolumeManagerImpl.java:61) ~[ozone-manager-1.4.0-SNAPSHOT.jar:?]
	at org.apache.hadoop.ozone.om.OzoneManager.getVolumeInfo(OzoneManager.java:2593) ~[ozone-manager-1.4.0-SNAPSHOT.jar:?]
	at org.apache.hadoop.ozone.protocolPB.OzoneManagerRequestHandler.infoVolume(OzoneManagerRequestHandler.java:458) ~[ozone-manager-1.4.0-SNAPSHOT.jar:?]
	at org.apache.hadoop.ozone.protocolPB.OzoneManagerRequestHandler.handleReadRequest(OzoneManagerRequestHandler.java:188) ~[ozone-manager-1.4.0-SNAPSHOT.jar:?]
	at org.apache.hadoop.ozone.protocolPB.OzoneManagerProtocolServerSideTranslatorPB.submitReadRequestToOM(OzoneManagerProtocolServerSideTranslatorPB.java:223) ~[ozone-manager-1.4.0-SNAPSHOT.jar:?]
	at org.apache.hadoop.ozone.protocolPB.OzoneManagerProtocolServerSideTranslatorPB.processRequest(OzoneManagerProtocolServerSideTranslatorPB.java:177) ~[ozone-manager-1.4.0-SNAPSHOT.jar:?]
	at org.apache.hadoop.hdds.server.OzoneProtocolMessageDispatcher.processRequest(OzoneProtocolMessageDispatcher.java:87) [hdds-server-framework-1.4.0-SNAPSHOT.jar:?]
	at org.apache.hadoop.ozone.protocolPB.OzoneManagerProtocolServerSideTranslatorPB.submitRequest(OzoneManagerProtocolServerSideTranslatorPB.java:147) [ozone-manager-1.4.0-SNAPSHOT.jar:?]
	at org.apache.hadoop.ozone.protocol.proto.OzoneManagerProtocolProtos$OzoneManagerService$2.callBlockingMethod(OzoneManagerProtocolProtos.java) [ozone-interface-client-1.4.0-SNAPSHOT.jar:?]
	at org.apache.hadoop.ipc.ProtobufRpcEngine$Server.processCall(ProtobufRpcEngine.java:484) [hadoop-common-3.3.6.jar:?]
	at org.apache.hadoop.ipc.ProtobufRpcEngine2$Server$ProtoBufRpcInvoker.call(ProtobufRpcEngine2.java:595) [hadoop-common-3.3.6.jar:?]
	at org.apache.hadoop.ipc.ProtobufRpcEngine2$Server$ProtoBufRpcInvoker.call(ProtobufRpcEngine2.java:573) [hadoop-common-3.3.6.jar:?]
	at org.apache.hadoop.ipc.RPC$Server.call(RPC.java:1227) [hadoop-common-3.3.6.jar:?]
	at org.apache.hadoop.ipc.Server$RpcCall.run(Server.java:1094) [hadoop-common-3.3.6.jar:?]
	at org.apache.hadoop.ipc.Server$RpcCall.run(Server.java:1017) [hadoop-common-3.3.6.jar:?]
	at java.security.AccessController.doPrivileged(Native Method) ~[?:1.8.0_372]
	at javax.security.auth.Subject.doAs(Subject.java:422) [?:1.8.0_372]
	at org.apache.hadoop.security.UserGroupInformation.doAs(UserGroupInformation.java:1899) [hadoop-common-3.3.6.jar:?]
	at org.apache.hadoop.ipc.Server$Handler.run(Server.java:3048) [hadoop-common-3.3.6.jar:?]
2023-06-28 21:20:03,568 [Time-limited test] ERROR ozone.OzoneClientUtils (OzoneClientUtils.java:resolveLinkBucketLayout(84)) - Source Bucket is not found, its orphan bucket and used link bucket linkbuck layout FILE_SYSTEM_OPTIMIZED
2023-06-28 21:20:03,568 [Time-limited test] WARN  ozone.BasicRootedOzoneClientAdapterImpl (BasicRootedOzoneClientAdapterImpl.java:listStatus(909)) - Source Bucket does not exist, link bucket linkbuck is orphan and returning empty list of files inside it
21:20:03.573 [IPC Server handler 12 on default port 15004] ERROR OMAudit - user=runner | ip=127.0.0.1 | op=READ_VOLUME {volume=vol1} | ret=FAILURE
org.apache.hadoop.ozone.om.exceptions.OMException: Volume vol1 is not found
	at org.apache.hadoop.ozone.om.VolumeManagerImpl.getVolumeInfo(VolumeManagerImpl.java:61) ~[ozone-manager-1.4.0-SNAPSHOT.jar:?]
	at org.apache.hadoop.ozone.om.OzoneManager.getVolumeInfo(OzoneManager.java:2593) ~[ozone-manager-1.4.0-SNAPSHOT.jar:?]
	at org.apache.hadoop.ozone.protocolPB.OzoneManagerRequestHandler.infoVolume(OzoneManagerRequestHandler.java:458) ~[ozone-manager-1.4.0-SNAPSHOT.jar:?]
	at org.apache.hadoop.ozone.protocolPB.OzoneManagerRequestHandler.handleReadRequest(OzoneManagerRequestHandler.java:188) ~[ozone-manager-1.4.0-SNAPSHOT.jar:?]
	at org.apache.hadoop.ozone.protocolPB.OzoneManagerProtocolServerSideTranslatorPB.submitReadRequestToOM(OzoneManagerProtocolServerSideTranslatorPB.java:223) ~[ozone-manager-1.4.0-SNAPSHOT.jar:?]
	at org.apache.hadoop.ozone.protocolPB.OzoneManagerProtocolServerSideTranslatorPB.processRequest(OzoneManagerProtocolServerSideTranslatorPB.java:177) ~[ozone-manager-1.4.0-SNAPSHOT.jar:?]
	at org.apache.hadoop.hdds.server.OzoneProtocolMessageDispatcher.processRequest(OzoneProtocolMessageDispatcher.java:87) [hdds-server-framework-1.4.0-SNAPSHOT.jar:?]
	at org.apache.hadoop.ozone.protocolPB.OzoneManagerProtocolServerSideTranslatorPB.submitRequest(OzoneManagerProtocolServerSideTranslatorPB.java:147) [ozone-manager-1.4.0-SNAPSHOT.jar:?]
	at org.apache.hadoop.ozone.protocol.proto.OzoneManagerProtocolProtos$OzoneManagerService$2.callBlockingMethod(OzoneManagerProtocolProtos.java) [ozone-interface-client-1.4.0-SNAPSHOT.jar:?]
	at org.apache.hadoop.ipc.ProtobufRpcEngine$Server.processCall(ProtobufRpcEngine.java:484) [hadoop-common-3.3.6.jar:?]
	at org.apache.hadoop.ipc.ProtobufRpcEngine2$Server$ProtoBufRpcInvoker.call(ProtobufRpcEngine2.java:595) [hadoop-common-3.3.6.jar:?]
	at org.apache.hadoop.ipc.ProtobufRpcEngine2$Server$ProtoBufRpcInvoker.call(ProtobufRpcEngine2.java:573) [hadoop-common-3.3.6.jar:?]
	at org.apache.hadoop.ipc.RPC$Server.call(RPC.java:1227) [hadoop-common-3.3.6.jar:?]
	at org.apache.hadoop.ipc.Server$RpcCall.run(Server.java:1094) [hadoop-common-3.3.6.jar:?]
	at org.apache.hadoop.ipc.Server$RpcCall.run(Server.java:1017) [hadoop-common-3.3.6.jar:?]
	at java.security.AccessController.doPrivileged(Native Method) ~[?:1.8.0_372]
	at javax.security.auth.Subject.doAs(Subject.java:422) [?:1.8.0_372]
	at org.apache.hadoop.security.UserGroupInformation.doAs(UserGroupInformation.java:1899) [hadoop-common-3.3.6.jar:?]
	at org.apache.hadoop.ipc.Server$Handler.run(Server.java:3048) [hadoop-common-3.3.6.jar:?]
2023-06-28 21:20:03,574 [Time-limited test] ERROR ozone.OzoneClientUtils (OzoneClientUtils.java:resolveLinkBucketLayout(84)) - Source Bucket is not found, its orphan bucket and used link bucket linkbuck layout FILE_SYSTEM_OPTIMIZED
21:20:03.576 [IPC Server handler 5 on default port 15004] ERROR OMAudit - user=runner | ip=127.0.0.1 | op=READ_VOLUME {volume=vol1} | ret=FAILURE
org.apache.hadoop.ozone.om.exceptions.OMException: Volume vol1 is not found
	at org.apache.hadoop.ozone.om.VolumeManagerImpl.getVolumeInfo(VolumeManagerImpl.java:61) ~[ozone-manager-1.4.0-SNAPSHOT.jar:?]
	at org.apache.hadoop.ozone.om.OzoneManager.getVolumeInfo(OzoneManager.java:2593) ~[ozone-manager-1.4.0-SNAPSHOT.jar:?]
	at org.apache.hadoop.ozone.protocolPB.OzoneManagerRequestHandler.infoVolume(OzoneManagerRequestHandler.java:458) ~[ozone-manager-1.4.0-SNAPSHOT.jar:?]
	at org.apache.hadoop.ozone.protocolPB.OzoneManagerRequestHandler.handleReadRequest(OzoneManagerRequestHandler.java:188) ~[ozone-manager-1.4.0-SNAPSHOT.jar:?]
	at org.apache.hadoop.ozone.protocolPB.OzoneManagerProtocolServerSideTranslatorPB.submitReadRequestToOM(OzoneManagerProtocolServerSideTranslatorPB.java:223) ~[ozone-manager-1.4.0-SNAPSHOT.jar:?]
	at org.apache.hadoop.ozone.protocolPB.OzoneManagerProtocolServerSideTranslatorPB.processRequest(OzoneManagerProtocolServerSideTranslatorPB.java:177) ~[ozone-manager-1.4.0-SNAPSHOT.jar:?]
	at org.apache.hadoop.hdds.server.OzoneProtocolMessageDispatcher.processRequest(OzoneProtocolMessageDispatcher.java:87) [hdds-server-framework-1.4.0-SNAPSHOT.jar:?]
	at org.apache.hadoop.ozone.protocolPB.OzoneManagerProtocolServerSideTranslatorPB.submitRequest(OzoneManagerProtocolServerSideTranslatorPB.java:147) [ozone-manager-1.4.0-SNAPSHOT.jar:?]
	at org.apache.hadoop.ozone.protocol.proto.OzoneManagerProtocolProtos$OzoneManagerService$2.callBlockingMethod(OzoneManagerProtocolProtos.java) [ozone-interface-client-1.4.0-SNAPSHOT.jar:?]
	at org.apache.hadoop.ipc.ProtobufRpcEngine$Server.processCall(ProtobufRpcEngine.java:484) [hadoop-common-3.3.6.jar:?]
	at org.apache.hadoop.ipc.ProtobufRpcEngine2$Server$ProtoBufRpcInvoker.call(ProtobufRpcEngine2.java:595) [hadoop-common-3.3.6.jar:?]
	at org.apache.hadoop.ipc.ProtobufRpcEngine2$Server$ProtoBufRpcInvoker.call(ProtobufRpcEngine2.java:573) [hadoop-common-3.3.6.jar:?]
	at org.apache.hadoop.ipc.RPC$Server.call(RPC.java:1227) [hadoop-common-3.3.6.jar:?]
	at org.apache.hadoop.ipc.Server$RpcCall.run(Server.java:1094) [hadoop-common-3.3.6.jar:?]
	at org.apache.hadoop.ipc.Server$RpcCall.run(Server.java:1017) [hadoop-common-3.3.6.jar:?]
	at java.security.AccessController.doPrivileged(Native Method) ~[?:1.8.0_372]
	at javax.security.auth.Subject.doAs(Subject.java:422) [?:1.8.0_372]
	at org.apache.hadoop.security.UserGroupInformation.doAs(UserGroupInformation.java:1899) [hadoop-common-3.3.6.jar:?]
	at org.apache.hadoop.ipc.Server$Handler.run(Server.java:3048) [hadoop-common-3.3.6.jar:?]
2023-06-28 21:20:03,582 [Time-limited test] ERROR ozone.OzoneClientUtils (OzoneClientUtils.java:resolveLinkBucketLayout(84)) - Source Bucket is not found, its orphan bucket and used link bucket linkbuck layout FILE_SYSTEM_OPTIMIZED
2023-06-28 21:20:03,608 [omNode-3@group-523986131536-FollowerState] INFO  server.RaftServerConfigKeys (ConfUtils.java:logFallback(53)) - raft.server.rpc.first-election.timeout.min = 1s (fallback to raft.server.rpc.timeout.min)
2023-06-28 21:20:03,608 [omNode-3@group-523986131536-FollowerState] INFO  server.RaftServerConfigKeys (ConfUtils.java:logFallback(53)) - raft.server.rpc.first-election.timeout.max = 1200ms (fallback to raft.server.rpc.timeout.max)
21:20:03.609 [IPC Server handler 18 on default port 15004] ERROR OMAudit - user=runner | ip=127.0.0.1 | op=READ_BUCKET {volume=vol1, bucket=bucket1} | ret=FAILURE
org.apache.hadoop.ozone.om.exceptions.OMException: Volume not found when getting bucket info
	at org.apache.hadoop.ozone.om.BucketManagerImpl.getBucketInfo(BucketManagerImpl.java:81) ~[ozone-manager-1.4.0-SNAPSHOT.jar:?]
	at org.apache.hadoop.ozone.om.OzoneManager.getBucketInfo(OzoneManager.java:2778) ~[ozone-manager-1.4.0-SNAPSHOT.jar:?]
	at org.apache.hadoop.ozone.protocolPB.OzoneManagerRequestHandler.infoBucket(OzoneManagerRequestHandler.java:532) ~[ozone-manager-1.4.0-SNAPSHOT.jar:?]
	at org.apache.hadoop.ozone.protocolPB.OzoneManagerRequestHandler.handleReadRequest(OzoneManagerRequestHandler.java:198) ~[ozone-manager-1.4.0-SNAPSHOT.jar:?]
	at org.apache.hadoop.ozone.protocolPB.OzoneManagerProtocolServerSideTranslatorPB.submitReadRequestToOM(OzoneManagerProtocolServerSideTranslatorPB.java:223) ~[ozone-manager-1.4.0-SNAPSHOT.jar:?]
	at org.apache.hadoop.ozone.protocolPB.OzoneManagerProtocolServerSideTranslatorPB.processRequest(OzoneManagerProtocolServerSideTranslatorPB.java:177) ~[ozone-manager-1.4.0-SNAPSHOT.jar:?]
	at org.apache.hadoop.hdds.server.OzoneProtocolMessageDispatcher.processRequest(OzoneProtocolMessageDispatcher.java:87) [hdds-server-framework-1.4.0-SNAPSHOT.jar:?]
	at org.apache.hadoop.ozone.protocolPB.OzoneManagerProtocolServerSideTranslatorPB.submitRequest(OzoneManagerProtocolServerSideTranslatorPB.java:147) [ozone-manager-1.4.0-SNAPSHOT.jar:?]
	at org.apache.hadoop.ozone.protocol.proto.OzoneManagerProtocolProtos$OzoneManagerService$2.callBlockingMethod(OzoneManagerProtocolProtos.java) [ozone-interface-client-1.4.0-SNAPSHOT.jar:?]
	at org.apache.hadoop.ipc.ProtobufRpcEngine$Server.processCall(ProtobufRpcEngine.java:484) [hadoop-common-3.3.6.jar:?]
	at org.apache.hadoop.ipc.ProtobufRpcEngine2$Server$ProtoBufRpcInvoker.call(ProtobufRpcEngine2.java:595) [hadoop-common-3.3.6.jar:?]
	at org.apache.hadoop.ipc.ProtobufRpcEngine2$Server$ProtoBufRpcInvoker.call(ProtobufRpcEngine2.java:573) [hadoop-common-3.3.6.jar:?]
	at org.apache.hadoop.ipc.RPC$Server.call(RPC.java:1227) [hadoop-common-3.3.6.jar:?]
	at org.apache.hadoop.ipc.Server$RpcCall.run(Server.java:1094) [hadoop-common-3.3.6.jar:?]
	at org.apache.hadoop.ipc.Server$RpcCall.run(Server.java:1017) [hadoop-common-3.3.6.jar:?]
	at java.security.AccessController.doPrivileged(Native Method) ~[?:1.8.0_372]
	at javax.security.auth.Subject.doAs(Subject.java:422) [?:1.8.0_372]
	at org.apache.hadoop.security.UserGroupInformation.doAs(UserGroupInformation.java:1899) [hadoop-common-3.3.6.jar:?]
	at org.apache.hadoop.ipc.Server$Handler.run(Server.java:3048) [hadoop-common-3.3.6.jar:?]
21:20:03.610 [IPC Server handler 8 on default port 15004] ERROR OMAudit - user=runner | ip=127.0.0.1 | op=READ_BUCKET {volume=vol1, bucket=bucket1} | ret=FAILURE
org.apache.hadoop.ozone.om.exceptions.OMException: Volume not found when getting bucket info
	at org.apache.hadoop.ozone.om.BucketManagerImpl.getBucketInfo(BucketManagerImpl.java:81) ~[ozone-manager-1.4.0-SNAPSHOT.jar:?]
	at org.apache.hadoop.ozone.om.OzoneManager.getBucketInfo(OzoneManager.java:2778) ~[ozone-manager-1.4.0-SNAPSHOT.jar:?]
	at org.apache.hadoop.ozone.protocolPB.OzoneManagerRequestHandler.infoBucket(OzoneManagerRequestHandler.java:532) ~[ozone-manager-1.4.0-SNAPSHOT.jar:?]
	at org.apache.hadoop.ozone.protocolPB.OzoneManagerRequestHandler.handleReadRequest(OzoneManagerRequestHandler.java:198) ~[ozone-manager-1.4.0-SNAPSHOT.jar:?]
	at org.apache.hadoop.ozone.protocolPB.OzoneManagerProtocolServerSideTranslatorPB.submitReadRequestToOM(OzoneManagerProtocolServerSideTranslatorPB.java:223) ~[ozone-manager-1.4.0-SNAPSHOT.jar:?]
	at org.apache.hadoop.ozone.protocolPB.OzoneManagerProtocolServerSideTranslatorPB.processRequest(OzoneManagerProtocolServerSideTranslatorPB.java:177) ~[ozone-manager-1.4.0-SNAPSHOT.jar:?]
	at org.apache.hadoop.hdds.server.OzoneProtocolMessageDispatcher.processRequest(OzoneProtocolMessageDispatcher.java:87) [hdds-server-framework-1.4.0-SNAPSHOT.jar:?]
	at org.apache.hadoop.ozone.protocolPB.OzoneManagerProtocolServerSideTranslatorPB.submitRequest(OzoneManagerProtocolServerSideTranslatorPB.java:147) [ozone-manager-1.4.0-SNAPSHOT.jar:?]
	at org.apache.hadoop.ozone.protocol.proto.OzoneManagerProtocolProtos$OzoneManagerService$2.callBlockingMethod(OzoneManagerProtocolProtos.java) [ozone-interface-client-1.4.0-SNAPSHOT.jar:?]
	at org.apache.hadoop.ipc.ProtobufRpcEngine$Server.processCall(ProtobufRpcEngine.java:484) [hadoop-common-3.3.6.jar:?]
	at org.apache.hadoop.ipc.ProtobufRpcEngine2$Server$ProtoBufRpcInvoker.call(ProtobufRpcEngine2.java:595) [hadoop-common-3.3.6.jar:?]
	at org.apache.hadoop.ipc.ProtobufRpcEngine2$Server$ProtoBufRpcInvoker.call(ProtobufRpcEngine2.java:573) [hadoop-common-3.3.6.jar:?]
	at org.apache.hadoop.ipc.RPC$Server.call(RPC.java:1227) [hadoop-common-3.3.6.jar:?]
	at org.apache.hadoop.ipc.Server$RpcCall.run(Server.java:1094) [hadoop-common-3.3.6.jar:?]
	at org.apache.hadoop.ipc.Server$RpcCall.run(Server.java:1017) [hadoop-common-3.3.6.jar:?]
	at java.security.AccessController.doPrivileged(Native Method) ~[?:1.8.0_372]
	at javax.security.auth.Subject.doAs(Subject.java:422) [?:1.8.0_372]
	at org.apache.hadoop.security.UserGroupInformation.doAs(UserGroupInformation.java:1899) [hadoop-common-3.3.6.jar:?]
	at org.apache.hadoop.ipc.Server$Handler.run(Server.java:3048) [hadoop-common-3.3.6.jar:?]
2023-06-28 21:20:03,610 [Time-limited test] INFO  rpc.RpcClient (RpcClient.java:createVolume(460)) - Creating Volume: vol1, with runner as owner and space quota set to -1 bytes, counts quota set to -1
2023-06-28 21:20:03,627 [OM StateMachine ApplyTransaction Thread - 0] INFO  volume.OMVolumeCreateRequest (OMVolumeCreateRequest.java:validateAndUpdateCache(196)) - created volume:vol1 for user:runner
2023-06-28 21:20:03,629 [Time-limited test] INFO  rpc.RpcClient (RpcClient.java:createBucket(687)) - Creating Bucket: vol1/bucket1, with bucket layout FILE_SYSTEM_OPTIMIZED, runner as owner, Versioning false, Storage Type set to DISK and Encryption set to false, Replication Type set to server-side default replication type, Namespace Quota set to -1, Space Quota set to -1 
2023-06-28 21:20:03,637 [OM StateMachine ApplyTransaction Thread - 0] INFO  volume.OMVolumeCreateRequest (OMVolumeCreateRequest.java:validateAndUpdateCache(196)) - created volume:vol1 for user:runner
2023-06-28 21:20:03,638 [OM StateMachine ApplyTransaction Thread - 0] INFO  volume.OMVolumeCreateRequest (OMVolumeCreateRequest.java:validateAndUpdateCache(196)) - created volume:vol1 for user:runner
2023-06-28 21:20:03,648 [OM StateMachine ApplyTransaction Thread - 0] INFO  bucket.OMBucketCreateRequest (OMBucketCreateRequest.java:validateAndUpdateCache(270)) - created bucket: bucket1 of layout FILE_SYSTEM_OPTIMIZED in volume: vol1
21:20:03.652 [IPC Server handler 16 on default port 15004] ERROR OMAudit - user=runner | ip=127.0.0.1 | op=READ_VOLUME {volume=linkvol} | ret=FAILURE
org.apache.hadoop.ozone.om.exceptions.OMException: Volume linkvol is not found
	at org.apache.hadoop.ozone.om.VolumeManagerImpl.getVolumeInfo(VolumeManagerImpl.java:61) ~[ozone-manager-1.4.0-SNAPSHOT.jar:?]
	at org.apache.hadoop.ozone.om.OzoneManager.getVolumeInfo(OzoneManager.java:2593) ~[ozone-manager-1.4.0-SNAPSHOT.jar:?]
	at org.apache.hadoop.ozone.protocolPB.OzoneManagerRequestHandler.infoVolume(OzoneManagerRequestHandler.java:458) ~[ozone-manager-1.4.0-SNAPSHOT.jar:?]
	at org.apache.hadoop.ozone.protocolPB.OzoneManagerRequestHandler.handleReadRequest(OzoneManagerRequestHandler.java:188) ~[ozone-manager-1.4.0-SNAPSHOT.jar:?]
	at org.apache.hadoop.ozone.protocolPB.OzoneManagerProtocolServerSideTranslatorPB.submitReadRequestToOM(OzoneManagerProtocolServerSideTranslatorPB.java:223) ~[ozone-manager-1.4.0-SNAPSHOT.jar:?]
	at org.apache.hadoop.ozone.protocolPB.OzoneManagerProtocolServerSideTranslatorPB.processRequest(OzoneManagerProtocolServerSideTranslatorPB.java:177) ~[ozone-manager-1.4.0-SNAPSHOT.jar:?]
	at org.apache.hadoop.hdds.server.OzoneProtocolMessageDispatcher.processRequest(OzoneProtocolMessageDispatcher.java:87) [hdds-server-framework-1.4.0-SNAPSHOT.jar:?]
	at org.apache.hadoop.ozone.protocolPB.OzoneManagerProtocolServerSideTranslatorPB.submitRequest(OzoneManagerProtocolServerSideTranslatorPB.java:147) [ozone-manager-1.4.0-SNAPSHOT.jar:?]
	at org.apache.hadoop.ozone.protocol.proto.OzoneManagerProtocolProtos$OzoneManagerService$2.callBlockingMethod(OzoneManagerProtocolProtos.java) [ozone-interface-client-1.4.0-SNAPSHOT.jar:?]
	at org.apache.hadoop.ipc.ProtobufRpcEngine$Server.processCall(ProtobufRpcEngine.java:484) [hadoop-common-3.3.6.jar:?]
	at org.apache.hadoop.ipc.ProtobufRpcEngine2$Server$ProtoBufRpcInvoker.call(ProtobufRpcEngine2.java:595) [hadoop-common-3.3.6.jar:?]
	at org.apache.hadoop.ipc.ProtobufRpcEngine2$Server$ProtoBufRpcInvoker.call(ProtobufRpcEngine2.java:573) [hadoop-common-3.3.6.jar:?]
	at org.apache.hadoop.ipc.RPC$Server.call(RPC.java:1227) [hadoop-common-3.3.6.jar:?]
	at org.apache.hadoop.ipc.Server$RpcCall.run(Server.java:1094) [hadoop-common-3.3.6.jar:?]
	at org.apache.hadoop.ipc.Server$RpcCall.run(Server.java:1017) [hadoop-common-3.3.6.jar:?]
	at java.security.AccessController.doPrivileged(Native Method) ~[?:1.8.0_372]
	at javax.security.auth.Subject.doAs(Subject.java:422) [?:1.8.0_372]
	at org.apache.hadoop.security.UserGroupInformation.doAs(UserGroupInformation.java:1899) [hadoop-common-3.3.6.jar:?]
	at org.apache.hadoop.ipc.Server$Handler.run(Server.java:3048) [hadoop-common-3.3.6.jar:?]
2023-06-28 21:20:03,653 [Time-limited test] INFO  rpc.RpcClient (RpcClient.java:createVolume(460)) - Creating Volume: linkvol, with runner as owner and space quota set to -1 bytes, counts quota set to -1
2023-06-28 21:20:03,659 [OM StateMachine ApplyTransaction Thread - 0] INFO  bucket.OMBucketCreateRequest (OMBucketCreateRequest.java:validateAndUpdateCache(270)) - created bucket: bucket1 of layout FILE_SYSTEM_OPTIMIZED in volume: vol1
2023-06-28 21:20:03,670 [OM StateMachine ApplyTransaction Thread - 0] INFO  volume.OMVolumeCreateRequest (OMVolumeCreateRequest.java:validateAndUpdateCache(196)) - created volume:linkvol for user:runner
2023-06-28 21:20:03,671 [Time-limited test] INFO  shell.TestOzoneShellHA (TestOzoneShellHA.java:execute(212)) - Executing OzoneShell command with args [bucket, link, /vol1/bucket1, /linkvol/linkbuck]
2023-06-28 21:20:03,677 [OM StateMachine ApplyTransaction Thread - 0] INFO  bucket.OMBucketCreateRequest (OMBucketCreateRequest.java:validateAndUpdateCache(270)) - created bucket: bucket1 of layout FILE_SYSTEM_OPTIMIZED in volume: vol1
2023-06-28 21:20:03,682 [OM StateMachine ApplyTransaction Thread - 0] INFO  volume.OMVolumeCreateRequest (OMVolumeCreateRequest.java:validateAndUpdateCache(196)) - created volume:linkvol for user:runner
2023-06-28 21:20:03,683 [OM StateMachine ApplyTransaction Thread - 0] INFO  volume.OMVolumeCreateRequest (OMVolumeCreateRequest.java:validateAndUpdateCache(196)) - created volume:linkvol for user:runner
2023-06-28 21:20:03,702 [Time-limited test] INFO  rpc.RpcClient (RpcClient.java:createBucket(687)) - Creating Bucket: linkvol/linkbuck, with server-side default bucket layout, runner as owner, Versioning false, Storage Type set to DISK and Encryption set to false, Replication Type set to server-side default replication type, Namespace Quota set to -1, Space Quota set to -1 
2023-06-28 21:20:03,704 [OM StateMachine ApplyTransaction Thread - 0] INFO  bucket.OMBucketCreateRequest (OMBucketCreateRequest.java:validateAndUpdateCache(270)) - created bucket: linkbuck of layout FILE_SYSTEM_OPTIMIZED in volume: linkvol
2023-06-28 21:20:03,715 [OM StateMachine ApplyTransaction Thread - 0] INFO  bucket.OMBucketCreateRequest (OMBucketCreateRequest.java:validateAndUpdateCache(270)) - created bucket: linkbuck of layout FILE_SYSTEM_OPTIMIZED in volume: linkvol
2023-06-28 21:20:03,716 [OM StateMachine ApplyTransaction Thread - 0] INFO  bucket.OMBucketCreateRequest (OMBucketCreateRequest.java:validateAndUpdateCache(270)) - created bucket: linkbuck of layout FILE_SYSTEM_OPTIMIZED in volume: linkvol
21:20:03.731 [IPC Server handler 12 on default port 15004] ERROR OMAudit - user=runner | ip=127.0.0.1 | op=READ_BUCKET {volume=vol1, bucket=bucket1} | ret=FAILURE
org.apache.hadoop.ozone.om.exceptions.OMException: Bucket not found
	at org.apache.hadoop.ozone.om.BucketManagerImpl.getBucketInfo(BucketManagerImpl.java:85) ~[ozone-manager-1.4.0-SNAPSHOT.jar:?]
	at org.apache.hadoop.ozone.om.OzoneManager.getBucketInfo(OzoneManager.java:2778) ~[ozone-manager-1.4.0-SNAPSHOT.jar:?]
	at org.apache.hadoop.ozone.protocolPB.OzoneManagerRequestHandler.infoBucket(OzoneManagerRequestHandler.java:532) ~[ozone-manager-1.4.0-SNAPSHOT.jar:?]
	at org.apache.hadoop.ozone.protocolPB.OzoneManagerRequestHandler.handleReadRequest(OzoneManagerRequestHandler.java:198) ~[ozone-manager-1.4.0-SNAPSHOT.jar:?]
	at org.apache.hadoop.ozone.protocolPB.OzoneManagerProtocolServerSideTranslatorPB.submitReadRequestToOM(OzoneManagerProtocolServerSideTranslatorPB.java:223) ~[ozone-manager-1.4.0-SNAPSHOT.jar:?]
	at org.apache.hadoop.ozone.protocolPB.OzoneManagerProtocolServerSideTranslatorPB.processRequest(OzoneManagerProtocolServerSideTranslatorPB.java:177) ~[ozone-manager-1.4.0-SNAPSHOT.jar:?]
	at org.apache.hadoop.hdds.server.OzoneProtocolMessageDispatcher.processRequest(OzoneProtocolMessageDispatcher.java:87) [hdds-server-framework-1.4.0-SNAPSHOT.jar:?]
	at org.apache.hadoop.ozone.protocolPB.OzoneManagerProtocolServerSideTranslatorPB.submitRequest(OzoneManagerProtocolServerSideTranslatorPB.java:147) [ozone-manager-1.4.0-SNAPSHOT.jar:?]
	at org.apache.hadoop.ozone.protocol.proto.OzoneManagerProtocolProtos$OzoneManagerService$2.callBlockingMethod(OzoneManagerProtocolProtos.java) [ozone-interface-client-1.4.0-SNAPSHOT.jar:?]
	at org.apache.hadoop.ipc.ProtobufRpcEngine$Server.processCall(ProtobufRpcEngine.java:484) [hadoop-common-3.3.6.jar:?]
	at org.apache.hadoop.ipc.ProtobufRpcEngine2$Server$ProtoBufRpcInvoker.call(ProtobufRpcEngine2.java:595) [hadoop-common-3.3.6.jar:?]
	at org.apache.hadoop.ipc.ProtobufRpcEngine2$Server$ProtoBufRpcInvoker.call(ProtobufRpcEngine2.java:573) [hadoop-common-3.3.6.jar:?]
	at org.apache.hadoop.ipc.RPC$Server.call(RPC.java:1227) [hadoop-common-3.3.6.jar:?]
	at org.apache.hadoop.ipc.Server$RpcCall.run(Server.java:1094) [hadoop-common-3.3.6.jar:?]
	at org.apache.hadoop.ipc.Server$RpcCall.run(Server.java:1017) [hadoop-common-3.3.6.jar:?]
	at java.security.AccessController.doPrivileged(Native Method) ~[?:1.8.0_372]
	at javax.security.auth.Subject.doAs(Subject.java:422) [?:1.8.0_372]
	at org.apache.hadoop.security.UserGroupInformation.doAs(UserGroupInformation.java:1899) [hadoop-common-3.3.6.jar:?]
	at org.apache.hadoop.ipc.Server$Handler.run(Server.java:3048) [hadoop-common-3.3.6.jar:?]
2023-06-28 21:20:03,731 [Time-limited test] ERROR ozone.OzoneClientUtils (OzoneClientUtils.java:resolveLinkBucketLayout(84)) - Source Bucket is not found, its orphan bucket and used link bucket linkbuck layout FILE_SYSTEM_OPTIMIZED
21:20:03.734 [IPC Server handler 0 on default port 15004] ERROR OMAudit - user=runner | ip=127.0.0.1 | op=READ_BUCKET {volume=vol1, bucket=bucket1} | ret=FAILURE
org.apache.hadoop.ozone.om.exceptions.OMException: Bucket not found
	at org.apache.hadoop.ozone.om.BucketManagerImpl.getBucketInfo(BucketManagerImpl.java:85) ~[ozone-manager-1.4.0-SNAPSHOT.jar:?]
	at org.apache.hadoop.ozone.om.OzoneManager.getBucketInfo(OzoneManager.java:2778) ~[ozone-manager-1.4.0-SNAPSHOT.jar:?]
	at org.apache.hadoop.ozone.protocolPB.OzoneManagerRequestHandler.infoBucket(OzoneManagerRequestHandler.java:532) ~[ozone-manager-1.4.0-SNAPSHOT.jar:?]
	at org.apache.hadoop.ozone.protocolPB.OzoneManagerRequestHandler.handleReadRequest(OzoneManagerRequestHandler.java:198) ~[ozone-manager-1.4.0-SNAPSHOT.jar:?]
	at org.apache.hadoop.ozone.protocolPB.OzoneManagerProtocolServerSideTranslatorPB.submitReadRequestToOM(OzoneManagerProtocolServerSideTranslatorPB.java:223) ~[ozone-manager-1.4.0-SNAPSHOT.jar:?]
	at org.apache.hadoop.ozone.protocolPB.OzoneManagerProtocolServerSideTranslatorPB.processRequest(OzoneManagerProtocolServerSideTranslatorPB.java:177) ~[ozone-manager-1.4.0-SNAPSHOT.jar:?]
	at org.apache.hadoop.hdds.server.OzoneProtocolMessageDispatcher.processRequest(OzoneProtocolMessageDispatcher.java:87) [hdds-server-framework-1.4.0-SNAPSHOT.jar:?]
	at org.apache.hadoop.ozone.protocolPB.OzoneManagerProtocolServerSideTranslatorPB.submitRequest(OzoneManagerProtocolServerSideTranslatorPB.java:147) [ozone-manager-1.4.0-SNAPSHOT.jar:?]
	at org.apache.hadoop.ozone.protocol.proto.OzoneManagerProtocolProtos$OzoneManagerService$2.callBlockingMethod(OzoneManagerProtocolProtos.java) [ozone-interface-client-1.4.0-SNAPSHOT.jar:?]
	at org.apache.hadoop.ipc.ProtobufRpcEngine$Server.processCall(ProtobufRpcEngine.java:484) [hadoop-common-3.3.6.jar:?]
	at org.apache.hadoop.ipc.ProtobufRpcEngine2$Server$ProtoBufRpcInvoker.call(ProtobufRpcEngine2.java:595) [hadoop-common-3.3.6.jar:?]
	at org.apache.hadoop.ipc.ProtobufRpcEngine2$Server$ProtoBufRpcInvoker.call(ProtobufRpcEngine2.java:573) [hadoop-common-3.3.6.jar:?]
	at org.apache.hadoop.ipc.RPC$Server.call(RPC.java:1227) [hadoop-common-3.3.6.jar:?]
	at org.apache.hadoop.ipc.Server$RpcCall.run(Server.java:1094) [hadoop-common-3.3.6.jar:?]
	at org.apache.hadoop.ipc.Server$RpcCall.run(Server.java:1017) [hadoop-common-3.3.6.jar:?]
	at java.security.AccessController.doPrivileged(Native Method) ~[?:1.8.0_372]
	at javax.security.auth.Subject.doAs(Subject.java:422) [?:1.8.0_372]
	at org.apache.hadoop.security.UserGroupInformation.doAs(UserGroupInformation.java:1899) [hadoop-common-3.3.6.jar:?]
	at org.apache.hadoop.ipc.Server$Handler.run(Server.java:3048) [hadoop-common-3.3.6.jar:?]
2023-06-28 21:20:03,735 [Time-limited test] ERROR ozone.OzoneClientUtils (OzoneClientUtils.java:resolveLinkBucketLayout(84)) - Source Bucket is not found, its orphan bucket and used link bucket linkbuck layout FILE_SYSTEM_OPTIMIZED
]]></system-out>
  </testcase>
</testsuite>