<?xml version="1.0" encoding="UTF-8"?>
<testsuite xmlns:xsi="http://www.w3.org/2001/XMLSchema-instance" xsi:noNamespaceSchemaLocation="https://maven.apache.org/surefire/maven-surefire-plugin/xsd/surefire-test-report.xsd" name="org.apache.hadoop.ozone.scm.TestSCMInstallSnapshotWithHA" time="152.947" tests="3" errors="1" skipped="0" failures="0">
  <properties>
    <property name="awt.toolkit" value="sun.awt.X11.XToolkit"/>
    <property name="file.encoding.pkg" value="sun.io"/>
    <property name="java.specification.version" value="1.8"/>
    <property name="sun.cpu.isalist" value=""/>
    <property name="sun.jnu.encoding" value="UTF-8"/>
    <property name="java.class.path" value="/home/runner/work/ozone/ozone/mnt/ozone/hadoop-ozone/integration-test/target/test-classes:/home/runner/work/ozone/ozone/mnt/ozone/hadoop-ozone/integration-test/target/classes:/home/runner/.m2/repository/org/apache/ozone/ozone-common/1.2.0-SNAPSHOT/ozone-common-1.2.0-SNAPSHOT.jar:/home/runner/.m2/repository/org/apache/commons/commons-compress/1.20/commons-compress-1.20.jar:/home/runner/.m2/repository/org/apache/ozone/hdds-common/1.2.0-SNAPSHOT/hdds-common-1.2.0-SNAPSHOT.jar:/home/runner/.m2/repository/org/apache/ozone/hdds-client/1.2.0-SNAPSHOT/hdds-client-1.2.0-SNAPSHOT.jar:/home/runner/.m2/repository/org/apache/ozone/ozone-interface-client/1.2.0-SNAPSHOT/ozone-interface-client-1.2.0-SNAPSHOT.jar:/home/runner/.m2/repository/org/apache/ozone/hdds-test-utils/1.2.0-SNAPSHOT/hdds-test-utils-1.2.0-SNAPSHOT.jar:/home/runner/.m2/repository/com/google/guava/guava/30.1.1-jre/guava-30.1.1-jre.jar:/home/runner/.m2/repository/com/google/guava/failureaccess/1.0.1/failureaccess-1.0.1.jar:/home/runner/.m2/repository/com/google/guava/listenablefuture/9999.0-empty-to-avoid-conflict-with-guava/listenablefuture-9999.0-empty-to-avoid-conflict-with-guava.jar:/home/runner/.m2/repository/com/google/code/findbugs/jsr305/3.0.0/jsr305-3.0.0.jar:/home/runner/.m2/repository/org/checkerframework/checker-qual/3.8.0/checker-qual-3.8.0.jar:/home/runner/.m2/repository/com/google/errorprone/error_prone_annotations/2.2.0/error_prone_annotations-2.2.0.jar:/home/runner/.m2/repository/com/google/j2objc/j2objc-annotations/1.3/j2objc-annotations-1.3.jar:/home/runner/.m2/repository/commons-io/commons-io/2.8.0/commons-io-2.8.0.jar:/home/runner/.m2/repository/commons-logging/commons-logging/1.2/commons-logging-1.2.jar:/home/runner/.m2/repository/log4j/log4j/1.2.17/log4j-1.2.17.jar:/home/runner/.m2/repository/org/slf4j/slf4j-api/1.7.30/slf4j-api-1.7.30.jar:/home/runner/.m2/repository/org/apache/ozone/hdds-server-scm/1.2.0-SNAPSHOT/hdds-server-scm-1.2.0-SNAPSHOT.jar:/home/runner/.m2/repository/org/apache/ozone/hdds-container-service/1.2.0-SNAPSHOT/hdds-container-service-1.2.0-SNAPSHOT.jar:/home/runner/.m2/repository/org/apache/ozone/hdds-hadoop-dependency-server/1.2.0-SNAPSHOT/hdds-hadoop-dependency-server-1.2.0-SNAPSHOT.jar:/home/runner/.m2/repository/org/apache/hadoop/hadoop-hdfs/3.2.2/hadoop-hdfs-3.2.2.jar:/home/runner/.m2/repository/org/apache/ozone/hdds-server-framework/1.2.0-SNAPSHOT/hdds-server-framework-1.2.0-SNAPSHOT.jar:/home/runner/.m2/repository/org/apache/ozone/hdds-interface-server/1.2.0-SNAPSHOT/hdds-interface-server-1.2.0-SNAPSHOT.jar:/home/runner/.m2/repository/org/eclipse/jetty/jetty-servlet/9.4.35.v20201120/jetty-servlet-9.4.35.v20201120.jar:/home/runner/.m2/repository/org/eclipse/jetty/jetty-security/9.4.35.v20201120/jetty-security-9.4.35.v20201120.jar:/home/runner/.m2/repository/org/rocksdb/rocksdbjni/6.20.3/rocksdbjni-6.20.3.jar:/home/runner/.m2/repository/io/prometheus/simpleclient_dropwizard/0.7.0/simpleclient_dropwizard-0.7.0.jar:/home/runner/.m2/repository/io/prometheus/simpleclient/0.7.0/simpleclient-0.7.0.jar:/home/runner/.m2/repository/io/prometheus/simpleclient_common/0.7.0/simpleclient_common-0.7.0.jar:/home/runner/.m2/repository/com/fasterxml/jackson/datatype/jackson-datatype-jsr310/2.12.1/jackson-datatype-jsr310-2.12.1.jar:/home/runner/.m2/repository/io/dropwizard/metrics/metrics-core/3.2.4/metrics-core-3.2.4.jar:/home/runner/.m2/repository/org/apache/hadoop/hadoop-hdfs-client/3.2.2/hadoop-hdfs-client-3.2.2.jar:/home/runner/.m2/repository/org/bouncycastle/bcprov-jdk15on/1.67/bcprov-jdk15on-1.67.jar:/home/runner/.m2/repository/com/google/protobuf/protobuf-java/2.5.0/protobuf-java-2.5.0.jar:/home/runner/.m2/repository/org/apache/ozone/ozone-manager/1.2.0-SNAPSHOT/ozone-manager-1.2.0-SNAPSHOT.jar:/home/runner/.m2/repository/org/apache/ozone/hdds-interface-client/1.2.0-SNAPSHOT/hdds-interface-client-1.2.0-SNAPSHOT.jar:/home/runner/.m2/repository/org/apache/ratis/ratis-thirdparty-misc/0.7.0-a398b19-SNAPSHOT/ratis-thirdparty-misc-0.7.0-a398b19-SNAPSHOT.jar:/home/runner/.m2/repository/org/apache/ozone/ozone-interface-storage/1.2.0-SNAPSHOT/ozone-interface-storage-1.2.0-SNAPSHOT.jar:/home/runner/.m2/repository/org/apache/hadoop/hadoop-minikdc/3.2.2/hadoop-minikdc-3.2.2.jar:/home/runner/.m2/repository/org/apache/kerby/kerb-simplekdc/1.0.1/kerb-simplekdc-1.0.1.jar:/home/runner/.m2/repository/org/apache/kerby/kerb-client/1.0.1/kerb-client-1.0.1.jar:/home/runner/.m2/repository/org/apache/kerby/kerby-config/1.0.1/kerby-config-1.0.1.jar:/home/runner/.m2/repository/org/apache/kerby/kerb-core/1.0.1/kerb-core-1.0.1.jar:/home/runner/.m2/repository/org/apache/kerby/kerby-pkix/1.0.1/kerby-pkix-1.0.1.jar:/home/runner/.m2/repository/org/apache/kerby/kerby-asn1/1.0.1/kerby-asn1-1.0.1.jar:/home/runner/.m2/repository/org/apache/kerby/kerby-util/1.0.1/kerby-util-1.0.1.jar:/home/runner/.m2/repository/org/apache/kerby/kerb-common/1.0.1/kerb-common-1.0.1.jar:/home/runner/.m2/repository/org/apache/kerby/kerb-crypto/1.0.1/kerb-crypto-1.0.1.jar:/home/runner/.m2/repository/org/apache/kerby/kerb-util/1.0.1/kerb-util-1.0.1.jar:/home/runner/.m2/repository/org/apache/kerby/token-provider/1.0.1/token-provider-1.0.1.jar:/home/runner/.m2/repository/org/apache/kerby/kerb-admin/1.0.1/kerb-admin-1.0.1.jar:/home/runner/.m2/repository/org/apache/kerby/kerb-server/1.0.1/kerb-server-1.0.1.jar:/home/runner/.m2/repository/org/apache/kerby/kerb-identity/1.0.1/kerb-identity-1.0.1.jar:/home/runner/.m2/repository/org/apache/kerby/kerby-xdr/1.0.1/kerby-xdr-1.0.1.jar:/home/runner/.m2/repository/org/slf4j/slf4j-log4j12/1.7.30/slf4j-log4j12-1.7.30.jar:/home/runner/.m2/repository/org/apache/ozone/ozone-s3gateway/1.2.0-SNAPSHOT/ozone-s3gateway-1.2.0-SNAPSHOT.jar:/home/runner/.m2/repository/org/jboss/weld/servlet/weld-servlet/2.4.7.Final/weld-servlet-2.4.7.Final.jar:/home/runner/.m2/repository/org/glassfish/jersey/containers/jersey-container-servlet-core/2.33/jersey-container-servlet-core-2.33.jar:/home/runner/.m2/repository/org/glassfish/hk2/external/jakarta.inject/2.6.1/jakarta.inject-2.6.1.jar:/home/runner/.m2/repository/org/glassfish/jersey/core/jersey-common/2.33/jersey-common-2.33.jar:/home/runner/.m2/repository/jakarta/ws/rs/jakarta.ws.rs-api/2.1.6/jakarta.ws.rs-api-2.1.6.jar:/home/runner/.m2/repository/org/glassfish/jersey/ext/cdi/jersey-cdi1x/2.33/jersey-cdi1x-2.33.jar:/home/runner/.m2/repository/org/glassfish/jersey/inject/jersey-hk2/2.33/jersey-hk2-2.33.jar:/home/runner/.m2/repository/org/glassfish/hk2/hk2-locator/2.6.1/hk2-locator-2.6.1.jar:/home/runner/.m2/repository/org/javassist/javassist/3.25.0-GA/javassist-3.25.0-GA.jar:/home/runner/.m2/repository/org/glassfish/jersey/media/jersey-media-jaxb/2.33/jersey-media-jaxb-2.33.jar:/home/runner/.m2/repository/org/glassfish/hk2/osgi-resource-locator/1.0.3/osgi-resource-locator-1.0.3.jar:/home/runner/.m2/repository/org/glassfish/hk2/hk2-api/2.5.0/hk2-api-2.5.0.jar:/home/runner/.m2/repository/org/glassfish/hk2/hk2-utils/2.5.0/hk2-utils-2.5.0.jar:/home/runner/.m2/repository/org/glassfish/hk2/external/aopalliance-repackaged/2.5.0/aopalliance-repackaged-2.5.0.jar:/home/runner/.m2/repository/com/fasterxml/jackson/dataformat/jackson-dataformat-xml/2.12.1/jackson-dataformat-xml-2.12.1.jar:/home/runner/.m2/repository/com/fasterxml/jackson/core/jackson-core/2.12.1/jackson-core-2.12.1.jar:/home/runner/.m2/repository/com/fasterxml/jackson/module/jackson-module-jaxb-annotations/2.12.1/jackson-module-jaxb-annotations-2.12.1.jar:/home/runner/.m2/repository/jakarta/xml/bind/jakarta.xml.bind-api/2.3.2/jakarta.xml.bind-api-2.3.2.jar:/home/runner/.m2/repository/jakarta/activation/jakarta.activation-api/1.2.1/jakarta.activation-api-1.2.1.jar:/home/runner/.m2/repository/org/codehaus/woodstox/stax2-api/3.1.4/stax2-api-3.1.4.jar:/home/runner/.m2/repository/com/fasterxml/woodstox/woodstox-core/5.0.3/woodstox-core-5.0.3.jar:/home/runner/.m2/repository/javax/enterprise/cdi-api/1.2/cdi-api-1.2.jar:/home/runner/.m2/repository/javax/el/javax.el-api/3.0.0/javax.el-api-3.0.0.jar:/home/runner/.m2/repository/javax/interceptor/javax.interceptor-api/1.2/javax.interceptor-api-1.2.jar:/home/runner/.m2/repository/javax/inject/javax.inject/1/javax.inject-1.jar:/home/runner/.m2/repository/javax/xml/bind/jaxb-api/2.3.0/jaxb-api-2.3.0.jar:/home/runner/.m2/repository/org/glassfish/jaxb/jaxb-runtime/2.3.0.1/jaxb-runtime-2.3.0.1.jar:/home/runner/.m2/repository/org/glassfish/jaxb/jaxb-core/2.3.0.1/jaxb-core-2.3.0.1.jar:/home/runner/.m2/repository/org/glassfish/jaxb/txw2/2.3.0.1/txw2-2.3.0.1.jar:/home/runner/.m2/repository/com/sun/istack/istack-commons-runtime/3.0.5/istack-commons-runtime-3.0.5.jar:/home/runner/.m2/repository/org/jvnet/staxex/stax-ex/1.7.8/stax-ex-1.7.8.jar:/home/runner/.m2/repository/com/sun/xml/fastinfoset/FastInfoset/1.2.13/FastInfoset-1.2.13.jar:/home/runner/.m2/repository/javax/activation/activation/1.1.1/activation-1.1.1.jar:/home/runner/.m2/repository/org/apache/ozone/ozone-csi/1.2.0-SNAPSHOT/ozone-csi-1.2.0-SNAPSHOT.jar:/home/runner/.m2/repository/com/google/protobuf/protobuf-java-util/3.12.0/protobuf-java-util-3.12.0.jar:/home/runner/.m2/repository/com/google/code/gson/gson/2.2.4/gson-2.2.4.jar:/home/runner/.m2/repository/org/apache/ozone/hdds-config/1.2.0-SNAPSHOT/hdds-config-1.2.0-SNAPSHOT.jar:/home/runner/.m2/repository/io/grpc/grpc-netty/1.33.0/grpc-netty-1.33.0.jar:/home/runner/.m2/repository/io/grpc/grpc-core/1.33.0/grpc-core-1.33.0.jar:/home/runner/.m2/repository/com/google/android/annotations/4.1.1.4/annotations-4.1.1.4.jar:/home/runner/.m2/repository/io/netty/netty-codec-http2/4.1.63.Final/netty-codec-http2-4.1.63.Final.jar:/home/runner/.m2/repository/io/netty/netty-codec-http/4.1.63.Final/netty-codec-http-4.1.63.Final.jar:/home/runner/.m2/repository/io/netty/netty-handler-proxy/4.1.63.Final/netty-handler-proxy-4.1.63.Final.jar:/home/runner/.m2/repository/io/netty/netty-codec-socks/4.1.63.Final/netty-codec-socks-4.1.63.Final.jar:/home/runner/.m2/repository/io/perfmark/perfmark-api/0.19.0/perfmark-api-0.19.0.jar:/home/runner/.m2/repository/org/codehaus/mojo/animal-sniffer-annotations/1.18/animal-sniffer-annotations-1.18.jar:/home/runner/.m2/repository/io/netty/netty-transport-native-epoll/4.1.63.Final/netty-transport-native-epoll-4.1.63.Final.jar:/home/runner/.m2/repository/io/netty/netty-common/4.1.63.Final/netty-common-4.1.63.Final.jar:/home/runner/.m2/repository/io/netty/netty-buffer/4.1.63.Final/netty-buffer-4.1.63.Final.jar:/home/runner/.m2/repository/io/netty/netty-transport-native-unix-common/4.1.63.Final/netty-transport-native-unix-common-4.1.63.Final.jar:/home/runner/.m2/repository/io/grpc/grpc-protobuf/1.33.0/grpc-protobuf-1.33.0.jar:/home/runner/.m2/repository/io/grpc/grpc-api/1.33.0/grpc-api-1.33.0.jar:/home/runner/.m2/repository/io/grpc/grpc-context/1.33.0/grpc-context-1.33.0.jar:/home/runner/.m2/repository/com/google/api/grpc/proto-google-common-protos/1.17.0/proto-google-common-protos-1.17.0.jar:/home/runner/.m2/repository/io/grpc/grpc-protobuf-lite/1.33.0/grpc-protobuf-lite-1.33.0.jar:/home/runner/.m2/repository/io/grpc/grpc-stub/1.33.0/grpc-stub-1.33.0.jar:/home/runner/.m2/repository/org/apache/ozone/ozone-recon/1.2.0-SNAPSHOT/ozone-recon-1.2.0-SNAPSHOT.jar:/home/runner/.m2/repository/org/apache/ozone/ozone-reconcodegen/1.2.0-SNAPSHOT/ozone-reconcodegen-1.2.0-SNAPSHOT.jar:/home/runner/.m2/repository/com/google/inject/extensions/guice-multibindings/4.0/guice-multibindings-4.0.jar:/home/runner/.m2/repository/com/google/inject/guice/4.0/guice-4.0.jar:/home/runner/.m2/repository/aopalliance/aopalliance/1.0/aopalliance-1.0.jar:/home/runner/.m2/repository/com/google/inject/extensions/guice-assistedinject/4.0/guice-assistedinject-4.0.jar:/home/runner/.m2/repository/com/google/inject/extensions/guice-servlet/4.0/guice-servlet-4.0.jar:/home/runner/.m2/repository/org/glassfish/jersey/containers/jersey-container-servlet/2.33/jersey-container-servlet-2.33.jar:/home/runner/.m2/repository/org/glassfish/hk2/guice-bridge/2.5.0/guice-bridge-2.5.0.jar:/home/runner/.m2/repository/org/glassfish/jersey/core/jersey-server/2.33/jersey-server-2.33.jar:/home/runner/.m2/repository/org/glassfish/jersey/core/jersey-client/2.33/jersey-client-2.33.jar:/home/runner/.m2/repository/jakarta/annotation/jakarta.annotation-api/1.3.5/jakarta.annotation-api-1.3.5.jar:/home/runner/.m2/repository/jakarta/validation/jakarta.validation-api/2.0.2/jakarta.validation-api-2.0.2.jar:/home/runner/.m2/repository/org/glassfish/jersey/media/jersey-media-json-jackson/2.33/jersey-media-json-jackson-2.33.jar:/home/runner/.m2/repository/org/glassfish/jersey/ext/jersey-entity-filtering/2.33/jersey-entity-filtering-2.33.jar:/home/runner/.m2/repository/org/jooq/jooq/3.11.10/jooq-3.11.10.jar:/home/runner/.m2/repository/org/jooq/jooq-meta/3.11.10/jooq-meta-3.11.10.jar:/home/runner/.m2/repository/org/jooq/jooq-codegen/3.11.10/jooq-codegen-3.11.10.jar:/home/runner/.m2/repository/com/jolbox/bonecp/0.8.0.RELEASE/bonecp-0.8.0.RELEASE.jar:/home/runner/.m2/repository/org/apache/derby/derby/10.14.2.0/derby-10.14.2.0.jar:/home/runner/.m2/repository/org/xerial/sqlite-jdbc/3.25.2/sqlite-jdbc-3.25.2.jar:/home/runner/.m2/repository/org/springframework/spring-jdbc/5.2.11.RELEASE/spring-jdbc-5.2.11.RELEASE.jar:/home/runner/.m2/repository/org/springframework/spring-beans/5.2.11.RELEASE/spring-beans-5.2.11.RELEASE.jar:/home/runner/.m2/repository/org/springframework/spring-core/5.2.11.RELEASE/spring-core-5.2.11.RELEASE.jar:/home/runner/.m2/repository/org/springframework/spring-jcl/5.2.11.RELEASE/spring-jcl-5.2.11.RELEASE.jar:/home/runner/.m2/repository/org/springframework/spring-tx/5.2.11.RELEASE/spring-tx-5.2.11.RELEASE.jar:/home/runner/.m2/repository/org/apache/ozone/ozone-client/1.2.0-SNAPSHOT/ozone-client-1.2.0-SNAPSHOT.jar:/home/runner/.m2/repository/org/apache/ozone/ozone-filesystem/1.2.0-SNAPSHOT/ozone-filesystem-1.2.0-SNAPSHOT.jar:/home/runner/.m2/repository/org/apache/ozone/ozone-filesystem-common/1.2.0-SNAPSHOT/ozone-filesystem-common-1.2.0-SNAPSHOT.jar:/home/runner/.m2/repository/org/apache/ozone/ozone-tools/1.2.0-SNAPSHOT/ozone-tools-1.2.0-SNAPSHOT.jar:/home/runner/.m2/repository/org/apache/ratis/ratis-tools/2.1.0-ff8aa66-SNAPSHOT/ratis-tools-2.1.0-ff8aa66-SNAPSHOT.jar:/home/runner/.m2/repository/org/apache/ratis/ratis-proto/2.1.0-ff8aa66-SNAPSHOT/ratis-proto-2.1.0-ff8aa66-SNAPSHOT.jar:/home/runner/.m2/repository/org/apache/ratis/ratis-common/2.1.0-ff8aa66-SNAPSHOT/ratis-common-2.1.0-ff8aa66-SNAPSHOT.jar:/home/runner/.m2/repository/com/amazonaws/aws-java-sdk-core/1.11.901/aws-java-sdk-core-1.11.901.jar:/home/runner/.m2/repository/org/apache/httpcomponents/httpclient/4.5.13/httpclient-4.5.13.jar:/home/runner/.m2/repository/org/apache/httpcomponents/httpcore/4.4.13/httpcore-4.4.13.jar:/home/runner/.m2/repository/software/amazon/ion/ion-java/1.0.2/ion-java-1.0.2.jar:/home/runner/.m2/repository/com/fasterxml/jackson/dataformat/jackson-dataformat-cbor/2.12.1/jackson-dataformat-cbor-2.12.1.jar:/home/runner/.m2/repository/joda-time/joda-time/2.8.1/joda-time-2.8.1.jar:/home/runner/.m2/repository/com/amazonaws/aws-java-sdk-s3/1.11.901/aws-java-sdk-s3-1.11.901.jar:/home/runner/.m2/repository/com/amazonaws/aws-java-sdk-kms/1.11.901/aws-java-sdk-kms-1.11.901.jar:/home/runner/.m2/repository/com/amazonaws/jmespath-java/1.11.901/jmespath-java-1.11.901.jar:/home/runner/.m2/repository/org/kohsuke/metainf-services/metainf-services/1.8/metainf-services-1.8.jar:/home/runner/.m2/repository/org/apache/ozone/hdds-tools/1.2.0-SNAPSHOT/hdds-tools-1.2.0-SNAPSHOT.jar:/home/runner/.m2/repository/commons-cli/commons-cli/1.2/commons-cli-1.2.jar:/home/runner/.m2/repository/org/apache/commons/commons-lang3/3.7/commons-lang3-3.7.jar:/home/runner/.m2/repository/org/apache/ozone/ozone-manager/1.2.0-SNAPSHOT/ozone-manager-1.2.0-SNAPSHOT-tests.jar:/home/runner/.m2/repository/org/apache/ozone/hdds-common/1.2.0-SNAPSHOT/hdds-common-1.2.0-SNAPSHOT-tests.jar:/home/runner/.m2/repository/org/apache/ozone/hdds-hadoop-dependency-client/1.2.0-SNAPSHOT/hdds-hadoop-dependency-client-1.2.0-SNAPSHOT.jar:/home/runner/.m2/repository/info/picocli/picocli/4.4.0/picocli-4.4.0.jar:/home/runner/.m2/repository/com/fasterxml/jackson/core/jackson-annotations/2.12.1/jackson-annotations-2.12.1.jar:/home/runner/.m2/repository/javax/annotation/javax.annotation-api/1.2/javax.annotation-api-1.2.jar:/home/runner/.m2/repository/org/apache/ratis/ratis-server/2.1.0-ff8aa66-SNAPSHOT/ratis-server-2.1.0-ff8aa66-SNAPSHOT.jar:/home/runner/.m2/repository/org/apache/ratis/ratis-client/2.1.0-ff8aa66-SNAPSHOT/ratis-client-2.1.0-ff8aa66-SNAPSHOT.jar:/home/runner/.m2/repository/org/apache/ratis/ratis-server-api/2.1.0-ff8aa66-SNAPSHOT/ratis-server-api-2.1.0-ff8aa66-SNAPSHOT.jar:/home/runner/.m2/repository/org/apache/ratis/ratis-metrics/2.1.0-ff8aa66-SNAPSHOT/ratis-metrics-2.1.0-ff8aa66-SNAPSHOT.jar:/home/runner/.m2/repository/org/apache/ratis/ratis-netty/2.1.0-ff8aa66-SNAPSHOT/ratis-netty-2.1.0-ff8aa66-SNAPSHOT.jar:/home/runner/.m2/repository/org/apache/ratis/ratis-grpc/2.1.0-ff8aa66-SNAPSHOT/ratis-grpc-2.1.0-ff8aa66-SNAPSHOT.jar:/home/runner/.m2/repository/org/apache/logging/log4j/log4j-api/2.13.3/log4j-api-2.13.3.jar:/home/runner/.m2/repository/org/apache/logging/log4j/log4j-core/2.13.3/log4j-core-2.13.3.jar:/home/runner/.m2/repository/com/lmax/disruptor/3.4.2/disruptor-3.4.2.jar:/home/runner/.m2/repository/org/apache/commons/commons-pool2/2.6.0/commons-pool2-2.6.0.jar:/home/runner/.m2/repository/org/bouncycastle/bcpkix-jdk15on/1.67/bcpkix-jdk15on-1.67.jar:/home/runner/.m2/repository/commons-validator/commons-validator/1.6/commons-validator-1.6.jar:/home/runner/.m2/repository/commons-beanutils/commons-beanutils/1.9.4/commons-beanutils-1.9.4.jar:/home/runner/.m2/repository/commons-digester/commons-digester/1.8.1/commons-digester-1.8.1.jar:/home/runner/.m2/repository/commons-collections/commons-collections/3.2.2/commons-collections-3.2.2.jar:/home/runner/.m2/repository/io/jaegertracing/jaeger-client/1.6.0/jaeger-client-1.6.0.jar:/home/runner/.m2/repository/io/jaegertracing/jaeger-thrift/1.6.0/jaeger-thrift-1.6.0.jar:/home/runner/.m2/repository/org/apache/thrift/libthrift/0.14.1/libthrift-0.14.1.jar:/home/runner/.m2/repository/com/squareup/okhttp3/okhttp/4.9.0/okhttp-4.9.0.jar:/home/runner/.m2/repository/com/squareup/okio/okio/2.8.0/okio-2.8.0.jar:/home/runner/.m2/repository/io/jaegertracing/jaeger-core/1.6.0/jaeger-core-1.6.0.jar:/home/runner/.m2/repository/io/jaegertracing/jaeger-tracerresolver/1.6.0/jaeger-tracerresolver-1.6.0.jar:/home/runner/.m2/repository/io/opentracing/contrib/opentracing-tracerresolver/0.1.8/opentracing-tracerresolver-0.1.8.jar:/home/runner/.m2/repository/org/jetbrains/kotlin/kotlin-stdlib/1.4.31/kotlin-stdlib-1.4.31.jar:/home/runner/.m2/repository/org/jetbrains/kotlin/kotlin-stdlib-common/1.4.31/kotlin-stdlib-common-1.4.31.jar:/home/runner/.m2/repository/org/jetbrains/annotations/13.0/annotations-13.0.jar:/home/runner/.m2/repository/io/opentracing/opentracing-util/0.33.0/opentracing-util-0.33.0.jar:/home/runner/.m2/repository/io/opentracing/opentracing-api/0.33.0/opentracing-api-0.33.0.jar:/home/runner/.m2/repository/io/opentracing/opentracing-noop/0.33.0/opentracing-noop-0.33.0.jar:/home/runner/.m2/repository/org/yaml/snakeyaml/1.26/snakeyaml-1.26.jar:/home/runner/.m2/repository/org/apache/ozone/hdds-interface-admin/1.2.0-SNAPSHOT/hdds-interface-admin-1.2.0-SNAPSHOT.jar:/home/runner/.m2/repository/junit/junit/4.13.1/junit-4.13.1.jar:/home/runner/.m2/repository/org/hamcrest/hamcrest-core/1.3/hamcrest-core-1.3.jar:/home/runner/.m2/repository/org/junit/jupiter/junit-jupiter-api/5.7.0/junit-jupiter-api-5.7.0.jar:/home/runner/.m2/repository/org/apiguardian/apiguardian-api/1.1.0/apiguardian-api-1.1.0.jar:/home/runner/.m2/repository/org/opentest4j/opentest4j/1.2.0/opentest4j-1.2.0.jar:/home/runner/.m2/repository/org/junit/platform/junit-platform-commons/1.7.0/junit-platform-commons-1.7.0.jar:/home/runner/.m2/repository/org/junit/jupiter/junit-jupiter-engine/5.7.0/junit-jupiter-engine-5.7.0.jar:/home/runner/.m2/repository/org/junit/platform/junit-platform-engine/1.7.0/junit-platform-engine-1.7.0.jar:/home/runner/.m2/repository/org/junit/vintage/junit-vintage-engine/5.7.0/junit-vintage-engine-5.7.0.jar:/home/runner/.m2/repository/org/junit/platform/junit-platform-launcher/1.7.0/junit-platform-launcher-1.7.0.jar:/home/runner/.m2/repository/org/openjdk/jmh/jmh-core/1.19/jmh-core-1.19.jar:/home/runner/.m2/repository/net/sf/jopt-simple/jopt-simple/4.6/jopt-simple-4.6.jar:/home/runner/.m2/repository/org/apache/commons/commons-math3/3.1.1/commons-math3-3.1.1.jar:/home/runner/.m2/repository/org/openjdk/jmh/jmh-generator-annprocess/1.19/jmh-generator-annprocess-1.19.jar:/home/runner/.m2/repository/org/mockito/mockito-all/1.8.5/mockito-all-1.8.5.jar:/home/runner/.m2/repository/org/apache/hadoop/hadoop-kms/3.2.2/hadoop-kms-3.2.2.jar:/home/runner/.m2/repository/org/apache/hadoop/hadoop-auth/3.2.2/hadoop-auth-3.2.2.jar:/home/runner/.m2/repository/com/nimbusds/nimbus-jose-jwt/7.9/nimbus-jose-jwt-7.9.jar:/home/runner/.m2/repository/com/github/stephenc/jcip/jcip-annotations/1.0-1/jcip-annotations-1.0-1.jar:/home/runner/.m2/repository/net/minidev/json-smart/2.3/json-smart-2.3.jar:/home/runner/.m2/repository/net/minidev/accessors-smart/1.2/accessors-smart-1.2.jar:/home/runner/.m2/repository/org/ow2/asm/asm/5.0.4/asm-5.0.4.jar:/home/runner/.m2/repository/org/apache/zookeeper/zookeeper/3.4.13/zookeeper-3.4.13.jar:/home/runner/.m2/repository/org/apache/yetus/audience-annotations/0.5.0/audience-annotations-0.5.0.jar:/home/runner/.m2/repository/org/apache/curator/curator-framework/2.13.0/curator-framework-2.13.0.jar:/home/runner/.m2/repository/com/sun/jersey/jersey-core/1.19/jersey-core-1.19.jar:/home/runner/.m2/repository/javax/ws/rs/jsr311-api/1.1.1/jsr311-api-1.1.1.jar:/home/runner/.m2/repository/com/sun/jersey/jersey-server/1.19/jersey-server-1.19.jar:/home/runner/.m2/repository/javax/servlet/javax.servlet-api/3.1.0/javax.servlet-api-3.1.0.jar:/home/runner/.m2/repository/org/eclipse/jetty/jetty-server/9.4.35.v20201120/jetty-server-9.4.35.v20201120.jar:/home/runner/.m2/repository/org/eclipse/jetty/jetty-http/9.4.35.v20201120/jetty-http-9.4.35.v20201120.jar:/home/runner/.m2/repository/org/eclipse/jetty/jetty-io/9.4.35.v20201120/jetty-io-9.4.35.v20201120.jar:/home/runner/.m2/repository/org/eclipse/jetty/jetty-webapp/9.4.35.v20201120/jetty-webapp-9.4.35.v20201120.jar:/home/runner/.m2/repository/org/eclipse/jetty/jetty-xml/9.4.35.v20201120/jetty-xml-9.4.35.v20201120.jar:/home/runner/.m2/repository/org/apache/hadoop/hadoop-common/3.2.2/hadoop-common-3.2.2.jar:/home/runner/.m2/repository/commons-net/commons-net/3.6/commons-net-3.6.jar:/home/runner/.m2/repository/javax/activation/javax.activation-api/1.2.0/javax.activation-api-1.2.0.jar:/home/runner/.m2/repository/com/sun/jersey/jersey-servlet/1.19/jersey-servlet-1.19.jar:/home/runner/.m2/repository/com/sun/jersey/jersey-json/1.19/jersey-json-1.19.jar:/home/runner/.m2/repository/org/codehaus/jettison/jettison/1.1/jettison-1.1.jar:/home/runner/.m2/repository/com/sun/xml/bind/jaxb-impl/2.2.3-1/jaxb-impl-2.2.3-1.jar:/home/runner/.m2/repository/org/codehaus/jackson/jackson-jaxrs/1.9.2/jackson-jaxrs-1.9.2.jar:/home/runner/.m2/repository/org/codehaus/jackson/jackson-xc/1.9.2/jackson-xc-1.9.2.jar:/home/runner/.m2/repository/org/apache/commons/commons-configuration2/2.1.1/commons-configuration2-2.1.1.jar:/home/runner/.m2/repository/org/apache/commons/commons-text/1.4/commons-text-1.4.jar:/home/runner/.m2/repository/com/google/re2j/re2j/1.1/re2j-1.1.jar:/home/runner/.m2/repository/com/jcraft/jsch/0.1.54/jsch-0.1.54.jar:/home/runner/.m2/repository/org/apache/curator/curator-client/2.13.0/curator-client-2.13.0.jar:/home/runner/.m2/repository/org/apache/curator/curator-recipes/2.13.0/curator-recipes-2.13.0.jar:/home/runner/.m2/repository/dnsjava/dnsjava/2.1.7/dnsjava-2.1.7.jar:/home/runner/.m2/repository/org/slf4j/jul-to-slf4j/1.7.30/jul-to-slf4j-1.7.30.jar:/home/runner/.m2/repository/org/eclipse/jetty/jetty-util/9.4.35.v20201120/jetty-util-9.4.35.v20201120.jar:/home/runner/.m2/repository/com/fasterxml/jackson/core/jackson-databind/2.12.1/jackson-databind-2.12.1.jar:/home/runner/.m2/repository/org/apache/hadoop/hadoop-kms/3.2.2/hadoop-kms-3.2.2-tests.jar:/home/runner/.m2/repository/org/apache/ozone/hdds-server-scm/1.2.0-SNAPSHOT/hdds-server-scm-1.2.0-SNAPSHOT-tests.jar:/home/runner/.m2/repository/org/apache/ozone/hdds-container-service/1.2.0-SNAPSHOT/hdds-container-service-1.2.0-SNAPSHOT-tests.jar:/home/runner/.m2/repository/commons-codec/commons-codec/1.11/commons-codec-1.11.jar:/home/runner/.m2/repository/io/netty/netty-transport/4.1.63.Final/netty-transport-4.1.63.Final.jar:/home/runner/.m2/repository/io/netty/netty-resolver/4.1.63.Final/netty-resolver-4.1.63.Final.jar:/home/runner/.m2/repository/io/netty/netty-codec/4.1.63.Final/netty-codec-4.1.63.Final.jar:/home/runner/.m2/repository/io/netty/netty-handler/4.1.63.Final/netty-handler-4.1.63.Final.jar:/home/runner/.m2/repository/org/apache/ozone/hdds-hadoop-dependency-test/1.2.0-SNAPSHOT/hdds-hadoop-dependency-test-1.2.0-SNAPSHOT.jar:/home/runner/.m2/repository/org/apache/hadoop/hadoop-common/3.2.2/hadoop-common-3.2.2-tests.jar:/home/runner/.m2/repository/org/apache/hadoop/hadoop-hdfs/3.2.2/hadoop-hdfs-3.2.2-tests.jar:/home/runner/.m2/repository/org/eclipse/jetty/jetty-util-ajax/9.4.35.v20201120/jetty-util-ajax-9.4.35.v20201120.jar:/home/runner/.m2/repository/commons-daemon/commons-daemon/1.0.13/commons-daemon-1.0.13.jar:/home/runner/.m2/repository/io/netty/netty/3.10.6.Final/netty-3.10.6.Final.jar:/home/runner/.m2/repository/io/netty/netty-all/4.1.63.Final/netty-all-4.1.63.Final.jar:/home/runner/.m2/repository/org/apache/htrace/htrace-core4/4.1.0-incubating/htrace-core4-4.1.0-incubating.jar:/home/runner/.m2/repository/org/fusesource/leveldbjni/leveldbjni-all/1.8/leveldbjni-all-1.8.jar:/home/runner/.m2/repository/org/apache/hadoop/hadoop-distcp/3.2.2/hadoop-distcp-3.2.2.jar:/home/runner/.m2/repository/org/apache/hadoop/hadoop-mapreduce-client-jobclient/3.2.2/hadoop-mapreduce-client-jobclient-3.2.2.jar:/home/runner/.m2/repository/org/apache/hadoop/hadoop-mapreduce-client-common/3.2.2/hadoop-mapreduce-client-common-3.2.2.jar:/home/runner/.m2/repository/org/apache/hadoop/hadoop-yarn-common/3.2.2/hadoop-yarn-common-3.2.2.jar:/home/runner/.m2/repository/org/apache/hadoop/hadoop-yarn-api/3.2.2/hadoop-yarn-api-3.2.2.jar:/home/runner/.m2/repository/com/sun/jersey/jersey-client/1.19/jersey-client-1.19.jar:/home/runner/.m2/repository/com/sun/jersey/contribs/jersey-guice/1.19/jersey-guice-1.19.jar:/home/runner/.m2/repository/com/fasterxml/jackson/jaxrs/jackson-jaxrs-json-provider/2.12.1/jackson-jaxrs-json-provider-2.12.1.jar:/home/runner/.m2/repository/com/fasterxml/jackson/jaxrs/jackson-jaxrs-base/2.12.1/jackson-jaxrs-base-2.12.1.jar:/home/runner/.m2/repository/org/apache/hadoop/hadoop-yarn-client/3.2.2/hadoop-yarn-client-3.2.2.jar:/home/runner/.m2/repository/org/apache/hadoop/hadoop-mapreduce-client-core/3.2.2/hadoop-mapreduce-client-core-3.2.2.jar:/home/runner/.m2/repository/org/apache/avro/avro/1.7.7/avro-1.7.7.jar:/home/runner/.m2/repository/org/codehaus/jackson/jackson-core-asl/1.9.13/jackson-core-asl-1.9.13.jar:/home/runner/.m2/repository/org/codehaus/jackson/jackson-mapper-asl/1.9.13/jackson-mapper-asl-1.9.13.jar:/home/runner/.m2/repository/com/thoughtworks/paranamer/paranamer/2.3/paranamer-2.3.jar:/home/runner/.m2/repository/org/xerial/snappy/snappy-java/1.0.5/snappy-java-1.0.5.jar:/home/runner/.m2/repository/org/apache/hadoop/hadoop-annotations/3.2.2/hadoop-annotations-3.2.2.jar:/usr/lib/jvm/adoptopenjdk-8-hotspot-amd64/jre/../lib/tools.jar:/home/runner/.m2/repository/org/apache/hadoop/hadoop-distcp/3.2.2/hadoop-distcp-3.2.2-tests.jar:"/>
    <property name="java.vm.vendor" value="AdoptOpenJDK"/>
    <property name="sun.arch.data.model" value="64"/>
    <property name="test.build.dir" value="/home/runner/work/ozone/ozone/mnt/ozone/hadoop-ozone/integration-test/target/test-dir"/>
    <property name="test.cache.data" value=""/>
    <property name="java.vendor.url" value="https://adoptopenjdk.net/"/>
    <property name="user.timezone" value=""/>
    <property name="java.vm.specification.version" value="1.8"/>
    <property name="os.name" value="Linux"/>
    <property name="test.build.data" value="/home/runner/work/ozone/ozone/mnt/ozone/hadoop-ozone/integration-test/target/test-dir"/>
    <property name="sun.java.launcher" value="SUN_STANDARD"/>
    <property name="sun.boot.library.path" value="/usr/lib/jvm/adoptopenjdk-8-hotspot-amd64/jre/lib/amd64"/>
    <property name="sun.java.command" value="/home/runner/work/ozone/ozone/mnt/ozone/hadoop-ozone/integration-test/target/surefire/surefirebooter5315482025944998628.jar /home/runner/work/ozone/ozone/mnt/ozone/hadoop-ozone/integration-test/target/surefire 2021-07-06T16-53-52_619-jvmRun1 surefire1957047984539323761tmp surefire_96449375502016028233tmp"/>
    <property name="surefire.test.class.path" value="/home/runner/work/ozone/ozone/mnt/ozone/hadoop-ozone/integration-test/target/test-classes:/home/runner/work/ozone/ozone/mnt/ozone/hadoop-ozone/integration-test/target/classes:/home/runner/.m2/repository/org/apache/ozone/ozone-common/1.2.0-SNAPSHOT/ozone-common-1.2.0-SNAPSHOT.jar:/home/runner/.m2/repository/org/apache/commons/commons-compress/1.20/commons-compress-1.20.jar:/home/runner/.m2/repository/org/apache/ozone/hdds-common/1.2.0-SNAPSHOT/hdds-common-1.2.0-SNAPSHOT.jar:/home/runner/.m2/repository/org/apache/ozone/hdds-client/1.2.0-SNAPSHOT/hdds-client-1.2.0-SNAPSHOT.jar:/home/runner/.m2/repository/org/apache/ozone/ozone-interface-client/1.2.0-SNAPSHOT/ozone-interface-client-1.2.0-SNAPSHOT.jar:/home/runner/.m2/repository/org/apache/ozone/hdds-test-utils/1.2.0-SNAPSHOT/hdds-test-utils-1.2.0-SNAPSHOT.jar:/home/runner/.m2/repository/com/google/guava/guava/30.1.1-jre/guava-30.1.1-jre.jar:/home/runner/.m2/repository/com/google/guava/failureaccess/1.0.1/failureaccess-1.0.1.jar:/home/runner/.m2/repository/com/google/guava/listenablefuture/9999.0-empty-to-avoid-conflict-with-guava/listenablefuture-9999.0-empty-to-avoid-conflict-with-guava.jar:/home/runner/.m2/repository/com/google/code/findbugs/jsr305/3.0.0/jsr305-3.0.0.jar:/home/runner/.m2/repository/org/checkerframework/checker-qual/3.8.0/checker-qual-3.8.0.jar:/home/runner/.m2/repository/com/google/errorprone/error_prone_annotations/2.2.0/error_prone_annotations-2.2.0.jar:/home/runner/.m2/repository/com/google/j2objc/j2objc-annotations/1.3/j2objc-annotations-1.3.jar:/home/runner/.m2/repository/commons-io/commons-io/2.8.0/commons-io-2.8.0.jar:/home/runner/.m2/repository/commons-logging/commons-logging/1.2/commons-logging-1.2.jar:/home/runner/.m2/repository/log4j/log4j/1.2.17/log4j-1.2.17.jar:/home/runner/.m2/repository/org/slf4j/slf4j-api/1.7.30/slf4j-api-1.7.30.jar:/home/runner/.m2/repository/org/apache/ozone/hdds-server-scm/1.2.0-SNAPSHOT/hdds-server-scm-1.2.0-SNAPSHOT.jar:/home/runner/.m2/repository/org/apache/ozone/hdds-container-service/1.2.0-SNAPSHOT/hdds-container-service-1.2.0-SNAPSHOT.jar:/home/runner/.m2/repository/org/apache/ozone/hdds-hadoop-dependency-server/1.2.0-SNAPSHOT/hdds-hadoop-dependency-server-1.2.0-SNAPSHOT.jar:/home/runner/.m2/repository/org/apache/hadoop/hadoop-hdfs/3.2.2/hadoop-hdfs-3.2.2.jar:/home/runner/.m2/repository/org/apache/ozone/hdds-server-framework/1.2.0-SNAPSHOT/hdds-server-framework-1.2.0-SNAPSHOT.jar:/home/runner/.m2/repository/org/apache/ozone/hdds-interface-server/1.2.0-SNAPSHOT/hdds-interface-server-1.2.0-SNAPSHOT.jar:/home/runner/.m2/repository/org/eclipse/jetty/jetty-servlet/9.4.35.v20201120/jetty-servlet-9.4.35.v20201120.jar:/home/runner/.m2/repository/org/eclipse/jetty/jetty-security/9.4.35.v20201120/jetty-security-9.4.35.v20201120.jar:/home/runner/.m2/repository/org/rocksdb/rocksdbjni/6.20.3/rocksdbjni-6.20.3.jar:/home/runner/.m2/repository/io/prometheus/simpleclient_dropwizard/0.7.0/simpleclient_dropwizard-0.7.0.jar:/home/runner/.m2/repository/io/prometheus/simpleclient/0.7.0/simpleclient-0.7.0.jar:/home/runner/.m2/repository/io/prometheus/simpleclient_common/0.7.0/simpleclient_common-0.7.0.jar:/home/runner/.m2/repository/com/fasterxml/jackson/datatype/jackson-datatype-jsr310/2.12.1/jackson-datatype-jsr310-2.12.1.jar:/home/runner/.m2/repository/io/dropwizard/metrics/metrics-core/3.2.4/metrics-core-3.2.4.jar:/home/runner/.m2/repository/org/apache/hadoop/hadoop-hdfs-client/3.2.2/hadoop-hdfs-client-3.2.2.jar:/home/runner/.m2/repository/org/bouncycastle/bcprov-jdk15on/1.67/bcprov-jdk15on-1.67.jar:/home/runner/.m2/repository/com/google/protobuf/protobuf-java/2.5.0/protobuf-java-2.5.0.jar:/home/runner/.m2/repository/org/apache/ozone/ozone-manager/1.2.0-SNAPSHOT/ozone-manager-1.2.0-SNAPSHOT.jar:/home/runner/.m2/repository/org/apache/ozone/hdds-interface-client/1.2.0-SNAPSHOT/hdds-interface-client-1.2.0-SNAPSHOT.jar:/home/runner/.m2/repository/org/apache/ratis/ratis-thirdparty-misc/0.7.0-a398b19-SNAPSHOT/ratis-thirdparty-misc-0.7.0-a398b19-SNAPSHOT.jar:/home/runner/.m2/repository/org/apache/ozone/ozone-interface-storage/1.2.0-SNAPSHOT/ozone-interface-storage-1.2.0-SNAPSHOT.jar:/home/runner/.m2/repository/org/apache/hadoop/hadoop-minikdc/3.2.2/hadoop-minikdc-3.2.2.jar:/home/runner/.m2/repository/org/apache/kerby/kerb-simplekdc/1.0.1/kerb-simplekdc-1.0.1.jar:/home/runner/.m2/repository/org/apache/kerby/kerb-client/1.0.1/kerb-client-1.0.1.jar:/home/runner/.m2/repository/org/apache/kerby/kerby-config/1.0.1/kerby-config-1.0.1.jar:/home/runner/.m2/repository/org/apache/kerby/kerb-core/1.0.1/kerb-core-1.0.1.jar:/home/runner/.m2/repository/org/apache/kerby/kerby-pkix/1.0.1/kerby-pkix-1.0.1.jar:/home/runner/.m2/repository/org/apache/kerby/kerby-asn1/1.0.1/kerby-asn1-1.0.1.jar:/home/runner/.m2/repository/org/apache/kerby/kerby-util/1.0.1/kerby-util-1.0.1.jar:/home/runner/.m2/repository/org/apache/kerby/kerb-common/1.0.1/kerb-common-1.0.1.jar:/home/runner/.m2/repository/org/apache/kerby/kerb-crypto/1.0.1/kerb-crypto-1.0.1.jar:/home/runner/.m2/repository/org/apache/kerby/kerb-util/1.0.1/kerb-util-1.0.1.jar:/home/runner/.m2/repository/org/apache/kerby/token-provider/1.0.1/token-provider-1.0.1.jar:/home/runner/.m2/repository/org/apache/kerby/kerb-admin/1.0.1/kerb-admin-1.0.1.jar:/home/runner/.m2/repository/org/apache/kerby/kerb-server/1.0.1/kerb-server-1.0.1.jar:/home/runner/.m2/repository/org/apache/kerby/kerb-identity/1.0.1/kerb-identity-1.0.1.jar:/home/runner/.m2/repository/org/apache/kerby/kerby-xdr/1.0.1/kerby-xdr-1.0.1.jar:/home/runner/.m2/repository/org/slf4j/slf4j-log4j12/1.7.30/slf4j-log4j12-1.7.30.jar:/home/runner/.m2/repository/org/apache/ozone/ozone-s3gateway/1.2.0-SNAPSHOT/ozone-s3gateway-1.2.0-SNAPSHOT.jar:/home/runner/.m2/repository/org/jboss/weld/servlet/weld-servlet/2.4.7.Final/weld-servlet-2.4.7.Final.jar:/home/runner/.m2/repository/org/glassfish/jersey/containers/jersey-container-servlet-core/2.33/jersey-container-servlet-core-2.33.jar:/home/runner/.m2/repository/org/glassfish/hk2/external/jakarta.inject/2.6.1/jakarta.inject-2.6.1.jar:/home/runner/.m2/repository/org/glassfish/jersey/core/jersey-common/2.33/jersey-common-2.33.jar:/home/runner/.m2/repository/jakarta/ws/rs/jakarta.ws.rs-api/2.1.6/jakarta.ws.rs-api-2.1.6.jar:/home/runner/.m2/repository/org/glassfish/jersey/ext/cdi/jersey-cdi1x/2.33/jersey-cdi1x-2.33.jar:/home/runner/.m2/repository/org/glassfish/jersey/inject/jersey-hk2/2.33/jersey-hk2-2.33.jar:/home/runner/.m2/repository/org/glassfish/hk2/hk2-locator/2.6.1/hk2-locator-2.6.1.jar:/home/runner/.m2/repository/org/javassist/javassist/3.25.0-GA/javassist-3.25.0-GA.jar:/home/runner/.m2/repository/org/glassfish/jersey/media/jersey-media-jaxb/2.33/jersey-media-jaxb-2.33.jar:/home/runner/.m2/repository/org/glassfish/hk2/osgi-resource-locator/1.0.3/osgi-resource-locator-1.0.3.jar:/home/runner/.m2/repository/org/glassfish/hk2/hk2-api/2.5.0/hk2-api-2.5.0.jar:/home/runner/.m2/repository/org/glassfish/hk2/hk2-utils/2.5.0/hk2-utils-2.5.0.jar:/home/runner/.m2/repository/org/glassfish/hk2/external/aopalliance-repackaged/2.5.0/aopalliance-repackaged-2.5.0.jar:/home/runner/.m2/repository/com/fasterxml/jackson/dataformat/jackson-dataformat-xml/2.12.1/jackson-dataformat-xml-2.12.1.jar:/home/runner/.m2/repository/com/fasterxml/jackson/core/jackson-core/2.12.1/jackson-core-2.12.1.jar:/home/runner/.m2/repository/com/fasterxml/jackson/module/jackson-module-jaxb-annotations/2.12.1/jackson-module-jaxb-annotations-2.12.1.jar:/home/runner/.m2/repository/jakarta/xml/bind/jakarta.xml.bind-api/2.3.2/jakarta.xml.bind-api-2.3.2.jar:/home/runner/.m2/repository/jakarta/activation/jakarta.activation-api/1.2.1/jakarta.activation-api-1.2.1.jar:/home/runner/.m2/repository/org/codehaus/woodstox/stax2-api/3.1.4/stax2-api-3.1.4.jar:/home/runner/.m2/repository/com/fasterxml/woodstox/woodstox-core/5.0.3/woodstox-core-5.0.3.jar:/home/runner/.m2/repository/javax/enterprise/cdi-api/1.2/cdi-api-1.2.jar:/home/runner/.m2/repository/javax/el/javax.el-api/3.0.0/javax.el-api-3.0.0.jar:/home/runner/.m2/repository/javax/interceptor/javax.interceptor-api/1.2/javax.interceptor-api-1.2.jar:/home/runner/.m2/repository/javax/inject/javax.inject/1/javax.inject-1.jar:/home/runner/.m2/repository/javax/xml/bind/jaxb-api/2.3.0/jaxb-api-2.3.0.jar:/home/runner/.m2/repository/org/glassfish/jaxb/jaxb-runtime/2.3.0.1/jaxb-runtime-2.3.0.1.jar:/home/runner/.m2/repository/org/glassfish/jaxb/jaxb-core/2.3.0.1/jaxb-core-2.3.0.1.jar:/home/runner/.m2/repository/org/glassfish/jaxb/txw2/2.3.0.1/txw2-2.3.0.1.jar:/home/runner/.m2/repository/com/sun/istack/istack-commons-runtime/3.0.5/istack-commons-runtime-3.0.5.jar:/home/runner/.m2/repository/org/jvnet/staxex/stax-ex/1.7.8/stax-ex-1.7.8.jar:/home/runner/.m2/repository/com/sun/xml/fastinfoset/FastInfoset/1.2.13/FastInfoset-1.2.13.jar:/home/runner/.m2/repository/javax/activation/activation/1.1.1/activation-1.1.1.jar:/home/runner/.m2/repository/org/apache/ozone/ozone-csi/1.2.0-SNAPSHOT/ozone-csi-1.2.0-SNAPSHOT.jar:/home/runner/.m2/repository/com/google/protobuf/protobuf-java-util/3.12.0/protobuf-java-util-3.12.0.jar:/home/runner/.m2/repository/com/google/code/gson/gson/2.2.4/gson-2.2.4.jar:/home/runner/.m2/repository/org/apache/ozone/hdds-config/1.2.0-SNAPSHOT/hdds-config-1.2.0-SNAPSHOT.jar:/home/runner/.m2/repository/io/grpc/grpc-netty/1.33.0/grpc-netty-1.33.0.jar:/home/runner/.m2/repository/io/grpc/grpc-core/1.33.0/grpc-core-1.33.0.jar:/home/runner/.m2/repository/com/google/android/annotations/4.1.1.4/annotations-4.1.1.4.jar:/home/runner/.m2/repository/io/netty/netty-codec-http2/4.1.63.Final/netty-codec-http2-4.1.63.Final.jar:/home/runner/.m2/repository/io/netty/netty-codec-http/4.1.63.Final/netty-codec-http-4.1.63.Final.jar:/home/runner/.m2/repository/io/netty/netty-handler-proxy/4.1.63.Final/netty-handler-proxy-4.1.63.Final.jar:/home/runner/.m2/repository/io/netty/netty-codec-socks/4.1.63.Final/netty-codec-socks-4.1.63.Final.jar:/home/runner/.m2/repository/io/perfmark/perfmark-api/0.19.0/perfmark-api-0.19.0.jar:/home/runner/.m2/repository/org/codehaus/mojo/animal-sniffer-annotations/1.18/animal-sniffer-annotations-1.18.jar:/home/runner/.m2/repository/io/netty/netty-transport-native-epoll/4.1.63.Final/netty-transport-native-epoll-4.1.63.Final.jar:/home/runner/.m2/repository/io/netty/netty-common/4.1.63.Final/netty-common-4.1.63.Final.jar:/home/runner/.m2/repository/io/netty/netty-buffer/4.1.63.Final/netty-buffer-4.1.63.Final.jar:/home/runner/.m2/repository/io/netty/netty-transport-native-unix-common/4.1.63.Final/netty-transport-native-unix-common-4.1.63.Final.jar:/home/runner/.m2/repository/io/grpc/grpc-protobuf/1.33.0/grpc-protobuf-1.33.0.jar:/home/runner/.m2/repository/io/grpc/grpc-api/1.33.0/grpc-api-1.33.0.jar:/home/runner/.m2/repository/io/grpc/grpc-context/1.33.0/grpc-context-1.33.0.jar:/home/runner/.m2/repository/com/google/api/grpc/proto-google-common-protos/1.17.0/proto-google-common-protos-1.17.0.jar:/home/runner/.m2/repository/io/grpc/grpc-protobuf-lite/1.33.0/grpc-protobuf-lite-1.33.0.jar:/home/runner/.m2/repository/io/grpc/grpc-stub/1.33.0/grpc-stub-1.33.0.jar:/home/runner/.m2/repository/org/apache/ozone/ozone-recon/1.2.0-SNAPSHOT/ozone-recon-1.2.0-SNAPSHOT.jar:/home/runner/.m2/repository/org/apache/ozone/ozone-reconcodegen/1.2.0-SNAPSHOT/ozone-reconcodegen-1.2.0-SNAPSHOT.jar:/home/runner/.m2/repository/com/google/inject/extensions/guice-multibindings/4.0/guice-multibindings-4.0.jar:/home/runner/.m2/repository/com/google/inject/guice/4.0/guice-4.0.jar:/home/runner/.m2/repository/aopalliance/aopalliance/1.0/aopalliance-1.0.jar:/home/runner/.m2/repository/com/google/inject/extensions/guice-assistedinject/4.0/guice-assistedinject-4.0.jar:/home/runner/.m2/repository/com/google/inject/extensions/guice-servlet/4.0/guice-servlet-4.0.jar:/home/runner/.m2/repository/org/glassfish/jersey/containers/jersey-container-servlet/2.33/jersey-container-servlet-2.33.jar:/home/runner/.m2/repository/org/glassfish/hk2/guice-bridge/2.5.0/guice-bridge-2.5.0.jar:/home/runner/.m2/repository/org/glassfish/jersey/core/jersey-server/2.33/jersey-server-2.33.jar:/home/runner/.m2/repository/org/glassfish/jersey/core/jersey-client/2.33/jersey-client-2.33.jar:/home/runner/.m2/repository/jakarta/annotation/jakarta.annotation-api/1.3.5/jakarta.annotation-api-1.3.5.jar:/home/runner/.m2/repository/jakarta/validation/jakarta.validation-api/2.0.2/jakarta.validation-api-2.0.2.jar:/home/runner/.m2/repository/org/glassfish/jersey/media/jersey-media-json-jackson/2.33/jersey-media-json-jackson-2.33.jar:/home/runner/.m2/repository/org/glassfish/jersey/ext/jersey-entity-filtering/2.33/jersey-entity-filtering-2.33.jar:/home/runner/.m2/repository/org/jooq/jooq/3.11.10/jooq-3.11.10.jar:/home/runner/.m2/repository/org/jooq/jooq-meta/3.11.10/jooq-meta-3.11.10.jar:/home/runner/.m2/repository/org/jooq/jooq-codegen/3.11.10/jooq-codegen-3.11.10.jar:/home/runner/.m2/repository/com/jolbox/bonecp/0.8.0.RELEASE/bonecp-0.8.0.RELEASE.jar:/home/runner/.m2/repository/org/apache/derby/derby/10.14.2.0/derby-10.14.2.0.jar:/home/runner/.m2/repository/org/xerial/sqlite-jdbc/3.25.2/sqlite-jdbc-3.25.2.jar:/home/runner/.m2/repository/org/springframework/spring-jdbc/5.2.11.RELEASE/spring-jdbc-5.2.11.RELEASE.jar:/home/runner/.m2/repository/org/springframework/spring-beans/5.2.11.RELEASE/spring-beans-5.2.11.RELEASE.jar:/home/runner/.m2/repository/org/springframework/spring-core/5.2.11.RELEASE/spring-core-5.2.11.RELEASE.jar:/home/runner/.m2/repository/org/springframework/spring-jcl/5.2.11.RELEASE/spring-jcl-5.2.11.RELEASE.jar:/home/runner/.m2/repository/org/springframework/spring-tx/5.2.11.RELEASE/spring-tx-5.2.11.RELEASE.jar:/home/runner/.m2/repository/org/apache/ozone/ozone-client/1.2.0-SNAPSHOT/ozone-client-1.2.0-SNAPSHOT.jar:/home/runner/.m2/repository/org/apache/ozone/ozone-filesystem/1.2.0-SNAPSHOT/ozone-filesystem-1.2.0-SNAPSHOT.jar:/home/runner/.m2/repository/org/apache/ozone/ozone-filesystem-common/1.2.0-SNAPSHOT/ozone-filesystem-common-1.2.0-SNAPSHOT.jar:/home/runner/.m2/repository/org/apache/ozone/ozone-tools/1.2.0-SNAPSHOT/ozone-tools-1.2.0-SNAPSHOT.jar:/home/runner/.m2/repository/org/apache/ratis/ratis-tools/2.1.0-ff8aa66-SNAPSHOT/ratis-tools-2.1.0-ff8aa66-SNAPSHOT.jar:/home/runner/.m2/repository/org/apache/ratis/ratis-proto/2.1.0-ff8aa66-SNAPSHOT/ratis-proto-2.1.0-ff8aa66-SNAPSHOT.jar:/home/runner/.m2/repository/org/apache/ratis/ratis-common/2.1.0-ff8aa66-SNAPSHOT/ratis-common-2.1.0-ff8aa66-SNAPSHOT.jar:/home/runner/.m2/repository/com/amazonaws/aws-java-sdk-core/1.11.901/aws-java-sdk-core-1.11.901.jar:/home/runner/.m2/repository/org/apache/httpcomponents/httpclient/4.5.13/httpclient-4.5.13.jar:/home/runner/.m2/repository/org/apache/httpcomponents/httpcore/4.4.13/httpcore-4.4.13.jar:/home/runner/.m2/repository/software/amazon/ion/ion-java/1.0.2/ion-java-1.0.2.jar:/home/runner/.m2/repository/com/fasterxml/jackson/dataformat/jackson-dataformat-cbor/2.12.1/jackson-dataformat-cbor-2.12.1.jar:/home/runner/.m2/repository/joda-time/joda-time/2.8.1/joda-time-2.8.1.jar:/home/runner/.m2/repository/com/amazonaws/aws-java-sdk-s3/1.11.901/aws-java-sdk-s3-1.11.901.jar:/home/runner/.m2/repository/com/amazonaws/aws-java-sdk-kms/1.11.901/aws-java-sdk-kms-1.11.901.jar:/home/runner/.m2/repository/com/amazonaws/jmespath-java/1.11.901/jmespath-java-1.11.901.jar:/home/runner/.m2/repository/org/kohsuke/metainf-services/metainf-services/1.8/metainf-services-1.8.jar:/home/runner/.m2/repository/org/apache/ozone/hdds-tools/1.2.0-SNAPSHOT/hdds-tools-1.2.0-SNAPSHOT.jar:/home/runner/.m2/repository/commons-cli/commons-cli/1.2/commons-cli-1.2.jar:/home/runner/.m2/repository/org/apache/commons/commons-lang3/3.7/commons-lang3-3.7.jar:/home/runner/.m2/repository/org/apache/ozone/ozone-manager/1.2.0-SNAPSHOT/ozone-manager-1.2.0-SNAPSHOT-tests.jar:/home/runner/.m2/repository/org/apache/ozone/hdds-common/1.2.0-SNAPSHOT/hdds-common-1.2.0-SNAPSHOT-tests.jar:/home/runner/.m2/repository/org/apache/ozone/hdds-hadoop-dependency-client/1.2.0-SNAPSHOT/hdds-hadoop-dependency-client-1.2.0-SNAPSHOT.jar:/home/runner/.m2/repository/info/picocli/picocli/4.4.0/picocli-4.4.0.jar:/home/runner/.m2/repository/com/fasterxml/jackson/core/jackson-annotations/2.12.1/jackson-annotations-2.12.1.jar:/home/runner/.m2/repository/javax/annotation/javax.annotation-api/1.2/javax.annotation-api-1.2.jar:/home/runner/.m2/repository/org/apache/ratis/ratis-server/2.1.0-ff8aa66-SNAPSHOT/ratis-server-2.1.0-ff8aa66-SNAPSHOT.jar:/home/runner/.m2/repository/org/apache/ratis/ratis-client/2.1.0-ff8aa66-SNAPSHOT/ratis-client-2.1.0-ff8aa66-SNAPSHOT.jar:/home/runner/.m2/repository/org/apache/ratis/ratis-server-api/2.1.0-ff8aa66-SNAPSHOT/ratis-server-api-2.1.0-ff8aa66-SNAPSHOT.jar:/home/runner/.m2/repository/org/apache/ratis/ratis-metrics/2.1.0-ff8aa66-SNAPSHOT/ratis-metrics-2.1.0-ff8aa66-SNAPSHOT.jar:/home/runner/.m2/repository/org/apache/ratis/ratis-netty/2.1.0-ff8aa66-SNAPSHOT/ratis-netty-2.1.0-ff8aa66-SNAPSHOT.jar:/home/runner/.m2/repository/org/apache/ratis/ratis-grpc/2.1.0-ff8aa66-SNAPSHOT/ratis-grpc-2.1.0-ff8aa66-SNAPSHOT.jar:/home/runner/.m2/repository/org/apache/logging/log4j/log4j-api/2.13.3/log4j-api-2.13.3.jar:/home/runner/.m2/repository/org/apache/logging/log4j/log4j-core/2.13.3/log4j-core-2.13.3.jar:/home/runner/.m2/repository/com/lmax/disruptor/3.4.2/disruptor-3.4.2.jar:/home/runner/.m2/repository/org/apache/commons/commons-pool2/2.6.0/commons-pool2-2.6.0.jar:/home/runner/.m2/repository/org/bouncycastle/bcpkix-jdk15on/1.67/bcpkix-jdk15on-1.67.jar:/home/runner/.m2/repository/commons-validator/commons-validator/1.6/commons-validator-1.6.jar:/home/runner/.m2/repository/commons-beanutils/commons-beanutils/1.9.4/commons-beanutils-1.9.4.jar:/home/runner/.m2/repository/commons-digester/commons-digester/1.8.1/commons-digester-1.8.1.jar:/home/runner/.m2/repository/commons-collections/commons-collections/3.2.2/commons-collections-3.2.2.jar:/home/runner/.m2/repository/io/jaegertracing/jaeger-client/1.6.0/jaeger-client-1.6.0.jar:/home/runner/.m2/repository/io/jaegertracing/jaeger-thrift/1.6.0/jaeger-thrift-1.6.0.jar:/home/runner/.m2/repository/org/apache/thrift/libthrift/0.14.1/libthrift-0.14.1.jar:/home/runner/.m2/repository/com/squareup/okhttp3/okhttp/4.9.0/okhttp-4.9.0.jar:/home/runner/.m2/repository/com/squareup/okio/okio/2.8.0/okio-2.8.0.jar:/home/runner/.m2/repository/io/jaegertracing/jaeger-core/1.6.0/jaeger-core-1.6.0.jar:/home/runner/.m2/repository/io/jaegertracing/jaeger-tracerresolver/1.6.0/jaeger-tracerresolver-1.6.0.jar:/home/runner/.m2/repository/io/opentracing/contrib/opentracing-tracerresolver/0.1.8/opentracing-tracerresolver-0.1.8.jar:/home/runner/.m2/repository/org/jetbrains/kotlin/kotlin-stdlib/1.4.31/kotlin-stdlib-1.4.31.jar:/home/runner/.m2/repository/org/jetbrains/kotlin/kotlin-stdlib-common/1.4.31/kotlin-stdlib-common-1.4.31.jar:/home/runner/.m2/repository/org/jetbrains/annotations/13.0/annotations-13.0.jar:/home/runner/.m2/repository/io/opentracing/opentracing-util/0.33.0/opentracing-util-0.33.0.jar:/home/runner/.m2/repository/io/opentracing/opentracing-api/0.33.0/opentracing-api-0.33.0.jar:/home/runner/.m2/repository/io/opentracing/opentracing-noop/0.33.0/opentracing-noop-0.33.0.jar:/home/runner/.m2/repository/org/yaml/snakeyaml/1.26/snakeyaml-1.26.jar:/home/runner/.m2/repository/org/apache/ozone/hdds-interface-admin/1.2.0-SNAPSHOT/hdds-interface-admin-1.2.0-SNAPSHOT.jar:/home/runner/.m2/repository/junit/junit/4.13.1/junit-4.13.1.jar:/home/runner/.m2/repository/org/hamcrest/hamcrest-core/1.3/hamcrest-core-1.3.jar:/home/runner/.m2/repository/org/junit/jupiter/junit-jupiter-api/5.7.0/junit-jupiter-api-5.7.0.jar:/home/runner/.m2/repository/org/apiguardian/apiguardian-api/1.1.0/apiguardian-api-1.1.0.jar:/home/runner/.m2/repository/org/opentest4j/opentest4j/1.2.0/opentest4j-1.2.0.jar:/home/runner/.m2/repository/org/junit/platform/junit-platform-commons/1.7.0/junit-platform-commons-1.7.0.jar:/home/runner/.m2/repository/org/junit/jupiter/junit-jupiter-engine/5.7.0/junit-jupiter-engine-5.7.0.jar:/home/runner/.m2/repository/org/junit/platform/junit-platform-engine/1.7.0/junit-platform-engine-1.7.0.jar:/home/runner/.m2/repository/org/junit/vintage/junit-vintage-engine/5.7.0/junit-vintage-engine-5.7.0.jar:/home/runner/.m2/repository/org/junit/platform/junit-platform-launcher/1.7.0/junit-platform-launcher-1.7.0.jar:/home/runner/.m2/repository/org/openjdk/jmh/jmh-core/1.19/jmh-core-1.19.jar:/home/runner/.m2/repository/net/sf/jopt-simple/jopt-simple/4.6/jopt-simple-4.6.jar:/home/runner/.m2/repository/org/apache/commons/commons-math3/3.1.1/commons-math3-3.1.1.jar:/home/runner/.m2/repository/org/openjdk/jmh/jmh-generator-annprocess/1.19/jmh-generator-annprocess-1.19.jar:/home/runner/.m2/repository/org/mockito/mockito-all/1.8.5/mockito-all-1.8.5.jar:/home/runner/.m2/repository/org/apache/hadoop/hadoop-kms/3.2.2/hadoop-kms-3.2.2.jar:/home/runner/.m2/repository/org/apache/hadoop/hadoop-auth/3.2.2/hadoop-auth-3.2.2.jar:/home/runner/.m2/repository/com/nimbusds/nimbus-jose-jwt/7.9/nimbus-jose-jwt-7.9.jar:/home/runner/.m2/repository/com/github/stephenc/jcip/jcip-annotations/1.0-1/jcip-annotations-1.0-1.jar:/home/runner/.m2/repository/net/minidev/json-smart/2.3/json-smart-2.3.jar:/home/runner/.m2/repository/net/minidev/accessors-smart/1.2/accessors-smart-1.2.jar:/home/runner/.m2/repository/org/ow2/asm/asm/5.0.4/asm-5.0.4.jar:/home/runner/.m2/repository/org/apache/zookeeper/zookeeper/3.4.13/zookeeper-3.4.13.jar:/home/runner/.m2/repository/org/apache/yetus/audience-annotations/0.5.0/audience-annotations-0.5.0.jar:/home/runner/.m2/repository/org/apache/curator/curator-framework/2.13.0/curator-framework-2.13.0.jar:/home/runner/.m2/repository/com/sun/jersey/jersey-core/1.19/jersey-core-1.19.jar:/home/runner/.m2/repository/javax/ws/rs/jsr311-api/1.1.1/jsr311-api-1.1.1.jar:/home/runner/.m2/repository/com/sun/jersey/jersey-server/1.19/jersey-server-1.19.jar:/home/runner/.m2/repository/javax/servlet/javax.servlet-api/3.1.0/javax.servlet-api-3.1.0.jar:/home/runner/.m2/repository/org/eclipse/jetty/jetty-server/9.4.35.v20201120/jetty-server-9.4.35.v20201120.jar:/home/runner/.m2/repository/org/eclipse/jetty/jetty-http/9.4.35.v20201120/jetty-http-9.4.35.v20201120.jar:/home/runner/.m2/repository/org/eclipse/jetty/jetty-io/9.4.35.v20201120/jetty-io-9.4.35.v20201120.jar:/home/runner/.m2/repository/org/eclipse/jetty/jetty-webapp/9.4.35.v20201120/jetty-webapp-9.4.35.v20201120.jar:/home/runner/.m2/repository/org/eclipse/jetty/jetty-xml/9.4.35.v20201120/jetty-xml-9.4.35.v20201120.jar:/home/runner/.m2/repository/org/apache/hadoop/hadoop-common/3.2.2/hadoop-common-3.2.2.jar:/home/runner/.m2/repository/commons-net/commons-net/3.6/commons-net-3.6.jar:/home/runner/.m2/repository/javax/activation/javax.activation-api/1.2.0/javax.activation-api-1.2.0.jar:/home/runner/.m2/repository/com/sun/jersey/jersey-servlet/1.19/jersey-servlet-1.19.jar:/home/runner/.m2/repository/com/sun/jersey/jersey-json/1.19/jersey-json-1.19.jar:/home/runner/.m2/repository/org/codehaus/jettison/jettison/1.1/jettison-1.1.jar:/home/runner/.m2/repository/com/sun/xml/bind/jaxb-impl/2.2.3-1/jaxb-impl-2.2.3-1.jar:/home/runner/.m2/repository/org/codehaus/jackson/jackson-jaxrs/1.9.2/jackson-jaxrs-1.9.2.jar:/home/runner/.m2/repository/org/codehaus/jackson/jackson-xc/1.9.2/jackson-xc-1.9.2.jar:/home/runner/.m2/repository/org/apache/commons/commons-configuration2/2.1.1/commons-configuration2-2.1.1.jar:/home/runner/.m2/repository/org/apache/commons/commons-text/1.4/commons-text-1.4.jar:/home/runner/.m2/repository/com/google/re2j/re2j/1.1/re2j-1.1.jar:/home/runner/.m2/repository/com/jcraft/jsch/0.1.54/jsch-0.1.54.jar:/home/runner/.m2/repository/org/apache/curator/curator-client/2.13.0/curator-client-2.13.0.jar:/home/runner/.m2/repository/org/apache/curator/curator-recipes/2.13.0/curator-recipes-2.13.0.jar:/home/runner/.m2/repository/dnsjava/dnsjava/2.1.7/dnsjava-2.1.7.jar:/home/runner/.m2/repository/org/slf4j/jul-to-slf4j/1.7.30/jul-to-slf4j-1.7.30.jar:/home/runner/.m2/repository/org/eclipse/jetty/jetty-util/9.4.35.v20201120/jetty-util-9.4.35.v20201120.jar:/home/runner/.m2/repository/com/fasterxml/jackson/core/jackson-databind/2.12.1/jackson-databind-2.12.1.jar:/home/runner/.m2/repository/org/apache/hadoop/hadoop-kms/3.2.2/hadoop-kms-3.2.2-tests.jar:/home/runner/.m2/repository/org/apache/ozone/hdds-server-scm/1.2.0-SNAPSHOT/hdds-server-scm-1.2.0-SNAPSHOT-tests.jar:/home/runner/.m2/repository/org/apache/ozone/hdds-container-service/1.2.0-SNAPSHOT/hdds-container-service-1.2.0-SNAPSHOT-tests.jar:/home/runner/.m2/repository/commons-codec/commons-codec/1.11/commons-codec-1.11.jar:/home/runner/.m2/repository/io/netty/netty-transport/4.1.63.Final/netty-transport-4.1.63.Final.jar:/home/runner/.m2/repository/io/netty/netty-resolver/4.1.63.Final/netty-resolver-4.1.63.Final.jar:/home/runner/.m2/repository/io/netty/netty-codec/4.1.63.Final/netty-codec-4.1.63.Final.jar:/home/runner/.m2/repository/io/netty/netty-handler/4.1.63.Final/netty-handler-4.1.63.Final.jar:/home/runner/.m2/repository/org/apache/ozone/hdds-hadoop-dependency-test/1.2.0-SNAPSHOT/hdds-hadoop-dependency-test-1.2.0-SNAPSHOT.jar:/home/runner/.m2/repository/org/apache/hadoop/hadoop-common/3.2.2/hadoop-common-3.2.2-tests.jar:/home/runner/.m2/repository/org/apache/hadoop/hadoop-hdfs/3.2.2/hadoop-hdfs-3.2.2-tests.jar:/home/runner/.m2/repository/org/eclipse/jetty/jetty-util-ajax/9.4.35.v20201120/jetty-util-ajax-9.4.35.v20201120.jar:/home/runner/.m2/repository/commons-daemon/commons-daemon/1.0.13/commons-daemon-1.0.13.jar:/home/runner/.m2/repository/io/netty/netty/3.10.6.Final/netty-3.10.6.Final.jar:/home/runner/.m2/repository/io/netty/netty-all/4.1.63.Final/netty-all-4.1.63.Final.jar:/home/runner/.m2/repository/org/apache/htrace/htrace-core4/4.1.0-incubating/htrace-core4-4.1.0-incubating.jar:/home/runner/.m2/repository/org/fusesource/leveldbjni/leveldbjni-all/1.8/leveldbjni-all-1.8.jar:/home/runner/.m2/repository/org/apache/hadoop/hadoop-distcp/3.2.2/hadoop-distcp-3.2.2.jar:/home/runner/.m2/repository/org/apache/hadoop/hadoop-mapreduce-client-jobclient/3.2.2/hadoop-mapreduce-client-jobclient-3.2.2.jar:/home/runner/.m2/repository/org/apache/hadoop/hadoop-mapreduce-client-common/3.2.2/hadoop-mapreduce-client-common-3.2.2.jar:/home/runner/.m2/repository/org/apache/hadoop/hadoop-yarn-common/3.2.2/hadoop-yarn-common-3.2.2.jar:/home/runner/.m2/repository/org/apache/hadoop/hadoop-yarn-api/3.2.2/hadoop-yarn-api-3.2.2.jar:/home/runner/.m2/repository/com/sun/jersey/jersey-client/1.19/jersey-client-1.19.jar:/home/runner/.m2/repository/com/sun/jersey/contribs/jersey-guice/1.19/jersey-guice-1.19.jar:/home/runner/.m2/repository/com/fasterxml/jackson/jaxrs/jackson-jaxrs-json-provider/2.12.1/jackson-jaxrs-json-provider-2.12.1.jar:/home/runner/.m2/repository/com/fasterxml/jackson/jaxrs/jackson-jaxrs-base/2.12.1/jackson-jaxrs-base-2.12.1.jar:/home/runner/.m2/repository/org/apache/hadoop/hadoop-yarn-client/3.2.2/hadoop-yarn-client-3.2.2.jar:/home/runner/.m2/repository/org/apache/hadoop/hadoop-mapreduce-client-core/3.2.2/hadoop-mapreduce-client-core-3.2.2.jar:/home/runner/.m2/repository/org/apache/avro/avro/1.7.7/avro-1.7.7.jar:/home/runner/.m2/repository/org/codehaus/jackson/jackson-core-asl/1.9.13/jackson-core-asl-1.9.13.jar:/home/runner/.m2/repository/org/codehaus/jackson/jackson-mapper-asl/1.9.13/jackson-mapper-asl-1.9.13.jar:/home/runner/.m2/repository/com/thoughtworks/paranamer/paranamer/2.3/paranamer-2.3.jar:/home/runner/.m2/repository/org/xerial/snappy/snappy-java/1.0.5/snappy-java-1.0.5.jar:/home/runner/.m2/repository/org/apache/hadoop/hadoop-annotations/3.2.2/hadoop-annotations-3.2.2.jar:/usr/lib/jvm/adoptopenjdk-8-hotspot-amd64/jre/../lib/tools.jar:/home/runner/.m2/repository/org/apache/hadoop/hadoop-distcp/3.2.2/hadoop-distcp-3.2.2-tests.jar:"/>
    <property name="sun.cpu.endian" value="little"/>
    <property name="user.home" value="/home/runner"/>
    <property name="user.language" value="en"/>
    <property name="java.specification.vendor" value="Oracle Corporation"/>
    <property name="java.home" value="/usr/lib/jvm/adoptopenjdk-8-hotspot-amd64/jre"/>
    <property name="java.security.krb5.conf" value="/home/runner/work/ozone/ozone/mnt/ozone/hadoop-ozone/integration-test/target/test-classes/krb5.conf"/>
    <property name="basedir" value="/home/runner/work/ozone/ozone/mnt/ozone/hadoop-ozone/integration-test"/>
    <property name="file.separator" value="/"/>
    <property name="line.separator" value="&#10;"/>
    <property name="java.vm.specification.vendor" value="Oracle Corporation"/>
    <property name="java.specification.name" value="Java Platform API Specification"/>
    <property name="java.awt.graphicsenv" value="sun.awt.X11GraphicsEnvironment"/>
    <property name="skip.installnpx" value="true"/>
    <property name="surefire.real.class.path" value="/home/runner/work/ozone/ozone/mnt/ozone/hadoop-ozone/integration-test/target/surefire/surefirebooter5315482025944998628.jar:/home/runner/.m2/repository/org/jacoco/org.jacoco.agent/0.8.5/org.jacoco.agent-0.8.5-runtime.jar"/>
    <property name="hadoop.log.dir" value="/home/runner/work/ozone/ozone/mnt/ozone/hadoop-ozone/integration-test/target/log"/>
    <property name="sun.boot.class.path" value="/usr/lib/jvm/adoptopenjdk-8-hotspot-amd64/jre/lib/resources.jar:/usr/lib/jvm/adoptopenjdk-8-hotspot-amd64/jre/lib/rt.jar:/usr/lib/jvm/adoptopenjdk-8-hotspot-amd64/jre/lib/sunrsasign.jar:/usr/lib/jvm/adoptopenjdk-8-hotspot-amd64/jre/lib/jsse.jar:/usr/lib/jvm/adoptopenjdk-8-hotspot-amd64/jre/lib/jce.jar:/usr/lib/jvm/adoptopenjdk-8-hotspot-amd64/jre/lib/charsets.jar:/usr/lib/jvm/adoptopenjdk-8-hotspot-amd64/jre/lib/jfr.jar:/usr/lib/jvm/adoptopenjdk-8-hotspot-amd64/jre/classes"/>
    <property name="sun.management.compiler" value="HotSpot 64-Bit Tiered Compilers"/>
    <property name="skip.npx" value="true"/>
    <property name="java.runtime.version" value="1.8.0_292-b10"/>
    <property name="java.net.preferIPv4Stack" value="true"/>
    <property name="user.name" value="runner"/>
    <property name="path.separator" value=":"/>
    <property name="java.security.egd" value="file:///dev/urandom"/>
    <property name="os.version" value="5.4.0-1051-azure"/>
    <property name="java.endorsed.dirs" value="/usr/lib/jvm/adoptopenjdk-8-hotspot-amd64/jre/lib/endorsed"/>
    <property name="java.runtime.name" value="OpenJDK Runtime Environment"/>
    <property name="file.encoding" value="UTF-8"/>
    <property name="java.vm.name" value="OpenJDK 64-Bit Server VM"/>
    <property name="test.build.webapps" value=""/>
    <property name="localRepository" value="/home/runner/.m2/repository"/>
    <property name="java.vendor.url.bug" value="https://github.com/AdoptOpenJDK/openjdk-support/issues"/>
    <property name="java.io.tmpdir" value="/tmp"/>
    <property name="require.test.libhadoop" value=""/>
    <property name="java.version" value="1.8.0_292"/>
    <property name="user.dir" value="/home/runner/work/ozone/ozone/mnt/ozone/hadoop-ozone/integration-test"/>
    <property name="os.arch" value="amd64"/>
    <property name="java.vm.specification.name" value="Java Virtual Machine Specification"/>
    <property name="test.build.classes" value="/home/runner/work/ozone/ozone/mnt/ozone/hadoop-ozone/integration-test/target/test-classes"/>
    <property name="java.awt.printerjob" value="sun.print.PSPrinterJob"/>
    <property name="sun.os.patch.level" value="unknown"/>
    <property name="hadoop.tmp.dir" value="/home/runner/work/ozone/ozone/mnt/ozone/hadoop-ozone/integration-test/target/tmp"/>
    <property name="java.library.path" value="/usr/java/packages/lib/amd64:/usr/lib64:/lib64:/lib:/usr/lib"/>
    <property name="java.vm.info" value="mixed mode"/>
    <property name="java.vendor" value="AdoptOpenJDK"/>
    <property name="java.vm.version" value="25.292-b10"/>
    <property name="java.ext.dirs" value="/usr/lib/jvm/adoptopenjdk-8-hotspot-amd64/jre/lib/ext:/usr/java/packages/lib/ext"/>
    <property name="sun.io.unicode.encoding" value="UnicodeLittle"/>
    <property name="java.class.version" value="52.0"/>
  </properties>
  <testcase name="testInstallSnapshot" classname="org.apache.hadoop.ozone.scm.TestSCMInstallSnapshotWithHA" time="63.247"/>
  <testcase name="testInstallOldCheckpointFailure" classname="org.apache.hadoop.ozone.scm.TestSCMInstallSnapshotWithHA" time="43.367">
    <error type="java.lang.IllegalThreadStateException">java.lang.IllegalThreadStateException
	at java.lang.Thread.start(Thread.java:708)
	at org.apache.hadoop.ipc.Server.start(Server.java:3385)
	at org.apache.hadoop.hdds.scm.server.SCMDatanodeProtocolServer.start(SCMDatanodeProtocolServer.java:181)
	at org.apache.hadoop.hdds.scm.ha.SCMStateMachine.notifyTermIndexUpdated(SCMStateMachine.java:333)
	at org.apache.hadoop.ozone.scm.TestSCMInstallSnapshotWithHA.testInstallOldCheckpointFailure(TestSCMInstallSnapshotWithHA.java:177)
	at sun.reflect.NativeMethodAccessorImpl.invoke0(Native Method)
	at sun.reflect.NativeMethodAccessorImpl.invoke(NativeMethodAccessorImpl.java:62)
	at sun.reflect.DelegatingMethodAccessorImpl.invoke(DelegatingMethodAccessorImpl.java:43)
	at java.lang.reflect.Method.invoke(Method.java:498)
	at org.junit.platform.commons.util.ReflectionUtils.invokeMethod(ReflectionUtils.java:688)
	at org.junit.jupiter.engine.execution.MethodInvocation.proceed(MethodInvocation.java:60)
	at org.junit.jupiter.engine.execution.InvocationInterceptorChain$ValidatingInvocation.proceed(InvocationInterceptorChain.java:131)
	at org.junit.jupiter.engine.extension.TimeoutInvocation.proceed(TimeoutInvocation.java:46)
	at org.junit.jupiter.engine.extension.TimeoutExtension.intercept(TimeoutExtension.java:149)
	at org.junit.jupiter.engine.extension.TimeoutExtension.interceptTestableMethod(TimeoutExtension.java:140)
	at org.junit.jupiter.engine.extension.TimeoutExtension.interceptTestMethod(TimeoutExtension.java:84)
	at org.junit.jupiter.engine.execution.ExecutableInvoker$ReflectiveInterceptorCall.lambda$ofVoidMethod$0(ExecutableInvoker.java:115)
	at org.junit.jupiter.engine.execution.ExecutableInvoker.lambda$invoke$0(ExecutableInvoker.java:105)
	at org.junit.jupiter.engine.execution.InvocationInterceptorChain$InterceptedInvocation.proceed(InvocationInterceptorChain.java:106)
	at org.junit.jupiter.engine.execution.InvocationInterceptorChain.proceed(InvocationInterceptorChain.java:64)
	at org.junit.jupiter.engine.execution.InvocationInterceptorChain.chainAndInvoke(InvocationInterceptorChain.java:45)
	at org.junit.jupiter.engine.execution.InvocationInterceptorChain.invoke(InvocationInterceptorChain.java:37)
	at org.junit.jupiter.engine.execution.ExecutableInvoker.invoke(ExecutableInvoker.java:104)
	at org.junit.jupiter.engine.execution.ExecutableInvoker.invoke(ExecutableInvoker.java:98)
	at org.junit.jupiter.engine.descriptor.TestMethodTestDescriptor.lambda$invokeTestMethod$6(TestMethodTestDescriptor.java:210)
	at org.junit.platform.engine.support.hierarchical.ThrowableCollector.execute(ThrowableCollector.java:73)
	at org.junit.jupiter.engine.descriptor.TestMethodTestDescriptor.invokeTestMethod(TestMethodTestDescriptor.java:206)
	at org.junit.jupiter.engine.descriptor.TestMethodTestDescriptor.execute(TestMethodTestDescriptor.java:131)
	at org.junit.jupiter.engine.descriptor.TestMethodTestDescriptor.execute(TestMethodTestDescriptor.java:65)
	at org.junit.platform.engine.support.hierarchical.NodeTestTask.lambda$executeRecursively$5(NodeTestTask.java:139)
	at org.junit.platform.engine.support.hierarchical.ThrowableCollector.execute(ThrowableCollector.java:73)
	at org.junit.platform.engine.support.hierarchical.NodeTestTask.lambda$executeRecursively$7(NodeTestTask.java:129)
	at org.junit.platform.engine.support.hierarchical.Node.around(Node.java:137)
	at org.junit.platform.engine.support.hierarchical.NodeTestTask.lambda$executeRecursively$8(NodeTestTask.java:127)
	at org.junit.platform.engine.support.hierarchical.ThrowableCollector.execute(ThrowableCollector.java:73)
	at org.junit.platform.engine.support.hierarchical.NodeTestTask.executeRecursively(NodeTestTask.java:126)
	at org.junit.platform.engine.support.hierarchical.NodeTestTask.execute(NodeTestTask.java:84)
	at java.util.ArrayList.forEach(ArrayList.java:1259)
	at org.junit.platform.engine.support.hierarchical.SameThreadHierarchicalTestExecutorService.invokeAll(SameThreadHierarchicalTestExecutorService.java:38)
	at org.junit.platform.engine.support.hierarchical.NodeTestTask.lambda$executeRecursively$5(NodeTestTask.java:143)
	at org.junit.platform.engine.support.hierarchical.ThrowableCollector.execute(ThrowableCollector.java:73)
	at org.junit.platform.engine.support.hierarchical.NodeTestTask.lambda$executeRecursively$7(NodeTestTask.java:129)
	at org.junit.platform.engine.support.hierarchical.Node.around(Node.java:137)
	at org.junit.platform.engine.support.hierarchical.NodeTestTask.lambda$executeRecursively$8(NodeTestTask.java:127)
	at org.junit.platform.engine.support.hierarchical.ThrowableCollector.execute(ThrowableCollector.java:73)
	at org.junit.platform.engine.support.hierarchical.NodeTestTask.executeRecursively(NodeTestTask.java:126)
	at org.junit.platform.engine.support.hierarchical.NodeTestTask.execute(NodeTestTask.java:84)
	at java.util.ArrayList.forEach(ArrayList.java:1259)
	at org.junit.platform.engine.support.hierarchical.SameThreadHierarchicalTestExecutorService.invokeAll(SameThreadHierarchicalTestExecutorService.java:38)
	at org.junit.platform.engine.support.hierarchical.NodeTestTask.lambda$executeRecursively$5(NodeTestTask.java:143)
	at org.junit.platform.engine.support.hierarchical.ThrowableCollector.execute(ThrowableCollector.java:73)
	at org.junit.platform.engine.support.hierarchical.NodeTestTask.lambda$executeRecursively$7(NodeTestTask.java:129)
	at org.junit.platform.engine.support.hierarchical.Node.around(Node.java:137)
	at org.junit.platform.engine.support.hierarchical.NodeTestTask.lambda$executeRecursively$8(NodeTestTask.java:127)
	at org.junit.platform.engine.support.hierarchical.ThrowableCollector.execute(ThrowableCollector.java:73)
	at org.junit.platform.engine.support.hierarchical.NodeTestTask.executeRecursively(NodeTestTask.java:126)
	at org.junit.platform.engine.support.hierarchical.NodeTestTask.execute(NodeTestTask.java:84)
	at org.junit.platform.engine.support.hierarchical.SameThreadHierarchicalTestExecutorService.submit(SameThreadHierarchicalTestExecutorService.java:32)
	at org.junit.platform.engine.support.hierarchical.HierarchicalTestExecutor.execute(HierarchicalTestExecutor.java:57)
	at org.junit.platform.engine.support.hierarchical.HierarchicalTestEngine.execute(HierarchicalTestEngine.java:51)
	at org.junit.platform.launcher.core.EngineExecutionOrchestrator.execute(EngineExecutionOrchestrator.java:108)
	at org.junit.platform.launcher.core.EngineExecutionOrchestrator.execute(EngineExecutionOrchestrator.java:88)
	at org.junit.platform.launcher.core.EngineExecutionOrchestrator.lambda$execute$0(EngineExecutionOrchestrator.java:54)
	at org.junit.platform.launcher.core.EngineExecutionOrchestrator.withInterceptedStreams(EngineExecutionOrchestrator.java:67)
	at org.junit.platform.launcher.core.EngineExecutionOrchestrator.execute(EngineExecutionOrchestrator.java:52)
	at org.junit.platform.launcher.core.DefaultLauncher.execute(DefaultLauncher.java:96)
	at org.junit.platform.launcher.core.DefaultLauncher.execute(DefaultLauncher.java:75)
	at org.apache.maven.surefire.junitplatform.JUnitPlatformProvider.invokeAllTests(JUnitPlatformProvider.java:142)
	at org.apache.maven.surefire.junitplatform.JUnitPlatformProvider.invoke(JUnitPlatformProvider.java:113)
	at org.apache.maven.surefire.booter.ForkedBooter.invokeProviderInSameClassLoader(ForkedBooter.java:384)
	at org.apache.maven.surefire.booter.ForkedBooter.runSuitesInProcess(ForkedBooter.java:345)
	at org.apache.maven.surefire.booter.ForkedBooter.execute(ForkedBooter.java:126)
	at org.apache.maven.surefire.booter.ForkedBooter.main(ForkedBooter.java:418)
</error>
    <system-out><![CDATA[2021-07-06 17:09:16,680 [Listener at 127.0.0.1/13528] WARN  server.ServerUtils (ServerUtils.java:getScmDbDir(148)) - ozone.scm.db.dirs is not configured. We recommend adding this setting. Falling back to ozone.metadata.dirs instead.
2021-07-06 17:09:16,680 [Listener at 127.0.0.1/13528] INFO  ha.SCMHANodeDetails (SCMHANodeDetails.java:loadSCMHAConfig(157)) - ServiceID for StorageContainerManager is scm-service-test1
2021-07-06 17:09:16,680 [Listener at 127.0.0.1/13528] INFO  ha.SCMHANodeDetails (SCMHANodeDetails.java:loadSCMHAConfig(168)) - ServiceID for StorageContainerManager is scm-service-test1
2021-07-06 17:09:16,681 [Listener at 127.0.0.1/13528] WARN  scm.ScmUtils (ScmUtils.java:logWarn(179)) - ConfigKey ozone.scm.block.client.address is deprecated, For configuring different ports for each SCM use PortConfigKey ozone.scm.block.client.port appended with serviceId and nodeId. If want to configure same port configure ozone.scm.block.client.port
2021-07-06 17:09:16,681 [Listener at 127.0.0.1/13528] WARN  scm.ScmUtils (ScmUtils.java:logWarn(179)) - ConfigKey ozone.scm.client.address is deprecated, For configuring different ports for each SCM use PortConfigKey ozone.scm.client.port appended with serviceId and nodeId. If want to configure same port configure ozone.scm.client.port
2021-07-06 17:09:16,681 [Listener at 127.0.0.1/13528] WARN  scm.ScmUtils (ScmUtils.java:logWarn(179)) - ConfigKey ozone.scm.datanode.address is deprecated, For configuring different ports for each SCM use PortConfigKey ozone.scm.datanode.port appended with serviceId and nodeId. If want to configure same port configure ozone.scm.datanode.port
2021-07-06 17:09:16,681 [Listener at 127.0.0.1/13528] WARN  scm.ScmUtils (ScmUtils.java:logWarn(179)) - ConfigKey ozone.scm.block.client.address is deprecated, For configuring different ports for each SCM use PortConfigKey ozone.scm.block.client.port appended with serviceId and nodeId. If want to configure same port configure ozone.scm.block.client.port
2021-07-06 17:09:16,681 [Listener at 127.0.0.1/13528] WARN  scm.ScmUtils (ScmUtils.java:logWarn(179)) - ConfigKey ozone.scm.client.address is deprecated, For configuring different ports for each SCM use PortConfigKey ozone.scm.client.port appended with serviceId and nodeId. If want to configure same port configure ozone.scm.client.port
2021-07-06 17:09:16,681 [Listener at 127.0.0.1/13528] WARN  scm.ScmUtils (ScmUtils.java:logWarn(179)) - ConfigKey ozone.scm.datanode.address is deprecated, For configuring different ports for each SCM use PortConfigKey ozone.scm.datanode.port appended with serviceId and nodeId. If want to configure same port configure ozone.scm.datanode.port
2021-07-06 17:09:16,682 [Listener at 127.0.0.1/13528] INFO  ha.SCMHANodeDetails (SCMHANodeDetails.java:loadSCMHAConfig(250)) - Found matching SCM address with SCMServiceId: scm-service-test1, SCMNodeId: scmNode-1, RPC Address: localhost:15272 and Ratis port: 15272
2021-07-06 17:09:16,682 [Listener at 127.0.0.1/13528] INFO  ha.SCMHANodeDetails (ConfUtils.java:setNodeSpecificConfigs(108)) - Setting configuration key ozone.scm.datanode.address with value of key ozone.scm.datanode.address.scm-service-test1.scmNode-1: 127.0.0.1:15273
2021-07-06 17:09:16,682 [Listener at 127.0.0.1/13528] INFO  ha.SCMHANodeDetails (ConfUtils.java:setNodeSpecificConfigs(108)) - Setting configuration key ozone.scm.block.client.address with value of key ozone.scm.block.client.address.scm-service-test1.scmNode-1: 127.0.0.1:15274
2021-07-06 17:09:16,682 [Listener at 127.0.0.1/13528] INFO  ha.SCMHANodeDetails (ConfUtils.java:setNodeSpecificConfigs(108)) - Setting configuration key ozone.scm.client.address with value of key ozone.scm.client.address.scm-service-test1.scmNode-1: 127.0.0.1:15275
2021-07-06 17:09:16,682 [Listener at 127.0.0.1/13528] INFO  ha.SCMHANodeDetails (ConfUtils.java:setNodeSpecificConfigs(108)) - Setting configuration key ozone.scm.ratis.port with value of key ozone.scm.ratis.port.scm-service-test1.scmNode-1: 15272
2021-07-06 17:09:16,682 [Listener at 127.0.0.1/13528] INFO  ha.SCMHANodeDetails (ConfUtils.java:setNodeSpecificConfigs(108)) - Setting configuration key ozone.scm.grpc.port with value of key ozone.scm.grpc.port.scm-service-test1.scmNode-1: 15276
2021-07-06 17:09:16,682 [Listener at 127.0.0.1/13528] INFO  ha.SCMHANodeDetails (ConfUtils.java:setNodeSpecificConfigs(108)) - Setting configuration key ozone.scm.http-address with value of key ozone.scm.http-address.scm-service-test1.scmNode-1: 127.0.0.1:15270
2021-07-06 17:09:16,682 [Listener at 127.0.0.1/13528] INFO  ha.SCMHANodeDetails (ConfUtils.java:setNodeSpecificConfigs(108)) - Setting configuration key ozone.scm.https-address with value of key ozone.scm.https-address.scm-service-test1.scmNode-1: 127.0.0.1:15271
2021-07-06 17:09:16,683 [Listener at 127.0.0.1/13528] INFO  ha.SCMHANodeDetails (ConfUtils.java:setNodeSpecificConfigs(108)) - Setting configuration key ozone.scm.address with value of key ozone.scm.address.scm-service-test1.scmNode-1: 127.0.0.1
2021-07-06 17:09:16,683 [Listener at 127.0.0.1/13528] WARN  scm.ScmUtils (ScmUtils.java:logWarn(179)) - ConfigKey ozone.scm.block.client.address is deprecated, For configuring different ports for each SCM use PortConfigKey ozone.scm.block.client.port appended with serviceId and nodeId. If want to configure same port configure ozone.scm.block.client.port
2021-07-06 17:09:16,683 [Listener at 127.0.0.1/13528] WARN  scm.ScmUtils (ScmUtils.java:logWarn(179)) - ConfigKey ozone.scm.client.address is deprecated, For configuring different ports for each SCM use PortConfigKey ozone.scm.client.port appended with serviceId and nodeId. If want to configure same port configure ozone.scm.client.port
2021-07-06 17:09:16,683 [Listener at 127.0.0.1/13528] WARN  scm.ScmUtils (ScmUtils.java:logWarn(179)) - ConfigKey ozone.scm.datanode.address is deprecated, For configuring different ports for each SCM use PortConfigKey ozone.scm.datanode.port appended with serviceId and nodeId. If want to configure same port configure ozone.scm.datanode.port
2021-07-06 17:09:16,685 [Listener at 127.0.0.1/13528] INFO  server.RaftServer (ConfUtils.java:logGet(44)) - raft.rpc.type = GRPC (default)
2021-07-06 17:09:16,685 [Listener at 127.0.0.1/13528] INFO  grpc.GrpcFactory (GrpcFactory.java:checkPooledByteBufAllocatorUseCacheForAllThreads(48)) - PERFORMANCE WARNING: useCacheForAllThreads is true that may cause Netty to create a lot garbage objects and, as a result, trigger GC.
	It is recommended to disable useCacheForAllThreads by setting -Dorg.apache.ratis.thirdparty.io.netty.allocator.useCacheForAllThreads=false in command line.
2021-07-06 17:09:16,685 [Listener at 127.0.0.1/13528] INFO  grpc.GrpcConfigKeys (ConfUtils.java:logGet(44)) - raft.grpc.admin.port = -1 (default)
2021-07-06 17:09:16,686 [Listener at 127.0.0.1/13528] INFO  grpc.GrpcConfigKeys (ConfUtils.java:logGet(44)) - raft.grpc.server.port = 15272 (custom)
2021-07-06 17:09:16,686 [Listener at 127.0.0.1/13528] INFO  grpc.GrpcConfigKeys (ConfUtils.java:logGet(44)) - raft.grpc.client.port = -1 (default)
2021-07-06 17:09:16,686 [Listener at 127.0.0.1/13528] INFO  grpc.GrpcConfigKeys (ConfUtils.java:logGet(44)) - raft.grpc.server.port = 15272 (custom)
2021-07-06 17:09:16,686 [Listener at 127.0.0.1/13528] INFO  grpc.GrpcConfigKeys (ConfUtils.java:logGet(44)) - raft.grpc.server.port = 15272 (custom)
2021-07-06 17:09:16,686 [Listener at 127.0.0.1/13528] INFO  server.GrpcService (ConfUtils.java:logGet(44)) - raft.grpc.message.size.max = 32m (=33554432) (custom)
2021-07-06 17:09:16,686 [Listener at 127.0.0.1/13528] INFO  server.RaftServerConfigKeys (ConfUtils.java:logGet(44)) - raft.server.log.appender.buffer.byte-limit = 33554432 (custom)
2021-07-06 17:09:16,686 [Listener at 127.0.0.1/13528] INFO  server.GrpcService (ConfUtils.java:logGet(44)) - raft.grpc.flow.control.window = 1MB (=1048576) (default)
2021-07-06 17:09:16,686 [Listener at 127.0.0.1/13528] INFO  server.RaftServerConfigKeys (ConfUtils.java:logGet(44)) - raft.server.rpc.request.timeout = 30000ms (custom)
2021-07-06 17:09:16,687 [Listener at 127.0.0.1/13528] INFO  impl.DataStreamServerImpl (ConfUtils.java:logGet(44)) - raft.datastream.type = DISABLED (default)
2021-07-06 17:09:16,688 [Listener at 127.0.0.1/13528] INFO  server.RaftServerConfigKeys (ConfUtils.java:logGet(44)) - raft.server.rpc.slowness.timeout = 120000ms (custom)
2021-07-06 17:09:16,688 [Listener at 127.0.0.1/13528] INFO  server.RaftServerConfigKeys (ConfUtils.java:logGet(44)) - raft.server.leaderelection.leader.step-down.wait-time = 10s (default)
2021-07-06 17:09:16,688 [Listener at 127.0.0.1/13528] INFO  server.RaftServerConfigKeys (ConfUtils.java:logGet(44)) - raft.server.storage.dir = [/home/runner/work/ozone/ozone/mnt/ozone/hadoop-ozone/integration-test/target/test-dir/MiniOzoneClusterImpl-f74e07ef-a4e5-4994-bf82-498fd787e76a/scmNode-1/scm-ha] (custom)
2021-07-06 17:09:16,688 [Listener at 127.0.0.1/13528] INFO  server.RaftServer (RaftServerProxy.java:addNew(95)) - 48f00b5a-c605-41fe-901b-b25c0b7536a6: addNew group-498FD787E76A:[48f00b5a-c605-41fe-901b-b25c0b7536a6|rpc:localhost:15272|priority:0] returns group-498FD787E76A:java.util.concurrent.CompletableFuture@114ef80a[Not completed]
2021-07-06 17:09:16,688 [pool-164-thread-1] INFO  server.RaftServer$Division (RaftServerImpl.java:<init>(180)) - 48f00b5a-c605-41fe-901b-b25c0b7536a6: new RaftServerImpl for group-498FD787E76A:[48f00b5a-c605-41fe-901b-b25c0b7536a6|rpc:localhost:15272|priority:0] with SCMStateMachine:uninitialized
2021-07-06 17:09:16,689 [pool-164-thread-1] INFO  server.RaftServerConfigKeys (ConfUtils.java:logGet(44)) - raft.server.rpc.timeout.min = 5000ms (custom)
2021-07-06 17:09:16,689 [pool-164-thread-1] INFO  server.RaftServerConfigKeys (ConfUtils.java:logGet(44)) - raft.server.rpc.timeout.max = 5200ms (custom)
2021-07-06 17:09:16,689 [pool-164-thread-1] INFO  server.RaftServerConfigKeys (ConfUtils.java:logGet(44)) - raft.server.rpc.sleep.time = 25ms (default)
2021-07-06 17:09:16,689 [pool-164-thread-1] INFO  server.RaftServerConfigKeys (ConfUtils.java:logGet(44)) - raft.server.rpc.slowness.timeout = 120000ms (custom)
2021-07-06 17:09:16,689 [pool-164-thread-1] INFO  server.RaftServerConfigKeys (ConfUtils.java:logGet(44)) - raft.server.leaderelection.leader.step-down.wait-time = 10s (default)
2021-07-06 17:09:16,689 [pool-164-thread-1] INFO  server.RaftServerConfigKeys (ConfUtils.java:logGet(44)) - raft.server.sleep.deviation.threshold = 300ms (default)
2021-07-06 17:09:16,689 [pool-164-thread-1] INFO  server.RaftServerConfigKeys (ConfUtils.java:logGet(44)) - raft.server.log.appender.install.snapshot.enabled = false (custom)
2021-07-06 17:09:16,689 [pool-164-thread-1] INFO  server.RaftServer$Division (ServerState.java:<init>(105)) - 48f00b5a-c605-41fe-901b-b25c0b7536a6@group-498FD787E76A: ConfigurationManager, init=-1: [48f00b5a-c605-41fe-901b-b25c0b7536a6|rpc:localhost:15272|priority:0], old=null, confs=<EMPTY_MAP>
2021-07-06 17:09:16,689 [pool-164-thread-1] INFO  server.RaftServerConfigKeys (ConfUtils.java:logGet(44)) - raft.server.storage.dir = [/home/runner/work/ozone/ozone/mnt/ozone/hadoop-ozone/integration-test/target/test-dir/MiniOzoneClusterImpl-f74e07ef-a4e5-4994-bf82-498fd787e76a/scmNode-1/scm-ha] (custom)
2021-07-06 17:09:16,689 [pool-164-thread-1] INFO  server.RaftServerConfigKeys (ConfUtils.java:logGet(44)) - raft.server.log.corruption.policy = EXCEPTION (default)
2021-07-06 17:09:16,690 [pool-164-thread-1] INFO  storage.RaftStorageDirectory (RaftStorageDirectoryImpl.java:analyzeStorage(132)) - The storage directory /home/runner/work/ozone/ozone/mnt/ozone/hadoop-ozone/integration-test/target/test-dir/MiniOzoneClusterImpl-f74e07ef-a4e5-4994-bf82-498fd787e76a/scmNode-1/scm-ha/f74e07ef-a4e5-4994-bf82-498fd787e76a does not exist. Creating ...
2021-07-06 17:09:16,691 [pool-164-thread-1] INFO  storage.RaftStorageDirectory (RaftStorageDirectoryImpl.java:tryLock(215)) - Lock on /home/runner/work/ozone/ozone/mnt/ozone/hadoop-ozone/integration-test/target/test-dir/MiniOzoneClusterImpl-f74e07ef-a4e5-4994-bf82-498fd787e76a/scmNode-1/scm-ha/f74e07ef-a4e5-4994-bf82-498fd787e76a/in_use.lock acquired by nodename 28362@fv-az50-207
2021-07-06 17:09:16,692 [pool-164-thread-1] INFO  storage.RaftStorage (RaftStorageImpl.java:format(87)) - Storage directory /home/runner/work/ozone/ozone/mnt/ozone/hadoop-ozone/integration-test/target/test-dir/MiniOzoneClusterImpl-f74e07ef-a4e5-4994-bf82-498fd787e76a/scmNode-1/scm-ha/f74e07ef-a4e5-4994-bf82-498fd787e76a has been successfully formatted.
2021-07-06 17:09:16,692 [pool-164-thread-1] INFO  server.RaftServerConfigKeys (ConfUtils.java:logGet(44)) - raft.server.notification.no-leader.timeout = 60s (default)
2021-07-06 17:09:16,692 [pool-164-thread-1] INFO  server.RaftServerConfigKeys (ConfUtils.java:logGet(44)) - raft.server.log.use.memory = false (default)
2021-07-06 17:09:16,692 [pool-164-thread-1] INFO  server.RaftServerConfigKeys (ConfUtils.java:logGet(44)) - raft.server.log.purge.gap = 5 (custom)
2021-07-06 17:09:16,692 [pool-164-thread-1] INFO  server.RaftServerConfigKeys (ConfUtils.java:logGet(44)) - raft.server.log.appender.buffer.byte-limit = 33554432 (custom)
2021-07-06 17:09:16,692 [pool-164-thread-1] INFO  metrics.RatisMetrics (RatisMetrics.java:lambda$create$0(36)) - Creating Metrics Registry : ratis.log_worker.48f00b5a-c605-41fe-901b-b25c0b7536a6@group-498FD787E76A
2021-07-06 17:09:16,692 [pool-164-thread-1] INFO  server.RaftServerConfigKeys (ConfUtils.java:logGet(44)) - raft.server.log.segment.size.max = 16384 (custom)
2021-07-06 17:09:16,692 [pool-164-thread-1] INFO  server.RaftServerConfigKeys (ConfUtils.java:logGet(44)) - raft.server.log.segment.cache.num.max = 2 (custom)
2021-07-06 17:09:16,693 [pool-164-thread-1] INFO  server.RaftServerConfigKeys (ConfUtils.java:logGet(44)) - raft.server.log.segment.cache.size.max = 200MB (=209715200) (default)
2021-07-06 17:09:16,693 [pool-164-thread-1] INFO  segmented.SegmentedRaftLogWorker (SegmentedRaftLogWorker.java:<init>(182)) - new 48f00b5a-c605-41fe-901b-b25c0b7536a6@group-498FD787E76A-SegmentedRaftLogWorker for RaftStorageImpl:Storage Directory /home/runner/work/ozone/ozone/mnt/ozone/hadoop-ozone/integration-test/target/test-dir/MiniOzoneClusterImpl-f74e07ef-a4e5-4994-bf82-498fd787e76a/scmNode-1/scm-ha/f74e07ef-a4e5-4994-bf82-498fd787e76a
2021-07-06 17:09:16,693 [pool-164-thread-1] INFO  server.RaftServerConfigKeys (ConfUtils.java:logGet(44)) - raft.server.log.queue.byte-limit = 64MB (=67108864) (default)
2021-07-06 17:09:16,693 [pool-164-thread-1] INFO  server.RaftServerConfigKeys (ConfUtils.java:logGet(44)) - raft.server.log.queue.element-limit = 4096 (default)
2021-07-06 17:09:16,693 [pool-164-thread-1] INFO  server.RaftServerConfigKeys (ConfUtils.java:logGet(44)) - raft.server.log.segment.size.max = 16384 (custom)
2021-07-06 17:09:16,693 [pool-164-thread-1] INFO  server.RaftServerConfigKeys (ConfUtils.java:logGet(44)) - raft.server.log.preallocated.size = 16384 (custom)
2021-07-06 17:09:16,693 [pool-164-thread-1] INFO  server.RaftServerConfigKeys (ConfUtils.java:logGet(44)) - raft.server.log.force.sync.num = 128 (default)
2021-07-06 17:09:16,693 [pool-164-thread-1] INFO  server.RaftServerConfigKeys (ConfUtils.java:logGet(44)) - raft.server.log.statemachine.data.sync = true (default)
2021-07-06 17:09:16,693 [pool-164-thread-1] INFO  server.RaftServerConfigKeys (ConfUtils.java:logGet(44)) - raft.server.log.statemachine.data.sync.timeout = 10s (default)
2021-07-06 17:09:16,693 [pool-164-thread-1] INFO  server.RaftServerConfigKeys (ConfUtils.java:logGet(44)) - raft.server.log.statemachine.data.sync.timeout.retry = -1 (default)
2021-07-06 17:09:16,693 [pool-164-thread-1] INFO  server.RaftServerConfigKeys (ConfUtils.java:logGet(44)) - raft.server.log.write.buffer.size = 64KB (=65536) (default)
2021-07-06 17:09:16,694 [pool-164-thread-1] INFO  server.RaftServerConfigKeys (ConfUtils.java:logGet(44)) - raft.server.log.statemachine.data.caching.enabled = false (default)
2021-07-06 17:09:16,694 [pool-164-thread-1] INFO  segmented.SegmentedRaftLogWorker (SegmentedRaftLogWorker.java:lambda$new$0(133)) - 48f00b5a-c605-41fe-901b-b25c0b7536a6@group-498FD787E76A-SegmentedRaftLogWorker: flushIndex: setUnconditionally 0 -> -1
2021-07-06 17:09:16,694 [pool-164-thread-1] INFO  segmented.SegmentedRaftLogWorker (SegmentedRaftLogWorker.java:lambda$new$0(133)) - 48f00b5a-c605-41fe-901b-b25c0b7536a6@group-498FD787E76A-SegmentedRaftLogWorker: safeCacheEvictIndex: setUnconditionally 0 -> -1
2021-07-06 17:09:16,694 [pool-164-thread-1] INFO  server.RaftServerConfigKeys (ConfUtils.java:logGet(44)) - raft.server.snapshot.auto.trigger.enabled = true (custom)
2021-07-06 17:09:16,694 [pool-164-thread-1] INFO  server.RaftServerConfigKeys (ConfUtils.java:logGet(44)) - raft.server.snapshot.auto.trigger.threshold = 5 (custom)
2021-07-06 17:09:16,694 [pool-164-thread-1] INFO  server.RaftServerConfigKeys (ConfUtils.java:logGet(44)) - raft.server.snapshot.retention.file.num = -1 (default)
2021-07-06 17:09:16,694 [pool-164-thread-1] INFO  server.RaftServerConfigKeys (ConfUtils.java:logGet(44)) - raft.server.log.purge.upto.snapshot.index = true (custom)
2021-07-06 17:09:16,694 [pool-164-thread-1] INFO  server.RaftServerConfigKeys (ConfUtils.java:logGet(44)) - raft.server.retrycache.expirytime = 60000ms (default)
2021-07-06 17:09:16,694 [pool-164-thread-1] INFO  server.RaftServerConfigKeys (ConfUtils.java:logGet(44)) - raft.server.retrycache.statistics.expirytime = 100μs (default)
2021-07-06 17:09:16,694 [pool-164-thread-1] INFO  metrics.RatisMetrics (RatisMetrics.java:lambda$create$0(36)) - Creating Metrics Registry : ratis.leader_election.48f00b5a-c605-41fe-901b-b25c0b7536a6@group-498FD787E76A
2021-07-06 17:09:16,694 [pool-164-thread-1] INFO  metrics.RatisMetrics (RatisMetrics.java:lambda$create$0(36)) - Creating Metrics Registry : ratis.server.48f00b5a-c605-41fe-901b-b25c0b7536a6@group-498FD787E76A
2021-07-06 17:09:16,695 [Listener at 127.0.0.1/13528] INFO  server.RaftServer$Division (RaftServerImpl.java:start(295)) - 48f00b5a-c605-41fe-901b-b25c0b7536a6@group-498FD787E76A: start as a follower, conf=-1: [48f00b5a-c605-41fe-901b-b25c0b7536a6|rpc:localhost:15272|priority:0], old=null
2021-07-06 17:09:16,695 [Listener at 127.0.0.1/13528] INFO  server.RaftServer$Division (RaftServerImpl.java:setRole(284)) - 48f00b5a-c605-41fe-901b-b25c0b7536a6@group-498FD787E76A: changes role from      null to FOLLOWER at term 0 for startAsFollower
2021-07-06 17:09:16,695 [Listener at 127.0.0.1/13528] INFO  impl.RoleInfo (RoleInfo.java:updateAndGet(130)) - 48f00b5a-c605-41fe-901b-b25c0b7536a6: start 48f00b5a-c605-41fe-901b-b25c0b7536a6@group-498FD787E76A-FollowerState
2021-07-06 17:09:16,695 [Listener at 127.0.0.1/13528] INFO  util.JmxRegister (JmxRegister.java:tryRegister(44)) - Successfully registered JMX Bean with object name Ratis:service=RaftServer,group=group-498FD787E76A,id=48f00b5a-c605-41fe-901b-b25c0b7536a6
2021-07-06 17:09:16,695 [Listener at 127.0.0.1/13528] INFO  metrics.RatisMetrics (RatisMetrics.java:lambda$create$0(36)) - Creating Metrics Registry : ratis.state_machine.48f00b5a-c605-41fe-901b-b25c0b7536a6@group-498FD787E76A
2021-07-06 17:09:16,697 [Listener at 127.0.0.1/13528] INFO  server.RaftServer (RaftServerProxy.java:lambda$start$5(374)) - 48f00b5a-c605-41fe-901b-b25c0b7536a6: start RPC server
2021-07-06 17:09:16,698 [Listener at 127.0.0.1/13528] INFO  server.GrpcService (GrpcService.java:startImpl(253)) - 48f00b5a-c605-41fe-901b-b25c0b7536a6: GrpcService started, listening on 15272
2021-07-06 17:09:16,698 [org.apache.ratis.util.JvmPauseMonitor$$Lambda$493/488669101@8c29e75] INFO  util.JvmPauseMonitor (JvmPauseMonitor.java:run(103)) - JvmPauseMonitor-48f00b5a-c605-41fe-901b-b25c0b7536a6: Started
2021-07-06 17:09:17,472 [EndpointStateMachine task thread for /127.0.0.1:15677 - 0 ] INFO  ipc.Client (Client.java:handleConnectionFailure(966)) - Retrying connect to server: localhost/127.0.0.1:15677. Already tried 11 time(s); retry policy is RetryUpToMaximumCountWithFixedSleep(maxRetries=15, sleepTime=1000 MILLISECONDS)
2021-07-06 17:09:17,472 [EndpointStateMachine task thread for /127.0.0.1:15657 - 0 ] INFO  ipc.Client (Client.java:handleConnectionFailure(966)) - Retrying connect to server: localhost/127.0.0.1:15657. Already tried 11 time(s); retry policy is RetryUpToMaximumCountWithFixedSleep(maxRetries=15, sleepTime=1000 MILLISECONDS)
2021-07-06 17:09:17,473 [EndpointStateMachine task thread for /127.0.0.1:15667 - 0 ] INFO  ipc.Client (Client.java:handleConnectionFailure(966)) - Retrying connect to server: localhost/127.0.0.1:15667. Already tried 11 time(s); retry policy is RetryUpToMaximumCountWithFixedSleep(maxRetries=15, sleepTime=1000 MILLISECONDS)
2021-07-06 17:09:18,473 [EndpointStateMachine task thread for /127.0.0.1:15657 - 0 ] INFO  ipc.Client (Client.java:handleConnectionFailure(966)) - Retrying connect to server: localhost/127.0.0.1:15657. Already tried 12 time(s); retry policy is RetryUpToMaximumCountWithFixedSleep(maxRetries=15, sleepTime=1000 MILLISECONDS)
2021-07-06 17:09:18,474 [EndpointStateMachine task thread for /127.0.0.1:15677 - 0 ] INFO  ipc.Client (Client.java:handleConnectionFailure(966)) - Retrying connect to server: localhost/127.0.0.1:15677. Already tried 12 time(s); retry policy is RetryUpToMaximumCountWithFixedSleep(maxRetries=15, sleepTime=1000 MILLISECONDS)
2021-07-06 17:09:18,473 [EndpointStateMachine task thread for /127.0.0.1:15667 - 0 ] INFO  ipc.Client (Client.java:handleConnectionFailure(966)) - Retrying connect to server: localhost/127.0.0.1:15667. Already tried 12 time(s); retry policy is RetryUpToMaximumCountWithFixedSleep(maxRetries=15, sleepTime=1000 MILLISECONDS)
2021-07-06 17:09:19,474 [EndpointStateMachine task thread for /127.0.0.1:15657 - 0 ] INFO  ipc.Client (Client.java:handleConnectionFailure(966)) - Retrying connect to server: localhost/127.0.0.1:15657. Already tried 13 time(s); retry policy is RetryUpToMaximumCountWithFixedSleep(maxRetries=15, sleepTime=1000 MILLISECONDS)
2021-07-06 17:09:19,474 [EndpointStateMachine task thread for /127.0.0.1:15677 - 0 ] INFO  ipc.Client (Client.java:handleConnectionFailure(966)) - Retrying connect to server: localhost/127.0.0.1:15677. Already tried 13 time(s); retry policy is RetryUpToMaximumCountWithFixedSleep(maxRetries=15, sleepTime=1000 MILLISECONDS)
2021-07-06 17:09:19,475 [EndpointStateMachine task thread for /127.0.0.1:15667 - 0 ] INFO  ipc.Client (Client.java:handleConnectionFailure(966)) - Retrying connect to server: localhost/127.0.0.1:15667. Already tried 13 time(s); retry policy is RetryUpToMaximumCountWithFixedSleep(maxRetries=15, sleepTime=1000 MILLISECONDS)
2021-07-06 17:09:20,475 [EndpointStateMachine task thread for /127.0.0.1:15657 - 0 ] INFO  ipc.Client (Client.java:handleConnectionFailure(966)) - Retrying connect to server: localhost/127.0.0.1:15657. Already tried 14 time(s); retry policy is RetryUpToMaximumCountWithFixedSleep(maxRetries=15, sleepTime=1000 MILLISECONDS)
2021-07-06 17:09:20,475 [EndpointStateMachine task thread for /127.0.0.1:15677 - 0 ] INFO  ipc.Client (Client.java:handleConnectionFailure(966)) - Retrying connect to server: localhost/127.0.0.1:15677. Already tried 14 time(s); retry policy is RetryUpToMaximumCountWithFixedSleep(maxRetries=15, sleepTime=1000 MILLISECONDS)
2021-07-06 17:09:20,476 [EndpointStateMachine task thread for /127.0.0.1:15657 - 0 ] WARN  statemachine.EndpointStateMachine (EndpointStateMachine.java:logIfNeeded(236)) - Unable to communicate to SCM server at localhost:15657 for past 0 seconds.
java.net.ConnectException: Call From fv-az50-207/10.1.0.59 to localhost:15657 failed on connection exception: java.net.ConnectException: Connection refused; For more details see:  http://wiki.apache.org/hadoop/ConnectionRefused
	at sun.reflect.NativeConstructorAccessorImpl.newInstance0(Native Method)
	at sun.reflect.NativeConstructorAccessorImpl.newInstance(NativeConstructorAccessorImpl.java:62)
	at sun.reflect.DelegatingConstructorAccessorImpl.newInstance(DelegatingConstructorAccessorImpl.java:45)
	at java.lang.reflect.Constructor.newInstance(Constructor.java:423)
	at org.apache.hadoop.net.NetUtils.wrapWithMessage(NetUtils.java:836)
	at org.apache.hadoop.net.NetUtils.wrapException(NetUtils.java:760)
	at org.apache.hadoop.ipc.Client.getRpcResponse(Client.java:1566)
	at org.apache.hadoop.ipc.Client.call(Client.java:1508)
	at org.apache.hadoop.ipc.Client.call(Client.java:1405)
	at org.apache.hadoop.ipc.ProtobufRpcEngine$Invoker.invoke(ProtobufRpcEngine.java:233)
	at org.apache.hadoop.ipc.ProtobufRpcEngine$Invoker.invoke(ProtobufRpcEngine.java:118)
	at com.sun.proxy.$Proxy45.submitRequest(Unknown Source)
	at org.apache.hadoop.ozone.protocolPB.StorageContainerDatanodeProtocolClientSideTranslatorPB.submitRequest(StorageContainerDatanodeProtocolClientSideTranslatorPB.java:117)
	at org.apache.hadoop.ozone.protocolPB.StorageContainerDatanodeProtocolClientSideTranslatorPB.sendHeartbeat(StorageContainerDatanodeProtocolClientSideTranslatorPB.java:149)
	at org.apache.hadoop.ozone.container.common.states.endpoint.HeartbeatEndpointTask.call(HeartbeatEndpointTask.java:146)
	at org.apache.hadoop.ozone.container.common.states.endpoint.HeartbeatEndpointTask.call(HeartbeatEndpointTask.java:77)
	at java.util.concurrent.FutureTask.run(FutureTask.java:266)
	at java.util.concurrent.ThreadPoolExecutor.runWorker(ThreadPoolExecutor.java:1149)
	at java.util.concurrent.ThreadPoolExecutor$Worker.run(ThreadPoolExecutor.java:624)
	at java.lang.Thread.run(Thread.java:748)
Caused by: java.net.ConnectException: Connection refused
	at sun.nio.ch.SocketChannelImpl.checkConnect(Native Method)
	at sun.nio.ch.SocketChannelImpl.finishConnect(SocketChannelImpl.java:716)
	at org.apache.hadoop.net.SocketIOWithTimeout.connect(SocketIOWithTimeout.java:206)
	at org.apache.hadoop.net.NetUtils.connect(NetUtils.java:534)
	at org.apache.hadoop.ipc.Client$Connection.setupConnection(Client.java:699)
	at org.apache.hadoop.ipc.Client$Connection.setupIOstreams(Client.java:812)
	at org.apache.hadoop.ipc.Client$Connection.access$3800(Client.java:413)
	at org.apache.hadoop.ipc.Client.getConnection(Client.java:1636)
	at org.apache.hadoop.ipc.Client.call(Client.java:1452)
	... 12 more
2021-07-06 17:09:20,476 [EndpointStateMachine task thread for /127.0.0.1:15667 - 0 ] INFO  ipc.Client (Client.java:handleConnectionFailure(966)) - Retrying connect to server: localhost/127.0.0.1:15667. Already tried 14 time(s); retry policy is RetryUpToMaximumCountWithFixedSleep(maxRetries=15, sleepTime=1000 MILLISECONDS)
2021-07-06 17:09:20,476 [EndpointStateMachine task thread for /127.0.0.1:15677 - 0 ] WARN  statemachine.EndpointStateMachine (EndpointStateMachine.java:logIfNeeded(236)) - Unable to communicate to SCM server at localhost:15677 for past 0 seconds.
java.net.ConnectException: Call From fv-az50-207/10.1.0.59 to localhost:15677 failed on connection exception: java.net.ConnectException: Connection refused; For more details see:  http://wiki.apache.org/hadoop/ConnectionRefused
	at sun.reflect.NativeConstructorAccessorImpl.newInstance0(Native Method)
	at sun.reflect.NativeConstructorAccessorImpl.newInstance(NativeConstructorAccessorImpl.java:62)
	at sun.reflect.DelegatingConstructorAccessorImpl.newInstance(DelegatingConstructorAccessorImpl.java:45)
	at java.lang.reflect.Constructor.newInstance(Constructor.java:423)
	at org.apache.hadoop.net.NetUtils.wrapWithMessage(NetUtils.java:836)
	at org.apache.hadoop.net.NetUtils.wrapException(NetUtils.java:760)
	at org.apache.hadoop.ipc.Client.getRpcResponse(Client.java:1566)
	at org.apache.hadoop.ipc.Client.call(Client.java:1508)
	at org.apache.hadoop.ipc.Client.call(Client.java:1405)
	at org.apache.hadoop.ipc.ProtobufRpcEngine$Invoker.invoke(ProtobufRpcEngine.java:233)
	at org.apache.hadoop.ipc.ProtobufRpcEngine$Invoker.invoke(ProtobufRpcEngine.java:118)
	at com.sun.proxy.$Proxy45.submitRequest(Unknown Source)
	at org.apache.hadoop.ozone.protocolPB.StorageContainerDatanodeProtocolClientSideTranslatorPB.submitRequest(StorageContainerDatanodeProtocolClientSideTranslatorPB.java:117)
	at org.apache.hadoop.ozone.protocolPB.StorageContainerDatanodeProtocolClientSideTranslatorPB.register(StorageContainerDatanodeProtocolClientSideTranslatorPB.java:175)
	at org.apache.hadoop.ozone.container.common.states.endpoint.RegisterEndpointTask.call(RegisterEndpointTask.java:122)
	at org.apache.hadoop.ozone.container.common.states.endpoint.RegisterEndpointTask.call(RegisterEndpointTask.java:47)
	at java.util.concurrent.FutureTask.run(FutureTask.java:266)
	at java.util.concurrent.ThreadPoolExecutor.runWorker(ThreadPoolExecutor.java:1149)
	at java.util.concurrent.ThreadPoolExecutor$Worker.run(ThreadPoolExecutor.java:624)
	at java.lang.Thread.run(Thread.java:748)
Caused by: java.net.ConnectException: Connection refused
	at sun.nio.ch.SocketChannelImpl.checkConnect(Native Method)
	at sun.nio.ch.SocketChannelImpl.finishConnect(SocketChannelImpl.java:716)
	at org.apache.hadoop.net.SocketIOWithTimeout.connect(SocketIOWithTimeout.java:206)
	at org.apache.hadoop.net.NetUtils.connect(NetUtils.java:534)
	at org.apache.hadoop.ipc.Client$Connection.setupConnection(Client.java:699)
	at org.apache.hadoop.ipc.Client$Connection.setupIOstreams(Client.java:812)
	at org.apache.hadoop.ipc.Client$Connection.access$3800(Client.java:413)
	at org.apache.hadoop.ipc.Client.getConnection(Client.java:1636)
	at org.apache.hadoop.ipc.Client.call(Client.java:1452)
	... 12 more
2021-07-06 17:09:20,478 [EndpointStateMachine task thread for /127.0.0.1:15667 - 0 ] WARN  statemachine.EndpointStateMachine (EndpointStateMachine.java:logIfNeeded(236)) - Unable to communicate to SCM server at localhost:15667 for past 0 seconds.
java.net.ConnectException: Call From fv-az50-207/10.1.0.59 to localhost:15667 failed on connection exception: java.net.ConnectException: Connection refused; For more details see:  http://wiki.apache.org/hadoop/ConnectionRefused
	at sun.reflect.NativeConstructorAccessorImpl.newInstance0(Native Method)
	at sun.reflect.NativeConstructorAccessorImpl.newInstance(NativeConstructorAccessorImpl.java:62)
	at sun.reflect.DelegatingConstructorAccessorImpl.newInstance(DelegatingConstructorAccessorImpl.java:45)
	at java.lang.reflect.Constructor.newInstance(Constructor.java:423)
	at org.apache.hadoop.net.NetUtils.wrapWithMessage(NetUtils.java:836)
	at org.apache.hadoop.net.NetUtils.wrapException(NetUtils.java:760)
	at org.apache.hadoop.ipc.Client.getRpcResponse(Client.java:1566)
	at org.apache.hadoop.ipc.Client.call(Client.java:1508)
	at org.apache.hadoop.ipc.Client.call(Client.java:1405)
	at org.apache.hadoop.ipc.ProtobufRpcEngine$Invoker.invoke(ProtobufRpcEngine.java:233)
	at org.apache.hadoop.ipc.ProtobufRpcEngine$Invoker.invoke(ProtobufRpcEngine.java:118)
	at com.sun.proxy.$Proxy45.submitRequest(Unknown Source)
	at org.apache.hadoop.ozone.protocolPB.StorageContainerDatanodeProtocolClientSideTranslatorPB.submitRequest(StorageContainerDatanodeProtocolClientSideTranslatorPB.java:117)
	at org.apache.hadoop.ozone.protocolPB.StorageContainerDatanodeProtocolClientSideTranslatorPB.sendHeartbeat(StorageContainerDatanodeProtocolClientSideTranslatorPB.java:149)
	at org.apache.hadoop.ozone.container.common.states.endpoint.HeartbeatEndpointTask.call(HeartbeatEndpointTask.java:146)
	at org.apache.hadoop.ozone.container.common.states.endpoint.HeartbeatEndpointTask.call(HeartbeatEndpointTask.java:77)
	at java.util.concurrent.FutureTask.run(FutureTask.java:266)
	at java.util.concurrent.ThreadPoolExecutor.runWorker(ThreadPoolExecutor.java:1149)
	at java.util.concurrent.ThreadPoolExecutor$Worker.run(ThreadPoolExecutor.java:624)
	at java.lang.Thread.run(Thread.java:748)
Caused by: java.net.ConnectException: Connection refused
	at sun.nio.ch.SocketChannelImpl.checkConnect(Native Method)
	at sun.nio.ch.SocketChannelImpl.finishConnect(SocketChannelImpl.java:716)
	at org.apache.hadoop.net.SocketIOWithTimeout.connect(SocketIOWithTimeout.java:206)
	at org.apache.hadoop.net.NetUtils.connect(NetUtils.java:534)
	at org.apache.hadoop.ipc.Client$Connection.setupConnection(Client.java:699)
	at org.apache.hadoop.ipc.Client$Connection.setupIOstreams(Client.java:812)
	at org.apache.hadoop.ipc.Client$Connection.access$3800(Client.java:413)
	at org.apache.hadoop.ipc.Client.getConnection(Client.java:1636)
	at org.apache.hadoop.ipc.Client.call(Client.java:1452)
	... 12 more
2021-07-06 17:09:21,478 [EndpointStateMachine task thread for /127.0.0.1:15657 - 0 ] INFO  ipc.Client (Client.java:handleConnectionFailure(966)) - Retrying connect to server: localhost/127.0.0.1:15657. Already tried 0 time(s); retry policy is RetryUpToMaximumCountWithFixedSleep(maxRetries=15, sleepTime=1000 MILLISECONDS)
2021-07-06 17:09:21,479 [EndpointStateMachine task thread for /127.0.0.1:15667 - 0 ] INFO  ipc.Client (Client.java:handleConnectionFailure(966)) - Retrying connect to server: localhost/127.0.0.1:15667. Already tried 0 time(s); retry policy is RetryUpToMaximumCountWithFixedSleep(maxRetries=15, sleepTime=1000 MILLISECONDS)
2021-07-06 17:09:21,480 [EndpointStateMachine task thread for /127.0.0.1:15677 - 0 ] INFO  ipc.Client (Client.java:handleConnectionFailure(966)) - Retrying connect to server: localhost/127.0.0.1:15677. Already tried 0 time(s); retry policy is RetryUpToMaximumCountWithFixedSleep(maxRetries=15, sleepTime=1000 MILLISECONDS)
2021-07-06 17:09:21,872 [48f00b5a-c605-41fe-901b-b25c0b7536a6@group-498FD787E76A-FollowerState] INFO  impl.FollowerState (FollowerState.java:run(134)) - 48f00b5a-c605-41fe-901b-b25c0b7536a6@group-498FD787E76A-FollowerState: change to CANDIDATE, lastRpcElapsedTime:5177419779ns, electionTimeout:5177ms
2021-07-06 17:09:21,873 [48f00b5a-c605-41fe-901b-b25c0b7536a6@group-498FD787E76A-FollowerState] INFO  impl.RoleInfo (RoleInfo.java:shutdownFollowerState(108)) - 48f00b5a-c605-41fe-901b-b25c0b7536a6: shutdown 48f00b5a-c605-41fe-901b-b25c0b7536a6@group-498FD787E76A-FollowerState
2021-07-06 17:09:21,873 [48f00b5a-c605-41fe-901b-b25c0b7536a6@group-498FD787E76A-FollowerState] INFO  server.RaftServer$Division (RaftServerImpl.java:setRole(284)) - 48f00b5a-c605-41fe-901b-b25c0b7536a6@group-498FD787E76A: changes role from  FOLLOWER to CANDIDATE at term 0 for changeToCandidate
2021-07-06 17:09:21,873 [48f00b5a-c605-41fe-901b-b25c0b7536a6@group-498FD787E76A-FollowerState] INFO  server.RaftServerConfigKeys (ConfUtils.java:logGet(44)) - raft.server.leaderelection.pre-vote = false (custom)
2021-07-06 17:09:21,873 [48f00b5a-c605-41fe-901b-b25c0b7536a6@group-498FD787E76A-FollowerState] INFO  impl.RoleInfo (RoleInfo.java:updateAndGet(130)) - 48f00b5a-c605-41fe-901b-b25c0b7536a6: start 48f00b5a-c605-41fe-901b-b25c0b7536a6@group-498FD787E76A-LeaderElection15
2021-07-06 17:09:21,876 [48f00b5a-c605-41fe-901b-b25c0b7536a6@group-498FD787E76A-LeaderElection15] INFO  impl.LeaderElection (LeaderElection.java:askForVotes(306)) - 48f00b5a-c605-41fe-901b-b25c0b7536a6@group-498FD787E76A-LeaderElection15 ELECTION round 0: submit vote requests at term 1 for -1: [48f00b5a-c605-41fe-901b-b25c0b7536a6|rpc:localhost:15272|priority:0], old=null
2021-07-06 17:09:21,876 [48f00b5a-c605-41fe-901b-b25c0b7536a6@group-498FD787E76A-LeaderElection15] INFO  impl.LeaderElection (LeaderElection.java:askForVotes(308)) - 48f00b5a-c605-41fe-901b-b25c0b7536a6@group-498FD787E76A-LeaderElection15 ELECTION round 0: result PASSED (term=1)
2021-07-06 17:09:21,876 [48f00b5a-c605-41fe-901b-b25c0b7536a6@group-498FD787E76A-LeaderElection15] INFO  impl.RoleInfo (RoleInfo.java:shutdownLeaderElection(121)) - 48f00b5a-c605-41fe-901b-b25c0b7536a6: shutdown 48f00b5a-c605-41fe-901b-b25c0b7536a6@group-498FD787E76A-LeaderElection15
2021-07-06 17:09:21,876 [48f00b5a-c605-41fe-901b-b25c0b7536a6@group-498FD787E76A-LeaderElection15] INFO  server.RaftServer$Division (RaftServerImpl.java:setRole(284)) - 48f00b5a-c605-41fe-901b-b25c0b7536a6@group-498FD787E76A: changes role from CANDIDATE to LEADER at term 1 for changeToLeader
2021-07-06 17:09:21,876 [48f00b5a-c605-41fe-901b-b25c0b7536a6@group-498FD787E76A-LeaderElection15] INFO  server.RaftServer$Division (ServerState.java:setLeader(271)) - 48f00b5a-c605-41fe-901b-b25c0b7536a6@group-498FD787E76A: change Leader from null to 48f00b5a-c605-41fe-901b-b25c0b7536a6 at term 1 for becomeLeader, leader elected after 5184ms
2021-07-06 17:09:21,876 [48f00b5a-c605-41fe-901b-b25c0b7536a6@group-498FD787E76A-LeaderElection15] INFO  server.RaftServerConfigKeys (ConfUtils.java:logGet(44)) - raft.server.staging.catchup.gap = 1000 (default)
2021-07-06 17:09:21,876 [48f00b5a-c605-41fe-901b-b25c0b7536a6@group-498FD787E76A-LeaderElection15] INFO  metrics.RatisMetrics (RatisMetrics.java:lambda$create$0(36)) - Creating Metrics Registry : ratis.log_appender.48f00b5a-c605-41fe-901b-b25c0b7536a6@group-498FD787E76A
2021-07-06 17:09:21,877 [48f00b5a-c605-41fe-901b-b25c0b7536a6@group-498FD787E76A-LeaderElection15] INFO  server.RaftServerConfigKeys (ConfUtils.java:logGet(44)) - raft.server.write.element-limit = 4096 (default)
2021-07-06 17:09:21,877 [48f00b5a-c605-41fe-901b-b25c0b7536a6@group-498FD787E76A-LeaderElection15] INFO  server.RaftServerConfigKeys (ConfUtils.java:logGet(44)) - raft.server.write.byte-limit = 64MB (=67108864) (default)
2021-07-06 17:09:21,877 [48f00b5a-c605-41fe-901b-b25c0b7536a6@group-498FD787E76A-LeaderElection15] INFO  server.RaftServerConfigKeys (ConfUtils.java:logGet(44)) - raft.server.watch.timeout = 10s (default)
2021-07-06 17:09:21,877 [48f00b5a-c605-41fe-901b-b25c0b7536a6@group-498FD787E76A-LeaderElection15] INFO  server.RaftServerConfigKeys (ConfUtils.java:logGet(44)) - raft.server.watch.timeout.denomination = 1s (default)
2021-07-06 17:09:21,877 [48f00b5a-c605-41fe-901b-b25c0b7536a6@group-498FD787E76A-LeaderElection15] INFO  server.RaftServerConfigKeys (ConfUtils.java:logGet(44)) - raft.server.watch.element-limit = 65536 (default)
2021-07-06 17:09:21,878 [48f00b5a-c605-41fe-901b-b25c0b7536a6@group-498FD787E76A-LeaderElection15] INFO  impl.RoleInfo (RoleInfo.java:updateAndGet(130)) - 48f00b5a-c605-41fe-901b-b25c0b7536a6: start 48f00b5a-c605-41fe-901b-b25c0b7536a6@group-498FD787E76A-LeaderStateImpl
2021-07-06 17:09:21,878 [48f00b5a-c605-41fe-901b-b25c0b7536a6@group-498FD787E76A-LeaderElection15] INFO  segmented.SegmentedRaftLogWorker (SegmentedRaftLogWorker.java:startLogSegment(394)) - 48f00b5a-c605-41fe-901b-b25c0b7536a6@group-498FD787E76A-SegmentedRaftLogWorker: Starting segment from index:0
2021-07-06 17:09:21,885 [48f00b5a-c605-41fe-901b-b25c0b7536a6@group-498FD787E76A-LeaderElection15] INFO  server.RaftServer$Division (ServerState.java:setRaftConf(373)) - 48f00b5a-c605-41fe-901b-b25c0b7536a6@group-498FD787E76A: set configuration 0: [48f00b5a-c605-41fe-901b-b25c0b7536a6|rpc:localhost:15272|admin:|client:|dataStream:|priority:0], old=null
2021-07-06 17:09:21,885 [48f00b5a-c605-41fe-901b-b25c0b7536a6@group-498FD787E76A-SegmentedRaftLogWorker] INFO  segmented.SegmentedRaftLogWorker (SegmentedRaftLogWorker.java:execute(601)) - 48f00b5a-c605-41fe-901b-b25c0b7536a6@group-498FD787E76A-SegmentedRaftLogWorker: created new log segment /home/runner/work/ozone/ozone/mnt/ozone/hadoop-ozone/integration-test/target/test-dir/MiniOzoneClusterImpl-f74e07ef-a4e5-4994-bf82-498fd787e76a/scmNode-1/scm-ha/f74e07ef-a4e5-4994-bf82-498fd787e76a/current/log_inprogress_0
2021-07-06 17:09:22,479 [EndpointStateMachine task thread for /127.0.0.1:15657 - 0 ] INFO  ipc.Client (Client.java:handleConnectionFailure(966)) - Retrying connect to server: localhost/127.0.0.1:15657. Already tried 1 time(s); retry policy is RetryUpToMaximumCountWithFixedSleep(maxRetries=15, sleepTime=1000 MILLISECONDS)
2021-07-06 17:09:22,480 [EndpointStateMachine task thread for /127.0.0.1:15667 - 0 ] INFO  ipc.Client (Client.java:handleConnectionFailure(966)) - Retrying connect to server: localhost/127.0.0.1:15667. Already tried 1 time(s); retry policy is RetryUpToMaximumCountWithFixedSleep(maxRetries=15, sleepTime=1000 MILLISECONDS)
2021-07-06 17:09:22,481 [EndpointStateMachine task thread for /127.0.0.1:15677 - 0 ] INFO  ipc.Client (Client.java:handleConnectionFailure(966)) - Retrying connect to server: localhost/127.0.0.1:15677. Already tried 1 time(s); retry policy is RetryUpToMaximumCountWithFixedSleep(maxRetries=15, sleepTime=1000 MILLISECONDS)
2021-07-06 17:09:22,699 [Listener at 127.0.0.1/13528] INFO  server.RaftServer (RaftServerProxy.java:lambda$close$6(391)) - 48f00b5a-c605-41fe-901b-b25c0b7536a6: close
2021-07-06 17:09:22,699 [Listener at 127.0.0.1/13528] INFO  server.RaftServer$Division (RaftServerImpl.java:lambda$close$4(406)) - 48f00b5a-c605-41fe-901b-b25c0b7536a6@group-498FD787E76A: shutdown
2021-07-06 17:09:22,699 [Listener at 127.0.0.1/13528] INFO  util.JmxRegister (JmxRegister.java:unregister(73)) - Successfully un-registered JMX Bean with object name Ratis:service=RaftServer,group=group-498FD787E76A,id=48f00b5a-c605-41fe-901b-b25c0b7536a6
2021-07-06 17:09:22,700 [Listener at 127.0.0.1/13528] INFO  impl.RoleInfo (RoleInfo.java:shutdownLeaderState(91)) - 48f00b5a-c605-41fe-901b-b25c0b7536a6: shutdown 48f00b5a-c605-41fe-901b-b25c0b7536a6@group-498FD787E76A-LeaderStateImpl
2021-07-06 17:09:22,700 [Listener at 127.0.0.1/13528] INFO  impl.PendingRequests (PendingRequests.java:sendNotLeaderResponses(249)) - 48f00b5a-c605-41fe-901b-b25c0b7536a6@group-498FD787E76A-PendingRequests: sendNotLeaderResponses
2021-07-06 17:09:22,700 [Listener at 127.0.0.1/13528] INFO  metrics.RatisMetrics (RatisMetrics.java:unregister(43)) - Unregistering Metrics Registry : ratis.log_appender.48f00b5a-c605-41fe-901b-b25c0b7536a6@group-498FD787E76A
2021-07-06 17:09:22,701 [Listener at 127.0.0.1/13528] INFO  metrics.RatisMetrics (RatisMetrics.java:unregister(43)) - Unregistering Metrics Registry : ratis.server.48f00b5a-c605-41fe-901b-b25c0b7536a6@group-498FD787E76A
2021-07-06 17:09:22,701 [Listener at 127.0.0.1/13528] INFO  impl.StateMachineUpdater (StateMachineUpdater.java:stopAndJoin(149)) - 48f00b5a-c605-41fe-901b-b25c0b7536a6@group-498FD787E76A-StateMachineUpdater: set stopIndex = 0
2021-07-06 17:09:22,701 [48f00b5a-c605-41fe-901b-b25c0b7536a6@group-498FD787E76A-StateMachineUpdater] INFO  impl.StateMachineUpdater (StateMachineUpdater.java:takeSnapshot(281)) - 48f00b5a-c605-41fe-901b-b25c0b7536a6@group-498FD787E76A-StateMachineUpdater: Took a snapshot at index 0
2021-07-06 17:09:22,701 [48f00b5a-c605-41fe-901b-b25c0b7536a6@group-498FD787E76A-StateMachineUpdater] INFO  impl.StateMachineUpdater (StateMachineUpdater.java:lambda$new$0(89)) - 48f00b5a-c605-41fe-901b-b25c0b7536a6@group-498FD787E76A-StateMachineUpdater: snapshotIndex: updateIncreasingly -1 -> 0
2021-07-06 17:09:22,701 [48f00b5a-c605-41fe-901b-b25c0b7536a6@group-498FD787E76A-StateMachineUpdater] INFO  metrics.RatisMetrics (RatisMetrics.java:unregister(43)) - Unregistering Metrics Registry : ratis.state_machine.48f00b5a-c605-41fe-901b-b25c0b7536a6@group-498FD787E76A
2021-07-06 17:09:22,703 [Listener at 127.0.0.1/13528] INFO  server.RaftServer$Division (ServerState.java:close(405)) - 48f00b5a-c605-41fe-901b-b25c0b7536a6@group-498FD787E76A: closes. applyIndex: 0
2021-07-06 17:09:22,703 [48f00b5a-c605-41fe-901b-b25c0b7536a6@group-498FD787E76A-SegmentedRaftLogWorker] INFO  segmented.SegmentedRaftLogWorker (SegmentedRaftLogWorker.java:run(327)) - 48f00b5a-c605-41fe-901b-b25c0b7536a6@group-498FD787E76A-SegmentedRaftLogWorker was interrupted, exiting. There are 0 tasks remaining in the queue.
2021-07-06 17:09:22,704 [Listener at 127.0.0.1/13528] INFO  segmented.SegmentedRaftLogWorker (SegmentedRaftLogWorker.java:close(237)) - 48f00b5a-c605-41fe-901b-b25c0b7536a6@group-498FD787E76A-SegmentedRaftLogWorker close()
2021-07-06 17:09:22,704 [Listener at 127.0.0.1/13528] INFO  metrics.RatisMetrics (RatisMetrics.java:unregister(43)) - Unregistering Metrics Registry : ratis.log_worker.48f00b5a-c605-41fe-901b-b25c0b7536a6@group-498FD787E76A
2021-07-06 17:09:22,705 [Listener at 127.0.0.1/13528] INFO  metrics.RatisMetrics (RatisMetrics.java:unregister(43)) - Unregistering Metrics Registry : ratis.leader_election.48f00b5a-c605-41fe-901b-b25c0b7536a6@group-498FD787E76A
2021-07-06 17:09:22,705 [Listener at 127.0.0.1/13528] INFO  metrics.RatisMetrics (RatisMetrics.java:unregister(43)) - Unregistering Metrics Registry : ratis.server.48f00b5a-c605-41fe-901b-b25c0b7536a6@group-498FD787E76A
2021-07-06 17:09:22,705 [Listener at 127.0.0.1/13528] INFO  server.GrpcService (GrpcService.java:closeImpl(262)) - 48f00b5a-c605-41fe-901b-b25c0b7536a6: shutdown server with port 15272 now
2021-07-06 17:09:22,705 [Listener at 127.0.0.1/13528] INFO  server.GrpcService (GrpcService.java:closeImpl(271)) - 48f00b5a-c605-41fe-901b-b25c0b7536a6: shutdown server with port 15272 successfully
2021-07-06 17:09:22,705 [org.apache.ratis.util.JvmPauseMonitor$$Lambda$493/488669101@8c29e75] INFO  util.JvmPauseMonitor (JvmPauseMonitor.java:run(109)) - JvmPauseMonitor-48f00b5a-c605-41fe-901b-b25c0b7536a6: Stopped
2021-07-06 17:09:22,706 [Listener at 127.0.0.1/13528] WARN  server.ServerUtils (ServerUtils.java:getScmDbDir(148)) - ozone.scm.db.dirs is not configured. We recommend adding this setting. Falling back to ozone.metadata.dirs instead.
2021-07-06 17:09:22,707 [Listener at 127.0.0.1/13528] INFO  server.StorageContainerManager (StorageContainerManager.java:scmInit(994)) - SCM initialization succeeded. Current cluster id for sd=/home/runner/work/ozone/ozone/mnt/ozone/hadoop-ozone/integration-test/target/test-dir/MiniOzoneClusterImpl-f74e07ef-a4e5-4994-bf82-498fd787e76a/scmNode-1/scm; cid=f74e07ef-a4e5-4994-bf82-498fd787e76a; layoutVersion=0; scmId=48f00b5a-c605-41fe-901b-b25c0b7536a6
2021-07-06 17:09:22,707 [Listener at 127.0.0.1/13528] INFO  ha.SCMHANodeDetails (SCMHANodeDetails.java:loadSCMHAConfig(157)) - ServiceID for StorageContainerManager is scm-service-test1
2021-07-06 17:09:22,707 [Listener at 127.0.0.1/13528] INFO  ha.SCMHANodeDetails (SCMHANodeDetails.java:loadSCMHAConfig(168)) - ServiceID for StorageContainerManager is scm-service-test1
2021-07-06 17:09:22,708 [Listener at 127.0.0.1/13528] WARN  scm.ScmUtils (ScmUtils.java:logWarn(179)) - ConfigKey ozone.scm.block.client.address is deprecated, For configuring different ports for each SCM use PortConfigKey ozone.scm.block.client.port appended with serviceId and nodeId. If want to configure same port configure ozone.scm.block.client.port
2021-07-06 17:09:22,708 [Listener at 127.0.0.1/13528] WARN  scm.ScmUtils (ScmUtils.java:logWarn(179)) - ConfigKey ozone.scm.client.address is deprecated, For configuring different ports for each SCM use PortConfigKey ozone.scm.client.port appended with serviceId and nodeId. If want to configure same port configure ozone.scm.client.port
2021-07-06 17:09:22,717 [Listener at 127.0.0.1/13528] WARN  scm.ScmUtils (ScmUtils.java:logWarn(179)) - ConfigKey ozone.scm.datanode.address is deprecated, For configuring different ports for each SCM use PortConfigKey ozone.scm.datanode.port appended with serviceId and nodeId. If want to configure same port configure ozone.scm.datanode.port
2021-07-06 17:09:22,717 [Listener at 127.0.0.1/13528] WARN  scm.ScmUtils (ScmUtils.java:logWarn(179)) - ConfigKey ozone.scm.block.client.address is deprecated, For configuring different ports for each SCM use PortConfigKey ozone.scm.block.client.port appended with serviceId and nodeId. If want to configure same port configure ozone.scm.block.client.port
2021-07-06 17:09:22,717 [Listener at 127.0.0.1/13528] WARN  scm.ScmUtils (ScmUtils.java:logWarn(179)) - ConfigKey ozone.scm.client.address is deprecated, For configuring different ports for each SCM use PortConfigKey ozone.scm.client.port appended with serviceId and nodeId. If want to configure same port configure ozone.scm.client.port
2021-07-06 17:09:22,717 [Listener at 127.0.0.1/13528] WARN  scm.ScmUtils (ScmUtils.java:logWarn(179)) - ConfigKey ozone.scm.datanode.address is deprecated, For configuring different ports for each SCM use PortConfigKey ozone.scm.datanode.port appended with serviceId and nodeId. If want to configure same port configure ozone.scm.datanode.port
2021-07-06 17:09:22,717 [Listener at 127.0.0.1/13528] INFO  ha.SCMHANodeDetails (SCMHANodeDetails.java:loadSCMHAConfig(250)) - Found matching SCM address with SCMServiceId: scm-service-test1, SCMNodeId: scmNode-1, RPC Address: localhost:15272 and Ratis port: 15272
2021-07-06 17:09:22,717 [Listener at 127.0.0.1/13528] INFO  ha.SCMHANodeDetails (ConfUtils.java:setNodeSpecificConfigs(108)) - Setting configuration key ozone.scm.datanode.address with value of key ozone.scm.datanode.address.scm-service-test1.scmNode-1: 127.0.0.1:15273
2021-07-06 17:09:22,718 [Listener at 127.0.0.1/13528] INFO  ha.SCMHANodeDetails (ConfUtils.java:setNodeSpecificConfigs(108)) - Setting configuration key ozone.scm.block.client.address with value of key ozone.scm.block.client.address.scm-service-test1.scmNode-1: 127.0.0.1:15274
2021-07-06 17:09:22,718 [Listener at 127.0.0.1/13528] INFO  ha.SCMHANodeDetails (ConfUtils.java:setNodeSpecificConfigs(108)) - Setting configuration key ozone.scm.client.address with value of key ozone.scm.client.address.scm-service-test1.scmNode-1: 127.0.0.1:15275
2021-07-06 17:09:22,718 [Listener at 127.0.0.1/13528] INFO  ha.SCMHANodeDetails (ConfUtils.java:setNodeSpecificConfigs(108)) - Setting configuration key ozone.scm.ratis.port with value of key ozone.scm.ratis.port.scm-service-test1.scmNode-1: 15272
2021-07-06 17:09:22,718 [Listener at 127.0.0.1/13528] INFO  ha.SCMHANodeDetails (ConfUtils.java:setNodeSpecificConfigs(108)) - Setting configuration key ozone.scm.grpc.port with value of key ozone.scm.grpc.port.scm-service-test1.scmNode-1: 15276
2021-07-06 17:09:22,718 [Listener at 127.0.0.1/13528] INFO  ha.SCMHANodeDetails (ConfUtils.java:setNodeSpecificConfigs(108)) - Setting configuration key ozone.scm.http-address with value of key ozone.scm.http-address.scm-service-test1.scmNode-1: 127.0.0.1:15270
2021-07-06 17:09:22,718 [Listener at 127.0.0.1/13528] INFO  ha.SCMHANodeDetails (ConfUtils.java:setNodeSpecificConfigs(108)) - Setting configuration key ozone.scm.https-address with value of key ozone.scm.https-address.scm-service-test1.scmNode-1: 127.0.0.1:15271
2021-07-06 17:09:22,718 [Listener at 127.0.0.1/13528] INFO  ha.SCMHANodeDetails (ConfUtils.java:setNodeSpecificConfigs(108)) - Setting configuration key ozone.scm.address with value of key ozone.scm.address.scm-service-test1.scmNode-1: 127.0.0.1
2021-07-06 17:09:22,720 [Listener at 127.0.0.1/13528] WARN  scm.ScmUtils (ScmUtils.java:logWarn(179)) - ConfigKey ozone.scm.block.client.address is deprecated, For configuring different ports for each SCM use PortConfigKey ozone.scm.block.client.port appended with serviceId and nodeId. If want to configure same port configure ozone.scm.block.client.port
2021-07-06 17:09:22,720 [Listener at 127.0.0.1/13528] WARN  scm.ScmUtils (ScmUtils.java:logWarn(179)) - ConfigKey ozone.scm.client.address is deprecated, For configuring different ports for each SCM use PortConfigKey ozone.scm.client.port appended with serviceId and nodeId. If want to configure same port configure ozone.scm.client.port
2021-07-06 17:09:22,720 [Listener at 127.0.0.1/13528] WARN  scm.ScmUtils (ScmUtils.java:logWarn(179)) - ConfigKey ozone.scm.datanode.address is deprecated, For configuring different ports for each SCM use PortConfigKey ozone.scm.datanode.port appended with serviceId and nodeId. If want to configure same port configure ozone.scm.datanode.port
2021-07-06 17:09:22,721 [Listener at 127.0.0.1/13528] WARN  server.ServerUtils (ServerUtils.java:getScmDbDir(148)) - ozone.scm.db.dirs is not configured. We recommend adding this setting. Falling back to ozone.metadata.dirs instead.
2021-07-06 17:09:22,721 [Listener at 127.0.0.1/13528] WARN  utils.HAUtils (HAUtils.java:getMetaDir(342)) - ozone.scm.db.dirs is not configured. We recommend adding this setting. Falling back to ozone.metadata.dirs instead.
2021-07-06 17:09:22,723 [Listener at 127.0.0.1/13528] WARN  db.DBStoreBuilder (DBStoreBuilder.java:applyDBDefinition(145)) - ozone.scm.db.dirs is not configured. We recommend adding this setting. Falling back to ozone.metadata.dirs instead.
2021-07-06 17:09:22,786 [Listener at 127.0.0.1/13528] INFO  net.NodeSchemaLoader (NodeSchemaLoader.java:loadSchemaFromFile(129)) - Loading schema from [jar:file:/home/runner/.m2/repository/org/apache/ozone/hdds-common/1.2.0-SNAPSHOT/hdds-common-1.2.0-SNAPSHOT.jar!/network-topology-default.xml]
2021-07-06 17:09:22,786 [Listener at 127.0.0.1/13528] INFO  net.NodeSchemaLoader (NodeSchemaLoader.java:loadSchema(176)) - Loading network topology layer schema file
2021-07-06 17:09:22,788 [Listener at 127.0.0.1/13528] INFO  ha.SCMRatisServerImpl (SCMRatisServerImpl.java:<init>(85)) - starting Raft server for scm:48f00b5a-c605-41fe-901b-b25c0b7536a6
2021-07-06 17:09:22,789 [Listener at 127.0.0.1/13528] INFO  server.RaftServer (ConfUtils.java:logGet(44)) - raft.rpc.type = GRPC (default)
2021-07-06 17:09:22,789 [Listener at 127.0.0.1/13528] INFO  grpc.GrpcFactory (GrpcFactory.java:checkPooledByteBufAllocatorUseCacheForAllThreads(48)) - PERFORMANCE WARNING: useCacheForAllThreads is true that may cause Netty to create a lot garbage objects and, as a result, trigger GC.
	It is recommended to disable useCacheForAllThreads by setting -Dorg.apache.ratis.thirdparty.io.netty.allocator.useCacheForAllThreads=false in command line.
2021-07-06 17:09:22,789 [Listener at 127.0.0.1/13528] INFO  grpc.GrpcConfigKeys (ConfUtils.java:logGet(44)) - raft.grpc.admin.port = -1 (default)
2021-07-06 17:09:22,790 [Listener at 127.0.0.1/13528] INFO  grpc.GrpcConfigKeys (ConfUtils.java:logGet(44)) - raft.grpc.server.port = 15272 (custom)
2021-07-06 17:09:22,790 [Listener at 127.0.0.1/13528] INFO  grpc.GrpcConfigKeys (ConfUtils.java:logGet(44)) - raft.grpc.client.port = -1 (default)
2021-07-06 17:09:22,790 [Listener at 127.0.0.1/13528] INFO  grpc.GrpcConfigKeys (ConfUtils.java:logGet(44)) - raft.grpc.server.port = 15272 (custom)
2021-07-06 17:09:22,790 [Listener at 127.0.0.1/13528] INFO  grpc.GrpcConfigKeys (ConfUtils.java:logGet(44)) - raft.grpc.server.port = 15272 (custom)
2021-07-06 17:09:22,790 [Listener at 127.0.0.1/13528] INFO  server.GrpcService (ConfUtils.java:logGet(44)) - raft.grpc.message.size.max = 32m (=33554432) (custom)
2021-07-06 17:09:22,790 [Listener at 127.0.0.1/13528] INFO  server.RaftServerConfigKeys (ConfUtils.java:logGet(44)) - raft.server.log.appender.buffer.byte-limit = 33554432 (custom)
2021-07-06 17:09:22,790 [Listener at 127.0.0.1/13528] INFO  server.GrpcService (ConfUtils.java:logGet(44)) - raft.grpc.flow.control.window = 1MB (=1048576) (default)
2021-07-06 17:09:22,791 [Listener at 127.0.0.1/13528] INFO  server.RaftServerConfigKeys (ConfUtils.java:logGet(44)) - raft.server.rpc.request.timeout = 30000ms (custom)
2021-07-06 17:09:22,791 [Listener at 127.0.0.1/13528] INFO  impl.DataStreamServerImpl (ConfUtils.java:logGet(44)) - raft.datastream.type = DISABLED (default)
2021-07-06 17:09:22,792 [Listener at 127.0.0.1/13528] INFO  server.RaftServerConfigKeys (ConfUtils.java:logGet(44)) - raft.server.rpc.slowness.timeout = 120000ms (custom)
2021-07-06 17:09:22,792 [Listener at 127.0.0.1/13528] INFO  server.RaftServerConfigKeys (ConfUtils.java:logGet(44)) - raft.server.leaderelection.leader.step-down.wait-time = 10s (default)
2021-07-06 17:09:22,792 [Listener at 127.0.0.1/13528] INFO  server.RaftServerConfigKeys (ConfUtils.java:logGet(44)) - raft.server.storage.dir = [/home/runner/work/ozone/ozone/mnt/ozone/hadoop-ozone/integration-test/target/test-dir/MiniOzoneClusterImpl-f74e07ef-a4e5-4994-bf82-498fd787e76a/scmNode-1/scm-ha] (custom)
2021-07-06 17:09:22,792 [Listener at 127.0.0.1/13528] INFO  server.RaftServer (RaftServerProxy.java:lambda$null$1(235)) - 48f00b5a-c605-41fe-901b-b25c0b7536a6: found a subdirectory /home/runner/work/ozone/ozone/mnt/ozone/hadoop-ozone/integration-test/target/test-dir/MiniOzoneClusterImpl-f74e07ef-a4e5-4994-bf82-498fd787e76a/scmNode-1/scm-ha/f74e07ef-a4e5-4994-bf82-498fd787e76a
2021-07-06 17:09:22,793 [Listener at 127.0.0.1/13528] INFO  server.RaftServer (RaftServerProxy.java:addNew(95)) - 48f00b5a-c605-41fe-901b-b25c0b7536a6: addNew group-498FD787E76A:[] returns group-498FD787E76A:java.util.concurrent.CompletableFuture@570e6180[Not completed]
2021-07-06 17:09:22,793 [pool-176-thread-1] INFO  server.RaftServer$Division (RaftServerImpl.java:<init>(180)) - 48f00b5a-c605-41fe-901b-b25c0b7536a6: new RaftServerImpl for group-498FD787E76A:[] with SCMStateMachine:uninitialized
2021-07-06 17:09:22,793 [pool-176-thread-1] INFO  server.RaftServerConfigKeys (ConfUtils.java:logGet(44)) - raft.server.rpc.timeout.min = 5000ms (custom)
2021-07-06 17:09:22,793 [pool-176-thread-1] INFO  server.RaftServerConfigKeys (ConfUtils.java:logGet(44)) - raft.server.rpc.timeout.max = 5200ms (custom)
2021-07-06 17:09:22,793 [pool-176-thread-1] INFO  server.RaftServerConfigKeys (ConfUtils.java:logGet(44)) - raft.server.rpc.sleep.time = 25ms (default)
2021-07-06 17:09:22,793 [pool-176-thread-1] INFO  server.RaftServerConfigKeys (ConfUtils.java:logGet(44)) - raft.server.rpc.slowness.timeout = 120000ms (custom)
2021-07-06 17:09:22,793 [pool-176-thread-1] INFO  server.RaftServerConfigKeys (ConfUtils.java:logGet(44)) - raft.server.leaderelection.leader.step-down.wait-time = 10s (default)
2021-07-06 17:09:22,794 [pool-176-thread-1] INFO  server.RaftServerConfigKeys (ConfUtils.java:logGet(44)) - raft.server.sleep.deviation.threshold = 300ms (default)
2021-07-06 17:09:22,794 [pool-176-thread-1] INFO  server.RaftServerConfigKeys (ConfUtils.java:logGet(44)) - raft.server.log.appender.install.snapshot.enabled = false (custom)
2021-07-06 17:09:22,794 [pool-176-thread-1] INFO  server.RaftServer$Division (ServerState.java:<init>(105)) - 48f00b5a-c605-41fe-901b-b25c0b7536a6@group-498FD787E76A: ConfigurationManager, init=-1: [], old=null, confs=<EMPTY_MAP>
2021-07-06 17:09:22,794 [pool-176-thread-1] INFO  server.RaftServerConfigKeys (ConfUtils.java:logGet(44)) - raft.server.storage.dir = [/home/runner/work/ozone/ozone/mnt/ozone/hadoop-ozone/integration-test/target/test-dir/MiniOzoneClusterImpl-f74e07ef-a4e5-4994-bf82-498fd787e76a/scmNode-1/scm-ha] (custom)
2021-07-06 17:09:22,794 [pool-176-thread-1] INFO  server.RaftServerConfigKeys (ConfUtils.java:logGet(44)) - raft.server.log.corruption.policy = EXCEPTION (default)
2021-07-06 17:09:22,795 [pool-176-thread-1] INFO  storage.RaftStorageDirectory (RaftStorageDirectoryImpl.java:tryLock(215)) - Lock on /home/runner/work/ozone/ozone/mnt/ozone/hadoop-ozone/integration-test/target/test-dir/MiniOzoneClusterImpl-f74e07ef-a4e5-4994-bf82-498fd787e76a/scmNode-1/scm-ha/f74e07ef-a4e5-4994-bf82-498fd787e76a/in_use.lock acquired by nodename 28362@fv-az50-207
2021-07-06 17:09:22,795 [pool-176-thread-1] INFO  storage.RaftStorage (RaftStorageImpl.java:analyzeAndRecoverStorage(108)) - Read RaftStorageMetadata{term=1, votedFor=48f00b5a-c605-41fe-901b-b25c0b7536a6} from /home/runner/work/ozone/ozone/mnt/ozone/hadoop-ozone/integration-test/target/test-dir/MiniOzoneClusterImpl-f74e07ef-a4e5-4994-bf82-498fd787e76a/scmNode-1/scm-ha/f74e07ef-a4e5-4994-bf82-498fd787e76a/current/raft-meta
2021-07-06 17:09:22,795 [pool-176-thread-1] INFO  server.RaftServer$Division (ServerState.java:setRaftConf(373)) - 48f00b5a-c605-41fe-901b-b25c0b7536a6@group-498FD787E76A: set configuration 0: [48f00b5a-c605-41fe-901b-b25c0b7536a6|rpc:localhost:15272|admin:|client:|dataStream:|priority:0], old=null
2021-07-06 17:09:22,795 [pool-176-thread-1] INFO  server.RaftServerConfigKeys (ConfUtils.java:logGet(44)) - raft.server.notification.no-leader.timeout = 60s (default)
2021-07-06 17:09:22,795 [pool-176-thread-1] INFO  server.RaftServerConfigKeys (ConfUtils.java:logGet(44)) - raft.server.log.use.memory = false (default)
2021-07-06 17:09:22,795 [pool-176-thread-1] INFO  server.RaftServerConfigKeys (ConfUtils.java:logGet(44)) - raft.server.log.purge.gap = 5 (custom)
2021-07-06 17:09:22,795 [pool-176-thread-1] INFO  server.RaftServerConfigKeys (ConfUtils.java:logGet(44)) - raft.server.log.appender.buffer.byte-limit = 33554432 (custom)
2021-07-06 17:09:22,795 [pool-176-thread-1] INFO  metrics.RatisMetrics (RatisMetrics.java:lambda$create$0(36)) - Creating Metrics Registry : ratis.log_worker.48f00b5a-c605-41fe-901b-b25c0b7536a6@group-498FD787E76A
2021-07-06 17:09:22,796 [pool-176-thread-1] INFO  server.RaftServerConfigKeys (ConfUtils.java:logGet(44)) - raft.server.log.segment.size.max = 16384 (custom)
2021-07-06 17:09:22,796 [pool-176-thread-1] INFO  server.RaftServerConfigKeys (ConfUtils.java:logGet(44)) - raft.server.log.segment.cache.num.max = 2 (custom)
2021-07-06 17:09:22,796 [pool-176-thread-1] INFO  server.RaftServerConfigKeys (ConfUtils.java:logGet(44)) - raft.server.log.segment.cache.size.max = 200MB (=209715200) (default)
2021-07-06 17:09:22,796 [pool-176-thread-1] INFO  segmented.SegmentedRaftLogWorker (SegmentedRaftLogWorker.java:<init>(182)) - new 48f00b5a-c605-41fe-901b-b25c0b7536a6@group-498FD787E76A-SegmentedRaftLogWorker for RaftStorageImpl:Storage Directory /home/runner/work/ozone/ozone/mnt/ozone/hadoop-ozone/integration-test/target/test-dir/MiniOzoneClusterImpl-f74e07ef-a4e5-4994-bf82-498fd787e76a/scmNode-1/scm-ha/f74e07ef-a4e5-4994-bf82-498fd787e76a
2021-07-06 17:09:22,796 [pool-176-thread-1] INFO  server.RaftServerConfigKeys (ConfUtils.java:logGet(44)) - raft.server.log.queue.byte-limit = 64MB (=67108864) (default)
2021-07-06 17:09:22,796 [pool-176-thread-1] INFO  server.RaftServerConfigKeys (ConfUtils.java:logGet(44)) - raft.server.log.queue.element-limit = 4096 (default)
2021-07-06 17:09:22,796 [pool-176-thread-1] INFO  server.RaftServerConfigKeys (ConfUtils.java:logGet(44)) - raft.server.log.segment.size.max = 16384 (custom)
2021-07-06 17:09:22,796 [pool-176-thread-1] INFO  server.RaftServerConfigKeys (ConfUtils.java:logGet(44)) - raft.server.log.preallocated.size = 16384 (custom)
2021-07-06 17:09:22,796 [pool-176-thread-1] INFO  server.RaftServerConfigKeys (ConfUtils.java:logGet(44)) - raft.server.log.force.sync.num = 128 (default)
2021-07-06 17:09:22,796 [pool-176-thread-1] INFO  server.RaftServerConfigKeys (ConfUtils.java:logGet(44)) - raft.server.log.statemachine.data.sync = true (default)
2021-07-06 17:09:22,796 [pool-176-thread-1] INFO  server.RaftServerConfigKeys (ConfUtils.java:logGet(44)) - raft.server.log.statemachine.data.sync.timeout = 10s (default)
2021-07-06 17:09:22,796 [pool-176-thread-1] INFO  server.RaftServerConfigKeys (ConfUtils.java:logGet(44)) - raft.server.log.statemachine.data.sync.timeout.retry = -1 (default)
2021-07-06 17:09:22,797 [pool-176-thread-1] INFO  server.RaftServerConfigKeys (ConfUtils.java:logGet(44)) - raft.server.log.write.buffer.size = 64KB (=65536) (default)
2021-07-06 17:09:22,797 [pool-176-thread-1] INFO  server.RaftServerConfigKeys (ConfUtils.java:logGet(44)) - raft.server.log.statemachine.data.caching.enabled = false (default)
2021-07-06 17:09:22,797 [pool-176-thread-1] INFO  server.RaftServer$Division (ServerState.java:setRaftConf(373)) - 48f00b5a-c605-41fe-901b-b25c0b7536a6@group-498FD787E76A: set configuration 0: [48f00b5a-c605-41fe-901b-b25c0b7536a6|rpc:localhost:15272|admin:|client:|dataStream:|priority:0], old=null
2021-07-06 17:09:22,798 [pool-176-thread-1] INFO  segmented.LogSegment (LogSegment.java:loadSegment(173)) - Successfully read 1 entries from segment file /home/runner/work/ozone/ozone/mnt/ozone/hadoop-ozone/integration-test/target/test-dir/MiniOzoneClusterImpl-f74e07ef-a4e5-4994-bf82-498fd787e76a/scmNode-1/scm-ha/f74e07ef-a4e5-4994-bf82-498fd787e76a/current/log_inprogress_0
2021-07-06 17:09:22,798 [pool-176-thread-1] INFO  segmented.SegmentedRaftLogWorker (SegmentedRaftLogWorker.java:lambda$new$0(133)) - 48f00b5a-c605-41fe-901b-b25c0b7536a6@group-498FD787E76A-SegmentedRaftLogWorker: flushIndex: setUnconditionally 0 -> 0
2021-07-06 17:09:22,798 [pool-176-thread-1] INFO  segmented.SegmentedRaftLogWorker (SegmentedRaftLogWorker.java:lambda$new$0(133)) - 48f00b5a-c605-41fe-901b-b25c0b7536a6@group-498FD787E76A-SegmentedRaftLogWorker: safeCacheEvictIndex: setUnconditionally 0 -> -1
2021-07-06 17:09:22,798 [pool-176-thread-1] INFO  server.RaftServerConfigKeys (ConfUtils.java:logGet(44)) - raft.server.snapshot.auto.trigger.enabled = true (custom)
2021-07-06 17:09:22,798 [pool-176-thread-1] INFO  server.RaftServerConfigKeys (ConfUtils.java:logGet(44)) - raft.server.snapshot.auto.trigger.threshold = 5 (custom)
2021-07-06 17:09:22,798 [pool-176-thread-1] INFO  server.RaftServerConfigKeys (ConfUtils.java:logGet(44)) - raft.server.snapshot.retention.file.num = -1 (default)
2021-07-06 17:09:22,798 [pool-176-thread-1] INFO  server.RaftServerConfigKeys (ConfUtils.java:logGet(44)) - raft.server.log.purge.upto.snapshot.index = true (custom)
2021-07-06 17:09:22,798 [pool-176-thread-1] INFO  server.RaftServerConfigKeys (ConfUtils.java:logGet(44)) - raft.server.retrycache.expirytime = 60000ms (default)
2021-07-06 17:09:22,798 [pool-176-thread-1] INFO  server.RaftServerConfigKeys (ConfUtils.java:logGet(44)) - raft.server.retrycache.statistics.expirytime = 100μs (default)
2021-07-06 17:09:22,798 [pool-176-thread-1] INFO  metrics.RatisMetrics (RatisMetrics.java:lambda$create$0(36)) - Creating Metrics Registry : ratis.leader_election.48f00b5a-c605-41fe-901b-b25c0b7536a6@group-498FD787E76A
2021-07-06 17:09:22,798 [pool-176-thread-1] INFO  metrics.RatisMetrics (RatisMetrics.java:lambda$create$0(36)) - Creating Metrics Registry : ratis.server.48f00b5a-c605-41fe-901b-b25c0b7536a6@group-498FD787E76A
2021-07-06 17:09:22,799 [Listener at 127.0.0.1/13528] INFO  ha.SCMSnapshotProvider (SCMSnapshotProvider.java:<init>(66)) - Initializing SCM Snapshot Provider
2021-07-06 17:09:22,799 [Listener at 127.0.0.1/13528] WARN  server.ServerUtils (ServerUtils.java:getDefaultRatisDirectory(237)) - Storage directory for Ratis is not configured. It is a good idea to map this to an SSD disk. Falling back to ozone.metadata.dirs
2021-07-06 17:09:22,800 [Listener at 127.0.0.1/13528] WARN  ha.SCMHAUtils (SCMHAUtils.java:getSCMRatisSnapshotDirectory(142)) - SCM snapshot dir is not configured. Falling back to ozone.metadata.dirs config
2021-07-06 17:09:22,801 [Listener at 127.0.0.1/13528] INFO  ha.SequenceIdGenerator (SequenceIdGenerator.java:upgradeToSequenceId(327)) - upgrade localId to 107544261427200000
2021-07-06 17:09:22,801 [Listener at 127.0.0.1/13528] INFO  ha.SequenceIdGenerator (SequenceIdGenerator.java:upgradeToSequenceId(337)) - upgrade delTxnId to 0
2021-07-06 17:09:22,801 [Listener at 127.0.0.1/13528] INFO  ha.SequenceIdGenerator (SequenceIdGenerator.java:upgradeToSequenceId(351)) - upgrade containerId to 0
2021-07-06 17:09:22,801 [Listener at 127.0.0.1/13528] INFO  ha.SequenceIdGenerator (SequenceIdGenerator.java:<init>(217)) - Init the HA SequenceIdGenerator.
2021-07-06 17:09:22,806 [Listener at 127.0.0.1/13528] INFO  node.SCMNodeManager (SCMNodeManager.java:<init>(125)) - Entering startup safe mode.
2021-07-06 17:09:22,806 [Listener at 127.0.0.1/13528] INFO  algorithms.ContainerPlacementPolicyFactory (ContainerPlacementPolicyFactory.java:getPolicy(60)) - Create container placement policy of type org.apache.hadoop.hdds.scm.container.placement.algorithms.SCMContainerPlacementRandom
2021-07-06 17:09:22,807 [Listener at 127.0.0.1/13528] INFO  pipeline.PipelineStateManager (PipelineStateManagerV2Impl.java:initialize(78)) - No pipeline exists in current db
2021-07-06 17:09:22,807 [Listener at 127.0.0.1/13528] INFO  algorithms.LeaderChoosePolicyFactory (LeaderChoosePolicyFactory.java:getPolicy(57)) - Create leader choose policy of type org.apache.hadoop.hdds.scm.pipeline.leader.choose.algorithms.MinLeaderCountChoosePolicy
2021-07-06 17:09:22,807 [Listener at 127.0.0.1/13528] INFO  ha.SCMServiceManager (SCMServiceManager.java:register(43)) - Registering service BackgroundPipelineCreator.
2021-07-06 17:09:22,807 [Listener at 127.0.0.1/13528] INFO  pipeline.BackgroundPipelineCreator (BackgroundPipelineCreatorV2.java:start(130)) - Starting RatisPipelineUtilsThread.
2021-07-06 17:09:22,808 [Listener at 127.0.0.1/13528] INFO  algorithms.PipelineChoosePolicyFactory (PipelineChoosePolicyFactory.java:createPipelineChoosePolicyFromClass(73)) - Create pipeline choose policy of type org.apache.hadoop.hdds.scm.pipeline.choose.algorithms.RandomPipelineChoosePolicy
2021-07-06 17:09:22,808 [Listener at 127.0.0.1/13528] INFO  ha.SCMServiceManager (SCMServiceManager.java:register(43)) - Registering service SCMBlockDeletingService.
2021-07-06 17:09:22,809 [Listener at 127.0.0.1/13528] INFO  ha.SCMServiceManager (SCMServiceManager.java:register(43)) - Registering service ReplicationManager.
2021-07-06 17:09:22,809 [Listener at 127.0.0.1/13528] INFO  container.ReplicationManager (ReplicationManager.java:start(219)) - Starting Replication Monitor Thread.
2021-07-06 17:09:22,809 [Listener at 127.0.0.1/13528] INFO  safemode.ContainerSafeModeRule (ContainerSafeModeRule.java:<init>(89)) - containers with one replica threshold count 0
2021-07-06 17:09:22,810 [Listener at 127.0.0.1/13528] INFO  safemode.HealthyPipelineSafeModeRule (HealthyPipelineSafeModeRule.java:initializeRule(156)) - Total pipeline count is 0, healthy pipeline threshold count is 1
2021-07-06 17:09:22,810 [Listener at 127.0.0.1/13528] INFO  safemode.OneReplicaPipelineSafeModeRule (OneReplicaPipelineSafeModeRule.java:initializeRule(180)) - Total pipeline count is 0, pipeline's with at least one datanode reported threshold count is 0
2021-07-06 17:09:22,810 [Listener at 127.0.0.1/13528] INFO  ipc.CallQueueManager (CallQueueManager.java:<init>(85)) - Using callQueue: class java.util.concurrent.LinkedBlockingQueue, queueCapacity: 10000, scheduler: class org.apache.hadoop.ipc.DefaultRpcScheduler, ipcBackoff: false.
2021-07-06 17:09:22,814 [Socket Reader #1 for port 15273] INFO  ipc.Server (Server.java:run(1255)) - Starting Socket Reader #1 for port 15273
2021-07-06 17:09:22,814 [ReplicationMonitor] INFO  container.ReplicationManager (ReplicationManager.java:run(283)) - Replication Monitor Thread took 0 milliseconds for processing 0 containers.
2021-07-06 17:09:22,815 [Listener at 0.0.0.0/15273] INFO  ipc.CallQueueManager (CallQueueManager.java:<init>(85)) - Using callQueue: class java.util.concurrent.LinkedBlockingQueue, queueCapacity: 10000, scheduler: class org.apache.hadoop.ipc.DefaultRpcScheduler, ipcBackoff: false.
2021-07-06 17:09:22,816 [Socket Reader #1 for port 15274] INFO  ipc.Server (Server.java:run(1255)) - Starting Socket Reader #1 for port 15274
2021-07-06 17:09:22,816 [Listener at 0.0.0.0/15274] INFO  ipc.CallQueueManager (CallQueueManager.java:<init>(85)) - Using callQueue: class java.util.concurrent.LinkedBlockingQueue, queueCapacity: 10000, scheduler: class org.apache.hadoop.ipc.DefaultRpcScheduler, ipcBackoff: false.
2021-07-06 17:09:22,817 [Socket Reader #1 for port 15275] INFO  ipc.Server (Server.java:run(1255)) - Starting Socket Reader #1 for port 15275
2021-07-06 17:09:22,834 [Listener at 0.0.0.0/15275] INFO  server.StorageContainerManager (StorageContainerManager.java:<init>(363)) - 
Container Balancer status:
Key                            Value
Running                        true
Container Balancer Configuration values:
Key                            Value
Threshold                      0.1
Max Datanodes to Balance       5
Max Size to Move               10737418240B

2021-07-06 17:09:22,834 [Listener at 0.0.0.0/15275] WARN  events.EventQueue (EventQueue.java:fireEvent(194)) - No event handler registered for event TypedEvent{payloadType=SafeModeStatus, name='Safe mode status'}
2021-07-06 17:09:22,834 [Listener at 0.0.0.0/15275] INFO  ha.SCMContext (SCMContext.java:updateSafeModeStatus(208)) - Update SafeModeStatus from SafeModeStatus{safeModeStatus=true, preCheckPassed=false} to SafeModeStatus{safeModeStatus=true, preCheckPassed=false}.
2021-07-06 17:09:22,835 [Listener at 0.0.0.0/15275] INFO  server.StorageContainerManager (StorageContainerManager.java:start(1214)) - StorageContainerLocationProtocol RPC server is listening at /0.0.0.0:15275
2021-07-06 17:09:22,835 [Listener at 0.0.0.0/15275] INFO  ha.SCMRatisServerImpl (SCMRatisServerImpl.java:start(170)) - starting ratis server 0.0.0.0:15272
2021-07-06 17:09:22,835 [Listener at 0.0.0.0/15275] INFO  server.RaftServer$Division (RaftServerImpl.java:start(295)) - 48f00b5a-c605-41fe-901b-b25c0b7536a6@group-498FD787E76A: start as a follower, conf=0: [48f00b5a-c605-41fe-901b-b25c0b7536a6|rpc:localhost:15272|admin:|client:|dataStream:|priority:0], old=null
2021-07-06 17:09:22,835 [Listener at 0.0.0.0/15275] INFO  server.RaftServer$Division (RaftServerImpl.java:setRole(284)) - 48f00b5a-c605-41fe-901b-b25c0b7536a6@group-498FD787E76A: changes role from      null to FOLLOWER at term 1 for startAsFollower
2021-07-06 17:09:22,835 [Listener at 0.0.0.0/15275] INFO  impl.RoleInfo (RoleInfo.java:updateAndGet(130)) - 48f00b5a-c605-41fe-901b-b25c0b7536a6: start 48f00b5a-c605-41fe-901b-b25c0b7536a6@group-498FD787E76A-FollowerState
2021-07-06 17:09:22,836 [Listener at 0.0.0.0/15275] INFO  util.JmxRegister (JmxRegister.java:tryRegister(44)) - Successfully registered JMX Bean with object name Ratis:service=RaftServer,group=group-498FD787E76A,id=48f00b5a-c605-41fe-901b-b25c0b7536a6
2021-07-06 17:09:22,836 [Listener at 0.0.0.0/15275] INFO  metrics.RatisMetrics (RatisMetrics.java:lambda$create$0(36)) - Creating Metrics Registry : ratis.state_machine.48f00b5a-c605-41fe-901b-b25c0b7536a6@group-498FD787E76A
2021-07-06 17:09:22,837 [Listener at 0.0.0.0/15275] INFO  server.RaftServer (RaftServerProxy.java:lambda$start$5(374)) - 48f00b5a-c605-41fe-901b-b25c0b7536a6: start RPC server
2021-07-06 17:09:22,838 [Listener at 0.0.0.0/15275] INFO  server.GrpcService (GrpcService.java:startImpl(253)) - 48f00b5a-c605-41fe-901b-b25c0b7536a6: GrpcService started, listening on 15272
2021-07-06 17:09:22,838 [Listener at 0.0.0.0/15275] INFO  ha.SCMHAManagerImpl (SCMHAManagerImpl.java:start(120)) -  scm role is FOLLOWER peers [48f00b5a-c605-41fe-901b-b25c0b7536a6|rpc:localhost:15272|admin:|client:|dataStream:|priority:0]
2021-07-06 17:09:22,838 [Listener at 0.0.0.0/15275] INFO  ha.InterSCMGrpcService (InterSCMGrpcProtocolService.java:start(94)) - Starting SCM Grpc Service at port 15276
2021-07-06 17:09:22,838 [org.apache.ratis.util.JvmPauseMonitor$$Lambda$493/488669101@74cc987a] INFO  util.JvmPauseMonitor (JvmPauseMonitor.java:run(103)) - JvmPauseMonitor-48f00b5a-c605-41fe-901b-b25c0b7536a6: Started
2021-07-06 17:09:22,841 [Listener at 0.0.0.0/15275] WARN  impl.MetricsConfig (MetricsConfig.java:loadFirst(136)) - Cannot locate configuration: tried hadoop-metrics2-storagecontainermanager.properties,hadoop-metrics2.properties
2021-07-06 17:09:22,842 [Listener at 0.0.0.0/15275] INFO  impl.MetricsSystemImpl (MetricsSystemImpl.java:startTimer(378)) - Scheduled Metric snapshot period at 10 second(s).
2021-07-06 17:09:22,842 [Listener at 0.0.0.0/15275] INFO  impl.MetricsSystemImpl (MetricsSystemImpl.java:start(191)) - StorageContainerManager metrics system started
2021-07-06 17:09:22,869 [Listener at 0.0.0.0/15275] INFO  impl.MetricsSinkAdapter (MetricsSinkAdapter.java:start(204)) - Sink prometheus started
2021-07-06 17:09:22,869 [Listener at 0.0.0.0/15275] INFO  impl.MetricsSystemImpl (MetricsSystemImpl.java:registerSink(305)) - Registered sink prometheus
2021-07-06 17:09:22,877 [Listener at 0.0.0.0/15275] INFO  server.SCMClientProtocolServer (SCMClientProtocolServer.java:start(163)) - RPC server for Client  is listening at /0.0.0.0:15275
2021-07-06 17:09:22,878 [IPC Server Responder] INFO  ipc.Server (Server.java:run(1497)) - IPC Server Responder: starting
2021-07-06 17:09:22,878 [IPC Server listener on 15275] INFO  ipc.Server (Server.java:run(1334)) - IPC Server listener on 15275: starting
2021-07-06 17:09:22,903 [Listener at 0.0.0.0/15275] INFO  server.StorageContainerManager (StorageContainerManager.java:start(1229)) - ScmBlockLocationProtocol RPC server is listening at /0.0.0.0:15274
2021-07-06 17:09:22,903 [Listener at 0.0.0.0/15275] INFO  server.SCMBlockProtocolServer (SCMBlockProtocolServer.java:start(151)) - RPC server for Block Protocol is listening at /0.0.0.0:15274
2021-07-06 17:09:22,904 [IPC Server Responder] INFO  ipc.Server (Server.java:run(1497)) - IPC Server Responder: starting
2021-07-06 17:09:22,907 [IPC Server listener on 15274] INFO  ipc.Server (Server.java:run(1334)) - IPC Server listener on 15274: starting
2021-07-06 17:09:22,923 [Listener at 0.0.0.0/15275] INFO  server.StorageContainerManager (StorageContainerManager.java:start(1235)) - ScmDatanodeProtocl RPC server is listening at /0.0.0.0:15273
2021-07-06 17:09:22,924 [org.apache.hadoop.util.JvmPauseMonitor$Monitor@6324186b] INFO  util.JvmPauseMonitor (JvmPauseMonitor.java:run(188)) - Starting JVM pause monitor
2021-07-06 17:09:22,925 [Listener at 0.0.0.0/15275] INFO  http.BaseHttpServer (BaseHttpServer.java:newHttpServer2BuilderForOzone(209)) - Starting Web-server for scm at: http://0.0.0.0:15270
2021-07-06 17:09:22,925 [Listener at 0.0.0.0/15275] INFO  http.BaseHttpServer (BaseHttpServer.java:<init>(107)) - Hadoop Security Enabled: false Ozone Security Enabled: false Ozone HTTP Security Enabled: false 
2021-07-06 17:09:22,926 [Listener at 0.0.0.0/15275] INFO  server.AuthenticationFilter (AuthenticationFilter.java:constructSecretProvider(240)) - Unable to initialize FileSignerSecretProvider, falling back to use random secrets.
2021-07-06 17:09:22,927 [Listener at 0.0.0.0/15275] WARN  http.HttpRequestLog (HttpRequestLog.java:getRequestLog(103)) - Jetty request log can only be enabled using Log4j
2021-07-06 17:09:22,928 [Listener at 0.0.0.0/15275] INFO  http.HttpServer2 (HttpServer2.java:addGlobalFilter(1020)) - Added global filter 'safety' (class=org.apache.hadoop.hdds.server.http.HttpServer2$QuotingInputFilter)
2021-07-06 17:09:22,929 [Listener at 0.0.0.0/15275] INFO  http.HttpServer2 (HttpServer2.java:addFilter(996)) - Added filter static_user_filter (class=org.apache.hadoop.http.lib.StaticUserWebFilter$StaticUserFilter) to context scm
2021-07-06 17:09:22,929 [Listener at 0.0.0.0/15275] INFO  http.HttpServer2 (HttpServer2.java:addFilter(1004)) - Added filter static_user_filter (class=org.apache.hadoop.http.lib.StaticUserWebFilter$StaticUserFilter) to context logs
2021-07-06 17:09:22,929 [Listener at 0.0.0.0/15275] INFO  http.HttpServer2 (HttpServer2.java:addFilter(1004)) - Added filter static_user_filter (class=org.apache.hadoop.http.lib.StaticUserWebFilter$StaticUserFilter) to context static
2021-07-06 17:09:22,930 [Listener at 0.0.0.0/15275] INFO  http.HttpServer2 (HttpServer2.java:bindListener(1238)) - Jetty bound to port 15270
2021-07-06 17:09:22,930 [Listener at 0.0.0.0/15275] INFO  server.Server (Server.java:doStart(375)) - jetty-9.4.35.v20201120; built: 2020-11-20T21:17:03.964Z; git: bdc54f03a5e0a7e280fab27f55c3c75ee8da89fb; jvm 1.8.0_292-b10
2021-07-06 17:09:22,931 [Listener at 0.0.0.0/15275] INFO  server.session (DefaultSessionIdManager.java:doStart(334)) - DefaultSessionIdManager workerName=node0
2021-07-06 17:09:22,932 [Listener at 0.0.0.0/15275] INFO  server.session (DefaultSessionIdManager.java:doStart(339)) - No SessionScavenger set, using defaults
2021-07-06 17:09:22,932 [Listener at 0.0.0.0/15275] INFO  server.session (HouseKeeper.java:startScavenging(132)) - node0 Scavenging every 660000ms
2021-07-06 17:09:22,932 [Listener at 0.0.0.0/15275] INFO  handler.ContextHandler (ContextHandler.java:doStart(916)) - Started o.e.j.s.ServletContextHandler@3949fcdc{logs,/logs,file:///home/runner/work/ozone/ozone/mnt/ozone/hadoop-ozone/integration-test/target/log,AVAILABLE}
2021-07-06 17:09:22,933 [Listener at 0.0.0.0/15275] INFO  handler.ContextHandler (ContextHandler.java:doStart(916)) - Started o.e.j.s.ServletContextHandler@411b4a70{static,/static,file:///home/runner/work/ozone/ozone/mnt/ozone/hadoop-ozone/integration-test/target/test-classes/webapps/static,AVAILABLE}
2021-07-06 17:09:22,936 [Listener at 0.0.0.0/15275] INFO  handler.ContextHandler (ContextHandler.java:doStart(916)) - Started o.e.j.w.WebAppContext@1c84d89e{scm,/,file:///home/runner/work/ozone/ozone/mnt/ozone/hadoop-ozone/integration-test/target/test-classes/webapps/scm/,AVAILABLE}{file:/home/runner/work/ozone/ozone/mnt/ozone/hadoop-ozone/integration-test/target/test-classes/webapps/scm}
2021-07-06 17:09:22,937 [Listener at 0.0.0.0/15275] INFO  server.AbstractConnector (AbstractConnector.java:doStart(331)) - Started ServerConnector@6b6477fb{HTTP/1.1, (http/1.1)}{0.0.0.0:15270}
2021-07-06 17:09:22,938 [Listener at 0.0.0.0/15275] INFO  server.Server (Server.java:doStart(415)) - Started @70476ms
2021-07-06 17:09:22,938 [Listener at 0.0.0.0/15275] WARN  impl.MetricsSystemImpl (MetricsSystemImpl.java:register(279)) - Sink prometheus already exists!
2021-07-06 17:09:22,938 [Listener at 0.0.0.0/15275] INFO  http.BaseHttpServer (BaseHttpServer.java:updateConnectorAddress(329)) - HTTP server of scm listening at http://0.0.0.0:15270
2021-07-06 17:09:22,938 [Listener at 0.0.0.0/15275] INFO  ozone.MiniOzoneHAClusterImpl (MiniOzoneHAClusterImpl.java:createSCMService(537)) - Started SCM RPC server at org.apache.hadoop.hdds.scm.server.SCMClientProtocolServer@66009368
2021-07-06 17:09:22,939 [Listener at 0.0.0.0/15275] INFO  ha.SCMHANodeDetails (SCMHANodeDetails.java:loadSCMHAConfig(157)) - ServiceID for StorageContainerManager is scm-service-test1
2021-07-06 17:09:22,939 [Listener at 0.0.0.0/15275] INFO  ha.SCMHANodeDetails (SCMHANodeDetails.java:loadSCMHAConfig(168)) - ServiceID for StorageContainerManager is scm-service-test1
2021-07-06 17:09:22,939 [Listener at 0.0.0.0/15275] WARN  scm.ScmUtils (ScmUtils.java:logWarn(179)) - ConfigKey ozone.scm.block.client.address is deprecated, For configuring different ports for each SCM use PortConfigKey ozone.scm.block.client.port appended with serviceId and nodeId. If want to configure same port configure ozone.scm.block.client.port
2021-07-06 17:09:22,940 [Listener at 0.0.0.0/15275] WARN  scm.ScmUtils (ScmUtils.java:logWarn(179)) - ConfigKey ozone.scm.client.address is deprecated, For configuring different ports for each SCM use PortConfigKey ozone.scm.client.port appended with serviceId and nodeId. If want to configure same port configure ozone.scm.client.port
2021-07-06 17:09:22,940 [Listener at 0.0.0.0/15275] WARN  scm.ScmUtils (ScmUtils.java:logWarn(179)) - ConfigKey ozone.scm.datanode.address is deprecated, For configuring different ports for each SCM use PortConfigKey ozone.scm.datanode.port appended with serviceId and nodeId. If want to configure same port configure ozone.scm.datanode.port
2021-07-06 17:09:22,940 [Listener at 0.0.0.0/15275] WARN  scm.ScmUtils (ScmUtils.java:logWarn(179)) - ConfigKey ozone.scm.block.client.address is deprecated, For configuring different ports for each SCM use PortConfigKey ozone.scm.block.client.port appended with serviceId and nodeId. If want to configure same port configure ozone.scm.block.client.port
2021-07-06 17:09:22,940 [Listener at 0.0.0.0/15275] WARN  scm.ScmUtils (ScmUtils.java:logWarn(179)) - ConfigKey ozone.scm.client.address is deprecated, For configuring different ports for each SCM use PortConfigKey ozone.scm.client.port appended with serviceId and nodeId. If want to configure same port configure ozone.scm.client.port
2021-07-06 17:09:22,940 [Listener at 0.0.0.0/15275] WARN  scm.ScmUtils (ScmUtils.java:logWarn(179)) - ConfigKey ozone.scm.datanode.address is deprecated, For configuring different ports for each SCM use PortConfigKey ozone.scm.datanode.port appended with serviceId and nodeId. If want to configure same port configure ozone.scm.datanode.port
2021-07-06 17:09:22,940 [Listener at 0.0.0.0/15275] INFO  ha.SCMHANodeDetails (SCMHANodeDetails.java:loadSCMHAConfig(250)) - Found matching SCM address with SCMServiceId: scm-service-test1, SCMNodeId: scmNode-2, RPC Address: localhost:15282 and Ratis port: 15282
2021-07-06 17:09:22,940 [Listener at 0.0.0.0/15275] INFO  ha.SCMHANodeDetails (ConfUtils.java:setNodeSpecificConfigs(108)) - Setting configuration key ozone.scm.datanode.address with value of key ozone.scm.datanode.address.scm-service-test1.scmNode-2: 127.0.0.1:15283
2021-07-06 17:09:22,941 [Listener at 0.0.0.0/15275] INFO  ha.SCMHANodeDetails (ConfUtils.java:setNodeSpecificConfigs(108)) - Setting configuration key ozone.scm.block.client.address with value of key ozone.scm.block.client.address.scm-service-test1.scmNode-2: 127.0.0.1:15284
2021-07-06 17:09:22,941 [Listener at 0.0.0.0/15275] INFO  ha.SCMHANodeDetails (ConfUtils.java:setNodeSpecificConfigs(108)) - Setting configuration key ozone.scm.client.address with value of key ozone.scm.client.address.scm-service-test1.scmNode-2: 127.0.0.1:15285
2021-07-06 17:09:22,941 [Listener at 0.0.0.0/15275] INFO  ha.SCMHANodeDetails (ConfUtils.java:setNodeSpecificConfigs(108)) - Setting configuration key ozone.scm.ratis.port with value of key ozone.scm.ratis.port.scm-service-test1.scmNode-2: 15282
2021-07-06 17:09:22,941 [Listener at 0.0.0.0/15275] INFO  ha.SCMHANodeDetails (ConfUtils.java:setNodeSpecificConfigs(108)) - Setting configuration key ozone.scm.grpc.port with value of key ozone.scm.grpc.port.scm-service-test1.scmNode-2: 15286
2021-07-06 17:09:22,941 [Listener at 0.0.0.0/15275] INFO  ha.SCMHANodeDetails (ConfUtils.java:setNodeSpecificConfigs(108)) - Setting configuration key ozone.scm.http-address with value of key ozone.scm.http-address.scm-service-test1.scmNode-2: 127.0.0.1:15280
2021-07-06 17:09:22,941 [Listener at 0.0.0.0/15275] INFO  ha.SCMHANodeDetails (ConfUtils.java:setNodeSpecificConfigs(108)) - Setting configuration key ozone.scm.https-address with value of key ozone.scm.https-address.scm-service-test1.scmNode-2: 127.0.0.1:15281
2021-07-06 17:09:22,941 [Listener at 0.0.0.0/15275] INFO  ha.SCMHANodeDetails (ConfUtils.java:setNodeSpecificConfigs(108)) - Setting configuration key ozone.scm.address with value of key ozone.scm.address.scm-service-test1.scmNode-2: 127.0.0.1
2021-07-06 17:09:22,941 [Listener at 0.0.0.0/15275] WARN  scm.ScmUtils (ScmUtils.java:logWarn(179)) - ConfigKey ozone.scm.block.client.address is deprecated, For configuring different ports for each SCM use PortConfigKey ozone.scm.block.client.port appended with serviceId and nodeId. If want to configure same port configure ozone.scm.block.client.port
2021-07-06 17:09:22,942 [Listener at 0.0.0.0/15275] WARN  scm.ScmUtils (ScmUtils.java:logWarn(179)) - ConfigKey ozone.scm.client.address is deprecated, For configuring different ports for each SCM use PortConfigKey ozone.scm.client.port appended with serviceId and nodeId. If want to configure same port configure ozone.scm.client.port
2021-07-06 17:09:22,942 [Listener at 0.0.0.0/15275] WARN  scm.ScmUtils (ScmUtils.java:logWarn(179)) - ConfigKey ozone.scm.datanode.address is deprecated, For configuring different ports for each SCM use PortConfigKey ozone.scm.datanode.port appended with serviceId and nodeId. If want to configure same port configure ozone.scm.datanode.port
2021-07-06 17:09:22,942 [Listener at 0.0.0.0/15275] WARN  server.ServerUtils (ServerUtils.java:getScmDbDir(148)) - ozone.scm.db.dirs is not configured. We recommend adding this setting. Falling back to ozone.metadata.dirs instead.
2021-07-06 17:09:22,943 [Listener at 0.0.0.0/15275] INFO  ha.SCMNodeInfo (SCMNodeInfo.java:getPort(197)) - ConfigKey ozone.scm.client.address is deprecated, For configuring different ports for each SCM use PortConfigKey ozone.scm.client.port appended with serviceId and nodeId
2021-07-06 17:09:22,943 [Listener at 0.0.0.0/15275] INFO  ha.SCMNodeInfo (SCMNodeInfo.java:getPort(197)) - ConfigKey ozone.scm.block.client.address is deprecated, For configuring different ports for each SCM use PortConfigKey ozone.scm.block.client.port appended with serviceId and nodeId
2021-07-06 17:09:22,943 [Listener at 0.0.0.0/15275] INFO  ha.SCMNodeInfo (SCMNodeInfo.java:getPort(197)) - ConfigKey ozone.scm.datanode.address is deprecated, For configuring different ports for each SCM use PortConfigKey ozone.scm.datanode.port appended with serviceId and nodeId
2021-07-06 17:09:22,944 [Listener at 0.0.0.0/15275] INFO  ha.SCMNodeInfo (SCMNodeInfo.java:getPort(197)) - ConfigKey ozone.scm.client.address is deprecated, For configuring different ports for each SCM use PortConfigKey ozone.scm.client.port appended with serviceId and nodeId
2021-07-06 17:09:22,944 [Listener at 0.0.0.0/15275] INFO  ha.SCMNodeInfo (SCMNodeInfo.java:getPort(197)) - ConfigKey ozone.scm.block.client.address is deprecated, For configuring different ports for each SCM use PortConfigKey ozone.scm.block.client.port appended with serviceId and nodeId
2021-07-06 17:09:22,944 [Listener at 0.0.0.0/15275] INFO  ha.SCMNodeInfo (SCMNodeInfo.java:getPort(197)) - ConfigKey ozone.scm.datanode.address is deprecated, For configuring different ports for each SCM use PortConfigKey ozone.scm.datanode.port appended with serviceId and nodeId
2021-07-06 17:09:22,944 [Listener at 0.0.0.0/15275] INFO  ha.SCMNodeInfo (SCMNodeInfo.java:getPort(197)) - ConfigKey ozone.scm.client.address is deprecated, For configuring different ports for each SCM use PortConfigKey ozone.scm.client.port appended with serviceId and nodeId
2021-07-06 17:09:22,944 [Listener at 0.0.0.0/15275] INFO  ha.SCMNodeInfo (SCMNodeInfo.java:getPort(197)) - ConfigKey ozone.scm.block.client.address is deprecated, For configuring different ports for each SCM use PortConfigKey ozone.scm.block.client.port appended with serviceId and nodeId
2021-07-06 17:09:22,944 [Listener at 0.0.0.0/15275] INFO  ha.SCMNodeInfo (SCMNodeInfo.java:getPort(197)) - ConfigKey ozone.scm.datanode.address is deprecated, For configuring different ports for each SCM use PortConfigKey ozone.scm.datanode.port appended with serviceId and nodeId
2021-07-06 17:09:23,480 [EndpointStateMachine task thread for /127.0.0.1:15657 - 0 ] INFO  ipc.Client (Client.java:handleConnectionFailure(966)) - Retrying connect to server: localhost/127.0.0.1:15657. Already tried 2 time(s); retry policy is RetryUpToMaximumCountWithFixedSleep(maxRetries=15, sleepTime=1000 MILLISECONDS)
2021-07-06 17:09:23,480 [EndpointStateMachine task thread for /127.0.0.1:15667 - 0 ] INFO  ipc.Client (Client.java:handleConnectionFailure(966)) - Retrying connect to server: localhost/127.0.0.1:15667. Already tried 2 time(s); retry policy is RetryUpToMaximumCountWithFixedSleep(maxRetries=15, sleepTime=1000 MILLISECONDS)
2021-07-06 17:09:23,481 [EndpointStateMachine task thread for /127.0.0.1:15677 - 0 ] INFO  ipc.Client (Client.java:handleConnectionFailure(966)) - Retrying connect to server: localhost/127.0.0.1:15677. Already tried 2 time(s); retry policy is RetryUpToMaximumCountWithFixedSleep(maxRetries=15, sleepTime=1000 MILLISECONDS)
2021-07-06 17:09:24,481 [EndpointStateMachine task thread for /127.0.0.1:15657 - 0 ] INFO  ipc.Client (Client.java:handleConnectionFailure(966)) - Retrying connect to server: localhost/127.0.0.1:15657. Already tried 3 time(s); retry policy is RetryUpToMaximumCountWithFixedSleep(maxRetries=15, sleepTime=1000 MILLISECONDS)
2021-07-06 17:09:24,481 [EndpointStateMachine task thread for /127.0.0.1:15667 - 0 ] INFO  ipc.Client (Client.java:handleConnectionFailure(966)) - Retrying connect to server: localhost/127.0.0.1:15667. Already tried 3 time(s); retry policy is RetryUpToMaximumCountWithFixedSleep(maxRetries=15, sleepTime=1000 MILLISECONDS)
2021-07-06 17:09:24,482 [EndpointStateMachine task thread for /127.0.0.1:15677 - 0 ] INFO  ipc.Client (Client.java:handleConnectionFailure(966)) - Retrying connect to server: localhost/127.0.0.1:15677. Already tried 3 time(s); retry policy is RetryUpToMaximumCountWithFixedSleep(maxRetries=15, sleepTime=1000 MILLISECONDS)
2021-07-06 17:09:24,952 [Listener at 0.0.0.0/15275] INFO  retry.RetryInvocationHandler (RetryInvocationHandler.java:log(411)) - com.google.protobuf.ServiceException: java.net.ConnectException: Call From fv-az50-207/10.1.0.59 to localhost:15284 failed on connection exception: java.net.ConnectException: Connection refused; For more details see:  http://wiki.apache.org/hadoop/ConnectionRefused, while invoking $Proxy37.send over nodeId=scmNode-2,nodeAddress=/127.0.0.1:15284 after 1 failover attempts. Trying to failover after sleeping for 2000ms.
2021-07-06 17:09:25,482 [EndpointStateMachine task thread for /127.0.0.1:15657 - 0 ] INFO  ipc.Client (Client.java:handleConnectionFailure(966)) - Retrying connect to server: localhost/127.0.0.1:15657. Already tried 4 time(s); retry policy is RetryUpToMaximumCountWithFixedSleep(maxRetries=15, sleepTime=1000 MILLISECONDS)
2021-07-06 17:09:25,482 [EndpointStateMachine task thread for /127.0.0.1:15667 - 0 ] INFO  ipc.Client (Client.java:handleConnectionFailure(966)) - Retrying connect to server: localhost/127.0.0.1:15667. Already tried 4 time(s); retry policy is RetryUpToMaximumCountWithFixedSleep(maxRetries=15, sleepTime=1000 MILLISECONDS)
2021-07-06 17:09:25,483 [EndpointStateMachine task thread for /127.0.0.1:15677 - 0 ] INFO  ipc.Client (Client.java:handleConnectionFailure(966)) - Retrying connect to server: localhost/127.0.0.1:15677. Already tried 4 time(s); retry policy is RetryUpToMaximumCountWithFixedSleep(maxRetries=15, sleepTime=1000 MILLISECONDS)
2021-07-06 17:09:26,483 [EndpointStateMachine task thread for /127.0.0.1:15657 - 0 ] INFO  ipc.Client (Client.java:handleConnectionFailure(966)) - Retrying connect to server: localhost/127.0.0.1:15657. Already tried 5 time(s); retry policy is RetryUpToMaximumCountWithFixedSleep(maxRetries=15, sleepTime=1000 MILLISECONDS)
2021-07-06 17:09:26,483 [EndpointStateMachine task thread for /127.0.0.1:15677 - 0 ] INFO  ipc.Client (Client.java:handleConnectionFailure(966)) - Retrying connect to server: localhost/127.0.0.1:15677. Already tried 5 time(s); retry policy is RetryUpToMaximumCountWithFixedSleep(maxRetries=15, sleepTime=1000 MILLISECONDS)
2021-07-06 17:09:26,483 [EndpointStateMachine task thread for /127.0.0.1:15667 - 0 ] INFO  ipc.Client (Client.java:handleConnectionFailure(966)) - Retrying connect to server: localhost/127.0.0.1:15667. Already tried 5 time(s); retry policy is RetryUpToMaximumCountWithFixedSleep(maxRetries=15, sleepTime=1000 MILLISECONDS)
2021-07-06 17:09:26,954 [Listener at 0.0.0.0/15275] INFO  retry.RetryInvocationHandler (RetryInvocationHandler.java:log(411)) - com.google.protobuf.ServiceException: java.net.ConnectException: Call From fv-az50-207/10.1.0.59 to localhost:15294 failed on connection exception: java.net.ConnectException: Connection refused; For more details see:  http://wiki.apache.org/hadoop/ConnectionRefused, while invoking $Proxy37.send over nodeId=scmNode-3,nodeAddress=/127.0.0.1:15294 after 2 failover attempts. Trying to failover after sleeping for 2000ms.
2021-07-06 17:09:27,484 [EndpointStateMachine task thread for /127.0.0.1:15657 - 0 ] INFO  ipc.Client (Client.java:handleConnectionFailure(966)) - Retrying connect to server: localhost/127.0.0.1:15657. Already tried 6 time(s); retry policy is RetryUpToMaximumCountWithFixedSleep(maxRetries=15, sleepTime=1000 MILLISECONDS)
2021-07-06 17:09:27,485 [EndpointStateMachine task thread for /127.0.0.1:15667 - 0 ] INFO  ipc.Client (Client.java:handleConnectionFailure(966)) - Retrying connect to server: localhost/127.0.0.1:15667. Already tried 6 time(s); retry policy is RetryUpToMaximumCountWithFixedSleep(maxRetries=15, sleepTime=1000 MILLISECONDS)
2021-07-06 17:09:27,484 [EndpointStateMachine task thread for /127.0.0.1:15677 - 0 ] INFO  ipc.Client (Client.java:handleConnectionFailure(966)) - Retrying connect to server: localhost/127.0.0.1:15677. Already tried 6 time(s); retry policy is RetryUpToMaximumCountWithFixedSleep(maxRetries=15, sleepTime=1000 MILLISECONDS)
2021-07-06 17:09:27,849 [48f00b5a-c605-41fe-901b-b25c0b7536a6@group-498FD787E76A-FollowerState] INFO  impl.FollowerState (FollowerState.java:run(134)) - 48f00b5a-c605-41fe-901b-b25c0b7536a6@group-498FD787E76A-FollowerState: change to CANDIDATE, lastRpcElapsedTime:5013958480ns, electionTimeout:5012ms
2021-07-06 17:09:27,850 [48f00b5a-c605-41fe-901b-b25c0b7536a6@group-498FD787E76A-FollowerState] INFO  impl.RoleInfo (RoleInfo.java:shutdownFollowerState(108)) - 48f00b5a-c605-41fe-901b-b25c0b7536a6: shutdown 48f00b5a-c605-41fe-901b-b25c0b7536a6@group-498FD787E76A-FollowerState
2021-07-06 17:09:27,850 [48f00b5a-c605-41fe-901b-b25c0b7536a6@group-498FD787E76A-FollowerState] INFO  server.RaftServer$Division (RaftServerImpl.java:setRole(284)) - 48f00b5a-c605-41fe-901b-b25c0b7536a6@group-498FD787E76A: changes role from  FOLLOWER to CANDIDATE at term 1 for changeToCandidate
2021-07-06 17:09:27,850 [48f00b5a-c605-41fe-901b-b25c0b7536a6@group-498FD787E76A-FollowerState] INFO  server.RaftServerConfigKeys (ConfUtils.java:logGet(44)) - raft.server.leaderelection.pre-vote = false (custom)
2021-07-06 17:09:27,850 [48f00b5a-c605-41fe-901b-b25c0b7536a6@group-498FD787E76A-FollowerState] INFO  impl.RoleInfo (RoleInfo.java:updateAndGet(130)) - 48f00b5a-c605-41fe-901b-b25c0b7536a6: start 48f00b5a-c605-41fe-901b-b25c0b7536a6@group-498FD787E76A-LeaderElection16
2021-07-06 17:09:27,859 [48f00b5a-c605-41fe-901b-b25c0b7536a6@group-498FD787E76A-LeaderElection16] INFO  impl.LeaderElection (LeaderElection.java:askForVotes(306)) - 48f00b5a-c605-41fe-901b-b25c0b7536a6@group-498FD787E76A-LeaderElection16 ELECTION round 0: submit vote requests at term 2 for 0: [48f00b5a-c605-41fe-901b-b25c0b7536a6|rpc:localhost:15272|admin:|client:|dataStream:|priority:0], old=null
2021-07-06 17:09:27,859 [48f00b5a-c605-41fe-901b-b25c0b7536a6@group-498FD787E76A-LeaderElection16] INFO  impl.LeaderElection (LeaderElection.java:askForVotes(308)) - 48f00b5a-c605-41fe-901b-b25c0b7536a6@group-498FD787E76A-LeaderElection16 ELECTION round 0: result PASSED (term=2)
2021-07-06 17:09:27,859 [48f00b5a-c605-41fe-901b-b25c0b7536a6@group-498FD787E76A-LeaderElection16] INFO  impl.RoleInfo (RoleInfo.java:shutdownLeaderElection(121)) - 48f00b5a-c605-41fe-901b-b25c0b7536a6: shutdown 48f00b5a-c605-41fe-901b-b25c0b7536a6@group-498FD787E76A-LeaderElection16
2021-07-06 17:09:27,859 [48f00b5a-c605-41fe-901b-b25c0b7536a6@group-498FD787E76A-LeaderElection16] INFO  server.RaftServer$Division (RaftServerImpl.java:setRole(284)) - 48f00b5a-c605-41fe-901b-b25c0b7536a6@group-498FD787E76A: changes role from CANDIDATE to LEADER at term 2 for changeToLeader
2021-07-06 17:09:27,859 [48f00b5a-c605-41fe-901b-b25c0b7536a6@group-498FD787E76A-LeaderElection16] INFO  ha.SCMStateMachine (SCMStateMachine.java:notifyLeaderChanged(252)) - current SCM becomes leader of term 2.
2021-07-06 17:09:27,859 [48f00b5a-c605-41fe-901b-b25c0b7536a6@group-498FD787E76A-LeaderElection16] INFO  ha.SCMContext (SCMContext.java:updateLeaderAndTerm(91)) - update <isLeader,term> from <false,0> to <true,2>
2021-07-06 17:09:27,859 [48f00b5a-c605-41fe-901b-b25c0b7536a6@group-498FD787E76A-LeaderElection16] INFO  server.RaftServer$Division (ServerState.java:setLeader(271)) - 48f00b5a-c605-41fe-901b-b25c0b7536a6@group-498FD787E76A: change Leader from null to 48f00b5a-c605-41fe-901b-b25c0b7536a6 at term 2 for becomeLeader, leader elected after 5064ms
2021-07-06 17:09:27,860 [48f00b5a-c605-41fe-901b-b25c0b7536a6@group-498FD787E76A-LeaderElection16] INFO  server.RaftServerConfigKeys (ConfUtils.java:logGet(44)) - raft.server.staging.catchup.gap = 1000 (default)
2021-07-06 17:09:27,860 [48f00b5a-c605-41fe-901b-b25c0b7536a6@group-498FD787E76A-LeaderElection16] INFO  metrics.RatisMetrics (RatisMetrics.java:lambda$create$0(36)) - Creating Metrics Registry : ratis.log_appender.48f00b5a-c605-41fe-901b-b25c0b7536a6@group-498FD787E76A
2021-07-06 17:09:27,860 [48f00b5a-c605-41fe-901b-b25c0b7536a6@group-498FD787E76A-LeaderElection16] INFO  server.RaftServerConfigKeys (ConfUtils.java:logGet(44)) - raft.server.write.element-limit = 4096 (default)
2021-07-06 17:09:27,860 [48f00b5a-c605-41fe-901b-b25c0b7536a6@group-498FD787E76A-LeaderElection16] INFO  server.RaftServerConfigKeys (ConfUtils.java:logGet(44)) - raft.server.write.byte-limit = 64MB (=67108864) (default)
2021-07-06 17:09:27,860 [48f00b5a-c605-41fe-901b-b25c0b7536a6@group-498FD787E76A-LeaderElection16] INFO  server.RaftServerConfigKeys (ConfUtils.java:logGet(44)) - raft.server.watch.timeout = 10s (default)
2021-07-06 17:09:27,860 [48f00b5a-c605-41fe-901b-b25c0b7536a6@group-498FD787E76A-LeaderElection16] INFO  server.RaftServerConfigKeys (ConfUtils.java:logGet(44)) - raft.server.watch.timeout.denomination = 1s (default)
2021-07-06 17:09:27,860 [48f00b5a-c605-41fe-901b-b25c0b7536a6@group-498FD787E76A-LeaderElection16] INFO  server.RaftServerConfigKeys (ConfUtils.java:logGet(44)) - raft.server.watch.element-limit = 65536 (default)
2021-07-06 17:09:27,860 [48f00b5a-c605-41fe-901b-b25c0b7536a6@group-498FD787E76A-LeaderElection16] INFO  impl.RoleInfo (RoleInfo.java:updateAndGet(130)) - 48f00b5a-c605-41fe-901b-b25c0b7536a6: start 48f00b5a-c605-41fe-901b-b25c0b7536a6@group-498FD787E76A-LeaderStateImpl
2021-07-06 17:09:27,861 [48f00b5a-c605-41fe-901b-b25c0b7536a6@group-498FD787E76A-LeaderElection16] INFO  segmented.SegmentedRaftLogWorker (SegmentedRaftLogWorker.java:rollLogSegment(399)) - 48f00b5a-c605-41fe-901b-b25c0b7536a6@group-498FD787E76A-SegmentedRaftLogWorker: Rolling segment log-0_0 to index:0
2021-07-06 17:09:27,863 [48f00b5a-c605-41fe-901b-b25c0b7536a6@group-498FD787E76A-SegmentedRaftLogWorker] INFO  segmented.SegmentedRaftLogWorker (SegmentedRaftLogWorker.java:execute(558)) - 48f00b5a-c605-41fe-901b-b25c0b7536a6@group-498FD787E76A-SegmentedRaftLogWorker: Rolled log segment from /home/runner/work/ozone/ozone/mnt/ozone/hadoop-ozone/integration-test/target/test-dir/MiniOzoneClusterImpl-f74e07ef-a4e5-4994-bf82-498fd787e76a/scmNode-1/scm-ha/f74e07ef-a4e5-4994-bf82-498fd787e76a/current/log_inprogress_0 to /home/runner/work/ozone/ozone/mnt/ozone/hadoop-ozone/integration-test/target/test-dir/MiniOzoneClusterImpl-f74e07ef-a4e5-4994-bf82-498fd787e76a/scmNode-1/scm-ha/f74e07ef-a4e5-4994-bf82-498fd787e76a/current/log_0-0
2021-07-06 17:09:27,864 [48f00b5a-c605-41fe-901b-b25c0b7536a6@group-498FD787E76A-LeaderElection16] INFO  server.RaftServer$Division (ServerState.java:setRaftConf(373)) - 48f00b5a-c605-41fe-901b-b25c0b7536a6@group-498FD787E76A: set configuration 1: [48f00b5a-c605-41fe-901b-b25c0b7536a6|rpc:localhost:15272|admin:|client:|dataStream:|priority:0], old=null
2021-07-06 17:09:27,864 [48f00b5a-c605-41fe-901b-b25c0b7536a6@group-498FD787E76A-SegmentedRaftLogWorker] INFO  segmented.SegmentedRaftLogWorker (SegmentedRaftLogWorker.java:execute(601)) - 48f00b5a-c605-41fe-901b-b25c0b7536a6@group-498FD787E76A-SegmentedRaftLogWorker: created new log segment /home/runner/work/ozone/ozone/mnt/ozone/hadoop-ozone/integration-test/target/test-dir/MiniOzoneClusterImpl-f74e07ef-a4e5-4994-bf82-498fd787e76a/scmNode-1/scm-ha/f74e07ef-a4e5-4994-bf82-498fd787e76a/current/log_inprogress_1
2021-07-06 17:09:27,866 [48f00b5a-c605-41fe-901b-b25c0b7536a6@group-498FD787E76A-StateMachineUpdater] INFO  ha.SCMContext (SCMContext.java:setLeaderReady(118)) - update <isLeaderReady> from <false> to <true>
2021-07-06 17:09:27,870 [48f00b5a-c605-41fe-901b-b25c0b7536a6@group-498FD787E76A-StateMachineUpdater] INFO  pipeline.BackgroundPipelineCreator (BackgroundPipelineCreatorV2.java:notifyStatusChanged(264)) - Service BackgroundPipelineCreator transitions to RUNNING.
2021-07-06 17:09:27,870 [48f00b5a-c605-41fe-901b-b25c0b7536a6@group-498FD787E76A-StateMachineUpdater] INFO  safemode.HealthyPipelineSafeModeRule (HealthyPipelineSafeModeRule.java:initializeRule(152)) - Refreshed total pipeline count is 0, healthy pipeline threshold count is 1
2021-07-06 17:09:27,870 [48f00b5a-c605-41fe-901b-b25c0b7536a6@group-498FD787E76A-StateMachineUpdater] INFO  safemode.ContainerSafeModeRule (ContainerSafeModeRule.java:reInitializeRule(177)) - Refreshed one replica container threshold 0, currentThreshold 0
2021-07-06 17:09:27,870 [48f00b5a-c605-41fe-901b-b25c0b7536a6@group-498FD787E76A-StateMachineUpdater] INFO  safemode.OneReplicaPipelineSafeModeRule (OneReplicaPipelineSafeModeRule.java:initializeRule(176)) - Refreshed Total pipeline count is 0, pipeline's with at least one datanode reported threshold count is 0
2021-07-06 17:09:27,870 [48f00b5a-c605-41fe-901b-b25c0b7536a6@group-498FD787E76A-StateMachineUpdater] INFO  server.SCMDatanodeProtocolServer (SCMDatanodeProtocolServer.java:start(177)) - RPC server for DataNodes is listening at /0.0.0.0:15273
2021-07-06 17:09:27,872 [IPC Server listener on 15273] INFO  ipc.Server (Server.java:run(1334)) - IPC Server listener on 15273: starting
2021-07-06 17:09:27,874 [IPC Server Responder] INFO  ipc.Server (Server.java:run(1497)) - IPC Server Responder: starting
2021-07-06 17:09:28,485 [EndpointStateMachine task thread for /127.0.0.1:15667 - 0 ] INFO  ipc.Client (Client.java:handleConnectionFailure(966)) - Retrying connect to server: localhost/127.0.0.1:15667. Already tried 7 time(s); retry policy is RetryUpToMaximumCountWithFixedSleep(maxRetries=15, sleepTime=1000 MILLISECONDS)
2021-07-06 17:09:28,486 [EndpointStateMachine task thread for /127.0.0.1:15657 - 0 ] INFO  ipc.Client (Client.java:handleConnectionFailure(966)) - Retrying connect to server: localhost/127.0.0.1:15657. Already tried 7 time(s); retry policy is RetryUpToMaximumCountWithFixedSleep(maxRetries=15, sleepTime=1000 MILLISECONDS)
2021-07-06 17:09:28,486 [EndpointStateMachine task thread for /127.0.0.1:15677 - 0 ] INFO  ipc.Client (Client.java:handleConnectionFailure(966)) - Retrying connect to server: localhost/127.0.0.1:15677. Already tried 7 time(s); retry policy is RetryUpToMaximumCountWithFixedSleep(maxRetries=15, sleepTime=1000 MILLISECONDS)
2021-07-06 17:09:28,958 [Listener at 0.0.0.0/15275] INFO  server.StorageContainerManager (StorageContainerManager.java:scmBootstrap(921)) - SCM BootStrap  is successful for ClusterID f74e07ef-a4e5-4994-bf82-498fd787e76a, SCMID 9c66a5a1-6505-4feb-946f-7a4da78b4c7a
2021-07-06 17:09:28,958 [Listener at 0.0.0.0/15275] INFO  server.StorageContainerManager (StorageContainerManager.java:scmBootstrap(923)) - Primary SCM Node ID 48f00b5a-c605-41fe-901b-b25c0b7536a6
2021-07-06 17:09:28,958 [Listener at 0.0.0.0/15275] INFO  ha.SCMHANodeDetails (SCMHANodeDetails.java:loadSCMHAConfig(157)) - ServiceID for StorageContainerManager is scm-service-test1
2021-07-06 17:09:28,958 [Listener at 0.0.0.0/15275] INFO  ha.SCMHANodeDetails (SCMHANodeDetails.java:loadSCMHAConfig(168)) - ServiceID for StorageContainerManager is scm-service-test1
2021-07-06 17:09:28,958 [Listener at 0.0.0.0/15275] WARN  scm.ScmUtils (ScmUtils.java:logWarn(179)) - ConfigKey ozone.scm.block.client.address is deprecated, For configuring different ports for each SCM use PortConfigKey ozone.scm.block.client.port appended with serviceId and nodeId. If want to configure same port configure ozone.scm.block.client.port
2021-07-06 17:09:28,959 [Listener at 0.0.0.0/15275] WARN  scm.ScmUtils (ScmUtils.java:logWarn(179)) - ConfigKey ozone.scm.client.address is deprecated, For configuring different ports for each SCM use PortConfigKey ozone.scm.client.port appended with serviceId and nodeId. If want to configure same port configure ozone.scm.client.port
2021-07-06 17:09:28,959 [Listener at 0.0.0.0/15275] WARN  scm.ScmUtils (ScmUtils.java:logWarn(179)) - ConfigKey ozone.scm.datanode.address is deprecated, For configuring different ports for each SCM use PortConfigKey ozone.scm.datanode.port appended with serviceId and nodeId. If want to configure same port configure ozone.scm.datanode.port
2021-07-06 17:09:28,959 [Listener at 0.0.0.0/15275] WARN  scm.ScmUtils (ScmUtils.java:logWarn(179)) - ConfigKey ozone.scm.block.client.address is deprecated, For configuring different ports for each SCM use PortConfigKey ozone.scm.block.client.port appended with serviceId and nodeId. If want to configure same port configure ozone.scm.block.client.port
2021-07-06 17:09:28,959 [Listener at 0.0.0.0/15275] WARN  scm.ScmUtils (ScmUtils.java:logWarn(179)) - ConfigKey ozone.scm.client.address is deprecated, For configuring different ports for each SCM use PortConfigKey ozone.scm.client.port appended with serviceId and nodeId. If want to configure same port configure ozone.scm.client.port
2021-07-06 17:09:28,959 [Listener at 0.0.0.0/15275] WARN  scm.ScmUtils (ScmUtils.java:logWarn(179)) - ConfigKey ozone.scm.datanode.address is deprecated, For configuring different ports for each SCM use PortConfigKey ozone.scm.datanode.port appended with serviceId and nodeId. If want to configure same port configure ozone.scm.datanode.port
2021-07-06 17:09:28,959 [Listener at 0.0.0.0/15275] INFO  ha.SCMHANodeDetails (SCMHANodeDetails.java:loadSCMHAConfig(250)) - Found matching SCM address with SCMServiceId: scm-service-test1, SCMNodeId: scmNode-2, RPC Address: localhost:15282 and Ratis port: 15282
2021-07-06 17:09:28,959 [Listener at 0.0.0.0/15275] INFO  ha.SCMHANodeDetails (ConfUtils.java:setNodeSpecificConfigs(108)) - Setting configuration key ozone.scm.datanode.address with value of key ozone.scm.datanode.address.scm-service-test1.scmNode-2: 127.0.0.1:15283
2021-07-06 17:09:28,960 [Listener at 0.0.0.0/15275] INFO  ha.SCMHANodeDetails (ConfUtils.java:setNodeSpecificConfigs(108)) - Setting configuration key ozone.scm.block.client.address with value of key ozone.scm.block.client.address.scm-service-test1.scmNode-2: 127.0.0.1:15284
2021-07-06 17:09:28,960 [Listener at 0.0.0.0/15275] INFO  ha.SCMHANodeDetails (ConfUtils.java:setNodeSpecificConfigs(108)) - Setting configuration key ozone.scm.client.address with value of key ozone.scm.client.address.scm-service-test1.scmNode-2: 127.0.0.1:15285
2021-07-06 17:09:28,960 [Listener at 0.0.0.0/15275] INFO  ha.SCMHANodeDetails (ConfUtils.java:setNodeSpecificConfigs(108)) - Setting configuration key ozone.scm.ratis.port with value of key ozone.scm.ratis.port.scm-service-test1.scmNode-2: 15282
2021-07-06 17:09:28,960 [Listener at 0.0.0.0/15275] INFO  ha.SCMHANodeDetails (ConfUtils.java:setNodeSpecificConfigs(108)) - Setting configuration key ozone.scm.grpc.port with value of key ozone.scm.grpc.port.scm-service-test1.scmNode-2: 15286
2021-07-06 17:09:28,960 [Listener at 0.0.0.0/15275] INFO  ha.SCMHANodeDetails (ConfUtils.java:setNodeSpecificConfigs(108)) - Setting configuration key ozone.scm.http-address with value of key ozone.scm.http-address.scm-service-test1.scmNode-2: 127.0.0.1:15280
2021-07-06 17:09:28,960 [Listener at 0.0.0.0/15275] INFO  ha.SCMHANodeDetails (ConfUtils.java:setNodeSpecificConfigs(108)) - Setting configuration key ozone.scm.https-address with value of key ozone.scm.https-address.scm-service-test1.scmNode-2: 127.0.0.1:15281
2021-07-06 17:09:28,960 [Listener at 0.0.0.0/15275] INFO  ha.SCMHANodeDetails (ConfUtils.java:setNodeSpecificConfigs(108)) - Setting configuration key ozone.scm.address with value of key ozone.scm.address.scm-service-test1.scmNode-2: 127.0.0.1
2021-07-06 17:09:28,960 [Listener at 0.0.0.0/15275] WARN  scm.ScmUtils (ScmUtils.java:logWarn(179)) - ConfigKey ozone.scm.block.client.address is deprecated, For configuring different ports for each SCM use PortConfigKey ozone.scm.block.client.port appended with serviceId and nodeId. If want to configure same port configure ozone.scm.block.client.port
2021-07-06 17:09:28,960 [Listener at 0.0.0.0/15275] WARN  scm.ScmUtils (ScmUtils.java:logWarn(179)) - ConfigKey ozone.scm.client.address is deprecated, For configuring different ports for each SCM use PortConfigKey ozone.scm.client.port appended with serviceId and nodeId. If want to configure same port configure ozone.scm.client.port
2021-07-06 17:09:28,960 [Listener at 0.0.0.0/15275] WARN  scm.ScmUtils (ScmUtils.java:logWarn(179)) - ConfigKey ozone.scm.datanode.address is deprecated, For configuring different ports for each SCM use PortConfigKey ozone.scm.datanode.port appended with serviceId and nodeId. If want to configure same port configure ozone.scm.datanode.port
2021-07-06 17:09:28,961 [Listener at 0.0.0.0/15275] WARN  server.ServerUtils (ServerUtils.java:getScmDbDir(148)) - ozone.scm.db.dirs is not configured. We recommend adding this setting. Falling back to ozone.metadata.dirs instead.
2021-07-06 17:09:28,962 [Listener at 0.0.0.0/15275] WARN  utils.HAUtils (HAUtils.java:getMetaDir(342)) - ozone.scm.db.dirs is not configured. We recommend adding this setting. Falling back to ozone.metadata.dirs instead.
2021-07-06 17:09:28,964 [Listener at 0.0.0.0/15275] WARN  db.DBStoreBuilder (DBStoreBuilder.java:applyDBDefinition(145)) - ozone.scm.db.dirs is not configured. We recommend adding this setting. Falling back to ozone.metadata.dirs instead.
2021-07-06 17:09:29,026 [Listener at 0.0.0.0/15275] INFO  net.NodeSchemaLoader (NodeSchemaLoader.java:loadSchemaFromFile(129)) - Loading schema from [jar:file:/home/runner/.m2/repository/org/apache/ozone/hdds-common/1.2.0-SNAPSHOT/hdds-common-1.2.0-SNAPSHOT.jar!/network-topology-default.xml]
2021-07-06 17:09:29,028 [Listener at 0.0.0.0/15275] INFO  net.NodeSchemaLoader (NodeSchemaLoader.java:loadSchema(176)) - Loading network topology layer schema file
2021-07-06 17:09:29,039 [Listener at 0.0.0.0/15275] INFO  ha.SCMRatisServerImpl (SCMRatisServerImpl.java:<init>(85)) - starting Raft server for scm:9c66a5a1-6505-4feb-946f-7a4da78b4c7a
2021-07-06 17:09:29,040 [Listener at 0.0.0.0/15275] INFO  server.RaftServer (ConfUtils.java:logGet(44)) - raft.rpc.type = GRPC (default)
2021-07-06 17:09:29,040 [Listener at 0.0.0.0/15275] INFO  grpc.GrpcFactory (GrpcFactory.java:checkPooledByteBufAllocatorUseCacheForAllThreads(48)) - PERFORMANCE WARNING: useCacheForAllThreads is true that may cause Netty to create a lot garbage objects and, as a result, trigger GC.
	It is recommended to disable useCacheForAllThreads by setting -Dorg.apache.ratis.thirdparty.io.netty.allocator.useCacheForAllThreads=false in command line.
2021-07-06 17:09:29,040 [Listener at 0.0.0.0/15275] INFO  grpc.GrpcConfigKeys (ConfUtils.java:logGet(44)) - raft.grpc.admin.port = -1 (default)
2021-07-06 17:09:29,041 [Listener at 0.0.0.0/15275] INFO  grpc.GrpcConfigKeys (ConfUtils.java:logGet(44)) - raft.grpc.server.port = 15282 (custom)
2021-07-06 17:09:29,041 [Listener at 0.0.0.0/15275] INFO  grpc.GrpcConfigKeys (ConfUtils.java:logGet(44)) - raft.grpc.client.port = -1 (default)
2021-07-06 17:09:29,041 [Listener at 0.0.0.0/15275] INFO  grpc.GrpcConfigKeys (ConfUtils.java:logGet(44)) - raft.grpc.server.port = 15282 (custom)
2021-07-06 17:09:29,041 [Listener at 0.0.0.0/15275] INFO  grpc.GrpcConfigKeys (ConfUtils.java:logGet(44)) - raft.grpc.server.port = 15282 (custom)
2021-07-06 17:09:29,041 [Listener at 0.0.0.0/15275] INFO  server.GrpcService (ConfUtils.java:logGet(44)) - raft.grpc.message.size.max = 32m (=33554432) (custom)
2021-07-06 17:09:29,041 [Listener at 0.0.0.0/15275] INFO  server.RaftServerConfigKeys (ConfUtils.java:logGet(44)) - raft.server.log.appender.buffer.byte-limit = 33554432 (custom)
2021-07-06 17:09:29,041 [Listener at 0.0.0.0/15275] INFO  server.GrpcService (ConfUtils.java:logGet(44)) - raft.grpc.flow.control.window = 1MB (=1048576) (default)
2021-07-06 17:09:29,042 [Listener at 0.0.0.0/15275] INFO  server.RaftServerConfigKeys (ConfUtils.java:logGet(44)) - raft.server.rpc.request.timeout = 30000ms (custom)
2021-07-06 17:09:29,043 [Listener at 0.0.0.0/15275] INFO  impl.DataStreamServerImpl (ConfUtils.java:logGet(44)) - raft.datastream.type = DISABLED (default)
2021-07-06 17:09:29,043 [Listener at 0.0.0.0/15275] INFO  server.RaftServerConfigKeys (ConfUtils.java:logGet(44)) - raft.server.rpc.slowness.timeout = 120000ms (custom)
2021-07-06 17:09:29,043 [Listener at 0.0.0.0/15275] INFO  server.RaftServerConfigKeys (ConfUtils.java:logGet(44)) - raft.server.leaderelection.leader.step-down.wait-time = 10s (default)
2021-07-06 17:09:29,043 [Listener at 0.0.0.0/15275] INFO  server.RaftServerConfigKeys (ConfUtils.java:logGet(44)) - raft.server.storage.dir = [/home/runner/work/ozone/ozone/mnt/ozone/hadoop-ozone/integration-test/target/test-dir/MiniOzoneClusterImpl-f74e07ef-a4e5-4994-bf82-498fd787e76a/scmNode-2/scm-ha] (custom)
2021-07-06 17:09:29,049 [Listener at 0.0.0.0/15275] INFO  server.RaftServer (RaftServerProxy.java:addNew(95)) - 9c66a5a1-6505-4feb-946f-7a4da78b4c7a: addNew group-498FD787E76A:[] returns group-498FD787E76A:java.util.concurrent.CompletableFuture@687eb9c9[Not completed]
2021-07-06 17:09:29,050 [pool-194-thread-1] INFO  server.RaftServer$Division (RaftServerImpl.java:<init>(180)) - 9c66a5a1-6505-4feb-946f-7a4da78b4c7a: new RaftServerImpl for group-498FD787E76A:[] with SCMStateMachine:uninitialized
2021-07-06 17:09:29,051 [pool-194-thread-1] INFO  server.RaftServerConfigKeys (ConfUtils.java:logGet(44)) - raft.server.rpc.timeout.min = 5000ms (custom)
2021-07-06 17:09:29,051 [pool-194-thread-1] INFO  server.RaftServerConfigKeys (ConfUtils.java:logGet(44)) - raft.server.rpc.timeout.max = 5200ms (custom)
2021-07-06 17:09:29,051 [pool-194-thread-1] INFO  server.RaftServerConfigKeys (ConfUtils.java:logGet(44)) - raft.server.rpc.sleep.time = 25ms (default)
2021-07-06 17:09:29,051 [pool-194-thread-1] INFO  server.RaftServerConfigKeys (ConfUtils.java:logGet(44)) - raft.server.rpc.slowness.timeout = 120000ms (custom)
2021-07-06 17:09:29,051 [pool-194-thread-1] INFO  server.RaftServerConfigKeys (ConfUtils.java:logGet(44)) - raft.server.leaderelection.leader.step-down.wait-time = 10s (default)
2021-07-06 17:09:29,051 [pool-194-thread-1] INFO  server.RaftServerConfigKeys (ConfUtils.java:logGet(44)) - raft.server.sleep.deviation.threshold = 300ms (default)
2021-07-06 17:09:29,051 [pool-194-thread-1] INFO  server.RaftServerConfigKeys (ConfUtils.java:logGet(44)) - raft.server.log.appender.install.snapshot.enabled = false (custom)
2021-07-06 17:09:29,051 [pool-194-thread-1] INFO  server.RaftServer$Division (ServerState.java:<init>(105)) - 9c66a5a1-6505-4feb-946f-7a4da78b4c7a@group-498FD787E76A: ConfigurationManager, init=-1: [], old=null, confs=<EMPTY_MAP>
2021-07-06 17:09:29,051 [pool-194-thread-1] INFO  server.RaftServerConfigKeys (ConfUtils.java:logGet(44)) - raft.server.storage.dir = [/home/runner/work/ozone/ozone/mnt/ozone/hadoop-ozone/integration-test/target/test-dir/MiniOzoneClusterImpl-f74e07ef-a4e5-4994-bf82-498fd787e76a/scmNode-2/scm-ha] (custom)
2021-07-06 17:09:29,051 [pool-194-thread-1] INFO  server.RaftServerConfigKeys (ConfUtils.java:logGet(44)) - raft.server.log.corruption.policy = EXCEPTION (default)
2021-07-06 17:09:29,052 [pool-194-thread-1] INFO  storage.RaftStorageDirectory (RaftStorageDirectoryImpl.java:analyzeStorage(132)) - The storage directory /home/runner/work/ozone/ozone/mnt/ozone/hadoop-ozone/integration-test/target/test-dir/MiniOzoneClusterImpl-f74e07ef-a4e5-4994-bf82-498fd787e76a/scmNode-2/scm-ha/f74e07ef-a4e5-4994-bf82-498fd787e76a does not exist. Creating ...
2021-07-06 17:09:29,053 [pool-194-thread-1] INFO  storage.RaftStorageDirectory (RaftStorageDirectoryImpl.java:tryLock(215)) - Lock on /home/runner/work/ozone/ozone/mnt/ozone/hadoop-ozone/integration-test/target/test-dir/MiniOzoneClusterImpl-f74e07ef-a4e5-4994-bf82-498fd787e76a/scmNode-2/scm-ha/f74e07ef-a4e5-4994-bf82-498fd787e76a/in_use.lock acquired by nodename 28362@fv-az50-207
2021-07-06 17:09:29,054 [pool-194-thread-1] INFO  storage.RaftStorage (RaftStorageImpl.java:format(87)) - Storage directory /home/runner/work/ozone/ozone/mnt/ozone/hadoop-ozone/integration-test/target/test-dir/MiniOzoneClusterImpl-f74e07ef-a4e5-4994-bf82-498fd787e76a/scmNode-2/scm-ha/f74e07ef-a4e5-4994-bf82-498fd787e76a has been successfully formatted.
2021-07-06 17:09:29,054 [pool-194-thread-1] INFO  server.RaftServerConfigKeys (ConfUtils.java:logGet(44)) - raft.server.notification.no-leader.timeout = 60s (default)
2021-07-06 17:09:29,054 [pool-194-thread-1] INFO  server.RaftServerConfigKeys (ConfUtils.java:logGet(44)) - raft.server.log.use.memory = false (default)
2021-07-06 17:09:29,054 [pool-194-thread-1] INFO  server.RaftServerConfigKeys (ConfUtils.java:logGet(44)) - raft.server.log.purge.gap = 5 (custom)
2021-07-06 17:09:29,054 [pool-194-thread-1] INFO  server.RaftServerConfigKeys (ConfUtils.java:logGet(44)) - raft.server.log.appender.buffer.byte-limit = 33554432 (custom)
2021-07-06 17:09:29,054 [pool-194-thread-1] INFO  metrics.RatisMetrics (RatisMetrics.java:lambda$create$0(36)) - Creating Metrics Registry : ratis.log_worker.9c66a5a1-6505-4feb-946f-7a4da78b4c7a@group-498FD787E76A
2021-07-06 17:09:29,054 [pool-194-thread-1] INFO  server.RaftServerConfigKeys (ConfUtils.java:logGet(44)) - raft.server.log.segment.size.max = 16384 (custom)
2021-07-06 17:09:29,054 [pool-194-thread-1] INFO  server.RaftServerConfigKeys (ConfUtils.java:logGet(44)) - raft.server.log.segment.cache.num.max = 2 (custom)
2021-07-06 17:09:29,054 [pool-194-thread-1] INFO  server.RaftServerConfigKeys (ConfUtils.java:logGet(44)) - raft.server.log.segment.cache.size.max = 200MB (=209715200) (default)
2021-07-06 17:09:29,054 [pool-194-thread-1] INFO  segmented.SegmentedRaftLogWorker (SegmentedRaftLogWorker.java:<init>(182)) - new 9c66a5a1-6505-4feb-946f-7a4da78b4c7a@group-498FD787E76A-SegmentedRaftLogWorker for RaftStorageImpl:Storage Directory /home/runner/work/ozone/ozone/mnt/ozone/hadoop-ozone/integration-test/target/test-dir/MiniOzoneClusterImpl-f74e07ef-a4e5-4994-bf82-498fd787e76a/scmNode-2/scm-ha/f74e07ef-a4e5-4994-bf82-498fd787e76a
2021-07-06 17:09:29,055 [pool-194-thread-1] INFO  server.RaftServerConfigKeys (ConfUtils.java:logGet(44)) - raft.server.log.queue.byte-limit = 64MB (=67108864) (default)
2021-07-06 17:09:29,055 [pool-194-thread-1] INFO  server.RaftServerConfigKeys (ConfUtils.java:logGet(44)) - raft.server.log.queue.element-limit = 4096 (default)
2021-07-06 17:09:29,055 [pool-194-thread-1] INFO  server.RaftServerConfigKeys (ConfUtils.java:logGet(44)) - raft.server.log.segment.size.max = 16384 (custom)
2021-07-06 17:09:29,055 [pool-194-thread-1] INFO  server.RaftServerConfigKeys (ConfUtils.java:logGet(44)) - raft.server.log.preallocated.size = 16384 (custom)
2021-07-06 17:09:29,055 [pool-194-thread-1] INFO  server.RaftServerConfigKeys (ConfUtils.java:logGet(44)) - raft.server.log.force.sync.num = 128 (default)
2021-07-06 17:09:29,055 [pool-194-thread-1] INFO  server.RaftServerConfigKeys (ConfUtils.java:logGet(44)) - raft.server.log.statemachine.data.sync = true (default)
2021-07-06 17:09:29,055 [pool-194-thread-1] INFO  server.RaftServerConfigKeys (ConfUtils.java:logGet(44)) - raft.server.log.statemachine.data.sync.timeout = 10s (default)
2021-07-06 17:09:29,055 [pool-194-thread-1] INFO  server.RaftServerConfigKeys (ConfUtils.java:logGet(44)) - raft.server.log.statemachine.data.sync.timeout.retry = -1 (default)
2021-07-06 17:09:29,055 [pool-194-thread-1] INFO  server.RaftServerConfigKeys (ConfUtils.java:logGet(44)) - raft.server.log.write.buffer.size = 64KB (=65536) (default)
2021-07-06 17:09:29,055 [pool-194-thread-1] INFO  server.RaftServerConfigKeys (ConfUtils.java:logGet(44)) - raft.server.log.statemachine.data.caching.enabled = false (default)
2021-07-06 17:09:29,056 [pool-194-thread-1] INFO  segmented.SegmentedRaftLogWorker (SegmentedRaftLogWorker.java:lambda$new$0(133)) - 9c66a5a1-6505-4feb-946f-7a4da78b4c7a@group-498FD787E76A-SegmentedRaftLogWorker: flushIndex: setUnconditionally 0 -> -1
2021-07-06 17:09:29,056 [pool-194-thread-1] INFO  segmented.SegmentedRaftLogWorker (SegmentedRaftLogWorker.java:lambda$new$0(133)) - 9c66a5a1-6505-4feb-946f-7a4da78b4c7a@group-498FD787E76A-SegmentedRaftLogWorker: safeCacheEvictIndex: setUnconditionally 0 -> -1
2021-07-06 17:09:29,057 [pool-194-thread-1] INFO  server.RaftServerConfigKeys (ConfUtils.java:logGet(44)) - raft.server.snapshot.auto.trigger.enabled = true (custom)
2021-07-06 17:09:29,057 [pool-194-thread-1] INFO  server.RaftServerConfigKeys (ConfUtils.java:logGet(44)) - raft.server.snapshot.auto.trigger.threshold = 5 (custom)
2021-07-06 17:09:29,057 [pool-194-thread-1] INFO  server.RaftServerConfigKeys (ConfUtils.java:logGet(44)) - raft.server.snapshot.retention.file.num = -1 (default)
2021-07-06 17:09:29,057 [pool-194-thread-1] INFO  server.RaftServerConfigKeys (ConfUtils.java:logGet(44)) - raft.server.log.purge.upto.snapshot.index = true (custom)
2021-07-06 17:09:29,057 [pool-194-thread-1] INFO  server.RaftServerConfigKeys (ConfUtils.java:logGet(44)) - raft.server.retrycache.expirytime = 60000ms (default)
2021-07-06 17:09:29,057 [pool-194-thread-1] INFO  server.RaftServerConfigKeys (ConfUtils.java:logGet(44)) - raft.server.retrycache.statistics.expirytime = 100μs (default)
2021-07-06 17:09:29,057 [pool-194-thread-1] INFO  metrics.RatisMetrics (RatisMetrics.java:lambda$create$0(36)) - Creating Metrics Registry : ratis.leader_election.9c66a5a1-6505-4feb-946f-7a4da78b4c7a@group-498FD787E76A
2021-07-06 17:09:29,057 [pool-194-thread-1] INFO  metrics.RatisMetrics (RatisMetrics.java:lambda$create$0(36)) - Creating Metrics Registry : ratis.server.9c66a5a1-6505-4feb-946f-7a4da78b4c7a@group-498FD787E76A
2021-07-06 17:09:29,058 [Listener at 0.0.0.0/15275] INFO  ha.SCMSnapshotProvider (SCMSnapshotProvider.java:<init>(66)) - Initializing SCM Snapshot Provider
2021-07-06 17:09:29,058 [Listener at 0.0.0.0/15275] WARN  server.ServerUtils (ServerUtils.java:getDefaultRatisDirectory(237)) - Storage directory for Ratis is not configured. It is a good idea to map this to an SSD disk. Falling back to ozone.metadata.dirs
2021-07-06 17:09:29,059 [Listener at 0.0.0.0/15275] WARN  ha.SCMHAUtils (SCMHAUtils.java:getSCMRatisSnapshotDirectory(142)) - SCM snapshot dir is not configured. Falling back to ozone.metadata.dirs config
2021-07-06 17:09:29,060 [Listener at 0.0.0.0/15275] INFO  ha.SequenceIdGenerator (SequenceIdGenerator.java:upgradeToSequenceId(327)) - upgrade localId to 107544261427200000
2021-07-06 17:09:29,060 [Listener at 0.0.0.0/15275] INFO  ha.SequenceIdGenerator (SequenceIdGenerator.java:upgradeToSequenceId(337)) - upgrade delTxnId to 0
2021-07-06 17:09:29,060 [Listener at 0.0.0.0/15275] INFO  ha.SequenceIdGenerator (SequenceIdGenerator.java:upgradeToSequenceId(351)) - upgrade containerId to 0
2021-07-06 17:09:29,060 [Listener at 0.0.0.0/15275] INFO  ha.SequenceIdGenerator (SequenceIdGenerator.java:<init>(217)) - Init the HA SequenceIdGenerator.
2021-07-06 17:09:29,060 [Listener at 0.0.0.0/15275] WARN  server.ServerUtils (ServerUtils.java:sanitizeUserArgs(73)) - ozone.scm.stale.node.interval value = 300000 is larger than max = 100000 based on the key value of ozone.scm.heartbeat.thread.interval, reset to the max value 100000.
2021-07-06 17:09:29,061 [Listener at 0.0.0.0/15275] WARN  server.ServerUtils (ServerUtils.java:sanitizeUserArgs(73)) - ozone.scm.stale.node.interval value = 300000 is larger than max = 100000 based on the key value of ozone.scm.heartbeat.thread.interval, reset to the max value 100000.
2021-07-06 17:09:29,062 [Listener at 0.0.0.0/15275] INFO  node.SCMNodeManager (SCMNodeManager.java:<init>(125)) - Entering startup safe mode.
2021-07-06 17:09:29,062 [Listener at 0.0.0.0/15275] INFO  algorithms.ContainerPlacementPolicyFactory (ContainerPlacementPolicyFactory.java:getPolicy(60)) - Create container placement policy of type org.apache.hadoop.hdds.scm.container.placement.algorithms.SCMContainerPlacementRandom
2021-07-06 17:09:29,063 [Listener at 0.0.0.0/15275] INFO  pipeline.PipelineStateManager (PipelineStateManagerV2Impl.java:initialize(78)) - No pipeline exists in current db
2021-07-06 17:09:29,063 [Listener at 0.0.0.0/15275] INFO  algorithms.LeaderChoosePolicyFactory (LeaderChoosePolicyFactory.java:getPolicy(57)) - Create leader choose policy of type org.apache.hadoop.hdds.scm.pipeline.leader.choose.algorithms.MinLeaderCountChoosePolicy
2021-07-06 17:09:29,063 [Listener at 0.0.0.0/15275] INFO  ha.SCMServiceManager (SCMServiceManager.java:register(43)) - Registering service BackgroundPipelineCreator.
2021-07-06 17:09:29,063 [Listener at 0.0.0.0/15275] INFO  pipeline.BackgroundPipelineCreator (BackgroundPipelineCreatorV2.java:start(130)) - Starting RatisPipelineUtilsThread.
2021-07-06 17:09:29,065 [Listener at 0.0.0.0/15275] INFO  algorithms.PipelineChoosePolicyFactory (PipelineChoosePolicyFactory.java:createPipelineChoosePolicyFromClass(73)) - Create pipeline choose policy of type org.apache.hadoop.hdds.scm.pipeline.choose.algorithms.RandomPipelineChoosePolicy
2021-07-06 17:09:29,065 [Listener at 0.0.0.0/15275] INFO  ha.SCMServiceManager (SCMServiceManager.java:register(43)) - Registering service SCMBlockDeletingService.
2021-07-06 17:09:29,065 [Listener at 0.0.0.0/15275] INFO  ha.SCMServiceManager (SCMServiceManager.java:register(43)) - Registering service ReplicationManager.
2021-07-06 17:09:29,066 [Listener at 0.0.0.0/15275] INFO  container.ReplicationManager (ReplicationManager.java:start(219)) - Starting Replication Monitor Thread.
2021-07-06 17:09:29,066 [Listener at 0.0.0.0/15275] INFO  safemode.ContainerSafeModeRule (ContainerSafeModeRule.java:<init>(89)) - containers with one replica threshold count 0
2021-07-06 17:09:29,067 [Listener at 0.0.0.0/15275] INFO  safemode.HealthyPipelineSafeModeRule (HealthyPipelineSafeModeRule.java:initializeRule(156)) - Total pipeline count is 0, healthy pipeline threshold count is 1
2021-07-06 17:09:29,067 [Listener at 0.0.0.0/15275] INFO  safemode.OneReplicaPipelineSafeModeRule (OneReplicaPipelineSafeModeRule.java:initializeRule(180)) - Total pipeline count is 0, pipeline's with at least one datanode reported threshold count is 0
2021-07-06 17:09:29,068 [Listener at 0.0.0.0/15275] INFO  ipc.CallQueueManager (CallQueueManager.java:<init>(85)) - Using callQueue: class java.util.concurrent.LinkedBlockingQueue, queueCapacity: 2000, scheduler: class org.apache.hadoop.ipc.DefaultRpcScheduler, ipcBackoff: false.
2021-07-06 17:09:29,069 [Socket Reader #1 for port 15283] INFO  ipc.Server (Server.java:run(1255)) - Starting Socket Reader #1 for port 15283
2021-07-06 17:09:29,070 [Listener at 0.0.0.0/15283] INFO  ipc.CallQueueManager (CallQueueManager.java:<init>(85)) - Using callQueue: class java.util.concurrent.LinkedBlockingQueue, queueCapacity: 2000, scheduler: class org.apache.hadoop.ipc.DefaultRpcScheduler, ipcBackoff: false.
2021-07-06 17:09:29,071 [Socket Reader #1 for port 15284] INFO  ipc.Server (Server.java:run(1255)) - Starting Socket Reader #1 for port 15284
2021-07-06 17:09:29,072 [Listener at 0.0.0.0/15284] INFO  ipc.CallQueueManager (CallQueueManager.java:<init>(85)) - Using callQueue: class java.util.concurrent.LinkedBlockingQueue, queueCapacity: 2000, scheduler: class org.apache.hadoop.ipc.DefaultRpcScheduler, ipcBackoff: false.
2021-07-06 17:09:29,073 [Socket Reader #1 for port 15285] INFO  ipc.Server (Server.java:run(1255)) - Starting Socket Reader #1 for port 15285
2021-07-06 17:09:29,078 [ReplicationMonitor] INFO  container.ReplicationManager (ReplicationManager.java:run(283)) - Replication Monitor Thread took 0 milliseconds for processing 0 containers.
2021-07-06 17:09:29,107 [Listener at 0.0.0.0/15285] INFO  server.StorageContainerManager (StorageContainerManager.java:<init>(363)) - 
Container Balancer status:
Key                            Value
Running                        true
Container Balancer Configuration values:
Key                            Value
Threshold                      0.1
Max Datanodes to Balance       5
Max Size to Move               10737418240B

2021-07-06 17:09:29,107 [Listener at 0.0.0.0/15285] WARN  events.EventQueue (EventQueue.java:fireEvent(194)) - No event handler registered for event TypedEvent{payloadType=SafeModeStatus, name='Safe mode status'}
2021-07-06 17:09:29,107 [Listener at 0.0.0.0/15285] INFO  ha.SCMContext (SCMContext.java:updateSafeModeStatus(208)) - Update SafeModeStatus from SafeModeStatus{safeModeStatus=true, preCheckPassed=false} to SafeModeStatus{safeModeStatus=true, preCheckPassed=false}.
2021-07-06 17:09:29,107 [Listener at 0.0.0.0/15285] INFO  server.StorageContainerManager (StorageContainerManager.java:start(1214)) - StorageContainerLocationProtocol RPC server is listening at /0.0.0.0:15285
2021-07-06 17:09:29,108 [Listener at 0.0.0.0/15285] INFO  ha.SCMRatisServerImpl (SCMRatisServerImpl.java:start(170)) - starting ratis server 0.0.0.0:15282
2021-07-06 17:09:29,108 [Listener at 0.0.0.0/15285] INFO  server.RaftServer$Division (RaftServerImpl.java:start(298)) - 9c66a5a1-6505-4feb-946f-7a4da78b4c7a@group-498FD787E76A: start with initializing state, conf=-1: [], old=null
2021-07-06 17:09:29,108 [Listener at 0.0.0.0/15285] INFO  server.RaftServer$Division (RaftServerImpl.java:setRole(284)) - 9c66a5a1-6505-4feb-946f-7a4da78b4c7a@group-498FD787E76A: changes role from      null to FOLLOWER at term 0 for startInitializing
2021-07-06 17:09:29,108 [Listener at 0.0.0.0/15285] INFO  util.JmxRegister (JmxRegister.java:tryRegister(44)) - Successfully registered JMX Bean with object name Ratis:service=RaftServer,group=group-498FD787E76A,id=9c66a5a1-6505-4feb-946f-7a4da78b4c7a
2021-07-06 17:09:29,108 [Listener at 0.0.0.0/15285] INFO  metrics.RatisMetrics (RatisMetrics.java:lambda$create$0(36)) - Creating Metrics Registry : ratis.state_machine.9c66a5a1-6505-4feb-946f-7a4da78b4c7a@group-498FD787E76A
2021-07-06 17:09:29,117 [Listener at 0.0.0.0/15285] INFO  server.RaftServer (RaftServerProxy.java:lambda$start$5(374)) - 9c66a5a1-6505-4feb-946f-7a4da78b4c7a: start RPC server
2021-07-06 17:09:29,117 [Listener at 0.0.0.0/15285] INFO  server.GrpcService (GrpcService.java:startImpl(253)) - 9c66a5a1-6505-4feb-946f-7a4da78b4c7a: GrpcService started, listening on 15282
2021-07-06 17:09:29,118 [org.apache.ratis.util.JvmPauseMonitor$$Lambda$493/488669101@168b28ef] INFO  util.JvmPauseMonitor (JvmPauseMonitor.java:run(103)) - JvmPauseMonitor-9c66a5a1-6505-4feb-946f-7a4da78b4c7a: Started
2021-07-06 17:09:29,118 [Listener at 0.0.0.0/15285] INFO  ha.SCMNodeInfo (SCMNodeInfo.java:getPort(197)) - ConfigKey ozone.scm.client.address is deprecated, For configuring different ports for each SCM use PortConfigKey ozone.scm.client.port appended with serviceId and nodeId
2021-07-06 17:09:29,118 [Listener at 0.0.0.0/15285] INFO  ha.SCMNodeInfo (SCMNodeInfo.java:getPort(197)) - ConfigKey ozone.scm.block.client.address is deprecated, For configuring different ports for each SCM use PortConfigKey ozone.scm.block.client.port appended with serviceId and nodeId
2021-07-06 17:09:29,118 [Listener at 0.0.0.0/15285] INFO  ha.SCMNodeInfo (SCMNodeInfo.java:getPort(197)) - ConfigKey ozone.scm.datanode.address is deprecated, For configuring different ports for each SCM use PortConfigKey ozone.scm.datanode.port appended with serviceId and nodeId
2021-07-06 17:09:29,118 [Listener at 0.0.0.0/15285] INFO  ha.SCMNodeInfo (SCMNodeInfo.java:getPort(197)) - ConfigKey ozone.scm.client.address is deprecated, For configuring different ports for each SCM use PortConfigKey ozone.scm.client.port appended with serviceId and nodeId
2021-07-06 17:09:29,119 [Listener at 0.0.0.0/15285] INFO  ha.SCMNodeInfo (SCMNodeInfo.java:getPort(197)) - ConfigKey ozone.scm.block.client.address is deprecated, For configuring different ports for each SCM use PortConfigKey ozone.scm.block.client.port appended with serviceId and nodeId
2021-07-06 17:09:29,119 [Listener at 0.0.0.0/15285] INFO  ha.SCMNodeInfo (SCMNodeInfo.java:getPort(197)) - ConfigKey ozone.scm.datanode.address is deprecated, For configuring different ports for each SCM use PortConfigKey ozone.scm.datanode.port appended with serviceId and nodeId
2021-07-06 17:09:29,119 [Listener at 0.0.0.0/15285] INFO  ha.SCMNodeInfo (SCMNodeInfo.java:getPort(197)) - ConfigKey ozone.scm.client.address is deprecated, For configuring different ports for each SCM use PortConfigKey ozone.scm.client.port appended with serviceId and nodeId
2021-07-06 17:09:29,119 [Listener at 0.0.0.0/15285] INFO  ha.SCMNodeInfo (SCMNodeInfo.java:getPort(197)) - ConfigKey ozone.scm.block.client.address is deprecated, For configuring different ports for each SCM use PortConfigKey ozone.scm.block.client.port appended with serviceId and nodeId
2021-07-06 17:09:29,119 [Listener at 0.0.0.0/15285] INFO  ha.SCMNodeInfo (SCMNodeInfo.java:getPort(197)) - ConfigKey ozone.scm.datanode.address is deprecated, For configuring different ports for each SCM use PortConfigKey ozone.scm.datanode.port appended with serviceId and nodeId
2021-07-06 17:09:29,123 [IPC Server handler 6 on default port 15274] INFO  ha.SCMRatisServerImpl (SCMRatisServerImpl.java:addSCM(280)) - 48f00b5a-c605-41fe-901b-b25c0b7536a6: Submitting SetConfiguration request to Ratis server with new SCM peers list: [48f00b5a-c605-41fe-901b-b25c0b7536a6|rpc:localhost:15272|admin:|client:|dataStream:|priority:0, 9c66a5a1-6505-4feb-946f-7a4da78b4c7a|rpc:localhost:15282|priority:0]
2021-07-06 17:09:29,123 [IPC Server handler 6 on default port 15274] INFO  server.RaftServer$Division (RaftServerImpl.java:setConfigurationAsync(970)) - 48f00b5a-c605-41fe-901b-b25c0b7536a6@group-498FD787E76A: receive setConfiguration SetConfigurationRequest:client-D76749B613BA->48f00b5a-c605-41fe-901b-b25c0b7536a6@group-498FD787E76A, cid=0, seq=0, RW, null, peers:[48f00b5a-c605-41fe-901b-b25c0b7536a6|rpc:localhost:15272|admin:|client:|dataStream:|priority:0, 9c66a5a1-6505-4feb-946f-7a4da78b4c7a|rpc:localhost:15282|priority:0]
2021-07-06 17:09:29,123 [IPC Server handler 6 on default port 15274] INFO  server.RaftServer$Division (LeaderStateImpl.java:startSetConfiguration(345)) - 48f00b5a-c605-41fe-901b-b25c0b7536a6@group-498FD787E76A-LeaderStateImpl: startSetConfiguration SetConfigurationRequest:client-D76749B613BA->48f00b5a-c605-41fe-901b-b25c0b7536a6@group-498FD787E76A, cid=0, seq=0, RW, null, peers:[48f00b5a-c605-41fe-901b-b25c0b7536a6|rpc:localhost:15272|admin:|client:|dataStream:|priority:0, 9c66a5a1-6505-4feb-946f-7a4da78b4c7a|rpc:localhost:15282|priority:0]
2021-07-06 17:09:29,123 [IPC Server handler 6 on default port 15274] INFO  server.RaftServerConfigKeys (ConfUtils.java:logGet(44)) - raft.server.log.appender.snapshot.chunk.size.max = 16MB (=16777216) (default)
2021-07-06 17:09:29,123 [IPC Server handler 6 on default port 15274] INFO  server.RaftServerConfigKeys (ConfUtils.java:logGet(44)) - raft.server.log.appender.buffer.byte-limit = 33554432 (custom)
2021-07-06 17:09:29,123 [IPC Server handler 6 on default port 15274] INFO  server.RaftServerConfigKeys (ConfUtils.java:logGet(44)) - raft.server.log.appender.buffer.element-limit = 33554432 (custom)
2021-07-06 17:09:29,208 [IPC Server handler 6 on default port 15274] INFO  grpc.GrpcConfigKeys (ConfUtils.java:logGet(44)) - raft.grpc.server.leader.outstanding.appends.max = 128 (default)
2021-07-06 17:09:29,208 [IPC Server handler 6 on default port 15274] INFO  server.RaftServerConfigKeys (ConfUtils.java:logGet(44)) - raft.server.rpc.request.timeout = 30000ms (custom)
2021-07-06 17:09:29,208 [IPC Server handler 6 on default port 15274] INFO  server.RaftServerConfigKeys (ConfUtils.java:logGet(44)) - raft.server.log.appender.install.snapshot.enabled = false (custom)
2021-07-06 17:09:29,209 [IPC Server handler 6 on default port 15274] INFO  metrics.RatisMetrics (RatisMetrics.java:lambda$create$0(36)) - Creating Metrics Registry : ratis_grpc.log_appender.48f00b5a-c605-41fe-901b-b25c0b7536a6@group-498FD787E76A
2021-07-06 17:09:29,218 [grpc-default-executor-3] INFO  metrics.RatisMetrics (RatisMetrics.java:lambda$create$0(36)) - Creating Metrics Registry : ratis.server_message_metrics.9c66a5a1-6505-4feb-946f-7a4da78b4c7a
2021-07-06 17:09:29,219 [grpc-default-executor-3] INFO  ha.SCMStateMachine (SCMStateMachine.java:notifyLeaderChanged(248)) - leader changed, yet current SCM is still follower.
2021-07-06 17:09:29,220 [grpc-default-executor-3] INFO  server.RaftServer$Division (ServerState.java:setLeader(271)) - 9c66a5a1-6505-4feb-946f-7a4da78b4c7a@group-498FD787E76A: change Leader from null to 48f00b5a-c605-41fe-901b-b25c0b7536a6 at term 2 for appendEntries, leader elected after 165ms
2021-07-06 17:09:29,220 [grpc-default-executor-3] INFO  impl.RoleInfo (RoleInfo.java:updateAndGet(130)) - 9c66a5a1-6505-4feb-946f-7a4da78b4c7a: start 9c66a5a1-6505-4feb-946f-7a4da78b4c7a@group-498FD787E76A-FollowerState
2021-07-06 17:09:29,226 [grpc-default-executor-3] INFO  server.RaftServer$Division (ServerState.java:setRaftConf(373)) - 9c66a5a1-6505-4feb-946f-7a4da78b4c7a@group-498FD787E76A: set configuration 0: [48f00b5a-c605-41fe-901b-b25c0b7536a6|rpc:localhost:15272|admin:|client:|dataStream:|priority:0], old=null
2021-07-06 17:09:29,226 [grpc-default-executor-3] INFO  server.RaftServer$Division (ServerState.java:setRaftConf(373)) - 9c66a5a1-6505-4feb-946f-7a4da78b4c7a@group-498FD787E76A: set configuration 1: [48f00b5a-c605-41fe-901b-b25c0b7536a6|rpc:localhost:15272|admin:|client:|dataStream:|priority:0], old=null
2021-07-06 17:09:29,226 [grpc-default-executor-3] INFO  segmented.SegmentedRaftLogWorker (SegmentedRaftLogWorker.java:startLogSegment(394)) - 9c66a5a1-6505-4feb-946f-7a4da78b4c7a@group-498FD787E76A-SegmentedRaftLogWorker: Starting segment from index:0
2021-07-06 17:09:29,226 [grpc-default-executor-3] INFO  segmented.SegmentedRaftLogWorker (SegmentedRaftLogWorker.java:rollLogSegment(399)) - 9c66a5a1-6505-4feb-946f-7a4da78b4c7a@group-498FD787E76A-SegmentedRaftLogWorker: Rolling segment log-0_0 to index:0
2021-07-06 17:09:29,227 [9c66a5a1-6505-4feb-946f-7a4da78b4c7a@group-498FD787E76A-SegmentedRaftLogWorker] INFO  segmented.SegmentedRaftLogWorker (SegmentedRaftLogWorker.java:execute(601)) - 9c66a5a1-6505-4feb-946f-7a4da78b4c7a@group-498FD787E76A-SegmentedRaftLogWorker: created new log segment /home/runner/work/ozone/ozone/mnt/ozone/hadoop-ozone/integration-test/target/test-dir/MiniOzoneClusterImpl-f74e07ef-a4e5-4994-bf82-498fd787e76a/scmNode-2/scm-ha/f74e07ef-a4e5-4994-bf82-498fd787e76a/current/log_inprogress_0
2021-07-06 17:09:29,228 [9c66a5a1-6505-4feb-946f-7a4da78b4c7a@group-498FD787E76A-SegmentedRaftLogWorker] INFO  segmented.SegmentedRaftLogWorker (SegmentedRaftLogWorker.java:execute(558)) - 9c66a5a1-6505-4feb-946f-7a4da78b4c7a@group-498FD787E76A-SegmentedRaftLogWorker: Rolled log segment from /home/runner/work/ozone/ozone/mnt/ozone/hadoop-ozone/integration-test/target/test-dir/MiniOzoneClusterImpl-f74e07ef-a4e5-4994-bf82-498fd787e76a/scmNode-2/scm-ha/f74e07ef-a4e5-4994-bf82-498fd787e76a/current/log_inprogress_0 to /home/runner/work/ozone/ozone/mnt/ozone/hadoop-ozone/integration-test/target/test-dir/MiniOzoneClusterImpl-f74e07ef-a4e5-4994-bf82-498fd787e76a/scmNode-2/scm-ha/f74e07ef-a4e5-4994-bf82-498fd787e76a/current/log_0-0
2021-07-06 17:09:29,229 [9c66a5a1-6505-4feb-946f-7a4da78b4c7a@group-498FD787E76A-SegmentedRaftLogWorker] INFO  segmented.SegmentedRaftLogWorker (SegmentedRaftLogWorker.java:execute(601)) - 9c66a5a1-6505-4feb-946f-7a4da78b4c7a@group-498FD787E76A-SegmentedRaftLogWorker: created new log segment /home/runner/work/ozone/ozone/mnt/ozone/hadoop-ozone/integration-test/target/test-dir/MiniOzoneClusterImpl-f74e07ef-a4e5-4994-bf82-498fd787e76a/scmNode-2/scm-ha/f74e07ef-a4e5-4994-bf82-498fd787e76a/current/log_inprogress_1
2021-07-06 17:09:29,233 [9c66a5a1-6505-4feb-946f-7a4da78b4c7a@group-498FD787E76A-StateMachineUpdater] INFO  safemode.HealthyPipelineSafeModeRule (HealthyPipelineSafeModeRule.java:initializeRule(152)) - Refreshed total pipeline count is 0, healthy pipeline threshold count is 1
2021-07-06 17:09:29,233 [9c66a5a1-6505-4feb-946f-7a4da78b4c7a@group-498FD787E76A-StateMachineUpdater] INFO  safemode.ContainerSafeModeRule (ContainerSafeModeRule.java:reInitializeRule(177)) - Refreshed one replica container threshold 0, currentThreshold 0
2021-07-06 17:09:29,233 [9c66a5a1-6505-4feb-946f-7a4da78b4c7a@group-498FD787E76A-StateMachineUpdater] INFO  safemode.OneReplicaPipelineSafeModeRule (OneReplicaPipelineSafeModeRule.java:initializeRule(176)) - Refreshed Total pipeline count is 0, pipeline's with at least one datanode reported threshold count is 0
2021-07-06 17:09:29,233 [9c66a5a1-6505-4feb-946f-7a4da78b4c7a@group-498FD787E76A-StateMachineUpdater] INFO  server.SCMDatanodeProtocolServer (SCMDatanodeProtocolServer.java:start(177)) - RPC server for DataNodes is listening at /0.0.0.0:15283
2021-07-06 17:09:29,237 [IPC Server Responder] INFO  ipc.Server (Server.java:run(1497)) - IPC Server Responder: starting
2021-07-06 17:09:29,240 [48f00b5a-c605-41fe-901b-b25c0b7536a6@group-498FD787E76A-LeaderStateImpl] INFO  server.RaftServer$Division (ServerState.java:setRaftConf(373)) - 48f00b5a-c605-41fe-901b-b25c0b7536a6@group-498FD787E76A: set configuration 3: [48f00b5a-c605-41fe-901b-b25c0b7536a6|rpc:localhost:15272|admin:|client:|dataStream:|priority:0, 9c66a5a1-6505-4feb-946f-7a4da78b4c7a|rpc:localhost:15282|priority:0], old=[48f00b5a-c605-41fe-901b-b25c0b7536a6|rpc:localhost:15272|admin:|client:|dataStream:|priority:0]
2021-07-06 17:09:29,241 [grpc-default-executor-3] INFO  server.RaftServer$Division (ServerState.java:setRaftConf(373)) - 9c66a5a1-6505-4feb-946f-7a4da78b4c7a@group-498FD787E76A: set configuration 3: [48f00b5a-c605-41fe-901b-b25c0b7536a6|rpc:localhost:15272|admin:|client:|dataStream:|priority:0, 9c66a5a1-6505-4feb-946f-7a4da78b4c7a|rpc:localhost:15282|admin:|client:|dataStream:|priority:0], old=[48f00b5a-c605-41fe-901b-b25c0b7536a6|rpc:localhost:15272|admin:|client:|dataStream:|priority:0]
2021-07-06 17:09:29,245 [IPC Server listener on 15283] INFO  ipc.Server (Server.java:run(1334)) - IPC Server listener on 15283: starting
2021-07-06 17:09:29,258 [48f00b5a-c605-41fe-901b-b25c0b7536a6@group-498FD787E76A-LeaderStateImpl] INFO  server.RaftServer$Division (ServerState.java:setRaftConf(373)) - 48f00b5a-c605-41fe-901b-b25c0b7536a6@group-498FD787E76A: set configuration 5: [48f00b5a-c605-41fe-901b-b25c0b7536a6|rpc:localhost:15272|admin:|client:|dataStream:|priority:0, 9c66a5a1-6505-4feb-946f-7a4da78b4c7a|rpc:localhost:15282|priority:0], old=null
2021-07-06 17:09:29,259 [grpc-default-executor-3] INFO  server.RaftServer$Division (ServerState.java:setRaftConf(373)) - 9c66a5a1-6505-4feb-946f-7a4da78b4c7a@group-498FD787E76A: set configuration 5: [48f00b5a-c605-41fe-901b-b25c0b7536a6|rpc:localhost:15272|admin:|client:|dataStream:|priority:0, 9c66a5a1-6505-4feb-946f-7a4da78b4c7a|rpc:localhost:15282|admin:|client:|dataStream:|priority:0], old=null
2021-07-06 17:09:29,267 [48f00b5a-c605-41fe-901b-b25c0b7536a6@group-498FD787E76A-StateMachineUpdater] INFO  ha.SCMStateMachine (SCMStateMachine.java:takeSnapshot(290)) - Current Snapshot Index 5, takeSnapshot took 0 ms
2021-07-06 17:09:29,267 [48f00b5a-c605-41fe-901b-b25c0b7536a6@group-498FD787E76A-StateMachineUpdater] INFO  impl.StateMachineUpdater (StateMachineUpdater.java:takeSnapshot(281)) - 48f00b5a-c605-41fe-901b-b25c0b7536a6@group-498FD787E76A-StateMachineUpdater: Took a snapshot at index 5
2021-07-06 17:09:29,267 [48f00b5a-c605-41fe-901b-b25c0b7536a6@group-498FD787E76A-StateMachineUpdater] INFO  impl.StateMachineUpdater (StateMachineUpdater.java:lambda$new$0(89)) - 48f00b5a-c605-41fe-901b-b25c0b7536a6@group-498FD787E76A-StateMachineUpdater: snapshotIndex: updateIncreasingly -1 -> 5
2021-07-06 17:09:29,267 [48f00b5a-c605-41fe-901b-b25c0b7536a6@group-498FD787E76A-StateMachineUpdater] INFO  raftlog.RaftLog (RaftLogBase.java:purge(306)) - 48f00b5a-c605-41fe-901b-b25c0b7536a6@group-498FD787E76A-SegmentedRaftLog: purge 5
2021-07-06 17:09:29,267 [48f00b5a-c605-41fe-901b-b25c0b7536a6@group-498FD787E76A-StateMachineUpdater] INFO  raftlog.RaftLog (RaftLogBase.java:lambda$new$0(53)) - 48f00b5a-c605-41fe-901b-b25c0b7536a6@group-498FD787E76A-SegmentedRaftLog: snapshotIndex: updateIncreasingly -1 -> 5
2021-07-06 17:09:29,268 [48f00b5a-c605-41fe-901b-b25c0b7536a6@group-498FD787E76A-SegmentedRaftLogWorker] INFO  raftlog.RaftLog (RaftLogBase.java:lambda$new$0(53)) - 48f00b5a-c605-41fe-901b-b25c0b7536a6@group-498FD787E76A-SegmentedRaftLog: purgeIndex: updateToMax old=-1, new=0, updated? true
2021-07-06 17:09:29,268 [IPC Server handler 6 on default port 15274] INFO  ha.SCMRatisServerImpl (SCMRatisServerImpl.java:addSCM(291)) - Successfully added new SCM: 9c66a5a1-6505-4feb-946f-7a4da78b4c7a.
2021-07-06 17:09:29,268 [Listener at 0.0.0.0/15285] INFO  ha.SCMHAManagerImpl (SCMHAManagerImpl.java:start(116)) - Successfully added SCM scmNode-2 to group group-498FD787E76A:[48f00b5a-c605-41fe-901b-b25c0b7536a6|rpc:localhost:15272|admin:|client:|dataStream:|priority:0, 9c66a5a1-6505-4feb-946f-7a4da78b4c7a|rpc:localhost:15282|admin:|client:|dataStream:|priority:0]
2021-07-06 17:09:29,268 [Listener at 0.0.0.0/15285] INFO  ha.InterSCMGrpcService (InterSCMGrpcProtocolService.java:start(94)) - Starting SCM Grpc Service at port 15286
2021-07-06 17:09:29,271 [Listener at 0.0.0.0/15285] INFO  impl.MetricsSystemImpl (MetricsSystemImpl.java:init(158)) - StorageContainerManager metrics system started (again)
2021-07-06 17:09:29,273 [9c66a5a1-6505-4feb-946f-7a4da78b4c7a@group-498FD787E76A-StateMachineUpdater] INFO  ha.SCMStateMachine (SCMStateMachine.java:takeSnapshot(290)) - Current Snapshot Index 5, takeSnapshot took 1 ms
2021-07-06 17:09:29,273 [9c66a5a1-6505-4feb-946f-7a4da78b4c7a@group-498FD787E76A-StateMachineUpdater] INFO  impl.StateMachineUpdater (StateMachineUpdater.java:takeSnapshot(281)) - 9c66a5a1-6505-4feb-946f-7a4da78b4c7a@group-498FD787E76A-StateMachineUpdater: Took a snapshot at index 5
2021-07-06 17:09:29,273 [9c66a5a1-6505-4feb-946f-7a4da78b4c7a@group-498FD787E76A-StateMachineUpdater] INFO  impl.StateMachineUpdater (StateMachineUpdater.java:lambda$new$0(89)) - 9c66a5a1-6505-4feb-946f-7a4da78b4c7a@group-498FD787E76A-StateMachineUpdater: snapshotIndex: updateIncreasingly -1 -> 5
2021-07-06 17:09:29,273 [9c66a5a1-6505-4feb-946f-7a4da78b4c7a@group-498FD787E76A-StateMachineUpdater] INFO  raftlog.RaftLog (RaftLogBase.java:purge(306)) - 9c66a5a1-6505-4feb-946f-7a4da78b4c7a@group-498FD787E76A-SegmentedRaftLog: purge 5
2021-07-06 17:09:29,273 [9c66a5a1-6505-4feb-946f-7a4da78b4c7a@group-498FD787E76A-StateMachineUpdater] INFO  raftlog.RaftLog (RaftLogBase.java:lambda$new$0(53)) - 9c66a5a1-6505-4feb-946f-7a4da78b4c7a@group-498FD787E76A-SegmentedRaftLog: snapshotIndex: updateIncreasingly -1 -> 5
2021-07-06 17:09:29,273 [9c66a5a1-6505-4feb-946f-7a4da78b4c7a@group-498FD787E76A-SegmentedRaftLogWorker] INFO  raftlog.RaftLog (RaftLogBase.java:lambda$new$0(53)) - 9c66a5a1-6505-4feb-946f-7a4da78b4c7a@group-498FD787E76A-SegmentedRaftLog: purgeIndex: updateToMax old=-1, new=0, updated? true
2021-07-06 17:09:29,277 [Listener at 0.0.0.0/15285] INFO  server.SCMClientProtocolServer (SCMClientProtocolServer.java:start(163)) - RPC server for Client  is listening at /0.0.0.0:15285
2021-07-06 17:09:29,281 [IPC Server Responder] INFO  ipc.Server (Server.java:run(1497)) - IPC Server Responder: starting
2021-07-06 17:09:29,288 [IPC Server listener on 15285] INFO  ipc.Server (Server.java:run(1334)) - IPC Server listener on 15285: starting
2021-07-06 17:09:29,293 [Listener at 0.0.0.0/15285] INFO  server.StorageContainerManager (StorageContainerManager.java:start(1229)) - ScmBlockLocationProtocol RPC server is listening at /0.0.0.0:15284
2021-07-06 17:09:29,293 [Listener at 0.0.0.0/15285] INFO  server.SCMBlockProtocolServer (SCMBlockProtocolServer.java:start(151)) - RPC server for Block Protocol is listening at /0.0.0.0:15284
2021-07-06 17:09:29,293 [IPC Server Responder] INFO  ipc.Server (Server.java:run(1497)) - IPC Server Responder: starting
2021-07-06 17:09:29,293 [IPC Server listener on 15284] INFO  ipc.Server (Server.java:run(1334)) - IPC Server listener on 15284: starting
2021-07-06 17:09:29,295 [Listener at 0.0.0.0/15285] INFO  server.StorageContainerManager (StorageContainerManager.java:start(1235)) - ScmDatanodeProtocl RPC server is listening at /0.0.0.0:15283
2021-07-06 17:09:29,300 [Listener at 0.0.0.0/15285] INFO  http.BaseHttpServer (BaseHttpServer.java:newHttpServer2BuilderForOzone(209)) - Starting Web-server for scm at: http://0.0.0.0:15280
2021-07-06 17:09:29,300 [Listener at 0.0.0.0/15285] INFO  http.BaseHttpServer (BaseHttpServer.java:<init>(107)) - Hadoop Security Enabled: false Ozone Security Enabled: false Ozone HTTP Security Enabled: false 
2021-07-06 17:09:29,300 [org.apache.hadoop.util.JvmPauseMonitor$Monitor@705448e7] INFO  util.JvmPauseMonitor (JvmPauseMonitor.java:run(188)) - Starting JVM pause monitor
2021-07-06 17:09:29,302 [Listener at 0.0.0.0/15285] INFO  server.AuthenticationFilter (AuthenticationFilter.java:constructSecretProvider(240)) - Unable to initialize FileSignerSecretProvider, falling back to use random secrets.
2021-07-06 17:09:29,302 [Listener at 0.0.0.0/15285] WARN  http.HttpRequestLog (HttpRequestLog.java:getRequestLog(103)) - Jetty request log can only be enabled using Log4j
2021-07-06 17:09:29,303 [Listener at 0.0.0.0/15285] INFO  http.HttpServer2 (HttpServer2.java:addGlobalFilter(1020)) - Added global filter 'safety' (class=org.apache.hadoop.hdds.server.http.HttpServer2$QuotingInputFilter)
2021-07-06 17:09:29,304 [Listener at 0.0.0.0/15285] INFO  http.HttpServer2 (HttpServer2.java:addFilter(996)) - Added filter static_user_filter (class=org.apache.hadoop.http.lib.StaticUserWebFilter$StaticUserFilter) to context scm
2021-07-06 17:09:29,304 [Listener at 0.0.0.0/15285] INFO  http.HttpServer2 (HttpServer2.java:addFilter(1004)) - Added filter static_user_filter (class=org.apache.hadoop.http.lib.StaticUserWebFilter$StaticUserFilter) to context static
2021-07-06 17:09:29,304 [Listener at 0.0.0.0/15285] INFO  http.HttpServer2 (HttpServer2.java:addFilter(1004)) - Added filter static_user_filter (class=org.apache.hadoop.http.lib.StaticUserWebFilter$StaticUserFilter) to context logs
2021-07-06 17:09:29,305 [Listener at 0.0.0.0/15285] INFO  http.HttpServer2 (HttpServer2.java:bindListener(1238)) - Jetty bound to port 15280
2021-07-06 17:09:29,305 [Listener at 0.0.0.0/15285] INFO  server.Server (Server.java:doStart(375)) - jetty-9.4.35.v20201120; built: 2020-11-20T21:17:03.964Z; git: bdc54f03a5e0a7e280fab27f55c3c75ee8da89fb; jvm 1.8.0_292-b10
2021-07-06 17:09:29,306 [Listener at 0.0.0.0/15285] INFO  server.session (DefaultSessionIdManager.java:doStart(334)) - DefaultSessionIdManager workerName=node0
2021-07-06 17:09:29,306 [Listener at 0.0.0.0/15285] INFO  server.session (DefaultSessionIdManager.java:doStart(339)) - No SessionScavenger set, using defaults
2021-07-06 17:09:29,307 [Listener at 0.0.0.0/15285] INFO  server.session (HouseKeeper.java:startScavenging(132)) - node0 Scavenging every 660000ms
2021-07-06 17:09:29,307 [Listener at 0.0.0.0/15285] INFO  handler.ContextHandler (ContextHandler.java:doStart(916)) - Started o.e.j.s.ServletContextHandler@2094869b{logs,/logs,file:///home/runner/work/ozone/ozone/mnt/ozone/hadoop-ozone/integration-test/target/log,AVAILABLE}
2021-07-06 17:09:29,308 [Listener at 0.0.0.0/15285] INFO  handler.ContextHandler (ContextHandler.java:doStart(916)) - Started o.e.j.s.ServletContextHandler@470dbce9{static,/static,file:///home/runner/work/ozone/ozone/mnt/ozone/hadoop-ozone/integration-test/target/test-classes/webapps/static,AVAILABLE}
2021-07-06 17:09:29,311 [Listener at 0.0.0.0/15285] INFO  handler.ContextHandler (ContextHandler.java:doStart(916)) - Started o.e.j.w.WebAppContext@4843fc3c{scm,/,file:///home/runner/work/ozone/ozone/mnt/ozone/hadoop-ozone/integration-test/target/test-classes/webapps/scm/,AVAILABLE}{file:/home/runner/work/ozone/ozone/mnt/ozone/hadoop-ozone/integration-test/target/test-classes/webapps/scm}
2021-07-06 17:09:29,314 [Listener at 0.0.0.0/15285] INFO  server.AbstractConnector (AbstractConnector.java:doStart(331)) - Started ServerConnector@30f1a181{HTTP/1.1, (http/1.1)}{0.0.0.0:15280}
2021-07-06 17:09:29,314 [Listener at 0.0.0.0/15285] INFO  server.Server (Server.java:doStart(415)) - Started @76853ms
2021-07-06 17:09:29,315 [Listener at 0.0.0.0/15285] WARN  impl.MetricsSystemImpl (MetricsSystemImpl.java:register(279)) - Sink prometheus already exists!
2021-07-06 17:09:29,315 [Listener at 0.0.0.0/15285] INFO  http.BaseHttpServer (BaseHttpServer.java:updateConnectorAddress(329)) - HTTP server of scm listening at http://0.0.0.0:15280
2021-07-06 17:09:29,315 [Listener at 0.0.0.0/15285] INFO  ozone.MiniOzoneHAClusterImpl (MiniOzoneHAClusterImpl.java:createSCMService(537)) - Started SCM RPC server at org.apache.hadoop.hdds.scm.server.SCMClientProtocolServer@93370c5
2021-07-06 17:09:29,317 [Listener at 0.0.0.0/15285] INFO  ha.SCMHANodeDetails (SCMHANodeDetails.java:loadSCMHAConfig(157)) - ServiceID for StorageContainerManager is scm-service-test1
2021-07-06 17:09:29,317 [Listener at 0.0.0.0/15285] INFO  ha.SCMHANodeDetails (SCMHANodeDetails.java:loadSCMHAConfig(168)) - ServiceID for StorageContainerManager is scm-service-test1
2021-07-06 17:09:29,317 [Listener at 0.0.0.0/15285] WARN  scm.ScmUtils (ScmUtils.java:logWarn(179)) - ConfigKey ozone.scm.block.client.address is deprecated, For configuring different ports for each SCM use PortConfigKey ozone.scm.block.client.port appended with serviceId and nodeId. If want to configure same port configure ozone.scm.block.client.port
2021-07-06 17:09:29,321 [Listener at 0.0.0.0/15285] WARN  scm.ScmUtils (ScmUtils.java:logWarn(179)) - ConfigKey ozone.scm.client.address is deprecated, For configuring different ports for each SCM use PortConfigKey ozone.scm.client.port appended with serviceId and nodeId. If want to configure same port configure ozone.scm.client.port
2021-07-06 17:09:29,321 [Listener at 0.0.0.0/15285] WARN  scm.ScmUtils (ScmUtils.java:logWarn(179)) - ConfigKey ozone.scm.datanode.address is deprecated, For configuring different ports for each SCM use PortConfigKey ozone.scm.datanode.port appended with serviceId and nodeId. If want to configure same port configure ozone.scm.datanode.port
2021-07-06 17:09:29,321 [Listener at 0.0.0.0/15285] WARN  scm.ScmUtils (ScmUtils.java:logWarn(179)) - ConfigKey ozone.scm.block.client.address is deprecated, For configuring different ports for each SCM use PortConfigKey ozone.scm.block.client.port appended with serviceId and nodeId. If want to configure same port configure ozone.scm.block.client.port
2021-07-06 17:09:29,321 [Listener at 0.0.0.0/15285] WARN  scm.ScmUtils (ScmUtils.java:logWarn(179)) - ConfigKey ozone.scm.client.address is deprecated, For configuring different ports for each SCM use PortConfigKey ozone.scm.client.port appended with serviceId and nodeId. If want to configure same port configure ozone.scm.client.port
2021-07-06 17:09:29,321 [Listener at 0.0.0.0/15285] WARN  scm.ScmUtils (ScmUtils.java:logWarn(179)) - ConfigKey ozone.scm.datanode.address is deprecated, For configuring different ports for each SCM use PortConfigKey ozone.scm.datanode.port appended with serviceId and nodeId. If want to configure same port configure ozone.scm.datanode.port
2021-07-06 17:09:29,322 [Listener at 0.0.0.0/15285] INFO  ha.SCMHANodeDetails (SCMHANodeDetails.java:loadSCMHAConfig(250)) - Found matching SCM address with SCMServiceId: scm-service-test1, SCMNodeId: scmNode-3, RPC Address: localhost:15292 and Ratis port: 15292
2021-07-06 17:09:29,322 [Listener at 0.0.0.0/15285] INFO  ha.SCMHANodeDetails (ConfUtils.java:setNodeSpecificConfigs(108)) - Setting configuration key ozone.scm.datanode.address with value of key ozone.scm.datanode.address.scm-service-test1.scmNode-3: 127.0.0.1:15293
2021-07-06 17:09:29,322 [Listener at 0.0.0.0/15285] INFO  ha.SCMHANodeDetails (ConfUtils.java:setNodeSpecificConfigs(108)) - Setting configuration key ozone.scm.block.client.address with value of key ozone.scm.block.client.address.scm-service-test1.scmNode-3: 127.0.0.1:15294
2021-07-06 17:09:29,322 [Listener at 0.0.0.0/15285] INFO  ha.SCMHANodeDetails (ConfUtils.java:setNodeSpecificConfigs(108)) - Setting configuration key ozone.scm.client.address with value of key ozone.scm.client.address.scm-service-test1.scmNode-3: 127.0.0.1:15295
2021-07-06 17:09:29,322 [Listener at 0.0.0.0/15285] INFO  ha.SCMHANodeDetails (ConfUtils.java:setNodeSpecificConfigs(108)) - Setting configuration key ozone.scm.ratis.port with value of key ozone.scm.ratis.port.scm-service-test1.scmNode-3: 15292
2021-07-06 17:09:29,322 [Listener at 0.0.0.0/15285] INFO  ha.SCMHANodeDetails (ConfUtils.java:setNodeSpecificConfigs(108)) - Setting configuration key ozone.scm.grpc.port with value of key ozone.scm.grpc.port.scm-service-test1.scmNode-3: 15296
2021-07-06 17:09:29,322 [Listener at 0.0.0.0/15285] INFO  ha.SCMHANodeDetails (ConfUtils.java:setNodeSpecificConfigs(108)) - Setting configuration key ozone.scm.http-address with value of key ozone.scm.http-address.scm-service-test1.scmNode-3: 127.0.0.1:15290
2021-07-06 17:09:29,322 [Listener at 0.0.0.0/15285] INFO  ha.SCMHANodeDetails (ConfUtils.java:setNodeSpecificConfigs(108)) - Setting configuration key ozone.scm.https-address with value of key ozone.scm.https-address.scm-service-test1.scmNode-3: 127.0.0.1:15291
2021-07-06 17:09:29,323 [Listener at 0.0.0.0/15285] INFO  ha.SCMHANodeDetails (ConfUtils.java:setNodeSpecificConfigs(108)) - Setting configuration key ozone.scm.address with value of key ozone.scm.address.scm-service-test1.scmNode-3: 127.0.0.1
2021-07-06 17:09:29,323 [Listener at 0.0.0.0/15285] WARN  scm.ScmUtils (ScmUtils.java:logWarn(179)) - ConfigKey ozone.scm.block.client.address is deprecated, For configuring different ports for each SCM use PortConfigKey ozone.scm.block.client.port appended with serviceId and nodeId. If want to configure same port configure ozone.scm.block.client.port
2021-07-06 17:09:29,323 [Listener at 0.0.0.0/15285] WARN  scm.ScmUtils (ScmUtils.java:logWarn(179)) - ConfigKey ozone.scm.client.address is deprecated, For configuring different ports for each SCM use PortConfigKey ozone.scm.client.port appended with serviceId and nodeId. If want to configure same port configure ozone.scm.client.port
2021-07-06 17:09:29,323 [Listener at 0.0.0.0/15285] WARN  scm.ScmUtils (ScmUtils.java:logWarn(179)) - ConfigKey ozone.scm.datanode.address is deprecated, For configuring different ports for each SCM use PortConfigKey ozone.scm.datanode.port appended with serviceId and nodeId. If want to configure same port configure ozone.scm.datanode.port
2021-07-06 17:09:29,323 [Listener at 0.0.0.0/15285] WARN  server.ServerUtils (ServerUtils.java:getScmDbDir(148)) - ozone.scm.db.dirs is not configured. We recommend adding this setting. Falling back to ozone.metadata.dirs instead.
2021-07-06 17:09:29,324 [Listener at 0.0.0.0/15285] INFO  ha.SCMNodeInfo (SCMNodeInfo.java:getPort(197)) - ConfigKey ozone.scm.client.address is deprecated, For configuring different ports for each SCM use PortConfigKey ozone.scm.client.port appended with serviceId and nodeId
2021-07-06 17:09:29,325 [Listener at 0.0.0.0/15285] INFO  ha.SCMNodeInfo (SCMNodeInfo.java:getPort(197)) - ConfigKey ozone.scm.block.client.address is deprecated, For configuring different ports for each SCM use PortConfigKey ozone.scm.block.client.port appended with serviceId and nodeId
2021-07-06 17:09:29,325 [Listener at 0.0.0.0/15285] INFO  ha.SCMNodeInfo (SCMNodeInfo.java:getPort(197)) - ConfigKey ozone.scm.datanode.address is deprecated, For configuring different ports for each SCM use PortConfigKey ozone.scm.datanode.port appended with serviceId and nodeId
2021-07-06 17:09:29,325 [Listener at 0.0.0.0/15285] INFO  ha.SCMNodeInfo (SCMNodeInfo.java:getPort(197)) - ConfigKey ozone.scm.client.address is deprecated, For configuring different ports for each SCM use PortConfigKey ozone.scm.client.port appended with serviceId and nodeId
2021-07-06 17:09:29,325 [Listener at 0.0.0.0/15285] INFO  ha.SCMNodeInfo (SCMNodeInfo.java:getPort(197)) - ConfigKey ozone.scm.block.client.address is deprecated, For configuring different ports for each SCM use PortConfigKey ozone.scm.block.client.port appended with serviceId and nodeId
2021-07-06 17:09:29,325 [Listener at 0.0.0.0/15285] INFO  ha.SCMNodeInfo (SCMNodeInfo.java:getPort(197)) - ConfigKey ozone.scm.datanode.address is deprecated, For configuring different ports for each SCM use PortConfigKey ozone.scm.datanode.port appended with serviceId and nodeId
2021-07-06 17:09:29,325 [Listener at 0.0.0.0/15285] INFO  ha.SCMNodeInfo (SCMNodeInfo.java:getPort(197)) - ConfigKey ozone.scm.client.address is deprecated, For configuring different ports for each SCM use PortConfigKey ozone.scm.client.port appended with serviceId and nodeId
2021-07-06 17:09:29,325 [Listener at 0.0.0.0/15285] INFO  ha.SCMNodeInfo (SCMNodeInfo.java:getPort(197)) - ConfigKey ozone.scm.block.client.address is deprecated, For configuring different ports for each SCM use PortConfigKey ozone.scm.block.client.port appended with serviceId and nodeId
2021-07-06 17:09:29,326 [Listener at 0.0.0.0/15285] INFO  ha.SCMNodeInfo (SCMNodeInfo.java:getPort(197)) - ConfigKey ozone.scm.datanode.address is deprecated, For configuring different ports for each SCM use PortConfigKey ozone.scm.datanode.port appended with serviceId and nodeId
2021-07-06 17:09:29,345 [Listener at 0.0.0.0/15285] INFO  server.StorageContainerManager (StorageContainerManager.java:scmBootstrap(921)) - SCM BootStrap  is successful for ClusterID f74e07ef-a4e5-4994-bf82-498fd787e76a, SCMID c9c8c7da-b2d5-4e05-8678-9bfdfb976b9e
2021-07-06 17:09:29,345 [Listener at 0.0.0.0/15285] INFO  server.StorageContainerManager (StorageContainerManager.java:scmBootstrap(923)) - Primary SCM Node ID 48f00b5a-c605-41fe-901b-b25c0b7536a6
2021-07-06 17:09:29,345 [Listener at 0.0.0.0/15285] INFO  ha.SCMHANodeDetails (SCMHANodeDetails.java:loadSCMHAConfig(157)) - ServiceID for StorageContainerManager is scm-service-test1
2021-07-06 17:09:29,345 [Listener at 0.0.0.0/15285] INFO  ha.SCMHANodeDetails (SCMHANodeDetails.java:loadSCMHAConfig(168)) - ServiceID for StorageContainerManager is scm-service-test1
2021-07-06 17:09:29,345 [Listener at 0.0.0.0/15285] WARN  scm.ScmUtils (ScmUtils.java:logWarn(179)) - ConfigKey ozone.scm.block.client.address is deprecated, For configuring different ports for each SCM use PortConfigKey ozone.scm.block.client.port appended with serviceId and nodeId. If want to configure same port configure ozone.scm.block.client.port
2021-07-06 17:09:29,345 [Listener at 0.0.0.0/15285] WARN  scm.ScmUtils (ScmUtils.java:logWarn(179)) - ConfigKey ozone.scm.client.address is deprecated, For configuring different ports for each SCM use PortConfigKey ozone.scm.client.port appended with serviceId and nodeId. If want to configure same port configure ozone.scm.client.port
2021-07-06 17:09:29,346 [Listener at 0.0.0.0/15285] WARN  scm.ScmUtils (ScmUtils.java:logWarn(179)) - ConfigKey ozone.scm.datanode.address is deprecated, For configuring different ports for each SCM use PortConfigKey ozone.scm.datanode.port appended with serviceId and nodeId. If want to configure same port configure ozone.scm.datanode.port
2021-07-06 17:09:29,346 [Listener at 0.0.0.0/15285] WARN  scm.ScmUtils (ScmUtils.java:logWarn(179)) - ConfigKey ozone.scm.block.client.address is deprecated, For configuring different ports for each SCM use PortConfigKey ozone.scm.block.client.port appended with serviceId and nodeId. If want to configure same port configure ozone.scm.block.client.port
2021-07-06 17:09:29,346 [Listener at 0.0.0.0/15285] WARN  scm.ScmUtils (ScmUtils.java:logWarn(179)) - ConfigKey ozone.scm.client.address is deprecated, For configuring different ports for each SCM use PortConfigKey ozone.scm.client.port appended with serviceId and nodeId. If want to configure same port configure ozone.scm.client.port
2021-07-06 17:09:29,346 [Listener at 0.0.0.0/15285] WARN  scm.ScmUtils (ScmUtils.java:logWarn(179)) - ConfigKey ozone.scm.datanode.address is deprecated, For configuring different ports for each SCM use PortConfigKey ozone.scm.datanode.port appended with serviceId and nodeId. If want to configure same port configure ozone.scm.datanode.port
2021-07-06 17:09:29,346 [Listener at 0.0.0.0/15285] INFO  ha.SCMHANodeDetails (SCMHANodeDetails.java:loadSCMHAConfig(250)) - Found matching SCM address with SCMServiceId: scm-service-test1, SCMNodeId: scmNode-3, RPC Address: localhost:15292 and Ratis port: 15292
2021-07-06 17:09:29,346 [Listener at 0.0.0.0/15285] INFO  ha.SCMHANodeDetails (ConfUtils.java:setNodeSpecificConfigs(108)) - Setting configuration key ozone.scm.datanode.address with value of key ozone.scm.datanode.address.scm-service-test1.scmNode-3: 127.0.0.1:15293
2021-07-06 17:09:29,346 [Listener at 0.0.0.0/15285] INFO  ha.SCMHANodeDetails (ConfUtils.java:setNodeSpecificConfigs(108)) - Setting configuration key ozone.scm.block.client.address with value of key ozone.scm.block.client.address.scm-service-test1.scmNode-3: 127.0.0.1:15294
2021-07-06 17:09:29,346 [Listener at 0.0.0.0/15285] INFO  ha.SCMHANodeDetails (ConfUtils.java:setNodeSpecificConfigs(108)) - Setting configuration key ozone.scm.client.address with value of key ozone.scm.client.address.scm-service-test1.scmNode-3: 127.0.0.1:15295
2021-07-06 17:09:29,347 [Listener at 0.0.0.0/15285] INFO  ha.SCMHANodeDetails (ConfUtils.java:setNodeSpecificConfigs(108)) - Setting configuration key ozone.scm.ratis.port with value of key ozone.scm.ratis.port.scm-service-test1.scmNode-3: 15292
2021-07-06 17:09:29,347 [Listener at 0.0.0.0/15285] INFO  ha.SCMHANodeDetails (ConfUtils.java:setNodeSpecificConfigs(108)) - Setting configuration key ozone.scm.grpc.port with value of key ozone.scm.grpc.port.scm-service-test1.scmNode-3: 15296
2021-07-06 17:09:29,347 [Listener at 0.0.0.0/15285] INFO  ha.SCMHANodeDetails (ConfUtils.java:setNodeSpecificConfigs(108)) - Setting configuration key ozone.scm.http-address with value of key ozone.scm.http-address.scm-service-test1.scmNode-3: 127.0.0.1:15290
2021-07-06 17:09:29,347 [Listener at 0.0.0.0/15285] INFO  ha.SCMHANodeDetails (ConfUtils.java:setNodeSpecificConfigs(108)) - Setting configuration key ozone.scm.https-address with value of key ozone.scm.https-address.scm-service-test1.scmNode-3: 127.0.0.1:15291
2021-07-06 17:09:29,347 [Listener at 0.0.0.0/15285] INFO  ha.SCMHANodeDetails (ConfUtils.java:setNodeSpecificConfigs(108)) - Setting configuration key ozone.scm.address with value of key ozone.scm.address.scm-service-test1.scmNode-3: 127.0.0.1
2021-07-06 17:09:29,347 [Listener at 0.0.0.0/15285] WARN  scm.ScmUtils (ScmUtils.java:logWarn(179)) - ConfigKey ozone.scm.block.client.address is deprecated, For configuring different ports for each SCM use PortConfigKey ozone.scm.block.client.port appended with serviceId and nodeId. If want to configure same port configure ozone.scm.block.client.port
2021-07-06 17:09:29,348 [Listener at 0.0.0.0/15285] WARN  scm.ScmUtils (ScmUtils.java:logWarn(179)) - ConfigKey ozone.scm.client.address is deprecated, For configuring different ports for each SCM use PortConfigKey ozone.scm.client.port appended with serviceId and nodeId. If want to configure same port configure ozone.scm.client.port
2021-07-06 17:09:29,348 [Listener at 0.0.0.0/15285] WARN  scm.ScmUtils (ScmUtils.java:logWarn(179)) - ConfigKey ozone.scm.datanode.address is deprecated, For configuring different ports for each SCM use PortConfigKey ozone.scm.datanode.port appended with serviceId and nodeId. If want to configure same port configure ozone.scm.datanode.port
2021-07-06 17:09:29,349 [Listener at 0.0.0.0/15285] WARN  server.ServerUtils (ServerUtils.java:getScmDbDir(148)) - ozone.scm.db.dirs is not configured. We recommend adding this setting. Falling back to ozone.metadata.dirs instead.
2021-07-06 17:09:29,349 [Listener at 0.0.0.0/15285] WARN  utils.HAUtils (HAUtils.java:getMetaDir(342)) - ozone.scm.db.dirs is not configured. We recommend adding this setting. Falling back to ozone.metadata.dirs instead.
2021-07-06 17:09:29,352 [Listener at 0.0.0.0/15285] WARN  db.DBStoreBuilder (DBStoreBuilder.java:applyDBDefinition(145)) - ozone.scm.db.dirs is not configured. We recommend adding this setting. Falling back to ozone.metadata.dirs instead.
2021-07-06 17:09:29,415 [Listener at 0.0.0.0/15285] INFO  net.NodeSchemaLoader (NodeSchemaLoader.java:loadSchemaFromFile(129)) - Loading schema from [jar:file:/home/runner/.m2/repository/org/apache/ozone/hdds-common/1.2.0-SNAPSHOT/hdds-common-1.2.0-SNAPSHOT.jar!/network-topology-default.xml]
2021-07-06 17:09:29,415 [Listener at 0.0.0.0/15285] INFO  net.NodeSchemaLoader (NodeSchemaLoader.java:loadSchema(176)) - Loading network topology layer schema file
2021-07-06 17:09:29,417 [Listener at 0.0.0.0/15285] INFO  ha.SCMRatisServerImpl (SCMRatisServerImpl.java:<init>(85)) - starting Raft server for scm:c9c8c7da-b2d5-4e05-8678-9bfdfb976b9e
2021-07-06 17:09:29,418 [Listener at 0.0.0.0/15285] INFO  server.RaftServer (ConfUtils.java:logGet(44)) - raft.rpc.type = GRPC (default)
2021-07-06 17:09:29,418 [Listener at 0.0.0.0/15285] INFO  grpc.GrpcFactory (GrpcFactory.java:checkPooledByteBufAllocatorUseCacheForAllThreads(48)) - PERFORMANCE WARNING: useCacheForAllThreads is true that may cause Netty to create a lot garbage objects and, as a result, trigger GC.
	It is recommended to disable useCacheForAllThreads by setting -Dorg.apache.ratis.thirdparty.io.netty.allocator.useCacheForAllThreads=false in command line.
2021-07-06 17:09:29,418 [Listener at 0.0.0.0/15285] INFO  grpc.GrpcConfigKeys (ConfUtils.java:logGet(44)) - raft.grpc.admin.port = -1 (default)
2021-07-06 17:09:29,418 [Listener at 0.0.0.0/15285] INFO  grpc.GrpcConfigKeys (ConfUtils.java:logGet(44)) - raft.grpc.server.port = 15292 (custom)
2021-07-06 17:09:29,419 [Listener at 0.0.0.0/15285] INFO  grpc.GrpcConfigKeys (ConfUtils.java:logGet(44)) - raft.grpc.client.port = -1 (default)
2021-07-06 17:09:29,419 [Listener at 0.0.0.0/15285] INFO  grpc.GrpcConfigKeys (ConfUtils.java:logGet(44)) - raft.grpc.server.port = 15292 (custom)
2021-07-06 17:09:29,419 [Listener at 0.0.0.0/15285] INFO  grpc.GrpcConfigKeys (ConfUtils.java:logGet(44)) - raft.grpc.server.port = 15292 (custom)
2021-07-06 17:09:29,419 [Listener at 0.0.0.0/15285] INFO  server.GrpcService (ConfUtils.java:logGet(44)) - raft.grpc.message.size.max = 32m (=33554432) (custom)
2021-07-06 17:09:29,419 [Listener at 0.0.0.0/15285] INFO  server.RaftServerConfigKeys (ConfUtils.java:logGet(44)) - raft.server.log.appender.buffer.byte-limit = 33554432 (custom)
2021-07-06 17:09:29,419 [Listener at 0.0.0.0/15285] INFO  server.GrpcService (ConfUtils.java:logGet(44)) - raft.grpc.flow.control.window = 1MB (=1048576) (default)
2021-07-06 17:09:29,419 [Listener at 0.0.0.0/15285] INFO  server.RaftServerConfigKeys (ConfUtils.java:logGet(44)) - raft.server.rpc.request.timeout = 30000ms (custom)
2021-07-06 17:09:29,420 [Listener at 0.0.0.0/15285] INFO  impl.DataStreamServerImpl (ConfUtils.java:logGet(44)) - raft.datastream.type = DISABLED (default)
2021-07-06 17:09:29,421 [Listener at 0.0.0.0/15285] INFO  server.RaftServerConfigKeys (ConfUtils.java:logGet(44)) - raft.server.rpc.slowness.timeout = 120000ms (custom)
2021-07-06 17:09:29,421 [Listener at 0.0.0.0/15285] INFO  server.RaftServerConfigKeys (ConfUtils.java:logGet(44)) - raft.server.leaderelection.leader.step-down.wait-time = 10s (default)
2021-07-06 17:09:29,421 [Listener at 0.0.0.0/15285] INFO  server.RaftServerConfigKeys (ConfUtils.java:logGet(44)) - raft.server.storage.dir = [/home/runner/work/ozone/ozone/mnt/ozone/hadoop-ozone/integration-test/target/test-dir/MiniOzoneClusterImpl-f74e07ef-a4e5-4994-bf82-498fd787e76a/scmNode-3/scm-ha] (custom)
2021-07-06 17:09:29,421 [Listener at 0.0.0.0/15285] INFO  server.RaftServer (RaftServerProxy.java:addNew(95)) - c9c8c7da-b2d5-4e05-8678-9bfdfb976b9e: addNew group-498FD787E76A:[] returns group-498FD787E76A:java.util.concurrent.CompletableFuture@237b93f5[Not completed]
2021-07-06 17:09:29,422 [pool-212-thread-1] INFO  server.RaftServer$Division (RaftServerImpl.java:<init>(180)) - c9c8c7da-b2d5-4e05-8678-9bfdfb976b9e: new RaftServerImpl for group-498FD787E76A:[] with SCMStateMachine:uninitialized
2021-07-06 17:09:29,423 [pool-212-thread-1] INFO  server.RaftServerConfigKeys (ConfUtils.java:logGet(44)) - raft.server.rpc.timeout.min = 5000ms (custom)
2021-07-06 17:09:29,423 [pool-212-thread-1] INFO  server.RaftServerConfigKeys (ConfUtils.java:logGet(44)) - raft.server.rpc.timeout.max = 5200ms (custom)
2021-07-06 17:09:29,423 [pool-212-thread-1] INFO  server.RaftServerConfigKeys (ConfUtils.java:logGet(44)) - raft.server.rpc.sleep.time = 25ms (default)
2021-07-06 17:09:29,423 [pool-212-thread-1] INFO  server.RaftServerConfigKeys (ConfUtils.java:logGet(44)) - raft.server.rpc.slowness.timeout = 120000ms (custom)
2021-07-06 17:09:29,423 [pool-212-thread-1] INFO  server.RaftServerConfigKeys (ConfUtils.java:logGet(44)) - raft.server.leaderelection.leader.step-down.wait-time = 10s (default)
2021-07-06 17:09:29,423 [pool-212-thread-1] INFO  server.RaftServerConfigKeys (ConfUtils.java:logGet(44)) - raft.server.sleep.deviation.threshold = 300ms (default)
2021-07-06 17:09:29,423 [pool-212-thread-1] INFO  server.RaftServerConfigKeys (ConfUtils.java:logGet(44)) - raft.server.log.appender.install.snapshot.enabled = false (custom)
2021-07-06 17:09:29,424 [pool-212-thread-1] INFO  server.RaftServer$Division (ServerState.java:<init>(105)) - c9c8c7da-b2d5-4e05-8678-9bfdfb976b9e@group-498FD787E76A: ConfigurationManager, init=-1: [], old=null, confs=<EMPTY_MAP>
2021-07-06 17:09:29,424 [pool-212-thread-1] INFO  server.RaftServerConfigKeys (ConfUtils.java:logGet(44)) - raft.server.storage.dir = [/home/runner/work/ozone/ozone/mnt/ozone/hadoop-ozone/integration-test/target/test-dir/MiniOzoneClusterImpl-f74e07ef-a4e5-4994-bf82-498fd787e76a/scmNode-3/scm-ha] (custom)
2021-07-06 17:09:29,424 [pool-212-thread-1] INFO  server.RaftServerConfigKeys (ConfUtils.java:logGet(44)) - raft.server.log.corruption.policy = EXCEPTION (default)
2021-07-06 17:09:29,424 [pool-212-thread-1] INFO  storage.RaftStorageDirectory (RaftStorageDirectoryImpl.java:analyzeStorage(132)) - The storage directory /home/runner/work/ozone/ozone/mnt/ozone/hadoop-ozone/integration-test/target/test-dir/MiniOzoneClusterImpl-f74e07ef-a4e5-4994-bf82-498fd787e76a/scmNode-3/scm-ha/f74e07ef-a4e5-4994-bf82-498fd787e76a does not exist. Creating ...
2021-07-06 17:09:29,425 [pool-212-thread-1] INFO  storage.RaftStorageDirectory (RaftStorageDirectoryImpl.java:tryLock(215)) - Lock on /home/runner/work/ozone/ozone/mnt/ozone/hadoop-ozone/integration-test/target/test-dir/MiniOzoneClusterImpl-f74e07ef-a4e5-4994-bf82-498fd787e76a/scmNode-3/scm-ha/f74e07ef-a4e5-4994-bf82-498fd787e76a/in_use.lock acquired by nodename 28362@fv-az50-207
2021-07-06 17:09:29,426 [pool-212-thread-1] INFO  storage.RaftStorage (RaftStorageImpl.java:format(87)) - Storage directory /home/runner/work/ozone/ozone/mnt/ozone/hadoop-ozone/integration-test/target/test-dir/MiniOzoneClusterImpl-f74e07ef-a4e5-4994-bf82-498fd787e76a/scmNode-3/scm-ha/f74e07ef-a4e5-4994-bf82-498fd787e76a has been successfully formatted.
2021-07-06 17:09:29,426 [pool-212-thread-1] INFO  server.RaftServerConfigKeys (ConfUtils.java:logGet(44)) - raft.server.notification.no-leader.timeout = 60s (default)
2021-07-06 17:09:29,426 [pool-212-thread-1] INFO  server.RaftServerConfigKeys (ConfUtils.java:logGet(44)) - raft.server.log.use.memory = false (default)
2021-07-06 17:09:29,426 [pool-212-thread-1] INFO  server.RaftServerConfigKeys (ConfUtils.java:logGet(44)) - raft.server.log.purge.gap = 5 (custom)
2021-07-06 17:09:29,426 [pool-212-thread-1] INFO  server.RaftServerConfigKeys (ConfUtils.java:logGet(44)) - raft.server.log.appender.buffer.byte-limit = 33554432 (custom)
2021-07-06 17:09:29,426 [pool-212-thread-1] INFO  metrics.RatisMetrics (RatisMetrics.java:lambda$create$0(36)) - Creating Metrics Registry : ratis.log_worker.c9c8c7da-b2d5-4e05-8678-9bfdfb976b9e@group-498FD787E76A
2021-07-06 17:09:29,426 [pool-212-thread-1] INFO  server.RaftServerConfigKeys (ConfUtils.java:logGet(44)) - raft.server.log.segment.size.max = 16384 (custom)
2021-07-06 17:09:29,427 [pool-212-thread-1] INFO  server.RaftServerConfigKeys (ConfUtils.java:logGet(44)) - raft.server.log.segment.cache.num.max = 2 (custom)
2021-07-06 17:09:29,427 [pool-212-thread-1] INFO  server.RaftServerConfigKeys (ConfUtils.java:logGet(44)) - raft.server.log.segment.cache.size.max = 200MB (=209715200) (default)
2021-07-06 17:09:29,427 [pool-212-thread-1] INFO  segmented.SegmentedRaftLogWorker (SegmentedRaftLogWorker.java:<init>(182)) - new c9c8c7da-b2d5-4e05-8678-9bfdfb976b9e@group-498FD787E76A-SegmentedRaftLogWorker for RaftStorageImpl:Storage Directory /home/runner/work/ozone/ozone/mnt/ozone/hadoop-ozone/integration-test/target/test-dir/MiniOzoneClusterImpl-f74e07ef-a4e5-4994-bf82-498fd787e76a/scmNode-3/scm-ha/f74e07ef-a4e5-4994-bf82-498fd787e76a
2021-07-06 17:09:29,427 [pool-212-thread-1] INFO  server.RaftServerConfigKeys (ConfUtils.java:logGet(44)) - raft.server.log.queue.byte-limit = 64MB (=67108864) (default)
2021-07-06 17:09:29,427 [pool-212-thread-1] INFO  server.RaftServerConfigKeys (ConfUtils.java:logGet(44)) - raft.server.log.queue.element-limit = 4096 (default)
2021-07-06 17:09:29,427 [pool-212-thread-1] INFO  server.RaftServerConfigKeys (ConfUtils.java:logGet(44)) - raft.server.log.segment.size.max = 16384 (custom)
2021-07-06 17:09:29,427 [pool-212-thread-1] INFO  server.RaftServerConfigKeys (ConfUtils.java:logGet(44)) - raft.server.log.preallocated.size = 16384 (custom)
2021-07-06 17:09:29,427 [pool-212-thread-1] INFO  server.RaftServerConfigKeys (ConfUtils.java:logGet(44)) - raft.server.log.force.sync.num = 128 (default)
2021-07-06 17:09:29,427 [pool-212-thread-1] INFO  server.RaftServerConfigKeys (ConfUtils.java:logGet(44)) - raft.server.log.statemachine.data.sync = true (default)
2021-07-06 17:09:29,427 [pool-212-thread-1] INFO  server.RaftServerConfigKeys (ConfUtils.java:logGet(44)) - raft.server.log.statemachine.data.sync.timeout = 10s (default)
2021-07-06 17:09:29,427 [pool-212-thread-1] INFO  server.RaftServerConfigKeys (ConfUtils.java:logGet(44)) - raft.server.log.statemachine.data.sync.timeout.retry = -1 (default)
2021-07-06 17:09:29,427 [pool-212-thread-1] INFO  server.RaftServerConfigKeys (ConfUtils.java:logGet(44)) - raft.server.log.write.buffer.size = 64KB (=65536) (default)
2021-07-06 17:09:29,427 [pool-212-thread-1] INFO  server.RaftServerConfigKeys (ConfUtils.java:logGet(44)) - raft.server.log.statemachine.data.caching.enabled = false (default)
2021-07-06 17:09:29,428 [pool-212-thread-1] INFO  segmented.SegmentedRaftLogWorker (SegmentedRaftLogWorker.java:lambda$new$0(133)) - c9c8c7da-b2d5-4e05-8678-9bfdfb976b9e@group-498FD787E76A-SegmentedRaftLogWorker: flushIndex: setUnconditionally 0 -> -1
2021-07-06 17:09:29,428 [pool-212-thread-1] INFO  segmented.SegmentedRaftLogWorker (SegmentedRaftLogWorker.java:lambda$new$0(133)) - c9c8c7da-b2d5-4e05-8678-9bfdfb976b9e@group-498FD787E76A-SegmentedRaftLogWorker: safeCacheEvictIndex: setUnconditionally 0 -> -1
2021-07-06 17:09:29,428 [pool-212-thread-1] INFO  server.RaftServerConfigKeys (ConfUtils.java:logGet(44)) - raft.server.snapshot.auto.trigger.enabled = true (custom)
2021-07-06 17:09:29,428 [pool-212-thread-1] INFO  server.RaftServerConfigKeys (ConfUtils.java:logGet(44)) - raft.server.snapshot.auto.trigger.threshold = 5 (custom)
2021-07-06 17:09:29,428 [pool-212-thread-1] INFO  server.RaftServerConfigKeys (ConfUtils.java:logGet(44)) - raft.server.snapshot.retention.file.num = -1 (default)
2021-07-06 17:09:29,428 [pool-212-thread-1] INFO  server.RaftServerConfigKeys (ConfUtils.java:logGet(44)) - raft.server.log.purge.upto.snapshot.index = true (custom)
2021-07-06 17:09:29,428 [pool-212-thread-1] INFO  server.RaftServerConfigKeys (ConfUtils.java:logGet(44)) - raft.server.retrycache.expirytime = 60000ms (default)
2021-07-06 17:09:29,428 [pool-212-thread-1] INFO  server.RaftServerConfigKeys (ConfUtils.java:logGet(44)) - raft.server.retrycache.statistics.expirytime = 100μs (default)
2021-07-06 17:09:29,428 [pool-212-thread-1] INFO  metrics.RatisMetrics (RatisMetrics.java:lambda$create$0(36)) - Creating Metrics Registry : ratis.leader_election.c9c8c7da-b2d5-4e05-8678-9bfdfb976b9e@group-498FD787E76A
2021-07-06 17:09:29,429 [pool-212-thread-1] INFO  metrics.RatisMetrics (RatisMetrics.java:lambda$create$0(36)) - Creating Metrics Registry : ratis.server.c9c8c7da-b2d5-4e05-8678-9bfdfb976b9e@group-498FD787E76A
2021-07-06 17:09:29,429 [Listener at 0.0.0.0/15285] INFO  ha.SCMSnapshotProvider (SCMSnapshotProvider.java:<init>(66)) - Initializing SCM Snapshot Provider
2021-07-06 17:09:29,429 [Listener at 0.0.0.0/15285] WARN  server.ServerUtils (ServerUtils.java:getDefaultRatisDirectory(237)) - Storage directory for Ratis is not configured. It is a good idea to map this to an SSD disk. Falling back to ozone.metadata.dirs
2021-07-06 17:09:29,429 [Listener at 0.0.0.0/15285] WARN  ha.SCMHAUtils (SCMHAUtils.java:getSCMRatisSnapshotDirectory(142)) - SCM snapshot dir is not configured. Falling back to ozone.metadata.dirs config
2021-07-06 17:09:29,431 [Listener at 0.0.0.0/15285] INFO  ha.SequenceIdGenerator (SequenceIdGenerator.java:upgradeToSequenceId(327)) - upgrade localId to 107544261427200000
2021-07-06 17:09:29,431 [Listener at 0.0.0.0/15285] INFO  ha.SequenceIdGenerator (SequenceIdGenerator.java:upgradeToSequenceId(337)) - upgrade delTxnId to 0
2021-07-06 17:09:29,431 [Listener at 0.0.0.0/15285] INFO  ha.SequenceIdGenerator (SequenceIdGenerator.java:upgradeToSequenceId(351)) - upgrade containerId to 0
2021-07-06 17:09:29,432 [Listener at 0.0.0.0/15285] INFO  ha.SequenceIdGenerator (SequenceIdGenerator.java:<init>(217)) - Init the HA SequenceIdGenerator.
2021-07-06 17:09:29,432 [Listener at 0.0.0.0/15285] WARN  server.ServerUtils (ServerUtils.java:sanitizeUserArgs(73)) - ozone.scm.stale.node.interval value = 300000 is larger than max = 100000 based on the key value of ozone.scm.heartbeat.thread.interval, reset to the max value 100000.
2021-07-06 17:09:29,432 [Listener at 0.0.0.0/15285] WARN  server.ServerUtils (ServerUtils.java:sanitizeUserArgs(73)) - ozone.scm.stale.node.interval value = 300000 is larger than max = 100000 based on the key value of ozone.scm.heartbeat.thread.interval, reset to the max value 100000.
2021-07-06 17:09:29,432 [Listener at 0.0.0.0/15285] INFO  node.SCMNodeManager (SCMNodeManager.java:<init>(125)) - Entering startup safe mode.
2021-07-06 17:09:29,433 [Listener at 0.0.0.0/15285] INFO  algorithms.ContainerPlacementPolicyFactory (ContainerPlacementPolicyFactory.java:getPolicy(60)) - Create container placement policy of type org.apache.hadoop.hdds.scm.container.placement.algorithms.SCMContainerPlacementRandom
2021-07-06 17:09:29,433 [Listener at 0.0.0.0/15285] INFO  pipeline.PipelineStateManager (PipelineStateManagerV2Impl.java:initialize(78)) - No pipeline exists in current db
2021-07-06 17:09:29,433 [Listener at 0.0.0.0/15285] INFO  algorithms.LeaderChoosePolicyFactory (LeaderChoosePolicyFactory.java:getPolicy(57)) - Create leader choose policy of type org.apache.hadoop.hdds.scm.pipeline.leader.choose.algorithms.MinLeaderCountChoosePolicy
2021-07-06 17:09:29,434 [Listener at 0.0.0.0/15285] INFO  ha.SCMServiceManager (SCMServiceManager.java:register(43)) - Registering service BackgroundPipelineCreator.
2021-07-06 17:09:29,434 [Listener at 0.0.0.0/15285] INFO  pipeline.BackgroundPipelineCreator (BackgroundPipelineCreatorV2.java:start(130)) - Starting RatisPipelineUtilsThread.
2021-07-06 17:09:29,434 [Listener at 0.0.0.0/15285] INFO  algorithms.PipelineChoosePolicyFactory (PipelineChoosePolicyFactory.java:createPipelineChoosePolicyFromClass(73)) - Create pipeline choose policy of type org.apache.hadoop.hdds.scm.pipeline.choose.algorithms.RandomPipelineChoosePolicy
2021-07-06 17:09:29,435 [Listener at 0.0.0.0/15285] INFO  ha.SCMServiceManager (SCMServiceManager.java:register(43)) - Registering service SCMBlockDeletingService.
2021-07-06 17:09:29,435 [Listener at 0.0.0.0/15285] INFO  ha.SCMServiceManager (SCMServiceManager.java:register(43)) - Registering service ReplicationManager.
2021-07-06 17:09:29,435 [Listener at 0.0.0.0/15285] INFO  container.ReplicationManager (ReplicationManager.java:start(219)) - Starting Replication Monitor Thread.
2021-07-06 17:09:29,437 [Listener at 0.0.0.0/15285] INFO  safemode.ContainerSafeModeRule (ContainerSafeModeRule.java:<init>(89)) - containers with one replica threshold count 0
2021-07-06 17:09:29,437 [Listener at 0.0.0.0/15285] INFO  safemode.HealthyPipelineSafeModeRule (HealthyPipelineSafeModeRule.java:initializeRule(156)) - Total pipeline count is 0, healthy pipeline threshold count is 1
2021-07-06 17:09:29,438 [Listener at 0.0.0.0/15285] INFO  safemode.OneReplicaPipelineSafeModeRule (OneReplicaPipelineSafeModeRule.java:initializeRule(180)) - Total pipeline count is 0, pipeline's with at least one datanode reported threshold count is 0
2021-07-06 17:09:29,438 [Listener at 0.0.0.0/15285] INFO  ipc.CallQueueManager (CallQueueManager.java:<init>(85)) - Using callQueue: class java.util.concurrent.LinkedBlockingQueue, queueCapacity: 2000, scheduler: class org.apache.hadoop.ipc.DefaultRpcScheduler, ipcBackoff: false.
2021-07-06 17:09:29,446 [ReplicationMonitor] INFO  container.ReplicationManager (ReplicationManager.java:run(283)) - Replication Monitor Thread took 0 milliseconds for processing 0 containers.
2021-07-06 17:09:29,448 [Socket Reader #1 for port 15293] INFO  ipc.Server (Server.java:run(1255)) - Starting Socket Reader #1 for port 15293
2021-07-06 17:09:29,449 [Listener at 0.0.0.0/15293] INFO  ipc.CallQueueManager (CallQueueManager.java:<init>(85)) - Using callQueue: class java.util.concurrent.LinkedBlockingQueue, queueCapacity: 2000, scheduler: class org.apache.hadoop.ipc.DefaultRpcScheduler, ipcBackoff: false.
2021-07-06 17:09:29,449 [Socket Reader #1 for port 15294] INFO  ipc.Server (Server.java:run(1255)) - Starting Socket Reader #1 for port 15294
2021-07-06 17:09:29,451 [Listener at 0.0.0.0/15294] INFO  ipc.CallQueueManager (CallQueueManager.java:<init>(85)) - Using callQueue: class java.util.concurrent.LinkedBlockingQueue, queueCapacity: 2000, scheduler: class org.apache.hadoop.ipc.DefaultRpcScheduler, ipcBackoff: false.
2021-07-06 17:09:29,452 [Socket Reader #1 for port 15295] INFO  ipc.Server (Server.java:run(1255)) - Starting Socket Reader #1 for port 15295
2021-07-06 17:09:29,471 [Listener at 0.0.0.0/15295] INFO  server.StorageContainerManager (StorageContainerManager.java:<init>(363)) - 
Container Balancer status:
Key                            Value
Running                        true
Container Balancer Configuration values:
Key                            Value
Threshold                      0.1
Max Datanodes to Balance       5
Max Size to Move               10737418240B

2021-07-06 17:09:29,471 [Listener at 0.0.0.0/15295] WARN  events.EventQueue (EventQueue.java:fireEvent(194)) - No event handler registered for event TypedEvent{payloadType=SafeModeStatus, name='Safe mode status'}
2021-07-06 17:09:29,471 [Listener at 0.0.0.0/15295] INFO  ha.SCMContext (SCMContext.java:updateSafeModeStatus(208)) - Update SafeModeStatus from SafeModeStatus{safeModeStatus=true, preCheckPassed=false} to SafeModeStatus{safeModeStatus=true, preCheckPassed=false}.
2021-07-06 17:09:29,472 [Listener at 0.0.0.0/15295] INFO  ozone.MiniOzoneHAClusterImpl (MiniOzoneHAClusterImpl.java:createSCMService(541)) - Intialized SCM at org.apache.hadoop.hdds.scm.server.SCMClientProtocolServer@16db679e. This SCM is currently inactive (not running).
2021-07-06 17:09:29,472 [Listener at 0.0.0.0/15295] INFO  ha.OMHANodeDetails (OMHANodeDetails.java:loadOMHAConfig(111)) - ServiceID for OzoneManager is om-service-test1
2021-07-06 17:09:29,473 [Listener at 0.0.0.0/15295] INFO  ha.OMHANodeDetails (OMHANodeDetails.java:loadOMHAConfig(187)) - Found matching OM address with OMServiceId: om-service-test1, OMNodeId: omNode-1, RPC Address: localhost:10896 and Ratis port: 10900
2021-07-06 17:09:29,473 [Listener at 0.0.0.0/15295] INFO  ha.OMHANodeDetails (ConfUtils.java:setNodeSpecificConfigs(108)) - Setting configuration key ozone.om.http-address with value of key ozone.om.http-address.om-service-test1.omNode-1: 127.0.0.1:10898
2021-07-06 17:09:29,473 [Listener at 0.0.0.0/15295] INFO  ha.OMHANodeDetails (ConfUtils.java:setNodeSpecificConfigs(108)) - Setting configuration key ozone.om.https-address with value of key ozone.om.https-address.om-service-test1.omNode-1: 127.0.0.1:10899
2021-07-06 17:09:29,473 [Listener at 0.0.0.0/15295] INFO  ha.OMHANodeDetails (ConfUtils.java:setNodeSpecificConfigs(108)) - Setting configuration key ozone.om.address with value of key ozone.om.address.om-service-test1.omNode-1: 127.0.0.1:10896
2021-07-06 17:09:29,473 [Listener at 0.0.0.0/15295] WARN  server.ServerUtils (ServerUtils.java:getDBPath(225)) - ozone.om.db.dirs is not configured. We recommend adding this setting. Falling back to ozone.metadata.dirs instead.
2021-07-06 17:09:29,474 [Listener at 0.0.0.0/15295] INFO  ha.SCMNodeInfo (SCMNodeInfo.java:getPort(197)) - ConfigKey ozone.scm.client.address is deprecated, For configuring different ports for each SCM use PortConfigKey ozone.scm.client.port appended with serviceId and nodeId
2021-07-06 17:09:29,474 [Listener at 0.0.0.0/15295] INFO  ha.SCMNodeInfo (SCMNodeInfo.java:getPort(197)) - ConfigKey ozone.scm.block.client.address is deprecated, For configuring different ports for each SCM use PortConfigKey ozone.scm.block.client.port appended with serviceId and nodeId
2021-07-06 17:09:29,474 [Listener at 0.0.0.0/15295] INFO  ha.SCMNodeInfo (SCMNodeInfo.java:getPort(197)) - ConfigKey ozone.scm.datanode.address is deprecated, For configuring different ports for each SCM use PortConfigKey ozone.scm.datanode.port appended with serviceId and nodeId
2021-07-06 17:09:29,475 [Listener at 0.0.0.0/15295] INFO  ha.SCMNodeInfo (SCMNodeInfo.java:getPort(197)) - ConfigKey ozone.scm.client.address is deprecated, For configuring different ports for each SCM use PortConfigKey ozone.scm.client.port appended with serviceId and nodeId
2021-07-06 17:09:29,475 [Listener at 0.0.0.0/15295] INFO  ha.SCMNodeInfo (SCMNodeInfo.java:getPort(197)) - ConfigKey ozone.scm.block.client.address is deprecated, For configuring different ports for each SCM use PortConfigKey ozone.scm.block.client.port appended with serviceId and nodeId
2021-07-06 17:09:29,475 [Listener at 0.0.0.0/15295] INFO  ha.SCMNodeInfo (SCMNodeInfo.java:getPort(197)) - ConfigKey ozone.scm.datanode.address is deprecated, For configuring different ports for each SCM use PortConfigKey ozone.scm.datanode.port appended with serviceId and nodeId
2021-07-06 17:09:29,475 [Listener at 0.0.0.0/15295] INFO  ha.SCMNodeInfo (SCMNodeInfo.java:getPort(197)) - ConfigKey ozone.scm.client.address is deprecated, For configuring different ports for each SCM use PortConfigKey ozone.scm.client.port appended with serviceId and nodeId
2021-07-06 17:09:29,475 [Listener at 0.0.0.0/15295] INFO  ha.SCMNodeInfo (SCMNodeInfo.java:getPort(197)) - ConfigKey ozone.scm.block.client.address is deprecated, For configuring different ports for each SCM use PortConfigKey ozone.scm.block.client.port appended with serviceId and nodeId
2021-07-06 17:09:29,475 [Listener at 0.0.0.0/15295] INFO  ha.SCMNodeInfo (SCMNodeInfo.java:getPort(197)) - ConfigKey ozone.scm.datanode.address is deprecated, For configuring different ports for each SCM use PortConfigKey ozone.scm.datanode.port appended with serviceId and nodeId
OM initialization succeeded.Current cluster id for sd=/home/runner/work/ozone/ozone/mnt/ozone/hadoop-ozone/integration-test/target/test-dir/MiniOzoneClusterImpl-f74e07ef-a4e5-4994-bf82-498fd787e76a/omNode-1/om;cid=f74e07ef-a4e5-4994-bf82-498fd787e76a;layoutVersion=0
2021-07-06 17:09:29,480 [Listener at 0.0.0.0/15295] INFO  ha.OMHANodeDetails (OMHANodeDetails.java:loadOMHAConfig(111)) - ServiceID for OzoneManager is om-service-test1
2021-07-06 17:09:29,480 [Listener at 0.0.0.0/15295] INFO  ha.OMHANodeDetails (OMHANodeDetails.java:loadOMHAConfig(187)) - Found matching OM address with OMServiceId: om-service-test1, OMNodeId: omNode-1, RPC Address: localhost:10896 and Ratis port: 10900
2021-07-06 17:09:29,480 [Listener at 0.0.0.0/15295] INFO  ha.OMHANodeDetails (ConfUtils.java:setNodeSpecificConfigs(108)) - Setting configuration key ozone.om.http-address with value of key ozone.om.http-address.om-service-test1.omNode-1: 127.0.0.1:10898
2021-07-06 17:09:29,480 [Listener at 0.0.0.0/15295] INFO  ha.OMHANodeDetails (ConfUtils.java:setNodeSpecificConfigs(108)) - Setting configuration key ozone.om.https-address with value of key ozone.om.https-address.om-service-test1.omNode-1: 127.0.0.1:10899
2021-07-06 17:09:29,481 [Listener at 0.0.0.0/15295] INFO  ha.OMHANodeDetails (ConfUtils.java:setNodeSpecificConfigs(108)) - Setting configuration key ozone.om.address with value of key ozone.om.address.om-service-test1.omNode-1: 127.0.0.1:10896
2021-07-06 17:09:29,481 [Listener at 0.0.0.0/15295] WARN  server.ServerUtils (ServerUtils.java:getDBPath(225)) - ozone.om.db.dirs is not configured. We recommend adding this setting. Falling back to ozone.metadata.dirs instead.
2021-07-06 17:09:29,481 [Listener at 0.0.0.0/15295] WARN  server.ServerUtils (ServerUtils.java:getDBPath(225)) - ozone.om.db.dirs is not configured. We recommend adding this setting. Falling back to ozone.metadata.dirs instead.
2021-07-06 17:09:29,481 [Listener at 0.0.0.0/15295] INFO  ha.SCMNodeInfo (SCMNodeInfo.java:getPort(197)) - ConfigKey ozone.scm.client.address is deprecated, For configuring different ports for each SCM use PortConfigKey ozone.scm.client.port appended with serviceId and nodeId
2021-07-06 17:09:29,481 [Listener at 0.0.0.0/15295] INFO  ha.SCMNodeInfo (SCMNodeInfo.java:getPort(197)) - ConfigKey ozone.scm.block.client.address is deprecated, For configuring different ports for each SCM use PortConfigKey ozone.scm.block.client.port appended with serviceId and nodeId
2021-07-06 17:09:29,481 [Listener at 0.0.0.0/15295] INFO  ha.SCMNodeInfo (SCMNodeInfo.java:getPort(197)) - ConfigKey ozone.scm.datanode.address is deprecated, For configuring different ports for each SCM use PortConfigKey ozone.scm.datanode.port appended with serviceId and nodeId
2021-07-06 17:09:29,481 [Listener at 0.0.0.0/15295] INFO  ha.SCMNodeInfo (SCMNodeInfo.java:getPort(197)) - ConfigKey ozone.scm.client.address is deprecated, For configuring different ports for each SCM use PortConfigKey ozone.scm.client.port appended with serviceId and nodeId
2021-07-06 17:09:29,481 [Listener at 0.0.0.0/15295] INFO  ha.SCMNodeInfo (SCMNodeInfo.java:getPort(197)) - ConfigKey ozone.scm.block.client.address is deprecated, For configuring different ports for each SCM use PortConfigKey ozone.scm.block.client.port appended with serviceId and nodeId
2021-07-06 17:09:29,482 [Listener at 0.0.0.0/15295] INFO  ha.SCMNodeInfo (SCMNodeInfo.java:getPort(197)) - ConfigKey ozone.scm.datanode.address is deprecated, For configuring different ports for each SCM use PortConfigKey ozone.scm.datanode.port appended with serviceId and nodeId
2021-07-06 17:09:29,482 [Listener at 0.0.0.0/15295] INFO  ha.SCMNodeInfo (SCMNodeInfo.java:getPort(197)) - ConfigKey ozone.scm.client.address is deprecated, For configuring different ports for each SCM use PortConfigKey ozone.scm.client.port appended with serviceId and nodeId
2021-07-06 17:09:29,482 [Listener at 0.0.0.0/15295] INFO  ha.SCMNodeInfo (SCMNodeInfo.java:getPort(197)) - ConfigKey ozone.scm.block.client.address is deprecated, For configuring different ports for each SCM use PortConfigKey ozone.scm.block.client.port appended with serviceId and nodeId
2021-07-06 17:09:29,482 [Listener at 0.0.0.0/15295] INFO  ha.SCMNodeInfo (SCMNodeInfo.java:getPort(197)) - ConfigKey ozone.scm.datanode.address is deprecated, For configuring different ports for each SCM use PortConfigKey ozone.scm.datanode.port appended with serviceId and nodeId
2021-07-06 17:09:29,482 [Listener at 0.0.0.0/15295] INFO  ha.SCMNodeInfo (SCMNodeInfo.java:getPort(197)) - ConfigKey ozone.scm.client.address is deprecated, For configuring different ports for each SCM use PortConfigKey ozone.scm.client.port appended with serviceId and nodeId
2021-07-06 17:09:29,482 [Listener at 0.0.0.0/15295] INFO  ha.SCMNodeInfo (SCMNodeInfo.java:getPort(197)) - ConfigKey ozone.scm.block.client.address is deprecated, For configuring different ports for each SCM use PortConfigKey ozone.scm.block.client.port appended with serviceId and nodeId
2021-07-06 17:09:29,482 [Listener at 0.0.0.0/15295] INFO  ha.SCMNodeInfo (SCMNodeInfo.java:getPort(197)) - ConfigKey ozone.scm.datanode.address is deprecated, For configuring different ports for each SCM use PortConfigKey ozone.scm.datanode.port appended with serviceId and nodeId
2021-07-06 17:09:29,483 [Listener at 0.0.0.0/15295] INFO  ha.SCMNodeInfo (SCMNodeInfo.java:getPort(197)) - ConfigKey ozone.scm.client.address is deprecated, For configuring different ports for each SCM use PortConfigKey ozone.scm.client.port appended with serviceId and nodeId
2021-07-06 17:09:29,483 [Listener at 0.0.0.0/15295] INFO  ha.SCMNodeInfo (SCMNodeInfo.java:getPort(197)) - ConfigKey ozone.scm.block.client.address is deprecated, For configuring different ports for each SCM use PortConfigKey ozone.scm.block.client.port appended with serviceId and nodeId
2021-07-06 17:09:29,483 [Listener at 0.0.0.0/15295] INFO  ha.SCMNodeInfo (SCMNodeInfo.java:getPort(197)) - ConfigKey ozone.scm.datanode.address is deprecated, For configuring different ports for each SCM use PortConfigKey ozone.scm.datanode.port appended with serviceId and nodeId
2021-07-06 17:09:29,483 [Listener at 0.0.0.0/15295] INFO  ha.SCMNodeInfo (SCMNodeInfo.java:getPort(197)) - ConfigKey ozone.scm.client.address is deprecated, For configuring different ports for each SCM use PortConfigKey ozone.scm.client.port appended with serviceId and nodeId
2021-07-06 17:09:29,483 [Listener at 0.0.0.0/15295] INFO  ha.SCMNodeInfo (SCMNodeInfo.java:getPort(197)) - ConfigKey ozone.scm.block.client.address is deprecated, For configuring different ports for each SCM use PortConfigKey ozone.scm.block.client.port appended with serviceId and nodeId
2021-07-06 17:09:29,483 [Listener at 0.0.0.0/15295] INFO  ha.SCMNodeInfo (SCMNodeInfo.java:getPort(197)) - ConfigKey ozone.scm.datanode.address is deprecated, For configuring different ports for each SCM use PortConfigKey ozone.scm.datanode.port appended with serviceId and nodeId
2021-07-06 17:09:29,484 [Listener at 0.0.0.0/15295] INFO  ha.SCMNodeInfo (SCMNodeInfo.java:getPort(197)) - ConfigKey ozone.scm.client.address is deprecated, For configuring different ports for each SCM use PortConfigKey ozone.scm.client.port appended with serviceId and nodeId
2021-07-06 17:09:29,484 [Listener at 0.0.0.0/15295] INFO  ha.SCMNodeInfo (SCMNodeInfo.java:getPort(197)) - ConfigKey ozone.scm.block.client.address is deprecated, For configuring different ports for each SCM use PortConfigKey ozone.scm.block.client.port appended with serviceId and nodeId
2021-07-06 17:09:29,485 [Listener at 0.0.0.0/15295] INFO  ha.SCMNodeInfo (SCMNodeInfo.java:getPort(197)) - ConfigKey ozone.scm.datanode.address is deprecated, For configuring different ports for each SCM use PortConfigKey ozone.scm.datanode.port appended with serviceId and nodeId
2021-07-06 17:09:29,485 [Listener at 0.0.0.0/15295] INFO  ha.SCMNodeInfo (SCMNodeInfo.java:getPort(197)) - ConfigKey ozone.scm.client.address is deprecated, For configuring different ports for each SCM use PortConfigKey ozone.scm.client.port appended with serviceId and nodeId
2021-07-06 17:09:29,485 [Listener at 0.0.0.0/15295] INFO  ha.SCMNodeInfo (SCMNodeInfo.java:getPort(197)) - ConfigKey ozone.scm.block.client.address is deprecated, For configuring different ports for each SCM use PortConfigKey ozone.scm.block.client.port appended with serviceId and nodeId
2021-07-06 17:09:29,485 [Listener at 0.0.0.0/15295] INFO  ha.SCMNodeInfo (SCMNodeInfo.java:getPort(197)) - ConfigKey ozone.scm.datanode.address is deprecated, For configuring different ports for each SCM use PortConfigKey ozone.scm.datanode.port appended with serviceId and nodeId
2021-07-06 17:09:29,485 [Listener at 0.0.0.0/15295] INFO  ha.SCMNodeInfo (SCMNodeInfo.java:getPort(197)) - ConfigKey ozone.scm.client.address is deprecated, For configuring different ports for each SCM use PortConfigKey ozone.scm.client.port appended with serviceId and nodeId
2021-07-06 17:09:29,485 [Listener at 0.0.0.0/15295] INFO  ha.SCMNodeInfo (SCMNodeInfo.java:getPort(197)) - ConfigKey ozone.scm.block.client.address is deprecated, For configuring different ports for each SCM use PortConfigKey ozone.scm.block.client.port appended with serviceId and nodeId
2021-07-06 17:09:29,485 [Listener at 0.0.0.0/15295] INFO  ha.SCMNodeInfo (SCMNodeInfo.java:getPort(197)) - ConfigKey ozone.scm.datanode.address is deprecated, For configuring different ports for each SCM use PortConfigKey ozone.scm.datanode.port appended with serviceId and nodeId
2021-07-06 17:09:29,486 [EndpointStateMachine task thread for /127.0.0.1:15667 - 0 ] INFO  ipc.Client (Client.java:handleConnectionFailure(966)) - Retrying connect to server: localhost/127.0.0.1:15667. Already tried 8 time(s); retry policy is RetryUpToMaximumCountWithFixedSleep(maxRetries=15, sleepTime=1000 MILLISECONDS)
2021-07-06 17:09:29,486 [EndpointStateMachine task thread for /127.0.0.1:15657 - 0 ] INFO  ipc.Client (Client.java:handleConnectionFailure(966)) - Retrying connect to server: localhost/127.0.0.1:15657. Already tried 8 time(s); retry policy is RetryUpToMaximumCountWithFixedSleep(maxRetries=15, sleepTime=1000 MILLISECONDS)
2021-07-06 17:09:29,487 [EndpointStateMachine task thread for /127.0.0.1:15677 - 0 ] INFO  ipc.Client (Client.java:handleConnectionFailure(966)) - Retrying connect to server: localhost/127.0.0.1:15677. Already tried 8 time(s); retry policy is RetryUpToMaximumCountWithFixedSleep(maxRetries=15, sleepTime=1000 MILLISECONDS)
2021-07-06 17:09:29,501 [Listener at 0.0.0.0/15295] WARN  server.ServerUtils (ServerUtils.java:getDBPath(225)) - ozone.om.db.dirs is not configured. We recommend adding this setting. Falling back to ozone.metadata.dirs instead.
2021-07-06 17:09:29,502 [Listener at 0.0.0.0/15295] INFO  codec.OmKeyInfoCodec (OmKeyInfoCodec.java:<init>(51)) - OmKeyInfoCodec ignorePipeline = true
2021-07-06 17:09:29,502 [Listener at 0.0.0.0/15295] INFO  codec.RepeatedOmKeyInfoCodec (RepeatedOmKeyInfoCodec.java:<init>(42)) - RepeatedOmKeyInfoCodec ignorePipeline = true
2021-07-06 17:09:29,601 [Listener at 0.0.0.0/15295] INFO  om.OzoneManager (OzoneManager.java:addS3GVolumeToDB(3804)) - Created Volume s3v With Owner runner required for S3Gateway operations.
2021-07-06 17:09:29,601 [Listener at 0.0.0.0/15295] WARN  server.ServerUtils (ServerUtils.java:getDefaultRatisDirectory(237)) - Storage directory for Ratis is not configured. It is a good idea to map this to an SSD disk. Falling back to ozone.metadata.dirs
2021-07-06 17:09:29,601 [Listener at 0.0.0.0/15295] WARN  ratis.OzoneManagerRatisServer (OzoneManagerRatisServer.java:getOMRatisSnapshotDirectory(634)) - ozone.om.ratis.snapshot.dir is not configured. Falling back to ozone.metadata.dirs config
2021-07-06 17:09:29,602 [Listener at 0.0.0.0/15295] WARN  server.ServerUtils (ServerUtils.java:getDefaultRatisDirectory(237)) - Storage directory for Ratis is not configured. It is a good idea to map this to an SSD disk. Falling back to ozone.metadata.dirs
2021-07-06 17:09:29,603 [Listener at 0.0.0.0/15295] INFO  ratis.OzoneManagerRatisServer (OzoneManagerRatisServer.java:<init>(288)) - Instantiating OM Ratis server with GroupID: om-service-test1 and Raft Peers: localhost:10900
2021-07-06 17:09:29,603 [Listener at 0.0.0.0/15295] INFO  ratis.OzoneManagerStateMachine (OzoneManagerStateMachine.java:loadSnapshotInfoFromDB(520)) - LastAppliedIndex is set from TransactionInfo from OM DB as (t:0, i:~)
2021-07-06 17:09:29,607 [Listener at 0.0.0.0/15295] INFO  server.RaftServer (ConfUtils.java:logGet(44)) - raft.rpc.type = GRPC (default)
2021-07-06 17:09:29,607 [Listener at 0.0.0.0/15295] INFO  grpc.GrpcFactory (GrpcFactory.java:checkPooledByteBufAllocatorUseCacheForAllThreads(48)) - PERFORMANCE WARNING: useCacheForAllThreads is true that may cause Netty to create a lot garbage objects and, as a result, trigger GC.
	It is recommended to disable useCacheForAllThreads by setting -Dorg.apache.ratis.thirdparty.io.netty.allocator.useCacheForAllThreads=false in command line.
2021-07-06 17:09:29,608 [Listener at 0.0.0.0/15295] INFO  grpc.GrpcConfigKeys (ConfUtils.java:logGet(44)) - raft.grpc.admin.port = -1 (default)
2021-07-06 17:09:29,608 [Listener at 0.0.0.0/15295] INFO  grpc.GrpcConfigKeys (ConfUtils.java:logGet(44)) - raft.grpc.server.port = 10900 (custom)
2021-07-06 17:09:29,608 [Listener at 0.0.0.0/15295] INFO  grpc.GrpcConfigKeys (ConfUtils.java:logGet(44)) - raft.grpc.client.port = -1 (default)
2021-07-06 17:09:29,608 [Listener at 0.0.0.0/15295] INFO  grpc.GrpcConfigKeys (ConfUtils.java:logGet(44)) - raft.grpc.server.port = 10900 (custom)
2021-07-06 17:09:29,608 [Listener at 0.0.0.0/15295] INFO  grpc.GrpcConfigKeys (ConfUtils.java:logGet(44)) - raft.grpc.server.port = 10900 (custom)
2021-07-06 17:09:29,608 [Listener at 0.0.0.0/15295] INFO  server.GrpcService (ConfUtils.java:logGet(44)) - raft.grpc.message.size.max = 33554432 (custom)
2021-07-06 17:09:29,608 [Listener at 0.0.0.0/15295] INFO  server.RaftServerConfigKeys (ConfUtils.java:logGet(44)) - raft.server.log.appender.buffer.byte-limit = 33554432 (custom)
2021-07-06 17:09:29,609 [Listener at 0.0.0.0/15295] INFO  server.GrpcService (ConfUtils.java:logGet(44)) - raft.grpc.flow.control.window = 1MB (=1048576) (default)
2021-07-06 17:09:29,609 [Listener at 0.0.0.0/15295] INFO  server.RaftServerConfigKeys (ConfUtils.java:logGet(44)) - raft.server.rpc.request.timeout = 3000ms (default)
2021-07-06 17:09:29,610 [Listener at 0.0.0.0/15295] INFO  impl.DataStreamServerImpl (ConfUtils.java:logGet(44)) - raft.datastream.type = DISABLED (default)
2021-07-06 17:09:29,610 [Listener at 0.0.0.0/15295] INFO  server.RaftServerConfigKeys (ConfUtils.java:logGet(44)) - raft.server.rpc.slowness.timeout = 2s (custom)
2021-07-06 17:09:29,610 [Listener at 0.0.0.0/15295] INFO  server.RaftServerConfigKeys (ConfUtils.java:logGet(44)) - raft.server.leaderelection.leader.step-down.wait-time = 10s (default)
2021-07-06 17:09:29,610 [Listener at 0.0.0.0/15295] INFO  server.RaftServerConfigKeys (ConfUtils.java:logGet(44)) - raft.server.storage.dir = [/home/runner/work/ozone/ozone/mnt/ozone/hadoop-ozone/integration-test/target/test-dir/MiniOzoneClusterImpl-f74e07ef-a4e5-4994-bf82-498fd787e76a/omNode-1/ratis] (custom)
2021-07-06 17:09:29,611 [Listener at 0.0.0.0/15295] INFO  server.RaftServer (RaftServerProxy.java:addNew(95)) - omNode-1: addNew group-523986131536:[omNode-1|rpc:localhost:10900|priority:0] returns group-523986131536:java.util.concurrent.CompletableFuture@68d21554[Not completed]
2021-07-06 17:09:29,611 [Listener at 0.0.0.0/15295] INFO  om.OzoneManager (OzoneManager.java:initializeRatisServer(1311)) - OzoneManager Ratis server initialized at port 10900
2021-07-06 17:09:29,612 [Listener at 0.0.0.0/15295] INFO  ipc.CallQueueManager (CallQueueManager.java:<init>(85)) - Using callQueue: class java.util.concurrent.LinkedBlockingQueue, queueCapacity: 2000, scheduler: class org.apache.hadoop.ipc.DefaultRpcScheduler, ipcBackoff: false.
2021-07-06 17:09:29,613 [Socket Reader #1 for port 10896] INFO  ipc.Server (Server.java:run(1255)) - Starting Socket Reader #1 for port 10896
2021-07-06 17:09:29,611 [pool-234-thread-1] INFO  server.RaftServer$Division (RaftServerImpl.java:<init>(180)) - omNode-1: new RaftServerImpl for group-523986131536:[omNode-1|rpc:localhost:10900|priority:0] with OzoneManagerStateMachine:uninitialized
2021-07-06 17:09:29,621 [pool-234-thread-1] INFO  server.RaftServerConfigKeys (ConfUtils.java:logGet(44)) - raft.server.rpc.timeout.min = 1s (custom)
2021-07-06 17:09:29,621 [pool-234-thread-1] INFO  server.RaftServerConfigKeys (ConfUtils.java:logGet(44)) - raft.server.rpc.timeout.max = 1200ms (custom)
2021-07-06 17:09:29,621 [pool-234-thread-1] INFO  server.RaftServerConfigKeys (ConfUtils.java:logGet(44)) - raft.server.rpc.sleep.time = 25ms (default)
2021-07-06 17:09:29,621 [pool-234-thread-1] INFO  server.RaftServerConfigKeys (ConfUtils.java:logGet(44)) - raft.server.rpc.slowness.timeout = 2s (custom)
2021-07-06 17:09:29,621 [pool-234-thread-1] INFO  server.RaftServerConfigKeys (ConfUtils.java:logGet(44)) - raft.server.leaderelection.leader.step-down.wait-time = 10s (default)
2021-07-06 17:09:29,621 [pool-234-thread-1] INFO  server.RaftServerConfigKeys (ConfUtils.java:logGet(44)) - raft.server.sleep.deviation.threshold = 300ms (default)
2021-07-06 17:09:29,621 [pool-234-thread-1] INFO  server.RaftServerConfigKeys (ConfUtils.java:logGet(44)) - raft.server.log.appender.install.snapshot.enabled = false (custom)
2021-07-06 17:09:29,623 [pool-234-thread-1] INFO  server.RaftServer$Division (ServerState.java:<init>(105)) - omNode-1@group-523986131536: ConfigurationManager, init=-1: [omNode-1|rpc:localhost:10900|priority:0], old=null, confs=<EMPTY_MAP>
2021-07-06 17:09:29,623 [pool-234-thread-1] INFO  server.RaftServerConfigKeys (ConfUtils.java:logGet(44)) - raft.server.storage.dir = [/home/runner/work/ozone/ozone/mnt/ozone/hadoop-ozone/integration-test/target/test-dir/MiniOzoneClusterImpl-f74e07ef-a4e5-4994-bf82-498fd787e76a/omNode-1/ratis] (custom)
2021-07-06 17:09:29,623 [pool-234-thread-1] INFO  server.RaftServerConfigKeys (ConfUtils.java:logGet(44)) - raft.server.log.corruption.policy = EXCEPTION (default)
2021-07-06 17:09:29,623 [pool-234-thread-1] INFO  storage.RaftStorageDirectory (RaftStorageDirectoryImpl.java:analyzeStorage(132)) - The storage directory /home/runner/work/ozone/ozone/mnt/ozone/hadoop-ozone/integration-test/target/test-dir/MiniOzoneClusterImpl-f74e07ef-a4e5-4994-bf82-498fd787e76a/omNode-1/ratis/c9bc4cf4-3bc3-3c60-a66b-523986131536 does not exist. Creating ...
2021-07-06 17:09:29,624 [pool-234-thread-1] INFO  storage.RaftStorageDirectory (RaftStorageDirectoryImpl.java:tryLock(215)) - Lock on /home/runner/work/ozone/ozone/mnt/ozone/hadoop-ozone/integration-test/target/test-dir/MiniOzoneClusterImpl-f74e07ef-a4e5-4994-bf82-498fd787e76a/omNode-1/ratis/c9bc4cf4-3bc3-3c60-a66b-523986131536/in_use.lock acquired by nodename 28362@fv-az50-207
2021-07-06 17:09:29,625 [pool-234-thread-1] INFO  storage.RaftStorage (RaftStorageImpl.java:format(87)) - Storage directory /home/runner/work/ozone/ozone/mnt/ozone/hadoop-ozone/integration-test/target/test-dir/MiniOzoneClusterImpl-f74e07ef-a4e5-4994-bf82-498fd787e76a/omNode-1/ratis/c9bc4cf4-3bc3-3c60-a66b-523986131536 has been successfully formatted.
2021-07-06 17:09:29,625 [pool-234-thread-1] INFO  server.RaftServerConfigKeys (ConfUtils.java:logGet(44)) - raft.server.notification.no-leader.timeout = 2s (custom)
2021-07-06 17:09:29,625 [pool-234-thread-1] INFO  server.RaftServerConfigKeys (ConfUtils.java:logGet(44)) - raft.server.log.use.memory = false (default)
2021-07-06 17:09:29,625 [pool-234-thread-1] INFO  server.RaftServerConfigKeys (ConfUtils.java:logGet(44)) - raft.server.log.purge.gap = 1000000 (custom)
2021-07-06 17:09:29,625 [pool-234-thread-1] INFO  server.RaftServerConfigKeys (ConfUtils.java:logGet(44)) - raft.server.log.appender.buffer.byte-limit = 33554432 (custom)
2021-07-06 17:09:29,625 [pool-234-thread-1] INFO  metrics.RatisMetrics (RatisMetrics.java:lambda$create$0(36)) - Creating Metrics Registry : ratis.log_worker.omNode-1@group-523986131536
2021-07-06 17:09:29,626 [pool-234-thread-1] INFO  server.RaftServerConfigKeys (ConfUtils.java:logGet(44)) - raft.server.log.segment.size.max = 4194304 (custom)
2021-07-06 17:09:29,626 [pool-234-thread-1] INFO  server.RaftServerConfigKeys (ConfUtils.java:logGet(44)) - raft.server.log.segment.cache.num.max = 2 (custom)
2021-07-06 17:09:29,627 [pool-234-thread-1] INFO  server.RaftServerConfigKeys (ConfUtils.java:logGet(44)) - raft.server.log.segment.cache.size.max = 200MB (=209715200) (default)
2021-07-06 17:09:29,627 [pool-234-thread-1] INFO  segmented.SegmentedRaftLogWorker (SegmentedRaftLogWorker.java:<init>(182)) - new omNode-1@group-523986131536-SegmentedRaftLogWorker for RaftStorageImpl:Storage Directory /home/runner/work/ozone/ozone/mnt/ozone/hadoop-ozone/integration-test/target/test-dir/MiniOzoneClusterImpl-f74e07ef-a4e5-4994-bf82-498fd787e76a/omNode-1/ratis/c9bc4cf4-3bc3-3c60-a66b-523986131536
2021-07-06 17:09:29,627 [pool-234-thread-1] INFO  server.RaftServerConfigKeys (ConfUtils.java:logGet(44)) - raft.server.log.queue.byte-limit = 64MB (=67108864) (default)
2021-07-06 17:09:29,627 [pool-234-thread-1] INFO  server.RaftServerConfigKeys (ConfUtils.java:logGet(44)) - raft.server.log.queue.element-limit = 4096 (default)
2021-07-06 17:09:29,627 [pool-234-thread-1] INFO  server.RaftServerConfigKeys (ConfUtils.java:logGet(44)) - raft.server.log.segment.size.max = 4194304 (custom)
2021-07-06 17:09:29,627 [pool-234-thread-1] INFO  server.RaftServerConfigKeys (ConfUtils.java:logGet(44)) - raft.server.log.preallocated.size = 4194304 (custom)
2021-07-06 17:09:29,627 [pool-234-thread-1] INFO  server.RaftServerConfigKeys (ConfUtils.java:logGet(44)) - raft.server.log.force.sync.num = 128 (default)
2021-07-06 17:09:29,627 [pool-234-thread-1] INFO  server.RaftServerConfigKeys (ConfUtils.java:logGet(44)) - raft.server.log.statemachine.data.sync = true (default)
2021-07-06 17:09:29,627 [pool-234-thread-1] INFO  server.RaftServerConfigKeys (ConfUtils.java:logGet(44)) - raft.server.log.statemachine.data.sync.timeout = 10s (default)
2021-07-06 17:09:29,627 [pool-234-thread-1] INFO  server.RaftServerConfigKeys (ConfUtils.java:logGet(44)) - raft.server.log.statemachine.data.sync.timeout.retry = -1 (default)
2021-07-06 17:09:29,628 [pool-234-thread-1] INFO  server.RaftServerConfigKeys (ConfUtils.java:logGet(44)) - raft.server.log.write.buffer.size = 64KB (=65536) (default)
2021-07-06 17:09:29,628 [pool-234-thread-1] INFO  server.RaftServerConfigKeys (ConfUtils.java:logGet(44)) - raft.server.log.statemachine.data.caching.enabled = false (default)
2021-07-06 17:09:29,628 [pool-234-thread-1] INFO  segmented.SegmentedRaftLogWorker (SegmentedRaftLogWorker.java:lambda$new$0(133)) - omNode-1@group-523986131536-SegmentedRaftLogWorker: flushIndex: setUnconditionally 0 -> -1
2021-07-06 17:09:29,628 [pool-234-thread-1] INFO  segmented.SegmentedRaftLogWorker (SegmentedRaftLogWorker.java:lambda$new$0(133)) - omNode-1@group-523986131536-SegmentedRaftLogWorker: safeCacheEvictIndex: setUnconditionally 0 -> -1
2021-07-06 17:09:29,628 [pool-234-thread-1] INFO  server.RaftServerConfigKeys (ConfUtils.java:logGet(44)) - raft.server.snapshot.auto.trigger.enabled = true (custom)
2021-07-06 17:09:29,628 [pool-234-thread-1] INFO  server.RaftServerConfigKeys (ConfUtils.java:logGet(44)) - raft.server.snapshot.auto.trigger.threshold = 400000 (default)
2021-07-06 17:09:29,628 [pool-234-thread-1] INFO  server.RaftServerConfigKeys (ConfUtils.java:logGet(44)) - raft.server.snapshot.retention.file.num = -1 (default)
2021-07-06 17:09:29,628 [pool-234-thread-1] INFO  server.RaftServerConfigKeys (ConfUtils.java:logGet(44)) - raft.server.log.purge.upto.snapshot.index = true (custom)
2021-07-06 17:09:29,628 [pool-234-thread-1] INFO  server.RaftServerConfigKeys (ConfUtils.java:logGet(44)) - raft.server.retrycache.expirytime = 300s (custom)
2021-07-06 17:09:29,628 [pool-234-thread-1] INFO  server.RaftServerConfigKeys (ConfUtils.java:logGet(44)) - raft.server.retrycache.statistics.expirytime = 100μs (default)
2021-07-06 17:09:29,628 [pool-234-thread-1] INFO  metrics.RatisMetrics (RatisMetrics.java:lambda$create$0(36)) - Creating Metrics Registry : ratis.leader_election.omNode-1@group-523986131536
2021-07-06 17:09:29,629 [pool-234-thread-1] INFO  metrics.RatisMetrics (RatisMetrics.java:lambda$create$0(36)) - Creating Metrics Registry : ratis.server.omNode-1@group-523986131536
2021-07-06 17:09:29,633 [Listener at 127.0.0.1/10896] INFO  om.OzoneManager (OzoneManager.java:initFSOLayout(3896)) - Configured ozone.om.metadata.layout=SIMPLE and disabled optimized OM FS operations
2021-07-06 17:09:29,634 [Listener at 127.0.0.1/10896] INFO  impl.MetricsSystemImpl (MetricsSystemImpl.java:init(158)) - OzoneManager metrics system started (again)
2021-07-06 17:09:29,637 [Listener at 127.0.0.1/10896] INFO  om.OzoneManager (OzoneManager.java:start(1113)) - OzoneManager RPC server is listening at localhost/127.0.0.1:10896
2021-07-06 17:09:29,637 [Listener at 127.0.0.1/10896] INFO  ratis.OzoneManagerRatisServer (OzoneManagerRatisServer.java:start(388)) - Starting OzoneManagerRatisServer omNode-1 at port 10900
2021-07-06 17:09:29,637 [Listener at 127.0.0.1/10896] INFO  server.RaftServer$Division (RaftServerImpl.java:start(295)) - omNode-1@group-523986131536: start as a follower, conf=-1: [omNode-1|rpc:localhost:10900|priority:0], old=null
2021-07-06 17:09:29,637 [Listener at 127.0.0.1/10896] INFO  server.RaftServer$Division (RaftServerImpl.java:setRole(284)) - omNode-1@group-523986131536: changes role from      null to FOLLOWER at term 0 for startAsFollower
2021-07-06 17:09:29,637 [Listener at 127.0.0.1/10896] INFO  impl.RoleInfo (RoleInfo.java:updateAndGet(130)) - omNode-1: start omNode-1@group-523986131536-FollowerState
2021-07-06 17:09:29,638 [Listener at 127.0.0.1/10896] INFO  util.JmxRegister (JmxRegister.java:tryRegister(44)) - Successfully registered JMX Bean with object name Ratis:service=RaftServer,group=group-523986131536,id=omNode-1
2021-07-06 17:09:29,638 [Listener at 127.0.0.1/10896] INFO  metrics.RatisMetrics (RatisMetrics.java:lambda$create$0(36)) - Creating Metrics Registry : ratis.state_machine.omNode-1@group-523986131536
2021-07-06 17:09:29,639 [Listener at 127.0.0.1/10896] INFO  server.RaftServer (RaftServerProxy.java:lambda$start$5(374)) - omNode-1: start RPC server
2021-07-06 17:09:29,640 [Listener at 127.0.0.1/10896] INFO  server.GrpcService (GrpcService.java:startImpl(253)) - omNode-1: GrpcService started, listening on 10900
2021-07-06 17:09:29,640 [org.apache.ratis.util.JvmPauseMonitor$$Lambda$493/488669101@732af580] INFO  util.JvmPauseMonitor (JvmPauseMonitor.java:run(103)) - JvmPauseMonitor-omNode-1: Started
2021-07-06 17:09:29,646 [Listener at 127.0.0.1/10896] INFO  http.BaseHttpServer (BaseHttpServer.java:newHttpServer2BuilderForOzone(209)) - Starting Web-server for ozoneManager at: http://0.0.0.0:10898
2021-07-06 17:09:29,646 [Listener at 127.0.0.1/10896] INFO  http.BaseHttpServer (BaseHttpServer.java:<init>(107)) - Hadoop Security Enabled: false Ozone Security Enabled: false Ozone HTTP Security Enabled: false 
2021-07-06 17:09:29,647 [Listener at 127.0.0.1/10896] INFO  server.AuthenticationFilter (AuthenticationFilter.java:constructSecretProvider(240)) - Unable to initialize FileSignerSecretProvider, falling back to use random secrets.
2021-07-06 17:09:29,649 [Listener at 127.0.0.1/10896] WARN  http.HttpRequestLog (HttpRequestLog.java:getRequestLog(103)) - Jetty request log can only be enabled using Log4j
2021-07-06 17:09:29,649 [Listener at 127.0.0.1/10896] INFO  http.HttpServer2 (HttpServer2.java:addGlobalFilter(1020)) - Added global filter 'safety' (class=org.apache.hadoop.hdds.server.http.HttpServer2$QuotingInputFilter)
2021-07-06 17:09:29,650 [Listener at 127.0.0.1/10896] INFO  http.HttpServer2 (HttpServer2.java:addFilter(996)) - Added filter static_user_filter (class=org.apache.hadoop.http.lib.StaticUserWebFilter$StaticUserFilter) to context ozoneManager
2021-07-06 17:09:29,650 [Listener at 127.0.0.1/10896] INFO  http.HttpServer2 (HttpServer2.java:addFilter(1004)) - Added filter static_user_filter (class=org.apache.hadoop.http.lib.StaticUserWebFilter$StaticUserFilter) to context static
2021-07-06 17:09:29,650 [Listener at 127.0.0.1/10896] INFO  http.HttpServer2 (HttpServer2.java:addFilter(1004)) - Added filter static_user_filter (class=org.apache.hadoop.http.lib.StaticUserWebFilter$StaticUserFilter) to context logs
2021-07-06 17:09:29,651 [Listener at 127.0.0.1/10896] INFO  http.HttpServer2 (HttpServer2.java:bindListener(1238)) - Jetty bound to port 10898
2021-07-06 17:09:29,651 [Listener at 127.0.0.1/10896] INFO  server.Server (Server.java:doStart(375)) - jetty-9.4.35.v20201120; built: 2020-11-20T21:17:03.964Z; git: bdc54f03a5e0a7e280fab27f55c3c75ee8da89fb; jvm 1.8.0_292-b10
2021-07-06 17:09:29,652 [Listener at 127.0.0.1/10896] INFO  server.session (DefaultSessionIdManager.java:doStart(334)) - DefaultSessionIdManager workerName=node0
2021-07-06 17:09:29,652 [Listener at 127.0.0.1/10896] INFO  server.session (DefaultSessionIdManager.java:doStart(339)) - No SessionScavenger set, using defaults
2021-07-06 17:09:29,653 [Listener at 127.0.0.1/10896] INFO  server.session (HouseKeeper.java:startScavenging(132)) - node0 Scavenging every 660000ms
2021-07-06 17:09:29,653 [Listener at 127.0.0.1/10896] INFO  handler.ContextHandler (ContextHandler.java:doStart(916)) - Started o.e.j.s.ServletContextHandler@2c7ddfa0{logs,/logs,file:///home/runner/work/ozone/ozone/mnt/ozone/hadoop-ozone/integration-test/target/log,AVAILABLE}
2021-07-06 17:09:29,654 [Listener at 127.0.0.1/10896] INFO  handler.ContextHandler (ContextHandler.java:doStart(916)) - Started o.e.j.s.ServletContextHandler@1b250e51{static,/static,file:///home/runner/work/ozone/ozone/mnt/ozone/hadoop-ozone/integration-test/target/test-classes/webapps/static,AVAILABLE}
2021-07-06 17:09:29,656 [Listener at 127.0.0.1/10896] INFO  handler.ContextHandler (ContextHandler.java:doStart(916)) - Started o.e.j.w.WebAppContext@4d7143de{ozoneManager,/,file:///home/runner/work/ozone/ozone/mnt/ozone/hadoop-ozone/integration-test/target/test-classes/webapps/ozoneManager/,AVAILABLE}{file:/home/runner/work/ozone/ozone/mnt/ozone/hadoop-ozone/integration-test/target/test-classes/webapps/ozoneManager}
2021-07-06 17:09:29,658 [Listener at 127.0.0.1/10896] INFO  server.AbstractConnector (AbstractConnector.java:doStart(331)) - Started ServerConnector@2df92850{HTTP/1.1, (http/1.1)}{0.0.0.0:10898}
2021-07-06 17:09:29,658 [Listener at 127.0.0.1/10896] INFO  server.Server (Server.java:doStart(415)) - Started @77196ms
2021-07-06 17:09:29,658 [Listener at 127.0.0.1/10896] WARN  impl.MetricsSystemImpl (MetricsSystemImpl.java:register(279)) - Sink prometheus already exists!
2021-07-06 17:09:29,659 [Listener at 127.0.0.1/10896] INFO  http.BaseHttpServer (BaseHttpServer.java:updateConnectorAddress(329)) - HTTP server of ozoneManager listening at http://0.0.0.0:10898
2021-07-06 17:09:29,659 [IPC Server Responder] INFO  ipc.Server (Server.java:run(1497)) - IPC Server Responder: starting
2021-07-06 17:09:29,661 [IPC Server listener on 10896] INFO  ipc.Server (Server.java:run(1334)) - IPC Server listener on 10896: starting
2021-07-06 17:09:29,667 [Listener at 127.0.0.1/10896] INFO  om.OzoneManager (OzoneManager.java:startTrashEmptier(1251)) - Trash Interval set to 0. Files deleted will not move to trash
2021-07-06 17:09:29,668 [Listener at 127.0.0.1/10896] INFO  ozone.MiniOzoneHAClusterImpl (MiniOzoneHAClusterImpl.java:createOMService(462)) - Started OzoneManager RPC server at localhost/127.0.0.1:10896
2021-07-06 17:09:29,668 [org.apache.hadoop.util.JvmPauseMonitor$Monitor@1e64ee13] INFO  util.JvmPauseMonitor (JvmPauseMonitor.java:run(188)) - Starting JVM pause monitor
2021-07-06 17:09:29,678 [Listener at 127.0.0.1/10896] INFO  impl.MetricsSystemImpl (MetricsSystemImpl.java:init(158)) - HddsDatanode metrics system started (again)
2021-07-06 17:09:29,682 [Listener at 127.0.0.1/10896] INFO  ozone.HddsDatanodeService (HddsDatanodeService.java:start(221)) - HddsDatanodeService host:fv-az50-207.grzltbmokehuzjyc5b133kdqgh.cx.internal.cloudapp.net ip:10.1.0.59
2021-07-06 17:09:29,703 [Listener at 127.0.0.1/10896] INFO  ha.SCMNodeInfo (SCMNodeInfo.java:getPort(197)) - ConfigKey ozone.scm.client.address is deprecated, For configuring different ports for each SCM use PortConfigKey ozone.scm.client.port appended with serviceId and nodeId
2021-07-06 17:09:29,703 [Listener at 127.0.0.1/10896] INFO  ha.SCMNodeInfo (SCMNodeInfo.java:getPort(197)) - ConfigKey ozone.scm.block.client.address is deprecated, For configuring different ports for each SCM use PortConfigKey ozone.scm.block.client.port appended with serviceId and nodeId
2021-07-06 17:09:29,703 [Listener at 127.0.0.1/10896] INFO  ha.SCMNodeInfo (SCMNodeInfo.java:getPort(197)) - ConfigKey ozone.scm.datanode.address is deprecated, For configuring different ports for each SCM use PortConfigKey ozone.scm.datanode.port appended with serviceId and nodeId
2021-07-06 17:09:29,703 [Listener at 127.0.0.1/10896] INFO  ha.SCMNodeInfo (SCMNodeInfo.java:getPort(197)) - ConfigKey ozone.scm.client.address is deprecated, For configuring different ports for each SCM use PortConfigKey ozone.scm.client.port appended with serviceId and nodeId
2021-07-06 17:09:29,703 [Listener at 127.0.0.1/10896] INFO  ha.SCMNodeInfo (SCMNodeInfo.java:getPort(197)) - ConfigKey ozone.scm.block.client.address is deprecated, For configuring different ports for each SCM use PortConfigKey ozone.scm.block.client.port appended with serviceId and nodeId
2021-07-06 17:09:29,703 [Listener at 127.0.0.1/10896] INFO  ha.SCMNodeInfo (SCMNodeInfo.java:getPort(197)) - ConfigKey ozone.scm.datanode.address is deprecated, For configuring different ports for each SCM use PortConfigKey ozone.scm.datanode.port appended with serviceId and nodeId
2021-07-06 17:09:29,703 [Listener at 127.0.0.1/10896] INFO  ha.SCMNodeInfo (SCMNodeInfo.java:getPort(197)) - ConfigKey ozone.scm.client.address is deprecated, For configuring different ports for each SCM use PortConfigKey ozone.scm.client.port appended with serviceId and nodeId
2021-07-06 17:09:29,704 [Listener at 127.0.0.1/10896] INFO  ha.SCMNodeInfo (SCMNodeInfo.java:getPort(197)) - ConfigKey ozone.scm.block.client.address is deprecated, For configuring different ports for each SCM use PortConfigKey ozone.scm.block.client.port appended with serviceId and nodeId
2021-07-06 17:09:29,704 [Listener at 127.0.0.1/10896] INFO  ha.SCMNodeInfo (SCMNodeInfo.java:getPort(197)) - ConfigKey ozone.scm.datanode.address is deprecated, For configuring different ports for each SCM use PortConfigKey ozone.scm.datanode.port appended with serviceId and nodeId
2021-07-06 17:09:29,705 [Listener at 127.0.0.1/10896] INFO  volume.HddsVolume (HddsVolume.java:<init>(119)) - Creating HddsVolume: /home/runner/work/ozone/ozone/mnt/ozone/hadoop-ozone/integration-test/target/test-dir/MiniOzoneClusterImpl-f74e07ef-a4e5-4994-bf82-498fd787e76a/datanode-0/data-0/containers/hdds of storage type : DISK capacity : 9223372036854775807
2021-07-06 17:09:29,705 [Listener at 127.0.0.1/10896] INFO  volume.MutableVolumeSet (MutableVolumeSet.java:initializeVolumeSet(181)) - Added Volume : /home/runner/work/ozone/ozone/mnt/ozone/hadoop-ozone/integration-test/target/test-dir/MiniOzoneClusterImpl-f74e07ef-a4e5-4994-bf82-498fd787e76a/datanode-0/data-0/containers/hdds to VolumeSet
2021-07-06 17:09:29,705 [Listener at 127.0.0.1/10896] INFO  volume.ThrottledAsyncChecker (ThrottledAsyncChecker.java:schedule(141)) - Scheduling a check for /home/runner/work/ozone/ozone/mnt/ozone/hadoop-ozone/integration-test/target/test-dir/MiniOzoneClusterImpl-f74e07ef-a4e5-4994-bf82-498fd787e76a/datanode-0/data-0/containers/hdds
2021-07-06 17:09:29,712 [Listener at 127.0.0.1/10896] INFO  volume.StorageVolumeChecker (StorageVolumeChecker.java:checkAllVolumes(201)) - Scheduled health check for volume /home/runner/work/ozone/ozone/mnt/ozone/hadoop-ozone/integration-test/target/test-dir/MiniOzoneClusterImpl-f74e07ef-a4e5-4994-bf82-498fd787e76a/datanode-0/data-0/containers/hdds
2021-07-06 17:09:29,725 [Listener at 127.0.0.1/10896] INFO  volume.MutableVolumeSet (MutableVolumeSet.java:initializeVolumeSet(181)) - Added Volume : /home/runner/work/ozone/ozone/mnt/ozone/hadoop-ozone/integration-test/target/test-dir/MiniOzoneClusterImpl-f74e07ef-a4e5-4994-bf82-498fd787e76a/datanode-0/data/ratis to VolumeSet
2021-07-06 17:09:29,738 [Listener at 127.0.0.1/10896] INFO  ozoneimpl.ContainerReader (ContainerReader.java:<init>(98)) - Running in upgrade mode:true
2021-07-06 17:09:29,739 [Thread-1451] INFO  ozoneimpl.ContainerReader (ContainerReader.java:readVolume(142)) - Start to verify containers on volume /home/runner/work/ozone/ozone/mnt/ozone/hadoop-ozone/integration-test/target/test-dir/MiniOzoneClusterImpl-f74e07ef-a4e5-4994-bf82-498fd787e76a/datanode-0/data-0/containers/hdds
2021-07-06 17:09:29,739 [Thread-1451] INFO  ozoneimpl.ContainerReader (ContainerReader.java:readVolume(174)) - Finish verifying containers on volume /home/runner/work/ozone/ozone/mnt/ozone/hadoop-ozone/integration-test/target/test-dir/MiniOzoneClusterImpl-f74e07ef-a4e5-4994-bf82-498fd787e76a/datanode-0/data-0/containers/hdds
2021-07-06 17:09:29,739 [Listener at 127.0.0.1/10896] INFO  ozoneimpl.OzoneContainer (OzoneContainer.java:buildContainerSet(237)) - Build ContainerSet costs 0s
2021-07-06 17:09:29,741 [Listener at 127.0.0.1/10896] INFO  server.RaftServer (ConfUtils.java:logGet(44)) - raft.rpc.type = GRPC (default)
2021-07-06 17:09:29,742 [Listener at 127.0.0.1/10896] INFO  grpc.GrpcFactory (GrpcFactory.java:checkPooledByteBufAllocatorUseCacheForAllThreads(48)) - PERFORMANCE WARNING: useCacheForAllThreads is true that may cause Netty to create a lot garbage objects and, as a result, trigger GC.
	It is recommended to disable useCacheForAllThreads by setting -Dorg.apache.ratis.thirdparty.io.netty.allocator.useCacheForAllThreads=false in command line.
2021-07-06 17:09:29,742 [Listener at 127.0.0.1/10896] INFO  grpc.GrpcConfigKeys (ConfUtils.java:logGet(44)) - raft.grpc.admin.port = 0 (custom)
2021-07-06 17:09:29,742 [Listener at 127.0.0.1/10896] INFO  grpc.GrpcConfigKeys (ConfUtils.java:logGet(44)) - raft.grpc.client.port = 0 (custom)
2021-07-06 17:09:29,742 [Listener at 127.0.0.1/10896] INFO  grpc.GrpcConfigKeys (ConfUtils.java:logGet(44)) - raft.grpc.server.port = 0 (default)
2021-07-06 17:09:29,742 [Listener at 127.0.0.1/10896] INFO  server.GrpcService (ConfUtils.java:logGet(44)) - raft.grpc.message.size.max = 32MB (=33554432) (custom)
2021-07-06 17:09:29,742 [Listener at 127.0.0.1/10896] INFO  server.RaftServerConfigKeys (ConfUtils.java:logGet(44)) - raft.server.log.appender.buffer.byte-limit = 33554432 (custom)
2021-07-06 17:09:29,743 [Listener at 127.0.0.1/10896] INFO  server.GrpcService (ConfUtils.java:logGet(44)) - raft.grpc.flow.control.window = 5MB (=5242880) (custom)
2021-07-06 17:09:29,743 [Listener at 127.0.0.1/10896] INFO  server.RaftServerConfigKeys (ConfUtils.java:logGet(44)) - raft.server.rpc.request.timeout = 60s (custom)
2021-07-06 17:09:29,744 [Listener at 127.0.0.1/10896] INFO  impl.DataStreamServerImpl (ConfUtils.java:logGet(44)) - raft.datastream.type = DISABLED (default)
2021-07-06 17:09:29,745 [Listener at 127.0.0.1/10896] INFO  server.RaftServerConfigKeys (ConfUtils.java:logGet(44)) - raft.server.rpc.slowness.timeout = 300s (custom)
2021-07-06 17:09:29,745 [Listener at 127.0.0.1/10896] INFO  server.RaftServerConfigKeys (ConfUtils.java:logGet(44)) - raft.server.leaderelection.leader.step-down.wait-time = 10s (default)
2021-07-06 17:09:29,745 [Listener at 127.0.0.1/10896] INFO  server.RaftServerConfigKeys (ConfUtils.java:logGet(44)) - raft.server.storage.dir = [/home/runner/work/ozone/ozone/mnt/ozone/hadoop-ozone/integration-test/target/test-dir/MiniOzoneClusterImpl-f74e07ef-a4e5-4994-bf82-498fd787e76a/datanode-0/data/ratis] (custom)
2021-07-06 17:09:29,748 [Listener at 127.0.0.1/10896] INFO  http.BaseHttpServer (BaseHttpServer.java:newHttpServer2BuilderForOzone(209)) - Starting Web-server for hddsDatanode at: http://0.0.0.0:0
2021-07-06 17:09:29,748 [Listener at 127.0.0.1/10896] INFO  http.BaseHttpServer (BaseHttpServer.java:<init>(107)) - Hadoop Security Enabled: false Ozone Security Enabled: false Ozone HTTP Security Enabled: false 
2021-07-06 17:09:29,749 [Listener at 127.0.0.1/10896] INFO  server.AuthenticationFilter (AuthenticationFilter.java:constructSecretProvider(240)) - Unable to initialize FileSignerSecretProvider, falling back to use random secrets.
2021-07-06 17:09:29,749 [Listener at 127.0.0.1/10896] WARN  http.HttpRequestLog (HttpRequestLog.java:getRequestLog(103)) - Jetty request log can only be enabled using Log4j
2021-07-06 17:09:29,750 [Listener at 127.0.0.1/10896] INFO  http.HttpServer2 (HttpServer2.java:addGlobalFilter(1020)) - Added global filter 'safety' (class=org.apache.hadoop.hdds.server.http.HttpServer2$QuotingInputFilter)
2021-07-06 17:09:29,751 [Listener at 127.0.0.1/10896] INFO  http.HttpServer2 (HttpServer2.java:addFilter(996)) - Added filter static_user_filter (class=org.apache.hadoop.http.lib.StaticUserWebFilter$StaticUserFilter) to context hddsDatanode
2021-07-06 17:09:29,751 [Listener at 127.0.0.1/10896] INFO  http.HttpServer2 (HttpServer2.java:addFilter(1004)) - Added filter static_user_filter (class=org.apache.hadoop.http.lib.StaticUserWebFilter$StaticUserFilter) to context logs
2021-07-06 17:09:29,751 [Listener at 127.0.0.1/10896] INFO  http.HttpServer2 (HttpServer2.java:addFilter(1004)) - Added filter static_user_filter (class=org.apache.hadoop.http.lib.StaticUserWebFilter$StaticUserFilter) to context static
2021-07-06 17:09:29,752 [Listener at 127.0.0.1/10896] INFO  http.HttpServer2 (HttpServer2.java:bindListener(1238)) - Jetty bound to port 44273
2021-07-06 17:09:29,752 [Listener at 127.0.0.1/10896] INFO  server.Server (Server.java:doStart(375)) - jetty-9.4.35.v20201120; built: 2020-11-20T21:17:03.964Z; git: bdc54f03a5e0a7e280fab27f55c3c75ee8da89fb; jvm 1.8.0_292-b10
2021-07-06 17:09:29,754 [Listener at 127.0.0.1/10896] INFO  server.session (DefaultSessionIdManager.java:doStart(334)) - DefaultSessionIdManager workerName=node0
2021-07-06 17:09:29,754 [Listener at 127.0.0.1/10896] INFO  server.session (DefaultSessionIdManager.java:doStart(339)) - No SessionScavenger set, using defaults
2021-07-06 17:09:29,754 [Listener at 127.0.0.1/10896] INFO  server.session (HouseKeeper.java:startScavenging(132)) - node0 Scavenging every 660000ms
2021-07-06 17:09:29,755 [Listener at 127.0.0.1/10896] INFO  handler.ContextHandler (ContextHandler.java:doStart(916)) - Started o.e.j.s.ServletContextHandler@6c173587{logs,/logs,file:///home/runner/work/ozone/ozone/mnt/ozone/hadoop-ozone/integration-test/target/log,AVAILABLE}
2021-07-06 17:09:29,755 [Listener at 127.0.0.1/10896] INFO  handler.ContextHandler (ContextHandler.java:doStart(916)) - Started o.e.j.s.ServletContextHandler@4ba64e36{static,/static,jar:file:/home/runner/.m2/repository/org/apache/ozone/hdds-container-service/1.2.0-SNAPSHOT/hdds-container-service-1.2.0-SNAPSHOT.jar!/webapps/static,AVAILABLE}
2021-07-06 17:09:29,799 [Listener at 127.0.0.1/10896] INFO  handler.ContextHandler (ContextHandler.java:doStart(916)) - Started o.e.j.w.WebAppContext@399fd2ab{hddsDatanode,/,file:///tmp/jetty-0_0_0_0-44273-hdds-container-service-1_2_0-SNAPSHOT_jar-_-any-4812368942950068557/webapp/,AVAILABLE}{jar:file:/home/runner/.m2/repository/org/apache/ozone/hdds-container-service/1.2.0-SNAPSHOT/hdds-container-service-1.2.0-SNAPSHOT.jar!/webapps/hddsDatanode}
2021-07-06 17:09:29,805 [Listener at 127.0.0.1/10896] INFO  server.AbstractConnector (AbstractConnector.java:doStart(331)) - Started ServerConnector@42becaf6{HTTP/1.1, (http/1.1)}{0.0.0.0:44273}
2021-07-06 17:09:29,805 [Listener at 127.0.0.1/10896] INFO  server.Server (Server.java:doStart(415)) - Started @77343ms
2021-07-06 17:09:29,805 [Listener at 127.0.0.1/10896] WARN  impl.MetricsSystemImpl (MetricsSystemImpl.java:register(279)) - Sink prometheus already exists!
2021-07-06 17:09:29,806 [Listener at 127.0.0.1/10896] INFO  http.BaseHttpServer (BaseHttpServer.java:updateConnectorAddress(329)) - HTTP server of hddsDatanode listening at http://0.0.0.0:44273
2021-07-06 17:09:29,806 [Listener at 127.0.0.1/10896] INFO  impl.MetricsSystemImpl (MetricsSystemImpl.java:init(158)) - HddsDatanode metrics system started (again)
2021-07-06 17:09:29,811 [Listener at 127.0.0.1/10896] INFO  ozone.HddsDatanodeService (HddsDatanodeService.java:start(221)) - HddsDatanodeService host:fv-az50-207.grzltbmokehuzjyc5b133kdqgh.cx.internal.cloudapp.net ip:10.1.0.59
2021-07-06 17:09:29,814 [org.apache.hadoop.util.JvmPauseMonitor$Monitor@7135c7a1] INFO  util.JvmPauseMonitor (JvmPauseMonitor.java:run(188)) - Starting JVM pause monitor
2021-07-06 17:09:29,815 [Datanode State Machine Task Thread - 0] INFO  ha.SCMNodeInfo (SCMNodeInfo.java:getPort(197)) - ConfigKey ozone.scm.client.address is deprecated, For configuring different ports for each SCM use PortConfigKey ozone.scm.client.port appended with serviceId and nodeId
2021-07-06 17:09:29,817 [Datanode State Machine Task Thread - 0] INFO  ha.SCMNodeInfo (SCMNodeInfo.java:getPort(197)) - ConfigKey ozone.scm.block.client.address is deprecated, For configuring different ports for each SCM use PortConfigKey ozone.scm.block.client.port appended with serviceId and nodeId
2021-07-06 17:09:29,817 [Datanode State Machine Task Thread - 0] INFO  ha.SCMNodeInfo (SCMNodeInfo.java:getPort(197)) - ConfigKey ozone.scm.datanode.address is deprecated, For configuring different ports for each SCM use PortConfigKey ozone.scm.datanode.port appended with serviceId and nodeId
2021-07-06 17:09:29,817 [Datanode State Machine Task Thread - 0] INFO  ha.SCMNodeInfo (SCMNodeInfo.java:getPort(197)) - ConfigKey ozone.scm.client.address is deprecated, For configuring different ports for each SCM use PortConfigKey ozone.scm.client.port appended with serviceId and nodeId
2021-07-06 17:09:29,817 [Datanode State Machine Task Thread - 0] INFO  ha.SCMNodeInfo (SCMNodeInfo.java:getPort(197)) - ConfigKey ozone.scm.block.client.address is deprecated, For configuring different ports for each SCM use PortConfigKey ozone.scm.block.client.port appended with serviceId and nodeId
2021-07-06 17:09:29,818 [Datanode State Machine Task Thread - 0] INFO  ha.SCMNodeInfo (SCMNodeInfo.java:getPort(197)) - ConfigKey ozone.scm.datanode.address is deprecated, For configuring different ports for each SCM use PortConfigKey ozone.scm.datanode.port appended with serviceId and nodeId
2021-07-06 17:09:29,818 [Datanode State Machine Task Thread - 0] INFO  ha.SCMNodeInfo (SCMNodeInfo.java:getPort(197)) - ConfigKey ozone.scm.client.address is deprecated, For configuring different ports for each SCM use PortConfigKey ozone.scm.client.port appended with serviceId and nodeId
2021-07-06 17:09:29,819 [Datanode State Machine Task Thread - 0] INFO  ha.SCMNodeInfo (SCMNodeInfo.java:getPort(197)) - ConfigKey ozone.scm.block.client.address is deprecated, For configuring different ports for each SCM use PortConfigKey ozone.scm.block.client.port appended with serviceId and nodeId
2021-07-06 17:09:29,819 [Datanode State Machine Task Thread - 0] INFO  ha.SCMNodeInfo (SCMNodeInfo.java:getPort(197)) - ConfigKey ozone.scm.datanode.address is deprecated, For configuring different ports for each SCM use PortConfigKey ozone.scm.datanode.port appended with serviceId and nodeId
2021-07-06 17:09:29,825 [Datanode State Machine Task Thread - 0] INFO  datanode.InitDatanodeState (InitDatanodeState.java:persistContainerDatanodeDetails(145)) - DatanodeDetails is persisted to /home/runner/work/ozone/ozone/mnt/ozone/hadoop-ozone/integration-test/target/test-dir/MiniOzoneClusterImpl-f74e07ef-a4e5-4994-bf82-498fd787e76a/datanode-0/meta/datanode.id
2021-07-06 17:09:29,841 [Listener at 127.0.0.1/10896] INFO  ha.SCMNodeInfo (SCMNodeInfo.java:getPort(197)) - ConfigKey ozone.scm.client.address is deprecated, For configuring different ports for each SCM use PortConfigKey ozone.scm.client.port appended with serviceId and nodeId
2021-07-06 17:09:29,841 [Listener at 127.0.0.1/10896] INFO  ha.SCMNodeInfo (SCMNodeInfo.java:getPort(197)) - ConfigKey ozone.scm.block.client.address is deprecated, For configuring different ports for each SCM use PortConfigKey ozone.scm.block.client.port appended with serviceId and nodeId
2021-07-06 17:09:29,841 [Listener at 127.0.0.1/10896] INFO  ha.SCMNodeInfo (SCMNodeInfo.java:getPort(197)) - ConfigKey ozone.scm.datanode.address is deprecated, For configuring different ports for each SCM use PortConfigKey ozone.scm.datanode.port appended with serviceId and nodeId
2021-07-06 17:09:29,841 [Listener at 127.0.0.1/10896] INFO  ha.SCMNodeInfo (SCMNodeInfo.java:getPort(197)) - ConfigKey ozone.scm.client.address is deprecated, For configuring different ports for each SCM use PortConfigKey ozone.scm.client.port appended with serviceId and nodeId
2021-07-06 17:09:29,841 [Listener at 127.0.0.1/10896] INFO  ha.SCMNodeInfo (SCMNodeInfo.java:getPort(197)) - ConfigKey ozone.scm.block.client.address is deprecated, For configuring different ports for each SCM use PortConfigKey ozone.scm.block.client.port appended with serviceId and nodeId
2021-07-06 17:09:29,841 [Listener at 127.0.0.1/10896] INFO  ha.SCMNodeInfo (SCMNodeInfo.java:getPort(197)) - ConfigKey ozone.scm.datanode.address is deprecated, For configuring different ports for each SCM use PortConfigKey ozone.scm.datanode.port appended with serviceId and nodeId
2021-07-06 17:09:29,842 [Listener at 127.0.0.1/10896] INFO  ha.SCMNodeInfo (SCMNodeInfo.java:getPort(197)) - ConfigKey ozone.scm.client.address is deprecated, For configuring different ports for each SCM use PortConfigKey ozone.scm.client.port appended with serviceId and nodeId
2021-07-06 17:09:29,842 [Listener at 127.0.0.1/10896] INFO  ha.SCMNodeInfo (SCMNodeInfo.java:getPort(197)) - ConfigKey ozone.scm.block.client.address is deprecated, For configuring different ports for each SCM use PortConfigKey ozone.scm.block.client.port appended with serviceId and nodeId
2021-07-06 17:09:29,842 [Listener at 127.0.0.1/10896] INFO  ha.SCMNodeInfo (SCMNodeInfo.java:getPort(197)) - ConfigKey ozone.scm.datanode.address is deprecated, For configuring different ports for each SCM use PortConfigKey ozone.scm.datanode.port appended with serviceId and nodeId
2021-07-06 17:09:29,844 [Listener at 127.0.0.1/10896] INFO  volume.HddsVolume (HddsVolume.java:<init>(119)) - Creating HddsVolume: /home/runner/work/ozone/ozone/mnt/ozone/hadoop-ozone/integration-test/target/test-dir/MiniOzoneClusterImpl-f74e07ef-a4e5-4994-bf82-498fd787e76a/datanode-1/data-0/containers/hdds of storage type : DISK capacity : 9223372036854775807
2021-07-06 17:09:29,844 [Listener at 127.0.0.1/10896] INFO  volume.MutableVolumeSet (MutableVolumeSet.java:initializeVolumeSet(181)) - Added Volume : /home/runner/work/ozone/ozone/mnt/ozone/hadoop-ozone/integration-test/target/test-dir/MiniOzoneClusterImpl-f74e07ef-a4e5-4994-bf82-498fd787e76a/datanode-1/data-0/containers/hdds to VolumeSet
2021-07-06 17:09:29,844 [Listener at 127.0.0.1/10896] INFO  volume.ThrottledAsyncChecker (ThrottledAsyncChecker.java:schedule(141)) - Scheduling a check for /home/runner/work/ozone/ozone/mnt/ozone/hadoop-ozone/integration-test/target/test-dir/MiniOzoneClusterImpl-f74e07ef-a4e5-4994-bf82-498fd787e76a/datanode-1/data-0/containers/hdds
2021-07-06 17:09:29,849 [Listener at 127.0.0.1/10896] INFO  volume.StorageVolumeChecker (StorageVolumeChecker.java:checkAllVolumes(201)) - Scheduled health check for volume /home/runner/work/ozone/ozone/mnt/ozone/hadoop-ozone/integration-test/target/test-dir/MiniOzoneClusterImpl-f74e07ef-a4e5-4994-bf82-498fd787e76a/datanode-1/data-0/containers/hdds
2021-07-06 17:09:29,864 [Listener at 127.0.0.1/10896] INFO  volume.MutableVolumeSet (MutableVolumeSet.java:initializeVolumeSet(181)) - Added Volume : /home/runner/work/ozone/ozone/mnt/ozone/hadoop-ozone/integration-test/target/test-dir/MiniOzoneClusterImpl-f74e07ef-a4e5-4994-bf82-498fd787e76a/datanode-1/data/ratis to VolumeSet
2021-07-06 17:09:29,881 [Listener at 127.0.0.1/10896] INFO  ozoneimpl.ContainerReader (ContainerReader.java:<init>(98)) - Running in upgrade mode:true
2021-07-06 17:09:29,953 [Thread-1462] INFO  ozoneimpl.ContainerReader (ContainerReader.java:readVolume(142)) - Start to verify containers on volume /home/runner/work/ozone/ozone/mnt/ozone/hadoop-ozone/integration-test/target/test-dir/MiniOzoneClusterImpl-f74e07ef-a4e5-4994-bf82-498fd787e76a/datanode-1/data-0/containers/hdds
2021-07-06 17:09:29,953 [Thread-1462] INFO  ozoneimpl.ContainerReader (ContainerReader.java:readVolume(174)) - Finish verifying containers on volume /home/runner/work/ozone/ozone/mnt/ozone/hadoop-ozone/integration-test/target/test-dir/MiniOzoneClusterImpl-f74e07ef-a4e5-4994-bf82-498fd787e76a/datanode-1/data-0/containers/hdds
2021-07-06 17:09:29,965 [Listener at 127.0.0.1/10896] INFO  ozoneimpl.OzoneContainer (OzoneContainer.java:buildContainerSet(237)) - Build ContainerSet costs 0s
2021-07-06 17:09:29,970 [Listener at 127.0.0.1/10896] INFO  server.RaftServer (ConfUtils.java:logGet(44)) - raft.rpc.type = GRPC (default)
2021-07-06 17:09:29,970 [Listener at 127.0.0.1/10896] INFO  grpc.GrpcFactory (GrpcFactory.java:checkPooledByteBufAllocatorUseCacheForAllThreads(48)) - PERFORMANCE WARNING: useCacheForAllThreads is true that may cause Netty to create a lot garbage objects and, as a result, trigger GC.
	It is recommended to disable useCacheForAllThreads by setting -Dorg.apache.ratis.thirdparty.io.netty.allocator.useCacheForAllThreads=false in command line.
2021-07-06 17:09:29,971 [Listener at 127.0.0.1/10896] INFO  grpc.GrpcConfigKeys (ConfUtils.java:logGet(44)) - raft.grpc.admin.port = 0 (custom)
2021-07-06 17:09:29,971 [Listener at 127.0.0.1/10896] INFO  grpc.GrpcConfigKeys (ConfUtils.java:logGet(44)) - raft.grpc.client.port = 0 (custom)
2021-07-06 17:09:29,971 [Listener at 127.0.0.1/10896] INFO  grpc.GrpcConfigKeys (ConfUtils.java:logGet(44)) - raft.grpc.server.port = 0 (default)
2021-07-06 17:09:29,971 [Listener at 127.0.0.1/10896] INFO  server.GrpcService (ConfUtils.java:logGet(44)) - raft.grpc.message.size.max = 32MB (=33554432) (custom)
2021-07-06 17:09:29,971 [Listener at 127.0.0.1/10896] INFO  server.RaftServerConfigKeys (ConfUtils.java:logGet(44)) - raft.server.log.appender.buffer.byte-limit = 33554432 (custom)
2021-07-06 17:09:29,971 [Listener at 127.0.0.1/10896] INFO  server.GrpcService (ConfUtils.java:logGet(44)) - raft.grpc.flow.control.window = 5MB (=5242880) (custom)
2021-07-06 17:09:29,972 [Listener at 127.0.0.1/10896] INFO  server.RaftServerConfigKeys (ConfUtils.java:logGet(44)) - raft.server.rpc.request.timeout = 60s (custom)
2021-07-06 17:09:29,973 [Listener at 127.0.0.1/10896] INFO  impl.DataStreamServerImpl (ConfUtils.java:logGet(44)) - raft.datastream.type = DISABLED (default)
2021-07-06 17:09:29,973 [Listener at 127.0.0.1/10896] INFO  server.RaftServerConfigKeys (ConfUtils.java:logGet(44)) - raft.server.rpc.slowness.timeout = 300s (custom)
2021-07-06 17:09:29,973 [Listener at 127.0.0.1/10896] INFO  server.RaftServerConfigKeys (ConfUtils.java:logGet(44)) - raft.server.leaderelection.leader.step-down.wait-time = 10s (default)
2021-07-06 17:09:29,973 [Listener at 127.0.0.1/10896] INFO  server.RaftServerConfigKeys (ConfUtils.java:logGet(44)) - raft.server.storage.dir = [/home/runner/work/ozone/ozone/mnt/ozone/hadoop-ozone/integration-test/target/test-dir/MiniOzoneClusterImpl-f74e07ef-a4e5-4994-bf82-498fd787e76a/datanode-1/data/ratis] (custom)
2021-07-06 17:09:29,977 [Listener at 127.0.0.1/10896] INFO  http.BaseHttpServer (BaseHttpServer.java:newHttpServer2BuilderForOzone(209)) - Starting Web-server for hddsDatanode at: http://0.0.0.0:0
2021-07-06 17:09:29,977 [Listener at 127.0.0.1/10896] INFO  http.BaseHttpServer (BaseHttpServer.java:<init>(107)) - Hadoop Security Enabled: false Ozone Security Enabled: false Ozone HTTP Security Enabled: false 
2021-07-06 17:09:29,978 [Listener at 127.0.0.1/10896] INFO  server.AuthenticationFilter (AuthenticationFilter.java:constructSecretProvider(240)) - Unable to initialize FileSignerSecretProvider, falling back to use random secrets.
2021-07-06 17:09:29,978 [Listener at 127.0.0.1/10896] WARN  http.HttpRequestLog (HttpRequestLog.java:getRequestLog(103)) - Jetty request log can only be enabled using Log4j
2021-07-06 17:09:29,979 [Listener at 127.0.0.1/10896] INFO  http.HttpServer2 (HttpServer2.java:addGlobalFilter(1020)) - Added global filter 'safety' (class=org.apache.hadoop.hdds.server.http.HttpServer2$QuotingInputFilter)
2021-07-06 17:09:29,980 [Listener at 127.0.0.1/10896] INFO  http.HttpServer2 (HttpServer2.java:addFilter(996)) - Added filter static_user_filter (class=org.apache.hadoop.http.lib.StaticUserWebFilter$StaticUserFilter) to context hddsDatanode
2021-07-06 17:09:29,980 [Listener at 127.0.0.1/10896] INFO  http.HttpServer2 (HttpServer2.java:addFilter(1004)) - Added filter static_user_filter (class=org.apache.hadoop.http.lib.StaticUserWebFilter$StaticUserFilter) to context static
2021-07-06 17:09:29,980 [Listener at 127.0.0.1/10896] INFO  http.HttpServer2 (HttpServer2.java:addFilter(1004)) - Added filter static_user_filter (class=org.apache.hadoop.http.lib.StaticUserWebFilter$StaticUserFilter) to context logs
2021-07-06 17:09:29,981 [Listener at 127.0.0.1/10896] INFO  http.HttpServer2 (HttpServer2.java:bindListener(1238)) - Jetty bound to port 35875
2021-07-06 17:09:29,981 [Listener at 127.0.0.1/10896] INFO  server.Server (Server.java:doStart(375)) - jetty-9.4.35.v20201120; built: 2020-11-20T21:17:03.964Z; git: bdc54f03a5e0a7e280fab27f55c3c75ee8da89fb; jvm 1.8.0_292-b10
2021-07-06 17:09:29,985 [Listener at 127.0.0.1/10896] INFO  server.session (DefaultSessionIdManager.java:doStart(334)) - DefaultSessionIdManager workerName=node0
2021-07-06 17:09:29,985 [Listener at 127.0.0.1/10896] INFO  server.session (DefaultSessionIdManager.java:doStart(339)) - No SessionScavenger set, using defaults
2021-07-06 17:09:29,985 [Listener at 127.0.0.1/10896] INFO  server.session (HouseKeeper.java:startScavenging(132)) - node0 Scavenging every 600000ms
2021-07-06 17:09:29,989 [Listener at 127.0.0.1/10896] INFO  handler.ContextHandler (ContextHandler.java:doStart(916)) - Started o.e.j.s.ServletContextHandler@7c1a4a74{logs,/logs,file:///home/runner/work/ozone/ozone/mnt/ozone/hadoop-ozone/integration-test/target/log,AVAILABLE}
2021-07-06 17:09:29,989 [Listener at 127.0.0.1/10896] INFO  handler.ContextHandler (ContextHandler.java:doStart(916)) - Started o.e.j.s.ServletContextHandler@5d33426a{static,/static,jar:file:/home/runner/.m2/repository/org/apache/ozone/hdds-container-service/1.2.0-SNAPSHOT/hdds-container-service-1.2.0-SNAPSHOT.jar!/webapps/static,AVAILABLE}
2021-07-06 17:09:30,035 [Listener at 127.0.0.1/10896] INFO  handler.ContextHandler (ContextHandler.java:doStart(916)) - Started o.e.j.w.WebAppContext@3217aada{hddsDatanode,/,file:///tmp/jetty-0_0_0_0-35875-hdds-container-service-1_2_0-SNAPSHOT_jar-_-any-3642261750351559674/webapp/,AVAILABLE}{jar:file:/home/runner/.m2/repository/org/apache/ozone/hdds-container-service/1.2.0-SNAPSHOT/hdds-container-service-1.2.0-SNAPSHOT.jar!/webapps/hddsDatanode}
2021-07-06 17:09:30,037 [Listener at 127.0.0.1/10896] INFO  server.AbstractConnector (AbstractConnector.java:doStart(331)) - Started ServerConnector@73d9f235{HTTP/1.1, (http/1.1)}{0.0.0.0:35875}
2021-07-06 17:09:30,037 [Listener at 127.0.0.1/10896] INFO  server.Server (Server.java:doStart(415)) - Started @77575ms
2021-07-06 17:09:30,037 [Listener at 127.0.0.1/10896] WARN  impl.MetricsSystemImpl (MetricsSystemImpl.java:register(279)) - Sink prometheus already exists!
2021-07-06 17:09:30,038 [Listener at 127.0.0.1/10896] INFO  http.BaseHttpServer (BaseHttpServer.java:updateConnectorAddress(329)) - HTTP server of hddsDatanode listening at http://0.0.0.0:35875
2021-07-06 17:09:30,042 [Listener at 127.0.0.1/10896] INFO  impl.MetricsSystemImpl (MetricsSystemImpl.java:init(158)) - HddsDatanode metrics system started (again)
2021-07-06 17:09:30,046 [Listener at 127.0.0.1/10896] INFO  ozone.HddsDatanodeService (HddsDatanodeService.java:start(221)) - HddsDatanodeService host:fv-az50-207.grzltbmokehuzjyc5b133kdqgh.cx.internal.cloudapp.net ip:10.1.0.59
2021-07-06 17:09:30,053 [org.apache.hadoop.util.JvmPauseMonitor$Monitor@189fd18a] INFO  util.JvmPauseMonitor (JvmPauseMonitor.java:run(188)) - Starting JVM pause monitor
2021-07-06 17:09:30,053 [Datanode State Machine Task Thread - 0] INFO  ha.SCMNodeInfo (SCMNodeInfo.java:getPort(197)) - ConfigKey ozone.scm.client.address is deprecated, For configuring different ports for each SCM use PortConfigKey ozone.scm.client.port appended with serviceId and nodeId
2021-07-06 17:09:30,053 [Datanode State Machine Task Thread - 0] INFO  ha.SCMNodeInfo (SCMNodeInfo.java:getPort(197)) - ConfigKey ozone.scm.block.client.address is deprecated, For configuring different ports for each SCM use PortConfigKey ozone.scm.block.client.port appended with serviceId and nodeId
2021-07-06 17:09:30,053 [Datanode State Machine Task Thread - 0] INFO  ha.SCMNodeInfo (SCMNodeInfo.java:getPort(197)) - ConfigKey ozone.scm.datanode.address is deprecated, For configuring different ports for each SCM use PortConfigKey ozone.scm.datanode.port appended with serviceId and nodeId
2021-07-06 17:09:30,053 [Datanode State Machine Task Thread - 0] INFO  ha.SCMNodeInfo (SCMNodeInfo.java:getPort(197)) - ConfigKey ozone.scm.client.address is deprecated, For configuring different ports for each SCM use PortConfigKey ozone.scm.client.port appended with serviceId and nodeId
2021-07-06 17:09:30,053 [Datanode State Machine Task Thread - 0] INFO  ha.SCMNodeInfo (SCMNodeInfo.java:getPort(197)) - ConfigKey ozone.scm.block.client.address is deprecated, For configuring different ports for each SCM use PortConfigKey ozone.scm.block.client.port appended with serviceId and nodeId
2021-07-06 17:09:30,054 [Datanode State Machine Task Thread - 0] INFO  ha.SCMNodeInfo (SCMNodeInfo.java:getPort(197)) - ConfigKey ozone.scm.datanode.address is deprecated, For configuring different ports for each SCM use PortConfigKey ozone.scm.datanode.port appended with serviceId and nodeId
2021-07-06 17:09:30,054 [Datanode State Machine Task Thread - 0] INFO  ha.SCMNodeInfo (SCMNodeInfo.java:getPort(197)) - ConfigKey ozone.scm.client.address is deprecated, For configuring different ports for each SCM use PortConfigKey ozone.scm.client.port appended with serviceId and nodeId
2021-07-06 17:09:30,054 [Datanode State Machine Task Thread - 0] INFO  ha.SCMNodeInfo (SCMNodeInfo.java:getPort(197)) - ConfigKey ozone.scm.block.client.address is deprecated, For configuring different ports for each SCM use PortConfigKey ozone.scm.block.client.port appended with serviceId and nodeId
2021-07-06 17:09:30,054 [Datanode State Machine Task Thread - 0] INFO  ha.SCMNodeInfo (SCMNodeInfo.java:getPort(197)) - ConfigKey ozone.scm.datanode.address is deprecated, For configuring different ports for each SCM use PortConfigKey ozone.scm.datanode.port appended with serviceId and nodeId
2021-07-06 17:09:30,055 [Datanode State Machine Task Thread - 0] INFO  datanode.InitDatanodeState (InitDatanodeState.java:persistContainerDatanodeDetails(145)) - DatanodeDetails is persisted to /home/runner/work/ozone/ozone/mnt/ozone/hadoop-ozone/integration-test/target/test-dir/MiniOzoneClusterImpl-f74e07ef-a4e5-4994-bf82-498fd787e76a/datanode-1/meta/datanode.id
2021-07-06 17:09:30,064 [Listener at 127.0.0.1/10896] INFO  ha.SCMNodeInfo (SCMNodeInfo.java:getPort(197)) - ConfigKey ozone.scm.client.address is deprecated, For configuring different ports for each SCM use PortConfigKey ozone.scm.client.port appended with serviceId and nodeId
2021-07-06 17:09:30,064 [Listener at 127.0.0.1/10896] INFO  ha.SCMNodeInfo (SCMNodeInfo.java:getPort(197)) - ConfigKey ozone.scm.block.client.address is deprecated, For configuring different ports for each SCM use PortConfigKey ozone.scm.block.client.port appended with serviceId and nodeId
2021-07-06 17:09:30,064 [Listener at 127.0.0.1/10896] INFO  ha.SCMNodeInfo (SCMNodeInfo.java:getPort(197)) - ConfigKey ozone.scm.datanode.address is deprecated, For configuring different ports for each SCM use PortConfigKey ozone.scm.datanode.port appended with serviceId and nodeId
2021-07-06 17:09:30,064 [Listener at 127.0.0.1/10896] INFO  ha.SCMNodeInfo (SCMNodeInfo.java:getPort(197)) - ConfigKey ozone.scm.client.address is deprecated, For configuring different ports for each SCM use PortConfigKey ozone.scm.client.port appended with serviceId and nodeId
2021-07-06 17:09:30,065 [Listener at 127.0.0.1/10896] INFO  ha.SCMNodeInfo (SCMNodeInfo.java:getPort(197)) - ConfigKey ozone.scm.block.client.address is deprecated, For configuring different ports for each SCM use PortConfigKey ozone.scm.block.client.port appended with serviceId and nodeId
2021-07-06 17:09:30,065 [Listener at 127.0.0.1/10896] INFO  ha.SCMNodeInfo (SCMNodeInfo.java:getPort(197)) - ConfigKey ozone.scm.datanode.address is deprecated, For configuring different ports for each SCM use PortConfigKey ozone.scm.datanode.port appended with serviceId and nodeId
2021-07-06 17:09:30,065 [Listener at 127.0.0.1/10896] INFO  ha.SCMNodeInfo (SCMNodeInfo.java:getPort(197)) - ConfigKey ozone.scm.client.address is deprecated, For configuring different ports for each SCM use PortConfigKey ozone.scm.client.port appended with serviceId and nodeId
2021-07-06 17:09:30,065 [Listener at 127.0.0.1/10896] INFO  ha.SCMNodeInfo (SCMNodeInfo.java:getPort(197)) - ConfigKey ozone.scm.block.client.address is deprecated, For configuring different ports for each SCM use PortConfigKey ozone.scm.block.client.port appended with serviceId and nodeId
2021-07-06 17:09:30,065 [Listener at 127.0.0.1/10896] INFO  ha.SCMNodeInfo (SCMNodeInfo.java:getPort(197)) - ConfigKey ozone.scm.datanode.address is deprecated, For configuring different ports for each SCM use PortConfigKey ozone.scm.datanode.port appended with serviceId and nodeId
2021-07-06 17:09:30,066 [Listener at 127.0.0.1/10896] INFO  volume.HddsVolume (HddsVolume.java:<init>(119)) - Creating HddsVolume: /home/runner/work/ozone/ozone/mnt/ozone/hadoop-ozone/integration-test/target/test-dir/MiniOzoneClusterImpl-f74e07ef-a4e5-4994-bf82-498fd787e76a/datanode-2/data-0/containers/hdds of storage type : DISK capacity : 9223372036854775807
2021-07-06 17:09:30,066 [Listener at 127.0.0.1/10896] INFO  volume.MutableVolumeSet (MutableVolumeSet.java:initializeVolumeSet(181)) - Added Volume : /home/runner/work/ozone/ozone/mnt/ozone/hadoop-ozone/integration-test/target/test-dir/MiniOzoneClusterImpl-f74e07ef-a4e5-4994-bf82-498fd787e76a/datanode-2/data-0/containers/hdds to VolumeSet
2021-07-06 17:09:30,067 [Listener at 127.0.0.1/10896] INFO  volume.ThrottledAsyncChecker (ThrottledAsyncChecker.java:schedule(141)) - Scheduling a check for /home/runner/work/ozone/ozone/mnt/ozone/hadoop-ozone/integration-test/target/test-dir/MiniOzoneClusterImpl-f74e07ef-a4e5-4994-bf82-498fd787e76a/datanode-2/data-0/containers/hdds
2021-07-06 17:09:30,067 [Listener at 127.0.0.1/10896] INFO  volume.StorageVolumeChecker (StorageVolumeChecker.java:checkAllVolumes(201)) - Scheduled health check for volume /home/runner/work/ozone/ozone/mnt/ozone/hadoop-ozone/integration-test/target/test-dir/MiniOzoneClusterImpl-f74e07ef-a4e5-4994-bf82-498fd787e76a/datanode-2/data-0/containers/hdds
2021-07-06 17:09:30,080 [Listener at 127.0.0.1/10896] INFO  volume.MutableVolumeSet (MutableVolumeSet.java:initializeVolumeSet(181)) - Added Volume : /home/runner/work/ozone/ozone/mnt/ozone/hadoop-ozone/integration-test/target/test-dir/MiniOzoneClusterImpl-f74e07ef-a4e5-4994-bf82-498fd787e76a/datanode-2/data/ratis to VolumeSet
2021-07-06 17:09:30,092 [Listener at 127.0.0.1/10896] INFO  ozoneimpl.ContainerReader (ContainerReader.java:<init>(98)) - Running in upgrade mode:true
2021-07-06 17:09:30,093 [Thread-1473] INFO  ozoneimpl.ContainerReader (ContainerReader.java:readVolume(142)) - Start to verify containers on volume /home/runner/work/ozone/ozone/mnt/ozone/hadoop-ozone/integration-test/target/test-dir/MiniOzoneClusterImpl-f74e07ef-a4e5-4994-bf82-498fd787e76a/datanode-2/data-0/containers/hdds
2021-07-06 17:09:30,093 [Thread-1473] INFO  ozoneimpl.ContainerReader (ContainerReader.java:readVolume(174)) - Finish verifying containers on volume /home/runner/work/ozone/ozone/mnt/ozone/hadoop-ozone/integration-test/target/test-dir/MiniOzoneClusterImpl-f74e07ef-a4e5-4994-bf82-498fd787e76a/datanode-2/data-0/containers/hdds
2021-07-06 17:09:30,093 [Listener at 127.0.0.1/10896] INFO  ozoneimpl.OzoneContainer (OzoneContainer.java:buildContainerSet(237)) - Build ContainerSet costs 0s
2021-07-06 17:09:30,095 [Listener at 127.0.0.1/10896] INFO  server.RaftServer (ConfUtils.java:logGet(44)) - raft.rpc.type = GRPC (default)
2021-07-06 17:09:30,095 [Listener at 127.0.0.1/10896] INFO  grpc.GrpcFactory (GrpcFactory.java:checkPooledByteBufAllocatorUseCacheForAllThreads(48)) - PERFORMANCE WARNING: useCacheForAllThreads is true that may cause Netty to create a lot garbage objects and, as a result, trigger GC.
	It is recommended to disable useCacheForAllThreads by setting -Dorg.apache.ratis.thirdparty.io.netty.allocator.useCacheForAllThreads=false in command line.
2021-07-06 17:09:30,095 [Listener at 127.0.0.1/10896] INFO  grpc.GrpcConfigKeys (ConfUtils.java:logGet(44)) - raft.grpc.admin.port = 0 (custom)
2021-07-06 17:09:30,095 [Listener at 127.0.0.1/10896] INFO  grpc.GrpcConfigKeys (ConfUtils.java:logGet(44)) - raft.grpc.client.port = 0 (custom)
2021-07-06 17:09:30,095 [Listener at 127.0.0.1/10896] INFO  grpc.GrpcConfigKeys (ConfUtils.java:logGet(44)) - raft.grpc.server.port = 0 (default)
2021-07-06 17:09:30,095 [Listener at 127.0.0.1/10896] INFO  server.GrpcService (ConfUtils.java:logGet(44)) - raft.grpc.message.size.max = 32MB (=33554432) (custom)
2021-07-06 17:09:30,096 [Listener at 127.0.0.1/10896] INFO  server.RaftServerConfigKeys (ConfUtils.java:logGet(44)) - raft.server.log.appender.buffer.byte-limit = 33554432 (custom)
2021-07-06 17:09:30,096 [Listener at 127.0.0.1/10896] INFO  server.GrpcService (ConfUtils.java:logGet(44)) - raft.grpc.flow.control.window = 5MB (=5242880) (custom)
2021-07-06 17:09:30,096 [Listener at 127.0.0.1/10896] INFO  server.RaftServerConfigKeys (ConfUtils.java:logGet(44)) - raft.server.rpc.request.timeout = 60s (custom)
2021-07-06 17:09:30,097 [Listener at 127.0.0.1/10896] INFO  impl.DataStreamServerImpl (ConfUtils.java:logGet(44)) - raft.datastream.type = DISABLED (default)
2021-07-06 17:09:30,097 [Listener at 127.0.0.1/10896] INFO  server.RaftServerConfigKeys (ConfUtils.java:logGet(44)) - raft.server.rpc.slowness.timeout = 300s (custom)
2021-07-06 17:09:30,097 [Listener at 127.0.0.1/10896] INFO  server.RaftServerConfigKeys (ConfUtils.java:logGet(44)) - raft.server.leaderelection.leader.step-down.wait-time = 10s (default)
2021-07-06 17:09:30,098 [Listener at 127.0.0.1/10896] INFO  server.RaftServerConfigKeys (ConfUtils.java:logGet(44)) - raft.server.storage.dir = [/home/runner/work/ozone/ozone/mnt/ozone/hadoop-ozone/integration-test/target/test-dir/MiniOzoneClusterImpl-f74e07ef-a4e5-4994-bf82-498fd787e76a/datanode-2/data/ratis] (custom)
2021-07-06 17:09:30,100 [Listener at 127.0.0.1/10896] INFO  http.BaseHttpServer (BaseHttpServer.java:newHttpServer2BuilderForOzone(209)) - Starting Web-server for hddsDatanode at: http://0.0.0.0:0
2021-07-06 17:09:30,100 [Listener at 127.0.0.1/10896] INFO  http.BaseHttpServer (BaseHttpServer.java:<init>(107)) - Hadoop Security Enabled: false Ozone Security Enabled: false Ozone HTTP Security Enabled: false 
2021-07-06 17:09:30,101 [Listener at 127.0.0.1/10896] INFO  server.AuthenticationFilter (AuthenticationFilter.java:constructSecretProvider(240)) - Unable to initialize FileSignerSecretProvider, falling back to use random secrets.
2021-07-06 17:09:30,101 [Listener at 127.0.0.1/10896] WARN  http.HttpRequestLog (HttpRequestLog.java:getRequestLog(103)) - Jetty request log can only be enabled using Log4j
2021-07-06 17:09:30,102 [Listener at 127.0.0.1/10896] INFO  http.HttpServer2 (HttpServer2.java:addGlobalFilter(1020)) - Added global filter 'safety' (class=org.apache.hadoop.hdds.server.http.HttpServer2$QuotingInputFilter)
2021-07-06 17:09:30,103 [Listener at 127.0.0.1/10896] INFO  http.HttpServer2 (HttpServer2.java:addFilter(996)) - Added filter static_user_filter (class=org.apache.hadoop.http.lib.StaticUserWebFilter$StaticUserFilter) to context hddsDatanode
2021-07-06 17:09:30,103 [Listener at 127.0.0.1/10896] INFO  http.HttpServer2 (HttpServer2.java:addFilter(1004)) - Added filter static_user_filter (class=org.apache.hadoop.http.lib.StaticUserWebFilter$StaticUserFilter) to context static
2021-07-06 17:09:30,103 [Listener at 127.0.0.1/10896] INFO  http.HttpServer2 (HttpServer2.java:addFilter(1004)) - Added filter static_user_filter (class=org.apache.hadoop.http.lib.StaticUserWebFilter$StaticUserFilter) to context logs
2021-07-06 17:09:30,103 [Listener at 127.0.0.1/10896] INFO  http.HttpServer2 (HttpServer2.java:bindListener(1238)) - Jetty bound to port 34275
2021-07-06 17:09:30,104 [Listener at 127.0.0.1/10896] INFO  server.Server (Server.java:doStart(375)) - jetty-9.4.35.v20201120; built: 2020-11-20T21:17:03.964Z; git: bdc54f03a5e0a7e280fab27f55c3c75ee8da89fb; jvm 1.8.0_292-b10
2021-07-06 17:09:30,105 [Listener at 127.0.0.1/10896] INFO  server.session (DefaultSessionIdManager.java:doStart(334)) - DefaultSessionIdManager workerName=node0
2021-07-06 17:09:30,105 [Listener at 127.0.0.1/10896] INFO  server.session (DefaultSessionIdManager.java:doStart(339)) - No SessionScavenger set, using defaults
2021-07-06 17:09:30,105 [Listener at 127.0.0.1/10896] INFO  server.session (HouseKeeper.java:startScavenging(132)) - node0 Scavenging every 600000ms
2021-07-06 17:09:30,106 [Listener at 127.0.0.1/10896] INFO  handler.ContextHandler (ContextHandler.java:doStart(916)) - Started o.e.j.s.ServletContextHandler@406fec86{logs,/logs,file:///home/runner/work/ozone/ozone/mnt/ozone/hadoop-ozone/integration-test/target/log,AVAILABLE}
2021-07-06 17:09:30,106 [Listener at 127.0.0.1/10896] INFO  handler.ContextHandler (ContextHandler.java:doStart(916)) - Started o.e.j.s.ServletContextHandler@bfa82bd{static,/static,jar:file:/home/runner/.m2/repository/org/apache/ozone/hdds-container-service/1.2.0-SNAPSHOT/hdds-container-service-1.2.0-SNAPSHOT.jar!/webapps/static,AVAILABLE}
2021-07-06 17:09:30,151 [Listener at 127.0.0.1/10896] INFO  handler.ContextHandler (ContextHandler.java:doStart(916)) - Started o.e.j.w.WebAppContext@374ba9a8{hddsDatanode,/,file:///tmp/jetty-0_0_0_0-34275-hdds-container-service-1_2_0-SNAPSHOT_jar-_-any-3640287192866327782/webapp/,AVAILABLE}{jar:file:/home/runner/.m2/repository/org/apache/ozone/hdds-container-service/1.2.0-SNAPSHOT/hdds-container-service-1.2.0-SNAPSHOT.jar!/webapps/hddsDatanode}
2021-07-06 17:09:30,153 [Listener at 127.0.0.1/10896] INFO  server.AbstractConnector (AbstractConnector.java:doStart(331)) - Started ServerConnector@3ef77de8{HTTP/1.1, (http/1.1)}{0.0.0.0:34275}
2021-07-06 17:09:30,153 [Listener at 127.0.0.1/10896] INFO  server.Server (Server.java:doStart(415)) - Started @77691ms
2021-07-06 17:09:30,153 [Listener at 127.0.0.1/10896] WARN  impl.MetricsSystemImpl (MetricsSystemImpl.java:register(279)) - Sink prometheus already exists!
2021-07-06 17:09:30,154 [Listener at 127.0.0.1/10896] INFO  http.BaseHttpServer (BaseHttpServer.java:updateConnectorAddress(329)) - HTTP server of hddsDatanode listening at http://0.0.0.0:34275
2021-07-06 17:09:30,158 [Listener at 127.0.0.1/10896] INFO  ozone.MiniOzoneClusterImpl (MiniOzoneClusterImpl.java:lambda$waitForClusterToBeReady$0(227)) - Waiting for nodes to be ready. Got 0 of 3 DN Heartbeats.
2021-07-06 17:09:30,158 [Listener at 127.0.0.1/10896] INFO  ozone.MiniOzoneClusterImpl (MiniOzoneClusterImpl.java:lambda$waitForClusterToBeReady$0(230)) - Waiting for cluster to exit safe mode
2021-07-06 17:09:30,159 [Listener at 127.0.0.1/10896] INFO  ozone.MiniOzoneClusterImpl (MiniOzoneClusterImpl.java:lambda$waitForClusterToBeReady$0(232)) - SCM became leader
2021-07-06 17:09:30,165 [org.apache.hadoop.util.JvmPauseMonitor$Monitor@7b358d02] INFO  util.JvmPauseMonitor (JvmPauseMonitor.java:run(188)) - Starting JVM pause monitor
2021-07-06 17:09:30,165 [Datanode State Machine Task Thread - 0] INFO  ha.SCMNodeInfo (SCMNodeInfo.java:getPort(197)) - ConfigKey ozone.scm.client.address is deprecated, For configuring different ports for each SCM use PortConfigKey ozone.scm.client.port appended with serviceId and nodeId
2021-07-06 17:09:30,165 [Datanode State Machine Task Thread - 0] INFO  ha.SCMNodeInfo (SCMNodeInfo.java:getPort(197)) - ConfigKey ozone.scm.block.client.address is deprecated, For configuring different ports for each SCM use PortConfigKey ozone.scm.block.client.port appended with serviceId and nodeId
2021-07-06 17:09:30,165 [Datanode State Machine Task Thread - 0] INFO  ha.SCMNodeInfo (SCMNodeInfo.java:getPort(197)) - ConfigKey ozone.scm.datanode.address is deprecated, For configuring different ports for each SCM use PortConfigKey ozone.scm.datanode.port appended with serviceId and nodeId
2021-07-06 17:09:30,165 [Datanode State Machine Task Thread - 0] INFO  ha.SCMNodeInfo (SCMNodeInfo.java:getPort(197)) - ConfigKey ozone.scm.client.address is deprecated, For configuring different ports for each SCM use PortConfigKey ozone.scm.client.port appended with serviceId and nodeId
2021-07-06 17:09:30,165 [Datanode State Machine Task Thread - 0] INFO  ha.SCMNodeInfo (SCMNodeInfo.java:getPort(197)) - ConfigKey ozone.scm.block.client.address is deprecated, For configuring different ports for each SCM use PortConfigKey ozone.scm.block.client.port appended with serviceId and nodeId
2021-07-06 17:09:30,165 [Datanode State Machine Task Thread - 0] INFO  ha.SCMNodeInfo (SCMNodeInfo.java:getPort(197)) - ConfigKey ozone.scm.datanode.address is deprecated, For configuring different ports for each SCM use PortConfigKey ozone.scm.datanode.port appended with serviceId and nodeId
2021-07-06 17:09:30,165 [Datanode State Machine Task Thread - 0] INFO  ha.SCMNodeInfo (SCMNodeInfo.java:getPort(197)) - ConfigKey ozone.scm.client.address is deprecated, For configuring different ports for each SCM use PortConfigKey ozone.scm.client.port appended with serviceId and nodeId
2021-07-06 17:09:30,165 [Datanode State Machine Task Thread - 0] INFO  ha.SCMNodeInfo (SCMNodeInfo.java:getPort(197)) - ConfigKey ozone.scm.block.client.address is deprecated, For configuring different ports for each SCM use PortConfigKey ozone.scm.block.client.port appended with serviceId and nodeId
2021-07-06 17:09:30,165 [Datanode State Machine Task Thread - 0] INFO  ha.SCMNodeInfo (SCMNodeInfo.java:getPort(197)) - ConfigKey ozone.scm.datanode.address is deprecated, For configuring different ports for each SCM use PortConfigKey ozone.scm.datanode.port appended with serviceId and nodeId
2021-07-06 17:09:30,167 [Datanode State Machine Task Thread - 0] INFO  datanode.InitDatanodeState (InitDatanodeState.java:persistContainerDatanodeDetails(145)) - DatanodeDetails is persisted to /home/runner/work/ozone/ozone/mnt/ozone/hadoop-ozone/integration-test/target/test-dir/MiniOzoneClusterImpl-f74e07ef-a4e5-4994-bf82-498fd787e76a/datanode-2/meta/datanode.id
2021-07-06 17:09:30,486 [EndpointStateMachine task thread for /127.0.0.1:15667 - 0 ] INFO  ipc.Client (Client.java:handleConnectionFailure(966)) - Retrying connect to server: localhost/127.0.0.1:15667. Already tried 9 time(s); retry policy is RetryUpToMaximumCountWithFixedSleep(maxRetries=15, sleepTime=1000 MILLISECONDS)
2021-07-06 17:09:30,487 [EndpointStateMachine task thread for /127.0.0.1:15657 - 0 ] INFO  ipc.Client (Client.java:handleConnectionFailure(966)) - Retrying connect to server: localhost/127.0.0.1:15657. Already tried 9 time(s); retry policy is RetryUpToMaximumCountWithFixedSleep(maxRetries=15, sleepTime=1000 MILLISECONDS)
2021-07-06 17:09:30,487 [EndpointStateMachine task thread for /127.0.0.1:15677 - 0 ] INFO  ipc.Client (Client.java:handleConnectionFailure(966)) - Retrying connect to server: localhost/127.0.0.1:15677. Already tried 9 time(s); retry policy is RetryUpToMaximumCountWithFixedSleep(maxRetries=15, sleepTime=1000 MILLISECONDS)
2021-07-06 17:09:30,657 [omNode-1@group-523986131536-FollowerState] INFO  impl.FollowerState (FollowerState.java:run(134)) - omNode-1@group-523986131536-FollowerState: change to CANDIDATE, lastRpcElapsedTime:1019496260ns, electionTimeout:1019ms
2021-07-06 17:09:30,657 [omNode-1@group-523986131536-FollowerState] INFO  impl.RoleInfo (RoleInfo.java:shutdownFollowerState(108)) - omNode-1: shutdown omNode-1@group-523986131536-FollowerState
2021-07-06 17:09:30,657 [omNode-1@group-523986131536-FollowerState] INFO  server.RaftServer$Division (RaftServerImpl.java:setRole(284)) - omNode-1@group-523986131536: changes role from  FOLLOWER to CANDIDATE at term 0 for changeToCandidate
2021-07-06 17:09:30,657 [omNode-1@group-523986131536-FollowerState] INFO  server.RaftServerConfigKeys (ConfUtils.java:logGet(44)) - raft.server.leaderelection.pre-vote = false (custom)
2021-07-06 17:09:30,657 [omNode-1@group-523986131536-FollowerState] INFO  impl.RoleInfo (RoleInfo.java:updateAndGet(130)) - omNode-1: start omNode-1@group-523986131536-LeaderElection17
2021-07-06 17:09:30,665 [omNode-1@group-523986131536-LeaderElection17] INFO  impl.LeaderElection (LeaderElection.java:askForVotes(306)) - omNode-1@group-523986131536-LeaderElection17 ELECTION round 0: submit vote requests at term 1 for -1: [omNode-1|rpc:localhost:10900|priority:0], old=null
2021-07-06 17:09:30,665 [omNode-1@group-523986131536-LeaderElection17] INFO  impl.LeaderElection (LeaderElection.java:askForVotes(308)) - omNode-1@group-523986131536-LeaderElection17 ELECTION round 0: result PASSED (term=1)
2021-07-06 17:09:30,665 [omNode-1@group-523986131536-LeaderElection17] INFO  impl.RoleInfo (RoleInfo.java:shutdownLeaderElection(121)) - omNode-1: shutdown omNode-1@group-523986131536-LeaderElection17
2021-07-06 17:09:30,665 [omNode-1@group-523986131536-LeaderElection17] INFO  server.RaftServer$Division (RaftServerImpl.java:setRole(284)) - omNode-1@group-523986131536: changes role from CANDIDATE to LEADER at term 1 for changeToLeader
2021-07-06 17:09:30,665 [omNode-1@group-523986131536-LeaderElection17] INFO  server.RaftServer$Division (ServerState.java:setLeader(271)) - omNode-1@group-523986131536: change Leader from null to omNode-1 at term 1 for becomeLeader, leader elected after 1039ms
2021-07-06 17:09:30,665 [omNode-1@group-523986131536-LeaderElection17] INFO  server.RaftServerConfigKeys (ConfUtils.java:logGet(44)) - raft.server.staging.catchup.gap = 1000 (default)
2021-07-06 17:09:30,665 [omNode-1@group-523986131536-LeaderElection17] INFO  metrics.RatisMetrics (RatisMetrics.java:lambda$create$0(36)) - Creating Metrics Registry : ratis.log_appender.omNode-1@group-523986131536
2021-07-06 17:09:30,665 [omNode-1@group-523986131536-LeaderElection17] INFO  server.RaftServerConfigKeys (ConfUtils.java:logGet(44)) - raft.server.write.element-limit = 4096 (default)
2021-07-06 17:09:30,665 [omNode-1@group-523986131536-LeaderElection17] INFO  server.RaftServerConfigKeys (ConfUtils.java:logGet(44)) - raft.server.write.byte-limit = 64MB (=67108864) (default)
2021-07-06 17:09:30,665 [omNode-1@group-523986131536-LeaderElection17] INFO  server.RaftServerConfigKeys (ConfUtils.java:logGet(44)) - raft.server.watch.timeout = 10s (default)
2021-07-06 17:09:30,666 [omNode-1@group-523986131536-LeaderElection17] INFO  server.RaftServerConfigKeys (ConfUtils.java:logGet(44)) - raft.server.watch.timeout.denomination = 1s (default)
2021-07-06 17:09:30,666 [omNode-1@group-523986131536-LeaderElection17] INFO  server.RaftServerConfigKeys (ConfUtils.java:logGet(44)) - raft.server.watch.element-limit = 65536 (default)
2021-07-06 17:09:30,666 [omNode-1@group-523986131536-LeaderElection17] INFO  impl.RoleInfo (RoleInfo.java:updateAndGet(130)) - omNode-1: start omNode-1@group-523986131536-LeaderStateImpl
2021-07-06 17:09:30,666 [omNode-1@group-523986131536-LeaderElection17] INFO  segmented.SegmentedRaftLogWorker (SegmentedRaftLogWorker.java:startLogSegment(394)) - omNode-1@group-523986131536-SegmentedRaftLogWorker: Starting segment from index:0
2021-07-06 17:09:30,667 [omNode-1@group-523986131536-LeaderElection17] INFO  server.RaftServer$Division (ServerState.java:setRaftConf(373)) - omNode-1@group-523986131536: set configuration 0: [omNode-1|rpc:localhost:10900|admin:|client:|dataStream:|priority:0], old=null
2021-07-06 17:09:30,673 [omNode-1@group-523986131536-SegmentedRaftLogWorker] INFO  segmented.SegmentedRaftLogWorker (SegmentedRaftLogWorker.java:execute(601)) - omNode-1@group-523986131536-SegmentedRaftLogWorker: created new log segment /home/runner/work/ozone/ozone/mnt/ozone/hadoop-ozone/integration-test/target/test-dir/MiniOzoneClusterImpl-f74e07ef-a4e5-4994-bf82-498fd787e76a/omNode-1/ratis/c9bc4cf4-3bc3-3c60-a66b-523986131536/current/log_inprogress_0
2021-07-06 17:09:31,159 [Listener at 127.0.0.1/10896] INFO  ozone.MiniOzoneClusterImpl (MiniOzoneClusterImpl.java:lambda$waitForClusterToBeReady$0(227)) - Waiting for nodes to be ready. Got 0 of 3 DN Heartbeats.
2021-07-06 17:09:31,159 [Listener at 127.0.0.1/10896] INFO  ozone.MiniOzoneClusterImpl (MiniOzoneClusterImpl.java:lambda$waitForClusterToBeReady$0(230)) - Waiting for cluster to exit safe mode
2021-07-06 17:09:31,159 [Listener at 127.0.0.1/10896] INFO  ozone.MiniOzoneClusterImpl (MiniOzoneClusterImpl.java:lambda$waitForClusterToBeReady$0(232)) - SCM became leader
2021-07-06 17:09:31,487 [EndpointStateMachine task thread for /127.0.0.1:15667 - 0 ] INFO  ipc.Client (Client.java:handleConnectionFailure(966)) - Retrying connect to server: localhost/127.0.0.1:15667. Already tried 10 time(s); retry policy is RetryUpToMaximumCountWithFixedSleep(maxRetries=15, sleepTime=1000 MILLISECONDS)
2021-07-06 17:09:31,488 [EndpointStateMachine task thread for /127.0.0.1:15677 - 0 ] INFO  ipc.Client (Client.java:handleConnectionFailure(966)) - Retrying connect to server: localhost/127.0.0.1:15677. Already tried 10 time(s); retry policy is RetryUpToMaximumCountWithFixedSleep(maxRetries=15, sleepTime=1000 MILLISECONDS)
2021-07-06 17:09:31,487 [EndpointStateMachine task thread for /127.0.0.1:15657 - 0 ] INFO  ipc.Client (Client.java:handleConnectionFailure(966)) - Retrying connect to server: localhost/127.0.0.1:15657. Already tried 10 time(s); retry policy is RetryUpToMaximumCountWithFixedSleep(maxRetries=15, sleepTime=1000 MILLISECONDS)
2021-07-06 17:09:31,825 [EndpointStateMachine task thread for /127.0.0.1:15273 - 0 ] INFO  ozoneimpl.OzoneContainer (OzoneContainer.java:start(305)) - Attempting to start container services.
2021-07-06 17:09:31,825 [EndpointStateMachine task thread for /127.0.0.1:15273 - 0 ] INFO  ozoneimpl.OzoneContainer (OzoneContainer.java:startContainerScrub(250)) - Background container scanner has been disabled.
2021-07-06 17:09:31,826 [EndpointStateMachine task thread for /127.0.0.1:15273 - 0 ] INFO  replication.ReplicationServer (ReplicationServer.java:start(106)) - ReplicationServer is started using port 41321
2021-07-06 17:09:31,827 [EndpointStateMachine task thread for /127.0.0.1:15273 - 0 ] INFO  ratis.XceiverServerRatis (XceiverServerRatis.java:start(478)) - Starting XceiverServerRatis 64ea58c5-a4b1-4696-b7a2-92ce3d3c799d
2021-07-06 17:09:31,830 [EndpointStateMachine task thread for /127.0.0.1:15273 - 0 ] INFO  server.RaftServer (RaftServerProxy.java:lambda$start$5(374)) - 64ea58c5-a4b1-4696-b7a2-92ce3d3c799d: start RPC server
2021-07-06 17:09:31,833 [EndpointStateMachine task thread for /127.0.0.1:15273 - 0 ] INFO  server.GrpcService (GrpcService.java:startImpl(253)) - 64ea58c5-a4b1-4696-b7a2-92ce3d3c799d: GrpcService started, listening on 34653
2021-07-06 17:09:31,833 [EndpointStateMachine task thread for /127.0.0.1:15273 - 0 ] INFO  ratis.XceiverServerRatis (XceiverServerRatis.java:getRealPort(499)) - XceiverServerRatis 64ea58c5-a4b1-4696-b7a2-92ce3d3c799d is started using port 34653 for RATIS
2021-07-06 17:09:31,833 [EndpointStateMachine task thread for /127.0.0.1:15273 - 0 ] INFO  ratis.XceiverServerRatis (XceiverServerRatis.java:getRealPort(499)) - XceiverServerRatis 64ea58c5-a4b1-4696-b7a2-92ce3d3c799d is started using port 34653 for RATIS_ADMIN
2021-07-06 17:09:31,833 [EndpointStateMachine task thread for /127.0.0.1:15273 - 0 ] INFO  ratis.XceiverServerRatis (XceiverServerRatis.java:getRealPort(499)) - XceiverServerRatis 64ea58c5-a4b1-4696-b7a2-92ce3d3c799d is started using port 34653 for RATIS_SERVER
2021-07-06 17:09:31,833 [org.apache.ratis.util.JvmPauseMonitor$$Lambda$493/488669101@68be2fe7] INFO  util.JvmPauseMonitor (JvmPauseMonitor.java:run(103)) - JvmPauseMonitor-64ea58c5-a4b1-4696-b7a2-92ce3d3c799d: Started
2021-07-06 17:09:31,833 [EndpointStateMachine task thread for /127.0.0.1:15273 - 0 ] INFO  server.XceiverServerGrpc (XceiverServerGrpc.java:start(135)) - XceiverServerGrpc 64ea58c5-a4b1-4696-b7a2-92ce3d3c799d is started using port 37745
2021-07-06 17:09:31,834 [EndpointStateMachine task thread for /127.0.0.1:15283 - 0 ] INFO  ozoneimpl.OzoneContainer (OzoneContainer.java:start(301)) - Ignore. OzoneContainer already started.
2021-07-06 17:09:32,058 [EndpointStateMachine task thread for /127.0.0.1:15273 - 0 ] INFO  ozoneimpl.OzoneContainer (OzoneContainer.java:start(305)) - Attempting to start container services.
2021-07-06 17:09:32,062 [EndpointStateMachine task thread for /127.0.0.1:15273 - 0 ] INFO  ozoneimpl.OzoneContainer (OzoneContainer.java:startContainerScrub(250)) - Background container scanner has been disabled.
2021-07-06 17:09:32,065 [EndpointStateMachine task thread for /127.0.0.1:15273 - 0 ] INFO  replication.ReplicationServer (ReplicationServer.java:start(106)) - ReplicationServer is started using port 35499
2021-07-06 17:09:32,066 [EndpointStateMachine task thread for /127.0.0.1:15273 - 0 ] INFO  ratis.XceiverServerRatis (XceiverServerRatis.java:start(478)) - Starting XceiverServerRatis 73a0175b-b29c-42d7-9744-7e0c9f30680d
2021-07-06 17:09:32,070 [EndpointStateMachine task thread for /127.0.0.1:15273 - 0 ] INFO  server.RaftServer (RaftServerProxy.java:lambda$start$5(374)) - 73a0175b-b29c-42d7-9744-7e0c9f30680d: start RPC server
2021-07-06 17:09:32,071 [EndpointStateMachine task thread for /127.0.0.1:15273 - 0 ] INFO  server.GrpcService (GrpcService.java:startImpl(253)) - 73a0175b-b29c-42d7-9744-7e0c9f30680d: GrpcService started, listening on 45439
2021-07-06 17:09:32,071 [EndpointStateMachine task thread for /127.0.0.1:15273 - 0 ] INFO  ratis.XceiverServerRatis (XceiverServerRatis.java:getRealPort(499)) - XceiverServerRatis 73a0175b-b29c-42d7-9744-7e0c9f30680d is started using port 45439 for RATIS
2021-07-06 17:09:32,071 [EndpointStateMachine task thread for /127.0.0.1:15273 - 0 ] INFO  ratis.XceiverServerRatis (XceiverServerRatis.java:getRealPort(499)) - XceiverServerRatis 73a0175b-b29c-42d7-9744-7e0c9f30680d is started using port 45439 for RATIS_ADMIN
2021-07-06 17:09:32,071 [EndpointStateMachine task thread for /127.0.0.1:15273 - 0 ] INFO  ratis.XceiverServerRatis (XceiverServerRatis.java:getRealPort(499)) - XceiverServerRatis 73a0175b-b29c-42d7-9744-7e0c9f30680d is started using port 45439 for RATIS_SERVER
2021-07-06 17:09:32,071 [org.apache.ratis.util.JvmPauseMonitor$$Lambda$493/488669101@9803f7d] INFO  util.JvmPauseMonitor (JvmPauseMonitor.java:run(103)) - JvmPauseMonitor-73a0175b-b29c-42d7-9744-7e0c9f30680d: Started
2021-07-06 17:09:32,073 [EndpointStateMachine task thread for /127.0.0.1:15273 - 0 ] INFO  server.XceiverServerGrpc (XceiverServerGrpc.java:start(135)) - XceiverServerGrpc 73a0175b-b29c-42d7-9744-7e0c9f30680d is started using port 37003
2021-07-06 17:09:32,075 [EndpointStateMachine task thread for /127.0.0.1:15283 - 0 ] INFO  ozoneimpl.OzoneContainer (OzoneContainer.java:start(301)) - Ignore. OzoneContainer already started.
2021-07-06 17:09:32,160 [Listener at 127.0.0.1/10896] INFO  ozone.MiniOzoneClusterImpl (MiniOzoneClusterImpl.java:lambda$waitForClusterToBeReady$0(227)) - Waiting for nodes to be ready. Got 0 of 3 DN Heartbeats.
2021-07-06 17:09:32,160 [Listener at 127.0.0.1/10896] INFO  ozone.MiniOzoneClusterImpl (MiniOzoneClusterImpl.java:lambda$waitForClusterToBeReady$0(230)) - Waiting for cluster to exit safe mode
2021-07-06 17:09:32,160 [Listener at 127.0.0.1/10896] INFO  ozone.MiniOzoneClusterImpl (MiniOzoneClusterImpl.java:lambda$waitForClusterToBeReady$0(232)) - SCM became leader
2021-07-06 17:09:32,169 [EndpointStateMachine task thread for /127.0.0.1:15283 - 0 ] INFO  ozoneimpl.OzoneContainer (OzoneContainer.java:start(305)) - Attempting to start container services.
2021-07-06 17:09:32,169 [EndpointStateMachine task thread for /127.0.0.1:15283 - 0 ] INFO  ozoneimpl.OzoneContainer (OzoneContainer.java:startContainerScrub(250)) - Background container scanner has been disabled.
2021-07-06 17:09:32,170 [EndpointStateMachine task thread for /127.0.0.1:15283 - 0 ] INFO  replication.ReplicationServer (ReplicationServer.java:start(106)) - ReplicationServer is started using port 44147
2021-07-06 17:09:32,171 [EndpointStateMachine task thread for /127.0.0.1:15283 - 0 ] INFO  ratis.XceiverServerRatis (XceiverServerRatis.java:start(478)) - Starting XceiverServerRatis ff163131-26ab-494b-a4b8-6a11ee7eba7d
2021-07-06 17:09:32,172 [EndpointStateMachine task thread for /127.0.0.1:15283 - 0 ] INFO  server.RaftServer (RaftServerProxy.java:lambda$start$5(374)) - ff163131-26ab-494b-a4b8-6a11ee7eba7d: start RPC server
2021-07-06 17:09:32,172 [EndpointStateMachine task thread for /127.0.0.1:15283 - 0 ] INFO  server.GrpcService (GrpcService.java:startImpl(253)) - ff163131-26ab-494b-a4b8-6a11ee7eba7d: GrpcService started, listening on 43147
2021-07-06 17:09:32,172 [EndpointStateMachine task thread for /127.0.0.1:15283 - 0 ] INFO  ratis.XceiverServerRatis (XceiverServerRatis.java:getRealPort(499)) - XceiverServerRatis ff163131-26ab-494b-a4b8-6a11ee7eba7d is started using port 43147 for RATIS
2021-07-06 17:09:32,172 [EndpointStateMachine task thread for /127.0.0.1:15283 - 0 ] INFO  ratis.XceiverServerRatis (XceiverServerRatis.java:getRealPort(499)) - XceiverServerRatis ff163131-26ab-494b-a4b8-6a11ee7eba7d is started using port 43147 for RATIS_ADMIN
2021-07-06 17:09:32,172 [EndpointStateMachine task thread for /127.0.0.1:15283 - 0 ] INFO  ratis.XceiverServerRatis (XceiverServerRatis.java:getRealPort(499)) - XceiverServerRatis ff163131-26ab-494b-a4b8-6a11ee7eba7d is started using port 43147 for RATIS_SERVER
2021-07-06 17:09:32,172 [org.apache.ratis.util.JvmPauseMonitor$$Lambda$493/488669101@488217f1] INFO  util.JvmPauseMonitor (JvmPauseMonitor.java:run(103)) - JvmPauseMonitor-ff163131-26ab-494b-a4b8-6a11ee7eba7d: Started
2021-07-06 17:09:32,173 [EndpointStateMachine task thread for /127.0.0.1:15283 - 0 ] INFO  server.XceiverServerGrpc (XceiverServerGrpc.java:start(135)) - XceiverServerGrpc ff163131-26ab-494b-a4b8-6a11ee7eba7d is started using port 38503
2021-07-06 17:09:32,174 [EndpointStateMachine task thread for /127.0.0.1:15273 - 0 ] INFO  ozoneimpl.OzoneContainer (OzoneContainer.java:start(301)) - Ignore. OzoneContainer already started.
2021-07-06 17:09:32,488 [EndpointStateMachine task thread for /127.0.0.1:15667 - 0 ] INFO  ipc.Client (Client.java:handleConnectionFailure(966)) - Retrying connect to server: localhost/127.0.0.1:15667. Already tried 11 time(s); retry policy is RetryUpToMaximumCountWithFixedSleep(maxRetries=15, sleepTime=1000 MILLISECONDS)
2021-07-06 17:09:32,488 [EndpointStateMachine task thread for /127.0.0.1:15677 - 0 ] INFO  ipc.Client (Client.java:handleConnectionFailure(966)) - Retrying connect to server: localhost/127.0.0.1:15677. Already tried 11 time(s); retry policy is RetryUpToMaximumCountWithFixedSleep(maxRetries=15, sleepTime=1000 MILLISECONDS)
2021-07-06 17:09:32,488 [EndpointStateMachine task thread for /127.0.0.1:15657 - 0 ] INFO  ipc.Client (Client.java:handleConnectionFailure(966)) - Retrying connect to server: localhost/127.0.0.1:15657. Already tried 11 time(s); retry policy is RetryUpToMaximumCountWithFixedSleep(maxRetries=15, sleepTime=1000 MILLISECONDS)
2021-07-06 17:09:33,161 [Listener at 127.0.0.1/10896] INFO  ozone.MiniOzoneClusterImpl (MiniOzoneClusterImpl.java:lambda$waitForClusterToBeReady$0(227)) - Waiting for nodes to be ready. Got 0 of 3 DN Heartbeats.
2021-07-06 17:09:33,161 [Listener at 127.0.0.1/10896] INFO  ozone.MiniOzoneClusterImpl (MiniOzoneClusterImpl.java:lambda$waitForClusterToBeReady$0(230)) - Waiting for cluster to exit safe mode
2021-07-06 17:09:33,161 [Listener at 127.0.0.1/10896] INFO  ozone.MiniOzoneClusterImpl (MiniOzoneClusterImpl.java:lambda$waitForClusterToBeReady$0(232)) - SCM became leader
2021-07-06 17:09:33,489 [EndpointStateMachine task thread for /127.0.0.1:15657 - 0 ] INFO  ipc.Client (Client.java:handleConnectionFailure(966)) - Retrying connect to server: localhost/127.0.0.1:15657. Already tried 12 time(s); retry policy is RetryUpToMaximumCountWithFixedSleep(maxRetries=15, sleepTime=1000 MILLISECONDS)
2021-07-06 17:09:33,491 [EndpointStateMachine task thread for /127.0.0.1:15677 - 0 ] INFO  ipc.Client (Client.java:handleConnectionFailure(966)) - Retrying connect to server: localhost/127.0.0.1:15677. Already tried 12 time(s); retry policy is RetryUpToMaximumCountWithFixedSleep(maxRetries=15, sleepTime=1000 MILLISECONDS)
2021-07-06 17:09:33,495 [EndpointStateMachine task thread for /127.0.0.1:15667 - 0 ] INFO  ipc.Client (Client.java:handleConnectionFailure(966)) - Retrying connect to server: localhost/127.0.0.1:15667. Already tried 12 time(s); retry policy is RetryUpToMaximumCountWithFixedSleep(maxRetries=15, sleepTime=1000 MILLISECONDS)
2021-07-06 17:09:33,824 [IPC Server handler 5 on default port 15273] INFO  net.NetworkTopologyImpl (NetworkTopologyImpl.java:add(112)) - Added a new node: /default-rack/64ea58c5-a4b1-4696-b7a2-92ce3d3c799d
2021-07-06 17:09:33,824 [IPC Server handler 1 on default port 15283] INFO  net.NetworkTopologyImpl (NetworkTopologyImpl.java:add(112)) - Added a new node: /default-rack/64ea58c5-a4b1-4696-b7a2-92ce3d3c799d
2021-07-06 17:09:33,827 [IPC Server handler 5 on default port 15273] INFO  node.SCMNodeManager (SCMNodeManager.java:register(348)) - Registered Data node : 64ea58c5-a4b1-4696-b7a2-92ce3d3c799d{ip: 127.0.0.1, host: localhost, ports: [REPLICATION=41321, RATIS=34653, RATIS_ADMIN=34653, RATIS_SERVER=34653, STANDALONE=37745], networkLocation: /default-rack, certSerialId: null, persistedOpState: null, persistedOpStateExpiryEpochSec: 0}
2021-07-06 17:09:33,827 [EventQueue-NewNodeForNewNodeHandler] INFO  pipeline.BackgroundPipelineCreator (BackgroundPipelineCreatorV2.java:notifyEventTriggered(285)) - trigger a one-shot run on RatisPipelineUtilsThread.
2021-07-06 17:09:33,828 [EventQueue-NodeRegistrationContainerReportForDataNodeSafeModeRule] INFO  safemode.SCMSafeModeManager (DataNodeSafeModeRule.java:process(71)) - SCM in safe mode. 1 DataNodes registered, 3 required.
2021-07-06 17:09:33,829 [IPC Server handler 1 on default port 15283] INFO  node.SCMNodeManager (SCMNodeManager.java:register(348)) - Registered Data node : 64ea58c5-a4b1-4696-b7a2-92ce3d3c799d{ip: 127.0.0.1, host: localhost, ports: [REPLICATION=41321, RATIS=34653, RATIS_ADMIN=34653, RATIS_SERVER=34653, STANDALONE=37745], networkLocation: /default-rack, certSerialId: null, persistedOpState: null, persistedOpStateExpiryEpochSec: 0}
2021-07-06 17:09:33,828 [RatisPipelineUtilsThread - 0] INFO  pipeline.RatisPipelineProvider (RatisPipelineProvider.java:lambda$create$0(170)) - Sending CreatePipelineCommand for pipeline:PipelineID=eb81dc61-e19a-46a1-b031-9c0eba8e0c84 to datanode:64ea58c5-a4b1-4696-b7a2-92ce3d3c799d
2021-07-06 17:09:33,833 [EventQueue-NodeRegistrationContainerReportForContainerSafeModeRule] INFO  safemode.SCMSafeModeManager (SCMSafeModeManager.java:validateSafeModeExitRules(204)) - ContainerSafeModeRule rule is successfully validated
2021-07-06 17:09:33,834 [EventQueue-NewNodeForNewNodeHandler] INFO  pipeline.BackgroundPipelineCreator (BackgroundPipelineCreatorV2.java:notifyEventTriggered(279)) - ignore, not leader SCM.
2021-07-06 17:09:33,835 [EventQueue-NodeRegistrationContainerReportForDataNodeSafeModeRule] INFO  safemode.SCMSafeModeManager (DataNodeSafeModeRule.java:process(71)) - SCM in safe mode. 1 DataNodes registered, 3 required.
2021-07-06 17:09:33,837 [EventQueue-PipelineReportForOneReplicaPipelineSafeModeRule] INFO  safemode.SCMSafeModeManager (SCMSafeModeManager.java:validateSafeModeExitRules(204)) - AtleastOneDatanodeReportedRule rule is successfully validated
2021-07-06 17:09:33,837 [EventQueue-NodeRegistrationContainerReportForContainerSafeModeRule] INFO  safemode.SCMSafeModeManager (SCMSafeModeManager.java:validateSafeModeExitRules(204)) - ContainerSafeModeRule rule is successfully validated
2021-07-06 17:09:33,839 [EventQueue-PipelineReportForOneReplicaPipelineSafeModeRule] INFO  safemode.SCMSafeModeManager (SCMSafeModeManager.java:validateSafeModeExitRules(204)) - AtleastOneDatanodeReportedRule rule is successfully validated
2021-07-06 17:09:33,840 [48f00b5a-c605-41fe-901b-b25c0b7536a6@group-498FD787E76A-StateMachineUpdater] INFO  pipeline.PipelineStateManager (PipelineStateManagerV2Impl.java:addPipeline(101)) - Created pipeline Pipeline[ Id: eb81dc61-e19a-46a1-b031-9c0eba8e0c84, Nodes: 64ea58c5-a4b1-4696-b7a2-92ce3d3c799d{ip: 127.0.0.1, host: localhost, ports: [REPLICATION=41321, RATIS=34653, RATIS_ADMIN=34653, RATIS_SERVER=34653, STANDALONE=37745], networkLocation: /default-rack, certSerialId: null, persistedOpState: IN_SERVICE, persistedOpStateExpiryEpochSec: 0}, ReplicationConfig: RATIS/ONE, State:ALLOCATED, leaderId:, CreationTimestamp2021-07-06T17:09:33.828Z].
2021-07-06 17:09:33,841 [48f00b5a-c605-41fe-901b-b25c0b7536a6@group-498FD787E76A-StateMachineUpdater] INFO  safemode.HealthyPipelineSafeModeRule (HealthyPipelineSafeModeRule.java:initializeRule(152)) - Refreshed total pipeline count is 0, healthy pipeline threshold count is 1
2021-07-06 17:09:33,841 [RatisPipelineUtilsThread - 0] INFO  ha.SCMHAInvocationHandler (SCMHAInvocationHandler.java:invokeRatis(113)) - Invoking method public abstract void org.apache.hadoop.hdds.scm.pipeline.StateManager.addPipeline(org.apache.hadoop.hdds.protocol.proto.HddsProtos$Pipeline) throws java.io.IOException on target org.apache.hadoop.hdds.scm.ha.SCMRatisServerImpl@66a9e01e, cost 7240.004us
2021-07-06 17:09:33,846 [9c66a5a1-6505-4feb-946f-7a4da78b4c7a@group-498FD787E76A-StateMachineUpdater] INFO  pipeline.PipelineStateManager (PipelineStateManagerV2Impl.java:addPipeline(101)) - Created pipeline Pipeline[ Id: eb81dc61-e19a-46a1-b031-9c0eba8e0c84, Nodes: 64ea58c5-a4b1-4696-b7a2-92ce3d3c799d{ip: 127.0.0.1, host: localhost, ports: [REPLICATION=41321, RATIS=34653, RATIS_ADMIN=34653, RATIS_SERVER=34653, STANDALONE=37745], networkLocation: /default-rack, certSerialId: null, persistedOpState: IN_SERVICE, persistedOpStateExpiryEpochSec: 0}, ReplicationConfig: RATIS/ONE, State:ALLOCATED, leaderId:, CreationTimestamp2021-07-06T17:09:33.828Z].
2021-07-06 17:09:33,846 [9c66a5a1-6505-4feb-946f-7a4da78b4c7a@group-498FD787E76A-StateMachineUpdater] INFO  safemode.HealthyPipelineSafeModeRule (HealthyPipelineSafeModeRule.java:initializeRule(152)) - Refreshed total pipeline count is 0, healthy pipeline threshold count is 1
2021-07-06 17:09:34,057 [IPC Server handler 2 on default port 15273] INFO  net.NetworkTopologyImpl (NetworkTopologyImpl.java:add(112)) - Added a new node: /default-rack/73a0175b-b29c-42d7-9744-7e0c9f30680d
2021-07-06 17:09:34,057 [IPC Server handler 2 on default port 15273] INFO  node.SCMNodeManager (SCMNodeManager.java:register(348)) - Registered Data node : 73a0175b-b29c-42d7-9744-7e0c9f30680d{ip: 127.0.0.1, host: localhost, ports: [REPLICATION=35499, RATIS=45439, RATIS_ADMIN=45439, RATIS_SERVER=45439, STANDALONE=37003], networkLocation: /default-rack, certSerialId: null, persistedOpState: null, persistedOpStateExpiryEpochSec: 0}
2021-07-06 17:09:34,058 [EventQueue-NewNodeForNewNodeHandler] INFO  pipeline.BackgroundPipelineCreator (BackgroundPipelineCreatorV2.java:notifyEventTriggered(285)) - trigger a one-shot run on RatisPipelineUtilsThread.
2021-07-06 17:09:34,057 [IPC Server handler 2 on default port 15283] INFO  net.NetworkTopologyImpl (NetworkTopologyImpl.java:add(112)) - Added a new node: /default-rack/73a0175b-b29c-42d7-9744-7e0c9f30680d
2021-07-06 17:09:34,058 [IPC Server handler 2 on default port 15283] INFO  node.SCMNodeManager (SCMNodeManager.java:register(348)) - Registered Data node : 73a0175b-b29c-42d7-9744-7e0c9f30680d{ip: 127.0.0.1, host: localhost, ports: [REPLICATION=35499, RATIS=45439, RATIS_ADMIN=45439, RATIS_SERVER=45439, STANDALONE=37003], networkLocation: /default-rack, certSerialId: null, persistedOpState: null, persistedOpStateExpiryEpochSec: 0}
2021-07-06 17:09:34,058 [EventQueue-NewNodeForNewNodeHandler] INFO  pipeline.BackgroundPipelineCreator (BackgroundPipelineCreatorV2.java:notifyEventTriggered(279)) - ignore, not leader SCM.
2021-07-06 17:09:34,059 [EventQueue-NodeRegistrationContainerReportForDataNodeSafeModeRule] INFO  safemode.SCMSafeModeManager (DataNodeSafeModeRule.java:process(71)) - SCM in safe mode. 2 DataNodes registered, 3 required.
2021-07-06 17:09:34,059 [EventQueue-NodeRegistrationContainerReportForDataNodeSafeModeRule] INFO  safemode.SCMSafeModeManager (DataNodeSafeModeRule.java:process(71)) - SCM in safe mode. 2 DataNodes registered, 3 required.
2021-07-06 17:09:34,060 [RatisPipelineUtilsThread - 0] INFO  pipeline.RatisPipelineProvider (RatisPipelineProvider.java:lambda$create$0(170)) - Sending CreatePipelineCommand for pipeline:PipelineID=e684a29d-1182-4bcf-8982-afbe738750f4 to datanode:73a0175b-b29c-42d7-9744-7e0c9f30680d
2021-07-06 17:09:34,063 [48f00b5a-c605-41fe-901b-b25c0b7536a6@group-498FD787E76A-StateMachineUpdater] INFO  pipeline.PipelineStateManager (PipelineStateManagerV2Impl.java:addPipeline(101)) - Created pipeline Pipeline[ Id: e684a29d-1182-4bcf-8982-afbe738750f4, Nodes: 73a0175b-b29c-42d7-9744-7e0c9f30680d{ip: 127.0.0.1, host: localhost, ports: [REPLICATION=35499, RATIS=45439, RATIS_ADMIN=45439, RATIS_SERVER=45439, STANDALONE=37003], networkLocation: /default-rack, certSerialId: null, persistedOpState: IN_SERVICE, persistedOpStateExpiryEpochSec: 0}, ReplicationConfig: RATIS/ONE, State:ALLOCATED, leaderId:, CreationTimestamp2021-07-06T17:09:34.060Z].
2021-07-06 17:09:34,063 [48f00b5a-c605-41fe-901b-b25c0b7536a6@group-498FD787E76A-StateMachineUpdater] INFO  safemode.HealthyPipelineSafeModeRule (HealthyPipelineSafeModeRule.java:initializeRule(152)) - Refreshed total pipeline count is 0, healthy pipeline threshold count is 1
2021-07-06 17:09:34,063 [RatisPipelineUtilsThread - 0] INFO  ha.SCMHAInvocationHandler (SCMHAInvocationHandler.java:invokeRatis(113)) - Invoking method public abstract void org.apache.hadoop.hdds.scm.pipeline.StateManager.addPipeline(org.apache.hadoop.hdds.protocol.proto.HddsProtos$Pipeline) throws java.io.IOException on target org.apache.hadoop.hdds.scm.ha.SCMRatisServerImpl@66a9e01e, cost 3430.15us
2021-07-06 17:09:34,065 [9c66a5a1-6505-4feb-946f-7a4da78b4c7a@group-498FD787E76A-StateMachineUpdater] INFO  pipeline.PipelineStateManager (PipelineStateManagerV2Impl.java:addPipeline(101)) - Created pipeline Pipeline[ Id: e684a29d-1182-4bcf-8982-afbe738750f4, Nodes: 73a0175b-b29c-42d7-9744-7e0c9f30680d{ip: 127.0.0.1, host: localhost, ports: [REPLICATION=35499, RATIS=45439, RATIS_ADMIN=45439, RATIS_SERVER=45439, STANDALONE=37003], networkLocation: /default-rack, certSerialId: null, persistedOpState: IN_SERVICE, persistedOpStateExpiryEpochSec: 0}, ReplicationConfig: RATIS/ONE, State:ALLOCATED, leaderId:, CreationTimestamp2021-07-06T17:09:34.060Z].
2021-07-06 17:09:34,065 [9c66a5a1-6505-4feb-946f-7a4da78b4c7a@group-498FD787E76A-StateMachineUpdater] INFO  safemode.HealthyPipelineSafeModeRule (HealthyPipelineSafeModeRule.java:initializeRule(152)) - Refreshed total pipeline count is 0, healthy pipeline threshold count is 1
2021-07-06 17:09:34,066 [48f00b5a-c605-41fe-901b-b25c0b7536a6@group-498FD787E76A-StateMachineUpdater] INFO  ha.SCMStateMachine (SCMStateMachine.java:takeSnapshot(290)) - Current Snapshot Index 10, takeSnapshot took 1 ms
2021-07-06 17:09:34,066 [48f00b5a-c605-41fe-901b-b25c0b7536a6@group-498FD787E76A-StateMachineUpdater] INFO  impl.StateMachineUpdater (StateMachineUpdater.java:takeSnapshot(281)) - 48f00b5a-c605-41fe-901b-b25c0b7536a6@group-498FD787E76A-StateMachineUpdater: Took a snapshot at index 10
2021-07-06 17:09:34,066 [48f00b5a-c605-41fe-901b-b25c0b7536a6@group-498FD787E76A-StateMachineUpdater] INFO  impl.StateMachineUpdater (StateMachineUpdater.java:lambda$new$0(89)) - 48f00b5a-c605-41fe-901b-b25c0b7536a6@group-498FD787E76A-StateMachineUpdater: snapshotIndex: updateIncreasingly 5 -> 10
2021-07-06 17:09:34,066 [48f00b5a-c605-41fe-901b-b25c0b7536a6@group-498FD787E76A-StateMachineUpdater] INFO  raftlog.RaftLog (RaftLogBase.java:purge(306)) - 48f00b5a-c605-41fe-901b-b25c0b7536a6@group-498FD787E76A-SegmentedRaftLog: purge 10
2021-07-06 17:09:34,066 [48f00b5a-c605-41fe-901b-b25c0b7536a6@group-498FD787E76A-StateMachineUpdater] INFO  raftlog.RaftLog (RaftLogBase.java:lambda$new$0(53)) - 48f00b5a-c605-41fe-901b-b25c0b7536a6@group-498FD787E76A-SegmentedRaftLog: snapshotIndex: updateIncreasingly 5 -> 10
2021-07-06 17:09:34,066 [48f00b5a-c605-41fe-901b-b25c0b7536a6@group-498FD787E76A-StateMachineUpdater] INFO  raftlog.RaftLog (RaftLogBase.java:lambda$new$0(53)) - 48f00b5a-c605-41fe-901b-b25c0b7536a6@group-498FD787E76A-SegmentedRaftLog: purgeIndex: updateToMax old=0, new=10, updated? true
2021-07-06 17:09:34,161 [Listener at 127.0.0.1/10896] INFO  ozone.MiniOzoneClusterImpl (MiniOzoneClusterImpl.java:lambda$waitForClusterToBeReady$0(227)) - Waiting for nodes to be ready. Got 2 of 3 DN Heartbeats.
2021-07-06 17:09:34,161 [Listener at 127.0.0.1/10896] INFO  ozone.MiniOzoneClusterImpl (MiniOzoneClusterImpl.java:lambda$waitForClusterToBeReady$0(230)) - Waiting for cluster to exit safe mode
2021-07-06 17:09:34,161 [Listener at 127.0.0.1/10896] INFO  ozone.MiniOzoneClusterImpl (MiniOzoneClusterImpl.java:lambda$waitForClusterToBeReady$0(232)) - SCM became leader
2021-07-06 17:09:34,167 [IPC Server handler 0 on default port 15283] INFO  net.NetworkTopologyImpl (NetworkTopologyImpl.java:add(112)) - Added a new node: /default-rack/ff163131-26ab-494b-a4b8-6a11ee7eba7d
2021-07-06 17:09:34,167 [IPC Server handler 0 on default port 15283] INFO  node.SCMNodeManager (SCMNodeManager.java:register(348)) - Registered Data node : ff163131-26ab-494b-a4b8-6a11ee7eba7d{ip: 127.0.0.1, host: localhost, ports: [REPLICATION=44147, RATIS=43147, RATIS_ADMIN=43147, RATIS_SERVER=43147, STANDALONE=38503], networkLocation: /default-rack, certSerialId: null, persistedOpState: null, persistedOpStateExpiryEpochSec: 0}
2021-07-06 17:09:34,167 [EventQueue-NewNodeForNewNodeHandler] INFO  pipeline.BackgroundPipelineCreator (BackgroundPipelineCreatorV2.java:notifyEventTriggered(279)) - ignore, not leader SCM.
2021-07-06 17:09:34,168 [IPC Server handler 5 on default port 15273] INFO  net.NetworkTopologyImpl (NetworkTopologyImpl.java:add(112)) - Added a new node: /default-rack/ff163131-26ab-494b-a4b8-6a11ee7eba7d
2021-07-06 17:09:34,168 [IPC Server handler 5 on default port 15273] INFO  node.SCMNodeManager (SCMNodeManager.java:register(348)) - Registered Data node : ff163131-26ab-494b-a4b8-6a11ee7eba7d{ip: 127.0.0.1, host: localhost, ports: [REPLICATION=44147, RATIS=43147, RATIS_ADMIN=43147, RATIS_SERVER=43147, STANDALONE=38503], networkLocation: /default-rack, certSerialId: null, persistedOpState: null, persistedOpStateExpiryEpochSec: 0}
2021-07-06 17:09:34,168 [EventQueue-NewNodeForNewNodeHandler] INFO  pipeline.BackgroundPipelineCreator (BackgroundPipelineCreatorV2.java:notifyEventTriggered(285)) - trigger a one-shot run on RatisPipelineUtilsThread.
2021-07-06 17:09:34,169 [EventQueue-NodeRegistrationContainerReportForDataNodeSafeModeRule] INFO  safemode.SCMSafeModeManager (DataNodeSafeModeRule.java:process(71)) - SCM in safe mode. 3 DataNodes registered, 3 required.
2021-07-06 17:09:34,169 [EventQueue-NodeRegistrationContainerReportForDataNodeSafeModeRule] INFO  safemode.SCMSafeModeManager (SCMSafeModeManager.java:validateSafeModeExitRules(204)) - DataNodeSafeModeRule rule is successfully validated
2021-07-06 17:09:34,169 [EventQueue-NodeRegistrationContainerReportForDataNodeSafeModeRule] INFO  safemode.SCMSafeModeManager (SCMSafeModeManager.java:completePreCheck(233)) - All SCM safe mode pre check rules have passed
2021-07-06 17:09:34,169 [EventQueue-NodeRegistrationContainerReportForDataNodeSafeModeRule] WARN  events.EventQueue (EventQueue.java:fireEvent(194)) - No event handler registered for event TypedEvent{payloadType=SafeModeStatus, name='Safe mode status'}
2021-07-06 17:09:34,169 [EventQueue-NodeRegistrationContainerReportForDataNodeSafeModeRule] INFO  ha.SCMContext (SCMContext.java:updateSafeModeStatus(208)) - Update SafeModeStatus from SafeModeStatus{safeModeStatus=true, preCheckPassed=false} to SafeModeStatus{safeModeStatus=true, preCheckPassed=true}.
2021-07-06 17:09:34,169 [EventQueue-NodeRegistrationContainerReportForDataNodeSafeModeRule] INFO  pipeline.BackgroundPipelineCreator (BackgroundPipelineCreatorV2.java:notifyEventTriggered(279)) - ignore, not leader SCM.
2021-07-06 17:09:34,170 [EventQueue-NodeRegistrationContainerReportForDataNodeSafeModeRule] INFO  safemode.SCMSafeModeManager (DataNodeSafeModeRule.java:process(71)) - SCM in safe mode. 3 DataNodes registered, 3 required.
2021-07-06 17:09:34,170 [EventQueue-NodeRegistrationContainerReportForDataNodeSafeModeRule] INFO  safemode.SCMSafeModeManager (SCMSafeModeManager.java:validateSafeModeExitRules(204)) - DataNodeSafeModeRule rule is successfully validated
2021-07-06 17:09:34,170 [EventQueue-NodeRegistrationContainerReportForDataNodeSafeModeRule] INFO  safemode.SCMSafeModeManager (SCMSafeModeManager.java:completePreCheck(233)) - All SCM safe mode pre check rules have passed
2021-07-06 17:09:34,170 [EventQueue-NodeRegistrationContainerReportForDataNodeSafeModeRule] WARN  events.EventQueue (EventQueue.java:fireEvent(194)) - No event handler registered for event TypedEvent{payloadType=SafeModeStatus, name='Safe mode status'}
2021-07-06 17:09:34,170 [EventQueue-NodeRegistrationContainerReportForDataNodeSafeModeRule] INFO  ha.SCMContext (SCMContext.java:updateSafeModeStatus(208)) - Update SafeModeStatus from SafeModeStatus{safeModeStatus=true, preCheckPassed=false} to SafeModeStatus{safeModeStatus=true, preCheckPassed=true}.
2021-07-06 17:09:34,170 [EventQueue-NodeRegistrationContainerReportForDataNodeSafeModeRule] INFO  pipeline.BackgroundPipelineCreator (BackgroundPipelineCreatorV2.java:notifyEventTriggered(285)) - trigger a one-shot run on RatisPipelineUtilsThread.
2021-07-06 17:09:34,171 [RatisPipelineUtilsThread - 0] INFO  pipeline.RatisPipelineProvider (RatisPipelineProvider.java:lambda$create$0(170)) - Sending CreatePipelineCommand for pipeline:PipelineID=5d8aaa9e-5274-4a3b-b3e2-e66763042549 to datanode:ff163131-26ab-494b-a4b8-6a11ee7eba7d
2021-07-06 17:09:34,173 [9c66a5a1-6505-4feb-946f-7a4da78b4c7a@group-498FD787E76A-StateMachineUpdater] INFO  ha.SCMStateMachine (SCMStateMachine.java:takeSnapshot(290)) - Current Snapshot Index 10, takeSnapshot took 0 ms
2021-07-06 17:09:34,173 [9c66a5a1-6505-4feb-946f-7a4da78b4c7a@group-498FD787E76A-StateMachineUpdater] INFO  impl.StateMachineUpdater (StateMachineUpdater.java:takeSnapshot(281)) - 9c66a5a1-6505-4feb-946f-7a4da78b4c7a@group-498FD787E76A-StateMachineUpdater: Took a snapshot at index 10
2021-07-06 17:09:34,173 [9c66a5a1-6505-4feb-946f-7a4da78b4c7a@group-498FD787E76A-StateMachineUpdater] INFO  impl.StateMachineUpdater (StateMachineUpdater.java:lambda$new$0(89)) - 9c66a5a1-6505-4feb-946f-7a4da78b4c7a@group-498FD787E76A-StateMachineUpdater: snapshotIndex: updateIncreasingly 5 -> 10
2021-07-06 17:09:34,173 [9c66a5a1-6505-4feb-946f-7a4da78b4c7a@group-498FD787E76A-StateMachineUpdater] INFO  raftlog.RaftLog (RaftLogBase.java:purge(306)) - 9c66a5a1-6505-4feb-946f-7a4da78b4c7a@group-498FD787E76A-SegmentedRaftLog: purge 10
2021-07-06 17:09:34,173 [9c66a5a1-6505-4feb-946f-7a4da78b4c7a@group-498FD787E76A-StateMachineUpdater] INFO  raftlog.RaftLog (RaftLogBase.java:lambda$new$0(53)) - 9c66a5a1-6505-4feb-946f-7a4da78b4c7a@group-498FD787E76A-SegmentedRaftLog: snapshotIndex: updateIncreasingly 5 -> 10
2021-07-06 17:09:34,173 [9c66a5a1-6505-4feb-946f-7a4da78b4c7a@group-498FD787E76A-StateMachineUpdater] INFO  raftlog.RaftLog (RaftLogBase.java:lambda$new$0(53)) - 9c66a5a1-6505-4feb-946f-7a4da78b4c7a@group-498FD787E76A-SegmentedRaftLog: purgeIndex: updateToMax old=0, new=10, updated? true
2021-07-06 17:09:34,174 [48f00b5a-c605-41fe-901b-b25c0b7536a6@group-498FD787E76A-StateMachineUpdater] INFO  pipeline.PipelineStateManager (PipelineStateManagerV2Impl.java:addPipeline(101)) - Created pipeline Pipeline[ Id: 5d8aaa9e-5274-4a3b-b3e2-e66763042549, Nodes: ff163131-26ab-494b-a4b8-6a11ee7eba7d{ip: 127.0.0.1, host: localhost, ports: [REPLICATION=44147, RATIS=43147, RATIS_ADMIN=43147, RATIS_SERVER=43147, STANDALONE=38503], networkLocation: /default-rack, certSerialId: null, persistedOpState: IN_SERVICE, persistedOpStateExpiryEpochSec: 0}, ReplicationConfig: RATIS/ONE, State:ALLOCATED, leaderId:, CreationTimestamp2021-07-06T17:09:34.171Z].
2021-07-06 17:09:34,174 [48f00b5a-c605-41fe-901b-b25c0b7536a6@group-498FD787E76A-StateMachineUpdater] INFO  safemode.HealthyPipelineSafeModeRule (HealthyPipelineSafeModeRule.java:initializeRule(152)) - Refreshed total pipeline count is 0, healthy pipeline threshold count is 1
2021-07-06 17:09:34,174 [RatisPipelineUtilsThread - 0] INFO  ha.SCMHAInvocationHandler (SCMHAInvocationHandler.java:invokeRatis(113)) - Invoking method public abstract void org.apache.hadoop.hdds.scm.pipeline.StateManager.addPipeline(org.apache.hadoop.hdds.protocol.proto.HddsProtos$Pipeline) throws java.io.IOException on target org.apache.hadoop.hdds.scm.ha.SCMRatisServerImpl@66a9e01e, cost 3555.852us
2021-07-06 17:09:34,175 [RatisPipelineUtilsThread - 0] INFO  pipeline.RatisPipelineProvider (RatisPipelineProvider.java:lambda$create$0(170)) - Sending CreatePipelineCommand for pipeline:PipelineID=8fd3e776-5b3d-4dc2-912b-e792fea90364 to datanode:ff163131-26ab-494b-a4b8-6a11ee7eba7d
2021-07-06 17:09:34,175 [RatisPipelineUtilsThread - 0] INFO  pipeline.RatisPipelineProvider (RatisPipelineProvider.java:lambda$create$0(170)) - Sending CreatePipelineCommand for pipeline:PipelineID=8fd3e776-5b3d-4dc2-912b-e792fea90364 to datanode:73a0175b-b29c-42d7-9744-7e0c9f30680d
2021-07-06 17:09:34,175 [RatisPipelineUtilsThread - 0] INFO  pipeline.RatisPipelineProvider (RatisPipelineProvider.java:lambda$create$0(170)) - Sending CreatePipelineCommand for pipeline:PipelineID=8fd3e776-5b3d-4dc2-912b-e792fea90364 to datanode:64ea58c5-a4b1-4696-b7a2-92ce3d3c799d
2021-07-06 17:09:34,180 [9c66a5a1-6505-4feb-946f-7a4da78b4c7a@group-498FD787E76A-StateMachineUpdater] INFO  pipeline.PipelineStateManager (PipelineStateManagerV2Impl.java:addPipeline(101)) - Created pipeline Pipeline[ Id: 5d8aaa9e-5274-4a3b-b3e2-e66763042549, Nodes: ff163131-26ab-494b-a4b8-6a11ee7eba7d{ip: 127.0.0.1, host: localhost, ports: [REPLICATION=44147, RATIS=43147, RATIS_ADMIN=43147, RATIS_SERVER=43147, STANDALONE=38503], networkLocation: /default-rack, certSerialId: null, persistedOpState: IN_SERVICE, persistedOpStateExpiryEpochSec: 0}, ReplicationConfig: RATIS/ONE, State:ALLOCATED, leaderId:, CreationTimestamp2021-07-06T17:09:34.171Z].
2021-07-06 17:09:34,180 [9c66a5a1-6505-4feb-946f-7a4da78b4c7a@group-498FD787E76A-StateMachineUpdater] INFO  safemode.HealthyPipelineSafeModeRule (HealthyPipelineSafeModeRule.java:initializeRule(152)) - Refreshed total pipeline count is 0, healthy pipeline threshold count is 1
2021-07-06 17:09:34,182 [48f00b5a-c605-41fe-901b-b25c0b7536a6@group-498FD787E76A-StateMachineUpdater] INFO  pipeline.PipelineStateManager (PipelineStateManagerV2Impl.java:addPipeline(101)) - Created pipeline Pipeline[ Id: 8fd3e776-5b3d-4dc2-912b-e792fea90364, Nodes: ff163131-26ab-494b-a4b8-6a11ee7eba7d{ip: 127.0.0.1, host: localhost, ports: [REPLICATION=44147, RATIS=43147, RATIS_ADMIN=43147, RATIS_SERVER=43147, STANDALONE=38503], networkLocation: /default-rack, certSerialId: null, persistedOpState: IN_SERVICE, persistedOpStateExpiryEpochSec: 0}73a0175b-b29c-42d7-9744-7e0c9f30680d{ip: 127.0.0.1, host: localhost, ports: [REPLICATION=35499, RATIS=45439, RATIS_ADMIN=45439, RATIS_SERVER=45439, STANDALONE=37003], networkLocation: /default-rack, certSerialId: null, persistedOpState: IN_SERVICE, persistedOpStateExpiryEpochSec: 0}64ea58c5-a4b1-4696-b7a2-92ce3d3c799d{ip: 127.0.0.1, host: localhost, ports: [REPLICATION=41321, RATIS=34653, RATIS_ADMIN=34653, RATIS_SERVER=34653, STANDALONE=37745], networkLocation: /default-rack, certSerialId: null, persistedOpState: IN_SERVICE, persistedOpStateExpiryEpochSec: 0}, ReplicationConfig: RATIS/THREE, State:ALLOCATED, leaderId:, CreationTimestamp2021-07-06T17:09:34.175Z].
2021-07-06 17:09:34,182 [48f00b5a-c605-41fe-901b-b25c0b7536a6@group-498FD787E76A-StateMachineUpdater] INFO  safemode.HealthyPipelineSafeModeRule (HealthyPipelineSafeModeRule.java:initializeRule(152)) - Refreshed total pipeline count is 0, healthy pipeline threshold count is 1
2021-07-06 17:09:34,182 [RatisPipelineUtilsThread - 0] INFO  ha.SCMHAInvocationHandler (SCMHAInvocationHandler.java:invokeRatis(113)) - Invoking method public abstract void org.apache.hadoop.hdds.scm.pipeline.StateManager.addPipeline(org.apache.hadoop.hdds.protocol.proto.HddsProtos$Pipeline) throws java.io.IOException on target org.apache.hadoop.hdds.scm.ha.SCMRatisServerImpl@66a9e01e, cost 7391.607us
2021-07-06 17:09:34,183 [RatisPipelineUtilsThread - 0] INFO  pipeline.RatisPipelineProvider (RatisPipelineProvider.java:lambda$create$0(170)) - Sending CreatePipelineCommand for pipeline:PipelineID=e8cdf50a-1241-4cfa-899f-a9758d0ed3e8 to datanode:64ea58c5-a4b1-4696-b7a2-92ce3d3c799d
2021-07-06 17:09:34,183 [RatisPipelineUtilsThread - 0] INFO  pipeline.RatisPipelineProvider (RatisPipelineProvider.java:lambda$create$0(170)) - Sending CreatePipelineCommand for pipeline:PipelineID=e8cdf50a-1241-4cfa-899f-a9758d0ed3e8 to datanode:ff163131-26ab-494b-a4b8-6a11ee7eba7d
2021-07-06 17:09:34,183 [RatisPipelineUtilsThread - 0] INFO  pipeline.RatisPipelineProvider (RatisPipelineProvider.java:lambda$create$0(170)) - Sending CreatePipelineCommand for pipeline:PipelineID=e8cdf50a-1241-4cfa-899f-a9758d0ed3e8 to datanode:73a0175b-b29c-42d7-9744-7e0c9f30680d
2021-07-06 17:09:34,184 [9c66a5a1-6505-4feb-946f-7a4da78b4c7a@group-498FD787E76A-StateMachineUpdater] INFO  pipeline.PipelineStateManager (PipelineStateManagerV2Impl.java:addPipeline(101)) - Created pipeline Pipeline[ Id: 8fd3e776-5b3d-4dc2-912b-e792fea90364, Nodes: ff163131-26ab-494b-a4b8-6a11ee7eba7d{ip: 127.0.0.1, host: localhost, ports: [REPLICATION=44147, RATIS=43147, RATIS_ADMIN=43147, RATIS_SERVER=43147, STANDALONE=38503], networkLocation: /default-rack, certSerialId: null, persistedOpState: IN_SERVICE, persistedOpStateExpiryEpochSec: 0}73a0175b-b29c-42d7-9744-7e0c9f30680d{ip: 127.0.0.1, host: localhost, ports: [REPLICATION=35499, RATIS=45439, RATIS_ADMIN=45439, RATIS_SERVER=45439, STANDALONE=37003], networkLocation: /default-rack, certSerialId: null, persistedOpState: IN_SERVICE, persistedOpStateExpiryEpochSec: 0}64ea58c5-a4b1-4696-b7a2-92ce3d3c799d{ip: 127.0.0.1, host: localhost, ports: [REPLICATION=41321, RATIS=34653, RATIS_ADMIN=34653, RATIS_SERVER=34653, STANDALONE=37745], networkLocation: /default-rack, certSerialId: null, persistedOpState: IN_SERVICE, persistedOpStateExpiryEpochSec: 0}, ReplicationConfig: RATIS/THREE, State:ALLOCATED, leaderId:, CreationTimestamp2021-07-06T17:09:34.175Z].
2021-07-06 17:09:34,184 [9c66a5a1-6505-4feb-946f-7a4da78b4c7a@group-498FD787E76A-StateMachineUpdater] INFO  safemode.HealthyPipelineSafeModeRule (HealthyPipelineSafeModeRule.java:initializeRule(152)) - Refreshed total pipeline count is 0, healthy pipeline threshold count is 1
2021-07-06 17:09:34,186 [48f00b5a-c605-41fe-901b-b25c0b7536a6@group-498FD787E76A-StateMachineUpdater] INFO  pipeline.PipelineStateManager (PipelineStateManagerV2Impl.java:addPipeline(101)) - Created pipeline Pipeline[ Id: e8cdf50a-1241-4cfa-899f-a9758d0ed3e8, Nodes: 64ea58c5-a4b1-4696-b7a2-92ce3d3c799d{ip: 127.0.0.1, host: localhost, ports: [REPLICATION=41321, RATIS=34653, RATIS_ADMIN=34653, RATIS_SERVER=34653, STANDALONE=37745], networkLocation: /default-rack, certSerialId: null, persistedOpState: IN_SERVICE, persistedOpStateExpiryEpochSec: 0}ff163131-26ab-494b-a4b8-6a11ee7eba7d{ip: 127.0.0.1, host: localhost, ports: [REPLICATION=44147, RATIS=43147, RATIS_ADMIN=43147, RATIS_SERVER=43147, STANDALONE=38503], networkLocation: /default-rack, certSerialId: null, persistedOpState: IN_SERVICE, persistedOpStateExpiryEpochSec: 0}73a0175b-b29c-42d7-9744-7e0c9f30680d{ip: 127.0.0.1, host: localhost, ports: [REPLICATION=35499, RATIS=45439, RATIS_ADMIN=45439, RATIS_SERVER=45439, STANDALONE=37003], networkLocation: /default-rack, certSerialId: null, persistedOpState: IN_SERVICE, persistedOpStateExpiryEpochSec: 0}, ReplicationConfig: RATIS/THREE, State:ALLOCATED, leaderId:, CreationTimestamp2021-07-06T17:09:34.183Z].
2021-07-06 17:09:34,186 [48f00b5a-c605-41fe-901b-b25c0b7536a6@group-498FD787E76A-StateMachineUpdater] INFO  safemode.HealthyPipelineSafeModeRule (HealthyPipelineSafeModeRule.java:initializeRule(152)) - Refreshed total pipeline count is 0, healthy pipeline threshold count is 1
2021-07-06 17:09:34,187 [48f00b5a-c605-41fe-901b-b25c0b7536a6@group-498FD787E76A-StateMachineUpdater] INFO  ha.SCMStateMachine (SCMStateMachine.java:takeSnapshot(290)) - Current Snapshot Index 15, takeSnapshot took 1 ms
2021-07-06 17:09:34,187 [48f00b5a-c605-41fe-901b-b25c0b7536a6@group-498FD787E76A-StateMachineUpdater] INFO  impl.StateMachineUpdater (StateMachineUpdater.java:takeSnapshot(281)) - 48f00b5a-c605-41fe-901b-b25c0b7536a6@group-498FD787E76A-StateMachineUpdater: Took a snapshot at index 15
2021-07-06 17:09:34,187 [48f00b5a-c605-41fe-901b-b25c0b7536a6@group-498FD787E76A-StateMachineUpdater] INFO  impl.StateMachineUpdater (StateMachineUpdater.java:lambda$new$0(89)) - 48f00b5a-c605-41fe-901b-b25c0b7536a6@group-498FD787E76A-StateMachineUpdater: snapshotIndex: updateIncreasingly 10 -> 15
2021-07-06 17:09:34,187 [48f00b5a-c605-41fe-901b-b25c0b7536a6@group-498FD787E76A-StateMachineUpdater] INFO  raftlog.RaftLog (RaftLogBase.java:purge(306)) - 48f00b5a-c605-41fe-901b-b25c0b7536a6@group-498FD787E76A-SegmentedRaftLog: purge 15
2021-07-06 17:09:34,187 [RatisPipelineUtilsThread - 0] INFO  ha.SCMHAInvocationHandler (SCMHAInvocationHandler.java:invokeRatis(113)) - Invoking method public abstract void org.apache.hadoop.hdds.scm.pipeline.StateManager.addPipeline(org.apache.hadoop.hdds.protocol.proto.HddsProtos$Pipeline) throws java.io.IOException on target org.apache.hadoop.hdds.scm.ha.SCMRatisServerImpl@66a9e01e, cost 3777.055us
2021-07-06 17:09:34,187 [RatisPipelineUtilsThread - 0] INFO  pipeline.PipelineManagerV2Impl (PipelineManagerV2Impl.java:recordMetricsForPipeline(589)) - Pipeline: PipelineID=e8cdf50a-1241-4cfa-899f-a9758d0ed3e8 contains same datanodes as previous pipelines: PipelineID=8fd3e776-5b3d-4dc2-912b-e792fea90364 nodeIds: 64ea58c5-a4b1-4696-b7a2-92ce3d3c799d, ff163131-26ab-494b-a4b8-6a11ee7eba7d, 73a0175b-b29c-42d7-9744-7e0c9f30680d
2021-07-06 17:09:34,187 [48f00b5a-c605-41fe-901b-b25c0b7536a6@group-498FD787E76A-StateMachineUpdater] INFO  raftlog.RaftLog (RaftLogBase.java:lambda$new$0(53)) - 48f00b5a-c605-41fe-901b-b25c0b7536a6@group-498FD787E76A-SegmentedRaftLog: snapshotIndex: updateIncreasingly 10 -> 15
2021-07-06 17:09:34,188 [48f00b5a-c605-41fe-901b-b25c0b7536a6@group-498FD787E76A-StateMachineUpdater] INFO  raftlog.RaftLog (RaftLogBase.java:lambda$new$0(53)) - 48f00b5a-c605-41fe-901b-b25c0b7536a6@group-498FD787E76A-SegmentedRaftLog: purgeIndex: updateToMax old=10, new=15, updated? true
2021-07-06 17:09:34,192 [9c66a5a1-6505-4feb-946f-7a4da78b4c7a@group-498FD787E76A-StateMachineUpdater] INFO  pipeline.PipelineStateManager (PipelineStateManagerV2Impl.java:addPipeline(101)) - Created pipeline Pipeline[ Id: e8cdf50a-1241-4cfa-899f-a9758d0ed3e8, Nodes: 64ea58c5-a4b1-4696-b7a2-92ce3d3c799d{ip: 127.0.0.1, host: localhost, ports: [REPLICATION=41321, RATIS=34653, RATIS_ADMIN=34653, RATIS_SERVER=34653, STANDALONE=37745], networkLocation: /default-rack, certSerialId: null, persistedOpState: IN_SERVICE, persistedOpStateExpiryEpochSec: 0}ff163131-26ab-494b-a4b8-6a11ee7eba7d{ip: 127.0.0.1, host: localhost, ports: [REPLICATION=44147, RATIS=43147, RATIS_ADMIN=43147, RATIS_SERVER=43147, STANDALONE=38503], networkLocation: /default-rack, certSerialId: null, persistedOpState: IN_SERVICE, persistedOpStateExpiryEpochSec: 0}73a0175b-b29c-42d7-9744-7e0c9f30680d{ip: 127.0.0.1, host: localhost, ports: [REPLICATION=35499, RATIS=45439, RATIS_ADMIN=45439, RATIS_SERVER=45439, STANDALONE=37003], networkLocation: /default-rack, certSerialId: null, persistedOpState: IN_SERVICE, persistedOpStateExpiryEpochSec: 0}, ReplicationConfig: RATIS/THREE, State:ALLOCATED, leaderId:, CreationTimestamp2021-07-06T17:09:34.183Z].
2021-07-06 17:09:34,192 [9c66a5a1-6505-4feb-946f-7a4da78b4c7a@group-498FD787E76A-StateMachineUpdater] INFO  safemode.HealthyPipelineSafeModeRule (HealthyPipelineSafeModeRule.java:initializeRule(152)) - Refreshed total pipeline count is 0, healthy pipeline threshold count is 1
2021-07-06 17:09:34,192 [9c66a5a1-6505-4feb-946f-7a4da78b4c7a@group-498FD787E76A-StateMachineUpdater] INFO  ha.SCMStateMachine (SCMStateMachine.java:takeSnapshot(290)) - Current Snapshot Index 15, takeSnapshot took 0 ms
2021-07-06 17:09:34,193 [9c66a5a1-6505-4feb-946f-7a4da78b4c7a@group-498FD787E76A-StateMachineUpdater] INFO  impl.StateMachineUpdater (StateMachineUpdater.java:takeSnapshot(281)) - 9c66a5a1-6505-4feb-946f-7a4da78b4c7a@group-498FD787E76A-StateMachineUpdater: Took a snapshot at index 15
2021-07-06 17:09:34,193 [9c66a5a1-6505-4feb-946f-7a4da78b4c7a@group-498FD787E76A-StateMachineUpdater] INFO  impl.StateMachineUpdater (StateMachineUpdater.java:lambda$new$0(89)) - 9c66a5a1-6505-4feb-946f-7a4da78b4c7a@group-498FD787E76A-StateMachineUpdater: snapshotIndex: updateIncreasingly 10 -> 15
2021-07-06 17:09:34,193 [9c66a5a1-6505-4feb-946f-7a4da78b4c7a@group-498FD787E76A-StateMachineUpdater] INFO  raftlog.RaftLog (RaftLogBase.java:purge(306)) - 9c66a5a1-6505-4feb-946f-7a4da78b4c7a@group-498FD787E76A-SegmentedRaftLog: purge 15
2021-07-06 17:09:34,193 [9c66a5a1-6505-4feb-946f-7a4da78b4c7a@group-498FD787E76A-StateMachineUpdater] INFO  raftlog.RaftLog (RaftLogBase.java:lambda$new$0(53)) - 9c66a5a1-6505-4feb-946f-7a4da78b4c7a@group-498FD787E76A-SegmentedRaftLog: snapshotIndex: updateIncreasingly 10 -> 15
2021-07-06 17:09:34,193 [9c66a5a1-6505-4feb-946f-7a4da78b4c7a@group-498FD787E76A-StateMachineUpdater] INFO  raftlog.RaftLog (RaftLogBase.java:lambda$new$0(53)) - 9c66a5a1-6505-4feb-946f-7a4da78b4c7a@group-498FD787E76A-SegmentedRaftLog: purgeIndex: updateToMax old=10, new=15, updated? true
2021-07-06 17:09:34,490 [EndpointStateMachine task thread for /127.0.0.1:15657 - 0 ] INFO  ipc.Client (Client.java:handleConnectionFailure(966)) - Retrying connect to server: localhost/127.0.0.1:15657. Already tried 13 time(s); retry policy is RetryUpToMaximumCountWithFixedSleep(maxRetries=15, sleepTime=1000 MILLISECONDS)
2021-07-06 17:09:34,491 [EndpointStateMachine task thread for /127.0.0.1:15677 - 0 ] INFO  ipc.Client (Client.java:handleConnectionFailure(966)) - Retrying connect to server: localhost/127.0.0.1:15677. Already tried 13 time(s); retry policy is RetryUpToMaximumCountWithFixedSleep(maxRetries=15, sleepTime=1000 MILLISECONDS)
2021-07-06 17:09:34,495 [EndpointStateMachine task thread for /127.0.0.1:15667 - 0 ] INFO  ipc.Client (Client.java:handleConnectionFailure(966)) - Retrying connect to server: localhost/127.0.0.1:15667. Already tried 13 time(s); retry policy is RetryUpToMaximumCountWithFixedSleep(maxRetries=15, sleepTime=1000 MILLISECONDS)
2021-07-06 17:09:35,162 [Listener at 127.0.0.1/10896] INFO  ozone.MiniOzoneClusterImpl (MiniOzoneClusterImpl.java:lambda$waitForClusterToBeReady$0(227)) - Nodes are ready. Got 3 of 3 DN Heartbeats.
2021-07-06 17:09:35,162 [Listener at 127.0.0.1/10896] INFO  ozone.MiniOzoneClusterImpl (MiniOzoneClusterImpl.java:lambda$waitForClusterToBeReady$0(230)) - Waiting for cluster to exit safe mode
2021-07-06 17:09:35,162 [Listener at 127.0.0.1/10896] INFO  ozone.MiniOzoneClusterImpl (MiniOzoneClusterImpl.java:lambda$waitForClusterToBeReady$0(232)) - SCM became leader
2021-07-06 17:09:35,490 [EndpointStateMachine task thread for /127.0.0.1:15657 - 0 ] INFO  ipc.Client (Client.java:handleConnectionFailure(966)) - Retrying connect to server: localhost/127.0.0.1:15657. Already tried 14 time(s); retry policy is RetryUpToMaximumCountWithFixedSleep(maxRetries=15, sleepTime=1000 MILLISECONDS)
2021-07-06 17:09:35,492 [EndpointStateMachine task thread for /127.0.0.1:15677 - 0 ] INFO  ipc.Client (Client.java:handleConnectionFailure(966)) - Retrying connect to server: localhost/127.0.0.1:15677. Already tried 14 time(s); retry policy is RetryUpToMaximumCountWithFixedSleep(maxRetries=15, sleepTime=1000 MILLISECONDS)
2021-07-06 17:09:35,492 [EndpointStateMachine task thread for /127.0.0.1:15677 - 0 ] WARN  statemachine.EndpointStateMachine (EndpointStateMachine.java:logIfNeeded(236)) - Unable to communicate to SCM server at localhost:15677 for past 0 seconds.
java.net.ConnectException: Call From fv-az50-207/10.1.0.59 to localhost:15677 failed on connection exception: java.net.ConnectException: Connection refused; For more details see:  http://wiki.apache.org/hadoop/ConnectionRefused
	at sun.reflect.NativeConstructorAccessorImpl.newInstance0(Native Method)
	at sun.reflect.NativeConstructorAccessorImpl.newInstance(NativeConstructorAccessorImpl.java:62)
	at sun.reflect.DelegatingConstructorAccessorImpl.newInstance(DelegatingConstructorAccessorImpl.java:45)
	at java.lang.reflect.Constructor.newInstance(Constructor.java:423)
	at org.apache.hadoop.net.NetUtils.wrapWithMessage(NetUtils.java:836)
	at org.apache.hadoop.net.NetUtils.wrapException(NetUtils.java:760)
	at org.apache.hadoop.ipc.Client.getRpcResponse(Client.java:1566)
	at org.apache.hadoop.ipc.Client.call(Client.java:1508)
	at org.apache.hadoop.ipc.Client.call(Client.java:1405)
	at org.apache.hadoop.ipc.ProtobufRpcEngine$Invoker.invoke(ProtobufRpcEngine.java:233)
	at org.apache.hadoop.ipc.ProtobufRpcEngine$Invoker.invoke(ProtobufRpcEngine.java:118)
	at com.sun.proxy.$Proxy45.submitRequest(Unknown Source)
	at org.apache.hadoop.ozone.protocolPB.StorageContainerDatanodeProtocolClientSideTranslatorPB.submitRequest(StorageContainerDatanodeProtocolClientSideTranslatorPB.java:117)
	at org.apache.hadoop.ozone.protocolPB.StorageContainerDatanodeProtocolClientSideTranslatorPB.register(StorageContainerDatanodeProtocolClientSideTranslatorPB.java:175)
	at org.apache.hadoop.ozone.container.common.states.endpoint.RegisterEndpointTask.call(RegisterEndpointTask.java:122)
	at org.apache.hadoop.ozone.container.common.states.endpoint.RegisterEndpointTask.call(RegisterEndpointTask.java:47)
	at java.util.concurrent.FutureTask.run(FutureTask.java:266)
	at java.util.concurrent.ThreadPoolExecutor.runWorker(ThreadPoolExecutor.java:1149)
	at java.util.concurrent.ThreadPoolExecutor$Worker.run(ThreadPoolExecutor.java:624)
	at java.lang.Thread.run(Thread.java:748)
Caused by: java.net.ConnectException: Connection refused
	at sun.nio.ch.SocketChannelImpl.checkConnect(Native Method)
	at sun.nio.ch.SocketChannelImpl.finishConnect(SocketChannelImpl.java:716)
	at org.apache.hadoop.net.SocketIOWithTimeout.connect(SocketIOWithTimeout.java:206)
	at org.apache.hadoop.net.NetUtils.connect(NetUtils.java:534)
	at org.apache.hadoop.ipc.Client$Connection.setupConnection(Client.java:699)
	at org.apache.hadoop.ipc.Client$Connection.setupIOstreams(Client.java:812)
	at org.apache.hadoop.ipc.Client$Connection.access$3800(Client.java:413)
	at org.apache.hadoop.ipc.Client.getConnection(Client.java:1636)
	at org.apache.hadoop.ipc.Client.call(Client.java:1452)
	... 12 more
2021-07-06 17:09:35,496 [EndpointStateMachine task thread for /127.0.0.1:15667 - 0 ] INFO  ipc.Client (Client.java:handleConnectionFailure(966)) - Retrying connect to server: localhost/127.0.0.1:15667. Already tried 14 time(s); retry policy is RetryUpToMaximumCountWithFixedSleep(maxRetries=15, sleepTime=1000 MILLISECONDS)
2021-07-06 17:09:35,496 [EndpointStateMachine task thread for /127.0.0.1:15667 - 0 ] WARN  statemachine.EndpointStateMachine (EndpointStateMachine.java:logIfNeeded(236)) - Unable to communicate to SCM server at localhost:15667 for past 0 seconds.
java.net.ConnectException: Call From fv-az50-207/10.1.0.59 to localhost:15667 failed on connection exception: java.net.ConnectException: Connection refused; For more details see:  http://wiki.apache.org/hadoop/ConnectionRefused
	at sun.reflect.NativeConstructorAccessorImpl.newInstance0(Native Method)
	at sun.reflect.NativeConstructorAccessorImpl.newInstance(NativeConstructorAccessorImpl.java:62)
	at sun.reflect.DelegatingConstructorAccessorImpl.newInstance(DelegatingConstructorAccessorImpl.java:45)
	at java.lang.reflect.Constructor.newInstance(Constructor.java:423)
	at org.apache.hadoop.net.NetUtils.wrapWithMessage(NetUtils.java:836)
	at org.apache.hadoop.net.NetUtils.wrapException(NetUtils.java:760)
	at org.apache.hadoop.ipc.Client.getRpcResponse(Client.java:1566)
	at org.apache.hadoop.ipc.Client.call(Client.java:1508)
	at org.apache.hadoop.ipc.Client.call(Client.java:1405)
	at org.apache.hadoop.ipc.ProtobufRpcEngine$Invoker.invoke(ProtobufRpcEngine.java:233)
	at org.apache.hadoop.ipc.ProtobufRpcEngine$Invoker.invoke(ProtobufRpcEngine.java:118)
	at com.sun.proxy.$Proxy45.submitRequest(Unknown Source)
	at org.apache.hadoop.ozone.protocolPB.StorageContainerDatanodeProtocolClientSideTranslatorPB.submitRequest(StorageContainerDatanodeProtocolClientSideTranslatorPB.java:117)
	at org.apache.hadoop.ozone.protocolPB.StorageContainerDatanodeProtocolClientSideTranslatorPB.sendHeartbeat(StorageContainerDatanodeProtocolClientSideTranslatorPB.java:149)
	at org.apache.hadoop.ozone.container.common.states.endpoint.HeartbeatEndpointTask.call(HeartbeatEndpointTask.java:146)
	at org.apache.hadoop.ozone.container.common.states.endpoint.HeartbeatEndpointTask.call(HeartbeatEndpointTask.java:77)
	at java.util.concurrent.FutureTask.run(FutureTask.java:266)
	at java.util.concurrent.ThreadPoolExecutor.runWorker(ThreadPoolExecutor.java:1149)
	at java.util.concurrent.ThreadPoolExecutor$Worker.run(ThreadPoolExecutor.java:624)
	at java.lang.Thread.run(Thread.java:748)
Caused by: java.net.ConnectException: Connection refused
	at sun.nio.ch.SocketChannelImpl.checkConnect(Native Method)
	at sun.nio.ch.SocketChannelImpl.finishConnect(SocketChannelImpl.java:716)
	at org.apache.hadoop.net.SocketIOWithTimeout.connect(SocketIOWithTimeout.java:206)
	at org.apache.hadoop.net.NetUtils.connect(NetUtils.java:534)
	at org.apache.hadoop.ipc.Client$Connection.setupConnection(Client.java:699)
	at org.apache.hadoop.ipc.Client$Connection.setupIOstreams(Client.java:812)
	at org.apache.hadoop.ipc.Client$Connection.access$3800(Client.java:413)
	at org.apache.hadoop.ipc.Client.getConnection(Client.java:1636)
	at org.apache.hadoop.ipc.Client.call(Client.java:1452)
	... 12 more
2021-07-06 17:09:36,055 [Datanode State Machine Thread - 0] ERROR datanode.RunningDatanodeState (RunningDatanodeState.java:computeNextContainerState(199)) - Error in executing end point task.
java.util.concurrent.ExecutionException: java.util.concurrent.TimeoutException
	at java.util.concurrent.FutureTask.report(FutureTask.java:122)
	at java.util.concurrent.FutureTask.get(FutureTask.java:192)
	at org.apache.hadoop.ozone.container.common.states.datanode.RunningDatanodeState.computeNextContainerState(RunningDatanodeState.java:191)
	at org.apache.hadoop.ozone.container.common.states.datanode.RunningDatanodeState.await(RunningDatanodeState.java:231)
	at org.apache.hadoop.ozone.container.common.states.datanode.RunningDatanodeState.await(RunningDatanodeState.java:50)
	at org.apache.hadoop.ozone.container.common.statemachine.StateContext.execute(StateContext.java:629)
	at org.apache.hadoop.ozone.container.common.statemachine.DatanodeStateMachine.start(DatanodeStateMachine.java:244)
	at org.apache.hadoop.ozone.container.common.statemachine.DatanodeStateMachine.lambda$startDaemon$0(DatanodeStateMachine.java:429)
	at java.lang.Thread.run(Thread.java:748)
Caused by: java.util.concurrent.TimeoutException
	at java.util.concurrent.FutureTask.get(FutureTask.java:205)
	at org.apache.hadoop.ozone.container.common.states.datanode.RunningDatanodeState.lambda$execute$0(RunningDatanodeState.java:149)
	at java.util.concurrent.FutureTask.run(FutureTask.java:266)
	at java.util.concurrent.Executors$RunnableAdapter.call(Executors.java:511)
	at java.util.concurrent.FutureTask.run(FutureTask.java:266)
	at java.util.concurrent.ThreadPoolExecutor.runWorker(ThreadPoolExecutor.java:1149)
	at java.util.concurrent.ThreadPoolExecutor$Worker.run(ThreadPoolExecutor.java:624)
	... 1 more
2021-07-06 17:09:36,163 [Listener at 127.0.0.1/10896] INFO  ozone.MiniOzoneClusterImpl (MiniOzoneClusterImpl.java:lambda$waitForClusterToBeReady$0(227)) - Nodes are ready. Got 3 of 3 DN Heartbeats.
2021-07-06 17:09:36,163 [Listener at 127.0.0.1/10896] INFO  ozone.MiniOzoneClusterImpl (MiniOzoneClusterImpl.java:lambda$waitForClusterToBeReady$0(230)) - Waiting for cluster to exit safe mode
2021-07-06 17:09:36,163 [Listener at 127.0.0.1/10896] INFO  ozone.MiniOzoneClusterImpl (MiniOzoneClusterImpl.java:lambda$waitForClusterToBeReady$0(232)) - SCM became leader
2021-07-06 17:09:36,492 [EndpointStateMachine task thread for /127.0.0.1:15657 - 0 ] INFO  ipc.Client (Client.java:handleConnectionFailure(966)) - Retrying connect to server: localhost/127.0.0.1:15657. Already tried 0 time(s); retry policy is RetryUpToMaximumCountWithFixedSleep(maxRetries=15, sleepTime=1000 MILLISECONDS)
2021-07-06 17:09:36,493 [EndpointStateMachine task thread for /127.0.0.1:15677 - 0 ] INFO  ipc.Client (Client.java:handleConnectionFailure(966)) - Retrying connect to server: localhost/127.0.0.1:15677. Already tried 0 time(s); retry policy is RetryUpToMaximumCountWithFixedSleep(maxRetries=15, sleepTime=1000 MILLISECONDS)
2021-07-06 17:09:36,497 [EndpointStateMachine task thread for /127.0.0.1:15667 - 0 ] INFO  ipc.Client (Client.java:handleConnectionFailure(966)) - Retrying connect to server: localhost/127.0.0.1:15667. Already tried 0 time(s); retry policy is RetryUpToMaximumCountWithFixedSleep(maxRetries=15, sleepTime=1000 MILLISECONDS)
2021-07-06 17:09:36,819 [Command processor thread] INFO  server.RaftServer (RaftServerProxy.java:addNew(95)) - 64ea58c5-a4b1-4696-b7a2-92ce3d3c799d: addNew group-9C0EBA8E0C84:[64ea58c5-a4b1-4696-b7a2-92ce3d3c799d|rpc:127.0.0.1:34653|priority:1] returns group-9C0EBA8E0C84:java.util.concurrent.CompletableFuture@8a9e0ed[Not completed]
2021-07-06 17:09:36,820 [pool-247-thread-1] INFO  server.RaftServer$Division (RaftServerImpl.java:<init>(180)) - 64ea58c5-a4b1-4696-b7a2-92ce3d3c799d: new RaftServerImpl for group-9C0EBA8E0C84:[64ea58c5-a4b1-4696-b7a2-92ce3d3c799d|rpc:127.0.0.1:34653|priority:1] with ContainerStateMachine:uninitialized
2021-07-06 17:09:36,820 [pool-247-thread-1] INFO  server.RaftServerConfigKeys (ConfUtils.java:logGet(44)) - raft.server.rpc.timeout.min = 5s (custom)
2021-07-06 17:09:36,821 [pool-247-thread-1] INFO  server.RaftServerConfigKeys (ConfUtils.java:logGet(44)) - raft.server.rpc.timeout.max = 5200ms (custom)
2021-07-06 17:09:36,821 [pool-247-thread-1] INFO  server.RaftServerConfigKeys (ConfUtils.java:logGet(44)) - raft.server.rpc.sleep.time = 25ms (default)
2021-07-06 17:09:36,821 [pool-247-thread-1] INFO  server.RaftServerConfigKeys (ConfUtils.java:logGet(44)) - raft.server.rpc.slowness.timeout = 300s (custom)
2021-07-06 17:09:36,821 [pool-247-thread-1] INFO  server.RaftServerConfigKeys (ConfUtils.java:logGet(44)) - raft.server.leaderelection.leader.step-down.wait-time = 10s (default)
2021-07-06 17:09:36,821 [pool-247-thread-1] INFO  server.RaftServerConfigKeys (ConfUtils.java:logGet(44)) - raft.server.sleep.deviation.threshold = 300ms (default)
2021-07-06 17:09:36,821 [pool-247-thread-1] INFO  server.RaftServerConfigKeys (ConfUtils.java:logGet(44)) - raft.server.log.appender.install.snapshot.enabled = false (custom)
2021-07-06 17:09:36,821 [pool-247-thread-1] INFO  server.RaftServer$Division (ServerState.java:<init>(105)) - 64ea58c5-a4b1-4696-b7a2-92ce3d3c799d@group-9C0EBA8E0C84: ConfigurationManager, init=-1: [64ea58c5-a4b1-4696-b7a2-92ce3d3c799d|rpc:127.0.0.1:34653|priority:1], old=null, confs=<EMPTY_MAP>
2021-07-06 17:09:36,821 [pool-247-thread-1] INFO  server.RaftServerConfigKeys (ConfUtils.java:logGet(44)) - raft.server.storage.dir = [/home/runner/work/ozone/ozone/mnt/ozone/hadoop-ozone/integration-test/target/test-dir/MiniOzoneClusterImpl-f74e07ef-a4e5-4994-bf82-498fd787e76a/datanode-0/data/ratis] (custom)
2021-07-06 17:09:36,821 [pool-247-thread-1] INFO  server.RaftServerConfigKeys (ConfUtils.java:logGet(44)) - raft.server.log.corruption.policy = EXCEPTION (default)
2021-07-06 17:09:36,821 [pool-247-thread-1] INFO  storage.RaftStorageDirectory (RaftStorageDirectoryImpl.java:analyzeStorage(132)) - The storage directory /home/runner/work/ozone/ozone/mnt/ozone/hadoop-ozone/integration-test/target/test-dir/MiniOzoneClusterImpl-f74e07ef-a4e5-4994-bf82-498fd787e76a/datanode-0/data/ratis/eb81dc61-e19a-46a1-b031-9c0eba8e0c84 does not exist. Creating ...
2021-07-06 17:09:36,822 [pool-247-thread-1] INFO  storage.RaftStorageDirectory (RaftStorageDirectoryImpl.java:tryLock(215)) - Lock on /home/runner/work/ozone/ozone/mnt/ozone/hadoop-ozone/integration-test/target/test-dir/MiniOzoneClusterImpl-f74e07ef-a4e5-4994-bf82-498fd787e76a/datanode-0/data/ratis/eb81dc61-e19a-46a1-b031-9c0eba8e0c84/in_use.lock acquired by nodename 28362@fv-az50-207
2021-07-06 17:09:36,823 [pool-247-thread-1] INFO  storage.RaftStorage (RaftStorageImpl.java:format(87)) - Storage directory /home/runner/work/ozone/ozone/mnt/ozone/hadoop-ozone/integration-test/target/test-dir/MiniOzoneClusterImpl-f74e07ef-a4e5-4994-bf82-498fd787e76a/datanode-0/data/ratis/eb81dc61-e19a-46a1-b031-9c0eba8e0c84 has been successfully formatted.
2021-07-06 17:09:36,824 [pool-247-thread-1] INFO  ratis.ContainerStateMachine (ContainerStateMachine.java:loadSnapshot(223)) - group-9C0EBA8E0C84: The snapshot info is null. Setting the last applied indexto:(t:0, i:~)
2021-07-06 17:09:36,824 [pool-247-thread-1] INFO  server.RaftServerConfigKeys (ConfUtils.java:logGet(44)) - raft.server.notification.no-leader.timeout = 300s (custom)
2021-07-06 17:09:36,824 [pool-247-thread-1] INFO  server.RaftServerConfigKeys (ConfUtils.java:logGet(44)) - raft.server.log.use.memory = false (default)
2021-07-06 17:09:36,824 [pool-247-thread-1] INFO  server.RaftServerConfigKeys (ConfUtils.java:logGet(44)) - raft.server.log.purge.gap = 1000000 (custom)
2021-07-06 17:09:36,824 [pool-247-thread-1] INFO  server.RaftServerConfigKeys (ConfUtils.java:logGet(44)) - raft.server.log.appender.buffer.byte-limit = 33554432 (custom)
2021-07-06 17:09:36,824 [pool-247-thread-1] INFO  metrics.RatisMetrics (RatisMetrics.java:lambda$create$0(36)) - Creating Metrics Registry : ratis.log_worker.64ea58c5-a4b1-4696-b7a2-92ce3d3c799d@group-9C0EBA8E0C84
2021-07-06 17:09:36,825 [EventQueue-PipelineReportForPipelineReportHandler] INFO  pipeline.PipelineManagerV2Impl (PipelineManagerV2Impl.java:openPipeline(270)) - Pipeline Pipeline[ Id: eb81dc61-e19a-46a1-b031-9c0eba8e0c84, Nodes: 64ea58c5-a4b1-4696-b7a2-92ce3d3c799d{ip: 127.0.0.1, host: localhost, ports: [REPLICATION=41321, RATIS=34653, RATIS_ADMIN=34653, RATIS_SERVER=34653, STANDALONE=37745], networkLocation: /default-rack, certSerialId: null, persistedOpState: IN_SERVICE, persistedOpStateExpiryEpochSec: 0}, ReplicationConfig: RATIS/ONE, State:ALLOCATED, leaderId:64ea58c5-a4b1-4696-b7a2-92ce3d3c799d, CreationTimestamp2021-07-06T17:09:33.828Z] moved to OPEN state
2021-07-06 17:09:36,827 [pool-247-thread-1] INFO  server.RaftServerConfigKeys (ConfUtils.java:logGet(44)) - raft.server.log.segment.size.max = 1048576 (custom)
2021-07-06 17:09:36,828 [pool-247-thread-1] INFO  server.RaftServerConfigKeys (ConfUtils.java:logGet(44)) - raft.server.log.segment.cache.num.max = 2 (custom)
2021-07-06 17:09:36,828 [pool-247-thread-1] INFO  server.RaftServerConfigKeys (ConfUtils.java:logGet(44)) - raft.server.log.segment.cache.size.max = 200MB (=209715200) (default)
2021-07-06 17:09:36,828 [pool-247-thread-1] INFO  segmented.SegmentedRaftLogWorker (SegmentedRaftLogWorker.java:<init>(182)) - new 64ea58c5-a4b1-4696-b7a2-92ce3d3c799d@group-9C0EBA8E0C84-SegmentedRaftLogWorker for RaftStorageImpl:Storage Directory /home/runner/work/ozone/ozone/mnt/ozone/hadoop-ozone/integration-test/target/test-dir/MiniOzoneClusterImpl-f74e07ef-a4e5-4994-bf82-498fd787e76a/datanode-0/data/ratis/eb81dc61-e19a-46a1-b031-9c0eba8e0c84
2021-07-06 17:09:36,828 [pool-247-thread-1] INFO  server.RaftServerConfigKeys (ConfUtils.java:logGet(44)) - raft.server.log.queue.byte-limit = 2147483647 (custom)
2021-07-06 17:09:36,828 [pool-247-thread-1] INFO  server.RaftServerConfigKeys (ConfUtils.java:logGet(44)) - raft.server.log.queue.element-limit = 1024 (custom)
2021-07-06 17:09:36,828 [pool-247-thread-1] INFO  server.RaftServerConfigKeys (ConfUtils.java:logGet(44)) - raft.server.log.segment.size.max = 1048576 (custom)
2021-07-06 17:09:36,828 [pool-247-thread-1] INFO  server.RaftServerConfigKeys (ConfUtils.java:logGet(44)) - raft.server.log.preallocated.size = 16384 (custom)
2021-07-06 17:09:36,828 [pool-247-thread-1] INFO  server.RaftServerConfigKeys (ConfUtils.java:logGet(44)) - raft.server.log.force.sync.num = 128 (default)
2021-07-06 17:09:36,828 [pool-247-thread-1] INFO  server.RaftServerConfigKeys (ConfUtils.java:logGet(44)) - raft.server.log.statemachine.data.sync = true (default)
2021-07-06 17:09:36,828 [pool-247-thread-1] INFO  server.RaftServerConfigKeys (ConfUtils.java:logGet(44)) - raft.server.log.statemachine.data.sync.timeout = 10s (default)
2021-07-06 17:09:36,828 [pool-247-thread-1] INFO  server.RaftServerConfigKeys (ConfUtils.java:logGet(44)) - raft.server.log.statemachine.data.sync.timeout.retry = -1 (default)
2021-07-06 17:09:36,829 [pool-247-thread-1] INFO  server.RaftServerConfigKeys (ConfUtils.java:logGet(44)) - raft.server.log.write.buffer.size = 1048576 (custom)
2021-07-06 17:09:36,830 [pool-247-thread-1] INFO  server.RaftServerConfigKeys (ConfUtils.java:logGet(44)) - raft.server.log.statemachine.data.caching.enabled = true (custom)
2021-07-06 17:09:36,830 [pool-247-thread-1] INFO  segmented.SegmentedRaftLogWorker (SegmentedRaftLogWorker.java:lambda$new$0(133)) - 64ea58c5-a4b1-4696-b7a2-92ce3d3c799d@group-9C0EBA8E0C84-SegmentedRaftLogWorker: flushIndex: setUnconditionally 0 -> -1
2021-07-06 17:09:36,830 [pool-247-thread-1] INFO  segmented.SegmentedRaftLogWorker (SegmentedRaftLogWorker.java:lambda$new$0(133)) - 64ea58c5-a4b1-4696-b7a2-92ce3d3c799d@group-9C0EBA8E0C84-SegmentedRaftLogWorker: safeCacheEvictIndex: setUnconditionally 0 -> -1
2021-07-06 17:09:36,833 [pool-247-thread-1] INFO  server.RaftServerConfigKeys (ConfUtils.java:logGet(44)) - raft.server.snapshot.auto.trigger.enabled = true (custom)
2021-07-06 17:09:36,833 [pool-247-thread-1] INFO  server.RaftServerConfigKeys (ConfUtils.java:logGet(44)) - raft.server.snapshot.auto.trigger.threshold = 10000 (custom)
2021-07-06 17:09:36,833 [pool-247-thread-1] INFO  server.RaftServerConfigKeys (ConfUtils.java:logGet(44)) - raft.server.snapshot.retention.file.num = 5 (custom)
2021-07-06 17:09:36,833 [pool-247-thread-1] INFO  server.RaftServerConfigKeys (ConfUtils.java:logGet(44)) - raft.server.log.purge.upto.snapshot.index = false (default)
2021-07-06 17:09:36,833 [pool-247-thread-1] INFO  server.RaftServerConfigKeys (ConfUtils.java:logGet(44)) - raft.server.retrycache.expirytime = 600000ms (custom)
2021-07-06 17:09:36,833 [pool-247-thread-1] INFO  server.RaftServerConfigKeys (ConfUtils.java:logGet(44)) - raft.server.retrycache.statistics.expirytime = 100μs (default)
2021-07-06 17:09:36,834 [pool-247-thread-1] INFO  metrics.RatisMetrics (RatisMetrics.java:lambda$create$0(36)) - Creating Metrics Registry : ratis.leader_election.64ea58c5-a4b1-4696-b7a2-92ce3d3c799d@group-9C0EBA8E0C84
2021-07-06 17:09:36,834 [EndpointStateMachine task thread for /127.0.0.1:15293 - 0 ] WARN  statemachine.EndpointStateMachine (EndpointStateMachine.java:logIfNeeded(236)) - Unable to communicate to SCM server at 127.0.0.1:15293 for past 0 seconds.
java.net.SocketTimeoutException: Call From fv-az50-207/10.1.0.59 to localhost:15293 failed on socket timeout exception: java.net.SocketTimeoutException: 5000 millis timeout while waiting for channel to be ready for read. ch : java.nio.channels.SocketChannel[connected local=/127.0.0.1:58972 remote=/127.0.0.1:15293]; For more details see:  http://wiki.apache.org/hadoop/SocketTimeout
	at sun.reflect.GeneratedConstructorAccessor35.newInstance(Unknown Source)
	at sun.reflect.DelegatingConstructorAccessorImpl.newInstance(DelegatingConstructorAccessorImpl.java:45)
	at java.lang.reflect.Constructor.newInstance(Constructor.java:423)
	at org.apache.hadoop.net.NetUtils.wrapWithMessage(NetUtils.java:836)
	at org.apache.hadoop.net.NetUtils.wrapException(NetUtils.java:780)
	at org.apache.hadoop.ipc.Client.getRpcResponse(Client.java:1566)
	at org.apache.hadoop.ipc.Client.call(Client.java:1508)
	at org.apache.hadoop.ipc.Client.call(Client.java:1405)
	at org.apache.hadoop.ipc.ProtobufRpcEngine$Invoker.invoke(ProtobufRpcEngine.java:233)
	at org.apache.hadoop.ipc.ProtobufRpcEngine$Invoker.invoke(ProtobufRpcEngine.java:118)
	at com.sun.proxy.$Proxy45.submitRequest(Unknown Source)
	at org.apache.hadoop.ozone.protocolPB.StorageContainerDatanodeProtocolClientSideTranslatorPB.submitRequest(StorageContainerDatanodeProtocolClientSideTranslatorPB.java:117)
	at org.apache.hadoop.ozone.protocolPB.StorageContainerDatanodeProtocolClientSideTranslatorPB.getVersion(StorageContainerDatanodeProtocolClientSideTranslatorPB.java:133)
	at org.apache.hadoop.ozone.container.common.states.endpoint.VersionEndpointTask.call(VersionEndpointTask.java:71)
	at org.apache.hadoop.ozone.container.common.states.endpoint.VersionEndpointTask.call(VersionEndpointTask.java:42)
	at java.util.concurrent.FutureTask.run(FutureTask.java:266)
	at java.util.concurrent.ThreadPoolExecutor.runWorker(ThreadPoolExecutor.java:1149)
	at java.util.concurrent.ThreadPoolExecutor$Worker.run(ThreadPoolExecutor.java:624)
	at java.lang.Thread.run(Thread.java:748)
Caused by: java.net.SocketTimeoutException: 5000 millis timeout while waiting for channel to be ready for read. ch : java.nio.channels.SocketChannel[connected local=/127.0.0.1:58972 remote=/127.0.0.1:15293]
	at org.apache.hadoop.net.SocketIOWithTimeout.doIO(SocketIOWithTimeout.java:164)
	at org.apache.hadoop.net.SocketInputStream.read(SocketInputStream.java:161)
	at org.apache.hadoop.net.SocketInputStream.read(SocketInputStream.java:131)
	at java.io.FilterInputStream.read(FilterInputStream.java:133)
	at java.io.BufferedInputStream.fill(BufferedInputStream.java:246)
	at java.io.BufferedInputStream.read(BufferedInputStream.java:265)
	at java.io.FilterInputStream.read(FilterInputStream.java:83)
	at java.io.FilterInputStream.read(FilterInputStream.java:83)
	at org.apache.hadoop.ipc.Client$Connection$PingInputStream.read(Client.java:562)
	at java.io.DataInputStream.readInt(DataInputStream.java:387)
	at org.apache.hadoop.ipc.Client$IpcStreams.readResponse(Client.java:1880)
	at org.apache.hadoop.ipc.Client$Connection.receiveRpcResponse(Client.java:1191)
	at org.apache.hadoop.ipc.Client$Connection.run(Client.java:1087)
2021-07-06 17:09:36,838 [pool-247-thread-1] INFO  metrics.RatisMetrics (RatisMetrics.java:lambda$create$0(36)) - Creating Metrics Registry : ratis.server.64ea58c5-a4b1-4696-b7a2-92ce3d3c799d@group-9C0EBA8E0C84
2021-07-06 17:09:36,834 [EndpointStateMachine task thread for /127.0.0.1:15293 - 0 ] WARN  statemachine.EndpointStateMachine (EndpointStateMachine.java:logIfNeeded(236)) - Unable to communicate to SCM server at localhost:15293 for past 0 seconds.
java.net.SocketTimeoutException: Call From fv-az50-207/10.1.0.59 to localhost:15293 failed on socket timeout exception: java.net.SocketTimeoutException: 5000 millis timeout while waiting for channel to be ready for read. ch : java.nio.channels.SocketChannel[connected local=/127.0.0.1:58972 remote=/127.0.0.1:15293]; For more details see:  http://wiki.apache.org/hadoop/SocketTimeout
	at sun.reflect.GeneratedConstructorAccessor35.newInstance(Unknown Source)
	at sun.reflect.DelegatingConstructorAccessorImpl.newInstance(DelegatingConstructorAccessorImpl.java:45)
	at java.lang.reflect.Constructor.newInstance(Constructor.java:423)
	at org.apache.hadoop.net.NetUtils.wrapWithMessage(NetUtils.java:836)
	at org.apache.hadoop.net.NetUtils.wrapException(NetUtils.java:780)
	at org.apache.hadoop.ipc.Client.getRpcResponse(Client.java:1566)
	at org.apache.hadoop.ipc.Client.call(Client.java:1508)
	at org.apache.hadoop.ipc.Client.call(Client.java:1405)
	at org.apache.hadoop.ipc.ProtobufRpcEngine$Invoker.invoke(ProtobufRpcEngine.java:233)
	at org.apache.hadoop.ipc.ProtobufRpcEngine$Invoker.invoke(ProtobufRpcEngine.java:118)
	at com.sun.proxy.$Proxy45.submitRequest(Unknown Source)
	at org.apache.hadoop.ozone.protocolPB.StorageContainerDatanodeProtocolClientSideTranslatorPB.submitRequest(StorageContainerDatanodeProtocolClientSideTranslatorPB.java:117)
	at org.apache.hadoop.ozone.protocolPB.StorageContainerDatanodeProtocolClientSideTranslatorPB.getVersion(StorageContainerDatanodeProtocolClientSideTranslatorPB.java:133)
	at org.apache.hadoop.ozone.container.common.states.endpoint.VersionEndpointTask.call(VersionEndpointTask.java:71)
	at org.apache.hadoop.ozone.container.common.states.endpoint.VersionEndpointTask.call(VersionEndpointTask.java:42)
	at java.util.concurrent.FutureTask.run(FutureTask.java:266)
	at java.util.concurrent.ThreadPoolExecutor.runWorker(ThreadPoolExecutor.java:1149)
	at java.util.concurrent.ThreadPoolExecutor$Worker.run(ThreadPoolExecutor.java:624)
	at java.lang.Thread.run(Thread.java:748)
Caused by: java.net.SocketTimeoutException: 5000 millis timeout while waiting for channel to be ready for read. ch : java.nio.channels.SocketChannel[connected local=/127.0.0.1:58972 remote=/127.0.0.1:15293]
	at org.apache.hadoop.net.SocketIOWithTimeout.doIO(SocketIOWithTimeout.java:164)
	at org.apache.hadoop.net.SocketInputStream.read(SocketInputStream.java:161)
	at org.apache.hadoop.net.SocketInputStream.read(SocketInputStream.java:131)
	at java.io.FilterInputStream.read(FilterInputStream.java:133)
	at java.io.BufferedInputStream.fill(BufferedInputStream.java:246)
	at java.io.BufferedInputStream.read(BufferedInputStream.java:265)
	at java.io.FilterInputStream.read(FilterInputStream.java:83)
	at java.io.FilterInputStream.read(FilterInputStream.java:83)
	at org.apache.hadoop.ipc.Client$Connection$PingInputStream.read(Client.java:562)
	at java.io.DataInputStream.readInt(DataInputStream.java:387)
	at org.apache.hadoop.ipc.Client$IpcStreams.readResponse(Client.java:1880)
	at org.apache.hadoop.ipc.Client$Connection.receiveRpcResponse(Client.java:1191)
	at org.apache.hadoop.ipc.Client$Connection.run(Client.java:1087)
2021-07-06 17:09:36,834 [EndpointStateMachine task thread for /127.0.0.1:15293 - 0 ] WARN  statemachine.EndpointStateMachine (EndpointStateMachine.java:logIfNeeded(236)) - Unable to communicate to SCM server at 127.0.0.1:15293 for past 0 seconds.
java.net.SocketTimeoutException: Call From fv-az50-207/10.1.0.59 to localhost:15293 failed on socket timeout exception: java.net.SocketTimeoutException: 5000 millis timeout while waiting for channel to be ready for read. ch : java.nio.channels.SocketChannel[connected local=/127.0.0.1:58972 remote=/127.0.0.1:15293]; For more details see:  http://wiki.apache.org/hadoop/SocketTimeout
	at sun.reflect.GeneratedConstructorAccessor35.newInstance(Unknown Source)
	at sun.reflect.DelegatingConstructorAccessorImpl.newInstance(DelegatingConstructorAccessorImpl.java:45)
	at java.lang.reflect.Constructor.newInstance(Constructor.java:423)
	at org.apache.hadoop.net.NetUtils.wrapWithMessage(NetUtils.java:836)
	at org.apache.hadoop.net.NetUtils.wrapException(NetUtils.java:780)
	at org.apache.hadoop.ipc.Client.getRpcResponse(Client.java:1566)
	at org.apache.hadoop.ipc.Client.call(Client.java:1508)
	at org.apache.hadoop.ipc.Client.call(Client.java:1405)
	at org.apache.hadoop.ipc.ProtobufRpcEngine$Invoker.invoke(ProtobufRpcEngine.java:233)
	at org.apache.hadoop.ipc.ProtobufRpcEngine$Invoker.invoke(ProtobufRpcEngine.java:118)
	at com.sun.proxy.$Proxy45.submitRequest(Unknown Source)
	at org.apache.hadoop.ozone.protocolPB.StorageContainerDatanodeProtocolClientSideTranslatorPB.submitRequest(StorageContainerDatanodeProtocolClientSideTranslatorPB.java:117)
	at org.apache.hadoop.ozone.protocolPB.StorageContainerDatanodeProtocolClientSideTranslatorPB.getVersion(StorageContainerDatanodeProtocolClientSideTranslatorPB.java:133)
	at org.apache.hadoop.ozone.container.common.states.endpoint.VersionEndpointTask.call(VersionEndpointTask.java:71)
	at org.apache.hadoop.ozone.container.common.states.endpoint.VersionEndpointTask.call(VersionEndpointTask.java:42)
	at java.util.concurrent.FutureTask.run(FutureTask.java:266)
	at java.util.concurrent.ThreadPoolExecutor.runWorker(ThreadPoolExecutor.java:1149)
	at java.util.concurrent.ThreadPoolExecutor$Worker.run(ThreadPoolExecutor.java:624)
	at java.lang.Thread.run(Thread.java:748)
Caused by: java.net.SocketTimeoutException: 5000 millis timeout while waiting for channel to be ready for read. ch : java.nio.channels.SocketChannel[connected local=/127.0.0.1:58972 remote=/127.0.0.1:15293]
	at org.apache.hadoop.net.SocketIOWithTimeout.doIO(SocketIOWithTimeout.java:164)
	at org.apache.hadoop.net.SocketInputStream.read(SocketInputStream.java:161)
	at org.apache.hadoop.net.SocketInputStream.read(SocketInputStream.java:131)
	at java.io.FilterInputStream.read(FilterInputStream.java:133)
	at java.io.BufferedInputStream.fill(BufferedInputStream.java:246)
	at java.io.BufferedInputStream.read(BufferedInputStream.java:265)
	at java.io.FilterInputStream.read(FilterInputStream.java:83)
	at java.io.FilterInputStream.read(FilterInputStream.java:83)
	at org.apache.hadoop.ipc.Client$Connection$PingInputStream.read(Client.java:562)
	at java.io.DataInputStream.readInt(DataInputStream.java:387)
	at org.apache.hadoop.ipc.Client$IpcStreams.readResponse(Client.java:1880)
	at org.apache.hadoop.ipc.Client$Connection.receiveRpcResponse(Client.java:1191)
	at org.apache.hadoop.ipc.Client$Connection.run(Client.java:1087)
2021-07-06 17:09:36,838 [pool-247-thread-1] INFO  server.RaftServer$Division (RaftServerImpl.java:start(295)) - 64ea58c5-a4b1-4696-b7a2-92ce3d3c799d@group-9C0EBA8E0C84: start as a follower, conf=-1: [64ea58c5-a4b1-4696-b7a2-92ce3d3c799d|rpc:127.0.0.1:34653|priority:1], old=null
2021-07-06 17:09:36,839 [pool-247-thread-1] INFO  server.RaftServer$Division (RaftServerImpl.java:setRole(284)) - 64ea58c5-a4b1-4696-b7a2-92ce3d3c799d@group-9C0EBA8E0C84: changes role from      null to FOLLOWER at term 0 for startAsFollower
2021-07-06 17:09:36,841 [EventQueue-PipelineReportForPipelineReportHandler] INFO  pipeline.PipelineManagerV2Impl (PipelineManagerV2Impl.java:openPipeline(270)) - Pipeline Pipeline[ Id: eb81dc61-e19a-46a1-b031-9c0eba8e0c84, Nodes: 64ea58c5-a4b1-4696-b7a2-92ce3d3c799d{ip: 127.0.0.1, host: localhost, ports: [REPLICATION=41321, RATIS=34653, RATIS_ADMIN=34653, RATIS_SERVER=34653, STANDALONE=37745], networkLocation: /default-rack, certSerialId: null, persistedOpState: IN_SERVICE, persistedOpStateExpiryEpochSec: 0}, ReplicationConfig: RATIS/ONE, State:ALLOCATED, leaderId:64ea58c5-a4b1-4696-b7a2-92ce3d3c799d, CreationTimestamp2021-07-06T17:09:33.828Z] moved to OPEN state
2021-07-06 17:09:36,841 [EventQueue-PipelineReportForPipelineReportHandler] INFO  ha.SCMHAInvocationHandler (SCMHAInvocationHandler.java:invokeRatis(113)) - Invoking method public abstract void org.apache.hadoop.hdds.scm.pipeline.StateManager.updatePipelineState(org.apache.hadoop.hdds.protocol.proto.HddsProtos$PipelineID,org.apache.hadoop.hdds.protocol.proto.HddsProtos$PipelineState) throws java.io.IOException on target org.apache.hadoop.hdds.scm.ha.SCMRatisServerImpl@26316019, cost 381.905us
2021-07-06 17:09:36,842 [48f00b5a-c605-41fe-901b-b25c0b7536a6@group-498FD787E76A-StateMachineUpdater] INFO  safemode.HealthyPipelineSafeModeRule (HealthyPipelineSafeModeRule.java:initializeRule(152)) - Refreshed total pipeline count is 0, healthy pipeline threshold count is 1
2021-07-06 17:09:36,843 [EventQueue-PipelineReportForPipelineReportHandler] INFO  ha.SCMHAInvocationHandler (SCMHAInvocationHandler.java:invokeRatis(113)) - Invoking method public abstract void org.apache.hadoop.hdds.scm.pipeline.StateManager.updatePipelineState(org.apache.hadoop.hdds.protocol.proto.HddsProtos$PipelineID,org.apache.hadoop.hdds.protocol.proto.HddsProtos$PipelineState) throws java.io.IOException on target org.apache.hadoop.hdds.scm.ha.SCMRatisServerImpl@66a9e01e, cost 17566.253us
2021-07-06 17:09:36,844 [pool-247-thread-1] INFO  impl.RoleInfo (RoleInfo.java:updateAndGet(130)) - 64ea58c5-a4b1-4696-b7a2-92ce3d3c799d: start 64ea58c5-a4b1-4696-b7a2-92ce3d3c799d@group-9C0EBA8E0C84-FollowerState
2021-07-06 17:09:36,844 [EventQueue-OpenPipelineForHealthyPipelineSafeModeRule] INFO  safemode.SCMSafeModeManager (HealthyPipelineSafeModeRule.java:process(124)) - SCM in safe mode. Healthy pipelines reported count is 0, required healthy pipeline reported count is 1
2021-07-06 17:09:36,844 [pool-247-thread-1] INFO  util.JmxRegister (JmxRegister.java:tryRegister(44)) - Successfully registered JMX Bean with object name Ratis:service=RaftServer,group=group-9C0EBA8E0C84,id=64ea58c5-a4b1-4696-b7a2-92ce3d3c799d
2021-07-06 17:09:36,844 [pool-247-thread-1] INFO  metrics.RatisMetrics (RatisMetrics.java:lambda$create$0(36)) - Creating Metrics Registry : ratis.state_machine.64ea58c5-a4b1-4696-b7a2-92ce3d3c799d@group-9C0EBA8E0C84
2021-07-06 17:09:36,844 [Command processor thread] INFO  ratis.XceiverServerRatis (XceiverServerRatis.java:addGroup(759)) - Created group PipelineID=eb81dc61-e19a-46a1-b031-9c0eba8e0c84
2021-07-06 17:09:36,845 [Command processor thread] INFO  commandhandler.CreatePipelineCommandHandler (CreatePipelineCommandHandler.java:handle(106)) - Created Pipeline RATIS ONE PipelineID=eb81dc61-e19a-46a1-b031-9c0eba8e0c84.
2021-07-06 17:09:36,845 [Command processor thread] INFO  server.RaftServer (RaftServerProxy.java:addNew(95)) - 64ea58c5-a4b1-4696-b7a2-92ce3d3c799d: addNew group-E792FEA90364:[64ea58c5-a4b1-4696-b7a2-92ce3d3c799d|rpc:127.0.0.1:34653|priority:0, ff163131-26ab-494b-a4b8-6a11ee7eba7d|rpc:127.0.0.1:43147|priority:0, 73a0175b-b29c-42d7-9744-7e0c9f30680d|rpc:127.0.0.1:45439|priority:1] returns group-E792FEA90364:java.util.concurrent.CompletableFuture@c967520[Not completed]
2021-07-06 17:09:36,850 [pool-247-thread-1] INFO  server.RaftServer$Division (RaftServerImpl.java:<init>(180)) - 64ea58c5-a4b1-4696-b7a2-92ce3d3c799d: new RaftServerImpl for group-E792FEA90364:[64ea58c5-a4b1-4696-b7a2-92ce3d3c799d|rpc:127.0.0.1:34653|priority:0, ff163131-26ab-494b-a4b8-6a11ee7eba7d|rpc:127.0.0.1:43147|priority:0, 73a0175b-b29c-42d7-9744-7e0c9f30680d|rpc:127.0.0.1:45439|priority:1] with ContainerStateMachine:uninitialized
2021-07-06 17:09:36,850 [pool-247-thread-1] INFO  server.RaftServerConfigKeys (ConfUtils.java:logGet(44)) - raft.server.rpc.timeout.min = 5s (custom)
2021-07-06 17:09:36,850 [pool-247-thread-1] INFO  server.RaftServerConfigKeys (ConfUtils.java:logGet(44)) - raft.server.rpc.timeout.max = 5200ms (custom)
2021-07-06 17:09:36,850 [pool-247-thread-1] INFO  server.RaftServerConfigKeys (ConfUtils.java:logGet(44)) - raft.server.rpc.sleep.time = 25ms (default)
2021-07-06 17:09:36,850 [pool-247-thread-1] INFO  server.RaftServerConfigKeys (ConfUtils.java:logGet(44)) - raft.server.rpc.slowness.timeout = 300s (custom)
2021-07-06 17:09:36,850 [pool-247-thread-1] INFO  server.RaftServerConfigKeys (ConfUtils.java:logGet(44)) - raft.server.leaderelection.leader.step-down.wait-time = 10s (default)
2021-07-06 17:09:36,850 [pool-247-thread-1] INFO  server.RaftServerConfigKeys (ConfUtils.java:logGet(44)) - raft.server.sleep.deviation.threshold = 300ms (default)
2021-07-06 17:09:36,850 [pool-247-thread-1] INFO  server.RaftServerConfigKeys (ConfUtils.java:logGet(44)) - raft.server.log.appender.install.snapshot.enabled = false (custom)
2021-07-06 17:09:36,850 [pool-247-thread-1] INFO  server.RaftServer$Division (ServerState.java:<init>(105)) - 64ea58c5-a4b1-4696-b7a2-92ce3d3c799d@group-E792FEA90364: ConfigurationManager, init=-1: [64ea58c5-a4b1-4696-b7a2-92ce3d3c799d|rpc:127.0.0.1:34653|priority:0, ff163131-26ab-494b-a4b8-6a11ee7eba7d|rpc:127.0.0.1:43147|priority:0, 73a0175b-b29c-42d7-9744-7e0c9f30680d|rpc:127.0.0.1:45439|priority:1], old=null, confs=<EMPTY_MAP>
2021-07-06 17:09:36,850 [pool-247-thread-1] INFO  server.RaftServerConfigKeys (ConfUtils.java:logGet(44)) - raft.server.storage.dir = [/home/runner/work/ozone/ozone/mnt/ozone/hadoop-ozone/integration-test/target/test-dir/MiniOzoneClusterImpl-f74e07ef-a4e5-4994-bf82-498fd787e76a/datanode-0/data/ratis] (custom)
2021-07-06 17:09:36,851 [pool-247-thread-1] INFO  server.RaftServerConfigKeys (ConfUtils.java:logGet(44)) - raft.server.log.corruption.policy = EXCEPTION (default)
2021-07-06 17:09:36,851 [pool-247-thread-1] INFO  storage.RaftStorageDirectory (RaftStorageDirectoryImpl.java:analyzeStorage(132)) - The storage directory /home/runner/work/ozone/ozone/mnt/ozone/hadoop-ozone/integration-test/target/test-dir/MiniOzoneClusterImpl-f74e07ef-a4e5-4994-bf82-498fd787e76a/datanode-0/data/ratis/8fd3e776-5b3d-4dc2-912b-e792fea90364 does not exist. Creating ...
2021-07-06 17:09:36,851 [pool-247-thread-1] INFO  storage.RaftStorageDirectory (RaftStorageDirectoryImpl.java:tryLock(215)) - Lock on /home/runner/work/ozone/ozone/mnt/ozone/hadoop-ozone/integration-test/target/test-dir/MiniOzoneClusterImpl-f74e07ef-a4e5-4994-bf82-498fd787e76a/datanode-0/data/ratis/8fd3e776-5b3d-4dc2-912b-e792fea90364/in_use.lock acquired by nodename 28362@fv-az50-207
2021-07-06 17:09:36,852 [9c66a5a1-6505-4feb-946f-7a4da78b4c7a@group-498FD787E76A-StateMachineUpdater] INFO  safemode.HealthyPipelineSafeModeRule (HealthyPipelineSafeModeRule.java:initializeRule(152)) - Refreshed total pipeline count is 0, healthy pipeline threshold count is 1
2021-07-06 17:09:36,853 [pool-247-thread-1] INFO  storage.RaftStorage (RaftStorageImpl.java:format(87)) - Storage directory /home/runner/work/ozone/ozone/mnt/ozone/hadoop-ozone/integration-test/target/test-dir/MiniOzoneClusterImpl-f74e07ef-a4e5-4994-bf82-498fd787e76a/datanode-0/data/ratis/8fd3e776-5b3d-4dc2-912b-e792fea90364 has been successfully formatted.
2021-07-06 17:09:36,855 [pool-247-thread-1] INFO  ratis.ContainerStateMachine (ContainerStateMachine.java:loadSnapshot(223)) - group-E792FEA90364: The snapshot info is null. Setting the last applied indexto:(t:0, i:~)
2021-07-06 17:09:36,856 [EventQueue-OpenPipelineForHealthyPipelineSafeModeRule] INFO  safemode.SCMSafeModeManager (HealthyPipelineSafeModeRule.java:process(124)) - SCM in safe mode. Healthy pipelines reported count is 0, required healthy pipeline reported count is 1
2021-07-06 17:09:36,856 [pool-247-thread-1] INFO  server.RaftServerConfigKeys (ConfUtils.java:logGet(44)) - raft.server.notification.no-leader.timeout = 300s (custom)
2021-07-06 17:09:36,856 [pool-247-thread-1] INFO  server.RaftServerConfigKeys (ConfUtils.java:logGet(44)) - raft.server.log.use.memory = false (default)
2021-07-06 17:09:36,856 [pool-247-thread-1] INFO  server.RaftServerConfigKeys (ConfUtils.java:logGet(44)) - raft.server.log.purge.gap = 1000000 (custom)
2021-07-06 17:09:36,856 [pool-247-thread-1] INFO  server.RaftServerConfigKeys (ConfUtils.java:logGet(44)) - raft.server.log.appender.buffer.byte-limit = 33554432 (custom)
2021-07-06 17:09:36,856 [pool-247-thread-1] INFO  metrics.RatisMetrics (RatisMetrics.java:lambda$create$0(36)) - Creating Metrics Registry : ratis.log_worker.64ea58c5-a4b1-4696-b7a2-92ce3d3c799d@group-E792FEA90364
2021-07-06 17:09:36,856 [pool-247-thread-1] INFO  server.RaftServerConfigKeys (ConfUtils.java:logGet(44)) - raft.server.log.segment.size.max = 1048576 (custom)
2021-07-06 17:09:36,857 [pool-247-thread-1] INFO  server.RaftServerConfigKeys (ConfUtils.java:logGet(44)) - raft.server.log.segment.cache.num.max = 2 (custom)
2021-07-06 17:09:36,857 [pool-247-thread-1] INFO  server.RaftServerConfigKeys (ConfUtils.java:logGet(44)) - raft.server.log.segment.cache.size.max = 200MB (=209715200) (default)
2021-07-06 17:09:36,857 [pool-247-thread-1] INFO  segmented.SegmentedRaftLogWorker (SegmentedRaftLogWorker.java:<init>(182)) - new 64ea58c5-a4b1-4696-b7a2-92ce3d3c799d@group-E792FEA90364-SegmentedRaftLogWorker for RaftStorageImpl:Storage Directory /home/runner/work/ozone/ozone/mnt/ozone/hadoop-ozone/integration-test/target/test-dir/MiniOzoneClusterImpl-f74e07ef-a4e5-4994-bf82-498fd787e76a/datanode-0/data/ratis/8fd3e776-5b3d-4dc2-912b-e792fea90364
2021-07-06 17:09:36,857 [pool-247-thread-1] INFO  server.RaftServerConfigKeys (ConfUtils.java:logGet(44)) - raft.server.log.queue.byte-limit = 2147483647 (custom)
2021-07-06 17:09:36,857 [pool-247-thread-1] INFO  server.RaftServerConfigKeys (ConfUtils.java:logGet(44)) - raft.server.log.queue.element-limit = 1024 (custom)
2021-07-06 17:09:36,857 [pool-247-thread-1] INFO  server.RaftServerConfigKeys (ConfUtils.java:logGet(44)) - raft.server.log.segment.size.max = 1048576 (custom)
2021-07-06 17:09:36,857 [pool-247-thread-1] INFO  server.RaftServerConfigKeys (ConfUtils.java:logGet(44)) - raft.server.log.preallocated.size = 16384 (custom)
2021-07-06 17:09:36,857 [pool-247-thread-1] INFO  server.RaftServerConfigKeys (ConfUtils.java:logGet(44)) - raft.server.log.force.sync.num = 128 (default)
2021-07-06 17:09:36,857 [pool-247-thread-1] INFO  server.RaftServerConfigKeys (ConfUtils.java:logGet(44)) - raft.server.log.statemachine.data.sync = true (default)
2021-07-06 17:09:36,857 [pool-247-thread-1] INFO  server.RaftServerConfigKeys (ConfUtils.java:logGet(44)) - raft.server.log.statemachine.data.sync.timeout = 10s (default)
2021-07-06 17:09:36,857 [pool-247-thread-1] INFO  server.RaftServerConfigKeys (ConfUtils.java:logGet(44)) - raft.server.log.statemachine.data.sync.timeout.retry = -1 (default)
2021-07-06 17:09:36,858 [pool-247-thread-1] INFO  server.RaftServerConfigKeys (ConfUtils.java:logGet(44)) - raft.server.log.write.buffer.size = 1048576 (custom)
2021-07-06 17:09:36,858 [EventQueue-OpenPipelineForHealthyPipelineSafeModeRule] INFO  safemode.SCMSafeModeManager (HealthyPipelineSafeModeRule.java:process(124)) - SCM in safe mode. Healthy pipelines reported count is 0, required healthy pipeline reported count is 1
2021-07-06 17:09:36,858 [pool-247-thread-1] INFO  server.RaftServerConfigKeys (ConfUtils.java:logGet(44)) - raft.server.log.statemachine.data.caching.enabled = true (custom)
2021-07-06 17:09:36,859 [pool-247-thread-1] INFO  segmented.SegmentedRaftLogWorker (SegmentedRaftLogWorker.java:lambda$new$0(133)) - 64ea58c5-a4b1-4696-b7a2-92ce3d3c799d@group-E792FEA90364-SegmentedRaftLogWorker: flushIndex: setUnconditionally 0 -> -1
2021-07-06 17:09:36,859 [pool-247-thread-1] INFO  segmented.SegmentedRaftLogWorker (SegmentedRaftLogWorker.java:lambda$new$0(133)) - 64ea58c5-a4b1-4696-b7a2-92ce3d3c799d@group-E792FEA90364-SegmentedRaftLogWorker: safeCacheEvictIndex: setUnconditionally 0 -> -1
2021-07-06 17:09:36,859 [pool-247-thread-1] INFO  server.RaftServerConfigKeys (ConfUtils.java:logGet(44)) - raft.server.snapshot.auto.trigger.enabled = true (custom)
2021-07-06 17:09:36,859 [pool-247-thread-1] INFO  server.RaftServerConfigKeys (ConfUtils.java:logGet(44)) - raft.server.snapshot.auto.trigger.threshold = 10000 (custom)
2021-07-06 17:09:36,859 [pool-247-thread-1] INFO  server.RaftServerConfigKeys (ConfUtils.java:logGet(44)) - raft.server.snapshot.retention.file.num = 5 (custom)
2021-07-06 17:09:36,859 [pool-247-thread-1] INFO  server.RaftServerConfigKeys (ConfUtils.java:logGet(44)) - raft.server.log.purge.upto.snapshot.index = false (default)
2021-07-06 17:09:36,859 [pool-247-thread-1] INFO  server.RaftServerConfigKeys (ConfUtils.java:logGet(44)) - raft.server.retrycache.expirytime = 600000ms (custom)
2021-07-06 17:09:36,859 [pool-247-thread-1] INFO  server.RaftServerConfigKeys (ConfUtils.java:logGet(44)) - raft.server.retrycache.statistics.expirytime = 100μs (default)
2021-07-06 17:09:36,859 [pool-247-thread-1] INFO  metrics.RatisMetrics (RatisMetrics.java:lambda$create$0(36)) - Creating Metrics Registry : ratis.leader_election.64ea58c5-a4b1-4696-b7a2-92ce3d3c799d@group-E792FEA90364
2021-07-06 17:09:36,859 [pool-247-thread-1] INFO  metrics.RatisMetrics (RatisMetrics.java:lambda$create$0(36)) - Creating Metrics Registry : ratis.server.64ea58c5-a4b1-4696-b7a2-92ce3d3c799d@group-E792FEA90364
2021-07-06 17:09:36,860 [pool-247-thread-1] INFO  server.RaftServer$Division (RaftServerImpl.java:start(295)) - 64ea58c5-a4b1-4696-b7a2-92ce3d3c799d@group-E792FEA90364: start as a follower, conf=-1: [64ea58c5-a4b1-4696-b7a2-92ce3d3c799d|rpc:127.0.0.1:34653|priority:0, ff163131-26ab-494b-a4b8-6a11ee7eba7d|rpc:127.0.0.1:43147|priority:0, 73a0175b-b29c-42d7-9744-7e0c9f30680d|rpc:127.0.0.1:45439|priority:1], old=null
2021-07-06 17:09:36,860 [pool-247-thread-1] INFO  server.RaftServer$Division (RaftServerImpl.java:setRole(284)) - 64ea58c5-a4b1-4696-b7a2-92ce3d3c799d@group-E792FEA90364: changes role from      null to FOLLOWER at term 0 for startAsFollower
2021-07-06 17:09:36,860 [pool-247-thread-1] INFO  impl.RoleInfo (RoleInfo.java:updateAndGet(130)) - 64ea58c5-a4b1-4696-b7a2-92ce3d3c799d: start 64ea58c5-a4b1-4696-b7a2-92ce3d3c799d@group-E792FEA90364-FollowerState
2021-07-06 17:09:36,865 [pool-247-thread-1] INFO  util.JmxRegister (JmxRegister.java:tryRegister(44)) - Successfully registered JMX Bean with object name Ratis:service=RaftServer,group=group-E792FEA90364,id=64ea58c5-a4b1-4696-b7a2-92ce3d3c799d
2021-07-06 17:09:36,865 [pool-247-thread-1] INFO  metrics.RatisMetrics (RatisMetrics.java:lambda$create$0(36)) - Creating Metrics Registry : ratis.state_machine.64ea58c5-a4b1-4696-b7a2-92ce3d3c799d@group-E792FEA90364
2021-07-06 17:09:36,865 [Command processor thread] INFO  ratis.XceiverServerRatis (XceiverServerRatis.java:addGroup(759)) - Created group PipelineID=8fd3e776-5b3d-4dc2-912b-e792fea90364
2021-07-06 17:09:36,866 [Command processor thread] INFO  metrics.RatisMetrics (RatisMetrics.java:lambda$create$0(36)) - Creating Metrics Registry : ratis.client_message_metrics.client-B06A49C4F03D->ff163131-26ab-494b-a4b8-6a11ee7eba7d
2021-07-06 17:09:36,872 [grpc-default-executor-3] INFO  metrics.RatisMetrics (RatisMetrics.java:lambda$create$0(36)) - Creating Metrics Registry : ratis.server_message_metrics.ff163131-26ab-494b-a4b8-6a11ee7eba7d
2021-07-06 17:09:36,873 [grpc-default-executor-3] INFO  server.RaftServer (RaftServerProxy.java:addNew(95)) - ff163131-26ab-494b-a4b8-6a11ee7eba7d: addNew group-E792FEA90364:[64ea58c5-a4b1-4696-b7a2-92ce3d3c799d|rpc:127.0.0.1:34653|dataStream:|priority:0, ff163131-26ab-494b-a4b8-6a11ee7eba7d|rpc:127.0.0.1:43147|dataStream:|priority:0, 73a0175b-b29c-42d7-9744-7e0c9f30680d|rpc:127.0.0.1:45439|dataStream:|priority:1] returns group-E792FEA90364:java.util.concurrent.CompletableFuture@171c54a2[Not completed]
2021-07-06 17:09:36,874 [pool-287-thread-1] INFO  server.RaftServer$Division (RaftServerImpl.java:<init>(180)) - ff163131-26ab-494b-a4b8-6a11ee7eba7d: new RaftServerImpl for group-E792FEA90364:[64ea58c5-a4b1-4696-b7a2-92ce3d3c799d|rpc:127.0.0.1:34653|dataStream:|priority:0, ff163131-26ab-494b-a4b8-6a11ee7eba7d|rpc:127.0.0.1:43147|dataStream:|priority:0, 73a0175b-b29c-42d7-9744-7e0c9f30680d|rpc:127.0.0.1:45439|dataStream:|priority:1] with ContainerStateMachine:uninitialized
2021-07-06 17:09:36,875 [pool-287-thread-1] INFO  server.RaftServerConfigKeys (ConfUtils.java:logGet(44)) - raft.server.rpc.timeout.min = 5s (custom)
2021-07-06 17:09:36,875 [pool-287-thread-1] INFO  server.RaftServerConfigKeys (ConfUtils.java:logGet(44)) - raft.server.rpc.timeout.max = 5200ms (custom)
2021-07-06 17:09:36,875 [pool-287-thread-1] INFO  server.RaftServerConfigKeys (ConfUtils.java:logGet(44)) - raft.server.rpc.sleep.time = 25ms (default)
2021-07-06 17:09:36,875 [pool-287-thread-1] INFO  server.RaftServerConfigKeys (ConfUtils.java:logGet(44)) - raft.server.rpc.slowness.timeout = 300s (custom)
2021-07-06 17:09:36,875 [pool-287-thread-1] INFO  server.RaftServerConfigKeys (ConfUtils.java:logGet(44)) - raft.server.leaderelection.leader.step-down.wait-time = 10s (default)
2021-07-06 17:09:36,875 [pool-287-thread-1] INFO  server.RaftServerConfigKeys (ConfUtils.java:logGet(44)) - raft.server.sleep.deviation.threshold = 300ms (default)
2021-07-06 17:09:36,875 [pool-287-thread-1] INFO  server.RaftServerConfigKeys (ConfUtils.java:logGet(44)) - raft.server.log.appender.install.snapshot.enabled = false (custom)
2021-07-06 17:09:36,875 [pool-287-thread-1] INFO  server.RaftServer$Division (ServerState.java:<init>(105)) - ff163131-26ab-494b-a4b8-6a11ee7eba7d@group-E792FEA90364: ConfigurationManager, init=-1: [64ea58c5-a4b1-4696-b7a2-92ce3d3c799d|rpc:127.0.0.1:34653|dataStream:|priority:0, ff163131-26ab-494b-a4b8-6a11ee7eba7d|rpc:127.0.0.1:43147|dataStream:|priority:0, 73a0175b-b29c-42d7-9744-7e0c9f30680d|rpc:127.0.0.1:45439|dataStream:|priority:1], old=null, confs=<EMPTY_MAP>
2021-07-06 17:09:36,875 [pool-287-thread-1] INFO  server.RaftServerConfigKeys (ConfUtils.java:logGet(44)) - raft.server.storage.dir = [/home/runner/work/ozone/ozone/mnt/ozone/hadoop-ozone/integration-test/target/test-dir/MiniOzoneClusterImpl-f74e07ef-a4e5-4994-bf82-498fd787e76a/datanode-2/data/ratis] (custom)
2021-07-06 17:09:36,875 [pool-287-thread-1] INFO  server.RaftServerConfigKeys (ConfUtils.java:logGet(44)) - raft.server.log.corruption.policy = EXCEPTION (default)
2021-07-06 17:09:36,875 [pool-287-thread-1] INFO  storage.RaftStorageDirectory (RaftStorageDirectoryImpl.java:analyzeStorage(132)) - The storage directory /home/runner/work/ozone/ozone/mnt/ozone/hadoop-ozone/integration-test/target/test-dir/MiniOzoneClusterImpl-f74e07ef-a4e5-4994-bf82-498fd787e76a/datanode-2/data/ratis/8fd3e776-5b3d-4dc2-912b-e792fea90364 does not exist. Creating ...
2021-07-06 17:09:36,876 [pool-287-thread-1] INFO  storage.RaftStorageDirectory (RaftStorageDirectoryImpl.java:tryLock(215)) - Lock on /home/runner/work/ozone/ozone/mnt/ozone/hadoop-ozone/integration-test/target/test-dir/MiniOzoneClusterImpl-f74e07ef-a4e5-4994-bf82-498fd787e76a/datanode-2/data/ratis/8fd3e776-5b3d-4dc2-912b-e792fea90364/in_use.lock acquired by nodename 28362@fv-az50-207
2021-07-06 17:09:36,877 [pool-287-thread-1] INFO  storage.RaftStorage (RaftStorageImpl.java:format(87)) - Storage directory /home/runner/work/ozone/ozone/mnt/ozone/hadoop-ozone/integration-test/target/test-dir/MiniOzoneClusterImpl-f74e07ef-a4e5-4994-bf82-498fd787e76a/datanode-2/data/ratis/8fd3e776-5b3d-4dc2-912b-e792fea90364 has been successfully formatted.
2021-07-06 17:09:36,877 [pool-287-thread-1] INFO  ratis.ContainerStateMachine (ContainerStateMachine.java:loadSnapshot(223)) - group-E792FEA90364: The snapshot info is null. Setting the last applied indexto:(t:0, i:~)
2021-07-06 17:09:36,884 [pool-287-thread-1] INFO  server.RaftServerConfigKeys (ConfUtils.java:logGet(44)) - raft.server.notification.no-leader.timeout = 300s (custom)
2021-07-06 17:09:36,884 [pool-287-thread-1] INFO  server.RaftServerConfigKeys (ConfUtils.java:logGet(44)) - raft.server.log.use.memory = false (default)
2021-07-06 17:09:36,884 [pool-287-thread-1] INFO  server.RaftServerConfigKeys (ConfUtils.java:logGet(44)) - raft.server.log.purge.gap = 1000000 (custom)
2021-07-06 17:09:36,884 [pool-287-thread-1] INFO  server.RaftServerConfigKeys (ConfUtils.java:logGet(44)) - raft.server.log.appender.buffer.byte-limit = 33554432 (custom)
2021-07-06 17:09:36,884 [pool-287-thread-1] INFO  metrics.RatisMetrics (RatisMetrics.java:lambda$create$0(36)) - Creating Metrics Registry : ratis.log_worker.ff163131-26ab-494b-a4b8-6a11ee7eba7d@group-E792FEA90364
2021-07-06 17:09:36,884 [pool-287-thread-1] INFO  server.RaftServerConfigKeys (ConfUtils.java:logGet(44)) - raft.server.log.segment.size.max = 1048576 (custom)
2021-07-06 17:09:36,885 [pool-287-thread-1] INFO  server.RaftServerConfigKeys (ConfUtils.java:logGet(44)) - raft.server.log.segment.cache.num.max = 2 (custom)
2021-07-06 17:09:36,885 [pool-287-thread-1] INFO  server.RaftServerConfigKeys (ConfUtils.java:logGet(44)) - raft.server.log.segment.cache.size.max = 200MB (=209715200) (default)
2021-07-06 17:09:36,885 [pool-287-thread-1] INFO  segmented.SegmentedRaftLogWorker (SegmentedRaftLogWorker.java:<init>(182)) - new ff163131-26ab-494b-a4b8-6a11ee7eba7d@group-E792FEA90364-SegmentedRaftLogWorker for RaftStorageImpl:Storage Directory /home/runner/work/ozone/ozone/mnt/ozone/hadoop-ozone/integration-test/target/test-dir/MiniOzoneClusterImpl-f74e07ef-a4e5-4994-bf82-498fd787e76a/datanode-2/data/ratis/8fd3e776-5b3d-4dc2-912b-e792fea90364
2021-07-06 17:09:36,885 [pool-287-thread-1] INFO  server.RaftServerConfigKeys (ConfUtils.java:logGet(44)) - raft.server.log.queue.byte-limit = 2147483647 (custom)
2021-07-06 17:09:36,885 [pool-287-thread-1] INFO  server.RaftServerConfigKeys (ConfUtils.java:logGet(44)) - raft.server.log.queue.element-limit = 1024 (custom)
2021-07-06 17:09:36,885 [pool-287-thread-1] INFO  server.RaftServerConfigKeys (ConfUtils.java:logGet(44)) - raft.server.log.segment.size.max = 1048576 (custom)
2021-07-06 17:09:36,885 [pool-287-thread-1] INFO  server.RaftServerConfigKeys (ConfUtils.java:logGet(44)) - raft.server.log.preallocated.size = 16384 (custom)
2021-07-06 17:09:36,885 [pool-287-thread-1] INFO  server.RaftServerConfigKeys (ConfUtils.java:logGet(44)) - raft.server.log.force.sync.num = 128 (default)
2021-07-06 17:09:36,885 [pool-287-thread-1] INFO  server.RaftServerConfigKeys (ConfUtils.java:logGet(44)) - raft.server.log.statemachine.data.sync = true (default)
2021-07-06 17:09:36,885 [pool-287-thread-1] INFO  server.RaftServerConfigKeys (ConfUtils.java:logGet(44)) - raft.server.log.statemachine.data.sync.timeout = 10s (default)
2021-07-06 17:09:36,885 [pool-287-thread-1] INFO  server.RaftServerConfigKeys (ConfUtils.java:logGet(44)) - raft.server.log.statemachine.data.sync.timeout.retry = -1 (default)
2021-07-06 17:09:36,886 [pool-287-thread-1] INFO  server.RaftServerConfigKeys (ConfUtils.java:logGet(44)) - raft.server.log.write.buffer.size = 1048576 (custom)
2021-07-06 17:09:36,886 [pool-287-thread-1] INFO  server.RaftServerConfigKeys (ConfUtils.java:logGet(44)) - raft.server.log.statemachine.data.caching.enabled = true (custom)
2021-07-06 17:09:36,887 [pool-287-thread-1] INFO  segmented.SegmentedRaftLogWorker (SegmentedRaftLogWorker.java:lambda$new$0(133)) - ff163131-26ab-494b-a4b8-6a11ee7eba7d@group-E792FEA90364-SegmentedRaftLogWorker: flushIndex: setUnconditionally 0 -> -1
2021-07-06 17:09:36,887 [pool-287-thread-1] INFO  segmented.SegmentedRaftLogWorker (SegmentedRaftLogWorker.java:lambda$new$0(133)) - ff163131-26ab-494b-a4b8-6a11ee7eba7d@group-E792FEA90364-SegmentedRaftLogWorker: safeCacheEvictIndex: setUnconditionally 0 -> -1
2021-07-06 17:09:36,887 [pool-287-thread-1] INFO  server.RaftServerConfigKeys (ConfUtils.java:logGet(44)) - raft.server.snapshot.auto.trigger.enabled = true (custom)
2021-07-06 17:09:36,887 [pool-287-thread-1] INFO  server.RaftServerConfigKeys (ConfUtils.java:logGet(44)) - raft.server.snapshot.auto.trigger.threshold = 10000 (custom)
2021-07-06 17:09:36,887 [pool-287-thread-1] INFO  server.RaftServerConfigKeys (ConfUtils.java:logGet(44)) - raft.server.snapshot.retention.file.num = 5 (custom)
2021-07-06 17:09:36,887 [pool-287-thread-1] INFO  server.RaftServerConfigKeys (ConfUtils.java:logGet(44)) - raft.server.log.purge.upto.snapshot.index = false (default)
2021-07-06 17:09:36,887 [pool-287-thread-1] INFO  server.RaftServerConfigKeys (ConfUtils.java:logGet(44)) - raft.server.retrycache.expirytime = 600000ms (custom)
2021-07-06 17:09:36,887 [pool-287-thread-1] INFO  server.RaftServerConfigKeys (ConfUtils.java:logGet(44)) - raft.server.retrycache.statistics.expirytime = 100μs (default)
2021-07-06 17:09:36,887 [pool-287-thread-1] INFO  metrics.RatisMetrics (RatisMetrics.java:lambda$create$0(36)) - Creating Metrics Registry : ratis.leader_election.ff163131-26ab-494b-a4b8-6a11ee7eba7d@group-E792FEA90364
2021-07-06 17:09:36,887 [pool-287-thread-1] INFO  metrics.RatisMetrics (RatisMetrics.java:lambda$create$0(36)) - Creating Metrics Registry : ratis.server.ff163131-26ab-494b-a4b8-6a11ee7eba7d@group-E792FEA90364
2021-07-06 17:09:36,888 [pool-287-thread-1] INFO  server.RaftServer$Division (RaftServerImpl.java:start(295)) - ff163131-26ab-494b-a4b8-6a11ee7eba7d@group-E792FEA90364: start as a follower, conf=-1: [64ea58c5-a4b1-4696-b7a2-92ce3d3c799d|rpc:127.0.0.1:34653|dataStream:|priority:0, ff163131-26ab-494b-a4b8-6a11ee7eba7d|rpc:127.0.0.1:43147|dataStream:|priority:0, 73a0175b-b29c-42d7-9744-7e0c9f30680d|rpc:127.0.0.1:45439|dataStream:|priority:1], old=null
2021-07-06 17:09:36,888 [pool-287-thread-1] INFO  server.RaftServer$Division (RaftServerImpl.java:setRole(284)) - ff163131-26ab-494b-a4b8-6a11ee7eba7d@group-E792FEA90364: changes role from      null to FOLLOWER at term 0 for startAsFollower
2021-07-06 17:09:36,888 [pool-287-thread-1] INFO  impl.RoleInfo (RoleInfo.java:updateAndGet(130)) - ff163131-26ab-494b-a4b8-6a11ee7eba7d: start ff163131-26ab-494b-a4b8-6a11ee7eba7d@group-E792FEA90364-FollowerState
2021-07-06 17:09:36,895 [pool-287-thread-1] INFO  util.JmxRegister (JmxRegister.java:tryRegister(44)) - Successfully registered JMX Bean with object name Ratis:service=RaftServer,group=group-E792FEA90364,id=ff163131-26ab-494b-a4b8-6a11ee7eba7d
2021-07-06 17:09:36,895 [pool-287-thread-1] INFO  metrics.RatisMetrics (RatisMetrics.java:lambda$create$0(36)) - Creating Metrics Registry : ratis.state_machine.ff163131-26ab-494b-a4b8-6a11ee7eba7d@group-E792FEA90364
2021-07-06 17:09:36,919 [Command processor thread] INFO  metrics.RatisMetrics (RatisMetrics.java:lambda$create$0(36)) - Creating Metrics Registry : ratis.client_message_metrics.client-E4FDED5F94E6->73a0175b-b29c-42d7-9744-7e0c9f30680d
2021-07-06 17:09:36,923 [grpc-default-executor-3] INFO  metrics.RatisMetrics (RatisMetrics.java:lambda$create$0(36)) - Creating Metrics Registry : ratis.server_message_metrics.73a0175b-b29c-42d7-9744-7e0c9f30680d
2021-07-06 17:09:36,924 [grpc-default-executor-3] INFO  server.RaftServer (RaftServerProxy.java:addNew(95)) - 73a0175b-b29c-42d7-9744-7e0c9f30680d: addNew group-E792FEA90364:[64ea58c5-a4b1-4696-b7a2-92ce3d3c799d|rpc:127.0.0.1:34653|dataStream:|priority:0, ff163131-26ab-494b-a4b8-6a11ee7eba7d|rpc:127.0.0.1:43147|dataStream:|priority:0, 73a0175b-b29c-42d7-9744-7e0c9f30680d|rpc:127.0.0.1:45439|dataStream:|priority:1] returns group-E792FEA90364:java.util.concurrent.CompletableFuture@13902cd6[Not completed]
2021-07-06 17:09:36,929 [pool-267-thread-1] INFO  server.RaftServer$Division (RaftServerImpl.java:<init>(180)) - 73a0175b-b29c-42d7-9744-7e0c9f30680d: new RaftServerImpl for group-E792FEA90364:[64ea58c5-a4b1-4696-b7a2-92ce3d3c799d|rpc:127.0.0.1:34653|dataStream:|priority:0, ff163131-26ab-494b-a4b8-6a11ee7eba7d|rpc:127.0.0.1:43147|dataStream:|priority:0, 73a0175b-b29c-42d7-9744-7e0c9f30680d|rpc:127.0.0.1:45439|dataStream:|priority:1] with ContainerStateMachine:uninitialized
2021-07-06 17:09:36,930 [pool-267-thread-1] INFO  server.RaftServerConfigKeys (ConfUtils.java:logGet(44)) - raft.server.rpc.timeout.min = 5s (custom)
2021-07-06 17:09:36,930 [pool-267-thread-1] INFO  server.RaftServerConfigKeys (ConfUtils.java:logGet(44)) - raft.server.rpc.timeout.max = 5200ms (custom)
2021-07-06 17:09:36,930 [pool-267-thread-1] INFO  server.RaftServerConfigKeys (ConfUtils.java:logGet(44)) - raft.server.rpc.sleep.time = 25ms (default)
2021-07-06 17:09:36,930 [pool-267-thread-1] INFO  server.RaftServerConfigKeys (ConfUtils.java:logGet(44)) - raft.server.rpc.slowness.timeout = 300s (custom)
2021-07-06 17:09:36,930 [pool-267-thread-1] INFO  server.RaftServerConfigKeys (ConfUtils.java:logGet(44)) - raft.server.leaderelection.leader.step-down.wait-time = 10s (default)
2021-07-06 17:09:36,930 [pool-267-thread-1] INFO  server.RaftServerConfigKeys (ConfUtils.java:logGet(44)) - raft.server.sleep.deviation.threshold = 300ms (default)
2021-07-06 17:09:36,930 [pool-267-thread-1] INFO  server.RaftServerConfigKeys (ConfUtils.java:logGet(44)) - raft.server.log.appender.install.snapshot.enabled = false (custom)
2021-07-06 17:09:36,930 [pool-267-thread-1] INFO  server.RaftServer$Division (ServerState.java:<init>(105)) - 73a0175b-b29c-42d7-9744-7e0c9f30680d@group-E792FEA90364: ConfigurationManager, init=-1: [64ea58c5-a4b1-4696-b7a2-92ce3d3c799d|rpc:127.0.0.1:34653|dataStream:|priority:0, ff163131-26ab-494b-a4b8-6a11ee7eba7d|rpc:127.0.0.1:43147|dataStream:|priority:0, 73a0175b-b29c-42d7-9744-7e0c9f30680d|rpc:127.0.0.1:45439|dataStream:|priority:1], old=null, confs=<EMPTY_MAP>
2021-07-06 17:09:36,930 [pool-267-thread-1] INFO  server.RaftServerConfigKeys (ConfUtils.java:logGet(44)) - raft.server.storage.dir = [/home/runner/work/ozone/ozone/mnt/ozone/hadoop-ozone/integration-test/target/test-dir/MiniOzoneClusterImpl-f74e07ef-a4e5-4994-bf82-498fd787e76a/datanode-1/data/ratis] (custom)
2021-07-06 17:09:36,931 [pool-267-thread-1] INFO  server.RaftServerConfigKeys (ConfUtils.java:logGet(44)) - raft.server.log.corruption.policy = EXCEPTION (default)
2021-07-06 17:09:36,931 [pool-267-thread-1] INFO  storage.RaftStorageDirectory (RaftStorageDirectoryImpl.java:analyzeStorage(132)) - The storage directory /home/runner/work/ozone/ozone/mnt/ozone/hadoop-ozone/integration-test/target/test-dir/MiniOzoneClusterImpl-f74e07ef-a4e5-4994-bf82-498fd787e76a/datanode-1/data/ratis/8fd3e776-5b3d-4dc2-912b-e792fea90364 does not exist. Creating ...
2021-07-06 17:09:36,932 [pool-267-thread-1] INFO  storage.RaftStorageDirectory (RaftStorageDirectoryImpl.java:tryLock(215)) - Lock on /home/runner/work/ozone/ozone/mnt/ozone/hadoop-ozone/integration-test/target/test-dir/MiniOzoneClusterImpl-f74e07ef-a4e5-4994-bf82-498fd787e76a/datanode-1/data/ratis/8fd3e776-5b3d-4dc2-912b-e792fea90364/in_use.lock acquired by nodename 28362@fv-az50-207
2021-07-06 17:09:36,933 [pool-267-thread-1] INFO  storage.RaftStorage (RaftStorageImpl.java:format(87)) - Storage directory /home/runner/work/ozone/ozone/mnt/ozone/hadoop-ozone/integration-test/target/test-dir/MiniOzoneClusterImpl-f74e07ef-a4e5-4994-bf82-498fd787e76a/datanode-1/data/ratis/8fd3e776-5b3d-4dc2-912b-e792fea90364 has been successfully formatted.
2021-07-06 17:09:36,941 [pool-267-thread-1] INFO  ratis.ContainerStateMachine (ContainerStateMachine.java:loadSnapshot(223)) - group-E792FEA90364: The snapshot info is null. Setting the last applied indexto:(t:0, i:~)
2021-07-06 17:09:36,941 [pool-267-thread-1] INFO  server.RaftServerConfigKeys (ConfUtils.java:logGet(44)) - raft.server.notification.no-leader.timeout = 300s (custom)
2021-07-06 17:09:36,941 [pool-267-thread-1] INFO  server.RaftServerConfigKeys (ConfUtils.java:logGet(44)) - raft.server.log.use.memory = false (default)
2021-07-06 17:09:36,941 [pool-267-thread-1] INFO  server.RaftServerConfigKeys (ConfUtils.java:logGet(44)) - raft.server.log.purge.gap = 1000000 (custom)
2021-07-06 17:09:36,941 [pool-267-thread-1] INFO  server.RaftServerConfigKeys (ConfUtils.java:logGet(44)) - raft.server.log.appender.buffer.byte-limit = 33554432 (custom)
2021-07-06 17:09:36,941 [pool-267-thread-1] INFO  metrics.RatisMetrics (RatisMetrics.java:lambda$create$0(36)) - Creating Metrics Registry : ratis.log_worker.73a0175b-b29c-42d7-9744-7e0c9f30680d@group-E792FEA90364
2021-07-06 17:09:36,941 [pool-267-thread-1] INFO  server.RaftServerConfigKeys (ConfUtils.java:logGet(44)) - raft.server.log.segment.size.max = 1048576 (custom)
2021-07-06 17:09:36,942 [pool-267-thread-1] INFO  server.RaftServerConfigKeys (ConfUtils.java:logGet(44)) - raft.server.log.segment.cache.num.max = 2 (custom)
2021-07-06 17:09:36,942 [pool-267-thread-1] INFO  server.RaftServerConfigKeys (ConfUtils.java:logGet(44)) - raft.server.log.segment.cache.size.max = 200MB (=209715200) (default)
2021-07-06 17:09:36,942 [pool-267-thread-1] INFO  segmented.SegmentedRaftLogWorker (SegmentedRaftLogWorker.java:<init>(182)) - new 73a0175b-b29c-42d7-9744-7e0c9f30680d@group-E792FEA90364-SegmentedRaftLogWorker for RaftStorageImpl:Storage Directory /home/runner/work/ozone/ozone/mnt/ozone/hadoop-ozone/integration-test/target/test-dir/MiniOzoneClusterImpl-f74e07ef-a4e5-4994-bf82-498fd787e76a/datanode-1/data/ratis/8fd3e776-5b3d-4dc2-912b-e792fea90364
2021-07-06 17:09:36,942 [pool-267-thread-1] INFO  server.RaftServerConfigKeys (ConfUtils.java:logGet(44)) - raft.server.log.queue.byte-limit = 2147483647 (custom)
2021-07-06 17:09:36,942 [pool-267-thread-1] INFO  server.RaftServerConfigKeys (ConfUtils.java:logGet(44)) - raft.server.log.queue.element-limit = 1024 (custom)
2021-07-06 17:09:36,942 [pool-267-thread-1] INFO  server.RaftServerConfigKeys (ConfUtils.java:logGet(44)) - raft.server.log.segment.size.max = 1048576 (custom)
2021-07-06 17:09:36,942 [pool-267-thread-1] INFO  server.RaftServerConfigKeys (ConfUtils.java:logGet(44)) - raft.server.log.preallocated.size = 16384 (custom)
2021-07-06 17:09:36,942 [pool-267-thread-1] INFO  server.RaftServerConfigKeys (ConfUtils.java:logGet(44)) - raft.server.log.force.sync.num = 128 (default)
2021-07-06 17:09:36,942 [pool-267-thread-1] INFO  server.RaftServerConfigKeys (ConfUtils.java:logGet(44)) - raft.server.log.statemachine.data.sync = true (default)
2021-07-06 17:09:36,942 [pool-267-thread-1] INFO  server.RaftServerConfigKeys (ConfUtils.java:logGet(44)) - raft.server.log.statemachine.data.sync.timeout = 10s (default)
2021-07-06 17:09:36,942 [pool-267-thread-1] INFO  server.RaftServerConfigKeys (ConfUtils.java:logGet(44)) - raft.server.log.statemachine.data.sync.timeout.retry = -1 (default)
2021-07-06 17:09:36,943 [pool-267-thread-1] INFO  server.RaftServerConfigKeys (ConfUtils.java:logGet(44)) - raft.server.log.write.buffer.size = 1048576 (custom)
2021-07-06 17:09:36,943 [pool-267-thread-1] INFO  server.RaftServerConfigKeys (ConfUtils.java:logGet(44)) - raft.server.log.statemachine.data.caching.enabled = true (custom)
2021-07-06 17:09:36,943 [pool-267-thread-1] INFO  segmented.SegmentedRaftLogWorker (SegmentedRaftLogWorker.java:lambda$new$0(133)) - 73a0175b-b29c-42d7-9744-7e0c9f30680d@group-E792FEA90364-SegmentedRaftLogWorker: flushIndex: setUnconditionally 0 -> -1
2021-07-06 17:09:36,943 [pool-267-thread-1] INFO  segmented.SegmentedRaftLogWorker (SegmentedRaftLogWorker.java:lambda$new$0(133)) - 73a0175b-b29c-42d7-9744-7e0c9f30680d@group-E792FEA90364-SegmentedRaftLogWorker: safeCacheEvictIndex: setUnconditionally 0 -> -1
2021-07-06 17:09:36,944 [pool-267-thread-1] INFO  server.RaftServerConfigKeys (ConfUtils.java:logGet(44)) - raft.server.snapshot.auto.trigger.enabled = true (custom)
2021-07-06 17:09:36,944 [pool-267-thread-1] INFO  server.RaftServerConfigKeys (ConfUtils.java:logGet(44)) - raft.server.snapshot.auto.trigger.threshold = 10000 (custom)
2021-07-06 17:09:36,944 [pool-267-thread-1] INFO  server.RaftServerConfigKeys (ConfUtils.java:logGet(44)) - raft.server.snapshot.retention.file.num = 5 (custom)
2021-07-06 17:09:36,944 [pool-267-thread-1] INFO  server.RaftServerConfigKeys (ConfUtils.java:logGet(44)) - raft.server.log.purge.upto.snapshot.index = false (default)
2021-07-06 17:09:36,944 [pool-267-thread-1] INFO  server.RaftServerConfigKeys (ConfUtils.java:logGet(44)) - raft.server.retrycache.expirytime = 600000ms (custom)
2021-07-06 17:09:36,944 [pool-267-thread-1] INFO  server.RaftServerConfigKeys (ConfUtils.java:logGet(44)) - raft.server.retrycache.statistics.expirytime = 100μs (default)
2021-07-06 17:09:36,944 [pool-267-thread-1] INFO  metrics.RatisMetrics (RatisMetrics.java:lambda$create$0(36)) - Creating Metrics Registry : ratis.leader_election.73a0175b-b29c-42d7-9744-7e0c9f30680d@group-E792FEA90364
2021-07-06 17:09:36,944 [pool-267-thread-1] INFO  metrics.RatisMetrics (RatisMetrics.java:lambda$create$0(36)) - Creating Metrics Registry : ratis.server.73a0175b-b29c-42d7-9744-7e0c9f30680d@group-E792FEA90364
2021-07-06 17:09:36,945 [pool-267-thread-1] INFO  server.RaftServer$Division (RaftServerImpl.java:start(295)) - 73a0175b-b29c-42d7-9744-7e0c9f30680d@group-E792FEA90364: start as a follower, conf=-1: [64ea58c5-a4b1-4696-b7a2-92ce3d3c799d|rpc:127.0.0.1:34653|dataStream:|priority:0, ff163131-26ab-494b-a4b8-6a11ee7eba7d|rpc:127.0.0.1:43147|dataStream:|priority:0, 73a0175b-b29c-42d7-9744-7e0c9f30680d|rpc:127.0.0.1:45439|dataStream:|priority:1], old=null
2021-07-06 17:09:36,945 [pool-267-thread-1] INFO  server.RaftServer$Division (RaftServerImpl.java:setRole(284)) - 73a0175b-b29c-42d7-9744-7e0c9f30680d@group-E792FEA90364: changes role from      null to FOLLOWER at term 0 for startAsFollower
2021-07-06 17:09:36,945 [pool-267-thread-1] INFO  impl.RoleInfo (RoleInfo.java:updateAndGet(130)) - 73a0175b-b29c-42d7-9744-7e0c9f30680d: start 73a0175b-b29c-42d7-9744-7e0c9f30680d@group-E792FEA90364-FollowerState
2021-07-06 17:09:36,946 [pool-267-thread-1] INFO  util.JmxRegister (JmxRegister.java:tryRegister(44)) - Successfully registered JMX Bean with object name Ratis:service=RaftServer,group=group-E792FEA90364,id=73a0175b-b29c-42d7-9744-7e0c9f30680d
2021-07-06 17:09:36,946 [pool-267-thread-1] INFO  metrics.RatisMetrics (RatisMetrics.java:lambda$create$0(36)) - Creating Metrics Registry : ratis.state_machine.73a0175b-b29c-42d7-9744-7e0c9f30680d@group-E792FEA90364
2021-07-06 17:09:36,953 [Command processor thread] INFO  commandhandler.CreatePipelineCommandHandler (CreatePipelineCommandHandler.java:handle(106)) - Created Pipeline RATIS THREE PipelineID=8fd3e776-5b3d-4dc2-912b-e792fea90364.
2021-07-06 17:09:36,953 [Command processor thread] INFO  server.RaftServer (RaftServerProxy.java:addNew(95)) - 64ea58c5-a4b1-4696-b7a2-92ce3d3c799d: addNew group-A9758D0ED3E8:[64ea58c5-a4b1-4696-b7a2-92ce3d3c799d|rpc:127.0.0.1:34653|priority:1, ff163131-26ab-494b-a4b8-6a11ee7eba7d|rpc:127.0.0.1:43147|priority:0, 73a0175b-b29c-42d7-9744-7e0c9f30680d|rpc:127.0.0.1:45439|priority:0] returns group-A9758D0ED3E8:java.util.concurrent.CompletableFuture@2c4acea4[Not completed]
2021-07-06 17:09:36,953 [pool-247-thread-1] INFO  server.RaftServer$Division (RaftServerImpl.java:<init>(180)) - 64ea58c5-a4b1-4696-b7a2-92ce3d3c799d: new RaftServerImpl for group-A9758D0ED3E8:[64ea58c5-a4b1-4696-b7a2-92ce3d3c799d|rpc:127.0.0.1:34653|priority:1, ff163131-26ab-494b-a4b8-6a11ee7eba7d|rpc:127.0.0.1:43147|priority:0, 73a0175b-b29c-42d7-9744-7e0c9f30680d|rpc:127.0.0.1:45439|priority:0] with ContainerStateMachine:uninitialized
2021-07-06 17:09:36,953 [pool-247-thread-1] INFO  server.RaftServerConfigKeys (ConfUtils.java:logGet(44)) - raft.server.rpc.timeout.min = 5s (custom)
2021-07-06 17:09:36,953 [pool-247-thread-1] INFO  server.RaftServerConfigKeys (ConfUtils.java:logGet(44)) - raft.server.rpc.timeout.max = 5200ms (custom)
2021-07-06 17:09:36,953 [pool-247-thread-1] INFO  server.RaftServerConfigKeys (ConfUtils.java:logGet(44)) - raft.server.rpc.sleep.time = 25ms (default)
2021-07-06 17:09:36,954 [pool-247-thread-1] INFO  server.RaftServerConfigKeys (ConfUtils.java:logGet(44)) - raft.server.rpc.slowness.timeout = 300s (custom)
2021-07-06 17:09:36,954 [pool-247-thread-1] INFO  server.RaftServerConfigKeys (ConfUtils.java:logGet(44)) - raft.server.leaderelection.leader.step-down.wait-time = 10s (default)
2021-07-06 17:09:36,954 [pool-247-thread-1] INFO  server.RaftServerConfigKeys (ConfUtils.java:logGet(44)) - raft.server.sleep.deviation.threshold = 300ms (default)
2021-07-06 17:09:36,954 [pool-247-thread-1] INFO  server.RaftServerConfigKeys (ConfUtils.java:logGet(44)) - raft.server.log.appender.install.snapshot.enabled = false (custom)
2021-07-06 17:09:36,954 [pool-247-thread-1] INFO  server.RaftServer$Division (ServerState.java:<init>(105)) - 64ea58c5-a4b1-4696-b7a2-92ce3d3c799d@group-A9758D0ED3E8: ConfigurationManager, init=-1: [64ea58c5-a4b1-4696-b7a2-92ce3d3c799d|rpc:127.0.0.1:34653|priority:1, ff163131-26ab-494b-a4b8-6a11ee7eba7d|rpc:127.0.0.1:43147|priority:0, 73a0175b-b29c-42d7-9744-7e0c9f30680d|rpc:127.0.0.1:45439|priority:0], old=null, confs=<EMPTY_MAP>
2021-07-06 17:09:36,954 [pool-247-thread-1] INFO  server.RaftServerConfigKeys (ConfUtils.java:logGet(44)) - raft.server.storage.dir = [/home/runner/work/ozone/ozone/mnt/ozone/hadoop-ozone/integration-test/target/test-dir/MiniOzoneClusterImpl-f74e07ef-a4e5-4994-bf82-498fd787e76a/datanode-0/data/ratis] (custom)
2021-07-06 17:09:36,954 [pool-247-thread-1] INFO  server.RaftServerConfigKeys (ConfUtils.java:logGet(44)) - raft.server.log.corruption.policy = EXCEPTION (default)
2021-07-06 17:09:36,954 [pool-247-thread-1] INFO  storage.RaftStorageDirectory (RaftStorageDirectoryImpl.java:analyzeStorage(132)) - The storage directory /home/runner/work/ozone/ozone/mnt/ozone/hadoop-ozone/integration-test/target/test-dir/MiniOzoneClusterImpl-f74e07ef-a4e5-4994-bf82-498fd787e76a/datanode-0/data/ratis/e8cdf50a-1241-4cfa-899f-a9758d0ed3e8 does not exist. Creating ...
2021-07-06 17:09:36,955 [pool-247-thread-1] INFO  storage.RaftStorageDirectory (RaftStorageDirectoryImpl.java:tryLock(215)) - Lock on /home/runner/work/ozone/ozone/mnt/ozone/hadoop-ozone/integration-test/target/test-dir/MiniOzoneClusterImpl-f74e07ef-a4e5-4994-bf82-498fd787e76a/datanode-0/data/ratis/e8cdf50a-1241-4cfa-899f-a9758d0ed3e8/in_use.lock acquired by nodename 28362@fv-az50-207
2021-07-06 17:09:36,956 [pool-247-thread-1] INFO  storage.RaftStorage (RaftStorageImpl.java:format(87)) - Storage directory /home/runner/work/ozone/ozone/mnt/ozone/hadoop-ozone/integration-test/target/test-dir/MiniOzoneClusterImpl-f74e07ef-a4e5-4994-bf82-498fd787e76a/datanode-0/data/ratis/e8cdf50a-1241-4cfa-899f-a9758d0ed3e8 has been successfully formatted.
2021-07-06 17:09:36,956 [pool-247-thread-1] INFO  ratis.ContainerStateMachine (ContainerStateMachine.java:loadSnapshot(223)) - group-A9758D0ED3E8: The snapshot info is null. Setting the last applied indexto:(t:0, i:~)
2021-07-06 17:09:36,957 [pool-247-thread-1] INFO  server.RaftServerConfigKeys (ConfUtils.java:logGet(44)) - raft.server.notification.no-leader.timeout = 300s (custom)
2021-07-06 17:09:36,957 [pool-247-thread-1] INFO  server.RaftServerConfigKeys (ConfUtils.java:logGet(44)) - raft.server.log.use.memory = false (default)
2021-07-06 17:09:36,957 [pool-247-thread-1] INFO  server.RaftServerConfigKeys (ConfUtils.java:logGet(44)) - raft.server.log.purge.gap = 1000000 (custom)
2021-07-06 17:09:36,957 [EventQueue-OpenPipelineForHealthyPipelineSafeModeRule] INFO  safemode.SCMSafeModeManager (HealthyPipelineSafeModeRule.java:process(124)) - SCM in safe mode. Healthy pipelines reported count is 0, required healthy pipeline reported count is 1
2021-07-06 17:09:36,958 [pool-247-thread-1] INFO  server.RaftServerConfigKeys (ConfUtils.java:logGet(44)) - raft.server.log.appender.buffer.byte-limit = 33554432 (custom)
2021-07-06 17:09:36,959 [EventQueue-OpenPipelineForHealthyPipelineSafeModeRule] INFO  safemode.SCMSafeModeManager (HealthyPipelineSafeModeRule.java:process(124)) - SCM in safe mode. Healthy pipelines reported count is 0, required healthy pipeline reported count is 1
2021-07-06 17:09:36,959 [pool-247-thread-1] INFO  metrics.RatisMetrics (RatisMetrics.java:lambda$create$0(36)) - Creating Metrics Registry : ratis.log_worker.64ea58c5-a4b1-4696-b7a2-92ce3d3c799d@group-A9758D0ED3E8
2021-07-06 17:09:36,960 [pool-247-thread-1] INFO  server.RaftServerConfigKeys (ConfUtils.java:logGet(44)) - raft.server.log.segment.size.max = 1048576 (custom)
2021-07-06 17:09:36,961 [pool-247-thread-1] INFO  server.RaftServerConfigKeys (ConfUtils.java:logGet(44)) - raft.server.log.segment.cache.num.max = 2 (custom)
2021-07-06 17:09:36,961 [pool-247-thread-1] INFO  server.RaftServerConfigKeys (ConfUtils.java:logGet(44)) - raft.server.log.segment.cache.size.max = 200MB (=209715200) (default)
2021-07-06 17:09:36,961 [pool-247-thread-1] INFO  segmented.SegmentedRaftLogWorker (SegmentedRaftLogWorker.java:<init>(182)) - new 64ea58c5-a4b1-4696-b7a2-92ce3d3c799d@group-A9758D0ED3E8-SegmentedRaftLogWorker for RaftStorageImpl:Storage Directory /home/runner/work/ozone/ozone/mnt/ozone/hadoop-ozone/integration-test/target/test-dir/MiniOzoneClusterImpl-f74e07ef-a4e5-4994-bf82-498fd787e76a/datanode-0/data/ratis/e8cdf50a-1241-4cfa-899f-a9758d0ed3e8
2021-07-06 17:09:36,961 [pool-247-thread-1] INFO  server.RaftServerConfigKeys (ConfUtils.java:logGet(44)) - raft.server.log.queue.byte-limit = 2147483647 (custom)
2021-07-06 17:09:36,961 [pool-247-thread-1] INFO  server.RaftServerConfigKeys (ConfUtils.java:logGet(44)) - raft.server.log.queue.element-limit = 1024 (custom)
2021-07-06 17:09:36,961 [pool-247-thread-1] INFO  server.RaftServerConfigKeys (ConfUtils.java:logGet(44)) - raft.server.log.segment.size.max = 1048576 (custom)
2021-07-06 17:09:36,961 [pool-247-thread-1] INFO  server.RaftServerConfigKeys (ConfUtils.java:logGet(44)) - raft.server.log.preallocated.size = 16384 (custom)
2021-07-06 17:09:36,961 [pool-247-thread-1] INFO  server.RaftServerConfigKeys (ConfUtils.java:logGet(44)) - raft.server.log.force.sync.num = 128 (default)
2021-07-06 17:09:36,961 [pool-247-thread-1] INFO  server.RaftServerConfigKeys (ConfUtils.java:logGet(44)) - raft.server.log.statemachine.data.sync = true (default)
2021-07-06 17:09:36,961 [pool-247-thread-1] INFO  server.RaftServerConfigKeys (ConfUtils.java:logGet(44)) - raft.server.log.statemachine.data.sync.timeout = 10s (default)
2021-07-06 17:09:36,961 [pool-247-thread-1] INFO  server.RaftServerConfigKeys (ConfUtils.java:logGet(44)) - raft.server.log.statemachine.data.sync.timeout.retry = -1 (default)
2021-07-06 17:09:36,962 [pool-247-thread-1] INFO  server.RaftServerConfigKeys (ConfUtils.java:logGet(44)) - raft.server.log.write.buffer.size = 1048576 (custom)
2021-07-06 17:09:36,963 [pool-247-thread-1] INFO  server.RaftServerConfigKeys (ConfUtils.java:logGet(44)) - raft.server.log.statemachine.data.caching.enabled = true (custom)
2021-07-06 17:09:36,963 [pool-247-thread-1] INFO  segmented.SegmentedRaftLogWorker (SegmentedRaftLogWorker.java:lambda$new$0(133)) - 64ea58c5-a4b1-4696-b7a2-92ce3d3c799d@group-A9758D0ED3E8-SegmentedRaftLogWorker: flushIndex: setUnconditionally 0 -> -1
2021-07-06 17:09:36,963 [pool-247-thread-1] INFO  segmented.SegmentedRaftLogWorker (SegmentedRaftLogWorker.java:lambda$new$0(133)) - 64ea58c5-a4b1-4696-b7a2-92ce3d3c799d@group-A9758D0ED3E8-SegmentedRaftLogWorker: safeCacheEvictIndex: setUnconditionally 0 -> -1
2021-07-06 17:09:36,965 [pool-247-thread-1] INFO  server.RaftServerConfigKeys (ConfUtils.java:logGet(44)) - raft.server.snapshot.auto.trigger.enabled = true (custom)
2021-07-06 17:09:36,965 [pool-247-thread-1] INFO  server.RaftServerConfigKeys (ConfUtils.java:logGet(44)) - raft.server.snapshot.auto.trigger.threshold = 10000 (custom)
2021-07-06 17:09:36,965 [pool-247-thread-1] INFO  server.RaftServerConfigKeys (ConfUtils.java:logGet(44)) - raft.server.snapshot.retention.file.num = 5 (custom)
2021-07-06 17:09:36,965 [pool-247-thread-1] INFO  server.RaftServerConfigKeys (ConfUtils.java:logGet(44)) - raft.server.log.purge.upto.snapshot.index = false (default)
2021-07-06 17:09:36,965 [pool-247-thread-1] INFO  server.RaftServerConfigKeys (ConfUtils.java:logGet(44)) - raft.server.retrycache.expirytime = 600000ms (custom)
2021-07-06 17:09:36,965 [pool-247-thread-1] INFO  server.RaftServerConfigKeys (ConfUtils.java:logGet(44)) - raft.server.retrycache.statistics.expirytime = 100μs (default)
2021-07-06 17:09:36,965 [pool-247-thread-1] INFO  metrics.RatisMetrics (RatisMetrics.java:lambda$create$0(36)) - Creating Metrics Registry : ratis.leader_election.64ea58c5-a4b1-4696-b7a2-92ce3d3c799d@group-A9758D0ED3E8
2021-07-06 17:09:36,967 [pool-247-thread-1] INFO  metrics.RatisMetrics (RatisMetrics.java:lambda$create$0(36)) - Creating Metrics Registry : ratis.server.64ea58c5-a4b1-4696-b7a2-92ce3d3c799d@group-A9758D0ED3E8
2021-07-06 17:09:36,969 [pool-247-thread-1] INFO  server.RaftServer$Division (RaftServerImpl.java:start(295)) - 64ea58c5-a4b1-4696-b7a2-92ce3d3c799d@group-A9758D0ED3E8: start as a follower, conf=-1: [64ea58c5-a4b1-4696-b7a2-92ce3d3c799d|rpc:127.0.0.1:34653|priority:1, ff163131-26ab-494b-a4b8-6a11ee7eba7d|rpc:127.0.0.1:43147|priority:0, 73a0175b-b29c-42d7-9744-7e0c9f30680d|rpc:127.0.0.1:45439|priority:0], old=null
2021-07-06 17:09:36,969 [pool-247-thread-1] INFO  server.RaftServer$Division (RaftServerImpl.java:setRole(284)) - 64ea58c5-a4b1-4696-b7a2-92ce3d3c799d@group-A9758D0ED3E8: changes role from      null to FOLLOWER at term 0 for startAsFollower
2021-07-06 17:09:36,969 [pool-247-thread-1] INFO  impl.RoleInfo (RoleInfo.java:updateAndGet(130)) - 64ea58c5-a4b1-4696-b7a2-92ce3d3c799d: start 64ea58c5-a4b1-4696-b7a2-92ce3d3c799d@group-A9758D0ED3E8-FollowerState
2021-07-06 17:09:36,973 [pool-247-thread-1] INFO  util.JmxRegister (JmxRegister.java:tryRegister(44)) - Successfully registered JMX Bean with object name Ratis:service=RaftServer,group=group-A9758D0ED3E8,id=64ea58c5-a4b1-4696-b7a2-92ce3d3c799d
2021-07-06 17:09:36,973 [pool-247-thread-1] INFO  metrics.RatisMetrics (RatisMetrics.java:lambda$create$0(36)) - Creating Metrics Registry : ratis.state_machine.64ea58c5-a4b1-4696-b7a2-92ce3d3c799d@group-A9758D0ED3E8
2021-07-06 17:09:36,973 [Command processor thread] INFO  ratis.XceiverServerRatis (XceiverServerRatis.java:addGroup(759)) - Created group PipelineID=e8cdf50a-1241-4cfa-899f-a9758d0ed3e8
2021-07-06 17:09:36,974 [Command processor thread] INFO  metrics.RatisMetrics (RatisMetrics.java:lambda$create$0(36)) - Creating Metrics Registry : ratis.client_message_metrics.client-A3D337901F35->ff163131-26ab-494b-a4b8-6a11ee7eba7d
2021-07-06 17:09:36,981 [grpc-default-executor-3] INFO  server.RaftServer (RaftServerProxy.java:addNew(95)) - ff163131-26ab-494b-a4b8-6a11ee7eba7d: addNew group-A9758D0ED3E8:[64ea58c5-a4b1-4696-b7a2-92ce3d3c799d|rpc:127.0.0.1:34653|dataStream:|priority:1, ff163131-26ab-494b-a4b8-6a11ee7eba7d|rpc:127.0.0.1:43147|dataStream:|priority:0, 73a0175b-b29c-42d7-9744-7e0c9f30680d|rpc:127.0.0.1:45439|dataStream:|priority:0] returns group-A9758D0ED3E8:java.util.concurrent.CompletableFuture@22b16bea[Not completed]
2021-07-06 17:09:36,981 [pool-287-thread-1] INFO  server.RaftServer$Division (RaftServerImpl.java:<init>(180)) - ff163131-26ab-494b-a4b8-6a11ee7eba7d: new RaftServerImpl for group-A9758D0ED3E8:[64ea58c5-a4b1-4696-b7a2-92ce3d3c799d|rpc:127.0.0.1:34653|dataStream:|priority:1, ff163131-26ab-494b-a4b8-6a11ee7eba7d|rpc:127.0.0.1:43147|dataStream:|priority:0, 73a0175b-b29c-42d7-9744-7e0c9f30680d|rpc:127.0.0.1:45439|dataStream:|priority:0] with ContainerStateMachine:uninitialized
2021-07-06 17:09:36,981 [pool-287-thread-1] INFO  server.RaftServerConfigKeys (ConfUtils.java:logGet(44)) - raft.server.rpc.timeout.min = 5s (custom)
2021-07-06 17:09:36,982 [pool-287-thread-1] INFO  server.RaftServerConfigKeys (ConfUtils.java:logGet(44)) - raft.server.rpc.timeout.max = 5200ms (custom)
2021-07-06 17:09:36,982 [pool-287-thread-1] INFO  server.RaftServerConfigKeys (ConfUtils.java:logGet(44)) - raft.server.rpc.sleep.time = 25ms (default)
2021-07-06 17:09:36,982 [pool-287-thread-1] INFO  server.RaftServerConfigKeys (ConfUtils.java:logGet(44)) - raft.server.rpc.slowness.timeout = 300s (custom)
2021-07-06 17:09:36,982 [pool-287-thread-1] INFO  server.RaftServerConfigKeys (ConfUtils.java:logGet(44)) - raft.server.leaderelection.leader.step-down.wait-time = 10s (default)
2021-07-06 17:09:36,982 [pool-287-thread-1] INFO  server.RaftServerConfigKeys (ConfUtils.java:logGet(44)) - raft.server.sleep.deviation.threshold = 300ms (default)
2021-07-06 17:09:36,982 [pool-287-thread-1] INFO  server.RaftServerConfigKeys (ConfUtils.java:logGet(44)) - raft.server.log.appender.install.snapshot.enabled = false (custom)
2021-07-06 17:09:36,982 [pool-287-thread-1] INFO  server.RaftServer$Division (ServerState.java:<init>(105)) - ff163131-26ab-494b-a4b8-6a11ee7eba7d@group-A9758D0ED3E8: ConfigurationManager, init=-1: [64ea58c5-a4b1-4696-b7a2-92ce3d3c799d|rpc:127.0.0.1:34653|dataStream:|priority:1, ff163131-26ab-494b-a4b8-6a11ee7eba7d|rpc:127.0.0.1:43147|dataStream:|priority:0, 73a0175b-b29c-42d7-9744-7e0c9f30680d|rpc:127.0.0.1:45439|dataStream:|priority:0], old=null, confs=<EMPTY_MAP>
2021-07-06 17:09:36,982 [pool-287-thread-1] INFO  server.RaftServerConfigKeys (ConfUtils.java:logGet(44)) - raft.server.storage.dir = [/home/runner/work/ozone/ozone/mnt/ozone/hadoop-ozone/integration-test/target/test-dir/MiniOzoneClusterImpl-f74e07ef-a4e5-4994-bf82-498fd787e76a/datanode-2/data/ratis] (custom)
2021-07-06 17:09:36,982 [pool-287-thread-1] INFO  server.RaftServerConfigKeys (ConfUtils.java:logGet(44)) - raft.server.log.corruption.policy = EXCEPTION (default)
2021-07-06 17:09:36,982 [pool-287-thread-1] INFO  storage.RaftStorageDirectory (RaftStorageDirectoryImpl.java:analyzeStorage(132)) - The storage directory /home/runner/work/ozone/ozone/mnt/ozone/hadoop-ozone/integration-test/target/test-dir/MiniOzoneClusterImpl-f74e07ef-a4e5-4994-bf82-498fd787e76a/datanode-2/data/ratis/e8cdf50a-1241-4cfa-899f-a9758d0ed3e8 does not exist. Creating ...
2021-07-06 17:09:36,985 [pool-287-thread-1] INFO  storage.RaftStorageDirectory (RaftStorageDirectoryImpl.java:tryLock(215)) - Lock on /home/runner/work/ozone/ozone/mnt/ozone/hadoop-ozone/integration-test/target/test-dir/MiniOzoneClusterImpl-f74e07ef-a4e5-4994-bf82-498fd787e76a/datanode-2/data/ratis/e8cdf50a-1241-4cfa-899f-a9758d0ed3e8/in_use.lock acquired by nodename 28362@fv-az50-207
2021-07-06 17:09:36,986 [pool-287-thread-1] INFO  storage.RaftStorage (RaftStorageImpl.java:format(87)) - Storage directory /home/runner/work/ozone/ozone/mnt/ozone/hadoop-ozone/integration-test/target/test-dir/MiniOzoneClusterImpl-f74e07ef-a4e5-4994-bf82-498fd787e76a/datanode-2/data/ratis/e8cdf50a-1241-4cfa-899f-a9758d0ed3e8 has been successfully formatted.
2021-07-06 17:09:36,986 [pool-287-thread-1] INFO  ratis.ContainerStateMachine (ContainerStateMachine.java:loadSnapshot(223)) - group-A9758D0ED3E8: The snapshot info is null. Setting the last applied indexto:(t:0, i:~)
2021-07-06 17:09:36,987 [pool-287-thread-1] INFO  server.RaftServerConfigKeys (ConfUtils.java:logGet(44)) - raft.server.notification.no-leader.timeout = 300s (custom)
2021-07-06 17:09:36,987 [pool-287-thread-1] INFO  server.RaftServerConfigKeys (ConfUtils.java:logGet(44)) - raft.server.log.use.memory = false (default)
2021-07-06 17:09:36,987 [pool-287-thread-1] INFO  server.RaftServerConfigKeys (ConfUtils.java:logGet(44)) - raft.server.log.purge.gap = 1000000 (custom)
2021-07-06 17:09:36,987 [pool-287-thread-1] INFO  server.RaftServerConfigKeys (ConfUtils.java:logGet(44)) - raft.server.log.appender.buffer.byte-limit = 33554432 (custom)
2021-07-06 17:09:36,987 [pool-287-thread-1] INFO  metrics.RatisMetrics (RatisMetrics.java:lambda$create$0(36)) - Creating Metrics Registry : ratis.log_worker.ff163131-26ab-494b-a4b8-6a11ee7eba7d@group-A9758D0ED3E8
2021-07-06 17:09:36,988 [pool-287-thread-1] INFO  server.RaftServerConfigKeys (ConfUtils.java:logGet(44)) - raft.server.log.segment.size.max = 1048576 (custom)
2021-07-06 17:09:36,988 [pool-287-thread-1] INFO  server.RaftServerConfigKeys (ConfUtils.java:logGet(44)) - raft.server.log.segment.cache.num.max = 2 (custom)
2021-07-06 17:09:36,988 [pool-287-thread-1] INFO  server.RaftServerConfigKeys (ConfUtils.java:logGet(44)) - raft.server.log.segment.cache.size.max = 200MB (=209715200) (default)
2021-07-06 17:09:36,988 [pool-287-thread-1] INFO  segmented.SegmentedRaftLogWorker (SegmentedRaftLogWorker.java:<init>(182)) - new ff163131-26ab-494b-a4b8-6a11ee7eba7d@group-A9758D0ED3E8-SegmentedRaftLogWorker for RaftStorageImpl:Storage Directory /home/runner/work/ozone/ozone/mnt/ozone/hadoop-ozone/integration-test/target/test-dir/MiniOzoneClusterImpl-f74e07ef-a4e5-4994-bf82-498fd787e76a/datanode-2/data/ratis/e8cdf50a-1241-4cfa-899f-a9758d0ed3e8
2021-07-06 17:09:36,988 [pool-287-thread-1] INFO  server.RaftServerConfigKeys (ConfUtils.java:logGet(44)) - raft.server.log.queue.byte-limit = 2147483647 (custom)
2021-07-06 17:09:36,988 [pool-287-thread-1] INFO  server.RaftServerConfigKeys (ConfUtils.java:logGet(44)) - raft.server.log.queue.element-limit = 1024 (custom)
2021-07-06 17:09:36,988 [pool-287-thread-1] INFO  server.RaftServerConfigKeys (ConfUtils.java:logGet(44)) - raft.server.log.segment.size.max = 1048576 (custom)
2021-07-06 17:09:36,988 [pool-287-thread-1] INFO  server.RaftServerConfigKeys (ConfUtils.java:logGet(44)) - raft.server.log.preallocated.size = 16384 (custom)
2021-07-06 17:09:36,988 [pool-287-thread-1] INFO  server.RaftServerConfigKeys (ConfUtils.java:logGet(44)) - raft.server.log.force.sync.num = 128 (default)
2021-07-06 17:09:36,988 [pool-287-thread-1] INFO  server.RaftServerConfigKeys (ConfUtils.java:logGet(44)) - raft.server.log.statemachine.data.sync = true (default)
2021-07-06 17:09:36,988 [pool-287-thread-1] INFO  server.RaftServerConfigKeys (ConfUtils.java:logGet(44)) - raft.server.log.statemachine.data.sync.timeout = 10s (default)
2021-07-06 17:09:36,988 [pool-287-thread-1] INFO  server.RaftServerConfigKeys (ConfUtils.java:logGet(44)) - raft.server.log.statemachine.data.sync.timeout.retry = -1 (default)
2021-07-06 17:09:36,989 [pool-287-thread-1] INFO  server.RaftServerConfigKeys (ConfUtils.java:logGet(44)) - raft.server.log.write.buffer.size = 1048576 (custom)
2021-07-06 17:09:36,990 [pool-287-thread-1] INFO  server.RaftServerConfigKeys (ConfUtils.java:logGet(44)) - raft.server.log.statemachine.data.caching.enabled = true (custom)
2021-07-06 17:09:36,990 [pool-287-thread-1] INFO  segmented.SegmentedRaftLogWorker (SegmentedRaftLogWorker.java:lambda$new$0(133)) - ff163131-26ab-494b-a4b8-6a11ee7eba7d@group-A9758D0ED3E8-SegmentedRaftLogWorker: flushIndex: setUnconditionally 0 -> -1
2021-07-06 17:09:36,990 [pool-287-thread-1] INFO  segmented.SegmentedRaftLogWorker (SegmentedRaftLogWorker.java:lambda$new$0(133)) - ff163131-26ab-494b-a4b8-6a11ee7eba7d@group-A9758D0ED3E8-SegmentedRaftLogWorker: safeCacheEvictIndex: setUnconditionally 0 -> -1
2021-07-06 17:09:36,993 [pool-287-thread-1] INFO  server.RaftServerConfigKeys (ConfUtils.java:logGet(44)) - raft.server.snapshot.auto.trigger.enabled = true (custom)
2021-07-06 17:09:36,993 [pool-287-thread-1] INFO  server.RaftServerConfigKeys (ConfUtils.java:logGet(44)) - raft.server.snapshot.auto.trigger.threshold = 10000 (custom)
2021-07-06 17:09:36,993 [pool-287-thread-1] INFO  server.RaftServerConfigKeys (ConfUtils.java:logGet(44)) - raft.server.snapshot.retention.file.num = 5 (custom)
2021-07-06 17:09:36,993 [pool-287-thread-1] INFO  server.RaftServerConfigKeys (ConfUtils.java:logGet(44)) - raft.server.log.purge.upto.snapshot.index = false (default)
2021-07-06 17:09:36,993 [pool-287-thread-1] INFO  server.RaftServerConfigKeys (ConfUtils.java:logGet(44)) - raft.server.retrycache.expirytime = 600000ms (custom)
2021-07-06 17:09:36,993 [pool-287-thread-1] INFO  server.RaftServerConfigKeys (ConfUtils.java:logGet(44)) - raft.server.retrycache.statistics.expirytime = 100μs (default)
2021-07-06 17:09:36,993 [pool-287-thread-1] INFO  metrics.RatisMetrics (RatisMetrics.java:lambda$create$0(36)) - Creating Metrics Registry : ratis.leader_election.ff163131-26ab-494b-a4b8-6a11ee7eba7d@group-A9758D0ED3E8
2021-07-06 17:09:36,993 [pool-287-thread-1] INFO  metrics.RatisMetrics (RatisMetrics.java:lambda$create$0(36)) - Creating Metrics Registry : ratis.server.ff163131-26ab-494b-a4b8-6a11ee7eba7d@group-A9758D0ED3E8
2021-07-06 17:09:36,994 [pool-287-thread-1] INFO  server.RaftServer$Division (RaftServerImpl.java:start(295)) - ff163131-26ab-494b-a4b8-6a11ee7eba7d@group-A9758D0ED3E8: start as a follower, conf=-1: [64ea58c5-a4b1-4696-b7a2-92ce3d3c799d|rpc:127.0.0.1:34653|dataStream:|priority:1, ff163131-26ab-494b-a4b8-6a11ee7eba7d|rpc:127.0.0.1:43147|dataStream:|priority:0, 73a0175b-b29c-42d7-9744-7e0c9f30680d|rpc:127.0.0.1:45439|dataStream:|priority:0], old=null
2021-07-06 17:09:36,994 [pool-287-thread-1] INFO  server.RaftServer$Division (RaftServerImpl.java:setRole(284)) - ff163131-26ab-494b-a4b8-6a11ee7eba7d@group-A9758D0ED3E8: changes role from      null to FOLLOWER at term 0 for startAsFollower
2021-07-06 17:09:36,994 [pool-287-thread-1] INFO  impl.RoleInfo (RoleInfo.java:updateAndGet(130)) - ff163131-26ab-494b-a4b8-6a11ee7eba7d: start ff163131-26ab-494b-a4b8-6a11ee7eba7d@group-A9758D0ED3E8-FollowerState
2021-07-06 17:09:36,994 [pool-287-thread-1] INFO  util.JmxRegister (JmxRegister.java:tryRegister(44)) - Successfully registered JMX Bean with object name Ratis:service=RaftServer,group=group-A9758D0ED3E8,id=ff163131-26ab-494b-a4b8-6a11ee7eba7d
2021-07-06 17:09:36,994 [pool-287-thread-1] INFO  metrics.RatisMetrics (RatisMetrics.java:lambda$create$0(36)) - Creating Metrics Registry : ratis.state_machine.ff163131-26ab-494b-a4b8-6a11ee7eba7d@group-A9758D0ED3E8
2021-07-06 17:09:37,000 [Command processor thread] INFO  metrics.RatisMetrics (RatisMetrics.java:lambda$create$0(36)) - Creating Metrics Registry : ratis.client_message_metrics.client-75D5783FBBCE->73a0175b-b29c-42d7-9744-7e0c9f30680d
2021-07-06 17:09:37,007 [grpc-default-executor-3] INFO  server.RaftServer (RaftServerProxy.java:addNew(95)) - 73a0175b-b29c-42d7-9744-7e0c9f30680d: addNew group-A9758D0ED3E8:[64ea58c5-a4b1-4696-b7a2-92ce3d3c799d|rpc:127.0.0.1:34653|dataStream:|priority:1, ff163131-26ab-494b-a4b8-6a11ee7eba7d|rpc:127.0.0.1:43147|dataStream:|priority:0, 73a0175b-b29c-42d7-9744-7e0c9f30680d|rpc:127.0.0.1:45439|dataStream:|priority:0] returns group-A9758D0ED3E8:java.util.concurrent.CompletableFuture@30d515f6[Not completed]
2021-07-06 17:09:37,007 [pool-267-thread-1] INFO  server.RaftServer$Division (RaftServerImpl.java:<init>(180)) - 73a0175b-b29c-42d7-9744-7e0c9f30680d: new RaftServerImpl for group-A9758D0ED3E8:[64ea58c5-a4b1-4696-b7a2-92ce3d3c799d|rpc:127.0.0.1:34653|dataStream:|priority:1, ff163131-26ab-494b-a4b8-6a11ee7eba7d|rpc:127.0.0.1:43147|dataStream:|priority:0, 73a0175b-b29c-42d7-9744-7e0c9f30680d|rpc:127.0.0.1:45439|dataStream:|priority:0] with ContainerStateMachine:uninitialized
2021-07-06 17:09:37,007 [pool-267-thread-1] INFO  server.RaftServerConfigKeys (ConfUtils.java:logGet(44)) - raft.server.rpc.timeout.min = 5s (custom)
2021-07-06 17:09:37,007 [pool-267-thread-1] INFO  server.RaftServerConfigKeys (ConfUtils.java:logGet(44)) - raft.server.rpc.timeout.max = 5200ms (custom)
2021-07-06 17:09:37,007 [pool-267-thread-1] INFO  server.RaftServerConfigKeys (ConfUtils.java:logGet(44)) - raft.server.rpc.sleep.time = 25ms (default)
2021-07-06 17:09:37,007 [pool-267-thread-1] INFO  server.RaftServerConfigKeys (ConfUtils.java:logGet(44)) - raft.server.rpc.slowness.timeout = 300s (custom)
2021-07-06 17:09:37,007 [pool-267-thread-1] INFO  server.RaftServerConfigKeys (ConfUtils.java:logGet(44)) - raft.server.leaderelection.leader.step-down.wait-time = 10s (default)
2021-07-06 17:09:37,007 [pool-267-thread-1] INFO  server.RaftServerConfigKeys (ConfUtils.java:logGet(44)) - raft.server.sleep.deviation.threshold = 300ms (default)
2021-07-06 17:09:37,007 [pool-267-thread-1] INFO  server.RaftServerConfigKeys (ConfUtils.java:logGet(44)) - raft.server.log.appender.install.snapshot.enabled = false (custom)
2021-07-06 17:09:37,007 [pool-267-thread-1] INFO  server.RaftServer$Division (ServerState.java:<init>(105)) - 73a0175b-b29c-42d7-9744-7e0c9f30680d@group-A9758D0ED3E8: ConfigurationManager, init=-1: [64ea58c5-a4b1-4696-b7a2-92ce3d3c799d|rpc:127.0.0.1:34653|dataStream:|priority:1, ff163131-26ab-494b-a4b8-6a11ee7eba7d|rpc:127.0.0.1:43147|dataStream:|priority:0, 73a0175b-b29c-42d7-9744-7e0c9f30680d|rpc:127.0.0.1:45439|dataStream:|priority:0], old=null, confs=<EMPTY_MAP>
2021-07-06 17:09:37,007 [pool-267-thread-1] INFO  server.RaftServerConfigKeys (ConfUtils.java:logGet(44)) - raft.server.storage.dir = [/home/runner/work/ozone/ozone/mnt/ozone/hadoop-ozone/integration-test/target/test-dir/MiniOzoneClusterImpl-f74e07ef-a4e5-4994-bf82-498fd787e76a/datanode-1/data/ratis] (custom)
2021-07-06 17:09:37,008 [pool-267-thread-1] INFO  server.RaftServerConfigKeys (ConfUtils.java:logGet(44)) - raft.server.log.corruption.policy = EXCEPTION (default)
2021-07-06 17:09:37,008 [pool-267-thread-1] INFO  storage.RaftStorageDirectory (RaftStorageDirectoryImpl.java:analyzeStorage(132)) - The storage directory /home/runner/work/ozone/ozone/mnt/ozone/hadoop-ozone/integration-test/target/test-dir/MiniOzoneClusterImpl-f74e07ef-a4e5-4994-bf82-498fd787e76a/datanode-1/data/ratis/e8cdf50a-1241-4cfa-899f-a9758d0ed3e8 does not exist. Creating ...
2021-07-06 17:09:37,008 [pool-267-thread-1] INFO  storage.RaftStorageDirectory (RaftStorageDirectoryImpl.java:tryLock(215)) - Lock on /home/runner/work/ozone/ozone/mnt/ozone/hadoop-ozone/integration-test/target/test-dir/MiniOzoneClusterImpl-f74e07ef-a4e5-4994-bf82-498fd787e76a/datanode-1/data/ratis/e8cdf50a-1241-4cfa-899f-a9758d0ed3e8/in_use.lock acquired by nodename 28362@fv-az50-207
2021-07-06 17:09:37,009 [pool-267-thread-1] INFO  storage.RaftStorage (RaftStorageImpl.java:format(87)) - Storage directory /home/runner/work/ozone/ozone/mnt/ozone/hadoop-ozone/integration-test/target/test-dir/MiniOzoneClusterImpl-f74e07ef-a4e5-4994-bf82-498fd787e76a/datanode-1/data/ratis/e8cdf50a-1241-4cfa-899f-a9758d0ed3e8 has been successfully formatted.
2021-07-06 17:09:37,010 [pool-267-thread-1] INFO  ratis.ContainerStateMachine (ContainerStateMachine.java:loadSnapshot(223)) - group-A9758D0ED3E8: The snapshot info is null. Setting the last applied indexto:(t:0, i:~)
2021-07-06 17:09:37,010 [pool-267-thread-1] INFO  server.RaftServerConfigKeys (ConfUtils.java:logGet(44)) - raft.server.notification.no-leader.timeout = 300s (custom)
2021-07-06 17:09:37,011 [pool-267-thread-1] INFO  server.RaftServerConfigKeys (ConfUtils.java:logGet(44)) - raft.server.log.use.memory = false (default)
2021-07-06 17:09:37,011 [pool-267-thread-1] INFO  server.RaftServerConfigKeys (ConfUtils.java:logGet(44)) - raft.server.log.purge.gap = 1000000 (custom)
2021-07-06 17:09:37,015 [pool-267-thread-1] INFO  server.RaftServerConfigKeys (ConfUtils.java:logGet(44)) - raft.server.log.appender.buffer.byte-limit = 33554432 (custom)
2021-07-06 17:09:37,015 [pool-267-thread-1] INFO  metrics.RatisMetrics (RatisMetrics.java:lambda$create$0(36)) - Creating Metrics Registry : ratis.log_worker.73a0175b-b29c-42d7-9744-7e0c9f30680d@group-A9758D0ED3E8
2021-07-06 17:09:37,015 [pool-267-thread-1] INFO  server.RaftServerConfigKeys (ConfUtils.java:logGet(44)) - raft.server.log.segment.size.max = 1048576 (custom)
2021-07-06 17:09:37,015 [pool-267-thread-1] INFO  server.RaftServerConfigKeys (ConfUtils.java:logGet(44)) - raft.server.log.segment.cache.num.max = 2 (custom)
2021-07-06 17:09:37,015 [pool-267-thread-1] INFO  server.RaftServerConfigKeys (ConfUtils.java:logGet(44)) - raft.server.log.segment.cache.size.max = 200MB (=209715200) (default)
2021-07-06 17:09:37,016 [pool-267-thread-1] INFO  segmented.SegmentedRaftLogWorker (SegmentedRaftLogWorker.java:<init>(182)) - new 73a0175b-b29c-42d7-9744-7e0c9f30680d@group-A9758D0ED3E8-SegmentedRaftLogWorker for RaftStorageImpl:Storage Directory /home/runner/work/ozone/ozone/mnt/ozone/hadoop-ozone/integration-test/target/test-dir/MiniOzoneClusterImpl-f74e07ef-a4e5-4994-bf82-498fd787e76a/datanode-1/data/ratis/e8cdf50a-1241-4cfa-899f-a9758d0ed3e8
2021-07-06 17:09:37,016 [pool-267-thread-1] INFO  server.RaftServerConfigKeys (ConfUtils.java:logGet(44)) - raft.server.log.queue.byte-limit = 2147483647 (custom)
2021-07-06 17:09:37,016 [pool-267-thread-1] INFO  server.RaftServerConfigKeys (ConfUtils.java:logGet(44)) - raft.server.log.queue.element-limit = 1024 (custom)
2021-07-06 17:09:37,016 [pool-267-thread-1] INFO  server.RaftServerConfigKeys (ConfUtils.java:logGet(44)) - raft.server.log.segment.size.max = 1048576 (custom)
2021-07-06 17:09:37,016 [pool-267-thread-1] INFO  server.RaftServerConfigKeys (ConfUtils.java:logGet(44)) - raft.server.log.preallocated.size = 16384 (custom)
2021-07-06 17:09:37,016 [pool-267-thread-1] INFO  server.RaftServerConfigKeys (ConfUtils.java:logGet(44)) - raft.server.log.force.sync.num = 128 (default)
2021-07-06 17:09:37,016 [pool-267-thread-1] INFO  server.RaftServerConfigKeys (ConfUtils.java:logGet(44)) - raft.server.log.statemachine.data.sync = true (default)
2021-07-06 17:09:37,016 [pool-267-thread-1] INFO  server.RaftServerConfigKeys (ConfUtils.java:logGet(44)) - raft.server.log.statemachine.data.sync.timeout = 10s (default)
2021-07-06 17:09:37,016 [pool-267-thread-1] INFO  server.RaftServerConfigKeys (ConfUtils.java:logGet(44)) - raft.server.log.statemachine.data.sync.timeout.retry = -1 (default)
2021-07-06 17:09:37,017 [pool-267-thread-1] INFO  server.RaftServerConfigKeys (ConfUtils.java:logGet(44)) - raft.server.log.write.buffer.size = 1048576 (custom)
2021-07-06 17:09:37,017 [pool-267-thread-1] INFO  server.RaftServerConfigKeys (ConfUtils.java:logGet(44)) - raft.server.log.statemachine.data.caching.enabled = true (custom)
2021-07-06 17:09:37,017 [pool-267-thread-1] INFO  segmented.SegmentedRaftLogWorker (SegmentedRaftLogWorker.java:lambda$new$0(133)) - 73a0175b-b29c-42d7-9744-7e0c9f30680d@group-A9758D0ED3E8-SegmentedRaftLogWorker: flushIndex: setUnconditionally 0 -> -1
2021-07-06 17:09:37,017 [pool-267-thread-1] INFO  segmented.SegmentedRaftLogWorker (SegmentedRaftLogWorker.java:lambda$new$0(133)) - 73a0175b-b29c-42d7-9744-7e0c9f30680d@group-A9758D0ED3E8-SegmentedRaftLogWorker: safeCacheEvictIndex: setUnconditionally 0 -> -1
2021-07-06 17:09:37,017 [pool-267-thread-1] INFO  server.RaftServerConfigKeys (ConfUtils.java:logGet(44)) - raft.server.snapshot.auto.trigger.enabled = true (custom)
2021-07-06 17:09:37,017 [pool-267-thread-1] INFO  server.RaftServerConfigKeys (ConfUtils.java:logGet(44)) - raft.server.snapshot.auto.trigger.threshold = 10000 (custom)
2021-07-06 17:09:37,017 [pool-267-thread-1] INFO  server.RaftServerConfigKeys (ConfUtils.java:logGet(44)) - raft.server.snapshot.retention.file.num = 5 (custom)
2021-07-06 17:09:37,017 [pool-267-thread-1] INFO  server.RaftServerConfigKeys (ConfUtils.java:logGet(44)) - raft.server.log.purge.upto.snapshot.index = false (default)
2021-07-06 17:09:37,018 [pool-267-thread-1] INFO  server.RaftServerConfigKeys (ConfUtils.java:logGet(44)) - raft.server.retrycache.expirytime = 600000ms (custom)
2021-07-06 17:09:37,018 [pool-267-thread-1] INFO  server.RaftServerConfigKeys (ConfUtils.java:logGet(44)) - raft.server.retrycache.statistics.expirytime = 100μs (default)
2021-07-06 17:09:37,018 [pool-267-thread-1] INFO  metrics.RatisMetrics (RatisMetrics.java:lambda$create$0(36)) - Creating Metrics Registry : ratis.leader_election.73a0175b-b29c-42d7-9744-7e0c9f30680d@group-A9758D0ED3E8
2021-07-06 17:09:37,018 [pool-267-thread-1] INFO  metrics.RatisMetrics (RatisMetrics.java:lambda$create$0(36)) - Creating Metrics Registry : ratis.server.73a0175b-b29c-42d7-9744-7e0c9f30680d@group-A9758D0ED3E8
2021-07-06 17:09:37,018 [pool-267-thread-1] INFO  server.RaftServer$Division (RaftServerImpl.java:start(295)) - 73a0175b-b29c-42d7-9744-7e0c9f30680d@group-A9758D0ED3E8: start as a follower, conf=-1: [64ea58c5-a4b1-4696-b7a2-92ce3d3c799d|rpc:127.0.0.1:34653|dataStream:|priority:1, ff163131-26ab-494b-a4b8-6a11ee7eba7d|rpc:127.0.0.1:43147|dataStream:|priority:0, 73a0175b-b29c-42d7-9744-7e0c9f30680d|rpc:127.0.0.1:45439|dataStream:|priority:0], old=null
2021-07-06 17:09:37,019 [pool-267-thread-1] INFO  server.RaftServer$Division (RaftServerImpl.java:setRole(284)) - 73a0175b-b29c-42d7-9744-7e0c9f30680d@group-A9758D0ED3E8: changes role from      null to FOLLOWER at term 0 for startAsFollower
2021-07-06 17:09:37,019 [pool-267-thread-1] INFO  impl.RoleInfo (RoleInfo.java:updateAndGet(130)) - 73a0175b-b29c-42d7-9744-7e0c9f30680d: start 73a0175b-b29c-42d7-9744-7e0c9f30680d@group-A9758D0ED3E8-FollowerState
2021-07-06 17:09:37,021 [pool-267-thread-1] INFO  util.JmxRegister (JmxRegister.java:tryRegister(44)) - Successfully registered JMX Bean with object name Ratis:service=RaftServer,group=group-A9758D0ED3E8,id=73a0175b-b29c-42d7-9744-7e0c9f30680d
2021-07-06 17:09:37,021 [pool-267-thread-1] INFO  metrics.RatisMetrics (RatisMetrics.java:lambda$create$0(36)) - Creating Metrics Registry : ratis.state_machine.73a0175b-b29c-42d7-9744-7e0c9f30680d@group-A9758D0ED3E8
2021-07-06 17:09:37,031 [Command processor thread] INFO  commandhandler.CreatePipelineCommandHandler (CreatePipelineCommandHandler.java:handle(106)) - Created Pipeline RATIS THREE PipelineID=e8cdf50a-1241-4cfa-899f-a9758d0ed3e8.
2021-07-06 17:09:37,053 [Command processor thread] INFO  server.RaftServer (RaftServerProxy.java:addNew(95)) - 73a0175b-b29c-42d7-9744-7e0c9f30680d: addNew group-AFBE738750F4:[73a0175b-b29c-42d7-9744-7e0c9f30680d|rpc:127.0.0.1:45439|priority:1] returns group-AFBE738750F4:java.util.concurrent.CompletableFuture@6f78038a[Not completed]
2021-07-06 17:09:37,054 [pool-267-thread-1] INFO  server.RaftServer$Division (RaftServerImpl.java:<init>(180)) - 73a0175b-b29c-42d7-9744-7e0c9f30680d: new RaftServerImpl for group-AFBE738750F4:[73a0175b-b29c-42d7-9744-7e0c9f30680d|rpc:127.0.0.1:45439|priority:1] with ContainerStateMachine:uninitialized
2021-07-06 17:09:37,054 [pool-267-thread-1] INFO  server.RaftServerConfigKeys (ConfUtils.java:logGet(44)) - raft.server.rpc.timeout.min = 5s (custom)
2021-07-06 17:09:37,054 [pool-267-thread-1] INFO  server.RaftServerConfigKeys (ConfUtils.java:logGet(44)) - raft.server.rpc.timeout.max = 5200ms (custom)
2021-07-06 17:09:37,054 [pool-267-thread-1] INFO  server.RaftServerConfigKeys (ConfUtils.java:logGet(44)) - raft.server.rpc.sleep.time = 25ms (default)
2021-07-06 17:09:37,054 [pool-267-thread-1] INFO  server.RaftServerConfigKeys (ConfUtils.java:logGet(44)) - raft.server.rpc.slowness.timeout = 300s (custom)
2021-07-06 17:09:37,054 [pool-267-thread-1] INFO  server.RaftServerConfigKeys (ConfUtils.java:logGet(44)) - raft.server.leaderelection.leader.step-down.wait-time = 10s (default)
2021-07-06 17:09:37,055 [pool-267-thread-1] INFO  server.RaftServerConfigKeys (ConfUtils.java:logGet(44)) - raft.server.sleep.deviation.threshold = 300ms (default)
2021-07-06 17:09:37,055 [pool-267-thread-1] INFO  server.RaftServerConfigKeys (ConfUtils.java:logGet(44)) - raft.server.log.appender.install.snapshot.enabled = false (custom)
2021-07-06 17:09:37,055 [pool-267-thread-1] INFO  server.RaftServer$Division (ServerState.java:<init>(105)) - 73a0175b-b29c-42d7-9744-7e0c9f30680d@group-AFBE738750F4: ConfigurationManager, init=-1: [73a0175b-b29c-42d7-9744-7e0c9f30680d|rpc:127.0.0.1:45439|priority:1], old=null, confs=<EMPTY_MAP>
2021-07-06 17:09:37,055 [pool-267-thread-1] INFO  server.RaftServerConfigKeys (ConfUtils.java:logGet(44)) - raft.server.storage.dir = [/home/runner/work/ozone/ozone/mnt/ozone/hadoop-ozone/integration-test/target/test-dir/MiniOzoneClusterImpl-f74e07ef-a4e5-4994-bf82-498fd787e76a/datanode-1/data/ratis] (custom)
2021-07-06 17:09:37,055 [pool-267-thread-1] INFO  server.RaftServerConfigKeys (ConfUtils.java:logGet(44)) - raft.server.log.corruption.policy = EXCEPTION (default)
2021-07-06 17:09:37,055 [pool-267-thread-1] INFO  storage.RaftStorageDirectory (RaftStorageDirectoryImpl.java:analyzeStorage(132)) - The storage directory /home/runner/work/ozone/ozone/mnt/ozone/hadoop-ozone/integration-test/target/test-dir/MiniOzoneClusterImpl-f74e07ef-a4e5-4994-bf82-498fd787e76a/datanode-1/data/ratis/e684a29d-1182-4bcf-8982-afbe738750f4 does not exist. Creating ...
2021-07-06 17:09:37,056 [pool-267-thread-1] INFO  storage.RaftStorageDirectory (RaftStorageDirectoryImpl.java:tryLock(215)) - Lock on /home/runner/work/ozone/ozone/mnt/ozone/hadoop-ozone/integration-test/target/test-dir/MiniOzoneClusterImpl-f74e07ef-a4e5-4994-bf82-498fd787e76a/datanode-1/data/ratis/e684a29d-1182-4bcf-8982-afbe738750f4/in_use.lock acquired by nodename 28362@fv-az50-207
2021-07-06 17:09:37,057 [pool-267-thread-1] INFO  storage.RaftStorage (RaftStorageImpl.java:format(87)) - Storage directory /home/runner/work/ozone/ozone/mnt/ozone/hadoop-ozone/integration-test/target/test-dir/MiniOzoneClusterImpl-f74e07ef-a4e5-4994-bf82-498fd787e76a/datanode-1/data/ratis/e684a29d-1182-4bcf-8982-afbe738750f4 has been successfully formatted.
2021-07-06 17:09:37,059 [EventQueue-PipelineReportForPipelineReportHandler] INFO  pipeline.PipelineManagerV2Impl (PipelineManagerV2Impl.java:openPipeline(270)) - Pipeline Pipeline[ Id: e684a29d-1182-4bcf-8982-afbe738750f4, Nodes: 73a0175b-b29c-42d7-9744-7e0c9f30680d{ip: 127.0.0.1, host: localhost, ports: [REPLICATION=35499, RATIS=45439, RATIS_ADMIN=45439, RATIS_SERVER=45439, STANDALONE=37003], networkLocation: /default-rack, certSerialId: null, persistedOpState: IN_SERVICE, persistedOpStateExpiryEpochSec: 0}, ReplicationConfig: RATIS/ONE, State:ALLOCATED, leaderId:73a0175b-b29c-42d7-9744-7e0c9f30680d, CreationTimestamp2021-07-06T17:09:34.060Z] moved to OPEN state
2021-07-06 17:09:37,059 [EventQueue-PipelineReportForPipelineReportHandler] INFO  ha.SCMHAInvocationHandler (SCMHAInvocationHandler.java:invokeRatis(113)) - Invoking method public abstract void org.apache.hadoop.hdds.scm.pipeline.StateManager.updatePipelineState(org.apache.hadoop.hdds.protocol.proto.HddsProtos$PipelineID,org.apache.hadoop.hdds.protocol.proto.HddsProtos$PipelineState) throws java.io.IOException on target org.apache.hadoop.hdds.scm.ha.SCMRatisServerImpl@26316019, cost 386.806us
2021-07-06 17:09:37,059 [pool-267-thread-1] INFO  ratis.ContainerStateMachine (ContainerStateMachine.java:loadSnapshot(223)) - group-AFBE738750F4: The snapshot info is null. Setting the last applied indexto:(t:0, i:~)
2021-07-06 17:09:37,060 [EventQueue-PipelineReportForPipelineReportHandler] INFO  pipeline.PipelineManagerV2Impl (PipelineManagerV2Impl.java:openPipeline(270)) - Pipeline Pipeline[ Id: e684a29d-1182-4bcf-8982-afbe738750f4, Nodes: 73a0175b-b29c-42d7-9744-7e0c9f30680d{ip: 127.0.0.1, host: localhost, ports: [REPLICATION=35499, RATIS=45439, RATIS_ADMIN=45439, RATIS_SERVER=45439, STANDALONE=37003], networkLocation: /default-rack, certSerialId: null, persistedOpState: IN_SERVICE, persistedOpStateExpiryEpochSec: 0}, ReplicationConfig: RATIS/ONE, State:ALLOCATED, leaderId:73a0175b-b29c-42d7-9744-7e0c9f30680d, CreationTimestamp2021-07-06T17:09:34.060Z] moved to OPEN state
2021-07-06 17:09:37,061 [pool-267-thread-1] INFO  server.RaftServerConfigKeys (ConfUtils.java:logGet(44)) - raft.server.notification.no-leader.timeout = 300s (custom)
2021-07-06 17:09:37,061 [pool-267-thread-1] INFO  server.RaftServerConfigKeys (ConfUtils.java:logGet(44)) - raft.server.log.use.memory = false (default)
2021-07-06 17:09:37,062 [pool-267-thread-1] INFO  server.RaftServerConfigKeys (ConfUtils.java:logGet(44)) - raft.server.log.purge.gap = 1000000 (custom)
2021-07-06 17:09:37,062 [pool-267-thread-1] INFO  server.RaftServerConfigKeys (ConfUtils.java:logGet(44)) - raft.server.log.appender.buffer.byte-limit = 33554432 (custom)
2021-07-06 17:09:37,063 [pool-267-thread-1] INFO  metrics.RatisMetrics (RatisMetrics.java:lambda$create$0(36)) - Creating Metrics Registry : ratis.log_worker.73a0175b-b29c-42d7-9744-7e0c9f30680d@group-AFBE738750F4
2021-07-06 17:09:37,063 [pool-267-thread-1] INFO  server.RaftServerConfigKeys (ConfUtils.java:logGet(44)) - raft.server.log.segment.size.max = 1048576 (custom)
2021-07-06 17:09:37,064 [pool-267-thread-1] INFO  server.RaftServerConfigKeys (ConfUtils.java:logGet(44)) - raft.server.log.segment.cache.num.max = 2 (custom)
2021-07-06 17:09:37,064 [pool-267-thread-1] INFO  server.RaftServerConfigKeys (ConfUtils.java:logGet(44)) - raft.server.log.segment.cache.size.max = 200MB (=209715200) (default)
2021-07-06 17:09:37,064 [pool-267-thread-1] INFO  segmented.SegmentedRaftLogWorker (SegmentedRaftLogWorker.java:<init>(182)) - new 73a0175b-b29c-42d7-9744-7e0c9f30680d@group-AFBE738750F4-SegmentedRaftLogWorker for RaftStorageImpl:Storage Directory /home/runner/work/ozone/ozone/mnt/ozone/hadoop-ozone/integration-test/target/test-dir/MiniOzoneClusterImpl-f74e07ef-a4e5-4994-bf82-498fd787e76a/datanode-1/data/ratis/e684a29d-1182-4bcf-8982-afbe738750f4
2021-07-06 17:09:37,064 [pool-267-thread-1] INFO  server.RaftServerConfigKeys (ConfUtils.java:logGet(44)) - raft.server.log.queue.byte-limit = 2147483647 (custom)
2021-07-06 17:09:37,064 [pool-267-thread-1] INFO  server.RaftServerConfigKeys (ConfUtils.java:logGet(44)) - raft.server.log.queue.element-limit = 1024 (custom)
2021-07-06 17:09:37,064 [pool-267-thread-1] INFO  server.RaftServerConfigKeys (ConfUtils.java:logGet(44)) - raft.server.log.segment.size.max = 1048576 (custom)
2021-07-06 17:09:37,064 [pool-267-thread-1] INFO  server.RaftServerConfigKeys (ConfUtils.java:logGet(44)) - raft.server.log.preallocated.size = 16384 (custom)
2021-07-06 17:09:37,064 [pool-267-thread-1] INFO  server.RaftServerConfigKeys (ConfUtils.java:logGet(44)) - raft.server.log.force.sync.num = 128 (default)
2021-07-06 17:09:37,064 [pool-267-thread-1] INFO  server.RaftServerConfigKeys (ConfUtils.java:logGet(44)) - raft.server.log.statemachine.data.sync = true (default)
2021-07-06 17:09:37,064 [pool-267-thread-1] INFO  server.RaftServerConfigKeys (ConfUtils.java:logGet(44)) - raft.server.log.statemachine.data.sync.timeout = 10s (default)
2021-07-06 17:09:37,064 [pool-267-thread-1] INFO  server.RaftServerConfigKeys (ConfUtils.java:logGet(44)) - raft.server.log.statemachine.data.sync.timeout.retry = -1 (default)
2021-07-06 17:09:37,065 [pool-267-thread-1] INFO  server.RaftServerConfigKeys (ConfUtils.java:logGet(44)) - raft.server.log.write.buffer.size = 1048576 (custom)
2021-07-06 17:09:37,066 [pool-267-thread-1] INFO  server.RaftServerConfigKeys (ConfUtils.java:logGet(44)) - raft.server.log.statemachine.data.caching.enabled = true (custom)
2021-07-06 17:09:37,066 [pool-267-thread-1] INFO  segmented.SegmentedRaftLogWorker (SegmentedRaftLogWorker.java:lambda$new$0(133)) - 73a0175b-b29c-42d7-9744-7e0c9f30680d@group-AFBE738750F4-SegmentedRaftLogWorker: flushIndex: setUnconditionally 0 -> -1
2021-07-06 17:09:37,066 [pool-267-thread-1] INFO  segmented.SegmentedRaftLogWorker (SegmentedRaftLogWorker.java:lambda$new$0(133)) - 73a0175b-b29c-42d7-9744-7e0c9f30680d@group-AFBE738750F4-SegmentedRaftLogWorker: safeCacheEvictIndex: setUnconditionally 0 -> -1
2021-07-06 17:09:37,066 [pool-267-thread-1] INFO  server.RaftServerConfigKeys (ConfUtils.java:logGet(44)) - raft.server.snapshot.auto.trigger.enabled = true (custom)
2021-07-06 17:09:37,066 [pool-267-thread-1] INFO  server.RaftServerConfigKeys (ConfUtils.java:logGet(44)) - raft.server.snapshot.auto.trigger.threshold = 10000 (custom)
2021-07-06 17:09:37,066 [pool-267-thread-1] INFO  server.RaftServerConfigKeys (ConfUtils.java:logGet(44)) - raft.server.snapshot.retention.file.num = 5 (custom)
2021-07-06 17:09:37,066 [pool-267-thread-1] INFO  server.RaftServerConfigKeys (ConfUtils.java:logGet(44)) - raft.server.log.purge.upto.snapshot.index = false (default)
2021-07-06 17:09:37,067 [pool-267-thread-1] INFO  server.RaftServerConfigKeys (ConfUtils.java:logGet(44)) - raft.server.retrycache.expirytime = 600000ms (custom)
2021-07-06 17:09:37,067 [pool-267-thread-1] INFO  server.RaftServerConfigKeys (ConfUtils.java:logGet(44)) - raft.server.retrycache.statistics.expirytime = 100μs (default)
2021-07-06 17:09:37,067 [pool-267-thread-1] INFO  metrics.RatisMetrics (RatisMetrics.java:lambda$create$0(36)) - Creating Metrics Registry : ratis.leader_election.73a0175b-b29c-42d7-9744-7e0c9f30680d@group-AFBE738750F4
2021-07-06 17:09:37,067 [pool-267-thread-1] INFO  metrics.RatisMetrics (RatisMetrics.java:lambda$create$0(36)) - Creating Metrics Registry : ratis.server.73a0175b-b29c-42d7-9744-7e0c9f30680d@group-AFBE738750F4
2021-07-06 17:09:37,067 [48f00b5a-c605-41fe-901b-b25c0b7536a6@group-498FD787E76A-StateMachineUpdater] INFO  safemode.HealthyPipelineSafeModeRule (HealthyPipelineSafeModeRule.java:initializeRule(152)) - Refreshed total pipeline count is 0, healthy pipeline threshold count is 1
2021-07-06 17:09:37,067 [pool-267-thread-1] INFO  server.RaftServer$Division (RaftServerImpl.java:start(295)) - 73a0175b-b29c-42d7-9744-7e0c9f30680d@group-AFBE738750F4: start as a follower, conf=-1: [73a0175b-b29c-42d7-9744-7e0c9f30680d|rpc:127.0.0.1:45439|priority:1], old=null
2021-07-06 17:09:37,068 [pool-267-thread-1] INFO  server.RaftServer$Division (RaftServerImpl.java:setRole(284)) - 73a0175b-b29c-42d7-9744-7e0c9f30680d@group-AFBE738750F4: changes role from      null to FOLLOWER at term 0 for startAsFollower
2021-07-06 17:09:37,068 [pool-267-thread-1] INFO  impl.RoleInfo (RoleInfo.java:updateAndGet(130)) - 73a0175b-b29c-42d7-9744-7e0c9f30680d: start 73a0175b-b29c-42d7-9744-7e0c9f30680d@group-AFBE738750F4-FollowerState
2021-07-06 17:09:37,068 [EventQueue-PipelineReportForPipelineReportHandler] INFO  ha.SCMHAInvocationHandler (SCMHAInvocationHandler.java:invokeRatis(113)) - Invoking method public abstract void org.apache.hadoop.hdds.scm.pipeline.StateManager.updatePipelineState(org.apache.hadoop.hdds.protocol.proto.HddsProtos$PipelineID,org.apache.hadoop.hdds.protocol.proto.HddsProtos$PipelineState) throws java.io.IOException on target org.apache.hadoop.hdds.scm.ha.SCMRatisServerImpl@66a9e01e, cost 7352.006us
2021-07-06 17:09:37,068 [EventQueue-OpenPipelineForHealthyPipelineSafeModeRule] INFO  safemode.SCMSafeModeManager (HealthyPipelineSafeModeRule.java:process(124)) - SCM in safe mode. Healthy pipelines reported count is 0, required healthy pipeline reported count is 1
2021-07-06 17:09:37,068 [pool-267-thread-1] INFO  util.JmxRegister (JmxRegister.java:tryRegister(44)) - Successfully registered JMX Bean with object name Ratis:service=RaftServer,group=group-AFBE738750F4,id=73a0175b-b29c-42d7-9744-7e0c9f30680d
2021-07-06 17:09:37,068 [pool-267-thread-1] INFO  metrics.RatisMetrics (RatisMetrics.java:lambda$create$0(36)) - Creating Metrics Registry : ratis.state_machine.73a0175b-b29c-42d7-9744-7e0c9f30680d@group-AFBE738750F4
2021-07-06 17:09:37,073 [9c66a5a1-6505-4feb-946f-7a4da78b4c7a@group-498FD787E76A-StateMachineUpdater] INFO  safemode.HealthyPipelineSafeModeRule (HealthyPipelineSafeModeRule.java:initializeRule(152)) - Refreshed total pipeline count is 0, healthy pipeline threshold count is 1
2021-07-06 17:09:37,074 [48f00b5a-c605-41fe-901b-b25c0b7536a6@group-498FD787E76A-StateMachineUpdater] INFO  ha.SCMStateMachine (SCMStateMachine.java:takeSnapshot(290)) - Current Snapshot Index 20, takeSnapshot took 0 ms
2021-07-06 17:09:37,074 [48f00b5a-c605-41fe-901b-b25c0b7536a6@group-498FD787E76A-StateMachineUpdater] INFO  impl.StateMachineUpdater (StateMachineUpdater.java:takeSnapshot(281)) - 48f00b5a-c605-41fe-901b-b25c0b7536a6@group-498FD787E76A-StateMachineUpdater: Took a snapshot at index 20
2021-07-06 17:09:37,074 [48f00b5a-c605-41fe-901b-b25c0b7536a6@group-498FD787E76A-StateMachineUpdater] INFO  impl.StateMachineUpdater (StateMachineUpdater.java:lambda$new$0(89)) - 48f00b5a-c605-41fe-901b-b25c0b7536a6@group-498FD787E76A-StateMachineUpdater: snapshotIndex: updateIncreasingly 15 -> 20
2021-07-06 17:09:37,074 [48f00b5a-c605-41fe-901b-b25c0b7536a6@group-498FD787E76A-StateMachineUpdater] INFO  raftlog.RaftLog (RaftLogBase.java:purge(306)) - 48f00b5a-c605-41fe-901b-b25c0b7536a6@group-498FD787E76A-SegmentedRaftLog: purge 20
2021-07-06 17:09:37,074 [48f00b5a-c605-41fe-901b-b25c0b7536a6@group-498FD787E76A-StateMachineUpdater] INFO  raftlog.RaftLog (RaftLogBase.java:lambda$new$0(53)) - 48f00b5a-c605-41fe-901b-b25c0b7536a6@group-498FD787E76A-SegmentedRaftLog: snapshotIndex: updateIncreasingly 15 -> 20
2021-07-06 17:09:37,074 [48f00b5a-c605-41fe-901b-b25c0b7536a6@group-498FD787E76A-StateMachineUpdater] INFO  raftlog.RaftLog (RaftLogBase.java:lambda$new$0(53)) - 48f00b5a-c605-41fe-901b-b25c0b7536a6@group-498FD787E76A-SegmentedRaftLog: purgeIndex: updateToMax old=15, new=20, updated? true
2021-07-06 17:09:37,077 [Command processor thread] INFO  ratis.XceiverServerRatis (XceiverServerRatis.java:addGroup(759)) - Created group PipelineID=e684a29d-1182-4bcf-8982-afbe738750f4
2021-07-06 17:09:37,077 [Command processor thread] INFO  commandhandler.CreatePipelineCommandHandler (CreatePipelineCommandHandler.java:handle(106)) - Created Pipeline RATIS ONE PipelineID=e684a29d-1182-4bcf-8982-afbe738750f4.
2021-07-06 17:09:37,164 [Listener at 127.0.0.1/10896] INFO  ozone.MiniOzoneClusterImpl (MiniOzoneClusterImpl.java:lambda$waitForClusterToBeReady$0(227)) - Nodes are ready. Got 3 of 3 DN Heartbeats.
2021-07-06 17:09:37,164 [Listener at 127.0.0.1/10896] INFO  ozone.MiniOzoneClusterImpl (MiniOzoneClusterImpl.java:lambda$waitForClusterToBeReady$0(230)) - Waiting for cluster to exit safe mode
2021-07-06 17:09:37,164 [Listener at 127.0.0.1/10896] INFO  ozone.MiniOzoneClusterImpl (MiniOzoneClusterImpl.java:lambda$waitForClusterToBeReady$0(232)) - SCM became leader
2021-07-06 17:09:37,165 [Command processor thread] INFO  server.RaftServer (RaftServerProxy.java:addNew(95)) - ff163131-26ab-494b-a4b8-6a11ee7eba7d: addNew group-E66763042549:[ff163131-26ab-494b-a4b8-6a11ee7eba7d|rpc:127.0.0.1:43147|priority:1] returns group-E66763042549:java.util.concurrent.CompletableFuture@6d36fdd9[Not completed]
2021-07-06 17:09:37,166 [pool-287-thread-1] INFO  server.RaftServer$Division (RaftServerImpl.java:<init>(180)) - ff163131-26ab-494b-a4b8-6a11ee7eba7d: new RaftServerImpl for group-E66763042549:[ff163131-26ab-494b-a4b8-6a11ee7eba7d|rpc:127.0.0.1:43147|priority:1] with ContainerStateMachine:uninitialized
2021-07-06 17:09:37,166 [pool-287-thread-1] INFO  server.RaftServerConfigKeys (ConfUtils.java:logGet(44)) - raft.server.rpc.timeout.min = 5s (custom)
2021-07-06 17:09:37,166 [pool-287-thread-1] INFO  server.RaftServerConfigKeys (ConfUtils.java:logGet(44)) - raft.server.rpc.timeout.max = 5200ms (custom)
2021-07-06 17:09:37,166 [pool-287-thread-1] INFO  server.RaftServerConfigKeys (ConfUtils.java:logGet(44)) - raft.server.rpc.sleep.time = 25ms (default)
2021-07-06 17:09:37,166 [pool-287-thread-1] INFO  server.RaftServerConfigKeys (ConfUtils.java:logGet(44)) - raft.server.rpc.slowness.timeout = 300s (custom)
2021-07-06 17:09:37,166 [pool-287-thread-1] INFO  server.RaftServerConfigKeys (ConfUtils.java:logGet(44)) - raft.server.leaderelection.leader.step-down.wait-time = 10s (default)
2021-07-06 17:09:37,166 [pool-287-thread-1] INFO  server.RaftServerConfigKeys (ConfUtils.java:logGet(44)) - raft.server.sleep.deviation.threshold = 300ms (default)
2021-07-06 17:09:37,167 [pool-287-thread-1] INFO  server.RaftServerConfigKeys (ConfUtils.java:logGet(44)) - raft.server.log.appender.install.snapshot.enabled = false (custom)
2021-07-06 17:09:37,167 [pool-287-thread-1] INFO  server.RaftServer$Division (ServerState.java:<init>(105)) - ff163131-26ab-494b-a4b8-6a11ee7eba7d@group-E66763042549: ConfigurationManager, init=-1: [ff163131-26ab-494b-a4b8-6a11ee7eba7d|rpc:127.0.0.1:43147|priority:1], old=null, confs=<EMPTY_MAP>
2021-07-06 17:09:37,167 [pool-287-thread-1] INFO  server.RaftServerConfigKeys (ConfUtils.java:logGet(44)) - raft.server.storage.dir = [/home/runner/work/ozone/ozone/mnt/ozone/hadoop-ozone/integration-test/target/test-dir/MiniOzoneClusterImpl-f74e07ef-a4e5-4994-bf82-498fd787e76a/datanode-2/data/ratis] (custom)
2021-07-06 17:09:37,167 [pool-287-thread-1] INFO  server.RaftServerConfigKeys (ConfUtils.java:logGet(44)) - raft.server.log.corruption.policy = EXCEPTION (default)
2021-07-06 17:09:37,167 [pool-287-thread-1] INFO  storage.RaftStorageDirectory (RaftStorageDirectoryImpl.java:analyzeStorage(132)) - The storage directory /home/runner/work/ozone/ozone/mnt/ozone/hadoop-ozone/integration-test/target/test-dir/MiniOzoneClusterImpl-f74e07ef-a4e5-4994-bf82-498fd787e76a/datanode-2/data/ratis/5d8aaa9e-5274-4a3b-b3e2-e66763042549 does not exist. Creating ...
2021-07-06 17:09:37,168 [pool-287-thread-1] INFO  storage.RaftStorageDirectory (RaftStorageDirectoryImpl.java:tryLock(215)) - Lock on /home/runner/work/ozone/ozone/mnt/ozone/hadoop-ozone/integration-test/target/test-dir/MiniOzoneClusterImpl-f74e07ef-a4e5-4994-bf82-498fd787e76a/datanode-2/data/ratis/5d8aaa9e-5274-4a3b-b3e2-e66763042549/in_use.lock acquired by nodename 28362@fv-az50-207
2021-07-06 17:09:37,169 [pool-287-thread-1] INFO  storage.RaftStorage (RaftStorageImpl.java:format(87)) - Storage directory /home/runner/work/ozone/ozone/mnt/ozone/hadoop-ozone/integration-test/target/test-dir/MiniOzoneClusterImpl-f74e07ef-a4e5-4994-bf82-498fd787e76a/datanode-2/data/ratis/5d8aaa9e-5274-4a3b-b3e2-e66763042549 has been successfully formatted.
2021-07-06 17:09:37,170 [EventQueue-PipelineReportForPipelineReportHandler] INFO  pipeline.PipelineManagerV2Impl (PipelineManagerV2Impl.java:openPipeline(270)) - Pipeline Pipeline[ Id: 5d8aaa9e-5274-4a3b-b3e2-e66763042549, Nodes: ff163131-26ab-494b-a4b8-6a11ee7eba7d{ip: 127.0.0.1, host: localhost, ports: [REPLICATION=44147, RATIS=43147, RATIS_ADMIN=43147, RATIS_SERVER=43147, STANDALONE=38503], networkLocation: /default-rack, certSerialId: null, persistedOpState: IN_SERVICE, persistedOpStateExpiryEpochSec: 0}, ReplicationConfig: RATIS/ONE, State:ALLOCATED, leaderId:ff163131-26ab-494b-a4b8-6a11ee7eba7d, CreationTimestamp2021-07-06T17:09:34.171Z] moved to OPEN state
2021-07-06 17:09:37,171 [EventQueue-PipelineReportForPipelineReportHandler] INFO  pipeline.PipelineManagerV2Impl (PipelineManagerV2Impl.java:openPipeline(270)) - Pipeline Pipeline[ Id: 5d8aaa9e-5274-4a3b-b3e2-e66763042549, Nodes: ff163131-26ab-494b-a4b8-6a11ee7eba7d{ip: 127.0.0.1, host: localhost, ports: [REPLICATION=44147, RATIS=43147, RATIS_ADMIN=43147, RATIS_SERVER=43147, STANDALONE=38503], networkLocation: /default-rack, certSerialId: null, persistedOpState: IN_SERVICE, persistedOpStateExpiryEpochSec: 0}, ReplicationConfig: RATIS/ONE, State:ALLOCATED, leaderId:ff163131-26ab-494b-a4b8-6a11ee7eba7d, CreationTimestamp2021-07-06T17:09:34.171Z] moved to OPEN state
2021-07-06 17:09:37,171 [EventQueue-PipelineReportForPipelineReportHandler] INFO  ha.SCMHAInvocationHandler (SCMHAInvocationHandler.java:invokeRatis(113)) - Invoking method public abstract void org.apache.hadoop.hdds.scm.pipeline.StateManager.updatePipelineState(org.apache.hadoop.hdds.protocol.proto.HddsProtos$PipelineID,org.apache.hadoop.hdds.protocol.proto.HddsProtos$PipelineState) throws java.io.IOException on target org.apache.hadoop.hdds.scm.ha.SCMRatisServerImpl@26316019, cost 240.903us
2021-07-06 17:09:37,172 [pool-287-thread-1] INFO  ratis.ContainerStateMachine (ContainerStateMachine.java:loadSnapshot(223)) - group-E66763042549: The snapshot info is null. Setting the last applied indexto:(t:0, i:~)
2021-07-06 17:09:37,172 [pool-287-thread-1] INFO  server.RaftServerConfigKeys (ConfUtils.java:logGet(44)) - raft.server.notification.no-leader.timeout = 300s (custom)
2021-07-06 17:09:37,173 [pool-287-thread-1] INFO  server.RaftServerConfigKeys (ConfUtils.java:logGet(44)) - raft.server.log.use.memory = false (default)
2021-07-06 17:09:37,173 [pool-287-thread-1] INFO  server.RaftServerConfigKeys (ConfUtils.java:logGet(44)) - raft.server.log.purge.gap = 1000000 (custom)
2021-07-06 17:09:37,173 [9c66a5a1-6505-4feb-946f-7a4da78b4c7a@group-498FD787E76A-StateMachineUpdater] INFO  ha.SCMStateMachine (SCMStateMachine.java:takeSnapshot(290)) - Current Snapshot Index 20, takeSnapshot took 1 ms
2021-07-06 17:09:37,174 [9c66a5a1-6505-4feb-946f-7a4da78b4c7a@group-498FD787E76A-StateMachineUpdater] INFO  impl.StateMachineUpdater (StateMachineUpdater.java:takeSnapshot(281)) - 9c66a5a1-6505-4feb-946f-7a4da78b4c7a@group-498FD787E76A-StateMachineUpdater: Took a snapshot at index 20
2021-07-06 17:09:37,174 [9c66a5a1-6505-4feb-946f-7a4da78b4c7a@group-498FD787E76A-StateMachineUpdater] INFO  impl.StateMachineUpdater (StateMachineUpdater.java:lambda$new$0(89)) - 9c66a5a1-6505-4feb-946f-7a4da78b4c7a@group-498FD787E76A-StateMachineUpdater: snapshotIndex: updateIncreasingly 15 -> 20
2021-07-06 17:09:37,174 [9c66a5a1-6505-4feb-946f-7a4da78b4c7a@group-498FD787E76A-StateMachineUpdater] INFO  raftlog.RaftLog (RaftLogBase.java:purge(306)) - 9c66a5a1-6505-4feb-946f-7a4da78b4c7a@group-498FD787E76A-SegmentedRaftLog: purge 20
2021-07-06 17:09:37,174 [9c66a5a1-6505-4feb-946f-7a4da78b4c7a@group-498FD787E76A-StateMachineUpdater] INFO  raftlog.RaftLog (RaftLogBase.java:lambda$new$0(53)) - 9c66a5a1-6505-4feb-946f-7a4da78b4c7a@group-498FD787E76A-SegmentedRaftLog: snapshotIndex: updateIncreasingly 15 -> 20
2021-07-06 17:09:37,174 [9c66a5a1-6505-4feb-946f-7a4da78b4c7a@group-498FD787E76A-StateMachineUpdater] INFO  raftlog.RaftLog (RaftLogBase.java:lambda$new$0(53)) - 9c66a5a1-6505-4feb-946f-7a4da78b4c7a@group-498FD787E76A-SegmentedRaftLog: purgeIndex: updateToMax old=15, new=20, updated? true
2021-07-06 17:09:37,174 [pool-287-thread-1] INFO  server.RaftServerConfigKeys (ConfUtils.java:logGet(44)) - raft.server.log.appender.buffer.byte-limit = 33554432 (custom)
2021-07-06 17:09:37,174 [pool-287-thread-1] INFO  metrics.RatisMetrics (RatisMetrics.java:lambda$create$0(36)) - Creating Metrics Registry : ratis.log_worker.ff163131-26ab-494b-a4b8-6a11ee7eba7d@group-E66763042549
2021-07-06 17:09:37,175 [48f00b5a-c605-41fe-901b-b25c0b7536a6@group-498FD787E76A-StateMachineUpdater] INFO  safemode.HealthyPipelineSafeModeRule (HealthyPipelineSafeModeRule.java:initializeRule(152)) - Refreshed total pipeline count is 0, healthy pipeline threshold count is 1
2021-07-06 17:09:37,176 [pool-287-thread-1] INFO  server.RaftServerConfigKeys (ConfUtils.java:logGet(44)) - raft.server.log.segment.size.max = 1048576 (custom)
2021-07-06 17:09:37,176 [EventQueue-PipelineReportForPipelineReportHandler] INFO  ha.SCMHAInvocationHandler (SCMHAInvocationHandler.java:invokeRatis(113)) - Invoking method public abstract void org.apache.hadoop.hdds.scm.pipeline.StateManager.updatePipelineState(org.apache.hadoop.hdds.protocol.proto.HddsProtos$PipelineID,org.apache.hadoop.hdds.protocol.proto.HddsProtos$PipelineState) throws java.io.IOException on target org.apache.hadoop.hdds.scm.ha.SCMRatisServerImpl@66a9e01e, cost 5167.074us
2021-07-06 17:09:37,176 [EventQueue-OpenPipelineForHealthyPipelineSafeModeRule] INFO  safemode.SCMSafeModeManager (HealthyPipelineSafeModeRule.java:process(124)) - SCM in safe mode. Healthy pipelines reported count is 0, required healthy pipeline reported count is 1
2021-07-06 17:09:37,176 [pool-287-thread-1] INFO  server.RaftServerConfigKeys (ConfUtils.java:logGet(44)) - raft.server.log.segment.cache.num.max = 2 (custom)
2021-07-06 17:09:37,176 [pool-287-thread-1] INFO  server.RaftServerConfigKeys (ConfUtils.java:logGet(44)) - raft.server.log.segment.cache.size.max = 200MB (=209715200) (default)
2021-07-06 17:09:37,176 [pool-287-thread-1] INFO  segmented.SegmentedRaftLogWorker (SegmentedRaftLogWorker.java:<init>(182)) - new ff163131-26ab-494b-a4b8-6a11ee7eba7d@group-E66763042549-SegmentedRaftLogWorker for RaftStorageImpl:Storage Directory /home/runner/work/ozone/ozone/mnt/ozone/hadoop-ozone/integration-test/target/test-dir/MiniOzoneClusterImpl-f74e07ef-a4e5-4994-bf82-498fd787e76a/datanode-2/data/ratis/5d8aaa9e-5274-4a3b-b3e2-e66763042549
2021-07-06 17:09:37,176 [pool-287-thread-1] INFO  server.RaftServerConfigKeys (ConfUtils.java:logGet(44)) - raft.server.log.queue.byte-limit = 2147483647 (custom)
2021-07-06 17:09:37,176 [pool-287-thread-1] INFO  server.RaftServerConfigKeys (ConfUtils.java:logGet(44)) - raft.server.log.queue.element-limit = 1024 (custom)
2021-07-06 17:09:37,176 [pool-287-thread-1] INFO  server.RaftServerConfigKeys (ConfUtils.java:logGet(44)) - raft.server.log.segment.size.max = 1048576 (custom)
2021-07-06 17:09:37,176 [pool-287-thread-1] INFO  server.RaftServerConfigKeys (ConfUtils.java:logGet(44)) - raft.server.log.preallocated.size = 16384 (custom)
2021-07-06 17:09:37,176 [pool-287-thread-1] INFO  server.RaftServerConfigKeys (ConfUtils.java:logGet(44)) - raft.server.log.force.sync.num = 128 (default)
2021-07-06 17:09:37,177 [pool-287-thread-1] INFO  server.RaftServerConfigKeys (ConfUtils.java:logGet(44)) - raft.server.log.statemachine.data.sync = true (default)
2021-07-06 17:09:37,177 [pool-287-thread-1] INFO  server.RaftServerConfigKeys (ConfUtils.java:logGet(44)) - raft.server.log.statemachine.data.sync.timeout = 10s (default)
2021-07-06 17:09:37,177 [pool-287-thread-1] INFO  server.RaftServerConfigKeys (ConfUtils.java:logGet(44)) - raft.server.log.statemachine.data.sync.timeout.retry = -1 (default)
2021-07-06 17:09:37,181 [pool-287-thread-1] INFO  server.RaftServerConfigKeys (ConfUtils.java:logGet(44)) - raft.server.log.write.buffer.size = 1048576 (custom)
2021-07-06 17:09:37,182 [pool-287-thread-1] INFO  server.RaftServerConfigKeys (ConfUtils.java:logGet(44)) - raft.server.log.statemachine.data.caching.enabled = true (custom)
2021-07-06 17:09:37,182 [pool-287-thread-1] INFO  segmented.SegmentedRaftLogWorker (SegmentedRaftLogWorker.java:lambda$new$0(133)) - ff163131-26ab-494b-a4b8-6a11ee7eba7d@group-E66763042549-SegmentedRaftLogWorker: flushIndex: setUnconditionally 0 -> -1
2021-07-06 17:09:37,182 [pool-287-thread-1] INFO  segmented.SegmentedRaftLogWorker (SegmentedRaftLogWorker.java:lambda$new$0(133)) - ff163131-26ab-494b-a4b8-6a11ee7eba7d@group-E66763042549-SegmentedRaftLogWorker: safeCacheEvictIndex: setUnconditionally 0 -> -1
2021-07-06 17:09:37,183 [9c66a5a1-6505-4feb-946f-7a4da78b4c7a@group-498FD787E76A-StateMachineUpdater] INFO  safemode.HealthyPipelineSafeModeRule (HealthyPipelineSafeModeRule.java:initializeRule(152)) - Refreshed total pipeline count is 0, healthy pipeline threshold count is 1
2021-07-06 17:09:37,189 [pool-287-thread-1] INFO  server.RaftServerConfigKeys (ConfUtils.java:logGet(44)) - raft.server.snapshot.auto.trigger.enabled = true (custom)
2021-07-06 17:09:37,189 [pool-287-thread-1] INFO  server.RaftServerConfigKeys (ConfUtils.java:logGet(44)) - raft.server.snapshot.auto.trigger.threshold = 10000 (custom)
2021-07-06 17:09:37,189 [pool-287-thread-1] INFO  server.RaftServerConfigKeys (ConfUtils.java:logGet(44)) - raft.server.snapshot.retention.file.num = 5 (custom)
2021-07-06 17:09:37,189 [pool-287-thread-1] INFO  server.RaftServerConfigKeys (ConfUtils.java:logGet(44)) - raft.server.log.purge.upto.snapshot.index = false (default)
2021-07-06 17:09:37,189 [pool-287-thread-1] INFO  server.RaftServerConfigKeys (ConfUtils.java:logGet(44)) - raft.server.retrycache.expirytime = 600000ms (custom)
2021-07-06 17:09:37,189 [pool-287-thread-1] INFO  server.RaftServerConfigKeys (ConfUtils.java:logGet(44)) - raft.server.retrycache.statistics.expirytime = 100μs (default)
2021-07-06 17:09:37,189 [pool-287-thread-1] INFO  metrics.RatisMetrics (RatisMetrics.java:lambda$create$0(36)) - Creating Metrics Registry : ratis.leader_election.ff163131-26ab-494b-a4b8-6a11ee7eba7d@group-E66763042549
2021-07-06 17:09:37,189 [pool-287-thread-1] INFO  metrics.RatisMetrics (RatisMetrics.java:lambda$create$0(36)) - Creating Metrics Registry : ratis.server.ff163131-26ab-494b-a4b8-6a11ee7eba7d@group-E66763042549
2021-07-06 17:09:37,190 [pool-287-thread-1] INFO  server.RaftServer$Division (RaftServerImpl.java:start(295)) - ff163131-26ab-494b-a4b8-6a11ee7eba7d@group-E66763042549: start as a follower, conf=-1: [ff163131-26ab-494b-a4b8-6a11ee7eba7d|rpc:127.0.0.1:43147|priority:1], old=null
2021-07-06 17:09:37,190 [pool-287-thread-1] INFO  server.RaftServer$Division (RaftServerImpl.java:setRole(284)) - ff163131-26ab-494b-a4b8-6a11ee7eba7d@group-E66763042549: changes role from      null to FOLLOWER at term 0 for startAsFollower
2021-07-06 17:09:37,190 [pool-287-thread-1] INFO  impl.RoleInfo (RoleInfo.java:updateAndGet(130)) - ff163131-26ab-494b-a4b8-6a11ee7eba7d: start ff163131-26ab-494b-a4b8-6a11ee7eba7d@group-E66763042549-FollowerState
2021-07-06 17:09:37,190 [pool-287-thread-1] INFO  util.JmxRegister (JmxRegister.java:tryRegister(44)) - Successfully registered JMX Bean with object name Ratis:service=RaftServer,group=group-E66763042549,id=ff163131-26ab-494b-a4b8-6a11ee7eba7d
2021-07-06 17:09:37,191 [pool-287-thread-1] INFO  metrics.RatisMetrics (RatisMetrics.java:lambda$create$0(36)) - Creating Metrics Registry : ratis.state_machine.ff163131-26ab-494b-a4b8-6a11ee7eba7d@group-E66763042549
2021-07-06 17:09:37,191 [Command processor thread] INFO  ratis.XceiverServerRatis (XceiverServerRatis.java:addGroup(759)) - Created group PipelineID=5d8aaa9e-5274-4a3b-b3e2-e66763042549
2021-07-06 17:09:37,191 [Command processor thread] INFO  commandhandler.CreatePipelineCommandHandler (CreatePipelineCommandHandler.java:handle(106)) - Created Pipeline RATIS ONE PipelineID=5d8aaa9e-5274-4a3b-b3e2-e66763042549.
2021-07-06 17:09:37,493 [EndpointStateMachine task thread for /127.0.0.1:15657 - 0 ] INFO  ipc.Client (Client.java:handleConnectionFailure(966)) - Retrying connect to server: localhost/127.0.0.1:15657. Already tried 1 time(s); retry policy is RetryUpToMaximumCountWithFixedSleep(maxRetries=15, sleepTime=1000 MILLISECONDS)
2021-07-06 17:09:37,494 [EndpointStateMachine task thread for /127.0.0.1:15677 - 0 ] INFO  ipc.Client (Client.java:handleConnectionFailure(966)) - Retrying connect to server: localhost/127.0.0.1:15677. Already tried 1 time(s); retry policy is RetryUpToMaximumCountWithFixedSleep(maxRetries=15, sleepTime=1000 MILLISECONDS)
2021-07-06 17:09:37,497 [EndpointStateMachine task thread for /127.0.0.1:15667 - 0 ] INFO  ipc.Client (Client.java:handleConnectionFailure(966)) - Retrying connect to server: localhost/127.0.0.1:15667. Already tried 1 time(s); retry policy is RetryUpToMaximumCountWithFixedSleep(maxRetries=15, sleepTime=1000 MILLISECONDS)
2021-07-06 17:09:38,165 [Listener at 127.0.0.1/10896] INFO  ozone.MiniOzoneClusterImpl (MiniOzoneClusterImpl.java:lambda$waitForClusterToBeReady$0(227)) - Nodes are ready. Got 3 of 3 DN Heartbeats.
2021-07-06 17:09:38,165 [Listener at 127.0.0.1/10896] INFO  ozone.MiniOzoneClusterImpl (MiniOzoneClusterImpl.java:lambda$waitForClusterToBeReady$0(230)) - Waiting for cluster to exit safe mode
2021-07-06 17:09:38,166 [Listener at 127.0.0.1/10896] INFO  ozone.MiniOzoneClusterImpl (MiniOzoneClusterImpl.java:lambda$waitForClusterToBeReady$0(232)) - SCM became leader
2021-07-06 17:09:38,493 [EndpointStateMachine task thread for /127.0.0.1:15657 - 0 ] INFO  ipc.Client (Client.java:handleConnectionFailure(966)) - Retrying connect to server: localhost/127.0.0.1:15657. Already tried 2 time(s); retry policy is RetryUpToMaximumCountWithFixedSleep(maxRetries=15, sleepTime=1000 MILLISECONDS)
2021-07-06 17:09:38,494 [EndpointStateMachine task thread for /127.0.0.1:15677 - 0 ] INFO  ipc.Client (Client.java:handleConnectionFailure(966)) - Retrying connect to server: localhost/127.0.0.1:15677. Already tried 2 time(s); retry policy is RetryUpToMaximumCountWithFixedSleep(maxRetries=15, sleepTime=1000 MILLISECONDS)
2021-07-06 17:09:38,498 [EndpointStateMachine task thread for /127.0.0.1:15667 - 0 ] INFO  ipc.Client (Client.java:handleConnectionFailure(966)) - Retrying connect to server: localhost/127.0.0.1:15667. Already tried 2 time(s); retry policy is RetryUpToMaximumCountWithFixedSleep(maxRetries=15, sleepTime=1000 MILLISECONDS)
2021-07-06 17:09:39,166 [Listener at 127.0.0.1/10896] INFO  ozone.MiniOzoneClusterImpl (MiniOzoneClusterImpl.java:lambda$waitForClusterToBeReady$0(227)) - Nodes are ready. Got 3 of 3 DN Heartbeats.
2021-07-06 17:09:39,166 [Listener at 127.0.0.1/10896] INFO  ozone.MiniOzoneClusterImpl (MiniOzoneClusterImpl.java:lambda$waitForClusterToBeReady$0(230)) - Waiting for cluster to exit safe mode
2021-07-06 17:09:39,167 [Listener at 127.0.0.1/10896] INFO  ozone.MiniOzoneClusterImpl (MiniOzoneClusterImpl.java:lambda$waitForClusterToBeReady$0(232)) - SCM became leader
2021-07-06 17:09:39,170 [Datanode State Machine Thread - 0] ERROR datanode.RunningDatanodeState (RunningDatanodeState.java:computeNextContainerState(199)) - Error in executing end point task.
java.util.concurrent.ExecutionException: java.util.concurrent.TimeoutException
	at java.util.concurrent.FutureTask.report(FutureTask.java:122)
	at java.util.concurrent.FutureTask.get(FutureTask.java:192)
	at org.apache.hadoop.ozone.container.common.states.datanode.RunningDatanodeState.computeNextContainerState(RunningDatanodeState.java:191)
	at org.apache.hadoop.ozone.container.common.states.datanode.RunningDatanodeState.await(RunningDatanodeState.java:231)
	at org.apache.hadoop.ozone.container.common.states.datanode.RunningDatanodeState.await(RunningDatanodeState.java:50)
	at org.apache.hadoop.ozone.container.common.statemachine.StateContext.execute(StateContext.java:629)
	at org.apache.hadoop.ozone.container.common.statemachine.DatanodeStateMachine.start(DatanodeStateMachine.java:244)
	at org.apache.hadoop.ozone.container.common.statemachine.DatanodeStateMachine.lambda$startDaemon$0(DatanodeStateMachine.java:429)
	at java.lang.Thread.run(Thread.java:748)
Caused by: java.util.concurrent.TimeoutException
	at java.util.concurrent.FutureTask.get(FutureTask.java:205)
	at org.apache.hadoop.ozone.container.common.states.datanode.RunningDatanodeState.lambda$execute$0(RunningDatanodeState.java:149)
	at java.util.concurrent.FutureTask.run(FutureTask.java:266)
	at java.util.concurrent.Executors$RunnableAdapter.call(Executors.java:511)
	at java.util.concurrent.FutureTask.run(FutureTask.java:266)
	at java.util.concurrent.ThreadPoolExecutor.runWorker(ThreadPoolExecutor.java:1149)
	at java.util.concurrent.ThreadPoolExecutor$Worker.run(ThreadPoolExecutor.java:624)
	... 1 more
2021-07-06 17:09:39,494 [EndpointStateMachine task thread for /127.0.0.1:15657 - 0 ] INFO  ipc.Client (Client.java:handleConnectionFailure(966)) - Retrying connect to server: localhost/127.0.0.1:15657. Already tried 3 time(s); retry policy is RetryUpToMaximumCountWithFixedSleep(maxRetries=15, sleepTime=1000 MILLISECONDS)
2021-07-06 17:09:39,495 [EndpointStateMachine task thread for /127.0.0.1:15677 - 0 ] INFO  ipc.Client (Client.java:handleConnectionFailure(966)) - Retrying connect to server: localhost/127.0.0.1:15677. Already tried 3 time(s); retry policy is RetryUpToMaximumCountWithFixedSleep(maxRetries=15, sleepTime=1000 MILLISECONDS)
2021-07-06 17:09:39,498 [EndpointStateMachine task thread for /127.0.0.1:15667 - 0 ] INFO  ipc.Client (Client.java:handleConnectionFailure(966)) - Retrying connect to server: localhost/127.0.0.1:15667. Already tried 3 time(s); retry policy is RetryUpToMaximumCountWithFixedSleep(maxRetries=15, sleepTime=1000 MILLISECONDS)
2021-07-06 17:09:40,167 [Listener at 127.0.0.1/10896] INFO  ozone.MiniOzoneClusterImpl (MiniOzoneClusterImpl.java:lambda$waitForClusterToBeReady$0(227)) - Nodes are ready. Got 3 of 3 DN Heartbeats.
2021-07-06 17:09:40,167 [Listener at 127.0.0.1/10896] INFO  ozone.MiniOzoneClusterImpl (MiniOzoneClusterImpl.java:lambda$waitForClusterToBeReady$0(230)) - Waiting for cluster to exit safe mode
2021-07-06 17:09:40,167 [Listener at 127.0.0.1/10896] INFO  ozone.MiniOzoneClusterImpl (MiniOzoneClusterImpl.java:lambda$waitForClusterToBeReady$0(232)) - SCM became leader
2021-07-06 17:09:40,495 [EndpointStateMachine task thread for /127.0.0.1:15657 - 0 ] INFO  ipc.Client (Client.java:handleConnectionFailure(966)) - Retrying connect to server: localhost/127.0.0.1:15657. Already tried 4 time(s); retry policy is RetryUpToMaximumCountWithFixedSleep(maxRetries=15, sleepTime=1000 MILLISECONDS)
2021-07-06 17:09:40,495 [EndpointStateMachine task thread for /127.0.0.1:15677 - 0 ] INFO  ipc.Client (Client.java:handleConnectionFailure(966)) - Retrying connect to server: localhost/127.0.0.1:15677. Already tried 4 time(s); retry policy is RetryUpToMaximumCountWithFixedSleep(maxRetries=15, sleepTime=1000 MILLISECONDS)
2021-07-06 17:09:40,502 [EndpointStateMachine task thread for /127.0.0.1:15667 - 0 ] INFO  ipc.Client (Client.java:handleConnectionFailure(966)) - Retrying connect to server: localhost/127.0.0.1:15667. Already tried 4 time(s); retry policy is RetryUpToMaximumCountWithFixedSleep(maxRetries=15, sleepTime=1000 MILLISECONDS)
2021-07-06 17:09:41,061 [Datanode State Machine Thread - 0] ERROR datanode.RunningDatanodeState (RunningDatanodeState.java:computeNextContainerState(199)) - Error in executing end point task.
java.util.concurrent.ExecutionException: java.util.concurrent.TimeoutException
	at java.util.concurrent.FutureTask.report(FutureTask.java:122)
	at java.util.concurrent.FutureTask.get(FutureTask.java:192)
	at org.apache.hadoop.ozone.container.common.states.datanode.RunningDatanodeState.computeNextContainerState(RunningDatanodeState.java:191)
	at org.apache.hadoop.ozone.container.common.states.datanode.RunningDatanodeState.await(RunningDatanodeState.java:231)
	at org.apache.hadoop.ozone.container.common.states.datanode.RunningDatanodeState.await(RunningDatanodeState.java:50)
	at org.apache.hadoop.ozone.container.common.statemachine.StateContext.execute(StateContext.java:629)
	at org.apache.hadoop.ozone.container.common.statemachine.DatanodeStateMachine.start(DatanodeStateMachine.java:244)
	at org.apache.hadoop.ozone.container.common.statemachine.DatanodeStateMachine.lambda$startDaemon$0(DatanodeStateMachine.java:429)
	at java.lang.Thread.run(Thread.java:748)
Caused by: java.util.concurrent.TimeoutException
	at java.util.concurrent.FutureTask.get(FutureTask.java:205)
	at org.apache.hadoop.ozone.container.common.states.datanode.RunningDatanodeState.lambda$execute$0(RunningDatanodeState.java:149)
	at java.util.concurrent.FutureTask.run(FutureTask.java:266)
	at java.util.concurrent.Executors$RunnableAdapter.call(Executors.java:511)
	at java.util.concurrent.FutureTask.run(FutureTask.java:266)
	at java.util.concurrent.ThreadPoolExecutor.runWorker(ThreadPoolExecutor.java:1149)
	at java.util.concurrent.ThreadPoolExecutor$Worker.run(ThreadPoolExecutor.java:624)
	... 1 more
2021-07-06 17:09:41,168 [Listener at 127.0.0.1/10896] INFO  ozone.MiniOzoneClusterImpl (MiniOzoneClusterImpl.java:lambda$waitForClusterToBeReady$0(227)) - Nodes are ready. Got 3 of 3 DN Heartbeats.
2021-07-06 17:09:41,168 [Listener at 127.0.0.1/10896] INFO  ozone.MiniOzoneClusterImpl (MiniOzoneClusterImpl.java:lambda$waitForClusterToBeReady$0(230)) - Waiting for cluster to exit safe mode
2021-07-06 17:09:41,168 [Listener at 127.0.0.1/10896] INFO  ozone.MiniOzoneClusterImpl (MiniOzoneClusterImpl.java:lambda$waitForClusterToBeReady$0(232)) - SCM became leader
2021-07-06 17:09:41,496 [EndpointStateMachine task thread for /127.0.0.1:15657 - 0 ] INFO  ipc.Client (Client.java:handleConnectionFailure(966)) - Retrying connect to server: localhost/127.0.0.1:15657. Already tried 5 time(s); retry policy is RetryUpToMaximumCountWithFixedSleep(maxRetries=15, sleepTime=1000 MILLISECONDS)
2021-07-06 17:09:41,496 [EndpointStateMachine task thread for /127.0.0.1:15677 - 0 ] INFO  ipc.Client (Client.java:handleConnectionFailure(966)) - Retrying connect to server: localhost/127.0.0.1:15677. Already tried 5 time(s); retry policy is RetryUpToMaximumCountWithFixedSleep(maxRetries=15, sleepTime=1000 MILLISECONDS)
2021-07-06 17:09:41,502 [EndpointStateMachine task thread for /127.0.0.1:15667 - 0 ] INFO  ipc.Client (Client.java:handleConnectionFailure(966)) - Retrying connect to server: localhost/127.0.0.1:15667. Already tried 5 time(s); retry policy is RetryUpToMaximumCountWithFixedSleep(maxRetries=15, sleepTime=1000 MILLISECONDS)
2021-07-06 17:09:41,869 [64ea58c5-a4b1-4696-b7a2-92ce3d3c799d@group-E792FEA90364-FollowerState] INFO  impl.FollowerState (FollowerState.java:run(134)) - 64ea58c5-a4b1-4696-b7a2-92ce3d3c799d@group-E792FEA90364-FollowerState: change to CANDIDATE, lastRpcElapsedTime:5008562884ns, electionTimeout:5000ms
2021-07-06 17:09:41,869 [64ea58c5-a4b1-4696-b7a2-92ce3d3c799d@group-E792FEA90364-FollowerState] INFO  impl.RoleInfo (RoleInfo.java:shutdownFollowerState(108)) - 64ea58c5-a4b1-4696-b7a2-92ce3d3c799d: shutdown 64ea58c5-a4b1-4696-b7a2-92ce3d3c799d@group-E792FEA90364-FollowerState
2021-07-06 17:09:41,869 [64ea58c5-a4b1-4696-b7a2-92ce3d3c799d@group-E792FEA90364-FollowerState] INFO  server.RaftServer$Division (RaftServerImpl.java:setRole(284)) - 64ea58c5-a4b1-4696-b7a2-92ce3d3c799d@group-E792FEA90364: changes role from  FOLLOWER to CANDIDATE at term 0 for changeToCandidate
2021-07-06 17:09:41,870 [64ea58c5-a4b1-4696-b7a2-92ce3d3c799d@group-E792FEA90364-FollowerState] INFO  server.RaftServerConfigKeys (ConfUtils.java:logGet(44)) - raft.server.leaderelection.pre-vote = false (custom)
2021-07-06 17:09:41,870 [64ea58c5-a4b1-4696-b7a2-92ce3d3c799d@group-E792FEA90364-FollowerState] INFO  impl.RoleInfo (RoleInfo.java:updateAndGet(130)) - 64ea58c5-a4b1-4696-b7a2-92ce3d3c799d: start 64ea58c5-a4b1-4696-b7a2-92ce3d3c799d@group-E792FEA90364-LeaderElection18
2021-07-06 17:09:41,874 [64ea58c5-a4b1-4696-b7a2-92ce3d3c799d@group-E792FEA90364-LeaderElection18] INFO  impl.LeaderElection (LeaderElection.java:askForVotes(306)) - 64ea58c5-a4b1-4696-b7a2-92ce3d3c799d@group-E792FEA90364-LeaderElection18 ELECTION round 0: submit vote requests at term 1 for -1: [64ea58c5-a4b1-4696-b7a2-92ce3d3c799d|rpc:127.0.0.1:34653|priority:0, ff163131-26ab-494b-a4b8-6a11ee7eba7d|rpc:127.0.0.1:43147|priority:0, 73a0175b-b29c-42d7-9744-7e0c9f30680d|rpc:127.0.0.1:45439|priority:1], old=null
2021-07-06 17:09:41,884 [grpc-default-executor-3] INFO  server.RaftServer$Division (RaftServerImpl.java:requestVote(1042)) - 73a0175b-b29c-42d7-9744-7e0c9f30680d@group-E792FEA90364: receive requestVote(ELECTION, 64ea58c5-a4b1-4696-b7a2-92ce3d3c799d, group-E792FEA90364, 1, (t:0, i:0))
2021-07-06 17:09:41,884 [grpc-default-executor-3] INFO  impl.VoteContext (VoteContext.java:log(48)) - 73a0175b-b29c-42d7-9744-7e0c9f30680d@group-E792FEA90364-FOLLOWER: reject ELECTION from 64ea58c5-a4b1-4696-b7a2-92ce3d3c799d: our priority 1 > candidate's priority 0
2021-07-06 17:09:41,884 [grpc-default-executor-3] INFO  server.RaftServer$Division (RaftServerImpl.java:setRole(284)) - 73a0175b-b29c-42d7-9744-7e0c9f30680d@group-E792FEA90364: changes role from  FOLLOWER to FOLLOWER at term 1 for candidate:64ea58c5-a4b1-4696-b7a2-92ce3d3c799d
2021-07-06 17:09:41,884 [grpc-default-executor-3] INFO  impl.RoleInfo (RoleInfo.java:shutdownFollowerState(108)) - 73a0175b-b29c-42d7-9744-7e0c9f30680d: shutdown 73a0175b-b29c-42d7-9744-7e0c9f30680d@group-E792FEA90364-FollowerState
2021-07-06 17:09:41,884 [73a0175b-b29c-42d7-9744-7e0c9f30680d@group-E792FEA90364-FollowerState] INFO  impl.FollowerState (FollowerState.java:run(143)) - 73a0175b-b29c-42d7-9744-7e0c9f30680d@group-E792FEA90364-FollowerState was interrupted: {}
java.lang.InterruptedException: sleep interrupted
	at java.lang.Thread.sleep(Native Method)
	at java.lang.Thread.sleep(Thread.java:340)
	at java.util.concurrent.TimeUnit.sleep(TimeUnit.java:386)
	at org.apache.ratis.util.TimeDuration.sleep(TimeDuration.java:324)
	at org.apache.ratis.util.TimeDuration.sleep(TimeDuration.java:309)
	at org.apache.ratis.server.impl.FollowerState.run(FollowerState.java:118)
2021-07-06 17:09:41,884 [grpc-default-executor-3] INFO  impl.RoleInfo (RoleInfo.java:updateAndGet(130)) - 73a0175b-b29c-42d7-9744-7e0c9f30680d: start 73a0175b-b29c-42d7-9744-7e0c9f30680d@group-E792FEA90364-FollowerState
2021-07-06 17:09:41,897 [grpc-default-executor-1] INFO  server.RaftServer$Division (RaftServerImpl.java:requestVote(1042)) - ff163131-26ab-494b-a4b8-6a11ee7eba7d@group-E792FEA90364: receive requestVote(ELECTION, 64ea58c5-a4b1-4696-b7a2-92ce3d3c799d, group-E792FEA90364, 1, (t:0, i:0))
2021-07-06 17:09:41,897 [grpc-default-executor-1] INFO  impl.VoteContext (VoteContext.java:log(48)) - ff163131-26ab-494b-a4b8-6a11ee7eba7d@group-E792FEA90364-FOLLOWER: accept ELECTION from 64ea58c5-a4b1-4696-b7a2-92ce3d3c799d: our priority 0 <= candidate's priority 0
2021-07-06 17:09:41,897 [grpc-default-executor-1] INFO  server.RaftServer$Division (RaftServerImpl.java:setRole(284)) - ff163131-26ab-494b-a4b8-6a11ee7eba7d@group-E792FEA90364: changes role from  FOLLOWER to FOLLOWER at term 1 for candidate:64ea58c5-a4b1-4696-b7a2-92ce3d3c799d
2021-07-06 17:09:41,897 [grpc-default-executor-1] INFO  impl.RoleInfo (RoleInfo.java:shutdownFollowerState(108)) - ff163131-26ab-494b-a4b8-6a11ee7eba7d: shutdown ff163131-26ab-494b-a4b8-6a11ee7eba7d@group-E792FEA90364-FollowerState
2021-07-06 17:09:41,898 [grpc-default-executor-3] INFO  server.RaftServer$Division (RaftServerImpl.java:requestVote(1074)) - 73a0175b-b29c-42d7-9744-7e0c9f30680d@group-E792FEA90364 replies to ELECTION vote request: 64ea58c5-a4b1-4696-b7a2-92ce3d3c799d<-73a0175b-b29c-42d7-9744-7e0c9f30680d#0:FAIL-t1. Peer's state: 73a0175b-b29c-42d7-9744-7e0c9f30680d@group-E792FEA90364:t1, leader=null, voted=null, raftlog=73a0175b-b29c-42d7-9744-7e0c9f30680d@group-E792FEA90364-SegmentedRaftLog:OPENED:c-1,f-1,i0, conf=-1: [64ea58c5-a4b1-4696-b7a2-92ce3d3c799d|rpc:127.0.0.1:34653|dataStream:|priority:0, ff163131-26ab-494b-a4b8-6a11ee7eba7d|rpc:127.0.0.1:43147|dataStream:|priority:0, 73a0175b-b29c-42d7-9744-7e0c9f30680d|rpc:127.0.0.1:45439|dataStream:|priority:1], old=null
2021-07-06 17:09:41,898 [ff163131-26ab-494b-a4b8-6a11ee7eba7d@group-E792FEA90364-FollowerState] INFO  impl.FollowerState (FollowerState.java:run(143)) - ff163131-26ab-494b-a4b8-6a11ee7eba7d@group-E792FEA90364-FollowerState was interrupted: {}
java.lang.InterruptedException: sleep interrupted
	at java.lang.Thread.sleep(Native Method)
	at java.lang.Thread.sleep(Thread.java:340)
	at java.util.concurrent.TimeUnit.sleep(TimeUnit.java:386)
	at org.apache.ratis.util.TimeDuration.sleep(TimeDuration.java:324)
	at org.apache.ratis.util.TimeDuration.sleep(TimeDuration.java:309)
	at org.apache.ratis.server.impl.FollowerState.run(FollowerState.java:118)
2021-07-06 17:09:41,898 [grpc-default-executor-1] INFO  impl.RoleInfo (RoleInfo.java:updateAndGet(130)) - ff163131-26ab-494b-a4b8-6a11ee7eba7d: start ff163131-26ab-494b-a4b8-6a11ee7eba7d@group-E792FEA90364-FollowerState
2021-07-06 17:09:41,904 [64ea58c5-a4b1-4696-b7a2-92ce3d3c799d@group-E792FEA90364-LeaderElection18] INFO  impl.LeaderElection (LeaderElection.java:logAndReturn(89)) - 64ea58c5-a4b1-4696-b7a2-92ce3d3c799d@group-E792FEA90364-LeaderElection18: ELECTION REJECTED received 1 response(s) and 0 exception(s):
2021-07-06 17:09:41,904 [64ea58c5-a4b1-4696-b7a2-92ce3d3c799d@group-E792FEA90364-LeaderElection18] INFO  impl.LeaderElection (LeaderElection.java:logAndReturn(93)) -   Response 0: 64ea58c5-a4b1-4696-b7a2-92ce3d3c799d<-73a0175b-b29c-42d7-9744-7e0c9f30680d#0:FAIL-t1
2021-07-06 17:09:41,904 [64ea58c5-a4b1-4696-b7a2-92ce3d3c799d@group-E792FEA90364-LeaderElection18] INFO  impl.LeaderElection (LeaderElection.java:askForVotes(308)) - 64ea58c5-a4b1-4696-b7a2-92ce3d3c799d@group-E792FEA90364-LeaderElection18 ELECTION round 0: result REJECTED
2021-07-06 17:09:41,904 [64ea58c5-a4b1-4696-b7a2-92ce3d3c799d@group-E792FEA90364-LeaderElection18] INFO  server.RaftServer$Division (RaftServerImpl.java:setRole(284)) - 64ea58c5-a4b1-4696-b7a2-92ce3d3c799d@group-E792FEA90364: changes role from CANDIDATE to FOLLOWER at term 1 for REJECTED
2021-07-06 17:09:41,904 [64ea58c5-a4b1-4696-b7a2-92ce3d3c799d@group-E792FEA90364-LeaderElection18] INFO  impl.RoleInfo (RoleInfo.java:shutdownLeaderElection(121)) - 64ea58c5-a4b1-4696-b7a2-92ce3d3c799d: shutdown 64ea58c5-a4b1-4696-b7a2-92ce3d3c799d@group-E792FEA90364-LeaderElection18
2021-07-06 17:09:41,904 [64ea58c5-a4b1-4696-b7a2-92ce3d3c799d@group-E792FEA90364-LeaderElection18] INFO  impl.RoleInfo (RoleInfo.java:updateAndGet(130)) - 64ea58c5-a4b1-4696-b7a2-92ce3d3c799d: start 64ea58c5-a4b1-4696-b7a2-92ce3d3c799d@group-E792FEA90364-FollowerState
2021-07-06 17:09:41,905 [grpc-default-executor-1] INFO  server.RaftServer$Division (RaftServerImpl.java:requestVote(1074)) - ff163131-26ab-494b-a4b8-6a11ee7eba7d@group-E792FEA90364 replies to ELECTION vote request: 64ea58c5-a4b1-4696-b7a2-92ce3d3c799d<-ff163131-26ab-494b-a4b8-6a11ee7eba7d#0:OK-t1. Peer's state: ff163131-26ab-494b-a4b8-6a11ee7eba7d@group-E792FEA90364:t1, leader=null, voted=64ea58c5-a4b1-4696-b7a2-92ce3d3c799d, raftlog=ff163131-26ab-494b-a4b8-6a11ee7eba7d@group-E792FEA90364-SegmentedRaftLog:OPENED:c-1,f-1,i0, conf=-1: [64ea58c5-a4b1-4696-b7a2-92ce3d3c799d|rpc:127.0.0.1:34653|dataStream:|priority:0, ff163131-26ab-494b-a4b8-6a11ee7eba7d|rpc:127.0.0.1:43147|dataStream:|priority:0, 73a0175b-b29c-42d7-9744-7e0c9f30680d|rpc:127.0.0.1:45439|dataStream:|priority:1], old=null
2021-07-06 17:09:41,993 [64ea58c5-a4b1-4696-b7a2-92ce3d3c799d@group-A9758D0ED3E8-FollowerState] INFO  impl.FollowerState (FollowerState.java:run(134)) - 64ea58c5-a4b1-4696-b7a2-92ce3d3c799d@group-A9758D0ED3E8-FollowerState: change to CANDIDATE, lastRpcElapsedTime:5024208099ns, electionTimeout:5020ms
2021-07-06 17:09:41,993 [64ea58c5-a4b1-4696-b7a2-92ce3d3c799d@group-A9758D0ED3E8-FollowerState] INFO  impl.RoleInfo (RoleInfo.java:shutdownFollowerState(108)) - 64ea58c5-a4b1-4696-b7a2-92ce3d3c799d: shutdown 64ea58c5-a4b1-4696-b7a2-92ce3d3c799d@group-A9758D0ED3E8-FollowerState
2021-07-06 17:09:41,994 [64ea58c5-a4b1-4696-b7a2-92ce3d3c799d@group-A9758D0ED3E8-FollowerState] INFO  server.RaftServer$Division (RaftServerImpl.java:setRole(284)) - 64ea58c5-a4b1-4696-b7a2-92ce3d3c799d@group-A9758D0ED3E8: changes role from  FOLLOWER to CANDIDATE at term 0 for changeToCandidate
2021-07-06 17:09:41,994 [64ea58c5-a4b1-4696-b7a2-92ce3d3c799d@group-A9758D0ED3E8-FollowerState] INFO  server.RaftServerConfigKeys (ConfUtils.java:logGet(44)) - raft.server.leaderelection.pre-vote = false (custom)
2021-07-06 17:09:41,994 [64ea58c5-a4b1-4696-b7a2-92ce3d3c799d@group-A9758D0ED3E8-FollowerState] INFO  impl.RoleInfo (RoleInfo.java:updateAndGet(130)) - 64ea58c5-a4b1-4696-b7a2-92ce3d3c799d: start 64ea58c5-a4b1-4696-b7a2-92ce3d3c799d@group-A9758D0ED3E8-LeaderElection19
2021-07-06 17:09:41,997 [64ea58c5-a4b1-4696-b7a2-92ce3d3c799d@group-A9758D0ED3E8-LeaderElection19] INFO  impl.LeaderElection (LeaderElection.java:askForVotes(306)) - 64ea58c5-a4b1-4696-b7a2-92ce3d3c799d@group-A9758D0ED3E8-LeaderElection19 ELECTION round 0: submit vote requests at term 1 for -1: [64ea58c5-a4b1-4696-b7a2-92ce3d3c799d|rpc:127.0.0.1:34653|priority:1, ff163131-26ab-494b-a4b8-6a11ee7eba7d|rpc:127.0.0.1:43147|priority:0, 73a0175b-b29c-42d7-9744-7e0c9f30680d|rpc:127.0.0.1:45439|priority:0], old=null
2021-07-06 17:09:42,000 [grpc-default-executor-1] INFO  server.RaftServer$Division (RaftServerImpl.java:requestVote(1042)) - 73a0175b-b29c-42d7-9744-7e0c9f30680d@group-A9758D0ED3E8: receive requestVote(ELECTION, 64ea58c5-a4b1-4696-b7a2-92ce3d3c799d, group-A9758D0ED3E8, 1, (t:0, i:0))
2021-07-06 17:09:42,000 [grpc-default-executor-3] INFO  server.RaftServer$Division (RaftServerImpl.java:requestVote(1042)) - ff163131-26ab-494b-a4b8-6a11ee7eba7d@group-A9758D0ED3E8: receive requestVote(ELECTION, 64ea58c5-a4b1-4696-b7a2-92ce3d3c799d, group-A9758D0ED3E8, 1, (t:0, i:0))
2021-07-06 17:09:42,000 [grpc-default-executor-1] INFO  impl.VoteContext (VoteContext.java:log(48)) - 73a0175b-b29c-42d7-9744-7e0c9f30680d@group-A9758D0ED3E8-FOLLOWER: accept ELECTION from 64ea58c5-a4b1-4696-b7a2-92ce3d3c799d: our priority 0 <= candidate's priority 1
2021-07-06 17:09:42,000 [grpc-default-executor-1] INFO  server.RaftServer$Division (RaftServerImpl.java:setRole(284)) - 73a0175b-b29c-42d7-9744-7e0c9f30680d@group-A9758D0ED3E8: changes role from  FOLLOWER to FOLLOWER at term 1 for candidate:64ea58c5-a4b1-4696-b7a2-92ce3d3c799d
2021-07-06 17:09:42,000 [grpc-default-executor-1] INFO  impl.RoleInfo (RoleInfo.java:shutdownFollowerState(108)) - 73a0175b-b29c-42d7-9744-7e0c9f30680d: shutdown 73a0175b-b29c-42d7-9744-7e0c9f30680d@group-A9758D0ED3E8-FollowerState
2021-07-06 17:09:42,000 [grpc-default-executor-3] INFO  impl.VoteContext (VoteContext.java:log(48)) - ff163131-26ab-494b-a4b8-6a11ee7eba7d@group-A9758D0ED3E8-FOLLOWER: accept ELECTION from 64ea58c5-a4b1-4696-b7a2-92ce3d3c799d: our priority 0 <= candidate's priority 1
2021-07-06 17:09:42,000 [grpc-default-executor-3] INFO  server.RaftServer$Division (RaftServerImpl.java:setRole(284)) - ff163131-26ab-494b-a4b8-6a11ee7eba7d@group-A9758D0ED3E8: changes role from  FOLLOWER to FOLLOWER at term 1 for candidate:64ea58c5-a4b1-4696-b7a2-92ce3d3c799d
2021-07-06 17:09:42,000 [grpc-default-executor-3] INFO  impl.RoleInfo (RoleInfo.java:shutdownFollowerState(108)) - ff163131-26ab-494b-a4b8-6a11ee7eba7d: shutdown ff163131-26ab-494b-a4b8-6a11ee7eba7d@group-A9758D0ED3E8-FollowerState
2021-07-06 17:09:42,000 [ff163131-26ab-494b-a4b8-6a11ee7eba7d@group-A9758D0ED3E8-FollowerState] INFO  impl.FollowerState (FollowerState.java:run(143)) - ff163131-26ab-494b-a4b8-6a11ee7eba7d@group-A9758D0ED3E8-FollowerState was interrupted: {}
java.lang.InterruptedException: sleep interrupted
	at java.lang.Thread.sleep(Native Method)
	at java.lang.Thread.sleep(Thread.java:340)
	at java.util.concurrent.TimeUnit.sleep(TimeUnit.java:386)
	at org.apache.ratis.util.TimeDuration.sleep(TimeDuration.java:324)
	at org.apache.ratis.util.TimeDuration.sleep(TimeDuration.java:309)
	at org.apache.ratis.server.impl.FollowerState.run(FollowerState.java:118)
2021-07-06 17:09:42,000 [grpc-default-executor-1] INFO  impl.RoleInfo (RoleInfo.java:updateAndGet(130)) - 73a0175b-b29c-42d7-9744-7e0c9f30680d: start 73a0175b-b29c-42d7-9744-7e0c9f30680d@group-A9758D0ED3E8-FollowerState
2021-07-06 17:09:42,000 [grpc-default-executor-3] INFO  impl.RoleInfo (RoleInfo.java:updateAndGet(130)) - ff163131-26ab-494b-a4b8-6a11ee7eba7d: start ff163131-26ab-494b-a4b8-6a11ee7eba7d@group-A9758D0ED3E8-FollowerState
2021-07-06 17:09:42,000 [73a0175b-b29c-42d7-9744-7e0c9f30680d@group-A9758D0ED3E8-FollowerState] INFO  impl.FollowerState (FollowerState.java:run(143)) - 73a0175b-b29c-42d7-9744-7e0c9f30680d@group-A9758D0ED3E8-FollowerState was interrupted: {}
java.lang.InterruptedException: sleep interrupted
	at java.lang.Thread.sleep(Native Method)
	at java.lang.Thread.sleep(Thread.java:340)
	at java.util.concurrent.TimeUnit.sleep(TimeUnit.java:386)
	at org.apache.ratis.util.TimeDuration.sleep(TimeDuration.java:324)
	at org.apache.ratis.util.TimeDuration.sleep(TimeDuration.java:309)
	at org.apache.ratis.server.impl.FollowerState.run(FollowerState.java:118)
2021-07-06 17:09:42,006 [grpc-default-executor-1] INFO  server.RaftServer$Division (RaftServerImpl.java:requestVote(1074)) - 73a0175b-b29c-42d7-9744-7e0c9f30680d@group-A9758D0ED3E8 replies to ELECTION vote request: 64ea58c5-a4b1-4696-b7a2-92ce3d3c799d<-73a0175b-b29c-42d7-9744-7e0c9f30680d#0:OK-t1. Peer's state: 73a0175b-b29c-42d7-9744-7e0c9f30680d@group-A9758D0ED3E8:t1, leader=null, voted=64ea58c5-a4b1-4696-b7a2-92ce3d3c799d, raftlog=73a0175b-b29c-42d7-9744-7e0c9f30680d@group-A9758D0ED3E8-SegmentedRaftLog:OPENED:c-1,f-1,i0, conf=-1: [64ea58c5-a4b1-4696-b7a2-92ce3d3c799d|rpc:127.0.0.1:34653|dataStream:|priority:1, ff163131-26ab-494b-a4b8-6a11ee7eba7d|rpc:127.0.0.1:43147|dataStream:|priority:0, 73a0175b-b29c-42d7-9744-7e0c9f30680d|rpc:127.0.0.1:45439|dataStream:|priority:0], old=null
2021-07-06 17:09:42,006 [64ea58c5-a4b1-4696-b7a2-92ce3d3c799d@group-9C0EBA8E0C84-FollowerState] INFO  impl.FollowerState (FollowerState.java:run(134)) - 64ea58c5-a4b1-4696-b7a2-92ce3d3c799d@group-9C0EBA8E0C84-FollowerState: change to CANDIDATE, lastRpcElapsedTime:5162312283ns, electionTimeout:5157ms
2021-07-06 17:09:42,006 [64ea58c5-a4b1-4696-b7a2-92ce3d3c799d@group-9C0EBA8E0C84-FollowerState] INFO  impl.RoleInfo (RoleInfo.java:shutdownFollowerState(108)) - 64ea58c5-a4b1-4696-b7a2-92ce3d3c799d: shutdown 64ea58c5-a4b1-4696-b7a2-92ce3d3c799d@group-9C0EBA8E0C84-FollowerState
2021-07-06 17:09:42,006 [64ea58c5-a4b1-4696-b7a2-92ce3d3c799d@group-9C0EBA8E0C84-FollowerState] INFO  server.RaftServer$Division (RaftServerImpl.java:setRole(284)) - 64ea58c5-a4b1-4696-b7a2-92ce3d3c799d@group-9C0EBA8E0C84: changes role from  FOLLOWER to CANDIDATE at term 0 for changeToCandidate
2021-07-06 17:09:42,006 [64ea58c5-a4b1-4696-b7a2-92ce3d3c799d@group-9C0EBA8E0C84-FollowerState] INFO  server.RaftServerConfigKeys (ConfUtils.java:logGet(44)) - raft.server.leaderelection.pre-vote = false (custom)
2021-07-06 17:09:42,006 [64ea58c5-a4b1-4696-b7a2-92ce3d3c799d@group-9C0EBA8E0C84-FollowerState] INFO  impl.RoleInfo (RoleInfo.java:updateAndGet(130)) - 64ea58c5-a4b1-4696-b7a2-92ce3d3c799d: start 64ea58c5-a4b1-4696-b7a2-92ce3d3c799d@group-9C0EBA8E0C84-LeaderElection20
2021-07-06 17:09:42,010 [grpc-default-executor-3] INFO  server.RaftServer$Division (RaftServerImpl.java:requestVote(1074)) - ff163131-26ab-494b-a4b8-6a11ee7eba7d@group-A9758D0ED3E8 replies to ELECTION vote request: 64ea58c5-a4b1-4696-b7a2-92ce3d3c799d<-ff163131-26ab-494b-a4b8-6a11ee7eba7d#0:OK-t1. Peer's state: ff163131-26ab-494b-a4b8-6a11ee7eba7d@group-A9758D0ED3E8:t1, leader=null, voted=64ea58c5-a4b1-4696-b7a2-92ce3d3c799d, raftlog=ff163131-26ab-494b-a4b8-6a11ee7eba7d@group-A9758D0ED3E8-SegmentedRaftLog:OPENED:c-1,f-1,i0, conf=-1: [64ea58c5-a4b1-4696-b7a2-92ce3d3c799d|rpc:127.0.0.1:34653|dataStream:|priority:1, ff163131-26ab-494b-a4b8-6a11ee7eba7d|rpc:127.0.0.1:43147|dataStream:|priority:0, 73a0175b-b29c-42d7-9744-7e0c9f30680d|rpc:127.0.0.1:45439|dataStream:|priority:0], old=null
2021-07-06 17:09:42,014 [64ea58c5-a4b1-4696-b7a2-92ce3d3c799d@group-A9758D0ED3E8-LeaderElection19] INFO  impl.LeaderElection (LeaderElection.java:logAndReturn(89)) - 64ea58c5-a4b1-4696-b7a2-92ce3d3c799d@group-A9758D0ED3E8-LeaderElection19: ELECTION PASSED received 1 response(s) and 0 exception(s):
2021-07-06 17:09:42,014 [64ea58c5-a4b1-4696-b7a2-92ce3d3c799d@group-A9758D0ED3E8-LeaderElection19] INFO  impl.LeaderElection (LeaderElection.java:logAndReturn(93)) -   Response 0: 64ea58c5-a4b1-4696-b7a2-92ce3d3c799d<-ff163131-26ab-494b-a4b8-6a11ee7eba7d#0:OK-t1
2021-07-06 17:09:42,014 [64ea58c5-a4b1-4696-b7a2-92ce3d3c799d@group-A9758D0ED3E8-LeaderElection19] INFO  impl.LeaderElection (LeaderElection.java:askForVotes(308)) - 64ea58c5-a4b1-4696-b7a2-92ce3d3c799d@group-A9758D0ED3E8-LeaderElection19 ELECTION round 0: result PASSED
2021-07-06 17:09:42,014 [64ea58c5-a4b1-4696-b7a2-92ce3d3c799d@group-A9758D0ED3E8-LeaderElection19] INFO  impl.RoleInfo (RoleInfo.java:shutdownLeaderElection(121)) - 64ea58c5-a4b1-4696-b7a2-92ce3d3c799d: shutdown 64ea58c5-a4b1-4696-b7a2-92ce3d3c799d@group-A9758D0ED3E8-LeaderElection19
2021-07-06 17:09:42,014 [64ea58c5-a4b1-4696-b7a2-92ce3d3c799d@group-A9758D0ED3E8-LeaderElection19] INFO  server.RaftServer$Division (RaftServerImpl.java:setRole(284)) - 64ea58c5-a4b1-4696-b7a2-92ce3d3c799d@group-A9758D0ED3E8: changes role from CANDIDATE to LEADER at term 1 for changeToLeader
2021-07-06 17:09:42,014 [64ea58c5-a4b1-4696-b7a2-92ce3d3c799d@group-A9758D0ED3E8-LeaderElection19] INFO  ratis.XceiverServerRatis (XceiverServerRatis.java:handleLeaderChangedNotification(857)) - Leader change notification received for group: group-A9758D0ED3E8 with new leaderId: 64ea58c5-a4b1-4696-b7a2-92ce3d3c799d
2021-07-06 17:09:42,014 [64ea58c5-a4b1-4696-b7a2-92ce3d3c799d@group-A9758D0ED3E8-LeaderElection19] INFO  server.RaftServer$Division (ServerState.java:setLeader(271)) - 64ea58c5-a4b1-4696-b7a2-92ce3d3c799d@group-A9758D0ED3E8: change Leader from null to 64ea58c5-a4b1-4696-b7a2-92ce3d3c799d at term 1 for becomeLeader, leader elected after 5057ms
2021-07-06 17:09:42,014 [64ea58c5-a4b1-4696-b7a2-92ce3d3c799d@group-A9758D0ED3E8-LeaderElection19] INFO  server.RaftServerConfigKeys (ConfUtils.java:logGet(44)) - raft.server.staging.catchup.gap = 1000 (default)
2021-07-06 17:09:42,014 [64ea58c5-a4b1-4696-b7a2-92ce3d3c799d@group-A9758D0ED3E8-LeaderElection19] INFO  metrics.RatisMetrics (RatisMetrics.java:lambda$create$0(36)) - Creating Metrics Registry : ratis.log_appender.64ea58c5-a4b1-4696-b7a2-92ce3d3c799d@group-A9758D0ED3E8
2021-07-06 17:09:42,014 [64ea58c5-a4b1-4696-b7a2-92ce3d3c799d@group-A9758D0ED3E8-LeaderElection19] INFO  server.RaftServerConfigKeys (ConfUtils.java:logGet(44)) - raft.server.write.element-limit = 1024 (custom)
2021-07-06 17:09:42,014 [64ea58c5-a4b1-4696-b7a2-92ce3d3c799d@group-A9758D0ED3E8-LeaderElection19] INFO  server.RaftServerConfigKeys (ConfUtils.java:logGet(44)) - raft.server.write.byte-limit = 1073741824 (custom)
2021-07-06 17:09:42,015 [64ea58c5-a4b1-4696-b7a2-92ce3d3c799d@group-A9758D0ED3E8-LeaderElection19] INFO  server.RaftServerConfigKeys (ConfUtils.java:logGet(44)) - raft.server.watch.timeout = 180s (custom)
2021-07-06 17:09:42,015 [64ea58c5-a4b1-4696-b7a2-92ce3d3c799d@group-A9758D0ED3E8-LeaderElection19] INFO  server.RaftServerConfigKeys (ConfUtils.java:logGet(44)) - raft.server.watch.timeout.denomination = 1s (default)
2021-07-06 17:09:42,015 [64ea58c5-a4b1-4696-b7a2-92ce3d3c799d@group-A9758D0ED3E8-LeaderElection19] INFO  server.RaftServerConfigKeys (ConfUtils.java:logGet(44)) - raft.server.watch.element-limit = 65536 (default)
2021-07-06 17:09:42,015 [64ea58c5-a4b1-4696-b7a2-92ce3d3c799d@group-A9758D0ED3E8-LeaderElection19] INFO  server.RaftServerConfigKeys (ConfUtils.java:logGet(44)) - raft.server.log.appender.snapshot.chunk.size.max = 16MB (=16777216) (default)
2021-07-06 17:09:42,015 [64ea58c5-a4b1-4696-b7a2-92ce3d3c799d@group-A9758D0ED3E8-LeaderElection19] INFO  server.RaftServerConfigKeys (ConfUtils.java:logGet(44)) - raft.server.log.appender.buffer.byte-limit = 33554432 (custom)
2021-07-06 17:09:42,015 [64ea58c5-a4b1-4696-b7a2-92ce3d3c799d@group-A9758D0ED3E8-LeaderElection19] INFO  server.RaftServerConfigKeys (ConfUtils.java:logGet(44)) - raft.server.log.appender.buffer.element-limit = 1 (custom)
2021-07-06 17:09:42,015 [64ea58c5-a4b1-4696-b7a2-92ce3d3c799d@group-A9758D0ED3E8-LeaderElection19] INFO  grpc.GrpcConfigKeys (ConfUtils.java:logGet(44)) - raft.grpc.server.leader.outstanding.appends.max = 128 (default)
2021-07-06 17:09:42,015 [64ea58c5-a4b1-4696-b7a2-92ce3d3c799d@group-A9758D0ED3E8-LeaderElection19] INFO  server.RaftServerConfigKeys (ConfUtils.java:logGet(44)) - raft.server.rpc.request.timeout = 60s (custom)
2021-07-06 17:09:42,015 [64ea58c5-a4b1-4696-b7a2-92ce3d3c799d@group-A9758D0ED3E8-LeaderElection19] INFO  server.RaftServerConfigKeys (ConfUtils.java:logGet(44)) - raft.server.log.appender.install.snapshot.enabled = false (custom)
2021-07-06 17:09:42,015 [64ea58c5-a4b1-4696-b7a2-92ce3d3c799d@group-A9758D0ED3E8-LeaderElection19] INFO  metrics.RatisMetrics (RatisMetrics.java:lambda$create$0(36)) - Creating Metrics Registry : ratis_grpc.log_appender.64ea58c5-a4b1-4696-b7a2-92ce3d3c799d@group-A9758D0ED3E8
2021-07-06 17:09:42,016 [64ea58c5-a4b1-4696-b7a2-92ce3d3c799d@group-A9758D0ED3E8-LeaderElection19] INFO  server.RaftServerConfigKeys (ConfUtils.java:logGet(44)) - raft.server.log.appender.snapshot.chunk.size.max = 16MB (=16777216) (default)
2021-07-06 17:09:42,016 [64ea58c5-a4b1-4696-b7a2-92ce3d3c799d@group-A9758D0ED3E8-LeaderElection19] INFO  server.RaftServerConfigKeys (ConfUtils.java:logGet(44)) - raft.server.log.appender.buffer.byte-limit = 33554432 (custom)
2021-07-06 17:09:42,016 [64ea58c5-a4b1-4696-b7a2-92ce3d3c799d@group-A9758D0ED3E8-LeaderElection19] INFO  server.RaftServerConfigKeys (ConfUtils.java:logGet(44)) - raft.server.log.appender.buffer.element-limit = 1 (custom)
2021-07-06 17:09:42,016 [64ea58c5-a4b1-4696-b7a2-92ce3d3c799d@group-A9758D0ED3E8-LeaderElection19] INFO  grpc.GrpcConfigKeys (ConfUtils.java:logGet(44)) - raft.grpc.server.leader.outstanding.appends.max = 128 (default)
2021-07-06 17:09:42,016 [64ea58c5-a4b1-4696-b7a2-92ce3d3c799d@group-A9758D0ED3E8-LeaderElection19] INFO  server.RaftServerConfigKeys (ConfUtils.java:logGet(44)) - raft.server.rpc.request.timeout = 60s (custom)
2021-07-06 17:09:42,016 [64ea58c5-a4b1-4696-b7a2-92ce3d3c799d@group-A9758D0ED3E8-LeaderElection19] INFO  server.RaftServerConfigKeys (ConfUtils.java:logGet(44)) - raft.server.log.appender.install.snapshot.enabled = false (custom)
2021-07-06 17:09:42,017 [64ea58c5-a4b1-4696-b7a2-92ce3d3c799d@group-A9758D0ED3E8-LeaderElection19] INFO  impl.RoleInfo (RoleInfo.java:updateAndGet(130)) - 64ea58c5-a4b1-4696-b7a2-92ce3d3c799d: start 64ea58c5-a4b1-4696-b7a2-92ce3d3c799d@group-A9758D0ED3E8-LeaderStateImpl
2021-07-06 17:09:42,018 [64ea58c5-a4b1-4696-b7a2-92ce3d3c799d@group-A9758D0ED3E8-LeaderElection19] INFO  segmented.SegmentedRaftLogWorker (SegmentedRaftLogWorker.java:startLogSegment(394)) - 64ea58c5-a4b1-4696-b7a2-92ce3d3c799d@group-A9758D0ED3E8-SegmentedRaftLogWorker: Starting segment from index:0
2021-07-06 17:09:42,018 [EventQueue-PipelineReportForPipelineReportHandler] INFO  pipeline.PipelineManagerV2Impl (PipelineManagerV2Impl.java:openPipeline(270)) - Pipeline Pipeline[ Id: e8cdf50a-1241-4cfa-899f-a9758d0ed3e8, Nodes: 64ea58c5-a4b1-4696-b7a2-92ce3d3c799d{ip: 127.0.0.1, host: localhost, ports: [REPLICATION=41321, RATIS=34653, RATIS_ADMIN=34653, RATIS_SERVER=34653, STANDALONE=37745], networkLocation: /default-rack, certSerialId: null, persistedOpState: IN_SERVICE, persistedOpStateExpiryEpochSec: 0}ff163131-26ab-494b-a4b8-6a11ee7eba7d{ip: 127.0.0.1, host: localhost, ports: [REPLICATION=44147, RATIS=43147, RATIS_ADMIN=43147, RATIS_SERVER=43147, STANDALONE=38503], networkLocation: /default-rack, certSerialId: null, persistedOpState: IN_SERVICE, persistedOpStateExpiryEpochSec: 0}73a0175b-b29c-42d7-9744-7e0c9f30680d{ip: 127.0.0.1, host: localhost, ports: [REPLICATION=35499, RATIS=45439, RATIS_ADMIN=45439, RATIS_SERVER=45439, STANDALONE=37003], networkLocation: /default-rack, certSerialId: null, persistedOpState: IN_SERVICE, persistedOpStateExpiryEpochSec: 0}, ReplicationConfig: RATIS/THREE, State:ALLOCATED, leaderId:64ea58c5-a4b1-4696-b7a2-92ce3d3c799d, CreationTimestamp2021-07-06T17:09:34.183Z] moved to OPEN state
2021-07-06 17:09:42,019 [EventQueue-PipelineReportForPipelineReportHandler] INFO  pipeline.PipelineManagerV2Impl (PipelineManagerV2Impl.java:openPipeline(270)) - Pipeline Pipeline[ Id: e8cdf50a-1241-4cfa-899f-a9758d0ed3e8, Nodes: 64ea58c5-a4b1-4696-b7a2-92ce3d3c799d{ip: 127.0.0.1, host: localhost, ports: [REPLICATION=41321, RATIS=34653, RATIS_ADMIN=34653, RATIS_SERVER=34653, STANDALONE=37745], networkLocation: /default-rack, certSerialId: null, persistedOpState: IN_SERVICE, persistedOpStateExpiryEpochSec: 0}ff163131-26ab-494b-a4b8-6a11ee7eba7d{ip: 127.0.0.1, host: localhost, ports: [REPLICATION=44147, RATIS=43147, RATIS_ADMIN=43147, RATIS_SERVER=43147, STANDALONE=38503], networkLocation: /default-rack, certSerialId: null, persistedOpState: IN_SERVICE, persistedOpStateExpiryEpochSec: 0}73a0175b-b29c-42d7-9744-7e0c9f30680d{ip: 127.0.0.1, host: localhost, ports: [REPLICATION=35499, RATIS=45439, RATIS_ADMIN=45439, RATIS_SERVER=45439, STANDALONE=37003], networkLocation: /default-rack, certSerialId: null, persistedOpState: IN_SERVICE, persistedOpStateExpiryEpochSec: 0}, ReplicationConfig: RATIS/THREE, State:ALLOCATED, leaderId:64ea58c5-a4b1-4696-b7a2-92ce3d3c799d, CreationTimestamp2021-07-06T17:09:34.183Z] moved to OPEN state
2021-07-06 17:09:42,019 [64ea58c5-a4b1-4696-b7a2-92ce3d3c799d@group-A9758D0ED3E8-SegmentedRaftLogWorker] INFO  segmented.SegmentedRaftLogWorker (SegmentedRaftLogWorker.java:execute(601)) - 64ea58c5-a4b1-4696-b7a2-92ce3d3c799d@group-A9758D0ED3E8-SegmentedRaftLogWorker: created new log segment /home/runner/work/ozone/ozone/mnt/ozone/hadoop-ozone/integration-test/target/test-dir/MiniOzoneClusterImpl-f74e07ef-a4e5-4994-bf82-498fd787e76a/datanode-0/data/ratis/e8cdf50a-1241-4cfa-899f-a9758d0ed3e8/current/log_inprogress_0
2021-07-06 17:09:42,019 [EventQueue-PipelineReportForPipelineReportHandler] INFO  ha.SCMHAInvocationHandler (SCMHAInvocationHandler.java:invokeRatis(113)) - Invoking method public abstract void org.apache.hadoop.hdds.scm.pipeline.StateManager.updatePipelineState(org.apache.hadoop.hdds.protocol.proto.HddsProtos$PipelineID,org.apache.hadoop.hdds.protocol.proto.HddsProtos$PipelineState) throws java.io.IOException on target org.apache.hadoop.hdds.scm.ha.SCMRatisServerImpl@26316019, cost 356.505us
2021-07-06 17:09:42,020 [64ea58c5-a4b1-4696-b7a2-92ce3d3c799d@group-9C0EBA8E0C84-LeaderElection20] INFO  impl.LeaderElection (LeaderElection.java:askForVotes(306)) - 64ea58c5-a4b1-4696-b7a2-92ce3d3c799d@group-9C0EBA8E0C84-LeaderElection20 ELECTION round 0: submit vote requests at term 1 for -1: [64ea58c5-a4b1-4696-b7a2-92ce3d3c799d|rpc:127.0.0.1:34653|priority:1], old=null
2021-07-06 17:09:42,020 [64ea58c5-a4b1-4696-b7a2-92ce3d3c799d@group-9C0EBA8E0C84-LeaderElection20] INFO  impl.LeaderElection (LeaderElection.java:askForVotes(308)) - 64ea58c5-a4b1-4696-b7a2-92ce3d3c799d@group-9C0EBA8E0C84-LeaderElection20 ELECTION round 0: result PASSED (term=1)
2021-07-06 17:09:42,020 [64ea58c5-a4b1-4696-b7a2-92ce3d3c799d@group-9C0EBA8E0C84-LeaderElection20] INFO  impl.RoleInfo (RoleInfo.java:shutdownLeaderElection(121)) - 64ea58c5-a4b1-4696-b7a2-92ce3d3c799d: shutdown 64ea58c5-a4b1-4696-b7a2-92ce3d3c799d@group-9C0EBA8E0C84-LeaderElection20
2021-07-06 17:09:42,020 [64ea58c5-a4b1-4696-b7a2-92ce3d3c799d@group-9C0EBA8E0C84-LeaderElection20] INFO  server.RaftServer$Division (RaftServerImpl.java:setRole(284)) - 64ea58c5-a4b1-4696-b7a2-92ce3d3c799d@group-9C0EBA8E0C84: changes role from CANDIDATE to LEADER at term 1 for changeToLeader
2021-07-06 17:09:42,020 [64ea58c5-a4b1-4696-b7a2-92ce3d3c799d@group-9C0EBA8E0C84-LeaderElection20] INFO  ratis.XceiverServerRatis (XceiverServerRatis.java:handleLeaderChangedNotification(857)) - Leader change notification received for group: group-9C0EBA8E0C84 with new leaderId: 64ea58c5-a4b1-4696-b7a2-92ce3d3c799d
2021-07-06 17:09:42,020 [EventQueue-OpenPipelineForHealthyPipelineSafeModeRule] INFO  safemode.SCMSafeModeManager (HealthyPipelineSafeModeRule.java:process(124)) - SCM in safe mode. Healthy pipelines reported count is 0, required healthy pipeline reported count is 1
2021-07-06 17:09:42,021 [grpc-default-executor-3] INFO  ratis.XceiverServerRatis (XceiverServerRatis.java:handleLeaderChangedNotification(857)) - Leader change notification received for group: group-A9758D0ED3E8 with new leaderId: 64ea58c5-a4b1-4696-b7a2-92ce3d3c799d
2021-07-06 17:09:42,021 [grpc-default-executor-3] INFO  server.RaftServer$Division (ServerState.java:setLeader(271)) - ff163131-26ab-494b-a4b8-6a11ee7eba7d@group-A9758D0ED3E8: change Leader from null to 64ea58c5-a4b1-4696-b7a2-92ce3d3c799d at term 1 for appendEntries, leader elected after 5033ms
2021-07-06 17:09:42,025 [grpc-default-executor-1] INFO  ratis.XceiverServerRatis (XceiverServerRatis.java:handleLeaderChangedNotification(857)) - Leader change notification received for group: group-A9758D0ED3E8 with new leaderId: 64ea58c5-a4b1-4696-b7a2-92ce3d3c799d
2021-07-06 17:09:42,025 [grpc-default-executor-1] INFO  server.RaftServer$Division (ServerState.java:setLeader(271)) - 73a0175b-b29c-42d7-9744-7e0c9f30680d@group-A9758D0ED3E8: change Leader from null to 64ea58c5-a4b1-4696-b7a2-92ce3d3c799d at term 1 for appendEntries, leader elected after 5015ms
2021-07-06 17:09:42,028 [64ea58c5-a4b1-4696-b7a2-92ce3d3c799d@group-9C0EBA8E0C84-LeaderElection20] INFO  server.RaftServer$Division (ServerState.java:setLeader(271)) - 64ea58c5-a4b1-4696-b7a2-92ce3d3c799d@group-9C0EBA8E0C84: change Leader from null to 64ea58c5-a4b1-4696-b7a2-92ce3d3c799d at term 1 for becomeLeader, leader elected after 5196ms
2021-07-06 17:09:42,028 [64ea58c5-a4b1-4696-b7a2-92ce3d3c799d@group-9C0EBA8E0C84-LeaderElection20] INFO  server.RaftServerConfigKeys (ConfUtils.java:logGet(44)) - raft.server.staging.catchup.gap = 1000 (default)
2021-07-06 17:09:42,028 [64ea58c5-a4b1-4696-b7a2-92ce3d3c799d@group-9C0EBA8E0C84-LeaderElection20] INFO  metrics.RatisMetrics (RatisMetrics.java:lambda$create$0(36)) - Creating Metrics Registry : ratis.log_appender.64ea58c5-a4b1-4696-b7a2-92ce3d3c799d@group-9C0EBA8E0C84
2021-07-06 17:09:42,028 [64ea58c5-a4b1-4696-b7a2-92ce3d3c799d@group-9C0EBA8E0C84-LeaderElection20] INFO  server.RaftServerConfigKeys (ConfUtils.java:logGet(44)) - raft.server.write.element-limit = 1024 (custom)
2021-07-06 17:09:42,029 [64ea58c5-a4b1-4696-b7a2-92ce3d3c799d@group-9C0EBA8E0C84-LeaderElection20] INFO  server.RaftServerConfigKeys (ConfUtils.java:logGet(44)) - raft.server.write.byte-limit = 1073741824 (custom)
2021-07-06 17:09:42,029 [64ea58c5-a4b1-4696-b7a2-92ce3d3c799d@group-9C0EBA8E0C84-LeaderElection20] INFO  server.RaftServerConfigKeys (ConfUtils.java:logGet(44)) - raft.server.watch.timeout = 180s (custom)
2021-07-06 17:09:42,029 [64ea58c5-a4b1-4696-b7a2-92ce3d3c799d@group-9C0EBA8E0C84-LeaderElection20] INFO  server.RaftServerConfigKeys (ConfUtils.java:logGet(44)) - raft.server.watch.timeout.denomination = 1s (default)
2021-07-06 17:09:42,029 [64ea58c5-a4b1-4696-b7a2-92ce3d3c799d@group-9C0EBA8E0C84-LeaderElection20] INFO  server.RaftServerConfigKeys (ConfUtils.java:logGet(44)) - raft.server.watch.element-limit = 65536 (default)
2021-07-06 17:09:42,029 [64ea58c5-a4b1-4696-b7a2-92ce3d3c799d@group-9C0EBA8E0C84-LeaderElection20] INFO  impl.RoleInfo (RoleInfo.java:updateAndGet(130)) - 64ea58c5-a4b1-4696-b7a2-92ce3d3c799d: start 64ea58c5-a4b1-4696-b7a2-92ce3d3c799d@group-9C0EBA8E0C84-LeaderStateImpl
2021-07-06 17:09:42,029 [64ea58c5-a4b1-4696-b7a2-92ce3d3c799d@group-9C0EBA8E0C84-LeaderElection20] INFO  segmented.SegmentedRaftLogWorker (SegmentedRaftLogWorker.java:startLogSegment(394)) - 64ea58c5-a4b1-4696-b7a2-92ce3d3c799d@group-9C0EBA8E0C84-SegmentedRaftLogWorker: Starting segment from index:0
2021-07-06 17:09:42,030 [EventQueue-PipelineReportForPipelineReportHandler] INFO  pipeline.PipelineManagerV2Impl (PipelineManagerV2Impl.java:openPipeline(270)) - Pipeline Pipeline[ Id: e8cdf50a-1241-4cfa-899f-a9758d0ed3e8, Nodes: 64ea58c5-a4b1-4696-b7a2-92ce3d3c799d{ip: 127.0.0.1, host: localhost, ports: [REPLICATION=41321, RATIS=34653, RATIS_ADMIN=34653, RATIS_SERVER=34653, STANDALONE=37745], networkLocation: /default-rack, certSerialId: null, persistedOpState: IN_SERVICE, persistedOpStateExpiryEpochSec: 0}ff163131-26ab-494b-a4b8-6a11ee7eba7d{ip: 127.0.0.1, host: localhost, ports: [REPLICATION=44147, RATIS=43147, RATIS_ADMIN=43147, RATIS_SERVER=43147, STANDALONE=38503], networkLocation: /default-rack, certSerialId: null, persistedOpState: IN_SERVICE, persistedOpStateExpiryEpochSec: 0}73a0175b-b29c-42d7-9744-7e0c9f30680d{ip: 127.0.0.1, host: localhost, ports: [REPLICATION=35499, RATIS=45439, RATIS_ADMIN=45439, RATIS_SERVER=45439, STANDALONE=37003], networkLocation: /default-rack, certSerialId: null, persistedOpState: IN_SERVICE, persistedOpStateExpiryEpochSec: 0}, ReplicationConfig: RATIS/THREE, State:ALLOCATED, leaderId:64ea58c5-a4b1-4696-b7a2-92ce3d3c799d, CreationTimestamp2021-07-06T17:09:34.183Z] moved to OPEN state
2021-07-06 17:09:42,031 [64ea58c5-a4b1-4696-b7a2-92ce3d3c799d@group-9C0EBA8E0C84-SegmentedRaftLogWorker] INFO  segmented.SegmentedRaftLogWorker (SegmentedRaftLogWorker.java:execute(601)) - 64ea58c5-a4b1-4696-b7a2-92ce3d3c799d@group-9C0EBA8E0C84-SegmentedRaftLogWorker: created new log segment /home/runner/work/ozone/ozone/mnt/ozone/hadoop-ozone/integration-test/target/test-dir/MiniOzoneClusterImpl-f74e07ef-a4e5-4994-bf82-498fd787e76a/datanode-0/data/ratis/eb81dc61-e19a-46a1-b031-9c0eba8e0c84/current/log_inprogress_0
2021-07-06 17:09:42,031 [EventQueue-PipelineReportForPipelineReportHandler] INFO  ha.SCMHAInvocationHandler (SCMHAInvocationHandler.java:invokeRatis(113)) - Invoking method public abstract void org.apache.hadoop.hdds.scm.pipeline.StateManager.updatePipelineState(org.apache.hadoop.hdds.protocol.proto.HddsProtos$PipelineID,org.apache.hadoop.hdds.protocol.proto.HddsProtos$PipelineState) throws java.io.IOException on target org.apache.hadoop.hdds.scm.ha.SCMRatisServerImpl@26316019, cost 469.607us
2021-07-06 17:09:42,031 [EventQueue-OpenPipelineForHealthyPipelineSafeModeRule] INFO  safemode.SCMSafeModeManager (HealthyPipelineSafeModeRule.java:process(124)) - SCM in safe mode. Healthy pipelines reported count is 0, required healthy pipeline reported count is 1
2021-07-06 17:09:42,035 [64ea58c5-a4b1-4696-b7a2-92ce3d3c799d@group-9C0EBA8E0C84-LeaderElection20] INFO  server.RaftServer$Division (ServerState.java:setRaftConf(373)) - 64ea58c5-a4b1-4696-b7a2-92ce3d3c799d@group-9C0EBA8E0C84: set configuration 0: [64ea58c5-a4b1-4696-b7a2-92ce3d3c799d|rpc:127.0.0.1:34653|dataStream:|priority:1], old=null
2021-07-06 17:09:42,035 [64ea58c5-a4b1-4696-b7a2-92ce3d3c799d@group-A9758D0ED3E8-LeaderElection19] INFO  server.RaftServer$Division (ServerState.java:setRaftConf(373)) - 64ea58c5-a4b1-4696-b7a2-92ce3d3c799d@group-A9758D0ED3E8: set configuration 0: [64ea58c5-a4b1-4696-b7a2-92ce3d3c799d|rpc:127.0.0.1:34653|dataStream:|priority:1, ff163131-26ab-494b-a4b8-6a11ee7eba7d|rpc:127.0.0.1:43147|dataStream:|priority:0, 73a0175b-b29c-42d7-9744-7e0c9f30680d|rpc:127.0.0.1:45439|dataStream:|priority:0], old=null
2021-07-06 17:09:42,036 [grpc-default-executor-1] INFO  server.RaftServer$Division (ServerState.java:setRaftConf(373)) - 73a0175b-b29c-42d7-9744-7e0c9f30680d@group-A9758D0ED3E8: set configuration 0: [64ea58c5-a4b1-4696-b7a2-92ce3d3c799d|rpc:127.0.0.1:34653|dataStream:|priority:1, ff163131-26ab-494b-a4b8-6a11ee7eba7d|rpc:127.0.0.1:43147|dataStream:|priority:0, 73a0175b-b29c-42d7-9744-7e0c9f30680d|rpc:127.0.0.1:45439|dataStream:|priority:0], old=null
2021-07-06 17:09:42,037 [grpc-default-executor-1] INFO  segmented.SegmentedRaftLogWorker (SegmentedRaftLogWorker.java:startLogSegment(394)) - 73a0175b-b29c-42d7-9744-7e0c9f30680d@group-A9758D0ED3E8-SegmentedRaftLogWorker: Starting segment from index:0
2021-07-06 17:09:42,037 [grpc-default-executor-3] INFO  server.RaftServer$Division (ServerState.java:setRaftConf(373)) - ff163131-26ab-494b-a4b8-6a11ee7eba7d@group-A9758D0ED3E8: set configuration 0: [64ea58c5-a4b1-4696-b7a2-92ce3d3c799d|rpc:127.0.0.1:34653|dataStream:|priority:1, ff163131-26ab-494b-a4b8-6a11ee7eba7d|rpc:127.0.0.1:43147|dataStream:|priority:0, 73a0175b-b29c-42d7-9744-7e0c9f30680d|rpc:127.0.0.1:45439|dataStream:|priority:0], old=null
2021-07-06 17:09:42,038 [48f00b5a-c605-41fe-901b-b25c0b7536a6@group-498FD787E76A-StateMachineUpdater] INFO  safemode.HealthyPipelineSafeModeRule (HealthyPipelineSafeModeRule.java:initializeRule(152)) - Refreshed total pipeline count is 1, healthy pipeline threshold count is 1
2021-07-06 17:09:42,039 [EventQueue-PipelineReportForPipelineReportHandler] INFO  ha.SCMHAInvocationHandler (SCMHAInvocationHandler.java:invokeRatis(113)) - Invoking method public abstract void org.apache.hadoop.hdds.scm.pipeline.StateManager.updatePipelineState(org.apache.hadoop.hdds.protocol.proto.HddsProtos$PipelineID,org.apache.hadoop.hdds.protocol.proto.HddsProtos$PipelineState) throws java.io.IOException on target org.apache.hadoop.hdds.scm.ha.SCMRatisServerImpl@66a9e01e, cost 20421.692us
2021-07-06 17:09:42,039 [EventQueue-OpenPipelineForHealthyPipelineSafeModeRule] INFO  safemode.SCMSafeModeManager (HealthyPipelineSafeModeRule.java:process(124)) - SCM in safe mode. Healthy pipelines reported count is 1, required healthy pipeline reported count is 1
2021-07-06 17:09:42,039 [EventQueue-OpenPipelineForHealthyPipelineSafeModeRule] INFO  safemode.SCMSafeModeManager (SCMSafeModeManager.java:validateSafeModeExitRules(204)) - HealthyPipelineSafeModeRule rule is successfully validated
2021-07-06 17:09:42,039 [EventQueue-OpenPipelineForHealthyPipelineSafeModeRule] INFO  safemode.SCMSafeModeManager (SCMSafeModeManager.java:validateSafeModeExitRules(219)) - ScmSafeModeManager, all rules are successfully validated
2021-07-06 17:09:42,039 [EventQueue-OpenPipelineForHealthyPipelineSafeModeRule] INFO  safemode.SCMSafeModeManager (SCMSafeModeManager.java:exitSafeMode(248)) - SCM exiting safe mode.
2021-07-06 17:09:42,039 [EventQueue-OpenPipelineForHealthyPipelineSafeModeRule] WARN  events.EventQueue (EventQueue.java:fireEvent(194)) - No event handler registered for event TypedEvent{payloadType=SafeModeStatus, name='Safe mode status'}
2021-07-06 17:09:42,039 [EventQueue-OpenPipelineForHealthyPipelineSafeModeRule] INFO  ha.SCMContext (SCMContext.java:updateSafeModeStatus(208)) - Update SafeModeStatus from SafeModeStatus{safeModeStatus=true, preCheckPassed=true} to SafeModeStatus{safeModeStatus=false, preCheckPassed=true}.
2021-07-06 17:09:42,039 [EventQueue-OpenPipelineForHealthyPipelineSafeModeRule] INFO  container.ReplicationManager (ReplicationManager.java:notifyStatusChanged(1279)) - Service ReplicationManager transitions to RUNNING.
2021-07-06 17:09:42,038 [73a0175b-b29c-42d7-9744-7e0c9f30680d@group-A9758D0ED3E8-SegmentedRaftLogWorker] INFO  segmented.SegmentedRaftLogWorker (SegmentedRaftLogWorker.java:execute(601)) - 73a0175b-b29c-42d7-9744-7e0c9f30680d@group-A9758D0ED3E8-SegmentedRaftLogWorker: created new log segment /home/runner/work/ozone/ozone/mnt/ozone/hadoop-ozone/integration-test/target/test-dir/MiniOzoneClusterImpl-f74e07ef-a4e5-4994-bf82-498fd787e76a/datanode-1/data/ratis/e8cdf50a-1241-4cfa-899f-a9758d0ed3e8/current/log_inprogress_0
2021-07-06 17:09:42,040 [grpc-default-executor-3] INFO  segmented.SegmentedRaftLogWorker (SegmentedRaftLogWorker.java:startLogSegment(394)) - ff163131-26ab-494b-a4b8-6a11ee7eba7d@group-A9758D0ED3E8-SegmentedRaftLogWorker: Starting segment from index:0
2021-07-06 17:09:42,041 [ff163131-26ab-494b-a4b8-6a11ee7eba7d@group-A9758D0ED3E8-SegmentedRaftLogWorker] INFO  segmented.SegmentedRaftLogWorker (SegmentedRaftLogWorker.java:execute(601)) - ff163131-26ab-494b-a4b8-6a11ee7eba7d@group-A9758D0ED3E8-SegmentedRaftLogWorker: created new log segment /home/runner/work/ozone/ozone/mnt/ozone/hadoop-ozone/integration-test/target/test-dir/MiniOzoneClusterImpl-f74e07ef-a4e5-4994-bf82-498fd787e76a/datanode-2/data/ratis/e8cdf50a-1241-4cfa-899f-a9758d0ed3e8/current/log_inprogress_0
2021-07-06 17:09:42,041 [9c66a5a1-6505-4feb-946f-7a4da78b4c7a@group-498FD787E76A-StateMachineUpdater] INFO  safemode.HealthyPipelineSafeModeRule (HealthyPipelineSafeModeRule.java:initializeRule(152)) - Refreshed total pipeline count is 1, healthy pipeline threshold count is 1
2021-07-06 17:09:42,063 [Datanode State Machine Thread - 0] ERROR datanode.RunningDatanodeState (RunningDatanodeState.java:computeNextContainerState(199)) - Error in executing end point task.
java.util.concurrent.ExecutionException: java.util.concurrent.TimeoutException
	at java.util.concurrent.FutureTask.report(FutureTask.java:122)
	at java.util.concurrent.FutureTask.get(FutureTask.java:192)
	at org.apache.hadoop.ozone.container.common.states.datanode.RunningDatanodeState.computeNextContainerState(RunningDatanodeState.java:191)
	at org.apache.hadoop.ozone.container.common.states.datanode.RunningDatanodeState.await(RunningDatanodeState.java:231)
	at org.apache.hadoop.ozone.container.common.states.datanode.RunningDatanodeState.await(RunningDatanodeState.java:50)
	at org.apache.hadoop.ozone.container.common.statemachine.StateContext.execute(StateContext.java:629)
	at org.apache.hadoop.ozone.container.common.statemachine.DatanodeStateMachine.start(DatanodeStateMachine.java:244)
	at org.apache.hadoop.ozone.container.common.statemachine.DatanodeStateMachine.lambda$startDaemon$0(DatanodeStateMachine.java:429)
	at java.lang.Thread.run(Thread.java:748)
Caused by: java.util.concurrent.TimeoutException
	at java.util.concurrent.FutureTask.get(FutureTask.java:205)
	at org.apache.hadoop.ozone.container.common.states.datanode.RunningDatanodeState.lambda$execute$0(RunningDatanodeState.java:149)
	at java.util.concurrent.FutureTask.run(FutureTask.java:266)
	at java.util.concurrent.Executors$RunnableAdapter.call(Executors.java:511)
	at java.util.concurrent.FutureTask.run(FutureTask.java:266)
	at java.util.concurrent.ThreadPoolExecutor.runWorker(ThreadPoolExecutor.java:1149)
	at java.util.concurrent.ThreadPoolExecutor$Worker.run(ThreadPoolExecutor.java:624)
	... 1 more
2021-07-06 17:09:42,169 [Listener at 127.0.0.1/10896] INFO  ozone.MiniOzoneClusterImpl (MiniOzoneClusterImpl.java:lambda$waitForClusterToBeReady$0(227)) - Nodes are ready. Got 3 of 3 DN Heartbeats.
2021-07-06 17:09:42,169 [Listener at 127.0.0.1/10896] INFO  ozone.MiniOzoneClusterImpl (MiniOzoneClusterImpl.java:lambda$waitForClusterToBeReady$0(230)) - Cluster exits safe mode
2021-07-06 17:09:42,169 [Listener at 127.0.0.1/10896] INFO  ozone.MiniOzoneClusterImpl (MiniOzoneClusterImpl.java:lambda$waitForClusterToBeReady$0(232)) - SCM became leader
2021-07-06 17:09:42,170 [Listener at 127.0.0.1/10896] INFO  server.StorageContainerManager (StorageContainerManager.java:start(1214)) - StorageContainerLocationProtocol RPC server is listening at /0.0.0.0:15295
2021-07-06 17:09:42,170 [Listener at 127.0.0.1/10896] INFO  ha.SCMRatisServerImpl (SCMRatisServerImpl.java:start(170)) - starting ratis server 0.0.0.0:15292
2021-07-06 17:09:42,170 [Listener at 127.0.0.1/10896] INFO  server.RaftServer$Division (RaftServerImpl.java:start(298)) - c9c8c7da-b2d5-4e05-8678-9bfdfb976b9e@group-498FD787E76A: start with initializing state, conf=-1: [], old=null
2021-07-06 17:09:42,170 [Listener at 127.0.0.1/10896] INFO  server.RaftServer$Division (RaftServerImpl.java:setRole(284)) - c9c8c7da-b2d5-4e05-8678-9bfdfb976b9e@group-498FD787E76A: changes role from      null to FOLLOWER at term 0 for startInitializing
2021-07-06 17:09:42,171 [Listener at 127.0.0.1/10896] INFO  util.JmxRegister (JmxRegister.java:tryRegister(44)) - Successfully registered JMX Bean with object name Ratis:service=RaftServer,group=group-498FD787E76A,id=c9c8c7da-b2d5-4e05-8678-9bfdfb976b9e
2021-07-06 17:09:42,173 [Listener at 127.0.0.1/10896] INFO  metrics.RatisMetrics (RatisMetrics.java:lambda$create$0(36)) - Creating Metrics Registry : ratis.state_machine.c9c8c7da-b2d5-4e05-8678-9bfdfb976b9e@group-498FD787E76A
2021-07-06 17:09:42,174 [Listener at 127.0.0.1/10896] INFO  server.RaftServer (RaftServerProxy.java:lambda$start$5(374)) - c9c8c7da-b2d5-4e05-8678-9bfdfb976b9e: start RPC server
2021-07-06 17:09:42,175 [Listener at 127.0.0.1/10896] INFO  server.GrpcService (GrpcService.java:startImpl(253)) - c9c8c7da-b2d5-4e05-8678-9bfdfb976b9e: GrpcService started, listening on 15292
2021-07-06 17:09:42,176 [Listener at 127.0.0.1/10896] INFO  ha.SCMNodeInfo (SCMNodeInfo.java:getPort(197)) - ConfigKey ozone.scm.client.address is deprecated, For configuring different ports for each SCM use PortConfigKey ozone.scm.client.port appended with serviceId and nodeId
2021-07-06 17:09:42,177 [Listener at 127.0.0.1/10896] INFO  ha.SCMNodeInfo (SCMNodeInfo.java:getPort(197)) - ConfigKey ozone.scm.block.client.address is deprecated, For configuring different ports for each SCM use PortConfigKey ozone.scm.block.client.port appended with serviceId and nodeId
2021-07-06 17:09:42,177 [Listener at 127.0.0.1/10896] INFO  ha.SCMNodeInfo (SCMNodeInfo.java:getPort(197)) - ConfigKey ozone.scm.datanode.address is deprecated, For configuring different ports for each SCM use PortConfigKey ozone.scm.datanode.port appended with serviceId and nodeId
2021-07-06 17:09:42,177 [Listener at 127.0.0.1/10896] INFO  ha.SCMNodeInfo (SCMNodeInfo.java:getPort(197)) - ConfigKey ozone.scm.client.address is deprecated, For configuring different ports for each SCM use PortConfigKey ozone.scm.client.port appended with serviceId and nodeId
2021-07-06 17:09:42,177 [Listener at 127.0.0.1/10896] INFO  ha.SCMNodeInfo (SCMNodeInfo.java:getPort(197)) - ConfigKey ozone.scm.block.client.address is deprecated, For configuring different ports for each SCM use PortConfigKey ozone.scm.block.client.port appended with serviceId and nodeId
2021-07-06 17:09:42,177 [Listener at 127.0.0.1/10896] INFO  ha.SCMNodeInfo (SCMNodeInfo.java:getPort(197)) - ConfigKey ozone.scm.datanode.address is deprecated, For configuring different ports for each SCM use PortConfigKey ozone.scm.datanode.port appended with serviceId and nodeId
2021-07-06 17:09:42,178 [Listener at 127.0.0.1/10896] INFO  ha.SCMNodeInfo (SCMNodeInfo.java:getPort(197)) - ConfigKey ozone.scm.client.address is deprecated, For configuring different ports for each SCM use PortConfigKey ozone.scm.client.port appended with serviceId and nodeId
2021-07-06 17:09:42,178 [Listener at 127.0.0.1/10896] INFO  ha.SCMNodeInfo (SCMNodeInfo.java:getPort(197)) - ConfigKey ozone.scm.block.client.address is deprecated, For configuring different ports for each SCM use PortConfigKey ozone.scm.block.client.port appended with serviceId and nodeId
2021-07-06 17:09:42,178 [Listener at 127.0.0.1/10896] INFO  ha.SCMNodeInfo (SCMNodeInfo.java:getPort(197)) - ConfigKey ozone.scm.datanode.address is deprecated, For configuring different ports for each SCM use PortConfigKey ozone.scm.datanode.port appended with serviceId and nodeId
2021-07-06 17:09:42,179 [org.apache.ratis.util.JvmPauseMonitor$$Lambda$493/488669101@24ccb18d] INFO  util.JvmPauseMonitor (JvmPauseMonitor.java:run(103)) - JvmPauseMonitor-c9c8c7da-b2d5-4e05-8678-9bfdfb976b9e: Started
2021-07-06 17:09:42,183 [IPC Server handler 6 on default port 15274] INFO  ha.SCMRatisServerImpl (SCMRatisServerImpl.java:addSCM(280)) - 48f00b5a-c605-41fe-901b-b25c0b7536a6: Submitting SetConfiguration request to Ratis server with new SCM peers list: [48f00b5a-c605-41fe-901b-b25c0b7536a6|rpc:localhost:15272|admin:|client:|dataStream:|priority:0, 9c66a5a1-6505-4feb-946f-7a4da78b4c7a|rpc:localhost:15282|priority:0, c9c8c7da-b2d5-4e05-8678-9bfdfb976b9e|rpc:localhost:15292|priority:0]
2021-07-06 17:09:42,183 [IPC Server handler 6 on default port 15274] INFO  server.RaftServer$Division (RaftServerImpl.java:setConfigurationAsync(970)) - 48f00b5a-c605-41fe-901b-b25c0b7536a6@group-498FD787E76A: receive setConfiguration SetConfigurationRequest:client-D76749B613BA->48f00b5a-c605-41fe-901b-b25c0b7536a6@group-498FD787E76A, cid=10, seq=0, RW, null, peers:[48f00b5a-c605-41fe-901b-b25c0b7536a6|rpc:localhost:15272|admin:|client:|dataStream:|priority:0, 9c66a5a1-6505-4feb-946f-7a4da78b4c7a|rpc:localhost:15282|priority:0, c9c8c7da-b2d5-4e05-8678-9bfdfb976b9e|rpc:localhost:15292|priority:0]
2021-07-06 17:09:42,183 [IPC Server handler 6 on default port 15274] INFO  server.RaftServer$Division (LeaderStateImpl.java:startSetConfiguration(345)) - 48f00b5a-c605-41fe-901b-b25c0b7536a6@group-498FD787E76A-LeaderStateImpl: startSetConfiguration SetConfigurationRequest:client-D76749B613BA->48f00b5a-c605-41fe-901b-b25c0b7536a6@group-498FD787E76A, cid=10, seq=0, RW, null, peers:[48f00b5a-c605-41fe-901b-b25c0b7536a6|rpc:localhost:15272|admin:|client:|dataStream:|priority:0, 9c66a5a1-6505-4feb-946f-7a4da78b4c7a|rpc:localhost:15282|priority:0, c9c8c7da-b2d5-4e05-8678-9bfdfb976b9e|rpc:localhost:15292|priority:0]
2021-07-06 17:09:42,183 [IPC Server handler 6 on default port 15274] INFO  server.RaftServerConfigKeys (ConfUtils.java:logGet(44)) - raft.server.log.appender.snapshot.chunk.size.max = 16MB (=16777216) (default)
2021-07-06 17:09:42,183 [IPC Server handler 6 on default port 15274] INFO  server.RaftServerConfigKeys (ConfUtils.java:logGet(44)) - raft.server.log.appender.buffer.byte-limit = 33554432 (custom)
2021-07-06 17:09:42,183 [IPC Server handler 6 on default port 15274] INFO  server.RaftServerConfigKeys (ConfUtils.java:logGet(44)) - raft.server.log.appender.buffer.element-limit = 33554432 (custom)
2021-07-06 17:09:42,207 [73a0175b-b29c-42d7-9744-7e0c9f30680d@group-AFBE738750F4-FollowerState] INFO  impl.FollowerState (FollowerState.java:run(134)) - 73a0175b-b29c-42d7-9744-7e0c9f30680d@group-AFBE738750F4-FollowerState: change to CANDIDATE, lastRpcElapsedTime:5139782942ns, electionTimeout:5135ms
2021-07-06 17:09:42,208 [73a0175b-b29c-42d7-9744-7e0c9f30680d@group-AFBE738750F4-FollowerState] INFO  impl.RoleInfo (RoleInfo.java:shutdownFollowerState(108)) - 73a0175b-b29c-42d7-9744-7e0c9f30680d: shutdown 73a0175b-b29c-42d7-9744-7e0c9f30680d@group-AFBE738750F4-FollowerState
2021-07-06 17:09:42,208 [73a0175b-b29c-42d7-9744-7e0c9f30680d@group-AFBE738750F4-FollowerState] INFO  server.RaftServer$Division (RaftServerImpl.java:setRole(284)) - 73a0175b-b29c-42d7-9744-7e0c9f30680d@group-AFBE738750F4: changes role from  FOLLOWER to CANDIDATE at term 0 for changeToCandidate
2021-07-06 17:09:42,208 [73a0175b-b29c-42d7-9744-7e0c9f30680d@group-AFBE738750F4-FollowerState] INFO  server.RaftServerConfigKeys (ConfUtils.java:logGet(44)) - raft.server.leaderelection.pre-vote = false (custom)
2021-07-06 17:09:42,208 [73a0175b-b29c-42d7-9744-7e0c9f30680d@group-AFBE738750F4-FollowerState] INFO  impl.RoleInfo (RoleInfo.java:updateAndGet(130)) - 73a0175b-b29c-42d7-9744-7e0c9f30680d: start 73a0175b-b29c-42d7-9744-7e0c9f30680d@group-AFBE738750F4-LeaderElection21
2021-07-06 17:09:42,225 [ff163131-26ab-494b-a4b8-6a11ee7eba7d@group-E66763042549-FollowerState] INFO  impl.FollowerState (FollowerState.java:run(134)) - ff163131-26ab-494b-a4b8-6a11ee7eba7d@group-E66763042549-FollowerState: change to CANDIDATE, lastRpcElapsedTime:5034809833ns, electionTimeout:5025ms
2021-07-06 17:09:42,227 [IPC Server handler 6 on default port 15274] INFO  grpc.GrpcConfigKeys (ConfUtils.java:logGet(44)) - raft.grpc.server.leader.outstanding.appends.max = 128 (default)
2021-07-06 17:09:42,227 [ff163131-26ab-494b-a4b8-6a11ee7eba7d@group-E66763042549-FollowerState] INFO  impl.RoleInfo (RoleInfo.java:shutdownFollowerState(108)) - ff163131-26ab-494b-a4b8-6a11ee7eba7d: shutdown ff163131-26ab-494b-a4b8-6a11ee7eba7d@group-E66763042549-FollowerState
2021-07-06 17:09:42,227 [IPC Server handler 6 on default port 15274] INFO  server.RaftServerConfigKeys (ConfUtils.java:logGet(44)) - raft.server.rpc.request.timeout = 30000ms (custom)
2021-07-06 17:09:42,227 [ff163131-26ab-494b-a4b8-6a11ee7eba7d@group-E66763042549-FollowerState] INFO  server.RaftServer$Division (RaftServerImpl.java:setRole(284)) - ff163131-26ab-494b-a4b8-6a11ee7eba7d@group-E66763042549: changes role from  FOLLOWER to CANDIDATE at term 0 for changeToCandidate
2021-07-06 17:09:42,227 [ff163131-26ab-494b-a4b8-6a11ee7eba7d@group-E66763042549-FollowerState] INFO  server.RaftServerConfigKeys (ConfUtils.java:logGet(44)) - raft.server.leaderelection.pre-vote = false (custom)
2021-07-06 17:09:42,227 [ff163131-26ab-494b-a4b8-6a11ee7eba7d@group-E66763042549-FollowerState] INFO  impl.RoleInfo (RoleInfo.java:updateAndGet(130)) - ff163131-26ab-494b-a4b8-6a11ee7eba7d: start ff163131-26ab-494b-a4b8-6a11ee7eba7d@group-E66763042549-LeaderElection22
2021-07-06 17:09:42,227 [IPC Server handler 6 on default port 15274] INFO  server.RaftServerConfigKeys (ConfUtils.java:logGet(44)) - raft.server.log.appender.install.snapshot.enabled = false (custom)
2021-07-06 17:09:42,231 [73a0175b-b29c-42d7-9744-7e0c9f30680d@group-AFBE738750F4-LeaderElection21] INFO  impl.LeaderElection (LeaderElection.java:askForVotes(306)) - 73a0175b-b29c-42d7-9744-7e0c9f30680d@group-AFBE738750F4-LeaderElection21 ELECTION round 0: submit vote requests at term 1 for -1: [73a0175b-b29c-42d7-9744-7e0c9f30680d|rpc:127.0.0.1:45439|priority:1], old=null
2021-07-06 17:09:42,231 [73a0175b-b29c-42d7-9744-7e0c9f30680d@group-AFBE738750F4-LeaderElection21] INFO  impl.LeaderElection (LeaderElection.java:askForVotes(308)) - 73a0175b-b29c-42d7-9744-7e0c9f30680d@group-AFBE738750F4-LeaderElection21 ELECTION round 0: result PASSED (term=1)
2021-07-06 17:09:42,231 [73a0175b-b29c-42d7-9744-7e0c9f30680d@group-AFBE738750F4-LeaderElection21] INFO  impl.RoleInfo (RoleInfo.java:shutdownLeaderElection(121)) - 73a0175b-b29c-42d7-9744-7e0c9f30680d: shutdown 73a0175b-b29c-42d7-9744-7e0c9f30680d@group-AFBE738750F4-LeaderElection21
2021-07-06 17:09:42,231 [73a0175b-b29c-42d7-9744-7e0c9f30680d@group-AFBE738750F4-LeaderElection21] INFO  server.RaftServer$Division (RaftServerImpl.java:setRole(284)) - 73a0175b-b29c-42d7-9744-7e0c9f30680d@group-AFBE738750F4: changes role from CANDIDATE to LEADER at term 1 for changeToLeader
2021-07-06 17:09:42,231 [73a0175b-b29c-42d7-9744-7e0c9f30680d@group-AFBE738750F4-LeaderElection21] INFO  ratis.XceiverServerRatis (XceiverServerRatis.java:handleLeaderChangedNotification(857)) - Leader change notification received for group: group-AFBE738750F4 with new leaderId: 73a0175b-b29c-42d7-9744-7e0c9f30680d
2021-07-06 17:09:42,231 [48f00b5a-c605-41fe-901b-b25c0b7536a6@group-498FD787E76A->c9c8c7da-b2d5-4e05-8678-9bfdfb976b9e-GrpcLogAppender-LogAppenderDaemon] INFO  server.GrpcLogAppender (GrpcLogAppender.java:installSnapshot(524)) - 48f00b5a-c605-41fe-901b-b25c0b7536a6@group-498FD787E76A->c9c8c7da-b2d5-4e05-8678-9bfdfb976b9e-GrpcLogAppender: followerNextIndex = 0 but logStartIndex = 1, notify follower to install snapshot-(t:2, i:1)
2021-07-06 17:09:42,231 [73a0175b-b29c-42d7-9744-7e0c9f30680d@group-AFBE738750F4-LeaderElection21] INFO  server.RaftServer$Division (ServerState.java:setLeader(271)) - 73a0175b-b29c-42d7-9744-7e0c9f30680d@group-AFBE738750F4: change Leader from null to 73a0175b-b29c-42d7-9744-7e0c9f30680d at term 1 for becomeLeader, leader elected after 5171ms
2021-07-06 17:09:42,232 [73a0175b-b29c-42d7-9744-7e0c9f30680d@group-AFBE738750F4-LeaderElection21] INFO  server.RaftServerConfigKeys (ConfUtils.java:logGet(44)) - raft.server.staging.catchup.gap = 1000 (default)
2021-07-06 17:09:42,232 [ff163131-26ab-494b-a4b8-6a11ee7eba7d@group-E66763042549-LeaderElection22] INFO  impl.LeaderElection (LeaderElection.java:askForVotes(306)) - ff163131-26ab-494b-a4b8-6a11ee7eba7d@group-E66763042549-LeaderElection22 ELECTION round 0: submit vote requests at term 1 for -1: [ff163131-26ab-494b-a4b8-6a11ee7eba7d|rpc:127.0.0.1:43147|priority:1], old=null
2021-07-06 17:09:42,232 [ff163131-26ab-494b-a4b8-6a11ee7eba7d@group-E66763042549-LeaderElection22] INFO  impl.LeaderElection (LeaderElection.java:askForVotes(308)) - ff163131-26ab-494b-a4b8-6a11ee7eba7d@group-E66763042549-LeaderElection22 ELECTION round 0: result PASSED (term=1)
2021-07-06 17:09:42,232 [ff163131-26ab-494b-a4b8-6a11ee7eba7d@group-E66763042549-LeaderElection22] INFO  impl.RoleInfo (RoleInfo.java:shutdownLeaderElection(121)) - ff163131-26ab-494b-a4b8-6a11ee7eba7d: shutdown ff163131-26ab-494b-a4b8-6a11ee7eba7d@group-E66763042549-LeaderElection22
2021-07-06 17:09:42,232 [ff163131-26ab-494b-a4b8-6a11ee7eba7d@group-E66763042549-LeaderElection22] INFO  server.RaftServer$Division (RaftServerImpl.java:setRole(284)) - ff163131-26ab-494b-a4b8-6a11ee7eba7d@group-E66763042549: changes role from CANDIDATE to LEADER at term 1 for changeToLeader
2021-07-06 17:09:42,232 [ff163131-26ab-494b-a4b8-6a11ee7eba7d@group-E66763042549-LeaderElection22] INFO  ratis.XceiverServerRatis (XceiverServerRatis.java:handleLeaderChangedNotification(857)) - Leader change notification received for group: group-E66763042549 with new leaderId: ff163131-26ab-494b-a4b8-6a11ee7eba7d
2021-07-06 17:09:42,232 [73a0175b-b29c-42d7-9744-7e0c9f30680d@group-AFBE738750F4-LeaderElection21] INFO  metrics.RatisMetrics (RatisMetrics.java:lambda$create$0(36)) - Creating Metrics Registry : ratis.log_appender.73a0175b-b29c-42d7-9744-7e0c9f30680d@group-AFBE738750F4
2021-07-06 17:09:42,232 [73a0175b-b29c-42d7-9744-7e0c9f30680d@group-AFBE738750F4-LeaderElection21] INFO  server.RaftServerConfigKeys (ConfUtils.java:logGet(44)) - raft.server.write.element-limit = 1024 (custom)
2021-07-06 17:09:42,232 [73a0175b-b29c-42d7-9744-7e0c9f30680d@group-AFBE738750F4-LeaderElection21] INFO  server.RaftServerConfigKeys (ConfUtils.java:logGet(44)) - raft.server.write.byte-limit = 1073741824 (custom)
2021-07-06 17:09:42,233 [73a0175b-b29c-42d7-9744-7e0c9f30680d@group-AFBE738750F4-LeaderElection21] INFO  server.RaftServerConfigKeys (ConfUtils.java:logGet(44)) - raft.server.watch.timeout = 180s (custom)
2021-07-06 17:09:42,233 [73a0175b-b29c-42d7-9744-7e0c9f30680d@group-AFBE738750F4-LeaderElection21] INFO  server.RaftServerConfigKeys (ConfUtils.java:logGet(44)) - raft.server.watch.timeout.denomination = 1s (default)
2021-07-06 17:09:42,233 [73a0175b-b29c-42d7-9744-7e0c9f30680d@group-AFBE738750F4-LeaderElection21] INFO  server.RaftServerConfigKeys (ConfUtils.java:logGet(44)) - raft.server.watch.element-limit = 65536 (default)
2021-07-06 17:09:42,233 [73a0175b-b29c-42d7-9744-7e0c9f30680d@group-AFBE738750F4-LeaderElection21] INFO  impl.RoleInfo (RoleInfo.java:updateAndGet(130)) - 73a0175b-b29c-42d7-9744-7e0c9f30680d: start 73a0175b-b29c-42d7-9744-7e0c9f30680d@group-AFBE738750F4-LeaderStateImpl
2021-07-06 17:09:42,233 [73a0175b-b29c-42d7-9744-7e0c9f30680d@group-AFBE738750F4-LeaderElection21] INFO  segmented.SegmentedRaftLogWorker (SegmentedRaftLogWorker.java:startLogSegment(394)) - 73a0175b-b29c-42d7-9744-7e0c9f30680d@group-AFBE738750F4-SegmentedRaftLogWorker: Starting segment from index:0
2021-07-06 17:09:42,232 [ff163131-26ab-494b-a4b8-6a11ee7eba7d@group-E66763042549-LeaderElection22] INFO  server.RaftServer$Division (ServerState.java:setLeader(271)) - ff163131-26ab-494b-a4b8-6a11ee7eba7d@group-E66763042549: change Leader from null to ff163131-26ab-494b-a4b8-6a11ee7eba7d at term 1 for becomeLeader, leader elected after 5059ms
2021-07-06 17:09:42,233 [ff163131-26ab-494b-a4b8-6a11ee7eba7d@group-E66763042549-LeaderElection22] INFO  server.RaftServerConfigKeys (ConfUtils.java:logGet(44)) - raft.server.staging.catchup.gap = 1000 (default)
2021-07-06 17:09:42,233 [ff163131-26ab-494b-a4b8-6a11ee7eba7d@group-E66763042549-LeaderElection22] INFO  metrics.RatisMetrics (RatisMetrics.java:lambda$create$0(36)) - Creating Metrics Registry : ratis.log_appender.ff163131-26ab-494b-a4b8-6a11ee7eba7d@group-E66763042549
2021-07-06 17:09:42,233 [ff163131-26ab-494b-a4b8-6a11ee7eba7d@group-E66763042549-LeaderElection22] INFO  server.RaftServerConfigKeys (ConfUtils.java:logGet(44)) - raft.server.write.element-limit = 1024 (custom)
2021-07-06 17:09:42,233 [ff163131-26ab-494b-a4b8-6a11ee7eba7d@group-E66763042549-LeaderElection22] INFO  server.RaftServerConfigKeys (ConfUtils.java:logGet(44)) - raft.server.write.byte-limit = 1073741824 (custom)
2021-07-06 17:09:42,234 [ff163131-26ab-494b-a4b8-6a11ee7eba7d@group-E66763042549-LeaderElection22] INFO  server.RaftServerConfigKeys (ConfUtils.java:logGet(44)) - raft.server.watch.timeout = 180s (custom)
2021-07-06 17:09:42,234 [ff163131-26ab-494b-a4b8-6a11ee7eba7d@group-E66763042549-LeaderElection22] INFO  server.RaftServerConfigKeys (ConfUtils.java:logGet(44)) - raft.server.watch.timeout.denomination = 1s (default)
2021-07-06 17:09:42,234 [ff163131-26ab-494b-a4b8-6a11ee7eba7d@group-E66763042549-LeaderElection22] INFO  server.RaftServerConfigKeys (ConfUtils.java:logGet(44)) - raft.server.watch.element-limit = 65536 (default)
2021-07-06 17:09:42,234 [ff163131-26ab-494b-a4b8-6a11ee7eba7d@group-E66763042549-LeaderElection22] INFO  impl.RoleInfo (RoleInfo.java:updateAndGet(130)) - ff163131-26ab-494b-a4b8-6a11ee7eba7d: start ff163131-26ab-494b-a4b8-6a11ee7eba7d@group-E66763042549-LeaderStateImpl
2021-07-06 17:09:42,234 [48f00b5a-c605-41fe-901b-b25c0b7536a6@group-498FD787E76A->c9c8c7da-b2d5-4e05-8678-9bfdfb976b9e-GrpcLogAppender-LogAppenderDaemon] INFO  server.GrpcLogAppender (GrpcLogAppender.java:installSnapshot(532)) - 48f00b5a-c605-41fe-901b-b25c0b7536a6@group-498FD787E76A->c9c8c7da-b2d5-4e05-8678-9bfdfb976b9e-GrpcLogAppender: send 48f00b5a-c605-41fe-901b-b25c0b7536a6->c9c8c7da-b2d5-4e05-8678-9bfdfb976b9e#0-t2,notify:(t:2, i:1)
2021-07-06 17:09:42,234 [ff163131-26ab-494b-a4b8-6a11ee7eba7d@group-E66763042549-LeaderElection22] INFO  segmented.SegmentedRaftLogWorker (SegmentedRaftLogWorker.java:startLogSegment(394)) - ff163131-26ab-494b-a4b8-6a11ee7eba7d@group-E66763042549-SegmentedRaftLogWorker: Starting segment from index:0
2021-07-06 17:09:42,235 [EventQueue-OpenPipelineForHealthyPipelineSafeModeRule] INFO  safemode.SCMSafeModeManager (HealthyPipelineSafeModeRule.java:process(124)) - SCM in safe mode. Healthy pipelines reported count is 1, required healthy pipeline reported count is 1
2021-07-06 17:09:42,235 [EventQueue-OpenPipelineForHealthyPipelineSafeModeRule] INFO  safemode.SCMSafeModeManager (SCMSafeModeManager.java:validateSafeModeExitRules(204)) - HealthyPipelineSafeModeRule rule is successfully validated
2021-07-06 17:09:42,235 [EventQueue-OpenPipelineForHealthyPipelineSafeModeRule] INFO  safemode.SCMSafeModeManager (SCMSafeModeManager.java:validateSafeModeExitRules(219)) - ScmSafeModeManager, all rules are successfully validated
2021-07-06 17:09:42,235 [EventQueue-OpenPipelineForHealthyPipelineSafeModeRule] INFO  safemode.SCMSafeModeManager (SCMSafeModeManager.java:exitSafeMode(248)) - SCM exiting safe mode.
2021-07-06 17:09:42,236 [EventQueue-OpenPipelineForHealthyPipelineSafeModeRule] WARN  events.EventQueue (EventQueue.java:fireEvent(194)) - No event handler registered for event TypedEvent{payloadType=SafeModeStatus, name='Safe mode status'}
2021-07-06 17:09:42,236 [EventQueue-OpenPipelineForHealthyPipelineSafeModeRule] INFO  ha.SCMContext (SCMContext.java:updateSafeModeStatus(208)) - Update SafeModeStatus from SafeModeStatus{safeModeStatus=true, preCheckPassed=true} to SafeModeStatus{safeModeStatus=false, preCheckPassed=true}.
2021-07-06 17:09:42,236 [ff163131-26ab-494b-a4b8-6a11ee7eba7d@group-E66763042549-SegmentedRaftLogWorker] INFO  segmented.SegmentedRaftLogWorker (SegmentedRaftLogWorker.java:execute(601)) - ff163131-26ab-494b-a4b8-6a11ee7eba7d@group-E66763042549-SegmentedRaftLogWorker: created new log segment /home/runner/work/ozone/ozone/mnt/ozone/hadoop-ozone/integration-test/target/test-dir/MiniOzoneClusterImpl-f74e07ef-a4e5-4994-bf82-498fd787e76a/datanode-2/data/ratis/5d8aaa9e-5274-4a3b-b3e2-e66763042549/current/log_inprogress_0
2021-07-06 17:09:42,239 [ff163131-26ab-494b-a4b8-6a11ee7eba7d@group-E66763042549-LeaderElection22] INFO  server.RaftServer$Division (ServerState.java:setRaftConf(373)) - ff163131-26ab-494b-a4b8-6a11ee7eba7d@group-E66763042549: set configuration 0: [ff163131-26ab-494b-a4b8-6a11ee7eba7d|rpc:127.0.0.1:43147|dataStream:|priority:1], old=null
2021-07-06 17:09:42,239 [73a0175b-b29c-42d7-9744-7e0c9f30680d@group-AFBE738750F4-SegmentedRaftLogWorker] INFO  segmented.SegmentedRaftLogWorker (SegmentedRaftLogWorker.java:execute(601)) - 73a0175b-b29c-42d7-9744-7e0c9f30680d@group-AFBE738750F4-SegmentedRaftLogWorker: created new log segment /home/runner/work/ozone/ozone/mnt/ozone/hadoop-ozone/integration-test/target/test-dir/MiniOzoneClusterImpl-f74e07ef-a4e5-4994-bf82-498fd787e76a/datanode-1/data/ratis/e684a29d-1182-4bcf-8982-afbe738750f4/current/log_inprogress_0
2021-07-06 17:09:42,241 [73a0175b-b29c-42d7-9744-7e0c9f30680d@group-AFBE738750F4-LeaderElection21] INFO  server.RaftServer$Division (ServerState.java:setRaftConf(373)) - 73a0175b-b29c-42d7-9744-7e0c9f30680d@group-AFBE738750F4: set configuration 0: [73a0175b-b29c-42d7-9744-7e0c9f30680d|rpc:127.0.0.1:45439|dataStream:|priority:1], old=null
2021-07-06 17:09:42,249 [grpc-default-executor-1] INFO  metrics.RatisMetrics (RatisMetrics.java:lambda$create$0(36)) - Creating Metrics Registry : ratis.server_message_metrics.c9c8c7da-b2d5-4e05-8678-9bfdfb976b9e
2021-07-06 17:09:42,250 [grpc-default-executor-1] INFO  server.RaftServer$Division (RaftServerImpl.java:installSnapshot(1328)) - c9c8c7da-b2d5-4e05-8678-9bfdfb976b9e@group-498FD787E76A: receive installSnapshot: 48f00b5a-c605-41fe-901b-b25c0b7536a6->c9c8c7da-b2d5-4e05-8678-9bfdfb976b9e#0-t2,notify:(t:2, i:1)
2021-07-06 17:09:42,251 [grpc-default-executor-1] INFO  ha.SCMStateMachine (SCMStateMachine.java:notifyLeaderChanged(248)) - leader changed, yet current SCM is still follower.
2021-07-06 17:09:42,251 [grpc-default-executor-1] INFO  server.RaftServer$Division (ServerState.java:setLeader(271)) - c9c8c7da-b2d5-4e05-8678-9bfdfb976b9e@group-498FD787E76A: change Leader from null to 48f00b5a-c605-41fe-901b-b25c0b7536a6 at term 2 for installSnapshot, leader elected after 12825ms
2021-07-06 17:09:42,252 [grpc-default-executor-1] INFO  server.RaftServer$Division (RaftServerImpl.java:notifyStateMachineToInstallSnapshot(1580)) - c9c8c7da-b2d5-4e05-8678-9bfdfb976b9e@group-498FD787E76A: notifyInstallSnapshot: nextIndex is 0 but the leader's first available index is 1.
2021-07-06 17:09:42,252 [grpc-default-executor-1] INFO  ha.SCMStateMachine (SCMStateMachine.java:notifyInstallSnapshotFromLeader(212)) - Received install snapshot notification from SCM leader: localhost:15272 with term index: (t:2, i:1)
2021-07-06 17:09:42,253 [grpc-default-executor-1] INFO  server.RaftServer$Division (RaftServerImpl.java:installSnapshotImpl(1458)) - c9c8c7da-b2d5-4e05-8678-9bfdfb976b9e@group-498FD787E76A: set new configuration index: 5
configurationEntry {
  peers {
    id: "48f00b5a-c605-41fe-901b-b25c0b7536a6"
    address: "localhost:15272"
  }
  peers {
    id: "9c66a5a1-6505-4feb-946f-7a4da78b4c7a"
    address: "localhost:15282"
  }
}
 from snapshot
2021-07-06 17:09:42,253 [grpc-default-executor-1] INFO  server.RaftServer$Division (ServerState.java:setRaftConf(373)) - c9c8c7da-b2d5-4e05-8678-9bfdfb976b9e@group-498FD787E76A: set configuration 5: [48f00b5a-c605-41fe-901b-b25c0b7536a6|rpc:localhost:15272|admin:|client:|dataStream:|priority:0, 9c66a5a1-6505-4feb-946f-7a4da78b4c7a|rpc:localhost:15282|admin:|client:|dataStream:|priority:0], old=null
2021-07-06 17:09:42,253 [grpc-default-executor-1] INFO  server.RaftServer$Division (RaftServerImpl.java:installSnapshot(1339)) - c9c8c7da-b2d5-4e05-8678-9bfdfb976b9e@group-498FD787E76A: reply installSnapshot: 48f00b5a-c605-41fe-901b-b25c0b7536a6<-c9c8c7da-b2d5-4e05-8678-9bfdfb976b9e#0:FAIL-t0,IN_PROGRESS
2021-07-06 17:09:42,254 [grpc-default-executor-1] INFO  server.GrpcServerProtocolService (GrpcServerProtocolService.java:onCompleted(140)) - c9c8c7da-b2d5-4e05-8678-9bfdfb976b9e: Completed INSTALL_SNAPSHOT, lastRequest: 48f00b5a-c605-41fe-901b-b25c0b7536a6->c9c8c7da-b2d5-4e05-8678-9bfdfb976b9e#0-t2,notify:(t:2, i:1)
2021-07-06 17:09:42,255 [grpc-default-executor-3] INFO  server.GrpcLogAppender (GrpcLogAppender.java:onNext(400)) - 48f00b5a-c605-41fe-901b-b25c0b7536a6@group-498FD787E76A->c9c8c7da-b2d5-4e05-8678-9bfdfb976b9e-InstallSnapshotResponseHandler: received the first reply 48f00b5a-c605-41fe-901b-b25c0b7536a6<-c9c8c7da-b2d5-4e05-8678-9bfdfb976b9e#0:FAIL-t0,IN_PROGRESS
2021-07-06 17:09:42,255 [grpc-default-executor-3] INFO  server.GrpcLogAppender (GrpcLogAppender.java:onNext(417)) - 48f00b5a-c605-41fe-901b-b25c0b7536a6@group-498FD787E76A->c9c8c7da-b2d5-4e05-8678-9bfdfb976b9e-InstallSnapshotResponseHandler: InstallSnapshot in progress.
2021-07-06 17:09:42,260 [pool-213-thread-1] INFO  ha.SCMHAManagerImpl (SCMHAManagerImpl.java:getDBCheckpointFromLeader(206)) - Downloading checkpoint from leader SCM scmNode-1 and reloading state from the checkpoint.
2021-07-06 17:09:42,262 [48f00b5a-c605-41fe-901b-b25c0b7536a6@group-498FD787E76A->c9c8c7da-b2d5-4e05-8678-9bfdfb976b9e-GrpcLogAppender-LogAppenderDaemon] INFO  server.GrpcLogAppender (GrpcLogAppender.java:installSnapshot(524)) - 48f00b5a-c605-41fe-901b-b25c0b7536a6@group-498FD787E76A->c9c8c7da-b2d5-4e05-8678-9bfdfb976b9e-GrpcLogAppender: followerNextIndex = 0 but logStartIndex = 1, notify follower to install snapshot-(t:2, i:1)
2021-07-06 17:09:42,262 [48f00b5a-c605-41fe-901b-b25c0b7536a6@group-498FD787E76A->c9c8c7da-b2d5-4e05-8678-9bfdfb976b9e-GrpcLogAppender-LogAppenderDaemon] INFO  server.GrpcLogAppender (GrpcLogAppender.java:installSnapshot(532)) - 48f00b5a-c605-41fe-901b-b25c0b7536a6@group-498FD787E76A->c9c8c7da-b2d5-4e05-8678-9bfdfb976b9e-GrpcLogAppender: send 48f00b5a-c605-41fe-901b-b25c0b7536a6->c9c8c7da-b2d5-4e05-8678-9bfdfb976b9e#0-t2,notify:(t:2, i:1)
2021-07-06 17:09:42,263 [grpc-default-executor-1] INFO  impl.RoleInfo (RoleInfo.java:updateAndGet(130)) - c9c8c7da-b2d5-4e05-8678-9bfdfb976b9e: start c9c8c7da-b2d5-4e05-8678-9bfdfb976b9e@group-498FD787E76A-FollowerState
2021-07-06 17:09:42,263 [grpc-default-executor-1] INFO  server.RaftServer$Division (RaftServerImpl.java:checkInconsistentAppendEntries(1292)) - c9c8c7da-b2d5-4e05-8678-9bfdfb976b9e@group-498FD787E76A: Failed appendEntries as snapshot ((t:2, i:1)) installation is in progress
2021-07-06 17:09:42,264 [grpc-default-executor-1] INFO  server.RaftServer$Division (RaftServerImpl.java:checkInconsistentAppendEntries(1284)) - c9c8c7da-b2d5-4e05-8678-9bfdfb976b9e@group-498FD787E76A: inconsistency entries. Reply:48f00b5a-c605-41fe-901b-b25c0b7536a6<-c9c8c7da-b2d5-4e05-8678-9bfdfb976b9e#0:FAIL-t2,INCONSISTENCY,nextIndex=0,followerCommit=-1
2021-07-06 17:09:42,264 [grpc-default-executor-3] INFO  leader.FollowerInfo (FollowerInfoImpl.java:lambda$new$0(46)) - 48f00b5a-c605-41fe-901b-b25c0b7536a6@group-498FD787E76A->c9c8c7da-b2d5-4e05-8678-9bfdfb976b9e: nextIndex: updateUnconditionally 0 -> 0
2021-07-06 17:09:42,264 [grpc-default-executor-1] INFO  server.RaftServer$Division (RaftServerImpl.java:installSnapshot(1328)) - c9c8c7da-b2d5-4e05-8678-9bfdfb976b9e@group-498FD787E76A: receive installSnapshot: 48f00b5a-c605-41fe-901b-b25c0b7536a6->c9c8c7da-b2d5-4e05-8678-9bfdfb976b9e#0-t2,notify:(t:2, i:1)
2021-07-06 17:09:42,264 [grpc-default-executor-1] INFO  server.RaftServer$Division (RaftServerImpl.java:notifyStateMachineToInstallSnapshot(1610)) - c9c8c7da-b2d5-4e05-8678-9bfdfb976b9e@group-498FD787E76A: Snapshot Installation by StateMachine is in progress.
2021-07-06 17:09:42,265 [grpc-default-executor-1] INFO  server.RaftServer$Division (RaftServerImpl.java:installSnapshotImpl(1458)) - c9c8c7da-b2d5-4e05-8678-9bfdfb976b9e@group-498FD787E76A: set new configuration index: 5
configurationEntry {
  peers {
    id: "48f00b5a-c605-41fe-901b-b25c0b7536a6"
    address: "localhost:15272"
  }
  peers {
    id: "9c66a5a1-6505-4feb-946f-7a4da78b4c7a"
    address: "localhost:15282"
  }
}
 from snapshot
2021-07-06 17:09:42,265 [grpc-default-executor-1] INFO  server.RaftServer$Division (ServerState.java:setRaftConf(373)) - c9c8c7da-b2d5-4e05-8678-9bfdfb976b9e@group-498FD787E76A: set configuration 5: [48f00b5a-c605-41fe-901b-b25c0b7536a6|rpc:localhost:15272|admin:|client:|dataStream:|priority:0, 9c66a5a1-6505-4feb-946f-7a4da78b4c7a|rpc:localhost:15282|admin:|client:|dataStream:|priority:0], old=null
2021-07-06 17:09:42,265 [grpc-default-executor-1] INFO  server.RaftServer$Division (RaftServerImpl.java:installSnapshot(1339)) - c9c8c7da-b2d5-4e05-8678-9bfdfb976b9e@group-498FD787E76A: reply installSnapshot: 48f00b5a-c605-41fe-901b-b25c0b7536a6<-c9c8c7da-b2d5-4e05-8678-9bfdfb976b9e#0:FAIL-t2,IN_PROGRESS
2021-07-06 17:09:42,265 [grpc-default-executor-1] INFO  server.GrpcServerProtocolService (GrpcServerProtocolService.java:onCompleted(140)) - c9c8c7da-b2d5-4e05-8678-9bfdfb976b9e: Completed INSTALL_SNAPSHOT, lastRequest: 48f00b5a-c605-41fe-901b-b25c0b7536a6->c9c8c7da-b2d5-4e05-8678-9bfdfb976b9e#0-t2,notify:(t:2, i:1)
2021-07-06 17:09:42,266 [grpc-default-executor-3] INFO  server.GrpcLogAppender (GrpcLogAppender.java:onNext(400)) - 48f00b5a-c605-41fe-901b-b25c0b7536a6@group-498FD787E76A->c9c8c7da-b2d5-4e05-8678-9bfdfb976b9e-InstallSnapshotResponseHandler: received a reply 48f00b5a-c605-41fe-901b-b25c0b7536a6<-c9c8c7da-b2d5-4e05-8678-9bfdfb976b9e#0:FAIL-t2,IN_PROGRESS
2021-07-06 17:09:42,266 [grpc-default-executor-3] INFO  server.GrpcLogAppender (GrpcLogAppender.java:onNext(417)) - 48f00b5a-c605-41fe-901b-b25c0b7536a6@group-498FD787E76A->c9c8c7da-b2d5-4e05-8678-9bfdfb976b9e-InstallSnapshotResponseHandler: InstallSnapshot in progress.
2021-07-06 17:09:42,269 [48f00b5a-c605-41fe-901b-b25c0b7536a6@group-498FD787E76A->c9c8c7da-b2d5-4e05-8678-9bfdfb976b9e-GrpcLogAppender-LogAppenderDaemon] INFO  server.GrpcLogAppender (GrpcLogAppender.java:installSnapshot(524)) - 48f00b5a-c605-41fe-901b-b25c0b7536a6@group-498FD787E76A->c9c8c7da-b2d5-4e05-8678-9bfdfb976b9e-GrpcLogAppender: followerNextIndex = 0 but logStartIndex = 1, notify follower to install snapshot-(t:2, i:1)
2021-07-06 17:09:42,271 [48f00b5a-c605-41fe-901b-b25c0b7536a6@group-498FD787E76A->c9c8c7da-b2d5-4e05-8678-9bfdfb976b9e-GrpcLogAppender-LogAppenderDaemon] INFO  server.GrpcLogAppender (GrpcLogAppender.java:installSnapshot(532)) - 48f00b5a-c605-41fe-901b-b25c0b7536a6@group-498FD787E76A->c9c8c7da-b2d5-4e05-8678-9bfdfb976b9e-GrpcLogAppender: send 48f00b5a-c605-41fe-901b-b25c0b7536a6->c9c8c7da-b2d5-4e05-8678-9bfdfb976b9e#0-t2,notify:(t:2, i:1)
2021-07-06 17:09:42,274 [grpc-default-executor-3] INFO  server.RaftServer$Division (RaftServerImpl.java:checkInconsistentAppendEntries(1292)) - c9c8c7da-b2d5-4e05-8678-9bfdfb976b9e@group-498FD787E76A: Failed appendEntries as snapshot ((t:2, i:1)) installation is in progress
2021-07-06 17:09:42,274 [grpc-default-executor-3] INFO  server.RaftServer$Division (RaftServerImpl.java:checkInconsistentAppendEntries(1284)) - c9c8c7da-b2d5-4e05-8678-9bfdfb976b9e@group-498FD787E76A: inconsistency entries. Reply:48f00b5a-c605-41fe-901b-b25c0b7536a6<-c9c8c7da-b2d5-4e05-8678-9bfdfb976b9e#1:FAIL-t2,INCONSISTENCY,nextIndex=0,followerCommit=-1
2021-07-06 17:09:42,274 [grpc-default-executor-5] INFO  server.RaftServer$Division (RaftServerImpl.java:installSnapshot(1328)) - c9c8c7da-b2d5-4e05-8678-9bfdfb976b9e@group-498FD787E76A: receive installSnapshot: 48f00b5a-c605-41fe-901b-b25c0b7536a6->c9c8c7da-b2d5-4e05-8678-9bfdfb976b9e#0-t2,notify:(t:2, i:1)
2021-07-06 17:09:42,274 [grpc-default-executor-5] INFO  server.RaftServer$Division (RaftServerImpl.java:notifyStateMachineToInstallSnapshot(1610)) - c9c8c7da-b2d5-4e05-8678-9bfdfb976b9e@group-498FD787E76A: Snapshot Installation by StateMachine is in progress.
2021-07-06 17:09:42,275 [grpc-default-executor-5] INFO  server.RaftServer$Division (RaftServerImpl.java:installSnapshotImpl(1458)) - c9c8c7da-b2d5-4e05-8678-9bfdfb976b9e@group-498FD787E76A: set new configuration index: 5
configurationEntry {
  peers {
    id: "48f00b5a-c605-41fe-901b-b25c0b7536a6"
    address: "localhost:15272"
  }
  peers {
    id: "9c66a5a1-6505-4feb-946f-7a4da78b4c7a"
    address: "localhost:15282"
  }
}
 from snapshot
2021-07-06 17:09:42,276 [grpc-default-executor-5] INFO  server.RaftServer$Division (ServerState.java:setRaftConf(373)) - c9c8c7da-b2d5-4e05-8678-9bfdfb976b9e@group-498FD787E76A: set configuration 5: [48f00b5a-c605-41fe-901b-b25c0b7536a6|rpc:localhost:15272|admin:|client:|dataStream:|priority:0, 9c66a5a1-6505-4feb-946f-7a4da78b4c7a|rpc:localhost:15282|admin:|client:|dataStream:|priority:0], old=null
2021-07-06 17:09:42,276 [grpc-default-executor-5] INFO  server.RaftServer$Division (RaftServerImpl.java:installSnapshot(1339)) - c9c8c7da-b2d5-4e05-8678-9bfdfb976b9e@group-498FD787E76A: reply installSnapshot: 48f00b5a-c605-41fe-901b-b25c0b7536a6<-c9c8c7da-b2d5-4e05-8678-9bfdfb976b9e#0:FAIL-t2,IN_PROGRESS
2021-07-06 17:09:42,277 [grpc-default-executor-5] INFO  server.GrpcServerProtocolService (GrpcServerProtocolService.java:onCompleted(140)) - c9c8c7da-b2d5-4e05-8678-9bfdfb976b9e: Completed INSTALL_SNAPSHOT, lastRequest: 48f00b5a-c605-41fe-901b-b25c0b7536a6->c9c8c7da-b2d5-4e05-8678-9bfdfb976b9e#0-t2,notify:(t:2, i:1)
2021-07-06 17:09:42,277 [grpc-default-executor-5] INFO  leader.FollowerInfo (FollowerInfoImpl.java:lambda$new$0(46)) - 48f00b5a-c605-41fe-901b-b25c0b7536a6@group-498FD787E76A->c9c8c7da-b2d5-4e05-8678-9bfdfb976b9e: nextIndex: updateUnconditionally 0 -> 0
2021-07-06 17:09:42,277 [grpc-default-executor-5] INFO  server.GrpcLogAppender (GrpcLogAppender.java:onNext(400)) - 48f00b5a-c605-41fe-901b-b25c0b7536a6@group-498FD787E76A->c9c8c7da-b2d5-4e05-8678-9bfdfb976b9e-InstallSnapshotResponseHandler: received a reply 48f00b5a-c605-41fe-901b-b25c0b7536a6<-c9c8c7da-b2d5-4e05-8678-9bfdfb976b9e#0:FAIL-t2,IN_PROGRESS
2021-07-06 17:09:42,277 [grpc-default-executor-5] INFO  server.GrpcLogAppender (GrpcLogAppender.java:onNext(417)) - 48f00b5a-c605-41fe-901b-b25c0b7536a6@group-498FD787E76A->c9c8c7da-b2d5-4e05-8678-9bfdfb976b9e-InstallSnapshotResponseHandler: InstallSnapshot in progress.
2021-07-06 17:09:42,278 [48f00b5a-c605-41fe-901b-b25c0b7536a6@group-498FD787E76A->c9c8c7da-b2d5-4e05-8678-9bfdfb976b9e-GrpcLogAppender-LogAppenderDaemon] INFO  server.GrpcLogAppender (GrpcLogAppender.java:installSnapshot(524)) - 48f00b5a-c605-41fe-901b-b25c0b7536a6@group-498FD787E76A->c9c8c7da-b2d5-4e05-8678-9bfdfb976b9e-GrpcLogAppender: followerNextIndex = 0 but logStartIndex = 1, notify follower to install snapshot-(t:2, i:1)
2021-07-06 17:09:42,278 [48f00b5a-c605-41fe-901b-b25c0b7536a6@group-498FD787E76A->c9c8c7da-b2d5-4e05-8678-9bfdfb976b9e-GrpcLogAppender-LogAppenderDaemon] INFO  server.GrpcLogAppender (GrpcLogAppender.java:installSnapshot(532)) - 48f00b5a-c605-41fe-901b-b25c0b7536a6@group-498FD787E76A->c9c8c7da-b2d5-4e05-8678-9bfdfb976b9e-GrpcLogAppender: send 48f00b5a-c605-41fe-901b-b25c0b7536a6->c9c8c7da-b2d5-4e05-8678-9bfdfb976b9e#0-t2,notify:(t:2, i:1)
2021-07-06 17:09:42,278 [grpc-default-executor-5] INFO  server.RaftServer$Division (RaftServerImpl.java:checkInconsistentAppendEntries(1292)) - c9c8c7da-b2d5-4e05-8678-9bfdfb976b9e@group-498FD787E76A: Failed appendEntries as snapshot ((t:2, i:1)) installation is in progress
2021-07-06 17:09:42,278 [grpc-default-executor-5] INFO  server.RaftServer$Division (RaftServerImpl.java:checkInconsistentAppendEntries(1284)) - c9c8c7da-b2d5-4e05-8678-9bfdfb976b9e@group-498FD787E76A: inconsistency entries. Reply:48f00b5a-c605-41fe-901b-b25c0b7536a6<-c9c8c7da-b2d5-4e05-8678-9bfdfb976b9e#2:FAIL-t2,INCONSISTENCY,nextIndex=0,followerCommit=-1
2021-07-06 17:09:42,279 [grpc-default-executor-5] INFO  server.RaftServer$Division (RaftServerImpl.java:installSnapshot(1328)) - c9c8c7da-b2d5-4e05-8678-9bfdfb976b9e@group-498FD787E76A: receive installSnapshot: 48f00b5a-c605-41fe-901b-b25c0b7536a6->c9c8c7da-b2d5-4e05-8678-9bfdfb976b9e#0-t2,notify:(t:2, i:1)
2021-07-06 17:09:42,280 [grpc-default-executor-5] INFO  server.RaftServer$Division (RaftServerImpl.java:notifyStateMachineToInstallSnapshot(1610)) - c9c8c7da-b2d5-4e05-8678-9bfdfb976b9e@group-498FD787E76A: Snapshot Installation by StateMachine is in progress.
2021-07-06 17:09:42,280 [grpc-default-executor-5] INFO  server.RaftServer$Division (RaftServerImpl.java:installSnapshotImpl(1458)) - c9c8c7da-b2d5-4e05-8678-9bfdfb976b9e@group-498FD787E76A: set new configuration index: 5
configurationEntry {
  peers {
    id: "48f00b5a-c605-41fe-901b-b25c0b7536a6"
    address: "localhost:15272"
  }
  peers {
    id: "9c66a5a1-6505-4feb-946f-7a4da78b4c7a"
    address: "localhost:15282"
  }
}
 from snapshot
2021-07-06 17:09:42,280 [grpc-default-executor-1] INFO  leader.FollowerInfo (FollowerInfoImpl.java:lambda$new$0(46)) - 48f00b5a-c605-41fe-901b-b25c0b7536a6@group-498FD787E76A->c9c8c7da-b2d5-4e05-8678-9bfdfb976b9e: nextIndex: updateUnconditionally 0 -> 0
2021-07-06 17:09:42,280 [grpc-default-executor-5] INFO  server.RaftServer$Division (ServerState.java:setRaftConf(373)) - c9c8c7da-b2d5-4e05-8678-9bfdfb976b9e@group-498FD787E76A: set configuration 5: [48f00b5a-c605-41fe-901b-b25c0b7536a6|rpc:localhost:15272|admin:|client:|dataStream:|priority:0, 9c66a5a1-6505-4feb-946f-7a4da78b4c7a|rpc:localhost:15282|admin:|client:|dataStream:|priority:0], old=null
2021-07-06 17:09:42,280 [grpc-default-executor-5] INFO  server.RaftServer$Division (RaftServerImpl.java:installSnapshot(1339)) - c9c8c7da-b2d5-4e05-8678-9bfdfb976b9e@group-498FD787E76A: reply installSnapshot: 48f00b5a-c605-41fe-901b-b25c0b7536a6<-c9c8c7da-b2d5-4e05-8678-9bfdfb976b9e#0:FAIL-t2,IN_PROGRESS
2021-07-06 17:09:42,281 [grpc-default-executor-5] INFO  server.GrpcServerProtocolService (GrpcServerProtocolService.java:onCompleted(140)) - c9c8c7da-b2d5-4e05-8678-9bfdfb976b9e: Completed INSTALL_SNAPSHOT, lastRequest: 48f00b5a-c605-41fe-901b-b25c0b7536a6->c9c8c7da-b2d5-4e05-8678-9bfdfb976b9e#0-t2,notify:(t:2, i:1)
2021-07-06 17:09:42,282 [grpc-default-executor-5] INFO  server.GrpcLogAppender (GrpcLogAppender.java:onNext(400)) - 48f00b5a-c605-41fe-901b-b25c0b7536a6@group-498FD787E76A->c9c8c7da-b2d5-4e05-8678-9bfdfb976b9e-InstallSnapshotResponseHandler: received a reply 48f00b5a-c605-41fe-901b-b25c0b7536a6<-c9c8c7da-b2d5-4e05-8678-9bfdfb976b9e#0:FAIL-t2,IN_PROGRESS
2021-07-06 17:09:42,282 [grpc-default-executor-5] INFO  server.GrpcLogAppender (GrpcLogAppender.java:onNext(417)) - 48f00b5a-c605-41fe-901b-b25c0b7536a6@group-498FD787E76A->c9c8c7da-b2d5-4e05-8678-9bfdfb976b9e-InstallSnapshotResponseHandler: InstallSnapshot in progress.
2021-07-06 17:09:42,282 [grpc-default-executor-3] INFO  ha.SCMDBCheckpointProvider (SCMDBCheckpointProvider.java:writeDBCheckPointToSream(48)) - Received request to obtain SCM DB checkpoint snapshot
2021-07-06 17:09:42,284 [48f00b5a-c605-41fe-901b-b25c0b7536a6@group-498FD787E76A->c9c8c7da-b2d5-4e05-8678-9bfdfb976b9e-GrpcLogAppender-LogAppenderDaemon] INFO  server.GrpcLogAppender (GrpcLogAppender.java:installSnapshot(524)) - 48f00b5a-c605-41fe-901b-b25c0b7536a6@group-498FD787E76A->c9c8c7da-b2d5-4e05-8678-9bfdfb976b9e-GrpcLogAppender: followerNextIndex = 0 but logStartIndex = 1, notify follower to install snapshot-(t:2, i:1)
2021-07-06 17:09:42,284 [48f00b5a-c605-41fe-901b-b25c0b7536a6@group-498FD787E76A->c9c8c7da-b2d5-4e05-8678-9bfdfb976b9e-GrpcLogAppender-LogAppenderDaemon] INFO  server.GrpcLogAppender (GrpcLogAppender.java:installSnapshot(532)) - 48f00b5a-c605-41fe-901b-b25c0b7536a6@group-498FD787E76A->c9c8c7da-b2d5-4e05-8678-9bfdfb976b9e-GrpcLogAppender: send 48f00b5a-c605-41fe-901b-b25c0b7536a6->c9c8c7da-b2d5-4e05-8678-9bfdfb976b9e#0-t2,notify:(t:2, i:1)
2021-07-06 17:09:42,284 [grpc-default-executor-5] INFO  server.RaftServer$Division (RaftServerImpl.java:checkInconsistentAppendEntries(1292)) - c9c8c7da-b2d5-4e05-8678-9bfdfb976b9e@group-498FD787E76A: Failed appendEntries as snapshot ((t:2, i:1)) installation is in progress
2021-07-06 17:09:42,285 [grpc-default-executor-5] INFO  server.RaftServer$Division (RaftServerImpl.java:checkInconsistentAppendEntries(1284)) - c9c8c7da-b2d5-4e05-8678-9bfdfb976b9e@group-498FD787E76A: inconsistency entries. Reply:48f00b5a-c605-41fe-901b-b25c0b7536a6<-c9c8c7da-b2d5-4e05-8678-9bfdfb976b9e#3:FAIL-t2,INCONSISTENCY,nextIndex=0,followerCommit=-1
2021-07-06 17:09:42,286 [grpc-default-executor-1] INFO  leader.FollowerInfo (FollowerInfoImpl.java:lambda$new$0(46)) - 48f00b5a-c605-41fe-901b-b25c0b7536a6@group-498FD787E76A->c9c8c7da-b2d5-4e05-8678-9bfdfb976b9e: nextIndex: updateUnconditionally 0 -> 0
2021-07-06 17:09:42,286 [grpc-default-executor-5] INFO  server.RaftServer$Division (RaftServerImpl.java:installSnapshot(1328)) - c9c8c7da-b2d5-4e05-8678-9bfdfb976b9e@group-498FD787E76A: receive installSnapshot: 48f00b5a-c605-41fe-901b-b25c0b7536a6->c9c8c7da-b2d5-4e05-8678-9bfdfb976b9e#0-t2,notify:(t:2, i:1)
2021-07-06 17:09:42,286 [grpc-default-executor-5] INFO  server.RaftServer$Division (RaftServerImpl.java:notifyStateMachineToInstallSnapshot(1610)) - c9c8c7da-b2d5-4e05-8678-9bfdfb976b9e@group-498FD787E76A: Snapshot Installation by StateMachine is in progress.
2021-07-06 17:09:42,287 [grpc-default-executor-5] INFO  server.RaftServer$Division (RaftServerImpl.java:installSnapshotImpl(1458)) - c9c8c7da-b2d5-4e05-8678-9bfdfb976b9e@group-498FD787E76A: set new configuration index: 5
configurationEntry {
  peers {
    id: "48f00b5a-c605-41fe-901b-b25c0b7536a6"
    address: "localhost:15272"
  }
  peers {
    id: "9c66a5a1-6505-4feb-946f-7a4da78b4c7a"
    address: "localhost:15282"
  }
}
 from snapshot
2021-07-06 17:09:42,287 [grpc-default-executor-5] INFO  server.RaftServer$Division (ServerState.java:setRaftConf(373)) - c9c8c7da-b2d5-4e05-8678-9bfdfb976b9e@group-498FD787E76A: set configuration 5: [48f00b5a-c605-41fe-901b-b25c0b7536a6|rpc:localhost:15272|admin:|client:|dataStream:|priority:0, 9c66a5a1-6505-4feb-946f-7a4da78b4c7a|rpc:localhost:15282|admin:|client:|dataStream:|priority:0], old=null
2021-07-06 17:09:42,287 [grpc-default-executor-5] INFO  server.RaftServer$Division (RaftServerImpl.java:installSnapshot(1339)) - c9c8c7da-b2d5-4e05-8678-9bfdfb976b9e@group-498FD787E76A: reply installSnapshot: 48f00b5a-c605-41fe-901b-b25c0b7536a6<-c9c8c7da-b2d5-4e05-8678-9bfdfb976b9e#0:FAIL-t2,IN_PROGRESS
2021-07-06 17:09:42,288 [grpc-default-executor-5] INFO  server.GrpcServerProtocolService (GrpcServerProtocolService.java:onCompleted(140)) - c9c8c7da-b2d5-4e05-8678-9bfdfb976b9e: Completed INSTALL_SNAPSHOT, lastRequest: 48f00b5a-c605-41fe-901b-b25c0b7536a6->c9c8c7da-b2d5-4e05-8678-9bfdfb976b9e#0-t2,notify:(t:2, i:1)
2021-07-06 17:09:42,290 [grpc-default-executor-5] INFO  server.GrpcLogAppender (GrpcLogAppender.java:onNext(400)) - 48f00b5a-c605-41fe-901b-b25c0b7536a6@group-498FD787E76A->c9c8c7da-b2d5-4e05-8678-9bfdfb976b9e-InstallSnapshotResponseHandler: received a reply 48f00b5a-c605-41fe-901b-b25c0b7536a6<-c9c8c7da-b2d5-4e05-8678-9bfdfb976b9e#0:FAIL-t2,IN_PROGRESS
2021-07-06 17:09:42,291 [grpc-default-executor-5] INFO  server.GrpcLogAppender (GrpcLogAppender.java:onNext(417)) - 48f00b5a-c605-41fe-901b-b25c0b7536a6@group-498FD787E76A->c9c8c7da-b2d5-4e05-8678-9bfdfb976b9e-InstallSnapshotResponseHandler: InstallSnapshot in progress.
2021-07-06 17:09:42,292 [grpc-default-executor-3] INFO  db.RDBCheckpointManager (RDBCheckpointManager.java:createCheckpoint(86)) - Created checkpoint at /home/runner/work/ozone/ozone/mnt/ozone/hadoop-ozone/integration-test/target/test-dir/MiniOzoneClusterImpl-f74e07ef-a4e5-4994-bf82-498fd787e76a/scmNode-1/db.checkpoints/scm.db_checkpoint_1625591382283 in 9 milliseconds
2021-07-06 17:09:42,296 [48f00b5a-c605-41fe-901b-b25c0b7536a6@group-498FD787E76A->c9c8c7da-b2d5-4e05-8678-9bfdfb976b9e-GrpcLogAppender-LogAppenderDaemon] INFO  server.GrpcLogAppender (GrpcLogAppender.java:installSnapshot(524)) - 48f00b5a-c605-41fe-901b-b25c0b7536a6@group-498FD787E76A->c9c8c7da-b2d5-4e05-8678-9bfdfb976b9e-GrpcLogAppender: followerNextIndex = 0 but logStartIndex = 1, notify follower to install snapshot-(t:2, i:1)
2021-07-06 17:09:42,296 [48f00b5a-c605-41fe-901b-b25c0b7536a6@group-498FD787E76A->c9c8c7da-b2d5-4e05-8678-9bfdfb976b9e-GrpcLogAppender-LogAppenderDaemon] INFO  server.GrpcLogAppender (GrpcLogAppender.java:installSnapshot(532)) - 48f00b5a-c605-41fe-901b-b25c0b7536a6@group-498FD787E76A->c9c8c7da-b2d5-4e05-8678-9bfdfb976b9e-GrpcLogAppender: send 48f00b5a-c605-41fe-901b-b25c0b7536a6->c9c8c7da-b2d5-4e05-8678-9bfdfb976b9e#0-t2,notify:(t:2, i:1)
2021-07-06 17:09:42,296 [grpc-default-executor-3] INFO  ha.SCMGrpcOutputStream (SCMGrpcOutputStream.java:close(111)) - Sent 6051 bytes for cluster f74e07ef-a4e5-4994-bf82-498fd787e76a
2021-07-06 17:09:42,300 [grpc-default-executor-3] INFO  ha.SCMDBCheckpointProvider (SCMDBCheckpointProvider.java:writeDBCheckPointToSream(73)) - Time taken to write the checkpoint to response output stream: 6 milliseconds
2021-07-06 17:09:42,300 [grpc-default-executor-3] INFO  db.RocksDBCheckpoint (RocksDBCheckpoint.java:cleanupCheckpoint(78)) - Cleaning up RocksDB checkpoint at /home/runner/work/ozone/ozone/mnt/ozone/hadoop-ozone/integration-test/target/test-dir/MiniOzoneClusterImpl-f74e07ef-a4e5-4994-bf82-498fd787e76a/scmNode-1/db.checkpoints/scm.db_checkpoint_1625591382283
2021-07-06 17:09:42,301 [grpc-default-executor-4] INFO  server.RaftServer$Division (RaftServerImpl.java:checkInconsistentAppendEntries(1292)) - c9c8c7da-b2d5-4e05-8678-9bfdfb976b9e@group-498FD787E76A: Failed appendEntries as snapshot ((t:2, i:1)) installation is in progress
2021-07-06 17:09:42,301 [grpc-default-executor-4] INFO  server.RaftServer$Division (RaftServerImpl.java:checkInconsistentAppendEntries(1284)) - c9c8c7da-b2d5-4e05-8678-9bfdfb976b9e@group-498FD787E76A: inconsistency entries. Reply:48f00b5a-c605-41fe-901b-b25c0b7536a6<-c9c8c7da-b2d5-4e05-8678-9bfdfb976b9e#4:FAIL-t2,INCONSISTENCY,nextIndex=0,followerCommit=-1
2021-07-06 17:09:42,301 [grpc-default-executor-0] INFO  ha.InterSCMGrpcClient (InterSCMGrpcClient.java:onCompleted(169)) - Checkpoint is downloaded to /home/runner/work/ozone/ozone/mnt/ozone/hadoop-ozone/integration-test/target/test-dir/MiniOzoneClusterImpl-f74e07ef-a4e5-4994-bf82-498fd787e76a/scmNode-3/snapshot/scm.db-scmNode-1-1625591382261.tar.gz
2021-07-06 17:09:42,303 [grpc-default-executor-5] INFO  server.RaftServer$Division (RaftServerImpl.java:installSnapshot(1328)) - c9c8c7da-b2d5-4e05-8678-9bfdfb976b9e@group-498FD787E76A: receive installSnapshot: 48f00b5a-c605-41fe-901b-b25c0b7536a6->c9c8c7da-b2d5-4e05-8678-9bfdfb976b9e#0-t2,notify:(t:2, i:1)
2021-07-06 17:09:42,303 [grpc-default-executor-5] INFO  server.RaftServer$Division (RaftServerImpl.java:notifyStateMachineToInstallSnapshot(1610)) - c9c8c7da-b2d5-4e05-8678-9bfdfb976b9e@group-498FD787E76A: Snapshot Installation by StateMachine is in progress.
2021-07-06 17:09:42,303 [grpc-default-executor-5] INFO  server.RaftServer$Division (RaftServerImpl.java:installSnapshotImpl(1458)) - c9c8c7da-b2d5-4e05-8678-9bfdfb976b9e@group-498FD787E76A: set new configuration index: 5
configurationEntry {
  peers {
    id: "48f00b5a-c605-41fe-901b-b25c0b7536a6"
    address: "localhost:15272"
  }
  peers {
    id: "9c66a5a1-6505-4feb-946f-7a4da78b4c7a"
    address: "localhost:15282"
  }
}
 from snapshot
2021-07-06 17:09:42,303 [grpc-default-executor-3] INFO  leader.FollowerInfo (FollowerInfoImpl.java:lambda$new$0(46)) - 48f00b5a-c605-41fe-901b-b25c0b7536a6@group-498FD787E76A->c9c8c7da-b2d5-4e05-8678-9bfdfb976b9e: nextIndex: updateUnconditionally 0 -> 0
2021-07-06 17:09:42,304 [grpc-default-executor-5] INFO  server.RaftServer$Division (ServerState.java:setRaftConf(373)) - c9c8c7da-b2d5-4e05-8678-9bfdfb976b9e@group-498FD787E76A: set configuration 5: [48f00b5a-c605-41fe-901b-b25c0b7536a6|rpc:localhost:15272|admin:|client:|dataStream:|priority:0, 9c66a5a1-6505-4feb-946f-7a4da78b4c7a|rpc:localhost:15282|admin:|client:|dataStream:|priority:0], old=null
2021-07-06 17:09:42,304 [grpc-default-executor-5] INFO  server.RaftServer$Division (RaftServerImpl.java:installSnapshot(1339)) - c9c8c7da-b2d5-4e05-8678-9bfdfb976b9e@group-498FD787E76A: reply installSnapshot: 48f00b5a-c605-41fe-901b-b25c0b7536a6<-c9c8c7da-b2d5-4e05-8678-9bfdfb976b9e#0:FAIL-t2,IN_PROGRESS
2021-07-06 17:09:42,304 [grpc-default-executor-5] INFO  server.GrpcServerProtocolService (GrpcServerProtocolService.java:onCompleted(140)) - c9c8c7da-b2d5-4e05-8678-9bfdfb976b9e: Completed INSTALL_SNAPSHOT, lastRequest: 48f00b5a-c605-41fe-901b-b25c0b7536a6->c9c8c7da-b2d5-4e05-8678-9bfdfb976b9e#0-t2,notify:(t:2, i:1)
2021-07-06 17:09:42,304 [grpc-default-executor-3] INFO  server.GrpcLogAppender (GrpcLogAppender.java:onNext(400)) - 48f00b5a-c605-41fe-901b-b25c0b7536a6@group-498FD787E76A->c9c8c7da-b2d5-4e05-8678-9bfdfb976b9e-InstallSnapshotResponseHandler: received a reply 48f00b5a-c605-41fe-901b-b25c0b7536a6<-c9c8c7da-b2d5-4e05-8678-9bfdfb976b9e#0:FAIL-t2,IN_PROGRESS
2021-07-06 17:09:42,304 [grpc-default-executor-3] INFO  server.GrpcLogAppender (GrpcLogAppender.java:onNext(417)) - 48f00b5a-c605-41fe-901b-b25c0b7536a6@group-498FD787E76A->c9c8c7da-b2d5-4e05-8678-9bfdfb976b9e-InstallSnapshotResponseHandler: InstallSnapshot in progress.
2021-07-06 17:09:42,305 [48f00b5a-c605-41fe-901b-b25c0b7536a6@group-498FD787E76A->c9c8c7da-b2d5-4e05-8678-9bfdfb976b9e-GrpcLogAppender-LogAppenderDaemon] INFO  server.GrpcLogAppender (GrpcLogAppender.java:installSnapshot(524)) - 48f00b5a-c605-41fe-901b-b25c0b7536a6@group-498FD787E76A->c9c8c7da-b2d5-4e05-8678-9bfdfb976b9e-GrpcLogAppender: followerNextIndex = 0 but logStartIndex = 1, notify follower to install snapshot-(t:2, i:1)
2021-07-06 17:09:42,305 [48f00b5a-c605-41fe-901b-b25c0b7536a6@group-498FD787E76A->c9c8c7da-b2d5-4e05-8678-9bfdfb976b9e-GrpcLogAppender-LogAppenderDaemon] INFO  server.GrpcLogAppender (GrpcLogAppender.java:installSnapshot(532)) - 48f00b5a-c605-41fe-901b-b25c0b7536a6@group-498FD787E76A->c9c8c7da-b2d5-4e05-8678-9bfdfb976b9e-GrpcLogAppender: send 48f00b5a-c605-41fe-901b-b25c0b7536a6->c9c8c7da-b2d5-4e05-8678-9bfdfb976b9e#0-t2,notify:(t:2, i:1)
2021-07-06 17:09:42,305 [grpc-default-executor-3] INFO  server.RaftServer$Division (RaftServerImpl.java:checkInconsistentAppendEntries(1292)) - c9c8c7da-b2d5-4e05-8678-9bfdfb976b9e@group-498FD787E76A: Failed appendEntries as snapshot ((t:2, i:1)) installation is in progress
2021-07-06 17:09:42,305 [grpc-default-executor-3] INFO  server.RaftServer$Division (RaftServerImpl.java:checkInconsistentAppendEntries(1284)) - c9c8c7da-b2d5-4e05-8678-9bfdfb976b9e@group-498FD787E76A: inconsistency entries. Reply:48f00b5a-c605-41fe-901b-b25c0b7536a6<-c9c8c7da-b2d5-4e05-8678-9bfdfb976b9e#5:FAIL-t2,INCONSISTENCY,nextIndex=0,followerCommit=-1
2021-07-06 17:09:42,307 [grpc-default-executor-5] INFO  leader.FollowerInfo (FollowerInfoImpl.java:lambda$new$0(46)) - 48f00b5a-c605-41fe-901b-b25c0b7536a6@group-498FD787E76A->c9c8c7da-b2d5-4e05-8678-9bfdfb976b9e: nextIndex: updateUnconditionally 0 -> 0
2021-07-06 17:09:42,307 [grpc-default-executor-3] INFO  server.RaftServer$Division (RaftServerImpl.java:installSnapshot(1328)) - c9c8c7da-b2d5-4e05-8678-9bfdfb976b9e@group-498FD787E76A: receive installSnapshot: 48f00b5a-c605-41fe-901b-b25c0b7536a6->c9c8c7da-b2d5-4e05-8678-9bfdfb976b9e#0-t2,notify:(t:2, i:1)
2021-07-06 17:09:42,307 [grpc-default-executor-3] INFO  server.RaftServer$Division (RaftServerImpl.java:notifyStateMachineToInstallSnapshot(1610)) - c9c8c7da-b2d5-4e05-8678-9bfdfb976b9e@group-498FD787E76A: Snapshot Installation by StateMachine is in progress.
2021-07-06 17:09:42,307 [grpc-default-executor-3] INFO  server.RaftServer$Division (RaftServerImpl.java:installSnapshotImpl(1458)) - c9c8c7da-b2d5-4e05-8678-9bfdfb976b9e@group-498FD787E76A: set new configuration index: 5
configurationEntry {
  peers {
    id: "48f00b5a-c605-41fe-901b-b25c0b7536a6"
    address: "localhost:15272"
  }
  peers {
    id: "9c66a5a1-6505-4feb-946f-7a4da78b4c7a"
    address: "localhost:15282"
  }
}
 from snapshot
2021-07-06 17:09:42,307 [grpc-default-executor-3] INFO  server.RaftServer$Division (ServerState.java:setRaftConf(373)) - c9c8c7da-b2d5-4e05-8678-9bfdfb976b9e@group-498FD787E76A: set configuration 5: [48f00b5a-c605-41fe-901b-b25c0b7536a6|rpc:localhost:15272|admin:|client:|dataStream:|priority:0, 9c66a5a1-6505-4feb-946f-7a4da78b4c7a|rpc:localhost:15282|admin:|client:|dataStream:|priority:0], old=null
2021-07-06 17:09:42,307 [grpc-default-executor-3] INFO  server.RaftServer$Division (RaftServerImpl.java:installSnapshot(1339)) - c9c8c7da-b2d5-4e05-8678-9bfdfb976b9e@group-498FD787E76A: reply installSnapshot: 48f00b5a-c605-41fe-901b-b25c0b7536a6<-c9c8c7da-b2d5-4e05-8678-9bfdfb976b9e#0:FAIL-t2,IN_PROGRESS
2021-07-06 17:09:42,308 [grpc-default-executor-3] INFO  server.GrpcServerProtocolService (GrpcServerProtocolService.java:onCompleted(140)) - c9c8c7da-b2d5-4e05-8678-9bfdfb976b9e: Completed INSTALL_SNAPSHOT, lastRequest: 48f00b5a-c605-41fe-901b-b25c0b7536a6->c9c8c7da-b2d5-4e05-8678-9bfdfb976b9e#0-t2,notify:(t:2, i:1)
2021-07-06 17:09:42,308 [grpc-default-executor-3] INFO  server.GrpcLogAppender (GrpcLogAppender.java:onNext(400)) - 48f00b5a-c605-41fe-901b-b25c0b7536a6@group-498FD787E76A->c9c8c7da-b2d5-4e05-8678-9bfdfb976b9e-InstallSnapshotResponseHandler: received a reply 48f00b5a-c605-41fe-901b-b25c0b7536a6<-c9c8c7da-b2d5-4e05-8678-9bfdfb976b9e#0:FAIL-t2,IN_PROGRESS
2021-07-06 17:09:42,308 [grpc-default-executor-3] INFO  server.GrpcLogAppender (GrpcLogAppender.java:onNext(417)) - 48f00b5a-c605-41fe-901b-b25c0b7536a6@group-498FD787E76A->c9c8c7da-b2d5-4e05-8678-9bfdfb976b9e-InstallSnapshotResponseHandler: InstallSnapshot in progress.
2021-07-06 17:09:42,315 [48f00b5a-c605-41fe-901b-b25c0b7536a6@group-498FD787E76A->c9c8c7da-b2d5-4e05-8678-9bfdfb976b9e-GrpcLogAppender-LogAppenderDaemon] INFO  server.GrpcLogAppender (GrpcLogAppender.java:installSnapshot(524)) - 48f00b5a-c605-41fe-901b-b25c0b7536a6@group-498FD787E76A->c9c8c7da-b2d5-4e05-8678-9bfdfb976b9e-GrpcLogAppender: followerNextIndex = 0 but logStartIndex = 1, notify follower to install snapshot-(t:2, i:1)
2021-07-06 17:09:42,316 [48f00b5a-c605-41fe-901b-b25c0b7536a6@group-498FD787E76A->c9c8c7da-b2d5-4e05-8678-9bfdfb976b9e-GrpcLogAppender-LogAppenderDaemon] INFO  server.GrpcLogAppender (GrpcLogAppender.java:installSnapshot(532)) - 48f00b5a-c605-41fe-901b-b25c0b7536a6@group-498FD787E76A->c9c8c7da-b2d5-4e05-8678-9bfdfb976b9e-GrpcLogAppender: send 48f00b5a-c605-41fe-901b-b25c0b7536a6->c9c8c7da-b2d5-4e05-8678-9bfdfb976b9e#0-t2,notify:(t:2, i:1)
2021-07-06 17:09:42,316 [grpc-default-executor-3] INFO  server.RaftServer$Division (RaftServerImpl.java:checkInconsistentAppendEntries(1292)) - c9c8c7da-b2d5-4e05-8678-9bfdfb976b9e@group-498FD787E76A: Failed appendEntries as snapshot ((t:2, i:1)) installation is in progress
2021-07-06 17:09:42,316 [grpc-default-executor-3] INFO  server.RaftServer$Division (RaftServerImpl.java:checkInconsistentAppendEntries(1284)) - c9c8c7da-b2d5-4e05-8678-9bfdfb976b9e@group-498FD787E76A: inconsistency entries. Reply:48f00b5a-c605-41fe-901b-b25c0b7536a6<-c9c8c7da-b2d5-4e05-8678-9bfdfb976b9e#6:FAIL-t2,INCONSISTENCY,nextIndex=0,followerCommit=-1
2021-07-06 17:09:42,317 [grpc-default-executor-0] INFO  leader.FollowerInfo (FollowerInfoImpl.java:lambda$new$0(46)) - 48f00b5a-c605-41fe-901b-b25c0b7536a6@group-498FD787E76A->c9c8c7da-b2d5-4e05-8678-9bfdfb976b9e: nextIndex: updateUnconditionally 0 -> 0
2021-07-06 17:09:42,317 [grpc-default-executor-5] INFO  server.RaftServer$Division (RaftServerImpl.java:installSnapshot(1328)) - c9c8c7da-b2d5-4e05-8678-9bfdfb976b9e@group-498FD787E76A: receive installSnapshot: 48f00b5a-c605-41fe-901b-b25c0b7536a6->c9c8c7da-b2d5-4e05-8678-9bfdfb976b9e#0-t2,notify:(t:2, i:1)
2021-07-06 17:09:42,317 [grpc-default-executor-5] INFO  server.RaftServer$Division (RaftServerImpl.java:notifyStateMachineToInstallSnapshot(1610)) - c9c8c7da-b2d5-4e05-8678-9bfdfb976b9e@group-498FD787E76A: Snapshot Installation by StateMachine is in progress.
2021-07-06 17:09:42,317 [grpc-default-executor-5] INFO  server.RaftServer$Division (RaftServerImpl.java:installSnapshotImpl(1458)) - c9c8c7da-b2d5-4e05-8678-9bfdfb976b9e@group-498FD787E76A: set new configuration index: 5
configurationEntry {
  peers {
    id: "48f00b5a-c605-41fe-901b-b25c0b7536a6"
    address: "localhost:15272"
  }
  peers {
    id: "9c66a5a1-6505-4feb-946f-7a4da78b4c7a"
    address: "localhost:15282"
  }
}
 from snapshot
2021-07-06 17:09:42,318 [grpc-default-executor-5] INFO  server.RaftServer$Division (ServerState.java:setRaftConf(373)) - c9c8c7da-b2d5-4e05-8678-9bfdfb976b9e@group-498FD787E76A: set configuration 5: [48f00b5a-c605-41fe-901b-b25c0b7536a6|rpc:localhost:15272|admin:|client:|dataStream:|priority:0, 9c66a5a1-6505-4feb-946f-7a4da78b4c7a|rpc:localhost:15282|admin:|client:|dataStream:|priority:0], old=null
2021-07-06 17:09:42,318 [grpc-default-executor-5] INFO  server.RaftServer$Division (RaftServerImpl.java:installSnapshot(1339)) - c9c8c7da-b2d5-4e05-8678-9bfdfb976b9e@group-498FD787E76A: reply installSnapshot: 48f00b5a-c605-41fe-901b-b25c0b7536a6<-c9c8c7da-b2d5-4e05-8678-9bfdfb976b9e#0:FAIL-t2,IN_PROGRESS
2021-07-06 17:09:42,318 [grpc-default-executor-5] INFO  server.GrpcServerProtocolService (GrpcServerProtocolService.java:onCompleted(140)) - c9c8c7da-b2d5-4e05-8678-9bfdfb976b9e: Completed INSTALL_SNAPSHOT, lastRequest: 48f00b5a-c605-41fe-901b-b25c0b7536a6->c9c8c7da-b2d5-4e05-8678-9bfdfb976b9e#0-t2,notify:(t:2, i:1)
2021-07-06 17:09:42,319 [grpc-default-executor-5] INFO  server.GrpcLogAppender (GrpcLogAppender.java:onNext(400)) - 48f00b5a-c605-41fe-901b-b25c0b7536a6@group-498FD787E76A->c9c8c7da-b2d5-4e05-8678-9bfdfb976b9e-InstallSnapshotResponseHandler: received a reply 48f00b5a-c605-41fe-901b-b25c0b7536a6<-c9c8c7da-b2d5-4e05-8678-9bfdfb976b9e#0:FAIL-t2,IN_PROGRESS
2021-07-06 17:09:42,319 [grpc-default-executor-5] INFO  server.GrpcLogAppender (GrpcLogAppender.java:onNext(417)) - 48f00b5a-c605-41fe-901b-b25c0b7536a6@group-498FD787E76A->c9c8c7da-b2d5-4e05-8678-9bfdfb976b9e-InstallSnapshotResponseHandler: InstallSnapshot in progress.
2021-07-06 17:09:42,320 [48f00b5a-c605-41fe-901b-b25c0b7536a6@group-498FD787E76A->c9c8c7da-b2d5-4e05-8678-9bfdfb976b9e-GrpcLogAppender-LogAppenderDaemon] INFO  server.GrpcLogAppender (GrpcLogAppender.java:installSnapshot(524)) - 48f00b5a-c605-41fe-901b-b25c0b7536a6@group-498FD787E76A->c9c8c7da-b2d5-4e05-8678-9bfdfb976b9e-GrpcLogAppender: followerNextIndex = 0 but logStartIndex = 1, notify follower to install snapshot-(t:2, i:1)
2021-07-06 17:09:42,320 [48f00b5a-c605-41fe-901b-b25c0b7536a6@group-498FD787E76A->c9c8c7da-b2d5-4e05-8678-9bfdfb976b9e-GrpcLogAppender-LogAppenderDaemon] INFO  server.GrpcLogAppender (GrpcLogAppender.java:installSnapshot(532)) - 48f00b5a-c605-41fe-901b-b25c0b7536a6@group-498FD787E76A->c9c8c7da-b2d5-4e05-8678-9bfdfb976b9e-GrpcLogAppender: send 48f00b5a-c605-41fe-901b-b25c0b7536a6->c9c8c7da-b2d5-4e05-8678-9bfdfb976b9e#0-t2,notify:(t:2, i:1)
2021-07-06 17:09:42,322 [grpc-default-executor-3] INFO  server.RaftServer$Division (RaftServerImpl.java:checkInconsistentAppendEntries(1292)) - c9c8c7da-b2d5-4e05-8678-9bfdfb976b9e@group-498FD787E76A: Failed appendEntries as snapshot ((t:2, i:1)) installation is in progress
2021-07-06 17:09:42,322 [grpc-default-executor-3] INFO  server.RaftServer$Division (RaftServerImpl.java:checkInconsistentAppendEntries(1284)) - c9c8c7da-b2d5-4e05-8678-9bfdfb976b9e@group-498FD787E76A: inconsistency entries. Reply:48f00b5a-c605-41fe-901b-b25c0b7536a6<-c9c8c7da-b2d5-4e05-8678-9bfdfb976b9e#7:FAIL-t2,INCONSISTENCY,nextIndex=0,followerCommit=-1
2021-07-06 17:09:42,323 [grpc-default-executor-5] INFO  server.RaftServer$Division (RaftServerImpl.java:installSnapshot(1328)) - c9c8c7da-b2d5-4e05-8678-9bfdfb976b9e@group-498FD787E76A: receive installSnapshot: 48f00b5a-c605-41fe-901b-b25c0b7536a6->c9c8c7da-b2d5-4e05-8678-9bfdfb976b9e#0-t2,notify:(t:2, i:1)
2021-07-06 17:09:42,323 [grpc-default-executor-3] INFO  leader.FollowerInfo (FollowerInfoImpl.java:lambda$new$0(46)) - 48f00b5a-c605-41fe-901b-b25c0b7536a6@group-498FD787E76A->c9c8c7da-b2d5-4e05-8678-9bfdfb976b9e: nextIndex: updateUnconditionally 0 -> 0
2021-07-06 17:09:42,323 [grpc-default-executor-5] INFO  server.RaftServer$Division (RaftServerImpl.java:notifyStateMachineToInstallSnapshot(1610)) - c9c8c7da-b2d5-4e05-8678-9bfdfb976b9e@group-498FD787E76A: Snapshot Installation by StateMachine is in progress.
2021-07-06 17:09:42,323 [grpc-default-executor-5] INFO  server.RaftServer$Division (RaftServerImpl.java:installSnapshotImpl(1458)) - c9c8c7da-b2d5-4e05-8678-9bfdfb976b9e@group-498FD787E76A: set new configuration index: 5
configurationEntry {
  peers {
    id: "48f00b5a-c605-41fe-901b-b25c0b7536a6"
    address: "localhost:15272"
  }
  peers {
    id: "9c66a5a1-6505-4feb-946f-7a4da78b4c7a"
    address: "localhost:15282"
  }
}
 from snapshot
2021-07-06 17:09:42,323 [grpc-default-executor-5] INFO  server.RaftServer$Division (ServerState.java:setRaftConf(373)) - c9c8c7da-b2d5-4e05-8678-9bfdfb976b9e@group-498FD787E76A: set configuration 5: [48f00b5a-c605-41fe-901b-b25c0b7536a6|rpc:localhost:15272|admin:|client:|dataStream:|priority:0, 9c66a5a1-6505-4feb-946f-7a4da78b4c7a|rpc:localhost:15282|admin:|client:|dataStream:|priority:0], old=null
2021-07-06 17:09:42,324 [grpc-default-executor-5] INFO  server.RaftServer$Division (RaftServerImpl.java:installSnapshot(1339)) - c9c8c7da-b2d5-4e05-8678-9bfdfb976b9e@group-498FD787E76A: reply installSnapshot: 48f00b5a-c605-41fe-901b-b25c0b7536a6<-c9c8c7da-b2d5-4e05-8678-9bfdfb976b9e#0:FAIL-t2,IN_PROGRESS
2021-07-06 17:09:42,324 [grpc-default-executor-5] INFO  server.GrpcServerProtocolService (GrpcServerProtocolService.java:onCompleted(140)) - c9c8c7da-b2d5-4e05-8678-9bfdfb976b9e: Completed INSTALL_SNAPSHOT, lastRequest: 48f00b5a-c605-41fe-901b-b25c0b7536a6->c9c8c7da-b2d5-4e05-8678-9bfdfb976b9e#0-t2,notify:(t:2, i:1)
2021-07-06 17:09:42,325 [pool-213-thread-1] INFO  ha.SCMSnapshotProvider (SCMSnapshotProvider.java:getSCMDBSnapshot(130)) - Successfully downloaded latest checkpoint from leader SCM: scmNode-1 path /home/runner/work/ozone/ozone/mnt/ozone/hadoop-ozone/integration-test/target/test-dir/MiniOzoneClusterImpl-f74e07ef-a4e5-4994-bf82-498fd787e76a/scmNode-3/snapshot/scm.db-scmNode-1-1625591382261
2021-07-06 17:09:42,325 [pool-213-thread-1] INFO  ha.SCMHAManagerImpl (SCMHAManagerImpl.java:downloadCheckpointFromLeader(158)) - Downloaded checkpoint from Leader scmNode-1 to the location /home/runner/work/ozone/ozone/mnt/ozone/hadoop-ozone/integration-test/target/test-dir/MiniOzoneClusterImpl-f74e07ef-a4e5-4994-bf82-498fd787e76a/scmNode-3/snapshot/scm.db-scmNode-1-1625591382261
2021-07-06 17:09:42,334 [grpc-default-executor-5] INFO  server.GrpcLogAppender (GrpcLogAppender.java:onNext(400)) - 48f00b5a-c605-41fe-901b-b25c0b7536a6@group-498FD787E76A->c9c8c7da-b2d5-4e05-8678-9bfdfb976b9e-InstallSnapshotResponseHandler: received a reply 48f00b5a-c605-41fe-901b-b25c0b7536a6<-c9c8c7da-b2d5-4e05-8678-9bfdfb976b9e#0:FAIL-t2,IN_PROGRESS
2021-07-06 17:09:42,334 [grpc-default-executor-5] INFO  server.GrpcLogAppender (GrpcLogAppender.java:onNext(417)) - 48f00b5a-c605-41fe-901b-b25c0b7536a6@group-498FD787E76A->c9c8c7da-b2d5-4e05-8678-9bfdfb976b9e-InstallSnapshotResponseHandler: InstallSnapshot in progress.
2021-07-06 17:09:42,335 [48f00b5a-c605-41fe-901b-b25c0b7536a6@group-498FD787E76A->c9c8c7da-b2d5-4e05-8678-9bfdfb976b9e-GrpcLogAppender-LogAppenderDaemon] INFO  server.GrpcLogAppender (GrpcLogAppender.java:installSnapshot(524)) - 48f00b5a-c605-41fe-901b-b25c0b7536a6@group-498FD787E76A->c9c8c7da-b2d5-4e05-8678-9bfdfb976b9e-GrpcLogAppender: followerNextIndex = 0 but logStartIndex = 1, notify follower to install snapshot-(t:2, i:1)
2021-07-06 17:09:42,335 [48f00b5a-c605-41fe-901b-b25c0b7536a6@group-498FD787E76A->c9c8c7da-b2d5-4e05-8678-9bfdfb976b9e-GrpcLogAppender-LogAppenderDaemon] INFO  server.GrpcLogAppender (GrpcLogAppender.java:installSnapshot(532)) - 48f00b5a-c605-41fe-901b-b25c0b7536a6@group-498FD787E76A->c9c8c7da-b2d5-4e05-8678-9bfdfb976b9e-GrpcLogAppender: send 48f00b5a-c605-41fe-901b-b25c0b7536a6->c9c8c7da-b2d5-4e05-8678-9bfdfb976b9e#0-t2,notify:(t:2, i:1)
2021-07-06 17:09:42,336 [grpc-default-executor-3] INFO  server.RaftServer$Division (RaftServerImpl.java:checkInconsistentAppendEntries(1292)) - c9c8c7da-b2d5-4e05-8678-9bfdfb976b9e@group-498FD787E76A: Failed appendEntries as snapshot ((t:2, i:1)) installation is in progress
2021-07-06 17:09:42,336 [grpc-default-executor-3] INFO  server.RaftServer$Division (RaftServerImpl.java:checkInconsistentAppendEntries(1284)) - c9c8c7da-b2d5-4e05-8678-9bfdfb976b9e@group-498FD787E76A: inconsistency entries. Reply:48f00b5a-c605-41fe-901b-b25c0b7536a6<-c9c8c7da-b2d5-4e05-8678-9bfdfb976b9e#8:FAIL-t2,INCONSISTENCY,nextIndex=0,followerCommit=-1
2021-07-06 17:09:42,337 [grpc-default-executor-3] INFO  leader.FollowerInfo (FollowerInfoImpl.java:lambda$new$0(46)) - 48f00b5a-c605-41fe-901b-b25c0b7536a6@group-498FD787E76A->c9c8c7da-b2d5-4e05-8678-9bfdfb976b9e: nextIndex: updateUnconditionally 0 -> 0
2021-07-06 17:09:42,339 [grpc-default-executor-5] INFO  server.RaftServer$Division (RaftServerImpl.java:installSnapshot(1328)) - c9c8c7da-b2d5-4e05-8678-9bfdfb976b9e@group-498FD787E76A: receive installSnapshot: 48f00b5a-c605-41fe-901b-b25c0b7536a6->c9c8c7da-b2d5-4e05-8678-9bfdfb976b9e#0-t2,notify:(t:2, i:1)
2021-07-06 17:09:42,339 [grpc-default-executor-5] INFO  server.RaftServer$Division (RaftServerImpl.java:notifyStateMachineToInstallSnapshot(1610)) - c9c8c7da-b2d5-4e05-8678-9bfdfb976b9e@group-498FD787E76A: Snapshot Installation by StateMachine is in progress.
2021-07-06 17:09:42,339 [grpc-default-executor-5] INFO  server.RaftServer$Division (RaftServerImpl.java:installSnapshotImpl(1458)) - c9c8c7da-b2d5-4e05-8678-9bfdfb976b9e@group-498FD787E76A: set new configuration index: 5
configurationEntry {
  peers {
    id: "48f00b5a-c605-41fe-901b-b25c0b7536a6"
    address: "localhost:15272"
  }
  peers {
    id: "9c66a5a1-6505-4feb-946f-7a4da78b4c7a"
    address: "localhost:15282"
  }
}
 from snapshot
2021-07-06 17:09:42,339 [grpc-default-executor-5] INFO  server.RaftServer$Division (ServerState.java:setRaftConf(373)) - c9c8c7da-b2d5-4e05-8678-9bfdfb976b9e@group-498FD787E76A: set configuration 5: [48f00b5a-c605-41fe-901b-b25c0b7536a6|rpc:localhost:15272|admin:|client:|dataStream:|priority:0, 9c66a5a1-6505-4feb-946f-7a4da78b4c7a|rpc:localhost:15282|admin:|client:|dataStream:|priority:0], old=null
2021-07-06 17:09:42,339 [grpc-default-executor-5] INFO  server.RaftServer$Division (RaftServerImpl.java:installSnapshot(1339)) - c9c8c7da-b2d5-4e05-8678-9bfdfb976b9e@group-498FD787E76A: reply installSnapshot: 48f00b5a-c605-41fe-901b-b25c0b7536a6<-c9c8c7da-b2d5-4e05-8678-9bfdfb976b9e#0:FAIL-t2,IN_PROGRESS
2021-07-06 17:09:42,339 [grpc-default-executor-5] INFO  server.GrpcServerProtocolService (GrpcServerProtocolService.java:onCompleted(140)) - c9c8c7da-b2d5-4e05-8678-9bfdfb976b9e: Completed INSTALL_SNAPSHOT, lastRequest: 48f00b5a-c605-41fe-901b-b25c0b7536a6->c9c8c7da-b2d5-4e05-8678-9bfdfb976b9e#0-t2,notify:(t:2, i:1)
2021-07-06 17:09:42,340 [grpc-default-executor-5] INFO  server.GrpcLogAppender (GrpcLogAppender.java:onNext(400)) - 48f00b5a-c605-41fe-901b-b25c0b7536a6@group-498FD787E76A->c9c8c7da-b2d5-4e05-8678-9bfdfb976b9e-InstallSnapshotResponseHandler: received a reply 48f00b5a-c605-41fe-901b-b25c0b7536a6<-c9c8c7da-b2d5-4e05-8678-9bfdfb976b9e#0:FAIL-t2,IN_PROGRESS
2021-07-06 17:09:42,340 [grpc-default-executor-5] INFO  server.GrpcLogAppender (GrpcLogAppender.java:onNext(417)) - 48f00b5a-c605-41fe-901b-b25c0b7536a6@group-498FD787E76A->c9c8c7da-b2d5-4e05-8678-9bfdfb976b9e-InstallSnapshotResponseHandler: InstallSnapshot in progress.
2021-07-06 17:09:42,341 [48f00b5a-c605-41fe-901b-b25c0b7536a6@group-498FD787E76A->c9c8c7da-b2d5-4e05-8678-9bfdfb976b9e-GrpcLogAppender-LogAppenderDaemon] INFO  server.GrpcLogAppender (GrpcLogAppender.java:installSnapshot(524)) - 48f00b5a-c605-41fe-901b-b25c0b7536a6@group-498FD787E76A->c9c8c7da-b2d5-4e05-8678-9bfdfb976b9e-GrpcLogAppender: followerNextIndex = 0 but logStartIndex = 1, notify follower to install snapshot-(t:2, i:1)
2021-07-06 17:09:42,341 [48f00b5a-c605-41fe-901b-b25c0b7536a6@group-498FD787E76A->c9c8c7da-b2d5-4e05-8678-9bfdfb976b9e-GrpcLogAppender-LogAppenderDaemon] INFO  server.GrpcLogAppender (GrpcLogAppender.java:installSnapshot(532)) - 48f00b5a-c605-41fe-901b-b25c0b7536a6@group-498FD787E76A->c9c8c7da-b2d5-4e05-8678-9bfdfb976b9e-GrpcLogAppender: send 48f00b5a-c605-41fe-901b-b25c0b7536a6->c9c8c7da-b2d5-4e05-8678-9bfdfb976b9e#0-t2,notify:(t:2, i:1)
2021-07-06 17:09:42,345 [grpc-default-executor-0] INFO  server.RaftServer$Division (RaftServerImpl.java:checkInconsistentAppendEntries(1292)) - c9c8c7da-b2d5-4e05-8678-9bfdfb976b9e@group-498FD787E76A: Failed appendEntries as snapshot ((t:2, i:1)) installation is in progress
2021-07-06 17:09:42,345 [grpc-default-executor-0] INFO  server.RaftServer$Division (RaftServerImpl.java:checkInconsistentAppendEntries(1284)) - c9c8c7da-b2d5-4e05-8678-9bfdfb976b9e@group-498FD787E76A: inconsistency entries. Reply:48f00b5a-c605-41fe-901b-b25c0b7536a6<-c9c8c7da-b2d5-4e05-8678-9bfdfb976b9e#9:FAIL-t2,INCONSISTENCY,nextIndex=0,followerCommit=-1
2021-07-06 17:09:42,346 [grpc-default-executor-0] INFO  leader.FollowerInfo (FollowerInfoImpl.java:lambda$new$0(46)) - 48f00b5a-c605-41fe-901b-b25c0b7536a6@group-498FD787E76A->c9c8c7da-b2d5-4e05-8678-9bfdfb976b9e: nextIndex: updateUnconditionally 0 -> 0
2021-07-06 17:09:42,346 [grpc-default-executor-3] INFO  server.RaftServer$Division (RaftServerImpl.java:installSnapshot(1328)) - c9c8c7da-b2d5-4e05-8678-9bfdfb976b9e@group-498FD787E76A: receive installSnapshot: 48f00b5a-c605-41fe-901b-b25c0b7536a6->c9c8c7da-b2d5-4e05-8678-9bfdfb976b9e#0-t2,notify:(t:2, i:1)
2021-07-06 17:09:42,346 [grpc-default-executor-3] INFO  server.RaftServer$Division (RaftServerImpl.java:notifyStateMachineToInstallSnapshot(1610)) - c9c8c7da-b2d5-4e05-8678-9bfdfb976b9e@group-498FD787E76A: Snapshot Installation by StateMachine is in progress.
2021-07-06 17:09:42,347 [grpc-default-executor-3] INFO  server.RaftServer$Division (RaftServerImpl.java:installSnapshotImpl(1458)) - c9c8c7da-b2d5-4e05-8678-9bfdfb976b9e@group-498FD787E76A: set new configuration index: 5
configurationEntry {
  peers {
    id: "48f00b5a-c605-41fe-901b-b25c0b7536a6"
    address: "localhost:15272"
  }
  peers {
    id: "9c66a5a1-6505-4feb-946f-7a4da78b4c7a"
    address: "localhost:15282"
  }
}
 from snapshot
2021-07-06 17:09:42,347 [grpc-default-executor-3] INFO  server.RaftServer$Division (ServerState.java:setRaftConf(373)) - c9c8c7da-b2d5-4e05-8678-9bfdfb976b9e@group-498FD787E76A: set configuration 5: [48f00b5a-c605-41fe-901b-b25c0b7536a6|rpc:localhost:15272|admin:|client:|dataStream:|priority:0, 9c66a5a1-6505-4feb-946f-7a4da78b4c7a|rpc:localhost:15282|admin:|client:|dataStream:|priority:0], old=null
2021-07-06 17:09:42,347 [grpc-default-executor-3] INFO  server.RaftServer$Division (RaftServerImpl.java:installSnapshot(1339)) - c9c8c7da-b2d5-4e05-8678-9bfdfb976b9e@group-498FD787E76A: reply installSnapshot: 48f00b5a-c605-41fe-901b-b25c0b7536a6<-c9c8c7da-b2d5-4e05-8678-9bfdfb976b9e#0:FAIL-t2,IN_PROGRESS
2021-07-06 17:09:42,347 [grpc-default-executor-3] INFO  server.GrpcServerProtocolService (GrpcServerProtocolService.java:onCompleted(140)) - c9c8c7da-b2d5-4e05-8678-9bfdfb976b9e: Completed INSTALL_SNAPSHOT, lastRequest: 48f00b5a-c605-41fe-901b-b25c0b7536a6->c9c8c7da-b2d5-4e05-8678-9bfdfb976b9e#0-t2,notify:(t:2, i:1)
2021-07-06 17:09:42,348 [grpc-default-executor-0] INFO  server.GrpcLogAppender (GrpcLogAppender.java:onNext(400)) - 48f00b5a-c605-41fe-901b-b25c0b7536a6@group-498FD787E76A->c9c8c7da-b2d5-4e05-8678-9bfdfb976b9e-InstallSnapshotResponseHandler: received a reply 48f00b5a-c605-41fe-901b-b25c0b7536a6<-c9c8c7da-b2d5-4e05-8678-9bfdfb976b9e#0:FAIL-t2,IN_PROGRESS
2021-07-06 17:09:42,348 [grpc-default-executor-0] INFO  server.GrpcLogAppender (GrpcLogAppender.java:onNext(417)) - 48f00b5a-c605-41fe-901b-b25c0b7536a6@group-498FD787E76A->c9c8c7da-b2d5-4e05-8678-9bfdfb976b9e-InstallSnapshotResponseHandler: InstallSnapshot in progress.
2021-07-06 17:09:42,349 [48f00b5a-c605-41fe-901b-b25c0b7536a6@group-498FD787E76A->c9c8c7da-b2d5-4e05-8678-9bfdfb976b9e-GrpcLogAppender-LogAppenderDaemon] INFO  server.GrpcLogAppender (GrpcLogAppender.java:installSnapshot(524)) - 48f00b5a-c605-41fe-901b-b25c0b7536a6@group-498FD787E76A->c9c8c7da-b2d5-4e05-8678-9bfdfb976b9e-GrpcLogAppender: followerNextIndex = 0 but logStartIndex = 1, notify follower to install snapshot-(t:2, i:1)
2021-07-06 17:09:42,349 [48f00b5a-c605-41fe-901b-b25c0b7536a6@group-498FD787E76A->c9c8c7da-b2d5-4e05-8678-9bfdfb976b9e-GrpcLogAppender-LogAppenderDaemon] INFO  server.GrpcLogAppender (GrpcLogAppender.java:installSnapshot(532)) - 48f00b5a-c605-41fe-901b-b25c0b7536a6@group-498FD787E76A->c9c8c7da-b2d5-4e05-8678-9bfdfb976b9e-GrpcLogAppender: send 48f00b5a-c605-41fe-901b-b25c0b7536a6->c9c8c7da-b2d5-4e05-8678-9bfdfb976b9e#0-t2,notify:(t:2, i:1)
2021-07-06 17:09:42,350 [grpc-default-executor-3] INFO  server.RaftServer$Division (RaftServerImpl.java:checkInconsistentAppendEntries(1292)) - c9c8c7da-b2d5-4e05-8678-9bfdfb976b9e@group-498FD787E76A: Failed appendEntries as snapshot ((t:2, i:1)) installation is in progress
2021-07-06 17:09:42,350 [grpc-default-executor-3] INFO  server.RaftServer$Division (RaftServerImpl.java:checkInconsistentAppendEntries(1284)) - c9c8c7da-b2d5-4e05-8678-9bfdfb976b9e@group-498FD787E76A: inconsistency entries. Reply:48f00b5a-c605-41fe-901b-b25c0b7536a6<-c9c8c7da-b2d5-4e05-8678-9bfdfb976b9e#10:FAIL-t2,INCONSISTENCY,nextIndex=0,followerCommit=-1
2021-07-06 17:09:42,351 [grpc-default-executor-5] INFO  leader.FollowerInfo (FollowerInfoImpl.java:lambda$new$0(46)) - 48f00b5a-c605-41fe-901b-b25c0b7536a6@group-498FD787E76A->c9c8c7da-b2d5-4e05-8678-9bfdfb976b9e: nextIndex: updateUnconditionally 0 -> 0
2021-07-06 17:09:42,353 [grpc-default-executor-0] INFO  server.RaftServer$Division (RaftServerImpl.java:installSnapshot(1328)) - c9c8c7da-b2d5-4e05-8678-9bfdfb976b9e@group-498FD787E76A: receive installSnapshot: 48f00b5a-c605-41fe-901b-b25c0b7536a6->c9c8c7da-b2d5-4e05-8678-9bfdfb976b9e#0-t2,notify:(t:2, i:1)
2021-07-06 17:09:42,353 [grpc-default-executor-0] INFO  server.RaftServer$Division (RaftServerImpl.java:notifyStateMachineToInstallSnapshot(1610)) - c9c8c7da-b2d5-4e05-8678-9bfdfb976b9e@group-498FD787E76A: Snapshot Installation by StateMachine is in progress.
2021-07-06 17:09:42,353 [grpc-default-executor-0] INFO  server.RaftServer$Division (RaftServerImpl.java:installSnapshotImpl(1458)) - c9c8c7da-b2d5-4e05-8678-9bfdfb976b9e@group-498FD787E76A: set new configuration index: 5
configurationEntry {
  peers {
    id: "48f00b5a-c605-41fe-901b-b25c0b7536a6"
    address: "localhost:15272"
  }
  peers {
    id: "9c66a5a1-6505-4feb-946f-7a4da78b4c7a"
    address: "localhost:15282"
  }
}
 from snapshot
2021-07-06 17:09:42,354 [grpc-default-executor-0] INFO  server.RaftServer$Division (ServerState.java:setRaftConf(373)) - c9c8c7da-b2d5-4e05-8678-9bfdfb976b9e@group-498FD787E76A: set configuration 5: [48f00b5a-c605-41fe-901b-b25c0b7536a6|rpc:localhost:15272|admin:|client:|dataStream:|priority:0, 9c66a5a1-6505-4feb-946f-7a4da78b4c7a|rpc:localhost:15282|admin:|client:|dataStream:|priority:0], old=null
2021-07-06 17:09:42,354 [grpc-default-executor-0] INFO  server.RaftServer$Division (RaftServerImpl.java:installSnapshot(1339)) - c9c8c7da-b2d5-4e05-8678-9bfdfb976b9e@group-498FD787E76A: reply installSnapshot: 48f00b5a-c605-41fe-901b-b25c0b7536a6<-c9c8c7da-b2d5-4e05-8678-9bfdfb976b9e#0:FAIL-t2,IN_PROGRESS
2021-07-06 17:09:42,354 [grpc-default-executor-0] INFO  server.GrpcServerProtocolService (GrpcServerProtocolService.java:onCompleted(140)) - c9c8c7da-b2d5-4e05-8678-9bfdfb976b9e: Completed INSTALL_SNAPSHOT, lastRequest: 48f00b5a-c605-41fe-901b-b25c0b7536a6->c9c8c7da-b2d5-4e05-8678-9bfdfb976b9e#0-t2,notify:(t:2, i:1)
2021-07-06 17:09:42,354 [grpc-default-executor-5] INFO  server.GrpcLogAppender (GrpcLogAppender.java:onNext(400)) - 48f00b5a-c605-41fe-901b-b25c0b7536a6@group-498FD787E76A->c9c8c7da-b2d5-4e05-8678-9bfdfb976b9e-InstallSnapshotResponseHandler: received a reply 48f00b5a-c605-41fe-901b-b25c0b7536a6<-c9c8c7da-b2d5-4e05-8678-9bfdfb976b9e#0:FAIL-t2,IN_PROGRESS
2021-07-06 17:09:42,354 [grpc-default-executor-5] INFO  server.GrpcLogAppender (GrpcLogAppender.java:onNext(417)) - 48f00b5a-c605-41fe-901b-b25c0b7536a6@group-498FD787E76A->c9c8c7da-b2d5-4e05-8678-9bfdfb976b9e-InstallSnapshotResponseHandler: InstallSnapshot in progress.
2021-07-06 17:09:42,359 [48f00b5a-c605-41fe-901b-b25c0b7536a6@group-498FD787E76A->c9c8c7da-b2d5-4e05-8678-9bfdfb976b9e-GrpcLogAppender-LogAppenderDaemon] INFO  server.GrpcLogAppender (GrpcLogAppender.java:installSnapshot(524)) - 48f00b5a-c605-41fe-901b-b25c0b7536a6@group-498FD787E76A->c9c8c7da-b2d5-4e05-8678-9bfdfb976b9e-GrpcLogAppender: followerNextIndex = 0 but logStartIndex = 1, notify follower to install snapshot-(t:2, i:1)
2021-07-06 17:09:42,359 [48f00b5a-c605-41fe-901b-b25c0b7536a6@group-498FD787E76A->c9c8c7da-b2d5-4e05-8678-9bfdfb976b9e-GrpcLogAppender-LogAppenderDaemon] INFO  server.GrpcLogAppender (GrpcLogAppender.java:installSnapshot(532)) - 48f00b5a-c605-41fe-901b-b25c0b7536a6@group-498FD787E76A->c9c8c7da-b2d5-4e05-8678-9bfdfb976b9e-GrpcLogAppender: send 48f00b5a-c605-41fe-901b-b25c0b7536a6->c9c8c7da-b2d5-4e05-8678-9bfdfb976b9e#0-t2,notify:(t:2, i:1)
2021-07-06 17:09:42,359 [grpc-default-executor-5] INFO  server.RaftServer$Division (RaftServerImpl.java:checkInconsistentAppendEntries(1292)) - c9c8c7da-b2d5-4e05-8678-9bfdfb976b9e@group-498FD787E76A: Failed appendEntries as snapshot ((t:2, i:1)) installation is in progress
2021-07-06 17:09:42,359 [grpc-default-executor-5] INFO  server.RaftServer$Division (RaftServerImpl.java:checkInconsistentAppendEntries(1284)) - c9c8c7da-b2d5-4e05-8678-9bfdfb976b9e@group-498FD787E76A: inconsistency entries. Reply:48f00b5a-c605-41fe-901b-b25c0b7536a6<-c9c8c7da-b2d5-4e05-8678-9bfdfb976b9e#11:FAIL-t2,INCONSISTENCY,nextIndex=0,followerCommit=-1
2021-07-06 17:09:42,360 [grpc-default-executor-3] INFO  server.RaftServer$Division (RaftServerImpl.java:installSnapshot(1328)) - c9c8c7da-b2d5-4e05-8678-9bfdfb976b9e@group-498FD787E76A: receive installSnapshot: 48f00b5a-c605-41fe-901b-b25c0b7536a6->c9c8c7da-b2d5-4e05-8678-9bfdfb976b9e#0-t2,notify:(t:2, i:1)
2021-07-06 17:09:42,360 [grpc-default-executor-3] INFO  server.RaftServer$Division (RaftServerImpl.java:notifyStateMachineToInstallSnapshot(1610)) - c9c8c7da-b2d5-4e05-8678-9bfdfb976b9e@group-498FD787E76A: Snapshot Installation by StateMachine is in progress.
2021-07-06 17:09:42,360 [grpc-default-executor-5] INFO  leader.FollowerInfo (FollowerInfoImpl.java:lambda$new$0(46)) - 48f00b5a-c605-41fe-901b-b25c0b7536a6@group-498FD787E76A->c9c8c7da-b2d5-4e05-8678-9bfdfb976b9e: nextIndex: updateUnconditionally 0 -> 0
2021-07-06 17:09:42,360 [grpc-default-executor-3] INFO  server.RaftServer$Division (RaftServerImpl.java:installSnapshotImpl(1458)) - c9c8c7da-b2d5-4e05-8678-9bfdfb976b9e@group-498FD787E76A: set new configuration index: 5
configurationEntry {
  peers {
    id: "48f00b5a-c605-41fe-901b-b25c0b7536a6"
    address: "localhost:15272"
  }
  peers {
    id: "9c66a5a1-6505-4feb-946f-7a4da78b4c7a"
    address: "localhost:15282"
  }
}
 from snapshot
2021-07-06 17:09:42,361 [grpc-default-executor-3] INFO  server.RaftServer$Division (ServerState.java:setRaftConf(373)) - c9c8c7da-b2d5-4e05-8678-9bfdfb976b9e@group-498FD787E76A: set configuration 5: [48f00b5a-c605-41fe-901b-b25c0b7536a6|rpc:localhost:15272|admin:|client:|dataStream:|priority:0, 9c66a5a1-6505-4feb-946f-7a4da78b4c7a|rpc:localhost:15282|admin:|client:|dataStream:|priority:0], old=null
2021-07-06 17:09:42,361 [grpc-default-executor-3] INFO  server.RaftServer$Division (RaftServerImpl.java:installSnapshot(1339)) - c9c8c7da-b2d5-4e05-8678-9bfdfb976b9e@group-498FD787E76A: reply installSnapshot: 48f00b5a-c605-41fe-901b-b25c0b7536a6<-c9c8c7da-b2d5-4e05-8678-9bfdfb976b9e#0:FAIL-t2,IN_PROGRESS
2021-07-06 17:09:42,361 [grpc-default-executor-3] INFO  server.GrpcServerProtocolService (GrpcServerProtocolService.java:onCompleted(140)) - c9c8c7da-b2d5-4e05-8678-9bfdfb976b9e: Completed INSTALL_SNAPSHOT, lastRequest: 48f00b5a-c605-41fe-901b-b25c0b7536a6->c9c8c7da-b2d5-4e05-8678-9bfdfb976b9e#0-t2,notify:(t:2, i:1)
2021-07-06 17:09:42,362 [grpc-default-executor-5] INFO  server.GrpcLogAppender (GrpcLogAppender.java:onNext(400)) - 48f00b5a-c605-41fe-901b-b25c0b7536a6@group-498FD787E76A->c9c8c7da-b2d5-4e05-8678-9bfdfb976b9e-InstallSnapshotResponseHandler: received a reply 48f00b5a-c605-41fe-901b-b25c0b7536a6<-c9c8c7da-b2d5-4e05-8678-9bfdfb976b9e#0:FAIL-t2,IN_PROGRESS
2021-07-06 17:09:42,362 [grpc-default-executor-5] INFO  server.GrpcLogAppender (GrpcLogAppender.java:onNext(417)) - 48f00b5a-c605-41fe-901b-b25c0b7536a6@group-498FD787E76A->c9c8c7da-b2d5-4e05-8678-9bfdfb976b9e-InstallSnapshotResponseHandler: InstallSnapshot in progress.
2021-07-06 17:09:42,363 [pool-213-thread-1] INFO  ha.SCMHAManagerImpl (SCMHAManagerImpl.java:verifyCheckpointFromLeader(172)) - Installing checkpoint with SCMTransactionInfo 2#24
2021-07-06 17:09:42,363 [pool-213-thread-1] INFO  server.RaftServer$Division (RaftServerImpl.java:lambda$notifyStateMachineToInstallSnapshot$30(1593)) - c9c8c7da-b2d5-4e05-8678-9bfdfb976b9e@group-498FD787E76A: StateMachine successfully installed snapshot index 24. Reloading the StateMachine.
2021-07-06 17:09:42,363 [pool-213-thread-1] INFO  segmented.SegmentedRaftLogWorker (SegmentedRaftLogWorker.java:lambda$new$0(133)) - c9c8c7da-b2d5-4e05-8678-9bfdfb976b9e@group-498FD787E76A-SegmentedRaftLogWorker: flushIndex: setUnconditionally -1 -> 24
2021-07-06 17:09:42,363 [pool-213-thread-1] INFO  segmented.SegmentedRaftLogWorker (SegmentedRaftLogWorker.java:lambda$new$0(133)) - c9c8c7da-b2d5-4e05-8678-9bfdfb976b9e@group-498FD787E76A-SegmentedRaftLogWorker: safeCacheEvictIndex: setUnconditionally -1 -> 24
2021-07-06 17:09:42,363 [pool-213-thread-1] INFO  raftlog.RaftLog (RaftLogBase.java:lambda$new$0(53)) - c9c8c7da-b2d5-4e05-8678-9bfdfb976b9e@group-498FD787E76A-SegmentedRaftLog: snapshotIndex: updateIncreasingly -1 -> 24
2021-07-06 17:09:42,368 [48f00b5a-c605-41fe-901b-b25c0b7536a6@group-498FD787E76A->c9c8c7da-b2d5-4e05-8678-9bfdfb976b9e-GrpcLogAppender-LogAppenderDaemon] INFO  server.GrpcLogAppender (GrpcLogAppender.java:installSnapshot(524)) - 48f00b5a-c605-41fe-901b-b25c0b7536a6@group-498FD787E76A->c9c8c7da-b2d5-4e05-8678-9bfdfb976b9e-GrpcLogAppender: followerNextIndex = 0 but logStartIndex = 1, notify follower to install snapshot-(t:2, i:1)
2021-07-06 17:09:42,368 [48f00b5a-c605-41fe-901b-b25c0b7536a6@group-498FD787E76A->c9c8c7da-b2d5-4e05-8678-9bfdfb976b9e-GrpcLogAppender-LogAppenderDaemon] INFO  server.GrpcLogAppender (GrpcLogAppender.java:installSnapshot(532)) - 48f00b5a-c605-41fe-901b-b25c0b7536a6@group-498FD787E76A->c9c8c7da-b2d5-4e05-8678-9bfdfb976b9e-GrpcLogAppender: send 48f00b5a-c605-41fe-901b-b25c0b7536a6->c9c8c7da-b2d5-4e05-8678-9bfdfb976b9e#0-t2,notify:(t:2, i:1)
2021-07-06 17:09:42,373 [grpc-default-executor-3] INFO  server.RaftServer$Division (RaftServerImpl.java:installSnapshot(1328)) - c9c8c7da-b2d5-4e05-8678-9bfdfb976b9e@group-498FD787E76A: receive installSnapshot: 48f00b5a-c605-41fe-901b-b25c0b7536a6->c9c8c7da-b2d5-4e05-8678-9bfdfb976b9e#0-t2,notify:(t:2, i:1)
2021-07-06 17:09:42,373 [grpc-default-executor-3] INFO  server.RaftServer$Division (RaftServerImpl.java:notifyStateMachineToInstallSnapshot(1559)) - c9c8c7da-b2d5-4e05-8678-9bfdfb976b9e@group-498FD787E76A: StateMachine snapshotIndex is 24
2021-07-06 17:09:42,374 [grpc-default-executor-3] INFO  server.RaftServer$Division (RaftServerImpl.java:installSnapshotImpl(1458)) - c9c8c7da-b2d5-4e05-8678-9bfdfb976b9e@group-498FD787E76A: set new configuration index: 5
configurationEntry {
  peers {
    id: "48f00b5a-c605-41fe-901b-b25c0b7536a6"
    address: "localhost:15272"
  }
  peers {
    id: "9c66a5a1-6505-4feb-946f-7a4da78b4c7a"
    address: "localhost:15282"
  }
}
 from snapshot
2021-07-06 17:09:42,374 [grpc-default-executor-3] INFO  server.RaftServer$Division (ServerState.java:setRaftConf(373)) - c9c8c7da-b2d5-4e05-8678-9bfdfb976b9e@group-498FD787E76A: set configuration 5: [48f00b5a-c605-41fe-901b-b25c0b7536a6|rpc:localhost:15272|admin:|client:|dataStream:|priority:0, 9c66a5a1-6505-4feb-946f-7a4da78b4c7a|rpc:localhost:15282|admin:|client:|dataStream:|priority:0], old=null
2021-07-06 17:09:42,374 [grpc-default-executor-3] INFO  server.RaftServer$Division (RaftServerImpl.java:installSnapshot(1339)) - c9c8c7da-b2d5-4e05-8678-9bfdfb976b9e@group-498FD787E76A: reply installSnapshot: 48f00b5a-c605-41fe-901b-b25c0b7536a6<-c9c8c7da-b2d5-4e05-8678-9bfdfb976b9e#0:FAIL-t2,ALREADY_INSTALLED,snapshotIndex=24
2021-07-06 17:09:42,374 [grpc-default-executor-3] INFO  server.GrpcServerProtocolService (GrpcServerProtocolService.java:onCompleted(140)) - c9c8c7da-b2d5-4e05-8678-9bfdfb976b9e: Completed INSTALL_SNAPSHOT, lastRequest: 48f00b5a-c605-41fe-901b-b25c0b7536a6->c9c8c7da-b2d5-4e05-8678-9bfdfb976b9e#0-t2,notify:(t:2, i:1)
2021-07-06 17:09:42,375 [grpc-default-executor-0] INFO  server.GrpcLogAppender (GrpcLogAppender.java:onNext(400)) - 48f00b5a-c605-41fe-901b-b25c0b7536a6@group-498FD787E76A->c9c8c7da-b2d5-4e05-8678-9bfdfb976b9e-InstallSnapshotResponseHandler: received a reply 48f00b5a-c605-41fe-901b-b25c0b7536a6<-c9c8c7da-b2d5-4e05-8678-9bfdfb976b9e#0:FAIL-t2,ALREADY_INSTALLED,snapshotIndex=24
2021-07-06 17:09:42,375 [grpc-default-executor-0] INFO  server.GrpcLogAppender (GrpcLogAppender.java:onNext(422)) - 48f00b5a-c605-41fe-901b-b25c0b7536a6@group-498FD787E76A->c9c8c7da-b2d5-4e05-8678-9bfdfb976b9e-InstallSnapshotResponseHandler: Already Installed Snapshot Index 24.
2021-07-06 17:09:42,375 [grpc-default-executor-0] INFO  leader.FollowerInfo (FollowerInfoImpl.java:lambda$new$0(46)) - 48f00b5a-c605-41fe-901b-b25c0b7536a6@group-498FD787E76A->c9c8c7da-b2d5-4e05-8678-9bfdfb976b9e: snapshotIndex: setUnconditionally 0 -> 24
2021-07-06 17:09:42,375 [grpc-default-executor-0] INFO  leader.FollowerInfo (FollowerInfoImpl.java:lambda$new$0(46)) - 48f00b5a-c605-41fe-901b-b25c0b7536a6@group-498FD787E76A->c9c8c7da-b2d5-4e05-8678-9bfdfb976b9e: matchIndex: setUnconditionally 0 -> 24
2021-07-06 17:09:42,375 [grpc-default-executor-0] INFO  leader.FollowerInfo (FollowerInfoImpl.java:lambda$new$0(46)) - 48f00b5a-c605-41fe-901b-b25c0b7536a6@group-498FD787E76A->c9c8c7da-b2d5-4e05-8678-9bfdfb976b9e: nextIndex: setUnconditionally 0 -> 25
2021-07-06 17:09:42,375 [grpc-default-executor-0] INFO  leader.FollowerInfo (FollowerInfoImpl.java:lambda$new$0(46)) - 48f00b5a-c605-41fe-901b-b25c0b7536a6@group-498FD787E76A->c9c8c7da-b2d5-4e05-8678-9bfdfb976b9e: nextIndex: updateToMax old=25, new=25, updated? false
2021-07-06 17:09:42,398 [c9c8c7da-b2d5-4e05-8678-9bfdfb976b9e@group-498FD787E76A-StateMachineUpdater] INFO  ha.SCMHAManagerImpl (SCMHAManagerImpl.java:installCheckpoint(227)) - Installing checkpoint with SCMTransactionInfo 2#24
2021-07-06 17:09:42,399 [c9c8c7da-b2d5-4e05-8678-9bfdfb976b9e@group-498FD787E76A-StateMachineUpdater] INFO  ha.SCMHAManagerImpl (SCMHAManagerImpl.java:installCheckpoint(266)) - Replaced DB with checkpoint, term: 2, index: 24
2021-07-06 17:09:42,399 [c9c8c7da-b2d5-4e05-8678-9bfdfb976b9e@group-498FD787E76A-StateMachineUpdater] WARN  utils.HAUtils (HAUtils.java:getMetaDir(342)) - ozone.scm.db.dirs is not configured. We recommend adding this setting. Falling back to ozone.metadata.dirs instead.
2021-07-06 17:09:42,400 [c9c8c7da-b2d5-4e05-8678-9bfdfb976b9e@group-498FD787E76A-StateMachineUpdater] WARN  db.DBStoreBuilder (DBStoreBuilder.java:applyDBDefinition(145)) - ozone.scm.db.dirs is not configured. We recommend adding this setting. Falling back to ozone.metadata.dirs instead.
2021-07-06 17:09:42,418 [c9c8c7da-b2d5-4e05-8678-9bfdfb976b9e@group-498FD787E76A-StateMachineUpdater] INFO  ha.SequenceIdGenerator (SequenceIdGenerator.java:reinitialize(165)) - reinitialize SequenceIdGenerator.
2021-07-06 17:09:42,419 [c9c8c7da-b2d5-4e05-8678-9bfdfb976b9e@group-498FD787E76A-StateMachineUpdater] INFO  ha.SCMHAManagerImpl (SCMHAManagerImpl.java:installCheckpoint(277)) - Reloaded SCM state with Term: 2 and Index: 24
2021-07-06 17:09:42,419 [c9c8c7da-b2d5-4e05-8678-9bfdfb976b9e@group-498FD787E76A-StateMachineUpdater] INFO  impl.StateMachineUpdater (StateMachineUpdater.java:lambda$new$0(89)) - c9c8c7da-b2d5-4e05-8678-9bfdfb976b9e@group-498FD787E76A-StateMachineUpdater: snapshotIndex: setUnconditionally -1 -> 24
2021-07-06 17:09:42,419 [c9c8c7da-b2d5-4e05-8678-9bfdfb976b9e@group-498FD787E76A-StateMachineUpdater] INFO  impl.StateMachineUpdater (StateMachineUpdater.java:lambda$new$0(89)) - c9c8c7da-b2d5-4e05-8678-9bfdfb976b9e@group-498FD787E76A-StateMachineUpdater: appliedIndex: setUnconditionally -1 -> 24
2021-07-06 17:09:42,496 [EndpointStateMachine task thread for /127.0.0.1:15657 - 0 ] INFO  ipc.Client (Client.java:handleConnectionFailure(966)) - Retrying connect to server: localhost/127.0.0.1:15657. Already tried 6 time(s); retry policy is RetryUpToMaximumCountWithFixedSleep(maxRetries=15, sleepTime=1000 MILLISECONDS)
2021-07-06 17:09:42,497 [EndpointStateMachine task thread for /127.0.0.1:15677 - 0 ] INFO  ipc.Client (Client.java:handleConnectionFailure(966)) - Retrying connect to server: localhost/127.0.0.1:15677. Already tried 6 time(s); retry policy is RetryUpToMaximumCountWithFixedSleep(maxRetries=15, sleepTime=1000 MILLISECONDS)
2021-07-06 17:09:42,503 [EndpointStateMachine task thread for /127.0.0.1:15667 - 0 ] INFO  ipc.Client (Client.java:handleConnectionFailure(966)) - Retrying connect to server: localhost/127.0.0.1:15667. Already tried 6 time(s); retry policy is RetryUpToMaximumCountWithFixedSleep(maxRetries=15, sleepTime=1000 MILLISECONDS)
2021-07-06 17:09:43,497 [EndpointStateMachine task thread for /127.0.0.1:15657 - 0 ] INFO  ipc.Client (Client.java:handleConnectionFailure(966)) - Retrying connect to server: localhost/127.0.0.1:15657. Already tried 7 time(s); retry policy is RetryUpToMaximumCountWithFixedSleep(maxRetries=15, sleepTime=1000 MILLISECONDS)
2021-07-06 17:09:43,497 [EndpointStateMachine task thread for /127.0.0.1:15677 - 0 ] INFO  ipc.Client (Client.java:handleConnectionFailure(966)) - Retrying connect to server: localhost/127.0.0.1:15677. Already tried 7 time(s); retry policy is RetryUpToMaximumCountWithFixedSleep(maxRetries=15, sleepTime=1000 MILLISECONDS)
2021-07-06 17:09:43,503 [EndpointStateMachine task thread for /127.0.0.1:15667 - 0 ] INFO  ipc.Client (Client.java:handleConnectionFailure(966)) - Retrying connect to server: localhost/127.0.0.1:15667. Already tried 7 time(s); retry policy is RetryUpToMaximumCountWithFixedSleep(maxRetries=15, sleepTime=1000 MILLISECONDS)
2021-07-06 17:09:44,498 [EndpointStateMachine task thread for /127.0.0.1:15657 - 0 ] INFO  ipc.Client (Client.java:handleConnectionFailure(966)) - Retrying connect to server: localhost/127.0.0.1:15657. Already tried 8 time(s); retry policy is RetryUpToMaximumCountWithFixedSleep(maxRetries=15, sleepTime=1000 MILLISECONDS)
2021-07-06 17:09:44,498 [EndpointStateMachine task thread for /127.0.0.1:15677 - 0 ] INFO  ipc.Client (Client.java:handleConnectionFailure(966)) - Retrying connect to server: localhost/127.0.0.1:15677. Already tried 8 time(s); retry policy is RetryUpToMaximumCountWithFixedSleep(maxRetries=15, sleepTime=1000 MILLISECONDS)
2021-07-06 17:09:44,504 [EndpointStateMachine task thread for /127.0.0.1:15667 - 0 ] INFO  ipc.Client (Client.java:handleConnectionFailure(966)) - Retrying connect to server: localhost/127.0.0.1:15667. Already tried 8 time(s); retry policy is RetryUpToMaximumCountWithFixedSleep(maxRetries=15, sleepTime=1000 MILLISECONDS)
2021-07-06 17:09:45,030 [Datanode State Machine Thread - 0] ERROR datanode.RunningDatanodeState (RunningDatanodeState.java:computeNextContainerState(199)) - Error in executing end point task.
java.util.concurrent.ExecutionException: java.util.concurrent.TimeoutException
	at java.util.concurrent.FutureTask.report(FutureTask.java:122)
	at java.util.concurrent.FutureTask.get(FutureTask.java:192)
	at org.apache.hadoop.ozone.container.common.states.datanode.RunningDatanodeState.computeNextContainerState(RunningDatanodeState.java:191)
	at org.apache.hadoop.ozone.container.common.states.datanode.RunningDatanodeState.await(RunningDatanodeState.java:231)
	at org.apache.hadoop.ozone.container.common.states.datanode.RunningDatanodeState.await(RunningDatanodeState.java:50)
	at org.apache.hadoop.ozone.container.common.statemachine.StateContext.execute(StateContext.java:629)
	at org.apache.hadoop.ozone.container.common.statemachine.DatanodeStateMachine.start(DatanodeStateMachine.java:244)
	at org.apache.hadoop.ozone.container.common.statemachine.DatanodeStateMachine.lambda$startDaemon$0(DatanodeStateMachine.java:429)
	at java.lang.Thread.run(Thread.java:748)
Caused by: java.util.concurrent.TimeoutException
	at java.util.concurrent.FutureTask.get(FutureTask.java:205)
	at org.apache.hadoop.ozone.container.common.states.datanode.RunningDatanodeState.lambda$execute$0(RunningDatanodeState.java:149)
	at java.util.concurrent.FutureTask.run(FutureTask.java:266)
	at java.util.concurrent.Executors$RunnableAdapter.call(Executors.java:511)
	at java.util.concurrent.FutureTask.run(FutureTask.java:266)
	at java.util.concurrent.ThreadPoolExecutor.runWorker(ThreadPoolExecutor.java:1149)
	at java.util.concurrent.ThreadPoolExecutor$Worker.run(ThreadPoolExecutor.java:624)
	... 1 more
2021-07-06 17:09:45,232 [Datanode State Machine Thread - 0] ERROR datanode.RunningDatanodeState (RunningDatanodeState.java:computeNextContainerState(199)) - Error in executing end point task.
java.util.concurrent.ExecutionException: java.util.concurrent.TimeoutException
	at java.util.concurrent.FutureTask.report(FutureTask.java:122)
	at java.util.concurrent.FutureTask.get(FutureTask.java:192)
	at org.apache.hadoop.ozone.container.common.states.datanode.RunningDatanodeState.computeNextContainerState(RunningDatanodeState.java:191)
	at org.apache.hadoop.ozone.container.common.states.datanode.RunningDatanodeState.await(RunningDatanodeState.java:231)
	at org.apache.hadoop.ozone.container.common.states.datanode.RunningDatanodeState.await(RunningDatanodeState.java:50)
	at org.apache.hadoop.ozone.container.common.statemachine.StateContext.execute(StateContext.java:629)
	at org.apache.hadoop.ozone.container.common.statemachine.DatanodeStateMachine.start(DatanodeStateMachine.java:244)
	at org.apache.hadoop.ozone.container.common.statemachine.DatanodeStateMachine.lambda$startDaemon$0(DatanodeStateMachine.java:429)
	at java.lang.Thread.run(Thread.java:748)
Caused by: java.util.concurrent.TimeoutException
	at java.util.concurrent.FutureTask.get(FutureTask.java:205)
	at org.apache.hadoop.ozone.container.common.states.datanode.RunningDatanodeState.lambda$execute$0(RunningDatanodeState.java:149)
	at java.util.concurrent.FutureTask.run(FutureTask.java:266)
	at java.util.concurrent.Executors$RunnableAdapter.call(Executors.java:511)
	at java.util.concurrent.FutureTask.run(FutureTask.java:266)
	at java.util.concurrent.ThreadPoolExecutor.runWorker(ThreadPoolExecutor.java:1149)
	at java.util.concurrent.ThreadPoolExecutor$Worker.run(ThreadPoolExecutor.java:624)
	... 1 more
2021-07-06 17:09:45,499 [EndpointStateMachine task thread for /127.0.0.1:15657 - 0 ] INFO  ipc.Client (Client.java:handleConnectionFailure(966)) - Retrying connect to server: localhost/127.0.0.1:15657. Already tried 9 time(s); retry policy is RetryUpToMaximumCountWithFixedSleep(maxRetries=15, sleepTime=1000 MILLISECONDS)
2021-07-06 17:09:45,499 [EndpointStateMachine task thread for /127.0.0.1:15677 - 0 ] INFO  ipc.Client (Client.java:handleConnectionFailure(966)) - Retrying connect to server: localhost/127.0.0.1:15677. Already tried 9 time(s); retry policy is RetryUpToMaximumCountWithFixedSleep(maxRetries=15, sleepTime=1000 MILLISECONDS)
2021-07-06 17:09:45,504 [EndpointStateMachine task thread for /127.0.0.1:15667 - 0 ] INFO  ipc.Client (Client.java:handleConnectionFailure(966)) - Retrying connect to server: localhost/127.0.0.1:15667. Already tried 9 time(s); retry policy is RetryUpToMaximumCountWithFixedSleep(maxRetries=15, sleepTime=1000 MILLISECONDS)
2021-07-06 17:09:46,033 [Datanode State Machine Thread - 0] ERROR datanode.RunningDatanodeState (RunningDatanodeState.java:computeNextContainerState(199)) - Error in executing end point task.
java.util.concurrent.ExecutionException: java.util.concurrent.TimeoutException
	at java.util.concurrent.FutureTask.report(FutureTask.java:122)
	at java.util.concurrent.FutureTask.get(FutureTask.java:192)
	at org.apache.hadoop.ozone.container.common.states.datanode.RunningDatanodeState.computeNextContainerState(RunningDatanodeState.java:191)
	at org.apache.hadoop.ozone.container.common.states.datanode.RunningDatanodeState.await(RunningDatanodeState.java:231)
	at org.apache.hadoop.ozone.container.common.states.datanode.RunningDatanodeState.await(RunningDatanodeState.java:50)
	at org.apache.hadoop.ozone.container.common.statemachine.StateContext.execute(StateContext.java:629)
	at org.apache.hadoop.ozone.container.common.statemachine.DatanodeStateMachine.start(DatanodeStateMachine.java:244)
	at org.apache.hadoop.ozone.container.common.statemachine.DatanodeStateMachine.lambda$startDaemon$0(DatanodeStateMachine.java:429)
	at java.lang.Thread.run(Thread.java:748)
Caused by: java.util.concurrent.TimeoutException
	at java.util.concurrent.FutureTask.get(FutureTask.java:205)
	at org.apache.hadoop.ozone.container.common.states.datanode.RunningDatanodeState.lambda$execute$0(RunningDatanodeState.java:149)
	at java.util.concurrent.FutureTask.run(FutureTask.java:266)
	at java.util.concurrent.Executors$RunnableAdapter.call(Executors.java:511)
	at java.util.concurrent.FutureTask.run(FutureTask.java:266)
	at java.util.concurrent.ThreadPoolExecutor.runWorker(ThreadPoolExecutor.java:1149)
	at java.util.concurrent.ThreadPoolExecutor$Worker.run(ThreadPoolExecutor.java:624)
	... 1 more
2021-07-06 17:09:46,235 [Datanode State Machine Thread - 0] ERROR datanode.RunningDatanodeState (RunningDatanodeState.java:computeNextContainerState(199)) - Error in executing end point task.
java.util.concurrent.ExecutionException: java.util.concurrent.TimeoutException
	at java.util.concurrent.FutureTask.report(FutureTask.java:122)
	at java.util.concurrent.FutureTask.get(FutureTask.java:192)
	at org.apache.hadoop.ozone.container.common.states.datanode.RunningDatanodeState.computeNextContainerState(RunningDatanodeState.java:191)
	at org.apache.hadoop.ozone.container.common.states.datanode.RunningDatanodeState.await(RunningDatanodeState.java:231)
	at org.apache.hadoop.ozone.container.common.states.datanode.RunningDatanodeState.await(RunningDatanodeState.java:50)
	at org.apache.hadoop.ozone.container.common.statemachine.StateContext.execute(StateContext.java:629)
	at org.apache.hadoop.ozone.container.common.statemachine.DatanodeStateMachine.start(DatanodeStateMachine.java:244)
	at org.apache.hadoop.ozone.container.common.statemachine.DatanodeStateMachine.lambda$startDaemon$0(DatanodeStateMachine.java:429)
	at java.lang.Thread.run(Thread.java:748)
Caused by: java.util.concurrent.TimeoutException
	at java.util.concurrent.FutureTask.get(FutureTask.java:205)
	at org.apache.hadoop.ozone.container.common.states.datanode.RunningDatanodeState.lambda$execute$0(RunningDatanodeState.java:149)
	at java.util.concurrent.FutureTask.run(FutureTask.java:266)
	at java.util.concurrent.Executors$RunnableAdapter.call(Executors.java:511)
	at java.util.concurrent.FutureTask.run(FutureTask.java:266)
	at java.util.concurrent.ThreadPoolExecutor.runWorker(ThreadPoolExecutor.java:1149)
	at java.util.concurrent.ThreadPoolExecutor$Worker.run(ThreadPoolExecutor.java:624)
	... 1 more
2021-07-06 17:09:46,238 [Datanode State Machine Thread - 0] ERROR datanode.RunningDatanodeState (RunningDatanodeState.java:computeNextContainerState(199)) - Error in executing end point task.
java.util.concurrent.ExecutionException: java.util.concurrent.TimeoutException
	at java.util.concurrent.FutureTask.report(FutureTask.java:122)
	at java.util.concurrent.FutureTask.get(FutureTask.java:192)
	at org.apache.hadoop.ozone.container.common.states.datanode.RunningDatanodeState.computeNextContainerState(RunningDatanodeState.java:191)
	at org.apache.hadoop.ozone.container.common.states.datanode.RunningDatanodeState.await(RunningDatanodeState.java:231)
	at org.apache.hadoop.ozone.container.common.states.datanode.RunningDatanodeState.await(RunningDatanodeState.java:50)
	at org.apache.hadoop.ozone.container.common.statemachine.StateContext.execute(StateContext.java:629)
	at org.apache.hadoop.ozone.container.common.statemachine.DatanodeStateMachine.start(DatanodeStateMachine.java:244)
	at org.apache.hadoop.ozone.container.common.statemachine.DatanodeStateMachine.lambda$startDaemon$0(DatanodeStateMachine.java:429)
	at java.lang.Thread.run(Thread.java:748)
Caused by: java.util.concurrent.TimeoutException
	at java.util.concurrent.FutureTask.get(FutureTask.java:205)
	at org.apache.hadoop.ozone.container.common.states.datanode.RunningDatanodeState.lambda$execute$0(RunningDatanodeState.java:149)
	at java.util.concurrent.FutureTask.run(FutureTask.java:266)
	at java.util.concurrent.Executors$RunnableAdapter.call(Executors.java:511)
	at java.util.concurrent.FutureTask.run(FutureTask.java:266)
	at java.util.concurrent.ThreadPoolExecutor.runWorker(ThreadPoolExecutor.java:1149)
	at java.util.concurrent.ThreadPoolExecutor$Worker.run(ThreadPoolExecutor.java:624)
	... 1 more
2021-07-06 17:09:46,499 [EndpointStateMachine task thread for /127.0.0.1:15657 - 0 ] INFO  ipc.Client (Client.java:handleConnectionFailure(966)) - Retrying connect to server: localhost/127.0.0.1:15657. Already tried 10 time(s); retry policy is RetryUpToMaximumCountWithFixedSleep(maxRetries=15, sleepTime=1000 MILLISECONDS)
2021-07-06 17:09:46,500 [EndpointStateMachine task thread for /127.0.0.1:15677 - 0 ] INFO  ipc.Client (Client.java:handleConnectionFailure(966)) - Retrying connect to server: localhost/127.0.0.1:15677. Already tried 10 time(s); retry policy is RetryUpToMaximumCountWithFixedSleep(maxRetries=15, sleepTime=1000 MILLISECONDS)
2021-07-06 17:09:46,505 [EndpointStateMachine task thread for /127.0.0.1:15667 - 0 ] INFO  ipc.Client (Client.java:handleConnectionFailure(966)) - Retrying connect to server: localhost/127.0.0.1:15667. Already tried 10 time(s); retry policy is RetryUpToMaximumCountWithFixedSleep(maxRetries=15, sleepTime=1000 MILLISECONDS)
2021-07-06 17:09:46,946 [73a0175b-b29c-42d7-9744-7e0c9f30680d@group-E792FEA90364-FollowerState] INFO  impl.FollowerState (FollowerState.java:run(134)) - 73a0175b-b29c-42d7-9744-7e0c9f30680d@group-E792FEA90364-FollowerState: change to CANDIDATE, lastRpcElapsedTime:5062512866ns, electionTimeout:5048ms
2021-07-06 17:09:46,947 [73a0175b-b29c-42d7-9744-7e0c9f30680d@group-E792FEA90364-FollowerState] INFO  impl.RoleInfo (RoleInfo.java:shutdownFollowerState(108)) - 73a0175b-b29c-42d7-9744-7e0c9f30680d: shutdown 73a0175b-b29c-42d7-9744-7e0c9f30680d@group-E792FEA90364-FollowerState
2021-07-06 17:09:46,947 [73a0175b-b29c-42d7-9744-7e0c9f30680d@group-E792FEA90364-FollowerState] INFO  server.RaftServer$Division (RaftServerImpl.java:setRole(284)) - 73a0175b-b29c-42d7-9744-7e0c9f30680d@group-E792FEA90364: changes role from  FOLLOWER to CANDIDATE at term 1 for changeToCandidate
2021-07-06 17:09:46,947 [73a0175b-b29c-42d7-9744-7e0c9f30680d@group-E792FEA90364-FollowerState] INFO  server.RaftServerConfigKeys (ConfUtils.java:logGet(44)) - raft.server.leaderelection.pre-vote = false (custom)
2021-07-06 17:09:46,947 [73a0175b-b29c-42d7-9744-7e0c9f30680d@group-E792FEA90364-FollowerState] INFO  impl.RoleInfo (RoleInfo.java:updateAndGet(130)) - 73a0175b-b29c-42d7-9744-7e0c9f30680d: start 73a0175b-b29c-42d7-9744-7e0c9f30680d@group-E792FEA90364-LeaderElection23
2021-07-06 17:09:46,951 [73a0175b-b29c-42d7-9744-7e0c9f30680d@group-E792FEA90364-LeaderElection23] INFO  impl.LeaderElection (LeaderElection.java:askForVotes(306)) - 73a0175b-b29c-42d7-9744-7e0c9f30680d@group-E792FEA90364-LeaderElection23 ELECTION round 0: submit vote requests at term 2 for -1: [64ea58c5-a4b1-4696-b7a2-92ce3d3c799d|rpc:127.0.0.1:34653|dataStream:|priority:0, ff163131-26ab-494b-a4b8-6a11ee7eba7d|rpc:127.0.0.1:43147|dataStream:|priority:0, 73a0175b-b29c-42d7-9744-7e0c9f30680d|rpc:127.0.0.1:45439|dataStream:|priority:1], old=null
2021-07-06 17:09:46,966 [grpc-default-executor-3] INFO  server.RaftServer$Division (RaftServerImpl.java:requestVote(1042)) - ff163131-26ab-494b-a4b8-6a11ee7eba7d@group-E792FEA90364: receive requestVote(ELECTION, 73a0175b-b29c-42d7-9744-7e0c9f30680d, group-E792FEA90364, 2, (t:0, i:0))
2021-07-06 17:09:46,967 [grpc-default-executor-3] INFO  impl.VoteContext (VoteContext.java:log(48)) - ff163131-26ab-494b-a4b8-6a11ee7eba7d@group-E792FEA90364-FOLLOWER: accept ELECTION from 73a0175b-b29c-42d7-9744-7e0c9f30680d: our priority 0 <= candidate's priority 1
2021-07-06 17:09:46,967 [grpc-default-executor-3] INFO  server.RaftServer$Division (RaftServerImpl.java:setRole(284)) - ff163131-26ab-494b-a4b8-6a11ee7eba7d@group-E792FEA90364: changes role from  FOLLOWER to FOLLOWER at term 2 for candidate:73a0175b-b29c-42d7-9744-7e0c9f30680d
2021-07-06 17:09:46,967 [grpc-default-executor-3] INFO  impl.RoleInfo (RoleInfo.java:shutdownFollowerState(108)) - ff163131-26ab-494b-a4b8-6a11ee7eba7d: shutdown ff163131-26ab-494b-a4b8-6a11ee7eba7d@group-E792FEA90364-FollowerState
2021-07-06 17:09:46,967 [grpc-default-executor-3] INFO  impl.RoleInfo (RoleInfo.java:updateAndGet(130)) - ff163131-26ab-494b-a4b8-6a11ee7eba7d: start ff163131-26ab-494b-a4b8-6a11ee7eba7d@group-E792FEA90364-FollowerState
2021-07-06 17:09:46,967 [ff163131-26ab-494b-a4b8-6a11ee7eba7d@group-E792FEA90364-FollowerState] INFO  impl.FollowerState (FollowerState.java:run(143)) - ff163131-26ab-494b-a4b8-6a11ee7eba7d@group-E792FEA90364-FollowerState was interrupted: {}
java.lang.InterruptedException: sleep interrupted
	at java.lang.Thread.sleep(Native Method)
	at java.lang.Thread.sleep(Thread.java:340)
	at java.util.concurrent.TimeUnit.sleep(TimeUnit.java:386)
	at org.apache.ratis.util.TimeDuration.sleep(TimeDuration.java:324)
	at org.apache.ratis.util.TimeDuration.sleep(TimeDuration.java:309)
	at org.apache.ratis.server.impl.FollowerState.run(FollowerState.java:118)
2021-07-06 17:09:46,967 [grpc-default-executor-0] INFO  metrics.RatisMetrics (RatisMetrics.java:lambda$create$0(36)) - Creating Metrics Registry : ratis.server_message_metrics.64ea58c5-a4b1-4696-b7a2-92ce3d3c799d
2021-07-06 17:09:46,977 [grpc-default-executor-0] INFO  server.RaftServer$Division (RaftServerImpl.java:requestVote(1042)) - 64ea58c5-a4b1-4696-b7a2-92ce3d3c799d@group-E792FEA90364: receive requestVote(ELECTION, 73a0175b-b29c-42d7-9744-7e0c9f30680d, group-E792FEA90364, 2, (t:0, i:0))
2021-07-06 17:09:46,978 [grpc-default-executor-0] INFO  impl.VoteContext (VoteContext.java:log(48)) - 64ea58c5-a4b1-4696-b7a2-92ce3d3c799d@group-E792FEA90364-FOLLOWER: accept ELECTION from 73a0175b-b29c-42d7-9744-7e0c9f30680d: our priority 0 <= candidate's priority 1
2021-07-06 17:09:46,979 [grpc-default-executor-0] INFO  server.RaftServer$Division (RaftServerImpl.java:setRole(284)) - 64ea58c5-a4b1-4696-b7a2-92ce3d3c799d@group-E792FEA90364: changes role from  FOLLOWER to FOLLOWER at term 2 for candidate:73a0175b-b29c-42d7-9744-7e0c9f30680d
2021-07-06 17:09:46,979 [grpc-default-executor-0] INFO  impl.RoleInfo (RoleInfo.java:shutdownFollowerState(108)) - 64ea58c5-a4b1-4696-b7a2-92ce3d3c799d: shutdown 64ea58c5-a4b1-4696-b7a2-92ce3d3c799d@group-E792FEA90364-FollowerState
2021-07-06 17:09:46,979 [grpc-default-executor-0] INFO  impl.RoleInfo (RoleInfo.java:updateAndGet(130)) - 64ea58c5-a4b1-4696-b7a2-92ce3d3c799d: start 64ea58c5-a4b1-4696-b7a2-92ce3d3c799d@group-E792FEA90364-FollowerState
2021-07-06 17:09:46,979 [64ea58c5-a4b1-4696-b7a2-92ce3d3c799d@group-E792FEA90364-FollowerState] INFO  impl.FollowerState (FollowerState.java:run(143)) - 64ea58c5-a4b1-4696-b7a2-92ce3d3c799d@group-E792FEA90364-FollowerState was interrupted: {}
java.lang.InterruptedException: sleep interrupted
	at java.lang.Thread.sleep(Native Method)
	at java.lang.Thread.sleep(Thread.java:340)
	at java.util.concurrent.TimeUnit.sleep(TimeUnit.java:386)
	at org.apache.ratis.util.TimeDuration.sleep(TimeDuration.java:324)
	at org.apache.ratis.util.TimeDuration.sleep(TimeDuration.java:309)
	at org.apache.ratis.server.impl.FollowerState.run(FollowerState.java:118)
2021-07-06 17:09:46,978 [grpc-default-executor-3] INFO  server.RaftServer$Division (RaftServerImpl.java:requestVote(1074)) - ff163131-26ab-494b-a4b8-6a11ee7eba7d@group-E792FEA90364 replies to ELECTION vote request: 73a0175b-b29c-42d7-9744-7e0c9f30680d<-ff163131-26ab-494b-a4b8-6a11ee7eba7d#0:OK-t2. Peer's state: ff163131-26ab-494b-a4b8-6a11ee7eba7d@group-E792FEA90364:t2, leader=null, voted=73a0175b-b29c-42d7-9744-7e0c9f30680d, raftlog=ff163131-26ab-494b-a4b8-6a11ee7eba7d@group-E792FEA90364-SegmentedRaftLog:OPENED:c-1,f-1,i0, conf=-1: [64ea58c5-a4b1-4696-b7a2-92ce3d3c799d|rpc:127.0.0.1:34653|dataStream:|priority:0, ff163131-26ab-494b-a4b8-6a11ee7eba7d|rpc:127.0.0.1:43147|dataStream:|priority:0, 73a0175b-b29c-42d7-9744-7e0c9f30680d|rpc:127.0.0.1:45439|dataStream:|priority:1], old=null
2021-07-06 17:09:46,982 [grpc-default-executor-0] INFO  server.RaftServer$Division (RaftServerImpl.java:requestVote(1074)) - 64ea58c5-a4b1-4696-b7a2-92ce3d3c799d@group-E792FEA90364 replies to ELECTION vote request: 73a0175b-b29c-42d7-9744-7e0c9f30680d<-64ea58c5-a4b1-4696-b7a2-92ce3d3c799d#0:OK-t2. Peer's state: 64ea58c5-a4b1-4696-b7a2-92ce3d3c799d@group-E792FEA90364:t2, leader=null, voted=73a0175b-b29c-42d7-9744-7e0c9f30680d, raftlog=64ea58c5-a4b1-4696-b7a2-92ce3d3c799d@group-E792FEA90364-SegmentedRaftLog:OPENED:c-1,f-1,i0, conf=-1: [64ea58c5-a4b1-4696-b7a2-92ce3d3c799d|rpc:127.0.0.1:34653|priority:0, ff163131-26ab-494b-a4b8-6a11ee7eba7d|rpc:127.0.0.1:43147|priority:0, 73a0175b-b29c-42d7-9744-7e0c9f30680d|rpc:127.0.0.1:45439|priority:1], old=null
2021-07-06 17:09:46,984 [73a0175b-b29c-42d7-9744-7e0c9f30680d@group-E792FEA90364-LeaderElection23] INFO  impl.LeaderElection (LeaderElection.java:logAndReturn(89)) - 73a0175b-b29c-42d7-9744-7e0c9f30680d@group-E792FEA90364-LeaderElection23: ELECTION PASSED received 1 response(s) and 0 exception(s):
2021-07-06 17:09:46,984 [73a0175b-b29c-42d7-9744-7e0c9f30680d@group-E792FEA90364-LeaderElection23] INFO  impl.LeaderElection (LeaderElection.java:logAndReturn(93)) -   Response 0: 73a0175b-b29c-42d7-9744-7e0c9f30680d<-64ea58c5-a4b1-4696-b7a2-92ce3d3c799d#0:OK-t2
2021-07-06 17:09:46,984 [73a0175b-b29c-42d7-9744-7e0c9f30680d@group-E792FEA90364-LeaderElection23] INFO  impl.LeaderElection (LeaderElection.java:askForVotes(308)) - 73a0175b-b29c-42d7-9744-7e0c9f30680d@group-E792FEA90364-LeaderElection23 ELECTION round 0: result PASSED
2021-07-06 17:09:46,984 [73a0175b-b29c-42d7-9744-7e0c9f30680d@group-E792FEA90364-LeaderElection23] INFO  impl.RoleInfo (RoleInfo.java:shutdownLeaderElection(121)) - 73a0175b-b29c-42d7-9744-7e0c9f30680d: shutdown 73a0175b-b29c-42d7-9744-7e0c9f30680d@group-E792FEA90364-LeaderElection23
2021-07-06 17:09:46,986 [73a0175b-b29c-42d7-9744-7e0c9f30680d@group-E792FEA90364-LeaderElection23] INFO  server.RaftServer$Division (RaftServerImpl.java:setRole(284)) - 73a0175b-b29c-42d7-9744-7e0c9f30680d@group-E792FEA90364: changes role from CANDIDATE to LEADER at term 2 for changeToLeader
2021-07-06 17:09:46,986 [73a0175b-b29c-42d7-9744-7e0c9f30680d@group-E792FEA90364-LeaderElection23] INFO  ratis.XceiverServerRatis (XceiverServerRatis.java:handleLeaderChangedNotification(857)) - Leader change notification received for group: group-E792FEA90364 with new leaderId: 73a0175b-b29c-42d7-9744-7e0c9f30680d
2021-07-06 17:09:46,986 [73a0175b-b29c-42d7-9744-7e0c9f30680d@group-E792FEA90364-LeaderElection23] INFO  server.RaftServer$Division (ServerState.java:setLeader(271)) - 73a0175b-b29c-42d7-9744-7e0c9f30680d@group-E792FEA90364: change Leader from null to 73a0175b-b29c-42d7-9744-7e0c9f30680d at term 2 for becomeLeader, leader elected after 10045ms
2021-07-06 17:09:46,986 [73a0175b-b29c-42d7-9744-7e0c9f30680d@group-E792FEA90364-LeaderElection23] INFO  server.RaftServerConfigKeys (ConfUtils.java:logGet(44)) - raft.server.staging.catchup.gap = 1000 (default)
2021-07-06 17:09:46,986 [73a0175b-b29c-42d7-9744-7e0c9f30680d@group-E792FEA90364-LeaderElection23] INFO  metrics.RatisMetrics (RatisMetrics.java:lambda$create$0(36)) - Creating Metrics Registry : ratis.log_appender.73a0175b-b29c-42d7-9744-7e0c9f30680d@group-E792FEA90364
2021-07-06 17:09:46,986 [73a0175b-b29c-42d7-9744-7e0c9f30680d@group-E792FEA90364-LeaderElection23] INFO  server.RaftServerConfigKeys (ConfUtils.java:logGet(44)) - raft.server.write.element-limit = 1024 (custom)
2021-07-06 17:09:46,987 [73a0175b-b29c-42d7-9744-7e0c9f30680d@group-E792FEA90364-LeaderElection23] INFO  server.RaftServerConfigKeys (ConfUtils.java:logGet(44)) - raft.server.write.byte-limit = 1073741824 (custom)
2021-07-06 17:09:46,988 [EventQueue-PipelineReportForPipelineReportHandler] INFO  pipeline.PipelineManagerV2Impl (PipelineManagerV2Impl.java:openPipeline(270)) - Pipeline Pipeline[ Id: 8fd3e776-5b3d-4dc2-912b-e792fea90364, Nodes: ff163131-26ab-494b-a4b8-6a11ee7eba7d{ip: 127.0.0.1, host: localhost, ports: [REPLICATION=44147, RATIS=43147, RATIS_ADMIN=43147, RATIS_SERVER=43147, STANDALONE=38503], networkLocation: /default-rack, certSerialId: null, persistedOpState: IN_SERVICE, persistedOpStateExpiryEpochSec: 0}73a0175b-b29c-42d7-9744-7e0c9f30680d{ip: 127.0.0.1, host: localhost, ports: [REPLICATION=35499, RATIS=45439, RATIS_ADMIN=45439, RATIS_SERVER=45439, STANDALONE=37003], networkLocation: /default-rack, certSerialId: null, persistedOpState: IN_SERVICE, persistedOpStateExpiryEpochSec: 0}64ea58c5-a4b1-4696-b7a2-92ce3d3c799d{ip: 127.0.0.1, host: localhost, ports: [REPLICATION=41321, RATIS=34653, RATIS_ADMIN=34653, RATIS_SERVER=34653, STANDALONE=37745], networkLocation: /default-rack, certSerialId: null, persistedOpState: IN_SERVICE, persistedOpStateExpiryEpochSec: 0}, ReplicationConfig: RATIS/THREE, State:ALLOCATED, leaderId:73a0175b-b29c-42d7-9744-7e0c9f30680d, CreationTimestamp2021-07-06T17:09:34.175Z] moved to OPEN state
2021-07-06 17:09:46,988 [EventQueue-PipelineReportForPipelineReportHandler] INFO  ha.SCMHAInvocationHandler (SCMHAInvocationHandler.java:invokeRatis(113)) - Invoking method public abstract void org.apache.hadoop.hdds.scm.pipeline.StateManager.updatePipelineState(org.apache.hadoop.hdds.protocol.proto.HddsProtos$PipelineID,org.apache.hadoop.hdds.protocol.proto.HddsProtos$PipelineState) throws java.io.IOException on target org.apache.hadoop.hdds.scm.ha.SCMRatisServerImpl@26316019, cost 319.405us
2021-07-06 17:09:46,989 [EventQueue-PipelineReportForPipelineReportHandler] INFO  pipeline.PipelineManagerV2Impl (PipelineManagerV2Impl.java:openPipeline(270)) - Pipeline Pipeline[ Id: 8fd3e776-5b3d-4dc2-912b-e792fea90364, Nodes: ff163131-26ab-494b-a4b8-6a11ee7eba7d{ip: 127.0.0.1, host: localhost, ports: [REPLICATION=44147, RATIS=43147, RATIS_ADMIN=43147, RATIS_SERVER=43147, STANDALONE=38503], networkLocation: /default-rack, certSerialId: null, persistedOpState: IN_SERVICE, persistedOpStateExpiryEpochSec: 0}73a0175b-b29c-42d7-9744-7e0c9f30680d{ip: 127.0.0.1, host: localhost, ports: [REPLICATION=35499, RATIS=45439, RATIS_ADMIN=45439, RATIS_SERVER=45439, STANDALONE=37003], networkLocation: /default-rack, certSerialId: null, persistedOpState: IN_SERVICE, persistedOpStateExpiryEpochSec: 0}64ea58c5-a4b1-4696-b7a2-92ce3d3c799d{ip: 127.0.0.1, host: localhost, ports: [REPLICATION=41321, RATIS=34653, RATIS_ADMIN=34653, RATIS_SERVER=34653, STANDALONE=37745], networkLocation: /default-rack, certSerialId: null, persistedOpState: IN_SERVICE, persistedOpStateExpiryEpochSec: 0}, ReplicationConfig: RATIS/THREE, State:ALLOCATED, leaderId:73a0175b-b29c-42d7-9744-7e0c9f30680d, CreationTimestamp2021-07-06T17:09:34.175Z] moved to OPEN state
2021-07-06 17:09:46,990 [73a0175b-b29c-42d7-9744-7e0c9f30680d@group-E792FEA90364-LeaderElection23] INFO  server.RaftServerConfigKeys (ConfUtils.java:logGet(44)) - raft.server.watch.timeout = 180s (custom)
2021-07-06 17:09:46,990 [73a0175b-b29c-42d7-9744-7e0c9f30680d@group-E792FEA90364-LeaderElection23] INFO  server.RaftServerConfigKeys (ConfUtils.java:logGet(44)) - raft.server.watch.timeout.denomination = 1s (default)
2021-07-06 17:09:46,990 [73a0175b-b29c-42d7-9744-7e0c9f30680d@group-E792FEA90364-LeaderElection23] INFO  server.RaftServerConfigKeys (ConfUtils.java:logGet(44)) - raft.server.watch.element-limit = 65536 (default)
2021-07-06 17:09:46,990 [73a0175b-b29c-42d7-9744-7e0c9f30680d@group-E792FEA90364-LeaderElection23] INFO  server.RaftServerConfigKeys (ConfUtils.java:logGet(44)) - raft.server.log.appender.snapshot.chunk.size.max = 16MB (=16777216) (default)
2021-07-06 17:09:46,990 [grpc-default-executor-0] INFO  segmented.SegmentedRaftLogWorker (SegmentedRaftLogWorker.java:startLogSegment(394)) - c9c8c7da-b2d5-4e05-8678-9bfdfb976b9e@group-498FD787E76A-SegmentedRaftLogWorker: Starting segment from index:25
2021-07-06 17:09:46,990 [73a0175b-b29c-42d7-9744-7e0c9f30680d@group-E792FEA90364-LeaderElection23] INFO  server.RaftServerConfigKeys (ConfUtils.java:logGet(44)) - raft.server.log.appender.buffer.byte-limit = 33554432 (custom)
2021-07-06 17:09:46,990 [73a0175b-b29c-42d7-9744-7e0c9f30680d@group-E792FEA90364-LeaderElection23] INFO  server.RaftServerConfigKeys (ConfUtils.java:logGet(44)) - raft.server.log.appender.buffer.element-limit = 1 (custom)
2021-07-06 17:09:46,990 [73a0175b-b29c-42d7-9744-7e0c9f30680d@group-E792FEA90364-LeaderElection23] INFO  grpc.GrpcConfigKeys (ConfUtils.java:logGet(44)) - raft.grpc.server.leader.outstanding.appends.max = 128 (default)
2021-07-06 17:09:46,990 [73a0175b-b29c-42d7-9744-7e0c9f30680d@group-E792FEA90364-LeaderElection23] INFO  server.RaftServerConfigKeys (ConfUtils.java:logGet(44)) - raft.server.rpc.request.timeout = 60s (custom)
2021-07-06 17:09:46,990 [73a0175b-b29c-42d7-9744-7e0c9f30680d@group-E792FEA90364-LeaderElection23] INFO  server.RaftServerConfigKeys (ConfUtils.java:logGet(44)) - raft.server.log.appender.install.snapshot.enabled = false (custom)
2021-07-06 17:09:46,991 [73a0175b-b29c-42d7-9744-7e0c9f30680d@group-E792FEA90364-LeaderElection23] INFO  metrics.RatisMetrics (RatisMetrics.java:lambda$create$0(36)) - Creating Metrics Registry : ratis_grpc.log_appender.73a0175b-b29c-42d7-9744-7e0c9f30680d@group-E792FEA90364
2021-07-06 17:09:46,991 [73a0175b-b29c-42d7-9744-7e0c9f30680d@group-E792FEA90364-LeaderElection23] INFO  server.RaftServerConfigKeys (ConfUtils.java:logGet(44)) - raft.server.log.appender.snapshot.chunk.size.max = 16MB (=16777216) (default)
2021-07-06 17:09:46,991 [73a0175b-b29c-42d7-9744-7e0c9f30680d@group-E792FEA90364-LeaderElection23] INFO  server.RaftServerConfigKeys (ConfUtils.java:logGet(44)) - raft.server.log.appender.buffer.byte-limit = 33554432 (custom)
2021-07-06 17:09:46,991 [73a0175b-b29c-42d7-9744-7e0c9f30680d@group-E792FEA90364-LeaderElection23] INFO  server.RaftServerConfigKeys (ConfUtils.java:logGet(44)) - raft.server.log.appender.buffer.element-limit = 1 (custom)
2021-07-06 17:09:46,992 [c9c8c7da-b2d5-4e05-8678-9bfdfb976b9e@group-498FD787E76A-SegmentedRaftLogWorker] INFO  segmented.SegmentedRaftLogWorker (SegmentedRaftLogWorker.java:execute(601)) - c9c8c7da-b2d5-4e05-8678-9bfdfb976b9e@group-498FD787E76A-SegmentedRaftLogWorker: created new log segment /home/runner/work/ozone/ozone/mnt/ozone/hadoop-ozone/integration-test/target/test-dir/MiniOzoneClusterImpl-f74e07ef-a4e5-4994-bf82-498fd787e76a/scmNode-3/scm-ha/f74e07ef-a4e5-4994-bf82-498fd787e76a/current/log_inprogress_25
2021-07-06 17:09:46,998 [73a0175b-b29c-42d7-9744-7e0c9f30680d@group-E792FEA90364-LeaderElection23] INFO  grpc.GrpcConfigKeys (ConfUtils.java:logGet(44)) - raft.grpc.server.leader.outstanding.appends.max = 128 (default)
2021-07-06 17:09:46,998 [73a0175b-b29c-42d7-9744-7e0c9f30680d@group-E792FEA90364-LeaderElection23] INFO  server.RaftServerConfigKeys (ConfUtils.java:logGet(44)) - raft.server.rpc.request.timeout = 60s (custom)
2021-07-06 17:09:46,998 [73a0175b-b29c-42d7-9744-7e0c9f30680d@group-E792FEA90364-LeaderElection23] INFO  server.RaftServerConfigKeys (ConfUtils.java:logGet(44)) - raft.server.log.appender.install.snapshot.enabled = false (custom)
2021-07-06 17:09:46,999 [73a0175b-b29c-42d7-9744-7e0c9f30680d@group-E792FEA90364-LeaderElection23] INFO  impl.RoleInfo (RoleInfo.java:updateAndGet(130)) - 73a0175b-b29c-42d7-9744-7e0c9f30680d: start 73a0175b-b29c-42d7-9744-7e0c9f30680d@group-E792FEA90364-LeaderStateImpl
2021-07-06 17:09:46,999 [73a0175b-b29c-42d7-9744-7e0c9f30680d@group-E792FEA90364-LeaderElection23] INFO  segmented.SegmentedRaftLogWorker (SegmentedRaftLogWorker.java:startLogSegment(394)) - 73a0175b-b29c-42d7-9744-7e0c9f30680d@group-E792FEA90364-SegmentedRaftLogWorker: Starting segment from index:0
2021-07-06 17:09:47,001 [48f00b5a-c605-41fe-901b-b25c0b7536a6@group-498FD787E76A-LeaderStateImpl] INFO  server.RaftServer$Division (ServerState.java:setRaftConf(373)) - 48f00b5a-c605-41fe-901b-b25c0b7536a6@group-498FD787E76A: set configuration 26: [48f00b5a-c605-41fe-901b-b25c0b7536a6|rpc:localhost:15272|admin:|client:|dataStream:|priority:0, c9c8c7da-b2d5-4e05-8678-9bfdfb976b9e|rpc:localhost:15292|priority:0, 9c66a5a1-6505-4feb-946f-7a4da78b4c7a|rpc:localhost:15282|priority:0], old=[48f00b5a-c605-41fe-901b-b25c0b7536a6|rpc:localhost:15272|admin:|client:|dataStream:|priority:0, 9c66a5a1-6505-4feb-946f-7a4da78b4c7a|rpc:localhost:15282|priority:0]
2021-07-06 17:09:47,001 [73a0175b-b29c-42d7-9744-7e0c9f30680d@group-E792FEA90364-SegmentedRaftLogWorker] INFO  segmented.SegmentedRaftLogWorker (SegmentedRaftLogWorker.java:execute(601)) - 73a0175b-b29c-42d7-9744-7e0c9f30680d@group-E792FEA90364-SegmentedRaftLogWorker: created new log segment /home/runner/work/ozone/ozone/mnt/ozone/hadoop-ozone/integration-test/target/test-dir/MiniOzoneClusterImpl-f74e07ef-a4e5-4994-bf82-498fd787e76a/datanode-1/data/ratis/8fd3e776-5b3d-4dc2-912b-e792fea90364/current/log_inprogress_0
2021-07-06 17:09:47,001 [grpc-default-executor-3] INFO  server.RaftServer$Division (ServerState.java:setRaftConf(373)) - 9c66a5a1-6505-4feb-946f-7a4da78b4c7a@group-498FD787E76A: set configuration 26: [48f00b5a-c605-41fe-901b-b25c0b7536a6|rpc:localhost:15272|admin:|client:|dataStream:|priority:0, c9c8c7da-b2d5-4e05-8678-9bfdfb976b9e|rpc:localhost:15292|admin:|client:|dataStream:|priority:0, 9c66a5a1-6505-4feb-946f-7a4da78b4c7a|rpc:localhost:15282|admin:|client:|dataStream:|priority:0], old=[48f00b5a-c605-41fe-901b-b25c0b7536a6|rpc:localhost:15272|admin:|client:|dataStream:|priority:0, 9c66a5a1-6505-4feb-946f-7a4da78b4c7a|rpc:localhost:15282|admin:|client:|dataStream:|priority:0]
2021-07-06 17:09:47,002 [grpc-default-executor-0] INFO  server.RaftServer$Division (ServerState.java:setRaftConf(373)) - c9c8c7da-b2d5-4e05-8678-9bfdfb976b9e@group-498FD787E76A: set configuration 26: [48f00b5a-c605-41fe-901b-b25c0b7536a6|rpc:localhost:15272|admin:|client:|dataStream:|priority:0, c9c8c7da-b2d5-4e05-8678-9bfdfb976b9e|rpc:localhost:15292|admin:|client:|dataStream:|priority:0, 9c66a5a1-6505-4feb-946f-7a4da78b4c7a|rpc:localhost:15282|admin:|client:|dataStream:|priority:0], old=[48f00b5a-c605-41fe-901b-b25c0b7536a6|rpc:localhost:15272|admin:|client:|dataStream:|priority:0, 9c66a5a1-6505-4feb-946f-7a4da78b4c7a|rpc:localhost:15282|admin:|client:|dataStream:|priority:0]
2021-07-06 17:09:47,004 [48f00b5a-c605-41fe-901b-b25c0b7536a6@group-498FD787E76A-StateMachineUpdater] INFO  ha.SCMStateMachine (SCMStateMachine.java:takeSnapshot(290)) - Current Snapshot Index 25, takeSnapshot took 0 ms
2021-07-06 17:09:47,004 [48f00b5a-c605-41fe-901b-b25c0b7536a6@group-498FD787E76A-StateMachineUpdater] INFO  impl.StateMachineUpdater (StateMachineUpdater.java:takeSnapshot(281)) - 48f00b5a-c605-41fe-901b-b25c0b7536a6@group-498FD787E76A-StateMachineUpdater: Took a snapshot at index 25
2021-07-06 17:09:47,004 [48f00b5a-c605-41fe-901b-b25c0b7536a6@group-498FD787E76A-StateMachineUpdater] INFO  impl.StateMachineUpdater (StateMachineUpdater.java:lambda$new$0(89)) - 48f00b5a-c605-41fe-901b-b25c0b7536a6@group-498FD787E76A-StateMachineUpdater: snapshotIndex: updateIncreasingly 20 -> 25
2021-07-06 17:09:47,004 [48f00b5a-c605-41fe-901b-b25c0b7536a6@group-498FD787E76A-StateMachineUpdater] INFO  raftlog.RaftLog (RaftLogBase.java:purge(306)) - 48f00b5a-c605-41fe-901b-b25c0b7536a6@group-498FD787E76A-SegmentedRaftLog: purge 25
2021-07-06 17:09:47,004 [48f00b5a-c605-41fe-901b-b25c0b7536a6@group-498FD787E76A-StateMachineUpdater] INFO  raftlog.RaftLog (RaftLogBase.java:lambda$new$0(53)) - 48f00b5a-c605-41fe-901b-b25c0b7536a6@group-498FD787E76A-SegmentedRaftLog: snapshotIndex: updateIncreasingly 20 -> 25
2021-07-06 17:09:47,004 [48f00b5a-c605-41fe-901b-b25c0b7536a6@group-498FD787E76A-StateMachineUpdater] INFO  raftlog.RaftLog (RaftLogBase.java:lambda$new$0(53)) - 48f00b5a-c605-41fe-901b-b25c0b7536a6@group-498FD787E76A-SegmentedRaftLog: purgeIndex: updateToMax old=20, new=25, updated? true
2021-07-06 17:09:47,004 [EventQueue-PipelineReportForPipelineReportHandler] INFO  ha.SCMHAInvocationHandler (SCMHAInvocationHandler.java:invokeRatis(113)) - Invoking method public abstract void org.apache.hadoop.hdds.scm.pipeline.StateManager.updatePipelineState(org.apache.hadoop.hdds.protocol.proto.HddsProtos$PipelineID,org.apache.hadoop.hdds.protocol.proto.HddsProtos$PipelineState) throws java.io.IOException on target org.apache.hadoop.hdds.scm.ha.SCMRatisServerImpl@66a9e01e, cost 15475.32us
2021-07-06 17:09:47,005 [grpc-default-executor-3] INFO  ratis.XceiverServerRatis (XceiverServerRatis.java:handleLeaderChangedNotification(857)) - Leader change notification received for group: group-E792FEA90364 with new leaderId: 73a0175b-b29c-42d7-9744-7e0c9f30680d
2021-07-06 17:09:47,005 [grpc-default-executor-3] INFO  server.RaftServer$Division (ServerState.java:setLeader(271)) - 64ea58c5-a4b1-4696-b7a2-92ce3d3c799d@group-E792FEA90364: change Leader from null to 73a0175b-b29c-42d7-9744-7e0c9f30680d at term 2 for appendEntries, leader elected after 10149ms
2021-07-06 17:09:47,006 [73a0175b-b29c-42d7-9744-7e0c9f30680d@group-E792FEA90364-LeaderElection23] INFO  server.RaftServer$Division (ServerState.java:setRaftConf(373)) - 73a0175b-b29c-42d7-9744-7e0c9f30680d@group-E792FEA90364: set configuration 0: [64ea58c5-a4b1-4696-b7a2-92ce3d3c799d|rpc:127.0.0.1:34653|dataStream:|priority:0, ff163131-26ab-494b-a4b8-6a11ee7eba7d|rpc:127.0.0.1:43147|dataStream:|priority:0, 73a0175b-b29c-42d7-9744-7e0c9f30680d|rpc:127.0.0.1:45439|dataStream:|priority:1], old=null
2021-07-06 17:09:47,012 [grpc-default-executor-3] INFO  server.RaftServer$Division (ServerState.java:setRaftConf(373)) - 64ea58c5-a4b1-4696-b7a2-92ce3d3c799d@group-E792FEA90364: set configuration 0: [64ea58c5-a4b1-4696-b7a2-92ce3d3c799d|rpc:127.0.0.1:34653|dataStream:|priority:0, ff163131-26ab-494b-a4b8-6a11ee7eba7d|rpc:127.0.0.1:43147|dataStream:|priority:0, 73a0175b-b29c-42d7-9744-7e0c9f30680d|rpc:127.0.0.1:45439|dataStream:|priority:1], old=null
2021-07-06 17:09:47,012 [grpc-default-executor-3] INFO  segmented.SegmentedRaftLogWorker (SegmentedRaftLogWorker.java:startLogSegment(394)) - 64ea58c5-a4b1-4696-b7a2-92ce3d3c799d@group-E792FEA90364-SegmentedRaftLogWorker: Starting segment from index:0
2021-07-06 17:09:47,019 [48f00b5a-c605-41fe-901b-b25c0b7536a6@group-498FD787E76A-LeaderStateImpl] INFO  server.RaftServer$Division (ServerState.java:setRaftConf(373)) - 48f00b5a-c605-41fe-901b-b25c0b7536a6@group-498FD787E76A: set configuration 29: [48f00b5a-c605-41fe-901b-b25c0b7536a6|rpc:localhost:15272|admin:|client:|dataStream:|priority:0, c9c8c7da-b2d5-4e05-8678-9bfdfb976b9e|rpc:localhost:15292|priority:0, 9c66a5a1-6505-4feb-946f-7a4da78b4c7a|rpc:localhost:15282|priority:0], old=null
2021-07-06 17:09:47,019 [grpc-default-executor-4] INFO  server.RaftServer$Division (ServerState.java:setRaftConf(373)) - c9c8c7da-b2d5-4e05-8678-9bfdfb976b9e@group-498FD787E76A: set configuration 29: [48f00b5a-c605-41fe-901b-b25c0b7536a6|rpc:localhost:15272|admin:|client:|dataStream:|priority:0, c9c8c7da-b2d5-4e05-8678-9bfdfb976b9e|rpc:localhost:15292|admin:|client:|dataStream:|priority:0, 9c66a5a1-6505-4feb-946f-7a4da78b4c7a|rpc:localhost:15282|admin:|client:|dataStream:|priority:0], old=null
2021-07-06 17:09:47,020 [grpc-default-executor-0] INFO  server.RaftServer$Division (ServerState.java:setRaftConf(373)) - 9c66a5a1-6505-4feb-946f-7a4da78b4c7a@group-498FD787E76A: set configuration 29: [48f00b5a-c605-41fe-901b-b25c0b7536a6|rpc:localhost:15272|admin:|client:|dataStream:|priority:0, c9c8c7da-b2d5-4e05-8678-9bfdfb976b9e|rpc:localhost:15292|admin:|client:|dataStream:|priority:0, 9c66a5a1-6505-4feb-946f-7a4da78b4c7a|rpc:localhost:15282|admin:|client:|dataStream:|priority:0], old=null
2021-07-06 17:09:47,029 [grpc-default-executor-5] INFO  ratis.XceiverServerRatis (XceiverServerRatis.java:handleLeaderChangedNotification(857)) - Leader change notification received for group: group-E792FEA90364 with new leaderId: 73a0175b-b29c-42d7-9744-7e0c9f30680d
2021-07-06 17:09:47,029 [grpc-default-executor-5] INFO  server.RaftServer$Division (ServerState.java:setLeader(271)) - ff163131-26ab-494b-a4b8-6a11ee7eba7d@group-E792FEA90364: change Leader from null to 73a0175b-b29c-42d7-9744-7e0c9f30680d at term 2 for appendEntries, leader elected after 10145ms
2021-07-06 17:09:47,030 [9c66a5a1-6505-4feb-946f-7a4da78b4c7a@group-498FD787E76A-StateMachineUpdater] INFO  ha.SCMStateMachine (SCMStateMachine.java:takeSnapshot(290)) - Current Snapshot Index 25, takeSnapshot took 1 ms
2021-07-06 17:09:47,030 [9c66a5a1-6505-4feb-946f-7a4da78b4c7a@group-498FD787E76A-StateMachineUpdater] INFO  impl.StateMachineUpdater (StateMachineUpdater.java:takeSnapshot(281)) - 9c66a5a1-6505-4feb-946f-7a4da78b4c7a@group-498FD787E76A-StateMachineUpdater: Took a snapshot at index 25
2021-07-06 17:09:47,030 [9c66a5a1-6505-4feb-946f-7a4da78b4c7a@group-498FD787E76A-StateMachineUpdater] INFO  impl.StateMachineUpdater (StateMachineUpdater.java:lambda$new$0(89)) - 9c66a5a1-6505-4feb-946f-7a4da78b4c7a@group-498FD787E76A-StateMachineUpdater: snapshotIndex: updateIncreasingly 20 -> 25
2021-07-06 17:09:47,030 [9c66a5a1-6505-4feb-946f-7a4da78b4c7a@group-498FD787E76A-StateMachineUpdater] INFO  raftlog.RaftLog (RaftLogBase.java:purge(306)) - 9c66a5a1-6505-4feb-946f-7a4da78b4c7a@group-498FD787E76A-SegmentedRaftLog: purge 25
2021-07-06 17:09:47,030 [9c66a5a1-6505-4feb-946f-7a4da78b4c7a@group-498FD787E76A-StateMachineUpdater] INFO  raftlog.RaftLog (RaftLogBase.java:lambda$new$0(53)) - 9c66a5a1-6505-4feb-946f-7a4da78b4c7a@group-498FD787E76A-SegmentedRaftLog: snapshotIndex: updateIncreasingly 20 -> 25
2021-07-06 17:09:47,030 [9c66a5a1-6505-4feb-946f-7a4da78b4c7a@group-498FD787E76A-StateMachineUpdater] INFO  raftlog.RaftLog (RaftLogBase.java:lambda$new$0(53)) - 9c66a5a1-6505-4feb-946f-7a4da78b4c7a@group-498FD787E76A-SegmentedRaftLog: purgeIndex: updateToMax old=20, new=25, updated? true
2021-07-06 17:09:47,031 [grpc-default-executor-5] INFO  server.RaftServer$Division (ServerState.java:setRaftConf(373)) - ff163131-26ab-494b-a4b8-6a11ee7eba7d@group-E792FEA90364: set configuration 0: [64ea58c5-a4b1-4696-b7a2-92ce3d3c799d|rpc:127.0.0.1:34653|dataStream:|priority:0, ff163131-26ab-494b-a4b8-6a11ee7eba7d|rpc:127.0.0.1:43147|dataStream:|priority:0, 73a0175b-b29c-42d7-9744-7e0c9f30680d|rpc:127.0.0.1:45439|dataStream:|priority:1], old=null
2021-07-06 17:09:47,031 [grpc-default-executor-5] INFO  segmented.SegmentedRaftLogWorker (SegmentedRaftLogWorker.java:startLogSegment(394)) - ff163131-26ab-494b-a4b8-6a11ee7eba7d@group-E792FEA90364-SegmentedRaftLogWorker: Starting segment from index:0
2021-07-06 17:09:47,033 [64ea58c5-a4b1-4696-b7a2-92ce3d3c799d@group-E792FEA90364-SegmentedRaftLogWorker] INFO  segmented.SegmentedRaftLogWorker (SegmentedRaftLogWorker.java:execute(601)) - 64ea58c5-a4b1-4696-b7a2-92ce3d3c799d@group-E792FEA90364-SegmentedRaftLogWorker: created new log segment /home/runner/work/ozone/ozone/mnt/ozone/hadoop-ozone/integration-test/target/test-dir/MiniOzoneClusterImpl-f74e07ef-a4e5-4994-bf82-498fd787e76a/datanode-0/data/ratis/8fd3e776-5b3d-4dc2-912b-e792fea90364/current/log_inprogress_0
2021-07-06 17:09:47,035 [IPC Server handler 6 on default port 15274] INFO  ha.SCMRatisServerImpl (SCMRatisServerImpl.java:addSCM(291)) - Successfully added new SCM: c9c8c7da-b2d5-4e05-8678-9bfdfb976b9e.
2021-07-06 17:09:47,037 [Listener at 127.0.0.1/10896] INFO  ha.SCMHAManagerImpl (SCMHAManagerImpl.java:start(116)) - Successfully added SCM scmNode-3 to group group-498FD787E76A:[48f00b5a-c605-41fe-901b-b25c0b7536a6|rpc:localhost:15272|admin:|client:|dataStream:|priority:0, c9c8c7da-b2d5-4e05-8678-9bfdfb976b9e|rpc:localhost:15292|admin:|client:|dataStream:|priority:0, 9c66a5a1-6505-4feb-946f-7a4da78b4c7a|rpc:localhost:15282|admin:|client:|dataStream:|priority:0]
2021-07-06 17:09:47,037 [Listener at 127.0.0.1/10896] INFO  ha.InterSCMGrpcService (InterSCMGrpcProtocolService.java:start(94)) - Starting SCM Grpc Service at port 15296
2021-07-06 17:09:47,039 [Listener at 127.0.0.1/10896] INFO  impl.MetricsSystemImpl (MetricsSystemImpl.java:init(158)) - StorageContainerManager metrics system started (again)
2021-07-06 17:09:47,052 [48f00b5a-c605-41fe-901b-b25c0b7536a6@group-498FD787E76A-StateMachineUpdater] INFO  ha.SCMStateMachine (SCMStateMachine.java:takeSnapshot(290)) - Current Snapshot Index 30, takeSnapshot took 0 ms
2021-07-06 17:09:47,052 [48f00b5a-c605-41fe-901b-b25c0b7536a6@group-498FD787E76A-StateMachineUpdater] INFO  impl.StateMachineUpdater (StateMachineUpdater.java:takeSnapshot(281)) - 48f00b5a-c605-41fe-901b-b25c0b7536a6@group-498FD787E76A-StateMachineUpdater: Took a snapshot at index 30
2021-07-06 17:09:47,052 [48f00b5a-c605-41fe-901b-b25c0b7536a6@group-498FD787E76A-StateMachineUpdater] INFO  impl.StateMachineUpdater (StateMachineUpdater.java:lambda$new$0(89)) - 48f00b5a-c605-41fe-901b-b25c0b7536a6@group-498FD787E76A-StateMachineUpdater: snapshotIndex: updateIncreasingly 25 -> 30
2021-07-06 17:09:47,052 [48f00b5a-c605-41fe-901b-b25c0b7536a6@group-498FD787E76A-StateMachineUpdater] INFO  raftlog.RaftLog (RaftLogBase.java:purge(306)) - 48f00b5a-c605-41fe-901b-b25c0b7536a6@group-498FD787E76A-SegmentedRaftLog: purge 30
2021-07-06 17:09:47,052 [48f00b5a-c605-41fe-901b-b25c0b7536a6@group-498FD787E76A-StateMachineUpdater] INFO  raftlog.RaftLog (RaftLogBase.java:lambda$new$0(53)) - 48f00b5a-c605-41fe-901b-b25c0b7536a6@group-498FD787E76A-SegmentedRaftLog: snapshotIndex: updateIncreasingly 25 -> 30
2021-07-06 17:09:47,052 [48f00b5a-c605-41fe-901b-b25c0b7536a6@group-498FD787E76A-StateMachineUpdater] INFO  raftlog.RaftLog (RaftLogBase.java:lambda$new$0(53)) - 48f00b5a-c605-41fe-901b-b25c0b7536a6@group-498FD787E76A-SegmentedRaftLog: purgeIndex: updateToMax old=25, new=30, updated? true
2021-07-06 17:09:47,054 [ff163131-26ab-494b-a4b8-6a11ee7eba7d@group-E792FEA90364-SegmentedRaftLogWorker] INFO  segmented.SegmentedRaftLogWorker (SegmentedRaftLogWorker.java:execute(601)) - ff163131-26ab-494b-a4b8-6a11ee7eba7d@group-E792FEA90364-SegmentedRaftLogWorker: created new log segment /home/runner/work/ozone/ozone/mnt/ozone/hadoop-ozone/integration-test/target/test-dir/MiniOzoneClusterImpl-f74e07ef-a4e5-4994-bf82-498fd787e76a/datanode-2/data/ratis/8fd3e776-5b3d-4dc2-912b-e792fea90364/current/log_inprogress_0
2021-07-06 17:09:47,078 [c9c8c7da-b2d5-4e05-8678-9bfdfb976b9e@group-498FD787E76A-StateMachineUpdater] INFO  safemode.HealthyPipelineSafeModeRule (HealthyPipelineSafeModeRule.java:initializeRule(152)) - Refreshed total pipeline count is 2, healthy pipeline threshold count is 1
2021-07-06 17:09:47,078 [c9c8c7da-b2d5-4e05-8678-9bfdfb976b9e@group-498FD787E76A-StateMachineUpdater] INFO  safemode.ContainerSafeModeRule (ContainerSafeModeRule.java:reInitializeRule(177)) - Refreshed one replica container threshold 0, currentThreshold 0
2021-07-06 17:09:47,078 [c9c8c7da-b2d5-4e05-8678-9bfdfb976b9e@group-498FD787E76A-StateMachineUpdater] INFO  safemode.OneReplicaPipelineSafeModeRule (OneReplicaPipelineSafeModeRule.java:initializeRule(176)) - Refreshed Total pipeline count is 2, pipeline's with at least one datanode reported threshold count is 2
2021-07-06 17:09:47,078 [c9c8c7da-b2d5-4e05-8678-9bfdfb976b9e@group-498FD787E76A-StateMachineUpdater] INFO  server.SCMDatanodeProtocolServer (SCMDatanodeProtocolServer.java:start(177)) - RPC server for DataNodes is listening at /0.0.0.0:15293
2021-07-06 17:09:47,085 [Listener at 127.0.0.1/10896] INFO  server.SCMClientProtocolServer (SCMClientProtocolServer.java:start(163)) - RPC server for Client  is listening at /0.0.0.0:15295
2021-07-06 17:09:47,086 [IPC Server Responder] INFO  ipc.Server (Server.java:run(1497)) - IPC Server Responder: starting
2021-07-06 17:09:47,086 [IPC Server listener on 15295] INFO  ipc.Server (Server.java:run(1334)) - IPC Server listener on 15295: starting
2021-07-06 17:09:47,093 [Listener at 127.0.0.1/10896] INFO  server.StorageContainerManager (StorageContainerManager.java:start(1229)) - ScmBlockLocationProtocol RPC server is listening at /0.0.0.0:15294
2021-07-06 17:09:47,093 [Listener at 127.0.0.1/10896] INFO  server.SCMBlockProtocolServer (SCMBlockProtocolServer.java:start(151)) - RPC server for Block Protocol is listening at /0.0.0.0:15294
2021-07-06 17:09:47,093 [IPC Server Responder] INFO  ipc.Server (Server.java:run(1497)) - IPC Server Responder: starting
2021-07-06 17:09:47,094 [IPC Server listener on 15294] INFO  ipc.Server (Server.java:run(1334)) - IPC Server listener on 15294: starting
2021-07-06 17:09:47,097 [Listener at 127.0.0.1/10896] INFO  server.StorageContainerManager (StorageContainerManager.java:start(1235)) - ScmDatanodeProtocl RPC server is listening at /0.0.0.0:15293
2021-07-06 17:09:47,106 [Listener at 127.0.0.1/10896] INFO  http.BaseHttpServer (BaseHttpServer.java:newHttpServer2BuilderForOzone(209)) - Starting Web-server for scm at: http://0.0.0.0:15290
2021-07-06 17:09:47,106 [Listener at 127.0.0.1/10896] INFO  http.BaseHttpServer (BaseHttpServer.java:<init>(107)) - Hadoop Security Enabled: false Ozone Security Enabled: false Ozone HTTP Security Enabled: false 
2021-07-06 17:09:47,107 [Listener at 127.0.0.1/10896] INFO  server.AuthenticationFilter (AuthenticationFilter.java:constructSecretProvider(240)) - Unable to initialize FileSignerSecretProvider, falling back to use random secrets.
2021-07-06 17:09:47,108 [org.apache.hadoop.util.JvmPauseMonitor$Monitor@51038633] INFO  util.JvmPauseMonitor (JvmPauseMonitor.java:run(188)) - Starting JVM pause monitor
2021-07-06 17:09:47,108 [Listener at 127.0.0.1/10896] WARN  http.HttpRequestLog (HttpRequestLog.java:getRequestLog(103)) - Jetty request log can only be enabled using Log4j
2021-07-06 17:09:47,109 [Listener at 127.0.0.1/10896] INFO  http.HttpServer2 (HttpServer2.java:addGlobalFilter(1020)) - Added global filter 'safety' (class=org.apache.hadoop.hdds.server.http.HttpServer2$QuotingInputFilter)
2021-07-06 17:09:47,109 [Listener at 127.0.0.1/10896] INFO  http.HttpServer2 (HttpServer2.java:addFilter(996)) - Added filter static_user_filter (class=org.apache.hadoop.http.lib.StaticUserWebFilter$StaticUserFilter) to context scm
2021-07-06 17:09:47,109 [Listener at 127.0.0.1/10896] INFO  http.HttpServer2 (HttpServer2.java:addFilter(1004)) - Added filter static_user_filter (class=org.apache.hadoop.http.lib.StaticUserWebFilter$StaticUserFilter) to context logs
2021-07-06 17:09:47,109 [Listener at 127.0.0.1/10896] INFO  http.HttpServer2 (HttpServer2.java:addFilter(1004)) - Added filter static_user_filter (class=org.apache.hadoop.http.lib.StaticUserWebFilter$StaticUserFilter) to context static
2021-07-06 17:09:47,110 [Listener at 127.0.0.1/10896] INFO  http.HttpServer2 (HttpServer2.java:bindListener(1238)) - Jetty bound to port 15290
2021-07-06 17:09:47,110 [Listener at 127.0.0.1/10896] INFO  server.Server (Server.java:doStart(375)) - jetty-9.4.35.v20201120; built: 2020-11-20T21:17:03.964Z; git: bdc54f03a5e0a7e280fab27f55c3c75ee8da89fb; jvm 1.8.0_292-b10
2021-07-06 17:09:47,113 [Listener at 127.0.0.1/10896] INFO  server.session (DefaultSessionIdManager.java:doStart(334)) - DefaultSessionIdManager workerName=node0
2021-07-06 17:09:47,113 [Listener at 127.0.0.1/10896] INFO  server.session (DefaultSessionIdManager.java:doStart(339)) - No SessionScavenger set, using defaults
2021-07-06 17:09:47,113 [Listener at 127.0.0.1/10896] INFO  server.session (HouseKeeper.java:startScavenging(132)) - node0 Scavenging every 600000ms
2021-07-06 17:09:47,114 [Listener at 127.0.0.1/10896] INFO  handler.ContextHandler (ContextHandler.java:doStart(916)) - Started o.e.j.s.ServletContextHandler@4310d985{logs,/logs,file:///home/runner/work/ozone/ozone/mnt/ozone/hadoop-ozone/integration-test/target/log,AVAILABLE}
2021-07-06 17:09:47,114 [Listener at 127.0.0.1/10896] INFO  handler.ContextHandler (ContextHandler.java:doStart(916)) - Started o.e.j.s.ServletContextHandler@118bace5{static,/static,file:///home/runner/work/ozone/ozone/mnt/ozone/hadoop-ozone/integration-test/target/test-classes/webapps/static,AVAILABLE}
2021-07-06 17:09:47,128 [Listener at 127.0.0.1/10896] INFO  handler.ContextHandler (ContextHandler.java:doStart(916)) - Started o.e.j.w.WebAppContext@69438db0{scm,/,file:///home/runner/work/ozone/ozone/mnt/ozone/hadoop-ozone/integration-test/target/test-classes/webapps/scm/,AVAILABLE}{file:/home/runner/work/ozone/ozone/mnt/ozone/hadoop-ozone/integration-test/target/test-classes/webapps/scm}
2021-07-06 17:09:47,128 [IPC Server listener on 15293] INFO  ipc.Server (Server.java:run(1334)) - IPC Server listener on 15293: starting
2021-07-06 17:09:47,134 [IPC Server Responder] INFO  ipc.Server (Server.java:run(1497)) - IPC Server Responder: starting
2021-07-06 17:09:47,138 [IPC Server handler 0 on default port 15293] INFO  ipc.Server (Server.java:run(1020)) - IPC Server handler 0 on default port 15293: skipped Call#245 Retry#0 org.apache.hadoop.ozone.protocol.StorageContainerDatanodeProtocol.submitRequest from 127.0.0.1:58972
2021-07-06 17:09:47,138 [Listener at 127.0.0.1/10896] INFO  server.AbstractConnector (AbstractConnector.java:doStart(331)) - Started ServerConnector@2c03678{HTTP/1.1, (http/1.1)}{0.0.0.0:15290}
2021-07-06 17:09:47,138 [Listener at 127.0.0.1/10896] INFO  server.Server (Server.java:doStart(415)) - Started @94676ms
2021-07-06 17:09:47,138 [Listener at 127.0.0.1/10896] WARN  impl.MetricsSystemImpl (MetricsSystemImpl.java:register(279)) - Sink prometheus already exists!
2021-07-06 17:09:47,139 [IPC Server handler 1 on default port 15293] WARN  ipc.Server (Server.java:processResponse(1707)) - IPC Server handler 1 on default port 15293, call Call#268 Retry#0 org.apache.hadoop.ozone.protocol.StorageContainerDatanodeProtocol.submitRequest from 127.0.0.1:59020: output error
2021-07-06 17:09:47,139 [IPC Server handler 1 on default port 15293] INFO  ipc.Server (Server.java:run(2970)) - IPC Server handler 1 on default port 15293 caught an exception
java.nio.channels.ClosedChannelException
	at sun.nio.ch.SocketChannelImpl.ensureWriteOpen(SocketChannelImpl.java:269)
	at sun.nio.ch.SocketChannelImpl.write(SocketChannelImpl.java:460)
	at org.apache.hadoop.ipc.Server.channelWrite(Server.java:3594)
	at org.apache.hadoop.ipc.Server.access$1700(Server.java:139)
	at org.apache.hadoop.ipc.Server$Responder.processResponse(Server.java:1657)
	at org.apache.hadoop.ipc.Server$Responder.doRespond(Server.java:1727)
	at org.apache.hadoop.ipc.Server$Connection.sendResponse(Server.java:2828)
	at org.apache.hadoop.ipc.Server$Connection.access$300(Server.java:1799)
	at org.apache.hadoop.ipc.Server$RpcCall.doResponse(Server.java:1111)
	at org.apache.hadoop.ipc.Server$Call.doResponse(Server.java:903)
	at org.apache.hadoop.ipc.Server$Call.sendResponse(Server.java:889)
	at org.apache.hadoop.ipc.Server$RpcCall.run(Server.java:1046)
	at org.apache.hadoop.ipc.Server$RpcCall.run(Server.java:957)
	at java.security.AccessController.doPrivileged(Native Method)
	at javax.security.auth.Subject.doAs(Subject.java:422)
	at org.apache.hadoop.security.UserGroupInformation.doAs(UserGroupInformation.java:1762)
	at org.apache.hadoop.ipc.Server$Handler.run(Server.java:2957)
2021-07-06 17:09:47,139 [IPC Server handler 1 on default port 15293] INFO  ipc.Server (Server.java:run(1020)) - IPC Server handler 1 on default port 15293: skipped Call#248 Retry#0 org.apache.hadoop.ozone.protocol.StorageContainerDatanodeProtocol.submitRequest from 127.0.0.1:58972
2021-07-06 17:09:47,139 [IPC Server handler 2 on default port 15293] INFO  ipc.Server (Server.java:run(1020)) - IPC Server handler 2 on default port 15293: skipped Call#269 Retry#0 org.apache.hadoop.ozone.protocol.StorageContainerDatanodeProtocol.submitRequest from 127.0.0.1:59020
2021-07-06 17:09:47,139 [IPC Server handler 2 on default port 15293] INFO  ipc.Server (Server.java:run(1020)) - IPC Server handler 2 on default port 15293: skipped Call#313 Retry#0 org.apache.hadoop.ozone.protocol.StorageContainerDatanodeProtocol.submitRequest from 127.0.0.1:59060
2021-07-06 17:09:47,139 [IPC Server handler 2 on default port 15293] INFO  ipc.Server (Server.java:run(1020)) - IPC Server handler 2 on default port 15293: skipped Call#270 Retry#0 org.apache.hadoop.ozone.protocol.StorageContainerDatanodeProtocol.submitRequest from 127.0.0.1:59020
2021-07-06 17:09:47,139 [IPC Server handler 2 on default port 15293] INFO  ipc.Server (Server.java:run(1020)) - IPC Server handler 2 on default port 15293: skipped Call#250 Retry#0 org.apache.hadoop.ozone.protocol.StorageContainerDatanodeProtocol.submitRequest from 127.0.0.1:58972
2021-07-06 17:09:47,138 [IPC Server handler 0 on default port 15293] INFO  ipc.Server (Server.java:run(1020)) - IPC Server handler 0 on default port 15293: skipped Call#311 Retry#0 org.apache.hadoop.ozone.protocol.StorageContainerDatanodeProtocol.submitRequest from 127.0.0.1:59060
2021-07-06 17:09:47,139 [IPC Server handler 0 on default port 15293] INFO  ipc.Server (Server.java:run(1020)) - IPC Server handler 0 on default port 15293: skipped Call#312 Retry#0 org.apache.hadoop.ozone.protocol.StorageContainerDatanodeProtocol.submitRequest from 127.0.0.1:59060
2021-07-06 17:09:47,140 [EndpointStateMachine task thread for /127.0.0.1:15293 - 0 ] INFO  ozoneimpl.OzoneContainer (OzoneContainer.java:start(301)) - Ignore. OzoneContainer already started.
2021-07-06 17:09:47,141 [Listener at 127.0.0.1/10896] INFO  http.BaseHttpServer (BaseHttpServer.java:updateConnectorAddress(329)) - HTTP server of scm listening at http://0.0.0.0:15290
2021-07-06 17:09:47,141 [Listener at 127.0.0.1/10896] INFO  safemode.SCMSafeModeManager (SCMSafeModeManager.java:exitSafeMode(248)) - SCM exiting safe mode.
2021-07-06 17:09:47,141 [Listener at 127.0.0.1/10896] WARN  events.EventQueue (EventQueue.java:fireEvent(194)) - No event handler registered for event TypedEvent{payloadType=SafeModeStatus, name='Safe mode status'}
2021-07-06 17:09:47,141 [Listener at 127.0.0.1/10896] INFO  ha.SCMContext (SCMContext.java:updateSafeModeStatus(208)) - Update SafeModeStatus from SafeModeStatus{safeModeStatus=true, preCheckPassed=false} to SafeModeStatus{safeModeStatus=false, preCheckPassed=true}.
2021-07-06 17:09:47,146 [EndpointStateMachine task thread for /127.0.0.1:15293 - 0 ] INFO  ozoneimpl.OzoneContainer (OzoneContainer.java:start(301)) - Ignore. OzoneContainer already started.
2021-07-06 17:09:47,146 [EndpointStateMachine task thread for /127.0.0.1:15293 - 0 ] INFO  ozoneimpl.OzoneContainer (OzoneContainer.java:start(301)) - Ignore. OzoneContainer already started.
2021-07-06 17:09:47,149 [Listener at 127.0.0.1/10896] INFO  db.RDBCheckpointManager (RDBCheckpointManager.java:createCheckpoint(86)) - Created checkpoint at /home/runner/work/ozone/ozone/mnt/ozone/hadoop-ozone/integration-test/target/test-dir/MiniOzoneClusterImpl-f74e07ef-a4e5-4994-bf82-498fd787e76a/scmNode-1/db.checkpoints/scm.db_checkpoint_1625591387141 in 8 milliseconds
2021-07-06 17:09:47,149 [Listener at 127.0.0.1/10896] INFO  server.SCMDatanodeProtocolServer (SCMDatanodeProtocolServer.java:start(177)) - RPC server for DataNodes is listening at /0.0.0.0:15293
2021-07-06 17:09:47,158 [c9c8c7da-b2d5-4e05-8678-9bfdfb976b9e@group-498FD787E76A-StateMachineUpdater] ERROR impl.StateMachineUpdater (StateMachineUpdater.java:run(191)) - c9c8c7da-b2d5-4e05-8678-9bfdfb976b9e@group-498FD787E76A-StateMachineUpdater caught a Throwable.
java.lang.IllegalStateException: c9c8c7da-b2d5-4e05-8678-9bfdfb976b9e: Failed updateLastAppliedTermIndex: newTI = (t:2, i:27) < oldTI = (t:2, i:130)
	at org.apache.ratis.util.Preconditions.assertTrue(Preconditions.java:72)
	at org.apache.ratis.statemachine.impl.BaseStateMachine.updateLastAppliedTermIndex(BaseStateMachine.java:141)
	at org.apache.hadoop.hdds.scm.ha.SCMStateMachine.notifyTermIndexUpdated(SCMStateMachine.java:303)
	at org.apache.ratis.server.impl.RaftServerImpl.applyLogToStateMachine(RaftServerImpl.java:1668)
	at org.apache.ratis.server.impl.StateMachineUpdater.applyLog(StateMachineUpdater.java:234)
	at org.apache.ratis.server.impl.StateMachineUpdater.run(StateMachineUpdater.java:179)
	at java.lang.Thread.run(Thread.java:748)
2021-07-06 17:09:47,158 [c9c8c7da-b2d5-4e05-8678-9bfdfb976b9e@group-498FD787E76A-StateMachineUpdater] INFO  server.RaftServer$Division (RaftServerImpl.java:lambda$close$4(406)) - c9c8c7da-b2d5-4e05-8678-9bfdfb976b9e@group-498FD787E76A: shutdown
2021-07-06 17:09:47,158 [c9c8c7da-b2d5-4e05-8678-9bfdfb976b9e@group-498FD787E76A-StateMachineUpdater] INFO  util.JmxRegister (JmxRegister.java:unregister(73)) - Successfully un-registered JMX Bean with object name Ratis:service=RaftServer,group=group-498FD787E76A,id=c9c8c7da-b2d5-4e05-8678-9bfdfb976b9e
2021-07-06 17:09:47,158 [c9c8c7da-b2d5-4e05-8678-9bfdfb976b9e@group-498FD787E76A-StateMachineUpdater] INFO  impl.RoleInfo (RoleInfo.java:shutdownFollowerState(108)) - c9c8c7da-b2d5-4e05-8678-9bfdfb976b9e: shutdown c9c8c7da-b2d5-4e05-8678-9bfdfb976b9e@group-498FD787E76A-FollowerState
2021-07-06 17:09:47,158 [c9c8c7da-b2d5-4e05-8678-9bfdfb976b9e@group-498FD787E76A-StateMachineUpdater] INFO  ha.SCMStateMachine (HadoopExecutors.java:shutdown(118)) - Gracefully shutting down executor service. Waiting max 5 SECONDS
2021-07-06 17:09:47,158 [c9c8c7da-b2d5-4e05-8678-9bfdfb976b9e@group-498FD787E76A-StateMachineUpdater] INFO  ha.SCMStateMachine (HadoopExecutors.java:shutdown(129)) - Succesfully shutdown executor service
2021-07-06 17:09:47,158 [c9c8c7da-b2d5-4e05-8678-9bfdfb976b9e@group-498FD787E76A-StateMachineUpdater] INFO  metrics.RatisMetrics (RatisMetrics.java:unregister(43)) - Unregistering Metrics Registry : ratis.state_machine.c9c8c7da-b2d5-4e05-8678-9bfdfb976b9e@group-498FD787E76A
2021-07-06 17:09:47,158 [c9c8c7da-b2d5-4e05-8678-9bfdfb976b9e@group-498FD787E76A-StateMachineUpdater] INFO  server.RaftServer$Division (ServerState.java:close(405)) - c9c8c7da-b2d5-4e05-8678-9bfdfb976b9e@group-498FD787E76A: closes. applyIndex: 27
2021-07-06 17:09:47,160 [Listener at 127.0.0.1/10896] INFO  ozone.MiniOzoneClusterImpl (MiniOzoneClusterImpl.java:shutdown(445)) - Shutting down the Mini Ozone Cluster
2021-07-06 17:09:47,160 [Listener at 127.0.0.1/10896] INFO  ozone.MiniOzoneHAClusterImpl (MiniOzoneHAClusterImpl.java:stop(288)) - Stopping the OzoneManager omNode-1
2021-07-06 17:09:47,160 [Listener at 127.0.0.1/10896] INFO  ipc.Server (Server.java:stop(3403)) - Stopping server on 10896
2021-07-06 17:09:47,163 [c9c8c7da-b2d5-4e05-8678-9bfdfb976b9e@group-498FD787E76A-SegmentedRaftLogWorker] INFO  segmented.SegmentedRaftLogWorker (SegmentedRaftLogWorker.java:run(327)) - c9c8c7da-b2d5-4e05-8678-9bfdfb976b9e@group-498FD787E76A-SegmentedRaftLogWorker was interrupted, exiting. There are 0 tasks remaining in the queue.
2021-07-06 17:09:47,163 [c9c8c7da-b2d5-4e05-8678-9bfdfb976b9e@group-498FD787E76A-FollowerState] INFO  impl.FollowerState (FollowerState.java:run(143)) - c9c8c7da-b2d5-4e05-8678-9bfdfb976b9e@group-498FD787E76A-FollowerState was interrupted: {}
java.lang.InterruptedException: sleep interrupted
	at java.lang.Thread.sleep(Native Method)
	at java.lang.Thread.sleep(Thread.java:340)
	at java.util.concurrent.TimeUnit.sleep(TimeUnit.java:386)
	at org.apache.ratis.util.TimeDuration.sleep(TimeDuration.java:324)
	at org.apache.ratis.util.TimeDuration.sleep(TimeDuration.java:309)
	at org.apache.ratis.server.impl.FollowerState.run(FollowerState.java:118)
2021-07-06 17:09:47,163 [IPC Server Responder] INFO  ipc.Server (Server.java:run(1502)) - Stopping IPC Server Responder
2021-07-06 17:09:47,163 [IPC Server listener on 10896] INFO  ipc.Server (Server.java:run(1366)) - Stopping IPC Server listener on 10896
2021-07-06 17:09:47,166 [c9c8c7da-b2d5-4e05-8678-9bfdfb976b9e@group-498FD787E76A-StateMachineUpdater] INFO  segmented.SegmentedRaftLogWorker (SegmentedRaftLogWorker.java:close(237)) - c9c8c7da-b2d5-4e05-8678-9bfdfb976b9e@group-498FD787E76A-SegmentedRaftLogWorker close()
2021-07-06 17:09:47,168 [Listener at 127.0.0.1/10896] INFO  server.RaftServer (RaftServerProxy.java:lambda$close$6(391)) - omNode-1: close
2021-07-06 17:09:47,172 [Listener at 127.0.0.1/10896] INFO  server.RaftServer$Division (RaftServerImpl.java:lambda$close$4(406)) - omNode-1@group-523986131536: shutdown
2021-07-06 17:09:47,173 [c9c8c7da-b2d5-4e05-8678-9bfdfb976b9e@group-498FD787E76A-StateMachineUpdater] INFO  metrics.RatisMetrics (RatisMetrics.java:unregister(43)) - Unregistering Metrics Registry : ratis.log_worker.c9c8c7da-b2d5-4e05-8678-9bfdfb976b9e@group-498FD787E76A
2021-07-06 17:09:47,173 [Listener at 127.0.0.1/10896] INFO  util.JmxRegister (JmxRegister.java:unregister(73)) - Successfully un-registered JMX Bean with object name Ratis:service=RaftServer,group=group-523986131536,id=omNode-1
2021-07-06 17:09:47,173 [Listener at 127.0.0.1/10896] INFO  impl.RoleInfo (RoleInfo.java:shutdownLeaderState(91)) - omNode-1: shutdown omNode-1@group-523986131536-LeaderStateImpl
2021-07-06 17:09:47,173 [c9c8c7da-b2d5-4e05-8678-9bfdfb976b9e@group-498FD787E76A-StateMachineUpdater] INFO  metrics.RatisMetrics (RatisMetrics.java:unregister(43)) - Unregistering Metrics Registry : ratis.leader_election.c9c8c7da-b2d5-4e05-8678-9bfdfb976b9e@group-498FD787E76A
2021-07-06 17:09:47,174 [Listener at 127.0.0.1/10896] INFO  impl.PendingRequests (PendingRequests.java:sendNotLeaderResponses(249)) - omNode-1@group-523986131536-PendingRequests: sendNotLeaderResponses
2021-07-06 17:09:47,174 [c9c8c7da-b2d5-4e05-8678-9bfdfb976b9e@group-498FD787E76A-StateMachineUpdater] INFO  metrics.RatisMetrics (RatisMetrics.java:unregister(43)) - Unregistering Metrics Registry : ratis.server.c9c8c7da-b2d5-4e05-8678-9bfdfb976b9e@group-498FD787E76A
2021-07-06 17:09:47,174 [Listener at 127.0.0.1/10896] INFO  metrics.RatisMetrics (RatisMetrics.java:unregister(43)) - Unregistering Metrics Registry : ratis.log_appender.omNode-1@group-523986131536
2021-07-06 17:09:47,174 [Listener at 127.0.0.1/10896] INFO  metrics.RatisMetrics (RatisMetrics.java:unregister(43)) - Unregistering Metrics Registry : ratis.server.omNode-1@group-523986131536
2021-07-06 17:09:47,174 [Listener at 127.0.0.1/10896] INFO  impl.StateMachineUpdater (StateMachineUpdater.java:stopAndJoin(149)) - omNode-1@group-523986131536-StateMachineUpdater: set stopIndex = 0
2021-07-06 17:09:47,174 [omNode-1@group-523986131536-StateMachineUpdater] INFO  ratis.OzoneManagerStateMachine (OzoneManagerStateMachine.java:takeSnapshot(347)) - Current Snapshot Index (t:1, i:0)
2021-07-06 17:09:47,174 [omNode-1@group-523986131536-StateMachineUpdater] INFO  impl.StateMachineUpdater (StateMachineUpdater.java:takeSnapshot(281)) - omNode-1@group-523986131536-StateMachineUpdater: Took a snapshot at index 0
2021-07-06 17:09:47,175 [omNode-1@group-523986131536-StateMachineUpdater] INFO  impl.StateMachineUpdater (StateMachineUpdater.java:lambda$new$0(89)) - omNode-1@group-523986131536-StateMachineUpdater: snapshotIndex: updateIncreasingly -1 -> 0
2021-07-06 17:09:47,175 [omNode-1@group-523986131536-StateMachineUpdater] INFO  metrics.RatisMetrics (RatisMetrics.java:unregister(43)) - Unregistering Metrics Registry : ratis.state_machine.omNode-1@group-523986131536
2021-07-06 17:09:47,176 [Listener at 127.0.0.1/10896] INFO  server.RaftServer$Division (ServerState.java:close(405)) - omNode-1@group-523986131536: closes. applyIndex: 0
2021-07-06 17:09:47,176 [omNode-1@group-523986131536-SegmentedRaftLogWorker] INFO  segmented.SegmentedRaftLogWorker (SegmentedRaftLogWorker.java:run(327)) - omNode-1@group-523986131536-SegmentedRaftLogWorker was interrupted, exiting. There are 0 tasks remaining in the queue.
2021-07-06 17:09:47,177 [Listener at 127.0.0.1/10896] INFO  segmented.SegmentedRaftLogWorker (SegmentedRaftLogWorker.java:close(237)) - omNode-1@group-523986131536-SegmentedRaftLogWorker close()
2021-07-06 17:09:47,179 [Listener at 127.0.0.1/10896] INFO  metrics.RatisMetrics (RatisMetrics.java:unregister(43)) - Unregistering Metrics Registry : ratis.log_worker.omNode-1@group-523986131536
2021-07-06 17:09:47,179 [Listener at 127.0.0.1/10896] INFO  metrics.RatisMetrics (RatisMetrics.java:unregister(43)) - Unregistering Metrics Registry : ratis.leader_election.omNode-1@group-523986131536
2021-07-06 17:09:47,179 [Listener at 127.0.0.1/10896] INFO  metrics.RatisMetrics (RatisMetrics.java:unregister(43)) - Unregistering Metrics Registry : ratis.server.omNode-1@group-523986131536
2021-07-06 17:09:47,179 [Listener at 127.0.0.1/10896] INFO  server.GrpcService (GrpcService.java:closeImpl(262)) - omNode-1: shutdown server with port 10900 now
2021-07-06 17:09:47,180 [Listener at 127.0.0.1/10896] INFO  server.GrpcService (GrpcService.java:closeImpl(271)) - omNode-1: shutdown server with port 10900 successfully
2021-07-06 17:09:47,180 [org.apache.ratis.util.JvmPauseMonitor$$Lambda$493/488669101@732af580] INFO  util.JvmPauseMonitor (JvmPauseMonitor.java:run(109)) - JvmPauseMonitor-omNode-1: Stopped
2021-07-06 17:09:47,180 [Listener at 127.0.0.1/10896] INFO  ratis.OzoneManagerDoubleBuffer (OzoneManagerDoubleBuffer.java:stop(426)) - Stopping OMDoubleBuffer flush thread
2021-07-06 17:09:47,180 [OMDoubleBufferFlushThread] INFO  ratis.OzoneManagerDoubleBuffer (OzoneManagerDoubleBuffer.java:flushTransactions(353)) - OMDoubleBuffer flush thread OMDoubleBufferFlushThread is interrupted and will exit. OMDoubleBufferFlushThread
2021-07-06 17:09:47,180 [Listener at 127.0.0.1/10896] INFO  ratis.OzoneManagerStateMachine (HadoopExecutors.java:shutdown(118)) - Gracefully shutting down executor service. Waiting max 5 SECONDS
2021-07-06 17:09:47,181 [Listener at 127.0.0.1/10896] INFO  ratis.OzoneManagerStateMachine (HadoopExecutors.java:shutdown(129)) - Succesfully shutdown executor service
2021-07-06 17:09:47,181 [Listener at 127.0.0.1/10896] INFO  ratis.OzoneManagerStateMachine (HadoopExecutors.java:shutdown(118)) - Gracefully shutting down executor service. Waiting max 5 SECONDS
2021-07-06 17:09:47,181 [Listener at 127.0.0.1/10896] INFO  ratis.OzoneManagerStateMachine (HadoopExecutors.java:shutdown(129)) - Succesfully shutdown executor service
2021-07-06 17:09:47,181 [Listener at 127.0.0.1/10896] INFO  utils.BackgroundService (BackgroundService.java:shutdown(132)) - Shutting down service KeyDeletingService
2021-07-06 17:09:47,182 [Listener at 127.0.0.1/10896] INFO  handler.ContextHandler (ContextHandler.java:doStop(1154)) - Stopped o.e.j.w.WebAppContext@4d7143de{ozoneManager,/,null,STOPPED}{file:/home/runner/work/ozone/ozone/mnt/ozone/hadoop-ozone/integration-test/target/test-classes/webapps/ozoneManager}
2021-07-06 17:09:47,183 [Listener at 127.0.0.1/10896] INFO  server.AbstractConnector (AbstractConnector.java:doStop(381)) - Stopped ServerConnector@2df92850{HTTP/1.1, (http/1.1)}{0.0.0.0:10898}
2021-07-06 17:09:47,183 [Listener at 127.0.0.1/10896] INFO  server.session (HouseKeeper.java:stopScavenging(149)) - node0 Stopped scavenging
2021-07-06 17:09:47,183 [Listener at 127.0.0.1/10896] INFO  handler.ContextHandler (ContextHandler.java:doStop(1154)) - Stopped o.e.j.s.ServletContextHandler@1b250e51{static,/static,file:///home/runner/work/ozone/ozone/mnt/ozone/hadoop-ozone/integration-test/target/test-classes/webapps/static,STOPPED}
2021-07-06 17:09:47,183 [Listener at 127.0.0.1/10896] INFO  handler.ContextHandler (ContextHandler.java:doStop(1154)) - Stopped o.e.j.s.ServletContextHandler@2c7ddfa0{logs,/logs,file:///home/runner/work/ozone/ozone/mnt/ozone/hadoop-ozone/integration-test/target/log,STOPPED}
2021-07-06 17:09:47,186 [Listener at 127.0.0.1/10896] INFO  ozone.MiniOzoneHAClusterImpl (MiniOzoneHAClusterImpl.java:stop(296)) - Stopping the StorageContainerManager 48f00b5a-c605-41fe-901b-b25c0b7536a6
2021-07-06 17:09:47,186 [Listener at 127.0.0.1/10896] INFO  server.StorageContainerManager (StorageContainerManager.java:stop(1306)) - Stopping Replication Manager Service.
2021-07-06 17:09:47,186 [Listener at 127.0.0.1/10896] INFO  container.ReplicationManager (ReplicationManager.java:stop(260)) - Stopping Replication Monitor Thread.
2021-07-06 17:09:47,186 [Listener at 127.0.0.1/10896] INFO  server.StorageContainerManager (StorageContainerManager.java:stop(1313)) - Stopping the Datanode Admin Monitor.
2021-07-06 17:09:47,187 [Listener at 127.0.0.1/10896] INFO  server.StorageContainerManager (StorageContainerManager.java:stop(1320)) - Stopping Lease Manager of the command watchers
2021-07-06 17:09:47,187 [Listener at 127.0.0.1/10896] INFO  server.StorageContainerManager (StorageContainerManager.java:stop(1327)) - Stopping datanode service RPC server
2021-07-06 17:09:47,187 [Listener at 127.0.0.1/10896] INFO  server.SCMDatanodeProtocolServer (SCMDatanodeProtocolServer.java:stop(377)) - Stopping the RPC server for DataNodes
2021-07-06 17:09:47,187 [Listener at 127.0.0.1/10896] INFO  ipc.Server (Server.java:stop(3403)) - Stopping server on 15273
2021-07-06 17:09:47,189 [IPC Server listener on 15273] INFO  ipc.Server (Server.java:run(1366)) - Stopping IPC Server listener on 15273
2021-07-06 17:09:47,193 [IPC Server Responder] INFO  ipc.Server (Server.java:run(1502)) - Stopping IPC Server Responder
2021-07-06 17:09:47,242 [EndpointStateMachine task thread for /127.0.0.1:15273 - 0 ] WARN  statemachine.EndpointStateMachine (EndpointStateMachine.java:logIfNeeded(236)) - Unable to communicate to SCM server at 127.0.0.1:15273 for past 0 seconds.
java.io.EOFException: End of File Exception between local host is: "fv-az50-207/10.1.0.59"; destination host is: "localhost":15273; : java.io.EOFException; For more details see:  http://wiki.apache.org/hadoop/EOFException
	at sun.reflect.NativeConstructorAccessorImpl.newInstance0(Native Method)
	at sun.reflect.NativeConstructorAccessorImpl.newInstance(NativeConstructorAccessorImpl.java:62)
	at sun.reflect.DelegatingConstructorAccessorImpl.newInstance(DelegatingConstructorAccessorImpl.java:45)
	at java.lang.reflect.Constructor.newInstance(Constructor.java:423)
	at org.apache.hadoop.net.NetUtils.wrapWithMessage(NetUtils.java:836)
	at org.apache.hadoop.net.NetUtils.wrapException(NetUtils.java:794)
	at org.apache.hadoop.ipc.Client.getRpcResponse(Client.java:1566)
	at org.apache.hadoop.ipc.Client.call(Client.java:1508)
	at org.apache.hadoop.ipc.Client.call(Client.java:1405)
	at org.apache.hadoop.ipc.ProtobufRpcEngine$Invoker.invoke(ProtobufRpcEngine.java:233)
	at org.apache.hadoop.ipc.ProtobufRpcEngine$Invoker.invoke(ProtobufRpcEngine.java:118)
	at com.sun.proxy.$Proxy45.submitRequest(Unknown Source)
	at org.apache.hadoop.ozone.protocolPB.StorageContainerDatanodeProtocolClientSideTranslatorPB.submitRequest(StorageContainerDatanodeProtocolClientSideTranslatorPB.java:117)
	at org.apache.hadoop.ozone.protocolPB.StorageContainerDatanodeProtocolClientSideTranslatorPB.sendHeartbeat(StorageContainerDatanodeProtocolClientSideTranslatorPB.java:149)
	at org.apache.hadoop.ozone.container.common.states.endpoint.HeartbeatEndpointTask.call(HeartbeatEndpointTask.java:146)
	at org.apache.hadoop.ozone.container.common.states.endpoint.HeartbeatEndpointTask.call(HeartbeatEndpointTask.java:77)
	at java.util.concurrent.FutureTask.run(FutureTask.java:266)
	at java.util.concurrent.ThreadPoolExecutor.runWorker(ThreadPoolExecutor.java:1149)
	at java.util.concurrent.ThreadPoolExecutor$Worker.run(ThreadPoolExecutor.java:624)
	at java.lang.Thread.run(Thread.java:748)
Caused by: java.io.EOFException
	at java.io.DataInputStream.readInt(DataInputStream.java:392)
	at org.apache.hadoop.ipc.Client$IpcStreams.readResponse(Client.java:1880)
	at org.apache.hadoop.ipc.Client$Connection.receiveRpcResponse(Client.java:1191)
	at org.apache.hadoop.ipc.Client$Connection.run(Client.java:1087)
2021-07-06 17:09:47,244 [IPC Server handler 0 on default port 15293] INFO  net.NetworkTopologyImpl (NetworkTopologyImpl.java:add(112)) - Added a new node: /default-rack/ff163131-26ab-494b-a4b8-6a11ee7eba7d
2021-07-06 17:09:47,246 [IPC Server handler 0 on default port 15293] INFO  node.SCMNodeManager (SCMNodeManager.java:register(348)) - Registered Data node : ff163131-26ab-494b-a4b8-6a11ee7eba7d{ip: 127.0.0.1, host: localhost, ports: [REPLICATION=44147, RATIS=43147, RATIS_ADMIN=43147, RATIS_SERVER=43147, STANDALONE=38503], networkLocation: /default-rack, certSerialId: null, persistedOpState: null, persistedOpStateExpiryEpochSec: 0}
2021-07-06 17:09:47,256 [EventQueue-NewNodeForNewNodeHandler] INFO  pipeline.BackgroundPipelineCreator (BackgroundPipelineCreatorV2.java:notifyEventTriggered(279)) - ignore, not leader SCM.
2021-07-06 17:09:47,500 [EndpointStateMachine task thread for /127.0.0.1:15657 - 0 ] INFO  ipc.Client (Client.java:handleConnectionFailure(966)) - Retrying connect to server: localhost/127.0.0.1:15657. Already tried 11 time(s); retry policy is RetryUpToMaximumCountWithFixedSleep(maxRetries=15, sleepTime=1000 MILLISECONDS)
2021-07-06 17:09:47,500 [EndpointStateMachine task thread for /127.0.0.1:15677 - 0 ] INFO  ipc.Client (Client.java:handleConnectionFailure(966)) - Retrying connect to server: localhost/127.0.0.1:15677. Already tried 11 time(s); retry policy is RetryUpToMaximumCountWithFixedSleep(maxRetries=15, sleepTime=1000 MILLISECONDS)
2021-07-06 17:09:47,505 [EndpointStateMachine task thread for /127.0.0.1:15667 - 0 ] INFO  ipc.Client (Client.java:handleConnectionFailure(966)) - Retrying connect to server: localhost/127.0.0.1:15667. Already tried 11 time(s); retry policy is RetryUpToMaximumCountWithFixedSleep(maxRetries=15, sleepTime=1000 MILLISECONDS)
2021-07-06 17:09:47,987 [IPC Server handler 3 on default port 15293] INFO  net.NetworkTopologyImpl (NetworkTopologyImpl.java:add(112)) - Added a new node: /default-rack/73a0175b-b29c-42d7-9744-7e0c9f30680d
2021-07-06 17:09:47,987 [IPC Server handler 3 on default port 15293] INFO  node.SCMNodeManager (SCMNodeManager.java:register(348)) - Registered Data node : 73a0175b-b29c-42d7-9744-7e0c9f30680d{ip: 127.0.0.1, host: localhost, ports: [REPLICATION=35499, RATIS=45439, RATIS_ADMIN=45439, RATIS_SERVER=45439, STANDALONE=37003], networkLocation: /default-rack, certSerialId: null, persistedOpState: null, persistedOpStateExpiryEpochSec: 0}
2021-07-06 17:09:47,988 [EventQueue-NewNodeForNewNodeHandler] INFO  pipeline.BackgroundPipelineCreator (BackgroundPipelineCreatorV2.java:notifyEventTriggered(279)) - ignore, not leader SCM.
2021-07-06 17:09:48,037 [IPC Server handler 4 on default port 15293] INFO  net.NetworkTopologyImpl (NetworkTopologyImpl.java:add(112)) - Added a new node: /default-rack/64ea58c5-a4b1-4696-b7a2-92ce3d3c799d
2021-07-06 17:09:48,038 [IPC Server handler 4 on default port 15293] INFO  node.SCMNodeManager (SCMNodeManager.java:register(348)) - Registered Data node : 64ea58c5-a4b1-4696-b7a2-92ce3d3c799d{ip: 127.0.0.1, host: localhost, ports: [REPLICATION=41321, RATIS=34653, RATIS_ADMIN=34653, RATIS_SERVER=34653, STANDALONE=37745], networkLocation: /default-rack, certSerialId: null, persistedOpState: null, persistedOpStateExpiryEpochSec: 0}
2021-07-06 17:09:48,038 [EventQueue-NewNodeForNewNodeHandler] INFO  pipeline.BackgroundPipelineCreator (BackgroundPipelineCreatorV2.java:notifyEventTriggered(279)) - ignore, not leader SCM.
2021-07-06 17:09:48,501 [EndpointStateMachine task thread for /127.0.0.1:15657 - 0 ] INFO  ipc.Client (Client.java:handleConnectionFailure(966)) - Retrying connect to server: localhost/127.0.0.1:15657. Already tried 12 time(s); retry policy is RetryUpToMaximumCountWithFixedSleep(maxRetries=15, sleepTime=1000 MILLISECONDS)
2021-07-06 17:09:48,502 [EndpointStateMachine task thread for /127.0.0.1:15677 - 0 ] INFO  ipc.Client (Client.java:handleConnectionFailure(966)) - Retrying connect to server: localhost/127.0.0.1:15677. Already tried 12 time(s); retry policy is RetryUpToMaximumCountWithFixedSleep(maxRetries=15, sleepTime=1000 MILLISECONDS)
2021-07-06 17:09:48,506 [EndpointStateMachine task thread for /127.0.0.1:15667 - 0 ] INFO  ipc.Client (Client.java:handleConnectionFailure(966)) - Retrying connect to server: localhost/127.0.0.1:15667. Already tried 12 time(s); retry policy is RetryUpToMaximumCountWithFixedSleep(maxRetries=15, sleepTime=1000 MILLISECONDS)
2021-07-06 17:09:48,987 [EndpointStateMachine task thread for /127.0.0.1:15273 - 0 ] INFO  ipc.Client (Client.java:handleConnectionFailure(966)) - Retrying connect to server: localhost/127.0.0.1:15273. Already tried 0 time(s); retry policy is RetryUpToMaximumCountWithFixedSleep(maxRetries=15, sleepTime=1000 MILLISECONDS)
2021-07-06 17:09:49,036 [Datanode State Machine Thread - 0] ERROR datanode.RunningDatanodeState (RunningDatanodeState.java:computeNextContainerState(199)) - Error in executing end point task.
java.util.concurrent.ExecutionException: java.util.concurrent.TimeoutException
	at java.util.concurrent.FutureTask.report(FutureTask.java:122)
	at java.util.concurrent.FutureTask.get(FutureTask.java:192)
	at org.apache.hadoop.ozone.container.common.states.datanode.RunningDatanodeState.computeNextContainerState(RunningDatanodeState.java:191)
	at org.apache.hadoop.ozone.container.common.states.datanode.RunningDatanodeState.await(RunningDatanodeState.java:231)
	at org.apache.hadoop.ozone.container.common.states.datanode.RunningDatanodeState.await(RunningDatanodeState.java:50)
	at org.apache.hadoop.ozone.container.common.statemachine.StateContext.execute(StateContext.java:629)
	at org.apache.hadoop.ozone.container.common.statemachine.DatanodeStateMachine.start(DatanodeStateMachine.java:244)
	at org.apache.hadoop.ozone.container.common.statemachine.DatanodeStateMachine.lambda$startDaemon$0(DatanodeStateMachine.java:429)
	at java.lang.Thread.run(Thread.java:748)
Caused by: java.util.concurrent.TimeoutException
	at java.util.concurrent.FutureTask.get(FutureTask.java:205)
	at org.apache.hadoop.ozone.container.common.states.datanode.RunningDatanodeState.lambda$execute$0(RunningDatanodeState.java:149)
	at java.util.concurrent.FutureTask.run(FutureTask.java:266)
	at java.util.concurrent.Executors$RunnableAdapter.call(Executors.java:511)
	at java.util.concurrent.FutureTask.run(FutureTask.java:266)
	at java.util.concurrent.ThreadPoolExecutor.runWorker(ThreadPoolExecutor.java:1149)
	at java.util.concurrent.ThreadPoolExecutor$Worker.run(ThreadPoolExecutor.java:624)
	... 1 more
2021-07-06 17:09:49,502 [EndpointStateMachine task thread for /127.0.0.1:15657 - 0 ] INFO  ipc.Client (Client.java:handleConnectionFailure(966)) - Retrying connect to server: localhost/127.0.0.1:15657. Already tried 13 time(s); retry policy is RetryUpToMaximumCountWithFixedSleep(maxRetries=15, sleepTime=1000 MILLISECONDS)
2021-07-06 17:09:49,502 [EndpointStateMachine task thread for /127.0.0.1:15677 - 0 ] INFO  ipc.Client (Client.java:handleConnectionFailure(966)) - Retrying connect to server: localhost/127.0.0.1:15677. Already tried 13 time(s); retry policy is RetryUpToMaximumCountWithFixedSleep(maxRetries=15, sleepTime=1000 MILLISECONDS)
2021-07-06 17:09:49,506 [EndpointStateMachine task thread for /127.0.0.1:15667 - 0 ] INFO  ipc.Client (Client.java:handleConnectionFailure(966)) - Retrying connect to server: localhost/127.0.0.1:15667. Already tried 13 time(s); retry policy is RetryUpToMaximumCountWithFixedSleep(maxRetries=15, sleepTime=1000 MILLISECONDS)
2021-07-06 17:09:49,590 [9c66a5a1-6505-4feb-946f-7a4da78b4c7a@group-498FD787E76A-StateMachineUpdater] INFO  ha.SCMStateMachine (SCMStateMachine.java:takeSnapshot(290)) - Current Snapshot Index 30, takeSnapshot took 1 ms
2021-07-06 17:09:49,590 [9c66a5a1-6505-4feb-946f-7a4da78b4c7a@group-498FD787E76A-StateMachineUpdater] INFO  impl.StateMachineUpdater (StateMachineUpdater.java:takeSnapshot(281)) - 9c66a5a1-6505-4feb-946f-7a4da78b4c7a@group-498FD787E76A-StateMachineUpdater: Took a snapshot at index 30
2021-07-06 17:09:49,590 [9c66a5a1-6505-4feb-946f-7a4da78b4c7a@group-498FD787E76A-StateMachineUpdater] INFO  impl.StateMachineUpdater (StateMachineUpdater.java:lambda$new$0(89)) - 9c66a5a1-6505-4feb-946f-7a4da78b4c7a@group-498FD787E76A-StateMachineUpdater: snapshotIndex: updateIncreasingly 25 -> 30
2021-07-06 17:09:49,590 [9c66a5a1-6505-4feb-946f-7a4da78b4c7a@group-498FD787E76A-StateMachineUpdater] INFO  raftlog.RaftLog (RaftLogBase.java:purge(306)) - 9c66a5a1-6505-4feb-946f-7a4da78b4c7a@group-498FD787E76A-SegmentedRaftLog: purge 30
2021-07-06 17:09:49,590 [9c66a5a1-6505-4feb-946f-7a4da78b4c7a@group-498FD787E76A-StateMachineUpdater] INFO  raftlog.RaftLog (RaftLogBase.java:lambda$new$0(53)) - 9c66a5a1-6505-4feb-946f-7a4da78b4c7a@group-498FD787E76A-SegmentedRaftLog: snapshotIndex: updateIncreasingly 25 -> 30
2021-07-06 17:09:49,590 [9c66a5a1-6505-4feb-946f-7a4da78b4c7a@group-498FD787E76A-StateMachineUpdater] INFO  raftlog.RaftLog (RaftLogBase.java:lambda$new$0(53)) - 9c66a5a1-6505-4feb-946f-7a4da78b4c7a@group-498FD787E76A-SegmentedRaftLog: purgeIndex: updateToMax old=25, new=30, updated? true
2021-07-06 17:09:49,803 [SCM Heartbeat Processing Thread - 0] WARN  node.NodeStateManager (NodeStateManager.java:scheduleNextHealthCheck(688)) - Current Thread is interrupted, shutting down HB processing thread for Node Manager.
2021-07-06 17:09:49,808 [Listener at 127.0.0.1/10896] INFO  server.StorageContainerManager (StorageContainerManager.java:stop(1335)) - Stopping block service RPC server
2021-07-06 17:09:49,808 [Listener at 127.0.0.1/10896] INFO  server.SCMBlockProtocolServer (SCMBlockProtocolServer.java:stop(160)) - Stopping the RPC server for Block Protocol
2021-07-06 17:09:49,808 [Listener at 127.0.0.1/10896] INFO  ipc.Server (Server.java:stop(3403)) - Stopping server on 15274
2021-07-06 17:09:49,811 [Listener at 127.0.0.1/10896] INFO  server.StorageContainerManager (StorageContainerManager.java:stop(1342)) - Stopping the StorageContainerLocationProtocol RPC server
2021-07-06 17:09:49,812 [Listener at 127.0.0.1/10896] INFO  server.SCMClientProtocolServer (SCMClientProtocolServer.java:stop(172)) - Stopping the RPC server for Client Protocol
2021-07-06 17:09:49,812 [Listener at 127.0.0.1/10896] INFO  ipc.Server (Server.java:stop(3403)) - Stopping server on 15275
2021-07-06 17:09:49,812 [IPC Server listener on 15274] INFO  ipc.Server (Server.java:run(1366)) - Stopping IPC Server listener on 15274
2021-07-06 17:09:49,812 [IPC Server Responder] INFO  ipc.Server (Server.java:run(1502)) - Stopping IPC Server Responder
2021-07-06 17:09:49,821 [IPC Server listener on 15275] INFO  ipc.Server (Server.java:run(1366)) - Stopping IPC Server listener on 15275
2021-07-06 17:09:49,822 [IPC Server Responder] INFO  ipc.Server (Server.java:run(1502)) - Stopping IPC Server Responder
2021-07-06 17:09:49,822 [Listener at 127.0.0.1/10896] INFO  server.StorageContainerManager (StorageContainerManager.java:stop(1349)) - Stopping Storage Container Manager HTTP server.
2021-07-06 17:09:49,823 [Listener at 127.0.0.1/10896] INFO  handler.ContextHandler (ContextHandler.java:doStop(1154)) - Stopped o.e.j.w.WebAppContext@1c84d89e{scm,/,null,STOPPED}{file:/home/runner/work/ozone/ozone/mnt/ozone/hadoop-ozone/integration-test/target/test-classes/webapps/scm}
2021-07-06 17:09:49,824 [Listener at 127.0.0.1/10896] INFO  server.AbstractConnector (AbstractConnector.java:doStop(381)) - Stopped ServerConnector@6b6477fb{HTTP/1.1, (http/1.1)}{0.0.0.0:15270}
2021-07-06 17:09:49,824 [Listener at 127.0.0.1/10896] INFO  server.session (HouseKeeper.java:stopScavenging(149)) - node0 Stopped scavenging
2021-07-06 17:09:49,824 [Listener at 127.0.0.1/10896] INFO  handler.ContextHandler (ContextHandler.java:doStop(1154)) - Stopped o.e.j.s.ServletContextHandler@411b4a70{static,/static,file:///home/runner/work/ozone/ozone/mnt/ozone/hadoop-ozone/integration-test/target/test-classes/webapps/static,STOPPED}
2021-07-06 17:09:49,825 [Listener at 127.0.0.1/10896] INFO  handler.ContextHandler (ContextHandler.java:doStop(1154)) - Stopped o.e.j.s.ServletContextHandler@3949fcdc{logs,/logs,file:///home/runner/work/ozone/ozone/mnt/ozone/hadoop-ozone/integration-test/target/log,STOPPED}
2021-07-06 17:09:49,825 [Listener at 127.0.0.1/10896] INFO  server.StorageContainerManager (StorageContainerManager.java:stop(1360)) - Stopping Block Manager Service.
2021-07-06 17:09:49,825 [Listener at 127.0.0.1/10896] INFO  utils.BackgroundService (BackgroundService.java:shutdown(132)) - Shutting down service SCMBlockDeletingService
2021-07-06 17:09:49,826 [Listener at 127.0.0.1/10896] INFO  utils.BackgroundService (BackgroundService.java:shutdown(132)) - Shutting down service SCMBlockDeletingService
2021-07-06 17:09:49,826 [Listener at 127.0.0.1/10896] INFO  server.StorageContainerManager (StorageContainerManager.java:stop(1387)) - Stopping SCM Event Queue.
2021-07-06 17:09:49,828 [Listener at 127.0.0.1/10896] INFO  ha.SCMRatisServerImpl (SCMRatisServerImpl.java:stop(226)) - stopping ratis server 0.0.0.0:15272
2021-07-06 17:09:49,829 [Listener at 127.0.0.1/10896] INFO  server.RaftServer (RaftServerProxy.java:lambda$close$6(391)) - 48f00b5a-c605-41fe-901b-b25c0b7536a6: close
2021-07-06 17:09:49,829 [Listener at 127.0.0.1/10896] INFO  server.RaftServer$Division (RaftServerImpl.java:lambda$close$4(406)) - 48f00b5a-c605-41fe-901b-b25c0b7536a6@group-498FD787E76A: shutdown
2021-07-06 17:09:49,829 [Listener at 127.0.0.1/10896] INFO  util.JmxRegister (JmxRegister.java:unregister(73)) - Successfully un-registered JMX Bean with object name Ratis:service=RaftServer,group=group-498FD787E76A,id=48f00b5a-c605-41fe-901b-b25c0b7536a6
2021-07-06 17:09:49,829 [Listener at 127.0.0.1/10896] INFO  impl.RoleInfo (RoleInfo.java:shutdownLeaderState(91)) - 48f00b5a-c605-41fe-901b-b25c0b7536a6: shutdown 48f00b5a-c605-41fe-901b-b25c0b7536a6@group-498FD787E76A-LeaderStateImpl
2021-07-06 17:09:49,829 [Listener at 127.0.0.1/10896] INFO  metrics.RatisMetrics (RatisMetrics.java:unregister(43)) - Unregistering Metrics Registry : ratis_grpc.log_appender.48f00b5a-c605-41fe-901b-b25c0b7536a6@group-498FD787E76A
2021-07-06 17:09:49,830 [48f00b5a-c605-41fe-901b-b25c0b7536a6@group-498FD787E76A->9c66a5a1-6505-4feb-946f-7a4da78b4c7a-GrpcLogAppender-LogAppenderDaemon] WARN  server.GrpcLogAppender (GrpcLogAppender.java:mayWait(175)) - 48f00b5a-c605-41fe-901b-b25c0b7536a6@group-498FD787E76A->9c66a5a1-6505-4feb-946f-7a4da78b4c7a-GrpcLogAppender: Wait interrupted by java.lang.InterruptedException
2021-07-06 17:09:49,830 [Listener at 127.0.0.1/10896] INFO  metrics.RatisMetrics (RatisMetrics.java:unregister(43)) - Unregistering Metrics Registry : ratis_grpc.log_appender.48f00b5a-c605-41fe-901b-b25c0b7536a6@group-498FD787E76A
2021-07-06 17:09:49,830 [48f00b5a-c605-41fe-901b-b25c0b7536a6@group-498FD787E76A->c9c8c7da-b2d5-4e05-8678-9bfdfb976b9e-GrpcLogAppender-LogAppenderDaemon] WARN  server.GrpcLogAppender (GrpcLogAppender.java:mayWait(175)) - 48f00b5a-c605-41fe-901b-b25c0b7536a6@group-498FD787E76A->c9c8c7da-b2d5-4e05-8678-9bfdfb976b9e-GrpcLogAppender: Wait interrupted by java.lang.InterruptedException
2021-07-06 17:09:49,830 [Listener at 127.0.0.1/10896] INFO  impl.PendingRequests (PendingRequests.java:sendNotLeaderResponses(249)) - 48f00b5a-c605-41fe-901b-b25c0b7536a6@group-498FD787E76A-PendingRequests: sendNotLeaderResponses
2021-07-06 17:09:49,830 [Listener at 127.0.0.1/10896] INFO  ha.SCMStateMachine (SCMStateMachine.java:notifyNotLeader(183)) - current leader SCM steps down.
2021-07-06 17:09:49,830 [Listener at 127.0.0.1/10896] INFO  ha.SCMContext (SCMContext.java:updateLeaderAndTerm(91)) - update <isLeader,term> from <true,2> to <false,0>
2021-07-06 17:09:49,831 [Listener at 127.0.0.1/10896] INFO  ha.SCMContext (SCMContext.java:updateLeaderAndTerm(98)) - update <isLeaderReady> from <false> to <false>
2021-07-06 17:09:49,830 [grpc-default-executor-3] INFO  server.GrpcServerProtocolService (GrpcServerProtocolService.java:onCompleted(140)) - c9c8c7da-b2d5-4e05-8678-9bfdfb976b9e: Completed APPEND_ENTRIES, lastRequest: 48f00b5a-c605-41fe-901b-b25c0b7536a6->c9c8c7da-b2d5-4e05-8678-9bfdfb976b9e#24-t2,previous=(t:2, i:29),leaderCommit=29,initializing? true,entries: size=1, first=(t:2, i:30), METADATAENTRY(c:29)
2021-07-06 17:09:49,830 [grpc-default-executor-5] INFO  server.GrpcServerProtocolService (GrpcServerProtocolService.java:onCompleted(140)) - 9c66a5a1-6505-4feb-946f-7a4da78b4c7a: Completed APPEND_ENTRIES, lastRequest: 48f00b5a-c605-41fe-901b-b25c0b7536a6->9c66a5a1-6505-4feb-946f-7a4da78b4c7a#843-t2,previous=(t:2, i:29),leaderCommit=29,initializing? true,entries: size=1, first=(t:2, i:30), METADATAENTRY(c:29)
2021-07-06 17:09:49,832 [grpc-default-executor-4] INFO  server.GrpcLogAppender (GrpcLogAppender.java:onCompleted(344)) - 48f00b5a-c605-41fe-901b-b25c0b7536a6@group-498FD787E76A->c9c8c7da-b2d5-4e05-8678-9bfdfb976b9e-AppendLogResponseHandler: follower responses appendEntries COMPLETED
2021-07-06 17:09:49,832 [grpc-default-executor-4] INFO  leader.FollowerInfo (FollowerInfoImpl.java:lambda$new$0(46)) - 48f00b5a-c605-41fe-901b-b25c0b7536a6@group-498FD787E76A->c9c8c7da-b2d5-4e05-8678-9bfdfb976b9e: nextIndex: updateUnconditionally 31 -> 30
2021-07-06 17:09:49,833 [grpc-default-executor-0] INFO  server.GrpcLogAppender (GrpcLogAppender.java:onCompleted(344)) - 48f00b5a-c605-41fe-901b-b25c0b7536a6@group-498FD787E76A->9c66a5a1-6505-4feb-946f-7a4da78b4c7a-AppendLogResponseHandler: follower responses appendEntries COMPLETED
2021-07-06 17:09:49,833 [grpc-default-executor-0] INFO  leader.FollowerInfo (FollowerInfoImpl.java:lambda$new$0(46)) - 48f00b5a-c605-41fe-901b-b25c0b7536a6@group-498FD787E76A->9c66a5a1-6505-4feb-946f-7a4da78b4c7a: nextIndex: updateUnconditionally 31 -> 30
2021-07-06 17:09:49,833 [Listener at 127.0.0.1/10896] INFO  metrics.RatisMetrics (RatisMetrics.java:unregister(43)) - Unregistering Metrics Registry : ratis.log_appender.48f00b5a-c605-41fe-901b-b25c0b7536a6@group-498FD787E76A
2021-07-06 17:09:49,833 [Listener at 127.0.0.1/10896] INFO  metrics.RatisMetrics (RatisMetrics.java:unregister(43)) - Unregistering Metrics Registry : ratis.server.48f00b5a-c605-41fe-901b-b25c0b7536a6@group-498FD787E76A
2021-07-06 17:09:49,834 [Listener at 127.0.0.1/10896] INFO  impl.StateMachineUpdater (StateMachineUpdater.java:stopAndJoin(149)) - 48f00b5a-c605-41fe-901b-b25c0b7536a6@group-498FD787E76A-StateMachineUpdater: set stopIndex = 30
2021-07-06 17:09:49,834 [48f00b5a-c605-41fe-901b-b25c0b7536a6@group-498FD787E76A-StateMachineUpdater] INFO  ha.SCMStateMachine (HadoopExecutors.java:shutdown(118)) - Gracefully shutting down executor service. Waiting max 5 SECONDS
2021-07-06 17:09:49,834 [48f00b5a-c605-41fe-901b-b25c0b7536a6@group-498FD787E76A-StateMachineUpdater] INFO  ha.SCMStateMachine (HadoopExecutors.java:shutdown(129)) - Succesfully shutdown executor service
2021-07-06 17:09:49,834 [48f00b5a-c605-41fe-901b-b25c0b7536a6@group-498FD787E76A-StateMachineUpdater] INFO  metrics.RatisMetrics (RatisMetrics.java:unregister(43)) - Unregistering Metrics Registry : ratis.state_machine.48f00b5a-c605-41fe-901b-b25c0b7536a6@group-498FD787E76A
2021-07-06 17:09:49,834 [Listener at 127.0.0.1/10896] INFO  server.RaftServer$Division (ServerState.java:close(405)) - 48f00b5a-c605-41fe-901b-b25c0b7536a6@group-498FD787E76A: closes. applyIndex: 30
2021-07-06 17:09:49,834 [48f00b5a-c605-41fe-901b-b25c0b7536a6@group-498FD787E76A-SegmentedRaftLogWorker] INFO  segmented.SegmentedRaftLogWorker (SegmentedRaftLogWorker.java:run(327)) - 48f00b5a-c605-41fe-901b-b25c0b7536a6@group-498FD787E76A-SegmentedRaftLogWorker was interrupted, exiting. There are 0 tasks remaining in the queue.
2021-07-06 17:09:49,835 [Listener at 127.0.0.1/10896] INFO  segmented.SegmentedRaftLogWorker (SegmentedRaftLogWorker.java:close(237)) - 48f00b5a-c605-41fe-901b-b25c0b7536a6@group-498FD787E76A-SegmentedRaftLogWorker close()
2021-07-06 17:09:49,836 [Listener at 127.0.0.1/10896] INFO  metrics.RatisMetrics (RatisMetrics.java:unregister(43)) - Unregistering Metrics Registry : ratis.log_worker.48f00b5a-c605-41fe-901b-b25c0b7536a6@group-498FD787E76A
2021-07-06 17:09:49,836 [Listener at 127.0.0.1/10896] INFO  metrics.RatisMetrics (RatisMetrics.java:unregister(43)) - Unregistering Metrics Registry : ratis.leader_election.48f00b5a-c605-41fe-901b-b25c0b7536a6@group-498FD787E76A
2021-07-06 17:09:49,836 [Listener at 127.0.0.1/10896] INFO  metrics.RatisMetrics (RatisMetrics.java:unregister(43)) - Unregistering Metrics Registry : ratis.server.48f00b5a-c605-41fe-901b-b25c0b7536a6@group-498FD787E76A
2021-07-06 17:09:49,836 [Listener at 127.0.0.1/10896] INFO  server.GrpcService (GrpcService.java:closeImpl(262)) - 48f00b5a-c605-41fe-901b-b25c0b7536a6: shutdown server with port 15272 now
2021-07-06 17:09:49,841 [Listener at 127.0.0.1/10896] INFO  server.GrpcService (GrpcService.java:closeImpl(271)) - 48f00b5a-c605-41fe-901b-b25c0b7536a6: shutdown server with port 15272 successfully
2021-07-06 17:09:49,841 [org.apache.ratis.util.JvmPauseMonitor$$Lambda$493/488669101@74cc987a] INFO  util.JvmPauseMonitor (JvmPauseMonitor.java:run(109)) - JvmPauseMonitor-48f00b5a-c605-41fe-901b-b25c0b7536a6: Stopped
2021-07-06 17:09:49,841 [Listener at 127.0.0.1/10896] INFO  ha.SCMStateMachine (HadoopExecutors.java:shutdown(118)) - Gracefully shutting down executor service. Waiting max 5 SECONDS
2021-07-06 17:09:49,842 [Listener at 127.0.0.1/10896] INFO  ha.SCMStateMachine (HadoopExecutors.java:shutdown(129)) - Succesfully shutdown executor service
2021-07-06 17:09:49,842 [Listener at 127.0.0.1/10896] INFO  pipeline.BackgroundPipelineCreator (BackgroundPipelineCreatorV2.java:stop(158)) - Stopping RatisPipelineUtilsThread.
2021-07-06 17:09:49,843 [Listener at 127.0.0.1/10896] INFO  impl.MetricsSystemImpl (MetricsSystemImpl.java:stop(210)) - Stopping StorageContainerManager metrics system...
2021-07-06 17:09:49,846 [prometheus] INFO  impl.MetricsSinkAdapter (MetricsSinkAdapter.java:publishMetricsFromQueue(141)) - prometheus thread interrupted.
2021-07-06 17:09:49,851 [Listener at 127.0.0.1/10896] INFO  impl.MetricsSystemImpl (MetricsSystemImpl.java:stop(216)) - StorageContainerManager metrics system stopped.
2021-07-06 17:09:49,851 [Listener at 127.0.0.1/10896] INFO  ozone.MiniOzoneHAClusterImpl (MiniOzoneHAClusterImpl.java:stop(296)) - Stopping the StorageContainerManager c9c8c7da-b2d5-4e05-8678-9bfdfb976b9e
2021-07-06 17:09:49,851 [Listener at 127.0.0.1/10896] INFO  server.StorageContainerManager (StorageContainerManager.java:stop(1306)) - Stopping Replication Manager Service.
2021-07-06 17:09:49,851 [Listener at 127.0.0.1/10896] INFO  container.ReplicationManager (ReplicationManager.java:stop(260)) - Stopping Replication Monitor Thread.
2021-07-06 17:09:49,851 [Listener at 127.0.0.1/10896] INFO  server.StorageContainerManager (StorageContainerManager.java:stop(1313)) - Stopping the Datanode Admin Monitor.
2021-07-06 17:09:49,851 [Listener at 127.0.0.1/10896] INFO  server.StorageContainerManager (StorageContainerManager.java:stop(1320)) - Stopping Lease Manager of the command watchers
2021-07-06 17:09:49,852 [Listener at 127.0.0.1/10896] INFO  server.StorageContainerManager (StorageContainerManager.java:stop(1327)) - Stopping datanode service RPC server
2021-07-06 17:09:49,852 [Listener at 127.0.0.1/10896] INFO  server.SCMDatanodeProtocolServer (SCMDatanodeProtocolServer.java:stop(377)) - Stopping the RPC server for DataNodes
2021-07-06 17:09:49,852 [Listener at 127.0.0.1/10896] INFO  ipc.Server (Server.java:stop(3403)) - Stopping server on 15293
2021-07-06 17:09:49,854 [IPC Server Responder] INFO  ipc.Server (Server.java:run(1502)) - Stopping IPC Server Responder
2021-07-06 17:09:49,854 [IPC Server listener on 15293] INFO  ipc.Server (Server.java:run(1366)) - Stopping IPC Server listener on 15293
2021-07-06 17:09:49,884 [SCM Heartbeat Processing Thread - 0] WARN  node.NodeStateManager (NodeStateManager.java:scheduleNextHealthCheck(688)) - Current Thread is interrupted, shutting down HB processing thread for Node Manager.
2021-07-06 17:09:49,884 [Listener at 127.0.0.1/10896] INFO  server.StorageContainerManager (StorageContainerManager.java:stop(1335)) - Stopping block service RPC server
2021-07-06 17:09:49,885 [Listener at 127.0.0.1/10896] INFO  server.SCMBlockProtocolServer (SCMBlockProtocolServer.java:stop(160)) - Stopping the RPC server for Block Protocol
2021-07-06 17:09:49,885 [Listener at 127.0.0.1/10896] INFO  ipc.Server (Server.java:stop(3403)) - Stopping server on 15294
2021-07-06 17:09:49,886 [Listener at 127.0.0.1/10896] INFO  server.StorageContainerManager (StorageContainerManager.java:stop(1342)) - Stopping the StorageContainerLocationProtocol RPC server
2021-07-06 17:09:49,886 [Listener at 127.0.0.1/10896] INFO  server.SCMClientProtocolServer (SCMClientProtocolServer.java:stop(172)) - Stopping the RPC server for Client Protocol
2021-07-06 17:09:49,886 [Listener at 127.0.0.1/10896] INFO  ipc.Server (Server.java:stop(3403)) - Stopping server on 15295
2021-07-06 17:09:49,887 [IPC Server listener on 15294] INFO  ipc.Server (Server.java:run(1366)) - Stopping IPC Server listener on 15294
2021-07-06 17:09:49,887 [Listener at 127.0.0.1/10896] INFO  server.StorageContainerManager (StorageContainerManager.java:stop(1349)) - Stopping Storage Container Manager HTTP server.
2021-07-06 17:09:49,888 [IPC Server Responder] INFO  ipc.Server (Server.java:run(1502)) - Stopping IPC Server Responder
2021-07-06 17:09:49,888 [Listener at 127.0.0.1/10896] INFO  handler.ContextHandler (ContextHandler.java:doStop(1154)) - Stopped o.e.j.w.WebAppContext@69438db0{scm,/,null,STOPPED}{file:/home/runner/work/ozone/ozone/mnt/ozone/hadoop-ozone/integration-test/target/test-classes/webapps/scm}
2021-07-06 17:09:49,886 [IPC Server Responder] INFO  ipc.Server (Server.java:run(1502)) - Stopping IPC Server Responder
2021-07-06 17:09:49,890 [IPC Server listener on 15295] INFO  ipc.Server (Server.java:run(1366)) - Stopping IPC Server listener on 15295
2021-07-06 17:09:49,891 [Listener at 127.0.0.1/10896] INFO  server.AbstractConnector (AbstractConnector.java:doStop(381)) - Stopped ServerConnector@2c03678{HTTP/1.1, (http/1.1)}{0.0.0.0:15290}
2021-07-06 17:09:49,891 [Listener at 127.0.0.1/10896] INFO  server.session (HouseKeeper.java:stopScavenging(149)) - node0 Stopped scavenging
2021-07-06 17:09:49,891 [Listener at 127.0.0.1/10896] INFO  handler.ContextHandler (ContextHandler.java:doStop(1154)) - Stopped o.e.j.s.ServletContextHandler@118bace5{static,/static,file:///home/runner/work/ozone/ozone/mnt/ozone/hadoop-ozone/integration-test/target/test-classes/webapps/static,STOPPED}
2021-07-06 17:09:49,891 [Listener at 127.0.0.1/10896] INFO  handler.ContextHandler (ContextHandler.java:doStop(1154)) - Stopped o.e.j.s.ServletContextHandler@4310d985{logs,/logs,file:///home/runner/work/ozone/ozone/mnt/ozone/hadoop-ozone/integration-test/target/log,STOPPED}
2021-07-06 17:09:49,892 [Listener at 127.0.0.1/10896] INFO  server.StorageContainerManager (StorageContainerManager.java:stop(1360)) - Stopping Block Manager Service.
2021-07-06 17:09:49,892 [Listener at 127.0.0.1/10896] INFO  utils.BackgroundService (BackgroundService.java:shutdown(132)) - Shutting down service SCMBlockDeletingService
2021-07-06 17:09:49,892 [Listener at 127.0.0.1/10896] INFO  utils.BackgroundService (BackgroundService.java:shutdown(132)) - Shutting down service SCMBlockDeletingService
2021-07-06 17:09:49,893 [Listener at 127.0.0.1/10896] INFO  server.StorageContainerManager (StorageContainerManager.java:stop(1387)) - Stopping SCM Event Queue.
2021-07-06 17:09:49,894 [Listener at 127.0.0.1/10896] INFO  ha.SCMRatisServerImpl (SCMRatisServerImpl.java:stop(226)) - stopping ratis server 0.0.0.0:15292
2021-07-06 17:09:49,894 [Listener at 127.0.0.1/10896] INFO  server.RaftServer (RaftServerProxy.java:lambda$close$6(391)) - c9c8c7da-b2d5-4e05-8678-9bfdfb976b9e: close
2021-07-06 17:09:49,894 [Listener at 127.0.0.1/10896] INFO  server.GrpcService (GrpcService.java:closeImpl(262)) - c9c8c7da-b2d5-4e05-8678-9bfdfb976b9e: shutdown server with port 15292 now
2021-07-06 17:09:49,895 [Listener at 127.0.0.1/10896] INFO  server.GrpcService (GrpcService.java:closeImpl(271)) - c9c8c7da-b2d5-4e05-8678-9bfdfb976b9e: shutdown server with port 15292 successfully
2021-07-06 17:09:49,895 [org.apache.ratis.util.JvmPauseMonitor$$Lambda$493/488669101@24ccb18d] INFO  util.JvmPauseMonitor (JvmPauseMonitor.java:run(109)) - JvmPauseMonitor-c9c8c7da-b2d5-4e05-8678-9bfdfb976b9e: Stopped
2021-07-06 17:09:49,896 [Listener at 127.0.0.1/10896] INFO  ha.SCMStateMachine (HadoopExecutors.java:shutdown(118)) - Gracefully shutting down executor service. Waiting max 5 SECONDS
2021-07-06 17:09:49,896 [Listener at 127.0.0.1/10896] INFO  ha.SCMStateMachine (HadoopExecutors.java:shutdown(129)) - Succesfully shutdown executor service
2021-07-06 17:09:49,896 [Listener at 127.0.0.1/10896] INFO  pipeline.BackgroundPipelineCreator (BackgroundPipelineCreatorV2.java:stop(158)) - Stopping RatisPipelineUtilsThread.
2021-07-06 17:09:49,897 [Listener at 127.0.0.1/10896] INFO  impl.MetricsSystemImpl (MetricsSystemImpl.java:stop(205)) - StorageContainerManager metrics system stopped (again)
2021-07-06 17:09:49,897 [Listener at 127.0.0.1/10896] INFO  ozone.MiniOzoneHAClusterImpl (MiniOzoneHAClusterImpl.java:stop(296)) - Stopping the StorageContainerManager 9c66a5a1-6505-4feb-946f-7a4da78b4c7a
2021-07-06 17:09:49,897 [Listener at 127.0.0.1/10896] INFO  server.StorageContainerManager (StorageContainerManager.java:stop(1306)) - Stopping Replication Manager Service.
2021-07-06 17:09:49,897 [Listener at 127.0.0.1/10896] INFO  container.ReplicationManager (ReplicationManager.java:stop(260)) - Stopping Replication Monitor Thread.
2021-07-06 17:09:49,898 [Listener at 127.0.0.1/10896] INFO  server.StorageContainerManager (StorageContainerManager.java:stop(1313)) - Stopping the Datanode Admin Monitor.
2021-07-06 17:09:49,898 [Listener at 127.0.0.1/10896] INFO  server.StorageContainerManager (StorageContainerManager.java:stop(1320)) - Stopping Lease Manager of the command watchers
2021-07-06 17:09:49,898 [Listener at 127.0.0.1/10896] INFO  server.StorageContainerManager (StorageContainerManager.java:stop(1327)) - Stopping datanode service RPC server
2021-07-06 17:09:49,898 [Listener at 127.0.0.1/10896] INFO  server.SCMDatanodeProtocolServer (SCMDatanodeProtocolServer.java:stop(377)) - Stopping the RPC server for DataNodes
2021-07-06 17:09:49,898 [Listener at 127.0.0.1/10896] INFO  ipc.Server (Server.java:stop(3403)) - Stopping server on 15283
2021-07-06 17:09:49,899 [IPC Server Responder] INFO  ipc.Server (Server.java:run(1502)) - Stopping IPC Server Responder
2021-07-06 17:09:49,900 [IPC Server listener on 15283] INFO  ipc.Server (Server.java:run(1366)) - Stopping IPC Server listener on 15283
2021-07-06 17:09:49,910 [SCM Heartbeat Processing Thread - 0] WARN  node.NodeStateManager (NodeStateManager.java:scheduleNextHealthCheck(688)) - Current Thread is interrupted, shutting down HB processing thread for Node Manager.
2021-07-06 17:09:49,910 [Listener at 127.0.0.1/10896] INFO  server.StorageContainerManager (StorageContainerManager.java:stop(1335)) - Stopping block service RPC server
2021-07-06 17:09:49,910 [Listener at 127.0.0.1/10896] INFO  server.SCMBlockProtocolServer (SCMBlockProtocolServer.java:stop(160)) - Stopping the RPC server for Block Protocol
2021-07-06 17:09:49,911 [Listener at 127.0.0.1/10896] INFO  ipc.Server (Server.java:stop(3403)) - Stopping server on 15284
2021-07-06 17:09:49,911 [IPC Server listener on 15284] INFO  ipc.Server (Server.java:run(1366)) - Stopping IPC Server listener on 15284
2021-07-06 17:09:49,912 [IPC Server Responder] INFO  ipc.Server (Server.java:run(1502)) - Stopping IPC Server Responder
2021-07-06 17:09:49,912 [Listener at 127.0.0.1/10896] INFO  server.StorageContainerManager (StorageContainerManager.java:stop(1342)) - Stopping the StorageContainerLocationProtocol RPC server
2021-07-06 17:09:49,912 [Listener at 127.0.0.1/10896] INFO  server.SCMClientProtocolServer (SCMClientProtocolServer.java:stop(172)) - Stopping the RPC server for Client Protocol
2021-07-06 17:09:49,912 [Listener at 127.0.0.1/10896] INFO  ipc.Server (Server.java:stop(3403)) - Stopping server on 15285
2021-07-06 17:09:49,913 [IPC Server listener on 15285] INFO  ipc.Server (Server.java:run(1366)) - Stopping IPC Server listener on 15285
2021-07-06 17:09:49,914 [IPC Server Responder] INFO  ipc.Server (Server.java:run(1502)) - Stopping IPC Server Responder
2021-07-06 17:09:49,915 [Listener at 127.0.0.1/10896] INFO  server.StorageContainerManager (StorageContainerManager.java:stop(1349)) - Stopping Storage Container Manager HTTP server.
2021-07-06 17:09:49,915 [Listener at 127.0.0.1/10896] INFO  handler.ContextHandler (ContextHandler.java:doStop(1154)) - Stopped o.e.j.w.WebAppContext@4843fc3c{scm,/,null,STOPPED}{file:/home/runner/work/ozone/ozone/mnt/ozone/hadoop-ozone/integration-test/target/test-classes/webapps/scm}
2021-07-06 17:09:49,916 [Listener at 127.0.0.1/10896] INFO  server.AbstractConnector (AbstractConnector.java:doStop(381)) - Stopped ServerConnector@30f1a181{HTTP/1.1, (http/1.1)}{0.0.0.0:15280}
2021-07-06 17:09:49,916 [Listener at 127.0.0.1/10896] INFO  server.session (HouseKeeper.java:stopScavenging(149)) - node0 Stopped scavenging
2021-07-06 17:09:49,916 [Listener at 127.0.0.1/10896] INFO  handler.ContextHandler (ContextHandler.java:doStop(1154)) - Stopped o.e.j.s.ServletContextHandler@470dbce9{static,/static,file:///home/runner/work/ozone/ozone/mnt/ozone/hadoop-ozone/integration-test/target/test-classes/webapps/static,STOPPED}
2021-07-06 17:09:49,916 [Listener at 127.0.0.1/10896] INFO  handler.ContextHandler (ContextHandler.java:doStop(1154)) - Stopped o.e.j.s.ServletContextHandler@2094869b{logs,/logs,file:///home/runner/work/ozone/ozone/mnt/ozone/hadoop-ozone/integration-test/target/log,STOPPED}
2021-07-06 17:09:49,917 [Listener at 127.0.0.1/10896] INFO  server.StorageContainerManager (StorageContainerManager.java:stop(1360)) - Stopping Block Manager Service.
2021-07-06 17:09:49,917 [Listener at 127.0.0.1/10896] INFO  utils.BackgroundService (BackgroundService.java:shutdown(132)) - Shutting down service SCMBlockDeletingService
2021-07-06 17:09:49,917 [Listener at 127.0.0.1/10896] INFO  utils.BackgroundService (BackgroundService.java:shutdown(132)) - Shutting down service SCMBlockDeletingService
2021-07-06 17:09:49,918 [Listener at 127.0.0.1/10896] INFO  server.StorageContainerManager (StorageContainerManager.java:stop(1387)) - Stopping SCM Event Queue.
2021-07-06 17:09:49,919 [Listener at 127.0.0.1/10896] INFO  ha.SCMRatisServerImpl (SCMRatisServerImpl.java:stop(226)) - stopping ratis server 0.0.0.0:15282
2021-07-06 17:09:49,920 [Listener at 127.0.0.1/10896] INFO  server.RaftServer (RaftServerProxy.java:lambda$close$6(391)) - 9c66a5a1-6505-4feb-946f-7a4da78b4c7a: close
2021-07-06 17:09:49,920 [Listener at 127.0.0.1/10896] INFO  server.RaftServer$Division (RaftServerImpl.java:lambda$close$4(406)) - 9c66a5a1-6505-4feb-946f-7a4da78b4c7a@group-498FD787E76A: shutdown
2021-07-06 17:09:49,920 [Listener at 127.0.0.1/10896] INFO  util.JmxRegister (JmxRegister.java:unregister(73)) - Successfully un-registered JMX Bean with object name Ratis:service=RaftServer,group=group-498FD787E76A,id=9c66a5a1-6505-4feb-946f-7a4da78b4c7a
2021-07-06 17:09:49,920 [Listener at 127.0.0.1/10896] INFO  impl.RoleInfo (RoleInfo.java:shutdownFollowerState(108)) - 9c66a5a1-6505-4feb-946f-7a4da78b4c7a: shutdown 9c66a5a1-6505-4feb-946f-7a4da78b4c7a@group-498FD787E76A-FollowerState
2021-07-06 17:09:49,920 [9c66a5a1-6505-4feb-946f-7a4da78b4c7a@group-498FD787E76A-FollowerState] INFO  impl.FollowerState (FollowerState.java:run(143)) - 9c66a5a1-6505-4feb-946f-7a4da78b4c7a@group-498FD787E76A-FollowerState was interrupted: {}
java.lang.InterruptedException: sleep interrupted
	at java.lang.Thread.sleep(Native Method)
	at java.lang.Thread.sleep(Thread.java:340)
	at java.util.concurrent.TimeUnit.sleep(TimeUnit.java:386)
	at org.apache.ratis.util.TimeDuration.sleep(TimeDuration.java:324)
	at org.apache.ratis.util.TimeDuration.sleep(TimeDuration.java:309)
	at org.apache.ratis.server.impl.FollowerState.run(FollowerState.java:118)
2021-07-06 17:09:49,921 [Listener at 127.0.0.1/10896] INFO  impl.StateMachineUpdater (StateMachineUpdater.java:stopAndJoin(149)) - 9c66a5a1-6505-4feb-946f-7a4da78b4c7a@group-498FD787E76A-StateMachineUpdater: set stopIndex = 30
2021-07-06 17:09:49,921 [9c66a5a1-6505-4feb-946f-7a4da78b4c7a@group-498FD787E76A-StateMachineUpdater] INFO  ha.SCMStateMachine (HadoopExecutors.java:shutdown(118)) - Gracefully shutting down executor service. Waiting max 5 SECONDS
2021-07-06 17:09:49,921 [9c66a5a1-6505-4feb-946f-7a4da78b4c7a@group-498FD787E76A-StateMachineUpdater] INFO  ha.SCMStateMachine (HadoopExecutors.java:shutdown(129)) - Succesfully shutdown executor service
2021-07-06 17:09:49,921 [9c66a5a1-6505-4feb-946f-7a4da78b4c7a@group-498FD787E76A-StateMachineUpdater] INFO  metrics.RatisMetrics (RatisMetrics.java:unregister(43)) - Unregistering Metrics Registry : ratis.state_machine.9c66a5a1-6505-4feb-946f-7a4da78b4c7a@group-498FD787E76A
2021-07-06 17:09:49,922 [Listener at 127.0.0.1/10896] INFO  server.RaftServer$Division (ServerState.java:close(405)) - 9c66a5a1-6505-4feb-946f-7a4da78b4c7a@group-498FD787E76A: closes. applyIndex: 30
2021-07-06 17:09:49,922 [9c66a5a1-6505-4feb-946f-7a4da78b4c7a@group-498FD787E76A-SegmentedRaftLogWorker] INFO  segmented.SegmentedRaftLogWorker (SegmentedRaftLogWorker.java:run(327)) - 9c66a5a1-6505-4feb-946f-7a4da78b4c7a@group-498FD787E76A-SegmentedRaftLogWorker was interrupted, exiting. There are 0 tasks remaining in the queue.
2021-07-06 17:09:49,922 [Listener at 127.0.0.1/10896] INFO  segmented.SegmentedRaftLogWorker (SegmentedRaftLogWorker.java:close(237)) - 9c66a5a1-6505-4feb-946f-7a4da78b4c7a@group-498FD787E76A-SegmentedRaftLogWorker close()
2021-07-06 17:09:49,923 [Listener at 127.0.0.1/10896] INFO  metrics.RatisMetrics (RatisMetrics.java:unregister(43)) - Unregistering Metrics Registry : ratis.log_worker.9c66a5a1-6505-4feb-946f-7a4da78b4c7a@group-498FD787E76A
2021-07-06 17:09:49,923 [Listener at 127.0.0.1/10896] INFO  metrics.RatisMetrics (RatisMetrics.java:unregister(43)) - Unregistering Metrics Registry : ratis.leader_election.9c66a5a1-6505-4feb-946f-7a4da78b4c7a@group-498FD787E76A
2021-07-06 17:09:49,923 [Listener at 127.0.0.1/10896] INFO  metrics.RatisMetrics (RatisMetrics.java:unregister(43)) - Unregistering Metrics Registry : ratis.server.9c66a5a1-6505-4feb-946f-7a4da78b4c7a@group-498FD787E76A
2021-07-06 17:09:49,923 [Listener at 127.0.0.1/10896] INFO  server.GrpcService (GrpcService.java:closeImpl(262)) - 9c66a5a1-6505-4feb-946f-7a4da78b4c7a: shutdown server with port 15282 now
2021-07-06 17:09:49,927 [Listener at 127.0.0.1/10896] INFO  server.GrpcService (GrpcService.java:closeImpl(271)) - 9c66a5a1-6505-4feb-946f-7a4da78b4c7a: shutdown server with port 15282 successfully
2021-07-06 17:09:49,928 [org.apache.ratis.util.JvmPauseMonitor$$Lambda$493/488669101@168b28ef] INFO  util.JvmPauseMonitor (JvmPauseMonitor.java:run(109)) - JvmPauseMonitor-9c66a5a1-6505-4feb-946f-7a4da78b4c7a: Stopped
2021-07-06 17:09:49,928 [Listener at 127.0.0.1/10896] INFO  ha.SCMStateMachine (HadoopExecutors.java:shutdown(118)) - Gracefully shutting down executor service. Waiting max 5 SECONDS
2021-07-06 17:09:49,928 [Listener at 127.0.0.1/10896] INFO  ha.SCMStateMachine (HadoopExecutors.java:shutdown(129)) - Succesfully shutdown executor service
2021-07-06 17:09:49,928 [Listener at 127.0.0.1/10896] INFO  pipeline.BackgroundPipelineCreator (BackgroundPipelineCreatorV2.java:stop(158)) - Stopping RatisPipelineUtilsThread.
2021-07-06 17:09:49,929 [Listener at 127.0.0.1/10896] INFO  impl.MetricsSystemImpl (MetricsSystemImpl.java:stop(205)) - StorageContainerManager metrics system stopped (again)
2021-07-06 17:09:49,929 [Listener at 127.0.0.1/10896] INFO  ozone.MiniOzoneClusterImpl (MiniOzoneClusterImpl.java:stop(460)) - Stopping the Mini Ozone Cluster
2021-07-06 17:09:49,929 [Listener at 127.0.0.1/10896] INFO  ozone.MiniOzoneClusterImpl (MiniOzoneClusterImpl.java:stopDatanodes(519)) - Stopping the HddsDatanodes
2021-07-06 17:09:49,986 [Datanode State Machine Thread - 0] WARN  statemachine.StateContext (StateContext.java:setState(246)) - Ignore disallowed transition from SHUTDOWN to RUNNING
2021-07-06 17:09:49,987 [Datanode State Machine Thread - 0] INFO  statemachine.DatanodeStateMachine (DatanodeStateMachine.java:lambda$startDaemon$0(430)) - Ozone container server started.
2021-07-06 17:09:49,987 [EndpointStateMachine task thread for /127.0.0.1:15273 - 0 ] INFO  ipc.Client (Client.java:handleConnectionFailure(966)) - Retrying connect to server: localhost/127.0.0.1:15273. Already tried 1 time(s); retry policy is RetryUpToMaximumCountWithFixedSleep(maxRetries=15, sleepTime=1000 MILLISECONDS)
2021-07-06 17:09:50,037 [Datanode State Machine Thread - 0] WARN  statemachine.StateContext (StateContext.java:setState(246)) - Ignore disallowed transition from SHUTDOWN to RUNNING
2021-07-06 17:09:50,037 [Datanode State Machine Thread - 0] INFO  statemachine.DatanodeStateMachine (DatanodeStateMachine.java:lambda$startDaemon$0(430)) - Ozone container server started.
2021-07-06 17:09:50,241 [EndpointStateMachine task thread for /127.0.0.1:15293 - 0 ] WARN  statemachine.EndpointStateMachine (EndpointStateMachine.java:logIfNeeded(236)) - Unable to communicate to SCM server at 127.0.0.1:15293 for past 0 seconds.
java.io.EOFException: End of File Exception between local host is: "fv-az50-207/10.1.0.59"; destination host is: "localhost":15293; : java.io.EOFException; For more details see:  http://wiki.apache.org/hadoop/EOFException
	at sun.reflect.NativeConstructorAccessorImpl.newInstance0(Native Method)
	at sun.reflect.NativeConstructorAccessorImpl.newInstance(NativeConstructorAccessorImpl.java:62)
	at sun.reflect.DelegatingConstructorAccessorImpl.newInstance(DelegatingConstructorAccessorImpl.java:45)
	at java.lang.reflect.Constructor.newInstance(Constructor.java:423)
	at org.apache.hadoop.net.NetUtils.wrapWithMessage(NetUtils.java:836)
	at org.apache.hadoop.net.NetUtils.wrapException(NetUtils.java:794)
	at org.apache.hadoop.ipc.Client.getRpcResponse(Client.java:1566)
	at org.apache.hadoop.ipc.Client.call(Client.java:1508)
	at org.apache.hadoop.ipc.Client.call(Client.java:1405)
	at org.apache.hadoop.ipc.ProtobufRpcEngine$Invoker.invoke(ProtobufRpcEngine.java:233)
	at org.apache.hadoop.ipc.ProtobufRpcEngine$Invoker.invoke(ProtobufRpcEngine.java:118)
	at com.sun.proxy.$Proxy45.submitRequest(Unknown Source)
	at org.apache.hadoop.ozone.protocolPB.StorageContainerDatanodeProtocolClientSideTranslatorPB.submitRequest(StorageContainerDatanodeProtocolClientSideTranslatorPB.java:117)
	at org.apache.hadoop.ozone.protocolPB.StorageContainerDatanodeProtocolClientSideTranslatorPB.sendHeartbeat(StorageContainerDatanodeProtocolClientSideTranslatorPB.java:149)
	at org.apache.hadoop.ozone.container.common.states.endpoint.HeartbeatEndpointTask.call(HeartbeatEndpointTask.java:146)
	at org.apache.hadoop.ozone.container.common.states.endpoint.HeartbeatEndpointTask.call(HeartbeatEndpointTask.java:77)
	at java.util.concurrent.FutureTask.run(FutureTask.java:266)
	at java.util.concurrent.ThreadPoolExecutor.runWorker(ThreadPoolExecutor.java:1149)
	at java.util.concurrent.ThreadPoolExecutor$Worker.run(ThreadPoolExecutor.java:624)
	at java.lang.Thread.run(Thread.java:748)
Caused by: java.io.EOFException
	at java.io.DataInputStream.readInt(DataInputStream.java:392)
	at org.apache.hadoop.ipc.Client$IpcStreams.readResponse(Client.java:1880)
	at org.apache.hadoop.ipc.Client$Connection.receiveRpcResponse(Client.java:1191)
	at org.apache.hadoop.ipc.Client$Connection.run(Client.java:1087)
2021-07-06 17:09:50,242 [EndpointStateMachine task thread for /127.0.0.1:15283 - 0 ] WARN  statemachine.EndpointStateMachine (EndpointStateMachine.java:logIfNeeded(236)) - Unable to communicate to SCM server at 127.0.0.1:15283 for past 0 seconds.
java.io.EOFException: End of File Exception between local host is: "fv-az50-207/10.1.0.59"; destination host is: "localhost":15283; : java.io.EOFException; For more details see:  http://wiki.apache.org/hadoop/EOFException
	at sun.reflect.NativeConstructorAccessorImpl.newInstance0(Native Method)
	at sun.reflect.NativeConstructorAccessorImpl.newInstance(NativeConstructorAccessorImpl.java:62)
	at sun.reflect.DelegatingConstructorAccessorImpl.newInstance(DelegatingConstructorAccessorImpl.java:45)
	at java.lang.reflect.Constructor.newInstance(Constructor.java:423)
	at org.apache.hadoop.net.NetUtils.wrapWithMessage(NetUtils.java:836)
	at org.apache.hadoop.net.NetUtils.wrapException(NetUtils.java:794)
	at org.apache.hadoop.ipc.Client.getRpcResponse(Client.java:1566)
	at org.apache.hadoop.ipc.Client.call(Client.java:1508)
	at org.apache.hadoop.ipc.Client.call(Client.java:1405)
	at org.apache.hadoop.ipc.ProtobufRpcEngine$Invoker.invoke(ProtobufRpcEngine.java:233)
	at org.apache.hadoop.ipc.ProtobufRpcEngine$Invoker.invoke(ProtobufRpcEngine.java:118)
	at com.sun.proxy.$Proxy45.submitRequest(Unknown Source)
	at org.apache.hadoop.ozone.protocolPB.StorageContainerDatanodeProtocolClientSideTranslatorPB.submitRequest(StorageContainerDatanodeProtocolClientSideTranslatorPB.java:117)
	at org.apache.hadoop.ozone.protocolPB.StorageContainerDatanodeProtocolClientSideTranslatorPB.sendHeartbeat(StorageContainerDatanodeProtocolClientSideTranslatorPB.java:149)
	at org.apache.hadoop.ozone.container.common.states.endpoint.HeartbeatEndpointTask.call(HeartbeatEndpointTask.java:146)
	at org.apache.hadoop.ozone.container.common.states.endpoint.HeartbeatEndpointTask.call(HeartbeatEndpointTask.java:77)
	at java.util.concurrent.FutureTask.run(FutureTask.java:266)
	at java.util.concurrent.ThreadPoolExecutor.runWorker(ThreadPoolExecutor.java:1149)
	at java.util.concurrent.ThreadPoolExecutor$Worker.run(ThreadPoolExecutor.java:624)
	at java.lang.Thread.run(Thread.java:748)
Caused by: java.io.EOFException
	at java.io.DataInputStream.readInt(DataInputStream.java:392)
	at org.apache.hadoop.ipc.Client$IpcStreams.readResponse(Client.java:1880)
	at org.apache.hadoop.ipc.Client$Connection.receiveRpcResponse(Client.java:1191)
	at org.apache.hadoop.ipc.Client$Connection.run(Client.java:1087)
2021-07-06 17:09:50,503 [EndpointStateMachine task thread for /127.0.0.1:15657 - 0 ] INFO  ipc.Client (Client.java:handleConnectionFailure(966)) - Retrying connect to server: localhost/127.0.0.1:15657. Already tried 14 time(s); retry policy is RetryUpToMaximumCountWithFixedSleep(maxRetries=15, sleepTime=1000 MILLISECONDS)
2021-07-06 17:09:50,503 [EndpointStateMachine task thread for /127.0.0.1:15677 - 0 ] INFO  ipc.Client (Client.java:handleConnectionFailure(966)) - Retrying connect to server: localhost/127.0.0.1:15677. Already tried 14 time(s); retry policy is RetryUpToMaximumCountWithFixedSleep(maxRetries=15, sleepTime=1000 MILLISECONDS)
2021-07-06 17:09:50,507 [EndpointStateMachine task thread for /127.0.0.1:15667 - 0 ] INFO  ipc.Client (Client.java:handleConnectionFailure(966)) - Retrying connect to server: localhost/127.0.0.1:15667. Already tried 14 time(s); retry policy is RetryUpToMaximumCountWithFixedSleep(maxRetries=15, sleepTime=1000 MILLISECONDS)
2021-07-06 17:09:50,988 [EndpointStateMachine task thread for /127.0.0.1:15273 - 0 ] INFO  ipc.Client (Client.java:handleConnectionFailure(966)) - Retrying connect to server: localhost/127.0.0.1:15273. Already tried 2 time(s); retry policy is RetryUpToMaximumCountWithFixedSleep(maxRetries=15, sleepTime=1000 MILLISECONDS)
2021-07-06 17:09:51,504 [EndpointStateMachine task thread for /127.0.0.1:15657 - 0 ] INFO  ipc.Client (Client.java:handleConnectionFailure(966)) - Retrying connect to server: localhost/127.0.0.1:15657. Already tried 0 time(s); retry policy is RetryUpToMaximumCountWithFixedSleep(maxRetries=15, sleepTime=1000 MILLISECONDS)
2021-07-06 17:09:51,504 [EndpointStateMachine task thread for /127.0.0.1:15677 - 0 ] INFO  ipc.Client (Client.java:handleConnectionFailure(966)) - Retrying connect to server: localhost/127.0.0.1:15677. Already tried 0 time(s); retry policy is RetryUpToMaximumCountWithFixedSleep(maxRetries=15, sleepTime=1000 MILLISECONDS)
2021-07-06 17:09:51,508 [EndpointStateMachine task thread for /127.0.0.1:15667 - 0 ] INFO  ipc.Client (Client.java:handleConnectionFailure(966)) - Retrying connect to server: localhost/127.0.0.1:15667. Already tried 0 time(s); retry policy is RetryUpToMaximumCountWithFixedSleep(maxRetries=15, sleepTime=1000 MILLISECONDS)
2021-07-06 17:09:51,989 [EndpointStateMachine task thread for /127.0.0.1:15273 - 0 ] INFO  ipc.Client (Client.java:handleConnectionFailure(966)) - Retrying connect to server: localhost/127.0.0.1:15273. Already tried 3 time(s); retry policy is RetryUpToMaximumCountWithFixedSleep(maxRetries=15, sleepTime=1000 MILLISECONDS)
2021-07-06 17:09:52,240 [EndpointStateMachine task thread for /127.0.0.1:15283 - 0 ] INFO  ipc.Client (Client.java:handleConnectionFailure(966)) - Retrying connect to server: localhost/127.0.0.1:15283. Already tried 0 time(s); retry policy is RetryUpToMaximumCountWithFixedSleep(maxRetries=15, sleepTime=1000 MILLISECONDS)
2021-07-06 17:09:52,240 [EndpointStateMachine task thread for /127.0.0.1:15293 - 0 ] INFO  ipc.Client (Client.java:handleConnectionFailure(966)) - Retrying connect to server: localhost/127.0.0.1:15293. Already tried 0 time(s); retry policy is RetryUpToMaximumCountWithFixedSleep(maxRetries=15, sleepTime=1000 MILLISECONDS)
2021-07-06 17:09:52,505 [EndpointStateMachine task thread for /127.0.0.1:15657 - 0 ] INFO  ipc.Client (Client.java:handleConnectionFailure(966)) - Retrying connect to server: localhost/127.0.0.1:15657. Already tried 1 time(s); retry policy is RetryUpToMaximumCountWithFixedSleep(maxRetries=15, sleepTime=1000 MILLISECONDS)
2021-07-06 17:09:52,505 [EndpointStateMachine task thread for /127.0.0.1:15677 - 0 ] INFO  ipc.Client (Client.java:handleConnectionFailure(966)) - Retrying connect to server: localhost/127.0.0.1:15677. Already tried 1 time(s); retry policy is RetryUpToMaximumCountWithFixedSleep(maxRetries=15, sleepTime=1000 MILLISECONDS)
2021-07-06 17:09:52,508 [EndpointStateMachine task thread for /127.0.0.1:15667 - 0 ] INFO  ipc.Client (Client.java:handleConnectionFailure(966)) - Retrying connect to server: localhost/127.0.0.1:15667. Already tried 1 time(s); retry policy is RetryUpToMaximumCountWithFixedSleep(maxRetries=15, sleepTime=1000 MILLISECONDS)
2021-07-06 17:09:52,990 [EndpointStateMachine task thread for /127.0.0.1:15273 - 0 ] INFO  ipc.Client (Client.java:handleConnectionFailure(966)) - Retrying connect to server: localhost/127.0.0.1:15273. Already tried 4 time(s); retry policy is RetryUpToMaximumCountWithFixedSleep(maxRetries=15, sleepTime=1000 MILLISECONDS)
2021-07-06 17:09:53,241 [EndpointStateMachine task thread for /127.0.0.1:15283 - 0 ] INFO  ipc.Client (Client.java:handleConnectionFailure(966)) - Retrying connect to server: localhost/127.0.0.1:15283. Already tried 1 time(s); retry policy is RetryUpToMaximumCountWithFixedSleep(maxRetries=15, sleepTime=1000 MILLISECONDS)
2021-07-06 17:09:53,241 [EndpointStateMachine task thread for /127.0.0.1:15293 - 0 ] INFO  ipc.Client (Client.java:handleConnectionFailure(966)) - Retrying connect to server: localhost/127.0.0.1:15293. Already tried 1 time(s); retry policy is RetryUpToMaximumCountWithFixedSleep(maxRetries=15, sleepTime=1000 MILLISECONDS)
2021-07-06 17:09:53,506 [EndpointStateMachine task thread for /127.0.0.1:15677 - 0 ] INFO  ipc.Client (Client.java:handleConnectionFailure(966)) - Retrying connect to server: localhost/127.0.0.1:15677. Already tried 2 time(s); retry policy is RetryUpToMaximumCountWithFixedSleep(maxRetries=15, sleepTime=1000 MILLISECONDS)
2021-07-06 17:09:53,506 [EndpointStateMachine task thread for /127.0.0.1:15657 - 0 ] INFO  ipc.Client (Client.java:handleConnectionFailure(966)) - Retrying connect to server: localhost/127.0.0.1:15657. Already tried 2 time(s); retry policy is RetryUpToMaximumCountWithFixedSleep(maxRetries=15, sleepTime=1000 MILLISECONDS)
2021-07-06 17:09:53,509 [EndpointStateMachine task thread for /127.0.0.1:15667 - 0 ] INFO  ipc.Client (Client.java:handleConnectionFailure(966)) - Retrying connect to server: localhost/127.0.0.1:15667. Already tried 2 time(s); retry policy is RetryUpToMaximumCountWithFixedSleep(maxRetries=15, sleepTime=1000 MILLISECONDS)
2021-07-06 17:09:53,990 [EndpointStateMachine task thread for /127.0.0.1:15273 - 0 ] INFO  ipc.Client (Client.java:handleConnectionFailure(966)) - Retrying connect to server: localhost/127.0.0.1:15273. Already tried 5 time(s); retry policy is RetryUpToMaximumCountWithFixedSleep(maxRetries=15, sleepTime=1000 MILLISECONDS)
2021-07-06 17:09:54,241 [EndpointStateMachine task thread for /127.0.0.1:15283 - 0 ] INFO  ipc.Client (Client.java:handleConnectionFailure(966)) - Retrying connect to server: localhost/127.0.0.1:15283. Already tried 2 time(s); retry policy is RetryUpToMaximumCountWithFixedSleep(maxRetries=15, sleepTime=1000 MILLISECONDS)
2021-07-06 17:09:54,242 [EndpointStateMachine task thread for /127.0.0.1:15293 - 0 ] INFO  ipc.Client (Client.java:handleConnectionFailure(966)) - Retrying connect to server: localhost/127.0.0.1:15293. Already tried 2 time(s); retry policy is RetryUpToMaximumCountWithFixedSleep(maxRetries=15, sleepTime=1000 MILLISECONDS)
2021-07-06 17:09:54,506 [EndpointStateMachine task thread for /127.0.0.1:15677 - 0 ] INFO  ipc.Client (Client.java:handleConnectionFailure(966)) - Retrying connect to server: localhost/127.0.0.1:15677. Already tried 3 time(s); retry policy is RetryUpToMaximumCountWithFixedSleep(maxRetries=15, sleepTime=1000 MILLISECONDS)
2021-07-06 17:09:54,507 [EndpointStateMachine task thread for /127.0.0.1:15657 - 0 ] INFO  ipc.Client (Client.java:handleConnectionFailure(966)) - Retrying connect to server: localhost/127.0.0.1:15657. Already tried 3 time(s); retry policy is RetryUpToMaximumCountWithFixedSleep(maxRetries=15, sleepTime=1000 MILLISECONDS)
2021-07-06 17:09:54,509 [EndpointStateMachine task thread for /127.0.0.1:15667 - 0 ] INFO  ipc.Client (Client.java:handleConnectionFailure(966)) - Retrying connect to server: localhost/127.0.0.1:15667. Already tried 3 time(s); retry policy is RetryUpToMaximumCountWithFixedSleep(maxRetries=15, sleepTime=1000 MILLISECONDS)
2021-07-06 17:09:54,930 [ForkJoinPool.commonPool-worker-1] INFO  ozoneimpl.OzoneContainer (OzoneContainer.java:stop(326)) - Attempting to stop container services.
2021-07-06 17:09:54,930 [Listener at 127.0.0.1/10896] INFO  ozoneimpl.OzoneContainer (OzoneContainer.java:stop(326)) - Attempting to stop container services.
2021-07-06 17:09:54,933 [ForkJoinPool.commonPool-worker-1] INFO  server.RaftServer (RaftServerProxy.java:lambda$close$6(391)) - 64ea58c5-a4b1-4696-b7a2-92ce3d3c799d: close
2021-07-06 17:09:54,933 [Listener at 127.0.0.1/10896] INFO  server.RaftServer (RaftServerProxy.java:lambda$close$6(391)) - 73a0175b-b29c-42d7-9744-7e0c9f30680d: close
2021-07-06 17:09:54,933 [ForkJoinPool.commonPool-worker-1] INFO  server.RaftServer$Division (RaftServerImpl.java:lambda$close$4(406)) - 64ea58c5-a4b1-4696-b7a2-92ce3d3c799d@group-A9758D0ED3E8: shutdown
2021-07-06 17:09:54,933 [Listener at 127.0.0.1/10896] INFO  server.RaftServer$Division (RaftServerImpl.java:lambda$close$4(406)) - 73a0175b-b29c-42d7-9744-7e0c9f30680d@group-A9758D0ED3E8: shutdown
2021-07-06 17:09:54,933 [Listener at 127.0.0.1/10896] INFO  util.JmxRegister (JmxRegister.java:unregister(73)) - Successfully un-registered JMX Bean with object name Ratis:service=RaftServer,group=group-A9758D0ED3E8,id=73a0175b-b29c-42d7-9744-7e0c9f30680d
2021-07-06 17:09:54,934 [Listener at 127.0.0.1/10896] INFO  impl.RoleInfo (RoleInfo.java:shutdownFollowerState(108)) - 73a0175b-b29c-42d7-9744-7e0c9f30680d: shutdown 73a0175b-b29c-42d7-9744-7e0c9f30680d@group-A9758D0ED3E8-FollowerState
2021-07-06 17:09:54,934 [Listener at 127.0.0.1/10896] INFO  impl.StateMachineUpdater (StateMachineUpdater.java:stopAndJoin(149)) - 73a0175b-b29c-42d7-9744-7e0c9f30680d@group-A9758D0ED3E8-StateMachineUpdater: set stopIndex = 0
2021-07-06 17:09:54,934 [73a0175b-b29c-42d7-9744-7e0c9f30680d@group-A9758D0ED3E8-FollowerState] INFO  impl.FollowerState (FollowerState.java:run(143)) - 73a0175b-b29c-42d7-9744-7e0c9f30680d@group-A9758D0ED3E8-FollowerState was interrupted: {}
java.lang.InterruptedException: sleep interrupted
	at java.lang.Thread.sleep(Native Method)
	at java.lang.Thread.sleep(Thread.java:340)
	at java.util.concurrent.TimeUnit.sleep(TimeUnit.java:386)
	at org.apache.ratis.util.TimeDuration.sleep(TimeDuration.java:324)
	at org.apache.ratis.util.TimeDuration.sleep(TimeDuration.java:309)
	at org.apache.ratis.server.impl.FollowerState.run(FollowerState.java:118)
2021-07-06 17:09:54,933 [ForkJoinPool.commonPool-worker-1] INFO  util.JmxRegister (JmxRegister.java:unregister(73)) - Successfully un-registered JMX Bean with object name Ratis:service=RaftServer,group=group-A9758D0ED3E8,id=64ea58c5-a4b1-4696-b7a2-92ce3d3c799d
2021-07-06 17:09:54,935 [ForkJoinPool.commonPool-worker-1] INFO  impl.RoleInfo (RoleInfo.java:shutdownLeaderState(91)) - 64ea58c5-a4b1-4696-b7a2-92ce3d3c799d: shutdown 64ea58c5-a4b1-4696-b7a2-92ce3d3c799d@group-A9758D0ED3E8-LeaderStateImpl
2021-07-06 17:09:54,934 [73a0175b-b29c-42d7-9744-7e0c9f30680d@group-A9758D0ED3E8-StateMachineUpdater] INFO  ratis.ContainerStateMachine (ContainerStateMachine.java:takeSnapshot(291)) - group-A9758D0ED3E8: Taking a snapshot at:(t:1, i:0) file /home/runner/work/ozone/ozone/mnt/ozone/hadoop-ozone/integration-test/target/test-dir/MiniOzoneClusterImpl-f74e07ef-a4e5-4994-bf82-498fd787e76a/datanode-1/data/ratis/e8cdf50a-1241-4cfa-899f-a9758d0ed3e8/sm/snapshot.1_0
2021-07-06 17:09:54,935 [ForkJoinPool.commonPool-worker-1] INFO  metrics.RatisMetrics (RatisMetrics.java:unregister(43)) - Unregistering Metrics Registry : ratis_grpc.log_appender.64ea58c5-a4b1-4696-b7a2-92ce3d3c799d@group-A9758D0ED3E8
2021-07-06 17:09:54,935 [ForkJoinPool.commonPool-worker-1] INFO  metrics.RatisMetrics (RatisMetrics.java:unregister(43)) - Unregistering Metrics Registry : ratis_grpc.log_appender.64ea58c5-a4b1-4696-b7a2-92ce3d3c799d@group-A9758D0ED3E8
2021-07-06 17:09:54,935 [ForkJoinPool.commonPool-worker-1] INFO  impl.PendingRequests (PendingRequests.java:sendNotLeaderResponses(249)) - 64ea58c5-a4b1-4696-b7a2-92ce3d3c799d@group-A9758D0ED3E8-PendingRequests: sendNotLeaderResponses
2021-07-06 17:09:54,935 [ForkJoinPool.commonPool-worker-1] INFO  metrics.RatisMetrics (RatisMetrics.java:unregister(43)) - Unregistering Metrics Registry : ratis.log_appender.64ea58c5-a4b1-4696-b7a2-92ce3d3c799d@group-A9758D0ED3E8
2021-07-06 17:09:54,935 [ForkJoinPool.commonPool-worker-1] INFO  metrics.RatisMetrics (RatisMetrics.java:unregister(43)) - Unregistering Metrics Registry : ratis.server.64ea58c5-a4b1-4696-b7a2-92ce3d3c799d@group-A9758D0ED3E8
2021-07-06 17:09:54,936 [ForkJoinPool.commonPool-worker-1] INFO  impl.StateMachineUpdater (StateMachineUpdater.java:stopAndJoin(149)) - 64ea58c5-a4b1-4696-b7a2-92ce3d3c799d@group-A9758D0ED3E8-StateMachineUpdater: set stopIndex = 0
2021-07-06 17:09:54,936 [64ea58c5-a4b1-4696-b7a2-92ce3d3c799d@group-A9758D0ED3E8->ff163131-26ab-494b-a4b8-6a11ee7eba7d-GrpcLogAppender-LogAppenderDaemon] WARN  server.GrpcLogAppender (GrpcLogAppender.java:mayWait(175)) - 64ea58c5-a4b1-4696-b7a2-92ce3d3c799d@group-A9758D0ED3E8->ff163131-26ab-494b-a4b8-6a11ee7eba7d-GrpcLogAppender: Wait interrupted by java.lang.InterruptedException
2021-07-06 17:09:54,936 [64ea58c5-a4b1-4696-b7a2-92ce3d3c799d@group-A9758D0ED3E8-StateMachineUpdater] INFO  ratis.ContainerStateMachine (ContainerStateMachine.java:takeSnapshot(291)) - group-A9758D0ED3E8: Taking a snapshot at:(t:1, i:0) file /home/runner/work/ozone/ozone/mnt/ozone/hadoop-ozone/integration-test/target/test-dir/MiniOzoneClusterImpl-f74e07ef-a4e5-4994-bf82-498fd787e76a/datanode-0/data/ratis/e8cdf50a-1241-4cfa-899f-a9758d0ed3e8/sm/snapshot.1_0
2021-07-06 17:09:54,936 [64ea58c5-a4b1-4696-b7a2-92ce3d3c799d@group-A9758D0ED3E8->73a0175b-b29c-42d7-9744-7e0c9f30680d-GrpcLogAppender-LogAppenderDaemon] WARN  server.GrpcLogAppender (GrpcLogAppender.java:mayWait(175)) - 64ea58c5-a4b1-4696-b7a2-92ce3d3c799d@group-A9758D0ED3E8->73a0175b-b29c-42d7-9744-7e0c9f30680d-GrpcLogAppender: Wait interrupted by java.lang.InterruptedException
2021-07-06 17:09:54,937 [grpc-default-executor-0] INFO  server.GrpcServerProtocolService (GrpcServerProtocolService.java:onCompleted(140)) - 73a0175b-b29c-42d7-9744-7e0c9f30680d: Completed APPEND_ENTRIES, lastRequest: 64ea58c5-a4b1-4696-b7a2-92ce3d3c799d->73a0175b-b29c-42d7-9744-7e0c9f30680d#1-t1,previous=(t:0, i:0),leaderCommit=-1,initializing? true,entries: size=1, first=(t:1, i:0), CONFIGURATIONENTRY
2021-07-06 17:09:54,937 [73a0175b-b29c-42d7-9744-7e0c9f30680d@group-A9758D0ED3E8-StateMachineUpdater] INFO  ratis.ContainerStateMachine (ContainerStateMachine.java:takeSnapshot(302)) - group-A9758D0ED3E8: Finished taking a snapshot at:(t:1, i:0) file:/home/runner/work/ozone/ozone/mnt/ozone/hadoop-ozone/integration-test/target/test-dir/MiniOzoneClusterImpl-f74e07ef-a4e5-4994-bf82-498fd787e76a/datanode-1/data/ratis/e8cdf50a-1241-4cfa-899f-a9758d0ed3e8/sm/snapshot.1_0 took: 3 ms
2021-07-06 17:09:54,937 [grpc-default-executor-5] INFO  server.GrpcServerProtocolService (GrpcServerProtocolService.java:onCompleted(140)) - ff163131-26ab-494b-a4b8-6a11ee7eba7d: Completed APPEND_ENTRIES, lastRequest: 64ea58c5-a4b1-4696-b7a2-92ce3d3c799d->ff163131-26ab-494b-a4b8-6a11ee7eba7d#1-t1,previous=(t:0, i:0),leaderCommit=-1,initializing? true,entries: size=1, first=(t:1, i:0), CONFIGURATIONENTRY
2021-07-06 17:09:54,938 [73a0175b-b29c-42d7-9744-7e0c9f30680d@group-A9758D0ED3E8-StateMachineUpdater] INFO  impl.StateMachineUpdater (StateMachineUpdater.java:takeSnapshot(281)) - 73a0175b-b29c-42d7-9744-7e0c9f30680d@group-A9758D0ED3E8-StateMachineUpdater: Took a snapshot at index 0
2021-07-06 17:09:54,938 [73a0175b-b29c-42d7-9744-7e0c9f30680d@group-A9758D0ED3E8-StateMachineUpdater] INFO  impl.StateMachineUpdater (StateMachineUpdater.java:lambda$new$0(89)) - 73a0175b-b29c-42d7-9744-7e0c9f30680d@group-A9758D0ED3E8-StateMachineUpdater: snapshotIndex: updateIncreasingly -1 -> 0
2021-07-06 17:09:54,938 [73a0175b-b29c-42d7-9744-7e0c9f30680d@group-A9758D0ED3E8-StateMachineUpdater] INFO  metrics.RatisMetrics (RatisMetrics.java:unregister(43)) - Unregistering Metrics Registry : ratis.state_machine.73a0175b-b29c-42d7-9744-7e0c9f30680d@group-A9758D0ED3E8
2021-07-06 17:09:54,938 [Listener at 127.0.0.1/10896] INFO  server.RaftServer$Division (ServerState.java:close(405)) - 73a0175b-b29c-42d7-9744-7e0c9f30680d@group-A9758D0ED3E8: closes. applyIndex: 0
2021-07-06 17:09:54,938 [73a0175b-b29c-42d7-9744-7e0c9f30680d@group-A9758D0ED3E8-SegmentedRaftLogWorker] INFO  segmented.SegmentedRaftLogWorker (SegmentedRaftLogWorker.java:run(327)) - 73a0175b-b29c-42d7-9744-7e0c9f30680d@group-A9758D0ED3E8-SegmentedRaftLogWorker was interrupted, exiting. There are 0 tasks remaining in the queue.
2021-07-06 17:09:54,939 [grpc-default-executor-0] INFO  server.GrpcLogAppender (GrpcLogAppender.java:onCompleted(344)) - 64ea58c5-a4b1-4696-b7a2-92ce3d3c799d@group-A9758D0ED3E8->ff163131-26ab-494b-a4b8-6a11ee7eba7d-AppendLogResponseHandler: follower responses appendEntries COMPLETED
2021-07-06 17:09:54,939 [grpc-default-executor-0] INFO  leader.FollowerInfo (FollowerInfoImpl.java:lambda$new$0(46)) - 64ea58c5-a4b1-4696-b7a2-92ce3d3c799d@group-A9758D0ED3E8->ff163131-26ab-494b-a4b8-6a11ee7eba7d: nextIndex: updateUnconditionally 1 -> 0
2021-07-06 17:09:54,939 [grpc-default-executor-0] INFO  server.GrpcLogAppender (GrpcLogAppender.java:onCompleted(344)) - 64ea58c5-a4b1-4696-b7a2-92ce3d3c799d@group-A9758D0ED3E8->73a0175b-b29c-42d7-9744-7e0c9f30680d-AppendLogResponseHandler: follower responses appendEntries COMPLETED
2021-07-06 17:09:54,939 [grpc-default-executor-0] INFO  leader.FollowerInfo (FollowerInfoImpl.java:lambda$new$0(46)) - 64ea58c5-a4b1-4696-b7a2-92ce3d3c799d@group-A9758D0ED3E8->73a0175b-b29c-42d7-9744-7e0c9f30680d: nextIndex: updateUnconditionally 1 -> 0
2021-07-06 17:09:54,938 [64ea58c5-a4b1-4696-b7a2-92ce3d3c799d@group-A9758D0ED3E8-StateMachineUpdater] INFO  ratis.ContainerStateMachine (ContainerStateMachine.java:takeSnapshot(302)) - group-A9758D0ED3E8: Finished taking a snapshot at:(t:1, i:0) file:/home/runner/work/ozone/ozone/mnt/ozone/hadoop-ozone/integration-test/target/test-dir/MiniOzoneClusterImpl-f74e07ef-a4e5-4994-bf82-498fd787e76a/datanode-0/data/ratis/e8cdf50a-1241-4cfa-899f-a9758d0ed3e8/sm/snapshot.1_0 took: 2 ms
2021-07-06 17:09:54,940 [Listener at 127.0.0.1/10896] INFO  segmented.SegmentedRaftLogWorker (SegmentedRaftLogWorker.java:close(237)) - 73a0175b-b29c-42d7-9744-7e0c9f30680d@group-A9758D0ED3E8-SegmentedRaftLogWorker close()
2021-07-06 17:09:54,940 [64ea58c5-a4b1-4696-b7a2-92ce3d3c799d@group-A9758D0ED3E8-StateMachineUpdater] INFO  impl.StateMachineUpdater (StateMachineUpdater.java:takeSnapshot(281)) - 64ea58c5-a4b1-4696-b7a2-92ce3d3c799d@group-A9758D0ED3E8-StateMachineUpdater: Took a snapshot at index 0
2021-07-06 17:09:54,940 [64ea58c5-a4b1-4696-b7a2-92ce3d3c799d@group-A9758D0ED3E8-StateMachineUpdater] INFO  impl.StateMachineUpdater (StateMachineUpdater.java:lambda$new$0(89)) - 64ea58c5-a4b1-4696-b7a2-92ce3d3c799d@group-A9758D0ED3E8-StateMachineUpdater: snapshotIndex: updateIncreasingly -1 -> 0
2021-07-06 17:09:54,940 [Listener at 127.0.0.1/10896] INFO  metrics.RatisMetrics (RatisMetrics.java:unregister(43)) - Unregistering Metrics Registry : ratis.log_worker.73a0175b-b29c-42d7-9744-7e0c9f30680d@group-A9758D0ED3E8
2021-07-06 17:09:54,941 [64ea58c5-a4b1-4696-b7a2-92ce3d3c799d@group-A9758D0ED3E8-StateMachineUpdater] INFO  metrics.RatisMetrics (RatisMetrics.java:unregister(43)) - Unregistering Metrics Registry : ratis.state_machine.64ea58c5-a4b1-4696-b7a2-92ce3d3c799d@group-A9758D0ED3E8
2021-07-06 17:09:54,941 [Listener at 127.0.0.1/10896] INFO  metrics.RatisMetrics (RatisMetrics.java:unregister(43)) - Unregistering Metrics Registry : ratis.leader_election.73a0175b-b29c-42d7-9744-7e0c9f30680d@group-A9758D0ED3E8
2021-07-06 17:09:54,941 [Listener at 127.0.0.1/10896] INFO  metrics.RatisMetrics (RatisMetrics.java:unregister(43)) - Unregistering Metrics Registry : ratis.server.73a0175b-b29c-42d7-9744-7e0c9f30680d@group-A9758D0ED3E8
2021-07-06 17:09:54,941 [Listener at 127.0.0.1/10896] INFO  server.RaftServer$Division (RaftServerImpl.java:lambda$close$4(406)) - 73a0175b-b29c-42d7-9744-7e0c9f30680d@group-AFBE738750F4: shutdown
2021-07-06 17:09:54,942 [Listener at 127.0.0.1/10896] INFO  util.JmxRegister (JmxRegister.java:unregister(73)) - Successfully un-registered JMX Bean with object name Ratis:service=RaftServer,group=group-AFBE738750F4,id=73a0175b-b29c-42d7-9744-7e0c9f30680d
2021-07-06 17:09:54,942 [Listener at 127.0.0.1/10896] INFO  impl.RoleInfo (RoleInfo.java:shutdownLeaderState(91)) - 73a0175b-b29c-42d7-9744-7e0c9f30680d: shutdown 73a0175b-b29c-42d7-9744-7e0c9f30680d@group-AFBE738750F4-LeaderStateImpl
2021-07-06 17:09:54,941 [ForkJoinPool.commonPool-worker-1] INFO  server.RaftServer$Division (ServerState.java:close(405)) - 64ea58c5-a4b1-4696-b7a2-92ce3d3c799d@group-A9758D0ED3E8: closes. applyIndex: 0
2021-07-06 17:09:54,942 [64ea58c5-a4b1-4696-b7a2-92ce3d3c799d@group-A9758D0ED3E8-SegmentedRaftLogWorker] INFO  segmented.SegmentedRaftLogWorker (SegmentedRaftLogWorker.java:run(327)) - 64ea58c5-a4b1-4696-b7a2-92ce3d3c799d@group-A9758D0ED3E8-SegmentedRaftLogWorker was interrupted, exiting. There are 0 tasks remaining in the queue.
2021-07-06 17:09:54,942 [Listener at 127.0.0.1/10896] INFO  impl.PendingRequests (PendingRequests.java:sendNotLeaderResponses(249)) - 73a0175b-b29c-42d7-9744-7e0c9f30680d@group-AFBE738750F4-PendingRequests: sendNotLeaderResponses
2021-07-06 17:09:54,943 [ForkJoinPool.commonPool-worker-1] INFO  segmented.SegmentedRaftLogWorker (SegmentedRaftLogWorker.java:close(237)) - 64ea58c5-a4b1-4696-b7a2-92ce3d3c799d@group-A9758D0ED3E8-SegmentedRaftLogWorker close()
2021-07-06 17:09:54,943 [Listener at 127.0.0.1/10896] INFO  metrics.RatisMetrics (RatisMetrics.java:unregister(43)) - Unregistering Metrics Registry : ratis.log_appender.73a0175b-b29c-42d7-9744-7e0c9f30680d@group-AFBE738750F4
2021-07-06 17:09:54,943 [Listener at 127.0.0.1/10896] INFO  metrics.RatisMetrics (RatisMetrics.java:unregister(43)) - Unregistering Metrics Registry : ratis.server.73a0175b-b29c-42d7-9744-7e0c9f30680d@group-AFBE738750F4
2021-07-06 17:09:54,944 [Listener at 127.0.0.1/10896] INFO  impl.StateMachineUpdater (StateMachineUpdater.java:stopAndJoin(149)) - 73a0175b-b29c-42d7-9744-7e0c9f30680d@group-AFBE738750F4-StateMachineUpdater: set stopIndex = 0
2021-07-06 17:09:54,945 [73a0175b-b29c-42d7-9744-7e0c9f30680d@group-AFBE738750F4-StateMachineUpdater] INFO  ratis.ContainerStateMachine (ContainerStateMachine.java:takeSnapshot(291)) - group-AFBE738750F4: Taking a snapshot at:(t:1, i:0) file /home/runner/work/ozone/ozone/mnt/ozone/hadoop-ozone/integration-test/target/test-dir/MiniOzoneClusterImpl-f74e07ef-a4e5-4994-bf82-498fd787e76a/datanode-1/data/ratis/e684a29d-1182-4bcf-8982-afbe738750f4/sm/snapshot.1_0
2021-07-06 17:09:54,945 [ForkJoinPool.commonPool-worker-1] INFO  metrics.RatisMetrics (RatisMetrics.java:unregister(43)) - Unregistering Metrics Registry : ratis.log_worker.64ea58c5-a4b1-4696-b7a2-92ce3d3c799d@group-A9758D0ED3E8
2021-07-06 17:09:54,945 [ForkJoinPool.commonPool-worker-1] INFO  metrics.RatisMetrics (RatisMetrics.java:unregister(43)) - Unregistering Metrics Registry : ratis.leader_election.64ea58c5-a4b1-4696-b7a2-92ce3d3c799d@group-A9758D0ED3E8
2021-07-06 17:09:54,946 [ForkJoinPool.commonPool-worker-1] INFO  metrics.RatisMetrics (RatisMetrics.java:unregister(43)) - Unregistering Metrics Registry : ratis.server.64ea58c5-a4b1-4696-b7a2-92ce3d3c799d@group-A9758D0ED3E8
2021-07-06 17:09:54,946 [ForkJoinPool.commonPool-worker-1] INFO  server.RaftServer$Division (RaftServerImpl.java:lambda$close$4(406)) - 64ea58c5-a4b1-4696-b7a2-92ce3d3c799d@group-9C0EBA8E0C84: shutdown
2021-07-06 17:09:54,946 [ForkJoinPool.commonPool-worker-1] INFO  util.JmxRegister (JmxRegister.java:unregister(73)) - Successfully un-registered JMX Bean with object name Ratis:service=RaftServer,group=group-9C0EBA8E0C84,id=64ea58c5-a4b1-4696-b7a2-92ce3d3c799d
2021-07-06 17:09:54,946 [ForkJoinPool.commonPool-worker-1] INFO  impl.RoleInfo (RoleInfo.java:shutdownLeaderState(91)) - 64ea58c5-a4b1-4696-b7a2-92ce3d3c799d: shutdown 64ea58c5-a4b1-4696-b7a2-92ce3d3c799d@group-9C0EBA8E0C84-LeaderStateImpl
2021-07-06 17:09:54,946 [73a0175b-b29c-42d7-9744-7e0c9f30680d@group-AFBE738750F4-StateMachineUpdater] INFO  ratis.ContainerStateMachine (ContainerStateMachine.java:takeSnapshot(302)) - group-AFBE738750F4: Finished taking a snapshot at:(t:1, i:0) file:/home/runner/work/ozone/ozone/mnt/ozone/hadoop-ozone/integration-test/target/test-dir/MiniOzoneClusterImpl-f74e07ef-a4e5-4994-bf82-498fd787e76a/datanode-1/data/ratis/e684a29d-1182-4bcf-8982-afbe738750f4/sm/snapshot.1_0 took: 1 ms
2021-07-06 17:09:54,946 [ForkJoinPool.commonPool-worker-1] INFO  impl.PendingRequests (PendingRequests.java:sendNotLeaderResponses(249)) - 64ea58c5-a4b1-4696-b7a2-92ce3d3c799d@group-9C0EBA8E0C84-PendingRequests: sendNotLeaderResponses
2021-07-06 17:09:54,946 [73a0175b-b29c-42d7-9744-7e0c9f30680d@group-AFBE738750F4-StateMachineUpdater] INFO  impl.StateMachineUpdater (StateMachineUpdater.java:takeSnapshot(281)) - 73a0175b-b29c-42d7-9744-7e0c9f30680d@group-AFBE738750F4-StateMachineUpdater: Took a snapshot at index 0
2021-07-06 17:09:54,946 [ForkJoinPool.commonPool-worker-1] INFO  metrics.RatisMetrics (RatisMetrics.java:unregister(43)) - Unregistering Metrics Registry : ratis.log_appender.64ea58c5-a4b1-4696-b7a2-92ce3d3c799d@group-9C0EBA8E0C84
2021-07-06 17:09:54,946 [73a0175b-b29c-42d7-9744-7e0c9f30680d@group-AFBE738750F4-StateMachineUpdater] INFO  impl.StateMachineUpdater (StateMachineUpdater.java:lambda$new$0(89)) - 73a0175b-b29c-42d7-9744-7e0c9f30680d@group-AFBE738750F4-StateMachineUpdater: snapshotIndex: updateIncreasingly -1 -> 0
2021-07-06 17:09:54,946 [ForkJoinPool.commonPool-worker-1] INFO  metrics.RatisMetrics (RatisMetrics.java:unregister(43)) - Unregistering Metrics Registry : ratis.server.64ea58c5-a4b1-4696-b7a2-92ce3d3c799d@group-9C0EBA8E0C84
2021-07-06 17:09:54,946 [73a0175b-b29c-42d7-9744-7e0c9f30680d@group-AFBE738750F4-StateMachineUpdater] INFO  metrics.RatisMetrics (RatisMetrics.java:unregister(43)) - Unregistering Metrics Registry : ratis.state_machine.73a0175b-b29c-42d7-9744-7e0c9f30680d@group-AFBE738750F4
2021-07-06 17:09:54,947 [ForkJoinPool.commonPool-worker-1] INFO  impl.StateMachineUpdater (StateMachineUpdater.java:stopAndJoin(149)) - 64ea58c5-a4b1-4696-b7a2-92ce3d3c799d@group-9C0EBA8E0C84-StateMachineUpdater: set stopIndex = 0
2021-07-06 17:09:54,953 [Listener at 127.0.0.1/10896] INFO  server.RaftServer$Division (ServerState.java:close(405)) - 73a0175b-b29c-42d7-9744-7e0c9f30680d@group-AFBE738750F4: closes. applyIndex: 0
2021-07-06 17:09:54,953 [64ea58c5-a4b1-4696-b7a2-92ce3d3c799d@group-9C0EBA8E0C84-StateMachineUpdater] INFO  ratis.ContainerStateMachine (ContainerStateMachine.java:takeSnapshot(291)) - group-9C0EBA8E0C84: Taking a snapshot at:(t:1, i:0) file /home/runner/work/ozone/ozone/mnt/ozone/hadoop-ozone/integration-test/target/test-dir/MiniOzoneClusterImpl-f74e07ef-a4e5-4994-bf82-498fd787e76a/datanode-0/data/ratis/eb81dc61-e19a-46a1-b031-9c0eba8e0c84/sm/snapshot.1_0
2021-07-06 17:09:54,953 [73a0175b-b29c-42d7-9744-7e0c9f30680d@group-AFBE738750F4-SegmentedRaftLogWorker] INFO  segmented.SegmentedRaftLogWorker (SegmentedRaftLogWorker.java:run(327)) - 73a0175b-b29c-42d7-9744-7e0c9f30680d@group-AFBE738750F4-SegmentedRaftLogWorker was interrupted, exiting. There are 0 tasks remaining in the queue.
2021-07-06 17:09:54,954 [64ea58c5-a4b1-4696-b7a2-92ce3d3c799d@group-9C0EBA8E0C84-StateMachineUpdater] INFO  ratis.ContainerStateMachine (ContainerStateMachine.java:takeSnapshot(302)) - group-9C0EBA8E0C84: Finished taking a snapshot at:(t:1, i:0) file:/home/runner/work/ozone/ozone/mnt/ozone/hadoop-ozone/integration-test/target/test-dir/MiniOzoneClusterImpl-f74e07ef-a4e5-4994-bf82-498fd787e76a/datanode-0/data/ratis/eb81dc61-e19a-46a1-b031-9c0eba8e0c84/sm/snapshot.1_0 took: 1 ms
2021-07-06 17:09:54,954 [64ea58c5-a4b1-4696-b7a2-92ce3d3c799d@group-9C0EBA8E0C84-StateMachineUpdater] INFO  impl.StateMachineUpdater (StateMachineUpdater.java:takeSnapshot(281)) - 64ea58c5-a4b1-4696-b7a2-92ce3d3c799d@group-9C0EBA8E0C84-StateMachineUpdater: Took a snapshot at index 0
2021-07-06 17:09:54,954 [64ea58c5-a4b1-4696-b7a2-92ce3d3c799d@group-9C0EBA8E0C84-StateMachineUpdater] INFO  impl.StateMachineUpdater (StateMachineUpdater.java:lambda$new$0(89)) - 64ea58c5-a4b1-4696-b7a2-92ce3d3c799d@group-9C0EBA8E0C84-StateMachineUpdater: snapshotIndex: updateIncreasingly -1 -> 0
2021-07-06 17:09:54,954 [64ea58c5-a4b1-4696-b7a2-92ce3d3c799d@group-9C0EBA8E0C84-StateMachineUpdater] INFO  metrics.RatisMetrics (RatisMetrics.java:unregister(43)) - Unregistering Metrics Registry : ratis.state_machine.64ea58c5-a4b1-4696-b7a2-92ce3d3c799d@group-9C0EBA8E0C84
2021-07-06 17:09:54,954 [ForkJoinPool.commonPool-worker-1] INFO  server.RaftServer$Division (ServerState.java:close(405)) - 64ea58c5-a4b1-4696-b7a2-92ce3d3c799d@group-9C0EBA8E0C84: closes. applyIndex: 0
2021-07-06 17:09:54,954 [64ea58c5-a4b1-4696-b7a2-92ce3d3c799d@group-9C0EBA8E0C84-SegmentedRaftLogWorker] INFO  segmented.SegmentedRaftLogWorker (SegmentedRaftLogWorker.java:run(327)) - 64ea58c5-a4b1-4696-b7a2-92ce3d3c799d@group-9C0EBA8E0C84-SegmentedRaftLogWorker was interrupted, exiting. There are 0 tasks remaining in the queue.
2021-07-06 17:09:54,955 [ForkJoinPool.commonPool-worker-1] INFO  segmented.SegmentedRaftLogWorker (SegmentedRaftLogWorker.java:close(237)) - 64ea58c5-a4b1-4696-b7a2-92ce3d3c799d@group-9C0EBA8E0C84-SegmentedRaftLogWorker close()
2021-07-06 17:09:54,955 [ForkJoinPool.commonPool-worker-1] INFO  metrics.RatisMetrics (RatisMetrics.java:unregister(43)) - Unregistering Metrics Registry : ratis.log_worker.64ea58c5-a4b1-4696-b7a2-92ce3d3c799d@group-9C0EBA8E0C84
2021-07-06 17:09:54,955 [ForkJoinPool.commonPool-worker-1] INFO  metrics.RatisMetrics (RatisMetrics.java:unregister(43)) - Unregistering Metrics Registry : ratis.leader_election.64ea58c5-a4b1-4696-b7a2-92ce3d3c799d@group-9C0EBA8E0C84
2021-07-06 17:09:54,955 [ForkJoinPool.commonPool-worker-1] INFO  metrics.RatisMetrics (RatisMetrics.java:unregister(43)) - Unregistering Metrics Registry : ratis.server.64ea58c5-a4b1-4696-b7a2-92ce3d3c799d@group-9C0EBA8E0C84
2021-07-06 17:09:54,955 [ForkJoinPool.commonPool-worker-1] INFO  server.RaftServer$Division (RaftServerImpl.java:lambda$close$4(406)) - 64ea58c5-a4b1-4696-b7a2-92ce3d3c799d@group-E792FEA90364: shutdown
2021-07-06 17:09:54,956 [ForkJoinPool.commonPool-worker-1] INFO  util.JmxRegister (JmxRegister.java:unregister(73)) - Successfully un-registered JMX Bean with object name Ratis:service=RaftServer,group=group-E792FEA90364,id=64ea58c5-a4b1-4696-b7a2-92ce3d3c799d
2021-07-06 17:09:54,956 [ForkJoinPool.commonPool-worker-1] INFO  impl.RoleInfo (RoleInfo.java:shutdownFollowerState(108)) - 64ea58c5-a4b1-4696-b7a2-92ce3d3c799d: shutdown 64ea58c5-a4b1-4696-b7a2-92ce3d3c799d@group-E792FEA90364-FollowerState
2021-07-06 17:09:54,956 [ForkJoinPool.commonPool-worker-1] INFO  impl.StateMachineUpdater (StateMachineUpdater.java:stopAndJoin(149)) - 64ea58c5-a4b1-4696-b7a2-92ce3d3c799d@group-E792FEA90364-StateMachineUpdater: set stopIndex = 0
2021-07-06 17:09:54,956 [Listener at 127.0.0.1/10896] INFO  segmented.SegmentedRaftLogWorker (SegmentedRaftLogWorker.java:close(237)) - 73a0175b-b29c-42d7-9744-7e0c9f30680d@group-AFBE738750F4-SegmentedRaftLogWorker close()
2021-07-06 17:09:54,956 [64ea58c5-a4b1-4696-b7a2-92ce3d3c799d@group-E792FEA90364-FollowerState] INFO  impl.FollowerState (FollowerState.java:run(143)) - 64ea58c5-a4b1-4696-b7a2-92ce3d3c799d@group-E792FEA90364-FollowerState was interrupted: {}
java.lang.InterruptedException: sleep interrupted
	at java.lang.Thread.sleep(Native Method)
	at java.lang.Thread.sleep(Thread.java:340)
	at java.util.concurrent.TimeUnit.sleep(TimeUnit.java:386)
	at org.apache.ratis.util.TimeDuration.sleep(TimeDuration.java:324)
	at org.apache.ratis.util.TimeDuration.sleep(TimeDuration.java:309)
	at org.apache.ratis.server.impl.FollowerState.run(FollowerState.java:118)
2021-07-06 17:09:54,956 [64ea58c5-a4b1-4696-b7a2-92ce3d3c799d@group-E792FEA90364-StateMachineUpdater] INFO  ratis.ContainerStateMachine (ContainerStateMachine.java:takeSnapshot(291)) - group-E792FEA90364: Taking a snapshot at:(t:2, i:0) file /home/runner/work/ozone/ozone/mnt/ozone/hadoop-ozone/integration-test/target/test-dir/MiniOzoneClusterImpl-f74e07ef-a4e5-4994-bf82-498fd787e76a/datanode-0/data/ratis/8fd3e776-5b3d-4dc2-912b-e792fea90364/sm/snapshot.2_0
2021-07-06 17:09:54,957 [64ea58c5-a4b1-4696-b7a2-92ce3d3c799d@group-E792FEA90364-StateMachineUpdater] INFO  ratis.ContainerStateMachine (ContainerStateMachine.java:takeSnapshot(302)) - group-E792FEA90364: Finished taking a snapshot at:(t:2, i:0) file:/home/runner/work/ozone/ozone/mnt/ozone/hadoop-ozone/integration-test/target/test-dir/MiniOzoneClusterImpl-f74e07ef-a4e5-4994-bf82-498fd787e76a/datanode-0/data/ratis/8fd3e776-5b3d-4dc2-912b-e792fea90364/sm/snapshot.2_0 took: 0 ms
2021-07-06 17:09:54,957 [64ea58c5-a4b1-4696-b7a2-92ce3d3c799d@group-E792FEA90364-StateMachineUpdater] INFO  impl.StateMachineUpdater (StateMachineUpdater.java:takeSnapshot(281)) - 64ea58c5-a4b1-4696-b7a2-92ce3d3c799d@group-E792FEA90364-StateMachineUpdater: Took a snapshot at index 0
2021-07-06 17:09:54,957 [64ea58c5-a4b1-4696-b7a2-92ce3d3c799d@group-E792FEA90364-StateMachineUpdater] INFO  impl.StateMachineUpdater (StateMachineUpdater.java:lambda$new$0(89)) - 64ea58c5-a4b1-4696-b7a2-92ce3d3c799d@group-E792FEA90364-StateMachineUpdater: snapshotIndex: updateIncreasingly -1 -> 0
2021-07-06 17:09:54,957 [64ea58c5-a4b1-4696-b7a2-92ce3d3c799d@group-E792FEA90364-StateMachineUpdater] INFO  metrics.RatisMetrics (RatisMetrics.java:unregister(43)) - Unregistering Metrics Registry : ratis.state_machine.64ea58c5-a4b1-4696-b7a2-92ce3d3c799d@group-E792FEA90364
2021-07-06 17:09:54,957 [ForkJoinPool.commonPool-worker-1] INFO  server.RaftServer$Division (ServerState.java:close(405)) - 64ea58c5-a4b1-4696-b7a2-92ce3d3c799d@group-E792FEA90364: closes. applyIndex: 0
2021-07-06 17:09:54,957 [64ea58c5-a4b1-4696-b7a2-92ce3d3c799d@group-E792FEA90364-SegmentedRaftLogWorker] INFO  segmented.SegmentedRaftLogWorker (SegmentedRaftLogWorker.java:run(327)) - 64ea58c5-a4b1-4696-b7a2-92ce3d3c799d@group-E792FEA90364-SegmentedRaftLogWorker was interrupted, exiting. There are 0 tasks remaining in the queue.
2021-07-06 17:09:54,957 [Listener at 127.0.0.1/10896] INFO  metrics.RatisMetrics (RatisMetrics.java:unregister(43)) - Unregistering Metrics Registry : ratis.log_worker.73a0175b-b29c-42d7-9744-7e0c9f30680d@group-AFBE738750F4
2021-07-06 17:09:54,958 [ForkJoinPool.commonPool-worker-1] INFO  segmented.SegmentedRaftLogWorker (SegmentedRaftLogWorker.java:close(237)) - 64ea58c5-a4b1-4696-b7a2-92ce3d3c799d@group-E792FEA90364-SegmentedRaftLogWorker close()
2021-07-06 17:09:54,959 [ForkJoinPool.commonPool-worker-1] INFO  metrics.RatisMetrics (RatisMetrics.java:unregister(43)) - Unregistering Metrics Registry : ratis.log_worker.64ea58c5-a4b1-4696-b7a2-92ce3d3c799d@group-E792FEA90364
2021-07-06 17:09:54,959 [ForkJoinPool.commonPool-worker-1] INFO  metrics.RatisMetrics (RatisMetrics.java:unregister(43)) - Unregistering Metrics Registry : ratis.leader_election.64ea58c5-a4b1-4696-b7a2-92ce3d3c799d@group-E792FEA90364
2021-07-06 17:09:54,959 [ForkJoinPool.commonPool-worker-1] INFO  metrics.RatisMetrics (RatisMetrics.java:unregister(43)) - Unregistering Metrics Registry : ratis.server.64ea58c5-a4b1-4696-b7a2-92ce3d3c799d@group-E792FEA90364
2021-07-06 17:09:54,959 [ForkJoinPool.commonPool-worker-1] INFO  server.GrpcService (GrpcService.java:closeImpl(262)) - 64ea58c5-a4b1-4696-b7a2-92ce3d3c799d: shutdown server with port 34653 now
2021-07-06 17:09:54,959 [Listener at 127.0.0.1/10896] INFO  metrics.RatisMetrics (RatisMetrics.java:unregister(43)) - Unregistering Metrics Registry : ratis.leader_election.73a0175b-b29c-42d7-9744-7e0c9f30680d@group-AFBE738750F4
2021-07-06 17:09:54,962 [grpc-default-executor-5] WARN  server.GrpcServerProtocolService (LogUtils.java:warn(122)) - 64ea58c5-a4b1-4696-b7a2-92ce3d3c799d: installSnapshot onError, lastRequest: 73a0175b-b29c-42d7-9744-7e0c9f30680d->64ea58c5-a4b1-4696-b7a2-92ce3d3c799d#1-t2,previous=(t:0, i:0),leaderCommit=-1,initializing? true,entries: size=1, first=(t:2, i:0), CONFIGURATIONENTRY: org.apache.ratis.thirdparty.io.grpc.StatusRuntimeException: CANCELLED: client cancelled
2021-07-06 17:09:54,962 [Listener at 127.0.0.1/10896] INFO  metrics.RatisMetrics (RatisMetrics.java:unregister(43)) - Unregistering Metrics Registry : ratis.server.73a0175b-b29c-42d7-9744-7e0c9f30680d@group-AFBE738750F4
2021-07-06 17:09:54,962 [Listener at 127.0.0.1/10896] INFO  server.RaftServer$Division (RaftServerImpl.java:lambda$close$4(406)) - 73a0175b-b29c-42d7-9744-7e0c9f30680d@group-E792FEA90364: shutdown
2021-07-06 17:09:54,962 [Listener at 127.0.0.1/10896] INFO  util.JmxRegister (JmxRegister.java:unregister(73)) - Successfully un-registered JMX Bean with object name Ratis:service=RaftServer,group=group-E792FEA90364,id=73a0175b-b29c-42d7-9744-7e0c9f30680d
2021-07-06 17:09:54,962 [Listener at 127.0.0.1/10896] INFO  impl.RoleInfo (RoleInfo.java:shutdownLeaderState(91)) - 73a0175b-b29c-42d7-9744-7e0c9f30680d: shutdown 73a0175b-b29c-42d7-9744-7e0c9f30680d@group-E792FEA90364-LeaderStateImpl
2021-07-06 17:09:54,963 [Listener at 127.0.0.1/10896] INFO  metrics.RatisMetrics (RatisMetrics.java:unregister(43)) - Unregistering Metrics Registry : ratis_grpc.log_appender.73a0175b-b29c-42d7-9744-7e0c9f30680d@group-E792FEA90364
2021-07-06 17:09:54,963 [Listener at 127.0.0.1/10896] INFO  metrics.RatisMetrics (RatisMetrics.java:unregister(43)) - Unregistering Metrics Registry : ratis_grpc.log_appender.73a0175b-b29c-42d7-9744-7e0c9f30680d@group-E792FEA90364
2021-07-06 17:09:54,963 [73a0175b-b29c-42d7-9744-7e0c9f30680d@group-E792FEA90364->64ea58c5-a4b1-4696-b7a2-92ce3d3c799d-GrpcLogAppender-LogAppenderDaemon] WARN  server.GrpcLogAppender (GrpcLogAppender.java:mayWait(175)) - 73a0175b-b29c-42d7-9744-7e0c9f30680d@group-E792FEA90364->64ea58c5-a4b1-4696-b7a2-92ce3d3c799d-GrpcLogAppender: Wait interrupted by java.lang.InterruptedException
2021-07-06 17:09:54,963 [73a0175b-b29c-42d7-9744-7e0c9f30680d@group-E792FEA90364->ff163131-26ab-494b-a4b8-6a11ee7eba7d-GrpcLogAppender-LogAppenderDaemon] WARN  server.GrpcLogAppender (GrpcLogAppender.java:mayWait(175)) - 73a0175b-b29c-42d7-9744-7e0c9f30680d@group-E792FEA90364->ff163131-26ab-494b-a4b8-6a11ee7eba7d-GrpcLogAppender: Wait interrupted by java.lang.InterruptedException
2021-07-06 17:09:54,963 [grpc-default-executor-5] INFO  server.GrpcServerProtocolService (GrpcServerProtocolService.java:onCompleted(140)) - ff163131-26ab-494b-a4b8-6a11ee7eba7d: Completed APPEND_ENTRIES, lastRequest: 73a0175b-b29c-42d7-9744-7e0c9f30680d->ff163131-26ab-494b-a4b8-6a11ee7eba7d#1-t2,previous=(t:0, i:0),leaderCommit=0,initializing? true,entries: size=1, first=(t:2, i:0), CONFIGURATIONENTRY
2021-07-06 17:09:54,964 [Listener at 127.0.0.1/10896] INFO  impl.PendingRequests (PendingRequests.java:sendNotLeaderResponses(249)) - 73a0175b-b29c-42d7-9744-7e0c9f30680d@group-E792FEA90364-PendingRequests: sendNotLeaderResponses
2021-07-06 17:09:54,964 [grpc-default-executor-5] INFO  server.GrpcLogAppender (GrpcLogAppender.java:onCompleted(344)) - 73a0175b-b29c-42d7-9744-7e0c9f30680d@group-E792FEA90364->ff163131-26ab-494b-a4b8-6a11ee7eba7d-AppendLogResponseHandler: follower responses appendEntries COMPLETED
2021-07-06 17:09:54,964 [grpc-default-executor-3] INFO  server.GrpcLogAppender (GrpcLogAppender.java:onError(333)) - 73a0175b-b29c-42d7-9744-7e0c9f30680d@group-E792FEA90364->64ea58c5-a4b1-4696-b7a2-92ce3d3c799d-GrpcLogAppender is stopped
2021-07-06 17:09:54,964 [Listener at 127.0.0.1/10896] INFO  metrics.RatisMetrics (RatisMetrics.java:unregister(43)) - Unregistering Metrics Registry : ratis.log_appender.73a0175b-b29c-42d7-9744-7e0c9f30680d@group-E792FEA90364
2021-07-06 17:09:54,965 [Listener at 127.0.0.1/10896] INFO  metrics.RatisMetrics (RatisMetrics.java:unregister(43)) - Unregistering Metrics Registry : ratis.server.73a0175b-b29c-42d7-9744-7e0c9f30680d@group-E792FEA90364
2021-07-06 17:09:54,964 [grpc-default-executor-5] INFO  leader.FollowerInfo (FollowerInfoImpl.java:lambda$new$0(46)) - 73a0175b-b29c-42d7-9744-7e0c9f30680d@group-E792FEA90364->ff163131-26ab-494b-a4b8-6a11ee7eba7d: nextIndex: updateUnconditionally 1 -> 0
2021-07-06 17:09:54,968 [ForkJoinPool.commonPool-worker-1] INFO  server.GrpcService (GrpcService.java:closeImpl(271)) - 64ea58c5-a4b1-4696-b7a2-92ce3d3c799d: shutdown server with port 34653 successfully
2021-07-06 17:09:54,968 [org.apache.ratis.util.JvmPauseMonitor$$Lambda$493/488669101@68be2fe7] INFO  util.JvmPauseMonitor (JvmPauseMonitor.java:run(109)) - JvmPauseMonitor-64ea58c5-a4b1-4696-b7a2-92ce3d3c799d: Stopped
2021-07-06 17:09:54,968 [Listener at 127.0.0.1/10896] INFO  impl.StateMachineUpdater (StateMachineUpdater.java:stopAndJoin(149)) - 73a0175b-b29c-42d7-9744-7e0c9f30680d@group-E792FEA90364-StateMachineUpdater: set stopIndex = 0
2021-07-06 17:09:54,969 [73a0175b-b29c-42d7-9744-7e0c9f30680d@group-E792FEA90364-StateMachineUpdater] INFO  ratis.ContainerStateMachine (ContainerStateMachine.java:takeSnapshot(291)) - group-E792FEA90364: Taking a snapshot at:(t:2, i:0) file /home/runner/work/ozone/ozone/mnt/ozone/hadoop-ozone/integration-test/target/test-dir/MiniOzoneClusterImpl-f74e07ef-a4e5-4994-bf82-498fd787e76a/datanode-1/data/ratis/8fd3e776-5b3d-4dc2-912b-e792fea90364/sm/snapshot.2_0
2021-07-06 17:09:54,970 [73a0175b-b29c-42d7-9744-7e0c9f30680d@group-E792FEA90364-StateMachineUpdater] INFO  ratis.ContainerStateMachine (ContainerStateMachine.java:takeSnapshot(302)) - group-E792FEA90364: Finished taking a snapshot at:(t:2, i:0) file:/home/runner/work/ozone/ozone/mnt/ozone/hadoop-ozone/integration-test/target/test-dir/MiniOzoneClusterImpl-f74e07ef-a4e5-4994-bf82-498fd787e76a/datanode-1/data/ratis/8fd3e776-5b3d-4dc2-912b-e792fea90364/sm/snapshot.2_0 took: 0 ms
2021-07-06 17:09:54,972 [73a0175b-b29c-42d7-9744-7e0c9f30680d@group-E792FEA90364-StateMachineUpdater] INFO  impl.StateMachineUpdater (StateMachineUpdater.java:takeSnapshot(281)) - 73a0175b-b29c-42d7-9744-7e0c9f30680d@group-E792FEA90364-StateMachineUpdater: Took a snapshot at index 0
2021-07-06 17:09:54,972 [73a0175b-b29c-42d7-9744-7e0c9f30680d@group-E792FEA90364-StateMachineUpdater] INFO  impl.StateMachineUpdater (StateMachineUpdater.java:lambda$new$0(89)) - 73a0175b-b29c-42d7-9744-7e0c9f30680d@group-E792FEA90364-StateMachineUpdater: snapshotIndex: updateIncreasingly -1 -> 0
2021-07-06 17:09:54,972 [73a0175b-b29c-42d7-9744-7e0c9f30680d@group-E792FEA90364-StateMachineUpdater] INFO  metrics.RatisMetrics (RatisMetrics.java:unregister(43)) - Unregistering Metrics Registry : ratis.state_machine.73a0175b-b29c-42d7-9744-7e0c9f30680d@group-E792FEA90364
2021-07-06 17:09:54,973 [ForkJoinPool.commonPool-worker-1] INFO  utils.BackgroundService (BackgroundService.java:shutdown(132)) - Shutting down service BlockDeletingService
2021-07-06 17:09:54,976 [Listener at 127.0.0.1/10896] INFO  server.RaftServer$Division (ServerState.java:close(405)) - 73a0175b-b29c-42d7-9744-7e0c9f30680d@group-E792FEA90364: closes. applyIndex: 0
2021-07-06 17:09:54,977 [ForkJoinPool.commonPool-worker-1] INFO  statemachine.DatanodeStateMachine (DatanodeStateMachine.java:stopDaemon(488)) - Ozone container server stopped.
2021-07-06 17:09:54,981 [73a0175b-b29c-42d7-9744-7e0c9f30680d@group-E792FEA90364-SegmentedRaftLogWorker] INFO  segmented.SegmentedRaftLogWorker (SegmentedRaftLogWorker.java:run(327)) - 73a0175b-b29c-42d7-9744-7e0c9f30680d@group-E792FEA90364-SegmentedRaftLogWorker was interrupted, exiting. There are 0 tasks remaining in the queue.
2021-07-06 17:09:54,985 [Listener at 127.0.0.1/10896] INFO  segmented.SegmentedRaftLogWorker (SegmentedRaftLogWorker.java:close(237)) - 73a0175b-b29c-42d7-9744-7e0c9f30680d@group-E792FEA90364-SegmentedRaftLogWorker close()
2021-07-06 17:09:54,986 [Listener at 127.0.0.1/10896] INFO  metrics.RatisMetrics (RatisMetrics.java:unregister(43)) - Unregistering Metrics Registry : ratis.log_worker.73a0175b-b29c-42d7-9744-7e0c9f30680d@group-E792FEA90364
2021-07-06 17:09:54,987 [Listener at 127.0.0.1/10896] INFO  metrics.RatisMetrics (RatisMetrics.java:unregister(43)) - Unregistering Metrics Registry : ratis.leader_election.73a0175b-b29c-42d7-9744-7e0c9f30680d@group-E792FEA90364
2021-07-06 17:09:54,987 [Listener at 127.0.0.1/10896] INFO  metrics.RatisMetrics (RatisMetrics.java:unregister(43)) - Unregistering Metrics Registry : ratis.server.73a0175b-b29c-42d7-9744-7e0c9f30680d@group-E792FEA90364
2021-07-06 17:09:54,987 [Listener at 127.0.0.1/10896] INFO  server.GrpcService (GrpcService.java:closeImpl(262)) - 73a0175b-b29c-42d7-9744-7e0c9f30680d: shutdown server with port 45439 now
2021-07-06 17:09:54,991 [ForkJoinPool.commonPool-worker-1] INFO  handler.ContextHandler (ContextHandler.java:doStop(1154)) - Stopped o.e.j.w.WebAppContext@399fd2ab{hddsDatanode,/,null,STOPPED}{jar:file:/home/runner/.m2/repository/org/apache/ozone/hdds-container-service/1.2.0-SNAPSHOT/hdds-container-service-1.2.0-SNAPSHOT.jar!/webapps/hddsDatanode}
2021-07-06 17:09:54,991 [EndpointStateMachine task thread for /127.0.0.1:15273 - 0 ] INFO  ipc.Client (Client.java:handleConnectionFailure(966)) - Retrying connect to server: localhost/127.0.0.1:15273. Already tried 6 time(s); retry policy is RetryUpToMaximumCountWithFixedSleep(maxRetries=15, sleepTime=1000 MILLISECONDS)
2021-07-06 17:09:54,991 [ForkJoinPool.commonPool-worker-1] INFO  server.AbstractConnector (AbstractConnector.java:doStop(381)) - Stopped ServerConnector@42becaf6{HTTP/1.1, (http/1.1)}{0.0.0.0:0}
2021-07-06 17:09:54,991 [ForkJoinPool.commonPool-worker-1] INFO  server.session (HouseKeeper.java:stopScavenging(149)) - node0 Stopped scavenging
2021-07-06 17:09:54,992 [ForkJoinPool.commonPool-worker-1] INFO  handler.ContextHandler (ContextHandler.java:doStop(1154)) - Stopped o.e.j.s.ServletContextHandler@4ba64e36{static,/static,jar:file:/home/runner/.m2/repository/org/apache/ozone/hdds-container-service/1.2.0-SNAPSHOT/hdds-container-service-1.2.0-SNAPSHOT.jar!/webapps/static,STOPPED}
2021-07-06 17:09:54,993 [ForkJoinPool.commonPool-worker-1] INFO  handler.ContextHandler (ContextHandler.java:doStop(1154)) - Stopped o.e.j.s.ServletContextHandler@6c173587{logs,/logs,file:///home/runner/work/ozone/ozone/mnt/ozone/hadoop-ozone/integration-test/target/log,STOPPED}
2021-07-06 17:09:54,994 [Listener at 127.0.0.1/10896] INFO  server.GrpcService (GrpcService.java:closeImpl(271)) - 73a0175b-b29c-42d7-9744-7e0c9f30680d: shutdown server with port 45439 successfully
2021-07-06 17:09:54,994 [org.apache.ratis.util.JvmPauseMonitor$$Lambda$493/488669101@9803f7d] INFO  util.JvmPauseMonitor (JvmPauseMonitor.java:run(109)) - JvmPauseMonitor-73a0175b-b29c-42d7-9744-7e0c9f30680d: Stopped
2021-07-06 17:09:54,995 [Listener at 127.0.0.1/10896] INFO  utils.BackgroundService (BackgroundService.java:shutdown(132)) - Shutting down service BlockDeletingService
2021-07-06 17:09:54,996 [Listener at 127.0.0.1/10896] INFO  statemachine.DatanodeStateMachine (DatanodeStateMachine.java:stopDaemon(488)) - Ozone container server stopped.
2021-07-06 17:09:54,997 [Listener at 127.0.0.1/10896] INFO  handler.ContextHandler (ContextHandler.java:doStop(1154)) - Stopped o.e.j.w.WebAppContext@3217aada{hddsDatanode,/,null,STOPPED}{jar:file:/home/runner/.m2/repository/org/apache/ozone/hdds-container-service/1.2.0-SNAPSHOT/hdds-container-service-1.2.0-SNAPSHOT.jar!/webapps/hddsDatanode}
2021-07-06 17:09:54,997 [Listener at 127.0.0.1/10896] INFO  server.AbstractConnector (AbstractConnector.java:doStop(381)) - Stopped ServerConnector@73d9f235{HTTP/1.1, (http/1.1)}{0.0.0.0:0}
2021-07-06 17:09:54,998 [Listener at 127.0.0.1/10896] INFO  server.session (HouseKeeper.java:stopScavenging(149)) - node0 Stopped scavenging
2021-07-06 17:09:54,998 [Listener at 127.0.0.1/10896] INFO  handler.ContextHandler (ContextHandler.java:doStop(1154)) - Stopped o.e.j.s.ServletContextHandler@5d33426a{static,/static,jar:file:/home/runner/.m2/repository/org/apache/ozone/hdds-container-service/1.2.0-SNAPSHOT/hdds-container-service-1.2.0-SNAPSHOT.jar!/webapps/static,STOPPED}
2021-07-06 17:09:54,998 [Listener at 127.0.0.1/10896] INFO  handler.ContextHandler (ContextHandler.java:doStop(1154)) - Stopped o.e.j.s.ServletContextHandler@7c1a4a74{logs,/logs,file:///home/runner/work/ozone/ozone/mnt/ozone/hadoop-ozone/integration-test/target/log,STOPPED}
2021-07-06 17:09:55,241 [Datanode State Machine Thread - 0] WARN  statemachine.StateContext (StateContext.java:setState(246)) - Ignore disallowed transition from SHUTDOWN to RUNNING
2021-07-06 17:09:55,241 [Datanode State Machine Thread - 0] INFO  statemachine.DatanodeStateMachine (DatanodeStateMachine.java:lambda$startDaemon$0(430)) - Ozone container server started.
2021-07-06 17:09:55,242 [EndpointStateMachine task thread for /127.0.0.1:15283 - 0 ] INFO  ipc.Client (Client.java:handleConnectionFailure(966)) - Retrying connect to server: localhost/127.0.0.1:15283. Already tried 3 time(s); retry policy is RetryUpToMaximumCountWithFixedSleep(maxRetries=15, sleepTime=1000 MILLISECONDS)
2021-07-06 17:09:55,242 [EndpointStateMachine task thread for /127.0.0.1:15293 - 0 ] INFO  ipc.Client (Client.java:handleConnectionFailure(966)) - Retrying connect to server: localhost/127.0.0.1:15293. Already tried 3 time(s); retry policy is RetryUpToMaximumCountWithFixedSleep(maxRetries=15, sleepTime=1000 MILLISECONDS)
2021-07-06 17:09:55,507 [EndpointStateMachine task thread for /127.0.0.1:15677 - 0 ] INFO  ipc.Client (Client.java:handleConnectionFailure(966)) - Retrying connect to server: localhost/127.0.0.1:15677. Already tried 4 time(s); retry policy is RetryUpToMaximumCountWithFixedSleep(maxRetries=15, sleepTime=1000 MILLISECONDS)
2021-07-06 17:09:55,507 [EndpointStateMachine task thread for /127.0.0.1:15657 - 0 ] INFO  ipc.Client (Client.java:handleConnectionFailure(966)) - Retrying connect to server: localhost/127.0.0.1:15657. Already tried 4 time(s); retry policy is RetryUpToMaximumCountWithFixedSleep(maxRetries=15, sleepTime=1000 MILLISECONDS)
2021-07-06 17:09:55,509 [EndpointStateMachine task thread for /127.0.0.1:15667 - 0 ] INFO  ipc.Client (Client.java:handleConnectionFailure(966)) - Retrying connect to server: localhost/127.0.0.1:15667. Already tried 4 time(s); retry policy is RetryUpToMaximumCountWithFixedSleep(maxRetries=15, sleepTime=1000 MILLISECONDS)
2021-07-06 17:09:55,991 [EndpointStateMachine task thread for /127.0.0.1:15273 - 0 ] INFO  ipc.Client (Client.java:handleConnectionFailure(966)) - Retrying connect to server: localhost/127.0.0.1:15273. Already tried 7 time(s); retry policy is RetryUpToMaximumCountWithFixedSleep(maxRetries=15, sleepTime=1000 MILLISECONDS)
2021-07-06 17:09:56,243 [EndpointStateMachine task thread for /127.0.0.1:15283 - 0 ] INFO  ipc.Client (Client.java:handleConnectionFailure(966)) - Retrying connect to server: localhost/127.0.0.1:15283. Already tried 4 time(s); retry policy is RetryUpToMaximumCountWithFixedSleep(maxRetries=15, sleepTime=1000 MILLISECONDS)
2021-07-06 17:09:56,243 [EndpointStateMachine task thread for /127.0.0.1:15293 - 0 ] INFO  ipc.Client (Client.java:handleConnectionFailure(966)) - Retrying connect to server: localhost/127.0.0.1:15293. Already tried 4 time(s); retry policy is RetryUpToMaximumCountWithFixedSleep(maxRetries=15, sleepTime=1000 MILLISECONDS)
2021-07-06 17:09:56,508 [EndpointStateMachine task thread for /127.0.0.1:15677 - 0 ] INFO  ipc.Client (Client.java:handleConnectionFailure(966)) - Retrying connect to server: localhost/127.0.0.1:15677. Already tried 5 time(s); retry policy is RetryUpToMaximumCountWithFixedSleep(maxRetries=15, sleepTime=1000 MILLISECONDS)
2021-07-06 17:09:56,508 [EndpointStateMachine task thread for /127.0.0.1:15657 - 0 ] INFO  ipc.Client (Client.java:handleConnectionFailure(966)) - Retrying connect to server: localhost/127.0.0.1:15657. Already tried 5 time(s); retry policy is RetryUpToMaximumCountWithFixedSleep(maxRetries=15, sleepTime=1000 MILLISECONDS)
2021-07-06 17:09:56,510 [EndpointStateMachine task thread for /127.0.0.1:15667 - 0 ] INFO  ipc.Client (Client.java:handleConnectionFailure(966)) - Retrying connect to server: localhost/127.0.0.1:15667. Already tried 5 time(s); retry policy is RetryUpToMaximumCountWithFixedSleep(maxRetries=15, sleepTime=1000 MILLISECONDS)
2021-07-06 17:09:56,992 [EndpointStateMachine task thread for /127.0.0.1:15273 - 0 ] INFO  ipc.Client (Client.java:handleConnectionFailure(966)) - Retrying connect to server: localhost/127.0.0.1:15273. Already tried 8 time(s); retry policy is RetryUpToMaximumCountWithFixedSleep(maxRetries=15, sleepTime=1000 MILLISECONDS)
2021-07-06 17:09:57,244 [EndpointStateMachine task thread for /127.0.0.1:15283 - 0 ] INFO  ipc.Client (Client.java:handleConnectionFailure(966)) - Retrying connect to server: localhost/127.0.0.1:15283. Already tried 5 time(s); retry policy is RetryUpToMaximumCountWithFixedSleep(maxRetries=15, sleepTime=1000 MILLISECONDS)
2021-07-06 17:09:57,244 [EndpointStateMachine task thread for /127.0.0.1:15293 - 0 ] INFO  ipc.Client (Client.java:handleConnectionFailure(966)) - Retrying connect to server: localhost/127.0.0.1:15293. Already tried 5 time(s); retry policy is RetryUpToMaximumCountWithFixedSleep(maxRetries=15, sleepTime=1000 MILLISECONDS)
2021-07-06 17:09:57,509 [EndpointStateMachine task thread for /127.0.0.1:15677 - 0 ] INFO  ipc.Client (Client.java:handleConnectionFailure(966)) - Retrying connect to server: localhost/127.0.0.1:15677. Already tried 6 time(s); retry policy is RetryUpToMaximumCountWithFixedSleep(maxRetries=15, sleepTime=1000 MILLISECONDS)
2021-07-06 17:09:57,509 [EndpointStateMachine task thread for /127.0.0.1:15657 - 0 ] INFO  ipc.Client (Client.java:handleConnectionFailure(966)) - Retrying connect to server: localhost/127.0.0.1:15657. Already tried 6 time(s); retry policy is RetryUpToMaximumCountWithFixedSleep(maxRetries=15, sleepTime=1000 MILLISECONDS)
2021-07-06 17:09:57,510 [EndpointStateMachine task thread for /127.0.0.1:15667 - 0 ] INFO  ipc.Client (Client.java:handleConnectionFailure(966)) - Retrying connect to server: localhost/127.0.0.1:15667. Already tried 6 time(s); retry policy is RetryUpToMaximumCountWithFixedSleep(maxRetries=15, sleepTime=1000 MILLISECONDS)
2021-07-06 17:09:57,993 [EndpointStateMachine task thread for /127.0.0.1:15273 - 0 ] INFO  ipc.Client (Client.java:handleConnectionFailure(966)) - Retrying connect to server: localhost/127.0.0.1:15273. Already tried 9 time(s); retry policy is RetryUpToMaximumCountWithFixedSleep(maxRetries=15, sleepTime=1000 MILLISECONDS)
2021-07-06 17:09:58,244 [EndpointStateMachine task thread for /127.0.0.1:15283 - 0 ] INFO  ipc.Client (Client.java:handleConnectionFailure(966)) - Retrying connect to server: localhost/127.0.0.1:15283. Already tried 6 time(s); retry policy is RetryUpToMaximumCountWithFixedSleep(maxRetries=15, sleepTime=1000 MILLISECONDS)
2021-07-06 17:09:58,244 [EndpointStateMachine task thread for /127.0.0.1:15293 - 0 ] INFO  ipc.Client (Client.java:handleConnectionFailure(966)) - Retrying connect to server: localhost/127.0.0.1:15293. Already tried 6 time(s); retry policy is RetryUpToMaximumCountWithFixedSleep(maxRetries=15, sleepTime=1000 MILLISECONDS)
2021-07-06 17:09:58,509 [EndpointStateMachine task thread for /127.0.0.1:15677 - 0 ] INFO  ipc.Client (Client.java:handleConnectionFailure(966)) - Retrying connect to server: localhost/127.0.0.1:15677. Already tried 7 time(s); retry policy is RetryUpToMaximumCountWithFixedSleep(maxRetries=15, sleepTime=1000 MILLISECONDS)
2021-07-06 17:09:58,510 [EndpointStateMachine task thread for /127.0.0.1:15657 - 0 ] INFO  ipc.Client (Client.java:handleConnectionFailure(966)) - Retrying connect to server: localhost/127.0.0.1:15657. Already tried 7 time(s); retry policy is RetryUpToMaximumCountWithFixedSleep(maxRetries=15, sleepTime=1000 MILLISECONDS)
2021-07-06 17:09:58,511 [EndpointStateMachine task thread for /127.0.0.1:15667 - 0 ] INFO  ipc.Client (Client.java:handleConnectionFailure(966)) - Retrying connect to server: localhost/127.0.0.1:15667. Already tried 7 time(s); retry policy is RetryUpToMaximumCountWithFixedSleep(maxRetries=15, sleepTime=1000 MILLISECONDS)
2021-07-06 17:09:58,994 [EndpointStateMachine task thread for /127.0.0.1:15273 - 0 ] INFO  ipc.Client (Client.java:handleConnectionFailure(966)) - Retrying connect to server: localhost/127.0.0.1:15273. Already tried 10 time(s); retry policy is RetryUpToMaximumCountWithFixedSleep(maxRetries=15, sleepTime=1000 MILLISECONDS)
2021-07-06 17:09:59,245 [EndpointStateMachine task thread for /127.0.0.1:15283 - 0 ] INFO  ipc.Client (Client.java:handleConnectionFailure(966)) - Retrying connect to server: localhost/127.0.0.1:15283. Already tried 7 time(s); retry policy is RetryUpToMaximumCountWithFixedSleep(maxRetries=15, sleepTime=1000 MILLISECONDS)
2021-07-06 17:09:59,245 [EndpointStateMachine task thread for /127.0.0.1:15293 - 0 ] INFO  ipc.Client (Client.java:handleConnectionFailure(966)) - Retrying connect to server: localhost/127.0.0.1:15293. Already tried 7 time(s); retry policy is RetryUpToMaximumCountWithFixedSleep(maxRetries=15, sleepTime=1000 MILLISECONDS)
2021-07-06 17:09:59,510 [EndpointStateMachine task thread for /127.0.0.1:15677 - 0 ] INFO  ipc.Client (Client.java:handleConnectionFailure(966)) - Retrying connect to server: localhost/127.0.0.1:15677. Already tried 8 time(s); retry policy is RetryUpToMaximumCountWithFixedSleep(maxRetries=15, sleepTime=1000 MILLISECONDS)
2021-07-06 17:09:59,511 [EndpointStateMachine task thread for /127.0.0.1:15657 - 0 ] INFO  ipc.Client (Client.java:handleConnectionFailure(966)) - Retrying connect to server: localhost/127.0.0.1:15657. Already tried 8 time(s); retry policy is RetryUpToMaximumCountWithFixedSleep(maxRetries=15, sleepTime=1000 MILLISECONDS)
2021-07-06 17:09:59,511 [EndpointStateMachine task thread for /127.0.0.1:15667 - 0 ] INFO  ipc.Client (Client.java:handleConnectionFailure(966)) - Retrying connect to server: localhost/127.0.0.1:15667. Already tried 8 time(s); retry policy is RetryUpToMaximumCountWithFixedSleep(maxRetries=15, sleepTime=1000 MILLISECONDS)
2021-07-06 17:09:59,995 [EndpointStateMachine task thread for /127.0.0.1:15273 - 0 ] INFO  ipc.Client (Client.java:handleConnectionFailure(966)) - Retrying connect to server: localhost/127.0.0.1:15273. Already tried 11 time(s); retry policy is RetryUpToMaximumCountWithFixedSleep(maxRetries=15, sleepTime=1000 MILLISECONDS)
2021-07-06 17:09:59,995 [ForkJoinPool.commonPool-worker-1] INFO  ozoneimpl.OzoneContainer (OzoneContainer.java:stop(326)) - Attempting to stop container services.
2021-07-06 17:09:59,996 [ForkJoinPool.commonPool-worker-1] INFO  server.RaftServer (RaftServerProxy.java:lambda$close$6(391)) - ff163131-26ab-494b-a4b8-6a11ee7eba7d: close
2021-07-06 17:09:59,996 [ForkJoinPool.commonPool-worker-1] INFO  server.RaftServer$Division (RaftServerImpl.java:lambda$close$4(406)) - ff163131-26ab-494b-a4b8-6a11ee7eba7d@group-A9758D0ED3E8: shutdown
2021-07-06 17:09:59,996 [ForkJoinPool.commonPool-worker-1] INFO  util.JmxRegister (JmxRegister.java:unregister(73)) - Successfully un-registered JMX Bean with object name Ratis:service=RaftServer,group=group-A9758D0ED3E8,id=ff163131-26ab-494b-a4b8-6a11ee7eba7d
2021-07-06 17:09:59,996 [ForkJoinPool.commonPool-worker-1] INFO  impl.RoleInfo (RoleInfo.java:shutdownFollowerState(108)) - ff163131-26ab-494b-a4b8-6a11ee7eba7d: shutdown ff163131-26ab-494b-a4b8-6a11ee7eba7d@group-A9758D0ED3E8-FollowerState
2021-07-06 17:09:59,996 [ForkJoinPool.commonPool-worker-1] INFO  impl.StateMachineUpdater (StateMachineUpdater.java:stopAndJoin(149)) - ff163131-26ab-494b-a4b8-6a11ee7eba7d@group-A9758D0ED3E8-StateMachineUpdater: set stopIndex = 0
2021-07-06 17:09:59,996 [ff163131-26ab-494b-a4b8-6a11ee7eba7d@group-A9758D0ED3E8-FollowerState] INFO  impl.FollowerState (FollowerState.java:run(143)) - ff163131-26ab-494b-a4b8-6a11ee7eba7d@group-A9758D0ED3E8-FollowerState was interrupted: {}
java.lang.InterruptedException: sleep interrupted
	at java.lang.Thread.sleep(Native Method)
	at java.lang.Thread.sleep(Thread.java:340)
	at java.util.concurrent.TimeUnit.sleep(TimeUnit.java:386)
	at org.apache.ratis.util.TimeDuration.sleep(TimeDuration.java:324)
	at org.apache.ratis.util.TimeDuration.sleep(TimeDuration.java:309)
	at org.apache.ratis.server.impl.FollowerState.run(FollowerState.java:118)
2021-07-06 17:09:59,997 [ff163131-26ab-494b-a4b8-6a11ee7eba7d@group-A9758D0ED3E8-StateMachineUpdater] INFO  ratis.ContainerStateMachine (ContainerStateMachine.java:takeSnapshot(291)) - group-A9758D0ED3E8: Taking a snapshot at:(t:1, i:0) file /home/runner/work/ozone/ozone/mnt/ozone/hadoop-ozone/integration-test/target/test-dir/MiniOzoneClusterImpl-f74e07ef-a4e5-4994-bf82-498fd787e76a/datanode-2/data/ratis/e8cdf50a-1241-4cfa-899f-a9758d0ed3e8/sm/snapshot.1_0
2021-07-06 17:09:59,999 [ff163131-26ab-494b-a4b8-6a11ee7eba7d@group-A9758D0ED3E8-StateMachineUpdater] INFO  ratis.ContainerStateMachine (ContainerStateMachine.java:takeSnapshot(302)) - group-A9758D0ED3E8: Finished taking a snapshot at:(t:1, i:0) file:/home/runner/work/ozone/ozone/mnt/ozone/hadoop-ozone/integration-test/target/test-dir/MiniOzoneClusterImpl-f74e07ef-a4e5-4994-bf82-498fd787e76a/datanode-2/data/ratis/e8cdf50a-1241-4cfa-899f-a9758d0ed3e8/sm/snapshot.1_0 took: 2 ms
2021-07-06 17:09:59,999 [ff163131-26ab-494b-a4b8-6a11ee7eba7d@group-A9758D0ED3E8-StateMachineUpdater] INFO  impl.StateMachineUpdater (StateMachineUpdater.java:takeSnapshot(281)) - ff163131-26ab-494b-a4b8-6a11ee7eba7d@group-A9758D0ED3E8-StateMachineUpdater: Took a snapshot at index 0
2021-07-06 17:09:59,999 [ff163131-26ab-494b-a4b8-6a11ee7eba7d@group-A9758D0ED3E8-StateMachineUpdater] INFO  impl.StateMachineUpdater (StateMachineUpdater.java:lambda$new$0(89)) - ff163131-26ab-494b-a4b8-6a11ee7eba7d@group-A9758D0ED3E8-StateMachineUpdater: snapshotIndex: updateIncreasingly -1 -> 0
2021-07-06 17:09:59,999 [ff163131-26ab-494b-a4b8-6a11ee7eba7d@group-A9758D0ED3E8-StateMachineUpdater] INFO  metrics.RatisMetrics (RatisMetrics.java:unregister(43)) - Unregistering Metrics Registry : ratis.state_machine.ff163131-26ab-494b-a4b8-6a11ee7eba7d@group-A9758D0ED3E8
2021-07-06 17:09:59,999 [ForkJoinPool.commonPool-worker-1] INFO  server.RaftServer$Division (ServerState.java:close(405)) - ff163131-26ab-494b-a4b8-6a11ee7eba7d@group-A9758D0ED3E8: closes. applyIndex: 0
2021-07-06 17:10:00,000 [ff163131-26ab-494b-a4b8-6a11ee7eba7d@group-A9758D0ED3E8-SegmentedRaftLogWorker] INFO  segmented.SegmentedRaftLogWorker (SegmentedRaftLogWorker.java:run(327)) - ff163131-26ab-494b-a4b8-6a11ee7eba7d@group-A9758D0ED3E8-SegmentedRaftLogWorker was interrupted, exiting. There are 0 tasks remaining in the queue.
2021-07-06 17:10:00,000 [ForkJoinPool.commonPool-worker-1] INFO  segmented.SegmentedRaftLogWorker (SegmentedRaftLogWorker.java:close(237)) - ff163131-26ab-494b-a4b8-6a11ee7eba7d@group-A9758D0ED3E8-SegmentedRaftLogWorker close()
2021-07-06 17:10:00,000 [ForkJoinPool.commonPool-worker-1] INFO  metrics.RatisMetrics (RatisMetrics.java:unregister(43)) - Unregistering Metrics Registry : ratis.log_worker.ff163131-26ab-494b-a4b8-6a11ee7eba7d@group-A9758D0ED3E8
2021-07-06 17:10:00,000 [ForkJoinPool.commonPool-worker-1] INFO  metrics.RatisMetrics (RatisMetrics.java:unregister(43)) - Unregistering Metrics Registry : ratis.leader_election.ff163131-26ab-494b-a4b8-6a11ee7eba7d@group-A9758D0ED3E8
2021-07-06 17:10:00,000 [ForkJoinPool.commonPool-worker-1] INFO  metrics.RatisMetrics (RatisMetrics.java:unregister(43)) - Unregistering Metrics Registry : ratis.server.ff163131-26ab-494b-a4b8-6a11ee7eba7d@group-A9758D0ED3E8
2021-07-06 17:10:00,000 [ForkJoinPool.commonPool-worker-1] INFO  server.RaftServer$Division (RaftServerImpl.java:lambda$close$4(406)) - ff163131-26ab-494b-a4b8-6a11ee7eba7d@group-E66763042549: shutdown
2021-07-06 17:10:00,000 [ForkJoinPool.commonPool-worker-1] INFO  util.JmxRegister (JmxRegister.java:unregister(73)) - Successfully un-registered JMX Bean with object name Ratis:service=RaftServer,group=group-E66763042549,id=ff163131-26ab-494b-a4b8-6a11ee7eba7d
2021-07-06 17:10:00,001 [ForkJoinPool.commonPool-worker-1] INFO  impl.RoleInfo (RoleInfo.java:shutdownLeaderState(91)) - ff163131-26ab-494b-a4b8-6a11ee7eba7d: shutdown ff163131-26ab-494b-a4b8-6a11ee7eba7d@group-E66763042549-LeaderStateImpl
2021-07-06 17:10:00,001 [ForkJoinPool.commonPool-worker-1] INFO  impl.PendingRequests (PendingRequests.java:sendNotLeaderResponses(249)) - ff163131-26ab-494b-a4b8-6a11ee7eba7d@group-E66763042549-PendingRequests: sendNotLeaderResponses
2021-07-06 17:10:00,001 [ForkJoinPool.commonPool-worker-1] INFO  metrics.RatisMetrics (RatisMetrics.java:unregister(43)) - Unregistering Metrics Registry : ratis.log_appender.ff163131-26ab-494b-a4b8-6a11ee7eba7d@group-E66763042549
2021-07-06 17:10:00,001 [ForkJoinPool.commonPool-worker-1] INFO  metrics.RatisMetrics (RatisMetrics.java:unregister(43)) - Unregistering Metrics Registry : ratis.server.ff163131-26ab-494b-a4b8-6a11ee7eba7d@group-E66763042549
2021-07-06 17:10:00,001 [ForkJoinPool.commonPool-worker-1] INFO  impl.StateMachineUpdater (StateMachineUpdater.java:stopAndJoin(149)) - ff163131-26ab-494b-a4b8-6a11ee7eba7d@group-E66763042549-StateMachineUpdater: set stopIndex = 0
2021-07-06 17:10:00,001 [ff163131-26ab-494b-a4b8-6a11ee7eba7d@group-E66763042549-StateMachineUpdater] INFO  ratis.ContainerStateMachine (ContainerStateMachine.java:takeSnapshot(291)) - group-E66763042549: Taking a snapshot at:(t:1, i:0) file /home/runner/work/ozone/ozone/mnt/ozone/hadoop-ozone/integration-test/target/test-dir/MiniOzoneClusterImpl-f74e07ef-a4e5-4994-bf82-498fd787e76a/datanode-2/data/ratis/5d8aaa9e-5274-4a3b-b3e2-e66763042549/sm/snapshot.1_0
2021-07-06 17:10:00,002 [ff163131-26ab-494b-a4b8-6a11ee7eba7d@group-E66763042549-StateMachineUpdater] INFO  ratis.ContainerStateMachine (ContainerStateMachine.java:takeSnapshot(302)) - group-E66763042549: Finished taking a snapshot at:(t:1, i:0) file:/home/runner/work/ozone/ozone/mnt/ozone/hadoop-ozone/integration-test/target/test-dir/MiniOzoneClusterImpl-f74e07ef-a4e5-4994-bf82-498fd787e76a/datanode-2/data/ratis/5d8aaa9e-5274-4a3b-b3e2-e66763042549/sm/snapshot.1_0 took: 1 ms
2021-07-06 17:10:00,002 [ff163131-26ab-494b-a4b8-6a11ee7eba7d@group-E66763042549-StateMachineUpdater] INFO  impl.StateMachineUpdater (StateMachineUpdater.java:takeSnapshot(281)) - ff163131-26ab-494b-a4b8-6a11ee7eba7d@group-E66763042549-StateMachineUpdater: Took a snapshot at index 0
2021-07-06 17:10:00,002 [ff163131-26ab-494b-a4b8-6a11ee7eba7d@group-E66763042549-StateMachineUpdater] INFO  impl.StateMachineUpdater (StateMachineUpdater.java:lambda$new$0(89)) - ff163131-26ab-494b-a4b8-6a11ee7eba7d@group-E66763042549-StateMachineUpdater: snapshotIndex: updateIncreasingly -1 -> 0
2021-07-06 17:10:00,002 [ff163131-26ab-494b-a4b8-6a11ee7eba7d@group-E66763042549-StateMachineUpdater] INFO  metrics.RatisMetrics (RatisMetrics.java:unregister(43)) - Unregistering Metrics Registry : ratis.state_machine.ff163131-26ab-494b-a4b8-6a11ee7eba7d@group-E66763042549
2021-07-06 17:10:00,002 [ForkJoinPool.commonPool-worker-1] INFO  server.RaftServer$Division (ServerState.java:close(405)) - ff163131-26ab-494b-a4b8-6a11ee7eba7d@group-E66763042549: closes. applyIndex: 0
2021-07-06 17:10:00,003 [ff163131-26ab-494b-a4b8-6a11ee7eba7d@group-E66763042549-SegmentedRaftLogWorker] INFO  segmented.SegmentedRaftLogWorker (SegmentedRaftLogWorker.java:run(327)) - ff163131-26ab-494b-a4b8-6a11ee7eba7d@group-E66763042549-SegmentedRaftLogWorker was interrupted, exiting. There are 0 tasks remaining in the queue.
2021-07-06 17:10:00,003 [ForkJoinPool.commonPool-worker-1] INFO  segmented.SegmentedRaftLogWorker (SegmentedRaftLogWorker.java:close(237)) - ff163131-26ab-494b-a4b8-6a11ee7eba7d@group-E66763042549-SegmentedRaftLogWorker close()
2021-07-06 17:10:00,003 [ForkJoinPool.commonPool-worker-1] INFO  metrics.RatisMetrics (RatisMetrics.java:unregister(43)) - Unregistering Metrics Registry : ratis.log_worker.ff163131-26ab-494b-a4b8-6a11ee7eba7d@group-E66763042549
2021-07-06 17:10:00,003 [ForkJoinPool.commonPool-worker-1] INFO  metrics.RatisMetrics (RatisMetrics.java:unregister(43)) - Unregistering Metrics Registry : ratis.leader_election.ff163131-26ab-494b-a4b8-6a11ee7eba7d@group-E66763042549
2021-07-06 17:10:00,003 [ForkJoinPool.commonPool-worker-1] INFO  metrics.RatisMetrics (RatisMetrics.java:unregister(43)) - Unregistering Metrics Registry : ratis.server.ff163131-26ab-494b-a4b8-6a11ee7eba7d@group-E66763042549
2021-07-06 17:10:00,003 [ForkJoinPool.commonPool-worker-1] INFO  server.RaftServer$Division (RaftServerImpl.java:lambda$close$4(406)) - ff163131-26ab-494b-a4b8-6a11ee7eba7d@group-E792FEA90364: shutdown
2021-07-06 17:10:00,003 [ForkJoinPool.commonPool-worker-1] INFO  util.JmxRegister (JmxRegister.java:unregister(73)) - Successfully un-registered JMX Bean with object name Ratis:service=RaftServer,group=group-E792FEA90364,id=ff163131-26ab-494b-a4b8-6a11ee7eba7d
2021-07-06 17:10:00,003 [ForkJoinPool.commonPool-worker-1] INFO  impl.RoleInfo (RoleInfo.java:shutdownFollowerState(108)) - ff163131-26ab-494b-a4b8-6a11ee7eba7d: shutdown ff163131-26ab-494b-a4b8-6a11ee7eba7d@group-E792FEA90364-FollowerState
2021-07-06 17:10:00,003 [ff163131-26ab-494b-a4b8-6a11ee7eba7d@group-E792FEA90364-FollowerState] INFO  impl.FollowerState (FollowerState.java:run(143)) - ff163131-26ab-494b-a4b8-6a11ee7eba7d@group-E792FEA90364-FollowerState was interrupted: {}
java.lang.InterruptedException: sleep interrupted
	at java.lang.Thread.sleep(Native Method)
	at java.lang.Thread.sleep(Thread.java:340)
	at java.util.concurrent.TimeUnit.sleep(TimeUnit.java:386)
	at org.apache.ratis.util.TimeDuration.sleep(TimeDuration.java:324)
	at org.apache.ratis.util.TimeDuration.sleep(TimeDuration.java:309)
	at org.apache.ratis.server.impl.FollowerState.run(FollowerState.java:118)
2021-07-06 17:10:00,004 [ForkJoinPool.commonPool-worker-1] INFO  impl.StateMachineUpdater (StateMachineUpdater.java:stopAndJoin(149)) - ff163131-26ab-494b-a4b8-6a11ee7eba7d@group-E792FEA90364-StateMachineUpdater: set stopIndex = 0
2021-07-06 17:10:00,004 [ff163131-26ab-494b-a4b8-6a11ee7eba7d@group-E792FEA90364-StateMachineUpdater] INFO  ratis.ContainerStateMachine (ContainerStateMachine.java:takeSnapshot(291)) - group-E792FEA90364: Taking a snapshot at:(t:2, i:0) file /home/runner/work/ozone/ozone/mnt/ozone/hadoop-ozone/integration-test/target/test-dir/MiniOzoneClusterImpl-f74e07ef-a4e5-4994-bf82-498fd787e76a/datanode-2/data/ratis/8fd3e776-5b3d-4dc2-912b-e792fea90364/sm/snapshot.2_0
2021-07-06 17:10:00,005 [ff163131-26ab-494b-a4b8-6a11ee7eba7d@group-E792FEA90364-StateMachineUpdater] INFO  ratis.ContainerStateMachine (ContainerStateMachine.java:takeSnapshot(302)) - group-E792FEA90364: Finished taking a snapshot at:(t:2, i:0) file:/home/runner/work/ozone/ozone/mnt/ozone/hadoop-ozone/integration-test/target/test-dir/MiniOzoneClusterImpl-f74e07ef-a4e5-4994-bf82-498fd787e76a/datanode-2/data/ratis/8fd3e776-5b3d-4dc2-912b-e792fea90364/sm/snapshot.2_0 took: 0 ms
2021-07-06 17:10:00,005 [ff163131-26ab-494b-a4b8-6a11ee7eba7d@group-E792FEA90364-StateMachineUpdater] INFO  impl.StateMachineUpdater (StateMachineUpdater.java:takeSnapshot(281)) - ff163131-26ab-494b-a4b8-6a11ee7eba7d@group-E792FEA90364-StateMachineUpdater: Took a snapshot at index 0
2021-07-06 17:10:00,005 [ff163131-26ab-494b-a4b8-6a11ee7eba7d@group-E792FEA90364-StateMachineUpdater] INFO  impl.StateMachineUpdater (StateMachineUpdater.java:lambda$new$0(89)) - ff163131-26ab-494b-a4b8-6a11ee7eba7d@group-E792FEA90364-StateMachineUpdater: snapshotIndex: updateIncreasingly -1 -> 0
2021-07-06 17:10:00,005 [ff163131-26ab-494b-a4b8-6a11ee7eba7d@group-E792FEA90364-StateMachineUpdater] INFO  metrics.RatisMetrics (RatisMetrics.java:unregister(43)) - Unregistering Metrics Registry : ratis.state_machine.ff163131-26ab-494b-a4b8-6a11ee7eba7d@group-E792FEA90364
2021-07-06 17:10:00,005 [ForkJoinPool.commonPool-worker-1] INFO  server.RaftServer$Division (ServerState.java:close(405)) - ff163131-26ab-494b-a4b8-6a11ee7eba7d@group-E792FEA90364: closes. applyIndex: 0
2021-07-06 17:10:00,006 [ff163131-26ab-494b-a4b8-6a11ee7eba7d@group-E792FEA90364-SegmentedRaftLogWorker] INFO  segmented.SegmentedRaftLogWorker (SegmentedRaftLogWorker.java:run(327)) - ff163131-26ab-494b-a4b8-6a11ee7eba7d@group-E792FEA90364-SegmentedRaftLogWorker was interrupted, exiting. There are 0 tasks remaining in the queue.
2021-07-06 17:10:00,006 [ForkJoinPool.commonPool-worker-1] INFO  segmented.SegmentedRaftLogWorker (SegmentedRaftLogWorker.java:close(237)) - ff163131-26ab-494b-a4b8-6a11ee7eba7d@group-E792FEA90364-SegmentedRaftLogWorker close()
2021-07-06 17:10:00,006 [ForkJoinPool.commonPool-worker-1] INFO  metrics.RatisMetrics (RatisMetrics.java:unregister(43)) - Unregistering Metrics Registry : ratis.log_worker.ff163131-26ab-494b-a4b8-6a11ee7eba7d@group-E792FEA90364
2021-07-06 17:10:00,006 [ForkJoinPool.commonPool-worker-1] INFO  metrics.RatisMetrics (RatisMetrics.java:unregister(43)) - Unregistering Metrics Registry : ratis.leader_election.ff163131-26ab-494b-a4b8-6a11ee7eba7d@group-E792FEA90364
2021-07-06 17:10:00,006 [ForkJoinPool.commonPool-worker-1] INFO  metrics.RatisMetrics (RatisMetrics.java:unregister(43)) - Unregistering Metrics Registry : ratis.server.ff163131-26ab-494b-a4b8-6a11ee7eba7d@group-E792FEA90364
2021-07-06 17:10:00,006 [ForkJoinPool.commonPool-worker-1] INFO  server.GrpcService (GrpcService.java:closeImpl(262)) - ff163131-26ab-494b-a4b8-6a11ee7eba7d: shutdown server with port 43147 now
2021-07-06 17:10:00,006 [ForkJoinPool.commonPool-worker-1] INFO  server.GrpcService (GrpcService.java:closeImpl(271)) - ff163131-26ab-494b-a4b8-6a11ee7eba7d: shutdown server with port 43147 successfully
2021-07-06 17:10:00,006 [org.apache.ratis.util.JvmPauseMonitor$$Lambda$493/488669101@488217f1] INFO  util.JvmPauseMonitor (JvmPauseMonitor.java:run(109)) - JvmPauseMonitor-ff163131-26ab-494b-a4b8-6a11ee7eba7d: Stopped
2021-07-06 17:10:00,008 [ForkJoinPool.commonPool-worker-1] INFO  utils.BackgroundService (BackgroundService.java:shutdown(132)) - Shutting down service BlockDeletingService
2021-07-06 17:10:00,008 [ForkJoinPool.commonPool-worker-1] INFO  statemachine.DatanodeStateMachine (DatanodeStateMachine.java:stopDaemon(488)) - Ozone container server stopped.
2021-07-06 17:10:00,010 [ForkJoinPool.commonPool-worker-1] INFO  handler.ContextHandler (ContextHandler.java:doStop(1154)) - Stopped o.e.j.w.WebAppContext@374ba9a8{hddsDatanode,/,null,STOPPED}{jar:file:/home/runner/.m2/repository/org/apache/ozone/hdds-container-service/1.2.0-SNAPSHOT/hdds-container-service-1.2.0-SNAPSHOT.jar!/webapps/hddsDatanode}
2021-07-06 17:10:00,010 [ForkJoinPool.commonPool-worker-1] INFO  server.AbstractConnector (AbstractConnector.java:doStop(381)) - Stopped ServerConnector@3ef77de8{HTTP/1.1, (http/1.1)}{0.0.0.0:0}
2021-07-06 17:10:00,010 [ForkJoinPool.commonPool-worker-1] INFO  server.session (HouseKeeper.java:stopScavenging(149)) - node0 Stopped scavenging
2021-07-06 17:10:00,011 [ForkJoinPool.commonPool-worker-1] INFO  handler.ContextHandler (ContextHandler.java:doStop(1154)) - Stopped o.e.j.s.ServletContextHandler@bfa82bd{static,/static,jar:file:/home/runner/.m2/repository/org/apache/ozone/hdds-container-service/1.2.0-SNAPSHOT/hdds-container-service-1.2.0-SNAPSHOT.jar!/webapps/static,STOPPED}
2021-07-06 17:10:00,011 [ForkJoinPool.commonPool-worker-1] INFO  handler.ContextHandler (ContextHandler.java:doStop(1154)) - Stopped o.e.j.s.ServletContextHandler@406fec86{logs,/logs,file:///home/runner/work/ozone/ozone/mnt/ozone/hadoop-ozone/integration-test/target/log,STOPPED}
]]></system-out>
  </testcase>
  <testcase name="testInstallCorruptedCheckpointFailure" classname="org.apache.hadoop.ozone.scm.TestSCMInstallSnapshotWithHA" time="46.312"/>
</testsuite>